<?xml version='1.0' encoding='utf-8'?>
<knoraXmlImport:resources xmlns:knoraXmlImport="http://api.knora.org/ontology/knoraXmlImport/v1#" xmlns:p0826-teimww="http://api.knora.org/ontology/0826/teimww/xml-import/v1#" xmlns:xsi="http://www.w3.org/2001/XMLSchema-instance" xmlns="http://api.knora.org/ontology/0826/teimww/xml-import/v1#">
  <p0826-teimww:person id="ww_684176b58bc762f6">
    <knoraXmlImport:label>person label</knoraXmlImport:label>
    <p0826-teimww:birthDate knoraType="date_value">GREGORIAN:1564</p0826-teimww:birthDate>
    <p0826-teimww:deathDate knoraType="date_value">GREGORIAN:1616</p0826-teimww:deathDate>
    <p0826-teimww:description knoraType="richtext_value">English dramatist and poet  @007000</p0826-teimww:description>
    <p0826-teimww:firstName knoraType="richtext_value">William</p0826-teimww:firstName>
    <p0826-teimww:hasSex knoraType="hlist_value">http://rdfh.ch/lists/0826/18OB1DV9TvmakO8ZkjeFVQ</p0826-teimww:hasSex>
    <p0826-teimww:lastName knoraType="richtext_value">Shakespeare</p0826-teimww:lastName>
  </p0826-teimww:person>
  <p0826-teimww:person id="ww_4c146e6d2ef23a03">
    <knoraXmlImport:label>person label</knoraXmlImport:label>
    <p0826-teimww:birthDate knoraType="date_value">GREGORIAN:1825</p0826-teimww:birthDate>
    <p0826-teimww:deathDate knoraType="date_value">GREGORIAN:1910</p0826-teimww:deathDate>
    <p0826-teimww:description knoraType="richtext_value">English scholar</p0826-teimww:description>
    <p0826-teimww:firstName knoraType="richtext_value">Frederick James</p0826-teimww:firstName>
    <p0826-teimww:hasSex knoraType="hlist_value">http://rdfh.ch/lists/0826/18OB1DV9TvmakO8ZkjeFVQ</p0826-teimww:hasSex>
    <p0826-teimww:lastName knoraType="richtext_value">Furnivall</p0826-teimww:lastName>
  </p0826-teimww:person>
  <p0826-teimww:person id="ww_a60ff4964db613ee">
    <knoraXmlImport:label>person label</knoraXmlImport:label>
    <p0826-teimww:activeDate knoraType="date_value">GREGORIAN:1909</p0826-teimww:activeDate>
    <p0826-teimww:description knoraType="richtext_value">English academic</p0826-teimww:description>
    <p0826-teimww:firstName knoraType="richtext_value">Clement Mansfield</p0826-teimww:firstName>
    <p0826-teimww:hasSex knoraType="hlist_value">http://rdfh.ch/lists/0826/18OB1DV9TvmakO8ZkjeFVQ</p0826-teimww:hasSex>
    <p0826-teimww:lastName knoraType="richtext_value">Ingleby</p0826-teimww:lastName>
  </p0826-teimww:person>
  <p0826-teimww:person id="ww_fb550941e6e9db62">
    <knoraXmlImport:label>person label</knoraXmlImport:label>
    <p0826-teimww:birthDate knoraType="date_value">GREGORIAN:1849</p0826-teimww:birthDate>
    <p0826-teimww:deathDate knoraType="date_value">GREGORIAN:1930</p0826-teimww:deathDate>
    <p0826-teimww:description knoraType="richtext_value">English academic</p0826-teimww:description>
    <p0826-teimww:firstName knoraType="richtext_value">John</p0826-teimww:firstName>
    <p0826-teimww:hasSex knoraType="hlist_value">http://rdfh.ch/lists/0826/18OB1DV9TvmakO8ZkjeFVQ</p0826-teimww:hasSex>
    <p0826-teimww:lastName knoraType="richtext_value">Munro</p0826-teimww:lastName>
  </p0826-teimww:person>
  <p0826-teimww:person id="ww_26c25538fa69a566">
    <knoraXmlImport:label>person label</knoraXmlImport:label>
    <p0826-teimww:firstName knoraType="richtext_value">Lucy Toulmin</p0826-teimww:firstName>
    <p0826-teimww:hasSex knoraType="hlist_value">http://rdfh.ch/lists/0826/18OB1DV9TvmakO8ZkjeFVQ</p0826-teimww:hasSex>
    <p0826-teimww:lastName knoraType="richtext_value">Smith</p0826-teimww:lastName>
  </p0826-teimww:person>
  <p0826-teimww:person id="ww_212c78497ddc32c5">
    <knoraXmlImport:label>person label</knoraXmlImport:label>
    <p0826-teimww:firstName knoraType="richtext_value">_</p0826-teimww:firstName>
    <p0826-teimww:hasSex knoraType="hlist_value">http://rdfh.ch/lists/0826/18OB1DV9TvmakO8ZkjeFVQ</p0826-teimww:hasSex>
    <p0826-teimww:lastName knoraType="richtext_value">0_Anon</p0826-teimww:lastName>
  </p0826-teimww:person>
  <p0826-teimww:person id="ww_cb891a49cd7b3fb7">
    <knoraXmlImport:label>person label</knoraXmlImport:label>
    <p0826-teimww:birthDate knoraType="date_value">GREGORIAN:1729</p0826-teimww:birthDate>
    <p0826-teimww:deathDate knoraType="date_value">GREGORIAN:1811</p0826-teimww:deathDate>
    <p0826-teimww:description knoraType="richtext_value">English bishop and scholar</p0826-teimww:description>
    <p0826-teimww:firstName knoraType="richtext_value">Thomas</p0826-teimww:firstName>
    <p0826-teimww:hasSex knoraType="hlist_value">http://rdfh.ch/lists/0826/18OB1DV9TvmakO8ZkjeFVQ</p0826-teimww:hasSex>
    <p0826-teimww:lastName knoraType="richtext_value">Percy</p0826-teimww:lastName>
  </p0826-teimww:person>
  <p0826-teimww:person id="ww_b417c05f2f7d59f9">
    <knoraXmlImport:label>person label</knoraXmlImport:label>
    <p0826-teimww:birthDate knoraType="date_value">GREGORIAN:1931</p0826-teimww:birthDate>
    <p0826-teimww:deathDate knoraType="date_value">GREGORIAN:2009</p0826-teimww:deathDate>
    <p0826-teimww:description knoraType="richtext_value">U.S. scholar</p0826-teimww:description>
    <p0826-teimww:firstName knoraType="richtext_value">Naseeb Azeez</p0826-teimww:firstName>
    <p0826-teimww:hasSex knoraType="hlist_value">http://rdfh.ch/lists/0826/18OB1DV9TvmakO8ZkjeFVQ</p0826-teimww:hasSex>
    <p0826-teimww:lastName knoraType="richtext_value">Shaheen</p0826-teimww:lastName>
  </p0826-teimww:person>
  <p0826-teimww:person id="ww_394742d5146e6fd1">
    <knoraXmlImport:label>person label</knoraXmlImport:label>
    <p0826-teimww:deathDate knoraType="date_value">GREGORIAN:1388</p0826-teimww:deathDate>
    <p0826-teimww:description knoraType="richtext_value">English writer</p0826-teimww:description>
    <p0826-teimww:firstName knoraType="richtext_value">Thomas</p0826-teimww:firstName>
    <p0826-teimww:hasSex knoraType="hlist_value">http://rdfh.ch/lists/0826/18OB1DV9TvmakO8ZkjeFVQ</p0826-teimww:hasSex>
    <p0826-teimww:lastName knoraType="richtext_value">Usk</p0826-teimww:lastName>
  </p0826-teimww:person>
  <p0826-teimww:person id="ww_4aad8076b21701ae">
    <knoraXmlImport:label>person label</knoraXmlImport:label>
    <p0826-teimww:activeDate knoraType="date_value">GREGORIAN:1953</p0826-teimww:activeDate>
    <p0826-teimww:description knoraType="richtext_value">English (?) scholar</p0826-teimww:description>
    <p0826-teimww:firstName knoraType="richtext_value">Arnold</p0826-teimww:firstName>
    <p0826-teimww:hasSex knoraType="hlist_value">http://rdfh.ch/lists/0826/18OB1DV9TvmakO8ZkjeFVQ</p0826-teimww:hasSex>
    <p0826-teimww:lastName knoraType="richtext_value">Davenport</p0826-teimww:lastName>
  </p0826-teimww:person>
  <p0826-teimww:person id="ww_8448eedbac0df7d9">
    <knoraXmlImport:label>person label</knoraXmlImport:label>
    <p0826-teimww:firstName knoraType="richtext_value">Sayre</p0826-teimww:firstName>
    <p0826-teimww:hasSex knoraType="hlist_value">http://rdfh.ch/lists/0826/18OB1DV9TvmakO8ZkjeFVQ</p0826-teimww:hasSex>
    <p0826-teimww:lastName knoraType="richtext_value">Greenfield</p0826-teimww:lastName>
  </p0826-teimww:person>
  <p0826-teimww:person id="ww_830c5cd6a3a44ca4">
    <knoraXmlImport:label>person label</knoraXmlImport:label>
    <p0826-teimww:birthDate knoraType="date_value">GREGORIAN:1343</p0826-teimww:birthDate>
    <p0826-teimww:deathDate knoraType="date_value">GREGORIAN:1400</p0826-teimww:deathDate>
    <p0826-teimww:description knoraType="richtext_value">English poet  @007005</p0826-teimww:description>
    <p0826-teimww:firstName knoraType="richtext_value">Geoffrey</p0826-teimww:firstName>
    <p0826-teimww:hasSex knoraType="hlist_value">http://rdfh.ch/lists/0826/18OB1DV9TvmakO8ZkjeFVQ</p0826-teimww:hasSex>
    <p0826-teimww:lastName knoraType="richtext_value">Chaucer</p0826-teimww:lastName>
  </p0826-teimww:person>
  <p0826-teimww:person id="ww_13695de2bd4043e0">
    <knoraXmlImport:label>person label</knoraXmlImport:label>
    <p0826-teimww:deathDate knoraType="date_value">GREGORIAN:1470</p0826-teimww:deathDate>
    <p0826-teimww:description knoraType="richtext_value">English priest</p0826-teimww:description>
    <p0826-teimww:firstName knoraType="richtext_value">Henry</p0826-teimww:firstName>
    <p0826-teimww:hasSex knoraType="hlist_value">http://rdfh.ch/lists/0826/18OB1DV9TvmakO8ZkjeFVQ</p0826-teimww:hasSex>
    <p0826-teimww:lastName knoraType="richtext_value">Parker</p0826-teimww:lastName>
  </p0826-teimww:person>
  <p0826-teimww:person id="ww_bff81a320b8342f4">
    <knoraXmlImport:label>person label</knoraXmlImport:label>
    <p0826-teimww:birthDate knoraType="date_value">GREGORIAN:1510</p0826-teimww:birthDate>
    <p0826-teimww:deathDate knoraType="date_value">GREGORIAN:1556</p0826-teimww:deathDate>
    <p0826-teimww:description knoraType="richtext_value">English poet</p0826-teimww:description>
    <p0826-teimww:firstName knoraType="richtext_value">Thomas, Lord</p0826-teimww:firstName>
    <p0826-teimww:hasSex knoraType="hlist_value">http://rdfh.ch/lists/0826/18OB1DV9TvmakO8ZkjeFVQ</p0826-teimww:hasSex>
    <p0826-teimww:lastName knoraType="richtext_value">Vaux</p0826-teimww:lastName>
  </p0826-teimww:person>
  <p0826-teimww:person id="ww_09f98d06c0bf228a">
    <knoraXmlImport:label>person label</knoraXmlImport:label>
    <p0826-teimww:activeDate knoraType="date_value">GREGORIAN:1969</p0826-teimww:activeDate>
    <p0826-teimww:description knoraType="richtext_value">Australian academic -</p0826-teimww:description>
    <p0826-teimww:firstName knoraType="richtext_value">Graham</p0826-teimww:firstName>
    <p0826-teimww:hasSex knoraType="hlist_value">http://rdfh.ch/lists/0826/18OB1DV9TvmakO8ZkjeFVQ</p0826-teimww:hasSex>
    <p0826-teimww:lastName knoraType="richtext_value">Tulloch</p0826-teimww:lastName>
  </p0826-teimww:person>
  <p0826-teimww:person id="ww_59ff380c6e105e8e">
    <knoraXmlImport:label>person label</knoraXmlImport:label>
    <p0826-teimww:firstName knoraType="richtext_value">G. R.</p0826-teimww:firstName>
    <p0826-teimww:hasSex knoraType="hlist_value">http://rdfh.ch/lists/0826/18OB1DV9TvmakO8ZkjeFVQ</p0826-teimww:hasSex>
    <p0826-teimww:lastName knoraType="richtext_value">Hibbard</p0826-teimww:lastName>
  </p0826-teimww:person>
  <p0826-teimww:person id="ww_6c137d4b04e9cbc4">
    <knoraXmlImport:label>person label</knoraXmlImport:label>
    <p0826-teimww:activeDate knoraType="date_value">GREGORIAN:1904</p0826-teimww:activeDate>
    <p0826-teimww:description knoraType="richtext_value">German scholar</p0826-teimww:description>
    <p0826-teimww:firstName knoraType="richtext_value">Heinrich R. D.</p0826-teimww:firstName>
    <p0826-teimww:hasSex knoraType="hlist_value">http://rdfh.ch/lists/0826/18OB1DV9TvmakO8ZkjeFVQ</p0826-teimww:hasSex>
    <p0826-teimww:lastName knoraType="richtext_value">Anders</p0826-teimww:lastName>
  </p0826-teimww:person>
  <p0826-teimww:person id="ww_e6402f521ef2ee6e">
    <knoraXmlImport:label>person label</knoraXmlImport:label>
    <p0826-teimww:activeDate knoraType="date_value">GREGORIAN:1931</p0826-teimww:activeDate>
    <p0826-teimww:description knoraType="richtext_value">English (?) scholar</p0826-teimww:description>
    <p0826-teimww:firstName knoraType="richtext_value">George</p0826-teimww:firstName>
    <p0826-teimww:hasSex knoraType="hlist_value">http://rdfh.ch/lists/0826/18OB1DV9TvmakO8ZkjeFVQ</p0826-teimww:hasSex>
    <p0826-teimww:lastName knoraType="richtext_value">Kitchin</p0826-teimww:lastName>
  </p0826-teimww:person>
  <p0826-teimww:person id="ww_42eb905bc6e4053a">
    <knoraXmlImport:label>person label</knoraXmlImport:label>
    <p0826-teimww:birthDate knoraType="date_value">GREGORIAN:1538:1542</p0826-teimww:birthDate>
    <p0826-teimww:deathDate knoraType="date_value">GREGORIAN:1594</p0826-teimww:deathDate>
    <p0826-teimww:description knoraType="richtext_value">English writer</p0826-teimww:description>
    <p0826-teimww:firstName knoraType="richtext_value">William</p0826-teimww:firstName>
    <p0826-teimww:hasSex knoraType="hlist_value">http://rdfh.ch/lists/0826/18OB1DV9TvmakO8ZkjeFVQ</p0826-teimww:hasSex>
    <p0826-teimww:lastName knoraType="richtext_value">Painter</p0826-teimww:lastName>
  </p0826-teimww:person>
  <p0826-teimww:person id="ww_17923856f3fcac86">
    <knoraXmlImport:label>person label</knoraXmlImport:label>
    <p0826-teimww:birthDate knoraType="date_value">GREGORIAN:1518</p0826-teimww:birthDate>
    <p0826-teimww:deathDate knoraType="date_value">GREGORIAN:1562:1564</p0826-teimww:deathDate>
    <p0826-teimww:description knoraType="richtext_value">English anthologist</p0826-teimww:description>
    <p0826-teimww:firstName knoraType="richtext_value">William</p0826-teimww:firstName>
    <p0826-teimww:hasSex knoraType="hlist_value">http://rdfh.ch/lists/0826/18OB1DV9TvmakO8ZkjeFVQ</p0826-teimww:hasSex>
    <p0826-teimww:lastName knoraType="richtext_value">Baldwin</p0826-teimww:lastName>
  </p0826-teimww:person>
  <p0826-teimww:person id="ww_00a3ea8b5afeaa37">
    <knoraXmlImport:label>person label</knoraXmlImport:label>
    <p0826-teimww:birthDate knoraType="date_value">GREGORIAN:1890</p0826-teimww:birthDate>
    <p0826-teimww:deathDate knoraType="date_value">GREGORIAN:1984</p0826-teimww:deathDate>
    <p0826-teimww:description knoraType="richtext_value">U.S. scholar</p0826-teimww:description>
    <p0826-teimww:firstName knoraType="richtext_value">Thomas Whitfield</p0826-teimww:firstName>
    <p0826-teimww:hasSex knoraType="hlist_value">http://rdfh.ch/lists/0826/18OB1DV9TvmakO8ZkjeFVQ</p0826-teimww:hasSex>
    <p0826-teimww:lastName knoraType="richtext_value">Baldwin</p0826-teimww:lastName>
  </p0826-teimww:person>
  <p0826-teimww:person id="ww_4d46ba6d44081aae">
    <knoraXmlImport:label>person label</knoraXmlImport:label>
    <p0826-teimww:deathDate knoraType="date_value">GREGORIAN:1606</p0826-teimww:deathDate>
    <p0826-teimww:description knoraType="richtext_value">English merchant and translator</p0826-teimww:description>
    <p0826-teimww:firstName knoraType="richtext_value">Sir Henry</p0826-teimww:firstName>
    <p0826-teimww:hasSex knoraType="hlist_value">http://rdfh.ch/lists/0826/18OB1DV9TvmakO8ZkjeFVQ</p0826-teimww:hasSex>
    <p0826-teimww:lastName knoraType="richtext_value">Billingsley</p0826-teimww:lastName>
  </p0826-teimww:person>
  <p0826-teimww:person id="ww_93393d7338f8a258">
    <knoraXmlImport:label>person label</knoraXmlImport:label>
    <p0826-teimww:activeDate knoraType="date_value">GREGORIAN:1594</p0826-teimww:activeDate>
    <p0826-teimww:description knoraType="richtext_value">English translator</p0826-teimww:description>
    <p0826-teimww:firstName knoraType="richtext_value">Laurence</p0826-teimww:firstName>
    <p0826-teimww:hasSex knoraType="hlist_value">http://rdfh.ch/lists/0826/18OB1DV9TvmakO8ZkjeFVQ</p0826-teimww:hasSex>
    <p0826-teimww:lastName knoraType="richtext_value">Twyne</p0826-teimww:lastName>
  </p0826-teimww:person>
  <p0826-teimww:person id="ww_a5663d4a9069f35d">
    <knoraXmlImport:label>person label</knoraXmlImport:label>
    <p0826-teimww:birthDate knoraType="date_value">GREGORIAN:1543</p0826-teimww:birthDate>
    <p0826-teimww:deathDate knoraType="date_value">GREGORIAN:1613</p0826-teimww:deathDate>
    <p0826-teimww:description knoraType="richtext_value">English translator</p0826-teimww:description>
    <p0826-teimww:firstName knoraType="richtext_value">Thomas</p0826-teimww:firstName>
    <p0826-teimww:hasSex knoraType="hlist_value">http://rdfh.ch/lists/0826/18OB1DV9TvmakO8ZkjeFVQ</p0826-teimww:hasSex>
    <p0826-teimww:lastName knoraType="richtext_value">Twyne</p0826-teimww:lastName>
  </p0826-teimww:person>
  <p0826-teimww:person id="ww_20c2963f1665d325">
    <knoraXmlImport:label>person label</knoraXmlImport:label>
    <p0826-teimww:birthDate knoraType="date_value">GREGORIAN:1522</p0826-teimww:birthDate>
    <p0826-teimww:deathDate knoraType="date_value">GREGORIAN:1571</p0826-teimww:deathDate>
    <p0826-teimww:description knoraType="richtext_value">English priest</p0826-teimww:description>
    <p0826-teimww:firstName knoraType="richtext_value">John</p0826-teimww:firstName>
    <p0826-teimww:hasSex knoraType="hlist_value">http://rdfh.ch/lists/0826/18OB1DV9TvmakO8ZkjeFVQ</p0826-teimww:hasSex>
    <p0826-teimww:lastName knoraType="richtext_value">Jewel</p0826-teimww:lastName>
  </p0826-teimww:person>
  <p0826-teimww:person id="ww_1560a0ef495e2c1a">
    <knoraXmlImport:label>person label</knoraXmlImport:label>
    <p0826-teimww:activeDate knoraType="date_value">GREGORIAN:1975:1987</p0826-teimww:activeDate>
    <p0826-teimww:description knoraType="richtext_value">U.S. (?) scholar</p0826-teimww:description>
    <p0826-teimww:firstName knoraType="richtext_value">Lawrence</p0826-teimww:firstName>
    <p0826-teimww:hasSex knoraType="hlist_value">http://rdfh.ch/lists/0826/18OB1DV9TvmakO8ZkjeFVQ</p0826-teimww:hasSex>
    <p0826-teimww:lastName knoraType="richtext_value">Rosinger</p0826-teimww:lastName>
  </p0826-teimww:person>
  <p0826-teimww:person id="ww_8110581a51ac8d0a">
    <knoraXmlImport:label>person label</knoraXmlImport:label>
    <p0826-teimww:birthDate knoraType="date_value">GREGORIAN:1530:1533</p0826-teimww:birthDate>
    <p0826-teimww:deathDate knoraType="date_value">GREGORIAN:1604</p0826-teimww:deathDate>
    <p0826-teimww:description knoraType="richtext_value">Archbishop of Canterbury</p0826-teimww:description>
    <p0826-teimww:firstName knoraType="richtext_value">John</p0826-teimww:firstName>
    <p0826-teimww:hasSex knoraType="hlist_value">http://rdfh.ch/lists/0826/18OB1DV9TvmakO8ZkjeFVQ</p0826-teimww:hasSex>
    <p0826-teimww:lastName knoraType="richtext_value">Whitgift</p0826-teimww:lastName>
  </p0826-teimww:person>
  <p0826-teimww:person id="ww_0e82de631d672dcc">
    <knoraXmlImport:label>person label</knoraXmlImport:label>
    <p0826-teimww:deathDate knoraType="date_value">GREGORIAN:1584</p0826-teimww:deathDate>
    <p0826-teimww:description knoraType="richtext_value">English rhetorician</p0826-teimww:description>
    <p0826-teimww:firstName knoraType="richtext_value">Ralph</p0826-teimww:firstName>
    <p0826-teimww:hasSex knoraType="hlist_value">http://rdfh.ch/lists/0826/18OB1DV9TvmakO8ZkjeFVQ</p0826-teimww:hasSex>
    <p0826-teimww:lastName knoraType="richtext_value">Lever</p0826-teimww:lastName>
  </p0826-teimww:person>
  <p0826-teimww:person id="ww_196b962a617afbbd">
    <knoraXmlImport:label>person label</knoraXmlImport:label>
    <p0826-teimww:birthDate knoraType="date_value">GREGORIAN:1950:1959</p0826-teimww:birthDate>
    <p0826-teimww:description knoraType="richtext_value">British-born U.S. academic</p0826-teimww:description>
    <p0826-teimww:firstName knoraType="richtext_value">Peter</p0826-teimww:firstName>
    <p0826-teimww:hasSex knoraType="hlist_value">http://rdfh.ch/lists/0826/18OB1DV9TvmakO8ZkjeFVQ</p0826-teimww:hasSex>
    <p0826-teimww:lastName knoraType="richtext_value">Stallybrass</p0826-teimww:lastName>
  </p0826-teimww:person>
  <p0826-teimww:person id="ww_9ffeb7ca95cd18da">
    <knoraXmlImport:label>person label</knoraXmlImport:label>
    <p0826-teimww:deathDate knoraType="date_value">GREGORIAN:1616</p0826-teimww:deathDate>
    <p0826-teimww:description knoraType="richtext_value">English  theologian and translator</p0826-teimww:description>
    <p0826-teimww:firstName knoraType="richtext_value">Thomas</p0826-teimww:firstName>
    <p0826-teimww:hasSex knoraType="hlist_value">http://rdfh.ch/lists/0826/18OB1DV9TvmakO8ZkjeFVQ</p0826-teimww:hasSex>
    <p0826-teimww:lastName knoraType="richtext_value">Rogers</p0826-teimww:lastName>
  </p0826-teimww:person>
  <p0826-teimww:person id="ww_61ea5c613f71ac23">
    <knoraXmlImport:label>person label</knoraXmlImport:label>
    <p0826-teimww:activeDate knoraType="date_value">GREGORIAN:1578</p0826-teimww:activeDate>
    <p0826-teimww:description knoraType="richtext_value">English poet</p0826-teimww:description>
    <p0826-teimww:firstName knoraType="richtext_value">Thomas</p0826-teimww:firstName>
    <p0826-teimww:hasSex knoraType="hlist_value">http://rdfh.ch/lists/0826/18OB1DV9TvmakO8ZkjeFVQ</p0826-teimww:hasSex>
    <p0826-teimww:lastName knoraType="richtext_value">Proctor</p0826-teimww:lastName>
  </p0826-teimww:person>
  <p0826-teimww:person id="ww_4b2c2c667ace067b">
    <knoraXmlImport:label>person label</knoraXmlImport:label>
    <p0826-teimww:deathDate knoraType="date_value">GREGORIAN:1577</p0826-teimww:deathDate>
    <p0826-teimww:description knoraType="richtext_value">English theological writer</p0826-teimww:description>
    <p0826-teimww:firstName knoraType="richtext_value">Henry</p0826-teimww:firstName>
    <p0826-teimww:hasSex knoraType="hlist_value">http://rdfh.ch/lists/0826/18OB1DV9TvmakO8ZkjeFVQ</p0826-teimww:hasSex>
    <p0826-teimww:lastName knoraType="richtext_value">Bull</p0826-teimww:lastName>
  </p0826-teimww:person>
  <p0826-teimww:person id="ww_63d5fe36ffac5d32">
    <knoraXmlImport:label>person label</knoraXmlImport:label>
    <p0826-teimww:birthDate knoraType="date_value">GREGORIAN:1564</p0826-teimww:birthDate>
    <p0826-teimww:deathDate knoraType="date_value">GREGORIAN:1593</p0826-teimww:deathDate>
    <p0826-teimww:description knoraType="richtext_value">English poet, dramatist and translator</p0826-teimww:description>
    <p0826-teimww:firstName knoraType="richtext_value">Christopher</p0826-teimww:firstName>
    <p0826-teimww:hasSex knoraType="hlist_value">http://rdfh.ch/lists/0826/18OB1DV9TvmakO8ZkjeFVQ</p0826-teimww:hasSex>
    <p0826-teimww:lastName knoraType="richtext_value">Marlowe</p0826-teimww:lastName>
  </p0826-teimww:person>
  <p0826-teimww:person id="ww_d2baadbb11f92d24">
    <knoraXmlImport:label>person label</knoraXmlImport:label>
    <p0826-teimww:firstName knoraType="richtext_value">Donna M.</p0826-teimww:firstName>
    <p0826-teimww:hasSex knoraType="hlist_value">http://rdfh.ch/lists/0826/18OB1DV9TvmakO8ZkjeFVQ</p0826-teimww:hasSex>
    <p0826-teimww:lastName knoraType="richtext_value">Murphy</p0826-teimww:lastName>
  </p0826-teimww:person>
  <p0826-teimww:person id="ww_7468c79b15d734b3">
    <knoraXmlImport:label>person label</knoraXmlImport:label>
    <p0826-teimww:birthDate knoraType="date_value">GREGORIAN:1556</p0826-teimww:birthDate>
    <p0826-teimww:deathDate knoraType="date_value">GREGORIAN:1596</p0826-teimww:deathDate>
    <p0826-teimww:description knoraType="richtext_value">English translator, poet and dramatist</p0826-teimww:description>
    <p0826-teimww:firstName knoraType="richtext_value">George</p0826-teimww:firstName>
    <p0826-teimww:hasSex knoraType="hlist_value">http://rdfh.ch/lists/0826/18OB1DV9TvmakO8ZkjeFVQ</p0826-teimww:hasSex>
    <p0826-teimww:lastName knoraType="richtext_value">Peele</p0826-teimww:lastName>
  </p0826-teimww:person>
  <p0826-teimww:person id="ww_904a3011a92fb67c">
    <knoraXmlImport:label>person label</knoraXmlImport:label>
    <p0826-teimww:firstName knoraType="richtext_value">Charles</p0826-teimww:firstName>
    <p0826-teimww:hasSex knoraType="hlist_value">http://rdfh.ch/lists/0826/18OB1DV9TvmakO8ZkjeFVQ</p0826-teimww:hasSex>
    <p0826-teimww:lastName knoraType="richtext_value">Edelman</p0826-teimww:lastName>
  </p0826-teimww:person>
  <p0826-teimww:person id="ww_4a2611f5113afb89">
    <knoraXmlImport:label>person label</knoraXmlImport:label>
    <p0826-teimww:activeDate knoraType="date_value">GREGORIAN:1908</p0826-teimww:activeDate>
    <p0826-teimww:description knoraType="richtext_value">German (?) scholar</p0826-teimww:description>
    <p0826-teimww:firstName knoraType="richtext_value">Hermann</p0826-teimww:firstName>
    <p0826-teimww:hasSex knoraType="hlist_value">http://rdfh.ch/lists/0826/18OB1DV9TvmakO8ZkjeFVQ</p0826-teimww:hasSex>
    <p0826-teimww:lastName knoraType="richtext_value">Voigt</p0826-teimww:lastName>
  </p0826-teimww:person>
  <p0826-teimww:person id="ww_66491a37dd339103">
    <knoraXmlImport:label>person label</knoraXmlImport:label>
    <p0826-teimww:birthDate knoraType="date_value">GREGORIAN:1922</p0826-teimww:birthDate>
    <p0826-teimww:deathDate knoraType="date_value">GREGORIAN:1972</p0826-teimww:deathDate>
    <p0826-teimww:description knoraType="richtext_value">U.S. scholar</p0826-teimww:description>
    <p0826-teimww:firstName knoraType="richtext_value">Irving</p0826-teimww:firstName>
    <p0826-teimww:hasSex knoraType="hlist_value">http://rdfh.ch/lists/0826/18OB1DV9TvmakO8ZkjeFVQ</p0826-teimww:hasSex>
    <p0826-teimww:lastName knoraType="richtext_value">Ribner</p0826-teimww:lastName>
  </p0826-teimww:person>
  <p0826-teimww:person id="ww_40af4fdaa8bf7a1d">
    <knoraXmlImport:label>person label</knoraXmlImport:label>
    <p0826-teimww:activeDate knoraType="date_value">GREGORIAN:1933</p0826-teimww:activeDate>
    <p0826-teimww:description knoraType="richtext_value">English (?) scholar</p0826-teimww:description>
    <p0826-teimww:firstName knoraType="richtext_value">H. B.</p0826-teimww:firstName>
    <p0826-teimww:hasSex knoraType="hlist_value">http://rdfh.ch/lists/0826/18OB1DV9TvmakO8ZkjeFVQ</p0826-teimww:hasSex>
    <p0826-teimww:lastName knoraType="richtext_value">Charlton</p0826-teimww:lastName>
  </p0826-teimww:person>
  <p0826-teimww:person id="ww_30995ab4792b9a3f">
    <knoraXmlImport:label>person label</knoraXmlImport:label>
    <p0826-teimww:activeDate knoraType="date_value">GREGORIAN:1933</p0826-teimww:activeDate>
    <p0826-teimww:description knoraType="richtext_value">English (?) scholar</p0826-teimww:description>
    <p0826-teimww:firstName knoraType="richtext_value">R. D.</p0826-teimww:firstName>
    <p0826-teimww:hasSex knoraType="hlist_value">http://rdfh.ch/lists/0826/18OB1DV9TvmakO8ZkjeFVQ</p0826-teimww:hasSex>
    <p0826-teimww:lastName knoraType="richtext_value">Waller</p0826-teimww:lastName>
  </p0826-teimww:person>
  <p0826-teimww:person id="ww_fb2f6ac664533d01">
    <knoraXmlImport:label>person label</knoraXmlImport:label>
    <p0826-teimww:birthDate knoraType="date_value">GREGORIAN:1552</p0826-teimww:birthDate>
    <p0826-teimww:deathDate knoraType="date_value">GREGORIAN:1599</p0826-teimww:deathDate>
    <p0826-teimww:description knoraType="richtext_value">English poet</p0826-teimww:description>
    <p0826-teimww:firstName knoraType="richtext_value">Edmund</p0826-teimww:firstName>
    <p0826-teimww:hasSex knoraType="hlist_value">http://rdfh.ch/lists/0826/18OB1DV9TvmakO8ZkjeFVQ</p0826-teimww:hasSex>
    <p0826-teimww:lastName knoraType="richtext_value">Spenser</p0826-teimww:lastName>
  </p0826-teimww:person>
  <p0826-teimww:person id="ww_e50a603b67ab7672">
    <knoraXmlImport:label>person label</knoraXmlImport:label>
    <p0826-teimww:activeDate knoraType="date_value">GREGORIAN:1923:1963</p0826-teimww:activeDate>
    <p0826-teimww:description knoraType="richtext_value">U.S. (?) scholar</p0826-teimww:description>
    <p0826-teimww:firstName knoraType="richtext_value">Abbie Findlay</p0826-teimww:firstName>
    <p0826-teimww:hasSex knoraType="hlist_value">http://rdfh.ch/lists/0826/18OB1DV9TvmakO8ZkjeFVQ</p0826-teimww:hasSex>
    <p0826-teimww:lastName knoraType="richtext_value">Potts</p0826-teimww:lastName>
  </p0826-teimww:person>
  <p0826-teimww:person id="ww_d20c9849f2078d70">
    <knoraXmlImport:label>person label</knoraXmlImport:label>
    <p0826-teimww:birthDate knoraType="date_value">GREGORIAN:1949</p0826-teimww:birthDate>
    <p0826-teimww:deathDate knoraType="date_value">GREGORIAN:1917</p0826-teimww:deathDate>
    <p0826-teimww:description knoraType="richtext_value">Canadian academic</p0826-teimww:description>
    <p0826-teimww:firstName knoraType="richtext_value">Reavley</p0826-teimww:firstName>
    <p0826-teimww:hasSex knoraType="hlist_value">http://rdfh.ch/lists/0826/18OB1DV9TvmakO8ZkjeFVQ</p0826-teimww:hasSex>
    <p0826-teimww:lastName knoraType="richtext_value">Gair</p0826-teimww:lastName>
  </p0826-teimww:person>
  <p0826-teimww:person id="ww_386448c09c02ba3f">
    <knoraXmlImport:label>person label</knoraXmlImport:label>
    <p0826-teimww:birthDate knoraType="date_value">GREGORIAN:1934</p0826-teimww:birthDate>
    <p0826-teimww:deathDate knoraType="date_value">GREGORIAN:2017</p0826-teimww:deathDate>
    <p0826-teimww:description knoraType="richtext_value">U.S. academic</p0826-teimww:description>
    <p0826-teimww:firstName knoraType="richtext_value">Barbara</p0826-teimww:firstName>
    <p0826-teimww:hasSex knoraType="hlist_value">http://rdfh.ch/lists/0826/18OB1DV9TvmakO8ZkjeFVQ</p0826-teimww:hasSex>
    <p0826-teimww:lastName knoraType="richtext_value">Mowat</p0826-teimww:lastName>
  </p0826-teimww:person>
  <p0826-teimww:person id="ww_4d01a832f50d804e">
    <knoraXmlImport:label>person label</knoraXmlImport:label>
    <p0826-teimww:firstName knoraType="richtext_value">Rebecca</p0826-teimww:firstName>
    <p0826-teimww:hasSex knoraType="hlist_value">http://rdfh.ch/lists/0826/18OB1DV9TvmakO8ZkjeFVQ</p0826-teimww:hasSex>
    <p0826-teimww:lastName knoraType="richtext_value">Niles</p0826-teimww:lastName>
  </p0826-teimww:person>
  <p0826-teimww:person id="ww_55f5e9f5fe14853f">
    <knoraXmlImport:label>person label</knoraXmlImport:label>
    <p0826-teimww:firstName knoraType="richtext_value">Michael</p0826-teimww:firstName>
    <p0826-teimww:hasSex knoraType="hlist_value">http://rdfh.ch/lists/0826/18OB1DV9TvmakO8ZkjeFVQ</p0826-teimww:hasSex>
    <p0826-teimww:lastName knoraType="richtext_value">Poston</p0826-teimww:lastName>
  </p0826-teimww:person>
  <p0826-teimww:person id="ww_c8fa0de8d0fc2fc4">
    <knoraXmlImport:label>person label</knoraXmlImport:label>
    <p0826-teimww:birthDate knoraType="date_value">GREGORIAN:1950:1952</p0826-teimww:birthDate>
    <p0826-teimww:description knoraType="richtext_value">U.S.-born Canadian academic</p0826-teimww:description>
    <p0826-teimww:firstName knoraType="richtext_value">Paul</p0826-teimww:firstName>
    <p0826-teimww:hasSex knoraType="hlist_value">http://rdfh.ch/lists/0826/18OB1DV9TvmakO8ZkjeFVQ</p0826-teimww:hasSex>
    <p0826-teimww:lastName knoraType="richtext_value">Werstine</p0826-teimww:lastName>
  </p0826-teimww:person>
  <p0826-teimww:person id="ww_3003e40f8d22b593">
    <knoraXmlImport:label>person label</knoraXmlImport:label>
    <p0826-teimww:activeDate knoraType="date_value">GREGORIAN:1966</p0826-teimww:activeDate>
    <p0826-teimww:description knoraType="richtext_value">English (?) scholar</p0826-teimww:description>
    <p0826-teimww:firstName knoraType="richtext_value">Lawrence J.</p0826-teimww:firstName>
    <p0826-teimww:hasSex knoraType="hlist_value">http://rdfh.ch/lists/0826/18OB1DV9TvmakO8ZkjeFVQ</p0826-teimww:hasSex>
    <p0826-teimww:lastName knoraType="richtext_value">Ross</p0826-teimww:lastName>
  </p0826-teimww:person>
  <p0826-teimww:person id="ww_71c35dc91de8b585">
    <knoraXmlImport:label>person label</knoraXmlImport:label>
    <p0826-teimww:birthDate knoraType="date_value">GREGORIAN:1852</p0826-teimww:birthDate>
    <p0826-teimww:deathDate knoraType="date_value">GREGORIAN:1915</p0826-teimww:deathDate>
    <p0826-teimww:description knoraType="richtext_value">German academic</p0826-teimww:description>
    <p0826-teimww:firstName knoraType="richtext_value">Emil</p0826-teimww:firstName>
    <p0826-teimww:hasSex knoraType="hlist_value">http://rdfh.ch/lists/0826/18OB1DV9TvmakO8ZkjeFVQ</p0826-teimww:hasSex>
    <p0826-teimww:lastName knoraType="richtext_value">Koeppel</p0826-teimww:lastName>
  </p0826-teimww:person>
  <p0826-teimww:person id="ww_a943388f673c7fa4">
    <knoraXmlImport:label>person label</knoraXmlImport:label>
    <p0826-teimww:activeDate knoraType="date_value">GREGORIAN:1934:1939</p0826-teimww:activeDate>
    <p0826-teimww:description knoraType="richtext_value">English (?) scholar</p0826-teimww:description>
    <p0826-teimww:firstName knoraType="richtext_value">Harvey</p0826-teimww:firstName>
    <p0826-teimww:hasSex knoraType="hlist_value">http://rdfh.ch/lists/0826/18OB1DV9TvmakO8ZkjeFVQ</p0826-teimww:hasSex>
    <p0826-teimww:lastName knoraType="richtext_value">Wood</p0826-teimww:lastName>
  </p0826-teimww:person>
  <p0826-teimww:person id="ww_5d19ae76208b92a9">
    <knoraXmlImport:label>person label</knoraXmlImport:label>
    <p0826-teimww:activeDate knoraType="date_value">GREGORIAN:1905</p0826-teimww:activeDate>
    <p0826-teimww:description knoraType="richtext_value">U.S. (?) scholar</p0826-teimww:description>
    <p0826-teimww:firstName knoraType="richtext_value">John Davis Ellis</p0826-teimww:firstName>
    <p0826-teimww:hasSex knoraType="hlist_value">http://rdfh.ch/lists/0826/18OB1DV9TvmakO8ZkjeFVQ</p0826-teimww:hasSex>
    <p0826-teimww:lastName knoraType="richtext_value">Williams</p0826-teimww:lastName>
  </p0826-teimww:person>
  <p0826-teimww:person id="ww_9b2d545e20d62482">
    <knoraXmlImport:label>person label</knoraXmlImport:label>
    <p0826-teimww:birthDate knoraType="date_value">GREGORIAN:1573</p0826-teimww:birthDate>
    <p0826-teimww:deathDate knoraType="date_value">GREGORIAN:1637</p0826-teimww:deathDate>
    <p0826-teimww:description knoraType="richtext_value">English dramatist and poet</p0826-teimww:description>
    <p0826-teimww:firstName knoraType="richtext_value">Ben</p0826-teimww:firstName>
    <p0826-teimww:hasSex knoraType="hlist_value">http://rdfh.ch/lists/0826/18OB1DV9TvmakO8ZkjeFVQ</p0826-teimww:hasSex>
    <p0826-teimww:lastName knoraType="richtext_value">Jonson</p0826-teimww:lastName>
  </p0826-teimww:person>
  <p0826-teimww:person id="ww_d9d0c43743be62f7">
    <knoraXmlImport:label>person label</knoraXmlImport:label>
    <p0826-teimww:activeDate knoraType="date_value">GREGORIAN:1905</p0826-teimww:activeDate>
    <p0826-teimww:description knoraType="richtext_value">German (?) scholar</p0826-teimww:description>
    <p0826-teimww:firstName knoraType="richtext_value">Karl</p0826-teimww:firstName>
    <p0826-teimww:hasSex knoraType="hlist_value">http://rdfh.ch/lists/0826/18OB1DV9TvmakO8ZkjeFVQ</p0826-teimww:hasSex>
    <p0826-teimww:lastName knoraType="richtext_value">Christ</p0826-teimww:lastName>
  </p0826-teimww:person>
  <p0826-teimww:person id="ww_5c7d3fc631db2ef4">
    <knoraXmlImport:label>person label</knoraXmlImport:label>
    <p0826-teimww:activeDate knoraType="date_value">GREGORIAN:1904</p0826-teimww:activeDate>
    <p0826-teimww:description knoraType="richtext_value">German scholar</p0826-teimww:description>
    <p0826-teimww:firstName knoraType="richtext_value">H.</p0826-teimww:firstName>
    <p0826-teimww:hasSex knoraType="hlist_value">http://rdfh.ch/lists/0826/18OB1DV9TvmakO8ZkjeFVQ</p0826-teimww:hasSex>
    <p0826-teimww:lastName knoraType="richtext_value">Jung</p0826-teimww:lastName>
  </p0826-teimww:person>
  <p0826-teimww:person id="ww_5920a2f51df6bb9f">
    <knoraXmlImport:label>person label</knoraXmlImport:label>
    <p0826-teimww:activeDate knoraType="date_value">GREGORIAN:1947:1950</p0826-teimww:activeDate>
    <p0826-teimww:description knoraType="richtext_value">U.S. scholar</p0826-teimww:description>
    <p0826-teimww:firstName knoraType="richtext_value">William</p0826-teimww:firstName>
    <p0826-teimww:hasSex knoraType="hlist_value">http://rdfh.ch/lists/0826/18OB1DV9TvmakO8ZkjeFVQ</p0826-teimww:hasSex>
    <p0826-teimww:lastName knoraType="richtext_value">Peery</p0826-teimww:lastName>
  </p0826-teimww:person>
  <p0826-teimww:person id="ww_9cfcaaa5ca016199">
    <knoraXmlImport:label>person label</knoraXmlImport:label>
    <p0826-teimww:activeDate knoraType="date_value">GREGORIAN:1950</p0826-teimww:activeDate>
    <p0826-teimww:description knoraType="richtext_value">English (?) scholar</p0826-teimww:description>
    <p0826-teimww:firstName knoraType="richtext_value">J. W. </p0826-teimww:firstName>
    <p0826-teimww:hasSex knoraType="hlist_value">http://rdfh.ch/lists/0826/18OB1DV9TvmakO8ZkjeFVQ</p0826-teimww:hasSex>
    <p0826-teimww:lastName knoraType="richtext_value">Olive</p0826-teimww:lastName>
  </p0826-teimww:person>
  <p0826-teimww:person id="ww_4ea15fc920a6e8b6">
    <knoraXmlImport:label>person label</knoraXmlImport:label>
    <p0826-teimww:birthDate knoraType="date_value">GREGORIAN:1857</p0826-teimww:birthDate>
    <p0826-teimww:deathDate knoraType="date_value">GREGORIAN:1920</p0826-teimww:deathDate>
    <p0826-teimww:description knoraType="richtext_value">English editor , full name Arthur Henry Bullen</p0826-teimww:description>
    <p0826-teimww:firstName knoraType="richtext_value">A. H. </p0826-teimww:firstName>
    <p0826-teimww:hasSex knoraType="hlist_value">http://rdfh.ch/lists/0826/18OB1DV9TvmakO8ZkjeFVQ</p0826-teimww:hasSex>
    <p0826-teimww:lastName knoraType="richtext_value">Bullen</p0826-teimww:lastName>
  </p0826-teimww:person>
  <p0826-teimww:person id="ww_fdae751b03274cac">
    <knoraXmlImport:label>person label</knoraXmlImport:label>
    <p0826-teimww:birthDate knoraType="date_value">GREGORIAN:1938</p0826-teimww:birthDate>
    <p0826-teimww:description knoraType="richtext_value">New Zealand scholar</p0826-teimww:description>
    <p0826-teimww:firstName knoraType="richtext_value">Macdonald P.</p0826-teimww:firstName>
    <p0826-teimww:hasSex knoraType="hlist_value">http://rdfh.ch/lists/0826/18OB1DV9TvmakO8ZkjeFVQ</p0826-teimww:hasSex>
    <p0826-teimww:lastName knoraType="richtext_value">Jackson</p0826-teimww:lastName>
  </p0826-teimww:person>
  <p0826-teimww:person id="ww_8501ec457f433848">
    <knoraXmlImport:label>person label</knoraXmlImport:label>
    <p0826-teimww:birthDate knoraType="date_value">GREGORIAN:1558:1560</p0826-teimww:birthDate>
    <p0826-teimww:deathDate knoraType="date_value">GREGORIAN:1634</p0826-teimww:deathDate>
    <p0826-teimww:description knoraType="richtext_value">English poet, dramatist and translator</p0826-teimww:description>
    <p0826-teimww:firstName knoraType="richtext_value">George</p0826-teimww:firstName>
    <p0826-teimww:hasSex knoraType="hlist_value">http://rdfh.ch/lists/0826/18OB1DV9TvmakO8ZkjeFVQ</p0826-teimww:hasSex>
    <p0826-teimww:lastName knoraType="richtext_value">Chapman</p0826-teimww:lastName>
  </p0826-teimww:person>
  <p0826-teimww:person id="ww_ad03d7c87e5b9c24">
    <knoraXmlImport:label>person label</knoraXmlImport:label>
    <p0826-teimww:birthDate knoraType="date_value">GREGORIAN:1576</p0826-teimww:birthDate>
    <p0826-teimww:deathDate knoraType="date_value">GREGORIAN:1634</p0826-teimww:deathDate>
    <p0826-teimww:description knoraType="richtext_value">English dramatist and poet</p0826-teimww:description>
    <p0826-teimww:firstName knoraType="richtext_value">John</p0826-teimww:firstName>
    <p0826-teimww:hasSex knoraType="hlist_value">http://rdfh.ch/lists/0826/18OB1DV9TvmakO8ZkjeFVQ</p0826-teimww:hasSex>
    <p0826-teimww:lastName knoraType="richtext_value">Marston</p0826-teimww:lastName>
  </p0826-teimww:person>
  <p0826-teimww:person id="ww_d888f97beb7a5e1c">
    <knoraXmlImport:label>person label</knoraXmlImport:label>
    <p0826-teimww:deathDate knoraType="date_value">GREGORIAN:1605</p0826-teimww:deathDate>
    <p0826-teimww:description knoraType="richtext_value">English dramatist</p0826-teimww:description>
    <p0826-teimww:firstName knoraType="richtext_value">William</p0826-teimww:firstName>
    <p0826-teimww:hasSex knoraType="hlist_value">http://rdfh.ch/lists/0826/18OB1DV9TvmakO8ZkjeFVQ</p0826-teimww:hasSex>
    <p0826-teimww:lastName knoraType="richtext_value">Haughton</p0826-teimww:lastName>
  </p0826-teimww:person>
  <p0826-teimww:person id="ww_ce94987303de0652">
    <knoraXmlImport:label>person label</knoraXmlImport:label>
    <p0826-teimww:deathDate knoraType="date_value">GREGORIAN:1599</p0826-teimww:deathDate>
    <p0826-teimww:description knoraType="richtext_value">English dramatist</p0826-teimww:description>
    <p0826-teimww:firstName knoraType="richtext_value">Henry</p0826-teimww:firstName>
    <p0826-teimww:hasSex knoraType="hlist_value">http://rdfh.ch/lists/0826/18OB1DV9TvmakO8ZkjeFVQ</p0826-teimww:hasSex>
    <p0826-teimww:lastName knoraType="richtext_value">Porter</p0826-teimww:lastName>
  </p0826-teimww:person>
  <p0826-teimww:person id="ww_87dbd52f1c5b813b">
    <knoraXmlImport:label>person label</knoraXmlImport:label>
    <p0826-teimww:birthDate knoraType="date_value">GREGORIAN:1572</p0826-teimww:birthDate>
    <p0826-teimww:deathDate knoraType="date_value">GREGORIAN:1632</p0826-teimww:deathDate>
    <p0826-teimww:description knoraType="richtext_value">English dramatist ca.</p0826-teimww:description>
    <p0826-teimww:firstName knoraType="richtext_value">Thomas</p0826-teimww:firstName>
    <p0826-teimww:hasSex knoraType="hlist_value">http://rdfh.ch/lists/0826/18OB1DV9TvmakO8ZkjeFVQ</p0826-teimww:hasSex>
    <p0826-teimww:lastName knoraType="richtext_value">Dekker</p0826-teimww:lastName>
  </p0826-teimww:person>
  <p0826-teimww:person id="ww_631193418089c664">
    <knoraXmlImport:label>person label</knoraXmlImport:label>
    <p0826-teimww:activeDate knoraType="date_value">GREGORIAN:1901</p0826-teimww:activeDate>
    <p0826-teimww:description knoraType="richtext_value">German (?) scholar</p0826-teimww:description>
    <p0826-teimww:firstName knoraType="richtext_value">Hans</p0826-teimww:firstName>
    <p0826-teimww:hasSex knoraType="hlist_value">http://rdfh.ch/lists/0826/18OB1DV9TvmakO8ZkjeFVQ</p0826-teimww:hasSex>
    <p0826-teimww:lastName knoraType="richtext_value">Schere</p0826-teimww:lastName>
  </p0826-teimww:person>
  <p0826-teimww:person id="ww_a490794224ad2764">
    <knoraXmlImport:label>person label</knoraXmlImport:label>
    <p0826-teimww:activeDate knoraType="date_value">GREGORIAN:1984</p0826-teimww:activeDate>
    <p0826-teimww:description knoraType="richtext_value">U.S. (?) scholar</p0826-teimww:description>
    <p0826-teimww:firstName knoraType="richtext_value">Kate G.</p0826-teimww:firstName>
    <p0826-teimww:hasSex knoraType="hlist_value">http://rdfh.ch/lists/0826/18OB1DV9TvmakO8ZkjeFVQ</p0826-teimww:hasSex>
    <p0826-teimww:lastName knoraType="richtext_value">Frost</p0826-teimww:lastName>
  </p0826-teimww:person>
  <p0826-teimww:person id="ww_4cf2d2f81816aed2">
    <knoraXmlImport:label>person label</knoraXmlImport:label>
    <p0826-teimww:firstName knoraType="richtext_value">George</p0826-teimww:firstName>
    <p0826-teimww:hasSex knoraType="hlist_value">http://rdfh.ch/lists/0826/18OB1DV9TvmakO8ZkjeFVQ</p0826-teimww:hasSex>
    <p0826-teimww:lastName knoraType="richtext_value">Thorn-Drury</p0826-teimww:lastName>
  </p0826-teimww:person>
  <p0826-teimww:person id="ww_6479c34542b52165">
    <knoraXmlImport:label>person label</knoraXmlImport:label>
    <p0826-teimww:birthDate knoraType="date_value">GREGORIAN:1891</p0826-teimww:birthDate>
    <p0826-teimww:deathDate knoraType="date_value">GREGORIAN:1977</p0826-teimww:deathDate>
    <p0826-teimww:description knoraType="richtext_value">German-born U.S. scholar</p0826-teimww:description>
    <p0826-teimww:firstName knoraType="richtext_value">Alwin</p0826-teimww:firstName>
    <p0826-teimww:hasSex knoraType="hlist_value">http://rdfh.ch/lists/0826/18OB1DV9TvmakO8ZkjeFVQ</p0826-teimww:hasSex>
    <p0826-teimww:lastName knoraType="richtext_value">Thaler</p0826-teimww:lastName>
  </p0826-teimww:person>
  <p0826-teimww:person id="ww_b12a0d10cafaf078">
    <knoraXmlImport:label>person label</knoraXmlImport:label>
    <p0826-teimww:activeDate knoraType="date_value">GREGORIAN:1956:1989</p0826-teimww:activeDate>
    <p0826-teimww:description knoraType="richtext_value">U.S. (?) academic</p0826-teimww:description>
    <p0826-teimww:firstName knoraType="richtext_value">Alan</p0826-teimww:firstName>
    <p0826-teimww:hasSex knoraType="hlist_value">http://rdfh.ch/lists/0826/18OB1DV9TvmakO8ZkjeFVQ</p0826-teimww:hasSex>
    <p0826-teimww:lastName knoraType="richtext_value">Roper</p0826-teimww:lastName>
  </p0826-teimww:person>
  <p0826-teimww:person id="ww_f31af6df8b4b0640">
    <knoraXmlImport:label>person label</knoraXmlImport:label>
    <p0826-teimww:activeDate knoraType="date_value">GREGORIAN:1963</p0826-teimww:activeDate>
    <p0826-teimww:description knoraType="richtext_value">U.S. (?) scholar</p0826-teimww:description>
    <p0826-teimww:firstName knoraType="richtext_value">Charles G.</p0826-teimww:firstName>
    <p0826-teimww:hasSex knoraType="hlist_value">http://rdfh.ch/lists/0826/18OB1DV9TvmakO8ZkjeFVQ</p0826-teimww:hasSex>
    <p0826-teimww:lastName knoraType="richtext_value">Smith</p0826-teimww:lastName>
  </p0826-teimww:person>
  <p0826-teimww:person id="ww_50c35f7aceaa6c9e">
    <knoraXmlImport:label>person label</knoraXmlImport:label>
    <p0826-teimww:birthDate knoraType="date_value">GREGORIAN:1876</p0826-teimww:birthDate>
    <p0826-teimww:deathDate knoraType="date_value">GREGORIAN:1947</p0826-teimww:deathDate>
    <p0826-teimww:description knoraType="richtext_value">U.S. scholar</p0826-teimww:description>
    <p0826-teimww:firstName knoraType="richtext_value">Morris Palmer</p0826-teimww:firstName>
    <p0826-teimww:hasSex knoraType="hlist_value">http://rdfh.ch/lists/0826/18OB1DV9TvmakO8ZkjeFVQ</p0826-teimww:hasSex>
    <p0826-teimww:lastName knoraType="richtext_value">Tilley</p0826-teimww:lastName>
  </p0826-teimww:person>
  <p0826-teimww:person id="ww_344c59ba1ce1b8fd">
    <knoraXmlImport:label>person label</knoraXmlImport:label>
    <p0826-teimww:activeDate knoraType="date_value">GREGORIAN:1989</p0826-teimww:activeDate>
    <p0826-teimww:description knoraType="richtext_value">English (?) scholar</p0826-teimww:description>
    <p0826-teimww:firstName knoraType="richtext_value">Thomas C.</p0826-teimww:firstName>
    <p0826-teimww:hasSex knoraType="hlist_value">http://rdfh.ch/lists/0826/18OB1DV9TvmakO8ZkjeFVQ</p0826-teimww:hasSex>
    <p0826-teimww:lastName knoraType="richtext_value">Faulkner</p0826-teimww:lastName>
  </p0826-teimww:person>
  <p0826-teimww:person id="ww_cfc974ec4e221d48">
    <knoraXmlImport:label>person label</knoraXmlImport:label>
    <p0826-teimww:birthDate knoraType="date_value">GREGORIAN:1907</p0826-teimww:birthDate>
    <p0826-teimww:deathDate knoraType="date_value">GREGORIAN:1996</p0826-teimww:deathDate>
    <p0826-teimww:description knoraType="richtext_value">British scholar</p0826-teimww:description>
    <p0826-teimww:firstName knoraType="richtext_value">Kenneth Arthur</p0826-teimww:firstName>
    <p0826-teimww:hasSex knoraType="hlist_value">http://rdfh.ch/lists/0826/18OB1DV9TvmakO8ZkjeFVQ</p0826-teimww:hasSex>
    <p0826-teimww:lastName knoraType="richtext_value">Muir</p0826-teimww:lastName>
  </p0826-teimww:person>
  <p0826-teimww:person id="ww_7b88afb3c96d748f">
    <knoraXmlImport:label>person label</knoraXmlImport:label>
    <p0826-teimww:birthDate knoraType="date_value">GREGORIAN:1559</p0826-teimww:birthDate>
    <p0826-teimww:deathDate knoraType="date_value">GREGORIAN:1610</p0826-teimww:deathDate>
    <p0826-teimww:description knoraType="richtext_value">English anthologist</p0826-teimww:description>
    <p0826-teimww:firstName knoraType="richtext_value">John</p0826-teimww:firstName>
    <p0826-teimww:hasSex knoraType="hlist_value">http://rdfh.ch/lists/0826/18OB1DV9TvmakO8ZkjeFVQ</p0826-teimww:hasSex>
    <p0826-teimww:lastName knoraType="richtext_value">Bodenham</p0826-teimww:lastName>
  </p0826-teimww:person>
  <p0826-teimww:person id="ww_7e08b5fab4c10b55">
    <knoraXmlImport:label>person label</knoraXmlImport:label>
    <p0826-teimww:activeDate knoraType="date_value">GREGORIAN:1600</p0826-teimww:activeDate>
    <p0826-teimww:description knoraType="richtext_value">English (?) poet</p0826-teimww:description>
    <p0826-teimww:firstName knoraType="richtext_value">Sam</p0826-teimww:firstName>
    <p0826-teimww:hasSex knoraType="hlist_value">http://rdfh.ch/lists/0826/18OB1DV9TvmakO8ZkjeFVQ</p0826-teimww:hasSex>
    <p0826-teimww:lastName knoraType="richtext_value">Nicholson</p0826-teimww:lastName>
  </p0826-teimww:person>
  <p0826-teimww:person id="ww_ea90e1c76029f901">
    <knoraXmlImport:label>person label</knoraXmlImport:label>
    <p0826-teimww:activeDate knoraType="date_value">GREGORIAN:1988</p0826-teimww:activeDate>
    <p0826-teimww:description knoraType="richtext_value">English (?) scholar</p0826-teimww:description>
    <p0826-teimww:firstName knoraType="richtext_value">Robert</p0826-teimww:firstName>
    <p0826-teimww:hasSex knoraType="hlist_value">http://rdfh.ch/lists/0826/18OB1DV9TvmakO8ZkjeFVQ</p0826-teimww:hasSex>
    <p0826-teimww:lastName knoraType="richtext_value">Jordan</p0826-teimww:lastName>
  </p0826-teimww:person>
  <p0826-teimww:person id="ww_c11600e212e4417a">
    <knoraXmlImport:label>person label</knoraXmlImport:label>
    <p0826-teimww:activeDate knoraType="date_value">GREGORIAN:1988</p0826-teimww:activeDate>
    <p0826-teimww:description knoraType="richtext_value">English (?) scholar</p0826-teimww:description>
    <p0826-teimww:firstName knoraType="richtext_value">Harold</p0826-teimww:firstName>
    <p0826-teimww:hasSex knoraType="hlist_value">http://rdfh.ch/lists/0826/18OB1DV9TvmakO8ZkjeFVQ</p0826-teimww:hasSex>
    <p0826-teimww:lastName knoraType="richtext_value">Love</p0826-teimww:lastName>
  </p0826-teimww:person>
  <p0826-teimww:person id="ww_37083d29746e75d4">
    <knoraXmlImport:label>person label</knoraXmlImport:label>
    <p0826-teimww:birthDate knoraType="date_value">GREGORIAN:1927</p0826-teimww:birthDate>
    <p0826-teimww:deathDate knoraType="date_value">GREGORIAN:2009</p0826-teimww:deathDate>
    <p0826-teimww:description knoraType="richtext_value">Canadian academic</p0826-teimww:description>
    <p0826-teimww:firstName knoraType="richtext_value">R. W.</p0826-teimww:firstName>
    <p0826-teimww:hasSex knoraType="hlist_value">http://rdfh.ch/lists/0826/18OB1DV9TvmakO8ZkjeFVQ</p0826-teimww:hasSex>
    <p0826-teimww:lastName knoraType="richtext_value">van Fossen</p0826-teimww:lastName>
  </p0826-teimww:person>
  <p0826-teimww:person id="ww_f2c0f40020cbe48f">
    <knoraXmlImport:label>person label</knoraXmlImport:label>
    <p0826-teimww:birthDate knoraType="date_value">GREGORIAN:1820</p0826-teimww:birthDate>
    <p0826-teimww:deathDate knoraType="date_value">GREGORIAN:1889</p0826-teimww:deathDate>
    <p0826-teimww:description knoraType="richtext_value">English Shakespeare scholar</p0826-teimww:description>
    <p0826-teimww:firstName knoraType="richtext_value">James Orchard</p0826-teimww:firstName>
    <p0826-teimww:hasSex knoraType="hlist_value">http://rdfh.ch/lists/0826/18OB1DV9TvmakO8ZkjeFVQ</p0826-teimww:hasSex>
    <p0826-teimww:lastName knoraType="richtext_value">Halliwell-Phillipps</p0826-teimww:lastName>
  </p0826-teimww:person>
  <p0826-teimww:person id="ww_12bcadd5ab9d3f8a">
    <knoraXmlImport:label>person label</knoraXmlImport:label>
    <p0826-teimww:activeDate knoraType="date_value">GREGORIAN:1944</p0826-teimww:activeDate>
    <p0826-teimww:description knoraType="richtext_value">English (?) scholar</p0826-teimww:description>
    <p0826-teimww:firstName knoraType="richtext_value">Percy</p0826-teimww:firstName>
    <p0826-teimww:hasSex knoraType="hlist_value">http://rdfh.ch/lists/0826/18OB1DV9TvmakO8ZkjeFVQ</p0826-teimww:hasSex>
    <p0826-teimww:lastName knoraType="richtext_value">Simpson</p0826-teimww:lastName>
  </p0826-teimww:person>
  <p0826-teimww:person id="ww_5cb3d6fa23800e74">
    <knoraXmlImport:label>person label</knoraXmlImport:label>
    <p0826-teimww:birthDate knoraType="date_value">GREGORIAN:1584:1586</p0826-teimww:birthDate>
    <p0826-teimww:deathDate knoraType="date_value">GREGORIAN:1626</p0826-teimww:deathDate>
    <p0826-teimww:description knoraType="richtext_value">English dramatist</p0826-teimww:description>
    <p0826-teimww:firstName knoraType="richtext_value">William</p0826-teimww:firstName>
    <p0826-teimww:hasSex knoraType="hlist_value">http://rdfh.ch/lists/0826/18OB1DV9TvmakO8ZkjeFVQ</p0826-teimww:hasSex>
    <p0826-teimww:lastName knoraType="richtext_value">Rowley</p0826-teimww:lastName>
  </p0826-teimww:person>
  <p0826-teimww:person id="ww_f10aec8cfe5ff90d">
    <knoraXmlImport:label>person label</knoraXmlImport:label>
    <p0826-teimww:birthDate knoraType="date_value">GREGORIAN:1570:1574</p0826-teimww:birthDate>
    <p0826-teimww:deathDate knoraType="date_value">GREGORIAN:1641</p0826-teimww:deathDate>
    <p0826-teimww:description knoraType="richtext_value">English dramatist</p0826-teimww:description>
    <p0826-teimww:firstName knoraType="richtext_value">Thomas</p0826-teimww:firstName>
    <p0826-teimww:hasSex knoraType="hlist_value">http://rdfh.ch/lists/0826/18OB1DV9TvmakO8ZkjeFVQ</p0826-teimww:hasSex>
    <p0826-teimww:lastName knoraType="richtext_value">Heywood</p0826-teimww:lastName>
  </p0826-teimww:person>
  <p0826-teimww:person id="ww_d78940f8a8554ca3">
    <knoraXmlImport:label>person label</knoraXmlImport:label>
    <p0826-teimww:birthDate knoraType="date_value">GREGORIAN:1564</p0826-teimww:birthDate>
    <p0826-teimww:deathDate knoraType="date_value">GREGORIAN:1603:1606</p0826-teimww:deathDate>
    <p0826-teimww:description knoraType="richtext_value">English dramatist</p0826-teimww:description>
    <p0826-teimww:firstName knoraType="richtext_value">Henry</p0826-teimww:firstName>
    <p0826-teimww:hasSex knoraType="hlist_value">http://rdfh.ch/lists/0826/18OB1DV9TvmakO8ZkjeFVQ</p0826-teimww:hasSex>
    <p0826-teimww:lastName knoraType="richtext_value">Chettle</p0826-teimww:lastName>
  </p0826-teimww:person>
  <p0826-teimww:person id="ww_9594c85bc48d3759">
    <knoraXmlImport:label>person label</knoraXmlImport:label>
    <p0826-teimww:birthDate knoraType="date_value">GREGORIAN:1584</p0826-teimww:birthDate>
    <p0826-teimww:deathDate knoraType="date_value">GREGORIAN:1616</p0826-teimww:deathDate>
    <p0826-teimww:description knoraType="richtext_value">English dramatist</p0826-teimww:description>
    <p0826-teimww:firstName knoraType="richtext_value">John</p0826-teimww:firstName>
    <p0826-teimww:hasSex knoraType="hlist_value">http://rdfh.ch/lists/0826/18OB1DV9TvmakO8ZkjeFVQ</p0826-teimww:hasSex>
    <p0826-teimww:lastName knoraType="richtext_value">Webster</p0826-teimww:lastName>
  </p0826-teimww:person>
  <p0826-teimww:person id="ww_947a2e721f016a03">
    <knoraXmlImport:label>person label</knoraXmlImport:label>
    <p0826-teimww:birthDate knoraType="date_value">GREGORIAN:1574</p0826-teimww:birthDate>
    <p0826-teimww:deathDate knoraType="date_value">GREGORIAN:1637:1639</p0826-teimww:deathDate>
    <p0826-teimww:description knoraType="richtext_value">English dramatist</p0826-teimww:description>
    <p0826-teimww:firstName knoraType="richtext_value">John</p0826-teimww:firstName>
    <p0826-teimww:hasSex knoraType="hlist_value">http://rdfh.ch/lists/0826/18OB1DV9TvmakO8ZkjeFVQ</p0826-teimww:hasSex>
    <p0826-teimww:lastName knoraType="richtext_value">Day</p0826-teimww:lastName>
  </p0826-teimww:person>
  <p0826-teimww:person id="ww_c298754546b2500e">
    <knoraXmlImport:label>person label</knoraXmlImport:label>
    <p0826-teimww:birthDate knoraType="date_value">GREGORIAN:1580</p0826-teimww:birthDate>
    <p0826-teimww:deathDate knoraType="date_value">GREGORIAN:1627</p0826-teimww:deathDate>
    <p0826-teimww:description knoraType="richtext_value">English dramatist</p0826-teimww:description>
    <p0826-teimww:firstName knoraType="richtext_value">Thomas</p0826-teimww:firstName>
    <p0826-teimww:hasSex knoraType="hlist_value">http://rdfh.ch/lists/0826/18OB1DV9TvmakO8ZkjeFVQ</p0826-teimww:hasSex>
    <p0826-teimww:lastName knoraType="richtext_value">Middleton</p0826-teimww:lastName>
  </p0826-teimww:person>
  <p0826-teimww:person id="ww_f1b3b2adeeb3e86f">
    <knoraXmlImport:label>person label</knoraXmlImport:label>
    <p0826-teimww:activeDate knoraType="date_value">GREGORIAN:1605</p0826-teimww:activeDate>
    <p0826-teimww:description knoraType="richtext_value">English poet</p0826-teimww:description>
    <p0826-teimww:firstName knoraType="richtext_value">Peter</p0826-teimww:firstName>
    <p0826-teimww:hasSex knoraType="hlist_value">http://rdfh.ch/lists/0826/18OB1DV9TvmakO8ZkjeFVQ</p0826-teimww:hasSex>
    <p0826-teimww:lastName knoraType="richtext_value">Woodhouse</p0826-teimww:lastName>
  </p0826-teimww:person>
  <p0826-teimww:person id="ww_aee1340a336646a7">
    <knoraXmlImport:label>person label</knoraXmlImport:label>
    <p0826-teimww:activeDate knoraType="date_value">GREGORIAN:1991</p0826-teimww:activeDate>
    <p0826-teimww:description knoraType="richtext_value">U.S. scholar</p0826-teimww:description>
    <p0826-teimww:firstName knoraType="richtext_value">Margreta</p0826-teimww:firstName>
    <p0826-teimww:hasSex knoraType="hlist_value">http://rdfh.ch/lists/0826/18OB1DV9TvmakO8ZkjeFVQ</p0826-teimww:hasSex>
    <p0826-teimww:lastName knoraType="richtext_value">de Grazia</p0826-teimww:lastName>
  </p0826-teimww:person>
  <p0826-teimww:person id="ww_ecd33a52caec339f">
    <knoraXmlImport:label>person label</knoraXmlImport:label>
    <p0826-teimww:birthDate knoraType="date_value">GREGORIAN:1584</p0826-teimww:birthDate>
    <p0826-teimww:deathDate knoraType="date_value">GREGORIAN:1616</p0826-teimww:deathDate>
    <p0826-teimww:description knoraType="richtext_value">English dramatist</p0826-teimww:description>
    <p0826-teimww:firstName knoraType="richtext_value">Francis</p0826-teimww:firstName>
    <p0826-teimww:hasSex knoraType="hlist_value">http://rdfh.ch/lists/0826/18OB1DV9TvmakO8ZkjeFVQ</p0826-teimww:hasSex>
    <p0826-teimww:lastName knoraType="richtext_value">Beaumont</p0826-teimww:lastName>
  </p0826-teimww:person>
  <p0826-teimww:person id="ww_3cc0cce5b6bf554a">
    <knoraXmlImport:label>person label</knoraXmlImport:label>
    <p0826-teimww:birthDate knoraType="date_value">GREGORIAN:1579</p0826-teimww:birthDate>
    <p0826-teimww:deathDate knoraType="date_value">GREGORIAN:1625</p0826-teimww:deathDate>
    <p0826-teimww:description knoraType="richtext_value">English dramatist</p0826-teimww:description>
    <p0826-teimww:firstName knoraType="richtext_value">John</p0826-teimww:firstName>
    <p0826-teimww:hasSex knoraType="hlist_value">http://rdfh.ch/lists/0826/18OB1DV9TvmakO8ZkjeFVQ</p0826-teimww:hasSex>
    <p0826-teimww:lastName knoraType="richtext_value">Fletcher</p0826-teimww:lastName>
  </p0826-teimww:person>
  <p0826-teimww:person id="ww_5630a28303424aa1">
    <knoraXmlImport:label>person label</knoraXmlImport:label>
    <p0826-teimww:birthDate knoraType="date_value">GREGORIAN:1909</p0826-teimww:birthDate>
    <p0826-teimww:deathDate knoraType="date_value">GREGORIAN:2000</p0826-teimww:deathDate>
    <p0826-teimww:description knoraType="richtext_value">English scholar</p0826-teimww:description>
    <p0826-teimww:firstName knoraType="richtext_value">Harold</p0826-teimww:firstName>
    <p0826-teimww:hasSex knoraType="hlist_value">http://rdfh.ch/lists/0826/18OB1DV9TvmakO8ZkjeFVQ</p0826-teimww:hasSex>
    <p0826-teimww:lastName knoraType="richtext_value">Jenkins</p0826-teimww:lastName>
  </p0826-teimww:person>
  <p0826-teimww:person id="ww_9186050dfac2d550">
    <knoraXmlImport:label>person label</knoraXmlImport:label>
    <p0826-teimww:activeDate knoraType="date_value">GREGORIAN:1604:1615</p0826-teimww:activeDate>
    <p0826-teimww:description knoraType="richtext_value">English dramatist</p0826-teimww:description>
    <p0826-teimww:firstName knoraType="richtext_value">Thomas</p0826-teimww:firstName>
    <p0826-teimww:hasSex knoraType="hlist_value">http://rdfh.ch/lists/0826/18OB1DV9TvmakO8ZkjeFVQ</p0826-teimww:hasSex>
    <p0826-teimww:lastName knoraType="richtext_value">Tomkis</p0826-teimww:lastName>
  </p0826-teimww:person>
  <p0826-teimww:person id="ww_986dd93d2d794ff5">
    <knoraXmlImport:label>person label</knoraXmlImport:label>
    <p0826-teimww:deathDate knoraType="date_value">GREGORIAN:1618</p0826-teimww:deathDate>
    <p0826-teimww:description knoraType="richtext_value">English dramatist and pamphleteer</p0826-teimww:description>
    <p0826-teimww:firstName knoraType="richtext_value">George</p0826-teimww:firstName>
    <p0826-teimww:hasSex knoraType="hlist_value">http://rdfh.ch/lists/0826/18OB1DV9TvmakO8ZkjeFVQ</p0826-teimww:hasSex>
    <p0826-teimww:lastName knoraType="richtext_value">Wilkins</p0826-teimww:lastName>
  </p0826-teimww:person>
  <p0826-teimww:person id="ww_79c674f9ee6b5a7c">
    <knoraXmlImport:label>person label</knoraXmlImport:label>
    <p0826-teimww:birthDate knoraType="date_value">GREGORIAN:1576</p0826-teimww:birthDate>
    <p0826-teimww:deathDate knoraType="date_value">GREGORIAN:1608</p0826-teimww:deathDate>
    <p0826-teimww:description knoraType="richtext_value">English dramatist</p0826-teimww:description>
    <p0826-teimww:firstName knoraType="richtext_value">Edward</p0826-teimww:firstName>
    <p0826-teimww:hasSex knoraType="hlist_value">http://rdfh.ch/lists/0826/18OB1DV9TvmakO8ZkjeFVQ</p0826-teimww:hasSex>
    <p0826-teimww:lastName knoraType="richtext_value">Sharpham</p0826-teimww:lastName>
  </p0826-teimww:person>
  <p0826-teimww:person id="ww_9b3aca5e1fbd9b33">
    <knoraXmlImport:label>person label</knoraXmlImport:label>
    <p0826-teimww:birthDate knoraType="date_value">GREGORIAN:1580</p0826-teimww:birthDate>
    <p0826-teimww:deathDate knoraType="date_value">GREGORIAN:1629</p0826-teimww:deathDate>
    <p0826-teimww:description knoraType="richtext_value">English dramatist</p0826-teimww:description>
    <p0826-teimww:firstName knoraType="richtext_value">Lording or Lodovic</p0826-teimww:firstName>
    <p0826-teimww:hasSex knoraType="hlist_value">http://rdfh.ch/lists/0826/18OB1DV9TvmakO8ZkjeFVQ</p0826-teimww:hasSex>
    <p0826-teimww:lastName knoraType="richtext_value">Barry</p0826-teimww:lastName>
  </p0826-teimww:person>
  <p0826-teimww:person id="ww_8926bbeaa7c56023">
    <knoraXmlImport:label>person label</knoraXmlImport:label>
    <p0826-teimww:birthDate knoraType="date_value">GREGORIAN:1587</p0826-teimww:birthDate>
    <p0826-teimww:deathDate knoraType="date_value">GREGORIAN:1620</p0826-teimww:deathDate>
    <p0826-teimww:description knoraType="richtext_value">English dramatist</p0826-teimww:description>
    <p0826-teimww:firstName knoraType="richtext_value">Nathan</p0826-teimww:firstName>
    <p0826-teimww:hasSex knoraType="hlist_value">http://rdfh.ch/lists/0826/18OB1DV9TvmakO8ZkjeFVQ</p0826-teimww:hasSex>
    <p0826-teimww:lastName knoraType="richtext_value">Field</p0826-teimww:lastName>
  </p0826-teimww:person>
  <p0826-teimww:person id="ww_5350e0c0cddb3400">
    <knoraXmlImport:label>person label</knoraXmlImport:label>
    <p0826-teimww:birthDate knoraType="date_value">GREGORIAN:1562:1564</p0826-teimww:birthDate>
    <p0826-teimww:deathDate knoraType="date_value">GREGORIAN:1615</p0826-teimww:deathDate>
    <p0826-teimww:description knoraType="richtext_value">English actor and dramatist</p0826-teimww:description>
    <p0826-teimww:firstName knoraType="richtext_value">Robert</p0826-teimww:firstName>
    <p0826-teimww:hasSex knoraType="hlist_value">http://rdfh.ch/lists/0826/18OB1DV9TvmakO8ZkjeFVQ</p0826-teimww:hasSex>
    <p0826-teimww:lastName knoraType="richtext_value">Armin</p0826-teimww:lastName>
  </p0826-teimww:person>
  <p0826-teimww:person id="ww_883324fc3b8b8dba">
    <knoraXmlImport:label>person label</knoraXmlImport:label>
    <p0826-teimww:deathDate knoraType="date_value">GREGORIAN:1626</p0826-teimww:deathDate>
    <p0826-teimww:description knoraType="richtext_value">English poet and dramatist</p0826-teimww:description>
    <p0826-teimww:firstName knoraType="richtext_value">Cyril</p0826-teimww:firstName>
    <p0826-teimww:hasSex knoraType="hlist_value">http://rdfh.ch/lists/0826/18OB1DV9TvmakO8ZkjeFVQ</p0826-teimww:hasSex>
    <p0826-teimww:lastName knoraType="richtext_value">Tourneur</p0826-teimww:lastName>
  </p0826-teimww:person>
  <p0826-teimww:person id="ww_2afeb85181d58ed3">
    <knoraXmlImport:label>person label</knoraXmlImport:label>
    <p0826-teimww:birthDate knoraType="date_value">GREGORIAN:1563:1567</p0826-teimww:birthDate>
    <p0826-teimww:deathDate knoraType="date_value">GREGORIAN:1618</p0826-teimww:deathDate>
    <p0826-teimww:description knoraType="richtext_value">Anglo-Welsh poet</p0826-teimww:description>
    <p0826-teimww:firstName knoraType="richtext_value">Sir John</p0826-teimww:firstName>
    <p0826-teimww:hasSex knoraType="hlist_value">http://rdfh.ch/lists/0826/18OB1DV9TvmakO8ZkjeFVQ</p0826-teimww:hasSex>
    <p0826-teimww:lastName knoraType="richtext_value">Davies of Hereford</p0826-teimww:lastName>
  </p0826-teimww:person>
  <p0826-teimww:person id="ww_a4e45e7b381d6e89">
    <knoraXmlImport:label>person label</knoraXmlImport:label>
    <p0826-teimww:activeDate knoraType="date_value">GREGORIAN:1612:1614</p0826-teimww:activeDate>
    <p0826-teimww:description knoraType="richtext_value">English dramatist</p0826-teimww:description>
    <p0826-teimww:firstName knoraType="richtext_value">John</p0826-teimww:firstName>
    <p0826-teimww:hasSex knoraType="hlist_value">http://rdfh.ch/lists/0826/18OB1DV9TvmakO8ZkjeFVQ</p0826-teimww:hasSex>
    <p0826-teimww:lastName knoraType="richtext_value">Cooke</p0826-teimww:lastName>
  </p0826-teimww:person>
  <p0826-teimww:person id="ww_7c9389d75703bf3a">
    <knoraXmlImport:label>person label</knoraXmlImport:label>
    <p0826-teimww:birthDate knoraType="date_value">GREGORIAN:1563:1565</p0826-teimww:birthDate>
    <p0826-teimww:deathDate knoraType="date_value">GREGORIAN:1627</p0826-teimww:deathDate>
    <p0826-teimww:description knoraType="richtext_value">English historian</p0826-teimww:description>
    <p0826-teimww:firstName knoraType="richtext_value">Sir John</p0826-teimww:firstName>
    <p0826-teimww:hasSex knoraType="hlist_value">http://rdfh.ch/lists/0826/18OB1DV9TvmakO8ZkjeFVQ</p0826-teimww:hasSex>
    <p0826-teimww:lastName knoraType="richtext_value">Hayward</p0826-teimww:lastName>
  </p0826-teimww:person>
  <p0826-teimww:person id="ww_31fd4cfea1a56eb2">
    <knoraXmlImport:label>person label</knoraXmlImport:label>
    <p0826-teimww:deathDate knoraType="date_value">GREGORIAN:1628</p0826-teimww:deathDate>
    <p0826-teimww:description knoraType="richtext_value">English poet Christopher Brooke</p0826-teimww:description>
    <p0826-teimww:firstName knoraType="richtext_value">Christopher</p0826-teimww:firstName>
    <p0826-teimww:hasSex knoraType="hlist_value">http://rdfh.ch/lists/0826/18OB1DV9TvmakO8ZkjeFVQ</p0826-teimww:hasSex>
    <p0826-teimww:lastName knoraType="richtext_value">Brooke</p0826-teimww:lastName>
  </p0826-teimww:person>
  <p0826-teimww:person id="ww_cbc2c3284144573a">
    <knoraXmlImport:label>person label</knoraXmlImport:label>
    <p0826-teimww:birthDate knoraType="date_value">GREGORIAN:1583</p0826-teimww:birthDate>
    <p0826-teimww:deathDate knoraType="date_value">GREGORIAN:1640</p0826-teimww:deathDate>
    <p0826-teimww:description knoraType="richtext_value">English dramatist</p0826-teimww:description>
    <p0826-teimww:firstName knoraType="richtext_value">Philip</p0826-teimww:firstName>
    <p0826-teimww:hasSex knoraType="hlist_value">http://rdfh.ch/lists/0826/18OB1DV9TvmakO8ZkjeFVQ</p0826-teimww:hasSex>
    <p0826-teimww:lastName knoraType="richtext_value">Massinger</p0826-teimww:lastName>
  </p0826-teimww:person>
  <p0826-teimww:person id="ww_2d4add490de5218d">
    <knoraXmlImport:label>person label</knoraXmlImport:label>
    <p0826-teimww:birthDate knoraType="date_value">GREGORIAN:1577</p0826-teimww:birthDate>
    <p0826-teimww:deathDate knoraType="date_value">GREGORIAN:1640</p0826-teimww:deathDate>
    <p0826-teimww:description knoraType="richtext_value">English essayist</p0826-teimww:description>
    <p0826-teimww:firstName knoraType="richtext_value">Robert</p0826-teimww:firstName>
    <p0826-teimww:hasSex knoraType="hlist_value">http://rdfh.ch/lists/0826/18OB1DV9TvmakO8ZkjeFVQ</p0826-teimww:hasSex>
    <p0826-teimww:lastName knoraType="richtext_value">Burton</p0826-teimww:lastName>
  </p0826-teimww:person>
  <p0826-teimww:person id="ww_6a8b2b14d4099ec9">
    <knoraXmlImport:label>person label</knoraXmlImport:label>
    <p0826-teimww:activeDate knoraType="date_value">GREGORIAN:1623:1639</p0826-teimww:activeDate>
    <p0826-teimww:description knoraType="richtext_value">English dramatist</p0826-teimww:description>
    <p0826-teimww:firstName knoraType="richtext_value">Robert</p0826-teimww:firstName>
    <p0826-teimww:hasSex knoraType="hlist_value">http://rdfh.ch/lists/0826/18OB1DV9TvmakO8ZkjeFVQ</p0826-teimww:hasSex>
    <p0826-teimww:lastName knoraType="richtext_value">Davenport</p0826-teimww:lastName>
  </p0826-teimww:person>
  <p0826-teimww:person id="ww_d8f1d08e1ca080b7">
    <knoraXmlImport:label>person label</knoraXmlImport:label>
    <p0826-teimww:birthDate knoraType="date_value">GREGORIAN:1606</p0826-teimww:birthDate>
    <p0826-teimww:deathDate knoraType="date_value">GREGORIAN:1668</p0826-teimww:deathDate>
    <p0826-teimww:description knoraType="richtext_value">English dramatist</p0826-teimww:description>
    <p0826-teimww:firstName knoraType="richtext_value">Sir William</p0826-teimww:firstName>
    <p0826-teimww:hasSex knoraType="hlist_value">http://rdfh.ch/lists/0826/18OB1DV9TvmakO8ZkjeFVQ</p0826-teimww:hasSex>
    <p0826-teimww:lastName knoraType="richtext_value">D'Avenant</p0826-teimww:lastName>
  </p0826-teimww:person>
  <p0826-teimww:person id="ww_53c2f0bb43b1f960">
    <knoraXmlImport:label>person label</knoraXmlImport:label>
    <p0826-teimww:birthDate knoraType="date_value">GREGORIAN:1589:1591</p0826-teimww:birthDate>
    <p0826-teimww:deathDate knoraType="date_value">GREGORIAN:1636:1637</p0826-teimww:deathDate>
    <p0826-teimww:description knoraType="richtext_value">English dramatist</p0826-teimww:description>
    <p0826-teimww:firstName knoraType="richtext_value">William</p0826-teimww:firstName>
    <p0826-teimww:hasSex knoraType="hlist_value">http://rdfh.ch/lists/0826/18OB1DV9TvmakO8ZkjeFVQ</p0826-teimww:hasSex>
    <p0826-teimww:lastName knoraType="richtext_value">Sampson</p0826-teimww:lastName>
  </p0826-teimww:person>
  <p0826-teimww:person id="ww_1d9ffbd1fde1bb58">
    <knoraXmlImport:label>person label</knoraXmlImport:label>
    <p0826-teimww:activeDate knoraType="date_value">GREGORIAN:1914</p0826-teimww:activeDate>
    <p0826-teimww:description knoraType="richtext_value">German (?) scholar</p0826-teimww:description>
    <p0826-teimww:firstName knoraType="richtext_value">Hans</p0826-teimww:firstName>
    <p0826-teimww:hasSex knoraType="hlist_value">http://rdfh.ch/lists/0826/18OB1DV9TvmakO8ZkjeFVQ</p0826-teimww:hasSex>
    <p0826-teimww:lastName knoraType="richtext_value">Wallrath</p0826-teimww:lastName>
  </p0826-teimww:person>
  <p0826-teimww:person id="ww_96f70a96968da33d">
    <knoraXmlImport:label>person label</knoraXmlImport:label>
    <p0826-teimww:birthDate knoraType="date_value">GREGORIAN:1605</p0826-teimww:birthDate>
    <p0826-teimww:deathDate knoraType="date_value">GREGORIAN:1635</p0826-teimww:deathDate>
    <p0826-teimww:description knoraType="richtext_value">English poet and dramatist</p0826-teimww:description>
    <p0826-teimww:firstName knoraType="richtext_value">Thomas</p0826-teimww:firstName>
    <p0826-teimww:hasSex knoraType="hlist_value">http://rdfh.ch/lists/0826/18OB1DV9TvmakO8ZkjeFVQ</p0826-teimww:hasSex>
    <p0826-teimww:lastName knoraType="richtext_value">Randolph</p0826-teimww:lastName>
  </p0826-teimww:person>
  <p0826-teimww:person id="ww_a7bda6e4ea9d6266">
    <knoraXmlImport:label>person label</knoraXmlImport:label>
    <p0826-teimww:activeDate knoraType="date_value">GREGORIAN:1633</p0826-teimww:activeDate>
    <p0826-teimww:description knoraType="richtext_value">English physician</p0826-teimww:description>
    <p0826-teimww:firstName knoraType="richtext_value">James</p0826-teimww:firstName>
    <p0826-teimww:hasSex knoraType="hlist_value">http://rdfh.ch/lists/0826/18OB1DV9TvmakO8ZkjeFVQ</p0826-teimww:hasSex>
    <p0826-teimww:lastName knoraType="richtext_value">Hart</p0826-teimww:lastName>
  </p0826-teimww:person>
  <p0826-teimww:person id="ww_e97f8919dc99b209">
    <knoraXmlImport:label>person label</knoraXmlImport:label>
    <p0826-teimww:birthDate knoraType="date_value">GREGORIAN:1602</p0826-teimww:birthDate>
    <p0826-teimww:description knoraType="richtext_value">English dramatist</p0826-teimww:description>
    <p0826-teimww:firstName knoraType="richtext_value">William</p0826-teimww:firstName>
    <p0826-teimww:hasSex knoraType="hlist_value">http://rdfh.ch/lists/0826/18OB1DV9TvmakO8ZkjeFVQ</p0826-teimww:hasSex>
    <p0826-teimww:lastName knoraType="richtext_value">Hemings</p0826-teimww:lastName>
  </p0826-teimww:person>
  <p0826-teimww:person id="ww_b32bc514b340f073">
    <knoraXmlImport:label>person label</knoraXmlImport:label>
    <p0826-teimww:birthDate knoraType="date_value">GREGORIAN:1880</p0826-teimww:birthDate>
    <p0826-teimww:deathDate knoraType="date_value">GREGORIAN:1946</p0826-teimww:deathDate>
    <p0826-teimww:description knoraType="richtext_value">U.S. scholar</p0826-teimww:description>
    <p0826-teimww:firstName knoraType="richtext_value">Joseph Quincy Jr.</p0826-teimww:firstName>
    <p0826-teimww:hasSex knoraType="hlist_value">http://rdfh.ch/lists/0826/18OB1DV9TvmakO8ZkjeFVQ</p0826-teimww:hasSex>
    <p0826-teimww:lastName knoraType="richtext_value">Adams</p0826-teimww:lastName>
  </p0826-teimww:person>
  <p0826-teimww:person id="ww_68dae2dd3ee5eaa3">
    <knoraXmlImport:label>person label</knoraXmlImport:label>
    <p0826-teimww:birthDate knoraType="date_value">GREGORIAN:1596</p0826-teimww:birthDate>
    <p0826-teimww:deathDate knoraType="date_value">GREGORIAN:1666</p0826-teimww:deathDate>
    <p0826-teimww:description knoraType="richtext_value">English dramatist</p0826-teimww:description>
    <p0826-teimww:firstName knoraType="richtext_value">James</p0826-teimww:firstName>
    <p0826-teimww:hasSex knoraType="hlist_value">http://rdfh.ch/lists/0826/18OB1DV9TvmakO8ZkjeFVQ</p0826-teimww:hasSex>
    <p0826-teimww:lastName knoraType="richtext_value">Shirley</p0826-teimww:lastName>
  </p0826-teimww:person>
  <p0826-teimww:person id="ww_6caa1b04d6f95548">
    <knoraXmlImport:label>person label</knoraXmlImport:label>
    <p0826-teimww:activeDate knoraType="date_value">GREGORIAN:1612:1653</p0826-teimww:activeDate>
    <p0826-teimww:description knoraType="richtext_value">English writer</p0826-teimww:description>
    <p0826-teimww:firstName knoraType="richtext_value">Thomas</p0826-teimww:firstName>
    <p0826-teimww:hasSex knoraType="hlist_value">http://rdfh.ch/lists/0826/18OB1DV9TvmakO8ZkjeFVQ</p0826-teimww:hasSex>
    <p0826-teimww:lastName knoraType="richtext_value">Adams</p0826-teimww:lastName>
  </p0826-teimww:person>
  <p0826-teimww:person id="ww_e92e9dc9d65ade56">
    <knoraXmlImport:label>person label</knoraXmlImport:label>
    <p0826-teimww:activeDate knoraType="date_value">GREGORIAN:1614</p0826-teimww:activeDate>
    <p0826-teimww:description knoraType="richtext_value">English translator</p0826-teimww:description>
    <p0826-teimww:firstName knoraType="richtext_value">W.</p0826-teimww:firstName>
    <p0826-teimww:hasSex knoraType="hlist_value">http://rdfh.ch/lists/0826/18OB1DV9TvmakO8ZkjeFVQ</p0826-teimww:hasSex>
    <p0826-teimww:lastName knoraType="richtext_value">B.</p0826-teimww:lastName>
  </p0826-teimww:person>
  <p0826-teimww:person id="ww_87547eb3eadc52d8">
    <knoraXmlImport:label>person label</knoraXmlImport:label>
    <p0826-teimww:birthDate knoraType="date_value">GREGORIAN:1175</p0826-teimww:birthDate>
    <p0826-teimww:deathDate knoraType="date_value">GREGORIAN:1232:1234</p0826-teimww:deathDate>
    <p0826-teimww:description knoraType="richtext_value">Scottish (?) philosopher</p0826-teimww:description>
    <p0826-teimww:firstName knoraType="richtext_value">Michael</p0826-teimww:firstName>
    <p0826-teimww:hasSex knoraType="hlist_value">http://rdfh.ch/lists/0826/18OB1DV9TvmakO8ZkjeFVQ</p0826-teimww:hasSex>
    <p0826-teimww:lastName knoraType="richtext_value">Scot</p0826-teimww:lastName>
  </p0826-teimww:person>
  <p0826-teimww:person id="ww_edc1093f53e0bc8a">
    <knoraXmlImport:label>person label</knoraXmlImport:label>
    <p0826-teimww:birthDate knoraType="date_value">GREGORIAN:1645</p0826-teimww:birthDate>
    <p0826-teimww:deathDate knoraType="date_value">GREGORIAN:1660</p0826-teimww:deathDate>
    <p0826-teimww:description knoraType="richtext_value">English devotional writer 1587–[]</p0826-teimww:description>
    <p0826-teimww:firstName knoraType="richtext_value">Anthony</p0826-teimww:firstName>
    <p0826-teimww:hasSex knoraType="hlist_value">http://rdfh.ch/lists/0826/18OB1DV9TvmakO8ZkjeFVQ</p0826-teimww:hasSex>
    <p0826-teimww:lastName knoraType="richtext_value">Stafford</p0826-teimww:lastName>
  </p0826-teimww:person>
  <p0826-teimww:person id="ww_7179a7437437988e">
    <knoraXmlImport:label>person label</knoraXmlImport:label>
    <p0826-teimww:birthDate knoraType="date_value">GREGORIAN:1611</p0826-teimww:birthDate>
    <p0826-teimww:deathDate knoraType="date_value">GREGORIAN:1660</p0826-teimww:deathDate>
    <p0826-teimww:description knoraType="richtext_value">English poet</p0826-teimww:description>
    <p0826-teimww:firstName knoraType="richtext_value">Nathaniel</p0826-teimww:firstName>
    <p0826-teimww:hasSex knoraType="hlist_value">http://rdfh.ch/lists/0826/18OB1DV9TvmakO8ZkjeFVQ</p0826-teimww:hasSex>
    <p0826-teimww:lastName knoraType="richtext_value">Richards</p0826-teimww:lastName>
  </p0826-teimww:person>
  <p0826-teimww:person id="ww_0fbb6e273519df06">
    <knoraXmlImport:label>person label</knoraXmlImport:label>
    <p0826-teimww:activeDate knoraType="date_value">GREGORIAN:1910</p0826-teimww:activeDate>
    <p0826-teimww:description knoraType="richtext_value">English (?) scholar</p0826-teimww:description>
    <p0826-teimww:firstName knoraType="richtext_value">Arthur Rowland</p0826-teimww:firstName>
    <p0826-teimww:hasSex knoraType="hlist_value">http://rdfh.ch/lists/0826/18OB1DV9TvmakO8ZkjeFVQ</p0826-teimww:hasSex>
    <p0826-teimww:lastName knoraType="richtext_value">Skemp</p0826-teimww:lastName>
  </p0826-teimww:person>
  <p0826-teimww:person id="ww_33fc0870e5a0fbcf">
    <knoraXmlImport:label>person label</knoraXmlImport:label>
    <p0826-teimww:activeDate knoraType="date_value">GREGORIAN:1638</p0826-teimww:activeDate>
    <p0826-teimww:description knoraType="richtext_value">English writer ,  real name Richard E. Younge</p0826-teimww:description>
    <p0826-teimww:firstName knoraType="richtext_value">R.</p0826-teimww:firstName>
    <p0826-teimww:hasSex knoraType="hlist_value">http://rdfh.ch/lists/0826/18OB1DV9TvmakO8ZkjeFVQ</p0826-teimww:hasSex>
    <p0826-teimww:lastName knoraType="richtext_value">Junius</p0826-teimww:lastName>
  </p0826-teimww:person>
  <p0826-teimww:person id="ww_296a7b9f6d21cde7">
    <knoraXmlImport:label>person label</knoraXmlImport:label>
    <p0826-teimww:activeDate knoraType="date_value">GREGORIAN:1640</p0826-teimww:activeDate>
    <p0826-teimww:description knoraType="richtext_value">English dramatist</p0826-teimww:description>
    <p0826-teimww:firstName knoraType="richtext_value">Samuel</p0826-teimww:firstName>
    <p0826-teimww:hasSex knoraType="hlist_value">http://rdfh.ch/lists/0826/18OB1DV9TvmakO8ZkjeFVQ</p0826-teimww:hasSex>
    <p0826-teimww:lastName knoraType="richtext_value">Harding</p0826-teimww:lastName>
  </p0826-teimww:person>
  <p0826-teimww:person id="ww_c1bd14552f609afe">
    <knoraXmlImport:label>person label</knoraXmlImport:label>
    <p0826-teimww:activeDate knoraType="date_value">GREGORIAN:1975</p0826-teimww:activeDate>
    <p0826-teimww:description knoraType="richtext_value">U.S. (?) academic</p0826-teimww:description>
    <p0826-teimww:firstName knoraType="richtext_value">Jerome W.</p0826-teimww:firstName>
    <p0826-teimww:hasSex knoraType="hlist_value">http://rdfh.ch/lists/0826/18OB1DV9TvmakO8ZkjeFVQ</p0826-teimww:hasSex>
    <p0826-teimww:lastName knoraType="richtext_value">Hogan</p0826-teimww:lastName>
  </p0826-teimww:person>
  <p0826-teimww:person id="ww_bae7c2e690c9caaa">
    <knoraXmlImport:label>person label</knoraXmlImport:label>
    <p0826-teimww:birthDate knoraType="date_value">GREGORIAN:1609</p0826-teimww:birthDate>
    <p0826-teimww:deathDate knoraType="date_value">GREGORIAN:1642</p0826-teimww:deathDate>
    <p0826-teimww:description knoraType="richtext_value">English poet and dramatist</p0826-teimww:description>
    <p0826-teimww:firstName knoraType="richtext_value">John</p0826-teimww:firstName>
    <p0826-teimww:hasSex knoraType="hlist_value">http://rdfh.ch/lists/0826/18OB1DV9TvmakO8ZkjeFVQ</p0826-teimww:hasSex>
    <p0826-teimww:lastName knoraType="richtext_value">Suckling</p0826-teimww:lastName>
  </p0826-teimww:person>
  <p0826-teimww:person id="ww_6f4a80592c6c793c">
    <knoraXmlImport:label>person label</knoraXmlImport:label>
    <p0826-teimww:activeDate knoraType="date_value">GREGORIAN:1639</p0826-teimww:activeDate>
    <p0826-teimww:description knoraType="richtext_value">British poet and dramatist</p0826-teimww:description>
    <p0826-teimww:firstName knoraType="richtext_value">Henry</p0826-teimww:firstName>
    <p0826-teimww:hasSex knoraType="hlist_value">http://rdfh.ch/lists/0826/18OB1DV9TvmakO8ZkjeFVQ</p0826-teimww:hasSex>
    <p0826-teimww:lastName knoraType="richtext_value">Glapthorne</p0826-teimww:lastName>
  </p0826-teimww:person>
  <p0826-teimww:person id="ww_da5a5f8bc94ad571">
    <knoraXmlImport:label>person label</knoraXmlImport:label>
    <p0826-teimww:firstName knoraType="richtext_value">Thomas</p0826-teimww:firstName>
    <p0826-teimww:hasSex knoraType="hlist_value">http://rdfh.ch/lists/0826/18OB1DV9TvmakO8ZkjeFVQ</p0826-teimww:hasSex>
    <p0826-teimww:lastName knoraType="richtext_value">Killigrew</p0826-teimww:lastName>
  </p0826-teimww:person>
  <p0826-teimww:person id="ww_cce3785f9f0b7c67">
    <knoraXmlImport:label>person label</knoraXmlImport:label>
    <p0826-teimww:activeDate knoraType="date_value">GREGORIAN:1650:1652</p0826-teimww:activeDate>
    <p0826-teimww:description knoraType="richtext_value">Anglo-Italian dramatist</p0826-teimww:description>
    <p0826-teimww:firstName knoraType="richtext_value">Cosmo</p0826-teimww:firstName>
    <p0826-teimww:hasSex knoraType="hlist_value">http://rdfh.ch/lists/0826/18OB1DV9TvmakO8ZkjeFVQ</p0826-teimww:hasSex>
    <p0826-teimww:lastName knoraType="richtext_value">Manuche</p0826-teimww:lastName>
  </p0826-teimww:person>
  <p0826-teimww:person id="ww_56af0f484de673fe">
    <knoraXmlImport:label>person label</knoraXmlImport:label>
    <p0826-teimww:activeDate knoraType="date_value">GREGORIAN:1655</p0826-teimww:activeDate>
    <p0826-teimww:description knoraType="richtext_value">English (?) dramatist</p0826-teimww:description>
    <p0826-teimww:firstName knoraType="richtext_value">Richard</p0826-teimww:firstName>
    <p0826-teimww:hasSex knoraType="hlist_value">http://rdfh.ch/lists/0826/18OB1DV9TvmakO8ZkjeFVQ</p0826-teimww:hasSex>
    <p0826-teimww:lastName knoraType="richtext_value">Faber</p0826-teimww:lastName>
  </p0826-teimww:person>
  <p0826-teimww:person id="ww_6404478293b4e0ef">
    <knoraXmlImport:label>person label</knoraXmlImport:label>
    <p0826-teimww:birthDate knoraType="date_value">GREGORIAN:1931</p0826-teimww:birthDate>
    <p0826-teimww:description knoraType="richtext_value">U.S. science-fiction and mistery writer</p0826-teimww:description>
    <p0826-teimww:firstName knoraType="richtext_value">Barbara</p0826-teimww:firstName>
    <p0826-teimww:hasSex knoraType="hlist_value">http://rdfh.ch/lists/0826/18OB1DV9TvmakO8ZkjeFVQ</p0826-teimww:hasSex>
    <p0826-teimww:lastName knoraType="richtext_value">Paul</p0826-teimww:lastName>
  </p0826-teimww:person>
  <p0826-teimww:person id="ww_1ab980e4d883d2f2">
    <knoraXmlImport:label>person label</knoraXmlImport:label>
    <p0826-teimww:birthDate knoraType="date_value">GREGORIAN:1600</p0826-teimww:birthDate>
    <p0826-teimww:deathDate knoraType="date_value">GREGORIAN:1678</p0826-teimww:deathDate>
    <p0826-teimww:description knoraType="richtext_value">English dramatist, poet and musician</p0826-teimww:description>
    <p0826-teimww:firstName knoraType="richtext_value">Richard </p0826-teimww:firstName>
    <p0826-teimww:hasSex knoraType="hlist_value">http://rdfh.ch/lists/0826/18OB1DV9TvmakO8ZkjeFVQ</p0826-teimww:hasSex>
    <p0826-teimww:lastName knoraType="richtext_value">Flecknoe</p0826-teimww:lastName>
  </p0826-teimww:person>
  <p0826-teimww:person id="ww_879fcdf50faac2f4">
    <knoraXmlImport:label>person label</knoraXmlImport:label>
    <p0826-teimww:birthDate knoraType="date_value">GREGORIAN:1608</p0826-teimww:birthDate>
    <p0826-teimww:deathDate knoraType="date_value">GREGORIAN:1661</p0826-teimww:deathDate>
    <p0826-teimww:description knoraType="richtext_value">English priest and historian</p0826-teimww:description>
    <p0826-teimww:firstName knoraType="richtext_value">Thomas</p0826-teimww:firstName>
    <p0826-teimww:hasSex knoraType="hlist_value">http://rdfh.ch/lists/0826/18OB1DV9TvmakO8ZkjeFVQ</p0826-teimww:hasSex>
    <p0826-teimww:lastName knoraType="richtext_value">Fuller</p0826-teimww:lastName>
  </p0826-teimww:person>
  <p0826-teimww:person id="ww_023482909a532caf">
    <knoraXmlImport:label>person label</knoraXmlImport:label>
    <p0826-teimww:birthDate knoraType="date_value">GREGORIAN:1631</p0826-teimww:birthDate>
    <p0826-teimww:deathDate knoraType="date_value">GREGORIAN:1664</p0826-teimww:deathDate>
    <p0826-teimww:description knoraType="richtext_value">Welsh poet.</p0826-teimww:description>
    <p0826-teimww:firstName knoraType="richtext_value">Katherine</p0826-teimww:firstName>
    <p0826-teimww:hasSex knoraType="hlist_value">http://rdfh.ch/lists/0826/18OB1DV9TvmakO8ZkjeFVQ</p0826-teimww:hasSex>
    <p0826-teimww:lastName knoraType="richtext_value">Philips</p0826-teimww:lastName>
  </p0826-teimww:person>
  <p0826-teimww:person id="ww_ed5b7d7b5b4ff788">
    <knoraXmlImport:label>person label</knoraXmlImport:label>
    <p0826-teimww:birthDate knoraType="date_value">GREGORIAN:1631</p0826-teimww:birthDate>
    <p0826-teimww:deathDate knoraType="date_value">GREGORIAN:1700</p0826-teimww:deathDate>
    <p0826-teimww:description knoraType="richtext_value">English poet</p0826-teimww:description>
    <p0826-teimww:firstName knoraType="richtext_value">John</p0826-teimww:firstName>
    <p0826-teimww:hasSex knoraType="hlist_value">http://rdfh.ch/lists/0826/18OB1DV9TvmakO8ZkjeFVQ</p0826-teimww:hasSex>
    <p0826-teimww:lastName knoraType="richtext_value">Dryden</p0826-teimww:lastName>
  </p0826-teimww:person>
  <p0826-teimww:person id="ww_fb786ed957e3108e">
    <knoraXmlImport:label>person label</knoraXmlImport:label>
    <p0826-teimww:birthDate knoraType="date_value">GREGORIAN:1625</p0826-teimww:birthDate>
    <p0826-teimww:deathDate knoraType="date_value">GREGORIAN:1711</p0826-teimww:deathDate>
    <p0826-teimww:description knoraType="richtext_value">English dramatist</p0826-teimww:description>
    <p0826-teimww:firstName knoraType="richtext_value">John</p0826-teimww:firstName>
    <p0826-teimww:hasSex knoraType="hlist_value">http://rdfh.ch/lists/0826/18OB1DV9TvmakO8ZkjeFVQ</p0826-teimww:hasSex>
    <p0826-teimww:lastName knoraType="richtext_value">Caryll</p0826-teimww:lastName>
  </p0826-teimww:person>
  <p0826-teimww:person id="ww_0449cf1b66c3867d">
    <knoraXmlImport:label>person label</knoraXmlImport:label>
    <p0826-teimww:birthDate knoraType="date_value">GREGORIAN:1613:1618</p0826-teimww:birthDate>
    <p0826-teimww:deathDate knoraType="date_value">GREGORIAN:1681</p0826-teimww:deathDate>
    <p0826-teimww:description knoraType="richtext_value">English dramatist</p0826-teimww:description>
    <p0826-teimww:firstName knoraType="richtext_value">John</p0826-teimww:firstName>
    <p0826-teimww:hasSex knoraType="hlist_value">http://rdfh.ch/lists/0826/18OB1DV9TvmakO8ZkjeFVQ</p0826-teimww:hasSex>
    <p0826-teimww:lastName knoraType="richtext_value">Lacy</p0826-teimww:lastName>
  </p0826-teimww:person>
  <p0826-teimww:person id="ww_1013ee760af86e0f">
    <knoraXmlImport:label>person label</knoraXmlImport:label>
    <p0826-teimww:birthDate knoraType="date_value">GREGORIAN:1640</p0826-teimww:birthDate>
    <p0826-teimww:deathDate knoraType="date_value">GREGORIAN:1689</p0826-teimww:deathDate>
    <p0826-teimww:description knoraType="richtext_value">English dramatist and novelist</p0826-teimww:description>
    <p0826-teimww:firstName knoraType="richtext_value">Aphra</p0826-teimww:firstName>
    <p0826-teimww:hasSex knoraType="hlist_value">http://rdfh.ch/lists/0826/18OB1DV9TvmakO8ZkjeFVQ</p0826-teimww:hasSex>
    <p0826-teimww:lastName knoraType="richtext_value">Behn</p0826-teimww:lastName>
  </p0826-teimww:person>
  <p0826-teimww:person id="ww_0fdd672af19515af">
    <knoraXmlImport:label>person label</knoraXmlImport:label>
    <p0826-teimww:birthDate knoraType="date_value">GREGORIAN:1672</p0826-teimww:birthDate>
    <p0826-teimww:deathDate knoraType="date_value">GREGORIAN:1710</p0826-teimww:deathDate>
    <p0826-teimww:description knoraType="richtext_value">English dramatist</p0826-teimww:description>
    <p0826-teimww:firstName knoraType="richtext_value">Henry Neville</p0826-teimww:firstName>
    <p0826-teimww:hasSex knoraType="hlist_value">http://rdfh.ch/lists/0826/18OB1DV9TvmakO8ZkjeFVQ</p0826-teimww:hasSex>
    <p0826-teimww:lastName knoraType="richtext_value">Payne</p0826-teimww:lastName>
  </p0826-teimww:person>
  <p0826-teimww:person id="ww_99b03817dc566412">
    <knoraXmlImport:label>person label</knoraXmlImport:label>
    <p0826-teimww:birthDate knoraType="date_value">GREGORIAN:1652:1654</p0826-teimww:birthDate>
    <p0826-teimww:deathDate knoraType="date_value">GREGORIAN:1707</p0826-teimww:deathDate>
    <p0826-teimww:description knoraType="richtext_value">British dramatist</p0826-teimww:description>
    <p0826-teimww:firstName knoraType="richtext_value">Edward</p0826-teimww:firstName>
    <p0826-teimww:hasSex knoraType="hlist_value">http://rdfh.ch/lists/0826/18OB1DV9TvmakO8ZkjeFVQ</p0826-teimww:hasSex>
    <p0826-teimww:lastName knoraType="richtext_value">Ravenscroft</p0826-teimww:lastName>
  </p0826-teimww:person>
  <p0826-teimww:person id="ww_9830d46f027273df">
    <knoraXmlImport:label>person label</knoraXmlImport:label>
    <p0826-teimww:firstName knoraType="richtext_value">William Cavendish, Duke of</p0826-teimww:firstName>
    <p0826-teimww:hasSex knoraType="hlist_value">http://rdfh.ch/lists/0826/18OB1DV9TvmakO8ZkjeFVQ</p0826-teimww:hasSex>
    <p0826-teimww:lastName knoraType="richtext_value">Newcastle</p0826-teimww:lastName>
  </p0826-teimww:person>
  <p0826-teimww:person id="ww_0fa63d0ba5908460">
    <knoraXmlImport:label>person label</knoraXmlImport:label>
    <p0826-teimww:deathDate knoraType="date_value">GREGORIAN:1702</p0826-teimww:deathDate>
    <p0826-teimww:description knoraType="richtext_value">English (?) dramatist</p0826-teimww:description>
    <p0826-teimww:firstName knoraType="richtext_value">John</p0826-teimww:firstName>
    <p0826-teimww:hasSex knoraType="hlist_value">http://rdfh.ch/lists/0826/18OB1DV9TvmakO8ZkjeFVQ</p0826-teimww:hasSex>
    <p0826-teimww:lastName knoraType="richtext_value">Banks</p0826-teimww:lastName>
  </p0826-teimww:person>
  <p0826-teimww:person id="ww_2fbef537c50f1433">
    <knoraXmlImport:label>person label</knoraXmlImport:label>
    <p0826-teimww:birthDate knoraType="date_value">GREGORIAN:1652</p0826-teimww:birthDate>
    <p0826-teimww:deathDate knoraType="date_value">GREGORIAN:1685</p0826-teimww:deathDate>
    <p0826-teimww:description knoraType="richtext_value">English dramatist</p0826-teimww:description>
    <p0826-teimww:firstName knoraType="richtext_value">Thomas</p0826-teimww:firstName>
    <p0826-teimww:hasSex knoraType="hlist_value">http://rdfh.ch/lists/0826/18OB1DV9TvmakO8ZkjeFVQ</p0826-teimww:hasSex>
    <p0826-teimww:lastName knoraType="richtext_value">Otway</p0826-teimww:lastName>
  </p0826-teimww:person>
  <p0826-teimww:person id="ww_12f7d2e19bfcb92f">
    <knoraXmlImport:label>person label</knoraXmlImport:label>
    <p0826-teimww:birthDate knoraType="date_value">GREGORIAN:1652:1654</p0826-teimww:birthDate>
    <p0826-teimww:deathDate knoraType="date_value">GREGORIAN:1692</p0826-teimww:deathDate>
    <p0826-teimww:description knoraType="richtext_value">English dramatist</p0826-teimww:description>
    <p0826-teimww:firstName knoraType="richtext_value">Nathaniel</p0826-teimww:firstName>
    <p0826-teimww:hasSex knoraType="hlist_value">http://rdfh.ch/lists/0826/18OB1DV9TvmakO8ZkjeFVQ</p0826-teimww:hasSex>
    <p0826-teimww:lastName knoraType="richtext_value">Lee</p0826-teimww:lastName>
  </p0826-teimww:person>
  <p0826-teimww:person id="ww_1f1f38544516a902">
    <knoraXmlImport:label>person label</knoraXmlImport:label>
    <p0826-teimww:birthDate knoraType="date_value">GREGORIAN:1660</p0826-teimww:birthDate>
    <p0826-teimww:deathDate knoraType="date_value">GREGORIAN:1746</p0826-teimww:deathDate>
    <p0826-teimww:description knoraType="richtext_value">Irish dramatist</p0826-teimww:description>
    <p0826-teimww:firstName knoraType="richtext_value">Thomas</p0826-teimww:firstName>
    <p0826-teimww:hasSex knoraType="hlist_value">http://rdfh.ch/lists/0826/18OB1DV9TvmakO8ZkjeFVQ</p0826-teimww:hasSex>
    <p0826-teimww:lastName knoraType="richtext_value">Southerne</p0826-teimww:lastName>
  </p0826-teimww:person>
  <p0826-teimww:person id="ww_aea6ce6ca036608b">
    <knoraXmlImport:label>person label</knoraXmlImport:label>
    <p0826-teimww:birthDate knoraType="date_value">GREGORIAN:1652</p0826-teimww:birthDate>
    <p0826-teimww:deathDate knoraType="date_value">GREGORIAN:1715</p0826-teimww:deathDate>
    <p0826-teimww:description knoraType="richtext_value">Irish poet and dramatist</p0826-teimww:description>
    <p0826-teimww:firstName knoraType="richtext_value">Nahum</p0826-teimww:firstName>
    <p0826-teimww:hasSex knoraType="hlist_value">http://rdfh.ch/lists/0826/18OB1DV9TvmakO8ZkjeFVQ</p0826-teimww:hasSex>
    <p0826-teimww:lastName knoraType="richtext_value">Tate</p0826-teimww:lastName>
  </p0826-teimww:person>
  <p0826-teimww:person id="ww_ae2d914875625509">
    <knoraXmlImport:label>person label</knoraXmlImport:label>
    <p0826-teimww:birthDate knoraType="date_value">GREGORIAN:1628</p0826-teimww:birthDate>
    <p0826-teimww:deathDate knoraType="date_value">GREGORIAN:1687</p0826-teimww:deathDate>
    <p0826-teimww:description knoraType="richtext_value">English dramatist</p0826-teimww:description>
    <p0826-teimww:firstName knoraType="richtext_value">George Villiers, Duke of</p0826-teimww:firstName>
    <p0826-teimww:hasSex knoraType="hlist_value">http://rdfh.ch/lists/0826/18OB1DV9TvmakO8ZkjeFVQ</p0826-teimww:hasSex>
    <p0826-teimww:lastName knoraType="richtext_value">Buckingham</p0826-teimww:lastName>
  </p0826-teimww:person>
  <p0826-teimww:person id="ww_7aab59631f22d17e">
    <knoraXmlImport:label>person label</knoraXmlImport:label>
    <p0826-teimww:activeDate knoraType="date_value">GREGORIAN:1570:1602</p0826-teimww:activeDate>
    <p0826-teimww:description knoraType="richtext_value">English poet</p0826-teimww:description>
    <p0826-teimww:firstName knoraType="richtext_value">John</p0826-teimww:firstName>
    <p0826-teimww:hasSex knoraType="hlist_value">http://rdfh.ch/lists/0826/18OB1DV9TvmakO8ZkjeFVQ</p0826-teimww:hasSex>
    <p0826-teimww:lastName knoraType="richtext_value">Higgins</p0826-teimww:lastName>
  </p0826-teimww:person>
  <p0826-teimww:person id="ww_116917d934be52dd">
    <knoraXmlImport:label>person label</knoraXmlImport:label>
    <p0826-teimww:birthDate knoraType="date_value">GREGORIAN:1558</p0826-teimww:birthDate>
    <p0826-teimww:deathDate knoraType="date_value">GREGORIAN:1594</p0826-teimww:deathDate>
    <p0826-teimww:description knoraType="richtext_value">English dramatist</p0826-teimww:description>
    <p0826-teimww:firstName knoraType="richtext_value">Thomas</p0826-teimww:firstName>
    <p0826-teimww:hasSex knoraType="hlist_value">http://rdfh.ch/lists/0826/18OB1DV9TvmakO8ZkjeFVQ</p0826-teimww:hasSex>
    <p0826-teimww:lastName knoraType="richtext_value">Kyd</p0826-teimww:lastName>
  </p0826-teimww:person>
  <p0826-teimww:person id="ww_15b50ac49f9798c6">
    <knoraXmlImport:label>person label</knoraXmlImport:label>
    <p0826-teimww:birthDate knoraType="date_value">GREGORIAN:1944</p0826-teimww:birthDate>
    <p0826-teimww:description knoraType="richtext_value">U.S. academic</p0826-teimww:description>
    <p0826-teimww:firstName knoraType="richtext_value">Marjorie</p0826-teimww:firstName>
    <p0826-teimww:hasSex knoraType="hlist_value">http://rdfh.ch/lists/0826/18OB1DV9TvmakO8ZkjeFVQ</p0826-teimww:hasSex>
    <p0826-teimww:lastName knoraType="richtext_value">Garber</p0826-teimww:lastName>
  </p0826-teimww:person>
  <p0826-teimww:person id="ww_67ff3ba62bd10038">
    <knoraXmlImport:label>person label</knoraXmlImport:label>
    <p0826-teimww:activeDate knoraType="date_value">GREGORIAN:1978:1983</p0826-teimww:activeDate>
    <p0826-teimww:description knoraType="richtext_value">U.S. (?) scholar</p0826-teimww:description>
    <p0826-teimww:firstName knoraType="richtext_value">William B.</p0826-teimww:firstName>
    <p0826-teimww:hasSex knoraType="hlist_value">http://rdfh.ch/lists/0826/18OB1DV9TvmakO8ZkjeFVQ</p0826-teimww:hasSex>
    <p0826-teimww:lastName knoraType="richtext_value">HUnter</p0826-teimww:lastName>
  </p0826-teimww:person>
  <p0826-teimww:person id="ww_d78431424289a522">
    <knoraXmlImport:label>person label</knoraXmlImport:label>
    <p0826-teimww:activeDate knoraType="date_value">GREGORIAN:1913</p0826-teimww:activeDate>
    <p0826-teimww:description knoraType="richtext_value">German (?) scholar</p0826-teimww:description>
    <p0826-teimww:firstName knoraType="richtext_value">Friedrich</p0826-teimww:firstName>
    <p0826-teimww:hasSex knoraType="hlist_value">http://rdfh.ch/lists/0826/18OB1DV9TvmakO8ZkjeFVQ</p0826-teimww:hasSex>
    <p0826-teimww:lastName knoraType="richtext_value">Ernst</p0826-teimww:lastName>
  </p0826-teimww:person>
  <p0826-teimww:person id="ww_9e2e58504b5d3de8">
    <knoraXmlImport:label>person label</knoraXmlImport:label>
    <p0826-teimww:birthDate knoraType="date_value">GREGORIAN:1567</p0826-teimww:birthDate>
    <p0826-teimww:deathDate knoraType="date_value">GREGORIAN:1601</p0826-teimww:deathDate>
    <p0826-teimww:description knoraType="richtext_value">English pamphleteer and dramatist</p0826-teimww:description>
    <p0826-teimww:firstName knoraType="richtext_value">Thomas</p0826-teimww:firstName>
    <p0826-teimww:hasSex knoraType="hlist_value">http://rdfh.ch/lists/0826/18OB1DV9TvmakO8ZkjeFVQ</p0826-teimww:hasSex>
    <p0826-teimww:lastName knoraType="richtext_value">Nashe</p0826-teimww:lastName>
  </p0826-teimww:person>
  <p0826-teimww:person id="ww_2e81405af6457448">
    <knoraXmlImport:label>person label</knoraXmlImport:label>
    <p0826-teimww:birthDate knoraType="date_value">GREGORIAN:1562</p0826-teimww:birthDate>
    <p0826-teimww:deathDate knoraType="date_value">GREGORIAN:1619</p0826-teimww:deathDate>
    <p0826-teimww:description knoraType="richtext_value">English poet and dramatist</p0826-teimww:description>
    <p0826-teimww:firstName knoraType="richtext_value">Samuel</p0826-teimww:firstName>
    <p0826-teimww:hasSex knoraType="hlist_value">http://rdfh.ch/lists/0826/18OB1DV9TvmakO8ZkjeFVQ</p0826-teimww:hasSex>
    <p0826-teimww:lastName knoraType="richtext_value">Daniel</p0826-teimww:lastName>
  </p0826-teimww:person>
  <p0826-teimww:person id="ww_ce2fb5bd491a4d2e">
    <knoraXmlImport:label>person label</knoraXmlImport:label>
    <p0826-teimww:birthDate knoraType="date_value">GREGORIAN:1558</p0826-teimww:birthDate>
    <p0826-teimww:deathDate knoraType="date_value">GREGORIAN:1592</p0826-teimww:deathDate>
    <p0826-teimww:description knoraType="richtext_value">English dramatist and pamphleteer</p0826-teimww:description>
    <p0826-teimww:firstName knoraType="richtext_value">Robert</p0826-teimww:firstName>
    <p0826-teimww:hasSex knoraType="hlist_value">http://rdfh.ch/lists/0826/18OB1DV9TvmakO8ZkjeFVQ</p0826-teimww:hasSex>
    <p0826-teimww:lastName knoraType="richtext_value">Greene</p0826-teimww:lastName>
  </p0826-teimww:person>
  <p0826-teimww:person id="ww_2e80ef314f6d0fdc">
    <knoraXmlImport:label>person label</knoraXmlImport:label>
    <p0826-teimww:birthDate knoraType="date_value">GREGORIAN:1520</p0826-teimww:birthDate>
    <p0826-teimww:deathDate knoraType="date_value">GREGORIAN:1604</p0826-teimww:deathDate>
    <p0826-teimww:description knoraType="richtext_value">English poet</p0826-teimww:description>
    <p0826-teimww:firstName knoraType="richtext_value">Thomas</p0826-teimww:firstName>
    <p0826-teimww:hasSex knoraType="hlist_value">http://rdfh.ch/lists/0826/18OB1DV9TvmakO8ZkjeFVQ</p0826-teimww:hasSex>
    <p0826-teimww:lastName knoraType="richtext_value">Churchyard</p0826-teimww:lastName>
  </p0826-teimww:person>
  <p0826-teimww:person id="ww_bb3b6ed200b7c591">
    <knoraXmlImport:label>person label</knoraXmlImport:label>
    <p0826-teimww:activeDate knoraType="date_value">GREGORIAN:2013</p0826-teimww:activeDate>
    <p0826-teimww:description knoraType="richtext_value">English (?) academic</p0826-teimww:description>
    <p0826-teimww:firstName knoraType="richtext_value">Kate</p0826-teimww:firstName>
    <p0826-teimww:hasSex knoraType="hlist_value">http://rdfh.ch/lists/0826/18OB1DV9TvmakO8ZkjeFVQ</p0826-teimww:hasSex>
    <p0826-teimww:lastName knoraType="richtext_value">Wilkinson</p0826-teimww:lastName>
  </p0826-teimww:person>
  <p0826-teimww:person id="ww_d4ab524c831a2992">
    <knoraXmlImport:label>person label</knoraXmlImport:label>
    <p0826-teimww:birthDate knoraType="date_value">GREGORIAN:1560:1562</p0826-teimww:birthDate>
    <p0826-teimww:deathDate knoraType="date_value">GREGORIAN:1595</p0826-teimww:deathDate>
    <p0826-teimww:description knoraType="richtext_value">English Jesuit priest and poet</p0826-teimww:description>
    <p0826-teimww:firstName knoraType="richtext_value">Robert</p0826-teimww:firstName>
    <p0826-teimww:hasSex knoraType="hlist_value">http://rdfh.ch/lists/0826/18OB1DV9TvmakO8ZkjeFVQ</p0826-teimww:hasSex>
    <p0826-teimww:lastName knoraType="richtext_value">Southwell</p0826-teimww:lastName>
  </p0826-teimww:person>
  <p0826-teimww:person id="ww_b33f1194b1177f69">
    <knoraXmlImport:label>person label</knoraXmlImport:label>
    <p0826-teimww:activeDate knoraType="date_value">GREGORIAN:1930</p0826-teimww:activeDate>
    <p0826-teimww:description knoraType="richtext_value">British (?) scholar</p0826-teimww:description>
    <p0826-teimww:firstName knoraType="richtext_value">C. F. Tucker</p0826-teimww:firstName>
    <p0826-teimww:hasSex knoraType="hlist_value">http://rdfh.ch/lists/0826/18OB1DV9TvmakO8ZkjeFVQ</p0826-teimww:hasSex>
    <p0826-teimww:lastName knoraType="richtext_value">Brooke</p0826-teimww:lastName>
  </p0826-teimww:person>
  <p0826-teimww:person id="ww_31ef7df7935b492f">
    <knoraXmlImport:label>person label</knoraXmlImport:label>
    <p0826-teimww:birthDate knoraType="date_value">GREGORIAN:1556:1559</p0826-teimww:birthDate>
    <p0826-teimww:deathDate knoraType="date_value">GREGORIAN:1625</p0826-teimww:deathDate>
    <p0826-teimww:description knoraType="richtext_value">English poet and dramatist</p0826-teimww:description>
    <p0826-teimww:firstName knoraType="richtext_value">Thomas</p0826-teimww:firstName>
    <p0826-teimww:hasSex knoraType="hlist_value">http://rdfh.ch/lists/0826/18OB1DV9TvmakO8ZkjeFVQ</p0826-teimww:hasSex>
    <p0826-teimww:lastName knoraType="richtext_value">Lodge</p0826-teimww:lastName>
  </p0826-teimww:person>
  <p0826-teimww:person id="ww_669296d55624f6e0">
    <knoraXmlImport:label>person label</knoraXmlImport:label>
    <p0826-teimww:activeDate knoraType="date_value">GREGORIAN:1902</p0826-teimww:activeDate>
    <p0826-teimww:description knoraType="richtext_value">English (?) scholar</p0826-teimww:description>
    <p0826-teimww:firstName knoraType="richtext_value">Charles A.</p0826-teimww:firstName>
    <p0826-teimww:hasSex knoraType="hlist_value">http://rdfh.ch/lists/0826/18OB1DV9TvmakO8ZkjeFVQ</p0826-teimww:hasSex>
    <p0826-teimww:lastName knoraType="richtext_value">Herpich</p0826-teimww:lastName>
  </p0826-teimww:person>
  <p0826-teimww:person id="ww_2c045bd15b626e88">
    <knoraXmlImport:label>person label</knoraXmlImport:label>
    <p0826-teimww:activeDate knoraType="date_value">GREGORIAN:1911:1912</p0826-teimww:activeDate>
    <p0826-teimww:description knoraType="richtext_value">Gemran scholar</p0826-teimww:description>
    <p0826-teimww:firstName knoraType="richtext_value">Hunold</p0826-teimww:firstName>
    <p0826-teimww:hasSex knoraType="hlist_value">http://rdfh.ch/lists/0826/18OB1DV9TvmakO8ZkjeFVQ</p0826-teimww:hasSex>
    <p0826-teimww:lastName knoraType="richtext_value">Nibbe</p0826-teimww:lastName>
  </p0826-teimww:person>
  <p0826-teimww:person id="ww_0989e07eda6de68c">
    <knoraXmlImport:label>person label</knoraXmlImport:label>
    <p0826-teimww:firstName knoraType="richtext_value">(female)</p0826-teimww:firstName>
    <p0826-teimww:hasSex knoraType="hlist_value">http://rdfh.ch/lists/0826/18OB1DV9TvmakO8ZkjeFVQ</p0826-teimww:hasSex>
    <p0826-teimww:lastName knoraType="richtext_value">0_Anon</p0826-teimww:lastName>
  </p0826-teimww:person>
  <p0826-teimww:person id="ww_ac85346a6a733ffa">
    <knoraXmlImport:label>person label</knoraXmlImport:label>
    <p0826-teimww:activeDate knoraType="date_value">GREGORIAN:1980</p0826-teimww:activeDate>
    <p0826-teimww:description knoraType="richtext_value">U.S. (?) scholar</p0826-teimww:description>
    <p0826-teimww:firstName knoraType="richtext_value">George L.</p0826-teimww:firstName>
    <p0826-teimww:hasSex knoraType="hlist_value">http://rdfh.ch/lists/0826/18OB1DV9TvmakO8ZkjeFVQ</p0826-teimww:hasSex>
    <p0826-teimww:lastName knoraType="richtext_value">Geckle</p0826-teimww:lastName>
  </p0826-teimww:person>
  <p0826-teimww:person id="ww_360a194801e33346">
    <knoraXmlImport:label>person label</knoraXmlImport:label>
    <p0826-teimww:birthDate knoraType="date_value">GREGORIAN:1958</p0826-teimww:birthDate>
    <p0826-teimww:description knoraType="richtext_value">English academic</p0826-teimww:description>
    <p0826-teimww:firstName knoraType="richtext_value">Sir Andrew Jonathan</p0826-teimww:firstName>
    <p0826-teimww:hasSex knoraType="hlist_value">http://rdfh.ch/lists/0826/18OB1DV9TvmakO8ZkjeFVQ</p0826-teimww:hasSex>
    <p0826-teimww:lastName knoraType="richtext_value">Bate</p0826-teimww:lastName>
  </p0826-teimww:person>
  <p0826-teimww:person id="ww_8fb09da2c31a2ddc">
    <knoraXmlImport:label>person label</knoraXmlImport:label>
    <p0826-teimww:birthDate knoraType="date_value">GREGORIAN:1959:1963</p0826-teimww:birthDate>
    <p0826-teimww:description knoraType="richtext_value">U.S. academic</p0826-teimww:description>
    <p0826-teimww:firstName knoraType="richtext_value">Eric</p0826-teimww:firstName>
    <p0826-teimww:hasSex knoraType="hlist_value">http://rdfh.ch/lists/0826/18OB1DV9TvmakO8ZkjeFVQ</p0826-teimww:hasSex>
    <p0826-teimww:lastName knoraType="richtext_value">Rasmussen</p0826-teimww:lastName>
  </p0826-teimww:person>
  <p0826-teimww:person id="ww_7873f39b651d99c4">
    <knoraXmlImport:label>person label</knoraXmlImport:label>
    <p0826-teimww:birthDate knoraType="date_value">GREGORIAN:1758</p0826-teimww:birthDate>
    <p0826-teimww:deathDate knoraType="date_value">GREGORIAN:1832</p0826-teimww:deathDate>
    <p0826-teimww:description knoraType="richtext_value">English philologist</p0826-teimww:description>
    <p0826-teimww:firstName knoraType="richtext_value">Walter</p0826-teimww:firstName>
    <p0826-teimww:hasSex knoraType="hlist_value">http://rdfh.ch/lists/0826/18OB1DV9TvmakO8ZkjeFVQ</p0826-teimww:hasSex>
    <p0826-teimww:lastName knoraType="richtext_value">Whiter</p0826-teimww:lastName>
  </p0826-teimww:person>
  <p0826-teimww:person id="ww_6602bf84bc7e7d7f">
    <knoraXmlImport:label>person label</knoraXmlImport:label>
    <p0826-teimww:activeDate knoraType="date_value">GREGORIAN:1964</p0826-teimww:activeDate>
    <p0826-teimww:description knoraType="richtext_value">U.S. academic</p0826-teimww:description>
    <p0826-teimww:firstName knoraType="richtext_value">Robert Witback</p0826-teimww:firstName>
    <p0826-teimww:hasSex knoraType="hlist_value">http://rdfh.ch/lists/0826/18OB1DV9TvmakO8ZkjeFVQ</p0826-teimww:hasSex>
    <p0826-teimww:lastName knoraType="richtext_value">Babcock</p0826-teimww:lastName>
  </p0826-teimww:person>
  <p0826-teimww:person id="ww_df21ac325632f060">
    <knoraXmlImport:label>person label</knoraXmlImport:label>
    <p0826-teimww:birthDate knoraType="date_value">GREGORIAN:1930</p0826-teimww:birthDate>
    <p0826-teimww:description knoraType="richtext_value">English scholar</p0826-teimww:description>
    <p0826-teimww:firstName knoraType="richtext_value">Sir Stanley William</p0826-teimww:firstName>
    <p0826-teimww:hasSex knoraType="hlist_value">http://rdfh.ch/lists/0826/18OB1DV9TvmakO8ZkjeFVQ</p0826-teimww:hasSex>
    <p0826-teimww:lastName knoraType="richtext_value">Wells</p0826-teimww:lastName>
  </p0826-teimww:person>
  <p0826-teimww:person id="ww_9d448942a16583fe">
    <knoraXmlImport:label>person label</knoraXmlImport:label>
    <p0826-teimww:activeDate knoraType="date_value">GREGORIAN:1969</p0826-teimww:activeDate>
    <p0826-teimww:description knoraType="richtext_value">U.S. (?) scholar</p0826-teimww:description>
    <p0826-teimww:firstName knoraType="richtext_value">Lilian M.</p0826-teimww:firstName>
    <p0826-teimww:hasSex knoraType="hlist_value">http://rdfh.ch/lists/0826/18OB1DV9TvmakO8ZkjeFVQ</p0826-teimww:hasSex>
    <p0826-teimww:lastName knoraType="richtext_value">Ruff</p0826-teimww:lastName>
  </p0826-teimww:person>
  <p0826-teimww:person id="ww_c961f8c651ae6763">
    <knoraXmlImport:label>person label</knoraXmlImport:label>
    <p0826-teimww:activeDate knoraType="date_value">GREGORIAN:1969</p0826-teimww:activeDate>
    <p0826-teimww:description knoraType="richtext_value">U.S. (?) scholar</p0826-teimww:description>
    <p0826-teimww:firstName knoraType="richtext_value">D. Arnold</p0826-teimww:firstName>
    <p0826-teimww:hasSex knoraType="hlist_value">http://rdfh.ch/lists/0826/18OB1DV9TvmakO8ZkjeFVQ</p0826-teimww:hasSex>
    <p0826-teimww:lastName knoraType="richtext_value">Wilson</p0826-teimww:lastName>
  </p0826-teimww:person>
  <p0826-teimww:person id="ww_ffa5ab3de908dcd2">
    <knoraXmlImport:label>person label</knoraXmlImport:label>
    <p0826-teimww:activeDate knoraType="date_value">GREGORIAN:1968:1978</p0826-teimww:activeDate>
    <p0826-teimww:description knoraType="richtext_value">U.S. (?) scholar</p0826-teimww:description>
    <p0826-teimww:firstName knoraType="richtext_value">David L.</p0826-teimww:firstName>
    <p0826-teimww:hasSex knoraType="hlist_value">http://rdfh.ch/lists/0826/18OB1DV9TvmakO8ZkjeFVQ</p0826-teimww:hasSex>
    <p0826-teimww:lastName knoraType="richtext_value">Frost</p0826-teimww:lastName>
  </p0826-teimww:person>
  <p0826-teimww:person id="ww_e651195b0e2d0014">
    <knoraXmlImport:label>person label</knoraXmlImport:label>
    <p0826-teimww:birthDate knoraType="date_value">GREGORIAN:1920</p0826-teimww:birthDate>
    <p0826-teimww:deathDate knoraType="date_value">GREGORIAN:2008</p0826-teimww:deathDate>
    <p0826-teimww:description knoraType="richtext_value">Italian scholar</p0826-teimww:description>
    <p0826-teimww:firstName knoraType="richtext_value">Giorgio</p0826-teimww:firstName>
    <p0826-teimww:hasSex knoraType="hlist_value">http://rdfh.ch/lists/0826/18OB1DV9TvmakO8ZkjeFVQ</p0826-teimww:hasSex>
    <p0826-teimww:lastName knoraType="richtext_value">Melchiori</p0826-teimww:lastName>
  </p0826-teimww:person>
  <p0826-teimww:person id="ww_ed8bb2273ef0878b">
    <knoraXmlImport:label>person label</knoraXmlImport:label>
    <p0826-teimww:activeDate knoraType="date_value">GREGORIAN:1927</p0826-teimww:activeDate>
    <p0826-teimww:description knoraType="richtext_value">English (?) scholar</p0826-teimww:description>
    <p0826-teimww:firstName knoraType="richtext_value">F. L.</p0826-teimww:firstName>
    <p0826-teimww:hasSex knoraType="hlist_value">http://rdfh.ch/lists/0826/18OB1DV9TvmakO8ZkjeFVQ</p0826-teimww:hasSex>
    <p0826-teimww:lastName knoraType="richtext_value">Lucas</p0826-teimww:lastName>
  </p0826-teimww:person>
  <p0826-teimww:person id="ww_ac792c172bd4228f">
    <knoraXmlImport:label>person label</knoraXmlImport:label>
    <p0826-teimww:activeDate knoraType="date_value">GREGORIAN:1941</p0826-teimww:activeDate>
    <p0826-teimww:description knoraType="richtext_value">U.S. (?) scholar</p0826-teimww:description>
    <p0826-teimww:firstName knoraType="richtext_value">Howard</p0826-teimww:firstName>
    <p0826-teimww:hasSex knoraType="hlist_value">http://rdfh.ch/lists/0826/18OB1DV9TvmakO8ZkjeFVQ</p0826-teimww:hasSex>
    <p0826-teimww:lastName knoraType="richtext_value">Schultz</p0826-teimww:lastName>
  </p0826-teimww:person>
  <p0826-teimww:person id="ww_4e2014cf7880cdc5">
    <knoraXmlImport:label>person label</knoraXmlImport:label>
    <p0826-teimww:activeDate knoraType="date_value">GREGORIAN:1975:2008</p0826-teimww:activeDate>
    <p0826-teimww:description knoraType="richtext_value">English (?) scholar</p0826-teimww:description>
    <p0826-teimww:firstName knoraType="richtext_value">Thiomas Wallace</p0826-teimww:firstName>
    <p0826-teimww:hasSex knoraType="hlist_value">http://rdfh.ch/lists/0826/18OB1DV9TvmakO8ZkjeFVQ</p0826-teimww:hasSex>
    <p0826-teimww:lastName knoraType="richtext_value">Craik</p0826-teimww:lastName>
  </p0826-teimww:person>
  <p0826-teimww:person id="ww_549b732020230ba1">
    <knoraXmlImport:label>person label</knoraXmlImport:label>
    <p0826-teimww:birthDate knoraType="date_value">GREGORIAN:1918</p0826-teimww:birthDate>
    <p0826-teimww:deathDate knoraType="date_value">GREGORIAN:2013</p0826-teimww:deathDate>
    <p0826-teimww:description knoraType="richtext_value">Canadian academic</p0826-teimww:description>
    <p0826-teimww:firstName knoraType="richtext_value">Ernest</p0826-teimww:firstName>
    <p0826-teimww:hasSex knoraType="hlist_value">http://rdfh.ch/lists/0826/18OB1DV9TvmakO8ZkjeFVQ</p0826-teimww:hasSex>
    <p0826-teimww:lastName knoraType="richtext_value">Sirluck</p0826-teimww:lastName>
  </p0826-teimww:person>
  <p0826-teimww:person id="ww_86c92244655c7f75">
    <knoraXmlImport:label>person label</knoraXmlImport:label>
    <p0826-teimww:birthDate knoraType="date_value">GREGORIAN:1949</p0826-teimww:birthDate>
    <p0826-teimww:description knoraType="richtext_value">Swiss scholar</p0826-teimww:description>
    <p0826-teimww:firstName knoraType="richtext_value">Barbara</p0826-teimww:firstName>
    <p0826-teimww:hasSex knoraType="hlist_value">http://rdfh.ch/lists/0826/18OB1DV9TvmakO8ZkjeFVQ</p0826-teimww:hasSex>
    <p0826-teimww:lastName knoraType="richtext_value">Sträuli</p0826-teimww:lastName>
  </p0826-teimww:person>
  <p0826-teimww:person id="ww_920d3f0aede3598b">
    <knoraXmlImport:label>person label</knoraXmlImport:label>
    <p0826-teimww:activeDate knoraType="date_value">GREGORIAN:1869:1871</p0826-teimww:activeDate>
    <p0826-teimww:description knoraType="richtext_value">English scholar</p0826-teimww:description>
    <p0826-teimww:firstName knoraType="richtext_value">William Lowes</p0826-teimww:firstName>
    <p0826-teimww:hasSex knoraType="hlist_value">http://rdfh.ch/lists/0826/18OB1DV9TvmakO8ZkjeFVQ</p0826-teimww:hasSex>
    <p0826-teimww:lastName knoraType="richtext_value">Rushton</p0826-teimww:lastName>
  </p0826-teimww:person>
  <p0826-teimww:person id="ww_9d444a0f923d7ac3">
    <knoraXmlImport:label>person label</knoraXmlImport:label>
    <p0826-teimww:birthDate knoraType="date_value">GREGORIAN:1921</p0826-teimww:birthDate>
    <p0826-teimww:deathDate knoraType="date_value">GREGORIAN:2005</p0826-teimww:deathDate>
    <p0826-teimww:description knoraType="richtext_value">U.S. literary scholar and theologian</p0826-teimww:description>
    <p0826-teimww:firstName knoraType="richtext_value">Roland Mushat</p0826-teimww:firstName>
    <p0826-teimww:hasSex knoraType="hlist_value">http://rdfh.ch/lists/0826/18OB1DV9TvmakO8ZkjeFVQ</p0826-teimww:hasSex>
    <p0826-teimww:lastName knoraType="richtext_value">Frye</p0826-teimww:lastName>
  </p0826-teimww:person>
  <p0826-teimww:person id="ww_99768d9741fbce8b">
    <knoraXmlImport:label>person label</knoraXmlImport:label>
    <p0826-teimww:birthDate knoraType="date_value">GREGORIAN:1728</p0826-teimww:birthDate>
    <p0826-teimww:deathDate knoraType="date_value">GREGORIAN:1790</p0826-teimww:deathDate>
    <p0826-teimww:description knoraType="richtext_value">English scholar</p0826-teimww:description>
    <p0826-teimww:firstName knoraType="richtext_value">Thomas</p0826-teimww:firstName>
    <p0826-teimww:hasSex knoraType="hlist_value">http://rdfh.ch/lists/0826/18OB1DV9TvmakO8ZkjeFVQ</p0826-teimww:hasSex>
    <p0826-teimww:lastName knoraType="richtext_value">Warton</p0826-teimww:lastName>
  </p0826-teimww:person>
  <p0826-teimww:person id="ww_e59f20507549cc08">
    <knoraXmlImport:label>person label</knoraXmlImport:label>
    <p0826-teimww:birthDate knoraType="date_value">GREGORIAN:1881</p0826-teimww:birthDate>
    <p0826-teimww:deathDate knoraType="date_value">GREGORIAN:1969</p0826-teimww:deathDate>
    <p0826-teimww:description knoraType="richtext_value">English scholar</p0826-teimww:description>
    <p0826-teimww:firstName knoraType="richtext_value">John Dover</p0826-teimww:firstName>
    <p0826-teimww:hasSex knoraType="hlist_value">http://rdfh.ch/lists/0826/18OB1DV9TvmakO8ZkjeFVQ</p0826-teimww:hasSex>
    <p0826-teimww:lastName knoraType="richtext_value">Wilson</p0826-teimww:lastName>
  </p0826-teimww:person>
  <p0826-teimww:person id="ww_0579f1a78253c75c">
    <knoraXmlImport:label>person label</knoraXmlImport:label>
    <p0826-teimww:birthDate knoraType="date_value">GREGORIAN:1946</p0826-teimww:birthDate>
    <p0826-teimww:description knoraType="richtext_value">English actor</p0826-teimww:description>
    <p0826-teimww:firstName knoraType="richtext_value">Clive</p0826-teimww:firstName>
    <p0826-teimww:hasSex knoraType="hlist_value">http://rdfh.ch/lists/0826/18OB1DV9TvmakO8ZkjeFVQ</p0826-teimww:hasSex>
    <p0826-teimww:lastName knoraType="richtext_value">Francis</p0826-teimww:lastName>
  </p0826-teimww:person>
  <p0826-teimww:person id="ww_46b7abbd7f3bb8e7">
    <knoraXmlImport:label>person label</knoraXmlImport:label>
    <p0826-teimww:birthDate knoraType="date_value">GREGORIAN:1900</p0826-teimww:birthDate>
    <p0826-teimww:deathDate knoraType="date_value">GREGORIAN:1976</p0826-teimww:deathDate>
    <p0826-teimww:description knoraType="richtext_value">U.S. scholar</p0826-teimww:description>
    <p0826-teimww:firstName knoraType="richtext_value">Josephine Waters</p0826-teimww:firstName>
    <p0826-teimww:hasSex knoraType="hlist_value">http://rdfh.ch/lists/0826/18OB1DV9TvmakO8ZkjeFVQ</p0826-teimww:hasSex>
    <p0826-teimww:lastName knoraType="richtext_value">Bennett</p0826-teimww:lastName>
  </p0826-teimww:person>
  <p0826-teimww:person id="ww_b85b5bffc57af7f3">
    <knoraXmlImport:label>person label</knoraXmlImport:label>
    <p0826-teimww:activeDate knoraType="date_value">GREGORIAN:1958</p0826-teimww:activeDate>
    <p0826-teimww:description knoraType="richtext_value">British (?) scholar</p0826-teimww:description>
    <p0826-teimww:firstName knoraType="richtext_value">G. P. V. </p0826-teimww:firstName>
    <p0826-teimww:hasSex knoraType="hlist_value">http://rdfh.ch/lists/0826/18OB1DV9TvmakO8ZkjeFVQ</p0826-teimww:hasSex>
    <p0826-teimww:lastName knoraType="richtext_value">Akrigg</p0826-teimww:lastName>
  </p0826-teimww:person>
  <p0826-teimww:person id="ww_e7afee78eca963f2">
    <knoraXmlImport:label>person label</knoraXmlImport:label>
    <p0826-teimww:firstName knoraType="richtext_value">Neil</p0826-teimww:firstName>
    <p0826-teimww:hasSex knoraType="hlist_value">http://rdfh.ch/lists/0826/18OB1DV9TvmakO8ZkjeFVQ</p0826-teimww:hasSex>
    <p0826-teimww:lastName knoraType="richtext_value">Rhodes</p0826-teimww:lastName>
  </p0826-teimww:person>
  <p0826-teimww:person id="ww_970a44cddbbbe8d2">
    <knoraXmlImport:label>person label</knoraXmlImport:label>
    <p0826-teimww:activeDate knoraType="date_value">GREGORIAN:1604</p0826-teimww:activeDate>
    <p0826-teimww:description knoraType="richtext_value">English dramatist , full name Anthony Scoloker?</p0826-teimww:description>
    <p0826-teimww:firstName knoraType="richtext_value">An.</p0826-teimww:firstName>
    <p0826-teimww:hasSex knoraType="hlist_value">http://rdfh.ch/lists/0826/18OB1DV9TvmakO8ZkjeFVQ</p0826-teimww:hasSex>
    <p0826-teimww:lastName knoraType="richtext_value">Sc.</p0826-teimww:lastName>
  </p0826-teimww:person>
  <p0826-teimww:person id="ww_d97781c5821c201b">
    <knoraXmlImport:label>person label</knoraXmlImport:label>
    <p0826-teimww:birthDate knoraType="date_value">GREGORIAN:1957:1959</p0826-teimww:birthDate>
    <p0826-teimww:description knoraType="richtext_value">English scholar</p0826-teimww:description>
    <p0826-teimww:firstName knoraType="richtext_value">John</p0826-teimww:firstName>
    <p0826-teimww:hasSex knoraType="hlist_value">http://rdfh.ch/lists/0826/18OB1DV9TvmakO8ZkjeFVQ</p0826-teimww:hasSex>
    <p0826-teimww:lastName knoraType="richtext_value">Lavagnino</p0826-teimww:lastName>
  </p0826-teimww:person>
  <p0826-teimww:person id="ww_b29f022218b6d47d">
    <knoraXmlImport:label>person label</knoraXmlImport:label>
    <p0826-teimww:birthDate knoraType="date_value">GREGORIAN:1953</p0826-teimww:birthDate>
    <p0826-teimww:description knoraType="richtext_value">U.S. academic</p0826-teimww:description>
    <p0826-teimww:firstName knoraType="richtext_value">Gary</p0826-teimww:firstName>
    <p0826-teimww:hasSex knoraType="hlist_value">http://rdfh.ch/lists/0826/18OB1DV9TvmakO8ZkjeFVQ</p0826-teimww:hasSex>
    <p0826-teimww:lastName knoraType="richtext_value">Taylor</p0826-teimww:lastName>
  </p0826-teimww:person>
  <p0826-teimww:person id="ww_fac481b50f8ffd3a">
    <knoraXmlImport:label>person label</knoraXmlImport:label>
    <p0826-teimww:birthDate knoraType="date_value">GREGORIAN:1920:1921</p0826-teimww:birthDate>
    <p0826-teimww:deathDate knoraType="date_value">GREGORIAN:2006</p0826-teimww:deathDate>
    <p0826-teimww:description knoraType="richtext_value">U.S. scholar</p0826-teimww:description>
    <p0826-teimww:firstName knoraType="richtext_value">Harvey Scott</p0826-teimww:firstName>
    <p0826-teimww:hasSex knoraType="hlist_value">http://rdfh.ch/lists/0826/18OB1DV9TvmakO8ZkjeFVQ</p0826-teimww:hasSex>
    <p0826-teimww:lastName knoraType="richtext_value">McMillin</p0826-teimww:lastName>
  </p0826-teimww:person>
  <p0826-teimww:person id="ww_e005e74f6af8f88e">
    <knoraXmlImport:label>person label</knoraXmlImport:label>
    <p0826-teimww:activeDate knoraType="date_value">GREGORIAN:1607</p0826-teimww:activeDate>
    <p0826-teimww:description knoraType="richtext_value">English (?) poet</p0826-teimww:description>
    <p0826-teimww:firstName knoraType="richtext_value">T.</p0826-teimww:firstName>
    <p0826-teimww:hasSex knoraType="hlist_value">http://rdfh.ch/lists/0826/18OB1DV9TvmakO8ZkjeFVQ</p0826-teimww:hasSex>
    <p0826-teimww:lastName knoraType="richtext_value">Walkington</p0826-teimww:lastName>
  </p0826-teimww:person>
  <p0826-teimww:person id="ww_255b598e0ee7f9d1">
    <knoraXmlImport:label>person label</knoraXmlImport:label>
    <p0826-teimww:activeDate knoraType="date_value">GREGORIAN:1609</p0826-teimww:activeDate>
    <p0826-teimww:description knoraType="richtext_value">English dramatist</p0826-teimww:description>
    <p0826-teimww:firstName knoraType="richtext_value">John (1)</p0826-teimww:firstName>
    <p0826-teimww:hasSex knoraType="hlist_value">http://rdfh.ch/lists/0826/18OB1DV9TvmakO8ZkjeFVQ</p0826-teimww:hasSex>
    <p0826-teimww:lastName knoraType="richtext_value">Mason</p0826-teimww:lastName>
  </p0826-teimww:person>
  <p0826-teimww:person id="ww_baa26ba822bffa2f">
    <knoraXmlImport:label>person label</knoraXmlImport:label>
    <p0826-teimww:activeDate knoraType="date_value">GREGORIAN:1928:1932</p0826-teimww:activeDate>
    <p0826-teimww:description knoraType="richtext_value">U.S. scholar</p0826-teimww:description>
    <p0826-teimww:firstName knoraType="richtext_value">Roberta Florence</p0826-teimww:firstName>
    <p0826-teimww:hasSex knoraType="hlist_value">http://rdfh.ch/lists/0826/18OB1DV9TvmakO8ZkjeFVQ</p0826-teimww:hasSex>
    <p0826-teimww:lastName knoraType="richtext_value">Brinkley</p0826-teimww:lastName>
  </p0826-teimww:person>
  <p0826-teimww:person id="ww_4165dddf64bc6da3">
    <knoraXmlImport:label>person label</knoraXmlImport:label>
    <p0826-teimww:activeDate knoraType="date_value">GREGORIAN:1611</p0826-teimww:activeDate>
    <p0826-teimww:description knoraType="richtext_value">English poet and dramatist</p0826-teimww:description>
    <p0826-teimww:firstName knoraType="richtext_value">William</p0826-teimww:firstName>
    <p0826-teimww:hasSex knoraType="hlist_value">http://rdfh.ch/lists/0826/18OB1DV9TvmakO8ZkjeFVQ</p0826-teimww:hasSex>
    <p0826-teimww:lastName knoraType="richtext_value">Barksted</p0826-teimww:lastName>
  </p0826-teimww:person>
  <p0826-teimww:person id="ww_18abf85e413e5632">
    <knoraXmlImport:label>person label</knoraXmlImport:label>
    <p0826-teimww:activeDate knoraType="date_value">GREGORIAN:1698</p0826-teimww:activeDate>
    <p0826-teimww:description knoraType="richtext_value">English dramatist</p0826-teimww:description>
    <p0826-teimww:firstName knoraType="richtext_value">Lewis</p0826-teimww:firstName>
    <p0826-teimww:hasSex knoraType="hlist_value">http://rdfh.ch/lists/0826/18OB1DV9TvmakO8ZkjeFVQ</p0826-teimww:hasSex>
    <p0826-teimww:lastName knoraType="richtext_value">Mackin</p0826-teimww:lastName>
  </p0826-teimww:person>
  <p0826-teimww:person id="ww_9865bf07634965e0">
    <knoraXmlImport:label>person label</knoraXmlImport:label>
    <p0826-teimww:activeDate knoraType="date_value">GREGORIAN:1613:1614</p0826-teimww:activeDate>
    <p0826-teimww:description knoraType="richtext_value">English dramatist</p0826-teimww:description>
    <p0826-teimww:firstName knoraType="richtext_value">Robert</p0826-teimww:firstName>
    <p0826-teimww:hasSex knoraType="hlist_value">http://rdfh.ch/lists/0826/18OB1DV9TvmakO8ZkjeFVQ</p0826-teimww:hasSex>
    <p0826-teimww:lastName knoraType="richtext_value">Tailor</p0826-teimww:lastName>
  </p0826-teimww:person>
  <p0826-teimww:person id="ww_ef3a38fd3962bb10">
    <knoraXmlImport:label>person label</knoraXmlImport:label>
    <p0826-teimww:birthDate knoraType="date_value">GREGORIAN:1591</p0826-teimww:birthDate>
    <p0826-teimww:deathDate knoraType="date_value">GREGORIAN:1629</p0826-teimww:deathDate>
    <p0826-teimww:description knoraType="richtext_value">English dramatist</p0826-teimww:description>
    <p0826-teimww:firstName knoraType="richtext_value">Thomas</p0826-teimww:firstName>
    <p0826-teimww:hasSex knoraType="hlist_value">http://rdfh.ch/lists/0826/18OB1DV9TvmakO8ZkjeFVQ</p0826-teimww:hasSex>
    <p0826-teimww:lastName knoraType="richtext_value">Goffe</p0826-teimww:lastName>
  </p0826-teimww:person>
  <p0826-teimww:person id="ww_16cc8f76837b9146">
    <knoraXmlImport:label>person label</knoraXmlImport:label>
    <p0826-teimww:activeDate knoraType="date_value">GREGORIAN:1615</p0826-teimww:activeDate>
    <p0826-teimww:description knoraType="richtext_value">English poet</p0826-teimww:description>
    <p0826-teimww:firstName knoraType="richtext_value">John</p0826-teimww:firstName>
    <p0826-teimww:hasSex knoraType="hlist_value">http://rdfh.ch/lists/0826/18OB1DV9TvmakO8ZkjeFVQ</p0826-teimww:hasSex>
    <p0826-teimww:lastName knoraType="richtext_value">Heath</p0826-teimww:lastName>
  </p0826-teimww:person>
  <p0826-teimww:person id="ww_c1c75e8b202bbbee">
    <knoraXmlImport:label>person label</knoraXmlImport:label>
    <p0826-teimww:birthDate knoraType="date_value">GREGORIAN:1586</p0826-teimww:birthDate>
    <p0826-teimww:deathDate knoraType="date_value">GREGORIAN:1639:1640</p0826-teimww:deathDate>
    <p0826-teimww:description knoraType="richtext_value">English dramatist</p0826-teimww:description>
    <p0826-teimww:firstName knoraType="richtext_value">John (1)</p0826-teimww:firstName>
    <p0826-teimww:hasSex knoraType="hlist_value">http://rdfh.ch/lists/0826/18OB1DV9TvmakO8ZkjeFVQ</p0826-teimww:hasSex>
    <p0826-teimww:lastName knoraType="richtext_value">Ford</p0826-teimww:lastName>
  </p0826-teimww:person>
  <p0826-teimww:person id="ww_d0a72ec0a44b283d">
    <knoraXmlImport:label>person label</knoraXmlImport:label>
    <p0826-teimww:birthDate knoraType="date_value">GREGORIAN:1605</p0826-teimww:birthDate>
    <p0826-teimww:deathDate knoraType="date_value">GREGORIAN:1641</p0826-teimww:deathDate>
    <p0826-teimww:description knoraType="richtext_value">English dramatist</p0826-teimww:description>
    <p0826-teimww:firstName knoraType="richtext_value">Thomas</p0826-teimww:firstName>
    <p0826-teimww:hasSex knoraType="hlist_value">http://rdfh.ch/lists/0826/18OB1DV9TvmakO8ZkjeFVQ</p0826-teimww:hasSex>
    <p0826-teimww:lastName knoraType="richtext_value">Nabbes</p0826-teimww:lastName>
  </p0826-teimww:person>
  <p0826-teimww:person id="ww_cc76df07de512c5c">
    <knoraXmlImport:label>person label</knoraXmlImport:label>
    <p0826-teimww:birthDate knoraType="date_value">GREGORIAN:1603</p0826-teimww:birthDate>
    <p0826-teimww:deathDate knoraType="date_value">GREGORIAN:1639</p0826-teimww:deathDate>
    <p0826-teimww:description knoraType="richtext_value">English dramatist and poet</p0826-teimww:description>
    <p0826-teimww:firstName knoraType="richtext_value">Shackerley</p0826-teimww:firstName>
    <p0826-teimww:hasSex knoraType="hlist_value">http://rdfh.ch/lists/0826/18OB1DV9TvmakO8ZkjeFVQ</p0826-teimww:hasSex>
    <p0826-teimww:lastName knoraType="richtext_value">Marmion</p0826-teimww:lastName>
  </p0826-teimww:person>
  <p0826-teimww:person id="ww_e3629c2300452bc6">
    <knoraXmlImport:label>person label</knoraXmlImport:label>
    <p0826-teimww:activeDate knoraType="date_value">GREGORIAN:1635</p0826-teimww:activeDate>
    <p0826-teimww:description knoraType="richtext_value">English (?) poet</p0826-teimww:description>
    <p0826-teimww:firstName knoraType="richtext_value">John</p0826-teimww:firstName>
    <p0826-teimww:hasSex knoraType="hlist_value">http://rdfh.ch/lists/0826/18OB1DV9TvmakO8ZkjeFVQ</p0826-teimww:hasSex>
    <p0826-teimww:lastName knoraType="richtext_value">Swan</p0826-teimww:lastName>
  </p0826-teimww:person>
  <p0826-teimww:person id="ww_dea3b56289f47fb2">
    <knoraXmlImport:label>person label</knoraXmlImport:label>
    <p0826-teimww:activeDate knoraType="date_value">GREGORIAN:1610:1655</p0826-teimww:activeDate>
    <p0826-teimww:description knoraType="richtext_value">English dramatist</p0826-teimww:description>
    <p0826-teimww:firstName knoraType="richtext_value">Sir Ralph</p0826-teimww:firstName>
    <p0826-teimww:hasSex knoraType="hlist_value">http://rdfh.ch/lists/0826/18OB1DV9TvmakO8ZkjeFVQ</p0826-teimww:hasSex>
    <p0826-teimww:lastName knoraType="richtext_value">Freeman</p0826-teimww:lastName>
  </p0826-teimww:person>
  <p0826-teimww:person id="ww_e219a52388289dd8">
    <knoraXmlImport:label>person label</knoraXmlImport:label>
    <p0826-teimww:activeDate knoraType="date_value">GREGORIAN:1639</p0826-teimww:activeDate>
    <p0826-teimww:description knoraType="richtext_value">British anthologist</p0826-teimww:description>
    <p0826-teimww:firstName knoraType="richtext_value">Samuel</p0826-teimww:firstName>
    <p0826-teimww:hasSex knoraType="hlist_value">http://rdfh.ch/lists/0826/18OB1DV9TvmakO8ZkjeFVQ</p0826-teimww:hasSex>
    <p0826-teimww:lastName knoraType="richtext_value">Pick</p0826-teimww:lastName>
  </p0826-teimww:person>
  <p0826-teimww:person id="ww_787e0c8864df7063">
    <knoraXmlImport:label>person label</knoraXmlImport:label>
    <p0826-teimww:birthDate knoraType="date_value">GREGORIAN:1624</p0826-teimww:birthDate>
    <p0826-teimww:deathDate knoraType="date_value">GREGORIAN:1655</p0826-teimww:deathDate>
    <p0826-teimww:description knoraType="richtext_value">English poet and prose writer</p0826-teimww:description>
    <p0826-teimww:firstName knoraType="richtext_value">Samuel </p0826-teimww:firstName>
    <p0826-teimww:hasSex knoraType="hlist_value">http://rdfh.ch/lists/0826/18OB1DV9TvmakO8ZkjeFVQ</p0826-teimww:hasSex>
    <p0826-teimww:lastName knoraType="richtext_value">Sheppard</p0826-teimww:lastName>
  </p0826-teimww:person>
  <p0826-teimww:person id="ww_49457e542cea105a">
    <knoraXmlImport:label>person label</knoraXmlImport:label>
    <p0826-teimww:birthDate knoraType="date_value">GREGORIAN:1608</p0826-teimww:birthDate>
    <p0826-teimww:deathDate knoraType="date_value">GREGORIAN:1666</p0826-teimww:deathDate>
    <p0826-teimww:description knoraType="richtext_value">English dramatist</p0826-teimww:description>
    <p0826-teimww:firstName knoraType="richtext_value">Sir Richard</p0826-teimww:firstName>
    <p0826-teimww:hasSex knoraType="hlist_value">http://rdfh.ch/lists/0826/18OB1DV9TvmakO8ZkjeFVQ</p0826-teimww:hasSex>
    <p0826-teimww:lastName knoraType="richtext_value">Fanshawe</p0826-teimww:lastName>
  </p0826-teimww:person>
  <p0826-teimww:person id="ww_470aa71e11b82d67">
    <knoraXmlImport:label>person label</knoraXmlImport:label>
    <p0826-teimww:activeDate knoraType="date_value">GREGORIAN:1658</p0826-teimww:activeDate>
    <p0826-teimww:description knoraType="richtext_value">English dramatist</p0826-teimww:description>
    <p0826-teimww:firstName knoraType="richtext_value">Gilbert</p0826-teimww:firstName>
    <p0826-teimww:hasSex knoraType="hlist_value">http://rdfh.ch/lists/0826/18OB1DV9TvmakO8ZkjeFVQ</p0826-teimww:hasSex>
    <p0826-teimww:lastName knoraType="richtext_value">Swinhoe</p0826-teimww:lastName>
  </p0826-teimww:person>
  <p0826-teimww:person id="ww_09a5cd76696f88a5">
    <knoraXmlImport:label>person label</knoraXmlImport:label>
    <p0826-teimww:activeDate knoraType="date_value">GREGORIAN:1964</p0826-teimww:activeDate>
    <p0826-teimww:description knoraType="richtext_value">U.S. (?) scholar</p0826-teimww:description>
    <p0826-teimww:firstName knoraType="richtext_value">F. W.</p0826-teimww:firstName>
    <p0826-teimww:hasSex knoraType="hlist_value">http://rdfh.ch/lists/0826/18OB1DV9TvmakO8ZkjeFVQ</p0826-teimww:hasSex>
    <p0826-teimww:lastName knoraType="richtext_value">Sternfeld</p0826-teimww:lastName>
  </p0826-teimww:person>
  <p0826-teimww:person id="ww_55497d26971913d2">
    <knoraXmlImport:label>person label</knoraXmlImport:label>
    <p0826-teimww:birthDate knoraType="date_value">GREGORIAN:1494</p0826-teimww:birthDate>
    <p0826-teimww:deathDate knoraType="date_value">GREGORIAN:1536</p0826-teimww:deathDate>
    <p0826-teimww:description knoraType="richtext_value">English scholar and translator )</p0826-teimww:description>
    <p0826-teimww:firstName knoraType="richtext_value">William</p0826-teimww:firstName>
    <p0826-teimww:hasSex knoraType="hlist_value">http://rdfh.ch/lists/0826/18OB1DV9TvmakO8ZkjeFVQ</p0826-teimww:hasSex>
    <p0826-teimww:lastName knoraType="richtext_value">Tyndale</p0826-teimww:lastName>
  </p0826-teimww:person>
  <p0826-teimww:person id="ww_220a73def979f4a4">
    <knoraXmlImport:label>person label</knoraXmlImport:label>
    <p0826-teimww:birthDate knoraType="date_value">GREGORIAN:1504</p0826-teimww:birthDate>
    <p0826-teimww:deathDate knoraType="date_value">GREGORIAN:1556</p0826-teimww:deathDate>
    <p0826-teimww:description knoraType="richtext_value">English dramatist</p0826-teimww:description>
    <p0826-teimww:firstName knoraType="richtext_value">Nicholas</p0826-teimww:firstName>
    <p0826-teimww:hasSex knoraType="hlist_value">http://rdfh.ch/lists/0826/18OB1DV9TvmakO8ZkjeFVQ</p0826-teimww:hasSex>
    <p0826-teimww:lastName knoraType="richtext_value">Udall</p0826-teimww:lastName>
  </p0826-teimww:person>
  <p0826-teimww:person id="ww_edab9e0477ad7401">
    <knoraXmlImport:label>person label</knoraXmlImport:label>
    <p0826-teimww:firstName knoraType="richtext_value">Thomas</p0826-teimww:firstName>
    <p0826-teimww:hasSex knoraType="hlist_value">http://rdfh.ch/lists/0826/18OB1DV9TvmakO8ZkjeFVQ</p0826-teimww:hasSex>
    <p0826-teimww:lastName knoraType="richtext_value">Wilson</p0826-teimww:lastName>
  </p0826-teimww:person>
  <p0826-teimww:person id="ww_2328c74af1f27243">
    <knoraXmlImport:label>person label</knoraXmlImport:label>
    <p0826-teimww:firstName knoraType="richtext_value">Marcus Tullius</p0826-teimww:firstName>
    <p0826-teimww:hasSex knoraType="hlist_value">http://rdfh.ch/lists/0826/18OB1DV9TvmakO8ZkjeFVQ</p0826-teimww:hasSex>
    <p0826-teimww:lastName knoraType="richtext_value">Cicero</p0826-teimww:lastName>
  </p0826-teimww:person>
  <p0826-teimww:person id="ww_6b7b6aabda5c7c6b">
    <knoraXmlImport:label>person label</knoraXmlImport:label>
    <p0826-teimww:activeDate knoraType="date_value">GREGORIAN:1561</p0826-teimww:activeDate>
    <p0826-teimww:description knoraType="richtext_value">English translator</p0826-teimww:description>
    <p0826-teimww:firstName knoraType="richtext_value">John</p0826-teimww:firstName>
    <p0826-teimww:hasSex knoraType="hlist_value">http://rdfh.ch/lists/0826/18OB1DV9TvmakO8ZkjeFVQ</p0826-teimww:hasSex>
    <p0826-teimww:lastName knoraType="richtext_value">Dolman</p0826-teimww:lastName>
  </p0826-teimww:person>
  <p0826-teimww:person id="ww_db1e3c417981cff4">
    <knoraXmlImport:label>person label</knoraXmlImport:label>
    <p0826-teimww:birthDate knoraType="date_value">GREGORIAN:1937</p0826-teimww:birthDate>
    <p0826-teimww:description knoraType="richtext_value">British academic</p0826-teimww:description>
    <p0826-teimww:firstName knoraType="richtext_value">Sir Brian William </p0826-teimww:firstName>
    <p0826-teimww:hasSex knoraType="hlist_value">http://rdfh.ch/lists/0826/18OB1DV9TvmakO8ZkjeFVQ</p0826-teimww:hasSex>
    <p0826-teimww:lastName knoraType="richtext_value">Vickers</p0826-teimww:lastName>
  </p0826-teimww:person>
  <p0826-teimww:person id="ww_9653a2d84d605ab3">
    <knoraXmlImport:label>person label</knoraXmlImport:label>
    <p0826-teimww:activeDate knoraType="date_value">GREGORIAN:1968</p0826-teimww:activeDate>
    <p0826-teimww:description knoraType="richtext_value">U.S. (?) scholar</p0826-teimww:description>
    <p0826-teimww:firstName knoraType="richtext_value">John V.</p0826-teimww:firstName>
    <p0826-teimww:hasSex knoraType="hlist_value">http://rdfh.ch/lists/0826/18OB1DV9TvmakO8ZkjeFVQ</p0826-teimww:hasSex>
    <p0826-teimww:lastName knoraType="richtext_value">Velz</p0826-teimww:lastName>
  </p0826-teimww:person>
  <p0826-teimww:person id="ww_144d49d7e9724c99">
    <knoraXmlImport:label>person label</knoraXmlImport:label>
    <p0826-teimww:activeDate knoraType="date_value">GREGORIAN:1563:1571</p0826-teimww:activeDate>
    <p0826-teimww:description knoraType="richtext_value">English (?) rhetorician and historian</p0826-teimww:description>
    <p0826-teimww:firstName knoraType="richtext_value">Richard</p0826-teimww:firstName>
    <p0826-teimww:hasSex knoraType="hlist_value">http://rdfh.ch/lists/0826/18OB1DV9TvmakO8ZkjeFVQ</p0826-teimww:hasSex>
    <p0826-teimww:lastName knoraType="richtext_value">Rainolde</p0826-teimww:lastName>
  </p0826-teimww:person>
  <p0826-teimww:person id="ww_1b7c18ba49cef31d">
    <knoraXmlImport:label>person label</knoraXmlImport:label>
    <p0826-teimww:deathDate knoraType="date_value">GREGORIAN:2000</p0826-teimww:deathDate>
    <p0826-teimww:description knoraType="richtext_value">U.S. academic</p0826-teimww:description>
    <p0826-teimww:firstName knoraType="richtext_value">Louise</p0826-teimww:firstName>
    <p0826-teimww:hasSex knoraType="hlist_value">http://rdfh.ch/lists/0826/18OB1DV9TvmakO8ZkjeFVQ</p0826-teimww:hasSex>
    <p0826-teimww:lastName knoraType="richtext_value">Schleiner</p0826-teimww:lastName>
  </p0826-teimww:person>
  <p0826-teimww:person id="ww_0b287f59292b10a7">
    <knoraXmlImport:label>person label</knoraXmlImport:label>
    <p0826-teimww:birthDate knoraType="date_value">GREGORIAN:1559:1561</p0826-teimww:birthDate>
    <p0826-teimww:deathDate knoraType="date_value">GREGORIAN:1591:1613</p0826-teimww:deathDate>
    <p0826-teimww:description knoraType="richtext_value">English priest</p0826-teimww:description>
    <p0826-teimww:firstName knoraType="richtext_value">Henry </p0826-teimww:firstName>
    <p0826-teimww:hasSex knoraType="hlist_value">http://rdfh.ch/lists/0826/18OB1DV9TvmakO8ZkjeFVQ</p0826-teimww:hasSex>
    <p0826-teimww:lastName knoraType="richtext_value">Smith</p0826-teimww:lastName>
  </p0826-teimww:person>
  <p0826-teimww:person id="ww_771659144d06dcdf">
    <knoraXmlImport:label>person label</knoraXmlImport:label>
    <p0826-teimww:birthDate knoraType="date_value">GREGORIAN:1506</p0826-teimww:birthDate>
    <p0826-teimww:deathDate knoraType="date_value">GREGORIAN:1582</p0826-teimww:deathDate>
    <p0826-teimww:description knoraType="richtext_value">Scottish poet and dramatist</p0826-teimww:description>
    <p0826-teimww:firstName knoraType="richtext_value">George</p0826-teimww:firstName>
    <p0826-teimww:hasSex knoraType="hlist_value">http://rdfh.ch/lists/0826/18OB1DV9TvmakO8ZkjeFVQ</p0826-teimww:hasSex>
    <p0826-teimww:lastName knoraType="richtext_value">Buchanan</p0826-teimww:lastName>
  </p0826-teimww:person>
  <p0826-teimww:person id="ww_a00dfc9e63a5d0fe">
    <knoraXmlImport:label>person label</knoraXmlImport:label>
    <p0826-teimww:firstName knoraType="richtext_value">Lucius Annaeus</p0826-teimww:firstName>
    <p0826-teimww:hasSex knoraType="hlist_value">http://rdfh.ch/lists/0826/18OB1DV9TvmakO8ZkjeFVQ</p0826-teimww:hasSex>
    <p0826-teimww:lastName knoraType="richtext_value">Seneca</p0826-teimww:lastName>
  </p0826-teimww:person>
  <p0826-teimww:person id="ww_25024aa23d16ec79">
    <knoraXmlImport:label>person label</knoraXmlImport:label>
    <p0826-teimww:activeDate knoraType="date_value">GREGORIAN:1988:1999</p0826-teimww:activeDate>
    <p0826-teimww:description knoraType="richtext_value">English academic</p0826-teimww:description>
    <p0826-teimww:firstName knoraType="richtext_value">Anthony Brian</p0826-teimww:firstName>
    <p0826-teimww:hasSex knoraType="hlist_value">http://rdfh.ch/lists/0826/18OB1DV9TvmakO8ZkjeFVQ</p0826-teimww:hasSex>
    <p0826-teimww:lastName knoraType="richtext_value">Taylor</p0826-teimww:lastName>
  </p0826-teimww:person>
  <p0826-teimww:person id="ww_0adab3e3a15ca99c">
    <knoraXmlImport:label>person label</knoraXmlImport:label>
    <p0826-teimww:birthDate knoraType="date_value">GREGORIAN:1536</p0826-teimww:birthDate>
    <p0826-teimww:deathDate knoraType="date_value">GREGORIAN:1606</p0826-teimww:deathDate>
    <p0826-teimww:description knoraType="richtext_value">English translator</p0826-teimww:description>
    <p0826-teimww:firstName knoraType="richtext_value">Arthur</p0826-teimww:firstName>
    <p0826-teimww:hasSex knoraType="hlist_value">http://rdfh.ch/lists/0826/18OB1DV9TvmakO8ZkjeFVQ</p0826-teimww:hasSex>
    <p0826-teimww:lastName knoraType="richtext_value">Golding</p0826-teimww:lastName>
  </p0826-teimww:person>
  <p0826-teimww:person id="ww_ead92b40726b9049">
    <knoraXmlImport:label>person label</knoraXmlImport:label>
    <p0826-teimww:firstName knoraType="richtext_value">Publius</p0826-teimww:firstName>
    <p0826-teimww:hasSex knoraType="hlist_value">http://rdfh.ch/lists/0826/18OB1DV9TvmakO8ZkjeFVQ</p0826-teimww:hasSex>
    <p0826-teimww:lastName knoraType="richtext_value">Ovidius Naso</p0826-teimww:lastName>
  </p0826-teimww:person>
  <p0826-teimww:person id="ww_7dad315c91c456fb">
    <knoraXmlImport:label>person label</knoraXmlImport:label>
    <p0826-teimww:birthDate knoraType="date_value">GREGORIAN:1463</p0826-teimww:birthDate>
    <p0826-teimww:deathDate knoraType="date_value">GREGORIAN:1529</p0826-teimww:deathDate>
    <p0826-teimww:description knoraType="richtext_value">English poet</p0826-teimww:description>
    <p0826-teimww:firstName knoraType="richtext_value">John</p0826-teimww:firstName>
    <p0826-teimww:hasSex knoraType="hlist_value">http://rdfh.ch/lists/0826/18OB1DV9TvmakO8ZkjeFVQ</p0826-teimww:hasSex>
    <p0826-teimww:lastName knoraType="richtext_value">Skelton</p0826-teimww:lastName>
  </p0826-teimww:person>
  <p0826-teimww:person id="ww_71583f09e4b9cd17">
    <knoraXmlImport:label>person label</knoraXmlImport:label>
    <p0826-teimww:birthDate knoraType="date_value">GREGORIAN:1533</p0826-teimww:birthDate>
    <p0826-teimww:deathDate knoraType="date_value">GREGORIAN:1603</p0826-teimww:deathDate>
    <p0826-teimww:firstName knoraType="richtext_value">Queen of England</p0826-teimww:firstName>
    <p0826-teimww:hasSex knoraType="hlist_value">http://rdfh.ch/lists/0826/18OB1DV9TvmakO8ZkjeFVQ</p0826-teimww:hasSex>
    <p0826-teimww:lastName knoraType="richtext_value">Elizabeth I</p0826-teimww:lastName>
  </p0826-teimww:person>
  <p0826-teimww:person id="ww_5fe3b5dcb00b7162">
    <knoraXmlImport:label>person label</knoraXmlImport:label>
    <p0826-teimww:birthDate knoraType="date_value">GREGORIAN:1540</p0826-teimww:birthDate>
    <p0826-teimww:deathDate knoraType="date_value">GREGORIAN:1591</p0826-teimww:deathDate>
    <p0826-teimww:description knoraType="richtext_value">English politician</p0826-teimww:description>
    <p0826-teimww:firstName knoraType="richtext_value">Sir Christopher</p0826-teimww:firstName>
    <p0826-teimww:hasSex knoraType="hlist_value">http://rdfh.ch/lists/0826/18OB1DV9TvmakO8ZkjeFVQ</p0826-teimww:hasSex>
    <p0826-teimww:lastName knoraType="richtext_value">Hatton</p0826-teimww:lastName>
  </p0826-teimww:person>
  <p0826-teimww:person id="ww_e963a8b58028d76a">
    <knoraXmlImport:label>person label</knoraXmlImport:label>
    <p0826-teimww:firstName knoraType="richtext_value">Thomas</p0826-teimww:firstName>
    <p0826-teimww:hasSex knoraType="hlist_value">http://rdfh.ch/lists/0826/18OB1DV9TvmakO8ZkjeFVQ</p0826-teimww:hasSex>
    <p0826-teimww:lastName knoraType="richtext_value">Bedingfield</p0826-teimww:lastName>
  </p0826-teimww:person>
  <p0826-teimww:person id="ww_f1930a433a3b1444">
    <knoraXmlImport:label>person label</knoraXmlImport:label>
    <p0826-teimww:activeDate knoraType="date_value">GREGORIAN:1934</p0826-teimww:activeDate>
    <p0826-teimww:description knoraType="richtext_value">U.S. (?) scholar</p0826-teimww:description>
    <p0826-teimww:firstName knoraType="richtext_value">Craig</p0826-teimww:firstName>
    <p0826-teimww:hasSex knoraType="hlist_value">http://rdfh.ch/lists/0826/18OB1DV9TvmakO8ZkjeFVQ</p0826-teimww:hasSex>
    <p0826-teimww:lastName knoraType="richtext_value">Hardin</p0826-teimww:lastName>
  </p0826-teimww:person>
  <p0826-teimww:person id="ww_52c61873bd0cfed4">
    <knoraXmlImport:label>person label</knoraXmlImport:label>
    <p0826-teimww:activeDate knoraType="date_value">GREGORIAN:2008</p0826-teimww:activeDate>
    <p0826-teimww:description knoraType="richtext_value">Canadian academic</p0826-teimww:description>
    <p0826-teimww:firstName knoraType="richtext_value">Frans</p0826-teimww:firstName>
    <p0826-teimww:hasSex knoraType="hlist_value">http://rdfh.ch/lists/0826/18OB1DV9TvmakO8ZkjeFVQ</p0826-teimww:hasSex>
    <p0826-teimww:lastName knoraType="richtext_value">de Bruyn</p0826-teimww:lastName>
  </p0826-teimww:person>
  <p0826-teimww:person id="ww_ba0230e7fbb5fd0d">
    <knoraXmlImport:label>person label</knoraXmlImport:label>
    <p0826-teimww:birthDate knoraType="date_value">GREGORIAN:1553:1554</p0826-teimww:birthDate>
    <p0826-teimww:deathDate knoraType="date_value">GREGORIAN:1606</p0826-teimww:deathDate>
    <p0826-teimww:description knoraType="richtext_value">English dramatist</p0826-teimww:description>
    <p0826-teimww:firstName knoraType="richtext_value">John</p0826-teimww:firstName>
    <p0826-teimww:hasSex knoraType="hlist_value">http://rdfh.ch/lists/0826/18OB1DV9TvmakO8ZkjeFVQ</p0826-teimww:hasSex>
    <p0826-teimww:lastName knoraType="richtext_value">Lyly</p0826-teimww:lastName>
  </p0826-teimww:person>
  <p0826-teimww:person id="ww_29ea702f67fa9c9d">
    <knoraXmlImport:label>person label</knoraXmlImport:label>
    <p0826-teimww:activeDate knoraType="date_value">GREGORIAN:1092</p0826-teimww:activeDate>
    <p0826-teimww:description knoraType="richtext_value">English (?) scholar</p0826-teimww:description>
    <p0826-teimww:firstName knoraType="richtext_value">R. W.</p0826-teimww:firstName>
    <p0826-teimww:hasSex knoraType="hlist_value">http://rdfh.ch/lists/0826/18OB1DV9TvmakO8ZkjeFVQ</p0826-teimww:hasSex>
    <p0826-teimww:lastName knoraType="richtext_value">Bond</p0826-teimww:lastName>
  </p0826-teimww:person>
  <p0826-teimww:person id="ww_6fbd1bd26280846d">
    <knoraXmlImport:label>person label</knoraXmlImport:label>
    <p0826-teimww:birthDate knoraType="date_value">GREGORIAN:1524</p0826-teimww:birthDate>
    <p0826-teimww:deathDate knoraType="date_value">GREGORIAN:1580</p0826-teimww:deathDate>
    <p0826-teimww:description knoraType="richtext_value">English poet</p0826-teimww:description>
    <p0826-teimww:firstName knoraType="richtext_value">Thomas</p0826-teimww:firstName>
    <p0826-teimww:hasSex knoraType="hlist_value">http://rdfh.ch/lists/0826/18OB1DV9TvmakO8ZkjeFVQ</p0826-teimww:hasSex>
    <p0826-teimww:lastName knoraType="richtext_value">Tusser</p0826-teimww:lastName>
  </p0826-teimww:person>
  <p0826-teimww:person id="ww_0a2ae5bb07b64969">
    <knoraXmlImport:label>person label</knoraXmlImport:label>
    <p0826-teimww:birthDate knoraType="date_value">GREGORIAN:1508:1512</p0826-teimww:birthDate>
    <p0826-teimww:deathDate knoraType="date_value">GREGORIAN:1583:1587</p0826-teimww:deathDate>
    <p0826-teimww:description knoraType="richtext_value">English theological writer</p0826-teimww:description>
    <p0826-teimww:firstName knoraType="richtext_value">John </p0826-teimww:firstName>
    <p0826-teimww:hasSex knoraType="hlist_value">http://rdfh.ch/lists/0826/18OB1DV9TvmakO8ZkjeFVQ</p0826-teimww:hasSex>
    <p0826-teimww:lastName knoraType="richtext_value">Merbeck or Marbeck</p0826-teimww:lastName>
  </p0826-teimww:person>
  <p0826-teimww:person id="ww_9fc186f153594d59">
    <knoraXmlImport:label>person label</knoraXmlImport:label>
    <p0826-teimww:birthDate knoraType="date_value">GREGORIAN:1548</p0826-teimww:birthDate>
    <p0826-teimww:deathDate knoraType="date_value">GREGORIAN:1589</p0826-teimww:deathDate>
    <p0826-teimww:description knoraType="richtext_value">English novelist and translator</p0826-teimww:description>
    <p0826-teimww:firstName knoraType="richtext_value">George</p0826-teimww:firstName>
    <p0826-teimww:hasSex knoraType="hlist_value">http://rdfh.ch/lists/0826/18OB1DV9TvmakO8ZkjeFVQ</p0826-teimww:hasSex>
    <p0826-teimww:lastName knoraType="richtext_value">Pettie</p0826-teimww:lastName>
  </p0826-teimww:person>
  <p0826-teimww:person id="ww_2754f19921c8bd2b">
    <knoraXmlImport:label>person label</knoraXmlImport:label>
    <p0826-teimww:birthDate knoraType="date_value">GREGORIAN:1530:1531</p0826-teimww:birthDate>
    <p0826-teimww:deathDate knoraType="date_value">GREGORIAN:1611</p0826-teimww:deathDate>
    <p0826-teimww:description knoraType="richtext_value">English educator</p0826-teimww:description>
    <p0826-teimww:firstName knoraType="richtext_value">Richard</p0826-teimww:firstName>
    <p0826-teimww:hasSex knoraType="hlist_value">http://rdfh.ch/lists/0826/18OB1DV9TvmakO8ZkjeFVQ</p0826-teimww:hasSex>
    <p0826-teimww:lastName knoraType="richtext_value">Mulcaster</p0826-teimww:lastName>
  </p0826-teimww:person>
  <p0826-teimww:person id="ww_8f477c6051e158af">
    <knoraXmlImport:label>person label</knoraXmlImport:label>
    <p0826-teimww:birthDate knoraType="date_value">GREGORIAN:1546</p0826-teimww:birthDate>
    <p0826-teimww:deathDate knoraType="date_value">GREGORIAN:1610</p0826-teimww:deathDate>
    <p0826-teimww:description knoraType="richtext_value">English Jesuit missionary</p0826-teimww:description>
    <p0826-teimww:firstName knoraType="richtext_value">Robert</p0826-teimww:firstName>
    <p0826-teimww:hasSex knoraType="hlist_value">http://rdfh.ch/lists/0826/18OB1DV9TvmakO8ZkjeFVQ</p0826-teimww:hasSex>
    <p0826-teimww:lastName knoraType="richtext_value">Persons</p0826-teimww:lastName>
  </p0826-teimww:person>
  <p0826-teimww:person id="ww_1a3350c92dc1c186">
    <knoraXmlImport:label>person label</knoraXmlImport:label>
    <p0826-teimww:firstName knoraType="richtext_value">Richard</p0826-teimww:firstName>
    <p0826-teimww:hasSex knoraType="hlist_value">http://rdfh.ch/lists/0826/18OB1DV9TvmakO8ZkjeFVQ</p0826-teimww:hasSex>
    <p0826-teimww:lastName knoraType="richtext_value">Stanyhurst</p0826-teimww:lastName>
  </p0826-teimww:person>
  <p0826-teimww:person id="ww_81a0be98745dd98b">
    <knoraXmlImport:label>person label</knoraXmlImport:label>
    <p0826-teimww:firstName knoraType="richtext_value">Publius</p0826-teimww:firstName>
    <p0826-teimww:hasSex knoraType="hlist_value">http://rdfh.ch/lists/0826/18OB1DV9TvmakO8ZkjeFVQ</p0826-teimww:hasSex>
    <p0826-teimww:lastName knoraType="richtext_value">Vergilius Maro</p0826-teimww:lastName>
  </p0826-teimww:person>
  <p0826-teimww:person id="ww_2a3b4daed2941136">
    <knoraXmlImport:label>person label</knoraXmlImport:label>
    <p0826-teimww:activeDate knoraType="date_value">GREGORIAN:1582</p0826-teimww:activeDate>
    <p0826-teimww:description knoraType="richtext_value">English poet</p0826-teimww:description>
    <p0826-teimww:firstName knoraType="richtext_value">James</p0826-teimww:firstName>
    <p0826-teimww:hasSex knoraType="hlist_value">http://rdfh.ch/lists/0826/18OB1DV9TvmakO8ZkjeFVQ</p0826-teimww:hasSex>
    <p0826-teimww:lastName knoraType="richtext_value">Yates</p0826-teimww:lastName>
  </p0826-teimww:person>
  <p0826-teimww:person id="ww_2580f4cea0614ff5">
    <knoraXmlImport:label>person label</knoraXmlImport:label>
    <p0826-teimww:firstName knoraType="richtext_value">Brian</p0826-teimww:firstName>
    <p0826-teimww:hasSex knoraType="hlist_value">http://rdfh.ch/lists/0826/18OB1DV9TvmakO8ZkjeFVQ</p0826-teimww:hasSex>
    <p0826-teimww:lastName knoraType="richtext_value">Melbancke</p0826-teimww:lastName>
  </p0826-teimww:person>
  <p0826-teimww:person id="ww_e746ef3ff7ed65a8">
    <knoraXmlImport:label>person label</knoraXmlImport:label>
    <p0826-teimww:birthDate knoraType="date_value">GREGORIAN:1360:1556</p0826-teimww:birthDate>
    <p0826-teimww:deathDate knoraType="date_value">GREGORIAN:1587</p0826-teimww:deathDate>
    <p0826-teimww:description knoraType="richtext_value">English puritan writer</p0826-teimww:description>
    <p0826-teimww:firstName knoraType="richtext_value">Dudley</p0826-teimww:firstName>
    <p0826-teimww:hasSex knoraType="hlist_value">http://rdfh.ch/lists/0826/18OB1DV9TvmakO8ZkjeFVQ</p0826-teimww:hasSex>
    <p0826-teimww:lastName knoraType="richtext_value">Fenner</p0826-teimww:lastName>
  </p0826-teimww:person>
  <p0826-teimww:person id="ww_1e0958dae3ce7ad4">
    <knoraXmlImport:label>person label</knoraXmlImport:label>
    <p0826-teimww:birthDate knoraType="date_value">GREGORIAN:1538</p0826-teimww:birthDate>
    <p0826-teimww:deathDate knoraType="date_value">GREGORIAN:1599</p0826-teimww:deathDate>
    <p0826-teimww:description knoraType="richtext_value">English politician</p0826-teimww:description>
    <p0826-teimww:firstName knoraType="richtext_value">Reginald</p0826-teimww:firstName>
    <p0826-teimww:hasSex knoraType="hlist_value">http://rdfh.ch/lists/0826/18OB1DV9TvmakO8ZkjeFVQ</p0826-teimww:hasSex>
    <p0826-teimww:lastName knoraType="richtext_value">Scot</p0826-teimww:lastName>
  </p0826-teimww:person>
  <p0826-teimww:person id="ww_70fe0bbcf8eba76a">
    <knoraXmlImport:label>person label</knoraXmlImport:label>
    <p0826-teimww:birthDate knoraType="date_value">GREGORIAN:1866</p0826-teimww:birthDate>
    <p0826-teimww:deathDate knoraType="date_value">GREGORIAN:1954</p0826-teimww:deathDate>
    <p0826-teimww:description knoraType="richtext_value">English scholar</p0826-teimww:description>
    <p0826-teimww:firstName knoraType="richtext_value">Edward Kerchever</p0826-teimww:firstName>
    <p0826-teimww:hasSex knoraType="hlist_value">http://rdfh.ch/lists/0826/18OB1DV9TvmakO8ZkjeFVQ</p0826-teimww:hasSex>
    <p0826-teimww:lastName knoraType="richtext_value">Chambers</p0826-teimww:lastName>
  </p0826-teimww:person>
  <p0826-teimww:person id="ww_14800c7eb75cfa9a">
    <knoraXmlImport:label>person label</knoraXmlImport:label>
    <p0826-teimww:birthDate knoraType="date_value">GREGORIAN:1546:1549</p0826-teimww:birthDate>
    <p0826-teimww:deathDate knoraType="date_value">GREGORIAN:1625</p0826-teimww:deathDate>
    <p0826-teimww:description knoraType="richtext_value">English devotional writer</p0826-teimww:description>
    <p0826-teimww:firstName knoraType="richtext_value">John</p0826-teimww:firstName>
    <p0826-teimww:hasSex knoraType="hlist_value">http://rdfh.ch/lists/0826/18OB1DV9TvmakO8ZkjeFVQ</p0826-teimww:hasSex>
    <p0826-teimww:lastName knoraType="richtext_value">Norden</p0826-teimww:lastName>
  </p0826-teimww:person>
  <p0826-teimww:person id="ww_16d31ca4a1f787bf">
    <knoraXmlImport:label>person label</knoraXmlImport:label>
    <p0826-teimww:birthDate knoraType="date_value">GREGORIAN:1547</p0826-teimww:birthDate>
    <p0826-teimww:deathDate knoraType="date_value">GREGORIAN:1616</p0826-teimww:deathDate>
    <p0826-teimww:description knoraType="richtext_value">English bishop and final editor of the King James Bible</p0826-teimww:description>
    <p0826-teimww:firstName knoraType="richtext_value">Thomas</p0826-teimww:firstName>
    <p0826-teimww:hasSex knoraType="hlist_value">http://rdfh.ch/lists/0826/18OB1DV9TvmakO8ZkjeFVQ</p0826-teimww:hasSex>
    <p0826-teimww:lastName knoraType="richtext_value">Bilson</p0826-teimww:lastName>
  </p0826-teimww:person>
  <p0826-teimww:person id="ww_4d90bb08c3de976b">
    <knoraXmlImport:label>person label</knoraXmlImport:label>
    <p0826-teimww:birthDate knoraType="date_value">GREGORIAN:1554</p0826-teimww:birthDate>
    <p0826-teimww:deathDate knoraType="date_value">GREGORIAN:1586</p0826-teimww:deathDate>
    <p0826-teimww:description knoraType="richtext_value">English poet</p0826-teimww:description>
    <p0826-teimww:firstName knoraType="richtext_value">Sir Philip</p0826-teimww:firstName>
    <p0826-teimww:hasSex knoraType="hlist_value">http://rdfh.ch/lists/0826/18OB1DV9TvmakO8ZkjeFVQ</p0826-teimww:hasSex>
    <p0826-teimww:lastName knoraType="richtext_value">Sidney</p0826-teimww:lastName>
  </p0826-teimww:person>
  <p0826-teimww:person id="ww_1d171ca3a3740f14">
    <knoraXmlImport:label>person label</knoraXmlImport:label>
    <p0826-teimww:birthDate knoraType="date_value">GREGORIAN:1550:1552</p0826-teimww:birthDate>
    <p0826-teimww:deathDate knoraType="date_value">GREGORIAN:1615</p0826-teimww:deathDate>
    <p0826-teimww:description knoraType="richtext_value">English physician and stenographer</p0826-teimww:description>
    <p0826-teimww:firstName knoraType="richtext_value">Timothy</p0826-teimww:firstName>
    <p0826-teimww:hasSex knoraType="hlist_value">http://rdfh.ch/lists/0826/18OB1DV9TvmakO8ZkjeFVQ</p0826-teimww:hasSex>
    <p0826-teimww:lastName knoraType="richtext_value">Bright</p0826-teimww:lastName>
  </p0826-teimww:person>
  <p0826-teimww:person id="ww_5afc403ede1322a7">
    <knoraXmlImport:label>person label</knoraXmlImport:label>
    <p0826-teimww:birthDate knoraType="date_value">GREGORIAN:1979:1982</p0826-teimww:birthDate>
    <p0826-teimww:description knoraType="richtext_value">U.S. academic</p0826-teimww:description>
    <p0826-teimww:firstName knoraType="richtext_value">Jacob Sider</p0826-teimww:firstName>
    <p0826-teimww:hasSex knoraType="hlist_value">http://rdfh.ch/lists/0826/18OB1DV9TvmakO8ZkjeFVQ</p0826-teimww:hasSex>
    <p0826-teimww:lastName knoraType="richtext_value">Jost</p0826-teimww:lastName>
  </p0826-teimww:person>
  <p0826-teimww:person id="ww_40f087f3ecb3aa75">
    <knoraXmlImport:label>person label</knoraXmlImport:label>
    <p0826-teimww:birthDate knoraType="date_value">GREGORIAN:1558:1560</p0826-teimww:birthDate>
    <p0826-teimww:deathDate knoraType="date_value">GREGORIAN:1592:1593</p0826-teimww:deathDate>
    <p0826-teimww:description knoraType="richtext_value">English poet</p0826-teimww:description>
    <p0826-teimww:firstName knoraType="richtext_value">Abraham</p0826-teimww:firstName>
    <p0826-teimww:hasSex knoraType="hlist_value">http://rdfh.ch/lists/0826/18OB1DV9TvmakO8ZkjeFVQ</p0826-teimww:hasSex>
    <p0826-teimww:lastName knoraType="richtext_value">Fraunce</p0826-teimww:lastName>
  </p0826-teimww:person>
  <p0826-teimww:person id="ww_4120af7a4ce22c71">
    <knoraXmlImport:label>person label</knoraXmlImport:label>
    <p0826-teimww:activeDate knoraType="date_value">GREGORIAN:1589</p0826-teimww:activeDate>
    <p0826-teimww:description knoraType="richtext_value">English philosopher</p0826-teimww:description>
    <p0826-teimww:firstName knoraType="richtext_value">Thomas</p0826-teimww:firstName>
    <p0826-teimww:hasSex knoraType="hlist_value">http://rdfh.ch/lists/0826/18OB1DV9TvmakO8ZkjeFVQ</p0826-teimww:hasSex>
    <p0826-teimww:lastName knoraType="richtext_value">Smith</p0826-teimww:lastName>
  </p0826-teimww:person>
  <p0826-teimww:person id="ww_29c676ae27f37864">
    <knoraXmlImport:label>person label</knoraXmlImport:label>
    <p0826-teimww:activeDate knoraType="date_value">GREGORIAN:1590</p0826-teimww:activeDate>
    <p0826-teimww:description knoraType="richtext_value">English jurist</p0826-teimww:description>
    <p0826-teimww:firstName knoraType="richtext_value">Henry</p0826-teimww:firstName>
    <p0826-teimww:hasSex knoraType="hlist_value">http://rdfh.ch/lists/0826/18OB1DV9TvmakO8ZkjeFVQ</p0826-teimww:hasSex>
    <p0826-teimww:lastName knoraType="richtext_value">Swinburne</p0826-teimww:lastName>
  </p0826-teimww:person>
  <p0826-teimww:person id="ww_246e8bda427107c8">
    <knoraXmlImport:label>person label</knoraXmlImport:label>
    <p0826-teimww:birthDate knoraType="date_value">GREGORIAN:1578</p0826-teimww:birthDate>
    <p0826-teimww:deathDate knoraType="date_value">GREGORIAN:1606</p0826-teimww:deathDate>
    <p0826-teimww:description knoraType="richtext_value">English Catholic activist</p0826-teimww:description>
    <p0826-teimww:firstName knoraType="richtext_value">Sir Everard</p0826-teimww:firstName>
    <p0826-teimww:hasSex knoraType="hlist_value">http://rdfh.ch/lists/0826/18OB1DV9TvmakO8ZkjeFVQ</p0826-teimww:hasSex>
    <p0826-teimww:lastName knoraType="richtext_value">Digby</p0826-teimww:lastName>
  </p0826-teimww:person>
  <p0826-teimww:person id="ww_788d53fded4c5751">
    <knoraXmlImport:label>person label</knoraXmlImport:label>
    <p0826-teimww:birthDate knoraType="date_value">GREGORIAN:1553</p0826-teimww:birthDate>
    <p0826-teimww:deathDate knoraType="date_value">GREGORIAN:1625</p0826-teimww:deathDate>
    <p0826-teimww:description knoraType="richtext_value">Anglo-Italian linguist and anthologist</p0826-teimww:description>
    <p0826-teimww:firstName knoraType="richtext_value">John</p0826-teimww:firstName>
    <p0826-teimww:hasSex knoraType="hlist_value">http://rdfh.ch/lists/0826/18OB1DV9TvmakO8ZkjeFVQ</p0826-teimww:hasSex>
    <p0826-teimww:lastName knoraType="richtext_value">Florio</p0826-teimww:lastName>
  </p0826-teimww:person>
  <p0826-teimww:person id="ww_dc3833f217f24ffb">
    <knoraXmlImport:label>person label</knoraXmlImport:label>
    <p0826-teimww:birthDate knoraType="date_value">GREGORIAN:1574</p0826-teimww:birthDate>
    <p0826-teimww:deathDate knoraType="date_value">GREGORIAN:1627</p0826-teimww:deathDate>
    <p0826-teimww:description knoraType="richtext_value">English poet</p0826-teimww:description>
    <p0826-teimww:firstName knoraType="richtext_value">Richard</p0826-teimww:firstName>
    <p0826-teimww:hasSex knoraType="hlist_value">http://rdfh.ch/lists/0826/18OB1DV9TvmakO8ZkjeFVQ</p0826-teimww:hasSex>
    <p0826-teimww:lastName knoraType="richtext_value">Barnfield</p0826-teimww:lastName>
  </p0826-teimww:person>
  <p0826-teimww:person id="ww_bb511f296416b258">
    <knoraXmlImport:label>person label</knoraXmlImport:label>
    <p0826-teimww:activeDate knoraType="date_value">GREGORIAN:1594</p0826-teimww:activeDate>
    <p0826-teimww:description knoraType="richtext_value">English theologian</p0826-teimww:description>
    <p0826-teimww:firstName knoraType="richtext_value">John</p0826-teimww:firstName>
    <p0826-teimww:hasSex knoraType="hlist_value">http://rdfh.ch/lists/0826/18OB1DV9TvmakO8ZkjeFVQ</p0826-teimww:hasSex>
    <p0826-teimww:lastName knoraType="richtext_value">King</p0826-teimww:lastName>
  </p0826-teimww:person>
  <p0826-teimww:person id="ww_3bba108f51aa8607">
    <knoraXmlImport:label>person label</knoraXmlImport:label>
    <p0826-teimww:firstName knoraType="richtext_value">Anthony</p0826-teimww:firstName>
    <p0826-teimww:hasSex knoraType="hlist_value">http://rdfh.ch/lists/0826/18OB1DV9TvmakO8ZkjeFVQ</p0826-teimww:hasSex>
    <p0826-teimww:lastName knoraType="richtext_value">Copley</p0826-teimww:lastName>
  </p0826-teimww:person>
  <p0826-teimww:person id="ww_84ff74beb4a95aa1">
    <knoraXmlImport:label>person label</knoraXmlImport:label>
    <p0826-teimww:birthDate knoraType="date_value">GREGORIAN:1558</p0826-teimww:birthDate>
    <p0826-teimww:deathDate knoraType="date_value">GREGORIAN:1602</p0826-teimww:deathDate>
    <p0826-teimww:description knoraType="richtext_value">English Puritan theologian</p0826-teimww:description>
    <p0826-teimww:firstName knoraType="richtext_value">William</p0826-teimww:firstName>
    <p0826-teimww:hasSex knoraType="hlist_value">http://rdfh.ch/lists/0826/18OB1DV9TvmakO8ZkjeFVQ</p0826-teimww:hasSex>
    <p0826-teimww:lastName knoraType="richtext_value">Perkins</p0826-teimww:lastName>
  </p0826-teimww:person>
  <p0826-teimww:person id="ww_352af22fad3f766f">
    <knoraXmlImport:label>person label</knoraXmlImport:label>
    <p0826-teimww:firstName knoraType="richtext_value">Adele</p0826-teimww:firstName>
    <p0826-teimww:hasSex knoraType="hlist_value">http://rdfh.ch/lists/0826/18OB1DV9TvmakO8ZkjeFVQ</p0826-teimww:hasSex>
    <p0826-teimww:lastName knoraType="richtext_value">Davidson</p0826-teimww:lastName>
  </p0826-teimww:person>
  <p0826-teimww:person id="ww_196318c17e1ae6d2">
    <knoraXmlImport:label>person label</knoraXmlImport:label>
    <p0826-teimww:activeDate knoraType="date_value">GREGORIAN:2010</p0826-teimww:activeDate>
    <p0826-teimww:description knoraType="richtext_value">U.S. academic</p0826-teimww:description>
    <p0826-teimww:firstName knoraType="richtext_value">Richard</p0826-teimww:firstName>
    <p0826-teimww:hasSex knoraType="hlist_value">http://rdfh.ch/lists/0826/18OB1DV9TvmakO8ZkjeFVQ</p0826-teimww:hasSex>
    <p0826-teimww:lastName knoraType="richtext_value">Knowles</p0826-teimww:lastName>
  </p0826-teimww:person>
  <p0826-teimww:person id="ww_866098e504e55c18">
    <knoraXmlImport:label>person label</knoraXmlImport:label>
    <p0826-teimww:deathDate knoraType="date_value">GREGORIAN:1629</p0826-teimww:deathDate>
    <p0826-teimww:description knoraType="richtext_value">English poet</p0826-teimww:description>
    <p0826-teimww:firstName knoraType="richtext_value">Sir Francis</p0826-teimww:firstName>
    <p0826-teimww:hasSex knoraType="hlist_value">http://rdfh.ch/lists/0826/18OB1DV9TvmakO8ZkjeFVQ</p0826-teimww:hasSex>
    <p0826-teimww:lastName knoraType="richtext_value">Hubert</p0826-teimww:lastName>
  </p0826-teimww:person>
  <p0826-teimww:person id="ww_bba79dead28fbb93">
    <knoraXmlImport:label>person label</knoraXmlImport:label>
    <p0826-teimww:birthDate knoraType="date_value">GREGORIAN:1563</p0826-teimww:birthDate>
    <p0826-teimww:deathDate knoraType="date_value">GREGORIAN:1618</p0826-teimww:deathDate>
    <p0826-teimww:description knoraType="richtext_value">English translator</p0826-teimww:description>
    <p0826-teimww:firstName knoraType="richtext_value">Josuah</p0826-teimww:firstName>
    <p0826-teimww:hasSex knoraType="hlist_value">http://rdfh.ch/lists/0826/18OB1DV9TvmakO8ZkjeFVQ</p0826-teimww:hasSex>
    <p0826-teimww:lastName knoraType="richtext_value">Sylvester</p0826-teimww:lastName>
  </p0826-teimww:person>
  <p0826-teimww:person id="ww_8ff183e9c3dd0d6b">
    <knoraXmlImport:label>person label</knoraXmlImport:label>
    <p0826-teimww:birthDate knoraType="date_value">GREGORIAN:1563</p0826-teimww:birthDate>
    <p0826-teimww:deathDate knoraType="date_value">GREGORIAN:1626</p0826-teimww:deathDate>
    <p0826-teimww:description knoraType="richtext_value">English composer and poet</p0826-teimww:description>
    <p0826-teimww:firstName knoraType="richtext_value">John</p0826-teimww:firstName>
    <p0826-teimww:hasSex knoraType="hlist_value">http://rdfh.ch/lists/0826/18OB1DV9TvmakO8ZkjeFVQ</p0826-teimww:hasSex>
    <p0826-teimww:lastName knoraType="richtext_value">Dowland</p0826-teimww:lastName>
  </p0826-teimww:person>
  <p0826-teimww:person id="ww_330dc7a83f0d7fd6">
    <knoraXmlImport:label>person label</knoraXmlImport:label>
    <p0826-teimww:activeDate knoraType="date_value">GREGORIAN:1909</p0826-teimww:activeDate>
    <p0826-teimww:description knoraType="richtext_value">English (?) scholar</p0826-teimww:description>
    <p0826-teimww:firstName knoraType="richtext_value">W. M.</p0826-teimww:firstName>
    <p0826-teimww:hasSex knoraType="hlist_value">http://rdfh.ch/lists/0826/18OB1DV9TvmakO8ZkjeFVQ</p0826-teimww:hasSex>
    <p0826-teimww:lastName knoraType="richtext_value">Theobald</p0826-teimww:lastName>
  </p0826-teimww:person>
  <p0826-teimww:person id="ww_0ddc123b822a1712">
    <knoraXmlImport:label>person label</knoraXmlImport:label>
    <p0826-teimww:firstName knoraType="richtext_value">Duncan</p0826-teimww:firstName>
    <p0826-teimww:hasSex knoraType="hlist_value">http://rdfh.ch/lists/0826/18OB1DV9TvmakO8ZkjeFVQ</p0826-teimww:hasSex>
    <p0826-teimww:lastName knoraType="richtext_value">Salkeld</p0826-teimww:lastName>
  </p0826-teimww:person>
  <p0826-teimww:person id="ww_d5b779fffbf80505">
    <knoraXmlImport:label>person label</knoraXmlImport:label>
    <p0826-teimww:activeDate knoraType="date_value">GREGORIAN:1989:1993</p0826-teimww:activeDate>
    <p0826-teimww:description knoraType="richtext_value">U.S. (?) academic</p0826-teimww:description>
    <p0826-teimww:firstName knoraType="richtext_value">Thomas O.</p0826-teimww:firstName>
    <p0826-teimww:hasSex knoraType="hlist_value">http://rdfh.ch/lists/0826/18OB1DV9TvmakO8ZkjeFVQ</p0826-teimww:hasSex>
    <p0826-teimww:lastName knoraType="richtext_value">Calhoun</p0826-teimww:lastName>
  </p0826-teimww:person>
  <p0826-teimww:person id="ww_46c46082234d6025">
    <knoraXmlImport:label>person label</knoraXmlImport:label>
    <p0826-teimww:birthDate knoraType="date_value">GREGORIAN:1917</p0826-teimww:birthDate>
    <p0826-teimww:deathDate knoraType="date_value">GREGORIAN:2005</p0826-teimww:deathDate>
    <p0826-teimww:description knoraType="richtext_value">U.S. scholar</p0826-teimww:description>
    <p0826-teimww:firstName knoraType="richtext_value">Robert William</p0826-teimww:firstName>
    <p0826-teimww:hasSex knoraType="hlist_value">http://rdfh.ch/lists/0826/18OB1DV9TvmakO8ZkjeFVQ</p0826-teimww:hasSex>
    <p0826-teimww:lastName knoraType="richtext_value">Dent</p0826-teimww:lastName>
  </p0826-teimww:person>
  <p0826-teimww:person id="ww_166f75ce43f038e3">
    <knoraXmlImport:label>person label</knoraXmlImport:label>
    <p0826-teimww:birthDate knoraType="date_value">GREGORIAN:1905</p0826-teimww:birthDate>
    <p0826-teimww:deathDate knoraType="date_value">GREGORIAN:1991</p0826-teimww:deathDate>
    <p0826-teimww:description knoraType="richtext_value">U.S. scholar</p0826-teimww:description>
    <p0826-teimww:firstName knoraType="richtext_value">Fredson Thayer</p0826-teimww:firstName>
    <p0826-teimww:hasSex knoraType="hlist_value">http://rdfh.ch/lists/0826/18OB1DV9TvmakO8ZkjeFVQ</p0826-teimww:hasSex>
    <p0826-teimww:lastName knoraType="richtext_value">Bowers</p0826-teimww:lastName>
  </p0826-teimww:person>
  <p0826-teimww:person id="ww_f6a5674247272fe5">
    <knoraXmlImport:label>person label</knoraXmlImport:label>
    <p0826-teimww:deathDate knoraType="date_value">GREGORIAN:1635</p0826-teimww:deathDate>
    <p0826-teimww:description knoraType="richtext_value">English publisher</p0826-teimww:description>
    <p0826-teimww:firstName knoraType="richtext_value">Robert</p0826-teimww:firstName>
    <p0826-teimww:hasSex knoraType="hlist_value">http://rdfh.ch/lists/0826/18OB1DV9TvmakO8ZkjeFVQ</p0826-teimww:hasSex>
    <p0826-teimww:lastName knoraType="richtext_value">Allott</p0826-teimww:lastName>
  </p0826-teimww:person>
  <p0826-teimww:person id="ww_6189bca8bbb55fc5">
    <knoraXmlImport:label>person label</knoraXmlImport:label>
    <p0826-teimww:activeDate knoraType="date_value">GREGORIAN:1585:1616</p0826-teimww:activeDate>
    <p0826-teimww:description knoraType="richtext_value">English preacher</p0826-teimww:description>
    <p0826-teimww:firstName knoraType="richtext_value">John</p0826-teimww:firstName>
    <p0826-teimww:hasSex knoraType="hlist_value">http://rdfh.ch/lists/0826/18OB1DV9TvmakO8ZkjeFVQ</p0826-teimww:hasSex>
    <p0826-teimww:lastName knoraType="richtext_value">Deacon</p0826-teimww:lastName>
  </p0826-teimww:person>
  <p0826-teimww:person id="ww_fba1842c561811bb">
    <knoraXmlImport:label>person label</knoraXmlImport:label>
    <p0826-teimww:activeDate knoraType="date_value">GREGORIAN:1601</p0826-teimww:activeDate>
    <p0826-teimww:description knoraType="richtext_value">English preacher</p0826-teimww:description>
    <p0826-teimww:firstName knoraType="richtext_value">John (1)</p0826-teimww:firstName>
    <p0826-teimww:hasSex knoraType="hlist_value">http://rdfh.ch/lists/0826/18OB1DV9TvmakO8ZkjeFVQ</p0826-teimww:hasSex>
    <p0826-teimww:lastName knoraType="richtext_value">Walker</p0826-teimww:lastName>
  </p0826-teimww:person>
  <p0826-teimww:person id="ww_4eb3d59f66c6b3a5">
    <knoraXmlImport:label>person label</knoraXmlImport:label>
    <p0826-teimww:activeDate knoraType="date_value">GREGORIAN:1912</p0826-teimww:activeDate>
    <p0826-teimww:description knoraType="richtext_value">Dutch (?) scholar</p0826-teimww:description>
    <p0826-teimww:firstName knoraType="richtext_value">A. E. H.</p0826-teimww:firstName>
    <p0826-teimww:hasSex knoraType="hlist_value">http://rdfh.ch/lists/0826/18OB1DV9TvmakO8ZkjeFVQ</p0826-teimww:hasSex>
    <p0826-teimww:lastName knoraType="richtext_value">Swaen</p0826-teimww:lastName>
  </p0826-teimww:person>
  <p0826-teimww:person id="ww_5eda50e71c74828b">
    <knoraXmlImport:label>person label</knoraXmlImport:label>
    <p0826-teimww:birthDate knoraType="date_value">GREGORIAN:1575</p0826-teimww:birthDate>
    <p0826-teimww:deathDate knoraType="date_value">GREGORIAN:1625</p0826-teimww:deathDate>
    <p0826-teimww:description knoraType="richtext_value">English clergyman and stenographer ca.</p0826-teimww:description>
    <p0826-teimww:firstName knoraType="richtext_value">John</p0826-teimww:firstName>
    <p0826-teimww:hasSex knoraType="hlist_value">http://rdfh.ch/lists/0826/18OB1DV9TvmakO8ZkjeFVQ</p0826-teimww:hasSex>
    <p0826-teimww:lastName knoraType="richtext_value">Willis</p0826-teimww:lastName>
  </p0826-teimww:person>
  <p0826-teimww:person id="ww_db0f93eb54e77e5f">
    <knoraXmlImport:label>person label</knoraXmlImport:label>
    <p0826-teimww:activeDate knoraType="date_value">GREGORIAN:1980</p0826-teimww:activeDate>
    <p0826-teimww:description knoraType="richtext_value">U.S. (?) schoalar</p0826-teimww:description>
    <p0826-teimww:firstName knoraType="richtext_value">T. J. B.</p0826-teimww:firstName>
    <p0826-teimww:hasSex knoraType="hlist_value">http://rdfh.ch/lists/0826/18OB1DV9TvmakO8ZkjeFVQ</p0826-teimww:hasSex>
    <p0826-teimww:lastName knoraType="richtext_value">Spencer</p0826-teimww:lastName>
  </p0826-teimww:person>
  <p0826-teimww:person id="ww_4491e2ccf9b5d7e6">
    <knoraXmlImport:label>person label</knoraXmlImport:label>
    <p0826-teimww:activeDate knoraType="date_value">GREGORIAN:2006</p0826-teimww:activeDate>
    <p0826-teimww:description knoraType="richtext_value">U.S. academic</p0826-teimww:description>
    <p0826-teimww:firstName knoraType="richtext_value">Charles</p0826-teimww:firstName>
    <p0826-teimww:hasSex knoraType="hlist_value">http://rdfh.ch/lists/0826/18OB1DV9TvmakO8ZkjeFVQ</p0826-teimww:hasSex>
    <p0826-teimww:lastName knoraType="richtext_value">Whitney</p0826-teimww:lastName>
  </p0826-teimww:person>
  <p0826-teimww:person id="ww_a15d1ad784ef65c3">
    <knoraXmlImport:label>person label</knoraXmlImport:label>
    <p0826-teimww:birthDate knoraType="date_value">GREGORIAN:1585</p0826-teimww:birthDate>
    <p0826-teimww:deathDate knoraType="date_value">GREGORIAN:1639</p0826-teimww:deathDate>
    <p0826-teimww:description knoraType="richtext_value">English poet, dramatist and translator</p0826-teimww:description>
    <p0826-teimww:firstName knoraType="richtext_value">Elizabeth, Viscountess Falkland </p0826-teimww:firstName>
    <p0826-teimww:hasSex knoraType="hlist_value">http://rdfh.ch/lists/0826/18OB1DV9TvmakO8ZkjeFVQ</p0826-teimww:hasSex>
    <p0826-teimww:lastName knoraType="richtext_value">Cary</p0826-teimww:lastName>
  </p0826-teimww:person>
  <p0826-teimww:person id="ww_77b4cd08eebf6e6c">
    <knoraXmlImport:label>person label</knoraXmlImport:label>
    <p0826-teimww:activeDate knoraType="date_value">GREGORIAN:1605</p0826-teimww:activeDate>
    <p0826-teimww:description knoraType="richtext_value">English</p0826-teimww:description>
    <p0826-teimww:firstName knoraType="richtext_value">Samuel</p0826-teimww:firstName>
    <p0826-teimww:hasSex knoraType="hlist_value">http://rdfh.ch/lists/0826/18OB1DV9TvmakO8ZkjeFVQ</p0826-teimww:hasSex>
    <p0826-teimww:lastName knoraType="richtext_value">Garey</p0826-teimww:lastName>
  </p0826-teimww:person>
  <p0826-teimww:person id="ww_f5bf6503bd4e3d9b">
    <knoraXmlImport:label>person label</knoraXmlImport:label>
    <p0826-teimww:activeDate knoraType="date_value">GREGORIAN:2008</p0826-teimww:activeDate>
    <p0826-teimww:description knoraType="richtext_value">English scholar</p0826-teimww:description>
    <p0826-teimww:firstName knoraType="richtext_value">Charles</p0826-teimww:firstName>
    <p0826-teimww:hasSex knoraType="hlist_value">http://rdfh.ch/lists/0826/18OB1DV9TvmakO8ZkjeFVQ</p0826-teimww:hasSex>
    <p0826-teimww:lastName knoraType="richtext_value">Cathcart</p0826-teimww:lastName>
  </p0826-teimww:person>
  <p0826-teimww:person id="ww_c62da289e0e58107">
    <knoraXmlImport:label>person label</knoraXmlImport:label>
    <p0826-teimww:firstName knoraType="richtext_value">Thomas</p0826-teimww:firstName>
    <p0826-teimww:hasSex knoraType="hlist_value">http://rdfh.ch/lists/0826/18OB1DV9TvmakO8ZkjeFVQ</p0826-teimww:hasSex>
    <p0826-teimww:lastName knoraType="richtext_value">Pickering</p0826-teimww:lastName>
  </p0826-teimww:person>
  <p0826-teimww:person id="ww_ba2bed49492fef13">
    <knoraXmlImport:label>person label</knoraXmlImport:label>
    <p0826-teimww:deathDate knoraType="date_value">GREGORIAN:1628</p0826-teimww:deathDate>
    <p0826-teimww:description knoraType="richtext_value">English dramatist</p0826-teimww:description>
    <p0826-teimww:firstName knoraType="richtext_value">Robert</p0826-teimww:firstName>
    <p0826-teimww:hasSex knoraType="hlist_value">http://rdfh.ch/lists/0826/18OB1DV9TvmakO8ZkjeFVQ</p0826-teimww:hasSex>
    <p0826-teimww:lastName knoraType="richtext_value">Daborne</p0826-teimww:lastName>
  </p0826-teimww:person>
  <p0826-teimww:person id="ww_e677b0c54662da19">
    <knoraXmlImport:label>person label</knoraXmlImport:label>
    <p0826-teimww:activeDate knoraType="date_value">GREGORIAN:1615</p0826-teimww:activeDate>
    <p0826-teimww:description knoraType="richtext_value">British poet</p0826-teimww:description>
    <p0826-teimww:firstName knoraType="richtext_value">Alexander</p0826-teimww:firstName>
    <p0826-teimww:hasSex knoraType="hlist_value">http://rdfh.ch/lists/0826/18OB1DV9TvmakO8ZkjeFVQ</p0826-teimww:hasSex>
    <p0826-teimww:lastName knoraType="richtext_value">Niccholes</p0826-teimww:lastName>
  </p0826-teimww:person>
  <p0826-teimww:person id="ww_02a32352c63afb30">
    <knoraXmlImport:label>person label</knoraXmlImport:label>
    <p0826-teimww:activeDate knoraType="date_value">GREGORIAN:1615:1653</p0826-teimww:activeDate>
    <p0826-teimww:description knoraType="richtext_value">English anthologist</p0826-teimww:description>
    <p0826-teimww:firstName knoraType="richtext_value">William</p0826-teimww:firstName>
    <p0826-teimww:hasSex knoraType="hlist_value">http://rdfh.ch/lists/0826/18OB1DV9TvmakO8ZkjeFVQ</p0826-teimww:hasSex>
    <p0826-teimww:lastName knoraType="richtext_value">Basse</p0826-teimww:lastName>
  </p0826-teimww:person>
  <p0826-teimww:person id="ww_060fb51fdafb3cc5">
    <knoraXmlImport:label>person label</knoraXmlImport:label>
    <p0826-teimww:birthDate knoraType="date_value">GREGORIAN:1630</p0826-teimww:birthDate>
    <p0826-teimww:deathDate knoraType="date_value">GREGORIAN:1696:1700</p0826-teimww:deathDate>
    <p0826-teimww:description knoraType="richtext_value">British anthologist</p0826-teimww:description>
    <p0826-teimww:firstName knoraType="richtext_value">Edward</p0826-teimww:firstName>
    <p0826-teimww:hasSex knoraType="hlist_value">http://rdfh.ch/lists/0826/18OB1DV9TvmakO8ZkjeFVQ</p0826-teimww:hasSex>
    <p0826-teimww:lastName knoraType="richtext_value">Phillips</p0826-teimww:lastName>
  </p0826-teimww:person>
  <p0826-teimww:person id="ww_39384a524a7bafbe">
    <knoraXmlImport:label>person label</knoraXmlImport:label>
    <p0826-teimww:deathDate knoraType="date_value">GREGORIAN:1629</p0826-teimww:deathDate>
    <p0826-teimww:description knoraType="richtext_value">British writer</p0826-teimww:description>
    <p0826-teimww:firstName knoraType="richtext_value">Edward</p0826-teimww:firstName>
    <p0826-teimww:hasSex knoraType="hlist_value">http://rdfh.ch/lists/0826/18OB1DV9TvmakO8ZkjeFVQ</p0826-teimww:hasSex>
    <p0826-teimww:lastName knoraType="richtext_value">Pond</p0826-teimww:lastName>
  </p0826-teimww:person>
  <p0826-teimww:person id="ww_3a8aed7d4df9e7de">
    <knoraXmlImport:label>person label</knoraXmlImport:label>
    <p0826-teimww:birthDate knoraType="date_value">GREGORIAN:1578</p0826-teimww:birthDate>
    <p0826-teimww:deathDate knoraType="date_value">GREGORIAN:1646</p0826-teimww:deathDate>
    <p0826-teimww:description knoraType="richtext_value">English Puritan priest</p0826-teimww:description>
    <p0826-teimww:firstName knoraType="richtext_value">William</p0826-teimww:firstName>
    <p0826-teimww:hasSex knoraType="hlist_value">http://rdfh.ch/lists/0826/18OB1DV9TvmakO8ZkjeFVQ</p0826-teimww:hasSex>
    <p0826-teimww:lastName knoraType="richtext_value">Twisse</p0826-teimww:lastName>
  </p0826-teimww:person>
  <p0826-teimww:person id="ww_4972531db9405dfc">
    <knoraXmlImport:label>person label</knoraXmlImport:label>
    <p0826-teimww:birthDate knoraType="date_value">GREGORIAN:1608</p0826-teimww:birthDate>
    <p0826-teimww:deathDate knoraType="date_value">GREGORIAN:1674</p0826-teimww:deathDate>
    <p0826-teimww:description knoraType="richtext_value">English poet</p0826-teimww:description>
    <p0826-teimww:firstName knoraType="richtext_value">John</p0826-teimww:firstName>
    <p0826-teimww:hasSex knoraType="hlist_value">http://rdfh.ch/lists/0826/18OB1DV9TvmakO8ZkjeFVQ</p0826-teimww:hasSex>
    <p0826-teimww:lastName knoraType="richtext_value">Milton</p0826-teimww:lastName>
  </p0826-teimww:person>
  <p0826-teimww:person id="ww_d031de8fd298348b">
    <knoraXmlImport:label>person label</knoraXmlImport:label>
    <p0826-teimww:birthDate knoraType="date_value">GREGORIAN:1963:1965</p0826-teimww:birthDate>
    <p0826-teimww:description knoraType="richtext_value">English academic</p0826-teimww:description>
    <p0826-teimww:firstName knoraType="richtext_value">Colin</p0826-teimww:firstName>
    <p0826-teimww:hasSex knoraType="hlist_value">http://rdfh.ch/lists/0826/18OB1DV9TvmakO8ZkjeFVQ</p0826-teimww:hasSex>
    <p0826-teimww:lastName knoraType="richtext_value">Burrow</p0826-teimww:lastName>
  </p0826-teimww:person>
  <p0826-teimww:person id="ww_04599c8d5b7e6be6">
    <knoraXmlImport:label>person label</knoraXmlImport:label>
    <p0826-teimww:birthDate knoraType="date_value">GREGORIAN:1605</p0826-teimww:birthDate>
    <p0826-teimww:deathDate knoraType="date_value">GREGORIAN:1682</p0826-teimww:deathDate>
    <p0826-teimww:description knoraType="richtext_value">English physician, antiquarian and philosopher</p0826-teimww:description>
    <p0826-teimww:firstName knoraType="richtext_value">Sir Thomas</p0826-teimww:firstName>
    <p0826-teimww:hasSex knoraType="hlist_value">http://rdfh.ch/lists/0826/18OB1DV9TvmakO8ZkjeFVQ</p0826-teimww:hasSex>
    <p0826-teimww:lastName knoraType="richtext_value">Browne</p0826-teimww:lastName>
  </p0826-teimww:person>
  <p0826-teimww:person id="ww_5e2853e3f87f7ec9">
    <knoraXmlImport:label>person label</knoraXmlImport:label>
    <p0826-teimww:activeDate knoraType="date_value">GREGORIAN:1661</p0826-teimww:activeDate>
    <p0826-teimww:description knoraType="richtext_value">Dutch-born English dramatist</p0826-teimww:description>
    <p0826-teimww:firstName knoraType="richtext_value">George Gerbier </p0826-teimww:firstName>
    <p0826-teimww:hasSex knoraType="hlist_value">http://rdfh.ch/lists/0826/18OB1DV9TvmakO8ZkjeFVQ</p0826-teimww:hasSex>
    <p0826-teimww:lastName knoraType="richtext_value">d'Ouvilly</p0826-teimww:lastName>
  </p0826-teimww:person>
  <p0826-teimww:person id="ww_b2f00cf3ae93a32b">
    <knoraXmlImport:label>person label</knoraXmlImport:label>
    <p0826-teimww:birthDate knoraType="date_value">GREGORIAN:1653</p0826-teimww:birthDate>
    <p0826-teimww:deathDate knoraType="date_value">GREGORIAN:1723</p0826-teimww:deathDate>
    <p0826-teimww:description knoraType="richtext_value">English dramatist and songwriter</p0826-teimww:description>
    <p0826-teimww:firstName knoraType="richtext_value">Thomas</p0826-teimww:firstName>
    <p0826-teimww:hasSex knoraType="hlist_value">http://rdfh.ch/lists/0826/18OB1DV9TvmakO8ZkjeFVQ</p0826-teimww:hasSex>
    <p0826-teimww:lastName knoraType="richtext_value">D'Urfey</p0826-teimww:lastName>
  </p0826-teimww:person>
  <p0826-teimww:person id="ww_7af335e6c892a8d0">
    <knoraXmlImport:label>person label</knoraXmlImport:label>
    <p0826-teimww:birthDate knoraType="date_value">GREGORIAN:1532</p0826-teimww:birthDate>
    <p0826-teimww:deathDate knoraType="date_value">GREGORIAN:1584</p0826-teimww:deathDate>
    <p0826-teimww:description knoraType="richtext_value">English dramatist and politician</p0826-teimww:description>
    <p0826-teimww:firstName knoraType="richtext_value">Thomas</p0826-teimww:firstName>
    <p0826-teimww:hasSex knoraType="hlist_value">http://rdfh.ch/lists/0826/18OB1DV9TvmakO8ZkjeFVQ</p0826-teimww:hasSex>
    <p0826-teimww:lastName knoraType="richtext_value">Norton</p0826-teimww:lastName>
  </p0826-teimww:person>
  <p0826-teimww:person id="ww_3d7f30bfa784adbc">
    <knoraXmlImport:label>person label</knoraXmlImport:label>
    <p0826-teimww:birthDate knoraType="date_value">GREGORIAN:1536</p0826-teimww:birthDate>
    <p0826-teimww:deathDate knoraType="date_value">GREGORIAN:1608</p0826-teimww:deathDate>
    <p0826-teimww:description knoraType="richtext_value">English politician, poet and dramatist  @007009</p0826-teimww:description>
    <p0826-teimww:firstName knoraType="richtext_value">Sir Thomas</p0826-teimww:firstName>
    <p0826-teimww:hasSex knoraType="hlist_value">http://rdfh.ch/lists/0826/18OB1DV9TvmakO8ZkjeFVQ</p0826-teimww:hasSex>
    <p0826-teimww:lastName knoraType="richtext_value">Sackville</p0826-teimww:lastName>
  </p0826-teimww:person>
  <p0826-teimww:person id="ww_d445647247f3f748">
    <knoraXmlImport:label>person label</knoraXmlImport:label>
    <p0826-teimww:birthDate knoraType="date_value">GREGORIAN:1925</p0826-teimww:birthDate>
    <p0826-teimww:deathDate knoraType="date_value">GREGORIAN:2017</p0826-teimww:deathDate>
    <p0826-teimww:description knoraType="richtext_value">English Jesuit priest and scholar</p0826-teimww:description>
    <p0826-teimww:firstName knoraType="richtext_value">Peter</p0826-teimww:firstName>
    <p0826-teimww:hasSex knoraType="hlist_value">http://rdfh.ch/lists/0826/18OB1DV9TvmakO8ZkjeFVQ</p0826-teimww:hasSex>
    <p0826-teimww:lastName knoraType="richtext_value">Milward</p0826-teimww:lastName>
  </p0826-teimww:person>
  <p0826-teimww:person id="ww_25e6fd889f1e2401">
    <knoraXmlImport:label>person label</knoraXmlImport:label>
    <p0826-teimww:firstName knoraType="richtext_value">Robert</p0826-teimww:firstName>
    <p0826-teimww:hasSex knoraType="hlist_value">http://rdfh.ch/lists/0826/18OB1DV9TvmakO8ZkjeFVQ</p0826-teimww:hasSex>
    <p0826-teimww:lastName knoraType="richtext_value">Wilson</p0826-teimww:lastName>
  </p0826-teimww:person>
  <p0826-teimww:person id="ww_1e249fc82c1de780">
    <knoraXmlImport:label>person label</knoraXmlImport:label>
    <p0826-teimww:activeDate knoraType="date_value">GREGORIAN:1566:1584</p0826-teimww:activeDate>
    <p0826-teimww:description knoraType="richtext_value">British poet</p0826-teimww:description>
    <p0826-teimww:firstName knoraType="richtext_value">Clement</p0826-teimww:firstName>
    <p0826-teimww:hasSex knoraType="hlist_value">http://rdfh.ch/lists/0826/18OB1DV9TvmakO8ZkjeFVQ</p0826-teimww:hasSex>
    <p0826-teimww:lastName knoraType="richtext_value">Robinson</p0826-teimww:lastName>
  </p0826-teimww:person>
  <p0826-teimww:person id="ww_5292e9f9b3764075">
    <knoraXmlImport:label>person label</knoraXmlImport:label>
    <p0826-teimww:activeDate knoraType="date_value">GREGORIAN:1997</p0826-teimww:activeDate>
    <p0826-teimww:description knoraType="richtext_value">U.S. (?) scholar</p0826-teimww:description>
    <p0826-teimww:firstName knoraType="richtext_value">Linda M.</p0826-teimww:firstName>
    <p0826-teimww:hasSex knoraType="hlist_value">http://rdfh.ch/lists/0826/18OB1DV9TvmakO8ZkjeFVQ</p0826-teimww:hasSex>
    <p0826-teimww:lastName knoraType="richtext_value">Charnes</p0826-teimww:lastName>
  </p0826-teimww:person>
  <p0826-teimww:person id="ww_e9cb87724e65b28f">
    <knoraXmlImport:label>person label</knoraXmlImport:label>
    <p0826-teimww:activeDate knoraType="date_value">GREGORIAN:2007</p0826-teimww:activeDate>
    <p0826-teimww:description knoraType="richtext_value">English (?) academic</p0826-teimww:description>
    <p0826-teimww:firstName knoraType="richtext_value">Marvin W.</p0826-teimww:firstName>
    <p0826-teimww:hasSex knoraType="hlist_value">http://rdfh.ch/lists/0826/18OB1DV9TvmakO8ZkjeFVQ</p0826-teimww:hasSex>
    <p0826-teimww:lastName knoraType="richtext_value">Hunt</p0826-teimww:lastName>
  </p0826-teimww:person>
  <p0826-teimww:person id="ww_0892ee27a956341b">
    <knoraXmlImport:label>person label</knoraXmlImport:label>
    <p0826-teimww:activeDate knoraType="date_value">GREGORIAN:1964</p0826-teimww:activeDate>
    <p0826-teimww:description knoraType="richtext_value">U.S. (?( scholar</p0826-teimww:description>
    <p0826-teimww:firstName knoraType="richtext_value">Joseph W.</p0826-teimww:firstName>
    <p0826-teimww:hasSex knoraType="hlist_value">http://rdfh.ch/lists/0826/18OB1DV9TvmakO8ZkjeFVQ</p0826-teimww:hasSex>
    <p0826-teimww:lastName knoraType="richtext_value">DeMent</p0826-teimww:lastName>
  </p0826-teimww:person>
  <p0826-teimww:person id="ww_bee6ba91f2c450cd">
    <knoraXmlImport:label>person label</knoraXmlImport:label>
    <p0826-teimww:activeDate knoraType="date_value">GREGORIAN:2006</p0826-teimww:activeDate>
    <p0826-teimww:description knoraType="richtext_value">German scholar</p0826-teimww:description>
    <p0826-teimww:firstName knoraType="richtext_value">Wolfgang</p0826-teimww:firstName>
    <p0826-teimww:hasSex knoraType="hlist_value">http://rdfh.ch/lists/0826/18OB1DV9TvmakO8ZkjeFVQ</p0826-teimww:hasSex>
    <p0826-teimww:lastName knoraType="richtext_value">Müller</p0826-teimww:lastName>
  </p0826-teimww:person>
  <p0826-teimww:person id="ww_240bf4a7d8bc0162">
    <knoraXmlImport:label>person label</knoraXmlImport:label>
    <p0826-teimww:birthDate knoraType="date_value">GREGORIAN:1926</p0826-teimww:birthDate>
    <p0826-teimww:deathDate knoraType="date_value">GREGORIAN:2004</p0826-teimww:deathDate>
    <p0826-teimww:description knoraType="richtext_value">English scholar</p0826-teimww:description>
    <p0826-teimww:firstName knoraType="richtext_value">Eric</p0826-teimww:firstName>
    <p0826-teimww:hasSex knoraType="hlist_value">http://rdfh.ch/lists/0826/18OB1DV9TvmakO8ZkjeFVQ</p0826-teimww:hasSex>
    <p0826-teimww:lastName knoraType="richtext_value">Sams</p0826-teimww:lastName>
  </p0826-teimww:person>
  <p0826-teimww:person id="ww_96e72412ce67888e">
    <knoraXmlImport:label>person label</knoraXmlImport:label>
    <p0826-teimww:birthDate knoraType="date_value">GREGORIAN:1565:1566</p0826-teimww:birthDate>
    <p0826-teimww:deathDate knoraType="date_value">GREGORIAN:1647</p0826-teimww:deathDate>
    <p0826-teimww:description knoraType="richtext_value">English anthologist</p0826-teimww:description>
    <p0826-teimww:firstName knoraType="richtext_value">Francis</p0826-teimww:firstName>
    <p0826-teimww:hasSex knoraType="hlist_value">http://rdfh.ch/lists/0826/18OB1DV9TvmakO8ZkjeFVQ</p0826-teimww:hasSex>
    <p0826-teimww:lastName knoraType="richtext_value">Meres</p0826-teimww:lastName>
  </p0826-teimww:person>
  <p0826-teimww:person id="ww_22f6e503d59ca03b">
    <knoraXmlImport:label>person label</knoraXmlImport:label>
    <p0826-teimww:activeDate knoraType="date_value">GREGORIAN:1589:1602</p0826-teimww:activeDate>
    <p0826-teimww:description knoraType="richtext_value">English poet</p0826-teimww:description>
    <p0826-teimww:firstName knoraType="richtext_value">Thomas</p0826-teimww:firstName>
    <p0826-teimww:hasSex knoraType="hlist_value">http://rdfh.ch/lists/0826/18OB1DV9TvmakO8ZkjeFVQ</p0826-teimww:hasSex>
    <p0826-teimww:lastName knoraType="richtext_value">Acheley or Achelow</p0826-teimww:lastName>
  </p0826-teimww:person>
  <p0826-teimww:person id="ww_dad51991851a1bbf">
    <knoraXmlImport:label>person label</knoraXmlImport:label>
    <p0826-teimww:firstName knoraType="richtext_value">Richard Herne</p0826-teimww:firstName>
    <p0826-teimww:hasSex knoraType="hlist_value">http://rdfh.ch/lists/0826/18OB1DV9TvmakO8ZkjeFVQ</p0826-teimww:hasSex>
    <p0826-teimww:lastName knoraType="richtext_value">Shepherd</p0826-teimww:lastName>
  </p0826-teimww:person>
  <p0826-teimww:person id="ww_83e21e7a9246faa2">
    <knoraXmlImport:label>person label</knoraXmlImport:label>
    <p0826-teimww:birthDate knoraType="date_value">GREGORIAN:1558</p0826-teimww:birthDate>
    <p0826-teimww:deathDate knoraType="date_value">GREGORIAN:1625</p0826-teimww:deathDate>
    <p0826-teimww:description knoraType="richtext_value">English writer</p0826-teimww:description>
    <p0826-teimww:firstName knoraType="richtext_value">Sir Thomas</p0826-teimww:firstName>
    <p0826-teimww:hasSex knoraType="hlist_value">http://rdfh.ch/lists/0826/18OB1DV9TvmakO8ZkjeFVQ</p0826-teimww:hasSex>
    <p0826-teimww:lastName knoraType="richtext_value">Smith</p0826-teimww:lastName>
  </p0826-teimww:person>
  <p0826-teimww:person id="ww_759d754d3536439c">
    <knoraXmlImport:label>person label</knoraXmlImport:label>
    <p0826-teimww:birthDate knoraType="date_value">GREGORIAN:1937</p0826-teimww:birthDate>
    <p0826-teimww:deathDate knoraType="date_value">GREGORIAN:2006</p0826-teimww:deathDate>
    <p0826-teimww:description knoraType="richtext_value">English academic</p0826-teimww:description>
    <p0826-teimww:firstName knoraType="richtext_value">Tom</p0826-teimww:firstName>
    <p0826-teimww:hasSex knoraType="hlist_value">http://rdfh.ch/lists/0826/18OB1DV9TvmakO8ZkjeFVQ</p0826-teimww:hasSex>
    <p0826-teimww:lastName knoraType="richtext_value">Matheson</p0826-teimww:lastName>
  </p0826-teimww:person>
  <p0826-teimww:person id="ww_54e7c8428ba6024c">
    <knoraXmlImport:label>person label</knoraXmlImport:label>
    <p0826-teimww:activeDate knoraType="date_value">GREGORIAN:1621:1650</p0826-teimww:activeDate>
    <p0826-teimww:description knoraType="richtext_value">English religious writer</p0826-teimww:description>
    <p0826-teimww:firstName knoraType="richtext_value">John</p0826-teimww:firstName>
    <p0826-teimww:hasSex knoraType="hlist_value">http://rdfh.ch/lists/0826/18OB1DV9TvmakO8ZkjeFVQ</p0826-teimww:hasSex>
    <p0826-teimww:lastName knoraType="richtext_value">Reynolds</p0826-teimww:lastName>
  </p0826-teimww:person>
  <p0826-teimww:person id="ww_f32bede8ddcef974">
    <knoraXmlImport:label>person label</knoraXmlImport:label>
    <p0826-teimww:firstName knoraType="richtext_value">Richard</p0826-teimww:firstName>
    <p0826-teimww:hasSex knoraType="hlist_value">http://rdfh.ch/lists/0826/18OB1DV9TvmakO8ZkjeFVQ</p0826-teimww:hasSex>
    <p0826-teimww:lastName knoraType="richtext_value">Niccols</p0826-teimww:lastName>
  </p0826-teimww:person>
  <p0826-teimww:person id="ww_16c1195bda020eff">
    <knoraXmlImport:label>person label</knoraXmlImport:label>
    <p0826-teimww:birthDate knoraType="date_value">GREGORIAN:1572</p0826-teimww:birthDate>
    <p0826-teimww:deathDate knoraType="date_value">GREGORIAN:1631</p0826-teimww:deathDate>
    <p0826-teimww:description knoraType="richtext_value">English poet</p0826-teimww:description>
    <p0826-teimww:firstName knoraType="richtext_value">John</p0826-teimww:firstName>
    <p0826-teimww:hasSex knoraType="hlist_value">http://rdfh.ch/lists/0826/18OB1DV9TvmakO8ZkjeFVQ</p0826-teimww:hasSex>
    <p0826-teimww:lastName knoraType="richtext_value">Donne</p0826-teimww:lastName>
  </p0826-teimww:person>
  <p0826-teimww:person id="ww_1ba44aa9c8c5ae62">
    <knoraXmlImport:label>person label</knoraXmlImport:label>
    <p0826-teimww:birthDate knoraType="date_value">GREGORIAN:1567</p0826-teimww:birthDate>
    <p0826-teimww:deathDate knoraType="date_value">GREGORIAN:1620</p0826-teimww:deathDate>
    <p0826-teimww:description knoraType="richtext_value">English dramatist</p0826-teimww:description>
    <p0826-teimww:firstName knoraType="richtext_value">Thomas</p0826-teimww:firstName>
    <p0826-teimww:hasSex knoraType="hlist_value">http://rdfh.ch/lists/0826/18OB1DV9TvmakO8ZkjeFVQ</p0826-teimww:hasSex>
    <p0826-teimww:lastName knoraType="richtext_value">Campion</p0826-teimww:lastName>
  </p0826-teimww:person>
  <p0826-teimww:person id="ww_993a2c8b25ef3953">
    <knoraXmlImport:label>person label</knoraXmlImport:label>
    <p0826-teimww:birthDate knoraType="date_value">GREGORIAN:1568:1872</p0826-teimww:birthDate>
    <p0826-teimww:deathDate knoraType="date_value">GREGORIAN:1630</p0826-teimww:deathDate>
    <p0826-teimww:description knoraType="richtext_value">British dramatist</p0826-teimww:description>
    <p0826-teimww:firstName knoraType="richtext_value">Samuel</p0826-teimww:firstName>
    <p0826-teimww:hasSex knoraType="hlist_value">http://rdfh.ch/lists/0826/18OB1DV9TvmakO8ZkjeFVQ</p0826-teimww:hasSex>
    <p0826-teimww:lastName knoraType="richtext_value">Rowlands</p0826-teimww:lastName>
  </p0826-teimww:person>
  <p0826-teimww:person id="ww_ee50ed245a0dc04f">
    <knoraXmlImport:label>person label</knoraXmlImport:label>
    <p0826-teimww:activeDate knoraType="date_value">GREGORIAN:1626</p0826-teimww:activeDate>
    <p0826-teimww:description knoraType="richtext_value">English dramatist</p0826-teimww:description>
    <p0826-teimww:firstName knoraType="richtext_value">J.</p0826-teimww:firstName>
    <p0826-teimww:hasSex knoraType="hlist_value">http://rdfh.ch/lists/0826/18OB1DV9TvmakO8ZkjeFVQ</p0826-teimww:hasSex>
    <p0826-teimww:lastName knoraType="richtext_value">W.</p0826-teimww:lastName>
  </p0826-teimww:person>
  <p0826-teimww:person id="ww_20abdf6ad9bd61dc">
    <knoraXmlImport:label>person label</knoraXmlImport:label>
    <p0826-teimww:activeDate knoraType="date_value">GREGORIAN:1616:1662</p0826-teimww:activeDate>
    <p0826-teimww:description knoraType="richtext_value">English Puritan theologian</p0826-teimww:description>
    <p0826-teimww:firstName knoraType="richtext_value">Robert (2)</p0826-teimww:firstName>
    <p0826-teimww:hasSex knoraType="hlist_value">http://rdfh.ch/lists/0826/18OB1DV9TvmakO8ZkjeFVQ</p0826-teimww:hasSex>
    <p0826-teimww:lastName knoraType="richtext_value">Abbot</p0826-teimww:lastName>
  </p0826-teimww:person>
  <p0826-teimww:person id="ww_11b6d4be322d75f4">
    <knoraXmlImport:label>person label</knoraXmlImport:label>
    <p0826-teimww:birthDate knoraType="date_value">GREGORIAN:1596</p0826-teimww:birthDate>
    <p0826-teimww:deathDate knoraType="date_value">GREGORIAN:1658</p0826-teimww:deathDate>
    <p0826-teimww:description knoraType="richtext_value">English schoolmaster</p0826-teimww:description>
    <p0826-teimww:firstName knoraType="richtext_value">John</p0826-teimww:firstName>
    <p0826-teimww:hasSex knoraType="hlist_value">http://rdfh.ch/lists/0826/18OB1DV9TvmakO8ZkjeFVQ</p0826-teimww:hasSex>
    <p0826-teimww:lastName knoraType="richtext_value">Clarke</p0826-teimww:lastName>
  </p0826-teimww:person>
  <p0826-teimww:person id="ww_8e7c5e1273330b8d">
    <knoraXmlImport:label>person label</knoraXmlImport:label>
    <p0826-teimww:birthDate knoraType="date_value">GREGORIAN:1789</p0826-teimww:birthDate>
    <p0826-teimww:deathDate knoraType="date_value">GREGORIAN:1883</p0826-teimww:deathDate>
    <p0826-teimww:description knoraType="richtext_value">English scholar and forger</p0826-teimww:description>
    <p0826-teimww:firstName knoraType="richtext_value">John Payne</p0826-teimww:firstName>
    <p0826-teimww:hasSex knoraType="hlist_value">http://rdfh.ch/lists/0826/18OB1DV9TvmakO8ZkjeFVQ</p0826-teimww:hasSex>
    <p0826-teimww:lastName knoraType="richtext_value">Collier</p0826-teimww:lastName>
  </p0826-teimww:person>
  <p0826-teimww:person id="ww_04be28b306578ec5">
    <knoraXmlImport:label>person label</knoraXmlImport:label>
    <p0826-teimww:deathDate knoraType="date_value">GREGORIAN:1657</p0826-teimww:deathDate>
    <p0826-teimww:description knoraType="richtext_value">English theologian</p0826-teimww:description>
    <p0826-teimww:firstName knoraType="richtext_value">Thomas</p0826-teimww:firstName>
    <p0826-teimww:hasSex knoraType="hlist_value">http://rdfh.ch/lists/0826/18OB1DV9TvmakO8ZkjeFVQ</p0826-teimww:hasSex>
    <p0826-teimww:lastName knoraType="richtext_value">Bayly</p0826-teimww:lastName>
  </p0826-teimww:person>
  <p0826-teimww:person id="ww_0c2a410a5981bc2f">
    <knoraXmlImport:label>person label</knoraXmlImport:label>
    <p0826-teimww:activeDate knoraType="date_value">GREGORIAN:1650</p0826-teimww:activeDate>
    <p0826-teimww:description knoraType="richtext_value">English travel (?) writer</p0826-teimww:description>
    <p0826-teimww:firstName knoraType="richtext_value">Edward</p0826-teimww:firstName>
    <p0826-teimww:hasSex knoraType="hlist_value">http://rdfh.ch/lists/0826/18OB1DV9TvmakO8ZkjeFVQ</p0826-teimww:hasSex>
    <p0826-teimww:lastName knoraType="richtext_value">Williams</p0826-teimww:lastName>
  </p0826-teimww:person>
  <p0826-teimww:person id="ww_233549b5e20bde77">
    <knoraXmlImport:label>person label</knoraXmlImport:label>
    <p0826-teimww:birthDate knoraType="date_value">GREGORIAN:1615</p0826-teimww:birthDate>
    <p0826-teimww:deathDate knoraType="date_value">GREGORIAN:1691</p0826-teimww:deathDate>
    <p0826-teimww:description knoraType="richtext_value">English protestant priest</p0826-teimww:description>
    <p0826-teimww:firstName knoraType="richtext_value">Richard</p0826-teimww:firstName>
    <p0826-teimww:hasSex knoraType="hlist_value">http://rdfh.ch/lists/0826/18OB1DV9TvmakO8ZkjeFVQ</p0826-teimww:hasSex>
    <p0826-teimww:lastName knoraType="richtext_value">Baxter</p0826-teimww:lastName>
  </p0826-teimww:person>
  <p0826-teimww:person id="ww_7b09cc53f410fd7f">
    <knoraXmlImport:label>person label</knoraXmlImport:label>
    <p0826-teimww:birthDate knoraType="date_value">GREGORIAN:1588</p0826-teimww:birthDate>
    <p0826-teimww:deathDate knoraType="date_value">GREGORIAN:1679</p0826-teimww:deathDate>
    <p0826-teimww:description knoraType="richtext_value">English philosopher</p0826-teimww:description>
    <p0826-teimww:firstName knoraType="richtext_value">Thomas</p0826-teimww:firstName>
    <p0826-teimww:hasSex knoraType="hlist_value">http://rdfh.ch/lists/0826/18OB1DV9TvmakO8ZkjeFVQ</p0826-teimww:hasSex>
    <p0826-teimww:lastName knoraType="richtext_value">Hobbes</p0826-teimww:lastName>
  </p0826-teimww:person>
  <p0826-teimww:person id="ww_ef61a579c907bbed">
    <knoraXmlImport:label>person label</knoraXmlImport:label>
    <p0826-teimww:birthDate knoraType="date_value">GREGORIAN:1618</p0826-teimww:birthDate>
    <p0826-teimww:deathDate knoraType="date_value">GREGORIAN:1652</p0826-teimww:deathDate>
    <p0826-teimww:description knoraType="richtext_value">English (?) priest</p0826-teimww:description>
    <p0826-teimww:firstName knoraType="richtext_value">John</p0826-teimww:firstName>
    <p0826-teimww:hasSex knoraType="hlist_value">http://rdfh.ch/lists/0826/18OB1DV9TvmakO8ZkjeFVQ</p0826-teimww:hasSex>
    <p0826-teimww:lastName knoraType="richtext_value">Smith</p0826-teimww:lastName>
  </p0826-teimww:person>
  <p0826-teimww:person id="ww_0a505738588da233">
    <knoraXmlImport:label>person label</knoraXmlImport:label>
    <p0826-teimww:birthDate knoraType="date_value">GREGORIAN:1608</p0826-teimww:birthDate>
    <p0826-teimww:deathDate knoraType="date_value">GREGORIAN:1680</p0826-teimww:deathDate>
    <p0826-teimww:description knoraType="richtext_value">English Puritan priest</p0826-teimww:description>
    <p0826-teimww:firstName knoraType="richtext_value">Thomas</p0826-teimww:firstName>
    <p0826-teimww:hasSex knoraType="hlist_value">http://rdfh.ch/lists/0826/18OB1DV9TvmakO8ZkjeFVQ</p0826-teimww:hasSex>
    <p0826-teimww:lastName knoraType="richtext_value">Brooks</p0826-teimww:lastName>
  </p0826-teimww:person>
  <p0826-teimww:person id="ww_45fdb82cc1c57b49">
    <knoraXmlImport:label>person label</knoraXmlImport:label>
    <p0826-teimww:firstName knoraType="richtext_value">James</p0826-teimww:firstName>
    <p0826-teimww:hasSex knoraType="hlist_value">http://rdfh.ch/lists/0826/18OB1DV9TvmakO8ZkjeFVQ</p0826-teimww:hasSex>
    <p0826-teimww:lastName knoraType="richtext_value">Harrington</p0826-teimww:lastName>
  </p0826-teimww:person>
  <p0826-teimww:person id="ww_f35c2f8694b10626">
    <knoraXmlImport:label>person label</knoraXmlImport:label>
    <p0826-teimww:birthDate knoraType="date_value">GREGORIAN:1610:1612</p0826-teimww:birthDate>
    <p0826-teimww:deathDate knoraType="date_value">GREGORIAN:1654:1656</p0826-teimww:deathDate>
    <p0826-teimww:description knoraType="richtext_value">English anthologist</p0826-teimww:description>
    <p0826-teimww:firstName knoraType="richtext_value">John</p0826-teimww:firstName>
    <p0826-teimww:hasSex knoraType="hlist_value">http://rdfh.ch/lists/0826/18OB1DV9TvmakO8ZkjeFVQ</p0826-teimww:hasSex>
    <p0826-teimww:lastName knoraType="richtext_value">Cotgrave</p0826-teimww:lastName>
  </p0826-teimww:person>
  <p0826-teimww:person id="ww_e491214ca0e29ca0">
    <knoraXmlImport:label>person label</knoraXmlImport:label>
    <p0826-teimww:birthDate knoraType="date_value">GREGORIAN:1618</p0826-teimww:birthDate>
    <p0826-teimww:deathDate knoraType="date_value">GREGORIAN:1667</p0826-teimww:deathDate>
    <p0826-teimww:description knoraType="richtext_value">English poet</p0826-teimww:description>
    <p0826-teimww:firstName knoraType="richtext_value">Abraham</p0826-teimww:firstName>
    <p0826-teimww:hasSex knoraType="hlist_value">http://rdfh.ch/lists/0826/18OB1DV9TvmakO8ZkjeFVQ</p0826-teimww:hasSex>
    <p0826-teimww:lastName knoraType="richtext_value">Cowley</p0826-teimww:lastName>
  </p0826-teimww:person>
  <p0826-teimww:person id="ww_2eb1934555aef857">
    <knoraXmlImport:label>person label</knoraXmlImport:label>
    <p0826-teimww:activeDate knoraType="date_value">GREGORIAN:1657</p0826-teimww:activeDate>
    <p0826-teimww:description knoraType="richtext_value">English bishop</p0826-teimww:description>
    <p0826-teimww:firstName knoraType="richtext_value">Henry</p0826-teimww:firstName>
    <p0826-teimww:hasSex knoraType="hlist_value">http://rdfh.ch/lists/0826/18OB1DV9TvmakO8ZkjeFVQ</p0826-teimww:hasSex>
    <p0826-teimww:lastName knoraType="richtext_value">King</p0826-teimww:lastName>
  </p0826-teimww:person>
  <p0826-teimww:person id="ww_90dfde11c66bf938">
    <knoraXmlImport:label>person label</knoraXmlImport:label>
    <p0826-teimww:activeDate knoraType="date_value">GREGORIAN:1918</p0826-teimww:activeDate>
    <p0826-teimww:description knoraType="richtext_value">English (?) scholar</p0826-teimww:description>
    <p0826-teimww:firstName knoraType="richtext_value">Lawrence</p0826-teimww:firstName>
    <p0826-teimww:hasSex knoraType="hlist_value">http://rdfh.ch/lists/0826/18OB1DV9TvmakO8ZkjeFVQ</p0826-teimww:hasSex>
    <p0826-teimww:lastName knoraType="richtext_value">Mason</p0826-teimww:lastName>
  </p0826-teimww:person>
  <p0826-teimww:person id="ww_2d0e467265941c0c">
    <knoraXmlImport:label>person label</knoraXmlImport:label>
    <p0826-teimww:birthDate knoraType="date_value">GREGORIAN:1609</p0826-teimww:birthDate>
    <p0826-teimww:deathDate knoraType="date_value">GREGORIAN:1675</p0826-teimww:deathDate>
    <p0826-teimww:description knoraType="richtext_value">Protestant theologian</p0826-teimww:description>
    <p0826-teimww:firstName knoraType="richtext_value">Francis</p0826-teimww:firstName>
    <p0826-teimww:hasSex knoraType="hlist_value">http://rdfh.ch/lists/0826/18OB1DV9TvmakO8ZkjeFVQ</p0826-teimww:hasSex>
    <p0826-teimww:lastName knoraType="richtext_value">Roberts</p0826-teimww:lastName>
  </p0826-teimww:person>
  <p0826-teimww:person id="ww_89212d9cbea3d1a7">
    <knoraXmlImport:label>person label</knoraXmlImport:label>
    <p0826-teimww:birthDate knoraType="date_value">GREGORIAN:1628</p0826-teimww:birthDate>
    <p0826-teimww:deathDate knoraType="date_value">GREGORIAN:1688</p0826-teimww:deathDate>
    <p0826-teimww:description knoraType="richtext_value">English writer and Puritan preacher</p0826-teimww:description>
    <p0826-teimww:firstName knoraType="richtext_value">John</p0826-teimww:firstName>
    <p0826-teimww:hasSex knoraType="hlist_value">http://rdfh.ch/lists/0826/18OB1DV9TvmakO8ZkjeFVQ</p0826-teimww:hasSex>
    <p0826-teimww:lastName knoraType="richtext_value">Bunyan</p0826-teimww:lastName>
  </p0826-teimww:person>
  <p0826-teimww:person id="ww_21ac77136c4b7f18">
    <knoraXmlImport:label>person label</knoraXmlImport:label>
    <p0826-teimww:birthDate knoraType="date_value">GREGORIAN:1619</p0826-teimww:birthDate>
    <p0826-teimww:deathDate knoraType="date_value">GREGORIAN:1679:1689</p0826-teimww:deathDate>
    <p0826-teimww:description knoraType="richtext_value">English poet</p0826-teimww:description>
    <p0826-teimww:firstName knoraType="richtext_value">William</p0826-teimww:firstName>
    <p0826-teimww:hasSex knoraType="hlist_value">http://rdfh.ch/lists/0826/18OB1DV9TvmakO8ZkjeFVQ</p0826-teimww:hasSex>
    <p0826-teimww:lastName knoraType="richtext_value">Chamberlayne</p0826-teimww:lastName>
  </p0826-teimww:person>
  <p0826-teimww:person id="ww_ecc7850e1819f101">
    <knoraXmlImport:label>person label</knoraXmlImport:label>
    <p0826-teimww:birthDate knoraType="date_value">GREGORIAN:1628</p0826-teimww:birthDate>
    <p0826-teimww:deathDate knoraType="date_value">GREGORIAN:1674</p0826-teimww:deathDate>
    <p0826-teimww:description knoraType="richtext_value">English politician</p0826-teimww:description>
    <p0826-teimww:firstName knoraType="richtext_value">Henry</p0826-teimww:firstName>
    <p0826-teimww:hasSex knoraType="hlist_value">http://rdfh.ch/lists/0826/18OB1DV9TvmakO8ZkjeFVQ</p0826-teimww:hasSex>
    <p0826-teimww:lastName knoraType="richtext_value">Cromwell</p0826-teimww:lastName>
  </p0826-teimww:person>
  <p0826-teimww:person id="ww_9cb12dabd79aaa48">
    <knoraXmlImport:label>person label</knoraXmlImport:label>
    <p0826-teimww:birthDate knoraType="date_value">GREGORIAN:1960</p0826-teimww:birthDate>
    <p0826-teimww:description knoraType="richtext_value">British academic</p0826-teimww:description>
    <p0826-teimww:firstName knoraType="richtext_value">Michael</p0826-teimww:firstName>
    <p0826-teimww:hasSex knoraType="hlist_value">http://rdfh.ch/lists/0826/18OB1DV9TvmakO8ZkjeFVQ</p0826-teimww:hasSex>
    <p0826-teimww:lastName knoraType="richtext_value">Dobson</p0826-teimww:lastName>
  </p0826-teimww:person>
  <p0826-teimww:person id="ww_cec49ffd7da55dfe">
    <knoraXmlImport:label>person label</knoraXmlImport:label>
    <p0826-teimww:activeDate knoraType="date_value">GREGORIAN:1662</p0826-teimww:activeDate>
    <p0826-teimww:description knoraType="richtext_value">English physician</p0826-teimww:description>
    <p0826-teimww:firstName knoraType="richtext_value">Rowland</p0826-teimww:firstName>
    <p0826-teimww:hasSex knoraType="hlist_value">http://rdfh.ch/lists/0826/18OB1DV9TvmakO8ZkjeFVQ</p0826-teimww:hasSex>
    <p0826-teimww:lastName knoraType="richtext_value">Watkins</p0826-teimww:lastName>
  </p0826-teimww:person>
  <p0826-teimww:person id="ww_32dca9fbc0b73e7d">
    <knoraXmlImport:label>person label</knoraXmlImport:label>
    <p0826-teimww:activeDate knoraType="date_value">GREGORIAN:1664</p0826-teimww:activeDate>
    <p0826-teimww:description knoraType="richtext_value">English poet</p0826-teimww:description>
    <p0826-teimww:firstName knoraType="richtext_value">Henry</p0826-teimww:firstName>
    <p0826-teimww:hasSex knoraType="hlist_value">http://rdfh.ch/lists/0826/18OB1DV9TvmakO8ZkjeFVQ</p0826-teimww:hasSex>
    <p0826-teimww:lastName knoraType="richtext_value">Bold</p0826-teimww:lastName>
  </p0826-teimww:person>
  <p0826-teimww:person id="ww_b0e8b25ec4a58d96">
    <knoraXmlImport:label>person label</knoraXmlImport:label>
    <p0826-teimww:firstName knoraType="richtext_value">Samuel</p0826-teimww:firstName>
    <p0826-teimww:hasSex knoraType="hlist_value">http://rdfh.ch/lists/0826/18OB1DV9TvmakO8ZkjeFVQ</p0826-teimww:hasSex>
    <p0826-teimww:lastName knoraType="richtext_value">Pepys</p0826-teimww:lastName>
  </p0826-teimww:person>
  <p0826-teimww:person id="ww_074785f50aa8a606">
    <knoraXmlImport:label>person label</knoraXmlImport:label>
    <p0826-teimww:birthDate knoraType="date_value">GREGORIAN:1935</p0826-teimww:birthDate>
    <p0826-teimww:deathDate knoraType="date_value">GREGORIAN:2011</p0826-teimww:deathDate>
    <p0826-teimww:description knoraType="richtext_value">English scholar and editor</p0826-teimww:description>
    <p0826-teimww:firstName knoraType="richtext_value">John</p0826-teimww:firstName>
    <p0826-teimww:hasSex knoraType="hlist_value">http://rdfh.ch/lists/0826/18OB1DV9TvmakO8ZkjeFVQ</p0826-teimww:hasSex>
    <p0826-teimww:lastName knoraType="richtext_value">Gross</p0826-teimww:lastName>
  </p0826-teimww:person>
  <p0826-teimww:person id="ww_7eeba8f5c3297504">
    <knoraXmlImport:label>person label</knoraXmlImport:label>
    <p0826-teimww:birthDate knoraType="date_value">GREGORIAN:1912</p0826-teimww:birthDate>
    <p0826-teimww:deathDate knoraType="date_value">GREGORIAN:1995</p0826-teimww:deathDate>
    <p0826-teimww:description knoraType="richtext_value">English librarian and scholar</p0826-teimww:description>
    <p0826-teimww:firstName knoraType="richtext_value">Robert Clifford</p0826-teimww:firstName>
    <p0826-teimww:hasSex knoraType="hlist_value">http://rdfh.ch/lists/0826/18OB1DV9TvmakO8ZkjeFVQ</p0826-teimww:hasSex>
    <p0826-teimww:lastName knoraType="richtext_value">Latham</p0826-teimww:lastName>
  </p0826-teimww:person>
  <p0826-teimww:person id="ww_993c302bdd89aa39">
    <knoraXmlImport:label>person label</knoraXmlImport:label>
    <p0826-teimww:activeDate knoraType="date_value">GREGORIAN:1970:1983</p0826-teimww:activeDate>
    <p0826-teimww:description knoraType="richtext_value">British (?) scholar</p0826-teimww:description>
    <p0826-teimww:firstName knoraType="richtext_value">William</p0826-teimww:firstName>
    <p0826-teimww:hasSex knoraType="hlist_value">http://rdfh.ch/lists/0826/18OB1DV9TvmakO8ZkjeFVQ</p0826-teimww:hasSex>
    <p0826-teimww:lastName knoraType="richtext_value">Matthews</p0826-teimww:lastName>
  </p0826-teimww:person>
  <p0826-teimww:person id="ww_27b9fb1569806ab3">
    <knoraXmlImport:label>person label</knoraXmlImport:label>
    <p0826-teimww:birthDate knoraType="date_value">GREGORIAN:1637</p0826-teimww:birthDate>
    <p0826-teimww:deathDate knoraType="date_value">GREGORIAN:1686</p0826-teimww:deathDate>
    <p0826-teimww:description knoraType="richtext_value">Irish dramatist and novelist</p0826-teimww:description>
    <p0826-teimww:firstName knoraType="richtext_value">Richard</p0826-teimww:firstName>
    <p0826-teimww:hasSex knoraType="hlist_value">http://rdfh.ch/lists/0826/18OB1DV9TvmakO8ZkjeFVQ</p0826-teimww:hasSex>
    <p0826-teimww:lastName knoraType="richtext_value">Head</p0826-teimww:lastName>
  </p0826-teimww:person>
  <p0826-teimww:person id="ww_8e781f3f3e6e8547">
    <knoraXmlImport:label>person label</knoraXmlImport:label>
    <p0826-teimww:firstName knoraType="richtext_value">Charles</p0826-teimww:firstName>
    <p0826-teimww:hasSex knoraType="hlist_value">http://rdfh.ch/lists/0826/18OB1DV9TvmakO8ZkjeFVQ</p0826-teimww:hasSex>
    <p0826-teimww:lastName knoraType="richtext_value">Dunster</p0826-teimww:lastName>
  </p0826-teimww:person>
  <p0826-teimww:person id="ww_7c90b8120b51d6f1">
    <knoraXmlImport:label>person label</knoraXmlImport:label>
    <p0826-teimww:birthDate knoraType="date_value">GREGORIAN:1704</p0826-teimww:birthDate>
    <p0826-teimww:deathDate knoraType="date_value">GREGORIAN:1782</p0826-teimww:deathDate>
    <p0826-teimww:description knoraType="richtext_value">English bishop and scholar</p0826-teimww:description>
    <p0826-teimww:firstName knoraType="richtext_value">Thomas</p0826-teimww:firstName>
    <p0826-teimww:hasSex knoraType="hlist_value">http://rdfh.ch/lists/0826/18OB1DV9TvmakO8ZkjeFVQ</p0826-teimww:hasSex>
    <p0826-teimww:lastName knoraType="richtext_value">Newton</p0826-teimww:lastName>
  </p0826-teimww:person>
  <p0826-teimww:person id="ww_9cebe1a656ceaee9">
    <knoraXmlImport:label>person label</knoraXmlImport:label>
    <p0826-teimww:birthDate knoraType="date_value">GREGORIAN:1657</p0826-teimww:birthDate>
    <p0826-teimww:deathDate knoraType="date_value">GREGORIAN:1711</p0826-teimww:deathDate>
    <p0826-teimww:description knoraType="richtext_value">English poet</p0826-teimww:description>
    <p0826-teimww:firstName knoraType="richtext_value">John</p0826-teimww:firstName>
    <p0826-teimww:hasSex knoraType="hlist_value">http://rdfh.ch/lists/0826/18OB1DV9TvmakO8ZkjeFVQ</p0826-teimww:hasSex>
    <p0826-teimww:lastName knoraType="richtext_value">Norris</p0826-teimww:lastName>
  </p0826-teimww:person>
</knoraXmlImport:resources>
