<?xml version='1.0' encoding='utf-8'?>
<knoraXmlImport:resources xmlns:knoraXmlImport="http://api.knora.org/ontology/knoraXmlImport/v1#" xmlns:p0826-teimww="http://api.knora.org/ontology/0826/teimww/xml-import/v1#" xmlns:xsi="http://www.w3.org/2001/XMLSchema-instance" xmlns="http://api.knora.org/ontology/0826/teimww/xml-import/v1#">
  <p0826-teimww:person id="ww_212c78497ddc32c5">
    <knoraXmlImport:label>_ 0_Anon</knoraXmlImport:label>
    <p0826-teimww:firstName knoraType="richtext_value">_</p0826-teimww:firstName>
    <p0826-teimww:hasSex knoraType="hlist_value">http://rdfh.ch/lists/0826/PqtLt8o3TKal_hcZMzBB6g</p0826-teimww:hasSex>
    <p0826-teimww:lastName knoraType="richtext_value">0_Anon</p0826-teimww:lastName>
  </p0826-teimww:person>
  <p0826-teimww:person id="ww_cb891a49cd7b3fb7">
    <knoraXmlImport:label>Thomas Percy</knoraXmlImport:label>
    <p0826-teimww:birthDate knoraType="date_value">GREGORIAN:1729</p0826-teimww:birthDate>
    <p0826-teimww:deathDate knoraType="date_value">GREGORIAN:1811</p0826-teimww:deathDate>
    <p0826-teimww:description knoraType="richtext_value">English bishop and scholar</p0826-teimww:description>
    <p0826-teimww:firstName knoraType="richtext_value">Thomas</p0826-teimww:firstName>
    <p0826-teimww:hasSex knoraType="hlist_value">http://rdfh.ch/lists/0826/PqtLt8o3TKal_hcZMzBB6g</p0826-teimww:hasSex>
    <p0826-teimww:lastName knoraType="richtext_value">Percy</p0826-teimww:lastName>
  </p0826-teimww:person>
  <p0826-teimww:person id="ww_b417c05f2f7d59f9">
    <knoraXmlImport:label>Naseeb Azeez Shaheen</knoraXmlImport:label>
    <p0826-teimww:birthDate knoraType="date_value">GREGORIAN:1931</p0826-teimww:birthDate>
    <p0826-teimww:deathDate knoraType="date_value">GREGORIAN:2009</p0826-teimww:deathDate>
    <p0826-teimww:description knoraType="richtext_value">U.S. scholar</p0826-teimww:description>
    <p0826-teimww:firstName knoraType="richtext_value">Naseeb Azeez</p0826-teimww:firstName>
    <p0826-teimww:hasSex knoraType="hlist_value">http://rdfh.ch/lists/0826/PqtLt8o3TKal_hcZMzBB6g</p0826-teimww:hasSex>
    <p0826-teimww:lastName knoraType="richtext_value">Shaheen</p0826-teimww:lastName>
  </p0826-teimww:person>
  <p0826-teimww:person id="ww_394742d5146e6fd1">
    <knoraXmlImport:label>Thomas Usk</knoraXmlImport:label>
    <p0826-teimww:deathDate knoraType="date_value">GREGORIAN:1388</p0826-teimww:deathDate>
    <p0826-teimww:description knoraType="richtext_value">English writer</p0826-teimww:description>
    <p0826-teimww:firstName knoraType="richtext_value">Thomas</p0826-teimww:firstName>
    <p0826-teimww:hasSex knoraType="hlist_value">http://rdfh.ch/lists/0826/PqtLt8o3TKal_hcZMzBB6g</p0826-teimww:hasSex>
    <p0826-teimww:lastName knoraType="richtext_value">Usk</p0826-teimww:lastName>
  </p0826-teimww:person>
  <p0826-teimww:person id="ww_4aad8076b21701ae">
    <knoraXmlImport:label>Arnold Davenport</knoraXmlImport:label>
    <p0826-teimww:activeDate knoraType="date_value">GREGORIAN:1953</p0826-teimww:activeDate>
    <p0826-teimww:description knoraType="richtext_value">English (?) scholar</p0826-teimww:description>
    <p0826-teimww:firstName knoraType="richtext_value">Arnold</p0826-teimww:firstName>
    <p0826-teimww:hasSex knoraType="hlist_value">http://rdfh.ch/lists/0826/PqtLt8o3TKal_hcZMzBB6g</p0826-teimww:hasSex>
    <p0826-teimww:lastName knoraType="richtext_value">Davenport</p0826-teimww:lastName>
  </p0826-teimww:person>
  <p0826-teimww:person id="ww_8448eedbac0df7d9">
    <knoraXmlImport:label>Sayre Greenfield</knoraXmlImport:label>
    <p0826-teimww:firstName knoraType="richtext_value">Sayre</p0826-teimww:firstName>
    <p0826-teimww:hasSex knoraType="hlist_value">http://rdfh.ch/lists/0826/PqtLt8o3TKal_hcZMzBB6g</p0826-teimww:hasSex>
    <p0826-teimww:lastName knoraType="richtext_value">Greenfield</p0826-teimww:lastName>
  </p0826-teimww:person>
  <p0826-teimww:person id="ww_830c5cd6a3a44ca4">
    <knoraXmlImport:label>Geoffrey Chaucer</knoraXmlImport:label>
    <p0826-teimww:birthDate knoraType="date_value">GREGORIAN:1343</p0826-teimww:birthDate>
    <p0826-teimww:deathDate knoraType="date_value">GREGORIAN:1400</p0826-teimww:deathDate>
    <p0826-teimww:description knoraType="richtext_value">English poet  #007005</p0826-teimww:description>
    <p0826-teimww:firstName knoraType="richtext_value">Geoffrey</p0826-teimww:firstName>
    <p0826-teimww:hasSex knoraType="hlist_value">http://rdfh.ch/lists/0826/PqtLt8o3TKal_hcZMzBB6g</p0826-teimww:hasSex>
    <p0826-teimww:lastName knoraType="richtext_value">Chaucer</p0826-teimww:lastName>
  </p0826-teimww:person>
  <p0826-teimww:person id="ww_13695de2bd4043e0">
    <knoraXmlImport:label>Henry Parker</knoraXmlImport:label>
    <p0826-teimww:deathDate knoraType="date_value">GREGORIAN:1470</p0826-teimww:deathDate>
    <p0826-teimww:description knoraType="richtext_value">English priest</p0826-teimww:description>
    <p0826-teimww:firstName knoraType="richtext_value">Henry</p0826-teimww:firstName>
    <p0826-teimww:hasSex knoraType="hlist_value">http://rdfh.ch/lists/0826/PqtLt8o3TKal_hcZMzBB6g</p0826-teimww:hasSex>
    <p0826-teimww:lastName knoraType="richtext_value">Parker</p0826-teimww:lastName>
  </p0826-teimww:person>
  <p0826-teimww:person id="ww_bff81a320b8342f4">
    <knoraXmlImport:label>Thomas, Lord Vaux</knoraXmlImport:label>
    <p0826-teimww:birthDate knoraType="date_value">GREGORIAN:1510</p0826-teimww:birthDate>
    <p0826-teimww:deathDate knoraType="date_value">GREGORIAN:1556</p0826-teimww:deathDate>
    <p0826-teimww:description knoraType="richtext_value">English poet</p0826-teimww:description>
    <p0826-teimww:firstName knoraType="richtext_value">Thomas, Lord</p0826-teimww:firstName>
    <p0826-teimww:hasSex knoraType="hlist_value">http://rdfh.ch/lists/0826/PqtLt8o3TKal_hcZMzBB6g</p0826-teimww:hasSex>
    <p0826-teimww:lastName knoraType="richtext_value">Vaux</p0826-teimww:lastName>
  </p0826-teimww:person>
  <p0826-teimww:person id="ww_09f98d06c0bf228a">
    <knoraXmlImport:label>Graham Tulloch</knoraXmlImport:label>
    <p0826-teimww:activeDate knoraType="date_value">GREGORIAN:1969</p0826-teimww:activeDate>
    <p0826-teimww:description knoraType="richtext_value">Australian academic -</p0826-teimww:description>
    <p0826-teimww:firstName knoraType="richtext_value">Graham</p0826-teimww:firstName>
    <p0826-teimww:hasSex knoraType="hlist_value">http://rdfh.ch/lists/0826/PqtLt8o3TKal_hcZMzBB6g</p0826-teimww:hasSex>
    <p0826-teimww:lastName knoraType="richtext_value">Tulloch</p0826-teimww:lastName>
  </p0826-teimww:person>
  <p0826-teimww:person id="ww_59ff380c6e105e8e">
    <knoraXmlImport:label>G. R. Hibbard</knoraXmlImport:label>
    <p0826-teimww:firstName knoraType="richtext_value">G. R.</p0826-teimww:firstName>
    <p0826-teimww:hasSex knoraType="hlist_value">http://rdfh.ch/lists/0826/PqtLt8o3TKal_hcZMzBB6g</p0826-teimww:hasSex>
    <p0826-teimww:lastName knoraType="richtext_value">Hibbard</p0826-teimww:lastName>
  </p0826-teimww:person>
  <p0826-teimww:person id="ww_6c137d4b04e9cbc4">
    <knoraXmlImport:label>Heinrich R. D. Anders</knoraXmlImport:label>
    <p0826-teimww:activeDate knoraType="date_value">GREGORIAN:1904</p0826-teimww:activeDate>
    <p0826-teimww:description knoraType="richtext_value">German scholar</p0826-teimww:description>
    <p0826-teimww:firstName knoraType="richtext_value">Heinrich R. D.</p0826-teimww:firstName>
    <p0826-teimww:hasSex knoraType="hlist_value">http://rdfh.ch/lists/0826/PqtLt8o3TKal_hcZMzBB6g</p0826-teimww:hasSex>
    <p0826-teimww:lastName knoraType="richtext_value">Anders</p0826-teimww:lastName>
  </p0826-teimww:person>
  <p0826-teimww:person id="ww_e6402f521ef2ee6e">
    <knoraXmlImport:label>George Kitchin</knoraXmlImport:label>
    <p0826-teimww:activeDate knoraType="date_value">GREGORIAN:1931</p0826-teimww:activeDate>
    <p0826-teimww:description knoraType="richtext_value">English (?) scholar</p0826-teimww:description>
    <p0826-teimww:firstName knoraType="richtext_value">George</p0826-teimww:firstName>
    <p0826-teimww:hasSex knoraType="hlist_value">http://rdfh.ch/lists/0826/PqtLt8o3TKal_hcZMzBB6g</p0826-teimww:hasSex>
    <p0826-teimww:lastName knoraType="richtext_value">Kitchin</p0826-teimww:lastName>
  </p0826-teimww:person>
  <p0826-teimww:person id="ww_42eb905bc6e4053a">
    <knoraXmlImport:label>William Painter</knoraXmlImport:label>
    <p0826-teimww:birthDate knoraType="date_value">GREGORIAN:1538:1542</p0826-teimww:birthDate>
    <p0826-teimww:deathDate knoraType="date_value">GREGORIAN:1594</p0826-teimww:deathDate>
    <p0826-teimww:description knoraType="richtext_value">English writer</p0826-teimww:description>
    <p0826-teimww:firstName knoraType="richtext_value">William</p0826-teimww:firstName>
    <p0826-teimww:hasSex knoraType="hlist_value">http://rdfh.ch/lists/0826/PqtLt8o3TKal_hcZMzBB6g</p0826-teimww:hasSex>
    <p0826-teimww:lastName knoraType="richtext_value">Painter</p0826-teimww:lastName>
  </p0826-teimww:person>
  <p0826-teimww:person id="ww_17923856f3fcac86">
    <knoraXmlImport:label>William Baldwin</knoraXmlImport:label>
    <p0826-teimww:birthDate knoraType="date_value">GREGORIAN:1518</p0826-teimww:birthDate>
    <p0826-teimww:deathDate knoraType="date_value">GREGORIAN:1562:1564</p0826-teimww:deathDate>
    <p0826-teimww:description knoraType="richtext_value">English anthologist</p0826-teimww:description>
    <p0826-teimww:firstName knoraType="richtext_value">William</p0826-teimww:firstName>
    <p0826-teimww:hasSex knoraType="hlist_value">http://rdfh.ch/lists/0826/PqtLt8o3TKal_hcZMzBB6g</p0826-teimww:hasSex>
    <p0826-teimww:lastName knoraType="richtext_value">Baldwin</p0826-teimww:lastName>
  </p0826-teimww:person>
  <p0826-teimww:person id="ww_00a3ea8b5afeaa37">
    <knoraXmlImport:label>Thomas Whitfield Baldwin</knoraXmlImport:label>
    <p0826-teimww:birthDate knoraType="date_value">GREGORIAN:1890</p0826-teimww:birthDate>
    <p0826-teimww:deathDate knoraType="date_value">GREGORIAN:1984</p0826-teimww:deathDate>
    <p0826-teimww:description knoraType="richtext_value">U.S. scholar</p0826-teimww:description>
    <p0826-teimww:firstName knoraType="richtext_value">Thomas Whitfield</p0826-teimww:firstName>
    <p0826-teimww:hasSex knoraType="hlist_value">http://rdfh.ch/lists/0826/PqtLt8o3TKal_hcZMzBB6g</p0826-teimww:hasSex>
    <p0826-teimww:lastName knoraType="richtext_value">Baldwin</p0826-teimww:lastName>
  </p0826-teimww:person>
  <p0826-teimww:person id="ww_4d46ba6d44081aae">
    <knoraXmlImport:label>Sir Henry Billingsley</knoraXmlImport:label>
    <p0826-teimww:deathDate knoraType="date_value">GREGORIAN:1606</p0826-teimww:deathDate>
    <p0826-teimww:description knoraType="richtext_value">English merchant and translator</p0826-teimww:description>
    <p0826-teimww:firstName knoraType="richtext_value">Sir Henry</p0826-teimww:firstName>
    <p0826-teimww:hasSex knoraType="hlist_value">http://rdfh.ch/lists/0826/PqtLt8o3TKal_hcZMzBB6g</p0826-teimww:hasSex>
    <p0826-teimww:lastName knoraType="richtext_value">Billingsley</p0826-teimww:lastName>
  </p0826-teimww:person>
  <p0826-teimww:person id="ww_93393d7338f8a258">
    <knoraXmlImport:label>Laurence Twyne</knoraXmlImport:label>
    <p0826-teimww:activeDate knoraType="date_value">GREGORIAN:1594</p0826-teimww:activeDate>
    <p0826-teimww:description knoraType="richtext_value">English translator</p0826-teimww:description>
    <p0826-teimww:firstName knoraType="richtext_value">Laurence</p0826-teimww:firstName>
    <p0826-teimww:hasSex knoraType="hlist_value">http://rdfh.ch/lists/0826/PqtLt8o3TKal_hcZMzBB6g</p0826-teimww:hasSex>
    <p0826-teimww:lastName knoraType="richtext_value">Twyne</p0826-teimww:lastName>
  </p0826-teimww:person>
  <p0826-teimww:person id="ww_a5663d4a9069f35d">
    <knoraXmlImport:label>Thomas Twyne</knoraXmlImport:label>
    <p0826-teimww:birthDate knoraType="date_value">GREGORIAN:1543</p0826-teimww:birthDate>
    <p0826-teimww:deathDate knoraType="date_value">GREGORIAN:1613</p0826-teimww:deathDate>
    <p0826-teimww:description knoraType="richtext_value">English translator</p0826-teimww:description>
    <p0826-teimww:firstName knoraType="richtext_value">Thomas</p0826-teimww:firstName>
    <p0826-teimww:hasSex knoraType="hlist_value">http://rdfh.ch/lists/0826/PqtLt8o3TKal_hcZMzBB6g</p0826-teimww:hasSex>
    <p0826-teimww:lastName knoraType="richtext_value">Twyne</p0826-teimww:lastName>
  </p0826-teimww:person>
  <p0826-teimww:person id="ww_20c2963f1665d325">
    <knoraXmlImport:label>John Jewel</knoraXmlImport:label>
    <p0826-teimww:birthDate knoraType="date_value">GREGORIAN:1522</p0826-teimww:birthDate>
    <p0826-teimww:deathDate knoraType="date_value">GREGORIAN:1571</p0826-teimww:deathDate>
    <p0826-teimww:description knoraType="richtext_value">English priest</p0826-teimww:description>
    <p0826-teimww:firstName knoraType="richtext_value">John</p0826-teimww:firstName>
    <p0826-teimww:hasSex knoraType="hlist_value">http://rdfh.ch/lists/0826/PqtLt8o3TKal_hcZMzBB6g</p0826-teimww:hasSex>
    <p0826-teimww:lastName knoraType="richtext_value">Jewel</p0826-teimww:lastName>
  </p0826-teimww:person>
  <p0826-teimww:person id="ww_1560a0ef495e2c1a">
    <knoraXmlImport:label>Lawrence Rosinger</knoraXmlImport:label>
    <p0826-teimww:activeDate knoraType="date_value">GREGORIAN:1975:1987</p0826-teimww:activeDate>
    <p0826-teimww:description knoraType="richtext_value">U.S. (?) scholar</p0826-teimww:description>
    <p0826-teimww:firstName knoraType="richtext_value">Lawrence</p0826-teimww:firstName>
    <p0826-teimww:hasSex knoraType="hlist_value">http://rdfh.ch/lists/0826/PqtLt8o3TKal_hcZMzBB6g</p0826-teimww:hasSex>
    <p0826-teimww:lastName knoraType="richtext_value">Rosinger</p0826-teimww:lastName>
  </p0826-teimww:person>
  <p0826-teimww:person id="ww_8110581a51ac8d0a">
    <knoraXmlImport:label>John Whitgift</knoraXmlImport:label>
    <p0826-teimww:birthDate knoraType="date_value">GREGORIAN:1530:1533</p0826-teimww:birthDate>
    <p0826-teimww:deathDate knoraType="date_value">GREGORIAN:1604</p0826-teimww:deathDate>
    <p0826-teimww:description knoraType="richtext_value">Archbishop of Canterbury</p0826-teimww:description>
    <p0826-teimww:firstName knoraType="richtext_value">John</p0826-teimww:firstName>
    <p0826-teimww:hasSex knoraType="hlist_value">http://rdfh.ch/lists/0826/PqtLt8o3TKal_hcZMzBB6g</p0826-teimww:hasSex>
    <p0826-teimww:lastName knoraType="richtext_value">Whitgift</p0826-teimww:lastName>
  </p0826-teimww:person>
  <p0826-teimww:person id="ww_0e82de631d672dcc">
    <knoraXmlImport:label>Ralph Lever</knoraXmlImport:label>
    <p0826-teimww:deathDate knoraType="date_value">GREGORIAN:1584</p0826-teimww:deathDate>
    <p0826-teimww:description knoraType="richtext_value">English rhetorician</p0826-teimww:description>
    <p0826-teimww:firstName knoraType="richtext_value">Ralph</p0826-teimww:firstName>
    <p0826-teimww:hasSex knoraType="hlist_value">http://rdfh.ch/lists/0826/PqtLt8o3TKal_hcZMzBB6g</p0826-teimww:hasSex>
    <p0826-teimww:lastName knoraType="richtext_value">Lever</p0826-teimww:lastName>
  </p0826-teimww:person>
  <p0826-teimww:person id="ww_196b962a617afbbd">
    <knoraXmlImport:label>Peter Stallybrass</knoraXmlImport:label>
    <p0826-teimww:birthDate knoraType="date_value">GREGORIAN:1950:1959</p0826-teimww:birthDate>
    <p0826-teimww:description knoraType="richtext_value">British-born U.S. academic</p0826-teimww:description>
    <p0826-teimww:firstName knoraType="richtext_value">Peter</p0826-teimww:firstName>
    <p0826-teimww:hasSex knoraType="hlist_value">http://rdfh.ch/lists/0826/PqtLt8o3TKal_hcZMzBB6g</p0826-teimww:hasSex>
    <p0826-teimww:lastName knoraType="richtext_value">Stallybrass</p0826-teimww:lastName>
  </p0826-teimww:person>
  <p0826-teimww:person id="ww_9ffeb7ca95cd18da">
    <knoraXmlImport:label>Thomas Rogers</knoraXmlImport:label>
    <p0826-teimww:deathDate knoraType="date_value">GREGORIAN:1616</p0826-teimww:deathDate>
    <p0826-teimww:description knoraType="richtext_value">English  theologian and translator</p0826-teimww:description>
    <p0826-teimww:firstName knoraType="richtext_value">Thomas</p0826-teimww:firstName>
    <p0826-teimww:hasSex knoraType="hlist_value">http://rdfh.ch/lists/0826/PqtLt8o3TKal_hcZMzBB6g</p0826-teimww:hasSex>
    <p0826-teimww:lastName knoraType="richtext_value">Rogers</p0826-teimww:lastName>
  </p0826-teimww:person>
  <p0826-teimww:person id="ww_61ea5c613f71ac23">
    <knoraXmlImport:label>Thomas Proctor</knoraXmlImport:label>
    <p0826-teimww:activeDate knoraType="date_value">GREGORIAN:1578</p0826-teimww:activeDate>
    <p0826-teimww:description knoraType="richtext_value">English poet</p0826-teimww:description>
    <p0826-teimww:firstName knoraType="richtext_value">Thomas</p0826-teimww:firstName>
    <p0826-teimww:hasSex knoraType="hlist_value">http://rdfh.ch/lists/0826/PqtLt8o3TKal_hcZMzBB6g</p0826-teimww:hasSex>
    <p0826-teimww:lastName knoraType="richtext_value">Proctor</p0826-teimww:lastName>
  </p0826-teimww:person>
  <p0826-teimww:person id="ww_4b2c2c667ace067b">
    <knoraXmlImport:label>Henry Bull</knoraXmlImport:label>
    <p0826-teimww:deathDate knoraType="date_value">GREGORIAN:1577</p0826-teimww:deathDate>
    <p0826-teimww:description knoraType="richtext_value">English theological writer</p0826-teimww:description>
    <p0826-teimww:firstName knoraType="richtext_value">Henry</p0826-teimww:firstName>
    <p0826-teimww:hasSex knoraType="hlist_value">http://rdfh.ch/lists/0826/PqtLt8o3TKal_hcZMzBB6g</p0826-teimww:hasSex>
    <p0826-teimww:lastName knoraType="richtext_value">Bull</p0826-teimww:lastName>
  </p0826-teimww:person>
  <p0826-teimww:person id="ww_63d5fe36ffac5d32">
    <knoraXmlImport:label>Christopher Marlowe</knoraXmlImport:label>
    <p0826-teimww:birthDate knoraType="date_value">GREGORIAN:1564</p0826-teimww:birthDate>
    <p0826-teimww:deathDate knoraType="date_value">GREGORIAN:1593</p0826-teimww:deathDate>
    <p0826-teimww:description knoraType="richtext_value">English poet, dramatist and translator</p0826-teimww:description>
    <p0826-teimww:firstName knoraType="richtext_value">Christopher</p0826-teimww:firstName>
    <p0826-teimww:hasSex knoraType="hlist_value">http://rdfh.ch/lists/0826/PqtLt8o3TKal_hcZMzBB6g</p0826-teimww:hasSex>
    <p0826-teimww:lastName knoraType="richtext_value">Marlowe</p0826-teimww:lastName>
  </p0826-teimww:person>
  <p0826-teimww:person id="ww_d2baadbb11f92d24">
    <knoraXmlImport:label>Donna M. Murphy</knoraXmlImport:label>
    <p0826-teimww:firstName knoraType="richtext_value">Donna M.</p0826-teimww:firstName>
    <p0826-teimww:hasSex knoraType="hlist_value">http://rdfh.ch/lists/0826/PqtLt8o3TKal_hcZMzBB6g</p0826-teimww:hasSex>
    <p0826-teimww:lastName knoraType="richtext_value">Murphy</p0826-teimww:lastName>
  </p0826-teimww:person>
  <p0826-teimww:person id="ww_7468c79b15d734b3">
    <knoraXmlImport:label>George Peele</knoraXmlImport:label>
    <p0826-teimww:birthDate knoraType="date_value">GREGORIAN:1556</p0826-teimww:birthDate>
    <p0826-teimww:deathDate knoraType="date_value">GREGORIAN:1596</p0826-teimww:deathDate>
    <p0826-teimww:description knoraType="richtext_value">English translator, poet and dramatist</p0826-teimww:description>
    <p0826-teimww:firstName knoraType="richtext_value">George</p0826-teimww:firstName>
    <p0826-teimww:hasSex knoraType="hlist_value">http://rdfh.ch/lists/0826/PqtLt8o3TKal_hcZMzBB6g</p0826-teimww:hasSex>
    <p0826-teimww:lastName knoraType="richtext_value">Peele</p0826-teimww:lastName>
  </p0826-teimww:person>
  <p0826-teimww:person id="ww_904a3011a92fb67c">
    <knoraXmlImport:label>Charles Edelman</knoraXmlImport:label>
    <p0826-teimww:firstName knoraType="richtext_value">Charles</p0826-teimww:firstName>
    <p0826-teimww:hasSex knoraType="hlist_value">http://rdfh.ch/lists/0826/PqtLt8o3TKal_hcZMzBB6g</p0826-teimww:hasSex>
    <p0826-teimww:lastName knoraType="richtext_value">Edelman</p0826-teimww:lastName>
  </p0826-teimww:person>
  <p0826-teimww:person id="ww_4a2611f5113afb89">
    <knoraXmlImport:label>Hermann Voigt</knoraXmlImport:label>
    <p0826-teimww:activeDate knoraType="date_value">GREGORIAN:1908</p0826-teimww:activeDate>
    <p0826-teimww:description knoraType="richtext_value">German (?) scholar</p0826-teimww:description>
    <p0826-teimww:firstName knoraType="richtext_value">Hermann</p0826-teimww:firstName>
    <p0826-teimww:hasSex knoraType="hlist_value">http://rdfh.ch/lists/0826/PqtLt8o3TKal_hcZMzBB6g</p0826-teimww:hasSex>
    <p0826-teimww:lastName knoraType="richtext_value">Voigt</p0826-teimww:lastName>
  </p0826-teimww:person>
  <p0826-teimww:person id="ww_66491a37dd339103">
    <knoraXmlImport:label>Irving Ribner</knoraXmlImport:label>
    <p0826-teimww:birthDate knoraType="date_value">GREGORIAN:1922</p0826-teimww:birthDate>
    <p0826-teimww:deathDate knoraType="date_value">GREGORIAN:1972</p0826-teimww:deathDate>
    <p0826-teimww:description knoraType="richtext_value">U.S. scholar</p0826-teimww:description>
    <p0826-teimww:firstName knoraType="richtext_value">Irving</p0826-teimww:firstName>
    <p0826-teimww:hasSex knoraType="hlist_value">http://rdfh.ch/lists/0826/PqtLt8o3TKal_hcZMzBB6g</p0826-teimww:hasSex>
    <p0826-teimww:lastName knoraType="richtext_value">Ribner</p0826-teimww:lastName>
  </p0826-teimww:person>
  <p0826-teimww:person id="ww_40af4fdaa8bf7a1d">
    <knoraXmlImport:label>H. B. Charlton</knoraXmlImport:label>
    <p0826-teimww:activeDate knoraType="date_value">GREGORIAN:1933</p0826-teimww:activeDate>
    <p0826-teimww:description knoraType="richtext_value">English (?) scholar</p0826-teimww:description>
    <p0826-teimww:firstName knoraType="richtext_value">H. B.</p0826-teimww:firstName>
    <p0826-teimww:hasSex knoraType="hlist_value">http://rdfh.ch/lists/0826/PqtLt8o3TKal_hcZMzBB6g</p0826-teimww:hasSex>
    <p0826-teimww:lastName knoraType="richtext_value">Charlton</p0826-teimww:lastName>
  </p0826-teimww:person>
  <p0826-teimww:person id="ww_30995ab4792b9a3f">
    <knoraXmlImport:label>R. D. Waller</knoraXmlImport:label>
    <p0826-teimww:activeDate knoraType="date_value">GREGORIAN:1933</p0826-teimww:activeDate>
    <p0826-teimww:description knoraType="richtext_value">English (?) scholar</p0826-teimww:description>
    <p0826-teimww:firstName knoraType="richtext_value">R. D.</p0826-teimww:firstName>
    <p0826-teimww:hasSex knoraType="hlist_value">http://rdfh.ch/lists/0826/PqtLt8o3TKal_hcZMzBB6g</p0826-teimww:hasSex>
    <p0826-teimww:lastName knoraType="richtext_value">Waller</p0826-teimww:lastName>
  </p0826-teimww:person>
  <p0826-teimww:person id="ww_fb2f6ac664533d01">
    <knoraXmlImport:label>Edmund Spenser</knoraXmlImport:label>
    <p0826-teimww:birthDate knoraType="date_value">GREGORIAN:1552</p0826-teimww:birthDate>
    <p0826-teimww:deathDate knoraType="date_value">GREGORIAN:1599</p0826-teimww:deathDate>
    <p0826-teimww:description knoraType="richtext_value">English poet</p0826-teimww:description>
    <p0826-teimww:firstName knoraType="richtext_value">Edmund</p0826-teimww:firstName>
    <p0826-teimww:hasSex knoraType="hlist_value">http://rdfh.ch/lists/0826/PqtLt8o3TKal_hcZMzBB6g</p0826-teimww:hasSex>
    <p0826-teimww:lastName knoraType="richtext_value">Spenser</p0826-teimww:lastName>
  </p0826-teimww:person>
  <p0826-teimww:person id="ww_e50a603b67ab7672">
    <knoraXmlImport:label>Abbie Findlay Potts</knoraXmlImport:label>
    <p0826-teimww:activeDate knoraType="date_value">GREGORIAN:1923:1963</p0826-teimww:activeDate>
    <p0826-teimww:description knoraType="richtext_value">U.S. (?) scholar</p0826-teimww:description>
    <p0826-teimww:firstName knoraType="richtext_value">Abbie Findlay</p0826-teimww:firstName>
    <p0826-teimww:hasSex knoraType="hlist_value">http://rdfh.ch/lists/0826/PqtLt8o3TKal_hcZMzBB6g</p0826-teimww:hasSex>
    <p0826-teimww:lastName knoraType="richtext_value">Potts</p0826-teimww:lastName>
  </p0826-teimww:person>
  <p0826-teimww:person id="ww_684176b58bc762f6">
    <knoraXmlImport:label>William Shakespeare</knoraXmlImport:label>
    <p0826-teimww:birthDate knoraType="date_value">GREGORIAN:1564</p0826-teimww:birthDate>
    <p0826-teimww:deathDate knoraType="date_value">GREGORIAN:1616</p0826-teimww:deathDate>
    <p0826-teimww:description knoraType="richtext_value">English dramatist and poet  #007000</p0826-teimww:description>
    <p0826-teimww:firstName knoraType="richtext_value">William</p0826-teimww:firstName>
    <p0826-teimww:hasSex knoraType="hlist_value">http://rdfh.ch/lists/0826/PqtLt8o3TKal_hcZMzBB6g</p0826-teimww:hasSex>
    <p0826-teimww:lastName knoraType="richtext_value">Shakespeare</p0826-teimww:lastName>
  </p0826-teimww:person>
  <p0826-teimww:person id="ww_4c146e6d2ef23a03">
    <knoraXmlImport:label>Frederick James Furnivall</knoraXmlImport:label>
    <p0826-teimww:birthDate knoraType="date_value">GREGORIAN:1825</p0826-teimww:birthDate>
    <p0826-teimww:deathDate knoraType="date_value">GREGORIAN:1910</p0826-teimww:deathDate>
    <p0826-teimww:description knoraType="richtext_value">English scholar</p0826-teimww:description>
    <p0826-teimww:firstName knoraType="richtext_value">Frederick James</p0826-teimww:firstName>
    <p0826-teimww:hasSex knoraType="hlist_value">http://rdfh.ch/lists/0826/PqtLt8o3TKal_hcZMzBB6g</p0826-teimww:hasSex>
    <p0826-teimww:lastName knoraType="richtext_value">Furnivall</p0826-teimww:lastName>
  </p0826-teimww:person>
  <p0826-teimww:person id="ww_a60ff4964db613ee">
    <knoraXmlImport:label>Clement Mansfield Ingleby</knoraXmlImport:label>
    <p0826-teimww:activeDate knoraType="date_value">GREGORIAN:1909</p0826-teimww:activeDate>
    <p0826-teimww:description knoraType="richtext_value">English academic</p0826-teimww:description>
    <p0826-teimww:firstName knoraType="richtext_value">Clement Mansfield</p0826-teimww:firstName>
    <p0826-teimww:hasSex knoraType="hlist_value">http://rdfh.ch/lists/0826/PqtLt8o3TKal_hcZMzBB6g</p0826-teimww:hasSex>
    <p0826-teimww:lastName knoraType="richtext_value">Ingleby</p0826-teimww:lastName>
  </p0826-teimww:person>
  <p0826-teimww:person id="ww_fb550941e6e9db62">
    <knoraXmlImport:label>John Munro</knoraXmlImport:label>
    <p0826-teimww:birthDate knoraType="date_value">GREGORIAN:1849</p0826-teimww:birthDate>
    <p0826-teimww:deathDate knoraType="date_value">GREGORIAN:1930</p0826-teimww:deathDate>
    <p0826-teimww:description knoraType="richtext_value">English academic</p0826-teimww:description>
    <p0826-teimww:firstName knoraType="richtext_value">John</p0826-teimww:firstName>
    <p0826-teimww:hasSex knoraType="hlist_value">http://rdfh.ch/lists/0826/PqtLt8o3TKal_hcZMzBB6g</p0826-teimww:hasSex>
    <p0826-teimww:lastName knoraType="richtext_value">Munro</p0826-teimww:lastName>
  </p0826-teimww:person>
  <p0826-teimww:person id="ww_26c25538fa69a566">
    <knoraXmlImport:label>Lucy Toulmin Smith</knoraXmlImport:label>
    <p0826-teimww:firstName knoraType="richtext_value">Lucy Toulmin</p0826-teimww:firstName>
    <p0826-teimww:hasSex knoraType="hlist_value">http://rdfh.ch/lists/0826/PqtLt8o3TKal_hcZMzBB6g</p0826-teimww:hasSex>
    <p0826-teimww:lastName knoraType="richtext_value">Smith</p0826-teimww:lastName>
  </p0826-teimww:person>
  <p0826-teimww:person id="ww_0989e07eda6de68c">
    <knoraXmlImport:label>(female) 0_Anon</knoraXmlImport:label>
    <p0826-teimww:firstName knoraType="richtext_value">(female)</p0826-teimww:firstName>
    <p0826-teimww:hasSex knoraType="hlist_value">http://rdfh.ch/lists/0826/PqtLt8o3TKal_hcZMzBB6g</p0826-teimww:hasSex>
    <p0826-teimww:lastName knoraType="richtext_value">0_Anon</p0826-teimww:lastName>
  </p0826-teimww:person>
  <p0826-teimww:person id="ww_d031de8fd298348b">
    <knoraXmlImport:label>Colin Burrow</knoraXmlImport:label>
    <p0826-teimww:birthDate knoraType="date_value">GREGORIAN:1963:1965</p0826-teimww:birthDate>
    <p0826-teimww:description knoraType="richtext_value">English academic</p0826-teimww:description>
    <p0826-teimww:firstName knoraType="richtext_value">Colin</p0826-teimww:firstName>
    <p0826-teimww:hasSex knoraType="hlist_value">http://rdfh.ch/lists/0826/PqtLt8o3TKal_hcZMzBB6g</p0826-teimww:hasSex>
    <p0826-teimww:lastName knoraType="richtext_value">Burrow</p0826-teimww:lastName>
  </p0826-teimww:person>
  <p0826-teimww:person id="ww_d20c9849f2078d70">
    <knoraXmlImport:label>Reavley Gair</knoraXmlImport:label>
    <p0826-teimww:birthDate knoraType="date_value">GREGORIAN:1949</p0826-teimww:birthDate>
    <p0826-teimww:deathDate knoraType="date_value">GREGORIAN:1917</p0826-teimww:deathDate>
    <p0826-teimww:description knoraType="richtext_value">Canadian academic</p0826-teimww:description>
    <p0826-teimww:firstName knoraType="richtext_value">Reavley</p0826-teimww:firstName>
    <p0826-teimww:hasSex knoraType="hlist_value">http://rdfh.ch/lists/0826/PqtLt8o3TKal_hcZMzBB6g</p0826-teimww:hasSex>
    <p0826-teimww:lastName knoraType="richtext_value">Gair</p0826-teimww:lastName>
  </p0826-teimww:person>
  <p0826-teimww:person id="ww_386448c09c02ba3f">
    <knoraXmlImport:label>Barbara Mowat</knoraXmlImport:label>
    <p0826-teimww:birthDate knoraType="date_value">GREGORIAN:1934</p0826-teimww:birthDate>
    <p0826-teimww:deathDate knoraType="date_value">GREGORIAN:2017</p0826-teimww:deathDate>
    <p0826-teimww:description knoraType="richtext_value">U.S. academic</p0826-teimww:description>
    <p0826-teimww:firstName knoraType="richtext_value">Barbara</p0826-teimww:firstName>
    <p0826-teimww:hasSex knoraType="hlist_value">http://rdfh.ch/lists/0826/PqtLt8o3TKal_hcZMzBB6g</p0826-teimww:hasSex>
    <p0826-teimww:lastName knoraType="richtext_value">Mowat</p0826-teimww:lastName>
  </p0826-teimww:person>
  <p0826-teimww:person id="ww_4d01a832f50d804e">
    <knoraXmlImport:label>Rebecca Niles</knoraXmlImport:label>
    <p0826-teimww:firstName knoraType="richtext_value">Rebecca</p0826-teimww:firstName>
    <p0826-teimww:hasSex knoraType="hlist_value">http://rdfh.ch/lists/0826/PqtLt8o3TKal_hcZMzBB6g</p0826-teimww:hasSex>
    <p0826-teimww:lastName knoraType="richtext_value">Niles</p0826-teimww:lastName>
  </p0826-teimww:person>
  <p0826-teimww:person id="ww_55f5e9f5fe14853f">
    <knoraXmlImport:label>Michael Poston</knoraXmlImport:label>
    <p0826-teimww:firstName knoraType="richtext_value">Michael</p0826-teimww:firstName>
    <p0826-teimww:hasSex knoraType="hlist_value">http://rdfh.ch/lists/0826/PqtLt8o3TKal_hcZMzBB6g</p0826-teimww:hasSex>
    <p0826-teimww:lastName knoraType="richtext_value">Poston</p0826-teimww:lastName>
  </p0826-teimww:person>
  <p0826-teimww:person id="ww_c8fa0de8d0fc2fc4">
    <knoraXmlImport:label>Paul Werstine</knoraXmlImport:label>
    <p0826-teimww:birthDate knoraType="date_value">GREGORIAN:1950:1952</p0826-teimww:birthDate>
    <p0826-teimww:description knoraType="richtext_value">U.S.-born Canadian academic</p0826-teimww:description>
    <p0826-teimww:firstName knoraType="richtext_value">Paul</p0826-teimww:firstName>
    <p0826-teimww:hasSex knoraType="hlist_value">http://rdfh.ch/lists/0826/PqtLt8o3TKal_hcZMzBB6g</p0826-teimww:hasSex>
    <p0826-teimww:lastName knoraType="richtext_value">Werstine</p0826-teimww:lastName>
  </p0826-teimww:person>
  <p0826-teimww:person id="ww_3003e40f8d22b593">
    <knoraXmlImport:label>Lawrence J. Ross</knoraXmlImport:label>
    <p0826-teimww:activeDate knoraType="date_value">GREGORIAN:1966</p0826-teimww:activeDate>
    <p0826-teimww:description knoraType="richtext_value">English (?) scholar</p0826-teimww:description>
    <p0826-teimww:firstName knoraType="richtext_value">Lawrence J.</p0826-teimww:firstName>
    <p0826-teimww:hasSex knoraType="hlist_value">http://rdfh.ch/lists/0826/PqtLt8o3TKal_hcZMzBB6g</p0826-teimww:hasSex>
    <p0826-teimww:lastName knoraType="richtext_value">Ross</p0826-teimww:lastName>
  </p0826-teimww:person>
  <p0826-teimww:person id="ww_71c35dc91de8b585">
    <knoraXmlImport:label>Emil Koeppel</knoraXmlImport:label>
    <p0826-teimww:birthDate knoraType="date_value">GREGORIAN:1852</p0826-teimww:birthDate>
    <p0826-teimww:deathDate knoraType="date_value">GREGORIAN:1915</p0826-teimww:deathDate>
    <p0826-teimww:description knoraType="richtext_value">German academic</p0826-teimww:description>
    <p0826-teimww:firstName knoraType="richtext_value">Emil</p0826-teimww:firstName>
    <p0826-teimww:hasSex knoraType="hlist_value">http://rdfh.ch/lists/0826/PqtLt8o3TKal_hcZMzBB6g</p0826-teimww:hasSex>
    <p0826-teimww:lastName knoraType="richtext_value">Koeppel</p0826-teimww:lastName>
  </p0826-teimww:person>
  <p0826-teimww:person id="ww_a943388f673c7fa4">
    <knoraXmlImport:label>Harvey Wood</knoraXmlImport:label>
    <p0826-teimww:activeDate knoraType="date_value">GREGORIAN:1934:1939</p0826-teimww:activeDate>
    <p0826-teimww:description knoraType="richtext_value">English (?) scholar</p0826-teimww:description>
    <p0826-teimww:firstName knoraType="richtext_value">Harvey</p0826-teimww:firstName>
    <p0826-teimww:hasSex knoraType="hlist_value">http://rdfh.ch/lists/0826/PqtLt8o3TKal_hcZMzBB6g</p0826-teimww:hasSex>
    <p0826-teimww:lastName knoraType="richtext_value">Wood</p0826-teimww:lastName>
  </p0826-teimww:person>
  <p0826-teimww:person id="ww_5d19ae76208b92a9">
    <knoraXmlImport:label>John Davis Ellis Williams</knoraXmlImport:label>
    <p0826-teimww:activeDate knoraType="date_value">GREGORIAN:1905</p0826-teimww:activeDate>
    <p0826-teimww:description knoraType="richtext_value">U.S. (?) scholar</p0826-teimww:description>
    <p0826-teimww:firstName knoraType="richtext_value">John Davis Ellis</p0826-teimww:firstName>
    <p0826-teimww:hasSex knoraType="hlist_value">http://rdfh.ch/lists/0826/PqtLt8o3TKal_hcZMzBB6g</p0826-teimww:hasSex>
    <p0826-teimww:lastName knoraType="richtext_value">Williams</p0826-teimww:lastName>
  </p0826-teimww:person>
  <p0826-teimww:person id="ww_9b2d545e20d62482">
    <knoraXmlImport:label>Ben Jonson</knoraXmlImport:label>
    <p0826-teimww:birthDate knoraType="date_value">GREGORIAN:1573</p0826-teimww:birthDate>
    <p0826-teimww:deathDate knoraType="date_value">GREGORIAN:1637</p0826-teimww:deathDate>
    <p0826-teimww:description knoraType="richtext_value">English dramatist and poet</p0826-teimww:description>
    <p0826-teimww:firstName knoraType="richtext_value">Ben</p0826-teimww:firstName>
    <p0826-teimww:hasSex knoraType="hlist_value">http://rdfh.ch/lists/0826/PqtLt8o3TKal_hcZMzBB6g</p0826-teimww:hasSex>
    <p0826-teimww:lastName knoraType="richtext_value">Jonson</p0826-teimww:lastName>
  </p0826-teimww:person>
  <p0826-teimww:person id="ww_d9d0c43743be62f7">
    <knoraXmlImport:label>Karl Christ</knoraXmlImport:label>
    <p0826-teimww:activeDate knoraType="date_value">GREGORIAN:1905</p0826-teimww:activeDate>
    <p0826-teimww:description knoraType="richtext_value">German (?) scholar</p0826-teimww:description>
    <p0826-teimww:firstName knoraType="richtext_value">Karl</p0826-teimww:firstName>
    <p0826-teimww:hasSex knoraType="hlist_value">http://rdfh.ch/lists/0826/PqtLt8o3TKal_hcZMzBB6g</p0826-teimww:hasSex>
    <p0826-teimww:lastName knoraType="richtext_value">Christ</p0826-teimww:lastName>
  </p0826-teimww:person>
  <p0826-teimww:person id="ww_5c7d3fc631db2ef4">
    <knoraXmlImport:label>H. Jung</knoraXmlImport:label>
    <p0826-teimww:activeDate knoraType="date_value">GREGORIAN:1904</p0826-teimww:activeDate>
    <p0826-teimww:description knoraType="richtext_value">German scholar</p0826-teimww:description>
    <p0826-teimww:firstName knoraType="richtext_value">H.</p0826-teimww:firstName>
    <p0826-teimww:hasSex knoraType="hlist_value">http://rdfh.ch/lists/0826/PqtLt8o3TKal_hcZMzBB6g</p0826-teimww:hasSex>
    <p0826-teimww:lastName knoraType="richtext_value">Jung</p0826-teimww:lastName>
  </p0826-teimww:person>
  <p0826-teimww:person id="ww_5920a2f51df6bb9f">
    <knoraXmlImport:label>William Peery</knoraXmlImport:label>
    <p0826-teimww:activeDate knoraType="date_value">GREGORIAN:1947:1950</p0826-teimww:activeDate>
    <p0826-teimww:description knoraType="richtext_value">U.S. scholar</p0826-teimww:description>
    <p0826-teimww:firstName knoraType="richtext_value">William</p0826-teimww:firstName>
    <p0826-teimww:hasSex knoraType="hlist_value">http://rdfh.ch/lists/0826/PqtLt8o3TKal_hcZMzBB6g</p0826-teimww:hasSex>
    <p0826-teimww:lastName knoraType="richtext_value">Peery</p0826-teimww:lastName>
  </p0826-teimww:person>
  <p0826-teimww:person id="ww_9cfcaaa5ca016199">
    <knoraXmlImport:label>J. W.  Olive</knoraXmlImport:label>
    <p0826-teimww:activeDate knoraType="date_value">GREGORIAN:1950</p0826-teimww:activeDate>
    <p0826-teimww:description knoraType="richtext_value">English (?) scholar</p0826-teimww:description>
    <p0826-teimww:firstName knoraType="richtext_value">J. W. </p0826-teimww:firstName>
    <p0826-teimww:hasSex knoraType="hlist_value">http://rdfh.ch/lists/0826/PqtLt8o3TKal_hcZMzBB6g</p0826-teimww:hasSex>
    <p0826-teimww:lastName knoraType="richtext_value">Olive</p0826-teimww:lastName>
  </p0826-teimww:person>
  <p0826-teimww:person id="ww_4ea15fc920a6e8b6">
    <knoraXmlImport:label>A. H.  Bullen</knoraXmlImport:label>
    <p0826-teimww:birthDate knoraType="date_value">GREGORIAN:1857</p0826-teimww:birthDate>
    <p0826-teimww:deathDate knoraType="date_value">GREGORIAN:1920</p0826-teimww:deathDate>
    <p0826-teimww:description knoraType="richtext_value">English editor , full name Arthur Henry Bullen</p0826-teimww:description>
    <p0826-teimww:firstName knoraType="richtext_value">A. H. </p0826-teimww:firstName>
    <p0826-teimww:hasSex knoraType="hlist_value">http://rdfh.ch/lists/0826/PqtLt8o3TKal_hcZMzBB6g</p0826-teimww:hasSex>
    <p0826-teimww:lastName knoraType="richtext_value">Bullen</p0826-teimww:lastName>
  </p0826-teimww:person>
  <p0826-teimww:person id="ww_fdae751b03274cac">
    <knoraXmlImport:label>Macdonald P. Jackson</knoraXmlImport:label>
    <p0826-teimww:birthDate knoraType="date_value">GREGORIAN:1938</p0826-teimww:birthDate>
    <p0826-teimww:description knoraType="richtext_value">New Zealand scholar</p0826-teimww:description>
    <p0826-teimww:firstName knoraType="richtext_value">Macdonald P.</p0826-teimww:firstName>
    <p0826-teimww:hasSex knoraType="hlist_value">http://rdfh.ch/lists/0826/PqtLt8o3TKal_hcZMzBB6g</p0826-teimww:hasSex>
    <p0826-teimww:lastName knoraType="richtext_value">Jackson</p0826-teimww:lastName>
  </p0826-teimww:person>
  <p0826-teimww:person id="ww_8501ec457f433848">
    <knoraXmlImport:label>George Chapman</knoraXmlImport:label>
    <p0826-teimww:birthDate knoraType="date_value">GREGORIAN:1558:1560</p0826-teimww:birthDate>
    <p0826-teimww:deathDate knoraType="date_value">GREGORIAN:1634</p0826-teimww:deathDate>
    <p0826-teimww:description knoraType="richtext_value">English poet, dramatist and translator</p0826-teimww:description>
    <p0826-teimww:firstName knoraType="richtext_value">George</p0826-teimww:firstName>
    <p0826-teimww:hasSex knoraType="hlist_value">http://rdfh.ch/lists/0826/PqtLt8o3TKal_hcZMzBB6g</p0826-teimww:hasSex>
    <p0826-teimww:lastName knoraType="richtext_value">Chapman</p0826-teimww:lastName>
  </p0826-teimww:person>
  <p0826-teimww:person id="ww_ad03d7c87e5b9c24">
    <knoraXmlImport:label>John Marston</knoraXmlImport:label>
    <p0826-teimww:birthDate knoraType="date_value">GREGORIAN:1576</p0826-teimww:birthDate>
    <p0826-teimww:deathDate knoraType="date_value">GREGORIAN:1634</p0826-teimww:deathDate>
    <p0826-teimww:description knoraType="richtext_value">English dramatist and poet</p0826-teimww:description>
    <p0826-teimww:firstName knoraType="richtext_value">John</p0826-teimww:firstName>
    <p0826-teimww:hasSex knoraType="hlist_value">http://rdfh.ch/lists/0826/PqtLt8o3TKal_hcZMzBB6g</p0826-teimww:hasSex>
    <p0826-teimww:lastName knoraType="richtext_value">Marston</p0826-teimww:lastName>
  </p0826-teimww:person>
  <p0826-teimww:person id="ww_d888f97beb7a5e1c">
    <knoraXmlImport:label>William Haughton</knoraXmlImport:label>
    <p0826-teimww:deathDate knoraType="date_value">GREGORIAN:1605</p0826-teimww:deathDate>
    <p0826-teimww:description knoraType="richtext_value">English dramatist</p0826-teimww:description>
    <p0826-teimww:firstName knoraType="richtext_value">William</p0826-teimww:firstName>
    <p0826-teimww:hasSex knoraType="hlist_value">http://rdfh.ch/lists/0826/PqtLt8o3TKal_hcZMzBB6g</p0826-teimww:hasSex>
    <p0826-teimww:lastName knoraType="richtext_value">Haughton</p0826-teimww:lastName>
  </p0826-teimww:person>
  <p0826-teimww:person id="ww_ce94987303de0652">
    <knoraXmlImport:label>Henry Porter</knoraXmlImport:label>
    <p0826-teimww:deathDate knoraType="date_value">GREGORIAN:1599</p0826-teimww:deathDate>
    <p0826-teimww:description knoraType="richtext_value">English dramatist</p0826-teimww:description>
    <p0826-teimww:firstName knoraType="richtext_value">Henry</p0826-teimww:firstName>
    <p0826-teimww:hasSex knoraType="hlist_value">http://rdfh.ch/lists/0826/PqtLt8o3TKal_hcZMzBB6g</p0826-teimww:hasSex>
    <p0826-teimww:lastName knoraType="richtext_value">Porter</p0826-teimww:lastName>
  </p0826-teimww:person>
  <p0826-teimww:person id="ww_87dbd52f1c5b813b">
    <knoraXmlImport:label>Thomas Dekker</knoraXmlImport:label>
    <p0826-teimww:birthDate knoraType="date_value">GREGORIAN:1572</p0826-teimww:birthDate>
    <p0826-teimww:deathDate knoraType="date_value">GREGORIAN:1632</p0826-teimww:deathDate>
    <p0826-teimww:description knoraType="richtext_value">English dramatist ca.</p0826-teimww:description>
    <p0826-teimww:firstName knoraType="richtext_value">Thomas</p0826-teimww:firstName>
    <p0826-teimww:hasSex knoraType="hlist_value">http://rdfh.ch/lists/0826/PqtLt8o3TKal_hcZMzBB6g</p0826-teimww:hasSex>
    <p0826-teimww:lastName knoraType="richtext_value">Dekker</p0826-teimww:lastName>
  </p0826-teimww:person>
  <p0826-teimww:person id="ww_631193418089c664">
    <knoraXmlImport:label>Hans Schere</knoraXmlImport:label>
    <p0826-teimww:activeDate knoraType="date_value">GREGORIAN:1901</p0826-teimww:activeDate>
    <p0826-teimww:description knoraType="richtext_value">German (?) scholar</p0826-teimww:description>
    <p0826-teimww:firstName knoraType="richtext_value">Hans</p0826-teimww:firstName>
    <p0826-teimww:hasSex knoraType="hlist_value">http://rdfh.ch/lists/0826/PqtLt8o3TKal_hcZMzBB6g</p0826-teimww:hasSex>
    <p0826-teimww:lastName knoraType="richtext_value">Schere</p0826-teimww:lastName>
  </p0826-teimww:person>
  <p0826-teimww:person id="ww_a490794224ad2764">
    <knoraXmlImport:label>Kate G. Frost</knoraXmlImport:label>
    <p0826-teimww:activeDate knoraType="date_value">GREGORIAN:1984</p0826-teimww:activeDate>
    <p0826-teimww:description knoraType="richtext_value">U.S. (?) scholar</p0826-teimww:description>
    <p0826-teimww:firstName knoraType="richtext_value">Kate G.</p0826-teimww:firstName>
    <p0826-teimww:hasSex knoraType="hlist_value">http://rdfh.ch/lists/0826/PqtLt8o3TKal_hcZMzBB6g</p0826-teimww:hasSex>
    <p0826-teimww:lastName knoraType="richtext_value">Frost</p0826-teimww:lastName>
  </p0826-teimww:person>
  <p0826-teimww:person id="ww_4cf2d2f81816aed2">
    <knoraXmlImport:label>George Thorn-Drury</knoraXmlImport:label>
    <p0826-teimww:firstName knoraType="richtext_value">George</p0826-teimww:firstName>
    <p0826-teimww:hasSex knoraType="hlist_value">http://rdfh.ch/lists/0826/PqtLt8o3TKal_hcZMzBB6g</p0826-teimww:hasSex>
    <p0826-teimww:lastName knoraType="richtext_value">Thorn-Drury</p0826-teimww:lastName>
  </p0826-teimww:person>
  <p0826-teimww:person id="ww_6479c34542b52165">
    <knoraXmlImport:label>Alwin Thaler</knoraXmlImport:label>
    <p0826-teimww:birthDate knoraType="date_value">GREGORIAN:1891</p0826-teimww:birthDate>
    <p0826-teimww:deathDate knoraType="date_value">GREGORIAN:1977</p0826-teimww:deathDate>
    <p0826-teimww:description knoraType="richtext_value">German-born U.S. scholar</p0826-teimww:description>
    <p0826-teimww:firstName knoraType="richtext_value">Alwin</p0826-teimww:firstName>
    <p0826-teimww:hasSex knoraType="hlist_value">http://rdfh.ch/lists/0826/PqtLt8o3TKal_hcZMzBB6g</p0826-teimww:hasSex>
    <p0826-teimww:lastName knoraType="richtext_value">Thaler</p0826-teimww:lastName>
  </p0826-teimww:person>
  <p0826-teimww:person id="ww_b12a0d10cafaf078">
    <knoraXmlImport:label>Alan Roper</knoraXmlImport:label>
    <p0826-teimww:activeDate knoraType="date_value">GREGORIAN:1956:1989</p0826-teimww:activeDate>
    <p0826-teimww:description knoraType="richtext_value">U.S. (?) academic</p0826-teimww:description>
    <p0826-teimww:firstName knoraType="richtext_value">Alan</p0826-teimww:firstName>
    <p0826-teimww:hasSex knoraType="hlist_value">http://rdfh.ch/lists/0826/PqtLt8o3TKal_hcZMzBB6g</p0826-teimww:hasSex>
    <p0826-teimww:lastName knoraType="richtext_value">Roper</p0826-teimww:lastName>
  </p0826-teimww:person>
  <p0826-teimww:person id="ww_f31af6df8b4b0640">
    <knoraXmlImport:label>Charles G. Smith</knoraXmlImport:label>
    <p0826-teimww:activeDate knoraType="date_value">GREGORIAN:1963</p0826-teimww:activeDate>
    <p0826-teimww:description knoraType="richtext_value">U.S. (?) scholar</p0826-teimww:description>
    <p0826-teimww:firstName knoraType="richtext_value">Charles G.</p0826-teimww:firstName>
    <p0826-teimww:hasSex knoraType="hlist_value">http://rdfh.ch/lists/0826/PqtLt8o3TKal_hcZMzBB6g</p0826-teimww:hasSex>
    <p0826-teimww:lastName knoraType="richtext_value">Smith</p0826-teimww:lastName>
  </p0826-teimww:person>
  <p0826-teimww:person id="ww_50c35f7aceaa6c9e">
    <knoraXmlImport:label>Morris Palmer Tilley</knoraXmlImport:label>
    <p0826-teimww:birthDate knoraType="date_value">GREGORIAN:1876</p0826-teimww:birthDate>
    <p0826-teimww:deathDate knoraType="date_value">GREGORIAN:1947</p0826-teimww:deathDate>
    <p0826-teimww:description knoraType="richtext_value">U.S. scholar</p0826-teimww:description>
    <p0826-teimww:firstName knoraType="richtext_value">Morris Palmer</p0826-teimww:firstName>
    <p0826-teimww:hasSex knoraType="hlist_value">http://rdfh.ch/lists/0826/PqtLt8o3TKal_hcZMzBB6g</p0826-teimww:hasSex>
    <p0826-teimww:lastName knoraType="richtext_value">Tilley</p0826-teimww:lastName>
  </p0826-teimww:person>
  <p0826-teimww:person id="ww_344c59ba1ce1b8fd">
    <knoraXmlImport:label>Thomas C. Faulkner</knoraXmlImport:label>
    <p0826-teimww:activeDate knoraType="date_value">GREGORIAN:1989</p0826-teimww:activeDate>
    <p0826-teimww:description knoraType="richtext_value">English (?) scholar</p0826-teimww:description>
    <p0826-teimww:firstName knoraType="richtext_value">Thomas C.</p0826-teimww:firstName>
    <p0826-teimww:hasSex knoraType="hlist_value">http://rdfh.ch/lists/0826/PqtLt8o3TKal_hcZMzBB6g</p0826-teimww:hasSex>
    <p0826-teimww:lastName knoraType="richtext_value">Faulkner</p0826-teimww:lastName>
  </p0826-teimww:person>
  <p0826-teimww:person id="ww_cfc974ec4e221d48">
    <knoraXmlImport:label>Kenneth Arthur Muir</knoraXmlImport:label>
    <p0826-teimww:birthDate knoraType="date_value">GREGORIAN:1907</p0826-teimww:birthDate>
    <p0826-teimww:deathDate knoraType="date_value">GREGORIAN:1996</p0826-teimww:deathDate>
    <p0826-teimww:description knoraType="richtext_value">British scholar</p0826-teimww:description>
    <p0826-teimww:firstName knoraType="richtext_value">Kenneth Arthur</p0826-teimww:firstName>
    <p0826-teimww:hasSex knoraType="hlist_value">http://rdfh.ch/lists/0826/PqtLt8o3TKal_hcZMzBB6g</p0826-teimww:hasSex>
    <p0826-teimww:lastName knoraType="richtext_value">Muir</p0826-teimww:lastName>
  </p0826-teimww:person>
  <p0826-teimww:person id="ww_7b88afb3c96d748f">
    <knoraXmlImport:label>John Bodenham</knoraXmlImport:label>
    <p0826-teimww:birthDate knoraType="date_value">GREGORIAN:1559</p0826-teimww:birthDate>
    <p0826-teimww:deathDate knoraType="date_value">GREGORIAN:1610</p0826-teimww:deathDate>
    <p0826-teimww:description knoraType="richtext_value">English anthologist</p0826-teimww:description>
    <p0826-teimww:firstName knoraType="richtext_value">John</p0826-teimww:firstName>
    <p0826-teimww:hasSex knoraType="hlist_value">http://rdfh.ch/lists/0826/PqtLt8o3TKal_hcZMzBB6g</p0826-teimww:hasSex>
    <p0826-teimww:lastName knoraType="richtext_value">Bodenham</p0826-teimww:lastName>
  </p0826-teimww:person>
  <p0826-teimww:person id="ww_7e08b5fab4c10b55">
    <knoraXmlImport:label>Sam Nicholson</knoraXmlImport:label>
    <p0826-teimww:activeDate knoraType="date_value">GREGORIAN:1600</p0826-teimww:activeDate>
    <p0826-teimww:description knoraType="richtext_value">English (?) poet</p0826-teimww:description>
    <p0826-teimww:firstName knoraType="richtext_value">Sam</p0826-teimww:firstName>
    <p0826-teimww:hasSex knoraType="hlist_value">http://rdfh.ch/lists/0826/PqtLt8o3TKal_hcZMzBB6g</p0826-teimww:hasSex>
    <p0826-teimww:lastName knoraType="richtext_value">Nicholson</p0826-teimww:lastName>
  </p0826-teimww:person>
  <p0826-teimww:person id="ww_ea90e1c76029f901">
    <knoraXmlImport:label>Robert Jordan</knoraXmlImport:label>
    <p0826-teimww:activeDate knoraType="date_value">GREGORIAN:1988</p0826-teimww:activeDate>
    <p0826-teimww:description knoraType="richtext_value">English (?) scholar</p0826-teimww:description>
    <p0826-teimww:firstName knoraType="richtext_value">Robert</p0826-teimww:firstName>
    <p0826-teimww:hasSex knoraType="hlist_value">http://rdfh.ch/lists/0826/PqtLt8o3TKal_hcZMzBB6g</p0826-teimww:hasSex>
    <p0826-teimww:lastName knoraType="richtext_value">Jordan</p0826-teimww:lastName>
  </p0826-teimww:person>
  <p0826-teimww:person id="ww_c11600e212e4417a">
    <knoraXmlImport:label>Harold Love</knoraXmlImport:label>
    <p0826-teimww:activeDate knoraType="date_value">GREGORIAN:1988</p0826-teimww:activeDate>
    <p0826-teimww:description knoraType="richtext_value">English (?) scholar</p0826-teimww:description>
    <p0826-teimww:firstName knoraType="richtext_value">Harold</p0826-teimww:firstName>
    <p0826-teimww:hasSex knoraType="hlist_value">http://rdfh.ch/lists/0826/PqtLt8o3TKal_hcZMzBB6g</p0826-teimww:hasSex>
    <p0826-teimww:lastName knoraType="richtext_value">Love</p0826-teimww:lastName>
  </p0826-teimww:person>
  <p0826-teimww:person id="ww_37083d29746e75d4">
    <knoraXmlImport:label>R. W. van Fossen</knoraXmlImport:label>
    <p0826-teimww:birthDate knoraType="date_value">GREGORIAN:1927</p0826-teimww:birthDate>
    <p0826-teimww:deathDate knoraType="date_value">GREGORIAN:2009</p0826-teimww:deathDate>
    <p0826-teimww:description knoraType="richtext_value">Canadian academic</p0826-teimww:description>
    <p0826-teimww:firstName knoraType="richtext_value">R. W.</p0826-teimww:firstName>
    <p0826-teimww:hasSex knoraType="hlist_value">http://rdfh.ch/lists/0826/PqtLt8o3TKal_hcZMzBB6g</p0826-teimww:hasSex>
    <p0826-teimww:lastName knoraType="richtext_value">van Fossen</p0826-teimww:lastName>
  </p0826-teimww:person>
  <p0826-teimww:person id="ww_f2c0f40020cbe48f">
    <knoraXmlImport:label>James Orchard Halliwell-Phillipps</knoraXmlImport:label>
    <p0826-teimww:birthDate knoraType="date_value">GREGORIAN:1820</p0826-teimww:birthDate>
    <p0826-teimww:deathDate knoraType="date_value">GREGORIAN:1889</p0826-teimww:deathDate>
    <p0826-teimww:description knoraType="richtext_value">English Shakespeare scholar</p0826-teimww:description>
    <p0826-teimww:firstName knoraType="richtext_value">James Orchard</p0826-teimww:firstName>
    <p0826-teimww:hasSex knoraType="hlist_value">http://rdfh.ch/lists/0826/PqtLt8o3TKal_hcZMzBB6g</p0826-teimww:hasSex>
    <p0826-teimww:lastName knoraType="richtext_value">Halliwell-Phillipps</p0826-teimww:lastName>
  </p0826-teimww:person>
  <p0826-teimww:person id="ww_12bcadd5ab9d3f8a">
    <knoraXmlImport:label>Percy Simpson</knoraXmlImport:label>
    <p0826-teimww:activeDate knoraType="date_value">GREGORIAN:1944</p0826-teimww:activeDate>
    <p0826-teimww:description knoraType="richtext_value">English (?) scholar</p0826-teimww:description>
    <p0826-teimww:firstName knoraType="richtext_value">Percy</p0826-teimww:firstName>
    <p0826-teimww:hasSex knoraType="hlist_value">http://rdfh.ch/lists/0826/PqtLt8o3TKal_hcZMzBB6g</p0826-teimww:hasSex>
    <p0826-teimww:lastName knoraType="richtext_value">Simpson</p0826-teimww:lastName>
  </p0826-teimww:person>
  <p0826-teimww:person id="ww_5cb3d6fa23800e74">
    <knoraXmlImport:label>William Rowley</knoraXmlImport:label>
    <p0826-teimww:birthDate knoraType="date_value">GREGORIAN:1584:1586</p0826-teimww:birthDate>
    <p0826-teimww:deathDate knoraType="date_value">GREGORIAN:1626</p0826-teimww:deathDate>
    <p0826-teimww:description knoraType="richtext_value">English dramatist</p0826-teimww:description>
    <p0826-teimww:firstName knoraType="richtext_value">William</p0826-teimww:firstName>
    <p0826-teimww:hasSex knoraType="hlist_value">http://rdfh.ch/lists/0826/PqtLt8o3TKal_hcZMzBB6g</p0826-teimww:hasSex>
    <p0826-teimww:lastName knoraType="richtext_value">Rowley</p0826-teimww:lastName>
  </p0826-teimww:person>
  <p0826-teimww:person id="ww_f10aec8cfe5ff90d">
    <knoraXmlImport:label>Thomas Heywood</knoraXmlImport:label>
    <p0826-teimww:birthDate knoraType="date_value">GREGORIAN:1570:1574</p0826-teimww:birthDate>
    <p0826-teimww:deathDate knoraType="date_value">GREGORIAN:1641</p0826-teimww:deathDate>
    <p0826-teimww:description knoraType="richtext_value">English dramatist</p0826-teimww:description>
    <p0826-teimww:firstName knoraType="richtext_value">Thomas</p0826-teimww:firstName>
    <p0826-teimww:hasSex knoraType="hlist_value">http://rdfh.ch/lists/0826/PqtLt8o3TKal_hcZMzBB6g</p0826-teimww:hasSex>
    <p0826-teimww:lastName knoraType="richtext_value">Heywood</p0826-teimww:lastName>
  </p0826-teimww:person>
  <p0826-teimww:person id="ww_d78940f8a8554ca3">
    <knoraXmlImport:label>Henry Chettle</knoraXmlImport:label>
    <p0826-teimww:birthDate knoraType="date_value">GREGORIAN:1564</p0826-teimww:birthDate>
    <p0826-teimww:deathDate knoraType="date_value">GREGORIAN:1603:1606</p0826-teimww:deathDate>
    <p0826-teimww:description knoraType="richtext_value">English dramatist</p0826-teimww:description>
    <p0826-teimww:firstName knoraType="richtext_value">Henry</p0826-teimww:firstName>
    <p0826-teimww:hasSex knoraType="hlist_value">http://rdfh.ch/lists/0826/PqtLt8o3TKal_hcZMzBB6g</p0826-teimww:hasSex>
    <p0826-teimww:lastName knoraType="richtext_value">Chettle</p0826-teimww:lastName>
  </p0826-teimww:person>
  <p0826-teimww:person id="ww_9594c85bc48d3759">
    <knoraXmlImport:label>John Webster</knoraXmlImport:label>
    <p0826-teimww:birthDate knoraType="date_value">GREGORIAN:1584</p0826-teimww:birthDate>
    <p0826-teimww:deathDate knoraType="date_value">GREGORIAN:1616</p0826-teimww:deathDate>
    <p0826-teimww:description knoraType="richtext_value">English dramatist</p0826-teimww:description>
    <p0826-teimww:firstName knoraType="richtext_value">John</p0826-teimww:firstName>
    <p0826-teimww:hasSex knoraType="hlist_value">http://rdfh.ch/lists/0826/PqtLt8o3TKal_hcZMzBB6g</p0826-teimww:hasSex>
    <p0826-teimww:lastName knoraType="richtext_value">Webster</p0826-teimww:lastName>
  </p0826-teimww:person>
  <p0826-teimww:person id="ww_947a2e721f016a03">
    <knoraXmlImport:label>John Day</knoraXmlImport:label>
    <p0826-teimww:birthDate knoraType="date_value">GREGORIAN:1574</p0826-teimww:birthDate>
    <p0826-teimww:deathDate knoraType="date_value">GREGORIAN:1637:1639</p0826-teimww:deathDate>
    <p0826-teimww:description knoraType="richtext_value">English dramatist</p0826-teimww:description>
    <p0826-teimww:firstName knoraType="richtext_value">John</p0826-teimww:firstName>
    <p0826-teimww:hasSex knoraType="hlist_value">http://rdfh.ch/lists/0826/PqtLt8o3TKal_hcZMzBB6g</p0826-teimww:hasSex>
    <p0826-teimww:lastName knoraType="richtext_value">Day</p0826-teimww:lastName>
  </p0826-teimww:person>
  <p0826-teimww:person id="ww_c298754546b2500e">
    <knoraXmlImport:label>Thomas Middleton</knoraXmlImport:label>
    <p0826-teimww:birthDate knoraType="date_value">GREGORIAN:1580</p0826-teimww:birthDate>
    <p0826-teimww:deathDate knoraType="date_value">GREGORIAN:1627</p0826-teimww:deathDate>
    <p0826-teimww:description knoraType="richtext_value">English dramatist</p0826-teimww:description>
    <p0826-teimww:firstName knoraType="richtext_value">Thomas</p0826-teimww:firstName>
    <p0826-teimww:hasSex knoraType="hlist_value">http://rdfh.ch/lists/0826/PqtLt8o3TKal_hcZMzBB6g</p0826-teimww:hasSex>
    <p0826-teimww:lastName knoraType="richtext_value">Middleton</p0826-teimww:lastName>
  </p0826-teimww:person>
  <p0826-teimww:person id="ww_f1b3b2adeeb3e86f">
    <knoraXmlImport:label>Peter Woodhouse</knoraXmlImport:label>
    <p0826-teimww:activeDate knoraType="date_value">GREGORIAN:1605</p0826-teimww:activeDate>
    <p0826-teimww:description knoraType="richtext_value">English poet</p0826-teimww:description>
    <p0826-teimww:firstName knoraType="richtext_value">Peter</p0826-teimww:firstName>
    <p0826-teimww:hasSex knoraType="hlist_value">http://rdfh.ch/lists/0826/PqtLt8o3TKal_hcZMzBB6g</p0826-teimww:hasSex>
    <p0826-teimww:lastName knoraType="richtext_value">Woodhouse</p0826-teimww:lastName>
  </p0826-teimww:person>
  <p0826-teimww:person id="ww_aee1340a336646a7">
    <knoraXmlImport:label>Margreta de Grazia</knoraXmlImport:label>
    <p0826-teimww:activeDate knoraType="date_value">GREGORIAN:1991</p0826-teimww:activeDate>
    <p0826-teimww:description knoraType="richtext_value">U.S. scholar</p0826-teimww:description>
    <p0826-teimww:firstName knoraType="richtext_value">Margreta</p0826-teimww:firstName>
    <p0826-teimww:hasSex knoraType="hlist_value">http://rdfh.ch/lists/0826/PqtLt8o3TKal_hcZMzBB6g</p0826-teimww:hasSex>
    <p0826-teimww:lastName knoraType="richtext_value">de Grazia</p0826-teimww:lastName>
  </p0826-teimww:person>
  <p0826-teimww:person id="ww_ecd33a52caec339f">
    <knoraXmlImport:label>Francis Beaumont</knoraXmlImport:label>
    <p0826-teimww:birthDate knoraType="date_value">GREGORIAN:1584</p0826-teimww:birthDate>
    <p0826-teimww:deathDate knoraType="date_value">GREGORIAN:1616</p0826-teimww:deathDate>
    <p0826-teimww:description knoraType="richtext_value">English dramatist</p0826-teimww:description>
    <p0826-teimww:firstName knoraType="richtext_value">Francis</p0826-teimww:firstName>
    <p0826-teimww:hasSex knoraType="hlist_value">http://rdfh.ch/lists/0826/PqtLt8o3TKal_hcZMzBB6g</p0826-teimww:hasSex>
    <p0826-teimww:lastName knoraType="richtext_value">Beaumont</p0826-teimww:lastName>
  </p0826-teimww:person>
  <p0826-teimww:person id="ww_3cc0cce5b6bf554a">
    <knoraXmlImport:label>John Fletcher</knoraXmlImport:label>
    <p0826-teimww:birthDate knoraType="date_value">GREGORIAN:1579</p0826-teimww:birthDate>
    <p0826-teimww:deathDate knoraType="date_value">GREGORIAN:1625</p0826-teimww:deathDate>
    <p0826-teimww:description knoraType="richtext_value">English dramatist</p0826-teimww:description>
    <p0826-teimww:firstName knoraType="richtext_value">John</p0826-teimww:firstName>
    <p0826-teimww:hasSex knoraType="hlist_value">http://rdfh.ch/lists/0826/PqtLt8o3TKal_hcZMzBB6g</p0826-teimww:hasSex>
    <p0826-teimww:lastName knoraType="richtext_value">Fletcher</p0826-teimww:lastName>
  </p0826-teimww:person>
  <p0826-teimww:person id="ww_5630a28303424aa1">
    <knoraXmlImport:label>Harold Jenkins</knoraXmlImport:label>
    <p0826-teimww:birthDate knoraType="date_value">GREGORIAN:1909</p0826-teimww:birthDate>
    <p0826-teimww:deathDate knoraType="date_value">GREGORIAN:2000</p0826-teimww:deathDate>
    <p0826-teimww:description knoraType="richtext_value">English scholar</p0826-teimww:description>
    <p0826-teimww:firstName knoraType="richtext_value">Harold</p0826-teimww:firstName>
    <p0826-teimww:hasSex knoraType="hlist_value">http://rdfh.ch/lists/0826/PqtLt8o3TKal_hcZMzBB6g</p0826-teimww:hasSex>
    <p0826-teimww:lastName knoraType="richtext_value">Jenkins</p0826-teimww:lastName>
  </p0826-teimww:person>
  <p0826-teimww:person id="ww_9186050dfac2d550">
    <knoraXmlImport:label>Thomas Tomkis</knoraXmlImport:label>
    <p0826-teimww:activeDate knoraType="date_value">GREGORIAN:1604:1615</p0826-teimww:activeDate>
    <p0826-teimww:description knoraType="richtext_value">English dramatist</p0826-teimww:description>
    <p0826-teimww:firstName knoraType="richtext_value">Thomas</p0826-teimww:firstName>
    <p0826-teimww:hasSex knoraType="hlist_value">http://rdfh.ch/lists/0826/PqtLt8o3TKal_hcZMzBB6g</p0826-teimww:hasSex>
    <p0826-teimww:lastName knoraType="richtext_value">Tomkis</p0826-teimww:lastName>
  </p0826-teimww:person>
  <p0826-teimww:person id="ww_986dd93d2d794ff5">
    <knoraXmlImport:label>George Wilkins</knoraXmlImport:label>
    <p0826-teimww:deathDate knoraType="date_value">GREGORIAN:1618</p0826-teimww:deathDate>
    <p0826-teimww:description knoraType="richtext_value">English dramatist and pamphleteer</p0826-teimww:description>
    <p0826-teimww:firstName knoraType="richtext_value">George</p0826-teimww:firstName>
    <p0826-teimww:hasSex knoraType="hlist_value">http://rdfh.ch/lists/0826/PqtLt8o3TKal_hcZMzBB6g</p0826-teimww:hasSex>
    <p0826-teimww:lastName knoraType="richtext_value">Wilkins</p0826-teimww:lastName>
  </p0826-teimww:person>
  <p0826-teimww:person id="ww_79c674f9ee6b5a7c">
    <knoraXmlImport:label>Edward Sharpham</knoraXmlImport:label>
    <p0826-teimww:birthDate knoraType="date_value">GREGORIAN:1576</p0826-teimww:birthDate>
    <p0826-teimww:deathDate knoraType="date_value">GREGORIAN:1608</p0826-teimww:deathDate>
    <p0826-teimww:description knoraType="richtext_value">English dramatist</p0826-teimww:description>
    <p0826-teimww:firstName knoraType="richtext_value">Edward</p0826-teimww:firstName>
    <p0826-teimww:hasSex knoraType="hlist_value">http://rdfh.ch/lists/0826/PqtLt8o3TKal_hcZMzBB6g</p0826-teimww:hasSex>
    <p0826-teimww:lastName knoraType="richtext_value">Sharpham</p0826-teimww:lastName>
  </p0826-teimww:person>
  <p0826-teimww:person id="ww_9b3aca5e1fbd9b33">
    <knoraXmlImport:label>Lording or Lodovic Barry</knoraXmlImport:label>
    <p0826-teimww:birthDate knoraType="date_value">GREGORIAN:1580</p0826-teimww:birthDate>
    <p0826-teimww:deathDate knoraType="date_value">GREGORIAN:1629</p0826-teimww:deathDate>
    <p0826-teimww:description knoraType="richtext_value">English dramatist</p0826-teimww:description>
    <p0826-teimww:firstName knoraType="richtext_value">Lording or Lodovic</p0826-teimww:firstName>
    <p0826-teimww:hasSex knoraType="hlist_value">http://rdfh.ch/lists/0826/PqtLt8o3TKal_hcZMzBB6g</p0826-teimww:hasSex>
    <p0826-teimww:lastName knoraType="richtext_value">Barry</p0826-teimww:lastName>
  </p0826-teimww:person>
  <p0826-teimww:person id="ww_8926bbeaa7c56023">
    <knoraXmlImport:label>Nathan Field</knoraXmlImport:label>
    <p0826-teimww:birthDate knoraType="date_value">GREGORIAN:1587</p0826-teimww:birthDate>
    <p0826-teimww:deathDate knoraType="date_value">GREGORIAN:1620</p0826-teimww:deathDate>
    <p0826-teimww:description knoraType="richtext_value">English dramatist</p0826-teimww:description>
    <p0826-teimww:firstName knoraType="richtext_value">Nathan</p0826-teimww:firstName>
    <p0826-teimww:hasSex knoraType="hlist_value">http://rdfh.ch/lists/0826/PqtLt8o3TKal_hcZMzBB6g</p0826-teimww:hasSex>
    <p0826-teimww:lastName knoraType="richtext_value">Field</p0826-teimww:lastName>
  </p0826-teimww:person>
  <p0826-teimww:person id="ww_5350e0c0cddb3400">
    <knoraXmlImport:label>Robert Armin</knoraXmlImport:label>
    <p0826-teimww:birthDate knoraType="date_value">GREGORIAN:1562:1564</p0826-teimww:birthDate>
    <p0826-teimww:deathDate knoraType="date_value">GREGORIAN:1615</p0826-teimww:deathDate>
    <p0826-teimww:description knoraType="richtext_value">English actor and dramatist</p0826-teimww:description>
    <p0826-teimww:firstName knoraType="richtext_value">Robert</p0826-teimww:firstName>
    <p0826-teimww:hasSex knoraType="hlist_value">http://rdfh.ch/lists/0826/PqtLt8o3TKal_hcZMzBB6g</p0826-teimww:hasSex>
    <p0826-teimww:lastName knoraType="richtext_value">Armin</p0826-teimww:lastName>
  </p0826-teimww:person>
  <p0826-teimww:person id="ww_883324fc3b8b8dba">
    <knoraXmlImport:label>Cyril Tourneur</knoraXmlImport:label>
    <p0826-teimww:deathDate knoraType="date_value">GREGORIAN:1626</p0826-teimww:deathDate>
    <p0826-teimww:description knoraType="richtext_value">English poet and dramatist</p0826-teimww:description>
    <p0826-teimww:firstName knoraType="richtext_value">Cyril</p0826-teimww:firstName>
    <p0826-teimww:hasSex knoraType="hlist_value">http://rdfh.ch/lists/0826/PqtLt8o3TKal_hcZMzBB6g</p0826-teimww:hasSex>
    <p0826-teimww:lastName knoraType="richtext_value">Tourneur</p0826-teimww:lastName>
  </p0826-teimww:person>
  <p0826-teimww:person id="ww_2afeb85181d58ed3">
    <knoraXmlImport:label>Sir John Davies of Hereford</knoraXmlImport:label>
    <p0826-teimww:birthDate knoraType="date_value">GREGORIAN:1563:1567</p0826-teimww:birthDate>
    <p0826-teimww:deathDate knoraType="date_value">GREGORIAN:1618</p0826-teimww:deathDate>
    <p0826-teimww:description knoraType="richtext_value">Anglo-Welsh poet</p0826-teimww:description>
    <p0826-teimww:firstName knoraType="richtext_value">Sir John</p0826-teimww:firstName>
    <p0826-teimww:hasSex knoraType="hlist_value">http://rdfh.ch/lists/0826/PqtLt8o3TKal_hcZMzBB6g</p0826-teimww:hasSex>
    <p0826-teimww:lastName knoraType="richtext_value">Davies of Hereford</p0826-teimww:lastName>
  </p0826-teimww:person>
  <p0826-teimww:person id="ww_a4e45e7b381d6e89">
    <knoraXmlImport:label>John Cooke</knoraXmlImport:label>
    <p0826-teimww:activeDate knoraType="date_value">GREGORIAN:1612:1614</p0826-teimww:activeDate>
    <p0826-teimww:description knoraType="richtext_value">English dramatist</p0826-teimww:description>
    <p0826-teimww:firstName knoraType="richtext_value">John</p0826-teimww:firstName>
    <p0826-teimww:hasSex knoraType="hlist_value">http://rdfh.ch/lists/0826/PqtLt8o3TKal_hcZMzBB6g</p0826-teimww:hasSex>
    <p0826-teimww:lastName knoraType="richtext_value">Cooke</p0826-teimww:lastName>
  </p0826-teimww:person>
  <p0826-teimww:person id="ww_7c9389d75703bf3a">
    <knoraXmlImport:label>Sir John Hayward</knoraXmlImport:label>
    <p0826-teimww:birthDate knoraType="date_value">GREGORIAN:1563:1565</p0826-teimww:birthDate>
    <p0826-teimww:deathDate knoraType="date_value">GREGORIAN:1627</p0826-teimww:deathDate>
    <p0826-teimww:description knoraType="richtext_value">English historian</p0826-teimww:description>
    <p0826-teimww:firstName knoraType="richtext_value">Sir John</p0826-teimww:firstName>
    <p0826-teimww:hasSex knoraType="hlist_value">http://rdfh.ch/lists/0826/PqtLt8o3TKal_hcZMzBB6g</p0826-teimww:hasSex>
    <p0826-teimww:lastName knoraType="richtext_value">Hayward</p0826-teimww:lastName>
  </p0826-teimww:person>
  <p0826-teimww:person id="ww_31fd4cfea1a56eb2">
    <knoraXmlImport:label>Christopher Brooke</knoraXmlImport:label>
    <p0826-teimww:deathDate knoraType="date_value">GREGORIAN:1628</p0826-teimww:deathDate>
    <p0826-teimww:description knoraType="richtext_value">English poet Christopher Brooke</p0826-teimww:description>
    <p0826-teimww:firstName knoraType="richtext_value">Christopher</p0826-teimww:firstName>
    <p0826-teimww:hasSex knoraType="hlist_value">http://rdfh.ch/lists/0826/PqtLt8o3TKal_hcZMzBB6g</p0826-teimww:hasSex>
    <p0826-teimww:lastName knoraType="richtext_value">Brooke</p0826-teimww:lastName>
  </p0826-teimww:person>
  <p0826-teimww:person id="ww_cbc2c3284144573a">
    <knoraXmlImport:label>Philip Massinger</knoraXmlImport:label>
    <p0826-teimww:birthDate knoraType="date_value">GREGORIAN:1583</p0826-teimww:birthDate>
    <p0826-teimww:deathDate knoraType="date_value">GREGORIAN:1640</p0826-teimww:deathDate>
    <p0826-teimww:description knoraType="richtext_value">English dramatist</p0826-teimww:description>
    <p0826-teimww:firstName knoraType="richtext_value">Philip</p0826-teimww:firstName>
    <p0826-teimww:hasSex knoraType="hlist_value">http://rdfh.ch/lists/0826/PqtLt8o3TKal_hcZMzBB6g</p0826-teimww:hasSex>
    <p0826-teimww:lastName knoraType="richtext_value">Massinger</p0826-teimww:lastName>
  </p0826-teimww:person>
  <p0826-teimww:person id="ww_2d4add490de5218d">
    <knoraXmlImport:label>Robert Burton</knoraXmlImport:label>
    <p0826-teimww:birthDate knoraType="date_value">GREGORIAN:1577</p0826-teimww:birthDate>
    <p0826-teimww:deathDate knoraType="date_value">GREGORIAN:1640</p0826-teimww:deathDate>
    <p0826-teimww:description knoraType="richtext_value">English essayist</p0826-teimww:description>
    <p0826-teimww:firstName knoraType="richtext_value">Robert</p0826-teimww:firstName>
    <p0826-teimww:hasSex knoraType="hlist_value">http://rdfh.ch/lists/0826/PqtLt8o3TKal_hcZMzBB6g</p0826-teimww:hasSex>
    <p0826-teimww:lastName knoraType="richtext_value">Burton</p0826-teimww:lastName>
  </p0826-teimww:person>
  <p0826-teimww:person id="ww_6a8b2b14d4099ec9">
    <knoraXmlImport:label>Robert Davenport</knoraXmlImport:label>
    <p0826-teimww:activeDate knoraType="date_value">GREGORIAN:1623:1639</p0826-teimww:activeDate>
    <p0826-teimww:description knoraType="richtext_value">English dramatist</p0826-teimww:description>
    <p0826-teimww:firstName knoraType="richtext_value">Robert</p0826-teimww:firstName>
    <p0826-teimww:hasSex knoraType="hlist_value">http://rdfh.ch/lists/0826/PqtLt8o3TKal_hcZMzBB6g</p0826-teimww:hasSex>
    <p0826-teimww:lastName knoraType="richtext_value">Davenport</p0826-teimww:lastName>
  </p0826-teimww:person>
  <p0826-teimww:person id="ww_d8f1d08e1ca080b7">
    <knoraXmlImport:label>Sir William D'Avenant</knoraXmlImport:label>
    <p0826-teimww:birthDate knoraType="date_value">GREGORIAN:1606</p0826-teimww:birthDate>
    <p0826-teimww:deathDate knoraType="date_value">GREGORIAN:1668</p0826-teimww:deathDate>
    <p0826-teimww:description knoraType="richtext_value">English dramatist</p0826-teimww:description>
    <p0826-teimww:firstName knoraType="richtext_value">Sir William</p0826-teimww:firstName>
    <p0826-teimww:hasSex knoraType="hlist_value">http://rdfh.ch/lists/0826/PqtLt8o3TKal_hcZMzBB6g</p0826-teimww:hasSex>
    <p0826-teimww:lastName knoraType="richtext_value">D'Avenant</p0826-teimww:lastName>
  </p0826-teimww:person>
  <p0826-teimww:person id="ww_53c2f0bb43b1f960">
    <knoraXmlImport:label>William Sampson</knoraXmlImport:label>
    <p0826-teimww:birthDate knoraType="date_value">GREGORIAN:1589:1591</p0826-teimww:birthDate>
    <p0826-teimww:deathDate knoraType="date_value">GREGORIAN:1636:1637</p0826-teimww:deathDate>
    <p0826-teimww:description knoraType="richtext_value">English dramatist</p0826-teimww:description>
    <p0826-teimww:firstName knoraType="richtext_value">William</p0826-teimww:firstName>
    <p0826-teimww:hasSex knoraType="hlist_value">http://rdfh.ch/lists/0826/PqtLt8o3TKal_hcZMzBB6g</p0826-teimww:hasSex>
    <p0826-teimww:lastName knoraType="richtext_value">Sampson</p0826-teimww:lastName>
  </p0826-teimww:person>
  <p0826-teimww:person id="ww_1d9ffbd1fde1bb58">
    <knoraXmlImport:label>Hans Wallrath</knoraXmlImport:label>
    <p0826-teimww:activeDate knoraType="date_value">GREGORIAN:1914</p0826-teimww:activeDate>
    <p0826-teimww:description knoraType="richtext_value">German (?) scholar</p0826-teimww:description>
    <p0826-teimww:firstName knoraType="richtext_value">Hans</p0826-teimww:firstName>
    <p0826-teimww:hasSex knoraType="hlist_value">http://rdfh.ch/lists/0826/PqtLt8o3TKal_hcZMzBB6g</p0826-teimww:hasSex>
    <p0826-teimww:lastName knoraType="richtext_value">Wallrath</p0826-teimww:lastName>
  </p0826-teimww:person>
  <p0826-teimww:person id="ww_96f70a96968da33d">
    <knoraXmlImport:label>Thomas Randolph</knoraXmlImport:label>
    <p0826-teimww:birthDate knoraType="date_value">GREGORIAN:1605</p0826-teimww:birthDate>
    <p0826-teimww:deathDate knoraType="date_value">GREGORIAN:1635</p0826-teimww:deathDate>
    <p0826-teimww:description knoraType="richtext_value">English poet and dramatist</p0826-teimww:description>
    <p0826-teimww:firstName knoraType="richtext_value">Thomas</p0826-teimww:firstName>
    <p0826-teimww:hasSex knoraType="hlist_value">http://rdfh.ch/lists/0826/PqtLt8o3TKal_hcZMzBB6g</p0826-teimww:hasSex>
    <p0826-teimww:lastName knoraType="richtext_value">Randolph</p0826-teimww:lastName>
  </p0826-teimww:person>
  <p0826-teimww:person id="ww_a7bda6e4ea9d6266">
    <knoraXmlImport:label>James Hart</knoraXmlImport:label>
    <p0826-teimww:activeDate knoraType="date_value">GREGORIAN:1633</p0826-teimww:activeDate>
    <p0826-teimww:description knoraType="richtext_value">English physician</p0826-teimww:description>
    <p0826-teimww:firstName knoraType="richtext_value">James</p0826-teimww:firstName>
    <p0826-teimww:hasSex knoraType="hlist_value">http://rdfh.ch/lists/0826/PqtLt8o3TKal_hcZMzBB6g</p0826-teimww:hasSex>
    <p0826-teimww:lastName knoraType="richtext_value">Hart</p0826-teimww:lastName>
  </p0826-teimww:person>
  <p0826-teimww:person id="ww_e97f8919dc99b209">
    <knoraXmlImport:label>William Hemings</knoraXmlImport:label>
    <p0826-teimww:birthDate knoraType="date_value">GREGORIAN:1602</p0826-teimww:birthDate>
    <p0826-teimww:description knoraType="richtext_value">English dramatist</p0826-teimww:description>
    <p0826-teimww:firstName knoraType="richtext_value">William</p0826-teimww:firstName>
    <p0826-teimww:hasSex knoraType="hlist_value">http://rdfh.ch/lists/0826/PqtLt8o3TKal_hcZMzBB6g</p0826-teimww:hasSex>
    <p0826-teimww:lastName knoraType="richtext_value">Hemings</p0826-teimww:lastName>
  </p0826-teimww:person>
  <p0826-teimww:person id="ww_b32bc514b340f073">
    <knoraXmlImport:label>Joseph Quincy Jr. Adams</knoraXmlImport:label>
    <p0826-teimww:birthDate knoraType="date_value">GREGORIAN:1880</p0826-teimww:birthDate>
    <p0826-teimww:deathDate knoraType="date_value">GREGORIAN:1946</p0826-teimww:deathDate>
    <p0826-teimww:description knoraType="richtext_value">U.S. scholar</p0826-teimww:description>
    <p0826-teimww:firstName knoraType="richtext_value">Joseph Quincy Jr.</p0826-teimww:firstName>
    <p0826-teimww:hasSex knoraType="hlist_value">http://rdfh.ch/lists/0826/PqtLt8o3TKal_hcZMzBB6g</p0826-teimww:hasSex>
    <p0826-teimww:lastName knoraType="richtext_value">Adams</p0826-teimww:lastName>
  </p0826-teimww:person>
  <p0826-teimww:person id="ww_68dae2dd3ee5eaa3">
    <knoraXmlImport:label>James Shirley</knoraXmlImport:label>
    <p0826-teimww:birthDate knoraType="date_value">GREGORIAN:1596</p0826-teimww:birthDate>
    <p0826-teimww:deathDate knoraType="date_value">GREGORIAN:1666</p0826-teimww:deathDate>
    <p0826-teimww:description knoraType="richtext_value">English dramatist</p0826-teimww:description>
    <p0826-teimww:firstName knoraType="richtext_value">James</p0826-teimww:firstName>
    <p0826-teimww:hasSex knoraType="hlist_value">http://rdfh.ch/lists/0826/PqtLt8o3TKal_hcZMzBB6g</p0826-teimww:hasSex>
    <p0826-teimww:lastName knoraType="richtext_value">Shirley</p0826-teimww:lastName>
  </p0826-teimww:person>
  <p0826-teimww:person id="ww_6caa1b04d6f95548">
    <knoraXmlImport:label>Thomas Adams</knoraXmlImport:label>
    <p0826-teimww:activeDate knoraType="date_value">GREGORIAN:1612:1653</p0826-teimww:activeDate>
    <p0826-teimww:description knoraType="richtext_value">English writer</p0826-teimww:description>
    <p0826-teimww:firstName knoraType="richtext_value">Thomas</p0826-teimww:firstName>
    <p0826-teimww:hasSex knoraType="hlist_value">http://rdfh.ch/lists/0826/PqtLt8o3TKal_hcZMzBB6g</p0826-teimww:hasSex>
    <p0826-teimww:lastName knoraType="richtext_value">Adams</p0826-teimww:lastName>
  </p0826-teimww:person>
  <p0826-teimww:person id="ww_e92e9dc9d65ade56">
    <knoraXmlImport:label>W. B.</knoraXmlImport:label>
    <p0826-teimww:activeDate knoraType="date_value">GREGORIAN:1614</p0826-teimww:activeDate>
    <p0826-teimww:description knoraType="richtext_value">English translator</p0826-teimww:description>
    <p0826-teimww:firstName knoraType="richtext_value">W.</p0826-teimww:firstName>
    <p0826-teimww:hasSex knoraType="hlist_value">http://rdfh.ch/lists/0826/PqtLt8o3TKal_hcZMzBB6g</p0826-teimww:hasSex>
    <p0826-teimww:lastName knoraType="richtext_value">B.</p0826-teimww:lastName>
  </p0826-teimww:person>
  <p0826-teimww:person id="ww_87547eb3eadc52d8">
    <knoraXmlImport:label>Michael Scot</knoraXmlImport:label>
    <p0826-teimww:birthDate knoraType="date_value">GREGORIAN:1175</p0826-teimww:birthDate>
    <p0826-teimww:deathDate knoraType="date_value">GREGORIAN:1232:1234</p0826-teimww:deathDate>
    <p0826-teimww:description knoraType="richtext_value">Scottish (?) philosopher</p0826-teimww:description>
    <p0826-teimww:firstName knoraType="richtext_value">Michael</p0826-teimww:firstName>
    <p0826-teimww:hasSex knoraType="hlist_value">http://rdfh.ch/lists/0826/PqtLt8o3TKal_hcZMzBB6g</p0826-teimww:hasSex>
    <p0826-teimww:lastName knoraType="richtext_value">Scot</p0826-teimww:lastName>
  </p0826-teimww:person>
  <p0826-teimww:person id="ww_edc1093f53e0bc8a">
    <knoraXmlImport:label>Anthony Stafford</knoraXmlImport:label>
    <p0826-teimww:birthDate knoraType="date_value">GREGORIAN:1645</p0826-teimww:birthDate>
    <p0826-teimww:deathDate knoraType="date_value">GREGORIAN:1660</p0826-teimww:deathDate>
    <p0826-teimww:description knoraType="richtext_value">English devotional writer 1587–[]</p0826-teimww:description>
    <p0826-teimww:firstName knoraType="richtext_value">Anthony</p0826-teimww:firstName>
    <p0826-teimww:hasSex knoraType="hlist_value">http://rdfh.ch/lists/0826/PqtLt8o3TKal_hcZMzBB6g</p0826-teimww:hasSex>
    <p0826-teimww:lastName knoraType="richtext_value">Stafford</p0826-teimww:lastName>
  </p0826-teimww:person>
  <p0826-teimww:person id="ww_7179a7437437988e">
    <knoraXmlImport:label>Nathaniel Richards</knoraXmlImport:label>
    <p0826-teimww:birthDate knoraType="date_value">GREGORIAN:1611</p0826-teimww:birthDate>
    <p0826-teimww:deathDate knoraType="date_value">GREGORIAN:1660</p0826-teimww:deathDate>
    <p0826-teimww:description knoraType="richtext_value">English poet</p0826-teimww:description>
    <p0826-teimww:firstName knoraType="richtext_value">Nathaniel</p0826-teimww:firstName>
    <p0826-teimww:hasSex knoraType="hlist_value">http://rdfh.ch/lists/0826/PqtLt8o3TKal_hcZMzBB6g</p0826-teimww:hasSex>
    <p0826-teimww:lastName knoraType="richtext_value">Richards</p0826-teimww:lastName>
  </p0826-teimww:person>
  <p0826-teimww:person id="ww_0fbb6e273519df06">
    <knoraXmlImport:label>Arthur Rowland Skemp</knoraXmlImport:label>
    <p0826-teimww:activeDate knoraType="date_value">GREGORIAN:1910</p0826-teimww:activeDate>
    <p0826-teimww:description knoraType="richtext_value">English (?) scholar</p0826-teimww:description>
    <p0826-teimww:firstName knoraType="richtext_value">Arthur Rowland</p0826-teimww:firstName>
    <p0826-teimww:hasSex knoraType="hlist_value">http://rdfh.ch/lists/0826/PqtLt8o3TKal_hcZMzBB6g</p0826-teimww:hasSex>
    <p0826-teimww:lastName knoraType="richtext_value">Skemp</p0826-teimww:lastName>
  </p0826-teimww:person>
  <p0826-teimww:person id="ww_33fc0870e5a0fbcf">
    <knoraXmlImport:label>R. Junius</knoraXmlImport:label>
    <p0826-teimww:activeDate knoraType="date_value">GREGORIAN:1638</p0826-teimww:activeDate>
    <p0826-teimww:description knoraType="richtext_value">English writer ,  real name Richard E. Younge</p0826-teimww:description>
    <p0826-teimww:firstName knoraType="richtext_value">R.</p0826-teimww:firstName>
    <p0826-teimww:hasSex knoraType="hlist_value">http://rdfh.ch/lists/0826/PqtLt8o3TKal_hcZMzBB6g</p0826-teimww:hasSex>
    <p0826-teimww:lastName knoraType="richtext_value">Junius</p0826-teimww:lastName>
  </p0826-teimww:person>
  <p0826-teimww:person id="ww_296a7b9f6d21cde7">
    <knoraXmlImport:label>Samuel Harding</knoraXmlImport:label>
    <p0826-teimww:activeDate knoraType="date_value">GREGORIAN:1640</p0826-teimww:activeDate>
    <p0826-teimww:description knoraType="richtext_value">English dramatist</p0826-teimww:description>
    <p0826-teimww:firstName knoraType="richtext_value">Samuel</p0826-teimww:firstName>
    <p0826-teimww:hasSex knoraType="hlist_value">http://rdfh.ch/lists/0826/PqtLt8o3TKal_hcZMzBB6g</p0826-teimww:hasSex>
    <p0826-teimww:lastName knoraType="richtext_value">Harding</p0826-teimww:lastName>
  </p0826-teimww:person>
  <p0826-teimww:person id="ww_c1bd14552f609afe">
    <knoraXmlImport:label>Jerome W. Hogan</knoraXmlImport:label>
    <p0826-teimww:activeDate knoraType="date_value">GREGORIAN:1975</p0826-teimww:activeDate>
    <p0826-teimww:description knoraType="richtext_value">U.S. (?) academic</p0826-teimww:description>
    <p0826-teimww:firstName knoraType="richtext_value">Jerome W.</p0826-teimww:firstName>
    <p0826-teimww:hasSex knoraType="hlist_value">http://rdfh.ch/lists/0826/PqtLt8o3TKal_hcZMzBB6g</p0826-teimww:hasSex>
    <p0826-teimww:lastName knoraType="richtext_value">Hogan</p0826-teimww:lastName>
  </p0826-teimww:person>
  <p0826-teimww:person id="ww_bae7c2e690c9caaa">
    <knoraXmlImport:label>John Suckling</knoraXmlImport:label>
    <p0826-teimww:birthDate knoraType="date_value">GREGORIAN:1609</p0826-teimww:birthDate>
    <p0826-teimww:deathDate knoraType="date_value">GREGORIAN:1642</p0826-teimww:deathDate>
    <p0826-teimww:description knoraType="richtext_value">English poet and dramatist</p0826-teimww:description>
    <p0826-teimww:firstName knoraType="richtext_value">John</p0826-teimww:firstName>
    <p0826-teimww:hasSex knoraType="hlist_value">http://rdfh.ch/lists/0826/PqtLt8o3TKal_hcZMzBB6g</p0826-teimww:hasSex>
    <p0826-teimww:lastName knoraType="richtext_value">Suckling</p0826-teimww:lastName>
  </p0826-teimww:person>
  <p0826-teimww:person id="ww_6f4a80592c6c793c">
    <knoraXmlImport:label>Henry Glapthorne</knoraXmlImport:label>
    <p0826-teimww:activeDate knoraType="date_value">GREGORIAN:1639</p0826-teimww:activeDate>
    <p0826-teimww:description knoraType="richtext_value">British poet and dramatist</p0826-teimww:description>
    <p0826-teimww:firstName knoraType="richtext_value">Henry</p0826-teimww:firstName>
    <p0826-teimww:hasSex knoraType="hlist_value">http://rdfh.ch/lists/0826/PqtLt8o3TKal_hcZMzBB6g</p0826-teimww:hasSex>
    <p0826-teimww:lastName knoraType="richtext_value">Glapthorne</p0826-teimww:lastName>
  </p0826-teimww:person>
  <p0826-teimww:person id="ww_da5a5f8bc94ad571">
    <knoraXmlImport:label>Thomas Killigrew</knoraXmlImport:label>
    <p0826-teimww:firstName knoraType="richtext_value">Thomas</p0826-teimww:firstName>
    <p0826-teimww:hasSex knoraType="hlist_value">http://rdfh.ch/lists/0826/PqtLt8o3TKal_hcZMzBB6g</p0826-teimww:hasSex>
    <p0826-teimww:lastName knoraType="richtext_value">Killigrew</p0826-teimww:lastName>
  </p0826-teimww:person>
  <p0826-teimww:person id="ww_cce3785f9f0b7c67">
    <knoraXmlImport:label>Cosmo Manuche</knoraXmlImport:label>
    <p0826-teimww:activeDate knoraType="date_value">GREGORIAN:1650:1652</p0826-teimww:activeDate>
    <p0826-teimww:description knoraType="richtext_value">Anglo-Italian dramatist</p0826-teimww:description>
    <p0826-teimww:firstName knoraType="richtext_value">Cosmo</p0826-teimww:firstName>
    <p0826-teimww:hasSex knoraType="hlist_value">http://rdfh.ch/lists/0826/PqtLt8o3TKal_hcZMzBB6g</p0826-teimww:hasSex>
    <p0826-teimww:lastName knoraType="richtext_value">Manuche</p0826-teimww:lastName>
  </p0826-teimww:person>
  <p0826-teimww:person id="ww_56af0f484de673fe">
    <knoraXmlImport:label>Richard Faber</knoraXmlImport:label>
    <p0826-teimww:activeDate knoraType="date_value">GREGORIAN:1655</p0826-teimww:activeDate>
    <p0826-teimww:description knoraType="richtext_value">English (?) dramatist</p0826-teimww:description>
    <p0826-teimww:firstName knoraType="richtext_value">Richard</p0826-teimww:firstName>
    <p0826-teimww:hasSex knoraType="hlist_value">http://rdfh.ch/lists/0826/PqtLt8o3TKal_hcZMzBB6g</p0826-teimww:hasSex>
    <p0826-teimww:lastName knoraType="richtext_value">Faber</p0826-teimww:lastName>
  </p0826-teimww:person>
  <p0826-teimww:person id="ww_6404478293b4e0ef">
    <knoraXmlImport:label>Barbara Paul</knoraXmlImport:label>
    <p0826-teimww:birthDate knoraType="date_value">GREGORIAN:1931</p0826-teimww:birthDate>
    <p0826-teimww:description knoraType="richtext_value">U.S. science-fiction and mistery writer</p0826-teimww:description>
    <p0826-teimww:firstName knoraType="richtext_value">Barbara</p0826-teimww:firstName>
    <p0826-teimww:hasSex knoraType="hlist_value">http://rdfh.ch/lists/0826/PqtLt8o3TKal_hcZMzBB6g</p0826-teimww:hasSex>
    <p0826-teimww:lastName knoraType="richtext_value">Paul</p0826-teimww:lastName>
  </p0826-teimww:person>
  <p0826-teimww:person id="ww_1ab980e4d883d2f2">
    <knoraXmlImport:label>Richard  Flecknoe</knoraXmlImport:label>
    <p0826-teimww:birthDate knoraType="date_value">GREGORIAN:1600</p0826-teimww:birthDate>
    <p0826-teimww:deathDate knoraType="date_value">GREGORIAN:1678</p0826-teimww:deathDate>
    <p0826-teimww:description knoraType="richtext_value">English dramatist, poet and musician</p0826-teimww:description>
    <p0826-teimww:firstName knoraType="richtext_value">Richard </p0826-teimww:firstName>
    <p0826-teimww:hasSex knoraType="hlist_value">http://rdfh.ch/lists/0826/PqtLt8o3TKal_hcZMzBB6g</p0826-teimww:hasSex>
    <p0826-teimww:lastName knoraType="richtext_value">Flecknoe</p0826-teimww:lastName>
  </p0826-teimww:person>
  <p0826-teimww:person id="ww_879fcdf50faac2f4">
    <knoraXmlImport:label>Thomas Fuller</knoraXmlImport:label>
    <p0826-teimww:birthDate knoraType="date_value">GREGORIAN:1608</p0826-teimww:birthDate>
    <p0826-teimww:deathDate knoraType="date_value">GREGORIAN:1661</p0826-teimww:deathDate>
    <p0826-teimww:description knoraType="richtext_value">English priest and historian</p0826-teimww:description>
    <p0826-teimww:firstName knoraType="richtext_value">Thomas</p0826-teimww:firstName>
    <p0826-teimww:hasSex knoraType="hlist_value">http://rdfh.ch/lists/0826/PqtLt8o3TKal_hcZMzBB6g</p0826-teimww:hasSex>
    <p0826-teimww:lastName knoraType="richtext_value">Fuller</p0826-teimww:lastName>
  </p0826-teimww:person>
  <p0826-teimww:person id="ww_023482909a532caf">
    <knoraXmlImport:label>Katherine Philips</knoraXmlImport:label>
    <p0826-teimww:birthDate knoraType="date_value">GREGORIAN:1631</p0826-teimww:birthDate>
    <p0826-teimww:deathDate knoraType="date_value">GREGORIAN:1664</p0826-teimww:deathDate>
    <p0826-teimww:description knoraType="richtext_value">Welsh poet.</p0826-teimww:description>
    <p0826-teimww:firstName knoraType="richtext_value">Katherine</p0826-teimww:firstName>
    <p0826-teimww:hasSex knoraType="hlist_value">http://rdfh.ch/lists/0826/PqtLt8o3TKal_hcZMzBB6g</p0826-teimww:hasSex>
    <p0826-teimww:lastName knoraType="richtext_value">Philips</p0826-teimww:lastName>
  </p0826-teimww:person>
  <p0826-teimww:person id="ww_ed5b7d7b5b4ff788">
    <knoraXmlImport:label>John Dryden</knoraXmlImport:label>
    <p0826-teimww:birthDate knoraType="date_value">GREGORIAN:1631</p0826-teimww:birthDate>
    <p0826-teimww:deathDate knoraType="date_value">GREGORIAN:1700</p0826-teimww:deathDate>
    <p0826-teimww:description knoraType="richtext_value">English poet</p0826-teimww:description>
    <p0826-teimww:firstName knoraType="richtext_value">John</p0826-teimww:firstName>
    <p0826-teimww:hasSex knoraType="hlist_value">http://rdfh.ch/lists/0826/PqtLt8o3TKal_hcZMzBB6g</p0826-teimww:hasSex>
    <p0826-teimww:lastName knoraType="richtext_value">Dryden</p0826-teimww:lastName>
  </p0826-teimww:person>
  <p0826-teimww:person id="ww_fb786ed957e3108e">
    <knoraXmlImport:label>John Caryll</knoraXmlImport:label>
    <p0826-teimww:birthDate knoraType="date_value">GREGORIAN:1625</p0826-teimww:birthDate>
    <p0826-teimww:deathDate knoraType="date_value">GREGORIAN:1711</p0826-teimww:deathDate>
    <p0826-teimww:description knoraType="richtext_value">English dramatist</p0826-teimww:description>
    <p0826-teimww:firstName knoraType="richtext_value">John</p0826-teimww:firstName>
    <p0826-teimww:hasSex knoraType="hlist_value">http://rdfh.ch/lists/0826/PqtLt8o3TKal_hcZMzBB6g</p0826-teimww:hasSex>
    <p0826-teimww:lastName knoraType="richtext_value">Caryll</p0826-teimww:lastName>
  </p0826-teimww:person>
  <p0826-teimww:person id="ww_0449cf1b66c3867d">
    <knoraXmlImport:label>John Lacy</knoraXmlImport:label>
    <p0826-teimww:birthDate knoraType="date_value">GREGORIAN:1613:1618</p0826-teimww:birthDate>
    <p0826-teimww:deathDate knoraType="date_value">GREGORIAN:1681</p0826-teimww:deathDate>
    <p0826-teimww:description knoraType="richtext_value">English dramatist</p0826-teimww:description>
    <p0826-teimww:firstName knoraType="richtext_value">John</p0826-teimww:firstName>
    <p0826-teimww:hasSex knoraType="hlist_value">http://rdfh.ch/lists/0826/PqtLt8o3TKal_hcZMzBB6g</p0826-teimww:hasSex>
    <p0826-teimww:lastName knoraType="richtext_value">Lacy</p0826-teimww:lastName>
  </p0826-teimww:person>
  <p0826-teimww:person id="ww_1013ee760af86e0f">
    <knoraXmlImport:label>Aphra Behn</knoraXmlImport:label>
    <p0826-teimww:birthDate knoraType="date_value">GREGORIAN:1640</p0826-teimww:birthDate>
    <p0826-teimww:deathDate knoraType="date_value">GREGORIAN:1689</p0826-teimww:deathDate>
    <p0826-teimww:description knoraType="richtext_value">English dramatist and novelist</p0826-teimww:description>
    <p0826-teimww:firstName knoraType="richtext_value">Aphra</p0826-teimww:firstName>
    <p0826-teimww:hasSex knoraType="hlist_value">http://rdfh.ch/lists/0826/PqtLt8o3TKal_hcZMzBB6g</p0826-teimww:hasSex>
    <p0826-teimww:lastName knoraType="richtext_value">Behn</p0826-teimww:lastName>
  </p0826-teimww:person>
  <p0826-teimww:person id="ww_0fdd672af19515af">
    <knoraXmlImport:label>Henry Neville Payne</knoraXmlImport:label>
    <p0826-teimww:birthDate knoraType="date_value">GREGORIAN:1672</p0826-teimww:birthDate>
    <p0826-teimww:deathDate knoraType="date_value">GREGORIAN:1710</p0826-teimww:deathDate>
    <p0826-teimww:description knoraType="richtext_value">English dramatist</p0826-teimww:description>
    <p0826-teimww:firstName knoraType="richtext_value">Henry Neville</p0826-teimww:firstName>
    <p0826-teimww:hasSex knoraType="hlist_value">http://rdfh.ch/lists/0826/PqtLt8o3TKal_hcZMzBB6g</p0826-teimww:hasSex>
    <p0826-teimww:lastName knoraType="richtext_value">Payne</p0826-teimww:lastName>
  </p0826-teimww:person>
  <p0826-teimww:person id="ww_99b03817dc566412">
    <knoraXmlImport:label>Edward Ravenscroft</knoraXmlImport:label>
    <p0826-teimww:birthDate knoraType="date_value">GREGORIAN:1652:1654</p0826-teimww:birthDate>
    <p0826-teimww:deathDate knoraType="date_value">GREGORIAN:1707</p0826-teimww:deathDate>
    <p0826-teimww:description knoraType="richtext_value">British dramatist</p0826-teimww:description>
    <p0826-teimww:firstName knoraType="richtext_value">Edward</p0826-teimww:firstName>
    <p0826-teimww:hasSex knoraType="hlist_value">http://rdfh.ch/lists/0826/PqtLt8o3TKal_hcZMzBB6g</p0826-teimww:hasSex>
    <p0826-teimww:lastName knoraType="richtext_value">Ravenscroft</p0826-teimww:lastName>
  </p0826-teimww:person>
  <p0826-teimww:person id="ww_9830d46f027273df">
    <knoraXmlImport:label>William Cavendish, Duke of Newcastle</knoraXmlImport:label>
    <p0826-teimww:firstName knoraType="richtext_value">William Cavendish, Duke of</p0826-teimww:firstName>
    <p0826-teimww:hasSex knoraType="hlist_value">http://rdfh.ch/lists/0826/PqtLt8o3TKal_hcZMzBB6g</p0826-teimww:hasSex>
    <p0826-teimww:lastName knoraType="richtext_value">Newcastle</p0826-teimww:lastName>
  </p0826-teimww:person>
  <p0826-teimww:person id="ww_0fa63d0ba5908460">
    <knoraXmlImport:label>John Banks</knoraXmlImport:label>
    <p0826-teimww:deathDate knoraType="date_value">GREGORIAN:1702</p0826-teimww:deathDate>
    <p0826-teimww:description knoraType="richtext_value">English (?) dramatist</p0826-teimww:description>
    <p0826-teimww:firstName knoraType="richtext_value">John</p0826-teimww:firstName>
    <p0826-teimww:hasSex knoraType="hlist_value">http://rdfh.ch/lists/0826/PqtLt8o3TKal_hcZMzBB6g</p0826-teimww:hasSex>
    <p0826-teimww:lastName knoraType="richtext_value">Banks</p0826-teimww:lastName>
  </p0826-teimww:person>
  <p0826-teimww:person id="ww_2fbef537c50f1433">
    <knoraXmlImport:label>Thomas Otway</knoraXmlImport:label>
    <p0826-teimww:birthDate knoraType="date_value">GREGORIAN:1652</p0826-teimww:birthDate>
    <p0826-teimww:deathDate knoraType="date_value">GREGORIAN:1685</p0826-teimww:deathDate>
    <p0826-teimww:description knoraType="richtext_value">English dramatist</p0826-teimww:description>
    <p0826-teimww:firstName knoraType="richtext_value">Thomas</p0826-teimww:firstName>
    <p0826-teimww:hasSex knoraType="hlist_value">http://rdfh.ch/lists/0826/PqtLt8o3TKal_hcZMzBB6g</p0826-teimww:hasSex>
    <p0826-teimww:lastName knoraType="richtext_value">Otway</p0826-teimww:lastName>
  </p0826-teimww:person>
  <p0826-teimww:person id="ww_12f7d2e19bfcb92f">
    <knoraXmlImport:label>Nathaniel Lee</knoraXmlImport:label>
    <p0826-teimww:birthDate knoraType="date_value">GREGORIAN:1652:1654</p0826-teimww:birthDate>
    <p0826-teimww:deathDate knoraType="date_value">GREGORIAN:1692</p0826-teimww:deathDate>
    <p0826-teimww:description knoraType="richtext_value">English dramatist</p0826-teimww:description>
    <p0826-teimww:firstName knoraType="richtext_value">Nathaniel</p0826-teimww:firstName>
    <p0826-teimww:hasSex knoraType="hlist_value">http://rdfh.ch/lists/0826/PqtLt8o3TKal_hcZMzBB6g</p0826-teimww:hasSex>
    <p0826-teimww:lastName knoraType="richtext_value">Lee</p0826-teimww:lastName>
  </p0826-teimww:person>
  <p0826-teimww:person id="ww_1f1f38544516a902">
    <knoraXmlImport:label>Thomas Southerne</knoraXmlImport:label>
    <p0826-teimww:birthDate knoraType="date_value">GREGORIAN:1660</p0826-teimww:birthDate>
    <p0826-teimww:deathDate knoraType="date_value">GREGORIAN:1746</p0826-teimww:deathDate>
    <p0826-teimww:description knoraType="richtext_value">Irish dramatist</p0826-teimww:description>
    <p0826-teimww:firstName knoraType="richtext_value">Thomas</p0826-teimww:firstName>
    <p0826-teimww:hasSex knoraType="hlist_value">http://rdfh.ch/lists/0826/PqtLt8o3TKal_hcZMzBB6g</p0826-teimww:hasSex>
    <p0826-teimww:lastName knoraType="richtext_value">Southerne</p0826-teimww:lastName>
  </p0826-teimww:person>
  <p0826-teimww:person id="ww_aea6ce6ca036608b">
    <knoraXmlImport:label>Nahum Tate</knoraXmlImport:label>
    <p0826-teimww:birthDate knoraType="date_value">GREGORIAN:1652</p0826-teimww:birthDate>
    <p0826-teimww:deathDate knoraType="date_value">GREGORIAN:1715</p0826-teimww:deathDate>
    <p0826-teimww:description knoraType="richtext_value">Irish poet and dramatist</p0826-teimww:description>
    <p0826-teimww:firstName knoraType="richtext_value">Nahum</p0826-teimww:firstName>
    <p0826-teimww:hasSex knoraType="hlist_value">http://rdfh.ch/lists/0826/PqtLt8o3TKal_hcZMzBB6g</p0826-teimww:hasSex>
    <p0826-teimww:lastName knoraType="richtext_value">Tate</p0826-teimww:lastName>
  </p0826-teimww:person>
  <p0826-teimww:person id="ww_ae2d914875625509">
    <knoraXmlImport:label>George Villiers, Duke of Buckingham</knoraXmlImport:label>
    <p0826-teimww:birthDate knoraType="date_value">GREGORIAN:1628</p0826-teimww:birthDate>
    <p0826-teimww:deathDate knoraType="date_value">GREGORIAN:1687</p0826-teimww:deathDate>
    <p0826-teimww:description knoraType="richtext_value">English dramatist</p0826-teimww:description>
    <p0826-teimww:firstName knoraType="richtext_value">George Villiers, Duke of</p0826-teimww:firstName>
    <p0826-teimww:hasSex knoraType="hlist_value">http://rdfh.ch/lists/0826/PqtLt8o3TKal_hcZMzBB6g</p0826-teimww:hasSex>
    <p0826-teimww:lastName knoraType="richtext_value">Buckingham</p0826-teimww:lastName>
  </p0826-teimww:person>
  <p0826-teimww:person id="ww_7af335e6c892a8d0">
    <knoraXmlImport:label>Thomas Norton</knoraXmlImport:label>
    <p0826-teimww:birthDate knoraType="date_value">GREGORIAN:1532</p0826-teimww:birthDate>
    <p0826-teimww:deathDate knoraType="date_value">GREGORIAN:1584</p0826-teimww:deathDate>
    <p0826-teimww:description knoraType="richtext_value">English dramatist and politician</p0826-teimww:description>
    <p0826-teimww:firstName knoraType="richtext_value">Thomas</p0826-teimww:firstName>
    <p0826-teimww:hasSex knoraType="hlist_value">http://rdfh.ch/lists/0826/PqtLt8o3TKal_hcZMzBB6g</p0826-teimww:hasSex>
    <p0826-teimww:lastName knoraType="richtext_value">Norton</p0826-teimww:lastName>
  </p0826-teimww:person>
  <p0826-teimww:person id="ww_3d7f30bfa784adbc">
    <knoraXmlImport:label>Sir Thomas Sackville</knoraXmlImport:label>
    <p0826-teimww:birthDate knoraType="date_value">GREGORIAN:1536</p0826-teimww:birthDate>
    <p0826-teimww:deathDate knoraType="date_value">GREGORIAN:1608</p0826-teimww:deathDate>
    <p0826-teimww:description knoraType="richtext_value">English politician, poet and dramatist  #007009</p0826-teimww:description>
    <p0826-teimww:firstName knoraType="richtext_value">Sir Thomas</p0826-teimww:firstName>
    <p0826-teimww:hasSex knoraType="hlist_value">http://rdfh.ch/lists/0826/PqtLt8o3TKal_hcZMzBB6g</p0826-teimww:hasSex>
    <p0826-teimww:lastName knoraType="richtext_value">Sackville</p0826-teimww:lastName>
  </p0826-teimww:person>
  <p0826-teimww:person id="ww_7aab59631f22d17e">
    <knoraXmlImport:label>John Higgins</knoraXmlImport:label>
    <p0826-teimww:activeDate knoraType="date_value">GREGORIAN:1570:1602</p0826-teimww:activeDate>
    <p0826-teimww:description knoraType="richtext_value">English poet</p0826-teimww:description>
    <p0826-teimww:firstName knoraType="richtext_value">John</p0826-teimww:firstName>
    <p0826-teimww:hasSex knoraType="hlist_value">http://rdfh.ch/lists/0826/PqtLt8o3TKal_hcZMzBB6g</p0826-teimww:hasSex>
    <p0826-teimww:lastName knoraType="richtext_value">Higgins</p0826-teimww:lastName>
  </p0826-teimww:person>
  <p0826-teimww:person id="ww_116917d934be52dd">
    <knoraXmlImport:label>Thomas Kyd</knoraXmlImport:label>
    <p0826-teimww:birthDate knoraType="date_value">GREGORIAN:1558</p0826-teimww:birthDate>
    <p0826-teimww:deathDate knoraType="date_value">GREGORIAN:1594</p0826-teimww:deathDate>
    <p0826-teimww:description knoraType="richtext_value">English dramatist</p0826-teimww:description>
    <p0826-teimww:firstName knoraType="richtext_value">Thomas</p0826-teimww:firstName>
    <p0826-teimww:hasSex knoraType="hlist_value">http://rdfh.ch/lists/0826/PqtLt8o3TKal_hcZMzBB6g</p0826-teimww:hasSex>
    <p0826-teimww:lastName knoraType="richtext_value">Kyd</p0826-teimww:lastName>
  </p0826-teimww:person>
  <p0826-teimww:person id="ww_15b50ac49f9798c6">
    <knoraXmlImport:label>Marjorie Garber</knoraXmlImport:label>
    <p0826-teimww:birthDate knoraType="date_value">GREGORIAN:1944</p0826-teimww:birthDate>
    <p0826-teimww:description knoraType="richtext_value">U.S. academic</p0826-teimww:description>
    <p0826-teimww:firstName knoraType="richtext_value">Marjorie</p0826-teimww:firstName>
    <p0826-teimww:hasSex knoraType="hlist_value">http://rdfh.ch/lists/0826/PqtLt8o3TKal_hcZMzBB6g</p0826-teimww:hasSex>
    <p0826-teimww:lastName knoraType="richtext_value">Garber</p0826-teimww:lastName>
  </p0826-teimww:person>
  <p0826-teimww:person id="ww_67ff3ba62bd10038">
    <knoraXmlImport:label>William B. HUnter</knoraXmlImport:label>
    <p0826-teimww:activeDate knoraType="date_value">GREGORIAN:1978:1983</p0826-teimww:activeDate>
    <p0826-teimww:description knoraType="richtext_value">U.S. (?) scholar</p0826-teimww:description>
    <p0826-teimww:firstName knoraType="richtext_value">William B.</p0826-teimww:firstName>
    <p0826-teimww:hasSex knoraType="hlist_value">http://rdfh.ch/lists/0826/PqtLt8o3TKal_hcZMzBB6g</p0826-teimww:hasSex>
    <p0826-teimww:lastName knoraType="richtext_value">HUnter</p0826-teimww:lastName>
  </p0826-teimww:person>
  <p0826-teimww:person id="ww_d78431424289a522">
    <knoraXmlImport:label>Friedrich Ernst</knoraXmlImport:label>
    <p0826-teimww:activeDate knoraType="date_value">GREGORIAN:1913</p0826-teimww:activeDate>
    <p0826-teimww:description knoraType="richtext_value">German (?) scholar</p0826-teimww:description>
    <p0826-teimww:firstName knoraType="richtext_value">Friedrich</p0826-teimww:firstName>
    <p0826-teimww:hasSex knoraType="hlist_value">http://rdfh.ch/lists/0826/PqtLt8o3TKal_hcZMzBB6g</p0826-teimww:hasSex>
    <p0826-teimww:lastName knoraType="richtext_value">Ernst</p0826-teimww:lastName>
  </p0826-teimww:person>
  <p0826-teimww:person id="ww_9e2e58504b5d3de8">
    <knoraXmlImport:label>Thomas Nashe</knoraXmlImport:label>
    <p0826-teimww:birthDate knoraType="date_value">GREGORIAN:1567</p0826-teimww:birthDate>
    <p0826-teimww:deathDate knoraType="date_value">GREGORIAN:1601</p0826-teimww:deathDate>
    <p0826-teimww:description knoraType="richtext_value">English pamphleteer and dramatist</p0826-teimww:description>
    <p0826-teimww:firstName knoraType="richtext_value">Thomas</p0826-teimww:firstName>
    <p0826-teimww:hasSex knoraType="hlist_value">http://rdfh.ch/lists/0826/PqtLt8o3TKal_hcZMzBB6g</p0826-teimww:hasSex>
    <p0826-teimww:lastName knoraType="richtext_value">Nashe</p0826-teimww:lastName>
  </p0826-teimww:person>
  <p0826-teimww:person id="ww_2e81405af6457448">
    <knoraXmlImport:label>Samuel Daniel</knoraXmlImport:label>
    <p0826-teimww:birthDate knoraType="date_value">GREGORIAN:1562</p0826-teimww:birthDate>
    <p0826-teimww:deathDate knoraType="date_value">GREGORIAN:1619</p0826-teimww:deathDate>
    <p0826-teimww:description knoraType="richtext_value">English poet and dramatist</p0826-teimww:description>
    <p0826-teimww:firstName knoraType="richtext_value">Samuel</p0826-teimww:firstName>
    <p0826-teimww:hasSex knoraType="hlist_value">http://rdfh.ch/lists/0826/PqtLt8o3TKal_hcZMzBB6g</p0826-teimww:hasSex>
    <p0826-teimww:lastName knoraType="richtext_value">Daniel</p0826-teimww:lastName>
  </p0826-teimww:person>
  <p0826-teimww:person id="ww_ce2fb5bd491a4d2e">
    <knoraXmlImport:label>Robert Greene</knoraXmlImport:label>
    <p0826-teimww:birthDate knoraType="date_value">GREGORIAN:1558</p0826-teimww:birthDate>
    <p0826-teimww:deathDate knoraType="date_value">GREGORIAN:1592</p0826-teimww:deathDate>
    <p0826-teimww:description knoraType="richtext_value">English dramatist and pamphleteer</p0826-teimww:description>
    <p0826-teimww:firstName knoraType="richtext_value">Robert</p0826-teimww:firstName>
    <p0826-teimww:hasSex knoraType="hlist_value">http://rdfh.ch/lists/0826/PqtLt8o3TKal_hcZMzBB6g</p0826-teimww:hasSex>
    <p0826-teimww:lastName knoraType="richtext_value">Greene</p0826-teimww:lastName>
  </p0826-teimww:person>
  <p0826-teimww:person id="ww_2e80ef314f6d0fdc">
    <knoraXmlImport:label>Thomas Churchyard</knoraXmlImport:label>
    <p0826-teimww:birthDate knoraType="date_value">GREGORIAN:1520</p0826-teimww:birthDate>
    <p0826-teimww:deathDate knoraType="date_value">GREGORIAN:1604</p0826-teimww:deathDate>
    <p0826-teimww:description knoraType="richtext_value">English poet</p0826-teimww:description>
    <p0826-teimww:firstName knoraType="richtext_value">Thomas</p0826-teimww:firstName>
    <p0826-teimww:hasSex knoraType="hlist_value">http://rdfh.ch/lists/0826/PqtLt8o3TKal_hcZMzBB6g</p0826-teimww:hasSex>
    <p0826-teimww:lastName knoraType="richtext_value">Churchyard</p0826-teimww:lastName>
  </p0826-teimww:person>
  <p0826-teimww:person id="ww_bb3b6ed200b7c591">
    <knoraXmlImport:label>Kate Wilkinson</knoraXmlImport:label>
    <p0826-teimww:activeDate knoraType="date_value">GREGORIAN:2013</p0826-teimww:activeDate>
    <p0826-teimww:description knoraType="richtext_value">English (?) academic</p0826-teimww:description>
    <p0826-teimww:firstName knoraType="richtext_value">Kate</p0826-teimww:firstName>
    <p0826-teimww:hasSex knoraType="hlist_value">http://rdfh.ch/lists/0826/PqtLt8o3TKal_hcZMzBB6g</p0826-teimww:hasSex>
    <p0826-teimww:lastName knoraType="richtext_value">Wilkinson</p0826-teimww:lastName>
  </p0826-teimww:person>
  <p0826-teimww:person id="ww_d4ab524c831a2992">
    <knoraXmlImport:label>Robert Southwell</knoraXmlImport:label>
    <p0826-teimww:birthDate knoraType="date_value">GREGORIAN:1560:1562</p0826-teimww:birthDate>
    <p0826-teimww:deathDate knoraType="date_value">GREGORIAN:1595</p0826-teimww:deathDate>
    <p0826-teimww:description knoraType="richtext_value">English Jesuit priest and poet</p0826-teimww:description>
    <p0826-teimww:firstName knoraType="richtext_value">Robert</p0826-teimww:firstName>
    <p0826-teimww:hasSex knoraType="hlist_value">http://rdfh.ch/lists/0826/PqtLt8o3TKal_hcZMzBB6g</p0826-teimww:hasSex>
    <p0826-teimww:lastName knoraType="richtext_value">Southwell</p0826-teimww:lastName>
  </p0826-teimww:person>
  <p0826-teimww:person id="ww_b33f1194b1177f69">
    <knoraXmlImport:label>C. F. Tucker Brooke</knoraXmlImport:label>
    <p0826-teimww:activeDate knoraType="date_value">GREGORIAN:1930</p0826-teimww:activeDate>
    <p0826-teimww:description knoraType="richtext_value">British (?) scholar</p0826-teimww:description>
    <p0826-teimww:firstName knoraType="richtext_value">C. F. Tucker</p0826-teimww:firstName>
    <p0826-teimww:hasSex knoraType="hlist_value">http://rdfh.ch/lists/0826/PqtLt8o3TKal_hcZMzBB6g</p0826-teimww:hasSex>
    <p0826-teimww:lastName knoraType="richtext_value">Brooke</p0826-teimww:lastName>
  </p0826-teimww:person>
  <p0826-teimww:person id="ww_31ef7df7935b492f">
    <knoraXmlImport:label>Thomas Lodge</knoraXmlImport:label>
    <p0826-teimww:birthDate knoraType="date_value">GREGORIAN:1556:1559</p0826-teimww:birthDate>
    <p0826-teimww:deathDate knoraType="date_value">GREGORIAN:1625</p0826-teimww:deathDate>
    <p0826-teimww:description knoraType="richtext_value">English poet and dramatist</p0826-teimww:description>
    <p0826-teimww:firstName knoraType="richtext_value">Thomas</p0826-teimww:firstName>
    <p0826-teimww:hasSex knoraType="hlist_value">http://rdfh.ch/lists/0826/PqtLt8o3TKal_hcZMzBB6g</p0826-teimww:hasSex>
    <p0826-teimww:lastName knoraType="richtext_value">Lodge</p0826-teimww:lastName>
  </p0826-teimww:person>
  <p0826-teimww:person id="ww_669296d55624f6e0">
    <knoraXmlImport:label>Charles A. Herpich</knoraXmlImport:label>
    <p0826-teimww:activeDate knoraType="date_value">GREGORIAN:1902</p0826-teimww:activeDate>
    <p0826-teimww:description knoraType="richtext_value">English (?) scholar</p0826-teimww:description>
    <p0826-teimww:firstName knoraType="richtext_value">Charles A.</p0826-teimww:firstName>
    <p0826-teimww:hasSex knoraType="hlist_value">http://rdfh.ch/lists/0826/PqtLt8o3TKal_hcZMzBB6g</p0826-teimww:hasSex>
    <p0826-teimww:lastName knoraType="richtext_value">Herpich</p0826-teimww:lastName>
  </p0826-teimww:person>
  <p0826-teimww:person id="ww_2c045bd15b626e88">
    <knoraXmlImport:label>Hunold Nibbe</knoraXmlImport:label>
    <p0826-teimww:activeDate knoraType="date_value">GREGORIAN:1911:1912</p0826-teimww:activeDate>
    <p0826-teimww:description knoraType="richtext_value">Gemran scholar</p0826-teimww:description>
    <p0826-teimww:firstName knoraType="richtext_value">Hunold</p0826-teimww:firstName>
    <p0826-teimww:hasSex knoraType="hlist_value">http://rdfh.ch/lists/0826/PqtLt8o3TKal_hcZMzBB6g</p0826-teimww:hasSex>
    <p0826-teimww:lastName knoraType="richtext_value">Nibbe</p0826-teimww:lastName>
  </p0826-teimww:person>
  <p0826-teimww:person id="ww_ac85346a6a733ffa">
    <knoraXmlImport:label>George L. Geckle</knoraXmlImport:label>
    <p0826-teimww:activeDate knoraType="date_value">GREGORIAN:1980</p0826-teimww:activeDate>
    <p0826-teimww:description knoraType="richtext_value">U.S. (?) scholar</p0826-teimww:description>
    <p0826-teimww:firstName knoraType="richtext_value">George L.</p0826-teimww:firstName>
    <p0826-teimww:hasSex knoraType="hlist_value">http://rdfh.ch/lists/0826/PqtLt8o3TKal_hcZMzBB6g</p0826-teimww:hasSex>
    <p0826-teimww:lastName knoraType="richtext_value">Geckle</p0826-teimww:lastName>
  </p0826-teimww:person>
  <p0826-teimww:person id="ww_360a194801e33346">
    <knoraXmlImport:label>Sir Andrew Jonathan Bate</knoraXmlImport:label>
    <p0826-teimww:birthDate knoraType="date_value">GREGORIAN:1958</p0826-teimww:birthDate>
    <p0826-teimww:description knoraType="richtext_value">English academic</p0826-teimww:description>
    <p0826-teimww:firstName knoraType="richtext_value">Sir Andrew Jonathan</p0826-teimww:firstName>
    <p0826-teimww:hasSex knoraType="hlist_value">http://rdfh.ch/lists/0826/PqtLt8o3TKal_hcZMzBB6g</p0826-teimww:hasSex>
    <p0826-teimww:lastName knoraType="richtext_value">Bate</p0826-teimww:lastName>
  </p0826-teimww:person>
  <p0826-teimww:person id="ww_8fb09da2c31a2ddc">
    <knoraXmlImport:label>Eric Rasmussen</knoraXmlImport:label>
    <p0826-teimww:birthDate knoraType="date_value">GREGORIAN:1959:1963</p0826-teimww:birthDate>
    <p0826-teimww:description knoraType="richtext_value">U.S. academic</p0826-teimww:description>
    <p0826-teimww:firstName knoraType="richtext_value">Eric</p0826-teimww:firstName>
    <p0826-teimww:hasSex knoraType="hlist_value">http://rdfh.ch/lists/0826/PqtLt8o3TKal_hcZMzBB6g</p0826-teimww:hasSex>
    <p0826-teimww:lastName knoraType="richtext_value">Rasmussen</p0826-teimww:lastName>
  </p0826-teimww:person>
  <p0826-teimww:person id="ww_7873f39b651d99c4">
    <knoraXmlImport:label>Walter Whiter</knoraXmlImport:label>
    <p0826-teimww:birthDate knoraType="date_value">GREGORIAN:1758</p0826-teimww:birthDate>
    <p0826-teimww:deathDate knoraType="date_value">GREGORIAN:1832</p0826-teimww:deathDate>
    <p0826-teimww:description knoraType="richtext_value">English philologist</p0826-teimww:description>
    <p0826-teimww:firstName knoraType="richtext_value">Walter</p0826-teimww:firstName>
    <p0826-teimww:hasSex knoraType="hlist_value">http://rdfh.ch/lists/0826/PqtLt8o3TKal_hcZMzBB6g</p0826-teimww:hasSex>
    <p0826-teimww:lastName knoraType="richtext_value">Whiter</p0826-teimww:lastName>
  </p0826-teimww:person>
  <p0826-teimww:person id="ww_6602bf84bc7e7d7f">
    <knoraXmlImport:label>Robert Witback Babcock</knoraXmlImport:label>
    <p0826-teimww:activeDate knoraType="date_value">GREGORIAN:1964</p0826-teimww:activeDate>
    <p0826-teimww:description knoraType="richtext_value">U.S. academic</p0826-teimww:description>
    <p0826-teimww:firstName knoraType="richtext_value">Robert Witback</p0826-teimww:firstName>
    <p0826-teimww:hasSex knoraType="hlist_value">http://rdfh.ch/lists/0826/PqtLt8o3TKal_hcZMzBB6g</p0826-teimww:hasSex>
    <p0826-teimww:lastName knoraType="richtext_value">Babcock</p0826-teimww:lastName>
  </p0826-teimww:person>
  <p0826-teimww:person id="ww_df21ac325632f060">
    <knoraXmlImport:label>Sir Stanley William Wells</knoraXmlImport:label>
    <p0826-teimww:birthDate knoraType="date_value">GREGORIAN:1930</p0826-teimww:birthDate>
    <p0826-teimww:description knoraType="richtext_value">English scholar</p0826-teimww:description>
    <p0826-teimww:firstName knoraType="richtext_value">Sir Stanley William</p0826-teimww:firstName>
    <p0826-teimww:hasSex knoraType="hlist_value">http://rdfh.ch/lists/0826/PqtLt8o3TKal_hcZMzBB6g</p0826-teimww:hasSex>
    <p0826-teimww:lastName knoraType="richtext_value">Wells</p0826-teimww:lastName>
  </p0826-teimww:person>
  <p0826-teimww:person id="ww_9d448942a16583fe">
    <knoraXmlImport:label>Lilian M. Ruff</knoraXmlImport:label>
    <p0826-teimww:activeDate knoraType="date_value">GREGORIAN:1969</p0826-teimww:activeDate>
    <p0826-teimww:description knoraType="richtext_value">U.S. (?) scholar</p0826-teimww:description>
    <p0826-teimww:firstName knoraType="richtext_value">Lilian M.</p0826-teimww:firstName>
    <p0826-teimww:hasSex knoraType="hlist_value">http://rdfh.ch/lists/0826/PqtLt8o3TKal_hcZMzBB6g</p0826-teimww:hasSex>
    <p0826-teimww:lastName knoraType="richtext_value">Ruff</p0826-teimww:lastName>
  </p0826-teimww:person>
  <p0826-teimww:person id="ww_c961f8c651ae6763">
    <knoraXmlImport:label>D. Arnold Wilson</knoraXmlImport:label>
    <p0826-teimww:activeDate knoraType="date_value">GREGORIAN:1969</p0826-teimww:activeDate>
    <p0826-teimww:description knoraType="richtext_value">U.S. (?) scholar</p0826-teimww:description>
    <p0826-teimww:firstName knoraType="richtext_value">D. Arnold</p0826-teimww:firstName>
    <p0826-teimww:hasSex knoraType="hlist_value">http://rdfh.ch/lists/0826/PqtLt8o3TKal_hcZMzBB6g</p0826-teimww:hasSex>
    <p0826-teimww:lastName knoraType="richtext_value">Wilson</p0826-teimww:lastName>
  </p0826-teimww:person>
  <p0826-teimww:person id="ww_ffa5ab3de908dcd2">
    <knoraXmlImport:label>David L. Frost</knoraXmlImport:label>
    <p0826-teimww:activeDate knoraType="date_value">GREGORIAN:1968:1978</p0826-teimww:activeDate>
    <p0826-teimww:description knoraType="richtext_value">U.S. (?) scholar</p0826-teimww:description>
    <p0826-teimww:firstName knoraType="richtext_value">David L.</p0826-teimww:firstName>
    <p0826-teimww:hasSex knoraType="hlist_value">http://rdfh.ch/lists/0826/PqtLt8o3TKal_hcZMzBB6g</p0826-teimww:hasSex>
    <p0826-teimww:lastName knoraType="richtext_value">Frost</p0826-teimww:lastName>
  </p0826-teimww:person>
  <p0826-teimww:person id="ww_e651195b0e2d0014">
    <knoraXmlImport:label>Giorgio Melchiori</knoraXmlImport:label>
    <p0826-teimww:birthDate knoraType="date_value">GREGORIAN:1920</p0826-teimww:birthDate>
    <p0826-teimww:deathDate knoraType="date_value">GREGORIAN:2008</p0826-teimww:deathDate>
    <p0826-teimww:description knoraType="richtext_value">Italian scholar</p0826-teimww:description>
    <p0826-teimww:firstName knoraType="richtext_value">Giorgio</p0826-teimww:firstName>
    <p0826-teimww:hasSex knoraType="hlist_value">http://rdfh.ch/lists/0826/PqtLt8o3TKal_hcZMzBB6g</p0826-teimww:hasSex>
    <p0826-teimww:lastName knoraType="richtext_value">Melchiori</p0826-teimww:lastName>
  </p0826-teimww:person>
  <p0826-teimww:person id="ww_ed8bb2273ef0878b">
    <knoraXmlImport:label>F. L. Lucas</knoraXmlImport:label>
    <p0826-teimww:activeDate knoraType="date_value">GREGORIAN:1927</p0826-teimww:activeDate>
    <p0826-teimww:description knoraType="richtext_value">English (?) scholar</p0826-teimww:description>
    <p0826-teimww:firstName knoraType="richtext_value">F. L.</p0826-teimww:firstName>
    <p0826-teimww:hasSex knoraType="hlist_value">http://rdfh.ch/lists/0826/PqtLt8o3TKal_hcZMzBB6g</p0826-teimww:hasSex>
    <p0826-teimww:lastName knoraType="richtext_value">Lucas</p0826-teimww:lastName>
  </p0826-teimww:person>
  <p0826-teimww:person id="ww_ac792c172bd4228f">
    <knoraXmlImport:label>Howard Schultz</knoraXmlImport:label>
    <p0826-teimww:activeDate knoraType="date_value">GREGORIAN:1941</p0826-teimww:activeDate>
    <p0826-teimww:description knoraType="richtext_value">U.S. (?) scholar</p0826-teimww:description>
    <p0826-teimww:firstName knoraType="richtext_value">Howard</p0826-teimww:firstName>
    <p0826-teimww:hasSex knoraType="hlist_value">http://rdfh.ch/lists/0826/PqtLt8o3TKal_hcZMzBB6g</p0826-teimww:hasSex>
    <p0826-teimww:lastName knoraType="richtext_value">Schultz</p0826-teimww:lastName>
  </p0826-teimww:person>
  <p0826-teimww:person id="ww_4e2014cf7880cdc5">
    <knoraXmlImport:label>Thiomas Wallace Craik</knoraXmlImport:label>
    <p0826-teimww:activeDate knoraType="date_value">GREGORIAN:1975:2008</p0826-teimww:activeDate>
    <p0826-teimww:description knoraType="richtext_value">English (?) scholar</p0826-teimww:description>
    <p0826-teimww:firstName knoraType="richtext_value">Thiomas Wallace</p0826-teimww:firstName>
    <p0826-teimww:hasSex knoraType="hlist_value">http://rdfh.ch/lists/0826/PqtLt8o3TKal_hcZMzBB6g</p0826-teimww:hasSex>
    <p0826-teimww:lastName knoraType="richtext_value">Craik</p0826-teimww:lastName>
  </p0826-teimww:person>
  <p0826-teimww:person id="ww_549b732020230ba1">
    <knoraXmlImport:label>Ernest Sirluck</knoraXmlImport:label>
    <p0826-teimww:birthDate knoraType="date_value">GREGORIAN:1918</p0826-teimww:birthDate>
    <p0826-teimww:deathDate knoraType="date_value">GREGORIAN:2013</p0826-teimww:deathDate>
    <p0826-teimww:description knoraType="richtext_value">Canadian academic</p0826-teimww:description>
    <p0826-teimww:firstName knoraType="richtext_value">Ernest</p0826-teimww:firstName>
    <p0826-teimww:hasSex knoraType="hlist_value">http://rdfh.ch/lists/0826/PqtLt8o3TKal_hcZMzBB6g</p0826-teimww:hasSex>
    <p0826-teimww:lastName knoraType="richtext_value">Sirluck</p0826-teimww:lastName>
  </p0826-teimww:person>
  <p0826-teimww:person id="ww_86c92244655c7f75">
    <knoraXmlImport:label>Barbara Sträuli</knoraXmlImport:label>
    <p0826-teimww:birthDate knoraType="date_value">GREGORIAN:1949</p0826-teimww:birthDate>
    <p0826-teimww:description knoraType="richtext_value">Swiss scholar</p0826-teimww:description>
    <p0826-teimww:firstName knoraType="richtext_value">Barbara</p0826-teimww:firstName>
    <p0826-teimww:hasSex knoraType="hlist_value">http://rdfh.ch/lists/0826/PqtLt8o3TKal_hcZMzBB6g</p0826-teimww:hasSex>
    <p0826-teimww:lastName knoraType="richtext_value">Sträuli</p0826-teimww:lastName>
  </p0826-teimww:person>
  <p0826-teimww:person id="ww_920d3f0aede3598b">
    <knoraXmlImport:label>William Lowes Rushton</knoraXmlImport:label>
    <p0826-teimww:activeDate knoraType="date_value">GREGORIAN:1869:1871</p0826-teimww:activeDate>
    <p0826-teimww:description knoraType="richtext_value">English scholar</p0826-teimww:description>
    <p0826-teimww:firstName knoraType="richtext_value">William Lowes</p0826-teimww:firstName>
    <p0826-teimww:hasSex knoraType="hlist_value">http://rdfh.ch/lists/0826/PqtLt8o3TKal_hcZMzBB6g</p0826-teimww:hasSex>
    <p0826-teimww:lastName knoraType="richtext_value">Rushton</p0826-teimww:lastName>
  </p0826-teimww:person>
  <p0826-teimww:person id="ww_9d444a0f923d7ac3">
    <knoraXmlImport:label>Roland Mushat Frye</knoraXmlImport:label>
    <p0826-teimww:birthDate knoraType="date_value">GREGORIAN:1921</p0826-teimww:birthDate>
    <p0826-teimww:deathDate knoraType="date_value">GREGORIAN:2005</p0826-teimww:deathDate>
    <p0826-teimww:description knoraType="richtext_value">U.S. literary scholar and theologian</p0826-teimww:description>
    <p0826-teimww:firstName knoraType="richtext_value">Roland Mushat</p0826-teimww:firstName>
    <p0826-teimww:hasSex knoraType="hlist_value">http://rdfh.ch/lists/0826/PqtLt8o3TKal_hcZMzBB6g</p0826-teimww:hasSex>
    <p0826-teimww:lastName knoraType="richtext_value">Frye</p0826-teimww:lastName>
  </p0826-teimww:person>
  <p0826-teimww:person id="ww_99768d9741fbce8b">
    <knoraXmlImport:label>Thomas Warton</knoraXmlImport:label>
    <p0826-teimww:birthDate knoraType="date_value">GREGORIAN:1728</p0826-teimww:birthDate>
    <p0826-teimww:deathDate knoraType="date_value">GREGORIAN:1790</p0826-teimww:deathDate>
    <p0826-teimww:description knoraType="richtext_value">English scholar</p0826-teimww:description>
    <p0826-teimww:firstName knoraType="richtext_value">Thomas</p0826-teimww:firstName>
    <p0826-teimww:hasSex knoraType="hlist_value">http://rdfh.ch/lists/0826/PqtLt8o3TKal_hcZMzBB6g</p0826-teimww:hasSex>
    <p0826-teimww:lastName knoraType="richtext_value">Warton</p0826-teimww:lastName>
  </p0826-teimww:person>
  <p0826-teimww:person id="ww_e59f20507549cc08">
    <knoraXmlImport:label>John Dover Wilson</knoraXmlImport:label>
    <p0826-teimww:birthDate knoraType="date_value">GREGORIAN:1881</p0826-teimww:birthDate>
    <p0826-teimww:deathDate knoraType="date_value">GREGORIAN:1969</p0826-teimww:deathDate>
    <p0826-teimww:description knoraType="richtext_value">English scholar</p0826-teimww:description>
    <p0826-teimww:firstName knoraType="richtext_value">John Dover</p0826-teimww:firstName>
    <p0826-teimww:hasSex knoraType="hlist_value">http://rdfh.ch/lists/0826/PqtLt8o3TKal_hcZMzBB6g</p0826-teimww:hasSex>
    <p0826-teimww:lastName knoraType="richtext_value">Wilson</p0826-teimww:lastName>
  </p0826-teimww:person>
  <p0826-teimww:person id="ww_0579f1a78253c75c">
    <knoraXmlImport:label>Clive Francis</knoraXmlImport:label>
    <p0826-teimww:birthDate knoraType="date_value">GREGORIAN:1946</p0826-teimww:birthDate>
    <p0826-teimww:description knoraType="richtext_value">English actor</p0826-teimww:description>
    <p0826-teimww:firstName knoraType="richtext_value">Clive</p0826-teimww:firstName>
    <p0826-teimww:hasSex knoraType="hlist_value">http://rdfh.ch/lists/0826/PqtLt8o3TKal_hcZMzBB6g</p0826-teimww:hasSex>
    <p0826-teimww:lastName knoraType="richtext_value">Francis</p0826-teimww:lastName>
  </p0826-teimww:person>
  <p0826-teimww:person id="ww_46b7abbd7f3bb8e7">
    <knoraXmlImport:label>Josephine Waters Bennett</knoraXmlImport:label>
    <p0826-teimww:birthDate knoraType="date_value">GREGORIAN:1900</p0826-teimww:birthDate>
    <p0826-teimww:deathDate knoraType="date_value">GREGORIAN:1976</p0826-teimww:deathDate>
    <p0826-teimww:description knoraType="richtext_value">U.S. scholar</p0826-teimww:description>
    <p0826-teimww:firstName knoraType="richtext_value">Josephine Waters</p0826-teimww:firstName>
    <p0826-teimww:hasSex knoraType="hlist_value">http://rdfh.ch/lists/0826/PqtLt8o3TKal_hcZMzBB6g</p0826-teimww:hasSex>
    <p0826-teimww:lastName knoraType="richtext_value">Bennett</p0826-teimww:lastName>
  </p0826-teimww:person>
  <p0826-teimww:person id="ww_b85b5bffc57af7f3">
    <knoraXmlImport:label>G. P. V.  Akrigg</knoraXmlImport:label>
    <p0826-teimww:activeDate knoraType="date_value">GREGORIAN:1958</p0826-teimww:activeDate>
    <p0826-teimww:description knoraType="richtext_value">British (?) scholar</p0826-teimww:description>
    <p0826-teimww:firstName knoraType="richtext_value">G. P. V. </p0826-teimww:firstName>
    <p0826-teimww:hasSex knoraType="hlist_value">http://rdfh.ch/lists/0826/PqtLt8o3TKal_hcZMzBB6g</p0826-teimww:hasSex>
    <p0826-teimww:lastName knoraType="richtext_value">Akrigg</p0826-teimww:lastName>
  </p0826-teimww:person>
  <p0826-teimww:person id="ww_e7afee78eca963f2">
    <knoraXmlImport:label>Neil Rhodes</knoraXmlImport:label>
    <p0826-teimww:firstName knoraType="richtext_value">Neil</p0826-teimww:firstName>
    <p0826-teimww:hasSex knoraType="hlist_value">http://rdfh.ch/lists/0826/PqtLt8o3TKal_hcZMzBB6g</p0826-teimww:hasSex>
    <p0826-teimww:lastName knoraType="richtext_value">Rhodes</p0826-teimww:lastName>
  </p0826-teimww:person>
  <p0826-teimww:person id="ww_970a44cddbbbe8d2">
    <knoraXmlImport:label>An. Sc.</knoraXmlImport:label>
    <p0826-teimww:activeDate knoraType="date_value">GREGORIAN:1604</p0826-teimww:activeDate>
    <p0826-teimww:description knoraType="richtext_value">English dramatist , full name Anthony Scoloker?</p0826-teimww:description>
    <p0826-teimww:firstName knoraType="richtext_value">An.</p0826-teimww:firstName>
    <p0826-teimww:hasSex knoraType="hlist_value">http://rdfh.ch/lists/0826/PqtLt8o3TKal_hcZMzBB6g</p0826-teimww:hasSex>
    <p0826-teimww:lastName knoraType="richtext_value">Sc.</p0826-teimww:lastName>
  </p0826-teimww:person>
  <p0826-teimww:person id="ww_d97781c5821c201b">
    <knoraXmlImport:label>John Lavagnino</knoraXmlImport:label>
    <p0826-teimww:birthDate knoraType="date_value">GREGORIAN:1957:1959</p0826-teimww:birthDate>
    <p0826-teimww:description knoraType="richtext_value">English scholar</p0826-teimww:description>
    <p0826-teimww:firstName knoraType="richtext_value">John</p0826-teimww:firstName>
    <p0826-teimww:hasSex knoraType="hlist_value">http://rdfh.ch/lists/0826/PqtLt8o3TKal_hcZMzBB6g</p0826-teimww:hasSex>
    <p0826-teimww:lastName knoraType="richtext_value">Lavagnino</p0826-teimww:lastName>
  </p0826-teimww:person>
  <p0826-teimww:person id="ww_b29f022218b6d47d">
    <knoraXmlImport:label>Gary Taylor</knoraXmlImport:label>
    <p0826-teimww:birthDate knoraType="date_value">GREGORIAN:1953</p0826-teimww:birthDate>
    <p0826-teimww:description knoraType="richtext_value">U.S. academic</p0826-teimww:description>
    <p0826-teimww:firstName knoraType="richtext_value">Gary</p0826-teimww:firstName>
    <p0826-teimww:hasSex knoraType="hlist_value">http://rdfh.ch/lists/0826/PqtLt8o3TKal_hcZMzBB6g</p0826-teimww:hasSex>
    <p0826-teimww:lastName knoraType="richtext_value">Taylor</p0826-teimww:lastName>
  </p0826-teimww:person>
  <p0826-teimww:person id="ww_fac481b50f8ffd3a">
    <knoraXmlImport:label>Harvey Scott McMillin</knoraXmlImport:label>
    <p0826-teimww:birthDate knoraType="date_value">GREGORIAN:1920:1921</p0826-teimww:birthDate>
    <p0826-teimww:deathDate knoraType="date_value">GREGORIAN:2006</p0826-teimww:deathDate>
    <p0826-teimww:description knoraType="richtext_value">U.S. scholar</p0826-teimww:description>
    <p0826-teimww:firstName knoraType="richtext_value">Harvey Scott</p0826-teimww:firstName>
    <p0826-teimww:hasSex knoraType="hlist_value">http://rdfh.ch/lists/0826/PqtLt8o3TKal_hcZMzBB6g</p0826-teimww:hasSex>
    <p0826-teimww:lastName knoraType="richtext_value">McMillin</p0826-teimww:lastName>
  </p0826-teimww:person>
  <p0826-teimww:person id="ww_e005e74f6af8f88e">
    <knoraXmlImport:label>T. Walkington</knoraXmlImport:label>
    <p0826-teimww:activeDate knoraType="date_value">GREGORIAN:1607</p0826-teimww:activeDate>
    <p0826-teimww:description knoraType="richtext_value">English (?) poet</p0826-teimww:description>
    <p0826-teimww:firstName knoraType="richtext_value">T.</p0826-teimww:firstName>
    <p0826-teimww:hasSex knoraType="hlist_value">http://rdfh.ch/lists/0826/PqtLt8o3TKal_hcZMzBB6g</p0826-teimww:hasSex>
    <p0826-teimww:lastName knoraType="richtext_value">Walkington</p0826-teimww:lastName>
  </p0826-teimww:person>
  <p0826-teimww:person id="ww_255b598e0ee7f9d1">
    <knoraXmlImport:label>John (1) Mason</knoraXmlImport:label>
    <p0826-teimww:activeDate knoraType="date_value">GREGORIAN:1609</p0826-teimww:activeDate>
    <p0826-teimww:description knoraType="richtext_value">English dramatist</p0826-teimww:description>
    <p0826-teimww:firstName knoraType="richtext_value">John (1)</p0826-teimww:firstName>
    <p0826-teimww:hasSex knoraType="hlist_value">http://rdfh.ch/lists/0826/PqtLt8o3TKal_hcZMzBB6g</p0826-teimww:hasSex>
    <p0826-teimww:lastName knoraType="richtext_value">Mason</p0826-teimww:lastName>
  </p0826-teimww:person>
  <p0826-teimww:person id="ww_baa26ba822bffa2f">
    <knoraXmlImport:label>Roberta Florence Brinkley</knoraXmlImport:label>
    <p0826-teimww:activeDate knoraType="date_value">GREGORIAN:1928:1932</p0826-teimww:activeDate>
    <p0826-teimww:description knoraType="richtext_value">U.S. scholar</p0826-teimww:description>
    <p0826-teimww:firstName knoraType="richtext_value">Roberta Florence</p0826-teimww:firstName>
    <p0826-teimww:hasSex knoraType="hlist_value">http://rdfh.ch/lists/0826/PqtLt8o3TKal_hcZMzBB6g</p0826-teimww:hasSex>
    <p0826-teimww:lastName knoraType="richtext_value">Brinkley</p0826-teimww:lastName>
  </p0826-teimww:person>
  <p0826-teimww:person id="ww_4165dddf64bc6da3">
    <knoraXmlImport:label>William Barksted</knoraXmlImport:label>
    <p0826-teimww:activeDate knoraType="date_value">GREGORIAN:1611</p0826-teimww:activeDate>
    <p0826-teimww:description knoraType="richtext_value">English poet and dramatist</p0826-teimww:description>
    <p0826-teimww:firstName knoraType="richtext_value">William</p0826-teimww:firstName>
    <p0826-teimww:hasSex knoraType="hlist_value">http://rdfh.ch/lists/0826/PqtLt8o3TKal_hcZMzBB6g</p0826-teimww:hasSex>
    <p0826-teimww:lastName knoraType="richtext_value">Barksted</p0826-teimww:lastName>
  </p0826-teimww:person>
  <p0826-teimww:person id="ww_18abf85e413e5632">
    <knoraXmlImport:label>Lewis Mackin</knoraXmlImport:label>
    <p0826-teimww:activeDate knoraType="date_value">GREGORIAN:1698</p0826-teimww:activeDate>
    <p0826-teimww:description knoraType="richtext_value">English dramatist</p0826-teimww:description>
    <p0826-teimww:firstName knoraType="richtext_value">Lewis</p0826-teimww:firstName>
    <p0826-teimww:hasSex knoraType="hlist_value">http://rdfh.ch/lists/0826/PqtLt8o3TKal_hcZMzBB6g</p0826-teimww:hasSex>
    <p0826-teimww:lastName knoraType="richtext_value">Mackin</p0826-teimww:lastName>
  </p0826-teimww:person>
  <p0826-teimww:person id="ww_9865bf07634965e0">
    <knoraXmlImport:label>Robert Tailor</knoraXmlImport:label>
    <p0826-teimww:activeDate knoraType="date_value">GREGORIAN:1613:1614</p0826-teimww:activeDate>
    <p0826-teimww:description knoraType="richtext_value">English dramatist</p0826-teimww:description>
    <p0826-teimww:firstName knoraType="richtext_value">Robert</p0826-teimww:firstName>
    <p0826-teimww:hasSex knoraType="hlist_value">http://rdfh.ch/lists/0826/PqtLt8o3TKal_hcZMzBB6g</p0826-teimww:hasSex>
    <p0826-teimww:lastName knoraType="richtext_value">Tailor</p0826-teimww:lastName>
  </p0826-teimww:person>
  <p0826-teimww:person id="ww_ef3a38fd3962bb10">
    <knoraXmlImport:label>Thomas Goffe</knoraXmlImport:label>
    <p0826-teimww:birthDate knoraType="date_value">GREGORIAN:1591</p0826-teimww:birthDate>
    <p0826-teimww:deathDate knoraType="date_value">GREGORIAN:1629</p0826-teimww:deathDate>
    <p0826-teimww:description knoraType="richtext_value">English dramatist</p0826-teimww:description>
    <p0826-teimww:firstName knoraType="richtext_value">Thomas</p0826-teimww:firstName>
    <p0826-teimww:hasSex knoraType="hlist_value">http://rdfh.ch/lists/0826/PqtLt8o3TKal_hcZMzBB6g</p0826-teimww:hasSex>
    <p0826-teimww:lastName knoraType="richtext_value">Goffe</p0826-teimww:lastName>
  </p0826-teimww:person>
  <p0826-teimww:person id="ww_16cc8f76837b9146">
    <knoraXmlImport:label>John Heath</knoraXmlImport:label>
    <p0826-teimww:activeDate knoraType="date_value">GREGORIAN:1615</p0826-teimww:activeDate>
    <p0826-teimww:description knoraType="richtext_value">English poet</p0826-teimww:description>
    <p0826-teimww:firstName knoraType="richtext_value">John</p0826-teimww:firstName>
    <p0826-teimww:hasSex knoraType="hlist_value">http://rdfh.ch/lists/0826/PqtLt8o3TKal_hcZMzBB6g</p0826-teimww:hasSex>
    <p0826-teimww:lastName knoraType="richtext_value">Heath</p0826-teimww:lastName>
  </p0826-teimww:person>
  <p0826-teimww:person id="ww_c1c75e8b202bbbee">
    <knoraXmlImport:label>John (1) Ford</knoraXmlImport:label>
    <p0826-teimww:birthDate knoraType="date_value">GREGORIAN:1586</p0826-teimww:birthDate>
    <p0826-teimww:deathDate knoraType="date_value">GREGORIAN:1639:1640</p0826-teimww:deathDate>
    <p0826-teimww:description knoraType="richtext_value">English dramatist</p0826-teimww:description>
    <p0826-teimww:firstName knoraType="richtext_value">John (1)</p0826-teimww:firstName>
    <p0826-teimww:hasSex knoraType="hlist_value">http://rdfh.ch/lists/0826/PqtLt8o3TKal_hcZMzBB6g</p0826-teimww:hasSex>
    <p0826-teimww:lastName knoraType="richtext_value">Ford</p0826-teimww:lastName>
  </p0826-teimww:person>
  <p0826-teimww:person id="ww_d0a72ec0a44b283d">
    <knoraXmlImport:label>Thomas Nabbes</knoraXmlImport:label>
    <p0826-teimww:birthDate knoraType="date_value">GREGORIAN:1605</p0826-teimww:birthDate>
    <p0826-teimww:deathDate knoraType="date_value">GREGORIAN:1641</p0826-teimww:deathDate>
    <p0826-teimww:description knoraType="richtext_value">English dramatist</p0826-teimww:description>
    <p0826-teimww:firstName knoraType="richtext_value">Thomas</p0826-teimww:firstName>
    <p0826-teimww:hasSex knoraType="hlist_value">http://rdfh.ch/lists/0826/PqtLt8o3TKal_hcZMzBB6g</p0826-teimww:hasSex>
    <p0826-teimww:lastName knoraType="richtext_value">Nabbes</p0826-teimww:lastName>
  </p0826-teimww:person>
  <p0826-teimww:person id="ww_cc76df07de512c5c">
    <knoraXmlImport:label>Shackerley Marmion</knoraXmlImport:label>
    <p0826-teimww:birthDate knoraType="date_value">GREGORIAN:1603</p0826-teimww:birthDate>
    <p0826-teimww:deathDate knoraType="date_value">GREGORIAN:1639</p0826-teimww:deathDate>
    <p0826-teimww:description knoraType="richtext_value">English dramatist and poet</p0826-teimww:description>
    <p0826-teimww:firstName knoraType="richtext_value">Shackerley</p0826-teimww:firstName>
    <p0826-teimww:hasSex knoraType="hlist_value">http://rdfh.ch/lists/0826/PqtLt8o3TKal_hcZMzBB6g</p0826-teimww:hasSex>
    <p0826-teimww:lastName knoraType="richtext_value">Marmion</p0826-teimww:lastName>
  </p0826-teimww:person>
  <p0826-teimww:person id="ww_e3629c2300452bc6">
    <knoraXmlImport:label>John Swan</knoraXmlImport:label>
    <p0826-teimww:activeDate knoraType="date_value">GREGORIAN:1635</p0826-teimww:activeDate>
    <p0826-teimww:description knoraType="richtext_value">English (?) poet</p0826-teimww:description>
    <p0826-teimww:firstName knoraType="richtext_value">John</p0826-teimww:firstName>
    <p0826-teimww:hasSex knoraType="hlist_value">http://rdfh.ch/lists/0826/PqtLt8o3TKal_hcZMzBB6g</p0826-teimww:hasSex>
    <p0826-teimww:lastName knoraType="richtext_value">Swan</p0826-teimww:lastName>
  </p0826-teimww:person>
  <p0826-teimww:person id="ww_dea3b56289f47fb2">
    <knoraXmlImport:label>Sir Ralph Freeman</knoraXmlImport:label>
    <p0826-teimww:activeDate knoraType="date_value">GREGORIAN:1610:1655</p0826-teimww:activeDate>
    <p0826-teimww:description knoraType="richtext_value">English dramatist</p0826-teimww:description>
    <p0826-teimww:firstName knoraType="richtext_value">Sir Ralph</p0826-teimww:firstName>
    <p0826-teimww:hasSex knoraType="hlist_value">http://rdfh.ch/lists/0826/PqtLt8o3TKal_hcZMzBB6g</p0826-teimww:hasSex>
    <p0826-teimww:lastName knoraType="richtext_value">Freeman</p0826-teimww:lastName>
  </p0826-teimww:person>
  <p0826-teimww:person id="ww_e219a52388289dd8">
    <knoraXmlImport:label>Samuel Pick</knoraXmlImport:label>
    <p0826-teimww:activeDate knoraType="date_value">GREGORIAN:1639</p0826-teimww:activeDate>
    <p0826-teimww:description knoraType="richtext_value">British anthologist</p0826-teimww:description>
    <p0826-teimww:firstName knoraType="richtext_value">Samuel</p0826-teimww:firstName>
    <p0826-teimww:hasSex knoraType="hlist_value">http://rdfh.ch/lists/0826/PqtLt8o3TKal_hcZMzBB6g</p0826-teimww:hasSex>
    <p0826-teimww:lastName knoraType="richtext_value">Pick</p0826-teimww:lastName>
  </p0826-teimww:person>
  <p0826-teimww:person id="ww_787e0c8864df7063">
    <knoraXmlImport:label>Samuel  Sheppard</knoraXmlImport:label>
    <p0826-teimww:birthDate knoraType="date_value">GREGORIAN:1624</p0826-teimww:birthDate>
    <p0826-teimww:deathDate knoraType="date_value">GREGORIAN:1655</p0826-teimww:deathDate>
    <p0826-teimww:description knoraType="richtext_value">English poet and prose writer</p0826-teimww:description>
    <p0826-teimww:firstName knoraType="richtext_value">Samuel </p0826-teimww:firstName>
    <p0826-teimww:hasSex knoraType="hlist_value">http://rdfh.ch/lists/0826/PqtLt8o3TKal_hcZMzBB6g</p0826-teimww:hasSex>
    <p0826-teimww:lastName knoraType="richtext_value">Sheppard</p0826-teimww:lastName>
  </p0826-teimww:person>
  <p0826-teimww:person id="ww_49457e542cea105a">
    <knoraXmlImport:label>Sir Richard Fanshawe</knoraXmlImport:label>
    <p0826-teimww:birthDate knoraType="date_value">GREGORIAN:1608</p0826-teimww:birthDate>
    <p0826-teimww:deathDate knoraType="date_value">GREGORIAN:1666</p0826-teimww:deathDate>
    <p0826-teimww:description knoraType="richtext_value">English dramatist</p0826-teimww:description>
    <p0826-teimww:firstName knoraType="richtext_value">Sir Richard</p0826-teimww:firstName>
    <p0826-teimww:hasSex knoraType="hlist_value">http://rdfh.ch/lists/0826/PqtLt8o3TKal_hcZMzBB6g</p0826-teimww:hasSex>
    <p0826-teimww:lastName knoraType="richtext_value">Fanshawe</p0826-teimww:lastName>
  </p0826-teimww:person>
  <p0826-teimww:person id="ww_470aa71e11b82d67">
    <knoraXmlImport:label>Gilbert Swinhoe</knoraXmlImport:label>
    <p0826-teimww:activeDate knoraType="date_value">GREGORIAN:1658</p0826-teimww:activeDate>
    <p0826-teimww:description knoraType="richtext_value">English dramatist</p0826-teimww:description>
    <p0826-teimww:firstName knoraType="richtext_value">Gilbert</p0826-teimww:firstName>
    <p0826-teimww:hasSex knoraType="hlist_value">http://rdfh.ch/lists/0826/PqtLt8o3TKal_hcZMzBB6g</p0826-teimww:hasSex>
    <p0826-teimww:lastName knoraType="richtext_value">Swinhoe</p0826-teimww:lastName>
  </p0826-teimww:person>
  <p0826-teimww:person id="ww_09a5cd76696f88a5">
    <knoraXmlImport:label>F. W. Sternfeld</knoraXmlImport:label>
    <p0826-teimww:activeDate knoraType="date_value">GREGORIAN:1964</p0826-teimww:activeDate>
    <p0826-teimww:description knoraType="richtext_value">U.S. (?) scholar</p0826-teimww:description>
    <p0826-teimww:firstName knoraType="richtext_value">F. W.</p0826-teimww:firstName>
    <p0826-teimww:hasSex knoraType="hlist_value">http://rdfh.ch/lists/0826/PqtLt8o3TKal_hcZMzBB6g</p0826-teimww:hasSex>
    <p0826-teimww:lastName knoraType="richtext_value">Sternfeld</p0826-teimww:lastName>
  </p0826-teimww:person>
  <p0826-teimww:person id="ww_55497d26971913d2">
    <knoraXmlImport:label>William Tyndale</knoraXmlImport:label>
    <p0826-teimww:birthDate knoraType="date_value">GREGORIAN:1494</p0826-teimww:birthDate>
    <p0826-teimww:deathDate knoraType="date_value">GREGORIAN:1536</p0826-teimww:deathDate>
    <p0826-teimww:description knoraType="richtext_value">English scholar and translator )</p0826-teimww:description>
    <p0826-teimww:firstName knoraType="richtext_value">William</p0826-teimww:firstName>
    <p0826-teimww:hasSex knoraType="hlist_value">http://rdfh.ch/lists/0826/PqtLt8o3TKal_hcZMzBB6g</p0826-teimww:hasSex>
    <p0826-teimww:lastName knoraType="richtext_value">Tyndale</p0826-teimww:lastName>
  </p0826-teimww:person>
  <p0826-teimww:person id="ww_220a73def979f4a4">
    <knoraXmlImport:label>Nicholas Udall</knoraXmlImport:label>
    <p0826-teimww:birthDate knoraType="date_value">GREGORIAN:1504</p0826-teimww:birthDate>
    <p0826-teimww:deathDate knoraType="date_value">GREGORIAN:1556</p0826-teimww:deathDate>
    <p0826-teimww:description knoraType="richtext_value">English dramatist</p0826-teimww:description>
    <p0826-teimww:firstName knoraType="richtext_value">Nicholas</p0826-teimww:firstName>
    <p0826-teimww:hasSex knoraType="hlist_value">http://rdfh.ch/lists/0826/PqtLt8o3TKal_hcZMzBB6g</p0826-teimww:hasSex>
    <p0826-teimww:lastName knoraType="richtext_value">Udall</p0826-teimww:lastName>
  </p0826-teimww:person>
  <p0826-teimww:person id="ww_edab9e0477ad7401">
    <knoraXmlImport:label>Thomas Wilson</knoraXmlImport:label>
    <p0826-teimww:firstName knoraType="richtext_value">Thomas</p0826-teimww:firstName>
    <p0826-teimww:hasSex knoraType="hlist_value">http://rdfh.ch/lists/0826/PqtLt8o3TKal_hcZMzBB6g</p0826-teimww:hasSex>
    <p0826-teimww:lastName knoraType="richtext_value">Wilson</p0826-teimww:lastName>
  </p0826-teimww:person>
  <p0826-teimww:person id="ww_2328c74af1f27243">
    <knoraXmlImport:label>Marcus Tullius Cicero</knoraXmlImport:label>
    <p0826-teimww:firstName knoraType="richtext_value">Marcus Tullius</p0826-teimww:firstName>
    <p0826-teimww:hasSex knoraType="hlist_value">http://rdfh.ch/lists/0826/PqtLt8o3TKal_hcZMzBB6g</p0826-teimww:hasSex>
    <p0826-teimww:lastName knoraType="richtext_value">Cicero</p0826-teimww:lastName>
  </p0826-teimww:person>
  <p0826-teimww:person id="ww_6b7b6aabda5c7c6b">
    <knoraXmlImport:label>John Dolman</knoraXmlImport:label>
    <p0826-teimww:activeDate knoraType="date_value">GREGORIAN:1561</p0826-teimww:activeDate>
    <p0826-teimww:description knoraType="richtext_value">English translator</p0826-teimww:description>
    <p0826-teimww:firstName knoraType="richtext_value">John</p0826-teimww:firstName>
    <p0826-teimww:hasSex knoraType="hlist_value">http://rdfh.ch/lists/0826/PqtLt8o3TKal_hcZMzBB6g</p0826-teimww:hasSex>
    <p0826-teimww:lastName knoraType="richtext_value">Dolman</p0826-teimww:lastName>
  </p0826-teimww:person>
  <p0826-teimww:person id="ww_db1e3c417981cff4">
    <knoraXmlImport:label>Sir Brian William  Vickers</knoraXmlImport:label>
    <p0826-teimww:birthDate knoraType="date_value">GREGORIAN:1937</p0826-teimww:birthDate>
    <p0826-teimww:description knoraType="richtext_value">British academic</p0826-teimww:description>
    <p0826-teimww:firstName knoraType="richtext_value">Sir Brian William </p0826-teimww:firstName>
    <p0826-teimww:hasSex knoraType="hlist_value">http://rdfh.ch/lists/0826/PqtLt8o3TKal_hcZMzBB6g</p0826-teimww:hasSex>
    <p0826-teimww:lastName knoraType="richtext_value">Vickers</p0826-teimww:lastName>
  </p0826-teimww:person>
  <p0826-teimww:person id="ww_9653a2d84d605ab3">
    <knoraXmlImport:label>John V. Velz</knoraXmlImport:label>
    <p0826-teimww:activeDate knoraType="date_value">GREGORIAN:1968</p0826-teimww:activeDate>
    <p0826-teimww:description knoraType="richtext_value">U.S. (?) scholar</p0826-teimww:description>
    <p0826-teimww:firstName knoraType="richtext_value">John V.</p0826-teimww:firstName>
    <p0826-teimww:hasSex knoraType="hlist_value">http://rdfh.ch/lists/0826/PqtLt8o3TKal_hcZMzBB6g</p0826-teimww:hasSex>
    <p0826-teimww:lastName knoraType="richtext_value">Velz</p0826-teimww:lastName>
  </p0826-teimww:person>
  <p0826-teimww:person id="ww_144d49d7e9724c99">
    <knoraXmlImport:label>Richard Rainolde</knoraXmlImport:label>
    <p0826-teimww:activeDate knoraType="date_value">GREGORIAN:1563:1571</p0826-teimww:activeDate>
    <p0826-teimww:description knoraType="richtext_value">English (?) rhetorician and historian</p0826-teimww:description>
    <p0826-teimww:firstName knoraType="richtext_value">Richard</p0826-teimww:firstName>
    <p0826-teimww:hasSex knoraType="hlist_value">http://rdfh.ch/lists/0826/PqtLt8o3TKal_hcZMzBB6g</p0826-teimww:hasSex>
    <p0826-teimww:lastName knoraType="richtext_value">Rainolde</p0826-teimww:lastName>
  </p0826-teimww:person>
  <p0826-teimww:person id="ww_1b7c18ba49cef31d">
    <knoraXmlImport:label>Louise Schleiner</knoraXmlImport:label>
    <p0826-teimww:deathDate knoraType="date_value">GREGORIAN:2000</p0826-teimww:deathDate>
    <p0826-teimww:description knoraType="richtext_value">U.S. academic</p0826-teimww:description>
    <p0826-teimww:firstName knoraType="richtext_value">Louise</p0826-teimww:firstName>
    <p0826-teimww:hasSex knoraType="hlist_value">http://rdfh.ch/lists/0826/PqtLt8o3TKal_hcZMzBB6g</p0826-teimww:hasSex>
    <p0826-teimww:lastName knoraType="richtext_value">Schleiner</p0826-teimww:lastName>
  </p0826-teimww:person>
  <p0826-teimww:person id="ww_0b287f59292b10a7">
    <knoraXmlImport:label>Henry  Smith</knoraXmlImport:label>
    <p0826-teimww:birthDate knoraType="date_value">GREGORIAN:1559:1561</p0826-teimww:birthDate>
    <p0826-teimww:deathDate knoraType="date_value">GREGORIAN:1591:1613</p0826-teimww:deathDate>
    <p0826-teimww:description knoraType="richtext_value">English priest</p0826-teimww:description>
    <p0826-teimww:firstName knoraType="richtext_value">Henry </p0826-teimww:firstName>
    <p0826-teimww:hasSex knoraType="hlist_value">http://rdfh.ch/lists/0826/PqtLt8o3TKal_hcZMzBB6g</p0826-teimww:hasSex>
    <p0826-teimww:lastName knoraType="richtext_value">Smith</p0826-teimww:lastName>
  </p0826-teimww:person>
  <p0826-teimww:person id="ww_771659144d06dcdf">
    <knoraXmlImport:label>George Buchanan</knoraXmlImport:label>
    <p0826-teimww:birthDate knoraType="date_value">GREGORIAN:1506</p0826-teimww:birthDate>
    <p0826-teimww:deathDate knoraType="date_value">GREGORIAN:1582</p0826-teimww:deathDate>
    <p0826-teimww:description knoraType="richtext_value">Scottish poet and dramatist</p0826-teimww:description>
    <p0826-teimww:firstName knoraType="richtext_value">George</p0826-teimww:firstName>
    <p0826-teimww:hasSex knoraType="hlist_value">http://rdfh.ch/lists/0826/PqtLt8o3TKal_hcZMzBB6g</p0826-teimww:hasSex>
    <p0826-teimww:lastName knoraType="richtext_value">Buchanan</p0826-teimww:lastName>
  </p0826-teimww:person>
  <p0826-teimww:person id="ww_a00dfc9e63a5d0fe">
    <knoraXmlImport:label>Lucius Annaeus Seneca</knoraXmlImport:label>
    <p0826-teimww:firstName knoraType="richtext_value">Lucius Annaeus</p0826-teimww:firstName>
    <p0826-teimww:hasSex knoraType="hlist_value">http://rdfh.ch/lists/0826/PqtLt8o3TKal_hcZMzBB6g</p0826-teimww:hasSex>
    <p0826-teimww:lastName knoraType="richtext_value">Seneca</p0826-teimww:lastName>
  </p0826-teimww:person>
  <p0826-teimww:person id="ww_a256d6059e2044ff">
    <knoraXmlImport:label>John Studley </knoraXmlImport:label>
    <p0826-teimww:birthDate knoraType="date_value">GREGORIAN:1544:1546</p0826-teimww:birthDate>
    <p0826-teimww:deathDate knoraType="date_value">GREGORIAN:1573:1595</p0826-teimww:deathDate>
    <p0826-teimww:description knoraType="richtext_value">English translator</p0826-teimww:description>
    <p0826-teimww:firstName knoraType="richtext_value">John</p0826-teimww:firstName>
    <p0826-teimww:hasSex knoraType="hlist_value">http://rdfh.ch/lists/0826/PqtLt8o3TKal_hcZMzBB6g</p0826-teimww:hasSex>
    <p0826-teimww:lastName knoraType="richtext_value">Studley </p0826-teimww:lastName>
  </p0826-teimww:person>
  <p0826-teimww:person id="ww_25024aa23d16ec79">
    <knoraXmlImport:label>Anthony Brian Taylor</knoraXmlImport:label>
    <p0826-teimww:activeDate knoraType="date_value">GREGORIAN:1988:1999</p0826-teimww:activeDate>
    <p0826-teimww:description knoraType="richtext_value">English academic</p0826-teimww:description>
    <p0826-teimww:firstName knoraType="richtext_value">Anthony Brian</p0826-teimww:firstName>
    <p0826-teimww:hasSex knoraType="hlist_value">http://rdfh.ch/lists/0826/PqtLt8o3TKal_hcZMzBB6g</p0826-teimww:hasSex>
    <p0826-teimww:lastName knoraType="richtext_value">Taylor</p0826-teimww:lastName>
  </p0826-teimww:person>
  <p0826-teimww:person id="ww_0adab3e3a15ca99c">
    <knoraXmlImport:label>Arthur Golding</knoraXmlImport:label>
    <p0826-teimww:birthDate knoraType="date_value">GREGORIAN:1536</p0826-teimww:birthDate>
    <p0826-teimww:deathDate knoraType="date_value">GREGORIAN:1606</p0826-teimww:deathDate>
    <p0826-teimww:description knoraType="richtext_value">English translator</p0826-teimww:description>
    <p0826-teimww:firstName knoraType="richtext_value">Arthur</p0826-teimww:firstName>
    <p0826-teimww:hasSex knoraType="hlist_value">http://rdfh.ch/lists/0826/PqtLt8o3TKal_hcZMzBB6g</p0826-teimww:hasSex>
    <p0826-teimww:lastName knoraType="richtext_value">Golding</p0826-teimww:lastName>
  </p0826-teimww:person>
  <p0826-teimww:person id="ww_ead92b40726b9049">
    <knoraXmlImport:label>Publius Ovidius Naso</knoraXmlImport:label>
    <p0826-teimww:firstName knoraType="richtext_value">Publius</p0826-teimww:firstName>
    <p0826-teimww:hasSex knoraType="hlist_value">http://rdfh.ch/lists/0826/PqtLt8o3TKal_hcZMzBB6g</p0826-teimww:hasSex>
    <p0826-teimww:lastName knoraType="richtext_value">Ovidius Naso</p0826-teimww:lastName>
  </p0826-teimww:person>
  <p0826-teimww:person id="ww_7dad315c91c456fb">
    <knoraXmlImport:label>John Skelton</knoraXmlImport:label>
    <p0826-teimww:birthDate knoraType="date_value">GREGORIAN:1463</p0826-teimww:birthDate>
    <p0826-teimww:deathDate knoraType="date_value">GREGORIAN:1529</p0826-teimww:deathDate>
    <p0826-teimww:description knoraType="richtext_value">English poet</p0826-teimww:description>
    <p0826-teimww:firstName knoraType="richtext_value">John</p0826-teimww:firstName>
    <p0826-teimww:hasSex knoraType="hlist_value">http://rdfh.ch/lists/0826/PqtLt8o3TKal_hcZMzBB6g</p0826-teimww:hasSex>
    <p0826-teimww:lastName knoraType="richtext_value">Skelton</p0826-teimww:lastName>
  </p0826-teimww:person>
  <p0826-teimww:person id="ww_71583f09e4b9cd17">
    <knoraXmlImport:label>Queen of England Elizabeth I</knoraXmlImport:label>
    <p0826-teimww:birthDate knoraType="date_value">GREGORIAN:1533</p0826-teimww:birthDate>
    <p0826-teimww:deathDate knoraType="date_value">GREGORIAN:1603</p0826-teimww:deathDate>
    <p0826-teimww:firstName knoraType="richtext_value">Queen of England</p0826-teimww:firstName>
    <p0826-teimww:hasSex knoraType="hlist_value">http://rdfh.ch/lists/0826/PqtLt8o3TKal_hcZMzBB6g</p0826-teimww:hasSex>
    <p0826-teimww:lastName knoraType="richtext_value">Elizabeth I</p0826-teimww:lastName>
  </p0826-teimww:person>
  <p0826-teimww:person id="ww_5fe3b5dcb00b7162">
    <knoraXmlImport:label>Sir Christopher Hatton</knoraXmlImport:label>
    <p0826-teimww:birthDate knoraType="date_value">GREGORIAN:1540</p0826-teimww:birthDate>
    <p0826-teimww:deathDate knoraType="date_value">GREGORIAN:1591</p0826-teimww:deathDate>
    <p0826-teimww:description knoraType="richtext_value">English politician</p0826-teimww:description>
    <p0826-teimww:firstName knoraType="richtext_value">Sir Christopher</p0826-teimww:firstName>
    <p0826-teimww:hasSex knoraType="hlist_value">http://rdfh.ch/lists/0826/PqtLt8o3TKal_hcZMzBB6g</p0826-teimww:hasSex>
    <p0826-teimww:lastName knoraType="richtext_value">Hatton</p0826-teimww:lastName>
  </p0826-teimww:person>
  <p0826-teimww:person id="ww_e963a8b58028d76a">
    <knoraXmlImport:label>Thomas Bedingfield</knoraXmlImport:label>
    <p0826-teimww:firstName knoraType="richtext_value">Thomas</p0826-teimww:firstName>
    <p0826-teimww:hasSex knoraType="hlist_value">http://rdfh.ch/lists/0826/PqtLt8o3TKal_hcZMzBB6g</p0826-teimww:hasSex>
    <p0826-teimww:lastName knoraType="richtext_value">Bedingfield</p0826-teimww:lastName>
  </p0826-teimww:person>
  <p0826-teimww:person id="ww_f1930a433a3b1444">
    <knoraXmlImport:label>Craig Hardin</knoraXmlImport:label>
    <p0826-teimww:activeDate knoraType="date_value">GREGORIAN:1934</p0826-teimww:activeDate>
    <p0826-teimww:description knoraType="richtext_value">U.S. (?) scholar</p0826-teimww:description>
    <p0826-teimww:firstName knoraType="richtext_value">Craig</p0826-teimww:firstName>
    <p0826-teimww:hasSex knoraType="hlist_value">http://rdfh.ch/lists/0826/PqtLt8o3TKal_hcZMzBB6g</p0826-teimww:hasSex>
    <p0826-teimww:lastName knoraType="richtext_value">Hardin</p0826-teimww:lastName>
  </p0826-teimww:person>
  <p0826-teimww:person id="ww_52c61873bd0cfed4">
    <knoraXmlImport:label>Frans de Bruyn</knoraXmlImport:label>
    <p0826-teimww:activeDate knoraType="date_value">GREGORIAN:2008</p0826-teimww:activeDate>
    <p0826-teimww:description knoraType="richtext_value">Canadian academic</p0826-teimww:description>
    <p0826-teimww:firstName knoraType="richtext_value">Frans</p0826-teimww:firstName>
    <p0826-teimww:hasSex knoraType="hlist_value">http://rdfh.ch/lists/0826/PqtLt8o3TKal_hcZMzBB6g</p0826-teimww:hasSex>
    <p0826-teimww:lastName knoraType="richtext_value">de Bruyn</p0826-teimww:lastName>
  </p0826-teimww:person>
  <p0826-teimww:person id="ww_ba0230e7fbb5fd0d">
    <knoraXmlImport:label>John Lyly</knoraXmlImport:label>
    <p0826-teimww:birthDate knoraType="date_value">GREGORIAN:1553:1554</p0826-teimww:birthDate>
    <p0826-teimww:deathDate knoraType="date_value">GREGORIAN:1606</p0826-teimww:deathDate>
    <p0826-teimww:description knoraType="richtext_value">English dramatist</p0826-teimww:description>
    <p0826-teimww:firstName knoraType="richtext_value">John</p0826-teimww:firstName>
    <p0826-teimww:hasSex knoraType="hlist_value">http://rdfh.ch/lists/0826/PqtLt8o3TKal_hcZMzBB6g</p0826-teimww:hasSex>
    <p0826-teimww:lastName knoraType="richtext_value">Lyly</p0826-teimww:lastName>
  </p0826-teimww:person>
  <p0826-teimww:person id="ww_29ea702f67fa9c9d">
    <knoraXmlImport:label>R. W. Bond</knoraXmlImport:label>
    <p0826-teimww:activeDate knoraType="date_value">GREGORIAN:1092</p0826-teimww:activeDate>
    <p0826-teimww:description knoraType="richtext_value">English (?) scholar</p0826-teimww:description>
    <p0826-teimww:firstName knoraType="richtext_value">R. W.</p0826-teimww:firstName>
    <p0826-teimww:hasSex knoraType="hlist_value">http://rdfh.ch/lists/0826/PqtLt8o3TKal_hcZMzBB6g</p0826-teimww:hasSex>
    <p0826-teimww:lastName knoraType="richtext_value">Bond</p0826-teimww:lastName>
  </p0826-teimww:person>
  <p0826-teimww:person id="ww_6fbd1bd26280846d">
    <knoraXmlImport:label>Thomas Tusser</knoraXmlImport:label>
    <p0826-teimww:birthDate knoraType="date_value">GREGORIAN:1524</p0826-teimww:birthDate>
    <p0826-teimww:deathDate knoraType="date_value">GREGORIAN:1580</p0826-teimww:deathDate>
    <p0826-teimww:description knoraType="richtext_value">English poet</p0826-teimww:description>
    <p0826-teimww:firstName knoraType="richtext_value">Thomas</p0826-teimww:firstName>
    <p0826-teimww:hasSex knoraType="hlist_value">http://rdfh.ch/lists/0826/PqtLt8o3TKal_hcZMzBB6g</p0826-teimww:hasSex>
    <p0826-teimww:lastName knoraType="richtext_value">Tusser</p0826-teimww:lastName>
  </p0826-teimww:person>
  <p0826-teimww:person id="ww_0a2ae5bb07b64969">
    <knoraXmlImport:label>John  Merbeck or Marbeck</knoraXmlImport:label>
    <p0826-teimww:birthDate knoraType="date_value">GREGORIAN:1508:1512</p0826-teimww:birthDate>
    <p0826-teimww:deathDate knoraType="date_value">GREGORIAN:1583:1587</p0826-teimww:deathDate>
    <p0826-teimww:description knoraType="richtext_value">English theological writer</p0826-teimww:description>
    <p0826-teimww:firstName knoraType="richtext_value">John </p0826-teimww:firstName>
    <p0826-teimww:hasSex knoraType="hlist_value">http://rdfh.ch/lists/0826/PqtLt8o3TKal_hcZMzBB6g</p0826-teimww:hasSex>
    <p0826-teimww:lastName knoraType="richtext_value">Merbeck or Marbeck</p0826-teimww:lastName>
  </p0826-teimww:person>
  <p0826-teimww:person id="ww_9fc186f153594d59">
    <knoraXmlImport:label>George Pettie</knoraXmlImport:label>
    <p0826-teimww:birthDate knoraType="date_value">GREGORIAN:1548</p0826-teimww:birthDate>
    <p0826-teimww:deathDate knoraType="date_value">GREGORIAN:1589</p0826-teimww:deathDate>
    <p0826-teimww:description knoraType="richtext_value">English novelist and translator</p0826-teimww:description>
    <p0826-teimww:firstName knoraType="richtext_value">George</p0826-teimww:firstName>
    <p0826-teimww:hasSex knoraType="hlist_value">http://rdfh.ch/lists/0826/PqtLt8o3TKal_hcZMzBB6g</p0826-teimww:hasSex>
    <p0826-teimww:lastName knoraType="richtext_value">Pettie</p0826-teimww:lastName>
  </p0826-teimww:person>
  <p0826-teimww:person id="ww_2754f19921c8bd2b">
    <knoraXmlImport:label>Richard Mulcaster</knoraXmlImport:label>
    <p0826-teimww:birthDate knoraType="date_value">GREGORIAN:1530:1531</p0826-teimww:birthDate>
    <p0826-teimww:deathDate knoraType="date_value">GREGORIAN:1611</p0826-teimww:deathDate>
    <p0826-teimww:description knoraType="richtext_value">English educator</p0826-teimww:description>
    <p0826-teimww:firstName knoraType="richtext_value">Richard</p0826-teimww:firstName>
    <p0826-teimww:hasSex knoraType="hlist_value">http://rdfh.ch/lists/0826/PqtLt8o3TKal_hcZMzBB6g</p0826-teimww:hasSex>
    <p0826-teimww:lastName knoraType="richtext_value">Mulcaster</p0826-teimww:lastName>
  </p0826-teimww:person>
  <p0826-teimww:person id="ww_8f477c6051e158af">
    <knoraXmlImport:label>Robert Persons</knoraXmlImport:label>
    <p0826-teimww:birthDate knoraType="date_value">GREGORIAN:1546</p0826-teimww:birthDate>
    <p0826-teimww:deathDate knoraType="date_value">GREGORIAN:1610</p0826-teimww:deathDate>
    <p0826-teimww:description knoraType="richtext_value">English Jesuit missionary</p0826-teimww:description>
    <p0826-teimww:firstName knoraType="richtext_value">Robert</p0826-teimww:firstName>
    <p0826-teimww:hasSex knoraType="hlist_value">http://rdfh.ch/lists/0826/PqtLt8o3TKal_hcZMzBB6g</p0826-teimww:hasSex>
    <p0826-teimww:lastName knoraType="richtext_value">Persons</p0826-teimww:lastName>
  </p0826-teimww:person>
  <p0826-teimww:person id="ww_1a3350c92dc1c186">
    <knoraXmlImport:label>Richard Stanyhurst</knoraXmlImport:label>
    <p0826-teimww:firstName knoraType="richtext_value">Richard</p0826-teimww:firstName>
    <p0826-teimww:hasSex knoraType="hlist_value">http://rdfh.ch/lists/0826/PqtLt8o3TKal_hcZMzBB6g</p0826-teimww:hasSex>
    <p0826-teimww:lastName knoraType="richtext_value">Stanyhurst</p0826-teimww:lastName>
  </p0826-teimww:person>
  <p0826-teimww:person id="ww_81a0be98745dd98b">
    <knoraXmlImport:label>Publius Vergilius Maro</knoraXmlImport:label>
    <p0826-teimww:firstName knoraType="richtext_value">Publius</p0826-teimww:firstName>
    <p0826-teimww:hasSex knoraType="hlist_value">http://rdfh.ch/lists/0826/PqtLt8o3TKal_hcZMzBB6g</p0826-teimww:hasSex>
    <p0826-teimww:lastName knoraType="richtext_value">Vergilius Maro</p0826-teimww:lastName>
  </p0826-teimww:person>
  <p0826-teimww:person id="ww_2a3b4daed2941136">
    <knoraXmlImport:label>James Yates</knoraXmlImport:label>
    <p0826-teimww:activeDate knoraType="date_value">GREGORIAN:1582</p0826-teimww:activeDate>
    <p0826-teimww:description knoraType="richtext_value">English poet</p0826-teimww:description>
    <p0826-teimww:firstName knoraType="richtext_value">James</p0826-teimww:firstName>
    <p0826-teimww:hasSex knoraType="hlist_value">http://rdfh.ch/lists/0826/PqtLt8o3TKal_hcZMzBB6g</p0826-teimww:hasSex>
    <p0826-teimww:lastName knoraType="richtext_value">Yates</p0826-teimww:lastName>
  </p0826-teimww:person>
  <p0826-teimww:person id="ww_2580f4cea0614ff5">
    <knoraXmlImport:label>Brian Melbancke</knoraXmlImport:label>
    <p0826-teimww:firstName knoraType="richtext_value">Brian</p0826-teimww:firstName>
    <p0826-teimww:hasSex knoraType="hlist_value">http://rdfh.ch/lists/0826/PqtLt8o3TKal_hcZMzBB6g</p0826-teimww:hasSex>
    <p0826-teimww:lastName knoraType="richtext_value">Melbancke</p0826-teimww:lastName>
  </p0826-teimww:person>
  <p0826-teimww:person id="ww_e746ef3ff7ed65a8">
    <knoraXmlImport:label>Dudley Fenner</knoraXmlImport:label>
    <p0826-teimww:birthDate knoraType="date_value">GREGORIAN:1360:1556</p0826-teimww:birthDate>
    <p0826-teimww:deathDate knoraType="date_value">GREGORIAN:1587</p0826-teimww:deathDate>
    <p0826-teimww:description knoraType="richtext_value">English puritan writer</p0826-teimww:description>
    <p0826-teimww:firstName knoraType="richtext_value">Dudley</p0826-teimww:firstName>
    <p0826-teimww:hasSex knoraType="hlist_value">http://rdfh.ch/lists/0826/PqtLt8o3TKal_hcZMzBB6g</p0826-teimww:hasSex>
    <p0826-teimww:lastName knoraType="richtext_value">Fenner</p0826-teimww:lastName>
  </p0826-teimww:person>
  <p0826-teimww:person id="ww_1e0958dae3ce7ad4">
    <knoraXmlImport:label>Reginald Scot</knoraXmlImport:label>
    <p0826-teimww:birthDate knoraType="date_value">GREGORIAN:1538</p0826-teimww:birthDate>
    <p0826-teimww:deathDate knoraType="date_value">GREGORIAN:1599</p0826-teimww:deathDate>
    <p0826-teimww:description knoraType="richtext_value">English politician</p0826-teimww:description>
    <p0826-teimww:firstName knoraType="richtext_value">Reginald</p0826-teimww:firstName>
    <p0826-teimww:hasSex knoraType="hlist_value">http://rdfh.ch/lists/0826/PqtLt8o3TKal_hcZMzBB6g</p0826-teimww:hasSex>
    <p0826-teimww:lastName knoraType="richtext_value">Scot</p0826-teimww:lastName>
  </p0826-teimww:person>
  <p0826-teimww:person id="ww_70fe0bbcf8eba76a">
    <knoraXmlImport:label>Edward Kerchever Chambers</knoraXmlImport:label>
    <p0826-teimww:birthDate knoraType="date_value">GREGORIAN:1866</p0826-teimww:birthDate>
    <p0826-teimww:deathDate knoraType="date_value">GREGORIAN:1954</p0826-teimww:deathDate>
    <p0826-teimww:description knoraType="richtext_value">English scholar</p0826-teimww:description>
    <p0826-teimww:firstName knoraType="richtext_value">Edward Kerchever</p0826-teimww:firstName>
    <p0826-teimww:hasSex knoraType="hlist_value">http://rdfh.ch/lists/0826/PqtLt8o3TKal_hcZMzBB6g</p0826-teimww:hasSex>
    <p0826-teimww:lastName knoraType="richtext_value">Chambers</p0826-teimww:lastName>
  </p0826-teimww:person>
  <p0826-teimww:person id="ww_14800c7eb75cfa9a">
    <knoraXmlImport:label>John Norden</knoraXmlImport:label>
    <p0826-teimww:birthDate knoraType="date_value">GREGORIAN:1546:1549</p0826-teimww:birthDate>
    <p0826-teimww:deathDate knoraType="date_value">GREGORIAN:1625</p0826-teimww:deathDate>
    <p0826-teimww:description knoraType="richtext_value">English devotional writer</p0826-teimww:description>
    <p0826-teimww:firstName knoraType="richtext_value">John</p0826-teimww:firstName>
    <p0826-teimww:hasSex knoraType="hlist_value">http://rdfh.ch/lists/0826/PqtLt8o3TKal_hcZMzBB6g</p0826-teimww:hasSex>
    <p0826-teimww:lastName knoraType="richtext_value">Norden</p0826-teimww:lastName>
  </p0826-teimww:person>
  <p0826-teimww:person id="ww_16d31ca4a1f787bf">
    <knoraXmlImport:label>Thomas Bilson</knoraXmlImport:label>
    <p0826-teimww:birthDate knoraType="date_value">GREGORIAN:1547</p0826-teimww:birthDate>
    <p0826-teimww:deathDate knoraType="date_value">GREGORIAN:1616</p0826-teimww:deathDate>
    <p0826-teimww:description knoraType="richtext_value">English bishop and final editor of the King James Bible</p0826-teimww:description>
    <p0826-teimww:firstName knoraType="richtext_value">Thomas</p0826-teimww:firstName>
    <p0826-teimww:hasSex knoraType="hlist_value">http://rdfh.ch/lists/0826/PqtLt8o3TKal_hcZMzBB6g</p0826-teimww:hasSex>
    <p0826-teimww:lastName knoraType="richtext_value">Bilson</p0826-teimww:lastName>
  </p0826-teimww:person>
  <p0826-teimww:person id="ww_4d90bb08c3de976b">
    <knoraXmlImport:label>Sir Philip Sidney</knoraXmlImport:label>
    <p0826-teimww:birthDate knoraType="date_value">GREGORIAN:1554</p0826-teimww:birthDate>
    <p0826-teimww:deathDate knoraType="date_value">GREGORIAN:1586</p0826-teimww:deathDate>
    <p0826-teimww:description knoraType="richtext_value">English poet</p0826-teimww:description>
    <p0826-teimww:firstName knoraType="richtext_value">Sir Philip</p0826-teimww:firstName>
    <p0826-teimww:hasSex knoraType="hlist_value">http://rdfh.ch/lists/0826/PqtLt8o3TKal_hcZMzBB6g</p0826-teimww:hasSex>
    <p0826-teimww:lastName knoraType="richtext_value">Sidney</p0826-teimww:lastName>
  </p0826-teimww:person>
  <p0826-teimww:person id="ww_1d171ca3a3740f14">
    <knoraXmlImport:label>Timothy Bright</knoraXmlImport:label>
    <p0826-teimww:birthDate knoraType="date_value">GREGORIAN:1550:1552</p0826-teimww:birthDate>
    <p0826-teimww:deathDate knoraType="date_value">GREGORIAN:1615</p0826-teimww:deathDate>
    <p0826-teimww:description knoraType="richtext_value">English physician and stenographer</p0826-teimww:description>
    <p0826-teimww:firstName knoraType="richtext_value">Timothy</p0826-teimww:firstName>
    <p0826-teimww:hasSex knoraType="hlist_value">http://rdfh.ch/lists/0826/PqtLt8o3TKal_hcZMzBB6g</p0826-teimww:hasSex>
    <p0826-teimww:lastName knoraType="richtext_value">Bright</p0826-teimww:lastName>
  </p0826-teimww:person>
  <p0826-teimww:person id="ww_5afc403ede1322a7">
    <knoraXmlImport:label>Jacob Sider Jost</knoraXmlImport:label>
    <p0826-teimww:birthDate knoraType="date_value">GREGORIAN:1979:1982</p0826-teimww:birthDate>
    <p0826-teimww:description knoraType="richtext_value">U.S. academic</p0826-teimww:description>
    <p0826-teimww:firstName knoraType="richtext_value">Jacob Sider</p0826-teimww:firstName>
    <p0826-teimww:hasSex knoraType="hlist_value">http://rdfh.ch/lists/0826/PqtLt8o3TKal_hcZMzBB6g</p0826-teimww:hasSex>
    <p0826-teimww:lastName knoraType="richtext_value">Jost</p0826-teimww:lastName>
  </p0826-teimww:person>
  <p0826-teimww:person id="ww_5292e9f9b3764075">
    <knoraXmlImport:label>Linda M. Charnes</knoraXmlImport:label>
    <p0826-teimww:activeDate knoraType="date_value">GREGORIAN:1997</p0826-teimww:activeDate>
    <p0826-teimww:description knoraType="richtext_value">U.S. (?) scholar</p0826-teimww:description>
    <p0826-teimww:firstName knoraType="richtext_value">Linda M.</p0826-teimww:firstName>
    <p0826-teimww:hasSex knoraType="hlist_value">http://rdfh.ch/lists/0826/PqtLt8o3TKal_hcZMzBB6g</p0826-teimww:hasSex>
    <p0826-teimww:lastName knoraType="richtext_value">Charnes</p0826-teimww:lastName>
  </p0826-teimww:person>
  <p0826-teimww:person id="ww_e9cb87724e65b28f">
    <knoraXmlImport:label>Marvin W. Hunt</knoraXmlImport:label>
    <p0826-teimww:activeDate knoraType="date_value">GREGORIAN:2007</p0826-teimww:activeDate>
    <p0826-teimww:description knoraType="richtext_value">English (?) academic</p0826-teimww:description>
    <p0826-teimww:firstName knoraType="richtext_value">Marvin W.</p0826-teimww:firstName>
    <p0826-teimww:hasSex knoraType="hlist_value">http://rdfh.ch/lists/0826/PqtLt8o3TKal_hcZMzBB6g</p0826-teimww:hasSex>
    <p0826-teimww:lastName knoraType="richtext_value">Hunt</p0826-teimww:lastName>
  </p0826-teimww:person>
  <p0826-teimww:person id="ww_40f087f3ecb3aa75">
    <knoraXmlImport:label>Abraham Fraunce</knoraXmlImport:label>
    <p0826-teimww:birthDate knoraType="date_value">GREGORIAN:1558:1560</p0826-teimww:birthDate>
    <p0826-teimww:deathDate knoraType="date_value">GREGORIAN:1592:1593</p0826-teimww:deathDate>
    <p0826-teimww:description knoraType="richtext_value">English poet</p0826-teimww:description>
    <p0826-teimww:firstName knoraType="richtext_value">Abraham</p0826-teimww:firstName>
    <p0826-teimww:hasSex knoraType="hlist_value">http://rdfh.ch/lists/0826/PqtLt8o3TKal_hcZMzBB6g</p0826-teimww:hasSex>
    <p0826-teimww:lastName knoraType="richtext_value">Fraunce</p0826-teimww:lastName>
  </p0826-teimww:person>
  <p0826-teimww:person id="ww_4120af7a4ce22c71">
    <knoraXmlImport:label>Thomas Smith</knoraXmlImport:label>
    <p0826-teimww:activeDate knoraType="date_value">GREGORIAN:1589</p0826-teimww:activeDate>
    <p0826-teimww:description knoraType="richtext_value">English philosopher</p0826-teimww:description>
    <p0826-teimww:firstName knoraType="richtext_value">Thomas</p0826-teimww:firstName>
    <p0826-teimww:hasSex knoraType="hlist_value">http://rdfh.ch/lists/0826/PqtLt8o3TKal_hcZMzBB6g</p0826-teimww:hasSex>
    <p0826-teimww:lastName knoraType="richtext_value">Smith</p0826-teimww:lastName>
  </p0826-teimww:person>
  <p0826-teimww:person id="ww_29c676ae27f37864">
    <knoraXmlImport:label>Henry Swinburne</knoraXmlImport:label>
    <p0826-teimww:activeDate knoraType="date_value">GREGORIAN:1590</p0826-teimww:activeDate>
    <p0826-teimww:description knoraType="richtext_value">English jurist</p0826-teimww:description>
    <p0826-teimww:firstName knoraType="richtext_value">Henry</p0826-teimww:firstName>
    <p0826-teimww:hasSex knoraType="hlist_value">http://rdfh.ch/lists/0826/PqtLt8o3TKal_hcZMzBB6g</p0826-teimww:hasSex>
    <p0826-teimww:lastName knoraType="richtext_value">Swinburne</p0826-teimww:lastName>
  </p0826-teimww:person>
  <p0826-teimww:person id="ww_246e8bda427107c8">
    <knoraXmlImport:label>Sir Everard Digby</knoraXmlImport:label>
    <p0826-teimww:birthDate knoraType="date_value">GREGORIAN:1578</p0826-teimww:birthDate>
    <p0826-teimww:deathDate knoraType="date_value">GREGORIAN:1606</p0826-teimww:deathDate>
    <p0826-teimww:description knoraType="richtext_value">English Catholic activist</p0826-teimww:description>
    <p0826-teimww:firstName knoraType="richtext_value">Sir Everard</p0826-teimww:firstName>
    <p0826-teimww:hasSex knoraType="hlist_value">http://rdfh.ch/lists/0826/PqtLt8o3TKal_hcZMzBB6g</p0826-teimww:hasSex>
    <p0826-teimww:lastName knoraType="richtext_value">Digby</p0826-teimww:lastName>
  </p0826-teimww:person>
  <p0826-teimww:person id="ww_788d53fded4c5751">
    <knoraXmlImport:label>John Florio</knoraXmlImport:label>
    <p0826-teimww:birthDate knoraType="date_value">GREGORIAN:1553</p0826-teimww:birthDate>
    <p0826-teimww:deathDate knoraType="date_value">GREGORIAN:1625</p0826-teimww:deathDate>
    <p0826-teimww:description knoraType="richtext_value">Anglo-Italian linguist and anthologist</p0826-teimww:description>
    <p0826-teimww:firstName knoraType="richtext_value">John</p0826-teimww:firstName>
    <p0826-teimww:hasSex knoraType="hlist_value">http://rdfh.ch/lists/0826/PqtLt8o3TKal_hcZMzBB6g</p0826-teimww:hasSex>
    <p0826-teimww:lastName knoraType="richtext_value">Florio</p0826-teimww:lastName>
  </p0826-teimww:person>
  <p0826-teimww:person id="ww_dc3833f217f24ffb">
    <knoraXmlImport:label>Richard Barnfield</knoraXmlImport:label>
    <p0826-teimww:birthDate knoraType="date_value">GREGORIAN:1574</p0826-teimww:birthDate>
    <p0826-teimww:deathDate knoraType="date_value">GREGORIAN:1627</p0826-teimww:deathDate>
    <p0826-teimww:description knoraType="richtext_value">English poet</p0826-teimww:description>
    <p0826-teimww:firstName knoraType="richtext_value">Richard</p0826-teimww:firstName>
    <p0826-teimww:hasSex knoraType="hlist_value">http://rdfh.ch/lists/0826/PqtLt8o3TKal_hcZMzBB6g</p0826-teimww:hasSex>
    <p0826-teimww:lastName knoraType="richtext_value">Barnfield</p0826-teimww:lastName>
  </p0826-teimww:person>
  <p0826-teimww:person id="ww_bb511f296416b258">
    <knoraXmlImport:label>John King</knoraXmlImport:label>
    <p0826-teimww:activeDate knoraType="date_value">GREGORIAN:1594</p0826-teimww:activeDate>
    <p0826-teimww:description knoraType="richtext_value">English theologian</p0826-teimww:description>
    <p0826-teimww:firstName knoraType="richtext_value">John</p0826-teimww:firstName>
    <p0826-teimww:hasSex knoraType="hlist_value">http://rdfh.ch/lists/0826/PqtLt8o3TKal_hcZMzBB6g</p0826-teimww:hasSex>
    <p0826-teimww:lastName knoraType="richtext_value">King</p0826-teimww:lastName>
  </p0826-teimww:person>
  <p0826-teimww:person id="ww_3bba108f51aa8607">
    <knoraXmlImport:label>Anthony Copley</knoraXmlImport:label>
    <p0826-teimww:firstName knoraType="richtext_value">Anthony</p0826-teimww:firstName>
    <p0826-teimww:hasSex knoraType="hlist_value">http://rdfh.ch/lists/0826/PqtLt8o3TKal_hcZMzBB6g</p0826-teimww:hasSex>
    <p0826-teimww:lastName knoraType="richtext_value">Copley</p0826-teimww:lastName>
  </p0826-teimww:person>
  <p0826-teimww:person id="ww_84ff74beb4a95aa1">
    <knoraXmlImport:label>William Perkins</knoraXmlImport:label>
    <p0826-teimww:birthDate knoraType="date_value">GREGORIAN:1558</p0826-teimww:birthDate>
    <p0826-teimww:deathDate knoraType="date_value">GREGORIAN:1602</p0826-teimww:deathDate>
    <p0826-teimww:description knoraType="richtext_value">English Puritan theologian</p0826-teimww:description>
    <p0826-teimww:firstName knoraType="richtext_value">William</p0826-teimww:firstName>
    <p0826-teimww:hasSex knoraType="hlist_value">http://rdfh.ch/lists/0826/PqtLt8o3TKal_hcZMzBB6g</p0826-teimww:hasSex>
    <p0826-teimww:lastName knoraType="richtext_value">Perkins</p0826-teimww:lastName>
  </p0826-teimww:person>
  <p0826-teimww:person id="ww_352af22fad3f766f">
    <knoraXmlImport:label>Adele Davidson</knoraXmlImport:label>
    <p0826-teimww:firstName knoraType="richtext_value">Adele</p0826-teimww:firstName>
    <p0826-teimww:hasSex knoraType="hlist_value">http://rdfh.ch/lists/0826/PqtLt8o3TKal_hcZMzBB6g</p0826-teimww:hasSex>
    <p0826-teimww:lastName knoraType="richtext_value">Davidson</p0826-teimww:lastName>
  </p0826-teimww:person>
  <p0826-teimww:person id="ww_196318c17e1ae6d2">
    <knoraXmlImport:label>Richard Knowles</knoraXmlImport:label>
    <p0826-teimww:activeDate knoraType="date_value">GREGORIAN:2010</p0826-teimww:activeDate>
    <p0826-teimww:description knoraType="richtext_value">U.S. academic</p0826-teimww:description>
    <p0826-teimww:firstName knoraType="richtext_value">Richard</p0826-teimww:firstName>
    <p0826-teimww:hasSex knoraType="hlist_value">http://rdfh.ch/lists/0826/PqtLt8o3TKal_hcZMzBB6g</p0826-teimww:hasSex>
    <p0826-teimww:lastName knoraType="richtext_value">Knowles</p0826-teimww:lastName>
  </p0826-teimww:person>
  <p0826-teimww:person id="ww_866098e504e55c18">
    <knoraXmlImport:label>Sir Francis Hubert</knoraXmlImport:label>
    <p0826-teimww:deathDate knoraType="date_value">GREGORIAN:1629</p0826-teimww:deathDate>
    <p0826-teimww:description knoraType="richtext_value">English poet</p0826-teimww:description>
    <p0826-teimww:firstName knoraType="richtext_value">Sir Francis</p0826-teimww:firstName>
    <p0826-teimww:hasSex knoraType="hlist_value">http://rdfh.ch/lists/0826/PqtLt8o3TKal_hcZMzBB6g</p0826-teimww:hasSex>
    <p0826-teimww:lastName knoraType="richtext_value">Hubert</p0826-teimww:lastName>
  </p0826-teimww:person>
  <p0826-teimww:person id="ww_bba79dead28fbb93">
    <knoraXmlImport:label>Josuah Sylvester</knoraXmlImport:label>
    <p0826-teimww:birthDate knoraType="date_value">GREGORIAN:1563</p0826-teimww:birthDate>
    <p0826-teimww:deathDate knoraType="date_value">GREGORIAN:1618</p0826-teimww:deathDate>
    <p0826-teimww:description knoraType="richtext_value">English translator</p0826-teimww:description>
    <p0826-teimww:firstName knoraType="richtext_value">Josuah</p0826-teimww:firstName>
    <p0826-teimww:hasSex knoraType="hlist_value">http://rdfh.ch/lists/0826/PqtLt8o3TKal_hcZMzBB6g</p0826-teimww:hasSex>
    <p0826-teimww:lastName knoraType="richtext_value">Sylvester</p0826-teimww:lastName>
  </p0826-teimww:person>
  <p0826-teimww:person id="ww_8ff183e9c3dd0d6b">
    <knoraXmlImport:label>John Dowland</knoraXmlImport:label>
    <p0826-teimww:birthDate knoraType="date_value">GREGORIAN:1563</p0826-teimww:birthDate>
    <p0826-teimww:deathDate knoraType="date_value">GREGORIAN:1626</p0826-teimww:deathDate>
    <p0826-teimww:description knoraType="richtext_value">English composer and poet</p0826-teimww:description>
    <p0826-teimww:firstName knoraType="richtext_value">John</p0826-teimww:firstName>
    <p0826-teimww:hasSex knoraType="hlist_value">http://rdfh.ch/lists/0826/PqtLt8o3TKal_hcZMzBB6g</p0826-teimww:hasSex>
    <p0826-teimww:lastName knoraType="richtext_value">Dowland</p0826-teimww:lastName>
  </p0826-teimww:person>
  <p0826-teimww:person id="ww_330dc7a83f0d7fd6">
    <knoraXmlImport:label>W. M. Theobald</knoraXmlImport:label>
    <p0826-teimww:activeDate knoraType="date_value">GREGORIAN:1909</p0826-teimww:activeDate>
    <p0826-teimww:description knoraType="richtext_value">English (?) scholar</p0826-teimww:description>
    <p0826-teimww:firstName knoraType="richtext_value">W. M.</p0826-teimww:firstName>
    <p0826-teimww:hasSex knoraType="hlist_value">http://rdfh.ch/lists/0826/PqtLt8o3TKal_hcZMzBB6g</p0826-teimww:hasSex>
    <p0826-teimww:lastName knoraType="richtext_value">Theobald</p0826-teimww:lastName>
  </p0826-teimww:person>
  <p0826-teimww:person id="ww_0ddc123b822a1712">
    <knoraXmlImport:label>Duncan Salkeld</knoraXmlImport:label>
    <p0826-teimww:firstName knoraType="richtext_value">Duncan</p0826-teimww:firstName>
    <p0826-teimww:hasSex knoraType="hlist_value">http://rdfh.ch/lists/0826/PqtLt8o3TKal_hcZMzBB6g</p0826-teimww:hasSex>
    <p0826-teimww:lastName knoraType="richtext_value">Salkeld</p0826-teimww:lastName>
  </p0826-teimww:person>
  <p0826-teimww:person id="ww_d5b779fffbf80505">
    <knoraXmlImport:label>Thomas O. Calhoun</knoraXmlImport:label>
    <p0826-teimww:activeDate knoraType="date_value">GREGORIAN:1989:1993</p0826-teimww:activeDate>
    <p0826-teimww:description knoraType="richtext_value">U.S. (?) academic</p0826-teimww:description>
    <p0826-teimww:firstName knoraType="richtext_value">Thomas O.</p0826-teimww:firstName>
    <p0826-teimww:hasSex knoraType="hlist_value">http://rdfh.ch/lists/0826/PqtLt8o3TKal_hcZMzBB6g</p0826-teimww:hasSex>
    <p0826-teimww:lastName knoraType="richtext_value">Calhoun</p0826-teimww:lastName>
  </p0826-teimww:person>
  <p0826-teimww:person id="ww_46c46082234d6025">
    <knoraXmlImport:label>Robert William Dent</knoraXmlImport:label>
    <p0826-teimww:birthDate knoraType="date_value">GREGORIAN:1917</p0826-teimww:birthDate>
    <p0826-teimww:deathDate knoraType="date_value">GREGORIAN:2005</p0826-teimww:deathDate>
    <p0826-teimww:description knoraType="richtext_value">U.S. scholar</p0826-teimww:description>
    <p0826-teimww:firstName knoraType="richtext_value">Robert William</p0826-teimww:firstName>
    <p0826-teimww:hasSex knoraType="hlist_value">http://rdfh.ch/lists/0826/PqtLt8o3TKal_hcZMzBB6g</p0826-teimww:hasSex>
    <p0826-teimww:lastName knoraType="richtext_value">Dent</p0826-teimww:lastName>
  </p0826-teimww:person>
  <p0826-teimww:person id="ww_166f75ce43f038e3">
    <knoraXmlImport:label>Fredson Thayer Bowers</knoraXmlImport:label>
    <p0826-teimww:birthDate knoraType="date_value">GREGORIAN:1905</p0826-teimww:birthDate>
    <p0826-teimww:deathDate knoraType="date_value">GREGORIAN:1991</p0826-teimww:deathDate>
    <p0826-teimww:description knoraType="richtext_value">U.S. scholar</p0826-teimww:description>
    <p0826-teimww:firstName knoraType="richtext_value">Fredson Thayer</p0826-teimww:firstName>
    <p0826-teimww:hasSex knoraType="hlist_value">http://rdfh.ch/lists/0826/PqtLt8o3TKal_hcZMzBB6g</p0826-teimww:hasSex>
    <p0826-teimww:lastName knoraType="richtext_value">Bowers</p0826-teimww:lastName>
  </p0826-teimww:person>
  <p0826-teimww:person id="ww_f6a5674247272fe5">
    <knoraXmlImport:label>Robert Allott</knoraXmlImport:label>
    <p0826-teimww:deathDate knoraType="date_value">GREGORIAN:1635</p0826-teimww:deathDate>
    <p0826-teimww:description knoraType="richtext_value">English publisher</p0826-teimww:description>
    <p0826-teimww:firstName knoraType="richtext_value">Robert</p0826-teimww:firstName>
    <p0826-teimww:hasSex knoraType="hlist_value">http://rdfh.ch/lists/0826/PqtLt8o3TKal_hcZMzBB6g</p0826-teimww:hasSex>
    <p0826-teimww:lastName knoraType="richtext_value">Allott</p0826-teimww:lastName>
  </p0826-teimww:person>
  <p0826-teimww:person id="ww_6189bca8bbb55fc5">
    <knoraXmlImport:label>John Deacon</knoraXmlImport:label>
    <p0826-teimww:activeDate knoraType="date_value">GREGORIAN:1585:1616</p0826-teimww:activeDate>
    <p0826-teimww:description knoraType="richtext_value">English preacher</p0826-teimww:description>
    <p0826-teimww:firstName knoraType="richtext_value">John</p0826-teimww:firstName>
    <p0826-teimww:hasSex knoraType="hlist_value">http://rdfh.ch/lists/0826/PqtLt8o3TKal_hcZMzBB6g</p0826-teimww:hasSex>
    <p0826-teimww:lastName knoraType="richtext_value">Deacon</p0826-teimww:lastName>
  </p0826-teimww:person>
  <p0826-teimww:person id="ww_fba1842c561811bb">
    <knoraXmlImport:label>John (1) Walker</knoraXmlImport:label>
    <p0826-teimww:activeDate knoraType="date_value">GREGORIAN:1601</p0826-teimww:activeDate>
    <p0826-teimww:description knoraType="richtext_value">English preacher</p0826-teimww:description>
    <p0826-teimww:firstName knoraType="richtext_value">John (1)</p0826-teimww:firstName>
    <p0826-teimww:hasSex knoraType="hlist_value">http://rdfh.ch/lists/0826/PqtLt8o3TKal_hcZMzBB6g</p0826-teimww:hasSex>
    <p0826-teimww:lastName knoraType="richtext_value">Walker</p0826-teimww:lastName>
  </p0826-teimww:person>
  <p0826-teimww:person id="ww_4eb3d59f66c6b3a5">
    <knoraXmlImport:label>A. E. H. Swaen</knoraXmlImport:label>
    <p0826-teimww:activeDate knoraType="date_value">GREGORIAN:1912</p0826-teimww:activeDate>
    <p0826-teimww:description knoraType="richtext_value">Dutch (?) scholar</p0826-teimww:description>
    <p0826-teimww:firstName knoraType="richtext_value">A. E. H.</p0826-teimww:firstName>
    <p0826-teimww:hasSex knoraType="hlist_value">http://rdfh.ch/lists/0826/PqtLt8o3TKal_hcZMzBB6g</p0826-teimww:hasSex>
    <p0826-teimww:lastName knoraType="richtext_value">Swaen</p0826-teimww:lastName>
  </p0826-teimww:person>
  <p0826-teimww:person id="ww_5eda50e71c74828b">
    <knoraXmlImport:label>John Willis</knoraXmlImport:label>
    <p0826-teimww:birthDate knoraType="date_value">GREGORIAN:1575</p0826-teimww:birthDate>
    <p0826-teimww:deathDate knoraType="date_value">GREGORIAN:1625</p0826-teimww:deathDate>
    <p0826-teimww:description knoraType="richtext_value">English clergyman and stenographer ca.</p0826-teimww:description>
    <p0826-teimww:firstName knoraType="richtext_value">John</p0826-teimww:firstName>
    <p0826-teimww:hasSex knoraType="hlist_value">http://rdfh.ch/lists/0826/PqtLt8o3TKal_hcZMzBB6g</p0826-teimww:hasSex>
    <p0826-teimww:lastName knoraType="richtext_value">Willis</p0826-teimww:lastName>
  </p0826-teimww:person>
  <p0826-teimww:person id="ww_db0f93eb54e77e5f">
    <knoraXmlImport:label>T. J. B. Spencer</knoraXmlImport:label>
    <p0826-teimww:activeDate knoraType="date_value">GREGORIAN:1980</p0826-teimww:activeDate>
    <p0826-teimww:description knoraType="richtext_value">U.S. (?) schoalar</p0826-teimww:description>
    <p0826-teimww:firstName knoraType="richtext_value">T. J. B.</p0826-teimww:firstName>
    <p0826-teimww:hasSex knoraType="hlist_value">http://rdfh.ch/lists/0826/PqtLt8o3TKal_hcZMzBB6g</p0826-teimww:hasSex>
    <p0826-teimww:lastName knoraType="richtext_value">Spencer</p0826-teimww:lastName>
  </p0826-teimww:person>
  <p0826-teimww:person id="ww_4491e2ccf9b5d7e6">
    <knoraXmlImport:label>Charles Whitney</knoraXmlImport:label>
    <p0826-teimww:activeDate knoraType="date_value">GREGORIAN:2006</p0826-teimww:activeDate>
    <p0826-teimww:description knoraType="richtext_value">U.S. academic</p0826-teimww:description>
    <p0826-teimww:firstName knoraType="richtext_value">Charles</p0826-teimww:firstName>
    <p0826-teimww:hasSex knoraType="hlist_value">http://rdfh.ch/lists/0826/PqtLt8o3TKal_hcZMzBB6g</p0826-teimww:hasSex>
    <p0826-teimww:lastName knoraType="richtext_value">Whitney</p0826-teimww:lastName>
  </p0826-teimww:person>
  <p0826-teimww:person id="ww_a15d1ad784ef65c3">
    <knoraXmlImport:label>Elizabeth, Viscountess Falkland  Cary</knoraXmlImport:label>
    <p0826-teimww:birthDate knoraType="date_value">GREGORIAN:1585</p0826-teimww:birthDate>
    <p0826-teimww:deathDate knoraType="date_value">GREGORIAN:1639</p0826-teimww:deathDate>
    <p0826-teimww:description knoraType="richtext_value">English poet, dramatist and translator</p0826-teimww:description>
    <p0826-teimww:firstName knoraType="richtext_value">Elizabeth, Viscountess Falkland </p0826-teimww:firstName>
    <p0826-teimww:hasSex knoraType="hlist_value">http://rdfh.ch/lists/0826/PqtLt8o3TKal_hcZMzBB6g</p0826-teimww:hasSex>
    <p0826-teimww:lastName knoraType="richtext_value">Cary</p0826-teimww:lastName>
  </p0826-teimww:person>
  <p0826-teimww:person id="ww_77b4cd08eebf6e6c">
    <knoraXmlImport:label>Samuel Garey</knoraXmlImport:label>
    <p0826-teimww:activeDate knoraType="date_value">GREGORIAN:1605</p0826-teimww:activeDate>
    <p0826-teimww:description knoraType="richtext_value">English</p0826-teimww:description>
    <p0826-teimww:firstName knoraType="richtext_value">Samuel</p0826-teimww:firstName>
    <p0826-teimww:hasSex knoraType="hlist_value">http://rdfh.ch/lists/0826/PqtLt8o3TKal_hcZMzBB6g</p0826-teimww:hasSex>
    <p0826-teimww:lastName knoraType="richtext_value">Garey</p0826-teimww:lastName>
  </p0826-teimww:person>
  <p0826-teimww:person id="ww_f5bf6503bd4e3d9b">
    <knoraXmlImport:label>Charles Cathcart</knoraXmlImport:label>
    <p0826-teimww:activeDate knoraType="date_value">GREGORIAN:2008</p0826-teimww:activeDate>
    <p0826-teimww:description knoraType="richtext_value">English scholar</p0826-teimww:description>
    <p0826-teimww:firstName knoraType="richtext_value">Charles</p0826-teimww:firstName>
    <p0826-teimww:hasSex knoraType="hlist_value">http://rdfh.ch/lists/0826/PqtLt8o3TKal_hcZMzBB6g</p0826-teimww:hasSex>
    <p0826-teimww:lastName knoraType="richtext_value">Cathcart</p0826-teimww:lastName>
  </p0826-teimww:person>
  <p0826-teimww:person id="ww_c62da289e0e58107">
    <knoraXmlImport:label>Thomas Pickering</knoraXmlImport:label>
    <p0826-teimww:firstName knoraType="richtext_value">Thomas</p0826-teimww:firstName>
    <p0826-teimww:hasSex knoraType="hlist_value">http://rdfh.ch/lists/0826/PqtLt8o3TKal_hcZMzBB6g</p0826-teimww:hasSex>
    <p0826-teimww:lastName knoraType="richtext_value">Pickering</p0826-teimww:lastName>
  </p0826-teimww:person>
  <p0826-teimww:person id="ww_ba2bed49492fef13">
    <knoraXmlImport:label>Robert Daborne</knoraXmlImport:label>
    <p0826-teimww:deathDate knoraType="date_value">GREGORIAN:1628</p0826-teimww:deathDate>
    <p0826-teimww:description knoraType="richtext_value">English dramatist</p0826-teimww:description>
    <p0826-teimww:firstName knoraType="richtext_value">Robert</p0826-teimww:firstName>
    <p0826-teimww:hasSex knoraType="hlist_value">http://rdfh.ch/lists/0826/PqtLt8o3TKal_hcZMzBB6g</p0826-teimww:hasSex>
    <p0826-teimww:lastName knoraType="richtext_value">Daborne</p0826-teimww:lastName>
  </p0826-teimww:person>
  <p0826-teimww:person id="ww_e677b0c54662da19">
    <knoraXmlImport:label>Alexander Niccholes</knoraXmlImport:label>
    <p0826-teimww:activeDate knoraType="date_value">GREGORIAN:1615</p0826-teimww:activeDate>
    <p0826-teimww:description knoraType="richtext_value">British poet</p0826-teimww:description>
    <p0826-teimww:firstName knoraType="richtext_value">Alexander</p0826-teimww:firstName>
    <p0826-teimww:hasSex knoraType="hlist_value">http://rdfh.ch/lists/0826/PqtLt8o3TKal_hcZMzBB6g</p0826-teimww:hasSex>
    <p0826-teimww:lastName knoraType="richtext_value">Niccholes</p0826-teimww:lastName>
  </p0826-teimww:person>
  <p0826-teimww:person id="ww_02a32352c63afb30">
    <knoraXmlImport:label>William Basse</knoraXmlImport:label>
    <p0826-teimww:activeDate knoraType="date_value">GREGORIAN:1615:1653</p0826-teimww:activeDate>
    <p0826-teimww:description knoraType="richtext_value">English anthologist</p0826-teimww:description>
    <p0826-teimww:firstName knoraType="richtext_value">William</p0826-teimww:firstName>
    <p0826-teimww:hasSex knoraType="hlist_value">http://rdfh.ch/lists/0826/PqtLt8o3TKal_hcZMzBB6g</p0826-teimww:hasSex>
    <p0826-teimww:lastName knoraType="richtext_value">Basse</p0826-teimww:lastName>
  </p0826-teimww:person>
  <p0826-teimww:person id="ww_060fb51fdafb3cc5">
    <knoraXmlImport:label>Edward Phillips</knoraXmlImport:label>
    <p0826-teimww:birthDate knoraType="date_value">GREGORIAN:1630</p0826-teimww:birthDate>
    <p0826-teimww:deathDate knoraType="date_value">GREGORIAN:1696:1700</p0826-teimww:deathDate>
    <p0826-teimww:description knoraType="richtext_value">British anthologist</p0826-teimww:description>
    <p0826-teimww:firstName knoraType="richtext_value">Edward</p0826-teimww:firstName>
    <p0826-teimww:hasSex knoraType="hlist_value">http://rdfh.ch/lists/0826/PqtLt8o3TKal_hcZMzBB6g</p0826-teimww:hasSex>
    <p0826-teimww:lastName knoraType="richtext_value">Phillips</p0826-teimww:lastName>
  </p0826-teimww:person>
  <p0826-teimww:person id="ww_39384a524a7bafbe">
    <knoraXmlImport:label>Edward Pond</knoraXmlImport:label>
    <p0826-teimww:deathDate knoraType="date_value">GREGORIAN:1629</p0826-teimww:deathDate>
    <p0826-teimww:description knoraType="richtext_value">British writer</p0826-teimww:description>
    <p0826-teimww:firstName knoraType="richtext_value">Edward</p0826-teimww:firstName>
    <p0826-teimww:hasSex knoraType="hlist_value">http://rdfh.ch/lists/0826/PqtLt8o3TKal_hcZMzBB6g</p0826-teimww:hasSex>
    <p0826-teimww:lastName knoraType="richtext_value">Pond</p0826-teimww:lastName>
  </p0826-teimww:person>
  <p0826-teimww:person id="ww_3a8aed7d4df9e7de">
    <knoraXmlImport:label>William Twisse</knoraXmlImport:label>
    <p0826-teimww:birthDate knoraType="date_value">GREGORIAN:1578</p0826-teimww:birthDate>
    <p0826-teimww:deathDate knoraType="date_value">GREGORIAN:1646</p0826-teimww:deathDate>
    <p0826-teimww:description knoraType="richtext_value">English Puritan priest</p0826-teimww:description>
    <p0826-teimww:firstName knoraType="richtext_value">William</p0826-teimww:firstName>
    <p0826-teimww:hasSex knoraType="hlist_value">http://rdfh.ch/lists/0826/PqtLt8o3TKal_hcZMzBB6g</p0826-teimww:hasSex>
    <p0826-teimww:lastName knoraType="richtext_value">Twisse</p0826-teimww:lastName>
  </p0826-teimww:person>
  <p0826-teimww:person id="ww_4972531db9405dfc">
    <knoraXmlImport:label>John Milton</knoraXmlImport:label>
    <p0826-teimww:birthDate knoraType="date_value">GREGORIAN:1608</p0826-teimww:birthDate>
    <p0826-teimww:deathDate knoraType="date_value">GREGORIAN:1674</p0826-teimww:deathDate>
    <p0826-teimww:description knoraType="richtext_value">English poet</p0826-teimww:description>
    <p0826-teimww:firstName knoraType="richtext_value">John</p0826-teimww:firstName>
    <p0826-teimww:hasSex knoraType="hlist_value">http://rdfh.ch/lists/0826/PqtLt8o3TKal_hcZMzBB6g</p0826-teimww:hasSex>
    <p0826-teimww:lastName knoraType="richtext_value">Milton</p0826-teimww:lastName>
  </p0826-teimww:person>
  <p0826-teimww:person id="ww_04599c8d5b7e6be6">
    <knoraXmlImport:label>Sir Thomas Browne</knoraXmlImport:label>
    <p0826-teimww:birthDate knoraType="date_value">GREGORIAN:1605</p0826-teimww:birthDate>
    <p0826-teimww:deathDate knoraType="date_value">GREGORIAN:1682</p0826-teimww:deathDate>
    <p0826-teimww:description knoraType="richtext_value">English physician, antiquarian and philosopher</p0826-teimww:description>
    <p0826-teimww:firstName knoraType="richtext_value">Sir Thomas</p0826-teimww:firstName>
    <p0826-teimww:hasSex knoraType="hlist_value">http://rdfh.ch/lists/0826/PqtLt8o3TKal_hcZMzBB6g</p0826-teimww:hasSex>
    <p0826-teimww:lastName knoraType="richtext_value">Browne</p0826-teimww:lastName>
  </p0826-teimww:person>
  <p0826-teimww:person id="ww_5e2853e3f87f7ec9">
    <knoraXmlImport:label>George Gerbier  d'Ouvilly</knoraXmlImport:label>
    <p0826-teimww:activeDate knoraType="date_value">GREGORIAN:1661</p0826-teimww:activeDate>
    <p0826-teimww:description knoraType="richtext_value">Dutch-born English dramatist</p0826-teimww:description>
    <p0826-teimww:firstName knoraType="richtext_value">George Gerbier </p0826-teimww:firstName>
    <p0826-teimww:hasSex knoraType="hlist_value">http://rdfh.ch/lists/0826/PqtLt8o3TKal_hcZMzBB6g</p0826-teimww:hasSex>
    <p0826-teimww:lastName knoraType="richtext_value">d'Ouvilly</p0826-teimww:lastName>
  </p0826-teimww:person>
  <p0826-teimww:person id="ww_b2f00cf3ae93a32b">
    <knoraXmlImport:label>Thomas D'Urfey</knoraXmlImport:label>
    <p0826-teimww:birthDate knoraType="date_value">GREGORIAN:1653</p0826-teimww:birthDate>
    <p0826-teimww:deathDate knoraType="date_value">GREGORIAN:1723</p0826-teimww:deathDate>
    <p0826-teimww:description knoraType="richtext_value">English dramatist and songwriter</p0826-teimww:description>
    <p0826-teimww:firstName knoraType="richtext_value">Thomas</p0826-teimww:firstName>
    <p0826-teimww:hasSex knoraType="hlist_value">http://rdfh.ch/lists/0826/PqtLt8o3TKal_hcZMzBB6g</p0826-teimww:hasSex>
    <p0826-teimww:lastName knoraType="richtext_value">D'Urfey</p0826-teimww:lastName>
  </p0826-teimww:person>
  <p0826-teimww:person id="ww_9a8e158285763a3c">
    <knoraXmlImport:label>Desiderius Erasmus</knoraXmlImport:label>
    <p0826-teimww:birthDate knoraType="date_value">GREGORIAN:1466</p0826-teimww:birthDate>
    <p0826-teimww:deathDate knoraType="date_value">GREGORIAN:1536</p0826-teimww:deathDate>
    <p0826-teimww:description knoraType="richtext_value">Dutch scholar and theologian</p0826-teimww:description>
    <p0826-teimww:firstName knoraType="richtext_value">Desiderius</p0826-teimww:firstName>
    <p0826-teimww:hasSex knoraType="hlist_value">http://rdfh.ch/lists/0826/PqtLt8o3TKal_hcZMzBB6g</p0826-teimww:hasSex>
    <p0826-teimww:lastName knoraType="richtext_value">Erasmus</p0826-teimww:lastName>
  </p0826-teimww:person>
  <p0826-teimww:person id="ww_2527046b014ff66d">
    <knoraXmlImport:label>John Colet</knoraXmlImport:label>
    <p0826-teimww:birthDate knoraType="date_value">GREGORIAN:1467</p0826-teimww:birthDate>
    <p0826-teimww:deathDate knoraType="date_value">GREGORIAN:1519</p0826-teimww:deathDate>
    <p0826-teimww:description knoraType="richtext_value">English priest and educator</p0826-teimww:description>
    <p0826-teimww:firstName knoraType="richtext_value">John</p0826-teimww:firstName>
    <p0826-teimww:hasSex knoraType="hlist_value">http://rdfh.ch/lists/0826/PqtLt8o3TKal_hcZMzBB6g</p0826-teimww:hasSex>
    <p0826-teimww:lastName knoraType="richtext_value">Colet</p0826-teimww:lastName>
  </p0826-teimww:person>
  <p0826-teimww:person id="ww_4f4a27981f1d2a14">
    <knoraXmlImport:label>William Lily</knoraXmlImport:label>
    <p0826-teimww:birthDate knoraType="date_value">GREGORIAN:1468</p0826-teimww:birthDate>
    <p0826-teimww:deathDate knoraType="date_value">GREGORIAN:1522</p0826-teimww:deathDate>
    <p0826-teimww:description knoraType="richtext_value">English classical grammarian and scholar</p0826-teimww:description>
    <p0826-teimww:firstName knoraType="richtext_value">William</p0826-teimww:firstName>
    <p0826-teimww:hasSex knoraType="hlist_value">http://rdfh.ch/lists/0826/PqtLt8o3TKal_hcZMzBB6g</p0826-teimww:hasSex>
    <p0826-teimww:lastName knoraType="richtext_value">Lily</p0826-teimww:lastName>
  </p0826-teimww:person>
  <p0826-teimww:person id="ww_25c5c5546d8e1395">
    <knoraXmlImport:label>Marcellus Stellatus Palingenius</knoraXmlImport:label>
    <p0826-teimww:activeDate knoraType="date_value">GREGORIAN:1543</p0826-teimww:activeDate>
    <p0826-teimww:description knoraType="richtext_value">Italian astrologer ,  real name Pier Angelo Manzolli</p0826-teimww:description>
    <p0826-teimww:firstName knoraType="richtext_value">Marcellus Stellatus</p0826-teimww:firstName>
    <p0826-teimww:hasSex knoraType="hlist_value">http://rdfh.ch/lists/0826/PqtLt8o3TKal_hcZMzBB6g</p0826-teimww:hasSex>
    <p0826-teimww:lastName knoraType="richtext_value">Palingenius</p0826-teimww:lastName>
  </p0826-teimww:person>
  <p0826-teimww:person id="ww_35d1cd927a05d91f">
    <knoraXmlImport:label>Juan Luis Vives</knoraXmlImport:label>
    <p0826-teimww:birthDate knoraType="date_value">GREGORIAN:1493</p0826-teimww:birthDate>
    <p0826-teimww:deathDate knoraType="date_value">GREGORIAN:1540</p0826-teimww:deathDate>
    <p0826-teimww:description knoraType="richtext_value">Spanish reformer and humanist</p0826-teimww:description>
    <p0826-teimww:firstName knoraType="richtext_value">Juan Luis</p0826-teimww:firstName>
    <p0826-teimww:hasSex knoraType="hlist_value">http://rdfh.ch/lists/0826/PqtLt8o3TKal_hcZMzBB6g</p0826-teimww:hasSex>
    <p0826-teimww:lastName knoraType="richtext_value">Vives</p0826-teimww:lastName>
  </p0826-teimww:person>
  <p0826-teimww:person id="ww_d445647247f3f748">
    <knoraXmlImport:label>Peter Milward</knoraXmlImport:label>
    <p0826-teimww:birthDate knoraType="date_value">GREGORIAN:1925</p0826-teimww:birthDate>
    <p0826-teimww:deathDate knoraType="date_value">GREGORIAN:2017</p0826-teimww:deathDate>
    <p0826-teimww:description knoraType="richtext_value">English Jesuit priest and scholar</p0826-teimww:description>
    <p0826-teimww:firstName knoraType="richtext_value">Peter</p0826-teimww:firstName>
    <p0826-teimww:hasSex knoraType="hlist_value">http://rdfh.ch/lists/0826/PqtLt8o3TKal_hcZMzBB6g</p0826-teimww:hasSex>
    <p0826-teimww:lastName knoraType="richtext_value">Milward</p0826-teimww:lastName>
  </p0826-teimww:person>
  <p0826-teimww:person id="ww_25e6fd889f1e2401">
    <knoraXmlImport:label>Robert Wilson</knoraXmlImport:label>
    <p0826-teimww:firstName knoraType="richtext_value">Robert</p0826-teimww:firstName>
    <p0826-teimww:hasSex knoraType="hlist_value">http://rdfh.ch/lists/0826/PqtLt8o3TKal_hcZMzBB6g</p0826-teimww:hasSex>
    <p0826-teimww:lastName knoraType="richtext_value">Wilson</p0826-teimww:lastName>
  </p0826-teimww:person>
  <p0826-teimww:person id="ww_1e249fc82c1de780">
    <knoraXmlImport:label>Clement Robinson</knoraXmlImport:label>
    <p0826-teimww:activeDate knoraType="date_value">GREGORIAN:1566:1584</p0826-teimww:activeDate>
    <p0826-teimww:description knoraType="richtext_value">British poet</p0826-teimww:description>
    <p0826-teimww:firstName knoraType="richtext_value">Clement</p0826-teimww:firstName>
    <p0826-teimww:hasSex knoraType="hlist_value">http://rdfh.ch/lists/0826/PqtLt8o3TKal_hcZMzBB6g</p0826-teimww:hasSex>
    <p0826-teimww:lastName knoraType="richtext_value">Robinson</p0826-teimww:lastName>
  </p0826-teimww:person>
  <p0826-teimww:person id="ww_0892ee27a956341b">
    <knoraXmlImport:label>Joseph W. DeMent</knoraXmlImport:label>
    <p0826-teimww:activeDate knoraType="date_value">GREGORIAN:1964</p0826-teimww:activeDate>
    <p0826-teimww:description knoraType="richtext_value">U.S. (?( scholar</p0826-teimww:description>
    <p0826-teimww:firstName knoraType="richtext_value">Joseph W.</p0826-teimww:firstName>
    <p0826-teimww:hasSex knoraType="hlist_value">http://rdfh.ch/lists/0826/PqtLt8o3TKal_hcZMzBB6g</p0826-teimww:hasSex>
    <p0826-teimww:lastName knoraType="richtext_value">DeMent</p0826-teimww:lastName>
  </p0826-teimww:person>
  <p0826-teimww:person id="ww_bee6ba91f2c450cd">
    <knoraXmlImport:label>Wolfgang Müller</knoraXmlImport:label>
    <p0826-teimww:activeDate knoraType="date_value">GREGORIAN:2006</p0826-teimww:activeDate>
    <p0826-teimww:description knoraType="richtext_value">German scholar</p0826-teimww:description>
    <p0826-teimww:firstName knoraType="richtext_value">Wolfgang</p0826-teimww:firstName>
    <p0826-teimww:hasSex knoraType="hlist_value">http://rdfh.ch/lists/0826/PqtLt8o3TKal_hcZMzBB6g</p0826-teimww:hasSex>
    <p0826-teimww:lastName knoraType="richtext_value">Müller</p0826-teimww:lastName>
  </p0826-teimww:person>
  <p0826-teimww:person id="ww_240bf4a7d8bc0162">
    <knoraXmlImport:label>Eric Sams</knoraXmlImport:label>
    <p0826-teimww:birthDate knoraType="date_value">GREGORIAN:1926</p0826-teimww:birthDate>
    <p0826-teimww:deathDate knoraType="date_value">GREGORIAN:2004</p0826-teimww:deathDate>
    <p0826-teimww:description knoraType="richtext_value">English scholar</p0826-teimww:description>
    <p0826-teimww:firstName knoraType="richtext_value">Eric</p0826-teimww:firstName>
    <p0826-teimww:hasSex knoraType="hlist_value">http://rdfh.ch/lists/0826/PqtLt8o3TKal_hcZMzBB6g</p0826-teimww:hasSex>
    <p0826-teimww:lastName knoraType="richtext_value">Sams</p0826-teimww:lastName>
  </p0826-teimww:person>
  <p0826-teimww:person id="ww_96e72412ce67888e">
    <knoraXmlImport:label>Francis Meres</knoraXmlImport:label>
    <p0826-teimww:birthDate knoraType="date_value">GREGORIAN:1565:1566</p0826-teimww:birthDate>
    <p0826-teimww:deathDate knoraType="date_value">GREGORIAN:1647</p0826-teimww:deathDate>
    <p0826-teimww:description knoraType="richtext_value">English anthologist</p0826-teimww:description>
    <p0826-teimww:firstName knoraType="richtext_value">Francis</p0826-teimww:firstName>
    <p0826-teimww:hasSex knoraType="hlist_value">http://rdfh.ch/lists/0826/PqtLt8o3TKal_hcZMzBB6g</p0826-teimww:hasSex>
    <p0826-teimww:lastName knoraType="richtext_value">Meres</p0826-teimww:lastName>
  </p0826-teimww:person>
  <p0826-teimww:person id="ww_22f6e503d59ca03b">
    <knoraXmlImport:label>Thomas Acheley or Achelow</knoraXmlImport:label>
    <p0826-teimww:activeDate knoraType="date_value">GREGORIAN:1589:1602</p0826-teimww:activeDate>
    <p0826-teimww:description knoraType="richtext_value">English poet</p0826-teimww:description>
    <p0826-teimww:firstName knoraType="richtext_value">Thomas</p0826-teimww:firstName>
    <p0826-teimww:hasSex knoraType="hlist_value">http://rdfh.ch/lists/0826/PqtLt8o3TKal_hcZMzBB6g</p0826-teimww:hasSex>
    <p0826-teimww:lastName knoraType="richtext_value">Acheley or Achelow</p0826-teimww:lastName>
  </p0826-teimww:person>
  <p0826-teimww:person id="ww_dad51991851a1bbf">
    <knoraXmlImport:label>Richard Herne Shepherd</knoraXmlImport:label>
    <p0826-teimww:firstName knoraType="richtext_value">Richard Herne</p0826-teimww:firstName>
    <p0826-teimww:hasSex knoraType="hlist_value">http://rdfh.ch/lists/0826/PqtLt8o3TKal_hcZMzBB6g</p0826-teimww:hasSex>
    <p0826-teimww:lastName knoraType="richtext_value">Shepherd</p0826-teimww:lastName>
  </p0826-teimww:person>
  <p0826-teimww:person id="ww_83e21e7a9246faa2">
    <knoraXmlImport:label>Sir Thomas Smith</knoraXmlImport:label>
    <p0826-teimww:birthDate knoraType="date_value">GREGORIAN:1558</p0826-teimww:birthDate>
    <p0826-teimww:deathDate knoraType="date_value">GREGORIAN:1625</p0826-teimww:deathDate>
    <p0826-teimww:description knoraType="richtext_value">English writer</p0826-teimww:description>
    <p0826-teimww:firstName knoraType="richtext_value">Sir Thomas</p0826-teimww:firstName>
    <p0826-teimww:hasSex knoraType="hlist_value">http://rdfh.ch/lists/0826/PqtLt8o3TKal_hcZMzBB6g</p0826-teimww:hasSex>
    <p0826-teimww:lastName knoraType="richtext_value">Smith</p0826-teimww:lastName>
  </p0826-teimww:person>
  <p0826-teimww:person id="ww_759d754d3536439c">
    <knoraXmlImport:label>Tom Matheson</knoraXmlImport:label>
    <p0826-teimww:birthDate knoraType="date_value">GREGORIAN:1937</p0826-teimww:birthDate>
    <p0826-teimww:deathDate knoraType="date_value">GREGORIAN:2006</p0826-teimww:deathDate>
    <p0826-teimww:description knoraType="richtext_value">English academic</p0826-teimww:description>
    <p0826-teimww:firstName knoraType="richtext_value">Tom</p0826-teimww:firstName>
    <p0826-teimww:hasSex knoraType="hlist_value">http://rdfh.ch/lists/0826/PqtLt8o3TKal_hcZMzBB6g</p0826-teimww:hasSex>
    <p0826-teimww:lastName knoraType="richtext_value">Matheson</p0826-teimww:lastName>
  </p0826-teimww:person>
  <p0826-teimww:person id="ww_54e7c8428ba6024c">
    <knoraXmlImport:label>John Reynolds</knoraXmlImport:label>
    <p0826-teimww:activeDate knoraType="date_value">GREGORIAN:1621:1650</p0826-teimww:activeDate>
    <p0826-teimww:description knoraType="richtext_value">English religious writer</p0826-teimww:description>
    <p0826-teimww:firstName knoraType="richtext_value">John</p0826-teimww:firstName>
    <p0826-teimww:hasSex knoraType="hlist_value">http://rdfh.ch/lists/0826/PqtLt8o3TKal_hcZMzBB6g</p0826-teimww:hasSex>
    <p0826-teimww:lastName knoraType="richtext_value">Reynolds</p0826-teimww:lastName>
  </p0826-teimww:person>
  <p0826-teimww:person id="ww_f32bede8ddcef974">
    <knoraXmlImport:label>Richard Niccols</knoraXmlImport:label>
    <p0826-teimww:firstName knoraType="richtext_value">Richard</p0826-teimww:firstName>
    <p0826-teimww:hasSex knoraType="hlist_value">http://rdfh.ch/lists/0826/PqtLt8o3TKal_hcZMzBB6g</p0826-teimww:hasSex>
    <p0826-teimww:lastName knoraType="richtext_value">Niccols</p0826-teimww:lastName>
  </p0826-teimww:person>
  <p0826-teimww:person id="ww_16c1195bda020eff">
    <knoraXmlImport:label>John Donne</knoraXmlImport:label>
    <p0826-teimww:birthDate knoraType="date_value">GREGORIAN:1572</p0826-teimww:birthDate>
    <p0826-teimww:deathDate knoraType="date_value">GREGORIAN:1631</p0826-teimww:deathDate>
    <p0826-teimww:description knoraType="richtext_value">English poet</p0826-teimww:description>
    <p0826-teimww:firstName knoraType="richtext_value">John</p0826-teimww:firstName>
    <p0826-teimww:hasSex knoraType="hlist_value">http://rdfh.ch/lists/0826/PqtLt8o3TKal_hcZMzBB6g</p0826-teimww:hasSex>
    <p0826-teimww:lastName knoraType="richtext_value">Donne</p0826-teimww:lastName>
  </p0826-teimww:person>
  <p0826-teimww:person id="ww_1ba44aa9c8c5ae62">
    <knoraXmlImport:label>Thomas Campion</knoraXmlImport:label>
    <p0826-teimww:birthDate knoraType="date_value">GREGORIAN:1567</p0826-teimww:birthDate>
    <p0826-teimww:deathDate knoraType="date_value">GREGORIAN:1620</p0826-teimww:deathDate>
    <p0826-teimww:description knoraType="richtext_value">English dramatist</p0826-teimww:description>
    <p0826-teimww:firstName knoraType="richtext_value">Thomas</p0826-teimww:firstName>
    <p0826-teimww:hasSex knoraType="hlist_value">http://rdfh.ch/lists/0826/PqtLt8o3TKal_hcZMzBB6g</p0826-teimww:hasSex>
    <p0826-teimww:lastName knoraType="richtext_value">Campion</p0826-teimww:lastName>
  </p0826-teimww:person>
  <p0826-teimww:person id="ww_993a2c8b25ef3953">
    <knoraXmlImport:label>Samuel Rowlands</knoraXmlImport:label>
    <p0826-teimww:birthDate knoraType="date_value">GREGORIAN:1568:1872</p0826-teimww:birthDate>
    <p0826-teimww:deathDate knoraType="date_value">GREGORIAN:1630</p0826-teimww:deathDate>
    <p0826-teimww:description knoraType="richtext_value">British dramatist</p0826-teimww:description>
    <p0826-teimww:firstName knoraType="richtext_value">Samuel</p0826-teimww:firstName>
    <p0826-teimww:hasSex knoraType="hlist_value">http://rdfh.ch/lists/0826/PqtLt8o3TKal_hcZMzBB6g</p0826-teimww:hasSex>
    <p0826-teimww:lastName knoraType="richtext_value">Rowlands</p0826-teimww:lastName>
  </p0826-teimww:person>
  <p0826-teimww:person id="ww_ee50ed245a0dc04f">
    <knoraXmlImport:label>J. W.</knoraXmlImport:label>
    <p0826-teimww:activeDate knoraType="date_value">GREGORIAN:1626</p0826-teimww:activeDate>
    <p0826-teimww:description knoraType="richtext_value">English dramatist</p0826-teimww:description>
    <p0826-teimww:firstName knoraType="richtext_value">J.</p0826-teimww:firstName>
    <p0826-teimww:hasSex knoraType="hlist_value">http://rdfh.ch/lists/0826/PqtLt8o3TKal_hcZMzBB6g</p0826-teimww:hasSex>
    <p0826-teimww:lastName knoraType="richtext_value">W.</p0826-teimww:lastName>
  </p0826-teimww:person>
  <p0826-teimww:person id="ww_20abdf6ad9bd61dc">
    <knoraXmlImport:label>Robert (2) Abbot</knoraXmlImport:label>
    <p0826-teimww:activeDate knoraType="date_value">GREGORIAN:1616:1662</p0826-teimww:activeDate>
    <p0826-teimww:description knoraType="richtext_value">English Puritan theologian</p0826-teimww:description>
    <p0826-teimww:firstName knoraType="richtext_value">Robert (2)</p0826-teimww:firstName>
    <p0826-teimww:hasSex knoraType="hlist_value">http://rdfh.ch/lists/0826/PqtLt8o3TKal_hcZMzBB6g</p0826-teimww:hasSex>
    <p0826-teimww:lastName knoraType="richtext_value">Abbot</p0826-teimww:lastName>
  </p0826-teimww:person>
  <p0826-teimww:person id="ww_11b6d4be322d75f4">
    <knoraXmlImport:label>John Clarke</knoraXmlImport:label>
    <p0826-teimww:birthDate knoraType="date_value">GREGORIAN:1596</p0826-teimww:birthDate>
    <p0826-teimww:deathDate knoraType="date_value">GREGORIAN:1658</p0826-teimww:deathDate>
    <p0826-teimww:description knoraType="richtext_value">English schoolmaster</p0826-teimww:description>
    <p0826-teimww:firstName knoraType="richtext_value">John</p0826-teimww:firstName>
    <p0826-teimww:hasSex knoraType="hlist_value">http://rdfh.ch/lists/0826/PqtLt8o3TKal_hcZMzBB6g</p0826-teimww:hasSex>
    <p0826-teimww:lastName knoraType="richtext_value">Clarke</p0826-teimww:lastName>
  </p0826-teimww:person>
  <p0826-teimww:person id="ww_8e7c5e1273330b8d">
    <knoraXmlImport:label>John Payne Collier</knoraXmlImport:label>
    <p0826-teimww:birthDate knoraType="date_value">GREGORIAN:1789</p0826-teimww:birthDate>
    <p0826-teimww:deathDate knoraType="date_value">GREGORIAN:1883</p0826-teimww:deathDate>
    <p0826-teimww:description knoraType="richtext_value">English scholar and forger</p0826-teimww:description>
    <p0826-teimww:firstName knoraType="richtext_value">John Payne</p0826-teimww:firstName>
    <p0826-teimww:hasSex knoraType="hlist_value">http://rdfh.ch/lists/0826/PqtLt8o3TKal_hcZMzBB6g</p0826-teimww:hasSex>
    <p0826-teimww:lastName knoraType="richtext_value">Collier</p0826-teimww:lastName>
  </p0826-teimww:person>
  <p0826-teimww:person id="ww_04be28b306578ec5">
    <knoraXmlImport:label>Thomas Bayly</knoraXmlImport:label>
    <p0826-teimww:deathDate knoraType="date_value">GREGORIAN:1657</p0826-teimww:deathDate>
    <p0826-teimww:description knoraType="richtext_value">English theologian</p0826-teimww:description>
    <p0826-teimww:firstName knoraType="richtext_value">Thomas</p0826-teimww:firstName>
    <p0826-teimww:hasSex knoraType="hlist_value">http://rdfh.ch/lists/0826/PqtLt8o3TKal_hcZMzBB6g</p0826-teimww:hasSex>
    <p0826-teimww:lastName knoraType="richtext_value">Bayly</p0826-teimww:lastName>
  </p0826-teimww:person>
  <p0826-teimww:person id="ww_0c2a410a5981bc2f">
    <knoraXmlImport:label>Edward Williams</knoraXmlImport:label>
    <p0826-teimww:activeDate knoraType="date_value">GREGORIAN:1650</p0826-teimww:activeDate>
    <p0826-teimww:description knoraType="richtext_value">English travel (?) writer</p0826-teimww:description>
    <p0826-teimww:firstName knoraType="richtext_value">Edward</p0826-teimww:firstName>
    <p0826-teimww:hasSex knoraType="hlist_value">http://rdfh.ch/lists/0826/PqtLt8o3TKal_hcZMzBB6g</p0826-teimww:hasSex>
    <p0826-teimww:lastName knoraType="richtext_value">Williams</p0826-teimww:lastName>
  </p0826-teimww:person>
  <p0826-teimww:person id="ww_233549b5e20bde77">
    <knoraXmlImport:label>Richard Baxter</knoraXmlImport:label>
    <p0826-teimww:birthDate knoraType="date_value">GREGORIAN:1615</p0826-teimww:birthDate>
    <p0826-teimww:deathDate knoraType="date_value">GREGORIAN:1691</p0826-teimww:deathDate>
    <p0826-teimww:description knoraType="richtext_value">English protestant priest</p0826-teimww:description>
    <p0826-teimww:firstName knoraType="richtext_value">Richard</p0826-teimww:firstName>
    <p0826-teimww:hasSex knoraType="hlist_value">http://rdfh.ch/lists/0826/PqtLt8o3TKal_hcZMzBB6g</p0826-teimww:hasSex>
    <p0826-teimww:lastName knoraType="richtext_value">Baxter</p0826-teimww:lastName>
  </p0826-teimww:person>
  <p0826-teimww:person id="ww_7b09cc53f410fd7f">
    <knoraXmlImport:label>Thomas Hobbes</knoraXmlImport:label>
    <p0826-teimww:birthDate knoraType="date_value">GREGORIAN:1588</p0826-teimww:birthDate>
    <p0826-teimww:deathDate knoraType="date_value">GREGORIAN:1679</p0826-teimww:deathDate>
    <p0826-teimww:description knoraType="richtext_value">English philosopher</p0826-teimww:description>
    <p0826-teimww:firstName knoraType="richtext_value">Thomas</p0826-teimww:firstName>
    <p0826-teimww:hasSex knoraType="hlist_value">http://rdfh.ch/lists/0826/PqtLt8o3TKal_hcZMzBB6g</p0826-teimww:hasSex>
    <p0826-teimww:lastName knoraType="richtext_value">Hobbes</p0826-teimww:lastName>
  </p0826-teimww:person>
  <p0826-teimww:person id="ww_ef61a579c907bbed">
    <knoraXmlImport:label>John Smith</knoraXmlImport:label>
    <p0826-teimww:birthDate knoraType="date_value">GREGORIAN:1618</p0826-teimww:birthDate>
    <p0826-teimww:deathDate knoraType="date_value">GREGORIAN:1652</p0826-teimww:deathDate>
    <p0826-teimww:description knoraType="richtext_value">English (?) priest</p0826-teimww:description>
    <p0826-teimww:firstName knoraType="richtext_value">John</p0826-teimww:firstName>
    <p0826-teimww:hasSex knoraType="hlist_value">http://rdfh.ch/lists/0826/PqtLt8o3TKal_hcZMzBB6g</p0826-teimww:hasSex>
    <p0826-teimww:lastName knoraType="richtext_value">Smith</p0826-teimww:lastName>
  </p0826-teimww:person>
  <p0826-teimww:person id="ww_0a505738588da233">
    <knoraXmlImport:label>Thomas Brooks</knoraXmlImport:label>
    <p0826-teimww:birthDate knoraType="date_value">GREGORIAN:1608</p0826-teimww:birthDate>
    <p0826-teimww:deathDate knoraType="date_value">GREGORIAN:1680</p0826-teimww:deathDate>
    <p0826-teimww:description knoraType="richtext_value">English Puritan priest</p0826-teimww:description>
    <p0826-teimww:firstName knoraType="richtext_value">Thomas</p0826-teimww:firstName>
    <p0826-teimww:hasSex knoraType="hlist_value">http://rdfh.ch/lists/0826/PqtLt8o3TKal_hcZMzBB6g</p0826-teimww:hasSex>
    <p0826-teimww:lastName knoraType="richtext_value">Brooks</p0826-teimww:lastName>
  </p0826-teimww:person>
  <p0826-teimww:person id="ww_45fdb82cc1c57b49">
    <knoraXmlImport:label>James Harrington</knoraXmlImport:label>
    <p0826-teimww:firstName knoraType="richtext_value">James</p0826-teimww:firstName>
    <p0826-teimww:hasSex knoraType="hlist_value">http://rdfh.ch/lists/0826/PqtLt8o3TKal_hcZMzBB6g</p0826-teimww:hasSex>
    <p0826-teimww:lastName knoraType="richtext_value">Harrington</p0826-teimww:lastName>
  </p0826-teimww:person>
  <p0826-teimww:person id="ww_f35c2f8694b10626">
    <knoraXmlImport:label>John Cotgrave</knoraXmlImport:label>
    <p0826-teimww:birthDate knoraType="date_value">GREGORIAN:1610:1612</p0826-teimww:birthDate>
    <p0826-teimww:deathDate knoraType="date_value">GREGORIAN:1654:1656</p0826-teimww:deathDate>
    <p0826-teimww:description knoraType="richtext_value">English anthologist</p0826-teimww:description>
    <p0826-teimww:firstName knoraType="richtext_value">John</p0826-teimww:firstName>
    <p0826-teimww:hasSex knoraType="hlist_value">http://rdfh.ch/lists/0826/PqtLt8o3TKal_hcZMzBB6g</p0826-teimww:hasSex>
    <p0826-teimww:lastName knoraType="richtext_value">Cotgrave</p0826-teimww:lastName>
  </p0826-teimww:person>
  <p0826-teimww:person id="ww_e491214ca0e29ca0">
    <knoraXmlImport:label>Abraham Cowley</knoraXmlImport:label>
    <p0826-teimww:birthDate knoraType="date_value">GREGORIAN:1618</p0826-teimww:birthDate>
    <p0826-teimww:deathDate knoraType="date_value">GREGORIAN:1667</p0826-teimww:deathDate>
    <p0826-teimww:description knoraType="richtext_value">English poet</p0826-teimww:description>
    <p0826-teimww:firstName knoraType="richtext_value">Abraham</p0826-teimww:firstName>
    <p0826-teimww:hasSex knoraType="hlist_value">http://rdfh.ch/lists/0826/PqtLt8o3TKal_hcZMzBB6g</p0826-teimww:hasSex>
    <p0826-teimww:lastName knoraType="richtext_value">Cowley</p0826-teimww:lastName>
  </p0826-teimww:person>
  <p0826-teimww:person id="ww_2eb1934555aef857">
    <knoraXmlImport:label>Henry King</knoraXmlImport:label>
    <p0826-teimww:activeDate knoraType="date_value">GREGORIAN:1657</p0826-teimww:activeDate>
    <p0826-teimww:description knoraType="richtext_value">English bishop</p0826-teimww:description>
    <p0826-teimww:firstName knoraType="richtext_value">Henry</p0826-teimww:firstName>
    <p0826-teimww:hasSex knoraType="hlist_value">http://rdfh.ch/lists/0826/PqtLt8o3TKal_hcZMzBB6g</p0826-teimww:hasSex>
    <p0826-teimww:lastName knoraType="richtext_value">King</p0826-teimww:lastName>
  </p0826-teimww:person>
  <p0826-teimww:person id="ww_90dfde11c66bf938">
    <knoraXmlImport:label>Lawrence Mason</knoraXmlImport:label>
    <p0826-teimww:activeDate knoraType="date_value">GREGORIAN:1918</p0826-teimww:activeDate>
    <p0826-teimww:description knoraType="richtext_value">English (?) scholar</p0826-teimww:description>
    <p0826-teimww:firstName knoraType="richtext_value">Lawrence</p0826-teimww:firstName>
    <p0826-teimww:hasSex knoraType="hlist_value">http://rdfh.ch/lists/0826/PqtLt8o3TKal_hcZMzBB6g</p0826-teimww:hasSex>
    <p0826-teimww:lastName knoraType="richtext_value">Mason</p0826-teimww:lastName>
  </p0826-teimww:person>
  <p0826-teimww:person id="ww_2d0e467265941c0c">
    <knoraXmlImport:label>Francis Roberts</knoraXmlImport:label>
    <p0826-teimww:birthDate knoraType="date_value">GREGORIAN:1609</p0826-teimww:birthDate>
    <p0826-teimww:deathDate knoraType="date_value">GREGORIAN:1675</p0826-teimww:deathDate>
    <p0826-teimww:description knoraType="richtext_value">Protestant theologian</p0826-teimww:description>
    <p0826-teimww:firstName knoraType="richtext_value">Francis</p0826-teimww:firstName>
    <p0826-teimww:hasSex knoraType="hlist_value">http://rdfh.ch/lists/0826/PqtLt8o3TKal_hcZMzBB6g</p0826-teimww:hasSex>
    <p0826-teimww:lastName knoraType="richtext_value">Roberts</p0826-teimww:lastName>
  </p0826-teimww:person>
  <p0826-teimww:person id="ww_89212d9cbea3d1a7">
    <knoraXmlImport:label>John Bunyan</knoraXmlImport:label>
    <p0826-teimww:birthDate knoraType="date_value">GREGORIAN:1628</p0826-teimww:birthDate>
    <p0826-teimww:deathDate knoraType="date_value">GREGORIAN:1688</p0826-teimww:deathDate>
    <p0826-teimww:description knoraType="richtext_value">English writer and Puritan preacher</p0826-teimww:description>
    <p0826-teimww:firstName knoraType="richtext_value">John</p0826-teimww:firstName>
    <p0826-teimww:hasSex knoraType="hlist_value">http://rdfh.ch/lists/0826/PqtLt8o3TKal_hcZMzBB6g</p0826-teimww:hasSex>
    <p0826-teimww:lastName knoraType="richtext_value">Bunyan</p0826-teimww:lastName>
  </p0826-teimww:person>
  <p0826-teimww:person id="ww_21ac77136c4b7f18">
    <knoraXmlImport:label>William Chamberlayne</knoraXmlImport:label>
    <p0826-teimww:birthDate knoraType="date_value">GREGORIAN:1619</p0826-teimww:birthDate>
    <p0826-teimww:deathDate knoraType="date_value">GREGORIAN:1679:1689</p0826-teimww:deathDate>
    <p0826-teimww:description knoraType="richtext_value">English poet</p0826-teimww:description>
    <p0826-teimww:firstName knoraType="richtext_value">William</p0826-teimww:firstName>
    <p0826-teimww:hasSex knoraType="hlist_value">http://rdfh.ch/lists/0826/PqtLt8o3TKal_hcZMzBB6g</p0826-teimww:hasSex>
    <p0826-teimww:lastName knoraType="richtext_value">Chamberlayne</p0826-teimww:lastName>
  </p0826-teimww:person>
  <p0826-teimww:person id="ww_ecc7850e1819f101">
    <knoraXmlImport:label>Henry Cromwell</knoraXmlImport:label>
    <p0826-teimww:birthDate knoraType="date_value">GREGORIAN:1628</p0826-teimww:birthDate>
    <p0826-teimww:deathDate knoraType="date_value">GREGORIAN:1674</p0826-teimww:deathDate>
    <p0826-teimww:description knoraType="richtext_value">English politician</p0826-teimww:description>
    <p0826-teimww:firstName knoraType="richtext_value">Henry</p0826-teimww:firstName>
    <p0826-teimww:hasSex knoraType="hlist_value">http://rdfh.ch/lists/0826/PqtLt8o3TKal_hcZMzBB6g</p0826-teimww:hasSex>
    <p0826-teimww:lastName knoraType="richtext_value">Cromwell</p0826-teimww:lastName>
  </p0826-teimww:person>
  <p0826-teimww:person id="ww_9cb12dabd79aaa48">
    <knoraXmlImport:label>Michael Dobson</knoraXmlImport:label>
    <p0826-teimww:birthDate knoraType="date_value">GREGORIAN:1960</p0826-teimww:birthDate>
    <p0826-teimww:description knoraType="richtext_value">British academic</p0826-teimww:description>
    <p0826-teimww:firstName knoraType="richtext_value">Michael</p0826-teimww:firstName>
    <p0826-teimww:hasSex knoraType="hlist_value">http://rdfh.ch/lists/0826/PqtLt8o3TKal_hcZMzBB6g</p0826-teimww:hasSex>
    <p0826-teimww:lastName knoraType="richtext_value">Dobson</p0826-teimww:lastName>
  </p0826-teimww:person>
  <p0826-teimww:person id="ww_cec49ffd7da55dfe">
    <knoraXmlImport:label>Rowland Watkins</knoraXmlImport:label>
    <p0826-teimww:activeDate knoraType="date_value">GREGORIAN:1662</p0826-teimww:activeDate>
    <p0826-teimww:description knoraType="richtext_value">English physician</p0826-teimww:description>
    <p0826-teimww:firstName knoraType="richtext_value">Rowland</p0826-teimww:firstName>
    <p0826-teimww:hasSex knoraType="hlist_value">http://rdfh.ch/lists/0826/PqtLt8o3TKal_hcZMzBB6g</p0826-teimww:hasSex>
    <p0826-teimww:lastName knoraType="richtext_value">Watkins</p0826-teimww:lastName>
  </p0826-teimww:person>
  <p0826-teimww:person id="ww_32dca9fbc0b73e7d">
    <knoraXmlImport:label>Henry Bold</knoraXmlImport:label>
    <p0826-teimww:activeDate knoraType="date_value">GREGORIAN:1664</p0826-teimww:activeDate>
    <p0826-teimww:description knoraType="richtext_value">English poet</p0826-teimww:description>
    <p0826-teimww:firstName knoraType="richtext_value">Henry</p0826-teimww:firstName>
    <p0826-teimww:hasSex knoraType="hlist_value">http://rdfh.ch/lists/0826/PqtLt8o3TKal_hcZMzBB6g</p0826-teimww:hasSex>
    <p0826-teimww:lastName knoraType="richtext_value">Bold</p0826-teimww:lastName>
  </p0826-teimww:person>
  <p0826-teimww:person id="ww_b0e8b25ec4a58d96">
    <knoraXmlImport:label>Samuel Pepys</knoraXmlImport:label>
    <p0826-teimww:firstName knoraType="richtext_value">Samuel</p0826-teimww:firstName>
    <p0826-teimww:hasSex knoraType="hlist_value">http://rdfh.ch/lists/0826/PqtLt8o3TKal_hcZMzBB6g</p0826-teimww:hasSex>
    <p0826-teimww:lastName knoraType="richtext_value">Pepys</p0826-teimww:lastName>
  </p0826-teimww:person>
  <p0826-teimww:person id="ww_074785f50aa8a606">
    <knoraXmlImport:label>John Gross</knoraXmlImport:label>
    <p0826-teimww:birthDate knoraType="date_value">GREGORIAN:1935</p0826-teimww:birthDate>
    <p0826-teimww:deathDate knoraType="date_value">GREGORIAN:2011</p0826-teimww:deathDate>
    <p0826-teimww:description knoraType="richtext_value">English scholar and editor</p0826-teimww:description>
    <p0826-teimww:firstName knoraType="richtext_value">John</p0826-teimww:firstName>
    <p0826-teimww:hasSex knoraType="hlist_value">http://rdfh.ch/lists/0826/PqtLt8o3TKal_hcZMzBB6g</p0826-teimww:hasSex>
    <p0826-teimww:lastName knoraType="richtext_value">Gross</p0826-teimww:lastName>
  </p0826-teimww:person>
  <p0826-teimww:person id="ww_7eeba8f5c3297504">
    <knoraXmlImport:label>Robert Clifford Latham</knoraXmlImport:label>
    <p0826-teimww:birthDate knoraType="date_value">GREGORIAN:1912</p0826-teimww:birthDate>
    <p0826-teimww:deathDate knoraType="date_value">GREGORIAN:1995</p0826-teimww:deathDate>
    <p0826-teimww:description knoraType="richtext_value">English librarian and scholar</p0826-teimww:description>
    <p0826-teimww:firstName knoraType="richtext_value">Robert Clifford</p0826-teimww:firstName>
    <p0826-teimww:hasSex knoraType="hlist_value">http://rdfh.ch/lists/0826/PqtLt8o3TKal_hcZMzBB6g</p0826-teimww:hasSex>
    <p0826-teimww:lastName knoraType="richtext_value">Latham</p0826-teimww:lastName>
  </p0826-teimww:person>
  <p0826-teimww:person id="ww_993c302bdd89aa39">
    <knoraXmlImport:label>William Matthews</knoraXmlImport:label>
    <p0826-teimww:activeDate knoraType="date_value">GREGORIAN:1970:1983</p0826-teimww:activeDate>
    <p0826-teimww:description knoraType="richtext_value">British (?) scholar</p0826-teimww:description>
    <p0826-teimww:firstName knoraType="richtext_value">William</p0826-teimww:firstName>
    <p0826-teimww:hasSex knoraType="hlist_value">http://rdfh.ch/lists/0826/PqtLt8o3TKal_hcZMzBB6g</p0826-teimww:hasSex>
    <p0826-teimww:lastName knoraType="richtext_value">Matthews</p0826-teimww:lastName>
  </p0826-teimww:person>
  <p0826-teimww:person id="ww_27b9fb1569806ab3">
    <knoraXmlImport:label>Richard Head</knoraXmlImport:label>
    <p0826-teimww:birthDate knoraType="date_value">GREGORIAN:1637</p0826-teimww:birthDate>
    <p0826-teimww:deathDate knoraType="date_value">GREGORIAN:1686</p0826-teimww:deathDate>
    <p0826-teimww:description knoraType="richtext_value">Irish dramatist and novelist</p0826-teimww:description>
    <p0826-teimww:firstName knoraType="richtext_value">Richard</p0826-teimww:firstName>
    <p0826-teimww:hasSex knoraType="hlist_value">http://rdfh.ch/lists/0826/PqtLt8o3TKal_hcZMzBB6g</p0826-teimww:hasSex>
    <p0826-teimww:lastName knoraType="richtext_value">Head</p0826-teimww:lastName>
  </p0826-teimww:person>
  <p0826-teimww:person id="ww_8e781f3f3e6e8547">
    <knoraXmlImport:label>Charles Dunster</knoraXmlImport:label>
    <p0826-teimww:firstName knoraType="richtext_value">Charles</p0826-teimww:firstName>
    <p0826-teimww:hasSex knoraType="hlist_value">http://rdfh.ch/lists/0826/PqtLt8o3TKal_hcZMzBB6g</p0826-teimww:hasSex>
    <p0826-teimww:lastName knoraType="richtext_value">Dunster</p0826-teimww:lastName>
  </p0826-teimww:person>
  <p0826-teimww:person id="ww_9cebe1a656ceaee9">
    <knoraXmlImport:label>John Norris</knoraXmlImport:label>
    <p0826-teimww:birthDate knoraType="date_value">GREGORIAN:1657</p0826-teimww:birthDate>
    <p0826-teimww:deathDate knoraType="date_value">GREGORIAN:1711</p0826-teimww:deathDate>
    <p0826-teimww:description knoraType="richtext_value">English poet</p0826-teimww:description>
    <p0826-teimww:firstName knoraType="richtext_value">John</p0826-teimww:firstName>
    <p0826-teimww:hasSex knoraType="hlist_value">http://rdfh.ch/lists/0826/PqtLt8o3TKal_hcZMzBB6g</p0826-teimww:hasSex>
    <p0826-teimww:lastName knoraType="richtext_value">Norris</p0826-teimww:lastName>
  </p0826-teimww:person>
  <p0826-teimww:person id="ww_20caee65dfff9798">
    <knoraXmlImport:label>Katherine Dorothea Duncan-Jones</knoraXmlImport:label>
    <p0826-teimww:birthDate knoraType="date_value">GREGORIAN:1941</p0826-teimww:birthDate>
    <p0826-teimww:description knoraType="richtext_value">English scholar</p0826-teimww:description>
    <p0826-teimww:firstName knoraType="richtext_value">Katherine Dorothea</p0826-teimww:firstName>
    <p0826-teimww:hasSex knoraType="hlist_value">http://rdfh.ch/lists/0826/PqtLt8o3TKal_hcZMzBB6g</p0826-teimww:hasSex>
    <p0826-teimww:lastName knoraType="richtext_value">Duncan-Jones</p0826-teimww:lastName>
  </p0826-teimww:person>
  <p0826-teimww:person id="ww_72ab59d77214a6f8">
    <knoraXmlImport:label>Chantal Battilana</knoraXmlImport:label>
    <p0826-teimww:firstName knoraType="richtext_value">Chantal</p0826-teimww:firstName>
    <p0826-teimww:lastName knoraType="richtext_value">Battilana</p0826-teimww:lastName>
  </p0826-teimww:person>
  <p0826-teimww:person id="ww_c4063e9c72a3ffd2">
    <knoraXmlImport:label>Regula Hohl Trillini</knoraXmlImport:label>
    <p0826-teimww:firstName knoraType="richtext_value">Regula</p0826-teimww:firstName>
    <p0826-teimww:lastName knoraType="richtext_value">Hohl Trillini</p0826-teimww:lastName>
  </p0826-teimww:person>
  <p0826-teimww:person id="ww_b05ab3db9fd9054a">
    <knoraXmlImport:label>Christian Gebhard</knoraXmlImport:label>
    <p0826-teimww:firstName knoraType="richtext_value">Christian</p0826-teimww:firstName>
    <p0826-teimww:lastName knoraType="richtext_value">Gebhard</p0826-teimww:lastName>
  </p0826-teimww:person>
  <p0826-teimww:person id="ww_8106744e44c77c96">
    <knoraXmlImport:label>Maria Tranter</knoraXmlImport:label>
    <p0826-teimww:firstName knoraType="richtext_value">Maria</p0826-teimww:firstName>
    <p0826-teimww:lastName knoraType="richtext_value">Tranter</p0826-teimww:lastName>
  </p0826-teimww:person>
  <p0826-teimww:person id="ww_7f35f6802efd910d">
    <knoraXmlImport:label>Stefanie Heeg</knoraXmlImport:label>
    <p0826-teimww:firstName knoraType="richtext_value">Stefanie</p0826-teimww:firstName>
    <p0826-teimww:lastName knoraType="richtext_value">Heeg</p0826-teimww:lastName>
  </p0826-teimww:person>
  <p0826-teimww:person id="ww_b604df587d93b768">
    <knoraXmlImport:label>Elliot Reitzer</knoraXmlImport:label>
    <p0826-teimww:firstName knoraType="richtext_value">Elliot</p0826-teimww:firstName>
    <p0826-teimww:lastName knoraType="richtext_value">Reitzer</p0826-teimww:lastName>
  </p0826-teimww:person>
  <p0826-teimww:person id="ww_6202c1bb6957c9cc">
    <knoraXmlImport:label>Martin Danneck</knoraXmlImport:label>
    <p0826-teimww:firstName knoraType="richtext_value">Martin</p0826-teimww:firstName>
    <p0826-teimww:lastName knoraType="richtext_value">Danneck</p0826-teimww:lastName>
  </p0826-teimww:person>
  <p0826-teimww:person id="ww_b98e7021b3193ae3">
    <knoraXmlImport:label>Stefan Kristmann</knoraXmlImport:label>
    <p0826-teimww:firstName knoraType="richtext_value">Stefan</p0826-teimww:firstName>
    <p0826-teimww:lastName knoraType="richtext_value">Kristmann</p0826-teimww:lastName>
  </p0826-teimww:person>
  <p0826-teimww:person id="ww_5fbb1eab1b30dfee">
    <knoraXmlImport:label>Sixta Quassdorf</knoraXmlImport:label>
    <p0826-teimww:firstName knoraType="richtext_value">Sixta</p0826-teimww:firstName>
    <p0826-teimww:lastName knoraType="richtext_value">Quassdorf</p0826-teimww:lastName>
  </p0826-teimww:person>
  <p0826-teimww:person id="ww_bff7390e4e734f4c">
    <knoraXmlImport:label>Olivia Rottmann</knoraXmlImport:label>
    <p0826-teimww:firstName knoraType="richtext_value">Olivia</p0826-teimww:firstName>
    <p0826-teimww:lastName knoraType="richtext_value">Rottmann</p0826-teimww:lastName>
  </p0826-teimww:person>
  <p0826-teimww:person id="ww_6965a91ff78934d7">
    <knoraXmlImport:label>Rene Wallrodt</knoraXmlImport:label>
    <p0826-teimww:firstName knoraType="richtext_value">Rene</p0826-teimww:firstName>
    <p0826-teimww:lastName knoraType="richtext_value">Wallrodt</p0826-teimww:lastName>
  </p0826-teimww:person>
  <p0826-teimww:person id="ww_d5030ba888f64f29">
    <knoraXmlImport:label>Gustavo Grandi de Souza</knoraXmlImport:label>
    <p0826-teimww:firstName knoraType="richtext_value">Gustavo</p0826-teimww:firstName>
    <p0826-teimww:lastName knoraType="richtext_value">Grandi de Souza</p0826-teimww:lastName>
  </p0826-teimww:person>
  <p0826-teimww:person id="ww_caa8f9e4a628f638">
    <knoraXmlImport:label>Balz Engler B.</knoraXmlImport:label>
    <p0826-teimww:firstName knoraType="richtext_value">Balz</p0826-teimww:firstName>
    <p0826-teimww:lastName knoraType="richtext_value">Engler B.</p0826-teimww:lastName>
  </p0826-teimww:person>
  <p0826-teimww:person id="ww_8456d5c8ea728043">
    <knoraXmlImport:label>Tom Cheesman</knoraXmlImport:label>
    <p0826-teimww:firstName knoraType="richtext_value">Tom</p0826-teimww:firstName>
    <p0826-teimww:lastName knoraType="richtext_value">Cheesman</p0826-teimww:lastName>
  </p0826-teimww:person>
  <p0826-teimww:person id="ww_ad4ed5850132d51e">
    <knoraXmlImport:label>Eftychia Fountoulakis</knoraXmlImport:label>
    <p0826-teimww:firstName knoraType="richtext_value">Eftychia</p0826-teimww:firstName>
    <p0826-teimww:lastName knoraType="richtext_value">Fountoulakis</p0826-teimww:lastName>
  </p0826-teimww:person>
  <p0826-teimww:book id="ww_05a629a7b774cea6">
    <knoraXmlImport:label>Jephthah, Judge </knoraXmlImport:label>
    <p0826-teimww:bookInternalId knoraType="richtext_value">@005578</p0826-teimww:bookInternalId>
    <p0826-teimww:createdDate knoraType="date_value">GREGORIAN:1300:1550</p0826-teimww:createdDate>
    <p0826-teimww:edition knoraType="richtext_value">Reliques of Ancient English Poetry: consisting of Old Heroic Ballads, Songs, and other Pieces of our earlier Poets, (Chiefly of the Lyric kind.) Together with some few of later Date. Second Edition. Ed. Thomas Percy. London: J. Dodsley, 1767.</p0826-teimww:edition>
    <p0826-teimww:hasLanguage knoraType="richtext_value">English</p0826-teimww:hasLanguage>
    <p0826-teimww:isWrittenBy>
      <p0826-teimww:person knoraType="link_value" linkType="ref" target="ww_212c78497ddc32c5"/>
    </p0826-teimww:isWrittenBy>
    <p0826-teimww:publishDate knoraType="date_value">GREGORIAN:1300:1550</p0826-teimww:publishDate>
    <p0826-teimww:title knoraType="richtext_value">Jephthah, Judge of Israel</p0826-teimww:title>
  </p0826-teimww:book>
  <p0826-teimww:book id="ww_afbf7a5ea45be9ae">
    <knoraXmlImport:label>Reliques of Anci</knoraXmlImport:label>
    <p0826-teimww:bookInternalId knoraType="richtext_value">@005196</p0826-teimww:bookInternalId>
    <p0826-teimww:edition knoraType="richtext_value">ed. Reliques of Ancient English Poetry. Consisting of Old Heroic Ballads, Songs, and other Pieces of our earlier Poets, (Chiefly of the Lyric kind.) Together with some few of later Date. Second Edition. London: J. Dodsley, 1767.</p0826-teimww:edition>
    <p0826-teimww:isWrittenBy>
      <p0826-teimww:person knoraType="link_value" linkType="ref" target="ww_cb891a49cd7b3fb7"/>
    </p0826-teimww:isWrittenBy>
    <p0826-teimww:title knoraType="richtext_value">Reliques of Ancient English Poetry</p0826-teimww:title>
  </p0826-teimww:book>
  <p0826-teimww:book id="ww_2b4823c56c35d79a">
    <knoraXmlImport:label>The Murder of Ab</knoraXmlImport:label>
    <p0826-teimww:bookInternalId knoraType="richtext_value">@005201</p0826-teimww:bookInternalId>
    <p0826-teimww:createdDate knoraType="date_value">GREGORIAN:1300:1400</p0826-teimww:createdDate>
    <p0826-teimww:edition knoraType="richtext_value">The Towneley Plays. Eds. Martin Stevens and A.C. Cawley. Early English Text Society. Oxford: Oxford University Press, 1994. Vol. 1, 12–25.</p0826-teimww:edition>
    <p0826-teimww:hasLanguage knoraType="richtext_value">English</p0826-teimww:hasLanguage>
    <p0826-teimww:isWrittenBy>
      <p0826-teimww:person knoraType="link_value" linkType="ref" target="ww_212c78497ddc32c5"/>
    </p0826-teimww:isWrittenBy>
    <p0826-teimww:publishDate knoraType="date_value">GREGORIAN:1300:1400</p0826-teimww:publishDate>
    <p0826-teimww:title knoraType="richtext_value">The Murder of Abel</p0826-teimww:title>
  </p0826-teimww:book>
  <p0826-teimww:book id="ww_0b28ed19a0540e1d">
    <knoraXmlImport:label>Biblical Referen</knoraXmlImport:label>
    <p0826-teimww:bookInternalId knoraType="richtext_value">@010030</p0826-teimww:bookInternalId>
    <p0826-teimww:edition knoraType="richtext_value">Biblical References in Shakespeare's Tragedies. Newark: University of Delaware Press, 1987.</p0826-teimww:edition>
    <p0826-teimww:isWrittenBy>
      <p0826-teimww:person knoraType="link_value" linkType="ref" target="ww_b417c05f2f7d59f9"/>
    </p0826-teimww:isWrittenBy>
    <p0826-teimww:title knoraType="richtext_value">Biblical References in Shakespeares Tragedies</p0826-teimww:title>
  </p0826-teimww:book>
  <p0826-teimww:book id="ww_8978dcdc508955b8">
    <knoraXmlImport:label>The Testament of</knoraXmlImport:label>
    <p0826-teimww:bookInternalId knoraType="richtext_value">@005202</p0826-teimww:bookInternalId>
    <p0826-teimww:createdDate knoraType="date_value">GREGORIAN:1384:1389</p0826-teimww:createdDate>
    <p0826-teimww:edition knoraType="richtext_value">The workes of Geffray Chaucer newlye printed, wyth dyuers workes whych were neuer in print before: as in the table more playnly doth appere. Cum priuilegio ad imprimendum solum. London: Richard Grafton for William Bonham, 1542.</p0826-teimww:edition>
    <p0826-teimww:hasLanguage knoraType="richtext_value">English</p0826-teimww:hasLanguage>
    <p0826-teimww:isWrittenBy>
      <p0826-teimww:person knoraType="link_value" linkType="ref" target="ww_394742d5146e6fd1"/>
    </p0826-teimww:isWrittenBy>
    <p0826-teimww:publishDate knoraType="date_value">GREGORIAN:1384:1389</p0826-teimww:publishDate>
    <p0826-teimww:title knoraType="richtext_value">The Testament of Love</p0826-teimww:title>
  </p0826-teimww:book>
  <p0826-teimww:book id="ww_ca15500e7036f16e">
    <knoraXmlImport:label>Shakespeare and </knoraXmlImport:label>
    <p0826-teimww:bookInternalId knoraType="richtext_value">@010154</p0826-teimww:bookInternalId>
    <p0826-teimww:edition knoraType="richtext_value">Notes and Queries 198 (September 1953): 371-374.</p0826-teimww:edition>
    <p0826-teimww:isWrittenBy>
      <p0826-teimww:person knoraType="link_value" linkType="ref" target="ww_4aad8076b21701ae"/>
    </p0826-teimww:isWrittenBy>
    <p0826-teimww:title knoraType="richtext_value">Shakespeare and Nashe's Pierce Pennilesse II</p0826-teimww:title>
  </p0826-teimww:book>
  <p0826-teimww:book id="ww_91e0dc4c671938fa">
    <knoraXmlImport:label>Quoting Hamlet i</knoraXmlImport:label>
    <p0826-teimww:bookInternalId knoraType="richtext_value">@010005</p0826-teimww:bookInternalId>
    <p0826-teimww:edition knoraType="richtext_value">Modern Philology 105.3 (2008): 510-534.</p0826-teimww:edition>
    <p0826-teimww:isWrittenBy>
      <p0826-teimww:person knoraType="link_value" linkType="ref" target="ww_8448eedbac0df7d9"/>
    </p0826-teimww:isWrittenBy>
    <p0826-teimww:title knoraType="richtext_value">Quoting Hamlet in the Early Seventeenth Century</p0826-teimww:title>
  </p0826-teimww:book>
  <p0826-teimww:book id="ww_32438a1cef3a2781">
    <knoraXmlImport:label>The Canterbury T</knoraXmlImport:label>
    <p0826-teimww:bookInternalId knoraType="richtext_value">@005200</p0826-teimww:bookInternalId>
    <p0826-teimww:createdDate knoraType="date_value">GREGORIAN:1387:1387</p0826-teimww:createdDate>
    <p0826-teimww:edition knoraType="richtext_value">The Riverside Chaucer. Gen. ed. Larry D. Benson. Oxford: Oxford University Press; London: Humphrey Milford, 1933. 3-328.</p0826-teimww:edition>
    <p0826-teimww:hasLanguage knoraType="richtext_value">English</p0826-teimww:hasLanguage>
    <p0826-teimww:isWrittenBy>
      <p0826-teimww:person knoraType="link_value" linkType="ref" target="ww_830c5cd6a3a44ca4"/>
    </p0826-teimww:isWrittenBy>
    <p0826-teimww:publishDate knoraType="date_value">GREGORIAN:1387:1387</p0826-teimww:publishDate>
    <p0826-teimww:title knoraType="richtext_value">The Canterbury Tales</p0826-teimww:title>
  </p0826-teimww:book>
  <p0826-teimww:book id="ww_f0b8d4220bfdd308">
    <knoraXmlImport:label>OED - Oxford Eng</knoraXmlImport:label>
    <p0826-teimww:bookInternalId knoraType="richtext_value">@010077</p0826-teimww:bookInternalId>
    <p0826-teimww:edition knoraType="richtext_value">OED - Oxford English Dictionary. http:/dictionary.oed.com/entrance.dtl.</p0826-teimww:edition>
    <p0826-teimww:isWrittenBy>
      <p0826-teimww:person knoraType="link_value" linkType="ref" target="ww_212c78497ddc32c5"/>
    </p0826-teimww:isWrittenBy>
    <p0826-teimww:title knoraType="richtext_value">OED - Oxford English Dictionary</p0826-teimww:title>
  </p0826-teimww:book>
  <p0826-teimww:book id="ww_b901ceb315466c3f">
    <knoraXmlImport:label>Dives and Pauper</knoraXmlImport:label>
    <p0826-teimww:bookInternalId knoraType="richtext_value">@005203</p0826-teimww:bookInternalId>
    <p0826-teimww:createdDate knoraType="date_value">GREGORIAN:1470:1470</p0826-teimww:createdDate>
    <p0826-teimww:edition knoraType="richtext_value">Diues and pauper. London: Wynkyn de worde, 1496.</p0826-teimww:edition>
    <p0826-teimww:hasLanguage knoraType="richtext_value">English</p0826-teimww:hasLanguage>
    <p0826-teimww:isWrittenBy>
      <p0826-teimww:person knoraType="link_value" linkType="ref" target="ww_13695de2bd4043e0"/>
    </p0826-teimww:isWrittenBy>
    <p0826-teimww:publishDate knoraType="date_value">GREGORIAN:1470:1470</p0826-teimww:publishDate>
    <p0826-teimww:title knoraType="richtext_value">Dives and Pauper</p0826-teimww:title>
  </p0826-teimww:book>
  <p0826-teimww:book id="ww_fb9509be352bd917">
    <knoraXmlImport:label>EEBO - Early Eng</knoraXmlImport:label>
    <p0826-teimww:bookInternalId knoraType="richtext_value">@010048</p0826-teimww:bookInternalId>
    <p0826-teimww:edition knoraType="richtext_value">EEBO - Early English Books Online. https://eebo.chadwyck.com/home. 1999. </p0826-teimww:edition>
    <p0826-teimww:isWrittenBy>
      <p0826-teimww:person knoraType="link_value" linkType="ref" target="ww_212c78497ddc32c5"/>
    </p0826-teimww:isWrittenBy>
    <p0826-teimww:title knoraType="richtext_value">EEBO - Early English Books Online</p0826-teimww:title>
  </p0826-teimww:book>
  <p0826-teimww:book id="ww_873e4d980083d886">
    <knoraXmlImport:label>The Aged Lover R</knoraXmlImport:label>
    <p0826-teimww:bookInternalId knoraType="richtext_value">@005657</p0826-teimww:bookInternalId>
    <p0826-teimww:createdDate knoraType="date_value">GREGORIAN:1557:1557</p0826-teimww:createdDate>
    <p0826-teimww:edition knoraType="richtext_value">Songes and Sonettes. London: Henry Tottel, 1557. A Scolar Press Facsimile. Leeds: Scolar Press, 1966.</p0826-teimww:edition>
    <p0826-teimww:hasLanguage knoraType="richtext_value">English</p0826-teimww:hasLanguage>
    <p0826-teimww:isWrittenBy>
      <p0826-teimww:person knoraType="link_value" linkType="ref" target="ww_bff81a320b8342f4"/>
    </p0826-teimww:isWrittenBy>
    <p0826-teimww:publishDate knoraType="date_value">GREGORIAN:1557:1557</p0826-teimww:publishDate>
    <p0826-teimww:title knoraType="richtext_value">The Aged Lover Renounceth Love</p0826-teimww:title>
  </p0826-teimww:book>
  <p0826-teimww:book id="ww_359edd0d37d00410">
    <knoraXmlImport:label>The Language of </knoraXmlImport:label>
    <p0826-teimww:bookInternalId knoraType="richtext_value">@010028</p0826-teimww:bookInternalId>
    <p0826-teimww:edition knoraType="richtext_value">The Language of Sir Walter Scott: A Study of His Scottish and Period Language. London: Andre Deutsch, 1980.</p0826-teimww:edition>
    <p0826-teimww:isWrittenBy>
      <p0826-teimww:person knoraType="link_value" linkType="ref" target="ww_09f98d06c0bf228a"/>
    </p0826-teimww:isWrittenBy>
    <p0826-teimww:title knoraType="richtext_value">The Language of Sir Walter Scott</p0826-teimww:title>
  </p0826-teimww:book>
  <p0826-teimww:book id="ww_b3931845d54b98d5">
    <knoraXmlImport:label>Hamlet (Hibbard </knoraXmlImport:label>
    <p0826-teimww:bookInternalId knoraType="richtext_value">@010082</p0826-teimww:bookInternalId>
    <p0826-teimww:edition knoraType="richtext_value">ed. William Shakespeare. Hamlet. The Oxford Shakespeare. Oxforad and New York: Oxford University Press, 1994.</p0826-teimww:edition>
    <p0826-teimww:isWrittenBy>
      <p0826-teimww:person knoraType="link_value" linkType="ref" target="ww_59ff380c6e105e8e"/>
    </p0826-teimww:isWrittenBy>
    <p0826-teimww:title knoraType="richtext_value">Hamlet (Hibbard edition)</p0826-teimww:title>
  </p0826-teimww:book>
  <p0826-teimww:book id="ww_0dd5e309103973fb">
    <knoraXmlImport:label>Shakespeares Boo</knoraXmlImport:label>
    <p0826-teimww:bookInternalId knoraType="richtext_value">@010151</p0826-teimww:bookInternalId>
    <p0826-teimww:edition knoraType="richtext_value">Shakespeare's Books. A Dissertation on Shakespeare's Reading and the Immediate Sources of his Words. Berlin: Georg Reimer, 1904.</p0826-teimww:edition>
    <p0826-teimww:isWrittenBy>
      <p0826-teimww:person knoraType="link_value" linkType="ref" target="ww_6c137d4b04e9cbc4"/>
    </p0826-teimww:isWrittenBy>
    <p0826-teimww:title knoraType="richtext_value">Shakespeares Books</p0826-teimww:title>
  </p0826-teimww:book>
  <p0826-teimww:book id="ww_6f8bba60983f33d9">
    <knoraXmlImport:label>A Survey of Burl</knoraXmlImport:label>
    <p0826-teimww:bookInternalId knoraType="richtext_value">@010026</p0826-teimww:bookInternalId>
    <p0826-teimww:edition knoraType="richtext_value">A Survey of Burlesques and Parody in English. Edinburgh: Oliver and Boyd, 1931.</p0826-teimww:edition>
    <p0826-teimww:isWrittenBy>
      <p0826-teimww:person knoraType="link_value" linkType="ref" target="ww_e6402f521ef2ee6e"/>
    </p0826-teimww:isWrittenBy>
    <p0826-teimww:title knoraType="richtext_value">A Survey of Burlesques and Parody in English</p0826-teimww:title>
  </p0826-teimww:book>
  <p0826-teimww:book id="ww_b93e86ee915469ae">
    <knoraXmlImport:label>The Palace of Pl</knoraXmlImport:label>
    <p0826-teimww:bookInternalId knoraType="richtext_value">@005660</p0826-teimww:bookInternalId>
    <p0826-teimww:createdDate knoraType="date_value">GREGORIAN:1567:1567</p0826-teimww:createdDate>
    <p0826-teimww:edition knoraType="richtext_value">The second Tome of the Palace of Pleasure, conteyning store of goodly Histories, Tragicall matters, and other Morall argument, very requisite for delighte and profit. Chosen and selected out of diuers good and commendable Authors. London: Henry Bynneman, 1567.</p0826-teimww:edition>
    <p0826-teimww:hasLanguage knoraType="richtext_value">English</p0826-teimww:hasLanguage>
    <p0826-teimww:isWrittenBy>
      <p0826-teimww:person knoraType="link_value" linkType="ref" target="ww_42eb905bc6e4053a"/>
    </p0826-teimww:isWrittenBy>
    <p0826-teimww:publishDate knoraType="date_value">GREGORIAN:1567:1567</p0826-teimww:publishDate>
    <p0826-teimww:title knoraType="richtext_value">The Palace of Pleasure 2</p0826-teimww:title>
  </p0826-teimww:book>
  <p0826-teimww:book id="ww_7589cfaa41b21699">
    <knoraXmlImport:label>Biblical Referen</knoraXmlImport:label>
    <p0826-teimww:bookInternalId knoraType="richtext_value">@010020</p0826-teimww:bookInternalId>
    <p0826-teimww:edition knoraType="richtext_value">Biblical References in Shakespeare's Plays. Newark: University of Delaware Press, 1999.</p0826-teimww:edition>
    <p0826-teimww:isWrittenBy>
      <p0826-teimww:person knoraType="link_value" linkType="ref" target="ww_b417c05f2f7d59f9"/>
    </p0826-teimww:isWrittenBy>
    <p0826-teimww:title knoraType="richtext_value">Biblical References in Shakespeares Plays</p0826-teimww:title>
  </p0826-teimww:book>
  <p0826-teimww:book id="ww_b19b575dfa6c41b9">
    <knoraXmlImport:label>A Treatise of Mo</knoraXmlImport:label>
    <p0826-teimww:bookInternalId knoraType="richtext_value">@005661</p0826-teimww:bookInternalId>
    <p0826-teimww:createdDate knoraType="date_value">GREGORIAN:1567:1567</p0826-teimww:createdDate>
    <p0826-teimww:edition knoraType="richtext_value">A treatice of moral philosophy contaynynge the sayinges of the wise, wherin you may se the woorthy and pithy sayings of philosophers, emperors, kynges, and oratours [...]. First gathered [and] set forth by Wylliam Baudwin, and nowe once againe augmented, [and] ye third tyme enlarged by Thomas Paulfreyman, one of the gentlemen of the Queenes maiesties chappell [...]. London: Richard Tottyll, 1571.</p0826-teimww:edition>
    <p0826-teimww:hasLanguage knoraType="richtext_value">English</p0826-teimww:hasLanguage>
    <p0826-teimww:isWrittenBy>
      <p0826-teimww:person knoraType="link_value" linkType="ref" target="ww_17923856f3fcac86"/>
    </p0826-teimww:isWrittenBy>
    <p0826-teimww:publishDate knoraType="date_value">GREGORIAN:1567:1567</p0826-teimww:publishDate>
    <p0826-teimww:title knoraType="richtext_value">A Treatise of Moral Philosophy</p0826-teimww:title>
  </p0826-teimww:book>
  <p0826-teimww:book id="ww_160b060adc5c12bf">
    <knoraXmlImport:label>Shakesperes Smal</knoraXmlImport:label>
    <p0826-teimww:bookInternalId knoraType="richtext_value">@010152</p0826-teimww:bookInternalId>
    <p0826-teimww:edition knoraType="richtext_value">William Shakspere's Small Latine and Lesse Greeke. 2 vols. Urbana: University of Illinois Press, 1944.</p0826-teimww:edition>
    <p0826-teimww:isWrittenBy>
      <p0826-teimww:person knoraType="link_value" linkType="ref" target="ww_00a3ea8b5afeaa37"/>
    </p0826-teimww:isWrittenBy>
    <p0826-teimww:title knoraType="richtext_value">Shakesperes Small Latine</p0826-teimww:title>
  </p0826-teimww:book>
  <p0826-teimww:book id="ww_9256f2880070a870">
    <knoraXmlImport:label>The Elements of </knoraXmlImport:label>
    <p0826-teimww:bookInternalId knoraType="richtext_value">@005642</p0826-teimww:bookInternalId>
    <p0826-teimww:createdDate knoraType="date_value">GREGORIAN:1570:1570</p0826-teimww:createdDate>
    <p0826-teimww:edition knoraType="richtext_value">Euclid. The elements of geometrie of the most auncient philosopher Euclide of Megara. Faithfully (now first) translated into the Englishe toung, by H. Billingsley, citizen of London. Whereunto are annexed certaine scholies, annotations, and inuentions, of the best mathematiciens, both of time past, and in this our age [...]. London: John Day, 1570.</p0826-teimww:edition>
    <p0826-teimww:hasLanguage knoraType="richtext_value">English</p0826-teimww:hasLanguage>
    <p0826-teimww:isWrittenBy>
      <p0826-teimww:person knoraType="link_value" linkType="ref" target="ww_4d46ba6d44081aae"/>
    </p0826-teimww:isWrittenBy>
    <p0826-teimww:publishDate knoraType="date_value">GREGORIAN:1570:1570</p0826-teimww:publishDate>
    <p0826-teimww:title knoraType="richtext_value">The Elements of Geometry of Euclid</p0826-teimww:title>
  </p0826-teimww:book>
  <p0826-teimww:book id="ww_ce689c96abf273eb">
    <knoraXmlImport:label>The Pattern of P</knoraXmlImport:label>
    <p0826-teimww:bookInternalId knoraType="richtext_value">@005643</p0826-teimww:bookInternalId>
    <p0826-teimww:createdDate knoraType="date_value">GREGORIAN:1570:1579</p0826-teimww:createdDate>
    <p0826-teimww:edition knoraType="richtext_value">The patterne of painefull aduentures: containing the most excellent, pleasant and variable historie of the strange accidents that befell vnto Prince Apollonius, the Lady Lucina his wife, and Tharsia his daughter. Wherein the vncertaintie of this world, and the fickle state of mans life are liuely described. Gathered into English by Laurence Tvvine gentleman. London: Valentine Simmes for E.N., 1594.</p0826-teimww:edition>
    <p0826-teimww:hasLanguage knoraType="richtext_value">English</p0826-teimww:hasLanguage>
    <p0826-teimww:isWrittenBy>
      <p0826-teimww:person knoraType="link_value" linkType="ref" target="ww_93393d7338f8a258"/>
    </p0826-teimww:isWrittenBy>
    <p0826-teimww:isWrittenBy>
      <p0826-teimww:person knoraType="link_value" linkType="ref" target="ww_a5663d4a9069f35d"/>
    </p0826-teimww:isWrittenBy>
    <p0826-teimww:publishDate knoraType="date_value">GREGORIAN:1570:1579</p0826-teimww:publishDate>
    <p0826-teimww:title knoraType="richtext_value">The Pattern of Painful Adventures</p0826-teimww:title>
  </p0826-teimww:book>
  <p0826-teimww:book id="ww_3e15ab6c612eadae">
    <knoraXmlImport:label>LION - Literatur</knoraXmlImport:label>
    <p0826-teimww:bookInternalId knoraType="richtext_value">@010001</p0826-teimww:bookInternalId>
    <p0826-teimww:edition knoraType="richtext_value">LION - Literature Online. http://lion.chadwyck.com.</p0826-teimww:edition>
    <p0826-teimww:isWrittenBy>
      <p0826-teimww:person knoraType="link_value" linkType="ref" target="ww_212c78497ddc32c5"/>
    </p0826-teimww:isWrittenBy>
    <p0826-teimww:title knoraType="richtext_value">LION - Literature Online</p0826-teimww:title>
  </p0826-teimww:book>
  <p0826-teimww:book id="ww_9e5c2e9be2d59c76">
    <knoraXmlImport:label>Homily on the St</knoraXmlImport:label>
    <p0826-teimww:bookInternalId knoraType="richtext_value">@005017</p0826-teimww:bookInternalId>
    <p0826-teimww:createdDate knoraType="date_value">GREGORIAN:1571:1571</p0826-teimww:createdDate>
    <p0826-teimww:edition knoraType="richtext_value">500-515.</p0826-teimww:edition>
    <p0826-teimww:hasLanguage knoraType="richtext_value">English</p0826-teimww:hasLanguage>
    <p0826-teimww:isWrittenBy>
      <p0826-teimww:person knoraType="link_value" linkType="ref" target="ww_20c2963f1665d325"/>
    </p0826-teimww:isWrittenBy>
    <p0826-teimww:publishDate knoraType="date_value">GREGORIAN:1571:1571</p0826-teimww:publishDate>
    <p0826-teimww:title knoraType="richtext_value">Homily on the State of Matrimony</p0826-teimww:title>
  </p0826-teimww:book>
  <p0826-teimww:book id="ww_450c8e303d46eae2">
    <knoraXmlImport:label>Hamlet and the H</knoraXmlImport:label>
    <p0826-teimww:bookInternalId knoraType="richtext_value">@010064</p0826-teimww:bookInternalId>
    <p0826-teimww:edition knoraType="richtext_value">Shakespeare Quarterly 26.3 (Summer 1975): 299-301.</p0826-teimww:edition>
    <p0826-teimww:isWrittenBy>
      <p0826-teimww:person knoraType="link_value" linkType="ref" target="ww_1560a0ef495e2c1a"/>
    </p0826-teimww:isWrittenBy>
    <p0826-teimww:title knoraType="richtext_value">Hamlet and the Homilies</p0826-teimww:title>
  </p0826-teimww:book>
  <p0826-teimww:book id="ww_bc8ea264d57ced70">
    <knoraXmlImport:label>An Answer to a C</knoraXmlImport:label>
    <p0826-teimww:bookInternalId knoraType="richtext_value">@005644</p0826-teimww:bookInternalId>
    <p0826-teimww:createdDate knoraType="date_value">GREGORIAN:1572:1573</p0826-teimww:createdDate>
    <p0826-teimww:edition knoraType="richtext_value">An ansvvere to a certen Libel intituled, An Admonition to the Parliament. 1572-1573.</p0826-teimww:edition>
    <p0826-teimww:hasLanguage knoraType="richtext_value">English</p0826-teimww:hasLanguage>
    <p0826-teimww:isWrittenBy>
      <p0826-teimww:person knoraType="link_value" linkType="ref" target="ww_8110581a51ac8d0a"/>
    </p0826-teimww:isWrittenBy>
    <p0826-teimww:publishDate knoraType="date_value">GREGORIAN:1572:1573</p0826-teimww:publishDate>
    <p0826-teimww:title knoraType="richtext_value">An Answer to a Certain Libel</p0826-teimww:title>
  </p0826-teimww:book>
  <p0826-teimww:book id="ww_b908dc610f9089ff">
    <knoraXmlImport:label>The Art of Reaso</knoraXmlImport:label>
    <p0826-teimww:bookInternalId knoraType="richtext_value">@005645</p0826-teimww:bookInternalId>
    <p0826-teimww:createdDate knoraType="date_value">GREGORIAN:1573:1573</p0826-teimww:createdDate>
    <p0826-teimww:edition knoraType="richtext_value">The arte of reason, rightly termed, witcraft teaching a perfect way to argue and dispute. Made by Raphe Leuer. Seene and allowed according to the order appointed in the Queenes Maiesties iniunctions. London: H. Bynneman, 1573.</p0826-teimww:edition>
    <p0826-teimww:hasLanguage knoraType="richtext_value">English</p0826-teimww:hasLanguage>
    <p0826-teimww:isWrittenBy>
      <p0826-teimww:person knoraType="link_value" linkType="ref" target="ww_0e82de631d672dcc"/>
    </p0826-teimww:isWrittenBy>
    <p0826-teimww:publishDate knoraType="date_value">GREGORIAN:1573:1573</p0826-teimww:publishDate>
    <p0826-teimww:title knoraType="richtext_value">The Art of Reason</p0826-teimww:title>
  </p0826-teimww:book>
  <p0826-teimww:book id="ww_0de19bd63a1c9142">
    <knoraXmlImport:label>Against Thinking</knoraXmlImport:label>
    <p0826-teimww:bookInternalId knoraType="richtext_value">@010079</p0826-teimww:bookInternalId>
    <p0826-teimww:edition knoraType="richtext_value">PMLA 122.5 (2007):1580-1587.</p0826-teimww:edition>
    <p0826-teimww:isWrittenBy>
      <p0826-teimww:person knoraType="link_value" linkType="ref" target="ww_196b962a617afbbd"/>
    </p0826-teimww:isWrittenBy>
    <p0826-teimww:title knoraType="richtext_value">Against Thinking</p0826-teimww:title>
  </p0826-teimww:book>
  <p0826-teimww:book id="ww_cf2c475414853bfd">
    <knoraXmlImport:label>A Philosophical </knoraXmlImport:label>
    <p0826-teimww:bookInternalId knoraType="richtext_value">@005649</p0826-teimww:bookInternalId>
    <p0826-teimww:createdDate knoraType="date_value">GREGORIAN:1576:1576</p0826-teimww:createdDate>
    <p0826-teimww:edition knoraType="richtext_value">A Philosophicall Discourse [...]. London: Andrew Maunsell, 1576.</p0826-teimww:edition>
    <p0826-teimww:hasLanguage knoraType="richtext_value">English</p0826-teimww:hasLanguage>
    <p0826-teimww:isWrittenBy>
      <p0826-teimww:person knoraType="link_value" linkType="ref" target="ww_9ffeb7ca95cd18da"/>
    </p0826-teimww:isWrittenBy>
    <p0826-teimww:publishDate knoraType="date_value">GREGORIAN:1576:1576</p0826-teimww:publishDate>
    <p0826-teimww:title knoraType="richtext_value">A Philosophical Discourse</p0826-teimww:title>
  </p0826-teimww:book>
  <p0826-teimww:book id="ww_7e5197c760c02e13">
    <knoraXmlImport:label>A Gorgeous Galle</knoraXmlImport:label>
    <p0826-teimww:bookInternalId knoraType="richtext_value">@005650</p0826-teimww:bookInternalId>
    <p0826-teimww:createdDate knoraType="date_value">GREGORIAN:1578:1578</p0826-teimww:createdDate>
    <p0826-teimww:edition knoraType="richtext_value">A gorgious gallery, of gallant inuentions. Garnished and decked with diuers dayntie deuises, right delicate and delightfull, to recreate eche modest minde withall. First framed and fashioned in sundrie formes, by diuers worthy workemen of late dayes: and now, ioyned together and builded vp [...]. London: Richard Jones, 1578.</p0826-teimww:edition>
    <p0826-teimww:hasLanguage knoraType="richtext_value">English</p0826-teimww:hasLanguage>
    <p0826-teimww:isWrittenBy>
      <p0826-teimww:person knoraType="link_value" linkType="ref" target="ww_61ea5c613f71ac23"/>
    </p0826-teimww:isWrittenBy>
    <p0826-teimww:publishDate knoraType="date_value">GREGORIAN:1578:1578</p0826-teimww:publishDate>
    <p0826-teimww:title knoraType="richtext_value">A Gorgeous Gallery of Gallant Inventions</p0826-teimww:title>
  </p0826-teimww:book>
  <p0826-teimww:book id="ww_92a01c485433bee0">
    <knoraXmlImport:label>Christian Prayer</knoraXmlImport:label>
    <p0826-teimww:bookInternalId knoraType="richtext_value">@005651</p0826-teimww:bookInternalId>
    <p0826-teimww:createdDate knoraType="date_value">GREGORIAN:1578:1578</p0826-teimww:createdDate>
    <p0826-teimww:edition knoraType="richtext_value">Christian Praiers and Holie Meditations. London: Henry Middleton, 1578.</p0826-teimww:edition>
    <p0826-teimww:hasLanguage knoraType="richtext_value">English</p0826-teimww:hasLanguage>
    <p0826-teimww:isWrittenBy>
      <p0826-teimww:person knoraType="link_value" linkType="ref" target="ww_4b2c2c667ace067b"/>
    </p0826-teimww:isWrittenBy>
    <p0826-teimww:publishDate knoraType="date_value">GREGORIAN:1578:1578</p0826-teimww:publishDate>
    <p0826-teimww:title knoraType="richtext_value">Christian Prayers and Holy Meditations</p0826-teimww:title>
  </p0826-teimww:book>
  <p0826-teimww:book id="ww_215bf6a3075a440e">
    <knoraXmlImport:label>The Tragical His</knoraXmlImport:label>
    <p0826-teimww:bookInternalId knoraType="richtext_value">@000810</p0826-teimww:bookInternalId>
    <p0826-teimww:createdDate knoraType="date_value">GREGORIAN:1588:1588</p0826-teimww:createdDate>
    <p0826-teimww:edition knoraType="richtext_value">The Complete Plays. Ed. J. B. Steane. London: Penguin 1986. 259-339. </p0826-teimww:edition>
    <p0826-teimww:hasLanguage knoraType="richtext_value">English</p0826-teimww:hasLanguage>
    <p0826-teimww:isWrittenBy>
      <p0826-teimww:person knoraType="link_value" linkType="ref" target="ww_63d5fe36ffac5d32"/>
    </p0826-teimww:isWrittenBy>
    <p0826-teimww:publishDate knoraType="date_value">GREGORIAN:1588:1588</p0826-teimww:publishDate>
    <p0826-teimww:title knoraType="richtext_value">The Tragical History of Doctor Faustus</p0826-teimww:title>
  </p0826-teimww:book>
  <p0826-teimww:book id="ww_97955539c83b9cc3">
    <knoraXmlImport:label>The Marlowe-Shp </knoraXmlImport:label>
    <p0826-teimww:bookInternalId knoraType="richtext_value">@010029</p0826-teimww:bookInternalId>
    <p0826-teimww:edition knoraType="richtext_value">The Marlowe-Shakespeare Continuum: Christopher Marlowe, Thomas Nashe, and Authorship of Early Shakespeare and Anonymous Plays. Newcastle, 2013.</p0826-teimww:edition>
    <p0826-teimww:isWrittenBy>
      <p0826-teimww:person knoraType="link_value" linkType="ref" target="ww_d2baadbb11f92d24"/>
    </p0826-teimww:isWrittenBy>
    <p0826-teimww:title knoraType="richtext_value">The Marlowe-Shp Continuum</p0826-teimww:title>
  </p0826-teimww:book>
  <p0826-teimww:book id="ww_0062af28cf1872e1">
    <knoraXmlImport:label>The Battle of Al</knoraXmlImport:label>
    <p0826-teimww:bookInternalId knoraType="richtext_value">@000811</p0826-teimww:bookInternalId>
    <p0826-teimww:createdDate knoraType="date_value">GREGORIAN:1588:1588</p0826-teimww:createdDate>
    <p0826-teimww:edition knoraType="richtext_value">The Battell Of Alcazar. London: Edwarde Allde for Richard Bankworth, 1594.</p0826-teimww:edition>
    <p0826-teimww:hasLanguage knoraType="richtext_value">English</p0826-teimww:hasLanguage>
    <p0826-teimww:isWrittenBy>
      <p0826-teimww:person knoraType="link_value" linkType="ref" target="ww_7468c79b15d734b3"/>
    </p0826-teimww:isWrittenBy>
    <p0826-teimww:publishDate knoraType="date_value">GREGORIAN:1588:1588</p0826-teimww:publishDate>
    <p0826-teimww:title knoraType="richtext_value">The Battle of Alcazar</p0826-teimww:title>
  </p0826-teimww:book>
  <p0826-teimww:book id="ww_1b231152ba6c63ce">
    <knoraXmlImport:label>The Stukeley pla</knoraXmlImport:label>
    <p0826-teimww:bookInternalId knoraType="richtext_value">@010158</p0826-teimww:bookInternalId>
    <p0826-teimww:edition knoraType="richtext_value">ed. The Stukeley Plays. The Battle of Alcazar by George Peele, The Famous History of the Life and Death of Captain Stukeley. Manchester: Manchester University Press 2005.</p0826-teimww:edition>
    <p0826-teimww:isWrittenBy>
      <p0826-teimww:person knoraType="link_value" linkType="ref" target="ww_904a3011a92fb67c"/>
    </p0826-teimww:isWrittenBy>
    <p0826-teimww:title knoraType="richtext_value">The Stukeley plays</p0826-teimww:title>
  </p0826-teimww:book>
  <p0826-teimww:book id="ww_0351e98cd25a1522">
    <knoraXmlImport:label>The Troublesome </knoraXmlImport:label>
    <p0826-teimww:bookInternalId knoraType="richtext_value">@000824</p0826-teimww:bookInternalId>
    <p0826-teimww:createdDate knoraType="date_value">GREGORIAN:1589:1589</p0826-teimww:createdDate>
    <p0826-teimww:edition knoraType="richtext_value">The Troublesome Raigne of Iohn King of England, with the discouerie of King Richard Cordelions Base sonne (vulgarly named, The Bastard Fawconbridge): also the death of King Iohn at Swinstead Abbey. As it was (sundry times) publikely acted by the Queenes Maiesties Players, in the honourable Citie of London. London: Sampson Clarke, 1591.</p0826-teimww:edition>
    <p0826-teimww:hasLanguage knoraType="richtext_value">English</p0826-teimww:hasLanguage>
    <p0826-teimww:isWrittenBy>
      <p0826-teimww:person knoraType="link_value" linkType="ref" target="ww_7468c79b15d734b3"/>
    </p0826-teimww:isWrittenBy>
    <p0826-teimww:publishDate knoraType="date_value">GREGORIAN:1589:1589</p0826-teimww:publishDate>
    <p0826-teimww:title knoraType="richtext_value">The Troublesome Reign of King John</p0826-teimww:title>
  </p0826-teimww:book>
  <p0826-teimww:book id="ww_de6299bae9b985ee">
    <knoraXmlImport:label>Gleichnisse und </knoraXmlImport:label>
    <p0826-teimww:bookInternalId knoraType="richtext_value">@010051</p0826-teimww:bookInternalId>
    <p0826-teimww:edition knoraType="richtext_value">Gleichnisse und Metaphern in Shakespeare's Dramen und in seinen Quellenschriften. PhD. Strassburg: Elsass-Lothringische Druckerei, 1908. </p0826-teimww:edition>
    <p0826-teimww:isWrittenBy>
      <p0826-teimww:person knoraType="link_value" linkType="ref" target="ww_4a2611f5113afb89"/>
    </p0826-teimww:isWrittenBy>
    <p0826-teimww:title knoraType="richtext_value">Gleichnisse und Metaphern in Shps Dramen</p0826-teimww:title>
  </p0826-teimww:book>
  <p0826-teimww:book id="ww_e9169de357d0ad33">
    <knoraXmlImport:label>King Leir, or Ki</knoraXmlImport:label>
    <p0826-teimww:bookInternalId knoraType="richtext_value">@000838</p0826-teimww:bookInternalId>
    <p0826-teimww:createdDate knoraType="date_value">GREGORIAN:1589:1589</p0826-teimww:createdDate>
    <p0826-teimww:edition knoraType="richtext_value">The True Chronicle History of King Leir, and his three daughters, Gonorill, Ragan, and Cordella. As it hath bene diuers and sundry times lately acted. London: Simon Stafford for Iohn Wright, 1605.</p0826-teimww:edition>
    <p0826-teimww:hasLanguage knoraType="richtext_value">English</p0826-teimww:hasLanguage>
    <p0826-teimww:isWrittenBy>
      <p0826-teimww:person knoraType="link_value" linkType="ref" target="ww_212c78497ddc32c5"/>
    </p0826-teimww:isWrittenBy>
    <p0826-teimww:publishDate knoraType="date_value">GREGORIAN:1589:1589</p0826-teimww:publishDate>
    <p0826-teimww:title knoraType="richtext_value">King Leir, or King Lear and His Three Daughters</p0826-teimww:title>
  </p0826-teimww:book>
  <p0826-teimww:book id="ww_8dce43c17b4fa85b">
    <knoraXmlImport:label>The True Tragedy</knoraXmlImport:label>
    <p0826-teimww:bookInternalId knoraType="richtext_value">@000839</p0826-teimww:bookInternalId>
    <p0826-teimww:createdDate knoraType="date_value">GREGORIAN:1589:1589</p0826-teimww:createdDate>
    <p0826-teimww:edition knoraType="richtext_value">The True Tragedie of Richard the third. Wherein is showne the death of Edward the fourth, with the smothering of the two yoong Princes in the Tower: With a lamentable ende of Shores wife, an example for all wicked women. And lastly, the coniunction and ioyning of the two noble Houses, Lancaster and Yorke. As it was played by the Queenes Maiesties Players. London: Thomas Creede for William Barley, 1594.</p0826-teimww:edition>
    <p0826-teimww:hasLanguage knoraType="richtext_value">English</p0826-teimww:hasLanguage>
    <p0826-teimww:isWrittenBy>
      <p0826-teimww:person knoraType="link_value" linkType="ref" target="ww_212c78497ddc32c5"/>
    </p0826-teimww:isWrittenBy>
    <p0826-teimww:publishDate knoraType="date_value">GREGORIAN:1589:1589</p0826-teimww:publishDate>
    <p0826-teimww:title knoraType="richtext_value">The True Tragedy of Richard III</p0826-teimww:title>
  </p0826-teimww:book>
  <p0826-teimww:book id="ww_4e5c1c1959818562">
    <knoraXmlImport:label>The Jew of Malta</knoraXmlImport:label>
    <p0826-teimww:bookInternalId knoraType="richtext_value">@000828</p0826-teimww:bookInternalId>
    <p0826-teimww:createdDate knoraType="date_value">GREGORIAN:1589:1589</p0826-teimww:createdDate>
    <p0826-teimww:edition knoraType="richtext_value">The Complete Plays. Ed. J. B. Steane. London: Penguin 1986. 341-430.</p0826-teimww:edition>
    <p0826-teimww:hasLanguage knoraType="richtext_value">English</p0826-teimww:hasLanguage>
    <p0826-teimww:isWrittenBy>
      <p0826-teimww:person knoraType="link_value" linkType="ref" target="ww_63d5fe36ffac5d32"/>
    </p0826-teimww:isWrittenBy>
    <p0826-teimww:publishDate knoraType="date_value">GREGORIAN:1589:1589</p0826-teimww:publishDate>
    <p0826-teimww:title knoraType="richtext_value">The Jew of Malta</p0826-teimww:title>
  </p0826-teimww:book>
  <p0826-teimww:book id="ww_5eeeb3e78e8b0bc3">
    <knoraXmlImport:label>The Atheists Tra</knoraXmlImport:label>
    <p0826-teimww:bookInternalId knoraType="richtext_value">@010002</p0826-teimww:bookInternalId>
    <p0826-teimww:edition knoraType="richtext_value">ed. Cyril Tourneur. The Atheist's Tragedy, or The Honest Man's Revenge. London: The Broadwater Press, 1964.</p0826-teimww:edition>
    <p0826-teimww:isWrittenBy>
      <p0826-teimww:person knoraType="link_value" linkType="ref" target="ww_66491a37dd339103"/>
    </p0826-teimww:isWrittenBy>
    <p0826-teimww:title knoraType="richtext_value">The Atheists Tragedy (Ribner edition)</p0826-teimww:title>
  </p0826-teimww:book>
  <p0826-teimww:book id="ww_fe42526a34d40cd9">
    <knoraXmlImport:label>Arden of Faversh</knoraXmlImport:label>
    <p0826-teimww:bookInternalId knoraType="richtext_value">@000846</p0826-teimww:bookInternalId>
    <p0826-teimww:createdDate knoraType="date_value">GREGORIAN:1590:1590</p0826-teimww:createdDate>
    <p0826-teimww:edition knoraType="richtext_value">English Renaissance Drama: A Norton Anthology. Gen. ed. David Bevington. New York and London: W. W. Norton, 2002. 427-481.</p0826-teimww:edition>
    <p0826-teimww:hasLanguage knoraType="richtext_value">English</p0826-teimww:hasLanguage>
    <p0826-teimww:isWrittenBy>
      <p0826-teimww:person knoraType="link_value" linkType="ref" target="ww_212c78497ddc32c5"/>
    </p0826-teimww:isWrittenBy>
    <p0826-teimww:publishDate knoraType="date_value">GREGORIAN:1590:1590</p0826-teimww:publishDate>
    <p0826-teimww:title knoraType="richtext_value">Arden of Faversham</p0826-teimww:title>
  </p0826-teimww:book>
  <p0826-teimww:book id="ww_a3cda7e114a57aa4">
    <knoraXmlImport:label>Edward II (Charl</knoraXmlImport:label>
    <p0826-teimww:bookInternalId knoraType="richtext_value">@010017</p0826-teimww:bookInternalId>
    <p0826-teimww:edition knoraType="richtext_value">eds. Edward II by Christopher Marlowe. London: Methuen, 1933.</p0826-teimww:edition>
    <p0826-teimww:isWrittenBy>
      <p0826-teimww:person knoraType="link_value" linkType="ref" target="ww_30995ab4792b9a3f"/>
    </p0826-teimww:isWrittenBy>
    <p0826-teimww:isWrittenBy>
      <p0826-teimww:person knoraType="link_value" linkType="ref" target="ww_40af4fdaa8bf7a1d"/>
    </p0826-teimww:isWrittenBy>
    <p0826-teimww:title knoraType="richtext_value">Edward II (Charlton edition)</p0826-teimww:title>
  </p0826-teimww:book>
  <p0826-teimww:book id="ww_83f1a0a692d63180">
    <knoraXmlImport:label>The Faerie Queen</knoraXmlImport:label>
    <p0826-teimww:bookInternalId knoraType="richtext_value">@005010</p0826-teimww:bookInternalId>
    <p0826-teimww:createdDate knoraType="date_value">GREGORIAN:1590:1590</p0826-teimww:createdDate>
    <p0826-teimww:edition knoraType="richtext_value">The Faerie Queene. Eds. Thomas P. Roche and C. Patrick O'Donnell. Harmondsworth: Penguin, 1987.</p0826-teimww:edition>
    <p0826-teimww:hasLanguage knoraType="richtext_value">English</p0826-teimww:hasLanguage>
    <p0826-teimww:isWrittenBy>
      <p0826-teimww:person knoraType="link_value" linkType="ref" target="ww_fb2f6ac664533d01"/>
    </p0826-teimww:isWrittenBy>
    <p0826-teimww:publishDate knoraType="date_value">GREGORIAN:1590:1590</p0826-teimww:publishDate>
    <p0826-teimww:title knoraType="richtext_value">The Faerie Queene</p0826-teimww:title>
  </p0826-teimww:book>
  <p0826-teimww:book id="ww_3f86f30540de15b8">
    <knoraXmlImport:label>Hamlet and Glori</knoraXmlImport:label>
    <p0826-teimww:bookInternalId knoraType="richtext_value">@010052</p0826-teimww:bookInternalId>
    <p0826-teimww:edition knoraType="richtext_value">Shakespeare Quarterly 6:1 (Winter 1955): 31-43.</p0826-teimww:edition>
    <p0826-teimww:isWrittenBy>
      <p0826-teimww:person knoraType="link_value" linkType="ref" target="ww_e50a603b67ab7672"/>
    </p0826-teimww:isWrittenBy>
    <p0826-teimww:title knoraType="richtext_value">Hamlet and Gloriana's Knights</p0826-teimww:title>
  </p0826-teimww:book>
  <p0826-teimww:book id="ww_e44bf30c33d6ff4d">
    <knoraXmlImport:label>Henry VI Part 3</knoraXmlImport:label>
    <p0826-teimww:bookInternalId knoraType="richtext_value">@000902</p0826-teimww:bookInternalId>
    <p0826-teimww:createdDate knoraType="date_value">GREGORIAN:1591:1591</p0826-teimww:createdDate>
    <p0826-teimww:edition knoraType="richtext_value">Henry VI Part 3.</p0826-teimww:edition>
    <p0826-teimww:hasLanguage knoraType="richtext_value">English</p0826-teimww:hasLanguage>
    <p0826-teimww:isWrittenBy>
      <p0826-teimww:person knoraType="link_value" linkType="ref" target="ww_684176b58bc762f6"/>
    </p0826-teimww:isWrittenBy>
    <p0826-teimww:publishDate knoraType="date_value">GREGORIAN:1591:1591</p0826-teimww:publishDate>
    <p0826-teimww:title knoraType="richtext_value">Henry VI Part 3</p0826-teimww:title>
  </p0826-teimww:book>
  <p0826-teimww:book id="ww_6c90648fdecc54d2">
    <knoraXmlImport:label>Henry VI Part 2 </knoraXmlImport:label>
    <p0826-teimww:bookInternalId knoraType="richtext_value">@005275</p0826-teimww:bookInternalId>
    <p0826-teimww:createdDate knoraType="date_value">GREGORIAN:1591:1591</p0826-teimww:createdDate>
    <p0826-teimww:edition knoraType="richtext_value">The First part of the Contention betwixt the two famous Houses of Yorke and Lancaster. London: Thomas Creed for Thomas Millington, 1594.</p0826-teimww:edition>
    <p0826-teimww:hasLanguage knoraType="richtext_value">English</p0826-teimww:hasLanguage>
    <p0826-teimww:isWrittenBy>
      <p0826-teimww:person knoraType="link_value" linkType="ref" target="ww_684176b58bc762f6"/>
    </p0826-teimww:isWrittenBy>
    <p0826-teimww:publishDate knoraType="date_value">GREGORIAN:1591:1591</p0826-teimww:publishDate>
    <p0826-teimww:title knoraType="richtext_value">Henry VI Part 2 - The Contention</p0826-teimww:title>
  </p0826-teimww:book>
  <p0826-teimww:book id="ww_1140c36ab545b6d8">
    <knoraXmlImport:label>The Shakspere Al</knoraXmlImport:label>
    <p0826-teimww:bookInternalId knoraType="richtext_value">@010000</p0826-teimww:bookInternalId>
    <p0826-teimww:edition knoraType="richtext_value">The Shakspere Allusion Book. A Collection of Allusions to Shakspere from 1591 to 1700 [...]. London: Chatto and Windus; New York: Duffield and Co., 1909.</p0826-teimww:edition>
    <p0826-teimww:isWrittenBy>
      <p0826-teimww:person knoraType="link_value" linkType="ref" target="ww_26c25538fa69a566"/>
    </p0826-teimww:isWrittenBy>
    <p0826-teimww:isWrittenBy>
      <p0826-teimww:person knoraType="link_value" linkType="ref" target="ww_a60ff4964db613ee"/>
    </p0826-teimww:isWrittenBy>
    <p0826-teimww:isWrittenBy>
      <p0826-teimww:person knoraType="link_value" linkType="ref" target="ww_fb550941e6e9db62"/>
    </p0826-teimww:isWrittenBy>
    <p0826-teimww:isWrittenBy>
      <p0826-teimww:person knoraType="link_value" linkType="ref" target="ww_4c146e6d2ef23a03"/>
    </p0826-teimww:isWrittenBy>
    <p0826-teimww:title knoraType="richtext_value">The Shakspere Allusion Book</p0826-teimww:title>
  </p0826-teimww:book>
  <p0826-teimww:book id="ww_898b0b7ff390f5fb">
    <knoraXmlImport:label>Henry VI Part 2</knoraXmlImport:label>
    <p0826-teimww:bookInternalId knoraType="richtext_value">@000888</p0826-teimww:bookInternalId>
    <p0826-teimww:createdDate knoraType="date_value">GREGORIAN:1591:1591</p0826-teimww:createdDate>
    <p0826-teimww:edition knoraType="richtext_value">Henry VI Part 2.</p0826-teimww:edition>
    <p0826-teimww:hasLanguage knoraType="richtext_value">English</p0826-teimww:hasLanguage>
    <p0826-teimww:isWrittenBy>
      <p0826-teimww:person knoraType="link_value" linkType="ref" target="ww_684176b58bc762f6"/>
    </p0826-teimww:isWrittenBy>
    <p0826-teimww:publishDate knoraType="date_value">GREGORIAN:1591:1591</p0826-teimww:publishDate>
    <p0826-teimww:title knoraType="richtext_value">Henry VI Part 2</p0826-teimww:title>
  </p0826-teimww:book>
  <p0826-teimww:book id="ww_28e2635e5ac1776c">
    <knoraXmlImport:label>Edward I</knoraXmlImport:label>
    <p0826-teimww:bookInternalId knoraType="richtext_value">@000881</p0826-teimww:bookInternalId>
    <p0826-teimww:createdDate knoraType="date_value">GREGORIAN:1591:1591</p0826-teimww:createdDate>
    <p0826-teimww:edition knoraType="richtext_value">The Famous Chronicle of king Edward the first. London: Abell Ieffes, 1593.</p0826-teimww:edition>
    <p0826-teimww:hasLanguage knoraType="richtext_value">English</p0826-teimww:hasLanguage>
    <p0826-teimww:isWrittenBy>
      <p0826-teimww:person knoraType="link_value" linkType="ref" target="ww_7468c79b15d734b3"/>
    </p0826-teimww:isWrittenBy>
    <p0826-teimww:publishDate knoraType="date_value">GREGORIAN:1591:1591</p0826-teimww:publishDate>
    <p0826-teimww:title knoraType="richtext_value">Edward I</p0826-teimww:title>
  </p0826-teimww:book>
  <p0826-teimww:book id="ww_0d4732e83985c063">
    <knoraXmlImport:label>Edward The Secon</knoraXmlImport:label>
    <p0826-teimww:bookInternalId knoraType="richtext_value">@000927</p0826-teimww:bookInternalId>
    <p0826-teimww:createdDate knoraType="date_value">GREGORIAN:1592:1592</p0826-teimww:createdDate>
    <p0826-teimww:edition knoraType="richtext_value">The Complete Plays. Ed. J. B. Steane. London: Penguin 1986. 431-533.</p0826-teimww:edition>
    <p0826-teimww:hasLanguage knoraType="richtext_value">English</p0826-teimww:hasLanguage>
    <p0826-teimww:isWrittenBy>
      <p0826-teimww:person knoraType="link_value" linkType="ref" target="ww_63d5fe36ffac5d32"/>
    </p0826-teimww:isWrittenBy>
    <p0826-teimww:publishDate knoraType="date_value">GREGORIAN:1592:1592</p0826-teimww:publishDate>
    <p0826-teimww:title knoraType="richtext_value">Edward The Second</p0826-teimww:title>
  </p0826-teimww:book>
  <p0826-teimww:book id="ww_7f5e9141d1116e89">
    <knoraXmlImport:label>Titus Andronicus</knoraXmlImport:label>
    <p0826-teimww:bookInternalId knoraType="richtext_value">@000928</p0826-teimww:bookInternalId>
    <p0826-teimww:createdDate knoraType="date_value">GREGORIAN:1592:1592</p0826-teimww:createdDate>
    <p0826-teimww:edition knoraType="richtext_value">Titus Andronicus.</p0826-teimww:edition>
    <p0826-teimww:hasLanguage knoraType="richtext_value">English</p0826-teimww:hasLanguage>
    <p0826-teimww:isWrittenBy>
      <p0826-teimww:person knoraType="link_value" linkType="ref" target="ww_684176b58bc762f6"/>
    </p0826-teimww:isWrittenBy>
    <p0826-teimww:isWrittenBy>
      <p0826-teimww:person knoraType="link_value" linkType="ref" target="ww_7468c79b15d734b3"/>
    </p0826-teimww:isWrittenBy>
    <p0826-teimww:publishDate knoraType="date_value">GREGORIAN:1592:1592</p0826-teimww:publishDate>
    <p0826-teimww:title knoraType="richtext_value">Titus Andronicus</p0826-teimww:title>
  </p0826-teimww:book>
  <p0826-teimww:book id="ww_c0bb45384c6abc1f">
    <knoraXmlImport:label>Casual Shakespea</knoraXmlImport:label>
    <p0826-teimww:bookInternalId knoraType="richtext_value">@010200</p0826-teimww:bookInternalId>
    <p0826-teimww:edition knoraType="richtext_value">Casual Shakespeare: Three Centuries of Verbal Echoes. London: Routledge, 2018.</p0826-teimww:edition>
    <p0826-teimww:isWrittenBy>
      <p0826-teimww:person knoraType="link_value" linkType="ref" target="ww_0989e07eda6de68c"/>
    </p0826-teimww:isWrittenBy>
    <p0826-teimww:title knoraType="richtext_value">Casual Shakespeare</p0826-teimww:title>
  </p0826-teimww:book>
  <p0826-teimww:book id="ww_4dfc3a32aa54efd5">
    <knoraXmlImport:label>Shakespeare and </knoraXmlImport:label>
    <p0826-teimww:bookInternalId knoraType="richtext_value">@006071</p0826-teimww:bookInternalId>
    <p0826-teimww:edition knoraType="richtext_value">Shakespeare and Classical Antiquity. Oxford: Oxford University Press, 2013.</p0826-teimww:edition>
    <p0826-teimww:isWrittenBy>
      <p0826-teimww:person knoraType="link_value" linkType="ref" target="ww_d031de8fd298348b"/>
    </p0826-teimww:isWrittenBy>
    <p0826-teimww:title knoraType="richtext_value">Shakespeare and Classical Antiquity</p0826-teimww:title>
  </p0826-teimww:book>
  <p0826-teimww:book id="ww_e9dd31d2f114bcc9">
    <knoraXmlImport:label>Antonios Revenge</knoraXmlImport:label>
    <p0826-teimww:bookInternalId knoraType="richtext_value">@010038</p0826-teimww:bookInternalId>
    <p0826-teimww:edition knoraType="richtext_value">ed. John Marston. Antonio's Revenge. The Revels Plays. Manchester: Manchester University Press, 1978, repr. 1999.</p0826-teimww:edition>
    <p0826-teimww:isWrittenBy>
      <p0826-teimww:person knoraType="link_value" linkType="ref" target="ww_d20c9849f2078d70"/>
    </p0826-teimww:isWrittenBy>
    <p0826-teimww:title knoraType="richtext_value">Antonios Revenge (Gair edition)</p0826-teimww:title>
  </p0826-teimww:book>
  <p0826-teimww:book id="ww_26138dfe777ca825">
    <knoraXmlImport:label>The Taming of th</knoraXmlImport:label>
    <p0826-teimww:bookInternalId knoraType="richtext_value">@000916</p0826-teimww:bookInternalId>
    <p0826-teimww:createdDate knoraType="date_value">GREGORIAN:1592:1592</p0826-teimww:createdDate>
    <p0826-teimww:edition knoraType="richtext_value">The Taming of the Shrew.</p0826-teimww:edition>
    <p0826-teimww:hasLanguage knoraType="richtext_value">English</p0826-teimww:hasLanguage>
    <p0826-teimww:isWrittenBy>
      <p0826-teimww:person knoraType="link_value" linkType="ref" target="ww_684176b58bc762f6"/>
    </p0826-teimww:isWrittenBy>
    <p0826-teimww:publishDate knoraType="date_value">GREGORIAN:1592:1592</p0826-teimww:publishDate>
    <p0826-teimww:title knoraType="richtext_value">The Taming of the Shrew</p0826-teimww:title>
  </p0826-teimww:book>
  <p0826-teimww:book id="ww_d7a24ba647d4819e">
    <knoraXmlImport:label>Venus and Adonis</knoraXmlImport:label>
    <p0826-teimww:bookInternalId knoraType="richtext_value">@003009</p0826-teimww:bookInternalId>
    <p0826-teimww:createdDate knoraType="date_value">GREGORIAN:1592:1592</p0826-teimww:createdDate>
    <p0826-teimww:edition knoraType="richtext_value">Venus and Adonis.</p0826-teimww:edition>
    <p0826-teimww:hasLanguage knoraType="richtext_value">English</p0826-teimww:hasLanguage>
    <p0826-teimww:isWrittenBy>
      <p0826-teimww:person knoraType="link_value" linkType="ref" target="ww_684176b58bc762f6"/>
    </p0826-teimww:isWrittenBy>
    <p0826-teimww:publishDate knoraType="date_value">GREGORIAN:1592:1592</p0826-teimww:publishDate>
    <p0826-teimww:title knoraType="richtext_value">Venus and Adonis</p0826-teimww:title>
  </p0826-teimww:book>
  <p0826-teimww:book id="ww_55bc1a3b04bf8a8d">
    <knoraXmlImport:label>FDT - Folger Dig</knoraXmlImport:label>
    <p0826-teimww:bookInternalId knoraType="richtext_value">@010084</p0826-teimww:bookInternalId>
    <p0826-teimww:edition knoraType="richtext_value">eds. FDT - Folger Shakespeare Library. Shakespeare's Plays from Folger Digital Texts.</p0826-teimww:edition>
    <p0826-teimww:isWrittenBy>
      <p0826-teimww:person knoraType="link_value" linkType="ref" target="ww_4d01a832f50d804e"/>
    </p0826-teimww:isWrittenBy>
    <p0826-teimww:isWrittenBy>
      <p0826-teimww:person knoraType="link_value" linkType="ref" target="ww_55f5e9f5fe14853f"/>
    </p0826-teimww:isWrittenBy>
    <p0826-teimww:isWrittenBy>
      <p0826-teimww:person knoraType="link_value" linkType="ref" target="ww_c8fa0de8d0fc2fc4"/>
    </p0826-teimww:isWrittenBy>
    <p0826-teimww:isWrittenBy>
      <p0826-teimww:person knoraType="link_value" linkType="ref" target="ww_386448c09c02ba3f"/>
    </p0826-teimww:isWrittenBy>
    <p0826-teimww:title knoraType="richtext_value">FDT - Folger Digital Texts</p0826-teimww:title>
  </p0826-teimww:book>
  <p0826-teimww:book id="ww_a70c78f7c2563c1d">
    <knoraXmlImport:label>Richard III</knoraXmlImport:label>
    <p0826-teimww:bookInternalId knoraType="richtext_value">@000950</p0826-teimww:bookInternalId>
    <p0826-teimww:createdDate knoraType="date_value">GREGORIAN:1593:1593</p0826-teimww:createdDate>
    <p0826-teimww:edition knoraType="richtext_value">Richard III.</p0826-teimww:edition>
    <p0826-teimww:hasLanguage knoraType="richtext_value">English</p0826-teimww:hasLanguage>
    <p0826-teimww:isWrittenBy>
      <p0826-teimww:person knoraType="link_value" linkType="ref" target="ww_684176b58bc762f6"/>
    </p0826-teimww:isWrittenBy>
    <p0826-teimww:publishDate knoraType="date_value">GREGORIAN:1593:1593</p0826-teimww:publishDate>
    <p0826-teimww:title knoraType="richtext_value">Richard III</p0826-teimww:title>
  </p0826-teimww:book>
  <p0826-teimww:book id="ww_d96cf3715d049fff">
    <knoraXmlImport:label>The Revengers Tr</knoraXmlImport:label>
    <p0826-teimww:bookInternalId knoraType="richtext_value">@010223</p0826-teimww:bookInternalId>
    <p0826-teimww:edition knoraType="richtext_value">ed. Cyril Tourneur. The Revenger's Tragedy. Regents Renaissance Drama Series. London: Edward Arnold, 1967. </p0826-teimww:edition>
    <p0826-teimww:isWrittenBy>
      <p0826-teimww:person knoraType="link_value" linkType="ref" target="ww_3003e40f8d22b593"/>
    </p0826-teimww:isWrittenBy>
    <p0826-teimww:title knoraType="richtext_value">The Revengers Tragedy (Ross edition)</p0826-teimww:title>
  </p0826-teimww:book>
  <p0826-teimww:book id="ww_4699bce2e8308213">
    <knoraXmlImport:label>The Massacre at </knoraXmlImport:label>
    <p0826-teimww:bookInternalId knoraType="richtext_value">@000947</p0826-teimww:bookInternalId>
    <p0826-teimww:createdDate knoraType="date_value">GREGORIAN:1593:1593</p0826-teimww:createdDate>
    <p0826-teimww:edition knoraType="richtext_value">The Complete Plays. Ed. J. B. Steane. London: Penguin 1986. 535-584.</p0826-teimww:edition>
    <p0826-teimww:hasLanguage knoraType="richtext_value">English</p0826-teimww:hasLanguage>
    <p0826-teimww:isWrittenBy>
      <p0826-teimww:person knoraType="link_value" linkType="ref" target="ww_63d5fe36ffac5d32"/>
    </p0826-teimww:isWrittenBy>
    <p0826-teimww:publishDate knoraType="date_value">GREGORIAN:1593:1593</p0826-teimww:publishDate>
    <p0826-teimww:title knoraType="richtext_value">The Massacre at Paris</p0826-teimww:title>
  </p0826-teimww:book>
  <p0826-teimww:book id="ww_e256bd14313d2841">
    <knoraXmlImport:label>Koeppel Shps Wir</knoraXmlImport:label>
    <p0826-teimww:bookInternalId knoraType="richtext_value">@010085</p0826-teimww:bookInternalId>
    <p0826-teimww:edition knoraType="richtext_value">Studien über Shakespeare's Wirkung auf zeitgenössische Dramatiker. Louvain: Uystpruyst, 1905.</p0826-teimww:edition>
    <p0826-teimww:isWrittenBy>
      <p0826-teimww:person knoraType="link_value" linkType="ref" target="ww_71c35dc91de8b585"/>
    </p0826-teimww:isWrittenBy>
    <p0826-teimww:title knoraType="richtext_value">Koeppel Shps Wirkung zeitgenoess Dramatiker</p0826-teimww:title>
  </p0826-teimww:book>
  <p0826-teimww:book id="ww_5af91280461707f1">
    <knoraXmlImport:label>The Plays of Joh</knoraXmlImport:label>
    <p0826-teimww:bookInternalId knoraType="richtext_value">@005134</p0826-teimww:bookInternalId>
    <p0826-teimww:edition knoraType="richtext_value">ed. The Plays of John Marston in Three Volumes. Ed. H. Harvey Wood. Edinburgh and London: Oliver and Boyd, 1934-1939.</p0826-teimww:edition>
    <p0826-teimww:isWrittenBy>
      <p0826-teimww:person knoraType="link_value" linkType="ref" target="ww_a943388f673c7fa4"/>
    </p0826-teimww:isWrittenBy>
    <p0826-teimww:title knoraType="richtext_value">The Plays of John Marston (Wood edition)</p0826-teimww:title>
  </p0826-teimww:book>
  <p0826-teimww:book id="ww_12b8cda82738e9e2">
    <knoraXmlImport:label>Sir William Dave</knoraXmlImport:label>
    <p0826-teimww:bookInternalId knoraType="richtext_value">@010006</p0826-teimww:bookInternalId>
    <p0826-teimww:edition knoraType="richtext_value">Sir William Davenant's relation to Shakespeare. With an analysis of the Chief Characters of Davenant's Plays. PhD Strassburg 1905.</p0826-teimww:edition>
    <p0826-teimww:isWrittenBy>
      <p0826-teimww:person knoraType="link_value" linkType="ref" target="ww_5d19ae76208b92a9"/>
    </p0826-teimww:isWrittenBy>
    <p0826-teimww:title knoraType="richtext_value">Sir William Davenants relation to Shakespeare</p0826-teimww:title>
  </p0826-teimww:book>
  <p0826-teimww:book id="ww_740f720d37d984d2">
    <knoraXmlImport:label>The masqve of qu</knoraXmlImport:label>
    <p0826-teimww:bookInternalId knoraType="richtext_value">@001593</p0826-teimww:bookInternalId>
    <p0826-teimww:createdDate knoraType="date_value">GREGORIAN:1593:1593</p0826-teimww:createdDate>
    <p0826-teimww:edition knoraType="richtext_value">The Workes of Beniamin Jonson. London: William Stansby, 1616. 945-964.</p0826-teimww:edition>
    <p0826-teimww:hasLanguage knoraType="richtext_value">English</p0826-teimww:hasLanguage>
    <p0826-teimww:isWrittenBy>
      <p0826-teimww:person knoraType="link_value" linkType="ref" target="ww_9b2d545e20d62482"/>
    </p0826-teimww:isWrittenBy>
    <p0826-teimww:publishDate knoraType="date_value">GREGORIAN:1593:1593</p0826-teimww:publishDate>
    <p0826-teimww:title knoraType="richtext_value">The masqve of queens</p0826-teimww:title>
  </p0826-teimww:book>
  <p0826-teimww:book id="ww_d0062b214b9d3402">
    <knoraXmlImport:label>Quellenstudien z</knoraXmlImport:label>
    <p0826-teimww:bookInternalId knoraType="richtext_value">@010004</p0826-teimww:bookInternalId>
    <p0826-teimww:edition knoraType="richtext_value">Quellenstudien zu den Dramen Thomas Middletons. PhD Strassburg 1905. </p0826-teimww:edition>
    <p0826-teimww:isWrittenBy>
      <p0826-teimww:person knoraType="link_value" linkType="ref" target="ww_d9d0c43743be62f7"/>
    </p0826-teimww:isWrittenBy>
    <p0826-teimww:title knoraType="richtext_value">Quellenstudien zu den Dramen Thomas Middletons</p0826-teimww:title>
  </p0826-teimww:book>
  <p0826-teimww:book id="ww_7b4aa85a9a3a75f4">
    <knoraXmlImport:label>Das Verhaeltnis </knoraXmlImport:label>
    <p0826-teimww:bookInternalId knoraType="richtext_value">@010119</p0826-teimww:bookInternalId>
    <p0826-teimww:edition knoraType="richtext_value">Das Verhältnis Thomas Middletons zu Shakspere. Münchner Beiträge 29. Leipzig: 1904.</p0826-teimww:edition>
    <p0826-teimww:isWrittenBy>
      <p0826-teimww:person knoraType="link_value" linkType="ref" target="ww_5c7d3fc631db2ef4"/>
    </p0826-teimww:isWrittenBy>
    <p0826-teimww:title knoraType="richtext_value">Das Verhaeltnis Thomas Middletons zu Shak</p0826-teimww:title>
  </p0826-teimww:book>
  <p0826-teimww:book id="ww_a97f692ed045759b">
    <knoraXmlImport:label>The Reign of Edw</knoraXmlImport:label>
    <p0826-teimww:bookInternalId knoraType="richtext_value">@000952</p0826-teimww:bookInternalId>
    <p0826-teimww:createdDate knoraType="date_value">GREGORIAN:1593:1593</p0826-teimww:createdDate>
    <p0826-teimww:edition knoraType="richtext_value">The Raigne of King Edvvard the third: As it hath bin sundrie times plaied about the Citie of London. London: Cuthbert Burby, 1596.</p0826-teimww:edition>
    <p0826-teimww:hasLanguage knoraType="richtext_value">English</p0826-teimww:hasLanguage>
    <p0826-teimww:isWrittenBy>
      <p0826-teimww:person knoraType="link_value" linkType="ref" target="ww_212c78497ddc32c5"/>
    </p0826-teimww:isWrittenBy>
    <p0826-teimww:publishDate knoraType="date_value">GREGORIAN:1593:1593</p0826-teimww:publishDate>
    <p0826-teimww:title knoraType="richtext_value">The Reign of Edward III</p0826-teimww:title>
  </p0826-teimww:book>
  <p0826-teimww:book id="ww_7c6dc2f52fef22bc">
    <knoraXmlImport:label>The Two Gentleme</knoraXmlImport:label>
    <p0826-teimww:bookInternalId knoraType="richtext_value">@000970</p0826-teimww:bookInternalId>
    <p0826-teimww:createdDate knoraType="date_value">GREGORIAN:1594:1594</p0826-teimww:createdDate>
    <p0826-teimww:edition knoraType="richtext_value">The Two Gentlemen of Verona.</p0826-teimww:edition>
    <p0826-teimww:hasLanguage knoraType="richtext_value">English</p0826-teimww:hasLanguage>
    <p0826-teimww:isWrittenBy>
      <p0826-teimww:person knoraType="link_value" linkType="ref" target="ww_684176b58bc762f6"/>
    </p0826-teimww:isWrittenBy>
    <p0826-teimww:publishDate knoraType="date_value">GREGORIAN:1594:1594</p0826-teimww:publishDate>
    <p0826-teimww:title knoraType="richtext_value">The Two Gentlemen of Verona</p0826-teimww:title>
  </p0826-teimww:book>
  <p0826-teimww:book id="ww_5c5127969f9832c1">
    <knoraXmlImport:label>The Taming of a </knoraXmlImport:label>
    <p0826-teimww:bookInternalId knoraType="richtext_value">@000955</p0826-teimww:bookInternalId>
    <p0826-teimww:createdDate knoraType="date_value">GREGORIAN:1594:1594</p0826-teimww:createdDate>
    <p0826-teimww:edition knoraType="richtext_value">A Pleasant Conceited Historie, called the taming of a Shrew. As it was Sundry times acted by the Right honorable the Earle of Pembrook his seruants. London: Peter Short, 1594.</p0826-teimww:edition>
    <p0826-teimww:hasLanguage knoraType="richtext_value">English</p0826-teimww:hasLanguage>
    <p0826-teimww:isWrittenBy>
      <p0826-teimww:person knoraType="link_value" linkType="ref" target="ww_212c78497ddc32c5"/>
    </p0826-teimww:isWrittenBy>
    <p0826-teimww:publishDate knoraType="date_value">GREGORIAN:1594:1594</p0826-teimww:publishDate>
    <p0826-teimww:title knoraType="richtext_value">The Taming of a Shrew (anon)</p0826-teimww:title>
  </p0826-teimww:book>
  <p0826-teimww:book id="ww_df2b8c2f18df151a">
    <knoraXmlImport:label>The Plays of Nat</knoraXmlImport:label>
    <p0826-teimww:bookInternalId knoraType="richtext_value">@010049</p0826-teimww:bookInternalId>
    <p0826-teimww:edition knoraType="richtext_value">ed. The Plays of Nathan Field. Edited from the Original Quartos with Introduction and Notes. Austin: The University of Texas Press, 1950. </p0826-teimww:edition>
    <p0826-teimww:isWrittenBy>
      <p0826-teimww:person knoraType="link_value" linkType="ref" target="ww_5920a2f51df6bb9f"/>
    </p0826-teimww:isWrittenBy>
    <p0826-teimww:title knoraType="richtext_value">The Plays of Nathan Field</p0826-teimww:title>
  </p0826-teimww:book>
  <p0826-teimww:book id="ww_b5ea9b35c899d367">
    <knoraXmlImport:label>Shakespeare and </knoraXmlImport:label>
    <p0826-teimww:bookInternalId knoraType="richtext_value">@010087</p0826-teimww:bookInternalId>
    <p0826-teimww:edition knoraType="richtext_value">Neophilologus 34.4 (October 1950): 238-245.</p0826-teimww:edition>
    <p0826-teimww:isWrittenBy>
      <p0826-teimww:person knoraType="link_value" linkType="ref" target="ww_5920a2f51df6bb9f"/>
    </p0826-teimww:isWrittenBy>
    <p0826-teimww:title knoraType="richtext_value">Shakespeare and Nathan Field</p0826-teimww:title>
  </p0826-teimww:book>
  <p0826-teimww:book id="ww_0d665e488e8f55e8">
    <knoraXmlImport:label>Lucrece</knoraXmlImport:label>
    <p0826-teimww:bookInternalId knoraType="richtext_value">@005555</p0826-teimww:bookInternalId>
    <p0826-teimww:createdDate knoraType="date_value">GREGORIAN:1594:1594</p0826-teimww:createdDate>
    <p0826-teimww:edition knoraType="richtext_value">Lucrece.</p0826-teimww:edition>
    <p0826-teimww:hasLanguage knoraType="richtext_value">English</p0826-teimww:hasLanguage>
    <p0826-teimww:isWrittenBy>
      <p0826-teimww:person knoraType="link_value" linkType="ref" target="ww_684176b58bc762f6"/>
    </p0826-teimww:isWrittenBy>
    <p0826-teimww:publishDate knoraType="date_value">GREGORIAN:1594:1594</p0826-teimww:publishDate>
    <p0826-teimww:title knoraType="richtext_value">Lucrece</p0826-teimww:title>
  </p0826-teimww:book>
  <p0826-teimww:book id="ww_1e4f95f951f2169f">
    <knoraXmlImport:label>A Midsummer Nigh</knoraXmlImport:label>
    <p0826-teimww:bookInternalId knoraType="richtext_value">@001012</p0826-teimww:bookInternalId>
    <p0826-teimww:createdDate knoraType="date_value">GREGORIAN:1595:1595</p0826-teimww:createdDate>
    <p0826-teimww:edition knoraType="richtext_value">A Midsummer Night's Dream.</p0826-teimww:edition>
    <p0826-teimww:hasLanguage knoraType="richtext_value">English</p0826-teimww:hasLanguage>
    <p0826-teimww:isWrittenBy>
      <p0826-teimww:person knoraType="link_value" linkType="ref" target="ww_684176b58bc762f6"/>
    </p0826-teimww:isWrittenBy>
    <p0826-teimww:publishDate knoraType="date_value">GREGORIAN:1595:1595</p0826-teimww:publishDate>
    <p0826-teimww:title knoraType="richtext_value">A Midsummer Nights Dream</p0826-teimww:title>
  </p0826-teimww:book>
  <p0826-teimww:book id="ww_dfd8d9b13312aac6">
    <knoraXmlImport:label>Romeo and Juliet</knoraXmlImport:label>
    <p0826-teimww:bookInternalId knoraType="richtext_value">@000987</p0826-teimww:bookInternalId>
    <p0826-teimww:createdDate knoraType="date_value">GREGORIAN:1595:1595</p0826-teimww:createdDate>
    <p0826-teimww:edition knoraType="richtext_value">Romeo and Juliet.</p0826-teimww:edition>
    <p0826-teimww:hasLanguage knoraType="richtext_value">English</p0826-teimww:hasLanguage>
    <p0826-teimww:isWrittenBy>
      <p0826-teimww:person knoraType="link_value" linkType="ref" target="ww_684176b58bc762f6"/>
    </p0826-teimww:isWrittenBy>
    <p0826-teimww:publishDate knoraType="date_value">GREGORIAN:1595:1595</p0826-teimww:publishDate>
    <p0826-teimww:title knoraType="richtext_value">Romeo and Juliet</p0826-teimww:title>
  </p0826-teimww:book>
  <p0826-teimww:book id="ww_c8e25bef891b5536">
    <knoraXmlImport:label>Richard II</knoraXmlImport:label>
    <p0826-teimww:bookInternalId knoraType="richtext_value">@001002</p0826-teimww:bookInternalId>
    <p0826-teimww:createdDate knoraType="date_value">GREGORIAN:1595:1595</p0826-teimww:createdDate>
    <p0826-teimww:edition knoraType="richtext_value">Richard II.</p0826-teimww:edition>
    <p0826-teimww:hasLanguage knoraType="richtext_value">English</p0826-teimww:hasLanguage>
    <p0826-teimww:isWrittenBy>
      <p0826-teimww:person knoraType="link_value" linkType="ref" target="ww_684176b58bc762f6"/>
    </p0826-teimww:isWrittenBy>
    <p0826-teimww:publishDate knoraType="date_value">GREGORIAN:1595:1595</p0826-teimww:publishDate>
    <p0826-teimww:title knoraType="richtext_value">Richard II</p0826-teimww:title>
  </p0826-teimww:book>
  <p0826-teimww:book id="ww_aa90313aec1ff25e">
    <knoraXmlImport:label>The Merchant of </knoraXmlImport:label>
    <p0826-teimww:bookInternalId knoraType="richtext_value">@001047</p0826-teimww:bookInternalId>
    <p0826-teimww:createdDate knoraType="date_value">GREGORIAN:1596:1596</p0826-teimww:createdDate>
    <p0826-teimww:edition knoraType="richtext_value">The Merchant of Venice.</p0826-teimww:edition>
    <p0826-teimww:hasLanguage knoraType="richtext_value">English</p0826-teimww:hasLanguage>
    <p0826-teimww:isWrittenBy>
      <p0826-teimww:person knoraType="link_value" linkType="ref" target="ww_684176b58bc762f6"/>
    </p0826-teimww:isWrittenBy>
    <p0826-teimww:publishDate knoraType="date_value">GREGORIAN:1596:1596</p0826-teimww:publishDate>
    <p0826-teimww:title knoraType="richtext_value">The Merchant of Venice</p0826-teimww:title>
  </p0826-teimww:book>
  <p0826-teimww:book id="ww_dbb95fa0c476e400">
    <knoraXmlImport:label>King John</knoraXmlImport:label>
    <p0826-teimww:bookInternalId knoraType="richtext_value">@001043</p0826-teimww:bookInternalId>
    <p0826-teimww:createdDate knoraType="date_value">GREGORIAN:1596:1596</p0826-teimww:createdDate>
    <p0826-teimww:edition knoraType="richtext_value">King John.</p0826-teimww:edition>
    <p0826-teimww:hasLanguage knoraType="richtext_value">English</p0826-teimww:hasLanguage>
    <p0826-teimww:isWrittenBy>
      <p0826-teimww:person knoraType="link_value" linkType="ref" target="ww_684176b58bc762f6"/>
    </p0826-teimww:isWrittenBy>
    <p0826-teimww:publishDate knoraType="date_value">GREGORIAN:1596:1596</p0826-teimww:publishDate>
    <p0826-teimww:title knoraType="richtext_value">King John</p0826-teimww:title>
  </p0826-teimww:book>
  <p0826-teimww:book id="ww_a8c8f9a292e6c950">
    <knoraXmlImport:label>Loves Labours Lo</knoraXmlImport:label>
    <p0826-teimww:bookInternalId knoraType="richtext_value">@001031</p0826-teimww:bookInternalId>
    <p0826-teimww:createdDate knoraType="date_value">GREGORIAN:1596:1596</p0826-teimww:createdDate>
    <p0826-teimww:edition knoraType="richtext_value">Love's Labour's Lost.</p0826-teimww:edition>
    <p0826-teimww:hasLanguage knoraType="richtext_value">English</p0826-teimww:hasLanguage>
    <p0826-teimww:isWrittenBy>
      <p0826-teimww:person knoraType="link_value" linkType="ref" target="ww_684176b58bc762f6"/>
    </p0826-teimww:isWrittenBy>
    <p0826-teimww:publishDate knoraType="date_value">GREGORIAN:1596:1596</p0826-teimww:publishDate>
    <p0826-teimww:title knoraType="richtext_value">Loves Labours Lost</p0826-teimww:title>
  </p0826-teimww:book>
  <p0826-teimww:book id="ww_56f51ee20f36f654">
    <knoraXmlImport:label>Henry IV Part 1</knoraXmlImport:label>
    <p0826-teimww:bookInternalId knoraType="richtext_value">@001059</p0826-teimww:bookInternalId>
    <p0826-teimww:createdDate knoraType="date_value">GREGORIAN:1597:1597</p0826-teimww:createdDate>
    <p0826-teimww:edition knoraType="richtext_value">Henry IV Part 1.</p0826-teimww:edition>
    <p0826-teimww:hasLanguage knoraType="richtext_value">English</p0826-teimww:hasLanguage>
    <p0826-teimww:isWrittenBy>
      <p0826-teimww:person knoraType="link_value" linkType="ref" target="ww_684176b58bc762f6"/>
    </p0826-teimww:isWrittenBy>
    <p0826-teimww:publishDate knoraType="date_value">GREGORIAN:1597:1597</p0826-teimww:publishDate>
    <p0826-teimww:title knoraType="richtext_value">Henry IV Part 1</p0826-teimww:title>
  </p0826-teimww:book>
  <p0826-teimww:book id="ww_67e1fbe9bd0f1b9d">
    <knoraXmlImport:label>Imitation of Sha</knoraXmlImport:label>
    <p0826-teimww:bookInternalId knoraType="richtext_value">@010153</p0826-teimww:bookInternalId>
    <p0826-teimww:edition knoraType="richtext_value">Philological Quarterly 29 (1 January 1950): 75-78. </p0826-teimww:edition>
    <p0826-teimww:isWrittenBy>
      <p0826-teimww:person knoraType="link_value" linkType="ref" target="ww_9cfcaaa5ca016199"/>
    </p0826-teimww:isWrittenBy>
    <p0826-teimww:title knoraType="richtext_value">Imitation of Shakespeare in Middleton's The Family of Love</p0826-teimww:title>
  </p0826-teimww:book>
  <p0826-teimww:book id="ww_663bc260dc952b96">
    <knoraXmlImport:label>Henry IV Part 2</knoraXmlImport:label>
    <p0826-teimww:bookInternalId knoraType="richtext_value">@001083</p0826-teimww:bookInternalId>
    <p0826-teimww:createdDate knoraType="date_value">GREGORIAN:1597:1597</p0826-teimww:createdDate>
    <p0826-teimww:edition knoraType="richtext_value">Henry IV Part 2.</p0826-teimww:edition>
    <p0826-teimww:hasLanguage knoraType="richtext_value">English</p0826-teimww:hasLanguage>
    <p0826-teimww:isWrittenBy>
      <p0826-teimww:person knoraType="link_value" linkType="ref" target="ww_684176b58bc762f6"/>
    </p0826-teimww:isWrittenBy>
    <p0826-teimww:publishDate knoraType="date_value">GREGORIAN:1597:1597</p0826-teimww:publishDate>
    <p0826-teimww:title knoraType="richtext_value">Henry IV Part 2</p0826-teimww:title>
  </p0826-teimww:book>
  <p0826-teimww:book id="ww_bcc975a9199bde49">
    <knoraXmlImport:label>The Works of Joh</knoraXmlImport:label>
    <p0826-teimww:bookInternalId knoraType="richtext_value">@010199</p0826-teimww:bookInternalId>
    <p0826-teimww:edition knoraType="richtext_value">ed. The Works of John Marston. 3 vols. London: Nimmo, 1887.</p0826-teimww:edition>
    <p0826-teimww:isWrittenBy>
      <p0826-teimww:person knoraType="link_value" linkType="ref" target="ww_4ea15fc920a6e8b6"/>
    </p0826-teimww:isWrittenBy>
    <p0826-teimww:title knoraType="richtext_value">The Works of John Marston (Bullen edition)</p0826-teimww:title>
  </p0826-teimww:book>
  <p0826-teimww:book id="ww_5196ea0769532431">
    <knoraXmlImport:label>The Merry Wives </knoraXmlImport:label>
    <p0826-teimww:bookInternalId knoraType="richtext_value">@001079</p0826-teimww:bookInternalId>
    <p0826-teimww:createdDate knoraType="date_value">GREGORIAN:1597:1597</p0826-teimww:createdDate>
    <p0826-teimww:edition knoraType="richtext_value">The Merry Wives of Windsor.</p0826-teimww:edition>
    <p0826-teimww:hasLanguage knoraType="richtext_value">English</p0826-teimww:hasLanguage>
    <p0826-teimww:isWrittenBy>
      <p0826-teimww:person knoraType="link_value" linkType="ref" target="ww_684176b58bc762f6"/>
    </p0826-teimww:isWrittenBy>
    <p0826-teimww:publishDate knoraType="date_value">GREGORIAN:1597:1597</p0826-teimww:publishDate>
    <p0826-teimww:title knoraType="richtext_value">The Merry Wives of Windsor</p0826-teimww:title>
  </p0826-teimww:book>
  <p0826-teimww:book id="ww_0f0f2ccb24fa3b96">
    <knoraXmlImport:label>The Selected Pla</knoraXmlImport:label>
    <p0826-teimww:bookInternalId knoraType="richtext_value">@010047</p0826-teimww:bookInternalId>
    <p0826-teimww:edition knoraType="richtext_value">eds. The Selected Plays of John Marston. Eds. Cambridge: Cambridge University Press, 1986.</p0826-teimww:edition>
    <p0826-teimww:isWrittenBy>
      <p0826-teimww:person knoraType="link_value" linkType="ref" target="ww_fdae751b03274cac"/>
    </p0826-teimww:isWrittenBy>
    <p0826-teimww:title knoraType="richtext_value">The Selected Plays of John Marston (Jackson editio</p0826-teimww:title>
  </p0826-teimww:book>
  <p0826-teimww:book id="ww_ac906654199b4d49">
    <knoraXmlImport:label>A Humorous Days </knoraXmlImport:label>
    <p0826-teimww:bookInternalId knoraType="richtext_value">@001073</p0826-teimww:bookInternalId>
    <p0826-teimww:createdDate knoraType="date_value">GREGORIAN:1597:1597</p0826-teimww:createdDate>
    <p0826-teimww:edition knoraType="richtext_value">A pleasant Comedy entituled: An Humerous dayes Myrth. As it hath beene sundrie times publikely acted by the right honourable the Earle of Nottingham Lord high Admirall his seruants. By G. C. London: Valentine Syms, 1599.</p0826-teimww:edition>
    <p0826-teimww:hasLanguage knoraType="richtext_value">English</p0826-teimww:hasLanguage>
    <p0826-teimww:isWrittenBy>
      <p0826-teimww:person knoraType="link_value" linkType="ref" target="ww_8501ec457f433848"/>
    </p0826-teimww:isWrittenBy>
    <p0826-teimww:publishDate knoraType="date_value">GREGORIAN:1597:1597</p0826-teimww:publishDate>
    <p0826-teimww:title knoraType="richtext_value">A Humorous Days Mirth, or The Comedy of Humours</p0826-teimww:title>
  </p0826-teimww:book>
  <p0826-teimww:book id="ww_e81f44945dfa651c">
    <knoraXmlImport:label>Quellenstudien C</knoraXmlImport:label>
    <p0826-teimww:bookInternalId knoraType="richtext_value">@010080</p0826-teimww:bookInternalId>
    <p0826-teimww:edition knoraType="richtext_value">Quellen-Studien zu den Dramen George Chapman's, Philip Massinger's, und John Ford's. Karl J. Trübner: Strassburg 1897.</p0826-teimww:edition>
    <p0826-teimww:isWrittenBy>
      <p0826-teimww:person knoraType="link_value" linkType="ref" target="ww_71c35dc91de8b585"/>
    </p0826-teimww:isWrittenBy>
    <p0826-teimww:title knoraType="richtext_value">Quellenstudien Chapman Massinger Ford</p0826-teimww:title>
  </p0826-teimww:book>
  <p0826-teimww:book id="ww_a8549c12c9507c4b">
    <knoraXmlImport:label>Much Ado About N</knoraXmlImport:label>
    <p0826-teimww:bookInternalId knoraType="richtext_value">@001148</p0826-teimww:bookInternalId>
    <p0826-teimww:createdDate knoraType="date_value">GREGORIAN:1598:1598</p0826-teimww:createdDate>
    <p0826-teimww:edition knoraType="richtext_value">Much Ado About Nothing.</p0826-teimww:edition>
    <p0826-teimww:hasLanguage knoraType="richtext_value">English</p0826-teimww:hasLanguage>
    <p0826-teimww:isWrittenBy>
      <p0826-teimww:person knoraType="link_value" linkType="ref" target="ww_684176b58bc762f6"/>
    </p0826-teimww:isWrittenBy>
    <p0826-teimww:publishDate knoraType="date_value">GREGORIAN:1598:1598</p0826-teimww:publishDate>
    <p0826-teimww:title knoraType="richtext_value">Much Ado About Nothing</p0826-teimww:title>
  </p0826-teimww:book>
  <p0826-teimww:book id="ww_131d2042080b33a4">
    <knoraXmlImport:label>The Scourge of V</knoraXmlImport:label>
    <p0826-teimww:bookInternalId knoraType="richtext_value">@006072</p0826-teimww:bookInternalId>
    <p0826-teimww:createdDate knoraType="date_value">GREGORIAN:1598:1598</p0826-teimww:createdDate>
    <p0826-teimww:edition knoraType="richtext_value">The scourge of villanie Corrected. With the addition of newe satyres. Three bookes of satyres. London: James Roberts, 1599. H2 recto; section "Satira Nova Stultorum plena sunt omnia", G8 recto-H2 verso.</p0826-teimww:edition>
    <p0826-teimww:hasLanguage knoraType="richtext_value">English</p0826-teimww:hasLanguage>
    <p0826-teimww:isWrittenBy>
      <p0826-teimww:person knoraType="link_value" linkType="ref" target="ww_ad03d7c87e5b9c24"/>
    </p0826-teimww:isWrittenBy>
    <p0826-teimww:publishDate knoraType="date_value">GREGORIAN:1598:1598</p0826-teimww:publishDate>
    <p0826-teimww:title knoraType="richtext_value">The Scourge of Villany Corrected</p0826-teimww:title>
  </p0826-teimww:book>
  <p0826-teimww:book id="ww_f1c17de7eaa78bcc">
    <knoraXmlImport:label>Englishmen for M</knoraXmlImport:label>
    <p0826-teimww:bookInternalId knoraType="richtext_value">@001120</p0826-teimww:bookInternalId>
    <p0826-teimww:createdDate knoraType="date_value">GREGORIAN:1598:1598</p0826-teimww:createdDate>
    <p0826-teimww:edition knoraType="richtext_value">English-men for my Money: Or A pleasant Comedy, called, A Woman will haue her Will. London: W. White 1616.</p0826-teimww:edition>
    <p0826-teimww:hasLanguage knoraType="richtext_value">English</p0826-teimww:hasLanguage>
    <p0826-teimww:isWrittenBy>
      <p0826-teimww:person knoraType="link_value" linkType="ref" target="ww_d888f97beb7a5e1c"/>
    </p0826-teimww:isWrittenBy>
    <p0826-teimww:publishDate knoraType="date_value">GREGORIAN:1598:1598</p0826-teimww:publishDate>
    <p0826-teimww:title knoraType="richtext_value">Englishmen for My Money, or A Woman Will Have Her Will</p0826-teimww:title>
  </p0826-teimww:book>
  <p0826-teimww:book id="ww_3a4eba573ee422c4">
    <knoraXmlImport:label>The Two Angry Wo</knoraXmlImport:label>
    <p0826-teimww:bookInternalId knoraType="richtext_value">@001151</p0826-teimww:bookInternalId>
    <p0826-teimww:createdDate knoraType="date_value">GREGORIAN:1598:1598</p0826-teimww:createdDate>
    <p0826-teimww:edition knoraType="richtext_value">The Pleasant History Of, the two angry women of Abington. With the humorous mirth of Dicke Coomes and Nicholas Prouerbes, two Seruingmen. As it was lately playde by the right Honourable the Earle of Nottingham, Lord high Admirall his seruants. By Henry Porter. London: William Ferbrand, 1599.</p0826-teimww:edition>
    <p0826-teimww:hasLanguage knoraType="richtext_value">English</p0826-teimww:hasLanguage>
    <p0826-teimww:isWrittenBy>
      <p0826-teimww:person knoraType="link_value" linkType="ref" target="ww_ce94987303de0652"/>
    </p0826-teimww:isWrittenBy>
    <p0826-teimww:publishDate knoraType="date_value">GREGORIAN:1598:1598</p0826-teimww:publishDate>
    <p0826-teimww:title knoraType="richtext_value">The Two Angry Women of Abington</p0826-teimww:title>
  </p0826-teimww:book>
  <p0826-teimww:book id="ww_c068d7733749f819">
    <knoraXmlImport:label>The Shomakers Ho</knoraXmlImport:label>
    <p0826-teimww:bookInternalId knoraType="richtext_value">@001188</p0826-teimww:bookInternalId>
    <p0826-teimww:createdDate knoraType="date_value">GREGORIAN:1599:1599</p0826-teimww:createdDate>
    <p0826-teimww:edition knoraType="richtext_value">English Renaissance Drama: A Norton Anthology. Gen. ed. David Bevington. New York and London: W. W. Norton, 2002. 488-543.</p0826-teimww:edition>
    <p0826-teimww:hasLanguage knoraType="richtext_value">English</p0826-teimww:hasLanguage>
    <p0826-teimww:isWrittenBy>
      <p0826-teimww:person knoraType="link_value" linkType="ref" target="ww_87dbd52f1c5b813b"/>
    </p0826-teimww:isWrittenBy>
    <p0826-teimww:publishDate knoraType="date_value">GREGORIAN:1599:1599</p0826-teimww:publishDate>
    <p0826-teimww:title knoraType="richtext_value">The Shomakers Holiday</p0826-teimww:title>
  </p0826-teimww:book>
  <p0826-teimww:book id="ww_3c135d434850a738">
    <knoraXmlImport:label>Julius Caesar</knoraXmlImport:label>
    <p0826-teimww:bookInternalId knoraType="richtext_value">@001198</p0826-teimww:bookInternalId>
    <p0826-teimww:createdDate knoraType="date_value">GREGORIAN:1599:1599</p0826-teimww:createdDate>
    <p0826-teimww:edition knoraType="richtext_value">Julius Caesar.</p0826-teimww:edition>
    <p0826-teimww:hasLanguage knoraType="richtext_value">English</p0826-teimww:hasLanguage>
    <p0826-teimww:isWrittenBy>
      <p0826-teimww:person knoraType="link_value" linkType="ref" target="ww_684176b58bc762f6"/>
    </p0826-teimww:isWrittenBy>
    <p0826-teimww:publishDate knoraType="date_value">GREGORIAN:1599:1599</p0826-teimww:publishDate>
    <p0826-teimww:title knoraType="richtext_value">Julius Caesar</p0826-teimww:title>
  </p0826-teimww:book>
  <p0826-teimww:book id="ww_0c928f9e751dabbf">
    <knoraXmlImport:label>Henry V</knoraXmlImport:label>
    <p0826-teimww:bookInternalId knoraType="richtext_value">@001183</p0826-teimww:bookInternalId>
    <p0826-teimww:createdDate knoraType="date_value">GREGORIAN:1599:1599</p0826-teimww:createdDate>
    <p0826-teimww:edition knoraType="richtext_value">Henry V.</p0826-teimww:edition>
    <p0826-teimww:hasLanguage knoraType="richtext_value">English</p0826-teimww:hasLanguage>
    <p0826-teimww:isWrittenBy>
      <p0826-teimww:person knoraType="link_value" linkType="ref" target="ww_684176b58bc762f6"/>
    </p0826-teimww:isWrittenBy>
    <p0826-teimww:publishDate knoraType="date_value">GREGORIAN:1599:1599</p0826-teimww:publishDate>
    <p0826-teimww:title knoraType="richtext_value">Henry V</p0826-teimww:title>
  </p0826-teimww:book>
  <p0826-teimww:book id="ww_4a0afee9ece50ddb">
    <knoraXmlImport:label>Old Fortunatus</knoraXmlImport:label>
    <p0826-teimww:bookInternalId knoraType="richtext_value">@001217</p0826-teimww:bookInternalId>
    <p0826-teimww:createdDate knoraType="date_value">GREGORIAN:1599:1599</p0826-teimww:createdDate>
    <p0826-teimww:edition knoraType="richtext_value">The Pleasant Comedie of Old Fortunatus. As it was plaied before the Queenes Maiestie this Christmas, by the Right Honourable the Earle of Nottingham, Lord high Admirall of England his Seruants. London: S. S. for William Aspley, 1600.</p0826-teimww:edition>
    <p0826-teimww:hasLanguage knoraType="richtext_value">English</p0826-teimww:hasLanguage>
    <p0826-teimww:isWrittenBy>
      <p0826-teimww:person knoraType="link_value" linkType="ref" target="ww_87dbd52f1c5b813b"/>
    </p0826-teimww:isWrittenBy>
    <p0826-teimww:publishDate knoraType="date_value">GREGORIAN:1599:1599</p0826-teimww:publishDate>
    <p0826-teimww:title knoraType="richtext_value">Old Fortunatus</p0826-teimww:title>
  </p0826-teimww:book>
  <p0826-teimww:book id="ww_2e08ba1bdf49c8dc">
    <knoraXmlImport:label>The Pleasant Com</knoraXmlImport:label>
    <p0826-teimww:bookInternalId knoraType="richtext_value">@010105</p0826-teimww:bookInternalId>
    <p0826-teimww:edition knoraType="richtext_value">ed. Thomas Dekker. The Pleasant Comedie of old Fortunatus. Erlangen and Leipzig: 1901.</p0826-teimww:edition>
    <p0826-teimww:isWrittenBy>
      <p0826-teimww:person knoraType="link_value" linkType="ref" target="ww_631193418089c664"/>
    </p0826-teimww:isWrittenBy>
    <p0826-teimww:title knoraType="richtext_value">The Pleasant Comedie of old Fortunatus (Schere edi</p0826-teimww:title>
  </p0826-teimww:book>
  <p0826-teimww:book id="ww_5cb4c35da9f3b9dd">
    <knoraXmlImport:label>Hamlet</knoraXmlImport:label>
    <p0826-teimww:bookInternalId knoraType="richtext_value">@001259</p0826-teimww:bookInternalId>
    <p0826-teimww:createdDate knoraType="date_value">GREGORIAN:1600:1600</p0826-teimww:createdDate>
    <p0826-teimww:edition knoraType="richtext_value">Hamlet.</p0826-teimww:edition>
    <p0826-teimww:hasLanguage knoraType="richtext_value">English</p0826-teimww:hasLanguage>
    <p0826-teimww:isWrittenBy>
      <p0826-teimww:person knoraType="link_value" linkType="ref" target="ww_684176b58bc762f6"/>
    </p0826-teimww:isWrittenBy>
    <p0826-teimww:publishDate knoraType="date_value">GREGORIAN:1600:1600</p0826-teimww:publishDate>
    <p0826-teimww:title knoraType="richtext_value">Hamlet</p0826-teimww:title>
  </p0826-teimww:book>
  <p0826-teimww:book id="ww_5c3ae833a8aaf03d">
    <knoraXmlImport:label>As You Like It</knoraXmlImport:label>
    <p0826-teimww:bookInternalId knoraType="richtext_value">@001237</p0826-teimww:bookInternalId>
    <p0826-teimww:createdDate knoraType="date_value">GREGORIAN:1600:1600</p0826-teimww:createdDate>
    <p0826-teimww:edition knoraType="richtext_value">As You Like It.</p0826-teimww:edition>
    <p0826-teimww:hasLanguage knoraType="richtext_value">English</p0826-teimww:hasLanguage>
    <p0826-teimww:isWrittenBy>
      <p0826-teimww:person knoraType="link_value" linkType="ref" target="ww_684176b58bc762f6"/>
    </p0826-teimww:isWrittenBy>
    <p0826-teimww:publishDate knoraType="date_value">GREGORIAN:1600:1600</p0826-teimww:publishDate>
    <p0826-teimww:title knoraType="richtext_value">As You Like It</p0826-teimww:title>
  </p0826-teimww:book>
  <p0826-teimww:book id="ww_e45c23b640bedb8f">
    <knoraXmlImport:label>An Unreported Ha</knoraXmlImport:label>
    <p0826-teimww:bookInternalId knoraType="richtext_value">@010111</p0826-teimww:bookInternalId>
    <p0826-teimww:edition knoraType="richtext_value">Notes and Queries 124 (1984): 220-21.</p0826-teimww:edition>
    <p0826-teimww:isWrittenBy>
      <p0826-teimww:person knoraType="link_value" linkType="ref" target="ww_a490794224ad2764"/>
    </p0826-teimww:isWrittenBy>
    <p0826-teimww:title knoraType="richtext_value">An Unreported Hamlet Allusion</p0826-teimww:title>
  </p0826-teimww:book>
  <p0826-teimww:book id="ww_ba8a8fc764e851b4">
    <knoraXmlImport:label>Shakespearian Al</knoraXmlImport:label>
    <p0826-teimww:bookInternalId knoraType="richtext_value">@001581</p0826-teimww:bookInternalId>
    <p0826-teimww:edition knoraType="richtext_value">Notes and Queries. 10.1 (16 January 1904): 44.</p0826-teimww:edition>
    <p0826-teimww:isWrittenBy>
      <p0826-teimww:person knoraType="link_value" linkType="ref" target="ww_4cf2d2f81816aed2"/>
    </p0826-teimww:isWrittenBy>
    <p0826-teimww:title knoraType="richtext_value">Shakespearian Allusions</p0826-teimww:title>
  </p0826-teimww:book>
  <p0826-teimww:book id="ww_4899784ecc7f3845">
    <knoraXmlImport:label>Shaksperes Silen</knoraXmlImport:label>
    <p0826-teimww:bookInternalId knoraType="richtext_value">@010031</p0826-teimww:bookInternalId>
    <p0826-teimww:edition knoraType="richtext_value">Shakspere's Silences. Library of Shakespearean Biography and Criticism. New York: Books for Libraries Press, 1970. 64; chapter 2 "Shakspere and the Unhappy Happy Ending".</p0826-teimww:edition>
    <p0826-teimww:isWrittenBy>
      <p0826-teimww:person knoraType="link_value" linkType="ref" target="ww_6479c34542b52165"/>
    </p0826-teimww:isWrittenBy>
    <p0826-teimww:title knoraType="richtext_value">Shaksperes Silences</p0826-teimww:title>
  </p0826-teimww:book>
  <p0826-teimww:book id="ww_c1ca40b688cca87f">
    <knoraXmlImport:label>The Works of Joh</knoraXmlImport:label>
    <p0826-teimww:bookInternalId knoraType="richtext_value">@010007</p0826-teimww:bookInternalId>
    <p0826-teimww:edition knoraType="richtext_value">ed. The Works of John Dryden. 20 vols. Berkeley: University of California Press, 1956-1989.</p0826-teimww:edition>
    <p0826-teimww:isWrittenBy>
      <p0826-teimww:person knoraType="link_value" linkType="ref" target="ww_b12a0d10cafaf078"/>
    </p0826-teimww:isWrittenBy>
    <p0826-teimww:title knoraType="richtext_value">The Works of John Dryden (Roper edition)</p0826-teimww:title>
  </p0826-teimww:book>
  <p0826-teimww:book id="ww_1c8a25fac02f85a7">
    <knoraXmlImport:label>Thorn-Drury Some</knoraXmlImport:label>
    <p0826-teimww:bookInternalId knoraType="richtext_value">@010086</p0826-teimww:bookInternalId>
    <p0826-teimww:edition knoraType="richtext_value">Some Seventeenth-Century Allusions to Shakespeare and His Works, Not Hitherto Collected. London: P. J. and A. E. Dobell, 1920.</p0826-teimww:edition>
    <p0826-teimww:isWrittenBy>
      <p0826-teimww:person knoraType="link_value" linkType="ref" target="ww_4cf2d2f81816aed2"/>
    </p0826-teimww:isWrittenBy>
    <p0826-teimww:title knoraType="richtext_value">Thorn-Drury Some 17th-Century Allusions 1920</p0826-teimww:title>
  </p0826-teimww:book>
  <p0826-teimww:book id="ww_cd1e70f8e2cd8c82">
    <knoraXmlImport:label>Shakespeares Pro</knoraXmlImport:label>
    <p0826-teimww:bookInternalId knoraType="richtext_value">@010050</p0826-teimww:bookInternalId>
    <p0826-teimww:edition knoraType="richtext_value">Shakespeare's Proverb Lore. His Use of the Sententiae of Leonard Culman and Publilius Syrus. Cambridge (Mass.): Harvard University Press, 1963.</p0826-teimww:edition>
    <p0826-teimww:isWrittenBy>
      <p0826-teimww:person knoraType="link_value" linkType="ref" target="ww_f31af6df8b4b0640"/>
    </p0826-teimww:isWrittenBy>
    <p0826-teimww:title knoraType="richtext_value">Shakespeares Proverb Lore</p0826-teimww:title>
  </p0826-teimww:book>
  <p0826-teimww:book id="ww_f3b3659c26b68006">
    <knoraXmlImport:label>A Dictionary of </knoraXmlImport:label>
    <p0826-teimww:bookInternalId knoraType="richtext_value">@010076</p0826-teimww:bookInternalId>
    <p0826-teimww:edition knoraType="richtext_value">A dictionary of the proverbs in England in the sixteenth and secenteenth centuries. A collection of the proverbs found in English literature and the dictionaries of the period. Ann Arbor: University of Michigan Press, 1950.</p0826-teimww:edition>
    <p0826-teimww:isWrittenBy>
      <p0826-teimww:person knoraType="link_value" linkType="ref" target="ww_50c35f7aceaa6c9e"/>
    </p0826-teimww:isWrittenBy>
    <p0826-teimww:title knoraType="richtext_value">A Dictionary of the Proverbs </p0826-teimww:title>
  </p0826-teimww:book>
  <p0826-teimww:book id="ww_8580b38f9dc94f0b">
    <knoraXmlImport:label>The Anatomy of M</knoraXmlImport:label>
    <p0826-teimww:bookInternalId knoraType="richtext_value">@010148</p0826-teimww:bookInternalId>
    <p0826-teimww:edition knoraType="richtext_value">ed. Robert Burton. The Anatomy of Melancholy. 6 vols. Oxford: Clarendon Press, 1994.</p0826-teimww:edition>
    <p0826-teimww:isWrittenBy>
      <p0826-teimww:person knoraType="link_value" linkType="ref" target="ww_344c59ba1ce1b8fd"/>
    </p0826-teimww:isWrittenBy>
    <p0826-teimww:title knoraType="richtext_value">The Anatomy of Melancholy (Faulkner  edition)</p0826-teimww:title>
  </p0826-teimww:book>
  <p0826-teimww:book id="ww_d1faedb423154f39">
    <knoraXmlImport:label>ECCO - Eighteent</knoraXmlImport:label>
    <p0826-teimww:bookInternalId knoraType="richtext_value">@010054</p0826-teimww:bookInternalId>
    <p0826-teimww:edition knoraType="richtext_value">ECCO - Eighteenth Century Collections Online. http://infotrac.galegroup.com/itweb?db=ECCO. 2003.</p0826-teimww:edition>
    <p0826-teimww:isWrittenBy>
      <p0826-teimww:person knoraType="link_value" linkType="ref" target="ww_212c78497ddc32c5"/>
    </p0826-teimww:isWrittenBy>
    <p0826-teimww:title knoraType="richtext_value">ECCO - Eighteenth-Century Collections Online</p0826-teimww:title>
  </p0826-teimww:book>
  <p0826-teimww:book id="ww_15dba62495527dd5">
    <knoraXmlImport:label>Sources of Shake</knoraXmlImport:label>
    <p0826-teimww:bookInternalId knoraType="richtext_value">@010045</p0826-teimww:bookInternalId>
    <p0826-teimww:edition knoraType="richtext_value">The Sources of Shakespeare's Plays. London: Methuen, 1977.</p0826-teimww:edition>
    <p0826-teimww:isWrittenBy>
      <p0826-teimww:person knoraType="link_value" linkType="ref" target="ww_cfc974ec4e221d48"/>
    </p0826-teimww:isWrittenBy>
    <p0826-teimww:title knoraType="richtext_value">Sources of Shakespeares Plays</p0826-teimww:title>
  </p0826-teimww:book>
  <p0826-teimww:book id="ww_897067f9ec23fa0d">
    <knoraXmlImport:label>Belvedere</knoraXmlImport:label>
    <p0826-teimww:bookInternalId knoraType="richtext_value">@005581</p0826-teimww:bookInternalId>
    <p0826-teimww:createdDate knoraType="date_value">GREGORIAN:1600:1600</p0826-teimww:createdDate>
    <p0826-teimww:edition knoraType="richtext_value">Bel-vedere or The Garden of The Muses. London: F.K. for Hugh Astley 1600.</p0826-teimww:edition>
    <p0826-teimww:hasLanguage knoraType="richtext_value">English</p0826-teimww:hasLanguage>
    <p0826-teimww:isWrittenBy>
      <p0826-teimww:person knoraType="link_value" linkType="ref" target="ww_7b88afb3c96d748f"/>
    </p0826-teimww:isWrittenBy>
    <p0826-teimww:publishDate knoraType="date_value">GREGORIAN:1600:1600</p0826-teimww:publishDate>
    <p0826-teimww:title knoraType="richtext_value">Belvedere</p0826-teimww:title>
  </p0826-teimww:book>
  <p0826-teimww:book id="ww_e48f8eb2eda19a17">
    <knoraXmlImport:label>Acolastus Afterw</knoraXmlImport:label>
    <p0826-teimww:bookInternalId knoraType="richtext_value">@001580</p0826-teimww:bookInternalId>
    <p0826-teimww:createdDate knoraType="date_value">GREGORIAN:1600:1600</p0826-teimww:createdDate>
    <p0826-teimww:edition knoraType="richtext_value">Acolastvs; His Afterwitte. By S. N. London: Iohn Baylie, 1600.</p0826-teimww:edition>
    <p0826-teimww:hasLanguage knoraType="richtext_value">English</p0826-teimww:hasLanguage>
    <p0826-teimww:isWrittenBy>
      <p0826-teimww:person knoraType="link_value" linkType="ref" target="ww_7e08b5fab4c10b55"/>
    </p0826-teimww:isWrittenBy>
    <p0826-teimww:publishDate knoraType="date_value">GREGORIAN:1600:1600</p0826-teimww:publishDate>
    <p0826-teimww:title knoraType="richtext_value">Acolastus Afterwit</p0826-teimww:title>
  </p0826-teimww:book>
  <p0826-teimww:book id="ww_bc577a06e5bb54c7">
    <knoraXmlImport:label>The Works of Tho</knoraXmlImport:label>
    <p0826-teimww:bookInternalId knoraType="richtext_value">@010021</p0826-teimww:bookInternalId>
    <p0826-teimww:edition knoraType="richtext_value">eds. The Works of Thomas Southerne. 2 vols. Oxford: Clarendon Press, 1988.</p0826-teimww:edition>
    <p0826-teimww:isWrittenBy>
      <p0826-teimww:person knoraType="link_value" linkType="ref" target="ww_ea90e1c76029f901"/>
    </p0826-teimww:isWrittenBy>
    <p0826-teimww:isWrittenBy>
      <p0826-teimww:person knoraType="link_value" linkType="ref" target="ww_c11600e212e4417a"/>
    </p0826-teimww:isWrittenBy>
    <p0826-teimww:title knoraType="richtext_value">The Works of Thomas Southerne (Jordan edition)</p0826-teimww:title>
  </p0826-teimww:book>
  <p0826-teimww:book id="ww_88f07d1ccce14bdc">
    <knoraXmlImport:label>Jacke Drums Ente</knoraXmlImport:label>
    <p0826-teimww:bookInternalId knoraType="richtext_value">@001239</p0826-teimww:bookInternalId>
    <p0826-teimww:createdDate knoraType="date_value">GREGORIAN:1600:1600</p0826-teimww:createdDate>
    <p0826-teimww:edition knoraType="richtext_value">The Plays of John Marston in Three Volumes. Ed. H. Harvey Wood. Edinburgh and London: Oliver and Boyd, 1934-1939. 2:175-241.</p0826-teimww:edition>
    <p0826-teimww:hasLanguage knoraType="richtext_value">English</p0826-teimww:hasLanguage>
    <p0826-teimww:isWrittenBy>
      <p0826-teimww:person knoraType="link_value" linkType="ref" target="ww_ad03d7c87e5b9c24"/>
    </p0826-teimww:isWrittenBy>
    <p0826-teimww:publishDate knoraType="date_value">GREGORIAN:1600:1600</p0826-teimww:publishDate>
    <p0826-teimww:title knoraType="richtext_value">Jacke Drums Entertainment</p0826-teimww:title>
  </p0826-teimww:book>
  <p0826-teimww:book id="ww_38319ddb82fae050">
    <knoraXmlImport:label>Eastward Ho (Van</knoraXmlImport:label>
    <p0826-teimww:bookInternalId knoraType="richtext_value">@010018</p0826-teimww:bookInternalId>
    <p0826-teimww:edition knoraType="richtext_value">ed. Eastward Ho. Manchester: Manchester University Press, 1979, repr. 1999.</p0826-teimww:edition>
    <p0826-teimww:isWrittenBy>
      <p0826-teimww:person knoraType="link_value" linkType="ref" target="ww_37083d29746e75d4"/>
    </p0826-teimww:isWrittenBy>
    <p0826-teimww:title knoraType="richtext_value">Eastward Ho (Van Fossen edition)</p0826-teimww:title>
  </p0826-teimww:book>
  <p0826-teimww:book id="ww_50b5fed06f012747">
    <knoraXmlImport:label>Twelfth Night</knoraXmlImport:label>
    <p0826-teimww:bookInternalId knoraType="richtext_value">@001297</p0826-teimww:bookInternalId>
    <p0826-teimww:createdDate knoraType="date_value">GREGORIAN:1601:1601</p0826-teimww:createdDate>
    <p0826-teimww:edition knoraType="richtext_value">Twelfth Night.</p0826-teimww:edition>
    <p0826-teimww:hasLanguage knoraType="richtext_value">English</p0826-teimww:hasLanguage>
    <p0826-teimww:isWrittenBy>
      <p0826-teimww:person knoraType="link_value" linkType="ref" target="ww_684176b58bc762f6"/>
    </p0826-teimww:isWrittenBy>
    <p0826-teimww:publishDate knoraType="date_value">GREGORIAN:1601:1601</p0826-teimww:publishDate>
    <p0826-teimww:title knoraType="richtext_value">Twelfth Night</p0826-teimww:title>
  </p0826-teimww:book>
  <p0826-teimww:book id="ww_7e27a16308bd00fc">
    <knoraXmlImport:label>Satiromastix</knoraXmlImport:label>
    <p0826-teimww:bookInternalId knoraType="richtext_value">@001304</p0826-teimww:bookInternalId>
    <p0826-teimww:createdDate knoraType="date_value">GREGORIAN:1601:1601</p0826-teimww:createdDate>
    <p0826-teimww:edition knoraType="richtext_value">Satiro-Mastix, Or The vntrussing of the Humorous Poet. As it hath bin presented publikely, by the Right Honorable, the Lord Chamberlaine his Seruants; and priuately, by the Children of Paules. London: Edward White, 1602.</p0826-teimww:edition>
    <p0826-teimww:hasLanguage knoraType="richtext_value">English</p0826-teimww:hasLanguage>
    <p0826-teimww:isWrittenBy>
      <p0826-teimww:person knoraType="link_value" linkType="ref" target="ww_87dbd52f1c5b813b"/>
    </p0826-teimww:isWrittenBy>
    <p0826-teimww:publishDate knoraType="date_value">GREGORIAN:1601:1601</p0826-teimww:publishDate>
    <p0826-teimww:title knoraType="richtext_value">Satiromastix</p0826-teimww:title>
  </p0826-teimww:book>
  <p0826-teimww:book id="ww_ce8da2e3a260a394">
    <knoraXmlImport:label>More Shakspere A</knoraXmlImport:label>
    <p0826-teimww:bookInternalId knoraType="richtext_value">@010062</p0826-teimww:bookInternalId>
    <p0826-teimww:edition knoraType="richtext_value">Modern Philology 13.9 (1916): 497-544.</p0826-teimww:edition>
    <p0826-teimww:isWrittenBy>
      <p0826-teimww:person knoraType="link_value" linkType="ref" target="ww_fb550941e6e9db62"/>
    </p0826-teimww:isWrittenBy>
    <p0826-teimww:title knoraType="richtext_value">More Shakspere Allusions</p0826-teimww:title>
  </p0826-teimww:book>
  <p0826-teimww:book id="ww_2f65899f08b5bb71">
    <knoraXmlImport:label>Memoranda on the</knoraXmlImport:label>
    <p0826-teimww:bookInternalId knoraType="richtext_value">@010046</p0826-teimww:bookInternalId>
    <p0826-teimww:edition knoraType="richtext_value">Memoranda on the Tragedy of Hamlet. London: James Evan Adlard, 1879.</p0826-teimww:edition>
    <p0826-teimww:isWrittenBy>
      <p0826-teimww:person knoraType="link_value" linkType="ref" target="ww_f2c0f40020cbe48f"/>
    </p0826-teimww:isWrittenBy>
    <p0826-teimww:title knoraType="richtext_value">Memoranda on the Tragedy of Hamlet</p0826-teimww:title>
  </p0826-teimww:book>
  <p0826-teimww:book id="ww_ce6d233a20f2b70f">
    <knoraXmlImport:label>Literary Genetic</knoraXmlImport:label>
    <p0826-teimww:bookInternalId knoraType="richtext_value">@010003</p0826-teimww:bookInternalId>
    <p0826-teimww:edition knoraType="richtext_value">On the Literary Genetics of Shakspere's Plays 1592-1594. Urbana: University of Illinois Press, 1959.</p0826-teimww:edition>
    <p0826-teimww:isWrittenBy>
      <p0826-teimww:person knoraType="link_value" linkType="ref" target="ww_00a3ea8b5afeaa37"/>
    </p0826-teimww:isWrittenBy>
    <p0826-teimww:title knoraType="richtext_value">Literary Genetics</p0826-teimww:title>
  </p0826-teimww:book>
  <p0826-teimww:book id="ww_d87c5e9530010d35">
    <knoraXmlImport:label>The Problem of A</knoraXmlImport:label>
    <p0826-teimww:bookInternalId knoraType="richtext_value">@010139</p0826-teimww:bookInternalId>
    <p0826-teimww:edition knoraType="richtext_value">PMLA 59.3 (September 1944): 715-725. </p0826-teimww:edition>
    <p0826-teimww:isWrittenBy>
      <p0826-teimww:person knoraType="link_value" linkType="ref" target="ww_12bcadd5ab9d3f8a"/>
    </p0826-teimww:isWrittenBy>
    <p0826-teimww:title knoraType="richtext_value">The Problem of Authorship of Eastward Ho</p0826-teimww:title>
  </p0826-teimww:book>
  <p0826-teimww:book id="ww_e94b33ac99cc5615">
    <knoraXmlImport:label>The Poetaster, o</knoraXmlImport:label>
    <p0826-teimww:bookInternalId knoraType="richtext_value">@001296</p0826-teimww:bookInternalId>
    <p0826-teimww:createdDate knoraType="date_value">GREGORIAN:1601:1601</p0826-teimww:createdDate>
    <p0826-teimww:edition knoraType="richtext_value">The Workes of Beniamin Jonson. London: Will Stansby, 1616. 272-353.</p0826-teimww:edition>
    <p0826-teimww:hasLanguage knoraType="richtext_value">English</p0826-teimww:hasLanguage>
    <p0826-teimww:isWrittenBy>
      <p0826-teimww:person knoraType="link_value" linkType="ref" target="ww_9b2d545e20d62482"/>
    </p0826-teimww:isWrittenBy>
    <p0826-teimww:publishDate knoraType="date_value">GREGORIAN:1601:1601</p0826-teimww:publishDate>
    <p0826-teimww:title knoraType="richtext_value">The Poetaster, or The Arraignment</p0826-teimww:title>
  </p0826-teimww:book>
  <p0826-teimww:book id="ww_f6b0a0a6caabc2ad">
    <knoraXmlImport:label>Blurt, Master Co</knoraXmlImport:label>
    <p0826-teimww:bookInternalId knoraType="richtext_value">@001311</p0826-teimww:bookInternalId>
    <p0826-teimww:createdDate knoraType="date_value">GREGORIAN:1601:1601</p0826-teimww:createdDate>
    <p0826-teimww:edition knoraType="richtext_value">Blurt Master-Constable. Or The Spaniards Night-walke. As it hath bin sundry times priuately acted by the Children of Paules. London: Henry Rockytt, 1602.</p0826-teimww:edition>
    <p0826-teimww:hasLanguage knoraType="richtext_value">English</p0826-teimww:hasLanguage>
    <p0826-teimww:isWrittenBy>
      <p0826-teimww:person knoraType="link_value" linkType="ref" target="ww_87dbd52f1c5b813b"/>
    </p0826-teimww:isWrittenBy>
    <p0826-teimww:publishDate knoraType="date_value">GREGORIAN:1601:1601</p0826-teimww:publishDate>
    <p0826-teimww:title knoraType="richtext_value">Blurt, Master Constable</p0826-teimww:title>
  </p0826-teimww:book>
  <p0826-teimww:book id="ww_573381af1170e2c9">
    <knoraXmlImport:label>Troilus and Cres</knoraXmlImport:label>
    <p0826-teimww:bookInternalId knoraType="richtext_value">@001325</p0826-teimww:bookInternalId>
    <p0826-teimww:createdDate knoraType="date_value">GREGORIAN:1602:1602</p0826-teimww:createdDate>
    <p0826-teimww:edition knoraType="richtext_value">Troilus and Cressida.</p0826-teimww:edition>
    <p0826-teimww:hasLanguage knoraType="richtext_value">English</p0826-teimww:hasLanguage>
    <p0826-teimww:isWrittenBy>
      <p0826-teimww:person knoraType="link_value" linkType="ref" target="ww_684176b58bc762f6"/>
    </p0826-teimww:isWrittenBy>
    <p0826-teimww:publishDate knoraType="date_value">GREGORIAN:1602:1602</p0826-teimww:publishDate>
    <p0826-teimww:title knoraType="richtext_value">Troilus and Cressida</p0826-teimww:title>
  </p0826-teimww:book>
  <p0826-teimww:book id="ww_3b149092050ca583">
    <knoraXmlImport:label>Wily Beguiled</knoraXmlImport:label>
    <p0826-teimww:bookInternalId knoraType="richtext_value">@001321</p0826-teimww:bookInternalId>
    <p0826-teimww:createdDate knoraType="date_value">GREGORIAN:1602:1602</p0826-teimww:createdDate>
    <p0826-teimww:edition knoraType="richtext_value">A Pleasant Comedie, Called Wily Begvilde. The Chiefe Actors be these: A poore Scholler, a rich Foole, and a Knaue at a shifte. London: H. L. for Clement Knight, 1606.</p0826-teimww:edition>
    <p0826-teimww:hasLanguage knoraType="richtext_value">English</p0826-teimww:hasLanguage>
    <p0826-teimww:isWrittenBy>
      <p0826-teimww:person knoraType="link_value" linkType="ref" target="ww_5cb3d6fa23800e74"/>
    </p0826-teimww:isWrittenBy>
    <p0826-teimww:publishDate knoraType="date_value">GREGORIAN:1602:1602</p0826-teimww:publishDate>
    <p0826-teimww:title knoraType="richtext_value">Wily Beguiled</p0826-teimww:title>
  </p0826-teimww:book>
  <p0826-teimww:book id="ww_05caae816d47ff11">
    <knoraXmlImport:label>The Fair Maid of</knoraXmlImport:label>
    <p0826-teimww:bookInternalId knoraType="richtext_value">@001326</p0826-teimww:bookInternalId>
    <p0826-teimww:createdDate knoraType="date_value">GREGORIAN:1602:1602</p0826-teimww:createdDate>
    <p0826-teimww:edition knoraType="richtext_value">The Fayre Mayde of the Exchange. With The pleasaunt Humours of the Cripple of Fanchurch. Very delectable, and full of mirth. London: Henry Rockit, 1607.</p0826-teimww:edition>
    <p0826-teimww:hasLanguage knoraType="richtext_value">English</p0826-teimww:hasLanguage>
    <p0826-teimww:isWrittenBy>
      <p0826-teimww:person knoraType="link_value" linkType="ref" target="ww_f10aec8cfe5ff90d"/>
    </p0826-teimww:isWrittenBy>
    <p0826-teimww:publishDate knoraType="date_value">GREGORIAN:1602:1602</p0826-teimww:publishDate>
    <p0826-teimww:title knoraType="richtext_value">The Fair Maid of the Exchange</p0826-teimww:title>
  </p0826-teimww:book>
  <p0826-teimww:book id="ww_bb90da7c699e38e8">
    <knoraXmlImport:label>The Four Apprent</knoraXmlImport:label>
    <p0826-teimww:bookInternalId knoraType="richtext_value">@001351</p0826-teimww:bookInternalId>
    <p0826-teimww:createdDate knoraType="date_value">GREGORIAN:1602:1602</p0826-teimww:createdDate>
    <p0826-teimww:edition knoraType="richtext_value">The Foure Prentises of London. With the Conquest of Ierusalem. As it hath bene diuerse times Acted, at the Red Bull, by the Queenes Maiesties Seruants. London: I. W., 1615.</p0826-teimww:edition>
    <p0826-teimww:hasLanguage knoraType="richtext_value">English</p0826-teimww:hasLanguage>
    <p0826-teimww:isWrittenBy>
      <p0826-teimww:person knoraType="link_value" linkType="ref" target="ww_f10aec8cfe5ff90d"/>
    </p0826-teimww:isWrittenBy>
    <p0826-teimww:publishDate knoraType="date_value">GREGORIAN:1602:1602</p0826-teimww:publishDate>
    <p0826-teimww:title knoraType="richtext_value">The Four Apprentices in London</p0826-teimww:title>
  </p0826-teimww:book>
  <p0826-teimww:book id="ww_ae241404822b51fa">
    <knoraXmlImport:label>Sir Thomas Wyatt</knoraXmlImport:label>
    <p0826-teimww:bookInternalId knoraType="richtext_value">@001369</p0826-teimww:bookInternalId>
    <p0826-teimww:createdDate knoraType="date_value">GREGORIAN:1602:1602</p0826-teimww:createdDate>
    <p0826-teimww:edition knoraType="richtext_value">The Famous History of Sir Thomas Wyat. With the Coronation of Queen Mary and the coming in of King Philip. As it was plaied by the Queens Maiesties Seruants. London: E. A. for Thomas Archer, 1607.</p0826-teimww:edition>
    <p0826-teimww:hasLanguage knoraType="richtext_value">English</p0826-teimww:hasLanguage>
    <p0826-teimww:isWrittenBy>
      <p0826-teimww:person knoraType="link_value" linkType="ref" target="ww_d78940f8a8554ca3"/>
    </p0826-teimww:isWrittenBy>
    <p0826-teimww:isWrittenBy>
      <p0826-teimww:person knoraType="link_value" linkType="ref" target="ww_9594c85bc48d3759"/>
    </p0826-teimww:isWrittenBy>
    <p0826-teimww:isWrittenBy>
      <p0826-teimww:person knoraType="link_value" linkType="ref" target="ww_f10aec8cfe5ff90d"/>
    </p0826-teimww:isWrittenBy>
    <p0826-teimww:isWrittenBy>
      <p0826-teimww:person knoraType="link_value" linkType="ref" target="ww_87dbd52f1c5b813b"/>
    </p0826-teimww:isWrittenBy>
    <p0826-teimww:publishDate knoraType="date_value">GREGORIAN:1602:1602</p0826-teimww:publishDate>
    <p0826-teimww:title knoraType="richtext_value">Sir Thomas Wyatt</p0826-teimww:title>
  </p0826-teimww:book>
  <p0826-teimww:book id="ww_aff3e1e0ec71023e">
    <knoraXmlImport:label>Measure for Meas</knoraXmlImport:label>
    <p0826-teimww:bookInternalId knoraType="richtext_value">@001413</p0826-teimww:bookInternalId>
    <p0826-teimww:createdDate knoraType="date_value">GREGORIAN:1603:1603</p0826-teimww:createdDate>
    <p0826-teimww:edition knoraType="richtext_value">Measure for Measure.</p0826-teimww:edition>
    <p0826-teimww:hasLanguage knoraType="richtext_value">English</p0826-teimww:hasLanguage>
    <p0826-teimww:isWrittenBy>
      <p0826-teimww:person knoraType="link_value" linkType="ref" target="ww_684176b58bc762f6"/>
    </p0826-teimww:isWrittenBy>
    <p0826-teimww:publishDate knoraType="date_value">GREGORIAN:1603:1603</p0826-teimww:publishDate>
    <p0826-teimww:title knoraType="richtext_value">Measure for Measure</p0826-teimww:title>
  </p0826-teimww:book>
  <p0826-teimww:book id="ww_b39e765e82b19cd8">
    <knoraXmlImport:label>Sonnet 20</knoraXmlImport:label>
    <p0826-teimww:bookInternalId knoraType="richtext_value">@005154</p0826-teimww:bookInternalId>
    <p0826-teimww:createdDate knoraType="date_value">GREGORIAN:1603:1603</p0826-teimww:createdDate>
    <p0826-teimww:edition knoraType="richtext_value">Folger Shakespeare Library. Shakespeare's Plays from Folger Digital Texts. Ed. Barbara Mowat, Paul Werstine, Michael Poston, and Rebecca Niles. Folger Shakespeare Library, 20 March, 2019. www.folgerdigitaltexts.org.</p0826-teimww:edition>
    <p0826-teimww:hasLanguage knoraType="richtext_value">English</p0826-teimww:hasLanguage>
    <p0826-teimww:isWrittenBy>
      <p0826-teimww:person knoraType="link_value" linkType="ref" target="ww_684176b58bc762f6"/>
    </p0826-teimww:isWrittenBy>
    <p0826-teimww:publishDate knoraType="date_value">GREGORIAN:1603:1603</p0826-teimww:publishDate>
    <p0826-teimww:title knoraType="richtext_value">Sonnet 20</p0826-teimww:title>
  </p0826-teimww:book>
  <p0826-teimww:book id="ww_9b67ca7f120fc425">
    <knoraXmlImport:label>Othello</knoraXmlImport:label>
    <p0826-teimww:bookInternalId knoraType="richtext_value">@001437</p0826-teimww:bookInternalId>
    <p0826-teimww:createdDate knoraType="date_value">GREGORIAN:1604:1604</p0826-teimww:createdDate>
    <p0826-teimww:edition knoraType="richtext_value">Othello.</p0826-teimww:edition>
    <p0826-teimww:hasLanguage knoraType="richtext_value">English</p0826-teimww:hasLanguage>
    <p0826-teimww:isWrittenBy>
      <p0826-teimww:person knoraType="link_value" linkType="ref" target="ww_684176b58bc762f6"/>
    </p0826-teimww:isWrittenBy>
    <p0826-teimww:publishDate knoraType="date_value">GREGORIAN:1604:1604</p0826-teimww:publishDate>
    <p0826-teimww:title knoraType="richtext_value">Othello</p0826-teimww:title>
  </p0826-teimww:book>
  <p0826-teimww:book id="ww_ad7af8eb91622840">
    <knoraXmlImport:label>Westward Ho</knoraXmlImport:label>
    <p0826-teimww:bookInternalId knoraType="richtext_value">@001450</p0826-teimww:bookInternalId>
    <p0826-teimww:createdDate knoraType="date_value">GREGORIAN:1604:1604</p0826-teimww:createdDate>
    <p0826-teimww:edition knoraType="richtext_value">The Dramatic Works of Thomas Dekker. Ed. F. Bowers. 4 vols. Cambridge: Cambridge University Press, 1955. Vol. 2, 311-404.</p0826-teimww:edition>
    <p0826-teimww:hasLanguage knoraType="richtext_value">English</p0826-teimww:hasLanguage>
    <p0826-teimww:isWrittenBy>
      <p0826-teimww:person knoraType="link_value" linkType="ref" target="ww_9594c85bc48d3759"/>
    </p0826-teimww:isWrittenBy>
    <p0826-teimww:isWrittenBy>
      <p0826-teimww:person knoraType="link_value" linkType="ref" target="ww_87dbd52f1c5b813b"/>
    </p0826-teimww:isWrittenBy>
    <p0826-teimww:publishDate knoraType="date_value">GREGORIAN:1604:1604</p0826-teimww:publishDate>
    <p0826-teimww:title knoraType="richtext_value">Westward Ho</p0826-teimww:title>
  </p0826-teimww:book>
  <p0826-teimww:book id="ww_f38099d24a8f82da">
    <knoraXmlImport:label>Bussy DAmboise</knoraXmlImport:label>
    <p0826-teimww:bookInternalId knoraType="richtext_value">@001428</p0826-teimww:bookInternalId>
    <p0826-teimww:createdDate knoraType="date_value">GREGORIAN:1604:1604</p0826-teimww:createdDate>
    <p0826-teimww:edition knoraType="richtext_value">Bussy D'Ambois. A Tragedie: As it hath been often presented at Paules. London. William Aspley, 1607.</p0826-teimww:edition>
    <p0826-teimww:hasLanguage knoraType="richtext_value">English</p0826-teimww:hasLanguage>
    <p0826-teimww:isWrittenBy>
      <p0826-teimww:person knoraType="link_value" linkType="ref" target="ww_8501ec457f433848"/>
    </p0826-teimww:isWrittenBy>
    <p0826-teimww:publishDate knoraType="date_value">GREGORIAN:1604:1604</p0826-teimww:publishDate>
    <p0826-teimww:title knoraType="richtext_value">Bussy DAmboise</p0826-teimww:title>
  </p0826-teimww:book>
  <p0826-teimww:book id="ww_7ce8c060adcb001c">
    <knoraXmlImport:label>Law-Tricks</knoraXmlImport:label>
    <p0826-teimww:bookInternalId knoraType="richtext_value">@001436</p0826-teimww:bookInternalId>
    <p0826-teimww:createdDate knoraType="date_value">GREGORIAN:1604:1604</p0826-teimww:createdDate>
    <p0826-teimww:edition knoraType="richtext_value">Law-Trickes. Or, Who Would Have Thovght It. As it hath bene diuers times Acted by the Children of the Reuels. Written by Iohn Day. London: Richard More, 1608.</p0826-teimww:edition>
    <p0826-teimww:hasLanguage knoraType="richtext_value">English</p0826-teimww:hasLanguage>
    <p0826-teimww:isWrittenBy>
      <p0826-teimww:person knoraType="link_value" linkType="ref" target="ww_947a2e721f016a03"/>
    </p0826-teimww:isWrittenBy>
    <p0826-teimww:publishDate knoraType="date_value">GREGORIAN:1604:1604</p0826-teimww:publishDate>
    <p0826-teimww:title knoraType="richtext_value">Law-Tricks</p0826-teimww:title>
  </p0826-teimww:book>
  <p0826-teimww:book id="ww_9878ac4728900ba4">
    <knoraXmlImport:label>May Day</knoraXmlImport:label>
    <p0826-teimww:bookInternalId knoraType="richtext_value">@001439</p0826-teimww:bookInternalId>
    <p0826-teimww:createdDate knoraType="date_value">GREGORIAN:1604:1604</p0826-teimww:createdDate>
    <p0826-teimww:edition knoraType="richtext_value">May-Day. A witty comedie, diuers times acted at the Blacke Fryers. Written by George Chapman. London: John Browne, 1611.</p0826-teimww:edition>
    <p0826-teimww:hasLanguage knoraType="richtext_value">English</p0826-teimww:hasLanguage>
    <p0826-teimww:isWrittenBy>
      <p0826-teimww:person knoraType="link_value" linkType="ref" target="ww_8501ec457f433848"/>
    </p0826-teimww:isWrittenBy>
    <p0826-teimww:publishDate knoraType="date_value">GREGORIAN:1604:1604</p0826-teimww:publishDate>
    <p0826-teimww:title knoraType="richtext_value">May Day</p0826-teimww:title>
  </p0826-teimww:book>
  <p0826-teimww:book id="ww_2904e9f7b34ab517">
    <knoraXmlImport:label>If You Know Not </knoraXmlImport:label>
    <p0826-teimww:bookInternalId knoraType="richtext_value">@001433</p0826-teimww:bookInternalId>
    <p0826-teimww:createdDate knoraType="date_value">GREGORIAN:1604:1604</p0826-teimww:createdDate>
    <p0826-teimww:edition knoraType="richtext_value">The Second Part of If You Know Not Me, You Know No Body. In The Dramatic Works of Thomas Heywood: Now First Collected with Illustrative Notes and a Memoir of the Author [...], Volume 1. London: John Pearson, 1874. 249-352.</p0826-teimww:edition>
    <p0826-teimww:hasLanguage knoraType="richtext_value">English</p0826-teimww:hasLanguage>
    <p0826-teimww:isWrittenBy>
      <p0826-teimww:person knoraType="link_value" linkType="ref" target="ww_f10aec8cfe5ff90d"/>
    </p0826-teimww:isWrittenBy>
    <p0826-teimww:publishDate knoraType="date_value">GREGORIAN:1604:1604</p0826-teimww:publishDate>
    <p0826-teimww:title knoraType="richtext_value">If You Know Not Me, You Know Nobody Part 2</p0826-teimww:title>
  </p0826-teimww:book>
  <p0826-teimww:book id="ww_c7017a2fd4b1ff37">
    <knoraXmlImport:label>All Fools</knoraXmlImport:label>
    <p0826-teimww:bookInternalId knoraType="richtext_value">@001448</p0826-teimww:bookInternalId>
    <p0826-teimww:createdDate knoraType="date_value">GREGORIAN:1604:1604</p0826-teimww:createdDate>
    <p0826-teimww:edition knoraType="richtext_value">Al Fooles. A Comedy. London: Thomas Thorpe, 1605.</p0826-teimww:edition>
    <p0826-teimww:hasLanguage knoraType="richtext_value">English</p0826-teimww:hasLanguage>
    <p0826-teimww:isWrittenBy>
      <p0826-teimww:person knoraType="link_value" linkType="ref" target="ww_8501ec457f433848"/>
    </p0826-teimww:isWrittenBy>
    <p0826-teimww:publishDate knoraType="date_value">GREGORIAN:1604:1604</p0826-teimww:publishDate>
    <p0826-teimww:title knoraType="richtext_value">All Fools</p0826-teimww:title>
  </p0826-teimww:book>
  <p0826-teimww:book id="ww_ad87a567c9aa933d">
    <knoraXmlImport:label>The Patient Man </knoraXmlImport:label>
    <p0826-teimww:bookInternalId knoraType="richtext_value">@001431</p0826-teimww:bookInternalId>
    <p0826-teimww:createdDate knoraType="date_value">GREGORIAN:1604:1604</p0826-teimww:createdDate>
    <p0826-teimww:edition knoraType="richtext_value">The Collected Works. Eds. Gary Taylor and John Lavagnino. Oxford: Clarendon Press, 2007. 280-327.</p0826-teimww:edition>
    <p0826-teimww:hasLanguage knoraType="richtext_value">English</p0826-teimww:hasLanguage>
    <p0826-teimww:isWrittenBy>
      <p0826-teimww:person knoraType="link_value" linkType="ref" target="ww_c298754546b2500e"/>
    </p0826-teimww:isWrittenBy>
    <p0826-teimww:isWrittenBy>
      <p0826-teimww:person knoraType="link_value" linkType="ref" target="ww_87dbd52f1c5b813b"/>
    </p0826-teimww:isWrittenBy>
    <p0826-teimww:publishDate knoraType="date_value">GREGORIAN:1604:1604</p0826-teimww:publishDate>
    <p0826-teimww:title knoraType="richtext_value">The Patient Man And The Honest Whore</p0826-teimww:title>
  </p0826-teimww:book>
  <p0826-teimww:book id="ww_a9ac3afc4eca7d49">
    <knoraXmlImport:label>King Lear</knoraXmlImport:label>
    <p0826-teimww:bookInternalId knoraType="richtext_value">@001486</p0826-teimww:bookInternalId>
    <p0826-teimww:createdDate knoraType="date_value">GREGORIAN:1605:1605</p0826-teimww:createdDate>
    <p0826-teimww:edition knoraType="richtext_value">King Lear.</p0826-teimww:edition>
    <p0826-teimww:hasLanguage knoraType="richtext_value">English</p0826-teimww:hasLanguage>
    <p0826-teimww:isWrittenBy>
      <p0826-teimww:person knoraType="link_value" linkType="ref" target="ww_684176b58bc762f6"/>
    </p0826-teimww:isWrittenBy>
    <p0826-teimww:publishDate knoraType="date_value">GREGORIAN:1605:1605</p0826-teimww:publishDate>
    <p0826-teimww:title knoraType="richtext_value">King Lear</p0826-teimww:title>
  </p0826-teimww:book>
  <p0826-teimww:book id="ww_98330de6bfd83dd4">
    <knoraXmlImport:label>The Flea</knoraXmlImport:label>
    <p0826-teimww:bookInternalId knoraType="richtext_value">@005177</p0826-teimww:bookInternalId>
    <p0826-teimww:createdDate knoraType="date_value">GREGORIAN:1605:1605</p0826-teimww:createdDate>
    <p0826-teimww:edition knoraType="richtext_value">The Flea. Sic parva componere magnis. London: John Smethwick, 1605.</p0826-teimww:edition>
    <p0826-teimww:hasLanguage knoraType="richtext_value">English</p0826-teimww:hasLanguage>
    <p0826-teimww:isWrittenBy>
      <p0826-teimww:person knoraType="link_value" linkType="ref" target="ww_f1b3b2adeeb3e86f"/>
    </p0826-teimww:isWrittenBy>
    <p0826-teimww:publishDate knoraType="date_value">GREGORIAN:1605:1605</p0826-teimww:publishDate>
    <p0826-teimww:title knoraType="richtext_value">The Flea</p0826-teimww:title>
  </p0826-teimww:book>
  <p0826-teimww:book id="ww_c021f9c6c9cb807d">
    <knoraXmlImport:label>Eastward Hoe</knoraXmlImport:label>
    <p0826-teimww:bookInternalId knoraType="richtext_value">@001473</p0826-teimww:bookInternalId>
    <p0826-teimww:createdDate knoraType="date_value">GREGORIAN:1605:1605</p0826-teimww:createdDate>
    <p0826-teimww:edition knoraType="richtext_value">The Plays of John Marston in Three Volumes. Ed. H. Harvey Wood. Edinburgh and London: Oliver and Boyd, 1934-1939. 3:83-174.</p0826-teimww:edition>
    <p0826-teimww:hasLanguage knoraType="richtext_value">English</p0826-teimww:hasLanguage>
    <p0826-teimww:isWrittenBy>
      <p0826-teimww:person knoraType="link_value" linkType="ref" target="ww_8501ec457f433848"/>
    </p0826-teimww:isWrittenBy>
    <p0826-teimww:isWrittenBy>
      <p0826-teimww:person knoraType="link_value" linkType="ref" target="ww_ad03d7c87e5b9c24"/>
    </p0826-teimww:isWrittenBy>
    <p0826-teimww:isWrittenBy>
      <p0826-teimww:person knoraType="link_value" linkType="ref" target="ww_9b2d545e20d62482"/>
    </p0826-teimww:isWrittenBy>
    <p0826-teimww:publishDate knoraType="date_value">GREGORIAN:1605:1605</p0826-teimww:publishDate>
    <p0826-teimww:title knoraType="richtext_value">Eastward Hoe</p0826-teimww:title>
  </p0826-teimww:book>
  <p0826-teimww:book id="ww_68caf0be92d6d9a9">
    <knoraXmlImport:label>Hamlet Before It</knoraXmlImport:label>
    <p0826-teimww:bookInternalId knoraType="richtext_value">@010104</p0826-teimww:bookInternalId>
    <p0826-teimww:edition knoraType="richtext_value">Modern Language Quarterly 62.4 (December 2001): 355-375.</p0826-teimww:edition>
    <p0826-teimww:isWrittenBy>
      <p0826-teimww:person knoraType="link_value" linkType="ref" target="ww_aee1340a336646a7"/>
    </p0826-teimww:isWrittenBy>
    <p0826-teimww:title knoraType="richtext_value">Hamlet Before Its Time</p0826-teimww:title>
  </p0826-teimww:book>
  <p0826-teimww:book id="ww_2f9b1b0a9d86ff6d">
    <knoraXmlImport:label>North-Ward Hoe</knoraXmlImport:label>
    <p0826-teimww:bookInternalId knoraType="richtext_value">@001483</p0826-teimww:bookInternalId>
    <p0826-teimww:createdDate knoraType="date_value">GREGORIAN:1605:1605</p0826-teimww:createdDate>
    <p0826-teimww:edition knoraType="richtext_value">The Dramatic Works of Thomas Dekker. Ed. F. Bowers. 4 vols. Cambridge: Cambridge University Press, 1955. Vol. 2, 410-90.</p0826-teimww:edition>
    <p0826-teimww:hasLanguage knoraType="richtext_value">English</p0826-teimww:hasLanguage>
    <p0826-teimww:isWrittenBy>
      <p0826-teimww:person knoraType="link_value" linkType="ref" target="ww_9594c85bc48d3759"/>
    </p0826-teimww:isWrittenBy>
    <p0826-teimww:isWrittenBy>
      <p0826-teimww:person knoraType="link_value" linkType="ref" target="ww_87dbd52f1c5b813b"/>
    </p0826-teimww:isWrittenBy>
    <p0826-teimww:publishDate knoraType="date_value">GREGORIAN:1605:1605</p0826-teimww:publishDate>
    <p0826-teimww:title knoraType="richtext_value">North-Ward Hoe</p0826-teimww:title>
  </p0826-teimww:book>
  <p0826-teimww:book id="ww_9ccfd1aca399310c">
    <knoraXmlImport:label>A Mad World, My </knoraXmlImport:label>
    <p0826-teimww:bookInternalId knoraType="richtext_value">@001479</p0826-teimww:bookInternalId>
    <p0826-teimww:createdDate knoraType="date_value">GREGORIAN:1605:1605</p0826-teimww:createdDate>
    <p0826-teimww:edition knoraType="richtext_value">The Collected Works. Gen. eds. Gary Taylor and John Lavagnino. Oxford: Clarendon Press, 2007. 417-451.</p0826-teimww:edition>
    <p0826-teimww:hasLanguage knoraType="richtext_value">English</p0826-teimww:hasLanguage>
    <p0826-teimww:isWrittenBy>
      <p0826-teimww:person knoraType="link_value" linkType="ref" target="ww_c298754546b2500e"/>
    </p0826-teimww:isWrittenBy>
    <p0826-teimww:publishDate knoraType="date_value">GREGORIAN:1605:1605</p0826-teimww:publishDate>
    <p0826-teimww:title knoraType="richtext_value">A Mad World, My Masters</p0826-teimww:title>
  </p0826-teimww:book>
  <p0826-teimww:book id="ww_17675e9418dc9f39">
    <knoraXmlImport:label>Caesars Revenge,</knoraXmlImport:label>
    <p0826-teimww:bookInternalId knoraType="richtext_value">@001457</p0826-teimww:bookInternalId>
    <p0826-teimww:createdDate knoraType="date_value">GREGORIAN:1605:1605</p0826-teimww:createdDate>
    <p0826-teimww:edition knoraType="richtext_value">The Tragedie Of Caesar and Pompey Or Caesars Reuenge. London: Nathaniel Fosbrooke and John Wright, 1607.</p0826-teimww:edition>
    <p0826-teimww:hasLanguage knoraType="richtext_value">English</p0826-teimww:hasLanguage>
    <p0826-teimww:isWrittenBy>
      <p0826-teimww:person knoraType="link_value" linkType="ref" target="ww_212c78497ddc32c5"/>
    </p0826-teimww:isWrittenBy>
    <p0826-teimww:publishDate knoraType="date_value">GREGORIAN:1605:1605</p0826-teimww:publishDate>
    <p0826-teimww:title knoraType="richtext_value">Caesars Revenge, or Caesar and Pompey</p0826-teimww:title>
  </p0826-teimww:book>
  <p0826-teimww:book id="ww_d0babbfaa4407bfc">
    <knoraXmlImport:label>Alls Well That E</knoraXmlImport:label>
    <p0826-teimww:bookInternalId knoraType="richtext_value">@001461</p0826-teimww:bookInternalId>
    <p0826-teimww:createdDate knoraType="date_value">GREGORIAN:1605:1605</p0826-teimww:createdDate>
    <p0826-teimww:edition knoraType="richtext_value">All's Well That Ends Well.</p0826-teimww:edition>
    <p0826-teimww:hasLanguage knoraType="richtext_value">English</p0826-teimww:hasLanguage>
    <p0826-teimww:isWrittenBy>
      <p0826-teimww:person knoraType="link_value" linkType="ref" target="ww_684176b58bc762f6"/>
    </p0826-teimww:isWrittenBy>
    <p0826-teimww:publishDate knoraType="date_value">GREGORIAN:1605:1605</p0826-teimww:publishDate>
    <p0826-teimww:title knoraType="richtext_value">Alls Well That Ends Well</p0826-teimww:title>
  </p0826-teimww:book>
  <p0826-teimww:book id="ww_7c3febaec4e5aacf">
    <knoraXmlImport:label>The Woman-Hater</knoraXmlImport:label>
    <p0826-teimww:bookInternalId knoraType="richtext_value">@001522</p0826-teimww:bookInternalId>
    <p0826-teimww:createdDate knoraType="date_value">GREGORIAN:1606:1606</p0826-teimww:createdDate>
    <p0826-teimww:edition knoraType="richtext_value">The Dramatic Works in the Beaumont and Fletcher Canon. Ed. F. Bowers. 10 vols. Cambridge: Cambridge University Press, 1966. Vol. 1, 145-259.</p0826-teimww:edition>
    <p0826-teimww:hasLanguage knoraType="richtext_value">English</p0826-teimww:hasLanguage>
    <p0826-teimww:isWrittenBy>
      <p0826-teimww:person knoraType="link_value" linkType="ref" target="ww_ecd33a52caec339f"/>
    </p0826-teimww:isWrittenBy>
    <p0826-teimww:isWrittenBy>
      <p0826-teimww:person knoraType="link_value" linkType="ref" target="ww_3cc0cce5b6bf554a"/>
    </p0826-teimww:isWrittenBy>
    <p0826-teimww:publishDate knoraType="date_value">GREGORIAN:1606:1606</p0826-teimww:publishDate>
    <p0826-teimww:title knoraType="richtext_value">The Woman-Hater</p0826-teimww:title>
  </p0826-teimww:book>
  <p0826-teimww:book id="ww_66c4283b87c123dd">
    <knoraXmlImport:label>'Hamlet' Then Ti</knoraXmlImport:label>
    <p0826-teimww:bookInternalId knoraType="richtext_value">@010025</p0826-teimww:bookInternalId>
    <p0826-teimww:edition knoraType="richtext_value">Shakespeare Survey 18: Shakespeare Then Till Now. Ed. Stanley Wells. Cambridge: Cambridge University Press, 1993. 1-14.</p0826-teimww:edition>
    <p0826-teimww:isWrittenBy>
      <p0826-teimww:person knoraType="link_value" linkType="ref" target="ww_5630a28303424aa1"/>
    </p0826-teimww:isWrittenBy>
    <p0826-teimww:title knoraType="richtext_value">'Hamlet' Then Till Now</p0826-teimww:title>
  </p0826-teimww:book>
  <p0826-teimww:book id="ww_7114631e1c7c2d84">
    <knoraXmlImport:label>Macbeth</knoraXmlImport:label>
    <p0826-teimww:bookInternalId knoraType="richtext_value">@001496</p0826-teimww:bookInternalId>
    <p0826-teimww:createdDate knoraType="date_value">GREGORIAN:1606:1606</p0826-teimww:createdDate>
    <p0826-teimww:edition knoraType="richtext_value">Macbeth.</p0826-teimww:edition>
    <p0826-teimww:hasLanguage knoraType="richtext_value">English</p0826-teimww:hasLanguage>
    <p0826-teimww:isWrittenBy>
      <p0826-teimww:person knoraType="link_value" linkType="ref" target="ww_684176b58bc762f6"/>
    </p0826-teimww:isWrittenBy>
    <p0826-teimww:publishDate knoraType="date_value">GREGORIAN:1606:1606</p0826-teimww:publishDate>
    <p0826-teimww:title knoraType="richtext_value">Macbeth</p0826-teimww:title>
  </p0826-teimww:book>
  <p0826-teimww:book id="ww_e47749f03b5fb074">
    <knoraXmlImport:label>Antony and Cleop</knoraXmlImport:label>
    <p0826-teimww:bookInternalId knoraType="richtext_value">@001517</p0826-teimww:bookInternalId>
    <p0826-teimww:createdDate knoraType="date_value">GREGORIAN:1606:1606</p0826-teimww:createdDate>
    <p0826-teimww:edition knoraType="richtext_value">Antony and Cleopatra.</p0826-teimww:edition>
    <p0826-teimww:hasLanguage knoraType="richtext_value">English</p0826-teimww:hasLanguage>
    <p0826-teimww:isWrittenBy>
      <p0826-teimww:person knoraType="link_value" linkType="ref" target="ww_684176b58bc762f6"/>
    </p0826-teimww:isWrittenBy>
    <p0826-teimww:publishDate knoraType="date_value">GREGORIAN:1606:1606</p0826-teimww:publishDate>
    <p0826-teimww:title knoraType="richtext_value">Antony and Cleopatra</p0826-teimww:title>
  </p0826-teimww:book>
  <p0826-teimww:book id="ww_bdee35cd9360b47f">
    <knoraXmlImport:label>Lingua</knoraXmlImport:label>
    <p0826-teimww:bookInternalId knoraType="richtext_value">@001524</p0826-teimww:bookInternalId>
    <p0826-teimww:createdDate knoraType="date_value">GREGORIAN:1606:1606</p0826-teimww:createdDate>
    <p0826-teimww:edition knoraType="richtext_value">Lingva. Or The Combat of the Tongue, And the fiue Senses For Superiority. A pleasant Comoedie. London: G. Eld for Simon Waterson, 1607.</p0826-teimww:edition>
    <p0826-teimww:hasLanguage knoraType="richtext_value">English</p0826-teimww:hasLanguage>
    <p0826-teimww:isWrittenBy>
      <p0826-teimww:person knoraType="link_value" linkType="ref" target="ww_9186050dfac2d550"/>
    </p0826-teimww:isWrittenBy>
    <p0826-teimww:publishDate knoraType="date_value">GREGORIAN:1606:1606</p0826-teimww:publishDate>
    <p0826-teimww:title knoraType="richtext_value">Lingua</p0826-teimww:title>
  </p0826-teimww:book>
  <p0826-teimww:book id="ww_b8eaca27cf9698df">
    <knoraXmlImport:label>Pericles</knoraXmlImport:label>
    <p0826-teimww:bookInternalId knoraType="richtext_value">@001555</p0826-teimww:bookInternalId>
    <p0826-teimww:createdDate knoraType="date_value">GREGORIAN:1607:1607</p0826-teimww:createdDate>
    <p0826-teimww:edition knoraType="richtext_value">Pericles.</p0826-teimww:edition>
    <p0826-teimww:hasLanguage knoraType="richtext_value">English</p0826-teimww:hasLanguage>
    <p0826-teimww:isWrittenBy>
      <p0826-teimww:person knoraType="link_value" linkType="ref" target="ww_684176b58bc762f6"/>
    </p0826-teimww:isWrittenBy>
    <p0826-teimww:isWrittenBy>
      <p0826-teimww:person knoraType="link_value" linkType="ref" target="ww_986dd93d2d794ff5"/>
    </p0826-teimww:isWrittenBy>
    <p0826-teimww:publishDate knoraType="date_value">GREGORIAN:1607:1607</p0826-teimww:publishDate>
    <p0826-teimww:title knoraType="richtext_value">Pericles</p0826-teimww:title>
  </p0826-teimww:book>
  <p0826-teimww:book id="ww_6129dfa4528ff009">
    <knoraXmlImport:label>Your Five Gallan</knoraXmlImport:label>
    <p0826-teimww:bookInternalId knoraType="richtext_value">@001528</p0826-teimww:bookInternalId>
    <p0826-teimww:createdDate knoraType="date_value">GREGORIAN:1607:1607</p0826-teimww:createdDate>
    <p0826-teimww:edition knoraType="richtext_value">Your fiue Gallants. As it hath beene often in Action at the Black-friers. Written by T. Middleton. London: Richard Bonian, 1608.</p0826-teimww:edition>
    <p0826-teimww:hasLanguage knoraType="richtext_value">English</p0826-teimww:hasLanguage>
    <p0826-teimww:isWrittenBy>
      <p0826-teimww:person knoraType="link_value" linkType="ref" target="ww_c298754546b2500e"/>
    </p0826-teimww:isWrittenBy>
    <p0826-teimww:publishDate knoraType="date_value">GREGORIAN:1607:1607</p0826-teimww:publishDate>
    <p0826-teimww:title knoraType="richtext_value">Your Five Gallants</p0826-teimww:title>
  </p0826-teimww:book>
  <p0826-teimww:book id="ww_abbc162fcc9b8163">
    <knoraXmlImport:label>Cupids Whirligig</knoraXmlImport:label>
    <p0826-teimww:bookInternalId knoraType="richtext_value">@001527</p0826-teimww:bookInternalId>
    <p0826-teimww:createdDate knoraType="date_value">GREGORIAN:1607:1607</p0826-teimww:createdDate>
    <p0826-teimww:edition knoraType="richtext_value">Cvpids Whirligig, As it hath bene sundry times Acted by the Children of the Kings Majesties Reuels. London: E. Allde for Arthur Johnson, 1607.</p0826-teimww:edition>
    <p0826-teimww:hasLanguage knoraType="richtext_value">English</p0826-teimww:hasLanguage>
    <p0826-teimww:isWrittenBy>
      <p0826-teimww:person knoraType="link_value" linkType="ref" target="ww_79c674f9ee6b5a7c"/>
    </p0826-teimww:isWrittenBy>
    <p0826-teimww:publishDate knoraType="date_value">GREGORIAN:1607:1607</p0826-teimww:publishDate>
    <p0826-teimww:title knoraType="richtext_value">Cupids Whirligig</p0826-teimww:title>
  </p0826-teimww:book>
  <p0826-teimww:book id="ww_8129680c1895eb54">
    <knoraXmlImport:label>The Rape of Lucr</knoraXmlImport:label>
    <p0826-teimww:bookInternalId knoraType="richtext_value">@001558</p0826-teimww:bookInternalId>
    <p0826-teimww:createdDate knoraType="date_value">GREGORIAN:1607:1607</p0826-teimww:createdDate>
    <p0826-teimww:edition knoraType="richtext_value">The Rape of Lvcrece. Acted by Her Majesties Servants at the Red-Bull. London: John Raworth for Nathaniel Butter, 1638.</p0826-teimww:edition>
    <p0826-teimww:hasLanguage knoraType="richtext_value">English</p0826-teimww:hasLanguage>
    <p0826-teimww:isWrittenBy>
      <p0826-teimww:person knoraType="link_value" linkType="ref" target="ww_f10aec8cfe5ff90d"/>
    </p0826-teimww:isWrittenBy>
    <p0826-teimww:publishDate knoraType="date_value">GREGORIAN:1607:1607</p0826-teimww:publishDate>
    <p0826-teimww:title knoraType="richtext_value">The Rape of Lucrece (Heywood)</p0826-teimww:title>
  </p0826-teimww:book>
  <p0826-teimww:book id="ww_ad347c17c733512d">
    <knoraXmlImport:label>Humour out of Br</knoraXmlImport:label>
    <p0826-teimww:bookInternalId knoraType="richtext_value">@001559</p0826-teimww:bookInternalId>
    <p0826-teimww:createdDate knoraType="date_value">GREGORIAN:1607:1607</p0826-teimww:createdDate>
    <p0826-teimww:edition knoraType="richtext_value">Humour out of breath. A Comedie Diuers times latelie acted, By the Children Of The Kings Reuells. Written By Iohn Day. London: Iohn Helmes, 1608.</p0826-teimww:edition>
    <p0826-teimww:hasLanguage knoraType="richtext_value">English</p0826-teimww:hasLanguage>
    <p0826-teimww:isWrittenBy>
      <p0826-teimww:person knoraType="link_value" linkType="ref" target="ww_947a2e721f016a03"/>
    </p0826-teimww:isWrittenBy>
    <p0826-teimww:publishDate knoraType="date_value">GREGORIAN:1607:1607</p0826-teimww:publishDate>
    <p0826-teimww:title knoraType="richtext_value">Humour out of Breath</p0826-teimww:title>
  </p0826-teimww:book>
  <p0826-teimww:book id="ww_1bfa3812390e9c05">
    <knoraXmlImport:label>Coriolanus</knoraXmlImport:label>
    <p0826-teimww:bookInternalId knoraType="richtext_value">@001589</p0826-teimww:bookInternalId>
    <p0826-teimww:createdDate knoraType="date_value">GREGORIAN:1608:1608</p0826-teimww:createdDate>
    <p0826-teimww:edition knoraType="richtext_value">Coriolanus.</p0826-teimww:edition>
    <p0826-teimww:hasLanguage knoraType="richtext_value">English</p0826-teimww:hasLanguage>
    <p0826-teimww:isWrittenBy>
      <p0826-teimww:person knoraType="link_value" linkType="ref" target="ww_684176b58bc762f6"/>
    </p0826-teimww:isWrittenBy>
    <p0826-teimww:publishDate knoraType="date_value">GREGORIAN:1608:1608</p0826-teimww:publishDate>
    <p0826-teimww:title knoraType="richtext_value">Coriolanus</p0826-teimww:title>
  </p0826-teimww:book>
  <p0826-teimww:book id="ww_606a583dffc5ec3a">
    <knoraXmlImport:label>The Conspiracy o</knoraXmlImport:label>
    <p0826-teimww:bookInternalId knoraType="richtext_value">@001575</p0826-teimww:bookInternalId>
    <p0826-teimww:createdDate knoraType="date_value">GREGORIAN:1608:1608</p0826-teimww:createdDate>
    <p0826-teimww:edition knoraType="richtext_value">The Conspiracie, And Tragedie of Charles Duke of Byron, Marshall of France. London: G. Eld for Thomas Thorppe, 1608.</p0826-teimww:edition>
    <p0826-teimww:hasLanguage knoraType="richtext_value">English</p0826-teimww:hasLanguage>
    <p0826-teimww:isWrittenBy>
      <p0826-teimww:person knoraType="link_value" linkType="ref" target="ww_8501ec457f433848"/>
    </p0826-teimww:isWrittenBy>
    <p0826-teimww:publishDate knoraType="date_value">GREGORIAN:1608:1608</p0826-teimww:publishDate>
    <p0826-teimww:title knoraType="richtext_value">The Conspiracy of Charles Duke of Byron</p0826-teimww:title>
  </p0826-teimww:book>
  <p0826-teimww:book id="ww_a95fc6769d25de8a">
    <knoraXmlImport:label>Byrons Tragedy</knoraXmlImport:label>
    <p0826-teimww:bookInternalId knoraType="richtext_value">@001576</p0826-teimww:bookInternalId>
    <p0826-teimww:createdDate knoraType="date_value">GREGORIAN:1608:1608</p0826-teimww:createdDate>
    <p0826-teimww:edition knoraType="richtext_value">The Conspiracie, And Tragedie of Charles Duke of Byron, Marshall of France. Acted lately in two playes, at the Black-Friers. Written by George Chapman. London: G. Eld for Thomas Thorppe, 1608.</p0826-teimww:edition>
    <p0826-teimww:hasLanguage knoraType="richtext_value">English</p0826-teimww:hasLanguage>
    <p0826-teimww:isWrittenBy>
      <p0826-teimww:person knoraType="link_value" linkType="ref" target="ww_8501ec457f433848"/>
    </p0826-teimww:isWrittenBy>
    <p0826-teimww:publishDate knoraType="date_value">GREGORIAN:1608:1608</p0826-teimww:publishDate>
    <p0826-teimww:title knoraType="richtext_value">Byrons Tragedy</p0826-teimww:title>
  </p0826-teimww:book>
  <p0826-teimww:book id="ww_d07c9febda3841a4">
    <knoraXmlImport:label>Ram Alley</knoraXmlImport:label>
    <p0826-teimww:bookInternalId knoraType="richtext_value">@001572</p0826-teimww:bookInternalId>
    <p0826-teimww:createdDate knoraType="date_value">GREGORIAN:1608:1608</p0826-teimww:createdDate>
    <p0826-teimww:edition knoraType="richtext_value">Ram-Alley. Or Merrie-Trickes. A comedy Diuers times here-to-fore acted. By the Children of the Kings Reuels. Written by Lo: Barrey. London: G. Eld for Robert Wilson, 1611.</p0826-teimww:edition>
    <p0826-teimww:hasLanguage knoraType="richtext_value">English</p0826-teimww:hasLanguage>
    <p0826-teimww:isWrittenBy>
      <p0826-teimww:person knoraType="link_value" linkType="ref" target="ww_9b3aca5e1fbd9b33"/>
    </p0826-teimww:isWrittenBy>
    <p0826-teimww:publishDate knoraType="date_value">GREGORIAN:1608:1608</p0826-teimww:publishDate>
    <p0826-teimww:title knoraType="richtext_value">Ram Alley</p0826-teimww:title>
  </p0826-teimww:book>
  <p0826-teimww:book id="ww_6e666f6effc63da3">
    <knoraXmlImport:label>A Woman Is A Wea</knoraXmlImport:label>
    <p0826-teimww:bookInternalId knoraType="richtext_value">@001599</p0826-teimww:bookInternalId>
    <p0826-teimww:createdDate knoraType="date_value">GREGORIAN:1609:1609</p0826-teimww:createdDate>
    <p0826-teimww:edition knoraType="richtext_value">The Plays of Nathan Field: Edited from the Original Quartos with Introduction and Notes. Ed. William Peery. Austin: The University of Texas Press, 1950. 55-139.</p0826-teimww:edition>
    <p0826-teimww:hasLanguage knoraType="richtext_value">English</p0826-teimww:hasLanguage>
    <p0826-teimww:isWrittenBy>
      <p0826-teimww:person knoraType="link_value" linkType="ref" target="ww_8926bbeaa7c56023"/>
    </p0826-teimww:isWrittenBy>
    <p0826-teimww:publishDate knoraType="date_value">GREGORIAN:1609:1609</p0826-teimww:publishDate>
    <p0826-teimww:title knoraType="richtext_value">A Woman Is A Weather-Cocke</p0826-teimww:title>
  </p0826-teimww:book>
  <p0826-teimww:book id="ww_845605cc93b1ec3d">
    <knoraXmlImport:label>The Italian Tail</knoraXmlImport:label>
    <p0826-teimww:bookInternalId knoraType="richtext_value">@003160</p0826-teimww:bookInternalId>
    <p0826-teimww:createdDate knoraType="date_value">GREGORIAN:1609:1609</p0826-teimww:createdDate>
    <p0826-teimww:edition knoraType="richtext_value">The Italian Taylor and his Boy.</p0826-teimww:edition>
    <p0826-teimww:hasLanguage knoraType="richtext_value">English</p0826-teimww:hasLanguage>
    <p0826-teimww:isWrittenBy>
      <p0826-teimww:person knoraType="link_value" linkType="ref" target="ww_5350e0c0cddb3400"/>
    </p0826-teimww:isWrittenBy>
    <p0826-teimww:publishDate knoraType="date_value">GREGORIAN:1609:1609</p0826-teimww:publishDate>
    <p0826-teimww:title knoraType="richtext_value">The Italian Tailor and his Boy</p0826-teimww:title>
  </p0826-teimww:book>
  <p0826-teimww:book id="ww_601ea37650b7df8c">
    <knoraXmlImport:label>Eastward Ho! and</knoraXmlImport:label>
    <p0826-teimww:bookInternalId knoraType="richtext_value">@010063</p0826-teimww:bookInternalId>
    <p0826-teimww:edition knoraType="richtext_value">Modern Language Notes 62:2 (February 1947): 131-132.</p0826-teimww:edition>
    <p0826-teimww:isWrittenBy>
      <p0826-teimww:person knoraType="link_value" linkType="ref" target="ww_5920a2f51df6bb9f"/>
    </p0826-teimww:isWrittenBy>
    <p0826-teimww:title knoraType="richtext_value">Eastward Ho! and A Woman is a Weathercock</p0826-teimww:title>
  </p0826-teimww:book>
  <p0826-teimww:book id="ww_2d0eea6c7b8afc36">
    <knoraXmlImport:label>The Atheists Tra</knoraXmlImport:label>
    <p0826-teimww:bookInternalId knoraType="richtext_value">@001625</p0826-teimww:bookInternalId>
    <p0826-teimww:createdDate knoraType="date_value">GREGORIAN:1610:1610</p0826-teimww:createdDate>
    <p0826-teimww:edition knoraType="richtext_value">The Atheist's Tragedy, or The Honest Man's Revenge. Ed. Irving Ribner. London: The Broadwater Press, 1964.</p0826-teimww:edition>
    <p0826-teimww:hasLanguage knoraType="richtext_value">English</p0826-teimww:hasLanguage>
    <p0826-teimww:isWrittenBy>
      <p0826-teimww:person knoraType="link_value" linkType="ref" target="ww_883324fc3b8b8dba"/>
    </p0826-teimww:isWrittenBy>
    <p0826-teimww:publishDate knoraType="date_value">GREGORIAN:1610:1610</p0826-teimww:publishDate>
    <p0826-teimww:title knoraType="richtext_value">The Atheists Tragedy</p0826-teimww:title>
  </p0826-teimww:book>
  <p0826-teimww:book id="ww_0103dc75cd6d8928">
    <knoraXmlImport:label>Cymbeline</knoraXmlImport:label>
    <p0826-teimww:bookInternalId knoraType="richtext_value">@001623</p0826-teimww:bookInternalId>
    <p0826-teimww:createdDate knoraType="date_value">GREGORIAN:1610:1610</p0826-teimww:createdDate>
    <p0826-teimww:edition knoraType="richtext_value">Cymbeline.</p0826-teimww:edition>
    <p0826-teimww:hasLanguage knoraType="richtext_value">English</p0826-teimww:hasLanguage>
    <p0826-teimww:isWrittenBy>
      <p0826-teimww:person knoraType="link_value" linkType="ref" target="ww_684176b58bc762f6"/>
    </p0826-teimww:isWrittenBy>
    <p0826-teimww:publishDate knoraType="date_value">GREGORIAN:1610:1610</p0826-teimww:publishDate>
    <p0826-teimww:title knoraType="richtext_value">Cymbeline</p0826-teimww:title>
  </p0826-teimww:book>
  <p0826-teimww:book id="ww_90bb6791f9507246">
    <knoraXmlImport:label>Amends for Ladie</knoraXmlImport:label>
    <p0826-teimww:bookInternalId knoraType="richtext_value">@001615</p0826-teimww:bookInternalId>
    <p0826-teimww:createdDate knoraType="date_value">GREGORIAN:1610:1610</p0826-teimww:createdDate>
    <p0826-teimww:edition knoraType="richtext_value">The Plays of Nathan Field: Edited from the Original Quartos with Introduction and Notes. Ed. William Peery. Austin: The University of Texas Press, 1950. 159-236.</p0826-teimww:edition>
    <p0826-teimww:hasLanguage knoraType="richtext_value">English</p0826-teimww:hasLanguage>
    <p0826-teimww:isWrittenBy>
      <p0826-teimww:person knoraType="link_value" linkType="ref" target="ww_8926bbeaa7c56023"/>
    </p0826-teimww:isWrittenBy>
    <p0826-teimww:publishDate knoraType="date_value">GREGORIAN:1610:1610</p0826-teimww:publishDate>
    <p0826-teimww:title knoraType="richtext_value">Amends for Ladies</p0826-teimww:title>
  </p0826-teimww:book>
  <p0826-teimww:book id="ww_80345b61ea7ec44a">
    <knoraXmlImport:label>The Woman's Priz</knoraXmlImport:label>
    <p0826-teimww:bookInternalId knoraType="richtext_value">@001609</p0826-teimww:bookInternalId>
    <p0826-teimww:createdDate knoraType="date_value">GREGORIAN:1610:1610</p0826-teimww:createdDate>
    <p0826-teimww:edition knoraType="richtext_value">The Dramatic Works in The Beaumont and Fletcher Canon. Ed. F. Bowers. 10 vols. Cambridge: Cambridge University Press, 1979.</p0826-teimww:edition>
    <p0826-teimww:hasLanguage knoraType="richtext_value">English</p0826-teimww:hasLanguage>
    <p0826-teimww:isWrittenBy>
      <p0826-teimww:person knoraType="link_value" linkType="ref" target="ww_3cc0cce5b6bf554a"/>
    </p0826-teimww:isWrittenBy>
    <p0826-teimww:publishDate knoraType="date_value">GREGORIAN:1610:1610</p0826-teimww:publishDate>
    <p0826-teimww:title knoraType="richtext_value">The Woman's Prize, or, The Tamer Tam'd</p0826-teimww:title>
  </p0826-teimww:book>
  <p0826-teimww:book id="ww_d96c27106919cc24">
    <knoraXmlImport:label>The alchemist</knoraXmlImport:label>
    <p0826-teimww:bookInternalId knoraType="richtext_value">@001621</p0826-teimww:bookInternalId>
    <p0826-teimww:createdDate knoraType="date_value">GREGORIAN:1610:1610</p0826-teimww:createdDate>
    <p0826-teimww:edition knoraType="richtext_value">The Workes of Beniamin Jonson. London: William Stansby, 1616. 602-677.</p0826-teimww:edition>
    <p0826-teimww:hasLanguage knoraType="richtext_value">English</p0826-teimww:hasLanguage>
    <p0826-teimww:isWrittenBy>
      <p0826-teimww:person knoraType="link_value" linkType="ref" target="ww_9b2d545e20d62482"/>
    </p0826-teimww:isWrittenBy>
    <p0826-teimww:publishDate knoraType="date_value">GREGORIAN:1610:1610</p0826-teimww:publishDate>
    <p0826-teimww:title knoraType="richtext_value">The alchemist</p0826-teimww:title>
  </p0826-teimww:book>
  <p0826-teimww:book id="ww_b076e5b94e4771b8">
    <knoraXmlImport:label>Scourge of Folly</knoraXmlImport:label>
    <p0826-teimww:bookInternalId knoraType="richtext_value">@005122</p0826-teimww:bookInternalId>
    <p0826-teimww:createdDate knoraType="date_value">GREGORIAN:1611:1611</p0826-teimww:createdDate>
    <p0826-teimww:edition knoraType="richtext_value">Epig. 10, ed. Grosart, Chertsey Worthies Library.</p0826-teimww:edition>
    <p0826-teimww:hasLanguage knoraType="richtext_value">English</p0826-teimww:hasLanguage>
    <p0826-teimww:isWrittenBy>
      <p0826-teimww:person knoraType="link_value" linkType="ref" target="ww_2afeb85181d58ed3"/>
    </p0826-teimww:isWrittenBy>
    <p0826-teimww:publishDate knoraType="date_value">GREGORIAN:1611:1611</p0826-teimww:publishDate>
    <p0826-teimww:title knoraType="richtext_value">Scourge of Folly</p0826-teimww:title>
  </p0826-teimww:book>
  <p0826-teimww:book id="ww_0466ed69bf4a50be">
    <knoraXmlImport:label>The Tempest</knoraXmlImport:label>
    <p0826-teimww:bookInternalId knoraType="richtext_value">@001652</p0826-teimww:bookInternalId>
    <p0826-teimww:createdDate knoraType="date_value">GREGORIAN:1611:1611</p0826-teimww:createdDate>
    <p0826-teimww:edition knoraType="richtext_value">The Tempest.</p0826-teimww:edition>
    <p0826-teimww:hasLanguage knoraType="richtext_value">English</p0826-teimww:hasLanguage>
    <p0826-teimww:isWrittenBy>
      <p0826-teimww:person knoraType="link_value" linkType="ref" target="ww_684176b58bc762f6"/>
    </p0826-teimww:isWrittenBy>
    <p0826-teimww:publishDate knoraType="date_value">GREGORIAN:1611:1611</p0826-teimww:publishDate>
    <p0826-teimww:title knoraType="richtext_value">The Tempest</p0826-teimww:title>
  </p0826-teimww:book>
  <p0826-teimww:book id="ww_10467667a0394967">
    <knoraXmlImport:label>The Winters Tale</knoraXmlImport:label>
    <p0826-teimww:bookInternalId knoraType="richtext_value">@001631</p0826-teimww:bookInternalId>
    <p0826-teimww:createdDate knoraType="date_value">GREGORIAN:1611:1611</p0826-teimww:createdDate>
    <p0826-teimww:edition knoraType="richtext_value">The Winter's Tale.</p0826-teimww:edition>
    <p0826-teimww:hasLanguage knoraType="richtext_value">English</p0826-teimww:hasLanguage>
    <p0826-teimww:isWrittenBy>
      <p0826-teimww:person knoraType="link_value" linkType="ref" target="ww_684176b58bc762f6"/>
    </p0826-teimww:isWrittenBy>
    <p0826-teimww:publishDate knoraType="date_value">GREGORIAN:1611:1611</p0826-teimww:publishDate>
    <p0826-teimww:title knoraType="richtext_value">The Winters Tale</p0826-teimww:title>
  </p0826-teimww:book>
  <p0826-teimww:book id="ww_5350aa8f1cdc7d01">
    <knoraXmlImport:label>The Golden Age</knoraXmlImport:label>
    <p0826-teimww:bookInternalId knoraType="richtext_value">@001637</p0826-teimww:bookInternalId>
    <p0826-teimww:createdDate knoraType="date_value">GREGORIAN:1611:1611</p0826-teimww:createdDate>
    <p0826-teimww:edition knoraType="richtext_value">The Golden Age. Or The liues of Jupiter and Saturne, with the defining of the Heathen Gods. As it hath beene sundry times acted at the Red Bull, by the Queenes Maiesties Seruants. Written by Thomas Heywood. London: William Barrenger, 1611.</p0826-teimww:edition>
    <p0826-teimww:hasLanguage knoraType="richtext_value">English</p0826-teimww:hasLanguage>
    <p0826-teimww:isWrittenBy>
      <p0826-teimww:person knoraType="link_value" linkType="ref" target="ww_f10aec8cfe5ff90d"/>
    </p0826-teimww:isWrittenBy>
    <p0826-teimww:publishDate knoraType="date_value">GREGORIAN:1611:1611</p0826-teimww:publishDate>
    <p0826-teimww:title knoraType="richtext_value">The Golden Age</p0826-teimww:title>
  </p0826-teimww:book>
  <p0826-teimww:book id="ww_04bc086989bd8c81">
    <knoraXmlImport:label>The City Gallant</knoraXmlImport:label>
    <p0826-teimww:bookInternalId knoraType="richtext_value">@001649</p0826-teimww:bookInternalId>
    <p0826-teimww:createdDate knoraType="date_value">GREGORIAN:1611:1611</p0826-teimww:createdDate>
    <p0826-teimww:edition knoraType="richtext_value">Greenes Tu quoque, or, The Cittie Gallant. As it hath beene diuers times acted by the Queenes Maiesties Seruants, Written by I. Cooke. London: John Trundle, 1614.</p0826-teimww:edition>
    <p0826-teimww:hasLanguage knoraType="richtext_value">English</p0826-teimww:hasLanguage>
    <p0826-teimww:isWrittenBy>
      <p0826-teimww:person knoraType="link_value" linkType="ref" target="ww_a4e45e7b381d6e89"/>
    </p0826-teimww:isWrittenBy>
    <p0826-teimww:publishDate knoraType="date_value">GREGORIAN:1611:1611</p0826-teimww:publishDate>
    <p0826-teimww:title knoraType="richtext_value">The City Gallant, or Greenes Tu Quoque</p0826-teimww:title>
  </p0826-teimww:book>
  <p0826-teimww:book id="ww_51a308c9b1ba699d">
    <knoraXmlImport:label>The White Devil</knoraXmlImport:label>
    <p0826-teimww:bookInternalId knoraType="richtext_value">@001689</p0826-teimww:bookInternalId>
    <p0826-teimww:createdDate knoraType="date_value">GREGORIAN:1612:1612</p0826-teimww:createdDate>
    <p0826-teimww:edition knoraType="richtext_value">English Renaissance Drama: A Norton Anthology. Gen. ed. David Bevington. New York and London: W. W. Norton, 2002. 1659-1748.</p0826-teimww:edition>
    <p0826-teimww:hasLanguage knoraType="richtext_value">English</p0826-teimww:hasLanguage>
    <p0826-teimww:isWrittenBy>
      <p0826-teimww:person knoraType="link_value" linkType="ref" target="ww_9594c85bc48d3759"/>
    </p0826-teimww:isWrittenBy>
    <p0826-teimww:publishDate knoraType="date_value">GREGORIAN:1612:1612</p0826-teimww:publishDate>
    <p0826-teimww:title knoraType="richtext_value">The White Devil</p0826-teimww:title>
  </p0826-teimww:book>
  <p0826-teimww:book id="ww_dbd5db889d39fd5c">
    <knoraXmlImport:label>Henry VIII</knoraXmlImport:label>
    <p0826-teimww:bookInternalId knoraType="richtext_value">@001674</p0826-teimww:bookInternalId>
    <p0826-teimww:createdDate knoraType="date_value">GREGORIAN:1612:1612</p0826-teimww:createdDate>
    <p0826-teimww:edition knoraType="richtext_value">Henry VIII.</p0826-teimww:edition>
    <p0826-teimww:hasLanguage knoraType="richtext_value">English</p0826-teimww:hasLanguage>
    <p0826-teimww:isWrittenBy>
      <p0826-teimww:person knoraType="link_value" linkType="ref" target="ww_684176b58bc762f6"/>
    </p0826-teimww:isWrittenBy>
    <p0826-teimww:isWrittenBy>
      <p0826-teimww:person knoraType="link_value" linkType="ref" target="ww_3cc0cce5b6bf554a"/>
    </p0826-teimww:isWrittenBy>
    <p0826-teimww:publishDate knoraType="date_value">GREGORIAN:1612:1612</p0826-teimww:publishDate>
    <p0826-teimww:title knoraType="richtext_value">Henry VIII</p0826-teimww:title>
  </p0826-teimww:book>
  <p0826-teimww:book id="ww_daecaee38c79925b">
    <knoraXmlImport:label>The Duchess of M</knoraXmlImport:label>
    <p0826-teimww:bookInternalId knoraType="richtext_value">@001726</p0826-teimww:bookInternalId>
    <p0826-teimww:createdDate knoraType="date_value">GREGORIAN:1612:1612</p0826-teimww:createdDate>
    <p0826-teimww:edition knoraType="richtext_value">English Renaissance Drama: A Norton Anthology. Gen. ed. David Bevington. New York and London: W. W. Norton, 2002. 1749-1832.</p0826-teimww:edition>
    <p0826-teimww:hasLanguage knoraType="richtext_value">English</p0826-teimww:hasLanguage>
    <p0826-teimww:isWrittenBy>
      <p0826-teimww:person knoraType="link_value" linkType="ref" target="ww_9594c85bc48d3759"/>
    </p0826-teimww:isWrittenBy>
    <p0826-teimww:publishDate knoraType="date_value">GREGORIAN:1612:1612</p0826-teimww:publishDate>
    <p0826-teimww:title knoraType="richtext_value">The Duchess of Malfi</p0826-teimww:title>
  </p0826-teimww:book>
  <p0826-teimww:book id="ww_b67be63a94c57f53">
    <knoraXmlImport:label>Annals (Hayward)</knoraXmlImport:label>
    <p0826-teimww:bookInternalId knoraType="richtext_value">@015124</p0826-teimww:bookInternalId>
    <p0826-teimww:createdDate knoraType="date_value">GREGORIAN:1612:1612</p0826-teimww:createdDate>
    <p0826-teimww:edition knoraType="richtext_value">Annals of the first four Years of the Reign of Queen Elizabeth. 1612. Harl. MS. 6021.</p0826-teimww:edition>
    <p0826-teimww:hasLanguage knoraType="richtext_value">English</p0826-teimww:hasLanguage>
    <p0826-teimww:isWrittenBy>
      <p0826-teimww:person knoraType="link_value" linkType="ref" target="ww_7c9389d75703bf3a"/>
    </p0826-teimww:isWrittenBy>
    <p0826-teimww:publishDate knoraType="date_value">GREGORIAN:1612:1612</p0826-teimww:publishDate>
    <p0826-teimww:title knoraType="richtext_value">Annals (Hayward)</p0826-teimww:title>
  </p0826-teimww:book>
  <p0826-teimww:book id="ww_384598056518c080">
    <knoraXmlImport:label>The Two Noble Ki</knoraXmlImport:label>
    <p0826-teimww:bookInternalId knoraType="richtext_value">@001724</p0826-teimww:bookInternalId>
    <p0826-teimww:createdDate knoraType="date_value">GREGORIAN:1613:1613</p0826-teimww:createdDate>
    <p0826-teimww:edition knoraType="richtext_value">The Two Noble Kinsmen.</p0826-teimww:edition>
    <p0826-teimww:hasLanguage knoraType="richtext_value">English</p0826-teimww:hasLanguage>
    <p0826-teimww:isWrittenBy>
      <p0826-teimww:person knoraType="link_value" linkType="ref" target="ww_684176b58bc762f6"/>
    </p0826-teimww:isWrittenBy>
    <p0826-teimww:isWrittenBy>
      <p0826-teimww:person knoraType="link_value" linkType="ref" target="ww_3cc0cce5b6bf554a"/>
    </p0826-teimww:isWrittenBy>
    <p0826-teimww:publishDate knoraType="date_value">GREGORIAN:1613:1613</p0826-teimww:publishDate>
    <p0826-teimww:title knoraType="richtext_value">The Two Noble Kinsmen</p0826-teimww:title>
  </p0826-teimww:book>
  <p0826-teimww:book id="ww_1cf38ae034d82923">
    <knoraXmlImport:label>The Ghost of Ric</knoraXmlImport:label>
    <p0826-teimww:bookInternalId knoraType="richtext_value">@003163</p0826-teimww:bookInternalId>
    <p0826-teimww:createdDate knoraType="date_value">GREGORIAN:1614:1614</p0826-teimww:createdDate>
    <p0826-teimww:edition knoraType="richtext_value">The Ghost of Richard the Third. Expressing himself in these thee Parts. 1. His Character 2. His Legend 3. His Tragedie Containing more of him than hath been heretofore showed: either in Chronicles, Playes, or Poems. 1614. Part I, St. viii. Reprinted by Rev. A.B. Grosart in the Fuller Worthies' Library, Complete Poems of Christopher Brooke, 1872, in which see pp. 62, 79, 88, 134. Also for the Shakespere Society, by Mr. J. P. Collier, 1844.]</p0826-teimww:edition>
    <p0826-teimww:hasLanguage knoraType="richtext_value">English</p0826-teimww:hasLanguage>
    <p0826-teimww:isWrittenBy>
      <p0826-teimww:person knoraType="link_value" linkType="ref" target="ww_31fd4cfea1a56eb2"/>
    </p0826-teimww:isWrittenBy>
    <p0826-teimww:publishDate knoraType="date_value">GREGORIAN:1614:1614</p0826-teimww:publishDate>
    <p0826-teimww:title knoraType="richtext_value">The Ghost of Richard the Third</p0826-teimww:title>
  </p0826-teimww:book>
  <p0826-teimww:book id="ww_bd4833a9064eaee2">
    <knoraXmlImport:label>The Witch</knoraXmlImport:label>
    <p0826-teimww:bookInternalId knoraType="richtext_value">@001805</p0826-teimww:bookInternalId>
    <p0826-teimww:createdDate knoraType="date_value">GREGORIAN:1616:1616</p0826-teimww:createdDate>
    <p0826-teimww:edition knoraType="richtext_value">The Collected Works. Gen. eds. Gary Taylor and John Lavagnino. Oxford: Clarendon Press, 2007. 1129-1164.</p0826-teimww:edition>
    <p0826-teimww:hasLanguage knoraType="richtext_value">English</p0826-teimww:hasLanguage>
    <p0826-teimww:isWrittenBy>
      <p0826-teimww:person knoraType="link_value" linkType="ref" target="ww_c298754546b2500e"/>
    </p0826-teimww:isWrittenBy>
    <p0826-teimww:publishDate knoraType="date_value">GREGORIAN:1616:1616</p0826-teimww:publishDate>
    <p0826-teimww:title knoraType="richtext_value">The Witch</p0826-teimww:title>
  </p0826-teimww:book>
  <p0826-teimww:book id="ww_7da5186d0ba71c05">
    <knoraXmlImport:label>A Fair Quarrel</knoraXmlImport:label>
    <p0826-teimww:bookInternalId knoraType="richtext_value">@001798</p0826-teimww:bookInternalId>
    <p0826-teimww:createdDate knoraType="date_value">GREGORIAN:1616:1616</p0826-teimww:createdDate>
    <p0826-teimww:edition knoraType="richtext_value">1212-1250.</p0826-teimww:edition>
    <p0826-teimww:hasLanguage knoraType="richtext_value">English</p0826-teimww:hasLanguage>
    <p0826-teimww:isWrittenBy>
      <p0826-teimww:person knoraType="link_value" linkType="ref" target="ww_5cb3d6fa23800e74"/>
    </p0826-teimww:isWrittenBy>
    <p0826-teimww:isWrittenBy>
      <p0826-teimww:person knoraType="link_value" linkType="ref" target="ww_c298754546b2500e"/>
    </p0826-teimww:isWrittenBy>
    <p0826-teimww:publishDate knoraType="date_value">GREGORIAN:1616:1616</p0826-teimww:publishDate>
    <p0826-teimww:title knoraType="richtext_value">A Fair Quarrel</p0826-teimww:title>
  </p0826-teimww:book>
  <p0826-teimww:book id="ww_1e8eac0ecb7f6a95">
    <knoraXmlImport:label>The Devils Law-C</knoraXmlImport:label>
    <p0826-teimww:bookInternalId knoraType="richtext_value">@001875</p0826-teimww:bookInternalId>
    <p0826-teimww:createdDate knoraType="date_value">GREGORIAN:1618:1618</p0826-teimww:createdDate>
    <p0826-teimww:edition knoraType="richtext_value">The Deuils Law-case. Or, When Women goe to Law, the Deuill is full of Businesse. A new Tragecomaedy. A true and perfect Copie from the Originall. As it was approouedly well Acted by her Maiesties Seruants. Written by Iohn Webster. London: A. M. for John Grismand, 1623.</p0826-teimww:edition>
    <p0826-teimww:hasLanguage knoraType="richtext_value">English</p0826-teimww:hasLanguage>
    <p0826-teimww:isWrittenBy>
      <p0826-teimww:person knoraType="link_value" linkType="ref" target="ww_9594c85bc48d3759"/>
    </p0826-teimww:isWrittenBy>
    <p0826-teimww:publishDate knoraType="date_value">GREGORIAN:1618:1618</p0826-teimww:publishDate>
    <p0826-teimww:title knoraType="richtext_value">The Devils Law-Case</p0826-teimww:title>
  </p0826-teimww:book>
  <p0826-teimww:book id="ww_6318ed97b9193504">
    <knoraXmlImport:label>The Fatal Dowry</knoraXmlImport:label>
    <p0826-teimww:bookInternalId knoraType="richtext_value">@001883</p0826-teimww:bookInternalId>
    <p0826-teimww:createdDate knoraType="date_value">GREGORIAN:1619:1619</p0826-teimww:createdDate>
    <p0826-teimww:edition knoraType="richtext_value">The Fatall Dovvry, a Tragedy. As it hath beene often Acted at the Priuate House in Blackefryers, by his Maiesties Seruants. Written by P. M. and N. F. London: John Norton, for Francis Constable, 1632.</p0826-teimww:edition>
    <p0826-teimww:hasLanguage knoraType="richtext_value">English</p0826-teimww:hasLanguage>
    <p0826-teimww:isWrittenBy>
      <p0826-teimww:person knoraType="link_value" linkType="ref" target="ww_cbc2c3284144573a"/>
    </p0826-teimww:isWrittenBy>
    <p0826-teimww:isWrittenBy>
      <p0826-teimww:person knoraType="link_value" linkType="ref" target="ww_8926bbeaa7c56023"/>
    </p0826-teimww:isWrittenBy>
    <p0826-teimww:publishDate knoraType="date_value">GREGORIAN:1619:1619</p0826-teimww:publishDate>
    <p0826-teimww:title knoraType="richtext_value">The Fatal Dowry</p0826-teimww:title>
  </p0826-teimww:book>
  <p0826-teimww:book id="ww_21998f3517e8979a">
    <knoraXmlImport:label>The Custom of th</knoraXmlImport:label>
    <p0826-teimww:bookInternalId knoraType="richtext_value">@005557</p0826-teimww:bookInternalId>
    <p0826-teimww:createdDate knoraType="date_value">GREGORIAN:1619:1619</p0826-teimww:createdDate>
    <p0826-teimww:edition knoraType="richtext_value">The custome of the countrey. In Comedies and Tragedies Written by Francis Beaumont and Iohn Fletcher [...] Never printed before, And now published by the Authours Originall Copies. London: Humphrey Robinson and Humphrey Moseley, 1647.</p0826-teimww:edition>
    <p0826-teimww:hasLanguage knoraType="richtext_value">English</p0826-teimww:hasLanguage>
    <p0826-teimww:isWrittenBy>
      <p0826-teimww:person knoraType="link_value" linkType="ref" target="ww_cbc2c3284144573a"/>
    </p0826-teimww:isWrittenBy>
    <p0826-teimww:isWrittenBy>
      <p0826-teimww:person knoraType="link_value" linkType="ref" target="ww_3cc0cce5b6bf554a"/>
    </p0826-teimww:isWrittenBy>
    <p0826-teimww:publishDate knoraType="date_value">GREGORIAN:1619:1619</p0826-teimww:publishDate>
    <p0826-teimww:title knoraType="richtext_value">The Custom of the Country</p0826-teimww:title>
  </p0826-teimww:book>
  <p0826-teimww:book id="ww_e7c84f709b583d5f">
    <knoraXmlImport:label>The Virgin Marty</knoraXmlImport:label>
    <p0826-teimww:bookInternalId knoraType="richtext_value">@001957</p0826-teimww:bookInternalId>
    <p0826-teimww:createdDate knoraType="date_value">GREGORIAN:1620:1620</p0826-teimww:createdDate>
    <p0826-teimww:edition knoraType="richtext_value">The Dramatic Works of Thomas Dekker. Ed. F. Bowers. 4 vols. Cambridge: Cambridge University Press, 1955. Vol. 3, 365-468.</p0826-teimww:edition>
    <p0826-teimww:hasLanguage knoraType="richtext_value">English</p0826-teimww:hasLanguage>
    <p0826-teimww:isWrittenBy>
      <p0826-teimww:person knoraType="link_value" linkType="ref" target="ww_cbc2c3284144573a"/>
    </p0826-teimww:isWrittenBy>
    <p0826-teimww:isWrittenBy>
      <p0826-teimww:person knoraType="link_value" linkType="ref" target="ww_87dbd52f1c5b813b"/>
    </p0826-teimww:isWrittenBy>
    <p0826-teimww:publishDate knoraType="date_value">GREGORIAN:1620:1620</p0826-teimww:publishDate>
    <p0826-teimww:title knoraType="richtext_value">The Virgin Martyr</p0826-teimww:title>
  </p0826-teimww:book>
  <p0826-teimww:book id="ww_518300e10a2ce48a">
    <knoraXmlImport:label>The Mayor of Que</knoraXmlImport:label>
    <p0826-teimww:bookInternalId knoraType="richtext_value">@001950</p0826-teimww:bookInternalId>
    <p0826-teimww:createdDate knoraType="date_value">GREGORIAN:1620:1620</p0826-teimww:createdDate>
    <p0826-teimww:edition knoraType="richtext_value">The Collected Works. Eds. Gary Taylor and John Lavagnino. Oxford: Clarendon Press, 2007. 1448-1487.</p0826-teimww:edition>
    <p0826-teimww:hasLanguage knoraType="richtext_value">English</p0826-teimww:hasLanguage>
    <p0826-teimww:isWrittenBy>
      <p0826-teimww:person knoraType="link_value" linkType="ref" target="ww_c298754546b2500e"/>
    </p0826-teimww:isWrittenBy>
    <p0826-teimww:publishDate knoraType="date_value">GREGORIAN:1620:1620</p0826-teimww:publishDate>
    <p0826-teimww:title knoraType="richtext_value">The Mayor of Queenborough</p0826-teimww:title>
  </p0826-teimww:book>
  <p0826-teimww:book id="ww_a30bbb1b8d836e24">
    <knoraXmlImport:label>Anatomy of Melan</knoraXmlImport:label>
    <p0826-teimww:bookInternalId knoraType="richtext_value">@003161</p0826-teimww:bookInternalId>
    <p0826-teimww:createdDate knoraType="date_value">GREGORIAN:1621:1621</p0826-teimww:createdDate>
    <p0826-teimww:edition knoraType="richtext_value">The Anatomy of Melancholy. Ed. Holbrook Jackson. New York: New York Review Books, 2001.</p0826-teimww:edition>
    <p0826-teimww:hasLanguage knoraType="richtext_value">English</p0826-teimww:hasLanguage>
    <p0826-teimww:isWrittenBy>
      <p0826-teimww:person knoraType="link_value" linkType="ref" target="ww_2d4add490de5218d"/>
    </p0826-teimww:isWrittenBy>
    <p0826-teimww:publishDate knoraType="date_value">GREGORIAN:1621:1621</p0826-teimww:publishDate>
    <p0826-teimww:title knoraType="richtext_value">Anatomy of Melancholy</p0826-teimww:title>
  </p0826-teimww:book>
  <p0826-teimww:book id="ww_ba414031d5e5f20b">
    <knoraXmlImport:label>The prophetesse</knoraXmlImport:label>
    <p0826-teimww:bookInternalId knoraType="richtext_value">@002013</p0826-teimww:bookInternalId>
    <p0826-teimww:createdDate knoraType="date_value">GREGORIAN:1622:1622</p0826-teimww:createdDate>
    <p0826-teimww:edition knoraType="richtext_value">Comedies and Tragedies Written by Francis Beaumont and Iohn Fletcher [...] Never printed before, And now published by the Authours Originall Copies. London: Humphrey Robinson and Humphrey Moseley, 1647.</p0826-teimww:edition>
    <p0826-teimww:hasLanguage knoraType="richtext_value">English</p0826-teimww:hasLanguage>
    <p0826-teimww:isWrittenBy>
      <p0826-teimww:person knoraType="link_value" linkType="ref" target="ww_cbc2c3284144573a"/>
    </p0826-teimww:isWrittenBy>
    <p0826-teimww:isWrittenBy>
      <p0826-teimww:person knoraType="link_value" linkType="ref" target="ww_3cc0cce5b6bf554a"/>
    </p0826-teimww:isWrittenBy>
    <p0826-teimww:publishDate knoraType="date_value">GREGORIAN:1622:1622</p0826-teimww:publishDate>
    <p0826-teimww:title knoraType="richtext_value">The prophetesse</p0826-teimww:title>
  </p0826-teimww:book>
  <p0826-teimww:book id="ww_791d02b9b4f75414">
    <knoraXmlImport:label>The Wonder of a </knoraXmlImport:label>
    <p0826-teimww:bookInternalId knoraType="richtext_value">@002017</p0826-teimww:bookInternalId>
    <p0826-teimww:createdDate knoraType="date_value">GREGORIAN:1622:1622</p0826-teimww:createdDate>
    <p0826-teimww:edition knoraType="richtext_value">The wonder of A Kingdome. Written by Thomas Dekker. London: Robert Raworth for Nicholas Vavasour, 1636.</p0826-teimww:edition>
    <p0826-teimww:hasLanguage knoraType="richtext_value">English</p0826-teimww:hasLanguage>
    <p0826-teimww:isWrittenBy>
      <p0826-teimww:person knoraType="link_value" linkType="ref" target="ww_87dbd52f1c5b813b"/>
    </p0826-teimww:isWrittenBy>
    <p0826-teimww:publishDate knoraType="date_value">GREGORIAN:1622:1622</p0826-teimww:publishDate>
    <p0826-teimww:title knoraType="richtext_value">The Wonder of a Kingdom</p0826-teimww:title>
  </p0826-teimww:book>
  <p0826-teimww:book id="ww_da6c4be720d849ae">
    <knoraXmlImport:label>The Noble Bondma</knoraXmlImport:label>
    <p0826-teimww:bookInternalId knoraType="richtext_value">@002074</p0826-teimww:bookInternalId>
    <p0826-teimww:createdDate knoraType="date_value">GREGORIAN:1623:1623</p0826-teimww:createdDate>
    <p0826-teimww:edition knoraType="richtext_value">The Bond-Man. An Antient Storie. As it hath been often Acted with good allowance, at the Cock-pit in Drury-lane: by the most Excellent Princesse, the Lady Elizabeth her Seruants. Edw: Allde, for Iohn Harison [...] 1624.</p0826-teimww:edition>
    <p0826-teimww:hasLanguage knoraType="richtext_value">English</p0826-teimww:hasLanguage>
    <p0826-teimww:isWrittenBy>
      <p0826-teimww:person knoraType="link_value" linkType="ref" target="ww_cbc2c3284144573a"/>
    </p0826-teimww:isWrittenBy>
    <p0826-teimww:publishDate knoraType="date_value">GREGORIAN:1623:1623</p0826-teimww:publishDate>
    <p0826-teimww:title knoraType="richtext_value">The Noble Bondman</p0826-teimww:title>
  </p0826-teimww:book>
  <p0826-teimww:book id="ww_ead2e8abb60ac530">
    <knoraXmlImport:label>The Parliament o</knoraXmlImport:label>
    <p0826-teimww:bookInternalId knoraType="richtext_value">@002144</p0826-teimww:bookInternalId>
    <p0826-teimww:createdDate knoraType="date_value">GREGORIAN:1624:1624</p0826-teimww:createdDate>
    <p0826-teimww:edition knoraType="richtext_value">The Parliament of Love. Oxford: Oxford University Press, 1928.</p0826-teimww:edition>
    <p0826-teimww:hasLanguage knoraType="richtext_value">English</p0826-teimww:hasLanguage>
    <p0826-teimww:isWrittenBy>
      <p0826-teimww:person knoraType="link_value" linkType="ref" target="ww_cbc2c3284144573a"/>
    </p0826-teimww:isWrittenBy>
    <p0826-teimww:publishDate knoraType="date_value">GREGORIAN:1624:1624</p0826-teimww:publishDate>
    <p0826-teimww:title knoraType="richtext_value">The Parliament of Love</p0826-teimww:title>
  </p0826-teimww:book>
  <p0826-teimww:book id="ww_a3664b59bd3c46ae">
    <knoraXmlImport:label>The City Nightca</knoraXmlImport:label>
    <p0826-teimww:bookInternalId knoraType="richtext_value">@002139</p0826-teimww:bookInternalId>
    <p0826-teimww:createdDate knoraType="date_value">GREGORIAN:1624:1624</p0826-teimww:createdDate>
    <p0826-teimww:edition knoraType="richtext_value">The City-Night-Cap. Or, Crede quod habes &amp; habes. A Tragi-Comedy. London: James Cottrel for Samuel Speed, 1661.</p0826-teimww:edition>
    <p0826-teimww:hasLanguage knoraType="richtext_value">English</p0826-teimww:hasLanguage>
    <p0826-teimww:isWrittenBy>
      <p0826-teimww:person knoraType="link_value" linkType="ref" target="ww_6a8b2b14d4099ec9"/>
    </p0826-teimww:isWrittenBy>
    <p0826-teimww:publishDate knoraType="date_value">GREGORIAN:1624:1624</p0826-teimww:publishDate>
    <p0826-teimww:title knoraType="richtext_value">The City Nightcap</p0826-teimww:title>
  </p0826-teimww:book>
  <p0826-teimww:book id="ww_f619b6b1cf5ba6c8">
    <knoraXmlImport:label>Appius and Virgi</knoraXmlImport:label>
    <p0826-teimww:bookInternalId knoraType="richtext_value">@002186</p0826-teimww:bookInternalId>
    <p0826-teimww:createdDate knoraType="date_value">GREGORIAN:1626:1626</p0826-teimww:createdDate>
    <p0826-teimww:edition knoraType="richtext_value">The Complete Works of John Webster. Ed. F. L. Lucas. 4 vols. London: Chatto and Windus, 1927.</p0826-teimww:edition>
    <p0826-teimww:hasLanguage knoraType="richtext_value">English</p0826-teimww:hasLanguage>
    <p0826-teimww:isWrittenBy>
      <p0826-teimww:person knoraType="link_value" linkType="ref" target="ww_9594c85bc48d3759"/>
    </p0826-teimww:isWrittenBy>
    <p0826-teimww:isWrittenBy>
      <p0826-teimww:person knoraType="link_value" linkType="ref" target="ww_f10aec8cfe5ff90d"/>
    </p0826-teimww:isWrittenBy>
    <p0826-teimww:publishDate knoraType="date_value">GREGORIAN:1626:1626</p0826-teimww:publishDate>
    <p0826-teimww:title knoraType="richtext_value">Appius and Virginia</p0826-teimww:title>
  </p0826-teimww:book>
  <p0826-teimww:book id="ww_23f1e9365cf10239">
    <knoraXmlImport:label>Albovine, King o</knoraXmlImport:label>
    <p0826-teimww:bookInternalId knoraType="richtext_value">@002179</p0826-teimww:bookInternalId>
    <p0826-teimww:createdDate knoraType="date_value">GREGORIAN:1626:1626</p0826-teimww:createdDate>
    <p0826-teimww:edition knoraType="richtext_value">The tragedy of Albovine, King of the Lombards: By William D'avenant. London: R. M., 1629.</p0826-teimww:edition>
    <p0826-teimww:hasLanguage knoraType="richtext_value">English</p0826-teimww:hasLanguage>
    <p0826-teimww:isWrittenBy>
      <p0826-teimww:person knoraType="link_value" linkType="ref" target="ww_d8f1d08e1ca080b7"/>
    </p0826-teimww:isWrittenBy>
    <p0826-teimww:publishDate knoraType="date_value">GREGORIAN:1626:1626</p0826-teimww:publishDate>
    <p0826-teimww:title knoraType="richtext_value">Albovine, King of the Lombards</p0826-teimww:title>
  </p0826-teimww:book>
  <p0826-teimww:book id="ww_c0565d6dc5476bc1">
    <knoraXmlImport:label>The Unnatural Co</knoraXmlImport:label>
    <p0826-teimww:bookInternalId knoraType="richtext_value">@002185</p0826-teimww:bookInternalId>
    <p0826-teimww:createdDate knoraType="date_value">GREGORIAN:1626:1626</p0826-teimww:createdDate>
    <p0826-teimww:edition knoraType="richtext_value">The Vnnatvrall Combat. A Tragedie. The Scaene Marsellis. Written by Philip Massinger. As it was presented by the Kings Majesties Servants at the Globe. London: E. G. for Iohn Waterson, 1639.</p0826-teimww:edition>
    <p0826-teimww:hasLanguage knoraType="richtext_value">English</p0826-teimww:hasLanguage>
    <p0826-teimww:isWrittenBy>
      <p0826-teimww:person knoraType="link_value" linkType="ref" target="ww_cbc2c3284144573a"/>
    </p0826-teimww:isWrittenBy>
    <p0826-teimww:publishDate knoraType="date_value">GREGORIAN:1626:1626</p0826-teimww:publishDate>
    <p0826-teimww:title knoraType="richtext_value">The Unnatural Combat</p0826-teimww:title>
  </p0826-teimww:book>
  <p0826-teimww:book id="ww_82dc5dad51a3f21d">
    <knoraXmlImport:label>The Roman Actor</knoraXmlImport:label>
    <p0826-teimww:bookInternalId knoraType="richtext_value">@002190</p0826-teimww:bookInternalId>
    <p0826-teimww:createdDate knoraType="date_value">GREGORIAN:1626:1626</p0826-teimww:createdDate>
    <p0826-teimww:edition knoraType="richtext_value">The Roman Actor. A Tragaedie. As it hath diuers times beene, with good allowance Acted, at the private Play-house in the Black-Friers, by the Kings Majesties Servants. London: B. A. and T. F. for Robert Allot, 1629.</p0826-teimww:edition>
    <p0826-teimww:hasLanguage knoraType="richtext_value">English</p0826-teimww:hasLanguage>
    <p0826-teimww:isWrittenBy>
      <p0826-teimww:person knoraType="link_value" linkType="ref" target="ww_cbc2c3284144573a"/>
    </p0826-teimww:isWrittenBy>
    <p0826-teimww:publishDate knoraType="date_value">GREGORIAN:1626:1626</p0826-teimww:publishDate>
    <p0826-teimww:title knoraType="richtext_value">The Roman Actor</p0826-teimww:title>
  </p0826-teimww:book>
  <p0826-teimww:book id="ww_90e51c7d8dde43b0">
    <knoraXmlImport:label>The noble gentle</knoraXmlImport:label>
    <p0826-teimww:bookInternalId knoraType="richtext_value">@002172</p0826-teimww:bookInternalId>
    <p0826-teimww:createdDate knoraType="date_value">GREGORIAN:1626:1626</p0826-teimww:createdDate>
    <p0826-teimww:edition knoraType="richtext_value">Comedies and Tragedies Written by Francis Beaumont and Iohn Fletcher [...] Never printed before, And now published by the Authours Originall Copies. London: Humphrey Robinson and Humphrey Moseley, 1647. 27-45.</p0826-teimww:edition>
    <p0826-teimww:hasLanguage knoraType="richtext_value">English</p0826-teimww:hasLanguage>
    <p0826-teimww:isWrittenBy>
      <p0826-teimww:person knoraType="link_value" linkType="ref" target="ww_3cc0cce5b6bf554a"/>
    </p0826-teimww:isWrittenBy>
    <p0826-teimww:publishDate knoraType="date_value">GREGORIAN:1626:1626</p0826-teimww:publishDate>
    <p0826-teimww:title knoraType="richtext_value">The noble gentleman</p0826-teimww:title>
  </p0826-teimww:book>
  <p0826-teimww:book id="ww_0a181b40f9edb85e">
    <knoraXmlImport:label>The Cruel Brothe</knoraXmlImport:label>
    <p0826-teimww:bookInternalId knoraType="richtext_value">@002202</p0826-teimww:bookInternalId>
    <p0826-teimww:createdDate knoraType="date_value">GREGORIAN:1627:1627</p0826-teimww:createdDate>
    <p0826-teimww:edition knoraType="richtext_value">The Crvell Brother. A Tragedy. As it was presented, at the priuate House, in the Blacke-Fryers: London: A. M. for John Waterson, 1630.</p0826-teimww:edition>
    <p0826-teimww:hasLanguage knoraType="richtext_value">English</p0826-teimww:hasLanguage>
    <p0826-teimww:isWrittenBy>
      <p0826-teimww:person knoraType="link_value" linkType="ref" target="ww_d8f1d08e1ca080b7"/>
    </p0826-teimww:isWrittenBy>
    <p0826-teimww:publishDate knoraType="date_value">GREGORIAN:1627:1627</p0826-teimww:publishDate>
    <p0826-teimww:title knoraType="richtext_value">The Cruel Brother</p0826-teimww:title>
  </p0826-teimww:book>
  <p0826-teimww:book id="ww_4f3a6c946a2fcd1e">
    <knoraXmlImport:label>The Great Duke o</knoraXmlImport:label>
    <p0826-teimww:bookInternalId knoraType="richtext_value">@002214</p0826-teimww:bookInternalId>
    <p0826-teimww:createdDate knoraType="date_value">GREGORIAN:1627:1627</p0826-teimww:createdDate>
    <p0826-teimww:edition knoraType="richtext_value">The Great Duke of Florence. A Comicall Historie. As it hath beene often presented with good allowance by her Maties Servants at the Phoenix in Drurie Lane. London: John Marriot, 1636.</p0826-teimww:edition>
    <p0826-teimww:hasLanguage knoraType="richtext_value">English</p0826-teimww:hasLanguage>
    <p0826-teimww:isWrittenBy>
      <p0826-teimww:person knoraType="link_value" linkType="ref" target="ww_cbc2c3284144573a"/>
    </p0826-teimww:isWrittenBy>
    <p0826-teimww:publishDate knoraType="date_value">GREGORIAN:1627:1627</p0826-teimww:publishDate>
    <p0826-teimww:title knoraType="richtext_value">The Great Duke of Florence</p0826-teimww:title>
  </p0826-teimww:book>
  <p0826-teimww:book id="ww_ac3676ebd4fd4919">
    <knoraXmlImport:label>The Vow-Breaker</knoraXmlImport:label>
    <p0826-teimww:bookInternalId knoraType="richtext_value">@002260</p0826-teimww:bookInternalId>
    <p0826-teimww:createdDate knoraType="date_value">GREGORIAN:1628:1628</p0826-teimww:createdDate>
    <p0826-teimww:edition knoraType="richtext_value">The Vow Breaker. Or, The Faire Maide of Clifton. In Notinghamshire as it hath beene diuers times Acted by severall Companies with great applause. By William Sampson. London: John Norton for Roger Ball, 1636.</p0826-teimww:edition>
    <p0826-teimww:hasLanguage knoraType="richtext_value">English</p0826-teimww:hasLanguage>
    <p0826-teimww:isWrittenBy>
      <p0826-teimww:person knoraType="link_value" linkType="ref" target="ww_53c2f0bb43b1f960"/>
    </p0826-teimww:isWrittenBy>
    <p0826-teimww:publishDate knoraType="date_value">GREGORIAN:1628:1628</p0826-teimww:publishDate>
    <p0826-teimww:title knoraType="richtext_value">The Vow-Breaker</p0826-teimww:title>
  </p0826-teimww:book>
  <p0826-teimww:book id="ww_84a8155c55c3c1e2">
    <knoraXmlImport:label>The Vow-Breaker </knoraXmlImport:label>
    <p0826-teimww:bookInternalId knoraType="richtext_value">@010009</p0826-teimww:bookInternalId>
    <p0826-teimww:edition knoraType="richtext_value">ed. William Sampson's The Vow-Breaker. Louvain: A. Uytpruyst, 1914.</p0826-teimww:edition>
    <p0826-teimww:isWrittenBy>
      <p0826-teimww:person knoraType="link_value" linkType="ref" target="ww_1d9ffbd1fde1bb58"/>
    </p0826-teimww:isWrittenBy>
    <p0826-teimww:title knoraType="richtext_value">The Vow-Breaker (Wallrath edition)</p0826-teimww:title>
  </p0826-teimww:book>
  <p0826-teimww:book id="ww_fde3a71f41183980">
    <knoraXmlImport:label>The Just Italian</knoraXmlImport:label>
    <p0826-teimww:bookInternalId knoraType="richtext_value">@002282</p0826-teimww:bookInternalId>
    <p0826-teimww:createdDate knoraType="date_value">GREGORIAN:1629:1629</p0826-teimww:createdDate>
    <p0826-teimww:edition knoraType="richtext_value">The Ivst Italian. London: Thomas Harper for John Waterson, 1630.</p0826-teimww:edition>
    <p0826-teimww:hasLanguage knoraType="richtext_value">English</p0826-teimww:hasLanguage>
    <p0826-teimww:isWrittenBy>
      <p0826-teimww:person knoraType="link_value" linkType="ref" target="ww_d8f1d08e1ca080b7"/>
    </p0826-teimww:isWrittenBy>
    <p0826-teimww:publishDate knoraType="date_value">GREGORIAN:1629:1629</p0826-teimww:publishDate>
    <p0826-teimww:title knoraType="richtext_value">The Just Italian</p0826-teimww:title>
  </p0826-teimww:book>
  <p0826-teimww:book id="ww_929a719a55a63af2">
    <knoraXmlImport:label>The Maid of Hono</knoraXmlImport:label>
    <p0826-teimww:bookInternalId knoraType="richtext_value">@002291</p0826-teimww:bookInternalId>
    <p0826-teimww:createdDate knoraType="date_value">GREGORIAN:1630:1630</p0826-teimww:createdDate>
    <p0826-teimww:edition knoraType="richtext_value">The Maid of Honovr. As it hath beene often presented with good allowance at the Phoenix in Drvrie-Lane, by the Queenes Majesties Servants. Written by Philip Massinger. London: I. B. for Robert Allot, 1632.</p0826-teimww:edition>
    <p0826-teimww:hasLanguage knoraType="richtext_value">English</p0826-teimww:hasLanguage>
    <p0826-teimww:isWrittenBy>
      <p0826-teimww:person knoraType="link_value" linkType="ref" target="ww_cbc2c3284144573a"/>
    </p0826-teimww:isWrittenBy>
    <p0826-teimww:publishDate knoraType="date_value">GREGORIAN:1630:1630</p0826-teimww:publishDate>
    <p0826-teimww:title knoraType="richtext_value">The Maid of Honour</p0826-teimww:title>
  </p0826-teimww:book>
  <p0826-teimww:book id="ww_800919bc37e2d114">
    <knoraXmlImport:label>The Fair Maid of</knoraXmlImport:label>
    <p0826-teimww:bookInternalId knoraType="richtext_value">@002320</p0826-teimww:bookInternalId>
    <p0826-teimww:createdDate knoraType="date_value">GREGORIAN:1630:1630</p0826-teimww:createdDate>
    <p0826-teimww:edition knoraType="richtext_value">The Fair Maid Of The West. Or, A Girle worth gold. The second part. As it was lately acted before the King and Queen, with approved liking. By the Queens Majesties Comedians. Written by T. H. London: Richard Royston, 1631.</p0826-teimww:edition>
    <p0826-teimww:hasLanguage knoraType="richtext_value">English</p0826-teimww:hasLanguage>
    <p0826-teimww:isWrittenBy>
      <p0826-teimww:person knoraType="link_value" linkType="ref" target="ww_f10aec8cfe5ff90d"/>
    </p0826-teimww:isWrittenBy>
    <p0826-teimww:publishDate knoraType="date_value">GREGORIAN:1630:1630</p0826-teimww:publishDate>
    <p0826-teimww:title knoraType="richtext_value">The Fair Maid of the West Part 2</p0826-teimww:title>
  </p0826-teimww:book>
  <p0826-teimww:book id="ww_f25717752145938c">
    <knoraXmlImport:label>Believe as You L</knoraXmlImport:label>
    <p0826-teimww:bookInternalId knoraType="richtext_value">@002338</p0826-teimww:bookInternalId>
    <p0826-teimww:createdDate knoraType="date_value">GREGORIAN:1631:1631</p0826-teimww:createdDate>
    <p0826-teimww:edition knoraType="richtext_value">Believe as you List. By Philip Massinger. Oxford: Oxford University Press, 1927.</p0826-teimww:edition>
    <p0826-teimww:hasLanguage knoraType="richtext_value">English</p0826-teimww:hasLanguage>
    <p0826-teimww:isWrittenBy>
      <p0826-teimww:person knoraType="link_value" linkType="ref" target="ww_cbc2c3284144573a"/>
    </p0826-teimww:isWrittenBy>
    <p0826-teimww:publishDate knoraType="date_value">GREGORIAN:1631:1631</p0826-teimww:publishDate>
    <p0826-teimww:title knoraType="richtext_value">Believe as You List</p0826-teimww:title>
  </p0826-teimww:book>
  <p0826-teimww:book id="ww_485a54b3b41dff9b">
    <knoraXmlImport:label>The Emperor of t</knoraXmlImport:label>
    <p0826-teimww:bookInternalId knoraType="richtext_value">@002333</p0826-teimww:bookInternalId>
    <p0826-teimww:createdDate knoraType="date_value">GREGORIAN:1631:1631</p0826-teimww:createdDate>
    <p0826-teimww:edition knoraType="richtext_value">The Emperovr of the East. A Tragae-Comoedie. The Scaene Constantinople. As it hath bene diuers times acted, at the Blackfriers, and Globe Play-houses, by the Kings Maiesties Seruants. Written by Philip Massinger. London: Thomas Harper for John Waterson, 1632.</p0826-teimww:edition>
    <p0826-teimww:hasLanguage knoraType="richtext_value">English</p0826-teimww:hasLanguage>
    <p0826-teimww:isWrittenBy>
      <p0826-teimww:person knoraType="link_value" linkType="ref" target="ww_cbc2c3284144573a"/>
    </p0826-teimww:isWrittenBy>
    <p0826-teimww:publishDate knoraType="date_value">GREGORIAN:1631:1631</p0826-teimww:publishDate>
    <p0826-teimww:title knoraType="richtext_value">The Emperor of the East</p0826-teimww:title>
  </p0826-teimww:book>
  <p0826-teimww:book id="ww_cf1407d337262e2b">
    <knoraXmlImport:label>The Jealous Love</knoraXmlImport:label>
    <p0826-teimww:bookInternalId knoraType="richtext_value">@002365</p0826-teimww:bookInternalId>
    <p0826-teimww:createdDate knoraType="date_value">GREGORIAN:1632:1632</p0826-teimww:createdDate>
    <p0826-teimww:edition knoraType="richtext_value">The Jealous Lovers. A Comedie presented to their gracious Majesties at Cambridge, by the Students of Trinity-Colledge. Cambridge: University Printers, 1632.</p0826-teimww:edition>
    <p0826-teimww:hasLanguage knoraType="richtext_value">English</p0826-teimww:hasLanguage>
    <p0826-teimww:isWrittenBy>
      <p0826-teimww:person knoraType="link_value" linkType="ref" target="ww_96f70a96968da33d"/>
    </p0826-teimww:isWrittenBy>
    <p0826-teimww:publishDate knoraType="date_value">GREGORIAN:1632:1632</p0826-teimww:publishDate>
    <p0826-teimww:title knoraType="richtext_value">The Jealous Lovers</p0826-teimww:title>
  </p0826-teimww:book>
  <p0826-teimww:book id="ww_2a002aad2fdee000">
    <knoraXmlImport:label>Klinike</knoraXmlImport:label>
    <p0826-teimww:bookInternalId knoraType="richtext_value">@001111</p0826-teimww:bookInternalId>
    <p0826-teimww:createdDate knoraType="date_value">GREGORIAN:1633:1633</p0826-teimww:createdDate>
    <p0826-teimww:edition knoraType="richtext_value">Klinike. Or the Diet of the Diseased. London: John Beal for Robert Allot, 1633.</p0826-teimww:edition>
    <p0826-teimww:hasLanguage knoraType="richtext_value">English</p0826-teimww:hasLanguage>
    <p0826-teimww:isWrittenBy>
      <p0826-teimww:person knoraType="link_value" linkType="ref" target="ww_a7bda6e4ea9d6266"/>
    </p0826-teimww:isWrittenBy>
    <p0826-teimww:publishDate knoraType="date_value">GREGORIAN:1633:1633</p0826-teimww:publishDate>
    <p0826-teimww:title knoraType="richtext_value">Klinike</p0826-teimww:title>
  </p0826-teimww:book>
  <p0826-teimww:book id="ww_c8ca0bdc1413defb">
    <knoraXmlImport:label>The Fatal Contra</knoraXmlImport:label>
    <p0826-teimww:bookInternalId knoraType="richtext_value">@002412</p0826-teimww:bookInternalId>
    <p0826-teimww:createdDate knoraType="date_value">GREGORIAN:1633:1633</p0826-teimww:createdDate>
    <p0826-teimww:edition knoraType="richtext_value">The Fatal Contract, A French Tragedy. As it was Acted vvith great Applause by her Majesties Servants. Written by William Hemings [...]. Printed by the Original Copy. London: J. M., 1653.</p0826-teimww:edition>
    <p0826-teimww:hasLanguage knoraType="richtext_value">English</p0826-teimww:hasLanguage>
    <p0826-teimww:isWrittenBy>
      <p0826-teimww:person knoraType="link_value" linkType="ref" target="ww_e97f8919dc99b209"/>
    </p0826-teimww:isWrittenBy>
    <p0826-teimww:publishDate knoraType="date_value">GREGORIAN:1633:1633</p0826-teimww:publishDate>
    <p0826-teimww:title knoraType="richtext_value">The Fatal Contract</p0826-teimww:title>
  </p0826-teimww:book>
  <p0826-teimww:book id="ww_5868d5560bdfc062">
    <knoraXmlImport:label>William Heminge </knoraXmlImport:label>
    <p0826-teimww:bookInternalId knoraType="richtext_value">@010083</p0826-teimww:bookInternalId>
    <p0826-teimww:edition knoraType="richtext_value">Modern Philology 12:1 (May, 1914): 51-64.</p0826-teimww:edition>
    <p0826-teimww:isWrittenBy>
      <p0826-teimww:person knoraType="link_value" linkType="ref" target="ww_b32bc514b340f073"/>
    </p0826-teimww:isWrittenBy>
    <p0826-teimww:title knoraType="richtext_value">William Heminge and Shakespeare</p0826-teimww:title>
  </p0826-teimww:book>
  <p0826-teimww:book id="ww_e04a109f879d52d9">
    <knoraXmlImport:label>The Young Admira</knoraXmlImport:label>
    <p0826-teimww:bookInternalId knoraType="richtext_value">@002410</p0826-teimww:bookInternalId>
    <p0826-teimww:createdDate knoraType="date_value">GREGORIAN:1633:1633</p0826-teimww:createdDate>
    <p0826-teimww:edition knoraType="richtext_value">The young admirall. As it vvas presented by her Majesties Servants, at the private house in Drury Lane. Written by James Shirly. London: Thomas Cotes for Andrew Crooke and William Cooke, 1637.</p0826-teimww:edition>
    <p0826-teimww:hasLanguage knoraType="richtext_value">English</p0826-teimww:hasLanguage>
    <p0826-teimww:isWrittenBy>
      <p0826-teimww:person knoraType="link_value" linkType="ref" target="ww_68dae2dd3ee5eaa3"/>
    </p0826-teimww:isWrittenBy>
    <p0826-teimww:publishDate knoraType="date_value">GREGORIAN:1633:1633</p0826-teimww:publishDate>
    <p0826-teimww:title knoraType="richtext_value">The Young Admiral</p0826-teimww:title>
  </p0826-teimww:book>
  <p0826-teimww:book id="ww_3099d6a308853605">
    <knoraXmlImport:label>A Commentary, or</knoraXmlImport:label>
    <p0826-teimww:bookInternalId knoraType="richtext_value">@005002</p0826-teimww:bookInternalId>
    <p0826-teimww:createdDate knoraType="date_value">GREGORIAN:1633:1633</p0826-teimww:createdDate>
    <p0826-teimww:edition knoraType="richtext_value">A Commentary or Exposition Upon The Divine Second Epistle General Written by the Blessed Apostle St. Peter. London: Jacob Bloome, 1633.</p0826-teimww:edition>
    <p0826-teimww:hasLanguage knoraType="richtext_value">English</p0826-teimww:hasLanguage>
    <p0826-teimww:isWrittenBy>
      <p0826-teimww:person knoraType="link_value" linkType="ref" target="ww_6caa1b04d6f95548"/>
    </p0826-teimww:isWrittenBy>
    <p0826-teimww:publishDate knoraType="date_value">GREGORIAN:1633:1633</p0826-teimww:publishDate>
    <p0826-teimww:title knoraType="richtext_value">A Commentary, or Exposition</p0826-teimww:title>
  </p0826-teimww:book>
  <p0826-teimww:book id="ww_c8f5dee9c32a4636">
    <knoraXmlImport:label>DLCPP - Digital </knoraXmlImport:label>
    <p0826-teimww:bookInternalId knoraType="richtext_value">@010107</p0826-teimww:bookInternalId>
    <p0826-teimww:edition knoraType="richtext_value">DLCPP - Digital Library of Classic Protestant Texts. http://solomon.tcpt.alexanderstreet.com. </p0826-teimww:edition>
    <p0826-teimww:isWrittenBy>
      <p0826-teimww:person knoraType="link_value" linkType="ref" target="ww_212c78497ddc32c5"/>
    </p0826-teimww:isWrittenBy>
    <p0826-teimww:title knoraType="richtext_value">DLCPP - Digital Library of Classic Protestant Text</p0826-teimww:title>
  </p0826-teimww:book>
  <p0826-teimww:book id="ww_f1d46e7ae80368bd">
    <knoraXmlImport:label>The guardian</knoraXmlImport:label>
    <p0826-teimww:bookInternalId knoraType="richtext_value">@002417</p0826-teimww:bookInternalId>
    <p0826-teimww:createdDate knoraType="date_value">GREGORIAN:1633:1633</p0826-teimww:createdDate>
    <p0826-teimww:edition knoraType="richtext_value">Three New Playes; Viz The Bashful Lover. The Guardian, The Very Woman. As they have been often Acted at the Private-House in Black-Friers, by His late Majesties Servants, with great Applause. Written By Philip Massenger. Never Printed before. London: Humphrey Moseley, 1655. 1-93.</p0826-teimww:edition>
    <p0826-teimww:hasLanguage knoraType="richtext_value">English</p0826-teimww:hasLanguage>
    <p0826-teimww:isWrittenBy>
      <p0826-teimww:person knoraType="link_value" linkType="ref" target="ww_cbc2c3284144573a"/>
    </p0826-teimww:isWrittenBy>
    <p0826-teimww:publishDate knoraType="date_value">GREGORIAN:1633:1633</p0826-teimww:publishDate>
    <p0826-teimww:title knoraType="richtext_value">The guardian</p0826-teimww:title>
  </p0826-teimww:book>
  <p0826-teimww:book id="ww_d35dc820f15d3e44">
    <knoraXmlImport:label>The Philosophers</knoraXmlImport:label>
    <p0826-teimww:bookInternalId knoraType="richtext_value">@005107</p0826-teimww:bookInternalId>
    <p0826-teimww:createdDate knoraType="date_value">GREGORIAN:1633:1633</p0826-teimww:createdDate>
    <p0826-teimww:edition knoraType="richtext_value">The philosophers banquet [...]. Newly corrected and inlarged, to almost as much more. By W. B. Esquire. London: [John Beale] for Nicholas Vavasour, 1633.</p0826-teimww:edition>
    <p0826-teimww:hasLanguage knoraType="richtext_value">English</p0826-teimww:hasLanguage>
    <p0826-teimww:isWrittenBy>
      <p0826-teimww:person knoraType="link_value" linkType="ref" target="ww_e92e9dc9d65ade56"/>
    </p0826-teimww:isWrittenBy>
    <p0826-teimww:isWrittenBy>
      <p0826-teimww:person knoraType="link_value" linkType="ref" target="ww_87547eb3eadc52d8"/>
    </p0826-teimww:isWrittenBy>
    <p0826-teimww:publishDate knoraType="date_value">GREGORIAN:1633:1633</p0826-teimww:publishDate>
    <p0826-teimww:title knoraType="richtext_value">The Philosophers Banquet, Third Edition</p0826-teimww:title>
  </p0826-teimww:book>
  <p0826-teimww:book id="ww_d5382e88160d5533">
    <knoraXmlImport:label>Love and Honour</knoraXmlImport:label>
    <p0826-teimww:bookInternalId knoraType="richtext_value">@002453</p0826-teimww:bookInternalId>
    <p0826-teimww:createdDate knoraType="date_value">GREGORIAN:1634:1634</p0826-teimww:createdDate>
    <p0826-teimww:edition knoraType="richtext_value">Love And Honovr. Written by W. Davenant. London: Hum, 1649.</p0826-teimww:edition>
    <p0826-teimww:hasLanguage knoraType="richtext_value">English</p0826-teimww:hasLanguage>
    <p0826-teimww:isWrittenBy>
      <p0826-teimww:person knoraType="link_value" linkType="ref" target="ww_d8f1d08e1ca080b7"/>
    </p0826-teimww:isWrittenBy>
    <p0826-teimww:publishDate knoraType="date_value">GREGORIAN:1634:1634</p0826-teimww:publishDate>
    <p0826-teimww:title knoraType="richtext_value">Love and Honour</p0826-teimww:title>
  </p0826-teimww:book>
  <p0826-teimww:book id="ww_523948c4964405e9">
    <knoraXmlImport:label>The Example</knoraXmlImport:label>
    <p0826-teimww:bookInternalId knoraType="richtext_value">@002437</p0826-teimww:bookInternalId>
    <p0826-teimww:createdDate knoraType="date_value">GREGORIAN:1634:1634</p0826-teimww:createdDate>
    <p0826-teimww:edition knoraType="richtext_value">The Example. As It VVas Presented by her Majesties Servants At the private-House in Drury-Lane. London: john Norton for Andrew and William Cooke 1637.</p0826-teimww:edition>
    <p0826-teimww:hasLanguage knoraType="richtext_value">English</p0826-teimww:hasLanguage>
    <p0826-teimww:isWrittenBy>
      <p0826-teimww:person knoraType="link_value" linkType="ref" target="ww_68dae2dd3ee5eaa3"/>
    </p0826-teimww:isWrittenBy>
    <p0826-teimww:publishDate knoraType="date_value">GREGORIAN:1634:1634</p0826-teimww:publishDate>
    <p0826-teimww:title knoraType="richtext_value">The Example</p0826-teimww:title>
  </p0826-teimww:book>
  <p0826-teimww:book id="ww_e798efc53c0d661b">
    <knoraXmlImport:label>The Platonic Lov</knoraXmlImport:label>
    <p0826-teimww:bookInternalId knoraType="richtext_value">@002519</p0826-teimww:bookInternalId>
    <p0826-teimww:createdDate knoraType="date_value">GREGORIAN:1635:1635</p0826-teimww:createdDate>
    <p0826-teimww:edition knoraType="richtext_value">The Platonick Lovers. London: Richard Meighen, 1636.</p0826-teimww:edition>
    <p0826-teimww:hasLanguage knoraType="richtext_value">English</p0826-teimww:hasLanguage>
    <p0826-teimww:isWrittenBy>
      <p0826-teimww:person knoraType="link_value" linkType="ref" target="ww_d8f1d08e1ca080b7"/>
    </p0826-teimww:isWrittenBy>
    <p0826-teimww:publishDate knoraType="date_value">GREGORIAN:1635:1635</p0826-teimww:publishDate>
    <p0826-teimww:title knoraType="richtext_value">The Platonic Lovers</p0826-teimww:title>
  </p0826-teimww:book>
  <p0826-teimww:book id="ww_f820be86ce1c69cf">
    <knoraXmlImport:label>The Lady of Plea</knoraXmlImport:label>
    <p0826-teimww:bookInternalId knoraType="richtext_value">@002515</p0826-teimww:bookInternalId>
    <p0826-teimww:createdDate knoraType="date_value">GREGORIAN:1635:1635</p0826-teimww:createdDate>
    <p0826-teimww:edition knoraType="richtext_value">The Lady Of Pleasvre. A Comedie, As it was Acted by her Majesties Servants, at the private House in Drury Lane. Written by Iames Shirly. London: Thomas Cotes for Andrew Crooke and William Cooke, 1637.</p0826-teimww:edition>
    <p0826-teimww:hasLanguage knoraType="richtext_value">English</p0826-teimww:hasLanguage>
    <p0826-teimww:isWrittenBy>
      <p0826-teimww:person knoraType="link_value" linkType="ref" target="ww_68dae2dd3ee5eaa3"/>
    </p0826-teimww:isWrittenBy>
    <p0826-teimww:publishDate knoraType="date_value">GREGORIAN:1635:1635</p0826-teimww:publishDate>
    <p0826-teimww:title knoraType="richtext_value">The Lady of Pleasure</p0826-teimww:title>
  </p0826-teimww:book>
  <p0826-teimww:book id="ww_f600369619d836c6">
    <knoraXmlImport:label>The Female Glory</knoraXmlImport:label>
    <p0826-teimww:bookInternalId knoraType="richtext_value">@005056</p0826-teimww:bookInternalId>
    <p0826-teimww:createdDate knoraType="date_value">GREGORIAN:1635:1635</p0826-teimww:createdDate>
    <p0826-teimww:edition knoraType="richtext_value">The femall glory: or, The life, and death of our Blessed Lady, the holy Virgin Mary, Gods owne immaculate mother to whose sacred memory the author dedicates these his humble endeavours. A treatise worthy the reading, and meditation of all modest women, who live under the government of vertue, and are obedient to her lawes. By Anth. Stafford, Gent. London: Thomas Harper for John Waterson, 1635.</p0826-teimww:edition>
    <p0826-teimww:hasLanguage knoraType="richtext_value">English</p0826-teimww:hasLanguage>
    <p0826-teimww:isWrittenBy>
      <p0826-teimww:person knoraType="link_value" linkType="ref" target="ww_edc1093f53e0bc8a"/>
    </p0826-teimww:isWrittenBy>
    <p0826-teimww:publishDate knoraType="date_value">GREGORIAN:1635:1635</p0826-teimww:publishDate>
    <p0826-teimww:title knoraType="richtext_value">The Female Glory</p0826-teimww:title>
  </p0826-teimww:book>
  <p0826-teimww:book id="ww_cd047776ecc0f21c">
    <knoraXmlImport:label>The Tragedy of M</knoraXmlImport:label>
    <p0826-teimww:bookInternalId knoraType="richtext_value">@002472</p0826-teimww:bookInternalId>
    <p0826-teimww:createdDate knoraType="date_value">GREGORIAN:1635:1635</p0826-teimww:createdDate>
    <p0826-teimww:edition knoraType="richtext_value">Nathaniel Richard's Tragedy of Messallina the Roman Emperesse. Ed. Arthur Rowland Skemp. Louvain: A. Uystpruyst, 1910.</p0826-teimww:edition>
    <p0826-teimww:hasLanguage knoraType="richtext_value">English</p0826-teimww:hasLanguage>
    <p0826-teimww:isWrittenBy>
      <p0826-teimww:person knoraType="link_value" linkType="ref" target="ww_7179a7437437988e"/>
    </p0826-teimww:isWrittenBy>
    <p0826-teimww:publishDate knoraType="date_value">GREGORIAN:1635:1635</p0826-teimww:publishDate>
    <p0826-teimww:title knoraType="richtext_value">The Tragedy of Messalina</p0826-teimww:title>
  </p0826-teimww:book>
  <p0826-teimww:book id="ww_5603853ee308e6b5">
    <knoraXmlImport:label>Tragedy of Messa</knoraXmlImport:label>
    <p0826-teimww:bookInternalId knoraType="richtext_value">@010015</p0826-teimww:bookInternalId>
    <p0826-teimww:edition knoraType="richtext_value">ed. Nathanael Richards' tragedy of Messallina the Roman emperesse. Louvain: A. Uystpruyst, 1910. </p0826-teimww:edition>
    <p0826-teimww:isWrittenBy>
      <p0826-teimww:person knoraType="link_value" linkType="ref" target="ww_0fbb6e273519df06"/>
    </p0826-teimww:isWrittenBy>
    <p0826-teimww:title knoraType="richtext_value">Tragedy of Messallina (Skemp edition)</p0826-teimww:title>
  </p0826-teimww:book>
  <p0826-teimww:book id="ww_d67aa0d57e6ca1d5">
    <knoraXmlImport:label>The Drunkards Ch</knoraXmlImport:label>
    <p0826-teimww:bookInternalId knoraType="richtext_value">@005673</p0826-teimww:bookInternalId>
    <p0826-teimww:createdDate knoraType="date_value">GREGORIAN:1638:1638</p0826-teimww:createdDate>
    <p0826-teimww:edition knoraType="richtext_value">The drunkard's character. Or, A true drunkard with such sinnes as raigne in him: viz. pride. Ignorance. Enmity. Atheisme. Idlenesse. Adultery. Murther. with many the like. Lively set forth in their colours. Together with Compleat armour against evill society. The which may serve also for a common-place-booke of the most usuall sinnes. By R. Iunius. London: R. Badger for G. Latham, 1638.</p0826-teimww:edition>
    <p0826-teimww:hasLanguage knoraType="richtext_value">English</p0826-teimww:hasLanguage>
    <p0826-teimww:isWrittenBy>
      <p0826-teimww:person knoraType="link_value" linkType="ref" target="ww_33fc0870e5a0fbcf"/>
    </p0826-teimww:isWrittenBy>
    <p0826-teimww:publishDate knoraType="date_value">GREGORIAN:1638:1638</p0826-teimww:publishDate>
    <p0826-teimww:title knoraType="richtext_value">The Drunkards Character</p0826-teimww:title>
  </p0826-teimww:book>
  <p0826-teimww:book id="ww_fca85ff87c98f237">
    <knoraXmlImport:label>Sicily and Naple</knoraXmlImport:label>
    <p0826-teimww:bookInternalId knoraType="richtext_value">@002634</p0826-teimww:bookInternalId>
    <p0826-teimww:createdDate knoraType="date_value">GREGORIAN:1638:1638</p0826-teimww:createdDate>
    <p0826-teimww:edition knoraType="richtext_value">Sicily and Naples, or, the Fatall Vnion. A Tragoedy. By S. H. Oxford: William Turner: 1640.</p0826-teimww:edition>
    <p0826-teimww:hasLanguage knoraType="richtext_value">English</p0826-teimww:hasLanguage>
    <p0826-teimww:isWrittenBy>
      <p0826-teimww:person knoraType="link_value" linkType="ref" target="ww_296a7b9f6d21cde7"/>
    </p0826-teimww:isWrittenBy>
    <p0826-teimww:publishDate knoraType="date_value">GREGORIAN:1638:1638</p0826-teimww:publishDate>
    <p0826-teimww:title knoraType="richtext_value">Sicily and Naples - The Fatal Union</p0826-teimww:title>
  </p0826-teimww:book>
  <p0826-teimww:book id="ww_08a130e81db8a98f">
    <knoraXmlImport:label>Three Shakespear</knoraXmlImport:label>
    <p0826-teimww:bookInternalId knoraType="richtext_value">@010059</p0826-teimww:bookInternalId>
    <p0826-teimww:edition knoraType="richtext_value">Notes and Queries April 220 (1975): 175.</p0826-teimww:edition>
    <p0826-teimww:isWrittenBy>
      <p0826-teimww:person knoraType="link_value" linkType="ref" target="ww_c1bd14552f609afe"/>
    </p0826-teimww:isWrittenBy>
    <p0826-teimww:title knoraType="richtext_value">Three Shakespearean Echoes</p0826-teimww:title>
  </p0826-teimww:book>
  <p0826-teimww:book id="ww_642b2e2b3af470fd">
    <knoraXmlImport:label>The Fair Favouri</knoraXmlImport:label>
    <p0826-teimww:bookInternalId knoraType="richtext_value">@002666</p0826-teimww:bookInternalId>
    <p0826-teimww:createdDate knoraType="date_value">GREGORIAN:1638:1638</p0826-teimww:createdDate>
    <p0826-teimww:edition knoraType="richtext_value">The Fair Favourite. London: T. N. for Henry Herringman, 1673.</p0826-teimww:edition>
    <p0826-teimww:hasLanguage knoraType="richtext_value">English</p0826-teimww:hasLanguage>
    <p0826-teimww:isWrittenBy>
      <p0826-teimww:person knoraType="link_value" linkType="ref" target="ww_d8f1d08e1ca080b7"/>
    </p0826-teimww:isWrittenBy>
    <p0826-teimww:publishDate knoraType="date_value">GREGORIAN:1638:1638</p0826-teimww:publishDate>
    <p0826-teimww:title knoraType="richtext_value">The Fair Favourite</p0826-teimww:title>
  </p0826-teimww:book>
  <p0826-teimww:book id="ww_c354c8aa7bc6d63e">
    <knoraXmlImport:label>The Goblins. A C</knoraXmlImport:label>
    <p0826-teimww:bookInternalId knoraType="richtext_value">@002592</p0826-teimww:bookInternalId>
    <p0826-teimww:createdDate knoraType="date_value">GREGORIAN:1638:1638</p0826-teimww:createdDate>
    <p0826-teimww:edition knoraType="richtext_value">Fragmenta avrea. A Collection of all the Incomparable Peeces, written by Sir John Svckling. And published by a Friend to perpetuate his memory. Printed by his owne Copies. London: Humphrey Moseley, 1646.</p0826-teimww:edition>
    <p0826-teimww:hasLanguage knoraType="richtext_value">English</p0826-teimww:hasLanguage>
    <p0826-teimww:isWrittenBy>
      <p0826-teimww:person knoraType="link_value" linkType="ref" target="ww_bae7c2e690c9caaa"/>
    </p0826-teimww:isWrittenBy>
    <p0826-teimww:publishDate knoraType="date_value">GREGORIAN:1638:1638</p0826-teimww:publishDate>
    <p0826-teimww:title knoraType="richtext_value">The Goblins. A Comedy</p0826-teimww:title>
  </p0826-teimww:book>
  <p0826-teimww:book id="ww_3f5747bce6d798fe">
    <knoraXmlImport:label>Revenge for Hono</knoraXmlImport:label>
    <p0826-teimww:bookInternalId knoraType="richtext_value">@002824</p0826-teimww:bookInternalId>
    <p0826-teimww:createdDate knoraType="date_value">GREGORIAN:1642:1642</p0826-teimww:createdDate>
    <p0826-teimww:edition knoraType="richtext_value">The Plays of George Chapman. Ed. Thomas Marc Parrott. 4 vols. New York: Russell and Russell, 1961. The Tragedies, Vol. 2, 475-538.</p0826-teimww:edition>
    <p0826-teimww:hasLanguage knoraType="richtext_value">English</p0826-teimww:hasLanguage>
    <p0826-teimww:isWrittenBy>
      <p0826-teimww:person knoraType="link_value" linkType="ref" target="ww_8501ec457f433848"/>
    </p0826-teimww:isWrittenBy>
    <p0826-teimww:isWrittenBy>
      <p0826-teimww:person knoraType="link_value" linkType="ref" target="ww_6f4a80592c6c793c"/>
    </p0826-teimww:isWrittenBy>
    <p0826-teimww:publishDate knoraType="date_value">GREGORIAN:1642:1642</p0826-teimww:publishDate>
    <p0826-teimww:title knoraType="richtext_value">Revenge for Honour: A Tragedy</p0826-teimww:title>
  </p0826-teimww:book>
  <p0826-teimww:book id="ww_faab680e79f823c3">
    <knoraXmlImport:label>Bellamira her dr</knoraXmlImport:label>
    <p0826-teimww:bookInternalId knoraType="richtext_value">@005215</p0826-teimww:bookInternalId>
    <p0826-teimww:createdDate knoraType="date_value">GREGORIAN:1650:1650</p0826-teimww:createdDate>
    <p0826-teimww:edition knoraType="richtext_value">Comedies, and Tragedies. Written by Thomas Killigrew, Page of Honour to King Charles the First and Groom of the Bed Chamber to King Charles the Second]. London: Henry Herringman [...], 1664. 465-516.</p0826-teimww:edition>
    <p0826-teimww:hasLanguage knoraType="richtext_value">English</p0826-teimww:hasLanguage>
    <p0826-teimww:isWrittenBy>
      <p0826-teimww:person knoraType="link_value" linkType="ref" target="ww_da5a5f8bc94ad571"/>
    </p0826-teimww:isWrittenBy>
    <p0826-teimww:publishDate knoraType="date_value">GREGORIAN:1650:1650</p0826-teimww:publishDate>
    <p0826-teimww:title knoraType="richtext_value">Bellamira her dream, part I</p0826-teimww:title>
  </p0826-teimww:book>
  <p0826-teimww:book id="ww_4ec990bf4885faf0">
    <knoraXmlImport:label>Cicilia and Clor</knoraXmlImport:label>
    <p0826-teimww:bookInternalId knoraType="richtext_value">@005216</p0826-teimww:bookInternalId>
    <p0826-teimww:createdDate knoraType="date_value">GREGORIAN:1650:1650</p0826-teimww:createdDate>
    <p0826-teimww:edition knoraType="richtext_value">Comedies, and Tragedies. Written by Thomas Killigrew, Page of Honour to King Charles the First and Groom of the Bed Chamber to King Charles the Second. London: Henry Herringman [...], 1664. 216-284.</p0826-teimww:edition>
    <p0826-teimww:hasLanguage knoraType="richtext_value">English</p0826-teimww:hasLanguage>
    <p0826-teimww:isWrittenBy>
      <p0826-teimww:person knoraType="link_value" linkType="ref" target="ww_da5a5f8bc94ad571"/>
    </p0826-teimww:isWrittenBy>
    <p0826-teimww:publishDate knoraType="date_value">GREGORIAN:1650:1650</p0826-teimww:publishDate>
    <p0826-teimww:title knoraType="richtext_value">Cicilia and Clorinda, part I</p0826-teimww:title>
  </p0826-teimww:book>
  <p0826-teimww:book id="ww_302fb9237874258f">
    <knoraXmlImport:label>The Just General</knoraXmlImport:label>
    <p0826-teimww:bookInternalId knoraType="richtext_value">@005217</p0826-teimww:bookInternalId>
    <p0826-teimww:createdDate knoraType="date_value">GREGORIAN:1652:1652</p0826-teimww:createdDate>
    <p0826-teimww:edition knoraType="richtext_value">The Just General. A Tragi-Comedy. London: G. Bedell et al., 1652.</p0826-teimww:edition>
    <p0826-teimww:hasLanguage knoraType="richtext_value">English</p0826-teimww:hasLanguage>
    <p0826-teimww:isWrittenBy>
      <p0826-teimww:person knoraType="link_value" linkType="ref" target="ww_cce3785f9f0b7c67"/>
    </p0826-teimww:isWrittenBy>
    <p0826-teimww:publishDate knoraType="date_value">GREGORIAN:1652:1652</p0826-teimww:publishDate>
    <p0826-teimww:title knoraType="richtext_value">The Just General</p0826-teimww:title>
  </p0826-teimww:book>
  <p0826-teimww:book id="ww_2774c07140c40620">
    <knoraXmlImport:label>A Brothers Murde</knoraXmlImport:label>
    <p0826-teimww:bookInternalId knoraType="richtext_value">@005228</p0826-teimww:bookInternalId>
    <p0826-teimww:createdDate knoraType="date_value">GREGORIAN:1655:1655</p0826-teimww:createdDate>
    <p0826-teimww:edition knoraType="richtext_value">A Brother's Murder. Sheldwich: Lees Court, 1655.</p0826-teimww:edition>
    <p0826-teimww:hasLanguage knoraType="richtext_value">English</p0826-teimww:hasLanguage>
    <p0826-teimww:isWrittenBy>
      <p0826-teimww:person knoraType="link_value" linkType="ref" target="ww_56af0f484de673fe"/>
    </p0826-teimww:isWrittenBy>
    <p0826-teimww:publishDate knoraType="date_value">GREGORIAN:1655:1655</p0826-teimww:publishDate>
    <p0826-teimww:title knoraType="richtext_value">A Brothers Murder</p0826-teimww:title>
  </p0826-teimww:book>
  <p0826-teimww:book id="ww_73cdd390f6e92cbe">
    <knoraXmlImport:label>Titles from HAML</knoraXmlImport:label>
    <p0826-teimww:bookInternalId knoraType="richtext_value">@010132</p0826-teimww:bookInternalId>
    <p0826-teimww:edition knoraType="richtext_value">2000. http://www.barbarapaul.com/shake/hamlet.html. 22 October 2011.</p0826-teimww:edition>
    <p0826-teimww:isWrittenBy>
      <p0826-teimww:person knoraType="link_value" linkType="ref" target="ww_6404478293b4e0ef"/>
    </p0826-teimww:isWrittenBy>
    <p0826-teimww:title knoraType="richtext_value">Titles from HAMLET</p0826-teimww:title>
  </p0826-teimww:book>
  <p0826-teimww:book id="ww_1d1e4a88851e1bfc">
    <knoraXmlImport:label>Lady Alimony</knoraXmlImport:label>
    <p0826-teimww:bookInternalId knoraType="richtext_value">@005162</p0826-teimww:bookInternalId>
    <p0826-teimww:createdDate knoraType="date_value">GREGORIAN:1659:1659</p0826-teimww:createdDate>
    <p0826-teimww:edition knoraType="richtext_value">Lady Alimony. 1659.</p0826-teimww:edition>
    <p0826-teimww:hasLanguage knoraType="richtext_value">English</p0826-teimww:hasLanguage>
    <p0826-teimww:isWrittenBy>
      <p0826-teimww:person knoraType="link_value" linkType="ref" target="ww_212c78497ddc32c5"/>
    </p0826-teimww:isWrittenBy>
    <p0826-teimww:publishDate knoraType="date_value">GREGORIAN:1659:1659</p0826-teimww:publishDate>
    <p0826-teimww:title knoraType="richtext_value">Lady Alimony</p0826-teimww:title>
  </p0826-teimww:book>
  <p0826-teimww:book id="ww_bd4dff842f8bc0f9">
    <knoraXmlImport:label>Short Discourse</knoraXmlImport:label>
    <p0826-teimww:bookInternalId knoraType="richtext_value">@006040</p0826-teimww:bookInternalId>
    <p0826-teimww:createdDate knoraType="date_value">GREGORIAN:1660:1660</p0826-teimww:createdDate>
    <p0826-teimww:edition knoraType="richtext_value">Short Discourse.</p0826-teimww:edition>
    <p0826-teimww:hasLanguage knoraType="richtext_value">English</p0826-teimww:hasLanguage>
    <p0826-teimww:isWrittenBy>
      <p0826-teimww:person knoraType="link_value" linkType="ref" target="ww_1ab980e4d883d2f2"/>
    </p0826-teimww:isWrittenBy>
    <p0826-teimww:publishDate knoraType="date_value">GREGORIAN:1660:1660</p0826-teimww:publishDate>
    <p0826-teimww:title knoraType="richtext_value">Short Discourse</p0826-teimww:title>
  </p0826-teimww:book>
  <p0826-teimww:book id="ww_d35968508e400c34">
    <knoraXmlImport:label>History of the W</knoraXmlImport:label>
    <p0826-teimww:bookInternalId knoraType="richtext_value">@006041</p0826-teimww:bookInternalId>
    <p0826-teimww:createdDate knoraType="date_value">GREGORIAN:1661:1661</p0826-teimww:createdDate>
    <p0826-teimww:edition knoraType="richtext_value">History of the Worthies of England. A New Edition. London: Thomas Tegg, 1840.</p0826-teimww:edition>
    <p0826-teimww:hasLanguage knoraType="richtext_value">English</p0826-teimww:hasLanguage>
    <p0826-teimww:isWrittenBy>
      <p0826-teimww:person knoraType="link_value" linkType="ref" target="ww_879fcdf50faac2f4"/>
    </p0826-teimww:isWrittenBy>
    <p0826-teimww:publishDate knoraType="date_value">GREGORIAN:1661:1661</p0826-teimww:publishDate>
    <p0826-teimww:title knoraType="richtext_value">History of the Worthies of England</p0826-teimww:title>
  </p0826-teimww:book>
  <p0826-teimww:book id="ww_342226daaf5794f5">
    <knoraXmlImport:label>Pompey</knoraXmlImport:label>
    <p0826-teimww:bookInternalId knoraType="richtext_value">@005209</p0826-teimww:bookInternalId>
    <p0826-teimww:createdDate knoraType="date_value">GREGORIAN:1663:1663</p0826-teimww:createdDate>
    <p0826-teimww:edition knoraType="richtext_value">Pompey. A Tragoedy. Acted with Great Applause. London: John Crooke, 1663.</p0826-teimww:edition>
    <p0826-teimww:hasLanguage knoraType="richtext_value">English</p0826-teimww:hasLanguage>
    <p0826-teimww:isWrittenBy>
      <p0826-teimww:person knoraType="link_value" linkType="ref" target="ww_023482909a532caf"/>
    </p0826-teimww:isWrittenBy>
    <p0826-teimww:publishDate knoraType="date_value">GREGORIAN:1663:1663</p0826-teimww:publishDate>
    <p0826-teimww:title knoraType="richtext_value">Pompey</p0826-teimww:title>
  </p0826-teimww:book>
  <p0826-teimww:book id="ww_11d14cc3d47896d6">
    <knoraXmlImport:label>The Wild Gallant</knoraXmlImport:label>
    <p0826-teimww:bookInternalId knoraType="richtext_value">@005204</p0826-teimww:bookInternalId>
    <p0826-teimww:createdDate knoraType="date_value">GREGORIAN:1663:1663</p0826-teimww:createdDate>
    <p0826-teimww:edition knoraType="richtext_value">The Works of John Dryden. Gen. ed. Alan Roper. 20 vols. Berkeley: University of California Press, 1962. Vol. 8, 1-91.</p0826-teimww:edition>
    <p0826-teimww:hasLanguage knoraType="richtext_value">English</p0826-teimww:hasLanguage>
    <p0826-teimww:isWrittenBy>
      <p0826-teimww:person knoraType="link_value" linkType="ref" target="ww_ed5b7d7b5b4ff788"/>
    </p0826-teimww:isWrittenBy>
    <p0826-teimww:publishDate knoraType="date_value">GREGORIAN:1663:1663</p0826-teimww:publishDate>
    <p0826-teimww:title knoraType="richtext_value">The Wild Gallant, A Comedy</p0826-teimww:title>
  </p0826-teimww:book>
  <p0826-teimww:book id="ww_11177545426df2c4">
    <knoraXmlImport:label>Macbeth, A Trage</knoraXmlImport:label>
    <p0826-teimww:bookInternalId knoraType="richtext_value">@005222</p0826-teimww:bookInternalId>
    <p0826-teimww:createdDate knoraType="date_value">GREGORIAN:1664:1664</p0826-teimww:createdDate>
    <p0826-teimww:edition knoraType="richtext_value">Macbeth, A Tragedy. London: A. Clark, 1674.</p0826-teimww:edition>
    <p0826-teimww:hasLanguage knoraType="richtext_value">English</p0826-teimww:hasLanguage>
    <p0826-teimww:isWrittenBy>
      <p0826-teimww:person knoraType="link_value" linkType="ref" target="ww_d8f1d08e1ca080b7"/>
    </p0826-teimww:isWrittenBy>
    <p0826-teimww:publishDate knoraType="date_value">GREGORIAN:1664:1664</p0826-teimww:publishDate>
    <p0826-teimww:title knoraType="richtext_value">Macbeth, A Tragedy (DAvenant)</p0826-teimww:title>
  </p0826-teimww:book>
  <p0826-teimww:book id="ww_5f491318bcd9d326">
    <knoraXmlImport:label>The English Prin</knoraXmlImport:label>
    <p0826-teimww:bookInternalId knoraType="richtext_value">@005208</p0826-teimww:bookInternalId>
    <p0826-teimww:createdDate knoraType="date_value">GREGORIAN:1666:1666</p0826-teimww:createdDate>
    <p0826-teimww:edition knoraType="richtext_value">The English Princess. Or, The Death of Richard the III. A Tragedy. London: Thomas Dring, 1667.</p0826-teimww:edition>
    <p0826-teimww:hasLanguage knoraType="richtext_value">English</p0826-teimww:hasLanguage>
    <p0826-teimww:isWrittenBy>
      <p0826-teimww:person knoraType="link_value" linkType="ref" target="ww_fb786ed957e3108e"/>
    </p0826-teimww:isWrittenBy>
    <p0826-teimww:publishDate knoraType="date_value">GREGORIAN:1666:1666</p0826-teimww:publishDate>
    <p0826-teimww:title knoraType="richtext_value">The English Princess</p0826-teimww:title>
  </p0826-teimww:book>
  <p0826-teimww:book id="ww_ec6a0a5d5423cc4d">
    <knoraXmlImport:label>The Rivals</knoraXmlImport:label>
    <p0826-teimww:bookInternalId knoraType="richtext_value">@003004</p0826-teimww:bookInternalId>
    <p0826-teimww:createdDate knoraType="date_value">GREGORIAN:1667:1667</p0826-teimww:createdDate>
    <p0826-teimww:edition knoraType="richtext_value">The Rivals. London: 1668.</p0826-teimww:edition>
    <p0826-teimww:hasLanguage knoraType="richtext_value">English</p0826-teimww:hasLanguage>
    <p0826-teimww:isWrittenBy>
      <p0826-teimww:person knoraType="link_value" linkType="ref" target="ww_d8f1d08e1ca080b7"/>
    </p0826-teimww:isWrittenBy>
    <p0826-teimww:publishDate knoraType="date_value">GREGORIAN:1667:1667</p0826-teimww:publishDate>
    <p0826-teimww:title knoraType="richtext_value">The Rivals</p0826-teimww:title>
  </p0826-teimww:book>
  <p0826-teimww:book id="ww_f63838fac7b9bec6">
    <knoraXmlImport:label>The Dumb Lady</knoraXmlImport:label>
    <p0826-teimww:bookInternalId knoraType="richtext_value">@005218</p0826-teimww:bookInternalId>
    <p0826-teimww:createdDate knoraType="date_value">GREGORIAN:1669:1669</p0826-teimww:createdDate>
    <p0826-teimww:edition knoraType="richtext_value">The Dumb Lady. Or, The Farriar made Physician. London: Thomas Dring et al., 1672.</p0826-teimww:edition>
    <p0826-teimww:hasLanguage knoraType="richtext_value">English</p0826-teimww:hasLanguage>
    <p0826-teimww:isWrittenBy>
      <p0826-teimww:person knoraType="link_value" linkType="ref" target="ww_0449cf1b66c3867d"/>
    </p0826-teimww:isWrittenBy>
    <p0826-teimww:publishDate knoraType="date_value">GREGORIAN:1669:1669</p0826-teimww:publishDate>
    <p0826-teimww:title knoraType="richtext_value">The Dumb Lady</p0826-teimww:title>
  </p0826-teimww:book>
  <p0826-teimww:book id="ww_a74a445d23ff1ff2">
    <knoraXmlImport:label>The Amorous Prin</knoraXmlImport:label>
    <p0826-teimww:bookInternalId knoraType="richtext_value">@005219</p0826-teimww:bookInternalId>
    <p0826-teimww:createdDate knoraType="date_value">GREGORIAN:1671:1671</p0826-teimww:createdDate>
    <p0826-teimww:edition knoraType="richtext_value">The Works of Aphra Behn. Ed. Janet Todd. 7 vols. London: William Pickering, 1996. Vol. 5, 83-156.</p0826-teimww:edition>
    <p0826-teimww:hasLanguage knoraType="richtext_value">English</p0826-teimww:hasLanguage>
    <p0826-teimww:isWrittenBy>
      <p0826-teimww:person knoraType="link_value" linkType="ref" target="ww_1013ee760af86e0f"/>
    </p0826-teimww:isWrittenBy>
    <p0826-teimww:publishDate knoraType="date_value">GREGORIAN:1671:1671</p0826-teimww:publishDate>
    <p0826-teimww:title knoraType="richtext_value">The Amorous Prince. Or, The Curious Husband</p0826-teimww:title>
  </p0826-teimww:book>
  <p0826-teimww:book id="ww_ab9b03580f4140d8">
    <knoraXmlImport:label>The Forced Marri</knoraXmlImport:label>
    <p0826-teimww:bookInternalId knoraType="richtext_value">@005210</p0826-teimww:bookInternalId>
    <p0826-teimww:createdDate knoraType="date_value">GREGORIAN:1671:1671</p0826-teimww:createdDate>
    <p0826-teimww:edition knoraType="richtext_value">The Forc'd Marriage. Or The Jealous Bridegroom. A Tragi-comedy. As it is Acted at His Highnesse The Duke of York's Theatre. London: H. L. and R.B. for James Magnus, 1671.</p0826-teimww:edition>
    <p0826-teimww:hasLanguage knoraType="richtext_value">English</p0826-teimww:hasLanguage>
    <p0826-teimww:isWrittenBy>
      <p0826-teimww:person knoraType="link_value" linkType="ref" target="ww_1013ee760af86e0f"/>
    </p0826-teimww:isWrittenBy>
    <p0826-teimww:publishDate knoraType="date_value">GREGORIAN:1671:1671</p0826-teimww:publishDate>
    <p0826-teimww:title knoraType="richtext_value">The Forced Marriage</p0826-teimww:title>
  </p0826-teimww:book>
  <p0826-teimww:book id="ww_2302e398030e9ddf">
    <knoraXmlImport:label>The Fatal Jealou</knoraXmlImport:label>
    <p0826-teimww:bookInternalId knoraType="richtext_value">@005604</p0826-teimww:bookInternalId>
    <p0826-teimww:createdDate knoraType="date_value">GREGORIAN:1672:1672</p0826-teimww:createdDate>
    <p0826-teimww:edition knoraType="richtext_value">The Fatal Jealousie. A Tragedy. Acted at the Duke's Theatre. London: Thomas Dring et al., 1673.</p0826-teimww:edition>
    <p0826-teimww:hasLanguage knoraType="richtext_value">English</p0826-teimww:hasLanguage>
    <p0826-teimww:isWrittenBy>
      <p0826-teimww:person knoraType="link_value" linkType="ref" target="ww_0fdd672af19515af"/>
    </p0826-teimww:isWrittenBy>
    <p0826-teimww:publishDate knoraType="date_value">GREGORIAN:1672:1672</p0826-teimww:publishDate>
    <p0826-teimww:title knoraType="richtext_value">The Fatal Jealousy</p0826-teimww:title>
  </p0826-teimww:book>
  <p0826-teimww:book id="ww_1ea0156cf9be958c">
    <knoraXmlImport:label>The Citizen Turn</knoraXmlImport:label>
    <p0826-teimww:bookInternalId knoraType="richtext_value">@005211</p0826-teimww:bookInternalId>
    <p0826-teimww:createdDate knoraType="date_value">GREGORIAN:1672:1672</p0826-teimww:createdDate>
    <p0826-teimww:edition knoraType="richtext_value">The Citizen Turn'd Gentleman. A Comedy. London: Thomas Dring et al., 1672.</p0826-teimww:edition>
    <p0826-teimww:hasLanguage knoraType="richtext_value">English</p0826-teimww:hasLanguage>
    <p0826-teimww:isWrittenBy>
      <p0826-teimww:person knoraType="link_value" linkType="ref" target="ww_99b03817dc566412"/>
    </p0826-teimww:isWrittenBy>
    <p0826-teimww:publishDate knoraType="date_value">GREGORIAN:1672:1672</p0826-teimww:publishDate>
    <p0826-teimww:title knoraType="richtext_value">The Citizen Turned Gentleman</p0826-teimww:title>
  </p0826-teimww:book>
  <p0826-teimww:book id="ww_fa206996550e1252">
    <knoraXmlImport:label>The Triumphant W</knoraXmlImport:label>
    <p0826-teimww:bookInternalId knoraType="richtext_value">@005212</p0826-teimww:bookInternalId>
    <p0826-teimww:createdDate knoraType="date_value">GREGORIAN:1674:1674</p0826-teimww:createdDate>
    <p0826-teimww:edition knoraType="richtext_value">The Triumphant Widow. or The Medley of Humours. A Comedy, Acted by His Royal Highnes's Servants. London: Henry Herringman, 1677.</p0826-teimww:edition>
    <p0826-teimww:hasLanguage knoraType="richtext_value">English</p0826-teimww:hasLanguage>
    <p0826-teimww:isWrittenBy>
      <p0826-teimww:person knoraType="link_value" linkType="ref" target="ww_9830d46f027273df"/>
    </p0826-teimww:isWrittenBy>
    <p0826-teimww:publishDate knoraType="date_value">GREGORIAN:1674:1674</p0826-teimww:publishDate>
    <p0826-teimww:title knoraType="richtext_value">The Triumphant Widow</p0826-teimww:title>
  </p0826-teimww:book>
  <p0826-teimww:book id="ww_34f6680a5ed3328f">
    <knoraXmlImport:label>The Rival Kings</knoraXmlImport:label>
    <p0826-teimww:bookInternalId knoraType="richtext_value">@005198</p0826-teimww:bookInternalId>
    <p0826-teimww:createdDate knoraType="date_value">GREGORIAN:1677:1677</p0826-teimww:createdDate>
    <p0826-teimww:edition knoraType="richtext_value">The rival king. Or The loves of Oroondates and Statira: a tragedy. London: L. Curtis, 1677.</p0826-teimww:edition>
    <p0826-teimww:hasLanguage knoraType="richtext_value">English</p0826-teimww:hasLanguage>
    <p0826-teimww:isWrittenBy>
      <p0826-teimww:person knoraType="link_value" linkType="ref" target="ww_0fa63d0ba5908460"/>
    </p0826-teimww:isWrittenBy>
    <p0826-teimww:publishDate knoraType="date_value">GREGORIAN:1677:1677</p0826-teimww:publishDate>
    <p0826-teimww:title knoraType="richtext_value">The Rival Kings</p0826-teimww:title>
  </p0826-teimww:book>
  <p0826-teimww:book id="ww_0b80290e20216583">
    <knoraXmlImport:label>Friendship in Fa</knoraXmlImport:label>
    <p0826-teimww:bookInternalId knoraType="richtext_value">@005149</p0826-teimww:bookInternalId>
    <p0826-teimww:createdDate knoraType="date_value">GREGORIAN:1678:1678</p0826-teimww:createdDate>
    <p0826-teimww:edition knoraType="richtext_value">Friendship in Fashion. 1678.</p0826-teimww:edition>
    <p0826-teimww:hasLanguage knoraType="richtext_value">English</p0826-teimww:hasLanguage>
    <p0826-teimww:isWrittenBy>
      <p0826-teimww:person knoraType="link_value" linkType="ref" target="ww_2fbef537c50f1433"/>
    </p0826-teimww:isWrittenBy>
    <p0826-teimww:publishDate knoraType="date_value">GREGORIAN:1678:1678</p0826-teimww:publishDate>
    <p0826-teimww:title knoraType="richtext_value">Friendship in Fashion</p0826-teimww:title>
  </p0826-teimww:book>
  <p0826-teimww:book id="ww_5acd80c1e58166ea">
    <knoraXmlImport:label>Sir Patient Fanc</knoraXmlImport:label>
    <p0826-teimww:bookInternalId knoraType="richtext_value">@005220</p0826-teimww:bookInternalId>
    <p0826-teimww:createdDate knoraType="date_value">GREGORIAN:1678:1678</p0826-teimww:createdDate>
    <p0826-teimww:edition knoraType="richtext_value">The Works of Aphra Behn. Ed. Janet Todd. 7 vols. London: William Pickering, 1996. Vol. 6, 1-81.</p0826-teimww:edition>
    <p0826-teimww:hasLanguage knoraType="richtext_value">English</p0826-teimww:hasLanguage>
    <p0826-teimww:isWrittenBy>
      <p0826-teimww:person knoraType="link_value" linkType="ref" target="ww_1013ee760af86e0f"/>
    </p0826-teimww:isWrittenBy>
    <p0826-teimww:publishDate knoraType="date_value">GREGORIAN:1678:1678</p0826-teimww:publishDate>
    <p0826-teimww:title knoraType="richtext_value">Sir Patient Fancy</p0826-teimww:title>
  </p0826-teimww:book>
  <p0826-teimww:book id="ww_da24e779a482efd0">
    <knoraXmlImport:label>Oedipus. A Trage</knoraXmlImport:label>
    <p0826-teimww:bookInternalId knoraType="richtext_value">@005205</p0826-teimww:bookInternalId>
    <p0826-teimww:createdDate knoraType="date_value">GREGORIAN:1678:1678</p0826-teimww:createdDate>
    <p0826-teimww:edition knoraType="richtext_value">The Works of John Dryden. Gen. ed. Alan Roper. 20 vols. Berkeley: University of California Press, 1984. Vol. 13, 113-215.</p0826-teimww:edition>
    <p0826-teimww:hasLanguage knoraType="richtext_value">English</p0826-teimww:hasLanguage>
    <p0826-teimww:isWrittenBy>
      <p0826-teimww:person knoraType="link_value" linkType="ref" target="ww_12f7d2e19bfcb92f"/>
    </p0826-teimww:isWrittenBy>
    <p0826-teimww:isWrittenBy>
      <p0826-teimww:person knoraType="link_value" linkType="ref" target="ww_ed5b7d7b5b4ff788"/>
    </p0826-teimww:isWrittenBy>
    <p0826-teimww:publishDate knoraType="date_value">GREGORIAN:1678:1678</p0826-teimww:publishDate>
    <p0826-teimww:title knoraType="richtext_value">Oedipus. A Tragedy</p0826-teimww:title>
  </p0826-teimww:book>
  <p0826-teimww:book id="ww_6dbd696fbcd9005d">
    <knoraXmlImport:label>All for Love, or</knoraXmlImport:label>
    <p0826-teimww:bookInternalId knoraType="richtext_value">@005207</p0826-teimww:bookInternalId>
    <p0826-teimww:createdDate knoraType="date_value">GREGORIAN:1678:1678</p0826-teimww:createdDate>
    <p0826-teimww:edition knoraType="richtext_value">The Works of John Dryden. Gen. ed. Alan Roper. 20 vols. Berkeley: University of California Press, 1984. Vol. 13, 1-111.</p0826-teimww:edition>
    <p0826-teimww:hasLanguage knoraType="richtext_value">English</p0826-teimww:hasLanguage>
    <p0826-teimww:isWrittenBy>
      <p0826-teimww:person knoraType="link_value" linkType="ref" target="ww_ed5b7d7b5b4ff788"/>
    </p0826-teimww:isWrittenBy>
    <p0826-teimww:publishDate knoraType="date_value">GREGORIAN:1678:1678</p0826-teimww:publishDate>
    <p0826-teimww:title knoraType="richtext_value">All for Love, or The World Well Lost</p0826-teimww:title>
  </p0826-teimww:book>
  <p0826-teimww:book id="ww_e95e10472e122744">
    <knoraXmlImport:label>The Loyal Brothe</knoraXmlImport:label>
    <p0826-teimww:bookInternalId knoraType="richtext_value">@005221</p0826-teimww:bookInternalId>
    <p0826-teimww:createdDate knoraType="date_value">GREGORIAN:1681:1682</p0826-teimww:createdDate>
    <p0826-teimww:edition knoraType="richtext_value">The Works of Thomas Southerne. Eds. Robert Jordan and Harold Love. 2 vols. Oxford: Clarendon Press, 1988. Vol. 1, 1-73.</p0826-teimww:edition>
    <p0826-teimww:hasLanguage knoraType="richtext_value">English</p0826-teimww:hasLanguage>
    <p0826-teimww:isWrittenBy>
      <p0826-teimww:person knoraType="link_value" linkType="ref" target="ww_1f1f38544516a902"/>
    </p0826-teimww:isWrittenBy>
    <p0826-teimww:publishDate knoraType="date_value">GREGORIAN:1681:1682</p0826-teimww:publishDate>
    <p0826-teimww:title knoraType="richtext_value">The Loyal Brother or, The Persian Prince</p0826-teimww:title>
  </p0826-teimww:book>
  <p0826-teimww:book id="ww_fafacaceace47d73">
    <knoraXmlImport:label>The Duke of Guis</knoraXmlImport:label>
    <p0826-teimww:bookInternalId knoraType="richtext_value">@005556</p0826-teimww:bookInternalId>
    <p0826-teimww:createdDate knoraType="date_value">GREGORIAN:1682:1682</p0826-teimww:createdDate>
    <p0826-teimww:edition knoraType="richtext_value">The Works of John Dryden. Gen. ed. Alan Roper. 20 vols. Berkeley: University of California Press, 1996. Vol. 14, 205-305.</p0826-teimww:edition>
    <p0826-teimww:hasLanguage knoraType="richtext_value">English</p0826-teimww:hasLanguage>
    <p0826-teimww:isWrittenBy>
      <p0826-teimww:person knoraType="link_value" linkType="ref" target="ww_12f7d2e19bfcb92f"/>
    </p0826-teimww:isWrittenBy>
    <p0826-teimww:isWrittenBy>
      <p0826-teimww:person knoraType="link_value" linkType="ref" target="ww_ed5b7d7b5b4ff788"/>
    </p0826-teimww:isWrittenBy>
    <p0826-teimww:publishDate knoraType="date_value">GREGORIAN:1682:1682</p0826-teimww:publishDate>
    <p0826-teimww:title knoraType="richtext_value">The Duke of Guise, A Tragedy</p0826-teimww:title>
  </p0826-teimww:book>
  <p0826-teimww:book id="ww_d3d306a3e22d0da0">
    <knoraXmlImport:label>Mr Turbulent</knoraXmlImport:label>
    <p0826-teimww:bookInternalId knoraType="richtext_value">@005163</p0826-teimww:bookInternalId>
    <p0826-teimww:createdDate knoraType="date_value">GREGORIAN:1682:1682</p0826-teimww:createdDate>
    <p0826-teimww:edition knoraType="richtext_value">Mr. Turbulent or The Melanchoolicks. A Comedy. 1682.</p0826-teimww:edition>
    <p0826-teimww:hasLanguage knoraType="richtext_value">English</p0826-teimww:hasLanguage>
    <p0826-teimww:isWrittenBy>
      <p0826-teimww:person knoraType="link_value" linkType="ref" target="ww_212c78497ddc32c5"/>
    </p0826-teimww:isWrittenBy>
    <p0826-teimww:publishDate knoraType="date_value">GREGORIAN:1682:1682</p0826-teimww:publishDate>
    <p0826-teimww:title knoraType="richtext_value">Mr Turbulent</p0826-teimww:title>
  </p0826-teimww:book>
  <p0826-teimww:book id="ww_aee75c33920a3b79">
    <knoraXmlImport:label>Thorn-Drury More</knoraXmlImport:label>
    <p0826-teimww:bookInternalId knoraType="richtext_value">@010008</p0826-teimww:bookInternalId>
    <p0826-teimww:edition knoraType="richtext_value">More Seventeenth-Century Allusions to Shakespeare and His Works. London: Dobell, 1924.</p0826-teimww:edition>
    <p0826-teimww:isWrittenBy>
      <p0826-teimww:person knoraType="link_value" linkType="ref" target="ww_4cf2d2f81816aed2"/>
    </p0826-teimww:isWrittenBy>
    <p0826-teimww:title knoraType="richtext_value">Thorn-Drury More 17th-Century Allusions </p0826-teimww:title>
  </p0826-teimww:book>
  <p0826-teimww:book id="ww_9e4880a3607bfe49">
    <knoraXmlImport:label>The City Heiress</knoraXmlImport:label>
    <p0826-teimww:bookInternalId knoraType="richtext_value">@005182</p0826-teimww:bookInternalId>
    <p0826-teimww:createdDate knoraType="date_value">GREGORIAN:1682:1682</p0826-teimww:createdDate>
    <p0826-teimww:edition knoraType="richtext_value">The City-Heiress. Or, Sir Timothy Treat-all. A Comedy. London: D. Brown et al., 1682.</p0826-teimww:edition>
    <p0826-teimww:hasLanguage knoraType="richtext_value">English</p0826-teimww:hasLanguage>
    <p0826-teimww:isWrittenBy>
      <p0826-teimww:person knoraType="link_value" linkType="ref" target="ww_1013ee760af86e0f"/>
    </p0826-teimww:isWrittenBy>
    <p0826-teimww:publishDate knoraType="date_value">GREGORIAN:1682:1682</p0826-teimww:publishDate>
    <p0826-teimww:title knoraType="richtext_value">The City Heiress</p0826-teimww:title>
  </p0826-teimww:book>
  <p0826-teimww:book id="ww_822f6044491b63e7">
    <knoraXmlImport:label>The Disappointme</knoraXmlImport:label>
    <p0826-teimww:bookInternalId knoraType="richtext_value">@005153</p0826-teimww:bookInternalId>
    <p0826-teimww:createdDate knoraType="date_value">GREGORIAN:1684:1684</p0826-teimww:createdDate>
    <p0826-teimww:edition knoraType="richtext_value">The Works of Thomas Southerne. Eds. Robert Jordan and Harold Love. 2 vols. Oxford: Clarendon Press, 1988. Vol. 1, 75-156.</p0826-teimww:edition>
    <p0826-teimww:hasLanguage knoraType="richtext_value">English</p0826-teimww:hasLanguage>
    <p0826-teimww:isWrittenBy>
      <p0826-teimww:person knoraType="link_value" linkType="ref" target="ww_1f1f38544516a902"/>
    </p0826-teimww:isWrittenBy>
    <p0826-teimww:publishDate knoraType="date_value">GREGORIAN:1684:1684</p0826-teimww:publishDate>
    <p0826-teimww:title knoraType="richtext_value">The Disappointment. Or, The Mother in Fashion</p0826-teimww:title>
  </p0826-teimww:book>
  <p0826-teimww:book id="ww_c7a44da93c43593a">
    <knoraXmlImport:label>Cuckolds Haven</knoraXmlImport:label>
    <p0826-teimww:bookInternalId knoraType="richtext_value">@005139</p0826-teimww:bookInternalId>
    <p0826-teimww:createdDate knoraType="date_value">GREGORIAN:1685:1695</p0826-teimww:createdDate>
    <p0826-teimww:edition knoraType="richtext_value">Cuckolds-Haven. Or, an Alderman No Conjurer. A Farce. London 1685.</p0826-teimww:edition>
    <p0826-teimww:hasLanguage knoraType="richtext_value">English</p0826-teimww:hasLanguage>
    <p0826-teimww:isWrittenBy>
      <p0826-teimww:person knoraType="link_value" linkType="ref" target="ww_aea6ce6ca036608b"/>
    </p0826-teimww:isWrittenBy>
    <p0826-teimww:publishDate knoraType="date_value">GREGORIAN:1685:1695</p0826-teimww:publishDate>
    <p0826-teimww:title knoraType="richtext_value">Cuckolds Haven</p0826-teimww:title>
  </p0826-teimww:book>
  <p0826-teimww:book id="ww_522f59ae73a17dc8">
    <knoraXmlImport:label>The Restauration</knoraXmlImport:label>
    <p0826-teimww:bookInternalId knoraType="richtext_value">@005213</p0826-teimww:bookInternalId>
    <p0826-teimww:createdDate knoraType="date_value">GREGORIAN:1687:1687</p0826-teimww:createdDate>
    <p0826-teimww:edition knoraType="richtext_value">The Works Of His Grace, George Villiers, Late Duke of Buckingham. 2 vols. 3rd ed. London: Fardinando Burleigh et al., 1715. Vol. 1, 1-80.</p0826-teimww:edition>
    <p0826-teimww:hasLanguage knoraType="richtext_value">English</p0826-teimww:hasLanguage>
    <p0826-teimww:isWrittenBy>
      <p0826-teimww:person knoraType="link_value" linkType="ref" target="ww_ae2d914875625509"/>
    </p0826-teimww:isWrittenBy>
    <p0826-teimww:publishDate knoraType="date_value">GREGORIAN:1687:1687</p0826-teimww:publishDate>
    <p0826-teimww:title knoraType="richtext_value">The Restauration, or, Right Will Take Place. A Tragicomedy</p0826-teimww:title>
  </p0826-teimww:book>
  <p0826-teimww:book id="ww_f4067d3fc89b0b63">
    <knoraXmlImport:label>The Lucky Chance</knoraXmlImport:label>
    <p0826-teimww:bookInternalId knoraType="richtext_value">@005214</p0826-teimww:bookInternalId>
    <p0826-teimww:createdDate knoraType="date_value">GREGORIAN:1687:1687</p0826-teimww:createdDate>
    <p0826-teimww:edition knoraType="richtext_value">The Lucky Chance. Or an Alderman's Bargain. A Comedy. As it is Acted by their Majesty's Servants. Written by Mrs A. Behn. London: R. H. for W. Canning, 1687.</p0826-teimww:edition>
    <p0826-teimww:hasLanguage knoraType="richtext_value">English</p0826-teimww:hasLanguage>
    <p0826-teimww:isWrittenBy>
      <p0826-teimww:person knoraType="link_value" linkType="ref" target="ww_1013ee760af86e0f"/>
    </p0826-teimww:isWrittenBy>
    <p0826-teimww:publishDate knoraType="date_value">GREGORIAN:1687:1687</p0826-teimww:publishDate>
    <p0826-teimww:title knoraType="richtext_value">The Lucky Chance</p0826-teimww:title>
  </p0826-teimww:book>
  <p0826-teimww:book id="ww_f3d7312515e5ff87">
    <knoraXmlImport:label>Gorboduc</knoraXmlImport:label>
    <p0826-teimww:bookInternalId knoraType="richtext_value">@000351</p0826-teimww:bookInternalId>
    <p0826-teimww:createdDate knoraType="date_value">GREGORIAN:1561:1561</p0826-teimww:createdDate>
    <p0826-teimww:edition knoraType="richtext_value">The Tragedie of Gorbodvc, where of three Actes were wrytten by Thomas Nortone, and the two laste by Thomas Sackuyle. Sett forthe as the same was shewed before the Qvenes most excellent Maiestie, in her highnes Court of Whitehall, the xviii. day of Ianuary, Anno Domini 1561. London: William Griffith, 1565.</p0826-teimww:edition>
    <p0826-teimww:hasLanguage knoraType="richtext_value">English</p0826-teimww:hasLanguage>
    <p0826-teimww:isWrittenBy>
      <p0826-teimww:person knoraType="link_value" linkType="ref" target="ww_7af335e6c892a8d0"/>
    </p0826-teimww:isWrittenBy>
    <p0826-teimww:isWrittenBy>
      <p0826-teimww:person knoraType="link_value" linkType="ref" target="ww_3d7f30bfa784adbc"/>
    </p0826-teimww:isWrittenBy>
    <p0826-teimww:publishDate knoraType="date_value">GREGORIAN:1561:1561</p0826-teimww:publishDate>
    <p0826-teimww:title knoraType="richtext_value">Gorboduc</p0826-teimww:title>
  </p0826-teimww:book>
  <p0826-teimww:book id="ww_284d2177eb64e32c">
    <knoraXmlImport:label>Cordila</knoraXmlImport:label>
    <p0826-teimww:bookInternalId knoraType="richtext_value">@005647</p0826-teimww:bookInternalId>
    <p0826-teimww:createdDate knoraType="date_value">GREGORIAN:1574:1574</p0826-teimww:createdDate>
    <p0826-teimww:edition knoraType="richtext_value">Parts Added to The Mirror for Magistrates: By John Higgins &amp; Thomas Blenerhasset. Edited from original texts in The Huntington Library by Lily B. Campbell. Cambridge: Cambridge University Press, 1946. 145-160.</p0826-teimww:edition>
    <p0826-teimww:hasLanguage knoraType="richtext_value">English</p0826-teimww:hasLanguage>
    <p0826-teimww:isWrittenBy>
      <p0826-teimww:person knoraType="link_value" linkType="ref" target="ww_7aab59631f22d17e"/>
    </p0826-teimww:isWrittenBy>
    <p0826-teimww:publishDate knoraType="date_value">GREGORIAN:1574:1574</p0826-teimww:publishDate>
    <p0826-teimww:title knoraType="richtext_value">Cordila</p0826-teimww:title>
  </p0826-teimww:book>
  <p0826-teimww:book id="ww_4e659f2729d3f407">
    <knoraXmlImport:label>A Merry Jest of </knoraXmlImport:label>
    <p0826-teimww:bookInternalId knoraType="richtext_value">@005620</p0826-teimww:bookInternalId>
    <p0826-teimww:createdDate knoraType="date_value">GREGORIAN:1580:1580</p0826-teimww:createdDate>
    <p0826-teimww:edition knoraType="richtext_value">A merry Ieste of a shrewde and curste Wyfe. Howe the good man did byd her Father and Mother to guest, and many of his neyghbours that they might see his wiues pacyence. 1580.</p0826-teimww:edition>
    <p0826-teimww:hasLanguage knoraType="richtext_value">English</p0826-teimww:hasLanguage>
    <p0826-teimww:isWrittenBy>
      <p0826-teimww:person knoraType="link_value" linkType="ref" target="ww_212c78497ddc32c5"/>
    </p0826-teimww:isWrittenBy>
    <p0826-teimww:publishDate knoraType="date_value">GREGORIAN:1580:1580</p0826-teimww:publishDate>
    <p0826-teimww:title knoraType="richtext_value">A Merry Jest of a Shrewd and Cursed Wife</p0826-teimww:title>
  </p0826-teimww:book>
  <p0826-teimww:book id="ww_c5484deb94302464">
    <knoraXmlImport:label>Ur-Hamlet</knoraXmlImport:label>
    <p0826-teimww:bookInternalId knoraType="richtext_value">@000814</p0826-teimww:bookInternalId>
    <p0826-teimww:createdDate knoraType="date_value">GREGORIAN:1588:1588</p0826-teimww:createdDate>
    <p0826-teimww:edition knoraType="richtext_value">Ur-Hamlet. London: 1588.</p0826-teimww:edition>
    <p0826-teimww:hasLanguage knoraType="richtext_value">English</p0826-teimww:hasLanguage>
    <p0826-teimww:isWrittenBy>
      <p0826-teimww:person knoraType="link_value" linkType="ref" target="ww_116917d934be52dd"/>
    </p0826-teimww:isWrittenBy>
    <p0826-teimww:publishDate knoraType="date_value">GREGORIAN:1588:1588</p0826-teimww:publishDate>
    <p0826-teimww:title knoraType="richtext_value">Ur-Hamlet</p0826-teimww:title>
  </p0826-teimww:book>
  <p0826-teimww:book id="ww_f4b1a8fa8f784028">
    <knoraXmlImport:label>Shakespeares Gho</knoraXmlImport:label>
    <p0826-teimww:bookInternalId knoraType="richtext_value">@010112</p0826-teimww:bookInternalId>
    <p0826-teimww:edition knoraType="richtext_value">Shakespeare's Ghost Writers: Literature as Uncanny Causality. New York and London: Methuen, 1987. </p0826-teimww:edition>
    <p0826-teimww:isWrittenBy>
      <p0826-teimww:person knoraType="link_value" linkType="ref" target="ww_15b50ac49f9798c6"/>
    </p0826-teimww:isWrittenBy>
    <p0826-teimww:title knoraType="richtext_value">Shakespeares Ghost Writers</p0826-teimww:title>
  </p0826-teimww:book>
  <p0826-teimww:book id="ww_e7b10e483d5cee49">
    <knoraXmlImport:label>A Milton Encyclo</knoraXmlImport:label>
    <p0826-teimww:bookInternalId knoraType="richtext_value">@010118</p0826-teimww:bookInternalId>
    <p0826-teimww:edition knoraType="richtext_value">ed. A Milton Encyclopedia. Lewisburg: Bucknell University Press and London: Associated University Presses, 1978-1983.</p0826-teimww:edition>
    <p0826-teimww:isWrittenBy>
      <p0826-teimww:person knoraType="link_value" linkType="ref" target="ww_67ff3ba62bd10038"/>
    </p0826-teimww:isWrittenBy>
    <p0826-teimww:title knoraType="richtext_value">A Milton Encyclopedia</p0826-teimww:title>
  </p0826-teimww:book>
  <p0826-teimww:book id="ww_7dd1c602e9ccfe3b">
    <knoraXmlImport:label>A Comedy of Erro</knoraXmlImport:label>
    <p0826-teimww:bookInternalId knoraType="richtext_value">@000944</p0826-teimww:bookInternalId>
    <p0826-teimww:createdDate knoraType="date_value">GREGORIAN:1592:1592</p0826-teimww:createdDate>
    <p0826-teimww:edition knoraType="richtext_value">A Comedy of Errors.</p0826-teimww:edition>
    <p0826-teimww:hasLanguage knoraType="richtext_value">English</p0826-teimww:hasLanguage>
    <p0826-teimww:isWrittenBy>
      <p0826-teimww:person knoraType="link_value" linkType="ref" target="ww_684176b58bc762f6"/>
    </p0826-teimww:isWrittenBy>
    <p0826-teimww:publishDate knoraType="date_value">GREGORIAN:1592:1592</p0826-teimww:publishDate>
    <p0826-teimww:title knoraType="richtext_value">A Comedy of Errors</p0826-teimww:title>
  </p0826-teimww:book>
  <p0826-teimww:book id="ww_f3582e478658b162">
    <knoraXmlImport:label>The Insatiate Co</knoraXmlImport:label>
    <p0826-teimww:bookInternalId knoraType="richtext_value">@006000</p0826-teimww:bookInternalId>
    <p0826-teimww:edition knoraType="richtext_value">ed. The Insatiate Countess, Verhältnis zu den Quellen, Charakterzeichung und Stil. PhD, Königsberg 1913.</p0826-teimww:edition>
    <p0826-teimww:isWrittenBy>
      <p0826-teimww:person knoraType="link_value" linkType="ref" target="ww_d78431424289a522"/>
    </p0826-teimww:isWrittenBy>
    <p0826-teimww:title knoraType="richtext_value">The Insatiate Countess (Ernst edition)</p0826-teimww:title>
  </p0826-teimww:book>
  <p0826-teimww:book id="ww_3970bc7a75eddc11">
    <knoraXmlImport:label>Svmmers Last Wil</knoraXmlImport:label>
    <p0826-teimww:bookInternalId knoraType="richtext_value">@000941</p0826-teimww:bookInternalId>
    <p0826-teimww:createdDate knoraType="date_value">GREGORIAN:1592:1592</p0826-teimww:createdDate>
    <p0826-teimww:edition knoraType="richtext_value">The Works of Thomas Nashe. Ed. Ronald B. McKerrow. Rev. F. P. Wilson. 4 vols. Oxford: Basil Blackwell, 1958. 3:227-295.</p0826-teimww:edition>
    <p0826-teimww:hasLanguage knoraType="richtext_value">English</p0826-teimww:hasLanguage>
    <p0826-teimww:isWrittenBy>
      <p0826-teimww:person knoraType="link_value" linkType="ref" target="ww_9e2e58504b5d3de8"/>
    </p0826-teimww:isWrittenBy>
    <p0826-teimww:publishDate knoraType="date_value">GREGORIAN:1592:1592</p0826-teimww:publishDate>
    <p0826-teimww:title knoraType="richtext_value">Svmmers Last Will and Testament</p0826-teimww:title>
  </p0826-teimww:book>
  <p0826-teimww:book id="ww_0c07954b270e348c">
    <knoraXmlImport:label>Sonnet 46</knoraXmlImport:label>
    <p0826-teimww:bookInternalId knoraType="richtext_value">@005265</p0826-teimww:bookInternalId>
    <p0826-teimww:createdDate knoraType="date_value">GREGORIAN:1592:1592</p0826-teimww:createdDate>
    <p0826-teimww:edition knoraType="richtext_value">Sonnets.</p0826-teimww:edition>
    <p0826-teimww:hasLanguage knoraType="richtext_value">English</p0826-teimww:hasLanguage>
    <p0826-teimww:isWrittenBy>
      <p0826-teimww:person knoraType="link_value" linkType="ref" target="ww_2e81405af6457448"/>
    </p0826-teimww:isWrittenBy>
    <p0826-teimww:publishDate knoraType="date_value">GREGORIAN:1592:1592</p0826-teimww:publishDate>
    <p0826-teimww:title knoraType="richtext_value">Sonnet 46</p0826-teimww:title>
  </p0826-teimww:book>
  <p0826-teimww:book id="ww_fc0ed4bc4ee837dd">
    <knoraXmlImport:label>The Turk (Adams </knoraXmlImport:label>
    <p0826-teimww:bookInternalId knoraType="richtext_value">@010081</p0826-teimww:bookInternalId>
    <p0826-teimww:edition knoraType="richtext_value">ed. John Mason's The Turke edited from the Quartos of 1610 and 1632. Louvain: A. Uytpruyst, 1913.</p0826-teimww:edition>
    <p0826-teimww:isWrittenBy>
      <p0826-teimww:person knoraType="link_value" linkType="ref" target="ww_b32bc514b340f073"/>
    </p0826-teimww:isWrittenBy>
    <p0826-teimww:title knoraType="richtext_value">The Turk (Adams edition)</p0826-teimww:title>
  </p0826-teimww:book>
  <p0826-teimww:book id="ww_38151002cedbc343">
    <knoraXmlImport:label>Pierce Penniless</knoraXmlImport:label>
    <p0826-teimww:bookInternalId knoraType="richtext_value">@005055</p0826-teimww:bookInternalId>
    <p0826-teimww:createdDate knoraType="date_value">GREGORIAN:1592:1592</p0826-teimww:createdDate>
    <p0826-teimww:edition knoraType="richtext_value">The Works of Thomas Nashe. Ed. Ronald B. McKerrow. Rev. F. P. Wilson. 5 vols. Oxford: Basil Blackwell, 1958. 1:137-245.</p0826-teimww:edition>
    <p0826-teimww:hasLanguage knoraType="richtext_value">English</p0826-teimww:hasLanguage>
    <p0826-teimww:isWrittenBy>
      <p0826-teimww:person knoraType="link_value" linkType="ref" target="ww_9e2e58504b5d3de8"/>
    </p0826-teimww:isWrittenBy>
    <p0826-teimww:publishDate knoraType="date_value">GREGORIAN:1592:1592</p0826-teimww:publishDate>
    <p0826-teimww:title knoraType="richtext_value">Pierce Pennilesse, his Supplication to the Divell</p0826-teimww:title>
  </p0826-teimww:book>
  <p0826-teimww:book id="ww_f535cbebb5943d78">
    <knoraXmlImport:label>Henry VI Part 1</knoraXmlImport:label>
    <p0826-teimww:bookInternalId knoraType="richtext_value">@000919</p0826-teimww:bookInternalId>
    <p0826-teimww:createdDate knoraType="date_value">GREGORIAN:1592:1592</p0826-teimww:createdDate>
    <p0826-teimww:edition knoraType="richtext_value">Henry VI Part 1.</p0826-teimww:edition>
    <p0826-teimww:hasLanguage knoraType="richtext_value">English</p0826-teimww:hasLanguage>
    <p0826-teimww:isWrittenBy>
      <p0826-teimww:person knoraType="link_value" linkType="ref" target="ww_684176b58bc762f6"/>
    </p0826-teimww:isWrittenBy>
    <p0826-teimww:publishDate knoraType="date_value">GREGORIAN:1592:1592</p0826-teimww:publishDate>
    <p0826-teimww:title knoraType="richtext_value">Henry VI Part 1</p0826-teimww:title>
  </p0826-teimww:book>
  <p0826-teimww:book id="ww_0266d9e8398c6ca3">
    <knoraXmlImport:label>Groats-Worth of </knoraXmlImport:label>
    <p0826-teimww:bookInternalId knoraType="richtext_value">@005606</p0826-teimww:bookInternalId>
    <p0826-teimww:createdDate knoraType="date_value">GREGORIAN:1592:1592</p0826-teimww:createdDate>
    <p0826-teimww:edition knoraType="richtext_value">Groatsworth of Wit. London: William Wright, 1592.</p0826-teimww:edition>
    <p0826-teimww:hasLanguage knoraType="richtext_value">English</p0826-teimww:hasLanguage>
    <p0826-teimww:isWrittenBy>
      <p0826-teimww:person knoraType="link_value" linkType="ref" target="ww_ce2fb5bd491a4d2e"/>
    </p0826-teimww:isWrittenBy>
    <p0826-teimww:publishDate knoraType="date_value">GREGORIAN:1592:1592</p0826-teimww:publishDate>
    <p0826-teimww:title knoraType="richtext_value">Groats-Worth of Wit</p0826-teimww:title>
  </p0826-teimww:book>
  <p0826-teimww:book id="ww_8a65b181cea50159">
    <knoraXmlImport:label>Churchyards Chal</knoraXmlImport:label>
    <p0826-teimww:bookInternalId knoraType="richtext_value">@005565</p0826-teimww:bookInternalId>
    <p0826-teimww:createdDate knoraType="date_value">GREGORIAN:1593:1593</p0826-teimww:createdDate>
    <p0826-teimww:edition knoraType="richtext_value">Churchyards challenge. London: John Wolfe, 1593.</p0826-teimww:edition>
    <p0826-teimww:hasLanguage knoraType="richtext_value">English</p0826-teimww:hasLanguage>
    <p0826-teimww:isWrittenBy>
      <p0826-teimww:person knoraType="link_value" linkType="ref" target="ww_2e80ef314f6d0fdc"/>
    </p0826-teimww:isWrittenBy>
    <p0826-teimww:publishDate knoraType="date_value">GREGORIAN:1593:1593</p0826-teimww:publishDate>
    <p0826-teimww:title knoraType="richtext_value">Churchyards Challenge</p0826-teimww:title>
  </p0826-teimww:book>
  <p0826-teimww:book id="ww_e1e81a86f35b59e9">
    <knoraXmlImport:label>Allusions to Sha</knoraXmlImport:label>
    <p0826-teimww:bookInternalId knoraType="richtext_value">@010044</p0826-teimww:bookInternalId>
    <p0826-teimww:edition knoraType="richtext_value">Notes and Queries (2013): 43-45.</p0826-teimww:edition>
    <p0826-teimww:isWrittenBy>
      <p0826-teimww:person knoraType="link_value" linkType="ref" target="ww_bb3b6ed200b7c591"/>
    </p0826-teimww:isWrittenBy>
    <p0826-teimww:title knoraType="richtext_value">Allusions to Shakespeare in Nathaniel Richards's The Tragedy Of Messalina</p0826-teimww:title>
  </p0826-teimww:book>
  <p0826-teimww:book id="ww_6f0ade1dfe5ee541">
    <knoraXmlImport:label>Lucans First Boo</knoraXmlImport:label>
    <p0826-teimww:bookInternalId knoraType="richtext_value">@003007</p0826-teimww:bookInternalId>
    <p0826-teimww:createdDate knoraType="date_value">GREGORIAN:1593:1593</p0826-teimww:createdDate>
    <p0826-teimww:edition knoraType="richtext_value">Lvcans first booke: Translated line for line, by Chr. Marlow. London: P. Short, 1600.</p0826-teimww:edition>
    <p0826-teimww:hasLanguage knoraType="richtext_value">English</p0826-teimww:hasLanguage>
    <p0826-teimww:isWrittenBy>
      <p0826-teimww:person knoraType="link_value" linkType="ref" target="ww_63d5fe36ffac5d32"/>
    </p0826-teimww:isWrittenBy>
    <p0826-teimww:publishDate knoraType="date_value">GREGORIAN:1593:1593</p0826-teimww:publishDate>
    <p0826-teimww:title knoraType="richtext_value">Lucans First Book</p0826-teimww:title>
  </p0826-teimww:book>
  <p0826-teimww:book id="ww_2eb8f65559e88209">
    <knoraXmlImport:label>Hero and Leander</knoraXmlImport:label>
    <p0826-teimww:bookInternalId knoraType="richtext_value">@003008</p0826-teimww:bookInternalId>
    <p0826-teimww:createdDate knoraType="date_value">GREGORIAN:1593:1593</p0826-teimww:createdDate>
    <p0826-teimww:edition knoraType="richtext_value">Hero and Leander. Begun by Christopher Marloe; and finished by George Chapman. London: Felix Kingston for Paule Linley, 1598.</p0826-teimww:edition>
    <p0826-teimww:hasLanguage knoraType="richtext_value">English</p0826-teimww:hasLanguage>
    <p0826-teimww:isWrittenBy>
      <p0826-teimww:person knoraType="link_value" linkType="ref" target="ww_8501ec457f433848"/>
    </p0826-teimww:isWrittenBy>
    <p0826-teimww:isWrittenBy>
      <p0826-teimww:person knoraType="link_value" linkType="ref" target="ww_63d5fe36ffac5d32"/>
    </p0826-teimww:isWrittenBy>
    <p0826-teimww:publishDate knoraType="date_value">GREGORIAN:1593:1593</p0826-teimww:publishDate>
    <p0826-teimww:title knoraType="richtext_value">Hero and Leander</p0826-teimww:title>
  </p0826-teimww:book>
  <p0826-teimww:book id="ww_fe0b28179c821ce7">
    <knoraXmlImport:label>Willobies Avisa </knoraXmlImport:label>
    <p0826-teimww:bookInternalId knoraType="richtext_value">@005590</p0826-teimww:bookInternalId>
    <p0826-teimww:createdDate knoraType="date_value">GREGORIAN:1594:1594</p0826-teimww:createdDate>
    <p0826-teimww:edition knoraType="richtext_value">Willobie His Avisa. Or The true Picture of a modest Maid, and of a chast and constant wife. In Hexamiter verse. The like argument wherof, was neuer heretofore published. London: John Windet, 1594.</p0826-teimww:edition>
    <p0826-teimww:hasLanguage knoraType="richtext_value">English</p0826-teimww:hasLanguage>
    <p0826-teimww:isWrittenBy>
      <p0826-teimww:person knoraType="link_value" linkType="ref" target="ww_212c78497ddc32c5"/>
    </p0826-teimww:isWrittenBy>
    <p0826-teimww:publishDate knoraType="date_value">GREGORIAN:1594:1594</p0826-teimww:publishDate>
    <p0826-teimww:title knoraType="richtext_value">Willobies Avisa </p0826-teimww:title>
  </p0826-teimww:book>
  <p0826-teimww:book id="ww_bafc06a3c141cb25">
    <knoraXmlImport:label>Saint Peter's Co</knoraXmlImport:label>
    <p0826-teimww:bookInternalId knoraType="richtext_value">@005591</p0826-teimww:bookInternalId>
    <p0826-teimww:createdDate knoraType="date_value">GREGORIAN:1594:1594</p0826-teimww:createdDate>
    <p0826-teimww:edition knoraType="richtext_value">Quoted in John Munro, Clement Mansfield Ingleby et al., eds. The Shakspere Allusion-Book: A Collection of Allusions to Shakspere from 1591 to 1700 [...]. London: Chatto and Windus; New York: Duffield and Co. 1909.</p0826-teimww:edition>
    <p0826-teimww:hasLanguage knoraType="richtext_value">English</p0826-teimww:hasLanguage>
    <p0826-teimww:isWrittenBy>
      <p0826-teimww:person knoraType="link_value" linkType="ref" target="ww_d4ab524c831a2992"/>
    </p0826-teimww:isWrittenBy>
    <p0826-teimww:publishDate knoraType="date_value">GREGORIAN:1594:1594</p0826-teimww:publishDate>
    <p0826-teimww:title knoraType="richtext_value">Saint Peter's Complaint</p0826-teimww:title>
  </p0826-teimww:book>
  <p0826-teimww:book id="ww_4e091746c9370e38">
    <knoraXmlImport:label>The Life of Marl</knoraXmlImport:label>
    <p0826-teimww:bookInternalId knoraType="richtext_value">@010061</p0826-teimww:bookInternalId>
    <p0826-teimww:edition knoraType="richtext_value">ed. The Life of Marlowe and The Tragedy of Dido Queen of Carthage. London: Methuen and Co., 1930.</p0826-teimww:edition>
    <p0826-teimww:isWrittenBy>
      <p0826-teimww:person knoraType="link_value" linkType="ref" target="ww_b33f1194b1177f69"/>
    </p0826-teimww:isWrittenBy>
    <p0826-teimww:title knoraType="richtext_value">The Life of Marlowe</p0826-teimww:title>
  </p0826-teimww:book>
  <p0826-teimww:book id="ww_36210f298b9bbc6f">
    <knoraXmlImport:label>Have With Yov To</knoraXmlImport:label>
    <p0826-teimww:bookInternalId knoraType="richtext_value">@005165</p0826-teimww:bookInternalId>
    <p0826-teimww:createdDate knoraType="date_value">GREGORIAN:1596:1596</p0826-teimww:createdDate>
    <p0826-teimww:edition knoraType="richtext_value">The Works of Thomas Nashe. Ed. Ronald B. McKerrow. Rev. F. P. Wilson. 5 vols. Oxford: Basil Blackwell, 1958. 3:1-140.</p0826-teimww:edition>
    <p0826-teimww:hasLanguage knoraType="richtext_value">English</p0826-teimww:hasLanguage>
    <p0826-teimww:isWrittenBy>
      <p0826-teimww:person knoraType="link_value" linkType="ref" target="ww_9e2e58504b5d3de8"/>
    </p0826-teimww:isWrittenBy>
    <p0826-teimww:publishDate knoraType="date_value">GREGORIAN:1596:1596</p0826-teimww:publishDate>
    <p0826-teimww:title knoraType="richtext_value">Have With Yov To Saffron-Walden</p0826-teimww:title>
  </p0826-teimww:book>
  <p0826-teimww:book id="ww_8cd00151071e8080">
    <knoraXmlImport:label>A Margarite of A</knoraXmlImport:label>
    <p0826-teimww:bookInternalId knoraType="richtext_value">@005580</p0826-teimww:bookInternalId>
    <p0826-teimww:createdDate knoraType="date_value">GREGORIAN:1596:1596</p0826-teimww:createdDate>
    <p0826-teimww:edition knoraType="richtext_value">A margarite of America. By T. Lodge. London: A. Jeffes for John Busby, 1596.</p0826-teimww:edition>
    <p0826-teimww:hasLanguage knoraType="richtext_value">English</p0826-teimww:hasLanguage>
    <p0826-teimww:isWrittenBy>
      <p0826-teimww:person knoraType="link_value" linkType="ref" target="ww_31ef7df7935b492f"/>
    </p0826-teimww:isWrittenBy>
    <p0826-teimww:publishDate knoraType="date_value">GREGORIAN:1596:1596</p0826-teimww:publishDate>
    <p0826-teimww:title knoraType="richtext_value">A Margarite of America</p0826-teimww:title>
  </p0826-teimww:book>
  <p0826-teimww:book id="ww_dad475a43f1ff2eb">
    <knoraXmlImport:label>The source of th</knoraXmlImport:label>
    <p0826-teimww:bookInternalId knoraType="richtext_value">@010057</p0826-teimww:bookInternalId>
    <p0826-teimww:edition knoraType="richtext_value">Notes and Queries 9:212 (18 January 1902): 46-47. </p0826-teimww:edition>
    <p0826-teimww:isWrittenBy>
      <p0826-teimww:person knoraType="link_value" linkType="ref" target="ww_669296d55624f6e0"/>
    </p0826-teimww:isWrittenBy>
    <p0826-teimww:title knoraType="richtext_value">The source of the 'Seven Ages'</p0826-teimww:title>
  </p0826-teimww:book>
  <p0826-teimww:book id="ww_9ec767d44e3a36f8">
    <knoraXmlImport:label>The Fleire (Nibb</knoraXmlImport:label>
    <p0826-teimww:bookInternalId knoraType="richtext_value">@010032</p0826-teimww:bookInternalId>
    <p0826-teimww:edition knoraType="richtext_value">ed. The Fleire by Edward Sharpham nach der Quarto 1607 herausgegeben. Louvain: A. Uystpruyst, 1912. Print edition of Hunold Nibbe. The Fleire by Edward Sharpham: kritische Neuausgabe mit Einleitung und Anmerkungen. PhD Strassburg 1911. </p0826-teimww:edition>
    <p0826-teimww:isWrittenBy>
      <p0826-teimww:person knoraType="link_value" linkType="ref" target="ww_2c045bd15b626e88"/>
    </p0826-teimww:isWrittenBy>
    <p0826-teimww:title knoraType="richtext_value">The Fleire (Nibbe edition)</p0826-teimww:title>
  </p0826-teimww:book>
  <p0826-teimww:book id="ww_7fe0f76f34784ff5">
    <knoraXmlImport:label>Edmund Ironside</knoraXmlImport:label>
    <p0826-teimww:bookInternalId knoraType="richtext_value">@001064</p0826-teimww:bookInternalId>
    <p0826-teimww:createdDate knoraType="date_value">GREGORIAN:1597:1597</p0826-teimww:createdDate>
    <p0826-teimww:edition knoraType="richtext_value">Edmund Ironside. 1597.</p0826-teimww:edition>
    <p0826-teimww:hasLanguage knoraType="richtext_value">English</p0826-teimww:hasLanguage>
    <p0826-teimww:isWrittenBy>
      <p0826-teimww:person knoraType="link_value" linkType="ref" target="ww_212c78497ddc32c5"/>
    </p0826-teimww:isWrittenBy>
    <p0826-teimww:publishDate knoraType="date_value">GREGORIAN:1597:1597</p0826-teimww:publishDate>
    <p0826-teimww:title knoraType="richtext_value">Edmund Ironside</p0826-teimww:title>
  </p0826-teimww:book>
  <p0826-teimww:book id="ww_295f83922412b588">
    <knoraXmlImport:label>Shakespeare and </knoraXmlImport:label>
    <p0826-teimww:bookInternalId knoraType="richtext_value">@005260</p0826-teimww:bookInternalId>
    <p0826-teimww:edition knoraType="richtext_value">Notes and Queries (September 1963): 331-332.</p0826-teimww:edition>
    <p0826-teimww:isWrittenBy>
      <p0826-teimww:person knoraType="link_value" linkType="ref" target="ww_fdae751b03274cac"/>
    </p0826-teimww:isWrittenBy>
    <p0826-teimww:title knoraType="richtext_value">Shakespeare and Edmund Ironside</p0826-teimww:title>
  </p0826-teimww:book>
  <p0826-teimww:book id="ww_8bc9ee57cff30396">
    <knoraXmlImport:label>Satire 1 - Queda</knoraXmlImport:label>
    <p0826-teimww:bookInternalId knoraType="richtext_value">@005706</p0826-teimww:bookInternalId>
    <p0826-teimww:createdDate knoraType="date_value">GREGORIAN:1598:1598</p0826-teimww:createdDate>
    <p0826-teimww:edition knoraType="richtext_value">The metamorphosis of Pigmalions image And certaine satyres. London: James Roberts for Edmond Matts, 1598.</p0826-teimww:edition>
    <p0826-teimww:hasLanguage knoraType="richtext_value">English</p0826-teimww:hasLanguage>
    <p0826-teimww:isWrittenBy>
      <p0826-teimww:person knoraType="link_value" linkType="ref" target="ww_ad03d7c87e5b9c24"/>
    </p0826-teimww:isWrittenBy>
    <p0826-teimww:publishDate knoraType="date_value">GREGORIAN:1598:1598</p0826-teimww:publishDate>
    <p0826-teimww:title knoraType="richtext_value">Satire 1 - Quedam videntur, et non sunt</p0826-teimww:title>
  </p0826-teimww:book>
  <p0826-teimww:book id="ww_32fdd8378826e2d8">
    <knoraXmlImport:label>The Scourge of V</knoraXmlImport:label>
    <p0826-teimww:bookInternalId knoraType="richtext_value">@005005</p0826-teimww:bookInternalId>
    <p0826-teimww:createdDate knoraType="date_value">GREGORIAN:1598:1598</p0826-teimww:createdDate>
    <p0826-teimww:edition knoraType="richtext_value">The scourge of villanie Three bookes of satyres. London: James Roberts for John Busby, 1598.</p0826-teimww:edition>
    <p0826-teimww:hasLanguage knoraType="richtext_value">English</p0826-teimww:hasLanguage>
    <p0826-teimww:isWrittenBy>
      <p0826-teimww:person knoraType="link_value" linkType="ref" target="ww_ad03d7c87e5b9c24"/>
    </p0826-teimww:isWrittenBy>
    <p0826-teimww:publishDate knoraType="date_value">GREGORIAN:1598:1598</p0826-teimww:publishDate>
    <p0826-teimww:title knoraType="richtext_value">The Scourge of Villainy</p0826-teimww:title>
  </p0826-teimww:book>
  <p0826-teimww:book id="ww_0c5550692d30fd91">
    <knoraXmlImport:label>The Poems of Joh</knoraXmlImport:label>
    <p0826-teimww:bookInternalId knoraType="richtext_value">@005194</p0826-teimww:bookInternalId>
    <p0826-teimww:edition knoraType="richtext_value">ed. The Poems of John Marston. Liverpool University Press 1961.</p0826-teimww:edition>
    <p0826-teimww:isWrittenBy>
      <p0826-teimww:person knoraType="link_value" linkType="ref" target="ww_4aad8076b21701ae"/>
    </p0826-teimww:isWrittenBy>
    <p0826-teimww:title knoraType="richtext_value">The Poems of John Marston (Davenport edition)</p0826-teimww:title>
  </p0826-teimww:book>
  <p0826-teimww:book id="ww_a466e78302462627">
    <knoraXmlImport:label>Antonio and Mell</knoraXmlImport:label>
    <p0826-teimww:bookInternalId knoraType="richtext_value">@001218</p0826-teimww:bookInternalId>
    <p0826-teimww:createdDate knoraType="date_value">GREGORIAN:1599:1599</p0826-teimww:createdDate>
    <p0826-teimww:edition knoraType="richtext_value">The Plays of John Marston in Three Volumes. Ed. H. Harvey Wood. Edinburgh and London: Oliver and Boyd, 1934-1939. 1:1-64.</p0826-teimww:edition>
    <p0826-teimww:hasLanguage knoraType="richtext_value">English</p0826-teimww:hasLanguage>
    <p0826-teimww:isWrittenBy>
      <p0826-teimww:person knoraType="link_value" linkType="ref" target="ww_ad03d7c87e5b9c24"/>
    </p0826-teimww:isWrittenBy>
    <p0826-teimww:publishDate knoraType="date_value">GREGORIAN:1599:1599</p0826-teimww:publishDate>
    <p0826-teimww:title knoraType="richtext_value">Antonio and Mellida</p0826-teimww:title>
  </p0826-teimww:book>
  <p0826-teimww:book id="ww_0d47d04341ff3e0d">
    <knoraXmlImport:label>The Trial of Chi</knoraXmlImport:label>
    <p0826-teimww:bookInternalId knoraType="richtext_value">@001220</p0826-teimww:bookInternalId>
    <p0826-teimww:createdDate knoraType="date_value">GREGORIAN:1599:1599</p0826-teimww:createdDate>
    <p0826-teimww:edition knoraType="richtext_value">The history of the tryall of cheualry, with the life and death of Caualiero Dicke Bowyer. London: Simon Stafford for Nathaniel Butter, 1605.</p0826-teimww:edition>
    <p0826-teimww:hasLanguage knoraType="richtext_value">English</p0826-teimww:hasLanguage>
    <p0826-teimww:isWrittenBy>
      <p0826-teimww:person knoraType="link_value" linkType="ref" target="ww_212c78497ddc32c5"/>
    </p0826-teimww:isWrittenBy>
    <p0826-teimww:publishDate knoraType="date_value">GREGORIAN:1599:1599</p0826-teimww:publishDate>
    <p0826-teimww:title knoraType="richtext_value">The Trial of Chivalry</p0826-teimww:title>
  </p0826-teimww:book>
  <p0826-teimww:book id="ww_ce9e48c1ecd24728">
    <knoraXmlImport:label>John Marstons Dr</knoraXmlImport:label>
    <p0826-teimww:bookInternalId knoraType="richtext_value">@010056</p0826-teimww:bookInternalId>
    <p0826-teimww:edition knoraType="richtext_value">John Marston's Drama: Themes, Images, Sources. Rutherford et al.: Associated Unversity Presses, 1980.</p0826-teimww:edition>
    <p0826-teimww:isWrittenBy>
      <p0826-teimww:person knoraType="link_value" linkType="ref" target="ww_ac85346a6a733ffa"/>
    </p0826-teimww:isWrittenBy>
    <p0826-teimww:title knoraType="richtext_value">John Marstons Drama </p0826-teimww:title>
  </p0826-teimww:book>
  <p0826-teimww:book id="ww_b908ae26c4f3afcf">
    <knoraXmlImport:label>Collaborative Pl</knoraXmlImport:label>
    <p0826-teimww:bookInternalId knoraType="richtext_value">@010010</p0826-teimww:bookInternalId>
    <p0826-teimww:edition knoraType="richtext_value">eds. William Shakespeare and Others: Collaborative Plays. Basingstoke: Palgrave Macmillan, 2013.</p0826-teimww:edition>
    <p0826-teimww:isWrittenBy>
      <p0826-teimww:person knoraType="link_value" linkType="ref" target="ww_8fb09da2c31a2ddc"/>
    </p0826-teimww:isWrittenBy>
    <p0826-teimww:isWrittenBy>
      <p0826-teimww:person knoraType="link_value" linkType="ref" target="ww_360a194801e33346"/>
    </p0826-teimww:isWrittenBy>
    <p0826-teimww:title knoraType="richtext_value">Collaborative Plays</p0826-teimww:title>
  </p0826-teimww:book>
  <p0826-teimww:book id="ww_436db7d05fb0f0f6">
    <knoraXmlImport:label>Antonios Revenge</knoraXmlImport:label>
    <p0826-teimww:bookInternalId knoraType="richtext_value">@001271</p0826-teimww:bookInternalId>
    <p0826-teimww:createdDate knoraType="date_value">GREGORIAN:1600:1600</p0826-teimww:createdDate>
    <p0826-teimww:edition knoraType="richtext_value">The Plays of John Marston in Three Volumes. Ed. H. Harvey Wood. Edinburgh and London: Oliver and Boyd, 1934-1939. 1:65-134.</p0826-teimww:edition>
    <p0826-teimww:hasLanguage knoraType="richtext_value">English</p0826-teimww:hasLanguage>
    <p0826-teimww:isWrittenBy>
      <p0826-teimww:person knoraType="link_value" linkType="ref" target="ww_ad03d7c87e5b9c24"/>
    </p0826-teimww:isWrittenBy>
    <p0826-teimww:publishDate knoraType="date_value">GREGORIAN:1600:1600</p0826-teimww:publishDate>
    <p0826-teimww:title knoraType="richtext_value">Antonios Revenge</p0826-teimww:title>
  </p0826-teimww:book>
  <p0826-teimww:book id="ww_01a2557ffc81f6ca">
    <knoraXmlImport:label>Specimen of a Co</knoraXmlImport:label>
    <p0826-teimww:bookInternalId knoraType="richtext_value">@010145</p0826-teimww:bookInternalId>
    <p0826-teimww:edition knoraType="richtext_value">A Specimen of a Commentary on Shakespeare: being the text of the first (1794) edition revised by the author and never previously published. Eds. Alan Over and Mary Bell. 2nd ed. London: Methuen, 1967.</p0826-teimww:edition>
    <p0826-teimww:isWrittenBy>
      <p0826-teimww:person knoraType="link_value" linkType="ref" target="ww_7873f39b651d99c4"/>
    </p0826-teimww:isWrittenBy>
    <p0826-teimww:title knoraType="richtext_value">Specimen of a Commentary </p0826-teimww:title>
  </p0826-teimww:book>
  <p0826-teimww:book id="ww_71f9553b2f54e1b1">
    <knoraXmlImport:label>The Genesis of S</knoraXmlImport:label>
    <p0826-teimww:bookInternalId knoraType="richtext_value">@010090</p0826-teimww:bookInternalId>
    <p0826-teimww:edition knoraType="richtext_value">The Genesis of Shakespeare Idolatry, 1766-1799. A Study in English Criticism of the Late Eighteenth Century. New York: Russell and Russell, 1964.</p0826-teimww:edition>
    <p0826-teimww:isWrittenBy>
      <p0826-teimww:person knoraType="link_value" linkType="ref" target="ww_6602bf84bc7e7d7f"/>
    </p0826-teimww:isWrittenBy>
    <p0826-teimww:title knoraType="richtext_value">The Genesis of Shakespeare Idolatry 1766-1799</p0826-teimww:title>
  </p0826-teimww:book>
  <p0826-teimww:book id="ww_703eb3f3a9bf6d41">
    <knoraXmlImport:label>Shakespearean Bu</knoraXmlImport:label>
    <p0826-teimww:bookInternalId knoraType="richtext_value">@010073</p0826-teimww:bookInternalId>
    <p0826-teimww:edition knoraType="richtext_value">ed. Shakespearean Burlesques. 3 vols. London: Diploma Press, Ltd., 1977.</p0826-teimww:edition>
    <p0826-teimww:isWrittenBy>
      <p0826-teimww:person knoraType="link_value" linkType="ref" target="ww_df21ac325632f060"/>
    </p0826-teimww:isWrittenBy>
    <p0826-teimww:title knoraType="richtext_value">Shakespearean Burlesques (Wells edition)</p0826-teimww:title>
  </p0826-teimww:book>
  <p0826-teimww:book id="ww_f034fa6f545e0122">
    <knoraXmlImport:label>The Madrigal, th</knoraXmlImport:label>
    <p0826-teimww:bookInternalId knoraType="richtext_value">@010065</p0826-teimww:bookInternalId>
    <p0826-teimww:edition knoraType="richtext_value">Past and Present 44 (August 1969): 3-51.</p0826-teimww:edition>
    <p0826-teimww:isWrittenBy>
      <p0826-teimww:person knoraType="link_value" linkType="ref" target="ww_9d448942a16583fe"/>
    </p0826-teimww:isWrittenBy>
    <p0826-teimww:isWrittenBy>
      <p0826-teimww:person knoraType="link_value" linkType="ref" target="ww_c961f8c651ae6763"/>
    </p0826-teimww:isWrittenBy>
    <p0826-teimww:title knoraType="richtext_value">The Madrigal, the Lute Song and Elizabethan Politics</p0826-teimww:title>
  </p0826-teimww:book>
  <p0826-teimww:book id="ww_27efae6f396668e8">
    <knoraXmlImport:label>The Influence of</knoraXmlImport:label>
    <p0826-teimww:bookInternalId knoraType="richtext_value">@010109</p0826-teimww:bookInternalId>
    <p0826-teimww:edition knoraType="richtext_value">The Influence of Shakespeare on English Drama 1600-1642. Cambridge: Cambridge University Press, 1968.</p0826-teimww:edition>
    <p0826-teimww:isWrittenBy>
      <p0826-teimww:person knoraType="link_value" linkType="ref" target="ww_ffa5ab3de908dcd2"/>
    </p0826-teimww:isWrittenBy>
    <p0826-teimww:title knoraType="richtext_value">The Influence of Shakespeare on English Drama 1600</p0826-teimww:title>
  </p0826-teimww:book>
  <p0826-teimww:book id="ww_e38a56a7efbf9723">
    <knoraXmlImport:label>The Insatiate Co</knoraXmlImport:label>
    <p0826-teimww:bookInternalId knoraType="richtext_value">@005700</p0826-teimww:bookInternalId>
    <p0826-teimww:edition knoraType="richtext_value">ed. John Marston. The Insatiate Countess. Manchester: Manchester University Press, 1984.</p0826-teimww:edition>
    <p0826-teimww:isWrittenBy>
      <p0826-teimww:person knoraType="link_value" linkType="ref" target="ww_e651195b0e2d0014"/>
    </p0826-teimww:isWrittenBy>
    <p0826-teimww:title knoraType="richtext_value">The Insatiate Countess (Melchiori edition)</p0826-teimww:title>
  </p0826-teimww:book>
  <p0826-teimww:book id="ww_ae88354a1d70cefb">
    <knoraXmlImport:label>The Complete Wor</knoraXmlImport:label>
    <p0826-teimww:bookInternalId knoraType="richtext_value">@010143</p0826-teimww:bookInternalId>
    <p0826-teimww:edition knoraType="richtext_value">ed. The Complete Works of John Webster. 4 vols. London: Chatto and Windus, 1927. </p0826-teimww:edition>
    <p0826-teimww:isWrittenBy>
      <p0826-teimww:person knoraType="link_value" linkType="ref" target="ww_ed8bb2273ef0878b"/>
    </p0826-teimww:isWrittenBy>
    <p0826-teimww:title knoraType="richtext_value">The Complete Works of John Webster (Lucas edition)</p0826-teimww:title>
  </p0826-teimww:book>
  <p0826-teimww:book id="ww_f1fa280c821d334c">
    <knoraXmlImport:label>An Early Hamlet </knoraXmlImport:label>
    <p0826-teimww:bookInternalId knoraType="richtext_value">@010068</p0826-teimww:bookInternalId>
    <p0826-teimww:edition knoraType="richtext_value">The Shakespeare Association Bulletin 16.1 (1941): 50-1.</p0826-teimww:edition>
    <p0826-teimww:isWrittenBy>
      <p0826-teimww:person knoraType="link_value" linkType="ref" target="ww_ac792c172bd4228f"/>
    </p0826-teimww:isWrittenBy>
    <p0826-teimww:title knoraType="richtext_value">An Early Hamlet Allusion</p0826-teimww:title>
  </p0826-teimww:book>
  <p0826-teimww:book id="ww_2f767c233db0ba89">
    <knoraXmlImport:label>Congreve as a Sh</knoraXmlImport:label>
    <p0826-teimww:bookInternalId knoraType="richtext_value">@010012</p0826-teimww:bookInternalId>
    <p0826-teimww:edition knoraType="richtext_value">Poetry and Drama 1570-1700: Essays in Honour of Harold F. Brooks. Eds. Antony Coleman and Antony Hammond. London and New York: Methuen, 1981. 186-199.</p0826-teimww:edition>
    <p0826-teimww:isWrittenBy>
      <p0826-teimww:person knoraType="link_value" linkType="ref" target="ww_4e2014cf7880cdc5"/>
    </p0826-teimww:isWrittenBy>
    <p0826-teimww:title knoraType="richtext_value">Congreve as a Shakespearean</p0826-teimww:title>
  </p0826-teimww:book>
  <p0826-teimww:book id="ww_c4dd28c52431d7a3">
    <knoraXmlImport:label>Shakespeare and </knoraXmlImport:label>
    <p0826-teimww:bookInternalId knoraType="richtext_value">@010041</p0826-teimww:bookInternalId>
    <p0826-teimww:edition knoraType="richtext_value">Modern Philology 53.2 (November 1955): 88-99.</p0826-teimww:edition>
    <p0826-teimww:isWrittenBy>
      <p0826-teimww:person knoraType="link_value" linkType="ref" target="ww_549b732020230ba1"/>
    </p0826-teimww:isWrittenBy>
    <p0826-teimww:title knoraType="richtext_value">Shakespeare and Jonson among the Pamphleteers of the First Civil War. Some Unreported Seventeenth-Century Allusions</p0826-teimww:title>
  </p0826-teimww:book>
  <p0826-teimww:book id="ww_fcbf6cb53d663d95">
    <knoraXmlImport:label>Shakespeare and </knoraXmlImport:label>
    <p0826-teimww:bookInternalId knoraType="richtext_value">@010201</p0826-teimww:bookInternalId>
    <p0826-teimww:edition knoraType="richtext_value">Shakespeare and Ovid. Oxford: Clarendon Paperbacks, 1994.</p0826-teimww:edition>
    <p0826-teimww:isWrittenBy>
      <p0826-teimww:person knoraType="link_value" linkType="ref" target="ww_360a194801e33346"/>
    </p0826-teimww:isWrittenBy>
    <p0826-teimww:title knoraType="richtext_value">Shakespeare and Ovid</p0826-teimww:title>
  </p0826-teimww:book>
  <p0826-teimww:book id="ww_db0e9fa009aad7b3">
    <knoraXmlImport:label>Word and Image C</knoraXmlImport:label>
    <p0826-teimww:bookInternalId knoraType="richtext_value">@010070</p0826-teimww:bookInternalId>
    <p0826-teimww:edition knoraType="richtext_value">Swiss Papers in English Language and Literature (SPELL) 3 The Structure of Texts (1987): 133-157.</p0826-teimww:edition>
    <p0826-teimww:isWrittenBy>
      <p0826-teimww:person knoraType="link_value" linkType="ref" target="ww_86c92244655c7f75"/>
    </p0826-teimww:isWrittenBy>
    <p0826-teimww:title knoraType="richtext_value">Word and Image Clusters in Shakespeare</p0826-teimww:title>
  </p0826-teimww:book>
  <p0826-teimww:book id="ww_5daf3834744322ae">
    <knoraXmlImport:label>Cynthia's Revels</knoraXmlImport:label>
    <p0826-teimww:bookInternalId knoraType="richtext_value">@001269</p0826-teimww:bookInternalId>
    <p0826-teimww:createdDate knoraType="date_value">GREGORIAN:1600:1600</p0826-teimww:createdDate>
    <p0826-teimww:edition knoraType="richtext_value">The Workes of Beniamin Jonson. London: Will Stansby, 1616. 178-269.</p0826-teimww:edition>
    <p0826-teimww:hasLanguage knoraType="richtext_value">English</p0826-teimww:hasLanguage>
    <p0826-teimww:isWrittenBy>
      <p0826-teimww:person knoraType="link_value" linkType="ref" target="ww_9b2d545e20d62482"/>
    </p0826-teimww:isWrittenBy>
    <p0826-teimww:publishDate knoraType="date_value">GREGORIAN:1600:1600</p0826-teimww:publishDate>
    <p0826-teimww:title knoraType="richtext_value">Cynthia's Revels</p0826-teimww:title>
  </p0826-teimww:book>
  <p0826-teimww:book id="ww_f6685305b5e15919">
    <knoraXmlImport:label>Henry Swinburne </knoraXmlImport:label>
    <p0826-teimww:bookInternalId knoraType="richtext_value">@010014</p0826-teimww:bookInternalId>
    <p0826-teimww:edition knoraType="richtext_value">Notes and Queries 202 (1957): 285-286.</p0826-teimww:edition>
    <p0826-teimww:isWrittenBy>
      <p0826-teimww:person knoraType="link_value" linkType="ref" target="ww_cfc974ec4e221d48"/>
    </p0826-teimww:isWrittenBy>
    <p0826-teimww:title knoraType="richtext_value">Henry Swinburne and Shakespeare</p0826-teimww:title>
  </p0826-teimww:book>
  <p0826-teimww:book id="ww_599e3b499932059f">
    <knoraXmlImport:label>Shakespeares Tes</knoraXmlImport:label>
    <p0826-teimww:bookInternalId knoraType="richtext_value">@010066</p0826-teimww:bookInternalId>
    <p0826-teimww:edition knoraType="richtext_value">Shakespeare's Testamentary Language. London: Longmans, Green and Co., 1869. </p0826-teimww:edition>
    <p0826-teimww:isWrittenBy>
      <p0826-teimww:person knoraType="link_value" linkType="ref" target="ww_920d3f0aede3598b"/>
    </p0826-teimww:isWrittenBy>
    <p0826-teimww:title knoraType="richtext_value">Shakespeares Testamentary Language</p0826-teimww:title>
  </p0826-teimww:book>
  <p0826-teimww:book id="ww_0b652d0c80d7227e">
    <knoraXmlImport:label>Five Shakespeare</knoraXmlImport:label>
    <p0826-teimww:bookInternalId knoraType="richtext_value">@010013</p0826-teimww:bookInternalId>
    <p0826-teimww:edition knoraType="richtext_value">Shakespeare Quarterly 20.1 (Winter 1969): 81-83.</p0826-teimww:edition>
    <p0826-teimww:isWrittenBy>
      <p0826-teimww:person knoraType="link_value" linkType="ref" target="ww_9d444a0f923d7ac3"/>
    </p0826-teimww:isWrittenBy>
    <p0826-teimww:title knoraType="richtext_value">Five Shakespeare Allusions 1621-1630</p0826-teimww:title>
  </p0826-teimww:book>
  <p0826-teimww:book id="ww_49d40eeadeef05fb">
    <knoraXmlImport:label>Milton Poems (Wa</knoraXmlImport:label>
    <p0826-teimww:bookInternalId knoraType="richtext_value">@010129</p0826-teimww:bookInternalId>
    <p0826-teimww:edition knoraType="richtext_value">ed. Poems upon several occasions. English, Italian and Latin, with translations, by John Milton [...]. With Notes, critical and explanatory, and other illustrations. London: James Dodsley, 1785.</p0826-teimww:edition>
    <p0826-teimww:isWrittenBy>
      <p0826-teimww:person knoraType="link_value" linkType="ref" target="ww_99768d9741fbce8b"/>
    </p0826-teimww:isWrittenBy>
    <p0826-teimww:title knoraType="richtext_value">Milton Poems (Warton edition)</p0826-teimww:title>
  </p0826-teimww:book>
  <p0826-teimww:book id="ww_bd61ff243a1c12bf">
    <knoraXmlImport:label>What Happens in </knoraXmlImport:label>
    <p0826-teimww:bookInternalId knoraType="richtext_value">@010074</p0826-teimww:bookInternalId>
    <p0826-teimww:edition knoraType="richtext_value">What Happens in Hamlet? Cambridge: Cambridge University Press, 2003.</p0826-teimww:edition>
    <p0826-teimww:isWrittenBy>
      <p0826-teimww:person knoraType="link_value" linkType="ref" target="ww_e59f20507549cc08"/>
    </p0826-teimww:isWrittenBy>
    <p0826-teimww:title knoraType="richtext_value">What Happens in Hamlet</p0826-teimww:title>
  </p0826-teimww:book>
  <p0826-teimww:book id="ww_17854cef6ca6f944">
    <knoraXmlImport:label>Shakespeare in t</knoraXmlImport:label>
    <p0826-teimww:bookInternalId knoraType="richtext_value">@010108</p0826-teimww:bookInternalId>
    <p0826-teimww:edition knoraType="richtext_value">Shakespeare Quarterly 16.1 (Winter 1965): 81-89.</p0826-teimww:edition>
    <p0826-teimww:isWrittenBy>
      <p0826-teimww:person knoraType="link_value" linkType="ref" target="ww_ffa5ab3de908dcd2"/>
    </p0826-teimww:isWrittenBy>
    <p0826-teimww:title knoraType="richtext_value">Shakespeare in the Seventeenth Century</p0826-teimww:title>
  </p0826-teimww:book>
  <p0826-teimww:book id="ww_1397c4b67db5b86a">
    <knoraXmlImport:label>There is Nothing</knoraXmlImport:label>
    <p0826-teimww:bookInternalId knoraType="richtext_value">@010055</p0826-teimww:bookInternalId>
    <p0826-teimww:edition knoraType="richtext_value">There is Nothing Like a Dane! The Lighter Side of Hamlet. London: Nick Hern Books, 1998.</p0826-teimww:edition>
    <p0826-teimww:isWrittenBy>
      <p0826-teimww:person knoraType="link_value" linkType="ref" target="ww_0579f1a78253c75c"/>
    </p0826-teimww:isWrittenBy>
    <p0826-teimww:title knoraType="richtext_value">There is Nothing Like a Dane</p0826-teimww:title>
  </p0826-teimww:book>
  <p0826-teimww:book id="ww_a3bdfb5ec0f62f6f">
    <knoraXmlImport:label>Hamlet (Jenkins </knoraXmlImport:label>
    <p0826-teimww:bookInternalId knoraType="richtext_value">@020005</p0826-teimww:bookInternalId>
    <p0826-teimww:edition knoraType="richtext_value">ed. William Shakespeare. Hamlet. New Arden Shakespeare. London: Methuen, 1982.</p0826-teimww:edition>
    <p0826-teimww:isWrittenBy>
      <p0826-teimww:person knoraType="link_value" linkType="ref" target="ww_5630a28303424aa1"/>
    </p0826-teimww:isWrittenBy>
    <p0826-teimww:title knoraType="richtext_value">Hamlet (Jenkins edition)</p0826-teimww:title>
  </p0826-teimww:book>
  <p0826-teimww:book id="ww_42a6c34f5f492571">
    <knoraXmlImport:label>Characterization</knoraXmlImport:label>
    <p0826-teimww:bookInternalId knoraType="richtext_value">@010016</p0826-teimww:bookInternalId>
    <p0826-teimww:edition knoraType="richtext_value">SQ 4.1 (January 1953): 3-9.</p0826-teimww:edition>
    <p0826-teimww:isWrittenBy>
      <p0826-teimww:person knoraType="link_value" linkType="ref" target="ww_46b7abbd7f3bb8e7"/>
    </p0826-teimww:isWrittenBy>
    <p0826-teimww:title knoraType="richtext_value">Characterization in Polonius' Advice to Laertes</p0826-teimww:title>
  </p0826-teimww:book>
  <p0826-teimww:book id="ww_ede42cb1c3c1d408">
    <knoraXmlImport:label>Shakespeares Eup</knoraXmlImport:label>
    <p0826-teimww:bookInternalId knoraType="richtext_value">@010027</p0826-teimww:bookInternalId>
    <p0826-teimww:edition knoraType="richtext_value">Shakespeare's Euphuism. London: Longmans, Green, and Co., 1871.</p0826-teimww:edition>
    <p0826-teimww:isWrittenBy>
      <p0826-teimww:person knoraType="link_value" linkType="ref" target="ww_920d3f0aede3598b"/>
    </p0826-teimww:isWrittenBy>
    <p0826-teimww:title knoraType="richtext_value">Shakespeares Euphuism</p0826-teimww:title>
  </p0826-teimww:book>
  <p0826-teimww:book id="ww_eba183d996a233a5">
    <knoraXmlImport:label>Shakespeare's Li</knoraXmlImport:label>
    <p0826-teimww:bookInternalId knoraType="richtext_value">@010024</p0826-teimww:bookInternalId>
    <p0826-teimww:edition knoraType="richtext_value">Queen's Quarterly 65 (1 January 1958): 239-250.</p0826-teimww:edition>
    <p0826-teimww:isWrittenBy>
      <p0826-teimww:person knoraType="link_value" linkType="ref" target="ww_b85b5bffc57af7f3"/>
    </p0826-teimww:isWrittenBy>
    <p0826-teimww:title knoraType="richtext_value">Shakespeare's Living Sources</p0826-teimww:title>
  </p0826-teimww:book>
  <p0826-teimww:book id="ww_5c89e8fa112ee4e8">
    <knoraXmlImport:label>Shakespeares Say</knoraXmlImport:label>
    <p0826-teimww:bookInternalId knoraType="richtext_value">@010135</p0826-teimww:bookInternalId>
    <p0826-teimww:edition knoraType="richtext_value">"Shakespeare's Sayings". Shakespeare and Elizabethan Popular Culture. Ed. Stuart Gillespie and Neil Rhodes. London: The Arden Shakespeare, 2006. 155-173.</p0826-teimww:edition>
    <p0826-teimww:isWrittenBy>
      <p0826-teimww:person knoraType="link_value" linkType="ref" target="ww_e7afee78eca963f2"/>
    </p0826-teimww:isWrittenBy>
    <p0826-teimww:title knoraType="richtext_value">Shakespeares Sayings</p0826-teimww:title>
  </p0826-teimww:book>
  <p0826-teimww:book id="ww_7a7f311401615b8e">
    <knoraXmlImport:label>Additions to the</knoraXmlImport:label>
    <p0826-teimww:bookInternalId knoraType="richtext_value">@005278</p0826-teimww:bookInternalId>
    <p0826-teimww:createdDate knoraType="date_value">GREGORIAN:1602:1602</p0826-teimww:createdDate>
    <p0826-teimww:edition knoraType="richtext_value">[Additions to] The Spanish Tragedie: The Spanish Tragedie: Containing the lamentable end of Don Horatio, and Bel-imperia: with the pittifull death of olde Hieronimo. Newly corrected, amended, and enlarged with new additions of the Painters part, and others, as it hath of late been diuers times acted. London: W. W. for T. Pauier, 1602.</p0826-teimww:edition>
    <p0826-teimww:hasLanguage knoraType="richtext_value">English</p0826-teimww:hasLanguage>
    <p0826-teimww:isWrittenBy>
      <p0826-teimww:person knoraType="link_value" linkType="ref" target="ww_9b2d545e20d62482"/>
    </p0826-teimww:isWrittenBy>
    <p0826-teimww:publishDate knoraType="date_value">GREGORIAN:1602:1602</p0826-teimww:publishDate>
    <p0826-teimww:title knoraType="richtext_value">Additions to the Spanish Tragedy</p0826-teimww:title>
  </p0826-teimww:book>
  <p0826-teimww:book id="ww_7f949bbd8df542c3">
    <knoraXmlImport:label>The Malcontent</knoraXmlImport:label>
    <p0826-teimww:bookInternalId knoraType="richtext_value">@001391</p0826-teimww:bookInternalId>
    <p0826-teimww:createdDate knoraType="date_value">GREGORIAN:1603:1603</p0826-teimww:createdDate>
    <p0826-teimww:edition knoraType="richtext_value">The Plays of John Marston in Three Volumes. Ed. H. Harvey Wood. Edinburgh and London: Oliver and Boyd, 1934-1939. 1:135-218.</p0826-teimww:edition>
    <p0826-teimww:hasLanguage knoraType="richtext_value">English</p0826-teimww:hasLanguage>
    <p0826-teimww:isWrittenBy>
      <p0826-teimww:person knoraType="link_value" linkType="ref" target="ww_ad03d7c87e5b9c24"/>
    </p0826-teimww:isWrittenBy>
    <p0826-teimww:publishDate knoraType="date_value">GREGORIAN:1603:1603</p0826-teimww:publishDate>
    <p0826-teimww:title knoraType="richtext_value">The Malcontent</p0826-teimww:title>
  </p0826-teimww:book>
  <p0826-teimww:book id="ww_75ea66b2f428cc3e">
    <knoraXmlImport:label>The Dutch Curtez</knoraXmlImport:label>
    <p0826-teimww:bookInternalId knoraType="richtext_value">@001434</p0826-teimww:bookInternalId>
    <p0826-teimww:createdDate knoraType="date_value">GREGORIAN:1604:1604</p0826-teimww:createdDate>
    <p0826-teimww:edition knoraType="richtext_value">The Plays of John Marston in Three Volumes. Ed. H. Harvey Wood. Edinburgh and London: Oliver and Boyd, 1934-1939. 2:65-138.</p0826-teimww:edition>
    <p0826-teimww:hasLanguage knoraType="richtext_value">English</p0826-teimww:hasLanguage>
    <p0826-teimww:isWrittenBy>
      <p0826-teimww:person knoraType="link_value" linkType="ref" target="ww_ad03d7c87e5b9c24"/>
    </p0826-teimww:isWrittenBy>
    <p0826-teimww:publishDate knoraType="date_value">GREGORIAN:1604:1604</p0826-teimww:publishDate>
    <p0826-teimww:title knoraType="richtext_value">The Dutch Curtezan</p0826-teimww:title>
  </p0826-teimww:book>
  <p0826-teimww:book id="ww_bc78559657a822d9">
    <knoraXmlImport:label>Daiphantus</knoraXmlImport:label>
    <p0826-teimww:bookInternalId knoraType="richtext_value">@005594</p0826-teimww:bookInternalId>
    <p0826-teimww:createdDate knoraType="date_value">GREGORIAN:1604:1604</p0826-teimww:createdDate>
    <p0826-teimww:edition knoraType="richtext_value">Daiphantus, or The Passions of Loue. Comicall to Reade, But Tragicall to Act: As full of Wit, as of Experience. London: T. Creede for William Cotton, 1604.</p0826-teimww:edition>
    <p0826-teimww:hasLanguage knoraType="richtext_value">English</p0826-teimww:hasLanguage>
    <p0826-teimww:isWrittenBy>
      <p0826-teimww:person knoraType="link_value" linkType="ref" target="ww_970a44cddbbbe8d2"/>
    </p0826-teimww:isWrittenBy>
    <p0826-teimww:publishDate knoraType="date_value">GREGORIAN:1604:1604</p0826-teimww:publishDate>
    <p0826-teimww:title knoraType="richtext_value">Daiphantus</p0826-teimww:title>
  </p0826-teimww:book>
  <p0826-teimww:book id="ww_850c6f2b24767d61">
    <knoraXmlImport:label>The Case is Alte</knoraXmlImport:label>
    <p0826-teimww:bookInternalId knoraType="richtext_value">@001419</p0826-teimww:bookInternalId>
    <p0826-teimww:createdDate knoraType="date_value">GREGORIAN:1604:1604</p0826-teimww:createdDate>
    <p0826-teimww:edition knoraType="richtext_value">The Case Is Altered. 1604.</p0826-teimww:edition>
    <p0826-teimww:hasLanguage knoraType="richtext_value">English</p0826-teimww:hasLanguage>
    <p0826-teimww:isWrittenBy>
      <p0826-teimww:person knoraType="link_value" linkType="ref" target="ww_9b2d545e20d62482"/>
    </p0826-teimww:isWrittenBy>
    <p0826-teimww:publishDate knoraType="date_value">GREGORIAN:1604:1604</p0826-teimww:publishDate>
    <p0826-teimww:title knoraType="richtext_value">The Case is Altered - How - Ask Dalio and Millo</p0826-teimww:title>
  </p0826-teimww:book>
  <p0826-teimww:book id="ww_d77664dc4673002e">
    <knoraXmlImport:label>The Fawne</knoraXmlImport:label>
    <p0826-teimww:bookInternalId knoraType="richtext_value">@001455</p0826-teimww:bookInternalId>
    <p0826-teimww:createdDate knoraType="date_value">GREGORIAN:1605:1605</p0826-teimww:createdDate>
    <p0826-teimww:edition knoraType="richtext_value">The Plays of John Marston in Three Volumes. Ed. H. Harvey Wood. Edinburgh and London: Oliver and Boyd, 1934-1939. 2:139-226.</p0826-teimww:edition>
    <p0826-teimww:hasLanguage knoraType="richtext_value">English</p0826-teimww:hasLanguage>
    <p0826-teimww:isWrittenBy>
      <p0826-teimww:person knoraType="link_value" linkType="ref" target="ww_ad03d7c87e5b9c24"/>
    </p0826-teimww:isWrittenBy>
    <p0826-teimww:publishDate knoraType="date_value">GREGORIAN:1605:1605</p0826-teimww:publishDate>
    <p0826-teimww:title knoraType="richtext_value">The Fawne</p0826-teimww:title>
  </p0826-teimww:book>
  <p0826-teimww:book id="ww_b3682ff76e9d5773">
    <knoraXmlImport:label>A Yorkshire Trag</knoraXmlImport:label>
    <p0826-teimww:bookInternalId knoraType="richtext_value">@005276</p0826-teimww:bookInternalId>
    <p0826-teimww:createdDate knoraType="date_value">GREGORIAN:1605:1605</p0826-teimww:createdDate>
    <p0826-teimww:edition knoraType="richtext_value">The Collected Works. Gen. eds. Gary Taylor and John Lavagnino. Oxford: Clarendon Press, 2007. 455-466.</p0826-teimww:edition>
    <p0826-teimww:hasLanguage knoraType="richtext_value">English</p0826-teimww:hasLanguage>
    <p0826-teimww:isWrittenBy>
      <p0826-teimww:person knoraType="link_value" linkType="ref" target="ww_c298754546b2500e"/>
    </p0826-teimww:isWrittenBy>
    <p0826-teimww:publishDate knoraType="date_value">GREGORIAN:1605:1605</p0826-teimww:publishDate>
    <p0826-teimww:title knoraType="richtext_value">A Yorkshire Tragedy</p0826-teimww:title>
  </p0826-teimww:book>
  <p0826-teimww:book id="ww_aba8d90916ae3714">
    <knoraXmlImport:label>Sophonisba</knoraXmlImport:label>
    <p0826-teimww:bookInternalId knoraType="richtext_value">@001485</p0826-teimww:bookInternalId>
    <p0826-teimww:createdDate knoraType="date_value">GREGORIAN:1605:1605</p0826-teimww:createdDate>
    <p0826-teimww:edition knoraType="richtext_value">The Plays of John Marston in Three Volumes. Ed. H. Harvey Wood. Edinburgh and London: Oliver and Boyd, 1934-1939. 2:1-64.</p0826-teimww:edition>
    <p0826-teimww:hasLanguage knoraType="richtext_value">English</p0826-teimww:hasLanguage>
    <p0826-teimww:isWrittenBy>
      <p0826-teimww:person knoraType="link_value" linkType="ref" target="ww_ad03d7c87e5b9c24"/>
    </p0826-teimww:isWrittenBy>
    <p0826-teimww:publishDate knoraType="date_value">GREGORIAN:1605:1605</p0826-teimww:publishDate>
    <p0826-teimww:title knoraType="richtext_value">Sophonisba</p0826-teimww:title>
  </p0826-teimww:book>
  <p0826-teimww:book id="ww_c63e16da2763dd6d">
    <knoraXmlImport:label>The Revenger's T</knoraXmlImport:label>
    <p0826-teimww:bookInternalId knoraType="richtext_value">@001520</p0826-teimww:bookInternalId>
    <p0826-teimww:createdDate knoraType="date_value">GREGORIAN:1606:1606</p0826-teimww:createdDate>
    <p0826-teimww:edition knoraType="richtext_value">English Renaissance Drama: A Norton Anthology. Gen. ed. David Bevington. New York and London: W. W. Norton, 2002. 1303-1369.</p0826-teimww:edition>
    <p0826-teimww:hasLanguage knoraType="richtext_value">English</p0826-teimww:hasLanguage>
    <p0826-teimww:isWrittenBy>
      <p0826-teimww:person knoraType="link_value" linkType="ref" target="ww_883324fc3b8b8dba"/>
    </p0826-teimww:isWrittenBy>
    <p0826-teimww:isWrittenBy>
      <p0826-teimww:person knoraType="link_value" linkType="ref" target="ww_c298754546b2500e"/>
    </p0826-teimww:isWrittenBy>
    <p0826-teimww:publishDate knoraType="date_value">GREGORIAN:1606:1606</p0826-teimww:publishDate>
    <p0826-teimww:title knoraType="richtext_value">The Revenger's Tragedy</p0826-teimww:title>
  </p0826-teimww:book>
  <p0826-teimww:book id="ww_4c03575c94189fa0">
    <knoraXmlImport:label>The Fleer</knoraXmlImport:label>
    <p0826-teimww:bookInternalId knoraType="richtext_value">@001495</p0826-teimww:bookInternalId>
    <p0826-teimww:createdDate knoraType="date_value">GREGORIAN:1606:1606</p0826-teimww:createdDate>
    <p0826-teimww:edition knoraType="richtext_value">The Fleire by Edward Sharpham nach der Quarto 1607. Ed. Hunold Nibbe. Louvain: A. Uystpruyst, 1912.</p0826-teimww:edition>
    <p0826-teimww:hasLanguage knoraType="richtext_value">English</p0826-teimww:hasLanguage>
    <p0826-teimww:isWrittenBy>
      <p0826-teimww:person knoraType="link_value" linkType="ref" target="ww_79c674f9ee6b5a7c"/>
    </p0826-teimww:isWrittenBy>
    <p0826-teimww:publishDate knoraType="date_value">GREGORIAN:1606:1606</p0826-teimww:publishDate>
    <p0826-teimww:title knoraType="richtext_value">The Fleer</p0826-teimww:title>
  </p0826-teimww:book>
  <p0826-teimww:book id="ww_4ecd91ff283420a1">
    <knoraXmlImport:label>The Collected Wo</knoraXmlImport:label>
    <p0826-teimww:bookInternalId knoraType="richtext_value">@010126</p0826-teimww:bookInternalId>
    <p0826-teimww:edition knoraType="richtext_value">eds. The Collected Works of Thomas Middleton. Oxford: Clarendon Press, 2007.</p0826-teimww:edition>
    <p0826-teimww:isWrittenBy>
      <p0826-teimww:person knoraType="link_value" linkType="ref" target="ww_b29f022218b6d47d"/>
    </p0826-teimww:isWrittenBy>
    <p0826-teimww:isWrittenBy>
      <p0826-teimww:person knoraType="link_value" linkType="ref" target="ww_d97781c5821c201b"/>
    </p0826-teimww:isWrittenBy>
    <p0826-teimww:title knoraType="richtext_value">The Collected Works of Thomas Middleton (Taylor ed</p0826-teimww:title>
  </p0826-teimww:book>
  <p0826-teimww:book id="ww_0dd45e53b3b0b09c">
    <knoraXmlImport:label>Acting and Viole</knoraXmlImport:label>
    <p0826-teimww:bookInternalId knoraType="richtext_value">@010124</p0826-teimww:bookInternalId>
    <p0826-teimww:edition knoraType="richtext_value">Studies in English Literature 1500-1900 24:2 "Elizabethan and Jacobean Drama" Spring 1984): 275-291.</p0826-teimww:edition>
    <p0826-teimww:isWrittenBy>
      <p0826-teimww:person knoraType="link_value" linkType="ref" target="ww_fac481b50f8ffd3a"/>
    </p0826-teimww:isWrittenBy>
    <p0826-teimww:title knoraType="richtext_value">Acting and Violence: The Revenger's Tragedy and Its Departures from Hamlet</p0826-teimww:title>
  </p0826-teimww:book>
  <p0826-teimww:book id="ww_65a8b466f961261c">
    <knoraXmlImport:label>The Family of Lo</knoraXmlImport:label>
    <p0826-teimww:bookInternalId knoraType="richtext_value">@001529</p0826-teimww:bookInternalId>
    <p0826-teimww:createdDate knoraType="date_value">GREGORIAN:1607:1607</p0826-teimww:createdDate>
    <p0826-teimww:edition knoraType="richtext_value">The Familie of loue Acted by the children of his Maiesties Reuells. London: Richard Braddock for John Helmes, 1608.</p0826-teimww:edition>
    <p0826-teimww:hasLanguage knoraType="richtext_value">English</p0826-teimww:hasLanguage>
    <p0826-teimww:isWrittenBy>
      <p0826-teimww:person knoraType="link_value" linkType="ref" target="ww_9b3aca5e1fbd9b33"/>
    </p0826-teimww:isWrittenBy>
    <p0826-teimww:publishDate knoraType="date_value">GREGORIAN:1607:1607</p0826-teimww:publishDate>
    <p0826-teimww:title knoraType="richtext_value">The Family of Love</p0826-teimww:title>
  </p0826-teimww:book>
  <p0826-teimww:book id="ww_15ed05beffe3ef00">
    <knoraXmlImport:label>The Optic Glass </knoraXmlImport:label>
    <p0826-teimww:bookInternalId knoraType="richtext_value">@005166</p0826-teimww:bookInternalId>
    <p0826-teimww:createdDate knoraType="date_value">GREGORIAN:1607:1607</p0826-teimww:createdDate>
    <p0826-teimww:edition knoraType="richtext_value">The Optick glasse of Humors. Or The touchstone of a golden temperature [...] by T.W. Master of Artes. 1607.</p0826-teimww:edition>
    <p0826-teimww:hasLanguage knoraType="richtext_value">English</p0826-teimww:hasLanguage>
    <p0826-teimww:isWrittenBy>
      <p0826-teimww:person knoraType="link_value" linkType="ref" target="ww_e005e74f6af8f88e"/>
    </p0826-teimww:isWrittenBy>
    <p0826-teimww:publishDate knoraType="date_value">GREGORIAN:1607:1607</p0826-teimww:publishDate>
    <p0826-teimww:title knoraType="richtext_value">The Optic Glass of Humours</p0826-teimww:title>
  </p0826-teimww:book>
  <p0826-teimww:book id="ww_4664b15bdb9400ec">
    <knoraXmlImport:label>The Turk</knoraXmlImport:label>
    <p0826-teimww:bookInternalId knoraType="richtext_value">@001557</p0826-teimww:bookInternalId>
    <p0826-teimww:createdDate knoraType="date_value">GREGORIAN:1607:1607</p0826-teimww:createdDate>
    <p0826-teimww:edition knoraType="richtext_value">John Mason's The Turke edited from the Quartos of 1610 and 1632 by Joseph Quincy Adams, Jr. Louvain: A. Uytpruyst, 1913.</p0826-teimww:edition>
    <p0826-teimww:hasLanguage knoraType="richtext_value">English</p0826-teimww:hasLanguage>
    <p0826-teimww:isWrittenBy>
      <p0826-teimww:person knoraType="link_value" linkType="ref" target="ww_255b598e0ee7f9d1"/>
    </p0826-teimww:isWrittenBy>
    <p0826-teimww:publishDate knoraType="date_value">GREGORIAN:1607:1607</p0826-teimww:publishDate>
    <p0826-teimww:title knoraType="richtext_value">The Turk</p0826-teimww:title>
  </p0826-teimww:book>
  <p0826-teimww:book id="ww_7153ee1643dbad3b">
    <knoraXmlImport:label>Nathan Field, Th</knoraXmlImport:label>
    <p0826-teimww:bookInternalId knoraType="richtext_value">@010094</p0826-teimww:bookInternalId>
    <p0826-teimww:edition knoraType="richtext_value">Nathan Field, The Actor-Playwright. New Haven: Yale University Press, 1928.</p0826-teimww:edition>
    <p0826-teimww:isWrittenBy>
      <p0826-teimww:person knoraType="link_value" linkType="ref" target="ww_baa26ba822bffa2f"/>
    </p0826-teimww:isWrittenBy>
    <p0826-teimww:title knoraType="richtext_value">Nathan Field, The Actor-Playwright</p0826-teimww:title>
  </p0826-teimww:book>
  <p0826-teimww:book id="ww_56e2bc4eb5abe25b">
    <knoraXmlImport:label>The Insatiate Co</knoraXmlImport:label>
    <p0826-teimww:bookInternalId knoraType="richtext_value">@001605</p0826-teimww:bookInternalId>
    <p0826-teimww:createdDate knoraType="date_value">GREGORIAN:1610:1610</p0826-teimww:createdDate>
    <p0826-teimww:edition knoraType="richtext_value">The Insatiate Countess.</p0826-teimww:edition>
    <p0826-teimww:hasLanguage knoraType="richtext_value">English</p0826-teimww:hasLanguage>
    <p0826-teimww:isWrittenBy>
      <p0826-teimww:person knoraType="link_value" linkType="ref" target="ww_ad03d7c87e5b9c24"/>
    </p0826-teimww:isWrittenBy>
    <p0826-teimww:isWrittenBy>
      <p0826-teimww:person knoraType="link_value" linkType="ref" target="ww_18abf85e413e5632"/>
    </p0826-teimww:isWrittenBy>
    <p0826-teimww:isWrittenBy>
      <p0826-teimww:person knoraType="link_value" linkType="ref" target="ww_4165dddf64bc6da3"/>
    </p0826-teimww:isWrittenBy>
    <p0826-teimww:publishDate knoraType="date_value">GREGORIAN:1610:1610</p0826-teimww:publishDate>
    <p0826-teimww:title knoraType="richtext_value">The Insatiate Countess</p0826-teimww:title>
  </p0826-teimww:book>
  <p0826-teimww:book id="ww_dcc738a50b5db68f">
    <knoraXmlImport:label>The Revenge of B</knoraXmlImport:label>
    <p0826-teimww:bookInternalId knoraType="richtext_value">@001612</p0826-teimww:bookInternalId>
    <p0826-teimww:createdDate knoraType="date_value">GREGORIAN:1610:1610</p0826-teimww:createdDate>
    <p0826-teimww:edition knoraType="richtext_value">The Revenge of Bussy D'Ambois. A Tragedy. As it hath been often presented at the private Play-house in the White-Fryers. Written By George Chapman. London: T. S. to be sold by Iohn Helme, 1613.</p0826-teimww:edition>
    <p0826-teimww:hasLanguage knoraType="richtext_value">English</p0826-teimww:hasLanguage>
    <p0826-teimww:isWrittenBy>
      <p0826-teimww:person knoraType="link_value" linkType="ref" target="ww_8501ec457f433848"/>
    </p0826-teimww:isWrittenBy>
    <p0826-teimww:publishDate knoraType="date_value">GREGORIAN:1610:1610</p0826-teimww:publishDate>
    <p0826-teimww:title knoraType="richtext_value">The Revenge of Bussy DAmboise</p0826-teimww:title>
  </p0826-teimww:book>
  <p0826-teimww:book id="ww_aae46d6606af08c5">
    <knoraXmlImport:label>The Age of Brass</knoraXmlImport:label>
    <p0826-teimww:bookInternalId knoraType="richtext_value">@001653</p0826-teimww:bookInternalId>
    <p0826-teimww:createdDate knoraType="date_value">GREGORIAN:1611:1611</p0826-teimww:createdDate>
    <p0826-teimww:edition knoraType="richtext_value">The Brazen Age. London: Nicholas Okes, for Samuel Rand 1613.</p0826-teimww:edition>
    <p0826-teimww:hasLanguage knoraType="richtext_value">English</p0826-teimww:hasLanguage>
    <p0826-teimww:isWrittenBy>
      <p0826-teimww:person knoraType="link_value" linkType="ref" target="ww_f10aec8cfe5ff90d"/>
    </p0826-teimww:isWrittenBy>
    <p0826-teimww:publishDate knoraType="date_value">GREGORIAN:1611:1611</p0826-teimww:publishDate>
    <p0826-teimww:title knoraType="richtext_value">The Age of Brass</p0826-teimww:title>
  </p0826-teimww:book>
  <p0826-teimww:book id="ww_9ad87c450d3c00aa">
    <knoraXmlImport:label>The Maid's Trage</knoraXmlImport:label>
    <p0826-teimww:bookInternalId knoraType="richtext_value">@001650</p0826-teimww:bookInternalId>
    <p0826-teimww:createdDate knoraType="date_value">GREGORIAN:1611:1611</p0826-teimww:createdDate>
    <p0826-teimww:edition knoraType="richtext_value">The Dramatic Works in the Beaumont and Fletcher Canon. Ed. F. Bowers. 10 vols. Cambridge: Cambridge University Press, 1970. Vol. 2, 1-166.</p0826-teimww:edition>
    <p0826-teimww:hasLanguage knoraType="richtext_value">English</p0826-teimww:hasLanguage>
    <p0826-teimww:isWrittenBy>
      <p0826-teimww:person knoraType="link_value" linkType="ref" target="ww_ecd33a52caec339f"/>
    </p0826-teimww:isWrittenBy>
    <p0826-teimww:isWrittenBy>
      <p0826-teimww:person knoraType="link_value" linkType="ref" target="ww_3cc0cce5b6bf554a"/>
    </p0826-teimww:isWrittenBy>
    <p0826-teimww:publishDate knoraType="date_value">GREGORIAN:1611:1611</p0826-teimww:publishDate>
    <p0826-teimww:title knoraType="richtext_value">The Maid's Tragedy</p0826-teimww:title>
  </p0826-teimww:book>
  <p0826-teimww:book id="ww_ff044156426e708d">
    <knoraXmlImport:label>The Hog Hath Los</knoraXmlImport:label>
    <p0826-teimww:bookInternalId knoraType="richtext_value">@001701</p0826-teimww:bookInternalId>
    <p0826-teimww:createdDate knoraType="date_value">GREGORIAN:1613:1613</p0826-teimww:createdDate>
    <p0826-teimww:edition knoraType="richtext_value">The Hogge hath Lost his Pearle. A Comedy. Divers times Publikely acted, by certaine London Prentices. By Robert Tailor. London: Richard Redmer, 1614.</p0826-teimww:edition>
    <p0826-teimww:hasLanguage knoraType="richtext_value">English</p0826-teimww:hasLanguage>
    <p0826-teimww:isWrittenBy>
      <p0826-teimww:person knoraType="link_value" linkType="ref" target="ww_9865bf07634965e0"/>
    </p0826-teimww:isWrittenBy>
    <p0826-teimww:publishDate knoraType="date_value">GREGORIAN:1613:1613</p0826-teimww:publishDate>
    <p0826-teimww:title knoraType="richtext_value">The Hog Hath Lost His Pearl</p0826-teimww:title>
  </p0826-teimww:book>
  <p0826-teimww:book id="ww_83f40524c281e8de">
    <knoraXmlImport:label>Four Plays, or M</knoraXmlImport:label>
    <p0826-teimww:bookInternalId knoraType="richtext_value">@001706</p0826-teimww:bookInternalId>
    <p0826-teimww:createdDate knoraType="date_value">GREGORIAN:1613:1613</p0826-teimww:createdDate>
    <p0826-teimww:edition knoraType="richtext_value">"Four playes or morall representations in one". In: Comedies and Tragedies Written by Francis Beaumont and Iohn Fletcher [...] Never printed before, And now published by the Authours Originall Copies. London: Robinson and Moseley, 1647.</p0826-teimww:edition>
    <p0826-teimww:hasLanguage knoraType="richtext_value">English</p0826-teimww:hasLanguage>
    <p0826-teimww:isWrittenBy>
      <p0826-teimww:person knoraType="link_value" linkType="ref" target="ww_3cc0cce5b6bf554a"/>
    </p0826-teimww:isWrittenBy>
    <p0826-teimww:isWrittenBy>
      <p0826-teimww:person knoraType="link_value" linkType="ref" target="ww_8926bbeaa7c56023"/>
    </p0826-teimww:isWrittenBy>
    <p0826-teimww:publishDate knoraType="date_value">GREGORIAN:1613:1613</p0826-teimww:publishDate>
    <p0826-teimww:title knoraType="richtext_value">Four Plays, or Moral Representations, in One </p0826-teimww:title>
  </p0826-teimww:book>
  <p0826-teimww:book id="ww_b70c78ad34ac9ba9">
    <knoraXmlImport:label>The Iron Age Par</knoraXmlImport:label>
    <p0826-teimww:bookInternalId knoraType="richtext_value">@001704</p0826-teimww:bookInternalId>
    <p0826-teimww:createdDate knoraType="date_value">GREGORIAN:1613:1613</p0826-teimww:createdDate>
    <p0826-teimww:edition knoraType="richtext_value">The Iron Age. Contayning the Rape of Hellen: The Siege of Troy: The Combate betwixt Hector and Aiax: Hector and Troilus slayne by Achilles: Achilles slaine by Paris: Aiax and Vlisses contend for the Armour of Achilles: The Death of Ajax. London: Nicholas Okes, 1632.</p0826-teimww:edition>
    <p0826-teimww:hasLanguage knoraType="richtext_value">English</p0826-teimww:hasLanguage>
    <p0826-teimww:isWrittenBy>
      <p0826-teimww:person knoraType="link_value" linkType="ref" target="ww_f10aec8cfe5ff90d"/>
    </p0826-teimww:isWrittenBy>
    <p0826-teimww:publishDate knoraType="date_value">GREGORIAN:1613:1613</p0826-teimww:publishDate>
    <p0826-teimww:title knoraType="richtext_value">The Iron Age Part 1</p0826-teimww:title>
  </p0826-teimww:book>
  <p0826-teimww:book id="ww_b7cc3dc17b06bc1d">
    <knoraXmlImport:label>The Raging Turk</knoraXmlImport:label>
    <p0826-teimww:bookInternalId knoraType="richtext_value">@001823</p0826-teimww:bookInternalId>
    <p0826-teimww:createdDate knoraType="date_value">GREGORIAN:1617:1617</p0826-teimww:createdDate>
    <p0826-teimww:edition knoraType="richtext_value">The raging Tvrke. Or Baiazet the second. London: Avgvst. Mathevves for Richard Meighen, 1631.</p0826-teimww:edition>
    <p0826-teimww:hasLanguage knoraType="richtext_value">English</p0826-teimww:hasLanguage>
    <p0826-teimww:isWrittenBy>
      <p0826-teimww:person knoraType="link_value" linkType="ref" target="ww_ef3a38fd3962bb10"/>
    </p0826-teimww:isWrittenBy>
    <p0826-teimww:publishDate knoraType="date_value">GREGORIAN:1617:1617</p0826-teimww:publishDate>
    <p0826-teimww:title knoraType="richtext_value">The Raging Turk</p0826-teimww:title>
  </p0826-teimww:book>
  <p0826-teimww:book id="ww_e6393757bde56f88">
    <knoraXmlImport:label>The House of Cor</knoraXmlImport:label>
    <p0826-teimww:bookInternalId knoraType="richtext_value">@005120</p0826-teimww:bookInternalId>
    <p0826-teimww:createdDate knoraType="date_value">GREGORIAN:1619:1619</p0826-teimww:createdDate>
    <p0826-teimww:edition knoraType="richtext_value">The house of correction. or, certayne satyricall epigrams. London: Richard Redmer et al., 1619.</p0826-teimww:edition>
    <p0826-teimww:hasLanguage knoraType="richtext_value">English</p0826-teimww:hasLanguage>
    <p0826-teimww:isWrittenBy>
      <p0826-teimww:person knoraType="link_value" linkType="ref" target="ww_16cc8f76837b9146"/>
    </p0826-teimww:isWrittenBy>
    <p0826-teimww:publishDate knoraType="date_value">GREGORIAN:1619:1619</p0826-teimww:publishDate>
    <p0826-teimww:title knoraType="richtext_value">The House of Correction</p0826-teimww:title>
  </p0826-teimww:book>
  <p0826-teimww:book id="ww_c3a47e920e07f537">
    <knoraXmlImport:label>The Wild-Goose C</knoraXmlImport:label>
    <p0826-teimww:bookInternalId knoraType="richtext_value">@001990</p0826-teimww:bookInternalId>
    <p0826-teimww:createdDate knoraType="date_value">GREGORIAN:1621:1621</p0826-teimww:createdDate>
    <p0826-teimww:edition knoraType="richtext_value">The wild-goose chase. A comedie as it hath been acted with singular applause at the Black-Friers : being the noble, last, and onely remaines of those incomparable drammatists, Francis Beaumont and John Fletcher, Gent.: retriv'd for the publick delight of all the ingenious and private benefit of John Lowin and Joseph Taylor, servants to His late Majestie. London: Humphrey Moseley, 1652.</p0826-teimww:edition>
    <p0826-teimww:hasLanguage knoraType="richtext_value">English</p0826-teimww:hasLanguage>
    <p0826-teimww:isWrittenBy>
      <p0826-teimww:person knoraType="link_value" linkType="ref" target="ww_3cc0cce5b6bf554a"/>
    </p0826-teimww:isWrittenBy>
    <p0826-teimww:publishDate knoraType="date_value">GREGORIAN:1621:1621</p0826-teimww:publishDate>
    <p0826-teimww:title knoraType="richtext_value">The Wild-Goose Chase</p0826-teimww:title>
  </p0826-teimww:book>
  <p0826-teimww:book id="ww_6b9bc6143aac54e5">
    <knoraXmlImport:label>A Match at Midni</knoraXmlImport:label>
    <p0826-teimww:bookInternalId knoraType="richtext_value">@002027</p0826-teimww:bookInternalId>
    <p0826-teimww:createdDate knoraType="date_value">GREGORIAN:1622:1622</p0826-teimww:createdDate>
    <p0826-teimww:edition knoraType="richtext_value">A Match at Mid-Night. A Pleasant Comoedie: As it hath beene Acted by the Children of the Revells. Written by VV. R. London: Aug. Mathewes for William Sheares, 1633.</p0826-teimww:edition>
    <p0826-teimww:hasLanguage knoraType="richtext_value">English</p0826-teimww:hasLanguage>
    <p0826-teimww:isWrittenBy>
      <p0826-teimww:person knoraType="link_value" linkType="ref" target="ww_5cb3d6fa23800e74"/>
    </p0826-teimww:isWrittenBy>
    <p0826-teimww:publishDate knoraType="date_value">GREGORIAN:1622:1622</p0826-teimww:publishDate>
    <p0826-teimww:title knoraType="richtext_value">A Match at Midnight</p0826-teimww:title>
  </p0826-teimww:book>
  <p0826-teimww:book id="ww_ae445c827885ad63">
    <knoraXmlImport:label>Fortune by Land </knoraXmlImport:label>
    <p0826-teimww:bookInternalId knoraType="richtext_value">@002069</p0826-teimww:bookInternalId>
    <p0826-teimww:createdDate knoraType="date_value">GREGORIAN:1623:1623</p0826-teimww:createdDate>
    <p0826-teimww:edition knoraType="richtext_value">Fortune by Land and Sea. A Tragi-Comedy. London, 1655.</p0826-teimww:edition>
    <p0826-teimww:hasLanguage knoraType="richtext_value">English</p0826-teimww:hasLanguage>
    <p0826-teimww:isWrittenBy>
      <p0826-teimww:person knoraType="link_value" linkType="ref" target="ww_5cb3d6fa23800e74"/>
    </p0826-teimww:isWrittenBy>
    <p0826-teimww:isWrittenBy>
      <p0826-teimww:person knoraType="link_value" linkType="ref" target="ww_f10aec8cfe5ff90d"/>
    </p0826-teimww:isWrittenBy>
    <p0826-teimww:publishDate knoraType="date_value">GREGORIAN:1623:1623</p0826-teimww:publishDate>
    <p0826-teimww:title knoraType="richtext_value">Fortune by Land and Sea</p0826-teimww:title>
  </p0826-teimww:book>
  <p0826-teimww:book id="ww_5da40143cf2a7516">
    <knoraXmlImport:label>Gynaikeion</knoraXmlImport:label>
    <p0826-teimww:bookInternalId knoraType="richtext_value">@005105</p0826-teimww:bookInternalId>
    <p0826-teimww:createdDate knoraType="date_value">GREGORIAN:1624:1624</p0826-teimww:createdDate>
    <p0826-teimww:edition knoraType="richtext_value">Gynaikeion. or, Nine bookes of various history. Concerninge women inscribed by ye names of ye nine Muses. Written by Thom: Heywoode. London: Adam Islip, 1624.</p0826-teimww:edition>
    <p0826-teimww:hasLanguage knoraType="richtext_value">English</p0826-teimww:hasLanguage>
    <p0826-teimww:isWrittenBy>
      <p0826-teimww:person knoraType="link_value" linkType="ref" target="ww_f10aec8cfe5ff90d"/>
    </p0826-teimww:isWrittenBy>
    <p0826-teimww:publishDate knoraType="date_value">GREGORIAN:1624:1624</p0826-teimww:publishDate>
    <p0826-teimww:title knoraType="richtext_value">Gynaikeion</p0826-teimww:title>
  </p0826-teimww:book>
  <p0826-teimww:book id="ww_7970b85d2ad84965">
    <knoraXmlImport:label>Love Tricks, or </knoraXmlImport:label>
    <p0826-teimww:bookInternalId knoraType="richtext_value">@002158</p0826-teimww:bookInternalId>
    <p0826-teimww:createdDate knoraType="date_value">GREGORIAN:1625:1625</p0826-teimww:createdDate>
    <p0826-teimww:edition knoraType="richtext_value">The Schoole of Complement. As It Was Acted by her Maiesties Servants at the Private house in Drury Lane. E. A. for Francis Constable. 1631.</p0826-teimww:edition>
    <p0826-teimww:hasLanguage knoraType="richtext_value">English</p0826-teimww:hasLanguage>
    <p0826-teimww:isWrittenBy>
      <p0826-teimww:person knoraType="link_value" linkType="ref" target="ww_68dae2dd3ee5eaa3"/>
    </p0826-teimww:isWrittenBy>
    <p0826-teimww:publishDate knoraType="date_value">GREGORIAN:1625:1625</p0826-teimww:publishDate>
    <p0826-teimww:title knoraType="richtext_value">Love Tricks, or The School of Compliments</p0826-teimww:title>
  </p0826-teimww:book>
  <p0826-teimww:book id="ww_7d392b46fd787fce">
    <knoraXmlImport:label>A New Way to Pay</knoraXmlImport:label>
    <p0826-teimww:bookInternalId knoraType="richtext_value">@002180</p0826-teimww:bookInternalId>
    <p0826-teimww:createdDate knoraType="date_value">GREGORIAN:1626:1626</p0826-teimww:createdDate>
    <p0826-teimww:edition knoraType="richtext_value">A New Way to Pay Old Debts. A Comoedie: As it hath beene often acted at the Phoenix in Drury-Lane, by the Queenes Maiesties seruants. The Author. Philip Massinger. London: E. P. for Henry Seyle, 1633.</p0826-teimww:edition>
    <p0826-teimww:hasLanguage knoraType="richtext_value">English</p0826-teimww:hasLanguage>
    <p0826-teimww:isWrittenBy>
      <p0826-teimww:person knoraType="link_value" linkType="ref" target="ww_cbc2c3284144573a"/>
    </p0826-teimww:isWrittenBy>
    <p0826-teimww:publishDate knoraType="date_value">GREGORIAN:1626:1626</p0826-teimww:publishDate>
    <p0826-teimww:title knoraType="richtext_value">A New Way to Pay Old Debts</p0826-teimww:title>
  </p0826-teimww:book>
  <p0826-teimww:book id="ww_53ea056cdc03928d">
    <knoraXmlImport:label>The Queen</knoraXmlImport:label>
    <p0826-teimww:bookInternalId knoraType="richtext_value">@002224</p0826-teimww:bookInternalId>
    <p0826-teimww:createdDate knoraType="date_value">GREGORIAN:1627:1627</p0826-teimww:createdDate>
    <p0826-teimww:edition knoraType="richtext_value">The Queen. Or The Excellency Of Her Sex. An Excellent old Play. Found out by a Person of Honour, and given to the Publisher, Alexander Goughe. London. T. N. for Thomas Heath, 1653.</p0826-teimww:edition>
    <p0826-teimww:hasLanguage knoraType="richtext_value">English</p0826-teimww:hasLanguage>
    <p0826-teimww:isWrittenBy>
      <p0826-teimww:person knoraType="link_value" linkType="ref" target="ww_c1c75e8b202bbbee"/>
    </p0826-teimww:isWrittenBy>
    <p0826-teimww:publishDate knoraType="date_value">GREGORIAN:1627:1627</p0826-teimww:publishDate>
    <p0826-teimww:title knoraType="richtext_value">The Queen</p0826-teimww:title>
  </p0826-teimww:book>
  <p0826-teimww:book id="ww_ae5a361b7f786e79">
    <knoraXmlImport:label>A Maidenhead Wel</knoraXmlImport:label>
    <p0826-teimww:bookInternalId knoraType="richtext_value">@002289</p0826-teimww:bookInternalId>
    <p0826-teimww:createdDate knoraType="date_value">GREGORIAN:1629:1629</p0826-teimww:createdDate>
    <p0826-teimww:edition knoraType="richtext_value">A pleasant comedy, called A mayden-head well lost As it hath beene publickly acted at the Cocke-pit in Drury-lane, with much applause: by her Maiesties Seruants. Written by Thomas Heyvvood. London: Nicholas Okes for Iohn Iackson and Francis Church, 1634.</p0826-teimww:edition>
    <p0826-teimww:hasLanguage knoraType="richtext_value">English</p0826-teimww:hasLanguage>
    <p0826-teimww:isWrittenBy>
      <p0826-teimww:person knoraType="link_value" linkType="ref" target="ww_f10aec8cfe5ff90d"/>
    </p0826-teimww:isWrittenBy>
    <p0826-teimww:publishDate knoraType="date_value">GREGORIAN:1629:1629</p0826-teimww:publishDate>
    <p0826-teimww:title knoraType="richtext_value">A Maidenhead Well Lost</p0826-teimww:title>
  </p0826-teimww:book>
  <p0826-teimww:book id="ww_80d15f244b120eda">
    <knoraXmlImport:label>Tis Pity Shes A </knoraXmlImport:label>
    <p0826-teimww:bookInternalId knoraType="richtext_value">@002329</p0826-teimww:bookInternalId>
    <p0826-teimww:createdDate knoraType="date_value">GREGORIAN:1631:1631</p0826-teimww:createdDate>
    <p0826-teimww:edition knoraType="richtext_value">'Tis Pitty Shee's a Whore. Acted by the Queenes Maiesties Seruants, at The Phoenix in Drury-Lane. London: Nicholas Okes for Richard Collins, 1633.</p0826-teimww:edition>
    <p0826-teimww:hasLanguage knoraType="richtext_value">English</p0826-teimww:hasLanguage>
    <p0826-teimww:isWrittenBy>
      <p0826-teimww:person knoraType="link_value" linkType="ref" target="ww_c1c75e8b202bbbee"/>
    </p0826-teimww:isWrittenBy>
    <p0826-teimww:publishDate knoraType="date_value">GREGORIAN:1631:1631</p0826-teimww:publishDate>
    <p0826-teimww:title knoraType="richtext_value">Tis Pity Shes A Whore</p0826-teimww:title>
  </p0826-teimww:book>
  <p0826-teimww:book id="ww_e16edd49585b8434">
    <knoraXmlImport:label>Loves Sacrifice</knoraXmlImport:label>
    <p0826-teimww:bookInternalId knoraType="richtext_value">@002360</p0826-teimww:bookInternalId>
    <p0826-teimww:createdDate knoraType="date_value">GREGORIAN:1632:1632</p0826-teimww:createdDate>
    <p0826-teimww:edition knoraType="richtext_value">Love's Sacrifice. Ed. A. T. Moore. Manchester: Manchester University Press, 2002.</p0826-teimww:edition>
    <p0826-teimww:hasLanguage knoraType="richtext_value">English</p0826-teimww:hasLanguage>
    <p0826-teimww:isWrittenBy>
      <p0826-teimww:person knoraType="link_value" linkType="ref" target="ww_c1c75e8b202bbbee"/>
    </p0826-teimww:isWrittenBy>
    <p0826-teimww:publishDate knoraType="date_value">GREGORIAN:1632:1632</p0826-teimww:publishDate>
    <p0826-teimww:title knoraType="richtext_value">Loves Sacrifice</p0826-teimww:title>
  </p0826-teimww:book>
  <p0826-teimww:book id="ww_38c906962ba7629a">
    <knoraXmlImport:label>A Divine and Phi</knoraXmlImport:label>
    <p0826-teimww:bookInternalId knoraType="richtext_value">@005456</p0826-teimww:bookInternalId>
    <p0826-teimww:createdDate knoraType="date_value">GREGORIAN:1633:1633</p0826-teimww:createdDate>
    <p0826-teimww:edition knoraType="richtext_value">A Divine and Philosophicall conference betweene some Fathers of the Church, and some Philosophers of Nature, proposing [...] Pious [...] Aenigmaes. Enlarged edition. London: N.p., 1633.</p0826-teimww:edition>
    <p0826-teimww:hasLanguage knoraType="richtext_value">English</p0826-teimww:hasLanguage>
    <p0826-teimww:isWrittenBy>
      <p0826-teimww:person knoraType="link_value" linkType="ref" target="ww_e92e9dc9d65ade56"/>
    </p0826-teimww:isWrittenBy>
    <p0826-teimww:publishDate knoraType="date_value">GREGORIAN:1633:1633</p0826-teimww:publishDate>
    <p0826-teimww:title knoraType="richtext_value">A Divine and Philosophical Conference</p0826-teimww:title>
  </p0826-teimww:book>
  <p0826-teimww:book id="ww_e0b03ee292ddfc15">
    <knoraXmlImport:label>The Wits</knoraXmlImport:label>
    <p0826-teimww:bookInternalId knoraType="richtext_value">@002421</p0826-teimww:bookInternalId>
    <p0826-teimww:createdDate knoraType="date_value">GREGORIAN:1634:1634</p0826-teimww:createdDate>
    <p0826-teimww:edition knoraType="richtext_value">The Witts. A Comedie. William D'avenant. London: Richard Meighen, 1636.</p0826-teimww:edition>
    <p0826-teimww:hasLanguage knoraType="richtext_value">English</p0826-teimww:hasLanguage>
    <p0826-teimww:isWrittenBy>
      <p0826-teimww:person knoraType="link_value" linkType="ref" target="ww_d8f1d08e1ca080b7"/>
    </p0826-teimww:isWrittenBy>
    <p0826-teimww:publishDate knoraType="date_value">GREGORIAN:1634:1634</p0826-teimww:publishDate>
    <p0826-teimww:title knoraType="richtext_value">The Wits</p0826-teimww:title>
  </p0826-teimww:book>
  <p0826-teimww:book id="ww_f46dacc14c087bc2">
    <knoraXmlImport:label>Hannibal and Sci</knoraXmlImport:label>
    <p0826-teimww:bookInternalId knoraType="richtext_value">@002480</p0826-teimww:bookInternalId>
    <p0826-teimww:createdDate knoraType="date_value">GREGORIAN:1635:1635</p0826-teimww:createdDate>
    <p0826-teimww:edition knoraType="richtext_value">Hannibal and Scipio. London: Richard Oulton for Charles Greene, 1637.</p0826-teimww:edition>
    <p0826-teimww:hasLanguage knoraType="richtext_value">English</p0826-teimww:hasLanguage>
    <p0826-teimww:isWrittenBy>
      <p0826-teimww:person knoraType="link_value" linkType="ref" target="ww_d0a72ec0a44b283d"/>
    </p0826-teimww:isWrittenBy>
    <p0826-teimww:publishDate knoraType="date_value">GREGORIAN:1635:1635</p0826-teimww:publishDate>
    <p0826-teimww:title knoraType="richtext_value">Hannibal and Scipio</p0826-teimww:title>
  </p0826-teimww:book>
  <p0826-teimww:book id="ww_55ab4059c87d0c3d">
    <knoraXmlImport:label>The Antiquary</knoraXmlImport:label>
    <p0826-teimww:bookInternalId knoraType="richtext_value">@002458</p0826-teimww:bookInternalId>
    <p0826-teimww:createdDate knoraType="date_value">GREGORIAN:1635:1635</p0826-teimww:createdDate>
    <p0826-teimww:edition knoraType="richtext_value">The Antiquary. A Comedy, Acted by Her Majesties' Servants at The Cock-Pit. London. 1641.</p0826-teimww:edition>
    <p0826-teimww:hasLanguage knoraType="richtext_value">English</p0826-teimww:hasLanguage>
    <p0826-teimww:isWrittenBy>
      <p0826-teimww:person knoraType="link_value" linkType="ref" target="ww_cc76df07de512c5c"/>
    </p0826-teimww:isWrittenBy>
    <p0826-teimww:publishDate knoraType="date_value">GREGORIAN:1635:1635</p0826-teimww:publishDate>
    <p0826-teimww:title knoraType="richtext_value">The Antiquary</p0826-teimww:title>
  </p0826-teimww:book>
  <p0826-teimww:book id="ww_96ea9a9110850b53">
    <knoraXmlImport:label>Speculum Mundi</knoraXmlImport:label>
    <p0826-teimww:bookInternalId knoraType="richtext_value">@005685</p0826-teimww:bookInternalId>
    <p0826-teimww:createdDate knoraType="date_value">GREGORIAN:1635:1635</p0826-teimww:createdDate>
    <p0826-teimww:edition knoraType="richtext_value">Speculum Mundi. Or A glasse representing the face of the world. Cambridge, 1635.</p0826-teimww:edition>
    <p0826-teimww:hasLanguage knoraType="richtext_value">English</p0826-teimww:hasLanguage>
    <p0826-teimww:isWrittenBy>
      <p0826-teimww:person knoraType="link_value" linkType="ref" target="ww_e3629c2300452bc6"/>
    </p0826-teimww:isWrittenBy>
    <p0826-teimww:publishDate knoraType="date_value">GREGORIAN:1635:1635</p0826-teimww:publishDate>
    <p0826-teimww:title knoraType="richtext_value">Speculum Mundi</p0826-teimww:title>
  </p0826-teimww:book>
  <p0826-teimww:book id="ww_103921d4089e2ff4">
    <knoraXmlImport:label>The Bashful Love</knoraXmlImport:label>
    <p0826-teimww:bookInternalId knoraType="richtext_value">@002545</p0826-teimww:bookInternalId>
    <p0826-teimww:createdDate knoraType="date_value">GREGORIAN:1636:1636</p0826-teimww:createdDate>
    <p0826-teimww:edition knoraType="richtext_value">Three New Playes. London: Humphrey Moseley et al., 1655. 1-87.</p0826-teimww:edition>
    <p0826-teimww:hasLanguage knoraType="richtext_value">English</p0826-teimww:hasLanguage>
    <p0826-teimww:isWrittenBy>
      <p0826-teimww:person knoraType="link_value" linkType="ref" target="ww_cbc2c3284144573a"/>
    </p0826-teimww:isWrittenBy>
    <p0826-teimww:publishDate knoraType="date_value">GREGORIAN:1636:1636</p0826-teimww:publishDate>
    <p0826-teimww:title knoraType="richtext_value">The Bashful Lover</p0826-teimww:title>
  </p0826-teimww:book>
  <p0826-teimww:book id="ww_60a60dc6ecad70c0">
    <knoraXmlImport:label>Imperiale</knoraXmlImport:label>
    <p0826-teimww:bookInternalId knoraType="richtext_value">@002684</p0826-teimww:bookInternalId>
    <p0826-teimww:createdDate knoraType="date_value">GREGORIAN:1639:1639</p0826-teimww:createdDate>
    <p0826-teimww:edition knoraType="richtext_value">Imperiale. A Tragedie. London: Thomas Harper, 1639.</p0826-teimww:edition>
    <p0826-teimww:hasLanguage knoraType="richtext_value">English</p0826-teimww:hasLanguage>
    <p0826-teimww:isWrittenBy>
      <p0826-teimww:person knoraType="link_value" linkType="ref" target="ww_dea3b56289f47fb2"/>
    </p0826-teimww:isWrittenBy>
    <p0826-teimww:publishDate knoraType="date_value">GREGORIAN:1639:1639</p0826-teimww:publishDate>
    <p0826-teimww:title knoraType="richtext_value">Imperiale</p0826-teimww:title>
  </p0826-teimww:book>
  <p0826-teimww:book id="ww_af6b24b9904dbf6b">
    <knoraXmlImport:label>Festum Voluptati</knoraXmlImport:label>
    <p0826-teimww:bookInternalId knoraType="richtext_value">@005672</p0826-teimww:bookInternalId>
    <p0826-teimww:createdDate knoraType="date_value">GREGORIAN:1639:1639</p0826-teimww:createdDate>
    <p0826-teimww:edition knoraType="richtext_value">Festum voluptatis. Or The banquet of pleasure furnished with much variety of speculations, wittie, pleasant, and delightfull. Containing divers choyce love-posies, songs, sonnets, odes, madrigals, satyrs, epigrams, epitaphs and elegies. For varietie and pleasure the like never before published. By S.P. Gent. London: Elizabeth Purslowe for Bernard Langford, 1639.</p0826-teimww:edition>
    <p0826-teimww:hasLanguage knoraType="richtext_value">English</p0826-teimww:hasLanguage>
    <p0826-teimww:isWrittenBy>
      <p0826-teimww:person knoraType="link_value" linkType="ref" target="ww_e219a52388289dd8"/>
    </p0826-teimww:isWrittenBy>
    <p0826-teimww:publishDate knoraType="date_value">GREGORIAN:1639:1639</p0826-teimww:publishDate>
    <p0826-teimww:title knoraType="richtext_value">Festum Voluptatis</p0826-teimww:title>
  </p0826-teimww:book>
  <p0826-teimww:book id="ww_d69e66070a4d6a19">
    <knoraXmlImport:label>Wit in a Constab</knoraXmlImport:label>
    <p0826-teimww:bookInternalId knoraType="richtext_value">@002730</p0826-teimww:bookInternalId>
    <p0826-teimww:createdDate knoraType="date_value">GREGORIAN:1640:1640</p0826-teimww:createdDate>
    <p0826-teimww:edition knoraType="richtext_value">Wit in A Constable. A Comedy written 1639. The Author Henry Glapthorne. And now Printed as it was lately Acted at the Cock-pit in Drury lane, by their Majesties Servants, with good allowance. London: Io. Okes, for F. C. 1640.</p0826-teimww:edition>
    <p0826-teimww:hasLanguage knoraType="richtext_value">English</p0826-teimww:hasLanguage>
    <p0826-teimww:isWrittenBy>
      <p0826-teimww:person knoraType="link_value" linkType="ref" target="ww_6f4a80592c6c793c"/>
    </p0826-teimww:isWrittenBy>
    <p0826-teimww:publishDate knoraType="date_value">GREGORIAN:1640:1640</p0826-teimww:publishDate>
    <p0826-teimww:title knoraType="richtext_value">Wit in a Constable</p0826-teimww:title>
  </p0826-teimww:book>
  <p0826-teimww:book id="ww_cb694f4439c4e72d">
    <knoraXmlImport:label>The Sisters</knoraXmlImport:label>
    <p0826-teimww:bookInternalId knoraType="richtext_value">@002851</p0826-teimww:bookInternalId>
    <p0826-teimww:createdDate knoraType="date_value">GREGORIAN:1642:1642</p0826-teimww:createdDate>
    <p0826-teimww:edition knoraType="richtext_value">Six new playes, Viz. The Brothers. The Sisters. The Doubtfull Heir. The Imposture. The Cardinall. The Court Secret. The Five first were acted at the Private House in Black Fryers with great Applause. The last was never Acted. All Written by James Shirley. Never printed before. London: Humphrey Robinson and Humphrey Moseley, 1653.</p0826-teimww:edition>
    <p0826-teimww:hasLanguage knoraType="richtext_value">English</p0826-teimww:hasLanguage>
    <p0826-teimww:isWrittenBy>
      <p0826-teimww:person knoraType="link_value" linkType="ref" target="ww_68dae2dd3ee5eaa3"/>
    </p0826-teimww:isWrittenBy>
    <p0826-teimww:publishDate knoraType="date_value">GREGORIAN:1642:1642</p0826-teimww:publishDate>
    <p0826-teimww:title knoraType="richtext_value">The Sisters</p0826-teimww:title>
  </p0826-teimww:book>
  <p0826-teimww:book id="ww_f99a72278aa6b17a">
    <knoraXmlImport:label>The Committee-Ma</knoraXmlImport:label>
    <p0826-teimww:bookInternalId knoraType="richtext_value">@005173</p0826-teimww:bookInternalId>
    <p0826-teimww:createdDate knoraType="date_value">GREGORIAN:1647:1647</p0826-teimww:createdDate>
    <p0826-teimww:edition knoraType="richtext_value">The Committee-Man Curried. A Comedy presented to the view of all Men. Written by S. Sheppard [...]. 1647.</p0826-teimww:edition>
    <p0826-teimww:hasLanguage knoraType="richtext_value">English</p0826-teimww:hasLanguage>
    <p0826-teimww:isWrittenBy>
      <p0826-teimww:person knoraType="link_value" linkType="ref" target="ww_787e0c8864df7063"/>
    </p0826-teimww:isWrittenBy>
    <p0826-teimww:publishDate knoraType="date_value">GREGORIAN:1647:1647</p0826-teimww:publishDate>
    <p0826-teimww:title knoraType="richtext_value">The Committee-Man Curried</p0826-teimww:title>
  </p0826-teimww:book>
  <p0826-teimww:book id="ww_5695d495f555ab63">
    <knoraXmlImport:label>To Love Only for</knoraXmlImport:label>
    <p0826-teimww:bookInternalId knoraType="richtext_value">@005229</p0826-teimww:bookInternalId>
    <p0826-teimww:createdDate knoraType="date_value">GREGORIAN:1654:1654</p0826-teimww:createdDate>
    <p0826-teimww:edition knoraType="richtext_value">To Love Only for Love's Sake. A Dramatick Romance. London: William Godbid, 1670.</p0826-teimww:edition>
    <p0826-teimww:hasLanguage knoraType="richtext_value">English</p0826-teimww:hasLanguage>
    <p0826-teimww:isWrittenBy>
      <p0826-teimww:person knoraType="link_value" linkType="ref" target="ww_49457e542cea105a"/>
    </p0826-teimww:isWrittenBy>
    <p0826-teimww:publishDate knoraType="date_value">GREGORIAN:1654:1654</p0826-teimww:publishDate>
    <p0826-teimww:title knoraType="richtext_value">To Love Only for Loves Sake</p0826-teimww:title>
  </p0826-teimww:book>
  <p0826-teimww:book id="ww_29b0883a7c47410f">
    <knoraXmlImport:label>The Tragedy of T</knoraXmlImport:label>
    <p0826-teimww:bookInternalId knoraType="richtext_value">@005168</p0826-teimww:bookInternalId>
    <p0826-teimww:createdDate knoraType="date_value">GREGORIAN:1658:1658</p0826-teimww:createdDate>
    <p0826-teimww:edition knoraType="richtext_value">The Tragedy of The unhappy Fair Irene. London, 1658.</p0826-teimww:edition>
    <p0826-teimww:hasLanguage knoraType="richtext_value">English</p0826-teimww:hasLanguage>
    <p0826-teimww:isWrittenBy>
      <p0826-teimww:person knoraType="link_value" linkType="ref" target="ww_470aa71e11b82d67"/>
    </p0826-teimww:isWrittenBy>
    <p0826-teimww:publishDate knoraType="date_value">GREGORIAN:1658:1658</p0826-teimww:publishDate>
    <p0826-teimww:title knoraType="richtext_value">The Tragedy of The Unhappy Fair Irene</p0826-teimww:title>
  </p0826-teimww:book>
  <p0826-teimww:book id="ww_fd50221676a625a8">
    <knoraXmlImport:label>Marriage a la mo</knoraXmlImport:label>
    <p0826-teimww:bookInternalId knoraType="richtext_value">@005206</p0826-teimww:bookInternalId>
    <p0826-teimww:createdDate knoraType="date_value">GREGORIAN:1672:1672</p0826-teimww:createdDate>
    <p0826-teimww:edition knoraType="richtext_value">Marriage A-la-Mode. A comedy. As it is Acted at the Theatre-Royal. Written by John Dryden. London: Henry Herringman et al., 1673.</p0826-teimww:edition>
    <p0826-teimww:hasLanguage knoraType="richtext_value">English</p0826-teimww:hasLanguage>
    <p0826-teimww:isWrittenBy>
      <p0826-teimww:person knoraType="link_value" linkType="ref" target="ww_ed5b7d7b5b4ff788"/>
    </p0826-teimww:isWrittenBy>
    <p0826-teimww:publishDate knoraType="date_value">GREGORIAN:1672:1672</p0826-teimww:publishDate>
    <p0826-teimww:title knoraType="richtext_value">Marriage a la mode</p0826-teimww:title>
  </p0826-teimww:book>
  <p0826-teimww:book id="ww_2e2f43dcbe1bf6ef">
    <knoraXmlImport:label>The Destruction </knoraXmlImport:label>
    <p0826-teimww:bookInternalId knoraType="richtext_value">@005226</p0826-teimww:bookInternalId>
    <p0826-teimww:createdDate knoraType="date_value">GREGORIAN:1678:1678</p0826-teimww:createdDate>
    <p0826-teimww:edition knoraType="richtext_value">The Destruction of Troy. A Tragedy, Acted at His Royal Highness the Duke's Theatre. London: A. G. and J. P., 1679.</p0826-teimww:edition>
    <p0826-teimww:hasLanguage knoraType="richtext_value">English</p0826-teimww:hasLanguage>
    <p0826-teimww:isWrittenBy>
      <p0826-teimww:person knoraType="link_value" linkType="ref" target="ww_0fa63d0ba5908460"/>
    </p0826-teimww:isWrittenBy>
    <p0826-teimww:publishDate knoraType="date_value">GREGORIAN:1678:1678</p0826-teimww:publishDate>
    <p0826-teimww:title knoraType="richtext_value">The Destruction of Troy</p0826-teimww:title>
  </p0826-teimww:book>
  <p0826-teimww:book id="ww_817d6b82af7fc826">
    <knoraXmlImport:label>The Spanish Frya</knoraXmlImport:label>
    <p0826-teimww:bookInternalId knoraType="richtext_value">@005224</p0826-teimww:bookInternalId>
    <p0826-teimww:createdDate knoraType="date_value">GREGORIAN:1681:1681</p0826-teimww:createdDate>
    <p0826-teimww:edition knoraType="richtext_value">The Works of John Dryden. Gen. ed. Alan Roper. 20 vols. Berkeley: University of California Press, 1992. Vol. 14, 99-203.</p0826-teimww:edition>
    <p0826-teimww:hasLanguage knoraType="richtext_value">English</p0826-teimww:hasLanguage>
    <p0826-teimww:isWrittenBy>
      <p0826-teimww:person knoraType="link_value" linkType="ref" target="ww_ed5b7d7b5b4ff788"/>
    </p0826-teimww:isWrittenBy>
    <p0826-teimww:publishDate knoraType="date_value">GREGORIAN:1681:1681</p0826-teimww:publishDate>
    <p0826-teimww:title knoraType="richtext_value">The Spanish Fryar, or The Double Discovery</p0826-teimww:title>
  </p0826-teimww:book>
  <p0826-teimww:book id="ww_a36c017b75063fe1">
    <knoraXmlImport:label>The Island Queen</knoraXmlImport:label>
    <p0826-teimww:bookInternalId knoraType="richtext_value">@005223</p0826-teimww:bookInternalId>
    <p0826-teimww:createdDate knoraType="date_value">GREGORIAN:1684:1684</p0826-teimww:createdDate>
    <p0826-teimww:edition knoraType="richtext_value">The Island Queens. Or, The Death of Mary, Queen of Scotland. A Tragedy. London: R. Bentley et al., 1684.</p0826-teimww:edition>
    <p0826-teimww:hasLanguage knoraType="richtext_value">English</p0826-teimww:hasLanguage>
    <p0826-teimww:isWrittenBy>
      <p0826-teimww:person knoraType="link_value" linkType="ref" target="ww_0fa63d0ba5908460"/>
    </p0826-teimww:isWrittenBy>
    <p0826-teimww:publishDate knoraType="date_value">GREGORIAN:1684:1684</p0826-teimww:publishDate>
    <p0826-teimww:title knoraType="richtext_value">The Island Queens</p0826-teimww:title>
  </p0826-teimww:book>
  <p0826-teimww:book id="ww_650a201212eb349b">
    <knoraXmlImport:label>Titus Andronicus</knoraXmlImport:label>
    <p0826-teimww:bookInternalId knoraType="richtext_value">@005225</p0826-teimww:bookInternalId>
    <p0826-teimww:createdDate knoraType="date_value">GREGORIAN:1686:1686</p0826-teimww:createdDate>
    <p0826-teimww:edition knoraType="richtext_value">Titus Andronicus, or The Rape of Lavinia. London: J. Hindmarsh et al., 1687.</p0826-teimww:edition>
    <p0826-teimww:hasLanguage knoraType="richtext_value">English</p0826-teimww:hasLanguage>
    <p0826-teimww:isWrittenBy>
      <p0826-teimww:person knoraType="link_value" linkType="ref" target="ww_99b03817dc566412"/>
    </p0826-teimww:isWrittenBy>
    <p0826-teimww:publishDate knoraType="date_value">GREGORIAN:1686:1686</p0826-teimww:publishDate>
    <p0826-teimww:title knoraType="richtext_value">Titus Andronicus, or The Rape of Lavinia (Ravenscroft)</p0826-teimww:title>
  </p0826-teimww:book>
  <p0826-teimww:book id="ww_94da1c067c3069f6">
    <knoraXmlImport:label>Ophelia's Versio</knoraXmlImport:label>
    <p0826-teimww:bookInternalId knoraType="richtext_value">@010069</p0826-teimww:bookInternalId>
    <p0826-teimww:edition knoraType="richtext_value">Music and Letters 45:2 (April 1964): 108-113.</p0826-teimww:edition>
    <p0826-teimww:isWrittenBy>
      <p0826-teimww:person knoraType="link_value" linkType="ref" target="ww_09a5cd76696f88a5"/>
    </p0826-teimww:isWrittenBy>
    <p0826-teimww:title knoraType="richtext_value">Ophelia's Version of the Walsingham Song</p0826-teimww:title>
  </p0826-teimww:book>
  <p0826-teimww:book id="ww_8370dfd26f56e74d">
    <knoraXmlImport:label>An Answer to Sir</knoraXmlImport:label>
    <p0826-teimww:bookInternalId knoraType="richtext_value">@005561</p0826-teimww:bookInternalId>
    <p0826-teimww:createdDate knoraType="date_value">GREGORIAN:1531:1531</p0826-teimww:createdDate>
    <p0826-teimww:edition knoraType="richtext_value">An answere vnto Sir Thomas Mores dialoge made by Vvillyam Tindale. First he declareth what the church is, and geveth a reason of certayne wordes which Master More rebuketh in the tra[n]slacion of the newe Testament. After that he answereth particularlye vnto everye chaptre which semeth to haue anye apperaunce of truth thorow all his .iiij. bokes Antwerp: S. Cock, 1531.</p0826-teimww:edition>
    <p0826-teimww:hasLanguage knoraType="richtext_value">English</p0826-teimww:hasLanguage>
    <p0826-teimww:isWrittenBy>
      <p0826-teimww:person knoraType="link_value" linkType="ref" target="ww_55497d26971913d2"/>
    </p0826-teimww:isWrittenBy>
    <p0826-teimww:publishDate knoraType="date_value">GREGORIAN:1531:1531</p0826-teimww:publishDate>
    <p0826-teimww:title knoraType="richtext_value">An Answer to Sir Thomas Mores Dialogue</p0826-teimww:title>
  </p0826-teimww:book>
  <p0826-teimww:book id="ww_662026e87e8e4f6d">
    <knoraXmlImport:label>Quoting Hamlet i</knoraXmlImport:label>
    <p0826-teimww:bookInternalId knoraType="richtext_value">@000234</p0826-teimww:bookInternalId>
    <p0826-teimww:createdDate knoraType="date_value">GREGORIAN:1552:1552</p0826-teimww:createdDate>
    <p0826-teimww:edition knoraType="richtext_value">Modern Philology 105.3 (2008) 510-534.</p0826-teimww:edition>
    <p0826-teimww:hasLanguage knoraType="richtext_value">English</p0826-teimww:hasLanguage>
    <p0826-teimww:isWrittenBy>
      <p0826-teimww:person knoraType="link_value" linkType="ref" target="ww_220a73def979f4a4"/>
    </p0826-teimww:isWrittenBy>
    <p0826-teimww:publishDate knoraType="date_value">GREGORIAN:1552:1552</p0826-teimww:publishDate>
    <p0826-teimww:title knoraType="richtext_value">Quoting Hamlet in the Early Seventeenth Century</p0826-teimww:title>
  </p0826-teimww:book>
  <p0826-teimww:book id="ww_23b1c6dd41bb53d0">
    <knoraXmlImport:label>The Art of Rheto</knoraXmlImport:label>
    <p0826-teimww:bookInternalId knoraType="richtext_value">@005577</p0826-teimww:bookInternalId>
    <p0826-teimww:createdDate knoraType="date_value">GREGORIAN:1553:1553</p0826-teimww:createdDate>
    <p0826-teimww:edition knoraType="richtext_value">The arte of rhetorique for the vse of all suche as are studious of eloquence, sette forth in English, by Thomas Wilson. London: Richard Grafton, 1553.</p0826-teimww:edition>
    <p0826-teimww:hasLanguage knoraType="richtext_value">English</p0826-teimww:hasLanguage>
    <p0826-teimww:isWrittenBy>
      <p0826-teimww:person knoraType="link_value" linkType="ref" target="ww_edab9e0477ad7401"/>
    </p0826-teimww:isWrittenBy>
    <p0826-teimww:publishDate knoraType="date_value">GREGORIAN:1553:1553</p0826-teimww:publishDate>
    <p0826-teimww:title knoraType="richtext_value">The Art of Rhetoric</p0826-teimww:title>
  </p0826-teimww:book>
  <p0826-teimww:book id="ww_40bf667f37d87577">
    <knoraXmlImport:label>Those Five Quest</knoraXmlImport:label>
    <p0826-teimww:bookInternalId knoraType="richtext_value">@005570</p0826-teimww:bookInternalId>
    <p0826-teimww:createdDate knoraType="date_value">GREGORIAN:1561:1561</p0826-teimww:createdDate>
    <p0826-teimww:edition knoraType="richtext_value">Those fyue questions, which Marke Tullye Cicero, disputed in his manor of Tusculanum: written afterwardes by him, in as manye bookes, to his frende, and familiar Brutus, in the Latine tounge. And nowe, oute of the same translated, &amp; englished, by Iohn Dolman, studente and felowe of the Inner Temple. London: Thomas Marsh, 1561.</p0826-teimww:edition>
    <p0826-teimww:hasLanguage knoraType="richtext_value">English</p0826-teimww:hasLanguage>
    <p0826-teimww:isWrittenBy>
      <p0826-teimww:person knoraType="link_value" linkType="ref" target="ww_2328c74af1f27243"/>
    </p0826-teimww:isWrittenBy>
    <p0826-teimww:isWrittenBy>
      <p0826-teimww:person knoraType="link_value" linkType="ref" target="ww_6b7b6aabda5c7c6b"/>
    </p0826-teimww:isWrittenBy>
    <p0826-teimww:publishDate knoraType="date_value">GREGORIAN:1561:1561</p0826-teimww:publishDate>
    <p0826-teimww:title knoraType="richtext_value">Those Five Questions</p0826-teimww:title>
  </p0826-teimww:book>
  <p0826-teimww:book id="ww_e9b2a04d2a7fd579">
    <knoraXmlImport:label>Hamlet and Cicer</knoraXmlImport:label>
    <p0826-teimww:bookInternalId knoraType="richtext_value">@010043</p0826-teimww:bookInternalId>
    <p0826-teimww:edition knoraType="richtext_value">Unpublished manuscript.</p0826-teimww:edition>
    <p0826-teimww:isWrittenBy>
      <p0826-teimww:person knoraType="link_value" linkType="ref" target="ww_db1e3c417981cff4"/>
    </p0826-teimww:isWrittenBy>
    <p0826-teimww:title knoraType="richtext_value">Hamlet and Cicero</p0826-teimww:title>
  </p0826-teimww:book>
  <p0826-teimww:book id="ww_57b895420c0ddd3e">
    <knoraXmlImport:label>Shp and the Clas</knoraXmlImport:label>
    <p0826-teimww:bookInternalId knoraType="richtext_value">@010042</p0826-teimww:bookInternalId>
    <p0826-teimww:edition knoraType="richtext_value">Shakespeare and the Classical Tradition. A Critical Guide to Commentary, 1660-1960. Minneapolis: University of Minnesota Press, 1968.</p0826-teimww:edition>
    <p0826-teimww:isWrittenBy>
      <p0826-teimww:person knoraType="link_value" linkType="ref" target="ww_9653a2d84d605ab3"/>
    </p0826-teimww:isWrittenBy>
    <p0826-teimww:title knoraType="richtext_value">Shp and the Classical Tradition</p0826-teimww:title>
  </p0826-teimww:book>
  <p0826-teimww:book id="ww_dc7d1d212ce7e04d">
    <knoraXmlImport:label>The Book of Comm</knoraXmlImport:label>
    <p0826-teimww:bookInternalId knoraType="richtext_value">@005583</p0826-teimww:bookInternalId>
    <p0826-teimww:createdDate knoraType="date_value">GREGORIAN:1562:1562</p0826-teimww:createdDate>
    <p0826-teimww:edition knoraType="richtext_value">The booke of common prayer, and administration of the sacramentes and other rites and ceremonies in the Churche of England. London: Richardi Iugge and Iohannis Cawood, 1562.</p0826-teimww:edition>
    <p0826-teimww:hasLanguage knoraType="richtext_value">English</p0826-teimww:hasLanguage>
    <p0826-teimww:isWrittenBy>
      <p0826-teimww:person knoraType="link_value" linkType="ref" target="ww_212c78497ddc32c5"/>
    </p0826-teimww:isWrittenBy>
    <p0826-teimww:publishDate knoraType="date_value">GREGORIAN:1562:1562</p0826-teimww:publishDate>
    <p0826-teimww:title knoraType="richtext_value">The Book of Common Prayer</p0826-teimww:title>
  </p0826-teimww:book>
  <p0826-teimww:book id="ww_bb9f2d8a42b833c0">
    <knoraXmlImport:label>The Foundation o</knoraXmlImport:label>
    <p0826-teimww:bookInternalId knoraType="richtext_value">@005018</p0826-teimww:bookInternalId>
    <p0826-teimww:createdDate knoraType="date_value">GREGORIAN:1563:1563</p0826-teimww:createdDate>
    <p0826-teimww:edition knoraType="richtext_value">Foundacion of Rhetorike. 1563.</p0826-teimww:edition>
    <p0826-teimww:hasLanguage knoraType="richtext_value">English</p0826-teimww:hasLanguage>
    <p0826-teimww:isWrittenBy>
      <p0826-teimww:person knoraType="link_value" linkType="ref" target="ww_144d49d7e9724c99"/>
    </p0826-teimww:isWrittenBy>
    <p0826-teimww:publishDate knoraType="date_value">GREGORIAN:1563:1563</p0826-teimww:publishDate>
    <p0826-teimww:title knoraType="richtext_value">The Foundation of Rhetoric</p0826-teimww:title>
  </p0826-teimww:book>
  <p0826-teimww:book id="ww_804d2b9aec6637b2">
    <knoraXmlImport:label>Latinized Greek </knoraXmlImport:label>
    <p0826-teimww:bookInternalId knoraType="richtext_value">@010224</p0826-teimww:bookInternalId>
    <p0826-teimww:edition knoraType="richtext_value">SQ 41.1 (Spring 1990): 29-48. </p0826-teimww:edition>
    <p0826-teimww:isWrittenBy>
      <p0826-teimww:person knoraType="link_value" linkType="ref" target="ww_1b7c18ba49cef31d"/>
    </p0826-teimww:isWrittenBy>
    <p0826-teimww:title knoraType="richtext_value">Latinized Greek Drama in Shakespeares Writing of Hamlet</p0826-teimww:title>
  </p0826-teimww:book>
  <p0826-teimww:book id="ww_1498e206f1d8071e">
    <knoraXmlImport:label>The Trial of the</knoraXmlImport:label>
    <p0826-teimww:bookInternalId knoraType="richtext_value">@005584</p0826-teimww:bookInternalId>
    <p0826-teimww:createdDate knoraType="date_value">GREGORIAN:1565:1565</p0826-teimww:createdDate>
    <p0826-teimww:edition knoraType="richtext_value">The Sermons of Master Henry Smith, gathered into one volume. Printed according to his corrected copies in his life time. London: F. Kyngston, for T. Man 1607. 230-245.</p0826-teimww:edition>
    <p0826-teimww:hasLanguage knoraType="richtext_value">English</p0826-teimww:hasLanguage>
    <p0826-teimww:isWrittenBy>
      <p0826-teimww:person knoraType="link_value" linkType="ref" target="ww_0b287f59292b10a7"/>
    </p0826-teimww:isWrittenBy>
    <p0826-teimww:publishDate knoraType="date_value">GREGORIAN:1565:1565</p0826-teimww:publishDate>
    <p0826-teimww:title knoraType="richtext_value">The Trial of the Righteous</p0826-teimww:title>
  </p0826-teimww:book>
  <p0826-teimww:book id="ww_a1d5cd59c36d2503">
    <knoraXmlImport:label>Pompae deorum ru</knoraXmlImport:label>
    <p0826-teimww:bookInternalId knoraType="richtext_value">@000439</p0826-teimww:bookInternalId>
    <p0826-teimww:createdDate knoraType="date_value">GREGORIAN:1566:1566</p0826-teimww:createdDate>
    <p0826-teimww:edition knoraType="richtext_value">Pompae deorum rusticorum. Or The Masque of the Rustic Gods Bearing Gifts for James VI and His Mother Mary, the Sovereigns of Scotland, at the Banquet Following the King's Batipsm. 1566.</p0826-teimww:edition>
    <p0826-teimww:hasLanguage knoraType="richtext_value">Latin</p0826-teimww:hasLanguage>
    <p0826-teimww:isWrittenBy>
      <p0826-teimww:person knoraType="link_value" linkType="ref" target="ww_771659144d06dcdf"/>
    </p0826-teimww:isWrittenBy>
    <p0826-teimww:publishDate knoraType="date_value">GREGORIAN:1566:1566</p0826-teimww:publishDate>
    <p0826-teimww:title knoraType="richtext_value">Pompae deorum rusticorum</p0826-teimww:title>
  </p0826-teimww:book>
  <p0826-teimww:book id="ww_26d7297a6051272d">
    <knoraXmlImport:label>Hercules Oetaeus</knoraXmlImport:label>
    <p0826-teimww:bookInternalId knoraType="richtext_value">@000426</p0826-teimww:bookInternalId>
    <p0826-teimww:createdDate knoraType="date_value">GREGORIAN:1566:1566</p0826-teimww:createdDate>
    <p0826-teimww:edition knoraType="richtext_value">Seneca. His Tenne Tragedies. Translated into Englysh.</p0826-teimww:edition>
    <p0826-teimww:hasLanguage knoraType="richtext_value">English</p0826-teimww:hasLanguage>
    <p0826-teimww:isWrittenBy>
      <p0826-teimww:person knoraType="link_value" linkType="ref" target="ww_a00dfc9e63a5d0fe"/>
    </p0826-teimww:isWrittenBy>
    <p0826-teimww:isWrittenBy>
      <p0826-teimww:person knoraType="link_value" linkType="ref" target="ww_a256d6059e2044ff"/>
    </p0826-teimww:isWrittenBy>
    <p0826-teimww:publishDate knoraType="date_value">GREGORIAN:1566:1566</p0826-teimww:publishDate>
    <p0826-teimww:title knoraType="richtext_value">Hercules Oetaeus</p0826-teimww:title>
  </p0826-teimww:book>
  <p0826-teimww:book id="ww_4d19db8fc336ca4f">
    <knoraXmlImport:label>The Palace of Pl</knoraXmlImport:label>
    <p0826-teimww:bookInternalId knoraType="richtext_value">@005573</p0826-teimww:bookInternalId>
    <p0826-teimww:createdDate knoraType="date_value">GREGORIAN:1566:1566</p0826-teimww:createdDate>
    <p0826-teimww:edition knoraType="richtext_value">The Palace of Pleasure: Beautified, adorned and well furnished, with Pleasaunt Histories and excellent Nouelles, selected out of diuers good and commendable Authors. London: Henry Denham for Richard Tottell and William Iones, 1566. 251-277.</p0826-teimww:edition>
    <p0826-teimww:hasLanguage knoraType="richtext_value">English</p0826-teimww:hasLanguage>
    <p0826-teimww:isWrittenBy>
      <p0826-teimww:person knoraType="link_value" linkType="ref" target="ww_42eb905bc6e4053a"/>
    </p0826-teimww:isWrittenBy>
    <p0826-teimww:publishDate knoraType="date_value">GREGORIAN:1566:1566</p0826-teimww:publishDate>
    <p0826-teimww:title knoraType="richtext_value">The Palace of Pleasure</p0826-teimww:title>
  </p0826-teimww:book>
  <p0826-teimww:book id="ww_7c79793591d10a0c">
    <knoraXmlImport:label>Shakespeare, Stu</knoraXmlImport:label>
    <p0826-teimww:bookInternalId knoraType="richtext_value">@010071</p0826-teimww:bookInternalId>
    <p0826-teimww:edition knoraType="richtext_value">The Review of English Studies 39.156 (1988): 522-527.</p0826-teimww:edition>
    <p0826-teimww:isWrittenBy>
      <p0826-teimww:person knoraType="link_value" linkType="ref" target="ww_25024aa23d16ec79"/>
    </p0826-teimww:isWrittenBy>
    <p0826-teimww:title knoraType="richtext_value">Shakespeare, Studley, and Golding</p0826-teimww:title>
  </p0826-teimww:book>
  <p0826-teimww:book id="ww_e74854bf03734dac">
    <knoraXmlImport:label>Ovids Metamorpho</knoraXmlImport:label>
    <p0826-teimww:bookInternalId knoraType="richtext_value">@005708</p0826-teimww:bookInternalId>
    <p0826-teimww:createdDate knoraType="date_value">GREGORIAN:1567:1567</p0826-teimww:createdDate>
    <p0826-teimww:edition knoraType="richtext_value">The xv Bookes of P. Ouidius Naso, entytuled Metamorphosis, translated oute of Latin into English meeter, by Arthur Golding [...]. A worke very pleasaunt and delectable. London: William Seres, 1567.</p0826-teimww:edition>
    <p0826-teimww:hasLanguage knoraType="richtext_value">English</p0826-teimww:hasLanguage>
    <p0826-teimww:isWrittenBy>
      <p0826-teimww:person knoraType="link_value" linkType="ref" target="ww_ead92b40726b9049"/>
    </p0826-teimww:isWrittenBy>
    <p0826-teimww:isWrittenBy>
      <p0826-teimww:person knoraType="link_value" linkType="ref" target="ww_0adab3e3a15ca99c"/>
    </p0826-teimww:isWrittenBy>
    <p0826-teimww:publishDate knoraType="date_value">GREGORIAN:1567:1567</p0826-teimww:publishDate>
    <p0826-teimww:title knoraType="richtext_value">Ovids Metamorphoses (Golding)</p0826-teimww:title>
  </p0826-teimww:book>
  <p0826-teimww:book id="ww_91c38edf48f9276e">
    <knoraXmlImport:label>Ovid's Metamorph</knoraXmlImport:label>
    <p0826-teimww:bookInternalId knoraType="richtext_value">@005576</p0826-teimww:bookInternalId>
    <p0826-teimww:createdDate knoraType="date_value">GREGORIAN:1567:1567</p0826-teimww:createdDate>
    <p0826-teimww:edition knoraType="richtext_value">The xv Bookes of P. Ouidius Naso, entytuled Metamorphosis, translated oute of Latin into English meeter, by Arthur Golding [...]. A worke very pleasaunt and delectable. London: William Seres, 1567.</p0826-teimww:edition>
    <p0826-teimww:hasLanguage knoraType="richtext_value">English</p0826-teimww:hasLanguage>
    <p0826-teimww:isWrittenBy>
      <p0826-teimww:person knoraType="link_value" linkType="ref" target="ww_ead92b40726b9049"/>
    </p0826-teimww:isWrittenBy>
    <p0826-teimww:isWrittenBy>
      <p0826-teimww:person knoraType="link_value" linkType="ref" target="ww_0adab3e3a15ca99c"/>
    </p0826-teimww:isWrittenBy>
    <p0826-teimww:publishDate knoraType="date_value">GREGORIAN:1567:1567</p0826-teimww:publishDate>
    <p0826-teimww:title knoraType="richtext_value">Ovid's Metamorphoses</p0826-teimww:title>
  </p0826-teimww:book>
  <p0826-teimww:book id="ww_f0311f6cc16cd154">
    <knoraXmlImport:label>A Right Delectab</knoraXmlImport:label>
    <p0826-teimww:bookInternalId knoraType="richtext_value">@005588</p0826-teimww:bookInternalId>
    <p0826-teimww:createdDate knoraType="date_value">GREGORIAN:1568:1568</p0826-teimww:createdDate>
    <p0826-teimww:edition knoraType="richtext_value">The Poetical Works of John Skelton: principally according to the edition of the Rev. Alexander Dyce. In three volumes. Boston: Little, Brown and Company, 1856.</p0826-teimww:edition>
    <p0826-teimww:hasLanguage knoraType="richtext_value">English</p0826-teimww:hasLanguage>
    <p0826-teimww:isWrittenBy>
      <p0826-teimww:person knoraType="link_value" linkType="ref" target="ww_7dad315c91c456fb"/>
    </p0826-teimww:isWrittenBy>
    <p0826-teimww:publishDate knoraType="date_value">GREGORIAN:1568:1568</p0826-teimww:publishDate>
    <p0826-teimww:title knoraType="richtext_value">A Right Delectable Treatise upon a Goodly Garland or Chapelet of Laurel</p0826-teimww:title>
  </p0826-teimww:book>
  <p0826-teimww:book id="ww_bea266e3cdec2d97">
    <knoraXmlImport:label>On Monsieur's De</knoraXmlImport:label>
    <p0826-teimww:bookInternalId knoraType="richtext_value">@005640</p0826-teimww:bookInternalId>
    <p0826-teimww:createdDate knoraType="date_value">GREGORIAN:1568:1570</p0826-teimww:createdDate>
    <p0826-teimww:edition knoraType="richtext_value">The Poems of Queen Elizabeth I. Providence (RI): Brown University Press, 1964.</p0826-teimww:edition>
    <p0826-teimww:hasLanguage knoraType="richtext_value">English</p0826-teimww:hasLanguage>
    <p0826-teimww:isWrittenBy>
      <p0826-teimww:person knoraType="link_value" linkType="ref" target="ww_71583f09e4b9cd17"/>
    </p0826-teimww:isWrittenBy>
    <p0826-teimww:publishDate knoraType="date_value">GREGORIAN:1568:1570</p0826-teimww:publishDate>
    <p0826-teimww:title knoraType="richtext_value">On Monsieur's Departure</p0826-teimww:title>
  </p0826-teimww:book>
  <p0826-teimww:book id="ww_168c3a63f50c4e37">
    <knoraXmlImport:label>A Treatise of St</knoraXmlImport:label>
    <p0826-teimww:bookInternalId knoraType="richtext_value">@005004</p0826-teimww:bookInternalId>
    <p0826-teimww:createdDate knoraType="date_value">GREGORIAN:1570:1591</p0826-teimww:createdDate>
    <p0826-teimww:edition knoraType="richtext_value">Treatise Concerning Statutes. Or Acts of Parliament: and the Exposition thereof. London: Richard Tonson, 1677.</p0826-teimww:edition>
    <p0826-teimww:hasLanguage knoraType="richtext_value">English</p0826-teimww:hasLanguage>
    <p0826-teimww:isWrittenBy>
      <p0826-teimww:person knoraType="link_value" linkType="ref" target="ww_5fe3b5dcb00b7162"/>
    </p0826-teimww:isWrittenBy>
    <p0826-teimww:publishDate knoraType="date_value">GREGORIAN:1570:1591</p0826-teimww:publishDate>
    <p0826-teimww:title knoraType="richtext_value">A Treatise of Statutes</p0826-teimww:title>
  </p0826-teimww:book>
  <p0826-teimww:book id="ww_3eec017f9226dac5">
    <knoraXmlImport:label>Cardanus Comfort</knoraXmlImport:label>
    <p0826-teimww:bookInternalId knoraType="richtext_value">@005646</p0826-teimww:bookInternalId>
    <p0826-teimww:createdDate knoraType="date_value">GREGORIAN:1573:1573</p0826-teimww:createdDate>
    <p0826-teimww:edition knoraType="richtext_value">Cardanus comforte translated into Englishe. And published by commaundement of the right honourable the Earle of Oxenford. Trans. Thomas Bedingfield. London: Thomas Marshe, 1573. </p0826-teimww:edition>
    <p0826-teimww:hasLanguage knoraType="richtext_value">English</p0826-teimww:hasLanguage>
    <p0826-teimww:isWrittenBy>
      <p0826-teimww:person knoraType="link_value" linkType="ref" target="ww_e963a8b58028d76a"/>
    </p0826-teimww:isWrittenBy>
    <p0826-teimww:publishDate knoraType="date_value">GREGORIAN:1573:1573</p0826-teimww:publishDate>
    <p0826-teimww:title knoraType="richtext_value">Cardanus Comfort</p0826-teimww:title>
  </p0826-teimww:book>
  <p0826-teimww:book id="ww_9bd2a51773668ca5">
    <knoraXmlImport:label>Hamlet's Book</knoraXmlImport:label>
    <p0826-teimww:bookInternalId knoraType="richtext_value">@010116</p0826-teimww:bookInternalId>
    <p0826-teimww:edition knoraType="richtext_value">Huntington Library Bulletin 6 (1934): 17-37.</p0826-teimww:edition>
    <p0826-teimww:isWrittenBy>
      <p0826-teimww:person knoraType="link_value" linkType="ref" target="ww_f1930a433a3b1444"/>
    </p0826-teimww:isWrittenBy>
    <p0826-teimww:title knoraType="richtext_value">Hamlet's Book</p0826-teimww:title>
  </p0826-teimww:book>
  <p0826-teimww:book id="ww_e95d4765a7973201">
    <knoraXmlImport:label>William Shakespe</knoraXmlImport:label>
    <p0826-teimww:bookInternalId knoraType="richtext_value">@010103</p0826-teimww:bookInternalId>
    <p0826-teimww:edition knoraType="richtext_value">Peter Sabor and Paul Yachnin. Shakespeare and the Eighteenth Century. London: Ashgate, 2008. 85-102.</p0826-teimww:edition>
    <p0826-teimww:isWrittenBy>
      <p0826-teimww:person knoraType="link_value" linkType="ref" target="ww_52c61873bd0cfed4"/>
    </p0826-teimww:isWrittenBy>
    <p0826-teimww:title knoraType="richtext_value">William Shakespeare and Edmund Burke: Literary Allusion in Eighteenth-Century British Political Rhetoric</p0826-teimww:title>
  </p0826-teimww:book>
  <p0826-teimww:book id="ww_f422144843f37f21">
    <knoraXmlImport:label>Euphues The Anat</knoraXmlImport:label>
    <p0826-teimww:bookInternalId knoraType="richtext_value">@005033</p0826-teimww:bookInternalId>
    <p0826-teimww:createdDate knoraType="date_value">GREGORIAN:1578:1578</p0826-teimww:createdDate>
    <p0826-teimww:edition knoraType="richtext_value">Euphues - The Anatomy of Wit. Eds. Morris William Croll and Harry Clemons. London: George Routledge, 1916. </p0826-teimww:edition>
    <p0826-teimww:hasLanguage knoraType="richtext_value">English</p0826-teimww:hasLanguage>
    <p0826-teimww:isWrittenBy>
      <p0826-teimww:person knoraType="link_value" linkType="ref" target="ww_ba0230e7fbb5fd0d"/>
    </p0826-teimww:isWrittenBy>
    <p0826-teimww:publishDate knoraType="date_value">GREGORIAN:1578:1578</p0826-teimww:publishDate>
    <p0826-teimww:title knoraType="richtext_value">Euphues The Anatomy of Wit</p0826-teimww:title>
  </p0826-teimww:book>
  <p0826-teimww:book id="ww_27db8ddb5b2cba19">
    <knoraXmlImport:label>The Forest of Fa</knoraXmlImport:label>
    <p0826-teimww:bookInternalId knoraType="richtext_value">@005458</p0826-teimww:bookInternalId>
    <p0826-teimww:createdDate knoraType="date_value">GREGORIAN:1579:1579</p0826-teimww:createdDate>
    <p0826-teimww:edition knoraType="richtext_value">The Forrest of Fancy. Wherein is conteined very prety Apothegmes and pleasaunt histories, both in meeter and prose, Songes, Sonets, Epigrams and Epistles, of Diverse matter and in diverse manner. With sundry other devises, no lesse pithye then pleasaunt and profitable. 1579.</p0826-teimww:edition>
    <p0826-teimww:hasLanguage knoraType="richtext_value">English</p0826-teimww:hasLanguage>
    <p0826-teimww:isWrittenBy>
      <p0826-teimww:person knoraType="link_value" linkType="ref" target="ww_d78940f8a8554ca3"/>
    </p0826-teimww:isWrittenBy>
    <p0826-teimww:publishDate knoraType="date_value">GREGORIAN:1579:1579</p0826-teimww:publishDate>
    <p0826-teimww:title knoraType="richtext_value">The Forest of Fancy</p0826-teimww:title>
  </p0826-teimww:book>
  <p0826-teimww:book id="ww_dd68990f2d6f32ef">
    <knoraXmlImport:label>Euphues and His </knoraXmlImport:label>
    <p0826-teimww:bookInternalId knoraType="richtext_value">@005619</p0826-teimww:bookInternalId>
    <p0826-teimww:createdDate knoraType="date_value">GREGORIAN:1580:1580</p0826-teimww:createdDate>
    <p0826-teimww:edition knoraType="richtext_value">Euphues and His England. London: G. Cawood, 1580.</p0826-teimww:edition>
    <p0826-teimww:hasLanguage knoraType="richtext_value">English</p0826-teimww:hasLanguage>
    <p0826-teimww:isWrittenBy>
      <p0826-teimww:person knoraType="link_value" linkType="ref" target="ww_ba0230e7fbb5fd0d"/>
    </p0826-teimww:isWrittenBy>
    <p0826-teimww:publishDate knoraType="date_value">GREGORIAN:1580:1580</p0826-teimww:publishDate>
    <p0826-teimww:title knoraType="richtext_value">Euphues and His England</p0826-teimww:title>
  </p0826-teimww:book>
  <p0826-teimww:book id="ww_d750e1e440e536e5">
    <knoraXmlImport:label>The Complete Wor</knoraXmlImport:label>
    <p0826-teimww:bookInternalId knoraType="richtext_value">@010091</p0826-teimww:bookInternalId>
    <p0826-teimww:edition knoraType="richtext_value">ed. John Lyly. The Complete Works of John Lyly. Oxford: The Clarendon Press, 1902.</p0826-teimww:edition>
    <p0826-teimww:isWrittenBy>
      <p0826-teimww:person knoraType="link_value" linkType="ref" target="ww_29ea702f67fa9c9d"/>
    </p0826-teimww:isWrittenBy>
    <p0826-teimww:title knoraType="richtext_value">The Complete Works of John Lyly (Bond edition)</p0826-teimww:title>
  </p0826-teimww:book>
  <p0826-teimww:book id="ww_2ee4d5a8fd63e825">
    <knoraXmlImport:label>Five Hundred Poi</knoraXmlImport:label>
    <p0826-teimww:bookInternalId knoraType="richtext_value">@005621</p0826-teimww:bookInternalId>
    <p0826-teimww:createdDate knoraType="date_value">GREGORIAN:1580:1580</p0826-teimww:createdDate>
    <p0826-teimww:edition knoraType="richtext_value">120; section "The Authours Dialogue betweene two Bachelers, of wiuing and thriuing by Affirmation and Obiection. Chap. 56"</p0826-teimww:edition>
    <p0826-teimww:hasLanguage knoraType="richtext_value">English</p0826-teimww:hasLanguage>
    <p0826-teimww:isWrittenBy>
      <p0826-teimww:person knoraType="link_value" linkType="ref" target="ww_6fbd1bd26280846d"/>
    </p0826-teimww:isWrittenBy>
    <p0826-teimww:publishDate knoraType="date_value">GREGORIAN:1580:1580</p0826-teimww:publishDate>
    <p0826-teimww:title knoraType="richtext_value">Five Hundred Points of Good Husbandry</p0826-teimww:title>
  </p0826-teimww:book>
  <p0826-teimww:book id="ww_dc03dedd8d618997">
    <knoraXmlImport:label>A Book of Notes </knoraXmlImport:label>
    <p0826-teimww:bookInternalId knoraType="richtext_value">@005622</p0826-teimww:bookInternalId>
    <p0826-teimww:createdDate knoraType="date_value">GREGORIAN:1581:1581</p0826-teimww:createdDate>
    <p0826-teimww:edition knoraType="richtext_value">A Booke of Notes and Common Places. London: Thomas East, 1581.</p0826-teimww:edition>
    <p0826-teimww:hasLanguage knoraType="richtext_value">English</p0826-teimww:hasLanguage>
    <p0826-teimww:isWrittenBy>
      <p0826-teimww:person knoraType="link_value" linkType="ref" target="ww_0a2ae5bb07b64969"/>
    </p0826-teimww:isWrittenBy>
    <p0826-teimww:publishDate knoraType="date_value">GREGORIAN:1581:1581</p0826-teimww:publishDate>
    <p0826-teimww:title knoraType="richtext_value">A Book of Notes and Commonplaces</p0826-teimww:title>
  </p0826-teimww:book>
  <p0826-teimww:book id="ww_834f273f6d971ca7">
    <knoraXmlImport:label>The Civil Conver</knoraXmlImport:label>
    <p0826-teimww:bookInternalId knoraType="richtext_value">@005623</p0826-teimww:bookInternalId>
    <p0826-teimww:createdDate knoraType="date_value">GREGORIAN:1581:1581</p0826-teimww:createdDate>
    <p0826-teimww:edition knoraType="richtext_value">The ciuile conuersation of M. Steeuen Guazzo written first in Italian, and nowe translated out of French by George Pettie, deuided into foure bookes. [...]. London: Richard Watkins, 1581.</p0826-teimww:edition>
    <p0826-teimww:hasLanguage knoraType="richtext_value">English</p0826-teimww:hasLanguage>
    <p0826-teimww:isWrittenBy>
      <p0826-teimww:person knoraType="link_value" linkType="ref" target="ww_9fc186f153594d59"/>
    </p0826-teimww:isWrittenBy>
    <p0826-teimww:publishDate knoraType="date_value">GREGORIAN:1581:1581</p0826-teimww:publishDate>
    <p0826-teimww:title knoraType="richtext_value">The Civil Conversation</p0826-teimww:title>
  </p0826-teimww:book>
  <p0826-teimww:book id="ww_026505509118e73d">
    <knoraXmlImport:label>The First Part o</knoraXmlImport:label>
    <p0826-teimww:bookInternalId knoraType="richtext_value">@005624</p0826-teimww:bookInternalId>
    <p0826-teimww:createdDate knoraType="date_value">GREGORIAN:1582:1582</p0826-teimww:createdDate>
    <p0826-teimww:edition knoraType="richtext_value">The first part of the elementarie. Vvhich entreateth chefelie of the right writing of our English tung set furth by Richard Mulcaster. London: Thomas Vautrollier, 1582.</p0826-teimww:edition>
    <p0826-teimww:hasLanguage knoraType="richtext_value">English</p0826-teimww:hasLanguage>
    <p0826-teimww:isWrittenBy>
      <p0826-teimww:person knoraType="link_value" linkType="ref" target="ww_2754f19921c8bd2b"/>
    </p0826-teimww:isWrittenBy>
    <p0826-teimww:publishDate knoraType="date_value">GREGORIAN:1582:1582</p0826-teimww:publishDate>
    <p0826-teimww:title knoraType="richtext_value">The First Part of the Elementary</p0826-teimww:title>
  </p0826-teimww:book>
  <p0826-teimww:book id="ww_09d36da18882d57e">
    <knoraXmlImport:label>Elegia 2</knoraXmlImport:label>
    <p0826-teimww:bookInternalId knoraType="richtext_value">@005250</p0826-teimww:bookInternalId>
    <p0826-teimww:createdDate knoraType="date_value">GREGORIAN:1582:1582</p0826-teimww:createdDate>
    <p0826-teimww:edition knoraType="richtext_value">Ouids Elegies: Three Bookes. By C. M. Epigrammes by I. D. Middlebourgh: [1600?].</p0826-teimww:edition>
    <p0826-teimww:hasLanguage knoraType="richtext_value">English</p0826-teimww:hasLanguage>
    <p0826-teimww:isWrittenBy>
      <p0826-teimww:person knoraType="link_value" linkType="ref" target="ww_63d5fe36ffac5d32"/>
    </p0826-teimww:isWrittenBy>
    <p0826-teimww:publishDate knoraType="date_value">GREGORIAN:1582:1582</p0826-teimww:publishDate>
    <p0826-teimww:title knoraType="richtext_value">Elegia 2</p0826-teimww:title>
  </p0826-teimww:book>
  <p0826-teimww:book id="ww_57b3b0aeb319dbf6">
    <knoraXmlImport:label>Book of Resoluti</knoraXmlImport:label>
    <p0826-teimww:bookInternalId knoraType="richtext_value">@005625</p0826-teimww:bookInternalId>
    <p0826-teimww:createdDate knoraType="date_value">GREGORIAN:1582:1582</p0826-teimww:createdDate>
    <p0826-teimww:edition knoraType="richtext_value">Book 1, chapter 8, section 10. Quoted from: Naseeb Shaheen. Biblical References in Shakespeare's Plays. Newark: University of Delaware Press, 1999.</p0826-teimww:edition>
    <p0826-teimww:hasLanguage knoraType="richtext_value">English</p0826-teimww:hasLanguage>
    <p0826-teimww:isWrittenBy>
      <p0826-teimww:person knoraType="link_value" linkType="ref" target="ww_8f477c6051e158af"/>
    </p0826-teimww:isWrittenBy>
    <p0826-teimww:publishDate knoraType="date_value">GREGORIAN:1582:1582</p0826-teimww:publishDate>
    <p0826-teimww:title knoraType="richtext_value">Book of Resolution</p0826-teimww:title>
  </p0826-teimww:book>
  <p0826-teimww:book id="ww_d00e0f4b3541b720">
    <knoraXmlImport:label>Virgils Aeneis (</knoraXmlImport:label>
    <p0826-teimww:bookInternalId knoraType="richtext_value">@005251</p0826-teimww:bookInternalId>
    <p0826-teimww:createdDate knoraType="date_value">GREGORIAN:1582:1582</p0826-teimww:createdDate>
    <p0826-teimww:edition knoraType="richtext_value">Thee first foure bookes of Virgil his Aeneis translated intoo English heroical verse by Richard Stanyhurst, wyth oother poetical diuises theretoo annexed. Leyden: John Pates, 1582.</p0826-teimww:edition>
    <p0826-teimww:hasLanguage knoraType="richtext_value">English</p0826-teimww:hasLanguage>
    <p0826-teimww:isWrittenBy>
      <p0826-teimww:person knoraType="link_value" linkType="ref" target="ww_1a3350c92dc1c186"/>
    </p0826-teimww:isWrittenBy>
    <p0826-teimww:isWrittenBy>
      <p0826-teimww:person knoraType="link_value" linkType="ref" target="ww_81a0be98745dd98b"/>
    </p0826-teimww:isWrittenBy>
    <p0826-teimww:publishDate knoraType="date_value">GREGORIAN:1582:1582</p0826-teimww:publishDate>
    <p0826-teimww:title knoraType="richtext_value">Virgils Aeneis (Stanyhurst)</p0826-teimww:title>
  </p0826-teimww:book>
  <p0826-teimww:book id="ww_899bf0923492e1d6">
    <knoraXmlImport:label>The Castle of Co</knoraXmlImport:label>
    <p0826-teimww:bookInternalId knoraType="richtext_value">@005627</p0826-teimww:bookInternalId>
    <p0826-teimww:createdDate knoraType="date_value">GREGORIAN:1582:1582</p0826-teimww:createdDate>
    <p0826-teimww:edition knoraType="richtext_value">The Castell of Courtesie. London: John Wolfe, 1582.</p0826-teimww:edition>
    <p0826-teimww:hasLanguage knoraType="richtext_value">English</p0826-teimww:hasLanguage>
    <p0826-teimww:isWrittenBy>
      <p0826-teimww:person knoraType="link_value" linkType="ref" target="ww_2a3b4daed2941136"/>
    </p0826-teimww:isWrittenBy>
    <p0826-teimww:publishDate knoraType="date_value">GREGORIAN:1582:1582</p0826-teimww:publishDate>
    <p0826-teimww:title knoraType="richtext_value">The Castle of Courtesy</p0826-teimww:title>
  </p0826-teimww:book>
  <p0826-teimww:book id="ww_488005370a580904">
    <knoraXmlImport:label>Philotimus, or T</knoraXmlImport:label>
    <p0826-teimww:bookInternalId knoraType="richtext_value">@005628</p0826-teimww:bookInternalId>
    <p0826-teimww:createdDate knoraType="date_value">GREGORIAN:1583:1583</p0826-teimww:createdDate>
    <p0826-teimww:edition knoraType="richtext_value">Philotimus. The Warre betwixt Nature and Fortune. Compiled by Brian Melbancke Student in Graies Inne, Palladi. London: Roger Warde, 1583.</p0826-teimww:edition>
    <p0826-teimww:hasLanguage knoraType="richtext_value">English</p0826-teimww:hasLanguage>
    <p0826-teimww:isWrittenBy>
      <p0826-teimww:person knoraType="link_value" linkType="ref" target="ww_2580f4cea0614ff5"/>
    </p0826-teimww:isWrittenBy>
    <p0826-teimww:publishDate knoraType="date_value">GREGORIAN:1583:1583</p0826-teimww:publishDate>
    <p0826-teimww:title knoraType="richtext_value">Philotimus, or The War betwixt Nature and Fortune</p0826-teimww:title>
  </p0826-teimww:book>
  <p0826-teimww:book id="ww_bd8cd5712d6c7094">
    <knoraXmlImport:label>Mamillia</knoraXmlImport:label>
    <p0826-teimww:bookInternalId knoraType="richtext_value">@005629</p0826-teimww:bookInternalId>
    <p0826-teimww:createdDate knoraType="date_value">GREGORIAN:1583:1583</p0826-teimww:createdDate>
    <p0826-teimww:edition knoraType="richtext_value">Mamillia. A Mirrour or looking-glasse for the Ladies of Englande. Wherein is disciphered, howe Gentlemen vnder the perfect substaunce of pure loue, are oft inueigled with the shadowe of lewde lust: and their firme faith, brought a sleepe by fading fancie: vntil wit ioyned with wisedome, doth awake it by the helpe of reason. London: for Thomas Woodcocke 1583.</p0826-teimww:edition>
    <p0826-teimww:hasLanguage knoraType="richtext_value">English</p0826-teimww:hasLanguage>
    <p0826-teimww:isWrittenBy>
      <p0826-teimww:person knoraType="link_value" linkType="ref" target="ww_ce2fb5bd491a4d2e"/>
    </p0826-teimww:isWrittenBy>
    <p0826-teimww:publishDate knoraType="date_value">GREGORIAN:1583:1583</p0826-teimww:publishDate>
    <p0826-teimww:title knoraType="richtext_value">Mamillia</p0826-teimww:title>
  </p0826-teimww:book>
  <p0826-teimww:book id="ww_bba03041f3be17f3">
    <knoraXmlImport:label>Gallathea</knoraXmlImport:label>
    <p0826-teimww:bookInternalId knoraType="richtext_value">@000754</p0826-teimww:bookInternalId>
    <p0826-teimww:createdDate knoraType="date_value">GREGORIAN:1584:1584</p0826-teimww:createdDate>
    <p0826-teimww:edition knoraType="richtext_value">Gallathea. As it was playde before the Queenes Maiestie at Greene-wiche, on Newyeeres day at Night. By the Chyldren of Paules. London: John Charlwoode, 1592.</p0826-teimww:edition>
    <p0826-teimww:hasLanguage knoraType="richtext_value">English</p0826-teimww:hasLanguage>
    <p0826-teimww:isWrittenBy>
      <p0826-teimww:person knoraType="link_value" linkType="ref" target="ww_ba0230e7fbb5fd0d"/>
    </p0826-teimww:isWrittenBy>
    <p0826-teimww:publishDate knoraType="date_value">GREGORIAN:1584:1584</p0826-teimww:publishDate>
    <p0826-teimww:title knoraType="richtext_value">Gallathea</p0826-teimww:title>
  </p0826-teimww:book>
  <p0826-teimww:book id="ww_1c5e84bba083d2c9">
    <knoraXmlImport:label>Gwydonius</knoraXmlImport:label>
    <p0826-teimww:bookInternalId knoraType="richtext_value">@005630</p0826-teimww:bookInternalId>
    <p0826-teimww:createdDate knoraType="date_value">GREGORIAN:1584:1584</p0826-teimww:createdDate>
    <p0826-teimww:edition knoraType="richtext_value">Gwydoniuv. The Carde of Fancie [...]. London: William Ponsonby 1584.</p0826-teimww:edition>
    <p0826-teimww:hasLanguage knoraType="richtext_value">English</p0826-teimww:hasLanguage>
    <p0826-teimww:isWrittenBy>
      <p0826-teimww:person knoraType="link_value" linkType="ref" target="ww_ce2fb5bd491a4d2e"/>
    </p0826-teimww:isWrittenBy>
    <p0826-teimww:publishDate knoraType="date_value">GREGORIAN:1584:1584</p0826-teimww:publishDate>
    <p0826-teimww:title knoraType="richtext_value">Gwydonius</p0826-teimww:title>
  </p0826-teimww:book>
  <p0826-teimww:book id="ww_f44b01cba1dbbd53">
    <knoraXmlImport:label>The Arts of Logi</knoraXmlImport:label>
    <p0826-teimww:bookInternalId knoraType="richtext_value">@005631</p0826-teimww:bookInternalId>
    <p0826-teimww:createdDate knoraType="date_value">GREGORIAN:1584:1584</p0826-teimww:createdDate>
    <p0826-teimww:edition knoraType="richtext_value">The artes of logike and rethorike plainelie set foorth in the English tounge, easie to be learned and practised: togeather with examples for the practise of the same, for methode in the gouernment of the familie, prescribed in the word of God: and for the whole in the resolution or opening of certaine partes of Scripture, according to the same. Middleburgh: R. Schilders, 1584.</p0826-teimww:edition>
    <p0826-teimww:hasLanguage knoraType="richtext_value">English</p0826-teimww:hasLanguage>
    <p0826-teimww:isWrittenBy>
      <p0826-teimww:person knoraType="link_value" linkType="ref" target="ww_e746ef3ff7ed65a8"/>
    </p0826-teimww:isWrittenBy>
    <p0826-teimww:publishDate knoraType="date_value">GREGORIAN:1584:1584</p0826-teimww:publishDate>
    <p0826-teimww:title knoraType="richtext_value">The Arts of Logic and Rethoric</p0826-teimww:title>
  </p0826-teimww:book>
  <p0826-teimww:book id="ww_e4ae7f89b0f55caf">
    <knoraXmlImport:label>The Discovery of</knoraXmlImport:label>
    <p0826-teimww:bookInternalId knoraType="richtext_value">@005632</p0826-teimww:bookInternalId>
    <p0826-teimww:createdDate knoraType="date_value">GREGORIAN:1584:1584</p0826-teimww:createdDate>
    <p0826-teimww:edition knoraType="richtext_value">The discouerie of witchcraft. Wherein the lewde dealing of witches and witchmongers is notablie detected, the knauerie of coniurors, the impietie of inchantors, the follie of soothsaiers, the impudent falshood of cousenors, the infidelitie of atheists, the persistent practises of Pythonists [...]; the abhomination of idolatrie [...]; hereunto is added a treatise upon the nature and substance of spirits and divels, &amp;c. London: William Brome, 1584.</p0826-teimww:edition>
    <p0826-teimww:hasLanguage knoraType="richtext_value">English</p0826-teimww:hasLanguage>
    <p0826-teimww:isWrittenBy>
      <p0826-teimww:person knoraType="link_value" linkType="ref" target="ww_1e0958dae3ce7ad4"/>
    </p0826-teimww:isWrittenBy>
    <p0826-teimww:publishDate knoraType="date_value">GREGORIAN:1584:1584</p0826-teimww:publishDate>
    <p0826-teimww:title knoraType="richtext_value">The Discovery of Witchcraft</p0826-teimww:title>
  </p0826-teimww:book>
  <p0826-teimww:book id="ww_45236b051a657058">
    <knoraXmlImport:label>[Conversation wi</knoraXmlImport:label>
    <p0826-teimww:bookInternalId knoraType="richtext_value">@005605</p0826-teimww:bookInternalId>
    <p0826-teimww:createdDate knoraType="date_value">GREGORIAN:1585:1613</p0826-teimww:createdDate>
    <p0826-teimww:edition knoraType="richtext_value">Quoted from: Thomas Plume. Plume Manuscript. Location: Maldon (Essex) library. 1657.</p0826-teimww:edition>
    <p0826-teimww:hasLanguage knoraType="richtext_value">English</p0826-teimww:hasLanguage>
    <p0826-teimww:isWrittenBy>
      <p0826-teimww:person knoraType="link_value" linkType="ref" target="ww_684176b58bc762f6"/>
    </p0826-teimww:isWrittenBy>
    <p0826-teimww:publishDate knoraType="date_value">GREGORIAN:1585:1613</p0826-teimww:publishDate>
    <p0826-teimww:title knoraType="richtext_value">[Conversation with Ben Jonson]</p0826-teimww:title>
  </p0826-teimww:book>
  <p0826-teimww:book id="ww_7ae298843ecbdbed">
    <knoraXmlImport:label>Chambers Facts a</knoraXmlImport:label>
    <p0826-teimww:bookInternalId knoraType="richtext_value">@010011</p0826-teimww:bookInternalId>
    <p0826-teimww:edition knoraType="richtext_value">Shakespeare - A Study of Facts and Problems. Oxford: Clarendon Press, 1930.</p0826-teimww:edition>
    <p0826-teimww:isWrittenBy>
      <p0826-teimww:person knoraType="link_value" linkType="ref" target="ww_70fe0bbcf8eba76a"/>
    </p0826-teimww:isWrittenBy>
    <p0826-teimww:title knoraType="richtext_value">Chambers Facts and Problems</p0826-teimww:title>
  </p0826-teimww:book>
  <p0826-teimww:book id="ww_99c58762296b12b6">
    <knoraXmlImport:label>A Sinful Mans So</knoraXmlImport:label>
    <p0826-teimww:bookInternalId knoraType="richtext_value">@005633</p0826-teimww:bookInternalId>
    <p0826-teimww:createdDate knoraType="date_value">GREGORIAN:1585:1585</p0826-teimww:createdDate>
    <p0826-teimww:edition knoraType="richtext_value">A Sinfull Mans Solace. London: Richard Jones, 1585.</p0826-teimww:edition>
    <p0826-teimww:hasLanguage knoraType="richtext_value">English</p0826-teimww:hasLanguage>
    <p0826-teimww:isWrittenBy>
      <p0826-teimww:person knoraType="link_value" linkType="ref" target="ww_14800c7eb75cfa9a"/>
    </p0826-teimww:isWrittenBy>
    <p0826-teimww:publishDate knoraType="date_value">GREGORIAN:1585:1585</p0826-teimww:publishDate>
    <p0826-teimww:title knoraType="richtext_value">A Sinful Mans Solace</p0826-teimww:title>
  </p0826-teimww:book>
  <p0826-teimww:book id="ww_62691e6b381caa28">
    <knoraXmlImport:label>The True Differe</knoraXmlImport:label>
    <p0826-teimww:bookInternalId knoraType="richtext_value">@005634</p0826-teimww:bookInternalId>
    <p0826-teimww:createdDate knoraType="date_value">GREGORIAN:1585:1585</p0826-teimww:createdDate>
    <p0826-teimww:edition knoraType="richtext_value">The True Difference betweene Christian Subiection and Vnchristian Rebellion. Oxford: John Barnes, 1585.</p0826-teimww:edition>
    <p0826-teimww:hasLanguage knoraType="richtext_value">English</p0826-teimww:hasLanguage>
    <p0826-teimww:isWrittenBy>
      <p0826-teimww:person knoraType="link_value" linkType="ref" target="ww_16d31ca4a1f787bf"/>
    </p0826-teimww:isWrittenBy>
    <p0826-teimww:publishDate knoraType="date_value">GREGORIAN:1585:1585</p0826-teimww:publishDate>
    <p0826-teimww:title knoraType="richtext_value">The True Difference between Christian Subjection and Unchristian Rebellion</p0826-teimww:title>
  </p0826-teimww:book>
  <p0826-teimww:book id="ww_a05e9fa3e5abb86c">
    <knoraXmlImport:label>The Famous Victo</knoraXmlImport:label>
    <p0826-teimww:bookInternalId knoraType="richtext_value">@000773</p0826-teimww:bookInternalId>
    <p0826-teimww:createdDate knoraType="date_value">GREGORIAN:1586:1586</p0826-teimww:createdDate>
    <p0826-teimww:edition knoraType="richtext_value">The Famovs Victories of Henry the fifth. Containing the Honourable Battell of Agin-court: As it was plaide by the Queenes Maiesties Players. London: Thomas Creede, 1598.</p0826-teimww:edition>
    <p0826-teimww:hasLanguage knoraType="richtext_value">English</p0826-teimww:hasLanguage>
    <p0826-teimww:isWrittenBy>
      <p0826-teimww:person knoraType="link_value" linkType="ref" target="ww_212c78497ddc32c5"/>
    </p0826-teimww:isWrittenBy>
    <p0826-teimww:publishDate knoraType="date_value">GREGORIAN:1586:1586</p0826-teimww:publishDate>
    <p0826-teimww:title knoraType="richtext_value">The Famous Victories of Henry V</p0826-teimww:title>
  </p0826-teimww:book>
  <p0826-teimww:book id="ww_4367686b70b93963">
    <knoraXmlImport:label>The Countess of </knoraXmlImport:label>
    <p0826-teimww:bookInternalId knoraType="richtext_value">@005618</p0826-teimww:bookInternalId>
    <p0826-teimww:createdDate knoraType="date_value">GREGORIAN:1586:1586</p0826-teimww:createdDate>
    <p0826-teimww:edition knoraType="richtext_value">The Covntesse of Pembrokes Arcadia. London: William Ponsonbie 1593.</p0826-teimww:edition>
    <p0826-teimww:hasLanguage knoraType="richtext_value">English</p0826-teimww:hasLanguage>
    <p0826-teimww:isWrittenBy>
      <p0826-teimww:person knoraType="link_value" linkType="ref" target="ww_4d90bb08c3de976b"/>
    </p0826-teimww:isWrittenBy>
    <p0826-teimww:publishDate knoraType="date_value">GREGORIAN:1586:1586</p0826-teimww:publishDate>
    <p0826-teimww:title knoraType="richtext_value">The Countess of Pembrokes Arcadia</p0826-teimww:title>
  </p0826-teimww:book>
  <p0826-teimww:book id="ww_04a69cb6dbc88db4">
    <knoraXmlImport:label>Treatise of Mela</knoraXmlImport:label>
    <p0826-teimww:bookInternalId knoraType="richtext_value">@005019</p0826-teimww:bookInternalId>
    <p0826-teimww:createdDate knoraType="date_value">GREGORIAN:1586:1586</p0826-teimww:createdDate>
    <p0826-teimww:edition knoraType="richtext_value">Treatise of Melancholie. London: T. Vautrollier, 1586. Quoted in: Muir, Kenneth. The Sources of Shakespeare's Plays. London: Methuen, 1977.</p0826-teimww:edition>
    <p0826-teimww:hasLanguage knoraType="richtext_value">English</p0826-teimww:hasLanguage>
    <p0826-teimww:isWrittenBy>
      <p0826-teimww:person knoraType="link_value" linkType="ref" target="ww_1d171ca3a3740f14"/>
    </p0826-teimww:isWrittenBy>
    <p0826-teimww:publishDate knoraType="date_value">GREGORIAN:1586:1586</p0826-teimww:publishDate>
    <p0826-teimww:title knoraType="richtext_value">Treatise of Melancholy</p0826-teimww:title>
  </p0826-teimww:book>
  <p0826-teimww:book id="ww_207b1333656832c3">
    <knoraXmlImport:label>The Second Part </knoraXmlImport:label>
    <p0826-teimww:bookInternalId knoraType="richtext_value">@000789</p0826-teimww:bookInternalId>
    <p0826-teimww:createdDate knoraType="date_value">GREGORIAN:1587:1587</p0826-teimww:createdDate>
    <p0826-teimww:edition knoraType="richtext_value">The Complete Plays. Ed. J. B. Steane. London: Penguin 1986. 179-257.</p0826-teimww:edition>
    <p0826-teimww:hasLanguage knoraType="richtext_value">English</p0826-teimww:hasLanguage>
    <p0826-teimww:isWrittenBy>
      <p0826-teimww:person knoraType="link_value" linkType="ref" target="ww_63d5fe36ffac5d32"/>
    </p0826-teimww:isWrittenBy>
    <p0826-teimww:publishDate knoraType="date_value">GREGORIAN:1587:1587</p0826-teimww:publishDate>
    <p0826-teimww:title knoraType="richtext_value">The Second Part of Tamburlaine The Great</p0826-teimww:title>
  </p0826-teimww:book>
  <p0826-teimww:book id="ww_16aa75011d029064">
    <knoraXmlImport:label>The First Part o</knoraXmlImport:label>
    <p0826-teimww:bookInternalId knoraType="richtext_value">@000784</p0826-teimww:bookInternalId>
    <p0826-teimww:createdDate knoraType="date_value">GREGORIAN:1587:1587</p0826-teimww:createdDate>
    <p0826-teimww:edition knoraType="richtext_value">The Complete Plays. Ed. J. B. Steane. London: Penguin 1986. 101-178.</p0826-teimww:edition>
    <p0826-teimww:hasLanguage knoraType="richtext_value">English</p0826-teimww:hasLanguage>
    <p0826-teimww:isWrittenBy>
      <p0826-teimww:person knoraType="link_value" linkType="ref" target="ww_63d5fe36ffac5d32"/>
    </p0826-teimww:isWrittenBy>
    <p0826-teimww:publishDate knoraType="date_value">GREGORIAN:1587:1587</p0826-teimww:publishDate>
    <p0826-teimww:title knoraType="richtext_value">The First Part of Tamburlaine The Great</p0826-teimww:title>
  </p0826-teimww:book>
  <p0826-teimww:book id="ww_96f58f18ba880f24">
    <knoraXmlImport:label>The Spanish Trag</knoraXmlImport:label>
    <p0826-teimww:bookInternalId knoraType="richtext_value">@000783</p0826-teimww:bookInternalId>
    <p0826-teimww:createdDate knoraType="date_value">GREGORIAN:1587:1587</p0826-teimww:createdDate>
    <p0826-teimww:edition knoraType="richtext_value">English Renaissance Drama: A Norton Anthology. Gen. ed. David Bevington. New York and London: W. W. Norton, 2002. 8-73.  </p0826-teimww:edition>
    <p0826-teimww:hasLanguage knoraType="richtext_value">English</p0826-teimww:hasLanguage>
    <p0826-teimww:isWrittenBy>
      <p0826-teimww:person knoraType="link_value" linkType="ref" target="ww_116917d934be52dd"/>
    </p0826-teimww:isWrittenBy>
    <p0826-teimww:publishDate knoraType="date_value">GREGORIAN:1587:1587</p0826-teimww:publishDate>
    <p0826-teimww:title knoraType="richtext_value">The Spanish Tragedy</p0826-teimww:title>
  </p0826-teimww:book>
  <p0826-teimww:book id="ww_3e70301e1c6b8013">
    <knoraXmlImport:label>Hamlet's Horatio</knoraXmlImport:label>
    <p0826-teimww:bookInternalId knoraType="richtext_value">@010019</p0826-teimww:bookInternalId>
    <p0826-teimww:edition knoraType="richtext_value">Notes and Queries 59.1 (2012): 76-77.</p0826-teimww:edition>
    <p0826-teimww:isWrittenBy>
      <p0826-teimww:person knoraType="link_value" linkType="ref" target="ww_5afc403ede1322a7"/>
    </p0826-teimww:isWrittenBy>
    <p0826-teimww:title knoraType="richtext_value">Hamlet's Horatio as an Allusion to Horace's Odes</p0826-teimww:title>
  </p0826-teimww:book>
  <p0826-teimww:book id="ww_55406532e3cd0a84">
    <knoraXmlImport:label>Dismember Me: Sh</knoraXmlImport:label>
    <p0826-teimww:bookInternalId knoraType="richtext_value">@010147</p0826-teimww:bookInternalId>
    <p0826-teimww:edition knoraType="richtext_value">Shakespeare Quarterly 48.1 (Spring 1997): 1-16.</p0826-teimww:edition>
    <p0826-teimww:isWrittenBy>
      <p0826-teimww:person knoraType="link_value" linkType="ref" target="ww_5292e9f9b3764075"/>
    </p0826-teimww:isWrittenBy>
    <p0826-teimww:title knoraType="richtext_value">Dismember Me: Shakespeare, Paranoia, and the Logic of Mass Culture</p0826-teimww:title>
  </p0826-teimww:book>
  <p0826-teimww:book id="ww_6a0b1e5914da6bee">
    <knoraXmlImport:label>Looking for Haml</knoraXmlImport:label>
    <p0826-teimww:bookInternalId knoraType="richtext_value">@010036</p0826-teimww:bookInternalId>
    <p0826-teimww:edition knoraType="richtext_value">Looking for Hamlet. Basingstoke: Palgrave Macmillan, 2007.</p0826-teimww:edition>
    <p0826-teimww:isWrittenBy>
      <p0826-teimww:person knoraType="link_value" linkType="ref" target="ww_e9cb87724e65b28f"/>
    </p0826-teimww:isWrittenBy>
    <p0826-teimww:title knoraType="richtext_value">Looking for Hamlet</p0826-teimww:title>
  </p0826-teimww:book>
  <p0826-teimww:book id="ww_10ccfff324728f4d">
    <knoraXmlImport:label>Suleiman and Per</knoraXmlImport:label>
    <p0826-teimww:bookInternalId knoraType="richtext_value">@000799</p0826-teimww:bookInternalId>
    <p0826-teimww:createdDate knoraType="date_value">GREGORIAN:1588:1588</p0826-teimww:createdDate>
    <p0826-teimww:edition knoraType="richtext_value">The Tragedie of Solyman and Perseda. Ed. John J. Murray. New York: Garland Publishing, 1991.</p0826-teimww:edition>
    <p0826-teimww:hasLanguage knoraType="richtext_value">English</p0826-teimww:hasLanguage>
    <p0826-teimww:isWrittenBy>
      <p0826-teimww:person knoraType="link_value" linkType="ref" target="ww_116917d934be52dd"/>
    </p0826-teimww:isWrittenBy>
    <p0826-teimww:publishDate knoraType="date_value">GREGORIAN:1588:1588</p0826-teimww:publishDate>
    <p0826-teimww:title knoraType="richtext_value">Suleiman and Perseda</p0826-teimww:title>
  </p0826-teimww:book>
  <p0826-teimww:book id="ww_f052ab291abd7898">
    <knoraXmlImport:label>Dido, Queen of C</knoraXmlImport:label>
    <p0826-teimww:bookInternalId knoraType="richtext_value">@000820</p0826-teimww:bookInternalId>
    <p0826-teimww:createdDate knoraType="date_value">GREGORIAN:1588:1588</p0826-teimww:createdDate>
    <p0826-teimww:edition knoraType="richtext_value">The Complete Plays. Ed. J. B. Steane. London: Penguin 1986. 41-99.</p0826-teimww:edition>
    <p0826-teimww:hasLanguage knoraType="richtext_value">English</p0826-teimww:hasLanguage>
    <p0826-teimww:isWrittenBy>
      <p0826-teimww:person knoraType="link_value" linkType="ref" target="ww_9e2e58504b5d3de8"/>
    </p0826-teimww:isWrittenBy>
    <p0826-teimww:isWrittenBy>
      <p0826-teimww:person knoraType="link_value" linkType="ref" target="ww_63d5fe36ffac5d32"/>
    </p0826-teimww:isWrittenBy>
    <p0826-teimww:publishDate knoraType="date_value">GREGORIAN:1588:1588</p0826-teimww:publishDate>
    <p0826-teimww:title knoraType="richtext_value">Dido, Queen of Carthage</p0826-teimww:title>
  </p0826-teimww:book>
  <p0826-teimww:book id="ww_dde817ac993ab4da">
    <knoraXmlImport:label>The Turkish Muha</knoraXmlImport:label>
    <p0826-teimww:bookInternalId knoraType="richtext_value">@000803</p0826-teimww:bookInternalId>
    <p0826-teimww:createdDate knoraType="date_value">GREGORIAN:1588:1588</p0826-teimww:createdDate>
    <p0826-teimww:edition knoraType="richtext_value">The Turkish Muhammad and the Irene [Hiren] The Fair Greek. [passage in lost play deduced from later quotations]</p0826-teimww:edition>
    <p0826-teimww:hasLanguage knoraType="richtext_value">English</p0826-teimww:hasLanguage>
    <p0826-teimww:isWrittenBy>
      <p0826-teimww:person knoraType="link_value" linkType="ref" target="ww_7468c79b15d734b3"/>
    </p0826-teimww:isWrittenBy>
    <p0826-teimww:publishDate knoraType="date_value">GREGORIAN:1588:1588</p0826-teimww:publishDate>
    <p0826-teimww:title knoraType="richtext_value">The Turkish Muhammad and Irene the Fair Greek</p0826-teimww:title>
  </p0826-teimww:book>
  <p0826-teimww:book id="ww_42666ba64eaac864">
    <knoraXmlImport:label>The Wars of Cyru</knoraXmlImport:label>
    <p0826-teimww:bookInternalId knoraType="richtext_value">@000813</p0826-teimww:bookInternalId>
    <p0826-teimww:createdDate knoraType="date_value">GREGORIAN:1588:1588</p0826-teimww:createdDate>
    <p0826-teimww:edition knoraType="richtext_value">The warres of Cyrus King of Persia against Antiochus King of Assyria, with the Tragicall ende of Panthæa. London: E. A. for William Blackwal 1594.</p0826-teimww:edition>
    <p0826-teimww:hasLanguage knoraType="richtext_value">English</p0826-teimww:hasLanguage>
    <p0826-teimww:isWrittenBy>
      <p0826-teimww:person knoraType="link_value" linkType="ref" target="ww_212c78497ddc32c5"/>
    </p0826-teimww:isWrittenBy>
    <p0826-teimww:publishDate knoraType="date_value">GREGORIAN:1588:1588</p0826-teimww:publishDate>
    <p0826-teimww:title knoraType="richtext_value">The Wars of Cyrus, King of Persia</p0826-teimww:title>
  </p0826-teimww:book>
  <p0826-teimww:book id="ww_7fdb5d1a8d96cea5">
    <knoraXmlImport:label>Endymion</knoraXmlImport:label>
    <p0826-teimww:bookInternalId knoraType="richtext_value">@000794</p0826-teimww:bookInternalId>
    <p0826-teimww:createdDate knoraType="date_value">GREGORIAN:1588:1588</p0826-teimww:createdDate>
    <p0826-teimww:edition knoraType="richtext_value">English Renaissance Drama: A Norton Anthology. Gen. ed. David Bevington. New York and London: W. W. Norton, 2002. 80-128.</p0826-teimww:edition>
    <p0826-teimww:hasLanguage knoraType="richtext_value">English</p0826-teimww:hasLanguage>
    <p0826-teimww:isWrittenBy>
      <p0826-teimww:person knoraType="link_value" linkType="ref" target="ww_ba0230e7fbb5fd0d"/>
    </p0826-teimww:isWrittenBy>
    <p0826-teimww:publishDate knoraType="date_value">GREGORIAN:1588:1588</p0826-teimww:publishDate>
    <p0826-teimww:title knoraType="richtext_value">Endymion</p0826-teimww:title>
  </p0826-teimww:book>
  <p0826-teimww:book id="ww_d86c9cc196e7be35">
    <knoraXmlImport:label>Quoting Hamlet i</knoraXmlImport:label>
    <p0826-teimww:bookInternalId knoraType="richtext_value">@005617</p0826-teimww:bookInternalId>
    <p0826-teimww:createdDate knoraType="date_value">GREGORIAN:1588:1588</p0826-teimww:createdDate>
    <p0826-teimww:edition knoraType="richtext_value">Modern Philology 105.3 (2008): 510-34.</p0826-teimww:edition>
    <p0826-teimww:hasLanguage knoraType="richtext_value">English</p0826-teimww:hasLanguage>
    <p0826-teimww:isWrittenBy>
      <p0826-teimww:person knoraType="link_value" linkType="ref" target="ww_40f087f3ecb3aa75"/>
    </p0826-teimww:isWrittenBy>
    <p0826-teimww:publishDate knoraType="date_value">GREGORIAN:1588:1588</p0826-teimww:publishDate>
    <p0826-teimww:title knoraType="richtext_value">Quoting Hamlet in the Early Seventeenth Century</p0826-teimww:title>
  </p0826-teimww:book>
  <p0826-teimww:book id="ww_100fa85792453de4">
    <knoraXmlImport:label>Almond for a Par</knoraXmlImport:label>
    <p0826-teimww:bookInternalId knoraType="richtext_value">@005616</p0826-teimww:bookInternalId>
    <p0826-teimww:createdDate knoraType="date_value">GREGORIAN:1589:1589</p0826-teimww:createdDate>
    <p0826-teimww:edition knoraType="richtext_value">3:337-376.</p0826-teimww:edition>
    <p0826-teimww:hasLanguage knoraType="richtext_value">English</p0826-teimww:hasLanguage>
    <p0826-teimww:isWrittenBy>
      <p0826-teimww:person knoraType="link_value" linkType="ref" target="ww_9e2e58504b5d3de8"/>
    </p0826-teimww:isWrittenBy>
    <p0826-teimww:publishDate knoraType="date_value">GREGORIAN:1589:1589</p0826-teimww:publishDate>
    <p0826-teimww:title knoraType="richtext_value">Almond for a Parrot</p0826-teimww:title>
  </p0826-teimww:book>
  <p0826-teimww:book id="ww_6f73f74667982896">
    <knoraXmlImport:label>To the Gentlemen</knoraXmlImport:label>
    <p0826-teimww:bookInternalId knoraType="richtext_value">@005615</p0826-teimww:bookInternalId>
    <p0826-teimww:createdDate knoraType="date_value">GREGORIAN:1589:1589</p0826-teimww:createdDate>
    <p0826-teimww:edition knoraType="richtext_value">3:311-325.</p0826-teimww:edition>
    <p0826-teimww:hasLanguage knoraType="richtext_value">English</p0826-teimww:hasLanguage>
    <p0826-teimww:isWrittenBy>
      <p0826-teimww:person knoraType="link_value" linkType="ref" target="ww_9e2e58504b5d3de8"/>
    </p0826-teimww:isWrittenBy>
    <p0826-teimww:publishDate knoraType="date_value">GREGORIAN:1589:1589</p0826-teimww:publishDate>
    <p0826-teimww:title knoraType="richtext_value">To the Gentlemen Students of Both Universities</p0826-teimww:title>
  </p0826-teimww:book>
  <p0826-teimww:book id="ww_79b4f04c648b74db">
    <knoraXmlImport:label>The Commonwealth</knoraXmlImport:label>
    <p0826-teimww:bookInternalId knoraType="richtext_value">@005614</p0826-teimww:bookInternalId>
    <p0826-teimww:createdDate knoraType="date_value">GREGORIAN:1589:1589</p0826-teimww:createdDate>
    <p0826-teimww:edition knoraType="richtext_value">The common-vvelth of England and the maner of gouernment thereof. Compiled by the honorable Sir Thomas Smith, Knight, Doctor of both lawes, and one of the principall secretaries vnto two most worthie princes, King Edward, and Queen Elizabeth: with new additions of the cheefe courts in England, the offices thereof, and their seuerall functions, by the sayd author: neuer before published. London: John Windet for Gregory Seton, 1589.</p0826-teimww:edition>
    <p0826-teimww:hasLanguage knoraType="richtext_value">English</p0826-teimww:hasLanguage>
    <p0826-teimww:isWrittenBy>
      <p0826-teimww:person knoraType="link_value" linkType="ref" target="ww_4120af7a4ce22c71"/>
    </p0826-teimww:isWrittenBy>
    <p0826-teimww:publishDate knoraType="date_value">GREGORIAN:1589:1589</p0826-teimww:publishDate>
    <p0826-teimww:title knoraType="richtext_value">The Commonwealth of England</p0826-teimww:title>
  </p0826-teimww:book>
  <p0826-teimww:book id="ww_c373e74239c178a8">
    <knoraXmlImport:label>A Brief Treatise</knoraXmlImport:label>
    <p0826-teimww:bookInternalId knoraType="richtext_value">@005001</p0826-teimww:bookInternalId>
    <p0826-teimww:createdDate knoraType="date_value">GREGORIAN:1590:1590</p0826-teimww:createdDate>
    <p0826-teimww:edition knoraType="richtext_value">A briefe treatise of testaments and last willes very profitable to be vnderstoode of all the subiects of this realme of England [...]. London: Iohn Windet, 1591.</p0826-teimww:edition>
    <p0826-teimww:hasLanguage knoraType="richtext_value">English</p0826-teimww:hasLanguage>
    <p0826-teimww:isWrittenBy>
      <p0826-teimww:person knoraType="link_value" linkType="ref" target="ww_29c676ae27f37864"/>
    </p0826-teimww:isWrittenBy>
    <p0826-teimww:publishDate knoraType="date_value">GREGORIAN:1590:1590</p0826-teimww:publishDate>
    <p0826-teimww:title knoraType="richtext_value">A Brief Treatise of Testaments and Last Wills</p0826-teimww:title>
  </p0826-teimww:book>
  <p0826-teimww:book id="ww_368ebdd946db4900">
    <knoraXmlImport:label>Against Thinking</knoraXmlImport:label>
    <p0826-teimww:bookInternalId knoraType="richtext_value">@005608</p0826-teimww:bookInternalId>
    <p0826-teimww:createdDate knoraType="date_value">GREGORIAN:1590:1590</p0826-teimww:createdDate>
    <p0826-teimww:edition knoraType="richtext_value">PMLA 122.5 (2007): 1580-1587.</p0826-teimww:edition>
    <p0826-teimww:hasLanguage knoraType="richtext_value">English</p0826-teimww:hasLanguage>
    <p0826-teimww:isWrittenBy>
      <p0826-teimww:person knoraType="link_value" linkType="ref" target="ww_246e8bda427107c8"/>
    </p0826-teimww:isWrittenBy>
    <p0826-teimww:publishDate knoraType="date_value">GREGORIAN:1590:1590</p0826-teimww:publishDate>
    <p0826-teimww:title knoraType="richtext_value">Against Thinking</p0826-teimww:title>
  </p0826-teimww:book>
  <p0826-teimww:book id="ww_a45f897238d7e5f0">
    <knoraXmlImport:label>Mucedorus and Am</knoraXmlImport:label>
    <p0826-teimww:bookInternalId knoraType="richtext_value">@000884</p0826-teimww:bookInternalId>
    <p0826-teimww:createdDate knoraType="date_value">GREGORIAN:1591:1591</p0826-teimww:createdDate>
    <p0826-teimww:edition knoraType="richtext_value">A Most pleasant Comedie of Mucedorus the Kings sonne of Valentia and Amadine the Kings daughter of Arragon, with the merie conceites of Mouse. Newly set foorth, as it hath bin sundrie times plaide in the honorable Cittie of London. Very delectable and full of mirth. London: William Jones, 1598.</p0826-teimww:edition>
    <p0826-teimww:hasLanguage knoraType="richtext_value">English</p0826-teimww:hasLanguage>
    <p0826-teimww:isWrittenBy>
      <p0826-teimww:person knoraType="link_value" linkType="ref" target="ww_212c78497ddc32c5"/>
    </p0826-teimww:isWrittenBy>
    <p0826-teimww:publishDate knoraType="date_value">GREGORIAN:1591:1591</p0826-teimww:publishDate>
    <p0826-teimww:title knoraType="richtext_value">Mucedorus and Amadine</p0826-teimww:title>
  </p0826-teimww:book>
  <p0826-teimww:book id="ww_95fb4400d1818339">
    <knoraXmlImport:label>The Pilgrim's Wi</knoraXmlImport:label>
    <p0826-teimww:bookInternalId knoraType="richtext_value">@005586</p0826-teimww:bookInternalId>
    <p0826-teimww:createdDate knoraType="date_value">GREGORIAN:1591:1591</p0826-teimww:createdDate>
    <p0826-teimww:edition knoraType="richtext_value">Quoted in: Naseeb Shaheen. Biblical References in Shakespeare's Tragedies. Newark: University of Delaware Press, 1987.</p0826-teimww:edition>
    <p0826-teimww:hasLanguage knoraType="richtext_value">English</p0826-teimww:hasLanguage>
    <p0826-teimww:isWrittenBy>
      <p0826-teimww:person knoraType="link_value" linkType="ref" target="ww_0b287f59292b10a7"/>
    </p0826-teimww:isWrittenBy>
    <p0826-teimww:publishDate knoraType="date_value">GREGORIAN:1591:1591</p0826-teimww:publishDate>
    <p0826-teimww:title knoraType="richtext_value">The Pilgrim's Wish</p0826-teimww:title>
  </p0826-teimww:book>
  <p0826-teimww:book id="ww_74c4db8372c7293c">
    <knoraXmlImport:label>Florios Second F</knoraXmlImport:label>
    <p0826-teimww:bookInternalId knoraType="richtext_value">@005610</p0826-teimww:bookInternalId>
    <p0826-teimww:createdDate knoraType="date_value">GREGORIAN:1591:1591</p0826-teimww:createdDate>
    <p0826-teimww:edition knoraType="richtext_value">Florios second frutes to be gathered of twelue trees, of diuers but delightsome tastes to the tongues of Italians and Englishmen. To which is annexed his Gardine of recreation yeelding six thousand Italian prouerbs. London: T. Orwin for Thomas Woodcock, 1591.</p0826-teimww:edition>
    <p0826-teimww:hasLanguage knoraType="richtext_value">English</p0826-teimww:hasLanguage>
    <p0826-teimww:isWrittenBy>
      <p0826-teimww:person knoraType="link_value" linkType="ref" target="ww_788d53fded4c5751"/>
    </p0826-teimww:isWrittenBy>
    <p0826-teimww:publishDate knoraType="date_value">GREGORIAN:1591:1591</p0826-teimww:publishDate>
    <p0826-teimww:title knoraType="richtext_value">Florios Second Fruits</p0826-teimww:title>
  </p0826-teimww:book>
  <p0826-teimww:book id="ww_a08995e1e6833cea">
    <knoraXmlImport:label>A Quip for an Up</knoraXmlImport:label>
    <p0826-teimww:bookInternalId knoraType="richtext_value">@005566</p0826-teimww:bookInternalId>
    <p0826-teimww:createdDate knoraType="date_value">GREGORIAN:1592:1592</p0826-teimww:createdDate>
    <p0826-teimww:edition knoraType="richtext_value">A Qvip for an Vpstart Courtier. Or, A quaint dispute betvveen Veluet breeches and Clothbreeches. Wherein is plainely set downe the disorders in all Estates and Trades. London: John Wolfe, 1592.</p0826-teimww:edition>
    <p0826-teimww:hasLanguage knoraType="richtext_value">English</p0826-teimww:hasLanguage>
    <p0826-teimww:isWrittenBy>
      <p0826-teimww:person knoraType="link_value" linkType="ref" target="ww_ce2fb5bd491a4d2e"/>
    </p0826-teimww:isWrittenBy>
    <p0826-teimww:publishDate knoraType="date_value">GREGORIAN:1592:1592</p0826-teimww:publishDate>
    <p0826-teimww:title knoraType="richtext_value">A Quip for an Upstart Courtier</p0826-teimww:title>
  </p0826-teimww:book>
  <p0826-teimww:book id="ww_c8b9905743513fbf">
    <knoraXmlImport:label>Shakespeare and </knoraXmlImport:label>
    <p0826-teimww:bookInternalId knoraType="richtext_value">@010222</p0826-teimww:bookInternalId>
    <p0826-teimww:edition knoraType="richtext_value">Notes and Queries (September 1953): 272-274.</p0826-teimww:edition>
    <p0826-teimww:isWrittenBy>
      <p0826-teimww:person knoraType="link_value" linkType="ref" target="ww_4aad8076b21701ae"/>
    </p0826-teimww:isWrittenBy>
    <p0826-teimww:title knoraType="richtext_value">Shakespeare and Nashe's 'Pierce Pennilesse' I</p0826-teimww:title>
  </p0826-teimww:book>
  <p0826-teimww:book id="ww_1346944d637cbc76">
    <knoraXmlImport:label>Shakespeare Allu</knoraXmlImport:label>
    <p0826-teimww:bookInternalId knoraType="richtext_value">@010088</p0826-teimww:bookInternalId>
    <p0826-teimww:edition knoraType="richtext_value">Notes and Queries 11-6:153, 30 November 1912): 426-427.</p0826-teimww:edition>
    <p0826-teimww:isWrittenBy>
      <p0826-teimww:person knoraType="link_value" linkType="ref" target="ww_4cf2d2f81816aed2"/>
    </p0826-teimww:isWrittenBy>
    <p0826-teimww:title knoraType="richtext_value">Shakespeare Allusions</p0826-teimww:title>
  </p0826-teimww:book>
  <p0826-teimww:book id="ww_c81f995a09baa142">
    <knoraXmlImport:label>Christs Tears Ov</knoraXmlImport:label>
    <p0826-teimww:bookInternalId knoraType="richtext_value">@005564</p0826-teimww:bookInternalId>
    <p0826-teimww:createdDate knoraType="date_value">GREGORIAN:1593:1593</p0826-teimww:createdDate>
    <p0826-teimww:edition knoraType="richtext_value">9; dedication [normalized spelling].</p0826-teimww:edition>
    <p0826-teimww:hasLanguage knoraType="richtext_value">English</p0826-teimww:hasLanguage>
    <p0826-teimww:isWrittenBy>
      <p0826-teimww:person knoraType="link_value" linkType="ref" target="ww_9e2e58504b5d3de8"/>
    </p0826-teimww:isWrittenBy>
    <p0826-teimww:publishDate knoraType="date_value">GREGORIAN:1593:1593</p0826-teimww:publishDate>
    <p0826-teimww:title knoraType="richtext_value">Christs Tears Over Jerusalem </p0826-teimww:title>
  </p0826-teimww:book>
  <p0826-teimww:book id="ww_9d0b02a61888dad4">
    <knoraXmlImport:label>The Tears of an </knoraXmlImport:label>
    <p0826-teimww:bookInternalId knoraType="richtext_value">@005589</p0826-teimww:bookInternalId>
    <p0826-teimww:createdDate knoraType="date_value">GREGORIAN:1594:1594</p0826-teimww:createdDate>
    <p0826-teimww:edition knoraType="richtext_value">"The Teares of an affectionate Shepheard sicke for Loue. Or The Complaint of Daphnis for the Loue of Ganimede." The Affectionate Shepheard. Containing the Complaint of Daphnis for the loue of Granymede. London: T. G. and E. N. et al., 1594.</p0826-teimww:edition>
    <p0826-teimww:hasLanguage knoraType="richtext_value">English</p0826-teimww:hasLanguage>
    <p0826-teimww:isWrittenBy>
      <p0826-teimww:person knoraType="link_value" linkType="ref" target="ww_dc3833f217f24ffb"/>
    </p0826-teimww:isWrittenBy>
    <p0826-teimww:publishDate knoraType="date_value">GREGORIAN:1594:1594</p0826-teimww:publishDate>
    <p0826-teimww:title knoraType="richtext_value">The Tears of an Affectionate Shepherd Sick for Love</p0826-teimww:title>
  </p0826-teimww:book>
  <p0826-teimww:book id="ww_9f7146452fc1243e">
    <knoraXmlImport:label>Lectures upon Jo</knoraXmlImport:label>
    <p0826-teimww:bookInternalId knoraType="richtext_value">@005587</p0826-teimww:bookInternalId>
    <p0826-teimww:createdDate knoraType="date_value">GREGORIAN:1594:1594</p0826-teimww:createdDate>
    <p0826-teimww:edition knoraType="richtext_value">Lectures upon Jonas. Delivered at Yorke In the year of our Lorde 1594. Oxford, 1597.</p0826-teimww:edition>
    <p0826-teimww:hasLanguage knoraType="richtext_value">English</p0826-teimww:hasLanguage>
    <p0826-teimww:isWrittenBy>
      <p0826-teimww:person knoraType="link_value" linkType="ref" target="ww_bb511f296416b258"/>
    </p0826-teimww:isWrittenBy>
    <p0826-teimww:publishDate knoraType="date_value">GREGORIAN:1594:1594</p0826-teimww:publishDate>
    <p0826-teimww:title knoraType="richtext_value">Lectures upon Jonas</p0826-teimww:title>
  </p0826-teimww:book>
  <p0826-teimww:book id="ww_2df21bfefce592b6">
    <knoraXmlImport:label>The UnfortunateT</knoraXmlImport:label>
    <p0826-teimww:bookInternalId knoraType="richtext_value">@005574</p0826-teimww:bookInternalId>
    <p0826-teimww:createdDate knoraType="date_value">GREGORIAN:1594:1594</p0826-teimww:createdDate>
    <p0826-teimww:edition knoraType="richtext_value">2:177-328.</p0826-teimww:edition>
    <p0826-teimww:hasLanguage knoraType="richtext_value">English</p0826-teimww:hasLanguage>
    <p0826-teimww:isWrittenBy>
      <p0826-teimww:person knoraType="link_value" linkType="ref" target="ww_9e2e58504b5d3de8"/>
    </p0826-teimww:isWrittenBy>
    <p0826-teimww:publishDate knoraType="date_value">GREGORIAN:1594:1594</p0826-teimww:publishDate>
    <p0826-teimww:title knoraType="richtext_value">The UnfortunateTraveller</p0826-teimww:title>
  </p0826-teimww:book>
  <p0826-teimww:book id="ww_576a3b5a9726890a">
    <knoraXmlImport:label>Orchestra, or a </knoraXmlImport:label>
    <p0826-teimww:bookInternalId knoraType="richtext_value">@005563</p0826-teimww:bookInternalId>
    <p0826-teimww:createdDate knoraType="date_value">GREGORIAN:1596:1596</p0826-teimww:createdDate>
    <p0826-teimww:edition knoraType="richtext_value">The Works in Verse and Prose (including hitherto unpublished Mss.) of Sir John Davies. Ed. Alexander B. Grosart. Blackburn: Printed for private circulation, 1869.</p0826-teimww:edition>
    <p0826-teimww:hasLanguage knoraType="richtext_value">English</p0826-teimww:hasLanguage>
    <p0826-teimww:isWrittenBy>
      <p0826-teimww:person knoraType="link_value" linkType="ref" target="ww_2afeb85181d58ed3"/>
    </p0826-teimww:isWrittenBy>
    <p0826-teimww:publishDate knoraType="date_value">GREGORIAN:1596:1596</p0826-teimww:publishDate>
    <p0826-teimww:title knoraType="richtext_value">Orchestra, or a Poeme of Dauncing</p0826-teimww:title>
  </p0826-teimww:book>
  <p0826-teimww:book id="ww_f3b680a00afe6716">
    <knoraXmlImport:label>The Sixth Jess</knoraXmlImport:label>
    <p0826-teimww:bookInternalId knoraType="richtext_value">@005585</p0826-teimww:bookInternalId>
    <p0826-teimww:createdDate knoraType="date_value">GREGORIAN:1596:1596</p0826-teimww:createdDate>
    <p0826-teimww:edition knoraType="richtext_value">Wherein the Soul Must Arm Itself Against Dangers of the Time, in Regard of False Doctrine, Wherewith Else It May Be Miscarried in this Progress." A Progress Of Piety. Cambridge: Cambridge University Press, 1847. 107-119.</p0826-teimww:edition>
    <p0826-teimww:hasLanguage knoraType="richtext_value">English</p0826-teimww:hasLanguage>
    <p0826-teimww:isWrittenBy>
      <p0826-teimww:person knoraType="link_value" linkType="ref" target="ww_14800c7eb75cfa9a"/>
    </p0826-teimww:isWrittenBy>
    <p0826-teimww:publishDate knoraType="date_value">GREGORIAN:1596:1596</p0826-teimww:publishDate>
    <p0826-teimww:title knoraType="richtext_value">The Sixth Jess</p0826-teimww:title>
  </p0826-teimww:book>
  <p0826-teimww:book id="ww_70b35f176c9ceb49">
    <knoraXmlImport:label>A Fig for Fortun</knoraXmlImport:label>
    <p0826-teimww:bookInternalId knoraType="richtext_value">@005592</p0826-teimww:bookInternalId>
    <p0826-teimww:createdDate knoraType="date_value">GREGORIAN:1596:1596</p0826-teimww:createdDate>
    <p0826-teimww:edition knoraType="richtext_value">A Fig for Fortune. London: Richard Johnes, 1596.</p0826-teimww:edition>
    <p0826-teimww:hasLanguage knoraType="richtext_value">English</p0826-teimww:hasLanguage>
    <p0826-teimww:isWrittenBy>
      <p0826-teimww:person knoraType="link_value" linkType="ref" target="ww_3bba108f51aa8607"/>
    </p0826-teimww:isWrittenBy>
    <p0826-teimww:publishDate knoraType="date_value">GREGORIAN:1596:1596</p0826-teimww:publishDate>
    <p0826-teimww:title knoraType="richtext_value">A Fig for Fortune</p0826-teimww:title>
  </p0826-teimww:book>
  <p0826-teimww:book id="ww_13d1b8c099bf8583">
    <knoraXmlImport:label>A Discourse of C</knoraXmlImport:label>
    <p0826-teimww:bookInternalId knoraType="richtext_value">@005611</p0826-teimww:bookInternalId>
    <p0826-teimww:createdDate knoraType="date_value">GREGORIAN:1596:1596</p0826-teimww:createdDate>
    <p0826-teimww:edition knoraType="richtext_value">A discourse of conscience wherein is set downe the nature, properties, and differences thereof: as also the way to get and keepe good conscience. Cambridge: John Legat, 1596.</p0826-teimww:edition>
    <p0826-teimww:hasLanguage knoraType="richtext_value">English</p0826-teimww:hasLanguage>
    <p0826-teimww:isWrittenBy>
      <p0826-teimww:person knoraType="link_value" linkType="ref" target="ww_84ff74beb4a95aa1"/>
    </p0826-teimww:isWrittenBy>
    <p0826-teimww:publishDate knoraType="date_value">GREGORIAN:1596:1596</p0826-teimww:publishDate>
    <p0826-teimww:title knoraType="richtext_value">A Discourse of Conscience </p0826-teimww:title>
  </p0826-teimww:book>
  <p0826-teimww:book id="ww_444e694490140e28">
    <knoraXmlImport:label>Some by Stenogra</knoraXmlImport:label>
    <p0826-teimww:bookInternalId knoraType="richtext_value">@010102</p0826-teimww:bookInternalId>
    <p0826-teimww:edition knoraType="richtext_value">'"Some by Stenography"? Stationers, Shorthand, and the Early Shakespearean Quartos.' Papers of the Bibliographical Society of America 90.4 (1996): 417-449.</p0826-teimww:edition>
    <p0826-teimww:isWrittenBy>
      <p0826-teimww:person knoraType="link_value" linkType="ref" target="ww_352af22fad3f766f"/>
    </p0826-teimww:isWrittenBy>
    <p0826-teimww:title knoraType="richtext_value">Some by Stenography</p0826-teimww:title>
  </p0826-teimww:book>
  <p0826-teimww:book id="ww_adfdbd7c6a7b7a62">
    <knoraXmlImport:label>Shakespeare and </knoraXmlImport:label>
    <p0826-teimww:bookInternalId knoraType="richtext_value">@010060</p0826-teimww:bookInternalId>
    <p0826-teimww:edition knoraType="richtext_value">PBSA 104 (2010): 141-180.</p0826-teimww:edition>
    <p0826-teimww:isWrittenBy>
      <p0826-teimww:person knoraType="link_value" linkType="ref" target="ww_196318c17e1ae6d2"/>
    </p0826-teimww:isWrittenBy>
    <p0826-teimww:title knoraType="richtext_value">Shakespeare and Shorthand Once Again</p0826-teimww:title>
  </p0826-teimww:book>
  <p0826-teimww:book id="ww_b2ee01ef371c8ee8">
    <knoraXmlImport:label>A Warning for Fa</knoraXmlImport:label>
    <p0826-teimww:bookInternalId knoraType="richtext_value">@001080</p0826-teimww:bookInternalId>
    <p0826-teimww:createdDate knoraType="date_value">GREGORIAN:1597:1597</p0826-teimww:createdDate>
    <p0826-teimww:edition knoraType="richtext_value">A Warning for Faire Women. As it hath beene lately diuerse times acted by the right Honorable, the Lord Chamberlaine his Seruantes. London: Valentine Sims for William Aspley, 1599.</p0826-teimww:edition>
    <p0826-teimww:hasLanguage knoraType="richtext_value">English</p0826-teimww:hasLanguage>
    <p0826-teimww:isWrittenBy>
      <p0826-teimww:person knoraType="link_value" linkType="ref" target="ww_212c78497ddc32c5"/>
    </p0826-teimww:isWrittenBy>
    <p0826-teimww:publishDate knoraType="date_value">GREGORIAN:1597:1597</p0826-teimww:publishDate>
    <p0826-teimww:title knoraType="richtext_value">A Warning for Fair Women</p0826-teimww:title>
  </p0826-teimww:book>
  <p0826-teimww:book id="ww_e28d0c710c7d6851">
    <knoraXmlImport:label>Every Man in His</knoraXmlImport:label>
    <p0826-teimww:bookInternalId knoraType="richtext_value">@001143</p0826-teimww:bookInternalId>
    <p0826-teimww:createdDate knoraType="date_value">GREGORIAN:1598:1598</p0826-teimww:createdDate>
    <p0826-teimww:edition knoraType="richtext_value">Every man in his humor. London: Will Stansby 1616.</p0826-teimww:edition>
    <p0826-teimww:hasLanguage knoraType="richtext_value">English</p0826-teimww:hasLanguage>
    <p0826-teimww:isWrittenBy>
      <p0826-teimww:person knoraType="link_value" linkType="ref" target="ww_9b2d545e20d62482"/>
    </p0826-teimww:isWrittenBy>
    <p0826-teimww:publishDate knoraType="date_value">GREGORIAN:1598:1598</p0826-teimww:publishDate>
    <p0826-teimww:title knoraType="richtext_value">Every Man in His Humour</p0826-teimww:title>
  </p0826-teimww:book>
  <p0826-teimww:book id="ww_4300396a5efb95d0">
    <knoraXmlImport:label>Quatorzain 12 - </knoraXmlImport:label>
    <p0826-teimww:bookInternalId knoraType="richtext_value">@005038</p0826-teimww:bookInternalId>
    <p0826-teimww:createdDate knoraType="date_value">GREGORIAN:1598:1598</p0826-teimww:createdDate>
    <p0826-teimww:edition knoraType="richtext_value">Celestiall Elegies. 1598.</p0826-teimww:edition>
    <p0826-teimww:hasLanguage knoraType="richtext_value">English</p0826-teimww:hasLanguage>
    <p0826-teimww:isWrittenBy>
      <p0826-teimww:person knoraType="link_value" linkType="ref" target="ww_9ffeb7ca95cd18da"/>
    </p0826-teimww:isWrittenBy>
    <p0826-teimww:publishDate knoraType="date_value">GREGORIAN:1598:1598</p0826-teimww:publishDate>
    <p0826-teimww:title knoraType="richtext_value">Quatorzain 12 - Proserpina</p0826-teimww:title>
  </p0826-teimww:book>
  <p0826-teimww:book id="ww_44d1ba9fad9a06b8">
    <knoraXmlImport:label>Quoting Hamlet i</knoraXmlImport:label>
    <p0826-teimww:bookInternalId knoraType="richtext_value">@005051</p0826-teimww:bookInternalId>
    <p0826-teimww:createdDate knoraType="date_value">GREGORIAN:1598:1600</p0826-teimww:createdDate>
    <p0826-teimww:edition knoraType="richtext_value">Modern Philology 105.3 (2008): 510-534.</p0826-teimww:edition>
    <p0826-teimww:hasLanguage knoraType="richtext_value">English</p0826-teimww:hasLanguage>
    <p0826-teimww:isWrittenBy>
      <p0826-teimww:person knoraType="link_value" linkType="ref" target="ww_866098e504e55c18"/>
    </p0826-teimww:isWrittenBy>
    <p0826-teimww:publishDate knoraType="date_value">GREGORIAN:1598:1600</p0826-teimww:publishDate>
    <p0826-teimww:title knoraType="richtext_value">Quoting Hamlet in the Early Seventeenth Century</p0826-teimww:title>
  </p0826-teimww:book>
  <p0826-teimww:book id="ww_068f59ef3e3a298f">
    <knoraXmlImport:label>Du Bartas Divine</knoraXmlImport:label>
    <p0826-teimww:bookInternalId knoraType="richtext_value">@005049</p0826-teimww:bookInternalId>
    <p0826-teimww:createdDate knoraType="date_value">GREGORIAN:1598:1598</p0826-teimww:createdDate>
    <p0826-teimww:edition knoraType="richtext_value">His Divine Weekes and Workes. Trans. Josuah Sylvester. London: Humfray Lownes, 1621.</p0826-teimww:edition>
    <p0826-teimww:hasLanguage knoraType="richtext_value">English</p0826-teimww:hasLanguage>
    <p0826-teimww:isWrittenBy>
      <p0826-teimww:person knoraType="link_value" linkType="ref" target="ww_bba79dead28fbb93"/>
    </p0826-teimww:isWrittenBy>
    <p0826-teimww:publishDate knoraType="date_value">GREGORIAN:1598:1598</p0826-teimww:publishDate>
    <p0826-teimww:title knoraType="richtext_value">Du Bartas Divine Weeks and Works</p0826-teimww:title>
  </p0826-teimww:book>
  <p0826-teimww:book id="ww_f90b16594829b119">
    <knoraXmlImport:label>The Weakest Goet</knoraXmlImport:label>
    <p0826-teimww:bookInternalId knoraType="richtext_value">@001208</p0826-teimww:bookInternalId>
    <p0826-teimww:createdDate knoraType="date_value">GREGORIAN:1599:1599</p0826-teimww:createdDate>
    <p0826-teimww:edition knoraType="richtext_value">The Weakest goeth to the Wall. As it hath bene sundry times plaide by the right honourable Earle of Oxenford, Lord great Chamberlaine of England his seruants. London: Thomas Creede for Richard Olive 1600.</p0826-teimww:edition>
    <p0826-teimww:hasLanguage knoraType="richtext_value">English</p0826-teimww:hasLanguage>
    <p0826-teimww:isWrittenBy>
      <p0826-teimww:person knoraType="link_value" linkType="ref" target="ww_212c78497ddc32c5"/>
    </p0826-teimww:isWrittenBy>
    <p0826-teimww:publishDate knoraType="date_value">GREGORIAN:1599:1599</p0826-teimww:publishDate>
    <p0826-teimww:title knoraType="richtext_value">The Weakest Goeth to the Wall </p0826-teimww:title>
  </p0826-teimww:book>
  <p0826-teimww:book id="ww_2e87bad72d73252f">
    <knoraXmlImport:label>Come, Ye Heavy S</knoraXmlImport:label>
    <p0826-teimww:bookInternalId knoraType="richtext_value">@005175</p0826-teimww:bookInternalId>
    <p0826-teimww:createdDate knoraType="date_value">GREGORIAN:1600:1600</p0826-teimww:createdDate>
    <p0826-teimww:edition knoraType="richtext_value">The second booke of Songs or Ayres, of 2. 4. and 5. parts: VVith Tableture for the Lute or Orpherian, with the Violl de Gamba. Composed by Iohn Dovvland Batcheler of Musick, and lutenist to the King of Denmark: also an excelent lesson for the Lute and Base Viol, called Dowlands adew. Published by George Eastland, and are to be sould at his house neere the greene Dragon and Sword, in Fleetstreete. London: Thomas Este, 1600.</p0826-teimww:edition>
    <p0826-teimww:hasLanguage knoraType="richtext_value">English</p0826-teimww:hasLanguage>
    <p0826-teimww:isWrittenBy>
      <p0826-teimww:person knoraType="link_value" linkType="ref" target="ww_8ff183e9c3dd0d6b"/>
    </p0826-teimww:isWrittenBy>
    <p0826-teimww:publishDate knoraType="date_value">GREGORIAN:1600:1600</p0826-teimww:publishDate>
    <p0826-teimww:title knoraType="richtext_value">Come, Ye Heavy States of Night</p0826-teimww:title>
  </p0826-teimww:book>
  <p0826-teimww:book id="ww_cbd79ec87899a40d">
    <knoraXmlImport:label>The Classical El</knoraXmlImport:label>
    <p0826-teimww:bookInternalId knoraType="richtext_value">@010072</p0826-teimww:bookInternalId>
    <p0826-teimww:edition knoraType="richtext_value">The Classical Element in the Shakespeare Plays. London: Robert Banks, 1909. </p0826-teimww:edition>
    <p0826-teimww:isWrittenBy>
      <p0826-teimww:person knoraType="link_value" linkType="ref" target="ww_330dc7a83f0d7fd6"/>
    </p0826-teimww:isWrittenBy>
    <p0826-teimww:title knoraType="richtext_value">The Classical Element in the Shakespeare Plays</p0826-teimww:title>
  </p0826-teimww:book>
  <p0826-teimww:book id="ww_842318fc1c593591">
    <knoraXmlImport:label>His Collaborator</knoraXmlImport:label>
    <p0826-teimww:bookInternalId knoraType="richtext_value">@010136</p0826-teimww:bookInternalId>
    <p0826-teimww:edition knoraType="richtext_value">The Shakespeare Circle: An Alternative Biography. Eds. Paul Edmondson and Stanley Wells. Cambridge: Cambridge University Press, 2015. 289-296.</p0826-teimww:edition>
    <p0826-teimww:isWrittenBy>
      <p0826-teimww:person knoraType="link_value" linkType="ref" target="ww_0ddc123b822a1712"/>
    </p0826-teimww:isWrittenBy>
    <p0826-teimww:title knoraType="richtext_value">His Collaborator George Wilkins</p0826-teimww:title>
  </p0826-teimww:book>
  <p0826-teimww:book id="ww_3dd50e3c55b75ee6">
    <knoraXmlImport:label>The Collected Wo</knoraXmlImport:label>
    <p0826-teimww:bookInternalId knoraType="richtext_value">@010101</p0826-teimww:bookInternalId>
    <p0826-teimww:edition knoraType="richtext_value">eds. The Collected Works of Abraham Cowley. 3 vols. Newark: University of Delaware Press, 1989.</p0826-teimww:edition>
    <p0826-teimww:isWrittenBy>
      <p0826-teimww:person knoraType="link_value" linkType="ref" target="ww_d5b779fffbf80505"/>
    </p0826-teimww:isWrittenBy>
    <p0826-teimww:title knoraType="richtext_value">The Collected Works of Abraham Cowley</p0826-teimww:title>
  </p0826-teimww:book>
  <p0826-teimww:book id="ww_8b579df902809521">
    <knoraXmlImport:label>An Early Hamlet </knoraXmlImport:label>
    <p0826-teimww:bookInternalId knoraType="richtext_value">@005249</p0826-teimww:bookInternalId>
    <p0826-teimww:edition knoraType="richtext_value">Shakespeare Quarterly 14 (1963): 87–89.</p0826-teimww:edition>
    <p0826-teimww:isWrittenBy>
      <p0826-teimww:person knoraType="link_value" linkType="ref" target="ww_46c46082234d6025"/>
    </p0826-teimww:isWrittenBy>
    <p0826-teimww:title knoraType="richtext_value">An Early Hamlet Echo?</p0826-teimww:title>
  </p0826-teimww:book>
  <p0826-teimww:book id="ww_47c84395b30bd53b">
    <knoraXmlImport:label>The Pictures in </knoraXmlImport:label>
    <p0826-teimww:bookInternalId knoraType="richtext_value">@010092</p0826-teimww:bookInternalId>
    <p0826-teimww:edition knoraType="richtext_value">Shakespeare Quarterly 3:3 (July 1952): 280-281. </p0826-teimww:edition>
    <p0826-teimww:isWrittenBy>
      <p0826-teimww:person knoraType="link_value" linkType="ref" target="ww_166f75ce43f038e3"/>
    </p0826-teimww:isWrittenBy>
    <p0826-teimww:title knoraType="richtext_value">The Pictures in Hamlet III-iv - A Possible Contemporary</p0826-teimww:title>
  </p0826-teimww:book>
  <p0826-teimww:book id="ww_0e724284cf7ebd32">
    <knoraXmlImport:label>England's Parnas</knoraXmlImport:label>
    <p0826-teimww:bookInternalId knoraType="richtext_value">@005262</p0826-teimww:bookInternalId>
    <p0826-teimww:createdDate knoraType="date_value">GREGORIAN:1600:1600</p0826-teimww:createdDate>
    <p0826-teimww:edition knoraType="richtext_value">Englands Parnassus or the choysest flowers of our moderne poets, with their poeticall comparisons Descriptions of bewties, personages, castles, pallaces, mountaines, groues, seas, springs, riuers, &amp;c. Whereunto are annexed other various discourses, both pleasaunt and profitable. London: For N. Ling, C. Burby and T. Hayes, 1600.</p0826-teimww:edition>
    <p0826-teimww:hasLanguage knoraType="richtext_value">English</p0826-teimww:hasLanguage>
    <p0826-teimww:isWrittenBy>
      <p0826-teimww:person knoraType="link_value" linkType="ref" target="ww_f6a5674247272fe5"/>
    </p0826-teimww:isWrittenBy>
    <p0826-teimww:publishDate knoraType="date_value">GREGORIAN:1600:1600</p0826-teimww:publishDate>
    <p0826-teimww:title knoraType="richtext_value">England's Parnassus</p0826-teimww:title>
  </p0826-teimww:book>
  <p0826-teimww:book id="ww_16c087672a41350c">
    <knoraXmlImport:label>Histrio-Mastix, </knoraXmlImport:label>
    <p0826-teimww:bookInternalId knoraType="richtext_value">@001314</p0826-teimww:bookInternalId>
    <p0826-teimww:createdDate knoraType="date_value">GREGORIAN:1600:1603</p0826-teimww:createdDate>
    <p0826-teimww:edition knoraType="richtext_value">The Plays of John Marston in Three Volumes. Ed. H. Harvey Wood. 3 vols. Edinburgh and London: Oliver and Boyd, 1939. 3:243-302.</p0826-teimww:edition>
    <p0826-teimww:hasLanguage knoraType="richtext_value">English</p0826-teimww:hasLanguage>
    <p0826-teimww:isWrittenBy>
      <p0826-teimww:person knoraType="link_value" linkType="ref" target="ww_ad03d7c87e5b9c24"/>
    </p0826-teimww:isWrittenBy>
    <p0826-teimww:publishDate knoraType="date_value">GREGORIAN:1600:1603</p0826-teimww:publishDate>
    <p0826-teimww:title knoraType="richtext_value">Histrio-Mastix, or, The Player</p0826-teimww:title>
  </p0826-teimww:book>
  <p0826-teimww:book id="ww_88503e400f411e81">
    <knoraXmlImport:label>What You Will</knoraXmlImport:label>
    <p0826-teimww:bookInternalId knoraType="richtext_value">@001283</p0826-teimww:bookInternalId>
    <p0826-teimww:createdDate knoraType="date_value">GREGORIAN:1601:1601</p0826-teimww:createdDate>
    <p0826-teimww:edition knoraType="richtext_value">The Plays of John Marston in Three Volumes. Ed. H. Harvey Wood. Edinburgh and London: Oliver and Boyd, 1934-1939. 2:227-295.</p0826-teimww:edition>
    <p0826-teimww:hasLanguage knoraType="richtext_value">English</p0826-teimww:hasLanguage>
    <p0826-teimww:isWrittenBy>
      <p0826-teimww:person knoraType="link_value" linkType="ref" target="ww_ad03d7c87e5b9c24"/>
    </p0826-teimww:isWrittenBy>
    <p0826-teimww:publishDate knoraType="date_value">GREGORIAN:1601:1601</p0826-teimww:publishDate>
    <p0826-teimww:title knoraType="richtext_value">What You Will</p0826-teimww:title>
  </p0826-teimww:book>
  <p0826-teimww:book id="ww_e862771dd315c342">
    <knoraXmlImport:label>How a Man May Ch</knoraXmlImport:label>
    <p0826-teimww:bookInternalId knoraType="richtext_value">@001303</p0826-teimww:bookInternalId>
    <p0826-teimww:createdDate knoraType="date_value">GREGORIAN:1601:1601</p0826-teimww:createdDate>
    <p0826-teimww:edition knoraType="richtext_value">How a Man May Choose a Good Wife from a Bad. by Thomas Heywood nach der Quarto 1608. Ed. A.E.H. Swaen. Louvain: A. Uystpruyst, 1912.</p0826-teimww:edition>
    <p0826-teimww:hasLanguage knoraType="richtext_value">English</p0826-teimww:hasLanguage>
    <p0826-teimww:isWrittenBy>
      <p0826-teimww:person knoraType="link_value" linkType="ref" target="ww_f10aec8cfe5ff90d"/>
    </p0826-teimww:isWrittenBy>
    <p0826-teimww:publishDate knoraType="date_value">GREGORIAN:1601:1601</p0826-teimww:publishDate>
    <p0826-teimww:title knoraType="richtext_value">How a Man May Choose a Good Wife From A Bad</p0826-teimww:title>
  </p0826-teimww:book>
  <p0826-teimww:book id="ww_6adb24d62eec2e3f">
    <knoraXmlImport:label>A Summary Answer</knoraXmlImport:label>
    <p0826-teimww:bookInternalId knoraType="richtext_value">@005558</p0826-teimww:bookInternalId>
    <p0826-teimww:createdDate knoraType="date_value">GREGORIAN:1601:1601</p0826-teimww:createdDate>
    <p0826-teimww:edition knoraType="richtext_value">A summarie ansvvere to al the material points in any of Master Darel his bookes More especiallie to that one booke of his, intituled, the Doctrine of the possession and dispossession of demoniaks out of the word of God. By Iohn Deacon. Iohn Walker. Preachers. London: George Bishop, 1601.</p0826-teimww:edition>
    <p0826-teimww:hasLanguage knoraType="richtext_value">English</p0826-teimww:hasLanguage>
    <p0826-teimww:isWrittenBy>
      <p0826-teimww:person knoraType="link_value" linkType="ref" target="ww_fba1842c561811bb"/>
    </p0826-teimww:isWrittenBy>
    <p0826-teimww:isWrittenBy>
      <p0826-teimww:person knoraType="link_value" linkType="ref" target="ww_6189bca8bbb55fc5"/>
    </p0826-teimww:isWrittenBy>
    <p0826-teimww:publishDate knoraType="date_value">GREGORIAN:1601:1601</p0826-teimww:publishDate>
    <p0826-teimww:title knoraType="richtext_value">A Summary Answer to All the Material Points</p0826-teimww:title>
  </p0826-teimww:book>
  <p0826-teimww:book id="ww_c376526546624e12">
    <knoraXmlImport:label>How a Man May Ch</knoraXmlImport:label>
    <p0826-teimww:bookInternalId knoraType="richtext_value">@010155</p0826-teimww:bookInternalId>
    <p0826-teimww:edition knoraType="richtext_value">ed. How a Man May Choose a Good Wife from a Bad von Thomas Heywood nach der Quarto 1608 herausgegeben. Louvain: A. Uystpruyst, 1912.</p0826-teimww:edition>
    <p0826-teimww:isWrittenBy>
      <p0826-teimww:person knoraType="link_value" linkType="ref" target="ww_4eb3d59f66c6b3a5"/>
    </p0826-teimww:isWrittenBy>
    <p0826-teimww:title knoraType="richtext_value">How a Man May Choose a Good Wife from a Bad</p0826-teimww:title>
  </p0826-teimww:book>
  <p0826-teimww:book id="ww_9b5ce7eda160cdbb">
    <knoraXmlImport:label>The Art of Steno</knoraXmlImport:label>
    <p0826-teimww:bookInternalId knoraType="richtext_value">@000270</p0826-teimww:bookInternalId>
    <p0826-teimww:createdDate knoraType="date_value">GREGORIAN:1602:1602</p0826-teimww:createdDate>
    <p0826-teimww:edition knoraType="richtext_value">The art of stenographie teaching by plaine and certaine rules, to the capacitie of the meanest, and for the vse of all professions, the way of compendious writing. Wherevnto is annexed a very easie direction for stegan'ographie, or, secret writing. London: W. White for Cuthbert Burbie, 1602.</p0826-teimww:edition>
    <p0826-teimww:hasLanguage knoraType="richtext_value">English</p0826-teimww:hasLanguage>
    <p0826-teimww:isWrittenBy>
      <p0826-teimww:person knoraType="link_value" linkType="ref" target="ww_5eda50e71c74828b"/>
    </p0826-teimww:isWrittenBy>
    <p0826-teimww:publishDate knoraType="date_value">GREGORIAN:1602:1602</p0826-teimww:publishDate>
    <p0826-teimww:title knoraType="richtext_value">The Art of Stenography</p0826-teimww:title>
  </p0826-teimww:book>
  <p0826-teimww:book id="ww_841e89ba43cd414c">
    <knoraXmlImport:label>The Broken Heart</knoraXmlImport:label>
    <p0826-teimww:bookInternalId knoraType="richtext_value">@005247</p0826-teimww:bookInternalId>
    <p0826-teimww:edition knoraType="richtext_value">ed. John Ford. The Broken Heart. Manchester: Manchester University Press, 1980.</p0826-teimww:edition>
    <p0826-teimww:isWrittenBy>
      <p0826-teimww:person knoraType="link_value" linkType="ref" target="ww_db0f93eb54e77e5f"/>
    </p0826-teimww:isWrittenBy>
    <p0826-teimww:title knoraType="richtext_value">The Broken Heart (Spencer edition)</p0826-teimww:title>
  </p0826-teimww:book>
  <p0826-teimww:book id="ww_b34835e3d62ac277">
    <knoraXmlImport:label>A Woman Killed w</knoraXmlImport:label>
    <p0826-teimww:bookInternalId knoraType="richtext_value">@001393</p0826-teimww:bookInternalId>
    <p0826-teimww:createdDate knoraType="date_value">GREGORIAN:1603:1603</p0826-teimww:createdDate>
    <p0826-teimww:edition knoraType="richtext_value">A Woman Kilde with Kindnesse. London: William Iaggard 1607.</p0826-teimww:edition>
    <p0826-teimww:hasLanguage knoraType="richtext_value">English</p0826-teimww:hasLanguage>
    <p0826-teimww:isWrittenBy>
      <p0826-teimww:person knoraType="link_value" linkType="ref" target="ww_f10aec8cfe5ff90d"/>
    </p0826-teimww:isWrittenBy>
    <p0826-teimww:publishDate knoraType="date_value">GREGORIAN:1603:1603</p0826-teimww:publishDate>
    <p0826-teimww:title knoraType="richtext_value">A Woman Killed with Kindness</p0826-teimww:title>
  </p0826-teimww:book>
  <p0826-teimww:book id="ww_227cc36a19286ccd">
    <knoraXmlImport:label>Early Responses </knoraXmlImport:label>
    <p0826-teimww:bookInternalId knoraType="richtext_value">@010023</p0826-teimww:bookInternalId>
    <p0826-teimww:edition knoraType="richtext_value">Early Responses to Renaissance Drama. Cambridge: Cambridge University Press, 2006.</p0826-teimww:edition>
    <p0826-teimww:isWrittenBy>
      <p0826-teimww:person knoraType="link_value" linkType="ref" target="ww_4491e2ccf9b5d7e6"/>
    </p0826-teimww:isWrittenBy>
    <p0826-teimww:title knoraType="richtext_value">Early Responses to Renaissance Drama</p0826-teimww:title>
  </p0826-teimww:book>
  <p0826-teimww:book id="ww_c06d85b9feeb268d">
    <knoraXmlImport:label>If you knovv not</knoraXmlImport:label>
    <p0826-teimww:bookInternalId knoraType="richtext_value">@001427</p0826-teimww:bookInternalId>
    <p0826-teimww:createdDate knoraType="date_value">GREGORIAN:1604:1604</p0826-teimww:createdDate>
    <p0826-teimww:edition knoraType="richtext_value">The Dramatic Works of Thomas Heywood, now First Collected with Illustrative Notes and a Memoir of the Author. 6 vols. London: John Pearson, 1874. Vol. 1, 189-351.</p0826-teimww:edition>
    <p0826-teimww:hasLanguage knoraType="richtext_value">English</p0826-teimww:hasLanguage>
    <p0826-teimww:isWrittenBy>
      <p0826-teimww:person knoraType="link_value" linkType="ref" target="ww_f10aec8cfe5ff90d"/>
    </p0826-teimww:isWrittenBy>
    <p0826-teimww:publishDate knoraType="date_value">GREGORIAN:1604:1604</p0826-teimww:publishDate>
    <p0826-teimww:title knoraType="richtext_value">If you knovv not me, You know no bodie: Or, The troubles of Queene Elizabeth</p0826-teimww:title>
  </p0826-teimww:book>
  <p0826-teimww:book id="ww_a35a3cb321dd9184">
    <knoraXmlImport:label>[Induction to] T</knoraXmlImport:label>
    <p0826-teimww:bookInternalId knoraType="richtext_value">@005277</p0826-teimww:bookInternalId>
    <p0826-teimww:createdDate knoraType="date_value">GREGORIAN:1604:1604</p0826-teimww:createdDate>
    <p0826-teimww:edition knoraType="richtext_value">The Plays of John Marston in Three Volumes. Ed. H. Harvey Wood. Edinburgh and London: Oliver and Boyd, 1934-1939. 1:135-218.</p0826-teimww:edition>
    <p0826-teimww:hasLanguage knoraType="richtext_value">English</p0826-teimww:hasLanguage>
    <p0826-teimww:isWrittenBy>
      <p0826-teimww:person knoraType="link_value" linkType="ref" target="ww_9594c85bc48d3759"/>
    </p0826-teimww:isWrittenBy>
    <p0826-teimww:publishDate knoraType="date_value">GREGORIAN:1604:1604</p0826-teimww:publishDate>
    <p0826-teimww:title knoraType="richtext_value">[Induction to] The Malcontent</p0826-teimww:title>
  </p0826-teimww:book>
  <p0826-teimww:book id="ww_e438bc643f05e9c6">
    <knoraXmlImport:label>Michaelmas Term</knoraXmlImport:label>
    <p0826-teimww:bookInternalId knoraType="richtext_value">@001444</p0826-teimww:bookInternalId>
    <p0826-teimww:createdDate knoraType="date_value">GREGORIAN:1604:1604</p0826-teimww:createdDate>
    <p0826-teimww:edition knoraType="richtext_value">The Collected Works. Gen. eds. Gary Taylor and John Lavagnino. Oxford: Clarendon Press, 2007. 334-372.</p0826-teimww:edition>
    <p0826-teimww:hasLanguage knoraType="richtext_value">English</p0826-teimww:hasLanguage>
    <p0826-teimww:isWrittenBy>
      <p0826-teimww:person knoraType="link_value" linkType="ref" target="ww_c298754546b2500e"/>
    </p0826-teimww:isWrittenBy>
    <p0826-teimww:publishDate knoraType="date_value">GREGORIAN:1604:1604</p0826-teimww:publishDate>
    <p0826-teimww:title knoraType="richtext_value">Michaelmas Term</p0826-teimww:title>
  </p0826-teimww:book>
  <p0826-teimww:book id="ww_c8d3132c49ef7e45">
    <knoraXmlImport:label>A Trick to Catch</knoraXmlImport:label>
    <p0826-teimww:bookInternalId knoraType="richtext_value">@001467</p0826-teimww:bookInternalId>
    <p0826-teimww:createdDate knoraType="date_value">GREGORIAN:1605:1605</p0826-teimww:createdDate>
    <p0826-teimww:edition knoraType="richtext_value">The Collected Works. Gen. eds. Gary Taylor and John Lavagnino. Oxford: Clarendon Press, 2007. 377-413.</p0826-teimww:edition>
    <p0826-teimww:hasLanguage knoraType="richtext_value">English</p0826-teimww:hasLanguage>
    <p0826-teimww:isWrittenBy>
      <p0826-teimww:person knoraType="link_value" linkType="ref" target="ww_c298754546b2500e"/>
    </p0826-teimww:isWrittenBy>
    <p0826-teimww:publishDate knoraType="date_value">GREGORIAN:1605:1605</p0826-teimww:publishDate>
    <p0826-teimww:title knoraType="richtext_value">A Trick to Catch the Old One</p0826-teimww:title>
  </p0826-teimww:book>
  <p0826-teimww:book id="ww_d4412fbd862e35de">
    <knoraXmlImport:label>The Tragedy of M</knoraXmlImport:label>
    <p0826-teimww:bookInternalId knoraType="richtext_value">@001481</p0826-teimww:bookInternalId>
    <p0826-teimww:createdDate knoraType="date_value">GREGORIAN:1605:1605</p0826-teimww:createdDate>
    <p0826-teimww:edition knoraType="richtext_value">English Renaissance Drama: A Norton Anthology New York: Norton, 2002. 615-671.</p0826-teimww:edition>
    <p0826-teimww:hasLanguage knoraType="richtext_value">English</p0826-teimww:hasLanguage>
    <p0826-teimww:isWrittenBy>
      <p0826-teimww:person knoraType="link_value" linkType="ref" target="ww_a15d1ad784ef65c3"/>
    </p0826-teimww:isWrittenBy>
    <p0826-teimww:publishDate knoraType="date_value">GREGORIAN:1605:1605</p0826-teimww:publishDate>
    <p0826-teimww:title knoraType="richtext_value">The Tragedy of Mariam</p0826-teimww:title>
  </p0826-teimww:book>
  <p0826-teimww:book id="ww_256a0b26f23e3730">
    <knoraXmlImport:label>Death's Welcome</knoraXmlImport:label>
    <p0826-teimww:bookInternalId knoraType="richtext_value">@005582</p0826-teimww:bookInternalId>
    <p0826-teimww:createdDate knoraType="date_value">GREGORIAN:1605:1605</p0826-teimww:createdDate>
    <p0826-teimww:edition knoraType="richtext_value">"A Short and necessary Treatise, entituled: Deaths welcome." Two treatises the first, entituled, The foode of the faithfull. The second Deaths welcome. London: John Roberts for Geoffrey Chorltonm, 1605.</p0826-teimww:edition>
    <p0826-teimww:hasLanguage knoraType="richtext_value">English</p0826-teimww:hasLanguage>
    <p0826-teimww:isWrittenBy>
      <p0826-teimww:person knoraType="link_value" linkType="ref" target="ww_77b4cd08eebf6e6c"/>
    </p0826-teimww:isWrittenBy>
    <p0826-teimww:publishDate knoraType="date_value">GREGORIAN:1605:1605</p0826-teimww:publishDate>
    <p0826-teimww:title knoraType="richtext_value">Death's Welcome</p0826-teimww:title>
  </p0826-teimww:book>
  <p0826-teimww:book id="ww_cc822907a2bf276a">
    <knoraXmlImport:label>The Honest Whore</knoraXmlImport:label>
    <p0826-teimww:bookInternalId knoraType="richtext_value">@001459</p0826-teimww:bookInternalId>
    <p0826-teimww:createdDate knoraType="date_value">GREGORIAN:1605:1605</p0826-teimww:createdDate>
    <p0826-teimww:edition knoraType="richtext_value">The Dramatic Works of Thomas Dekker. Ed. F. Bowers. 4 vols. Cambridge: Cambridge University Press, 1953-1961. Vol. 2, 20-109.</p0826-teimww:edition>
    <p0826-teimww:hasLanguage knoraType="richtext_value">English</p0826-teimww:hasLanguage>
    <p0826-teimww:isWrittenBy>
      <p0826-teimww:person knoraType="link_value" linkType="ref" target="ww_c298754546b2500e"/>
    </p0826-teimww:isWrittenBy>
    <p0826-teimww:isWrittenBy>
      <p0826-teimww:person knoraType="link_value" linkType="ref" target="ww_87dbd52f1c5b813b"/>
    </p0826-teimww:isWrittenBy>
    <p0826-teimww:publishDate knoraType="date_value">GREGORIAN:1605:1605</p0826-teimww:publishDate>
    <p0826-teimww:title knoraType="richtext_value">The Honest Whore Part 2</p0826-teimww:title>
  </p0826-teimww:book>
  <p0826-teimww:book id="ww_81aaaefa494a8184">
    <knoraXmlImport:label>Marston, Rivalry</knoraXmlImport:label>
    <p0826-teimww:bookInternalId knoraType="richtext_value">@010098</p0826-teimww:bookInternalId>
    <p0826-teimww:edition knoraType="richtext_value">Marston, Rivalry, Rapprochement and Jonson. Aldershot: Ashgate, 2008.</p0826-teimww:edition>
    <p0826-teimww:isWrittenBy>
      <p0826-teimww:person knoraType="link_value" linkType="ref" target="ww_f5bf6503bd4e3d9b"/>
    </p0826-teimww:isWrittenBy>
    <p0826-teimww:title knoraType="richtext_value">Marston, Rivalry, Rapprochement and Jonson</p0826-teimww:title>
  </p0826-teimww:book>
  <p0826-teimww:book id="ww_c1f1bfbc9b90a99e">
    <knoraXmlImport:label>Every Woman in H</knoraXmlImport:label>
    <p0826-teimww:bookInternalId knoraType="richtext_value">@001532</p0826-teimww:bookInternalId>
    <p0826-teimww:createdDate knoraType="date_value">GREGORIAN:1607:1607</p0826-teimww:createdDate>
    <p0826-teimww:edition knoraType="richtext_value">Everie Woman in her Humor. London: Printed by E. A. for Thomas Archer 1609.</p0826-teimww:edition>
    <p0826-teimww:hasLanguage knoraType="richtext_value">English</p0826-teimww:hasLanguage>
    <p0826-teimww:isWrittenBy>
      <p0826-teimww:person knoraType="link_value" linkType="ref" target="ww_212c78497ddc32c5"/>
    </p0826-teimww:isWrittenBy>
    <p0826-teimww:publishDate knoraType="date_value">GREGORIAN:1607:1607</p0826-teimww:publishDate>
    <p0826-teimww:title knoraType="richtext_value">Every Woman in Her Humour</p0826-teimww:title>
  </p0826-teimww:book>
  <p0826-teimww:book id="ww_b862d16992c45442">
    <knoraXmlImport:label>The Whole Treati</knoraXmlImport:label>
    <p0826-teimww:bookInternalId knoraType="richtext_value">@005132</p0826-teimww:bookInternalId>
    <p0826-teimww:createdDate knoraType="date_value">GREGORIAN:1608:1608</p0826-teimww:createdDate>
    <p0826-teimww:edition knoraType="richtext_value">ed. William Perkins. The Whole Treatise of the Cases Of Conscience. Distinguished into Three Books. Taught and delivered by M. W. Perkins in his holiday Lectures, examined by his owne briefs, and published for the common good, by Thomas Pickering. London: John Legatt, 1617.</p0826-teimww:edition>
    <p0826-teimww:hasLanguage knoraType="richtext_value">English</p0826-teimww:hasLanguage>
    <p0826-teimww:isWrittenBy>
      <p0826-teimww:person knoraType="link_value" linkType="ref" target="ww_c62da289e0e58107"/>
    </p0826-teimww:isWrittenBy>
    <p0826-teimww:publishDate knoraType="date_value">GREGORIAN:1608:1608</p0826-teimww:publishDate>
    <p0826-teimww:title knoraType="richtext_value">The Whole Treatise of the Cases Of Conscience</p0826-teimww:title>
  </p0826-teimww:book>
  <p0826-teimww:book id="ww_130444632fa8c6c9">
    <knoraXmlImport:label>The coxcombe</knoraXmlImport:label>
    <p0826-teimww:bookInternalId knoraType="richtext_value">@001598</p0826-teimww:bookInternalId>
    <p0826-teimww:createdDate knoraType="date_value">GREGORIAN:1609:1609</p0826-teimww:createdDate>
    <p0826-teimww:edition knoraType="richtext_value">Comedies and Tragedies Written by Francis Beaumont and Iohn Fletcher [...]. Never printed before, And now published by the Authours Originall Copies. London: Humphrey Robinson and Humphrey Moseley, 1647.</p0826-teimww:edition>
    <p0826-teimww:hasLanguage knoraType="richtext_value">English</p0826-teimww:hasLanguage>
    <p0826-teimww:isWrittenBy>
      <p0826-teimww:person knoraType="link_value" linkType="ref" target="ww_ecd33a52caec339f"/>
    </p0826-teimww:isWrittenBy>
    <p0826-teimww:isWrittenBy>
      <p0826-teimww:person knoraType="link_value" linkType="ref" target="ww_3cc0cce5b6bf554a"/>
    </p0826-teimww:isWrittenBy>
    <p0826-teimww:publishDate knoraType="date_value">GREGORIAN:1609:1609</p0826-teimww:publishDate>
    <p0826-teimww:title knoraType="richtext_value">The coxcombe</p0826-teimww:title>
  </p0826-teimww:book>
  <p0826-teimww:book id="ww_1e80f9a92e3a09cc">
    <knoraXmlImport:label>Epicoene</knoraXmlImport:label>
    <p0826-teimww:bookInternalId knoraType="richtext_value">@001603</p0826-teimww:bookInternalId>
    <p0826-teimww:createdDate knoraType="date_value">GREGORIAN:1610:1610</p0826-teimww:createdDate>
    <p0826-teimww:edition knoraType="richtext_value">The Workes of Beniamin Jonson. London: Will Stansby, 1616. 526-599.</p0826-teimww:edition>
    <p0826-teimww:hasLanguage knoraType="richtext_value">English</p0826-teimww:hasLanguage>
    <p0826-teimww:isWrittenBy>
      <p0826-teimww:person knoraType="link_value" linkType="ref" target="ww_9b2d545e20d62482"/>
    </p0826-teimww:isWrittenBy>
    <p0826-teimww:publishDate knoraType="date_value">GREGORIAN:1610:1610</p0826-teimww:publishDate>
    <p0826-teimww:title knoraType="richtext_value">Epicoene</p0826-teimww:title>
  </p0826-teimww:book>
  <p0826-teimww:book id="ww_78616e66e6b9adab">
    <knoraXmlImport:label>The Scornful Lad</knoraXmlImport:label>
    <p0826-teimww:bookInternalId knoraType="richtext_value">@001626</p0826-teimww:bookInternalId>
    <p0826-teimww:createdDate knoraType="date_value">GREGORIAN:1610:1610</p0826-teimww:createdDate>
    <p0826-teimww:edition knoraType="richtext_value">The Dramatic Works in the Beaumont and Fletcher Canon. Ed. F. Bowers. 10 vols. Cambridge: Cambridge University Press, 1970.</p0826-teimww:edition>
    <p0826-teimww:hasLanguage knoraType="richtext_value">English</p0826-teimww:hasLanguage>
    <p0826-teimww:isWrittenBy>
      <p0826-teimww:person knoraType="link_value" linkType="ref" target="ww_ecd33a52caec339f"/>
    </p0826-teimww:isWrittenBy>
    <p0826-teimww:isWrittenBy>
      <p0826-teimww:person knoraType="link_value" linkType="ref" target="ww_3cc0cce5b6bf554a"/>
    </p0826-teimww:isWrittenBy>
    <p0826-teimww:publishDate knoraType="date_value">GREGORIAN:1610:1610</p0826-teimww:publishDate>
    <p0826-teimww:title knoraType="richtext_value">The Scornful Ladie</p0826-teimww:title>
  </p0826-teimww:book>
  <p0826-teimww:book id="ww_c94b6adc809cb229">
    <knoraXmlImport:label>A Christian Turn</knoraXmlImport:label>
    <p0826-teimww:bookInternalId knoraType="richtext_value">@001642</p0826-teimww:bookInternalId>
    <p0826-teimww:createdDate knoraType="date_value">GREGORIAN:1611:1611</p0826-teimww:createdDate>
    <p0826-teimww:edition knoraType="richtext_value">A Christian turn'd Turke. Or, The tragicall liues and deaths of the two famous pyrates, Ward and Dansiker [...]. London: Nicholas Okes, 1612.</p0826-teimww:edition>
    <p0826-teimww:hasLanguage knoraType="richtext_value">English</p0826-teimww:hasLanguage>
    <p0826-teimww:isWrittenBy>
      <p0826-teimww:person knoraType="link_value" linkType="ref" target="ww_ba2bed49492fef13"/>
    </p0826-teimww:isWrittenBy>
    <p0826-teimww:publishDate knoraType="date_value">GREGORIAN:1611:1611</p0826-teimww:publishDate>
    <p0826-teimww:title knoraType="richtext_value">A Christian Turned Turk</p0826-teimww:title>
  </p0826-teimww:book>
  <p0826-teimww:book id="ww_580eeaca92b9d6d8">
    <knoraXmlImport:label>Hiren and the Fa</knoraXmlImport:label>
    <p0826-teimww:bookInternalId knoraType="richtext_value">@005613</p0826-teimww:bookInternalId>
    <p0826-teimww:createdDate knoraType="date_value">GREGORIAN:1611:1611</p0826-teimww:createdDate>
    <p0826-teimww:edition knoraType="richtext_value">Hiren or The Fair Greek.</p0826-teimww:edition>
    <p0826-teimww:hasLanguage knoraType="richtext_value">English</p0826-teimww:hasLanguage>
    <p0826-teimww:isWrittenBy>
      <p0826-teimww:person knoraType="link_value" linkType="ref" target="ww_4165dddf64bc6da3"/>
    </p0826-teimww:isWrittenBy>
    <p0826-teimww:publishDate knoraType="date_value">GREGORIAN:1611:1611</p0826-teimww:publishDate>
    <p0826-teimww:title knoraType="richtext_value">Hiren and the Fair Greek</p0826-teimww:title>
  </p0826-teimww:book>
  <p0826-teimww:book id="ww_853fbe2469df3cb4">
    <knoraXmlImport:label>The Honest Mans </knoraXmlImport:label>
    <p0826-teimww:bookInternalId knoraType="richtext_value">@001719</p0826-teimww:bookInternalId>
    <p0826-teimww:createdDate knoraType="date_value">GREGORIAN:1613:1613</p0826-teimww:createdDate>
    <p0826-teimww:edition knoraType="richtext_value">The honest man's fortune. London: for Humphrey Robinson 1647.</p0826-teimww:edition>
    <p0826-teimww:hasLanguage knoraType="richtext_value">English</p0826-teimww:hasLanguage>
    <p0826-teimww:isWrittenBy>
      <p0826-teimww:person knoraType="link_value" linkType="ref" target="ww_cbc2c3284144573a"/>
    </p0826-teimww:isWrittenBy>
    <p0826-teimww:isWrittenBy>
      <p0826-teimww:person knoraType="link_value" linkType="ref" target="ww_ba2bed49492fef13"/>
    </p0826-teimww:isWrittenBy>
    <p0826-teimww:isWrittenBy>
      <p0826-teimww:person knoraType="link_value" linkType="ref" target="ww_3cc0cce5b6bf554a"/>
    </p0826-teimww:isWrittenBy>
    <p0826-teimww:isWrittenBy>
      <p0826-teimww:person knoraType="link_value" linkType="ref" target="ww_8926bbeaa7c56023"/>
    </p0826-teimww:isWrittenBy>
    <p0826-teimww:publishDate knoraType="date_value">GREGORIAN:1613:1613</p0826-teimww:publishDate>
    <p0826-teimww:title knoraType="richtext_value">The Honest Mans Fortune</p0826-teimww:title>
  </p0826-teimww:book>
  <p0826-teimww:book id="ww_1a758b01f866d758">
    <knoraXmlImport:label>A Discourse of M</knoraXmlImport:label>
    <p0826-teimww:bookInternalId knoraType="richtext_value">@005117</p0826-teimww:bookInternalId>
    <p0826-teimww:createdDate knoraType="date_value">GREGORIAN:1615:1615</p0826-teimww:createdDate>
    <p0826-teimww:edition knoraType="richtext_value">A Discourse of Marriage And Wiving and of the greatest Mystery therein contained: How to chuse a good Wife from a bad. London: G. Eld for Leonard Becket, 1620. N.p. [normalized spelling].</p0826-teimww:edition>
    <p0826-teimww:hasLanguage knoraType="richtext_value">English</p0826-teimww:hasLanguage>
    <p0826-teimww:isWrittenBy>
      <p0826-teimww:person knoraType="link_value" linkType="ref" target="ww_e677b0c54662da19"/>
    </p0826-teimww:isWrittenBy>
    <p0826-teimww:publishDate knoraType="date_value">GREGORIAN:1615:1615</p0826-teimww:publishDate>
    <p0826-teimww:title knoraType="richtext_value">A Discourse of Marriage and Wiving</p0826-teimww:title>
  </p0826-teimww:book>
  <p0826-teimww:book id="ww_906c0b694038ccee">
    <knoraXmlImport:label>A Shoemaker a Ge</knoraXmlImport:label>
    <p0826-teimww:bookInternalId knoraType="richtext_value">@001868</p0826-teimww:bookInternalId>
    <p0826-teimww:createdDate knoraType="date_value">GREGORIAN:1618:1618</p0826-teimww:createdDate>
    <p0826-teimww:edition knoraType="richtext_value">A Shoo-maker a Gentleman. A Merrie and Pleasant Comedy. As it hath beene sundry Times Acted at the Red Bull and other Theaters, with a generall and good Applause. London: I. Okes 1638.</p0826-teimww:edition>
    <p0826-teimww:hasLanguage knoraType="richtext_value">English</p0826-teimww:hasLanguage>
    <p0826-teimww:isWrittenBy>
      <p0826-teimww:person knoraType="link_value" linkType="ref" target="ww_5cb3d6fa23800e74"/>
    </p0826-teimww:isWrittenBy>
    <p0826-teimww:publishDate knoraType="date_value">GREGORIAN:1618:1618</p0826-teimww:publishDate>
    <p0826-teimww:title knoraType="richtext_value">A Shoemaker a Gentleman</p0826-teimww:title>
  </p0826-teimww:book>
  <p0826-teimww:book id="ww_c385ab8330981bbe">
    <knoraXmlImport:label>Memento to Morta</knoraXmlImport:label>
    <p0826-teimww:bookInternalId knoraType="richtext_value">@005007</p0826-teimww:bookInternalId>
    <p0826-teimww:createdDate knoraType="date_value">GREGORIAN:1619:1619</p0826-teimww:createdDate>
    <p0826-teimww:edition knoraType="richtext_value">A helpe to discourse. Or, A miscelany of merriment Consisting of wittie, philosophical and astronomicall questions and answers. As also, of epigrams, epitaphs, riddles, and iests [...]. London: Bernard Alsop for Leonard Becket, 1619. 187-190.</p0826-teimww:edition>
    <p0826-teimww:hasLanguage knoraType="richtext_value">English</p0826-teimww:hasLanguage>
    <p0826-teimww:isWrittenBy>
      <p0826-teimww:person knoraType="link_value" linkType="ref" target="ww_39384a524a7bafbe"/>
    </p0826-teimww:isWrittenBy>
    <p0826-teimww:isWrittenBy>
      <p0826-teimww:person knoraType="link_value" linkType="ref" target="ww_060fb51fdafb3cc5"/>
    </p0826-teimww:isWrittenBy>
    <p0826-teimww:isWrittenBy>
      <p0826-teimww:person knoraType="link_value" linkType="ref" target="ww_02a32352c63afb30"/>
    </p0826-teimww:isWrittenBy>
    <p0826-teimww:publishDate knoraType="date_value">GREGORIAN:1619:1619</p0826-teimww:publishDate>
    <p0826-teimww:title knoraType="richtext_value">Memento to Mortalitie</p0826-teimww:title>
  </p0826-teimww:book>
  <p0826-teimww:book id="ww_592f491781fff319">
    <knoraXmlImport:label>Orestes</knoraXmlImport:label>
    <p0826-teimww:bookInternalId knoraType="richtext_value">@001929</p0826-teimww:bookInternalId>
    <p0826-teimww:createdDate knoraType="date_value">GREGORIAN:1620:1620</p0826-teimww:createdDate>
    <p0826-teimww:edition knoraType="richtext_value">The Tragedy of Orestes. Written by Thomas Goffe [...] and Acted by the Stvdents of the same Hovse. London: I. B. for Richard Meighen, 1633.</p0826-teimww:edition>
    <p0826-teimww:hasLanguage knoraType="richtext_value">English</p0826-teimww:hasLanguage>
    <p0826-teimww:isWrittenBy>
      <p0826-teimww:person knoraType="link_value" linkType="ref" target="ww_ef3a38fd3962bb10"/>
    </p0826-teimww:isWrittenBy>
    <p0826-teimww:publishDate knoraType="date_value">GREGORIAN:1620:1620</p0826-teimww:publishDate>
    <p0826-teimww:title knoraType="richtext_value">Orestes</p0826-teimww:title>
  </p0826-teimww:book>
  <p0826-teimww:book id="ww_9cef169b0b560107">
    <knoraXmlImport:label>The Nice Valour,</knoraXmlImport:label>
    <p0826-teimww:bookInternalId knoraType="richtext_value">@002023</p0826-teimww:bookInternalId>
    <p0826-teimww:createdDate knoraType="date_value">GREGORIAN:1622:1622</p0826-teimww:createdDate>
    <p0826-teimww:edition knoraType="richtext_value">The Collected Works. Gen. eds. Gary Taylor and John Lavagnino. Oxford: Clarendon Press, 2007. 1683-1713.</p0826-teimww:edition>
    <p0826-teimww:hasLanguage knoraType="richtext_value">English</p0826-teimww:hasLanguage>
    <p0826-teimww:isWrittenBy>
      <p0826-teimww:person knoraType="link_value" linkType="ref" target="ww_3cc0cce5b6bf554a"/>
    </p0826-teimww:isWrittenBy>
    <p0826-teimww:isWrittenBy>
      <p0826-teimww:person knoraType="link_value" linkType="ref" target="ww_c298754546b2500e"/>
    </p0826-teimww:isWrittenBy>
    <p0826-teimww:publishDate knoraType="date_value">GREGORIAN:1622:1622</p0826-teimww:publishDate>
    <p0826-teimww:title knoraType="richtext_value">The Nice Valour, or the Passionate Madman</p0826-teimww:title>
  </p0826-teimww:book>
  <p0826-teimww:book id="ww_ba33ed8c6b004bed">
    <knoraXmlImport:label>The Sea Voyage</knoraXmlImport:label>
    <p0826-teimww:bookInternalId knoraType="richtext_value">@002020</p0826-teimww:bookInternalId>
    <p0826-teimww:createdDate knoraType="date_value">GREGORIAN:1622:1622</p0826-teimww:createdDate>
    <p0826-teimww:edition knoraType="richtext_value">Comedies and Tragedies Written by Francis Beaumont and Iohn Fletcher ... Never printed before, And now published by the Authours Originall Copies. London: H. Robinson and H. Moseley 1647.</p0826-teimww:edition>
    <p0826-teimww:hasLanguage knoraType="richtext_value">English</p0826-teimww:hasLanguage>
    <p0826-teimww:isWrittenBy>
      <p0826-teimww:person knoraType="link_value" linkType="ref" target="ww_cbc2c3284144573a"/>
    </p0826-teimww:isWrittenBy>
    <p0826-teimww:isWrittenBy>
      <p0826-teimww:person knoraType="link_value" linkType="ref" target="ww_3cc0cce5b6bf554a"/>
    </p0826-teimww:isWrittenBy>
    <p0826-teimww:publishDate knoraType="date_value">GREGORIAN:1622:1622</p0826-teimww:publishDate>
    <p0826-teimww:title knoraType="richtext_value">The Sea Voyage</p0826-teimww:title>
  </p0826-teimww:book>
  <p0826-teimww:book id="ww_c34a5f8646a015b0">
    <knoraXmlImport:label>The Lovers Melan</knoraXmlImport:label>
    <p0826-teimww:bookInternalId knoraType="richtext_value">@002259</p0826-teimww:bookInternalId>
    <p0826-teimww:createdDate knoraType="date_value">GREGORIAN:1628:1628</p0826-teimww:createdDate>
    <p0826-teimww:edition knoraType="richtext_value">The Lovers Melancholy. Acted at the private house in Blacke Friers, and publickely at the Globe by the Kings Maiesties Seruants. London: H. Seile 1629.</p0826-teimww:edition>
    <p0826-teimww:hasLanguage knoraType="richtext_value">English</p0826-teimww:hasLanguage>
    <p0826-teimww:isWrittenBy>
      <p0826-teimww:person knoraType="link_value" linkType="ref" target="ww_c1c75e8b202bbbee"/>
    </p0826-teimww:isWrittenBy>
    <p0826-teimww:publishDate knoraType="date_value">GREGORIAN:1628:1628</p0826-teimww:publishDate>
    <p0826-teimww:title knoraType="richtext_value">The Lovers Melancholy</p0826-teimww:title>
  </p0826-teimww:book>
  <p0826-teimww:book id="ww_2fef8cbb19898a1d">
    <knoraXmlImport:label>The Witty Fair O</knoraXmlImport:label>
    <p0826-teimww:bookInternalId knoraType="richtext_value">@002251</p0826-teimww:bookInternalId>
    <p0826-teimww:createdDate knoraType="date_value">GREGORIAN:1628:1628</p0826-teimww:createdDate>
    <p0826-teimww:edition knoraType="richtext_value">The Wittie Faire One. A Comedie. As it was presented at the Private House in Drvry Lane. By her Maiesties Servants. London: B. A. and T. F. for Wil. Cooke 1633.</p0826-teimww:edition>
    <p0826-teimww:hasLanguage knoraType="richtext_value">English</p0826-teimww:hasLanguage>
    <p0826-teimww:isWrittenBy>
      <p0826-teimww:person knoraType="link_value" linkType="ref" target="ww_68dae2dd3ee5eaa3"/>
    </p0826-teimww:isWrittenBy>
    <p0826-teimww:publishDate knoraType="date_value">GREGORIAN:1628:1628</p0826-teimww:publishDate>
    <p0826-teimww:title knoraType="richtext_value">The Witty Fair One</p0826-teimww:title>
  </p0826-teimww:book>
  <p0826-teimww:book id="ww_130e7e0e3430594d">
    <knoraXmlImport:label>The Broken Heart</knoraXmlImport:label>
    <p0826-teimww:bookInternalId knoraType="richtext_value">@002281</p0826-teimww:bookInternalId>
    <p0826-teimww:createdDate knoraType="date_value">GREGORIAN:1629:1629</p0826-teimww:createdDate>
    <p0826-teimww:edition knoraType="richtext_value">The Broken Heart. Ed. T.J.B. Spencer. Manchester: Manchester University Press, 1980.</p0826-teimww:edition>
    <p0826-teimww:hasLanguage knoraType="richtext_value">English</p0826-teimww:hasLanguage>
    <p0826-teimww:isWrittenBy>
      <p0826-teimww:person knoraType="link_value" linkType="ref" target="ww_c1c75e8b202bbbee"/>
    </p0826-teimww:isWrittenBy>
    <p0826-teimww:publishDate knoraType="date_value">GREGORIAN:1629:1629</p0826-teimww:publishDate>
    <p0826-teimww:title knoraType="richtext_value">The Broken Heart</p0826-teimww:title>
  </p0826-teimww:book>
  <p0826-teimww:book id="ww_9ffbafacac4416c9">
    <knoraXmlImport:label>The Jews Tragedy</knoraXmlImport:label>
    <p0826-teimww:bookInternalId knoraType="richtext_value">@002268</p0826-teimww:bookInternalId>
    <p0826-teimww:createdDate knoraType="date_value">GREGORIAN:1629:1629</p0826-teimww:createdDate>
    <p0826-teimww:edition knoraType="richtext_value">The Jewes tragedy. Or, Their fatal and final overthrow by Vespatian and Titus, his son agreeable to the authentick and famous history of Josephus [...]. London: Matthew Inman, 1662.</p0826-teimww:edition>
    <p0826-teimww:hasLanguage knoraType="richtext_value">English</p0826-teimww:hasLanguage>
    <p0826-teimww:isWrittenBy>
      <p0826-teimww:person knoraType="link_value" linkType="ref" target="ww_e97f8919dc99b209"/>
    </p0826-teimww:isWrittenBy>
    <p0826-teimww:publishDate knoraType="date_value">GREGORIAN:1629:1629</p0826-teimww:publishDate>
    <p0826-teimww:title knoraType="richtext_value">The Jews Tragedy</p0826-teimww:title>
  </p0826-teimww:book>
  <p0826-teimww:book id="ww_ada3895646f810c7">
    <knoraXmlImport:label>The New Inn</knoraXmlImport:label>
    <p0826-teimww:bookInternalId knoraType="richtext_value">@002263</p0826-teimww:bookInternalId>
    <p0826-teimww:createdDate knoraType="date_value">GREGORIAN:1629:1629</p0826-teimww:createdDate>
    <p0826-teimww:edition knoraType="richtext_value">The new inne. Or, The light Heart. A comoedy. As it was neuer acted, but most negligently play'd, by some, the Kings Seruants [...]. London: N.p., 1631.</p0826-teimww:edition>
    <p0826-teimww:hasLanguage knoraType="richtext_value">English</p0826-teimww:hasLanguage>
    <p0826-teimww:isWrittenBy>
      <p0826-teimww:person knoraType="link_value" linkType="ref" target="ww_9b2d545e20d62482"/>
    </p0826-teimww:isWrittenBy>
    <p0826-teimww:publishDate knoraType="date_value">GREGORIAN:1629:1629</p0826-teimww:publishDate>
    <p0826-teimww:title knoraType="richtext_value">The New Inn</p0826-teimww:title>
  </p0826-teimww:book>
  <p0826-teimww:book id="ww_0124cc8bb8f88f65">
    <knoraXmlImport:label>A Discovery of D</knoraXmlImport:label>
    <p0826-teimww:bookInternalId knoraType="richtext_value">@005609</p0826-teimww:bookInternalId>
    <p0826-teimww:createdDate knoraType="date_value">GREGORIAN:1631:1631</p0826-teimww:createdDate>
    <p0826-teimww:edition knoraType="richtext_value">A discovery of D. Jacksons vanitie, Or a perspective glasse, whereby the admirers of D. Jacksons profound discourses, may see the vanitie and weaknesse of them, in sundry passages, and especially so farre as they tende to the undermining of the doctrine hitherto received. Amsterdam: 1631.</p0826-teimww:edition>
    <p0826-teimww:hasLanguage knoraType="richtext_value">English</p0826-teimww:hasLanguage>
    <p0826-teimww:isWrittenBy>
      <p0826-teimww:person knoraType="link_value" linkType="ref" target="ww_3a8aed7d4df9e7de"/>
    </p0826-teimww:isWrittenBy>
    <p0826-teimww:publishDate knoraType="date_value">GREGORIAN:1631:1631</p0826-teimww:publishDate>
    <p0826-teimww:title knoraType="richtext_value">A Discovery of D Jacksons Vanity</p0826-teimww:title>
  </p0826-teimww:book>
  <p0826-teimww:book id="ww_503d95ad1db4cb83">
    <knoraXmlImport:label>Prayers Paradice</knoraXmlImport:label>
    <p0826-teimww:bookInternalId knoraType="richtext_value">@005597</p0826-teimww:bookInternalId>
    <p0826-teimww:createdDate knoraType="date_value">GREGORIAN:1632:1632</p0826-teimww:createdDate>
    <p0826-teimww:edition knoraType="richtext_value">Poems, Divine, Morall, and Satyricall. Quoted in Arthur Rowland Skemp. Nathanael Richards' tragedy of Messallina the Roman emperesse. Louvain: A. Uystpruyst,1910.</p0826-teimww:edition>
    <p0826-teimww:hasLanguage knoraType="richtext_value">English</p0826-teimww:hasLanguage>
    <p0826-teimww:isWrittenBy>
      <p0826-teimww:person knoraType="link_value" linkType="ref" target="ww_7179a7437437988e"/>
    </p0826-teimww:isWrittenBy>
    <p0826-teimww:publishDate knoraType="date_value">GREGORIAN:1632:1632</p0826-teimww:publishDate>
    <p0826-teimww:title knoraType="richtext_value">Prayers Paradice</p0826-teimww:title>
  </p0826-teimww:book>
  <p0826-teimww:book id="ww_6661b9f185ca42c1">
    <knoraXmlImport:label>The City Madam</knoraXmlImport:label>
    <p0826-teimww:bookInternalId knoraType="richtext_value">@002372</p0826-teimww:bookInternalId>
    <p0826-teimww:createdDate knoraType="date_value">GREGORIAN:1632:1632</p0826-teimww:createdDate>
    <p0826-teimww:edition knoraType="richtext_value">The City-Madam, A Comedie. As it was acted at the private House in Black Friers with great applause. London: Andrew Pennywicke 1658.</p0826-teimww:edition>
    <p0826-teimww:hasLanguage knoraType="richtext_value">English</p0826-teimww:hasLanguage>
    <p0826-teimww:isWrittenBy>
      <p0826-teimww:person knoraType="link_value" linkType="ref" target="ww_cbc2c3284144573a"/>
    </p0826-teimww:isWrittenBy>
    <p0826-teimww:publishDate knoraType="date_value">GREGORIAN:1632:1632</p0826-teimww:publishDate>
    <p0826-teimww:title knoraType="richtext_value">The City Madam</p0826-teimww:title>
  </p0826-teimww:book>
  <p0826-teimww:book id="ww_8507a0ad9e67f1a4">
    <knoraXmlImport:label>[Comus:] A Maske</knoraXmlImport:label>
    <p0826-teimww:bookInternalId knoraType="richtext_value">@002445</p0826-teimww:bookInternalId>
    <p0826-teimww:createdDate knoraType="date_value">GREGORIAN:1634:1634</p0826-teimww:createdDate>
    <p0826-teimww:edition knoraType="richtext_value">The Poetical Works of John Milton. Ed. Helen Darbishire. 2 vols. Oxford: Clarendon Press, 1955. Vol. 2, 171-203.</p0826-teimww:edition>
    <p0826-teimww:hasLanguage knoraType="richtext_value">English</p0826-teimww:hasLanguage>
    <p0826-teimww:isWrittenBy>
      <p0826-teimww:person knoraType="link_value" linkType="ref" target="ww_4972531db9405dfc"/>
    </p0826-teimww:isWrittenBy>
    <p0826-teimww:publishDate knoraType="date_value">GREGORIAN:1634:1634</p0826-teimww:publishDate>
    <p0826-teimww:title knoraType="richtext_value">[Comus:] A Maske Presented at Ludlow Castle</p0826-teimww:title>
  </p0826-teimww:book>
  <p0826-teimww:book id="ww_7a900ec81c04c54a">
    <knoraXmlImport:label>The Lady Mother</knoraXmlImport:label>
    <p0826-teimww:bookInternalId knoraType="richtext_value">@002516</p0826-teimww:bookInternalId>
    <p0826-teimww:createdDate knoraType="date_value">GREGORIAN:1635:1635</p0826-teimww:createdDate>
    <p0826-teimww:edition knoraType="richtext_value">The Lady Mother. Oxford: Oxford University Press, 1958.</p0826-teimww:edition>
    <p0826-teimww:hasLanguage knoraType="richtext_value">English</p0826-teimww:hasLanguage>
    <p0826-teimww:isWrittenBy>
      <p0826-teimww:person knoraType="link_value" linkType="ref" target="ww_6f4a80592c6c793c"/>
    </p0826-teimww:isWrittenBy>
    <p0826-teimww:publishDate knoraType="date_value">GREGORIAN:1635:1635</p0826-teimww:publishDate>
    <p0826-teimww:title knoraType="richtext_value">The Lady Mother</p0826-teimww:title>
  </p0826-teimww:book>
  <p0826-teimww:book id="ww_0a299f4a7aded36a">
    <knoraXmlImport:label>Fictions of Coll</knoraXmlImport:label>
    <p0826-teimww:bookInternalId knoraType="richtext_value">@010096</p0826-teimww:bookInternalId>
    <p0826-teimww:edition knoraType="richtext_value">Medieval and Early Modern Authorship. Eds. G. Bolens and Lukas Erne. Tübingen: Gunter Narr, 2011. 175-198.</p0826-teimww:edition>
    <p0826-teimww:isWrittenBy>
      <p0826-teimww:person knoraType="link_value" linkType="ref" target="ww_d031de8fd298348b"/>
    </p0826-teimww:isWrittenBy>
    <p0826-teimww:title knoraType="richtext_value">Fictions of Collaboration: Authors and Editors in the Sixteenth Century</p0826-teimww:title>
  </p0826-teimww:book>
  <p0826-teimww:book id="ww_dae5dcd8a7fc9bcd">
    <knoraXmlImport:label>The Hierarchy of</knoraXmlImport:label>
    <p0826-teimww:bookInternalId knoraType="richtext_value">@005595</p0826-teimww:bookInternalId>
    <p0826-teimww:createdDate knoraType="date_value">GREGORIAN:1635:1635</p0826-teimww:createdDate>
    <p0826-teimww:edition knoraType="richtext_value">The hierarchie of the blessed angells Their names, orders and offices the fall of Lucifer with his angells [...]. London: Adam Islip, 1635.</p0826-teimww:edition>
    <p0826-teimww:hasLanguage knoraType="richtext_value">English</p0826-teimww:hasLanguage>
    <p0826-teimww:isWrittenBy>
      <p0826-teimww:person knoraType="link_value" linkType="ref" target="ww_f10aec8cfe5ff90d"/>
    </p0826-teimww:isWrittenBy>
    <p0826-teimww:publishDate knoraType="date_value">GREGORIAN:1635:1635</p0826-teimww:publishDate>
    <p0826-teimww:title knoraType="richtext_value">The Hierarchy of the Blessed Angels</p0826-teimww:title>
  </p0826-teimww:book>
  <p0826-teimww:book id="ww_e0f93a0d9ae8bb84">
    <knoraXmlImport:label>The Fancies</knoraXmlImport:label>
    <p0826-teimww:bookInternalId knoraType="richtext_value">@002528</p0826-teimww:bookInternalId>
    <p0826-teimww:createdDate knoraType="date_value">GREGORIAN:1636:1636</p0826-teimww:createdDate>
    <p0826-teimww:edition knoraType="richtext_value">The Fancies Chast and Noble. Presented By The Queenes Maiesties Servants, At the Phoenix in Drury-lane. London: E. P. for Henry Seile 1638.</p0826-teimww:edition>
    <p0826-teimww:hasLanguage knoraType="richtext_value">English</p0826-teimww:hasLanguage>
    <p0826-teimww:isWrittenBy>
      <p0826-teimww:person knoraType="link_value" linkType="ref" target="ww_c1c75e8b202bbbee"/>
    </p0826-teimww:isWrittenBy>
    <p0826-teimww:publishDate knoraType="date_value">GREGORIAN:1636:1636</p0826-teimww:publishDate>
    <p0826-teimww:title knoraType="richtext_value">The Fancies</p0826-teimww:title>
  </p0826-teimww:book>
  <p0826-teimww:book id="ww_af544de913b0885b">
    <knoraXmlImport:label>Aglaura</knoraXmlImport:label>
    <p0826-teimww:bookInternalId knoraType="richtext_value">@002567</p0826-teimww:bookInternalId>
    <p0826-teimww:createdDate knoraType="date_value">GREGORIAN:1637:1637</p0826-teimww:createdDate>
    <p0826-teimww:edition knoraType="richtext_value">Aglaura. London: John Haviland for Thomas Wackley, 1638.</p0826-teimww:edition>
    <p0826-teimww:hasLanguage knoraType="richtext_value">English</p0826-teimww:hasLanguage>
    <p0826-teimww:isWrittenBy>
      <p0826-teimww:person knoraType="link_value" linkType="ref" target="ww_bae7c2e690c9caaa"/>
    </p0826-teimww:isWrittenBy>
    <p0826-teimww:publishDate knoraType="date_value">GREGORIAN:1637:1637</p0826-teimww:publishDate>
    <p0826-teimww:title knoraType="richtext_value">Aglaura</p0826-teimww:title>
  </p0826-teimww:book>
  <p0826-teimww:book id="ww_36728f124fde1a07">
    <knoraXmlImport:label>Religio Medici</knoraXmlImport:label>
    <p0826-teimww:bookInternalId knoraType="richtext_value">@005559</p0826-teimww:bookInternalId>
    <p0826-teimww:createdDate knoraType="date_value">GREGORIAN:1642:1642</p0826-teimww:createdDate>
    <p0826-teimww:edition knoraType="richtext_value">The Works of Sir Thomas Browne. Ed. Geoffrey Keynes. 4 vols. London: Faber and Faber, 1964; Vol. 1, 1-93.</p0826-teimww:edition>
    <p0826-teimww:hasLanguage knoraType="richtext_value">English</p0826-teimww:hasLanguage>
    <p0826-teimww:isWrittenBy>
      <p0826-teimww:person knoraType="link_value" linkType="ref" target="ww_04599c8d5b7e6be6"/>
    </p0826-teimww:isWrittenBy>
    <p0826-teimww:publishDate knoraType="date_value">GREGORIAN:1642:1642</p0826-teimww:publishDate>
    <p0826-teimww:title knoraType="richtext_value">Religio Medici</p0826-teimww:title>
  </p0826-teimww:book>
  <p0826-teimww:book id="ww_19945219a7c5599a">
    <knoraXmlImport:label>The Famous Trage</knoraXmlImport:label>
    <p0826-teimww:bookInternalId knoraType="richtext_value">@005171</p0826-teimww:bookInternalId>
    <p0826-teimww:createdDate knoraType="date_value">GREGORIAN:1649:1649</p0826-teimww:createdDate>
    <p0826-teimww:edition knoraType="richtext_value">The Famous Tragedie of King Charles I. In which is included, The several Combinations and machinations that brought that incomparable Prince to the Block, the overtures hapning at the famous Seige of Colchester, the Tragicall fals of Sir Charls Lucas and Sir George Lisle, the just reward of the Leveller Rainsborough, Hamilton and Bailies Trecheries, In delivering the late Scottish Army into the hands of Cromwell, and the designe the Rebels have, to destroy the Royal Posterity. London: N.p., 1649.</p0826-teimww:edition>
    <p0826-teimww:hasLanguage knoraType="richtext_value">English</p0826-teimww:hasLanguage>
    <p0826-teimww:isWrittenBy>
      <p0826-teimww:person knoraType="link_value" linkType="ref" target="ww_212c78497ddc32c5"/>
    </p0826-teimww:isWrittenBy>
    <p0826-teimww:publishDate knoraType="date_value">GREGORIAN:1649:1649</p0826-teimww:publishDate>
    <p0826-teimww:title knoraType="richtext_value">The Famous Tragedy of King Charles I</p0826-teimww:title>
  </p0826-teimww:book>
  <p0826-teimww:book id="ww_d97d76c6a1fac50d">
    <knoraXmlImport:label>Gondibert</knoraXmlImport:label>
    <p0826-teimww:bookInternalId knoraType="richtext_value">@005567</p0826-teimww:bookInternalId>
    <p0826-teimww:createdDate knoraType="date_value">GREGORIAN:1650:1650</p0826-teimww:createdDate>
    <p0826-teimww:edition knoraType="richtext_value">"Gondibert: An Heroick Poem written by Sir William D'Avenant." The works of Sir William Davenant. Consisting of Those which were formerly Printed, and Those which he design'd for the Press: Now published Out of the Authors Originall Copies. London: T. N, 1673. 31-77.</p0826-teimww:edition>
    <p0826-teimww:hasLanguage knoraType="richtext_value">English</p0826-teimww:hasLanguage>
    <p0826-teimww:isWrittenBy>
      <p0826-teimww:person knoraType="link_value" linkType="ref" target="ww_d8f1d08e1ca080b7"/>
    </p0826-teimww:isWrittenBy>
    <p0826-teimww:publishDate knoraType="date_value">GREGORIAN:1650:1650</p0826-teimww:publishDate>
    <p0826-teimww:title knoraType="richtext_value">Gondibert</p0826-teimww:title>
  </p0826-teimww:book>
  <p0826-teimww:book id="ww_79fe5ccacfa2bc91">
    <knoraXmlImport:label>The False Favour</knoraXmlImport:label>
    <p0826-teimww:bookInternalId knoraType="richtext_value">@015227</p0826-teimww:bookInternalId>
    <p0826-teimww:createdDate knoraType="date_value">GREGORIAN:1657:1657</p0826-teimww:createdDate>
    <p0826-teimww:edition knoraType="richtext_value">The False Favourit Disgrac'd. And, the Reward of Loyalty. A Tragi-Comedy [...]. London. William Wilson, for Robert Crofts, 1657.</p0826-teimww:edition>
    <p0826-teimww:hasLanguage knoraType="richtext_value">English</p0826-teimww:hasLanguage>
    <p0826-teimww:isWrittenBy>
      <p0826-teimww:person knoraType="link_value" linkType="ref" target="ww_5e2853e3f87f7ec9"/>
    </p0826-teimww:isWrittenBy>
    <p0826-teimww:publishDate knoraType="date_value">GREGORIAN:1657:1657</p0826-teimww:publishDate>
    <p0826-teimww:title knoraType="richtext_value">The False Favourite Disgraced</p0826-teimww:title>
  </p0826-teimww:book>
  <p0826-teimww:book id="ww_0b4c366e4e5bc9b9">
    <knoraXmlImport:label>A Fools Preferme</knoraXmlImport:label>
    <p0826-teimww:bookInternalId knoraType="richtext_value">@005138</p0826-teimww:bookInternalId>
    <p0826-teimww:createdDate knoraType="date_value">GREGORIAN:1688:1688</p0826-teimww:createdDate>
    <p0826-teimww:edition knoraType="richtext_value">A Fool's Preferment. Or, The Three Dukes of Dunstable. A Comedy. As it was Acted at the Queens Theatre in Dorset-Garden, by Their Majesties Servants. London: J. Knight [...], 1688.</p0826-teimww:edition>
    <p0826-teimww:hasLanguage knoraType="richtext_value">English</p0826-teimww:hasLanguage>
    <p0826-teimww:isWrittenBy>
      <p0826-teimww:person knoraType="link_value" linkType="ref" target="ww_b2f00cf3ae93a32b"/>
    </p0826-teimww:isWrittenBy>
    <p0826-teimww:publishDate knoraType="date_value">GREGORIAN:1688:1688</p0826-teimww:publishDate>
    <p0826-teimww:title knoraType="richtext_value">A Fools Preferment</p0826-teimww:title>
  </p0826-teimww:book>
  <p0826-teimww:book id="ww_31331c878f65b6f4">
    <knoraXmlImport:label>Adagia</knoraXmlImport:label>
    <p0826-teimww:bookInternalId knoraType="richtext_value">@005050</p0826-teimww:bookInternalId>
    <p0826-teimww:createdDate knoraType="date_value">GREGORIAN:1500:1536</p0826-teimww:createdDate>
    <p0826-teimww:edition knoraType="richtext_value">Collected Works of Erasmus. Ed. R. A. B. Mynors. Trans. Margaret Mann Phillips. 86 vols. Toronto et al.: University of Toronto Press, 1982. Vol. 31.</p0826-teimww:edition>
    <p0826-teimww:hasLanguage knoraType="richtext_value">Latin</p0826-teimww:hasLanguage>
    <p0826-teimww:isWrittenBy>
      <p0826-teimww:person knoraType="link_value" linkType="ref" target="ww_9a8e158285763a3c"/>
    </p0826-teimww:isWrittenBy>
    <p0826-teimww:publishDate knoraType="date_value">GREGORIAN:1500:1536</p0826-teimww:publishDate>
    <p0826-teimww:title knoraType="richtext_value">Adagia</p0826-teimww:title>
  </p0826-teimww:book>
  <p0826-teimww:book id="ww_c5e133e72906221d">
    <knoraXmlImport:label>Brevissima Insti</knoraXmlImport:label>
    <p0826-teimww:bookInternalId knoraType="richtext_value">@005654</p0826-teimww:bookInternalId>
    <p0826-teimww:createdDate knoraType="date_value">GREGORIAN:1510:1540</p0826-teimww:createdDate>
    <p0826-teimww:edition knoraType="richtext_value">Brevissima Institutio. 1540. Quoted in: Thomas Whitfield Baldwin. William Shakspere's Small Latine and Lesse Greeke. 2 vols. Urbana: University of Illinois Press, 1944.</p0826-teimww:edition>
    <p0826-teimww:hasLanguage knoraType="richtext_value">Latin</p0826-teimww:hasLanguage>
    <p0826-teimww:isWrittenBy>
      <p0826-teimww:person knoraType="link_value" linkType="ref" target="ww_2527046b014ff66d"/>
    </p0826-teimww:isWrittenBy>
    <p0826-teimww:isWrittenBy>
      <p0826-teimww:person knoraType="link_value" linkType="ref" target="ww_9a8e158285763a3c"/>
    </p0826-teimww:isWrittenBy>
    <p0826-teimww:isWrittenBy>
      <p0826-teimww:person knoraType="link_value" linkType="ref" target="ww_4f4a27981f1d2a14"/>
    </p0826-teimww:isWrittenBy>
    <p0826-teimww:publishDate knoraType="date_value">GREGORIAN:1510:1540</p0826-teimww:publishDate>
    <p0826-teimww:title knoraType="richtext_value">Brevissima Institutio</p0826-teimww:title>
  </p0826-teimww:book>
  <p0826-teimww:book id="ww_d1747dd42d4313ef">
    <knoraXmlImport:label>Zodiacus Vitae</knoraXmlImport:label>
    <p0826-teimww:bookInternalId knoraType="richtext_value">@005655</p0826-teimww:bookInternalId>
    <p0826-teimww:createdDate knoraType="date_value">GREGORIAN:1543:1543</p0826-teimww:createdDate>
    <p0826-teimww:edition knoraType="richtext_value">Zodiacus Vitae. Ed. Jacques Chomarat. Geneva: Librairie Droz, 1996.</p0826-teimww:edition>
    <p0826-teimww:hasLanguage knoraType="richtext_value">Latin</p0826-teimww:hasLanguage>
    <p0826-teimww:isWrittenBy>
      <p0826-teimww:person knoraType="link_value" linkType="ref" target="ww_25c5c5546d8e1395"/>
    </p0826-teimww:isWrittenBy>
    <p0826-teimww:publishDate knoraType="date_value">GREGORIAN:1543:1543</p0826-teimww:publishDate>
    <p0826-teimww:title knoraType="richtext_value">Zodiacus Vitae</p0826-teimww:title>
  </p0826-teimww:book>
  <p0826-teimww:book id="ww_d6460d7b7e7075d6">
    <knoraXmlImport:label>Linguae Latinae </knoraXmlImport:label>
    <p0826-teimww:bookInternalId knoraType="richtext_value">@005658</p0826-teimww:bookInternalId>
    <p0826-teimww:createdDate knoraType="date_value">GREGORIAN:1561:1561</p0826-teimww:createdDate>
    <p0826-teimww:edition knoraType="richtext_value">Lingvae Latinae Exercitatio. Antwerp, 1561.</p0826-teimww:edition>
    <p0826-teimww:hasLanguage knoraType="richtext_value">Latin</p0826-teimww:hasLanguage>
    <p0826-teimww:isWrittenBy>
      <p0826-teimww:person knoraType="link_value" linkType="ref" target="ww_35d1cd927a05d91f"/>
    </p0826-teimww:isWrittenBy>
    <p0826-teimww:publishDate knoraType="date_value">GREGORIAN:1561:1561</p0826-teimww:publishDate>
    <p0826-teimww:title knoraType="richtext_value">Linguae Latinae Exercitatio</p0826-teimww:title>
  </p0826-teimww:book>
  <p0826-teimww:book id="ww_2fa5a9bb2a67257a">
    <knoraXmlImport:label>The Homiletic Tr</knoraXmlImport:label>
    <p0826-teimww:bookInternalId knoraType="richtext_value">@010131</p0826-teimww:bookInternalId>
    <p0826-teimww:edition knoraType="richtext_value">Shakespeare Studies 5 (1966-1967): 72-87.</p0826-teimww:edition>
    <p0826-teimww:isWrittenBy>
      <p0826-teimww:person knoraType="link_value" linkType="ref" target="ww_d445647247f3f748"/>
    </p0826-teimww:isWrittenBy>
    <p0826-teimww:title knoraType="richtext_value">The Homiletic Tradition in Shakespeare's Plays</p0826-teimww:title>
  </p0826-teimww:book>
  <p0826-teimww:book id="ww_75159bf6f5fdb9bc">
    <knoraXmlImport:label>The Three Ladies</knoraXmlImport:label>
    <p0826-teimww:bookInternalId knoraType="richtext_value">@000700</p0826-teimww:bookInternalId>
    <p0826-teimww:createdDate knoraType="date_value">GREGORIAN:1581:1581</p0826-teimww:createdDate>
    <p0826-teimww:edition knoraType="richtext_value">A right excellent and famous Comoedy called the three Ladies of London. [...] London: Roger Warde 1584.</p0826-teimww:edition>
    <p0826-teimww:hasLanguage knoraType="richtext_value">English</p0826-teimww:hasLanguage>
    <p0826-teimww:isWrittenBy>
      <p0826-teimww:person knoraType="link_value" linkType="ref" target="ww_25e6fd889f1e2401"/>
    </p0826-teimww:isWrittenBy>
    <p0826-teimww:publishDate knoraType="date_value">GREGORIAN:1581:1581</p0826-teimww:publishDate>
    <p0826-teimww:title knoraType="richtext_value">The Three Ladies of London</p0826-teimww:title>
  </p0826-teimww:book>
  <p0826-teimww:book id="ww_16de53f169f7d7d7">
    <knoraXmlImport:label>A Nosegay Always</knoraXmlImport:label>
    <p0826-teimww:bookInternalId knoraType="richtext_value">@005612</p0826-teimww:bookInternalId>
    <p0826-teimww:createdDate knoraType="date_value">GREGORIAN:1584:1584</p0826-teimww:createdDate>
    <p0826-teimww:edition knoraType="richtext_value">"A Nosegaie alvvaies sweet, for Louers to send for Tokens, of loue, at Newyeres tide, or for fairings, as they in their minds shall be disposed to write." A Handefull of pleasant delites. London: Richard Ihones et al., 1584.</p0826-teimww:edition>
    <p0826-teimww:hasLanguage knoraType="richtext_value">English</p0826-teimww:hasLanguage>
    <p0826-teimww:isWrittenBy>
      <p0826-teimww:person knoraType="link_value" linkType="ref" target="ww_1e249fc82c1de780"/>
    </p0826-teimww:isWrittenBy>
    <p0826-teimww:publishDate knoraType="date_value">GREGORIAN:1584:1584</p0826-teimww:publishDate>
    <p0826-teimww:title knoraType="richtext_value">A Nosegay Always Sweet</p0826-teimww:title>
  </p0826-teimww:book>
  <p0826-teimww:book id="ww_cb99cb0b515526a9">
    <knoraXmlImport:label>The Tragical Rei</knoraXmlImport:label>
    <p0826-teimww:bookInternalId knoraType="richtext_value">@000904</p0826-teimww:bookInternalId>
    <p0826-teimww:createdDate knoraType="date_value">GREGORIAN:1591:1591</p0826-teimww:createdDate>
    <p0826-teimww:edition knoraType="richtext_value">The tragedy of Selimus Emperour of the Turkes. Written T. G. London: Thomas Creede, 1638.</p0826-teimww:edition>
    <p0826-teimww:hasLanguage knoraType="richtext_value">English</p0826-teimww:hasLanguage>
    <p0826-teimww:isWrittenBy>
      <p0826-teimww:person knoraType="link_value" linkType="ref" target="ww_ce2fb5bd491a4d2e"/>
    </p0826-teimww:isWrittenBy>
    <p0826-teimww:publishDate knoraType="date_value">GREGORIAN:1591:1591</p0826-teimww:publishDate>
    <p0826-teimww:title knoraType="richtext_value">The Tragical Reign of Selimus</p0826-teimww:title>
  </p0826-teimww:book>
  <p0826-teimww:book id="ww_a779d6e5235e610e">
    <knoraXmlImport:label>A Possible 1594 </knoraXmlImport:label>
    <p0826-teimww:bookInternalId knoraType="richtext_value">@010106</p0826-teimww:bookInternalId>
    <p0826-teimww:edition knoraType="richtext_value">Shakespeare Quarterly 15:4 (Autumn 1964): 446-447.</p0826-teimww:edition>
    <p0826-teimww:isWrittenBy>
      <p0826-teimww:person knoraType="link_value" linkType="ref" target="ww_0892ee27a956341b"/>
    </p0826-teimww:isWrittenBy>
    <p0826-teimww:title knoraType="richtext_value">A Possible 1594 Reference to Hamlet</p0826-teimww:title>
  </p0826-teimww:book>
  <p0826-teimww:book id="ww_d57fe99db4adc1d0">
    <knoraXmlImport:label>Shakespeare Allu</knoraXmlImport:label>
    <p0826-teimww:bookInternalId knoraType="richtext_value">@010144</p0826-teimww:bookInternalId>
    <p0826-teimww:edition knoraType="richtext_value">Notes and Queries 40 (17 April 1909): 305.</p0826-teimww:edition>
    <p0826-teimww:isWrittenBy>
      <p0826-teimww:person knoraType="link_value" linkType="ref" target="ww_4cf2d2f81816aed2"/>
    </p0826-teimww:isWrittenBy>
    <p0826-teimww:title knoraType="richtext_value">Shakespeare Allusion</p0826-teimww:title>
  </p0826-teimww:book>
  <p0826-teimww:book id="ww_0e81aac8108a83fe">
    <knoraXmlImport:label>Captain Thomas S</knoraXmlImport:label>
    <p0826-teimww:bookInternalId knoraType="richtext_value">@001049</p0826-teimww:bookInternalId>
    <p0826-teimww:createdDate knoraType="date_value">GREGORIAN:1596:1596</p0826-teimww:createdDate>
    <p0826-teimww:edition knoraType="richtext_value">The Famous Historye of the life and death of Captaine Thomas Stukeley. With his marriage to Alderman Curteis Daughter, and valiant ending of his life at the Battaile of Alcazar. London: Printed for Thomas Pauyer 1605.</p0826-teimww:edition>
    <p0826-teimww:hasLanguage knoraType="richtext_value">English</p0826-teimww:hasLanguage>
    <p0826-teimww:isWrittenBy>
      <p0826-teimww:person knoraType="link_value" linkType="ref" target="ww_212c78497ddc32c5"/>
    </p0826-teimww:isWrittenBy>
    <p0826-teimww:publishDate knoraType="date_value">GREGORIAN:1596:1596</p0826-teimww:publishDate>
    <p0826-teimww:title knoraType="richtext_value">Captain Thomas Stukeley</p0826-teimww:title>
  </p0826-teimww:book>
  <p0826-teimww:book id="ww_be9af191e6dc9863">
    <knoraXmlImport:label>Wits Misery and </knoraXmlImport:label>
    <p0826-teimww:bookInternalId knoraType="richtext_value">@005579</p0826-teimww:bookInternalId>
    <p0826-teimww:createdDate knoraType="date_value">GREGORIAN:1596:1596</p0826-teimww:createdDate>
    <p0826-teimww:edition knoraType="richtext_value">Wits miserie, and the worlds madnesse, discouering the deuils incarnat of this age. B.L. London: Adam Islip, 1596. Quoted in: J.O. Halliwell-Philipps. Memoranda on the Tragedy of Hamlet. London: James Evan Adlard, 1879.</p0826-teimww:edition>
    <p0826-teimww:hasLanguage knoraType="richtext_value">English</p0826-teimww:hasLanguage>
    <p0826-teimww:isWrittenBy>
      <p0826-teimww:person knoraType="link_value" linkType="ref" target="ww_31ef7df7935b492f"/>
    </p0826-teimww:isWrittenBy>
    <p0826-teimww:publishDate knoraType="date_value">GREGORIAN:1596:1596</p0826-teimww:publishDate>
    <p0826-teimww:title knoraType="richtext_value">Wits Misery and the Worlds Madness </p0826-teimww:title>
  </p0826-teimww:book>
  <p0826-teimww:book id="ww_d9c80276851682da">
    <knoraXmlImport:label>Hamlet (Mueller </knoraXmlImport:label>
    <p0826-teimww:bookInternalId knoraType="richtext_value">@010037</p0826-teimww:bookInternalId>
    <p0826-teimww:edition knoraType="richtext_value">ed. William Shakespeare. Hamlet. Englisch-deutsche Studienausgabe. Tübingen: Stauffenberg, 2006. </p0826-teimww:edition>
    <p0826-teimww:isWrittenBy>
      <p0826-teimww:person knoraType="link_value" linkType="ref" target="ww_bee6ba91f2c450cd"/>
    </p0826-teimww:isWrittenBy>
    <p0826-teimww:title knoraType="richtext_value">Hamlet (Mueller edition)</p0826-teimww:title>
  </p0826-teimww:book>
  <p0826-teimww:book id="ww_c85d746358e196e6">
    <knoraXmlImport:label>The Annual Regis</knoraXmlImport:label>
    <p0826-teimww:bookInternalId knoraType="richtext_value">@010089</p0826-teimww:bookInternalId>
    <p0826-teimww:edition knoraType="richtext_value">The Annual Register. Or, A View of the History, Politics, and Literature, for the Year 1767. London: J. Dodsley, 1779.</p0826-teimww:edition>
    <p0826-teimww:isWrittenBy>
      <p0826-teimww:person knoraType="link_value" linkType="ref" target="ww_212c78497ddc32c5"/>
    </p0826-teimww:isWrittenBy>
    <p0826-teimww:title knoraType="richtext_value">The Annual Register</p0826-teimww:title>
  </p0826-teimww:book>
  <p0826-teimww:book id="ww_e14966f62e338b68">
    <knoraXmlImport:label>The Real Shakesp</knoraXmlImport:label>
    <p0826-teimww:bookInternalId knoraType="richtext_value">@010137</p0826-teimww:bookInternalId>
    <p0826-teimww:edition knoraType="richtext_value">The Real Shakespeare: Retrieving the Early Years, 1564-1594. New Haven and London: Yale University Press, 1995.</p0826-teimww:edition>
    <p0826-teimww:isWrittenBy>
      <p0826-teimww:person knoraType="link_value" linkType="ref" target="ww_240bf4a7d8bc0162"/>
    </p0826-teimww:isWrittenBy>
    <p0826-teimww:title knoraType="richtext_value">The Real Shakespeare</p0826-teimww:title>
  </p0826-teimww:book>
  <p0826-teimww:book id="ww_9cfbf2557c0bd6a1">
    <knoraXmlImport:label>Palladis Tamia </knoraXmlImport:label>
    <p0826-teimww:bookInternalId knoraType="richtext_value">@005607</p0826-teimww:bookInternalId>
    <p0826-teimww:createdDate knoraType="date_value">GREGORIAN:1598:1598</p0826-teimww:createdDate>
    <p0826-teimww:edition knoraType="richtext_value">Palladis Tamia. Wits Treasury, being the second part of Wits common wealth. By Francis Meres Maister of Artes of both Vniuersities. London: P. Short for Cuthbert Burbie, 1598.</p0826-teimww:edition>
    <p0826-teimww:hasLanguage knoraType="richtext_value">English</p0826-teimww:hasLanguage>
    <p0826-teimww:isWrittenBy>
      <p0826-teimww:person knoraType="link_value" linkType="ref" target="ww_96e72412ce67888e"/>
    </p0826-teimww:isWrittenBy>
    <p0826-teimww:publishDate knoraType="date_value">GREGORIAN:1598:1598</p0826-teimww:publishDate>
    <p0826-teimww:title knoraType="richtext_value">Palladis Tamia </p0826-teimww:title>
  </p0826-teimww:book>
  <p0826-teimww:book id="ww_30e430b5304e3a2a">
    <knoraXmlImport:label>Every Man Out of</knoraXmlImport:label>
    <p0826-teimww:bookInternalId knoraType="richtext_value">@001216</p0826-teimww:bookInternalId>
    <p0826-teimww:createdDate knoraType="date_value">GREGORIAN:1599:1599</p0826-teimww:createdDate>
    <p0826-teimww:edition knoraType="richtext_value">Every Man Out of His Humour. London: Will Stansby 1616.</p0826-teimww:edition>
    <p0826-teimww:hasLanguage knoraType="richtext_value">English</p0826-teimww:hasLanguage>
    <p0826-teimww:isWrittenBy>
      <p0826-teimww:person knoraType="link_value" linkType="ref" target="ww_9b2d545e20d62482"/>
    </p0826-teimww:isWrittenBy>
    <p0826-teimww:publishDate knoraType="date_value">GREGORIAN:1599:1599</p0826-teimww:publishDate>
    <p0826-teimww:title knoraType="richtext_value">Every Man Out of His Humour</p0826-teimww:title>
  </p0826-teimww:book>
  <p0826-teimww:book id="ww_940f28e35b0dd6d0">
    <knoraXmlImport:label>Lusts Dominon, o</knoraXmlImport:label>
    <p0826-teimww:bookInternalId knoraType="richtext_value">@001235</p0826-teimww:bookInternalId>
    <p0826-teimww:createdDate knoraType="date_value">GREGORIAN:1600:1600</p0826-teimww:createdDate>
    <p0826-teimww:edition knoraType="richtext_value">Lusts Dominion or, the Lascivious Queen. A Tragedie. Written by Christofer Marloe. London: F. K., 1657.</p0826-teimww:edition>
    <p0826-teimww:hasLanguage knoraType="richtext_value">English</p0826-teimww:hasLanguage>
    <p0826-teimww:isWrittenBy>
      <p0826-teimww:person knoraType="link_value" linkType="ref" target="ww_d888f97beb7a5e1c"/>
    </p0826-teimww:isWrittenBy>
    <p0826-teimww:isWrittenBy>
      <p0826-teimww:person knoraType="link_value" linkType="ref" target="ww_947a2e721f016a03"/>
    </p0826-teimww:isWrittenBy>
    <p0826-teimww:isWrittenBy>
      <p0826-teimww:person knoraType="link_value" linkType="ref" target="ww_87dbd52f1c5b813b"/>
    </p0826-teimww:isWrittenBy>
    <p0826-teimww:publishDate knoraType="date_value">GREGORIAN:1600:1600</p0826-teimww:publishDate>
    <p0826-teimww:title knoraType="richtext_value">Lusts Dominon, or The Spanish Moors Tragedy</p0826-teimww:title>
  </p0826-teimww:book>
  <p0826-teimww:book id="ww_ff23e2b53094740e">
    <knoraXmlImport:label>The Maid&amp;#039;s </knoraXmlImport:label>
    <p0826-teimww:bookInternalId knoraType="richtext_value">@001231</p0826-teimww:bookInternalId>
    <p0826-teimww:createdDate knoraType="date_value">GREGORIAN:1600:1600</p0826-teimww:createdDate>
    <p0826-teimww:edition knoraType="richtext_value">The Maydes Metamorphosis. As it hath bene sundrie times Acted by the Children of Powles. London: Printed by Thomas Creede, for Richard Oliue 1600.</p0826-teimww:edition>
    <p0826-teimww:hasLanguage knoraType="richtext_value">English</p0826-teimww:hasLanguage>
    <p0826-teimww:isWrittenBy>
      <p0826-teimww:person knoraType="link_value" linkType="ref" target="ww_212c78497ddc32c5"/>
    </p0826-teimww:isWrittenBy>
    <p0826-teimww:publishDate knoraType="date_value">GREGORIAN:1600:1600</p0826-teimww:publishDate>
    <p0826-teimww:title knoraType="richtext_value">The Maid&amp;#039;s Metamorphosis</p0826-teimww:title>
  </p0826-teimww:book>
  <p0826-teimww:book id="ww_1119cb42e0133631">
    <knoraXmlImport:label>The Massacre of </knoraXmlImport:label>
    <p0826-teimww:bookInternalId knoraType="richtext_value">@005593</p0826-teimww:bookInternalId>
    <p0826-teimww:createdDate knoraType="date_value">GREGORIAN:1602:1602</p0826-teimww:createdDate>
    <p0826-teimww:edition knoraType="richtext_value">The massacre of money. London: Thomas Creede for Thomas Bushell 1602.</p0826-teimww:edition>
    <p0826-teimww:hasLanguage knoraType="richtext_value">English</p0826-teimww:hasLanguage>
    <p0826-teimww:isWrittenBy>
      <p0826-teimww:person knoraType="link_value" linkType="ref" target="ww_22f6e503d59ca03b"/>
    </p0826-teimww:isWrittenBy>
    <p0826-teimww:publishDate knoraType="date_value">GREGORIAN:1602:1602</p0826-teimww:publishDate>
    <p0826-teimww:title knoraType="richtext_value">The Massacre of Money</p0826-teimww:title>
  </p0826-teimww:book>
  <p0826-teimww:book id="ww_cd4449a9f288f0d1">
    <knoraXmlImport:label>The Works of Geo</knoraXmlImport:label>
    <p0826-teimww:bookInternalId knoraType="richtext_value">@010099</p0826-teimww:bookInternalId>
    <p0826-teimww:edition knoraType="richtext_value">ed. Chapman, George. The Works of George Chapman. Plays. London: Chatto and Windus, 1874.</p0826-teimww:edition>
    <p0826-teimww:isWrittenBy>
      <p0826-teimww:person knoraType="link_value" linkType="ref" target="ww_dad51991851a1bbf"/>
    </p0826-teimww:isWrittenBy>
    <p0826-teimww:title knoraType="richtext_value">The Works of George Chapman (Shepherd edition)</p0826-teimww:title>
  </p0826-teimww:book>
  <p0826-teimww:book id="ww_55082a41763c1d8b">
    <knoraXmlImport:label>Voyage and Enter</knoraXmlImport:label>
    <p0826-teimww:bookInternalId knoraType="richtext_value">@005635</p0826-teimww:bookInternalId>
    <p0826-teimww:createdDate knoraType="date_value">GREGORIAN:1605:1605</p0826-teimww:createdDate>
    <p0826-teimww:edition knoraType="richtext_value">Sir Thomas Smithes voiage and entertainment in Rushia. With the tragicall ends of two emperors, and one empresse, within one moneth during his being there: and the miraculous preseruation of the now raigning emperor, esteemed dead for 18. yeares. London: W. White and W. Jaggard for Nathanyell Butter, 1605.</p0826-teimww:edition>
    <p0826-teimww:hasLanguage knoraType="richtext_value">English</p0826-teimww:hasLanguage>
    <p0826-teimww:isWrittenBy>
      <p0826-teimww:person knoraType="link_value" linkType="ref" target="ww_83e21e7a9246faa2"/>
    </p0826-teimww:isWrittenBy>
    <p0826-teimww:publishDate knoraType="date_value">GREGORIAN:1605:1605</p0826-teimww:publishDate>
    <p0826-teimww:title knoraType="richtext_value">Voyage and Entertainment in Russia</p0826-teimww:title>
  </p0826-teimww:book>
  <p0826-teimww:book id="ww_45707432cc4f2876">
    <knoraXmlImport:label>Hamlet's Last Wo</knoraXmlImport:label>
    <p0826-teimww:bookInternalId knoraType="richtext_value">@010123</p0826-teimww:bookInternalId>
    <p0826-teimww:edition knoraType="richtext_value">Shakespeare Survey 48: Shakespeare and Cultural Exchange. Ed. Stanley Wells. Cambridge: Cambridge University Press, 1995. 113-122.</p0826-teimww:edition>
    <p0826-teimww:isWrittenBy>
      <p0826-teimww:person knoraType="link_value" linkType="ref" target="ww_759d754d3536439c"/>
    </p0826-teimww:isWrittenBy>
    <p0826-teimww:title knoraType="richtext_value">Hamlet's Last Words</p0826-teimww:title>
  </p0826-teimww:book>
  <p0826-teimww:book id="ww_9d64f79445831f4a">
    <knoraXmlImport:label>Dolarnys Primros</knoraXmlImport:label>
    <p0826-teimww:bookInternalId knoraType="richtext_value">@005599</p0826-teimww:bookInternalId>
    <p0826-teimww:createdDate knoraType="date_value">GREGORIAN:1606:1606</p0826-teimww:createdDate>
    <p0826-teimww:edition knoraType="richtext_value">Dolarnys Primerose. Or The First Part of the Passionate Hermit. London: G. Eld, 1606.</p0826-teimww:edition>
    <p0826-teimww:hasLanguage knoraType="richtext_value">English</p0826-teimww:hasLanguage>
    <p0826-teimww:isWrittenBy>
      <p0826-teimww:person knoraType="link_value" linkType="ref" target="ww_54e7c8428ba6024c"/>
    </p0826-teimww:isWrittenBy>
    <p0826-teimww:publishDate knoraType="date_value">GREGORIAN:1606:1606</p0826-teimww:publishDate>
    <p0826-teimww:title knoraType="richtext_value">Dolarnys Primrose</p0826-teimww:title>
  </p0826-teimww:book>
  <p0826-teimww:book id="ww_231a164bb5b9d142">
    <knoraXmlImport:label>The Royal King a</knoraXmlImport:label>
    <p0826-teimww:bookInternalId knoraType="richtext_value">@001504</p0826-teimww:bookInternalId>
    <p0826-teimww:createdDate knoraType="date_value">GREGORIAN:1606:1606</p0826-teimww:createdDate>
    <p0826-teimww:edition knoraType="richtext_value">The Royall King, and The Loyall Subject, As it hath beene Acted with great Applause by the Queenes Maiesties Servants. London: Nich. and John Okes for James Becket 1637.</p0826-teimww:edition>
    <p0826-teimww:hasLanguage knoraType="richtext_value">English</p0826-teimww:hasLanguage>
    <p0826-teimww:isWrittenBy>
      <p0826-teimww:person knoraType="link_value" linkType="ref" target="ww_f10aec8cfe5ff90d"/>
    </p0826-teimww:isWrittenBy>
    <p0826-teimww:publishDate knoraType="date_value">GREGORIAN:1606:1606</p0826-teimww:publishDate>
    <p0826-teimww:title knoraType="richtext_value">The Royal King and the Loyal Subject</p0826-teimww:title>
  </p0826-teimww:book>
  <p0826-teimww:book id="ww_bb778743185401c7">
    <knoraXmlImport:label>The Cuckoo</knoraXmlImport:label>
    <p0826-teimww:bookInternalId knoraType="richtext_value">@005600</p0826-teimww:bookInternalId>
    <p0826-teimww:createdDate knoraType="date_value">GREGORIAN:1607:1607</p0826-teimww:createdDate>
    <p0826-teimww:edition knoraType="richtext_value">The Cvckow. Richardvs Niccols. London: F. K. to be sold by W. C. 1607.</p0826-teimww:edition>
    <p0826-teimww:hasLanguage knoraType="richtext_value">English</p0826-teimww:hasLanguage>
    <p0826-teimww:isWrittenBy>
      <p0826-teimww:person knoraType="link_value" linkType="ref" target="ww_f32bede8ddcef974"/>
    </p0826-teimww:isWrittenBy>
    <p0826-teimww:publishDate knoraType="date_value">GREGORIAN:1607:1607</p0826-teimww:publishDate>
    <p0826-teimww:title knoraType="richtext_value">The Cuckoo</p0826-teimww:title>
  </p0826-teimww:book>
  <p0826-teimww:book id="ww_9d62e7b28d3a5fa1">
    <knoraXmlImport:label>The History of H</knoraXmlImport:label>
    <p0826-teimww:bookInternalId knoraType="richtext_value">@005636</p0826-teimww:bookInternalId>
    <p0826-teimww:createdDate knoraType="date_value">GREGORIAN:1608:1608</p0826-teimww:createdDate>
    <p0826-teimww:edition knoraType="richtext_value">The Hystorie of Hamblet. London: Richard Bradocke for Thomas Pauier, 1608.</p0826-teimww:edition>
    <p0826-teimww:hasLanguage knoraType="richtext_value">English</p0826-teimww:hasLanguage>
    <p0826-teimww:isWrittenBy>
      <p0826-teimww:person knoraType="link_value" linkType="ref" target="ww_212c78497ddc32c5"/>
    </p0826-teimww:isWrittenBy>
    <p0826-teimww:publishDate knoraType="date_value">GREGORIAN:1608:1608</p0826-teimww:publishDate>
    <p0826-teimww:title knoraType="richtext_value">The History of Hamblet</p0826-teimww:title>
  </p0826-teimww:book>
  <p0826-teimww:book id="ww_e5b271060a8d1d96">
    <knoraXmlImport:label>7 Ascention</knoraXmlImport:label>
    <p0826-teimww:bookInternalId knoraType="richtext_value">@005121</p0826-teimww:bookInternalId>
    <p0826-teimww:createdDate knoraType="date_value">GREGORIAN:1609:1610</p0826-teimww:createdDate>
    <p0826-teimww:edition knoraType="richtext_value">Poems, By J. D.: With Elegies on the Authors Death. London: M. F. for Iohn Marriot 1633.</p0826-teimww:edition>
    <p0826-teimww:hasLanguage knoraType="richtext_value">English</p0826-teimww:hasLanguage>
    <p0826-teimww:isWrittenBy>
      <p0826-teimww:person knoraType="link_value" linkType="ref" target="ww_16c1195bda020eff"/>
    </p0826-teimww:isWrittenBy>
    <p0826-teimww:publishDate knoraType="date_value">GREGORIAN:1609:1610</p0826-teimww:publishDate>
    <p0826-teimww:title knoraType="richtext_value">7 Ascention</p0826-teimww:title>
  </p0826-teimww:book>
  <p0826-teimww:book id="ww_788e82a14edb5a17">
    <knoraXmlImport:label>Royal Entertainm</knoraXmlImport:label>
    <p0826-teimww:bookInternalId knoraType="richtext_value">@001708</p0826-teimww:bookInternalId>
    <p0826-teimww:createdDate knoraType="date_value">GREGORIAN:1613:1613</p0826-teimww:createdDate>
    <p0826-teimww:edition knoraType="richtext_value">The entertainment given by Lord Knowles at Cawsome House. A Relation Of The Late Royall Entertainment Given By The Right Honorable The Lord Knovvles, At Cawsome-House neere Redding: [...]. London: John Budge et al., 1613.</p0826-teimww:edition>
    <p0826-teimww:hasLanguage knoraType="richtext_value">English</p0826-teimww:hasLanguage>
    <p0826-teimww:isWrittenBy>
      <p0826-teimww:person knoraType="link_value" linkType="ref" target="ww_1ba44aa9c8c5ae62"/>
    </p0826-teimww:isWrittenBy>
    <p0826-teimww:publishDate knoraType="date_value">GREGORIAN:1613:1613</p0826-teimww:publishDate>
    <p0826-teimww:title knoraType="richtext_value">Royal Entertainment at Caversham</p0826-teimww:title>
  </p0826-teimww:book>
  <p0826-teimww:book id="ww_e584e5eb1d9461dd">
    <knoraXmlImport:label>A Funeral Elegy </knoraXmlImport:label>
    <p0826-teimww:bookInternalId knoraType="richtext_value">@005024</p0826-teimww:bookInternalId>
    <p0826-teimww:createdDate knoraType="date_value">GREGORIAN:1618:1618</p0826-teimww:createdDate>
    <p0826-teimww:edition knoraType="richtext_value">Quoted in: J. Payne Collier, Esq. Memoirs of the Principal Actors of Shakespeare. London 1818. 52-55.</p0826-teimww:edition>
    <p0826-teimww:hasLanguage knoraType="richtext_value">English</p0826-teimww:hasLanguage>
    <p0826-teimww:isWrittenBy>
      <p0826-teimww:person knoraType="link_value" linkType="ref" target="ww_212c78497ddc32c5"/>
    </p0826-teimww:isWrittenBy>
    <p0826-teimww:publishDate knoraType="date_value">GREGORIAN:1618:1618</p0826-teimww:publishDate>
    <p0826-teimww:title knoraType="richtext_value">A Funeral Elegy on the Death of the Famous Actor, Richard Burbage Who Died on Saturday in Lent, the 13th of March, 1618</p0826-teimww:title>
  </p0826-teimww:book>
  <p0826-teimww:book id="ww_91178a0de7db383a">
    <knoraXmlImport:label>Of Two Euills Ch</knoraXmlImport:label>
    <p0826-teimww:bookInternalId knoraType="richtext_value">@005598</p0826-teimww:bookInternalId>
    <p0826-teimww:createdDate knoraType="date_value">GREGORIAN:1618:1618</p0826-teimww:createdDate>
    <p0826-teimww:edition knoraType="richtext_value">Night Raven. London: G. Eld for Iohn Deane and Thomas Baily, 1620.</p0826-teimww:edition>
    <p0826-teimww:hasLanguage knoraType="richtext_value">English</p0826-teimww:hasLanguage>
    <p0826-teimww:isWrittenBy>
      <p0826-teimww:person knoraType="link_value" linkType="ref" target="ww_993a2c8b25ef3953"/>
    </p0826-teimww:isWrittenBy>
    <p0826-teimww:publishDate knoraType="date_value">GREGORIAN:1618:1618</p0826-teimww:publishDate>
    <p0826-teimww:title knoraType="richtext_value">Of Two Euills Chuse the Least</p0826-teimww:title>
  </p0826-teimww:book>
  <p0826-teimww:book id="ww_dbc39cf74839a823">
    <knoraXmlImport:label>The Little Frenc</knoraXmlImport:label>
    <p0826-teimww:bookInternalId knoraType="richtext_value">@001941</p0826-teimww:bookInternalId>
    <p0826-teimww:createdDate knoraType="date_value">GREGORIAN:1620:1620</p0826-teimww:createdDate>
    <p0826-teimww:edition knoraType="richtext_value">Comedies and Tragedies Written by Francis Beaumont and Iohn Fletcher [...]. London: Humphrey Robinson et al., 1647. 51-75.</p0826-teimww:edition>
    <p0826-teimww:hasLanguage knoraType="richtext_value">English</p0826-teimww:hasLanguage>
    <p0826-teimww:isWrittenBy>
      <p0826-teimww:person knoraType="link_value" linkType="ref" target="ww_cbc2c3284144573a"/>
    </p0826-teimww:isWrittenBy>
    <p0826-teimww:isWrittenBy>
      <p0826-teimww:person knoraType="link_value" linkType="ref" target="ww_3cc0cce5b6bf554a"/>
    </p0826-teimww:isWrittenBy>
    <p0826-teimww:publishDate knoraType="date_value">GREGORIAN:1620:1620</p0826-teimww:publishDate>
    <p0826-teimww:title knoraType="richtext_value">The Little French lawyer</p0826-teimww:title>
  </p0826-teimww:book>
  <p0826-teimww:book id="ww_21490f13daef2089">
    <knoraXmlImport:label>Match Me In Lond</knoraXmlImport:label>
    <p0826-teimww:bookInternalId knoraType="richtext_value">@001997</p0826-teimww:bookInternalId>
    <p0826-teimww:createdDate knoraType="date_value">GREGORIAN:1621:1621</p0826-teimww:createdDate>
    <p0826-teimww:edition knoraType="richtext_value">A Tragi-Comedy: Called, Match mee in London. As it hath beene often Presented; First, at the Bull in St. Iohns-street; And lately, at the Priuate-House in Drvry-Lane, called the Phoenix Written by Tho: Dekker. London: B. Alsop and T. Fawcet, for H. Seile, 1631.</p0826-teimww:edition>
    <p0826-teimww:hasLanguage knoraType="richtext_value">English</p0826-teimww:hasLanguage>
    <p0826-teimww:isWrittenBy>
      <p0826-teimww:person knoraType="link_value" linkType="ref" target="ww_87dbd52f1c5b813b"/>
    </p0826-teimww:isWrittenBy>
    <p0826-teimww:publishDate knoraType="date_value">GREGORIAN:1621:1621</p0826-teimww:publishDate>
    <p0826-teimww:title knoraType="richtext_value">Match Me In London</p0826-teimww:title>
  </p0826-teimww:book>
  <p0826-teimww:book id="ww_c1a8ef34e6012321">
    <knoraXmlImport:label>Dick of Devonshi</knoraXmlImport:label>
    <p0826-teimww:bookInternalId knoraType="richtext_value">@002191</p0826-teimww:bookInternalId>
    <p0826-teimww:createdDate knoraType="date_value">GREGORIAN:1626:1626</p0826-teimww:createdDate>
    <p0826-teimww:edition knoraType="richtext_value">Dick of Devonshire. Oxford University Press, 1955.</p0826-teimww:edition>
    <p0826-teimww:hasLanguage knoraType="richtext_value">English</p0826-teimww:hasLanguage>
    <p0826-teimww:isWrittenBy>
      <p0826-teimww:person knoraType="link_value" linkType="ref" target="ww_212c78497ddc32c5"/>
    </p0826-teimww:isWrittenBy>
    <p0826-teimww:publishDate knoraType="date_value">GREGORIAN:1626:1626</p0826-teimww:publishDate>
    <p0826-teimww:title knoraType="richtext_value">Dick of Devonshire</p0826-teimww:title>
  </p0826-teimww:book>
  <p0826-teimww:book id="ww_8732be209e0db3a3">
    <knoraXmlImport:label>The Valiant Scot</knoraXmlImport:label>
    <p0826-teimww:bookInternalId knoraType="richtext_value">@002189</p0826-teimww:bookInternalId>
    <p0826-teimww:createdDate knoraType="date_value">GREGORIAN:1626:1626</p0826-teimww:createdDate>
    <p0826-teimww:edition knoraType="richtext_value">The Valiant Scot. London: Thomas Harper for Iohn Waterson 1637.</p0826-teimww:edition>
    <p0826-teimww:hasLanguage knoraType="richtext_value">English</p0826-teimww:hasLanguage>
    <p0826-teimww:isWrittenBy>
      <p0826-teimww:person knoraType="link_value" linkType="ref" target="ww_ee50ed245a0dc04f"/>
    </p0826-teimww:isWrittenBy>
    <p0826-teimww:publishDate knoraType="date_value">GREGORIAN:1626:1626</p0826-teimww:publishDate>
    <p0826-teimww:title knoraType="richtext_value">The Valiant Scot</p0826-teimww:title>
  </p0826-teimww:book>
  <p0826-teimww:book id="ww_c7ed9e19d73910af">
    <knoraXmlImport:label>The Drinking Aca</knoraXmlImport:label>
    <p0826-teimww:bookInternalId knoraType="richtext_value">@002285</p0826-teimww:bookInternalId>
    <p0826-teimww:createdDate knoraType="date_value">GREGORIAN:1629:1629</p0826-teimww:createdDate>
    <p0826-teimww:edition knoraType="richtext_value">The Drinking Academy. A Play by Thomas Randolph. Cambridge: Harvard University Press, 1930.</p0826-teimww:edition>
    <p0826-teimww:hasLanguage knoraType="richtext_value">English</p0826-teimww:hasLanguage>
    <p0826-teimww:isWrittenBy>
      <p0826-teimww:person knoraType="link_value" linkType="ref" target="ww_96f70a96968da33d"/>
    </p0826-teimww:isWrittenBy>
    <p0826-teimww:publishDate knoraType="date_value">GREGORIAN:1629:1629</p0826-teimww:publishDate>
    <p0826-teimww:title knoraType="richtext_value">The Drinking Academy</p0826-teimww:title>
  </p0826-teimww:book>
  <p0826-teimww:book id="ww_73c69f73b623166a">
    <knoraXmlImport:label>The Divell</knoraXmlImport:label>
    <p0826-teimww:bookInternalId knoraType="richtext_value">@005596</p0826-teimww:bookInternalId>
    <p0826-teimww:createdDate knoraType="date_value">GREGORIAN:1630:1630</p0826-teimww:createdDate>
    <p0826-teimww:edition knoraType="richtext_value">The Celestiall Pvblican. A Sacred Poem: Liuely describing the Birth, Progresse, Bloudy Passion, and glorious Resurrection of our Saviour. The Spiritvall Sea-Fight. The Mischieuous Deceites of The World, The Flesh, The Vicious Courtier. The Iesvite. The Divell. London: Felix Kyngston for Roger Michell 1630.</p0826-teimww:edition>
    <p0826-teimww:hasLanguage knoraType="richtext_value">English</p0826-teimww:hasLanguage>
    <p0826-teimww:isWrittenBy>
      <p0826-teimww:person knoraType="link_value" linkType="ref" target="ww_7179a7437437988e"/>
    </p0826-teimww:isWrittenBy>
    <p0826-teimww:publishDate knoraType="date_value">GREGORIAN:1630:1630</p0826-teimww:publishDate>
    <p0826-teimww:title knoraType="richtext_value">The Divell</p0826-teimww:title>
  </p0826-teimww:book>
  <p0826-teimww:book id="ww_ce95d11ad066ef61">
    <knoraXmlImport:label>Elegy 3 - Jealou</knoraXmlImport:label>
    <p0826-teimww:bookInternalId knoraType="richtext_value">@005639</p0826-teimww:bookInternalId>
    <p0826-teimww:createdDate knoraType="date_value">GREGORIAN:1633:1633</p0826-teimww:createdDate>
    <p0826-teimww:edition knoraType="richtext_value">ed. A. J. Smith. Harmondsworth: Penguin, 1980.</p0826-teimww:edition>
    <p0826-teimww:hasLanguage knoraType="richtext_value">English</p0826-teimww:hasLanguage>
    <p0826-teimww:isWrittenBy>
      <p0826-teimww:person knoraType="link_value" linkType="ref" target="ww_16c1195bda020eff"/>
    </p0826-teimww:isWrittenBy>
    <p0826-teimww:publishDate knoraType="date_value">GREGORIAN:1633:1633</p0826-teimww:publishDate>
    <p0826-teimww:title knoraType="richtext_value">Elegy 3 - Jealousy</p0826-teimww:title>
  </p0826-teimww:book>
  <p0826-teimww:book id="ww_a978b0806dc8a39c">
    <knoraXmlImport:label>Sermon</knoraXmlImport:label>
    <p0826-teimww:bookInternalId knoraType="richtext_value">@005652</p0826-teimww:bookInternalId>
    <p0826-teimww:createdDate knoraType="date_value">GREGORIAN:1638:1638</p0826-teimww:createdDate>
    <p0826-teimww:edition knoraType="richtext_value">Foure sermons whereof two, preached at two assizes, this present yeare, 1638. at Maidestone in Kent, the other two, in his own charge. By Robert Abbot [...]. London: Thomas Paine for P. Stephens and C Meredith, 1639.</p0826-teimww:edition>
    <p0826-teimww:hasLanguage knoraType="richtext_value">English</p0826-teimww:hasLanguage>
    <p0826-teimww:isWrittenBy>
      <p0826-teimww:person knoraType="link_value" linkType="ref" target="ww_20abdf6ad9bd61dc"/>
    </p0826-teimww:isWrittenBy>
    <p0826-teimww:publishDate knoraType="date_value">GREGORIAN:1638:1638</p0826-teimww:publishDate>
    <p0826-teimww:title knoraType="richtext_value">Sermon</p0826-teimww:title>
  </p0826-teimww:book>
  <p0826-teimww:book id="ww_cc36a50722b4f55d">
    <knoraXmlImport:label>The Unfortunate </knoraXmlImport:label>
    <p0826-teimww:bookInternalId knoraType="richtext_value">@002606</p0826-teimww:bookInternalId>
    <p0826-teimww:createdDate knoraType="date_value">GREGORIAN:1638:1638</p0826-teimww:createdDate>
    <p0826-teimww:edition knoraType="richtext_value">The Vnfortvnate Lovers. A Tragedie. The Author William Davenant. London: R. H., 1643.</p0826-teimww:edition>
    <p0826-teimww:hasLanguage knoraType="richtext_value">English</p0826-teimww:hasLanguage>
    <p0826-teimww:isWrittenBy>
      <p0826-teimww:person knoraType="link_value" linkType="ref" target="ww_d8f1d08e1ca080b7"/>
    </p0826-teimww:isWrittenBy>
    <p0826-teimww:publishDate knoraType="date_value">GREGORIAN:1638:1638</p0826-teimww:publishDate>
    <p0826-teimww:title knoraType="richtext_value">The Unfortunate Lovers</p0826-teimww:title>
  </p0826-teimww:book>
  <p0826-teimww:book id="ww_3bf574aaea5a76e8">
    <knoraXmlImport:label>Pareomiologia An</knoraXmlImport:label>
    <p0826-teimww:bookInternalId knoraType="richtext_value">@005638</p0826-teimww:bookInternalId>
    <p0826-teimww:createdDate knoraType="date_value">GREGORIAN:1639:1639</p0826-teimww:createdDate>
    <p0826-teimww:edition knoraType="richtext_value">Paroemiologia Anglo-Latina. In usum scholarum concinnata. Or proverbs English, and Latine, methodically disposed according to the common-place heads, in Erasmus his adages. Very use-full and delightful for all sorts of men, on all occasions. More especially profitable for scholars for the attaining elegancie, sublimitie, and varietie of the best expressions. London: Felix Kyngston for Robert Mylbourne, 1639.</p0826-teimww:edition>
    <p0826-teimww:hasLanguage knoraType="richtext_value">English</p0826-teimww:hasLanguage>
    <p0826-teimww:isWrittenBy>
      <p0826-teimww:person knoraType="link_value" linkType="ref" target="ww_11b6d4be322d75f4"/>
    </p0826-teimww:isWrittenBy>
    <p0826-teimww:publishDate knoraType="date_value">GREGORIAN:1639:1639</p0826-teimww:publishDate>
    <p0826-teimww:title knoraType="richtext_value">Pareomiologia Anglo-Latina</p0826-teimww:title>
  </p0826-teimww:book>
  <p0826-teimww:book id="ww_9d75b3d3235b2834">
    <knoraXmlImport:label>Farther Particul</knoraXmlImport:label>
    <p0826-teimww:bookInternalId knoraType="richtext_value">@010100</p0826-teimww:bookInternalId>
    <p0826-teimww:edition knoraType="richtext_value">Farther Particulars regarding Shakespeare and His Works. In A Letter to The Rev. Joseph Hunter, F.S.A. [...] London: Thomas Rodd, 1839.</p0826-teimww:edition>
    <p0826-teimww:isWrittenBy>
      <p0826-teimww:person knoraType="link_value" linkType="ref" target="ww_8e7c5e1273330b8d"/>
    </p0826-teimww:isWrittenBy>
    <p0826-teimww:title knoraType="richtext_value">Farther Particulars regarding Shakespeare</p0826-teimww:title>
  </p0826-teimww:book>
  <p0826-teimww:book id="ww_b21d0ca00a1e7038">
    <knoraXmlImport:label>The Spanish Love</knoraXmlImport:label>
    <p0826-teimww:bookInternalId knoraType="richtext_value">@002715</p0826-teimww:bookInternalId>
    <p0826-teimww:createdDate knoraType="date_value">GREGORIAN:1639:1639</p0826-teimww:createdDate>
    <p0826-teimww:edition knoraType="richtext_value">The distresses. London: T. N. for Henry Herringman, 1673.</p0826-teimww:edition>
    <p0826-teimww:hasLanguage knoraType="richtext_value">English</p0826-teimww:hasLanguage>
    <p0826-teimww:isWrittenBy>
      <p0826-teimww:person knoraType="link_value" linkType="ref" target="ww_d8f1d08e1ca080b7"/>
    </p0826-teimww:isWrittenBy>
    <p0826-teimww:publishDate knoraType="date_value">GREGORIAN:1639:1639</p0826-teimww:publishDate>
    <p0826-teimww:title knoraType="richtext_value">The Spanish Lovers, or The Distresses</p0826-teimww:title>
  </p0826-teimww:book>
  <p0826-teimww:book id="ww_4248cd9d97d4040f">
    <knoraXmlImport:label>Wits Labyrinth</knoraXmlImport:label>
    <p0826-teimww:bookInternalId knoraType="richtext_value">@005157</p0826-teimww:bookInternalId>
    <p0826-teimww:createdDate knoraType="date_value">GREGORIAN:1648:1648</p0826-teimww:createdDate>
    <p0826-teimww:edition knoraType="richtext_value">Wit's Labyrinth. Or, A briefe and compendious abstract of most witty, ingenious, wise, and learned sentences and phrases together with some hundreds of most pithy, facetious and patheticall complementall expressions [...]. London: M. Simmons, 1648.</p0826-teimww:edition>
    <p0826-teimww:hasLanguage knoraType="richtext_value">English</p0826-teimww:hasLanguage>
    <p0826-teimww:isWrittenBy>
      <p0826-teimww:person knoraType="link_value" linkType="ref" target="ww_212c78497ddc32c5"/>
    </p0826-teimww:isWrittenBy>
    <p0826-teimww:isWrittenBy>
      <p0826-teimww:person knoraType="link_value" linkType="ref" target="ww_68dae2dd3ee5eaa3"/>
    </p0826-teimww:isWrittenBy>
    <p0826-teimww:publishDate knoraType="date_value">GREGORIAN:1648:1648</p0826-teimww:publishDate>
    <p0826-teimww:title knoraType="richtext_value">Wits Labyrinth</p0826-teimww:title>
  </p0826-teimww:book>
  <p0826-teimww:book id="ww_e188876d08db8495">
    <knoraXmlImport:label>Eikon he Piste</knoraXmlImport:label>
    <p0826-teimww:bookInternalId knoraType="richtext_value">@005141</p0826-teimww:bookInternalId>
    <p0826-teimww:createdDate knoraType="date_value">GREGORIAN:1649:1649</p0826-teimww:createdDate>
    <p0826-teimww:edition knoraType="richtext_value">Eikon he Piste or The Faithfull Portraiture of a Loyall Subject, 1649.</p0826-teimww:edition>
    <p0826-teimww:hasLanguage knoraType="richtext_value">English</p0826-teimww:hasLanguage>
    <p0826-teimww:isWrittenBy>
      <p0826-teimww:person knoraType="link_value" linkType="ref" target="ww_212c78497ddc32c5"/>
    </p0826-teimww:isWrittenBy>
    <p0826-teimww:publishDate knoraType="date_value">GREGORIAN:1649:1649</p0826-teimww:publishDate>
    <p0826-teimww:title knoraType="richtext_value">Eikon he Piste</p0826-teimww:title>
  </p0826-teimww:book>
  <p0826-teimww:book id="ww_8a7cd7fcff83336a">
    <knoraXmlImport:label>Herba Parietis o</knoraXmlImport:label>
    <p0826-teimww:bookInternalId knoraType="richtext_value">@005009</p0826-teimww:bookInternalId>
    <p0826-teimww:createdDate knoraType="date_value">GREGORIAN:1650:1650</p0826-teimww:createdDate>
    <p0826-teimww:edition knoraType="richtext_value">Herba Parietis. or, The VVall-Flovver: As it grew out of the stone-chamber belonging to the metropolitan prison of London, called Newgate. Being a history vvhich is partly true, partly romantick, morally divine: whereby a marriage between reality and fancy is solemnized by divinity. VVritten by Thomas Bayly, D. D. whilst he was a prisoner there. London: J. G., 1650.</p0826-teimww:edition>
    <p0826-teimww:hasLanguage knoraType="richtext_value">English</p0826-teimww:hasLanguage>
    <p0826-teimww:isWrittenBy>
      <p0826-teimww:person knoraType="link_value" linkType="ref" target="ww_04be28b306578ec5"/>
    </p0826-teimww:isWrittenBy>
    <p0826-teimww:publishDate knoraType="date_value">GREGORIAN:1650:1650</p0826-teimww:publishDate>
    <p0826-teimww:title knoraType="richtext_value">Herba Parietis or The Wallflower</p0826-teimww:title>
  </p0826-teimww:book>
  <p0826-teimww:book id="ww_7e06ddc361922671">
    <knoraXmlImport:label>Amandus and Soph</knoraXmlImport:label>
    <p0826-teimww:bookInternalId knoraType="richtext_value">@005266</p0826-teimww:bookInternalId>
    <p0826-teimww:createdDate knoraType="date_value">GREGORIAN:1650:1650</p0826-teimww:createdDate>
    <p0826-teimww:edition knoraType="richtext_value">The Loves of Amandus and Sophronia, Historically Narrated. A Piece of rare Contexture, Inriched with many pleasing Odes and Sonnets, occasioned by the Jocular, or Tragicall occurrences, hapning in the Progresse of the Historie [...]. London: G. D. for Iohn Hardestie [...], 1650.</p0826-teimww:edition>
    <p0826-teimww:hasLanguage knoraType="richtext_value">English</p0826-teimww:hasLanguage>
    <p0826-teimww:isWrittenBy>
      <p0826-teimww:person knoraType="link_value" linkType="ref" target="ww_787e0c8864df7063"/>
    </p0826-teimww:isWrittenBy>
    <p0826-teimww:publishDate knoraType="date_value">GREGORIAN:1650:1650</p0826-teimww:publishDate>
    <p0826-teimww:title knoraType="richtext_value">Amandus and Sophronia</p0826-teimww:title>
  </p0826-teimww:book>
  <p0826-teimww:book id="ww_f199cfde13151fb2">
    <knoraXmlImport:label>Virginia</knoraXmlImport:label>
    <p0826-teimww:bookInternalId knoraType="richtext_value">@006028</p0826-teimww:bookInternalId>
    <p0826-teimww:createdDate knoraType="date_value">GREGORIAN:1650:1650</p0826-teimww:createdDate>
    <p0826-teimww:edition knoraType="richtext_value">Virginia. More especially the south part thereof, richly and truly valued: viz. The fertile Carolana, and no lesse excellent isle of Roanoak, of latitude from 31. to 37. degr. relating the meanes of raysing infinite profits to the adventurers and planters. The 2d ed., with addition of the Discovery of silkworms, with their benefit. And implanting of mulberry trees. Also the dressing of vines, for the rich trade of making wines in Virginia. Together with the making of the saw-mill, very usefull in Virginia, for cutting of timber and clapbord to build withall, and its conversion to many as profitable uses. By E. W. Gent. London: T. H. for John Stephenson, 1650.</p0826-teimww:edition>
    <p0826-teimww:hasLanguage knoraType="richtext_value">English</p0826-teimww:hasLanguage>
    <p0826-teimww:isWrittenBy>
      <p0826-teimww:person knoraType="link_value" linkType="ref" target="ww_0c2a410a5981bc2f"/>
    </p0826-teimww:isWrittenBy>
    <p0826-teimww:publishDate knoraType="date_value">GREGORIAN:1650:1650</p0826-teimww:publishDate>
    <p0826-teimww:title knoraType="richtext_value">Virginia</p0826-teimww:title>
  </p0826-teimww:book>
  <p0826-teimww:book id="ww_431a6ab165ad4f22">
    <knoraXmlImport:label>The Saints Everl</knoraXmlImport:label>
    <p0826-teimww:bookInternalId knoraType="richtext_value">@006029</p0826-teimww:bookInternalId>
    <p0826-teimww:createdDate knoraType="date_value">GREGORIAN:1650:1650</p0826-teimww:createdDate>
    <p0826-teimww:edition knoraType="richtext_value">The Saints' Everlasting Rest. Or, A Treatise on the Blessed State of the Saints in their Enjoyment of God in Heaven. 1650.</p0826-teimww:edition>
    <p0826-teimww:hasLanguage knoraType="richtext_value">English</p0826-teimww:hasLanguage>
    <p0826-teimww:isWrittenBy>
      <p0826-teimww:person knoraType="link_value" linkType="ref" target="ww_233549b5e20bde77"/>
    </p0826-teimww:isWrittenBy>
    <p0826-teimww:publishDate knoraType="date_value">GREGORIAN:1650:1650</p0826-teimww:publishDate>
    <p0826-teimww:title knoraType="richtext_value">The Saints Everlasting Rest</p0826-teimww:title>
  </p0826-teimww:book>
  <p0826-teimww:book id="ww_48416dc87795b969">
    <knoraXmlImport:label>The Flower of Fi</knoraXmlImport:label>
    <p0826-teimww:bookInternalId knoraType="richtext_value">@006030</p0826-teimww:bookInternalId>
    <p0826-teimww:createdDate knoraType="date_value">GREGORIAN:1650:1650</p0826-teimww:createdDate>
    <p0826-teimww:edition knoraType="richtext_value">The Flower of Fidelitie. Displaying In a Continuate Historie, The various Adventures of Three Foraign Princes. London: George Badger et al., 1650.</p0826-teimww:edition>
    <p0826-teimww:hasLanguage knoraType="richtext_value">English</p0826-teimww:hasLanguage>
    <p0826-teimww:isWrittenBy>
      <p0826-teimww:person knoraType="link_value" linkType="ref" target="ww_54e7c8428ba6024c"/>
    </p0826-teimww:isWrittenBy>
    <p0826-teimww:publishDate knoraType="date_value">GREGORIAN:1650:1650</p0826-teimww:publishDate>
    <p0826-teimww:title knoraType="richtext_value">The Flower of Fidelity</p0826-teimww:title>
  </p0826-teimww:book>
  <p0826-teimww:book id="ww_357f61b2476e862d">
    <knoraXmlImport:label>Philosophical Ru</knoraXmlImport:label>
    <p0826-teimww:bookInternalId knoraType="richtext_value">@006031</p0826-teimww:bookInternalId>
    <p0826-teimww:createdDate knoraType="date_value">GREGORIAN:1651:1651</p0826-teimww:createdDate>
    <p0826-teimww:edition knoraType="richtext_value">The English Works of Thomas Hobbes of Malmesbury. Ed. Sir William Molesworth. 11 vols. London: John Bohn, 1841.</p0826-teimww:edition>
    <p0826-teimww:hasLanguage knoraType="richtext_value">English</p0826-teimww:hasLanguage>
    <p0826-teimww:isWrittenBy>
      <p0826-teimww:person knoraType="link_value" linkType="ref" target="ww_7b09cc53f410fd7f"/>
    </p0826-teimww:isWrittenBy>
    <p0826-teimww:publishDate knoraType="date_value">GREGORIAN:1651:1651</p0826-teimww:publishDate>
    <p0826-teimww:title knoraType="richtext_value">Philosophical Rudiments Concerning Government and Society</p0826-teimww:title>
  </p0826-teimww:book>
  <p0826-teimww:book id="ww_187ba0b1cecebca0">
    <knoraXmlImport:label>Emilio</knoraXmlImport:label>
    <p0826-teimww:bookInternalId knoraType="richtext_value">@005267</p0826-teimww:bookInternalId>
    <p0826-teimww:createdDate knoraType="date_value">GREGORIAN:1652:1652</p0826-teimww:createdDate>
    <p0826-teimww:edition knoraType="richtext_value">Choice Novels, and Amorous Tales Written By the most Refined Wits of Italy. Newly translated into English. London: T. N. for Humphrey Moseley et al., 1652. 156-171.</p0826-teimww:edition>
    <p0826-teimww:hasLanguage knoraType="richtext_value">English</p0826-teimww:hasLanguage>
    <p0826-teimww:isWrittenBy>
      <p0826-teimww:person knoraType="link_value" linkType="ref" target="ww_212c78497ddc32c5"/>
    </p0826-teimww:isWrittenBy>
    <p0826-teimww:publishDate knoraType="date_value">GREGORIAN:1652:1652</p0826-teimww:publishDate>
    <p0826-teimww:title knoraType="richtext_value">Emilio</p0826-teimww:title>
  </p0826-teimww:book>
  <p0826-teimww:book id="ww_a13a1658b3b4e0f2">
    <knoraXmlImport:label>Select Discourse</knoraXmlImport:label>
    <p0826-teimww:bookInternalId knoraType="richtext_value">@006032</p0826-teimww:bookInternalId>
    <p0826-teimww:createdDate knoraType="date_value">GREGORIAN:1652:1652</p0826-teimww:createdDate>
    <p0826-teimww:edition knoraType="richtext_value">Select discourses treating 1. Of the true way or method of attaining to divine knowledge. 2. Of superstition. 3. Of atheism. [...] London: J. Flesher for W. Morden, 1660.</p0826-teimww:edition>
    <p0826-teimww:hasLanguage knoraType="richtext_value">English</p0826-teimww:hasLanguage>
    <p0826-teimww:isWrittenBy>
      <p0826-teimww:person knoraType="link_value" linkType="ref" target="ww_ef61a579c907bbed"/>
    </p0826-teimww:isWrittenBy>
    <p0826-teimww:publishDate knoraType="date_value">GREGORIAN:1652:1652</p0826-teimww:publishDate>
    <p0826-teimww:title knoraType="richtext_value">Select Discourses</p0826-teimww:title>
  </p0826-teimww:book>
  <p0826-teimww:book id="ww_b8a53fa148ff9ccd">
    <knoraXmlImport:label>Precious Remedie</knoraXmlImport:label>
    <p0826-teimww:bookInternalId knoraType="richtext_value">@005158</p0826-teimww:bookInternalId>
    <p0826-teimww:createdDate knoraType="date_value">GREGORIAN:1652:1652</p0826-teimww:createdDate>
    <p0826-teimww:edition knoraType="richtext_value">Precious remedies against Satan's devices or, salve for believers and unbelievers sores being a companion for those that are in Christ or out of Christ, that slight or neglect Ordinances, under a pretence of living above them; that are growing (in Spirituals) or decaying; that are Tempted, or Deserted; Afflicted or opposed; that have Assurance, or that want Assurance, &amp;c. [...]. London: John Hancock, 1705.</p0826-teimww:edition>
    <p0826-teimww:hasLanguage knoraType="richtext_value">English</p0826-teimww:hasLanguage>
    <p0826-teimww:isWrittenBy>
      <p0826-teimww:person knoraType="link_value" linkType="ref" target="ww_0a505738588da233"/>
    </p0826-teimww:isWrittenBy>
    <p0826-teimww:publishDate knoraType="date_value">GREGORIAN:1652:1652</p0826-teimww:publishDate>
    <p0826-teimww:title knoraType="richtext_value">Precious Remedies against Satans Devices</p0826-teimww:title>
  </p0826-teimww:book>
  <p0826-teimww:book id="ww_50252be95e444aa3">
    <knoraXmlImport:label>The Commonwealth</knoraXmlImport:label>
    <p0826-teimww:bookInternalId knoraType="richtext_value">@006033</p0826-teimww:bookInternalId>
    <p0826-teimww:createdDate knoraType="date_value">GREGORIAN:1653:1653</p0826-teimww:createdDate>
    <p0826-teimww:edition knoraType="richtext_value">The Common-Wealth of Oceana. London: J. Streater, 1656.</p0826-teimww:edition>
    <p0826-teimww:hasLanguage knoraType="richtext_value">English</p0826-teimww:hasLanguage>
    <p0826-teimww:isWrittenBy>
      <p0826-teimww:person knoraType="link_value" linkType="ref" target="ww_45fdb82cc1c57b49"/>
    </p0826-teimww:isWrittenBy>
    <p0826-teimww:publishDate knoraType="date_value">GREGORIAN:1653:1653</p0826-teimww:publishDate>
    <p0826-teimww:title knoraType="richtext_value">The Commonwealth of Oceana</p0826-teimww:title>
  </p0826-teimww:book>
  <p0826-teimww:book id="ww_c137a625e9418655">
    <knoraXmlImport:label>The English Trea</knoraXmlImport:label>
    <p0826-teimww:bookInternalId knoraType="richtext_value">@005455</p0826-teimww:bookInternalId>
    <p0826-teimww:createdDate knoraType="date_value">GREGORIAN:1655:1655</p0826-teimww:createdDate>
    <p0826-teimww:edition knoraType="richtext_value">The English treasury of wit and language. Collected out of the most, and best of our English drammatick poems; methodically digested into common places for generall use. London: Humphrey Moseley, 1655.</p0826-teimww:edition>
    <p0826-teimww:hasLanguage knoraType="richtext_value">English</p0826-teimww:hasLanguage>
    <p0826-teimww:isWrittenBy>
      <p0826-teimww:person knoraType="link_value" linkType="ref" target="ww_f35c2f8694b10626"/>
    </p0826-teimww:isWrittenBy>
    <p0826-teimww:publishDate knoraType="date_value">GREGORIAN:1655:1655</p0826-teimww:publishDate>
    <p0826-teimww:title knoraType="richtext_value">The English Treasury of Wit and Language</p0826-teimww:title>
  </p0826-teimww:book>
  <p0826-teimww:book id="ww_f72b73130bf5144e">
    <knoraXmlImport:label>Wits Interpreter</knoraXmlImport:label>
    <p0826-teimww:bookInternalId knoraType="richtext_value">@005145</p0826-teimww:bookInternalId>
    <p0826-teimww:createdDate knoraType="date_value">GREGORIAN:1655:1655</p0826-teimww:createdDate>
    <p0826-teimww:edition knoraType="richtext_value">Wits interpreter, the English Pernassus. Or, a sure guide to those admirable accomplishments that compleat our English gentry, in the most acceptable qualifications of discourse, or writing [...]. London: N. Brooke, 1655.</p0826-teimww:edition>
    <p0826-teimww:hasLanguage knoraType="richtext_value">English</p0826-teimww:hasLanguage>
    <p0826-teimww:isWrittenBy>
      <p0826-teimww:person knoraType="link_value" linkType="ref" target="ww_f35c2f8694b10626"/>
    </p0826-teimww:isWrittenBy>
    <p0826-teimww:publishDate knoraType="date_value">GREGORIAN:1655:1655</p0826-teimww:publishDate>
    <p0826-teimww:title knoraType="richtext_value">Wits Interpreter, the English Parnassus</p0826-teimww:title>
  </p0826-teimww:book>
  <p0826-teimww:book id="ww_a4d935e148cb86d4">
    <knoraXmlImport:label>Shakespeare in Q</knoraXmlImport:label>
    <p0826-teimww:bookInternalId knoraType="richtext_value">@010034</p0826-teimww:bookInternalId>
    <p0826-teimww:edition knoraType="richtext_value">The Appropriation of Shakespeare. Ed. Jean Marsden. New York: Harvester Wheatsheaf, 1991.</p0826-teimww:edition>
    <p0826-teimww:isWrittenBy>
      <p0826-teimww:person knoraType="link_value" linkType="ref" target="ww_aee1340a336646a7"/>
    </p0826-teimww:isWrittenBy>
    <p0826-teimww:title knoraType="richtext_value">Shakespeare in Quotation Marks</p0826-teimww:title>
  </p0826-teimww:book>
  <p0826-teimww:book id="ww_23fbae69b0a161a0">
    <knoraXmlImport:label>The Lusiad</knoraXmlImport:label>
    <p0826-teimww:bookInternalId knoraType="richtext_value">@005146</p0826-teimww:bookInternalId>
    <p0826-teimww:createdDate knoraType="date_value">GREGORIAN:1655:1655</p0826-teimww:createdDate>
    <p0826-teimww:edition knoraType="richtext_value">The Lusiad. or, Portugals Historicall Poem: Written In the Portingall Language By Luis de Camoens; And Now newly put into English by Richard Fanshaw. London: Humphrey Mosely, 1655.</p0826-teimww:edition>
    <p0826-teimww:hasLanguage knoraType="richtext_value">English</p0826-teimww:hasLanguage>
    <p0826-teimww:isWrittenBy>
      <p0826-teimww:person knoraType="link_value" linkType="ref" target="ww_49457e542cea105a"/>
    </p0826-teimww:isWrittenBy>
    <p0826-teimww:publishDate knoraType="date_value">GREGORIAN:1655:1655</p0826-teimww:publishDate>
    <p0826-teimww:title knoraType="richtext_value">The Lusiad</p0826-teimww:title>
  </p0826-teimww:book>
  <p0826-teimww:book id="ww_faa12914631ceeed">
    <knoraXmlImport:label>Life</knoraXmlImport:label>
    <p0826-teimww:bookInternalId knoraType="richtext_value">@005679</p0826-teimww:bookInternalId>
    <p0826-teimww:createdDate knoraType="date_value">GREGORIAN:1656:1656</p0826-teimww:createdDate>
    <p0826-teimww:edition knoraType="richtext_value">The Works of Mr. Abraham Cowley. Consisting of Those which were formerly Printed: And Those which he Design'd for the Press, Now Published out of the Authors Original Copies. Ed. A. R. Waller. 2 Vols. Cambridge: Cambridge University Press, 1905.</p0826-teimww:edition>
    <p0826-teimww:hasLanguage knoraType="richtext_value">English</p0826-teimww:hasLanguage>
    <p0826-teimww:isWrittenBy>
      <p0826-teimww:person knoraType="link_value" linkType="ref" target="ww_e491214ca0e29ca0"/>
    </p0826-teimww:isWrittenBy>
    <p0826-teimww:publishDate knoraType="date_value">GREGORIAN:1656:1656</p0826-teimww:publishDate>
    <p0826-teimww:title knoraType="richtext_value">Life</p0826-teimww:title>
  </p0826-teimww:book>
  <p0826-teimww:book id="ww_7a83ff41ea7ade4f">
    <knoraXmlImport:label>Davideis</knoraXmlImport:label>
    <p0826-teimww:bookInternalId knoraType="richtext_value">@006034</p0826-teimww:bookInternalId>
    <p0826-teimww:createdDate knoraType="date_value">GREGORIAN:1656:1656</p0826-teimww:createdDate>
    <p0826-teimww:edition knoraType="richtext_value">Davideis. A Sacred Poem of the Troubles of David. London. 1656.</p0826-teimww:edition>
    <p0826-teimww:hasLanguage knoraType="richtext_value">English</p0826-teimww:hasLanguage>
    <p0826-teimww:isWrittenBy>
      <p0826-teimww:person knoraType="link_value" linkType="ref" target="ww_e491214ca0e29ca0"/>
    </p0826-teimww:isWrittenBy>
    <p0826-teimww:publishDate knoraType="date_value">GREGORIAN:1656:1656</p0826-teimww:publishDate>
    <p0826-teimww:title knoraType="richtext_value">Davideis</p0826-teimww:title>
  </p0826-teimww:book>
  <p0826-teimww:book id="ww_322f738c006a31d2">
    <knoraXmlImport:label>To My Sister Ann</knoraXmlImport:label>
    <p0826-teimww:bookInternalId knoraType="richtext_value">@006036</p0826-teimww:bookInternalId>
    <p0826-teimww:createdDate knoraType="date_value">GREGORIAN:1657:1657</p0826-teimww:createdDate>
    <p0826-teimww:edition knoraType="richtext_value">Poems, Elegies, Paradoxes, and Sonnets. London: J.G. for Richard Marriot and Henry Herringman, 1657.</p0826-teimww:edition>
    <p0826-teimww:hasLanguage knoraType="richtext_value">English</p0826-teimww:hasLanguage>
    <p0826-teimww:isWrittenBy>
      <p0826-teimww:person knoraType="link_value" linkType="ref" target="ww_2eb1934555aef857"/>
    </p0826-teimww:isWrittenBy>
    <p0826-teimww:publishDate knoraType="date_value">GREGORIAN:1657:1657</p0826-teimww:publishDate>
    <p0826-teimww:title knoraType="richtext_value">To My Sister Ann King, Who Chid Me in Verse for Being Angry</p0826-teimww:title>
  </p0826-teimww:book>
  <p0826-teimww:book id="ww_a712f959230131ce">
    <knoraXmlImport:label>Some Further Sha</knoraXmlImport:label>
    <p0826-teimww:bookInternalId knoraType="richtext_value">@010122</p0826-teimww:bookInternalId>
    <p0826-teimww:edition knoraType="richtext_value">Modern Language Notes 33:4 (April 1918): 204-208. </p0826-teimww:edition>
    <p0826-teimww:isWrittenBy>
      <p0826-teimww:person knoraType="link_value" linkType="ref" target="ww_90dfde11c66bf938"/>
    </p0826-teimww:isWrittenBy>
    <p0826-teimww:title knoraType="richtext_value">Some Further Shakspere Allusions or Parallels</p0826-teimww:title>
  </p0826-teimww:book>
  <p0826-teimww:book id="ww_c42b80eb2111c736">
    <knoraXmlImport:label>The Mystery and </knoraXmlImport:label>
    <p0826-teimww:bookInternalId knoraType="richtext_value">@005159</p0826-teimww:bookInternalId>
    <p0826-teimww:createdDate knoraType="date_value">GREGORIAN:1657:1657</p0826-teimww:createdDate>
    <p0826-teimww:edition knoraType="richtext_value">Mysterium &amp; medulla bibliorum. The mysterie and marrow of the Bible: viz. God's covenants with man, in the first Adam, before the fall: and in the last Adam Jesus Christ, after the fall; from the beginning to the end of the world; unfolded &amp; illustrated in positive aphorisms &amp; their explanations. London: George Calvert, 1657.</p0826-teimww:edition>
    <p0826-teimww:hasLanguage knoraType="richtext_value">English</p0826-teimww:hasLanguage>
    <p0826-teimww:isWrittenBy>
      <p0826-teimww:person knoraType="link_value" linkType="ref" target="ww_2d0e467265941c0c"/>
    </p0826-teimww:isWrittenBy>
    <p0826-teimww:publishDate knoraType="date_value">GREGORIAN:1657:1657</p0826-teimww:publishDate>
    <p0826-teimww:title knoraType="richtext_value">The Mystery and Marrow of the Bible </p0826-teimww:title>
  </p0826-teimww:book>
  <p0826-teimww:book id="ww_e84d1c1d6154142c">
    <knoraXmlImport:label>The Silent Soul</knoraXmlImport:label>
    <p0826-teimww:bookInternalId knoraType="richtext_value">@005160</p0826-teimww:bookInternalId>
    <p0826-teimww:createdDate knoraType="date_value">GREGORIAN:1658:1658</p0826-teimww:createdDate>
    <p0826-teimww:edition knoraType="richtext_value">The silent soul. With soveraign [sic] antidotes against the most miserable exigents: or, A Christian with an olive leaf in his mouth, when he is under the greatest afflictions, the sharpest and sorest trials and troubles, the saddest and darkest providences and changes, with answers to divers questions and objections that are of greatest importance; all tending to win and work souls to be still, quiet, calm, and silent under all changes that have, or may pass upon them in this world [...]. Boston: Nicholas Boone, 1728.</p0826-teimww:edition>
    <p0826-teimww:hasLanguage knoraType="richtext_value">English</p0826-teimww:hasLanguage>
    <p0826-teimww:isWrittenBy>
      <p0826-teimww:person knoraType="link_value" linkType="ref" target="ww_0a505738588da233"/>
    </p0826-teimww:isWrittenBy>
    <p0826-teimww:publishDate knoraType="date_value">GREGORIAN:1658:1658</p0826-teimww:publishDate>
    <p0826-teimww:title knoraType="richtext_value">The Silent Soul</p0826-teimww:title>
  </p0826-teimww:book>
  <p0826-teimww:book id="ww_f206840240092837">
    <knoraXmlImport:label>A Few Sighs From</knoraXmlImport:label>
    <p0826-teimww:bookInternalId knoraType="richtext_value">@006037</p0826-teimww:bookInternalId>
    <p0826-teimww:createdDate knoraType="date_value">GREGORIAN:1658:1658</p0826-teimww:createdDate>
    <p0826-teimww:edition knoraType="richtext_value">A Few Sighs from Hell.</p0826-teimww:edition>
    <p0826-teimww:hasLanguage knoraType="richtext_value">English</p0826-teimww:hasLanguage>
    <p0826-teimww:isWrittenBy>
      <p0826-teimww:person knoraType="link_value" linkType="ref" target="ww_89212d9cbea3d1a7"/>
    </p0826-teimww:isWrittenBy>
    <p0826-teimww:publishDate knoraType="date_value">GREGORIAN:1658:1658</p0826-teimww:publishDate>
    <p0826-teimww:title knoraType="richtext_value">A Few Sighs From Hell</p0826-teimww:title>
  </p0826-teimww:book>
  <p0826-teimww:book id="ww_fcbf4ca569f9c213">
    <knoraXmlImport:label>Paradise Lost</knoraXmlImport:label>
    <p0826-teimww:bookInternalId knoraType="richtext_value">@005148</p0826-teimww:bookInternalId>
    <p0826-teimww:createdDate knoraType="date_value">GREGORIAN:1658:1667</p0826-teimww:createdDate>
    <p0826-teimww:edition knoraType="richtext_value">Paradise Lost. The Poetical Works of John Milton. Ed. Helen Darbishire. 2 vols. Oxford: Clarendon Press, 1952.</p0826-teimww:edition>
    <p0826-teimww:hasLanguage knoraType="richtext_value">English</p0826-teimww:hasLanguage>
    <p0826-teimww:isWrittenBy>
      <p0826-teimww:person knoraType="link_value" linkType="ref" target="ww_4972531db9405dfc"/>
    </p0826-teimww:isWrittenBy>
    <p0826-teimww:publishDate knoraType="date_value">GREGORIAN:1658:1667</p0826-teimww:publishDate>
    <p0826-teimww:title knoraType="richtext_value">Paradise Lost</p0826-teimww:title>
  </p0826-teimww:book>
  <p0826-teimww:book id="ww_97132fccae612c76">
    <knoraXmlImport:label>Wit Restored in </knoraXmlImport:label>
    <p0826-teimww:bookInternalId knoraType="richtext_value">@005161</p0826-teimww:bookInternalId>
    <p0826-teimww:createdDate knoraType="date_value">GREGORIAN:1658:1658</p0826-teimww:createdDate>
    <p0826-teimww:edition knoraType="richtext_value">Wit Restor'd. In severall Select Poems not formerly publish't. London. 1658.</p0826-teimww:edition>
    <p0826-teimww:hasLanguage knoraType="richtext_value">English</p0826-teimww:hasLanguage>
    <p0826-teimww:isWrittenBy>
      <p0826-teimww:person knoraType="link_value" linkType="ref" target="ww_212c78497ddc32c5"/>
    </p0826-teimww:isWrittenBy>
    <p0826-teimww:publishDate knoraType="date_value">GREGORIAN:1658:1658</p0826-teimww:publishDate>
    <p0826-teimww:title knoraType="richtext_value">Wit Restored in Several Select Poems</p0826-teimww:title>
  </p0826-teimww:book>
  <p0826-teimww:book id="ww_de8b536374e2d437">
    <knoraXmlImport:label>Pharonnida</knoraXmlImport:label>
    <p0826-teimww:bookInternalId knoraType="richtext_value">@006038</p0826-teimww:bookInternalId>
    <p0826-teimww:createdDate knoraType="date_value">GREGORIAN:1659:1659</p0826-teimww:createdDate>
    <p0826-teimww:edition knoraType="richtext_value">Pharonnida. A Tragi-comicall Poem. London: Robert Clavell, 1659.</p0826-teimww:edition>
    <p0826-teimww:hasLanguage knoraType="richtext_value">English</p0826-teimww:hasLanguage>
    <p0826-teimww:isWrittenBy>
      <p0826-teimww:person knoraType="link_value" linkType="ref" target="ww_21ac77136c4b7f18"/>
    </p0826-teimww:isWrittenBy>
    <p0826-teimww:publishDate knoraType="date_value">GREGORIAN:1659:1659</p0826-teimww:publishDate>
    <p0826-teimww:title knoraType="richtext_value">Pharonnida</p0826-teimww:title>
  </p0826-teimww:book>
  <p0826-teimww:book id="ww_cf3570b2708cc102">
    <knoraXmlImport:label>The Lord Henry C</knoraXmlImport:label>
    <p0826-teimww:bookInternalId knoraType="richtext_value">@006039</p0826-teimww:bookInternalId>
    <p0826-teimww:createdDate knoraType="date_value">GREGORIAN:1659:1659</p0826-teimww:createdDate>
    <p0826-teimww:edition knoraType="richtext_value">5 [normalised spelling].</p0826-teimww:edition>
    <p0826-teimww:hasLanguage knoraType="richtext_value">English</p0826-teimww:hasLanguage>
    <p0826-teimww:isWrittenBy>
      <p0826-teimww:person knoraType="link_value" linkType="ref" target="ww_ecc7850e1819f101"/>
    </p0826-teimww:isWrittenBy>
    <p0826-teimww:publishDate knoraType="date_value">GREGORIAN:1659:1659</p0826-teimww:publishDate>
    <p0826-teimww:title knoraType="richtext_value">The Lord Henry Cromwells Speech in the House</p0826-teimww:title>
  </p0826-teimww:book>
  <p0826-teimww:book id="ww_9f935384b4d905d4">
    <knoraXmlImport:label>The Wits</knoraXmlImport:label>
    <p0826-teimww:bookInternalId knoraType="richtext_value">@006042</p0826-teimww:bookInternalId>
    <p0826-teimww:createdDate knoraType="date_value">GREGORIAN:1662:1662</p0826-teimww:createdDate>
    <p0826-teimww:edition knoraType="richtext_value">The wits. Or, sport upon Sport in Select Pieces of Drollery. Digested into Scenes by way of dialogue. Together with Variety of Humors of several Nations, fitted for the pleasure and content of all persons, either in Court, City of Camp. The like never before Published. London: Henry Marsh, 1662.</p0826-teimww:edition>
    <p0826-teimww:hasLanguage knoraType="richtext_value">English</p0826-teimww:hasLanguage>
    <p0826-teimww:isWrittenBy>
      <p0826-teimww:person knoraType="link_value" linkType="ref" target="ww_212c78497ddc32c5"/>
    </p0826-teimww:isWrittenBy>
    <p0826-teimww:publishDate knoraType="date_value">GREGORIAN:1662:1662</p0826-teimww:publishDate>
    <p0826-teimww:title knoraType="richtext_value">The Wits</p0826-teimww:title>
  </p0826-teimww:book>
  <p0826-teimww:book id="ww_8cdaec1672ea3f81">
    <knoraXmlImport:label>The Making of th</knoraXmlImport:label>
    <p0826-teimww:bookInternalId knoraType="richtext_value">@007504</p0826-teimww:bookInternalId>
    <p0826-teimww:edition knoraType="richtext_value">The Making of the National Poet: Shakespeare, Adaptation and Authorship. Oxford: Clarendon Press, 1992.</p0826-teimww:edition>
    <p0826-teimww:isWrittenBy>
      <p0826-teimww:person knoraType="link_value" linkType="ref" target="ww_9cb12dabd79aaa48"/>
    </p0826-teimww:isWrittenBy>
    <p0826-teimww:title knoraType="richtext_value">The Making of the National Poet</p0826-teimww:title>
  </p0826-teimww:book>
  <p0826-teimww:book id="ww_42b80558396b524c">
    <knoraXmlImport:label>Upon the return </knoraXmlImport:label>
    <p0826-teimww:bookInternalId knoraType="richtext_value">@005237</p0826-teimww:bookInternalId>
    <p0826-teimww:createdDate knoraType="date_value">GREGORIAN:1662:1662</p0826-teimww:createdDate>
    <p0826-teimww:edition knoraType="richtext_value">Flamma Sine Fumo. 1662.</p0826-teimww:edition>
    <p0826-teimww:hasLanguage knoraType="richtext_value">English</p0826-teimww:hasLanguage>
    <p0826-teimww:isWrittenBy>
      <p0826-teimww:person knoraType="link_value" linkType="ref" target="ww_cec49ffd7da55dfe"/>
    </p0826-teimww:isWrittenBy>
    <p0826-teimww:publishDate knoraType="date_value">GREGORIAN:1662:1662</p0826-teimww:publishDate>
    <p0826-teimww:title knoraType="richtext_value">Upon the return of our most illustrious King Charles the second from Flanders to England</p0826-teimww:title>
  </p0826-teimww:book>
  <p0826-teimww:book id="ww_0a21b881126b70a2">
    <knoraXmlImport:label>Poem</knoraXmlImport:label>
    <p0826-teimww:bookInternalId knoraType="richtext_value">@006043</p0826-teimww:bookInternalId>
    <p0826-teimww:createdDate knoraType="date_value">GREGORIAN:1664:1664</p0826-teimww:createdDate>
    <p0826-teimww:edition knoraType="richtext_value">Poems, Lyrique, Macaronique, Heroique etc. London. 1664.</p0826-teimww:edition>
    <p0826-teimww:hasLanguage knoraType="richtext_value">English</p0826-teimww:hasLanguage>
    <p0826-teimww:isWrittenBy>
      <p0826-teimww:person knoraType="link_value" linkType="ref" target="ww_32dca9fbc0b73e7d"/>
    </p0826-teimww:isWrittenBy>
    <p0826-teimww:publishDate knoraType="date_value">GREGORIAN:1664:1664</p0826-teimww:publishDate>
    <p0826-teimww:title knoraType="richtext_value">Poem</p0826-teimww:title>
  </p0826-teimww:book>
  <p0826-teimww:book id="ww_53feab5ba0c6e832">
    <knoraXmlImport:label>Diary (Pepys)</knoraXmlImport:label>
    <p0826-teimww:bookInternalId knoraType="richtext_value">@006044</p0826-teimww:bookInternalId>
    <p0826-teimww:createdDate knoraType="date_value">GREGORIAN:1665:1665</p0826-teimww:createdDate>
    <p0826-teimww:edition knoraType="richtext_value">The Diary of Samuel Pepys. Gen. eds. Robert Latham and William Matthews. 11 vols. London: G. Bell and Sons Ltd, 1972. Vol. 6, 191-192.</p0826-teimww:edition>
    <p0826-teimww:hasLanguage knoraType="richtext_value">English</p0826-teimww:hasLanguage>
    <p0826-teimww:isWrittenBy>
      <p0826-teimww:person knoraType="link_value" linkType="ref" target="ww_b0e8b25ec4a58d96"/>
    </p0826-teimww:isWrittenBy>
    <p0826-teimww:publishDate knoraType="date_value">GREGORIAN:1665:1665</p0826-teimww:publishDate>
    <p0826-teimww:title knoraType="richtext_value">Diary (Pepys)</p0826-teimww:title>
  </p0826-teimww:book>
  <p0826-teimww:book id="ww_ec27b2270cfe4c10">
    <knoraXmlImport:label>After Shakespear</knoraXmlImport:label>
    <p0826-teimww:bookInternalId knoraType="richtext_value">@010114</p0826-teimww:bookInternalId>
    <p0826-teimww:edition knoraType="richtext_value">After Shakespeare: An Anthology. Oxford: Oxford University Press, 2002.</p0826-teimww:edition>
    <p0826-teimww:isWrittenBy>
      <p0826-teimww:person knoraType="link_value" linkType="ref" target="ww_074785f50aa8a606"/>
    </p0826-teimww:isWrittenBy>
    <p0826-teimww:title knoraType="richtext_value">After Shakespeare</p0826-teimww:title>
  </p0826-teimww:book>
  <p0826-teimww:book id="ww_e5c5130f309e279d">
    <knoraXmlImport:label>Diary of Samuel </knoraXmlImport:label>
    <p0826-teimww:bookInternalId knoraType="richtext_value">@005264</p0826-teimww:bookInternalId>
    <p0826-teimww:edition knoraType="richtext_value">eds. The Diary of Samuel Pepys. 11 vols. London: G. Bell and Sons, 1970-1983.</p0826-teimww:edition>
    <p0826-teimww:isWrittenBy>
      <p0826-teimww:person knoraType="link_value" linkType="ref" target="ww_7eeba8f5c3297504"/>
    </p0826-teimww:isWrittenBy>
    <p0826-teimww:isWrittenBy>
      <p0826-teimww:person knoraType="link_value" linkType="ref" target="ww_993c302bdd89aa39"/>
    </p0826-teimww:isWrittenBy>
    <p0826-teimww:title knoraType="richtext_value">Diary of Samuel Pepys (Latham edition)</p0826-teimww:title>
  </p0826-teimww:book>
  <p0826-teimww:book id="ww_db2d9b4ec38dee80">
    <knoraXmlImport:label>The English Rogu</knoraXmlImport:label>
    <p0826-teimww:bookInternalId knoraType="richtext_value">@005239</p0826-teimww:bookInternalId>
    <p0826-teimww:createdDate knoraType="date_value">GREGORIAN:1665:1665</p0826-teimww:createdDate>
    <p0826-teimww:edition knoraType="richtext_value">The English Rogue. Part 1. 1665.</p0826-teimww:edition>
    <p0826-teimww:hasLanguage knoraType="richtext_value">English</p0826-teimww:hasLanguage>
    <p0826-teimww:isWrittenBy>
      <p0826-teimww:person knoraType="link_value" linkType="ref" target="ww_27b9fb1569806ab3"/>
    </p0826-teimww:isWrittenBy>
    <p0826-teimww:publishDate knoraType="date_value">GREGORIAN:1665:1665</p0826-teimww:publishDate>
    <p0826-teimww:title knoraType="richtext_value">The English Rogue</p0826-teimww:title>
  </p0826-teimww:book>
  <p0826-teimww:book id="ww_c8ba21232e68b85f">
    <knoraXmlImport:label>Paradise Regaine</knoraXmlImport:label>
    <p0826-teimww:bookInternalId knoraType="richtext_value">@010039</p0826-teimww:bookInternalId>
    <p0826-teimww:edition knoraType="richtext_value">ed. Paradise Regained, a Poem by John Milton. With Notes of Various Authors. London: George Stafford, 1800.</p0826-teimww:edition>
    <p0826-teimww:isWrittenBy>
      <p0826-teimww:person knoraType="link_value" linkType="ref" target="ww_8e781f3f3e6e8547"/>
    </p0826-teimww:isWrittenBy>
    <p0826-teimww:title knoraType="richtext_value">Paradise Regained (Dunster edition)</p0826-teimww:title>
  </p0826-teimww:book>
  <p0826-teimww:book id="ww_783438423dcf8af6">
    <knoraXmlImport:label>Paradise Regain'</knoraXmlImport:label>
    <p0826-teimww:bookInternalId knoraType="richtext_value">@005240</p0826-teimww:bookInternalId>
    <p0826-teimww:createdDate knoraType="date_value">GREGORIAN:1671:1671</p0826-teimww:createdDate>
    <p0826-teimww:edition knoraType="richtext_value">The Poetical Works of John Milton. Ed. Helen Darbishire. 2 vols. Oxford: Clarendon Press, 1955. Vol. 2, 1-57.</p0826-teimww:edition>
    <p0826-teimww:hasLanguage knoraType="richtext_value">English</p0826-teimww:hasLanguage>
    <p0826-teimww:isWrittenBy>
      <p0826-teimww:person knoraType="link_value" linkType="ref" target="ww_4972531db9405dfc"/>
    </p0826-teimww:isWrittenBy>
    <p0826-teimww:publishDate knoraType="date_value">GREGORIAN:1671:1671</p0826-teimww:publishDate>
    <p0826-teimww:title knoraType="richtext_value">Paradise Regain'd</p0826-teimww:title>
  </p0826-teimww:book>
  <p0826-teimww:book id="ww_8070f7d819e7ec2c">
    <knoraXmlImport:label>Samson Agonistes</knoraXmlImport:label>
    <p0826-teimww:bookInternalId knoraType="richtext_value">@005241</p0826-teimww:bookInternalId>
    <p0826-teimww:createdDate knoraType="date_value">GREGORIAN:1671:1671</p0826-teimww:createdDate>
    <p0826-teimww:edition knoraType="richtext_value">A Dramatic Poem." The Poetical Works of John Milton. Ed. Helen Darbishire. 2 vols. Oxford: Clarendon Press, 1955. Vol. 2, 59-109.</p0826-teimww:edition>
    <p0826-teimww:hasLanguage knoraType="richtext_value">English</p0826-teimww:hasLanguage>
    <p0826-teimww:isWrittenBy>
      <p0826-teimww:person knoraType="link_value" linkType="ref" target="ww_4972531db9405dfc"/>
    </p0826-teimww:isWrittenBy>
    <p0826-teimww:publishDate knoraType="date_value">GREGORIAN:1671:1671</p0826-teimww:publishDate>
    <p0826-teimww:title knoraType="richtext_value">Samson Agonistes</p0826-teimww:title>
  </p0826-teimww:book>
  <p0826-teimww:book id="ww_afbbb2ab73283de3">
    <knoraXmlImport:label>The New Academy </knoraXmlImport:label>
    <p0826-teimww:bookInternalId knoraType="richtext_value">@005702</p0826-teimww:bookInternalId>
    <p0826-teimww:createdDate knoraType="date_value">GREGORIAN:1671:1671</p0826-teimww:createdDate>
    <p0826-teimww:edition knoraType="richtext_value">The New Academy of Compliments. 1671.</p0826-teimww:edition>
    <p0826-teimww:hasLanguage knoraType="richtext_value">English</p0826-teimww:hasLanguage>
    <p0826-teimww:isWrittenBy>
      <p0826-teimww:person knoraType="link_value" linkType="ref" target="ww_212c78497ddc32c5"/>
    </p0826-teimww:isWrittenBy>
    <p0826-teimww:publishDate knoraType="date_value">GREGORIAN:1671:1671</p0826-teimww:publishDate>
    <p0826-teimww:title knoraType="richtext_value">The New Academy of Compliments</p0826-teimww:title>
  </p0826-teimww:book>
  <p0826-teimww:book id="ww_aac277609a23776a">
    <knoraXmlImport:label>An Idea of Happi</knoraXmlImport:label>
    <p0826-teimww:bookInternalId knoraType="richtext_value">@006060</p0826-teimww:bookInternalId>
    <p0826-teimww:createdDate knoraType="date_value">GREGORIAN:1683:1683</p0826-teimww:createdDate>
    <p0826-teimww:edition knoraType="richtext_value">An Idea of Happiness. In a Letter to a Friend: Enquiring Wherein the Greatest Happiness attainable by Man in this Life does consists. London: N.p., 1683.</p0826-teimww:edition>
    <p0826-teimww:hasLanguage knoraType="richtext_value">English</p0826-teimww:hasLanguage>
    <p0826-teimww:isWrittenBy>
      <p0826-teimww:person knoraType="link_value" linkType="ref" target="ww_9cebe1a656ceaee9"/>
    </p0826-teimww:isWrittenBy>
    <p0826-teimww:publishDate knoraType="date_value">GREGORIAN:1683:1683</p0826-teimww:publishDate>
    <p0826-teimww:title knoraType="richtext_value">An Idea of Happiness</p0826-teimww:title>
  </p0826-teimww:book>
  <p0826-teimww:book id="ww_a748dfac62273e2a">
    <knoraXmlImport:label>To Alexis in Ans</knoraXmlImport:label>
    <p0826-teimww:bookInternalId knoraType="richtext_value">@006067</p0826-teimww:bookInternalId>
    <p0826-teimww:createdDate knoraType="date_value">GREGORIAN:1688:1688</p0826-teimww:createdDate>
    <p0826-teimww:edition knoraType="richtext_value">ODE by Mrs. B." Lycidus: or the Lover in Fashion. Being an Account from Lycidus to Lysander, Of his Voyage from the island of love. From the French. By the same author Of the Voyage to the Isle of love. Together with a miscellany of New Poems. By Several Hands. London: Joseph Knight, and Francis Saunders Publication 1688.</p0826-teimww:edition>
    <p0826-teimww:hasLanguage knoraType="richtext_value">English</p0826-teimww:hasLanguage>
    <p0826-teimww:isWrittenBy>
      <p0826-teimww:person knoraType="link_value" linkType="ref" target="ww_1013ee760af86e0f"/>
    </p0826-teimww:isWrittenBy>
    <p0826-teimww:publishDate knoraType="date_value">GREGORIAN:1688:1688</p0826-teimww:publishDate>
    <p0826-teimww:title knoraType="richtext_value">To Alexis in Answer to his Poem against Fruition</p0826-teimww:title>
  </p0826-teimww:book>
  <p0826-teimww:book id="ww_e9a54aab3c4c1154">
    <knoraXmlImport:label>Francis Beaumont</knoraXmlImport:label>
    <p0826-teimww:bookInternalId knoraType="richtext_value">@010169</p0826-teimww:bookInternalId>
    <p0826-teimww:edition knoraType="richtext_value">Notes and Queries (2007): 320-321.</p0826-teimww:edition>
    <p0826-teimww:isWrittenBy>
      <p0826-teimww:person knoraType="link_value" linkType="ref" target="ww_20caee65dfff9798"/>
    </p0826-teimww:isWrittenBy>
    <p0826-teimww:title knoraType="richtext_value">Francis Beaumont's Allusions to Shakespeare in The Woman Hater</p0826-teimww:title>
  </p0826-teimww:book>
  <p0826-teimww:passage id="ww_fd5798728d3ecc30">
    <knoraXmlImport:label>passage</knoraXmlImport:label>
    <p0826-teimww:contains>
      <p0826-teimww:lexia knoraType="link_value" linkType="ref" target="ww_e00df3158d8dd50e"/>
    </p0826-teimww:contains>
    <p0826-teimww:contains>
      <p0826-teimww:lexia knoraType="link_value" linkType="ref" target="ww_52df5ee92ac30718"/>
    </p0826-teimww:contains>
    <p0826-teimww:hasPage knoraType="richtext_value">Vol 1, Book 2, 176-177 [normalized spelling].</p0826-teimww:hasPage>
    <p0826-teimww:hasPageHist knoraType="richtext_value">Vol 1, Book 2, 176-177.</p0826-teimww:hasPageHist>
    <p0826-teimww:hasText knoraType="richtext_value">Have you not heard these many years ago&lt;br&gt;
Jephthah was judge of Israel?&lt;br&gt;
&lt;span class="quote"&gt;He had one only daughter and no more,&lt;br&gt;
The which he loved passing well;&lt;br&gt;
And as by lot,&lt;br&gt;
God wot,&lt;br&gt;
It so came to pass,&lt;br&gt;&lt;/span&gt;
As God’s will was. </p0826-teimww:hasText>
    <p0826-teimww:hasTextHist knoraType="richtext_value">Have you not heard these many years ago&lt;br&gt;
Jeptha was judge of Israel?&lt;br&gt;
&lt;span class="quote"&gt;He had one only daughter and no mo,&lt;br&gt;
The which he loved passing well;&lt;br&gt;
And as by lott,&lt;br&gt;
God wot,&lt;br&gt;
It so came to pass,&lt;br&gt;&lt;/span&gt;
As God’s will was. </p0826-teimww:hasTextHist>
    <p0826-teimww:isMentionedIn>
      <p0826-teimww:passage knoraType="link_value" linkType="ref" target="ww_301e6d78db20cd3c"/>
    </p0826-teimww:isMentionedIn>
    <p0826-teimww:occursIn>
      <p0826-teimww:book knoraType="link_value" linkType="ref" target="ww_05a629a7b774cea6"/>
    </p0826-teimww:occursIn>
    <p0826-teimww:wasContributedBy>
      <p0826-teimww:person knoraType="link_value" linkType="ref" target="ww_72ab59d77214a6f8"/>
    </p0826-teimww:wasContributedBy>
  </p0826-teimww:passage>
  <p0826-teimww:passage id="ww_301e6d78db20cd3c">
    <knoraXmlImport:label>passage</knoraXmlImport:label>
    <p0826-teimww:occursIn>
      <p0826-teimww:book knoraType="link_value" linkType="ref" target="ww_afbf7a5ea45be9ae"/>
    </p0826-teimww:occursIn>
  </p0826-teimww:passage>
  <p0826-teimww:passage id="ww_6ae41adfb10809c1">
    <knoraXmlImport:label>passage</knoraXmlImport:label>
    <p0826-teimww:contains>
      <p0826-teimww:lexia knoraType="link_value" linkType="ref" target="ww_b776d8bb77cab3cd"/>
    </p0826-teimww:contains>
    <p0826-teimww:contains>
      <p0826-teimww:lexia knoraType="link_value" linkType="ref" target="ww_2f77a0ee65546910"/>
    </p0826-teimww:contains>
    <p0826-teimww:contains>
      <p0826-teimww:lexia knoraType="link_value" linkType="ref" target="ww_8bd6031a777fbaa8"/>
    </p0826-teimww:contains>
    <p0826-teimww:hasPage knoraType="richtext_value">21 [normalized spelling].</p0826-teimww:hasPage>
    <p0826-teimww:hasPageHist knoraType="richtext_value">21.</p0826-teimww:hasPageHist>
    <p0826-teimww:hasText knoraType="richtext_value">[Cain kills Abel with a] &lt;span class="quote"&gt;cheekbone &lt;/span&gt;[...].</p0826-teimww:hasText>
    <p0826-teimww:hasTextHist knoraType="richtext_value">[Cain kills Abel with a] &lt;span class="quote"&gt;cheke bone&lt;/span&gt;[...].</p0826-teimww:hasTextHist>
    <p0826-teimww:isMentionedIn>
      <p0826-teimww:passage knoraType="link_value" linkType="ref" target="ww_b76c4c15087b1cdc"/>
    </p0826-teimww:isMentionedIn>
    <p0826-teimww:occursIn>
      <p0826-teimww:book knoraType="link_value" linkType="ref" target="ww_2b4823c56c35d79a"/>
    </p0826-teimww:occursIn>
    <p0826-teimww:wasContributedBy>
      <p0826-teimww:person knoraType="link_value" linkType="ref" target="ww_c4063e9c72a3ffd2"/>
    </p0826-teimww:wasContributedBy>
  </p0826-teimww:passage>
  <p0826-teimww:passage id="ww_b76c4c15087b1cdc">
    <knoraXmlImport:label>passage</knoraXmlImport:label>
    <p0826-teimww:occursIn>
      <p0826-teimww:book knoraType="link_value" linkType="ref" target="ww_0b28ed19a0540e1d"/>
    </p0826-teimww:occursIn>
  </p0826-teimww:passage>
  <p0826-teimww:passage id="ww_c4730c33815c2d91">
    <knoraXmlImport:label>passage</knoraXmlImport:label>
    <p0826-teimww:contains>
      <p0826-teimww:lexia knoraType="link_value" linkType="ref" target="ww_f7c8b5ae81c23bc0"/>
    </p0826-teimww:contains>
    <p0826-teimww:hasPage knoraType="richtext_value">Ppp6 recto-Qqq5 verso.</p0826-teimww:hasPage>
    <p0826-teimww:hasText knoraType="richtext_value">Also furthermore, who the understanding of prescience properly considereth through the same wise that anything be before wist, is said for to be coming it is pronounced there is nothing to fore wyst, but things coming, forewetinge is but of truth dpubt may not be wist, wherefore when I say the god to forewot anything, thorough necessity is that thing to be coming, al is one if I say if it shall be: but this necessity neither constraineth ne defendeth anything &lt;span class="quote"&gt;to be or not to be &lt;/span&gt;Therefore soothly if love is put to be, it is said of necessity to be, or else for it is put not to be it is affirmed not to be of necessity: not for the necessity coonstraineth or defendeth love to be or not to be [...].&lt;br&gt;

[Chapter 8] Than if witting &amp; before witting of God putteth in necessity to all things which he wot or before wot ne thing after eternity, or else after any time he will or doth of liberty but all of necessity, which thing if thou wene it be against reason not through necessity &lt;span class="quote"&gt;to be or not to be&lt;/span&gt;, all things that God wot or before wot, &lt;span class="quote"&gt;to be or not to be, &lt;/span&gt;&amp; yet nothyng defendeth anything to be wist or to be before wist of him in our wills or our doings to be done, or else coming to be for free arbitrement. </p0826-teimww:hasText>
    <p0826-teimww:hasTextHist knoraType="richtext_value">Also ferthermore, who yt vnderstandyng of presciēce proprelyche cōsydreth thorow the same wyse that any thyng be afore wyst, is sayd for to be cōmyng it is pronoūced, there is nothing to forn wyst, but thyng cōmyng, forewetinge is but of trouth doute may not be wyst: wherfore whā I sey yt god toforne wot any thyng, thorow necessitie is thilke thyng to be cōmyng, al is one if I sey if it shalbe: but this necessitie neither cōstrayneth ne defēdeth any thing &lt;span class="quote"&gt;to be or not to be &lt;/span&gt;Therfore sothly yf loue is put to be, it is said of necessitie to be, or els for it is put not to be it is affirmed not to be of necessite: not for ye necessite cōstraineth or defēdeth loue to be or not to be [...].&lt;br&gt;

[Chapter 8] Thā yf wetyng &amp; be∣fore wetyng of God putteth in necessite to al thinges whiche he wotte or before wotte ne thyng after eternitie, or els after any time he woll or dothe of libertie but all of necessitie, which thing if thou wene it be ayenst reason not thorowe necessitie &lt;span class="quote"&gt;to be or not to be&lt;/span&gt;, all thynge that God wot or before wot, &lt;span class="quote"&gt;to be or not to be, &lt;/span&gt;&amp; yet nothyng defendeth any thing to be wyst or to be before wyst of hym in our wylles or oure doinges to be done, or els cōmynge to be for fre arbitriment. </p0826-teimww:hasTextHist>
    <p0826-teimww:isMentionedIn>
      <p0826-teimww:passage knoraType="link_value" linkType="ref" target="ww_a36898c0eb6c1ba6"/>
    </p0826-teimww:isMentionedIn>
    <p0826-teimww:isMentionedIn>
      <p0826-teimww:passage knoraType="link_value" linkType="ref" target="ww_4805a61b9ec4156f"/>
    </p0826-teimww:isMentionedIn>
    <p0826-teimww:occursIn>
      <p0826-teimww:book knoraType="link_value" linkType="ref" target="ww_8978dcdc508955b8"/>
    </p0826-teimww:occursIn>
    <p0826-teimww:wasContributedBy>
      <p0826-teimww:person knoraType="link_value" linkType="ref" target="ww_c4063e9c72a3ffd2"/>
    </p0826-teimww:wasContributedBy>
  </p0826-teimww:passage>
  <p0826-teimww:passage id="ww_4805a61b9ec4156f">
    <knoraXmlImport:label>passage</knoraXmlImport:label>
    <p0826-teimww:occursIn>
      <p0826-teimww:book knoraType="link_value" linkType="ref" target="ww_ca15500e7036f16e"/>
    </p0826-teimww:occursIn>
  </p0826-teimww:passage>
  <p0826-teimww:passage id="ww_a36898c0eb6c1ba6">
    <knoraXmlImport:label>passage</knoraXmlImport:label>
    <p0826-teimww:occursIn>
      <p0826-teimww:book knoraType="link_value" linkType="ref" target="ww_91e0dc4c671938fa"/>
    </p0826-teimww:occursIn>
  </p0826-teimww:passage>
  <p0826-teimww:passage id="ww_393953b78d382f37">
    <knoraXmlImport:label>passage</knoraXmlImport:label>
    <p0826-teimww:contains>
      <p0826-teimww:lexia knoraType="link_value" linkType="ref" target="ww_2044a59b8cfd90a6"/>
    </p0826-teimww:contains>
    <p0826-teimww:hasPage knoraType="richtext_value">95; "The Man of Law's Tale", lines 547-553 [normalized spelling].</p0826-teimww:hasPage>
    <p0826-teimww:hasPageHist knoraType="richtext_value">95; "The Man of Law's Tale", lines 547-553.</p0826-teimww:hasPageHist>
    <p0826-teimww:hasText knoraType="richtext_value">But yet never Christian Britons so exiled &lt;br&gt;
That there near some that in their privacy &lt;br&gt;
Honoured Christ and heathen folk beguiled&lt;br&gt;
And near the castel such there dwelt three. &lt;br&gt;
That one of hem was blinde and might not see, &lt;br&gt;
But it were &lt;span class="quote"&gt;with the eye of their mind&lt;/span&gt; &lt;br&gt;
With which men see, after that they [have] been blind.</p0826-teimww:hasText>
    <p0826-teimww:hasTextHist knoraType="richtext_value">But yet nere Cristene Britons so exiled &lt;br&gt;
That ther nere somme that in hir priveteee &lt;br&gt;
Honoured Crist and hethen folk bigiled, &lt;br&gt;
And ny the castel swiche ther dwelten three. &lt;br&gt;
That oon of hem was blynd and myghte nat see, &lt;br&gt;
But it were &lt;span class="quote"&gt;with thilke eyen of his mynde&lt;/span&gt; &lt;br&gt;
With whiche men seen, after that they ben blynde.</p0826-teimww:hasTextHist>
    <p0826-teimww:isMentionedIn>
      <p0826-teimww:passage knoraType="link_value" linkType="ref" target="ww_97ecae938d56a542"/>
    </p0826-teimww:isMentionedIn>
    <p0826-teimww:occursIn>
      <p0826-teimww:book knoraType="link_value" linkType="ref" target="ww_32438a1cef3a2781"/>
    </p0826-teimww:occursIn>
    <p0826-teimww:wasContributedBy>
      <p0826-teimww:person knoraType="link_value" linkType="ref" target="ww_c4063e9c72a3ffd2"/>
    </p0826-teimww:wasContributedBy>
  </p0826-teimww:passage>
  <p0826-teimww:passage id="ww_97ecae938d56a542">
    <knoraXmlImport:label>passage</knoraXmlImport:label>
    <p0826-teimww:occursIn>
      <p0826-teimww:book knoraType="link_value" linkType="ref" target="ww_f0b8d4220bfdd308"/>
    </p0826-teimww:occursIn>
  </p0826-teimww:passage>
  <p0826-teimww:passage id="ww_3577a26bea81ff44">
    <knoraXmlImport:label>passage</knoraXmlImport:label>
    <p0826-teimww:contains>
      <p0826-teimww:lexia knoraType="link_value" linkType="ref" target="ww_f7c8b5ae81c23bc0"/>
    </p0826-teimww:contains>
    <p0826-teimww:hasPage knoraType="richtext_value">N.p.; commandment 8, chapter 4 [normalized spelling].</p0826-teimww:hasPage>
    <p0826-teimww:hasPageHist knoraType="richtext_value">N.p.; commandment 8, chapter 4.</p0826-teimww:hasPageHist>
    <p0826-teimww:hasText knoraType="richtext_value">For it is ordained that man by his speech should show things &lt;span class="quote"&gt;to be or not to be &lt;/span&gt;as he feeleth and thinketh in his heart [...].</p0826-teimww:hasText>
    <p0826-teimww:hasTextHist knoraType="richtext_value">For it is ordeyned that man by his speche sholde shewe thynge &lt;span class="quote"&gt;to be or not to be &lt;/span&gt;as he feleth and thynketh in his hert [...].</p0826-teimww:hasTextHist>
    <p0826-teimww:isMentionedIn>
      <p0826-teimww:passage knoraType="link_value" linkType="ref" target="ww_1254868e2757e517"/>
    </p0826-teimww:isMentionedIn>
    <p0826-teimww:occursIn>
      <p0826-teimww:book knoraType="link_value" linkType="ref" target="ww_b901ceb315466c3f"/>
    </p0826-teimww:occursIn>
    <p0826-teimww:wasContributedBy>
      <p0826-teimww:person knoraType="link_value" linkType="ref" target="ww_c4063e9c72a3ffd2"/>
    </p0826-teimww:wasContributedBy>
  </p0826-teimww:passage>
  <p0826-teimww:passage id="ww_1254868e2757e517">
    <knoraXmlImport:label>passage</knoraXmlImport:label>
    <p0826-teimww:occursIn>
      <p0826-teimww:book knoraType="link_value" linkType="ref" target="ww_fb9509be352bd917"/>
    </p0826-teimww:occursIn>
  </p0826-teimww:passage>
  <p0826-teimww:passage id="ww_63c5ba4db92c66f2">
    <knoraXmlImport:label>passage</knoraXmlImport:label>
    <p0826-teimww:contains>
      <p0826-teimww:lexia knoraType="link_value" linkType="ref" target="ww_08d402486aa20837"/>
    </p0826-teimww:contains>
    <p0826-teimww:hasPage knoraType="richtext_value">N.p.; stanza 8, lines 29-32.</p0826-teimww:hasPage>
    <p0826-teimww:hasText knoraType="richtext_value">&lt;span class="quote"&gt;A pickaxe and a spade,&lt;br&gt;
And eke a shrouding sheet;&lt;br&gt;
A house of clay for to be made&lt;br&gt;
For such a guest most meet.&lt;/span&gt;</p0826-teimww:hasText>
    <p0826-teimww:isMentionedIn>
      <p0826-teimww:passage knoraType="link_value" linkType="ref" target="ww_dda8cd50b6efa53a"/>
    </p0826-teimww:isMentionedIn>
    <p0826-teimww:isMentionedIn>
      <p0826-teimww:passage knoraType="link_value" linkType="ref" target="ww_85c3bff0ada54050"/>
    </p0826-teimww:isMentionedIn>
    <p0826-teimww:isMentionedIn>
      <p0826-teimww:passage knoraType="link_value" linkType="ref" target="ww_219cc45db99fd058"/>
    </p0826-teimww:isMentionedIn>
    <p0826-teimww:isMentionedIn>
      <p0826-teimww:passage knoraType="link_value" linkType="ref" target="ww_2c002469d6d405c7"/>
    </p0826-teimww:isMentionedIn>
    <p0826-teimww:occursIn>
      <p0826-teimww:book knoraType="link_value" linkType="ref" target="ww_873e4d980083d886"/>
    </p0826-teimww:occursIn>
    <p0826-teimww:wasContributedBy>
      <p0826-teimww:person knoraType="link_value" linkType="ref" target="ww_b05ab3db9fd9054a"/>
    </p0826-teimww:wasContributedBy>
  </p0826-teimww:passage>
  <p0826-teimww:passage id="ww_dda8cd50b6efa53a">
    <knoraXmlImport:label>passage</knoraXmlImport:label>
    <p0826-teimww:occursIn>
      <p0826-teimww:book knoraType="link_value" linkType="ref" target="ww_359edd0d37d00410"/>
    </p0826-teimww:occursIn>
  </p0826-teimww:passage>
  <p0826-teimww:passage id="ww_219cc45db99fd058">
    <knoraXmlImport:label>passage</knoraXmlImport:label>
    <p0826-teimww:occursIn>
      <p0826-teimww:book knoraType="link_value" linkType="ref" target="ww_b3931845d54b98d5"/>
    </p0826-teimww:occursIn>
  </p0826-teimww:passage>
  <p0826-teimww:passage id="ww_2c002469d6d405c7">
    <knoraXmlImport:label>passage</knoraXmlImport:label>
    <p0826-teimww:occursIn>
      <p0826-teimww:book knoraType="link_value" linkType="ref" target="ww_0dd5e309103973fb"/>
    </p0826-teimww:occursIn>
  </p0826-teimww:passage>
  <p0826-teimww:passage id="ww_85c3bff0ada54050">
    <knoraXmlImport:label>passage</knoraXmlImport:label>
    <p0826-teimww:occursIn>
      <p0826-teimww:book knoraType="link_value" linkType="ref" target="ww_6f8bba60983f33d9"/>
    </p0826-teimww:occursIn>
  </p0826-teimww:passage>
  <p0826-teimww:passage id="ww_77e7226ab80bad8c">
    <knoraXmlImport:label>passage</knoraXmlImport:label>
    <p0826-teimww:contains>
      <p0826-teimww:lexia knoraType="link_value" linkType="ref" target="ww_f7c8b5ae81c23bc0"/>
    </p0826-teimww:contains>
    <p0826-teimww:hasPage knoraType="richtext_value">[274] ZZZ2 verso; tome 2, novel 27 "The Lorde of Uirle" [normalized spelling].</p0826-teimww:hasPage>
    <p0826-teimww:hasPageHist knoraType="richtext_value">[274] ZZZ2 verso; tome 2, novel 27 "The Lorde of Uirle".</p0826-teimww:hasPageHist>
    <p0826-teimww:hasText knoraType="richtext_value">Be sure madame that you shall shortly see the end of him, which attendeth yet to bear so much as in him doth lie, the vehement love into another world, which maketh me to pray you to have pity on him, who (attending the rest and final sentence of his death or life) doth humbly kiss your white and delicate hands, beseeching god to give to you like joy as his is, who desireth to be," &lt;br&gt;
Wholly yours, &lt;span class="quote"&gt;or not to be at all. &lt;/span&gt;&lt;br&gt;
Philiberto of Uirle.</p0826-teimww:hasText>
    <p0826-teimww:hasTextHist knoraType="richtext_value">Be sure madame that you shall shortly see the end of him, which attendeth yet to beare so much as in him doeth lie, the vehement loue into an other world, which maketh me to pray you to haue pitie on him, who (attending the rest and final sentence of his death or life) doth humbly kisse your white and delicate hands, beseeching god to giue to you like ioy as his is, who desireth to be," &lt;br&gt;
Wholy yours, &lt;span class="quote"&gt;or not to be at all. &lt;/span&gt;&lt;br&gt;
Philiberto of Uirle.</p0826-teimww:hasTextHist>
    <p0826-teimww:isMentionedIn>
      <p0826-teimww:passage knoraType="link_value" linkType="ref" target="ww_e73c0df708ee8693"/>
    </p0826-teimww:isMentionedIn>
    <p0826-teimww:occursIn>
      <p0826-teimww:book knoraType="link_value" linkType="ref" target="ww_b93e86ee915469ae"/>
    </p0826-teimww:occursIn>
    <p0826-teimww:wasContributedBy>
      <p0826-teimww:person knoraType="link_value" linkType="ref" target="ww_c4063e9c72a3ffd2"/>
    </p0826-teimww:wasContributedBy>
  </p0826-teimww:passage>
  <p0826-teimww:passage id="ww_e73c0df708ee8693">
    <knoraXmlImport:label>passage</knoraXmlImport:label>
    <p0826-teimww:occursIn>
      <p0826-teimww:book knoraType="link_value" linkType="ref" target="ww_7589cfaa41b21699"/>
    </p0826-teimww:occursIn>
  </p0826-teimww:passage>
  <p0826-teimww:passage id="ww_f51b0f2ee42d45c4">
    <knoraXmlImport:label>passage</knoraXmlImport:label>
    <p0826-teimww:contains>
      <p0826-teimww:lexia knoraType="link_value" linkType="ref" target="ww_91232264bc9c2958"/>
    </p0826-teimww:contains>
    <p0826-teimww:hasPage knoraType="richtext_value">218 recto [normalized spelling].</p0826-teimww:hasPage>
    <p0826-teimww:hasPageHist knoraType="richtext_value">218 recto.</p0826-teimww:hasPageHist>
    <p0826-teimww:hasText knoraType="richtext_value">&lt;span class="quote"&gt;Nothing unto a man is miserable, if he so think it: for all Fortune is good to him, that constantly with patience suffereth it.&lt;/span&gt;&lt;br&gt; Plato.</p0826-teimww:hasText>
    <p0826-teimww:hasTextHist knoraType="richtext_value">&lt;span class="quote"&gt;Nothing vnto a man is miserable, if he so thinke it: for all Fortune is good to hym, that constantlye with pacience suffereth it.&lt;/span&gt;&lt;br&gt; Plato.</p0826-teimww:hasTextHist>
    <p0826-teimww:isMentionedIn>
      <p0826-teimww:passage knoraType="link_value" linkType="ref" target="ww_d557ac854dff7b46"/>
    </p0826-teimww:isMentionedIn>
    <p0826-teimww:occursIn>
      <p0826-teimww:book knoraType="link_value" linkType="ref" target="ww_b19b575dfa6c41b9"/>
    </p0826-teimww:occursIn>
    <p0826-teimww:wasContributedBy>
      <p0826-teimww:person knoraType="link_value" linkType="ref" target="ww_c4063e9c72a3ffd2"/>
    </p0826-teimww:wasContributedBy>
  </p0826-teimww:passage>
  <p0826-teimww:passage id="ww_d557ac854dff7b46">
    <knoraXmlImport:label>passage</knoraXmlImport:label>
    <p0826-teimww:occursIn>
      <p0826-teimww:book knoraType="link_value" linkType="ref" target="ww_160b060adc5c12bf"/>
    </p0826-teimww:occursIn>
  </p0826-teimww:passage>
  <p0826-teimww:passage id="ww_f87b7a97a97d972a">
    <knoraXmlImport:label>passage</knoraXmlImport:label>
    <p0826-teimww:contains>
      <p0826-teimww:lexia knoraType="link_value" linkType="ref" target="ww_ba4a4883b430099d"/>
    </p0826-teimww:contains>
    <p0826-teimww:hasPage knoraType="richtext_value">232; book 10 [normalized spelling].</p0826-teimww:hasPage>
    <p0826-teimww:hasPageHist knoraType="richtext_value">232; book 10.</p0826-teimww:hasPageHist>
    <p0826-teimww:hasText knoraType="richtext_value">These irrational lines and figures are the chiefest matter and subject, which is entreated of in all this tenth book: the knowledge, of which is deep, and secret, and pertaineth to the highest and most worthy part of Geometries, wherein standeth &lt;span class="quote"&gt;the pith and marrow &lt;/span&gt;of the whole science: the knowledge hereof bringeth light to all the books following, with out which they are hard and cannot be at all understood. </p0826-teimww:hasText>
    <p0826-teimww:hasTextHist knoraType="richtext_value">These irrationall lines and figures are the chiefest matter and subject, which is entreated of in all this tenth booke: the knowledge, of which is deepe, and secret, and pertaineth to the highest and most worthy part of Geometries, wherein standeth &lt;span class="quote"&gt;the pith and mary &lt;/span&gt;of the hole science: the knowledge hereof bringeth light to all the bookes following, with out which they are hard and cannot be at all understoode. </p0826-teimww:hasTextHist>
    <p0826-teimww:isMentionedIn>
      <p0826-teimww:passage knoraType="link_value" linkType="ref" target="ww_9300a4df01354ea4"/>
    </p0826-teimww:isMentionedIn>
    <p0826-teimww:occursIn>
      <p0826-teimww:book knoraType="link_value" linkType="ref" target="ww_9256f2880070a870"/>
    </p0826-teimww:occursIn>
    <p0826-teimww:wasContributedBy>
      <p0826-teimww:person knoraType="link_value" linkType="ref" target="ww_c4063e9c72a3ffd2"/>
    </p0826-teimww:wasContributedBy>
  </p0826-teimww:passage>
  <p0826-teimww:passage id="ww_9300a4df01354ea4">
    <knoraXmlImport:label>passage</knoraXmlImport:label>
    <p0826-teimww:occursIn>
      <p0826-teimww:book knoraType="link_value" linkType="ref" target="ww_f0b8d4220bfdd308"/>
    </p0826-teimww:occursIn>
  </p0826-teimww:passage>
  <p0826-teimww:passage id="ww_e0c8ab07b74bf562">
    <knoraXmlImport:label>passage</knoraXmlImport:label>
    <p0826-teimww:contains>
      <p0826-teimww:lexia knoraType="link_value" linkType="ref" target="ww_f93c78f5a1f203a1"/>
    </p0826-teimww:contains>
    <p0826-teimww:hasPage knoraType="richtext_value">B2 recto; chapter 1 [normalized spelling].</p0826-teimww:hasPage>
    <p0826-teimww:hasPageHist knoraType="richtext_value">B2 recto; chapter 1.</p0826-teimww:hasPageHist>
    <p0826-teimww:hasText knoraType="richtext_value">Now when Fame had blown abroad the possibility to obtain this Lady, such was the singular report or her surpassing beauty, that many kings and men of great nobility repaired thither. And if haply any through skill, or learning had found out the solution of the king's question, notwithstanding hee was beheaded as though he had &lt;span class="quote"&gt;answered nothing to the purpose: &lt;/span&gt;and his head was set up at the gate to terrify others that should come, who beholding there the present image of death, might advise them from essaying any such danger.</p0826-teimww:hasText>
    <p0826-teimww:hasTextHist knoraType="richtext_value">Now when Fame had blowen abroade the possibilitie to obtaine this Ladie, such was the singular report or her surpassing beautie, that many kings and men of great nobility repaired thither. And if haply any through skill, or learning had found out the solution of the kings question, notwithstanding hee was beheaded as though hee had answered nothing to the purpose: and his head was set vp at the gate to terrifie others that should come, who beholding there the present image of death, might aduise them from assaying anie such danger.</p0826-teimww:hasTextHist>
    <p0826-teimww:isMentionedIn>
      <p0826-teimww:passage knoraType="link_value" linkType="ref" target="ww_771a9b28f3bde07d"/>
    </p0826-teimww:isMentionedIn>
    <p0826-teimww:occursIn>
      <p0826-teimww:book knoraType="link_value" linkType="ref" target="ww_ce689c96abf273eb"/>
    </p0826-teimww:occursIn>
    <p0826-teimww:wasContributedBy>
      <p0826-teimww:person knoraType="link_value" linkType="ref" target="ww_8106744e44c77c96"/>
    </p0826-teimww:wasContributedBy>
  </p0826-teimww:passage>
  <p0826-teimww:passage id="ww_771a9b28f3bde07d">
    <knoraXmlImport:label>passage</knoraXmlImport:label>
    <p0826-teimww:occursIn>
      <p0826-teimww:book knoraType="link_value" linkType="ref" target="ww_3e15ab6c612eadae"/>
    </p0826-teimww:occursIn>
  </p0826-teimww:passage>
  <p0826-teimww:passage id="ww_36c6e41aed5c5e05">
    <knoraXmlImport:label>passage</knoraXmlImport:label>
    <p0826-teimww:contains>
      <p0826-teimww:lexia knoraType="link_value" linkType="ref" target="ww_e9843e2347bb3ba2"/>
    </p0826-teimww:contains>
    <p0826-teimww:hasPage knoraType="richtext_value">N.p.; homily 18.</p0826-teimww:hasPage>
    <p0826-teimww:hasText knoraType="richtext_value">"O woman, doe thou the like [obey your husband], and so
shalt thou be most excellently &lt;span class="quote"&gt;beautified &lt;/span&gt;before GOD."</p0826-teimww:hasText>
    <p0826-teimww:isMentionedIn>
      <p0826-teimww:passage knoraType="link_value" linkType="ref" target="ww_6cb687e8aa49a7d7"/>
    </p0826-teimww:isMentionedIn>
    <p0826-teimww:occursIn>
      <p0826-teimww:book knoraType="link_value" linkType="ref" target="ww_9e5c2e9be2d59c76"/>
    </p0826-teimww:occursIn>
    <p0826-teimww:wasContributedBy>
      <p0826-teimww:person knoraType="link_value" linkType="ref" target="ww_c4063e9c72a3ffd2"/>
    </p0826-teimww:wasContributedBy>
  </p0826-teimww:passage>
  <p0826-teimww:passage id="ww_6cb687e8aa49a7d7">
    <knoraXmlImport:label>passage</knoraXmlImport:label>
    <p0826-teimww:occursIn>
      <p0826-teimww:book knoraType="link_value" linkType="ref" target="ww_450c8e303d46eae2"/>
    </p0826-teimww:occursIn>
  </p0826-teimww:passage>
  <p0826-teimww:passage id="ww_37481dbb98763e33">
    <knoraXmlImport:label>passage</knoraXmlImport:label>
    <p0826-teimww:contains>
      <p0826-teimww:lexia knoraType="link_value" linkType="ref" target="ww_12d86bca5b955513"/>
    </p0826-teimww:contains>
    <p0826-teimww:hasPage knoraType="richtext_value">Cc2 recto.</p0826-teimww:hasPage>
    <p0826-teimww:hasPageHist knoraType="richtext_value">Cc2 recto.</p0826-teimww:hasPageHist>
    <p0826-teimww:hasText knoraType="richtext_value">[...] you should rather have proved, that women may not in time of necessity administer baptism, for &lt;span class="quote"&gt;that is the question &lt;/span&gt;and not the other.</p0826-teimww:hasText>
    <p0826-teimww:hasTextHist knoraType="richtext_value">[...] you should rather haue proued, that women may not in time of necessitie administer baptisme, for &lt;span class="quote"&gt;that is the question &lt;/span&gt;and not the other.</p0826-teimww:hasTextHist>
    <p0826-teimww:isMentionedIn>
      <p0826-teimww:passage knoraType="link_value" linkType="ref" target="ww_0f19b28b47d2d2e6"/>
    </p0826-teimww:isMentionedIn>
    <p0826-teimww:occursIn>
      <p0826-teimww:book knoraType="link_value" linkType="ref" target="ww_bc8ea264d57ced70"/>
    </p0826-teimww:occursIn>
    <p0826-teimww:wasContributedBy>
      <p0826-teimww:person knoraType="link_value" linkType="ref" target="ww_c4063e9c72a3ffd2"/>
    </p0826-teimww:wasContributedBy>
  </p0826-teimww:passage>
  <p0826-teimww:passage id="ww_0f19b28b47d2d2e6">
    <knoraXmlImport:label>passage</knoraXmlImport:label>
    <p0826-teimww:occursIn>
      <p0826-teimww:book knoraType="link_value" linkType="ref" target="ww_91e0dc4c671938fa"/>
    </p0826-teimww:occursIn>
  </p0826-teimww:passage>
  <p0826-teimww:passage id="ww_2d79f8a8d0525301">
    <knoraXmlImport:label>passage</knoraXmlImport:label>
    <p0826-teimww:contains>
      <p0826-teimww:lexia knoraType="link_value" linkType="ref" target="ww_f7c8b5ae81c23bc0"/>
    </p0826-teimww:contains>
    <p0826-teimww:hasPage knoraType="richtext_value">76.</p0826-teimww:hasPage>
    <p0826-teimww:hasText knoraType="richtext_value">[...] &lt;span class="quote"&gt;to be or not to be&lt;/span&gt; [...].</p0826-teimww:hasText>
    <p0826-teimww:isMentionedIn>
      <p0826-teimww:passage knoraType="link_value" linkType="ref" target="ww_659d4d8d261df920"/>
    </p0826-teimww:isMentionedIn>
    <p0826-teimww:occursIn>
      <p0826-teimww:book knoraType="link_value" linkType="ref" target="ww_b908dc610f9089ff"/>
    </p0826-teimww:occursIn>
    <p0826-teimww:wasContributedBy>
      <p0826-teimww:person knoraType="link_value" linkType="ref" target="ww_c4063e9c72a3ffd2"/>
    </p0826-teimww:wasContributedBy>
  </p0826-teimww:passage>
  <p0826-teimww:passage id="ww_659d4d8d261df920">
    <knoraXmlImport:label>passage</knoraXmlImport:label>
    <p0826-teimww:occursIn>
      <p0826-teimww:book knoraType="link_value" linkType="ref" target="ww_0de19bd63a1c9142"/>
    </p0826-teimww:occursIn>
  </p0826-teimww:passage>
  <p0826-teimww:passage id="ww_c06fbace8b2d6508">
    <knoraXmlImport:label>passage</knoraXmlImport:label>
    <p0826-teimww:contains>
      <p0826-teimww:lexia knoraType="link_value" linkType="ref" target="ww_e84d47fcb840132a"/>
    </p0826-teimww:contains>
    <p0826-teimww:hasPage knoraType="richtext_value">32 verso-33 recto.</p0826-teimww:hasPage>
    <p0826-teimww:hasText knoraType="richtext_value">[...] &lt;span class="quote"&gt;with a quiet mind to suffer&lt;/span&gt; [...].</p0826-teimww:hasText>
    <p0826-teimww:isMentionedIn>
      <p0826-teimww:passage knoraType="link_value" linkType="ref" target="ww_f5d581ec7fe8de66"/>
    </p0826-teimww:isMentionedIn>
    <p0826-teimww:occursIn>
      <p0826-teimww:book knoraType="link_value" linkType="ref" target="ww_cf2c475414853bfd"/>
    </p0826-teimww:occursIn>
    <p0826-teimww:wasContributedBy>
      <p0826-teimww:person knoraType="link_value" linkType="ref" target="ww_c4063e9c72a3ffd2"/>
    </p0826-teimww:wasContributedBy>
  </p0826-teimww:passage>
  <p0826-teimww:passage id="ww_f5d581ec7fe8de66">
    <knoraXmlImport:label>passage</knoraXmlImport:label>
    <p0826-teimww:occursIn>
      <p0826-teimww:book knoraType="link_value" linkType="ref" target="ww_0de19bd63a1c9142"/>
    </p0826-teimww:occursIn>
  </p0826-teimww:passage>
  <p0826-teimww:passage id="ww_e979e23b910758d0">
    <knoraXmlImport:label>passage</knoraXmlImport:label>
    <p0826-teimww:contains>
      <p0826-teimww:lexia knoraType="link_value" linkType="ref" target="ww_4cd2b10392cd7722"/>
    </p0826-teimww:contains>
    <p0826-teimww:hasPage knoraType="richtext_value">N2 recto [normalized spelling].</p0826-teimww:hasPage>
    <p0826-teimww:hasPageHist knoraType="richtext_value">N2 recto.</p0826-teimww:hasPageHist>
    <p0826-teimww:hasText knoraType="richtext_value">Respice finem.&lt;br&gt;
Lo here the state of every mortal wight,&lt;br&gt;
See here, the fine, of all their gallant joys:&lt;br&gt;
[...] Your world is vain, no trust in earth you find,&lt;br&gt;
Your valyaunst prime, is but a brittle glass:&lt;br&gt;
Your pleasures fade, your thoughts a puff of wind,&lt;br&gt;
Your ancient years, are but a withered grass.&lt;br&gt;
&lt;span class="quote"&gt;Mors omnibus communis.&lt;/span&gt;</p0826-teimww:hasText>
    <p0826-teimww:hasTextHist knoraType="richtext_value">Respice finem.&lt;br&gt;
LO here the state of euery mortall wight,&lt;br&gt;
See here, the fine, of all their gallant ioyes:&lt;br&gt;
[...] Your world is vayne, no trust in earth you finde,&lt;br&gt;
Your valyaunst prime, is but a brytle glasse:&lt;br&gt;
Your pleasures vade, your thoughts a puffe of winde,&lt;br&gt;
Your auncient yeres, are but a withered grasse.&lt;br&gt;
&lt;span class="quote"&gt;Mors omnibus communis.&lt;/span&gt;</p0826-teimww:hasTextHist>
    <p0826-teimww:isMentionedIn>
      <p0826-teimww:passage knoraType="link_value" linkType="ref" target="ww_a6967fc6228abc40"/>
    </p0826-teimww:isMentionedIn>
    <p0826-teimww:occursIn>
      <p0826-teimww:book knoraType="link_value" linkType="ref" target="ww_7e5197c760c02e13"/>
    </p0826-teimww:occursIn>
    <p0826-teimww:wasContributedBy>
      <p0826-teimww:person knoraType="link_value" linkType="ref" target="ww_c4063e9c72a3ffd2"/>
    </p0826-teimww:wasContributedBy>
  </p0826-teimww:passage>
  <p0826-teimww:passage id="ww_a6967fc6228abc40">
    <knoraXmlImport:label>passage</knoraXmlImport:label>
    <p0826-teimww:occursIn>
      <p0826-teimww:book knoraType="link_value" linkType="ref" target="ww_fb9509be352bd917"/>
    </p0826-teimww:occursIn>
  </p0826-teimww:passage>
  <p0826-teimww:passage id="ww_3530cbf03b00af82">
    <knoraXmlImport:label>passage</knoraXmlImport:label>
    <p0826-teimww:contains>
      <p0826-teimww:lexia knoraType="link_value" linkType="ref" target="ww_074e11827d537f2e"/>
    </p0826-teimww:contains>
    <p0826-teimww:hasPage knoraType="richtext_value">182-183.</p0826-teimww:hasPage>
    <p0826-teimww:hasText knoraType="richtext_value">[...] &lt;span class="quote"&gt;sleep of death&lt;/span&gt; [...].</p0826-teimww:hasText>
    <p0826-teimww:isMentionedIn>
      <p0826-teimww:passage knoraType="link_value" linkType="ref" target="ww_bbbd9343fac457e8"/>
    </p0826-teimww:isMentionedIn>
    <p0826-teimww:occursIn>
      <p0826-teimww:book knoraType="link_value" linkType="ref" target="ww_92a01c485433bee0"/>
    </p0826-teimww:occursIn>
    <p0826-teimww:wasContributedBy>
      <p0826-teimww:person knoraType="link_value" linkType="ref" target="ww_c4063e9c72a3ffd2"/>
    </p0826-teimww:wasContributedBy>
  </p0826-teimww:passage>
  <p0826-teimww:passage id="ww_bbbd9343fac457e8">
    <knoraXmlImport:label>passage</knoraXmlImport:label>
    <p0826-teimww:occursIn>
      <p0826-teimww:book knoraType="link_value" linkType="ref" target="ww_0de19bd63a1c9142"/>
    </p0826-teimww:occursIn>
  </p0826-teimww:passage>
  <p0826-teimww:passage id="ww_77cf312b54064099">
    <knoraXmlImport:label>passage</knoraXmlImport:label>
    <p0826-teimww:contains>
      <p0826-teimww:lexia knoraType="link_value" linkType="ref" target="ww_54b8832532dee745"/>
    </p0826-teimww:contains>
    <p0826-teimww:hasPageHist knoraType="richtext_value">C1 recto.</p0826-teimww:hasPageHist>
    <p0826-teimww:hasText knoraType="richtext_value">[Knight:] [...] &lt;span class="quote"&gt;Bred in the concave of some monstrous rock &lt;/span&gt;[...].</p0826-teimww:hasText>
    <p0826-teimww:hasTextHist knoraType="richtext_value">[Knight:] […] Bred in the concaue of some monstrous rocke […].</p0826-teimww:hasTextHist>
    <p0826-teimww:isMentionedIn>
      <p0826-teimww:passage knoraType="link_value" linkType="ref" target="ww_40fdab0686f7e2e6"/>
    </p0826-teimww:isMentionedIn>
    <p0826-teimww:occursIn>
      <p0826-teimww:book knoraType="link_value" linkType="ref" target="ww_215bf6a3075a440e"/>
    </p0826-teimww:occursIn>
    <p0826-teimww:wasContributedBy>
      <p0826-teimww:person knoraType="link_value" linkType="ref" target="ww_7f35f6802efd910d"/>
    </p0826-teimww:wasContributedBy>
  </p0826-teimww:passage>
  <p0826-teimww:passage id="ww_40fdab0686f7e2e6">
    <knoraXmlImport:label>passage</knoraXmlImport:label>
    <p0826-teimww:occursIn>
      <p0826-teimww:book knoraType="link_value" linkType="ref" target="ww_97955539c83b9cc3"/>
    </p0826-teimww:occursIn>
  </p0826-teimww:passage>
  <p0826-teimww:passage id="ww_d2922fdf8552e49f">
    <knoraXmlImport:label>passage</knoraXmlImport:label>
    <p0826-teimww:contains>
      <p0826-teimww:lexia knoraType="link_value" linkType="ref" target="ww_a310d044de3a362c"/>
    </p0826-teimww:contains>
    <p0826-teimww:contains>
      <p0826-teimww:lexia knoraType="link_value" linkType="ref" target="ww_1a5772a28f937579"/>
    </p0826-teimww:contains>
    <p0826-teimww:hasPage knoraType="richtext_value">N.p.; act 2, scene 1, line 281 [normalized spelling].</p0826-teimww:hasPage>
    <p0826-teimww:hasPageHist knoraType="richtext_value">N.p.; act 2, scene 1, line 281.</p0826-teimww:hasPageHist>
    <p0826-teimww:hasText knoraType="richtext_value">[Muly Mahamet:] &lt;span class="quote"&gt;Feed then and faint not fair Calipolis. &lt;/span&gt;</p0826-teimww:hasText>
    <p0826-teimww:hasTextHist knoraType="richtext_value">[Muly Mahamet:] Feede then and faint not faire Calypolis. </p0826-teimww:hasTextHist>
    <p0826-teimww:isMentionedIn>
      <p0826-teimww:passage knoraType="link_value" linkType="ref" target="ww_35c969fd97d130c7"/>
    </p0826-teimww:isMentionedIn>
    <p0826-teimww:occursIn>
      <p0826-teimww:book knoraType="link_value" linkType="ref" target="ww_0062af28cf1872e1"/>
    </p0826-teimww:occursIn>
    <p0826-teimww:wasContributedBy>
      <p0826-teimww:person knoraType="link_value" linkType="ref" target="ww_c4063e9c72a3ffd2"/>
    </p0826-teimww:wasContributedBy>
  </p0826-teimww:passage>
  <p0826-teimww:passage id="ww_35c969fd97d130c7">
    <knoraXmlImport:label>passage</knoraXmlImport:label>
    <p0826-teimww:occursIn>
      <p0826-teimww:book knoraType="link_value" linkType="ref" target="ww_1b231152ba6c63ce"/>
    </p0826-teimww:occursIn>
  </p0826-teimww:passage>
  <p0826-teimww:passage id="ww_3917d5b879c6b350">
    <knoraXmlImport:label>passage</knoraXmlImport:label>
    <p0826-teimww:contains>
      <p0826-teimww:lexia knoraType="link_value" linkType="ref" target="ww_27cf16a50578f4bb"/>
    </p0826-teimww:contains>
    <p0826-teimww:contains>
      <p0826-teimww:lexia knoraType="link_value" linkType="ref" target="ww_756ac24d79e7a5b8"/>
    </p0826-teimww:contains>
    <p0826-teimww:hasPage knoraType="richtext_value">N.p.; towards the beginning. [spelling normalized].</p0826-teimww:hasPage>
    <p0826-teimww:hasPageHist knoraType="richtext_value">N.p.; towards the beginning.</p0826-teimww:hasPageHist>
    <p0826-teimww:hasText knoraType="richtext_value">[Philip:] [...] I swear, &lt;br&gt;
As cursed &lt;span class="quote"&gt;Nero&lt;/span&gt; with his &lt;span class="quote"&gt;mother &lt;/span&gt;did, &lt;br&gt; 
So I with you, if you resolve me not. </p0826-teimww:hasText>
    <p0826-teimww:hasTextHist knoraType="richtext_value">[Philip:] [...] I sweare, &lt;br&gt;
&lt;span class="quote"&gt;As cursed Nero with his mother did, &lt;br&gt; &lt;/span&gt;
So I with you, if you resolue me not. </p0826-teimww:hasTextHist>
    <p0826-teimww:isMentionedIn>
      <p0826-teimww:passage knoraType="link_value" linkType="ref" target="ww_740fb1104fbbcb13"/>
    </p0826-teimww:isMentionedIn>
    <p0826-teimww:occursIn>
      <p0826-teimww:book knoraType="link_value" linkType="ref" target="ww_0351e98cd25a1522"/>
    </p0826-teimww:occursIn>
    <p0826-teimww:wasContributedBy>
      <p0826-teimww:person knoraType="link_value" linkType="ref" target="ww_b604df587d93b768"/>
    </p0826-teimww:wasContributedBy>
  </p0826-teimww:passage>
  <p0826-teimww:passage id="ww_740fb1104fbbcb13">
    <knoraXmlImport:label>passage</knoraXmlImport:label>
    <p0826-teimww:occursIn>
      <p0826-teimww:book knoraType="link_value" linkType="ref" target="ww_de6299bae9b985ee"/>
    </p0826-teimww:occursIn>
  </p0826-teimww:passage>
  <p0826-teimww:passage id="ww_7865ea1b43938238">
    <knoraXmlImport:label>passage</knoraXmlImport:label>
    <p0826-teimww:contains>
      <p0826-teimww:lexia knoraType="link_value" linkType="ref" target="ww_0e0175d2ee212135"/>
    </p0826-teimww:contains>
    <p0826-teimww:hasPage knoraType="richtext_value">N.p.; about halfway into the play. [spelling normalized].</p0826-teimww:hasPage>
    <p0826-teimww:hasPageHist knoraType="richtext_value">N.p.; about halfway into the play.</p0826-teimww:hasPageHist>
    <p0826-teimww:hasText knoraType="richtext_value">[Cordella:] [...] &lt;span class="quote"&gt;If so the stock be dried with disdain, &lt;br&gt; 
Withered and sere the branch must needs remain. &lt;/span&gt;</p0826-teimww:hasText>
    <p0826-teimww:hasTextHist knoraType="richtext_value">[Cordella:] [...] If so the stocke be dryed with disdayne, &lt;br&gt; 
Withered and sere the branch must needes remaine. </p0826-teimww:hasTextHist>
    <p0826-teimww:isMentionedIn>
      <p0826-teimww:passage knoraType="link_value" linkType="ref" target="ww_23ff4e84bb951db0"/>
    </p0826-teimww:isMentionedIn>
    <p0826-teimww:occursIn>
      <p0826-teimww:book knoraType="link_value" linkType="ref" target="ww_e9169de357d0ad33"/>
    </p0826-teimww:occursIn>
    <p0826-teimww:wasContributedBy>
      <p0826-teimww:person knoraType="link_value" linkType="ref" target="ww_b604df587d93b768"/>
    </p0826-teimww:wasContributedBy>
  </p0826-teimww:passage>
  <p0826-teimww:passage id="ww_23ff4e84bb951db0">
    <knoraXmlImport:label>passage</knoraXmlImport:label>
    <p0826-teimww:occursIn>
      <p0826-teimww:book knoraType="link_value" linkType="ref" target="ww_de6299bae9b985ee"/>
    </p0826-teimww:occursIn>
  </p0826-teimww:passage>
  <p0826-teimww:passage id="ww_8f7fe9280fec4633">
    <knoraXmlImport:label>passage</knoraXmlImport:label>
    <p0826-teimww:contains>
      <p0826-teimww:lexia knoraType="link_value" linkType="ref" target="ww_d585e9c0999279c8"/>
    </p0826-teimww:contains>
    <p0826-teimww:hasPage knoraType="richtext_value">N.p.; act 5 [spelling normalized].</p0826-teimww:hasPage>
    <p0826-teimww:hasPageHist knoraType="richtext_value">N.p.; act 5.</p0826-teimww:hasPageHist>
    <p0826-teimww:hasText knoraType="richtext_value">[King:] [...] &lt;span class="quote"&gt;down is thy sun Richard, never to shine again &lt;/span&gt;[...].</p0826-teimww:hasText>
    <p0826-teimww:hasTextHist knoraType="richtext_value">[King:] [...] downe is thy sunne Richard, neuer to shine againe [...].</p0826-teimww:hasTextHist>
    <p0826-teimww:isMentionedIn>
      <p0826-teimww:passage knoraType="link_value" linkType="ref" target="ww_3a70307bf6daa4dd"/>
    </p0826-teimww:isMentionedIn>
    <p0826-teimww:occursIn>
      <p0826-teimww:book knoraType="link_value" linkType="ref" target="ww_8dce43c17b4fa85b"/>
    </p0826-teimww:occursIn>
    <p0826-teimww:wasContributedBy>
      <p0826-teimww:person knoraType="link_value" linkType="ref" target="ww_b604df587d93b768"/>
    </p0826-teimww:wasContributedBy>
  </p0826-teimww:passage>
  <p0826-teimww:passage id="ww_3a70307bf6daa4dd">
    <knoraXmlImport:label>passage</knoraXmlImport:label>
    <p0826-teimww:occursIn>
      <p0826-teimww:book knoraType="link_value" linkType="ref" target="ww_de6299bae9b985ee"/>
    </p0826-teimww:occursIn>
  </p0826-teimww:passage>
  <p0826-teimww:passage id="ww_d907ef3165e4e200">
    <knoraXmlImport:label>passage</knoraXmlImport:label>
    <p0826-teimww:contains>
      <p0826-teimww:lexia knoraType="link_value" linkType="ref" target="ww_a64516c7bc868265"/>
    </p0826-teimww:contains>
    <p0826-teimww:contains>
      <p0826-teimww:lexia knoraType="link_value" linkType="ref" target="ww_a5c400d2c7a0df60"/>
    </p0826-teimww:contains>
    <p0826-teimww:hasPage knoraType="richtext_value">N.p. [spelling normalized].</p0826-teimww:hasPage>
    <p0826-teimww:hasPageHist knoraType="richtext_value">N.p.</p0826-teimww:hasPageHist>
    <p0826-teimww:hasText knoraType="richtext_value">[George Stanley:] [...] And like a&lt;span class="quote"&gt; lamb kept by a greedy Wolf &lt;/span&gt;within the enclosed sentire of the earth, expecting death without delivery, even from this danger is George Stanley come, to be a guest to Richmond &amp; the rest: for when the bloody butcher heard your honour did refuse to come to him, he like a&lt;span class="quote"&gt; savage tiger then enraged&lt;/span&gt;, commanded straight I should be murdered [...].</p0826-teimww:hasText>
    <p0826-teimww:hasTextHist knoraType="richtext_value">[George Stanley:] [...] And like a lambe kept by a greedie Woolfe within the inclosed sentire of the earth, expecting death without deliuerie, euen from this daunger is George Standley come, to be a guest to Richmond &amp; the rest: for when the bloodie butcher heard your honour did refuse to come to him, hee like a sauage tygre then inraged, commanded straight I should be murdered [...].</p0826-teimww:hasTextHist>
    <p0826-teimww:isMentionedIn>
      <p0826-teimww:passage knoraType="link_value" linkType="ref" target="ww_3a70307bf6daa4dd"/>
    </p0826-teimww:isMentionedIn>
    <p0826-teimww:occursIn>
      <p0826-teimww:book knoraType="link_value" linkType="ref" target="ww_8dce43c17b4fa85b"/>
    </p0826-teimww:occursIn>
    <p0826-teimww:wasContributedBy>
      <p0826-teimww:person knoraType="link_value" linkType="ref" target="ww_b604df587d93b768"/>
    </p0826-teimww:wasContributedBy>
  </p0826-teimww:passage>
  <p0826-teimww:passage id="ww_9347473eb895c218">
    <knoraXmlImport:label>passage</knoraXmlImport:label>
    <p0826-teimww:contains>
      <p0826-teimww:lexia knoraType="link_value" linkType="ref" target="ww_3fcc53d02fd2fc46"/>
    </p0826-teimww:contains>
    <p0826-teimww:hasPage knoraType="richtext_value">358; act 1, scene 2, lines 122-124.</p0826-teimww:hasPage>
    <p0826-teimww:hasText knoraType="richtext_value">[Ferneze:] Out, wretched Barabas! &lt;br&gt;
&lt;span class="quote"&gt;Sham'st thou not thus to justify thyself, &lt;br&gt;
As if we knew not thy profession?&lt;/span&gt;</p0826-teimww:hasText>
    <p0826-teimww:isMentionedIn>
      <p0826-teimww:passage knoraType="link_value" linkType="ref" target="ww_b31587295acc516f"/>
    </p0826-teimww:isMentionedIn>
    <p0826-teimww:occursIn>
      <p0826-teimww:book knoraType="link_value" linkType="ref" target="ww_4e5c1c1959818562"/>
    </p0826-teimww:occursIn>
    <p0826-teimww:wasContributedBy>
      <p0826-teimww:person knoraType="link_value" linkType="ref" target="ww_b604df587d93b768"/>
    </p0826-teimww:wasContributedBy>
  </p0826-teimww:passage>
  <p0826-teimww:passage id="ww_b31587295acc516f">
    <knoraXmlImport:label>passage</knoraXmlImport:label>
    <p0826-teimww:occursIn>
      <p0826-teimww:book knoraType="link_value" linkType="ref" target="ww_5eeeb3e78e8b0bc3"/>
    </p0826-teimww:occursIn>
  </p0826-teimww:passage>
  <p0826-teimww:passage id="ww_dd676959a662d4f3">
    <knoraXmlImport:label>passage</knoraXmlImport:label>
    <p0826-teimww:contains>
      <p0826-teimww:lexia knoraType="link_value" linkType="ref" target="ww_47a86bc9685b638d"/>
    </p0826-teimww:contains>
    <p0826-teimww:hasPage knoraType="richtext_value">475; scene 14, line 336.</p0826-teimww:hasPage>
    <p0826-teimww:hasPageHist knoraType="richtext_value">N.p.; line 2249.</p0826-teimww:hasPageHist>
    <p0826-teimww:hasText knoraType="richtext_value">[Alice:] [...]  &lt;span class="quote"&gt;I have my wish in that I joy thy sight.&lt;/span&gt;</p0826-teimww:hasText>
    <p0826-teimww:hasTextHist knoraType="richtext_value">[Ales:] [...]  I haue my wishe in that I ioy thy sight.</p0826-teimww:hasTextHist>
    <p0826-teimww:isMentionedIn>
      <p0826-teimww:passage knoraType="link_value" linkType="ref" target="ww_7bfb4589049fca6e"/>
    </p0826-teimww:isMentionedIn>
    <p0826-teimww:occursIn>
      <p0826-teimww:book knoraType="link_value" linkType="ref" target="ww_fe42526a34d40cd9"/>
    </p0826-teimww:occursIn>
    <p0826-teimww:wasContributedBy>
      <p0826-teimww:person knoraType="link_value" linkType="ref" target="ww_7f35f6802efd910d"/>
    </p0826-teimww:wasContributedBy>
  </p0826-teimww:passage>
  <p0826-teimww:passage id="ww_7bfb4589049fca6e">
    <knoraXmlImport:label>passage</knoraXmlImport:label>
    <p0826-teimww:occursIn>
      <p0826-teimww:book knoraType="link_value" linkType="ref" target="ww_a3cda7e114a57aa4"/>
    </p0826-teimww:occursIn>
  </p0826-teimww:passage>
  <p0826-teimww:passage id="ww_6d585961cd1b33b3">
    <knoraXmlImport:label>passage</knoraXmlImport:label>
    <p0826-teimww:contains>
      <p0826-teimww:lexia knoraType="link_value" linkType="ref" target="ww_af2828fee05f9242"/>
    </p0826-teimww:contains>
    <p0826-teimww:hasPage knoraType="richtext_value">431; scene 1, lines 186-187.</p0826-teimww:hasPage>
    <p0826-teimww:hasPageHist knoraType="richtext_value">N.p.; lines 184-185.</p0826-teimww:hasPageHist>
    <p0826-teimww:hasText knoraType="richtext_value">[Alice:] Is this the end of all thy solemn oaths? &lt;br&gt;
Is this &lt;span class="quote"&gt;the fruit thy reconcilement buds?&lt;/span&gt;</p0826-teimww:hasText>
    <p0826-teimww:hasTextHist knoraType="richtext_value">[Ales:] Is this the end of all thy solemne oathes? &lt;br&gt;
Is this the frute thy reconcilement buds?</p0826-teimww:hasTextHist>
    <p0826-teimww:isMentionedIn>
      <p0826-teimww:passage knoraType="link_value" linkType="ref" target="ww_7bfb4589049fca6e"/>
    </p0826-teimww:isMentionedIn>
    <p0826-teimww:occursIn>
      <p0826-teimww:book knoraType="link_value" linkType="ref" target="ww_fe42526a34d40cd9"/>
    </p0826-teimww:occursIn>
    <p0826-teimww:wasContributedBy>
      <p0826-teimww:person knoraType="link_value" linkType="ref" target="ww_7f35f6802efd910d"/>
    </p0826-teimww:wasContributedBy>
  </p0826-teimww:passage>
  <p0826-teimww:passage id="ww_49349d8c78d95271">
    <knoraXmlImport:label>passage</knoraXmlImport:label>
    <p0826-teimww:contains>
      <p0826-teimww:lexia knoraType="link_value" linkType="ref" target="ww_6f3ce12c253bc6b2"/>
    </p0826-teimww:contains>
    <p0826-teimww:hasPage knoraType="richtext_value">450; scene 5, line 17.</p0826-teimww:hasPage>
    <p0826-teimww:hasPageHist knoraType="richtext_value">N.p.; line 1089.</p0826-teimww:hasPageHist>
    <p0826-teimww:hasText knoraType="richtext_value">[Will:] [...] &lt;span class="quote"&gt;This drowsiness in me bodes little good.&lt;/span&gt;</p0826-teimww:hasText>
    <p0826-teimww:hasTextHist knoraType="richtext_value">[Will:] This drowsiness in me bodes little good.</p0826-teimww:hasTextHist>
    <p0826-teimww:isMentionedIn>
      <p0826-teimww:passage knoraType="link_value" linkType="ref" target="ww_9e155c28762a57c4"/>
    </p0826-teimww:isMentionedIn>
    <p0826-teimww:occursIn>
      <p0826-teimww:book knoraType="link_value" linkType="ref" target="ww_fe42526a34d40cd9"/>
    </p0826-teimww:occursIn>
    <p0826-teimww:wasContributedBy>
      <p0826-teimww:person knoraType="link_value" linkType="ref" target="ww_7f35f6802efd910d"/>
    </p0826-teimww:wasContributedBy>
  </p0826-teimww:passage>
  <p0826-teimww:passage id="ww_9e155c28762a57c4">
    <knoraXmlImport:label>passage</knoraXmlImport:label>
    <p0826-teimww:occursIn>
      <p0826-teimww:book knoraType="link_value" linkType="ref" target="ww_a3cda7e114a57aa4"/>
    </p0826-teimww:occursIn>
  </p0826-teimww:passage>
  <p0826-teimww:passage id="ww_3536da6485da781a">
    <knoraXmlImport:label>passage</knoraXmlImport:label>
    <p0826-teimww:contains>
      <p0826-teimww:lexia knoraType="link_value" linkType="ref" target="ww_2d3e4aac9feefcac"/>
    </p0826-teimww:contains>
    <p0826-teimww:hasPage knoraType="richtext_value">471; scene 14, lines 144-146.</p0826-teimww:hasPage>
    <p0826-teimww:hasPageHist knoraType="richtext_value">N.p.; lines 2054-2055.</p0826-teimww:hasPageHist>
    <p0826-teimww:hasText knoraType="richtext_value">[Alice:] [...] I shall no more be closed in Arden's arms,&lt;br&gt;
That like &lt;span class="quote"&gt;the snakes of black Tisiphone&lt;br&gt;&lt;/span&gt;
Sting me with their embracings [...].</p0826-teimww:hasText>
    <p0826-teimww:hasTextHist knoraType="richtext_value">[Ales:] […] That like the snakes of black Tisiphone, &lt;br&gt;
Sting me with their embracings […].</p0826-teimww:hasTextHist>
    <p0826-teimww:isMentionedIn>
      <p0826-teimww:passage knoraType="link_value" linkType="ref" target="ww_de09f94b3f273c7a"/>
    </p0826-teimww:isMentionedIn>
    <p0826-teimww:occursIn>
      <p0826-teimww:book knoraType="link_value" linkType="ref" target="ww_fe42526a34d40cd9"/>
    </p0826-teimww:occursIn>
    <p0826-teimww:wasContributedBy>
      <p0826-teimww:person knoraType="link_value" linkType="ref" target="ww_7f35f6802efd910d"/>
    </p0826-teimww:wasContributedBy>
  </p0826-teimww:passage>
  <p0826-teimww:passage id="ww_de09f94b3f273c7a">
    <knoraXmlImport:label>passage</knoraXmlImport:label>
    <p0826-teimww:occursIn>
      <p0826-teimww:book knoraType="link_value" linkType="ref" target="ww_a3cda7e114a57aa4"/>
    </p0826-teimww:occursIn>
  </p0826-teimww:passage>
  <p0826-teimww:passage id="ww_de0cdf4b9a453c5e">
    <knoraXmlImport:label>passage</knoraXmlImport:label>
    <p0826-teimww:contains>
      <p0826-teimww:lexia knoraType="link_value" linkType="ref" target="ww_b7d3d19e34230ac3"/>
    </p0826-teimww:contains>
    <p0826-teimww:hasPage knoraType="richtext_value">257; book 2, canto 5, stanza 2 [normalized spelling].</p0826-teimww:hasPage>
    <p0826-teimww:hasPageHist knoraType="richtext_value">257; book 2, canto 5, stanza 2.</p0826-teimww:hasPageHist>
    <p0826-teimww:hasText knoraType="richtext_value"> [...] &lt;span class="quote"&gt;round about him threw forth sparkling fire, &lt;br&gt;
That seemed him to inflame on every side.&lt;/span&gt;</p0826-teimww:hasText>
    <p0826-teimww:hasTextHist knoraType="richtext_value"> [...] &lt;span class="quote"&gt;round about him threw forth sparkling fire, &lt;br&gt;
That seemd him to inflame on euery side.&lt;/span&gt;</p0826-teimww:hasTextHist>
    <p0826-teimww:isMentionedIn>
      <p0826-teimww:passage knoraType="link_value" linkType="ref" target="ww_a07fbfafdcbc5b99"/>
    </p0826-teimww:isMentionedIn>
    <p0826-teimww:occursIn>
      <p0826-teimww:book knoraType="link_value" linkType="ref" target="ww_83f1a0a692d63180"/>
    </p0826-teimww:occursIn>
    <p0826-teimww:wasContributedBy>
      <p0826-teimww:person knoraType="link_value" linkType="ref" target="ww_c4063e9c72a3ffd2"/>
    </p0826-teimww:wasContributedBy>
  </p0826-teimww:passage>
  <p0826-teimww:passage id="ww_a07fbfafdcbc5b99">
    <knoraXmlImport:label>passage</knoraXmlImport:label>
    <p0826-teimww:occursIn>
      <p0826-teimww:book knoraType="link_value" linkType="ref" target="ww_3f86f30540de15b8"/>
    </p0826-teimww:occursIn>
  </p0826-teimww:passage>
  <p0826-teimww:passage id="ww_28fa865cc37abc11">
    <knoraXmlImport:label>passage</knoraXmlImport:label>
    <p0826-teimww:contains>
      <p0826-teimww:lexia knoraType="link_value" linkType="ref" target="ww_8e42b2b4911930ed"/>
    </p0826-teimww:contains>
    <p0826-teimww:hasPage knoraType="richtext_value">Act 5, scene 2, lines 11-12.</p0826-teimww:hasPage>
    <p0826-teimww:hasText knoraType="richtext_value">[Warwick:] […] Thus yields the &lt;span class="quote"&gt;cedar to the axe's edge, &lt;br&gt;
Whose arms gave shelter to the princely eagle &lt;/span&gt;[…].</p0826-teimww:hasText>
    <p0826-teimww:isMentionedIn>
      <p0826-teimww:passage knoraType="link_value" linkType="ref" target="ww_84c33c66dc4aaf4a"/>
    </p0826-teimww:isMentionedIn>
    <p0826-teimww:occursIn>
      <p0826-teimww:book knoraType="link_value" linkType="ref" target="ww_e44bf30c33d6ff4d"/>
    </p0826-teimww:occursIn>
    <p0826-teimww:wasContributedBy>
      <p0826-teimww:person knoraType="link_value" linkType="ref" target="ww_7f35f6802efd910d"/>
    </p0826-teimww:wasContributedBy>
  </p0826-teimww:passage>
  <p0826-teimww:passage id="ww_84c33c66dc4aaf4a">
    <knoraXmlImport:label>passage</knoraXmlImport:label>
    <p0826-teimww:occursIn>
      <p0826-teimww:book knoraType="link_value" linkType="ref" target="ww_a3cda7e114a57aa4"/>
    </p0826-teimww:occursIn>
  </p0826-teimww:passage>
  <p0826-teimww:passage id="ww_7c59aa2d48f1b308">
    <knoraXmlImport:label>passage</knoraXmlImport:label>
    <p0826-teimww:contains>
      <p0826-teimww:lexia knoraType="link_value" linkType="ref" target="ww_587afa1fca11ffee"/>
    </p0826-teimww:contains>
    <p0826-teimww:hasPage knoraType="richtext_value">N.p.; section 1, lines 209-210 [normalized spelling].</p0826-teimww:hasPage>
    <p0826-teimww:hasPageHist knoraType="richtext_value">N.p.; section 1, lines 209-210.</p0826-teimww:hasPageHist>
    <p0826-teimww:hasText knoraType="richtext_value">[Eleanor:] […] But ere it be long, &lt;span class="quote"&gt;I'll go before them all, &lt;br&gt;&lt;/span&gt;
Despite of all that seek to cross me thus […].</p0826-teimww:hasText>
    <p0826-teimww:hasTextHist knoraType="richtext_value">[Eleanor:] […] But ere it be long, &lt;span class="quote"&gt;Ile go before them all, &lt;/span&gt;&lt;br&gt;
Despight of all that seeke to crosse me thus […].</p0826-teimww:hasTextHist>
    <p0826-teimww:isMentionedIn>
      <p0826-teimww:passage knoraType="link_value" linkType="ref" target="ww_84c33c66dc4aaf4a"/>
    </p0826-teimww:isMentionedIn>
    <p0826-teimww:occursIn>
      <p0826-teimww:book knoraType="link_value" linkType="ref" target="ww_6c90648fdecc54d2"/>
    </p0826-teimww:occursIn>
    <p0826-teimww:wasContributedBy>
      <p0826-teimww:person knoraType="link_value" linkType="ref" target="ww_7f35f6802efd910d"/>
    </p0826-teimww:wasContributedBy>
  </p0826-teimww:passage>
  <p0826-teimww:passage id="ww_0b05eecba341a437">
    <knoraXmlImport:label>passage</knoraXmlImport:label>
    <p0826-teimww:contains>
      <p0826-teimww:lexia knoraType="link_value" linkType="ref" target="ww_d0f34e5dea16b07f"/>
    </p0826-teimww:contains>
    <p0826-teimww:hasPage knoraType="richtext_value">Act 2, scene 3, line 55.</p0826-teimww:hasPage>
    <p0826-teimww:hasText knoraType="richtext_value">[George:] […] &lt;span class="quote"&gt;Forslow no longer; &lt;/span&gt;make we hence amain.</p0826-teimww:hasText>
    <p0826-teimww:isMentionedIn>
      <p0826-teimww:passage knoraType="link_value" linkType="ref" target="ww_a309b65b71679869"/>
    </p0826-teimww:isMentionedIn>
    <p0826-teimww:isMentionedIn>
      <p0826-teimww:passage knoraType="link_value" linkType="ref" target="ww_3a4d12417f869cbe"/>
    </p0826-teimww:isMentionedIn>
    <p0826-teimww:occursIn>
      <p0826-teimww:book knoraType="link_value" linkType="ref" target="ww_e44bf30c33d6ff4d"/>
    </p0826-teimww:occursIn>
    <p0826-teimww:wasContributedBy>
      <p0826-teimww:person knoraType="link_value" linkType="ref" target="ww_7f35f6802efd910d"/>
    </p0826-teimww:wasContributedBy>
  </p0826-teimww:passage>
  <p0826-teimww:passage id="ww_a309b65b71679869">
    <knoraXmlImport:label>passage</knoraXmlImport:label>
    <p0826-teimww:occursIn>
      <p0826-teimww:book knoraType="link_value" linkType="ref" target="ww_1b231152ba6c63ce"/>
    </p0826-teimww:occursIn>
  </p0826-teimww:passage>
  <p0826-teimww:passage id="ww_3a4d12417f869cbe">
    <knoraXmlImport:label>passage</knoraXmlImport:label>
    <p0826-teimww:occursIn>
      <p0826-teimww:book knoraType="link_value" linkType="ref" target="ww_a3cda7e114a57aa4"/>
    </p0826-teimww:occursIn>
  </p0826-teimww:passage>
  <p0826-teimww:passage id="ww_340e5859a947df70">
    <knoraXmlImport:label>passage</knoraXmlImport:label>
    <p0826-teimww:contains>
      <p0826-teimww:lexia knoraType="link_value" linkType="ref" target="ww_ba2120c008c8dcd3"/>
    </p0826-teimww:contains>
    <p0826-teimww:hasPage knoraType="richtext_value">N.p.; section 1, lines 289-291 [normalised spelling].</p0826-teimww:hasPage>
    <p0826-teimww:hasPageHist knoraType="richtext_value">N.p.; section 1, lines 289-291.</p0826-teimww:hasPageHist>
    <p0826-teimww:hasText knoraType="richtext_value">[Queen Margaret:] […] And nere regards the honour of his name, &lt;br&gt;
But still &lt;span class="quote"&gt;must be protected like a child, &lt;br&gt;
And governed by that ambitious Duke &lt;/span&gt;[…]</p0826-teimww:hasText>
    <p0826-teimww:hasTextHist knoraType="richtext_value">[Queen Margaret:] […] And nere regards the honour of his name, &lt;br&gt;
But still must be protected like a childe, &lt;br&gt;
And gouerned by that ambitious Duke […]</p0826-teimww:hasTextHist>
    <p0826-teimww:isMentionedIn>
      <p0826-teimww:passage knoraType="link_value" linkType="ref" target="ww_3a4d12417f869cbe"/>
    </p0826-teimww:isMentionedIn>
    <p0826-teimww:occursIn>
      <p0826-teimww:book knoraType="link_value" linkType="ref" target="ww_6c90648fdecc54d2"/>
    </p0826-teimww:occursIn>
    <p0826-teimww:wasContributedBy>
      <p0826-teimww:person knoraType="link_value" linkType="ref" target="ww_7f35f6802efd910d"/>
    </p0826-teimww:wasContributedBy>
  </p0826-teimww:passage>
  <p0826-teimww:passage id="ww_c2cbe4d9cd18639b">
    <knoraXmlImport:label>passage</knoraXmlImport:label>
    <p0826-teimww:contains>
      <p0826-teimww:lexia knoraType="link_value" linkType="ref" target="ww_4bc86bf6c6943f33"/>
    </p0826-teimww:contains>
    <p0826-teimww:hasPage knoraType="richtext_value">Act 2, scene 1, lines 74-78.</p0826-teimww:hasPage>
    <p0826-teimww:hasText knoraType="richtext_value">[Edward:] Now my soul's palace is become a prison; &lt;br&gt;
Ah, would she break from hence, that this my body &lt;br&gt;
Might in the ground be closèd up in rest, &lt;br&gt;
For never henceforth shall I joy again. &lt;br&gt; 
&lt;span class="quote"&gt;Never, O never, shall I see more joy!&lt;/span&gt;</p0826-teimww:hasText>
    <p0826-teimww:isMentionedIn>
      <p0826-teimww:passage knoraType="link_value" linkType="ref" target="ww_0f9560965fbc9987"/>
    </p0826-teimww:isMentionedIn>
    <p0826-teimww:occursIn>
      <p0826-teimww:book knoraType="link_value" linkType="ref" target="ww_e44bf30c33d6ff4d"/>
    </p0826-teimww:occursIn>
    <p0826-teimww:wasContributedBy>
      <p0826-teimww:person knoraType="link_value" linkType="ref" target="ww_7f35f6802efd910d"/>
    </p0826-teimww:wasContributedBy>
  </p0826-teimww:passage>
  <p0826-teimww:passage id="ww_0f9560965fbc9987">
    <knoraXmlImport:label>passage</knoraXmlImport:label>
    <p0826-teimww:occursIn>
      <p0826-teimww:book knoraType="link_value" linkType="ref" target="ww_a3cda7e114a57aa4"/>
    </p0826-teimww:occursIn>
  </p0826-teimww:passage>
  <p0826-teimww:passage id="ww_25977bd4cff26748">
    <knoraXmlImport:label>passage</knoraXmlImport:label>
    <p0826-teimww:contains>
      <p0826-teimww:lexia knoraType="link_value" linkType="ref" target="ww_b0f51483dbe687e1"/>
    </p0826-teimww:contains>
    <p0826-teimww:hasPage knoraType="richtext_value">Act 5, scene 6, lines 62-63.</p0826-teimww:hasPage>
    <p0826-teimww:hasText knoraType="richtext_value">[Richard:] What, will the aspiring blood of Lancaster &lt;br&gt;
Sink in the ground? I thought it would have mounted.</p0826-teimww:hasText>
    <p0826-teimww:isMentionedIn>
      <p0826-teimww:passage knoraType="link_value" linkType="ref" target="ww_0f9560965fbc9987"/>
    </p0826-teimww:isMentionedIn>
    <p0826-teimww:occursIn>
      <p0826-teimww:book knoraType="link_value" linkType="ref" target="ww_e44bf30c33d6ff4d"/>
    </p0826-teimww:occursIn>
    <p0826-teimww:wasContributedBy>
      <p0826-teimww:person knoraType="link_value" linkType="ref" target="ww_7f35f6802efd910d"/>
    </p0826-teimww:wasContributedBy>
  </p0826-teimww:passage>
  <p0826-teimww:passage id="ww_e51d1a9210c81ddb">
    <knoraXmlImport:label>passage</knoraXmlImport:label>
    <p0826-teimww:contains>
      <p0826-teimww:lexia knoraType="link_value" linkType="ref" target="ww_6211dd4ea43c0dbd"/>
    </p0826-teimww:contains>
    <p0826-teimww:hasPage knoraType="richtext_value">Act 5, scene 6, line 1.</p0826-teimww:hasPage>
    <p0826-teimww:hasText knoraType="richtext_value">[Richard:] &lt;span class="quote"&gt;What, at your book so hard?&lt;/span&gt;</p0826-teimww:hasText>
    <p0826-teimww:isMentionedIn>
      <p0826-teimww:passage knoraType="link_value" linkType="ref" target="ww_533571e09fb0dd04"/>
    </p0826-teimww:isMentionedIn>
    <p0826-teimww:occursIn>
      <p0826-teimww:book knoraType="link_value" linkType="ref" target="ww_e44bf30c33d6ff4d"/>
    </p0826-teimww:occursIn>
    <p0826-teimww:wasContributedBy>
      <p0826-teimww:person knoraType="link_value" linkType="ref" target="ww_b604df587d93b768"/>
    </p0826-teimww:wasContributedBy>
  </p0826-teimww:passage>
  <p0826-teimww:passage id="ww_533571e09fb0dd04">
    <knoraXmlImport:label>passage</knoraXmlImport:label>
    <p0826-teimww:occursIn>
      <p0826-teimww:book knoraType="link_value" linkType="ref" target="ww_1140c36ab545b6d8"/>
    </p0826-teimww:occursIn>
  </p0826-teimww:passage>
  <p0826-teimww:passage id="ww_2c66fe55ebc4952d">
    <knoraXmlImport:label>passage</knoraXmlImport:label>
    <p0826-teimww:contains>
      <p0826-teimww:lexia knoraType="link_value" linkType="ref" target="ww_1804cc66ed7c5321"/>
    </p0826-teimww:contains>
    <p0826-teimww:hasPage knoraType="richtext_value">Act 4, scene 7, lines 25-26.</p0826-teimww:hasPage>
    <p0826-teimww:hasText knoraType="richtext_value">[Richard (aside):] But &lt;span class="quote"&gt;when the fox hath once got in his nose, &lt;br&gt;
He’ll soon find means to make the body follow.&lt;/span&gt;</p0826-teimww:hasText>
    <p0826-teimww:isMentionedIn>
      <p0826-teimww:passage knoraType="link_value" linkType="ref" target="ww_51153549f8c1672b"/>
    </p0826-teimww:isMentionedIn>
    <p0826-teimww:occursIn>
      <p0826-teimww:book knoraType="link_value" linkType="ref" target="ww_e44bf30c33d6ff4d"/>
    </p0826-teimww:occursIn>
    <p0826-teimww:wasContributedBy>
      <p0826-teimww:person knoraType="link_value" linkType="ref" target="ww_b604df587d93b768"/>
    </p0826-teimww:wasContributedBy>
  </p0826-teimww:passage>
  <p0826-teimww:passage id="ww_51153549f8c1672b">
    <knoraXmlImport:label>passage</knoraXmlImport:label>
    <p0826-teimww:occursIn>
      <p0826-teimww:book knoraType="link_value" linkType="ref" target="ww_1140c36ab545b6d8"/>
    </p0826-teimww:occursIn>
  </p0826-teimww:passage>
  <p0826-teimww:passage id="ww_5bc721f865d82b8a">
    <knoraXmlImport:label>passage</knoraXmlImport:label>
    <p0826-teimww:contains>
      <p0826-teimww:lexia knoraType="link_value" linkType="ref" target="ww_eb9e38efbb84ce8f"/>
    </p0826-teimww:contains>
    <p0826-teimww:contains>
      <p0826-teimww:lexia knoraType="link_value" linkType="ref" target="ww_46fda733e93cf193"/>
    </p0826-teimww:contains>
    <p0826-teimww:hasPage knoraType="richtext_value">Act 3, scene 2, lines 240-241.</p0826-teimww:hasPage>
    <p0826-teimww:hasText knoraType="richtext_value">[King Henry:] &lt;span class="quote"&gt;What stronger breastplate than a heart untainted? &lt;br/&gt;&lt;/span&gt;
Thrice is he armed that hath his &lt;span class="quote"&gt;quarrel just &lt;/span&gt;[...].</p0826-teimww:hasText>
    <p0826-teimww:isMentionedIn>
      <p0826-teimww:passage knoraType="link_value" linkType="ref" target="ww_bb5ab200e37c8062"/>
    </p0826-teimww:isMentionedIn>
    <p0826-teimww:occursIn>
      <p0826-teimww:book knoraType="link_value" linkType="ref" target="ww_898b0b7ff390f5fb"/>
    </p0826-teimww:occursIn>
    <p0826-teimww:wasContributedBy>
      <p0826-teimww:person knoraType="link_value" linkType="ref" target="ww_b604df587d93b768"/>
    </p0826-teimww:wasContributedBy>
  </p0826-teimww:passage>
  <p0826-teimww:passage id="ww_bb5ab200e37c8062">
    <knoraXmlImport:label>passage</knoraXmlImport:label>
    <p0826-teimww:occursIn>
      <p0826-teimww:book knoraType="link_value" linkType="ref" target="ww_1140c36ab545b6d8"/>
    </p0826-teimww:occursIn>
  </p0826-teimww:passage>
  <p0826-teimww:passage id="ww_04eec2ca4a471585">
    <knoraXmlImport:label>passage</knoraXmlImport:label>
    <p0826-teimww:contains>
      <p0826-teimww:lexia knoraType="link_value" linkType="ref" target="ww_2aa52324a039407b"/>
    </p0826-teimww:contains>
    <p0826-teimww:contains>
      <p0826-teimww:lexia knoraType="link_value" linkType="ref" target="ww_ee7c878d2b9c0f12"/>
    </p0826-teimww:contains>
    <p0826-teimww:hasPage knoraType="richtext_value">N.p.; act 1, scene 1, lines 91-94 [normalised spelling].</p0826-teimww:hasPage>
    <p0826-teimww:hasPageHist knoraType="richtext_value">N.p.; act 1, scene 1, lines 91-94.</p0826-teimww:hasPageHist>
    <p0826-teimww:hasText knoraType="richtext_value">[Longshanks:] Not &lt;span class="quote"&gt;Cæsar leading through the streets of Rome, &lt;br&gt;
The captive kings of conquered nations, &lt;br&gt;&lt;/span&gt;
Was in his princely triumphs honoured more, &lt;br&gt;
Than English Edward in this martial sight.</p0826-teimww:hasText>
    <p0826-teimww:hasTextHist knoraType="richtext_value">[Longshanks:] &lt;span class="quote"&gt;Not Cæsar leading through the streetes of Rome, &lt;br&gt;
The captiue kings of conquered nations, &lt;br&gt;&lt;/span&gt;
Was in his princely triumphes honoured more, &lt;br&gt;
Then English Edward in this martiall sight.</p0826-teimww:hasTextHist>
    <p0826-teimww:isMentionedIn>
      <p0826-teimww:passage knoraType="link_value" linkType="ref" target="ww_8777f83215d41020"/>
    </p0826-teimww:isMentionedIn>
    <p0826-teimww:occursIn>
      <p0826-teimww:book knoraType="link_value" linkType="ref" target="ww_28e2635e5ac1776c"/>
    </p0826-teimww:occursIn>
    <p0826-teimww:wasContributedBy>
      <p0826-teimww:person knoraType="link_value" linkType="ref" target="ww_7f35f6802efd910d"/>
    </p0826-teimww:wasContributedBy>
  </p0826-teimww:passage>
  <p0826-teimww:passage id="ww_8777f83215d41020">
    <knoraXmlImport:label>passage</knoraXmlImport:label>
    <p0826-teimww:occursIn>
      <p0826-teimww:book knoraType="link_value" linkType="ref" target="ww_a3cda7e114a57aa4"/>
    </p0826-teimww:occursIn>
  </p0826-teimww:passage>
  <p0826-teimww:passage id="ww_4d5da5805cb03400">
    <knoraXmlImport:label>passage</knoraXmlImport:label>
    <p0826-teimww:contains>
      <p0826-teimww:lexia knoraType="link_value" linkType="ref" target="ww_dfeaae638613c10f"/>
    </p0826-teimww:contains>
    <p0826-teimww:hasPage knoraType="richtext_value">N.p.; act 1, scene 1, lines 882-883 [normalised spelling].</p0826-teimww:hasPage>
    <p0826-teimww:hasPageHist knoraType="richtext_value">N.p.; act 1, scene 1, lines 882-883</p0826-teimww:hasPageHist>
    <p0826-teimww:hasText knoraType="richtext_value">[David:] Seaze on me bloody butchers with your paws, &lt;br&gt;
&lt;span class="quote"&gt;It is but temporal that you can inflict.&lt;/span&gt;</p0826-teimww:hasText>
    <p0826-teimww:hasTextHist knoraType="richtext_value">[David:] Seaze on me bloudie butchers with your pawes, &lt;br&gt;
It is but temporall that you can inflict.</p0826-teimww:hasTextHist>
    <p0826-teimww:isMentionedIn>
      <p0826-teimww:passage knoraType="link_value" linkType="ref" target="ww_c36f1e041db5addf"/>
    </p0826-teimww:isMentionedIn>
    <p0826-teimww:occursIn>
      <p0826-teimww:book knoraType="link_value" linkType="ref" target="ww_28e2635e5ac1776c"/>
    </p0826-teimww:occursIn>
    <p0826-teimww:wasContributedBy>
      <p0826-teimww:person knoraType="link_value" linkType="ref" target="ww_7f35f6802efd910d"/>
    </p0826-teimww:wasContributedBy>
  </p0826-teimww:passage>
  <p0826-teimww:passage id="ww_c36f1e041db5addf">
    <knoraXmlImport:label>passage</knoraXmlImport:label>
    <p0826-teimww:occursIn>
      <p0826-teimww:book knoraType="link_value" linkType="ref" target="ww_a3cda7e114a57aa4"/>
    </p0826-teimww:occursIn>
  </p0826-teimww:passage>
  <p0826-teimww:passage id="ww_11e04129608573b9">
    <knoraXmlImport:label>passage</knoraXmlImport:label>
    <p0826-teimww:contains>
      <p0826-teimww:lexia knoraType="link_value" linkType="ref" target="ww_b28339383bf68034"/>
    </p0826-teimww:contains>
    <p0826-teimww:hasPage knoraType="richtext_value">N.p.; act 1, scene 1, lines 1078-1079 [normalised spelling].</p0826-teimww:hasPage>
    <p0826-teimww:hasPageHist knoraType="richtext_value">N.p.; act 1, scene 1, lines 1078-1079.</p0826-teimww:hasPageHist>
    <p0826-teimww:hasText knoraType="richtext_value">[Gloster:] &lt;span class="quote"&gt;This comfort Madam that your grace doth give &lt;br&gt;
Binds me in double duty &lt;/span&gt;whilst I live […].</p0826-teimww:hasText>
    <p0826-teimww:hasTextHist knoraType="richtext_value">[Gloster:] Peele, George.  The Famous Chronicle of king Edward the first. London: Abell Ieffes, 1593.  N.pp.; act 1, scene 1, lines 882-883This comfort Madam that your grace doth giue &lt;br&gt;
Binds me in double duety &lt;/span&gt;whilst I liue […].</p0826-teimww:hasTextHist>
    <p0826-teimww:isMentionedIn>
      <p0826-teimww:passage knoraType="link_value" linkType="ref" target="ww_8777f83215d41020"/>
    </p0826-teimww:isMentionedIn>
    <p0826-teimww:occursIn>
      <p0826-teimww:book knoraType="link_value" linkType="ref" target="ww_28e2635e5ac1776c"/>
    </p0826-teimww:occursIn>
    <p0826-teimww:wasContributedBy>
      <p0826-teimww:person knoraType="link_value" linkType="ref" target="ww_7f35f6802efd910d"/>
    </p0826-teimww:wasContributedBy>
  </p0826-teimww:passage>
  <p0826-teimww:passage id="ww_b2d5d0f4463e75c9">
    <knoraXmlImport:label>passage</knoraXmlImport:label>
    <p0826-teimww:contains>
      <p0826-teimww:lexia knoraType="link_value" linkType="ref" target="ww_3466ddc151f46687"/>
    </p0826-teimww:contains>
    <p0826-teimww:hasPage knoraType="richtext_value">N.p.; act 1, scene 1, line 2527 [normalised spelling].</p0826-teimww:hasPage>
    <p0826-teimww:hasPageHist knoraType="richtext_value">N.p.; act 1, scene 1, line 2527.</p0826-teimww:hasPageHist>
    <p0826-teimww:hasText knoraType="richtext_value">[King Edward:] [...] &lt;span class="quote"&gt;Hence feigned weeds, unfeigned is my grief.&lt;/span&gt;</p0826-teimww:hasText>
    <p0826-teimww:hasTextHist knoraType="richtext_value">[King Edward:] [...] Hence faigned weedes, vnfaigned is my griefe.</p0826-teimww:hasTextHist>
    <p0826-teimww:isMentionedIn>
      <p0826-teimww:passage knoraType="link_value" linkType="ref" target="ww_96d12c17f64f88ad"/>
    </p0826-teimww:isMentionedIn>
    <p0826-teimww:occursIn>
      <p0826-teimww:book knoraType="link_value" linkType="ref" target="ww_28e2635e5ac1776c"/>
    </p0826-teimww:occursIn>
    <p0826-teimww:wasContributedBy>
      <p0826-teimww:person knoraType="link_value" linkType="ref" target="ww_7f35f6802efd910d"/>
    </p0826-teimww:wasContributedBy>
  </p0826-teimww:passage>
  <p0826-teimww:passage id="ww_96d12c17f64f88ad">
    <knoraXmlImport:label>passage</knoraXmlImport:label>
    <p0826-teimww:occursIn>
      <p0826-teimww:book knoraType="link_value" linkType="ref" target="ww_a3cda7e114a57aa4"/>
    </p0826-teimww:occursIn>
  </p0826-teimww:passage>
  <p0826-teimww:passage id="ww_590461777c1984e2">
    <knoraXmlImport:label>passage</knoraXmlImport:label>
    <p0826-teimww:contains>
      <p0826-teimww:lexia knoraType="link_value" linkType="ref" target="ww_90fbfa470c2747b5"/>
    </p0826-teimww:contains>
    <p0826-teimww:hasPage knoraType="richtext_value">445; act 1, scene 4, lines 82-83.</p0826-teimww:hasPage>
    <p0826-teimww:hasText knoraType="richtext_value">[Queen Isabella:] […] &lt;span class="quote"&gt;Forbear to levy arms against the king. &lt;br&gt;&lt;/span&gt;
[Younger Mortimer:] &lt;span class="quote"&gt;Ay, if words will serve; if not, I must.&lt;/span&gt;</p0826-teimww:hasText>
    <p0826-teimww:isMentionedIn>
      <p0826-teimww:passage knoraType="link_value" linkType="ref" target="ww_e5e85dbf6b2a5042"/>
    </p0826-teimww:isMentionedIn>
    <p0826-teimww:occursIn>
      <p0826-teimww:book knoraType="link_value" linkType="ref" target="ww_0d4732e83985c063"/>
    </p0826-teimww:occursIn>
    <p0826-teimww:wasContributedBy>
      <p0826-teimww:person knoraType="link_value" linkType="ref" target="ww_7f35f6802efd910d"/>
    </p0826-teimww:wasContributedBy>
  </p0826-teimww:passage>
  <p0826-teimww:passage id="ww_e5e85dbf6b2a5042">
    <knoraXmlImport:label>passage</knoraXmlImport:label>
    <p0826-teimww:occursIn>
      <p0826-teimww:book knoraType="link_value" linkType="ref" target="ww_a3cda7e114a57aa4"/>
    </p0826-teimww:occursIn>
  </p0826-teimww:passage>
  <p0826-teimww:passage id="ww_7f72808dedebf252">
    <knoraXmlImport:label>passage</knoraXmlImport:label>
    <p0826-teimww:contains>
      <p0826-teimww:lexia knoraType="link_value" linkType="ref" target="ww_1ea4376370cb9240"/>
    </p0826-teimww:contains>
    <p0826-teimww:hasPage knoraType="richtext_value">450; act 1, scene 4, lines 115-116.</p0826-teimww:hasPage>
    <p0826-teimww:hasText knoraType="richtext_value">[King Edward:] […] And  &lt;span class="quote"&gt;long thou shalt not stay, &lt;/span&gt;or, if thou dost, &lt;br&gt;
I’ll come to thee; my love shall ne'er decline.</p0826-teimww:hasText>
    <p0826-teimww:isMentionedIn>
      <p0826-teimww:passage knoraType="link_value" linkType="ref" target="ww_516db5950539c377"/>
    </p0826-teimww:isMentionedIn>
    <p0826-teimww:occursIn>
      <p0826-teimww:book knoraType="link_value" linkType="ref" target="ww_0d4732e83985c063"/>
    </p0826-teimww:occursIn>
    <p0826-teimww:wasContributedBy>
      <p0826-teimww:person knoraType="link_value" linkType="ref" target="ww_7f35f6802efd910d"/>
    </p0826-teimww:wasContributedBy>
  </p0826-teimww:passage>
  <p0826-teimww:passage id="ww_516db5950539c377">
    <knoraXmlImport:label>passage</knoraXmlImport:label>
    <p0826-teimww:occursIn>
      <p0826-teimww:book knoraType="link_value" linkType="ref" target="ww_a3cda7e114a57aa4"/>
    </p0826-teimww:occursIn>
  </p0826-teimww:passage>
  <p0826-teimww:passage id="ww_6088b28ba6b072c2">
    <knoraXmlImport:label>passage</knoraXmlImport:label>
    <p0826-teimww:contains>
      <p0826-teimww:lexia knoraType="link_value" linkType="ref" target="ww_0bf8b76ba658ea03"/>
    </p0826-teimww:contains>
    <p0826-teimww:hasPage knoraType="richtext_value">460; act 1, scene 4, lines 410-411.</p0826-teimww:hasPage>
    <p0826-teimww:hasText knoraType="richtext_value">[Younger Mortimer:] […] And Midas-like,  &lt;span class="quote"&gt;he jets it in the court, &lt;br&gt;
With base outlandish cullions at his heels &lt;/span&gt;[…].</p0826-teimww:hasText>
    <p0826-teimww:isMentionedIn>
      <p0826-teimww:passage knoraType="link_value" linkType="ref" target="ww_516db5950539c377"/>
    </p0826-teimww:isMentionedIn>
    <p0826-teimww:occursIn>
      <p0826-teimww:book knoraType="link_value" linkType="ref" target="ww_0d4732e83985c063"/>
    </p0826-teimww:occursIn>
    <p0826-teimww:wasContributedBy>
      <p0826-teimww:person knoraType="link_value" linkType="ref" target="ww_7f35f6802efd910d"/>
    </p0826-teimww:wasContributedBy>
  </p0826-teimww:passage>
  <p0826-teimww:passage id="ww_5a5777d7ea88d0bd">
    <knoraXmlImport:label>passage</knoraXmlImport:label>
    <p0826-teimww:contains>
      <p0826-teimww:lexia knoraType="link_value" linkType="ref" target="ww_8e42b2b4911930ed"/>
    </p0826-teimww:contains>
    <p0826-teimww:hasPage knoraType="richtext_value">464-465; act 2, scene 2, lines 16-17.</p0826-teimww:hasPage>
    <p0826-teimww:hasText knoraType="richtext_value">[Younger Mortimer:] […] A lofty  &lt;span class="quote"&gt;cedar tree, fair flourishing, &lt;br&gt;
On whose top branches kingly eagles perch&lt;/span&gt; […].</p0826-teimww:hasText>
    <p0826-teimww:isMentionedIn>
      <p0826-teimww:passage knoraType="link_value" linkType="ref" target="ww_09ec4295c0b959d7"/>
    </p0826-teimww:isMentionedIn>
    <p0826-teimww:occursIn>
      <p0826-teimww:book knoraType="link_value" linkType="ref" target="ww_0d4732e83985c063"/>
    </p0826-teimww:occursIn>
    <p0826-teimww:wasContributedBy>
      <p0826-teimww:person knoraType="link_value" linkType="ref" target="ww_7f35f6802efd910d"/>
    </p0826-teimww:wasContributedBy>
  </p0826-teimww:passage>
  <p0826-teimww:passage id="ww_09ec4295c0b959d7">
    <knoraXmlImport:label>passage</knoraXmlImport:label>
    <p0826-teimww:occursIn>
      <p0826-teimww:book knoraType="link_value" linkType="ref" target="ww_a3cda7e114a57aa4"/>
    </p0826-teimww:occursIn>
  </p0826-teimww:passage>
  <p0826-teimww:passage id="ww_2be1f061f41b06bd">
    <knoraXmlImport:label>passage</knoraXmlImport:label>
    <p0826-teimww:contains>
      <p0826-teimww:lexia knoraType="link_value" linkType="ref" target="ww_587afa1fca11ffee"/>
    </p0826-teimww:contains>
    <p0826-teimww:hasPage knoraType="richtext_value">467-468; act 2, scene 2, lines 95-97.</p0826-teimww:hasPage>
    <p0826-teimww:hasText knoraType="richtext_value">[King Edward:] […] Nay, all of them conspire to cross me thus; &lt;br&gt;
But if I live;  &lt;span class="quote"&gt;I'll tread upon their heads &lt;br&gt;&lt;/span&gt;
That I think with high looks thus to tread me down.</p0826-teimww:hasText>
    <p0826-teimww:isMentionedIn>
      <p0826-teimww:passage knoraType="link_value" linkType="ref" target="ww_84c33c66dc4aaf4a"/>
    </p0826-teimww:isMentionedIn>
    <p0826-teimww:occursIn>
      <p0826-teimww:book knoraType="link_value" linkType="ref" target="ww_0d4732e83985c063"/>
    </p0826-teimww:occursIn>
    <p0826-teimww:wasContributedBy>
      <p0826-teimww:person knoraType="link_value" linkType="ref" target="ww_7f35f6802efd910d"/>
    </p0826-teimww:wasContributedBy>
  </p0826-teimww:passage>
  <p0826-teimww:passage id="ww_274a34c051e2c875">
    <knoraXmlImport:label>passage</knoraXmlImport:label>
    <p0826-teimww:contains>
      <p0826-teimww:lexia knoraType="link_value" linkType="ref" target="ww_a3bd87f713987623"/>
    </p0826-teimww:contains>
    <p0826-teimww:hasPage knoraType="richtext_value">470; act 2, scene 2, line 168.</p0826-teimww:hasPage>
    <p0826-teimww:hasText knoraType="richtext_value">[Younger Mortimer:] The haughty Dane  &lt;span class="quote"&gt;commands the narrow seas &lt;/span&gt;[…].</p0826-teimww:hasText>
    <p0826-teimww:isMentionedIn>
      <p0826-teimww:passage knoraType="link_value" linkType="ref" target="ww_3a4d12417f869cbe"/>
    </p0826-teimww:isMentionedIn>
    <p0826-teimww:occursIn>
      <p0826-teimww:book knoraType="link_value" linkType="ref" target="ww_0d4732e83985c063"/>
    </p0826-teimww:occursIn>
    <p0826-teimww:wasContributedBy>
      <p0826-teimww:person knoraType="link_value" linkType="ref" target="ww_7f35f6802efd910d"/>
    </p0826-teimww:wasContributedBy>
  </p0826-teimww:passage>
  <p0826-teimww:passage id="ww_21dcce12e8ba6060">
    <knoraXmlImport:label>passage</knoraXmlImport:label>
    <p0826-teimww:contains>
      <p0826-teimww:lexia knoraType="link_value" linkType="ref" target="ww_d0f34e5dea16b07f"/>
    </p0826-teimww:contains>
    <p0826-teimww:hasPage knoraType="richtext_value">477; act 2, scene 4, line 41.</p0826-teimww:hasPage>
    <p0826-teimww:hasText knoraType="richtext_value">[Warwick:] &lt;span class="quote"&gt;Forslow&lt;/span&gt; no time, sweet Lancaster; let’s march.</p0826-teimww:hasText>
    <p0826-teimww:isMentionedIn>
      <p0826-teimww:passage knoraType="link_value" linkType="ref" target="ww_3a4d12417f869cbe"/>
    </p0826-teimww:isMentionedIn>
    <p0826-teimww:occursIn>
      <p0826-teimww:book knoraType="link_value" linkType="ref" target="ww_0d4732e83985c063"/>
    </p0826-teimww:occursIn>
    <p0826-teimww:wasContributedBy>
      <p0826-teimww:person knoraType="link_value" linkType="ref" target="ww_7f35f6802efd910d"/>
    </p0826-teimww:wasContributedBy>
  </p0826-teimww:passage>
  <p0826-teimww:passage id="ww_3395390c97b4f3d9">
    <knoraXmlImport:label>passage</knoraXmlImport:label>
    <p0826-teimww:contains>
      <p0826-teimww:lexia knoraType="link_value" linkType="ref" target="ww_ba2120c008c8dcd3"/>
    </p0826-teimww:contains>
    <p0826-teimww:hasPage knoraType="richtext_value">484; act 3, scene 4, line 30-31.</p0826-teimww:hasPage>
    <p0826-teimww:hasText knoraType="richtext_value">[Baldock:] [...] &lt;span class="quote"&gt;As though your highness were a school-boy still. &lt;br&gt;
And must be aw’d and govern'd like a child.&lt;/span&gt;</p0826-teimww:hasText>
    <p0826-teimww:isMentionedIn>
      <p0826-teimww:passage knoraType="link_value" linkType="ref" target="ww_3a4d12417f869cbe"/>
    </p0826-teimww:isMentionedIn>
    <p0826-teimww:occursIn>
      <p0826-teimww:book knoraType="link_value" linkType="ref" target="ww_0d4732e83985c063"/>
    </p0826-teimww:occursIn>
    <p0826-teimww:wasContributedBy>
      <p0826-teimww:person knoraType="link_value" linkType="ref" target="ww_7f35f6802efd910d"/>
    </p0826-teimww:wasContributedBy>
  </p0826-teimww:passage>
  <p0826-teimww:passage id="ww_640f7b13a0b3f692">
    <knoraXmlImport:label>passage</knoraXmlImport:label>
    <p0826-teimww:contains>
      <p0826-teimww:lexia knoraType="link_value" linkType="ref" target="ww_4bc86bf6c6943f33"/>
    </p0826-teimww:contains>
    <p0826-teimww:hasPage knoraType="richtext_value">505; act 4, scene 6, lines 41-43.</p0826-teimww:hasPage>
    <p0826-teimww:hasText knoraType="richtext_value">[King Edward:] O,  &lt;span class="quote"&gt;might I never ope these eyes again, &lt;br&gt;
Never again lift up this drooping head, &lt;br&gt;
O, never more lift up this dying heart!&lt;/span&gt;</p0826-teimww:hasText>
    <p0826-teimww:isMentionedIn>
      <p0826-teimww:passage knoraType="link_value" linkType="ref" target="ww_195be135079da72a"/>
    </p0826-teimww:isMentionedIn>
    <p0826-teimww:occursIn>
      <p0826-teimww:book knoraType="link_value" linkType="ref" target="ww_0d4732e83985c063"/>
    </p0826-teimww:occursIn>
    <p0826-teimww:wasContributedBy>
      <p0826-teimww:person knoraType="link_value" linkType="ref" target="ww_7f35f6802efd910d"/>
    </p0826-teimww:wasContributedBy>
  </p0826-teimww:passage>
  <p0826-teimww:passage id="ww_195be135079da72a">
    <knoraXmlImport:label>passage</knoraXmlImport:label>
    <p0826-teimww:occursIn>
      <p0826-teimww:book knoraType="link_value" linkType="ref" target="ww_a3cda7e114a57aa4"/>
    </p0826-teimww:occursIn>
  </p0826-teimww:passage>
  <p0826-teimww:passage id="ww_5341e9be3744b546">
    <knoraXmlImport:label>passage</knoraXmlImport:label>
    <p0826-teimww:contains>
      <p0826-teimww:lexia knoraType="link_value" linkType="ref" target="ww_b0f51483dbe687e1"/>
    </p0826-teimww:contains>
    <p0826-teimww:hasPage knoraType="richtext_value">438 and 508; act 1, scene 1, line 93 and act 5, scene 1, lines 13-14.</p0826-teimww:hasPage>
    <p0826-teimww:hasText knoraType="richtext_value">[King Edward:] […] Frownst thou thereat,  &lt;span class="quote"&gt;aspiring Lancaster? &lt;/span&gt;&lt;br&gt;&lt;br&gt;

[King Edward:] [And] highly scorning that lowly earth &lt;br&gt;
Should drink his blood, mounts up into the air.</p0826-teimww:hasText>
    <p0826-teimww:isMentionedIn>
      <p0826-teimww:passage knoraType="link_value" linkType="ref" target="ww_195be135079da72a"/>
    </p0826-teimww:isMentionedIn>
    <p0826-teimww:occursIn>
      <p0826-teimww:book knoraType="link_value" linkType="ref" target="ww_0d4732e83985c063"/>
    </p0826-teimww:occursIn>
    <p0826-teimww:wasContributedBy>
      <p0826-teimww:person knoraType="link_value" linkType="ref" target="ww_7f35f6802efd910d"/>
    </p0826-teimww:wasContributedBy>
  </p0826-teimww:passage>
  <p0826-teimww:passage id="ww_c738fe54278130c7">
    <knoraXmlImport:label>passage</knoraXmlImport:label>
    <p0826-teimww:contains>
      <p0826-teimww:lexia knoraType="link_value" linkType="ref" target="ww_47a86bc9685b638d"/>
    </p0826-teimww:contains>
    <p0826-teimww:hasPage knoraType="richtext_value">440; act 1, scene 1, line 151.</p0826-teimww:hasPage>
    <p0826-teimww:hasText knoraType="richtext_value">[King Edward:] […] I have my wish, in that &lt;span class="quote"&gt; I joy thy sight &lt;/span&gt;[…].</p0826-teimww:hasText>
    <p0826-teimww:isMentionedIn>
      <p0826-teimww:passage knoraType="link_value" linkType="ref" target="ww_7bfb4589049fca6e"/>
    </p0826-teimww:isMentionedIn>
    <p0826-teimww:occursIn>
      <p0826-teimww:book knoraType="link_value" linkType="ref" target="ww_0d4732e83985c063"/>
    </p0826-teimww:occursIn>
    <p0826-teimww:wasContributedBy>
      <p0826-teimww:person knoraType="link_value" linkType="ref" target="ww_7f35f6802efd910d"/>
    </p0826-teimww:wasContributedBy>
  </p0826-teimww:passage>
  <p0826-teimww:passage id="ww_e38f62bf50437f37">
    <knoraXmlImport:label>passage</knoraXmlImport:label>
    <p0826-teimww:contains>
      <p0826-teimww:lexia knoraType="link_value" linkType="ref" target="ww_000bccbe616cf447"/>
    </p0826-teimww:contains>
    <p0826-teimww:contains>
      <p0826-teimww:lexia knoraType="link_value" linkType="ref" target="ww_3359efb9fbd779ce"/>
    </p0826-teimww:contains>
    <p0826-teimww:contains>
      <p0826-teimww:lexia knoraType="link_value" linkType="ref" target="ww_b5a985124bc8f9fa"/>
    </p0826-teimww:contains>
    <p0826-teimww:contains>
      <p0826-teimww:lexia knoraType="link_value" linkType="ref" target="ww_e8c42386dd33a6e9"/>
    </p0826-teimww:contains>
    <p0826-teimww:hasPage knoraType="richtext_value">Act 2, scene 3, lines 115-135.</p0826-teimww:hasPage>
    <p0826-teimww:hasText knoraType="richtext_value">[Demetrius (drawing his dagger):] This is a witness that I am thy son.&lt;br&gt;
[Chiron (drawing his dagger):] And this for me, struck home to show my strength (They stab Bassianus).&lt;br&gt;
[Lavinia:] Ay, come, Semiramis, nay, barbarous Tamora,&lt;br&gt;
For no name fits thy nature but thy own!&lt;br&gt;
[Tamora:] Give me the poniard! You shall know, my boys,&lt;br&gt;
Your mother's hand shall right your mother’s wrong.&lt;br&gt;
[Demetrius:] Stay, madam, here is more belongs to her.&lt;br&gt;
First thrash the corn, then after burn the straw.&lt;br&gt;
This minion stood upon her chastity,&lt;br&gt;
Upon &lt;span class="quote"&gt;her nuptial vow, &lt;/span&gt;her loyalty,&lt;br&gt;
And with that painted hope braves your mightiness;&lt;br&gt;
And shall she carry this unto her grave?&lt;br&gt;
[Chiron:] And if she do, I would I were an eunuch!&lt;br&gt;
Drag hence her husband to some secret hole,&lt;br&gt;
And &lt;span class="quote"&gt;make his dead trunk pillow to our lust&lt;br&gt;&lt;/span&gt;
[Tamora:] But when you have the honey you desire,&lt;br&gt;
Let not this wasp outlive, us both to sting.&lt;br&gt;
[Chiron:] I warrant you, madam, we will make that sure. -&lt;br&gt;
Come, mistress, now perforce we will enjoy&lt;br&gt;
That nice-preservèd honesty of yours.</p0826-teimww:hasText>
    <p0826-teimww:isMentionedIn>
      <p0826-teimww:passage knoraType="link_value" linkType="ref" target="ww_ca946bebed2f2e80"/>
    </p0826-teimww:isMentionedIn>
    <p0826-teimww:isMentionedIn>
      <p0826-teimww:passage knoraType="link_value" linkType="ref" target="ww_d36317e85ae1bdd6"/>
    </p0826-teimww:isMentionedIn>
    <p0826-teimww:occursIn>
      <p0826-teimww:book knoraType="link_value" linkType="ref" target="ww_7f5e9141d1116e89"/>
    </p0826-teimww:occursIn>
    <p0826-teimww:wasContributedBy>
      <p0826-teimww:person knoraType="link_value" linkType="ref" target="ww_c4063e9c72a3ffd2"/>
    </p0826-teimww:wasContributedBy>
  </p0826-teimww:passage>
  <p0826-teimww:passage id="ww_ca946bebed2f2e80">
    <knoraXmlImport:label>passage</knoraXmlImport:label>
    <p0826-teimww:occursIn>
      <p0826-teimww:book knoraType="link_value" linkType="ref" target="ww_c0bb45384c6abc1f"/>
    </p0826-teimww:occursIn>
  </p0826-teimww:passage>
  <p0826-teimww:passage id="ww_d36317e85ae1bdd6">
    <knoraXmlImport:label>passage</knoraXmlImport:label>
    <p0826-teimww:occursIn>
      <p0826-teimww:book knoraType="link_value" linkType="ref" target="ww_4dfc3a32aa54efd5"/>
    </p0826-teimww:occursIn>
  </p0826-teimww:passage>
  <p0826-teimww:passage id="ww_fe537be29042d42d">
    <knoraXmlImport:label>passage</knoraXmlImport:label>
    <p0826-teimww:contains>
      <p0826-teimww:lexia knoraType="link_value" linkType="ref" target="ww_af2828fee05f9242"/>
    </p0826-teimww:contains>
    <p0826-teimww:hasPage knoraType="richtext_value">465; act 2, scene 2, lines 30-31.</p0826-teimww:hasPage>
    <p0826-teimww:hasText knoraType="richtext_value">[Kent:] Is this the love you bear your sovereign? &lt;br&gt;
Is this the  &lt;span class="quote"&gt;fruit your reconcilement bears?&lt;/span&gt;</p0826-teimww:hasText>
    <p0826-teimww:isMentionedIn>
      <p0826-teimww:passage knoraType="link_value" linkType="ref" target="ww_7bfb4589049fca6e"/>
    </p0826-teimww:isMentionedIn>
    <p0826-teimww:occursIn>
      <p0826-teimww:book knoraType="link_value" linkType="ref" target="ww_0d4732e83985c063"/>
    </p0826-teimww:occursIn>
    <p0826-teimww:wasContributedBy>
      <p0826-teimww:person knoraType="link_value" linkType="ref" target="ww_7f35f6802efd910d"/>
    </p0826-teimww:wasContributedBy>
  </p0826-teimww:passage>
  <p0826-teimww:passage id="ww_52ab16f47165a750">
    <knoraXmlImport:label>passage</knoraXmlImport:label>
    <p0826-teimww:contains>
      <p0826-teimww:lexia knoraType="link_value" linkType="ref" target="ww_6f3ce12c253bc6b2"/>
    </p0826-teimww:contains>
    <p0826-teimww:hasPage knoraType="richtext_value">505; act 4, scene 6, lines 44-45.</p0826-teimww:hasPage>
    <p0826-teimww:hasText knoraType="richtext_value">[Younger Spenser:] Look up, my lord. Baldock, &lt;span class="quote"&gt; this drowsiness &lt;br&gt;
Betides no good.&lt;/span&gt; Here even we are betray'd!</p0826-teimww:hasText>
    <p0826-teimww:isMentionedIn>
      <p0826-teimww:passage knoraType="link_value" linkType="ref" target="ww_7bfb4589049fca6e"/>
    </p0826-teimww:isMentionedIn>
    <p0826-teimww:occursIn>
      <p0826-teimww:book knoraType="link_value" linkType="ref" target="ww_0d4732e83985c063"/>
    </p0826-teimww:occursIn>
    <p0826-teimww:wasContributedBy>
      <p0826-teimww:person knoraType="link_value" linkType="ref" target="ww_7f35f6802efd910d"/>
    </p0826-teimww:wasContributedBy>
  </p0826-teimww:passage>
  <p0826-teimww:passage id="ww_69c57cec6f45c05e">
    <knoraXmlImport:label>passage</knoraXmlImport:label>
    <p0826-teimww:contains>
      <p0826-teimww:lexia knoraType="link_value" linkType="ref" target="ww_2d3e4aac9feefcac"/>
    </p0826-teimww:contains>
    <p0826-teimww:hasPage knoraType="richtext_value">509; act 5, scene 1, lines 45-46.</p0826-teimww:hasPage>
    <p0826-teimww:hasText knoraType="richtext_value">[King Edward:] […] Or, like the snaky wreath of  &lt;span class="quote"&gt;Tisiphon, &lt;/span&gt;&lt;br&gt;
Engirt the temples of his hateful head!</p0826-teimww:hasText>
    <p0826-teimww:isMentionedIn>
      <p0826-teimww:passage knoraType="link_value" linkType="ref" target="ww_de09f94b3f273c7a"/>
    </p0826-teimww:isMentionedIn>
    <p0826-teimww:occursIn>
      <p0826-teimww:book knoraType="link_value" linkType="ref" target="ww_0d4732e83985c063"/>
    </p0826-teimww:occursIn>
    <p0826-teimww:wasContributedBy>
      <p0826-teimww:person knoraType="link_value" linkType="ref" target="ww_7f35f6802efd910d"/>
    </p0826-teimww:wasContributedBy>
  </p0826-teimww:passage>
  <p0826-teimww:passage id="ww_61c4ff83c52fa77b">
    <knoraXmlImport:label>passage</knoraXmlImport:label>
    <p0826-teimww:contains>
      <p0826-teimww:lexia knoraType="link_value" linkType="ref" target="ww_7cb1a8cf8146aee0"/>
    </p0826-teimww:contains>
    <p0826-teimww:hasPage knoraType="richtext_value">Act 3, scene 1, line 270.</p0826-teimww:hasPage>
    <p0826-teimww:hasText knoraType="richtext_value">[Marcus:]  &lt;span class="quote"&gt;Why dost thou laugh? It fits not with this hour.&lt;/span&gt;</p0826-teimww:hasText>
    <p0826-teimww:isMentionedIn>
      <p0826-teimww:passage knoraType="link_value" linkType="ref" target="ww_92a9c9bf0901c360"/>
    </p0826-teimww:isMentionedIn>
    <p0826-teimww:occursIn>
      <p0826-teimww:book knoraType="link_value" linkType="ref" target="ww_7f5e9141d1116e89"/>
    </p0826-teimww:occursIn>
    <p0826-teimww:wasContributedBy>
      <p0826-teimww:person knoraType="link_value" linkType="ref" target="ww_c4063e9c72a3ffd2"/>
    </p0826-teimww:wasContributedBy>
  </p0826-teimww:passage>
  <p0826-teimww:passage id="ww_92a9c9bf0901c360">
    <knoraXmlImport:label>passage</knoraXmlImport:label>
    <p0826-teimww:occursIn>
      <p0826-teimww:book knoraType="link_value" linkType="ref" target="ww_e9dd31d2f114bcc9"/>
    </p0826-teimww:occursIn>
  </p0826-teimww:passage>
  <p0826-teimww:passage id="ww_ef244a7034422815">
    <knoraXmlImport:label>passage</knoraXmlImport:label>
    <p0826-teimww:contains>
      <p0826-teimww:lexia knoraType="link_value" linkType="ref" target="ww_2036ccff7e1bf8e7"/>
    </p0826-teimww:contains>
    <p0826-teimww:hasPage knoraType="richtext_value">440; act 1, scene 1, lines 161-162.</p0826-teimww:hasPage>
    <p0826-teimww:hasText knoraType="richtext_value">[King Edward:] […] Thy worth, sweet friend, is far above my gifts: &lt;br&gt;
Therefore,  &lt;span class="quote"&gt;to equal it, receive my heart.&lt;/span&gt;</p0826-teimww:hasText>
    <p0826-teimww:isMentionedIn>
      <p0826-teimww:passage knoraType="link_value" linkType="ref" target="ww_de09f94b3f273c7a"/>
    </p0826-teimww:isMentionedIn>
    <p0826-teimww:occursIn>
      <p0826-teimww:book knoraType="link_value" linkType="ref" target="ww_0d4732e83985c063"/>
    </p0826-teimww:occursIn>
    <p0826-teimww:wasContributedBy>
      <p0826-teimww:person knoraType="link_value" linkType="ref" target="ww_7f35f6802efd910d"/>
    </p0826-teimww:wasContributedBy>
  </p0826-teimww:passage>
  <p0826-teimww:passage id="ww_afe156d29d9689e7">
    <knoraXmlImport:label>passage</knoraXmlImport:label>
    <p0826-teimww:contains>
      <p0826-teimww:lexia knoraType="link_value" linkType="ref" target="ww_c6c52fba9473f957"/>
    </p0826-teimww:contains>
    <p0826-teimww:hasPage knoraType="richtext_value">Ind., scene 2, lines 47-48.</p0826-teimww:hasPage>
    <p0826-teimww:hasText knoraType="richtext_value">[First Servingman:] Say thou wilt course. &lt;span class="quote"&gt;Thy greyhounds are as swift &lt;br&gt;
As breathèd stags, ay, fleeter than the roe&lt;/span&gt;.</p0826-teimww:hasText>
    <p0826-teimww:isMentionedIn>
      <p0826-teimww:passage knoraType="link_value" linkType="ref" target="ww_e34e3981a5e8bbf7"/>
    </p0826-teimww:isMentionedIn>
    <p0826-teimww:occursIn>
      <p0826-teimww:book knoraType="link_value" linkType="ref" target="ww_26138dfe777ca825"/>
    </p0826-teimww:occursIn>
    <p0826-teimww:wasContributedBy>
      <p0826-teimww:person knoraType="link_value" linkType="ref" target="ww_b604df587d93b768"/>
    </p0826-teimww:wasContributedBy>
  </p0826-teimww:passage>
  <p0826-teimww:passage id="ww_e34e3981a5e8bbf7">
    <knoraXmlImport:label>passage</knoraXmlImport:label>
    <p0826-teimww:occursIn>
      <p0826-teimww:book knoraType="link_value" linkType="ref" target="ww_de6299bae9b985ee"/>
    </p0826-teimww:occursIn>
  </p0826-teimww:passage>
  <p0826-teimww:passage id="ww_0ad6bc2d1c78a6ec">
    <knoraXmlImport:label>passage</knoraXmlImport:label>
    <p0826-teimww:contains>
      <p0826-teimww:lexia knoraType="link_value" linkType="ref" target="ww_a511e2e0e5f214bf"/>
    </p0826-teimww:contains>
    <p0826-teimww:hasPage knoraType="richtext_value">Act 4, scene 5, lines 35-36.</p0826-teimww:hasPage>
    <p0826-teimww:hasText knoraType="richtext_value">[Petruchio:] [...] &lt;span class="quote"&gt;What stars do spangle heaven with such beauty &lt;br&gt;
As those two eyes become that heavenly face?&lt;/span&gt;</p0826-teimww:hasText>
    <p0826-teimww:isMentionedIn>
      <p0826-teimww:passage knoraType="link_value" linkType="ref" target="ww_e34e3981a5e8bbf7"/>
    </p0826-teimww:isMentionedIn>
    <p0826-teimww:occursIn>
      <p0826-teimww:book knoraType="link_value" linkType="ref" target="ww_26138dfe777ca825"/>
    </p0826-teimww:occursIn>
    <p0826-teimww:wasContributedBy>
      <p0826-teimww:person knoraType="link_value" linkType="ref" target="ww_b604df587d93b768"/>
    </p0826-teimww:wasContributedBy>
  </p0826-teimww:passage>
  <p0826-teimww:passage id="ww_0dc347dfc104c6bd">
    <knoraXmlImport:label>passage</knoraXmlImport:label>
    <p0826-teimww:contains>
      <p0826-teimww:lexia knoraType="link_value" linkType="ref" target="ww_6dcde8d38de6a67f"/>
    </p0826-teimww:contains>
    <p0826-teimww:hasPage knoraType="richtext_value">Act 4, scene 1, lines 190-192.</p0826-teimww:hasPage>
    <p0826-teimww:hasText knoraType="richtext_value">[Petruchio:] [...] &lt;span class="quote"&gt;My falcon now is sharp and passing empty, &lt;br&gt;
And, till she stoop, she must not be full-gorged, &lt;br&gt;
For then she never looks upon her lure.&lt;/span&gt;</p0826-teimww:hasText>
    <p0826-teimww:isMentionedIn>
      <p0826-teimww:passage knoraType="link_value" linkType="ref" target="ww_d350fb355b09769e"/>
    </p0826-teimww:isMentionedIn>
    <p0826-teimww:occursIn>
      <p0826-teimww:book knoraType="link_value" linkType="ref" target="ww_26138dfe777ca825"/>
    </p0826-teimww:occursIn>
    <p0826-teimww:wasContributedBy>
      <p0826-teimww:person knoraType="link_value" linkType="ref" target="ww_b604df587d93b768"/>
    </p0826-teimww:wasContributedBy>
  </p0826-teimww:passage>
  <p0826-teimww:passage id="ww_d350fb355b09769e">
    <knoraXmlImport:label>passage</knoraXmlImport:label>
    <p0826-teimww:occursIn>
      <p0826-teimww:book knoraType="link_value" linkType="ref" target="ww_de6299bae9b985ee"/>
    </p0826-teimww:occursIn>
  </p0826-teimww:passage>
  <p0826-teimww:passage id="ww_c0635e485a16503d">
    <knoraXmlImport:label>passage</knoraXmlImport:label>
    <p0826-teimww:contains>
      <p0826-teimww:lexia knoraType="link_value" linkType="ref" target="ww_24f1d8744350f896"/>
    </p0826-teimww:contains>
    <p0826-teimww:hasPage knoraType="richtext_value">Act 2, scene 1, lines 180-181.</p0826-teimww:hasPage>
    <p0826-teimww:hasText knoraType="richtext_value">[Petruchio:] [...] Say that she frown, I’ll say she looks as clear &lt;br&gt;
As &lt;span class="quote"&gt;morning roses newly washed with dew.&lt;/span&gt;</p0826-teimww:hasText>
    <p0826-teimww:isMentionedIn>
      <p0826-teimww:passage knoraType="link_value" linkType="ref" target="ww_d350fb355b09769e"/>
    </p0826-teimww:isMentionedIn>
    <p0826-teimww:occursIn>
      <p0826-teimww:book knoraType="link_value" linkType="ref" target="ww_26138dfe777ca825"/>
    </p0826-teimww:occursIn>
    <p0826-teimww:wasContributedBy>
      <p0826-teimww:person knoraType="link_value" linkType="ref" target="ww_b604df587d93b768"/>
    </p0826-teimww:wasContributedBy>
  </p0826-teimww:passage>
  <p0826-teimww:passage id="ww_3f9379a1f7d86a88">
    <knoraXmlImport:label>passage</knoraXmlImport:label>
    <p0826-teimww:contains>
      <p0826-teimww:lexia knoraType="link_value" linkType="ref" target="ww_7709bdf8bd950e68"/>
    </p0826-teimww:contains>
    <p0826-teimww:hasPage knoraType="richtext_value">456; act 1, scene 4, lines 398-300.</p0826-teimww:hasPage>
    <p0826-teimww:hasText knoraType="richtext_value">[Queen Isabella:] &lt;span class="quote"&gt;And when this favour Isabel forgets, &lt;br&gt;
Then let her live abandon'd and forlorn.&lt;/span&gt;</p0826-teimww:hasText>
    <p0826-teimww:isMentionedIn>
      <p0826-teimww:passage knoraType="link_value" linkType="ref" target="ww_56e4e59804263621"/>
    </p0826-teimww:isMentionedIn>
    <p0826-teimww:occursIn>
      <p0826-teimww:book knoraType="link_value" linkType="ref" target="ww_0d4732e83985c063"/>
    </p0826-teimww:occursIn>
    <p0826-teimww:wasContributedBy>
      <p0826-teimww:person knoraType="link_value" linkType="ref" target="ww_7f35f6802efd910d"/>
    </p0826-teimww:wasContributedBy>
  </p0826-teimww:passage>
  <p0826-teimww:passage id="ww_56e4e59804263621">
    <knoraXmlImport:label>passage</knoraXmlImport:label>
    <p0826-teimww:occursIn>
      <p0826-teimww:book knoraType="link_value" linkType="ref" target="ww_a3cda7e114a57aa4"/>
    </p0826-teimww:occursIn>
  </p0826-teimww:passage>
  <p0826-teimww:passage id="ww_42b333312259dea5">
    <knoraXmlImport:label>passage</knoraXmlImport:label>
    <p0826-teimww:contains>
      <p0826-teimww:lexia knoraType="link_value" linkType="ref" target="ww_5899dcf6fa9fb161"/>
    </p0826-teimww:contains>
    <p0826-teimww:hasPage knoraType="richtext_value">504; act 4, scene 6, line 8.</p0826-teimww:hasPage>
    <p0826-teimww:hasText knoraType="richtext_value">[King Edward:] Father, &lt;span class="quote"&gt;thy face should harbour no deceit.&lt;/span&gt;</p0826-teimww:hasText>
    <p0826-teimww:isMentionedIn>
      <p0826-teimww:passage knoraType="link_value" linkType="ref" target="ww_56e4e59804263621"/>
    </p0826-teimww:isMentionedIn>
    <p0826-teimww:occursIn>
      <p0826-teimww:book knoraType="link_value" linkType="ref" target="ww_0d4732e83985c063"/>
    </p0826-teimww:occursIn>
    <p0826-teimww:wasContributedBy>
      <p0826-teimww:person knoraType="link_value" linkType="ref" target="ww_7f35f6802efd910d"/>
    </p0826-teimww:wasContributedBy>
  </p0826-teimww:passage>
  <p0826-teimww:passage id="ww_eec732cb156cb398">
    <knoraXmlImport:label>passage</knoraXmlImport:label>
    <p0826-teimww:contains>
      <p0826-teimww:lexia knoraType="link_value" linkType="ref" target="ww_da8b78d19c44cbdb"/>
    </p0826-teimww:contains>
    <p0826-teimww:hasPage knoraType="richtext_value">517; act 5, scene 2, lines 106-107.</p0826-teimww:hasPage>
    <p0826-teimww:hasText knoraType="richtext_value">[Younger Mortimer:] I tell thee, &lt;span class="quote"&gt;'tis not meet that one so false&lt;br&gt;
Should come about the person of a prince.&lt;/span&gt;</p0826-teimww:hasText>
    <p0826-teimww:isMentionedIn>
      <p0826-teimww:passage knoraType="link_value" linkType="ref" target="ww_56e4e59804263621"/>
    </p0826-teimww:isMentionedIn>
    <p0826-teimww:occursIn>
      <p0826-teimww:book knoraType="link_value" linkType="ref" target="ww_0d4732e83985c063"/>
    </p0826-teimww:occursIn>
    <p0826-teimww:wasContributedBy>
      <p0826-teimww:person knoraType="link_value" linkType="ref" target="ww_7f35f6802efd910d"/>
    </p0826-teimww:wasContributedBy>
  </p0826-teimww:passage>
  <p0826-teimww:passage id="ww_c4cd7977cbefaa1d">
    <knoraXmlImport:label>passage</knoraXmlImport:label>
    <p0826-teimww:contains>
      <p0826-teimww:lexia knoraType="link_value" linkType="ref" target="ww_b5e4c266c87648ff"/>
    </p0826-teimww:contains>
    <p0826-teimww:hasPage knoraType="richtext_value">Lines 130-131.</p0826-teimww:hasPage>
    <p0826-teimww:hasText knoraType="richtext_value">[Venus:] &lt;span class="quote"&gt;Fair flowers that are not gathered in their prime&lt;br&gt;
Rot and consume themselves in little time.&lt;/span&gt;</p0826-teimww:hasText>
    <p0826-teimww:isMentionedIn>
      <p0826-teimww:passage knoraType="link_value" linkType="ref" target="ww_5948358512eb149a"/>
    </p0826-teimww:isMentionedIn>
    <p0826-teimww:occursIn>
      <p0826-teimww:book knoraType="link_value" linkType="ref" target="ww_d7a24ba647d4819e"/>
    </p0826-teimww:occursIn>
    <p0826-teimww:wasContributedBy>
      <p0826-teimww:person knoraType="link_value" linkType="ref" target="ww_c4063e9c72a3ffd2"/>
    </p0826-teimww:wasContributedBy>
  </p0826-teimww:passage>
  <p0826-teimww:passage id="ww_5948358512eb149a">
    <knoraXmlImport:label>passage</knoraXmlImport:label>
    <p0826-teimww:occursIn>
      <p0826-teimww:book knoraType="link_value" linkType="ref" target="ww_1140c36ab545b6d8"/>
    </p0826-teimww:occursIn>
  </p0826-teimww:passage>
  <p0826-teimww:passage id="ww_321b9e7741046edf">
    <knoraXmlImport:label>passage</knoraXmlImport:label>
    <p0826-teimww:contains>
      <p0826-teimww:lexia knoraType="link_value" linkType="ref" target="ww_276f15ce4bd497bc"/>
    </p0826-teimww:contains>
    <p0826-teimww:hasPage knoraType="richtext_value">Lines 149-150.</p0826-teimww:hasPage>
    <p0826-teimww:hasText knoraType="richtext_value">&lt;span class="quote"&gt;Love is a spirit all compact of fire&lt;/span&gt;, &lt;br&gt;
Not gross to sink, but light, and will aspire.</p0826-teimww:hasText>
    <p0826-teimww:isMentionedIn>
      <p0826-teimww:passage knoraType="link_value" linkType="ref" target="ww_5948358512eb149a"/>
    </p0826-teimww:isMentionedIn>
    <p0826-teimww:occursIn>
      <p0826-teimww:book knoraType="link_value" linkType="ref" target="ww_d7a24ba647d4819e"/>
    </p0826-teimww:occursIn>
    <p0826-teimww:wasContributedBy>
      <p0826-teimww:person knoraType="link_value" linkType="ref" target="ww_7f35f6802efd910d"/>
    </p0826-teimww:wasContributedBy>
  </p0826-teimww:passage>
  <p0826-teimww:passage id="ww_ed7bdb3ebaaea7a6">
    <knoraXmlImport:label>passage</knoraXmlImport:label>
    <p0826-teimww:contains>
      <p0826-teimww:lexia knoraType="link_value" linkType="ref" target="ww_ee7c878d2b9c0f12"/>
    </p0826-teimww:contains>
    <p0826-teimww:hasPage knoraType="richtext_value">440; act 1, scene 1, lines 172-174.</p0826-teimww:hasPage>
    <p0826-teimww:hasText knoraType="richtext_value">[Gaveston:] It shall suffice me to enjoy your love, &lt;br&gt;
Which whiles I have, I think myself as great &lt;br&gt;
As &lt;span class="quote"&gt;Caesar riding in the Roman street, &lt;br&gt;&lt;/span&gt;
With captive kings at his triumphant car.</p0826-teimww:hasText>
    <p0826-teimww:isMentionedIn>
      <p0826-teimww:passage knoraType="link_value" linkType="ref" target="ww_474aa0a1320f43b3"/>
    </p0826-teimww:isMentionedIn>
    <p0826-teimww:isMentionedIn>
      <p0826-teimww:passage knoraType="link_value" linkType="ref" target="ww_f20cbebf179e45ad"/>
    </p0826-teimww:isMentionedIn>
    <p0826-teimww:occursIn>
      <p0826-teimww:book knoraType="link_value" linkType="ref" target="ww_0d4732e83985c063"/>
    </p0826-teimww:occursIn>
    <p0826-teimww:wasContributedBy>
      <p0826-teimww:person knoraType="link_value" linkType="ref" target="ww_7f35f6802efd910d"/>
    </p0826-teimww:wasContributedBy>
  </p0826-teimww:passage>
  <p0826-teimww:passage id="ww_f20cbebf179e45ad">
    <knoraXmlImport:label>passage</knoraXmlImport:label>
    <p0826-teimww:occursIn>
      <p0826-teimww:book knoraType="link_value" linkType="ref" target="ww_a3cda7e114a57aa4"/>
    </p0826-teimww:occursIn>
  </p0826-teimww:passage>
  <p0826-teimww:passage id="ww_474aa0a1320f43b3">
    <knoraXmlImport:label>passage</knoraXmlImport:label>
    <p0826-teimww:occursIn>
      <p0826-teimww:book knoraType="link_value" linkType="ref" target="ww_97955539c83b9cc3"/>
    </p0826-teimww:occursIn>
  </p0826-teimww:passage>
  <p0826-teimww:passage id="ww_e61533286c1ee9fa">
    <knoraXmlImport:label>passage</knoraXmlImport:label>
    <p0826-teimww:contains>
      <p0826-teimww:lexia knoraType="link_value" linkType="ref" target="ww_f5710abe1f004c64"/>
    </p0826-teimww:contains>
    <p0826-teimww:hasPage knoraType="richtext_value">Lines 25-27.</p0826-teimww:hasPage>
    <p0826-teimww:hasText knoraType="richtext_value">With this she seizeth on &lt;span class="quote"&gt;his sweating palm&lt;/span&gt;,&lt;br&gt;
The precedent of pith and livelihood,&lt;br&gt;
And, trembling in her passion, calls it balm [...].</p0826-teimww:hasText>
    <p0826-teimww:isMentionedIn>
      <p0826-teimww:passage knoraType="link_value" linkType="ref" target="ww_03afa695df77e331"/>
    </p0826-teimww:isMentionedIn>
    <p0826-teimww:occursIn>
      <p0826-teimww:book knoraType="link_value" linkType="ref" target="ww_d7a24ba647d4819e"/>
    </p0826-teimww:occursIn>
    <p0826-teimww:wasContributedBy>
      <p0826-teimww:person knoraType="link_value" linkType="ref" target="ww_c4063e9c72a3ffd2"/>
    </p0826-teimww:wasContributedBy>
  </p0826-teimww:passage>
  <p0826-teimww:passage id="ww_03afa695df77e331">
    <knoraXmlImport:label>passage</knoraXmlImport:label>
    <p0826-teimww:occursIn>
      <p0826-teimww:book knoraType="link_value" linkType="ref" target="ww_55bc1a3b04bf8a8d"/>
    </p0826-teimww:occursIn>
  </p0826-teimww:passage>
  <p0826-teimww:passage id="ww_37a3913268b1e934">
    <knoraXmlImport:label>passage</knoraXmlImport:label>
    <p0826-teimww:contains>
      <p0826-teimww:lexia knoraType="link_value" linkType="ref" target="ww_dfeaae638613c10f"/>
    </p0826-teimww:contains>
    <p0826-teimww:hasPage knoraType="richtext_value">491; act 3, scene 3, lines 57-58.</p0826-teimww:hasPage>
    <p0826-teimww:hasText knoraType="richtext_value">[Warwick:] Tyrant, I scorn thy threats and menaces; &lt;br&gt;
&lt;span class="quote"&gt;'Tis but temporal that thou canst inflict.&lt;/span&gt;</p0826-teimww:hasText>
    <p0826-teimww:isMentionedIn>
      <p0826-teimww:passage knoraType="link_value" linkType="ref" target="ww_8777f83215d41020"/>
    </p0826-teimww:isMentionedIn>
    <p0826-teimww:occursIn>
      <p0826-teimww:book knoraType="link_value" linkType="ref" target="ww_0d4732e83985c063"/>
    </p0826-teimww:occursIn>
    <p0826-teimww:wasContributedBy>
      <p0826-teimww:person knoraType="link_value" linkType="ref" target="ww_7f35f6802efd910d"/>
    </p0826-teimww:wasContributedBy>
  </p0826-teimww:passage>
  <p0826-teimww:passage id="ww_8d8ea0caf2709652">
    <knoraXmlImport:label>passage</knoraXmlImport:label>
    <p0826-teimww:contains>
      <p0826-teimww:lexia knoraType="link_value" linkType="ref" target="ww_b28339383bf68034"/>
    </p0826-teimww:contains>
    <p0826-teimww:hasPage knoraType="richtext_value">496; act 4, scene 3, lines 75-76.</p0826-teimww:hasPage>
    <p0826-teimww:hasText knoraType="richtext_value">[Kent:] &lt;span class="quote"&gt;These comforts that you give our woeful queen &lt;br&gt;
Bind us in kindness all at your command.&lt;/span&gt;</p0826-teimww:hasText>
    <p0826-teimww:isMentionedIn>
      <p0826-teimww:passage knoraType="link_value" linkType="ref" target="ww_8777f83215d41020"/>
    </p0826-teimww:isMentionedIn>
    <p0826-teimww:occursIn>
      <p0826-teimww:book knoraType="link_value" linkType="ref" target="ww_0d4732e83985c063"/>
    </p0826-teimww:occursIn>
    <p0826-teimww:wasContributedBy>
      <p0826-teimww:person knoraType="link_value" linkType="ref" target="ww_7f35f6802efd910d"/>
    </p0826-teimww:wasContributedBy>
  </p0826-teimww:passage>
  <p0826-teimww:passage id="ww_19980cdc6a7f13bb">
    <knoraXmlImport:label>passage</knoraXmlImport:label>
    <p0826-teimww:contains>
      <p0826-teimww:lexia knoraType="link_value" linkType="ref" target="ww_3466ddc151f46687"/>
    </p0826-teimww:contains>
    <p0826-teimww:hasPage knoraType="richtext_value">507; act 5, scene 1, line 97.</p0826-teimww:hasPage>
    <p0826-teimww:hasText knoraType="richtext_value">[King Edward:] &lt;span class="quote"&gt;Hence, feigned weeds! Unfeigned are my woes.&lt;/span&gt;</p0826-teimww:hasText>
    <p0826-teimww:isMentionedIn>
      <p0826-teimww:passage knoraType="link_value" linkType="ref" target="ww_96d12c17f64f88ad"/>
    </p0826-teimww:isMentionedIn>
    <p0826-teimww:occursIn>
      <p0826-teimww:book knoraType="link_value" linkType="ref" target="ww_0d4732e83985c063"/>
    </p0826-teimww:occursIn>
    <p0826-teimww:wasContributedBy>
      <p0826-teimww:person knoraType="link_value" linkType="ref" target="ww_7f35f6802efd910d"/>
    </p0826-teimww:wasContributedBy>
  </p0826-teimww:passage>
  <p0826-teimww:passage id="ww_ee11bcf98c5e7c58">
    <knoraXmlImport:label>passage</knoraXmlImport:label>
    <p0826-teimww:contains>
      <p0826-teimww:lexia knoraType="link_value" linkType="ref" target="ww_54ff70e9eb5fa120"/>
    </p0826-teimww:contains>
    <p0826-teimww:hasPage knoraType="richtext_value">Act 4, scene 4, lines 469-475.</p0826-teimww:hasPage>
    <p0826-teimww:hasText knoraType="richtext_value">[Richard:] &lt;span class="quote"&gt;Ratcliffe, come hither. Post to Salisbury. &lt;br/&gt;
When thou com’st thither (to Catesby) Dull,
unmindful villain, &lt;br/&gt;
Why stay'st thou here and go'st not to the Duke? &lt;br/&gt;&lt;/span&gt;
[Catesby:] &lt;span class="quote"&gt;First, mighty liege, tell me your Highness’ pleasure, &lt;br/&gt;
What from your Grace I shall deliver to him. &lt;br/&gt;&lt;/span&gt; 
[Richard:] &lt;span class="quote"&gt;O true, good Catesby. Bid him levy straight &lt;/span&gt;[...].</p0826-teimww:hasText>
    <p0826-teimww:isMentionedIn>
      <p0826-teimww:passage knoraType="link_value" linkType="ref" target="ww_9df4ccec4ecc073c"/>
    </p0826-teimww:isMentionedIn>
    <p0826-teimww:isMentionedIn>
      <p0826-teimww:passage knoraType="link_value" linkType="ref" target="ww_f519531937a3a74b"/>
    </p0826-teimww:isMentionedIn>
    <p0826-teimww:occursIn>
      <p0826-teimww:book knoraType="link_value" linkType="ref" target="ww_a70c78f7c2563c1d"/>
    </p0826-teimww:occursIn>
    <p0826-teimww:wasContributedBy>
      <p0826-teimww:person knoraType="link_value" linkType="ref" target="ww_b604df587d93b768"/>
    </p0826-teimww:wasContributedBy>
  </p0826-teimww:passage>
  <p0826-teimww:passage id="ww_9df4ccec4ecc073c">
    <knoraXmlImport:label>passage</knoraXmlImport:label>
    <p0826-teimww:occursIn>
      <p0826-teimww:book knoraType="link_value" linkType="ref" target="ww_d96cf3715d049fff"/>
    </p0826-teimww:occursIn>
  </p0826-teimww:passage>
  <p0826-teimww:passage id="ww_f519531937a3a74b">
    <knoraXmlImport:label>passage</knoraXmlImport:label>
    <p0826-teimww:occursIn>
      <p0826-teimww:book knoraType="link_value" linkType="ref" target="ww_1140c36ab545b6d8"/>
    </p0826-teimww:occursIn>
  </p0826-teimww:passage>
  <p0826-teimww:passage id="ww_59099aca3e891198">
    <knoraXmlImport:label>passage</knoraXmlImport:label>
    <p0826-teimww:contains>
      <p0826-teimww:lexia knoraType="link_value" linkType="ref" target="ww_9d2c957529a1ba7c"/>
    </p0826-teimww:contains>
    <p0826-teimww:hasPage knoraType="richtext_value">Act 1, scene 1, lines 32-35.</p0826-teimww:hasPage>
    <p0826-teimww:hasText knoraType="richtext_value">[Richard:] [...] &lt;span class="quote"&gt;Plots have I laid, inductions dangerous, &lt;br&gt;&lt;/span&gt;
By drunken prophecies, libels, and dreams, &lt;br&gt;
To set my brother Clarence and the King &lt;br&gt;
In deadly hate, the one against the other [...]. </p0826-teimww:hasText>
    <p0826-teimww:isMentionedIn>
      <p0826-teimww:passage knoraType="link_value" linkType="ref" target="ww_3f8a85480488c294"/>
    </p0826-teimww:isMentionedIn>
    <p0826-teimww:occursIn>
      <p0826-teimww:book knoraType="link_value" linkType="ref" target="ww_a70c78f7c2563c1d"/>
    </p0826-teimww:occursIn>
    <p0826-teimww:wasContributedBy>
      <p0826-teimww:person knoraType="link_value" linkType="ref" target="ww_c4063e9c72a3ffd2"/>
    </p0826-teimww:wasContributedBy>
  </p0826-teimww:passage>
  <p0826-teimww:passage id="ww_3f8a85480488c294">
    <knoraXmlImport:label>passage</knoraXmlImport:label>
    <p0826-teimww:occursIn>
      <p0826-teimww:book knoraType="link_value" linkType="ref" target="ww_1140c36ab545b6d8"/>
    </p0826-teimww:occursIn>
  </p0826-teimww:passage>
  <p0826-teimww:passage id="ww_b46a270fbf1f8218">
    <knoraXmlImport:label>passage</knoraXmlImport:label>
    <p0826-teimww:contains>
      <p0826-teimww:lexia knoraType="link_value" linkType="ref" target="ww_78dd56e56c96abad"/>
    </p0826-teimww:contains>
    <p0826-teimww:hasPage knoraType="richtext_value">549; act 1, scene 5.</p0826-teimww:hasPage>
    <p0826-teimww:hasText knoraType="richtext_value">&lt;span class="quote"&gt;(The admiral discovered in bed).&lt;/span&gt;</p0826-teimww:hasText>
    <p0826-teimww:isMentionedIn>
      <p0826-teimww:passage knoraType="link_value" linkType="ref" target="ww_588146b203d46c17"/>
    </p0826-teimww:isMentionedIn>
    <p0826-teimww:occursIn>
      <p0826-teimww:book knoraType="link_value" linkType="ref" target="ww_4699bce2e8308213"/>
    </p0826-teimww:occursIn>
    <p0826-teimww:wasContributedBy>
      <p0826-teimww:person knoraType="link_value" linkType="ref" target="ww_c4063e9c72a3ffd2"/>
    </p0826-teimww:wasContributedBy>
  </p0826-teimww:passage>
  <p0826-teimww:passage id="ww_588146b203d46c17">
    <knoraXmlImport:label>passage</knoraXmlImport:label>
    <p0826-teimww:occursIn>
      <p0826-teimww:book knoraType="link_value" linkType="ref" target="ww_5eeeb3e78e8b0bc3"/>
    </p0826-teimww:occursIn>
  </p0826-teimww:passage>
  <p0826-teimww:passage id="ww_48d388c17880b92e">
    <knoraXmlImport:label>passage</knoraXmlImport:label>
    <p0826-teimww:contains>
      <p0826-teimww:lexia knoraType="link_value" linkType="ref" target="ww_88a35a9fad48b73f"/>
    </p0826-teimww:contains>
    <p0826-teimww:hasPage knoraType="richtext_value">Act 1, scene 3, lines 139-141.</p0826-teimww:hasPage>
    <p0826-teimww:hasText knoraType="richtext_value">[Richard (to Queen Elizabeth):] Poor Clarence did forsake his father Warwick, &lt;br/&gt;
Ay, and forswore himself - which Jesu pardon! - &lt;br/&gt;
[Queen Margaret (aside):] &lt;span class="quote"&gt;Which God revenge!&lt;/span&gt;</p0826-teimww:hasText>
    <p0826-teimww:isMentionedIn>
      <p0826-teimww:passage knoraType="link_value" linkType="ref" target="ww_74aa9584bba6ae0c"/>
    </p0826-teimww:isMentionedIn>
    <p0826-teimww:occursIn>
      <p0826-teimww:book knoraType="link_value" linkType="ref" target="ww_a70c78f7c2563c1d"/>
    </p0826-teimww:occursIn>
    <p0826-teimww:wasContributedBy>
      <p0826-teimww:person knoraType="link_value" linkType="ref" target="ww_b604df587d93b768"/>
    </p0826-teimww:wasContributedBy>
  </p0826-teimww:passage>
  <p0826-teimww:passage id="ww_74aa9584bba6ae0c">
    <knoraXmlImport:label>passage</knoraXmlImport:label>
    <p0826-teimww:occursIn>
      <p0826-teimww:book knoraType="link_value" linkType="ref" target="ww_1140c36ab545b6d8"/>
    </p0826-teimww:occursIn>
  </p0826-teimww:passage>
  <p0826-teimww:passage id="ww_88caad2ae376a3eb">
    <knoraXmlImport:label>passage</knoraXmlImport:label>
    <p0826-teimww:contains>
      <p0826-teimww:lexia knoraType="link_value" linkType="ref" target="ww_98d717a82cc65490"/>
    </p0826-teimww:contains>
    <p0826-teimww:hasPage knoraType="richtext_value">Lines 199-200.</p0826-teimww:hasPage>
    <p0826-teimww:hasText knoraType="richtext_value">[Venus:] &lt;span class="quote"&gt;Art thou obdurate, flinty, hard as steel?&lt;br&gt;&lt;/span&gt;
Nay, more than flint, for stone at rain relenteth.</p0826-teimww:hasText>
    <p0826-teimww:isMentionedIn>
      <p0826-teimww:passage knoraType="link_value" linkType="ref" target="ww_c698437a701f0321"/>
    </p0826-teimww:isMentionedIn>
    <p0826-teimww:occursIn>
      <p0826-teimww:book knoraType="link_value" linkType="ref" target="ww_d7a24ba647d4819e"/>
    </p0826-teimww:occursIn>
    <p0826-teimww:wasContributedBy>
      <p0826-teimww:person knoraType="link_value" linkType="ref" target="ww_c4063e9c72a3ffd2"/>
    </p0826-teimww:wasContributedBy>
  </p0826-teimww:passage>
  <p0826-teimww:passage id="ww_c698437a701f0321">
    <knoraXmlImport:label>passage</knoraXmlImport:label>
    <p0826-teimww:occursIn>
      <p0826-teimww:book knoraType="link_value" linkType="ref" target="ww_1140c36ab545b6d8"/>
    </p0826-teimww:occursIn>
  </p0826-teimww:passage>
  <p0826-teimww:passage id="ww_b995ee9308a76bc2">
    <knoraXmlImport:label>passage</knoraXmlImport:label>
    <p0826-teimww:contains>
      <p0826-teimww:lexia knoraType="link_value" linkType="ref" target="ww_98365bbd962b9dbf"/>
    </p0826-teimww:contains>
    <p0826-teimww:hasPage knoraType="richtext_value">Lines 229-233.</p0826-teimww:hasPage>
    <p0826-teimww:hasText knoraType="richtext_value">Fondling, she saith, since I have hemmed thee here &lt;br&gt;
Within the circuit of this ivory pale, &lt;br&gt;
&lt;span class="quote"&gt;I'll be a park, and thou shalt be my deer.&lt;br&gt;
Feed where thou wilt, on mountain or in dale;&lt;br&gt;
Graze on my lips, and if those hills be dry, &lt;br&gt;
Stray lower, where the pleasant fountains lie.&lt;/span&gt;</p0826-teimww:hasText>
    <p0826-teimww:isMentionedIn>
      <p0826-teimww:passage knoraType="link_value" linkType="ref" target="ww_3bad4ab2ec5e04ae"/>
    </p0826-teimww:isMentionedIn>
    <p0826-teimww:occursIn>
      <p0826-teimww:book knoraType="link_value" linkType="ref" target="ww_d7a24ba647d4819e"/>
    </p0826-teimww:occursIn>
    <p0826-teimww:wasContributedBy>
      <p0826-teimww:person knoraType="link_value" linkType="ref" target="ww_c4063e9c72a3ffd2"/>
    </p0826-teimww:wasContributedBy>
  </p0826-teimww:passage>
  <p0826-teimww:passage id="ww_3bad4ab2ec5e04ae">
    <knoraXmlImport:label>passage</knoraXmlImport:label>
    <p0826-teimww:occursIn>
      <p0826-teimww:book knoraType="link_value" linkType="ref" target="ww_e256bd14313d2841"/>
    </p0826-teimww:occursIn>
  </p0826-teimww:passage>
  <p0826-teimww:passage id="ww_3d5568d1180671e4">
    <knoraXmlImport:label>passage</knoraXmlImport:label>
    <p0826-teimww:contains>
      <p0826-teimww:lexia knoraType="link_value" linkType="ref" target="ww_3fbca3317f48ff4e"/>
    </p0826-teimww:contains>
    <p0826-teimww:hasPage knoraType="richtext_value">Act 5, scene 3, line 1-3.</p0826-teimww:hasPage>
    <p0826-teimww:hasText knoraType="richtext_value">[Catesby:] Rescue, my lord of Norfolk, rescue, rescue!&lt;br&gt;
The King enacts more wonders than a man,&lt;br&gt;
&lt;span class="quote"&gt;Daring an opposite to every danger. &lt;/span&gt;</p0826-teimww:hasText>
    <p0826-teimww:isMentionedIn>
      <p0826-teimww:passage knoraType="link_value" linkType="ref" target="ww_047e37238b72127a"/>
    </p0826-teimww:isMentionedIn>
    <p0826-teimww:occursIn>
      <p0826-teimww:book knoraType="link_value" linkType="ref" target="ww_a70c78f7c2563c1d"/>
    </p0826-teimww:occursIn>
    <p0826-teimww:wasContributedBy>
      <p0826-teimww:person knoraType="link_value" linkType="ref" target="ww_c4063e9c72a3ffd2"/>
    </p0826-teimww:wasContributedBy>
  </p0826-teimww:passage>
  <p0826-teimww:passage id="ww_047e37238b72127a">
    <knoraXmlImport:label>passage</knoraXmlImport:label>
    <p0826-teimww:occursIn>
      <p0826-teimww:book knoraType="link_value" linkType="ref" target="ww_5af91280461707f1"/>
    </p0826-teimww:occursIn>
  </p0826-teimww:passage>
  <p0826-teimww:passage id="ww_fcfd477caf3dda40">
    <knoraXmlImport:label>passage</knoraXmlImport:label>
    <p0826-teimww:contains>
      <p0826-teimww:lexia knoraType="link_value" linkType="ref" target="ww_0583fe7f71b88878"/>
    </p0826-teimww:contains>
    <p0826-teimww:hasPage knoraType="richtext_value">Act 1, scene 1, line 1.</p0826-teimww:hasPage>
    <p0826-teimww:hasText knoraType="richtext_value">[Richard:] Grim-visaged war hath smoothed his wrinkled front;&lt;br&gt;
And now, &lt;span class="quote"&gt;instead of mounting barbèd steeds&lt;br&gt;
To fright the souls of fearful adversaries,&lt;br&gt;
He capers nimbly in a lady's chamber&lt;br&gt;
To the lascivious pleasing of a lute.&lt;/span&gt;</p0826-teimww:hasText>
    <p0826-teimww:isMentionedIn>
      <p0826-teimww:passage knoraType="link_value" linkType="ref" target="ww_f63a744ad74cf95b"/>
    </p0826-teimww:isMentionedIn>
    <p0826-teimww:occursIn>
      <p0826-teimww:book knoraType="link_value" linkType="ref" target="ww_a70c78f7c2563c1d"/>
    </p0826-teimww:occursIn>
    <p0826-teimww:wasContributedBy>
      <p0826-teimww:person knoraType="link_value" linkType="ref" target="ww_7f35f6802efd910d"/>
    </p0826-teimww:wasContributedBy>
  </p0826-teimww:passage>
  <p0826-teimww:passage id="ww_f63a744ad74cf95b">
    <knoraXmlImport:label>passage</knoraXmlImport:label>
    <p0826-teimww:occursIn>
      <p0826-teimww:book knoraType="link_value" linkType="ref" target="ww_12b8cda82738e9e2"/>
    </p0826-teimww:occursIn>
  </p0826-teimww:passage>
  <p0826-teimww:passage id="ww_6cc326149b8b3198">
    <knoraXmlImport:label>passage</knoraXmlImport:label>
    <p0826-teimww:contains>
      <p0826-teimww:lexia knoraType="link_value" linkType="ref" target="ww_a46930755f73f0d2"/>
    </p0826-teimww:contains>
    <p0826-teimww:hasPage knoraType="richtext_value">Act 5, scene 3, lines 371-272.</p0826-teimww:hasPage>
    <p0826-teimww:hasText knoraType="richtext_value">[Richard:] [...] Our ancient word of courage, fair Saint George, &lt;br&gt;
Inspire us with &lt;span class="quote"&gt;the spleen of fiery dragons.&lt;/span&gt;</p0826-teimww:hasText>
    <p0826-teimww:isMentionedIn>
      <p0826-teimww:passage knoraType="link_value" linkType="ref" target="ww_3e4a97a065a7e953"/>
    </p0826-teimww:isMentionedIn>
    <p0826-teimww:occursIn>
      <p0826-teimww:book knoraType="link_value" linkType="ref" target="ww_a70c78f7c2563c1d"/>
    </p0826-teimww:occursIn>
    <p0826-teimww:wasContributedBy>
      <p0826-teimww:person knoraType="link_value" linkType="ref" target="ww_b604df587d93b768"/>
    </p0826-teimww:wasContributedBy>
  </p0826-teimww:passage>
  <p0826-teimww:passage id="ww_3e4a97a065a7e953">
    <knoraXmlImport:label>passage</knoraXmlImport:label>
    <p0826-teimww:occursIn>
      <p0826-teimww:book knoraType="link_value" linkType="ref" target="ww_1140c36ab545b6d8"/>
    </p0826-teimww:occursIn>
  </p0826-teimww:passage>
  <p0826-teimww:passage id="ww_62b5a2d158d3d027">
    <knoraXmlImport:label>passage</knoraXmlImport:label>
    <p0826-teimww:contains>
      <p0826-teimww:lexia knoraType="link_value" linkType="ref" target="ww_e23847bc99f2dfbd"/>
    </p0826-teimww:contains>
    <p0826-teimww:hasPage knoraType="richtext_value">Act 5, scene 4, lines 9-10.</p0826-teimww:hasPage>
    <p0826-teimww:hasText knoraType="richtext_value">[Richard:] Slave, &lt;span class="quote"&gt;I have set my life upon a cast, &lt;br&gt;
And I will stand the hazard of the die.&lt;/span&gt;</p0826-teimww:hasText>
    <p0826-teimww:isMentionedIn>
      <p0826-teimww:passage knoraType="link_value" linkType="ref" target="ww_fb69fdff8cec500f"/>
    </p0826-teimww:isMentionedIn>
    <p0826-teimww:occursIn>
      <p0826-teimww:book knoraType="link_value" linkType="ref" target="ww_a70c78f7c2563c1d"/>
    </p0826-teimww:occursIn>
    <p0826-teimww:wasContributedBy>
      <p0826-teimww:person knoraType="link_value" linkType="ref" target="ww_b604df587d93b768"/>
    </p0826-teimww:wasContributedBy>
  </p0826-teimww:passage>
  <p0826-teimww:passage id="ww_fb69fdff8cec500f">
    <knoraXmlImport:label>passage</knoraXmlImport:label>
    <p0826-teimww:occursIn>
      <p0826-teimww:book knoraType="link_value" linkType="ref" target="ww_1140c36ab545b6d8"/>
    </p0826-teimww:occursIn>
  </p0826-teimww:passage>
  <p0826-teimww:passage id="ww_ef02a499e8ccf6b0">
    <knoraXmlImport:label>passage</knoraXmlImport:label>
    <p0826-teimww:contains>
      <p0826-teimww:lexia knoraType="link_value" linkType="ref" target="ww_a8170e902ed54b05"/>
    </p0826-teimww:contains>
    <p0826-teimww:hasPage knoraType="richtext_value">Act 2, scene 2, line 156.</p0826-teimww:hasPage>
    <p0826-teimww:hasText knoraType="richtext_value">[Richard:] My other self, &lt;span class="quote"&gt;my council's consistory &lt;/span&gt;[...].</p0826-teimww:hasText>
    <p0826-teimww:isMentionedIn>
      <p0826-teimww:passage knoraType="link_value" linkType="ref" target="ww_cef1af656b602455"/>
    </p0826-teimww:isMentionedIn>
    <p0826-teimww:occursIn>
      <p0826-teimww:book knoraType="link_value" linkType="ref" target="ww_a70c78f7c2563c1d"/>
    </p0826-teimww:occursIn>
    <p0826-teimww:wasContributedBy>
      <p0826-teimww:person knoraType="link_value" linkType="ref" target="ww_b604df587d93b768"/>
    </p0826-teimww:wasContributedBy>
  </p0826-teimww:passage>
  <p0826-teimww:passage id="ww_cef1af656b602455">
    <knoraXmlImport:label>passage</knoraXmlImport:label>
    <p0826-teimww:occursIn>
      <p0826-teimww:book knoraType="link_value" linkType="ref" target="ww_1140c36ab545b6d8"/>
    </p0826-teimww:occursIn>
  </p0826-teimww:passage>
  <p0826-teimww:passage id="ww_5ea78e65c1c5747d">
    <knoraXmlImport:label>passage</knoraXmlImport:label>
    <p0826-teimww:contains>
      <p0826-teimww:lexia knoraType="link_value" linkType="ref" target="ww_a5c400d2c7a0df60"/>
    </p0826-teimww:contains>
    <p0826-teimww:hasPage knoraType="richtext_value">Act 4, scene 4, lines 23-24.</p0826-teimww:hasPage>
    <p0826-teimww:hasText knoraType="richtext_value">[Queen Elizabeth:] Wilt thou, O God, &lt;span class="quote"&gt;fly from such gentle lambs &lt;br&gt;
And throw them in the entrails of the wolf?&lt;/span&gt;</p0826-teimww:hasText>
    <p0826-teimww:isMentionedIn>
      <p0826-teimww:passage knoraType="link_value" linkType="ref" target="ww_3a70307bf6daa4dd"/>
    </p0826-teimww:isMentionedIn>
    <p0826-teimww:occursIn>
      <p0826-teimww:book knoraType="link_value" linkType="ref" target="ww_a70c78f7c2563c1d"/>
    </p0826-teimww:occursIn>
    <p0826-teimww:wasContributedBy>
      <p0826-teimww:person knoraType="link_value" linkType="ref" target="ww_b604df587d93b768"/>
    </p0826-teimww:wasContributedBy>
  </p0826-teimww:passage>
  <p0826-teimww:passage id="ww_17528ae33ceeceb8">
    <knoraXmlImport:label>passage</knoraXmlImport:label>
    <p0826-teimww:contains>
      <p0826-teimww:lexia knoraType="link_value" linkType="ref" target="ww_04501940a465406a"/>
    </p0826-teimww:contains>
    <p0826-teimww:hasPage knoraType="richtext_value">952 [normalized spelling].</p0826-teimww:hasPage>
    <p0826-teimww:hasPageHist knoraType="richtext_value">952.</p0826-teimww:hasPageHist>
    <p0826-teimww:hasText knoraType="richtext_value">[Hagges:] [...] &lt;span class="quote"&gt;Kill'd the black Cat, and here's the brain.&lt;/span&gt;</p0826-teimww:hasText>
    <p0826-teimww:hasTextHist knoraType="richtext_value">[Hagges:] […] &lt;span class="quote"&gt;Kill'd the blacke Cat, and here's the braine.&lt;/span&gt;</p0826-teimww:hasTextHist>
    <p0826-teimww:isMentionedIn>
      <p0826-teimww:passage knoraType="link_value" linkType="ref" target="ww_c761bc368f49daf4"/>
    </p0826-teimww:isMentionedIn>
    <p0826-teimww:isMentionedIn>
      <p0826-teimww:passage knoraType="link_value" linkType="ref" target="ww_e207798a3b3e37d5"/>
    </p0826-teimww:isMentionedIn>
    <p0826-teimww:occursIn>
      <p0826-teimww:book knoraType="link_value" linkType="ref" target="ww_740f720d37d984d2"/>
    </p0826-teimww:occursIn>
    <p0826-teimww:wasContributedBy>
      <p0826-teimww:person knoraType="link_value" linkType="ref" target="ww_b604df587d93b768"/>
    </p0826-teimww:wasContributedBy>
  </p0826-teimww:passage>
  <p0826-teimww:passage id="ww_c761bc368f49daf4">
    <knoraXmlImport:label>passage</knoraXmlImport:label>
    <p0826-teimww:occursIn>
      <p0826-teimww:book knoraType="link_value" linkType="ref" target="ww_d0062b214b9d3402"/>
    </p0826-teimww:occursIn>
  </p0826-teimww:passage>
  <p0826-teimww:passage id="ww_e207798a3b3e37d5">
    <knoraXmlImport:label>passage</knoraXmlImport:label>
    <p0826-teimww:occursIn>
      <p0826-teimww:book knoraType="link_value" linkType="ref" target="ww_7b4aa85a9a3a75f4"/>
    </p0826-teimww:occursIn>
  </p0826-teimww:passage>
  <p0826-teimww:passage id="ww_9aef42974e80bf3f">
    <knoraXmlImport:label>passage</knoraXmlImport:label>
    <p0826-teimww:contains>
      <p0826-teimww:lexia knoraType="link_value" linkType="ref" target="ww_497318d35f951449"/>
    </p0826-teimww:contains>
    <p0826-teimww:hasPage knoraType="richtext_value">Act 4, scene 4, line 77.</p0826-teimww:hasPage>
    <p0826-teimww:hasText knoraType="richtext_value">[Queen Margaret:] &lt;span class="quote"&gt;Earth gapes, hell burns, fiends roar, saints pray&lt;/span&gt; […].</p0826-teimww:hasText>
    <p0826-teimww:isMentionedIn>
      <p0826-teimww:passage knoraType="link_value" linkType="ref" target="ww_387ff244f98814c8"/>
    </p0826-teimww:isMentionedIn>
    <p0826-teimww:occursIn>
      <p0826-teimww:book knoraType="link_value" linkType="ref" target="ww_a70c78f7c2563c1d"/>
    </p0826-teimww:occursIn>
    <p0826-teimww:wasContributedBy>
      <p0826-teimww:person knoraType="link_value" linkType="ref" target="ww_7f35f6802efd910d"/>
    </p0826-teimww:wasContributedBy>
  </p0826-teimww:passage>
  <p0826-teimww:passage id="ww_387ff244f98814c8">
    <knoraXmlImport:label>passage</knoraXmlImport:label>
    <p0826-teimww:occursIn>
      <p0826-teimww:book knoraType="link_value" linkType="ref" target="ww_55bc1a3b04bf8a8d"/>
    </p0826-teimww:occursIn>
  </p0826-teimww:passage>
  <p0826-teimww:passage id="ww_2f23a140b7fc4330">
    <knoraXmlImport:label>passage</knoraXmlImport:label>
    <p0826-teimww:contains>
      <p0826-teimww:lexia knoraType="link_value" linkType="ref" target="ww_497318d35f951449"/>
    </p0826-teimww:contains>
    <p0826-teimww:hasPage knoraType="richtext_value">Act 1, scene 2, lines 69-71.</p0826-teimww:hasPage>
    <p0826-teimww:hasText knoraType="richtext_value">[Anne] […] &lt;span class="quote"&gt; Or Earth gape open wide and eat him quick, &lt;br&gt;&lt;/span&gt;
As thou dost swallow up this good king's blood, &lt;br&gt;
Which his hell-governed arm hath butcherèd.</p0826-teimww:hasText>
    <p0826-teimww:isMentionedIn>
      <p0826-teimww:passage knoraType="link_value" linkType="ref" target="ww_8134986f6f146b68"/>
    </p0826-teimww:isMentionedIn>
    <p0826-teimww:occursIn>
      <p0826-teimww:book knoraType="link_value" linkType="ref" target="ww_a70c78f7c2563c1d"/>
    </p0826-teimww:occursIn>
    <p0826-teimww:wasContributedBy>
      <p0826-teimww:person knoraType="link_value" linkType="ref" target="ww_7f35f6802efd910d"/>
    </p0826-teimww:wasContributedBy>
  </p0826-teimww:passage>
  <p0826-teimww:passage id="ww_8134986f6f146b68">
    <knoraXmlImport:label>passage</knoraXmlImport:label>
    <p0826-teimww:occursIn>
      <p0826-teimww:book knoraType="link_value" linkType="ref" target="ww_97955539c83b9cc3"/>
    </p0826-teimww:occursIn>
  </p0826-teimww:passage>
  <p0826-teimww:passage id="ww_ad4b66d09d051805">
    <knoraXmlImport:label>passage</knoraXmlImport:label>
    <p0826-teimww:contains>
      <p0826-teimww:lexia knoraType="link_value" linkType="ref" target="ww_83fb640e17e84e59"/>
    </p0826-teimww:contains>
    <p0826-teimww:hasPage knoraType="richtext_value">Act 3, scene 3, lines 203-204.</p0826-teimww:hasPage>
    <p0826-teimww:hasText knoraType="richtext_value">[Richard:] Up, cousin, up. &lt;span class="quote"&gt;Your heart is up, I know, &lt;br&gt;
Thus high at least (indicating his crown), although &lt;br&gt;
your knee be low.&lt;/span&gt;</p0826-teimww:hasText>
    <p0826-teimww:isMentionedIn>
      <p0826-teimww:passage knoraType="link_value" linkType="ref" target="ww_1100b4ce66251fb0"/>
    </p0826-teimww:isMentionedIn>
    <p0826-teimww:occursIn>
      <p0826-teimww:book knoraType="link_value" linkType="ref" target="ww_a70c78f7c2563c1d"/>
    </p0826-teimww:occursIn>
    <p0826-teimww:wasContributedBy>
      <p0826-teimww:person knoraType="link_value" linkType="ref" target="ww_b604df587d93b768"/>
    </p0826-teimww:wasContributedBy>
  </p0826-teimww:passage>
  <p0826-teimww:passage id="ww_1100b4ce66251fb0">
    <knoraXmlImport:label>passage</knoraXmlImport:label>
    <p0826-teimww:occursIn>
      <p0826-teimww:book knoraType="link_value" linkType="ref" target="ww_1140c36ab545b6d8"/>
    </p0826-teimww:occursIn>
  </p0826-teimww:passage>
  <p0826-teimww:passage id="ww_d1db457d08c746ce">
    <knoraXmlImport:label>passage</knoraXmlImport:label>
    <p0826-teimww:contains>
      <p0826-teimww:lexia knoraType="link_value" linkType="ref" target="ww_dd4c3536a39d3416"/>
    </p0826-teimww:contains>
    <p0826-teimww:hasPage knoraType="richtext_value">Act 4, scene 4, lines 127-135.</p0826-teimww:hasPage>
    <p0826-teimww:hasText knoraType="richtext_value">[Queen Elizabeth:] &lt;span class="quote"&gt;My words are dull&lt;/span&gt;. O, quicken them with thine! [...] &lt;br&gt;
[Duchess:] Why should calamity be full of words? &lt;br&gt;
[Queen Elizabeth:] Windy attorneys to their clients’ woes, &lt;br&gt;
Airy succeeders of intestate joys, &lt;br&gt;
Poor breathing orators of miseries, &lt;br&gt;
Let them have scope; though what they will impart &lt;br&gt;
Help nothing else, yet do they ease the heart.</p0826-teimww:hasText>
    <p0826-teimww:isMentionedIn>
      <p0826-teimww:passage knoraType="link_value" linkType="ref" target="ww_3620fcafb61dcb51"/>
    </p0826-teimww:isMentionedIn>
    <p0826-teimww:occursIn>
      <p0826-teimww:book knoraType="link_value" linkType="ref" target="ww_a70c78f7c2563c1d"/>
    </p0826-teimww:occursIn>
    <p0826-teimww:wasContributedBy>
      <p0826-teimww:person knoraType="link_value" linkType="ref" target="ww_b604df587d93b768"/>
    </p0826-teimww:wasContributedBy>
  </p0826-teimww:passage>
  <p0826-teimww:passage id="ww_3620fcafb61dcb51">
    <knoraXmlImport:label>passage</knoraXmlImport:label>
    <p0826-teimww:occursIn>
      <p0826-teimww:book knoraType="link_value" linkType="ref" target="ww_1140c36ab545b6d8"/>
    </p0826-teimww:occursIn>
  </p0826-teimww:passage>
  <p0826-teimww:passage id="ww_6980be27ffb35dd2">
    <knoraXmlImport:label>passage</knoraXmlImport:label>
    <p0826-teimww:contains>
      <p0826-teimww:lexia knoraType="link_value" linkType="ref" target="ww_180182cbd6364575"/>
    </p0826-teimww:contains>
    <p0826-teimww:hasPage knoraType="richtext_value">N.p.; towards the end, ~line 2175. [spelling normalized].</p0826-teimww:hasPage>
    <p0826-teimww:hasPageHist knoraType="richtext_value">N.p.; towards the end, ~line 2175.</p0826-teimww:hasPageHist>
    <p0826-teimww:hasText knoraType="richtext_value">[Philip:] [...] Some twenty naked starvelings with small flints, &lt;br&gt;
Hath driven back a puissant host of men, &lt;br&gt;
Arrayed and fenced &lt;span class="quote"&gt;in all accomplements.&lt;/span&gt;</p0826-teimww:hasText>
    <p0826-teimww:hasTextHist knoraType="richtext_value">[Philip:] [...] Some twentie naked staruelings with small flints, &lt;br&gt;
Hath driuen backe a puisant host of men, &lt;br&gt;
Araid and fenst in al accomplements.</p0826-teimww:hasTextHist>
    <p0826-teimww:isMentionedIn>
      <p0826-teimww:passage knoraType="link_value" linkType="ref" target="ww_fe055fd877adfa43"/>
    </p0826-teimww:isMentionedIn>
    <p0826-teimww:occursIn>
      <p0826-teimww:book knoraType="link_value" linkType="ref" target="ww_a97f692ed045759b"/>
    </p0826-teimww:occursIn>
    <p0826-teimww:wasContributedBy>
      <p0826-teimww:person knoraType="link_value" linkType="ref" target="ww_b604df587d93b768"/>
    </p0826-teimww:wasContributedBy>
  </p0826-teimww:passage>
  <p0826-teimww:passage id="ww_fe055fd877adfa43">
    <knoraXmlImport:label>passage</knoraXmlImport:label>
    <p0826-teimww:occursIn>
      <p0826-teimww:book knoraType="link_value" linkType="ref" target="ww_5eeeb3e78e8b0bc3"/>
    </p0826-teimww:occursIn>
  </p0826-teimww:passage>
  <p0826-teimww:passage id="ww_a24857e161cd0411">
    <knoraXmlImport:label>passage</knoraXmlImport:label>
    <p0826-teimww:contains>
      <p0826-teimww:lexia knoraType="link_value" linkType="ref" target="ww_3b27eb03da4628d2"/>
    </p0826-teimww:contains>
    <p0826-teimww:hasPage knoraType="richtext_value">Act 5, scene 1, lines 26-29.</p0826-teimww:hasPage>
    <p0826-teimww:hasText knoraType="richtext_value">[Valentine:] &lt;span class="quote"&gt;For that which now torments me to rehearse;&lt;br&gt;
I killed a man, whose death I much repent, &lt;br&gt;
But yet I slew him manfully in fight &lt;br&gt;
Without false vantage or base treachery&lt;/span&gt;.</p0826-teimww:hasText>
    <p0826-teimww:isMentionedIn>
      <p0826-teimww:passage knoraType="link_value" linkType="ref" target="ww_f05f13458e26fd3c"/>
    </p0826-teimww:isMentionedIn>
    <p0826-teimww:occursIn>
      <p0826-teimww:book knoraType="link_value" linkType="ref" target="ww_7c6dc2f52fef22bc"/>
    </p0826-teimww:occursIn>
    <p0826-teimww:wasContributedBy>
      <p0826-teimww:person knoraType="link_value" linkType="ref" target="ww_c4063e9c72a3ffd2"/>
    </p0826-teimww:wasContributedBy>
  </p0826-teimww:passage>
  <p0826-teimww:passage id="ww_f05f13458e26fd3c">
    <knoraXmlImport:label>passage</knoraXmlImport:label>
    <p0826-teimww:occursIn>
      <p0826-teimww:book knoraType="link_value" linkType="ref" target="ww_1140c36ab545b6d8"/>
    </p0826-teimww:occursIn>
  </p0826-teimww:passage>
  <p0826-teimww:passage id="ww_fe470e221d96df6f">
    <knoraXmlImport:label>passage</knoraXmlImport:label>
    <p0826-teimww:contains>
      <p0826-teimww:lexia knoraType="link_value" linkType="ref" target="ww_c6c52fba9473f957"/>
    </p0826-teimww:contains>
    <p0826-teimww:hasPage knoraType="richtext_value">N.p.; at the very beginning [normalized spelling].</p0826-teimww:hasPage>
    <p0826-teimww:hasPageHist knoraType="richtext_value">N.p.; at the very beginning.</p0826-teimww:hasPageHist>
    <p0826-teimww:hasText knoraType="richtext_value">[Tom:] And if your honour please to hunt the deer, &lt;br&gt;
&lt;span class="quote"&gt;Your hounds stands ready coupled at the door, &lt;br&gt; 
Who in running will o'ertake the Row, &lt;br&gt;
And make the long breathed Tyger broken winded. &lt;/span&gt;</p0826-teimww:hasText>
    <p0826-teimww:hasTextHist knoraType="richtext_value">[Tom:] And if your honour please to hunt the deere, &lt;br&gt;
Your hounds stands readie cuppeld at the doore, &lt;br&gt; 
Who in running will oretake the Row, &lt;br&gt;
And make the long breathde Tygre broken winded. </p0826-teimww:hasTextHist>
    <p0826-teimww:isMentionedIn>
      <p0826-teimww:passage knoraType="link_value" linkType="ref" target="ww_e34e3981a5e8bbf7"/>
    </p0826-teimww:isMentionedIn>
    <p0826-teimww:occursIn>
      <p0826-teimww:book knoraType="link_value" linkType="ref" target="ww_5c5127969f9832c1"/>
    </p0826-teimww:occursIn>
    <p0826-teimww:wasContributedBy>
      <p0826-teimww:person knoraType="link_value" linkType="ref" target="ww_b604df587d93b768"/>
    </p0826-teimww:wasContributedBy>
  </p0826-teimww:passage>
  <p0826-teimww:passage id="ww_5db59c5a9c48a538">
    <knoraXmlImport:label>passage</knoraXmlImport:label>
    <p0826-teimww:contains>
      <p0826-teimww:lexia knoraType="link_value" linkType="ref" target="ww_a511e2e0e5f214bf"/>
    </p0826-teimww:contains>
    <p0826-teimww:hasPage knoraType="richtext_value">N.p.; Close to the beginning [normalized spelling].</p0826-teimww:hasPage>
    <p0826-teimww:hasPageHist knoraType="richtext_value">N.p.; Close to the beginning.</p0826-teimww:hasPageHist>
    <p0826-teimww:hasText knoraType="richtext_value">[Aurelius:] [...] But stay; what dames are these so bright of hue &lt;br&gt;
Whose &lt;span class="quote"&gt;eyes are brighter than the lamps of heaven &lt;/span&gt;[...].</p0826-teimww:hasText>
    <p0826-teimww:hasTextHist knoraType="richtext_value">[Aurelius:] [...] But staie; what dames are these so bright of hew &lt;br&gt;
Whose eies are brighter then the lampes of heauen [...].</p0826-teimww:hasTextHist>
    <p0826-teimww:isMentionedIn>
      <p0826-teimww:passage knoraType="link_value" linkType="ref" target="ww_e34e3981a5e8bbf7"/>
    </p0826-teimww:isMentionedIn>
    <p0826-teimww:occursIn>
      <p0826-teimww:book knoraType="link_value" linkType="ref" target="ww_5c5127969f9832c1"/>
    </p0826-teimww:occursIn>
    <p0826-teimww:wasContributedBy>
      <p0826-teimww:person knoraType="link_value" linkType="ref" target="ww_b604df587d93b768"/>
    </p0826-teimww:wasContributedBy>
  </p0826-teimww:passage>
  <p0826-teimww:passage id="ww_b6b91c70109a5a6b">
    <knoraXmlImport:label>passage</knoraXmlImport:label>
    <p0826-teimww:contains>
      <p0826-teimww:lexia knoraType="link_value" linkType="ref" target="ww_6dcde8d38de6a67f"/>
    </p0826-teimww:contains>
    <p0826-teimww:hasPage knoraType="richtext_value">N.p.; a bit over halfway into the play [spelling normalized].</p0826-teimww:hasPage>
    <p0826-teimww:hasPageHist knoraType="richtext_value">N.p.; A bit over halfway into the play.</p0826-teimww:hasPageHist>
    <p0826-teimww:hasText knoraType="richtext_value">[Ferando:] [...] Yet would I &lt;span class="quote"&gt;pull her down and make her come &lt;br&gt; 
As hungry hawks do fly unto their lure.&lt;/span&gt;</p0826-teimww:hasText>
    <p0826-teimww:hasTextHist knoraType="richtext_value">[Ferando:] [...] Yet would I pull her downe and make her come &lt;br&gt; 
As hungry hawkes do flie vnto there lure.</p0826-teimww:hasTextHist>
    <p0826-teimww:isMentionedIn>
      <p0826-teimww:passage knoraType="link_value" linkType="ref" target="ww_e34e3981a5e8bbf7"/>
    </p0826-teimww:isMentionedIn>
    <p0826-teimww:occursIn>
      <p0826-teimww:book knoraType="link_value" linkType="ref" target="ww_5c5127969f9832c1"/>
    </p0826-teimww:occursIn>
    <p0826-teimww:wasContributedBy>
      <p0826-teimww:person knoraType="link_value" linkType="ref" target="ww_b604df587d93b768"/>
    </p0826-teimww:wasContributedBy>
  </p0826-teimww:passage>
  <p0826-teimww:passage id="ww_7cfa6bb7eff455f2">
    <knoraXmlImport:label>passage</knoraXmlImport:label>
    <p0826-teimww:contains>
      <p0826-teimww:lexia knoraType="link_value" linkType="ref" target="ww_24f1d8744350f896"/>
    </p0826-teimww:contains>
    <p0826-teimww:hasPage knoraType="richtext_value">N.p.; About 3/4 into the play. [spelling normalized].</p0826-teimww:hasPage>
    <p0826-teimww:hasPageHist knoraType="richtext_value">N.p.; About 3/4 into the play.</p0826-teimww:hasPageHist>
    <p0826-teimww:hasText knoraType="richtext_value">[Kate:] Fair lovely lady, bright and Crystalline, &lt;br&gt;
Beauteous and stately as the eye-trained bird, &lt;br&gt;
As glorious as &lt;span class="quote"&gt;the morning washed with dew &lt;/span&gt;[...].</p0826-teimww:hasText>
    <p0826-teimww:hasTextHist knoraType="richtext_value">[Kate:] Faire louely lady, bright and Christalline, &lt;br&gt;
Bewteous and stately as the eie-traind bird, &lt;br&gt;
As glorious as the morning washt with dew [...].</p0826-teimww:hasTextHist>
    <p0826-teimww:isMentionedIn>
      <p0826-teimww:passage knoraType="link_value" linkType="ref" target="ww_e34e3981a5e8bbf7"/>
    </p0826-teimww:isMentionedIn>
    <p0826-teimww:occursIn>
      <p0826-teimww:book knoraType="link_value" linkType="ref" target="ww_5c5127969f9832c1"/>
    </p0826-teimww:occursIn>
    <p0826-teimww:wasContributedBy>
      <p0826-teimww:person knoraType="link_value" linkType="ref" target="ww_b604df587d93b768"/>
    </p0826-teimww:wasContributedBy>
  </p0826-teimww:passage>
  <p0826-teimww:passage id="ww_fb9e75b37034f400">
    <knoraXmlImport:label>passage</knoraXmlImport:label>
    <p0826-teimww:contains>
      <p0826-teimww:lexia knoraType="link_value" linkType="ref" target="ww_441d448df02e5770"/>
    </p0826-teimww:contains>
    <p0826-teimww:hasPage knoraType="richtext_value">Act 2, scene 5, lines 19-30.</p0826-teimww:hasPage>
    <p0826-teimww:hasText knoraType="richtext_value">[Speed:] Why then, how stands the matter with them?&lt;br&gt;
[Lance:] Marry, thus: when it stands well with him, it stands well with her.&lt;br&gt;
[Speed:] What an ass art thou! I understand thee not.&lt;br&gt;
[Lance:] What a block art thou that thou canst not! My staff understands me.&lt;br&gt;
[Speed:] What thou sayst?&lt;br&gt;
[Lance:] &lt;span class="quote"&gt;Ay, and what I do too. Look thee, I'll but lean, and my staff understands me.&lt;/span&gt;&lt;br&gt;
[Speed:] &lt;span class="quote"&gt;It stands under thee indeed.&lt;/span&gt;&lt;br&gt;
[Lance:] &lt;span class="quote"&gt;Why, "stand under" and "understand" is all one.&lt;/span&gt;</p0826-teimww:hasText>
    <p0826-teimww:isMentionedIn>
      <p0826-teimww:passage knoraType="link_value" linkType="ref" target="ww_40d40403f3e2b2ad"/>
    </p0826-teimww:isMentionedIn>
    <p0826-teimww:isMentionedIn>
      <p0826-teimww:passage knoraType="link_value" linkType="ref" target="ww_21f77dbb4a0912a3"/>
    </p0826-teimww:isMentionedIn>
    <p0826-teimww:occursIn>
      <p0826-teimww:book knoraType="link_value" linkType="ref" target="ww_7c6dc2f52fef22bc"/>
    </p0826-teimww:occursIn>
    <p0826-teimww:wasContributedBy>
      <p0826-teimww:person knoraType="link_value" linkType="ref" target="ww_c4063e9c72a3ffd2"/>
    </p0826-teimww:wasContributedBy>
  </p0826-teimww:passage>
  <p0826-teimww:passage id="ww_21f77dbb4a0912a3">
    <knoraXmlImport:label>passage</knoraXmlImport:label>
    <p0826-teimww:occursIn>
      <p0826-teimww:book knoraType="link_value" linkType="ref" target="ww_df2b8c2f18df151a"/>
    </p0826-teimww:occursIn>
  </p0826-teimww:passage>
  <p0826-teimww:passage id="ww_40d40403f3e2b2ad">
    <knoraXmlImport:label>passage</knoraXmlImport:label>
    <p0826-teimww:occursIn>
      <p0826-teimww:book knoraType="link_value" linkType="ref" target="ww_b5ea9b35c899d367"/>
    </p0826-teimww:occursIn>
  </p0826-teimww:passage>
  <p0826-teimww:passage id="ww_2e420556d312f20a">
    <knoraXmlImport:label>passage</knoraXmlImport:label>
    <p0826-teimww:contains>
      <p0826-teimww:lexia knoraType="link_value" linkType="ref" target="ww_8ccf9f6fd4160528"/>
    </p0826-teimww:contains>
    <p0826-teimww:hasPage knoraType="richtext_value">Act 4, scene 2, lines 20-21.</p0826-teimww:hasPage>
    <p0826-teimww:hasText knoraType="richtext_value">[Proteus:] [...] for you know &lt;span class="quote"&gt;that love &lt;br&gt;
Will creep in service where it cannot go.&lt;/span&gt;</p0826-teimww:hasText>
    <p0826-teimww:isMentionedIn>
      <p0826-teimww:passage knoraType="link_value" linkType="ref" target="ww_116731c143995708"/>
    </p0826-teimww:isMentionedIn>
    <p0826-teimww:occursIn>
      <p0826-teimww:book knoraType="link_value" linkType="ref" target="ww_7c6dc2f52fef22bc"/>
    </p0826-teimww:occursIn>
    <p0826-teimww:wasContributedBy>
      <p0826-teimww:person knoraType="link_value" linkType="ref" target="ww_c4063e9c72a3ffd2"/>
    </p0826-teimww:wasContributedBy>
  </p0826-teimww:passage>
  <p0826-teimww:passage id="ww_116731c143995708">
    <knoraXmlImport:label>passage</knoraXmlImport:label>
    <p0826-teimww:occursIn>
      <p0826-teimww:book knoraType="link_value" linkType="ref" target="ww_1140c36ab545b6d8"/>
    </p0826-teimww:occursIn>
  </p0826-teimww:passage>
  <p0826-teimww:passage id="ww_f47083deb9528876">
    <knoraXmlImport:label>passage</knoraXmlImport:label>
    <p0826-teimww:contains>
      <p0826-teimww:lexia knoraType="link_value" linkType="ref" target="ww_6d4987f87ff10d9d"/>
    </p0826-teimww:contains>
    <p0826-teimww:hasPage knoraType="richtext_value">Lines 386-399.</p0826-teimww:hasPage>
    <p0826-teimww:hasText knoraType="richtext_value">Her lily hand her rosy cheek lies under,&lt;br&gt;
Coz’ning the pillow of a lawful kiss,&lt;br&gt;
Who, therefore angry, seems to part in sunder,&lt;br&gt;
Swelling on either side to want his bliss;&lt;br&gt;
Between whose hills her head entombèd is,&lt;br&gt;
Where like a virtuous monument she lies,&lt;br&gt;
To be admired of lewd unhallowed eyes.&lt;br&gt;
&lt;br&gt;
Without the bed her other fair hand was,&lt;br&gt;
On the green coverlet, whose perfect white&lt;br&gt;
Showed like an April daisy on the grass,&lt;br&gt;
&lt;span class="quote"&gt;With pearly sweat resembling dew of night.&lt;br&gt;
Her eyes, like marigolds, had sheathed their light&lt;br&gt;
And, canopied in darkness, sweetly lay&lt;br&gt;
Till they might open to adorn the day.&lt;/span&gt;</p0826-teimww:hasText>
    <p0826-teimww:isMentionedIn>
      <p0826-teimww:passage knoraType="link_value" linkType="ref" target="ww_6da6f5d42dab9785"/>
    </p0826-teimww:isMentionedIn>
    <p0826-teimww:occursIn>
      <p0826-teimww:book knoraType="link_value" linkType="ref" target="ww_0d665e488e8f55e8"/>
    </p0826-teimww:occursIn>
    <p0826-teimww:wasContributedBy>
      <p0826-teimww:person knoraType="link_value" linkType="ref" target="ww_c4063e9c72a3ffd2"/>
    </p0826-teimww:wasContributedBy>
  </p0826-teimww:passage>
  <p0826-teimww:passage id="ww_6da6f5d42dab9785">
    <knoraXmlImport:label>passage</knoraXmlImport:label>
    <p0826-teimww:occursIn>
      <p0826-teimww:book knoraType="link_value" linkType="ref" target="ww_1140c36ab545b6d8"/>
    </p0826-teimww:occursIn>
  </p0826-teimww:passage>
  <p0826-teimww:passage id="ww_756389fad238d1e7">
    <knoraXmlImport:label>passage</knoraXmlImport:label>
    <p0826-teimww:contains>
      <p0826-teimww:lexia knoraType="link_value" linkType="ref" target="ww_93e36fa65d9702a2"/>
    </p0826-teimww:contains>
    <p0826-teimww:hasPage knoraType="richtext_value">Act 1, scene 2, lines 68-71.</p0826-teimww:hasPage>
    <p0826-teimww:hasText knoraType="richtext_value">[Bottom:] Let me play the lion too. I will roar that I will do any man’s heart good to hear me. I will roar that I will make the Duke say "&lt;span class="quote"&gt;Let him roar again. Let him roar again!&lt;/span&gt;"</p0826-teimww:hasText>
    <p0826-teimww:isMentionedIn>
      <p0826-teimww:passage knoraType="link_value" linkType="ref" target="ww_31a10f5c23d96e73"/>
    </p0826-teimww:isMentionedIn>
    <p0826-teimww:occursIn>
      <p0826-teimww:book knoraType="link_value" linkType="ref" target="ww_1e4f95f951f2169f"/>
    </p0826-teimww:occursIn>
    <p0826-teimww:wasContributedBy>
      <p0826-teimww:person knoraType="link_value" linkType="ref" target="ww_c4063e9c72a3ffd2"/>
    </p0826-teimww:wasContributedBy>
  </p0826-teimww:passage>
  <p0826-teimww:passage id="ww_31a10f5c23d96e73">
    <knoraXmlImport:label>passage</knoraXmlImport:label>
    <p0826-teimww:occursIn>
      <p0826-teimww:book knoraType="link_value" linkType="ref" target="ww_1140c36ab545b6d8"/>
    </p0826-teimww:occursIn>
  </p0826-teimww:passage>
  <p0826-teimww:passage id="ww_73cd565b69095e9c">
    <knoraXmlImport:label>passage</knoraXmlImport:label>
    <p0826-teimww:contains>
      <p0826-teimww:lexia knoraType="link_value" linkType="ref" target="ww_bc8b6c5ba7d7bbdc"/>
    </p0826-teimww:contains>
    <p0826-teimww:hasPage knoraType="richtext_value">Act 1, scene 3, lines 44-47.</p0826-teimww:hasPage>
    <p0826-teimww:hasText knoraType="richtext_value">[Nurse:]  [...] "Yea," quoth he, "Dost thou fall upon thy face?&lt;br&gt;
Thou wilt &lt;span class="quote"&gt;fall backward &lt;/span&gt;when thou hast more wit, &lt;br&gt;
Wilt thou not, Jule?"</p0826-teimww:hasText>
    <p0826-teimww:isMentionedIn>
      <p0826-teimww:passage knoraType="link_value" linkType="ref" target="ww_14df7eba1294d7a9"/>
    </p0826-teimww:isMentionedIn>
    <p0826-teimww:occursIn>
      <p0826-teimww:book knoraType="link_value" linkType="ref" target="ww_dfd8d9b13312aac6"/>
    </p0826-teimww:occursIn>
    <p0826-teimww:wasContributedBy>
      <p0826-teimww:person knoraType="link_value" linkType="ref" target="ww_c4063e9c72a3ffd2"/>
    </p0826-teimww:wasContributedBy>
  </p0826-teimww:passage>
  <p0826-teimww:passage id="ww_14df7eba1294d7a9">
    <knoraXmlImport:label>passage</knoraXmlImport:label>
    <p0826-teimww:occursIn>
      <p0826-teimww:book knoraType="link_value" linkType="ref" target="ww_5eeeb3e78e8b0bc3"/>
    </p0826-teimww:occursIn>
  </p0826-teimww:passage>
  <p0826-teimww:passage id="ww_679027afab6c252a">
    <knoraXmlImport:label>passage</knoraXmlImport:label>
    <p0826-teimww:contains>
      <p0826-teimww:lexia knoraType="link_value" linkType="ref" target="ww_f54757d1820d9a60"/>
    </p0826-teimww:contains>
    <p0826-teimww:hasPage knoraType="richtext_value">Act 2, scene 1, lines 227-231.</p0826-teimww:hasPage>
    <p0826-teimww:hasText knoraType="richtext_value">[Helena:] Your virtue is my privilege. For that &lt;br&gt;
It is not night when I do see your face,&lt;br&gt;
Therefore I think I am not in the night.&lt;br&gt;
&lt;span class="quote"&gt;Nor doth this wood lack worlds of company,&lt;br&gt;
For you, in my respect, are all the world.&lt;/span&gt;</p0826-teimww:hasText>
    <p0826-teimww:isMentionedIn>
      <p0826-teimww:passage knoraType="link_value" linkType="ref" target="ww_a90b8ecb1e05fad6"/>
    </p0826-teimww:isMentionedIn>
    <p0826-teimww:occursIn>
      <p0826-teimww:book knoraType="link_value" linkType="ref" target="ww_1e4f95f951f2169f"/>
    </p0826-teimww:occursIn>
    <p0826-teimww:wasContributedBy>
      <p0826-teimww:person knoraType="link_value" linkType="ref" target="ww_c4063e9c72a3ffd2"/>
    </p0826-teimww:wasContributedBy>
  </p0826-teimww:passage>
  <p0826-teimww:passage id="ww_a90b8ecb1e05fad6">
    <knoraXmlImport:label>passage</knoraXmlImport:label>
    <p0826-teimww:occursIn>
      <p0826-teimww:book knoraType="link_value" linkType="ref" target="ww_5af91280461707f1"/>
    </p0826-teimww:occursIn>
  </p0826-teimww:passage>
  <p0826-teimww:passage id="ww_9d5b5d5f6c5a0666">
    <knoraXmlImport:label>passage</knoraXmlImport:label>
    <p0826-teimww:contains>
      <p0826-teimww:lexia knoraType="link_value" linkType="ref" target="ww_dee8e295e7fce59b"/>
    </p0826-teimww:contains>
    <p0826-teimww:hasPage knoraType="richtext_value">Act 2, scene 2, lines 165-167.</p0826-teimww:hasPage>
    <p0826-teimww:hasText knoraType="richtext_value">[Romeo:] A thousand times the worse to want thy light. &lt;br&gt;
&lt;span class="quote"&gt;Love goes toward love as schoolboys from their books,&lt;br&gt;
But love from love, toward school with heavy looks.&lt;/span&gt;</p0826-teimww:hasText>
    <p0826-teimww:isMentionedIn>
      <p0826-teimww:passage knoraType="link_value" linkType="ref" target="ww_c9bc1ada00c8ede9"/>
    </p0826-teimww:isMentionedIn>
    <p0826-teimww:occursIn>
      <p0826-teimww:book knoraType="link_value" linkType="ref" target="ww_dfd8d9b13312aac6"/>
    </p0826-teimww:occursIn>
    <p0826-teimww:wasContributedBy>
      <p0826-teimww:person knoraType="link_value" linkType="ref" target="ww_c4063e9c72a3ffd2"/>
    </p0826-teimww:wasContributedBy>
  </p0826-teimww:passage>
  <p0826-teimww:passage id="ww_c9bc1ada00c8ede9">
    <knoraXmlImport:label>passage</knoraXmlImport:label>
    <p0826-teimww:occursIn>
      <p0826-teimww:book knoraType="link_value" linkType="ref" target="ww_1140c36ab545b6d8"/>
    </p0826-teimww:occursIn>
  </p0826-teimww:passage>
  <p0826-teimww:passage id="ww_3d04dbd99f873b8c">
    <knoraXmlImport:label>passage</knoraXmlImport:label>
    <p0826-teimww:contains>
      <p0826-teimww:lexia knoraType="link_value" linkType="ref" target="ww_7b1979e121bf03b5"/>
    </p0826-teimww:contains>
    <p0826-teimww:hasPage knoraType="richtext_value">Act 1, scene 1, line 67.</p0826-teimww:hasPage>
    <p0826-teimww:hasText knoraType="richtext_value">[Theseus:] But earthlier happy is&lt;span class="quote"&gt; the rose distilled&lt;/span&gt;&lt;br&gt;
Than that which, withering on the virgin thorn,&lt;br&gt;
Grows, lives, and dies in single blessedness.</p0826-teimww:hasText>
    <p0826-teimww:isMentionedIn>
      <p0826-teimww:passage knoraType="link_value" linkType="ref" target="ww_18a63d6a1bbfe94c"/>
    </p0826-teimww:isMentionedIn>
    <p0826-teimww:occursIn>
      <p0826-teimww:book knoraType="link_value" linkType="ref" target="ww_1e4f95f951f2169f"/>
    </p0826-teimww:occursIn>
    <p0826-teimww:wasContributedBy>
      <p0826-teimww:person knoraType="link_value" linkType="ref" target="ww_7f35f6802efd910d"/>
    </p0826-teimww:wasContributedBy>
  </p0826-teimww:passage>
  <p0826-teimww:passage id="ww_18a63d6a1bbfe94c">
    <knoraXmlImport:label>passage</knoraXmlImport:label>
    <p0826-teimww:occursIn>
      <p0826-teimww:book knoraType="link_value" linkType="ref" target="ww_12b8cda82738e9e2"/>
    </p0826-teimww:occursIn>
  </p0826-teimww:passage>
  <p0826-teimww:passage id="ww_833ddd247b9cb18e">
    <knoraXmlImport:label>passage</knoraXmlImport:label>
    <p0826-teimww:contains>
      <p0826-teimww:lexia knoraType="link_value" linkType="ref" target="ww_85ce7c273cdcf7ab"/>
    </p0826-teimww:contains>
    <p0826-teimww:hasPage knoraType="richtext_value">Act 1, scene 4, line 31.</p0826-teimww:hasPage>
    <p0826-teimww:hasText knoraType="richtext_value">[Capulet:] [...] &lt;span class="quote"&gt;A hall! a hall! give room and foot it, girls.&lt;/span&gt;</p0826-teimww:hasText>
    <p0826-teimww:isMentionedIn>
      <p0826-teimww:passage knoraType="link_value" linkType="ref" target="ww_4b6dfb2a89436c2c"/>
    </p0826-teimww:isMentionedIn>
    <p0826-teimww:occursIn>
      <p0826-teimww:book knoraType="link_value" linkType="ref" target="ww_dfd8d9b13312aac6"/>
    </p0826-teimww:occursIn>
    <p0826-teimww:wasContributedBy>
      <p0826-teimww:person knoraType="link_value" linkType="ref" target="ww_c4063e9c72a3ffd2"/>
    </p0826-teimww:wasContributedBy>
  </p0826-teimww:passage>
  <p0826-teimww:passage id="ww_4b6dfb2a89436c2c">
    <knoraXmlImport:label>passage</knoraXmlImport:label>
    <p0826-teimww:occursIn>
      <p0826-teimww:book knoraType="link_value" linkType="ref" target="ww_1140c36ab545b6d8"/>
    </p0826-teimww:occursIn>
  </p0826-teimww:passage>
  <p0826-teimww:passage id="ww_e2355be509a90089">
    <knoraXmlImport:label>passage</knoraXmlImport:label>
    <p0826-teimww:contains>
      <p0826-teimww:lexia knoraType="link_value" linkType="ref" target="ww_0f8cd9381786c8e3"/>
    </p0826-teimww:contains>
    <p0826-teimww:hasPage knoraType="richtext_value">Act 1, scene 1, lines 207-212.</p0826-teimww:hasPage>
    <p0826-teimww:hasText knoraType="richtext_value">[Hermia:] Take comfort: he no more shall see my face.&lt;br&gt;
Lysander and myself will fly this place.&lt;br&gt;
Before the time I did Lysander see&lt;br&gt;
Seemed Athens as a paradise to me.	&lt;br&gt;
O, then, &lt;span class="quote"&gt;what graces in my love do dwell&lt;br&gt;
That he hath turned a heaven unto a hell!&lt;/span&gt;</p0826-teimww:hasText>
    <p0826-teimww:isMentionedIn>
      <p0826-teimww:passage knoraType="link_value" linkType="ref" target="ww_202bb6f4908068b4"/>
    </p0826-teimww:isMentionedIn>
    <p0826-teimww:occursIn>
      <p0826-teimww:book knoraType="link_value" linkType="ref" target="ww_1e4f95f951f2169f"/>
    </p0826-teimww:occursIn>
    <p0826-teimww:wasContributedBy>
      <p0826-teimww:person knoraType="link_value" linkType="ref" target="ww_c4063e9c72a3ffd2"/>
    </p0826-teimww:wasContributedBy>
  </p0826-teimww:passage>
  <p0826-teimww:passage id="ww_202bb6f4908068b4">
    <knoraXmlImport:label>passage</knoraXmlImport:label>
    <p0826-teimww:occursIn>
      <p0826-teimww:book knoraType="link_value" linkType="ref" target="ww_1140c36ab545b6d8"/>
    </p0826-teimww:occursIn>
  </p0826-teimww:passage>
  <p0826-teimww:passage id="ww_b264c97e20404dc5">
    <knoraXmlImport:label>passage</knoraXmlImport:label>
    <p0826-teimww:contains>
      <p0826-teimww:lexia knoraType="link_value" linkType="ref" target="ww_1ca0304ea93350bc"/>
    </p0826-teimww:contains>
    <p0826-teimww:hasPage knoraType="richtext_value">Act 2, scene 1, line 18.</p0826-teimww:hasPage>
    <p0826-teimww:hasText knoraType="richtext_value">[Mercutio:] [...] &lt;span class="quote"&gt;He heareth not, he stirreth not, he moveth not.&lt;/span&gt;</p0826-teimww:hasText>
    <p0826-teimww:isMentionedIn>
      <p0826-teimww:passage knoraType="link_value" linkType="ref" target="ww_4e9265e42bd811d2"/>
    </p0826-teimww:isMentionedIn>
    <p0826-teimww:occursIn>
      <p0826-teimww:book knoraType="link_value" linkType="ref" target="ww_dfd8d9b13312aac6"/>
    </p0826-teimww:occursIn>
    <p0826-teimww:wasContributedBy>
      <p0826-teimww:person knoraType="link_value" linkType="ref" target="ww_b604df587d93b768"/>
    </p0826-teimww:wasContributedBy>
  </p0826-teimww:passage>
  <p0826-teimww:passage id="ww_4e9265e42bd811d2">
    <knoraXmlImport:label>passage</knoraXmlImport:label>
    <p0826-teimww:occursIn>
      <p0826-teimww:book knoraType="link_value" linkType="ref" target="ww_1140c36ab545b6d8"/>
    </p0826-teimww:occursIn>
  </p0826-teimww:passage>
  <p0826-teimww:passage id="ww_25e987b4f8e324d0">
    <knoraXmlImport:label>passage</knoraXmlImport:label>
    <p0826-teimww:contains>
      <p0826-teimww:lexia knoraType="link_value" linkType="ref" target="ww_9fd7beafe2f35dd8"/>
    </p0826-teimww:contains>
    <p0826-teimww:hasPage knoraType="richtext_value">Act 1, scene 1, lines 60-68.</p0826-teimww:hasPage>
    <p0826-teimww:hasText knoraType="richtext_value">[Mowbray:] Setting aside his high blood’s royalty,&lt;br&gt;
And let him be no kinsman to my liege,&lt;br&gt;
I do defy him, and I spit at him,&lt;br&gt;
Call him a slanderous coward and a villain,&lt;br&gt;
Which to maintain &lt;span class="quote"&gt;I would allow him odds&lt;br&gt;
And meet him, were I tied to run afoot&lt;br&gt;
Even to the frozen ridges of the Alps&lt;/span&gt;&lt;br&gt;
Or any other ground inhabitable&lt;br&gt;
Wherever Englishman durst set his foot. </p0826-teimww:hasText>
    <p0826-teimww:isMentionedIn>
      <p0826-teimww:passage knoraType="link_value" linkType="ref" target="ww_58daa59fa3bb7387"/>
    </p0826-teimww:isMentionedIn>
    <p0826-teimww:occursIn>
      <p0826-teimww:book knoraType="link_value" linkType="ref" target="ww_c8e25bef891b5536"/>
    </p0826-teimww:occursIn>
    <p0826-teimww:wasContributedBy>
      <p0826-teimww:person knoraType="link_value" linkType="ref" target="ww_c4063e9c72a3ffd2"/>
    </p0826-teimww:wasContributedBy>
  </p0826-teimww:passage>
  <p0826-teimww:passage id="ww_58daa59fa3bb7387">
    <knoraXmlImport:label>passage</knoraXmlImport:label>
    <p0826-teimww:occursIn>
      <p0826-teimww:book knoraType="link_value" linkType="ref" target="ww_5af91280461707f1"/>
    </p0826-teimww:occursIn>
  </p0826-teimww:passage>
  <p0826-teimww:passage id="ww_2dc9b7d305e7b5f6">
    <knoraXmlImport:label>passage</knoraXmlImport:label>
    <p0826-teimww:contains>
      <p0826-teimww:lexia knoraType="link_value" linkType="ref" target="ww_9aca8a3a7883de3d"/>
    </p0826-teimww:contains>
    <p0826-teimww:hasPage knoraType="richtext_value">Act 2, scene 1, lines 133-134.</p0826-teimww:hasPage>
    <p0826-teimww:hasText knoraType="richtext_value">[Gaunt:] [...] That &lt;span class="quote"&gt;blood already, like the pelican, &lt;br&gt;
Hast thou tapped out &lt;/span&gt;and drunkenly caroused.</p0826-teimww:hasText>
    <p0826-teimww:isMentionedIn>
      <p0826-teimww:passage knoraType="link_value" linkType="ref" target="ww_23ff4e84bb951db0"/>
    </p0826-teimww:isMentionedIn>
    <p0826-teimww:occursIn>
      <p0826-teimww:book knoraType="link_value" linkType="ref" target="ww_c8e25bef891b5536"/>
    </p0826-teimww:occursIn>
    <p0826-teimww:wasContributedBy>
      <p0826-teimww:person knoraType="link_value" linkType="ref" target="ww_b604df587d93b768"/>
    </p0826-teimww:wasContributedBy>
  </p0826-teimww:passage>
  <p0826-teimww:passage id="ww_f6902573e717e0e1">
    <knoraXmlImport:label>passage</knoraXmlImport:label>
    <p0826-teimww:contains>
      <p0826-teimww:lexia knoraType="link_value" linkType="ref" target="ww_24e630226419ffcd"/>
    </p0826-teimww:contains>
    <p0826-teimww:hasPage knoraType="richtext_value">Act 3, scene 5, line 248.</p0826-teimww:hasPage>
    <p0826-teimww:hasText knoraType="richtext_value">[Juliet:] &lt;span class="quote"&gt;Ancient damnation, O most wicked fiend!&lt;/span&gt;</p0826-teimww:hasText>
    <p0826-teimww:isMentionedIn>
      <p0826-teimww:passage knoraType="link_value" linkType="ref" target="ww_ab8f82708b6ffa48"/>
    </p0826-teimww:isMentionedIn>
    <p0826-teimww:occursIn>
      <p0826-teimww:book knoraType="link_value" linkType="ref" target="ww_dfd8d9b13312aac6"/>
    </p0826-teimww:occursIn>
    <p0826-teimww:wasContributedBy>
      <p0826-teimww:person knoraType="link_value" linkType="ref" target="ww_c4063e9c72a3ffd2"/>
    </p0826-teimww:wasContributedBy>
  </p0826-teimww:passage>
  <p0826-teimww:passage id="ww_ab8f82708b6ffa48">
    <knoraXmlImport:label>passage</knoraXmlImport:label>
    <p0826-teimww:occursIn>
      <p0826-teimww:book knoraType="link_value" linkType="ref" target="ww_1140c36ab545b6d8"/>
    </p0826-teimww:occursIn>
  </p0826-teimww:passage>
  <p0826-teimww:passage id="ww_036270c82c3dcceb">
    <knoraXmlImport:label>passage</knoraXmlImport:label>
    <p0826-teimww:contains>
      <p0826-teimww:lexia knoraType="link_value" linkType="ref" target="ww_072dd346991826d1"/>
    </p0826-teimww:contains>
    <p0826-teimww:hasPage knoraType="richtext_value">Act 3, secene 2, lines 5-7.</p0826-teimww:hasPage>
    <p0826-teimww:hasText knoraType="richtext_value">[Juliet:] Spread &lt;span class="quote"&gt;thy close curtain, love-performing night,&lt;br&gt;&lt;/span&gt;
That runaways' eyes may wink, and Romeo&lt;br&gt;
Leap to these arms, untalked of and unseen.</p0826-teimww:hasText>
    <p0826-teimww:isMentionedIn>
      <p0826-teimww:passage knoraType="link_value" linkType="ref" target="ww_548e83090b43696d"/>
    </p0826-teimww:isMentionedIn>
    <p0826-teimww:occursIn>
      <p0826-teimww:book knoraType="link_value" linkType="ref" target="ww_dfd8d9b13312aac6"/>
    </p0826-teimww:occursIn>
    <p0826-teimww:wasContributedBy>
      <p0826-teimww:person knoraType="link_value" linkType="ref" target="ww_c4063e9c72a3ffd2"/>
    </p0826-teimww:wasContributedBy>
  </p0826-teimww:passage>
  <p0826-teimww:passage id="ww_548e83090b43696d">
    <knoraXmlImport:label>passage</knoraXmlImport:label>
    <p0826-teimww:occursIn>
      <p0826-teimww:book knoraType="link_value" linkType="ref" target="ww_1140c36ab545b6d8"/>
    </p0826-teimww:occursIn>
  </p0826-teimww:passage>
  <p0826-teimww:passage id="ww_62108dd0dd4975a9">
    <knoraXmlImport:label>passage</knoraXmlImport:label>
    <p0826-teimww:contains>
      <p0826-teimww:lexia knoraType="link_value" linkType="ref" target="ww_507a1a95d79cf03c"/>
    </p0826-teimww:contains>
    <p0826-teimww:hasPage knoraType="richtext_value">Act 1, scene 2, lines 24-25.</p0826-teimww:hasPage>
    <p0826-teimww:hasText knoraType="richtext_value">[Capulet:] [...] At my poor house look to behold this night &lt;br&gt;
&lt;span class="quote"&gt;Earth-treading stars that make dark heaven light.&lt;/span&gt;</p0826-teimww:hasText>
    <p0826-teimww:isMentionedIn>
      <p0826-teimww:passage knoraType="link_value" linkType="ref" target="ww_90c13e9cbd4f331e"/>
    </p0826-teimww:isMentionedIn>
    <p0826-teimww:occursIn>
      <p0826-teimww:book knoraType="link_value" linkType="ref" target="ww_dfd8d9b13312aac6"/>
    </p0826-teimww:occursIn>
    <p0826-teimww:wasContributedBy>
      <p0826-teimww:person knoraType="link_value" linkType="ref" target="ww_b604df587d93b768"/>
    </p0826-teimww:wasContributedBy>
  </p0826-teimww:passage>
  <p0826-teimww:passage id="ww_90c13e9cbd4f331e">
    <knoraXmlImport:label>passage</knoraXmlImport:label>
    <p0826-teimww:occursIn>
      <p0826-teimww:book knoraType="link_value" linkType="ref" target="ww_1140c36ab545b6d8"/>
    </p0826-teimww:occursIn>
  </p0826-teimww:passage>
  <p0826-teimww:passage id="ww_b278948cb1a6fc6d">
    <knoraXmlImport:label>passage</knoraXmlImport:label>
    <p0826-teimww:contains>
      <p0826-teimww:lexia knoraType="link_value" linkType="ref" target="ww_4102bbcc9b39a241"/>
    </p0826-teimww:contains>
    <p0826-teimww:hasPage knoraType="richtext_value">Act 2, scene 4, lines 155-156.</p0826-teimww:hasPage>
    <p0826-teimww:hasText knoraType="richtext_value">[Nurse:] Scurvy knave, &lt;span class="quote"&gt;I am none of his flirt-gills; &lt;/span&gt;I am none of his skains-mates.</p0826-teimww:hasText>
    <p0826-teimww:isMentionedIn>
      <p0826-teimww:passage knoraType="link_value" linkType="ref" target="ww_90c13e9cbd4f331e"/>
    </p0826-teimww:isMentionedIn>
    <p0826-teimww:occursIn>
      <p0826-teimww:book knoraType="link_value" linkType="ref" target="ww_dfd8d9b13312aac6"/>
    </p0826-teimww:occursIn>
    <p0826-teimww:wasContributedBy>
      <p0826-teimww:person knoraType="link_value" linkType="ref" target="ww_b604df587d93b768"/>
    </p0826-teimww:wasContributedBy>
  </p0826-teimww:passage>
  <p0826-teimww:passage id="ww_094b145ebc578287">
    <knoraXmlImport:label>passage</knoraXmlImport:label>
    <p0826-teimww:contains>
      <p0826-teimww:lexia knoraType="link_value" linkType="ref" target="ww_04a0e6553240ca07"/>
    </p0826-teimww:contains>
    <p0826-teimww:hasPage knoraType="richtext_value">Act 5, scene 1, lines 361-364.</p0826-teimww:hasPage>
    <p0826-teimww:hasText knoraType="richtext_value">[Flute:] [...] Come, blade, my breast imbrue! &lt;br&gt;
(Thisbe stabs herself) &lt;br&gt;
And farewell, friends. &lt;br&gt;
Thus &lt;span class="quote"&gt;Thisbe ends. &lt;br&gt;
Adieu, adieu, adieu&lt;/span&gt;.</p0826-teimww:hasText>
    <p0826-teimww:isMentionedIn>
      <p0826-teimww:passage knoraType="link_value" linkType="ref" target="ww_616ede016f6e16f0"/>
    </p0826-teimww:isMentionedIn>
    <p0826-teimww:occursIn>
      <p0826-teimww:book knoraType="link_value" linkType="ref" target="ww_1e4f95f951f2169f"/>
    </p0826-teimww:occursIn>
    <p0826-teimww:wasContributedBy>
      <p0826-teimww:person knoraType="link_value" linkType="ref" target="ww_b604df587d93b768"/>
    </p0826-teimww:wasContributedBy>
  </p0826-teimww:passage>
  <p0826-teimww:passage id="ww_616ede016f6e16f0">
    <knoraXmlImport:label>passage</knoraXmlImport:label>
    <p0826-teimww:occursIn>
      <p0826-teimww:book knoraType="link_value" linkType="ref" target="ww_1140c36ab545b6d8"/>
    </p0826-teimww:occursIn>
  </p0826-teimww:passage>
  <p0826-teimww:passage id="ww_2a9b5e1cea74ff40">
    <knoraXmlImport:label>passage</knoraXmlImport:label>
    <p0826-teimww:contains>
      <p0826-teimww:lexia knoraType="link_value" linkType="ref" target="ww_56933b60be13b8de"/>
    </p0826-teimww:contains>
    <p0826-teimww:hasPage knoraType="richtext_value">Act 4, scene 1, line 143.</p0826-teimww:hasPage>
    <p0826-teimww:hasText knoraType="richtext_value">[Carlisle:] &lt;span class="quote"&gt;The blood of English shall manure the ground &lt;/span&gt;[…].</p0826-teimww:hasText>
    <p0826-teimww:isMentionedIn>
      <p0826-teimww:passage knoraType="link_value" linkType="ref" target="ww_0c7562b072b7907e"/>
    </p0826-teimww:isMentionedIn>
    <p0826-teimww:occursIn>
      <p0826-teimww:book knoraType="link_value" linkType="ref" target="ww_c8e25bef891b5536"/>
    </p0826-teimww:occursIn>
    <p0826-teimww:wasContributedBy>
      <p0826-teimww:person knoraType="link_value" linkType="ref" target="ww_7f35f6802efd910d"/>
    </p0826-teimww:wasContributedBy>
  </p0826-teimww:passage>
  <p0826-teimww:passage id="ww_0c7562b072b7907e">
    <knoraXmlImport:label>passage</knoraXmlImport:label>
    <p0826-teimww:occursIn>
      <p0826-teimww:book knoraType="link_value" linkType="ref" target="ww_97955539c83b9cc3"/>
    </p0826-teimww:occursIn>
  </p0826-teimww:passage>
  <p0826-teimww:passage id="ww_20bbabb8f92f954e">
    <knoraXmlImport:label>passage</knoraXmlImport:label>
    <p0826-teimww:contains>
      <p0826-teimww:lexia knoraType="link_value" linkType="ref" target="ww_22505dcfc5717906"/>
    </p0826-teimww:contains>
    <p0826-teimww:hasPage knoraType="richtext_value">Act 2, scene 2, lines 149-150.</p0826-teimww:hasPage>
    <p0826-teimww:hasText knoraType="richtext_value">[Bagot:] Farewell. If heart's presages be not vain, &lt;br&gt;
&lt;span class="quote"&gt;We three here part that ne’er shall meet again&lt;/span&gt;.</p0826-teimww:hasText>
    <p0826-teimww:isMentionedIn>
      <p0826-teimww:passage knoraType="link_value" linkType="ref" target="ww_0c7562b072b7907e"/>
    </p0826-teimww:isMentionedIn>
    <p0826-teimww:occursIn>
      <p0826-teimww:book knoraType="link_value" linkType="ref" target="ww_c8e25bef891b5536"/>
    </p0826-teimww:occursIn>
    <p0826-teimww:wasContributedBy>
      <p0826-teimww:person knoraType="link_value" linkType="ref" target="ww_7f35f6802efd910d"/>
    </p0826-teimww:wasContributedBy>
  </p0826-teimww:passage>
  <p0826-teimww:passage id="ww_16f2df5cfa6b0c0b">
    <knoraXmlImport:label>passage</knoraXmlImport:label>
    <p0826-teimww:contains>
      <p0826-teimww:lexia knoraType="link_value" linkType="ref" target="ww_7562256a7bbf4f85"/>
    </p0826-teimww:contains>
    <p0826-teimww:hasPage knoraType="richtext_value">Act 3, scene 5, line 145.</p0826-teimww:hasPage>
    <p0826-teimww:hasText knoraType="richtext_value">[Lady Capulet:] I would the fool were &lt;span class="quote"&gt;married to her grave.&lt;/span&gt;</p0826-teimww:hasText>
    <p0826-teimww:isMentionedIn>
      <p0826-teimww:passage knoraType="link_value" linkType="ref" target="ww_c827d909d8143db6"/>
    </p0826-teimww:isMentionedIn>
    <p0826-teimww:occursIn>
      <p0826-teimww:book knoraType="link_value" linkType="ref" target="ww_dfd8d9b13312aac6"/>
    </p0826-teimww:occursIn>
    <p0826-teimww:wasContributedBy>
      <p0826-teimww:person knoraType="link_value" linkType="ref" target="ww_b604df587d93b768"/>
    </p0826-teimww:wasContributedBy>
  </p0826-teimww:passage>
  <p0826-teimww:passage id="ww_c827d909d8143db6">
    <knoraXmlImport:label>passage</knoraXmlImport:label>
    <p0826-teimww:occursIn>
      <p0826-teimww:book knoraType="link_value" linkType="ref" target="ww_1140c36ab545b6d8"/>
    </p0826-teimww:occursIn>
  </p0826-teimww:passage>
  <p0826-teimww:passage id="ww_f2a9cc6499b1b6df">
    <knoraXmlImport:label>passage</knoraXmlImport:label>
    <p0826-teimww:contains>
      <p0826-teimww:lexia knoraType="link_value" linkType="ref" target="ww_baca14bccf123858"/>
    </p0826-teimww:contains>
    <p0826-teimww:hasPage knoraType="richtext_value">Act 4, scene 1, lines 1-3.</p0826-teimww:hasPage>
    <p0826-teimww:hasText knoraType="richtext_value">[Titania:] Come, sit thee down upon this&lt;span class="quote"&gt; flow'ry bed&lt;/span&gt;, &lt;br/&gt;
While I thy amiable cheeks do coy, &lt;br/&gt;
And stick muskroses in thy sleek smooth head [...].</p0826-teimww:hasText>
    <p0826-teimww:isMentionedIn>
      <p0826-teimww:passage knoraType="link_value" linkType="ref" target="ww_3d69853f1031d006"/>
    </p0826-teimww:isMentionedIn>
    <p0826-teimww:occursIn>
      <p0826-teimww:book knoraType="link_value" linkType="ref" target="ww_1e4f95f951f2169f"/>
    </p0826-teimww:occursIn>
    <p0826-teimww:wasContributedBy>
      <p0826-teimww:person knoraType="link_value" linkType="ref" target="ww_b604df587d93b768"/>
    </p0826-teimww:wasContributedBy>
  </p0826-teimww:passage>
  <p0826-teimww:passage id="ww_3d69853f1031d006">
    <knoraXmlImport:label>passage</knoraXmlImport:label>
    <p0826-teimww:occursIn>
      <p0826-teimww:book knoraType="link_value" linkType="ref" target="ww_1140c36ab545b6d8"/>
    </p0826-teimww:occursIn>
  </p0826-teimww:passage>
  <p0826-teimww:passage id="ww_c8e8777b4c144295">
    <knoraXmlImport:label>passage</knoraXmlImport:label>
    <p0826-teimww:contains>
      <p0826-teimww:lexia knoraType="link_value" linkType="ref" target="ww_41e7f30b15f4ee5a"/>
    </p0826-teimww:contains>
    <p0826-teimww:hasPage knoraType="richtext_value">Act 2, scene 2, line 36.</p0826-teimww:hasPage>
    <p0826-teimww:hasText knoraType="richtext_value">&lt;span class="annotation"&gt;Romeo, in the garden of the Capulet family, talks with Juliet, who is standing at the window of her bedroom.&lt;/span&gt; </p0826-teimww:hasText>
    <p0826-teimww:occursIn>
      <p0826-teimww:book knoraType="link_value" linkType="ref" target="ww_dfd8d9b13312aac6"/>
    </p0826-teimww:occursIn>
    <p0826-teimww:wasContributedBy>
      <p0826-teimww:person knoraType="link_value" linkType="ref" target="ww_7f35f6802efd910d"/>
    </p0826-teimww:wasContributedBy>
  </p0826-teimww:passage>
  <p0826-teimww:passage id="ww_457d50c8212ee336">
    <knoraXmlImport:label>passage</knoraXmlImport:label>
    <p0826-teimww:contains>
      <p0826-teimww:lexia knoraType="link_value" linkType="ref" target="ww_737566e2e09ae70c"/>
    </p0826-teimww:contains>
    <p0826-teimww:hasPage knoraType="richtext_value">Act 1, scene 4, line 108.</p0826-teimww:hasPage>
    <p0826-teimww:hasText knoraType="richtext_value">[Mercutio:] [...] Even now &lt;span class="quote"&gt;the frozen bosom of the north &lt;/span&gt;[...].</p0826-teimww:hasText>
    <p0826-teimww:isMentionedIn>
      <p0826-teimww:passage knoraType="link_value" linkType="ref" target="ww_4daff2782f810fd9"/>
    </p0826-teimww:isMentionedIn>
    <p0826-teimww:occursIn>
      <p0826-teimww:book knoraType="link_value" linkType="ref" target="ww_dfd8d9b13312aac6"/>
    </p0826-teimww:occursIn>
    <p0826-teimww:wasContributedBy>
      <p0826-teimww:person knoraType="link_value" linkType="ref" target="ww_7f35f6802efd910d"/>
    </p0826-teimww:wasContributedBy>
  </p0826-teimww:passage>
  <p0826-teimww:passage id="ww_4daff2782f810fd9">
    <knoraXmlImport:label>passage</knoraXmlImport:label>
    <p0826-teimww:occursIn>
      <p0826-teimww:book knoraType="link_value" linkType="ref" target="ww_1140c36ab545b6d8"/>
    </p0826-teimww:occursIn>
  </p0826-teimww:passage>
  <p0826-teimww:passage id="ww_f10d1c559411029b">
    <knoraXmlImport:label>passage</knoraXmlImport:label>
    <p0826-teimww:contains>
      <p0826-teimww:lexia knoraType="link_value" linkType="ref" target="ww_f489003cd2b7eb2e"/>
    </p0826-teimww:contains>
    <p0826-teimww:hasPage knoraType="richtext_value">Act 1, scene 3, line 269.</p0826-teimww:hasPage>
    <p0826-teimww:hasText knoraType="richtext_value">[Bolingbroke:] &lt;span class="quote"&gt;My heart will sigh when I miscall it so &lt;/span&gt;[…].</p0826-teimww:hasText>
    <p0826-teimww:isMentionedIn>
      <p0826-teimww:passage knoraType="link_value" linkType="ref" target="ww_8134986f6f146b68"/>
    </p0826-teimww:isMentionedIn>
    <p0826-teimww:occursIn>
      <p0826-teimww:book knoraType="link_value" linkType="ref" target="ww_c8e25bef891b5536"/>
    </p0826-teimww:occursIn>
    <p0826-teimww:wasContributedBy>
      <p0826-teimww:person knoraType="link_value" linkType="ref" target="ww_7f35f6802efd910d"/>
    </p0826-teimww:wasContributedBy>
  </p0826-teimww:passage>
  <p0826-teimww:passage id="ww_db64373817e71a18">
    <knoraXmlImport:label>passage</knoraXmlImport:label>
    <p0826-teimww:contains>
      <p0826-teimww:lexia knoraType="link_value" linkType="ref" target="ww_4942d4d1afd20825"/>
    </p0826-teimww:contains>
    <p0826-teimww:hasPage knoraType="richtext_value">Act 4, scene 1, line 78.</p0826-teimww:hasPage>
    <p0826-teimww:hasText knoraType="richtext_value">[Juliet:] &lt;span class="quote"&gt;O, bid me leap, rather than marry Paris,&lt;br&gt;&lt;/span&gt;
From off the battlements of any tower,&lt;br&gt;
Or walk in thievish ways, or bid me lurk&lt;br&gt;
Where serpents are. Chain me with roaring bears,&lt;br&gt;
Or hide me nightly in a charnel house,&lt;br&gt;
O’ercovered quite with dead men’s rattling bones,&lt;br&gt;
With reeky shanks and yellow skulls.&lt;br&gt;
Or bid me go into a new-made grave&lt;br&gt;
And hide me with a dead man in his shroud.</p0826-teimww:hasText>
    <p0826-teimww:isMentionedIn>
      <p0826-teimww:passage knoraType="link_value" linkType="ref" target="ww_df8005940d70ba0a"/>
    </p0826-teimww:isMentionedIn>
    <p0826-teimww:occursIn>
      <p0826-teimww:book knoraType="link_value" linkType="ref" target="ww_dfd8d9b13312aac6"/>
    </p0826-teimww:occursIn>
    <p0826-teimww:wasContributedBy>
      <p0826-teimww:person knoraType="link_value" linkType="ref" target="ww_7f35f6802efd910d"/>
    </p0826-teimww:wasContributedBy>
  </p0826-teimww:passage>
  <p0826-teimww:passage id="ww_df8005940d70ba0a">
    <knoraXmlImport:label>passage</knoraXmlImport:label>
    <p0826-teimww:occursIn>
      <p0826-teimww:book knoraType="link_value" linkType="ref" target="ww_12b8cda82738e9e2"/>
    </p0826-teimww:occursIn>
  </p0826-teimww:passage>
  <p0826-teimww:passage id="ww_ec29839f85a95bd5">
    <knoraXmlImport:label>passage</knoraXmlImport:label>
    <p0826-teimww:contains>
      <p0826-teimww:lexia knoraType="link_value" linkType="ref" target="ww_812ec4100863a109"/>
    </p0826-teimww:contains>
    <p0826-teimww:contains>
      <p0826-teimww:lexia knoraType="link_value" linkType="ref" target="ww_88076bbdfa4084d2"/>
    </p0826-teimww:contains>
    <p0826-teimww:hasPage knoraType="richtext_value">Act 2, scene 2, lines 97-98.</p0826-teimww:hasPage>
    <p0826-teimww:hasText knoraType="richtext_value">[Juliet:] &lt;span class="quote"&gt;At lovers' perjuries, &lt;br&gt;
They say, Jove laughs.&lt;/span&gt;</p0826-teimww:hasText>
    <p0826-teimww:isMentionedIn>
      <p0826-teimww:passage knoraType="link_value" linkType="ref" target="ww_391099d7c6b676c8"/>
    </p0826-teimww:isMentionedIn>
    <p0826-teimww:occursIn>
      <p0826-teimww:book knoraType="link_value" linkType="ref" target="ww_dfd8d9b13312aac6"/>
    </p0826-teimww:occursIn>
    <p0826-teimww:wasContributedBy>
      <p0826-teimww:person knoraType="link_value" linkType="ref" target="ww_b604df587d93b768"/>
    </p0826-teimww:wasContributedBy>
  </p0826-teimww:passage>
  <p0826-teimww:passage id="ww_391099d7c6b676c8">
    <knoraXmlImport:label>passage</knoraXmlImport:label>
    <p0826-teimww:occursIn>
      <p0826-teimww:book knoraType="link_value" linkType="ref" target="ww_1140c36ab545b6d8"/>
    </p0826-teimww:occursIn>
  </p0826-teimww:passage>
  <p0826-teimww:passage id="ww_a618823495e35be1">
    <knoraXmlImport:label>passage</knoraXmlImport:label>
    <p0826-teimww:contains>
      <p0826-teimww:lexia knoraType="link_value" linkType="ref" target="ww_aba1c8359a434f03"/>
    </p0826-teimww:contains>
    <p0826-teimww:contains>
      <p0826-teimww:lexia knoraType="link_value" linkType="ref" target="ww_67aaba33e755aedd"/>
    </p0826-teimww:contains>
    <p0826-teimww:hasPage knoraType="richtext_value">Act 3, scene 7, lines 7-25.</p0826-teimww:hasPage>
    <p0826-teimww:hasText knoraType="richtext_value">[Romeo:] Look, love, what envious streaks&lt;br&gt;
Do lace the severing clouds in yonder east.&lt;br&gt;
&lt;span class="quote"&gt;Night's candles are burnt out, &lt;/span&gt;and jocund day&lt;br&gt;
Stands tiptoe on the misty mountain-tops.&lt;br&gt;
&lt;span class="quote"&gt;I must be gone and live, or stay and die.&lt;br&gt;
[Juliet:] Yond light is not daylight, I know it, I.[...]&lt;br&gt;
Therefore stay yet. Thou need'st not to be gone.&lt;br&gt;
[Romeo:] [...] I'll say yon gray is not the morning's eye&lt;/span&gt;;&lt;br&gt;
'Tis but the pale reflex of Cynthia’s brow.&lt;br&gt;
Nor that is not the lark whose notes do beat&lt;br&gt;
The vaulty heaven so high above our heads.&lt;br&gt;
I have more care to stay than will to go.&lt;br&gt;
Come death and welcome. Juliet wills it so.&lt;br&gt;
How is 't, my soul? Let's talk. It is not day.&lt;br&gt;
[Juliet:] It is, it is. Hie hence, begone, away!</p0826-teimww:hasText>
    <p0826-teimww:isMentionedIn>
      <p0826-teimww:passage knoraType="link_value" linkType="ref" target="ww_9859b0e5d08cc210"/>
    </p0826-teimww:isMentionedIn>
    <p0826-teimww:occursIn>
      <p0826-teimww:book knoraType="link_value" linkType="ref" target="ww_dfd8d9b13312aac6"/>
    </p0826-teimww:occursIn>
    <p0826-teimww:wasContributedBy>
      <p0826-teimww:person knoraType="link_value" linkType="ref" target="ww_c4063e9c72a3ffd2"/>
    </p0826-teimww:wasContributedBy>
  </p0826-teimww:passage>
  <p0826-teimww:passage id="ww_9859b0e5d08cc210">
    <knoraXmlImport:label>passage</knoraXmlImport:label>
    <p0826-teimww:occursIn>
      <p0826-teimww:book knoraType="link_value" linkType="ref" target="ww_1140c36ab545b6d8"/>
    </p0826-teimww:occursIn>
  </p0826-teimww:passage>
  <p0826-teimww:passage id="ww_746f81830cb06031">
    <knoraXmlImport:label>passage</knoraXmlImport:label>
    <p0826-teimww:contains>
      <p0826-teimww:lexia knoraType="link_value" linkType="ref" target="ww_3c7aacda54fdf1b9"/>
    </p0826-teimww:contains>
    <p0826-teimww:hasPage knoraType="richtext_value">Act 1, scene 4, lines 35-36.</p0826-teimww:hasPage>
    <p0826-teimww:hasText knoraType="richtext_value">[Romeo:] [...] Let wantons light of heart &lt;br/&gt;
&lt;span class="quote"&gt;Tickle the senseless rushes &lt;/span&gt;with their heels [...].</p0826-teimww:hasText>
    <p0826-teimww:isMentionedIn>
      <p0826-teimww:passage knoraType="link_value" linkType="ref" target="ww_e0b4a6d97a90fdc0"/>
    </p0826-teimww:isMentionedIn>
    <p0826-teimww:occursIn>
      <p0826-teimww:book knoraType="link_value" linkType="ref" target="ww_dfd8d9b13312aac6"/>
    </p0826-teimww:occursIn>
    <p0826-teimww:wasContributedBy>
      <p0826-teimww:person knoraType="link_value" linkType="ref" target="ww_b604df587d93b768"/>
    </p0826-teimww:wasContributedBy>
  </p0826-teimww:passage>
  <p0826-teimww:passage id="ww_e0b4a6d97a90fdc0">
    <knoraXmlImport:label>passage</knoraXmlImport:label>
    <p0826-teimww:occursIn>
      <p0826-teimww:book knoraType="link_value" linkType="ref" target="ww_1140c36ab545b6d8"/>
    </p0826-teimww:occursIn>
  </p0826-teimww:passage>
  <p0826-teimww:passage id="ww_98885ebbc8851b82">
    <knoraXmlImport:label>passage</knoraXmlImport:label>
    <p0826-teimww:contains>
      <p0826-teimww:lexia knoraType="link_value" linkType="ref" target="ww_5e97359b1b620085"/>
    </p0826-teimww:contains>
    <p0826-teimww:hasPage knoraType="richtext_value">Act 1, scene 1, lines 31-35.</p0826-teimww:hasPage>
    <p0826-teimww:hasText knoraType="richtext_value">[Egeus:] [...] Thou hast by moonlight at her window sung &lt;br&gt;
With feigning voice verses of feigning love &lt;br&gt;
And stol'n the impression of her fantasy &lt;br&gt;
With &lt;span class="quote"&gt;bracelets of thy hair, &lt;/span&gt;rings, gauds, conceits, &lt;br&gt;
Knacks, trifles, nosegays, sweetmeats [...].</p0826-teimww:hasText>
    <p0826-teimww:isMentionedIn>
      <p0826-teimww:passage knoraType="link_value" linkType="ref" target="ww_50d8306eeec98d38"/>
    </p0826-teimww:isMentionedIn>
    <p0826-teimww:occursIn>
      <p0826-teimww:book knoraType="link_value" linkType="ref" target="ww_1e4f95f951f2169f"/>
    </p0826-teimww:occursIn>
    <p0826-teimww:wasContributedBy>
      <p0826-teimww:person knoraType="link_value" linkType="ref" target="ww_b604df587d93b768"/>
    </p0826-teimww:wasContributedBy>
  </p0826-teimww:passage>
  <p0826-teimww:passage id="ww_50d8306eeec98d38">
    <knoraXmlImport:label>passage</knoraXmlImport:label>
    <p0826-teimww:occursIn>
      <p0826-teimww:book knoraType="link_value" linkType="ref" target="ww_5eeeb3e78e8b0bc3"/>
    </p0826-teimww:occursIn>
  </p0826-teimww:passage>
  <p0826-teimww:passage id="ww_b37743044752bbf1">
    <knoraXmlImport:label>passage</knoraXmlImport:label>
    <p0826-teimww:contains>
      <p0826-teimww:lexia knoraType="link_value" linkType="ref" target="ww_f6858a13fda80de0"/>
    </p0826-teimww:contains>
    <p0826-teimww:hasPage knoraType="richtext_value">Act 2, scene 4, lines 136-141.</p0826-teimww:hasPage>
    <p0826-teimww:hasText knoraType="richtext_value">[Mercutio:] [...] (singing) &lt;i&gt; &lt;span class="quote"&gt;An old hare hoar, &lt;br&gt;
And an old hare hoar, &lt;br&gt;
Is very good meat in Lent. &lt;br&gt;
But a hare that is hoar &lt;br&gt;
Is too much for a score &lt;br&gt;
When it hoars ere it be spent. &lt;/i&gt; &lt;/span&gt;</p0826-teimww:hasText>
    <p0826-teimww:isMentionedIn>
      <p0826-teimww:passage knoraType="link_value" linkType="ref" target="ww_ca3066015e2d726f"/>
    </p0826-teimww:isMentionedIn>
    <p0826-teimww:occursIn>
      <p0826-teimww:book knoraType="link_value" linkType="ref" target="ww_dfd8d9b13312aac6"/>
    </p0826-teimww:occursIn>
    <p0826-teimww:wasContributedBy>
      <p0826-teimww:person knoraType="link_value" linkType="ref" target="ww_b604df587d93b768"/>
    </p0826-teimww:wasContributedBy>
  </p0826-teimww:passage>
  <p0826-teimww:passage id="ww_ca3066015e2d726f">
    <knoraXmlImport:label>passage</knoraXmlImport:label>
    <p0826-teimww:occursIn>
      <p0826-teimww:book knoraType="link_value" linkType="ref" target="ww_5eeeb3e78e8b0bc3"/>
    </p0826-teimww:occursIn>
  </p0826-teimww:passage>
  <p0826-teimww:passage id="ww_c467460dc3ed9fe1">
    <knoraXmlImport:label>passage</knoraXmlImport:label>
    <p0826-teimww:contains>
      <p0826-teimww:lexia knoraType="link_value" linkType="ref" target="ww_606a639faef0657a"/>
    </p0826-teimww:contains>
    <p0826-teimww:hasPage knoraType="richtext_value">Act 1, scene 5, lines 135-136.</p0826-teimww:hasPage>
    <p0826-teimww:hasText knoraType="richtext_value">[Capulet:] Nay, gentlemen, prepare not to be gone. &lt;br&gt;
&lt;span class="quote"&gt;We have a trifling foolish banquet &lt;/span&gt;towards.</p0826-teimww:hasText>
    <p0826-teimww:isMentionedIn>
      <p0826-teimww:passage knoraType="link_value" linkType="ref" target="ww_37575fb29347376e"/>
    </p0826-teimww:isMentionedIn>
    <p0826-teimww:occursIn>
      <p0826-teimww:book knoraType="link_value" linkType="ref" target="ww_dfd8d9b13312aac6"/>
    </p0826-teimww:occursIn>
    <p0826-teimww:wasContributedBy>
      <p0826-teimww:person knoraType="link_value" linkType="ref" target="ww_c4063e9c72a3ffd2"/>
    </p0826-teimww:wasContributedBy>
  </p0826-teimww:passage>
  <p0826-teimww:passage id="ww_37575fb29347376e">
    <knoraXmlImport:label>passage</knoraXmlImport:label>
    <p0826-teimww:occursIn>
      <p0826-teimww:book knoraType="link_value" linkType="ref" target="ww_5af91280461707f1"/>
    </p0826-teimww:occursIn>
  </p0826-teimww:passage>
  <p0826-teimww:passage id="ww_17d0fd85e7bd7299">
    <knoraXmlImport:label>passage</knoraXmlImport:label>
    <p0826-teimww:contains>
      <p0826-teimww:lexia knoraType="link_value" linkType="ref" target="ww_3cd800412225d243"/>
    </p0826-teimww:contains>
    <p0826-teimww:hasPage knoraType="richtext_value">Act 2, scene 8, lines 12-15.</p0826-teimww:hasPage>
    <p0826-teimww:hasText knoraType="richtext_value">[Solanio:] I never heard a passion so confused,&lt;br&gt;
So strange, outrageous, and so variable &lt;br&gt;
As the dog Jew did utter in the streets.&lt;br&gt;
&lt;span class="quote"&gt;"My daughter, O my ducats, O my daughter! &lt;/span&gt;[...]". </p0826-teimww:hasText>
    <p0826-teimww:isMentionedIn>
      <p0826-teimww:passage knoraType="link_value" linkType="ref" target="ww_e244e3681d128fdf"/>
    </p0826-teimww:isMentionedIn>
    <p0826-teimww:occursIn>
      <p0826-teimww:book knoraType="link_value" linkType="ref" target="ww_aa90313aec1ff25e"/>
    </p0826-teimww:occursIn>
    <p0826-teimww:wasContributedBy>
      <p0826-teimww:person knoraType="link_value" linkType="ref" target="ww_c4063e9c72a3ffd2"/>
    </p0826-teimww:wasContributedBy>
  </p0826-teimww:passage>
  <p0826-teimww:passage id="ww_e244e3681d128fdf">
    <knoraXmlImport:label>passage</knoraXmlImport:label>
    <p0826-teimww:occursIn>
      <p0826-teimww:book knoraType="link_value" linkType="ref" target="ww_1140c36ab545b6d8"/>
    </p0826-teimww:occursIn>
  </p0826-teimww:passage>
  <p0826-teimww:passage id="ww_74823c01f6f9807b">
    <knoraXmlImport:label>passage</knoraXmlImport:label>
    <p0826-teimww:contains>
      <p0826-teimww:lexia knoraType="link_value" linkType="ref" target="ww_f0518736ee829a19"/>
    </p0826-teimww:contains>
    <p0826-teimww:hasPage knoraType="richtext_value">Act 4, scene 2, lines 9-16.</p0826-teimww:hasPage>
    <p0826-teimww:hasText knoraType="richtext_value">[Salisbury:] Therefore, to be possessed with double pomp, &lt;br&gt;
To guard a title that was rich before, &lt;br&gt;
To &lt;span class="quote"&gt;gild refinèd gold, to paint the lily&lt;/span&gt;, &lt;br&gt;
To throw a perfume on the violet, &lt;br&gt;
To smooth the ice or add another hue &lt;br&gt;
Unto the rainbow, or with taper-light &lt;br&gt;
To seek the beauteous eye of heaven to garnish, &lt;br&gt;
Is wasteful and ridiculous excess.</p0826-teimww:hasText>
    <p0826-teimww:isMentionedIn>
      <p0826-teimww:passage knoraType="link_value" linkType="ref" target="ww_2b8edf509bd4f417"/>
    </p0826-teimww:isMentionedIn>
    <p0826-teimww:occursIn>
      <p0826-teimww:book knoraType="link_value" linkType="ref" target="ww_dbb95fa0c476e400"/>
    </p0826-teimww:occursIn>
    <p0826-teimww:wasContributedBy>
      <p0826-teimww:person knoraType="link_value" linkType="ref" target="ww_c4063e9c72a3ffd2"/>
    </p0826-teimww:wasContributedBy>
  </p0826-teimww:passage>
  <p0826-teimww:passage id="ww_2b8edf509bd4f417">
    <knoraXmlImport:label>passage</knoraXmlImport:label>
    <p0826-teimww:occursIn>
      <p0826-teimww:book knoraType="link_value" linkType="ref" target="ww_1140c36ab545b6d8"/>
    </p0826-teimww:occursIn>
  </p0826-teimww:passage>
  <p0826-teimww:passage id="ww_6c5970a9a45659ed">
    <knoraXmlImport:label>passage</knoraXmlImport:label>
    <p0826-teimww:contains>
      <p0826-teimww:lexia knoraType="link_value" linkType="ref" target="ww_8a78da48b89f20f6"/>
    </p0826-teimww:contains>
    <p0826-teimww:hasPage knoraType="richtext_value">Act 4, scene 2, line 254.</p0826-teimww:hasPage>
    <p0826-teimww:hasText knoraType="richtext_value">[King John:] &lt;span class="quote"&gt;Out of my sight&lt;/span&gt;, and never see me more.</p0826-teimww:hasText>
    <p0826-teimww:isMentionedIn>
      <p0826-teimww:passage knoraType="link_value" linkType="ref" target="ww_976112185f0aef52"/>
    </p0826-teimww:isMentionedIn>
    <p0826-teimww:occursIn>
      <p0826-teimww:book knoraType="link_value" linkType="ref" target="ww_dbb95fa0c476e400"/>
    </p0826-teimww:occursIn>
    <p0826-teimww:wasContributedBy>
      <p0826-teimww:person knoraType="link_value" linkType="ref" target="ww_b604df587d93b768"/>
    </p0826-teimww:wasContributedBy>
  </p0826-teimww:passage>
  <p0826-teimww:passage id="ww_976112185f0aef52">
    <knoraXmlImport:label>passage</knoraXmlImport:label>
    <p0826-teimww:occursIn>
      <p0826-teimww:book knoraType="link_value" linkType="ref" target="ww_1140c36ab545b6d8"/>
    </p0826-teimww:occursIn>
  </p0826-teimww:passage>
  <p0826-teimww:passage id="ww_318facf0ed0c1509">
    <knoraXmlImport:label>passage</knoraXmlImport:label>
    <p0826-teimww:contains>
      <p0826-teimww:lexia knoraType="link_value" linkType="ref" target="ww_15e784391c8fe280"/>
    </p0826-teimww:contains>
    <p0826-teimww:hasPage knoraType="richtext_value">Act 5, scene 1, lines 40-42.</p0826-teimww:hasPage>
    <p0826-teimww:hasText knoraType="richtext_value">[Costard:] O, they have lived long on the almsbasket of words. I marvel thy master hath not eaten thee for a word, for thou art not so long by the head as&lt;span class="quote"&gt; honorificabilitudinitatibus.&lt;/span&gt;</p0826-teimww:hasText>
    <p0826-teimww:isMentionedIn>
      <p0826-teimww:passage knoraType="link_value" linkType="ref" target="ww_94e3db460f80c8fd"/>
    </p0826-teimww:isMentionedIn>
    <p0826-teimww:occursIn>
      <p0826-teimww:book knoraType="link_value" linkType="ref" target="ww_a8c8f9a292e6c950"/>
    </p0826-teimww:occursIn>
    <p0826-teimww:wasContributedBy>
      <p0826-teimww:person knoraType="link_value" linkType="ref" target="ww_c4063e9c72a3ffd2"/>
    </p0826-teimww:wasContributedBy>
  </p0826-teimww:passage>
  <p0826-teimww:passage id="ww_94e3db460f80c8fd">
    <knoraXmlImport:label>passage</knoraXmlImport:label>
    <p0826-teimww:occursIn>
      <p0826-teimww:book knoraType="link_value" linkType="ref" target="ww_5af91280461707f1"/>
    </p0826-teimww:occursIn>
  </p0826-teimww:passage>
  <p0826-teimww:passage id="ww_d7ef141d9d46d9e0">
    <knoraXmlImport:label>passage</knoraXmlImport:label>
    <p0826-teimww:contains>
      <p0826-teimww:lexia knoraType="link_value" linkType="ref" target="ww_34838f758b0ae04d"/>
    </p0826-teimww:contains>
    <p0826-teimww:hasPage knoraType="richtext_value">Act 5, scene 2, line 579.</p0826-teimww:hasPage>
    <p0826-teimww:hasText knoraType="richtext_value">[Princess:] &lt;span class="quote"&gt;He speaks not like a man of God his making.&lt;/span&gt;</p0826-teimww:hasText>
    <p0826-teimww:isMentionedIn>
      <p0826-teimww:passage knoraType="link_value" linkType="ref" target="ww_a701a3eecc3de916"/>
    </p0826-teimww:isMentionedIn>
    <p0826-teimww:occursIn>
      <p0826-teimww:book knoraType="link_value" linkType="ref" target="ww_a8c8f9a292e6c950"/>
    </p0826-teimww:occursIn>
    <p0826-teimww:wasContributedBy>
      <p0826-teimww:person knoraType="link_value" linkType="ref" target="ww_b604df587d93b768"/>
    </p0826-teimww:wasContributedBy>
  </p0826-teimww:passage>
  <p0826-teimww:passage id="ww_a701a3eecc3de916">
    <knoraXmlImport:label>passage</knoraXmlImport:label>
    <p0826-teimww:occursIn>
      <p0826-teimww:book knoraType="link_value" linkType="ref" target="ww_1140c36ab545b6d8"/>
    </p0826-teimww:occursIn>
  </p0826-teimww:passage>
  <p0826-teimww:passage id="ww_49b58c54e86d1500">
    <knoraXmlImport:label>passage</knoraXmlImport:label>
    <p0826-teimww:contains>
      <p0826-teimww:lexia knoraType="link_value" linkType="ref" target="ww_e1535e46d2de6ed9"/>
    </p0826-teimww:contains>
    <p0826-teimww:hasPage knoraType="richtext_value">Act 1, scene 1, lines 23-25.</p0826-teimww:hasPage>
    <p0826-teimww:hasText knoraType="richtext_value">[Salarino:] My wind cooling my broth &lt;br&gt;
Would blow me to an ague when I thought &lt;br&gt;
 &lt;span class="quote"&gt;What harm a wind too great might do at sea&lt;/span&gt;. </p0826-teimww:hasText>
    <p0826-teimww:occursIn>
      <p0826-teimww:book knoraType="link_value" linkType="ref" target="ww_aa90313aec1ff25e"/>
    </p0826-teimww:occursIn>
    <p0826-teimww:wasContributedBy>
      <p0826-teimww:person knoraType="link_value" linkType="ref" target="ww_c4063e9c72a3ffd2"/>
    </p0826-teimww:wasContributedBy>
  </p0826-teimww:passage>
  <p0826-teimww:passage id="ww_57e0b382739ef379">
    <knoraXmlImport:label>passage</knoraXmlImport:label>
    <p0826-teimww:contains>
      <p0826-teimww:lexia knoraType="link_value" linkType="ref" target="ww_2aff24fa0088c62b"/>
    </p0826-teimww:contains>
    <p0826-teimww:contains>
      <p0826-teimww:lexia knoraType="link_value" linkType="ref" target="ww_54e7cf7775eaddee"/>
    </p0826-teimww:contains>
    <p0826-teimww:hasPage knoraType="richtext_value">Act 1, scene 2, lines 70-72.</p0826-teimww:hasPage>
    <p0826-teimww:hasText knoraType="richtext_value">[Boy:] &lt;span class="quote"&gt;Samson, master; he was a man of good carriage, great carriage, for he carried the town gates on his back like a porter&lt;/span&gt;, and he was in love.</p0826-teimww:hasText>
    <p0826-teimww:isMentionedIn>
      <p0826-teimww:passage knoraType="link_value" linkType="ref" target="ww_d8508b27d0c42dc2"/>
    </p0826-teimww:isMentionedIn>
    <p0826-teimww:occursIn>
      <p0826-teimww:book knoraType="link_value" linkType="ref" target="ww_a8c8f9a292e6c950"/>
    </p0826-teimww:occursIn>
    <p0826-teimww:wasContributedBy>
      <p0826-teimww:person knoraType="link_value" linkType="ref" target="ww_b604df587d93b768"/>
    </p0826-teimww:wasContributedBy>
  </p0826-teimww:passage>
  <p0826-teimww:passage id="ww_d8508b27d0c42dc2">
    <knoraXmlImport:label>passage</knoraXmlImport:label>
    <p0826-teimww:occursIn>
      <p0826-teimww:book knoraType="link_value" linkType="ref" target="ww_1140c36ab545b6d8"/>
    </p0826-teimww:occursIn>
  </p0826-teimww:passage>
  <p0826-teimww:passage id="ww_9d6e094640bb68d1">
    <knoraXmlImport:label>passage</knoraXmlImport:label>
    <p0826-teimww:contains>
      <p0826-teimww:lexia knoraType="link_value" linkType="ref" target="ww_27cf16a50578f4bb"/>
    </p0826-teimww:contains>
    <p0826-teimww:contains>
      <p0826-teimww:lexia knoraType="link_value" linkType="ref" target="ww_756ac24d79e7a5b8"/>
    </p0826-teimww:contains>
    <p0826-teimww:hasPage knoraType="richtext_value">Act 5, scene 2, lines 152-154.</p0826-teimww:hasPage>
    <p0826-teimww:hasText knoraType="richtext_value">[Bastard:] [...] And you degenerate, you ingrate revolts, &lt;br&gt;
You &lt;span class="quote"&gt;bloody Neroes, ripping up the womb &lt;br&gt;
Of your dear mother &lt;/span&gt;England, blush for shame!</p0826-teimww:hasText>
    <p0826-teimww:isMentionedIn>
      <p0826-teimww:passage knoraType="link_value" linkType="ref" target="ww_740fb1104fbbcb13"/>
    </p0826-teimww:isMentionedIn>
    <p0826-teimww:occursIn>
      <p0826-teimww:book knoraType="link_value" linkType="ref" target="ww_dbb95fa0c476e400"/>
    </p0826-teimww:occursIn>
    <p0826-teimww:wasContributedBy>
      <p0826-teimww:person knoraType="link_value" linkType="ref" target="ww_b604df587d93b768"/>
    </p0826-teimww:wasContributedBy>
  </p0826-teimww:passage>
  <p0826-teimww:passage id="ww_af0664d8dd319416">
    <knoraXmlImport:label>passage</knoraXmlImport:label>
    <p0826-teimww:contains>
      <p0826-teimww:lexia knoraType="link_value" linkType="ref" target="ww_8dc6e2ccb2c055bd"/>
    </p0826-teimww:contains>
    <p0826-teimww:hasPage knoraType="richtext_value">Act 1, scene 3, lines 1-10.</p0826-teimww:hasPage>
    <p0826-teimww:hasText knoraType="richtext_value">[Shylock:] Three thousand ducats, well. &lt;br&gt;
[Bassanio:] &lt;span class="quote"&gt;Ay, sir, for three months&lt;/span&gt;. &lt;br&gt;
[Shylock:]&lt;span class="quote"&gt; For three months, well&lt;/span&gt;. &lt;br&gt;
[Bassanio:] For the which, as I told you, Antonio shall be bound. &lt;br&gt;
[Shylock:] Antonio shall become bound, well. &lt;br&gt;
[Bassanio:] May you stead me? Will you pleasure me?
Shall I know your answer? &lt;br&gt;
[Shylock:] Three thousand ducats for three months, and Antonio bound.</p0826-teimww:hasText>
    <p0826-teimww:isMentionedIn>
      <p0826-teimww:passage knoraType="link_value" linkType="ref" target="ww_8d23c30959297c4d"/>
    </p0826-teimww:isMentionedIn>
    <p0826-teimww:occursIn>
      <p0826-teimww:book knoraType="link_value" linkType="ref" target="ww_aa90313aec1ff25e"/>
    </p0826-teimww:occursIn>
    <p0826-teimww:wasContributedBy>
      <p0826-teimww:person knoraType="link_value" linkType="ref" target="ww_b604df587d93b768"/>
    </p0826-teimww:wasContributedBy>
  </p0826-teimww:passage>
  <p0826-teimww:passage id="ww_8d23c30959297c4d">
    <knoraXmlImport:label>passage</knoraXmlImport:label>
    <p0826-teimww:occursIn>
      <p0826-teimww:book knoraType="link_value" linkType="ref" target="ww_1140c36ab545b6d8"/>
    </p0826-teimww:occursIn>
  </p0826-teimww:passage>
  <p0826-teimww:passage id="ww_9f46277d5aac1943">
    <knoraXmlImport:label>passage</knoraXmlImport:label>
    <p0826-teimww:contains>
      <p0826-teimww:lexia knoraType="link_value" linkType="ref" target="ww_1427770db5cc24dd"/>
    </p0826-teimww:contains>
    <p0826-teimww:hasPage knoraType="richtext_value">Act 3, scene 1, lines 184-215.</p0826-teimww:hasPage>
    <p0826-teimww:hasText knoraType="richtext_value">[Berowne:] And I forsooth in love! I that have been love’s whip, &lt;br&gt;
A very beadle to a humorous sigh, &lt;br&gt;
A critic, nay, a nightwatch constable, &lt;br&gt;
A domineering pedant o’er the boy, &lt;br&gt;
Than whom no mortal so magnificent. &lt;br&gt;
This wimpled, whining, purblind, wayward boy, &lt;br&gt;
This Signior Junior, giant dwarf, Dan Cupid, &lt;br&gt;
Regent of love rhymes, lord of folded arms, &lt;br&gt;
Th’ anointed sovereign of sighs and groans, &lt;br&gt;
Liege of all loiterers and malcontents, &lt;br&gt;
Dread prince of plackets, king of codpieces, &lt;br&gt;
Sole imperator and great general &lt;br&gt;
Of trotting paritors -&lt;span class="quote"&gt; O my little heart! &lt;br&gt;
And I to be a corporal of his field &lt;br&gt;
And wear his colors like a tumbler’s hoop! &lt;br&gt;
What? I love, I sue, I seek a wife? &lt;br&gt;
A woman, that is like a German clock &lt;br&gt;
Still a-repairing, ever out of frame, &lt;br&gt;
And never going aright, being a watch, &lt;br&gt;
But being watched that it may still go right. &lt;br&gt;
Nay, to be perjured, which is worst of all. &lt;br&gt;
And, among three, to love the worst of all, &lt;br&gt;
A whitely wanton with a velvet brow, &lt;br&gt;
With two pitch-balls stuck in her face for eyes. &lt;br&gt;
Ay, and by heaven, one that will do the deed &lt;br&gt;
Though Argus were her eunuch and her guard. &lt;br&gt;
And I to sigh for her, to watch for her, &lt;br&gt;
To pray for her! Go to. It is a plague &lt;br&gt;
That Cupid will impose for my neglect &lt;br&gt;
Of his almighty dreadful little might. &lt;br&gt;
Well, I will love, write, sigh, pray, sue, groan. &lt;br&gt;
Some men must love my lady, and some Joan.&lt;/span&gt;</p0826-teimww:hasText>
    <p0826-teimww:isMentionedIn>
      <p0826-teimww:passage knoraType="link_value" linkType="ref" target="ww_8d23c30959297c4d"/>
    </p0826-teimww:isMentionedIn>
    <p0826-teimww:occursIn>
      <p0826-teimww:book knoraType="link_value" linkType="ref" target="ww_a8c8f9a292e6c950"/>
    </p0826-teimww:occursIn>
    <p0826-teimww:wasContributedBy>
      <p0826-teimww:person knoraType="link_value" linkType="ref" target="ww_b604df587d93b768"/>
    </p0826-teimww:wasContributedBy>
  </p0826-teimww:passage>
  <p0826-teimww:passage id="ww_66b16a7943f832fd">
    <knoraXmlImport:label>passage</knoraXmlImport:label>
    <p0826-teimww:contains>
      <p0826-teimww:lexia knoraType="link_value" linkType="ref" target="ww_75325d203e068997"/>
    </p0826-teimww:contains>
    <p0826-teimww:hasPage knoraType="richtext_value">Act 4, scene 1, lines 130-141.</p0826-teimww:hasPage>
    <p0826-teimww:hasText knoraType="richtext_value">[Gratiano:] O, be thou damned, inexecrable dog,&lt;br&gt;
And for thy life let justice be accused;&lt;br&gt;
Thou almost mak'st me waver in my faith, &lt;br&gt;
To hold opinion with Pythagoras &lt;br&gt;
That souls of animals infuse themselves &lt;br&gt;
Into the trunks of men. Thy currish spirit &lt;br&gt;
&lt;span class="quote"&gt;Governed a wolf who, hanged for human slaughter, &lt;br&gt;
Even from the gallows did his fell soul fleet,&lt;br&gt;
And whilst thou layest in thy unhallowed dam, &lt;br&gt;
Infused itself in thee, for thy desires &lt;br&gt;
Are wolfish, bloody, starved, and ravenous&lt;/span&gt;.</p0826-teimww:hasText>
    <p0826-teimww:isMentionedIn>
      <p0826-teimww:passage knoraType="link_value" linkType="ref" target="ww_ec6c9a58ce5d01db"/>
    </p0826-teimww:isMentionedIn>
    <p0826-teimww:occursIn>
      <p0826-teimww:book knoraType="link_value" linkType="ref" target="ww_aa90313aec1ff25e"/>
    </p0826-teimww:occursIn>
    <p0826-teimww:wasContributedBy>
      <p0826-teimww:person knoraType="link_value" linkType="ref" target="ww_c4063e9c72a3ffd2"/>
    </p0826-teimww:wasContributedBy>
  </p0826-teimww:passage>
  <p0826-teimww:passage id="ww_ec6c9a58ce5d01db">
    <knoraXmlImport:label>passage</knoraXmlImport:label>
    <p0826-teimww:occursIn>
      <p0826-teimww:book knoraType="link_value" linkType="ref" target="ww_1140c36ab545b6d8"/>
    </p0826-teimww:occursIn>
  </p0826-teimww:passage>
  <p0826-teimww:passage id="ww_83754c310c3c2d1a">
    <knoraXmlImport:label>passage</knoraXmlImport:label>
    <p0826-teimww:contains>
      <p0826-teimww:lexia knoraType="link_value" linkType="ref" target="ww_9680aa5fb8506882"/>
    </p0826-teimww:contains>
    <p0826-teimww:hasPage knoraType="richtext_value">Act 3, scene 1, lines 86-98.</p0826-teimww:hasPage>
    <p0826-teimww:hasText knoraType="richtext_value">[Constance:]&lt;span class="quote"&gt; A wicked day, and not a holy day! &lt;/span&gt;&lt;br/&gt;
What hath this day deserved? What hath it done &lt;br/&gt;
That it in golden letters should be set &lt;br/&gt;
Among the high tides in the calendar? &lt;br/&gt;
Nay, rather turn this day out of the week, &lt;br/&gt;
This day of shame, oppression, perjury. &lt;br/&gt;
Or if it must stand still, let wives with child &lt;br/&gt;
Pray that their burdens may not fall this day, &lt;br/&gt;
Lest that their hopes prodigiously be crossed. &lt;br/&gt;
But on this day let seamen fear no wrack; &lt;br/&gt;
No bargains break that are not this day made; &lt;br/&gt;
This day, all things begun come to ill end, &lt;br/&gt;
Yea, faith itself to hollow falsehood change!</p0826-teimww:hasText>
    <p0826-teimww:isMentionedIn>
      <p0826-teimww:passage knoraType="link_value" linkType="ref" target="ww_d9defb7b5869cfe5"/>
    </p0826-teimww:isMentionedIn>
    <p0826-teimww:occursIn>
      <p0826-teimww:book knoraType="link_value" linkType="ref" target="ww_dbb95fa0c476e400"/>
    </p0826-teimww:occursIn>
    <p0826-teimww:wasContributedBy>
      <p0826-teimww:person knoraType="link_value" linkType="ref" target="ww_b604df587d93b768"/>
    </p0826-teimww:wasContributedBy>
  </p0826-teimww:passage>
  <p0826-teimww:passage id="ww_d9defb7b5869cfe5">
    <knoraXmlImport:label>passage</knoraXmlImport:label>
    <p0826-teimww:occursIn>
      <p0826-teimww:book knoraType="link_value" linkType="ref" target="ww_1140c36ab545b6d8"/>
    </p0826-teimww:occursIn>
  </p0826-teimww:passage>
  <p0826-teimww:passage id="ww_33318491690e020c">
    <knoraXmlImport:label>passage</knoraXmlImport:label>
    <p0826-teimww:contains>
      <p0826-teimww:lexia knoraType="link_value" linkType="ref" target="ww_cae071b9c9201b92"/>
    </p0826-teimww:contains>
    <p0826-teimww:hasPage knoraType="richtext_value">Act 2, scene 1, lines 76-77.</p0826-teimww:hasPage>
    <p0826-teimww:hasText knoraType="richtext_value">[Chatillion:] The interruption of their churlish drums &lt;br&gt;
&lt;span class="quote"&gt;Cuts off more circumstance.&lt;/span&gt;</p0826-teimww:hasText>
    <p0826-teimww:isMentionedIn>
      <p0826-teimww:passage knoraType="link_value" linkType="ref" target="ww_3f1f62f44c6f6047"/>
    </p0826-teimww:isMentionedIn>
    <p0826-teimww:occursIn>
      <p0826-teimww:book knoraType="link_value" linkType="ref" target="ww_dbb95fa0c476e400"/>
    </p0826-teimww:occursIn>
    <p0826-teimww:wasContributedBy>
      <p0826-teimww:person knoraType="link_value" linkType="ref" target="ww_b604df587d93b768"/>
    </p0826-teimww:wasContributedBy>
  </p0826-teimww:passage>
  <p0826-teimww:passage id="ww_3f1f62f44c6f6047">
    <knoraXmlImport:label>passage</knoraXmlImport:label>
    <p0826-teimww:occursIn>
      <p0826-teimww:book knoraType="link_value" linkType="ref" target="ww_5eeeb3e78e8b0bc3"/>
    </p0826-teimww:occursIn>
  </p0826-teimww:passage>
  <p0826-teimww:passage id="ww_bf886927abd960ab">
    <knoraXmlImport:label>passage</knoraXmlImport:label>
    <p0826-teimww:contains>
      <p0826-teimww:lexia knoraType="link_value" linkType="ref" target="ww_e7710650cc9f9970"/>
    </p0826-teimww:contains>
    <p0826-teimww:hasPage knoraType="richtext_value">Act 3, scene 2, lines 111-115.</p0826-teimww:hasPage>
    <p0826-teimww:hasText knoraType="richtext_value">[Portia:] How all the other passions fleet to air, &lt;br&gt;
As doubtful thoughts and rash embraced despair,&lt;br&gt;
And shudd'ring fear, and green-eyed jealousy!&lt;br&gt;
&lt;span class="quote"&gt;"O love, be moderate, allay thy ecstasy,&lt;br&gt;
In measure rain thy joy, scant this excess!&lt;/span&gt;</p0826-teimww:hasText>
    <p0826-teimww:isMentionedIn>
      <p0826-teimww:passage knoraType="link_value" linkType="ref" target="ww_2b6b6a1044d3370a"/>
    </p0826-teimww:isMentionedIn>
    <p0826-teimww:occursIn>
      <p0826-teimww:book knoraType="link_value" linkType="ref" target="ww_aa90313aec1ff25e"/>
    </p0826-teimww:occursIn>
    <p0826-teimww:wasContributedBy>
      <p0826-teimww:person knoraType="link_value" linkType="ref" target="ww_c4063e9c72a3ffd2"/>
    </p0826-teimww:wasContributedBy>
  </p0826-teimww:passage>
  <p0826-teimww:passage id="ww_2b6b6a1044d3370a">
    <knoraXmlImport:label>passage</knoraXmlImport:label>
    <p0826-teimww:occursIn>
      <p0826-teimww:book knoraType="link_value" linkType="ref" target="ww_1140c36ab545b6d8"/>
    </p0826-teimww:occursIn>
  </p0826-teimww:passage>
  <p0826-teimww:passage id="ww_1fd41ec9297ef256">
    <knoraXmlImport:label>passage</knoraXmlImport:label>
    <p0826-teimww:contains>
      <p0826-teimww:lexia knoraType="link_value" linkType="ref" target="ww_f4fb39d2e0b8c72e"/>
    </p0826-teimww:contains>
    <p0826-teimww:hasPage knoraType="richtext_value">Act 1, scene 2, lines 12-19.</p0826-teimww:hasPage>
    <p0826-teimww:hasText knoraType="richtext_value">[Portia:] &lt;span class="quote"&gt;If to do were as easy as to know what were good to do, chapels had been churches, and poor men's cottages princes' palaces. It is a good divine that follows his own instructions. I can easier teach twenty what were good to be done than to be one of the twenty to follow mine own teaching. The brain may devise laws for the blood, but a hot temper leaps o'er a cold decree &lt;/span&gt;[...].</p0826-teimww:hasText>
    <p0826-teimww:isMentionedIn>
      <p0826-teimww:passage knoraType="link_value" linkType="ref" target="ww_488f993345cb61b6"/>
    </p0826-teimww:isMentionedIn>
    <p0826-teimww:occursIn>
      <p0826-teimww:book knoraType="link_value" linkType="ref" target="ww_aa90313aec1ff25e"/>
    </p0826-teimww:occursIn>
    <p0826-teimww:wasContributedBy>
      <p0826-teimww:person knoraType="link_value" linkType="ref" target="ww_c4063e9c72a3ffd2"/>
    </p0826-teimww:wasContributedBy>
  </p0826-teimww:passage>
  <p0826-teimww:passage id="ww_488f993345cb61b6">
    <knoraXmlImport:label>passage</knoraXmlImport:label>
    <p0826-teimww:occursIn>
      <p0826-teimww:book knoraType="link_value" linkType="ref" target="ww_1140c36ab545b6d8"/>
    </p0826-teimww:occursIn>
  </p0826-teimww:passage>
  <p0826-teimww:passage id="ww_4509dc7dc35f6cd7">
    <knoraXmlImport:label>passage</knoraXmlImport:label>
    <p0826-teimww:contains>
      <p0826-teimww:lexia knoraType="link_value" linkType="ref" target="ww_aeb5ce7d1362a85a"/>
    </p0826-teimww:contains>
    <p0826-teimww:hasPage knoraType="richtext_value">Act 5, scene 4, lines 102-3.</p0826-teimww:hasPage>
    <p0826-teimww:hasText knoraType="richtext_value">[Prince:] [...] &lt;span class="quote"&gt;Thy ignominy sleep with thee in the grave, &lt;br/&gt;
But not remembered in thy epitaph&lt;/span&gt;.</p0826-teimww:hasText>
    <p0826-teimww:isMentionedIn>
      <p0826-teimww:passage knoraType="link_value" linkType="ref" target="ww_0a3cf2754dfca98f"/>
    </p0826-teimww:isMentionedIn>
    <p0826-teimww:occursIn>
      <p0826-teimww:book knoraType="link_value" linkType="ref" target="ww_56f51ee20f36f654"/>
    </p0826-teimww:occursIn>
    <p0826-teimww:wasContributedBy>
      <p0826-teimww:person knoraType="link_value" linkType="ref" target="ww_b604df587d93b768"/>
    </p0826-teimww:wasContributedBy>
  </p0826-teimww:passage>
  <p0826-teimww:passage id="ww_0a3cf2754dfca98f">
    <knoraXmlImport:label>passage</knoraXmlImport:label>
    <p0826-teimww:occursIn>
      <p0826-teimww:book knoraType="link_value" linkType="ref" target="ww_1140c36ab545b6d8"/>
    </p0826-teimww:occursIn>
  </p0826-teimww:passage>
  <p0826-teimww:passage id="ww_b98dd509c884e60b">
    <knoraXmlImport:label>passage</knoraXmlImport:label>
    <p0826-teimww:contains>
      <p0826-teimww:lexia knoraType="link_value" linkType="ref" target="ww_54b9424df778c421"/>
    </p0826-teimww:contains>
    <p0826-teimww:hasText knoraType="richtext_value">Prince &lt;span class="quote"&gt;Hal&lt;/span&gt;</p0826-teimww:hasText>
    <p0826-teimww:occursIn>
      <p0826-teimww:book knoraType="link_value" linkType="ref" target="ww_56f51ee20f36f654"/>
    </p0826-teimww:occursIn>
    <p0826-teimww:wasContributedBy>
      <p0826-teimww:person knoraType="link_value" linkType="ref" target="ww_c4063e9c72a3ffd2"/>
    </p0826-teimww:wasContributedBy>
  </p0826-teimww:passage>
  <p0826-teimww:passage id="ww_9ee6a0ba2f77728e">
    <knoraXmlImport:label>passage</knoraXmlImport:label>
    <p0826-teimww:contains>
      <p0826-teimww:lexia knoraType="link_value" linkType="ref" target="ww_18630527847585f1"/>
    </p0826-teimww:contains>
    <p0826-teimww:contains>
      <p0826-teimww:lexia knoraType="link_value" linkType="ref" target="ww_115fb09d1fb82eb6"/>
    </p0826-teimww:contains>
    <p0826-teimww:hasPage knoraType="richtext_value">Act 1, scene 2, lines 26-28.</p0826-teimww:hasPage>
    <p0826-teimww:hasText knoraType="richtext_value">[Falstaff:] [...] Let us be &lt;span class="quote"&gt;Diana's foresters,&lt;/span&gt; gentlemen of the shade, minions of the moon [...].</p0826-teimww:hasText>
    <p0826-teimww:isMentionedIn>
      <p0826-teimww:passage knoraType="link_value" linkType="ref" target="ww_49366cbf67a9a0d4"/>
    </p0826-teimww:isMentionedIn>
    <p0826-teimww:occursIn>
      <p0826-teimww:book knoraType="link_value" linkType="ref" target="ww_56f51ee20f36f654"/>
    </p0826-teimww:occursIn>
    <p0826-teimww:wasContributedBy>
      <p0826-teimww:person knoraType="link_value" linkType="ref" target="ww_c4063e9c72a3ffd2"/>
    </p0826-teimww:wasContributedBy>
  </p0826-teimww:passage>
  <p0826-teimww:passage id="ww_49366cbf67a9a0d4">
    <knoraXmlImport:label>passage</knoraXmlImport:label>
    <p0826-teimww:occursIn>
      <p0826-teimww:book knoraType="link_value" linkType="ref" target="ww_1140c36ab545b6d8"/>
    </p0826-teimww:occursIn>
  </p0826-teimww:passage>
  <p0826-teimww:passage id="ww_482348d50b9b8e2f">
    <knoraXmlImport:label>passage</knoraXmlImport:label>
    <p0826-teimww:contains>
      <p0826-teimww:lexia knoraType="link_value" linkType="ref" target="ww_e1c1788436164cdd"/>
    </p0826-teimww:contains>
    <p0826-teimww:hasPage knoraType="richtext_value">Act 1, scene 2, lines 110-111.</p0826-teimww:hasPage>
    <p0826-teimww:hasText knoraType="richtext_value">[Falstaff:] Why, Hal, 'tis my vocation, Hal. &lt;span class="quote"&gt;'Tis no sin for a man to labor in his vocation.&lt;/span&gt;</p0826-teimww:hasText>
    <p0826-teimww:isMentionedIn>
      <p0826-teimww:passage knoraType="link_value" linkType="ref" target="ww_74d7d917e89e871c"/>
    </p0826-teimww:isMentionedIn>
    <p0826-teimww:occursIn>
      <p0826-teimww:book knoraType="link_value" linkType="ref" target="ww_56f51ee20f36f654"/>
    </p0826-teimww:occursIn>
    <p0826-teimww:wasContributedBy>
      <p0826-teimww:person knoraType="link_value" linkType="ref" target="ww_c4063e9c72a3ffd2"/>
    </p0826-teimww:wasContributedBy>
  </p0826-teimww:passage>
  <p0826-teimww:passage id="ww_74d7d917e89e871c">
    <knoraXmlImport:label>passage</knoraXmlImport:label>
    <p0826-teimww:occursIn>
      <p0826-teimww:book knoraType="link_value" linkType="ref" target="ww_67e1fbe9bd0f1b9d"/>
    </p0826-teimww:occursIn>
  </p0826-teimww:passage>
  <p0826-teimww:passage id="ww_935fa51d8b6c0fa7">
    <knoraXmlImport:label>passage</knoraXmlImport:label>
    <p0826-teimww:contains>
      <p0826-teimww:lexia knoraType="link_value" linkType="ref" target="ww_68c9376022778fef"/>
    </p0826-teimww:contains>
    <p0826-teimww:hasPage knoraType="richtext_value">Act 2, scene 4, lines 127-130.</p0826-teimww:hasPage>
    <p0826-teimww:hasText knoraType="richtext_value">[Falstaff:] You rogue, here's lime in this sack too. - There is &lt;span class="quote"&gt;nothing but roguery&lt;/span&gt; to be found in villainous man, yet a coward is worse than a cup of sack with lime in it.</p0826-teimww:hasText>
    <p0826-teimww:isMentionedIn>
      <p0826-teimww:passage knoraType="link_value" linkType="ref" target="ww_4488ed03c9bf637b"/>
    </p0826-teimww:isMentionedIn>
    <p0826-teimww:occursIn>
      <p0826-teimww:book knoraType="link_value" linkType="ref" target="ww_56f51ee20f36f654"/>
    </p0826-teimww:occursIn>
    <p0826-teimww:wasContributedBy>
      <p0826-teimww:person knoraType="link_value" linkType="ref" target="ww_c4063e9c72a3ffd2"/>
    </p0826-teimww:wasContributedBy>
  </p0826-teimww:passage>
  <p0826-teimww:passage id="ww_4488ed03c9bf637b">
    <knoraXmlImport:label>passage</knoraXmlImport:label>
    <p0826-teimww:occursIn>
      <p0826-teimww:book knoraType="link_value" linkType="ref" target="ww_1140c36ab545b6d8"/>
    </p0826-teimww:occursIn>
  </p0826-teimww:passage>
  <p0826-teimww:passage id="ww_898794222f9e7716">
    <knoraXmlImport:label>passage</knoraXmlImport:label>
    <p0826-teimww:contains>
      <p0826-teimww:lexia knoraType="link_value" linkType="ref" target="ww_b415406188a271c1"/>
    </p0826-teimww:contains>
    <p0826-teimww:hasPage knoraType="richtext_value">Act 2, scene 4, lines 462-465.</p0826-teimww:hasPage>
    <p0826-teimww:hasText knoraType="richtext_value">[Prince:] [..] Thou art violently carried away from grace. &lt;span class="quote"&gt;There is a devil haunts thee in the likeness of an old fat man. &lt;/span&gt;</p0826-teimww:hasText>
    <p0826-teimww:isMentionedIn>
      <p0826-teimww:passage knoraType="link_value" linkType="ref" target="ww_f0aa8ede5c650371"/>
    </p0826-teimww:isMentionedIn>
    <p0826-teimww:occursIn>
      <p0826-teimww:book knoraType="link_value" linkType="ref" target="ww_56f51ee20f36f654"/>
    </p0826-teimww:occursIn>
    <p0826-teimww:wasContributedBy>
      <p0826-teimww:person knoraType="link_value" linkType="ref" target="ww_c4063e9c72a3ffd2"/>
    </p0826-teimww:wasContributedBy>
  </p0826-teimww:passage>
  <p0826-teimww:passage id="ww_f0aa8ede5c650371">
    <knoraXmlImport:label>passage</knoraXmlImport:label>
    <p0826-teimww:occursIn>
      <p0826-teimww:book knoraType="link_value" linkType="ref" target="ww_1140c36ab545b6d8"/>
    </p0826-teimww:occursIn>
  </p0826-teimww:passage>
  <p0826-teimww:passage id="ww_36b67296aa274177">
    <knoraXmlImport:label>passage</knoraXmlImport:label>
    <p0826-teimww:contains>
      <p0826-teimww:lexia knoraType="link_value" linkType="ref" target="ww_3d9036ca345c08f4"/>
    </p0826-teimww:contains>
    <p0826-teimww:hasPage knoraType="richtext_value">Act 3, scene 2, lines 52-56.</p0826-teimww:hasPage>
    <p0826-teimww:hasText knoraType="richtext_value">[King:] And then I stole&lt;span class="quote"&gt; all courtesy from heaven&lt;/span&gt;,&lt;br&gt;
And dressed myself in such humility&lt;br&gt;
That I did pluck allegiance from men's hearts,&lt;br&gt;
Loud shouts and salutations from their mouths,&lt;br&gt;
Even in the presence of the crownèd king.</p0826-teimww:hasText>
    <p0826-teimww:isMentionedIn>
      <p0826-teimww:passage knoraType="link_value" linkType="ref" target="ww_e29c499ea98da93e"/>
    </p0826-teimww:isMentionedIn>
    <p0826-teimww:occursIn>
      <p0826-teimww:book knoraType="link_value" linkType="ref" target="ww_56f51ee20f36f654"/>
    </p0826-teimww:occursIn>
    <p0826-teimww:wasContributedBy>
      <p0826-teimww:person knoraType="link_value" linkType="ref" target="ww_c4063e9c72a3ffd2"/>
    </p0826-teimww:wasContributedBy>
  </p0826-teimww:passage>
  <p0826-teimww:passage id="ww_e29c499ea98da93e">
    <knoraXmlImport:label>passage</knoraXmlImport:label>
    <p0826-teimww:occursIn>
      <p0826-teimww:book knoraType="link_value" linkType="ref" target="ww_1140c36ab545b6d8"/>
    </p0826-teimww:occursIn>
  </p0826-teimww:passage>
  <p0826-teimww:passage id="ww_9f36f9161ffca30d">
    <knoraXmlImport:label>passage</knoraXmlImport:label>
    <p0826-teimww:contains>
      <p0826-teimww:lexia knoraType="link_value" linkType="ref" target="ww_75b9fd34618dab66"/>
    </p0826-teimww:contains>
    <p0826-teimww:hasPage knoraType="richtext_value">Act 2, Scene 2, lines 46-49.</p0826-teimww:hasPage>
    <p0826-teimww:hasText knoraType="richtext_value">[Falstaff:] Hang thyself in thine own heir-apparent garters! If I be ta'en, I'll peach for this. An I have not ballads made on you all and&lt;span class="quote"&gt; sung to filthy tunes&lt;/span&gt;, let a cup of sack be my poison [...].</p0826-teimww:hasText>
    <p0826-teimww:isMentionedIn>
      <p0826-teimww:passage knoraType="link_value" linkType="ref" target="ww_5169b52c0d3066ab"/>
    </p0826-teimww:isMentionedIn>
    <p0826-teimww:occursIn>
      <p0826-teimww:book knoraType="link_value" linkType="ref" target="ww_56f51ee20f36f654"/>
    </p0826-teimww:occursIn>
    <p0826-teimww:wasContributedBy>
      <p0826-teimww:person knoraType="link_value" linkType="ref" target="ww_c4063e9c72a3ffd2"/>
    </p0826-teimww:wasContributedBy>
  </p0826-teimww:passage>
  <p0826-teimww:passage id="ww_5169b52c0d3066ab">
    <knoraXmlImport:label>passage</knoraXmlImport:label>
    <p0826-teimww:occursIn>
      <p0826-teimww:book knoraType="link_value" linkType="ref" target="ww_1140c36ab545b6d8"/>
    </p0826-teimww:occursIn>
  </p0826-teimww:passage>
  <p0826-teimww:passage id="ww_402b89cf83dab247">
    <knoraXmlImport:label>passage</knoraXmlImport:label>
    <p0826-teimww:contains>
      <p0826-teimww:lexia knoraType="link_value" linkType="ref" target="ww_72d584d1ac302a1f"/>
    </p0826-teimww:contains>
    <p0826-teimww:hasPage knoraType="richtext_value">Act 1, 2, lines 250-252.</p0826-teimww:hasPage>
    <p0826-teimww:hasText knoraType="richtext_value">[Falstaff:] [...] &lt;span class="quote"&gt;A pox of this gout! Or a gout of this pox, &lt;/span&gt;for the one or the other plays the rogue with my great toe.</p0826-teimww:hasText>
    <p0826-teimww:isMentionedIn>
      <p0826-teimww:passage knoraType="link_value" linkType="ref" target="ww_f599bb42e2dc9302"/>
    </p0826-teimww:isMentionedIn>
    <p0826-teimww:occursIn>
      <p0826-teimww:book knoraType="link_value" linkType="ref" target="ww_663bc260dc952b96"/>
    </p0826-teimww:occursIn>
    <p0826-teimww:wasContributedBy>
      <p0826-teimww:person knoraType="link_value" linkType="ref" target="ww_c4063e9c72a3ffd2"/>
    </p0826-teimww:wasContributedBy>
  </p0826-teimww:passage>
  <p0826-teimww:passage id="ww_f599bb42e2dc9302">
    <knoraXmlImport:label>passage</knoraXmlImport:label>
    <p0826-teimww:occursIn>
      <p0826-teimww:book knoraType="link_value" linkType="ref" target="ww_b5ea9b35c899d367"/>
    </p0826-teimww:occursIn>
  </p0826-teimww:passage>
  <p0826-teimww:passage id="ww_7cc91edde4dd7f10">
    <knoraXmlImport:label>passage</knoraXmlImport:label>
    <p0826-teimww:contains>
      <p0826-teimww:lexia knoraType="link_value" linkType="ref" target="ww_0958b77317122efe"/>
    </p0826-teimww:contains>
    <p0826-teimww:hasPage knoraType="richtext_value">Act 2, scene 3, lines 411-415.</p0826-teimww:hasPage>
    <p0826-teimww:hasText knoraType="richtext_value">[Falstaff as King:] [...] Harry, I do not only marvel where thou spendest thy time, but also how thou art accompanied. For though &lt;span class="quote"&gt;the camomile, the more it is trodden on, the faster it grows, &lt;/span&gt;so youth, the more it is wasted, the sooner it wears.</p0826-teimww:hasText>
    <p0826-teimww:isMentionedIn>
      <p0826-teimww:passage knoraType="link_value" linkType="ref" target="ww_fc5932c200f3e539"/>
    </p0826-teimww:isMentionedIn>
    <p0826-teimww:occursIn>
      <p0826-teimww:book knoraType="link_value" linkType="ref" target="ww_56f51ee20f36f654"/>
    </p0826-teimww:occursIn>
    <p0826-teimww:wasContributedBy>
      <p0826-teimww:person knoraType="link_value" linkType="ref" target="ww_c4063e9c72a3ffd2"/>
    </p0826-teimww:wasContributedBy>
  </p0826-teimww:passage>
  <p0826-teimww:passage id="ww_fc5932c200f3e539">
    <knoraXmlImport:label>passage</knoraXmlImport:label>
    <p0826-teimww:occursIn>
      <p0826-teimww:book knoraType="link_value" linkType="ref" target="ww_67e1fbe9bd0f1b9d"/>
    </p0826-teimww:occursIn>
  </p0826-teimww:passage>
  <p0826-teimww:passage id="ww_f9eede846011abe8">
    <knoraXmlImport:label>passage</knoraXmlImport:label>
    <p0826-teimww:contains>
      <p0826-teimww:lexia knoraType="link_value" linkType="ref" target="ww_ed1de0858125259b"/>
    </p0826-teimww:contains>
    <p0826-teimww:hasPage knoraType="richtext_value">Act 1, scene 3, lines 54-66.</p0826-teimww:hasPage>
    <p0826-teimww:hasText knoraType="richtext_value">[Hotspur:] [...] he made me mad&lt;br&gt;
To see him shine so brisk and smell so sweet	&lt;br&gt;
And talk so like a waiting-gentlewoman&lt;br&gt;
Of guns, and drums, and wounds - God save the
mark! -&lt;br&gt;
And telling me the sovereignest thing on Earth&lt;br&gt;
Was parmacety for an inward bruise,	&lt;br&gt;
And that it was great pity, so it was,&lt;br&gt;
This villainous saltpeter should be digged&lt;br&gt;
Out of &lt;span class="quote"&gt;the bowels of the harmless Earth,&lt;br&gt;&lt;/span&gt;
Which many a good tall fellow had destroyed&lt;br&gt;
So cowardly, and but for these vile guns&lt;br&gt;
He would himself have been a soldier.</p0826-teimww:hasText>
    <p0826-teimww:isMentionedIn>
      <p0826-teimww:passage knoraType="link_value" linkType="ref" target="ww_0b8468a530dc8125"/>
    </p0826-teimww:isMentionedIn>
    <p0826-teimww:occursIn>
      <p0826-teimww:book knoraType="link_value" linkType="ref" target="ww_56f51ee20f36f654"/>
    </p0826-teimww:occursIn>
    <p0826-teimww:wasContributedBy>
      <p0826-teimww:person knoraType="link_value" linkType="ref" target="ww_c4063e9c72a3ffd2"/>
    </p0826-teimww:wasContributedBy>
  </p0826-teimww:passage>
  <p0826-teimww:passage id="ww_0b8468a530dc8125">
    <knoraXmlImport:label>passage</knoraXmlImport:label>
    <p0826-teimww:occursIn>
      <p0826-teimww:book knoraType="link_value" linkType="ref" target="ww_bcc975a9199bde49"/>
    </p0826-teimww:occursIn>
  </p0826-teimww:passage>
  <p0826-teimww:passage id="ww_a57cd2f420b1a9a9">
    <knoraXmlImport:label>passage</knoraXmlImport:label>
    <p0826-teimww:contains>
      <p0826-teimww:lexia knoraType="link_value" linkType="ref" target="ww_6e8e976c1c1538fa"/>
    </p0826-teimww:contains>
    <p0826-teimww:hasPage knoraType="richtext_value">Act 2, scene 3, lines 115-117.</p0826-teimww:hasPage>
    <p0826-teimww:hasText knoraType="richtext_value">[Hotspur:] [...] &lt;span class="quote"&gt;and for secrecy &lt;br&gt;
No lady closer, for I well believe &lt;br&gt;
Thou wilt not utter what thou dost not know&lt;/span&gt; [...].</p0826-teimww:hasText>
    <p0826-teimww:isMentionedIn>
      <p0826-teimww:passage knoraType="link_value" linkType="ref" target="ww_dc046a6569c1baeb"/>
    </p0826-teimww:isMentionedIn>
    <p0826-teimww:occursIn>
      <p0826-teimww:book knoraType="link_value" linkType="ref" target="ww_56f51ee20f36f654"/>
    </p0826-teimww:occursIn>
    <p0826-teimww:wasContributedBy>
      <p0826-teimww:person knoraType="link_value" linkType="ref" target="ww_b604df587d93b768"/>
    </p0826-teimww:wasContributedBy>
  </p0826-teimww:passage>
  <p0826-teimww:passage id="ww_dc046a6569c1baeb">
    <knoraXmlImport:label>passage</knoraXmlImport:label>
    <p0826-teimww:occursIn>
      <p0826-teimww:book knoraType="link_value" linkType="ref" target="ww_1140c36ab545b6d8"/>
    </p0826-teimww:occursIn>
  </p0826-teimww:passage>
  <p0826-teimww:passage id="ww_59eff80d86bc04bf">
    <knoraXmlImport:label>passage</knoraXmlImport:label>
    <p0826-teimww:contains>
      <p0826-teimww:lexia knoraType="link_value" linkType="ref" target="ww_c00b748bca67ff57"/>
    </p0826-teimww:contains>
    <p0826-teimww:hasPage knoraType="richtext_value">Act 1, scene 1, lines 253-254.</p0826-teimww:hasPage>
    <p0826-teimww:hasText knoraType="richtext_value">[Shallow:] [...] &lt;span class="quote"&gt;Would I were young&lt;/span&gt; for your sake, Mistress Anne.</p0826-teimww:hasText>
    <p0826-teimww:isMentionedIn>
      <p0826-teimww:passage knoraType="link_value" linkType="ref" target="ww_02170417650b1b8c"/>
    </p0826-teimww:isMentionedIn>
    <p0826-teimww:occursIn>
      <p0826-teimww:book knoraType="link_value" linkType="ref" target="ww_5196ea0769532431"/>
    </p0826-teimww:occursIn>
    <p0826-teimww:wasContributedBy>
      <p0826-teimww:person knoraType="link_value" linkType="ref" target="ww_b604df587d93b768"/>
    </p0826-teimww:wasContributedBy>
  </p0826-teimww:passage>
  <p0826-teimww:passage id="ww_02170417650b1b8c">
    <knoraXmlImport:label>passage</knoraXmlImport:label>
    <p0826-teimww:occursIn>
      <p0826-teimww:book knoraType="link_value" linkType="ref" target="ww_1140c36ab545b6d8"/>
    </p0826-teimww:occursIn>
  </p0826-teimww:passage>
  <p0826-teimww:passage id="ww_4bc6d16f2af4c678">
    <knoraXmlImport:label>passage</knoraXmlImport:label>
    <p0826-teimww:contains>
      <p0826-teimww:lexia knoraType="link_value" linkType="ref" target="ww_ae3c20908a944e32"/>
    </p0826-teimww:contains>
    <p0826-teimww:hasPage knoraType="richtext_value">Act 2, scene 4, lines 278-279.</p0826-teimww:hasPage>
    <p0826-teimww:hasText knoraType="richtext_value">[Falstaff:] [...] &lt;span class="quote"&gt;I knew you as well as he that made you.&lt;/span&gt;</p0826-teimww:hasText>
    <p0826-teimww:isMentionedIn>
      <p0826-teimww:passage knoraType="link_value" linkType="ref" target="ww_7b1dc1a6e25d08d7"/>
    </p0826-teimww:isMentionedIn>
    <p0826-teimww:occursIn>
      <p0826-teimww:book knoraType="link_value" linkType="ref" target="ww_56f51ee20f36f654"/>
    </p0826-teimww:occursIn>
    <p0826-teimww:wasContributedBy>
      <p0826-teimww:person knoraType="link_value" linkType="ref" target="ww_b604df587d93b768"/>
    </p0826-teimww:wasContributedBy>
  </p0826-teimww:passage>
  <p0826-teimww:passage id="ww_7b1dc1a6e25d08d7">
    <knoraXmlImport:label>passage</knoraXmlImport:label>
    <p0826-teimww:occursIn>
      <p0826-teimww:book knoraType="link_value" linkType="ref" target="ww_1140c36ab545b6d8"/>
    </p0826-teimww:occursIn>
  </p0826-teimww:passage>
  <p0826-teimww:passage id="ww_bd08182f8409052c">
    <knoraXmlImport:label>passage</knoraXmlImport:label>
    <p0826-teimww:contains>
      <p0826-teimww:lexia knoraType="link_value" linkType="ref" target="ww_2d7d2203273f6a9e"/>
    </p0826-teimww:contains>
    <p0826-teimww:hasPage knoraType="richtext_value">Act 3, scene 3, lines 15-21.</p0826-teimww:hasPage>
    <p0826-teimww:hasText knoraType="richtext_value">[Falstaff:] [...] &lt;span class="quote"&gt;I was as virtuously given as a gentleman need to be, virtuous enough: swore little; diced not above seven times - a week; went to a bawdy house not above once in a quarter - of an hour; paid money that I borrowed - three or four times; lived well and in good compass; and now I live out of all order, out of all compass.&lt;/span&gt;</p0826-teimww:hasText>
    <p0826-teimww:isMentionedIn>
      <p0826-teimww:passage knoraType="link_value" linkType="ref" target="ww_b00a9cb39c30bf65"/>
    </p0826-teimww:isMentionedIn>
    <p0826-teimww:occursIn>
      <p0826-teimww:book knoraType="link_value" linkType="ref" target="ww_56f51ee20f36f654"/>
    </p0826-teimww:occursIn>
    <p0826-teimww:wasContributedBy>
      <p0826-teimww:person knoraType="link_value" linkType="ref" target="ww_b604df587d93b768"/>
    </p0826-teimww:wasContributedBy>
  </p0826-teimww:passage>
  <p0826-teimww:passage id="ww_b00a9cb39c30bf65">
    <knoraXmlImport:label>passage</knoraXmlImport:label>
    <p0826-teimww:occursIn>
      <p0826-teimww:book knoraType="link_value" linkType="ref" target="ww_1140c36ab545b6d8"/>
    </p0826-teimww:occursIn>
  </p0826-teimww:passage>
  <p0826-teimww:passage id="ww_9323dca72376a7bf">
    <knoraXmlImport:label>passage</knoraXmlImport:label>
    <p0826-teimww:contains>
      <p0826-teimww:lexia knoraType="link_value" linkType="ref" target="ww_db22d59143708215"/>
    </p0826-teimww:contains>
    <p0826-teimww:hasPage knoraType="richtext_value">Act 2, scene 3, line 98-99.</p0826-teimww:hasPage>
    <p0826-teimww:hasText knoraType="richtext_value">[Hotspur:] [...] &lt;span class="quote"&gt;We must have bloody noses and cracked crowns,&lt;/span&gt; &lt;br&gt;
And pass them current too.</p0826-teimww:hasText>
    <p0826-teimww:isMentionedIn>
      <p0826-teimww:passage knoraType="link_value" linkType="ref" target="ww_5beabfe7632d921f"/>
    </p0826-teimww:isMentionedIn>
    <p0826-teimww:occursIn>
      <p0826-teimww:book knoraType="link_value" linkType="ref" target="ww_56f51ee20f36f654"/>
    </p0826-teimww:occursIn>
    <p0826-teimww:wasContributedBy>
      <p0826-teimww:person knoraType="link_value" linkType="ref" target="ww_b604df587d93b768"/>
    </p0826-teimww:wasContributedBy>
  </p0826-teimww:passage>
  <p0826-teimww:passage id="ww_5beabfe7632d921f">
    <knoraXmlImport:label>passage</knoraXmlImport:label>
    <p0826-teimww:occursIn>
      <p0826-teimww:book knoraType="link_value" linkType="ref" target="ww_1140c36ab545b6d8"/>
    </p0826-teimww:occursIn>
  </p0826-teimww:passage>
  <p0826-teimww:passage id="ww_0397425b69f2edd6">
    <knoraXmlImport:label>passage</knoraXmlImport:label>
    <p0826-teimww:contains>
      <p0826-teimww:lexia knoraType="link_value" linkType="ref" target="ww_7cdabd44d4489a37"/>
    </p0826-teimww:contains>
    <p0826-teimww:hasPage knoraType="richtext_value">Act 1, scene 3, lines 51-52.</p0826-teimww:hasPage>
    <p0826-teimww:hasText knoraType="richtext_value">[Falstaff:] Now, the report goes, she has all the rule of her husband's purse. &lt;span class="quote"&gt;He hath a legion of angels.&lt;/span&gt;</p0826-teimww:hasText>
    <p0826-teimww:isMentionedIn>
      <p0826-teimww:passage knoraType="link_value" linkType="ref" target="ww_09aa9895aaf6435b"/>
    </p0826-teimww:isMentionedIn>
    <p0826-teimww:occursIn>
      <p0826-teimww:book knoraType="link_value" linkType="ref" target="ww_5196ea0769532431"/>
    </p0826-teimww:occursIn>
    <p0826-teimww:wasContributedBy>
      <p0826-teimww:person knoraType="link_value" linkType="ref" target="ww_c4063e9c72a3ffd2"/>
    </p0826-teimww:wasContributedBy>
  </p0826-teimww:passage>
  <p0826-teimww:passage id="ww_09aa9895aaf6435b">
    <knoraXmlImport:label>passage</knoraXmlImport:label>
    <p0826-teimww:occursIn>
      <p0826-teimww:book knoraType="link_value" linkType="ref" target="ww_0f0f2ccb24fa3b96"/>
    </p0826-teimww:occursIn>
  </p0826-teimww:passage>
  <p0826-teimww:passage id="ww_a2865a20b58faf5e">
    <knoraXmlImport:label>passage</knoraXmlImport:label>
    <p0826-teimww:contains>
      <p0826-teimww:lexia knoraType="link_value" linkType="ref" target="ww_5e09487fe51ab91a"/>
    </p0826-teimww:contains>
    <p0826-teimww:hasPage knoraType="richtext_value">N.p. (just before line 400) [normalised spelling].</p0826-teimww:hasPage>
    <p0826-teimww:hasPageHist knoraType="richtext_value">N.p. (just before line 400)</p0826-teimww:hasPageHist>
    <p0826-teimww:hasText knoraType="richtext_value">[Lemot:] &lt;span class="quote"&gt;You must put on rich apparel, fair daintily, hear music, read Sonnets be continually courted, kiss, dance, feast, revel all night amongst gallants, &lt;/span&gt;then if you come to bed to your husband with a clear mind [...]</p0826-teimww:hasText>
    <p0826-teimww:hasTextHist knoraType="richtext_value">[Lemot:] You must put on rich apparrell, fare daintily, heare musique, reade Sonetes be continually courted, kisse, daunce, feast, reuell all night amongst gallants, then if you come to bed to your husband with a cleere minde</p0826-teimww:hasTextHist>
    <p0826-teimww:isMentionedIn>
      <p0826-teimww:passage knoraType="link_value" linkType="ref" target="ww_8232eb27f7be6a6c"/>
    </p0826-teimww:isMentionedIn>
    <p0826-teimww:occursIn>
      <p0826-teimww:book knoraType="link_value" linkType="ref" target="ww_ac906654199b4d49"/>
    </p0826-teimww:occursIn>
    <p0826-teimww:wasContributedBy>
      <p0826-teimww:person knoraType="link_value" linkType="ref" target="ww_7f35f6802efd910d"/>
    </p0826-teimww:wasContributedBy>
  </p0826-teimww:passage>
  <p0826-teimww:passage id="ww_8232eb27f7be6a6c">
    <knoraXmlImport:label>passage</knoraXmlImport:label>
    <p0826-teimww:occursIn>
      <p0826-teimww:book knoraType="link_value" linkType="ref" target="ww_e81f44945dfa651c"/>
    </p0826-teimww:occursIn>
  </p0826-teimww:passage>
  <p0826-teimww:passage id="ww_3db58f95582e30b5">
    <knoraXmlImport:label>passage</knoraXmlImport:label>
    <p0826-teimww:contains>
      <p0826-teimww:lexia knoraType="link_value" linkType="ref" target="ww_265eb46312dc184f"/>
    </p0826-teimww:contains>
    <p0826-teimww:hasPage knoraType="richtext_value">Act 5, scene 3, line 101.</p0826-teimww:hasPage>
    <p0826-teimww:hasText knoraType="richtext_value">[Falstaff:] &lt;span class="quote"&gt;O base Assyrian knight&lt;/span&gt; [...].</p0826-teimww:hasText>
    <p0826-teimww:isMentionedIn>
      <p0826-teimww:passage knoraType="link_value" linkType="ref" target="ww_0540abbd50a79d68"/>
    </p0826-teimww:isMentionedIn>
    <p0826-teimww:occursIn>
      <p0826-teimww:book knoraType="link_value" linkType="ref" target="ww_663bc260dc952b96"/>
    </p0826-teimww:occursIn>
    <p0826-teimww:wasContributedBy>
      <p0826-teimww:person knoraType="link_value" linkType="ref" target="ww_b604df587d93b768"/>
    </p0826-teimww:wasContributedBy>
  </p0826-teimww:passage>
  <p0826-teimww:passage id="ww_0540abbd50a79d68">
    <knoraXmlImport:label>passage</knoraXmlImport:label>
    <p0826-teimww:occursIn>
      <p0826-teimww:book knoraType="link_value" linkType="ref" target="ww_e256bd14313d2841"/>
    </p0826-teimww:occursIn>
  </p0826-teimww:passage>
  <p0826-teimww:passage id="ww_3bda17defe73eee1">
    <knoraXmlImport:label>passage</knoraXmlImport:label>
    <p0826-teimww:contains>
      <p0826-teimww:lexia knoraType="link_value" linkType="ref" target="ww_9468850317af9b8c"/>
    </p0826-teimww:contains>
    <p0826-teimww:hasPage knoraType="richtext_value">Prologue, lines 20-22.</p0826-teimww:hasPage>
    <p0826-teimww:hasText knoraType="richtext_value">[Chorus:] […] &lt;span class="quote"&gt;Suppose within the girdle of these walls &lt;br/&gt;
Are now confined two mighty monarchies, &lt;/span&gt;&lt;br/&gt;
Whose high uprearèd and abutting fronts [...].</p0826-teimww:hasText>
    <p0826-teimww:isMentionedIn>
      <p0826-teimww:passage knoraType="link_value" linkType="ref" target="ww_0540abbd50a79d68"/>
    </p0826-teimww:isMentionedIn>
    <p0826-teimww:occursIn>
      <p0826-teimww:book knoraType="link_value" linkType="ref" target="ww_663bc260dc952b96"/>
    </p0826-teimww:occursIn>
    <p0826-teimww:wasContributedBy>
      <p0826-teimww:person knoraType="link_value" linkType="ref" target="ww_b604df587d93b768"/>
    </p0826-teimww:wasContributedBy>
  </p0826-teimww:passage>
  <p0826-teimww:passage id="ww_44cdd6015983a842">
    <knoraXmlImport:label>passage</knoraXmlImport:label>
    <p0826-teimww:contains>
      <p0826-teimww:lexia knoraType="link_value" linkType="ref" target="ww_3f596470145c5773"/>
    </p0826-teimww:contains>
    <p0826-teimww:hasPage knoraType="richtext_value">Act 5, scene 3, lines 36-39.</p0826-teimww:hasPage>
    <p0826-teimww:hasText knoraType="richtext_value">[Falstaff:] [...] God keep lead out of me; I need no more weight than mine own bowels. I have led my ragamuffins where they are peppered. &lt;span class="quote"&gt;There's not three of my hundred and fifty left alive, and they are for the town's end, to beg during life.&lt;/span&gt; But who comes here?</p0826-teimww:hasText>
    <p0826-teimww:isMentionedIn>
      <p0826-teimww:passage knoraType="link_value" linkType="ref" target="ww_365352d4fe0ba4d8"/>
    </p0826-teimww:isMentionedIn>
    <p0826-teimww:occursIn>
      <p0826-teimww:book knoraType="link_value" linkType="ref" target="ww_56f51ee20f36f654"/>
    </p0826-teimww:occursIn>
    <p0826-teimww:wasContributedBy>
      <p0826-teimww:person knoraType="link_value" linkType="ref" target="ww_c4063e9c72a3ffd2"/>
    </p0826-teimww:wasContributedBy>
  </p0826-teimww:passage>
  <p0826-teimww:passage id="ww_365352d4fe0ba4d8">
    <knoraXmlImport:label>passage</knoraXmlImport:label>
    <p0826-teimww:occursIn>
      <p0826-teimww:book knoraType="link_value" linkType="ref" target="ww_1140c36ab545b6d8"/>
    </p0826-teimww:occursIn>
  </p0826-teimww:passage>
  <p0826-teimww:passage id="ww_d463327587df5e62">
    <knoraXmlImport:label>passage</knoraXmlImport:label>
    <p0826-teimww:contains>
      <p0826-teimww:lexia knoraType="link_value" linkType="ref" target="ww_231dc3d606cf34f5"/>
    </p0826-teimww:contains>
    <p0826-teimww:hasPage knoraType="richtext_value">Act 2, scene 4, lines 130-133.</p0826-teimww:hasPage>
    <p0826-teimww:hasText knoraType="richtext_value">[Falstaff:] Go thy ways, old Jack. Die when thou wilt. If &lt;span class="quote"&gt;manhood, good manhood,&lt;/span&gt; be not forgot upon the face of the Earth, then am I a shotten herring.</p0826-teimww:hasText>
    <p0826-teimww:isMentionedIn>
      <p0826-teimww:passage knoraType="link_value" linkType="ref" target="ww_c827d909d8143db6"/>
    </p0826-teimww:isMentionedIn>
    <p0826-teimww:occursIn>
      <p0826-teimww:book knoraType="link_value" linkType="ref" target="ww_56f51ee20f36f654"/>
    </p0826-teimww:occursIn>
    <p0826-teimww:wasContributedBy>
      <p0826-teimww:person knoraType="link_value" linkType="ref" target="ww_b604df587d93b768"/>
    </p0826-teimww:wasContributedBy>
  </p0826-teimww:passage>
  <p0826-teimww:passage id="ww_8fe050e9575cdf5f">
    <knoraXmlImport:label>passage</knoraXmlImport:label>
    <p0826-teimww:contains>
      <p0826-teimww:lexia knoraType="link_value" linkType="ref" target="ww_df1d986345dc16be"/>
    </p0826-teimww:contains>
    <p0826-teimww:hasPage knoraType="richtext_value">Act 2, scene 4, lines 254-255.</p0826-teimww:hasPage>
    <p0826-teimww:hasText knoraType="richtext_value">[Falstaff:] 'Sblood, you starveling, you elfskin, &lt;span class="quote"&gt;you dried neat's tongue,&lt;/span&gt; you bull's pizzle, you stockfish! </p0826-teimww:hasText>
    <p0826-teimww:isMentionedIn>
      <p0826-teimww:passage knoraType="link_value" linkType="ref" target="ww_c0eb0392ea339754"/>
    </p0826-teimww:isMentionedIn>
    <p0826-teimww:occursIn>
      <p0826-teimww:book knoraType="link_value" linkType="ref" target="ww_56f51ee20f36f654"/>
    </p0826-teimww:occursIn>
    <p0826-teimww:wasContributedBy>
      <p0826-teimww:person knoraType="link_value" linkType="ref" target="ww_c4063e9c72a3ffd2"/>
    </p0826-teimww:wasContributedBy>
  </p0826-teimww:passage>
  <p0826-teimww:passage id="ww_c0eb0392ea339754">
    <knoraXmlImport:label>passage</knoraXmlImport:label>
    <p0826-teimww:occursIn>
      <p0826-teimww:book knoraType="link_value" linkType="ref" target="ww_b5ea9b35c899d367"/>
    </p0826-teimww:occursIn>
  </p0826-teimww:passage>
  <p0826-teimww:passage id="ww_92e626014abae9e9">
    <knoraXmlImport:label>passage</knoraXmlImport:label>
    <p0826-teimww:contains>
      <p0826-teimww:lexia knoraType="link_value" linkType="ref" target="ww_fe6b1c964b66dcd7"/>
    </p0826-teimww:contains>
    <p0826-teimww:hasPage knoraType="richtext_value">Act 2, scene 4, lines 278-286.</p0826-teimww:hasPage>
    <p0826-teimww:hasText knoraType="richtext_value">[Falstaff:] By the Lord, I knew you as well as he that made you. Why, hear you, my masters, was it for me to kill the heir apparent? Should I turn upon the true prince? Why, thou knowest I am as valiant as Hercules, but beware instinct.&lt;span class="quote"&gt; The lion will not touch the true prince. The lion will not touch the true prince.&lt;/span&gt; Instinct is a great matter. I was now a coward on instinct. I shall think the better of myself, and thee, during my life - I for a valiant lion, and thou for a true prince. </p0826-teimww:hasText>
    <p0826-teimww:isMentionedIn>
      <p0826-teimww:passage knoraType="link_value" linkType="ref" target="ww_ab524c29b29e2cd9"/>
    </p0826-teimww:isMentionedIn>
    <p0826-teimww:occursIn>
      <p0826-teimww:book knoraType="link_value" linkType="ref" target="ww_56f51ee20f36f654"/>
    </p0826-teimww:occursIn>
    <p0826-teimww:wasContributedBy>
      <p0826-teimww:person knoraType="link_value" linkType="ref" target="ww_c4063e9c72a3ffd2"/>
    </p0826-teimww:wasContributedBy>
  </p0826-teimww:passage>
  <p0826-teimww:passage id="ww_ab524c29b29e2cd9">
    <knoraXmlImport:label>passage</knoraXmlImport:label>
    <p0826-teimww:occursIn>
      <p0826-teimww:book knoraType="link_value" linkType="ref" target="ww_1140c36ab545b6d8"/>
    </p0826-teimww:occursIn>
  </p0826-teimww:passage>
  <p0826-teimww:passage id="ww_123fe5af583a95c9">
    <knoraXmlImport:label>passage</knoraXmlImport:label>
    <p0826-teimww:contains>
      <p0826-teimww:lexia knoraType="link_value" linkType="ref" target="ww_c225dc1acc56fe12"/>
    </p0826-teimww:contains>
    <p0826-teimww:hasPage knoraType="richtext_value">Act 3, scene 1, lines 102-104.</p0826-teimww:hasPage>
    <p0826-teimww:hasText knoraType="richtext_value">[Hotspur:] [...] See how &lt;span class="quote"&gt;this river comes me cranking in &lt;br&gt;&lt;/span&gt;
And cuts me from the best of all my land &lt;br&gt;
A huge half-moon, a monstrous cantle out. </p0826-teimww:hasText>
    <p0826-teimww:isMentionedIn>
      <p0826-teimww:passage knoraType="link_value" linkType="ref" target="ww_94a887c1ec173030"/>
    </p0826-teimww:isMentionedIn>
    <p0826-teimww:occursIn>
      <p0826-teimww:book knoraType="link_value" linkType="ref" target="ww_56f51ee20f36f654"/>
    </p0826-teimww:occursIn>
    <p0826-teimww:wasContributedBy>
      <p0826-teimww:person knoraType="link_value" linkType="ref" target="ww_c4063e9c72a3ffd2"/>
    </p0826-teimww:wasContributedBy>
  </p0826-teimww:passage>
  <p0826-teimww:passage id="ww_94a887c1ec173030">
    <knoraXmlImport:label>passage</knoraXmlImport:label>
    <p0826-teimww:occursIn>
      <p0826-teimww:book knoraType="link_value" linkType="ref" target="ww_1140c36ab545b6d8"/>
    </p0826-teimww:occursIn>
  </p0826-teimww:passage>
  <p0826-teimww:passage id="ww_61af1c109fa42e8a">
    <knoraXmlImport:label>passage</knoraXmlImport:label>
    <p0826-teimww:contains>
      <p0826-teimww:lexia knoraType="link_value" linkType="ref" target="ww_9dbccb44296a95e9"/>
    </p0826-teimww:contains>
    <p0826-teimww:hasPage knoraType="richtext_value">Act 5, scene 1, lines 155-161.</p0826-teimww:hasPage>
    <p0826-teimww:hasText knoraType="richtext_value">[Leonato:] [...] For, brother, men &lt;br&gt;
Can counsel and speak comfort to that grief&lt;br&gt;
Which they themselves not feel, but tasting it,&lt;br&gt;
Their counsel turns to passion, which before&lt;br&gt;
Would give preceptial med'cine to rage,&lt;br&gt;
Fetter strong madness in a silken thread,&lt;br&gt;
Charm ache with air and agony with words. </p0826-teimww:hasText>
    <p0826-teimww:isMentionedIn>
      <p0826-teimww:passage knoraType="link_value" linkType="ref" target="ww_2b96ebe12b93af37"/>
    </p0826-teimww:isMentionedIn>
    <p0826-teimww:occursIn>
      <p0826-teimww:book knoraType="link_value" linkType="ref" target="ww_a8549c12c9507c4b"/>
    </p0826-teimww:occursIn>
    <p0826-teimww:wasContributedBy>
      <p0826-teimww:person knoraType="link_value" linkType="ref" target="ww_c4063e9c72a3ffd2"/>
    </p0826-teimww:wasContributedBy>
  </p0826-teimww:passage>
  <p0826-teimww:passage id="ww_2b96ebe12b93af37">
    <knoraXmlImport:label>passage</knoraXmlImport:label>
    <p0826-teimww:occursIn>
      <p0826-teimww:book knoraType="link_value" linkType="ref" target="ww_1140c36ab545b6d8"/>
    </p0826-teimww:occursIn>
  </p0826-teimww:passage>
  <p0826-teimww:passage id="ww_b96bce01b6165ecb">
    <knoraXmlImport:label>passage</knoraXmlImport:label>
    <p0826-teimww:contains>
      <p0826-teimww:lexia knoraType="link_value" linkType="ref" target="ww_cb40115000917e89"/>
    </p0826-teimww:contains>
    <p0826-teimww:hasText knoraType="richtext_value">&lt;i&gt;Juggling Opinion, thou enchanting witch,&lt;br&gt;
&lt;span class="quote"&gt;paint not a rotten post with colours rich.&lt;/span&gt;&lt;/i&gt;</p0826-teimww:hasText>
    <p0826-teimww:hasTextHist knoraType="richtext_value">&lt;i&gt;Jugling Opinion, thou enchaunting witch,&lt;br&gt;
paint not a rotten post with colours rich.&lt;/i&gt;</p0826-teimww:hasTextHist>
    <p0826-teimww:isMentionedIn>
      <p0826-teimww:passage knoraType="link_value" linkType="ref" target="ww_0dcfc31df4777d5c"/>
    </p0826-teimww:isMentionedIn>
    <p0826-teimww:occursIn>
      <p0826-teimww:book knoraType="link_value" linkType="ref" target="ww_131d2042080b33a4"/>
    </p0826-teimww:occursIn>
    <p0826-teimww:wasContributedBy>
      <p0826-teimww:person knoraType="link_value" linkType="ref" target="ww_c4063e9c72a3ffd2"/>
    </p0826-teimww:wasContributedBy>
  </p0826-teimww:passage>
  <p0826-teimww:passage id="ww_0dcfc31df4777d5c">
    <knoraXmlImport:label>passage</knoraXmlImport:label>
    <p0826-teimww:occursIn>
      <p0826-teimww:book knoraType="link_value" linkType="ref" target="ww_5eeeb3e78e8b0bc3"/>
    </p0826-teimww:occursIn>
  </p0826-teimww:passage>
  <p0826-teimww:passage id="ww_deb4a860f61ddeae">
    <knoraXmlImport:label>passage</knoraXmlImport:label>
    <p0826-teimww:contains>
      <p0826-teimww:lexia knoraType="link_value" linkType="ref" target="ww_41e7f30b15f4ee5a"/>
    </p0826-teimww:contains>
    <p0826-teimww:hasPage knoraType="richtext_value">N.p.; lines 1780-1813 [normalised spelling].</p0826-teimww:hasPage>
    <p0826-teimww:hasPageHist knoraType="richtext_value">N.p.; lines 1780-1813.</p0826-teimww:hasPageHist>
    <p0826-teimww:hasText knoraType="richtext_value">[Mathea:] &lt;span class="quote"&gt;Who's there below? &lt;br&gt;&lt;/span&gt;
[Walgrave:]  &lt;span class="quote"&gt;Thy Ned, kind Ned , thine honest trusty Ned. &lt;br&gt;&lt;/span&gt;
[...] &lt;br&gt;
&lt;I&gt; Enter above Marina &lt;/I&gt; &lt;br&gt;
[Marina:] &lt;span class="quote"&gt;Who speak you to? Mathea who's below? &lt;/span&gt;&lt;br&gt;
&lt;I&gt; Enter Laurentia &lt;/I&gt; &lt;br&gt; [Laurentia:] 
&lt;span class="quote"&gt;Speak sister Matt, is not my true love there? &lt;/span&gt;</p0826-teimww:hasText>
    <p0826-teimww:hasTextHist knoraType="richtext_value">[Mathea:] &lt;span class="quote"&gt;VVho's there below? &lt;br&gt;&lt;/span&gt;
[Walgrave:]  &lt;span class="quote"&gt;Thy Ned , kind Ned , thine honest trusty Ned. &lt;br&gt;&lt;/span&gt;
[...] &lt;br&gt;
&lt;I&gt; Enter above Marina &lt;/I&gt; &lt;br&gt;
[Marina:] &lt;span class="quote"&gt;Who speak you to? Mathea who's below? &lt;/span&gt;&lt;br&gt;
&lt;I&gt; Enter Laurentia &lt;/I&gt; &lt;br&gt; [Laurentia:] 
&lt;span class="quote"&gt;Speak sister Matt, is not my true love there? &lt;/span&gt;</p0826-teimww:hasTextHist>
    <p0826-teimww:occursIn>
      <p0826-teimww:book knoraType="link_value" linkType="ref" target="ww_f1c17de7eaa78bcc"/>
    </p0826-teimww:occursIn>
    <p0826-teimww:wasContributedBy>
      <p0826-teimww:person knoraType="link_value" linkType="ref" target="ww_c4063e9c72a3ffd2"/>
    </p0826-teimww:wasContributedBy>
  </p0826-teimww:passage>
  <p0826-teimww:passage id="ww_ef8ee4ec6cb960a3">
    <knoraXmlImport:label>passage</knoraXmlImport:label>
    <p0826-teimww:contains>
      <p0826-teimww:lexia knoraType="link_value" linkType="ref" target="ww_f49190e4adda0f93"/>
    </p0826-teimww:contains>
    <p0826-teimww:hasPage knoraType="richtext_value">Act 4, scene 2, lines 88-89.</p0826-teimww:hasPage>
    <p0826-teimww:hasText knoraType="richtext_value">[Dogberry:] [...] &lt;span class="quote"&gt;O, that I had been writ down an ass!&lt;/span&gt;</p0826-teimww:hasText>
    <p0826-teimww:isMentionedIn>
      <p0826-teimww:passage knoraType="link_value" linkType="ref" target="ww_c4e98c49b3c5bc20"/>
    </p0826-teimww:isMentionedIn>
    <p0826-teimww:occursIn>
      <p0826-teimww:book knoraType="link_value" linkType="ref" target="ww_a8549c12c9507c4b"/>
    </p0826-teimww:occursIn>
    <p0826-teimww:wasContributedBy>
      <p0826-teimww:person knoraType="link_value" linkType="ref" target="ww_b604df587d93b768"/>
    </p0826-teimww:wasContributedBy>
  </p0826-teimww:passage>
  <p0826-teimww:passage id="ww_c4e98c49b3c5bc20">
    <knoraXmlImport:label>passage</knoraXmlImport:label>
    <p0826-teimww:occursIn>
      <p0826-teimww:book knoraType="link_value" linkType="ref" target="ww_1140c36ab545b6d8"/>
    </p0826-teimww:occursIn>
  </p0826-teimww:passage>
  <p0826-teimww:passage id="ww_798b0f75a3f6d7fd">
    <knoraXmlImport:label>passage</knoraXmlImport:label>
    <p0826-teimww:contains>
      <p0826-teimww:lexia knoraType="link_value" linkType="ref" target="ww_07abe3abe0478731"/>
    </p0826-teimww:contains>
    <p0826-teimww:hasPage knoraType="richtext_value">Act 2, scene 3, lines 80-83.</p0826-teimww:hasPage>
    <p0826-teimww:hasText knoraType="richtext_value">[Prince:] &lt;span class="quote"&gt;By my troth, a good song.&lt;br&gt;&lt;/span&gt;
[Balthasar:] And an ill singer, my lord.&lt;br&gt;
[Prince:] Ha, no, no, faith, thou sing'st well enough for a
shift.</p0826-teimww:hasText>
    <p0826-teimww:occursIn>
      <p0826-teimww:book knoraType="link_value" linkType="ref" target="ww_a8549c12c9507c4b"/>
    </p0826-teimww:occursIn>
    <p0826-teimww:wasContributedBy>
      <p0826-teimww:person knoraType="link_value" linkType="ref" target="ww_c4063e9c72a3ffd2"/>
    </p0826-teimww:wasContributedBy>
  </p0826-teimww:passage>
  <p0826-teimww:passage id="ww_712ee6502793b408">
    <knoraXmlImport:label>passage</knoraXmlImport:label>
    <p0826-teimww:contains>
      <p0826-teimww:lexia knoraType="link_value" linkType="ref" target="ww_4102bbcc9b39a241"/>
    </p0826-teimww:contains>
    <p0826-teimww:hasPage knoraType="richtext_value">N.p.; act 1. [spelling normalized].</p0826-teimww:hasPage>
    <p0826-teimww:hasPageHist knoraType="richtext_value">N.p.; act 1.</p0826-teimww:hasPageHist>
    <p0826-teimww:hasText knoraType="richtext_value">[Pisaro:] I can no longer hold my patience. &lt;br&gt;
Impudent villany, &lt;span class="quote"&gt;and lascivious Girls, &lt;br&gt;
I have o'erheard your wild conversions: &lt;br&gt;
You scorn Philosophy: You'll be no Nun, &lt;br&gt;
You must needs kiss the Purse, because he sent it. &lt;/span&gt;</p0826-teimww:hasText>
    <p0826-teimww:hasTextHist knoraType="richtext_value">[Pisaro:] I can no longer hold my patience. &lt;br&gt;
Impudent villanie, and laciuious Girles, &lt;br&gt;
I haue ore-heard your vild conuersions: &lt;br&gt;
You scorne Philosophy : You'le be no Nunne , &lt;br&gt;
You must needes kisse the Pursse, because he sent it. </p0826-teimww:hasTextHist>
    <p0826-teimww:isMentionedIn>
      <p0826-teimww:passage knoraType="link_value" linkType="ref" target="ww_fe1ab50b0e0682bf"/>
    </p0826-teimww:isMentionedIn>
    <p0826-teimww:occursIn>
      <p0826-teimww:book knoraType="link_value" linkType="ref" target="ww_f1c17de7eaa78bcc"/>
    </p0826-teimww:occursIn>
    <p0826-teimww:wasContributedBy>
      <p0826-teimww:person knoraType="link_value" linkType="ref" target="ww_b604df587d93b768"/>
    </p0826-teimww:wasContributedBy>
  </p0826-teimww:passage>
  <p0826-teimww:passage id="ww_fe1ab50b0e0682bf">
    <knoraXmlImport:label>passage</knoraXmlImport:label>
    <p0826-teimww:occursIn>
      <p0826-teimww:book knoraType="link_value" linkType="ref" target="ww_1140c36ab545b6d8"/>
    </p0826-teimww:occursIn>
  </p0826-teimww:passage>
  <p0826-teimww:passage id="ww_25783f8c48695cdd">
    <knoraXmlImport:label>passage</knoraXmlImport:label>
    <p0826-teimww:contains>
      <p0826-teimww:lexia knoraType="link_value" linkType="ref" target="ww_7562256a7bbf4f85"/>
    </p0826-teimww:contains>
    <p0826-teimww:hasPage knoraType="richtext_value">N.p.; about halfway into the play [spelling normalized].</p0826-teimww:hasPage>
    <p0826-teimww:hasPageHist knoraType="richtext_value">N.p.; about halfway into the play.</p0826-teimww:hasPageHist>
    <p0826-teimww:hasText knoraType="richtext_value">[Mistress Barnes:] How sir your wife? wouldst thou my daughter have &lt;br/&gt;
&lt;span class="quote"&gt;I'll rather have her married to her grave &lt;/span&gt;[...].</p0826-teimww:hasText>
    <p0826-teimww:hasTextHist knoraType="richtext_value">[Mistress Barnes:] How sir your wife? wouldst thou my daughter haue &lt;br/&gt;
&lt;span class="quote"&gt;Ile rather haue her married to her graue &lt;/span&gt;[...].</p0826-teimww:hasTextHist>
    <p0826-teimww:isMentionedIn>
      <p0826-teimww:passage knoraType="link_value" linkType="ref" target="ww_c827d909d8143db6"/>
    </p0826-teimww:isMentionedIn>
    <p0826-teimww:occursIn>
      <p0826-teimww:book knoraType="link_value" linkType="ref" target="ww_3a4eba573ee422c4"/>
    </p0826-teimww:occursIn>
    <p0826-teimww:wasContributedBy>
      <p0826-teimww:person knoraType="link_value" linkType="ref" target="ww_b604df587d93b768"/>
    </p0826-teimww:wasContributedBy>
  </p0826-teimww:passage>
  <p0826-teimww:passage id="ww_f775980eba34be04">
    <knoraXmlImport:label>passage</knoraXmlImport:label>
    <p0826-teimww:contains>
      <p0826-teimww:lexia knoraType="link_value" linkType="ref" target="ww_231dc3d606cf34f5"/>
    </p0826-teimww:contains>
    <p0826-teimww:hasPage knoraType="richtext_value">N.p.; About in the middle [spelling normalized].</p0826-teimww:hasPage>
    <p0826-teimww:hasPageHist knoraType="richtext_value">N.p.; About in the middle.</p0826-teimww:hasPageHist>
    <p0826-teimww:hasText knoraType="richtext_value">[Coomes:] [...] I am sorry for it, I shall never see&lt;span class="quote"&gt; good manhood &lt;/span&gt;again, if it be once gone, this poking fight of rapier and dagger will come up then [...].</p0826-teimww:hasText>
    <p0826-teimww:hasTextHist knoraType="richtext_value">[Coomes:] [...] I am sorry for it, I shall neuer see good manhood againe, if it be once gone, this poking fight of rapier and dagger will come vp then [...].</p0826-teimww:hasTextHist>
    <p0826-teimww:isMentionedIn>
      <p0826-teimww:passage knoraType="link_value" linkType="ref" target="ww_c827d909d8143db6"/>
    </p0826-teimww:isMentionedIn>
    <p0826-teimww:occursIn>
      <p0826-teimww:book knoraType="link_value" linkType="ref" target="ww_3a4eba573ee422c4"/>
    </p0826-teimww:occursIn>
    <p0826-teimww:wasContributedBy>
      <p0826-teimww:person knoraType="link_value" linkType="ref" target="ww_b604df587d93b768"/>
    </p0826-teimww:wasContributedBy>
  </p0826-teimww:passage>
  <p0826-teimww:passage id="ww_5fbc7e9f3ca3f8d6">
    <knoraXmlImport:label>passage</knoraXmlImport:label>
    <p0826-teimww:contains>
      <p0826-teimww:lexia knoraType="link_value" linkType="ref" target="ww_1427770db5cc24dd"/>
    </p0826-teimww:contains>
    <p0826-teimww:hasPage knoraType="richtext_value">Act 2, scene 3, lines 22-35.</p0826-teimww:hasPage>
    <p0826-teimww:hasText knoraType="richtext_value">[Benedick:] [...] May I be so converted and see with these eyes? I cannot tell; I think not. I will not be sworn but love may transform me to an oyster, but I’ll take my oath on it, till he have made an oyster of me, he shall never make me such a fool. &lt;span class="quote"&gt;One woman is fair, yet I am well; another is wise, yet I am well; another virtuous, yet I am well; but till all graces be in one woman, one woman shall not come in my grace. Rich she shall be, that’s certain; wise, or I’ll none; virtuous, or I’ll never cheapen her; fair, or I’ll never look on her; mild, or come not near me; noble, or not I for an angel; of good discourse, an excellent musician, and her hair shall be of what color it please God. &lt;/span&gt;
</p0826-teimww:hasText>
    <p0826-teimww:isMentionedIn>
      <p0826-teimww:passage knoraType="link_value" linkType="ref" target="ww_8d23c30959297c4d"/>
    </p0826-teimww:isMentionedIn>
    <p0826-teimww:occursIn>
      <p0826-teimww:book knoraType="link_value" linkType="ref" target="ww_a8549c12c9507c4b"/>
    </p0826-teimww:occursIn>
    <p0826-teimww:wasContributedBy>
      <p0826-teimww:person knoraType="link_value" linkType="ref" target="ww_b604df587d93b768"/>
    </p0826-teimww:wasContributedBy>
  </p0826-teimww:passage>
  <p0826-teimww:passage id="ww_b2f142a61a21e303">
    <knoraXmlImport:label>passage</knoraXmlImport:label>
    <p0826-teimww:contains>
      <p0826-teimww:lexia knoraType="link_value" linkType="ref" target="ww_9c8b44794f5d7963"/>
    </p0826-teimww:contains>
    <p0826-teimww:hasPage knoraType="richtext_value">Act 3, scene 3, line 36.</p0826-teimww:hasPage>
    <p0826-teimww:hasText knoraType="richtext_value">[Dogberry:] [...]&lt;span class="quote"&gt; is most tolerable and not to be endured.</p0826-teimww:hasText>
    <p0826-teimww:isMentionedIn>
      <p0826-teimww:passage knoraType="link_value" linkType="ref" target="ww_8d23c30959297c4d"/>
    </p0826-teimww:isMentionedIn>
    <p0826-teimww:occursIn>
      <p0826-teimww:book knoraType="link_value" linkType="ref" target="ww_a8549c12c9507c4b"/>
    </p0826-teimww:occursIn>
    <p0826-teimww:wasContributedBy>
      <p0826-teimww:person knoraType="link_value" linkType="ref" target="ww_b604df587d93b768"/>
    </p0826-teimww:wasContributedBy>
  </p0826-teimww:passage>
  <p0826-teimww:passage id="ww_88d929d0dc9f8ad5">
    <knoraXmlImport:label>passage</knoraXmlImport:label>
    <p0826-teimww:contains>
      <p0826-teimww:lexia knoraType="link_value" linkType="ref" target="ww_5fd685ac8c375175"/>
    </p0826-teimww:contains>
    <p0826-teimww:hasPage knoraType="richtext_value">Act 2, scene 1, lines 260-270; Act 2, scene 3, line 237.</p0826-teimww:hasPage>
    <p0826-teimww:hasText knoraType="richtext_value">[Benedick:] [...] I will go on the slightest errand now to the Antipodes [...] rather than hold three words' conference with this harpy. &lt;br&gt;
[...] I cannot endure my Lady Tongue. &lt;br&gt;
&lt;br&gt;
&lt;br&gt;
&lt;span class="quote"&gt;I will be horribly in love with her!&lt;/span&gt;</p0826-teimww:hasText>
    <p0826-teimww:isMentionedIn>
      <p0826-teimww:passage knoraType="link_value" linkType="ref" target="ww_2ae307ae717836a8"/>
    </p0826-teimww:isMentionedIn>
    <p0826-teimww:occursIn>
      <p0826-teimww:book knoraType="link_value" linkType="ref" target="ww_a8549c12c9507c4b"/>
    </p0826-teimww:occursIn>
    <p0826-teimww:wasContributedBy>
      <p0826-teimww:person knoraType="link_value" linkType="ref" target="ww_b604df587d93b768"/>
    </p0826-teimww:wasContributedBy>
  </p0826-teimww:passage>
  <p0826-teimww:passage id="ww_2ae307ae717836a8">
    <knoraXmlImport:label>passage</knoraXmlImport:label>
    <p0826-teimww:occursIn>
      <p0826-teimww:book knoraType="link_value" linkType="ref" target="ww_1140c36ab545b6d8"/>
    </p0826-teimww:occursIn>
  </p0826-teimww:passage>
  <p0826-teimww:passage id="ww_3b595507ec5ad517">
    <knoraXmlImport:label>passage</knoraXmlImport:label>
    <p0826-teimww:contains>
      <p0826-teimww:lexia knoraType="link_value" linkType="ref" target="ww_67aaba33e755aedd"/>
    </p0826-teimww:contains>
    <p0826-teimww:hasPage knoraType="richtext_value">N.p.; lines 1287-1291 [normalised spelling].</p0826-teimww:hasPage>
    <p0826-teimww:hasPageHist knoraType="richtext_value">N.p.; lines 1287-1291.</p0826-teimww:hasPageHist>
    <p0826-teimww:hasText knoraType="richtext_value">[Pisaro:] [...] To grace the mirthful complot that is laid, &lt;br&gt;
&lt;span class="quote"&gt;Night's Candles burn obscure &lt;/span&gt;and the pale Moon &lt;br&gt;
Favouring our drift, lies buried in a Cloud: &lt;br&gt;
I can but smile to see the simple Girls, &lt;br&gt;
Hoping to have their sweet-hearts here tonight [...] &lt;br&gt;</p0826-teimww:hasText>
    <p0826-teimww:hasTextHist knoraType="richtext_value">[Pisaro:] [...] To grace the mirthfull complot that is laide, &lt;br&gt;
&lt;span class="quote"&gt;Nights Candles burne obscure, &lt;/span&gt;and the pale Moone &lt;br&gt;
Fauouring our drift, lyes buried in a Cloude: &lt;br&gt;
I can but smile to see the simple Girles, &lt;br&gt;
Hoping to haue their sweete-hearts here to night [...] &lt;br&gt;</p0826-teimww:hasTextHist>
    <p0826-teimww:isMentionedIn>
      <p0826-teimww:passage knoraType="link_value" linkType="ref" target="ww_990959b3b0de20de"/>
    </p0826-teimww:isMentionedIn>
    <p0826-teimww:occursIn>
      <p0826-teimww:book knoraType="link_value" linkType="ref" target="ww_f1c17de7eaa78bcc"/>
    </p0826-teimww:occursIn>
    <p0826-teimww:wasContributedBy>
      <p0826-teimww:person knoraType="link_value" linkType="ref" target="ww_c4063e9c72a3ffd2"/>
    </p0826-teimww:wasContributedBy>
  </p0826-teimww:passage>
  <p0826-teimww:passage id="ww_990959b3b0de20de">
    <knoraXmlImport:label>passage</knoraXmlImport:label>
    <p0826-teimww:occursIn>
      <p0826-teimww:book knoraType="link_value" linkType="ref" target="ww_1140c36ab545b6d8"/>
    </p0826-teimww:occursIn>
  </p0826-teimww:passage>
  <p0826-teimww:passage id="ww_67032f1f4a9ef736">
    <knoraXmlImport:label>passage</knoraXmlImport:label>
    <p0826-teimww:contains>
      <p0826-teimww:lexia knoraType="link_value" linkType="ref" target="ww_98365bbd962b9dbf"/>
    </p0826-teimww:contains>
    <p0826-teimww:hasPage knoraType="richtext_value">503; scene 6, lines 33-37.</p0826-teimww:hasPage>
    <p0826-teimww:hasPageHist knoraType="richtext_value">N.p.; lines 518-522.</p0826-teimww:hasPageHist>
    <p0826-teimww:hasText knoraType="richtext_value">[Hammon:] &lt;span class="quote"&gt;I chased the deer, but this dear chased me.&lt;br&gt;&lt;/span&gt;
[Rose:] The strangest hunting that ever I see!&lt;br&gt;	
&lt;span class="quote"&gt;But where's your park? (She offers to go away).&lt;br&gt;	
[Hammon:] 'Tis here: Oh, stay!&lt;br&gt;	&lt;/span&gt;
[Rose:] &lt;span class="quote"&gt;Impale me, and then I will not stray.&lt;/span&gt;</p0826-teimww:hasText>
    <p0826-teimww:hasTextHist knoraType="richtext_value">[Hammon:] I chac'd the deere, but this deere chaceth me.&lt;br&gt;[Rose:] The strangest hunting that euer I see,&lt;br&gt;	
But wheres your parke? (She offers to go away).&lt;br&gt;	
[Hammon:] Tis here: O stay.&lt;br&gt;	
[Rose:] Impale me, and then I will not stray.</p0826-teimww:hasTextHist>
    <p0826-teimww:isMentionedIn>
      <p0826-teimww:passage knoraType="link_value" linkType="ref" target="ww_7ba82d730b706690"/>
    </p0826-teimww:isMentionedIn>
    <p0826-teimww:occursIn>
      <p0826-teimww:book knoraType="link_value" linkType="ref" target="ww_c068d7733749f819"/>
    </p0826-teimww:occursIn>
    <p0826-teimww:wasContributedBy>
      <p0826-teimww:person knoraType="link_value" linkType="ref" target="ww_c4063e9c72a3ffd2"/>
    </p0826-teimww:wasContributedBy>
  </p0826-teimww:passage>
  <p0826-teimww:passage id="ww_7ba82d730b706690">
    <knoraXmlImport:label>passage</knoraXmlImport:label>
    <p0826-teimww:occursIn>
      <p0826-teimww:book knoraType="link_value" linkType="ref" target="ww_e256bd14313d2841"/>
    </p0826-teimww:occursIn>
  </p0826-teimww:passage>
  <p0826-teimww:passage id="ww_08a74b510a4148d5">
    <knoraXmlImport:label>passage</knoraXmlImport:label>
    <p0826-teimww:contains>
      <p0826-teimww:lexia knoraType="link_value" linkType="ref" target="ww_23d9b8ba84703a8a"/>
    </p0826-teimww:contains>
    <p0826-teimww:hasPage knoraType="richtext_value">Act 1, scene 2, lines 149-152.</p0826-teimww:hasPage>
    <p0826-teimww:hasText knoraType="richtext_value">[Cassius:] "Brutus" and "Caesar" - what should be in that "Caesar"?&lt;br&gt;
&lt;span class="quote"&gt;Why should that name be sounded more than yours? &lt;br&gt;
Write them together, yours is as fair a name; &lt;br&gt;
Sound them, it doth become the mouth as well &lt;/span&gt;[...].</p0826-teimww:hasText>
    <p0826-teimww:isMentionedIn>
      <p0826-teimww:passage knoraType="link_value" linkType="ref" target="ww_b49cc457ad23f76c"/>
    </p0826-teimww:isMentionedIn>
    <p0826-teimww:occursIn>
      <p0826-teimww:book knoraType="link_value" linkType="ref" target="ww_3c135d434850a738"/>
    </p0826-teimww:occursIn>
    <p0826-teimww:wasContributedBy>
      <p0826-teimww:person knoraType="link_value" linkType="ref" target="ww_c4063e9c72a3ffd2"/>
    </p0826-teimww:wasContributedBy>
  </p0826-teimww:passage>
  <p0826-teimww:passage id="ww_b49cc457ad23f76c">
    <knoraXmlImport:label>passage</knoraXmlImport:label>
    <p0826-teimww:occursIn>
      <p0826-teimww:book knoraType="link_value" linkType="ref" target="ww_1140c36ab545b6d8"/>
    </p0826-teimww:occursIn>
  </p0826-teimww:passage>
  <p0826-teimww:passage id="ww_a8d3555d6924d111">
    <knoraXmlImport:label>passage</knoraXmlImport:label>
    <p0826-teimww:contains>
      <p0826-teimww:lexia knoraType="link_value" linkType="ref" target="ww_1351a3bb609d5bf6"/>
    </p0826-teimww:contains>
    <p0826-teimww:hasPage knoraType="richtext_value">Act 1, scene 2, line 292-295.</p0826-teimww:hasPage>
    <p0826-teimww:hasText knoraType="richtext_value">[Casca:] Nay, an I tell you that, I'll ne'er look you i' th' face again. But those that understood him smiled at one another and shook their heads. But for mine own part, &lt;span class="quote"&gt;it was Greek to me.&lt;/span&gt;</p0826-teimww:hasText>
    <p0826-teimww:occursIn>
      <p0826-teimww:book knoraType="link_value" linkType="ref" target="ww_3c135d434850a738"/>
    </p0826-teimww:occursIn>
    <p0826-teimww:wasContributedBy>
      <p0826-teimww:person knoraType="link_value" linkType="ref" target="ww_c4063e9c72a3ffd2"/>
    </p0826-teimww:wasContributedBy>
  </p0826-teimww:passage>
  <p0826-teimww:passage id="ww_ca0d5e821149309b">
    <knoraXmlImport:label>passage</knoraXmlImport:label>
    <p0826-teimww:contains>
      <p0826-teimww:lexia knoraType="link_value" linkType="ref" target="ww_42e531ccf0a9aa8e"/>
    </p0826-teimww:contains>
    <p0826-teimww:hasPage knoraType="richtext_value">Act 2, scene 2, lines 34-35.</p0826-teimww:hasPage>
    <p0826-teimww:hasText knoraType="richtext_value">[Caesar:]&lt;span class="quote"&gt; Cowards die many times before their deaths;&lt;br&gt;
The valiant never taste of death but once.&lt;/span&gt;</p0826-teimww:hasText>
    <p0826-teimww:isMentionedIn>
      <p0826-teimww:passage knoraType="link_value" linkType="ref" target="ww_3b804656da49ee82"/>
    </p0826-teimww:isMentionedIn>
    <p0826-teimww:isMentionedIn>
      <p0826-teimww:passage knoraType="link_value" linkType="ref" target="ww_d8184e01108f2cf0"/>
    </p0826-teimww:isMentionedIn>
    <p0826-teimww:occursIn>
      <p0826-teimww:book knoraType="link_value" linkType="ref" target="ww_3c135d434850a738"/>
    </p0826-teimww:occursIn>
    <p0826-teimww:wasContributedBy>
      <p0826-teimww:person knoraType="link_value" linkType="ref" target="ww_c4063e9c72a3ffd2"/>
    </p0826-teimww:wasContributedBy>
  </p0826-teimww:passage>
  <p0826-teimww:passage id="ww_3b804656da49ee82">
    <knoraXmlImport:label>passage</knoraXmlImport:label>
    <p0826-teimww:occursIn>
      <p0826-teimww:book knoraType="link_value" linkType="ref" target="ww_5af91280461707f1"/>
    </p0826-teimww:occursIn>
  </p0826-teimww:passage>
  <p0826-teimww:passage id="ww_d8184e01108f2cf0">
    <knoraXmlImport:label>passage</knoraXmlImport:label>
    <p0826-teimww:occursIn>
      <p0826-teimww:book knoraType="link_value" linkType="ref" target="ww_bcc975a9199bde49"/>
    </p0826-teimww:occursIn>
  </p0826-teimww:passage>
  <p0826-teimww:passage id="ww_3fee323564a3fb7b">
    <knoraXmlImport:label>passage</knoraXmlImport:label>
    <p0826-teimww:contains>
      <p0826-teimww:lexia knoraType="link_value" linkType="ref" target="ww_a3361c1e4fb2ed7b"/>
    </p0826-teimww:contains>
    <p0826-teimww:hasPage knoraType="richtext_value">Act 2, scene 3, lines 10-12.</p0826-teimww:hasPage>
    <p0826-teimww:hasText knoraType="richtext_value">[Hostess:] [...] He made a finer end, and &lt;span class="quote"&gt;went away an it had been any christom child.&lt;/span&gt;</p0826-teimww:hasText>
    <p0826-teimww:isMentionedIn>
      <p0826-teimww:passage knoraType="link_value" linkType="ref" target="ww_93b15530859689b6"/>
    </p0826-teimww:isMentionedIn>
    <p0826-teimww:occursIn>
      <p0826-teimww:book knoraType="link_value" linkType="ref" target="ww_0c928f9e751dabbf"/>
    </p0826-teimww:occursIn>
    <p0826-teimww:wasContributedBy>
      <p0826-teimww:person knoraType="link_value" linkType="ref" target="ww_b604df587d93b768"/>
    </p0826-teimww:wasContributedBy>
  </p0826-teimww:passage>
  <p0826-teimww:passage id="ww_93b15530859689b6">
    <knoraXmlImport:label>passage</knoraXmlImport:label>
    <p0826-teimww:occursIn>
      <p0826-teimww:book knoraType="link_value" linkType="ref" target="ww_1140c36ab545b6d8"/>
    </p0826-teimww:occursIn>
  </p0826-teimww:passage>
  <p0826-teimww:passage id="ww_5c32c175a8882716">
    <knoraXmlImport:label>passage</knoraXmlImport:label>
    <p0826-teimww:contains>
      <p0826-teimww:lexia knoraType="link_value" linkType="ref" target="ww_265eb46312dc184f"/>
    </p0826-teimww:contains>
    <p0826-teimww:hasPage knoraType="richtext_value">N.p.</p0826-teimww:hasPage>
    <p0826-teimww:hasPageHist knoraType="richtext_value">N.p.; ~4/5 into the play.</p0826-teimww:hasPageHist>
    <p0826-teimww:hasText knoraType="richtext_value">[Eyre:] […] &lt;span class="quote"&gt;my fine dapper Assyrian lads&lt;/span&gt; [...].</p0826-teimww:hasText>
    <p0826-teimww:hasTextHist knoraType="richtext_value">[Eyre:] […] &lt;span class="quote"&gt;my fine dapper Assyrian lads&lt;/span&gt; [...].</p0826-teimww:hasTextHist>
    <p0826-teimww:isMentionedIn>
      <p0826-teimww:passage knoraType="link_value" linkType="ref" target="ww_0540abbd50a79d68"/>
    </p0826-teimww:isMentionedIn>
    <p0826-teimww:occursIn>
      <p0826-teimww:book knoraType="link_value" linkType="ref" target="ww_c068d7733749f819"/>
    </p0826-teimww:occursIn>
    <p0826-teimww:wasContributedBy>
      <p0826-teimww:person knoraType="link_value" linkType="ref" target="ww_b604df587d93b768"/>
    </p0826-teimww:wasContributedBy>
  </p0826-teimww:passage>
  <p0826-teimww:passage id="ww_84f57ed49cf780e6">
    <knoraXmlImport:label>passage</knoraXmlImport:label>
    <p0826-teimww:contains>
      <p0826-teimww:lexia knoraType="link_value" linkType="ref" target="ww_9468850317af9b8c"/>
    </p0826-teimww:contains>
    <p0826-teimww:hasPage knoraType="richtext_value">N.p.; early in the Prologue. [spelling normalized].</p0826-teimww:hasPage>
    <p0826-teimww:hasPageHist knoraType="richtext_value">N.p.; early in the Prologue.</p0826-teimww:hasPageHist>
    <p0826-teimww:hasText knoraType="richtext_value">[Prologue:] […] &lt;span class="quote"&gt;And for this small Circumference must stand, &lt;br/&gt;
For the imagind Surface of much land, &lt;br/&gt;
Of many kingdoms&lt;/span&gt;, and since many a mile, &lt;br/&gt;
Should here be measured out: our muse intreats, &lt;br/&gt;
Your thoughts to help poor Art [...].
</p0826-teimww:hasText>
    <p0826-teimww:hasTextHist knoraType="richtext_value">[Prologue:] […] And for this smal Circumference must stand, &lt;br/&gt;
For the imagind Sur-face of much land, &lt;br/&gt;
Of many kingdomes, and since many a mile, &lt;br/&gt;
Should here be measurd out: our muse intreats, &lt;br/&gt;
Your thoughts to helpe poore Art [...].
</p0826-teimww:hasTextHist>
    <p0826-teimww:isMentionedIn>
      <p0826-teimww:passage knoraType="link_value" linkType="ref" target="ww_0540abbd50a79d68"/>
    </p0826-teimww:isMentionedIn>
    <p0826-teimww:isMentionedIn>
      <p0826-teimww:passage knoraType="link_value" linkType="ref" target="ww_bd376d1b3044e47e"/>
    </p0826-teimww:isMentionedIn>
    <p0826-teimww:occursIn>
      <p0826-teimww:book knoraType="link_value" linkType="ref" target="ww_4a0afee9ece50ddb"/>
    </p0826-teimww:occursIn>
    <p0826-teimww:wasContributedBy>
      <p0826-teimww:person knoraType="link_value" linkType="ref" target="ww_b604df587d93b768"/>
    </p0826-teimww:wasContributedBy>
  </p0826-teimww:passage>
  <p0826-teimww:passage id="ww_bd376d1b3044e47e">
    <knoraXmlImport:label>passage</knoraXmlImport:label>
    <p0826-teimww:occursIn>
      <p0826-teimww:book knoraType="link_value" linkType="ref" target="ww_2e08ba1bdf49c8dc"/>
    </p0826-teimww:occursIn>
  </p0826-teimww:passage>
  <p0826-teimww:passage id="ww_73b0086a40f565d7">
    <knoraXmlImport:label>passage</knoraXmlImport:label>
    <p0826-teimww:contains>
      <p0826-teimww:lexia knoraType="link_value" linkType="ref" target="ww_5f98925e43b7ba56"/>
    </p0826-teimww:contains>
    <p0826-teimww:hasPage knoraType="richtext_value">Act 1, scene 2, lines 187-190.</p0826-teimww:hasPage>
    <p0826-teimww:hasText knoraType="richtext_value">[Exeter:] For government, though high and low and lower, &lt;br&gt;
Put into parts, doth keep in one consent, &lt;br&gt;
&lt;span class="quote"&gt;Congreeing in a full and natural close, &lt;br&gt;
Like music.&lt;/span&gt;</p0826-teimww:hasText>
    <p0826-teimww:isMentionedIn>
      <p0826-teimww:passage knoraType="link_value" linkType="ref" target="ww_15dcf898b6849140"/>
    </p0826-teimww:isMentionedIn>
    <p0826-teimww:occursIn>
      <p0826-teimww:book knoraType="link_value" linkType="ref" target="ww_0c928f9e751dabbf"/>
    </p0826-teimww:occursIn>
    <p0826-teimww:wasContributedBy>
      <p0826-teimww:person knoraType="link_value" linkType="ref" target="ww_b604df587d93b768"/>
    </p0826-teimww:wasContributedBy>
  </p0826-teimww:passage>
  <p0826-teimww:passage id="ww_15dcf898b6849140">
    <knoraXmlImport:label>passage</knoraXmlImport:label>
    <p0826-teimww:occursIn>
      <p0826-teimww:book knoraType="link_value" linkType="ref" target="ww_de6299bae9b985ee"/>
    </p0826-teimww:occursIn>
  </p0826-teimww:passage>
  <p0826-teimww:passage id="ww_94a79b849e507cb1">
    <knoraXmlImport:label>passage</knoraXmlImport:label>
    <p0826-teimww:contains>
      <p0826-teimww:lexia knoraType="link_value" linkType="ref" target="ww_baca14bccf123858"/>
    </p0826-teimww:contains>
    <p0826-teimww:hasPage knoraType="richtext_value">N.p.; lines 248-254 [normalised spelling].</p0826-teimww:hasPage>
    <p0826-teimww:hasPageHist knoraType="richtext_value">N.p.; lines 248-254.</p0826-teimww:hasPageHist>
    <p0826-teimww:hasText knoraType="richtext_value">[Rose:] Here sit thou down upon &lt;span class="quote"&gt;this flowery bank, &lt;br/&gt;
And make a garland for thy Lacy's head, &lt;br/&gt;
These pinks, these roses, and these violets, &lt;br/&gt;
These blushing gilliflowers, these marigolds, &lt;br/&gt;&lt;/span&gt;
The fair embroidery of his coronet, &lt;br/&gt;
Carry not half such beauty in their cheeks, &lt;br/&gt;
As the sweet countenance of my Lacy doth. </p0826-teimww:hasText>
    <p0826-teimww:hasTextHist knoraType="richtext_value">[Rose:] Here sit thou downe vpon &lt;span class="quote"&gt;this flowry banke, &lt;br/&gt;
And make a garland for thy Lacies head, &lt;br/&gt;
These pinkes, these roses, and these violets, &lt;br/&gt;
These blushing gilliflowers, these marigoldes, &lt;br/&gt;&lt;/span&gt;
The faire embrodery of his coronet, &lt;br/&gt;
Carry not halfe such beauty in their cheekes, &lt;br/&gt;
As the sweete countnaunce of my Lacy doth. </p0826-teimww:hasTextHist>
    <p0826-teimww:isMentionedIn>
      <p0826-teimww:passage knoraType="link_value" linkType="ref" target="ww_807b5c7545e47c55"/>
    </p0826-teimww:isMentionedIn>
    <p0826-teimww:occursIn>
      <p0826-teimww:book knoraType="link_value" linkType="ref" target="ww_c068d7733749f819"/>
    </p0826-teimww:occursIn>
    <p0826-teimww:wasContributedBy>
      <p0826-teimww:person knoraType="link_value" linkType="ref" target="ww_b604df587d93b768"/>
    </p0826-teimww:wasContributedBy>
  </p0826-teimww:passage>
  <p0826-teimww:passage id="ww_807b5c7545e47c55">
    <knoraXmlImport:label>passage</knoraXmlImport:label>
    <p0826-teimww:occursIn>
      <p0826-teimww:book knoraType="link_value" linkType="ref" target="ww_1140c36ab545b6d8"/>
    </p0826-teimww:occursIn>
  </p0826-teimww:passage>
  <p0826-teimww:passage id="ww_170ec367907da74a">
    <knoraXmlImport:label>passage</knoraXmlImport:label>
    <p0826-teimww:contains>
      <p0826-teimww:lexia knoraType="link_value" linkType="ref" target="ww_9cf3d24e49e797e9"/>
    </p0826-teimww:contains>
    <p0826-teimww:hasPage knoraType="richtext_value">Act 2, scene 1, lines 61-63.</p0826-teimww:hasPage>
    <p0826-teimww:hasText knoraType="richtext_value">[Pistol:] […] O braggart vile and damnèd furious wight, &lt;br/&gt;
The grave doth gape, and doting death is near. &lt;br/&gt;
Therefore &lt;span class="quote"&gt;exhale.&lt;/span&gt;</p0826-teimww:hasText>
    <p0826-teimww:isMentionedIn>
      <p0826-teimww:passage knoraType="link_value" linkType="ref" target="ww_880e2637db1587cb"/>
    </p0826-teimww:isMentionedIn>
    <p0826-teimww:occursIn>
      <p0826-teimww:book knoraType="link_value" linkType="ref" target="ww_0c928f9e751dabbf"/>
    </p0826-teimww:occursIn>
    <p0826-teimww:wasContributedBy>
      <p0826-teimww:person knoraType="link_value" linkType="ref" target="ww_b604df587d93b768"/>
    </p0826-teimww:wasContributedBy>
  </p0826-teimww:passage>
  <p0826-teimww:passage id="ww_880e2637db1587cb">
    <knoraXmlImport:label>passage</knoraXmlImport:label>
    <p0826-teimww:occursIn>
      <p0826-teimww:book knoraType="link_value" linkType="ref" target="ww_1140c36ab545b6d8"/>
    </p0826-teimww:occursIn>
  </p0826-teimww:passage>
  <p0826-teimww:passage id="ww_9787a9f36a5ec522">
    <knoraXmlImport:label>passage</knoraXmlImport:label>
    <p0826-teimww:contains>
      <p0826-teimww:lexia knoraType="link_value" linkType="ref" target="ww_c17fd00a5994ad12"/>
    </p0826-teimww:contains>
    <p0826-teimww:hasPage knoraType="richtext_value">Act 4, scene 3, line 249.</p0826-teimww:hasPage>
    <p0826-teimww:hasText knoraType="richtext_value">[Brutus:] [...] &lt;span class="quote"&gt;There is a tide in the affairs of men &lt;/span&gt;[...].</p0826-teimww:hasText>
    <p0826-teimww:isMentionedIn>
      <p0826-teimww:passage knoraType="link_value" linkType="ref" target="ww_2d220c91df09af6a"/>
    </p0826-teimww:isMentionedIn>
    <p0826-teimww:occursIn>
      <p0826-teimww:book knoraType="link_value" linkType="ref" target="ww_3c135d434850a738"/>
    </p0826-teimww:occursIn>
    <p0826-teimww:wasContributedBy>
      <p0826-teimww:person knoraType="link_value" linkType="ref" target="ww_b604df587d93b768"/>
    </p0826-teimww:wasContributedBy>
  </p0826-teimww:passage>
  <p0826-teimww:passage id="ww_2d220c91df09af6a">
    <knoraXmlImport:label>passage</knoraXmlImport:label>
    <p0826-teimww:occursIn>
      <p0826-teimww:book knoraType="link_value" linkType="ref" target="ww_1140c36ab545b6d8"/>
    </p0826-teimww:occursIn>
  </p0826-teimww:passage>
  <p0826-teimww:passage id="ww_5f20ec282e1e5172">
    <knoraXmlImport:label>passage</knoraXmlImport:label>
    <p0826-teimww:contains>
      <p0826-teimww:lexia knoraType="link_value" linkType="ref" target="ww_54ff70e9eb5fa120"/>
    </p0826-teimww:contains>
    <p0826-teimww:hasPage knoraType="richtext_value">Act 2, scene 4, lines 1-23.</p0826-teimww:hasPage>
    <p0826-teimww:hasText knoraType="richtext_value">[Portia:] &lt;span class="quote"&gt;I prithee, boy, run to the Senate House. &lt;br/&gt;
Stay not to answer me, but get thee gone. &lt;br/&gt;
Why dost thou stay? &lt;br/&gt;
[Lucius:] To know my errand, madam. &lt;br/&gt;
[Portia:] I would have had thee there and here again &lt;br/&gt;
Ere I can tell thee what thou shouldst do there. &lt;br/&gt;
(Aside) O constancy, be strong upon my side; &lt;br/&gt;
Set a huge mountain ’tween my heart and tongue. &lt;br/&gt;
I have a man’s mind but a woman’s might. &lt;br/&gt;
How hard it is for women to keep counsel! - &lt;br/&gt;
Art thou here yet? &lt;br/&gt;
[Lucius:] Madam, what should I do? &lt;br/&gt;
Run to the Capitol, and nothing else? &lt;br/&gt;
And so return to you, and nothing else? &lt;br/&gt;
[Portia:] Yes, bring me word, boy, if thy lord look well, &lt;br/&gt;
For he went sickly forth. And take good note &lt;br/&gt;
What Caesar doth, what suitors press to him. &lt;br/&gt;
Hark, boy, what noise is that? &lt;br/&gt;
[Lucius:] I hear none, madam. &lt;br/&gt;
[Portia:] Prithee, listen well. &lt;br/&gt;
I heard a bustling rumor like a fray, &lt;br/&gt;
And the wind brings it from the Capitol. &lt;br&gt;
[Lucius:] Sooth, madam, I hear nothing.&lt;/span&gt;</p0826-teimww:hasText>
    <p0826-teimww:isMentionedIn>
      <p0826-teimww:passage knoraType="link_value" linkType="ref" target="ww_607d1847d10ef07d"/>
    </p0826-teimww:isMentionedIn>
    <p0826-teimww:occursIn>
      <p0826-teimww:book knoraType="link_value" linkType="ref" target="ww_3c135d434850a738"/>
    </p0826-teimww:occursIn>
    <p0826-teimww:wasContributedBy>
      <p0826-teimww:person knoraType="link_value" linkType="ref" target="ww_b604df587d93b768"/>
    </p0826-teimww:wasContributedBy>
  </p0826-teimww:passage>
  <p0826-teimww:passage id="ww_607d1847d10ef07d">
    <knoraXmlImport:label>passage</knoraXmlImport:label>
    <p0826-teimww:occursIn>
      <p0826-teimww:book knoraType="link_value" linkType="ref" target="ww_1140c36ab545b6d8"/>
    </p0826-teimww:occursIn>
  </p0826-teimww:passage>
  <p0826-teimww:passage id="ww_dfc6fec20e214272">
    <knoraXmlImport:label>passage</knoraXmlImport:label>
    <p0826-teimww:contains>
      <p0826-teimww:lexia knoraType="link_value" linkType="ref" target="ww_e35c78d3bc4379a2"/>
    </p0826-teimww:contains>
    <p0826-teimww:hasPage knoraType="richtext_value">Act 1, scene 1, lines 181-182.</p0826-teimww:hasPage>
    <p0826-teimww:hasText knoraType="richtext_value">[Horatio:]&lt;span class="quote"&gt; But, look, the morn, in russet mantle clad, &lt;br&gt;
Walks o'er the dew of yon high eastward hill &lt;/span&gt;[...].</p0826-teimww:hasText>
    <p0826-teimww:isMentionedIn>
      <p0826-teimww:passage knoraType="link_value" linkType="ref" target="ww_607d1847d10ef07d"/>
    </p0826-teimww:isMentionedIn>
    <p0826-teimww:occursIn>
      <p0826-teimww:book knoraType="link_value" linkType="ref" target="ww_5cb4c35da9f3b9dd"/>
    </p0826-teimww:occursIn>
    <p0826-teimww:wasContributedBy>
      <p0826-teimww:person knoraType="link_value" linkType="ref" target="ww_c4063e9c72a3ffd2"/>
    </p0826-teimww:wasContributedBy>
  </p0826-teimww:passage>
  <p0826-teimww:passage id="ww_9da624ada50dcbf7">
    <knoraXmlImport:label>passage</knoraXmlImport:label>
    <p0826-teimww:contains>
      <p0826-teimww:lexia knoraType="link_value" linkType="ref" target="ww_aea90b4e010e19d8"/>
    </p0826-teimww:contains>
    <p0826-teimww:hasPage knoraType="richtext_value">Act 1, scene 4, line 31.</p0826-teimww:hasPage>
    <p0826-teimww:hasText knoraType="richtext_value">[Hamlet:] [...] &lt;span class="quote"&gt;Oft breaking down the pales and forts of reason &lt;/span&gt;[...].</p0826-teimww:hasText>
    <p0826-teimww:isMentionedIn>
      <p0826-teimww:passage knoraType="link_value" linkType="ref" target="ww_e39f945a66bd09e2"/>
    </p0826-teimww:isMentionedIn>
    <p0826-teimww:occursIn>
      <p0826-teimww:book knoraType="link_value" linkType="ref" target="ww_5cb4c35da9f3b9dd"/>
    </p0826-teimww:occursIn>
    <p0826-teimww:wasContributedBy>
      <p0826-teimww:person knoraType="link_value" linkType="ref" target="ww_b604df587d93b768"/>
    </p0826-teimww:wasContributedBy>
  </p0826-teimww:passage>
  <p0826-teimww:passage id="ww_e39f945a66bd09e2">
    <knoraXmlImport:label>passage</knoraXmlImport:label>
    <p0826-teimww:occursIn>
      <p0826-teimww:book knoraType="link_value" linkType="ref" target="ww_3f86f30540de15b8"/>
    </p0826-teimww:occursIn>
  </p0826-teimww:passage>
  <p0826-teimww:passage id="ww_48b1566c33fab699">
    <knoraXmlImport:label>passage</knoraXmlImport:label>
    <p0826-teimww:contains>
      <p0826-teimww:lexia knoraType="link_value" linkType="ref" target="ww_5fb74dd92e380b09"/>
    </p0826-teimww:contains>
    <p0826-teimww:hasPage knoraType="richtext_value">Act 1, scene 4, lines 32-33.</p0826-teimww:hasPage>
    <p0826-teimww:hasText knoraType="richtext_value">[Hamlet:] [...] Or by some habit that &lt;span class="quote"&gt;too much o'erleavens &lt;br&gt;&lt;/span&gt;
The form of plausive manners [...].</p0826-teimww:hasText>
    <p0826-teimww:occursIn>
      <p0826-teimww:book knoraType="link_value" linkType="ref" target="ww_5cb4c35da9f3b9dd"/>
    </p0826-teimww:occursIn>
    <p0826-teimww:wasContributedBy>
      <p0826-teimww:person knoraType="link_value" linkType="ref" target="ww_b604df587d93b768"/>
    </p0826-teimww:wasContributedBy>
  </p0826-teimww:passage>
  <p0826-teimww:passage id="ww_849da0f6b707abdd">
    <knoraXmlImport:label>passage</knoraXmlImport:label>
    <p0826-teimww:contains>
      <p0826-teimww:lexia knoraType="link_value" linkType="ref" target="ww_5e66ecec146faf35"/>
    </p0826-teimww:contains>
    <p0826-teimww:hasText knoraType="richtext_value">&lt;span class="quote"&gt;Rosalind&lt;/span&gt;</p0826-teimww:hasText>
    <p0826-teimww:occursIn>
      <p0826-teimww:book knoraType="link_value" linkType="ref" target="ww_5c3ae833a8aaf03d"/>
    </p0826-teimww:occursIn>
    <p0826-teimww:wasContributedBy>
      <p0826-teimww:person knoraType="link_value" linkType="ref" target="ww_c4063e9c72a3ffd2"/>
    </p0826-teimww:wasContributedBy>
  </p0826-teimww:passage>
  <p0826-teimww:passage id="ww_bb5dc7c4f125dbdd">
    <knoraXmlImport:label>passage</knoraXmlImport:label>
    <p0826-teimww:contains>
      <p0826-teimww:lexia knoraType="link_value" linkType="ref" target="ww_b776d8bb77cab3cd"/>
    </p0826-teimww:contains>
    <p0826-teimww:contains>
      <p0826-teimww:lexia knoraType="link_value" linkType="ref" target="ww_2f77a0ee65546910"/>
    </p0826-teimww:contains>
    <p0826-teimww:contains>
      <p0826-teimww:lexia knoraType="link_value" linkType="ref" target="ww_8bd6031a777fbaa8"/>
    </p0826-teimww:contains>
    <p0826-teimww:hasPage knoraType="richtext_value">Act 5, scene 1, lines 77-79.</p0826-teimww:hasPage>
    <p0826-teimww:hasText knoraType="richtext_value">[Hamlet:] That skull had a tongue in it and could sing once. How the knave jowls it to the ground as if 'twere &lt;span class="quote"&gt;Cain's jawbone, that did the first murder!&lt;/span&gt;</p0826-teimww:hasText>
    <p0826-teimww:isMentionedIn>
      <p0826-teimww:passage knoraType="link_value" linkType="ref" target="ww_9fdbc4a2e0885600"/>
    </p0826-teimww:isMentionedIn>
    <p0826-teimww:occursIn>
      <p0826-teimww:book knoraType="link_value" linkType="ref" target="ww_5cb4c35da9f3b9dd"/>
    </p0826-teimww:occursIn>
    <p0826-teimww:wasContributedBy>
      <p0826-teimww:person knoraType="link_value" linkType="ref" target="ww_c4063e9c72a3ffd2"/>
    </p0826-teimww:wasContributedBy>
  </p0826-teimww:passage>
  <p0826-teimww:passage id="ww_9fdbc4a2e0885600">
    <knoraXmlImport:label>passage</knoraXmlImport:label>
    <p0826-teimww:occursIn>
      <p0826-teimww:book knoraType="link_value" linkType="ref" target="ww_0b28ed19a0540e1d"/>
    </p0826-teimww:occursIn>
  </p0826-teimww:passage>
  <p0826-teimww:passage id="ww_7153118b72186a86">
    <knoraXmlImport:label>passage</knoraXmlImport:label>
    <p0826-teimww:contains>
      <p0826-teimww:lexia knoraType="link_value" linkType="ref" target="ww_ba4a4883b430099d"/>
    </p0826-teimww:contains>
    <p0826-teimww:hasPage knoraType="richtext_value">Act 1, scene 4, lines 23-25.</p0826-teimww:hasPage>
    <p0826-teimww:hasText knoraType="richtext_value">[Hamlet:] [...] And, indeed, it takes &lt;br&gt;
From our achievements, though performed at height, &lt;br&gt;
&lt;span class="quote"&gt;The pith and marrow &lt;/span&gt;of our attribute. </p0826-teimww:hasText>
    <p0826-teimww:isMentionedIn>
      <p0826-teimww:passage knoraType="link_value" linkType="ref" target="ww_c6645974795d0915"/>
    </p0826-teimww:isMentionedIn>
    <p0826-teimww:occursIn>
      <p0826-teimww:book knoraType="link_value" linkType="ref" target="ww_5cb4c35da9f3b9dd"/>
    </p0826-teimww:occursIn>
    <p0826-teimww:wasContributedBy>
      <p0826-teimww:person knoraType="link_value" linkType="ref" target="ww_c4063e9c72a3ffd2"/>
    </p0826-teimww:wasContributedBy>
  </p0826-teimww:passage>
  <p0826-teimww:passage id="ww_c6645974795d0915">
    <knoraXmlImport:label>passage</knoraXmlImport:label>
    <p0826-teimww:occursIn>
      <p0826-teimww:book knoraType="link_value" linkType="ref" target="ww_55bc1a3b04bf8a8d"/>
    </p0826-teimww:occursIn>
  </p0826-teimww:passage>
  <p0826-teimww:passage id="ww_dd9a35c8788e93ff">
    <knoraXmlImport:label>passage</knoraXmlImport:label>
    <p0826-teimww:contains>
      <p0826-teimww:lexia knoraType="link_value" linkType="ref" target="ww_dbd1a9776b644b91"/>
    </p0826-teimww:contains>
    <p0826-teimww:hasPage knoraType="richtext_value">Act 4, scene 2, lines 19-21.</p0826-teimww:hasPage>
    <p0826-teimww:hasText knoraType="richtext_value">[Hamlet:] &lt;span class="quote"&gt;When he needs what you have gleaned, it is but squeezing you, and, sponge, you shall be dry again.&lt;/span&gt;</p0826-teimww:hasText>
    <p0826-teimww:isMentionedIn>
      <p0826-teimww:passage knoraType="link_value" linkType="ref" target="ww_eaa08ba49a63908f"/>
    </p0826-teimww:isMentionedIn>
    <p0826-teimww:occursIn>
      <p0826-teimww:book knoraType="link_value" linkType="ref" target="ww_5cb4c35da9f3b9dd"/>
    </p0826-teimww:occursIn>
    <p0826-teimww:wasContributedBy>
      <p0826-teimww:person knoraType="link_value" linkType="ref" target="ww_7f35f6802efd910d"/>
    </p0826-teimww:wasContributedBy>
  </p0826-teimww:passage>
  <p0826-teimww:passage id="ww_eaa08ba49a63908f">
    <knoraXmlImport:label>passage</knoraXmlImport:label>
    <p0826-teimww:occursIn>
      <p0826-teimww:book knoraType="link_value" linkType="ref" target="ww_b3931845d54b98d5"/>
    </p0826-teimww:occursIn>
  </p0826-teimww:passage>
  <p0826-teimww:passage id="ww_4ff15fa3e3364b95">
    <knoraXmlImport:label>passage</knoraXmlImport:label>
    <p0826-teimww:contains>
      <p0826-teimww:lexia knoraType="link_value" linkType="ref" target="ww_6e2e4809374809cb"/>
    </p0826-teimww:contains>
    <p0826-teimww:hasPage knoraType="richtext_value">Act 3, scene 2, line 202.</p0826-teimww:hasPage>
    <p0826-teimww:hasText knoraType="richtext_value">[Player Queen:] &lt;span class="quote"&gt;In second husband let me be accurst!&lt;/span&gt;</p0826-teimww:hasText>
    <p0826-teimww:isMentionedIn>
      <p0826-teimww:passage knoraType="link_value" linkType="ref" target="ww_f3c82c65fe94c59f"/>
    </p0826-teimww:isMentionedIn>
    <p0826-teimww:isMentionedIn>
      <p0826-teimww:passage knoraType="link_value" linkType="ref" target="ww_71314006eedfa0f6"/>
    </p0826-teimww:isMentionedIn>
    <p0826-teimww:isMentionedIn>
      <p0826-teimww:passage knoraType="link_value" linkType="ref" target="ww_0a9b466fb915d459"/>
    </p0826-teimww:isMentionedIn>
    <p0826-teimww:occursIn>
      <p0826-teimww:book knoraType="link_value" linkType="ref" target="ww_5cb4c35da9f3b9dd"/>
    </p0826-teimww:occursIn>
    <p0826-teimww:wasContributedBy>
      <p0826-teimww:person knoraType="link_value" linkType="ref" target="ww_7f35f6802efd910d"/>
    </p0826-teimww:wasContributedBy>
  </p0826-teimww:passage>
  <p0826-teimww:passage id="ww_f3c82c65fe94c59f">
    <knoraXmlImport:label>passage</knoraXmlImport:label>
    <p0826-teimww:occursIn>
      <p0826-teimww:book knoraType="link_value" linkType="ref" target="ww_1140c36ab545b6d8"/>
    </p0826-teimww:occursIn>
  </p0826-teimww:passage>
  <p0826-teimww:passage id="ww_0a9b466fb915d459">
    <knoraXmlImport:label>passage</knoraXmlImport:label>
    <p0826-teimww:occursIn>
      <p0826-teimww:book knoraType="link_value" linkType="ref" target="ww_e45c23b640bedb8f"/>
    </p0826-teimww:occursIn>
  </p0826-teimww:passage>
  <p0826-teimww:passage id="ww_71314006eedfa0f6">
    <knoraXmlImport:label>passage</knoraXmlImport:label>
    <p0826-teimww:occursIn>
      <p0826-teimww:book knoraType="link_value" linkType="ref" target="ww_ba8a8fc764e851b4"/>
    </p0826-teimww:occursIn>
  </p0826-teimww:passage>
  <p0826-teimww:passage id="ww_756a98f0988721a7">
    <knoraXmlImport:label>passage</knoraXmlImport:label>
    <p0826-teimww:contains>
      <p0826-teimww:lexia knoraType="link_value" linkType="ref" target="ww_8cd8ee49b436b075"/>
    </p0826-teimww:contains>
    <p0826-teimww:hasPage knoraType="richtext_value">Act 3, scene 2, line 207.</p0826-teimww:hasPage>
    <p0826-teimww:hasText knoraType="richtext_value">[Player Queen:] &lt;span class="quote"&gt;A second time I kill my husband dead &lt;/span&gt;[...].</p0826-teimww:hasText>
    <p0826-teimww:isMentionedIn>
      <p0826-teimww:passage knoraType="link_value" linkType="ref" target="ww_80c942af7ae6bfe1"/>
    </p0826-teimww:isMentionedIn>
    <p0826-teimww:isMentionedIn>
      <p0826-teimww:passage knoraType="link_value" linkType="ref" target="ww_e60f172b849d1141"/>
    </p0826-teimww:isMentionedIn>
    <p0826-teimww:occursIn>
      <p0826-teimww:book knoraType="link_value" linkType="ref" target="ww_5cb4c35da9f3b9dd"/>
    </p0826-teimww:occursIn>
    <p0826-teimww:wasContributedBy>
      <p0826-teimww:person knoraType="link_value" linkType="ref" target="ww_7f35f6802efd910d"/>
    </p0826-teimww:wasContributedBy>
  </p0826-teimww:passage>
  <p0826-teimww:passage id="ww_80c942af7ae6bfe1">
    <knoraXmlImport:label>passage</knoraXmlImport:label>
    <p0826-teimww:occursIn>
      <p0826-teimww:book knoraType="link_value" linkType="ref" target="ww_e45c23b640bedb8f"/>
    </p0826-teimww:occursIn>
  </p0826-teimww:passage>
  <p0826-teimww:passage id="ww_e60f172b849d1141">
    <knoraXmlImport:label>passage</knoraXmlImport:label>
    <p0826-teimww:occursIn>
      <p0826-teimww:book knoraType="link_value" linkType="ref" target="ww_5af91280461707f1"/>
    </p0826-teimww:occursIn>
  </p0826-teimww:passage>
  <p0826-teimww:passage id="ww_3d1785187c5b22aa">
    <knoraXmlImport:label>passage</knoraXmlImport:label>
    <p0826-teimww:contains>
      <p0826-teimww:lexia knoraType="link_value" linkType="ref" target="ww_f2a88cf6d441f8bf"/>
    </p0826-teimww:contains>
    <p0826-teimww:hasPage knoraType="richtext_value">Act 5, scene 2, lines 441-444.</p0826-teimww:hasPage>
    <p0826-teimww:hasText knoraType="richtext_value">[Fortinbras:] Let four captains&lt;br&gt;
&lt;span class="quote"&gt;bear Hamlet like a soldier to the stage,&lt;br&gt;&lt;/span&gt;
For he was likely, had he been put on,&lt;br&gt;
To have proved most royal [...].</p0826-teimww:hasText>
    <p0826-teimww:occursIn>
      <p0826-teimww:book knoraType="link_value" linkType="ref" target="ww_5cb4c35da9f3b9dd"/>
    </p0826-teimww:occursIn>
    <p0826-teimww:wasContributedBy>
      <p0826-teimww:person knoraType="link_value" linkType="ref" target="ww_c4063e9c72a3ffd2"/>
    </p0826-teimww:wasContributedBy>
  </p0826-teimww:passage>
  <p0826-teimww:passage id="ww_5e6a7e77ec2dceea">
    <knoraXmlImport:label>passage</knoraXmlImport:label>
    <p0826-teimww:contains>
      <p0826-teimww:lexia knoraType="link_value" linkType="ref" target="ww_13124a04cf45c8c7"/>
    </p0826-teimww:contains>
    <p0826-teimww:hasPage knoraType="richtext_value">Act 3, scene 2, line 254.</p0826-teimww:hasPage>
    <p0826-teimww:hasText knoraType="richtext_value">[Queen:] &lt;span class="quote"&gt;The lady doth protest too much, methinks.&lt;/span&gt;</p0826-teimww:hasText>
    <p0826-teimww:isMentionedIn>
      <p0826-teimww:passage knoraType="link_value" linkType="ref" target="ww_150c1cece7b5886e"/>
    </p0826-teimww:isMentionedIn>
    <p0826-teimww:occursIn>
      <p0826-teimww:book knoraType="link_value" linkType="ref" target="ww_5cb4c35da9f3b9dd"/>
    </p0826-teimww:occursIn>
    <p0826-teimww:wasContributedBy>
      <p0826-teimww:person knoraType="link_value" linkType="ref" target="ww_7f35f6802efd910d"/>
    </p0826-teimww:wasContributedBy>
  </p0826-teimww:passage>
  <p0826-teimww:passage id="ww_150c1cece7b5886e">
    <knoraXmlImport:label>passage</knoraXmlImport:label>
    <p0826-teimww:occursIn>
      <p0826-teimww:book knoraType="link_value" linkType="ref" target="ww_3e15ab6c612eadae"/>
    </p0826-teimww:occursIn>
  </p0826-teimww:passage>
  <p0826-teimww:passage id="ww_a8badf44403f687f">
    <knoraXmlImport:label>passage</knoraXmlImport:label>
    <p0826-teimww:contains>
      <p0826-teimww:lexia knoraType="link_value" linkType="ref" target="ww_506d8aa2c7c8e19c"/>
    </p0826-teimww:contains>
    <p0826-teimww:hasPage knoraType="richtext_value">Act 3, scene 2, lines 99-101.</p0826-teimww:hasPage>
    <p0826-teimww:hasText knoraType="richtext_value">[Hamlet:] Excellent, i' faith, &lt;span class="quote"&gt;of the chameleon's dish. I eat the air, &lt;/span&gt;promise-crammed. You cannot feed capons so.</p0826-teimww:hasText>
    <p0826-teimww:isMentionedIn>
      <p0826-teimww:passage knoraType="link_value" linkType="ref" target="ww_6b9e393dc3086e33"/>
    </p0826-teimww:isMentionedIn>
    <p0826-teimww:occursIn>
      <p0826-teimww:book knoraType="link_value" linkType="ref" target="ww_5cb4c35da9f3b9dd"/>
    </p0826-teimww:occursIn>
    <p0826-teimww:wasContributedBy>
      <p0826-teimww:person knoraType="link_value" linkType="ref" target="ww_c4063e9c72a3ffd2"/>
    </p0826-teimww:wasContributedBy>
  </p0826-teimww:passage>
  <p0826-teimww:passage id="ww_6b9e393dc3086e33">
    <knoraXmlImport:label>passage</knoraXmlImport:label>
    <p0826-teimww:occursIn>
      <p0826-teimww:book knoraType="link_value" linkType="ref" target="ww_4899784ecc7f3845"/>
    </p0826-teimww:occursIn>
  </p0826-teimww:passage>
  <p0826-teimww:passage id="ww_91755c323b5c518a">
    <knoraXmlImport:label>passage</knoraXmlImport:label>
    <p0826-teimww:contains>
      <p0826-teimww:lexia knoraType="link_value" linkType="ref" target="ww_8522356ce87c1b40"/>
    </p0826-teimww:contains>
    <p0826-teimww:contains>
      <p0826-teimww:lexia knoraType="link_value" linkType="ref" target="ww_dee72dd86ee94841"/>
    </p0826-teimww:contains>
    <p0826-teimww:hasPage knoraType="richtext_value">Act 2, scene 2, lines 293-296.</p0826-teimww:hasPage>
    <p0826-teimww:hasText knoraType="richtext_value">[Hamlet:]  [...] &lt;span class="quote"&gt;Yet I,&lt;br&gt;
A dull and muddy-mettled rascal, &lt;/span&gt;peak &lt;br&gt;
Like &lt;span class="quote"&gt;John-a-dreams, unpregnant of my cause, &lt;br&gt;
And can say nothing &lt;/span&gt;[...].</p0826-teimww:hasText>
    <p0826-teimww:isMentionedIn>
      <p0826-teimww:passage knoraType="link_value" linkType="ref" target="ww_14c2feb845b33e2f"/>
    </p0826-teimww:isMentionedIn>
    <p0826-teimww:isMentionedIn>
      <p0826-teimww:passage knoraType="link_value" linkType="ref" target="ww_d2822c9fcb7938ce"/>
    </p0826-teimww:isMentionedIn>
    <p0826-teimww:occursIn>
      <p0826-teimww:book knoraType="link_value" linkType="ref" target="ww_5cb4c35da9f3b9dd"/>
    </p0826-teimww:occursIn>
    <p0826-teimww:wasContributedBy>
      <p0826-teimww:person knoraType="link_value" linkType="ref" target="ww_c4063e9c72a3ffd2"/>
    </p0826-teimww:wasContributedBy>
  </p0826-teimww:passage>
  <p0826-teimww:passage id="ww_14c2feb845b33e2f">
    <knoraXmlImport:label>passage</knoraXmlImport:label>
    <p0826-teimww:occursIn>
      <p0826-teimww:book knoraType="link_value" linkType="ref" target="ww_ca15500e7036f16e"/>
    </p0826-teimww:occursIn>
  </p0826-teimww:passage>
  <p0826-teimww:passage id="ww_d2822c9fcb7938ce">
    <knoraXmlImport:label>passage</knoraXmlImport:label>
    <p0826-teimww:occursIn>
      <p0826-teimww:book knoraType="link_value" linkType="ref" target="ww_b3931845d54b98d5"/>
    </p0826-teimww:occursIn>
  </p0826-teimww:passage>
  <p0826-teimww:passage id="ww_e8f1fc773294ce53">
    <knoraXmlImport:label>passage</knoraXmlImport:label>
    <p0826-teimww:contains>
      <p0826-teimww:lexia knoraType="link_value" linkType="ref" target="ww_ebf3f351b1329883"/>
    </p0826-teimww:contains>
    <p0826-teimww:contains>
      <p0826-teimww:lexia knoraType="link_value" linkType="ref" target="ww_5e66ecec146faf35"/>
    </p0826-teimww:contains>
    <p0826-teimww:hasPage knoraType="richtext_value">Act 2, scene 3, lines 88-89.</p0826-teimww:hasPage>
    <p0826-teimww:hasText knoraType="richtext_value">[Rosalind:] &lt;span class="quote"&gt;From the east to western Ind &lt;br&gt;
No jewel is like Rosalind.&lt;/span&gt;</p0826-teimww:hasText>
    <p0826-teimww:isMentionedIn>
      <p0826-teimww:passage knoraType="link_value" linkType="ref" target="ww_9e43d3d0809177e0"/>
    </p0826-teimww:isMentionedIn>
    <p0826-teimww:occursIn>
      <p0826-teimww:book knoraType="link_value" linkType="ref" target="ww_5c3ae833a8aaf03d"/>
    </p0826-teimww:occursIn>
    <p0826-teimww:wasContributedBy>
      <p0826-teimww:person knoraType="link_value" linkType="ref" target="ww_c4063e9c72a3ffd2"/>
    </p0826-teimww:wasContributedBy>
  </p0826-teimww:passage>
  <p0826-teimww:passage id="ww_9e43d3d0809177e0">
    <knoraXmlImport:label>passage</knoraXmlImport:label>
    <p0826-teimww:occursIn>
      <p0826-teimww:book knoraType="link_value" linkType="ref" target="ww_5af91280461707f1"/>
    </p0826-teimww:occursIn>
  </p0826-teimww:passage>
  <p0826-teimww:passage id="ww_b0f0ab2811ec89cd">
    <knoraXmlImport:label>passage</knoraXmlImport:label>
    <p0826-teimww:contains>
      <p0826-teimww:lexia knoraType="link_value" linkType="ref" target="ww_804b43339222c61a"/>
    </p0826-teimww:contains>
    <p0826-teimww:hasPage knoraType="richtext_value">Act 1, scene 5, lines 117-118.</p0826-teimww:hasPage>
    <p0826-teimww:hasText knoraType="richtext_value">[Hamlet:] So, uncle, there you are. Now to my word. It is "adieu, adieu,&lt;span class="quote"&gt;Remember me".&lt;/span&gt;</p0826-teimww:hasText>
    <p0826-teimww:isMentionedIn>
      <p0826-teimww:passage knoraType="link_value" linkType="ref" target="ww_df0f7d20b3f9bea6"/>
    </p0826-teimww:isMentionedIn>
    <p0826-teimww:occursIn>
      <p0826-teimww:book knoraType="link_value" linkType="ref" target="ww_5cb4c35da9f3b9dd"/>
    </p0826-teimww:occursIn>
    <p0826-teimww:wasContributedBy>
      <p0826-teimww:person knoraType="link_value" linkType="ref" target="ww_c4063e9c72a3ffd2"/>
    </p0826-teimww:wasContributedBy>
  </p0826-teimww:passage>
  <p0826-teimww:passage id="ww_df0f7d20b3f9bea6">
    <knoraXmlImport:label>passage</knoraXmlImport:label>
    <p0826-teimww:occursIn>
      <p0826-teimww:book knoraType="link_value" linkType="ref" target="ww_c1ca40b688cca87f"/>
    </p0826-teimww:occursIn>
  </p0826-teimww:passage>
  <p0826-teimww:passage id="ww_ce89a95e1a2530ce">
    <knoraXmlImport:label>passage</knoraXmlImport:label>
    <p0826-teimww:contains>
      <p0826-teimww:lexia knoraType="link_value" linkType="ref" target="ww_c235135b3cf7f6ec"/>
    </p0826-teimww:contains>
    <p0826-teimww:hasPage knoraType="richtext_value">Act 3, scene 2, lines 335-337.</p0826-teimww:hasPage>
    <p0826-teimww:hasText knoraType="richtext_value">[Guildenstern:] &lt;span class="quote"&gt;Good my lord, put your discourse into some frame and start not so wildly from my affair.&lt;/span&gt;</p0826-teimww:hasText>
    <p0826-teimww:isMentionedIn>
      <p0826-teimww:passage knoraType="link_value" linkType="ref" target="ww_b9f675b1b8000a64"/>
    </p0826-teimww:isMentionedIn>
    <p0826-teimww:occursIn>
      <p0826-teimww:book knoraType="link_value" linkType="ref" target="ww_5cb4c35da9f3b9dd"/>
    </p0826-teimww:occursIn>
    <p0826-teimww:wasContributedBy>
      <p0826-teimww:person knoraType="link_value" linkType="ref" target="ww_7f35f6802efd910d"/>
    </p0826-teimww:wasContributedBy>
  </p0826-teimww:passage>
  <p0826-teimww:passage id="ww_b9f675b1b8000a64">
    <knoraXmlImport:label>passage</knoraXmlImport:label>
    <p0826-teimww:occursIn>
      <p0826-teimww:book knoraType="link_value" linkType="ref" target="ww_160b060adc5c12bf"/>
    </p0826-teimww:occursIn>
  </p0826-teimww:passage>
  <p0826-teimww:passage id="ww_5086a755e9b2a2d6">
    <knoraXmlImport:label>passage</knoraXmlImport:label>
    <p0826-teimww:contains>
      <p0826-teimww:lexia knoraType="link_value" linkType="ref" target="ww_7a45c52ab10fe754"/>
    </p0826-teimww:contains>
    <p0826-teimww:hasPage knoraType="richtext_value">Act 2, scene 2, line 329.</p0826-teimww:hasPage>
    <p0826-teimww:hasText knoraType="richtext_value">[Hamlet:] [...] &lt;span class="quote"&gt;How like an angel [...].&lt;/span&gt;</p0826-teimww:hasText>
    <p0826-teimww:isMentionedIn>
      <p0826-teimww:passage knoraType="link_value" linkType="ref" target="ww_3dc650d3e7b1ad3f"/>
    </p0826-teimww:isMentionedIn>
    <p0826-teimww:occursIn>
      <p0826-teimww:book knoraType="link_value" linkType="ref" target="ww_5cb4c35da9f3b9dd"/>
    </p0826-teimww:occursIn>
    <p0826-teimww:wasContributedBy>
      <p0826-teimww:person knoraType="link_value" linkType="ref" target="ww_c4063e9c72a3ffd2"/>
    </p0826-teimww:wasContributedBy>
  </p0826-teimww:passage>
  <p0826-teimww:passage id="ww_3dc650d3e7b1ad3f">
    <knoraXmlImport:label>passage</knoraXmlImport:label>
    <p0826-teimww:occursIn>
      <p0826-teimww:book knoraType="link_value" linkType="ref" target="ww_3e15ab6c612eadae"/>
    </p0826-teimww:occursIn>
  </p0826-teimww:passage>
  <p0826-teimww:passage id="ww_6027d71ff9ef0fa7">
    <knoraXmlImport:label>passage</knoraXmlImport:label>
    <p0826-teimww:contains>
      <p0826-teimww:lexia knoraType="link_value" linkType="ref" target="ww_fa1dc66d85c79759"/>
    </p0826-teimww:contains>
    <p0826-teimww:hasPage knoraType="richtext_value">Act 1, scene 3, Line 84.</p0826-teimww:hasPage>
    <p0826-teimww:hasText knoraType="richtext_value">[Polonius:] [...] &lt;span class="quote"&gt;To thine own self be true&lt;/span&gt; [...].</p0826-teimww:hasText>
    <p0826-teimww:isMentionedIn>
      <p0826-teimww:passage knoraType="link_value" linkType="ref" target="ww_515159322b57fc33"/>
    </p0826-teimww:isMentionedIn>
    <p0826-teimww:occursIn>
      <p0826-teimww:book knoraType="link_value" linkType="ref" target="ww_5cb4c35da9f3b9dd"/>
    </p0826-teimww:occursIn>
    <p0826-teimww:wasContributedBy>
      <p0826-teimww:person knoraType="link_value" linkType="ref" target="ww_c4063e9c72a3ffd2"/>
    </p0826-teimww:wasContributedBy>
  </p0826-teimww:passage>
  <p0826-teimww:passage id="ww_515159322b57fc33">
    <knoraXmlImport:label>passage</knoraXmlImport:label>
    <p0826-teimww:occursIn>
      <p0826-teimww:book knoraType="link_value" linkType="ref" target="ww_4899784ecc7f3845"/>
    </p0826-teimww:occursIn>
  </p0826-teimww:passage>
  <p0826-teimww:passage id="ww_d985d1f5d3fbce1a">
    <knoraXmlImport:label>passage</knoraXmlImport:label>
    <p0826-teimww:contains>
      <p0826-teimww:lexia knoraType="link_value" linkType="ref" target="ww_a31746659974f691"/>
    </p0826-teimww:contains>
    <p0826-teimww:hasPage knoraType="richtext_value">Act 3, scene 2, line 364.</p0826-teimww:hasPage>
    <p0826-teimww:hasText knoraType="richtext_value">[Hamlet:] &lt;span class="quote"&gt;And do still, by these pickers and stealers.&lt;/span&gt;</p0826-teimww:hasText>
    <p0826-teimww:isMentionedIn>
      <p0826-teimww:passage knoraType="link_value" linkType="ref" target="ww_6c102895a83e7f14"/>
    </p0826-teimww:isMentionedIn>
    <p0826-teimww:occursIn>
      <p0826-teimww:book knoraType="link_value" linkType="ref" target="ww_5cb4c35da9f3b9dd"/>
    </p0826-teimww:occursIn>
    <p0826-teimww:wasContributedBy>
      <p0826-teimww:person knoraType="link_value" linkType="ref" target="ww_7f35f6802efd910d"/>
    </p0826-teimww:wasContributedBy>
  </p0826-teimww:passage>
  <p0826-teimww:passage id="ww_6c102895a83e7f14">
    <knoraXmlImport:label>passage</knoraXmlImport:label>
    <p0826-teimww:occursIn>
      <p0826-teimww:book knoraType="link_value" linkType="ref" target="ww_0b28ed19a0540e1d"/>
    </p0826-teimww:occursIn>
  </p0826-teimww:passage>
  <p0826-teimww:passage id="ww_a718b1298cf29c0b">
    <knoraXmlImport:label>passage</knoraXmlImport:label>
    <p0826-teimww:contains>
      <p0826-teimww:lexia knoraType="link_value" linkType="ref" target="ww_0e1171082bb90a82"/>
    </p0826-teimww:contains>
    <p0826-teimww:hasPage knoraType="richtext_value">Act 5, scene 1, lines 154-160.</p0826-teimww:hasPage>
    <p0826-teimww:hasText knoraType="richtext_value">[Hamlet:] Ay, marry, &lt;span class="quote"&gt;why was he sent into England? &lt;br&gt;&lt;/span&gt;
[Gravedigger:] Why, &lt;span class="quote"&gt;because he was mad: he shall recover his wits there; &lt;/span&gt;or, if he do not, it's no great matter there. &lt;br&gt;
[Hamlet:] Why? &lt;br&gt;
[Gravedigger:] 'Twill, a not be seen in him there; there the men are as mad as he. </p0826-teimww:hasText>
    <p0826-teimww:isMentionedIn>
      <p0826-teimww:passage knoraType="link_value" linkType="ref" target="ww_c76082513d0ff9d3"/>
    </p0826-teimww:isMentionedIn>
    <p0826-teimww:occursIn>
      <p0826-teimww:book knoraType="link_value" linkType="ref" target="ww_5cb4c35da9f3b9dd"/>
    </p0826-teimww:occursIn>
    <p0826-teimww:wasContributedBy>
      <p0826-teimww:person knoraType="link_value" linkType="ref" target="ww_c4063e9c72a3ffd2"/>
    </p0826-teimww:wasContributedBy>
  </p0826-teimww:passage>
  <p0826-teimww:passage id="ww_c76082513d0ff9d3">
    <knoraXmlImport:label>passage</knoraXmlImport:label>
    <p0826-teimww:occursIn>
      <p0826-teimww:book knoraType="link_value" linkType="ref" target="ww_3e15ab6c612eadae"/>
    </p0826-teimww:occursIn>
  </p0826-teimww:passage>
  <p0826-teimww:passage id="ww_0585f44a3b4c51ac">
    <knoraXmlImport:label>passage</knoraXmlImport:label>
    <p0826-teimww:contains>
      <p0826-teimww:lexia knoraType="link_value" linkType="ref" target="ww_cfe85afbae533828"/>
    </p0826-teimww:contains>
    <p0826-teimww:hasPage knoraType="richtext_value">Act 3, scene 2, line 429.</p0826-teimww:hasPage>
    <p0826-teimww:hasText knoraType="richtext_value">[Hamlet:] [...] &lt;span class="quote"&gt;I will speak daggers to her, but use none &lt;/span&gt;[...]. </p0826-teimww:hasText>
    <p0826-teimww:isMentionedIn>
      <p0826-teimww:passage knoraType="link_value" linkType="ref" target="ww_59100bedb17cd1ef"/>
    </p0826-teimww:isMentionedIn>
    <p0826-teimww:isMentionedIn>
      <p0826-teimww:passage knoraType="link_value" linkType="ref" target="ww_1af5a76ba4a869f7"/>
    </p0826-teimww:isMentionedIn>
    <p0826-teimww:isMentionedIn>
      <p0826-teimww:passage knoraType="link_value" linkType="ref" target="ww_a29c5d0e1d13b467"/>
    </p0826-teimww:isMentionedIn>
    <p0826-teimww:occursIn>
      <p0826-teimww:book knoraType="link_value" linkType="ref" target="ww_5cb4c35da9f3b9dd"/>
    </p0826-teimww:occursIn>
    <p0826-teimww:wasContributedBy>
      <p0826-teimww:person knoraType="link_value" linkType="ref" target="ww_7f35f6802efd910d"/>
    </p0826-teimww:wasContributedBy>
  </p0826-teimww:passage>
  <p0826-teimww:passage id="ww_a29c5d0e1d13b467">
    <knoraXmlImport:label>passage</knoraXmlImport:label>
    <p0826-teimww:occursIn>
      <p0826-teimww:book knoraType="link_value" linkType="ref" target="ww_b3931845d54b98d5"/>
    </p0826-teimww:occursIn>
  </p0826-teimww:passage>
  <p0826-teimww:passage id="ww_1af5a76ba4a869f7">
    <knoraXmlImport:label>passage</knoraXmlImport:label>
    <p0826-teimww:occursIn>
      <p0826-teimww:book knoraType="link_value" linkType="ref" target="ww_1c8a25fac02f85a7"/>
    </p0826-teimww:occursIn>
  </p0826-teimww:passage>
  <p0826-teimww:passage id="ww_59100bedb17cd1ef">
    <knoraXmlImport:label>passage</knoraXmlImport:label>
    <p0826-teimww:occursIn>
      <p0826-teimww:book knoraType="link_value" linkType="ref" target="ww_df2b8c2f18df151a"/>
    </p0826-teimww:occursIn>
  </p0826-teimww:passage>
  <p0826-teimww:passage id="ww_602fa15ab651c8a3">
    <knoraXmlImport:label>passage</knoraXmlImport:label>
    <p0826-teimww:contains>
      <p0826-teimww:lexia knoraType="link_value" linkType="ref" target="ww_c3777f4f7089742e"/>
    </p0826-teimww:contains>
    <p0826-teimww:hasPage knoraType="richtext_value">Act 2, scene 2, lines 497-498.</p0826-teimww:hasPage>
    <p0826-teimww:hasText knoraType="richtext_value">[First Player:] &lt;span class="quote"&gt;Pyrrhus at Priam drives, in rage strikes wide;&lt;br&gt;
But with the whiff and wind of his fell sword &lt;/span&gt;[...].</p0826-teimww:hasText>
    <p0826-teimww:isMentionedIn>
      <p0826-teimww:passage knoraType="link_value" linkType="ref" target="ww_2e7a8dc852cf98fb"/>
    </p0826-teimww:isMentionedIn>
    <p0826-teimww:occursIn>
      <p0826-teimww:book knoraType="link_value" linkType="ref" target="ww_5cb4c35da9f3b9dd"/>
    </p0826-teimww:occursIn>
    <p0826-teimww:wasContributedBy>
      <p0826-teimww:person knoraType="link_value" linkType="ref" target="ww_c4063e9c72a3ffd2"/>
    </p0826-teimww:wasContributedBy>
  </p0826-teimww:passage>
  <p0826-teimww:passage id="ww_2e7a8dc852cf98fb">
    <knoraXmlImport:label>passage</knoraXmlImport:label>
    <p0826-teimww:occursIn>
      <p0826-teimww:book knoraType="link_value" linkType="ref" target="ww_3f86f30540de15b8"/>
    </p0826-teimww:occursIn>
  </p0826-teimww:passage>
  <p0826-teimww:passage id="ww_539bb68ff978b1de">
    <knoraXmlImport:label>passage</knoraXmlImport:label>
    <p0826-teimww:contains>
      <p0826-teimww:lexia knoraType="link_value" linkType="ref" target="ww_741b0382acbd375a"/>
    </p0826-teimww:contains>
    <p0826-teimww:hasPage knoraType="richtext_value">Act 2, scene 1, line 61.</p0826-teimww:hasPage>
    <p0826-teimww:hasText knoraType="richtext_value">[Polonius:] [...]&lt;span class="quote"&gt; By indirections find directions out.&lt;/span&gt;</p0826-teimww:hasText>
    <p0826-teimww:isMentionedIn>
      <p0826-teimww:passage knoraType="link_value" linkType="ref" target="ww_3b0d31822e31e884"/>
    </p0826-teimww:isMentionedIn>
    <p0826-teimww:occursIn>
      <p0826-teimww:book knoraType="link_value" linkType="ref" target="ww_5cb4c35da9f3b9dd"/>
    </p0826-teimww:occursIn>
    <p0826-teimww:wasContributedBy>
      <p0826-teimww:person knoraType="link_value" linkType="ref" target="ww_7f35f6802efd910d"/>
    </p0826-teimww:wasContributedBy>
  </p0826-teimww:passage>
  <p0826-teimww:passage id="ww_3b0d31822e31e884">
    <knoraXmlImport:label>passage</knoraXmlImport:label>
    <p0826-teimww:occursIn>
      <p0826-teimww:book knoraType="link_value" linkType="ref" target="ww_b3931845d54b98d5"/>
    </p0826-teimww:occursIn>
  </p0826-teimww:passage>
  <p0826-teimww:passage id="ww_ac463396430e01ae">
    <knoraXmlImport:label>passage</knoraXmlImport:label>
    <p0826-teimww:contains>
      <p0826-teimww:lexia knoraType="link_value" linkType="ref" target="ww_d1f9d813f425477c"/>
    </p0826-teimww:contains>
    <p0826-teimww:hasPage knoraType="richtext_value">Act 2, scene 2, lines 571-572.</p0826-teimww:hasPage>
    <p0826-teimww:hasText knoraType="richtext_value">[Hamlet:] &lt;span class="quote"&gt;Very well. Follow that lord - and look you mock him not.&lt;/span&gt;</p0826-teimww:hasText>
    <p0826-teimww:isMentionedIn>
      <p0826-teimww:passage knoraType="link_value" linkType="ref" target="ww_765eb68f44ddf505"/>
    </p0826-teimww:isMentionedIn>
    <p0826-teimww:occursIn>
      <p0826-teimww:book knoraType="link_value" linkType="ref" target="ww_5cb4c35da9f3b9dd"/>
    </p0826-teimww:occursIn>
    <p0826-teimww:wasContributedBy>
      <p0826-teimww:person knoraType="link_value" linkType="ref" target="ww_7f35f6802efd910d"/>
    </p0826-teimww:wasContributedBy>
  </p0826-teimww:passage>
  <p0826-teimww:passage id="ww_765eb68f44ddf505">
    <knoraXmlImport:label>passage</knoraXmlImport:label>
    <p0826-teimww:occursIn>
      <p0826-teimww:book knoraType="link_value" linkType="ref" target="ww_cd1e70f8e2cd8c82"/>
    </p0826-teimww:occursIn>
  </p0826-teimww:passage>
  <p0826-teimww:passage id="ww_a2b1e57786978f7d">
    <knoraXmlImport:label>passage</knoraXmlImport:label>
    <p0826-teimww:contains>
      <p0826-teimww:lexia knoraType="link_value" linkType="ref" target="ww_3e1e609b2e8e353c"/>
    </p0826-teimww:contains>
    <p0826-teimww:hasPage knoraType="richtext_value">Act 2, scene 2, lines 131-132.</p0826-teimww:hasPage>
    <p0826-teimww:hasText knoraType="richtext_value">[Polonius:] &lt;span class="quote"&gt;Thine evermore, most dear lady, whilst this machine is to him, Hamlet.&lt;/span&gt;</p0826-teimww:hasText>
    <p0826-teimww:isMentionedIn>
      <p0826-teimww:passage knoraType="link_value" linkType="ref" target="ww_fda3b343bfc99b7e"/>
    </p0826-teimww:isMentionedIn>
    <p0826-teimww:occursIn>
      <p0826-teimww:book knoraType="link_value" linkType="ref" target="ww_5cb4c35da9f3b9dd"/>
    </p0826-teimww:occursIn>
    <p0826-teimww:wasContributedBy>
      <p0826-teimww:person knoraType="link_value" linkType="ref" target="ww_7f35f6802efd910d"/>
    </p0826-teimww:wasContributedBy>
  </p0826-teimww:passage>
  <p0826-teimww:passage id="ww_fda3b343bfc99b7e">
    <knoraXmlImport:label>passage</knoraXmlImport:label>
    <p0826-teimww:occursIn>
      <p0826-teimww:book knoraType="link_value" linkType="ref" target="ww_160b060adc5c12bf"/>
    </p0826-teimww:occursIn>
  </p0826-teimww:passage>
  <p0826-teimww:passage id="ww_d893ccc35b2ac563">
    <knoraXmlImport:label>passage</knoraXmlImport:label>
    <p0826-teimww:contains>
      <p0826-teimww:lexia knoraType="link_value" linkType="ref" target="ww_135b1727edb66667"/>
    </p0826-teimww:contains>
    <p0826-teimww:hasPage knoraType="richtext_value">Act 2, scene 2, lines 197-199.</p0826-teimww:hasPage>
    <p0826-teimww:hasText knoraType="richtext_value">[Hamlet:] &lt;span class="quote"&gt;For if the sun breed maggots in a dead dog, being a good kissing carrion - Have you a
daughter?&lt;/span&gt;</p0826-teimww:hasText>
    <p0826-teimww:isMentionedIn>
      <p0826-teimww:passage knoraType="link_value" linkType="ref" target="ww_4b5ba5dab1268829"/>
    </p0826-teimww:isMentionedIn>
    <p0826-teimww:occursIn>
      <p0826-teimww:book knoraType="link_value" linkType="ref" target="ww_5cb4c35da9f3b9dd"/>
    </p0826-teimww:occursIn>
    <p0826-teimww:wasContributedBy>
      <p0826-teimww:person knoraType="link_value" linkType="ref" target="ww_7f35f6802efd910d"/>
    </p0826-teimww:wasContributedBy>
  </p0826-teimww:passage>
  <p0826-teimww:passage id="ww_4b5ba5dab1268829">
    <knoraXmlImport:label>passage</knoraXmlImport:label>
    <p0826-teimww:occursIn>
      <p0826-teimww:book knoraType="link_value" linkType="ref" target="ww_b3931845d54b98d5"/>
    </p0826-teimww:occursIn>
  </p0826-teimww:passage>
  <p0826-teimww:passage id="ww_847272dfd3e3624c">
    <knoraXmlImport:label>passage</knoraXmlImport:label>
    <p0826-teimww:contains>
      <p0826-teimww:lexia knoraType="link_value" linkType="ref" target="ww_2d71c4e855d9a5eb"/>
    </p0826-teimww:contains>
    <p0826-teimww:hasPage knoraType="richtext_value">Act 5, scene 2, line 382.</p0826-teimww:hasPage>
    <p0826-teimww:hasText knoraType="richtext_value">[Hamlet:] Absent thee from&lt;span class="quote"&gt; felicity&lt;/span&gt; awhile
</p0826-teimww:hasText>
    <p0826-teimww:isMentionedIn>
      <p0826-teimww:passage knoraType="link_value" linkType="ref" target="ww_e9e64e72722ca699"/>
    </p0826-teimww:isMentionedIn>
    <p0826-teimww:occursIn>
      <p0826-teimww:book knoraType="link_value" linkType="ref" target="ww_5cb4c35da9f3b9dd"/>
    </p0826-teimww:occursIn>
    <p0826-teimww:wasContributedBy>
      <p0826-teimww:person knoraType="link_value" linkType="ref" target="ww_7f35f6802efd910d"/>
    </p0826-teimww:wasContributedBy>
  </p0826-teimww:passage>
  <p0826-teimww:passage id="ww_e9e64e72722ca699">
    <knoraXmlImport:label>passage</knoraXmlImport:label>
    <p0826-teimww:occursIn>
      <p0826-teimww:book knoraType="link_value" linkType="ref" target="ww_0b28ed19a0540e1d"/>
    </p0826-teimww:occursIn>
  </p0826-teimww:passage>
  <p0826-teimww:passage id="ww_43cb4d0d299dd880">
    <knoraXmlImport:label>passage</knoraXmlImport:label>
    <p0826-teimww:contains>
      <p0826-teimww:lexia knoraType="link_value" linkType="ref" target="ww_527ad205c9488142"/>
    </p0826-teimww:contains>
    <p0826-teimww:hasPage knoraType="richtext_value">Act 5, scene 1, lines 63-66.</p0826-teimww:hasPage>
    <p0826-teimww:hasText knoraType="richtext_value">[Gravedigger:]&lt;span class="quote"&gt; In youth when I did love, did love, &lt;br&gt;
Methought it was very sweet&lt;br&gt;
To contract - O - the time for - a - my behove,&lt;br&gt;
O, methought there - a - was nothing - a - meet&lt;br&gt;&lt;/span&gt;[...].</p0826-teimww:hasText>
    <p0826-teimww:isMentionedIn>
      <p0826-teimww:passage knoraType="link_value" linkType="ref" target="ww_06f09efb6b72f232"/>
    </p0826-teimww:isMentionedIn>
    <p0826-teimww:isMentionedIn>
      <p0826-teimww:passage knoraType="link_value" linkType="ref" target="ww_fdd4de59e8c41940"/>
    </p0826-teimww:isMentionedIn>
    <p0826-teimww:isMentionedIn>
      <p0826-teimww:passage knoraType="link_value" linkType="ref" target="ww_da992b4be0abcccf"/>
    </p0826-teimww:isMentionedIn>
    <p0826-teimww:isMentionedIn>
      <p0826-teimww:passage knoraType="link_value" linkType="ref" target="ww_600f32fdea82d8ec"/>
    </p0826-teimww:isMentionedIn>
    <p0826-teimww:occursIn>
      <p0826-teimww:book knoraType="link_value" linkType="ref" target="ww_5cb4c35da9f3b9dd"/>
    </p0826-teimww:occursIn>
    <p0826-teimww:wasContributedBy>
      <p0826-teimww:person knoraType="link_value" linkType="ref" target="ww_7f35f6802efd910d"/>
    </p0826-teimww:wasContributedBy>
  </p0826-teimww:passage>
  <p0826-teimww:passage id="ww_fdd4de59e8c41940">
    <knoraXmlImport:label>passage</knoraXmlImport:label>
    <p0826-teimww:occursIn>
      <p0826-teimww:book knoraType="link_value" linkType="ref" target="ww_359edd0d37d00410"/>
    </p0826-teimww:occursIn>
  </p0826-teimww:passage>
  <p0826-teimww:passage id="ww_da992b4be0abcccf">
    <knoraXmlImport:label>passage</knoraXmlImport:label>
    <p0826-teimww:occursIn>
      <p0826-teimww:book knoraType="link_value" linkType="ref" target="ww_b3931845d54b98d5"/>
    </p0826-teimww:occursIn>
  </p0826-teimww:passage>
  <p0826-teimww:passage id="ww_06f09efb6b72f232">
    <knoraXmlImport:label>passage</knoraXmlImport:label>
    <p0826-teimww:occursIn>
      <p0826-teimww:book knoraType="link_value" linkType="ref" target="ww_0dd5e309103973fb"/>
    </p0826-teimww:occursIn>
  </p0826-teimww:passage>
  <p0826-teimww:passage id="ww_600f32fdea82d8ec">
    <knoraXmlImport:label>passage</knoraXmlImport:label>
    <p0826-teimww:occursIn>
      <p0826-teimww:book knoraType="link_value" linkType="ref" target="ww_6f8bba60983f33d9"/>
    </p0826-teimww:occursIn>
  </p0826-teimww:passage>
  <p0826-teimww:passage id="ww_e3979363fd630da5">
    <knoraXmlImport:label>passage</knoraXmlImport:label>
    <p0826-teimww:contains>
      <p0826-teimww:lexia knoraType="link_value" linkType="ref" target="ww_795e5e58e7a25985"/>
    </p0826-teimww:contains>
    <p0826-teimww:hasPage knoraType="richtext_value">Act 5, scene 1, lines 73-76.</p0826-teimww:hasPage>
    <p0826-teimww:hasText knoraType="richtext_value">[Gravedigger:] &lt;span class="quote"&gt;But age with his stealing steps &lt;br&gt;
Hath clawed me in his clutch,&lt;br&gt;
And hath shipped me into the land,&lt;br&gt;
As if I had never been such.&lt;/span&gt;</p0826-teimww:hasText>
    <p0826-teimww:isMentionedIn>
      <p0826-teimww:passage knoraType="link_value" linkType="ref" target="ww_7438b4738d6658ba"/>
    </p0826-teimww:isMentionedIn>
    <p0826-teimww:isMentionedIn>
      <p0826-teimww:passage knoraType="link_value" linkType="ref" target="ww_b822020a5724eb85"/>
    </p0826-teimww:isMentionedIn>
    <p0826-teimww:isMentionedIn>
      <p0826-teimww:passage knoraType="link_value" linkType="ref" target="ww_df6f444958b7d1bd"/>
    </p0826-teimww:isMentionedIn>
    <p0826-teimww:isMentionedIn>
      <p0826-teimww:passage knoraType="link_value" linkType="ref" target="ww_08d0b9837c99d8c6"/>
    </p0826-teimww:isMentionedIn>
    <p0826-teimww:occursIn>
      <p0826-teimww:book knoraType="link_value" linkType="ref" target="ww_5cb4c35da9f3b9dd"/>
    </p0826-teimww:occursIn>
    <p0826-teimww:wasContributedBy>
      <p0826-teimww:person knoraType="link_value" linkType="ref" target="ww_7f35f6802efd910d"/>
    </p0826-teimww:wasContributedBy>
  </p0826-teimww:passage>
  <p0826-teimww:passage id="ww_7438b4738d6658ba">
    <knoraXmlImport:label>passage</knoraXmlImport:label>
    <p0826-teimww:occursIn>
      <p0826-teimww:book knoraType="link_value" linkType="ref" target="ww_359edd0d37d00410"/>
    </p0826-teimww:occursIn>
  </p0826-teimww:passage>
  <p0826-teimww:passage id="ww_08d0b9837c99d8c6">
    <knoraXmlImport:label>passage</knoraXmlImport:label>
    <p0826-teimww:occursIn>
      <p0826-teimww:book knoraType="link_value" linkType="ref" target="ww_b3931845d54b98d5"/>
    </p0826-teimww:occursIn>
  </p0826-teimww:passage>
  <p0826-teimww:passage id="ww_b822020a5724eb85">
    <knoraXmlImport:label>passage</knoraXmlImport:label>
    <p0826-teimww:occursIn>
      <p0826-teimww:book knoraType="link_value" linkType="ref" target="ww_f3b3659c26b68006"/>
    </p0826-teimww:occursIn>
  </p0826-teimww:passage>
  <p0826-teimww:passage id="ww_df6f444958b7d1bd">
    <knoraXmlImport:label>passage</knoraXmlImport:label>
    <p0826-teimww:occursIn>
      <p0826-teimww:book knoraType="link_value" linkType="ref" target="ww_6f8bba60983f33d9"/>
    </p0826-teimww:occursIn>
  </p0826-teimww:passage>
  <p0826-teimww:passage id="ww_3e5654b7da2ccbcd">
    <knoraXmlImport:label>passage</knoraXmlImport:label>
    <p0826-teimww:contains>
      <p0826-teimww:lexia knoraType="link_value" linkType="ref" target="ww_974956dcc1643abe"/>
    </p0826-teimww:contains>
    <p0826-teimww:hasPage knoraType="richtext_value">Act 4, scene 5, line 53.</p0826-teimww:hasPage>
    <p0826-teimww:hasText knoraType="richtext_value">[Ophelia:] [...] &lt;span class="quote"&gt;Tomorrow is St. Valentine's day /span&gt;[...].</p0826-teimww:hasText>
    <p0826-teimww:isMentionedIn>
      <p0826-teimww:passage knoraType="link_value" linkType="ref" target="ww_18b9c65b4e249bfc"/>
    </p0826-teimww:isMentionedIn>
    <p0826-teimww:occursIn>
      <p0826-teimww:book knoraType="link_value" linkType="ref" target="ww_5cb4c35da9f3b9dd"/>
    </p0826-teimww:occursIn>
    <p0826-teimww:wasContributedBy>
      <p0826-teimww:person knoraType="link_value" linkType="ref" target="ww_c4063e9c72a3ffd2"/>
    </p0826-teimww:wasContributedBy>
  </p0826-teimww:passage>
  <p0826-teimww:passage id="ww_18b9c65b4e249bfc">
    <knoraXmlImport:label>passage</knoraXmlImport:label>
    <p0826-teimww:occursIn>
      <p0826-teimww:book knoraType="link_value" linkType="ref" target="ww_8580b38f9dc94f0b"/>
    </p0826-teimww:occursIn>
  </p0826-teimww:passage>
  <p0826-teimww:passage id="ww_83fb0cfa4e64eb53">
    <knoraXmlImport:label>passage</knoraXmlImport:label>
    <p0826-teimww:contains>
      <p0826-teimww:lexia knoraType="link_value" linkType="ref" target="ww_b8419fca6fdf029b"/>
    </p0826-teimww:contains>
    <p0826-teimww:hasPage knoraType="richtext_value">Act 4, scene 5, line 65.</p0826-teimww:hasPage>
    <p0826-teimww:hasText knoraType="richtext_value">[Ophelia:] [...] &lt;span class="quote"&gt;Young men will do't, if they come to't &lt;/span&gt;[...].</p0826-teimww:hasText>
    <p0826-teimww:isMentionedIn>
      <p0826-teimww:passage knoraType="link_value" linkType="ref" target="ww_097948eb384a61b1"/>
    </p0826-teimww:isMentionedIn>
    <p0826-teimww:isMentionedIn>
      <p0826-teimww:passage knoraType="link_value" linkType="ref" target="ww_3dd3900a54859161"/>
    </p0826-teimww:isMentionedIn>
    <p0826-teimww:occursIn>
      <p0826-teimww:book knoraType="link_value" linkType="ref" target="ww_5cb4c35da9f3b9dd"/>
    </p0826-teimww:occursIn>
    <p0826-teimww:wasContributedBy>
      <p0826-teimww:person knoraType="link_value" linkType="ref" target="ww_c4063e9c72a3ffd2"/>
    </p0826-teimww:wasContributedBy>
  </p0826-teimww:passage>
  <p0826-teimww:passage id="ww_3dd3900a54859161">
    <knoraXmlImport:label>passage</knoraXmlImport:label>
    <p0826-teimww:occursIn>
      <p0826-teimww:book knoraType="link_value" linkType="ref" target="ww_8580b38f9dc94f0b"/>
    </p0826-teimww:occursIn>
  </p0826-teimww:passage>
  <p0826-teimww:passage id="ww_097948eb384a61b1">
    <knoraXmlImport:label>passage</knoraXmlImport:label>
    <p0826-teimww:occursIn>
      <p0826-teimww:book knoraType="link_value" linkType="ref" target="ww_1140c36ab545b6d8"/>
    </p0826-teimww:occursIn>
  </p0826-teimww:passage>
  <p0826-teimww:passage id="ww_71a5d80fd5073b4b">
    <knoraXmlImport:label>passage</knoraXmlImport:label>
    <p0826-teimww:contains>
      <p0826-teimww:lexia knoraType="link_value" linkType="ref" target="ww_459600165d59eda9"/>
    </p0826-teimww:contains>
    <p0826-teimww:hasPage knoraType="richtext_value">Act 4, scene 5, line 74.</p0826-teimww:hasPage>
    <p0826-teimww:hasText knoraType="richtext_value">[Ophelia:] [...]&lt;span class="quote"&gt; I cannot choose but weep &lt;/span&gt;[...].</p0826-teimww:hasText>
    <p0826-teimww:isMentionedIn>
      <p0826-teimww:passage knoraType="link_value" linkType="ref" target="ww_7e1213d0d4025e9e"/>
    </p0826-teimww:isMentionedIn>
    <p0826-teimww:occursIn>
      <p0826-teimww:book knoraType="link_value" linkType="ref" target="ww_5cb4c35da9f3b9dd"/>
    </p0826-teimww:occursIn>
    <p0826-teimww:wasContributedBy>
      <p0826-teimww:person knoraType="link_value" linkType="ref" target="ww_c4063e9c72a3ffd2"/>
    </p0826-teimww:wasContributedBy>
  </p0826-teimww:passage>
  <p0826-teimww:passage id="ww_7e1213d0d4025e9e">
    <knoraXmlImport:label>passage</knoraXmlImport:label>
    <p0826-teimww:occursIn>
      <p0826-teimww:book knoraType="link_value" linkType="ref" target="ww_d1faedb423154f39"/>
    </p0826-teimww:occursIn>
  </p0826-teimww:passage>
  <p0826-teimww:passage id="ww_b4543765e0507887">
    <knoraXmlImport:label>passage</knoraXmlImport:label>
    <p0826-teimww:contains>
      <p0826-teimww:lexia knoraType="link_value" linkType="ref" target="ww_9ba6070c2099e855"/>
    </p0826-teimww:contains>
    <p0826-teimww:hasPage knoraType="richtext_value">Act 2, scene 2, lines 402.</p0826-teimww:hasPage>
    <p0826-teimww:hasText knoraType="richtext_value">[Hamlet:] I am but &lt;span class="quote"&gt;mad north-north-west &lt;/span&gt;[...]</p0826-teimww:hasText>
    <p0826-teimww:isMentionedIn>
      <p0826-teimww:passage knoraType="link_value" linkType="ref" target="ww_89c00bf369ef291b"/>
    </p0826-teimww:isMentionedIn>
    <p0826-teimww:isMentionedIn>
      <p0826-teimww:passage knoraType="link_value" linkType="ref" target="ww_037be8b66a7e65a8"/>
    </p0826-teimww:isMentionedIn>
    <p0826-teimww:occursIn>
      <p0826-teimww:book knoraType="link_value" linkType="ref" target="ww_5cb4c35da9f3b9dd"/>
    </p0826-teimww:occursIn>
    <p0826-teimww:wasContributedBy>
      <p0826-teimww:person knoraType="link_value" linkType="ref" target="ww_7f35f6802efd910d"/>
    </p0826-teimww:wasContributedBy>
  </p0826-teimww:passage>
  <p0826-teimww:passage id="ww_037be8b66a7e65a8">
    <knoraXmlImport:label>passage</knoraXmlImport:label>
    <p0826-teimww:occursIn>
      <p0826-teimww:book knoraType="link_value" linkType="ref" target="ww_15dba62495527dd5"/>
    </p0826-teimww:occursIn>
  </p0826-teimww:passage>
  <p0826-teimww:passage id="ww_89c00bf369ef291b">
    <knoraXmlImport:label>passage</knoraXmlImport:label>
    <p0826-teimww:occursIn>
      <p0826-teimww:book knoraType="link_value" linkType="ref" target="ww_7589cfaa41b21699"/>
    </p0826-teimww:occursIn>
  </p0826-teimww:passage>
  <p0826-teimww:passage id="ww_86fbb526cf4abe36">
    <knoraXmlImport:label>passage</knoraXmlImport:label>
    <p0826-teimww:contains>
      <p0826-teimww:lexia knoraType="link_value" linkType="ref" target="ww_dee8e295e7fce59b"/>
    </p0826-teimww:contains>
    <p0826-teimww:hasPage knoraType="richtext_value">30 [normalized spelling].</p0826-teimww:hasPage>
    <p0826-teimww:hasText knoraType="richtext_value">&lt;span class="quote"&gt;Love goes toward love like school-boys from their books: &lt;br&gt;
But love from love, to school with heavy looks.&lt;/span&gt;</p0826-teimww:hasText>
    <p0826-teimww:hasTextHist knoraType="richtext_value">&lt;span class="quote"&gt;Love goes toward love like schoole-boyes from their bookes: &lt;br&gt;
But love from love, to schoole with heavie lookes.&lt;/span&gt;</p0826-teimww:hasTextHist>
    <p0826-teimww:isMentionedIn>
      <p0826-teimww:passage knoraType="link_value" linkType="ref" target="ww_53d837751038d8d2"/>
    </p0826-teimww:isMentionedIn>
    <p0826-teimww:occursIn>
      <p0826-teimww:book knoraType="link_value" linkType="ref" target="ww_897067f9ec23fa0d"/>
    </p0826-teimww:occursIn>
    <p0826-teimww:wasContributedBy>
      <p0826-teimww:person knoraType="link_value" linkType="ref" target="ww_6202c1bb6957c9cc"/>
    </p0826-teimww:wasContributedBy>
  </p0826-teimww:passage>
  <p0826-teimww:passage id="ww_53d837751038d8d2">
    <knoraXmlImport:label>passage</knoraXmlImport:label>
    <p0826-teimww:occursIn>
      <p0826-teimww:book knoraType="link_value" linkType="ref" target="ww_1140c36ab545b6d8"/>
    </p0826-teimww:occursIn>
  </p0826-teimww:passage>
  <p0826-teimww:passage id="ww_2acc9aff584f4087">
    <knoraXmlImport:label>passage</knoraXmlImport:label>
    <p0826-teimww:contains>
      <p0826-teimww:lexia knoraType="link_value" linkType="ref" target="ww_737566e2e09ae70c"/>
    </p0826-teimww:contains>
    <p0826-teimww:hasPage knoraType="richtext_value">74-75 [normalized spelling].</p0826-teimww:hasPage>
    <p0826-teimww:hasPageHist knoraType="richtext_value">74-75.</p0826-teimww:hasPageHist>
    <p0826-teimww:hasText knoraType="richtext_value">We of all people once that were the pelf &lt;br&gt;
Thrust in &lt;span class="quote"&gt;a frozen corner of the North.&lt;/span&gt;</p0826-teimww:hasText>
    <p0826-teimww:hasTextHist knoraType="richtext_value">We of all people once that were the pelse &lt;br&gt;
Thrust in &lt;span class="quote"&gt;a frozen corner of the North.&lt;/span&gt;</p0826-teimww:hasTextHist>
    <p0826-teimww:isMentionedIn>
      <p0826-teimww:passage knoraType="link_value" linkType="ref" target="ww_b240e5e1f99294d2"/>
    </p0826-teimww:isMentionedIn>
    <p0826-teimww:occursIn>
      <p0826-teimww:book knoraType="link_value" linkType="ref" target="ww_e48f8eb2eda19a17"/>
    </p0826-teimww:occursIn>
    <p0826-teimww:wasContributedBy>
      <p0826-teimww:person knoraType="link_value" linkType="ref" target="ww_6202c1bb6957c9cc"/>
    </p0826-teimww:wasContributedBy>
  </p0826-teimww:passage>
  <p0826-teimww:passage id="ww_b240e5e1f99294d2">
    <knoraXmlImport:label>passage</knoraXmlImport:label>
    <p0826-teimww:occursIn>
      <p0826-teimww:book knoraType="link_value" linkType="ref" target="ww_1140c36ab545b6d8"/>
    </p0826-teimww:occursIn>
  </p0826-teimww:passage>
  <p0826-teimww:passage id="ww_af76475ba9c29669">
    <knoraXmlImport:label>passage</knoraXmlImport:label>
    <p0826-teimww:contains>
      <p0826-teimww:lexia knoraType="link_value" linkType="ref" target="ww_a00b6aa3d66e4220"/>
    </p0826-teimww:contains>
    <p0826-teimww:hasPage knoraType="richtext_value">Act 1, scene 1, line 24.</p0826-teimww:hasPage>
    <p0826-teimww:hasText knoraType="richtext_value">[Horatio:] &lt;span class="quote"&gt;A piece of him.&lt;/span&gt;</p0826-teimww:hasText>
    <p0826-teimww:isMentionedIn>
      <p0826-teimww:passage knoraType="link_value" linkType="ref" target="ww_2a2b4bf9298c4eef"/>
    </p0826-teimww:isMentionedIn>
    <p0826-teimww:occursIn>
      <p0826-teimww:book knoraType="link_value" linkType="ref" target="ww_5cb4c35da9f3b9dd"/>
    </p0826-teimww:occursIn>
    <p0826-teimww:wasContributedBy>
      <p0826-teimww:person knoraType="link_value" linkType="ref" target="ww_7f35f6802efd910d"/>
    </p0826-teimww:wasContributedBy>
  </p0826-teimww:passage>
  <p0826-teimww:passage id="ww_2a2b4bf9298c4eef">
    <knoraXmlImport:label>passage</knoraXmlImport:label>
    <p0826-teimww:occursIn>
      <p0826-teimww:book knoraType="link_value" linkType="ref" target="ww_bc577a06e5bb54c7"/>
    </p0826-teimww:occursIn>
  </p0826-teimww:passage>
  <p0826-teimww:passage id="ww_ff18040346cd0eb5">
    <knoraXmlImport:label>passage</knoraXmlImport:label>
    <p0826-teimww:contains>
      <p0826-teimww:lexia knoraType="link_value" linkType="ref" target="ww_e75dbfb757abbb29"/>
    </p0826-teimww:contains>
    <p0826-teimww:hasPage knoraType="richtext_value">Act 2, scene 7, lines 146-147.</p0826-teimww:hasPage>
    <p0826-teimww:hasText knoraType="richtext_value">[Jaques:] &lt;span class="quote"&gt;All the world's a stage&lt;/span&gt;, &lt;br&gt;
And all the men and women merely players. </p0826-teimww:hasText>
    <p0826-teimww:isMentionedIn>
      <p0826-teimww:passage knoraType="link_value" linkType="ref" target="ww_25d4108f5e83e6d5"/>
    </p0826-teimww:isMentionedIn>
    <p0826-teimww:isMentionedIn>
      <p0826-teimww:passage knoraType="link_value" linkType="ref" target="ww_31f3f3fd4ab19682"/>
    </p0826-teimww:isMentionedIn>
    <p0826-teimww:occursIn>
      <p0826-teimww:book knoraType="link_value" linkType="ref" target="ww_5c3ae833a8aaf03d"/>
    </p0826-teimww:occursIn>
    <p0826-teimww:wasContributedBy>
      <p0826-teimww:person knoraType="link_value" linkType="ref" target="ww_c4063e9c72a3ffd2"/>
    </p0826-teimww:wasContributedBy>
  </p0826-teimww:passage>
  <p0826-teimww:passage id="ww_31f3f3fd4ab19682">
    <knoraXmlImport:label>passage</knoraXmlImport:label>
    <p0826-teimww:occursIn>
      <p0826-teimww:book knoraType="link_value" linkType="ref" target="ww_4899784ecc7f3845"/>
    </p0826-teimww:occursIn>
  </p0826-teimww:passage>
  <p0826-teimww:passage id="ww_25d4108f5e83e6d5">
    <knoraXmlImport:label>passage</knoraXmlImport:label>
    <p0826-teimww:occursIn>
      <p0826-teimww:book knoraType="link_value" linkType="ref" target="ww_0f0f2ccb24fa3b96"/>
    </p0826-teimww:occursIn>
  </p0826-teimww:passage>
  <p0826-teimww:passage id="ww_e1d7cefc5183be38">
    <knoraXmlImport:label>passage</knoraXmlImport:label>
    <p0826-teimww:contains>
      <p0826-teimww:lexia knoraType="link_value" linkType="ref" target="ww_04449f39e64cb92a"/>
    </p0826-teimww:contains>
    <p0826-teimww:hasPage knoraType="richtext_value">Act 5, scene 4, lines 190-206.</p0826-teimww:hasPage>
    <p0826-teimww:hasText knoraType="richtext_value">[Jaques:]&lt;span class="quote"&gt; To him will I. Out of these convertites &lt;br&gt;
There is much matter to be heard and learned. &lt;br&gt;
(To Duke) You to your former honor I bequeath; &lt;br&gt;
Your patience and your virtue well deserves it. &lt;br&gt;
(To Orlando) You to a love that your true faith doth
merit. &lt;br&gt;
(To Oliver) You to your land, and love, and great
allies. &lt;br&gt;
(To Silvius) You to a long and well-deservèd bed. &lt;br&gt;
(To Touchstone) And you to wrangling, for thy
loving voyage &lt;br&gt;
Is but for two months victualled. - So to your
pleasures.&lt;br&gt;
I am for other than for dancing measures. &lt;br&gt;
[Duke Senior:] Stay, Jaques, stay. &lt;br&gt;
[Jaques:] To see no pastime, I. What you would have &lt;br&gt;
I'll stay to know at your abandoned cave. &lt;br&gt;
(He exits)&lt;/span&gt;</p0826-teimww:hasText>
    <p0826-teimww:isMentionedIn>
      <p0826-teimww:passage knoraType="link_value" linkType="ref" target="ww_8d23c30959297c4d"/>
    </p0826-teimww:isMentionedIn>
    <p0826-teimww:occursIn>
      <p0826-teimww:book knoraType="link_value" linkType="ref" target="ww_5c3ae833a8aaf03d"/>
    </p0826-teimww:occursIn>
    <p0826-teimww:wasContributedBy>
      <p0826-teimww:person knoraType="link_value" linkType="ref" target="ww_b604df587d93b768"/>
    </p0826-teimww:wasContributedBy>
  </p0826-teimww:passage>
  <p0826-teimww:passage id="ww_4f4e1029c92c1b99">
    <knoraXmlImport:label>passage</knoraXmlImport:label>
    <p0826-teimww:contains>
      <p0826-teimww:lexia knoraType="link_value" linkType="ref" target="ww_51ed27246da3de03"/>
    </p0826-teimww:contains>
    <p0826-teimww:hasPage knoraType="richtext_value">Act 1, scene 1. lines 8-9.</p0826-teimww:hasPage>
    <p0826-teimww:hasText knoraType="richtext_value">[Francisco:] For this relief much thanks. &lt;span class="quote"&gt;'Tis bitter cold,&lt;br&gt;&lt;/span&gt;
And I am sick at heart.</p0826-teimww:hasText>
    <p0826-teimww:isMentionedIn>
      <p0826-teimww:passage knoraType="link_value" linkType="ref" target="ww_ef3368db07958d31"/>
    </p0826-teimww:isMentionedIn>
    <p0826-teimww:occursIn>
      <p0826-teimww:book knoraType="link_value" linkType="ref" target="ww_5cb4c35da9f3b9dd"/>
    </p0826-teimww:occursIn>
    <p0826-teimww:wasContributedBy>
      <p0826-teimww:person knoraType="link_value" linkType="ref" target="ww_c4063e9c72a3ffd2"/>
    </p0826-teimww:wasContributedBy>
  </p0826-teimww:passage>
  <p0826-teimww:passage id="ww_ef3368db07958d31">
    <knoraXmlImport:label>passage</knoraXmlImport:label>
    <p0826-teimww:occursIn>
      <p0826-teimww:book knoraType="link_value" linkType="ref" target="ww_3e15ab6c612eadae"/>
    </p0826-teimww:occursIn>
  </p0826-teimww:passage>
  <p0826-teimww:passage id="ww_496808d9de677beb">
    <knoraXmlImport:label>passage</knoraXmlImport:label>
    <p0826-teimww:contains>
      <p0826-teimww:lexia knoraType="link_value" linkType="ref" target="ww_df8acf25fdeaeb9d"/>
    </p0826-teimww:contains>
    <p0826-teimww:hasPage knoraType="richtext_value">Act 1, scene 1, line 9.</p0826-teimww:hasPage>
    <p0826-teimww:hasText knoraType="richtext_value">[Francisco:] [...] &lt;span class="quote"&gt;And I am sick at heart.&lt;/span&gt;</p0826-teimww:hasText>
    <p0826-teimww:isMentionedIn>
      <p0826-teimww:passage knoraType="link_value" linkType="ref" target="ww_eb2a36148929ecfb"/>
    </p0826-teimww:isMentionedIn>
    <p0826-teimww:occursIn>
      <p0826-teimww:book knoraType="link_value" linkType="ref" target="ww_5cb4c35da9f3b9dd"/>
    </p0826-teimww:occursIn>
    <p0826-teimww:wasContributedBy>
      <p0826-teimww:person knoraType="link_value" linkType="ref" target="ww_c4063e9c72a3ffd2"/>
    </p0826-teimww:wasContributedBy>
  </p0826-teimww:passage>
  <p0826-teimww:passage id="ww_eb2a36148929ecfb">
    <knoraXmlImport:label>passage</knoraXmlImport:label>
    <p0826-teimww:occursIn>
      <p0826-teimww:book knoraType="link_value" linkType="ref" target="ww_b3931845d54b98d5"/>
    </p0826-teimww:occursIn>
  </p0826-teimww:passage>
  <p0826-teimww:passage id="ww_91993c2d8874bac7">
    <knoraXmlImport:label>passage</knoraXmlImport:label>
    <p0826-teimww:contains>
      <p0826-teimww:lexia knoraType="link_value" linkType="ref" target="ww_cfe85afbae533828"/>
    </p0826-teimww:contains>
    <p0826-teimww:contains>
      <p0826-teimww:lexia knoraType="link_value" linkType="ref" target="ww_6ac5c2ddb5712aa7"/>
    </p0826-teimww:contains>
    <p0826-teimww:hasPage knoraType="richtext_value">Act 3, Scene 4, lines 108-110 and 177.</p0826-teimww:hasPage>
    <p0826-teimww:hasText knoraType="richtext_value">[Queen:] O, speak to me no more! &lt;br&gt;
&lt;span class="quote"&gt; These words like daggers enter in my ears&lt;/span&gt; [...].&lt;br&gt;&lt;br&gt;

[Queen:] O Hamlet, thou hast&lt;span class="quote"&gt; cleft my heart in twain.&lt;/span&gt;&lt;/span&gt;</p0826-teimww:hasText>
    <p0826-teimww:isMentionedIn>
      <p0826-teimww:passage knoraType="link_value" linkType="ref" target="ww_039723505989e600"/>
    </p0826-teimww:isMentionedIn>
    <p0826-teimww:isMentionedIn>
      <p0826-teimww:passage knoraType="link_value" linkType="ref" target="ww_5ca279f97fca3344"/>
    </p0826-teimww:isMentionedIn>
    <p0826-teimww:isMentionedIn>
      <p0826-teimww:passage knoraType="link_value" linkType="ref" target="ww_93451d98976cc565"/>
    </p0826-teimww:isMentionedIn>
    <p0826-teimww:isMentionedIn>
      <p0826-teimww:passage knoraType="link_value" linkType="ref" target="ww_80ab8f6a154ada21"/>
    </p0826-teimww:isMentionedIn>
    <p0826-teimww:occursIn>
      <p0826-teimww:book knoraType="link_value" linkType="ref" target="ww_5cb4c35da9f3b9dd"/>
    </p0826-teimww:occursIn>
    <p0826-teimww:wasContributedBy>
      <p0826-teimww:person knoraType="link_value" linkType="ref" target="ww_c4063e9c72a3ffd2"/>
    </p0826-teimww:wasContributedBy>
  </p0826-teimww:passage>
  <p0826-teimww:passage id="ww_93451d98976cc565">
    <knoraXmlImport:label>passage</knoraXmlImport:label>
    <p0826-teimww:occursIn>
      <p0826-teimww:book knoraType="link_value" linkType="ref" target="ww_b3931845d54b98d5"/>
    </p0826-teimww:occursIn>
  </p0826-teimww:passage>
  <p0826-teimww:passage id="ww_5ca279f97fca3344">
    <knoraXmlImport:label>passage</knoraXmlImport:label>
    <p0826-teimww:occursIn>
      <p0826-teimww:book knoraType="link_value" linkType="ref" target="ww_1c8a25fac02f85a7"/>
    </p0826-teimww:occursIn>
  </p0826-teimww:passage>
  <p0826-teimww:passage id="ww_039723505989e600">
    <knoraXmlImport:label>passage</knoraXmlImport:label>
    <p0826-teimww:occursIn>
      <p0826-teimww:book knoraType="link_value" linkType="ref" target="ww_df2b8c2f18df151a"/>
    </p0826-teimww:occursIn>
  </p0826-teimww:passage>
  <p0826-teimww:passage id="ww_80ab8f6a154ada21">
    <knoraXmlImport:label>passage</knoraXmlImport:label>
    <p0826-teimww:occursIn>
      <p0826-teimww:book knoraType="link_value" linkType="ref" target="ww_df2b8c2f18df151a"/>
    </p0826-teimww:occursIn>
  </p0826-teimww:passage>
  <p0826-teimww:passage id="ww_5114fd7844697f3a">
    <knoraXmlImport:label>passage</knoraXmlImport:label>
    <p0826-teimww:contains>
      <p0826-teimww:lexia knoraType="link_value" linkType="ref" target="ww_fae1f5b271508764"/>
    </p0826-teimww:contains>
    <p0826-teimww:hasPage knoraType="richtext_value">186; act 1 [normalised spelling].</p0826-teimww:hasPage>
    <p0826-teimww:hasPageHist knoraType="richtext_value">186; act 1.</p0826-teimww:hasPageHist>
    <p0826-teimww:hasText knoraType="richtext_value">[Drum:] [...] &lt;span class="quote"&gt;he is a quicksand, a Goodwin, a Gulf, as hungry as the Jaws of a Jail, he will waste more substance than &lt;i&gt;Ireland&lt;/i&gt; soldiers: A Die, a Drab, and a punch-swollen Usurer, devour whole Monarchies &lt;/span&gt;[...]. </p0826-teimww:hasText>
    <p0826-teimww:hasTextHist knoraType="richtext_value">Marston, John.  Iacke Drums Entertainment: Or The Comedie of Pasquill [Drum:] [...] hee is a quicksand, a Goodwin, a Gulfe, as hungry as the Iawes of a Iayle, hee will waste more substance then &lt;i&gt;Ireland&lt;/i&gt; souldiers: A Die, a Drabbe, and a paunch-swolne Vsurer, deuoure whole Monarchies</p0826-teimww:hasTextHist>
    <p0826-teimww:occursIn>
      <p0826-teimww:book knoraType="link_value" linkType="ref" target="ww_88f07d1ccce14bdc"/>
    </p0826-teimww:occursIn>
    <p0826-teimww:wasContributedBy>
      <p0826-teimww:person knoraType="link_value" linkType="ref" target="ww_c4063e9c72a3ffd2"/>
    </p0826-teimww:wasContributedBy>
  </p0826-teimww:passage>
  <p0826-teimww:passage id="ww_6783466f458ab261">
    <knoraXmlImport:label>passage</knoraXmlImport:label>
    <p0826-teimww:contains>
      <p0826-teimww:lexia knoraType="link_value" linkType="ref" target="ww_c78b82fe23fee171"/>
    </p0826-teimww:contains>
    <p0826-teimww:hasPage knoraType="richtext_value">Act 3, scene 1, line 49.</p0826-teimww:hasPage>
    <p0826-teimww:hasText knoraType="richtext_value">[Polonius:] [...] &lt;span class="quote"&gt;Read on this book&lt;/span&gt; [...].</p0826-teimww:hasText>
    <p0826-teimww:isMentionedIn>
      <p0826-teimww:passage knoraType="link_value" linkType="ref" target="ww_07229a5fb32469a5"/>
    </p0826-teimww:isMentionedIn>
    <p0826-teimww:occursIn>
      <p0826-teimww:book knoraType="link_value" linkType="ref" target="ww_5cb4c35da9f3b9dd"/>
    </p0826-teimww:occursIn>
    <p0826-teimww:wasContributedBy>
      <p0826-teimww:person knoraType="link_value" linkType="ref" target="ww_c4063e9c72a3ffd2"/>
    </p0826-teimww:wasContributedBy>
  </p0826-teimww:passage>
  <p0826-teimww:passage id="ww_07229a5fb32469a5">
    <knoraXmlImport:label>passage</knoraXmlImport:label>
    <p0826-teimww:occursIn>
      <p0826-teimww:book knoraType="link_value" linkType="ref" target="ww_38319ddb82fae050"/>
    </p0826-teimww:occursIn>
  </p0826-teimww:passage>
  <p0826-teimww:passage id="ww_01643c2a6c19e475">
    <knoraXmlImport:label>passage</knoraXmlImport:label>
    <p0826-teimww:contains>
      <p0826-teimww:lexia knoraType="link_value" linkType="ref" target="ww_36d00c4f312e9fe0"/>
    </p0826-teimww:contains>
    <p0826-teimww:hasPage knoraType="richtext_value">Act 5, scene 2, lines 376-383.</p0826-teimww:hasPage>
    <p0826-teimww:hasText knoraType="richtext_value">[Hamlet:] [...] O God, Horatio, what a wounded name,&lt;br&gt;
Things standing thus unknown, shall I leave behind
me!&lt;br&gt;
&lt;span class="quote"&gt;If thou didst ever hold me in thy heart,&lt;br&gt;
Absent thee from felicity awhile&lt;br&gt;
And in this harsh world draw thy breath in pain&lt;br&gt;
To tell my story.&lt;/span&gt;</p0826-teimww:hasText>
    <p0826-teimww:isMentionedIn>
      <p0826-teimww:passage knoraType="link_value" linkType="ref" target="ww_ca191a34a54632d3"/>
    </p0826-teimww:isMentionedIn>
    <p0826-teimww:occursIn>
      <p0826-teimww:book knoraType="link_value" linkType="ref" target="ww_5cb4c35da9f3b9dd"/>
    </p0826-teimww:occursIn>
    <p0826-teimww:wasContributedBy>
      <p0826-teimww:person knoraType="link_value" linkType="ref" target="ww_7f35f6802efd910d"/>
    </p0826-teimww:wasContributedBy>
  </p0826-teimww:passage>
  <p0826-teimww:passage id="ww_ca191a34a54632d3">
    <knoraXmlImport:label>passage</knoraXmlImport:label>
    <p0826-teimww:occursIn>
      <p0826-teimww:book knoraType="link_value" linkType="ref" target="ww_12b8cda82738e9e2"/>
    </p0826-teimww:occursIn>
  </p0826-teimww:passage>
  <p0826-teimww:passage id="ww_03e31f93a8b6664d">
    <knoraXmlImport:label>passage</knoraXmlImport:label>
    <p0826-teimww:contains>
      <p0826-teimww:lexia knoraType="link_value" linkType="ref" target="ww_667baf133288852e"/>
    </p0826-teimww:contains>
    <p0826-teimww:hasPage knoraType="richtext_value">Act 1, scene 5, lines 9-10.</p0826-teimww:hasPage>
    <p0826-teimww:hasText knoraType="richtext_value">[Maria:] A good Lenten answer. I can tell thee where that saying was born, of &lt;span class="quote"&gt;"I fear no colours".&lt;/span&gt;</p0826-teimww:hasText>
    <p0826-teimww:isMentionedIn>
      <p0826-teimww:passage knoraType="link_value" linkType="ref" target="ww_1d8ebb78c861245a"/>
    </p0826-teimww:isMentionedIn>
    <p0826-teimww:occursIn>
      <p0826-teimww:book knoraType="link_value" linkType="ref" target="ww_50b5fed06f012747"/>
    </p0826-teimww:occursIn>
    <p0826-teimww:wasContributedBy>
      <p0826-teimww:person knoraType="link_value" linkType="ref" target="ww_c4063e9c72a3ffd2"/>
    </p0826-teimww:wasContributedBy>
  </p0826-teimww:passage>
  <p0826-teimww:passage id="ww_1d8ebb78c861245a">
    <knoraXmlImport:label>passage</knoraXmlImport:label>
    <p0826-teimww:occursIn>
      <p0826-teimww:book knoraType="link_value" linkType="ref" target="ww_5af91280461707f1"/>
    </p0826-teimww:occursIn>
  </p0826-teimww:passage>
  <p0826-teimww:passage id="ww_4f9d409ae999a6e5">
    <knoraXmlImport:label>passage</knoraXmlImport:label>
    <p0826-teimww:contains>
      <p0826-teimww:lexia knoraType="link_value" linkType="ref" target="ww_fba3108902c095f8"/>
    </p0826-teimww:contains>
    <p0826-teimww:contains>
      <p0826-teimww:lexia knoraType="link_value" linkType="ref" target="ww_2bf9287b40ed709c"/>
    </p0826-teimww:contains>
    <p0826-teimww:hasPage knoraType="richtext_value">N.p. [normalized spelling].</p0826-teimww:hasPage>
    <p0826-teimww:hasPageHist knoraType="richtext_value">N.p.</p0826-teimww:hasPageHist>
    <p0826-teimww:hasText knoraType="richtext_value">[Asinius Bubo:] Would I were hang'd if I can call you any names but Captain and Tucca.&lt;br&gt;
[Tucca:] No Fye'st, my name's &lt;span class="quote"&gt;Hamlet revenge&lt;/span&gt;: thou hast been at Paris garden hast not?</p0826-teimww:hasText>
    <p0826-teimww:hasTextHist knoraType="richtext_value">[Asinius Bubo:] Wod I were hang'd if I can call you any names but Captaine and Tucca.&lt;br&gt;
[Tucca:] No Fye'st, my name's &lt;span class="quote"&gt;Hamlet reuenge&lt;/span&gt;: thou hast been at Parris garden hast not?</p0826-teimww:hasTextHist>
    <p0826-teimww:isMentionedIn>
      <p0826-teimww:passage knoraType="link_value" linkType="ref" target="ww_3e0b73e58e03c1a1"/>
    </p0826-teimww:isMentionedIn>
    <p0826-teimww:isMentionedIn>
      <p0826-teimww:passage knoraType="link_value" linkType="ref" target="ww_b3c576b070ef088d"/>
    </p0826-teimww:isMentionedIn>
    <p0826-teimww:isMentionedIn>
      <p0826-teimww:passage knoraType="link_value" linkType="ref" target="ww_8416204898d2f915"/>
    </p0826-teimww:isMentionedIn>
    <p0826-teimww:occursIn>
      <p0826-teimww:book knoraType="link_value" linkType="ref" target="ww_7e27a16308bd00fc"/>
    </p0826-teimww:occursIn>
    <p0826-teimww:wasContributedBy>
      <p0826-teimww:person knoraType="link_value" linkType="ref" target="ww_c4063e9c72a3ffd2"/>
    </p0826-teimww:wasContributedBy>
  </p0826-teimww:passage>
  <p0826-teimww:passage id="ww_3e0b73e58e03c1a1">
    <knoraXmlImport:label>passage</knoraXmlImport:label>
    <p0826-teimww:occursIn>
      <p0826-teimww:book knoraType="link_value" linkType="ref" target="ww_ce8da2e3a260a394"/>
    </p0826-teimww:occursIn>
  </p0826-teimww:passage>
  <p0826-teimww:passage id="ww_8416204898d2f915">
    <knoraXmlImport:label>passage</knoraXmlImport:label>
    <p0826-teimww:occursIn>
      <p0826-teimww:book knoraType="link_value" linkType="ref" target="ww_2f65899f08b5bb71"/>
    </p0826-teimww:occursIn>
  </p0826-teimww:passage>
  <p0826-teimww:passage id="ww_b3c576b070ef088d">
    <knoraXmlImport:label>passage</knoraXmlImport:label>
    <p0826-teimww:occursIn>
      <p0826-teimww:book knoraType="link_value" linkType="ref" target="ww_ce6d233a20f2b70f"/>
    </p0826-teimww:occursIn>
  </p0826-teimww:passage>
  <p0826-teimww:passage id="ww_be46844d78d454fa">
    <knoraXmlImport:label>passage</knoraXmlImport:label>
    <p0826-teimww:contains>
      <p0826-teimww:lexia knoraType="link_value" linkType="ref" target="ww_4c64336cbb097d4e"/>
    </p0826-teimww:contains>
    <p0826-teimww:hasPage knoraType="richtext_value">Act 2, scene 7, lines 21-29.</p0826-teimww:hasPage>
    <p0826-teimww:hasText knoraType="richtext_value">[Jaques:] [...] And then he drew a dial from his poke&lt;br&gt;
And, looking on it with lack-luster eye,&lt;br&gt;
Says very wisely "It is ten o’clock.&lt;br&gt;
Thus we may see," quoth he, "how the world wags.&lt;br&gt;
'Tis but an hour ago since it was nine,&lt;br&gt;
And after one hour more 'twill be eleven.&lt;br&gt;
And so from hour to hour we ripe and ripe,&lt;br&gt;
And then from hour to hour we rot and rot,&lt;br&gt;
&lt;span class="quote"&gt;And thereby hangs a tale."&lt;/span&gt;</p0826-teimww:hasText>
    <p0826-teimww:isMentionedIn>
      <p0826-teimww:passage knoraType="link_value" linkType="ref" target="ww_9a6687d8bdf421e1"/>
    </p0826-teimww:isMentionedIn>
    <p0826-teimww:isMentionedIn>
      <p0826-teimww:passage knoraType="link_value" linkType="ref" target="ww_200994234f6fe6c4"/>
    </p0826-teimww:isMentionedIn>
    <p0826-teimww:occursIn>
      <p0826-teimww:book knoraType="link_value" linkType="ref" target="ww_5c3ae833a8aaf03d"/>
    </p0826-teimww:occursIn>
    <p0826-teimww:wasContributedBy>
      <p0826-teimww:person knoraType="link_value" linkType="ref" target="ww_c4063e9c72a3ffd2"/>
    </p0826-teimww:wasContributedBy>
  </p0826-teimww:passage>
  <p0826-teimww:passage id="ww_200994234f6fe6c4">
    <knoraXmlImport:label>passage</knoraXmlImport:label>
    <p0826-teimww:occursIn>
      <p0826-teimww:book knoraType="link_value" linkType="ref" target="ww_3e15ab6c612eadae"/>
    </p0826-teimww:occursIn>
  </p0826-teimww:passage>
  <p0826-teimww:passage id="ww_9a6687d8bdf421e1">
    <knoraXmlImport:label>passage</knoraXmlImport:label>
    <p0826-teimww:occursIn>
      <p0826-teimww:book knoraType="link_value" linkType="ref" target="ww_d87c5e9530010d35"/>
    </p0826-teimww:occursIn>
  </p0826-teimww:passage>
  <p0826-teimww:passage id="ww_e18fda4a6f0a0266">
    <knoraXmlImport:label>passage</knoraXmlImport:label>
    <p0826-teimww:contains>
      <p0826-teimww:lexia knoraType="link_value" linkType="ref" target="ww_9cf3d24e49e797e9"/>
    </p0826-teimww:contains>
    <p0826-teimww:hasPage knoraType="richtext_value">301 [normalized spelling].</p0826-teimww:hasPage>
    <p0826-teimww:hasPageHist knoraType="richtext_value">301.</p0826-teimww:hasPageHist>
    <p0826-teimww:hasText knoraType="richtext_value">[Minos:] Sir, your oaths cannot serve you, you know I have forborn you long. &lt;br&gt;
[Crispinus:] I am conscious of it, sir. Nay, I beseech you, gentlemen, &lt;span class="quote"&gt;do not exhale me thus &lt;/span&gt;[...].</p0826-teimww:hasText>
    <p0826-teimww:hasTextHist knoraType="richtext_value">[Minos:] Sir, your oathes cannot serue you, you know I haue forborne you long. &lt;br&gt;
[Crispinus:] I am conscious of it, sir. Nay, I beseech you, gentlemen, doe not exhale me thus [...].</p0826-teimww:hasTextHist>
    <p0826-teimww:isMentionedIn>
      <p0826-teimww:passage knoraType="link_value" linkType="ref" target="ww_880e2637db1587cb"/>
    </p0826-teimww:isMentionedIn>
    <p0826-teimww:occursIn>
      <p0826-teimww:book knoraType="link_value" linkType="ref" target="ww_e94b33ac99cc5615"/>
    </p0826-teimww:occursIn>
    <p0826-teimww:wasContributedBy>
      <p0826-teimww:person knoraType="link_value" linkType="ref" target="ww_b604df587d93b768"/>
    </p0826-teimww:wasContributedBy>
  </p0826-teimww:passage>
  <p0826-teimww:passage id="ww_3bd68d8a9f50fbdf">
    <knoraXmlImport:label>passage</knoraXmlImport:label>
    <p0826-teimww:contains>
      <p0826-teimww:lexia knoraType="link_value" linkType="ref" target="ww_3c7aacda54fdf1b9"/>
    </p0826-teimww:contains>
    <p0826-teimww:hasPage knoraType="richtext_value">N.p.; act 1, scene 1 [normalized spelling].</p0826-teimww:hasPage>
    <p0826-teimww:hasPageHist knoraType="richtext_value">N.p.; act 1, scene 1.</p0826-teimww:hasPageHist>
    <p0826-teimww:hasText knoraType="richtext_value">[Fontinelle:] Lady, bid him whose heart no sorrow feels, &lt;br&gt;
&lt;span class="quote"&gt;Tickle the rushes with his wanton heels, &lt;br&gt;&lt;/span&gt;
I have too much lead at mine.</p0826-teimww:hasText>
    <p0826-teimww:hasTextHist knoraType="richtext_value">[Fontinelle:] Lady, bid him whose heart no sorrow feeles, &lt;br&gt;
Tickle the rushes with his wanton heeles, &lt;br&gt;
I haue too much lead at mine.</p0826-teimww:hasTextHist>
    <p0826-teimww:isMentionedIn>
      <p0826-teimww:passage knoraType="link_value" linkType="ref" target="ww_e0b4a6d97a90fdc0"/>
    </p0826-teimww:isMentionedIn>
    <p0826-teimww:occursIn>
      <p0826-teimww:book knoraType="link_value" linkType="ref" target="ww_f6b0a0a6caabc2ad"/>
    </p0826-teimww:occursIn>
    <p0826-teimww:wasContributedBy>
      <p0826-teimww:person knoraType="link_value" linkType="ref" target="ww_6202c1bb6957c9cc"/>
    </p0826-teimww:wasContributedBy>
  </p0826-teimww:passage>
  <p0826-teimww:passage id="ww_f2931e1c9423b314">
    <knoraXmlImport:label>passage</knoraXmlImport:label>
    <p0826-teimww:contains>
      <p0826-teimww:lexia knoraType="link_value" linkType="ref" target="ww_a77bcd010f0b2aad"/>
    </p0826-teimww:contains>
    <p0826-teimww:hasPage knoraType="richtext_value">N.p.; act 3, scene 1 [normalized spelling].</p0826-teimww:hasPage>
    <p0826-teimww:hasPageHist knoraType="richtext_value">N.p.; act 3, scene 1.</p0826-teimww:hasPageHist>
    <p0826-teimww:hasText knoraType="richtext_value">[Camillo:] [...] And when the Lamb bleating, doth bid Goodnight &lt;br/&gt; 
Unto the closing day; then tears begin &lt;br/&gt;
To keep quick time, unto &lt;span class="quote"&gt;the Owl, whose voice &lt;br/&gt;
Shrieks, like the Bell-man &lt;/span&gt;in the Lovers' ears [...].</p0826-teimww:hasText>
    <p0826-teimww:hasTextHist knoraType="richtext_value">[Camillo:] [...] And when the Lambe bleating, doth bid Godnight &lt;br/&gt; 
Vnto the closing day; then teares begin &lt;br/&gt;
To keep quicke time, vnto the Owle, whose voice &lt;br/&gt;
Shreikes, like the Bell-man in the Louers eares [...].</p0826-teimww:hasTextHist>
    <p0826-teimww:isMentionedIn>
      <p0826-teimww:passage knoraType="link_value" linkType="ref" target="ww_e0b4a6d97a90fdc0"/>
    </p0826-teimww:isMentionedIn>
    <p0826-teimww:occursIn>
      <p0826-teimww:book knoraType="link_value" linkType="ref" target="ww_f6b0a0a6caabc2ad"/>
    </p0826-teimww:occursIn>
    <p0826-teimww:wasContributedBy>
      <p0826-teimww:person knoraType="link_value" linkType="ref" target="ww_b604df587d93b768"/>
    </p0826-teimww:wasContributedBy>
  </p0826-teimww:passage>
  <p0826-teimww:passage id="ww_888297dcc93fa35d">
    <knoraXmlImport:label>passage</knoraXmlImport:label>
    <p0826-teimww:contains>
      <p0826-teimww:lexia knoraType="link_value" linkType="ref" target="ww_afd689b992c85900"/>
    </p0826-teimww:contains>
    <p0826-teimww:hasPage knoraType="richtext_value">Act 3, scene 1, lines 99-101.</p0826-teimww:hasPage>
    <p0826-teimww:hasText knoraType="richtext_value">[Pandarus:] He? No, she'll none of him. They two are twain.&lt;br&gt;
[Helen:]&lt;span class="quote"&gt;Falling in after falling out may make them three.&lt;/spnan&gt;</p0826-teimww:hasText>
    <p0826-teimww:isMentionedIn>
      <p0826-teimww:passage knoraType="link_value" linkType="ref" target="ww_826476283bf7622e"/>
    </p0826-teimww:isMentionedIn>
    <p0826-teimww:occursIn>
      <p0826-teimww:book knoraType="link_value" linkType="ref" target="ww_573381af1170e2c9"/>
    </p0826-teimww:occursIn>
    <p0826-teimww:wasContributedBy>
      <p0826-teimww:person knoraType="link_value" linkType="ref" target="ww_c4063e9c72a3ffd2"/>
    </p0826-teimww:wasContributedBy>
  </p0826-teimww:passage>
  <p0826-teimww:passage id="ww_826476283bf7622e">
    <knoraXmlImport:label>passage</knoraXmlImport:label>
    <p0826-teimww:occursIn>
      <p0826-teimww:book knoraType="link_value" linkType="ref" target="ww_1140c36ab545b6d8"/>
    </p0826-teimww:occursIn>
  </p0826-teimww:passage>
  <p0826-teimww:passage id="ww_1fd4f618fb398a55">
    <knoraXmlImport:label>passage</knoraXmlImport:label>
    <p0826-teimww:contains>
      <p0826-teimww:lexia knoraType="link_value" linkType="ref" target="ww_3cd800412225d243"/>
    </p0826-teimww:contains>
    <p0826-teimww:hasPage knoraType="richtext_value">67; 213-214 [spelling normalized].</p0826-teimww:hasPage>
    <p0826-teimww:hasPageHist knoraType="richtext_value">67; 213-214.</p0826-teimww:hasPageHist>
    <p0826-teimww:hasText knoraType="richtext_value">[Gripe:] I am undone: I am robbed: &lt;span class="quote"&gt;my daughter, my money! &lt;br&gt;
Which way are they gone?&lt;/span&gt;</p0826-teimww:hasText>
    <p0826-teimww:hasTextHist knoraType="richtext_value">[Gripe:] I am undon, I am robd: my daughter, my mony! Which are they gone? </p0826-teimww:hasTextHist>
    <p0826-teimww:isMentionedIn>
      <p0826-teimww:passage knoraType="link_value" linkType="ref" target="ww_e458fbde17820689"/>
    </p0826-teimww:isMentionedIn>
    <p0826-teimww:occursIn>
      <p0826-teimww:book knoraType="link_value" linkType="ref" target="ww_3b149092050ca583"/>
    </p0826-teimww:occursIn>
    <p0826-teimww:wasContributedBy>
      <p0826-teimww:person knoraType="link_value" linkType="ref" target="ww_b604df587d93b768"/>
    </p0826-teimww:wasContributedBy>
  </p0826-teimww:passage>
  <p0826-teimww:passage id="ww_e458fbde17820689">
    <knoraXmlImport:label>passage</knoraXmlImport:label>
    <p0826-teimww:occursIn>
      <p0826-teimww:book knoraType="link_value" linkType="ref" target="ww_1140c36ab545b6d8"/>
    </p0826-teimww:occursIn>
  </p0826-teimww:passage>
  <p0826-teimww:passage id="ww_01cfe0947d80a842">
    <knoraXmlImport:label>passage</knoraXmlImport:label>
    <p0826-teimww:contains>
      <p0826-teimww:lexia knoraType="link_value" linkType="ref" target="ww_13ff24d1b72f312e"/>
    </p0826-teimww:contains>
    <p0826-teimww:hasPage knoraType="richtext_value">Act 3, scene 3, lines 150-151.</p0826-teimww:hasPage>
    <p0826-teimww:hasText knoraType="richtext_value">[Ulysses:] &lt;span class="quote"&gt;Time hath, my lord, a wallet at his back &lt;br&gt;
Wherein he puts alms for oblivion&lt;/span&gt; [...].</p0826-teimww:hasText>
    <p0826-teimww:isMentionedIn>
      <p0826-teimww:passage knoraType="link_value" linkType="ref" target="ww_671e14e12dcd3674"/>
    </p0826-teimww:isMentionedIn>
    <p0826-teimww:occursIn>
      <p0826-teimww:book knoraType="link_value" linkType="ref" target="ww_573381af1170e2c9"/>
    </p0826-teimww:occursIn>
    <p0826-teimww:wasContributedBy>
      <p0826-teimww:person knoraType="link_value" linkType="ref" target="ww_7f35f6802efd910d"/>
    </p0826-teimww:wasContributedBy>
  </p0826-teimww:passage>
  <p0826-teimww:passage id="ww_671e14e12dcd3674">
    <knoraXmlImport:label>passage</knoraXmlImport:label>
    <p0826-teimww:occursIn>
      <p0826-teimww:book knoraType="link_value" linkType="ref" target="ww_e81f44945dfa651c"/>
    </p0826-teimww:occursIn>
  </p0826-teimww:passage>
  <p0826-teimww:passage id="ww_9837f4eb462c45f8">
    <knoraXmlImport:label>passage</knoraXmlImport:label>
    <p0826-teimww:contains>
      <p0826-teimww:lexia knoraType="link_value" linkType="ref" target="ww_5fffd07151f2f286"/>
    </p0826-teimww:contains>
    <p0826-teimww:contains>
      <p0826-teimww:lexia knoraType="link_value" linkType="ref" target="ww_df3d0b97ff1537e1"/>
    </p0826-teimww:contains>
    <p0826-teimww:hasPage knoraType="richtext_value">Act 5, scene 1, lines 96-98.</p0826-teimww:hasPage>
    <p0826-teimww:hasText knoraType="richtext_value">[Thersites:] That same Diomed's a false-hearted rogue, a most unjust knave. &lt;span class="quote"&gt;I will no more trust him when he leers than I will a serpent when he hisses. &lt;/span&gt;</p0826-teimww:hasText>
    <p0826-teimww:occursIn>
      <p0826-teimww:book knoraType="link_value" linkType="ref" target="ww_573381af1170e2c9"/>
    </p0826-teimww:occursIn>
    <p0826-teimww:wasContributedBy>
      <p0826-teimww:person knoraType="link_value" linkType="ref" target="ww_c4063e9c72a3ffd2"/>
    </p0826-teimww:wasContributedBy>
  </p0826-teimww:passage>
  <p0826-teimww:passage id="ww_947e08d42f8f803b">
    <knoraXmlImport:label>passage</knoraXmlImport:label>
    <p0826-teimww:contains>
      <p0826-teimww:lexia knoraType="link_value" linkType="ref" target="ww_8dc6e2ccb2c055bd"/>
    </p0826-teimww:contains>
    <p0826-teimww:hasPage knoraType="richtext_value">N.p.; about a quarter in [normalized spelling].</p0826-teimww:hasPage>
    <p0826-teimww:hasPageHist knoraType="richtext_value">N.p.; about a quarter into the play.</p0826-teimww:hasPageHist>
    <p0826-teimww:hasText knoraType="richtext_value">[Flower:] O 'tis good, it is a good conceit: well sir, ten pound, &lt;span class="quote"&gt;&lt;br&gt;
You are content if at three months' end, &lt;br&gt;
You bring me not ten pound in English coin, &lt;br&gt;
This diamond shall be my proper own. &lt;/span&gt;</p0826-teimww:hasText>
    <p0826-teimww:hasTextHist knoraType="richtext_value">[Flower:] O tis good, it is a good conceit: wel sir, tenne pound, &lt;br&gt;
You are content if at three months end, &lt;br&gt;
You bring me not ten pound in English coine, &lt;br&gt;
This diamond shall be my proper owne. </p0826-teimww:hasTextHist>
    <p0826-teimww:isMentionedIn>
      <p0826-teimww:passage knoraType="link_value" linkType="ref" target="ww_8d23c30959297c4d"/>
    </p0826-teimww:isMentionedIn>
    <p0826-teimww:occursIn>
      <p0826-teimww:book knoraType="link_value" linkType="ref" target="ww_05caae816d47ff11"/>
    </p0826-teimww:occursIn>
    <p0826-teimww:wasContributedBy>
      <p0826-teimww:person knoraType="link_value" linkType="ref" target="ww_b604df587d93b768"/>
    </p0826-teimww:wasContributedBy>
  </p0826-teimww:passage>
  <p0826-teimww:passage id="ww_ca6dc00a3db0d108">
    <knoraXmlImport:label>passage</knoraXmlImport:label>
    <p0826-teimww:contains>
      <p0826-teimww:lexia knoraType="link_value" linkType="ref" target="ww_ff005839ee00e250"/>
    </p0826-teimww:contains>
    <p0826-teimww:contains>
      <p0826-teimww:lexia knoraType="link_value" linkType="ref" target="ww_1427770db5cc24dd"/>
    </p0826-teimww:contains>
    <p0826-teimww:hasPage knoraType="richtext_value">N.p.; ~line 500.</p0826-teimww:hasPage>
    <p0826-teimww:hasPageHist knoraType="richtext_value">N.p.; ~line 500.</p0826-teimww:hasPageHist>
    <p0826-teimww:hasText knoraType="richtext_value">[Franke:] I am not well, and yet I am not ill, &lt;br&gt;
I am, what am I?&lt;span class="quote"&gt; not in love I hope? &lt;br&gt;
In love! let me examine myself, who should I love? who did I last converse with, with Phillis: why should I love Phillis? is she fair? faith so so: her forehead is pretty, somewhat resembling the forehead of the sign of the Maidenhead Inn, et cetera. What's her hair? faith to Bandora wires, there's not the like simile: is it likely yet that I am in love? Whats next? her cheeks, they have a reasonable scarlet, never a Dyer's daughter in the town goes beyond her. Well, yet I am not in love. Nay, she hath a mole in her cheek too: Venus' mole was not more natural; but what of that, I am Adonis, and will not love. Good Venus pardon me. Let us descend: her chin, O Helen, Helen , where's your dimple Helen? it was your dimple that bewitched Paris, and without your dimple I will not love you Helen, No, yet I am safe. Her hand, lets handle that, I saw her hand, and it was lilly white, I touched her palm, and it was soft and smooth: and then what then? her hand did then bewitch me, I shall be in love now out of hand. In love! shall I that ever yet have prophaned love, now fall to worship him?&lt;/span&gt; Shall I that have jested at lovers' sighs now raise whirlwinds? shall I that have flouted ay-mes once a quarter, now practise ay-mes every minute? shall I defie hat-bands, and tread garters and shoestrings under my feet? shall I fall to falling bands and be a ruffing no longer? I must; I am now liege man to Cupid, and have read all these informations in his book of statutes, the first chapter, page millesimal nono, therefore, hat-band avaunt, ruffe regard yourself, garters adieu, shoe-strings so and so; I am a poor enamorat, and enforced with the Poet to say, Love o'ercomes all, and I that love obey.</p0826-teimww:hasText>
    <p0826-teimww:hasTextHist knoraType="richtext_value">[Franke:] I am not well, and yet I am not ill, &lt;br&gt;
I am, what am I? not in loue I hope? &lt;br&gt;
In loue! let me examine my selfe, who should I loue? who did I last conuerse with, with Phillis : why should I loue Phillis ? is she faire? faith so so: her forehead is pretty, somewhat resembling the forehead of the signe of the maidenhead in, &amp;c. Whats her haire? faith to Bandora wiars, theres not the like simile: is it likely yet that I am in loue? Whats next? her cheekes, they haue a reasonable scarlet, never a Diars daughter in the towne goes beyond her. Well, yet I am not in loue. Nay, she hath a mole in her cheeke too: Venus mole was not more naturall; but what of that, I am Adonis , and will not loue. Good Venus pardon me. Let vs descend: her chinne, O Helen, Helen , wheres your dimple Helen ? it was your dimple that bewitcht Paris , and without your dimple I will not loue you Helen , No, yet I am safe. Her hand, lettes handle that, I sawe her hand, and it was lilly white, I toucht her palme, and it was soft and smoothe: and then what then? her hand did then bewitch me, I shall be in loue now out of hand. In loue! shall I that euer yet haue prophand loue, now fall to worship him? Shall I that haue ieasted at louers sighes now raise whirlewindes? shall I that haue flowted ay-mees once a quarter, now practise ay-mees euery minute? shal I defie hat-bands, and treade garters and shoostrings vnder my feete? shall I fall to falling bands and be a ruffin no longer? I must; I am now liege man to Cupid , and haue read all these informations in his booke of statutes, the first chapter, page millesimo nono , therefore, hat-band avaunt, ruffe regard your 
selfe, garters adue, shoo-strings so and so; I am a poore enamorate, and enforcde with the Poet to say, Loue orecomes all, and I that loue obey.</p0826-teimww:hasTextHist>
    <p0826-teimww:isMentionedIn>
      <p0826-teimww:passage knoraType="link_value" linkType="ref" target="ww_8d23c30959297c4d"/>
    </p0826-teimww:isMentionedIn>
    <p0826-teimww:occursIn>
      <p0826-teimww:book knoraType="link_value" linkType="ref" target="ww_05caae816d47ff11"/>
    </p0826-teimww:occursIn>
    <p0826-teimww:wasContributedBy>
      <p0826-teimww:person knoraType="link_value" linkType="ref" target="ww_b604df587d93b768"/>
    </p0826-teimww:wasContributedBy>
  </p0826-teimww:passage>
  <p0826-teimww:passage id="ww_e04224bed43b422f">
    <knoraXmlImport:label>passage</knoraXmlImport:label>
    <p0826-teimww:contains>
      <p0826-teimww:lexia knoraType="link_value" linkType="ref" target="ww_3f596470145c5773"/>
    </p0826-teimww:contains>
    <p0826-teimww:hasPage knoraType="richtext_value">N.p. [normalized spelling].</p0826-teimww:hasPage>
    <p0826-teimww:hasPageHist knoraType="richtext_value">N.p.</p0826-teimww:hasPageHist>
    <p0826-teimww:hasText knoraType="richtext_value">[Clown:] Captain, a prize! we two were assailed by two hundred, and of them two hundred, we kill'd all but these two. &lt;span class="quote"&gt;These are the remainder of them that are left alive. &lt;/span&gt;</p0826-teimww:hasText>
    <p0826-teimww:hasTextHist knoraType="richtext_value">[Clown:] Captaine, a prize! we two were assailed by two hundred, and of them two hundred, we kil'd all but these two. These are the remainder of them that are left aliue. </p0826-teimww:hasTextHist>
    <p0826-teimww:isMentionedIn>
      <p0826-teimww:passage knoraType="link_value" linkType="ref" target="ww_e91e39365859e6d8"/>
    </p0826-teimww:isMentionedIn>
    <p0826-teimww:occursIn>
      <p0826-teimww:book knoraType="link_value" linkType="ref" target="ww_bb90da7c699e38e8"/>
    </p0826-teimww:occursIn>
    <p0826-teimww:wasContributedBy>
      <p0826-teimww:person knoraType="link_value" linkType="ref" target="ww_6202c1bb6957c9cc"/>
    </p0826-teimww:wasContributedBy>
  </p0826-teimww:passage>
  <p0826-teimww:passage id="ww_e91e39365859e6d8">
    <knoraXmlImport:label>passage</knoraXmlImport:label>
    <p0826-teimww:occursIn>
      <p0826-teimww:book knoraType="link_value" linkType="ref" target="ww_1140c36ab545b6d8"/>
    </p0826-teimww:occursIn>
  </p0826-teimww:passage>
  <p0826-teimww:passage id="ww_24c56be167aa955e">
    <knoraXmlImport:label>passage</knoraXmlImport:label>
    <p0826-teimww:contains>
      <p0826-teimww:lexia knoraType="link_value" linkType="ref" target="ww_9c8b44794f5d7963"/>
    </p0826-teimww:contains>
    <p0826-teimww:hasPage knoraType="richtext_value">N.p.; a bit under 2/3 in [normalized spelling].</p0826-teimww:hasPage>
    <p0826-teimww:hasPageHist knoraType="richtext_value">N.p.; a bit under 2/3 in.</p0826-teimww:hasPageHist>
    <p0826-teimww:hasText knoraType="richtext_value">[Fiddle:] [...] &lt;span class="quote"&gt;tis most tolerable, and not to be endured &lt;/span&gt;[...].</p0826-teimww:hasText>
    <p0826-teimww:hasTextHist knoraType="richtext_value">[Fiddle:] [...] &lt;span class="quote"&gt;tis most tolerable, and not to be indured &lt;/span&gt;[...].</p0826-teimww:hasTextHist>
    <p0826-teimww:isMentionedIn>
      <p0826-teimww:passage knoraType="link_value" linkType="ref" target="ww_8d23c30959297c4d"/>
    </p0826-teimww:isMentionedIn>
    <p0826-teimww:occursIn>
      <p0826-teimww:book knoraType="link_value" linkType="ref" target="ww_05caae816d47ff11"/>
    </p0826-teimww:occursIn>
    <p0826-teimww:wasContributedBy>
      <p0826-teimww:person knoraType="link_value" linkType="ref" target="ww_b604df587d93b768"/>
    </p0826-teimww:wasContributedBy>
  </p0826-teimww:passage>
  <p0826-teimww:passage id="ww_21ef55b6813f8f2c">
    <knoraXmlImport:label>passage</knoraXmlImport:label>
    <p0826-teimww:contains>
      <p0826-teimww:lexia knoraType="link_value" linkType="ref" target="ww_04449f39e64cb92a"/>
    </p0826-teimww:contains>
    <p0826-teimww:hasPage knoraType="richtext_value">N.p.; about 2/3 in [normalized spelling].</p0826-teimww:hasPage>
    <p0826-teimww:hasPageHist knoraType="richtext_value">N.p.; about 2/3 in.</p0826-teimww:hasPageHist>
    <p0826-teimww:hasText knoraType="richtext_value">[Fiddle:] After the most humble manner I will; &lt;span class="quote"&gt;and so gentlemen I commit you all: you Cripple to your shop; you sir, to a turn-up and dish of capers; and lastly, you M. Barnard , to the tuition of the Counter-keeper: there's an Item for you, and so fare-well.&lt;/span&gt;</p0826-teimww:hasText>
    <p0826-teimww:hasTextHist knoraType="richtext_value">[Fiddle:] After the most humble maner I will; and so gentlemen I commit you all: you Cripple to your shop; you sir, to a turn-vp and dish of capers; and lastly, you M. Barnard , to the tuition of the Counter-keeper: theres an Item for you, and so fare-well.</p0826-teimww:hasTextHist>
    <p0826-teimww:isMentionedIn>
      <p0826-teimww:passage knoraType="link_value" linkType="ref" target="ww_8d23c30959297c4d"/>
    </p0826-teimww:isMentionedIn>
    <p0826-teimww:occursIn>
      <p0826-teimww:book knoraType="link_value" linkType="ref" target="ww_05caae816d47ff11"/>
    </p0826-teimww:occursIn>
    <p0826-teimww:wasContributedBy>
      <p0826-teimww:person knoraType="link_value" linkType="ref" target="ww_b604df587d93b768"/>
    </p0826-teimww:wasContributedBy>
  </p0826-teimww:passage>
  <p0826-teimww:passage id="ww_1e0eb0c03f23f559">
    <knoraXmlImport:label>passage</knoraXmlImport:label>
    <p0826-teimww:contains>
      <p0826-teimww:lexia knoraType="link_value" linkType="ref" target="ww_a90f6c2e3005dc20"/>
    </p0826-teimww:contains>
    <p0826-teimww:contains>
      <p0826-teimww:lexia knoraType="link_value" linkType="ref" target="ww_5fd685ac8c375175"/>
    </p0826-teimww:contains>
    <p0826-teimww:hasPage knoraType="richtext_value">N.p. [normalized spelling].</p0826-teimww:hasPage>
    <p0826-teimww:hasPageHist knoraType="richtext_value">N.p.</p0826-teimww:hasPageHist>
    <p0826-teimww:hasText knoraType="richtext_value">[Bowlder:]  &lt;span class="quote"&gt;I could not endure the carrier of her wit,&lt;/span&gt; for a million, she is the only she &lt;i&gt; Mercury &lt;/i&gt; under the heavens; her wit is all spirit; that spirit fire, that fire flies from her tongue, able to burn the radix of the best invention; in this Element she is the abstract and brief of all the eloquence since the incarnation of &lt;i&gt; Tullies &lt;/i&gt; I tell thee Cripple, I had rather encounter &lt;i&gt; Hercules &lt;/i&gt; with blows, than &lt;i&gt; Mall Berry &lt;/i&gt; with words: And yet by this light &lt;span class="quote"&gt;I am horribly in love with her.&lt;/span&gt;</p0826-teimww:hasText>
    <p0826-teimww:hasTextHist knoraType="richtext_value">[Bowlder:]  I could not indure the carrire of her wit, for a million, shee is the onely shee &lt;i&gt; Mercury &lt;/i&gt; vnder the heauens; her wit is all spirit; that spirit fire, that fire flies from her tongue, able to burne the radix of the best inuention; in this Element shee is the abstract and breefe of all the eloquence since the incarnation of &lt;i&gt; Tullies &lt;/i&gt; I tell thee Cripple, I had rather incounter &lt;i&gt; Hercules &lt;/i&gt; with blowes, than &lt;i&gt; Mall Berry &lt;/i&gt; with words: And yet by this light I am horribly in loue with her.</p0826-teimww:hasTextHist>
    <p0826-teimww:isMentionedIn>
      <p0826-teimww:passage knoraType="link_value" linkType="ref" target="ww_2ae307ae717836a8"/>
    </p0826-teimww:isMentionedIn>
    <p0826-teimww:occursIn>
      <p0826-teimww:book knoraType="link_value" linkType="ref" target="ww_05caae816d47ff11"/>
    </p0826-teimww:occursIn>
    <p0826-teimww:wasContributedBy>
      <p0826-teimww:person knoraType="link_value" linkType="ref" target="ww_b604df587d93b768"/>
    </p0826-teimww:wasContributedBy>
  </p0826-teimww:passage>
  <p0826-teimww:passage id="ww_893c5ad38e5a410b">
    <knoraXmlImport:label>passage</knoraXmlImport:label>
    <p0826-teimww:contains>
      <p0826-teimww:lexia knoraType="link_value" linkType="ref" target="ww_1804cc66ed7c5321"/>
    </p0826-teimww:contains>
    <p0826-teimww:hasPage knoraType="richtext_value">N.p.; about halfway into the play [normalized spelling].</p0826-teimww:hasPage>
    <p0826-teimww:hasPageHist knoraType="richtext_value">N.p.; about halfway into the play.</p0826-teimww:hasPageHist>
    <p0826-teimww:hasText knoraType="richtext_value">[Wyatt:] &lt;span class="quote"&gt;The Fox is subtle, and his head once in &lt;br&gt; 
The slender body easily will follow.&lt;/span&gt;</p0826-teimww:hasText>
    <p0826-teimww:hasTextHist knoraType="richtext_value">[Wyatt:] The Fox is suttle, and his head once in &lt;br&gt; 
The slender body easily will follow.</p0826-teimww:hasTextHist>
    <p0826-teimww:isMentionedIn>
      <p0826-teimww:passage knoraType="link_value" linkType="ref" target="ww_efe432ecf369b8b3"/>
    </p0826-teimww:isMentionedIn>
    <p0826-teimww:occursIn>
      <p0826-teimww:book knoraType="link_value" linkType="ref" target="ww_ae241404822b51fa"/>
    </p0826-teimww:occursIn>
    <p0826-teimww:wasContributedBy>
      <p0826-teimww:person knoraType="link_value" linkType="ref" target="ww_b604df587d93b768"/>
    </p0826-teimww:wasContributedBy>
  </p0826-teimww:passage>
  <p0826-teimww:passage id="ww_efe432ecf369b8b3">
    <knoraXmlImport:label>passage</knoraXmlImport:label>
    <p0826-teimww:occursIn>
      <p0826-teimww:book knoraType="link_value" linkType="ref" target="ww_1140c36ab545b6d8"/>
    </p0826-teimww:occursIn>
  </p0826-teimww:passage>
  <p0826-teimww:passage id="ww_66c4a747bd340e70">
    <knoraXmlImport:label>passage</knoraXmlImport:label>
    <p0826-teimww:contains>
      <p0826-teimww:lexia knoraType="link_value" linkType="ref" target="ww_dd4c3536a39d3416"/>
    </p0826-teimww:contains>
    <p0826-teimww:hasPage knoraType="richtext_value">N.p.; a bit over halfway in [normalized spelling].</p0826-teimww:hasPage>
    <p0826-teimww:hasPageHist knoraType="richtext_value">N.p.; a bit over halfway into the play.</p0826-teimww:hasPageHist>
    <p0826-teimww:hasText knoraType="richtext_value">[Jane:] &lt;span class="quote"&gt;Is grief so short? 'twas wont to be full of words &lt;/span&gt;[...].</p0826-teimww:hasText>
    <p0826-teimww:hasTextHist knoraType="richtext_value">[Jane:] Is greefe so short? twa's wont to be full of wordes [...].</p0826-teimww:hasTextHist>
    <p0826-teimww:isMentionedIn>
      <p0826-teimww:passage knoraType="link_value" linkType="ref" target="ww_efe432ecf369b8b3"/>
    </p0826-teimww:isMentionedIn>
    <p0826-teimww:occursIn>
      <p0826-teimww:book knoraType="link_value" linkType="ref" target="ww_ae241404822b51fa"/>
    </p0826-teimww:occursIn>
    <p0826-teimww:wasContributedBy>
      <p0826-teimww:person knoraType="link_value" linkType="ref" target="ww_b604df587d93b768"/>
    </p0826-teimww:wasContributedBy>
  </p0826-teimww:passage>
  <p0826-teimww:passage id="ww_09bd88057df763b7">
    <knoraXmlImport:label>passage</knoraXmlImport:label>
    <p0826-teimww:contains>
      <p0826-teimww:lexia knoraType="link_value" linkType="ref" target="ww_b2f8ae9db05d31b1"/>
    </p0826-teimww:contains>
    <p0826-teimww:hasPage knoraType="richtext_value">Act 3, scene 1, lines 133-136.</p0826-teimww:hasPage>
    <p0826-teimww:hasText knoraType="richtext_value">[Claudio:] [...] &lt;span class="quote"&gt;the delighted spirit&lt;br&gt;
To bathe in fiery floods, or to reside&lt;br&gt;
In thrilling region of thick-ribbèd ice,&lt;br&gt;
To be imprisoned in the viewless winds&lt;/span&gt; [...].</p0826-teimww:hasText>
    <p0826-teimww:isMentionedIn>
      <p0826-teimww:passage knoraType="link_value" linkType="ref" target="ww_8e0ce31c1e5cf812"/>
    </p0826-teimww:isMentionedIn>
    <p0826-teimww:occursIn>
      <p0826-teimww:book knoraType="link_value" linkType="ref" target="ww_aff3e1e0ec71023e"/>
    </p0826-teimww:occursIn>
    <p0826-teimww:wasContributedBy>
      <p0826-teimww:person knoraType="link_value" linkType="ref" target="ww_7f35f6802efd910d"/>
    </p0826-teimww:wasContributedBy>
  </p0826-teimww:passage>
  <p0826-teimww:passage id="ww_8e0ce31c1e5cf812">
    <knoraXmlImport:label>passage</knoraXmlImport:label>
    <p0826-teimww:occursIn>
      <p0826-teimww:book knoraType="link_value" linkType="ref" target="ww_12b8cda82738e9e2"/>
    </p0826-teimww:occursIn>
  </p0826-teimww:passage>
  <p0826-teimww:passage id="ww_d0f683ba44f9fc9d">
    <knoraXmlImport:label>passage</knoraXmlImport:label>
    <p0826-teimww:contains>
      <p0826-teimww:lexia knoraType="link_value" linkType="ref" target="ww_75b03c2c16b9b9a1"/>
    </p0826-teimww:contains>
    <p0826-teimww:hasPage knoraType="richtext_value">Act 2, scene 2, line 50.</p0826-teimww:hasPage>
    <p0826-teimww:hasText knoraType="richtext_value">[Isabella:] &lt;span class="quote"&gt;I have a brother is condemned to die.&lt;br&gt;
I do beseech you let it be his fault&lt;br&gt;
And not my brother.&lt;/span&gt;</p0826-teimww:hasText>
    <p0826-teimww:isMentionedIn>
      <p0826-teimww:passage knoraType="link_value" linkType="ref" target="ww_02587c7470739125"/>
    </p0826-teimww:isMentionedIn>
    <p0826-teimww:occursIn>
      <p0826-teimww:book knoraType="link_value" linkType="ref" target="ww_aff3e1e0ec71023e"/>
    </p0826-teimww:occursIn>
    <p0826-teimww:wasContributedBy>
      <p0826-teimww:person knoraType="link_value" linkType="ref" target="ww_7f35f6802efd910d"/>
    </p0826-teimww:wasContributedBy>
  </p0826-teimww:passage>
  <p0826-teimww:passage id="ww_02587c7470739125">
    <knoraXmlImport:label>passage</knoraXmlImport:label>
    <p0826-teimww:occursIn>
      <p0826-teimww:book knoraType="link_value" linkType="ref" target="ww_12b8cda82738e9e2"/>
    </p0826-teimww:occursIn>
  </p0826-teimww:passage>
  <p0826-teimww:passage id="ww_ac268b906270f761">
    <knoraXmlImport:label>passage</knoraXmlImport:label>
    <p0826-teimww:contains>
      <p0826-teimww:lexia knoraType="link_value" linkType="ref" target="ww_e7a68add09eba3e1"/>
    </p0826-teimww:contains>
    <p0826-teimww:hasPage knoraType="richtext_value">Line 10.</p0826-teimww:hasPage>
    <p0826-teimww:hasText knoraType="richtext_value">&lt;span class="quote"&gt;Till Nature as she wrought thee fall a-doting &lt;/span&gt;[...].</p0826-teimww:hasText>
    <p0826-teimww:isMentionedIn>
      <p0826-teimww:passage knoraType="link_value" linkType="ref" target="ww_258af16bdf666c9c"/>
    </p0826-teimww:isMentionedIn>
    <p0826-teimww:isMentionedIn>
      <p0826-teimww:passage knoraType="link_value" linkType="ref" target="ww_66613da42b13d495"/>
    </p0826-teimww:isMentionedIn>
    <p0826-teimww:occursIn>
      <p0826-teimww:book knoraType="link_value" linkType="ref" target="ww_b39e765e82b19cd8"/>
    </p0826-teimww:occursIn>
    <p0826-teimww:wasContributedBy>
      <p0826-teimww:person knoraType="link_value" linkType="ref" target="ww_c4063e9c72a3ffd2"/>
    </p0826-teimww:wasContributedBy>
  </p0826-teimww:passage>
  <p0826-teimww:passage id="ww_258af16bdf666c9c">
    <knoraXmlImport:label>passage</knoraXmlImport:label>
    <p0826-teimww:occursIn>
      <p0826-teimww:book knoraType="link_value" linkType="ref" target="ww_df2b8c2f18df151a"/>
    </p0826-teimww:occursIn>
  </p0826-teimww:passage>
  <p0826-teimww:passage id="ww_66613da42b13d495">
    <knoraXmlImport:label>passage</knoraXmlImport:label>
    <p0826-teimww:occursIn>
      <p0826-teimww:book knoraType="link_value" linkType="ref" target="ww_b5ea9b35c899d367"/>
    </p0826-teimww:occursIn>
  </p0826-teimww:passage>
  <p0826-teimww:passage id="ww_32c6cd260e745674">
    <knoraXmlImport:label>passage</knoraXmlImport:label>
    <p0826-teimww:contains>
      <p0826-teimww:lexia knoraType="link_value" linkType="ref" target="ww_8ccf9f6fd4160528"/>
    </p0826-teimww:contains>
    <p0826-teimww:hasPage knoraType="richtext_value">Act 5, scene 2, lines 98-106.</p0826-teimww:hasPage>
    <p0826-teimww:hasText knoraType="richtext_value">[Desdemona:] &lt;span class="quote"&gt;O banish me, my lord, but kill me not! &lt;br&gt;&lt;/span&gt;
[Othello:] &lt;span class="quote"&gt;Down, strumpet!&lt;br&gt;&lt;/span&gt;
[Desdemona:] &lt;span class="quote"&gt;Kill me tomorrow, let me live tonight.&lt;br&gt;&lt;/span&gt;
[Othello:] &lt;span class="quote"&gt;Nay, if you strive -&lt;br&gt;&lt;/span&gt;
[Desdemona:] &lt;span class="quote"&gt;But half an hour!&lt;br&gt;&lt;/span&gt;
[Othello:] &lt;span class="quote"&gt;Being done, there is no pause.&lt;br&gt;&lt;/span&gt;
[Desdemona:] &lt;span class="quote"&gt;But while I say one prayer!&lt;br&gt;&lt;/span&gt;
[Othello:] &lt;span class="quote"&gt;It is too late (smothers her).</p0826-teimww:hasText>
    <p0826-teimww:isMentionedIn>
      <p0826-teimww:passage knoraType="link_value" linkType="ref" target="ww_a784c2159ca24d04"/>
    </p0826-teimww:isMentionedIn>
    <p0826-teimww:occursIn>
      <p0826-teimww:book knoraType="link_value" linkType="ref" target="ww_9b67ca7f120fc425"/>
    </p0826-teimww:occursIn>
    <p0826-teimww:wasContributedBy>
      <p0826-teimww:person knoraType="link_value" linkType="ref" target="ww_7f35f6802efd910d"/>
    </p0826-teimww:wasContributedBy>
  </p0826-teimww:passage>
  <p0826-teimww:passage id="ww_a784c2159ca24d04">
    <knoraXmlImport:label>passage</knoraXmlImport:label>
    <p0826-teimww:occursIn>
      <p0826-teimww:book knoraType="link_value" linkType="ref" target="ww_12b8cda82738e9e2"/>
    </p0826-teimww:occursIn>
  </p0826-teimww:passage>
  <p0826-teimww:passage id="ww_3a376130f1d71ed5">
    <knoraXmlImport:label>passage</knoraXmlImport:label>
    <p0826-teimww:contains>
      <p0826-teimww:lexia knoraType="link_value" linkType="ref" target="ww_06f61cfde0527341"/>
    </p0826-teimww:contains>
    <p0826-teimww:hasText knoraType="richtext_value">&lt;span class="quote"&gt;Iago&lt;/span&gt;</p0826-teimww:hasText>
    <p0826-teimww:occursIn>
      <p0826-teimww:book knoraType="link_value" linkType="ref" target="ww_9b67ca7f120fc425"/>
    </p0826-teimww:occursIn>
    <p0826-teimww:wasContributedBy>
      <p0826-teimww:person knoraType="link_value" linkType="ref" target="ww_c4063e9c72a3ffd2"/>
    </p0826-teimww:wasContributedBy>
  </p0826-teimww:passage>
  <p0826-teimww:passage id="ww_4bc381b7454c30aa">
    <knoraXmlImport:label>passage</knoraXmlImport:label>
    <p0826-teimww:contains>
      <p0826-teimww:lexia knoraType="link_value" linkType="ref" target="ww_307da6ddc100b9b0"/>
    </p0826-teimww:contains>
    <p0826-teimww:hasPage knoraType="richtext_value">Act 3, scene 3, lines 431-434.</p0826-teimww:hasPage>
    <p0826-teimww:hasText knoraType="richtext_value">[Iago:] [...] O monstrous world! Take note, take note, O world:&lt;br&gt;
&lt;span class="quote"&gt;To be direct and honest is not safe.&lt;/span&gt;&lt;br&gt;
I thank you for this profit, and from hence &lt;br&gt;
I'll love no friend, sith love breeds such offense.</p0826-teimww:hasText>
    <p0826-teimww:isMentionedIn>
      <p0826-teimww:passage knoraType="link_value" linkType="ref" target="ww_fe1d53b776bee298"/>
    </p0826-teimww:isMentionedIn>
    <p0826-teimww:occursIn>
      <p0826-teimww:book knoraType="link_value" linkType="ref" target="ww_9b67ca7f120fc425"/>
    </p0826-teimww:occursIn>
    <p0826-teimww:wasContributedBy>
      <p0826-teimww:person knoraType="link_value" linkType="ref" target="ww_c4063e9c72a3ffd2"/>
    </p0826-teimww:wasContributedBy>
  </p0826-teimww:passage>
  <p0826-teimww:passage id="ww_fe1d53b776bee298">
    <knoraXmlImport:label>passage</knoraXmlImport:label>
    <p0826-teimww:occursIn>
      <p0826-teimww:book knoraType="link_value" linkType="ref" target="ww_1140c36ab545b6d8"/>
    </p0826-teimww:occursIn>
  </p0826-teimww:passage>
  <p0826-teimww:passage id="ww_c5e31e32ff074a98">
    <knoraXmlImport:label>passage</knoraXmlImport:label>
    <p0826-teimww:contains>
      <p0826-teimww:lexia knoraType="link_value" linkType="ref" target="ww_fba3108902c095f8"/>
    </p0826-teimww:contains>
    <p0826-teimww:contains>
      <p0826-teimww:lexia knoraType="link_value" linkType="ref" target="ww_28cd97c2a00390cb"/>
    </p0826-teimww:contains>
    <p0826-teimww:contains>
      <p0826-teimww:lexia knoraType="link_value" linkType="ref" target="ww_2bf9287b40ed709c"/>
    </p0826-teimww:contains>
    <p0826-teimww:hasPage knoraType="richtext_value">385; act 5, scene 4 [normalized spelling].</p0826-teimww:hasPage>
    <p0826-teimww:hasPageHist knoraType="richtext_value">385; act 5, scene 4.</p0826-teimww:hasPageHist>
    <p0826-teimww:hasText knoraType="richtext_value">[Tenterhook:] Ay, but when light wives make heavy husbands, let these husbands play &lt;span class="quote"&gt;mad &lt;/span&gt;&lt;i&gt;Hamlet&lt;/i&gt;, and cry &lt;span class="quote"&gt;&lt;i&gt;Revenge&lt;/i&gt;; &lt;/span&gt;come, and we'll do so.</p0826-teimww:hasText>
    <p0826-teimww:hasTextHist knoraType="richtext_value">[Tenter-hooke:] I but when light Wiues make heauy husbands, let these husbands play &lt;span class="quote"&gt;mad &lt;i&gt;Hamlet&lt;/i&gt;, and crie &lt;i&gt;reuenge&lt;/i&gt;; &lt;/span&gt;come, and weele do so.</p0826-teimww:hasTextHist>
    <p0826-teimww:isMentionedIn>
      <p0826-teimww:passage knoraType="link_value" linkType="ref" target="ww_0fac6f6728e7d5e0"/>
    </p0826-teimww:isMentionedIn>
    <p0826-teimww:isMentionedIn>
      <p0826-teimww:passage knoraType="link_value" linkType="ref" target="ww_59559d39d47a09e1"/>
    </p0826-teimww:isMentionedIn>
    <p0826-teimww:occursIn>
      <p0826-teimww:book knoraType="link_value" linkType="ref" target="ww_ad7af8eb91622840"/>
    </p0826-teimww:occursIn>
    <p0826-teimww:wasContributedBy>
      <p0826-teimww:person knoraType="link_value" linkType="ref" target="ww_b98e7021b3193ae3"/>
    </p0826-teimww:wasContributedBy>
  </p0826-teimww:passage>
  <p0826-teimww:passage id="ww_0fac6f6728e7d5e0">
    <knoraXmlImport:label>passage</knoraXmlImport:label>
    <p0826-teimww:occursIn>
      <p0826-teimww:book knoraType="link_value" linkType="ref" target="ww_2f65899f08b5bb71"/>
    </p0826-teimww:occursIn>
  </p0826-teimww:passage>
  <p0826-teimww:passage id="ww_59559d39d47a09e1">
    <knoraXmlImport:label>passage</knoraXmlImport:label>
    <p0826-teimww:occursIn>
      <p0826-teimww:book knoraType="link_value" linkType="ref" target="ww_1140c36ab545b6d8"/>
    </p0826-teimww:occursIn>
  </p0826-teimww:passage>
  <p0826-teimww:passage id="ww_e36aea184a05fdbb">
    <knoraXmlImport:label>passage</knoraXmlImport:label>
    <p0826-teimww:contains>
      <p0826-teimww:lexia knoraType="link_value" linkType="ref" target="ww_19971f665f25bf3d"/>
    </p0826-teimww:contains>
    <p0826-teimww:hasPage knoraType="richtext_value">Act 3, scene 3, line 21.</p0826-teimww:hasPage>
    <p0826-teimww:hasText knoraType="richtext_value">[Desdemona:] &lt;span class="quote"&gt;I'll watch him tame &lt;/span&gt;[...].</p0826-teimww:hasText>
    <p0826-teimww:isMentionedIn>
      <p0826-teimww:passage knoraType="link_value" linkType="ref" target="ww_18a63d6a1bbfe94c"/>
    </p0826-teimww:isMentionedIn>
    <p0826-teimww:occursIn>
      <p0826-teimww:book knoraType="link_value" linkType="ref" target="ww_9b67ca7f120fc425"/>
    </p0826-teimww:occursIn>
    <p0826-teimww:wasContributedBy>
      <p0826-teimww:person knoraType="link_value" linkType="ref" target="ww_7f35f6802efd910d"/>
    </p0826-teimww:wasContributedBy>
  </p0826-teimww:passage>
  <p0826-teimww:passage id="ww_d9d1f53a34ca9ec1">
    <knoraXmlImport:label>passage</knoraXmlImport:label>
    <p0826-teimww:contains>
      <p0826-teimww:lexia knoraType="link_value" linkType="ref" target="ww_ccec431c590a31d4"/>
    </p0826-teimww:contains>
    <p0826-teimww:hasPage knoraType="richtext_value">Act 4, scene 1, line 23</p0826-teimww:hasPage>
    <p0826-teimww:hasText knoraType="richtext_value">[Othello:] O, it comes o'er my memory&lt;br&gt;
As doth &lt;span class="quote"&gt;the raven o'er the infectious house,&lt;br&gt;
Boding to all &lt;/span&gt;[...].</p0826-teimww:hasText>
    <p0826-teimww:isMentionedIn>
      <p0826-teimww:passage knoraType="link_value" linkType="ref" target="ww_671e14e12dcd3674"/>
    </p0826-teimww:isMentionedIn>
    <p0826-teimww:occursIn>
      <p0826-teimww:book knoraType="link_value" linkType="ref" target="ww_9b67ca7f120fc425"/>
    </p0826-teimww:occursIn>
    <p0826-teimww:wasContributedBy>
      <p0826-teimww:person knoraType="link_value" linkType="ref" target="ww_7f35f6802efd910d"/>
    </p0826-teimww:wasContributedBy>
  </p0826-teimww:passage>
  <p0826-teimww:passage id="ww_fd09ea0c33ad81b5">
    <knoraXmlImport:label>passage</knoraXmlImport:label>
    <p0826-teimww:contains>
      <p0826-teimww:lexia knoraType="link_value" linkType="ref" target="ww_7e0336f4c1fdc273"/>
    </p0826-teimww:contains>
    <p0826-teimww:hasPage knoraType="richtext_value">Act 3, scene 3, line 406.</p0826-teimww:hasPage>
    <p0826-teimww:hasText knoraType="richtext_value">[Othello:] [...] &lt;span class="quote"&gt;Pride, pomp, and circumstance of glorious war!&lt;/span&gt;</p0826-teimww:hasText>
    <p0826-teimww:isMentionedIn>
      <p0826-teimww:passage knoraType="link_value" linkType="ref" target="ww_cbae09e4ff9b4a47"/>
    </p0826-teimww:isMentionedIn>
    <p0826-teimww:occursIn>
      <p0826-teimww:book knoraType="link_value" linkType="ref" target="ww_9b67ca7f120fc425"/>
    </p0826-teimww:occursIn>
    <p0826-teimww:wasContributedBy>
      <p0826-teimww:person knoraType="link_value" linkType="ref" target="ww_b604df587d93b768"/>
    </p0826-teimww:wasContributedBy>
  </p0826-teimww:passage>
  <p0826-teimww:passage id="ww_cbae09e4ff9b4a47">
    <knoraXmlImport:label>passage</knoraXmlImport:label>
    <p0826-teimww:occursIn>
      <p0826-teimww:book knoraType="link_value" linkType="ref" target="ww_1140c36ab545b6d8"/>
    </p0826-teimww:occursIn>
  </p0826-teimww:passage>
  <p0826-teimww:passage id="ww_908a6d5a449da05c">
    <knoraXmlImport:label>passage</knoraXmlImport:label>
    <p0826-teimww:contains>
      <p0826-teimww:lexia knoraType="link_value" linkType="ref" target="ww_014049abd56da161"/>
    </p0826-teimww:contains>
    <p0826-teimww:hasPage knoraType="richtext_value">Act 2, scene 3, line 391.</p0826-teimww:hasPage>
    <p0826-teimww:hasText knoraType="richtext_value">[Iago:] &lt;span class="quote"&gt;Though other things grow fair against the sun,&lt;br&gt;
Yet fruits that blossom first will first be ripe.&lt;/span&gt;</p0826-teimww:hasText>
    <p0826-teimww:isMentionedIn>
      <p0826-teimww:passage knoraType="link_value" linkType="ref" target="ww_02587c7470739125"/>
    </p0826-teimww:isMentionedIn>
    <p0826-teimww:occursIn>
      <p0826-teimww:book knoraType="link_value" linkType="ref" target="ww_9b67ca7f120fc425"/>
    </p0826-teimww:occursIn>
    <p0826-teimww:wasContributedBy>
      <p0826-teimww:person knoraType="link_value" linkType="ref" target="ww_7f35f6802efd910d"/>
    </p0826-teimww:wasContributedBy>
  </p0826-teimww:passage>
  <p0826-teimww:passage id="ww_915331fa0b17bcf3">
    <knoraXmlImport:label>passage</knoraXmlImport:label>
    <p0826-teimww:contains>
      <p0826-teimww:lexia knoraType="link_value" linkType="ref" target="ww_ab67c0bd02915be9"/>
    </p0826-teimww:contains>
    <p0826-teimww:hasPage knoraType="richtext_value">Act 5, scene 2, lines 355-356.</p0826-teimww:hasPage>
    <p0826-teimww:hasText knoraType="richtext_value">[Iago:] &lt;span class="quote"&gt;Demand me nothing. What you know, you know. &lt;br&gt;
From this time forth I never will speak word.&lt;/span&gt;</p0826-teimww:hasText>
    <p0826-teimww:isMentionedIn>
      <p0826-teimww:passage knoraType="link_value" linkType="ref" target="ww_976112185f0aef52"/>
    </p0826-teimww:isMentionedIn>
    <p0826-teimww:occursIn>
      <p0826-teimww:book knoraType="link_value" linkType="ref" target="ww_9b67ca7f120fc425"/>
    </p0826-teimww:occursIn>
    <p0826-teimww:wasContributedBy>
      <p0826-teimww:person knoraType="link_value" linkType="ref" target="ww_b604df587d93b768"/>
    </p0826-teimww:wasContributedBy>
  </p0826-teimww:passage>
  <p0826-teimww:passage id="ww_6bb2745358c16b36">
    <knoraXmlImport:label>passage</knoraXmlImport:label>
    <p0826-teimww:contains>
      <p0826-teimww:lexia knoraType="link_value" linkType="ref" target="ww_277719f481321baa"/>
    </p0826-teimww:contains>
    <p0826-teimww:hasPage knoraType="richtext_value">Act 5, scene 1, line 12.</p0826-teimww:hasPage>
    <p0826-teimww:hasText knoraType="richtext_value">[Iago (aside):] I have rubbed &lt;span class="quote"&gt;this young quat &lt;/span&gt;almost to the sense [...].</p0826-teimww:hasText>
    <p0826-teimww:isMentionedIn>
      <p0826-teimww:passage knoraType="link_value" linkType="ref" target="ww_ea933de51df08154"/>
    </p0826-teimww:isMentionedIn>
    <p0826-teimww:occursIn>
      <p0826-teimww:book knoraType="link_value" linkType="ref" target="ww_9b67ca7f120fc425"/>
    </p0826-teimww:occursIn>
    <p0826-teimww:wasContributedBy>
      <p0826-teimww:person knoraType="link_value" linkType="ref" target="ww_b604df587d93b768"/>
    </p0826-teimww:wasContributedBy>
  </p0826-teimww:passage>
  <p0826-teimww:passage id="ww_ea933de51df08154">
    <knoraXmlImport:label>passage</knoraXmlImport:label>
    <p0826-teimww:occursIn>
      <p0826-teimww:book knoraType="link_value" linkType="ref" target="ww_1140c36ab545b6d8"/>
    </p0826-teimww:occursIn>
  </p0826-teimww:passage>
  <p0826-teimww:passage id="ww_4fc9ed9061b80eeb">
    <knoraXmlImport:label>passage</knoraXmlImport:label>
    <p0826-teimww:contains>
      <p0826-teimww:lexia knoraType="link_value" linkType="ref" target="ww_564342b4f2c61179"/>
    </p0826-teimww:contains>
    <p0826-teimww:hasPage knoraType="richtext_value">Act 5, scene 2, lines 403-408.</p0826-teimww:hasPage>
    <p0826-teimww:hasText knoraType="richtext_value">[Othello:] [...] Then must you speak &lt;br&gt;
Of one that loved not wisely, but too well;&lt;br&gt;
Of one not easily jealous, but being wrought,&lt;br&gt;
Perplexed in the extreme; of one whose hand,&lt;br&gt;
&lt;span class="quote"&gt;Like the base Judean, threw a pearl away &lt;br&gt;
Richer than all his tribe &lt;/span&gt;[...].</p0826-teimww:hasText>
    <p0826-teimww:isMentionedIn>
      <p0826-teimww:passage knoraType="link_value" linkType="ref" target="ww_471eb110c4dbdb73"/>
    </p0826-teimww:isMentionedIn>
    <p0826-teimww:isMentionedIn>
      <p0826-teimww:passage knoraType="link_value" linkType="ref" target="ww_ea933de51df08154"/>
    </p0826-teimww:isMentionedIn>
    <p0826-teimww:occursIn>
      <p0826-teimww:book knoraType="link_value" linkType="ref" target="ww_9b67ca7f120fc425"/>
    </p0826-teimww:occursIn>
    <p0826-teimww:wasContributedBy>
      <p0826-teimww:person knoraType="link_value" linkType="ref" target="ww_b604df587d93b768"/>
    </p0826-teimww:wasContributedBy>
  </p0826-teimww:passage>
  <p0826-teimww:passage id="ww_471eb110c4dbdb73">
    <knoraXmlImport:label>passage</knoraXmlImport:label>
    <p0826-teimww:occursIn>
      <p0826-teimww:book knoraType="link_value" linkType="ref" target="ww_5af91280461707f1"/>
    </p0826-teimww:occursIn>
  </p0826-teimww:passage>
  <p0826-teimww:passage id="ww_c6605b87040ab987">
    <knoraXmlImport:label>passage</knoraXmlImport:label>
    <p0826-teimww:contains>
      <p0826-teimww:lexia knoraType="link_value" linkType="ref" target="ww_c17fd00a5994ad12"/>
    </p0826-teimww:contains>
    <p0826-teimww:hasPage knoraType="richtext_value">N.p.; act 1, scene 1, line 140 [normalised spelling].</p0826-teimww:hasPage>
    <p0826-teimww:hasPageHist knoraType="richtext_value">N.p.; act 1, scene 1, line 140.</p0826-teimww:hasPageHist>
    <p0826-teimww:hasText knoraType="richtext_value">[Bussy:] &lt;span class="quote"&gt;There is a deep nick in time's restless wheel &lt;br&gt;
For each man's good, when which nick comes it strikes&lt;/span&gt; [...].</p0826-teimww:hasText>
    <p0826-teimww:hasTextHist knoraType="richtext_value">[Bussy:] There is a deepe nicke in times restlesse wheele &lt;br&gt;
For each mans good, when which nicke comes it strikes [...].</p0826-teimww:hasTextHist>
    <p0826-teimww:isMentionedIn>
      <p0826-teimww:passage knoraType="link_value" linkType="ref" target="ww_45b00934b5db2d81"/>
    </p0826-teimww:isMentionedIn>
    <p0826-teimww:occursIn>
      <p0826-teimww:book knoraType="link_value" linkType="ref" target="ww_f38099d24a8f82da"/>
    </p0826-teimww:occursIn>
    <p0826-teimww:wasContributedBy>
      <p0826-teimww:person knoraType="link_value" linkType="ref" target="ww_7f35f6802efd910d"/>
    </p0826-teimww:wasContributedBy>
  </p0826-teimww:passage>
  <p0826-teimww:passage id="ww_45b00934b5db2d81">
    <knoraXmlImport:label>passage</knoraXmlImport:label>
    <p0826-teimww:occursIn>
      <p0826-teimww:book knoraType="link_value" linkType="ref" target="ww_e81f44945dfa651c"/>
    </p0826-teimww:occursIn>
  </p0826-teimww:passage>
  <p0826-teimww:passage id="ww_059136cabc21bdbd">
    <knoraXmlImport:label>passage</knoraXmlImport:label>
    <p0826-teimww:contains>
      <p0826-teimww:lexia knoraType="link_value" linkType="ref" target="ww_afd806b4bb5931a4"/>
    </p0826-teimww:contains>
    <p0826-teimww:hasPage knoraType="richtext_value">N.p. [normalized spelling].</p0826-teimww:hasPage>
    <p0826-teimww:hasPageHist knoraType="richtext_value">N.p.</p0826-teimww:hasPageHist>
    <p0826-teimww:hasText knoraType="richtext_value">[Lurdo:] I&lt;span class="quote"&gt;'ll carry coals and you will, &lt;/span&gt;no horns, I know the law.</p0826-teimww:hasText>
    <p0826-teimww:hasTextHist knoraType="richtext_value">[Lurdo:] &lt;span class="quote"&gt;Ile carry coles and you wil, &lt;/span&gt;no hornes, I know the law.</p0826-teimww:hasTextHist>
    <p0826-teimww:isMentionedIn>
      <p0826-teimww:passage knoraType="link_value" linkType="ref" target="ww_67a8c66cfb1db100"/>
    </p0826-teimww:isMentionedIn>
    <p0826-teimww:occursIn>
      <p0826-teimww:book knoraType="link_value" linkType="ref" target="ww_7ce8c060adcb001c"/>
    </p0826-teimww:occursIn>
    <p0826-teimww:wasContributedBy>
      <p0826-teimww:person knoraType="link_value" linkType="ref" target="ww_c4063e9c72a3ffd2"/>
    </p0826-teimww:wasContributedBy>
  </p0826-teimww:passage>
  <p0826-teimww:passage id="ww_67a8c66cfb1db100">
    <knoraXmlImport:label>passage</knoraXmlImport:label>
    <p0826-teimww:occursIn>
      <p0826-teimww:book knoraType="link_value" linkType="ref" target="ww_3e15ab6c612eadae"/>
    </p0826-teimww:occursIn>
  </p0826-teimww:passage>
  <p0826-teimww:passage id="ww_ae2ff8f5223db6cc">
    <knoraXmlImport:label>passage</knoraXmlImport:label>
    <p0826-teimww:contains>
      <p0826-teimww:lexia knoraType="link_value" linkType="ref" target="ww_afd806b4bb5931a4"/>
    </p0826-teimww:contains>
    <p0826-teimww:hasPage knoraType="richtext_value">53 [normalized spelling].</p0826-teimww:hasPage>
    <p0826-teimww:hasPageHist knoraType="richtext_value">53.</p0826-teimww:hasPageHist>
    <p0826-teimww:hasText knoraType="richtext_value">[Quintiliano:] Why sir, because I entertained this Gentleman for my Antient, (being my dear friend and an excellent scholar) he takes pepper ith' nose and sneezes it out upon my Antient; now sir &lt;span class="quote"&gt;(he being of an uncoal-carrying spirit)&lt;/span&gt; falls foul on him, calls him gull openly [...].</p0826-teimww:hasText>
    <p0826-teimww:hasTextHist knoraType="richtext_value">[Quintiliano:] Why sir, because I entertaind this Gentleman for my Antient, (being my deare friend and an excellent scholler) he takes pepper ith' nose and sneeses it out vpon my Antient; now sir (he being of an vncole-carrying spirit) fals foule on him, cals him gull openly [...].</p0826-teimww:hasTextHist>
    <p0826-teimww:occursIn>
      <p0826-teimww:book knoraType="link_value" linkType="ref" target="ww_9878ac4728900ba4"/>
    </p0826-teimww:occursIn>
    <p0826-teimww:wasContributedBy>
      <p0826-teimww:person knoraType="link_value" linkType="ref" target="ww_c4063e9c72a3ffd2"/>
    </p0826-teimww:wasContributedBy>
  </p0826-teimww:passage>
  <p0826-teimww:passage id="ww_7798772456b881cd">
    <knoraXmlImport:label>passage</knoraXmlImport:label>
    <p0826-teimww:contains>
      <p0826-teimww:lexia knoraType="link_value" linkType="ref" target="ww_db22d59143708215"/>
    </p0826-teimww:contains>
    <p0826-teimww:hasPage knoraType="richtext_value">337-338.</p0826-teimww:hasPage>
    <p0826-teimww:hasText knoraType="richtext_value">[Leicester:] But (madam) ere that day come, &lt;br&gt;
&lt;span class="quote"&gt;There will be many a bloody nose, I, and and crack'd crown; &lt;br&gt;&lt;/span&gt;
We shall make work for surgeons.</p0826-teimww:hasText>
    <p0826-teimww:isMentionedIn>
      <p0826-teimww:passage knoraType="link_value" linkType="ref" target="ww_5beabfe7632d921f"/>
    </p0826-teimww:isMentionedIn>
    <p0826-teimww:occursIn>
      <p0826-teimww:book knoraType="link_value" linkType="ref" target="ww_2904e9f7b34ab517"/>
    </p0826-teimww:occursIn>
    <p0826-teimww:wasContributedBy>
      <p0826-teimww:person knoraType="link_value" linkType="ref" target="ww_b604df587d93b768"/>
    </p0826-teimww:wasContributedBy>
  </p0826-teimww:passage>
  <p0826-teimww:passage id="ww_5523cf3ef002828a">
    <knoraXmlImport:label>passage</knoraXmlImport:label>
    <p0826-teimww:contains>
      <p0826-teimww:lexia knoraType="link_value" linkType="ref" target="ww_d42be71c89ed7fcb"/>
    </p0826-teimww:contains>
    <p0826-teimww:hasPage knoraType="richtext_value">B3 recto [normalized spelling].</p0826-teimww:hasPage>
    <p0826-teimww:hasPageHist knoraType="richtext_value">B3 recto.</p0826-teimww:hasPageHist>
    <p0826-teimww:hasText knoraType="richtext_value">[Joculo:] But madam, do you remember what a multitude of fishes we saw at sea? and I do wonder how they can all live by one another.&lt;br&gt;
[Emilia:] Why soul, as men do on the land,&lt;span class="quote"&gt; the great ones eat up the little ones. &lt;/span&gt;</p0826-teimww:hasText>
    <p0826-teimww:hasTextHist knoraType="richtext_value">[Joculo:] But Madam, doe you remember what a multitude of fishes we saw at Sea? and I doe wonder how thea can all live by one another.&lt;br&gt;
[Emilia:] Why soole, as men do on the Land, &lt;span class="quote"&gt;the great ones eate up the little ones. &lt;/span&gt;</p0826-teimww:hasTextHist>
    <p0826-teimww:isMentionedIn>
      <p0826-teimww:passage knoraType="link_value" linkType="ref" target="ww_04d83ae216584be0"/>
    </p0826-teimww:isMentionedIn>
    <p0826-teimww:occursIn>
      <p0826-teimww:book knoraType="link_value" linkType="ref" target="ww_7ce8c060adcb001c"/>
    </p0826-teimww:occursIn>
    <p0826-teimww:wasContributedBy>
      <p0826-teimww:person knoraType="link_value" linkType="ref" target="ww_6202c1bb6957c9cc"/>
    </p0826-teimww:wasContributedBy>
  </p0826-teimww:passage>
  <p0826-teimww:passage id="ww_04d83ae216584be0">
    <knoraXmlImport:label>passage</knoraXmlImport:label>
    <p0826-teimww:occursIn>
      <p0826-teimww:book knoraType="link_value" linkType="ref" target="ww_1140c36ab545b6d8"/>
    </p0826-teimww:occursIn>
  </p0826-teimww:passage>
  <p0826-teimww:passage id="ww_0a040889893f15d2">
    <knoraXmlImport:label>passage</knoraXmlImport:label>
    <p0826-teimww:contains>
      <p0826-teimww:lexia knoraType="link_value" linkType="ref" target="ww_471809136403e42c"/>
    </p0826-teimww:contains>
    <p0826-teimww:hasPage knoraType="richtext_value">N.p.; act 4, scene 1, line 25 [normalised spelling].</p0826-teimww:hasPage>
    <p0826-teimww:hasPageHist knoraType="richtext_value">N.p.; act 4, scene 1, line 25.</p0826-teimww:hasPageHist>
    <p0826-teimww:hasText knoraType="richtext_value">[Marc-Antonio:] &lt;span class="quote"&gt;What eagles we are still, &lt;br&gt;
In matters that belong to other men? &lt;br&gt;
What beetles in our own?&lt;/span&gt;</p0826-teimww:hasText>
    <p0826-teimww:hasTextHist knoraType="richtext_value">[Marc-Antonio:] What Eagles we are still, &lt;br&gt;
In matters that belong to other men? &lt;br&gt;
What Beetles in our owne?</p0826-teimww:hasTextHist>
    <p0826-teimww:isMentionedIn>
      <p0826-teimww:passage knoraType="link_value" linkType="ref" target="ww_9f7835e863b052de"/>
    </p0826-teimww:isMentionedIn>
    <p0826-teimww:occursIn>
      <p0826-teimww:book knoraType="link_value" linkType="ref" target="ww_c7017a2fd4b1ff37"/>
    </p0826-teimww:occursIn>
    <p0826-teimww:wasContributedBy>
      <p0826-teimww:person knoraType="link_value" linkType="ref" target="ww_7f35f6802efd910d"/>
    </p0826-teimww:wasContributedBy>
  </p0826-teimww:passage>
  <p0826-teimww:passage id="ww_9f7835e863b052de">
    <knoraXmlImport:label>passage</knoraXmlImport:label>
    <p0826-teimww:occursIn>
      <p0826-teimww:book knoraType="link_value" linkType="ref" target="ww_e81f44945dfa651c"/>
    </p0826-teimww:occursIn>
  </p0826-teimww:passage>
  <p0826-teimww:passage id="ww_ffd90afc7867c12c">
    <knoraXmlImport:label>passage</knoraXmlImport:label>
    <p0826-teimww:contains>
      <p0826-teimww:lexia knoraType="link_value" linkType="ref" target="ww_46249fced2d2f989"/>
    </p0826-teimww:contains>
    <p0826-teimww:hasPage knoraType="richtext_value">Act 3, scene 3, line 40.</p0826-teimww:hasPage>
    <p0826-teimww:hasText knoraType="richtext_value">[Othello:] &lt;span class="quote"&gt;Was not that Cassio parted from my wife? &lt;br&gt;&lt;/span&gt;
[Iago:] &lt;span class="quote"&gt;Cassio, my lord? No, sure, I cannot think it &lt;/span&gt;[...].</p0826-teimww:hasText>
    <p0826-teimww:isMentionedIn>
      <p0826-teimww:passage knoraType="link_value" linkType="ref" target="ww_89373b76994e8b45"/>
    </p0826-teimww:isMentionedIn>
    <p0826-teimww:occursIn>
      <p0826-teimww:book knoraType="link_value" linkType="ref" target="ww_9b67ca7f120fc425"/>
    </p0826-teimww:occursIn>
    <p0826-teimww:wasContributedBy>
      <p0826-teimww:person knoraType="link_value" linkType="ref" target="ww_7f35f6802efd910d"/>
    </p0826-teimww:wasContributedBy>
  </p0826-teimww:passage>
  <p0826-teimww:passage id="ww_89373b76994e8b45">
    <knoraXmlImport:label>passage</knoraXmlImport:label>
    <p0826-teimww:occursIn>
      <p0826-teimww:book knoraType="link_value" linkType="ref" target="ww_12b8cda82738e9e2"/>
    </p0826-teimww:occursIn>
  </p0826-teimww:passage>
  <p0826-teimww:passage id="ww_0e1f521e42216cef">
    <knoraXmlImport:label>passage</knoraXmlImport:label>
    <p0826-teimww:contains>
      <p0826-teimww:lexia knoraType="link_value" linkType="ref" target="ww_ce9bcded42fe66e4"/>
    </p0826-teimww:contains>
    <p0826-teimww:hasPage knoraType="richtext_value">Act 3, scene 3, line 114.</p0826-teimww:hasPage>
    <p0826-teimww:hasText knoraType="richtext_value">[Othello:] Indeed? Ay, indeed! &lt;span class="quote"&gt;Discern'st thou aught in that? Is he not honest?&lt;br&gt;&lt;/span&gt;
[Iago:]&lt;span class="quote"&gt; Honest, my lord?&lt;/span&gt;&lt;br&gt;
[Othello:] &lt;span class="quote"&gt;Honest - ay, honest.&lt;/span&gt;&lt;br&gt;
[Iago:] &lt;span class="quote"&gt;My lord, for aught I know.&lt;/span&gt;&lt;br&gt;
[Othello:] &lt;span class="quote"&gt;What dost thou think?&lt;/span&gt;&lt;br&gt;
[Iago:] &lt;span class="quote"&gt;Think, my lord? &lt;/span&gt;[…] For &lt;span class="quote"&gt;Michael Cassio, I dare be sworn&lt;br&gt; 
I think that he is honest.&lt;br&gt;&lt;/span&gt;
[…] &lt;span class="quote"&gt;Men should be what they seem;&lt;br&gt;
Or those that be not, would they might seem none!&lt;br&gt;&lt;/span&gt;
[Othello:] &lt;span class="quote"&gt;Certain, men should be what they seem.&lt;br&gt;&lt;/span&gt;
[Iago:] &lt;span class="quote"&gt;Why then, I think Cassio's an honest man.&lt;/span&gt;</p0826-teimww:hasText>
    <p0826-teimww:isMentionedIn>
      <p0826-teimww:passage knoraType="link_value" linkType="ref" target="ww_f88eb5753307295e"/>
    </p0826-teimww:isMentionedIn>
    <p0826-teimww:occursIn>
      <p0826-teimww:book knoraType="link_value" linkType="ref" target="ww_9b67ca7f120fc425"/>
    </p0826-teimww:occursIn>
    <p0826-teimww:wasContributedBy>
      <p0826-teimww:person knoraType="link_value" linkType="ref" target="ww_7f35f6802efd910d"/>
    </p0826-teimww:wasContributedBy>
  </p0826-teimww:passage>
  <p0826-teimww:passage id="ww_f88eb5753307295e">
    <knoraXmlImport:label>passage</knoraXmlImport:label>
    <p0826-teimww:occursIn>
      <p0826-teimww:book knoraType="link_value" linkType="ref" target="ww_12b8cda82738e9e2"/>
    </p0826-teimww:occursIn>
  </p0826-teimww:passage>
  <p0826-teimww:passage id="ww_b0db876d781ec00c">
    <knoraXmlImport:label>passage</knoraXmlImport:label>
    <p0826-teimww:contains>
      <p0826-teimww:lexia knoraType="link_value" linkType="ref" target="ww_863f8bab6ad0900f"/>
    </p0826-teimww:contains>
    <p0826-teimww:hasPage knoraType="richtext_value">Act 2, scene 1, line 273.</p0826-teimww:hasPage>
    <p0826-teimww:hasText knoraType="richtext_value">[Iago:] &lt;span class="quote"&gt;Didst thou not see her paddle with the palm of his hand?&lt;/span&gt;Didst not mark that?&lt;br&gt;
[Roderigo:] Yes, that I did. But that was but courtesy.&lt;br&gt;
[Iago:]&lt;span class="quote"&gt; Lechery, by this hand! An index and obscure prologue to the history of lust and foul thoughts. &lt;/span&gt;They met so near with their lips that their breaths embraced together.</p0826-teimww:hasText>
    <p0826-teimww:isMentionedIn>
      <p0826-teimww:passage knoraType="link_value" linkType="ref" target="ww_f88eb5753307295e"/>
    </p0826-teimww:isMentionedIn>
    <p0826-teimww:occursIn>
      <p0826-teimww:book knoraType="link_value" linkType="ref" target="ww_9b67ca7f120fc425"/>
    </p0826-teimww:occursIn>
    <p0826-teimww:wasContributedBy>
      <p0826-teimww:person knoraType="link_value" linkType="ref" target="ww_7f35f6802efd910d"/>
    </p0826-teimww:wasContributedBy>
  </p0826-teimww:passage>
  <p0826-teimww:passage id="ww_cd03a58e477966db">
    <knoraXmlImport:label>passage</knoraXmlImport:label>
    <p0826-teimww:contains>
      <p0826-teimww:lexia knoraType="link_value" linkType="ref" target="ww_ce9bcded42fe66e4"/>
    </p0826-teimww:contains>
    <p0826-teimww:hasPage knoraType="richtext_value">Act 1, scene 3, line 335 etc.</p0826-teimww:hasPage>
    <p0826-teimww:hasText knoraType="richtext_value">[Othello:] [...] &lt;span class="quote"&gt;Honest Iago &lt;/span&gt;[...].(act 1, scene 2)&lt;br&gt; &lt;br&gt;
[Cassio:] Good night, &lt;span class="quote"&gt;honest Iago.&lt;/span&gt;(act 2, scene 3)&lt;br&gt;&lt;br&gt;
[Othello:] [...] &lt;span class="quote"&gt;Honest Iago &lt;/span&gt; My Desdemona must I leave to thee. (Act 1, scene 3)&lt;br&gt;&lt;br&gt;
[Othello:] [...] &lt;span class="quote"&gt;Honest Iago, &lt;/span&gt;that looks dead with grieving, / Speak. Who began this? On thy love, I charge thee. (act 2, scene 3)&lt;br&gt;&lt;br&gt;
[Othello:] No. His mouth is stopped. &lt;span class="quote"&gt;Honest Iago &lt;/span&gt;hath ta’en order for ’t. (act 5, scene 2)&lt;br&gt;&lt;br&gt;
(5.2.187) [Othello:] My friend, thy husband; honest, &lt;span class="quote"&gt;honest Iago&lt;/span&gt;. (act 5, scene 2)
</p0826-teimww:hasText>
    <p0826-teimww:isMentionedIn>
      <p0826-teimww:passage knoraType="link_value" linkType="ref" target="ww_75886d68146443a0"/>
    </p0826-teimww:isMentionedIn>
    <p0826-teimww:occursIn>
      <p0826-teimww:book knoraType="link_value" linkType="ref" target="ww_9b67ca7f120fc425"/>
    </p0826-teimww:occursIn>
    <p0826-teimww:wasContributedBy>
      <p0826-teimww:person knoraType="link_value" linkType="ref" target="ww_7f35f6802efd910d"/>
    </p0826-teimww:wasContributedBy>
  </p0826-teimww:passage>
  <p0826-teimww:passage id="ww_75886d68146443a0">
    <knoraXmlImport:label>passage</knoraXmlImport:label>
    <p0826-teimww:occursIn>
      <p0826-teimww:book knoraType="link_value" linkType="ref" target="ww_12b8cda82738e9e2"/>
    </p0826-teimww:occursIn>
  </p0826-teimww:passage>
  <p0826-teimww:passage id="ww_3863f149d2a999ef">
    <knoraXmlImport:label>passage</knoraXmlImport:label>
    <p0826-teimww:contains>
      <p0826-teimww:lexia knoraType="link_value" linkType="ref" target="ww_917d226a0202b102"/>
    </p0826-teimww:contains>
    <p0826-teimww:hasPage knoraType="richtext_value">Act 3, scene 3, lines 397-402.</p0826-teimww:hasPage>
    <p0826-teimww:hasText knoraType="richtext_value">[Othello:] I had been happy if the general camp,&lt;br&gt;
Pioners and all, had tasted her sweet body,&lt;br&gt;
So I had nothing known. O, now, forever&lt;br&gt;
Farewell the tranquil mind! Farewell content!&lt;br&gt;
&lt;span class="quote"&gt;Farewell the plumèd troops and the big wars&lt;br&gt;&lt;/span&gt;
That makes ambition virtue! O, farewell!</p0826-teimww:hasText>
    <p0826-teimww:isMentionedIn>
      <p0826-teimww:passage knoraType="link_value" linkType="ref" target="ww_4cc90ad1fccdc460"/>
    </p0826-teimww:isMentionedIn>
    <p0826-teimww:isMentionedIn>
      <p0826-teimww:passage knoraType="link_value" linkType="ref" target="ww_75886d68146443a0"/>
    </p0826-teimww:isMentionedIn>
    <p0826-teimww:occursIn>
      <p0826-teimww:book knoraType="link_value" linkType="ref" target="ww_9b67ca7f120fc425"/>
    </p0826-teimww:occursIn>
    <p0826-teimww:wasContributedBy>
      <p0826-teimww:person knoraType="link_value" linkType="ref" target="ww_c4063e9c72a3ffd2"/>
    </p0826-teimww:wasContributedBy>
  </p0826-teimww:passage>
  <p0826-teimww:passage id="ww_4cc90ad1fccdc460">
    <knoraXmlImport:label>passage</knoraXmlImport:label>
    <p0826-teimww:occursIn>
      <p0826-teimww:book knoraType="link_value" linkType="ref" target="ww_1140c36ab545b6d8"/>
    </p0826-teimww:occursIn>
  </p0826-teimww:passage>
  <p0826-teimww:passage id="ww_cfda8892039d48d9">
    <knoraXmlImport:label>passage</knoraXmlImport:label>
    <p0826-teimww:contains>
      <p0826-teimww:lexia knoraType="link_value" linkType="ref" target="ww_f5710abe1f004c64"/>
    </p0826-teimww:contains>
    <p0826-teimww:hasPage knoraType="richtext_value">Act 3, scene 4, line 41.</p0826-teimww:hasPage>
    <p0826-teimww:hasText knoraType="richtext_value">[Othello:] Give me your hand. &lt;span class="quote"&gt;This hand is moist, my lady.&lt;/span&gt;</p0826-teimww:hasText>
    <p0826-teimww:isMentionedIn>
      <p0826-teimww:passage knoraType="link_value" linkType="ref" target="ww_75886d68146443a0"/>
    </p0826-teimww:isMentionedIn>
    <p0826-teimww:occursIn>
      <p0826-teimww:book knoraType="link_value" linkType="ref" target="ww_9b67ca7f120fc425"/>
    </p0826-teimww:occursIn>
    <p0826-teimww:wasContributedBy>
      <p0826-teimww:person knoraType="link_value" linkType="ref" target="ww_7f35f6802efd910d"/>
    </p0826-teimww:wasContributedBy>
  </p0826-teimww:passage>
  <p0826-teimww:passage id="ww_ff36f54224f0b707">
    <knoraXmlImport:label>passage</knoraXmlImport:label>
    <p0826-teimww:contains>
      <p0826-teimww:lexia knoraType="link_value" linkType="ref" target="ww_c1d0b3241dd4eba7"/>
    </p0826-teimww:contains>
    <p0826-teimww:hasPage knoraType="richtext_value">Act 3, scene 3, line 454.</p0826-teimww:hasPage>
    <p0826-teimww:hasText knoraType="richtext_value">[Iago:] &lt;span class="quote"&gt;Were they as prime as goats, as hot as monkeys&lt;/span&gt; [...].</p0826-teimww:hasText>
    <p0826-teimww:isMentionedIn>
      <p0826-teimww:passage knoraType="link_value" linkType="ref" target="ww_75886d68146443a0"/>
    </p0826-teimww:isMentionedIn>
    <p0826-teimww:occursIn>
      <p0826-teimww:book knoraType="link_value" linkType="ref" target="ww_9b67ca7f120fc425"/>
    </p0826-teimww:occursIn>
    <p0826-teimww:wasContributedBy>
      <p0826-teimww:person knoraType="link_value" linkType="ref" target="ww_7f35f6802efd910d"/>
    </p0826-teimww:wasContributedBy>
  </p0826-teimww:passage>
  <p0826-teimww:passage id="ww_b8e5db184afe6877">
    <knoraXmlImport:label>passage</knoraXmlImport:label>
    <p0826-teimww:contains>
      <p0826-teimww:lexia knoraType="link_value" linkType="ref" target="ww_9680aa5fb8506882"/>
    </p0826-teimww:contains>
    <p0826-teimww:hasPage knoraType="richtext_value">287; scene 1, lines 113-124.</p0826-teimww:hasPage>
    <p0826-teimww:hasPageHist knoraType="richtext_value">line 125.</p0826-teimww:hasPageHist>
    <p0826-teimww:hasText knoraType="richtext_value">[Hipolito:] &lt;span class="quote"&gt;Cursed be that day for ever that robbed her&lt;/span&gt; &lt;br/&gt;
Of breath, and me of bliss, henceforth let it stand &lt;br/&gt;
Within the Wizard's book -the calendar- &lt;br/&gt;
Marked with a marginal finger, to be chosen &lt;br/&gt;
By thieves, by villains, and black murderers, &lt;br/&gt;
As the best day for them to labour in. &lt;br/&gt;
If henceforth this adulterous bawdy world &lt;br/&gt;
Be got with child with treason, sacrilege, &lt;br/&gt;
Atheism, rapes, treacherous friendship, perjury, &lt;br/&gt;
Slander, (the beggar's sin) lies, (sin of fools) &lt;br/&gt;
Or any other damed impieties, &lt;br/&gt;
On Monday let em be delivered [...].</p0826-teimww:hasText>
    <p0826-teimww:hasTextHist knoraType="richtext_value">[Hipolito:] Curst be that day for ever that robd her &lt;br/&gt;
Of breath, and me of blisse, hencefoorth let it stand &lt;br/&gt;
Within the Wizardes booke (the kalendar) &lt;br/&gt;
Markt with a marginall finger, to be chosen &lt;br/&gt;
By theeves, by villaines, and blacke murderers, &lt;br/&gt;
As the best day for them to labour in. &lt;br/&gt;
If hence foorth this adulterous bawdy world &lt;br/&gt;
Be got with childe with treason, sacrilege, &lt;br/&gt;
Atheisme, rapes, treacherous friendship, periurie, &lt;br/&gt;
Slaunder, (the beggars sinne) lies, (sinne of fooles) &lt;br/&gt;
Or anie other damnd impieties, &lt;br/&gt;
On &lt;i&gt; Monday &lt;/i&gt; let em be delivered [...].</p0826-teimww:hasTextHist>
    <p0826-teimww:isMentionedIn>
      <p0826-teimww:passage knoraType="link_value" linkType="ref" target="ww_e0b4a6d97a90fdc0"/>
    </p0826-teimww:isMentionedIn>
    <p0826-teimww:occursIn>
      <p0826-teimww:book knoraType="link_value" linkType="ref" target="ww_ad87a567c9aa933d"/>
    </p0826-teimww:occursIn>
    <p0826-teimww:wasContributedBy>
      <p0826-teimww:person knoraType="link_value" linkType="ref" target="ww_b604df587d93b768"/>
    </p0826-teimww:wasContributedBy>
  </p0826-teimww:passage>
  <p0826-teimww:passage id="ww_130ef1e910424fd1">
    <knoraXmlImport:label>passage</knoraXmlImport:label>
    <p0826-teimww:contains>
      <p0826-teimww:lexia knoraType="link_value" linkType="ref" target="ww_9b9aa7c2084213c0"/>
    </p0826-teimww:contains>
    <p0826-teimww:hasPage knoraType="richtext_value">Act 5, scene 3, lines 313-319.</p0826-teimww:hasPage>
    <p0826-teimww:hasText knoraType="richtext_value">[Lear:] &lt;span class="quote"&gt;Lend me a looking glass. &lt;br/&gt;
If that her breath will mist or stain the stone, &lt;br/&gt;
Why, then she lives. &lt;br/&gt;&lt;/span&gt;
[...]&lt;span class="quote"&gt; This feather stirs. She lives.&lt;/span&gt;</p0826-teimww:hasText>
    <p0826-teimww:isMentionedIn>
      <p0826-teimww:passage knoraType="link_value" linkType="ref" target="ww_2fc027d4d9b8c4cb"/>
    </p0826-teimww:isMentionedIn>
    <p0826-teimww:occursIn>
      <p0826-teimww:book knoraType="link_value" linkType="ref" target="ww_a9ac3afc4eca7d49"/>
    </p0826-teimww:occursIn>
    <p0826-teimww:wasContributedBy>
      <p0826-teimww:person knoraType="link_value" linkType="ref" target="ww_b604df587d93b768"/>
    </p0826-teimww:wasContributedBy>
  </p0826-teimww:passage>
  <p0826-teimww:passage id="ww_2fc027d4d9b8c4cb">
    <knoraXmlImport:label>passage</knoraXmlImport:label>
    <p0826-teimww:occursIn>
      <p0826-teimww:book knoraType="link_value" linkType="ref" target="ww_1140c36ab545b6d8"/>
    </p0826-teimww:occursIn>
  </p0826-teimww:passage>
  <p0826-teimww:passage id="ww_a392cb789ac902be">
    <knoraXmlImport:label>passage</knoraXmlImport:label>
    <p0826-teimww:contains>
      <p0826-teimww:lexia knoraType="link_value" linkType="ref" target="ww_04e5d619720f6ad1"/>
    </p0826-teimww:contains>
    <p0826-teimww:hasPage knoraType="richtext_value">Act 1, scene 4, lines 220-223.</p0826-teimww:hasPage>
    <p0826-teimww:hasText knoraType="richtext_value">[Fool:] For you know, nuncle, &lt;br&gt;
&lt;span class="quote"&gt;The hedge-sparrow fed the cuckoo so long, &lt;br&gt;&lt;/span&gt;
That it's had it head bit off by it young. &lt;br&gt;
So out went the candle, and we were left darkling.</p0826-teimww:hasText>
    <p0826-teimww:isMentionedIn>
      <p0826-teimww:passage knoraType="link_value" linkType="ref" target="ww_c2dfe2045578798a"/>
    </p0826-teimww:isMentionedIn>
    <p0826-teimww:occursIn>
      <p0826-teimww:book knoraType="link_value" linkType="ref" target="ww_a9ac3afc4eca7d49"/>
    </p0826-teimww:occursIn>
    <p0826-teimww:wasContributedBy>
      <p0826-teimww:person knoraType="link_value" linkType="ref" target="ww_c4063e9c72a3ffd2"/>
    </p0826-teimww:wasContributedBy>
  </p0826-teimww:passage>
  <p0826-teimww:passage id="ww_c2dfe2045578798a">
    <knoraXmlImport:label>passage</knoraXmlImport:label>
    <p0826-teimww:occursIn>
      <p0826-teimww:book knoraType="link_value" linkType="ref" target="ww_1140c36ab545b6d8"/>
    </p0826-teimww:occursIn>
  </p0826-teimww:passage>
  <p0826-teimww:passage id="ww_abdf7c5f3df3fa0b">
    <knoraXmlImport:label>passage</knoraXmlImport:label>
    <p0826-teimww:contains>
      <p0826-teimww:lexia knoraType="link_value" linkType="ref" target="ww_eb9e38efbb84ce8f"/>
    </p0826-teimww:contains>
    <p0826-teimww:contains>
      <p0826-teimww:lexia knoraType="link_value" linkType="ref" target="ww_5a5867fc951b92e0"/>
    </p0826-teimww:contains>
    <p0826-teimww:hasPage knoraType="richtext_value">stanza 1 [normalized spelling].</p0826-teimww:hasPage>
    <p0826-teimww:hasPageHist knoraType="richtext_value">stanza 1.</p0826-teimww:hasPageHist>
    <p0826-teimww:hasText knoraType="richtext_value"> I but true velour never danger sought, &lt;br&gt;
Rashness, it self doth into peril thrust: &lt;br&gt;
&lt;span class="quote"&gt;Thats only velour where the quarrel's just. &lt;br&gt;&lt;/span&gt;
A &lt;span class="quote"&gt;shadow of a shadow &lt;/span&gt;thus you see, &lt;br&gt;
Alas what substance can it be?</p0826-teimww:hasText>
    <p0826-teimww:hasTextHist knoraType="richtext_value"> I but true velour never danger sought, &lt;br&gt;
Rashness, it self doth into peril thrust: &lt;br&gt;
&lt;span class="quote"&gt;Thats only velour where the quarrel's iust. &lt;br&gt;
A shadowe of a shadow thus you see, &lt;br&gt;&lt;/span&gt;
Alas what substance can it bee?</p0826-teimww:hasTextHist>
    <p0826-teimww:isMentionedIn>
      <p0826-teimww:passage knoraType="link_value" linkType="ref" target="ww_b5c637f092bfd46e"/>
    </p0826-teimww:isMentionedIn>
    <p0826-teimww:occursIn>
      <p0826-teimww:book knoraType="link_value" linkType="ref" target="ww_98330de6bfd83dd4"/>
    </p0826-teimww:occursIn>
    <p0826-teimww:wasContributedBy>
      <p0826-teimww:person knoraType="link_value" linkType="ref" target="ww_6202c1bb6957c9cc"/>
    </p0826-teimww:wasContributedBy>
  </p0826-teimww:passage>
  <p0826-teimww:passage id="ww_b5c637f092bfd46e">
    <knoraXmlImport:label>passage</knoraXmlImport:label>
    <p0826-teimww:occursIn>
      <p0826-teimww:book knoraType="link_value" linkType="ref" target="ww_1140c36ab545b6d8"/>
    </p0826-teimww:occursIn>
  </p0826-teimww:passage>
  <p0826-teimww:passage id="ww_bd70b4c0f2c258d1">
    <knoraXmlImport:label>passage</knoraXmlImport:label>
    <p0826-teimww:contains>
      <p0826-teimww:lexia knoraType="link_value" linkType="ref" target="ww_28cd97c2a00390cb"/>
    </p0826-teimww:contains>
    <p0826-teimww:contains>
      <p0826-teimww:lexia knoraType="link_value" linkType="ref" target="ww_d679850439ed85ec"/>
    </p0826-teimww:contains>
    <p0826-teimww:contains>
      <p0826-teimww:lexia knoraType="link_value" linkType="ref" target="ww_810376ea1a38bad2"/>
    </p0826-teimww:contains>
    <p0826-teimww:hasPage knoraType="richtext_value">117-118 [normalized spelling].</p0826-teimww:hasPage>
    <p0826-teimww:hasPageHist knoraType="richtext_value">117-118.</p0826-teimww:hasPageHist>
    <p0826-teimww:hasText knoraType="richtext_value">[Hamlet:] What Coachman? My Lady's coach, for shame; her ladyship's ready to come down. (Exit Coachman. Enter Potkinn, a tankard-bearer)&lt;br&gt;
[Potkinn:] &lt;span class="quote"&gt;'Sfoot, Hamlet, are you mad? &lt;/span&gt;Whether run you now? [...]&lt;br&gt;
[&lt;span class="quote"&gt;Gertrude&lt;/span&gt;:] &lt;span class="quote"&gt;Thank you good people. My coach for the love of Heaven, my coach?&lt;/span&gt; In good truth I shall swoon else.</p0826-teimww:hasText>
    <p0826-teimww:hasTextHist knoraType="richtext_value">[Hamlet:] What Coachman? My Ladyes coach, for shame; her ladiship's ready to come down. (Exit Coachman. Enter Potkinn, a tankard-bearer)&lt;br&gt;
[Potkinn:] &lt;span class="quote"&gt;'Sfoote, Hamlet, are you madde? &lt;/span&gt;Whether run you now? [...]&lt;br&gt;
[Gertrude:] &lt;span class="quote"&gt;Thanke you good people. My coach for the love of Heaven, my coach?&lt;/span&gt; In good truth I shall swoune else.</p0826-teimww:hasTextHist>
    <p0826-teimww:isMentionedIn>
      <p0826-teimww:passage knoraType="link_value" linkType="ref" target="ww_e27578dada61617f"/>
    </p0826-teimww:isMentionedIn>
    <p0826-teimww:isMentionedIn>
      <p0826-teimww:passage knoraType="link_value" linkType="ref" target="ww_36d2f2f0828af1bc"/>
    </p0826-teimww:isMentionedIn>
    <p0826-teimww:isMentionedIn>
      <p0826-teimww:passage knoraType="link_value" linkType="ref" target="ww_bec3e31af822b9a4"/>
    </p0826-teimww:isMentionedIn>
    <p0826-teimww:isMentionedIn>
      <p0826-teimww:passage knoraType="link_value" linkType="ref" target="ww_98968a5f91c5cd09"/>
    </p0826-teimww:isMentionedIn>
    <p0826-teimww:occursIn>
      <p0826-teimww:book knoraType="link_value" linkType="ref" target="ww_c021f9c6c9cb807d"/>
    </p0826-teimww:occursIn>
    <p0826-teimww:wasContributedBy>
      <p0826-teimww:person knoraType="link_value" linkType="ref" target="ww_c4063e9c72a3ffd2"/>
    </p0826-teimww:wasContributedBy>
  </p0826-teimww:passage>
  <p0826-teimww:passage id="ww_e27578dada61617f">
    <knoraXmlImport:label>passage</knoraXmlImport:label>
    <p0826-teimww:occursIn>
      <p0826-teimww:book knoraType="link_value" linkType="ref" target="ww_2f65899f08b5bb71"/>
    </p0826-teimww:occursIn>
  </p0826-teimww:passage>
  <p0826-teimww:passage id="ww_bec3e31af822b9a4">
    <knoraXmlImport:label>passage</knoraXmlImport:label>
    <p0826-teimww:occursIn>
      <p0826-teimww:book knoraType="link_value" linkType="ref" target="ww_1140c36ab545b6d8"/>
    </p0826-teimww:occursIn>
  </p0826-teimww:passage>
  <p0826-teimww:passage id="ww_36d2f2f0828af1bc">
    <knoraXmlImport:label>passage</knoraXmlImport:label>
    <p0826-teimww:occursIn>
      <p0826-teimww:book knoraType="link_value" linkType="ref" target="ww_68caf0be92d6d9a9"/>
    </p0826-teimww:occursIn>
  </p0826-teimww:passage>
  <p0826-teimww:passage id="ww_98968a5f91c5cd09">
    <knoraXmlImport:label>passage</knoraXmlImport:label>
    <p0826-teimww:occursIn>
      <p0826-teimww:book knoraType="link_value" linkType="ref" target="ww_91e0dc4c671938fa"/>
    </p0826-teimww:occursIn>
  </p0826-teimww:passage>
  <p0826-teimww:passage id="ww_f9447f690aa72058">
    <knoraXmlImport:label>passage</knoraXmlImport:label>
    <p0826-teimww:contains>
      <p0826-teimww:lexia knoraType="link_value" linkType="ref" target="ww_0e0175d2ee212135"/>
    </p0826-teimww:contains>
    <p0826-teimww:hasPage knoraType="richtext_value">Act 4, scene 2, lines 42-44.</p0826-teimww:hasPage>
    <p0826-teimww:hasText knoraType="richtext_value">[Albany:] [...] &lt;span class="quote"&gt;She that herself will sliver and disbranch &lt;br&gt;
From her material sap perforce must wither &lt;br&gt;
And come to deadly use.&lt;/span&gt;</p0826-teimww:hasText>
    <p0826-teimww:isMentionedIn>
      <p0826-teimww:passage knoraType="link_value" linkType="ref" target="ww_23ff4e84bb951db0"/>
    </p0826-teimww:isMentionedIn>
    <p0826-teimww:occursIn>
      <p0826-teimww:book knoraType="link_value" linkType="ref" target="ww_a9ac3afc4eca7d49"/>
    </p0826-teimww:occursIn>
    <p0826-teimww:wasContributedBy>
      <p0826-teimww:person knoraType="link_value" linkType="ref" target="ww_b604df587d93b768"/>
    </p0826-teimww:wasContributedBy>
  </p0826-teimww:passage>
  <p0826-teimww:passage id="ww_55b0a33c98d594e2">
    <knoraXmlImport:label>passage</knoraXmlImport:label>
    <p0826-teimww:contains>
      <p0826-teimww:lexia knoraType="link_value" linkType="ref" target="ww_34838f758b0ae04d"/>
    </p0826-teimww:contains>
    <p0826-teimww:hasPage knoraType="richtext_value">N.p.; act 4, scene 1. [normalized spelling].</p0826-teimww:hasPage>
    <p0826-teimww:hasPageHist knoraType="richtext_value">N.p.; act 4, scene 1.</p0826-teimww:hasPageHist>
    <p0826-teimww:hasText knoraType="richtext_value">[Servant:] Here's a swaggering fellow sir, that &lt;span class="quote"&gt;speaks not like a man of gods making&lt;/span&gt; [...].</p0826-teimww:hasText>
    <p0826-teimww:hasTextHist knoraType="richtext_value">[Servant:] Here's a swaggering fellow sir, that &lt;span class=quote"&gt;speakes not like a man of gods making&lt;/span&gt; [...].</p0826-teimww:hasTextHist>
    <p0826-teimww:isMentionedIn>
      <p0826-teimww:passage knoraType="link_value" linkType="ref" target="ww_ea933de51df08154"/>
    </p0826-teimww:isMentionedIn>
    <p0826-teimww:occursIn>
      <p0826-teimww:book knoraType="link_value" linkType="ref" target="ww_2f9b1b0a9d86ff6d"/>
    </p0826-teimww:occursIn>
    <p0826-teimww:wasContributedBy>
      <p0826-teimww:person knoraType="link_value" linkType="ref" target="ww_b604df587d93b768"/>
    </p0826-teimww:wasContributedBy>
  </p0826-teimww:passage>
  <p0826-teimww:passage id="ww_027ece6bbb975cee">
    <knoraXmlImport:label>passage</knoraXmlImport:label>
    <p0826-teimww:contains>
      <p0826-teimww:lexia knoraType="link_value" linkType="ref" target="ww_c00b748bca67ff57"/>
    </p0826-teimww:contains>
    <p0826-teimww:hasPage knoraType="richtext_value">N.p.; act 4, scene 1 [normalized spelling].</p0826-teimww:hasPage>
    <p0826-teimww:hasPageHist knoraType="richtext_value">N.p.; act 4, scene 1.</p0826-teimww:hasPageHist>
    <p0826-teimww:hasText knoraType="richtext_value">[Bellamont:] [...] &lt;span class="quote"&gt;would I were a young man for thy sake.&lt;/span&gt;</p0826-teimww:hasText>
    <p0826-teimww:hasTextHist knoraType="richtext_value">[Bellamont:] [...] wud I were a young man for thy sake.</p0826-teimww:hasTextHist>
    <p0826-teimww:isMentionedIn>
      <p0826-teimww:passage knoraType="link_value" linkType="ref" target="ww_ea933de51df08154"/>
    </p0826-teimww:isMentionedIn>
    <p0826-teimww:occursIn>
      <p0826-teimww:book knoraType="link_value" linkType="ref" target="ww_2f9b1b0a9d86ff6d"/>
    </p0826-teimww:occursIn>
    <p0826-teimww:wasContributedBy>
      <p0826-teimww:person knoraType="link_value" linkType="ref" target="ww_b604df587d93b768"/>
    </p0826-teimww:wasContributedBy>
  </p0826-teimww:passage>
  <p0826-teimww:passage id="ww_721cbceaa1c31c66">
    <knoraXmlImport:label>passage</knoraXmlImport:label>
    <p0826-teimww:contains>
      <p0826-teimww:lexia knoraType="link_value" linkType="ref" target="ww_f3f540c15599c60e"/>
    </p0826-teimww:contains>
    <p0826-teimww:hasPage knoraType="richtext_value">Act 3, scene 4, lines 151-152.</p0826-teimww:hasPage>
    <p0826-teimww:hasText knoraType="richtext_value">[Edgar:] The Prince of Darkness is a gentleman. Modo he's called, and Mahu.</p0826-teimww:hasText>
    <p0826-teimww:isMentionedIn>
      <p0826-teimww:passage knoraType="link_value" linkType="ref" target="ww_2a19a00fc1619b1c"/>
    </p0826-teimww:isMentionedIn>
    <p0826-teimww:occursIn>
      <p0826-teimww:book knoraType="link_value" linkType="ref" target="ww_a9ac3afc4eca7d49"/>
    </p0826-teimww:occursIn>
    <p0826-teimww:wasContributedBy>
      <p0826-teimww:person knoraType="link_value" linkType="ref" target="ww_c4063e9c72a3ffd2"/>
    </p0826-teimww:wasContributedBy>
  </p0826-teimww:passage>
  <p0826-teimww:passage id="ww_2a19a00fc1619b1c">
    <knoraXmlImport:label>passage</knoraXmlImport:label>
    <p0826-teimww:occursIn>
      <p0826-teimww:book knoraType="link_value" linkType="ref" target="ww_1140c36ab545b6d8"/>
    </p0826-teimww:occursIn>
  </p0826-teimww:passage>
  <p0826-teimww:passage id="ww_a24b7e202c58ab1a">
    <knoraXmlImport:label>passage</knoraXmlImport:label>
    <p0826-teimww:contains>
      <p0826-teimww:lexia knoraType="link_value" linkType="ref" target="ww_dd96ecd2aa4a2ea8"/>
    </p0826-teimww:contains>
    <p0826-teimww:hasPage knoraType="richtext_value">103 [normalized spelling].</p0826-teimww:hasPage>
    <p0826-teimww:hasPageHist knoraType="richtext_value">103.</p0826-teimww:hasPageHist>
    <p0826-teimww:hasText knoraType="richtext_value">[Golding:] [...] &lt;span class="quote"&gt;the superfluity and cold meat left at their Nuptials, will with bounty furnish ours.&lt;/span&gt;</p0826-teimww:hasText>
    <p0826-teimww:hasTextHist knoraType="richtext_value">[Golding:] [...] &lt;span class="quote"&gt;the superfluitie and colde meate left at their Nuptialls, will with bountie furnish ours.&lt;/span&gt;</p0826-teimww:hasTextHist>
    <p0826-teimww:isMentionedIn>
      <p0826-teimww:passage knoraType="link_value" linkType="ref" target="ww_f7ad0137a3036c99"/>
    </p0826-teimww:isMentionedIn>
    <p0826-teimww:occursIn>
      <p0826-teimww:book knoraType="link_value" linkType="ref" target="ww_c021f9c6c9cb807d"/>
    </p0826-teimww:occursIn>
    <p0826-teimww:wasContributedBy>
      <p0826-teimww:person knoraType="link_value" linkType="ref" target="ww_b98e7021b3193ae3"/>
    </p0826-teimww:wasContributedBy>
  </p0826-teimww:passage>
  <p0826-teimww:passage id="ww_f7ad0137a3036c99">
    <knoraXmlImport:label>passage</knoraXmlImport:label>
    <p0826-teimww:occursIn>
      <p0826-teimww:book knoraType="link_value" linkType="ref" target="ww_38319ddb82fae050"/>
    </p0826-teimww:occursIn>
  </p0826-teimww:passage>
  <p0826-teimww:passage id="ww_b25ef5e9fbd73f24">
    <knoraXmlImport:label>passage</knoraXmlImport:label>
    <p0826-teimww:contains>
      <p0826-teimww:lexia knoraType="link_value" linkType="ref" target="ww_2139e0850ed6a9a8"/>
    </p0826-teimww:contains>
    <p0826-teimww:contains>
      <p0826-teimww:lexia knoraType="link_value" linkType="ref" target="ww_4c64336cbb097d4e"/>
    </p0826-teimww:contains>
    <p0826-teimww:hasPage knoraType="richtext_value">112 [normalized spelling].</p0826-teimww:hasPage>
    <p0826-teimww:hasPageHist knoraType="richtext_value">112.</p0826-teimww:hasPageHist>
    <p0826-teimww:hasText knoraType="richtext_value">[Quicksilver:] &lt;span class="quote"&gt;Thereby lies a tale &lt;/span&gt;sir. The old usurer will be here instantly, with my Punk &lt;i&gt;Sindefy&lt;/i&gt;, whom you know your Lady has promised me to entertain for her Gentlewoman: and he, &lt;span class="quote"&gt;(with a purpose to feed on you)&lt;/span&gt;, invites you most solemnly by me &lt;span class="quote"&gt;to supper&lt;/span&gt;.</p0826-teimww:hasText>
    <p0826-teimww:hasTextHist knoraType="richtext_value">[Quicksilver:] Thereby lyes a tale sir. The old usurer will be here instantly, with my Puncke &lt;i&gt;Sindefie&lt;/i&gt;, whome you know your Lady has promist mee to entertaine for her Gentlewoman: and he, &lt;span class="quote"&gt;(with a purpose to feede on you)&lt;/span&gt;, invites you most solemnly by me &lt;span class="quote"&gt;to supper&lt;/span&gt;.</p0826-teimww:hasTextHist>
    <p0826-teimww:isMentionedIn>
      <p0826-teimww:passage knoraType="link_value" linkType="ref" target="ww_b10c54245f5b56f2"/>
    </p0826-teimww:isMentionedIn>
    <p0826-teimww:occursIn>
      <p0826-teimww:book knoraType="link_value" linkType="ref" target="ww_c021f9c6c9cb807d"/>
    </p0826-teimww:occursIn>
    <p0826-teimww:wasContributedBy>
      <p0826-teimww:person knoraType="link_value" linkType="ref" target="ww_b98e7021b3193ae3"/>
    </p0826-teimww:wasContributedBy>
  </p0826-teimww:passage>
  <p0826-teimww:passage id="ww_b10c54245f5b56f2">
    <knoraXmlImport:label>passage</knoraXmlImport:label>
    <p0826-teimww:occursIn>
      <p0826-teimww:book knoraType="link_value" linkType="ref" target="ww_d87c5e9530010d35"/>
    </p0826-teimww:occursIn>
  </p0826-teimww:passage>
  <p0826-teimww:passage id="ww_33680c604b389b89">
    <knoraXmlImport:label>passage</knoraXmlImport:label>
    <p0826-teimww:contains>
      <p0826-teimww:lexia knoraType="link_value" linkType="ref" target="ww_9ba6070c2099e855"/>
    </p0826-teimww:contains>
    <p0826-teimww:hasPage knoraType="richtext_value">142 [normalized spelling].</p0826-teimww:hasPage>
    <p0826-teimww:hasPageHist knoraType="richtext_value">142.</p0826-teimww:hasPageHist>
    <p0826-teimww:hasText knoraType="richtext_value">[Touchstone:] Do we not know &lt;span class="quote"&gt;North-north-east? North- east and by East? East and by North? &lt;/span&gt;nor plain Eastward?	</p0826-teimww:hasText>
    <p0826-teimww:hasTextHist knoraType="richtext_value">[Touchstone:] Do wee not knowe &lt;span class="quote"&gt;North-north-east? North- east and by East? East and by North? &lt;/span&gt;nor plaine Eastward?	</p0826-teimww:hasTextHist>
    <p0826-teimww:isMentionedIn>
      <p0826-teimww:passage knoraType="link_value" linkType="ref" target="ww_cecdd9f1f61e7870"/>
    </p0826-teimww:isMentionedIn>
    <p0826-teimww:isMentionedIn>
      <p0826-teimww:passage knoraType="link_value" linkType="ref" target="ww_24a7ed760b1e3587"/>
    </p0826-teimww:isMentionedIn>
    <p0826-teimww:occursIn>
      <p0826-teimww:book knoraType="link_value" linkType="ref" target="ww_c021f9c6c9cb807d"/>
    </p0826-teimww:occursIn>
    <p0826-teimww:wasContributedBy>
      <p0826-teimww:person knoraType="link_value" linkType="ref" target="ww_c4063e9c72a3ffd2"/>
    </p0826-teimww:wasContributedBy>
  </p0826-teimww:passage>
  <p0826-teimww:passage id="ww_cecdd9f1f61e7870">
    <knoraXmlImport:label>passage</knoraXmlImport:label>
    <p0826-teimww:occursIn>
      <p0826-teimww:book knoraType="link_value" linkType="ref" target="ww_3e15ab6c612eadae"/>
    </p0826-teimww:occursIn>
  </p0826-teimww:passage>
  <p0826-teimww:passage id="ww_4aee9d4a73b5023e">
    <knoraXmlImport:label>passage</knoraXmlImport:label>
    <p0826-teimww:contains>
      <p0826-teimww:lexia knoraType="link_value" linkType="ref" target="ww_2d7d2203273f6a9e"/>
    </p0826-teimww:contains>
    <p0826-teimww:hasPage knoraType="richtext_value">417-418; act 1, scene 1.</p0826-teimww:hasPage>
    <p0826-teimww:hasPageHist knoraType="richtext_value">N.p.; act 1, scene 1 [normalized spelling].</p0826-teimww:hasPageHist>
    <p0826-teimww:hasText knoraType="richtext_value">[Follywit:] Hang you, you have bewitched me among you. I was as well given till I fell to be wicked, my grandsire had hope of me. &lt;span class="quote"&gt;I went all in black; swore but o' Sundays, never came home drunk but upon fasting nights to cleanse my stomach. 'Slid, now I'm quite altered, blown into light colors, let out oaths by th' minute, sit up late till it be early, drink drunk till I am sober, sink down dead in a tavern, and rise in a tobacco shop. &lt;/span&gt;Here's a transformation [...].</p0826-teimww:hasText>
    <p0826-teimww:hasTextHist knoraType="richtext_value">[Follywit:] Hang you, you haue bewitcht me among you, I was as well giuen till I fell to be wicked, my Grandsire had hope of me, I went all in blacke, swore but a Sundaies, neuer came home drunke, but vpon fasting nights to clense my stomacke; sl'id now I'me quite altered, blowne into light colours, let out othes by'th minute, sit vp late till it bee early, drinke drunke till I am sober, sincke downe dead in a Tauerne, and rise in a Tabacco-shop: her's a transformation [...].</p0826-teimww:hasTextHist>
    <p0826-teimww:isMentionedIn>
      <p0826-teimww:passage knoraType="link_value" linkType="ref" target="ww_b00a9cb39c30bf65"/>
    </p0826-teimww:isMentionedIn>
    <p0826-teimww:occursIn>
      <p0826-teimww:book knoraType="link_value" linkType="ref" target="ww_9ccfd1aca399310c"/>
    </p0826-teimww:occursIn>
    <p0826-teimww:wasContributedBy>
      <p0826-teimww:person knoraType="link_value" linkType="ref" target="ww_6202c1bb6957c9cc"/>
    </p0826-teimww:wasContributedBy>
  </p0826-teimww:passage>
  <p0826-teimww:passage id="ww_eae6ae475de8552e">
    <knoraXmlImport:label>passage</knoraXmlImport:label>
    <p0826-teimww:contains>
      <p0826-teimww:lexia knoraType="link_value" linkType="ref" target="ww_ee705aeff0025775"/>
    </p0826-teimww:contains>
    <p0826-teimww:hasPage knoraType="richtext_value">N.p.; act 1, scene 1, lines 45-46 [normalised spelling].</p0826-teimww:hasPage>
    <p0826-teimww:hasPageHist knoraType="richtext_value">N.p.; act 1, scene 1, lines 45-46.</p0826-teimww:hasPageHist>
    <p0826-teimww:hasText knoraType="richtext_value">[Titinius:] [...] With which &lt;span class="quote"&gt;the wanton wind &lt;/span&gt;was wont to play, &lt;br&gt;
To drown with &lt;span class="quote"&gt;billows &lt;/span&gt;of overwhelming woes.</p0826-teimww:hasText>
    <p0826-teimww:hasTextHist knoraType="richtext_value">[Titinius:] […] With which &lt;span class="quote"&gt;the wanton wind was wont to play, &lt;br&gt;
To drowne with Billows &lt;/span&gt;of orewhelming woes.</p0826-teimww:hasTextHist>
    <p0826-teimww:isMentionedIn>
      <p0826-teimww:passage knoraType="link_value" linkType="ref" target="ww_b923a6ed3e64d6c1"/>
    </p0826-teimww:isMentionedIn>
    <p0826-teimww:occursIn>
      <p0826-teimww:book knoraType="link_value" linkType="ref" target="ww_17675e9418dc9f39"/>
    </p0826-teimww:occursIn>
    <p0826-teimww:wasContributedBy>
      <p0826-teimww:person knoraType="link_value" linkType="ref" target="ww_7f35f6802efd910d"/>
    </p0826-teimww:wasContributedBy>
  </p0826-teimww:passage>
  <p0826-teimww:passage id="ww_b923a6ed3e64d6c1">
    <knoraXmlImport:label>passage</knoraXmlImport:label>
    <p0826-teimww:occursIn>
      <p0826-teimww:book knoraType="link_value" linkType="ref" target="ww_97955539c83b9cc3"/>
    </p0826-teimww:occursIn>
  </p0826-teimww:passage>
  <p0826-teimww:passage id="ww_5f6675d9ed7fe612">
    <knoraXmlImport:label>passage</knoraXmlImport:label>
    <p0826-teimww:contains>
      <p0826-teimww:lexia knoraType="link_value" linkType="ref" target="ww_36ad70485d5e8746"/>
    </p0826-teimww:contains>
    <p0826-teimww:hasPage knoraType="richtext_value">N.p.; act 1, scene 1, lines 116-117 [normalised spelling].</p0826-teimww:hasPage>
    <p0826-teimww:hasPageHist knoraType="richtext_value">N.p.; act 1, scene 1, lines 116-117.</p0826-teimww:hasPageHist>
    <p0826-teimww:hasText knoraType="richtext_value">[Brutus:] […] &lt;span class="quote"&gt;Ingraven in the eyes and hearts of men.&lt;/span&gt;&lt;br&gt; 
Although the oppression of distressed Rome […].</p0826-teimww:hasText>
    <p0826-teimww:hasTextHist knoraType="richtext_value">[Brutus:] […] Ingrauen in the eyes and hearts of men.&lt;br&gt; 
Although the oppression of distressed Rome […]</p0826-teimww:hasTextHist>
    <p0826-teimww:isMentionedIn>
      <p0826-teimww:passage knoraType="link_value" linkType="ref" target="ww_0c7562b072b7907e"/>
    </p0826-teimww:isMentionedIn>
    <p0826-teimww:occursIn>
      <p0826-teimww:book knoraType="link_value" linkType="ref" target="ww_17675e9418dc9f39"/>
    </p0826-teimww:occursIn>
    <p0826-teimww:wasContributedBy>
      <p0826-teimww:person knoraType="link_value" linkType="ref" target="ww_7f35f6802efd910d"/>
    </p0826-teimww:wasContributedBy>
  </p0826-teimww:passage>
  <p0826-teimww:passage id="ww_3ede2879cc3e23f7">
    <knoraXmlImport:label>passage</knoraXmlImport:label>
    <p0826-teimww:contains>
      <p0826-teimww:lexia knoraType="link_value" linkType="ref" target="ww_56933b60be13b8de"/>
    </p0826-teimww:contains>
    <p0826-teimww:hasPage knoraType="richtext_value">N.p.; act 1, scene 1, lines 150-151 [normalised spelling].</p0826-teimww:hasPage>
    <p0826-teimww:hasPageHist knoraType="richtext_value">N.p.; act 1, scene 1, lines 150-151.</p0826-teimww:hasPageHist>
    <p0826-teimww:hasText knoraType="richtext_value">[Brutus:] […] And cole black Libyans, shall &lt;span class="quote"&gt;manure the ground &lt;br&gt;
In thy defence with bleeding hearts of men.&lt;/span&gt;</p0826-teimww:hasText>
    <p0826-teimww:hasTextHist knoraType="richtext_value">[Brutus:] […] And Cole-black Libians, shall manure the grounde &lt;br&gt;
In thy defence with bleeding hearts of men.</p0826-teimww:hasTextHist>
    <p0826-teimww:isMentionedIn>
      <p0826-teimww:passage knoraType="link_value" linkType="ref" target="ww_0c7562b072b7907e"/>
    </p0826-teimww:isMentionedIn>
    <p0826-teimww:occursIn>
      <p0826-teimww:book knoraType="link_value" linkType="ref" target="ww_17675e9418dc9f39"/>
    </p0826-teimww:occursIn>
    <p0826-teimww:wasContributedBy>
      <p0826-teimww:person knoraType="link_value" linkType="ref" target="ww_7f35f6802efd910d"/>
    </p0826-teimww:wasContributedBy>
  </p0826-teimww:passage>
  <p0826-teimww:passage id="ww_1727bdf4112827ea">
    <knoraXmlImport:label>passage</knoraXmlImport:label>
    <p0826-teimww:contains>
      <p0826-teimww:lexia knoraType="link_value" linkType="ref" target="ww_22505dcfc5717906"/>
    </p0826-teimww:contains>
    <p0826-teimww:hasPage knoraType="richtext_value">N.p.; act 1, scene 1, lines 177-178 [normalised spelling].</p0826-teimww:hasPage>
    <p0826-teimww:hasPageHist knoraType="richtext_value">N.p.; act 1, scene 1, lines 177-178.</p0826-teimww:hasPageHist>
    <p0826-teimww:hasText knoraType="richtext_value">[Pompey:] Take we our last farewell, then though with pain, &lt;br&gt;
&lt;span class="quote"&gt;Here three do part that ne're shall meet again.&lt;/span&gt;</p0826-teimww:hasText>
    <p0826-teimww:hasTextHist knoraType="richtext_value">[Pompey:] Take we our last farwell, then though with paine, &lt;br&gt;
Heere three do part that ne're shall meet againe.</p0826-teimww:hasTextHist>
    <p0826-teimww:isMentionedIn>
      <p0826-teimww:passage knoraType="link_value" linkType="ref" target="ww_0c7562b072b7907e"/>
    </p0826-teimww:isMentionedIn>
    <p0826-teimww:occursIn>
      <p0826-teimww:book knoraType="link_value" linkType="ref" target="ww_17675e9418dc9f39"/>
    </p0826-teimww:occursIn>
    <p0826-teimww:wasContributedBy>
      <p0826-teimww:person knoraType="link_value" linkType="ref" target="ww_7f35f6802efd910d"/>
    </p0826-teimww:wasContributedBy>
  </p0826-teimww:passage>
  <p0826-teimww:passage id="ww_178dcd1f0f9c4e91">
    <knoraXmlImport:label>passage</knoraXmlImport:label>
    <p0826-teimww:contains>
      <p0826-teimww:lexia knoraType="link_value" linkType="ref" target="ww_12a635b962f69fb1"/>
    </p0826-teimww:contains>
    <p0826-teimww:hasPage knoraType="richtext_value">N.p.; act 1, scene 2, lines 40-42 [normalised spelling].</p0826-teimww:hasPage>
    <p0826-teimww:hasText knoraType="richtext_value">[Caesar:] Here lies &lt;span class="quote"&gt;one that's butcher'd by his Sire &lt;br&gt;&lt;/span&gt;
And here the son was his old Father's death […].</p0826-teimww:hasText>
    <p0826-teimww:hasTextHist knoraType="richtext_value">[Cæsar:] Heere lyeth one that's boucher'd by his Sire &lt;br&gt;
And heere the Sonne was his old Fathers death […].</p0826-teimww:hasTextHist>
    <p0826-teimww:isMentionedIn>
      <p0826-teimww:passage knoraType="link_value" linkType="ref" target="ww_0c7562b072b7907e"/>
    </p0826-teimww:isMentionedIn>
    <p0826-teimww:occursIn>
      <p0826-teimww:book knoraType="link_value" linkType="ref" target="ww_17675e9418dc9f39"/>
    </p0826-teimww:occursIn>
    <p0826-teimww:wasContributedBy>
      <p0826-teimww:person knoraType="link_value" linkType="ref" target="ww_7f35f6802efd910d"/>
    </p0826-teimww:wasContributedBy>
  </p0826-teimww:passage>
  <p0826-teimww:passage id="ww_4736ca01da9ec36e">
    <knoraXmlImport:label>passage</knoraXmlImport:label>
    <p0826-teimww:contains>
      <p0826-teimww:lexia knoraType="link_value" linkType="ref" target="ww_c4f6ac4adb8509f8"/>
    </p0826-teimww:contains>
    <p0826-teimww:contains>
      <p0826-teimww:lexia knoraType="link_value" linkType="ref" target="ww_030c42033784bc41"/>
    </p0826-teimww:contains>
    <p0826-teimww:hasPage knoraType="richtext_value">N.p.; act 1, scene 3, lines 22-25.</p0826-teimww:hasPage>
    <p0826-teimww:hasPageHist knoraType="richtext_value">N.p.; act 1, scene 3, lines 22-25.</p0826-teimww:hasPageHist>
    <p0826-teimww:hasText knoraType="richtext_value">[Caesar:] When Phoebus left fair &lt;span class="quote"&gt;Thetis' watery couch, &lt;br&gt;&lt;/span&gt;
And peeping forth from out the golden gate &lt;br&gt;
Of his bright palace saw our battle rank'd: &lt;br&gt;
Off did he seek to turn his fiery steeds […].</p0826-teimww:hasText>
    <p0826-teimww:hasTextHist knoraType="richtext_value">[Cæsar:] When Phæbus left faire Thetis watery couch, &lt;br&gt;
And peeping forth from out the goulden gate &lt;br&gt;
Of his bright pallace saw our battle rank'd: &lt;br&gt;
Oft did hee seeke to turne his fiery steeds […].</p0826-teimww:hasTextHist>
    <p0826-teimww:isMentionedIn>
      <p0826-teimww:passage knoraType="link_value" linkType="ref" target="ww_0c7562b072b7907e"/>
    </p0826-teimww:isMentionedIn>
    <p0826-teimww:occursIn>
      <p0826-teimww:book knoraType="link_value" linkType="ref" target="ww_17675e9418dc9f39"/>
    </p0826-teimww:occursIn>
    <p0826-teimww:wasContributedBy>
      <p0826-teimww:person knoraType="link_value" linkType="ref" target="ww_7f35f6802efd910d"/>
    </p0826-teimww:wasContributedBy>
  </p0826-teimww:passage>
  <p0826-teimww:passage id="ww_56a1c886b7f26222">
    <knoraXmlImport:label>passage</knoraXmlImport:label>
    <p0826-teimww:contains>
      <p0826-teimww:lexia knoraType="link_value" linkType="ref" target="ww_f489003cd2b7eb2e"/>
    </p0826-teimww:contains>
    <p0826-teimww:hasPage knoraType="richtext_value">act 1, scene 5, line 19 [normalised spelling].</p0826-teimww:hasPage>
    <p0826-teimww:hasPageHist knoraType="richtext_value">N.p.; act 1, scene 5, line 19.</p0826-teimww:hasPageHist>
    <p0826-teimww:hasText knoraType="richtext_value">[Pompey:] [...] 'Tis but thy fear that doth it &lt;span class="quote"&gt;so miscall.&lt;/span&gt;</p0826-teimww:hasText>
    <p0826-teimww:hasTextHist knoraType="richtext_value">[Pompey:] […] Tis but thy feare that doth it so miscall.</p0826-teimww:hasTextHist>
    <p0826-teimww:isMentionedIn>
      <p0826-teimww:passage knoraType="link_value" linkType="ref" target="ww_8134986f6f146b68"/>
    </p0826-teimww:isMentionedIn>
    <p0826-teimww:occursIn>
      <p0826-teimww:book knoraType="link_value" linkType="ref" target="ww_17675e9418dc9f39"/>
    </p0826-teimww:occursIn>
    <p0826-teimww:wasContributedBy>
      <p0826-teimww:person knoraType="link_value" linkType="ref" target="ww_7f35f6802efd910d"/>
    </p0826-teimww:wasContributedBy>
  </p0826-teimww:passage>
  <p0826-teimww:passage id="ww_34646e92be95faf0">
    <knoraXmlImport:label>passage</knoraXmlImport:label>
    <p0826-teimww:contains>
      <p0826-teimww:lexia knoraType="link_value" linkType="ref" target="ww_497318d35f951449"/>
    </p0826-teimww:contains>
    <p0826-teimww:hasPage knoraType="richtext_value">N.p.; act 1, scene 5, lines 83-84 [normalised spelling].</p0826-teimww:hasPage>
    <p0826-teimww:hasPageHist knoraType="richtext_value">N.p.; act 1, scene 5, lines 83-84.</p0826-teimww:hasPageHist>
    <p0826-teimww:hasText knoraType="richtext_value">[Pompey:] &lt;span class="quote"&gt;Earth gape and swallow him&lt;/span&gt; that heavens hate, &lt;br&gt;
Consume me fire with thy devouring flames […].</p0826-teimww:hasText>
    <p0826-teimww:hasTextHist knoraType="richtext_value">[Pompey:] Earth gape and swallow him that Heauens hate, &lt;br&gt;
Consume me Fire with thy deuouring flames […].</p0826-teimww:hasTextHist>
    <p0826-teimww:isMentionedIn>
      <p0826-teimww:passage knoraType="link_value" linkType="ref" target="ww_8134986f6f146b68"/>
    </p0826-teimww:isMentionedIn>
    <p0826-teimww:occursIn>
      <p0826-teimww:book knoraType="link_value" linkType="ref" target="ww_17675e9418dc9f39"/>
    </p0826-teimww:occursIn>
    <p0826-teimww:wasContributedBy>
      <p0826-teimww:person knoraType="link_value" linkType="ref" target="ww_7f35f6802efd910d"/>
    </p0826-teimww:wasContributedBy>
  </p0826-teimww:passage>
  <p0826-teimww:passage id="ww_ae1613a818c9290d">
    <knoraXmlImport:label>passage</knoraXmlImport:label>
    <p0826-teimww:contains>
      <p0826-teimww:lexia knoraType="link_value" linkType="ref" target="ww_9062b6e673998de2"/>
    </p0826-teimww:contains>
    <p0826-teimww:contains>
      <p0826-teimww:lexia knoraType="link_value" linkType="ref" target="ww_8b1a1118934a3ad1"/>
    </p0826-teimww:contains>
    <p0826-teimww:hasPage knoraType="richtext_value">N.p.; act 1, scene 6, lines 31-32 [normalised spelling].</p0826-teimww:hasPage>
    <p0826-teimww:hasPageHist knoraType="richtext_value">N.p.; act 1, scene 6, lines 31-32.</p0826-teimww:hasPageHist>
    <p0826-teimww:hasText knoraType="richtext_value">[Caesar:] […] Unto those sands where &lt;span class="quote"&gt;high erected posts&lt;br&gt;
Of great Alcides, &lt;/span&gt;do uphold his name […].</p0826-teimww:hasText>
    <p0826-teimww:hasTextHist knoraType="richtext_value">[Caesar:] […] Vnto those Sandes where high erected poastes. &lt;br&gt;
Of great Alcides , do vp hold his name […].</p0826-teimww:hasTextHist>
    <p0826-teimww:isMentionedIn>
      <p0826-teimww:passage knoraType="link_value" linkType="ref" target="ww_8134986f6f146b68"/>
    </p0826-teimww:isMentionedIn>
    <p0826-teimww:occursIn>
      <p0826-teimww:book knoraType="link_value" linkType="ref" target="ww_17675e9418dc9f39"/>
    </p0826-teimww:occursIn>
    <p0826-teimww:wasContributedBy>
      <p0826-teimww:person knoraType="link_value" linkType="ref" target="ww_7f35f6802efd910d"/>
    </p0826-teimww:wasContributedBy>
  </p0826-teimww:passage>
  <p0826-teimww:passage id="ww_b116c0a7962b267f">
    <knoraXmlImport:label>passage</knoraXmlImport:label>
    <p0826-teimww:contains>
      <p0826-teimww:lexia knoraType="link_value" linkType="ref" target="ww_7428faca253b69e4"/>
    </p0826-teimww:contains>
    <p0826-teimww:hasPage knoraType="richtext_value">N.p.; act 1, scene 6, lines 83-84 [normalised spelling].</p0826-teimww:hasPage>
    <p0826-teimww:hasPageHist knoraType="richtext_value">N.p.; act 1, scene 6, lines 83-84.</p0826-teimww:hasPageHist>
    <p0826-teimww:hasText knoraType="richtext_value">[Caesar:] […] He on his golden trapped Palfreys rides, &lt;br&gt;
That &lt;span class="quote"&gt;from their nostrils do the morning blow&lt;/span&gt; […].</p0826-teimww:hasText>
    <p0826-teimww:hasTextHist knoraType="richtext_value">[Caesar:] […] He on his goulden trapped Palfreys rides, &lt;br&gt;
That from their nostrels do the morning blow […].</p0826-teimww:hasTextHist>
    <p0826-teimww:isMentionedIn>
      <p0826-teimww:passage knoraType="link_value" linkType="ref" target="ww_8134986f6f146b68"/>
    </p0826-teimww:isMentionedIn>
    <p0826-teimww:occursIn>
      <p0826-teimww:book knoraType="link_value" linkType="ref" target="ww_17675e9418dc9f39"/>
    </p0826-teimww:occursIn>
    <p0826-teimww:wasContributedBy>
      <p0826-teimww:person knoraType="link_value" linkType="ref" target="ww_7f35f6802efd910d"/>
    </p0826-teimww:wasContributedBy>
  </p0826-teimww:passage>
  <p0826-teimww:passage id="ww_6c3b6a13514af232">
    <knoraXmlImport:label>passage</knoraXmlImport:label>
    <p0826-teimww:contains>
      <p0826-teimww:lexia knoraType="link_value" linkType="ref" target="ww_fae1f5b271508764"/>
    </p0826-teimww:contains>
    <p0826-teimww:hasPage knoraType="richtext_value">Act 4, scene 3, lines 231-235.</p0826-teimww:hasPage>
    <p0826-teimww:hasText knoraType="richtext_value">[Paroles:] My meaning in 't, I protest, was very honest in the behalf of the maid, for I knew the young count to be &lt;span class="quote"&gt;a dangerous and lascivious boy, who is a whale to virginity and devours up all the fry it finds.&lt;/span&gt;</p0826-teimww:hasText>
    <p0826-teimww:occursIn>
      <p0826-teimww:book knoraType="link_value" linkType="ref" target="ww_d0babbfaa4407bfc"/>
    </p0826-teimww:occursIn>
    <p0826-teimww:wasContributedBy>
      <p0826-teimww:person knoraType="link_value" linkType="ref" target="ww_c4063e9c72a3ffd2"/>
    </p0826-teimww:wasContributedBy>
  </p0826-teimww:passage>
  <p0826-teimww:passage id="ww_7af08d1a4209b3f4">
    <knoraXmlImport:label>passage</knoraXmlImport:label>
    <p0826-teimww:contains>
      <p0826-teimww:lexia knoraType="link_value" linkType="ref" target="ww_2aa52324a039407b"/>
    </p0826-teimww:contains>
    <p0826-teimww:contains>
      <p0826-teimww:lexia knoraType="link_value" linkType="ref" target="ww_ee7c878d2b9c0f12"/>
    </p0826-teimww:contains>
    <p0826-teimww:contains>
      <p0826-teimww:lexia knoraType="link_value" linkType="ref" target="ww_9b1c7ebc432e856e"/>
    </p0826-teimww:contains>
    <p0826-teimww:hasPage knoraType="richtext_value">N.p.; act 2, prologue, lines 10-13 [normalised spelling].</p0826-teimww:hasPage>
    <p0826-teimww:hasPageHist knoraType="richtext_value">N.p.; act 2, prologue, lines 10-13.</p0826-teimww:hasPageHist>
    <p0826-teimww:hasText knoraType="richtext_value">[Anthony:] Though &lt;span class="quote"&gt;Caesar &lt;/span&gt;be as great as great may be, &lt;br&gt;
Yet Pompey once was even as great as he, &lt;br&gt;
And &lt;span class="quote"&gt;how he rode clad in stories' spoils &lt;/span&gt;[…].</p0826-teimww:hasText>
    <p0826-teimww:hasTextHist knoraType="richtext_value">[Anthony:] Though Caesar be as great as great may be, &lt;br&gt;
Yet Pompey once was euen as great as he, &lt;br&gt;
And how he rode clad in Setorius spoyles […].</p0826-teimww:hasTextHist>
    <p0826-teimww:isMentionedIn>
      <p0826-teimww:passage knoraType="link_value" linkType="ref" target="ww_474aa0a1320f43b3"/>
    </p0826-teimww:isMentionedIn>
    <p0826-teimww:occursIn>
      <p0826-teimww:book knoraType="link_value" linkType="ref" target="ww_17675e9418dc9f39"/>
    </p0826-teimww:occursIn>
    <p0826-teimww:wasContributedBy>
      <p0826-teimww:person knoraType="link_value" linkType="ref" target="ww_7f35f6802efd910d"/>
    </p0826-teimww:wasContributedBy>
  </p0826-teimww:passage>
  <p0826-teimww:passage id="ww_61710710d81775b2">
    <knoraXmlImport:label>passage</knoraXmlImport:label>
    <p0826-teimww:contains>
      <p0826-teimww:lexia knoraType="link_value" linkType="ref" target="ww_c78b82fe23fee171"/>
    </p0826-teimww:contains>
    <p0826-teimww:hasPage knoraType="richtext_value">113-114.</p0826-teimww:hasPage>
    <p0826-teimww:hasText knoraType="richtext_value">[Gertrude:] And draw all my servants in my bow, and keep my counsel, and tell me tales, and put me riddles, and &lt;span class="quote"&gt;read on a book&lt;/span&gt; sometimes when I am busy, and laugh at country gentlewomen, and command anything in the house for my retainers; and care not what you spend, for it is all mine; and, in any case, be still a maid, whatsoever you do, or whatsoever any man can do unto you.</p0826-teimww:hasText>
    <p0826-teimww:isMentionedIn>
      <p0826-teimww:passage knoraType="link_value" linkType="ref" target="ww_a3a66246f2755153"/>
    </p0826-teimww:isMentionedIn>
    <p0826-teimww:occursIn>
      <p0826-teimww:book knoraType="link_value" linkType="ref" target="ww_c021f9c6c9cb807d"/>
    </p0826-teimww:occursIn>
    <p0826-teimww:wasContributedBy>
      <p0826-teimww:person knoraType="link_value" linkType="ref" target="ww_b98e7021b3193ae3"/>
    </p0826-teimww:wasContributedBy>
  </p0826-teimww:passage>
  <p0826-teimww:passage id="ww_a3a66246f2755153">
    <knoraXmlImport:label>passage</knoraXmlImport:label>
    <p0826-teimww:occursIn>
      <p0826-teimww:book knoraType="link_value" linkType="ref" target="ww_38319ddb82fae050"/>
    </p0826-teimww:occursIn>
  </p0826-teimww:passage>
  <p0826-teimww:passage id="ww_e73c6be0e820ab30">
    <knoraXmlImport:label>passage</knoraXmlImport:label>
    <p0826-teimww:contains>
      <p0826-teimww:lexia knoraType="link_value" linkType="ref" target="ww_8b62020d3c27b668"/>
    </p0826-teimww:contains>
    <p0826-teimww:hasPage knoraType="richtext_value">Act 1, scene 2, lines 7-8.</p0826-teimww:hasPage>
    <p0826-teimww:hasText knoraType="richtext_value">[Edmund:] [...] &lt;span class="quote"&gt;When my dimensions are as well compact, &lt;br&gt;
My mind as generous and my shape as true &lt;/span&gt;[...].</p0826-teimww:hasText>
    <p0826-teimww:isMentionedIn>
      <p0826-teimww:passage knoraType="link_value" linkType="ref" target="ww_7229d156fd9ad937"/>
    </p0826-teimww:isMentionedIn>
    <p0826-teimww:occursIn>
      <p0826-teimww:book knoraType="link_value" linkType="ref" target="ww_a9ac3afc4eca7d49"/>
    </p0826-teimww:occursIn>
    <p0826-teimww:wasContributedBy>
      <p0826-teimww:person knoraType="link_value" linkType="ref" target="ww_b604df587d93b768"/>
    </p0826-teimww:wasContributedBy>
  </p0826-teimww:passage>
  <p0826-teimww:passage id="ww_7229d156fd9ad937">
    <knoraXmlImport:label>passage</knoraXmlImport:label>
    <p0826-teimww:occursIn>
      <p0826-teimww:book knoraType="link_value" linkType="ref" target="ww_5eeeb3e78e8b0bc3"/>
    </p0826-teimww:occursIn>
  </p0826-teimww:passage>
  <p0826-teimww:passage id="ww_ddca1ce247a2aca6">
    <knoraXmlImport:label>passage</knoraXmlImport:label>
    <p0826-teimww:contains>
      <p0826-teimww:lexia knoraType="link_value" linkType="ref" target="ww_494153ffe41a261e"/>
    </p0826-teimww:contains>
    <p0826-teimww:hasPage knoraType="richtext_value">181; act 2, scene 1, lines 342-54 [normalized spelling].</p0826-teimww:hasPage>
    <p0826-teimww:hasPageHist knoraType="richtext_value">181; act 2, scene 1, lines 342-54.</p0826-teimww:hasPageHist>
    <p0826-teimww:hasText knoraType="richtext_value">[Count:] Lazarello, bestir thy self nimbly and soddenly, and hear me with patience.&lt;br&gt;
[Lazarello:] Let me not fall from myself; &lt;span class="quote"&gt;speak I am bound to hear.&lt;/span&gt;&lt;br&gt;
[Count:] &lt;span class="quote"&gt;So art thou to revenge, when thou shalt hear.&lt;/span&gt; &lt;br&gt;
The fish head is gone, and we know not whither.</p0826-teimww:hasText>
    <p0826-teimww:hasTextHist knoraType="richtext_value">[Count:] Lazarello, bestirre thy selfe nimbly and sodainly, and here me with patience.&lt;br&gt;
[Lazarello:] Let me not fall from my selfe; &lt;span class="quote"&gt;speake I am bound to heare.&lt;/span&gt;&lt;br&gt;
[Count:] &lt;span class="quote"&gt;So art thou to revenge, when thou shalt heare.&lt;/span&gt; &lt;br&gt;
The fish head is gone, and we know not whither.</p0826-teimww:hasTextHist>
    <p0826-teimww:isMentionedIn>
      <p0826-teimww:passage knoraType="link_value" linkType="ref" target="ww_3294dd96120c2f42"/>
    </p0826-teimww:isMentionedIn>
    <p0826-teimww:isMentionedIn>
      <p0826-teimww:passage knoraType="link_value" linkType="ref" target="ww_6baf01fa97b70993"/>
    </p0826-teimww:isMentionedIn>
    <p0826-teimww:isMentionedIn>
      <p0826-teimww:passage knoraType="link_value" linkType="ref" target="ww_0e3036af940cf583"/>
    </p0826-teimww:isMentionedIn>
    <p0826-teimww:occursIn>
      <p0826-teimww:book knoraType="link_value" linkType="ref" target="ww_7c3febaec4e5aacf"/>
    </p0826-teimww:occursIn>
    <p0826-teimww:wasContributedBy>
      <p0826-teimww:person knoraType="link_value" linkType="ref" target="ww_b98e7021b3193ae3"/>
    </p0826-teimww:wasContributedBy>
  </p0826-teimww:passage>
  <p0826-teimww:passage id="ww_3294dd96120c2f42">
    <knoraXmlImport:label>passage</knoraXmlImport:label>
    <p0826-teimww:occursIn>
      <p0826-teimww:book knoraType="link_value" linkType="ref" target="ww_91e0dc4c671938fa"/>
    </p0826-teimww:occursIn>
  </p0826-teimww:passage>
  <p0826-teimww:passage id="ww_6baf01fa97b70993">
    <knoraXmlImport:label>passage</knoraXmlImport:label>
    <p0826-teimww:occursIn>
      <p0826-teimww:book knoraType="link_value" linkType="ref" target="ww_1140c36ab545b6d8"/>
    </p0826-teimww:occursIn>
  </p0826-teimww:passage>
  <p0826-teimww:passage id="ww_0e3036af940cf583">
    <knoraXmlImport:label>passage</knoraXmlImport:label>
    <p0826-teimww:occursIn>
      <p0826-teimww:book knoraType="link_value" linkType="ref" target="ww_66c4283b87c123dd"/>
    </p0826-teimww:occursIn>
  </p0826-teimww:passage>
  <p0826-teimww:passage id="ww_5b5d4b2ccf13cce3">
    <knoraXmlImport:label>passage</knoraXmlImport:label>
    <p0826-teimww:contains>
      <p0826-teimww:lexia knoraType="link_value" linkType="ref" target="ww_5a3a3d7d3d30f7e0"/>
    </p0826-teimww:contains>
    <p0826-teimww:hasPage knoraType="richtext_value">Act 1, scene 2, lines 9-11.</p0826-teimww:hasPage>
    <p0826-teimww:hasText knoraType="richtext_value">[Captain:] &lt;span class="quote"&gt;Doubtful it stood,&lt;br&gt;&lt;/span&gt;
As two spent swimmers that do cling together &lt;br&gt;
And choke their art. </p0826-teimww:hasText>
    <p0826-teimww:occursIn>
      <p0826-teimww:book knoraType="link_value" linkType="ref" target="ww_7114631e1c7c2d84"/>
    </p0826-teimww:occursIn>
    <p0826-teimww:wasContributedBy>
      <p0826-teimww:person knoraType="link_value" linkType="ref" target="ww_c4063e9c72a3ffd2"/>
    </p0826-teimww:wasContributedBy>
  </p0826-teimww:passage>
  <p0826-teimww:passage id="ww_2369d596a6fcc30c">
    <knoraXmlImport:label>passage</knoraXmlImport:label>
    <p0826-teimww:contains>
      <p0826-teimww:lexia knoraType="link_value" linkType="ref" target="ww_63265d2574cd459f"/>
    </p0826-teimww:contains>
    <p0826-teimww:hasPage knoraType="richtext_value">Act 1, scene 3, lines 56-58.</p0826-teimww:hasPage>
    <p0826-teimww:hasText knoraType="richtext_value">[Ross:] From Fife, great king,&lt;br&gt;
Where &lt;span class="quote"&gt;the Norweyan banners flout the sky&lt;br&gt;
And fan our people cold &lt;/span&gt;[...].</p0826-teimww:hasText>
    <p0826-teimww:isMentionedIn>
      <p0826-teimww:passage knoraType="link_value" linkType="ref" target="ww_c7ee472fecf7096b"/>
    </p0826-teimww:isMentionedIn>
    <p0826-teimww:occursIn>
      <p0826-teimww:book knoraType="link_value" linkType="ref" target="ww_7114631e1c7c2d84"/>
    </p0826-teimww:occursIn>
    <p0826-teimww:wasContributedBy>
      <p0826-teimww:person knoraType="link_value" linkType="ref" target="ww_c4063e9c72a3ffd2"/>
    </p0826-teimww:wasContributedBy>
  </p0826-teimww:passage>
  <p0826-teimww:passage id="ww_c7ee472fecf7096b">
    <knoraXmlImport:label>passage</knoraXmlImport:label>
    <p0826-teimww:occursIn>
      <p0826-teimww:book knoraType="link_value" linkType="ref" target="ww_5af91280461707f1"/>
    </p0826-teimww:occursIn>
  </p0826-teimww:passage>
  <p0826-teimww:passage id="ww_cf95c4b7974c2ea0">
    <knoraXmlImport:label>passage</knoraXmlImport:label>
    <p0826-teimww:contains>
      <p0826-teimww:lexia knoraType="link_value" linkType="ref" target="ww_6c605b8d715e3efc"/>
    </p0826-teimww:contains>
    <p0826-teimww:hasPage knoraType="richtext_value">Act 1, scene 2, line 39.</p0826-teimww:hasPage>
    <p0826-teimww:hasText knoraType="richtext_value">[Captain:] &lt;span class="quote"&gt;Yes, as sparrows eagles, or the hare the lion&lt;/span&gt;. </p0826-teimww:hasText>
    <p0826-teimww:isMentionedIn>
      <p0826-teimww:passage knoraType="link_value" linkType="ref" target="ww_3dae5b89c9c691dc"/>
    </p0826-teimww:isMentionedIn>
    <p0826-teimww:occursIn>
      <p0826-teimww:book knoraType="link_value" linkType="ref" target="ww_7114631e1c7c2d84"/>
    </p0826-teimww:occursIn>
    <p0826-teimww:wasContributedBy>
      <p0826-teimww:person knoraType="link_value" linkType="ref" target="ww_c4063e9c72a3ffd2"/>
    </p0826-teimww:wasContributedBy>
  </p0826-teimww:passage>
  <p0826-teimww:passage id="ww_3dae5b89c9c691dc">
    <knoraXmlImport:label>passage</knoraXmlImport:label>
    <p0826-teimww:occursIn>
      <p0826-teimww:book knoraType="link_value" linkType="ref" target="ww_1140c36ab545b6d8"/>
    </p0826-teimww:occursIn>
  </p0826-teimww:passage>
  <p0826-teimww:passage id="ww_73896f5d04725383">
    <knoraXmlImport:label>passage</knoraXmlImport:label>
    <p0826-teimww:contains>
      <p0826-teimww:lexia knoraType="link_value" linkType="ref" target="ww_b2acbf36bc507e88"/>
    </p0826-teimww:contains>
    <p0826-teimww:hasPage knoraType="richtext_value">Act 4, scene 1, lines 78-79.</p0826-teimww:hasPage>
    <p0826-teimww:hasText knoraType="richtext_value">[First Witch:] &lt;span class="quote"&gt;He knows thy thought.&lt;br&gt;&lt;/span&gt;
Hear his speech but say thou naught.</p0826-teimww:hasText>
    <p0826-teimww:occursIn>
      <p0826-teimww:book knoraType="link_value" linkType="ref" target="ww_7114631e1c7c2d84"/>
    </p0826-teimww:occursIn>
    <p0826-teimww:wasContributedBy>
      <p0826-teimww:person knoraType="link_value" linkType="ref" target="ww_c4063e9c72a3ffd2"/>
    </p0826-teimww:wasContributedBy>
  </p0826-teimww:passage>
  <p0826-teimww:passage id="ww_3a0018d679fdb5c8">
    <knoraXmlImport:label>passage</knoraXmlImport:label>
    <p0826-teimww:contains>
      <p0826-teimww:lexia knoraType="link_value" linkType="ref" target="ww_307da6ddc100b9b0"/>
    </p0826-teimww:contains>
    <p0826-teimww:hasPage knoraType="richtext_value">Act 3, scene 1, lines 13-29.</p0826-teimww:hasPage>
    <p0826-teimww:hasText knoraType="richtext_value">[Ventidius:] O, Silius, Silius, &lt;br&gt;
I have done enough. A lower place, note well,&lt;br&gt;
May make too great an act. For learn this, Silius:&lt;br&gt;
&lt;span class="quote"&gt;Better to leave undone than by our deed &lt;br&gt;
Acquire too high a fame when him we serve 's away.&lt;/span&gt; [...]
The soldier's virtue, rather makes choice of loss &lt;br&gt;
Than gain which darkens him. &lt;br&gt;
I could do more to do Antonius good, &lt;br&gt;
But 'twould offend him. And in his offense &lt;br&gt;
Should my performance perish.</p0826-teimww:hasText>
    <p0826-teimww:isMentionedIn>
      <p0826-teimww:passage knoraType="link_value" linkType="ref" target="ww_976734e1f0f6303d"/>
    </p0826-teimww:isMentionedIn>
    <p0826-teimww:occursIn>
      <p0826-teimww:book knoraType="link_value" linkType="ref" target="ww_e47749f03b5fb074"/>
    </p0826-teimww:occursIn>
    <p0826-teimww:wasContributedBy>
      <p0826-teimww:person knoraType="link_value" linkType="ref" target="ww_c4063e9c72a3ffd2"/>
    </p0826-teimww:wasContributedBy>
  </p0826-teimww:passage>
  <p0826-teimww:passage id="ww_976734e1f0f6303d">
    <knoraXmlImport:label>passage</knoraXmlImport:label>
    <p0826-teimww:occursIn>
      <p0826-teimww:book knoraType="link_value" linkType="ref" target="ww_1140c36ab545b6d8"/>
    </p0826-teimww:occursIn>
  </p0826-teimww:passage>
  <p0826-teimww:passage id="ww_dc8e5e7eac6cbf65">
    <knoraXmlImport:label>passage</knoraXmlImport:label>
    <p0826-teimww:contains>
      <p0826-teimww:lexia knoraType="link_value" linkType="ref" target="ww_8d783e64558a1165"/>
    </p0826-teimww:contains>
    <p0826-teimww:hasPage knoraType="richtext_value">Act 2, scene 4, lines 17-22.</p0826-teimww:hasPage>
    <p0826-teimww:hasText knoraType="richtext_value">[Ross:] And &lt;span class="quote"&gt;Duncan's horses &lt;/span&gt;(a thing most strange and
certain), &lt;br&gt;
Beauteous and swift, the minions of their race, &lt;br&gt;
Turned wild in nature, broke their stalls, flung out, &lt;br&gt;
Contending 'gainst obedience, as they would &lt;br&gt;
Make war with mankind.</p0826-teimww:hasText>
    <p0826-teimww:isMentionedIn>
      <p0826-teimww:passage knoraType="link_value" linkType="ref" target="ww_76c993cc32febb2f"/>
    </p0826-teimww:isMentionedIn>
    <p0826-teimww:occursIn>
      <p0826-teimww:book knoraType="link_value" linkType="ref" target="ww_7114631e1c7c2d84"/>
    </p0826-teimww:occursIn>
    <p0826-teimww:wasContributedBy>
      <p0826-teimww:person knoraType="link_value" linkType="ref" target="ww_b604df587d93b768"/>
    </p0826-teimww:wasContributedBy>
  </p0826-teimww:passage>
  <p0826-teimww:passage id="ww_76c993cc32febb2f">
    <knoraXmlImport:label>passage</knoraXmlImport:label>
    <p0826-teimww:occursIn>
      <p0826-teimww:book knoraType="link_value" linkType="ref" target="ww_1140c36ab545b6d8"/>
    </p0826-teimww:occursIn>
  </p0826-teimww:passage>
  <p0826-teimww:passage id="ww_ccfbd91833ef9fff">
    <knoraXmlImport:label>passage</knoraXmlImport:label>
    <p0826-teimww:contains>
      <p0826-teimww:lexia knoraType="link_value" linkType="ref" target="ww_f5710abe1f004c64"/>
    </p0826-teimww:contains>
    <p0826-teimww:hasPage knoraType="richtext_value">Act 1, scene 2, lines 54-55.</p0826-teimww:hasPage>
    <p0826-teimww:hasText knoraType="richtext_value">[Charmian:] Nay, if &lt;span class="quote"&gt;an oily palm &lt;/span&gt;be not a fruitful prognostication, I cannot scratch mine ear.</p0826-teimww:hasText>
    <p0826-teimww:isMentionedIn>
      <p0826-teimww:passage knoraType="link_value" linkType="ref" target="ww_786e5a1923987f97"/>
    </p0826-teimww:isMentionedIn>
    <p0826-teimww:occursIn>
      <p0826-teimww:book knoraType="link_value" linkType="ref" target="ww_e47749f03b5fb074"/>
    </p0826-teimww:occursIn>
    <p0826-teimww:wasContributedBy>
      <p0826-teimww:person knoraType="link_value" linkType="ref" target="ww_c4063e9c72a3ffd2"/>
    </p0826-teimww:wasContributedBy>
  </p0826-teimww:passage>
  <p0826-teimww:passage id="ww_786e5a1923987f97">
    <knoraXmlImport:label>passage</knoraXmlImport:label>
    <p0826-teimww:occursIn>
      <p0826-teimww:book knoraType="link_value" linkType="ref" target="ww_55bc1a3b04bf8a8d"/>
    </p0826-teimww:occursIn>
  </p0826-teimww:passage>
  <p0826-teimww:passage id="ww_5e5bf8862809e109">
    <knoraXmlImport:label>passage</knoraXmlImport:label>
    <p0826-teimww:contains>
      <p0826-teimww:lexia knoraType="link_value" linkType="ref" target="ww_1107b72292efd6b5"/>
    </p0826-teimww:contains>
    <p0826-teimww:hasPage knoraType="richtext_value">Act 1, scene 3, line 4.</p0826-teimww:hasPage>
    <p0826-teimww:hasText knoraType="richtext_value">[First Witch:]&lt;span class="quote"&gt; But in a sieve I'll thither sail &lt;/span&gt;[...].</p0826-teimww:hasText>
    <p0826-teimww:isMentionedIn>
      <p0826-teimww:passage knoraType="link_value" linkType="ref" target="ww_58a67e667dc2c582"/>
    </p0826-teimww:isMentionedIn>
    <p0826-teimww:occursIn>
      <p0826-teimww:book knoraType="link_value" linkType="ref" target="ww_7114631e1c7c2d84"/>
    </p0826-teimww:occursIn>
    <p0826-teimww:wasContributedBy>
      <p0826-teimww:person knoraType="link_value" linkType="ref" target="ww_7f35f6802efd910d"/>
    </p0826-teimww:wasContributedBy>
  </p0826-teimww:passage>
  <p0826-teimww:passage id="ww_58a67e667dc2c582">
    <knoraXmlImport:label>passage</knoraXmlImport:label>
    <p0826-teimww:occursIn>
      <p0826-teimww:book knoraType="link_value" linkType="ref" target="ww_12b8cda82738e9e2"/>
    </p0826-teimww:occursIn>
  </p0826-teimww:passage>
  <p0826-teimww:passage id="ww_061a224973c18c1d">
    <knoraXmlImport:label>passage</knoraXmlImport:label>
    <p0826-teimww:contains>
      <p0826-teimww:lexia knoraType="link_value" linkType="ref" target="ww_a77bcd010f0b2aad"/>
    </p0826-teimww:contains>
    <p0826-teimww:hasPage knoraType="richtext_value">Act 2, scene 2, lines 5-6.</p0826-teimww:hasPage>
    <p0826-teimww:hasText knoraType="richtext_value">[Lady Macbeth:] &lt;span class="quote"&gt;It was the owl that shrieked, the fatal bellman, &lt;br/&gt;
Which gives the stern'st good-night.&lt;/span&gt;</p0826-teimww:hasText>
    <p0826-teimww:isMentionedIn>
      <p0826-teimww:passage knoraType="link_value" linkType="ref" target="ww_e0b4a6d97a90fdc0"/>
    </p0826-teimww:isMentionedIn>
    <p0826-teimww:occursIn>
      <p0826-teimww:book knoraType="link_value" linkType="ref" target="ww_7114631e1c7c2d84"/>
    </p0826-teimww:occursIn>
    <p0826-teimww:wasContributedBy>
      <p0826-teimww:person knoraType="link_value" linkType="ref" target="ww_b604df587d93b768"/>
    </p0826-teimww:wasContributedBy>
  </p0826-teimww:passage>
  <p0826-teimww:passage id="ww_5bc4bf9cf5de20f8">
    <knoraXmlImport:label>passage</knoraXmlImport:label>
    <p0826-teimww:contains>
      <p0826-teimww:lexia knoraType="link_value" linkType="ref" target="ww_54ff70e9eb5fa120"/>
    </p0826-teimww:contains>
    <p0826-teimww:hasPage knoraType="richtext_value">N.p.; act 1, scene 2. [spelling normalized].</p0826-teimww:hasPage>
    <p0826-teimww:hasPageHist knoraType="richtext_value">N.p.; act 1, scene 2.</p0826-teimww:hasPageHist>
    <p0826-teimww:hasText knoraType="richtext_value">[Lingua:] Witness this lie, Mendacio's with me now, &lt;br&gt;
But sirrah out of jesting will they come? &lt;br&gt;
[Mendacio:] &lt;span class="quote"&gt;Yes and it like your Ladyship presently: &lt;br&gt;
Here may you have me prest to flatter them. &lt;br&gt;&lt;/span&gt;
[Lingua:]&lt;span class="quote"&gt; I'll flatter no such proud Companions, &lt;br&gt;
'Twill do no good, therefore I am determined &lt;br&gt;
To leave such baseness. &lt;br&gt;&lt;/span&gt;
[Mendacio:] &lt;span class="quote"&gt;Then shall I turn and bid them stay at home. &lt;br&gt; &lt;/span&gt;
[Lingua:]&lt;span class="quote"&gt; No, for their coming hither to this grove, &lt;br&gt;
Shall be a means to further my devise, &lt;br&gt;
Therefore I pray thee Mendacio go presently, &lt;br&gt;
Run you vile Ape. &lt;br&gt;&lt;/span&gt;
[Mendacio:]&lt;span class="quote"&gt; Whether? &lt;br&gt;&lt;/span&gt;
[Lingua:] &lt;span class="quote"&gt;What dost thou stand? &lt;br&gt;&lt;/span&gt;
[Mendacio:] &lt;span class="quote"&gt;Till I know what to do. &lt;/span&gt;&lt;br&gt;
[Lingua:] &lt;span class="quote"&gt;S'precious 'tis true, &lt;br&gt;
So might thou finely o'er-run thine errand. &lt;br&gt;
Hast to my Chest.&lt;/span&gt; &lt;br&gt;
[Mendacio:] Ay, ay, &lt;br&gt; 
[Lingua:] There shalt thou find, &lt;br&gt;
A gorgeous Robe, and golden Coronet, &lt;br&gt; 
Convey them hither nimbly, let none see them.</p0826-teimww:hasText>
    <p0826-teimww:hasTextHist knoraType="richtext_value">[Lingua:] Witnesse this lye, Mendacio's with me now, &lt;br&gt;
But sirra out of iesting will they come? &lt;br&gt;
[Mendacio:] Yes and it like your Ladyship presently: &lt;br&gt;
Here may you haue me prest to flatter them. &lt;br&gt;
[Lingua:] Ile flatter no such proud Companions, &lt;br&gt;
'Twill doe no good, therefore I am determined &lt;br&gt;
To leaue such basenesse. &lt;br&gt;
[Mendacio:] Then shall I turne and bid them stay at home. &lt;br&gt; 
[Lingua:] No, for their comming hither to this groue, &lt;br&gt;
Shall be a meanes to further my deuise, &lt;br&gt;
Therefore I pray thee Mendacio go presently, &lt;br&gt;
Run you vile Ape. &lt;br&gt;
[Mendacio:] Whether? &lt;br&gt;
[Lingua:] What doost thou stand? &lt;br&gt;
[Mendacio:] Till I know what to doe. &lt;br&gt;
[Lingua:] S'pretious 'tis true, &lt;br&gt;
So might thou finely ore-run thine errand. &lt;br&gt;
Hast to my Chest. &lt;br&gt;
[Mendacio:] I, I, &lt;br&gt; 
[Lingua:] There shalt thou find, &lt;br&gt;
A gorgeous Robe, and golden Coronet, &lt;br&gt; 
Conuey them hither nimbly, let none see them.</p0826-teimww:hasTextHist>
    <p0826-teimww:isMentionedIn>
      <p0826-teimww:passage knoraType="link_value" linkType="ref" target="ww_dfb7ce0741013790"/>
    </p0826-teimww:isMentionedIn>
    <p0826-teimww:occursIn>
      <p0826-teimww:book knoraType="link_value" linkType="ref" target="ww_bdee35cd9360b47f"/>
    </p0826-teimww:occursIn>
    <p0826-teimww:wasContributedBy>
      <p0826-teimww:person knoraType="link_value" linkType="ref" target="ww_b604df587d93b768"/>
    </p0826-teimww:wasContributedBy>
  </p0826-teimww:passage>
  <p0826-teimww:passage id="ww_dfb7ce0741013790">
    <knoraXmlImport:label>passage</knoraXmlImport:label>
    <p0826-teimww:occursIn>
      <p0826-teimww:book knoraType="link_value" linkType="ref" target="ww_1140c36ab545b6d8"/>
    </p0826-teimww:occursIn>
  </p0826-teimww:passage>
  <p0826-teimww:passage id="ww_faa7d5d327ede0fd">
    <knoraXmlImport:label>passage</knoraXmlImport:label>
    <p0826-teimww:contains>
      <p0826-teimww:lexia knoraType="link_value" linkType="ref" target="ww_72eb58d1c725d6fd"/>
    </p0826-teimww:contains>
    <p0826-teimww:hasPage knoraType="richtext_value">Act 1, scene 1, lines 224-228.</p0826-teimww:hasPage>
    <p0826-teimww:hasText knoraType="richtext_value">[Pericles:] O, Helicanus! Strike me, honored sir. &lt;br&gt;
&lt;span class="quote"&gt;Give me a gash, put me to present pain, &lt;br&gt;
Lest this great sea of joys rushing upon me &lt;br&gt;
O'erbear the shores of my mortality &lt;br&gt;
And drown me with their sweetness.&lt;/span&gt;</p0826-teimww:hasText>
    <p0826-teimww:isMentionedIn>
      <p0826-teimww:passage knoraType="link_value" linkType="ref" target="ww_ca6ed54d76ad8798"/>
    </p0826-teimww:isMentionedIn>
    <p0826-teimww:occursIn>
      <p0826-teimww:book knoraType="link_value" linkType="ref" target="ww_b8eaca27cf9698df"/>
    </p0826-teimww:occursIn>
    <p0826-teimww:wasContributedBy>
      <p0826-teimww:person knoraType="link_value" linkType="ref" target="ww_c4063e9c72a3ffd2"/>
    </p0826-teimww:wasContributedBy>
  </p0826-teimww:passage>
  <p0826-teimww:passage id="ww_ca6ed54d76ad8798">
    <knoraXmlImport:label>passage</knoraXmlImport:label>
    <p0826-teimww:occursIn>
      <p0826-teimww:book knoraType="link_value" linkType="ref" target="ww_1140c36ab545b6d8"/>
    </p0826-teimww:occursIn>
  </p0826-teimww:passage>
  <p0826-teimww:passage id="ww_c256175a10b729a0">
    <knoraXmlImport:label>passage</knoraXmlImport:label>
    <p0826-teimww:contains>
      <p0826-teimww:lexia knoraType="link_value" linkType="ref" target="ww_6211dd4ea43c0dbd"/>
    </p0826-teimww:contains>
    <p0826-teimww:hasPage knoraType="richtext_value">N.p.; about halfway into the play [normalized spelling].</p0826-teimww:hasPage>
    <p0826-teimww:hasPageHist knoraType="richtext_value">N.p.; about halfway into the play.</p0826-teimww:hasPageHist>
    <p0826-teimww:hasText knoraType="richtext_value">[Goldstone:]&lt;span class="quote"&gt; Ye, at your book so hard.&lt;/span&gt;</p0826-teimww:hasText>
    <p0826-teimww:hasTextHist knoraType="richtext_value">[Goldstone:] &lt;span class="quote"&gt;Yee, at your booke so hard.&lt;/span&gt;</p0826-teimww:hasTextHist>
    <p0826-teimww:isMentionedIn>
      <p0826-teimww:passage knoraType="link_value" linkType="ref" target="ww_b00a9cb39c30bf65"/>
    </p0826-teimww:isMentionedIn>
    <p0826-teimww:occursIn>
      <p0826-teimww:book knoraType="link_value" linkType="ref" target="ww_6129dfa4528ff009"/>
    </p0826-teimww:occursIn>
    <p0826-teimww:wasContributedBy>
      <p0826-teimww:person knoraType="link_value" linkType="ref" target="ww_b604df587d93b768"/>
    </p0826-teimww:wasContributedBy>
  </p0826-teimww:passage>
  <p0826-teimww:passage id="ww_20e6399b4e2b0797">
    <knoraXmlImport:label>passage</knoraXmlImport:label>
    <p0826-teimww:contains>
      <p0826-teimww:lexia knoraType="link_value" linkType="ref" target="ww_a3361c1e4fb2ed7b"/>
    </p0826-teimww:contains>
    <p0826-teimww:hasPage knoraType="richtext_value">N.p.; a bit over halfway into the play.</p0826-teimww:hasPage>
    <p0826-teimww:hasPageHist knoraType="richtext_value">N.p.; a bit over halfway into the play.</p0826-teimww:hasPageHist>
    <p0826-teimww:hasText knoraType="richtext_value">[Pursenet:] [...]&lt;span class="quote"&gt; heed away like a Chrism.&lt;/span&gt;</p0826-teimww:hasText>
    <p0826-teimww:hasTextHist knoraType="richtext_value">[Pursenet:] [...] heed away like a Crysom.</p0826-teimww:hasTextHist>
    <p0826-teimww:isMentionedIn>
      <p0826-teimww:passage knoraType="link_value" linkType="ref" target="ww_b00a9cb39c30bf65"/>
    </p0826-teimww:isMentionedIn>
    <p0826-teimww:occursIn>
      <p0826-teimww:book knoraType="link_value" linkType="ref" target="ww_6129dfa4528ff009"/>
    </p0826-teimww:occursIn>
    <p0826-teimww:wasContributedBy>
      <p0826-teimww:person knoraType="link_value" linkType="ref" target="ww_b604df587d93b768"/>
    </p0826-teimww:wasContributedBy>
  </p0826-teimww:passage>
  <p0826-teimww:passage id="ww_6267258033e00d89">
    <knoraXmlImport:label>passage</knoraXmlImport:label>
    <p0826-teimww:contains>
      <p0826-teimww:lexia knoraType="link_value" linkType="ref" target="ww_507a1a95d79cf03c"/>
    </p0826-teimww:contains>
    <p0826-teimww:hasPage knoraType="richtext_value">N.p.; act 1, scene 1. [spelling normalized].</p0826-teimww:hasPage>
    <p0826-teimww:hasPageHist knoraType="richtext_value">N.p.; act 1, scene 1.</p0826-teimww:hasPageHist>
    <p0826-teimww:hasText knoraType="richtext_value">[Old Lord:] And he is welcome, what sudden gust (my Son) in haste hath blown thee hither, and made thee leave the Court, where so many &lt;span class="quote"&gt;earth-treading stars &lt;/span&gt;adorns the sky of state?</p0826-teimww:hasText>
    <p0826-teimww:hasTextHist knoraType="richtext_value">[Old Lord:] And hee is welcome, what suddaine gust (my Sonne) in hast hath blowne thee hither, and made thee leaue the Court, where so many earth-treading starres adornes the sky of state?</p0826-teimww:hasTextHist>
    <p0826-teimww:isMentionedIn>
      <p0826-teimww:passage knoraType="link_value" linkType="ref" target="ww_90c13e9cbd4f331e"/>
    </p0826-teimww:isMentionedIn>
    <p0826-teimww:occursIn>
      <p0826-teimww:book knoraType="link_value" linkType="ref" target="ww_abbc162fcc9b8163"/>
    </p0826-teimww:occursIn>
    <p0826-teimww:wasContributedBy>
      <p0826-teimww:person knoraType="link_value" linkType="ref" target="ww_b604df587d93b768"/>
    </p0826-teimww:wasContributedBy>
  </p0826-teimww:passage>
  <p0826-teimww:passage id="ww_de5108e383651853">
    <knoraXmlImport:label>passage</knoraXmlImport:label>
    <p0826-teimww:contains>
      <p0826-teimww:lexia knoraType="link_value" linkType="ref" target="ww_52cfbc24d1710956"/>
    </p0826-teimww:contains>
    <p0826-teimww:hasPage knoraType="richtext_value">N.p.; lines 1160-1164 [normalised spelling].</p0826-teimww:hasPage>
    <p0826-teimww:hasPageHist knoraType="richtext_value">N.p.; lines 1160-1164.</p0826-teimww:hasPageHist>
    <p0826-teimww:hasText knoraType="richtext_value">[Valerius:] Let her body be long, and her back be strong, &lt;br&gt;
With a soft lip that entangles, &lt;br&gt;
With &lt;span class="quote"&gt;an ivory breast, &lt;/span&gt;and her hair well dressed, &lt;br&gt;
Without gold lace or spangles. </p0826-teimww:hasText>
    <p0826-teimww:hasTextHist knoraType="richtext_value">[Valerius:] Let her body be long, and her backe be strong, &lt;br&gt;
With a soft lip that entangles, &lt;br&gt;
With an ivorie brest, and her haire well drest, &lt;br&gt;
Without gold lace or spangles. </p0826-teimww:hasTextHist>
    <p0826-teimww:isMentionedIn>
      <p0826-teimww:passage knoraType="link_value" linkType="ref" target="ww_0b5eda6cdb828cdd"/>
    </p0826-teimww:isMentionedIn>
    <p0826-teimww:occursIn>
      <p0826-teimww:book knoraType="link_value" linkType="ref" target="ww_8129680c1895eb54"/>
    </p0826-teimww:occursIn>
    <p0826-teimww:wasContributedBy>
      <p0826-teimww:person knoraType="link_value" linkType="ref" target="ww_7f35f6802efd910d"/>
    </p0826-teimww:wasContributedBy>
  </p0826-teimww:passage>
  <p0826-teimww:passage id="ww_0b5eda6cdb828cdd">
    <knoraXmlImport:label>passage</knoraXmlImport:label>
    <p0826-teimww:occursIn>
      <p0826-teimww:book knoraType="link_value" linkType="ref" target="ww_1140c36ab545b6d8"/>
    </p0826-teimww:occursIn>
  </p0826-teimww:passage>
  <p0826-teimww:passage id="ww_57915cc27f4a82c1">
    <knoraXmlImport:label>passage</knoraXmlImport:label>
    <p0826-teimww:contains>
      <p0826-teimww:lexia knoraType="link_value" linkType="ref" target="ww_812ec4100863a109"/>
    </p0826-teimww:contains>
    <p0826-teimww:contains>
      <p0826-teimww:lexia knoraType="link_value" linkType="ref" target="ww_88076bbdfa4084d2"/>
    </p0826-teimww:contains>
    <p0826-teimww:hasPage knoraType="richtext_value">N.p.; Act 4, scene 1, ~line 50. [spelling normalized].</p0826-teimww:hasPage>
    <p0826-teimww:hasPageHist knoraType="richtext_value">N.p.; Act 4, scene 1, ~line 50.</p0826-teimww:hasPageHist>
    <p0826-teimww:hasText knoraType="richtext_value">[Octavio:] Tut, &lt;span class="quote"&gt;lovers' oaths, like toys writ down in sands &lt;br&gt;
Are soon blown o'er, contracts are common wiles, &lt;br&gt;
T'entangle fools, Jove himself sits and smiles &lt;br&gt;
At lovers' perjuries &lt;/span&gt;[...].</p0826-teimww:hasText>
    <p0826-teimww:hasTextHist knoraType="richtext_value">[Octavio:] Tut, louers othes, like toyes writ down in sands &lt;br&gt;
Are soone blowne ore, contracts are common wiles, &lt;br&gt;
T'intangle fooles, Ioue himselfe sits and smiles &lt;br&gt;
At louers periuries [...].</p0826-teimww:hasTextHist>
    <p0826-teimww:isMentionedIn>
      <p0826-teimww:passage knoraType="link_value" linkType="ref" target="ww_391099d7c6b676c8"/>
    </p0826-teimww:isMentionedIn>
    <p0826-teimww:occursIn>
      <p0826-teimww:book knoraType="link_value" linkType="ref" target="ww_ad347c17c733512d"/>
    </p0826-teimww:occursIn>
    <p0826-teimww:wasContributedBy>
      <p0826-teimww:person knoraType="link_value" linkType="ref" target="ww_b604df587d93b768"/>
    </p0826-teimww:wasContributedBy>
  </p0826-teimww:passage>
  <p0826-teimww:passage id="ww_1ccf3aa8d38b278b">
    <knoraXmlImport:label>passage</knoraXmlImport:label>
    <p0826-teimww:contains>
      <p0826-teimww:lexia knoraType="link_value" linkType="ref" target="ww_d42be71c89ed7fcb"/>
    </p0826-teimww:contains>
    <p0826-teimww:hasPage knoraType="richtext_value">Act 2, scene 1, lines 28-30.</p0826-teimww:hasPage>
    <p0826-teimww:hasText knoraType="richtext_value">[3rd Fisherman:] Master, I marvel how the fishes live in the sea. &lt;br&gt;
[1st Fisherman:] &lt;span class="quote"&gt;Why, as men do a-land: the great ones eat up the little ones.&lt;/span&gt;</p0826-teimww:hasText>
    <p0826-teimww:isMentionedIn>
      <p0826-teimww:passage knoraType="link_value" linkType="ref" target="ww_f0e4827cfa25e60d"/>
    </p0826-teimww:isMentionedIn>
    <p0826-teimww:occursIn>
      <p0826-teimww:book knoraType="link_value" linkType="ref" target="ww_b8eaca27cf9698df"/>
    </p0826-teimww:occursIn>
    <p0826-teimww:wasContributedBy>
      <p0826-teimww:person knoraType="link_value" linkType="ref" target="ww_b604df587d93b768"/>
    </p0826-teimww:wasContributedBy>
  </p0826-teimww:passage>
  <p0826-teimww:passage id="ww_f0e4827cfa25e60d">
    <knoraXmlImport:label>passage</knoraXmlImport:label>
    <p0826-teimww:occursIn>
      <p0826-teimww:book knoraType="link_value" linkType="ref" target="ww_1140c36ab545b6d8"/>
    </p0826-teimww:occursIn>
  </p0826-teimww:passage>
  <p0826-teimww:passage id="ww_33b27ca38de2abc6">
    <knoraXmlImport:label>passage</knoraXmlImport:label>
    <p0826-teimww:contains>
      <p0826-teimww:lexia knoraType="link_value" linkType="ref" target="ww_757315eb9c1f6fa3"/>
    </p0826-teimww:contains>
    <p0826-teimww:hasPage knoraType="richtext_value">Act 5, Scene 3, lines 50-54.</p0826-teimww:hasPage>
    <p0826-teimww:hasText knoraType="richtext_value">[Coriolanus:] [...] O, a kiss&lt;br&gt;
Long as my exile, sweet as my revenge! &lt;br&gt;
Now, by the jealous queen of heaven, &lt;span class="quote"&gt;that kiss &lt;br&gt;
I carried from thee, dear, and my true lip &lt;br&gt;
Hath virgined it e'er since. &lt;/span&gt;</p0826-teimww:hasText>
    <p0826-teimww:isMentionedIn>
      <p0826-teimww:passage knoraType="link_value" linkType="ref" target="ww_0831d0cc03d9671a"/>
    </p0826-teimww:isMentionedIn>
    <p0826-teimww:occursIn>
      <p0826-teimww:book knoraType="link_value" linkType="ref" target="ww_1bfa3812390e9c05"/>
    </p0826-teimww:occursIn>
    <p0826-teimww:wasContributedBy>
      <p0826-teimww:person knoraType="link_value" linkType="ref" target="ww_c4063e9c72a3ffd2"/>
    </p0826-teimww:wasContributedBy>
  </p0826-teimww:passage>
  <p0826-teimww:passage id="ww_0831d0cc03d9671a">
    <knoraXmlImport:label>passage</knoraXmlImport:label>
    <p0826-teimww:occursIn>
      <p0826-teimww:book knoraType="link_value" linkType="ref" target="ww_1140c36ab545b6d8"/>
    </p0826-teimww:occursIn>
  </p0826-teimww:passage>
  <p0826-teimww:passage id="ww_8f812824b0e9251a">
    <knoraXmlImport:label>passage</knoraXmlImport:label>
    <p0826-teimww:contains>
      <p0826-teimww:lexia knoraType="link_value" linkType="ref" target="ww_7583e972af326108"/>
    </p0826-teimww:contains>
    <p0826-teimww:hasPage knoraType="richtext_value">Act 2, scene 2, line 125.</p0826-teimww:hasPage>
    <p0826-teimww:hasText knoraType="richtext_value">[Cominius:] [...] &lt;span class="quote"&gt;He was a thing of blood &lt;/span&gt;[...].</p0826-teimww:hasText>
    <p0826-teimww:isMentionedIn>
      <p0826-teimww:passage knoraType="link_value" linkType="ref" target="ww_976112185f0aef52"/>
    </p0826-teimww:isMentionedIn>
    <p0826-teimww:occursIn>
      <p0826-teimww:book knoraType="link_value" linkType="ref" target="ww_1bfa3812390e9c05"/>
    </p0826-teimww:occursIn>
    <p0826-teimww:wasContributedBy>
      <p0826-teimww:person knoraType="link_value" linkType="ref" target="ww_b604df587d93b768"/>
    </p0826-teimww:wasContributedBy>
  </p0826-teimww:passage>
  <p0826-teimww:passage id="ww_5272aec6907291f8">
    <knoraXmlImport:label>passage</knoraXmlImport:label>
    <p0826-teimww:contains>
      <p0826-teimww:lexia knoraType="link_value" linkType="ref" target="ww_ccec431c590a31d4"/>
    </p0826-teimww:contains>
    <p0826-teimww:hasPage knoraType="richtext_value">N.p.; act 3, scene 1, lines 320-321 [normalized spelling].</p0826-teimww:hasPage>
    <p0826-teimww:hasPageHist knoraType="richtext_value">N.p.; act 3, scene 1, lines 320-321.</p0826-teimww:hasPageHist>
    <p0826-teimww:hasText knoraType="richtext_value">[Henry:] His hands are ominous, &lt;span class="quote"&gt;not the throats of Ravens, &lt;br&gt;
Spent on infected house &lt;/span&gt;[...].</p0826-teimww:hasText>
    <p0826-teimww:hasTextHist knoraType="richtext_value">[Henry:] His hants are omenous, not the throtes of Rauens, &lt;br&gt;
Spent on infected house [...].</p0826-teimww:hasTextHist>
    <p0826-teimww:isMentionedIn>
      <p0826-teimww:passage knoraType="link_value" linkType="ref" target="ww_671e14e12dcd3674"/>
    </p0826-teimww:isMentionedIn>
    <p0826-teimww:occursIn>
      <p0826-teimww:book knoraType="link_value" linkType="ref" target="ww_606a583dffc5ec3a"/>
    </p0826-teimww:occursIn>
    <p0826-teimww:wasContributedBy>
      <p0826-teimww:person knoraType="link_value" linkType="ref" target="ww_7f35f6802efd910d"/>
    </p0826-teimww:wasContributedBy>
  </p0826-teimww:passage>
  <p0826-teimww:passage id="ww_541b77de7b605006">
    <knoraXmlImport:label>passage</knoraXmlImport:label>
    <p0826-teimww:contains>
      <p0826-teimww:lexia knoraType="link_value" linkType="ref" target="ww_13ff24d1b72f312e"/>
    </p0826-teimww:contains>
    <p0826-teimww:hasPage knoraType="richtext_value">N.p.; act 4, scene 1, line 30 [normalised spelling].</p0826-teimww:hasPage>
    <p0826-teimww:hasPageHist knoraType="richtext_value">N.p.; act 4, scene 1, line 30.</p0826-teimww:hasPageHist>
    <p0826-teimww:hasText knoraType="richtext_value">[D’Auvergne:] &lt;span class="quote"&gt;No more viewed than the wallet of their faults.&lt;/span&gt;</p0826-teimww:hasText>
    <p0826-teimww:hasTextHist knoraType="richtext_value">[D’Auvergne:] No more viewd then the wallet of their faults.</p0826-teimww:hasTextHist>
    <p0826-teimww:isMentionedIn>
      <p0826-teimww:passage knoraType="link_value" linkType="ref" target="ww_671e14e12dcd3674"/>
    </p0826-teimww:isMentionedIn>
    <p0826-teimww:occursIn>
      <p0826-teimww:book knoraType="link_value" linkType="ref" target="ww_606a583dffc5ec3a"/>
    </p0826-teimww:occursIn>
    <p0826-teimww:wasContributedBy>
      <p0826-teimww:person knoraType="link_value" linkType="ref" target="ww_7f35f6802efd910d"/>
    </p0826-teimww:wasContributedBy>
  </p0826-teimww:passage>
  <p0826-teimww:passage id="ww_55131ad18e9734d6">
    <knoraXmlImport:label>passage</knoraXmlImport:label>
    <p0826-teimww:contains>
      <p0826-teimww:lexia knoraType="link_value" linkType="ref" target="ww_8d783e64558a1165"/>
    </p0826-teimww:contains>
    <p0826-teimww:hasPage knoraType="richtext_value">N.p.; act 4, scene 1.</p0826-teimww:hasPage>
    <p0826-teimww:hasPageHist knoraType="richtext_value">N.p.; act 4, scene 1.</p0826-teimww:hasPageHist>
    <p0826-teimww:hasText knoraType="richtext_value">[Captain:] And to make this no less than an Ostent; &lt;br&gt;
Another that hath fortun'd since, confirms it:  &lt;br&gt;
Your &lt;span class="quote"&gt;goodly horse &lt;i&gt; Pastrana&lt;/i&gt;&lt;/span&gt; , which the Archduke, &lt;br&gt;
Gave you at Brussels; in the very hour,  &lt;br&gt;
You left your strength, fell mad, and killed himself; &lt;br&gt; 
The like chanc'd to the horse the great duke sent you: &lt;br&gt;
And, with both these, the horse the duke of Lorraine, &lt;br&gt;
Sent you at, &lt;i&gt; Vimie &lt;/i&gt; made a third presage, [...] &lt;br&gt;
Who like the other pin'd away and died. &lt;br&gt;
[Byron:] [...]The matchless Earl of &lt;i&gt; Essex &lt;/i&gt; who some make, &lt;br&gt;
(In their most sure divinings of my death) &lt;br&gt;
A parallel with me in life and fortune, &lt;br&gt;
Had one horse likewise that the very hour, &lt;br&gt; 
He sufferd death, (being well the night before) &lt;br&gt;
Died in his pasture.</p0826-teimww:hasText>
    <p0826-teimww:hasTextHist knoraType="richtext_value">[Captain:] And to make this no lesse then an Oftent; &lt;br&gt;
Another that hath fortun'd since, confirmes it:  &lt;br&gt;
Your goodly horse &lt;i&gt; Pastrana &lt;/i&gt; , which the Archduke, &lt;br&gt;
Gaue you at Bruxells; in the very houre,  &lt;br&gt;
You left your strength, fel-mad, and kild himselfe; &lt;br&gt; 
The like chanc't to the horse the great duke sent you: &lt;br&gt;
And, with both these, the horse the duke of Lorraine, &lt;br&gt;
Sent you at, &lt;i&gt; Vimie &lt;/i&gt; made a third presage, [...] &lt;br&gt;
Who like the other pin'd away and died. &lt;br&gt;
[Byron:] [...]The matchlesse Earle of &lt;i&gt; Essex &lt;/i&gt; who some make, &lt;br&gt;
(In their most sure diuinings of my death) &lt;br&gt;
A parallell with me in life and fortune, &lt;br&gt;
Had one horse like-wise that the very howre, &lt;br&gt; 
He sufferd death, (being well the night before) &lt;br&gt;
Died in his pasture.</p0826-teimww:hasTextHist>
    <p0826-teimww:isMentionedIn>
      <p0826-teimww:passage knoraType="link_value" linkType="ref" target="ww_76c993cc32febb2f"/>
    </p0826-teimww:isMentionedIn>
    <p0826-teimww:occursIn>
      <p0826-teimww:book knoraType="link_value" linkType="ref" target="ww_a95fc6769d25de8a"/>
    </p0826-teimww:occursIn>
    <p0826-teimww:wasContributedBy>
      <p0826-teimww:person knoraType="link_value" linkType="ref" target="ww_b604df587d93b768"/>
    </p0826-teimww:wasContributedBy>
  </p0826-teimww:passage>
  <p0826-teimww:passage id="ww_149747e5a4fee840">
    <knoraXmlImport:label>passage</knoraXmlImport:label>
    <p0826-teimww:contains>
      <p0826-teimww:lexia knoraType="link_value" linkType="ref" target="ww_1ca0304ea93350bc"/>
    </p0826-teimww:contains>
    <p0826-teimww:hasPage knoraType="richtext_value">N.p.; act 4 [normalized spelling].</p0826-teimww:hasPage>
    <p0826-teimww:hasPageHist knoraType="richtext_value">N.p.; act 4.</p0826-teimww:hasPageHist>
    <p0826-teimww:hasText knoraType="richtext_value">[William Smallshank:] [...] Hark, &lt;span class="quote"&gt;he stirreth not, he moveth not, he waggeth not&lt;/span&gt; [...].</p0826-teimww:hasText>
    <p0826-teimww:hasTextHist knoraType="richtext_value">[William Smallshank:] [...] &lt;span class="quote"&gt;Harke, he stirreth not, he moueth not, he waggeth not&lt;/span&gt; [...].</p0826-teimww:hasTextHist>
    <p0826-teimww:isMentionedIn>
      <p0826-teimww:passage knoraType="link_value" linkType="ref" target="ww_e7a031ec48631853"/>
    </p0826-teimww:isMentionedIn>
    <p0826-teimww:occursIn>
      <p0826-teimww:book knoraType="link_value" linkType="ref" target="ww_d07c9febda3841a4"/>
    </p0826-teimww:occursIn>
    <p0826-teimww:wasContributedBy>
      <p0826-teimww:person knoraType="link_value" linkType="ref" target="ww_b604df587d93b768"/>
    </p0826-teimww:wasContributedBy>
  </p0826-teimww:passage>
  <p0826-teimww:passage id="ww_e7a031ec48631853">
    <knoraXmlImport:label>passage</knoraXmlImport:label>
    <p0826-teimww:occursIn>
      <p0826-teimww:book knoraType="link_value" linkType="ref" target="ww_1140c36ab545b6d8"/>
    </p0826-teimww:occursIn>
  </p0826-teimww:passage>
  <p0826-teimww:passage id="ww_5117f9d49cebe179">
    <knoraXmlImport:label>passage</knoraXmlImport:label>
    <p0826-teimww:contains>
      <p0826-teimww:lexia knoraType="link_value" linkType="ref" target="ww_65b0a7f3fc074254"/>
    </p0826-teimww:contains>
    <p0826-teimww:hasPage knoraType="richtext_value">Act 4, scene 1, lines 1-2.</p0826-teimww:hasPage>
    <p0826-teimww:hasText knoraType="richtext_value">[Coriolanus:] [...]&lt;span class="quote"&gt; The beast &lt;br/&gt;
With many heads &lt;/span&gt;butts me away.</p0826-teimww:hasText>
    <p0826-teimww:isMentionedIn>
      <p0826-teimww:passage knoraType="link_value" linkType="ref" target="ww_2d220c91df09af6a"/>
    </p0826-teimww:isMentionedIn>
    <p0826-teimww:occursIn>
      <p0826-teimww:book knoraType="link_value" linkType="ref" target="ww_1bfa3812390e9c05"/>
    </p0826-teimww:occursIn>
    <p0826-teimww:wasContributedBy>
      <p0826-teimww:person knoraType="link_value" linkType="ref" target="ww_b604df587d93b768"/>
    </p0826-teimww:wasContributedBy>
  </p0826-teimww:passage>
  <p0826-teimww:passage id="ww_4efd8b6f8e9994fe">
    <knoraXmlImport:label>passage</knoraXmlImport:label>
    <p0826-teimww:contains>
      <p0826-teimww:lexia knoraType="link_value" linkType="ref" target="ww_441d448df02e5770"/>
    </p0826-teimww:contains>
    <p0826-teimww:hasPage knoraType="richtext_value">124; act 4, scene 2, lines 109-110 [normalized spelling].</p0826-teimww:hasPage>
    <p0826-teimww:hasPageHist knoraType="richtext_value">124; act 4, scene 2, lines 109-110.</p0826-teimww:hasPageHist>
    <p0826-teimww:hasText knoraType="richtext_value">[Captain Pout:] Oh, now &lt;span class="quote"&gt;I understand you, and you stand over me, &lt;br&gt;&lt;/span&gt;
My hurts are not mortal, but you have the better [...].</p0826-teimww:hasText>
    <p0826-teimww:hasTextHist knoraType="richtext_value">[Captain Pout:] Oh, now I vnderstand you, and you stand ouer me, &lt;br&gt;
My hurts are not mortal, but you haue the better [...].</p0826-teimww:hasTextHist>
    <p0826-teimww:isMentionedIn>
      <p0826-teimww:passage knoraType="link_value" linkType="ref" target="ww_0686e603ba0c9e27"/>
    </p0826-teimww:isMentionedIn>
    <p0826-teimww:occursIn>
      <p0826-teimww:book knoraType="link_value" linkType="ref" target="ww_6e666f6effc63da3"/>
    </p0826-teimww:occursIn>
    <p0826-teimww:wasContributedBy>
      <p0826-teimww:person knoraType="link_value" linkType="ref" target="ww_c4063e9c72a3ffd2"/>
    </p0826-teimww:wasContributedBy>
  </p0826-teimww:passage>
  <p0826-teimww:passage id="ww_0686e603ba0c9e27">
    <knoraXmlImport:label>passage</knoraXmlImport:label>
    <p0826-teimww:occursIn>
      <p0826-teimww:book knoraType="link_value" linkType="ref" target="ww_b5ea9b35c899d367"/>
    </p0826-teimww:occursIn>
  </p0826-teimww:passage>
  <p0826-teimww:passage id="ww_3520dc49cd6ec6b7">
    <knoraXmlImport:label>passage</knoraXmlImport:label>
    <p0826-teimww:contains>
      <p0826-teimww:lexia knoraType="link_value" linkType="ref" target="ww_df1d986345dc16be"/>
    </p0826-teimww:contains>
    <p0826-teimww:hasPage knoraType="richtext_value">81; act 1, scene 2, lines 146-147 [normalized spelling].</p0826-teimww:hasPage>
    <p0826-teimww:hasPageHist knoraType="richtext_value">81; act 1, scene 2, lines 146-147.</p0826-teimww:hasPageHist>
    <p0826-teimww:hasText knoraType="richtext_value">[Captain Pout:] But did &lt;span class="quote"&gt;that little, old dried Neat's tongue, that Eel-skin &lt;/span&gt;get him?</p0826-teimww:hasText>
    <p0826-teimww:hasTextHist knoraType="richtext_value">[Captain Pout:] But did that little, old dri'de Neats tongue, that Eele-skin get him?</p0826-teimww:hasTextHist>
    <p0826-teimww:isMentionedIn>
      <p0826-teimww:passage knoraType="link_value" linkType="ref" target="ww_dcfa75a19a0753fb"/>
    </p0826-teimww:isMentionedIn>
    <p0826-teimww:occursIn>
      <p0826-teimww:book knoraType="link_value" linkType="ref" target="ww_6e666f6effc63da3"/>
    </p0826-teimww:occursIn>
    <p0826-teimww:wasContributedBy>
      <p0826-teimww:person knoraType="link_value" linkType="ref" target="ww_c4063e9c72a3ffd2"/>
    </p0826-teimww:wasContributedBy>
  </p0826-teimww:passage>
  <p0826-teimww:passage id="ww_dcfa75a19a0753fb">
    <knoraXmlImport:label>passage</knoraXmlImport:label>
    <p0826-teimww:occursIn>
      <p0826-teimww:book knoraType="link_value" linkType="ref" target="ww_b5ea9b35c899d367"/>
    </p0826-teimww:occursIn>
  </p0826-teimww:passage>
  <p0826-teimww:passage id="ww_d4b1fde1f4983c59">
    <knoraXmlImport:label>passage</knoraXmlImport:label>
    <p0826-teimww:contains>
      <p0826-teimww:lexia knoraType="link_value" linkType="ref" target="ww_e7a68add09eba3e1"/>
    </p0826-teimww:contains>
    <p0826-teimww:hasPage knoraType="richtext_value">78; act 1, scene 2, lines 52-54 [normalized spelling].</p0826-teimww:hasPage>
    <p0826-teimww:hasPageHist knoraType="richtext_value">78; act 1, scene 2, lines 52-54.</p0826-teimww:hasPageHist>
    <p0826-teimww:hasText knoraType="richtext_value">[Pendant:] &lt;span class="quote"&gt;Nature herself having made you, fell sick&lt;br&gt;
In love with her own work, &lt;/span&gt;and can no more &lt;br&gt;
Make man so lovely, being diseased with love. </p0826-teimww:hasText>
    <p0826-teimww:hasTextHist knoraType="richtext_value">[Pendant:] Nature her selfe hauing made you, fell sicke &lt;br&gt;
In loue with her owne worke, and can no more &lt;br&gt;
Make man so louelie, being diesasd with loue. </p0826-teimww:hasTextHist>
    <p0826-teimww:isMentionedIn>
      <p0826-teimww:passage knoraType="link_value" linkType="ref" target="ww_a301aa3e63d4667b"/>
    </p0826-teimww:isMentionedIn>
    <p0826-teimww:isMentionedIn>
      <p0826-teimww:passage knoraType="link_value" linkType="ref" target="ww_0a6bdce660280081"/>
    </p0826-teimww:isMentionedIn>
    <p0826-teimww:occursIn>
      <p0826-teimww:book knoraType="link_value" linkType="ref" target="ww_6e666f6effc63da3"/>
    </p0826-teimww:occursIn>
    <p0826-teimww:wasContributedBy>
      <p0826-teimww:person knoraType="link_value" linkType="ref" target="ww_c4063e9c72a3ffd2"/>
    </p0826-teimww:wasContributedBy>
  </p0826-teimww:passage>
  <p0826-teimww:passage id="ww_0a6bdce660280081">
    <knoraXmlImport:label>passage</knoraXmlImport:label>
    <p0826-teimww:occursIn>
      <p0826-teimww:book knoraType="link_value" linkType="ref" target="ww_b5ea9b35c899d367"/>
    </p0826-teimww:occursIn>
  </p0826-teimww:passage>
  <p0826-teimww:passage id="ww_a301aa3e63d4667b">
    <knoraXmlImport:label>passage</knoraXmlImport:label>
    <p0826-teimww:occursIn>
      <p0826-teimww:book knoraType="link_value" linkType="ref" target="ww_df2b8c2f18df151a"/>
    </p0826-teimww:occursIn>
  </p0826-teimww:passage>
  <p0826-teimww:passage id="ww_e22040576cc23978">
    <knoraXmlImport:label>passage</knoraXmlImport:label>
    <p0826-teimww:contains>
      <p0826-teimww:lexia knoraType="link_value" linkType="ref" target="ww_2dfdc9608ab7476a"/>
    </p0826-teimww:contains>
    <p0826-teimww:hasPage knoraType="richtext_value">69; "To the Reader" [normalized spelling].</p0826-teimww:hasPage>
    <p0826-teimww:hasPageHist knoraType="richtext_value">69; "To the Reader".</p0826-teimww:hasPageHist>
    <p0826-teimww:hasText knoraType="richtext_value">For I tell thee Reader, if thou be'st ignorant, a Play is not so idle a thing as thou art, but  perfect or imperfect, true or false, &lt;span class="quote"&gt;a Mirror of men's lives&lt;/span&gt; and actions: now, be it perfect or imperfect, true or false, is the Vice or Virtue of the Maker.</p0826-teimww:hasText>
    <p0826-teimww:hasTextHist knoraType="richtext_value">For I tell thee Reader, if thou bee'st ignorant, a Play is not so ydle a thing as thou art, but  perfect or imperfect, true or false, &lt;span class="quote"&gt;a Mirrour of mens liues&lt;/span&gt; and actions: now, be it perfect or imperfect, true or false, is the Vice or Vertue of the Maker.</p0826-teimww:hasTextHist>
    <p0826-teimww:isMentionedIn>
      <p0826-teimww:passage knoraType="link_value" linkType="ref" target="ww_1d69f49a88103898"/>
    </p0826-teimww:isMentionedIn>
    <p0826-teimww:occursIn>
      <p0826-teimww:book knoraType="link_value" linkType="ref" target="ww_6e666f6effc63da3"/>
    </p0826-teimww:occursIn>
    <p0826-teimww:wasContributedBy>
      <p0826-teimww:person knoraType="link_value" linkType="ref" target="ww_b05ab3db9fd9054a"/>
    </p0826-teimww:wasContributedBy>
  </p0826-teimww:passage>
  <p0826-teimww:passage id="ww_1d69f49a88103898">
    <knoraXmlImport:label>passage</knoraXmlImport:label>
    <p0826-teimww:occursIn>
      <p0826-teimww:book knoraType="link_value" linkType="ref" target="ww_b5ea9b35c899d367"/>
    </p0826-teimww:occursIn>
  </p0826-teimww:passage>
  <p0826-teimww:passage id="ww_3cb51ae0bb91f89b">
    <knoraXmlImport:label>passage</knoraXmlImport:label>
    <p0826-teimww:contains>
      <p0826-teimww:lexia knoraType="link_value" linkType="ref" target="ww_f49190e4adda0f93"/>
    </p0826-teimww:contains>
    <p0826-teimww:hasPage knoraType="richtext_value">N.p.; preface [normalized spelling].</p0826-teimww:hasPage>
    <p0826-teimww:hasPageHist knoraType="richtext_value">N.p.; preface.</p0826-teimww:hasPageHist>
    <p0826-teimww:hasText knoraType="richtext_value">Likewise most affable Lady, kind and debonair, the second of the first which I saucely salute, pardon I pray you the boldness of a Beggar, who&lt;span class="quote"&gt; hath been writ down for an Ass &lt;/span&gt;in his time, &amp; pleads under &lt;i&gt;forma pauperis&lt;/i&gt; in it still, notwithstanding his Constableship and Office. </p0826-teimww:hasText>
    <p0826-teimww:hasTextHist knoraType="richtext_value">Likewise most affable Lady, kind and debonaire, the second of the first which I sawcily salute, pardon I pray you the boldness of a Begger, who hath been writ down for an Asse in his time, &amp; pleades under &lt;i&gt;forma pauperis&lt;/i&gt; in it still, not-withstanding his Constableship and Office. </p0826-teimww:hasTextHist>
    <p0826-teimww:isMentionedIn>
      <p0826-teimww:passage knoraType="link_value" linkType="ref" target="ww_d41392c82e4c19c8"/>
    </p0826-teimww:isMentionedIn>
    <p0826-teimww:occursIn>
      <p0826-teimww:book knoraType="link_value" linkType="ref" target="ww_845605cc93b1ec3d"/>
    </p0826-teimww:occursIn>
    <p0826-teimww:wasContributedBy>
      <p0826-teimww:person knoraType="link_value" linkType="ref" target="ww_b604df587d93b768"/>
    </p0826-teimww:wasContributedBy>
  </p0826-teimww:passage>
  <p0826-teimww:passage id="ww_d41392c82e4c19c8">
    <knoraXmlImport:label>passage</knoraXmlImport:label>
    <p0826-teimww:occursIn>
      <p0826-teimww:book knoraType="link_value" linkType="ref" target="ww_1140c36ab545b6d8"/>
    </p0826-teimww:occursIn>
  </p0826-teimww:passage>
  <p0826-teimww:passage id="ww_a11cc2607573a541">
    <knoraXmlImport:label>passage</knoraXmlImport:label>
    <p0826-teimww:contains>
      <p0826-teimww:lexia knoraType="link_value" linkType="ref" target="ww_e0e6acc72ee793b0"/>
    </p0826-teimww:contains>
    <p0826-teimww:contains>
      <p0826-teimww:lexia knoraType="link_value" linkType="ref" target="ww_a140a69e9f055e15"/>
    </p0826-teimww:contains>
    <p0826-teimww:contains>
      <p0826-teimww:lexia knoraType="link_value" linkType="ref" target="ww_cfe85afbae533828"/>
    </p0826-teimww:contains>
    <p0826-teimww:hasPage knoraType="richtext_value">107-109; act 3, scene 2, lines 105-176 [normalized spelling].</p0826-teimww:hasPage>
    <p0826-teimww:hasPageHist knoraType="richtext_value">107-109; act 3, scene 2, lines 105-176.</p0826-teimww:hasPageHist>
    <p0826-teimww:hasText knoraType="richtext_value">[Scudamore:] I am come to speak, &lt;br&gt;
and speak I will freely, and to bring back&lt;br&gt;
Your Letters, and such things you sent; and then, &lt;br&gt;
I'll never see those deceiving eyes again. &lt;br&gt;
[Bellafront:] &lt;span class="quote"&gt;I am sick of my corruption&lt;/span&gt;, &lt;br&gt;
For God's sake do not speak a word more to me. &lt;br&gt;
[Scudamore:] Not speak, yes woman, I will roar aloud, &lt;br&gt;
Call thee the falsest fair that ever breathed, &lt;br&gt;
Tell thee, that in this marriage, thou hast drowned &lt;br&gt;
All virtue, left to credit thy weak sex, &lt;br&gt;
which being (as t'were) committed to thy trust, &lt;br&gt;
Thou traitorously hast betrayed it thus. [...] &lt;br&gt;
[Bellafront:] &lt;span class="quote"&gt;Oh peace, for you speak sharpness to my soul &lt;br&gt;&lt;/span&gt;
More tortuous, than hell's plagues to the damned […]. &lt;br&gt;
[...] &lt;span class="quote"&gt;Oh thy dear words have knocked at my heart's gates, &lt;br&gt;
and entered: They have plucked the Devil's Vizor &lt;/span&gt;[...].</p0826-teimww:hasText>
    <p0826-teimww:hasTextHist knoraType="richtext_value">[Scudmore:] I am come to speake, &lt;br&gt;
and speake I will freely, and to bring backe &lt;br&gt;
Your Letters, and such things you sent; and then, &lt;br&gt;
Ile nere see those deceiuing eyes agen. &lt;br&gt;
[Bellafront:] &lt;span class="quote"&gt;I am sicke of my corruption, &lt;br&gt;
For Godsake do not speake a word more to me. &lt;br&gt;&lt;/span&gt;
[Scudmore:] Not speake, yes woman, I will rore a lowd, &lt;br&gt;
Call thee the falsest faire that euer breath'd, &lt;br&gt;
Tell thee, that in this marriage, thou hast drown'd &lt;br&gt;
All vertue, left to credit thy weake sex, &lt;br&gt;
which being (as t'were) committed to thy trust, &lt;br&gt;
Thou traiterously hast betraid it thus. [...] &lt;br&gt;
[Bellafront:] &lt;span class="quote"&gt;Oh peace, for you speake sharpnesse to my soule &lt;br&gt;&lt;/span&gt;
More tortuious, then hels plagues to the damn'd […]. &lt;br&gt;
[...] &lt;span class="quote"&gt;Oh thy deare words haue knockt at my harts gates, &lt;br&gt;
and entred: They haue pluckt the Diuels Vizard. &lt;/span&gt;</p0826-teimww:hasTextHist>
    <p0826-teimww:isMentionedIn>
      <p0826-teimww:passage knoraType="link_value" linkType="ref" target="ww_a160e80e730e8411"/>
    </p0826-teimww:isMentionedIn>
    <p0826-teimww:isMentionedIn>
      <p0826-teimww:passage knoraType="link_value" linkType="ref" target="ww_32bcc10bf46943c2"/>
    </p0826-teimww:isMentionedIn>
    <p0826-teimww:isMentionedIn>
      <p0826-teimww:passage knoraType="link_value" linkType="ref" target="ww_21e104c1f47f901f"/>
    </p0826-teimww:isMentionedIn>
    <p0826-teimww:occursIn>
      <p0826-teimww:book knoraType="link_value" linkType="ref" target="ww_6e666f6effc63da3"/>
    </p0826-teimww:occursIn>
    <p0826-teimww:wasContributedBy>
      <p0826-teimww:person knoraType="link_value" linkType="ref" target="ww_c4063e9c72a3ffd2"/>
    </p0826-teimww:wasContributedBy>
  </p0826-teimww:passage>
  <p0826-teimww:passage id="ww_32bcc10bf46943c2">
    <knoraXmlImport:label>passage</knoraXmlImport:label>
    <p0826-teimww:occursIn>
      <p0826-teimww:book knoraType="link_value" linkType="ref" target="ww_b5ea9b35c899d367"/>
    </p0826-teimww:occursIn>
  </p0826-teimww:passage>
  <p0826-teimww:passage id="ww_21e104c1f47f901f">
    <knoraXmlImport:label>passage</knoraXmlImport:label>
    <p0826-teimww:occursIn>
      <p0826-teimww:book knoraType="link_value" linkType="ref" target="ww_e256bd14313d2841"/>
    </p0826-teimww:occursIn>
  </p0826-teimww:passage>
  <p0826-teimww:passage id="ww_a160e80e730e8411">
    <knoraXmlImport:label>passage</knoraXmlImport:label>
    <p0826-teimww:occursIn>
      <p0826-teimww:book knoraType="link_value" linkType="ref" target="ww_df2b8c2f18df151a"/>
    </p0826-teimww:occursIn>
  </p0826-teimww:passage>
  <p0826-teimww:passage id="ww_6d8b7297e9f60417">
    <knoraXmlImport:label>passage</knoraXmlImport:label>
    <p0826-teimww:contains>
      <p0826-teimww:lexia knoraType="link_value" linkType="ref" target="ww_f14c7f50b76b90d7"/>
    </p0826-teimww:contains>
    <p0826-teimww:hasPage knoraType="richtext_value">112; act 5, scene 2, lines 112-117 [normalized spelling].</p0826-teimww:hasPage>
    <p0826-teimww:hasPageHist knoraType="richtext_value">112; act 5, scene 2, lines 112-117.</p0826-teimww:hasPageHist>
    <p0826-teimww:hasText knoraType="richtext_value">[Captain:] I see now how I am cheated. Love him well; &lt;br&gt;
He has redeem'd your honour with his sword, &lt;br&gt;
[Sir John Worldly:] But where is &lt;i&gt;Strange&lt;/i&gt;, my son, oh were he here,&lt;br&gt;
He should be married new to make all sure.&lt;br&gt;
[Katherine:] &lt;span class="quote"&gt;Oh, my Divining Spirit&lt;/span&gt;, he's gone to Sea!</p0826-teimww:hasText>
    <p0826-teimww:hasTextHist knoraType="richtext_value">[Captain:] I see now how I am cheated. Loue him well; &lt;br&gt;
He has redeem'd your honour with his sword, &lt;br&gt;
[Sir John Worldly:] But where is &lt;i&gt;Strange&lt;/i&gt;, my sonne, oh were he heer,&lt;br&gt;
He should be married new to make all sure.&lt;br&gt;
[Katherine:] &lt;span class="quote"&gt;Oh, my Diuining Spirit&lt;/span&gt;, hee's gone to Sea!</p0826-teimww:hasTextHist>
    <p0826-teimww:isMentionedIn>
      <p0826-teimww:passage knoraType="link_value" linkType="ref" target="ww_bed193f7f05ad03c"/>
    </p0826-teimww:isMentionedIn>
    <p0826-teimww:occursIn>
      <p0826-teimww:book knoraType="link_value" linkType="ref" target="ww_6e666f6effc63da3"/>
    </p0826-teimww:occursIn>
    <p0826-teimww:wasContributedBy>
      <p0826-teimww:person knoraType="link_value" linkType="ref" target="ww_c4063e9c72a3ffd2"/>
    </p0826-teimww:wasContributedBy>
  </p0826-teimww:passage>
  <p0826-teimww:passage id="ww_bed193f7f05ad03c">
    <knoraXmlImport:label>passage</knoraXmlImport:label>
    <p0826-teimww:occursIn>
      <p0826-teimww:book knoraType="link_value" linkType="ref" target="ww_b5ea9b35c899d367"/>
    </p0826-teimww:occursIn>
  </p0826-teimww:passage>
  <p0826-teimww:passage id="ww_34e29a7ae0642315">
    <knoraXmlImport:label>passage</knoraXmlImport:label>
    <p0826-teimww:contains>
      <p0826-teimww:lexia knoraType="link_value" linkType="ref" target="ww_fd7a7631bdc63ea6"/>
    </p0826-teimww:contains>
    <p0826-teimww:hasPage knoraType="richtext_value">107; act 3, scene 2, lines 96-102 [normalized spelling].</p0826-teimww:hasPage>
    <p0826-teimww:hasPageHist knoraType="richtext_value">107; act 3, scene 2, lines 96-102.</p0826-teimww:hasPageHist>
    <p0826-teimww:hasText knoraType="richtext_value">[Bellafront:] Oh Basilisk, remove thee from my sight, &lt;br&gt;
Or thy heart's blood shall pay thy rash attempt. &lt;br&gt;
&lt;span class="quote"&gt;Ho, Who attends us there? &lt;/span&gt;&lt;br&gt;
[Scudmore:] Stir not a foot, &lt;br&gt;
And stop your clamorous acclamations, &lt;br&gt;
Or by the bitterness of my fresh wrongs, &lt;br&gt;
I'll send your Ladyship to the Devil quick [...].</p0826-teimww:hasText>
    <p0826-teimww:hasTextHist knoraType="richtext_value">[Bellafront:] Oh Basiliske, remooue thee from my sight, &lt;br&gt;
Or thy harts bloud shall pay thy rash attempt. &lt;br&gt;
&lt;span class="quote"&gt;Ho, Who attends vs there? &lt;/span&gt;&lt;br&gt;
[Scudmore:] Stirre not a foote, &lt;br&gt;
And stop your clamorous acclamations, &lt;br&gt;
Or by the bitternesse of my fresh wrongs, &lt;br&gt;
Ile send your Ladiship to the Deuill quicke; [...].</p0826-teimww:hasTextHist>
    <p0826-teimww:isMentionedIn>
      <p0826-teimww:passage knoraType="link_value" linkType="ref" target="ww_1ea47377dc699062"/>
    </p0826-teimww:isMentionedIn>
    <p0826-teimww:occursIn>
      <p0826-teimww:book knoraType="link_value" linkType="ref" target="ww_6e666f6effc63da3"/>
    </p0826-teimww:occursIn>
    <p0826-teimww:wasContributedBy>
      <p0826-teimww:person knoraType="link_value" linkType="ref" target="ww_c4063e9c72a3ffd2"/>
    </p0826-teimww:wasContributedBy>
  </p0826-teimww:passage>
  <p0826-teimww:passage id="ww_1ea47377dc699062">
    <knoraXmlImport:label>passage</knoraXmlImport:label>
    <p0826-teimww:occursIn>
      <p0826-teimww:book knoraType="link_value" linkType="ref" target="ww_b5ea9b35c899d367"/>
    </p0826-teimww:occursIn>
  </p0826-teimww:passage>
  <p0826-teimww:passage id="ww_6cd0e827dbdd03f0">
    <knoraXmlImport:label>passage</knoraXmlImport:label>
    <p0826-teimww:contains>
      <p0826-teimww:lexia knoraType="link_value" linkType="ref" target="ww_bf6eee0879c63eb0"/>
    </p0826-teimww:contains>
    <p0826-teimww:hasPage knoraType="richtext_value">103; act 2, scene 2, lines 116-118 [normalized spelling].</p0826-teimww:hasPage>
    <p0826-teimww:hasPageHist knoraType="richtext_value">103; act 2, scene 2, lines 116-118.</p0826-teimww:hasPageHist>
    <p0826-teimww:hasText knoraType="richtext_value">[Wagtail:] Why, what amends will you make me, can you give me &lt;span class="quote"&gt;some sum of money to marry me to some Tradesman, &lt;/span&gt;as the play says?</p0826-teimww:hasText>
    <p0826-teimww:hasTextHist knoraType="richtext_value">[Wagtail:] Why, what mends will you make me, can you giue me some sum of money to marrie me to some Tradesman, as the play saies?</p0826-teimww:hasTextHist>
    <p0826-teimww:isMentionedIn>
      <p0826-teimww:passage knoraType="link_value" linkType="ref" target="ww_cd00b1650af5f9f0"/>
    </p0826-teimww:isMentionedIn>
    <p0826-teimww:occursIn>
      <p0826-teimww:book knoraType="link_value" linkType="ref" target="ww_6e666f6effc63da3"/>
    </p0826-teimww:occursIn>
    <p0826-teimww:wasContributedBy>
      <p0826-teimww:person knoraType="link_value" linkType="ref" target="ww_c4063e9c72a3ffd2"/>
    </p0826-teimww:wasContributedBy>
  </p0826-teimww:passage>
  <p0826-teimww:passage id="ww_cd00b1650af5f9f0">
    <knoraXmlImport:label>passage</knoraXmlImport:label>
    <p0826-teimww:occursIn>
      <p0826-teimww:book knoraType="link_value" linkType="ref" target="ww_df2b8c2f18df151a"/>
    </p0826-teimww:occursIn>
  </p0826-teimww:passage>
  <p0826-teimww:passage id="ww_34090a8a24eb1ef3">
    <knoraXmlImport:label>passage</knoraXmlImport:label>
    <p0826-teimww:contains>
      <p0826-teimww:lexia knoraType="link_value" linkType="ref" target="ww_67aaba33e755aedd"/>
    </p0826-teimww:contains>
    <p0826-teimww:hasPage knoraType="richtext_value">124; act 4, scene 2, lines 119-120 [normalized spelling].</p0826-teimww:hasPage>
    <p0826-teimww:hasPageHist knoraType="richtext_value">124; act 4, scene 2, lines 119-120.</p0826-teimww:hasPageHist>
    <p0826-teimww:hasText knoraType="richtext_value">[Captain Pout:] God-a-mercy, zounds, &lt;span class="quote"&gt;methinks I see myself in &lt;i&gt;Moorfields&lt;/i&gt;, upon a wooden leg, begging threepence&lt;/span&gt;.</p0826-teimww:hasText>
    <p0826-teimww:hasTextHist knoraType="richtext_value">[Captain Pout:] Godamercy, zoones methinkes I see my selfe in &lt;i&gt;Moore-fields&lt;/i&gt;, vpon a wodden leg, begging three pence.</p0826-teimww:hasTextHist>
    <p0826-teimww:isMentionedIn>
      <p0826-teimww:passage knoraType="link_value" linkType="ref" target="ww_eccaf37502623616"/>
    </p0826-teimww:isMentionedIn>
    <p0826-teimww:isMentionedIn>
      <p0826-teimww:passage knoraType="link_value" linkType="ref" target="ww_95c2c07edb3547a0"/>
    </p0826-teimww:isMentionedIn>
    <p0826-teimww:occursIn>
      <p0826-teimww:book knoraType="link_value" linkType="ref" target="ww_6e666f6effc63da3"/>
    </p0826-teimww:occursIn>
    <p0826-teimww:wasContributedBy>
      <p0826-teimww:person knoraType="link_value" linkType="ref" target="ww_c4063e9c72a3ffd2"/>
    </p0826-teimww:wasContributedBy>
  </p0826-teimww:passage>
  <p0826-teimww:passage id="ww_eccaf37502623616">
    <knoraXmlImport:label>passage</knoraXmlImport:label>
    <p0826-teimww:occursIn>
      <p0826-teimww:book knoraType="link_value" linkType="ref" target="ww_df2b8c2f18df151a"/>
    </p0826-teimww:occursIn>
  </p0826-teimww:passage>
  <p0826-teimww:passage id="ww_95c2c07edb3547a0">
    <knoraXmlImport:label>passage</knoraXmlImport:label>
    <p0826-teimww:occursIn>
      <p0826-teimww:book knoraType="link_value" linkType="ref" target="ww_601ea37650b7df8c"/>
    </p0826-teimww:occursIn>
  </p0826-teimww:passage>
  <p0826-teimww:passage id="ww_dac7069d52e1a40d">
    <knoraXmlImport:label>passage</knoraXmlImport:label>
    <p0826-teimww:contains>
      <p0826-teimww:lexia knoraType="link_value" linkType="ref" target="ww_2fc47f4282e51a25"/>
    </p0826-teimww:contains>
    <p0826-teimww:contains>
      <p0826-teimww:lexia knoraType="link_value" linkType="ref" target="ww_e279aadcbde5fbe9"/>
    </p0826-teimww:contains>
    <p0826-teimww:hasPage knoraType="richtext_value">124; act 4, scene 3, lines 1-3 [normalized spelling].</p0826-teimww:hasPage>
    <p0826-teimww:hasPageHist knoraType="richtext_value">124; act 4, scene 3, lines 1-3.</p0826-teimww:hasPageHist>
    <p0826-teimww:hasText knoraType="richtext_value">[Pendant:] They say every woman has &lt;span class="quote"&gt;a Spring to catch a Woodcock, &lt;/span&gt;remember my instructions, and let me see &lt;span class="quote"&gt;what a Paradise thou canst bring this fool into.&lt;/span&gt;</p0826-teimww:hasText>
    <p0826-teimww:hasTextHist knoraType="richtext_value">[Pendant:] They say euerie woman has a Sprindge to catch a Wood-Cocke, remember my instructions, and let me see what a Paradice thou canst bring this foole into.</p0826-teimww:hasTextHist>
    <p0826-teimww:isMentionedIn>
      <p0826-teimww:passage knoraType="link_value" linkType="ref" target="ww_8bb549710708cfdc"/>
    </p0826-teimww:isMentionedIn>
    <p0826-teimww:occursIn>
      <p0826-teimww:book knoraType="link_value" linkType="ref" target="ww_6e666f6effc63da3"/>
    </p0826-teimww:occursIn>
    <p0826-teimww:wasContributedBy>
      <p0826-teimww:person knoraType="link_value" linkType="ref" target="ww_c4063e9c72a3ffd2"/>
    </p0826-teimww:wasContributedBy>
  </p0826-teimww:passage>
  <p0826-teimww:passage id="ww_8bb549710708cfdc">
    <knoraXmlImport:label>passage</knoraXmlImport:label>
    <p0826-teimww:occursIn>
      <p0826-teimww:book knoraType="link_value" linkType="ref" target="ww_df2b8c2f18df151a"/>
    </p0826-teimww:occursIn>
  </p0826-teimww:passage>
  <p0826-teimww:passage id="ww_4c282bee2e5f6e72">
    <knoraXmlImport:label>passage</knoraXmlImport:label>
    <p0826-teimww:contains>
      <p0826-teimww:lexia knoraType="link_value" linkType="ref" target="ww_6ac5c2ddb5712aa7"/>
    </p0826-teimww:contains>
    <p0826-teimww:hasPage knoraType="richtext_value">126; act 4, scene 3 [normalized spelling].</p0826-teimww:hasPage>
    <p0826-teimww:hasPageHist knoraType="richtext_value">126; act 4, scene 3.</p0826-teimww:hasPageHist>
    <p0826-teimww:hasText knoraType="richtext_value">[Mistress Wagtail:] &lt;span class="quote"&gt;Oh, thy very name,&lt;br&gt;
Like to a Hatchet cleaves my heart in twain,&lt;/span&gt;&lt;br&gt;
When first I saw thee in those little Breeches,&lt;br&gt;
I laugh'd for joy, but when I heard thy speeches,&lt;br&gt;
I smiled downright [...].</p0826-teimww:hasText>
    <p0826-teimww:hasTextHist knoraType="richtext_value">[Mistress Wagtail:] Oh, thy very name,&lt;br&gt;
Like to a Hatchet cleaues my heart in twaine,&lt;br&gt;
When first I saw thee in those little Breeches,&lt;br&gt;
I laugh'd for ioy, but when I heard thy speeches,&lt;br&gt;
I smil'd downe right [...].</p0826-teimww:hasTextHist>
    <p0826-teimww:isMentionedIn>
      <p0826-teimww:passage knoraType="link_value" linkType="ref" target="ww_8bb549710708cfdc"/>
    </p0826-teimww:isMentionedIn>
    <p0826-teimww:occursIn>
      <p0826-teimww:book knoraType="link_value" linkType="ref" target="ww_6e666f6effc63da3"/>
    </p0826-teimww:occursIn>
    <p0826-teimww:wasContributedBy>
      <p0826-teimww:person knoraType="link_value" linkType="ref" target="ww_c4063e9c72a3ffd2"/>
    </p0826-teimww:wasContributedBy>
  </p0826-teimww:passage>
  <p0826-teimww:passage id="ww_67ecca303d9f5404">
    <knoraXmlImport:label>passage</knoraXmlImport:label>
    <p0826-teimww:contains>
      <p0826-teimww:lexia knoraType="link_value" linkType="ref" target="ww_78dd56e56c96abad"/>
    </p0826-teimww:contains>
    <p0826-teimww:hasPage knoraType="richtext_value">104; act 5, scene1, line 59.</p0826-teimww:hasPage>
    <p0826-teimww:hasText knoraType="richtext_value">&lt;span class="quote"&gt;(A bed drawn forth with Rousard).&lt;/span&gt;</p0826-teimww:hasText>
    <p0826-teimww:isMentionedIn>
      <p0826-teimww:passage knoraType="link_value" linkType="ref" target="ww_588146b203d46c17"/>
    </p0826-teimww:isMentionedIn>
    <p0826-teimww:occursIn>
      <p0826-teimww:book knoraType="link_value" linkType="ref" target="ww_2d0eea6c7b8afc36"/>
    </p0826-teimww:occursIn>
    <p0826-teimww:wasContributedBy>
      <p0826-teimww:person knoraType="link_value" linkType="ref" target="ww_c4063e9c72a3ffd2"/>
    </p0826-teimww:wasContributedBy>
  </p0826-teimww:passage>
  <p0826-teimww:passage id="ww_ef68002ece256bad">
    <knoraXmlImport:label>passage</knoraXmlImport:label>
    <p0826-teimww:contains>
      <p0826-teimww:lexia knoraType="link_value" linkType="ref" target="ww_bc8b6c5ba7d7bbdc"/>
    </p0826-teimww:contains>
    <p0826-teimww:hasPage knoraType="richtext_value">107-108; act 5, scene 2, lines 17-21.</p0826-teimww:hasPage>
    <p0826-teimww:hasText knoraType="richtext_value">[Fresco:] Good my lord, her rent is great.&lt;br&gt;
The good gentlewoman has no other thing&lt;br&lt;
To live by her lodgings; so she's forc'd&lt;br&gt;
To let her fore-rooms out to others, and&lt;br&gt;
Herself contented &lt;span class="quote"&gt;to lie backwards.&lt;/span&gt;</p0826-teimww:hasText>
    <p0826-teimww:isMentionedIn>
      <p0826-teimww:passage knoraType="link_value" linkType="ref" target="ww_14df7eba1294d7a9"/>
    </p0826-teimww:isMentionedIn>
    <p0826-teimww:occursIn>
      <p0826-teimww:book knoraType="link_value" linkType="ref" target="ww_2d0eea6c7b8afc36"/>
    </p0826-teimww:occursIn>
    <p0826-teimww:wasContributedBy>
      <p0826-teimww:person knoraType="link_value" linkType="ref" target="ww_c4063e9c72a3ffd2"/>
    </p0826-teimww:wasContributedBy>
  </p0826-teimww:passage>
  <p0826-teimww:passage id="ww_201ffde06bfd28bd">
    <knoraXmlImport:label>passage</knoraXmlImport:label>
    <p0826-teimww:contains>
      <p0826-teimww:lexia knoraType="link_value" linkType="ref" target="ww_cb40115000917e89"/>
    </p0826-teimww:contains>
    <p0826-teimww:hasPage knoraType="richtext_value">109; act 5, scene 2, lines 62-63.</p0826-teimww:hasPage>
    <p0826-teimww:hasText knoraType="richtext_value">[First Judge:] His lordship did but &lt;span class="quote"&gt;paint a rotten post,&lt;br&gt;&lt;/span&gt;
Or cover foulness fairly.</p0826-teimww:hasText>
    <p0826-teimww:isMentionedIn>
      <p0826-teimww:passage knoraType="link_value" linkType="ref" target="ww_0dcfc31df4777d5c"/>
    </p0826-teimww:isMentionedIn>
    <p0826-teimww:occursIn>
      <p0826-teimww:book knoraType="link_value" linkType="ref" target="ww_2d0eea6c7b8afc36"/>
    </p0826-teimww:occursIn>
    <p0826-teimww:wasContributedBy>
      <p0826-teimww:person knoraType="link_value" linkType="ref" target="ww_c4063e9c72a3ffd2"/>
    </p0826-teimww:wasContributedBy>
  </p0826-teimww:passage>
  <p0826-teimww:passage id="ww_ac4f12b209d8ac62">
    <knoraXmlImport:label>passage</knoraXmlImport:label>
    <p0826-teimww:contains>
      <p0826-teimww:lexia knoraType="link_value" linkType="ref" target="ww_45810440eae644c4"/>
    </p0826-teimww:contains>
    <p0826-teimww:hasPage knoraType="richtext_value">109; act 5, scene 2, lines 67-69.</p0826-teimww:hasPage>
    <p0826-teimww:hasText knoraType="richtext_value">[D'Amville:] Judgment, judgment!&lt;br&gt;
[Second Judge:] Judgment, my lord, in what?&lt;br&gt;
[D'Amville:] &lt;span class="quote"&gt;Your judgments must resolve me in a case.&lt;/span&gt;</p0826-teimww:hasText>
    <p0826-teimww:isMentionedIn>
      <p0826-teimww:passage knoraType="link_value" linkType="ref" target="ww_5a22984900c5141b"/>
    </p0826-teimww:isMentionedIn>
    <p0826-teimww:occursIn>
      <p0826-teimww:book knoraType="link_value" linkType="ref" target="ww_2d0eea6c7b8afc36"/>
    </p0826-teimww:occursIn>
    <p0826-teimww:wasContributedBy>
      <p0826-teimww:person knoraType="link_value" linkType="ref" target="ww_c4063e9c72a3ffd2"/>
    </p0826-teimww:wasContributedBy>
  </p0826-teimww:passage>
  <p0826-teimww:passage id="ww_5a22984900c5141b">
    <knoraXmlImport:label>passage</knoraXmlImport:label>
    <p0826-teimww:occursIn>
      <p0826-teimww:book knoraType="link_value" linkType="ref" target="ww_5eeeb3e78e8b0bc3"/>
    </p0826-teimww:occursIn>
  </p0826-teimww:passage>
  <p0826-teimww:passage id="ww_ea7ca14a0547d4ea">
    <knoraXmlImport:label>passage</knoraXmlImport:label>
    <p0826-teimww:contains>
      <p0826-teimww:lexia knoraType="link_value" linkType="ref" target="ww_b643487c9890f788"/>
    </p0826-teimww:contains>
    <p0826-teimww:hasPage knoraType="richtext_value">Act 4, scene 2, lines 286-291.</p0826-teimww:hasPage>
    <p0826-teimww:hasText knoraType="richtext_value">[Arviragus:] [...] The ruddock would &lt;br&gt;
With charitable bill - O bill, sore shaming &lt;br&gt;
Those rich-left heirs that let their fathers lie &lt;br&gt;
&lt;span class="quote"&gt;Without a monument - bring thee all this, &lt;br&gt;
Yea, and furred moss besides, when flowers are none &lt;br&gt;
To winter-ground thy corse.&lt;/span&gt;</p0826-teimww:hasText>
    <p0826-teimww:isMentionedIn>
      <p0826-teimww:passage knoraType="link_value" linkType="ref" target="ww_8807ffcd82686036"/>
    </p0826-teimww:isMentionedIn>
    <p0826-teimww:occursIn>
      <p0826-teimww:book knoraType="link_value" linkType="ref" target="ww_0103dc75cd6d8928"/>
    </p0826-teimww:occursIn>
    <p0826-teimww:wasContributedBy>
      <p0826-teimww:person knoraType="link_value" linkType="ref" target="ww_b604df587d93b768"/>
    </p0826-teimww:wasContributedBy>
  </p0826-teimww:passage>
  <p0826-teimww:passage id="ww_8807ffcd82686036">
    <knoraXmlImport:label>passage</knoraXmlImport:label>
    <p0826-teimww:occursIn>
      <p0826-teimww:book knoraType="link_value" linkType="ref" target="ww_1140c36ab545b6d8"/>
    </p0826-teimww:occursIn>
  </p0826-teimww:passage>
  <p0826-teimww:passage id="ww_24b7c604180c4981">
    <knoraXmlImport:label>passage</knoraXmlImport:label>
    <p0826-teimww:contains>
      <p0826-teimww:lexia knoraType="link_value" linkType="ref" target="ww_72d584d1ac302a1f"/>
    </p0826-teimww:contains>
    <p0826-teimww:hasPage knoraType="richtext_value">226; act 5, scene 2, lines 20-21 [normalized spelling].</p0826-teimww:hasPage>
    <p0826-teimww:hasPageHist knoraType="richtext_value">226; act 5, scene 2, lines 20-21.</p0826-teimww:hasPageHist>
    <p0826-teimww:hasText knoraType="richtext_value">[Count Feesimple:] &lt;span class="quote"&gt;Oh, oh, oh, a pox o' this cold!&lt;br&gt;&lt;/span&gt;
[Welltried:] &lt;span class="quote"&gt;A cold o' this pox you might say, &lt;/span&gt;I am afeared.</p0826-teimww:hasText>
    <p0826-teimww:hasTextHist knoraType="richtext_value">[Count Feesimple:] Oh, oh, oh, a pox a this cold!&lt;br&gt;
[Welltried:] A cold a this poxe you might say', I am feard.</p0826-teimww:hasTextHist>
    <p0826-teimww:isMentionedIn>
      <p0826-teimww:passage knoraType="link_value" linkType="ref" target="ww_d6e7152912022dd3"/>
    </p0826-teimww:isMentionedIn>
    <p0826-teimww:occursIn>
      <p0826-teimww:book knoraType="link_value" linkType="ref" target="ww_90bb6791f9507246"/>
    </p0826-teimww:occursIn>
    <p0826-teimww:wasContributedBy>
      <p0826-teimww:person knoraType="link_value" linkType="ref" target="ww_c4063e9c72a3ffd2"/>
    </p0826-teimww:wasContributedBy>
  </p0826-teimww:passage>
  <p0826-teimww:passage id="ww_d6e7152912022dd3">
    <knoraXmlImport:label>passage</knoraXmlImport:label>
    <p0826-teimww:occursIn>
      <p0826-teimww:book knoraType="link_value" linkType="ref" target="ww_b5ea9b35c899d367"/>
    </p0826-teimww:occursIn>
  </p0826-teimww:passage>
  <p0826-teimww:passage id="ww_d2b35cac54c85989">
    <knoraXmlImport:label>passage</knoraXmlImport:label>
    <p0826-teimww:contains>
      <p0826-teimww:lexia knoraType="link_value" linkType="ref" target="ww_4c5dc9a60ce0db16"/>
    </p0826-teimww:contains>
    <p0826-teimww:hasPage knoraType="richtext_value">Act 3, scene 3, lines 2-7.</p0826-teimww:hasPage>
    <p0826-teimww:hasText knoraType="richtext_value">[Belarius:] [...] Stoop, boys. This gate &lt;br&gt;
Instructs you how t'adore the heavens and bows you &lt;br&gt;
To a morning's holy office. &lt;span class="quote"&gt;The gates of monarchs &lt;br&gt;
Are arched so high that giants may jet through &lt;br&gt;
And keep their impious turbans on, without &lt;br&gt;
Good morrow to the sun.&lt;/span&gt;</p0826-teimww:hasText>
    <p0826-teimww:isMentionedIn>
      <p0826-teimww:passage knoraType="link_value" linkType="ref" target="ww_e11b1c394bc38375"/>
    </p0826-teimww:isMentionedIn>
    <p0826-teimww:occursIn>
      <p0826-teimww:book knoraType="link_value" linkType="ref" target="ww_0103dc75cd6d8928"/>
    </p0826-teimww:occursIn>
    <p0826-teimww:wasContributedBy>
      <p0826-teimww:person knoraType="link_value" linkType="ref" target="ww_b604df587d93b768"/>
    </p0826-teimww:wasContributedBy>
  </p0826-teimww:passage>
  <p0826-teimww:passage id="ww_e11b1c394bc38375">
    <knoraXmlImport:label>passage</knoraXmlImport:label>
    <p0826-teimww:occursIn>
      <p0826-teimww:book knoraType="link_value" linkType="ref" target="ww_1140c36ab545b6d8"/>
    </p0826-teimww:occursIn>
  </p0826-teimww:passage>
  <p0826-teimww:passage id="ww_bf28eebcdda14855">
    <knoraXmlImport:label>passage</knoraXmlImport:label>
    <p0826-teimww:contains>
      <p0826-teimww:lexia knoraType="link_value" linkType="ref" target="ww_b96b4f2df70b9195"/>
    </p0826-teimww:contains>
    <p0826-teimww:hasPage knoraType="richtext_value">27; act 1, scene 4, lines 145-148.</p0826-teimww:hasPage>
    <p0826-teimww:hasText knoraType="richtext_value">[Sebastian:] [...] Let the chambers be matted, &lt;span class="quote"&gt;the hinges oiled, &lt;/span&gt;the curtain rings silenced, and the chamber-maid hold her peace at his own request, that he may sleep the quietlier [...].</p0826-teimww:hasText>
    <p0826-teimww:isMentionedIn>
      <p0826-teimww:passage knoraType="link_value" linkType="ref" target="ww_d5af96e31e22c342"/>
    </p0826-teimww:isMentionedIn>
    <p0826-teimww:occursIn>
      <p0826-teimww:book knoraType="link_value" linkType="ref" target="ww_2d0eea6c7b8afc36"/>
    </p0826-teimww:occursIn>
    <p0826-teimww:wasContributedBy>
      <p0826-teimww:person knoraType="link_value" linkType="ref" target="ww_b604df587d93b768"/>
    </p0826-teimww:wasContributedBy>
  </p0826-teimww:passage>
  <p0826-teimww:passage id="ww_d5af96e31e22c342">
    <knoraXmlImport:label>passage</knoraXmlImport:label>
    <p0826-teimww:occursIn>
      <p0826-teimww:book knoraType="link_value" linkType="ref" target="ww_5eeeb3e78e8b0bc3"/>
    </p0826-teimww:occursIn>
  </p0826-teimww:passage>
  <p0826-teimww:passage id="ww_fb8bd70948d2fa9d">
    <knoraXmlImport:label>passage</knoraXmlImport:label>
    <p0826-teimww:contains>
      <p0826-teimww:lexia knoraType="link_value" linkType="ref" target="ww_c178a33fce45dc78"/>
    </p0826-teimww:contains>
    <p0826-teimww:hasPage knoraType="richtext_value">4:13; act 5, scene 3, lines 34-35 [normalized spelling].</p0826-teimww:hasPage>
    <p0826-teimww:hasPageHist knoraType="richtext_value">4:13; act 5, scene 3, lines 34-35.</p0826-teimww:hasPageHist>
    <p0826-teimww:hasText knoraType="richtext_value">[Rowland:] Let's remove our places. &lt;br&gt;
&lt;span class="quote"&gt;Swear it again.&lt;/span&gt;</p0826-teimww:hasText>
    <p0826-teimww:hasTextHist knoraType="richtext_value">[Rowland:] Let's remove our places. &lt;br&gt;
&lt;span class="quote"&gt;Sweare it again.&lt;/span&gt;</p0826-teimww:hasTextHist>
    <p0826-teimww:isMentionedIn>
      <p0826-teimww:passage knoraType="link_value" linkType="ref" target="ww_22d4280acf786304"/>
    </p0826-teimww:isMentionedIn>
    <p0826-teimww:occursIn>
      <p0826-teimww:book knoraType="link_value" linkType="ref" target="ww_80345b61ea7ec44a"/>
    </p0826-teimww:occursIn>
    <p0826-teimww:wasContributedBy>
      <p0826-teimww:person knoraType="link_value" linkType="ref" target="ww_b98e7021b3193ae3"/>
    </p0826-teimww:wasContributedBy>
  </p0826-teimww:passage>
  <p0826-teimww:passage id="ww_22d4280acf786304">
    <knoraXmlImport:label>passage</knoraXmlImport:label>
    <p0826-teimww:occursIn>
      <p0826-teimww:book knoraType="link_value" linkType="ref" target="ww_1140c36ab545b6d8"/>
    </p0826-teimww:occursIn>
  </p0826-teimww:passage>
  <p0826-teimww:passage id="ww_5c5ada0509bc7cf2">
    <knoraXmlImport:label>passage</knoraXmlImport:label>
    <p0826-teimww:contains>
      <p0826-teimww:lexia knoraType="link_value" linkType="ref" target="ww_072dd346991826d1"/>
    </p0826-teimww:contains>
    <p0826-teimww:hasPage knoraType="richtext_value">act 4, scene 3</p0826-teimww:hasPage>
    <p0826-teimww:hasText knoraType="richtext_value">&lt;span class="quote"&gt;the close Curtains of the Night &lt;/span&gt;</p0826-teimww:hasText>
    <p0826-teimww:isMentionedIn>
      <p0826-teimww:passage knoraType="link_value" linkType="ref" target="ww_90960ff88541ab34"/>
    </p0826-teimww:isMentionedIn>
    <p0826-teimww:occursIn>
      <p0826-teimww:book knoraType="link_value" linkType="ref" target="ww_2d0eea6c7b8afc36"/>
    </p0826-teimww:occursIn>
    <p0826-teimww:wasContributedBy>
      <p0826-teimww:person knoraType="link_value" linkType="ref" target="ww_6202c1bb6957c9cc"/>
    </p0826-teimww:wasContributedBy>
  </p0826-teimww:passage>
  <p0826-teimww:passage id="ww_90960ff88541ab34">
    <knoraXmlImport:label>passage</knoraXmlImport:label>
    <p0826-teimww:occursIn>
      <p0826-teimww:book knoraType="link_value" linkType="ref" target="ww_1140c36ab545b6d8"/>
    </p0826-teimww:occursIn>
  </p0826-teimww:passage>
  <p0826-teimww:passage id="ww_61d56a431d12a73c">
    <knoraXmlImport:label>passage</knoraXmlImport:label>
    <p0826-teimww:contains>
      <p0826-teimww:lexia knoraType="link_value" linkType="ref" target="ww_8e5d05d8bd2bf083"/>
    </p0826-teimww:contains>
    <p0826-teimww:hasPage knoraType="richtext_value">635 [normalized spelling].</p0826-teimww:hasPage>
    <p0826-teimww:hasPageHist knoraType="richtext_value">635.</p0826-teimww:hasPageHist>
    <p0826-teimww:hasText knoraType="richtext_value">[Face:] […] He has made a table, &lt;br&gt;
With &lt;span class="quote"&gt;Mathematical demonstrations, &lt;br&gt;
Touching the Art of quarrells.&lt;/span&gt;</p0826-teimww:hasText>
    <p0826-teimww:hasTextHist knoraType="richtext_value">[Face:] […] He has made a table, &lt;br&gt;
With Mathematicall demonstrations, &lt;br&gt;
Touching the Art of quarrells.</p0826-teimww:hasTextHist>
    <p0826-teimww:isMentionedIn>
      <p0826-teimww:passage knoraType="link_value" linkType="ref" target="ww_6b601632a639190a"/>
    </p0826-teimww:isMentionedIn>
    <p0826-teimww:occursIn>
      <p0826-teimww:book knoraType="link_value" linkType="ref" target="ww_d96c27106919cc24"/>
    </p0826-teimww:occursIn>
    <p0826-teimww:wasContributedBy>
      <p0826-teimww:person knoraType="link_value" linkType="ref" target="ww_b604df587d93b768"/>
    </p0826-teimww:wasContributedBy>
  </p0826-teimww:passage>
  <p0826-teimww:passage id="ww_6b601632a639190a">
    <knoraXmlImport:label>passage</knoraXmlImport:label>
    <p0826-teimww:occursIn>
      <p0826-teimww:book knoraType="link_value" linkType="ref" target="ww_d0062b214b9d3402"/>
    </p0826-teimww:occursIn>
  </p0826-teimww:passage>
  <p0826-teimww:passage id="ww_83ff37174ffea0f1">
    <knoraXmlImport:label>passage</knoraXmlImport:label>
    <p0826-teimww:contains>
      <p0826-teimww:lexia knoraType="link_value" linkType="ref" target="ww_0aac2f272f2334aa"/>
    </p0826-teimww:contains>
    <p0826-teimww:contains>
      <p0826-teimww:lexia knoraType="link_value" linkType="ref" target="ww_5b7df94421322b7f"/>
    </p0826-teimww:contains>
    <p0826-teimww:hasPage knoraType="richtext_value">167; act 1, scene 1, lines 191-195 [normalized spelling].</p0826-teimww:hasPage>
    <p0826-teimww:hasPageHist knoraType="richtext_value">167; act 1, scene 1, lines 191-195.</p0826-teimww:hasPageHist>
    <p0826-teimww:hasText knoraType="richtext_value">[Feesimple:] &lt;span class="quote"&gt;One and thirty good-morrows&lt;/span&gt; to the fairest, wisest, richest Widow, &lt;span class="quote"&gt;that ever conversation coped withal&lt;/span&gt;. &lt;br&gt;
[Widow:] Three score and two unto the wisest Lord, &lt;br&gt;
That ever was train'd in university.</p0826-teimww:hasText>
    <p0826-teimww:hasTextHist knoraType="richtext_value">[Feesimple:] One and thirty good-morrows to the fairest, wisest, richest Widdow &lt;span class="quote"&gt;that ever conuersation coapt withall&lt;/span&gt;. &lt;br&gt;
[Widow:] Three score and two unto the wisest Lord, &lt;br&gt;
That euer was train'd in vniversitie.</p0826-teimww:hasTextHist>
    <p0826-teimww:isMentionedIn>
      <p0826-teimww:passage knoraType="link_value" linkType="ref" target="ww_1405e834ffd5b9f1"/>
    </p0826-teimww:isMentionedIn>
    <p0826-teimww:isMentionedIn>
      <p0826-teimww:passage knoraType="link_value" linkType="ref" target="ww_f4de19a37e2802e2"/>
    </p0826-teimww:isMentionedIn>
    <p0826-teimww:occursIn>
      <p0826-teimww:book knoraType="link_value" linkType="ref" target="ww_90bb6791f9507246"/>
    </p0826-teimww:occursIn>
    <p0826-teimww:wasContributedBy>
      <p0826-teimww:person knoraType="link_value" linkType="ref" target="ww_c4063e9c72a3ffd2"/>
    </p0826-teimww:wasContributedBy>
  </p0826-teimww:passage>
  <p0826-teimww:passage id="ww_1405e834ffd5b9f1">
    <knoraXmlImport:label>passage</knoraXmlImport:label>
    <p0826-teimww:occursIn>
      <p0826-teimww:book knoraType="link_value" linkType="ref" target="ww_b5ea9b35c899d367"/>
    </p0826-teimww:occursIn>
  </p0826-teimww:passage>
  <p0826-teimww:passage id="ww_f4de19a37e2802e2">
    <knoraXmlImport:label>passage</knoraXmlImport:label>
    <p0826-teimww:occursIn>
      <p0826-teimww:book knoraType="link_value" linkType="ref" target="ww_df2b8c2f18df151a"/>
    </p0826-teimww:occursIn>
  </p0826-teimww:passage>
  <p0826-teimww:passage id="ww_a3ee2d72c7c254d0">
    <knoraXmlImport:label>passage</knoraXmlImport:label>
    <p0826-teimww:contains>
      <p0826-teimww:lexia knoraType="link_value" linkType="ref" target="ww_a404cee1c9f30d7b"/>
    </p0826-teimww:contains>
    <p0826-teimww:hasPage knoraType="richtext_value">4-5; act 1, scene 1, lines 5-6; 22.</p0826-teimww:hasPage>
    <p0826-teimww:hasText knoraType="richtext_value">[D'Amville:] [...] Observ'st thou not the very self same course &lt;br&gt;
Of revolution both in man and beast? [...] &lt;br&gt;
[Borachio:] &lt;span class="quote"&gt;That revolution is too short methinks.&lt;/span&gt;</p0826-teimww:hasText>
    <p0826-teimww:isMentionedIn>
      <p0826-teimww:passage knoraType="link_value" linkType="ref" target="ww_e3240da70b9570e9"/>
    </p0826-teimww:isMentionedIn>
    <p0826-teimww:occursIn>
      <p0826-teimww:book knoraType="link_value" linkType="ref" target="ww_2d0eea6c7b8afc36"/>
    </p0826-teimww:occursIn>
    <p0826-teimww:wasContributedBy>
      <p0826-teimww:person knoraType="link_value" linkType="ref" target="ww_b604df587d93b768"/>
    </p0826-teimww:wasContributedBy>
  </p0826-teimww:passage>
  <p0826-teimww:passage id="ww_e3240da70b9570e9">
    <knoraXmlImport:label>passage</knoraXmlImport:label>
    <p0826-teimww:occursIn>
      <p0826-teimww:book knoraType="link_value" linkType="ref" target="ww_5eeeb3e78e8b0bc3"/>
    </p0826-teimww:occursIn>
  </p0826-teimww:passage>
  <p0826-teimww:passage id="ww_7c63cd5cdf7c7a11">
    <knoraXmlImport:label>passage</knoraXmlImport:label>
    <p0826-teimww:contains>
      <p0826-teimww:lexia knoraType="link_value" linkType="ref" target="ww_a404cee1c9f30d7b"/>
    </p0826-teimww:contains>
    <p0826-teimww:hasPage knoraType="richtext_value">Act 3, scene 1, lines 45-47.</p0826-teimww:hasPage>
    <p0826-teimww:hasText knoraType="richtext_value">[King:] O God, that one might read the book of fate &lt;br&gt;
And see &lt;span class="quote"&gt;the revolution of the times &lt;br&gt;
Make mountains level &lt;/span&gt;[...].</p0826-teimww:hasText>
    <p0826-teimww:isMentionedIn>
      <p0826-teimww:passage knoraType="link_value" linkType="ref" target="ww_55fa12937138d44f"/>
    </p0826-teimww:isMentionedIn>
    <p0826-teimww:occursIn>
      <p0826-teimww:book knoraType="link_value" linkType="ref" target="ww_663bc260dc952b96"/>
    </p0826-teimww:occursIn>
    <p0826-teimww:wasContributedBy>
      <p0826-teimww:person knoraType="link_value" linkType="ref" target="ww_b604df587d93b768"/>
    </p0826-teimww:wasContributedBy>
  </p0826-teimww:passage>
  <p0826-teimww:passage id="ww_55fa12937138d44f">
    <knoraXmlImport:label>passage</knoraXmlImport:label>
    <p0826-teimww:occursIn>
      <p0826-teimww:book knoraType="link_value" linkType="ref" target="ww_5eeeb3e78e8b0bc3"/>
    </p0826-teimww:occursIn>
  </p0826-teimww:passage>
  <p0826-teimww:passage id="ww_9f754e8c7159cd79">
    <knoraXmlImport:label>passage</knoraXmlImport:label>
    <p0826-teimww:contains>
      <p0826-teimww:lexia knoraType="link_value" linkType="ref" target="ww_8b62020d3c27b668"/>
    </p0826-teimww:contains>
    <p0826-teimww:hasPage knoraType="richtext_value">6; act 1, scene 1, lines 43-45.</p0826-teimww:hasPage>
    <p0826-teimww:hasText knoraType="richtext_value">[D'Amville:] [...] perhaps I should &lt;br&gt;
Desire no more increase of substance than &lt;br&gt;
Would hold proportion with &lt;span class="quote"&gt;mine own dimensions.&lt;/span&gt;</p0826-teimww:hasText>
    <p0826-teimww:isMentionedIn>
      <p0826-teimww:passage knoraType="link_value" linkType="ref" target="ww_7229d156fd9ad937"/>
    </p0826-teimww:isMentionedIn>
    <p0826-teimww:occursIn>
      <p0826-teimww:book knoraType="link_value" linkType="ref" target="ww_2d0eea6c7b8afc36"/>
    </p0826-teimww:occursIn>
    <p0826-teimww:wasContributedBy>
      <p0826-teimww:person knoraType="link_value" linkType="ref" target="ww_b604df587d93b768"/>
    </p0826-teimww:wasContributedBy>
  </p0826-teimww:passage>
  <p0826-teimww:passage id="ww_0fe27c30c773f907">
    <knoraXmlImport:label>passage</knoraXmlImport:label>
    <p0826-teimww:contains>
      <p0826-teimww:lexia knoraType="link_value" linkType="ref" target="ww_928f6c883d59cce4"/>
    </p0826-teimww:contains>
    <p0826-teimww:hasPage knoraType="richtext_value">218; act 4, scene 4, lines 36-44 [normalized spelling].</p0826-teimww:hasPage>
    <p0826-teimww:hasPageHist knoraType="richtext_value">218; act 4, scene 4, lines 36-44.</p0826-teimww:hasPageHist>
    <p0826-teimww:hasText knoraType="richtext_value">[Brother:] [...] he, and his noble friends&lt;br&gt;
Have such a golden snaffle for the jaws&lt;br&gt;
Of man-devouring Pythagorean &lt;span class="quote"&gt;Law,&lt;br&gt;
They'll rein her stubborn chaps, e'en to her tail:&lt;br&gt;
And (though she have iron teeth to meaner men)&lt;br&gt;
So master her, that who displeased her most,&lt;br&gt;
She shall lie under like a tired jade &lt;/span&gt;[...].</p0826-teimww:hasText>
    <p0826-teimww:hasTextHist knoraType="richtext_value">[Brother:] [...] hee, and his noble friends&lt;br&gt;
Haue such a golden snaffle for the jawes&lt;br&gt;
Of man-deouring Pithagorean Law,&lt;br&gt;
Thei'le reyne her stubborn chaps, e'ne to her taile:&lt;br&gt;
And (thogh she haue yron teeth to meaner men)&lt;br&gt;
So master her, that who displeasd her most,&lt;br&gt;
She shall lie vunder like a tired jade [...].</p0826-teimww:hasTextHist>
    <p0826-teimww:isMentionedIn>
      <p0826-teimww:passage knoraType="link_value" linkType="ref" target="ww_da2a8259549263a2"/>
    </p0826-teimww:isMentionedIn>
    <p0826-teimww:occursIn>
      <p0826-teimww:book knoraType="link_value" linkType="ref" target="ww_90bb6791f9507246"/>
    </p0826-teimww:occursIn>
    <p0826-teimww:wasContributedBy>
      <p0826-teimww:person knoraType="link_value" linkType="ref" target="ww_c4063e9c72a3ffd2"/>
    </p0826-teimww:wasContributedBy>
  </p0826-teimww:passage>
  <p0826-teimww:passage id="ww_da2a8259549263a2">
    <knoraXmlImport:label>passage</knoraXmlImport:label>
    <p0826-teimww:occursIn>
      <p0826-teimww:book knoraType="link_value" linkType="ref" target="ww_df2b8c2f18df151a"/>
    </p0826-teimww:occursIn>
  </p0826-teimww:passage>
  <p0826-teimww:passage id="ww_d4b3387304c1798c">
    <knoraXmlImport:label>passage</knoraXmlImport:label>
    <p0826-teimww:contains>
      <p0826-teimww:lexia knoraType="link_value" linkType="ref" target="ww_180182cbd6364575"/>
    </p0826-teimww:contains>
    <p0826-teimww:hasPage knoraType="richtext_value">10; act 1, scene 2, lines 60-61.</p0826-teimww:hasPage>
    <p0826-teimww:hasText knoraType="richtext_value">[Belforest:] &lt;span class="quote"&gt;Accompli[sh]ments are more for ornament &lt;br&gt;
Than use.&lt;/span&gt;</p0826-teimww:hasText>
    <p0826-teimww:isMentionedIn>
      <p0826-teimww:passage knoraType="link_value" linkType="ref" target="ww_fe055fd877adfa43"/>
    </p0826-teimww:isMentionedIn>
    <p0826-teimww:occursIn>
      <p0826-teimww:book knoraType="link_value" linkType="ref" target="ww_2d0eea6c7b8afc36"/>
    </p0826-teimww:occursIn>
    <p0826-teimww:wasContributedBy>
      <p0826-teimww:person knoraType="link_value" linkType="ref" target="ww_b604df587d93b768"/>
    </p0826-teimww:wasContributedBy>
  </p0826-teimww:passage>
  <p0826-teimww:passage id="ww_0bf825c99d9f6999">
    <knoraXmlImport:label>passage</knoraXmlImport:label>
    <p0826-teimww:contains>
      <p0826-teimww:lexia knoraType="link_value" linkType="ref" target="ww_3fcc53d02fd2fc46"/>
    </p0826-teimww:contains>
    <p0826-teimww:hasPage knoraType="richtext_value">17; act 1, scene 2, lines 206-207.</p0826-teimww:hasPage>
    <p0826-teimww:hasText knoraType="richtext_value">[D'Amville:] Borachio, didst precisely note this man? &lt;br&gt;
[Borachio:] &lt;span class="quote"&gt;His own profession would report him pure.&lt;/span&gt;</p0826-teimww:hasText>
    <p0826-teimww:isMentionedIn>
      <p0826-teimww:passage knoraType="link_value" linkType="ref" target="ww_b31587295acc516f"/>
    </p0826-teimww:isMentionedIn>
    <p0826-teimww:occursIn>
      <p0826-teimww:book knoraType="link_value" linkType="ref" target="ww_2d0eea6c7b8afc36"/>
    </p0826-teimww:occursIn>
    <p0826-teimww:wasContributedBy>
      <p0826-teimww:person knoraType="link_value" linkType="ref" target="ww_b604df587d93b768"/>
    </p0826-teimww:wasContributedBy>
  </p0826-teimww:passage>
  <p0826-teimww:passage id="ww_ace6ed61ff9cfcce">
    <knoraXmlImport:label>passage</knoraXmlImport:label>
    <p0826-teimww:contains>
      <p0826-teimww:lexia knoraType="link_value" linkType="ref" target="ww_5e97359b1b620085"/>
    </p0826-teimww:contains>
    <p0826-teimww:hasPage knoraType="richtext_value">19; act 1, scene 3, line 21.</p0826-teimww:hasPage>
    <p0826-teimww:hasText knoraType="richtext_value">[Rousard:] Wilt give me &lt;span class="quote"&gt;a bracelet o' thy hair &lt;/span&gt;then?</p0826-teimww:hasText>
    <p0826-teimww:isMentionedIn>
      <p0826-teimww:passage knoraType="link_value" linkType="ref" target="ww_50d8306eeec98d38"/>
    </p0826-teimww:isMentionedIn>
    <p0826-teimww:occursIn>
      <p0826-teimww:book knoraType="link_value" linkType="ref" target="ww_2d0eea6c7b8afc36"/>
    </p0826-teimww:occursIn>
    <p0826-teimww:wasContributedBy>
      <p0826-teimww:person knoraType="link_value" linkType="ref" target="ww_b604df587d93b768"/>
    </p0826-teimww:wasContributedBy>
  </p0826-teimww:passage>
  <p0826-teimww:passage id="ww_259ec1ce443166c8">
    <knoraXmlImport:label>passage</knoraXmlImport:label>
    <p0826-teimww:contains>
      <p0826-teimww:lexia knoraType="link_value" linkType="ref" target="ww_f6858a13fda80de0"/>
    </p0826-teimww:contains>
    <p0826-teimww:hasPage knoraType="richtext_value">20; act 1, scene 3, lines 22-26.</p0826-teimww:hasPage>
    <p0826-teimww:hasText knoraType="richtext_value">[Castabella:] Do you want hair, sir? &lt;br&gt;
[Rousard:] No, faith, &lt;span class="quote"&gt;I'll want no hair so lang as I can have it for money. &lt;br&gt;&lt;/span&gt;
[Castabella:] What would you do with my hair then?&lt;br&gt;
[Rousard:] Wear it for thy sake, sweetheart.</p0826-teimww:hasText>
    <p0826-teimww:isMentionedIn>
      <p0826-teimww:passage knoraType="link_value" linkType="ref" target="ww_ca3066015e2d726f"/>
    </p0826-teimww:isMentionedIn>
    <p0826-teimww:occursIn>
      <p0826-teimww:book knoraType="link_value" linkType="ref" target="ww_2d0eea6c7b8afc36"/>
    </p0826-teimww:occursIn>
    <p0826-teimww:wasContributedBy>
      <p0826-teimww:person knoraType="link_value" linkType="ref" target="ww_b604df587d93b768"/>
    </p0826-teimww:wasContributedBy>
  </p0826-teimww:passage>
  <p0826-teimww:passage id="ww_cde0cd35ca3cde5a">
    <knoraXmlImport:label>passage</knoraXmlImport:label>
    <p0826-teimww:contains>
      <p0826-teimww:lexia knoraType="link_value" linkType="ref" target="ww_9742b4360cd9661b"/>
    </p0826-teimww:contains>
    <p0826-teimww:hasPage knoraType="richtext_value">21; act 1, scene 4, lines 7-11.</p0826-teimww:hasPage>
    <p0826-teimww:hasText knoraType="richtext_value">[Bellforest:] [...] But when I &lt;br&gt;
Reply'd with more familiar arguments, &lt;br&gt;
Thinking &lt;span class="quote"&gt;to make her apprehension bold, &lt;br&gt;&lt;/span&gt;
Her modest blush fell to a pale dislike [...].</p0826-teimww:hasText>
    <p0826-teimww:isMentionedIn>
      <p0826-teimww:passage knoraType="link_value" linkType="ref" target="ww_2f2364a269b0a18f"/>
    </p0826-teimww:isMentionedIn>
    <p0826-teimww:occursIn>
      <p0826-teimww:book knoraType="link_value" linkType="ref" target="ww_2d0eea6c7b8afc36"/>
    </p0826-teimww:occursIn>
    <p0826-teimww:wasContributedBy>
      <p0826-teimww:person knoraType="link_value" linkType="ref" target="ww_b604df587d93b768"/>
    </p0826-teimww:wasContributedBy>
  </p0826-teimww:passage>
  <p0826-teimww:passage id="ww_2f2364a269b0a18f">
    <knoraXmlImport:label>passage</knoraXmlImport:label>
    <p0826-teimww:occursIn>
      <p0826-teimww:book knoraType="link_value" linkType="ref" target="ww_5eeeb3e78e8b0bc3"/>
    </p0826-teimww:occursIn>
  </p0826-teimww:passage>
  <p0826-teimww:passage id="ww_b99d67d0489cf281">
    <knoraXmlImport:label>passage</knoraXmlImport:label>
    <p0826-teimww:contains>
      <p0826-teimww:lexia knoraType="link_value" linkType="ref" target="ww_9742b4360cd9661b"/>
    </p0826-teimww:contains>
    <p0826-teimww:hasPage knoraType="richtext_value">Act 2, scene 4, lines 1-3.</p0826-teimww:hasPage>
    <p0826-teimww:hasText knoraType="richtext_value">[Posthumus:] [...] I would I were so sure &lt;br&gt;
&lt;span class="quote"&gt;To win the King as I am bold her honor &lt;br&gt;
Will remain hers.&lt;/span&gt;</p0826-teimww:hasText>
    <p0826-teimww:isMentionedIn>
      <p0826-teimww:passage knoraType="link_value" linkType="ref" target="ww_2f2364a269b0a18f"/>
    </p0826-teimww:isMentionedIn>
    <p0826-teimww:occursIn>
      <p0826-teimww:book knoraType="link_value" linkType="ref" target="ww_0103dc75cd6d8928"/>
    </p0826-teimww:occursIn>
    <p0826-teimww:wasContributedBy>
      <p0826-teimww:person knoraType="link_value" linkType="ref" target="ww_b604df587d93b768"/>
    </p0826-teimww:wasContributedBy>
  </p0826-teimww:passage>
  <p0826-teimww:passage id="ww_42f651b9d29cbc92">
    <knoraXmlImport:label>passage</knoraXmlImport:label>
    <p0826-teimww:contains>
      <p0826-teimww:lexia knoraType="link_value" linkType="ref" target="ww_cae071b9c9201b92"/>
    </p0826-teimww:contains>
    <p0826-teimww:hasPage knoraType="richtext_value">22; act 1, scene 4, line 31.</p0826-teimww:hasPage>
    <p0826-teimww:hasText knoraType="richtext_value">[Castabella:] [...] &lt;span class="quote"&gt;Time cuts off circumstance; &lt;/span&gt;I must be brief.</p0826-teimww:hasText>
    <p0826-teimww:isMentionedIn>
      <p0826-teimww:passage knoraType="link_value" linkType="ref" target="ww_3f1f62f44c6f6047"/>
    </p0826-teimww:isMentionedIn>
    <p0826-teimww:occursIn>
      <p0826-teimww:book knoraType="link_value" linkType="ref" target="ww_2d0eea6c7b8afc36"/>
    </p0826-teimww:occursIn>
    <p0826-teimww:wasContributedBy>
      <p0826-teimww:person knoraType="link_value" linkType="ref" target="ww_b604df587d93b768"/>
    </p0826-teimww:wasContributedBy>
  </p0826-teimww:passage>
  <p0826-teimww:passage id="ww_e0f235266ff44e4a">
    <knoraXmlImport:label>passage</knoraXmlImport:label>
    <p0826-teimww:contains>
      <p0826-teimww:lexia knoraType="link_value" linkType="ref" target="ww_40b91fe87871ac49"/>
    </p0826-teimww:contains>
    <p0826-teimww:hasPage knoraType="richtext_value">23; act 1, scene 4, lines 55-56.</p0826-teimww:hasPage>
    <p0826-teimww:hasText knoraType="richtext_value">[Languebeau Snuffe:] [...] Love still desires the presence of his love. &lt;br&gt;
Verily, he is not of &lt;span class="quote"&gt;the Family of Love. &lt;/span&gt;</p0826-teimww:hasText>
    <p0826-teimww:isMentionedIn>
      <p0826-teimww:passage knoraType="link_value" linkType="ref" target="ww_f41db9622da19658"/>
    </p0826-teimww:isMentionedIn>
    <p0826-teimww:occursIn>
      <p0826-teimww:book knoraType="link_value" linkType="ref" target="ww_2d0eea6c7b8afc36"/>
    </p0826-teimww:occursIn>
    <p0826-teimww:wasContributedBy>
      <p0826-teimww:person knoraType="link_value" linkType="ref" target="ww_b604df587d93b768"/>
    </p0826-teimww:wasContributedBy>
  </p0826-teimww:passage>
  <p0826-teimww:passage id="ww_f41db9622da19658">
    <knoraXmlImport:label>passage</knoraXmlImport:label>
    <p0826-teimww:occursIn>
      <p0826-teimww:book knoraType="link_value" linkType="ref" target="ww_5eeeb3e78e8b0bc3"/>
    </p0826-teimww:occursIn>
  </p0826-teimww:passage>
  <p0826-teimww:passage id="ww_69e342b2b395a1a2">
    <knoraXmlImport:label>passage</knoraXmlImport:label>
    <p0826-teimww:contains>
      <p0826-teimww:lexia knoraType="link_value" linkType="ref" target="ww_85ce7c273cdcf7ab"/>
    </p0826-teimww:contains>
    <p0826-teimww:hasPage knoraType="richtext_value">66. L. T. S. [normalized spelling].</p0826-teimww:hasPage>
    <p0826-teimww:hasPageHist knoraType="richtext_value">66. L. T. S.</p0826-teimww:hasPageHist>
    <p0826-teimww:hasText knoraType="richtext_value">&lt;span class="quote"&gt;A hall, my masters, give Rotundus room.&lt;/span&gt;</p0826-teimww:hasText>
    <p0826-teimww:hasTextHist knoraType="richtext_value">&lt;span class="quote"&gt;A hall, my masters, give Rotundus roome.&lt;/span&gt;</p0826-teimww:hasTextHist>
    <p0826-teimww:isMentionedIn>
      <p0826-teimww:passage knoraType="link_value" linkType="ref" target="ww_85a03f135adbfc07"/>
    </p0826-teimww:isMentionedIn>
    <p0826-teimww:occursIn>
      <p0826-teimww:book knoraType="link_value" linkType="ref" target="ww_b076e5b94e4771b8"/>
    </p0826-teimww:occursIn>
    <p0826-teimww:wasContributedBy>
      <p0826-teimww:person knoraType="link_value" linkType="ref" target="ww_c4063e9c72a3ffd2"/>
    </p0826-teimww:wasContributedBy>
  </p0826-teimww:passage>
  <p0826-teimww:passage id="ww_85a03f135adbfc07">
    <knoraXmlImport:label>passage</knoraXmlImport:label>
    <p0826-teimww:occursIn>
      <p0826-teimww:book knoraType="link_value" linkType="ref" target="ww_3e15ab6c612eadae"/>
    </p0826-teimww:occursIn>
  </p0826-teimww:passage>
  <p0826-teimww:passage id="ww_d6bc93d96f86f8b7">
    <knoraXmlImport:label>passage</knoraXmlImport:label>
    <p0826-teimww:contains>
      <p0826-teimww:lexia knoraType="link_value" linkType="ref" target="ww_2008aa4179fe3e87"/>
    </p0826-teimww:contains>
    <p0826-teimww:hasPage knoraType="richtext_value">Act 3, scene 3, lines 117-120.</p0826-teimww:hasPage>
    <p0826-teimww:hasText knoraType="richtext_value">[Alonso:] [...] &lt;span class="quote"&gt;Methought the billows spoke &lt;/span&gt;and told me of it; &lt;br&gt;
The winds did sing it to me, and the thunder,&lt;br&gt;
&lt;span class="quote"&gt;That deep and dreadful organ pipe, &lt;/span&gt;pronounced &lt;br&gt;
The name of Prosper. </p0826-teimww:hasText>
    <p0826-teimww:isMentionedIn>
      <p0826-teimww:passage knoraType="link_value" linkType="ref" target="ww_33010a0bf9727ffa"/>
    </p0826-teimww:isMentionedIn>
    <p0826-teimww:occursIn>
      <p0826-teimww:book knoraType="link_value" linkType="ref" target="ww_0466ed69bf4a50be"/>
    </p0826-teimww:occursIn>
    <p0826-teimww:wasContributedBy>
      <p0826-teimww:person knoraType="link_value" linkType="ref" target="ww_c4063e9c72a3ffd2"/>
    </p0826-teimww:wasContributedBy>
  </p0826-teimww:passage>
  <p0826-teimww:passage id="ww_33010a0bf9727ffa">
    <knoraXmlImport:label>passage</knoraXmlImport:label>
    <p0826-teimww:occursIn>
      <p0826-teimww:book knoraType="link_value" linkType="ref" target="ww_1140c36ab545b6d8"/>
    </p0826-teimww:occursIn>
  </p0826-teimww:passage>
  <p0826-teimww:passage id="ww_f4b1b7fdd3ff3396">
    <knoraXmlImport:label>passage</knoraXmlImport:label>
    <p0826-teimww:contains>
      <p0826-teimww:lexia knoraType="link_value" linkType="ref" target="ww_5cfe3f2b66d2109a"/>
    </p0826-teimww:contains>
    <p0826-teimww:hasPage knoraType="richtext_value">Act 4, scene 4, lines 892-894.</p0826-teimww:hasPage>
    <p0826-teimww:hasText knoraType="richtext_value">[Autolycus:] The King is not at the palace. He is gone &lt;span class="quote"&gt;aboard a new ship to purge melancholy &lt;/span&gt;and air himself, for, if thou beest capable of things serious, thou must know the King is full of grief.</p0826-teimww:hasText>
    <p0826-teimww:isMentionedIn>
      <p0826-teimww:passage knoraType="link_value" linkType="ref" target="ww_a6ab734d79ac0917"/>
    </p0826-teimww:isMentionedIn>
    <p0826-teimww:occursIn>
      <p0826-teimww:book knoraType="link_value" linkType="ref" target="ww_10467667a0394967"/>
    </p0826-teimww:occursIn>
    <p0826-teimww:wasContributedBy>
      <p0826-teimww:person knoraType="link_value" linkType="ref" target="ww_c4063e9c72a3ffd2"/>
    </p0826-teimww:wasContributedBy>
  </p0826-teimww:passage>
  <p0826-teimww:passage id="ww_a6ab734d79ac0917">
    <knoraXmlImport:label>passage</knoraXmlImport:label>
    <p0826-teimww:occursIn>
      <p0826-teimww:book knoraType="link_value" linkType="ref" target="ww_3e15ab6c612eadae"/>
    </p0826-teimww:occursIn>
  </p0826-teimww:passage>
  <p0826-teimww:passage id="ww_920f02ef5e266e20">
    <knoraXmlImport:label>passage</knoraXmlImport:label>
    <p0826-teimww:contains>
      <p0826-teimww:lexia knoraType="link_value" linkType="ref" target="ww_ec149602d887f4b2"/>
    </p0826-teimww:contains>
    <p0826-teimww:hasText knoraType="richtext_value">[Clown:] [...] As I can bear a pack, so &lt;span class="quote"&gt;I can bear a brain &lt;/span&gt;[...].</p0826-teimww:hasText>
    <p0826-teimww:isMentionedIn>
      <p0826-teimww:passage knoraType="link_value" linkType="ref" target="ww_98138bf1827aca18"/>
    </p0826-teimww:isMentionedIn>
    <p0826-teimww:occursIn>
      <p0826-teimww:book knoraType="link_value" linkType="ref" target="ww_5350aa8f1cdc7d01"/>
    </p0826-teimww:occursIn>
    <p0826-teimww:wasContributedBy>
      <p0826-teimww:person knoraType="link_value" linkType="ref" target="ww_c4063e9c72a3ffd2"/>
    </p0826-teimww:wasContributedBy>
  </p0826-teimww:passage>
  <p0826-teimww:passage id="ww_98138bf1827aca18">
    <knoraXmlImport:label>passage</knoraXmlImport:label>
    <p0826-teimww:occursIn>
      <p0826-teimww:book knoraType="link_value" linkType="ref" target="ww_3e15ab6c612eadae"/>
    </p0826-teimww:occursIn>
  </p0826-teimww:passage>
  <p0826-teimww:passage id="ww_4b48bbd7199e664c">
    <knoraXmlImport:label>passage</knoraXmlImport:label>
    <p0826-teimww:contains>
      <p0826-teimww:lexia knoraType="link_value" linkType="ref" target="ww_b415406188a271c1"/>
    </p0826-teimww:contains>
    <p0826-teimww:hasPage knoraType="richtext_value">[normalized spelling].</p0826-teimww:hasPage>
    <p0826-teimww:hasText knoraType="richtext_value">[Staines:] &lt;span class="quote"&gt;There is a devil has haunted me these three years, in likeness of an usurer, &lt;/span&gt;a fellow that in all his life never eat three groat loaves out of his owne purse [...].</p0826-teimww:hasText>
    <p0826-teimww:hasTextHist knoraType="richtext_value">[Staines:] There is a diuell has haunted me these three yeares, in likenesse of an Vsurer, a fellow that in all his life neuer eat three groat loaues out of his owne purse [...].</p0826-teimww:hasTextHist>
    <p0826-teimww:isMentionedIn>
      <p0826-teimww:passage knoraType="link_value" linkType="ref" target="ww_7540c0f1f3123f4b"/>
    </p0826-teimww:isMentionedIn>
    <p0826-teimww:occursIn>
      <p0826-teimww:book knoraType="link_value" linkType="ref" target="ww_04bc086989bd8c81"/>
    </p0826-teimww:occursIn>
    <p0826-teimww:wasContributedBy>
      <p0826-teimww:person knoraType="link_value" linkType="ref" target="ww_6202c1bb6957c9cc"/>
    </p0826-teimww:wasContributedBy>
  </p0826-teimww:passage>
  <p0826-teimww:passage id="ww_7540c0f1f3123f4b">
    <knoraXmlImport:label>passage</knoraXmlImport:label>
    <p0826-teimww:occursIn>
      <p0826-teimww:book knoraType="link_value" linkType="ref" target="ww_1140c36ab545b6d8"/>
    </p0826-teimww:occursIn>
  </p0826-teimww:passage>
  <p0826-teimww:passage id="ww_0b7cb22b770995c6">
    <knoraXmlImport:label>passage</knoraXmlImport:label>
    <p0826-teimww:contains>
      <p0826-teimww:lexia knoraType="link_value" linkType="ref" target="ww_fb3079752c9b6442"/>
    </p0826-teimww:contains>
    <p0826-teimww:hasPage knoraType="richtext_value">Act 4, scene 4, lines 413-416.</p0826-teimww:hasPage>
    <p0826-teimww:hasText knoraType="richtext_value">[Florizell:] I take thy hand, this hand, &lt;br&gt;
As soft as dove's down, and as white as it, &lt;br&gt;
Or Ethiopian's tooth, or the fann'd snow that's bolted &lt;br&gt;
By&lt;span class="quote"&gt; the northern blast &lt;/span&gt;twice o'er.</p0826-teimww:hasText>
    <p0826-teimww:isMentionedIn>
      <p0826-teimww:passage knoraType="link_value" linkType="ref" target="ww_2d14dc98854fa8e0"/>
    </p0826-teimww:isMentionedIn>
    <p0826-teimww:occursIn>
      <p0826-teimww:book knoraType="link_value" linkType="ref" target="ww_10467667a0394967"/>
    </p0826-teimww:occursIn>
    <p0826-teimww:wasContributedBy>
      <p0826-teimww:person knoraType="link_value" linkType="ref" target="ww_c4063e9c72a3ffd2"/>
    </p0826-teimww:wasContributedBy>
  </p0826-teimww:passage>
  <p0826-teimww:passage id="ww_2d14dc98854fa8e0">
    <knoraXmlImport:label>passage</knoraXmlImport:label>
    <p0826-teimww:occursIn>
      <p0826-teimww:book knoraType="link_value" linkType="ref" target="ww_1140c36ab545b6d8"/>
    </p0826-teimww:occursIn>
  </p0826-teimww:passage>
  <p0826-teimww:passage id="ww_5e5d4a7be7075f00">
    <knoraXmlImport:label>passage</knoraXmlImport:label>
    <p0826-teimww:contains>
      <p0826-teimww:lexia knoraType="link_value" linkType="ref" target="ww_88a35a9fad48b73f"/>
    </p0826-teimww:contains>
    <p0826-teimww:hasPage knoraType="richtext_value">1710; Act 4, scene 2, lines 106-108.</p0826-teimww:hasPage>
    <p0826-teimww:hasPageHist knoraType="richtext_value">N.p.; a bit over halfway into the play.</p0826-teimww:hasPageHist>
    <p0826-teimww:hasText knoraType="richtext_value">[Vittoria:] [...] You did name your Duchess. &lt;br/&gt;
[Bracciano:] Whose death God pardon. &lt;br/&gt;
[Vittoria:] &lt;span class="quote"&gt;Whose death God revenge &lt;/span&gt;[...].</p0826-teimww:hasText>
    <p0826-teimww:hasTextHist knoraType="richtext_value">[Vittoria:] [...] You did name your Dutchesse. &lt;br/&gt;
[Bracciano:] Whose death God pardon. &lt;br/&gt;
[Vittoria:] &lt;span class="quote"&gt;Whose death God reuenge &lt;/span&gt;[...].</p0826-teimww:hasTextHist>
    <p0826-teimww:isMentionedIn>
      <p0826-teimww:passage knoraType="link_value" linkType="ref" target="ww_412b814a96c5e279"/>
    </p0826-teimww:isMentionedIn>
    <p0826-teimww:occursIn>
      <p0826-teimww:book knoraType="link_value" linkType="ref" target="ww_51a308c9b1ba699d"/>
    </p0826-teimww:occursIn>
    <p0826-teimww:wasContributedBy>
      <p0826-teimww:person knoraType="link_value" linkType="ref" target="ww_b604df587d93b768"/>
    </p0826-teimww:wasContributedBy>
  </p0826-teimww:passage>
  <p0826-teimww:passage id="ww_412b814a96c5e279">
    <knoraXmlImport:label>passage</knoraXmlImport:label>
    <p0826-teimww:occursIn>
      <p0826-teimww:book knoraType="link_value" linkType="ref" target="ww_1140c36ab545b6d8"/>
    </p0826-teimww:occursIn>
  </p0826-teimww:passage>
  <p0826-teimww:passage id="ww_1c74341ce0767e15">
    <knoraXmlImport:label>passage</knoraXmlImport:label>
    <p0826-teimww:contains>
      <p0826-teimww:lexia knoraType="link_value" linkType="ref" target="ww_9b9aa7c2084213c0"/>
    </p0826-teimww:contains>
    <p0826-teimww:hasPage knoraType="richtext_value">1724 Act 5, scene 2, lines 37-40.</p0826-teimww:hasPage>
    <p0826-teimww:hasPageHist knoraType="richtext_value">3/4 into the play, line 2550.</p0826-teimww:hasPageHist>
    <p0826-teimww:hasText knoraType="richtext_value">[Cornelia:] [...] &lt;span class="quote"&gt;fetch a looking glass, see if his breath will not stain it; &lt;/span&gt;or pull out some feathers from my pillow, and lay them to his lips, will you lose him for a little painstaking?</p0826-teimww:hasText>
    <p0826-teimww:hasTextHist knoraType="richtext_value">[Cornelia:] [...] &lt;span class=quote"&gt;fetch a looking glasse, see if his breath will not staine it; &lt;/span&gt;or pull out some feathers from my pillow, and lay them to his lippes, will you loose him for a little paines taking?</p0826-teimww:hasTextHist>
    <p0826-teimww:isMentionedIn>
      <p0826-teimww:passage knoraType="link_value" linkType="ref" target="ww_2fc027d4d9b8c4cb"/>
    </p0826-teimww:isMentionedIn>
    <p0826-teimww:occursIn>
      <p0826-teimww:book knoraType="link_value" linkType="ref" target="ww_51a308c9b1ba699d"/>
    </p0826-teimww:occursIn>
    <p0826-teimww:wasContributedBy>
      <p0826-teimww:person knoraType="link_value" linkType="ref" target="ww_b604df587d93b768"/>
    </p0826-teimww:wasContributedBy>
  </p0826-teimww:passage>
  <p0826-teimww:passage id="ww_31579c21b639bbc8">
    <knoraXmlImport:label>passage</knoraXmlImport:label>
    <p0826-teimww:contains>
      <p0826-teimww:lexia knoraType="link_value" linkType="ref" target="ww_3ba4f388c8e04db8"/>
    </p0826-teimww:contains>
    <p0826-teimww:hasPage knoraType="richtext_value">Act 1, scene 2, lines 198-201.</p0826-teimww:hasPage>
    <p0826-teimww:hasText knoraType="richtext_value">[Queen Katherine:] [...] Take good heed &lt;br&gt;
You &lt;span class="quote"&gt;charge not in your spleen a noble person &lt;br&gt;&lt;/span&gt;
And spoil your nobler soul. I say, take heed - &lt;br&gt;
Yes, heartily beseech you.</p0826-teimww:hasText>
    <p0826-teimww:isMentionedIn>
      <p0826-teimww:passage knoraType="link_value" linkType="ref" target="ww_265971cf46e5d257"/>
    </p0826-teimww:isMentionedIn>
    <p0826-teimww:occursIn>
      <p0826-teimww:book knoraType="link_value" linkType="ref" target="ww_dbd5db889d39fd5c"/>
    </p0826-teimww:occursIn>
    <p0826-teimww:wasContributedBy>
      <p0826-teimww:person knoraType="link_value" linkType="ref" target="ww_c4063e9c72a3ffd2"/>
    </p0826-teimww:wasContributedBy>
  </p0826-teimww:passage>
  <p0826-teimww:passage id="ww_265971cf46e5d257">
    <knoraXmlImport:label>passage</knoraXmlImport:label>
    <p0826-teimww:occursIn>
      <p0826-teimww:book knoraType="link_value" linkType="ref" target="ww_1140c36ab545b6d8"/>
    </p0826-teimww:occursIn>
  </p0826-teimww:passage>
  <p0826-teimww:passage id="ww_893b02700f1a4964">
    <knoraXmlImport:label>passage</knoraXmlImport:label>
    <p0826-teimww:contains>
      <p0826-teimww:lexia knoraType="link_value" linkType="ref" target="ww_3883a7e46aec28a6"/>
    </p0826-teimww:contains>
    <p0826-teimww:hasPage knoraType="richtext_value">Act 1, scene 1, lines 155-161.</p0826-teimww:hasPage>
    <p0826-teimww:hasText knoraType="richtext_value">[Norfolk:] Stay, my lord, &lt;br&gt;
And let your reason with your choler question &lt;br&gt;
What 'tis you go about. To climb steep hills &lt;br&gt;
Requires slow pace at first. &lt;span class="quote"&gt;Anger is like &lt;br&gt;
A full hot horse who, being allowed his way, &lt;br&gt;
Self-mettle tires him. &lt;/span&gt;</p0826-teimww:hasText>
    <p0826-teimww:isMentionedIn>
      <p0826-teimww:passage knoraType="link_value" linkType="ref" target="ww_8e87da7c59d6c3de"/>
    </p0826-teimww:isMentionedIn>
    <p0826-teimww:occursIn>
      <p0826-teimww:book knoraType="link_value" linkType="ref" target="ww_dbd5db889d39fd5c"/>
    </p0826-teimww:occursIn>
    <p0826-teimww:wasContributedBy>
      <p0826-teimww:person knoraType="link_value" linkType="ref" target="ww_c4063e9c72a3ffd2"/>
    </p0826-teimww:wasContributedBy>
  </p0826-teimww:passage>
  <p0826-teimww:passage id="ww_8e87da7c59d6c3de">
    <knoraXmlImport:label>passage</knoraXmlImport:label>
    <p0826-teimww:occursIn>
      <p0826-teimww:book knoraType="link_value" linkType="ref" target="ww_1140c36ab545b6d8"/>
    </p0826-teimww:occursIn>
  </p0826-teimww:passage>
  <p0826-teimww:passage id="ww_e50c6f5aec6744d1">
    <knoraXmlImport:label>passage</knoraXmlImport:label>
    <p0826-teimww:contains>
      <p0826-teimww:lexia knoraType="link_value" linkType="ref" target="ww_8b57083d898eccc8"/>
    </p0826-teimww:contains>
    <p0826-teimww:hasPage knoraType="richtext_value">Act 3, scene 2, lines 275-280.</p0826-teimww:hasPage>
    <p0826-teimww:hasText knoraType="richtext_value">[Wolsey:] Nay then, farewell! &lt;br&gt;
&lt;span class="quote"&gt;I have touched the highest point of all my greatness, &lt;br&gt;
And from that full meridian of my glory &lt;/span&gt;&lt;br&gt;
I haste now to my setting. I shall fall &lt;br&gt;
Like a bright exhalation in the evening &lt;br&gt;
And no man see me more.</p0826-teimww:hasText>
    <p0826-teimww:isMentionedIn>
      <p0826-teimww:passage knoraType="link_value" linkType="ref" target="ww_625c6a7c9e0abb8d"/>
    </p0826-teimww:isMentionedIn>
    <p0826-teimww:occursIn>
      <p0826-teimww:book knoraType="link_value" linkType="ref" target="ww_dbd5db889d39fd5c"/>
    </p0826-teimww:occursIn>
    <p0826-teimww:wasContributedBy>
      <p0826-teimww:person knoraType="link_value" linkType="ref" target="ww_c4063e9c72a3ffd2"/>
    </p0826-teimww:wasContributedBy>
  </p0826-teimww:passage>
  <p0826-teimww:passage id="ww_625c6a7c9e0abb8d">
    <knoraXmlImport:label>passage</knoraXmlImport:label>
    <p0826-teimww:occursIn>
      <p0826-teimww:book knoraType="link_value" linkType="ref" target="ww_1140c36ab545b6d8"/>
    </p0826-teimww:occursIn>
  </p0826-teimww:passage>
  <p0826-teimww:passage id="ww_e80a6737fc66062b">
    <knoraXmlImport:label>passage</knoraXmlImport:label>
    <p0826-teimww:contains>
      <p0826-teimww:lexia knoraType="link_value" linkType="ref" target="ww_ab67c0bd02915be9"/>
    </p0826-teimww:contains>
    <p0826-teimww:hasPage knoraType="richtext_value">1816; act 5, scene 2, line 54.</p0826-teimww:hasPage>
    <p0826-teimww:hasPageHist knoraType="richtext_value">N.p.; act 5, scene 2.</p0826-teimww:hasPageHist>
    <p0826-teimww:hasText knoraType="richtext_value">[Ferdinand:] [...] &lt;span class="quote"&gt;What I have done, I have done: I'll confess nothing.&lt;/span&gt;</p0826-teimww:hasText>
    <p0826-teimww:hasTextHist knoraType="richtext_value">[Ferdinand:] [...] &lt;span class="quote"&gt;What I haue don, I haue don: I'll confesse nothing.&lt;/span&gt;</p0826-teimww:hasTextHist>
    <p0826-teimww:isMentionedIn>
      <p0826-teimww:passage knoraType="link_value" linkType="ref" target="ww_976112185f0aef52"/>
    </p0826-teimww:isMentionedIn>
    <p0826-teimww:occursIn>
      <p0826-teimww:book knoraType="link_value" linkType="ref" target="ww_daecaee38c79925b"/>
    </p0826-teimww:occursIn>
    <p0826-teimww:wasContributedBy>
      <p0826-teimww:person knoraType="link_value" linkType="ref" target="ww_b604df587d93b768"/>
    </p0826-teimww:wasContributedBy>
  </p0826-teimww:passage>
  <p0826-teimww:passage id="ww_efde7d3c79c6abf0">
    <knoraXmlImport:label>passage</knoraXmlImport:label>
    <p0826-teimww:contains>
      <p0826-teimww:lexia knoraType="link_value" linkType="ref" target="ww_6e8e976c1c1538fa"/>
    </p0826-teimww:contains>
    <p0826-teimww:hasPage knoraType="richtext_value">1821; act 5, scene 2, lines 253-254.</p0826-teimww:hasPage>
    <p0826-teimww:hasPageHist knoraType="richtext_value">N.p.; act 5, scene 2.</p0826-teimww:hasPageHist>
    <p0826-teimww:hasText knoraType="richtext_value">[Cardinal:] Satisfy thy longing, &lt;br&gt;
&lt;span class="quote"&gt;The only way to make thee keep my counsel, &lt;br&gt;
Is not to tell thee. &lt;/span&gt;</p0826-teimww:hasText>
    <p0826-teimww:hasTextHist knoraType="richtext_value">[Cardinal:] Satisfie thy longing, &lt;br&gt;
&lt;span class="quote"&gt;The onely way to make thee keepe my councell, &lt;br&gt;
Is not to tell thee. &lt;/span&gt;</p0826-teimww:hasTextHist>
    <p0826-teimww:isMentionedIn>
      <p0826-teimww:passage knoraType="link_value" linkType="ref" target="ww_2fa910aa0500ce9b"/>
    </p0826-teimww:isMentionedIn>
    <p0826-teimww:occursIn>
      <p0826-teimww:book knoraType="link_value" linkType="ref" target="ww_daecaee38c79925b"/>
    </p0826-teimww:occursIn>
    <p0826-teimww:wasContributedBy>
      <p0826-teimww:person knoraType="link_value" linkType="ref" target="ww_b604df587d93b768"/>
    </p0826-teimww:wasContributedBy>
  </p0826-teimww:passage>
  <p0826-teimww:passage id="ww_2fa910aa0500ce9b">
    <knoraXmlImport:label>passage</knoraXmlImport:label>
    <p0826-teimww:occursIn>
      <p0826-teimww:book knoraType="link_value" linkType="ref" target="ww_1140c36ab545b6d8"/>
    </p0826-teimww:occursIn>
  </p0826-teimww:passage>
  <p0826-teimww:passage id="ww_405d5c17bc1473cd">
    <knoraXmlImport:label>passage</knoraXmlImport:label>
    <p0826-teimww:contains>
      <p0826-teimww:lexia knoraType="link_value" linkType="ref" target="ww_7583e972af326108"/>
    </p0826-teimww:contains>
    <p0826-teimww:hasPage knoraType="richtext_value">1830; act 5, scene 5, line 111.</p0826-teimww:hasPage>
    <p0826-teimww:hasPageHist knoraType="richtext_value">N.p.; act 5, scene 5.</p0826-teimww:hasPageHist>
    <p0826-teimww:hasText knoraType="richtext_value">[Malateste:] Thou wretched&lt;span class="quote"&gt; thing of blood &lt;/span&gt;[...].</p0826-teimww:hasText>
    <p0826-teimww:hasTextHist knoraType="richtext_value">[Malateste:] Thou wretched&lt;span class="quote"&gt; thing of blood &lt;/span&gt;[...].</p0826-teimww:hasTextHist>
    <p0826-teimww:isMentionedIn>
      <p0826-teimww:passage knoraType="link_value" linkType="ref" target="ww_976112185f0aef52"/>
    </p0826-teimww:isMentionedIn>
    <p0826-teimww:occursIn>
      <p0826-teimww:book knoraType="link_value" linkType="ref" target="ww_daecaee38c79925b"/>
    </p0826-teimww:occursIn>
    <p0826-teimww:wasContributedBy>
      <p0826-teimww:person knoraType="link_value" linkType="ref" target="ww_b604df587d93b768"/>
    </p0826-teimww:wasContributedBy>
  </p0826-teimww:passage>
  <p0826-teimww:passage id="ww_88889f33e24d6049">
    <knoraXmlImport:label>passage</knoraXmlImport:label>
    <p0826-teimww:contains>
      <p0826-teimww:lexia knoraType="link_value" linkType="ref" target="ww_f0518736ee829a19"/>
    </p0826-teimww:contains>
    <p0826-teimww:hasPage knoraType="richtext_value">Leaf 69, back [normalized spelling].</p0826-teimww:hasPage>
    <p0826-teimww:hasPageHist knoraType="richtext_value">Leaf 69, back.</p0826-teimww:hasPageHist>
    <p0826-teimww:hasText knoraType="richtext_value">Excellent Queen! what do my words, but wrong thy worth? &lt;span class="quote"&gt;what do I but guild gold? &lt;/span&gt;what, but she the Sun with a candle in attempting to praise thee, whose honor doth fly over the whole world upon the two wings of magnanimity, and justice, whose perfection shall much gimme the Lustre of all other, that shall be of thy Sex. </p0826-teimww:hasText>
    <p0826-teimww:hasTextHist knoraType="richtext_value">Exzellent Queene! what doe my words, but wrong thy worth? &lt;span class="quote"&gt;what doe I but guild gold? &lt;/span&gt;what, but she the Sunne with a candle in attempting to praise thee, whose honor doth fly over the whole world upon the two winges of magnanimity, and justice, whose perfectione shall much gimme the Lustre of all other, that shall be of thy Sexe. </p0826-teimww:hasTextHist>
    <p0826-teimww:isMentionedIn>
      <p0826-teimww:passage knoraType="link_value" linkType="ref" target="ww_cd45f8addab940fc"/>
    </p0826-teimww:isMentionedIn>
    <p0826-teimww:occursIn>
      <p0826-teimww:book knoraType="link_value" linkType="ref" target="ww_b67be63a94c57f53"/>
    </p0826-teimww:occursIn>
    <p0826-teimww:wasContributedBy>
      <p0826-teimww:person knoraType="link_value" linkType="ref" target="ww_6202c1bb6957c9cc"/>
    </p0826-teimww:wasContributedBy>
  </p0826-teimww:passage>
  <p0826-teimww:passage id="ww_cd45f8addab940fc">
    <knoraXmlImport:label>passage</knoraXmlImport:label>
    <p0826-teimww:occursIn>
      <p0826-teimww:book knoraType="link_value" linkType="ref" target="ww_1140c36ab545b6d8"/>
    </p0826-teimww:occursIn>
  </p0826-teimww:passage>
  <p0826-teimww:passage id="ww_87d2e4eaedc58dba">
    <knoraXmlImport:label>passage</knoraXmlImport:label>
    <p0826-teimww:contains>
      <p0826-teimww:lexia knoraType="link_value" linkType="ref" target="ww_4c5dc9a60ce0db16"/>
    </p0826-teimww:contains>
    <p0826-teimww:hasPage knoraType="richtext_value">1809; act 4, scene 2, lines 229-231.</p0826-teimww:hasPage>
    <p0826-teimww:hasPageHist knoraType="richtext_value">N.p.; act 4, scene 2.</p0826-teimww:hasPageHist>
    <p0826-teimww:hasText knoraType="richtext_value">[Duchess:] [...] Yet stay, &lt;span class="quote"&gt;heaven gates are not so highly arch'd &lt;br&gt;
As Princes palaces, they that enter there &lt;br&gt;
Must go upon their knees &lt;/span&gt;[...].</p0826-teimww:hasText>
    <p0826-teimww:hasTextHist knoraType="richtext_value">[Duchess:] [...] Yet stay, heauen gates are not so highly arch'd &lt;br&gt;
As Princes pallaces, they that enter there &lt;br&gt;
Must go vpon their knees [...].</p0826-teimww:hasTextHist>
    <p0826-teimww:isMentionedIn>
      <p0826-teimww:passage knoraType="link_value" linkType="ref" target="ww_e11b1c394bc38375"/>
    </p0826-teimww:isMentionedIn>
    <p0826-teimww:occursIn>
      <p0826-teimww:book knoraType="link_value" linkType="ref" target="ww_daecaee38c79925b"/>
    </p0826-teimww:occursIn>
    <p0826-teimww:wasContributedBy>
      <p0826-teimww:person knoraType="link_value" linkType="ref" target="ww_b604df587d93b768"/>
    </p0826-teimww:wasContributedBy>
  </p0826-teimww:passage>
  <p0826-teimww:passage id="ww_296cf5497405a93a">
    <knoraXmlImport:label>passage</knoraXmlImport:label>
    <p0826-teimww:contains>
      <p0826-teimww:lexia knoraType="link_value" linkType="ref" target="ww_8a78da48b89f20f6"/>
    </p0826-teimww:contains>
    <p0826-teimww:hasPage knoraType="richtext_value">1812; act 4, scene 2, lines 329-330.</p0826-teimww:hasPage>
    <p0826-teimww:hasPageHist knoraType="richtext_value">N.p.; act 4, scene 2.</p0826-teimww:hasPageHist>
    <p0826-teimww:hasText knoraType="richtext_value">[Ferdinand:] &lt;span class="quote"&gt;Get thee into some unknown part o'th' world &lt;br&gt;
That I may never see thee. &lt;/span&gt;</p0826-teimww:hasText>
    <p0826-teimww:hasTextHist knoraType="richtext_value">[Ferdinand:] Get thee into some vnknowne part o'th' world &lt;br&gt;
That I may neuer see thee. </p0826-teimww:hasTextHist>
    <p0826-teimww:isMentionedIn>
      <p0826-teimww:passage knoraType="link_value" linkType="ref" target="ww_fdcaeea54f5d2928"/>
    </p0826-teimww:isMentionedIn>
    <p0826-teimww:occursIn>
      <p0826-teimww:book knoraType="link_value" linkType="ref" target="ww_daecaee38c79925b"/>
    </p0826-teimww:occursIn>
    <p0826-teimww:wasContributedBy>
      <p0826-teimww:person knoraType="link_value" linkType="ref" target="ww_b604df587d93b768"/>
    </p0826-teimww:wasContributedBy>
  </p0826-teimww:passage>
  <p0826-teimww:passage id="ww_fdcaeea54f5d2928">
    <knoraXmlImport:label>passage</knoraXmlImport:label>
    <p0826-teimww:occursIn>
      <p0826-teimww:book knoraType="link_value" linkType="ref" target="ww_1140c36ab545b6d8"/>
    </p0826-teimww:occursIn>
  </p0826-teimww:passage>
  <p0826-teimww:passage id="ww_5230b2287c6dada6">
    <knoraXmlImport:label>passage</knoraXmlImport:label>
    <p0826-teimww:contains>
      <p0826-teimww:lexia knoraType="link_value" linkType="ref" target="ww_07bb463774267ca2"/>
    </p0826-teimww:contains>
    <p0826-teimww:hasPage knoraType="richtext_value">Prologue, lines 9-14.</p0826-teimww:hasPage>
    <p0826-teimww:hasText knoraType="richtext_value">[Prologue:] We pray our play may be so, for I am sure &lt;br&gt;
It has a noble breeder and a pure, &lt;br&gt;
A learnèd, and a poet never went &lt;br&gt;
More famous yet 'twixt Po and silver Trent. &lt;br&gt;
&lt;span class="quote"&gt;Chaucer, of all admired, the story gives;&lt;br&gt;&lt;/span&gt;
There, constant to eternity, it lives.</p0826-teimww:hasText>
    <p0826-teimww:isMentionedIn>
      <p0826-teimww:passage knoraType="link_value" linkType="ref" target="ww_220fa0e10aa1bee8"/>
    </p0826-teimww:isMentionedIn>
    <p0826-teimww:occursIn>
      <p0826-teimww:book knoraType="link_value" linkType="ref" target="ww_384598056518c080"/>
    </p0826-teimww:occursIn>
    <p0826-teimww:wasContributedBy>
      <p0826-teimww:person knoraType="link_value" linkType="ref" target="ww_c4063e9c72a3ffd2"/>
    </p0826-teimww:wasContributedBy>
  </p0826-teimww:passage>
  <p0826-teimww:passage id="ww_220fa0e10aa1bee8">
    <knoraXmlImport:label>passage</knoraXmlImport:label>
    <p0826-teimww:occursIn>
      <p0826-teimww:book knoraType="link_value" linkType="ref" target="ww_3e15ab6c612eadae"/>
    </p0826-teimww:occursIn>
  </p0826-teimww:passage>
  <p0826-teimww:passage id="ww_8b207258f9035916">
    <knoraXmlImport:label>passage</knoraXmlImport:label>
    <p0826-teimww:contains>
      <p0826-teimww:lexia knoraType="link_value" linkType="ref" target="ww_a46930755f73f0d2"/>
    </p0826-teimww:contains>
    <p0826-teimww:hasText knoraType="richtext_value">My tongue in &lt;span class="quote"&gt;fire dragons' spleen &lt;/span&gt;I steepe, &lt;br&gt;
That acts, with accents, cruelty may found [...] </p0826-teimww:hasText>
    <p0826-teimww:isMentionedIn>
      <p0826-teimww:passage knoraType="link_value" linkType="ref" target="ww_bdb43fb9b7ec80ae"/>
    </p0826-teimww:isMentionedIn>
    <p0826-teimww:occursIn>
      <p0826-teimww:book knoraType="link_value" linkType="ref" target="ww_1cf38ae034d82923"/>
    </p0826-teimww:occursIn>
    <p0826-teimww:wasContributedBy>
      <p0826-teimww:person knoraType="link_value" linkType="ref" target="ww_b604df587d93b768"/>
    </p0826-teimww:wasContributedBy>
  </p0826-teimww:passage>
  <p0826-teimww:passage id="ww_bdb43fb9b7ec80ae">
    <knoraXmlImport:label>passage</knoraXmlImport:label>
    <p0826-teimww:occursIn>
      <p0826-teimww:book knoraType="link_value" linkType="ref" target="ww_1140c36ab545b6d8"/>
    </p0826-teimww:occursIn>
  </p0826-teimww:passage>
  <p0826-teimww:passage id="ww_95e7aafc05da02c6">
    <knoraXmlImport:label>passage</knoraXmlImport:label>
    <p0826-teimww:contains>
      <p0826-teimww:lexia knoraType="link_value" linkType="ref" target="ww_a8170e902ed54b05"/>
    </p0826-teimww:contains>
    <p0826-teimww:hasText knoraType="richtext_value">My working head &lt;span class="quote"&gt;(my counsel's consistory) &lt;br&gt;&lt;/span&gt;
Debates how I might range, the princess living.</p0826-teimww:hasText>
    <p0826-teimww:isMentionedIn>
      <p0826-teimww:passage knoraType="link_value" linkType="ref" target="ww_076506d1429eac3d"/>
    </p0826-teimww:isMentionedIn>
    <p0826-teimww:occursIn>
      <p0826-teimww:book knoraType="link_value" linkType="ref" target="ww_1cf38ae034d82923"/>
    </p0826-teimww:occursIn>
    <p0826-teimww:wasContributedBy>
      <p0826-teimww:person knoraType="link_value" linkType="ref" target="ww_b604df587d93b768"/>
    </p0826-teimww:wasContributedBy>
  </p0826-teimww:passage>
  <p0826-teimww:passage id="ww_076506d1429eac3d">
    <knoraXmlImport:label>passage</knoraXmlImport:label>
    <p0826-teimww:occursIn>
      <p0826-teimww:book knoraType="link_value" linkType="ref" target="ww_1140c36ab545b6d8"/>
    </p0826-teimww:occursIn>
  </p0826-teimww:passage>
  <p0826-teimww:passage id="ww_80ee910e072a66b9">
    <knoraXmlImport:label>passage</knoraXmlImport:label>
    <p0826-teimww:contains>
      <p0826-teimww:lexia knoraType="link_value" linkType="ref" target="ww_e23847bc99f2dfbd"/>
    </p0826-teimww:contains>
    <p0826-teimww:hasText knoraType="richtext_value">The devilish fury in my breast intends, &lt;br&gt;
&lt;span class="quote"&gt;In spite of danger and all opposite bars; &lt;br&gt;
To cut this knot the mystic fates contain, &lt;br&gt;
And set my life and kingdom on this main.&lt;/span&gt;</p0826-teimww:hasText>
    <p0826-teimww:isMentionedIn>
      <p0826-teimww:passage knoraType="link_value" linkType="ref" target="ww_39b8982b4cbf30ab"/>
    </p0826-teimww:isMentionedIn>
    <p0826-teimww:occursIn>
      <p0826-teimww:book knoraType="link_value" linkType="ref" target="ww_1cf38ae034d82923"/>
    </p0826-teimww:occursIn>
    <p0826-teimww:wasContributedBy>
      <p0826-teimww:person knoraType="link_value" linkType="ref" target="ww_b604df587d93b768"/>
    </p0826-teimww:wasContributedBy>
  </p0826-teimww:passage>
  <p0826-teimww:passage id="ww_39b8982b4cbf30ab">
    <knoraXmlImport:label>passage</knoraXmlImport:label>
    <p0826-teimww:occursIn>
      <p0826-teimww:book knoraType="link_value" linkType="ref" target="ww_1140c36ab545b6d8"/>
    </p0826-teimww:occursIn>
  </p0826-teimww:passage>
  <p0826-teimww:passage id="ww_0af3189ea0a5007e">
    <knoraXmlImport:label>passage</knoraXmlImport:label>
    <p0826-teimww:contains>
      <p0826-teimww:lexia knoraType="link_value" linkType="ref" target="ww_04501940a465406a"/>
    </p0826-teimww:contains>
    <p0826-teimww:hasPage knoraType="richtext_value">1143; act 2, scene 2.</p0826-teimww:hasPage>
    <p0826-teimww:hasPageHist knoraType="richtext_value">24.</p0826-teimww:hasPageHist>
    <p0826-teimww:hasText knoraType="richtext_value">[Almachildes:] […] The whoreson old hellcat would have given me &lt;span class="quote"&gt;the brain of a cat &lt;/span&gt;once, in my handkerchief [...].</p0826-teimww:hasText>
    <p0826-teimww:hasTextHist knoraType="richtext_value">[Almachildes:] […] The whorson old Helcat, would haue given me &lt;span class="quote"&gt;the Brayne of a Catt &lt;/span&gt;once [...].</p0826-teimww:hasTextHist>
    <p0826-teimww:isMentionedIn>
      <p0826-teimww:passage knoraType="link_value" linkType="ref" target="ww_a7f6229e5e036c3d"/>
    </p0826-teimww:isMentionedIn>
    <p0826-teimww:occursIn>
      <p0826-teimww:book knoraType="link_value" linkType="ref" target="ww_bd4833a9064eaee2"/>
    </p0826-teimww:occursIn>
    <p0826-teimww:wasContributedBy>
      <p0826-teimww:person knoraType="link_value" linkType="ref" target="ww_b604df587d93b768"/>
    </p0826-teimww:wasContributedBy>
  </p0826-teimww:passage>
  <p0826-teimww:passage id="ww_a7f6229e5e036c3d">
    <knoraXmlImport:label>passage</knoraXmlImport:label>
    <p0826-teimww:occursIn>
      <p0826-teimww:book knoraType="link_value" linkType="ref" target="ww_d0062b214b9d3402"/>
    </p0826-teimww:occursIn>
  </p0826-teimww:passage>
  <p0826-teimww:passage id="ww_9a189b4e58de4a45">
    <knoraXmlImport:label>passage</knoraXmlImport:label>
    <p0826-teimww:contains>
      <p0826-teimww:lexia knoraType="link_value" linkType="ref" target="ww_8e5d05d8bd2bf083"/>
    </p0826-teimww:contains>
    <p0826-teimww:hasPage knoraType="richtext_value">1233; act 4, scene 1, lines 27-28.</p0826-teimww:hasPage>
    <p0826-teimww:hasPageHist knoraType="richtext_value">N.p.; act 4, scene 1, line 26.</p0826-teimww:hasPageHist>
    <p0826-teimww:hasText knoraType="richtext_value">[Second:] [...] tell me in what language I shall roar a lecture to you, or I'll read to you &lt;span class="quote"&gt;the mathematical science of roaring.&lt;/span&gt;</p0826-teimww:hasText>
    <p0826-teimww:hasTextHist knoraType="richtext_value">[Second:] [...] or ile read to you &lt;span class="quote"&gt;the Mathematicall  science of Roaring.&lt;/span&gt;</p0826-teimww:hasTextHist>
    <p0826-teimww:isMentionedIn>
      <p0826-teimww:passage knoraType="link_value" linkType="ref" target="ww_6b601632a639190a"/>
    </p0826-teimww:isMentionedIn>
    <p0826-teimww:occursIn>
      <p0826-teimww:book knoraType="link_value" linkType="ref" target="ww_7da5186d0ba71c05"/>
    </p0826-teimww:occursIn>
    <p0826-teimww:wasContributedBy>
      <p0826-teimww:person knoraType="link_value" linkType="ref" target="ww_b604df587d93b768"/>
    </p0826-teimww:wasContributedBy>
  </p0826-teimww:passage>
  <p0826-teimww:passage id="ww_9a8802e1905d3ef6">
    <knoraXmlImport:label>passage</knoraXmlImport:label>
    <p0826-teimww:contains>
      <p0826-teimww:lexia knoraType="link_value" linkType="ref" target="ww_277719f481321baa"/>
    </p0826-teimww:contains>
    <p0826-teimww:hasPage knoraType="richtext_value">act 2, scene 2 [normalized spelling].</p0826-teimww:hasPage>
    <p0826-teimww:hasPageHist knoraType="richtext_value">act 2, scene 2.</p0826-teimww:hasPageHist>
    <p0826-teimww:hasText knoraType="richtext_value">[Ariosto:] &lt;span class="quote"&gt;O yong quat &lt;/span&gt;[...].</p0826-teimww:hasText>
    <p0826-teimww:hasTextHist knoraType="richtext_value">[Ariosto:] span class="quote"&gt;O yong quat &lt;/span&gt;[...].</p0826-teimww:hasTextHist>
    <p0826-teimww:isMentionedIn>
      <p0826-teimww:passage knoraType="link_value" linkType="ref" target="ww_ea933de51df08154"/>
    </p0826-teimww:isMentionedIn>
    <p0826-teimww:occursIn>
      <p0826-teimww:book knoraType="link_value" linkType="ref" target="ww_1e8eac0ecb7f6a95"/>
    </p0826-teimww:occursIn>
    <p0826-teimww:wasContributedBy>
      <p0826-teimww:person knoraType="link_value" linkType="ref" target="ww_b604df587d93b768"/>
    </p0826-teimww:wasContributedBy>
  </p0826-teimww:passage>
  <p0826-teimww:passage id="ww_c9cea4739d297b14">
    <knoraXmlImport:label>passage</knoraXmlImport:label>
    <p0826-teimww:contains>
      <p0826-teimww:lexia knoraType="link_value" linkType="ref" target="ww_471809136403e42c"/>
    </p0826-teimww:contains>
    <p0826-teimww:hasPage knoraType="richtext_value">N.p.; act 4, Scene 4 around line 90 [normalised spelling].</p0826-teimww:hasPage>
    <p0826-teimww:hasPageHist knoraType="richtext_value">N.p.; act 4, Scene 4 around line 90.</p0826-teimww:hasPageHist>
    <p0826-teimww:hasText knoraType="richtext_value">[Charlois:] And look that you that have been &lt;span class="quote"&gt;eagle-eyed &lt;/span&gt;&lt;br&gt; 
In other men's affairs, prove not a mole &lt;br&gt;
In what concerns yourself. </p0826-teimww:hasText>
    <p0826-teimww:hasTextHist knoraType="richtext_value">[Charlois:] And looke that you that haue beene Eagle-eyd &lt;br&gt; 
In other mens affaires, proue not a Mole &lt;br&gt;
In what concernes your selfe. </p0826-teimww:hasTextHist>
    <p0826-teimww:isMentionedIn>
      <p0826-teimww:passage knoraType="link_value" linkType="ref" target="ww_9f7835e863b052de"/>
    </p0826-teimww:isMentionedIn>
    <p0826-teimww:occursIn>
      <p0826-teimww:book knoraType="link_value" linkType="ref" target="ww_6318ed97b9193504"/>
    </p0826-teimww:occursIn>
    <p0826-teimww:wasContributedBy>
      <p0826-teimww:person knoraType="link_value" linkType="ref" target="ww_7f35f6802efd910d"/>
    </p0826-teimww:wasContributedBy>
  </p0826-teimww:passage>
  <p0826-teimww:passage id="ww_048555f2dc8b011e">
    <knoraXmlImport:label>passage</knoraXmlImport:label>
    <p0826-teimww:contains>
      <p0826-teimww:lexia knoraType="link_value" linkType="ref" target="ww_c17fd00a5994ad12"/>
    </p0826-teimww:contains>
    <p0826-teimww:hasPage knoraType="richtext_value">8; act 2, scene 1.</p0826-teimww:hasPage>
    <p0826-teimww:hasPageHist knoraType="richtext_value">8; act 2, scene 1.</p0826-teimww:hasPageHist>
    <p0826-teimww:hasText knoraType="richtext_value">[Rutilio:] &lt;span class="quote"&gt;There is an hour in each man's life appointed &lt;br/&gt; 
To make his happiness if then he seize it &lt;/span&gt;[...].</p0826-teimww:hasText>
    <p0826-teimww:hasTextHist knoraType="richtext_value">[Rutilio:] &lt;span class="quote"&gt;There is an hour in each mans life appointed &lt;br/&gt; 
To make his happinesse if then he seize it &lt;/span&gt;[...].</p0826-teimww:hasTextHist>
    <p0826-teimww:isMentionedIn>
      <p0826-teimww:passage knoraType="link_value" linkType="ref" target="ww_2d220c91df09af6a"/>
    </p0826-teimww:isMentionedIn>
    <p0826-teimww:occursIn>
      <p0826-teimww:book knoraType="link_value" linkType="ref" target="ww_21998f3517e8979a"/>
    </p0826-teimww:occursIn>
    <p0826-teimww:wasContributedBy>
      <p0826-teimww:person knoraType="link_value" linkType="ref" target="ww_b604df587d93b768"/>
    </p0826-teimww:wasContributedBy>
  </p0826-teimww:passage>
  <p0826-teimww:passage id="ww_5c88e7ec94fbbc89">
    <knoraXmlImport:label>passage</knoraXmlImport:label>
    <p0826-teimww:contains>
      <p0826-teimww:lexia knoraType="link_value" linkType="ref" target="ww_e7710650cc9f9970"/>
    </p0826-teimww:contains>
    <p0826-teimww:hasPage knoraType="richtext_value">N.p.; act 1, scene 1.</p0826-teimww:hasPage>
    <p0826-teimww:hasPageHist knoraType="richtext_value">N.p.; act 1, scene 1.</p0826-teimww:hasPageHist>
    <p0826-teimww:hasText knoraType="richtext_value">[Diocletian:] I believe &lt;br&gt;
Your tongues are the true Trumpets of your hearts,&lt;br&gt;
And in it I most happy Queen of fate,&lt;br&gt;
&lt;span class="quote"&gt;Imperious Fortune mix some light disaster&lt;br&gt;
With my so many joys to season 'em,&lt;br&gt;
And give them sweeter relish &lt;/span&gt;[...].</p0826-teimww:hasText>
    <p0826-teimww:hasTextHist knoraType="richtext_value">[Dioclesian:] I beleeue&lt;br&gt;
Your tongues are the true Trumpets of your hearts,&lt;br&gt;
And in it I most happy Queene of fate,&lt;br&gt;
&lt;span class="quote"&gt;Imperious Fortune mixe some light disaster&lt;br&gt;
With my so many ioyes to season em,&lt;br&gt;
And giue them sweeter rellish &lt;/span&gt;[...].</p0826-teimww:hasTextHist>
    <p0826-teimww:isMentionedIn>
      <p0826-teimww:passage knoraType="link_value" linkType="ref" target="ww_e5dc478efa51aeb7"/>
    </p0826-teimww:isMentionedIn>
    <p0826-teimww:occursIn>
      <p0826-teimww:book knoraType="link_value" linkType="ref" target="ww_e7c84f709b583d5f"/>
    </p0826-teimww:occursIn>
    <p0826-teimww:wasContributedBy>
      <p0826-teimww:person knoraType="link_value" linkType="ref" target="ww_6202c1bb6957c9cc"/>
    </p0826-teimww:wasContributedBy>
  </p0826-teimww:passage>
  <p0826-teimww:passage id="ww_e5dc478efa51aeb7">
    <knoraXmlImport:label>passage</knoraXmlImport:label>
    <p0826-teimww:occursIn>
      <p0826-teimww:book knoraType="link_value" linkType="ref" target="ww_1140c36ab545b6d8"/>
    </p0826-teimww:occursIn>
  </p0826-teimww:passage>
  <p0826-teimww:passage id="ww_c08d294bf16ad0dc">
    <knoraXmlImport:label>passage</knoraXmlImport:label>
    <p0826-teimww:contains>
      <p0826-teimww:lexia knoraType="link_value" linkType="ref" target="ww_2008aa4179fe3e87"/>
    </p0826-teimww:contains>
    <p0826-teimww:hasPage knoraType="richtext_value">1478; act 4, scene 4, lines 115-117.</p0826-teimww:hasPage>
    <p0826-teimww:hasPageHist knoraType="richtext_value">N.p.; act 5, scene 1.</p0826-teimww:hasPageHist>
    <p0826-teimww:hasText knoraType="richtext_value">[Vortiger:] [...] &lt;span class="quote"&gt;Methinks the murder of &lt;i&gt;Constantius&lt;/i&gt; &lt;br&gt;
Speaks to me in the voice of't, and the wrongs &lt;br&gt;
Of our late queen, slipp'd both into one organ&lt;span class="quote"&gt; [...].</p0826-teimww:hasText>
    <p0826-teimww:hasTextHist knoraType="richtext_value">[Vortiger:] [...] &lt;span class="quote"&gt;Methinks the murther of &lt;i&gt;Constantius&lt;/i&gt; &lt;br&gt;
Speaks to me in the voice of't, and the wrongs &lt;br&gt;
Of our late queen, slipp'd both into one Organ.&lt;/span&gt;</p0826-teimww:hasTextHist>
    <p0826-teimww:isMentionedIn>
      <p0826-teimww:passage knoraType="link_value" linkType="ref" target="ww_ac44aca24fd18a32"/>
    </p0826-teimww:isMentionedIn>
    <p0826-teimww:occursIn>
      <p0826-teimww:book knoraType="link_value" linkType="ref" target="ww_518300e10a2ce48a"/>
    </p0826-teimww:occursIn>
    <p0826-teimww:wasContributedBy>
      <p0826-teimww:person knoraType="link_value" linkType="ref" target="ww_6202c1bb6957c9cc"/>
    </p0826-teimww:wasContributedBy>
  </p0826-teimww:passage>
  <p0826-teimww:passage id="ww_ac44aca24fd18a32">
    <knoraXmlImport:label>passage</knoraXmlImport:label>
    <p0826-teimww:occursIn>
      <p0826-teimww:book knoraType="link_value" linkType="ref" target="ww_1140c36ab545b6d8"/>
    </p0826-teimww:occursIn>
  </p0826-teimww:passage>
  <p0826-teimww:passage id="ww_144ff64e9aea8ae0">
    <knoraXmlImport:label>passage</knoraXmlImport:label>
    <p0826-teimww:contains>
      <p0826-teimww:lexia knoraType="link_value" linkType="ref" target="ww_92c600bbf7c0e70c"/>
    </p0826-teimww:contains>
    <p0826-teimww:hasPage knoraType="richtext_value">Part 1, 306; section 2, member 3, subsection 15.</p0826-teimww:hasPage>
    <p0826-teimww:hasText knoraType="richtext_value">&lt;span class="quote"&gt;Like an ass, he wears out his time for provender &lt;/span&gt;[...].</p0826-teimww:hasText>
    <p0826-teimww:isMentionedIn>
      <p0826-teimww:passage knoraType="link_value" linkType="ref" target="ww_098b64bd5cd7d978"/>
    </p0826-teimww:isMentionedIn>
    <p0826-teimww:occursIn>
      <p0826-teimww:book knoraType="link_value" linkType="ref" target="ww_a30bbb1b8d836e24"/>
    </p0826-teimww:occursIn>
    <p0826-teimww:wasContributedBy>
      <p0826-teimww:person knoraType="link_value" linkType="ref" target="ww_b604df587d93b768"/>
    </p0826-teimww:wasContributedBy>
  </p0826-teimww:passage>
  <p0826-teimww:passage id="ww_098b64bd5cd7d978">
    <knoraXmlImport:label>passage</knoraXmlImport:label>
    <p0826-teimww:occursIn>
      <p0826-teimww:book knoraType="link_value" linkType="ref" target="ww_1140c36ab545b6d8"/>
    </p0826-teimww:occursIn>
  </p0826-teimww:passage>
  <p0826-teimww:passage id="ww_c1321e89ed368946">
    <knoraXmlImport:label>passage</knoraXmlImport:label>
    <p0826-teimww:contains>
      <p0826-teimww:lexia knoraType="link_value" linkType="ref" target="ww_917d226a0202b102"/>
    </p0826-teimww:contains>
    <p0826-teimww:hasPage knoraType="richtext_value">N.p.; act 4, scene 6 [spelling normalized].</p0826-teimww:hasPage>
    <p0826-teimww:hasPageHist knoraType="richtext_value">N.p.; act 4, scene 6.</p0826-teimww:hasPageHist>
    <p0826-teimww:hasText knoraType="richtext_value">[Diocles:] [...] I dedicate to Virtue; and to keep &lt;br&gt;
my faith untainted, &lt;span class="quote"&gt;farewell Pride and Pomp, &lt;br&gt; 
and circumstance of glorious Majesty, &lt;br&gt;&lt;/span&gt;
farewell for ever.</p0826-teimww:hasText>
    <p0826-teimww:hasTextHist knoraType="richtext_value">[Diocles:] [...] I dedicate to Vertue; and to keep &lt;br&gt;
my faith untainted, &lt;span class="quote"&gt;farewell Pride and Pomp, &lt;br&gt; 
and circumstance of glorious Majestie, &lt;br&gt;&lt;/span&gt;
farewell for ever.</p0826-teimww:hasTextHist>
    <p0826-teimww:isMentionedIn>
      <p0826-teimww:passage knoraType="link_value" linkType="ref" target="ww_0561778b1d9d13a4"/>
    </p0826-teimww:isMentionedIn>
    <p0826-teimww:occursIn>
      <p0826-teimww:book knoraType="link_value" linkType="ref" target="ww_ba414031d5e5f20b"/>
    </p0826-teimww:occursIn>
    <p0826-teimww:wasContributedBy>
      <p0826-teimww:person knoraType="link_value" linkType="ref" target="ww_b604df587d93b768"/>
    </p0826-teimww:wasContributedBy>
  </p0826-teimww:passage>
  <p0826-teimww:passage id="ww_0561778b1d9d13a4">
    <knoraXmlImport:label>passage</knoraXmlImport:label>
    <p0826-teimww:occursIn>
      <p0826-teimww:book knoraType="link_value" linkType="ref" target="ww_1140c36ab545b6d8"/>
    </p0826-teimww:occursIn>
  </p0826-teimww:passage>
  <p0826-teimww:passage id="ww_4413dc320607af33">
    <knoraXmlImport:label>passage</knoraXmlImport:label>
    <p0826-teimww:contains>
      <p0826-teimww:lexia knoraType="link_value" linkType="ref" target="ww_8b57083d898eccc8"/>
    </p0826-teimww:contains>
    <p0826-teimww:hasPage knoraType="richtext_value">42 [normalized spelling].</p0826-teimww:hasPage>
    <p0826-teimww:hasPageHist knoraType="richtext_value">42.</p0826-teimww:hasPageHist>
    <p0826-teimww:hasText knoraType="richtext_value">[Diocles:] No, I will not be pluck'd out by the ears &lt;br&gt;
out of this glorious castle; uncompell'd &lt;br&gt;
I will surrender rather: Let it suffice, &lt;br&gt;
&lt;span class="quote"&gt;I have touch'd the height of human happinesse,&lt;br&gt; 
and here I fix Nil ultra.&lt;/span&gt;</p0826-teimww:hasText>
    <p0826-teimww:hasTextHist knoraType="richtext_value">[Diocles:] No, I will not be pluck'd out by the ears &lt;br&gt;
out of this glorious castle; uncompell'd &lt;br&gt;
I will surrender rather: Let it suffice, &lt;br&gt;
&lt;span class="quote"&gt;I have touch'd the height of humane happinesse,&lt;br&gt; 
and here I fix Nil ultra.&lt;/span&gt;</p0826-teimww:hasTextHist>
    <p0826-teimww:isMentionedIn>
      <p0826-teimww:passage knoraType="link_value" linkType="ref" target="ww_e895a75551290abe"/>
    </p0826-teimww:isMentionedIn>
    <p0826-teimww:occursIn>
      <p0826-teimww:book knoraType="link_value" linkType="ref" target="ww_ba414031d5e5f20b"/>
    </p0826-teimww:occursIn>
    <p0826-teimww:wasContributedBy>
      <p0826-teimww:person knoraType="link_value" linkType="ref" target="ww_6202c1bb6957c9cc"/>
    </p0826-teimww:wasContributedBy>
  </p0826-teimww:passage>
  <p0826-teimww:passage id="ww_e895a75551290abe">
    <knoraXmlImport:label>passage</knoraXmlImport:label>
    <p0826-teimww:occursIn>
      <p0826-teimww:book knoraType="link_value" linkType="ref" target="ww_1140c36ab545b6d8"/>
    </p0826-teimww:occursIn>
  </p0826-teimww:passage>
  <p0826-teimww:passage id="ww_d62cb0b0761c8c89">
    <knoraXmlImport:label>passage</knoraXmlImport:label>
    <p0826-teimww:contains>
      <p0826-teimww:lexia knoraType="link_value" linkType="ref" target="ww_83fb640e17e84e59"/>
    </p0826-teimww:contains>
    <p0826-teimww:hasPage knoraType="richtext_value">N.p.; close to the end [normalized spelling].</p0826-teimww:hasPage>
    <p0826-teimww:hasPageHist knoraType="richtext_value">N.p.; close to the end.</p0826-teimww:hasPageHist>
    <p0826-teimww:hasText knoraType="richtext_value">[Florence:] Your own eyes shall be witness how: nay, nay, pray rise, &lt;br/&gt;
&lt;span class="quote"&gt;I know your heart is up, tho your knees down.&lt;/span&gt;</p0826-teimww:hasText>
    <p0826-teimww:hasTextHist knoraType="richtext_value">[Florence:] Your owne eyes shall be witnesse how: nay, nay, pray rise, &lt;br/&gt;
&lt;span class="quote"&gt;I know your heart is up, tho your knees downe.&lt;/span&gt;</p0826-teimww:hasTextHist>
    <p0826-teimww:isMentionedIn>
      <p0826-teimww:passage knoraType="link_value" linkType="ref" target="ww_4cfcf3f7ecc74d0b"/>
    </p0826-teimww:isMentionedIn>
    <p0826-teimww:occursIn>
      <p0826-teimww:book knoraType="link_value" linkType="ref" target="ww_791d02b9b4f75414"/>
    </p0826-teimww:occursIn>
    <p0826-teimww:wasContributedBy>
      <p0826-teimww:person knoraType="link_value" linkType="ref" target="ww_b604df587d93b768"/>
    </p0826-teimww:wasContributedBy>
  </p0826-teimww:passage>
  <p0826-teimww:passage id="ww_4cfcf3f7ecc74d0b">
    <knoraXmlImport:label>passage</knoraXmlImport:label>
    <p0826-teimww:occursIn>
      <p0826-teimww:book knoraType="link_value" linkType="ref" target="ww_1140c36ab545b6d8"/>
    </p0826-teimww:occursIn>
  </p0826-teimww:passage>
  <p0826-teimww:passage id="ww_52a9db9a073098b0">
    <knoraXmlImport:label>passage</knoraXmlImport:label>
    <p0826-teimww:contains>
      <p0826-teimww:lexia knoraType="link_value" linkType="ref" target="ww_757315eb9c1f6fa3"/>
    </p0826-teimww:contains>
    <p0826-teimww:hasPage knoraType="richtext_value">Act 4, scene 3, lines 124-125 [normalized spelling].</p0826-teimww:hasPage>
    <p0826-teimww:hasPageHist knoraType="richtext_value">Act 4, scene 3, lines 124-125.</p0826-teimww:hasPageHist>
    <p0826-teimww:hasText knoraType="richtext_value">[Cleora:] &lt;span class="quote"&gt;I restore &lt;br&gt;
This kiss, so help me goodness! &lt;br&gt;
which I borrow'd &lt;br&gt;
When I last saw you. &lt;/span&gt;</p0826-teimww:hasText>
    <p0826-teimww:hasTextHist knoraType="richtext_value">[Cleora:] I restore 
This kisse, (so help me goodnesse,) which I borrow'd, 
When I last saw you. </p0826-teimww:hasTextHist>
    <p0826-teimww:isMentionedIn>
      <p0826-teimww:passage knoraType="link_value" linkType="ref" target="ww_37f2f4adb9311649"/>
    </p0826-teimww:isMentionedIn>
    <p0826-teimww:occursIn>
      <p0826-teimww:book knoraType="link_value" linkType="ref" target="ww_da6c4be720d849ae"/>
    </p0826-teimww:occursIn>
    <p0826-teimww:wasContributedBy>
      <p0826-teimww:person knoraType="link_value" linkType="ref" target="ww_6202c1bb6957c9cc"/>
    </p0826-teimww:wasContributedBy>
  </p0826-teimww:passage>
  <p0826-teimww:passage id="ww_37f2f4adb9311649">
    <knoraXmlImport:label>passage</knoraXmlImport:label>
    <p0826-teimww:occursIn>
      <p0826-teimww:book knoraType="link_value" linkType="ref" target="ww_1140c36ab545b6d8"/>
    </p0826-teimww:occursIn>
  </p0826-teimww:passage>
  <p0826-teimww:passage id="ww_2d815be36cdc9217">
    <knoraXmlImport:label>passage</knoraXmlImport:label>
    <p0826-teimww:contains>
      <p0826-teimww:lexia knoraType="link_value" linkType="ref" target="ww_5e09487fe51ab91a"/>
    </p0826-teimww:contains>
    <p0826-teimww:hasPage knoraType="richtext_value">4; act 1, scene 1, lines 79-84 [normalized spelling].</p0826-teimww:hasPage>
    <p0826-teimww:hasPageHist knoraType="richtext_value">4; act 1, scene 1, lines 79-84.</p0826-teimww:hasPageHist>
    <p0826-teimww:hasText knoraType="richtext_value">[Bellisant:] I will &lt;span class="quote"&gt;expose myself to all assaults see masks &amp; hear bewitching sonnets, change discourse with one that for experience could teach Ovid to write a better way his art of love feed high; and take &amp; give free entertainment &lt;/span&gt;[...].</p0826-teimww:hasText>
    <p0826-teimww:hasTextHist knoraType="richtext_value">[Bellisant:] I will expose myself to all assaults see maskes &amp; heare bewitchinge sonnetts, change discourse with one that for experinence Could teach ouid to write a better waie his art of loue feede high; and take &amp; giue free entertainement [...].</p0826-teimww:hasTextHist>
    <p0826-teimww:isMentionedIn>
      <p0826-teimww:passage knoraType="link_value" linkType="ref" target="ww_9bff073e95d83370"/>
    </p0826-teimww:isMentionedIn>
    <p0826-teimww:occursIn>
      <p0826-teimww:book knoraType="link_value" linkType="ref" target="ww_ead2e8abb60ac530"/>
    </p0826-teimww:occursIn>
    <p0826-teimww:wasContributedBy>
      <p0826-teimww:person knoraType="link_value" linkType="ref" target="ww_7f35f6802efd910d"/>
    </p0826-teimww:wasContributedBy>
  </p0826-teimww:passage>
  <p0826-teimww:passage id="ww_9bff073e95d83370">
    <knoraXmlImport:label>passage</knoraXmlImport:label>
    <p0826-teimww:occursIn>
      <p0826-teimww:book knoraType="link_value" linkType="ref" target="ww_e81f44945dfa651c"/>
    </p0826-teimww:occursIn>
  </p0826-teimww:passage>
  <p0826-teimww:passage id="ww_5ffb4d12af1bec9e">
    <knoraXmlImport:label>passage</knoraXmlImport:label>
    <p0826-teimww:contains>
      <p0826-teimww:lexia knoraType="link_value" linkType="ref" target="ww_812ec4100863a109"/>
    </p0826-teimww:contains>
    <p0826-teimww:contains>
      <p0826-teimww:lexia knoraType="link_value" linkType="ref" target="ww_ff005839ee00e250"/>
    </p0826-teimww:contains>
    <p0826-teimww:contains>
      <p0826-teimww:lexia knoraType="link_value" linkType="ref" target="ww_88076bbdfa4084d2"/>
    </p0826-teimww:contains>
    <p0826-teimww:hasPage knoraType="richtext_value">71; act 5.</p0826-teimww:hasPage>
    <p0826-teimww:hasPageHist knoraType="richtext_value">71; act 5.</p0826-teimww:hasPageHist>
    <p0826-teimww:hasText knoraType="richtext_value">[Clarinda:] [...] (since 'tis said &lt;br&gt; 
&amp; truly &lt;span class="quote"&gt;Jupiter &amp; Venus smile &lt;br&gt;
at Lovers' perjuries)&lt;/span&gt; [...].</p0826-teimww:hasText>
    <p0826-teimww:hasTextHist knoraType="richtext_value">[Clarinda:] [...] (since tis said &lt;br&gt; 
&amp; trulie Iupiter &amp; venus smile &lt;br&gt;
at Lovers periuries) [...].</p0826-teimww:hasTextHist>
    <p0826-teimww:isMentionedIn>
      <p0826-teimww:passage knoraType="link_value" linkType="ref" target="ww_391099d7c6b676c8"/>
    </p0826-teimww:isMentionedIn>
    <p0826-teimww:occursIn>
      <p0826-teimww:book knoraType="link_value" linkType="ref" target="ww_ead2e8abb60ac530"/>
    </p0826-teimww:occursIn>
    <p0826-teimww:wasContributedBy>
      <p0826-teimww:person knoraType="link_value" linkType="ref" target="ww_b604df587d93b768"/>
    </p0826-teimww:wasContributedBy>
  </p0826-teimww:passage>
  <p0826-teimww:passage id="ww_62eb98faef9b939f">
    <knoraXmlImport:label>passage</knoraXmlImport:label>
    <p0826-teimww:contains>
      <p0826-teimww:lexia knoraType="link_value" linkType="ref" target="ww_75b9fd34618dab66"/>
    </p0826-teimww:contains>
    <p0826-teimww:hasPage knoraType="richtext_value">55 [normalized spelling].</p0826-teimww:hasPage>
    <p0826-teimww:hasPageHist knoraType="richtext_value">55.</p0826-teimww:hasPageHist>
    <p0826-teimww:hasText knoraType="richtext_value">[Chamont:] No, that were too much mercy, live to be wretched, live to be the talk of the conduit and the bakehouse, I will have thee pictured as thou art now, &amp; &lt;span class="quote"&gt;thy whole story sung to some villanous tune in a lewd ballad &lt;/span&gt;and make thee so notorious to the world that boys in the streets shall hoot at thee [...].</p0826-teimww:hasText>
    <p0826-teimww:hasTextHist knoraType="richtext_value">[Chamont:] noe that weare too much mercy live to bee wretched, live to bee the [take] talke of the Conduit &amp; the bake howse, I will haue thee picterd as thou art now, &amp; thie whole story sunge to some villanous tune in a lewd ballet &amp; make thee so notorious to the world that boyes in the streetes shall hoote at the [...].</p0826-teimww:hasTextHist>
    <p0826-teimww:isMentionedIn>
      <p0826-teimww:passage knoraType="link_value" linkType="ref" target="ww_62ba64ee316c210d"/>
    </p0826-teimww:isMentionedIn>
    <p0826-teimww:occursIn>
      <p0826-teimww:book knoraType="link_value" linkType="ref" target="ww_ead2e8abb60ac530"/>
    </p0826-teimww:occursIn>
    <p0826-teimww:wasContributedBy>
      <p0826-teimww:person knoraType="link_value" linkType="ref" target="ww_6202c1bb6957c9cc"/>
    </p0826-teimww:wasContributedBy>
  </p0826-teimww:passage>
  <p0826-teimww:passage id="ww_62ba64ee316c210d">
    <knoraXmlImport:label>passage</knoraXmlImport:label>
    <p0826-teimww:occursIn>
      <p0826-teimww:book knoraType="link_value" linkType="ref" target="ww_1140c36ab545b6d8"/>
    </p0826-teimww:occursIn>
  </p0826-teimww:passage>
  <p0826-teimww:passage id="ww_1d91fb9a0409efbb">
    <knoraXmlImport:label>passage</knoraXmlImport:label>
    <p0826-teimww:contains>
      <p0826-teimww:lexia knoraType="link_value" linkType="ref" target="ww_fb3079752c9b6442"/>
    </p0826-teimww:contains>
    <p0826-teimww:hasPage knoraType="richtext_value">27 [normalized spelling].</p0826-teimww:hasPage>
    <p0826-teimww:hasPageHist knoraType="richtext_value">27.</p0826-teimww:hasPageHist>
    <p0826-teimww:hasText knoraType="richtext_value">[Philippo:] To throw the pawn &lt;br&gt;
Of my afflicted honour, and on that &lt;br&gt;
I openly affirm your absent Lady &lt;br&gt;
Chastity's well-knit abstract, snow in the fall, &lt;br&gt;
Purely rein'd by&lt;span class="quote"&gt; the bleak Northern blast, &lt;br&gt;&lt;/span&gt;
Not freer from a soil, the thoughts of Infants; &lt;br&gt;
But little nearer heaven. </p0826-teimww:hasText>
    <p0826-teimww:hasTextHist knoraType="richtext_value">[Philippo:] To throw the pawn &lt;br&gt;
Of my afflicted honour, and on that &lt;br&gt;
I openly affirm your absent Lady &lt;br&gt;
Chastitie's well-knit abstract, snow in the fall, &lt;br&gt;
Purely rein'd by&lt;span class="quote"&gt; the bleak Northern blast, &lt;br&gt;&lt;/span&gt;
Not freer from a soyl, the thoughts of Infants; &lt;br&gt;
But little neerer heaven. </p0826-teimww:hasTextHist>
    <p0826-teimww:isMentionedIn>
      <p0826-teimww:passage knoraType="link_value" linkType="ref" target="ww_4be61698a79b78c8"/>
    </p0826-teimww:isMentionedIn>
    <p0826-teimww:occursIn>
      <p0826-teimww:book knoraType="link_value" linkType="ref" target="ww_a3664b59bd3c46ae"/>
    </p0826-teimww:occursIn>
    <p0826-teimww:wasContributedBy>
      <p0826-teimww:person knoraType="link_value" linkType="ref" target="ww_6202c1bb6957c9cc"/>
    </p0826-teimww:wasContributedBy>
  </p0826-teimww:passage>
  <p0826-teimww:passage id="ww_4be61698a79b78c8">
    <knoraXmlImport:label>passage</knoraXmlImport:label>
    <p0826-teimww:occursIn>
      <p0826-teimww:book knoraType="link_value" linkType="ref" target="ww_1140c36ab545b6d8"/>
    </p0826-teimww:occursIn>
  </p0826-teimww:passage>
  <p0826-teimww:passage id="ww_65a416060e1927b3">
    <knoraXmlImport:label>passage</knoraXmlImport:label>
    <p0826-teimww:contains>
      <p0826-teimww:lexia knoraType="link_value" linkType="ref" target="ww_564342b4f2c61179"/>
    </p0826-teimww:contains>
    <p0826-teimww:hasPage knoraType="richtext_value">Act 4, scene 1 [normalized spelling].</p0826-teimww:hasPage>
    <p0826-teimww:hasPageHist knoraType="richtext_value">N.p.; act 4, scene 1.</p0826-teimww:hasPageHist>
    <p0826-teimww:hasText knoraType="richtext_value">[Orator:] [...] &lt;span class="quote"&gt;the Apparel and the Jewels that she wore, &lt;br&gt;
more worth than all her Tribe &lt;/span&gt;[...].</p0826-teimww:hasText>
    <p0826-teimww:hasTextHist knoraType="richtext_value">[Orator:] [...] &lt;span class="quote"&gt;the Aparrel and the Jewels that she wore, &lt;br&gt;
more worth then all her Tribe &lt;/span&gt;[...].</p0826-teimww:hasTextHist>
    <p0826-teimww:isMentionedIn>
      <p0826-teimww:passage knoraType="link_value" linkType="ref" target="ww_ea933de51df08154"/>
    </p0826-teimww:isMentionedIn>
    <p0826-teimww:occursIn>
      <p0826-teimww:book knoraType="link_value" linkType="ref" target="ww_f619b6b1cf5ba6c8"/>
    </p0826-teimww:occursIn>
    <p0826-teimww:wasContributedBy>
      <p0826-teimww:person knoraType="link_value" linkType="ref" target="ww_b604df587d93b768"/>
    </p0826-teimww:wasContributedBy>
  </p0826-teimww:passage>
  <p0826-teimww:passage id="ww_eab4edc2de6a05bb">
    <knoraXmlImport:label>passage</knoraXmlImport:label>
    <p0826-teimww:contains>
      <p0826-teimww:lexia knoraType="link_value" linkType="ref" target="ww_0721a437f220f5ab"/>
    </p0826-teimww:contains>
    <p0826-teimww:hasPage knoraType="richtext_value">N.p.; act 2, scene 1, line 300 [normalized spelling].</p0826-teimww:hasPage>
    <p0826-teimww:hasPageHist knoraType="richtext_value">N.p.; act 2, scene 1, line 300.</p0826-teimww:hasPageHist>
    <p0826-teimww:hasText knoraType="richtext_value">[Conrade:] No Masks! No Epithalamion now! &lt;br&gt;
Call for a bonesetter, for &lt;span class="quote"&gt;Time hath sprain'd &lt;br&gt;
His feet, and goes awry.&lt;/span&gt;</p0826-teimww:hasText>
    <p0826-teimww:hasTextHist knoraType="richtext_value">[Conrade:] No Maskes! No Epithelamion now! &lt;br&gt;
Call for a Bonesetter, for &lt;span class="quote"&gt;Time hath sprain'd &lt;br&gt;
His feete, and goes awry.&lt;/span&gt;</p0826-teimww:hasTextHist>
    <p0826-teimww:isMentionedIn>
      <p0826-teimww:passage knoraType="link_value" linkType="ref" target="ww_df8005940d70ba0a"/>
    </p0826-teimww:isMentionedIn>
    <p0826-teimww:occursIn>
      <p0826-teimww:book knoraType="link_value" linkType="ref" target="ww_23f1e9365cf10239"/>
    </p0826-teimww:occursIn>
    <p0826-teimww:wasContributedBy>
      <p0826-teimww:person knoraType="link_value" linkType="ref" target="ww_7f35f6802efd910d"/>
    </p0826-teimww:wasContributedBy>
  </p0826-teimww:passage>
  <p0826-teimww:passage id="ww_a076a5d170c6033a">
    <knoraXmlImport:label>passage</knoraXmlImport:label>
    <p0826-teimww:contains>
      <p0826-teimww:lexia knoraType="link_value" linkType="ref" target="ww_3883a7e46aec28a6"/>
    </p0826-teimww:contains>
    <p0826-teimww:hasPage knoraType="richtext_value">N.p.; act 4, scene 2 [normalized spelling].</p0826-teimww:hasPage>
    <p0826-teimww:hasPageHist knoraType="richtext_value">N.p.; act 4, scene 2.</p0826-teimww:hasPageHist>
    <p0826-teimww:hasText knoraType="richtext_value">[Chamont:] Nay be not mov'd sir, &lt;br&gt;
Let his passion work, and &lt;span class="quote"&gt;like a hot rein'd horse &lt;br&gt;
'Twill quickly tire itself. &lt;/span&gt;</p0826-teimww:hasText>
    <p0826-teimww:hasTextHist knoraType="richtext_value">[Chamont:] Nay be not mov'd sir, &lt;br&gt;
Let his passion worke, and &lt;span class="quote"&gt;like a hot rein'd horse &lt;br&gt;
'Twill quickly tire it selfe. &lt;/span&gt;</p0826-teimww:hasTextHist>
    <p0826-teimww:isMentionedIn>
      <p0826-teimww:passage knoraType="link_value" linkType="ref" target="ww_d59e3f1389e35ce2"/>
    </p0826-teimww:isMentionedIn>
    <p0826-teimww:occursIn>
      <p0826-teimww:book knoraType="link_value" linkType="ref" target="ww_c0565d6dc5476bc1"/>
    </p0826-teimww:occursIn>
    <p0826-teimww:wasContributedBy>
      <p0826-teimww:person knoraType="link_value" linkType="ref" target="ww_6202c1bb6957c9cc"/>
    </p0826-teimww:wasContributedBy>
  </p0826-teimww:passage>
  <p0826-teimww:passage id="ww_d59e3f1389e35ce2">
    <knoraXmlImport:label>passage</knoraXmlImport:label>
    <p0826-teimww:occursIn>
      <p0826-teimww:book knoraType="link_value" linkType="ref" target="ww_1140c36ab545b6d8"/>
    </p0826-teimww:occursIn>
  </p0826-teimww:passage>
  <p0826-teimww:passage id="ww_83b03fd6ac19fab7">
    <knoraXmlImport:label>passage</knoraXmlImport:label>
    <p0826-teimww:contains>
      <p0826-teimww:lexia knoraType="link_value" linkType="ref" target="ww_46249fced2d2f989"/>
    </p0826-teimww:contains>
    <p0826-teimww:hasPage knoraType="richtext_value">N.p.; act 3, line 324 [normalised spelling].</p0826-teimww:hasPage>
    <p0826-teimww:hasPageHist knoraType="richtext_value">N.p.; act 3, line 324.</p0826-teimww:hasPageHist>
    <p0826-teimww:hasText knoraType="richtext_value">[Rhodolinda:] The King! How sportful he is grown? how full&lt;br&gt;
Of amorous game and dalliance? &lt;br&gt;
[Hermegild:] &lt;span class="quote"&gt;I spy Valdaura there: but is that the King?&lt;/span&gt;</p0826-teimww:hasText>
    <p0826-teimww:hasTextHist knoraType="richtext_value">[Rhodolinda:] The King! How sportfull he is growne? how full&lt;br&gt;
Of amarous game and dalliance? &lt;br&gt;
[Hermegild:] I spie Valdaura there: but is that the King?</p0826-teimww:hasTextHist>
    <p0826-teimww:isMentionedIn>
      <p0826-teimww:passage knoraType="link_value" linkType="ref" target="ww_afb0516e19294f20"/>
    </p0826-teimww:isMentionedIn>
    <p0826-teimww:occursIn>
      <p0826-teimww:book knoraType="link_value" linkType="ref" target="ww_23f1e9365cf10239"/>
    </p0826-teimww:occursIn>
    <p0826-teimww:wasContributedBy>
      <p0826-teimww:person knoraType="link_value" linkType="ref" target="ww_7f35f6802efd910d"/>
    </p0826-teimww:wasContributedBy>
  </p0826-teimww:passage>
  <p0826-teimww:passage id="ww_afb0516e19294f20">
    <knoraXmlImport:label>passage</knoraXmlImport:label>
    <p0826-teimww:occursIn>
      <p0826-teimww:book knoraType="link_value" linkType="ref" target="ww_12b8cda82738e9e2"/>
    </p0826-teimww:occursIn>
  </p0826-teimww:passage>
  <p0826-teimww:passage id="ww_28e4e1a85fad60f3">
    <knoraXmlImport:label>passage</knoraXmlImport:label>
    <p0826-teimww:contains>
      <p0826-teimww:lexia knoraType="link_value" linkType="ref" target="ww_e75dbfb757abbb29"/>
    </p0826-teimww:contains>
    <p0826-teimww:hasPage knoraType="richtext_value">N.p. act 1, scene 3 [normalized spelling].</p0826-teimww:hasPage>
    <p0826-teimww:hasPageHist knoraType="richtext_value">N.p. act 1, scene 3.</p0826-teimww:hasPageHist>
    <p0826-teimww:hasText knoraType="richtext_value">[Aretinus:] Are you on &lt;span class="quote"&gt;the stage,&lt;/span&gt; &lt;br&gt;
You talk so boldly? &lt;br&gt;
[Paris:] &lt;span class="quote"&gt;The whole world being one &lt;/span&gt;&lt;br&gt;
This place is not exempted. </p0826-teimww:hasText>
    <p0826-teimww:hasTextHist knoraType="richtext_value">[Aretinus:] Are you on &lt;span class="quote"&gt;the stage,&lt;/span&gt; &lt;br&gt;
You talk so boldly? &lt;br&gt;
[Paris:] &lt;span class="quote"&gt;The whole world being one &lt;/span&gt;&lt;br&gt;
This place is not exempted. </p0826-teimww:hasTextHist>
    <p0826-teimww:isMentionedIn>
      <p0826-teimww:passage knoraType="link_value" linkType="ref" target="ww_7b8616049a9285a5"/>
    </p0826-teimww:isMentionedIn>
    <p0826-teimww:occursIn>
      <p0826-teimww:book knoraType="link_value" linkType="ref" target="ww_82dc5dad51a3f21d"/>
    </p0826-teimww:occursIn>
    <p0826-teimww:wasContributedBy>
      <p0826-teimww:person knoraType="link_value" linkType="ref" target="ww_6202c1bb6957c9cc"/>
    </p0826-teimww:wasContributedBy>
  </p0826-teimww:passage>
  <p0826-teimww:passage id="ww_7b8616049a9285a5">
    <knoraXmlImport:label>passage</knoraXmlImport:label>
    <p0826-teimww:occursIn>
      <p0826-teimww:book knoraType="link_value" linkType="ref" target="ww_1140c36ab545b6d8"/>
    </p0826-teimww:occursIn>
  </p0826-teimww:passage>
  <p0826-teimww:passage id="ww_36506e021585fe78">
    <knoraXmlImport:label>passage</knoraXmlImport:label>
    <p0826-teimww:contains>
      <p0826-teimww:lexia knoraType="link_value" linkType="ref" target="ww_ce9bcded42fe66e4"/>
    </p0826-teimww:contains>
    <p0826-teimww:hasPage knoraType="richtext_value">N.p.; act 3, scene 1, around line 350 [normalised spelling].</p0826-teimww:hasPage>
    <p0826-teimww:hasPageHist knoraType="richtext_value">N.p.; act 3, scene 1, around line 350.</p0826-teimww:hasPageHist>
    <p0826-teimww:hasText knoraType="richtext_value">[Hermegild:] It shows but silly art in industry, &lt;br&gt;
To seek what you would not find. &lt;br&gt;
[Rhodolinda:] I prithee grow particular! Dost think &lt;br&gt;
They purpose ought ith' dark? […]&lt;br&gt;
[Hermegild:] The King was never given to compliment, &lt;br&gt;
You know. As for Valdaura -&lt;br&gt;
[Rhodolinda:] What of her? &lt;br&gt;
[Hermegild:] &lt;span class="quote"&gt;I think that she is chaste, but - &lt;/span&gt;[…]&lt;br&gt;
I wish the King had not deserved to be &lt;br&gt;
Deprived of your soft embraces [...].</p0826-teimww:hasText>
    <p0826-teimww:hasTextHist knoraType="richtext_value">[Hermegild:] It shewes but silly art in industry, &lt;br&gt;
To seeke what you would not finde. &lt;br&gt;
[Rhodolinda:] I prethee grow particular! Dost thinke &lt;br&gt;
They purpose ought ith' darke? […]&lt;br&gt;
[Hermegild:] The King was neuer giuen to complement, &lt;br&gt;
You know. As for Valdaura -&lt;br&gt;
[Rhodolinda:] What of her? &lt;br&gt;
[Hermegild:] &lt;span class="quote"&gt;I thinke that she is chaste, but - &lt;/span&gt;[…]&lt;br&gt;
I wish the King had not deseru'd to be &lt;br&gt;
Depriu'd of your soft imbraces [...].</p0826-teimww:hasTextHist>
    <p0826-teimww:isMentionedIn>
      <p0826-teimww:passage knoraType="link_value" linkType="ref" target="ww_f88eb5753307295e"/>
    </p0826-teimww:isMentionedIn>
    <p0826-teimww:occursIn>
      <p0826-teimww:book knoraType="link_value" linkType="ref" target="ww_23f1e9365cf10239"/>
    </p0826-teimww:occursIn>
    <p0826-teimww:wasContributedBy>
      <p0826-teimww:person knoraType="link_value" linkType="ref" target="ww_7f35f6802efd910d"/>
    </p0826-teimww:wasContributedBy>
  </p0826-teimww:passage>
  <p0826-teimww:passage id="ww_4eac470a88d48de2">
    <knoraXmlImport:label>passage</knoraXmlImport:label>
    <p0826-teimww:contains>
      <p0826-teimww:lexia knoraType="link_value" linkType="ref" target="ww_863f8bab6ad0900f"/>
    </p0826-teimww:contains>
    <p0826-teimww:hasPage knoraType="richtext_value">N.p.; act 4, line 135.</p0826-teimww:hasPage>
    <p0826-teimww:hasPageHist knoraType="richtext_value">N.p.; act 4, line 135.</p0826-teimww:hasPageHist>
    <p0826-teimww:hasText knoraType="richtext_value">[Hermegild:] &lt;span class="quote"&gt;Mark how close they meet: what variety &lt;br&gt;
They use in lust: now she hath melted quite his lips &lt;br&gt;
With her hot breath, she hangs upon his ear.&lt;/span&gt;</p0826-teimww:hasText>
    <p0826-teimww:hasTextHist knoraType="richtext_value">[Hermegild:] &lt;span class="quote"&gt;Marke how close they meete: what variety &lt;br&gt;
They vse in lust: now she hath melted quite his lips &lt;br&gt;
With her hot breath, she hangs vpon his eare.&lt;/span&gt;</p0826-teimww:hasTextHist>
    <p0826-teimww:isMentionedIn>
      <p0826-teimww:passage knoraType="link_value" linkType="ref" target="ww_f88eb5753307295e"/>
    </p0826-teimww:isMentionedIn>
    <p0826-teimww:occursIn>
      <p0826-teimww:book knoraType="link_value" linkType="ref" target="ww_23f1e9365cf10239"/>
    </p0826-teimww:occursIn>
    <p0826-teimww:wasContributedBy>
      <p0826-teimww:person knoraType="link_value" linkType="ref" target="ww_7f35f6802efd910d"/>
    </p0826-teimww:wasContributedBy>
  </p0826-teimww:passage>
  <p0826-teimww:passage id="ww_f139d028157407e7">
    <knoraXmlImport:label>passage</knoraXmlImport:label>
    <p0826-teimww:contains>
      <p0826-teimww:lexia knoraType="link_value" linkType="ref" target="ww_ce9bcded42fe66e4"/>
    </p0826-teimww:contains>
    <p0826-teimww:hasPage knoraType="richtext_value">N.p.; scene 1.</p0826-teimww:hasPage>
    <p0826-teimww:hasPageHist knoraType="richtext_value">N.p.; scene 1.</p0826-teimww:hasPageHist>
    <p0826-teimww:hasText knoraType="richtext_value">[Albovine:] &lt;span class="quote"&gt;Honest Hermegild?&lt;/span&gt;</p0826-teimww:hasText>
    <p0826-teimww:hasTextHist knoraType="richtext_value">[Albovine:] &lt;span class="quote"&gt;Honest Hermegild?&lt;/span&gt;</p0826-teimww:hasTextHist>
    <p0826-teimww:isMentionedIn>
      <p0826-teimww:passage knoraType="link_value" linkType="ref" target="ww_75886d68146443a0"/>
    </p0826-teimww:isMentionedIn>
    <p0826-teimww:occursIn>
      <p0826-teimww:book knoraType="link_value" linkType="ref" target="ww_23f1e9365cf10239"/>
    </p0826-teimww:occursIn>
    <p0826-teimww:wasContributedBy>
      <p0826-teimww:person knoraType="link_value" linkType="ref" target="ww_7f35f6802efd910d"/>
    </p0826-teimww:wasContributedBy>
  </p0826-teimww:passage>
  <p0826-teimww:passage id="ww_0a66c1449b36a2cd">
    <knoraXmlImport:label>passage</knoraXmlImport:label>
    <p0826-teimww:contains>
      <p0826-teimww:lexia knoraType="link_value" linkType="ref" target="ww_f5710abe1f004c64"/>
    </p0826-teimww:contains>
    <p0826-teimww:hasPage knoraType="richtext_value">N.p.; act 1, scene 1, between lines 250 and 275 [normalized spelling].</p0826-teimww:hasPage>
    <p0826-teimww:hasPageHist knoraType="richtext_value">N.p.; act 1, scene 1, between lines 250 and 275.</p0826-teimww:hasPageHist>
    <p0826-teimww:hasText knoraType="richtext_value">[Paradine:] Let me enjoy &lt;span class="quote"&gt;thy hand! that moist Diamond &lt;/span&gt;&lt;br&gt;
That so attracts my soul!</p0826-teimww:hasText>
    <p0826-teimww:hasTextHist knoraType="richtext_value">[Paradine:] Let me enioy &lt;span class="quote"&gt;thy hand! that moyst Adamant &lt;/span&gt;&lt;br&gt;
That so attracts my soule!</p0826-teimww:hasTextHist>
    <p0826-teimww:isMentionedIn>
      <p0826-teimww:passage knoraType="link_value" linkType="ref" target="ww_75886d68146443a0"/>
    </p0826-teimww:isMentionedIn>
    <p0826-teimww:occursIn>
      <p0826-teimww:book knoraType="link_value" linkType="ref" target="ww_23f1e9365cf10239"/>
    </p0826-teimww:occursIn>
    <p0826-teimww:wasContributedBy>
      <p0826-teimww:person knoraType="link_value" linkType="ref" target="ww_7f35f6802efd910d"/>
    </p0826-teimww:wasContributedBy>
  </p0826-teimww:passage>
  <p0826-teimww:passage id="ww_2fd6667c31283abe">
    <knoraXmlImport:label>passage</knoraXmlImport:label>
    <p0826-teimww:contains>
      <p0826-teimww:lexia knoraType="link_value" linkType="ref" target="ww_507a1a95d79cf03c"/>
    </p0826-teimww:contains>
    <p0826-teimww:hasPage knoraType="richtext_value">28; act 1, scene 1.</p0826-teimww:hasPage>
    <p0826-teimww:hasPageHist knoraType="richtext_value">28; act 1, scene 1.</p0826-teimww:hasPageHist>
    <p0826-teimww:hasText knoraType="richtext_value">[Gentleman:] [...] the fair dames, &lt;br&gt;
&lt;span class="quote"&gt;Beauties, that lights the court, and makes it thew &lt;br&gt;
Like a fair heaven in a frosty night: &lt;/span&gt;&lt;br&gt;
And 'mongst these mine, not poorest [...].</p0826-teimww:hasText>
    <p0826-teimww:hasTextHist knoraType="richtext_value">[Gentleman:] [...] the faire dames, &lt;br&gt;
Beauties, that lights the Court, and makes it thew &lt;br&gt;
Like a faire heaven, in a frosty night: &lt;br&gt;
And mangst these mine, not poorest [...].</p0826-teimww:hasTextHist>
    <p0826-teimww:isMentionedIn>
      <p0826-teimww:passage knoraType="link_value" linkType="ref" target="ww_de96aea3b11a20c9"/>
    </p0826-teimww:isMentionedIn>
    <p0826-teimww:occursIn>
      <p0826-teimww:book knoraType="link_value" linkType="ref" target="ww_90e51c7d8dde43b0"/>
    </p0826-teimww:occursIn>
    <p0826-teimww:wasContributedBy>
      <p0826-teimww:person knoraType="link_value" linkType="ref" target="ww_6202c1bb6957c9cc"/>
    </p0826-teimww:wasContributedBy>
  </p0826-teimww:passage>
  <p0826-teimww:passage id="ww_de96aea3b11a20c9">
    <knoraXmlImport:label>passage</knoraXmlImport:label>
    <p0826-teimww:occursIn>
      <p0826-teimww:book knoraType="link_value" linkType="ref" target="ww_1140c36ab545b6d8"/>
    </p0826-teimww:occursIn>
  </p0826-teimww:passage>
  <p0826-teimww:passage id="ww_4bb280a983fdfd66">
    <knoraXmlImport:label>passage</knoraXmlImport:label>
    <p0826-teimww:contains>
      <p0826-teimww:lexia knoraType="link_value" linkType="ref" target="ww_917d226a0202b102"/>
    </p0826-teimww:contains>
    <p0826-teimww:hasPage knoraType="richtext_value">N.p.; act 5, scene 1, line 325 [normalized spelling].</p0826-teimww:hasPage>
    <p0826-teimww:hasPageHist knoraType="richtext_value">N.p.; act 5, scene 1, line 325.</p0826-teimww:hasPageHist>
    <p0826-teimww:hasText knoraType="richtext_value">[Paradine:]&lt;span class="quote"&gt; Then glorious war, and all proud circumstance, &lt;br&gt;
That gives a soldier noise, for evermore farewell&lt;/span&gt; - [...].</p0826-teimww:hasText>
    <p0826-teimww:hasTextHist knoraType="richtext_value">[Paradine:] Then glorious war, and all proud circumstance, &lt;br&gt;
That giues a souldier noyse, for euermore farewell - [...].</p0826-teimww:hasTextHist>
    <p0826-teimww:isMentionedIn>
      <p0826-teimww:passage knoraType="link_value" linkType="ref" target="ww_75886d68146443a0"/>
    </p0826-teimww:isMentionedIn>
    <p0826-teimww:occursIn>
      <p0826-teimww:book knoraType="link_value" linkType="ref" target="ww_23f1e9365cf10239"/>
    </p0826-teimww:occursIn>
    <p0826-teimww:wasContributedBy>
      <p0826-teimww:person knoraType="link_value" linkType="ref" target="ww_7f35f6802efd910d"/>
    </p0826-teimww:wasContributedBy>
  </p0826-teimww:passage>
  <p0826-teimww:passage id="ww_a162d198fb34066e">
    <knoraXmlImport:label>passage</knoraXmlImport:label>
    <p0826-teimww:contains>
      <p0826-teimww:lexia knoraType="link_value" linkType="ref" target="ww_c1d0b3241dd4eba7"/>
    </p0826-teimww:contains>
    <p0826-teimww:hasPage knoraType="richtext_value">N.p.; act 5, scene 1, line 400 [normalized spelling].</p0826-teimww:hasPage>
    <p0826-teimww:hasPageHist knoraType="richtext_value">N.p.; act 5, scene 1, line 400.</p0826-teimww:hasPageHist>
    <p0826-teimww:hasText knoraType="richtext_value">[Paradine:] Let's to't like &lt;span class="quote"&gt;Monkeys, or the reeking Goat.&lt;/span&gt;</p0826-teimww:hasText>
    <p0826-teimww:hasTextHist knoraType="richtext_value">[Paradine:] Let's to't like &lt;span class="quote"&gt;Monkeys, or the recking Goat.&lt;/span&gt;</p0826-teimww:hasTextHist>
    <p0826-teimww:isMentionedIn>
      <p0826-teimww:passage knoraType="link_value" linkType="ref" target="ww_75886d68146443a0"/>
    </p0826-teimww:isMentionedIn>
    <p0826-teimww:occursIn>
      <p0826-teimww:book knoraType="link_value" linkType="ref" target="ww_23f1e9365cf10239"/>
    </p0826-teimww:occursIn>
    <p0826-teimww:wasContributedBy>
      <p0826-teimww:person knoraType="link_value" linkType="ref" target="ww_7f35f6802efd910d"/>
    </p0826-teimww:wasContributedBy>
  </p0826-teimww:passage>
  <p0826-teimww:passage id="ww_b5ecd45a5760c296">
    <knoraXmlImport:label>passage</knoraXmlImport:label>
    <p0826-teimww:contains>
      <p0826-teimww:lexia knoraType="link_value" linkType="ref" target="ww_5925755e92cd2a98"/>
    </p0826-teimww:contains>
    <p0826-teimww:hasPage knoraType="richtext_value">N.p., act 1, scene 1, line 200 [normalized spelling].</p0826-teimww:hasPage>
    <p0826-teimww:hasPageHist knoraType="richtext_value">N.p., act 1, scene 1, line 200.</p0826-teimww:hasPageHist>
    <p0826-teimww:hasText knoraType="richtext_value">[Rhodolinda:] My cross fate &lt;br&gt;
&lt;span class="quote"&gt;Like the Raven, croaks a funeral note &lt;/span&gt;[...].</p0826-teimww:hasText>
    <p0826-teimww:hasTextHist knoraType="richtext_value">[Rhodolinda:] My crosse fate &lt;br&gt;
Like the Rauen, croaks a funerall note [...].</p0826-teimww:hasTextHist>
    <p0826-teimww:isMentionedIn>
      <p0826-teimww:passage knoraType="link_value" linkType="ref" target="ww_2a09caedbdd8877e"/>
    </p0826-teimww:isMentionedIn>
    <p0826-teimww:occursIn>
      <p0826-teimww:book knoraType="link_value" linkType="ref" target="ww_23f1e9365cf10239"/>
    </p0826-teimww:occursIn>
    <p0826-teimww:wasContributedBy>
      <p0826-teimww:person knoraType="link_value" linkType="ref" target="ww_7f35f6802efd910d"/>
    </p0826-teimww:wasContributedBy>
  </p0826-teimww:passage>
  <p0826-teimww:passage id="ww_2a09caedbdd8877e">
    <knoraXmlImport:label>passage</knoraXmlImport:label>
    <p0826-teimww:occursIn>
      <p0826-teimww:book knoraType="link_value" linkType="ref" target="ww_12b8cda82738e9e2"/>
    </p0826-teimww:occursIn>
  </p0826-teimww:passage>
  <p0826-teimww:passage id="ww_a71cef0647735267">
    <knoraXmlImport:label>passage</knoraXmlImport:label>
    <p0826-teimww:contains>
      <p0826-teimww:lexia knoraType="link_value" linkType="ref" target="ww_facfd2bcd9ffc87d"/>
    </p0826-teimww:contains>
    <p0826-teimww:hasPage knoraType="richtext_value">N.p.; act 2, Scene 1, line 99.</p0826-teimww:hasPage>
    <p0826-teimww:hasText knoraType="richtext_value">[Grimold:] I'll bribe your Lordship with a Ginny &lt;span class="quote"&gt;Toothpick!&lt;/span&gt;</p0826-teimww:hasText>
    <p0826-teimww:isMentionedIn>
      <p0826-teimww:passage knoraType="link_value" linkType="ref" target="ww_7d9ce7ba9d460fcb"/>
    </p0826-teimww:isMentionedIn>
    <p0826-teimww:occursIn>
      <p0826-teimww:book knoraType="link_value" linkType="ref" target="ww_23f1e9365cf10239"/>
    </p0826-teimww:occursIn>
    <p0826-teimww:wasContributedBy>
      <p0826-teimww:person knoraType="link_value" linkType="ref" target="ww_7f35f6802efd910d"/>
    </p0826-teimww:wasContributedBy>
  </p0826-teimww:passage>
  <p0826-teimww:passage id="ww_7d9ce7ba9d460fcb">
    <knoraXmlImport:label>passage</knoraXmlImport:label>
    <p0826-teimww:occursIn>
      <p0826-teimww:book knoraType="link_value" linkType="ref" target="ww_12b8cda82738e9e2"/>
    </p0826-teimww:occursIn>
  </p0826-teimww:passage>
  <p0826-teimww:passage id="ww_104a7ab2ccd818a6">
    <knoraXmlImport:label>passage</knoraXmlImport:label>
    <p0826-teimww:contains>
      <p0826-teimww:lexia knoraType="link_value" linkType="ref" target="ww_25100f5c67481967"/>
    </p0826-teimww:contains>
    <p0826-teimww:hasPage knoraType="richtext_value">N.p., act 4, scene 1, line 460 [normalized spelling].</p0826-teimww:hasPage>
    <p0826-teimww:hasPageHist knoraType="richtext_value">N.p., act 4, scene 1, line 460.</p0826-teimww:hasPageHist>
    <p0826-teimww:hasText knoraType="richtext_value">[Cunymond:] And whilst you are in physic (Captain)&lt;br&gt;
You fare like &lt;span class="quote"&gt;Oberon &lt;/span&gt;[...].</p0826-teimww:hasText>
    <p0826-teimww:hasTextHist knoraType="richtext_value">[Cunymond:] And whilst you are in physick (Captaine)  &lt;br&gt;
You fare like &lt;span class="quote"&gt;Oberon &lt;/span&gt;[...].</p0826-teimww:hasTextHist>
    <p0826-teimww:isMentionedIn>
      <p0826-teimww:passage knoraType="link_value" linkType="ref" target="ww_7d9ce7ba9d460fcb"/>
    </p0826-teimww:isMentionedIn>
    <p0826-teimww:occursIn>
      <p0826-teimww:book knoraType="link_value" linkType="ref" target="ww_23f1e9365cf10239"/>
    </p0826-teimww:occursIn>
    <p0826-teimww:wasContributedBy>
      <p0826-teimww:person knoraType="link_value" linkType="ref" target="ww_7f35f6802efd910d"/>
    </p0826-teimww:wasContributedBy>
  </p0826-teimww:passage>
  <p0826-teimww:passage id="ww_06ce35c84941a538">
    <knoraXmlImport:label>passage</knoraXmlImport:label>
    <p0826-teimww:contains>
      <p0826-teimww:lexia knoraType="link_value" linkType="ref" target="ww_1eea7f63b6f52a44"/>
    </p0826-teimww:contains>
    <p0826-teimww:hasPage knoraType="richtext_value">N.p.; act 2, scene 1, line 260 [normalized spelling].</p0826-teimww:hasPage>
    <p0826-teimww:hasPageHist knoraType="richtext_value">N.p.; act 2, scene 1, line 260.</p0826-teimww:hasPageHist>
    <p0826-teimww:hasText knoraType="richtext_value">[Cunymond:] I &lt;span class="quote"&gt;wear it as a Jewel in my ear.&lt;/span&gt;</p0826-teimww:hasText>
    <p0826-teimww:hasTextHist knoraType="richtext_value">[Cunymond:] &lt;span class="quote"&gt;I weare it as a Iewell in my eare.&lt;/span&gt;</p0826-teimww:hasTextHist>
    <p0826-teimww:isMentionedIn>
      <p0826-teimww:passage knoraType="link_value" linkType="ref" target="ww_7d9ce7ba9d460fcb"/>
    </p0826-teimww:isMentionedIn>
    <p0826-teimww:occursIn>
      <p0826-teimww:book knoraType="link_value" linkType="ref" target="ww_23f1e9365cf10239"/>
    </p0826-teimww:occursIn>
    <p0826-teimww:wasContributedBy>
      <p0826-teimww:person knoraType="link_value" linkType="ref" target="ww_7f35f6802efd910d"/>
    </p0826-teimww:wasContributedBy>
  </p0826-teimww:passage>
  <p0826-teimww:passage id="ww_f0932e315d765937">
    <knoraXmlImport:label>passage</knoraXmlImport:label>
    <p0826-teimww:contains>
      <p0826-teimww:lexia knoraType="link_value" linkType="ref" target="ww_4942d4d1afd20825"/>
    </p0826-teimww:contains>
    <p0826-teimww:hasPage knoraType="richtext_value">N.p.; act 2, scene 1, line 346-351 [normalized spelling].</p0826-teimww:hasPage>
    <p0826-teimww:hasPageHist knoraType="richtext_value">N.p.; act 2, scene 1, line 346-351.</p0826-teimww:hasPageHist>
    <p0826-teimww:hasText knoraType="richtext_value">[Rhodolinda:] &lt;span class="quote"&gt;How! lie with him? I'll sooner choose a Mansion &lt;br&gt;
In a sepulcher&lt;/span&gt;: There commit incest &lt;br&gt;
With the raw remnant of my father's bones:&lt;br&gt; 
Sooner embrace an aerie Incubus: &lt;br&gt;
Mingle Limbs with some ulcerous Cripple,&lt;br&gt; 
Able to infect a Hospital.</p0826-teimww:hasText>
    <p0826-teimww:hasTextHist knoraType="richtext_value">[Rhodolinda:] How! lye with him? Ile sooner choose a Mansion &lt;br&gt;
In a sepulcher: There commit incest &lt;br&gt;
With the raw remnant of my fathers bones:&lt;br&gt; 
Sooner imbrace an ayrie Incubus: &lt;br&gt;
Mingle Limmes with some vlcerous Cripple,&lt;br&gt; 
Able to infect an Hospitall.</p0826-teimww:hasTextHist>
    <p0826-teimww:isMentionedIn>
      <p0826-teimww:passage knoraType="link_value" linkType="ref" target="ww_df8005940d70ba0a"/>
    </p0826-teimww:isMentionedIn>
    <p0826-teimww:occursIn>
      <p0826-teimww:book knoraType="link_value" linkType="ref" target="ww_23f1e9365cf10239"/>
    </p0826-teimww:occursIn>
    <p0826-teimww:wasContributedBy>
      <p0826-teimww:person knoraType="link_value" linkType="ref" target="ww_7f35f6802efd910d"/>
    </p0826-teimww:wasContributedBy>
  </p0826-teimww:passage>
  <p0826-teimww:passage id="ww_ce9042043fb0b670">
    <knoraXmlImport:label>passage</knoraXmlImport:label>
    <p0826-teimww:contains>
      <p0826-teimww:lexia knoraType="link_value" linkType="ref" target="ww_1107b72292efd6b5"/>
    </p0826-teimww:contains>
    <p0826-teimww:hasPage knoraType="richtext_value">N.p.; act 4, scene 1, line 425 [normalised spelling].</p0826-teimww:hasPage>
    <p0826-teimww:hasPageHist knoraType="richtext_value">N.p.; act 4, scene 1, line 425.</p0826-teimww:hasPageHist>
    <p0826-teimww:hasText knoraType="richtext_value">[Frollo:] He sits like a witch, &lt;span class="quote"&gt;sailing in a sieve.&lt;/span&gt;</p0826-teimww:hasText>
    <p0826-teimww:hasTextHist knoraType="richtext_value">[Frollo:] He sits like a Witch, &lt;span class="quote"&gt;sayling in a siue.&lt;/span&gt;</p0826-teimww:hasTextHist>
    <p0826-teimww:isMentionedIn>
      <p0826-teimww:passage knoraType="link_value" linkType="ref" target="ww_58a67e667dc2c582"/>
    </p0826-teimww:isMentionedIn>
    <p0826-teimww:occursIn>
      <p0826-teimww:book knoraType="link_value" linkType="ref" target="ww_23f1e9365cf10239"/>
    </p0826-teimww:occursIn>
    <p0826-teimww:wasContributedBy>
      <p0826-teimww:person knoraType="link_value" linkType="ref" target="ww_7f35f6802efd910d"/>
    </p0826-teimww:wasContributedBy>
  </p0826-teimww:passage>
  <p0826-teimww:passage id="ww_7b4b7bd72533b2ab">
    <knoraXmlImport:label>passage</knoraXmlImport:label>
    <p0826-teimww:contains>
      <p0826-teimww:lexia knoraType="link_value" linkType="ref" target="ww_ca5223332148ee5c"/>
    </p0826-teimww:contains>
    <p0826-teimww:hasPage knoraType="richtext_value">N.p.; act 5, scene 1, line 220 [normalised spelling].</p0826-teimww:hasPage>
    <p0826-teimww:hasPageHist knoraType="richtext_value">N.p.; act 5, scene 1, line 220.</p0826-teimww:hasPageHist>
    <p0826-teimww:hasText knoraType="richtext_value">[Paradine:] Brutus, noble Brutus! &lt;span class="quote"&gt;the pride &lt;br&gt;
Of arts and war: so temperate, his soul &lt;br&gt;
was more harmonious than the spheres.&lt;/span&gt;</p0826-teimww:hasText>
    <p0826-teimww:hasTextHist knoraType="richtext_value">[Paradine:] Brutus, noble Brutus! &lt;span class="quote"&gt;the pride &lt;br&gt;
Of Arts and Warre: so temperate, his soule &lt;br&gt;
VVas more harmonious then the Spheares.&lt;/span&gt;</p0826-teimww:hasTextHist>
    <p0826-teimww:isMentionedIn>
      <p0826-teimww:passage knoraType="link_value" linkType="ref" target="ww_ca191a34a54632d3"/>
    </p0826-teimww:isMentionedIn>
    <p0826-teimww:occursIn>
      <p0826-teimww:book knoraType="link_value" linkType="ref" target="ww_23f1e9365cf10239"/>
    </p0826-teimww:occursIn>
    <p0826-teimww:wasContributedBy>
      <p0826-teimww:person knoraType="link_value" linkType="ref" target="ww_7f35f6802efd910d"/>
    </p0826-teimww:wasContributedBy>
  </p0826-teimww:passage>
  <p0826-teimww:passage id="ww_88ce1c70a002bcbc">
    <knoraXmlImport:label>passage</knoraXmlImport:label>
    <p0826-teimww:contains>
      <p0826-teimww:lexia knoraType="link_value" linkType="ref" target="ww_ca5223332148ee5c"/>
    </p0826-teimww:contains>
    <p0826-teimww:hasPage knoraType="richtext_value">N.p.; act 5, scene 1, line 390 [normalised spelling].</p0826-teimww:hasPage>
    <p0826-teimww:hasPageHist knoraType="richtext_value">N.p.; act 5, scene 1, line 390.</p0826-teimww:hasPageHist>
    <p0826-teimww:hasText knoraType="richtext_value">[Paradine:] &lt;span class="quote"&gt;There died the noblest Trophy of our war!/span&gt;</p0826-teimww:hasText>
    <p0826-teimww:hasTextHist knoraType="richtext_value">[Paradine:] &lt;span class="quote"&gt;There dy'd the noblest Trophey of our war!&lt;/span&gt;</p0826-teimww:hasTextHist>
    <p0826-teimww:isMentionedIn>
      <p0826-teimww:passage knoraType="link_value" linkType="ref" target="ww_ca191a34a54632d3"/>
    </p0826-teimww:isMentionedIn>
    <p0826-teimww:occursIn>
      <p0826-teimww:book knoraType="link_value" linkType="ref" target="ww_23f1e9365cf10239"/>
    </p0826-teimww:occursIn>
    <p0826-teimww:wasContributedBy>
      <p0826-teimww:person knoraType="link_value" linkType="ref" target="ww_7f35f6802efd910d"/>
    </p0826-teimww:wasContributedBy>
  </p0826-teimww:passage>
  <p0826-teimww:passage id="ww_5b7a9d8a19d5a3e7">
    <knoraXmlImport:label>passage</knoraXmlImport:label>
    <p0826-teimww:contains>
      <p0826-teimww:lexia knoraType="link_value" linkType="ref" target="ww_c909b93763ceae4b"/>
    </p0826-teimww:contains>
    <p0826-teimww:contains>
      <p0826-teimww:lexia knoraType="link_value" linkType="ref" target="ww_2525a28a47f2320e"/>
    </p0826-teimww:contains>
    <p0826-teimww:contains>
      <p0826-teimww:lexia knoraType="link_value" linkType="ref" target="ww_fbaf9a5b03c0143d"/>
    </p0826-teimww:contains>
    <p0826-teimww:hasPage knoraType="richtext_value">N.p.; act 5, scene 1, line 152 [normalised spelling].</p0826-teimww:hasPage>
    <p0826-teimww:hasPageHist knoraType="richtext_value">N.p.; act 5, scene 1, line 152.</p0826-teimww:hasPageHist>
    <p0826-teimww:hasText knoraType="richtext_value">[Foreste:] Her soul is gone! &lt;br&gt;
Hah? &lt;span class="quote"&gt;whether is it gone? O vast suspense! &lt;/span&gt;&lt;br&gt;
Madness succeeds inquiry. &lt;span class="quote"&gt;Fools of Nature!&lt;/span&gt; &lt;br&gt;
&lt;span class="quote"&gt;What Ancestor (that died long since) hath brought &lt;br&gt;
Us news of his abode! or told us how &lt;br&gt;
They use him in the other world? &lt;/span&gt;O this &lt;br&gt;
Wild mystery so much concerneth Man: &lt;br&gt;
That we would willingly dismiss suspense &lt;br&gt;
With eyesight not with consequence. </p0826-teimww:hasText>
    <p0826-teimww:hasTextHist knoraType="richtext_value">[Foreste:] Her Soule is gone! &lt;br&gt;
Hah? &lt;span class="quote"&gt;whether is it gone? O vast suspence! &lt;/span&gt;&lt;br&gt;
Madnesse succeeds inquirie. Fooles of Nature! &lt;br&gt;
&lt;span class="quote"&gt;What Ancestor (that dyde long since) hath brought &lt;br&gt;
Vs newes of his abode! or told vs how &lt;br&gt;
They vse him in the other world? &lt;/span&gt;O this &lt;br&gt;
Wilde mysterie so much concerneth Man: &lt;br&gt;
That we would willingly dismisse suspence &lt;br&gt;
With Eiesight not with consequence. </p0826-teimww:hasTextHist>
    <p0826-teimww:isMentionedIn>
      <p0826-teimww:passage knoraType="link_value" linkType="ref" target="ww_a784c2159ca24d04"/>
    </p0826-teimww:isMentionedIn>
    <p0826-teimww:occursIn>
      <p0826-teimww:book knoraType="link_value" linkType="ref" target="ww_0a181b40f9edb85e"/>
    </p0826-teimww:occursIn>
    <p0826-teimww:wasContributedBy>
      <p0826-teimww:person knoraType="link_value" linkType="ref" target="ww_7f35f6802efd910d"/>
    </p0826-teimww:wasContributedBy>
  </p0826-teimww:passage>
  <p0826-teimww:passage id="ww_4b45029fc9cbe140">
    <knoraXmlImport:label>passage</knoraXmlImport:label>
    <p0826-teimww:contains>
      <p0826-teimww:lexia knoraType="link_value" linkType="ref" target="ww_6f3b9a162cbc0aea"/>
    </p0826-teimww:contains>
    <p0826-teimww:hasPage knoraType="richtext_value">N.p.; act 5, scene 1, line 400 [normalised spelling].</p0826-teimww:hasPage>
    <p0826-teimww:hasPageHist knoraType="richtext_value">N.p.; act 5, scene 1, line 400.</p0826-teimww:hasPageHist>
    <p0826-teimww:hasText knoraType="richtext_value">[Duke:] &lt;span class="quote"&gt;Did not high-providence, &lt;br&gt;
Treble the assurance of my safety: &lt;br&gt;
By Guards invisible, &lt;/span&gt;when I was first &lt;br&gt;
Predestinate to this supreme function? &lt;br&gt;
And dare thou tempt the strength of heaven? </p0826-teimww:hasText>
    <p0826-teimww:hasTextHist knoraType="richtext_value">[Duke:] &lt;span class="quote"&gt;Did not high-prouidence, &lt;br&gt;
Treble the assurance of my safety: &lt;br&gt;
By Guards inuisible, &lt;/span&gt;when I was first &lt;br&gt;
Predestinate to this supreame function? &lt;br&gt;
And darst thou tempt the strength of Heauen? </p0826-teimww:hasTextHist>
    <p0826-teimww:isMentionedIn>
      <p0826-teimww:passage knoraType="link_value" linkType="ref" target="ww_fbd1b7d5fb28c729"/>
    </p0826-teimww:isMentionedIn>
    <p0826-teimww:occursIn>
      <p0826-teimww:book knoraType="link_value" linkType="ref" target="ww_0a181b40f9edb85e"/>
    </p0826-teimww:occursIn>
    <p0826-teimww:wasContributedBy>
      <p0826-teimww:person knoraType="link_value" linkType="ref" target="ww_7f35f6802efd910d"/>
    </p0826-teimww:wasContributedBy>
  </p0826-teimww:passage>
  <p0826-teimww:passage id="ww_fbd1b7d5fb28c729">
    <knoraXmlImport:label>passage</knoraXmlImport:label>
    <p0826-teimww:occursIn>
      <p0826-teimww:book knoraType="link_value" linkType="ref" target="ww_12b8cda82738e9e2"/>
    </p0826-teimww:occursIn>
  </p0826-teimww:passage>
  <p0826-teimww:passage id="ww_ad36992e1795126a">
    <knoraXmlImport:label>passage</knoraXmlImport:label>
    <p0826-teimww:contains>
      <p0826-teimww:lexia knoraType="link_value" linkType="ref" target="ww_f209df1dae4044a7"/>
    </p0826-teimww:contains>
    <p0826-teimww:hasPage knoraType="richtext_value">N.p.; act 4, scene 1, line 288-296 [normalised spelling].</p0826-teimww:hasPage>
    <p0826-teimww:hasPageHist knoraType="richtext_value">N.p.; act 4, scene 1, line 288-296.</p0826-teimww:hasPageHist>
    <p0826-teimww:hasText knoraType="richtext_value">[Cosimo:] And is himself secure; &lt;span class="quote"&gt;happily drunk, &lt;br&gt;
Or riding in the stews; you may take some &lt;br&gt;
Advantage on his soul too.&lt;/span&gt; Lose no time. &lt;br&gt;
[Lothario:] That's my intent. &lt;br&gt;
For it were dull humanity to aim &lt;br&gt;
No farther then his life. I'll pursue him &lt;br&gt;
Even to Hell. </p0826-teimww:hasText>
    <p0826-teimww:hasTextHist knoraType="richtext_value">[Cosimo:] And is himselfe secure; &lt;span class="quote"&gt;happely drunke, &lt;br&gt;
Or riding in the stewes; you may take some &lt;br&gt;
Aduantage on his soule too.&lt;/span&gt; Loose no time. &lt;br&gt;
[Lothario:] That's my intent. &lt;br&gt;
For it were dull humanitie to aime &lt;br&gt;
No farther then his life. I'le pursue him &lt;br&gt;
Euen to Hell. </p0826-teimww:hasTextHist>
    <p0826-teimww:isMentionedIn>
      <p0826-teimww:passage knoraType="link_value" linkType="ref" target="ww_fbd1b7d5fb28c729"/>
    </p0826-teimww:isMentionedIn>
    <p0826-teimww:occursIn>
      <p0826-teimww:book knoraType="link_value" linkType="ref" target="ww_0a181b40f9edb85e"/>
    </p0826-teimww:occursIn>
    <p0826-teimww:wasContributedBy>
      <p0826-teimww:person knoraType="link_value" linkType="ref" target="ww_7f35f6802efd910d"/>
    </p0826-teimww:wasContributedBy>
  </p0826-teimww:passage>
  <p0826-teimww:passage id="ww_989e05b21959e001">
    <knoraXmlImport:label>passage</knoraXmlImport:label>
    <p0826-teimww:contains>
      <p0826-teimww:lexia knoraType="link_value" linkType="ref" target="ww_d069313ac5b94293"/>
    </p0826-teimww:contains>
    <p0826-teimww:hasPage knoraType="richtext_value">N.p.; act 1, scene 1, line 25 [normalized spelling].</p0826-teimww:hasPage>
    <p0826-teimww:hasPageHist knoraType="richtext_value">N.p.; act 1, scene 1, line 25.</p0826-teimww:hasPageHist>
    <p0826-teimww:hasText knoraType="richtext_value">[Foreste:] You are the Duke's creature! who dotes by art,&lt;br&gt; 
&lt;span class="quote"&gt;Who in his love, and kindness, method keeps.&lt;/span&gt;</p0826-teimww:hasText>
    <p0826-teimww:hasTextHist knoraType="richtext_value">[Foreste:] You are the Dukes Creature! who doates by Art,&lt;br&gt; 
&lt;span class="quote"&gt;Who in his loue, and kindnesse, Method keepes.&lt;/span&gt;</p0826-teimww:hasTextHist>
    <p0826-teimww:isMentionedIn>
      <p0826-teimww:passage knoraType="link_value" linkType="ref" target="ww_18a63d6a1bbfe94c"/>
    </p0826-teimww:isMentionedIn>
    <p0826-teimww:occursIn>
      <p0826-teimww:book knoraType="link_value" linkType="ref" target="ww_0a181b40f9edb85e"/>
    </p0826-teimww:occursIn>
    <p0826-teimww:wasContributedBy>
      <p0826-teimww:person knoraType="link_value" linkType="ref" target="ww_7f35f6802efd910d"/>
    </p0826-teimww:wasContributedBy>
  </p0826-teimww:passage>
  <p0826-teimww:passage id="ww_cf6381216e8ee608">
    <knoraXmlImport:label>passage</knoraXmlImport:label>
    <p0826-teimww:contains>
      <p0826-teimww:lexia knoraType="link_value" linkType="ref" target="ww_9c9021eb3bb19e87"/>
    </p0826-teimww:contains>
    <p0826-teimww:hasPage knoraType="richtext_value">N.p.; act 1, scene 1, line 135 [normalised spelling].</p0826-teimww:hasPage>
    <p0826-teimww:hasPageHist knoraType="richtext_value">N.p.; act 1, scene 1, line 135.</p0826-teimww:hasPageHist>
    <p0826-teimww:hasText knoraType="richtext_value">[Castruchio:] &lt;span class="quote"&gt;unless I imitate the crab, &lt;br&gt;
And find my way (as he does his) backwards.&lt;/span&gt;</p0826-teimww:hasText>
    <p0826-teimww:hasTextHist knoraType="richtext_value">[Castruchio:] &lt;span class="quote"&gt;Vnlesse I imitate the Crab, &lt;br&gt;
And find my way (as he doth his) backwards.&lt;/span&gt;</p0826-teimww:hasTextHist>
    <p0826-teimww:isMentionedIn>
      <p0826-teimww:passage knoraType="link_value" linkType="ref" target="ww_18a63d6a1bbfe94c"/>
    </p0826-teimww:isMentionedIn>
    <p0826-teimww:occursIn>
      <p0826-teimww:book knoraType="link_value" linkType="ref" target="ww_0a181b40f9edb85e"/>
    </p0826-teimww:occursIn>
    <p0826-teimww:wasContributedBy>
      <p0826-teimww:person knoraType="link_value" linkType="ref" target="ww_7f35f6802efd910d"/>
    </p0826-teimww:wasContributedBy>
  </p0826-teimww:passage>
  <p0826-teimww:passage id="ww_d6c9a567da83e907">
    <knoraXmlImport:label>passage</knoraXmlImport:label>
    <p0826-teimww:contains>
      <p0826-teimww:lexia knoraType="link_value" linkType="ref" target="ww_3d9036ca345c08f4"/>
    </p0826-teimww:contains>
    <p0826-teimww:hasPage knoraType="richtext_value">N.p.; act 2, scene 3.</p0826-teimww:hasPage>
    <p0826-teimww:hasPageHist knoraType="richtext_value">N.p.; act 2, scene 3.</p0826-teimww:hasPageHist>
    <p0826-teimww:hasText knoraType="richtext_value">[Lidia:] O the difference of natures! Giovanni, &lt;br&gt;
A prince in expectation, when he lived here, &lt;br&gt;
&lt;span class="quote"&gt;Stole courtesy from heaven, &lt;/span&gt;and would not, to &lt;br&gt;
The meanest servant in my father's house, &lt;br&gt;
Have kept such distance. </p0826-teimww:hasText>
    <p0826-teimww:isMentionedIn>
      <p0826-teimww:passage knoraType="link_value" linkType="ref" target="ww_b45062f2c28b96bb"/>
    </p0826-teimww:isMentionedIn>
    <p0826-teimww:occursIn>
      <p0826-teimww:book knoraType="link_value" linkType="ref" target="ww_4f3a6c946a2fcd1e"/>
    </p0826-teimww:occursIn>
    <p0826-teimww:wasContributedBy>
      <p0826-teimww:person knoraType="link_value" linkType="ref" target="ww_6202c1bb6957c9cc"/>
    </p0826-teimww:wasContributedBy>
  </p0826-teimww:passage>
  <p0826-teimww:passage id="ww_b45062f2c28b96bb">
    <knoraXmlImport:label>passage</knoraXmlImport:label>
    <p0826-teimww:occursIn>
      <p0826-teimww:book knoraType="link_value" linkType="ref" target="ww_1140c36ab545b6d8"/>
    </p0826-teimww:occursIn>
  </p0826-teimww:passage>
  <p0826-teimww:passage id="ww_fc4681b98c39196d">
    <knoraXmlImport:label>passage</knoraXmlImport:label>
    <p0826-teimww:contains>
      <p0826-teimww:lexia knoraType="link_value" linkType="ref" target="ww_8ccf9f6fd4160528"/>
    </p0826-teimww:contains>
    <p0826-teimww:hasPage knoraType="richtext_value">N.p.; act 5, scene 1, line 130 [normalised spelling].</p0826-teimww:hasPage>
    <p0826-teimww:hasPageHist knoraType="richtext_value">N.p.; act 5, scene 1, line 130.</p0826-teimww:hasPageHist>
    <p0826-teimww:hasText knoraType="richtext_value">[Corsa:] O my Brother! &lt;span class="quote"&gt;whilst I am yet human, &lt;br&gt;
Let me feel some interest in your blood.&lt;/span&gt; &lt;br&gt;
What fault of mine deserves impediments &lt;br&gt;
In my last journey? If my Lord were here &lt;br&gt;
He would have seen me vs'd (?) with mercy. &lt;br&gt;
[Foreste:] Sweet Soule! these, are but mistakes of weakness. &lt;br&gt;
[Corsa:] Will not my Lord be merciful; to me, &lt;br&gt;
And to my memory (riseth up).&lt;br&gt;
[Foreste:] Sit still. I bring no negative reply. &lt;br&gt;
Thy worth shall shine in such a character: &lt;br&gt;
That being dead; he needs must woe thy Ghost. </p0826-teimww:hasText>
    <p0826-teimww:hasTextHist knoraType="richtext_value">[Corsa:] O my Brother! whilst I am yet humane, &lt;br&gt;
Let me feele some interest in your blood. &lt;br&gt;
What fault of mine deserues impediments &lt;br&gt;
In my last iourney? If my Lord were heere &lt;br&gt;
He would haue seene me vs'd with mercy. &lt;br&gt;
[Foreste:] Sweete Soule! these, are but mistakes of weakenesse. &lt;br&gt;
[Corsa:] Will not my Lord be mercifull; to me, &lt;br&gt;
And to my memory (riseth up).&lt;br&gt;
[Foreste:] Sit still. I bring no negatiue reply. &lt;br&gt;
Thy worth shall shine in such a Character: &lt;br&gt;
That being dead; he needs must wooe thy Ghost. </p0826-teimww:hasTextHist>
    <p0826-teimww:isMentionedIn>
      <p0826-teimww:passage knoraType="link_value" linkType="ref" target="ww_a784c2159ca24d04"/>
    </p0826-teimww:isMentionedIn>
    <p0826-teimww:occursIn>
      <p0826-teimww:book knoraType="link_value" linkType="ref" target="ww_0a181b40f9edb85e"/>
    </p0826-teimww:occursIn>
    <p0826-teimww:wasContributedBy>
      <p0826-teimww:person knoraType="link_value" linkType="ref" target="ww_7f35f6802efd910d"/>
    </p0826-teimww:wasContributedBy>
  </p0826-teimww:passage>
  <p0826-teimww:passage id="ww_173ddd1ce872fad3">
    <knoraXmlImport:label>passage</knoraXmlImport:label>
    <p0826-teimww:contains>
      <p0826-teimww:lexia knoraType="link_value" linkType="ref" target="ww_92c600bbf7c0e70c"/>
    </p0826-teimww:contains>
    <p0826-teimww:hasPage knoraType="richtext_value">N.p.; act 2, scene 1, lines 325-326 [normalised spelling].</p0826-teimww:hasPage>
    <p0826-teimww:hasPageHist knoraType="richtext_value">N.p.; act 2, scene 1, lines 325-326.</p0826-teimww:hasPageHist>
    <p0826-teimww:hasText knoraType="richtext_value">[Borachio:] &lt;span class="quote"&gt;I'll not be his ass, &lt;br&gt;
That served for blows, and provender.&lt;/span&gt;</p0826-teimww:hasText>
    <p0826-teimww:hasTextHist knoraType="richtext_value">[Borachio:] I'le not be his Asse, &lt;br&gt;
That seru'd for blowes, and Prouander.</p0826-teimww:hasTextHist>
    <p0826-teimww:isMentionedIn>
      <p0826-teimww:passage knoraType="link_value" linkType="ref" target="ww_a784c2159ca24d04"/>
    </p0826-teimww:isMentionedIn>
    <p0826-teimww:occursIn>
      <p0826-teimww:book knoraType="link_value" linkType="ref" target="ww_0a181b40f9edb85e"/>
    </p0826-teimww:occursIn>
    <p0826-teimww:wasContributedBy>
      <p0826-teimww:person knoraType="link_value" linkType="ref" target="ww_7f35f6802efd910d"/>
    </p0826-teimww:wasContributedBy>
  </p0826-teimww:passage>
  <p0826-teimww:passage id="ww_fcd3ab9b3356d28b">
    <knoraXmlImport:label>passage</knoraXmlImport:label>
    <p0826-teimww:contains>
      <p0826-teimww:lexia knoraType="link_value" linkType="ref" target="ww_39fb2cdcb9a99a7b"/>
    </p0826-teimww:contains>
    <p0826-teimww:hasPage knoraType="richtext_value">N.p.; act 2, scene 1, lines 219-221 [normalized spelling].</p0826-teimww:hasPage>
    <p0826-teimww:hasPageHist knoraType="richtext_value">N.p.; act 2, scene 1, lines 219-221.</p0826-teimww:hasPageHist>
    <p0826-teimww:hasText knoraType="richtext_value">[Anne:] &lt;span class="quote"&gt;If you be Bateman; &lt;br&gt;
T'were best you travelled d from my father's ground &lt;br&gt;
Lest he indite you? &lt;/span&gt;</p0826-teimww:hasText>
    <p0826-teimww:hasTextHist knoraType="richtext_value">[Anne:] If you be Bateman; &lt;br&gt;
T'were best you traveld from my fathers ground &lt;br&gt;
Least he indite you? </p0826-teimww:hasTextHist>
    <p0826-teimww:isMentionedIn>
      <p0826-teimww:passage knoraType="link_value" linkType="ref" target="ww_b2e8af333f5f0a1f"/>
    </p0826-teimww:isMentionedIn>
    <p0826-teimww:occursIn>
      <p0826-teimww:book knoraType="link_value" linkType="ref" target="ww_ac3676ebd4fd4919"/>
    </p0826-teimww:occursIn>
    <p0826-teimww:wasContributedBy>
      <p0826-teimww:person knoraType="link_value" linkType="ref" target="ww_7f35f6802efd910d"/>
    </p0826-teimww:wasContributedBy>
  </p0826-teimww:passage>
  <p0826-teimww:passage id="ww_b2e8af333f5f0a1f">
    <knoraXmlImport:label>passage</knoraXmlImport:label>
    <p0826-teimww:occursIn>
      <p0826-teimww:book knoraType="link_value" linkType="ref" target="ww_84a8155c55c3c1e2"/>
    </p0826-teimww:occursIn>
  </p0826-teimww:passage>
  <p0826-teimww:passage id="ww_3c068ca905d4ca72">
    <knoraXmlImport:label>passage</knoraXmlImport:label>
    <p0826-teimww:contains>
      <p0826-teimww:lexia knoraType="link_value" linkType="ref" target="ww_19971f665f25bf3d"/>
    </p0826-teimww:contains>
    <p0826-teimww:hasPage knoraType="richtext_value">N.p.; act 5, scene 1, line 280 [normalised spelling].</p0826-teimww:hasPage>
    <p0826-teimww:hasPageHist knoraType="richtext_value">N.p.; act 5, scene 1, line 280.</p0826-teimww:hasPageHist>
    <p0826-teimww:hasText knoraType="richtext_value">[Sciolto:] They've &lt;span class="quote"&gt;watched &lt;br&gt;
My hardy violence so tame&lt;/span&gt; [...].</p0826-teimww:hasText>
    <p0826-teimww:hasTextHist knoraType="richtext_value">[Sciolto:] They'ue watch'd &lt;br&gt;
My hardy violence so tame [...].</p0826-teimww:hasTextHist>
    <p0826-teimww:isMentionedIn>
      <p0826-teimww:passage knoraType="link_value" linkType="ref" target="ww_39a70f5b5804af48"/>
    </p0826-teimww:isMentionedIn>
    <p0826-teimww:occursIn>
      <p0826-teimww:book knoraType="link_value" linkType="ref" target="ww_fde3a71f41183980"/>
    </p0826-teimww:occursIn>
    <p0826-teimww:wasContributedBy>
      <p0826-teimww:person knoraType="link_value" linkType="ref" target="ww_7f35f6802efd910d"/>
    </p0826-teimww:wasContributedBy>
  </p0826-teimww:passage>
  <p0826-teimww:passage id="ww_39a70f5b5804af48">
    <knoraXmlImport:label>passage</knoraXmlImport:label>
    <p0826-teimww:occursIn>
      <p0826-teimww:book knoraType="link_value" linkType="ref" target="ww_12b8cda82738e9e2"/>
    </p0826-teimww:occursIn>
  </p0826-teimww:passage>
  <p0826-teimww:passage id="ww_401c225de0764fd2">
    <knoraXmlImport:label>passage</knoraXmlImport:label>
    <p0826-teimww:contains>
      <p0826-teimww:lexia knoraType="link_value" linkType="ref" target="ww_307da6ddc100b9b0"/>
    </p0826-teimww:contains>
    <p0826-teimww:hasPage knoraType="richtext_value">G3 verso; act 3, scene 3 [normalized spelling].</p0826-teimww:hasPage>
    <p0826-teimww:hasPageHist knoraType="richtext_value">G3 verso; act 3, scene 3.</p0826-teimww:hasPageHist>
    <p0826-teimww:hasText knoraType="richtext_value">[Camiola:] [...] Will it ever be &lt;br&gt;
That to deserve too much is dangerous, &lt;br&gt;
And &lt;span class="quote"&gt;virtue, when too eminent, a crime? &lt;/span&gt;</p0826-teimww:hasText>
    <p0826-teimww:hasTextHist knoraType="richtext_value">[Camiola:] [...] will it ever be &lt;br&gt;
That to deserve too much is dangerous,&lt;br&gt; 
And vertue, when too eminent a crime? </p0826-teimww:hasTextHist>
    <p0826-teimww:isMentionedIn>
      <p0826-teimww:passage knoraType="link_value" linkType="ref" target="ww_f09432ece29e2357"/>
    </p0826-teimww:isMentionedIn>
    <p0826-teimww:occursIn>
      <p0826-teimww:book knoraType="link_value" linkType="ref" target="ww_929a719a55a63af2"/>
    </p0826-teimww:occursIn>
    <p0826-teimww:wasContributedBy>
      <p0826-teimww:person knoraType="link_value" linkType="ref" target="ww_6202c1bb6957c9cc"/>
    </p0826-teimww:wasContributedBy>
  </p0826-teimww:passage>
  <p0826-teimww:passage id="ww_f09432ece29e2357">
    <knoraXmlImport:label>passage</knoraXmlImport:label>
    <p0826-teimww:occursIn>
      <p0826-teimww:book knoraType="link_value" linkType="ref" target="ww_1140c36ab545b6d8"/>
    </p0826-teimww:occursIn>
  </p0826-teimww:passage>
  <p0826-teimww:passage id="ww_60cf8c7115891e92">
    <knoraXmlImport:label>passage</knoraXmlImport:label>
    <p0826-teimww:contains>
      <p0826-teimww:lexia knoraType="link_value" linkType="ref" target="ww_3201e32ed5706503"/>
    </p0826-teimww:contains>
    <p0826-teimww:hasPage knoraType="richtext_value">B2 verso [normalized spelling]. ACT SCENE?</p0826-teimww:hasPage>
    <p0826-teimww:hasPageHist knoraType="richtext_value">B2 verso.</p0826-teimww:hasPageHist>
    <p0826-teimww:hasText knoraType="richtext_value">[Goodlack:] You are not mad, sir? You say you love her.&lt;br&gt;
[Spencer:] Never question that.&lt;br&gt;
[Goodlack:] Then put her to't, &lt;span class="quote"&gt;win opportunity, she['s] the best bawd. &lt;/span&gt;If (as you say) she loves you, she can deny you nothing.</p0826-teimww:hasText>
    <p0826-teimww:hasTextHist knoraType="richtext_value">[Goodlack:] You are not mad sir? You say you love her.&lt;br&gt;
[Spencer:] Never question that.&lt;br&gt;
[Goodlack:] Then put her to't, win Oportunity,&lt;br&gt;
Shee the best bawd: If (as you say) she loves you,&lt;br&gt;
She can deny you nothing.</p0826-teimww:hasTextHist>
    <p0826-teimww:isMentionedIn>
      <p0826-teimww:passage knoraType="link_value" linkType="ref" target="ww_82e7d5888d8684ed"/>
    </p0826-teimww:isMentionedIn>
    <p0826-teimww:occursIn>
      <p0826-teimww:book knoraType="link_value" linkType="ref" target="ww_800919bc37e2d114"/>
    </p0826-teimww:occursIn>
    <p0826-teimww:wasContributedBy>
      <p0826-teimww:person knoraType="link_value" linkType="ref" target="ww_6202c1bb6957c9cc"/>
    </p0826-teimww:wasContributedBy>
  </p0826-teimww:passage>
  <p0826-teimww:passage id="ww_82e7d5888d8684ed">
    <knoraXmlImport:label>passage</knoraXmlImport:label>
    <p0826-teimww:occursIn>
      <p0826-teimww:book knoraType="link_value" linkType="ref" target="ww_1140c36ab545b6d8"/>
    </p0826-teimww:occursIn>
  </p0826-teimww:passage>
  <p0826-teimww:passage id="ww_3969009383bfa54e">
    <knoraXmlImport:label>passage</knoraXmlImport:label>
    <p0826-teimww:contains>
      <p0826-teimww:lexia knoraType="link_value" linkType="ref" target="ww_23d9b8ba84703a8a"/>
    </p0826-teimww:contains>
    <p0826-teimww:hasPage knoraType="richtext_value">12; act 2, scene 1 [normalized spelling].</p0826-teimww:hasPage>
    <p0826-teimww:hasPageHist knoraType="richtext_value">12; act 2, scene 1.</p0826-teimww:hasPageHist>
    <p0826-teimww:hasText knoraType="richtext_value">[Berecinthius:] [...] mother of the gods what is he [...]&lt;br&gt;
at his best but a Patrician of Rome,&lt;br&gt;
&lt;span class="quote"&gt;His name's Titus flaminius, and speak mine&lt;br&gt;
Berecinthius Archflamen to Cybele it makes as great a sound.&lt;/span&gt;</p0826-teimww:hasText>
    <p0826-teimww:hasTextHist knoraType="richtext_value">[Berecinthius:] [...] mother of the gods what is hee [...]&lt;br&gt;
at his best but a Patritian of Rome,&lt;br&gt;
His name Titus flaminivs, and speake mine&lt;br&gt;
Berecinthivs Archflamen to Cybele it makes as greate a sownde.</p0826-teimww:hasTextHist>
    <p0826-teimww:isMentionedIn>
      <p0826-teimww:passage knoraType="link_value" linkType="ref" target="ww_b06b55affdde6421"/>
    </p0826-teimww:isMentionedIn>
    <p0826-teimww:occursIn>
      <p0826-teimww:book knoraType="link_value" linkType="ref" target="ww_f25717752145938c"/>
    </p0826-teimww:occursIn>
    <p0826-teimww:wasContributedBy>
      <p0826-teimww:person knoraType="link_value" linkType="ref" target="ww_6202c1bb6957c9cc"/>
    </p0826-teimww:wasContributedBy>
  </p0826-teimww:passage>
  <p0826-teimww:passage id="ww_b06b55affdde6421">
    <knoraXmlImport:label>passage</knoraXmlImport:label>
    <p0826-teimww:occursIn>
      <p0826-teimww:book knoraType="link_value" linkType="ref" target="ww_1140c36ab545b6d8"/>
    </p0826-teimww:occursIn>
  </p0826-teimww:passage>
  <p0826-teimww:passage id="ww_1937b66745dbbdc4">
    <knoraXmlImport:label>passage</knoraXmlImport:label>
    <p0826-teimww:contains>
      <p0826-teimww:lexia knoraType="link_value" linkType="ref" target="ww_7e0336f4c1fdc273"/>
    </p0826-teimww:contains>
    <p0826-teimww:hasPage knoraType="richtext_value">3; act 1, scene 1 [normalized spelling].</p0826-teimww:hasPage>
    <p0826-teimww:hasPageHist knoraType="richtext_value">3; act 1, scene 1.</p0826-teimww:hasPageHist>
    <p0826-teimww:hasText knoraType="richtext_value">[Antiochus:] [...] to assure it with all &lt;span class="quote"&gt;pomp &lt;br&gt;
and circumstance of glory&lt;/span&gt; [...].</p0826-teimww:hasText>
    <p0826-teimww:hasTextHist knoraType="richtext_value">[Antiochus:] [...] to assure it with all &lt;span class="quote"&gt;pompe &lt;br&gt;
and circumstance of glorie&lt;/span&gt; [...].</p0826-teimww:hasTextHist>
    <p0826-teimww:isMentionedIn>
      <p0826-teimww:passage knoraType="link_value" linkType="ref" target="ww_14054bb45c97dd16"/>
    </p0826-teimww:isMentionedIn>
    <p0826-teimww:occursIn>
      <p0826-teimww:book knoraType="link_value" linkType="ref" target="ww_f25717752145938c"/>
    </p0826-teimww:occursIn>
    <p0826-teimww:wasContributedBy>
      <p0826-teimww:person knoraType="link_value" linkType="ref" target="ww_b604df587d93b768"/>
    </p0826-teimww:wasContributedBy>
  </p0826-teimww:passage>
  <p0826-teimww:passage id="ww_14054bb45c97dd16">
    <knoraXmlImport:label>passage</knoraXmlImport:label>
    <p0826-teimww:occursIn>
      <p0826-teimww:book knoraType="link_value" linkType="ref" target="ww_1140c36ab545b6d8"/>
    </p0826-teimww:occursIn>
  </p0826-teimww:passage>
  <p0826-teimww:passage id="ww_a7d2be92263b9b55">
    <knoraXmlImport:label>passage</knoraXmlImport:label>
    <p0826-teimww:contains>
      <p0826-teimww:lexia knoraType="link_value" linkType="ref" target="ww_3ba4f388c8e04db8"/>
    </p0826-teimww:contains>
    <p0826-teimww:hasPage knoraType="richtext_value">N.p.; act 4, scene 4 [normalized spelling].</p0826-teimww:hasPage>
    <p0826-teimww:hasPageHist knoraType="richtext_value">N.p.; act 4, scene 4.</p0826-teimww:hasPageHist>
    <p0826-teimww:hasText knoraType="richtext_value">[Paulinus:] Yet take heed,&lt;br&gt;
Take heed Lord Philanax , that &lt;span class="quote"&gt;for private spleen&lt;br&gt;&lt;/span&gt;
Or any false conceived grudge against me,&lt;br&gt;
[...] you do not that&lt;br&gt;
My royal Master must in justice punish [...].</p0826-teimww:hasText>
    <p0826-teimww:hasTextHist knoraType="richtext_value">[Paulinus:] Yet take heede,&lt;br&gt;
Take heede Lord Philanax , that &lt;span class="quote"&gt;for priuate spleene&lt;br&gt;&lt;/span&gt;
Or any false conceiued grudge against mee,&lt;br&gt;
[...] you doe not that&lt;br&gt;
My royall Master must in iustice punish [...].</p0826-teimww:hasTextHist>
    <p0826-teimww:isMentionedIn>
      <p0826-teimww:passage knoraType="link_value" linkType="ref" target="ww_3db0f3370d94679b"/>
    </p0826-teimww:isMentionedIn>
    <p0826-teimww:occursIn>
      <p0826-teimww:book knoraType="link_value" linkType="ref" target="ww_485a54b3b41dff9b"/>
    </p0826-teimww:occursIn>
    <p0826-teimww:wasContributedBy>
      <p0826-teimww:person knoraType="link_value" linkType="ref" target="ww_6202c1bb6957c9cc"/>
    </p0826-teimww:wasContributedBy>
  </p0826-teimww:passage>
  <p0826-teimww:passage id="ww_3db0f3370d94679b">
    <knoraXmlImport:label>passage</knoraXmlImport:label>
    <p0826-teimww:occursIn>
      <p0826-teimww:book knoraType="link_value" linkType="ref" target="ww_1140c36ab545b6d8"/>
    </p0826-teimww:occursIn>
  </p0826-teimww:passage>
  <p0826-teimww:passage id="ww_acfc8be01bda1743">
    <knoraXmlImport:label>passage</knoraXmlImport:label>
    <p0826-teimww:contains>
      <p0826-teimww:lexia knoraType="link_value" linkType="ref" target="ww_5c26b5996b6a59aa"/>
    </p0826-teimww:contains>
    <p0826-teimww:hasPage knoraType="richtext_value">N.p.; act 4, scene 4 [normalized spelling].</p0826-teimww:hasPage>
    <p0826-teimww:hasPageHist knoraType="richtext_value">N.p.; act 4, scene 4.</p0826-teimww:hasPageHist>
    <p0826-teimww:hasText knoraType="richtext_value">[Theodosius:] [...] Me thinks &lt;span class="quote"&gt;I find &lt;i&gt; Paulinus &lt;/i&gt; on her lips&lt;/span&gt; [...].</p0826-teimww:hasText>
    <p0826-teimww:hasTextHist knoraType="richtext_value">[Theodosius:] [...] Mee thanks &lt;span class="quote"&gt;I finde &lt;i&gt; Paulinus &lt;/i&gt; on her lips&lt;/span&gt; [...].</p0826-teimww:hasTextHist>
    <p0826-teimww:isMentionedIn>
      <p0826-teimww:passage knoraType="link_value" linkType="ref" target="ww_d8508b27d0c42dc2"/>
    </p0826-teimww:isMentionedIn>
    <p0826-teimww:occursIn>
      <p0826-teimww:book knoraType="link_value" linkType="ref" target="ww_485a54b3b41dff9b"/>
    </p0826-teimww:occursIn>
    <p0826-teimww:wasContributedBy>
      <p0826-teimww:person knoraType="link_value" linkType="ref" target="ww_b604df587d93b768"/>
    </p0826-teimww:wasContributedBy>
  </p0826-teimww:passage>
  <p0826-teimww:passage id="ww_ee7176957261ed98">
    <knoraXmlImport:label>passage</knoraXmlImport:label>
    <p0826-teimww:contains>
      <p0826-teimww:lexia knoraType="link_value" linkType="ref" target="ww_d19ea68f7dbc1df9"/>
    </p0826-teimww:contains>
    <p0826-teimww:hasPage knoraType="richtext_value">N.p.; act 3, scene 6.</p0826-teimww:hasPage>
    <p0826-teimww:hasText knoraType="richtext_value">[Simo:] That I should have so ravishing a face,&lt;br&gt;
And never know it! - Miser that I was!&lt;br&gt;
I will go home and &lt;span class="quote"&gt;buy a looking glass,&lt;br&gt;
To be acquainted with my parts &lt;/span&gt;hereafter.</p0826-teimww:hasText>
    <p0826-teimww:isMentionedIn>
      <p0826-teimww:passage knoraType="link_value" linkType="ref" target="ww_51ba3ac4d488a96f"/>
    </p0826-teimww:isMentionedIn>
    <p0826-teimww:occursIn>
      <p0826-teimww:book knoraType="link_value" linkType="ref" target="ww_cf1407d337262e2b"/>
    </p0826-teimww:occursIn>
    <p0826-teimww:wasContributedBy>
      <p0826-teimww:person knoraType="link_value" linkType="ref" target="ww_6202c1bb6957c9cc"/>
    </p0826-teimww:wasContributedBy>
  </p0826-teimww:passage>
  <p0826-teimww:passage id="ww_51ba3ac4d488a96f">
    <knoraXmlImport:label>passage</knoraXmlImport:label>
    <p0826-teimww:occursIn>
      <p0826-teimww:book knoraType="link_value" linkType="ref" target="ww_1140c36ab545b6d8"/>
    </p0826-teimww:occursIn>
  </p0826-teimww:passage>
  <p0826-teimww:passage id="ww_7bd0c46cbe0aa3f3">
    <knoraXmlImport:label>passage</knoraXmlImport:label>
    <p0826-teimww:contains>
      <p0826-teimww:lexia knoraType="link_value" linkType="ref" target="ww_a0f2bb633c3675fe"/>
    </p0826-teimww:contains>
    <p0826-teimww:hasPage knoraType="richtext_value">5 [normalized spelling].</p0826-teimww:hasPage>
    <p0826-teimww:hasPageHist knoraType="richtext_value">5.</p0826-teimww:hasPageHist>
    <p0826-teimww:hasText knoraType="richtext_value">And if but an ordinary artist should with a watchful eye diligently and narrowly observe the ordinary proceeding of such an &lt;i&gt;Aesculapius&lt;/i&gt;, he should observe him often, [...] to soothe up his patient [...] when not withstanding &lt;span class="quote"&gt;this grim Sergeant seizes on the prisoner without bail or main price&lt;/span&gt;.</p0826-teimww:hasText>
    <p0826-teimww:hasTextHist knoraType="richtext_value">And if but an ordinary artist should with a watchfull eye diligently and narrowly observe the ordinary proceeding of such an &lt;i&gt;Aesculapius&lt;/i&gt;, he should observe him often, [...] to sooth up his patient [...] when not withstanding &lt;span class="quote"&gt;this grim Sergeant ceisez on the prisoner without baile or main price&lt;/span&gt;.</p0826-teimww:hasTextHist>
    <p0826-teimww:isMentionedIn>
      <p0826-teimww:passage knoraType="link_value" linkType="ref" target="ww_c9eccfd68f2f262c"/>
    </p0826-teimww:isMentionedIn>
    <p0826-teimww:occursIn>
      <p0826-teimww:book knoraType="link_value" linkType="ref" target="ww_2a002aad2fdee000"/>
    </p0826-teimww:occursIn>
    <p0826-teimww:wasContributedBy>
      <p0826-teimww:person knoraType="link_value" linkType="ref" target="ww_c4063e9c72a3ffd2"/>
    </p0826-teimww:wasContributedBy>
  </p0826-teimww:passage>
  <p0826-teimww:passage id="ww_c9eccfd68f2f262c">
    <knoraXmlImport:label>passage</knoraXmlImport:label>
    <p0826-teimww:occursIn>
      <p0826-teimww:book knoraType="link_value" linkType="ref" target="ww_1c8a25fac02f85a7"/>
    </p0826-teimww:occursIn>
  </p0826-teimww:passage>
  <p0826-teimww:passage id="ww_fa2c092898ef46f2">
    <knoraXmlImport:label>passage</knoraXmlImport:label>
    <p0826-teimww:contains>
      <p0826-teimww:lexia knoraType="link_value" linkType="ref" target="ww_f14c7f50b76b90d7"/>
    </p0826-teimww:contains>
    <p0826-teimww:hasPage knoraType="richtext_value">48; act 4, scene 1 [normalized spelling].</p0826-teimww:hasPage>
    <p0826-teimww:hasPageHist knoraType="richtext_value">48; act 4, scene 1.</p0826-teimww:hasPageHist>
    <p0826-teimww:hasText knoraType="richtext_value">[Aphelia:] [...] But what I saw was real; heard'st thou nothing?&lt;br&gt;
[Isabel:] I heard discourse of people in your Chamber&lt;br&gt;
Some half an hour since, but they went forth,&lt;br&gt;
And to my seeming full of discontent,&lt;br&gt;
But know not who they were.&lt;br&gt;
[Aphelia:] Oh it is too true;&lt;br&gt;
I'll to my Father's, &lt;span class="quote"&gt;
my Prophetic soul&lt;/span&gt;&lt;br&gt;
Sits like a Mine of lead within me; come&lt;br&gt;
Help me to mourn my Girl, for this sad sight&lt;br&gt;
Besits a funeral, not a Bridal night.</p0826-teimww:hasText>
    <p0826-teimww:hasTextHist knoraType="richtext_value">[Aphelia:] [...] But what I saw was reall; heard'st thou nothing?&lt;br&gt;
[Isabel:] I heard discourse of people in your Chamber&lt;br&gt;
Some half an hour since, but they went forth,&lt;br&gt;
And to my seeming full of discontent,&lt;br&gt;
But know not who they were.&lt;br&gt;
[Aphelia:] Oh it is too true;&lt;br&gt;
I'l to my Fathers, &lt;span class="quote"&gt;
my Prophetique soul&lt;/span&gt;&lt;br&gt;
Sits like a Mine of lead within me; come&lt;br&gt;
Help me to mourn my Girl, for this sad sight&lt;br&gt;
Besits a funerall, not a Bridall night.</p0826-teimww:hasTextHist>
    <p0826-teimww:isMentionedIn>
      <p0826-teimww:passage knoraType="link_value" linkType="ref" target="ww_f79354ccc3666416"/>
    </p0826-teimww:isMentionedIn>
    <p0826-teimww:isMentionedIn>
      <p0826-teimww:passage knoraType="link_value" linkType="ref" target="ww_51de95d5b26b4491"/>
    </p0826-teimww:isMentionedIn>
    <p0826-teimww:occursIn>
      <p0826-teimww:book knoraType="link_value" linkType="ref" target="ww_c8ca0bdc1413defb"/>
    </p0826-teimww:occursIn>
    <p0826-teimww:wasContributedBy>
      <p0826-teimww:person knoraType="link_value" linkType="ref" target="ww_c4063e9c72a3ffd2"/>
    </p0826-teimww:wasContributedBy>
  </p0826-teimww:passage>
  <p0826-teimww:passage id="ww_51de95d5b26b4491">
    <knoraXmlImport:label>passage</knoraXmlImport:label>
    <p0826-teimww:occursIn>
      <p0826-teimww:book knoraType="link_value" linkType="ref" target="ww_91e0dc4c671938fa"/>
    </p0826-teimww:occursIn>
  </p0826-teimww:passage>
  <p0826-teimww:passage id="ww_f79354ccc3666416">
    <knoraXmlImport:label>passage</knoraXmlImport:label>
    <p0826-teimww:occursIn>
      <p0826-teimww:book knoraType="link_value" linkType="ref" target="ww_5868d5560bdfc062"/>
    </p0826-teimww:occursIn>
  </p0826-teimww:passage>
  <p0826-teimww:passage id="ww_d743d2f1ed21b17d">
    <knoraXmlImport:label>passage</knoraXmlImport:label>
    <p0826-teimww:contains>
      <p0826-teimww:lexia knoraType="link_value" linkType="ref" target="ww_f14c7f50b76b90d7"/>
    </p0826-teimww:contains>
    <p0826-teimww:hasPage knoraType="richtext_value">C3 recto; act 1 [normalized spelling].</p0826-teimww:hasPage>
    <p0826-teimww:hasPageHist knoraType="richtext_value">C3 recto; act 1.</p0826-teimww:hasPageHist>
    <p0826-teimww:hasText knoraType="richtext_value">[Cassandra:] [...] &lt;span class="quote"&gt;my prophetic soul&lt;/span&gt;&lt;br&gt;
Knew this before.</p0826-teimww:hasText>
    <p0826-teimww:hasTextHist knoraType="richtext_value">[Cassandra:] [...] &lt;span class="quote"&gt;my prophetick soule&lt;/span&gt;&lt;br&gt;
Knew this before.</p0826-teimww:hasTextHist>
    <p0826-teimww:isMentionedIn>
      <p0826-teimww:passage knoraType="link_value" linkType="ref" target="ww_cc4898bd7ba838d5"/>
    </p0826-teimww:isMentionedIn>
    <p0826-teimww:occursIn>
      <p0826-teimww:book knoraType="link_value" linkType="ref" target="ww_e04a109f879d52d9"/>
    </p0826-teimww:occursIn>
    <p0826-teimww:wasContributedBy>
      <p0826-teimww:person knoraType="link_value" linkType="ref" target="ww_c4063e9c72a3ffd2"/>
    </p0826-teimww:wasContributedBy>
  </p0826-teimww:passage>
  <p0826-teimww:passage id="ww_cc4898bd7ba838d5">
    <knoraXmlImport:label>passage</knoraXmlImport:label>
    <p0826-teimww:occursIn>
      <p0826-teimww:book knoraType="link_value" linkType="ref" target="ww_91e0dc4c671938fa"/>
    </p0826-teimww:occursIn>
  </p0826-teimww:passage>
  <p0826-teimww:passage id="ww_4c4454da00b0563b">
    <knoraXmlImport:label>passage</knoraXmlImport:label>
    <p0826-teimww:contains>
      <p0826-teimww:lexia knoraType="link_value" linkType="ref" target="ww_2044a59b8cfd90a6"/>
    </p0826-teimww:contains>
    <p0826-teimww:hasPage knoraType="richtext_value">213-214 [normalized spelling].</p0826-teimww:hasPage>
    <p0826-teimww:hasPageHist knoraType="richtext_value">213-214.</p0826-teimww:hasPageHist>
    <p0826-teimww:hasText knoraType="richtext_value">In Election God bestowes on us his love, in Calling he grants the blessing of his word, in Justifying he communicates to us the sweetness of his spirit; in Glorifying he doth wholly give us himself. We see far with our body's eye, sense: further with &lt;span class="quote"&gt;the mind's eye&lt;/span&gt;, Reason; furthest with &lt;span class="quote"&gt;the soul's eye&lt;/span&gt;, Faith. The Rational eye doth not so far exceed the sensual, as the spiritual exceeds the rational. &lt;i&gt;Calling&lt;/i&gt; illuminates the mind with knowledge; Sanctifying seals up the heart with spiritual comfort: salvation crowns all, even the soul with immortal bliss.</p0826-teimww:hasText>
    <p0826-teimww:hasTextHist knoraType="richtext_value">In Election God bestowes on us his love, in Calling he grants the blessing of his word, in Justifying he communicates to us the sweetness of his spirit; in Glorifying he doth wholly give us himself. We see far with our bodies eye, sense: further with &lt;span class="quote"&gt;the minds eye&lt;/span&gt;, Reason; furthest with &lt;span class="quote"&gt;the soules eye&lt;/span&gt;, Faith. The Rationall eye doth not so far exceed the sensuall, as the spiritual exceeds the rationall. &lt;i&gt;Calling&lt;/i&gt; illuminates the mind with knowledge; Sanctifying seals up the heart with spirituall comfort: salvation crowns all, even the soule with immortall blisse.</p0826-teimww:hasTextHist>
    <p0826-teimww:isMentionedIn>
      <p0826-teimww:passage knoraType="link_value" linkType="ref" target="ww_847364af5829fe94"/>
    </p0826-teimww:isMentionedIn>
    <p0826-teimww:occursIn>
      <p0826-teimww:book knoraType="link_value" linkType="ref" target="ww_3099d6a308853605"/>
    </p0826-teimww:occursIn>
    <p0826-teimww:wasContributedBy>
      <p0826-teimww:person knoraType="link_value" linkType="ref" target="ww_5fbb1eab1b30dfee"/>
    </p0826-teimww:wasContributedBy>
  </p0826-teimww:passage>
  <p0826-teimww:passage id="ww_847364af5829fe94">
    <knoraXmlImport:label>passage</knoraXmlImport:label>
    <p0826-teimww:occursIn>
      <p0826-teimww:book knoraType="link_value" linkType="ref" target="ww_c8f5dee9c32a4636"/>
    </p0826-teimww:occursIn>
  </p0826-teimww:passage>
  <p0826-teimww:passage id="ww_477e4e6e9e7bb004">
    <knoraXmlImport:label>passage</knoraXmlImport:label>
    <p0826-teimww:contains>
      <p0826-teimww:lexia knoraType="link_value" linkType="ref" target="ww_72eb58d1c725d6fd"/>
    </p0826-teimww:contains>
    <p0826-teimww:hasPage knoraType="richtext_value">28 [normalized spelling].</p0826-teimww:hasPage>
    <p0826-teimww:hasPageHist knoraType="richtext_value">28.</p0826-teimww:hasPageHist>
    <p0826-teimww:hasText knoraType="richtext_value">[Adorio:] Heaven be pleas'd to qualify this excess of happiness &lt;br&gt;
With some disaster, or &lt;span class="quote"&gt;I shall expire &lt;br&gt;
With a surfeit of Felicity &lt;/span&gt;[...].</p0826-teimww:hasText>
    <p0826-teimww:hasTextHist knoraType="richtext_value">[Adorio:] Heaven be pleas'd to qualifie this excess of happiness &lt;br&gt;
With some disaster, or &lt;span class="quote"&gt;I shall expire &lt;br&gt;
With a surfeit of Felicity &lt;/span&gt;[...].</p0826-teimww:hasTextHist>
    <p0826-teimww:isMentionedIn>
      <p0826-teimww:passage knoraType="link_value" linkType="ref" target="ww_0594b4541525b077"/>
    </p0826-teimww:isMentionedIn>
    <p0826-teimww:occursIn>
      <p0826-teimww:book knoraType="link_value" linkType="ref" target="ww_f1d46e7ae80368bd"/>
    </p0826-teimww:occursIn>
    <p0826-teimww:wasContributedBy>
      <p0826-teimww:person knoraType="link_value" linkType="ref" target="ww_6202c1bb6957c9cc"/>
    </p0826-teimww:wasContributedBy>
  </p0826-teimww:passage>
  <p0826-teimww:passage id="ww_0594b4541525b077">
    <knoraXmlImport:label>passage</knoraXmlImport:label>
    <p0826-teimww:occursIn>
      <p0826-teimww:book knoraType="link_value" linkType="ref" target="ww_1140c36ab545b6d8"/>
    </p0826-teimww:occursIn>
  </p0826-teimww:passage>
  <p0826-teimww:passage id="ww_045c010f4380102f">
    <knoraXmlImport:label>passage</knoraXmlImport:label>
    <p0826-teimww:contains>
      <p0826-teimww:lexia knoraType="link_value" linkType="ref" target="ww_1fe3ab0109530ca1"/>
    </p0826-teimww:contains>
    <p0826-teimww:hasPage knoraType="richtext_value">321.</p0826-teimww:hasPage>
    <p0826-teimww:hasText knoraType="richtext_value">&lt;span class="quote"&gt;This goodly frame of the world &lt;/span&gt;[...].</p0826-teimww:hasText>
    <p0826-teimww:isMentionedIn>
      <p0826-teimww:passage knoraType="link_value" linkType="ref" target="ww_518d575744649238"/>
    </p0826-teimww:isMentionedIn>
    <p0826-teimww:occursIn>
      <p0826-teimww:book knoraType="link_value" linkType="ref" target="ww_d35dc820f15d3e44"/>
    </p0826-teimww:occursIn>
    <p0826-teimww:wasContributedBy>
      <p0826-teimww:person knoraType="link_value" linkType="ref" target="ww_c4063e9c72a3ffd2"/>
    </p0826-teimww:wasContributedBy>
  </p0826-teimww:passage>
  <p0826-teimww:passage id="ww_518d575744649238">
    <knoraXmlImport:label>passage</knoraXmlImport:label>
    <p0826-teimww:occursIn>
      <p0826-teimww:book knoraType="link_value" linkType="ref" target="ww_ba8a8fc764e851b4"/>
    </p0826-teimww:occursIn>
  </p0826-teimww:passage>
  <p0826-teimww:passage id="ww_74431c216556ab3f">
    <knoraXmlImport:label>passage</knoraXmlImport:label>
    <p0826-teimww:contains>
      <p0826-teimww:lexia knoraType="link_value" linkType="ref" target="ww_0583fe7f71b88878"/>
    </p0826-teimww:contains>
    <p0826-teimww:hasPage knoraType="richtext_value">N.p.; act 2, scene 1, line 250 [normalized spelling].</p0826-teimww:hasPage>
    <p0826-teimww:hasPageHist knoraType="richtext_value">N.p.; act 2, scene 1, line 250.</p0826-teimww:hasPageHist>
    <p0826-teimww:hasText knoraType="richtext_value">[Alvaro:] Could change my corslet, and my iron vests &lt;br&gt;
Of rugged &lt;span class="quote"&gt;war, to move in gentle pace, &lt;br&gt;
Unto the tuneful whispers of thy lute &lt;/span&gt;[...].</p0826-teimww:hasText>
    <p0826-teimww:hasTextHist knoraType="richtext_value">[Alvaro:] Could change my corslet, and my iron vests &lt;br&gt;
Of rugged war, to move in gentle pace, &lt;br&gt;
Vnto the tunefull whispers of thy Lute [...].</p0826-teimww:hasTextHist>
    <p0826-teimww:isMentionedIn>
      <p0826-teimww:passage knoraType="link_value" linkType="ref" target="ww_6b82a1c7b07c20a5"/>
    </p0826-teimww:isMentionedIn>
    <p0826-teimww:occursIn>
      <p0826-teimww:book knoraType="link_value" linkType="ref" target="ww_d5382e88160d5533"/>
    </p0826-teimww:occursIn>
    <p0826-teimww:wasContributedBy>
      <p0826-teimww:person knoraType="link_value" linkType="ref" target="ww_7f35f6802efd910d"/>
    </p0826-teimww:wasContributedBy>
  </p0826-teimww:passage>
  <p0826-teimww:passage id="ww_6b82a1c7b07c20a5">
    <knoraXmlImport:label>passage</knoraXmlImport:label>
    <p0826-teimww:occursIn>
      <p0826-teimww:book knoraType="link_value" linkType="ref" target="ww_12b8cda82738e9e2"/>
    </p0826-teimww:occursIn>
  </p0826-teimww:passage>
  <p0826-teimww:passage id="ww_4ea87fd00be3b4a2">
    <knoraXmlImport:label>passage</knoraXmlImport:label>
    <p0826-teimww:contains>
      <p0826-teimww:lexia knoraType="link_value" linkType="ref" target="ww_c7808384af6e58f6"/>
    </p0826-teimww:contains>
    <p0826-teimww:hasPage knoraType="richtext_value">C4 verso [22]; act 2, scene 1 [normalized spelling].</p0826-teimww:hasPage>
    <p0826-teimww:hasPageHist knoraType="richtext_value">C4 verso [22]; act 2, scene 1.</p0826-teimww:hasPageHist>
    <p0826-teimww:hasText knoraType="richtext_value">[Jacintha:] Falstaff I will believe thee,&lt;br&gt;
&lt;span class="quote"&gt;There is no faith in villanous man. &lt;/span&gt;</p0826-teimww:hasText>
    <p0826-teimww:hasTextHist knoraType="richtext_value">[Jacintha:] Falstasse I will beleeve thee,&lt;br&gt;
&lt;span class="quote"&gt;There is noe faith in vilanous man.&lt;/span&gt;</p0826-teimww:hasTextHist>
    <p0826-teimww:isMentionedIn>
      <p0826-teimww:passage knoraType="link_value" linkType="ref" target="ww_4b6c36fb03aeaeb5"/>
    </p0826-teimww:isMentionedIn>
    <p0826-teimww:occursIn>
      <p0826-teimww:book knoraType="link_value" linkType="ref" target="ww_523948c4964405e9"/>
    </p0826-teimww:occursIn>
    <p0826-teimww:wasContributedBy>
      <p0826-teimww:person knoraType="link_value" linkType="ref" target="ww_6202c1bb6957c9cc"/>
    </p0826-teimww:wasContributedBy>
  </p0826-teimww:passage>
  <p0826-teimww:passage id="ww_4b6c36fb03aeaeb5">
    <knoraXmlImport:label>passage</knoraXmlImport:label>
    <p0826-teimww:occursIn>
      <p0826-teimww:book knoraType="link_value" linkType="ref" target="ww_1140c36ab545b6d8"/>
    </p0826-teimww:occursIn>
  </p0826-teimww:passage>
  <p0826-teimww:passage id="ww_433754d2880dabda">
    <knoraXmlImport:label>passage</knoraXmlImport:label>
    <p0826-teimww:contains>
      <p0826-teimww:lexia knoraType="link_value" linkType="ref" target="ww_7b1979e121bf03b5"/>
    </p0826-teimww:contains>
    <p0826-teimww:hasPage knoraType="richtext_value">N.p.; act 3, scene 1, line 5 [normalised spelling].</p0826-teimww:hasPage>
    <p0826-teimww:hasPageHist knoraType="richtext_value">N.p.; act 3, scene 1, line 5.</p0826-teimww:hasPageHist>
    <p0826-teimww:hasText knoraType="richtext_value">[Theander:] Like &lt;span class="quote"&gt;sullen roses that would wither on &lt;br&gt;&lt;/span&gt;
The bough, e're throughly blown, e're gather'd for &lt;br&gt;
&lt;span class="quote"&gt;The Still; &lt;/span&gt;so lose all memory that they were ever sweet. </p0826-teimww:hasText>
    <p0826-teimww:hasTextHist knoraType="richtext_value">[Theander:] Like sullen Roses that would wither on &lt;br&gt;
The Bough, e're throughly blowne, e're gather'd for &lt;br&gt;
The Still; so lose all memorie that they were ever sweet. </p0826-teimww:hasTextHist>
    <p0826-teimww:isMentionedIn>
      <p0826-teimww:passage knoraType="link_value" linkType="ref" target="ww_18a63d6a1bbfe94c"/>
    </p0826-teimww:isMentionedIn>
    <p0826-teimww:occursIn>
      <p0826-teimww:book knoraType="link_value" linkType="ref" target="ww_e798efc53c0d661b"/>
    </p0826-teimww:occursIn>
    <p0826-teimww:wasContributedBy>
      <p0826-teimww:person knoraType="link_value" linkType="ref" target="ww_7f35f6802efd910d"/>
    </p0826-teimww:wasContributedBy>
  </p0826-teimww:passage>
  <p0826-teimww:passage id="ww_aa1de87b830b7b4c">
    <knoraXmlImport:label>passage</knoraXmlImport:label>
    <p0826-teimww:contains>
      <p0826-teimww:lexia knoraType="link_value" linkType="ref" target="ww_40b91fe87871ac49"/>
    </p0826-teimww:contains>
    <p0826-teimww:hasPage knoraType="richtext_value">N.p.; act 1 [normalized spelling].</p0826-teimww:hasPage>
    <p0826-teimww:hasPageHist knoraType="richtext_value">N.p.; act 1.</p0826-teimww:hasPageHist>
    <p0826-teimww:hasText knoraType="richtext_value">[Bornewell:] [...] And Ladies thither bound by a Subpoena &lt;br&gt;
Of &lt;i&gt; Venus&lt;/i&gt;, and small &lt;i&gt; Cupid's &lt;/i&gt; high displeasure, &lt;br&gt;
Tis but &lt;span class="quote"&gt;the family of love &lt;/span&gt;translated &lt;br&gt;
Into more costly sin [...].</p0826-teimww:hasText>
    <p0826-teimww:hasTextHist knoraType="richtext_value">[Bornewell:] [...] And Ladies thither bound by a Subpena &lt;br&gt;
Of &lt;i&gt; Venus &lt;/i&gt;, and small &lt;i&gt; Cupids &lt;/i&gt; high displeasure, &lt;br&gt;
Tis but the family of love translated &lt;br&gt;
Into more costly sinne [...].</p0826-teimww:hasTextHist>
    <p0826-teimww:isMentionedIn>
      <p0826-teimww:passage knoraType="link_value" linkType="ref" target="ww_f41db9622da19658"/>
    </p0826-teimww:isMentionedIn>
    <p0826-teimww:occursIn>
      <p0826-teimww:book knoraType="link_value" linkType="ref" target="ww_f820be86ce1c69cf"/>
    </p0826-teimww:occursIn>
    <p0826-teimww:wasContributedBy>
      <p0826-teimww:person knoraType="link_value" linkType="ref" target="ww_b604df587d93b768"/>
    </p0826-teimww:wasContributedBy>
  </p0826-teimww:passage>
  <p0826-teimww:passage id="ww_f0f9bc1eff7630f0">
    <knoraXmlImport:label>passage</knoraXmlImport:label>
    <p0826-teimww:contains>
      <p0826-teimww:lexia knoraType="link_value" linkType="ref" target="ww_f14c7f50b76b90d7"/>
    </p0826-teimww:contains>
    <p0826-teimww:hasPage knoraType="richtext_value">Q7verso [normalized spelling].</p0826-teimww:hasPage>
    <p0826-teimww:hasPageHist knoraType="richtext_value">Q7verso.</p0826-teimww:hasPageHist>
    <p0826-teimww:hasText knoraType="richtext_value">Inhabited so long, nor any impure thought aim at the mudding of this purest Fountain. Whether &lt;span class="quote"&gt;her prophetic Soul &lt;/span&gt;foresaw the snares of the ungodly, and so shunn'd them, they say not [...].</p0826-teimww:hasText>
    <p0826-teimww:hasTextHist knoraType="richtext_value">Inhabited so long, nor any impure thought ayme at the mudding of this purest Fountaine. Whether &lt;span class="quote"&gt;her prophetick Soule &lt;/span&gt;foresaw the snares of the ungodly, and so shun'd them, they say not [...].</p0826-teimww:hasTextHist>
    <p0826-teimww:isMentionedIn>
      <p0826-teimww:passage knoraType="link_value" linkType="ref" target="ww_876f993a63944864"/>
    </p0826-teimww:isMentionedIn>
    <p0826-teimww:occursIn>
      <p0826-teimww:book knoraType="link_value" linkType="ref" target="ww_f600369619d836c6"/>
    </p0826-teimww:occursIn>
    <p0826-teimww:wasContributedBy>
      <p0826-teimww:person knoraType="link_value" linkType="ref" target="ww_c4063e9c72a3ffd2"/>
    </p0826-teimww:wasContributedBy>
  </p0826-teimww:passage>
  <p0826-teimww:passage id="ww_876f993a63944864">
    <knoraXmlImport:label>passage</knoraXmlImport:label>
    <p0826-teimww:occursIn>
      <p0826-teimww:book knoraType="link_value" linkType="ref" target="ww_91e0dc4c671938fa"/>
    </p0826-teimww:occursIn>
  </p0826-teimww:passage>
  <p0826-teimww:passage id="ww_559abdfea9a8a60b">
    <knoraXmlImport:label>passage</knoraXmlImport:label>
    <p0826-teimww:contains>
      <p0826-teimww:lexia knoraType="link_value" linkType="ref" target="ww_497318d35f951449"/>
    </p0826-teimww:contains>
    <p0826-teimww:hasPage knoraType="richtext_value">92, lines 2247; act 5, scene 1 [normalized spelling].</p0826-teimww:hasPage>
    <p0826-teimww:hasText knoraType="richtext_value">[Messalina:] Swallow me &lt;span class="quote"&gt;earth, gape &lt;/span&gt;gape and swallow […].</p0826-teimww:hasText>
    <p0826-teimww:isMentionedIn>
      <p0826-teimww:passage knoraType="link_value" linkType="ref" target="ww_8134986f6f146b68"/>
    </p0826-teimww:isMentionedIn>
    <p0826-teimww:isMentionedIn>
      <p0826-teimww:passage knoraType="link_value" linkType="ref" target="ww_c2de312d84bd4640"/>
    </p0826-teimww:isMentionedIn>
    <p0826-teimww:occursIn>
      <p0826-teimww:book knoraType="link_value" linkType="ref" target="ww_cd047776ecc0f21c"/>
    </p0826-teimww:occursIn>
    <p0826-teimww:wasContributedBy>
      <p0826-teimww:person knoraType="link_value" linkType="ref" target="ww_7f35f6802efd910d"/>
    </p0826-teimww:wasContributedBy>
  </p0826-teimww:passage>
  <p0826-teimww:passage id="ww_c2de312d84bd4640">
    <knoraXmlImport:label>passage</knoraXmlImport:label>
    <p0826-teimww:occursIn>
      <p0826-teimww:book knoraType="link_value" linkType="ref" target="ww_5603853ee308e6b5"/>
    </p0826-teimww:occursIn>
  </p0826-teimww:passage>
  <p0826-teimww:passage id="ww_e679ef8164b2da43">
    <knoraXmlImport:label>passage</knoraXmlImport:label>
    <p0826-teimww:contains>
      <p0826-teimww:lexia knoraType="link_value" linkType="ref" target="ww_cfe85afbae533828"/>
    </p0826-teimww:contains>
    <p0826-teimww:hasPage knoraType="richtext_value">399 [normalized spelling].</p0826-teimww:hasPage>
    <p0826-teimww:hasPageHist knoraType="richtext_value">399.</p0826-teimww:hasPageHist>
    <p0826-teimww:hasText knoraType="richtext_value">They would &lt;span class="quote"&gt;speak Dagger points&lt;/span&gt;, as &lt;i&gt;Joab&lt;/i&gt; discoursed with &lt;i&gt;Amasa&lt;/i&gt; in the fifth rib.</p0826-teimww:hasText>
    <p0826-teimww:hasTextHist knoraType="richtext_value">They would &lt;span class="quote"&gt;speake Dagger points&lt;/span&gt;, as &lt;i&gt;Joab&lt;/i&gt; discoursed with &lt;i&gt;Amasa&lt;/i&gt; in the fift [sic] rib.</p0826-teimww:hasTextHist>
    <p0826-teimww:isMentionedIn>
      <p0826-teimww:passage knoraType="link_value" linkType="ref" target="ww_e5fbcd3e4b64b2fd"/>
    </p0826-teimww:isMentionedIn>
    <p0826-teimww:occursIn>
      <p0826-teimww:book knoraType="link_value" linkType="ref" target="ww_d67aa0d57e6ca1d5"/>
    </p0826-teimww:occursIn>
    <p0826-teimww:wasContributedBy>
      <p0826-teimww:person knoraType="link_value" linkType="ref" target="ww_c4063e9c72a3ffd2"/>
    </p0826-teimww:wasContributedBy>
  </p0826-teimww:passage>
  <p0826-teimww:passage id="ww_e5fbcd3e4b64b2fd">
    <knoraXmlImport:label>passage</knoraXmlImport:label>
    <p0826-teimww:occursIn>
      <p0826-teimww:book knoraType="link_value" linkType="ref" target="ww_1c8a25fac02f85a7"/>
    </p0826-teimww:occursIn>
  </p0826-teimww:passage>
  <p0826-teimww:passage id="ww_399bca065aa9ac45">
    <knoraXmlImport:label>passage</knoraXmlImport:label>
    <p0826-teimww:contains>
      <p0826-teimww:lexia knoraType="link_value" linkType="ref" target="ww_08de036758068822"/>
    </p0826-teimww:contains>
    <p0826-teimww:hasPage knoraType="richtext_value">17 [normalized spelling].</p0826-teimww:hasPage>
    <p0826-teimww:hasPageHist knoraType="richtext_value">17.</p0826-teimww:hasPageHist>
    <p0826-teimww:hasText knoraType="richtext_value">[Orsini:] [...] This night the French, and Genovese intend&lt;br&gt;
To seize our empty fleet, that rides i'th harbour;&lt;br&gt;
Those men I have endeared, - &lt;br&gt;
   &lt;span class="quote"&gt;Mount, mount my soul, &lt;/span&gt;let no fear weigh thee down,&lt;br&gt;
   He stakes his life that thus casts at a Crown.</p0826-teimww:hasText>
    <p0826-teimww:hasTextHist knoraType="richtext_value">[Ursini:] [...] 'Tis well, if this slander can but pull on murder upon him, or any of my servants, from Valenzo's hand, his head shall answer for't; I am his judge. (My power over the King makes mee so:)&lt;br&gt;
And he shall find mee cruell; then the fort is mine,&lt;br&gt;
In which his souldiers are in garrison;&lt;br&gt;å
This night the French, and Geno wayes intend&lt;br&gt;
To ceize our emptie fleete, that rides i'th harbour;&lt;br&gt;
Those men I have indear'd, - &lt;br&gt;
   Mount, mount my soule, let no feare weigh thee downe,&lt;br&gt;
   He stakes his life that thus casts at a Crowne.</p0826-teimww:hasTextHist>
    <p0826-teimww:isMentionedIn>
      <p0826-teimww:passage knoraType="link_value" linkType="ref" target="ww_0fb847b88c717ac0"/>
    </p0826-teimww:isMentionedIn>
    <p0826-teimww:occursIn>
      <p0826-teimww:book knoraType="link_value" linkType="ref" target="ww_fca85ff87c98f237"/>
    </p0826-teimww:occursIn>
    <p0826-teimww:wasContributedBy>
      <p0826-teimww:person knoraType="link_value" linkType="ref" target="ww_c4063e9c72a3ffd2"/>
    </p0826-teimww:wasContributedBy>
  </p0826-teimww:passage>
  <p0826-teimww:passage id="ww_0fb847b88c717ac0">
    <knoraXmlImport:label>passage</knoraXmlImport:label>
    <p0826-teimww:occursIn>
      <p0826-teimww:book knoraType="link_value" linkType="ref" target="ww_08a130e81db8a98f"/>
    </p0826-teimww:occursIn>
  </p0826-teimww:passage>
  <p0826-teimww:passage id="ww_fccdaa4ef6ef4635">
    <knoraXmlImport:label>passage</knoraXmlImport:label>
    <p0826-teimww:contains>
      <p0826-teimww:lexia knoraType="link_value" linkType="ref" target="ww_6f3b9a162cbc0aea"/>
    </p0826-teimww:contains>
    <p0826-teimww:hasPage knoraType="richtext_value">N.p.; act 2, scene 1, around line 130.</p0826-teimww:hasPage>
    <p0826-teimww:hasPageHist knoraType="richtext_value">N.p.; act 2, scene 1, around line 130.</p0826-teimww:hasPageHist>
    <p0826-teimww:hasText knoraType="richtext_value">[Oramont:] &lt;span class="quote"&gt;What strange divinity is that, which guards &lt;br&gt;
These Kings (the lawful terrors of mankind) &lt;br&gt;
Keeps them as safe from punishment, when they &lt;br&gt;
Oppress the tame and good, as it secures &lt;br&gt;
Them from the treachery of the fierce, and bad. </p0826-teimww:hasText>
    <p0826-teimww:hasTextHist knoraType="richtext_value">[Oramont:] &lt;span class="quote"&gt;What strange divinity is that, which guards &lt;br&gt;
These Kings (the lawful terrors of mankind) &lt;br&gt;
Keeps them as safe from punishment, when they &lt;br&gt;
Oppress the tame and good, as it secures &lt;br&gt;
Them from the treachery of the fierce, and bad. </p0826-teimww:hasTextHist>
    <p0826-teimww:isMentionedIn>
      <p0826-teimww:passage knoraType="link_value" linkType="ref" target="ww_71ffd79dc7884ae1"/>
    </p0826-teimww:isMentionedIn>
    <p0826-teimww:occursIn>
      <p0826-teimww:book knoraType="link_value" linkType="ref" target="ww_642b2e2b3af470fd"/>
    </p0826-teimww:occursIn>
    <p0826-teimww:wasContributedBy>
      <p0826-teimww:person knoraType="link_value" linkType="ref" target="ww_7f35f6802efd910d"/>
    </p0826-teimww:wasContributedBy>
  </p0826-teimww:passage>
  <p0826-teimww:passage id="ww_71ffd79dc7884ae1">
    <knoraXmlImport:label>passage</knoraXmlImport:label>
    <p0826-teimww:occursIn>
      <p0826-teimww:book knoraType="link_value" linkType="ref" target="ww_12b8cda82738e9e2"/>
    </p0826-teimww:occursIn>
  </p0826-teimww:passage>
  <p0826-teimww:passage id="ww_de197f739a0bc601">
    <knoraXmlImport:label>passage</knoraXmlImport:label>
    <p0826-teimww:contains>
      <p0826-teimww:lexia knoraType="link_value" linkType="ref" target="ww_b2f8ae9db05d31b1"/>
    </p0826-teimww:contains>
    <p0826-teimww:hasPage knoraType="richtext_value">N.p.; act 3, scene 1, around line 320.</p0826-teimww:hasPage>
    <p0826-teimww:hasText knoraType="richtext_value">[Amadore:] Are there no terrors near &lt;br&gt;
The Grave? &lt;span class="quote"&gt;No angry Spirits, whose &lt;br&gt;
Imployment is to hurry, and transmit the Soul &lt;br&gt;
From flame to flame, from wind to wind &lt;/span&gt;(Poor &lt;br&gt;
Vex'd and weary stranger?)</p0826-teimww:hasText>
    <p0826-teimww:isMentionedIn>
      <p0826-teimww:passage knoraType="link_value" linkType="ref" target="ww_5f8d5dabf6df5c19"/>
    </p0826-teimww:isMentionedIn>
    <p0826-teimww:occursIn>
      <p0826-teimww:book knoraType="link_value" linkType="ref" target="ww_642b2e2b3af470fd"/>
    </p0826-teimww:occursIn>
    <p0826-teimww:wasContributedBy>
      <p0826-teimww:person knoraType="link_value" linkType="ref" target="ww_7f35f6802efd910d"/>
    </p0826-teimww:wasContributedBy>
  </p0826-teimww:passage>
  <p0826-teimww:passage id="ww_5f8d5dabf6df5c19">
    <knoraXmlImport:label>passage</knoraXmlImport:label>
    <p0826-teimww:occursIn>
      <p0826-teimww:book knoraType="link_value" linkType="ref" target="ww_12b8cda82738e9e2"/>
    </p0826-teimww:occursIn>
  </p0826-teimww:passage>
  <p0826-teimww:passage id="ww_1ce2753819f11a82">
    <knoraXmlImport:label>passage</knoraXmlImport:label>
    <p0826-teimww:contains>
      <p0826-teimww:lexia knoraType="link_value" linkType="ref" target="ww_75b03c2c16b9b9a1"/>
    </p0826-teimww:contains>
    <p0826-teimww:hasPage knoraType="richtext_value">N.p.; act 4, scene 1, around line 500.</p0826-teimww:hasPage>
    <p0826-teimww:hasText knoraType="richtext_value">[Eumena (kneels):] &lt;span class="quote"&gt;For 'tis the last request I ere shall make. &lt;/span&gt;</p0826-teimww:hasText>
    <p0826-teimww:isMentionedIn>
      <p0826-teimww:passage knoraType="link_value" linkType="ref" target="ww_02587c7470739125"/>
    </p0826-teimww:isMentionedIn>
    <p0826-teimww:occursIn>
      <p0826-teimww:book knoraType="link_value" linkType="ref" target="ww_642b2e2b3af470fd"/>
    </p0826-teimww:occursIn>
    <p0826-teimww:wasContributedBy>
      <p0826-teimww:person knoraType="link_value" linkType="ref" target="ww_7f35f6802efd910d"/>
    </p0826-teimww:wasContributedBy>
  </p0826-teimww:passage>
  <p0826-teimww:passage id="ww_7266a241dead155c">
    <knoraXmlImport:label>passage</knoraXmlImport:label>
    <p0826-teimww:contains>
      <p0826-teimww:lexia knoraType="link_value" linkType="ref" target="ww_f3f540c15599c60e"/>
    </p0826-teimww:contains>
    <p0826-teimww:hasPage knoraType="richtext_value">25; act 3, scene 1 [normalized spelling].</p0826-teimww:hasPage>
    <p0826-teimww:hasPageHist knoraType="richtext_value">25; act 3, scene 1.</p0826-teimww:hasPageHist>
    <p0826-teimww:hasText knoraType="richtext_value">[Samorat:] &lt;span class="quote"&gt;The Prince of Darkness is a gentleman, &lt;br&gt;
Mahu, Mohu &lt;/span&gt;is his name.</p0826-teimww:hasText>
    <p0826-teimww:hasTextHist knoraType="richtext_value">[Samorat:] The Prince of darknesse is a Gentleman, &lt;br&gt;
Mahu, Mohu is his name.</p0826-teimww:hasTextHist>
    <p0826-teimww:isMentionedIn>
      <p0826-teimww:passage knoraType="link_value" linkType="ref" target="ww_2a19a00fc1619b1c"/>
    </p0826-teimww:isMentionedIn>
    <p0826-teimww:occursIn>
      <p0826-teimww:book knoraType="link_value" linkType="ref" target="ww_c354c8aa7bc6d63e"/>
    </p0826-teimww:occursIn>
    <p0826-teimww:wasContributedBy>
      <p0826-teimww:person knoraType="link_value" linkType="ref" target="ww_6202c1bb6957c9cc"/>
    </p0826-teimww:wasContributedBy>
  </p0826-teimww:passage>
  <p0826-teimww:passage id="ww_addbc84983e1f3c5">
    <knoraXmlImport:label>passage</knoraXmlImport:label>
    <p0826-teimww:contains>
      <p0826-teimww:lexia knoraType="link_value" linkType="ref" target="ww_917d226a0202b102"/>
    </p0826-teimww:contains>
    <p0826-teimww:hasPage knoraType="richtext_value">43; act 4, scene 1 [normalized spelling].</p0826-teimww:hasPage>
    <p0826-teimww:hasPageHist knoraType="richtext_value">43; act 4, scene 1.</p0826-teimww:hasPageHist>
    <p0826-teimww:hasText knoraType="richtext_value">[Pellegrin:]&lt;/i&gt; Is't ev'n so? Why then, &lt;br&gt; 
&lt;span class="quote"&gt;Farewell the plumed troops, &lt;/span&gt;and the big wars, &lt;br&gt;
Which made ambition virtue.</p0826-teimww:hasText>
    <p0826-teimww:hasTextHist knoraType="richtext_value">[Pellegrin:]&lt;/i&gt; I'st er'n so? Why then, &lt;br&gt; 
Farewell the plumed Troops, and the big Wars, &lt;br&gt;
Which made ambition vertue.</p0826-teimww:hasTextHist>
    <p0826-teimww:isMentionedIn>
      <p0826-teimww:passage knoraType="link_value" linkType="ref" target="ww_025204ea6613a760"/>
    </p0826-teimww:isMentionedIn>
    <p0826-teimww:occursIn>
      <p0826-teimww:book knoraType="link_value" linkType="ref" target="ww_c354c8aa7bc6d63e"/>
    </p0826-teimww:occursIn>
    <p0826-teimww:wasContributedBy>
      <p0826-teimww:person knoraType="link_value" linkType="ref" target="ww_6202c1bb6957c9cc"/>
    </p0826-teimww:wasContributedBy>
  </p0826-teimww:passage>
  <p0826-teimww:passage id="ww_025204ea6613a760">
    <knoraXmlImport:label>passage</knoraXmlImport:label>
    <p0826-teimww:occursIn>
      <p0826-teimww:book knoraType="link_value" linkType="ref" target="ww_1140c36ab545b6d8"/>
    </p0826-teimww:occursIn>
  </p0826-teimww:passage>
  <p0826-teimww:passage id="ww_2ea9cb1f4b1433a1">
    <knoraXmlImport:label>passage</knoraXmlImport:label>
    <p0826-teimww:contains>
      <p0826-teimww:lexia knoraType="link_value" linkType="ref" target="ww_08894dbb901a6313"/>
    </p0826-teimww:contains>
    <p0826-teimww:hasPage knoraType="richtext_value">49; act 5, lines 43-50 [normalized spelling].</p0826-teimww:hasPage>
    <p0826-teimww:hasPageHist knoraType="richtext_value">49; act 5, lines 43-50.</p0826-teimww:hasPageHist>
    <p0826-teimww:hasText knoraType="richtext_value">[Peridor:] I've found it out, &lt;br&gt;
He does intend to fetch this stranger back, &lt;br&gt;
And give him Reginella, &lt;br&gt;
Or else - No, no, it must be that &lt;br&gt; 
His anger, and the search declare it;&lt;br&gt;
&lt;span class="quote"&gt;The secret of the prison-house&lt;/span&gt; shall out I swear.</p0826-teimww:hasText>
    <p0826-teimww:hasTextHist knoraType="richtext_value">[Peridor:] I've found it out, &lt;br&gt;
He doe's intend to fetch this stranger backe, &lt;br&gt;
And give him Reginella, &lt;br&gt;
Or else - No, no, it must be that &lt;br&gt; 
His anger, and the search declare it;&lt;br&gt;
&lt;span class="quote"&gt;The secret of the prison-house&lt;/span&gt; shall out I sweare.</p0826-teimww:hasTextHist>
    <p0826-teimww:isMentionedIn>
      <p0826-teimww:passage knoraType="link_value" linkType="ref" target="ww_62899128de0bc474"/>
    </p0826-teimww:isMentionedIn>
    <p0826-teimww:occursIn>
      <p0826-teimww:book knoraType="link_value" linkType="ref" target="ww_c354c8aa7bc6d63e"/>
    </p0826-teimww:occursIn>
    <p0826-teimww:wasContributedBy>
      <p0826-teimww:person knoraType="link_value" linkType="ref" target="ww_bff7390e4e734f4c"/>
    </p0826-teimww:wasContributedBy>
  </p0826-teimww:passage>
  <p0826-teimww:passage id="ww_62899128de0bc474">
    <knoraXmlImport:label>passage</knoraXmlImport:label>
    <p0826-teimww:occursIn>
      <p0826-teimww:book knoraType="link_value" linkType="ref" target="ww_1140c36ab545b6d8"/>
    </p0826-teimww:occursIn>
  </p0826-teimww:passage>
  <p0826-teimww:passage id="ww_07c5f416234320e0">
    <knoraXmlImport:label>passage</knoraXmlImport:label>
    <p0826-teimww:contains>
      <p0826-teimww:lexia knoraType="link_value" linkType="ref" target="ww_753e66849b115be8"/>
    </p0826-teimww:contains>
    <p0826-teimww:hasPage knoraType="richtext_value">488; act 2, scene 1, lines 27-33.</p0826-teimww:hasPage>
    <p0826-teimww:hasText knoraType="richtext_value">[Simanthes:] With the pardon&lt;br&gt;
Of your most sacred Majesty, 'tis fit then&lt;br&gt;
Your great commands forbid the Prince's voyage:&lt;br&gt;
Boldness enforces youth to hard achievements&lt;br&gt;
Before their time, makes them &lt;span class="quote"&gt;run forth like lapwings&lt;br&gt;
From their nest, part of the shell yet sticking&lt;br&gt;
Unto their downy heads&lt;/span&gt;.</p0826-teimww:hasText>
    <p0826-teimww:isMentionedIn>
      <p0826-teimww:passage knoraType="link_value" linkType="ref" target="ww_230aa667e963c027"/>
    </p0826-teimww:isMentionedIn>
    <p0826-teimww:isMentionedIn>
      <p0826-teimww:passage knoraType="link_value" linkType="ref" target="ww_5c44beee77d273ec"/>
    </p0826-teimww:isMentionedIn>
    <p0826-teimww:occursIn>
      <p0826-teimww:book knoraType="link_value" linkType="ref" target="ww_3f5747bce6d798fe"/>
    </p0826-teimww:occursIn>
    <p0826-teimww:wasContributedBy>
      <p0826-teimww:person knoraType="link_value" linkType="ref" target="ww_6965a91ff78934d7"/>
    </p0826-teimww:wasContributedBy>
  </p0826-teimww:passage>
  <p0826-teimww:passage id="ww_5c44beee77d273ec">
    <knoraXmlImport:label>passage</knoraXmlImport:label>
    <p0826-teimww:occursIn>
      <p0826-teimww:book knoraType="link_value" linkType="ref" target="ww_1140c36ab545b6d8"/>
    </p0826-teimww:occursIn>
  </p0826-teimww:passage>
  <p0826-teimww:passage id="ww_230aa667e963c027">
    <knoraXmlImport:label>passage</knoraXmlImport:label>
    <p0826-teimww:occursIn>
      <p0826-teimww:book knoraType="link_value" linkType="ref" target="ww_e81f44945dfa651c"/>
    </p0826-teimww:occursIn>
  </p0826-teimww:passage>
  <p0826-teimww:passage id="ww_e98878c31d6e5d49">
    <knoraXmlImport:label>passage</knoraXmlImport:label>
    <p0826-teimww:contains>
      <p0826-teimww:lexia knoraType="link_value" linkType="ref" target="ww_f14c7f50b76b90d7"/>
    </p0826-teimww:contains>
    <p0826-teimww:hasPage knoraType="richtext_value">488; act 2, scene 4 [normalized spelling].</p0826-teimww:hasPage>
    <p0826-teimww:hasPageHist knoraType="richtext_value">488; act 2, scene 4.</p0826-teimww:hasPageHist>
    <p0826-teimww:hasText knoraType="richtext_value">[Leopoldo:] I must find this Maid though thousand Difficulties oppose; 'tis the very Figure in my Sister's Dream. - O Bellamira,&lt;span class="quote"&gt; thy prophetic soul &lt;/span&gt;has foreseen all our Troubles both of mind and body.</p0826-teimww:hasText>
    <p0826-teimww:hasTextHist knoraType="richtext_value">[Leopoldo:] I must finde this Maid though thousand Difficulties oppose; 'tis the very Figure in my Sisters Dream. - O Bellamira,&lt;span class="quote"&gt; thy prophetick soul &lt;/span&gt;has foreseen all our Troubles both of minde and body.</p0826-teimww:hasTextHist>
    <p0826-teimww:isMentionedIn>
      <p0826-teimww:passage knoraType="link_value" linkType="ref" target="ww_777b33baf2d9e56b"/>
    </p0826-teimww:isMentionedIn>
    <p0826-teimww:occursIn>
      <p0826-teimww:book knoraType="link_value" linkType="ref" target="ww_faab680e79f823c3"/>
    </p0826-teimww:occursIn>
    <p0826-teimww:wasContributedBy>
      <p0826-teimww:person knoraType="link_value" linkType="ref" target="ww_c4063e9c72a3ffd2"/>
    </p0826-teimww:wasContributedBy>
  </p0826-teimww:passage>
  <p0826-teimww:passage id="ww_777b33baf2d9e56b">
    <knoraXmlImport:label>passage</knoraXmlImport:label>
    <p0826-teimww:occursIn>
      <p0826-teimww:book knoraType="link_value" linkType="ref" target="ww_b3931845d54b98d5"/>
    </p0826-teimww:occursIn>
  </p0826-teimww:passage>
  <p0826-teimww:passage id="ww_02d0e7b91b9cf1c8">
    <knoraXmlImport:label>passage</knoraXmlImport:label>
    <p0826-teimww:contains>
      <p0826-teimww:lexia knoraType="link_value" linkType="ref" target="ww_f14c7f50b76b90d7"/>
    </p0826-teimww:contains>
    <p0826-teimww:hasPage knoraType="richtext_value">230; act 2, scene 3.</p0826-teimww:hasPage>
    <p0826-teimww:hasText knoraType="richtext_value">[Amadeo:] Sir, by Manlius we sent a message to great Otho; Clorinda 's &lt;span class="quote"&gt;Prophetick soul &lt;/span&gt;proposed it, our desires were few and short, being the sence of those minds which never yet were false; we only ask to be used like friends to the Romans; that we once dared to be enemies ought not to prejudice us, but rather shew us worthy the honour of a peace, which, with honour, is all we ask, and then command us. </p0826-teimww:hasText>
    <p0826-teimww:isMentionedIn>
      <p0826-teimww:passage knoraType="link_value" linkType="ref" target="ww_74b70a6f67e246d3"/>
    </p0826-teimww:isMentionedIn>
    <p0826-teimww:occursIn>
      <p0826-teimww:book knoraType="link_value" linkType="ref" target="ww_4ec990bf4885faf0"/>
    </p0826-teimww:occursIn>
    <p0826-teimww:wasContributedBy>
      <p0826-teimww:person knoraType="link_value" linkType="ref" target="ww_c4063e9c72a3ffd2"/>
    </p0826-teimww:wasContributedBy>
  </p0826-teimww:passage>
  <p0826-teimww:passage id="ww_74b70a6f67e246d3">
    <knoraXmlImport:label>passage</knoraXmlImport:label>
    <p0826-teimww:occursIn>
      <p0826-teimww:book knoraType="link_value" linkType="ref" target="ww_91e0dc4c671938fa"/>
    </p0826-teimww:occursIn>
  </p0826-teimww:passage>
  <p0826-teimww:passage id="ww_f6d062dbb67b0fd8">
    <knoraXmlImport:label>passage</knoraXmlImport:label>
    <p0826-teimww:contains>
      <p0826-teimww:lexia knoraType="link_value" linkType="ref" target="ww_e600b3175d2bea1a"/>
    </p0826-teimww:contains>
    <p0826-teimww:hasPage knoraType="richtext_value">61; act 5, scene 1.</p0826-teimww:hasPage>
    <p0826-teimww:hasText knoraType="richtext_value">[Delirus:] [...] We &lt;br&gt;
Are married to another world &lt;i&gt;Artesia&lt;/i&gt;, let them &lt;br&gt;
Injoy the happiness in this (if there be any in't) &lt;br&gt;
That are wedded to it, whom we with pity, not &lt;br&gt;
With envy must behold. And 'tis no little joy, amid'st &lt;br&gt;
Our &lt;span class="quote"&gt;sea of troubles&lt;/span&gt;, to see thee thus prepar'd for &lt;br&gt;
Death; which we'l imbrace as greedily, as &lt;br&gt;
Shipwrackt travellers do the long'd for shoare: [...].</p0826-teimww:hasText>
    <p0826-teimww:isMentionedIn>
      <p0826-teimww:passage knoraType="link_value" linkType="ref" target="ww_2513c022db964ccf"/>
    </p0826-teimww:isMentionedIn>
    <p0826-teimww:occursIn>
      <p0826-teimww:book knoraType="link_value" linkType="ref" target="ww_302fb9237874258f"/>
    </p0826-teimww:occursIn>
    <p0826-teimww:wasContributedBy>
      <p0826-teimww:person knoraType="link_value" linkType="ref" target="ww_b05ab3db9fd9054a"/>
    </p0826-teimww:wasContributedBy>
  </p0826-teimww:passage>
  <p0826-teimww:passage id="ww_2513c022db964ccf">
    <knoraXmlImport:label>passage</knoraXmlImport:label>
    <p0826-teimww:occursIn>
      <p0826-teimww:book knoraType="link_value" linkType="ref" target="ww_3e15ab6c612eadae"/>
    </p0826-teimww:occursIn>
  </p0826-teimww:passage>
  <p0826-teimww:passage id="ww_8a4d7693d8cf722a">
    <knoraXmlImport:label>passage</knoraXmlImport:label>
    <p0826-teimww:contains>
      <p0826-teimww:lexia knoraType="link_value" linkType="ref" target="ww_d1480a932dddc666"/>
    </p0826-teimww:contains>
    <p0826-teimww:hasText knoraType="richtext_value">&lt;span class="quote"&gt;A Brother's Murder&lt;/span&gt;</p0826-teimww:hasText>
    <p0826-teimww:isMentionedIn>
      <p0826-teimww:passage knoraType="link_value" linkType="ref" target="ww_19d74a45a0319d67"/>
    </p0826-teimww:isMentionedIn>
    <p0826-teimww:occursIn>
      <p0826-teimww:book knoraType="link_value" linkType="ref" target="ww_2774c07140c40620"/>
    </p0826-teimww:occursIn>
    <p0826-teimww:wasContributedBy>
      <p0826-teimww:person knoraType="link_value" linkType="ref" target="ww_c4063e9c72a3ffd2"/>
    </p0826-teimww:wasContributedBy>
  </p0826-teimww:passage>
  <p0826-teimww:passage id="ww_19d74a45a0319d67">
    <knoraXmlImport:label>passage</knoraXmlImport:label>
    <p0826-teimww:occursIn>
      <p0826-teimww:book knoraType="link_value" linkType="ref" target="ww_73cdd390f6e92cbe"/>
    </p0826-teimww:occursIn>
  </p0826-teimww:passage>
  <p0826-teimww:passage id="ww_c45c344b27eac392">
    <knoraXmlImport:label>passage</knoraXmlImport:label>
    <p0826-teimww:contains>
      <p0826-teimww:lexia knoraType="link_value" linkType="ref" target="ww_4532e703af075f6a"/>
    </p0826-teimww:contains>
    <p0826-teimww:hasPage knoraType="richtext_value">N.p.; act 2, scene 1.</p0826-teimww:hasPage>
    <p0826-teimww:hasText knoraType="richtext_value">&lt;span class="quote"&gt;New Broom sweeps clean: Frosty age and youth suit not well together.&lt;/span&gt;</p0826-teimww:hasText>
    <p0826-teimww:isMentionedIn>
      <p0826-teimww:passage knoraType="link_value" linkType="ref" target="ww_b238c62fec81740d"/>
    </p0826-teimww:isMentionedIn>
    <p0826-teimww:occursIn>
      <p0826-teimww:book knoraType="link_value" linkType="ref" target="ww_1d1e4a88851e1bfc"/>
    </p0826-teimww:occursIn>
    <p0826-teimww:wasContributedBy>
      <p0826-teimww:person knoraType="link_value" linkType="ref" target="ww_6202c1bb6957c9cc"/>
    </p0826-teimww:wasContributedBy>
  </p0826-teimww:passage>
  <p0826-teimww:passage id="ww_b238c62fec81740d">
    <knoraXmlImport:label>passage</knoraXmlImport:label>
    <p0826-teimww:occursIn>
      <p0826-teimww:book knoraType="link_value" linkType="ref" target="ww_1140c36ab545b6d8"/>
    </p0826-teimww:occursIn>
  </p0826-teimww:passage>
  <p0826-teimww:passage id="ww_79ee5463ac01e11b">
    <knoraXmlImport:label>passage</knoraXmlImport:label>
    <p0826-teimww:contains>
      <p0826-teimww:lexia knoraType="link_value" linkType="ref" target="ww_41bf83313685ee84"/>
    </p0826-teimww:contains>
    <p0826-teimww:hasPage knoraType="richtext_value">2:85.</p0826-teimww:hasPage>
    <p0826-teimww:hasText knoraType="richtext_value">[Somebody has said of [Shakespeare's] writing] that 'twas &lt;span class="quote"&gt;a fine Garden, but it wanted weeding.&lt;/span&gt;</p0826-teimww:hasText>
    <p0826-teimww:isMentionedIn>
      <p0826-teimww:passage knoraType="link_value" linkType="ref" target="ww_8b8d7a0a59194955"/>
    </p0826-teimww:isMentionedIn>
    <p0826-teimww:occursIn>
      <p0826-teimww:book knoraType="link_value" linkType="ref" target="ww_bd4dff842f8bc0f9"/>
    </p0826-teimww:occursIn>
    <p0826-teimww:wasContributedBy>
      <p0826-teimww:person knoraType="link_value" linkType="ref" target="ww_c4063e9c72a3ffd2"/>
    </p0826-teimww:wasContributedBy>
  </p0826-teimww:passage>
  <p0826-teimww:passage id="ww_8b8d7a0a59194955">
    <knoraXmlImport:label>passage</knoraXmlImport:label>
    <p0826-teimww:occursIn>
      <p0826-teimww:book knoraType="link_value" linkType="ref" target="ww_1140c36ab545b6d8"/>
    </p0826-teimww:occursIn>
  </p0826-teimww:passage>
  <p0826-teimww:passage id="ww_3d735a6c1fd0b16f">
    <knoraXmlImport:label>passage</knoraXmlImport:label>
    <p0826-teimww:contains>
      <p0826-teimww:lexia knoraType="link_value" linkType="ref" target="ww_9256a2d1b4137c25"/>
    </p0826-teimww:contains>
    <p0826-teimww:hasPage knoraType="richtext_value">71; chapter 18 "Of Modern Battles".</p0826-teimww:hasPage>
    <p0826-teimww:hasText knoraType="richtext_value">And though a truce may &lt;span class="quote"&gt;give a comma or colon to the war, &lt;/span&gt;nothing under a peace can put a perfect period thereunto.</p0826-teimww:hasText>
    <p0826-teimww:isMentionedIn>
      <p0826-teimww:passage knoraType="link_value" linkType="ref" target="ww_083249bea6fbff72"/>
    </p0826-teimww:isMentionedIn>
    <p0826-teimww:occursIn>
      <p0826-teimww:book knoraType="link_value" linkType="ref" target="ww_d35968508e400c34"/>
    </p0826-teimww:occursIn>
    <p0826-teimww:wasContributedBy>
      <p0826-teimww:person knoraType="link_value" linkType="ref" target="ww_c4063e9c72a3ffd2"/>
    </p0826-teimww:wasContributedBy>
  </p0826-teimww:passage>
  <p0826-teimww:passage id="ww_083249bea6fbff72">
    <knoraXmlImport:label>passage</knoraXmlImport:label>
    <p0826-teimww:occursIn>
      <p0826-teimww:book knoraType="link_value" linkType="ref" target="ww_b3931845d54b98d5"/>
    </p0826-teimww:occursIn>
  </p0826-teimww:passage>
  <p0826-teimww:passage id="ww_18ebc98c1b84077e">
    <knoraXmlImport:label>passage</knoraXmlImport:label>
    <p0826-teimww:contains>
      <p0826-teimww:lexia knoraType="link_value" linkType="ref" target="ww_604bb0bff18a6885"/>
    </p0826-teimww:contains>
    <p0826-teimww:hasPage knoraType="richtext_value">59; act 5, scene 5.</p0826-teimww:hasPage>
    <p0826-teimww:hasText knoraType="richtext_value">[Cleopatra:] And if to see a Brother &lt;span class="quote"&gt;justly kill'd&lt;br&gt;&lt;/span&gt;
To Nature I as well as Reason yield.</p0826-teimww:hasText>
    <p0826-teimww:isMentionedIn>
      <p0826-teimww:passage knoraType="link_value" linkType="ref" target="ww_ccdc90f07f46d4d3"/>
    </p0826-teimww:isMentionedIn>
    <p0826-teimww:occursIn>
      <p0826-teimww:book knoraType="link_value" linkType="ref" target="ww_342226daaf5794f5"/>
    </p0826-teimww:occursIn>
    <p0826-teimww:wasContributedBy>
      <p0826-teimww:person knoraType="link_value" linkType="ref" target="ww_8106744e44c77c96"/>
    </p0826-teimww:wasContributedBy>
  </p0826-teimww:passage>
  <p0826-teimww:passage id="ww_ccdc90f07f46d4d3">
    <knoraXmlImport:label>passage</knoraXmlImport:label>
    <p0826-teimww:occursIn>
      <p0826-teimww:book knoraType="link_value" linkType="ref" target="ww_3e15ab6c612eadae"/>
    </p0826-teimww:occursIn>
  </p0826-teimww:passage>
  <p0826-teimww:passage id="ww_4e22b3a5df92d646">
    <knoraXmlImport:label>passage</knoraXmlImport:label>
    <p0826-teimww:contains>
      <p0826-teimww:lexia knoraType="link_value" linkType="ref" target="ww_7ad62028731d05da"/>
    </p0826-teimww:contains>
    <p0826-teimww:hasPage knoraType="richtext_value">10; act 1, scene 1, lines 68-74.</p0826-teimww:hasPage>
    <p0826-teimww:hasText knoraType="richtext_value">[Bibber:] Well, in short, I was drunk; damnably drunk with Ale; great Hogen Mogen bloody Ale: I was porterly drunk; and that I hate of all things in Nature.&lt;br&gt;
[Burr (rising):] And of all things in Nature I love it best.&lt;br&gt;
[Bibber:] &lt;span class="quote"&gt;Art thou there I'faith; and why, old Boy?&lt;/span&gt;&lt;br&gt;
[Burr:] Because when I am porterly drunk, I can carry my self.</p0826-teimww:hasText>
    <p0826-teimww:isMentionedIn>
      <p0826-teimww:passage knoraType="link_value" linkType="ref" target="ww_e53ee67e38deb813"/>
    </p0826-teimww:isMentionedIn>
    <p0826-teimww:occursIn>
      <p0826-teimww:book knoraType="link_value" linkType="ref" target="ww_11d14cc3d47896d6"/>
    </p0826-teimww:occursIn>
    <p0826-teimww:wasContributedBy>
      <p0826-teimww:person knoraType="link_value" linkType="ref" target="ww_6965a91ff78934d7"/>
    </p0826-teimww:wasContributedBy>
  </p0826-teimww:passage>
  <p0826-teimww:passage id="ww_e53ee67e38deb813">
    <knoraXmlImport:label>passage</knoraXmlImport:label>
    <p0826-teimww:occursIn>
      <p0826-teimww:book knoraType="link_value" linkType="ref" target="ww_c1ca40b688cca87f"/>
    </p0826-teimww:occursIn>
  </p0826-teimww:passage>
  <p0826-teimww:passage id="ww_c09deb8c7bcabc34">
    <knoraXmlImport:label>passage</knoraXmlImport:label>
    <p0826-teimww:contains>
      <p0826-teimww:lexia knoraType="link_value" linkType="ref" target="ww_ff377956818fea7a"/>
    </p0826-teimww:contains>
    <p0826-teimww:hasPage knoraType="richtext_value">24; act 2, scene 4.</p0826-teimww:hasPage>
    <p0826-teimww:hasText knoraType="richtext_value">[Maid:] Yes, I have heard stories, how some men &lt;br&gt;
Have in such lonely places been affrighted &lt;br&gt;
With dreadful shapes and noises. (Macduff hollows.)&lt;br&gt;
[Lady Macduff:] But hark, my Lord sure hollows; &lt;br&gt;
'Tis he; answer him quickly. &lt;br&gt;
[Servant:] &lt;span class="quote"&gt;Illo, ho, ho, ho. &lt;/span&gt;(Enter Macduff.)&lt;br&gt;
[Lady Macduff:] Now I begin to see him: are you a foot, My Lord? </p0826-teimww:hasText>
    <p0826-teimww:hasTextHist knoraType="richtext_value">original spelling???=</p0826-teimww:hasTextHist>
    <p0826-teimww:isMentionedIn>
      <p0826-teimww:passage knoraType="link_value" linkType="ref" target="ww_a5ff8900061cf5ab"/>
    </p0826-teimww:isMentionedIn>
    <p0826-teimww:occursIn>
      <p0826-teimww:book knoraType="link_value" linkType="ref" target="ww_11177545426df2c4"/>
    </p0826-teimww:occursIn>
    <p0826-teimww:wasContributedBy>
      <p0826-teimww:person knoraType="link_value" linkType="ref" target="ww_8106744e44c77c96"/>
    </p0826-teimww:wasContributedBy>
  </p0826-teimww:passage>
  <p0826-teimww:passage id="ww_a5ff8900061cf5ab">
    <knoraXmlImport:label>passage</knoraXmlImport:label>
    <p0826-teimww:occursIn>
      <p0826-teimww:book knoraType="link_value" linkType="ref" target="ww_3e15ab6c612eadae"/>
    </p0826-teimww:occursIn>
  </p0826-teimww:passage>
  <p0826-teimww:passage id="ww_72e93a8b981a0764">
    <knoraXmlImport:label>passage</knoraXmlImport:label>
    <p0826-teimww:contains>
      <p0826-teimww:lexia knoraType="link_value" linkType="ref" target="ww_f7c8b5ae81c23bc0"/>
    </p0826-teimww:contains>
    <p0826-teimww:hasPage knoraType="richtext_value">26; act 3, scene 1.</p0826-teimww:hasPage>
    <p0826-teimww:hasText knoraType="richtext_value">[King Richard:] You say too much: I see, you'l rather prove &lt;br&gt;
The Subject of my Justice, then my Love. &lt;br&gt;
Th'Invader Richmond is your lov'd Gallant, &lt;br&gt;
Whose Treason does not your allowance want. &lt;br&gt;
Prepare for marriage, or a Funeral; &lt;br&gt;
&lt;span class="quote"&gt;To be my Wife, or not to be at all. &lt;/span&gt;&lt;br&gt;
Madam, you shall be crown'd; Chuse and be wise; &lt;br&gt;
Either for Empire, or for Sacrifice.</p0826-teimww:hasText>
    <p0826-teimww:isMentionedIn>
      <p0826-teimww:passage knoraType="link_value" linkType="ref" target="ww_e25cf62c1bfd5db4"/>
    </p0826-teimww:isMentionedIn>
    <p0826-teimww:occursIn>
      <p0826-teimww:book knoraType="link_value" linkType="ref" target="ww_5f491318bcd9d326"/>
    </p0826-teimww:occursIn>
    <p0826-teimww:wasContributedBy>
      <p0826-teimww:person knoraType="link_value" linkType="ref" target="ww_6965a91ff78934d7"/>
    </p0826-teimww:wasContributedBy>
  </p0826-teimww:passage>
  <p0826-teimww:passage id="ww_e25cf62c1bfd5db4">
    <knoraXmlImport:label>passage</knoraXmlImport:label>
    <p0826-teimww:occursIn>
      <p0826-teimww:book knoraType="link_value" linkType="ref" target="ww_3e15ab6c612eadae"/>
    </p0826-teimww:occursIn>
  </p0826-teimww:passage>
  <p0826-teimww:passage id="ww_fdc0d3fc51293da6">
    <knoraXmlImport:label>passage</knoraXmlImport:label>
    <p0826-teimww:contains>
      <p0826-teimww:lexia knoraType="link_value" linkType="ref" target="ww_014049abd56da161"/>
    </p0826-teimww:contains>
    <p0826-teimww:hasPage knoraType="richtext_value">N.p.; act 3, scene 1, line 40.</p0826-teimww:hasPage>
    <p0826-teimww:hasText knoraType="richtext_value">[Theodese:] &lt;span class="quote"&gt;Fruits ripen soonest that are near the Sun. &lt;/span&gt;</p0826-teimww:hasText>
    <p0826-teimww:isMentionedIn>
      <p0826-teimww:passage knoraType="link_value" linkType="ref" target="ww_02587c7470739125"/>
    </p0826-teimww:isMentionedIn>
    <p0826-teimww:occursIn>
      <p0826-teimww:book knoraType="link_value" linkType="ref" target="ww_ec6a0a5d5423cc4d"/>
    </p0826-teimww:occursIn>
    <p0826-teimww:wasContributedBy>
      <p0826-teimww:person knoraType="link_value" linkType="ref" target="ww_7f35f6802efd910d"/>
    </p0826-teimww:wasContributedBy>
  </p0826-teimww:passage>
  <p0826-teimww:passage id="ww_c9d5f208006acbda">
    <knoraXmlImport:label>passage</knoraXmlImport:label>
    <p0826-teimww:contains>
      <p0826-teimww:lexia knoraType="link_value" linkType="ref" target="ww_e5e6565e136d278c"/>
    </p0826-teimww:contains>
    <p0826-teimww:hasPage knoraType="richtext_value">42-43; act 3, scene 1.</p0826-teimww:hasPage>
    <p0826-teimww:hasText knoraType="richtext_value">[Doctor:] Sir, he must feel if he can discover of what side her heart lies: I'l keep him in discourse the mean while. &lt;br&gt;
[Gernette:] Must he feel her heart, Doctor? still it runs in my mind, this Apothecary will do me a mischief: nay, be not angry. &lt;br&gt;
[Doctor:] Nay, I forgive you, I see &lt;span class="quote"&gt;an old man's twice a child&lt;/span&gt;, pray you walk into the next room, I must talk in private with you. &lt;br&gt;
[Gernette:] I should sound, if I should leave my child with the Apothecary.</p0826-teimww:hasText>
    <p0826-teimww:isMentionedIn>
      <p0826-teimww:passage knoraType="link_value" linkType="ref" target="ww_2e76f236129eaa7d"/>
    </p0826-teimww:isMentionedIn>
    <p0826-teimww:occursIn>
      <p0826-teimww:book knoraType="link_value" linkType="ref" target="ww_f63838fac7b9bec6"/>
    </p0826-teimww:occursIn>
    <p0826-teimww:wasContributedBy>
      <p0826-teimww:person knoraType="link_value" linkType="ref" target="ww_b05ab3db9fd9054a"/>
    </p0826-teimww:wasContributedBy>
  </p0826-teimww:passage>
  <p0826-teimww:passage id="ww_2e76f236129eaa7d">
    <knoraXmlImport:label>passage</knoraXmlImport:label>
    <p0826-teimww:occursIn>
      <p0826-teimww:book knoraType="link_value" linkType="ref" target="ww_3e15ab6c612eadae"/>
    </p0826-teimww:occursIn>
  </p0826-teimww:passage>
  <p0826-teimww:passage id="ww_973d29d77f9913b4">
    <knoraXmlImport:label>passage</knoraXmlImport:label>
    <p0826-teimww:contains>
      <p0826-teimww:lexia knoraType="link_value" linkType="ref" target="ww_45c7d2a6beb55082"/>
    </p0826-teimww:contains>
    <p0826-teimww:hasPage knoraType="richtext_value">89; act 1, scene 1.</p0826-teimww:hasPage>
    <p0826-teimww:hasText knoraType="richtext_value">[Cloris:] How now &lt;i&gt;Lucia&lt;/i&gt;; is my Father up?&lt;br&gt;
[Lucia:] No, &lt;span class="quote"&gt;not a Mouse stirs&lt;/span&gt; yet; I have kept a true&lt;br&gt;
Watch all this night, for I was cruelly afraid&lt;br&gt;
Lest we should have been surpriz'd -&lt;br&gt;
Is the Prince gone? but why do I ask,&lt;br&gt;
That may read it in your sad looks?</p0826-teimww:hasText>
    <p0826-teimww:isMentionedIn>
      <p0826-teimww:passage knoraType="link_value" linkType="ref" target="ww_713e73787b138fc3"/>
    </p0826-teimww:isMentionedIn>
    <p0826-teimww:occursIn>
      <p0826-teimww:book knoraType="link_value" linkType="ref" target="ww_a74a445d23ff1ff2"/>
    </p0826-teimww:occursIn>
    <p0826-teimww:wasContributedBy>
      <p0826-teimww:person knoraType="link_value" linkType="ref" target="ww_b05ab3db9fd9054a"/>
    </p0826-teimww:wasContributedBy>
  </p0826-teimww:passage>
  <p0826-teimww:passage id="ww_713e73787b138fc3">
    <knoraXmlImport:label>passage</knoraXmlImport:label>
    <p0826-teimww:occursIn>
      <p0826-teimww:book knoraType="link_value" linkType="ref" target="ww_3e15ab6c612eadae"/>
    </p0826-teimww:occursIn>
  </p0826-teimww:passage>
  <p0826-teimww:passage id="ww_cadd1976f92633f1">
    <knoraXmlImport:label>passage</knoraXmlImport:label>
    <p0826-teimww:contains>
      <p0826-teimww:lexia knoraType="link_value" linkType="ref" target="ww_6115a63c5012f738"/>
    </p0826-teimww:contains>
    <p0826-teimww:hasPage knoraType="richtext_value">N.p.</p0826-teimww:hasPage>
    <p0826-teimww:hasText knoraType="richtext_value">[Alcippus:] You merit death for this base injury. &lt;br&gt;
But you're my Prince, and that I own you so, &lt;br&gt;
Is all remains in me of sence or justice;&lt;br&gt; 
&lt;span class="quote"&gt;The rest is rage, &lt;/span&gt;which if thou get'st not hence&lt;br&gt;
Will eat up that small morsell too of reason,&lt;br&gt;
And leave me nothing to preserve thy life with.</p0826-teimww:hasText>
    <p0826-teimww:isMentionedIn>
      <p0826-teimww:passage knoraType="link_value" linkType="ref" target="ww_1c328f4f10d2a335"/>
    </p0826-teimww:isMentionedIn>
    <p0826-teimww:occursIn>
      <p0826-teimww:book knoraType="link_value" linkType="ref" target="ww_ab9b03580f4140d8"/>
    </p0826-teimww:occursIn>
    <p0826-teimww:wasContributedBy>
      <p0826-teimww:person knoraType="link_value" linkType="ref" target="ww_c4063e9c72a3ffd2"/>
    </p0826-teimww:wasContributedBy>
  </p0826-teimww:passage>
  <p0826-teimww:passage id="ww_1c328f4f10d2a335">
    <knoraXmlImport:label>passage</knoraXmlImport:label>
    <p0826-teimww:occursIn>
      <p0826-teimww:book knoraType="link_value" linkType="ref" target="ww_3e15ab6c612eadae"/>
    </p0826-teimww:occursIn>
  </p0826-teimww:passage>
  <p0826-teimww:passage id="ww_0ff22a4d265cbc4d">
    <knoraXmlImport:label>passage</knoraXmlImport:label>
    <p0826-teimww:contains>
      <p0826-teimww:lexia knoraType="link_value" linkType="ref" target="ww_c909b93763ceae4b"/>
    </p0826-teimww:contains>
    <p0826-teimww:hasPage knoraType="richtext_value">33-34; act 3 [normalized spelling].</p0826-teimww:hasPage>
    <p0826-teimww:hasPageHist knoraType="richtext_value">33-34; act 3.</p0826-teimww:hasPageHist>
    <p0826-teimww:hasText knoraType="richtext_value">[Don Gerardo:] [...] Death, like your Children's Bug-bears,&lt;br&gt;
Is fear'd by all, yet has no other Being&lt;br&gt;
Than what weak fancy gives it; 'tis a Line,&lt;br&gt;
But yet imaginary, drawn betwixt&lt;br&gt;
Time and that dreadful thing Eternity;&lt;br&gt;
I, that's the thing, 'tis fear'd; for now I find it:&lt;br&gt;
Eternity which puzzles all the World,&lt;br&gt;
To name the Inhabitants that People it:&lt;br&gt;
Eternity, whose &lt;span class="quote"&gt;undiscover'd Country&lt;/span&gt;&lt;br&gt;
We Fools divide, before we come to see it;&lt;br&gt;
Making one part contain all happiness,&lt;br&gt;
The other misery, then unseen fight for't.</p0826-teimww:hasText>
    <p0826-teimww:hasTextHist knoraType="richtext_value">[Don Gerardo:] [...] Death, like your Childrens Bug-bears,&lt;br&gt;
Is fear'd by all, yet has no other Being&lt;br&gt;
Then what weak fancy gives it; 'tis a Line,&lt;br&gt;
But yet imaginary, drawn betwixt&lt;br&gt;
Time and that dreadful thing Eternity;&lt;br&gt;
I, that's the thing, 'tis fear'd; for now I find it:&lt;br&gt;
Eternity which puzzles all the World,&lt;br&gt;
To name the Inhabitants that People it:&lt;br&gt;
Eternity, whose &lt;span class="quote"&gt;undiscover'd Countrey&lt;/span&gt;&lt;br&gt;
We Fools divide, before we come to see it;&lt;br&gt;
Making one part contain all happiness,&lt;br&gt;
The other misery, then unseen fight for't.</p0826-teimww:hasTextHist>
    <p0826-teimww:isMentionedIn>
      <p0826-teimww:passage knoraType="link_value" linkType="ref" target="ww_91c923b497d8148e"/>
    </p0826-teimww:isMentionedIn>
    <p0826-teimww:occursIn>
      <p0826-teimww:book knoraType="link_value" linkType="ref" target="ww_2302e398030e9ddf"/>
    </p0826-teimww:occursIn>
    <p0826-teimww:wasContributedBy>
      <p0826-teimww:person knoraType="link_value" linkType="ref" target="ww_b05ab3db9fd9054a"/>
    </p0826-teimww:wasContributedBy>
  </p0826-teimww:passage>
  <p0826-teimww:passage id="ww_91c923b497d8148e">
    <knoraXmlImport:label>passage</knoraXmlImport:label>
    <p0826-teimww:occursIn>
      <p0826-teimww:book knoraType="link_value" linkType="ref" target="ww_3e15ab6c612eadae"/>
    </p0826-teimww:occursIn>
  </p0826-teimww:passage>
  <p0826-teimww:passage id="ww_78d4a149b4f0704a">
    <knoraXmlImport:label>passage</knoraXmlImport:label>
    <p0826-teimww:contains>
      <p0826-teimww:lexia knoraType="link_value" linkType="ref" target="ww_2fc47f4282e51a25"/>
    </p0826-teimww:contains>
    <p0826-teimww:hasPage knoraType="richtext_value">76; act 4, scene 1.</p0826-teimww:hasPage>
    <p0826-teimww:hasText knoraType="richtext_value">[Young Jorden:] By that means we shall get quit of him. &lt;br&gt;
[Trickmore:] The posture our affairs are in at present, do not much seem to require his absence, therefore I have contriv'd a defeat, and will keep him yet in play. I have set another &lt;span class="quote"&gt;Spring, which if it catch the Woodcock&lt;/span&gt;, 'twill hold him fast. Look here comes forth our Knight in Petty-coats: muffle your self up in your Cloak, and be gon. &lt;br&gt;
[Young Jorden:] A stately dame on my word.</p0826-teimww:hasText>
    <p0826-teimww:isMentionedIn>
      <p0826-teimww:passage knoraType="link_value" linkType="ref" target="ww_3b4ab76ca438a33a"/>
    </p0826-teimww:isMentionedIn>
    <p0826-teimww:occursIn>
      <p0826-teimww:book knoraType="link_value" linkType="ref" target="ww_1ea0156cf9be958c"/>
    </p0826-teimww:occursIn>
    <p0826-teimww:wasContributedBy>
      <p0826-teimww:person knoraType="link_value" linkType="ref" target="ww_b05ab3db9fd9054a"/>
    </p0826-teimww:wasContributedBy>
  </p0826-teimww:passage>
  <p0826-teimww:passage id="ww_3b4ab76ca438a33a">
    <knoraXmlImport:label>passage</knoraXmlImport:label>
    <p0826-teimww:occursIn>
      <p0826-teimww:book knoraType="link_value" linkType="ref" target="ww_3e15ab6c612eadae"/>
    </p0826-teimww:occursIn>
  </p0826-teimww:passage>
  <p0826-teimww:passage id="ww_fb296e7e36e15945">
    <knoraXmlImport:label>passage</knoraXmlImport:label>
    <p0826-teimww:contains>
      <p0826-teimww:lexia knoraType="link_value" linkType="ref" target="ww_0e1171082bb90a82"/>
    </p0826-teimww:contains>
    <p0826-teimww:hasPage knoraType="richtext_value">10; act 1, scene 2.</p0826-teimww:hasPage>
    <p0826-teimww:hasText knoraType="richtext_value">[Isabella:] You had best marry him, Nan, and let some Gentleman have good luck to Horse-flesh by you. &lt;br&gt;
[Nan:] But, Madam, a rich Citizen is a brave thing. &lt;br&gt;
[Lady Haughty:] I hate to see a Husband walk the length of his Shop as a Fox, or a Civet-Cat does the length of his Chain, backward and forward, backward and forward. &lt;br&gt;
[Isabella:] And then his House is so dark, &lt;span class="quote"&gt;as if he were mad, and put there to recover his Wits.&lt;/span&gt; &lt;br&gt;
[Lady Haughty:] And a Garden scarce big enough to lye at length, and be buried in.</p0826-teimww:hasText>
    <p0826-teimww:isMentionedIn>
      <p0826-teimww:passage knoraType="link_value" linkType="ref" target="ww_c76082513d0ff9d3"/>
    </p0826-teimww:isMentionedIn>
    <p0826-teimww:occursIn>
      <p0826-teimww:book knoraType="link_value" linkType="ref" target="ww_fa206996550e1252"/>
    </p0826-teimww:occursIn>
    <p0826-teimww:wasContributedBy>
      <p0826-teimww:person knoraType="link_value" linkType="ref" target="ww_b05ab3db9fd9054a"/>
    </p0826-teimww:wasContributedBy>
  </p0826-teimww:passage>
  <p0826-teimww:passage id="ww_efc63a761653d40c">
    <knoraXmlImport:label>passage</knoraXmlImport:label>
    <p0826-teimww:contains>
      <p0826-teimww:lexia knoraType="link_value" linkType="ref" target="ww_6115a63c5012f738"/>
    </p0826-teimww:contains>
    <p0826-teimww:hasPage knoraType="richtext_value">3.</p0826-teimww:hasPage>
    <p0826-teimww:hasText knoraType="richtext_value">[Gervas the Grange-man:] Love, why thou art a lusty Wench, and that will provoke thee, Love is nothing but being lusty, &lt;span class="quote"&gt;the rest is twittle twattle&lt;/span&gt;: they say Love is a Boy, by the Mass I think Love is a Girl by that: it may be you young Wenches think Love is a Boy, you love Boys too well to the disgrace of Beards. Ah consider, you know not what a man is, I would fain have you know me, there is pith, there is pith in a man, and that thou shalt find to thy cost, if thou'lt but marry me, by the Mass.</p0826-teimww:hasText>
    <p0826-teimww:isMentionedIn>
      <p0826-teimww:passage knoraType="link_value" linkType="ref" target="ww_aba6989296d14969"/>
    </p0826-teimww:isMentionedIn>
    <p0826-teimww:occursIn>
      <p0826-teimww:book knoraType="link_value" linkType="ref" target="ww_fa206996550e1252"/>
    </p0826-teimww:occursIn>
    <p0826-teimww:wasContributedBy>
      <p0826-teimww:person knoraType="link_value" linkType="ref" target="ww_c4063e9c72a3ffd2"/>
    </p0826-teimww:wasContributedBy>
  </p0826-teimww:passage>
  <p0826-teimww:passage id="ww_aba6989296d14969">
    <knoraXmlImport:label>passage</knoraXmlImport:label>
    <p0826-teimww:occursIn>
      <p0826-teimww:book knoraType="link_value" linkType="ref" target="ww_3e15ab6c612eadae"/>
    </p0826-teimww:occursIn>
  </p0826-teimww:passage>
  <p0826-teimww:passage id="ww_d0dbf91b4c3f7afd">
    <knoraXmlImport:label>passage</knoraXmlImport:label>
    <p0826-teimww:contains>
      <p0826-teimww:lexia knoraType="link_value" linkType="ref" target="ww_0414f07384a08b25"/>
    </p0826-teimww:contains>
    <p0826-teimww:hasPage knoraType="richtext_value">37, act 4, scene 1.</p0826-teimww:hasPage>
    <p0826-teimww:hasText knoraType="richtext_value">lex. 
Read these; for from Antipater they came, &lt;br&gt;
That dares protest Olympia is to blame. &lt;br&gt;
He much against her government complains, &lt;br&gt;
Sayes he is wrong'd, whilest she wou'd take the paines &lt;br&gt;
There is the like from Aristotle too, &lt;br&gt;
That writes what false Antipater has said, is true; &lt;br&gt;
But I'le let Aristotle know one tear &lt;br&gt;
From my dear Mothers Eyes can wash her clear, &lt;br&gt;
[175]  And drown a thousand thoughts that are severe. &lt;br&gt;
What ail the Preists ! They &lt;span class="quote"&gt;tremble, and look pale&lt;/span&gt;, &lt;br&gt;
And all in fears forsake the sacred Rail. -&lt;br&gt;
Give me the Bowl, and the Gods drink prepare.&lt;br&gt;</p0826-teimww:hasText>
    <p0826-teimww:isMentionedIn>
      <p0826-teimww:passage knoraType="link_value" linkType="ref" target="ww_7921356cccfa80f2"/>
    </p0826-teimww:isMentionedIn>
    <p0826-teimww:occursIn>
      <p0826-teimww:book knoraType="link_value" linkType="ref" target="ww_34f6680a5ed3328f"/>
    </p0826-teimww:occursIn>
    <p0826-teimww:wasContributedBy>
      <p0826-teimww:person knoraType="link_value" linkType="ref" target="ww_5fbb1eab1b30dfee"/>
    </p0826-teimww:wasContributedBy>
  </p0826-teimww:passage>
  <p0826-teimww:passage id="ww_7921356cccfa80f2">
    <knoraXmlImport:label>passage</knoraXmlImport:label>
    <p0826-teimww:occursIn>
      <p0826-teimww:book knoraType="link_value" linkType="ref" target="ww_3e15ab6c612eadae"/>
    </p0826-teimww:occursIn>
  </p0826-teimww:passage>
  <p0826-teimww:passage id="ww_f9595960fd03a2f1">
    <knoraXmlImport:label>passage</knoraXmlImport:label>
    <p0826-teimww:contains>
      <p0826-teimww:lexia knoraType="link_value" linkType="ref" target="ww_174407c78089166e"/>
    </p0826-teimww:contains>
    <p0826-teimww:hasPage knoraType="richtext_value">101; act 5, scene 1.</p0826-teimww:hasPage>
    <p0826-teimww:hasText knoraType="richtext_value">The Wolves have prey'd, and look the gentle Day, &lt;br&gt;
Before &lt;span class="quote"&gt;the Wheels of Phoebus, &lt;/span&gt;all about &lt;br&gt;
Dapples the drowsy East with spots of gray. </p0826-teimww:hasText>
    <p0826-teimww:isMentionedIn>
      <p0826-teimww:passage knoraType="link_value" linkType="ref" target="ww_50ee2f9848dfca02"/>
    </p0826-teimww:isMentionedIn>
    <p0826-teimww:occursIn>
      <p0826-teimww:book knoraType="link_value" linkType="ref" target="ww_0b80290e20216583"/>
    </p0826-teimww:occursIn>
    <p0826-teimww:wasContributedBy>
      <p0826-teimww:person knoraType="link_value" linkType="ref" target="ww_6202c1bb6957c9cc"/>
    </p0826-teimww:wasContributedBy>
  </p0826-teimww:passage>
  <p0826-teimww:passage id="ww_50ee2f9848dfca02">
    <knoraXmlImport:label>passage</knoraXmlImport:label>
    <p0826-teimww:occursIn>
      <p0826-teimww:book knoraType="link_value" linkType="ref" target="ww_1140c36ab545b6d8"/>
    </p0826-teimww:occursIn>
  </p0826-teimww:passage>
  <p0826-teimww:passage id="ww_8fb4b31cdcd9e9ee">
    <knoraXmlImport:label>passage</knoraXmlImport:label>
    <p0826-teimww:contains>
      <p0826-teimww:lexia knoraType="link_value" linkType="ref" target="ww_45c7d2a6beb55082"/>
    </p0826-teimww:contains>
    <p0826-teimww:hasPage knoraType="richtext_value">32; act 3, scene 1.</p0826-teimww:hasPage>
    <p0826-teimww:hasText knoraType="richtext_value">[Lady Fancy:] Maundy, have you commanded all the Servants to Bed?&lt;br&gt;
[Maundy:] Yes Madam, &lt;span class="quote"&gt;not a Mouse shall stir&lt;/span&gt;, and I have made ready the Chamber next the Garden for your Ladyship.</p0826-teimww:hasText>
    <p0826-teimww:isMentionedIn>
      <p0826-teimww:passage knoraType="link_value" linkType="ref" target="ww_3381d8a8cfa75dd0"/>
    </p0826-teimww:isMentionedIn>
    <p0826-teimww:occursIn>
      <p0826-teimww:book knoraType="link_value" linkType="ref" target="ww_5acd80c1e58166ea"/>
    </p0826-teimww:occursIn>
    <p0826-teimww:wasContributedBy>
      <p0826-teimww:person knoraType="link_value" linkType="ref" target="ww_b05ab3db9fd9054a"/>
    </p0826-teimww:wasContributedBy>
  </p0826-teimww:passage>
  <p0826-teimww:passage id="ww_3381d8a8cfa75dd0">
    <knoraXmlImport:label>passage</knoraXmlImport:label>
    <p0826-teimww:occursIn>
      <p0826-teimww:book knoraType="link_value" linkType="ref" target="ww_3e15ab6c612eadae"/>
    </p0826-teimww:occursIn>
  </p0826-teimww:passage>
  <p0826-teimww:passage id="ww_6fc561c14e2adcc2">
    <knoraXmlImport:label>passage</knoraXmlImport:label>
    <p0826-teimww:contains>
      <p0826-teimww:lexia knoraType="link_value" linkType="ref" target="ww_f93c78f5a1f203a1"/>
    </p0826-teimww:contains>
    <p0826-teimww:hasPage knoraType="richtext_value">N.p.; act 4, scene 1.</p0826-teimww:hasPage>
    <p0826-teimww:hasText knoraType="richtext_value">Phor:] Who, my Lord, this man? &lt;br&gt;
[Oedipus:] This Man, this old, this venerable Man: &lt;br&gt;
Speak, did'st thou ever meet him there? &lt;br&gt;
[Phor:] Where, sacred Sir. &lt;br&gt;
[Oedipus:] Near Mount Cithæron; &lt;span class="quote"&gt;answer to the purpose: &lt;/span&gt;&lt;br&gt;
'Tis a King speaks; and Royal minutes are &lt;br&gt;
Of much more worth than thousand Vulgar years [...].</p0826-teimww:hasText>
    <p0826-teimww:isMentionedIn>
      <p0826-teimww:passage knoraType="link_value" linkType="ref" target="ww_349408ebaaf5f25e"/>
    </p0826-teimww:isMentionedIn>
    <p0826-teimww:occursIn>
      <p0826-teimww:book knoraType="link_value" linkType="ref" target="ww_da24e779a482efd0"/>
    </p0826-teimww:occursIn>
    <p0826-teimww:wasContributedBy>
      <p0826-teimww:person knoraType="link_value" linkType="ref" target="ww_8106744e44c77c96"/>
    </p0826-teimww:wasContributedBy>
  </p0826-teimww:passage>
  <p0826-teimww:passage id="ww_349408ebaaf5f25e">
    <knoraXmlImport:label>passage</knoraXmlImport:label>
    <p0826-teimww:occursIn>
      <p0826-teimww:book knoraType="link_value" linkType="ref" target="ww_3e15ab6c612eadae"/>
    </p0826-teimww:occursIn>
  </p0826-teimww:passage>
  <p0826-teimww:passage id="ww_8b2181fe7b83009a">
    <knoraXmlImport:label>passage</knoraXmlImport:label>
    <p0826-teimww:contains>
      <p0826-teimww:lexia knoraType="link_value" linkType="ref" target="ww_9e369ea30656316a"/>
    </p0826-teimww:contains>
    <p0826-teimww:hasPage knoraType="richtext_value">61-62; act 3, scene 1, lines 206-210.</p0826-teimww:hasPage>
    <p0826-teimww:hasText knoraType="richtext_value">[Marc Antony:] O ye Gods!&lt;br&gt;
Have I then liv'd to be excus'd to &lt;i&gt;Caesar?&lt;/i&gt;&lt;br&gt;
[Dollabella:] As to your equal.&lt;br&gt;
[Marc Antony:] Well, he's but my equal:&lt;br&gt;
&lt;span class="quote"&gt;While I wear this&lt;/span&gt;, he never shall be more.&lt;br&gt;
[Dollabella:] I bring conditions from him.</p0826-teimww:hasText>
    <p0826-teimww:isMentionedIn>
      <p0826-teimww:passage knoraType="link_value" linkType="ref" target="ww_5eefecd393f83516"/>
    </p0826-teimww:isMentionedIn>
    <p0826-teimww:occursIn>
      <p0826-teimww:book knoraType="link_value" linkType="ref" target="ww_6dbd696fbcd9005d"/>
    </p0826-teimww:occursIn>
    <p0826-teimww:wasContributedBy>
      <p0826-teimww:person knoraType="link_value" linkType="ref" target="ww_6965a91ff78934d7"/>
    </p0826-teimww:wasContributedBy>
  </p0826-teimww:passage>
  <p0826-teimww:passage id="ww_5eefecd393f83516">
    <knoraXmlImport:label>passage</knoraXmlImport:label>
    <p0826-teimww:occursIn>
      <p0826-teimww:book knoraType="link_value" linkType="ref" target="ww_c1ca40b688cca87f"/>
    </p0826-teimww:occursIn>
  </p0826-teimww:passage>
  <p0826-teimww:passage id="ww_73a7a99f5d6a1e5a">
    <knoraXmlImport:label>passage</knoraXmlImport:label>
    <p0826-teimww:contains>
      <p0826-teimww:lexia knoraType="link_value" linkType="ref" target="ww_804b43339222c61a"/>
    </p0826-teimww:contains>
    <p0826-teimww:hasPage knoraType="richtext_value">172; act 3, scene 1, lines 464-479.</p0826-teimww:hasPage>
    <p0826-teimww:hasText knoraType="richtext_value">[Tiresias:] So short a time as I have yet to live&lt;br&gt;
Exceeds thy pointed hour; Remember &lt;i&gt;Lajus:&lt;/i&gt;&lt;br&gt;
No more; if e're we meet again, 'twill be&lt;br&gt;
In Mutual darkness; we shall feel before us&lt;br&gt;
To reach each others hand; &lt;span class="quote"&gt;Remember &lt;i&gt;Lajus&lt;/i&gt;. &lt;/span&gt;(Exit Tiresias: Priests follow.)&lt;br&gt;
[Oedipus (alone):] &lt;span class="quote"&gt;Remember &lt;i&gt;Lajus!&lt;/span&gt;&lt;/i&gt; that's the burden still:&lt;br&gt;
Murther, and Incest! but to hear 'em nam'd&lt;br&gt;
My Soul starts in me: the good Sentinel&lt;br&gt;
Stands to her Weapons; takes the first Alarm&lt;br&gt;
To Guard me from such Crimes. </p0826-teimww:hasText>
    <p0826-teimww:isMentionedIn>
      <p0826-teimww:passage knoraType="link_value" linkType="ref" target="ww_ecc25424410c4b66"/>
    </p0826-teimww:isMentionedIn>
    <p0826-teimww:occursIn>
      <p0826-teimww:book knoraType="link_value" linkType="ref" target="ww_da24e779a482efd0"/>
    </p0826-teimww:occursIn>
    <p0826-teimww:wasContributedBy>
      <p0826-teimww:person knoraType="link_value" linkType="ref" target="ww_6965a91ff78934d7"/>
    </p0826-teimww:wasContributedBy>
  </p0826-teimww:passage>
  <p0826-teimww:passage id="ww_ecc25424410c4b66">
    <knoraXmlImport:label>passage</knoraXmlImport:label>
    <p0826-teimww:occursIn>
      <p0826-teimww:book knoraType="link_value" linkType="ref" target="ww_c1ca40b688cca87f"/>
    </p0826-teimww:occursIn>
  </p0826-teimww:passage>
  <p0826-teimww:passage id="ww_cf9ba3081b2e79eb">
    <knoraXmlImport:label>passage</knoraXmlImport:label>
    <p0826-teimww:contains>
      <p0826-teimww:lexia knoraType="link_value" linkType="ref" target="ww_4d44194553a2c907"/>
    </p0826-teimww:contains>
    <p0826-teimww:contains>
      <p0826-teimww:lexia knoraType="link_value" linkType="ref" target="ww_604bb0bff18a6885"/>
    </p0826-teimww:contains>
    <p0826-teimww:hasPage knoraType="richtext_value">69-70; act 5, scene 3, lines 235-240.</p0826-teimww:hasPage>
    <p0826-teimww:hasText knoraType="richtext_value">[Sunamire:] O! we are poorly caught in our own snare. &lt;br&gt;
&lt;span class="quote"&gt;The poison, we prepar'd for them, the slave &lt;br&gt;
Has given to us.&lt;/span&gt;&lt;br&gt;
[Arbanes:] Ha! poison'd! - yes 'tis here: &lt;br&gt;
I feel the Traitor working to my heart. &lt;br&gt;
&lt;span class="quote"&gt;But I have yet a sword, that shall prevent &lt;br&gt;
The turns of fate, and we will fall reveng'd.&lt;/span&gt;</p0826-teimww:hasText>
    <p0826-teimww:isMentionedIn>
      <p0826-teimww:passage knoraType="link_value" linkType="ref" target="ww_89d683f7ed42e7fe"/>
    </p0826-teimww:isMentionedIn>
    <p0826-teimww:occursIn>
      <p0826-teimww:book knoraType="link_value" linkType="ref" target="ww_e95e10472e122744"/>
    </p0826-teimww:occursIn>
    <p0826-teimww:wasContributedBy>
      <p0826-teimww:person knoraType="link_value" linkType="ref" target="ww_b05ab3db9fd9054a"/>
    </p0826-teimww:wasContributedBy>
  </p0826-teimww:passage>
  <p0826-teimww:passage id="ww_89d683f7ed42e7fe">
    <knoraXmlImport:label>passage</knoraXmlImport:label>
    <p0826-teimww:occursIn>
      <p0826-teimww:book knoraType="link_value" linkType="ref" target="ww_bc577a06e5bb54c7"/>
    </p0826-teimww:occursIn>
  </p0826-teimww:passage>
  <p0826-teimww:passage id="ww_3a1c73e712659a06">
    <knoraXmlImport:label>passage</knoraXmlImport:label>
    <p0826-teimww:contains>
      <p0826-teimww:lexia knoraType="link_value" linkType="ref" target="ww_0721a437f220f5ab"/>
    </p0826-teimww:contains>
    <p0826-teimww:contains>
      <p0826-teimww:lexia knoraType="link_value" linkType="ref" target="ww_331373f6652531c0"/>
    </p0826-teimww:contains>
    <p0826-teimww:hasPage knoraType="richtext_value">278; act 4, scene 5, lines 49-55.</p0826-teimww:hasPage>
    <p0826-teimww:hasText knoraType="richtext_value">[King:] Secure in that, I'le trust thee; Shall I trust thee?&lt;br&gt;
For Conquerors have Charms, and &lt;span class="quote"&gt;Women Frailty&lt;/span&gt;:&lt;br&gt;
Farewel, Thou may'st behold me King agen,&lt;br&gt;
My Soul's not yet depos'd, why then farewel,&lt;br&gt;
I'le say't as comfortably as I can:&lt;br&gt;
&lt;span class="quote"&gt;But O curs'd &lt;i&gt;Guise&lt;/i&gt;, for pressing on my time,&lt;br&gt;&lt;/span&gt;
And cutting off Ten thousand more Adieus.</p0826-teimww:hasText>
    <p0826-teimww:isMentionedIn>
      <p0826-teimww:passage knoraType="link_value" linkType="ref" target="ww_1acc080cc353c118"/>
    </p0826-teimww:isMentionedIn>
    <p0826-teimww:occursIn>
      <p0826-teimww:book knoraType="link_value" linkType="ref" target="ww_fafacaceace47d73"/>
    </p0826-teimww:occursIn>
    <p0826-teimww:wasContributedBy>
      <p0826-teimww:person knoraType="link_value" linkType="ref" target="ww_b98e7021b3193ae3"/>
    </p0826-teimww:wasContributedBy>
  </p0826-teimww:passage>
  <p0826-teimww:passage id="ww_1acc080cc353c118">
    <knoraXmlImport:label>passage</knoraXmlImport:label>
    <p0826-teimww:occursIn>
      <p0826-teimww:book knoraType="link_value" linkType="ref" target="ww_c1ca40b688cca87f"/>
    </p0826-teimww:occursIn>
  </p0826-teimww:passage>
  <p0826-teimww:passage id="ww_9521f8cd84752b81">
    <knoraXmlImport:label>passage</knoraXmlImport:label>
    <p0826-teimww:contains>
      <p0826-teimww:lexia knoraType="link_value" linkType="ref" target="ww_8afebffe1beec76e"/>
    </p0826-teimww:contains>
    <p0826-teimww:hasPage knoraType="richtext_value">72.</p0826-teimww:hasPage>
    <p0826-teimww:hasText knoraType="richtext_value">[Madman:] I'll &lt;span class="quote"&gt;pull down Honor from the pale-fac'd Moon,&lt;br&gt;&lt;/span&gt;
And break the Wheels of the all-circling Sun.</p0826-teimww:hasText>
    <p0826-teimww:isMentionedIn>
      <p0826-teimww:passage knoraType="link_value" linkType="ref" target="ww_0e8570ab03f6ae9f"/>
    </p0826-teimww:isMentionedIn>
    <p0826-teimww:occursIn>
      <p0826-teimww:book knoraType="link_value" linkType="ref" target="ww_d3d306a3e22d0da0"/>
    </p0826-teimww:occursIn>
    <p0826-teimww:wasContributedBy>
      <p0826-teimww:person knoraType="link_value" linkType="ref" target="ww_c4063e9c72a3ffd2"/>
    </p0826-teimww:wasContributedBy>
  </p0826-teimww:passage>
  <p0826-teimww:passage id="ww_0e8570ab03f6ae9f">
    <knoraXmlImport:label>passage</knoraXmlImport:label>
    <p0826-teimww:occursIn>
      <p0826-teimww:book knoraType="link_value" linkType="ref" target="ww_aee75c33920a3b79"/>
    </p0826-teimww:occursIn>
  </p0826-teimww:passage>
  <p0826-teimww:passage id="ww_027a0597bb60f00c">
    <knoraXmlImport:label>passage</knoraXmlImport:label>
    <p0826-teimww:contains>
      <p0826-teimww:lexia knoraType="link_value" linkType="ref" target="ww_8d448b4cd804370b"/>
    </p0826-teimww:contains>
    <p0826-teimww:hasPage knoraType="richtext_value">35.</p0826-teimww:hasPage>
    <p0826-teimww:hasText knoraType="richtext_value">[Bays.:] Must. Mr. Eugenius? What do you give the &lt;i&gt;must&lt;/i&gt; to a man of my Character and Gravity? Were &lt;span class="quote"&gt;Reasons as cheap as Blackberries, &lt;/span&gt;I'de not give you one I gad upon compulsion.</p0826-teimww:hasText>
    <p0826-teimww:isMentionedIn>
      <p0826-teimww:passage knoraType="link_value" linkType="ref" target="ww_436dd0f3f35f32c9"/>
    </p0826-teimww:isMentionedIn>
    <p0826-teimww:occursIn>
      <p0826-teimww:book knoraType="link_value" linkType="ref" target="ww_d3d306a3e22d0da0"/>
    </p0826-teimww:occursIn>
    <p0826-teimww:wasContributedBy>
      <p0826-teimww:person knoraType="link_value" linkType="ref" target="ww_c4063e9c72a3ffd2"/>
    </p0826-teimww:wasContributedBy>
  </p0826-teimww:passage>
  <p0826-teimww:passage id="ww_436dd0f3f35f32c9">
    <knoraXmlImport:label>passage</knoraXmlImport:label>
    <p0826-teimww:occursIn>
      <p0826-teimww:book knoraType="link_value" linkType="ref" target="ww_aee75c33920a3b79"/>
    </p0826-teimww:occursIn>
  </p0826-teimww:passage>
  <p0826-teimww:passage id="ww_66af294686e29e7a">
    <knoraXmlImport:label>passage</knoraXmlImport:label>
    <p0826-teimww:contains>
      <p0826-teimww:lexia knoraType="link_value" linkType="ref" target="ww_f7c8b5ae81c23bc0"/>
    </p0826-teimww:contains>
    <p0826-teimww:hasPage knoraType="richtext_value">287; act 5, scene 1.</p0826-teimww:hasPage>
    <p0826-teimww:hasText knoraType="richtext_value">[King:] To morrow Guise is made Lieutenant-General,&lt;br&gt;
Why then to morrow I no more am King;&lt;br&gt;
'Tis time to push my slack'nd vengeance home,&lt;br&gt;
&lt;span class="quote"&gt;To be a King, or not to be at all;&lt;/span&gt;&lt;br&gt;
The Vow that manacled my Rage is loos'd,&lt;br&gt;
Even Heaven is wearied with repeated Crimes,&lt;br&gt;
Till lightning flashes round to guard the Throne,&lt;br&gt;
And the curb'd Thunder grumbles to be gone.</p0826-teimww:hasText>
    <p0826-teimww:isMentionedIn>
      <p0826-teimww:passage knoraType="link_value" linkType="ref" target="ww_373168b297a05d0e"/>
    </p0826-teimww:isMentionedIn>
    <p0826-teimww:occursIn>
      <p0826-teimww:book knoraType="link_value" linkType="ref" target="ww_fafacaceace47d73"/>
    </p0826-teimww:occursIn>
    <p0826-teimww:wasContributedBy>
      <p0826-teimww:person knoraType="link_value" linkType="ref" target="ww_c4063e9c72a3ffd2"/>
    </p0826-teimww:wasContributedBy>
  </p0826-teimww:passage>
  <p0826-teimww:passage id="ww_373168b297a05d0e">
    <knoraXmlImport:label>passage</knoraXmlImport:label>
    <p0826-teimww:occursIn>
      <p0826-teimww:book knoraType="link_value" linkType="ref" target="ww_3e15ab6c612eadae"/>
    </p0826-teimww:occursIn>
  </p0826-teimww:passage>
  <p0826-teimww:passage id="ww_f4ba9fee1d9fe544">
    <knoraXmlImport:label>passage</knoraXmlImport:label>
    <p0826-teimww:contains>
      <p0826-teimww:lexia knoraType="link_value" linkType="ref" target="ww_6115a63c5012f738"/>
    </p0826-teimww:contains>
    <p0826-teimww:hasPage knoraType="richtext_value">16; act 2, scene 2.</p0826-teimww:hasPage>
    <p0826-teimww:hasText knoraType="richtext_value">[Dresswell:] Pox on 'em all: prithee turn out those petty Tyrants of thy Heart, and fit it for a Monarch, Love, dear &lt;i&gt;Widling&lt;/i&gt;, of which thou never knewst the pleasure yet, or not above a day. &lt;br&gt;
[Wilding:] Not knew the pleasure! Death, the very Essence, the first draughts of Love: Ah, how pleasant is to drink when a man's adry! &lt;span class="quote"&gt;The rest is all but dully sipping on.&lt;/span&gt;
[Dresswell:] And yet this &lt;i&gt;Diana&lt;/i&gt;, for thither thou art going, thou hast been constant to this three or four years.</p0826-teimww:hasText>
    <p0826-teimww:isMentionedIn>
      <p0826-teimww:passage knoraType="link_value" linkType="ref" target="ww_2513c022db964ccf"/>
    </p0826-teimww:isMentionedIn>
    <p0826-teimww:occursIn>
      <p0826-teimww:book knoraType="link_value" linkType="ref" target="ww_9e4880a3607bfe49"/>
    </p0826-teimww:occursIn>
    <p0826-teimww:wasContributedBy>
      <p0826-teimww:person knoraType="link_value" linkType="ref" target="ww_c4063e9c72a3ffd2"/>
    </p0826-teimww:wasContributedBy>
  </p0826-teimww:passage>
  <p0826-teimww:passage id="ww_c521cb3c27d377b0">
    <knoraXmlImport:label>passage</knoraXmlImport:label>
    <p0826-teimww:contains>
      <p0826-teimww:lexia knoraType="link_value" linkType="ref" target="ww_0414f07384a08b25"/>
    </p0826-teimww:contains>
    <p0826-teimww:hasPage knoraType="richtext_value">Act 4, scene 1.</p0826-teimww:hasPage>
    <p0826-teimww:hasText knoraType="richtext_value">[Queen M.:] (stopping the King) What mean you, Sir, &lt;br&gt;
&lt;span class="quote"&gt;You tremble and look pale, &lt;/span&gt;for Heavens sake think, &lt;br&gt;
'Tis your own Life you venture, if you kill him. &lt;br&gt;
[King:] Had I ten thousand Lives, I'le venture all. &lt;br&gt;
Give me way, Madam.</p0826-teimww:hasText>
    <p0826-teimww:isMentionedIn>
      <p0826-teimww:passage knoraType="link_value" linkType="ref" target="ww_6293ac46e98e136d"/>
    </p0826-teimww:isMentionedIn>
    <p0826-teimww:occursIn>
      <p0826-teimww:book knoraType="link_value" linkType="ref" target="ww_fafacaceace47d73"/>
    </p0826-teimww:occursIn>
    <p0826-teimww:wasContributedBy>
      <p0826-teimww:person knoraType="link_value" linkType="ref" target="ww_8106744e44c77c96"/>
    </p0826-teimww:wasContributedBy>
  </p0826-teimww:passage>
  <p0826-teimww:passage id="ww_6293ac46e98e136d">
    <knoraXmlImport:label>passage</knoraXmlImport:label>
    <p0826-teimww:occursIn>
      <p0826-teimww:book knoraType="link_value" linkType="ref" target="ww_3e15ab6c612eadae"/>
    </p0826-teimww:occursIn>
  </p0826-teimww:passage>
  <p0826-teimww:passage id="ww_970d9266fb4d263b">
    <knoraXmlImport:label>passage</knoraXmlImport:label>
    <p0826-teimww:contains>
      <p0826-teimww:lexia knoraType="link_value" linkType="ref" target="ww_0778f6fd6c96ba41"/>
    </p0826-teimww:contains>
    <p0826-teimww:hasPage knoraType="richtext_value">121; act 3, scene 1, lines 391-396.</p0826-teimww:hasPage>
    <p0826-teimww:hasText knoraType="richtext_value">[Alphonso:] 'Tis enough you know him.&lt;br&gt;
[Rogero:] Know him! ah God help thee, and the quantity of thy Brains, by thy impertinent Catechism.&lt;br&gt;
[Alphonso:] Why then old &lt;span class="quote"&gt;Truepenny&lt;/span&gt; the Duke is now most violently in labour.&lt;br&gt;
[Rogero:] In labour! Alas, I am in pain for thee.</p0826-teimww:hasText>
    <p0826-teimww:isMentionedIn>
      <p0826-teimww:passage knoraType="link_value" linkType="ref" target="ww_706ac1b639f42c1f"/>
    </p0826-teimww:isMentionedIn>
    <p0826-teimww:isMentionedIn>
      <p0826-teimww:passage knoraType="link_value" linkType="ref" target="ww_58f9fa292b19f867"/>
    </p0826-teimww:isMentionedIn>
    <p0826-teimww:occursIn>
      <p0826-teimww:book knoraType="link_value" linkType="ref" target="ww_822f6044491b63e7"/>
    </p0826-teimww:occursIn>
    <p0826-teimww:wasContributedBy>
      <p0826-teimww:person knoraType="link_value" linkType="ref" target="ww_6965a91ff78934d7"/>
    </p0826-teimww:wasContributedBy>
  </p0826-teimww:passage>
  <p0826-teimww:passage id="ww_58f9fa292b19f867">
    <knoraXmlImport:label>passage</knoraXmlImport:label>
    <p0826-teimww:occursIn>
      <p0826-teimww:book knoraType="link_value" linkType="ref" target="ww_1140c36ab545b6d8"/>
    </p0826-teimww:occursIn>
  </p0826-teimww:passage>
  <p0826-teimww:passage id="ww_706ac1b639f42c1f">
    <knoraXmlImport:label>passage</knoraXmlImport:label>
    <p0826-teimww:occursIn>
      <p0826-teimww:book knoraType="link_value" linkType="ref" target="ww_bc577a06e5bb54c7"/>
    </p0826-teimww:occursIn>
  </p0826-teimww:passage>
  <p0826-teimww:passage id="ww_d0124a28b5675fde">
    <knoraXmlImport:label>passage</knoraXmlImport:label>
    <p0826-teimww:contains>
      <p0826-teimww:lexia knoraType="link_value" linkType="ref" target="ww_20cbbf5295b09a92"/>
    </p0826-teimww:contains>
    <p0826-teimww:contains>
      <p0826-teimww:lexia knoraType="link_value" linkType="ref" target="ww_93e36fa65d9702a2"/>
    </p0826-teimww:contains>
    <p0826-teimww:hasPage knoraType="richtext_value">16 [normalized spelling].</p0826-teimww:hasPage>
    <p0826-teimww:hasPageHist knoraType="richtext_value">16.</p0826-teimww:hasPageHist>
    <p0826-teimww:hasText knoraType="richtext_value">Was not that lofty, now? &lt;span class="quote"&gt;Then there's the Lion, Wall, and Moonshine, &lt;/span&gt;three Heroic Parts; I play'd 'em all at School. &lt;span class="quote"&gt;I roar'd out the Lion so terribly, that the Company call'd out to me to roar again. &lt;/span&gt;</p0826-teimww:hasText>
    <p0826-teimww:hasTextHist knoraType="richtext_value">Was not that lofty, now? &lt;span class="quote"&gt;Then there's the Lion, Wall, and Moonshine, &lt;/span&gt;three Heroick Parts; I play'd 'em all at School. &lt;span class="quote"&gt;I roar'd out the Lion so terribly, that the Company call'd out to me to roar again. &lt;/span&gt;</p0826-teimww:hasTextHist>
    <p0826-teimww:isMentionedIn>
      <p0826-teimww:passage knoraType="link_value" linkType="ref" target="ww_cfb75e6c0fed3273"/>
    </p0826-teimww:isMentionedIn>
    <p0826-teimww:occursIn>
      <p0826-teimww:book knoraType="link_value" linkType="ref" target="ww_c7a44da93c43593a"/>
    </p0826-teimww:occursIn>
    <p0826-teimww:wasContributedBy>
      <p0826-teimww:person knoraType="link_value" linkType="ref" target="ww_6202c1bb6957c9cc"/>
    </p0826-teimww:wasContributedBy>
  </p0826-teimww:passage>
  <p0826-teimww:passage id="ww_cfb75e6c0fed3273">
    <knoraXmlImport:label>passage</knoraXmlImport:label>
    <p0826-teimww:occursIn>
      <p0826-teimww:book knoraType="link_value" linkType="ref" target="ww_1140c36ab545b6d8"/>
    </p0826-teimww:occursIn>
  </p0826-teimww:passage>
  <p0826-teimww:passage id="ww_4efc0cd3efc69d2a">
    <knoraXmlImport:label>passage</knoraXmlImport:label>
    <p0826-teimww:contains>
      <p0826-teimww:lexia knoraType="link_value" linkType="ref" target="ww_73aab74f46efadf0"/>
    </p0826-teimww:contains>
    <p0826-teimww:hasPage knoraType="richtext_value">35; act 3, scene 1.</p0826-teimww:hasPage>
    <p0826-teimww:hasText knoraType="richtext_value">[Philander:] Oh my Heart! &lt;br&gt;
This is a Salve worse than the main Disease. &lt;br&gt;
Tell me thy Thoughts, for I will know the least &lt;br&gt;
That dwells within thee, or will rip thy Heart &lt;br&gt;
To know it: I will see thy Thoughts as plain &lt;br&gt;
As I do now thy Face. &lt;br&gt;
[Endymion:] Why, so you do. &lt;br&gt;
She is (for ought I know) by all the Gods, &lt;br&gt;
&lt;span class="quote"&gt;As chaste as Ice&lt;/span&gt;; but were she foul as Hell, &lt;br&gt;
And I did know it thus; the Breath of Kings, &lt;br&gt;
The Points of Swords, Tortures, nor Bulls of Brass, &lt;br&gt;
Should draw it from me. </p0826-teimww:hasText>
    <p0826-teimww:isMentionedIn>
      <p0826-teimww:passage knoraType="link_value" linkType="ref" target="ww_ebd7427cdbff565f"/>
    </p0826-teimww:isMentionedIn>
    <p0826-teimww:occursIn>
      <p0826-teimww:book knoraType="link_value" linkType="ref" target="ww_522f59ae73a17dc8"/>
    </p0826-teimww:occursIn>
    <p0826-teimww:wasContributedBy>
      <p0826-teimww:person knoraType="link_value" linkType="ref" target="ww_b05ab3db9fd9054a"/>
    </p0826-teimww:wasContributedBy>
  </p0826-teimww:passage>
  <p0826-teimww:passage id="ww_ebd7427cdbff565f">
    <knoraXmlImport:label>passage</knoraXmlImport:label>
    <p0826-teimww:occursIn>
      <p0826-teimww:book knoraType="link_value" linkType="ref" target="ww_3e15ab6c612eadae"/>
    </p0826-teimww:occursIn>
  </p0826-teimww:passage>
  <p0826-teimww:passage id="ww_58faf6a3572fd33a">
    <knoraXmlImport:label>passage</knoraXmlImport:label>
    <p0826-teimww:contains>
      <p0826-teimww:lexia knoraType="link_value" linkType="ref" target="ww_acba4f4e8333cab5"/>
    </p0826-teimww:contains>
    <p0826-teimww:hasPage knoraType="richtext_value">38; 124-125.</p0826-teimww:hasPage>
    <p0826-teimww:hasText knoraType="richtext_value">[Sir Cautious:] Ha, ha, ha - why this is the strangest thing - to see an old Fellow, a Magistrate of the City, the first Night he's marryed forsake his Bride and Bed, and come &lt;span class="quote"&gt;arm'd Cap-a-pee, &lt;/span&gt;like Gargantua, to disturb another old Fellow and banter him with a Tale of a Tub; and all to be-cuckold him here - in plain English what's your Business? </p0826-teimww:hasText>
    <p0826-teimww:isMentionedIn>
      <p0826-teimww:passage knoraType="link_value" linkType="ref" target="ww_d7b1d07e17c1b5a1"/>
    </p0826-teimww:isMentionedIn>
    <p0826-teimww:occursIn>
      <p0826-teimww:book knoraType="link_value" linkType="ref" target="ww_f4067d3fc89b0b63"/>
    </p0826-teimww:occursIn>
    <p0826-teimww:wasContributedBy>
      <p0826-teimww:person knoraType="link_value" linkType="ref" target="ww_8106744e44c77c96"/>
    </p0826-teimww:wasContributedBy>
  </p0826-teimww:passage>
  <p0826-teimww:passage id="ww_d7b1d07e17c1b5a1">
    <knoraXmlImport:label>passage</knoraXmlImport:label>
    <p0826-teimww:occursIn>
      <p0826-teimww:book knoraType="link_value" linkType="ref" target="ww_3e15ab6c612eadae"/>
    </p0826-teimww:occursIn>
  </p0826-teimww:passage>
  <p0826-teimww:passage id="ww_cd55e072d1f76506">
    <knoraXmlImport:label>passage</knoraXmlImport:label>
    <p0826-teimww:contains>
      <p0826-teimww:lexia knoraType="link_value" linkType="ref" target="ww_94c3132d084e725c"/>
    </p0826-teimww:contains>
    <p0826-teimww:hasPage knoraType="richtext_value">N.p.; act 1, scene 1 [normalized spelling].</p0826-teimww:hasPage>
    <p0826-teimww:hasPageHist knoraType="richtext_value">N.p.; act 1, scene 1.</p0826-teimww:hasPageHist>
    <p0826-teimww:hasText knoraType="richtext_value">[Ferrex:] Mine know I none, but grief for your distress: &lt;br&gt;
[Viden:] Yes: mine for thine my son: A father? no: &lt;br&gt;
&lt;span class="quote"&gt;In kind a Father, but not in kindliness.&lt;/span&gt; &lt;br&gt;
[Ferrex:] My Father: why? I know nothing at all, &lt;br&gt;
Wherein I have misdone unto his Grace.</p0826-teimww:hasText>
    <p0826-teimww:hasTextHist knoraType="richtext_value">[Ferrex:] Myne know I none, but griefe for your distresse: &lt;br&gt;
[Viden:] Yes: myne for thyne my sonne: A father? no: &lt;br&gt;
&lt;span class="quote"&gt;In kynde a Father, but not in kyndlynes.&lt;/span&gt; &lt;br&gt;
[Ferrex:] My Father: whie? I knowe nothynge at all, &lt;br&gt;
Wherin I haue misdone vnto his Grace.</p0826-teimww:hasTextHist>
    <p0826-teimww:isMentionedIn>
      <p0826-teimww:passage knoraType="link_value" linkType="ref" target="ww_e30070c261da87f7"/>
    </p0826-teimww:isMentionedIn>
    <p0826-teimww:occursIn>
      <p0826-teimww:book knoraType="link_value" linkType="ref" target="ww_f3d7312515e5ff87"/>
    </p0826-teimww:occursIn>
    <p0826-teimww:wasContributedBy>
      <p0826-teimww:person knoraType="link_value" linkType="ref" target="ww_5fbb1eab1b30dfee"/>
    </p0826-teimww:wasContributedBy>
  </p0826-teimww:passage>
  <p0826-teimww:passage id="ww_e30070c261da87f7">
    <knoraXmlImport:label>passage</knoraXmlImport:label>
    <p0826-teimww:occursIn>
      <p0826-teimww:book knoraType="link_value" linkType="ref" target="ww_3e15ab6c612eadae"/>
    </p0826-teimww:occursIn>
  </p0826-teimww:passage>
  <p0826-teimww:passage id="ww_0709ceb513573de3">
    <knoraXmlImport:label>passage</knoraXmlImport:label>
    <p0826-teimww:contains>
      <p0826-teimww:lexia knoraType="link_value" linkType="ref" target="ww_e5e6565e136d278c"/>
    </p0826-teimww:contains>
    <p0826-teimww:hasPage knoraType="richtext_value">147; lines 57-63 [normalized spelling].</p0826-teimww:hasPage>
    <p0826-teimww:hasPageHist knoraType="richtext_value">147; lines 57-63.</p0826-teimww:hasPageHist>
    <p0826-teimww:hasText knoraType="richtext_value">Yet nevertheless, my father did me not mislike: &lt;br&gt;
But age so simple is, and easy to subdue: &lt;br&gt;
As childhood weak, thats void of wit and reason quite: &lt;br&gt;
They think there's nought, you flatter fainde, but all is true: &lt;br&gt;
&lt;span class="quote"&gt;Once olde and twice a child,&lt;/span&gt; tis said with you, &lt;br&gt;
Which I affirm by proof, that was defined: &lt;br&gt;
In age my father had a childish mind.</p0826-teimww:hasText>
    <p0826-teimww:hasTextHist knoraType="richtext_value">Yet nathelesse, my father did me not mislike: &lt;br&gt;
But age so simple is, and easye to subdue: &lt;br&gt;
As childhode weake, thats voide of wit and reason quite: &lt;br&gt;
They thincke thers nought, you flater fainde, but all is true: &lt;br&gt;
&lt;span class="quote"&gt;Once olde and twice a childe,&lt;/span&gt; tis said with you, &lt;br&gt;
Which I affirme by proofe, that was definde: &lt;br&gt;
In age my father had a childishe minde.</p0826-teimww:hasTextHist>
    <p0826-teimww:isMentionedIn>
      <p0826-teimww:passage knoraType="link_value" linkType="ref" target="ww_ccdc90f07f46d4d3"/>
    </p0826-teimww:isMentionedIn>
    <p0826-teimww:occursIn>
      <p0826-teimww:book knoraType="link_value" linkType="ref" target="ww_284d2177eb64e32c"/>
    </p0826-teimww:occursIn>
    <p0826-teimww:wasContributedBy>
      <p0826-teimww:person knoraType="link_value" linkType="ref" target="ww_b05ab3db9fd9054a"/>
    </p0826-teimww:wasContributedBy>
  </p0826-teimww:passage>
  <p0826-teimww:passage id="ww_7dbb5d33002621e6">
    <knoraXmlImport:label>passage</knoraXmlImport:label>
    <p0826-teimww:contains>
      <p0826-teimww:lexia knoraType="link_value" linkType="ref" target="ww_de9b44a1c2738c61"/>
    </p0826-teimww:contains>
    <p0826-teimww:hasPage knoraType="richtext_value">N.p. [normalized spelling].</p0826-teimww:hasPage>
    <p0826-teimww:hasPageHist knoraType="richtext_value">N.p.</p0826-teimww:hasPageHist>
    <p0826-teimww:hasText knoraType="richtext_value">Father and mother was welcome then, &lt;br&gt;
And so were they all in good faith: &lt;br&gt;
The husband sat there like a man, &lt;br&gt;
The wife did serve them all that day. &lt;br&gt;
The good man commanded what he would have, &lt;br&gt;
The wife was quick at hand, &lt;br&gt;
What now thought the mother, &lt;span class="quote"&gt;this arrant knave,&lt;/span&gt; &lt;br&gt;
Is master as I understand. </p0826-teimww:hasText>
    <p0826-teimww:hasTextHist knoraType="richtext_value">Father and mother was welcome then, &lt;br&gt;
And so were they all in good fay: &lt;br&gt;
The husband sate there like a man, &lt;br&gt;
The wyfe did serue them all that day. &lt;br&gt;
The good man commaunded what he would haue, &lt;br&gt;
The wyfe was quick at hand, &lt;br&gt;
What now thought the mother, this arrant knaue,&lt;br&gt;
Is mayster as I vnderstand. </p0826-teimww:hasTextHist>
    <p0826-teimww:isMentionedIn>
      <p0826-teimww:passage knoraType="link_value" linkType="ref" target="ww_a4edff21c1532f2b"/>
    </p0826-teimww:isMentionedIn>
    <p0826-teimww:occursIn>
      <p0826-teimww:book knoraType="link_value" linkType="ref" target="ww_4e659f2729d3f407"/>
    </p0826-teimww:occursIn>
    <p0826-teimww:wasContributedBy>
      <p0826-teimww:person knoraType="link_value" linkType="ref" target="ww_8106744e44c77c96"/>
    </p0826-teimww:wasContributedBy>
  </p0826-teimww:passage>
  <p0826-teimww:passage id="ww_a4edff21c1532f2b">
    <knoraXmlImport:label>passage</knoraXmlImport:label>
    <p0826-teimww:occursIn>
      <p0826-teimww:book knoraType="link_value" linkType="ref" target="ww_3e15ab6c612eadae"/>
    </p0826-teimww:occursIn>
  </p0826-teimww:passage>
  <p0826-teimww:passage id="ww_9d3baa89b50ec5a2">
    <knoraXmlImport:label>passage</knoraXmlImport:label>
    <p0826-teimww:contains>
      <p0826-teimww:lexia knoraType="link_value" linkType="ref" target="ww_3b9d9bc918165c19"/>
    </p0826-teimww:contains>
    <p0826-teimww:hasText knoraType="richtext_value">[...] There are things called &lt;span class="quote"&gt;whips in store.&lt;/span&gt;</p0826-teimww:hasText>
    <p0826-teimww:isMentionedIn>
      <p0826-teimww:passage knoraType="link_value" linkType="ref" target="ww_f19f69facb2c5f9f"/>
    </p0826-teimww:isMentionedIn>
    <p0826-teimww:occursIn>
      <p0826-teimww:book knoraType="link_value" linkType="ref" target="ww_c5484deb94302464"/>
    </p0826-teimww:occursIn>
    <p0826-teimww:wasContributedBy>
      <p0826-teimww:person knoraType="link_value" linkType="ref" target="ww_c4063e9c72a3ffd2"/>
    </p0826-teimww:wasContributedBy>
  </p0826-teimww:passage>
  <p0826-teimww:passage id="ww_f19f69facb2c5f9f">
    <knoraXmlImport:label>passage</knoraXmlImport:label>
    <p0826-teimww:occursIn>
      <p0826-teimww:book knoraType="link_value" linkType="ref" target="ww_15dba62495527dd5"/>
    </p0826-teimww:occursIn>
  </p0826-teimww:passage>
  <p0826-teimww:passage id="ww_6c6fe3c0ce5a6724">
    <knoraXmlImport:label>passage</knoraXmlImport:label>
    <p0826-teimww:contains>
      <p0826-teimww:lexia knoraType="link_value" linkType="ref" target="ww_fba3108902c095f8"/>
    </p0826-teimww:contains>
    <p0826-teimww:contains>
      <p0826-teimww:lexia knoraType="link_value" linkType="ref" target="ww_2b0867fe3ec1f03e"/>
    </p0826-teimww:contains>
    <p0826-teimww:hasPage knoraType="richtext_value">N.p.; lines 1707-1729 [normalized spelling].</p0826-teimww:hasPage>
    <p0826-teimww:hasPageHist knoraType="richtext_value">N.p.; lines 1707-1729.</p0826-teimww:hasPageHist>
    <p0826-teimww:hasText knoraType="richtext_value">[King:] The hell of life that hangs upon the Crown, &lt;br&gt;
The daily cares, the nightly dreams, &lt;br&gt;
The wretched crewe, the treason of the foe, &lt;br&gt;
And horror of my bloody practise past, &lt;br&gt;
Strikes such a terror to my wounded conscience, &lt;br&gt;
That sleep I, wake I, or whatsoever I do, &lt;br&gt;
Methinks their ghosts comes gaping for revenge, &lt;br&gt;
Whom I have slain in reaching for a Crown. &lt;br&gt;
Clarence complains, and crieth for revenge. &lt;br&gt;
&lt;span class="quote"&gt;My Nephew's bloods, Revenge, revenge, doth cry. &lt;br&gt;
The headless Peers comes preasing for revenge. &lt;br&gt;
And every one cries, let the tyrant die&lt;/span&gt;. &lt;br&gt;
The Sun by day shines hotly for revenge. &lt;br&gt;
The Moon by night eclipseth for revenge. &lt;br&gt;
The stars are turnd to Comets for revenge. &lt;br&gt;
The Planets change their courses for revenge. &lt;br&gt;
The birds sing not, but sorrow for revenge. &lt;br&gt;
The silly lambs sits bleating for revenge. &lt;br&gt;
&lt;span class="quote"&gt;The screeking Raven sits croaking for revenge&lt;/span&gt;. &lt;br&gt;
Whole heads of beasts comes bellowing for revenge. &lt;br&gt;
And all, yea all the world I think, &lt;br&gt;
Cries for revenge, and nothing but revenge. &lt;br&gt;
But to conclude, I have deserved revenge.</p0826-teimww:hasText>
    <p0826-teimww:hasTextHist knoraType="richtext_value">[King:] The hell of life that hangs vpon the Crowne, &lt;br&gt;
The daily cares, the nightly dreames, &lt;br&gt;
The wretched crewes, the treason of the foe, &lt;br&gt;
And horror of my bloodie practise past, &lt;br&gt;
Strikes such a terror to my wounded conscience, &lt;br&gt;
That sleepe I, wake I, or whatsoeuer I do, &lt;br&gt;
Meethinkes their ghoasts comes gaping for reuenge, &lt;br&gt;
Whom I haue slaine in reaching for a Crowne. &lt;br&gt;
Clarence complaines, and crieth for reuenge. &lt;br&gt;
My Nephues bloods, Reuenge, reuenge, doth crie. &lt;br&gt;
The headlesse Peeres comes preasing for reuenge. &lt;br&gt;
And euery one cries, let the tyrant die. &lt;br&gt;
The Sunne by day shines hotely for reuenge. &lt;br&gt;
The Moone by night eclipseth for reuenge. &lt;br&gt;
The stars are turnd to Comets for reuenge. &lt;br&gt;
The Planets chaunge their coursies for reuenge. &lt;br&gt;
The birds sing not, but sorrow for reuenge. &lt;br&gt;
The silly lambes sits bleating for reuenge. &lt;br&gt;
&lt;span class="quote"&gt;The screeking Rauen sits croking for reuenge&lt;/span&gt;. &lt;br&gt;
Whole heads of beasts comes bellowing for reuenge. &lt;br&gt;
And all, yea all the world I thinke, &lt;br&gt;
Cries for reuenge, and nothing but reuenge. &lt;br&gt;
But to conclude, I haue deserued reuenge.</p0826-teimww:hasTextHist>
    <p0826-teimww:isMentionedIn>
      <p0826-teimww:passage knoraType="link_value" linkType="ref" target="ww_fb7e97a62037d0d7"/>
    </p0826-teimww:isMentionedIn>
    <p0826-teimww:occursIn>
      <p0826-teimww:book knoraType="link_value" linkType="ref" target="ww_8dce43c17b4fa85b"/>
    </p0826-teimww:occursIn>
    <p0826-teimww:wasContributedBy>
      <p0826-teimww:person knoraType="link_value" linkType="ref" target="ww_c4063e9c72a3ffd2"/>
    </p0826-teimww:wasContributedBy>
  </p0826-teimww:passage>
  <p0826-teimww:passage id="ww_fb7e97a62037d0d7">
    <knoraXmlImport:label>passage</knoraXmlImport:label>
    <p0826-teimww:occursIn>
      <p0826-teimww:book knoraType="link_value" linkType="ref" target="ww_f4b1a8fa8f784028"/>
    </p0826-teimww:occursIn>
  </p0826-teimww:passage>
  <p0826-teimww:passage id="ww_89919e219f132b94">
    <knoraXmlImport:label>passage</knoraXmlImport:label>
    <p0826-teimww:contains>
      <p0826-teimww:lexia knoraType="link_value" linkType="ref" target="ww_99d856465a5a4595"/>
    </p0826-teimww:contains>
    <p0826-teimww:hasPage knoraType="richtext_value">719; book 4, canto 12, stanza 24 [normalized spelling].</p0826-teimww:hasPage>
    <p0826-teimww:hasPageHist knoraType="richtext_value">719; book 4, canto 12, stanza 24.</p0826-teimww:hasPageHist>
    <p0826-teimww:hasText knoraType="richtext_value">Now with&lt;span class="quote"&gt; fair speeches&lt;/span&gt;, now with threatenings stern [...].</p0826-teimww:hasText>
    <p0826-teimww:hasTextHist knoraType="richtext_value">Now with faire speches, now with threatnings sterne</p0826-teimww:hasTextHist>
    <p0826-teimww:isMentionedIn>
      <p0826-teimww:passage knoraType="link_value" linkType="ref" target="ww_f1e4689dc2ef8c6c"/>
    </p0826-teimww:isMentionedIn>
    <p0826-teimww:occursIn>
      <p0826-teimww:book knoraType="link_value" linkType="ref" target="ww_83f1a0a692d63180"/>
    </p0826-teimww:occursIn>
    <p0826-teimww:wasContributedBy>
      <p0826-teimww:person knoraType="link_value" linkType="ref" target="ww_c4063e9c72a3ffd2"/>
    </p0826-teimww:wasContributedBy>
  </p0826-teimww:passage>
  <p0826-teimww:passage id="ww_f1e4689dc2ef8c6c">
    <knoraXmlImport:label>passage</knoraXmlImport:label>
    <p0826-teimww:occursIn>
      <p0826-teimww:book knoraType="link_value" linkType="ref" target="ww_e7b10e483d5cee49"/>
    </p0826-teimww:occursIn>
  </p0826-teimww:passage>
  <p0826-teimww:passage id="ww_4e17b1fb482a24c2">
    <knoraXmlImport:label>passage</knoraXmlImport:label>
    <p0826-teimww:contains>
      <p0826-teimww:lexia knoraType="link_value" linkType="ref" target="ww_a3bd87f713987623"/>
    </p0826-teimww:contains>
    <p0826-teimww:hasPage knoraType="richtext_value">Act 1, scene 1, line 247.</p0826-teimww:hasPage>
    <p0826-teimww:hasText knoraType="richtext_value">[Queen Margaret:] Stern Falconbridge commands &lt;span class="quote"&gt;the Narrow Seas &lt;/span&gt;[…].</p0826-teimww:hasText>
    <p0826-teimww:isMentionedIn>
      <p0826-teimww:passage knoraType="link_value" linkType="ref" target="ww_3a4d12417f869cbe"/>
    </p0826-teimww:isMentionedIn>
    <p0826-teimww:occursIn>
      <p0826-teimww:book knoraType="link_value" linkType="ref" target="ww_e44bf30c33d6ff4d"/>
    </p0826-teimww:occursIn>
    <p0826-teimww:wasContributedBy>
      <p0826-teimww:person knoraType="link_value" linkType="ref" target="ww_7f35f6802efd910d"/>
    </p0826-teimww:wasContributedBy>
  </p0826-teimww:passage>
  <p0826-teimww:passage id="ww_c60a4f7f53c97c48">
    <knoraXmlImport:label>passage</knoraXmlImport:label>
    <p0826-teimww:contains>
      <p0826-teimww:lexia knoraType="link_value" linkType="ref" target="ww_45810440eae644c4"/>
    </p0826-teimww:contains>
    <p0826-teimww:hasPage knoraType="richtext_value">Act 3, scene 2, lines 18-20.</p0826-teimww:hasPage>
    <p0826-teimww:hasText knoraType="richtext_value">[Lady Grey:] Right gracious lord, I cannot brook delay. &lt;br&gt;
May it please your Highness &lt;span class="quote"&gt;to resolve me now,&lt;br&gt;&lt;/span&gt;
And what your pleasure is shall satisfy me.</p0826-teimww:hasText>
    <p0826-teimww:isMentionedIn>
      <p0826-teimww:passage knoraType="link_value" linkType="ref" target="ww_5a22984900c5141b"/>
    </p0826-teimww:isMentionedIn>
    <p0826-teimww:occursIn>
      <p0826-teimww:book knoraType="link_value" linkType="ref" target="ww_e44bf30c33d6ff4d"/>
    </p0826-teimww:occursIn>
    <p0826-teimww:wasContributedBy>
      <p0826-teimww:person knoraType="link_value" linkType="ref" target="ww_c4063e9c72a3ffd2"/>
    </p0826-teimww:wasContributedBy>
  </p0826-teimww:passage>
  <p0826-teimww:passage id="ww_f65c449d46100d3c">
    <knoraXmlImport:label>passage</knoraXmlImport:label>
    <p0826-teimww:contains>
      <p0826-teimww:lexia knoraType="link_value" linkType="ref" target="ww_1feede4d5ae8bfbd"/>
    </p0826-teimww:contains>
    <p0826-teimww:hasPage knoraType="richtext_value">Act 1, scene 4, lines 140.</p0826-teimww:hasPage>
    <p0826-teimww:hasText knoraType="richtext_value">[York:] [...] O, &lt;span class="quote"&gt;tiger's heart wrapped in a woman's hide &lt;/span&gt;[...].</p0826-teimww:hasText>
    <p0826-teimww:isMentionedIn>
      <p0826-teimww:passage knoraType="link_value" linkType="ref" target="ww_45171fc7c0275f67"/>
    </p0826-teimww:isMentionedIn>
    <p0826-teimww:occursIn>
      <p0826-teimww:book knoraType="link_value" linkType="ref" target="ww_e44bf30c33d6ff4d"/>
    </p0826-teimww:occursIn>
    <p0826-teimww:wasContributedBy>
      <p0826-teimww:person knoraType="link_value" linkType="ref" target="ww_c4063e9c72a3ffd2"/>
    </p0826-teimww:wasContributedBy>
  </p0826-teimww:passage>
  <p0826-teimww:passage id="ww_45171fc7c0275f67">
    <knoraXmlImport:label>passage</knoraXmlImport:label>
    <p0826-teimww:occursIn>
      <p0826-teimww:book knoraType="link_value" linkType="ref" target="ww_1140c36ab545b6d8"/>
    </p0826-teimww:occursIn>
  </p0826-teimww:passage>
  <p0826-teimww:passage id="ww_6f92fb7a1328eefe">
    <knoraXmlImport:label>passage</knoraXmlImport:label>
    <p0826-teimww:contains>
      <p0826-teimww:lexia knoraType="link_value" linkType="ref" target="ww_1daf6b24fc4d1ede"/>
    </p0826-teimww:contains>
    <p0826-teimww:hasPage knoraType="richtext_value">Act 2, scene 2, lines 120-122.</p0826-teimww:hasPage>
    <p0826-teimww:hasText knoraType="richtext_value">[Adriana:] Ay, ay, Antipholus, &lt;span class="quote"&gt;look strange and frown.&lt;br&gt;
Some other mistress hath thy sweet aspects.&lt;/span&gt;&lt;br&gt;
I am not Adriana, nor thy wife.</p0826-teimww:hasText>
    <p0826-teimww:isMentionedIn>
      <p0826-teimww:passage knoraType="link_value" linkType="ref" target="ww_fa154b84be700251"/>
    </p0826-teimww:isMentionedIn>
    <p0826-teimww:occursIn>
      <p0826-teimww:book knoraType="link_value" linkType="ref" target="ww_7dd1c602e9ccfe3b"/>
    </p0826-teimww:occursIn>
    <p0826-teimww:wasContributedBy>
      <p0826-teimww:person knoraType="link_value" linkType="ref" target="ww_c4063e9c72a3ffd2"/>
    </p0826-teimww:wasContributedBy>
  </p0826-teimww:passage>
  <p0826-teimww:passage id="ww_fa154b84be700251">
    <knoraXmlImport:label>passage</knoraXmlImport:label>
    <p0826-teimww:occursIn>
      <p0826-teimww:book knoraType="link_value" linkType="ref" target="ww_f3582e478658b162"/>
    </p0826-teimww:occursIn>
  </p0826-teimww:passage>
  <p0826-teimww:passage id="ww_f73109348ba0dbff">
    <knoraXmlImport:label>passage</knoraXmlImport:label>
    <p0826-teimww:contains>
      <p0826-teimww:lexia knoraType="link_value" linkType="ref" target="ww_a14b711c12a38e24"/>
    </p0826-teimww:contains>
    <p0826-teimww:hasPage knoraType="richtext_value">267 [spelling normalized].</p0826-teimww:hasPage>
    <p0826-teimww:hasPageHist knoraType="richtext_value">N.p.; a bit over halfway into the play.</p0826-teimww:hasPageHist>
    <p0826-teimww:hasText knoraType="richtext_value">[Bacchus:] &lt;span class="quote"&gt;Crouch, crouch on your knees, fool, when you pledge god &lt;i&gt;Bacchus&lt;/i&gt;. &lt;br&gt;&lt;/span&gt;
(Here Will Summer drinks,and they sing about him.) [...] &lt;br&gt;
[All:] God Bacchus do him right, and dub him knight. &lt;br&gt; 
[Bacchus:] Rise up, Sir Robert Tospot. &lt;br&gt;
(Here he dubs Will Summer with the blackjack.)</p0826-teimww:hasText>
    <p0826-teimww:hasTextHist knoraType="richtext_value">[Bacchus:] Crouch, crouch on your knees, foole, when you pledge god Bacchus. &lt;br&gt;
(Here Will Sumer drinks, &amp; they sing about him.) [...] &lt;br&gt;
[All:] God Bacchus doe him right, and dubbe him knight. &lt;br&gt; 
[Bacchus:] Rise vp Sir Robert Tospot. &lt;br&gt;
(Here he dubs Will Summer with the black Iacke.)</p0826-teimww:hasTextHist>
    <p0826-teimww:isMentionedIn>
      <p0826-teimww:passage knoraType="link_value" linkType="ref" target="ww_a4f92d68d4b3a3f4"/>
    </p0826-teimww:isMentionedIn>
    <p0826-teimww:occursIn>
      <p0826-teimww:book knoraType="link_value" linkType="ref" target="ww_3970bc7a75eddc11"/>
    </p0826-teimww:occursIn>
    <p0826-teimww:wasContributedBy>
      <p0826-teimww:person knoraType="link_value" linkType="ref" target="ww_b604df587d93b768"/>
    </p0826-teimww:wasContributedBy>
  </p0826-teimww:passage>
  <p0826-teimww:passage id="ww_a4f92d68d4b3a3f4">
    <knoraXmlImport:label>passage</knoraXmlImport:label>
    <p0826-teimww:occursIn>
      <p0826-teimww:book knoraType="link_value" linkType="ref" target="ww_5eeeb3e78e8b0bc3"/>
    </p0826-teimww:occursIn>
  </p0826-teimww:passage>
  <p0826-teimww:passage id="ww_dfc3c32e4a10cb6b">
    <knoraXmlImport:label>passage</knoraXmlImport:label>
    <p0826-teimww:contains>
      <p0826-teimww:lexia knoraType="link_value" linkType="ref" target="ww_db02fc9248ab92b0"/>
    </p0826-teimww:contains>
    <p0826-teimww:hasText knoraType="richtext_value">&lt;span class="quote"&gt;Care-charmer Sleep, son of the sable Night, &lt;br&gt;
Brother to Death, &lt;/span&gt;in silent darkness born, &lt;br&gt;
Relieve my languish, and restore the light; &lt;br&gt;
With dark forgetting of my care return. </p0826-teimww:hasText>
    <p0826-teimww:isMentionedIn>
      <p0826-teimww:passage knoraType="link_value" linkType="ref" target="ww_766b56390fcf6c23"/>
    </p0826-teimww:isMentionedIn>
    <p0826-teimww:occursIn>
      <p0826-teimww:book knoraType="link_value" linkType="ref" target="ww_0c07954b270e348c"/>
    </p0826-teimww:occursIn>
    <p0826-teimww:wasContributedBy>
      <p0826-teimww:person knoraType="link_value" linkType="ref" target="ww_c4063e9c72a3ffd2"/>
    </p0826-teimww:wasContributedBy>
  </p0826-teimww:passage>
  <p0826-teimww:passage id="ww_766b56390fcf6c23">
    <knoraXmlImport:label>passage</knoraXmlImport:label>
    <p0826-teimww:occursIn>
      <p0826-teimww:book knoraType="link_value" linkType="ref" target="ww_fc0ed4bc4ee837dd"/>
    </p0826-teimww:occursIn>
  </p0826-teimww:passage>
  <p0826-teimww:passage id="ww_91252c5651610b25">
    <knoraXmlImport:label>passage</knoraXmlImport:label>
    <p0826-teimww:contains>
      <p0826-teimww:lexia knoraType="link_value" linkType="ref" target="ww_12a635b962f69fb1"/>
    </p0826-teimww:contains>
    <p0826-teimww:hasPage knoraType="richtext_value">Line 766.</p0826-teimww:hasPage>
    <p0826-teimww:hasText knoraType="richtext_value">[Venus:] […] Or &lt;span class="quote"&gt;butcher sire that reaves his son of life.&lt;/span&gt;</p0826-teimww:hasText>
    <p0826-teimww:isMentionedIn>
      <p0826-teimww:passage knoraType="link_value" linkType="ref" target="ww_0c7562b072b7907e"/>
    </p0826-teimww:isMentionedIn>
    <p0826-teimww:occursIn>
      <p0826-teimww:book knoraType="link_value" linkType="ref" target="ww_d7a24ba647d4819e"/>
    </p0826-teimww:occursIn>
    <p0826-teimww:wasContributedBy>
      <p0826-teimww:person knoraType="link_value" linkType="ref" target="ww_7f35f6802efd910d"/>
    </p0826-teimww:wasContributedBy>
  </p0826-teimww:passage>
  <p0826-teimww:passage id="ww_759f03555f011890">
    <knoraXmlImport:label>passage</knoraXmlImport:label>
    <p0826-teimww:contains>
      <p0826-teimww:lexia knoraType="link_value" linkType="ref" target="ww_d4935a76bbd234da"/>
    </p0826-teimww:contains>
    <p0826-teimww:hasPage knoraType="richtext_value">212 [normalized spelling].</p0826-teimww:hasPage>
    <p0826-teimww:hasPageHist knoraType="richtext_value">212.</p0826-teimww:hasPageHist>
    <p0826-teimww:hasText knoraType="richtext_value">How would it have joyed &lt;span class="quote"&gt;brave Talbot (the terror of the French) &lt;/span&gt;to think that [...].</p0826-teimww:hasText>
    <p0826-teimww:hasTextHist knoraType="richtext_value">How would it have joyed &lt;span class="quote"&gt;brave Talbot (the terror of the French) &lt;/span&gt;to thinke that [...].</p0826-teimww:hasTextHist>
    <p0826-teimww:isMentionedIn>
      <p0826-teimww:passage knoraType="link_value" linkType="ref" target="ww_85b3e5e94d4db97f"/>
    </p0826-teimww:isMentionedIn>
    <p0826-teimww:occursIn>
      <p0826-teimww:book knoraType="link_value" linkType="ref" target="ww_38151002cedbc343"/>
    </p0826-teimww:occursIn>
    <p0826-teimww:wasContributedBy>
      <p0826-teimww:person knoraType="link_value" linkType="ref" target="ww_c4063e9c72a3ffd2"/>
    </p0826-teimww:wasContributedBy>
  </p0826-teimww:passage>
  <p0826-teimww:passage id="ww_85b3e5e94d4db97f">
    <knoraXmlImport:label>passage</knoraXmlImport:label>
    <p0826-teimww:occursIn>
      <p0826-teimww:book knoraType="link_value" linkType="ref" target="ww_1140c36ab545b6d8"/>
    </p0826-teimww:occursIn>
  </p0826-teimww:passage>
  <p0826-teimww:passage id="ww_db0410d990f3f8a6">
    <knoraXmlImport:label>passage</knoraXmlImport:label>
    <p0826-teimww:contains>
      <p0826-teimww:lexia knoraType="link_value" linkType="ref" target="ww_d4935a76bbd234da"/>
    </p0826-teimww:contains>
    <p0826-teimww:hasPage knoraType="richtext_value">Act 1, scene 4, lines 42-44</p0826-teimww:hasPage>
    <p0826-teimww:hasText knoraType="richtext_value">[Talbot:] With scoffs and scorns and contumelious taunts.&lt;br&gt;
In open marketplace produced they me&lt;br&gt;
To be a public spectacle to all.&lt;br&gt;
"Here," said they, &lt;span class="quote"&gt;"is the terror of the French,&lt;br&gt; &lt;/span&gt;
The scarecrow that affrights our children so."</p0826-teimww:hasText>
    <p0826-teimww:isMentionedIn>
      <p0826-teimww:passage knoraType="link_value" linkType="ref" target="ww_97e1e492a889db2e"/>
    </p0826-teimww:isMentionedIn>
    <p0826-teimww:occursIn>
      <p0826-teimww:book knoraType="link_value" linkType="ref" target="ww_f535cbebb5943d78"/>
    </p0826-teimww:occursIn>
    <p0826-teimww:wasContributedBy>
      <p0826-teimww:person knoraType="link_value" linkType="ref" target="ww_c4063e9c72a3ffd2"/>
    </p0826-teimww:wasContributedBy>
  </p0826-teimww:passage>
  <p0826-teimww:passage id="ww_97e1e492a889db2e">
    <knoraXmlImport:label>passage</knoraXmlImport:label>
    <p0826-teimww:occursIn>
      <p0826-teimww:book knoraType="link_value" linkType="ref" target="ww_1140c36ab545b6d8"/>
    </p0826-teimww:occursIn>
  </p0826-teimww:passage>
  <p0826-teimww:passage id="ww_20a4e9b1bfce65a6">
    <knoraXmlImport:label>passage</knoraXmlImport:label>
    <p0826-teimww:contains>
      <p0826-teimww:lexia knoraType="link_value" linkType="ref" target="ww_e33e75189f9281b9"/>
    </p0826-teimww:contains>
    <p0826-teimww:hasPage knoraType="richtext_value">Lines 407-408.</p0826-teimww:hasPage>
    <p0826-teimww:hasText knoraType="richtext_value">O, learn to love; &lt;span class="quote"&gt;the lesson is but plain &lt;br&gt;&lt;/span&gt;
And, once made perfect, never lost again.</p0826-teimww:hasText>
    <p0826-teimww:isMentionedIn>
      <p0826-teimww:passage knoraType="link_value" linkType="ref" target="ww_5948358512eb149a"/>
    </p0826-teimww:isMentionedIn>
    <p0826-teimww:occursIn>
      <p0826-teimww:book knoraType="link_value" linkType="ref" target="ww_d7a24ba647d4819e"/>
    </p0826-teimww:occursIn>
    <p0826-teimww:wasContributedBy>
      <p0826-teimww:person knoraType="link_value" linkType="ref" target="ww_c4063e9c72a3ffd2"/>
    </p0826-teimww:wasContributedBy>
  </p0826-teimww:passage>
  <p0826-teimww:passage id="ww_942bb01f046a700c">
    <knoraXmlImport:label>passage</knoraXmlImport:label>
    <p0826-teimww:contains>
      <p0826-teimww:lexia knoraType="link_value" linkType="ref" target="ww_e9843e2347bb3ba2"/>
    </p0826-teimww:contains>
    <p0826-teimww:contains>
      <p0826-teimww:lexia knoraType="link_value" linkType="ref" target="ww_1feede4d5ae8bfbd"/>
    </p0826-teimww:contains>
    <p0826-teimww:contains>
      <p0826-teimww:lexia knoraType="link_value" linkType="ref" target="ww_ec268703a85b18a4"/>
    </p0826-teimww:contains>
    <p0826-teimww:hasPage knoraType="richtext_value">15.</p0826-teimww:hasPage>
    <p0826-teimww:hasText knoraType="richtext_value">Yes, trust them not, for there is an upstart crow, &lt;span class="quote"&gt;beautified&lt;/span&gt; with our feathers, that with his &lt;span class="quote"&gt;tiger's heart wrapped in a player's hide&lt;/span&gt; supposes he is as well able to bombast out a blank verse as the best of you, and, &lt;span class="quote"&gt;being an absolute Johannes factotum, &lt;/span&gt;is in his own conceit the only Shake-scene in a country.</p0826-teimww:hasText>
    <p0826-teimww:isMentionedIn>
      <p0826-teimww:passage knoraType="link_value" linkType="ref" target="ww_7b6f079678bd6e9e"/>
    </p0826-teimww:isMentionedIn>
    <p0826-teimww:isMentionedIn>
      <p0826-teimww:passage knoraType="link_value" linkType="ref" target="ww_dd416140947f6290"/>
    </p0826-teimww:isMentionedIn>
    <p0826-teimww:isMentionedIn>
      <p0826-teimww:passage knoraType="link_value" linkType="ref" target="ww_e3e28bd81e83dc52"/>
    </p0826-teimww:isMentionedIn>
    <p0826-teimww:isMentionedIn>
      <p0826-teimww:passage knoraType="link_value" linkType="ref" target="ww_48d18fb186a0a31a"/>
    </p0826-teimww:isMentionedIn>
    <p0826-teimww:occursIn>
      <p0826-teimww:book knoraType="link_value" linkType="ref" target="ww_0266d9e8398c6ca3"/>
    </p0826-teimww:occursIn>
    <p0826-teimww:wasContributedBy>
      <p0826-teimww:person knoraType="link_value" linkType="ref" target="ww_c4063e9c72a3ffd2"/>
    </p0826-teimww:wasContributedBy>
  </p0826-teimww:passage>
  <p0826-teimww:passage id="ww_7b6f079678bd6e9e">
    <knoraXmlImport:label>passage</knoraXmlImport:label>
    <p0826-teimww:occursIn>
      <p0826-teimww:book knoraType="link_value" linkType="ref" target="ww_f3b3659c26b68006"/>
    </p0826-teimww:occursIn>
  </p0826-teimww:passage>
  <p0826-teimww:passage id="ww_e3e28bd81e83dc52">
    <knoraXmlImport:label>passage</knoraXmlImport:label>
    <p0826-teimww:occursIn>
      <p0826-teimww:book knoraType="link_value" linkType="ref" target="ww_1140c36ab545b6d8"/>
    </p0826-teimww:occursIn>
  </p0826-teimww:passage>
  <p0826-teimww:passage id="ww_0de926e26f33e3ce">
    <knoraXmlImport:label>passage</knoraXmlImport:label>
    <p0826-teimww:contains>
      <p0826-teimww:lexia knoraType="link_value" linkType="ref" target="ww_4c64336cbb097d4e"/>
    </p0826-teimww:contains>
    <p0826-teimww:hasPage knoraType="richtext_value">N.p. [normalized spelling].</p0826-teimww:hasPage>
    <p0826-teimww:hasPageHist knoraType="richtext_value">N.p.</p0826-teimww:hasPageHist>
    <p0826-teimww:hasText knoraType="richtext_value">And would not pluck the rains of bridle back:&lt;br&gt;
 I could tell why, but &lt;span class="quote"&gt;thereby hangs a tale&lt;/span&gt;, &lt;br&gt;
Would make me blush and show of grace great lack.&lt;br&gt;</p0826-teimww:hasText>
    <p0826-teimww:hasTextHist knoraType="richtext_value">And would not plucke the raines of bridle back:&lt;br&gt;
 I could tell why, but &lt;span class="quote"&gt;therby hangs a tale&lt;/span&gt;, &lt;br&gt;
Would make me blush and shew of grace great lacke.</p0826-teimww:hasTextHist>
    <p0826-teimww:isMentionedIn>
      <p0826-teimww:passage knoraType="link_value" linkType="ref" target="ww_9e4556f6f4121b91"/>
    </p0826-teimww:isMentionedIn>
    <p0826-teimww:occursIn>
      <p0826-teimww:book knoraType="link_value" linkType="ref" target="ww_8a65b181cea50159"/>
    </p0826-teimww:occursIn>
    <p0826-teimww:wasContributedBy>
      <p0826-teimww:person knoraType="link_value" linkType="ref" target="ww_c4063e9c72a3ffd2"/>
    </p0826-teimww:wasContributedBy>
  </p0826-teimww:passage>
  <p0826-teimww:passage id="ww_9e4556f6f4121b91">
    <knoraXmlImport:label>passage</knoraXmlImport:label>
    <p0826-teimww:occursIn>
      <p0826-teimww:book knoraType="link_value" linkType="ref" target="ww_fb9509be352bd917"/>
    </p0826-teimww:occursIn>
  </p0826-teimww:passage>
  <p0826-teimww:passage id="ww_66fb37e69313d449">
    <knoraXmlImport:label>passage</knoraXmlImport:label>
    <p0826-teimww:contains>
      <p0826-teimww:lexia knoraType="link_value" linkType="ref" target="ww_a64516c7bc868265"/>
    </p0826-teimww:contains>
    <p0826-teimww:hasPage knoraType="richtext_value">Act 2, scene 4, line 55.</p0826-teimww:hasPage>
    <p0826-teimww:hasText knoraType="richtext_value">[Queen Elizabeth:] [...] &lt;span class="quote"&gt;The tiger now hath seized the gentle hind.&lt;/span&gt;</p0826-teimww:hasText>
    <p0826-teimww:isMentionedIn>
      <p0826-teimww:passage knoraType="link_value" linkType="ref" target="ww_f0b4c949a367e24e"/>
    </p0826-teimww:isMentionedIn>
    <p0826-teimww:isMentionedIn>
      <p0826-teimww:passage knoraType="link_value" linkType="ref" target="ww_3a70307bf6daa4dd"/>
    </p0826-teimww:isMentionedIn>
    <p0826-teimww:occursIn>
      <p0826-teimww:book knoraType="link_value" linkType="ref" target="ww_a70c78f7c2563c1d"/>
    </p0826-teimww:occursIn>
    <p0826-teimww:wasContributedBy>
      <p0826-teimww:person knoraType="link_value" linkType="ref" target="ww_b604df587d93b768"/>
    </p0826-teimww:wasContributedBy>
  </p0826-teimww:passage>
  <p0826-teimww:passage id="ww_f0b4c949a367e24e">
    <knoraXmlImport:label>passage</knoraXmlImport:label>
    <p0826-teimww:occursIn>
      <p0826-teimww:book knoraType="link_value" linkType="ref" target="ww_1140c36ab545b6d8"/>
    </p0826-teimww:occursIn>
  </p0826-teimww:passage>
  <p0826-teimww:passage id="ww_093f5bd030854cb7">
    <knoraXmlImport:label>passage</knoraXmlImport:label>
    <p0826-teimww:contains>
      <p0826-teimww:lexia knoraType="link_value" linkType="ref" target="ww_816c4dc1c774c972"/>
    </p0826-teimww:contains>
    <p0826-teimww:hasPage knoraType="richtext_value">Act 3, scene 3, lines 183-184.</p0826-teimww:hasPage>
    <p0826-teimww:hasText knoraType="richtext_value">[King Richard:] Down, down I come like &lt;span class="quote"&gt;glistering Phaeton,&lt;/span&gt;&lt;br&gt;
Wanting the manage of unruly jades.</p0826-teimww:hasText>
    <p0826-teimww:isMentionedIn>
      <p0826-teimww:passage knoraType="link_value" linkType="ref" target="ww_4aadb15b4aa51a61"/>
    </p0826-teimww:isMentionedIn>
    <p0826-teimww:occursIn>
      <p0826-teimww:book knoraType="link_value" linkType="ref" target="ww_c8e25bef891b5536"/>
    </p0826-teimww:occursIn>
    <p0826-teimww:wasContributedBy>
      <p0826-teimww:person knoraType="link_value" linkType="ref" target="ww_c4063e9c72a3ffd2"/>
    </p0826-teimww:wasContributedBy>
  </p0826-teimww:passage>
  <p0826-teimww:passage id="ww_4aadb15b4aa51a61">
    <knoraXmlImport:label>passage</knoraXmlImport:label>
    <p0826-teimww:occursIn>
      <p0826-teimww:book knoraType="link_value" linkType="ref" target="ww_e1e81a86f35b59e9"/>
    </p0826-teimww:occursIn>
  </p0826-teimww:passage>
  <p0826-teimww:passage id="ww_4879a0dfeeef4c32">
    <knoraXmlImport:label>passage</knoraXmlImport:label>
    <p0826-teimww:contains>
      <p0826-teimww:lexia knoraType="link_value" linkType="ref" target="ww_0b7f5ab9b0f9af78"/>
    </p0826-teimww:contains>
    <p0826-teimww:hasPage knoraType="richtext_value">570; act 4, scene 5, line 58.</p0826-teimww:hasPage>
    <p0826-teimww:hasText knoraType="richtext_value">[King:]&lt;span class="quote"&gt; I cannot brook thy haughty insolence &lt;/span&gt;[...].</p0826-teimww:hasText>
    <p0826-teimww:isMentionedIn>
      <p0826-teimww:passage knoraType="link_value" linkType="ref" target="ww_40fdab0686f7e2e6"/>
    </p0826-teimww:isMentionedIn>
    <p0826-teimww:occursIn>
      <p0826-teimww:book knoraType="link_value" linkType="ref" target="ww_4699bce2e8308213"/>
    </p0826-teimww:occursIn>
    <p0826-teimww:wasContributedBy>
      <p0826-teimww:person knoraType="link_value" linkType="ref" target="ww_7f35f6802efd910d"/>
    </p0826-teimww:wasContributedBy>
  </p0826-teimww:passage>
  <p0826-teimww:passage id="ww_abbd059cb90d7110">
    <knoraXmlImport:label>passage</knoraXmlImport:label>
    <p0826-teimww:contains>
      <p0826-teimww:lexia knoraType="link_value" linkType="ref" target="ww_a95fb51dea9168ae"/>
    </p0826-teimww:contains>
    <p0826-teimww:hasPage knoraType="richtext_value">N.p.; line 390 [normalized spelling].</p0826-teimww:hasPage>
    <p0826-teimww:hasPageHist knoraType="richtext_value">N.p.; line 390 [nornalized spelling].</p0826-teimww:hasPageHist>
    <p0826-teimww:hasText knoraType="richtext_value">[...] &lt;span class="quote"&gt;As when against pine bearing Ossa's rocks &lt;/span&gt;[...].</p0826-teimww:hasText>
    <p0826-teimww:hasTextHist knoraType="richtext_value">[...] &lt;span class="quote"&gt;As when against pine bearing Ossa's rocks &lt;/span&gt;[...].</p0826-teimww:hasTextHist>
    <p0826-teimww:isMentionedIn>
      <p0826-teimww:passage knoraType="link_value" linkType="ref" target="ww_40fdab0686f7e2e6"/>
    </p0826-teimww:isMentionedIn>
    <p0826-teimww:occursIn>
      <p0826-teimww:book knoraType="link_value" linkType="ref" target="ww_6f0ade1dfe5ee541"/>
    </p0826-teimww:occursIn>
    <p0826-teimww:wasContributedBy>
      <p0826-teimww:person knoraType="link_value" linkType="ref" target="ww_7f35f6802efd910d"/>
    </p0826-teimww:wasContributedBy>
  </p0826-teimww:passage>
  <p0826-teimww:passage id="ww_e433cbce1d00884f">
    <knoraXmlImport:label>passage</knoraXmlImport:label>
    <p0826-teimww:contains>
      <p0826-teimww:lexia knoraType="link_value" linkType="ref" target="ww_a95fb51dea9168ae"/>
    </p0826-teimww:contains>
    <p0826-teimww:hasPage knoraType="richtext_value">N.p.; lines 688-689 [normalized spelling].</p0826-teimww:hasPage>
    <p0826-teimww:hasPageHist knoraType="richtext_value">N.p.; lines 688-689.</p0826-teimww:hasPageHist>
    <p0826-teimww:hasText knoraType="richtext_value">[...] To &lt;span class="quote"&gt;the pine bearing hills, &lt;/span&gt;hence to the mounts [...]</p0826-teimww:hasText>
    <p0826-teimww:hasTextHist knoraType="richtext_value">[...] To &lt;span class="quote"&gt;To the pine bearing hils, &lt;/span&gt;hence to the mounts [...]</p0826-teimww:hasTextHist>
    <p0826-teimww:isMentionedIn>
      <p0826-teimww:passage knoraType="link_value" linkType="ref" target="ww_e92312b11a1f5afc"/>
    </p0826-teimww:isMentionedIn>
    <p0826-teimww:occursIn>
      <p0826-teimww:book knoraType="link_value" linkType="ref" target="ww_6f0ade1dfe5ee541"/>
    </p0826-teimww:occursIn>
    <p0826-teimww:wasContributedBy>
      <p0826-teimww:person knoraType="link_value" linkType="ref" target="ww_7f35f6802efd910d"/>
    </p0826-teimww:wasContributedBy>
  </p0826-teimww:passage>
  <p0826-teimww:passage id="ww_e92312b11a1f5afc">
    <knoraXmlImport:label>passage</knoraXmlImport:label>
    <p0826-teimww:occursIn>
      <p0826-teimww:book knoraType="link_value" linkType="ref" target="ww_3e15ab6c612eadae"/>
    </p0826-teimww:occursIn>
  </p0826-teimww:passage>
  <p0826-teimww:passage id="ww_1b0ebf8d5b7f5212">
    <knoraXmlImport:label>passage</knoraXmlImport:label>
    <p0826-teimww:contains>
      <p0826-teimww:lexia knoraType="link_value" linkType="ref" target="ww_a95fb51dea9168ae"/>
    </p0826-teimww:contains>
    <p0826-teimww:hasPage knoraType="richtext_value">N.p.; line 122 [normalized spelling].</p0826-teimww:hasPage>
    <p0826-teimww:hasPageHist knoraType="richtext_value">N.p.; line 122.</p0826-teimww:hasPageHist>
    <p0826-teimww:hasText knoraType="richtext_value">[...]&lt;span class="quote"&gt; From steep Pine-bearing mountains to the plain&lt;/span&gt; [...].</p0826-teimww:hasText>
    <p0826-teimww:hasTextHist knoraType="richtext_value">From steepe Pine-bearing mountains to the plaine</p0826-teimww:hasTextHist>
    <p0826-teimww:isMentionedIn>
      <p0826-teimww:passage knoraType="link_value" linkType="ref" target="ww_40fdab0686f7e2e6"/>
    </p0826-teimww:isMentionedIn>
    <p0826-teimww:occursIn>
      <p0826-teimww:book knoraType="link_value" linkType="ref" target="ww_2eb8f65559e88209"/>
    </p0826-teimww:occursIn>
    <p0826-teimww:wasContributedBy>
      <p0826-teimww:person knoraType="link_value" linkType="ref" target="ww_7f35f6802efd910d"/>
    </p0826-teimww:wasContributedBy>
  </p0826-teimww:passage>
  <p0826-teimww:passage id="ww_208c4f9727c1df62">
    <knoraXmlImport:label>passage</knoraXmlImport:label>
    <p0826-teimww:contains>
      <p0826-teimww:lexia knoraType="link_value" linkType="ref" target="ww_d19ea68f7dbc1df9"/>
    </p0826-teimww:contains>
    <p0826-teimww:hasPage knoraType="richtext_value">Act 1, scene 2, lines 273-284.</p0826-teimww:hasPage>
    <p0826-teimww:hasText knoraType="richtext_value">[Richard:] I do mistake my person all this while! &lt;br&gt;
Upon my life, she finds, although I cannot,&lt;br&gt;
Myself to be a marv'lous proper man. &lt;br&gt;
I'll be at charges for a looking glass &lt;br&gt;
And entertain a score or two of tailors &lt;br&gt;
To study fashions to adorn my body.&lt;br&gt;
Since I am crept in favor with myself, &lt;br&gt;
I will maintain it with some little cost. &lt;br&gt;
But first I'll turn yon fellow in his grave &lt;br&gt;
And then return lamenting to my love.&lt;br&gt;
&lt;span class="quote"&gt;Shine out, fair sun, till I have bought a glass, &lt;br&gt;
That I may see my shadow as I pass.&lt;/span&gt;</p0826-teimww:hasText>
    <p0826-teimww:isMentionedIn>
      <p0826-teimww:passage knoraType="link_value" linkType="ref" target="ww_5cbd981713f4c4cd"/>
    </p0826-teimww:isMentionedIn>
    <p0826-teimww:occursIn>
      <p0826-teimww:book knoraType="link_value" linkType="ref" target="ww_a70c78f7c2563c1d"/>
    </p0826-teimww:occursIn>
    <p0826-teimww:wasContributedBy>
      <p0826-teimww:person knoraType="link_value" linkType="ref" target="ww_c4063e9c72a3ffd2"/>
    </p0826-teimww:wasContributedBy>
  </p0826-teimww:passage>
  <p0826-teimww:passage id="ww_5cbd981713f4c4cd">
    <knoraXmlImport:label>passage</knoraXmlImport:label>
    <p0826-teimww:occursIn>
      <p0826-teimww:book knoraType="link_value" linkType="ref" target="ww_1140c36ab545b6d8"/>
    </p0826-teimww:occursIn>
  </p0826-teimww:passage>
  <p0826-teimww:passage id="ww_fd231e6f7b60e498">
    <knoraXmlImport:label>passage</knoraXmlImport:label>
    <p0826-teimww:contains>
      <p0826-teimww:lexia knoraType="link_value" linkType="ref" target="ww_7cdabd44d4489a37"/>
    </p0826-teimww:contains>
    <p0826-teimww:hasPage knoraType="richtext_value">Act 5, scene 3, lines 254-255.</p0826-teimww:hasPage>
    <p0826-teimww:hasText knoraType="richtext_value">[Richmond:] &lt;span class="quote"&gt;God, and our good cause, fight upon our side. &lt;br&gt;&lt;/span&gt;
The prayers of holy saints and wrongèd souls [...].</p0826-teimww:hasText>
    <p0826-teimww:isMentionedIn>
      <p0826-teimww:passage knoraType="link_value" linkType="ref" target="ww_09aa9895aaf6435b"/>
    </p0826-teimww:isMentionedIn>
    <p0826-teimww:occursIn>
      <p0826-teimww:book knoraType="link_value" linkType="ref" target="ww_a70c78f7c2563c1d"/>
    </p0826-teimww:occursIn>
    <p0826-teimww:wasContributedBy>
      <p0826-teimww:person knoraType="link_value" linkType="ref" target="ww_7f35f6802efd910d"/>
    </p0826-teimww:wasContributedBy>
  </p0826-teimww:passage>
  <p0826-teimww:passage id="ww_8a729b6cf5ae0a65">
    <knoraXmlImport:label>passage</knoraXmlImport:label>
    <p0826-teimww:contains>
      <p0826-teimww:lexia knoraType="link_value" linkType="ref" target="ww_ac4c54854794ec1e"/>
    </p0826-teimww:contains>
    <p0826-teimww:hasPage knoraType="richtext_value">Act 1, scene 2, line 1</p0826-teimww:hasPage>
    <p0826-teimww:hasText knoraType="richtext_value">[Anne:] &lt;span class="quote"&gt;Set down, set down your honorable load &lt;/span&gt;[...].</p0826-teimww:hasText>
    <p0826-teimww:isMentionedIn>
      <p0826-teimww:passage knoraType="link_value" linkType="ref" target="ww_ae5d4b8eed0db4c9"/>
    </p0826-teimww:isMentionedIn>
    <p0826-teimww:occursIn>
      <p0826-teimww:book knoraType="link_value" linkType="ref" target="ww_a70c78f7c2563c1d"/>
    </p0826-teimww:occursIn>
    <p0826-teimww:wasContributedBy>
      <p0826-teimww:person knoraType="link_value" linkType="ref" target="ww_7f35f6802efd910d"/>
    </p0826-teimww:wasContributedBy>
  </p0826-teimww:passage>
  <p0826-teimww:passage id="ww_ae5d4b8eed0db4c9">
    <knoraXmlImport:label>passage</knoraXmlImport:label>
    <p0826-teimww:occursIn>
      <p0826-teimww:book knoraType="link_value" linkType="ref" target="ww_5868d5560bdfc062"/>
    </p0826-teimww:occursIn>
  </p0826-teimww:passage>
  <p0826-teimww:passage id="ww_499a3dc928029360">
    <knoraXmlImport:label>passage</knoraXmlImport:label>
    <p0826-teimww:contains>
      <p0826-teimww:lexia knoraType="link_value" linkType="ref" target="ww_dfa350f65fc01161"/>
    </p0826-teimww:contains>
    <p0826-teimww:hasPage knoraType="richtext_value">Act 1, scene 2, lines 13-14.</p0826-teimww:hasPage>
    <p0826-teimww:hasText knoraType="richtext_value">[Anne:] Lo, in these windows that let forth thy life &lt;br&gt;
&lt;span class="quote"&gt;I pour the helpless balm of my poor eyes.&lt;/span&gt;</p0826-teimww:hasText>
    <p0826-teimww:isMentionedIn>
      <p0826-teimww:passage knoraType="link_value" linkType="ref" target="ww_cfface7b2bf84152"/>
    </p0826-teimww:isMentionedIn>
    <p0826-teimww:occursIn>
      <p0826-teimww:book knoraType="link_value" linkType="ref" target="ww_a70c78f7c2563c1d"/>
    </p0826-teimww:occursIn>
    <p0826-teimww:wasContributedBy>
      <p0826-teimww:person knoraType="link_value" linkType="ref" target="ww_c4063e9c72a3ffd2"/>
    </p0826-teimww:wasContributedBy>
  </p0826-teimww:passage>
  <p0826-teimww:passage id="ww_cfface7b2bf84152">
    <knoraXmlImport:label>passage</knoraXmlImport:label>
    <p0826-teimww:occursIn>
      <p0826-teimww:book knoraType="link_value" linkType="ref" target="ww_5868d5560bdfc062"/>
    </p0826-teimww:occursIn>
  </p0826-teimww:passage>
  <p0826-teimww:passage id="ww_2022e3ceb41ce35e">
    <knoraXmlImport:label>passage</knoraXmlImport:label>
    <p0826-teimww:contains>
      <p0826-teimww:lexia knoraType="link_value" linkType="ref" target="ww_2a48f5ba135993f9"/>
    </p0826-teimww:contains>
    <p0826-teimww:hasPage knoraType="richtext_value">Act 2, scene 3, lines 89-91.</p0826-teimww:hasPage>
    <p0826-teimww:hasText knoraType="richtext_value">[Bolingbroke:] &lt;I&gt;standing&lt;/I&gt; My gracious uncle -&lt;br&gt;
[York:] Tut, tut! &lt;br&gt;
&lt;span class="quote"&gt;Grace me no grace, nor uncle me no uncle&lt;/span&gt;.</p0826-teimww:hasText>
    <p0826-teimww:isMentionedIn>
      <p0826-teimww:passage knoraType="link_value" linkType="ref" target="ww_aaeaf33904d56dad"/>
    </p0826-teimww:isMentionedIn>
    <p0826-teimww:occursIn>
      <p0826-teimww:book knoraType="link_value" linkType="ref" target="ww_c8e25bef891b5536"/>
    </p0826-teimww:occursIn>
    <p0826-teimww:wasContributedBy>
      <p0826-teimww:person knoraType="link_value" linkType="ref" target="ww_c4063e9c72a3ffd2"/>
    </p0826-teimww:wasContributedBy>
  </p0826-teimww:passage>
  <p0826-teimww:passage id="ww_aaeaf33904d56dad">
    <knoraXmlImport:label>passage</knoraXmlImport:label>
    <p0826-teimww:occursIn>
      <p0826-teimww:book knoraType="link_value" linkType="ref" target="ww_5868d5560bdfc062"/>
    </p0826-teimww:occursIn>
  </p0826-teimww:passage>
  <p0826-teimww:passage id="ww_ae1604b6fb6ea28f">
    <knoraXmlImport:label>passage</knoraXmlImport:label>
    <p0826-teimww:contains>
      <p0826-teimww:lexia knoraType="link_value" linkType="ref" target="ww_ba1bcfbe6ede8496"/>
    </p0826-teimww:contains>
    <p0826-teimww:hasPage knoraType="richtext_value">Act 4, scene 1, lines 193-198.</p0826-teimww:hasPage>
    <p0826-teimww:hasText knoraType="richtext_value">[King Richard:] Now is this golden crown &lt;span class="quote"&gt;ike a deep well &lt;br&gt;
That owes two buckets, filling one another,&lt;br&gt;
The emptier ever dancing in the air,&lt;br&gt;
The other down, unseen, and full of water.&lt;/span&gt;&lt;br&gt;
That bucket down and full of tears am I,&lt;br&gt;
Drinking my griefs, whilst you mount up on high.</p0826-teimww:hasText>
    <p0826-teimww:occursIn>
      <p0826-teimww:book knoraType="link_value" linkType="ref" target="ww_c8e25bef891b5536"/>
    </p0826-teimww:occursIn>
    <p0826-teimww:wasContributedBy>
      <p0826-teimww:person knoraType="link_value" linkType="ref" target="ww_c4063e9c72a3ffd2"/>
    </p0826-teimww:wasContributedBy>
  </p0826-teimww:passage>
  <p0826-teimww:passage id="ww_b063f752c91ae7b3">
    <knoraXmlImport:label>passage</knoraXmlImport:label>
    <p0826-teimww:contains>
      <p0826-teimww:lexia knoraType="link_value" linkType="ref" target="ww_08de036758068822"/>
    </p0826-teimww:contains>
    <p0826-teimww:hasPage knoraType="richtext_value">Act 5, scene 4, lines 114-115.</p0826-teimww:hasPage>
    <p0826-teimww:hasText knoraType="richtext_value">[Richard:] [...] &lt;span class="quote"&gt;Mount, mount, my soul. &lt;/span&gt;Thy seat is up on high,&lt;br&gt;
Whilst my gross flesh sinks downward, here to die.</p0826-teimww:hasText>
    <p0826-teimww:isMentionedIn>
      <p0826-teimww:passage knoraType="link_value" linkType="ref" target="ww_8b70497d4331530a"/>
    </p0826-teimww:isMentionedIn>
    <p0826-teimww:occursIn>
      <p0826-teimww:book knoraType="link_value" linkType="ref" target="ww_c8e25bef891b5536"/>
    </p0826-teimww:occursIn>
    <p0826-teimww:wasContributedBy>
      <p0826-teimww:person knoraType="link_value" linkType="ref" target="ww_c4063e9c72a3ffd2"/>
    </p0826-teimww:wasContributedBy>
  </p0826-teimww:passage>
  <p0826-teimww:passage id="ww_8b70497d4331530a">
    <knoraXmlImport:label>passage</knoraXmlImport:label>
    <p0826-teimww:occursIn>
      <p0826-teimww:book knoraType="link_value" linkType="ref" target="ww_08a130e81db8a98f"/>
    </p0826-teimww:occursIn>
  </p0826-teimww:passage>
  <p0826-teimww:passage id="ww_1ad5305b0a6cbdf1">
    <knoraXmlImport:label>passage</knoraXmlImport:label>
    <p0826-teimww:contains>
      <p0826-teimww:lexia knoraType="link_value" linkType="ref" target="ww_eb47e9a10b46b7cc"/>
    </p0826-teimww:contains>
    <p0826-teimww:hasPage knoraType="richtext_value">Act 3, scene 2, lines 72-73.</p0826-teimww:hasPage>
    <p0826-teimww:hasText knoraType="richtext_value">[Proteus:] Say that &lt;span class="quote"&gt;upon the altar of her beauty &lt;br&gt;
You sacrifice your tears, &lt;/span&gt;your sighs, your heart.</p0826-teimww:hasText>
    <p0826-teimww:isMentionedIn>
      <p0826-teimww:passage knoraType="link_value" linkType="ref" target="ww_336eb5a874f84734"/>
    </p0826-teimww:isMentionedIn>
    <p0826-teimww:occursIn>
      <p0826-teimww:book knoraType="link_value" linkType="ref" target="ww_7c6dc2f52fef22bc"/>
    </p0826-teimww:occursIn>
    <p0826-teimww:wasContributedBy>
      <p0826-teimww:person knoraType="link_value" linkType="ref" target="ww_b604df587d93b768"/>
    </p0826-teimww:wasContributedBy>
  </p0826-teimww:passage>
  <p0826-teimww:passage id="ww_336eb5a874f84734">
    <knoraXmlImport:label>passage</knoraXmlImport:label>
    <p0826-teimww:occursIn>
      <p0826-teimww:book knoraType="link_value" linkType="ref" target="ww_5eeeb3e78e8b0bc3"/>
    </p0826-teimww:occursIn>
  </p0826-teimww:passage>
  <p0826-teimww:passage id="ww_ff8662715a196deb">
    <knoraXmlImport:label>passage</knoraXmlImport:label>
    <p0826-teimww:contains>
      <p0826-teimww:lexia knoraType="link_value" linkType="ref" target="ww_3201e32ed5706503"/>
    </p0826-teimww:contains>
    <p0826-teimww:hasPage knoraType="richtext_value">Lines 876-886.</p0826-teimww:hasPage>
    <p0826-teimww:hasText knoraType="richtext_value">O Opportunity [...] &lt;span class="quote"&gt;thou notorious bawd&lt;/span&gt;!</p0826-teimww:hasText>
    <p0826-teimww:isMentionedIn>
      <p0826-teimww:passage knoraType="link_value" linkType="ref" target="ww_cabee5ee00048ce2"/>
    </p0826-teimww:isMentionedIn>
    <p0826-teimww:isMentionedIn>
      <p0826-teimww:passage knoraType="link_value" linkType="ref" target="ww_0338ac5dff211b4b"/>
    </p0826-teimww:isMentionedIn>
    <p0826-teimww:occursIn>
      <p0826-teimww:book knoraType="link_value" linkType="ref" target="ww_0d665e488e8f55e8"/>
    </p0826-teimww:occursIn>
    <p0826-teimww:wasContributedBy>
      <p0826-teimww:person knoraType="link_value" linkType="ref" target="ww_c4063e9c72a3ffd2"/>
    </p0826-teimww:wasContributedBy>
  </p0826-teimww:passage>
  <p0826-teimww:passage id="ww_0338ac5dff211b4b">
    <knoraXmlImport:label>passage</knoraXmlImport:label>
    <p0826-teimww:occursIn>
      <p0826-teimww:book knoraType="link_value" linkType="ref" target="ww_1140c36ab545b6d8"/>
    </p0826-teimww:occursIn>
  </p0826-teimww:passage>
  <p0826-teimww:passage id="ww_cabee5ee00048ce2">
    <knoraXmlImport:label>passage</knoraXmlImport:label>
    <p0826-teimww:occursIn>
      <p0826-teimww:book knoraType="link_value" linkType="ref" target="ww_5868d5560bdfc062"/>
    </p0826-teimww:occursIn>
  </p0826-teimww:passage>
  <p0826-teimww:passage id="ww_df654391a2eb6a81">
    <knoraXmlImport:label>passage</knoraXmlImport:label>
    <p0826-teimww:contains>
      <p0826-teimww:lexia knoraType="link_value" linkType="ref" target="ww_0aac2f272f2334aa"/>
    </p0826-teimww:contains>
    <p0826-teimww:hasPage knoraType="richtext_value">Act 2, scene 1, lines 96-100.</p0826-teimww:hasPage>
    <p0826-teimww:hasText knoraType="richtext_value">[Valentine:] Madam and mistress, &lt;span class="quote"&gt;a thousand good-morrows.&lt;br&gt;&lt;/span&gt;
[Speed:] O, give ye good ev'n! Here's a million of manners. &lt;br&gt;[Sylvia:] Sir Valentine, and servant, to you two thousand.</p0826-teimww:hasText>
    <p0826-teimww:isMentionedIn>
      <p0826-teimww:passage knoraType="link_value" linkType="ref" target="ww_aa6cb29e8c7133d4"/>
    </p0826-teimww:isMentionedIn>
    <p0826-teimww:occursIn>
      <p0826-teimww:book knoraType="link_value" linkType="ref" target="ww_7c6dc2f52fef22bc"/>
    </p0826-teimww:occursIn>
    <p0826-teimww:wasContributedBy>
      <p0826-teimww:person knoraType="link_value" linkType="ref" target="ww_c4063e9c72a3ffd2"/>
    </p0826-teimww:wasContributedBy>
  </p0826-teimww:passage>
  <p0826-teimww:passage id="ww_aa6cb29e8c7133d4">
    <knoraXmlImport:label>passage</knoraXmlImport:label>
    <p0826-teimww:occursIn>
      <p0826-teimww:book knoraType="link_value" linkType="ref" target="ww_b5ea9b35c899d367"/>
    </p0826-teimww:occursIn>
  </p0826-teimww:passage>
  <p0826-teimww:passage id="ww_35d23cefe8345823">
    <knoraXmlImport:label>passage</knoraXmlImport:label>
    <p0826-teimww:contains>
      <p0826-teimww:lexia knoraType="link_value" linkType="ref" target="ww_ef9dc6b968b0ad60"/>
    </p0826-teimww:contains>
    <p0826-teimww:hasText knoraType="richtext_value">&lt;span class="quote"&gt;Lucrece&lt;/span&gt;</p0826-teimww:hasText>
    <p0826-teimww:occursIn>
      <p0826-teimww:book knoraType="link_value" linkType="ref" target="ww_0d665e488e8f55e8"/>
    </p0826-teimww:occursIn>
    <p0826-teimww:wasContributedBy>
      <p0826-teimww:person knoraType="link_value" linkType="ref" target="ww_c4063e9c72a3ffd2"/>
    </p0826-teimww:wasContributedBy>
  </p0826-teimww:passage>
  <p0826-teimww:passage id="ww_1e6a306a10f12352">
    <knoraXmlImport:label>passage</knoraXmlImport:label>
    <p0826-teimww:contains>
      <p0826-teimww:lexia knoraType="link_value" linkType="ref" target="ww_ef9dc6b968b0ad60"/>
    </p0826-teimww:contains>
    <p0826-teimww:contains>
      <p0826-teimww:lexia knoraType="link_value" linkType="ref" target="ww_8437b5aa2cc03d1c"/>
    </p0826-teimww:contains>
    <p0826-teimww:contains>
      <p0826-teimww:lexia knoraType="link_value" linkType="ref" target="ww_7c53fd29b4a01efd"/>
    </p0826-teimww:contains>
    <p0826-teimww:hasPage knoraType="richtext_value">N.p.; lines 7-12 [normalized spelling].</p0826-teimww:hasPage>
    <p0826-teimww:hasPageHist knoraType="richtext_value">N.p.; lines 7-12.</p0826-teimww:hasPageHist>
    <p0826-teimww:hasText knoraType="richtext_value">[...] Though Collatine have dearly bought,&lt;br&gt;
To high renown, a lasting life,&lt;br&gt;
To have a Fair and Constant wife,&lt;br&gt;
Yet Tarquin plucked his glistering grape,&lt;br&gt;
And &lt;span class="quote"&gt;&lt;i&gt;Shakespeare&lt;/i&gt;&lt;/span&gt;, paints poor &lt;span class="quote"&gt;&lt;I&gt;Lucrece's &lt;/i&gt;rape&lt;/span&gt;.</p0826-teimww:hasText>
    <p0826-teimww:hasTextHist knoraType="richtext_value">[...] Though Collatine have deerely bought,&lt;br&gt;
To high renowne, a lasting life,&lt;br&gt;
To have a Faire and Constant wife,&lt;br&gt;
Yet Tarquyne pluckt his glistering grape,&lt;br&gt;
And &lt;i&gt;Shake-speare&lt;/i&gt;, paints poore &lt;i&gt;Lucrece &lt;/i&gt;rape.</p0826-teimww:hasTextHist>
    <p0826-teimww:isMentionedIn>
      <p0826-teimww:passage knoraType="link_value" linkType="ref" target="ww_00c7ea0ba0ce0dc0"/>
    </p0826-teimww:isMentionedIn>
    <p0826-teimww:occursIn>
      <p0826-teimww:book knoraType="link_value" linkType="ref" target="ww_fe0b28179c821ce7"/>
    </p0826-teimww:occursIn>
    <p0826-teimww:wasContributedBy>
      <p0826-teimww:person knoraType="link_value" linkType="ref" target="ww_c4063e9c72a3ffd2"/>
    </p0826-teimww:wasContributedBy>
  </p0826-teimww:passage>
  <p0826-teimww:passage id="ww_00c7ea0ba0ce0dc0">
    <knoraXmlImport:label>passage</knoraXmlImport:label>
    <p0826-teimww:occursIn>
      <p0826-teimww:book knoraType="link_value" linkType="ref" target="ww_1140c36ab545b6d8"/>
    </p0826-teimww:occursIn>
  </p0826-teimww:passage>
  <p0826-teimww:passage id="ww_57418b7f549b24fd">
    <knoraXmlImport:label>passage</knoraXmlImport:label>
    <p0826-teimww:contains>
      <p0826-teimww:lexia knoraType="link_value" linkType="ref" target="ww_49aa023ccd98b945"/>
    </p0826-teimww:contains>
    <p0826-teimww:hasPage knoraType="richtext_value">1:16, section "The Authour to the Reader" [normalized spelling].</p0826-teimww:hasPage>
    <p0826-teimww:hasPageHist knoraType="richtext_value">1:16, section "The Authour to the Reader".</p0826-teimww:hasPageHist>
    <p0826-teimww:hasText knoraType="richtext_value">&lt;span class="quote"&gt;O sacred eyes! The springs of loving light,&lt;br&gt;&lt;/span&gt;
The earthly heavens where angels joy to dwell.</p0826-teimww:hasText>
    <p0826-teimww:hasTextHist knoraType="richtext_value">&lt;span class="quote"&gt;O sacred eyes! The springs of loving light,&lt;br&gt;&lt;/span&gt;
The earthly heavens where angels ioy to dwell.</p0826-teimww:hasTextHist>
    <p0826-teimww:isMentionedIn>
      <p0826-teimww:passage knoraType="link_value" linkType="ref" target="ww_5a80ba9ab194141c"/>
    </p0826-teimww:isMentionedIn>
    <p0826-teimww:occursIn>
      <p0826-teimww:book knoraType="link_value" linkType="ref" target="ww_bafc06a3c141cb25"/>
    </p0826-teimww:occursIn>
    <p0826-teimww:wasContributedBy>
      <p0826-teimww:person knoraType="link_value" linkType="ref" target="ww_c4063e9c72a3ffd2"/>
    </p0826-teimww:wasContributedBy>
  </p0826-teimww:passage>
  <p0826-teimww:passage id="ww_5a80ba9ab194141c">
    <knoraXmlImport:label>passage</knoraXmlImport:label>
    <p0826-teimww:occursIn>
      <p0826-teimww:book knoraType="link_value" linkType="ref" target="ww_1140c36ab545b6d8"/>
    </p0826-teimww:occursIn>
  </p0826-teimww:passage>
  <p0826-teimww:passage id="ww_6803881fad61f488">
    <knoraXmlImport:label>passage</knoraXmlImport:label>
    <p0826-teimww:contains>
      <p0826-teimww:lexia knoraType="link_value" linkType="ref" target="ww_d281909132aea951"/>
    </p0826-teimww:contains>
    <p0826-teimww:hasPage knoraType="richtext_value">Act 1, scene 1, lines 146-151.</p0826-teimww:hasPage>
    <p0826-teimww:hasText knoraType="richtext_value">[Lysander:] [...] Swift as a shadow, short as any dream, &lt;br&gt;
&lt;span class="quote"&gt;Brief as the lightning in the collied night,&lt;br&gt;
That, in a spleen, unfolds both heaven and Earth,&lt;/span&gt;&lt;br&gt;
And, ere a man hath power to say "Behold!"&lt;br&gt;
The jaws of darkness do devour it up.&lt;br&gt;
So quick bright things come to confusion.</p0826-teimww:hasText>
    <p0826-teimww:isMentionedIn>
      <p0826-teimww:passage knoraType="link_value" linkType="ref" target="ww_fa154b84be700251"/>
    </p0826-teimww:isMentionedIn>
    <p0826-teimww:occursIn>
      <p0826-teimww:book knoraType="link_value" linkType="ref" target="ww_1e4f95f951f2169f"/>
    </p0826-teimww:occursIn>
    <p0826-teimww:wasContributedBy>
      <p0826-teimww:person knoraType="link_value" linkType="ref" target="ww_c4063e9c72a3ffd2"/>
    </p0826-teimww:wasContributedBy>
  </p0826-teimww:passage>
  <p0826-teimww:passage id="ww_bc3c3435ec0acf07">
    <knoraXmlImport:label>passage</knoraXmlImport:label>
    <p0826-teimww:contains>
      <p0826-teimww:lexia knoraType="link_value" linkType="ref" target="ww_5c503be567768984"/>
    </p0826-teimww:contains>
    <p0826-teimww:hasPage knoraType="richtext_value">Act 3, scene 2, lines 158-159.</p0826-teimww:hasPage>
    <p0826-teimww:hasText knoraType="richtext_value">[King Richard:] [...] And &lt;span class="quote"&gt;that small model of the barren earth &lt;br&gt;&lt;/span&gt;
Which serves as paste and cover to our bones.</p0826-teimww:hasText>
    <p0826-teimww:isMentionedIn>
      <p0826-teimww:passage knoraType="link_value" linkType="ref" target="ww_6c0f44e10c4158ea"/>
    </p0826-teimww:isMentionedIn>
    <p0826-teimww:occursIn>
      <p0826-teimww:book knoraType="link_value" linkType="ref" target="ww_c8e25bef891b5536"/>
    </p0826-teimww:occursIn>
    <p0826-teimww:wasContributedBy>
      <p0826-teimww:person knoraType="link_value" linkType="ref" target="ww_b604df587d93b768"/>
    </p0826-teimww:wasContributedBy>
  </p0826-teimww:passage>
  <p0826-teimww:passage id="ww_6c0f44e10c4158ea">
    <knoraXmlImport:label>passage</knoraXmlImport:label>
    <p0826-teimww:occursIn>
      <p0826-teimww:book knoraType="link_value" linkType="ref" target="ww_5eeeb3e78e8b0bc3"/>
    </p0826-teimww:occursIn>
  </p0826-teimww:passage>
  <p0826-teimww:passage id="ww_6ac0a6f2c692051b">
    <knoraXmlImport:label>passage</knoraXmlImport:label>
    <p0826-teimww:contains>
      <p0826-teimww:lexia knoraType="link_value" linkType="ref" target="ww_7cdabd44d4489a37"/>
    </p0826-teimww:contains>
    <p0826-teimww:hasPage knoraType="richtext_value">Act 3, scene 2, lines 61-63.</p0826-teimww:hasPage>
    <p0826-teimww:hasText knoraType="richtext_value">[King Richard:] [...] &lt;span class="quote"&gt;God for His Richard hath in heavenly pay&lt;br&gt;
A glorious angel. Then, if angels fight, &lt;br&gt;&lt;/span&gt;
Weak men must fall, for heaven still guards the right. </p0826-teimww:hasText>
    <p0826-teimww:isMentionedIn>
      <p0826-teimww:passage knoraType="link_value" linkType="ref" target="ww_09aa9895aaf6435b"/>
    </p0826-teimww:isMentionedIn>
    <p0826-teimww:occursIn>
      <p0826-teimww:book knoraType="link_value" linkType="ref" target="ww_c8e25bef891b5536"/>
    </p0826-teimww:occursIn>
    <p0826-teimww:wasContributedBy>
      <p0826-teimww:person knoraType="link_value" linkType="ref" target="ww_7f35f6802efd910d"/>
    </p0826-teimww:wasContributedBy>
  </p0826-teimww:passage>
  <p0826-teimww:passage id="ww_bda90b1ca905d36b">
    <knoraXmlImport:label>passage</knoraXmlImport:label>
    <p0826-teimww:contains>
      <p0826-teimww:lexia knoraType="link_value" linkType="ref" target="ww_25100f5c67481967"/>
    </p0826-teimww:contains>
    <p0826-teimww:hasText knoraType="richtext_value">&lt;span class="quote"&gt;Oberon &lt;/span&gt;[King of the Fairies]</p0826-teimww:hasText>
    <p0826-teimww:isMentionedIn>
      <p0826-teimww:passage knoraType="link_value" linkType="ref" target="ww_7d9ce7ba9d460fcb"/>
    </p0826-teimww:isMentionedIn>
    <p0826-teimww:occursIn>
      <p0826-teimww:book knoraType="link_value" linkType="ref" target="ww_1e4f95f951f2169f"/>
    </p0826-teimww:occursIn>
    <p0826-teimww:wasContributedBy>
      <p0826-teimww:person knoraType="link_value" linkType="ref" target="ww_c4063e9c72a3ffd2"/>
    </p0826-teimww:wasContributedBy>
  </p0826-teimww:passage>
  <p0826-teimww:passage id="ww_4516ae547cbfe3a7">
    <knoraXmlImport:label>passage</knoraXmlImport:label>
    <p0826-teimww:contains>
      <p0826-teimww:lexia knoraType="link_value" linkType="ref" target="ww_b3375f1be69835a2"/>
    </p0826-teimww:contains>
    <p0826-teimww:hasPage knoraType="richtext_value">Act 1, scene 1, lines 27-28.</p0826-teimww:hasPage>
    <p0826-teimww:hasText knoraType="richtext_value">[Longaville:]&lt;span class="quote"&gt; Fat paunches &lt;/span&gt;have lean pates, and dainty bits&lt;br&gt; 
Make rich the ribs but bankrout quite the wits.</p0826-teimww:hasText>
    <p0826-teimww:isMentionedIn>
      <p0826-teimww:passage knoraType="link_value" linkType="ref" target="ww_3c22c9cc67b2934a"/>
    </p0826-teimww:isMentionedIn>
    <p0826-teimww:occursIn>
      <p0826-teimww:book knoraType="link_value" linkType="ref" target="ww_a8c8f9a292e6c950"/>
    </p0826-teimww:occursIn>
    <p0826-teimww:wasContributedBy>
      <p0826-teimww:person knoraType="link_value" linkType="ref" target="ww_c4063e9c72a3ffd2"/>
    </p0826-teimww:wasContributedBy>
  </p0826-teimww:passage>
  <p0826-teimww:passage id="ww_3c22c9cc67b2934a">
    <knoraXmlImport:label>passage</knoraXmlImport:label>
    <p0826-teimww:occursIn>
      <p0826-teimww:book knoraType="link_value" linkType="ref" target="ww_1140c36ab545b6d8"/>
    </p0826-teimww:occursIn>
  </p0826-teimww:passage>
  <p0826-teimww:passage id="ww_180165f860a4f167">
    <knoraXmlImport:label>passage</knoraXmlImport:label>
    <p0826-teimww:contains>
      <p0826-teimww:lexia knoraType="link_value" linkType="ref" target="ww_6c736dad182e86cc"/>
    </p0826-teimww:contains>
    <p0826-teimww:hasPage knoraType="richtext_value">Act 5, scene 2, line 3.</p0826-teimww:hasPage>
    <p0826-teimww:hasText knoraType="richtext_value">[Princess:] &lt;span class="quote"&gt;A lady walled about with diamonds!&lt;/span&gt;</p0826-teimww:hasText>
    <p0826-teimww:isMentionedIn>
      <p0826-teimww:passage knoraType="link_value" linkType="ref" target="ww_e9352ece91ef56e9"/>
    </p0826-teimww:isMentionedIn>
    <p0826-teimww:occursIn>
      <p0826-teimww:book knoraType="link_value" linkType="ref" target="ww_a8c8f9a292e6c950"/>
    </p0826-teimww:occursIn>
    <p0826-teimww:wasContributedBy>
      <p0826-teimww:person knoraType="link_value" linkType="ref" target="ww_7f35f6802efd910d"/>
    </p0826-teimww:wasContributedBy>
  </p0826-teimww:passage>
  <p0826-teimww:passage id="ww_e9352ece91ef56e9">
    <knoraXmlImport:label>passage</knoraXmlImport:label>
    <p0826-teimww:occursIn>
      <p0826-teimww:book knoraType="link_value" linkType="ref" target="ww_4e091746c9370e38"/>
    </p0826-teimww:occursIn>
  </p0826-teimww:passage>
  <p0826-teimww:passage id="ww_a9e8a6057e7ecd38">
    <knoraXmlImport:label>passage</knoraXmlImport:label>
    <p0826-teimww:contains>
      <p0826-teimww:lexia knoraType="link_value" linkType="ref" target="ww_fac48d34ecbed3b4"/>
    </p0826-teimww:contains>
    <p0826-teimww:contains>
      <p0826-teimww:lexia knoraType="link_value" linkType="ref" target="ww_9b1c7ebc432e856e"/>
    </p0826-teimww:contains>
    <p0826-teimww:hasPage knoraType="richtext_value">Act 5, scene 2, line 578-579.</p0826-teimww:hasPage>
    <p0826-teimww:hasText knoraType="richtext_value">[Berowne:] Greater than "Great"! &lt;span class="quote"&gt;Great, great, great Pompey. Pompey the Huge!&lt;/span&gt;</p0826-teimww:hasText>
    <p0826-teimww:isMentionedIn>
      <p0826-teimww:passage knoraType="link_value" linkType="ref" target="ww_eaf2afa779aa3d90"/>
    </p0826-teimww:isMentionedIn>
    <p0826-teimww:occursIn>
      <p0826-teimww:book knoraType="link_value" linkType="ref" target="ww_a8c8f9a292e6c950"/>
    </p0826-teimww:occursIn>
    <p0826-teimww:wasContributedBy>
      <p0826-teimww:person knoraType="link_value" linkType="ref" target="ww_b604df587d93b768"/>
    </p0826-teimww:wasContributedBy>
  </p0826-teimww:passage>
  <p0826-teimww:passage id="ww_eaf2afa779aa3d90">
    <knoraXmlImport:label>passage</knoraXmlImport:label>
    <p0826-teimww:occursIn>
      <p0826-teimww:book knoraType="link_value" linkType="ref" target="ww_1140c36ab545b6d8"/>
    </p0826-teimww:occursIn>
  </p0826-teimww:passage>
  <p0826-teimww:passage id="ww_90c4ec9109627a79">
    <knoraXmlImport:label>passage</knoraXmlImport:label>
    <p0826-teimww:contains>
      <p0826-teimww:lexia knoraType="link_value" linkType="ref" target="ww_fb980c2bef492c31"/>
    </p0826-teimww:contains>
    <p0826-teimww:hasPage knoraType="richtext_value">Act 4, scene 1, lines 204-208.</p0826-teimww:hasPage>
    <p0826-teimww:hasText knoraType="richtext_value">[Portia:] [...] &lt;span class="quote"&gt;Though justice be thy plea, consider this: &lt;br&gt;
That in the course of justice none of us &lt;br&gt;
Should see salvation. We do pray for mercy, &lt;br&gt;
And that same prayer doth teach us all to render &lt;br&gt;
The deeds of mercy.&lt;/span&gt;</p0826-teimww:hasText>
    <p0826-teimww:isMentionedIn>
      <p0826-teimww:passage knoraType="link_value" linkType="ref" target="ww_ff7881ef1ad6679f"/>
    </p0826-teimww:isMentionedIn>
    <p0826-teimww:occursIn>
      <p0826-teimww:book knoraType="link_value" linkType="ref" target="ww_aa90313aec1ff25e"/>
    </p0826-teimww:occursIn>
    <p0826-teimww:wasContributedBy>
      <p0826-teimww:person knoraType="link_value" linkType="ref" target="ww_b604df587d93b768"/>
    </p0826-teimww:wasContributedBy>
  </p0826-teimww:passage>
  <p0826-teimww:passage id="ww_ff7881ef1ad6679f">
    <knoraXmlImport:label>passage</knoraXmlImport:label>
    <p0826-teimww:occursIn>
      <p0826-teimww:book knoraType="link_value" linkType="ref" target="ww_5eeeb3e78e8b0bc3"/>
    </p0826-teimww:occursIn>
  </p0826-teimww:passage>
  <p0826-teimww:passage id="ww_625462645e6a3221">
    <knoraXmlImport:label>passage</knoraXmlImport:label>
    <p0826-teimww:contains>
      <p0826-teimww:lexia knoraType="link_value" linkType="ref" target="ww_486c0f015ab1f044"/>
    </p0826-teimww:contains>
    <p0826-teimww:hasPage knoraType="richtext_value">113 [spelling normalized].</p0826-teimww:hasPage>
    <p0826-teimww:hasPageHist knoraType="richtext_value">113.</p0826-teimww:hasPageHist>
    <p0826-teimww:hasText knoraType="richtext_value">Yea, Madam Gabriela, are you such an old jerker? then Hey ding a ding, up with your petticoat, &lt;span class="quote"&gt;have at your plum-tree.&lt;/span&gt;</p0826-teimww:hasText>
    <p0826-teimww:hasTextHist knoraType="richtext_value">Yea, Madam Gabriela, are you such an old ierker? then Hey ding a ding, vp with your petticoate, haue at your plum-tree.</p0826-teimww:hasTextHist>
    <p0826-teimww:isMentionedIn>
      <p0826-teimww:passage knoraType="link_value" linkType="ref" target="ww_aff86f1641b59624"/>
    </p0826-teimww:isMentionedIn>
    <p0826-teimww:occursIn>
      <p0826-teimww:book knoraType="link_value" linkType="ref" target="ww_36210f298b9bbc6f"/>
    </p0826-teimww:occursIn>
    <p0826-teimww:wasContributedBy>
      <p0826-teimww:person knoraType="link_value" linkType="ref" target="ww_b604df587d93b768"/>
    </p0826-teimww:wasContributedBy>
  </p0826-teimww:passage>
  <p0826-teimww:passage id="ww_aff86f1641b59624">
    <knoraXmlImport:label>passage</knoraXmlImport:label>
    <p0826-teimww:occursIn>
      <p0826-teimww:book knoraType="link_value" linkType="ref" target="ww_5eeeb3e78e8b0bc3"/>
    </p0826-teimww:occursIn>
  </p0826-teimww:passage>
  <p0826-teimww:passage id="ww_4bc1729e33323c0f">
    <knoraXmlImport:label>passage</knoraXmlImport:label>
    <p0826-teimww:contains>
      <p0826-teimww:lexia knoraType="link_value" linkType="ref" target="ww_626cc13ba3e87208"/>
    </p0826-teimww:contains>
    <p0826-teimww:hasPage knoraType="richtext_value">8-10 [normalised spelling].</p0826-teimww:hasPage>
    <p0826-teimww:hasPageHist knoraType="richtext_value">8-10.</p0826-teimww:hasPageHist>
    <p0826-teimww:hasText knoraType="richtext_value">&lt;span class="quote"&gt;About the walls of the chamber in curious imagery were the seven sages of Greece, set forth with their several virtues, eloquently discovered in Arabic verses&lt;/span&gt;: The bed appointed for the prince to rest himself, was of black Ebony enchased which Rubies, Diamonds and Carbuncles, made inform of an arch, on which by degrees mans state from infancy to his old age was plainly depictured, and on the testere of the bed the whole contents of the same most sagely desciphered in these verses. &lt;br&gt;&lt;br&gt;
Humanae Miseriae discursus.&lt;br&gt;
O whereof boasteth man, or by what reason&lt;br&gt;
Is filthy clay so much ambitious?&lt;br&gt;
Whose thoughts are vain, and alter every season&lt;br&gt;
Whose deeds are damned, base, and vitious,&lt;br&gt;
Who in his cradle by his childish crying&lt;br&gt;
Presages his mishaps and sorrows denying.&lt;br&gt;
An infant first from nurses tit he sucketh&lt;br&gt;
With nutriment corruption of his nature:&lt;br&gt;
And from the root of endless error plucketh&lt;br&gt;
That taste of sin that waits on every creature,&lt;br&gt;
And as his sinews firm his sin increaseth,&lt;br&gt;
And but till death his sorrow never ceaseth.&lt;br&gt;
In riper years when youthly courage raineth,&lt;br&gt;
A winters blast of fortunes lowring changes,&lt;br&gt;
A flattering hope wherein no trust remaineth,&lt;br&gt;
A fleeting love his forward joy estranges:&lt;br&gt;
Achieve he wealth, with wasteful wo he bought it,&lt;br&gt;
Let substance fail, he grieves, and yet he sought it.&lt;br&gt;
In staled years when as he seeks the gleaning&lt;br&gt;
Of those his times in studious Arts bestowed,&lt;br&gt;
In sum, he oft misconstrueth wise-mens meanings,&lt;br&gt;
Soiling the spring from whence his science flowed,&lt;br&gt;
In all he gains by perfect judgement gained,&lt;br&gt;
A hate of life that hath so long remained.&lt;br&gt;
From height of throne to abject wretchedness,&lt;br&gt;
From wondrous skill to servile ignorance:&lt;br&gt;
From court to cart, from rich to recklessness,&lt;br&gt;
The joys of life have no continuance:&lt;br&gt;
The king, the caitiff wretch, the lay, the learned.&lt;br&gt;
Their crowns, woes, wants, &amp; wits with grief have earned.&lt;br&gt;
The Judgement seat hath brawls, honour is hated,&lt;br&gt;
The soldiers life is daily thrall to danger,&lt;br&gt;
The merchants bag by tempests is abated,&lt;br&gt;
His stock still serves for prey to every stranger,&lt;br&gt;
The scholar with his knowledge learns repent,&lt;br&gt;
Thus each estate in life hath discontent.&lt;br&gt;
And in these trades and choice estates of living,&lt;br&gt;
Youth steals on manly state, and it on age,&lt;br&gt;
And age with weakned limbs, and mind misgiving,&lt;br&gt;
With trembling tongue repenteth youthly rage,&lt;br&gt;
And ere he full hath learned his life to govern,&lt;br&gt;
He dies, and dying doth to dust return.&lt;br&gt;
His greatest good is, to report the trouble&lt;br&gt;
Which he in prime of youth hath overpassed.&lt;br&gt;
How for his grains of good he reapt but stubble,&lt;br&gt;
How lost by love, by follies hew disgraced,&lt;br&gt;
Which whilst he counts, his son perhaps attendeth,&lt;br&gt;
And yet his days in self like follies endeth.&lt;br&gt;
Thus mortal life on sodaine vanisheth.&lt;br&gt;
All like a dream, or as the shadow fleeteth,&lt;br&gt;
When sun his beam from substance banisheth,&lt;br&gt;
Or like the snow at once that dries and sleeteth.&lt;br&gt;
Or as the rainebow which by her condition&lt;br&gt;
Lives by the Sun's reflect and opposition.&lt;br&gt;
Thus life in name is but a death in being,&lt;br&gt;
A burden to the soul by earth entangled:&lt;br&gt;
Then put thou off that vail that lets thy seeing,&lt;br&gt;
O wretched man with many torments mangled,&lt;br&gt;
Since neither child, nor youth, nor staid, nor aged,&lt;br&gt;
The storms of wretched life may be asswaged.&lt;br&gt;
And with the Egyptian midst thy delicates&lt;br&gt;
Present the shape of death in every member,&lt;br&gt;
To make thee know the name of all estates:&lt;br&gt;
And midst thy pomp thy nying grave remember,&lt;br&gt;
Which if thou dost, thy pride shall be repressed&lt;br&gt;
Since none before he dies is perfect blessed.</p0826-teimww:hasText>
    <p0826-teimww:hasTextHist knoraType="richtext_value">About the walles of the chamber in curious imagerie were the seuen sages of Greece, set forth with their seueral vertues, eloquently discouered in Arabicke verses: The bed appointed for the prince to rest himselfe, was of blacke Ebonie enchased which Rubies, Diamons and Carbunls, made inform of an arch, on which by degrees mans state from infancie to his olde age was plainly depictured, and on the testerne of the bed the whole contents of the same most sagelie desciphered in these verses. &lt;br&gt;&lt;br&gt;
Humanae Miseriae discursus.&lt;br&gt;
O whereof boasteth man, or by what reason&lt;br&gt;
Is filthy clay so much ambitious?&lt;br&gt;
Whose thoughts are vaine, and alter euery season▪&lt;br&gt;
Whose deedes are damned, base, and vitious,&lt;br&gt;
Who in his cradle by his childish crying&lt;br&gt;
Presageth his mishaps and sorrowes nying.&lt;br&gt;
An infant first from nurces teat he sucketh&lt;br&gt;
With nutriment corruption of his nature:&lt;br&gt;
And from the roote of endlesse errour plucketh&lt;br&gt;
That taste of sinne that waites on euery creature,&lt;br&gt;
And as his sinewes firme his sinne increaseth,&lt;br&gt;
And but till death his sorrow neuer ceaseth.&lt;br&gt;
In riper yeares when youthly courage raineth,&lt;br&gt;
A winters blast of fortunes lowring changes,&lt;br&gt;
A flattering hope wherein no trust remaineth,&lt;br&gt;
A fleeting loue his forward ioy estranges:&lt;br&gt;
Atchiue he wealth, with wastefull wo he bought it,&lt;br&gt;
Let substance faile, he grieues, and yet he sought it.&lt;br&gt;
In staied yeares when as he seekes the gleaning&lt;br&gt;
Of those his times in studious Artes bestowed,&lt;br&gt;
In summe, he oft misconstrueth wise-mens meanings,&lt;br&gt;
Soiling the spring from whence his science flowed,&lt;br&gt;
In all he gaines by perfect iudgement gained,&lt;br&gt;
A hate of life that hath so long remained.&lt;br&gt;
From height of throne to abiect wretchednesse,&lt;br&gt;
From woonderous skill to seruile ignorance:&lt;br&gt;
From court to cart, from rich to rechlesnesse,&lt;br&gt;
The ioyes of life haue no continuance:&lt;br&gt;
The king, the caitife wretch, the lay, the learned.&lt;br&gt;
Their crowns, woes, wants, &amp; wits with griefe haue erned.&lt;br&gt;
The Iudgement seate hath brawles, honour is hated,&lt;br&gt;
The souldiers life is dayly thrall to danger,&lt;br&gt;
The marchants bag by tempests is abated,&lt;br&gt;
His stocke still serues for prey to euery stranger,&lt;br&gt;
The scholler with his knowledge learnes repent,&lt;br&gt;
Thus each estate in life hath discontent.&lt;br&gt;
And in these trades and choice estates of liuing,&lt;br&gt;
Youth steales on manly state, and it on age,&lt;br&gt;
And age with weakned limmes, and mind misgiuing,&lt;br&gt;
With trembling tongue repenteth youthly rage,&lt;br&gt;
And ere he full hath learnd his life to gouerne,&lt;br&gt;
He dies, and dying doth to dust returne.&lt;br&gt;
His greatest good is, to report the trouble&lt;br&gt;
Which he in prime of youth hath ouerpassed.&lt;br&gt;
How for his graines of good he reapt but stubble,&lt;br&gt;
How lost by loue, by follies hew disgraced,&lt;br&gt;
Which whilst he counts, his sonne perhaps attendeth,&lt;br&gt;
And yet his dayes in selfe like follies endeth.&lt;br&gt;
Thus mortall life on sodaine vanisheth.&lt;br&gt;
All like a dreame, or as the shadow fleeteth,&lt;br&gt;
When sunne his beame from substance banisheth,&lt;br&gt;
Or like the snow at once that dries and sleeteth.&lt;br&gt;
Or as the rainebow which by her condition&lt;br&gt;
Liues by the Sunnes reflect and opposition.&lt;br&gt;
Thus life in name is but a death in beeing,&lt;br&gt;
A burthen to the soule by earth intangled:&lt;br&gt;
Then put thou off that vaile that lets thy seeing,&lt;br&gt;
O wretched man with many torments mangled,&lt;br&gt;
Since neither childe, nor youth, nor staid, nor aged,&lt;br&gt;
The stormes of wretched life may be asswaged.&lt;br&gt;
And with the Egyptian midst thy delicates&lt;br&gt;
Present the shape of death in euery member,&lt;br&gt;
To make thee know the name of all estates:&lt;br&gt;
And midst thy pompe thy nying graue remember,&lt;br&gt;
Which if thou dost, thy pride shall be repressed▪&lt;br&gt;
Since none before he dies is perfect blessed.</p0826-teimww:hasTextHist>
    <p0826-teimww:isMentionedIn>
      <p0826-teimww:passage knoraType="link_value" linkType="ref" target="ww_bf016d6958a17abf"/>
    </p0826-teimww:isMentionedIn>
    <p0826-teimww:occursIn>
      <p0826-teimww:book knoraType="link_value" linkType="ref" target="ww_8cd00151071e8080"/>
    </p0826-teimww:occursIn>
    <p0826-teimww:wasContributedBy>
      <p0826-teimww:person knoraType="link_value" linkType="ref" target="ww_c4063e9c72a3ffd2"/>
    </p0826-teimww:wasContributedBy>
  </p0826-teimww:passage>
  <p0826-teimww:passage id="ww_bf016d6958a17abf">
    <knoraXmlImport:label>passage</knoraXmlImport:label>
    <p0826-teimww:occursIn>
      <p0826-teimww:book knoraType="link_value" linkType="ref" target="ww_dad475a43f1ff2eb"/>
    </p0826-teimww:occursIn>
  </p0826-teimww:passage>
  <p0826-teimww:passage id="ww_183113b64fcaa623">
    <knoraXmlImport:label>passage</knoraXmlImport:label>
    <p0826-teimww:contains>
      <p0826-teimww:lexia knoraType="link_value" linkType="ref" target="ww_cb2777c72c0cd23d"/>
    </p0826-teimww:contains>
    <p0826-teimww:hasPage knoraType="richtext_value">Act 4, scene 1, lines 100-101 and 168.</p0826-teimww:hasPage>
    <p0826-teimww:hasText knoraType="richtext_value">[Shylock:] &lt;span class="quote"&gt;The pound of flesh which I demand of him&lt;br&gt;
Is dearly bought;&lt;br&gt;&lt;br&gt;
(Enter Portia for Balthazar, as a doctor of laws, with Attendants).</p0826-teimww:hasText>
    <p0826-teimww:isMentionedIn>
      <p0826-teimww:passage knoraType="link_value" linkType="ref" target="ww_dc54f98cf391de7f"/>
    </p0826-teimww:isMentionedIn>
    <p0826-teimww:occursIn>
      <p0826-teimww:book knoraType="link_value" linkType="ref" target="ww_aa90313aec1ff25e"/>
    </p0826-teimww:occursIn>
    <p0826-teimww:wasContributedBy>
      <p0826-teimww:person knoraType="link_value" linkType="ref" target="ww_c4063e9c72a3ffd2"/>
    </p0826-teimww:wasContributedBy>
  </p0826-teimww:passage>
  <p0826-teimww:passage id="ww_dc54f98cf391de7f">
    <knoraXmlImport:label>passage</knoraXmlImport:label>
    <p0826-teimww:occursIn>
      <p0826-teimww:book knoraType="link_value" linkType="ref" target="ww_9ec767d44e3a36f8"/>
    </p0826-teimww:occursIn>
  </p0826-teimww:passage>
  <p0826-teimww:passage id="ww_e18a59e7b7a79f87">
    <knoraXmlImport:label>passage</knoraXmlImport:label>
    <p0826-teimww:contains>
      <p0826-teimww:lexia knoraType="link_value" linkType="ref" target="ww_49aa023ccd98b945"/>
    </p0826-teimww:contains>
    <p0826-teimww:hasPage knoraType="richtext_value">Act 4, scene 3, lines 340-348.</p0826-teimww:hasPage>
    <p0826-teimww:hasText knoraType="richtext_value">[Berowne:] Never durst poet touch a pen to write &lt;br&gt;
Until his ink were tempered with love’s sighs. &lt;br&gt;
O, then his lines would ravish savage ears&lt;br&gt;
And plant in tyrants mild humility. &lt;br&gt;
From &lt;span class="quote"&gt;women’s eyes this doctrine I derive&lt;/span&gt;. &lt;br&gt;
They sparkle still the right Promethean fire. &lt;br&gt;
They are the books, the arts, the academes &lt;br&gt;
That show, contain, and nourish all the world. </p0826-teimww:hasText>
    <p0826-teimww:isMentionedIn>
      <p0826-teimww:passage knoraType="link_value" linkType="ref" target="ww_4b37152aeb59f738"/>
    </p0826-teimww:isMentionedIn>
    <p0826-teimww:occursIn>
      <p0826-teimww:book knoraType="link_value" linkType="ref" target="ww_a8c8f9a292e6c950"/>
    </p0826-teimww:occursIn>
    <p0826-teimww:wasContributedBy>
      <p0826-teimww:person knoraType="link_value" linkType="ref" target="ww_c4063e9c72a3ffd2"/>
    </p0826-teimww:wasContributedBy>
  </p0826-teimww:passage>
  <p0826-teimww:passage id="ww_4b37152aeb59f738">
    <knoraXmlImport:label>passage</knoraXmlImport:label>
    <p0826-teimww:occursIn>
      <p0826-teimww:book knoraType="link_value" linkType="ref" target="ww_1140c36ab545b6d8"/>
    </p0826-teimww:occursIn>
  </p0826-teimww:passage>
  <p0826-teimww:passage id="ww_9f21b308c922ccff">
    <knoraXmlImport:label>passage</knoraXmlImport:label>
    <p0826-teimww:contains>
      <p0826-teimww:lexia knoraType="link_value" linkType="ref" target="ww_2ad3edfad3fc4d0c"/>
    </p0826-teimww:contains>
    <p0826-teimww:hasPage knoraType="richtext_value">Act 4, scene 2, lines 144-153.</p0826-teimww:hasPage>
    <p0826-teimww:hasText knoraType="richtext_value">[Holofernes:] You find not the apostrophus, and so miss the accent. Let me supervise the canzonet. [He takes the paper.] Here are only numbers ratified, but, for the elegancy, facility, and golden cadence of poesy - caret. &lt;span class="quote"&gt;Ovidius Naso was the man. And why indeed "Naso," but for smelling out the odoriferous flowers of fancy, the jerks of invention? &lt;/span&gt;Imitari is nothing: so doth the hound his master, the ape his keeper, the tired horse his rider. - But damosella virgin, was this directed to you?</p0826-teimww:hasText>
    <p0826-teimww:occursIn>
      <p0826-teimww:book knoraType="link_value" linkType="ref" target="ww_a8c8f9a292e6c950"/>
    </p0826-teimww:occursIn>
    <p0826-teimww:wasContributedBy>
      <p0826-teimww:person knoraType="link_value" linkType="ref" target="ww_c4063e9c72a3ffd2"/>
    </p0826-teimww:wasContributedBy>
  </p0826-teimww:passage>
  <p0826-teimww:passage id="ww_a6bd01f44a20d743">
    <knoraXmlImport:label>passage</knoraXmlImport:label>
    <p0826-teimww:contains>
      <p0826-teimww:lexia knoraType="link_value" linkType="ref" target="ww_d5f578663a215ca1"/>
    </p0826-teimww:contains>
    <p0826-teimww:hasPage knoraType="richtext_value">Act 5, scene 3, lines 73-75.</p0826-teimww:hasPage>
    <p0826-teimww:hasText knoraType="richtext_value">[Silence:] &lt;span class="quote"&gt;&lt;i&gt; sings &lt;/i&gt; &lt;br&gt;
Do me right, &lt;br&gt;
And dub me knight, &lt;br&gt;
Samingo.&lt;/span&gt;</p0826-teimww:hasText>
    <p0826-teimww:isMentionedIn>
      <p0826-teimww:passage knoraType="link_value" linkType="ref" target="ww_f08e3bdd1bef25ba"/>
    </p0826-teimww:isMentionedIn>
    <p0826-teimww:occursIn>
      <p0826-teimww:book knoraType="link_value" linkType="ref" target="ww_663bc260dc952b96"/>
    </p0826-teimww:occursIn>
    <p0826-teimww:wasContributedBy>
      <p0826-teimww:person knoraType="link_value" linkType="ref" target="ww_7f35f6802efd910d"/>
    </p0826-teimww:wasContributedBy>
  </p0826-teimww:passage>
  <p0826-teimww:passage id="ww_f08e3bdd1bef25ba">
    <knoraXmlImport:label>passage</knoraXmlImport:label>
    <p0826-teimww:occursIn>
      <p0826-teimww:book knoraType="link_value" linkType="ref" target="ww_0f0f2ccb24fa3b96"/>
    </p0826-teimww:occursIn>
  </p0826-teimww:passage>
  <p0826-teimww:passage id="ww_5a1acb78f90e1108">
    <knoraXmlImport:label>passage</knoraXmlImport:label>
    <p0826-teimww:contains>
      <p0826-teimww:lexia knoraType="link_value" linkType="ref" target="ww_89a977a4500a1050"/>
    </p0826-teimww:contains>
    <p0826-teimww:hasPage knoraType="richtext_value">Act 2, Scene 4, lines 200-205.</p0826-teimww:hasPage>
    <p0826-teimww:hasText knoraType="richtext_value">[Falstaff:] Nay, that's past praying for. I have peppered two of them. Two I am sure I have paid, two rogues in buckram suits. I tell thee what, Hal, if I tell thee a lie, spit in my face, call me horse. Thou knowest my old ward. Here I lay, and thus I bore my point. &lt;span class="quote"&gt;Four rogues in buckram let drive at me.&lt;/span&lt;</p0826-teimww:hasText>
    <p0826-teimww:isMentionedIn>
      <p0826-teimww:passage knoraType="link_value" linkType="ref" target="ww_428bb0dc636f5181"/>
    </p0826-teimww:isMentionedIn>
    <p0826-teimww:isMentionedIn>
      <p0826-teimww:passage knoraType="link_value" linkType="ref" target="ww_a98e7355b2db9a51"/>
    </p0826-teimww:isMentionedIn>
    <p0826-teimww:occursIn>
      <p0826-teimww:book knoraType="link_value" linkType="ref" target="ww_56f51ee20f36f654"/>
    </p0826-teimww:occursIn>
    <p0826-teimww:wasContributedBy>
      <p0826-teimww:person knoraType="link_value" linkType="ref" target="ww_c4063e9c72a3ffd2"/>
    </p0826-teimww:wasContributedBy>
  </p0826-teimww:passage>
  <p0826-teimww:passage id="ww_428bb0dc636f5181">
    <knoraXmlImport:label>passage</knoraXmlImport:label>
    <p0826-teimww:occursIn>
      <p0826-teimww:book knoraType="link_value" linkType="ref" target="ww_1140c36ab545b6d8"/>
    </p0826-teimww:occursIn>
  </p0826-teimww:passage>
  <p0826-teimww:passage id="ww_a98e7355b2db9a51">
    <knoraXmlImport:label>passage</knoraXmlImport:label>
    <p0826-teimww:occursIn>
      <p0826-teimww:book knoraType="link_value" linkType="ref" target="ww_aee75c33920a3b79"/>
    </p0826-teimww:occursIn>
  </p0826-teimww:passage>
  <p0826-teimww:passage id="ww_aaa832d4b3940389">
    <knoraXmlImport:label>passage</knoraXmlImport:label>
    <p0826-teimww:contains>
      <p0826-teimww:lexia knoraType="link_value" linkType="ref" target="ww_3f9c292bd2b1470b"/>
    </p0826-teimww:contains>
    <p0826-teimww:contains>
      <p0826-teimww:lexia knoraType="link_value" linkType="ref" target="ww_7ab698472668e58e"/>
    </p0826-teimww:contains>
    <p0826-teimww:hasPage knoraType="richtext_value">Act 2, scene 4, line 165-168.</p0826-teimww:hasPage>
    <p0826-teimww:hasText knoraType="richtext_value">[Pistol:] [...] Shall pack-horses and &lt;span class="quote"&gt;hollow pampered jades of Asia &lt;/span&gt;[...] compare with Caesars and with cannibals and Troyan Greeks? Nay, rather damn them with King Cerberus, and &lt;span class="quote"&gt;let the welkin roar. &lt;/span&gt;Shall we fall foul for toys?</p0826-teimww:hasText>
    <p0826-teimww:isMentionedIn>
      <p0826-teimww:passage knoraType="link_value" linkType="ref" target="ww_454b8e064c24fbbe"/>
    </p0826-teimww:isMentionedIn>
    <p0826-teimww:occursIn>
      <p0826-teimww:book knoraType="link_value" linkType="ref" target="ww_663bc260dc952b96"/>
    </p0826-teimww:occursIn>
    <p0826-teimww:wasContributedBy>
      <p0826-teimww:person knoraType="link_value" linkType="ref" target="ww_c4063e9c72a3ffd2"/>
    </p0826-teimww:wasContributedBy>
  </p0826-teimww:passage>
  <p0826-teimww:passage id="ww_454b8e064c24fbbe">
    <knoraXmlImport:label>passage</knoraXmlImport:label>
    <p0826-teimww:occursIn>
      <p0826-teimww:book knoraType="link_value" linkType="ref" target="ww_1140c36ab545b6d8"/>
    </p0826-teimww:occursIn>
  </p0826-teimww:passage>
  <p0826-teimww:passage id="ww_f03a24da4f51ac79">
    <knoraXmlImport:label>passage</knoraXmlImport:label>
    <p0826-teimww:contains>
      <p0826-teimww:lexia knoraType="link_value" linkType="ref" target="ww_3b27eb03da4628d2"/>
    </p0826-teimww:contains>
    <p0826-teimww:hasPage knoraType="richtext_value">Act 1, scene 3, lines 100-104.</p0826-teimww:hasPage>
    <p0826-teimww:hasText knoraType="richtext_value">[Hotspur:] When on the gentle Severn's sedgy bank &lt;br&gt;
&lt;span class="quote"&gt;In single opposition hand to hand&lt;/span&gt;&lt;br&gt;
He did confound the best part of an hour&lt;br&gt;
In changing hardiment with great Glendower. </p0826-teimww:hasText>
    <p0826-teimww:isMentionedIn>
      <p0826-teimww:passage knoraType="link_value" linkType="ref" target="ww_443d69a9f49646bb"/>
    </p0826-teimww:isMentionedIn>
    <p0826-teimww:occursIn>
      <p0826-teimww:book knoraType="link_value" linkType="ref" target="ww_56f51ee20f36f654"/>
    </p0826-teimww:occursIn>
    <p0826-teimww:wasContributedBy>
      <p0826-teimww:person knoraType="link_value" linkType="ref" target="ww_c4063e9c72a3ffd2"/>
    </p0826-teimww:wasContributedBy>
  </p0826-teimww:passage>
  <p0826-teimww:passage id="ww_443d69a9f49646bb">
    <knoraXmlImport:label>passage</knoraXmlImport:label>
    <p0826-teimww:occursIn>
      <p0826-teimww:book knoraType="link_value" linkType="ref" target="ww_1140c36ab545b6d8"/>
    </p0826-teimww:occursIn>
  </p0826-teimww:passage>
  <p0826-teimww:passage id="ww_15aa54d48e9e5ca0">
    <knoraXmlImport:label>passage</knoraXmlImport:label>
    <p0826-teimww:contains>
      <p0826-teimww:lexia knoraType="link_value" linkType="ref" target="ww_4c64336cbb097d4e"/>
    </p0826-teimww:contains>
    <p0826-teimww:hasPage knoraType="richtext_value">Act 1, scene 4, lines 153-156.</p0826-teimww:hasPage>
    <p0826-teimww:hasText knoraType="richtext_value">[Fenton:] Yes, marry, have I. What of that? &lt;br&gt;
[Mistress Quickly:] &lt;span class="quote"&gt;Well, thereby hangs a tale. &lt;/span&gt;Good faith, it is such another Nan! But, I detest, an honest maid as ever broke bread.</p0826-teimww:hasText>
    <p0826-teimww:isMentionedIn>
      <p0826-teimww:passage knoraType="link_value" linkType="ref" target="ww_ea1826952df05b51"/>
    </p0826-teimww:isMentionedIn>
    <p0826-teimww:occursIn>
      <p0826-teimww:book knoraType="link_value" linkType="ref" target="ww_5196ea0769532431"/>
    </p0826-teimww:occursIn>
    <p0826-teimww:wasContributedBy>
      <p0826-teimww:person knoraType="link_value" linkType="ref" target="ww_c4063e9c72a3ffd2"/>
    </p0826-teimww:wasContributedBy>
  </p0826-teimww:passage>
  <p0826-teimww:passage id="ww_ea1826952df05b51">
    <knoraXmlImport:label>passage</knoraXmlImport:label>
    <p0826-teimww:occursIn>
      <p0826-teimww:book knoraType="link_value" linkType="ref" target="ww_fb9509be352bd917"/>
    </p0826-teimww:occursIn>
  </p0826-teimww:passage>
  <p0826-teimww:passage id="ww_0d63a92a257d17de">
    <knoraXmlImport:label>passage</knoraXmlImport:label>
    <p0826-teimww:contains>
      <p0826-teimww:lexia knoraType="link_value" linkType="ref" target="ww_c8e0ed9baf3c57d8"/>
    </p0826-teimww:contains>
    <p0826-teimww:hasPage knoraType="richtext_value">Act 3, scene 1, lines 4-8.</p0826-teimww:hasPage>
    <p0826-teimww:hasText knoraType="richtext_value">[King:] [...] How many thousand of my poorest subjects &lt;br&gt;
Are at this hour asleep! &lt;span class="quote"&gt;O sleep, O gentle sleep, &lt;br&gt;
Nature's soft nurse, how have I frighted thee, &lt;br&gt;
That thou no more wilt weigh my eyelids down&lt;/span&gt; &lt;br&gt;
And &lt;span class="quote"&gt;steep my senses in forgetfulness&lt;/span&gt;? </p0826-teimww:hasText>
    <p0826-teimww:isMentionedIn>
      <p0826-teimww:passage knoraType="link_value" linkType="ref" target="ww_44dbdbda57641392"/>
    </p0826-teimww:isMentionedIn>
    <p0826-teimww:isMentionedIn>
      <p0826-teimww:passage knoraType="link_value" linkType="ref" target="ww_d625dd6b57004a2b"/>
    </p0826-teimww:isMentionedIn>
    <p0826-teimww:occursIn>
      <p0826-teimww:book knoraType="link_value" linkType="ref" target="ww_663bc260dc952b96"/>
    </p0826-teimww:occursIn>
    <p0826-teimww:wasContributedBy>
      <p0826-teimww:person knoraType="link_value" linkType="ref" target="ww_c4063e9c72a3ffd2"/>
    </p0826-teimww:wasContributedBy>
  </p0826-teimww:passage>
  <p0826-teimww:passage id="ww_d625dd6b57004a2b">
    <knoraXmlImport:label>passage</knoraXmlImport:label>
    <p0826-teimww:occursIn>
      <p0826-teimww:book knoraType="link_value" linkType="ref" target="ww_1c8a25fac02f85a7"/>
    </p0826-teimww:occursIn>
  </p0826-teimww:passage>
  <p0826-teimww:passage id="ww_44dbdbda57641392">
    <knoraXmlImport:label>passage</knoraXmlImport:label>
    <p0826-teimww:occursIn>
      <p0826-teimww:book knoraType="link_value" linkType="ref" target="ww_5af91280461707f1"/>
    </p0826-teimww:occursIn>
  </p0826-teimww:passage>
  <p0826-teimww:passage id="ww_5f6c8eb9839ed7e2">
    <knoraXmlImport:label>passage</knoraXmlImport:label>
    <p0826-teimww:contains>
      <p0826-teimww:lexia knoraType="link_value" linkType="ref" target="ww_c79c9bf9b882eeb5"/>
    </p0826-teimww:contains>
    <p0826-teimww:contains>
      <p0826-teimww:lexia knoraType="link_value" linkType="ref" target="ww_b7cbd36cf3fde4ba"/>
    </p0826-teimww:contains>
    <p0826-teimww:contains>
      <p0826-teimww:lexia knoraType="link_value" linkType="ref" target="ww_155a2664470edfde"/>
    </p0826-teimww:contains>
    <p0826-teimww:hasPage knoraType="richtext_value">Act 2, scene 4, lines 158-162 and line 175.</p0826-teimww:hasPage>
    <p0826-teimww:hasText knoraType="richtext_value">[Pistol:] I'll see see her damned first to &lt;span class="quote"&gt;Pluto's &lt;/span&gt;damnèd lake, by this hand, to th' infernal deep with &lt;span class="quote"&gt;Erebus and tortures vile also. Hold hook and line, say I. Down, down, dogs! Down, Fates! &lt;span class="quote"&gt;Have we not Hiren here?&lt;br&gt;&lt;br&gt;&lt;/span&gt;

[Pistol:] Die men like dogs! Give crowns like pins! &lt;span class="quote"&gt;Have we not Hiren here?&lt;/span&gt;</p0826-teimww:hasText>
    <p0826-teimww:isMentionedIn>
      <p0826-teimww:passage knoraType="link_value" linkType="ref" target="ww_d7ef9bd33bbd4738"/>
    </p0826-teimww:isMentionedIn>
    <p0826-teimww:occursIn>
      <p0826-teimww:book knoraType="link_value" linkType="ref" target="ww_663bc260dc952b96"/>
    </p0826-teimww:occursIn>
    <p0826-teimww:wasContributedBy>
      <p0826-teimww:person knoraType="link_value" linkType="ref" target="ww_c4063e9c72a3ffd2"/>
    </p0826-teimww:wasContributedBy>
  </p0826-teimww:passage>
  <p0826-teimww:passage id="ww_d7ef9bd33bbd4738">
    <knoraXmlImport:label>passage</knoraXmlImport:label>
    <p0826-teimww:occursIn>
      <p0826-teimww:book knoraType="link_value" linkType="ref" target="ww_1140c36ab545b6d8"/>
    </p0826-teimww:occursIn>
  </p0826-teimww:passage>
  <p0826-teimww:passage id="ww_c6a122bd9416c2af">
    <knoraXmlImport:label>passage</knoraXmlImport:label>
    <p0826-teimww:contains>
      <p0826-teimww:lexia knoraType="link_value" linkType="ref" target="ww_1a018b15b255e128"/>
    </p0826-teimww:contains>
    <p0826-teimww:hasPage knoraType="richtext_value">Act 2, scene 4, lines 4-5.</p0826-teimww:hasPage>
    <p0826-teimww:hasText knoraType="richtext_value">[Prince:] &lt;span class="quote"&gt;With three or four loggerheads amongst three or fourscore hogsheads.&lt;/span&gt;</p0826-teimww:hasText>
    <p0826-teimww:isMentionedIn>
      <p0826-teimww:passage knoraType="link_value" linkType="ref" target="ww_a1e3775f76c036f2"/>
    </p0826-teimww:isMentionedIn>
    <p0826-teimww:occursIn>
      <p0826-teimww:book knoraType="link_value" linkType="ref" target="ww_56f51ee20f36f654"/>
    </p0826-teimww:occursIn>
    <p0826-teimww:wasContributedBy>
      <p0826-teimww:person knoraType="link_value" linkType="ref" target="ww_b604df587d93b768"/>
    </p0826-teimww:wasContributedBy>
  </p0826-teimww:passage>
  <p0826-teimww:passage id="ww_a1e3775f76c036f2">
    <knoraXmlImport:label>passage</knoraXmlImport:label>
    <p0826-teimww:occursIn>
      <p0826-teimww:book knoraType="link_value" linkType="ref" target="ww_5eeeb3e78e8b0bc3"/>
    </p0826-teimww:occursIn>
  </p0826-teimww:passage>
  <p0826-teimww:passage id="ww_cb9456bc94735d4b">
    <knoraXmlImport:label>passage</knoraXmlImport:label>
    <p0826-teimww:contains>
      <p0826-teimww:lexia knoraType="link_value" linkType="ref" target="ww_eaaba828a4f13a1b"/>
    </p0826-teimww:contains>
    <p0826-teimww:hasPage knoraType="richtext_value">Act 2, scene 4, line 295.</p0826-teimww:hasPage>
    <p0826-teimww:hasText knoraType="richtext_value">[Falstaff:] Ah, &lt;span class="quote"&gt;no more of that, Hal, an thou lovest me.</p0826-teimww:hasText>
    <p0826-teimww:isMentionedIn>
      <p0826-teimww:passage knoraType="link_value" linkType="ref" target="ww_d71992e1b4dd2e0e"/>
    </p0826-teimww:isMentionedIn>
    <p0826-teimww:occursIn>
      <p0826-teimww:book knoraType="link_value" linkType="ref" target="ww_56f51ee20f36f654"/>
    </p0826-teimww:occursIn>
    <p0826-teimww:wasContributedBy>
      <p0826-teimww:person knoraType="link_value" linkType="ref" target="ww_c4063e9c72a3ffd2"/>
    </p0826-teimww:wasContributedBy>
  </p0826-teimww:passage>
  <p0826-teimww:passage id="ww_d71992e1b4dd2e0e">
    <knoraXmlImport:label>passage</knoraXmlImport:label>
    <p0826-teimww:occursIn>
      <p0826-teimww:book knoraType="link_value" linkType="ref" target="ww_1140c36ab545b6d8"/>
    </p0826-teimww:occursIn>
  </p0826-teimww:passage>
  <p0826-teimww:passage id="ww_87d6c8bc6f5abadd">
    <knoraXmlImport:label>passage</knoraXmlImport:label>
    <p0826-teimww:contains>
      <p0826-teimww:lexia knoraType="link_value" linkType="ref" target="ww_ae17d368ca672d79"/>
    </p0826-teimww:contains>
    <p0826-teimww:hasPage knoraType="richtext_value">Act 4, scene 2, lines 5-9.</p0826-teimww:hasPage>
    <p0826-teimww:hasText knoraType="richtext_value">[Falstaff:] &lt;span class="quote"&gt;Lay out, lay out. [...] Bid my lieutenant Peto &lt;/span&gt;meet me at town’s end.</p0826-teimww:hasText>
    <p0826-teimww:isMentionedIn>
      <p0826-teimww:passage knoraType="link_value" linkType="ref" target="ww_d71992e1b4dd2e0e"/>
    </p0826-teimww:isMentionedIn>
    <p0826-teimww:occursIn>
      <p0826-teimww:book knoraType="link_value" linkType="ref" target="ww_56f51ee20f36f654"/>
    </p0826-teimww:occursIn>
    <p0826-teimww:wasContributedBy>
      <p0826-teimww:person knoraType="link_value" linkType="ref" target="ww_c4063e9c72a3ffd2"/>
    </p0826-teimww:wasContributedBy>
  </p0826-teimww:passage>
  <p0826-teimww:passage id="ww_f1ee9664ca6ca145">
    <knoraXmlImport:label>passage</knoraXmlImport:label>
    <p0826-teimww:contains>
      <p0826-teimww:lexia knoraType="link_value" linkType="ref" target="ww_773ca6f917878248"/>
    </p0826-teimww:contains>
    <p0826-teimww:hasPage knoraType="richtext_value">Act 1, scene 3, lines 41-42.</p0826-teimww:hasPage>
    <p0826-teimww:hasText knoraType="richtext_value">[Hotspur:] [...] Who therewith angry, when it next came there, &lt;br&gt;
&lt;span class="quote"&gt;Took it in snuff; &lt;/span&gt;and still he smiled and talked.</p0826-teimww:hasText>
    <p0826-teimww:isMentionedIn>
      <p0826-teimww:passage knoraType="link_value" linkType="ref" target="ww_cb745f21fbdc9e51"/>
    </p0826-teimww:isMentionedIn>
    <p0826-teimww:occursIn>
      <p0826-teimww:book knoraType="link_value" linkType="ref" target="ww_56f51ee20f36f654"/>
    </p0826-teimww:occursIn>
    <p0826-teimww:wasContributedBy>
      <p0826-teimww:person knoraType="link_value" linkType="ref" target="ww_b604df587d93b768"/>
    </p0826-teimww:wasContributedBy>
  </p0826-teimww:passage>
  <p0826-teimww:passage id="ww_cb745f21fbdc9e51">
    <knoraXmlImport:label>passage</knoraXmlImport:label>
    <p0826-teimww:occursIn>
      <p0826-teimww:book knoraType="link_value" linkType="ref" target="ww_5eeeb3e78e8b0bc3"/>
    </p0826-teimww:occursIn>
  </p0826-teimww:passage>
  <p0826-teimww:passage id="ww_f054a9138f536c2c">
    <knoraXmlImport:label>passage</knoraXmlImport:label>
    <p0826-teimww:contains>
      <p0826-teimww:lexia knoraType="link_value" linkType="ref" target="ww_0e9d39c1ca936917"/>
    </p0826-teimww:contains>
    <p0826-teimww:hasPage knoraType="richtext_value">Act 1, scene 3, lines 29-34.</p0826-teimww:hasPage>
    <p0826-teimww:hasText knoraType="richtext_value">[Hotspur:] [...] I remember, when the fight was done,&lt;br&gt;
When I was dry with rage and extreme toil, &lt;br&gt;
Breathless and faint, leaning upon my sword,&lt;br&gt;
Came there a certain lord, neat and trimly dressed, &lt;br&gt;
Fresh as a bridegroom, and &lt;span class="quote"&gt;his chin new reaped &lt;br&gt;
Showed like a stubble land at harvest home.&lt;/span&gt;</p0826-teimww:hasText>
    <p0826-teimww:isMentionedIn>
      <p0826-teimww:passage knoraType="link_value" linkType="ref" target="ww_8ef57ac578c47a5d"/>
    </p0826-teimww:isMentionedIn>
    <p0826-teimww:isMentionedIn>
      <p0826-teimww:passage knoraType="link_value" linkType="ref" target="ww_90c13e9cbd4f331e"/>
    </p0826-teimww:isMentionedIn>
    <p0826-teimww:occursIn>
      <p0826-teimww:book knoraType="link_value" linkType="ref" target="ww_56f51ee20f36f654"/>
    </p0826-teimww:occursIn>
    <p0826-teimww:wasContributedBy>
      <p0826-teimww:person knoraType="link_value" linkType="ref" target="ww_b604df587d93b768"/>
    </p0826-teimww:wasContributedBy>
  </p0826-teimww:passage>
  <p0826-teimww:passage id="ww_8ef57ac578c47a5d">
    <knoraXmlImport:label>passage</knoraXmlImport:label>
    <p0826-teimww:occursIn>
      <p0826-teimww:book knoraType="link_value" linkType="ref" target="ww_9ec767d44e3a36f8"/>
    </p0826-teimww:occursIn>
  </p0826-teimww:passage>
  <p0826-teimww:passage id="ww_297b24b6e36ffa83">
    <knoraXmlImport:label>passage</knoraXmlImport:label>
    <p0826-teimww:contains>
      <p0826-teimww:lexia knoraType="link_value" linkType="ref" target="ww_2c39b35b4573d067"/>
    </p0826-teimww:contains>
    <p0826-teimww:hasPage knoraType="richtext_value">Act 1, scene 2, lines 118-127.</p0826-teimww:hasPage>
    <p0826-teimww:hasText knoraType="richtext_value">[Poins:] Good morrow, sweet Hal. - What says Monsieur Remorse? What says Sir John Sack-and-Sugar? Jack, how agrees the devil and thee about thy soul that thou soldest him on Good Friday last for a cup of Madeira and a cold capon’s leg?&lt;br&gt;
[Prince:] &lt;span class="quote"&gt;Sir John stands to his word. The devil shall have his bargain, for he was never yet a breaker of proverbs. He will give the devil his due.&lt;br&gt;&lt;/span&gt;
[Poins:] Then art thou damned for keeping thy word with the devil.</p0826-teimww:hasText>
    <p0826-teimww:isMentionedIn>
      <p0826-teimww:passage knoraType="link_value" linkType="ref" target="ww_2e398eca5af95798"/>
    </p0826-teimww:isMentionedIn>
    <p0826-teimww:occursIn>
      <p0826-teimww:book knoraType="link_value" linkType="ref" target="ww_56f51ee20f36f654"/>
    </p0826-teimww:occursIn>
    <p0826-teimww:wasContributedBy>
      <p0826-teimww:person knoraType="link_value" linkType="ref" target="ww_c4063e9c72a3ffd2"/>
    </p0826-teimww:wasContributedBy>
  </p0826-teimww:passage>
  <p0826-teimww:passage id="ww_2e398eca5af95798">
    <knoraXmlImport:label>passage</knoraXmlImport:label>
    <p0826-teimww:occursIn>
      <p0826-teimww:book knoraType="link_value" linkType="ref" target="ww_9ec767d44e3a36f8"/>
    </p0826-teimww:occursIn>
  </p0826-teimww:passage>
  <p0826-teimww:passage id="ww_7c2223155eb5d291">
    <knoraXmlImport:label>passage</knoraXmlImport:label>
    <p0826-teimww:contains>
      <p0826-teimww:lexia knoraType="link_value" linkType="ref" target="ww_11ea619a3c73c4fe"/>
    </p0826-teimww:contains>
    <p0826-teimww:hasPage knoraType="richtext_value">Act 5, scene 1, lines 48-50.</p0826-teimww:hasPage>
    <p0826-teimww:hasText knoraType="richtext_value">[Davy:] [...] an I cannot once or twice in a quarter &lt;span class="quote"&gt;bear out a knave against an honest man,&lt;/span&gt; I have but a very little credit with your Worship.</p0826-teimww:hasText>
    <p0826-teimww:isMentionedIn>
      <p0826-teimww:passage knoraType="link_value" linkType="ref" target="ww_a7999a93513cff17"/>
    </p0826-teimww:isMentionedIn>
    <p0826-teimww:occursIn>
      <p0826-teimww:book knoraType="link_value" linkType="ref" target="ww_663bc260dc952b96"/>
    </p0826-teimww:occursIn>
    <p0826-teimww:wasContributedBy>
      <p0826-teimww:person knoraType="link_value" linkType="ref" target="ww_b604df587d93b768"/>
    </p0826-teimww:wasContributedBy>
  </p0826-teimww:passage>
  <p0826-teimww:passage id="ww_a7999a93513cff17">
    <knoraXmlImport:label>passage</knoraXmlImport:label>
    <p0826-teimww:occursIn>
      <p0826-teimww:book knoraType="link_value" linkType="ref" target="ww_5eeeb3e78e8b0bc3"/>
    </p0826-teimww:occursIn>
  </p0826-teimww:passage>
  <p0826-teimww:passage id="ww_731d0242dfeed90f">
    <knoraXmlImport:label>passage</knoraXmlImport:label>
    <p0826-teimww:contains>
      <p0826-teimww:lexia knoraType="link_value" linkType="ref" target="ww_e0cb988099a17143"/>
    </p0826-teimww:contains>
    <p0826-teimww:hasText knoraType="richtext_value">Disguise is the only element lacking in a blot-cluster appearing in Edmund Ironside. The linenumbers which follow are those of the Malone Society edition: blot (749), heaven(s) (785, 789), night (793), moon (786), eye (783), frost (744) for winter, sun (786), forsaken (755) and fickle (770) for (in)constancy, monarchs (777) for sovereign. It will be noted that the main body of this cluster is somewhat separated from -the keyword; </p0826-teimww:hasText>
    <p0826-teimww:isMentionedIn>
      <p0826-teimww:passage knoraType="link_value" linkType="ref" target="ww_4e896ee97b2f0f8c"/>
    </p0826-teimww:isMentionedIn>
    <p0826-teimww:occursIn>
      <p0826-teimww:book knoraType="link_value" linkType="ref" target="ww_7fe0f76f34784ff5"/>
    </p0826-teimww:occursIn>
    <p0826-teimww:wasContributedBy>
      <p0826-teimww:person knoraType="link_value" linkType="ref" target="ww_c4063e9c72a3ffd2"/>
    </p0826-teimww:wasContributedBy>
  </p0826-teimww:passage>
  <p0826-teimww:passage id="ww_4e896ee97b2f0f8c">
    <knoraXmlImport:label>passage</knoraXmlImport:label>
    <p0826-teimww:occursIn>
      <p0826-teimww:book knoraType="link_value" linkType="ref" target="ww_295f83922412b588"/>
    </p0826-teimww:occursIn>
  </p0826-teimww:passage>
  <p0826-teimww:passage id="ww_1719d59f7d3a3a3e">
    <knoraXmlImport:label>passage</knoraXmlImport:label>
    <p0826-teimww:contains>
      <p0826-teimww:lexia knoraType="link_value" linkType="ref" target="ww_23e99564a0ca693a"/>
    </p0826-teimww:contains>
    <p0826-teimww:hasPage knoraType="richtext_value">Act 2, scene 2, lines 46-47.</p0826-teimww:hasPage>
    <p0826-teimww:hasText knoraType="richtext_value">[Falstaff:] &lt;span class="quote"&gt;Hang thyself in thine own heir-apparent garters!&lt;/span&gt;</p0826-teimww:hasText>
    <p0826-teimww:isMentionedIn>
      <p0826-teimww:passage knoraType="link_value" linkType="ref" target="ww_68d514d05ba8f06a"/>
    </p0826-teimww:isMentionedIn>
    <p0826-teimww:occursIn>
      <p0826-teimww:book knoraType="link_value" linkType="ref" target="ww_56f51ee20f36f654"/>
    </p0826-teimww:occursIn>
    <p0826-teimww:wasContributedBy>
      <p0826-teimww:person knoraType="link_value" linkType="ref" target="ww_b604df587d93b768"/>
    </p0826-teimww:wasContributedBy>
  </p0826-teimww:passage>
  <p0826-teimww:passage id="ww_68d514d05ba8f06a">
    <knoraXmlImport:label>passage</knoraXmlImport:label>
    <p0826-teimww:occursIn>
      <p0826-teimww:book knoraType="link_value" linkType="ref" target="ww_5eeeb3e78e8b0bc3"/>
    </p0826-teimww:occursIn>
  </p0826-teimww:passage>
  <p0826-teimww:passage id="ww_b323dfdc1b08e334">
    <knoraXmlImport:label>passage</knoraXmlImport:label>
    <p0826-teimww:contains>
      <p0826-teimww:lexia knoraType="link_value" linkType="ref" target="ww_8afebffe1beec76e"/>
    </p0826-teimww:contains>
    <p0826-teimww:hasPage knoraType="richtext_value">Act 1, scene 3, lines 206-207.</p0826-teimww:hasPage>
    <p0826-teimww:hasText knoraType="richtext_value">[Hotspur:] By heaven, methinks it were an easy leap &lt;br&gt;
&lt;span class="quote"&gt;To pluck bright honor from the pale-faced moon&lt;/span&gt; [...].</p0826-teimww:hasText>
    <p0826-teimww:isMentionedIn>
      <p0826-teimww:passage knoraType="link_value" linkType="ref" target="ww_77cf746341f8e83c"/>
    </p0826-teimww:isMentionedIn>
    <p0826-teimww:isMentionedIn>
      <p0826-teimww:passage knoraType="link_value" linkType="ref" target="ww_0e4f711789519528"/>
    </p0826-teimww:isMentionedIn>
    <p0826-teimww:occursIn>
      <p0826-teimww:book knoraType="link_value" linkType="ref" target="ww_56f51ee20f36f654"/>
    </p0826-teimww:occursIn>
    <p0826-teimww:wasContributedBy>
      <p0826-teimww:person knoraType="link_value" linkType="ref" target="ww_c4063e9c72a3ffd2"/>
    </p0826-teimww:wasContributedBy>
  </p0826-teimww:passage>
  <p0826-teimww:passage id="ww_0e4f711789519528">
    <knoraXmlImport:label>passage</knoraXmlImport:label>
    <p0826-teimww:occursIn>
      <p0826-teimww:book knoraType="link_value" linkType="ref" target="ww_1140c36ab545b6d8"/>
    </p0826-teimww:occursIn>
  </p0826-teimww:passage>
  <p0826-teimww:passage id="ww_77cf746341f8e83c">
    <knoraXmlImport:label>passage</knoraXmlImport:label>
    <p0826-teimww:occursIn>
      <p0826-teimww:book knoraType="link_value" linkType="ref" target="ww_aee75c33920a3b79"/>
    </p0826-teimww:occursIn>
  </p0826-teimww:passage>
  <p0826-teimww:passage id="ww_8dcbf7f31493abc9">
    <knoraXmlImport:label>passage</knoraXmlImport:label>
    <p0826-teimww:contains>
      <p0826-teimww:lexia knoraType="link_value" linkType="ref" target="ww_3ea49ddf43cac746"/>
    </p0826-teimww:contains>
    <p0826-teimww:contains>
      <p0826-teimww:lexia knoraType="link_value" linkType="ref" target="ww_ec268703a85b18a4"/>
    </p0826-teimww:contains>
    <p0826-teimww:contains>
      <p0826-teimww:lexia knoraType="link_value" linkType="ref" target="ww_d993ea504366010b"/>
    </p0826-teimww:contains>
    <p0826-teimww:contains>
      <p0826-teimww:lexia knoraType="link_value" linkType="ref" target="ww_8437b5aa2cc03d1c"/>
    </p0826-teimww:contains>
    <p0826-teimww:hasPage knoraType="richtext_value">29-30 [normalized spelling].</p0826-teimww:hasPage>
    <p0826-teimww:hasPageHist knoraType="richtext_value">29-30; "Satire 1: Quedam videntur, et non sunt".</p0826-teimww:hasPageHist>
    <p0826-teimww:hasText knoraType="richtext_value">But oh! the &lt;span class="quote"&gt;absolute &lt;/span&gt;&lt;i&gt;Castilio &lt;/i&gt;[...]&lt;br&gt;
Tut, &lt;span class="quote"&gt;he is famous for his revelling&lt;/span&gt;,&lt;br&gt;
For fine set speeches, and for sonetting;&lt;br&gt;
He scorns the viol and the scraping stick,&lt;br&gt;
And yet's &lt;span class="quote"&gt;but Broker of another's wit.&lt;/span&gt;&lt;br&gt;
Certes if all things were well known and view'd&lt;br&gt;
He doth but champ that which another chew'd.&lt;br&gt;
Come come Castilion, skim thy &lt;span class="quote"&gt;posset curd,&lt;br&gt;&lt;/span&gt;
Show thy queer substance, worthless, most absurd.</p0826-teimww:hasText>
    <p0826-teimww:hasTextHist knoraType="richtext_value">Tut, he is famous for his reueling,&lt;br&gt;
For fine sette speeches, and for sonetting;&lt;br&gt;
He scornes the violl and the scraping sticke,&lt;br&gt;
And yet's &lt;span class="quote"&gt;but Broker of anothers wit.&lt;/span&gt;
Certes if all things were well knowne and view'd&lt;br&gt;
He doth but champe that which another chew'd.&lt;br&gt;
Come come Castilion, skim thy &lt;span class="quote"&gt;posset curd,&lt;br&gt;&lt;/span&gt;
Show thy queere substance, worthlesse, most obsurd.</p0826-teimww:hasTextHist>
    <p0826-teimww:isMentionedIn>
      <p0826-teimww:passage knoraType="link_value" linkType="ref" target="ww_37f2d544f73e168b"/>
    </p0826-teimww:isMentionedIn>
    <p0826-teimww:occursIn>
      <p0826-teimww:book knoraType="link_value" linkType="ref" target="ww_8bc9ee57cff30396"/>
    </p0826-teimww:occursIn>
    <p0826-teimww:wasContributedBy>
      <p0826-teimww:person knoraType="link_value" linkType="ref" target="ww_c4063e9c72a3ffd2"/>
    </p0826-teimww:wasContributedBy>
  </p0826-teimww:passage>
  <p0826-teimww:passage id="ww_37f2d544f73e168b">
    <knoraXmlImport:label>passage</knoraXmlImport:label>
    <p0826-teimww:occursIn>
      <p0826-teimww:book knoraType="link_value" linkType="ref" target="ww_1140c36ab545b6d8"/>
    </p0826-teimww:occursIn>
  </p0826-teimww:passage>
  <p0826-teimww:passage id="ww_ea762336846456e6">
    <knoraXmlImport:label>passage</knoraXmlImport:label>
    <p0826-teimww:contains>
      <p0826-teimww:lexia knoraType="link_value" linkType="ref" target="ww_ba45b900e14e5842"/>
    </p0826-teimww:contains>
    <p0826-teimww:hasPage knoraType="richtext_value">Act 2, scene 1, 76-78.</p0826-teimww:hasPage>
    <p0826-teimww:hasText knoraType="richtext_value">[Beatrice:] [...] and then comes repentance, and with his bad legs &lt;span class="quote"&gt;falls into the cinquepace faster and faster till he sink into his grave.&lt;/span&gt;</p0826-teimww:hasText>
    <p0826-teimww:isMentionedIn>
      <p0826-teimww:passage knoraType="link_value" linkType="ref" target="ww_7b35ab0bdb93e5b4"/>
    </p0826-teimww:isMentionedIn>
    <p0826-teimww:occursIn>
      <p0826-teimww:book knoraType="link_value" linkType="ref" target="ww_a8549c12c9507c4b"/>
    </p0826-teimww:occursIn>
    <p0826-teimww:wasContributedBy>
      <p0826-teimww:person knoraType="link_value" linkType="ref" target="ww_c4063e9c72a3ffd2"/>
    </p0826-teimww:wasContributedBy>
  </p0826-teimww:passage>
  <p0826-teimww:passage id="ww_7b35ab0bdb93e5b4">
    <knoraXmlImport:label>passage</knoraXmlImport:label>
    <p0826-teimww:occursIn>
      <p0826-teimww:book knoraType="link_value" linkType="ref" target="ww_5af91280461707f1"/>
    </p0826-teimww:occursIn>
  </p0826-teimww:passage>
  <p0826-teimww:passage id="ww_365dec37e5c90901">
    <knoraXmlImport:label>passage</knoraXmlImport:label>
    <p0826-teimww:contains>
      <p0826-teimww:lexia knoraType="link_value" linkType="ref" target="ww_ef9dc6b968b0ad60"/>
    </p0826-teimww:contains>
    <p0826-teimww:contains>
      <p0826-teimww:lexia knoraType="link_value" linkType="ref" target="ww_954e7cfacb029f5b"/>
    </p0826-teimww:contains>
    <p0826-teimww:contains>
      <p0826-teimww:lexia knoraType="link_value" linkType="ref" target="ww_7c53fd29b4a01efd"/>
    </p0826-teimww:contains>
    <p0826-teimww:hasPage knoraType="richtext_value">D2 recto; book 1, satire 3 "Redde, age, quae deinceps risisti" [normalized spelling].</p0826-teimww:hasPage>
    <p0826-teimww:hasPageHist knoraType="richtext_value">D2 recto; book 1, satire 3 "Redde, age, quae deinceps risisti".</p0826-teimww:hasPageHist>
    <p0826-teimww:hasText knoraType="richtext_value">Shall broking pandars suck Nobility?&lt;br&gt;
Soiling fair stems with foul impurity?&lt;br&gt;
Nay, shall a trencher slave extenuate,&lt;br&gt;
Some &lt;span class="quote"&gt;Lucrece's rape? &lt;/span&gt;and straight magnificate&lt;br&gt;
Lewd Jovian lust? Whilst my satiric vein&lt;br&gt;
Shall muzzled be, not daring out to strain&lt;br&gt;
His tearing paw? No gloomy &lt;span class="quote"&gt;Juvenal,&lt;br&gt;&lt;/span&gt;
Though to thy fortunes I disastrous fall.</p0826-teimww:hasText>
    <p0826-teimww:hasTextHist knoraType="richtext_value">Shall broking pandars sucke Nobilitie?&lt;br&gt;
Soyling fayre stems with foule impuritie?&lt;br&gt;
Nay, shall a trencher slaue extenuate,&lt;br&gt;
Some &lt;span class="quote"&gt;Lucrece rape? &lt;/span&gt;and straight magnificate&lt;br&gt;
Lewd Iouian lust? Whilst my satyrick vaine&lt;br&gt;
Shall muzled be, not daring out to straine&lt;br&gt;
His tearing paw? No gloomie Iuvenall,&lt;br&gt;
Though to thy fortunes I disastrous fall.</p0826-teimww:hasTextHist>
    <p0826-teimww:isMentionedIn>
      <p0826-teimww:passage knoraType="link_value" linkType="ref" target="ww_446dc39c2a4e65d7"/>
    </p0826-teimww:isMentionedIn>
    <p0826-teimww:occursIn>
      <p0826-teimww:book knoraType="link_value" linkType="ref" target="ww_32fdd8378826e2d8"/>
    </p0826-teimww:occursIn>
    <p0826-teimww:wasContributedBy>
      <p0826-teimww:person knoraType="link_value" linkType="ref" target="ww_c4063e9c72a3ffd2"/>
    </p0826-teimww:wasContributedBy>
  </p0826-teimww:passage>
  <p0826-teimww:passage id="ww_446dc39c2a4e65d7">
    <knoraXmlImport:label>passage</knoraXmlImport:label>
    <p0826-teimww:occursIn>
      <p0826-teimww:book knoraType="link_value" linkType="ref" target="ww_1140c36ab545b6d8"/>
    </p0826-teimww:occursIn>
  </p0826-teimww:passage>
  <p0826-teimww:passage id="ww_38b790db39d91938">
    <knoraXmlImport:label>passage</knoraXmlImport:label>
    <p0826-teimww:contains>
      <p0826-teimww:lexia knoraType="link_value" linkType="ref" target="ww_153def16bdb0bd7b"/>
    </p0826-teimww:contains>
    <p0826-teimww:contains>
      <p0826-teimww:lexia knoraType="link_value" linkType="ref" target="ww_8437b5aa2cc03d1c"/>
    </p0826-teimww:contains>
    <p0826-teimww:hasPage knoraType="richtext_value">H4 recto; book 3, satire 10 "Humours" [normalized spelling].</p0826-teimww:hasPage>
    <p0826-teimww:hasPageHist knoraType="richtext_value">H4 recto; book 3, satire 10 "Humours".</p0826-teimww:hasPageHist>
    <p0826-teimww:hasText knoraType="richtext_value">Luscus, what's played to day? faith now I know&lt;br&gt;
I set thy lips abroach, from whence doth flow&lt;br&gt;
Naught but pure &lt;span class="quote"&gt;&lt;i&gt;Juliet &lt;/i&gt;and &lt;i&gt;Romeo&lt;/i&gt;&lt;/span&gt;.&lt;br&gt;
Say, who acts best? Drusus or Roscio,&lt;br&gt;
&lt;span class="quote"&gt;Now I have him, that ne'er of ought did speak&lt;br&gt;
But when of plays or Players he did treat.&lt;br&gt;
H'ath made a common-place book out of plays,&lt;br&gt;
And speaks in print: […] speaks he not movingly,&lt;br&gt;
From out some new pathetic Tragedy?&lt;br&gt;
He writes, he rails, he jests, he courts what not,&lt;br&gt;
And all from out his huge long scraped stock&lt;br&gt;
Of well-penn'd plays.&lt;/span&gt;</p0826-teimww:hasText>
    <p0826-teimww:hasTextHist knoraType="richtext_value">Luscus, what's playd to day? faith now I know&lt;br&gt;
I set thy lips abroach, from whence doth flow&lt;br&gt;
Naught but &lt;span class="quote"&gt;pure Iuliat and Romio.&lt;/span&gt;&lt;br&gt;
Say, who acts best? Drusus or Roscio,&lt;br&gt;
Now I have him, that nere of ought did speake&lt;br&gt;
But when of playes or Plaiers he did treate.&lt;br&gt;
H'ath made a common-place booke out of plaies,&lt;br&gt;
And speakes in print: […] speakes he not movingly,&lt;br&gt;
From out some new pathetique Tragedy?&lt;br&gt;
He writes, he railes, he iests, he courts what not,&lt;br&gt;
And all from out his huge long scraped stock&lt;br&gt;
Of well-penn'd playes.</p0826-teimww:hasTextHist>
    <p0826-teimww:isMentionedIn>
      <p0826-teimww:passage knoraType="link_value" linkType="ref" target="ww_a2e4719e1289035d"/>
    </p0826-teimww:isMentionedIn>
    <p0826-teimww:isMentionedIn>
      <p0826-teimww:passage knoraType="link_value" linkType="ref" target="ww_24abe088c688d689"/>
    </p0826-teimww:isMentionedIn>
    <p0826-teimww:occursIn>
      <p0826-teimww:book knoraType="link_value" linkType="ref" target="ww_32fdd8378826e2d8"/>
    </p0826-teimww:occursIn>
    <p0826-teimww:wasContributedBy>
      <p0826-teimww:person knoraType="link_value" linkType="ref" target="ww_c4063e9c72a3ffd2"/>
    </p0826-teimww:wasContributedBy>
  </p0826-teimww:passage>
  <p0826-teimww:passage id="ww_24abe088c688d689">
    <knoraXmlImport:label>passage</knoraXmlImport:label>
    <p0826-teimww:occursIn>
      <p0826-teimww:book knoraType="link_value" linkType="ref" target="ww_0c5550692d30fd91"/>
    </p0826-teimww:occursIn>
  </p0826-teimww:passage>
  <p0826-teimww:passage id="ww_a2e4719e1289035d">
    <knoraXmlImport:label>passage</knoraXmlImport:label>
    <p0826-teimww:occursIn>
      <p0826-teimww:book knoraType="link_value" linkType="ref" target="ww_1140c36ab545b6d8"/>
    </p0826-teimww:occursIn>
  </p0826-teimww:passage>
  <p0826-teimww:passage id="ww_6e8086cc24dd7149">
    <knoraXmlImport:label>passage</knoraXmlImport:label>
    <p0826-teimww:contains>
      <p0826-teimww:lexia knoraType="link_value" linkType="ref" target="ww_7215f84b90e89578"/>
    </p0826-teimww:contains>
    <p0826-teimww:hasText knoraType="richtext_value">&lt;span class="quote"&gt;Borachio&lt;/span&gt;</p0826-teimww:hasText>
    <p0826-teimww:occursIn>
      <p0826-teimww:book knoraType="link_value" linkType="ref" target="ww_a8549c12c9507c4b"/>
    </p0826-teimww:occursIn>
    <p0826-teimww:occursIn>
      <p0826-teimww:book knoraType="link_value" linkType="ref" target="ww_2d0eea6c7b8afc36"/>
    </p0826-teimww:occursIn>
    <p0826-teimww:wasContributedBy>
      <p0826-teimww:person knoraType="link_value" linkType="ref" target="ww_c4063e9c72a3ffd2"/>
    </p0826-teimww:wasContributedBy>
  </p0826-teimww:passage>
  <p0826-teimww:passage id="ww_0bd5de223a077a2b">
    <knoraXmlImport:label>passage</knoraXmlImport:label>
    <p0826-teimww:contains>
      <p0826-teimww:lexia knoraType="link_value" linkType="ref" target="ww_bb1de93868c8d12e"/>
    </p0826-teimww:contains>
    <p0826-teimww:hasPage knoraType="richtext_value">Act 2, scene 1, lines 39-41.</p0826-teimww:hasPage>
    <p0826-teimww:hasText knoraType="richtext_value">[Beatrice:] [...]  Therefore I will [...] &lt;span class="quote"&gt;lead his apes into hell.&lt;/span&gt;</p0826-teimww:hasText>
    <p0826-teimww:isMentionedIn>
      <p0826-teimww:passage knoraType="link_value" linkType="ref" target="ww_59af352bd91cd8a1"/>
    </p0826-teimww:isMentionedIn>
    <p0826-teimww:isMentionedIn>
      <p0826-teimww:passage knoraType="link_value" linkType="ref" target="ww_bec3e31af822b9a4"/>
    </p0826-teimww:isMentionedIn>
    <p0826-teimww:occursIn>
      <p0826-teimww:book knoraType="link_value" linkType="ref" target="ww_a8549c12c9507c4b"/>
    </p0826-teimww:occursIn>
    <p0826-teimww:wasContributedBy>
      <p0826-teimww:person knoraType="link_value" linkType="ref" target="ww_c4063e9c72a3ffd2"/>
    </p0826-teimww:wasContributedBy>
  </p0826-teimww:passage>
  <p0826-teimww:passage id="ww_59af352bd91cd8a1">
    <knoraXmlImport:label>passage</knoraXmlImport:label>
    <p0826-teimww:occursIn>
      <p0826-teimww:book knoraType="link_value" linkType="ref" target="ww_c0bb45384c6abc1f"/>
    </p0826-teimww:occursIn>
  </p0826-teimww:passage>
  <p0826-teimww:passage id="ww_9bc994bdd88184ec">
    <knoraXmlImport:label>passage</knoraXmlImport:label>
    <p0826-teimww:contains>
      <p0826-teimww:lexia knoraType="link_value" linkType="ref" target="ww_85ce7c273cdcf7ab"/>
    </p0826-teimww:contains>
    <p0826-teimww:contains>
      <p0826-teimww:lexia knoraType="link_value" linkType="ref" target="ww_fc91fdaf4e8b7c04"/>
    </p0826-teimww:contains>
    <p0826-teimww:hasPage knoraType="richtext_value">book 3, satire 10 "Humours" [normalized spelling].</p0826-teimww:hasPage>
    <p0826-teimww:hasText knoraType="richtext_value">&lt;span class="quote"&gt;A hall, a hall, &lt;br&gt;
Room for the Spheres, &lt;/span&gt;the Orbs celestial &lt;br&gt;
Will dance &lt;i&gt; &lt;span class="quote"&gt;Kemp's Jig&lt;/i&gt;. &lt;/span&gt;They'll revel with neat jumps &lt;br&gt;
A worthy Poet hath put on their Pumps.</p0826-teimww:hasText>
    <p0826-teimww:hasTextHist knoraType="richtext_value">A hall, a hall, &lt;br&gt;
Roome for the Spheres, the Orbes celestiall &lt;br&gt;
Will daunce &lt;i&gt; Kemps Iigge&lt;/i&gt;. They'le revel with neate iumps &lt;br&gt;
A worthy Poet hath put on their Pumps.</p0826-teimww:hasTextHist>
    <p0826-teimww:isMentionedIn>
      <p0826-teimww:passage knoraType="link_value" linkType="ref" target="ww_a2e4719e1289035d"/>
    </p0826-teimww:isMentionedIn>
    <p0826-teimww:occursIn>
      <p0826-teimww:book knoraType="link_value" linkType="ref" target="ww_32fdd8378826e2d8"/>
    </p0826-teimww:occursIn>
    <p0826-teimww:wasContributedBy>
      <p0826-teimww:person knoraType="link_value" linkType="ref" target="ww_6202c1bb6957c9cc"/>
    </p0826-teimww:wasContributedBy>
  </p0826-teimww:passage>
  <p0826-teimww:passage id="ww_658598055059bf56">
    <knoraXmlImport:label>passage</knoraXmlImport:label>
    <p0826-teimww:contains>
      <p0826-teimww:lexia knoraType="link_value" linkType="ref" target="ww_2d2e13019f5b91c4"/>
    </p0826-teimww:contains>
    <p0826-teimww:contains>
      <p0826-teimww:lexia knoraType="link_value" linkType="ref" target="ww_98d717a82cc65490"/>
    </p0826-teimww:contains>
    <p0826-teimww:contains>
      <p0826-teimww:lexia knoraType="link_value" linkType="ref" target="ww_8437b5aa2cc03d1c"/>
    </p0826-teimww:contains>
    <p0826-teimww:hasPage knoraType="richtext_value">25; [normalized spelling].</p0826-teimww:hasPage>
    <p0826-teimww:hasPageHist knoraType="richtext_value">25; "The Authour in prayse of his precedent Poem".</p0826-teimww:hasPageHist>
    <p0826-teimww:hasText knoraType="richtext_value">So &lt;span class="quote"&gt;Labeo &lt;/span&gt;did complain his love was stone,&lt;br&gt;
&lt;span class="quote"&gt;Obdurate, flinty, so relentless none:&lt;br&gt;&lt;/span&gt;
Yet &lt;i&gt;Lynceus &lt;/i&gt;knows, that in the end of this,&lt;br&gt;
He wrought as strange a &lt;span class="quote"&gt;metamorphosis.&lt;/span&gt;</p0826-teimww:hasText>
    <p0826-teimww:hasTextHist knoraType="richtext_value">So &lt;span class="quote"&gt;Labeo &lt;/span&gt;did complaine his loue was stone,&lt;br&gt;
&lt;span class="quote"&gt;Obdurate, flinty, so relentlesse none:&lt;br&gt;&lt;/span&gt;
Yet&lt;i&gt; Lynceus &lt;/i&gt;knowes, that in the end of this,&lt;br&gt;
He wrought as strange a &lt;span class="quote"&gt;metamorphosis.&lt;/span&gt;</p0826-teimww:hasTextHist>
    <p0826-teimww:isMentionedIn>
      <p0826-teimww:passage knoraType="link_value" linkType="ref" target="ww_c698437a701f0321"/>
    </p0826-teimww:isMentionedIn>
    <p0826-teimww:isMentionedIn>
      <p0826-teimww:passage knoraType="link_value" linkType="ref" target="ww_dbbc6ee1aea46740"/>
    </p0826-teimww:isMentionedIn>
    <p0826-teimww:occursIn>
      <p0826-teimww:book knoraType="link_value" linkType="ref" target="ww_8bc9ee57cff30396"/>
    </p0826-teimww:occursIn>
    <p0826-teimww:wasContributedBy>
      <p0826-teimww:person knoraType="link_value" linkType="ref" target="ww_c4063e9c72a3ffd2"/>
    </p0826-teimww:wasContributedBy>
  </p0826-teimww:passage>
  <p0826-teimww:passage id="ww_dbbc6ee1aea46740">
    <knoraXmlImport:label>passage</knoraXmlImport:label>
    <p0826-teimww:occursIn>
      <p0826-teimww:book knoraType="link_value" linkType="ref" target="ww_c0bb45384c6abc1f"/>
    </p0826-teimww:occursIn>
  </p0826-teimww:passage>
  <p0826-teimww:passage id="ww_6ad52ad314a311d3">
    <knoraXmlImport:label>passage</knoraXmlImport:label>
    <p0826-teimww:contains>
      <p0826-teimww:lexia knoraType="link_value" linkType="ref" target="ww_d5f578663a215ca1"/>
    </p0826-teimww:contains>
    <p0826-teimww:hasPage knoraType="richtext_value">55; act 5 [normalized spelling]</p0826-teimww:hasPage>
    <p0826-teimww:hasText knoraType="richtext_value">[Balurdo (sings):] &lt;span class="quote"&gt;Do me right, &lt;br&gt;
And dub me knight, &lt;br&gt;&lt;/span&gt;
Balurdo.</p0826-teimww:hasText>
    <p0826-teimww:isMentionedIn>
      <p0826-teimww:passage knoraType="link_value" linkType="ref" target="ww_f08e3bdd1bef25ba"/>
    </p0826-teimww:isMentionedIn>
    <p0826-teimww:occursIn>
      <p0826-teimww:book knoraType="link_value" linkType="ref" target="ww_a466e78302462627"/>
    </p0826-teimww:occursIn>
    <p0826-teimww:wasContributedBy>
      <p0826-teimww:person knoraType="link_value" linkType="ref" target="ww_7f35f6802efd910d"/>
    </p0826-teimww:wasContributedBy>
  </p0826-teimww:passage>
  <p0826-teimww:passage id="ww_df0829925b7d17b1">
    <knoraXmlImport:label>passage</knoraXmlImport:label>
    <p0826-teimww:contains>
      <p0826-teimww:lexia knoraType="link_value" linkType="ref" target="ww_0bfd10a2647331e3"/>
    </p0826-teimww:contains>
    <p0826-teimww:hasPage knoraType="richtext_value">57 [normalized spelling].</p0826-teimww:hasPage>
    <p0826-teimww:hasText knoraType="richtext_value">[Galeatzo:] Good faith, &lt;span class="quote"&gt;I'll accept of the coxcomb, so you will not refuse the bauble. &lt;br&gt;&lt;/span&gt;
[Mellida:] Nay, good sweet, keep them both; I am enamoured of neither.</p0826-teimww:hasText>
    <p0826-teimww:isMentionedIn>
      <p0826-teimww:passage knoraType="link_value" linkType="ref" target="ww_f1a8cd3f601885c2"/>
    </p0826-teimww:isMentionedIn>
    <p0826-teimww:occursIn>
      <p0826-teimww:book knoraType="link_value" linkType="ref" target="ww_a466e78302462627"/>
    </p0826-teimww:occursIn>
    <p0826-teimww:wasContributedBy>
      <p0826-teimww:person knoraType="link_value" linkType="ref" target="ww_7f35f6802efd910d"/>
    </p0826-teimww:wasContributedBy>
  </p0826-teimww:passage>
  <p0826-teimww:passage id="ww_f1a8cd3f601885c2">
    <knoraXmlImport:label>passage</knoraXmlImport:label>
    <p0826-teimww:occursIn>
      <p0826-teimww:book knoraType="link_value" linkType="ref" target="ww_0f0f2ccb24fa3b96"/>
    </p0826-teimww:occursIn>
  </p0826-teimww:passage>
  <p0826-teimww:passage id="ww_e7dd3dac3f53c1fa">
    <knoraXmlImport:label>passage</knoraXmlImport:label>
    <p0826-teimww:contains>
      <p0826-teimww:lexia knoraType="link_value" linkType="ref" target="ww_0cd357c93e82a299"/>
    </p0826-teimww:contains>
    <p0826-teimww:hasPage knoraType="richtext_value">Act 2, scene 2, lines 31-33.</p0826-teimww:hasPage>
    <p0826-teimww:hasText knoraType="richtext_value">[Calphurnia:] &lt;span class="quote"&gt;When beggars die there are no comets seen;&lt;br&gt;&lt;/span&gt;
The heavens themselves blaze forth the death of princes.</p0826-teimww:hasText>
    <p0826-teimww:isMentionedIn>
      <p0826-teimww:passage knoraType="link_value" linkType="ref" target="ww_a908b0edb936f7a9"/>
    </p0826-teimww:isMentionedIn>
    <p0826-teimww:occursIn>
      <p0826-teimww:book knoraType="link_value" linkType="ref" target="ww_3c135d434850a738"/>
    </p0826-teimww:occursIn>
    <p0826-teimww:wasContributedBy>
      <p0826-teimww:person knoraType="link_value" linkType="ref" target="ww_7f35f6802efd910d"/>
    </p0826-teimww:wasContributedBy>
  </p0826-teimww:passage>
  <p0826-teimww:passage id="ww_a908b0edb936f7a9">
    <knoraXmlImport:label>passage</knoraXmlImport:label>
    <p0826-teimww:occursIn>
      <p0826-teimww:book knoraType="link_value" linkType="ref" target="ww_55bc1a3b04bf8a8d"/>
    </p0826-teimww:occursIn>
  </p0826-teimww:passage>
  <p0826-teimww:passage id="ww_085c3fc00e680970">
    <knoraXmlImport:label>passage</knoraXmlImport:label>
    <p0826-teimww:contains>
      <p0826-teimww:lexia knoraType="link_value" linkType="ref" target="ww_9683a1087561d1b4"/>
    </p0826-teimww:contains>
    <p0826-teimww:hasPage knoraType="richtext_value">Act 3, scene 1, lines 285-287.</p0826-teimww:hasPage>
    <p0826-teimww:hasText knoraType="richtext_value">[Antony:] Over &lt;span class="quote"&gt;thy wounds now do I prophesy&lt;br&gt;
(Which like dumb mouths do ope their ruby lips&lt;/span&gt;&lt;br&gt;
To beg the voice and utterance of my tongue) [...].</p0826-teimww:hasText>
    <p0826-teimww:isMentionedIn>
      <p0826-teimww:passage knoraType="link_value" linkType="ref" target="ww_77af1ca619f2d797"/>
    </p0826-teimww:isMentionedIn>
    <p0826-teimww:occursIn>
      <p0826-teimww:book knoraType="link_value" linkType="ref" target="ww_3c135d434850a738"/>
    </p0826-teimww:occursIn>
    <p0826-teimww:wasContributedBy>
      <p0826-teimww:person knoraType="link_value" linkType="ref" target="ww_7f35f6802efd910d"/>
    </p0826-teimww:wasContributedBy>
  </p0826-teimww:passage>
  <p0826-teimww:passage id="ww_77af1ca619f2d797">
    <knoraXmlImport:label>passage</knoraXmlImport:label>
    <p0826-teimww:occursIn>
      <p0826-teimww:book knoraType="link_value" linkType="ref" target="ww_0f0f2ccb24fa3b96"/>
    </p0826-teimww:occursIn>
  </p0826-teimww:passage>
  <p0826-teimww:passage id="ww_0058261529cd495e">
    <knoraXmlImport:label>passage</knoraXmlImport:label>
    <p0826-teimww:contains>
      <p0826-teimww:lexia knoraType="link_value" linkType="ref" target="ww_a252947f64726f75"/>
    </p0826-teimww:contains>
    <p0826-teimww:hasPage knoraType="richtext_value">Act 4, scene 1, line 42.</p0826-teimww:hasPage>
    <p0826-teimww:hasText knoraType="richtext_value">[Pistol:] Trail'st thou &lt;span class="quote"&gt;the puissant pike?&lt;/span&gt;</p0826-teimww:hasText>
    <p0826-teimww:isMentionedIn>
      <p0826-teimww:passage knoraType="link_value" linkType="ref" target="ww_05835dae260f2bee"/>
    </p0826-teimww:isMentionedIn>
    <p0826-teimww:isMentionedIn>
      <p0826-teimww:passage knoraType="link_value" linkType="ref" target="ww_e6d7b0c3a581ad87"/>
    </p0826-teimww:isMentionedIn>
    <p0826-teimww:occursIn>
      <p0826-teimww:book knoraType="link_value" linkType="ref" target="ww_0c928f9e751dabbf"/>
    </p0826-teimww:occursIn>
    <p0826-teimww:wasContributedBy>
      <p0826-teimww:person knoraType="link_value" linkType="ref" target="ww_7f35f6802efd910d"/>
    </p0826-teimww:wasContributedBy>
  </p0826-teimww:passage>
  <p0826-teimww:passage id="ww_05835dae260f2bee">
    <knoraXmlImport:label>passage</knoraXmlImport:label>
    <p0826-teimww:occursIn>
      <p0826-teimww:book knoraType="link_value" linkType="ref" target="ww_e256bd14313d2841"/>
    </p0826-teimww:occursIn>
  </p0826-teimww:passage>
  <p0826-teimww:passage id="ww_e6d7b0c3a581ad87">
    <knoraXmlImport:label>passage</knoraXmlImport:label>
    <p0826-teimww:occursIn>
      <p0826-teimww:book knoraType="link_value" linkType="ref" target="ww_12b8cda82738e9e2"/>
    </p0826-teimww:occursIn>
  </p0826-teimww:passage>
  <p0826-teimww:passage id="ww_94eab3fbd4daf25a">
    <knoraXmlImport:label>passage</knoraXmlImport:label>
    <p0826-teimww:contains>
      <p0826-teimww:lexia knoraType="link_value" linkType="ref" target="ww_3f7bdff01e1a44df"/>
    </p0826-teimww:contains>
    <p0826-teimww:hasPage knoraType="richtext_value">20 [normalised spelling].</p0826-teimww:hasPage>
    <p0826-teimww:hasPageHist knoraType="richtext_value">20.</p0826-teimww:hasPageHist>
    <p0826-teimww:hasText knoraType="richtext_value">[Mellida:]&lt;span class="quote"&gt; Nothing sweet Rossaline, but the air's sharp.&lt;/span&gt;</p0826-teimww:hasText>
    <p0826-teimww:hasTextHist knoraType="richtext_value">[Mellida:] Nothing sweet Rossaline, but the ayre's sharpe.</p0826-teimww:hasTextHist>
    <p0826-teimww:occursIn>
      <p0826-teimww:book knoraType="link_value" linkType="ref" target="ww_a466e78302462627"/>
    </p0826-teimww:occursIn>
    <p0826-teimww:wasContributedBy>
      <p0826-teimww:person knoraType="link_value" linkType="ref" target="ww_c4063e9c72a3ffd2"/>
    </p0826-teimww:wasContributedBy>
  </p0826-teimww:passage>
  <p0826-teimww:passage id="ww_20d9e0137d2fb689">
    <knoraXmlImport:label>passage</knoraXmlImport:label>
    <p0826-teimww:contains>
      <p0826-teimww:lexia knoraType="link_value" linkType="ref" target="ww_3fbca3317f48ff4e"/>
    </p0826-teimww:contains>
    <p0826-teimww:hasPage knoraType="richtext_value">33 [normalised spelling].</p0826-teimww:hasPage>
    <p0826-teimww:hasPageHist knoraType="richtext_value">33.</p0826-teimww:hasPageHist>
    <p0826-teimww:hasText knoraType="richtext_value">[Andrugio:] &lt;span class="quote"&gt;Myself, myself will dare all opposites &lt;/span&gt;[...].</p0826-teimww:hasText>
    <p0826-teimww:hasTextHist knoraType="richtext_value">[Andrugio:] My selfe, my selfe will dare all opposits [...].</p0826-teimww:hasTextHist>
    <p0826-teimww:isMentionedIn>
      <p0826-teimww:passage knoraType="link_value" linkType="ref" target="ww_85a886888b2b80a1"/>
    </p0826-teimww:isMentionedIn>
    <p0826-teimww:occursIn>
      <p0826-teimww:book knoraType="link_value" linkType="ref" target="ww_a466e78302462627"/>
    </p0826-teimww:occursIn>
    <p0826-teimww:wasContributedBy>
      <p0826-teimww:person knoraType="link_value" linkType="ref" target="ww_c4063e9c72a3ffd2"/>
    </p0826-teimww:wasContributedBy>
  </p0826-teimww:passage>
  <p0826-teimww:passage id="ww_85a886888b2b80a1">
    <knoraXmlImport:label>passage</knoraXmlImport:label>
    <p0826-teimww:occursIn>
      <p0826-teimww:book knoraType="link_value" linkType="ref" target="ww_5af91280461707f1"/>
    </p0826-teimww:occursIn>
  </p0826-teimww:passage>
  <p0826-teimww:passage id="ww_945e6c172c3b648e">
    <knoraXmlImport:label>passage</knoraXmlImport:label>
    <p0826-teimww:contains>
      <p0826-teimww:lexia knoraType="link_value" linkType="ref" target="ww_20574c4ef8e02ea1"/>
    </p0826-teimww:contains>
    <p0826-teimww:hasPage knoraType="richtext_value">33 [normalised spelling].</p0826-teimww:hasPage>
    <p0826-teimww:hasPageHist knoraType="richtext_value">33.</p0826-teimww:hasPageHist>
    <p0826-teimww:hasText knoraType="richtext_value">[Lucio:] &lt;span class="quote"&gt;I saw no sun today.&lt;/span&gt;</p0826-teimww:hasText>
    <p0826-teimww:hasTextHist knoraType="richtext_value">[Lucio:] &lt;span class="quote"&gt;I saw no sunne today.&lt;/span&gt;</p0826-teimww:hasTextHist>
    <p0826-teimww:isMentionedIn>
      <p0826-teimww:passage knoraType="link_value" linkType="ref" target="ww_76e5ffad3f65bf6f"/>
    </p0826-teimww:isMentionedIn>
    <p0826-teimww:occursIn>
      <p0826-teimww:book knoraType="link_value" linkType="ref" target="ww_a466e78302462627"/>
    </p0826-teimww:occursIn>
    <p0826-teimww:wasContributedBy>
      <p0826-teimww:person knoraType="link_value" linkType="ref" target="ww_c4063e9c72a3ffd2"/>
    </p0826-teimww:wasContributedBy>
  </p0826-teimww:passage>
  <p0826-teimww:passage id="ww_76e5ffad3f65bf6f">
    <knoraXmlImport:label>passage</knoraXmlImport:label>
    <p0826-teimww:occursIn>
      <p0826-teimww:book knoraType="link_value" linkType="ref" target="ww_5af91280461707f1"/>
    </p0826-teimww:occursIn>
  </p0826-teimww:passage>
  <p0826-teimww:passage id="ww_a83977f2b205e33c">
    <knoraXmlImport:label>passage</knoraXmlImport:label>
    <p0826-teimww:contains>
      <p0826-teimww:lexia knoraType="link_value" linkType="ref" target="ww_07abe3abe0478731"/>
    </p0826-teimww:contains>
    <p0826-teimww:hasPage knoraType="richtext_value">34 [normalised spelling].</p0826-teimww:hasPage>
    <p0826-teimww:hasPageHist knoraType="richtext_value">34.</p0826-teimww:hasPageHist>
    <p0826-teimww:hasText knoraType="richtext_value">[Andrugio:] &lt;span class="quote"&gt;'Tis a good boy, &amp; by my truth, well sung. &lt;/span&gt;</p0826-teimww:hasText>
    <p0826-teimww:hasTextHist knoraType="richtext_value">[Andrugio:] Tis a good boy, &amp; by my troth, well sung. </p0826-teimww:hasTextHist>
    <p0826-teimww:occursIn>
      <p0826-teimww:book knoraType="link_value" linkType="ref" target="ww_a466e78302462627"/>
    </p0826-teimww:occursIn>
    <p0826-teimww:wasContributedBy>
      <p0826-teimww:person knoraType="link_value" linkType="ref" target="ww_c4063e9c72a3ffd2"/>
    </p0826-teimww:wasContributedBy>
  </p0826-teimww:passage>
  <p0826-teimww:passage id="ww_705e1f1ab0cdb479">
    <knoraXmlImport:label>passage</knoraXmlImport:label>
    <p0826-teimww:contains>
      <p0826-teimww:lexia knoraType="link_value" linkType="ref" target="ww_ebf3f351b1329883"/>
    </p0826-teimww:contains>
    <p0826-teimww:contains>
      <p0826-teimww:lexia knoraType="link_value" linkType="ref" target="ww_5e66ecec146faf35"/>
    </p0826-teimww:contains>
    <p0826-teimww:hasPage knoraType="richtext_value">53-54 [normalised spelling].</p0826-teimww:hasPage>
    <p0826-teimww:hasPageHist knoraType="richtext_value">53-54.</p0826-teimww:hasPageHist>
    <p0826-teimww:hasText knoraType="richtext_value">[Alberto:]&lt;span class="quote"&gt; For woods, trees, sea, or rocky Apennine, &lt;br&gt;
Is not so ruthless as my Rossaline.&lt;/span&gt;</p0826-teimww:hasText>
    <p0826-teimww:hasTextHist knoraType="richtext_value">[Alberto:] For wods, trees, sea, or rocky Apennine, &lt;br&gt;
Is not so ruthlesse as my Rossaline.</p0826-teimww:hasTextHist>
    <p0826-teimww:isMentionedIn>
      <p0826-teimww:passage knoraType="link_value" linkType="ref" target="ww_0f35e33803378964"/>
    </p0826-teimww:isMentionedIn>
    <p0826-teimww:occursIn>
      <p0826-teimww:book knoraType="link_value" linkType="ref" target="ww_a466e78302462627"/>
    </p0826-teimww:occursIn>
    <p0826-teimww:wasContributedBy>
      <p0826-teimww:person knoraType="link_value" linkType="ref" target="ww_c4063e9c72a3ffd2"/>
    </p0826-teimww:wasContributedBy>
  </p0826-teimww:passage>
  <p0826-teimww:passage id="ww_0f35e33803378964">
    <knoraXmlImport:label>passage</knoraXmlImport:label>
    <p0826-teimww:occursIn>
      <p0826-teimww:book knoraType="link_value" linkType="ref" target="ww_5af91280461707f1"/>
    </p0826-teimww:occursIn>
  </p0826-teimww:passage>
  <p0826-teimww:passage id="ww_1e90bc11ef3ca2fc">
    <knoraXmlImport:label>passage</knoraXmlImport:label>
    <p0826-teimww:contains>
      <p0826-teimww:lexia knoraType="link_value" linkType="ref" target="ww_21ca07878d1b1a15"/>
    </p0826-teimww:contains>
    <p0826-teimww:hasPage knoraType="richtext_value">N.p.; ~2/3 into the play. [spelling normalized].</p0826-teimww:hasPage>
    <p0826-teimww:hasPageHist knoraType="richtext_value">N.p.; ~2/3 into the play.</p0826-teimww:hasPageHist>
    <p0826-teimww:hasText knoraType="richtext_value">[Agripyna:] [...] My mouth is like a Furnace, and &lt;span class="quote"&gt;dry heat &lt;br&gt;
Drinks up my blood.&lt;/span&gt;</p0826-teimww:hasText>
    <p0826-teimww:hasTextHist knoraType="richtext_value">[Agripyna:] [...] My mouth is like a Furnace, and drie heate &lt;br/&gt;
Drinks vp my bloud.</p0826-teimww:hasTextHist>
    <p0826-teimww:isMentionedIn>
      <p0826-teimww:passage knoraType="link_value" linkType="ref" target="ww_0540abbd50a79d68"/>
    </p0826-teimww:isMentionedIn>
    <p0826-teimww:occursIn>
      <p0826-teimww:book knoraType="link_value" linkType="ref" target="ww_4a0afee9ece50ddb"/>
    </p0826-teimww:occursIn>
    <p0826-teimww:wasContributedBy>
      <p0826-teimww:person knoraType="link_value" linkType="ref" target="ww_b604df587d93b768"/>
    </p0826-teimww:wasContributedBy>
  </p0826-teimww:passage>
  <p0826-teimww:passage id="ww_b832774f6eda42cd">
    <knoraXmlImport:label>passage</knoraXmlImport:label>
    <p0826-teimww:contains>
      <p0826-teimww:lexia knoraType="link_value" linkType="ref" target="ww_e75dbfb757abbb29"/>
    </p0826-teimww:contains>
    <p0826-teimww:contains>
      <p0826-teimww:lexia knoraType="link_value" linkType="ref" target="ww_a8468a01458906c0"/>
    </p0826-teimww:contains>
    <p0826-teimww:hasPage knoraType="richtext_value">7; "Induction".</p0826-teimww:hasPage>
    <p0826-teimww:hasText knoraType="richtext_value">[Alberto:] [...] idiot, &lt;span class="quote"&gt;go by, go by; &lt;/span&gt;off &lt;span class="quote"&gt;this world's stage&lt;/span&gt;!</p0826-teimww:hasText>
    <p0826-teimww:isMentionedIn>
      <p0826-teimww:passage knoraType="link_value" linkType="ref" target="ww_c10d4cb2127c4739"/>
    </p0826-teimww:isMentionedIn>
    <p0826-teimww:occursIn>
      <p0826-teimww:book knoraType="link_value" linkType="ref" target="ww_a466e78302462627"/>
    </p0826-teimww:occursIn>
    <p0826-teimww:wasContributedBy>
      <p0826-teimww:person knoraType="link_value" linkType="ref" target="ww_7f35f6802efd910d"/>
    </p0826-teimww:wasContributedBy>
  </p0826-teimww:passage>
  <p0826-teimww:passage id="ww_c10d4cb2127c4739">
    <knoraXmlImport:label>passage</knoraXmlImport:label>
    <p0826-teimww:occursIn>
      <p0826-teimww:book knoraType="link_value" linkType="ref" target="ww_0f0f2ccb24fa3b96"/>
    </p0826-teimww:occursIn>
  </p0826-teimww:passage>
  <p0826-teimww:passage id="ww_aba7388ffe49fa0c">
    <knoraXmlImport:label>passage</knoraXmlImport:label>
    <p0826-teimww:contains>
      <p0826-teimww:lexia knoraType="link_value" linkType="ref" target="ww_c3a635bc9e11903a"/>
    </p0826-teimww:contains>
    <p0826-teimww:hasPage knoraType="richtext_value">22 [normalized spelling].</p0826-teimww:hasPage>
    <p0826-teimww:hasPageHist knoraType="richtext_value">22.</p0826-teimww:hasPageHist>
    <p0826-teimww:hasText knoraType="richtext_value">[Cazzo:] [...] to view our masters &lt;span class="quote"&gt;pluck their plumes&lt;/span&gt; and drop their feathers, for fear of being men of mark.</p0826-teimww:hasText>
    <p0826-teimww:hasTextHist knoraType="richtext_value">[Catzo:] [...] to viewe our masters &lt;span class="quote"&gt;pluck their plumes&lt;/span&gt; and droppe their feathers, for fear of being men of marke.</p0826-teimww:hasTextHist>
    <p0826-teimww:isMentionedIn>
      <p0826-teimww:passage knoraType="link_value" linkType="ref" target="ww_a13d680ed1ea7f97"/>
    </p0826-teimww:isMentionedIn>
    <p0826-teimww:occursIn>
      <p0826-teimww:book knoraType="link_value" linkType="ref" target="ww_a466e78302462627"/>
    </p0826-teimww:occursIn>
    <p0826-teimww:wasContributedBy>
      <p0826-teimww:person knoraType="link_value" linkType="ref" target="ww_7f35f6802efd910d"/>
    </p0826-teimww:wasContributedBy>
  </p0826-teimww:passage>
  <p0826-teimww:passage id="ww_a13d680ed1ea7f97">
    <knoraXmlImport:label>passage</knoraXmlImport:label>
    <p0826-teimww:occursIn>
      <p0826-teimww:book knoraType="link_value" linkType="ref" target="ww_0f0f2ccb24fa3b96"/>
    </p0826-teimww:occursIn>
  </p0826-teimww:passage>
  <p0826-teimww:passage id="ww_faf20cc73d5b703a">
    <knoraXmlImport:label>passage</knoraXmlImport:label>
    <p0826-teimww:contains>
      <p0826-teimww:lexia knoraType="link_value" linkType="ref" target="ww_dcc0899a0582913c"/>
    </p0826-teimww:contains>
    <p0826-teimww:hasPage knoraType="richtext_value">63 [normalised spelling].</p0826-teimww:hasPage>
    <p0826-teimww:hasPageHist knoraType="richtext_value">63.</p0826-teimww:hasPageHist>
    <p0826-teimww:hasText knoraType="richtext_value">[Bellamira:] &lt;span class="quote"&gt;Poison my face! oh most inhumane wretch! Revenge more vile, then to abridge my life.</p0826-teimww:hasText>
    <p0826-teimww:hasTextHist knoraType="richtext_value">[Bellamira:] &lt;span class="quote"&gt;Poyson my face! &lt;/span&gt;oh most inhumane wretch! Reuenge more vile, then to abbridge my life.</p0826-teimww:hasTextHist>
    <p0826-teimww:isMentionedIn>
      <p0826-teimww:passage knoraType="link_value" linkType="ref" target="ww_ab2f49edf2ab199a"/>
    </p0826-teimww:isMentionedIn>
    <p0826-teimww:occursIn>
      <p0826-teimww:book knoraType="link_value" linkType="ref" target="ww_0d47d04341ff3e0d"/>
    </p0826-teimww:occursIn>
    <p0826-teimww:wasContributedBy>
      <p0826-teimww:person knoraType="link_value" linkType="ref" target="ww_c4063e9c72a3ffd2"/>
    </p0826-teimww:wasContributedBy>
  </p0826-teimww:passage>
  <p0826-teimww:passage id="ww_ab2f49edf2ab199a">
    <knoraXmlImport:label>passage</knoraXmlImport:label>
    <p0826-teimww:occursIn>
      <p0826-teimww:book knoraType="link_value" linkType="ref" target="ww_ce9e48c1ecd24728"/>
    </p0826-teimww:occursIn>
  </p0826-teimww:passage>
  <p0826-teimww:passage id="ww_9312ac0b507db0d1">
    <knoraXmlImport:label>passage</knoraXmlImport:label>
    <p0826-teimww:contains>
      <p0826-teimww:lexia knoraType="link_value" linkType="ref" target="ww_7cdabd44d4489a37"/>
    </p0826-teimww:contains>
    <p0826-teimww:hasPage knoraType="richtext_value">33 [normalized spelling].</p0826-teimww:hasPage>
    <p0826-teimww:hasText knoraType="richtext_value">[Andrugio:] O, a fair cause stands firm and will abide; &lt;br&gt;
&lt;span class="quote"&gt;Legions of Angels fight upon her side.&lt;/span&gt;</p0826-teimww:hasText>
    <p0826-teimww:isMentionedIn>
      <p0826-teimww:passage knoraType="link_value" linkType="ref" target="ww_56a57c4078fd93e6"/>
    </p0826-teimww:isMentionedIn>
    <p0826-teimww:isMentionedIn>
      <p0826-teimww:passage knoraType="link_value" linkType="ref" target="ww_09aa9895aaf6435b"/>
    </p0826-teimww:isMentionedIn>
    <p0826-teimww:occursIn>
      <p0826-teimww:book knoraType="link_value" linkType="ref" target="ww_a466e78302462627"/>
    </p0826-teimww:occursIn>
    <p0826-teimww:wasContributedBy>
      <p0826-teimww:person knoraType="link_value" linkType="ref" target="ww_7f35f6802efd910d"/>
    </p0826-teimww:wasContributedBy>
  </p0826-teimww:passage>
  <p0826-teimww:passage id="ww_56a57c4078fd93e6">
    <knoraXmlImport:label>passage</knoraXmlImport:label>
    <p0826-teimww:occursIn>
      <p0826-teimww:book knoraType="link_value" linkType="ref" target="ww_5af91280461707f1"/>
    </p0826-teimww:occursIn>
  </p0826-teimww:passage>
  <p0826-teimww:passage id="ww_606fca79f608706a">
    <knoraXmlImport:label>passage</knoraXmlImport:label>
    <p0826-teimww:contains>
      <p0826-teimww:lexia knoraType="link_value" linkType="ref" target="ww_d30c307253ce36a0"/>
    </p0826-teimww:contains>
    <p0826-teimww:hasPage knoraType="richtext_value">43; act 4, scene 1, lines 10-11 [normalised spelling].</p0826-teimww:hasPage>
    <p0826-teimww:hasPageHist knoraType="richtext_value">43; act 4, scene 1, lines 10-11.</p0826-teimww:hasPageHist>
    <p0826-teimww:hasText knoraType="richtext_value">[Antonio:] [...] Rolled up in gloomy clouds as black as air&lt;br&gt;
Through which &lt;span class="quote"&gt;the rusty coach of Night is drawn.&lt;/span&gt;</p0826-teimww:hasText>
    <p0826-teimww:hasTextHist knoraType="richtext_value">[Antonio:] [...] Roul's up in gloomie clouds as black as ayer
Through which&lt;span class="quote"&gt; the rustie coach of Night&lt;/span&gt; is drawne.</p0826-teimww:hasTextHist>
    <p0826-teimww:isMentionedIn>
      <p0826-teimww:passage knoraType="link_value" linkType="ref" target="ww_2cfaa2cdc0a22bd3"/>
    </p0826-teimww:isMentionedIn>
    <p0826-teimww:occursIn>
      <p0826-teimww:book knoraType="link_value" linkType="ref" target="ww_a466e78302462627"/>
    </p0826-teimww:occursIn>
    <p0826-teimww:wasContributedBy>
      <p0826-teimww:person knoraType="link_value" linkType="ref" target="ww_7f35f6802efd910d"/>
    </p0826-teimww:wasContributedBy>
  </p0826-teimww:passage>
  <p0826-teimww:passage id="ww_2cfaa2cdc0a22bd3">
    <knoraXmlImport:label>passage</knoraXmlImport:label>
    <p0826-teimww:occursIn>
      <p0826-teimww:book knoraType="link_value" linkType="ref" target="ww_0f0f2ccb24fa3b96"/>
    </p0826-teimww:occursIn>
  </p0826-teimww:passage>
  <p0826-teimww:passage id="ww_877be0ef452bdd8d">
    <knoraXmlImport:label>passage</knoraXmlImport:label>
    <p0826-teimww:contains>
      <p0826-teimww:lexia knoraType="link_value" linkType="ref" target="ww_d2b0f78a87e52da3"/>
    </p0826-teimww:contains>
    <p0826-teimww:hasPage knoraType="richtext_value">44.</p0826-teimww:hasPage>
    <p0826-teimww:hasText knoraType="richtext_value">[Andrugio:] [...] Who is not blown up with the flattering puffs&lt;br&gt;
Of &lt;span class="quote"&gt;spongy &lt;/span&gt;sycophants [...].</p0826-teimww:hasText>
    <p0826-teimww:isMentionedIn>
      <p0826-teimww:passage knoraType="link_value" linkType="ref" target="ww_82bed7831d05d2fa"/>
    </p0826-teimww:isMentionedIn>
    <p0826-teimww:occursIn>
      <p0826-teimww:book knoraType="link_value" linkType="ref" target="ww_a466e78302462627"/>
    </p0826-teimww:occursIn>
    <p0826-teimww:wasContributedBy>
      <p0826-teimww:person knoraType="link_value" linkType="ref" target="ww_7f35f6802efd910d"/>
    </p0826-teimww:wasContributedBy>
  </p0826-teimww:passage>
  <p0826-teimww:passage id="ww_82bed7831d05d2fa">
    <knoraXmlImport:label>passage</knoraXmlImport:label>
    <p0826-teimww:occursIn>
      <p0826-teimww:book knoraType="link_value" linkType="ref" target="ww_0f0f2ccb24fa3b96"/>
    </p0826-teimww:occursIn>
  </p0826-teimww:passage>
  <p0826-teimww:passage id="ww_2cb35cabca826e50">
    <knoraXmlImport:label>passage</knoraXmlImport:label>
    <p0826-teimww:contains>
      <p0826-teimww:lexia knoraType="link_value" linkType="ref" target="ww_78c97af3c298843a"/>
    </p0826-teimww:contains>
    <p0826-teimww:hasPage knoraType="richtext_value">52; act 5, scene 1 [normalized spelling].</p0826-teimww:hasPage>
    <p0826-teimww:hasPageHist knoraType="richtext_value">52; act 5, scene 1.</p0826-teimww:hasPageHist>
    <p0826-teimww:hasText knoraType="richtext_value">[Balurdo:] [...] &lt;span class="quote"&gt;stewed broth of plums &lt;/span&gt;(boy keel your mouth, it runs over - and the word shall be: &lt;i&gt; Hold my dish, whilst I spill my pottage. &lt;/i&gt;</p0826-teimww:hasText>
    <p0826-teimww:hasTextHist knoraType="richtext_value">[Balurdo:] [...] stewde broth of plummes (boy keele your mouth, it runnes over – and the word shall be: &lt;i&gt; Holde my dish, whilst I spill my pottage. &lt;/i&gt;</p0826-teimww:hasTextHist>
    <p0826-teimww:isMentionedIn>
      <p0826-teimww:passage knoraType="link_value" linkType="ref" target="ww_baef23b72ae18348"/>
    </p0826-teimww:isMentionedIn>
    <p0826-teimww:occursIn>
      <p0826-teimww:book knoraType="link_value" linkType="ref" target="ww_a466e78302462627"/>
    </p0826-teimww:occursIn>
    <p0826-teimww:wasContributedBy>
      <p0826-teimww:person knoraType="link_value" linkType="ref" target="ww_7f35f6802efd910d"/>
    </p0826-teimww:wasContributedBy>
  </p0826-teimww:passage>
  <p0826-teimww:passage id="ww_baef23b72ae18348">
    <knoraXmlImport:label>passage</knoraXmlImport:label>
    <p0826-teimww:occursIn>
      <p0826-teimww:book knoraType="link_value" linkType="ref" target="ww_0f0f2ccb24fa3b96"/>
    </p0826-teimww:occursIn>
  </p0826-teimww:passage>
  <p0826-teimww:passage id="ww_06fc89208a0d263c">
    <knoraXmlImport:label>passage</knoraXmlImport:label>
    <p0826-teimww:contains>
      <p0826-teimww:lexia knoraType="link_value" linkType="ref" target="ww_46fda733e93cf193"/>
    </p0826-teimww:contains>
    <p0826-teimww:hasPage knoraType="richtext_value">33. [spelling normalized].</p0826-teimww:hasPage>
    <p0826-teimww:hasPageHist knoraType="richtext_value">33.</p0826-teimww:hasPageHist>
    <p0826-teimww:hasText knoraType="richtext_value">[Andrugio:] Andrugio lives, and &lt;span class="quote"&gt;a fair cause of arms, &lt;br/&gt;
Why that's an army all invincible. &lt;br/&gt;&lt;/span&gt;
He who hath that, hath a battalion &lt;br/&gt;
Royal, armour of proof, huge troops of barbed steeds, &lt;br/&gt;
Main squares of pikes, millions of arquebus.</p0826-teimww:hasText>
    <p0826-teimww:hasTextHist knoraType="richtext_value">[Andrugio:] Andrugio liues, and a faire cause of armes, &lt;br/&gt;
Why that's an armie all inuincible. &lt;br/&gt;
He who hath that, hath a battalion &lt;br/&gt;
Royal, armour of proofe, huge troups of barbed steeds, &lt;br/&gt;
Maine squares of pikes, millions of harguebush.</p0826-teimww:hasTextHist>
    <p0826-teimww:isMentionedIn>
      <p0826-teimww:passage knoraType="link_value" linkType="ref" target="ww_2d220c91df09af6a"/>
    </p0826-teimww:isMentionedIn>
    <p0826-teimww:occursIn>
      <p0826-teimww:book knoraType="link_value" linkType="ref" target="ww_a466e78302462627"/>
    </p0826-teimww:occursIn>
    <p0826-teimww:wasContributedBy>
      <p0826-teimww:person knoraType="link_value" linkType="ref" target="ww_b604df587d93b768"/>
    </p0826-teimww:wasContributedBy>
  </p0826-teimww:passage>
  <p0826-teimww:passage id="ww_4d9dc1ac346162df">
    <knoraXmlImport:label>passage</knoraXmlImport:label>
    <p0826-teimww:contains>
      <p0826-teimww:lexia knoraType="link_value" linkType="ref" target="ww_7d8a39872166b2af"/>
    </p0826-teimww:contains>
    <p0826-teimww:hasPage knoraType="richtext_value">Act 1, scene 4, lines 39-41.</p0826-teimww:hasPage>
    <p0826-teimww:hasText knoraType="richtext_value">[Hamlet:] [...]&lt;span class="quote"&gt; The dram of evil &lt;br&gt;&lt;/span&gt;
Doth all the noble substance of a doubt &lt;br&gt;
To his own scandal.</p0826-teimww:hasText>
    <p0826-teimww:isMentionedIn>
      <p0826-teimww:passage knoraType="link_value" linkType="ref" target="ww_520d1e3ae6616d53"/>
    </p0826-teimww:isMentionedIn>
    <p0826-teimww:occursIn>
      <p0826-teimww:book knoraType="link_value" linkType="ref" target="ww_5cb4c35da9f3b9dd"/>
    </p0826-teimww:occursIn>
    <p0826-teimww:wasContributedBy>
      <p0826-teimww:person knoraType="link_value" linkType="ref" target="ww_b604df587d93b768"/>
    </p0826-teimww:wasContributedBy>
  </p0826-teimww:passage>
  <p0826-teimww:passage id="ww_520d1e3ae6616d53">
    <knoraXmlImport:label>passage</knoraXmlImport:label>
    <p0826-teimww:occursIn>
      <p0826-teimww:book knoraType="link_value" linkType="ref" target="ww_3f86f30540de15b8"/>
    </p0826-teimww:occursIn>
  </p0826-teimww:passage>
  <p0826-teimww:passage id="ww_396832d0e3d47e55">
    <knoraXmlImport:label>passage</knoraXmlImport:label>
    <p0826-teimww:contains>
      <p0826-teimww:lexia knoraType="link_value" linkType="ref" target="ww_97fe74e7f792ad7a"/>
    </p0826-teimww:contains>
    <p0826-teimww:hasPage knoraType="richtext_value">Act 5, scene 2, lines 128-129.</p0826-teimww:hasPage>
    <p0826-teimww:hasText knoraType="richtext_value">[Hamlet:] [...] But, in the verity of &lt;span class="quote"&gt;extolment &lt;/span&gt;[...].</p0826-teimww:hasText>
    <p0826-teimww:isMentionedIn>
      <p0826-teimww:passage knoraType="link_value" linkType="ref" target="ww_1b98e47abae0859c"/>
    </p0826-teimww:isMentionedIn>
    <p0826-teimww:occursIn>
      <p0826-teimww:book knoraType="link_value" linkType="ref" target="ww_5cb4c35da9f3b9dd"/>
    </p0826-teimww:occursIn>
    <p0826-teimww:wasContributedBy>
      <p0826-teimww:person knoraType="link_value" linkType="ref" target="ww_b604df587d93b768"/>
    </p0826-teimww:wasContributedBy>
  </p0826-teimww:passage>
  <p0826-teimww:passage id="ww_1b98e47abae0859c">
    <knoraXmlImport:label>passage</knoraXmlImport:label>
    <p0826-teimww:occursIn>
      <p0826-teimww:book knoraType="link_value" linkType="ref" target="ww_b908ae26c4f3afcf"/>
    </p0826-teimww:occursIn>
  </p0826-teimww:passage>
  <p0826-teimww:passage id="ww_7ac50d0845717b58">
    <knoraXmlImport:label>passage</knoraXmlImport:label>
    <p0826-teimww:contains>
      <p0826-teimww:lexia knoraType="link_value" linkType="ref" target="ww_d11d9cb54ff3816e"/>
    </p0826-teimww:contains>
    <p0826-teimww:hasPage knoraType="richtext_value">Act 1, scene 4, line 42.</p0826-teimww:hasPage>
    <p0826-teimww:hasText knoraType="richtext_value">[Horatio:] &lt;span class="quote"&gt;Look, my lord, it comes.&lt;/span&gt;</p0826-teimww:hasText>
    <p0826-teimww:isMentionedIn>
      <p0826-teimww:passage knoraType="link_value" linkType="ref" target="ww_6b7ba593a8bb5c08"/>
    </p0826-teimww:isMentionedIn>
    <p0826-teimww:occursIn>
      <p0826-teimww:book knoraType="link_value" linkType="ref" target="ww_5cb4c35da9f3b9dd"/>
    </p0826-teimww:occursIn>
    <p0826-teimww:wasContributedBy>
      <p0826-teimww:person knoraType="link_value" linkType="ref" target="ww_b604df587d93b768"/>
    </p0826-teimww:wasContributedBy>
  </p0826-teimww:passage>
  <p0826-teimww:passage id="ww_6b7ba593a8bb5c08">
    <knoraXmlImport:label>passage</knoraXmlImport:label>
    <p0826-teimww:occursIn>
      <p0826-teimww:book knoraType="link_value" linkType="ref" target="ww_5868d5560bdfc062"/>
    </p0826-teimww:occursIn>
  </p0826-teimww:passage>
  <p0826-teimww:passage id="ww_cadf7b236504a2b6">
    <knoraXmlImport:label>passage</knoraXmlImport:label>
    <p0826-teimww:contains>
      <p0826-teimww:lexia knoraType="link_value" linkType="ref" target="ww_e57c351091ba21aa"/>
    </p0826-teimww:contains>
    <p0826-teimww:hasPage knoraType="richtext_value">Act 1, scene 2, line 265.</p0826-teimww:hasPage>
    <p0826-teimww:hasText knoraType="richtext_value">[Hamlet:]&lt;span class="quote"&gt; If it assume my noble father's person &lt;/span&gt;[...].</p0826-teimww:hasText>
    <p0826-teimww:isMentionedIn>
      <p0826-teimww:passage knoraType="link_value" linkType="ref" target="ww_391a46f97ecd5c21"/>
    </p0826-teimww:isMentionedIn>
    <p0826-teimww:occursIn>
      <p0826-teimww:book knoraType="link_value" linkType="ref" target="ww_5cb4c35da9f3b9dd"/>
    </p0826-teimww:occursIn>
    <p0826-teimww:wasContributedBy>
      <p0826-teimww:person knoraType="link_value" linkType="ref" target="ww_7f35f6802efd910d"/>
    </p0826-teimww:wasContributedBy>
  </p0826-teimww:passage>
  <p0826-teimww:passage id="ww_391a46f97ecd5c21">
    <knoraXmlImport:label>passage</knoraXmlImport:label>
    <p0826-teimww:occursIn>
      <p0826-teimww:book knoraType="link_value" linkType="ref" target="ww_0f0f2ccb24fa3b96"/>
    </p0826-teimww:occursIn>
  </p0826-teimww:passage>
  <p0826-teimww:passage id="ww_88c2bdf3f3d3cd64">
    <knoraXmlImport:label>passage</knoraXmlImport:label>
    <p0826-teimww:contains>
      <p0826-teimww:lexia knoraType="link_value" linkType="ref" target="ww_167ae21248dc9ef5"/>
    </p0826-teimww:contains>
    <p0826-teimww:contains>
      <p0826-teimww:lexia knoraType="link_value" linkType="ref" target="ww_65b7b80aa8e23791"/>
    </p0826-teimww:contains>
    <p0826-teimww:hasPage knoraType="richtext_value">Act 3, scene 2, lines 2-3.</p0826-teimww:hasPage>
    <p0826-teimww:hasText knoraType="richtext_value">[Hamlet:] [...] as I pronounced
it to you, &lt;span class="quote"&gt;trippingly&lt;/span&gt; on the tongue; but if you mouth it, &lt;span class="quote"&gt;as many of our players do, I had as lief the town-crier spoke my lines.&lt;/span&gt;</p0826-teimww:hasText>
    <p0826-teimww:isMentionedIn>
      <p0826-teimww:passage knoraType="link_value" linkType="ref" target="ww_26684ccceca91ce5"/>
    </p0826-teimww:isMentionedIn>
    <p0826-teimww:isMentionedIn>
      <p0826-teimww:passage knoraType="link_value" linkType="ref" target="ww_ed61ca736a92062c"/>
    </p0826-teimww:isMentionedIn>
    <p0826-teimww:occursIn>
      <p0826-teimww:book knoraType="link_value" linkType="ref" target="ww_5cb4c35da9f3b9dd"/>
    </p0826-teimww:occursIn>
    <p0826-teimww:wasContributedBy>
      <p0826-teimww:person knoraType="link_value" linkType="ref" target="ww_7f35f6802efd910d"/>
    </p0826-teimww:wasContributedBy>
  </p0826-teimww:passage>
  <p0826-teimww:passage id="ww_26684ccceca91ce5">
    <knoraXmlImport:label>passage</knoraXmlImport:label>
    <p0826-teimww:occursIn>
      <p0826-teimww:book knoraType="link_value" linkType="ref" target="ww_5af91280461707f1"/>
    </p0826-teimww:occursIn>
  </p0826-teimww:passage>
  <p0826-teimww:passage id="ww_ed61ca736a92062c">
    <knoraXmlImport:label>passage</knoraXmlImport:label>
    <p0826-teimww:occursIn>
      <p0826-teimww:book knoraType="link_value" linkType="ref" target="ww_3e15ab6c612eadae"/>
    </p0826-teimww:occursIn>
  </p0826-teimww:passage>
  <p0826-teimww:passage id="ww_d9fbd6afe670c08f">
    <knoraXmlImport:label>passage</knoraXmlImport:label>
    <p0826-teimww:contains>
      <p0826-teimww:lexia knoraType="link_value" linkType="ref" target="ww_b588301a0a47d581"/>
    </p0826-teimww:contains>
    <p0826-teimww:contains>
      <p0826-teimww:lexia knoraType="link_value" linkType="ref" target="ww_47db54ab979e2ab2"/>
    </p0826-teimww:contains>
    <p0826-teimww:hasPage knoraType="richtext_value">Act 1, scene 4, lines 44-48.</p0826-teimww:hasPage>
    <p0826-teimww:hasText knoraType="richtext_value">[Hamlet:] [...] &lt;span class="quote"&gt;Be thou a spirit of health or goblin damned, &lt;br&gt;&lt;/span&gt;
Bring with thee airs from heaven or blasts from hell, &lt;br&gt;
Be thy intents wicked or charitable, &lt;br&gt;&lt;span class="quote"&gt;
Thou com'st in such a questionable shape &lt;/span&gt;[...].</p0826-teimww:hasText>
    <p0826-teimww:isMentionedIn>
      <p0826-teimww:passage knoraType="link_value" linkType="ref" target="ww_7c0cf2156324186f"/>
    </p0826-teimww:isMentionedIn>
    <p0826-teimww:isMentionedIn>
      <p0826-teimww:passage knoraType="link_value" linkType="ref" target="ww_625f413aa7a67fa0"/>
    </p0826-teimww:isMentionedIn>
    <p0826-teimww:occursIn>
      <p0826-teimww:book knoraType="link_value" linkType="ref" target="ww_5cb4c35da9f3b9dd"/>
    </p0826-teimww:occursIn>
    <p0826-teimww:wasContributedBy>
      <p0826-teimww:person knoraType="link_value" linkType="ref" target="ww_b604df587d93b768"/>
    </p0826-teimww:wasContributedBy>
  </p0826-teimww:passage>
  <p0826-teimww:passage id="ww_625f413aa7a67fa0">
    <knoraXmlImport:label>passage</knoraXmlImport:label>
    <p0826-teimww:occursIn>
      <p0826-teimww:book knoraType="link_value" linkType="ref" target="ww_5868d5560bdfc062"/>
    </p0826-teimww:occursIn>
  </p0826-teimww:passage>
  <p0826-teimww:passage id="ww_7c0cf2156324186f">
    <knoraXmlImport:label>passage</knoraXmlImport:label>
    <p0826-teimww:occursIn>
      <p0826-teimww:book knoraType="link_value" linkType="ref" target="ww_2f65899f08b5bb71"/>
    </p0826-teimww:occursIn>
  </p0826-teimww:passage>
  <p0826-teimww:passage id="ww_5c870ac7f69e641f">
    <knoraXmlImport:label>passage</knoraXmlImport:label>
    <p0826-teimww:contains>
      <p0826-teimww:lexia knoraType="link_value" linkType="ref" target="ww_b7eed7b870a7cc97"/>
    </p0826-teimww:contains>
    <p0826-teimww:hasPage knoraType="richtext_value">Act 1, scene 4, line 57.</p0826-teimww:hasPage>
    <p0826-teimww:hasText knoraType="richtext_value">[Hamlet:] [...] That thou, dead corse, again &lt;span class="quote"&gt;in complete steel &lt;/span&gt;[...].</p0826-teimww:hasText>
    <p0826-teimww:isMentionedIn>
      <p0826-teimww:passage knoraType="link_value" linkType="ref" target="ww_8927bd30dbbf35a5"/>
    </p0826-teimww:isMentionedIn>
    <p0826-teimww:occursIn>
      <p0826-teimww:book knoraType="link_value" linkType="ref" target="ww_5cb4c35da9f3b9dd"/>
    </p0826-teimww:occursIn>
    <p0826-teimww:wasContributedBy>
      <p0826-teimww:person knoraType="link_value" linkType="ref" target="ww_b604df587d93b768"/>
    </p0826-teimww:wasContributedBy>
  </p0826-teimww:passage>
  <p0826-teimww:passage id="ww_8927bd30dbbf35a5">
    <knoraXmlImport:label>passage</knoraXmlImport:label>
    <p0826-teimww:occursIn>
      <p0826-teimww:book knoraType="link_value" linkType="ref" target="ww_4899784ecc7f3845"/>
    </p0826-teimww:occursIn>
  </p0826-teimww:passage>
  <p0826-teimww:passage id="ww_9043daff0c561fdf">
    <knoraXmlImport:label>passage</knoraXmlImport:label>
    <p0826-teimww:contains>
      <p0826-teimww:lexia knoraType="link_value" linkType="ref" target="ww_620bbe7e9cb6a4d2"/>
    </p0826-teimww:contains>
    <p0826-teimww:hasPage knoraType="richtext_value">Act 5, scene 1, line 317.</p0826-teimww:hasPage>
    <p0826-teimww:hasText knoraType="richtext_value">[King:] [...] This grave shall have &lt;span class="quote"&gt;a living monument.&lt;/span&gt;</p0826-teimww:hasText>
    <p0826-teimww:isMentionedIn>
      <p0826-teimww:passage knoraType="link_value" linkType="ref" target="ww_95a2fb1972c247bc"/>
    </p0826-teimww:isMentionedIn>
    <p0826-teimww:occursIn>
      <p0826-teimww:book knoraType="link_value" linkType="ref" target="ww_5cb4c35da9f3b9dd"/>
    </p0826-teimww:occursIn>
    <p0826-teimww:wasContributedBy>
      <p0826-teimww:person knoraType="link_value" linkType="ref" target="ww_b604df587d93b768"/>
    </p0826-teimww:wasContributedBy>
  </p0826-teimww:passage>
  <p0826-teimww:passage id="ww_95a2fb1972c247bc">
    <knoraXmlImport:label>passage</knoraXmlImport:label>
    <p0826-teimww:occursIn>
      <p0826-teimww:book knoraType="link_value" linkType="ref" target="ww_5eeeb3e78e8b0bc3"/>
    </p0826-teimww:occursIn>
  </p0826-teimww:passage>
  <p0826-teimww:passage id="ww_81b25b087d989f08">
    <knoraXmlImport:label>passage</knoraXmlImport:label>
    <p0826-teimww:contains>
      <p0826-teimww:lexia knoraType="link_value" linkType="ref" target="ww_e2f5169b0db08ace"/>
    </p0826-teimww:contains>
    <p0826-teimww:hasPage knoraType="richtext_value">Act 3, scene 1, line 172.</p0826-teimww:hasPage>
    <p0826-teimww:hasText knoraType="richtext_value">[Ophelia:] [...] &lt;span class="quote"&gt;Like sweet bells jangled, out of tune and harsh &lt;/span&gt;[...].</p0826-teimww:hasText>
    <p0826-teimww:isMentionedIn>
      <p0826-teimww:passage knoraType="link_value" linkType="ref" target="ww_a6c43fdf8369e51b"/>
    </p0826-teimww:isMentionedIn>
    <p0826-teimww:occursIn>
      <p0826-teimww:book knoraType="link_value" linkType="ref" target="ww_5cb4c35da9f3b9dd"/>
    </p0826-teimww:occursIn>
    <p0826-teimww:wasContributedBy>
      <p0826-teimww:person knoraType="link_value" linkType="ref" target="ww_7f35f6802efd910d"/>
    </p0826-teimww:wasContributedBy>
  </p0826-teimww:passage>
  <p0826-teimww:passage id="ww_a6c43fdf8369e51b">
    <knoraXmlImport:label>passage</knoraXmlImport:label>
    <p0826-teimww:occursIn>
      <p0826-teimww:book knoraType="link_value" linkType="ref" target="ww_5868d5560bdfc062"/>
    </p0826-teimww:occursIn>
  </p0826-teimww:passage>
  <p0826-teimww:passage id="ww_524b304ea4a0e9e4">
    <knoraXmlImport:label>passage</knoraXmlImport:label>
    <p0826-teimww:contains>
      <p0826-teimww:lexia knoraType="link_value" linkType="ref" target="ww_c8f923873df6c746"/>
    </p0826-teimww:contains>
    <p0826-teimww:hasPage knoraType="richtext_value">Act 2, scene, line 145.</p0826-teimww:hasPage>
    <p0826-teimww:hasText knoraType="richtext_value">[Polonius:] [...] &lt;span class="quote"&gt;the desk or table-book &lt;/span&gt;[...].</p0826-teimww:hasText>
    <p0826-teimww:isMentionedIn>
      <p0826-teimww:passage knoraType="link_value" linkType="ref" target="ww_66f9d4a7c6a65b88"/>
    </p0826-teimww:isMentionedIn>
    <p0826-teimww:occursIn>
      <p0826-teimww:book knoraType="link_value" linkType="ref" target="ww_5cb4c35da9f3b9dd"/>
    </p0826-teimww:occursIn>
    <p0826-teimww:wasContributedBy>
      <p0826-teimww:person knoraType="link_value" linkType="ref" target="ww_c4063e9c72a3ffd2"/>
    </p0826-teimww:wasContributedBy>
  </p0826-teimww:passage>
  <p0826-teimww:passage id="ww_66f9d4a7c6a65b88">
    <knoraXmlImport:label>passage</knoraXmlImport:label>
    <p0826-teimww:occursIn>
      <p0826-teimww:book knoraType="link_value" linkType="ref" target="ww_2f65899f08b5bb71"/>
    </p0826-teimww:occursIn>
  </p0826-teimww:passage>
  <p0826-teimww:passage id="ww_e74e331cc839f150">
    <knoraXmlImport:label>passage</knoraXmlImport:label>
    <p0826-teimww:contains>
      <p0826-teimww:lexia knoraType="link_value" linkType="ref" target="ww_2ef6f1afe6e45507"/>
    </p0826-teimww:contains>
    <p0826-teimww:hasPage knoraType="richtext_value">Act 1, scene 4, lines 94-95.</p0826-teimww:hasPage>
    <p0826-teimww:hasText knoraType="richtext_value">[Hamlet:] [...] Still am I called. &lt;span class="quote"&gt;Unhand me, gentlemen. &lt;/span&gt;&lt;br&gt;
By heaven, I'll make a ghost of him that lets me!</p0826-teimww:hasText>
    <p0826-teimww:isMentionedIn>
      <p0826-teimww:passage knoraType="link_value" linkType="ref" target="ww_6b664db9b763f59f"/>
    </p0826-teimww:isMentionedIn>
    <p0826-teimww:occursIn>
      <p0826-teimww:book knoraType="link_value" linkType="ref" target="ww_5cb4c35da9f3b9dd"/>
    </p0826-teimww:occursIn>
    <p0826-teimww:wasContributedBy>
      <p0826-teimww:person knoraType="link_value" linkType="ref" target="ww_b604df587d93b768"/>
    </p0826-teimww:wasContributedBy>
  </p0826-teimww:passage>
  <p0826-teimww:passage id="ww_6b664db9b763f59f">
    <knoraXmlImport:label>passage</knoraXmlImport:label>
    <p0826-teimww:occursIn>
      <p0826-teimww:book knoraType="link_value" linkType="ref" target="ww_5868d5560bdfc062"/>
    </p0826-teimww:occursIn>
  </p0826-teimww:passage>
  <p0826-teimww:passage id="ww_19e3b00d0f6afeeb">
    <knoraXmlImport:label>passage</knoraXmlImport:label>
    <p0826-teimww:contains>
      <p0826-teimww:lexia knoraType="link_value" linkType="ref" target="ww_45aee35d33cb9291"/>
    </p0826-teimww:contains>
    <p0826-teimww:hasPage knoraType="richtext_value">Act 2, scene 2, line 183.</p0826-teimww:hasPage>
    <p0826-teimww:hasText knoraType="richtext_value">[Gertrude:] But, look, where &lt;span class="quote"&gt;sadly the poor wretch comes reading. &lt;/span&gt;</p0826-teimww:hasText>
    <p0826-teimww:isMentionedIn>
      <p0826-teimww:passage knoraType="link_value" linkType="ref" target="ww_ab8f82708b6ffa48"/>
    </p0826-teimww:isMentionedIn>
    <p0826-teimww:occursIn>
      <p0826-teimww:book knoraType="link_value" linkType="ref" target="ww_5cb4c35da9f3b9dd"/>
    </p0826-teimww:occursIn>
    <p0826-teimww:wasContributedBy>
      <p0826-teimww:person knoraType="link_value" linkType="ref" target="ww_c4063e9c72a3ffd2"/>
    </p0826-teimww:wasContributedBy>
  </p0826-teimww:passage>
  <p0826-teimww:passage id="ww_47edec24b1b78b72">
    <knoraXmlImport:label>passage</knoraXmlImport:label>
    <p0826-teimww:contains>
      <p0826-teimww:lexia knoraType="link_value" linkType="ref" target="ww_768db3c2b94cc30e"/>
    </p0826-teimww:contains>
    <p0826-teimww:hasPage knoraType="richtext_value">Act 3, scene 2, lines 18-19.</p0826-teimww:hasPage>
    <p0826-teimww:hasText knoraType="richtext_value">[Hamlet:] [...] &lt;span class="quote"&gt;Suit the action to the word, the word to the action &lt;/span&gt;[...].</p0826-teimww:hasText>
    <p0826-teimww:isMentionedIn>
      <p0826-teimww:passage knoraType="link_value" linkType="ref" target="ww_743cbd6afce656eb"/>
    </p0826-teimww:isMentionedIn>
    <p0826-teimww:isMentionedIn>
      <p0826-teimww:passage knoraType="link_value" linkType="ref" target="ww_e2b43404b454c078"/>
    </p0826-teimww:isMentionedIn>
    <p0826-teimww:occursIn>
      <p0826-teimww:book knoraType="link_value" linkType="ref" target="ww_5cb4c35da9f3b9dd"/>
    </p0826-teimww:occursIn>
    <p0826-teimww:wasContributedBy>
      <p0826-teimww:person knoraType="link_value" linkType="ref" target="ww_7f35f6802efd910d"/>
    </p0826-teimww:wasContributedBy>
  </p0826-teimww:passage>
  <p0826-teimww:passage id="ww_e2b43404b454c078">
    <knoraXmlImport:label>passage</knoraXmlImport:label>
    <p0826-teimww:occursIn>
      <p0826-teimww:book knoraType="link_value" linkType="ref" target="ww_1140c36ab545b6d8"/>
    </p0826-teimww:occursIn>
  </p0826-teimww:passage>
  <p0826-teimww:passage id="ww_743cbd6afce656eb">
    <knoraXmlImport:label>passage</knoraXmlImport:label>
    <p0826-teimww:occursIn>
      <p0826-teimww:book knoraType="link_value" linkType="ref" target="ww_4899784ecc7f3845"/>
    </p0826-teimww:occursIn>
  </p0826-teimww:passage>
  <p0826-teimww:passage id="ww_3238f57b548089f4">
    <knoraXmlImport:label>passage</knoraXmlImport:label>
    <p0826-teimww:contains>
      <p0826-teimww:lexia knoraType="link_value" linkType="ref" target="ww_0cd357c93e82a299"/>
    </p0826-teimww:contains>
    <p0826-teimww:hasPage knoraType="richtext_value">77; act 1, scene 3.</p0826-teimww:hasPage>
    <p0826-teimww:hasText knoraType="richtext_value">[Antonio:] [...] &lt;span class="quote"&gt;A blazing comet shot his threat'ning train &lt;/span&gt;[...].</p0826-teimww:hasText>
    <p0826-teimww:isMentionedIn>
      <p0826-teimww:passage knoraType="link_value" linkType="ref" target="ww_0eb4634932ea2916"/>
    </p0826-teimww:isMentionedIn>
    <p0826-teimww:occursIn>
      <p0826-teimww:book knoraType="link_value" linkType="ref" target="ww_436db7d05fb0f0f6"/>
    </p0826-teimww:occursIn>
    <p0826-teimww:wasContributedBy>
      <p0826-teimww:person knoraType="link_value" linkType="ref" target="ww_7f35f6802efd910d"/>
    </p0826-teimww:wasContributedBy>
  </p0826-teimww:passage>
  <p0826-teimww:passage id="ww_0eb4634932ea2916">
    <knoraXmlImport:label>passage</knoraXmlImport:label>
    <p0826-teimww:occursIn>
      <p0826-teimww:book knoraType="link_value" linkType="ref" target="ww_0f0f2ccb24fa3b96"/>
    </p0826-teimww:occursIn>
  </p0826-teimww:passage>
  <p0826-teimww:passage id="ww_4f1e87160973231b">
    <knoraXmlImport:label>passage</knoraXmlImport:label>
    <p0826-teimww:contains>
      <p0826-teimww:lexia knoraType="link_value" linkType="ref" target="ww_4c544b01f35a1ca2"/>
    </p0826-teimww:contains>
    <p0826-teimww:hasPage knoraType="richtext_value">Act 2, scene 2, line 190.</p0826-teimww:hasPage>
    <p0826-teimww:hasText knoraType="richtext_value">[Hamlet:] [...] &lt;span class="quote"&gt;you are a fishmonger.&lt;/span&gt;</p0826-teimww:hasText>
    <p0826-teimww:isMentionedIn>
      <p0826-teimww:passage knoraType="link_value" linkType="ref" target="ww_9cba18a36bd42981"/>
    </p0826-teimww:isMentionedIn>
    <p0826-teimww:isMentionedIn>
      <p0826-teimww:passage knoraType="link_value" linkType="ref" target="ww_17a0f7977b14d9e4"/>
    </p0826-teimww:isMentionedIn>
    <p0826-teimww:occursIn>
      <p0826-teimww:book knoraType="link_value" linkType="ref" target="ww_5cb4c35da9f3b9dd"/>
    </p0826-teimww:occursIn>
    <p0826-teimww:wasContributedBy>
      <p0826-teimww:person knoraType="link_value" linkType="ref" target="ww_c4063e9c72a3ffd2"/>
    </p0826-teimww:wasContributedBy>
  </p0826-teimww:passage>
  <p0826-teimww:passage id="ww_17a0f7977b14d9e4">
    <knoraXmlImport:label>passage</knoraXmlImport:label>
    <p0826-teimww:occursIn>
      <p0826-teimww:book knoraType="link_value" linkType="ref" target="ww_01a2557ffc81f6ca"/>
    </p0826-teimww:occursIn>
  </p0826-teimww:passage>
  <p0826-teimww:passage id="ww_9cba18a36bd42981">
    <knoraXmlImport:label>passage</knoraXmlImport:label>
    <p0826-teimww:occursIn>
      <p0826-teimww:book knoraType="link_value" linkType="ref" target="ww_71f9553b2f54e1b1"/>
    </p0826-teimww:occursIn>
  </p0826-teimww:passage>
  <p0826-teimww:passage id="ww_1ea34bb467a5a4bc">
    <knoraXmlImport:label>passage</knoraXmlImport:label>
    <p0826-teimww:contains>
      <p0826-teimww:lexia knoraType="link_value" linkType="ref" target="ww_2fc47f4282e51a25"/>
    </p0826-teimww:contains>
    <p0826-teimww:hasPage knoraType="richtext_value">Act 1, scene 3, line 124.</p0826-teimww:hasPage>
    <p0826-teimww:hasText knoraType="richtext_value">[Polonius:] Ay, &lt;span class="quote"&gt;springes to catch woodcocks. &lt;/span&gt;</p0826-teimww:hasText>
    <p0826-teimww:isMentionedIn>
      <p0826-teimww:passage knoraType="link_value" linkType="ref" target="ww_eaf2afa779aa3d90"/>
    </p0826-teimww:isMentionedIn>
    <p0826-teimww:occursIn>
      <p0826-teimww:book knoraType="link_value" linkType="ref" target="ww_5cb4c35da9f3b9dd"/>
    </p0826-teimww:occursIn>
    <p0826-teimww:wasContributedBy>
      <p0826-teimww:person knoraType="link_value" linkType="ref" target="ww_c4063e9c72a3ffd2"/>
    </p0826-teimww:wasContributedBy>
  </p0826-teimww:passage>
  <p0826-teimww:passage id="ww_d2d06dd69803bf71">
    <knoraXmlImport:label>passage</knoraXmlImport:label>
    <p0826-teimww:contains>
      <p0826-teimww:lexia knoraType="link_value" linkType="ref" target="ww_494153ffe41a261e"/>
    </p0826-teimww:contains>
    <p0826-teimww:hasPage knoraType="richtext_value">Act 1, scene 5, lines 10-12.</p0826-teimww:hasPage>
    <p0826-teimww:hasText knoraType="richtext_value">[Hamlet:] Speak.&lt;span class="quote"&gt; I am bound to hear. &lt;br&gt;&lt;/span&gt;
[Ghost:] &lt;span class="quote"&gt;So art thou to revenge, when thou shalt hear.&lt;br&gt;&lt;/span&gt;</p0826-teimww:hasText>
    <p0826-teimww:isMentionedIn>
      <p0826-teimww:passage knoraType="link_value" linkType="ref" target="ww_f5d0729acec605a1"/>
    </p0826-teimww:isMentionedIn>
    <p0826-teimww:isMentionedIn>
      <p0826-teimww:passage knoraType="link_value" linkType="ref" target="ww_a200afcd5609483c"/>
    </p0826-teimww:isMentionedIn>
    <p0826-teimww:isMentionedIn>
      <p0826-teimww:passage knoraType="link_value" linkType="ref" target="ww_f2c3a8f8affc0a78"/>
    </p0826-teimww:isMentionedIn>
    <p0826-teimww:isMentionedIn>
      <p0826-teimww:passage knoraType="link_value" linkType="ref" target="ww_f88982f6d451519d"/>
    </p0826-teimww:isMentionedIn>
    <p0826-teimww:occursIn>
      <p0826-teimww:book knoraType="link_value" linkType="ref" target="ww_5cb4c35da9f3b9dd"/>
    </p0826-teimww:occursIn>
    <p0826-teimww:wasContributedBy>
      <p0826-teimww:person knoraType="link_value" linkType="ref" target="ww_b604df587d93b768"/>
    </p0826-teimww:wasContributedBy>
  </p0826-teimww:passage>
  <p0826-teimww:passage id="ww_f5d0729acec605a1">
    <knoraXmlImport:label>passage</knoraXmlImport:label>
    <p0826-teimww:occursIn>
      <p0826-teimww:book knoraType="link_value" linkType="ref" target="ww_91e0dc4c671938fa"/>
    </p0826-teimww:occursIn>
  </p0826-teimww:passage>
  <p0826-teimww:passage id="ww_f2c3a8f8affc0a78">
    <knoraXmlImport:label>passage</knoraXmlImport:label>
    <p0826-teimww:occursIn>
      <p0826-teimww:book knoraType="link_value" linkType="ref" target="ww_703eb3f3a9bf6d41"/>
    </p0826-teimww:occursIn>
  </p0826-teimww:passage>
  <p0826-teimww:passage id="ww_a200afcd5609483c">
    <knoraXmlImport:label>passage</knoraXmlImport:label>
    <p0826-teimww:occursIn>
      <p0826-teimww:book knoraType="link_value" linkType="ref" target="ww_66c4283b87c123dd"/>
    </p0826-teimww:occursIn>
  </p0826-teimww:passage>
  <p0826-teimww:passage id="ww_f88982f6d451519d">
    <knoraXmlImport:label>passage</knoraXmlImport:label>
    <p0826-teimww:occursIn>
      <p0826-teimww:book knoraType="link_value" linkType="ref" target="ww_1140c36ab545b6d8"/>
    </p0826-teimww:occursIn>
  </p0826-teimww:passage>
  <p0826-teimww:passage id="ww_0e505de8fb43aecd">
    <knoraXmlImport:label>passage</knoraXmlImport:label>
    <p0826-teimww:contains>
      <p0826-teimww:lexia knoraType="link_value" linkType="ref" target="ww_4defe8e1575c82e5"/>
    </p0826-teimww:contains>
    <p0826-teimww:hasPage knoraType="richtext_value">Act 1, scene 2, line 13.</p0826-teimww:hasPage>
    <p0826-teimww:hasText knoraType="richtext_value">[Claudius:] [...]&lt;span class="quote"&gt; In equal scale weighing delight and dole&lt;/span&gt; [...].</p0826-teimww:hasText>
    <p0826-teimww:isMentionedIn>
      <p0826-teimww:passage knoraType="link_value" linkType="ref" target="ww_70fa2e89dbbb5fb7"/>
    </p0826-teimww:isMentionedIn>
    <p0826-teimww:occursIn>
      <p0826-teimww:book knoraType="link_value" linkType="ref" target="ww_5cb4c35da9f3b9dd"/>
    </p0826-teimww:occursIn>
    <p0826-teimww:wasContributedBy>
      <p0826-teimww:person knoraType="link_value" linkType="ref" target="ww_c4063e9c72a3ffd2"/>
    </p0826-teimww:wasContributedBy>
  </p0826-teimww:passage>
  <p0826-teimww:passage id="ww_70fa2e89dbbb5fb7">
    <knoraXmlImport:label>passage</knoraXmlImport:label>
    <p0826-teimww:occursIn>
      <p0826-teimww:book knoraType="link_value" linkType="ref" target="ww_b3931845d54b98d5"/>
    </p0826-teimww:occursIn>
  </p0826-teimww:passage>
  <p0826-teimww:passage id="ww_e370e9157051931c">
    <knoraXmlImport:label>passage</knoraXmlImport:label>
    <p0826-teimww:contains>
      <p0826-teimww:lexia knoraType="link_value" linkType="ref" target="ww_2dfdc9608ab7476a"/>
    </p0826-teimww:contains>
    <p0826-teimww:hasPage knoraType="richtext_value">Act 3, scene 2, lines 22-25.</p0826-teimww:hasPage>
    <p0826-teimww:hasText knoraType="richtext_value">[Hamlet:] [...] whose end, both at the first and now, was and is to &lt;span class="quote"&gt;hold, as 'twere, the mirror up to nature, &lt;/span&gt;to show virtue her own feature, scorn her own image [...].</p0826-teimww:hasText>
    <p0826-teimww:isMentionedIn>
      <p0826-teimww:passage knoraType="link_value" linkType="ref" target="ww_bc8e2827feef43d0"/>
    </p0826-teimww:isMentionedIn>
    <p0826-teimww:occursIn>
      <p0826-teimww:book knoraType="link_value" linkType="ref" target="ww_5cb4c35da9f3b9dd"/>
    </p0826-teimww:occursIn>
    <p0826-teimww:wasContributedBy>
      <p0826-teimww:person knoraType="link_value" linkType="ref" target="ww_7f35f6802efd910d"/>
    </p0826-teimww:wasContributedBy>
  </p0826-teimww:passage>
  <p0826-teimww:passage id="ww_bc8e2827feef43d0">
    <knoraXmlImport:label>passage</knoraXmlImport:label>
    <p0826-teimww:occursIn>
      <p0826-teimww:book knoraType="link_value" linkType="ref" target="ww_b5ea9b35c899d367"/>
    </p0826-teimww:occursIn>
  </p0826-teimww:passage>
  <p0826-teimww:passage id="ww_2046915cd7587b36">
    <knoraXmlImport:label>passage</knoraXmlImport:label>
    <p0826-teimww:contains>
      <p0826-teimww:lexia knoraType="link_value" linkType="ref" target="ww_5b7df94421322b7f"/>
    </p0826-teimww:contains>
    <p0826-teimww:hasPage knoraType="richtext_value">Act 3, scene 2, line 57.</p0826-teimww:hasPage>
    <p0826-teimww:hasText knoraType="richtext_value">[Hamlet:] [...] &lt;span class="quote"&gt;As e'er my conversation coped withal.&lt;/span&gt;</p0826-teimww:hasText>
    <p0826-teimww:isMentionedIn>
      <p0826-teimww:passage knoraType="link_value" linkType="ref" target="ww_f1cf9e17b25eaf05"/>
    </p0826-teimww:isMentionedIn>
    <p0826-teimww:occursIn>
      <p0826-teimww:book knoraType="link_value" linkType="ref" target="ww_5cb4c35da9f3b9dd"/>
    </p0826-teimww:occursIn>
    <p0826-teimww:wasContributedBy>
      <p0826-teimww:person knoraType="link_value" linkType="ref" target="ww_7f35f6802efd910d"/>
    </p0826-teimww:wasContributedBy>
  </p0826-teimww:passage>
  <p0826-teimww:passage id="ww_f1cf9e17b25eaf05">
    <knoraXmlImport:label>passage</knoraXmlImport:label>
    <p0826-teimww:occursIn>
      <p0826-teimww:book knoraType="link_value" linkType="ref" target="ww_df2b8c2f18df151a"/>
    </p0826-teimww:occursIn>
  </p0826-teimww:passage>
  <p0826-teimww:passage id="ww_c7974c5aff04af6d">
    <knoraXmlImport:label>passage</knoraXmlImport:label>
    <p0826-teimww:contains>
      <p0826-teimww:lexia knoraType="link_value" linkType="ref" target="ww_95459b6d2988155b"/>
    </p0826-teimww:contains>
    <p0826-teimww:hasPage knoraType="richtext_value">Act 2, scene 2, lines 599-600.</p0826-teimww:hasPage>
    <p0826-teimww:hasText knoraType="richtext_value">[Hamlet:] [...] Who calls me "villain"? breaks my pate across?
&lt;span class="quote"&gt;Plucks off my beard &lt;/span&gt;and blows it in my face?</p0826-teimww:hasText>
    <p0826-teimww:isMentionedIn>
      <p0826-teimww:passage knoraType="link_value" linkType="ref" target="ww_8fe3a78ee64b335f"/>
    </p0826-teimww:isMentionedIn>
    <p0826-teimww:isMentionedIn>
      <p0826-teimww:passage knoraType="link_value" linkType="ref" target="ww_6042af38c830f5d2"/>
    </p0826-teimww:isMentionedIn>
    <p0826-teimww:isMentionedIn>
      <p0826-teimww:passage knoraType="link_value" linkType="ref" target="ww_c23f559cfec66a80"/>
    </p0826-teimww:isMentionedIn>
    <p0826-teimww:occursIn>
      <p0826-teimww:book knoraType="link_value" linkType="ref" target="ww_5cb4c35da9f3b9dd"/>
    </p0826-teimww:occursIn>
    <p0826-teimww:wasContributedBy>
      <p0826-teimww:person knoraType="link_value" linkType="ref" target="ww_c4063e9c72a3ffd2"/>
    </p0826-teimww:wasContributedBy>
  </p0826-teimww:passage>
  <p0826-teimww:passage id="ww_6042af38c830f5d2">
    <knoraXmlImport:label>passage</knoraXmlImport:label>
    <p0826-teimww:occursIn>
      <p0826-teimww:book knoraType="link_value" linkType="ref" target="ww_0b28ed19a0540e1d"/>
    </p0826-teimww:occursIn>
  </p0826-teimww:passage>
  <p0826-teimww:passage id="ww_8fe3a78ee64b335f">
    <knoraXmlImport:label>passage</knoraXmlImport:label>
    <p0826-teimww:occursIn>
      <p0826-teimww:book knoraType="link_value" linkType="ref" target="ww_ca15500e7036f16e"/>
    </p0826-teimww:occursIn>
  </p0826-teimww:passage>
  <p0826-teimww:passage id="ww_c23f559cfec66a80">
    <knoraXmlImport:label>passage</knoraXmlImport:label>
    <p0826-teimww:occursIn>
      <p0826-teimww:book knoraType="link_value" linkType="ref" target="ww_15dba62495527dd5"/>
    </p0826-teimww:occursIn>
  </p0826-teimww:passage>
  <p0826-teimww:passage id="ww_30909d477948652f">
    <knoraXmlImport:label>passage</knoraXmlImport:label>
    <p0826-teimww:contains>
      <p0826-teimww:lexia knoraType="link_value" linkType="ref" target="ww_94c3132d084e725c"/>
    </p0826-teimww:contains>
    <p0826-teimww:hasPage knoraType="richtext_value">Act 1, scene 2, line 67.</p0826-teimww:hasPage>
    <p0826-teimww:hasText knoraType="richtext_value">[Hamlet:] A little &lt;span class="quote"&gt;more than kin, and less than kind.&lt;/span&gt;</p0826-teimww:hasText>
    <p0826-teimww:isMentionedIn>
      <p0826-teimww:passage knoraType="link_value" linkType="ref" target="ww_51428e21458e0799"/>
    </p0826-teimww:isMentionedIn>
    <p0826-teimww:occursIn>
      <p0826-teimww:book knoraType="link_value" linkType="ref" target="ww_5cb4c35da9f3b9dd"/>
    </p0826-teimww:occursIn>
    <p0826-teimww:wasContributedBy>
      <p0826-teimww:person knoraType="link_value" linkType="ref" target="ww_c4063e9c72a3ffd2"/>
    </p0826-teimww:wasContributedBy>
  </p0826-teimww:passage>
  <p0826-teimww:passage id="ww_51428e21458e0799">
    <knoraXmlImport:label>passage</knoraXmlImport:label>
    <p0826-teimww:occursIn>
      <p0826-teimww:book knoraType="link_value" linkType="ref" target="ww_55bc1a3b04bf8a8d"/>
    </p0826-teimww:occursIn>
  </p0826-teimww:passage>
  <p0826-teimww:passage id="ww_af7ac3d9ebc43d13">
    <knoraXmlImport:label>passage</knoraXmlImport:label>
    <p0826-teimww:contains>
      <p0826-teimww:lexia knoraType="link_value" linkType="ref" target="ww_d27ad72706d05bc9"/>
    </p0826-teimww:contains>
    <p0826-teimww:hasPage knoraType="richtext_value">Act 1, scene 5, line 14.</p0826-teimww:hasPage>
    <p0826-teimww:hasText knoraType="richtext_value">[Ghost:]&lt;span class="quote"&gt; I am thy father's spirit &lt;/span&gt; [...].</p0826-teimww:hasText>
    <p0826-teimww:isMentionedIn>
      <p0826-teimww:passage knoraType="link_value" linkType="ref" target="ww_e75ffc57c25fcc4d"/>
    </p0826-teimww:isMentionedIn>
    <p0826-teimww:occursIn>
      <p0826-teimww:book knoraType="link_value" linkType="ref" target="ww_5cb4c35da9f3b9dd"/>
    </p0826-teimww:occursIn>
    <p0826-teimww:wasContributedBy>
      <p0826-teimww:person knoraType="link_value" linkType="ref" target="ww_b604df587d93b768"/>
    </p0826-teimww:wasContributedBy>
  </p0826-teimww:passage>
  <p0826-teimww:passage id="ww_e75ffc57c25fcc4d">
    <knoraXmlImport:label>passage</knoraXmlImport:label>
    <p0826-teimww:occursIn>
      <p0826-teimww:book knoraType="link_value" linkType="ref" target="ww_f034fa6f545e0122"/>
    </p0826-teimww:occursIn>
  </p0826-teimww:passage>
  <p0826-teimww:passage id="ww_5b2fd9b6757fd8b8">
    <knoraXmlImport:label>passage</knoraXmlImport:label>
    <p0826-teimww:contains>
      <p0826-teimww:lexia knoraType="link_value" linkType="ref" target="ww_4cd2b10392cd7722"/>
    </p0826-teimww:contains>
    <p0826-teimww:hasPage knoraType="richtext_value">Act 1, scene 2, line 74.</p0826-teimww:hasPage>
    <p0826-teimww:hasText knoraType="richtext_value">[Gertrude:] [...] &lt;span class="quote"&gt;Thou know'st 'tis common; all that lives must die, &lt;br&gt;&lt;/span&gt;
Passing through nature to eternity.</p0826-teimww:hasText>
    <p0826-teimww:isMentionedIn>
      <p0826-teimww:passage knoraType="link_value" linkType="ref" target="ww_06a5f870568c4ae8"/>
    </p0826-teimww:isMentionedIn>
    <p0826-teimww:isMentionedIn>
      <p0826-teimww:passage knoraType="link_value" linkType="ref" target="ww_611e6af1cd415294"/>
    </p0826-teimww:isMentionedIn>
    <p0826-teimww:occursIn>
      <p0826-teimww:book knoraType="link_value" linkType="ref" target="ww_5cb4c35da9f3b9dd"/>
    </p0826-teimww:occursIn>
    <p0826-teimww:wasContributedBy>
      <p0826-teimww:person knoraType="link_value" linkType="ref" target="ww_c4063e9c72a3ffd2"/>
    </p0826-teimww:wasContributedBy>
  </p0826-teimww:passage>
  <p0826-teimww:passage id="ww_06a5f870568c4ae8">
    <knoraXmlImport:label>passage</knoraXmlImport:label>
    <p0826-teimww:occursIn>
      <p0826-teimww:book knoraType="link_value" linkType="ref" target="ww_f3b3659c26b68006"/>
    </p0826-teimww:occursIn>
  </p0826-teimww:passage>
  <p0826-teimww:passage id="ww_611e6af1cd415294">
    <knoraXmlImport:label>passage</knoraXmlImport:label>
    <p0826-teimww:occursIn>
      <p0826-teimww:book knoraType="link_value" linkType="ref" target="ww_cd1e70f8e2cd8c82"/>
    </p0826-teimww:occursIn>
  </p0826-teimww:passage>
  <p0826-teimww:passage id="ww_b4fca2d444f27eda">
    <knoraXmlImport:label>passage</knoraXmlImport:label>
    <p0826-teimww:contains>
      <p0826-teimww:lexia knoraType="link_value" linkType="ref" target="ww_4628ff1b47c5990c"/>
    </p0826-teimww:contains>
    <p0826-teimww:hasPage knoraType="richtext_value">Act 3, scene 2, lines 77-79.</p0826-teimww:hasPage>
    <p0826-teimww:hasText knoraType="richtext_value">[Hamlet:] [...] &lt;span class="quote"&gt;and I will wear him&lt;br&gt;
In my heart's core, ay, in my heart of heart, &lt;br&gt;&lt;/span&gt;
As I do thee.</p0826-teimww:hasText>
    <p0826-teimww:isMentionedIn>
      <p0826-teimww:passage knoraType="link_value" linkType="ref" target="ww_ca0cbd83e44183a2"/>
    </p0826-teimww:isMentionedIn>
    <p0826-teimww:isMentionedIn>
      <p0826-teimww:passage knoraType="link_value" linkType="ref" target="ww_f071b1d4e7c9a03e"/>
    </p0826-teimww:isMentionedIn>
    <p0826-teimww:occursIn>
      <p0826-teimww:book knoraType="link_value" linkType="ref" target="ww_5cb4c35da9f3b9dd"/>
    </p0826-teimww:occursIn>
    <p0826-teimww:wasContributedBy>
      <p0826-teimww:person knoraType="link_value" linkType="ref" target="ww_7f35f6802efd910d"/>
    </p0826-teimww:wasContributedBy>
  </p0826-teimww:passage>
  <p0826-teimww:passage id="ww_f071b1d4e7c9a03e">
    <knoraXmlImport:label>passage</knoraXmlImport:label>
    <p0826-teimww:occursIn>
      <p0826-teimww:book knoraType="link_value" linkType="ref" target="ww_27efae6f396668e8"/>
    </p0826-teimww:occursIn>
  </p0826-teimww:passage>
  <p0826-teimww:passage id="ww_ca0cbd83e44183a2">
    <knoraXmlImport:label>passage</knoraXmlImport:label>
    <p0826-teimww:occursIn>
      <p0826-teimww:book knoraType="link_value" linkType="ref" target="ww_1140c36ab545b6d8"/>
    </p0826-teimww:occursIn>
  </p0826-teimww:passage>
  <p0826-teimww:passage id="ww_4313828a971cf9f5">
    <knoraXmlImport:label>passage</knoraXmlImport:label>
    <p0826-teimww:contains>
      <p0826-teimww:lexia knoraType="link_value" linkType="ref" target="ww_2736deb5ccf8362c"/>
    </p0826-teimww:contains>
    <p0826-teimww:hasPage knoraType="richtext_value">Act 1, scene 2, line 97.</p0826-teimww:hasPage>
    <p0826-teimww:hasText knoraType="richtext_value">[Claudius:] [...] in obstinate&lt;span class="quote"&gt; condolement &lt;/span&gt;[...].</p0826-teimww:hasText>
    <p0826-teimww:isMentionedIn>
      <p0826-teimww:passage knoraType="link_value" linkType="ref" target="ww_56475319f592581f"/>
    </p0826-teimww:isMentionedIn>
    <p0826-teimww:occursIn>
      <p0826-teimww:book knoraType="link_value" linkType="ref" target="ww_5cb4c35da9f3b9dd"/>
    </p0826-teimww:occursIn>
    <p0826-teimww:wasContributedBy>
      <p0826-teimww:person knoraType="link_value" linkType="ref" target="ww_c4063e9c72a3ffd2"/>
    </p0826-teimww:wasContributedBy>
  </p0826-teimww:passage>
  <p0826-teimww:passage id="ww_56475319f592581f">
    <knoraXmlImport:label>passage</knoraXmlImport:label>
    <p0826-teimww:occursIn>
      <p0826-teimww:book knoraType="link_value" linkType="ref" target="ww_3e15ab6c612eadae"/>
    </p0826-teimww:occursIn>
  </p0826-teimww:passage>
  <p0826-teimww:passage id="ww_3b754564050068af">
    <knoraXmlImport:label>passage</knoraXmlImport:label>
    <p0826-teimww:contains>
      <p0826-teimww:lexia knoraType="link_value" linkType="ref" target="ww_256005469b8cc139"/>
    </p0826-teimww:contains>
    <p0826-teimww:hasPage knoraType="richtext_value">Act 3, scene 2, line 86.</p0826-teimww:hasPage>
    <p0826-teimww:hasText knoraType="richtext_value">[Hamlet:] [...] &lt;span class="quote"&gt;Do not itself unkennel in one speech &lt;/span&gt;[...]</p0826-teimww:hasText>
    <p0826-teimww:isMentionedIn>
      <p0826-teimww:passage knoraType="link_value" linkType="ref" target="ww_170c1f4744bec000"/>
    </p0826-teimww:isMentionedIn>
    <p0826-teimww:occursIn>
      <p0826-teimww:book knoraType="link_value" linkType="ref" target="ww_5cb4c35da9f3b9dd"/>
    </p0826-teimww:occursIn>
    <p0826-teimww:wasContributedBy>
      <p0826-teimww:person knoraType="link_value" linkType="ref" target="ww_7f35f6802efd910d"/>
    </p0826-teimww:wasContributedBy>
  </p0826-teimww:passage>
  <p0826-teimww:passage id="ww_170c1f4744bec000">
    <knoraXmlImport:label>passage</knoraXmlImport:label>
    <p0826-teimww:occursIn>
      <p0826-teimww:book knoraType="link_value" linkType="ref" target="ww_b3931845d54b98d5"/>
    </p0826-teimww:occursIn>
  </p0826-teimww:passage>
  <p0826-teimww:passage id="ww_897bc52548c5633f">
    <knoraXmlImport:label>passage</knoraXmlImport:label>
    <p0826-teimww:contains>
      <p0826-teimww:lexia knoraType="link_value" linkType="ref" target="ww_6dcde8d38de6a67f"/>
    </p0826-teimww:contains>
    <p0826-teimww:hasPage knoraType="richtext_value">Act 1, scene 2, lines 105-106.</p0826-teimww:hasPage>
    <p0826-teimww:hasText knoraType="richtext_value">[Claudius:] [...] Fie, &lt;span class="quote"&gt;'tis a fault to heaven,&lt;br&gt;
A fault against the dead, a fault to nature &lt;/span&gt;[...].</p0826-teimww:hasText>
    <p0826-teimww:isMentionedIn>
      <p0826-teimww:passage knoraType="link_value" linkType="ref" target="ww_173da2cc98216180"/>
    </p0826-teimww:isMentionedIn>
    <p0826-teimww:occursIn>
      <p0826-teimww:book knoraType="link_value" linkType="ref" target="ww_5cb4c35da9f3b9dd"/>
    </p0826-teimww:occursIn>
    <p0826-teimww:wasContributedBy>
      <p0826-teimww:person knoraType="link_value" linkType="ref" target="ww_c4063e9c72a3ffd2"/>
    </p0826-teimww:wasContributedBy>
  </p0826-teimww:passage>
  <p0826-teimww:passage id="ww_173da2cc98216180">
    <knoraXmlImport:label>passage</knoraXmlImport:label>
    <p0826-teimww:occursIn>
      <p0826-teimww:book knoraType="link_value" linkType="ref" target="ww_5af91280461707f1"/>
    </p0826-teimww:occursIn>
  </p0826-teimww:passage>
  <p0826-teimww:passage id="ww_30aa176e7486e15a">
    <knoraXmlImport:label>passage</knoraXmlImport:label>
    <p0826-teimww:contains>
      <p0826-teimww:lexia knoraType="link_value" linkType="ref" target="ww_08894dbb901a6313"/>
    </p0826-teimww:contains>
    <p0826-teimww:hasPage knoraType="richtext_value">Act 1, scene 5, line 19.</p0826-teimww:hasPage>
    <p0826-teimww:hasText knoraType="richtext_value">[Ghost:] [...] To tell &lt;span class="quote"&gt;the secrets of my prison house&lt;/span&gt; [...].</p0826-teimww:hasText>
    <p0826-teimww:isMentionedIn>
      <p0826-teimww:passage knoraType="link_value" linkType="ref" target="ww_8ab3efe366ac080a"/>
    </p0826-teimww:isMentionedIn>
    <p0826-teimww:occursIn>
      <p0826-teimww:book knoraType="link_value" linkType="ref" target="ww_5cb4c35da9f3b9dd"/>
    </p0826-teimww:occursIn>
    <p0826-teimww:wasContributedBy>
      <p0826-teimww:person knoraType="link_value" linkType="ref" target="ww_b604df587d93b768"/>
    </p0826-teimww:wasContributedBy>
  </p0826-teimww:passage>
  <p0826-teimww:passage id="ww_8ab3efe366ac080a">
    <knoraXmlImport:label>passage</knoraXmlImport:label>
    <p0826-teimww:occursIn>
      <p0826-teimww:book knoraType="link_value" linkType="ref" target="ww_1140c36ab545b6d8"/>
    </p0826-teimww:occursIn>
  </p0826-teimww:passage>
  <p0826-teimww:passage id="ww_c33dda639f43be88">
    <knoraXmlImport:label>passage</knoraXmlImport:label>
    <p0826-teimww:contains>
      <p0826-teimww:lexia knoraType="link_value" linkType="ref" target="ww_6405000775828d26"/>
    </p0826-teimww:contains>
    <p0826-teimww:hasPage knoraType="richtext_value">Act 5, scene 2, line 398.</p0826-teimww:hasPage>
    <p0826-teimww:hasText knoraType="richtext_value">[Horatio:] [...] &lt;span class="quote"&gt;And flights of angels sing thee to thy rest!&lt;/span&gt;</p0826-teimww:hasText>
    <p0826-teimww:isMentionedIn>
      <p0826-teimww:passage knoraType="link_value" linkType="ref" target="ww_addbfa06d6cbb28d"/>
    </p0826-teimww:isMentionedIn>
    <p0826-teimww:occursIn>
      <p0826-teimww:book knoraType="link_value" linkType="ref" target="ww_5cb4c35da9f3b9dd"/>
    </p0826-teimww:occursIn>
    <p0826-teimww:wasContributedBy>
      <p0826-teimww:person knoraType="link_value" linkType="ref" target="ww_c4063e9c72a3ffd2"/>
    </p0826-teimww:wasContributedBy>
  </p0826-teimww:passage>
  <p0826-teimww:passage id="ww_addbfa06d6cbb28d">
    <knoraXmlImport:label>passage</knoraXmlImport:label>
    <p0826-teimww:occursIn>
      <p0826-teimww:book knoraType="link_value" linkType="ref" target="ww_1140c36ab545b6d8"/>
    </p0826-teimww:occursIn>
  </p0826-teimww:passage>
  <p0826-teimww:passage id="ww_ada99b4e8426edcb">
    <knoraXmlImport:label>passage</knoraXmlImport:label>
    <p0826-teimww:contains>
      <p0826-teimww:lexia knoraType="link_value" linkType="ref" target="ww_2301d9ccc52e99ec"/>
    </p0826-teimww:contains>
    <p0826-teimww:hasPage knoraType="richtext_value">Act 3, scene 2, line 87.</p0826-teimww:hasPage>
    <p0826-teimww:hasText knoraType="richtext_value">[Hamlet:] [...] &lt;span class="quote"&gt;It is a damnèd ghost that we have seen&lt;/span&gt; [...] </p0826-teimww:hasText>
    <p0826-teimww:isMentionedIn>
      <p0826-teimww:passage knoraType="link_value" linkType="ref" target="ww_23acabd3cc3c5e75"/>
    </p0826-teimww:isMentionedIn>
    <p0826-teimww:occursIn>
      <p0826-teimww:book knoraType="link_value" linkType="ref" target="ww_5cb4c35da9f3b9dd"/>
    </p0826-teimww:occursIn>
    <p0826-teimww:wasContributedBy>
      <p0826-teimww:person knoraType="link_value" linkType="ref" target="ww_7f35f6802efd910d"/>
    </p0826-teimww:wasContributedBy>
  </p0826-teimww:passage>
  <p0826-teimww:passage id="ww_23acabd3cc3c5e75">
    <knoraXmlImport:label>passage</knoraXmlImport:label>
    <p0826-teimww:occursIn>
      <p0826-teimww:book knoraType="link_value" linkType="ref" target="ww_1140c36ab545b6d8"/>
    </p0826-teimww:occursIn>
  </p0826-teimww:passage>
  <p0826-teimww:passage id="ww_cda24b35547a3d5f">
    <knoraXmlImport:label>passage</knoraXmlImport:label>
    <p0826-teimww:contains>
      <p0826-teimww:lexia knoraType="link_value" linkType="ref" target="ww_3458653007f03445"/>
    </p0826-teimww:contains>
    <p0826-teimww:hasPage knoraType="richtext_value">Act 1, scene 5, lines 22-23.</p0826-teimww:hasPage>
    <p0826-teimww:hasText knoraType="richtext_value">[Ghost:] [...] &lt;span class="quote"&gt;Make thy two eyes, like stars, start from their spheres&lt;/span&gt; [...].</p0826-teimww:hasText>
    <p0826-teimww:isMentionedIn>
      <p0826-teimww:passage knoraType="link_value" linkType="ref" target="ww_c8cb7c58afa8510b"/>
    </p0826-teimww:isMentionedIn>
    <p0826-teimww:occursIn>
      <p0826-teimww:book knoraType="link_value" linkType="ref" target="ww_5cb4c35da9f3b9dd"/>
    </p0826-teimww:occursIn>
    <p0826-teimww:wasContributedBy>
      <p0826-teimww:person knoraType="link_value" linkType="ref" target="ww_b604df587d93b768"/>
    </p0826-teimww:wasContributedBy>
  </p0826-teimww:passage>
  <p0826-teimww:passage id="ww_c8cb7c58afa8510b">
    <knoraXmlImport:label>passage</knoraXmlImport:label>
    <p0826-teimww:occursIn>
      <p0826-teimww:book knoraType="link_value" linkType="ref" target="ww_1140c36ab545b6d8"/>
    </p0826-teimww:occursIn>
  </p0826-teimww:passage>
  <p0826-teimww:passage id="ww_f8219ad78a31eb38">
    <knoraXmlImport:label>passage</knoraXmlImport:label>
    <p0826-teimww:contains>
      <p0826-teimww:lexia knoraType="link_value" linkType="ref" target="ww_a52690aee2fb5674"/>
    </p0826-teimww:contains>
    <p0826-teimww:hasPage knoraType="richtext_value">Act 3, scene 2, line 125.</p0826-teimww:hasPage>
    <p0826-teimww:hasText knoraType="richtext_value">[Hamlet:] [...] &lt;span class="quote"&gt;That's a fair thought to lie between maids' legs.&lt;/span&gt;</p0826-teimww:hasText>
    <p0826-teimww:isMentionedIn>
      <p0826-teimww:passage knoraType="link_value" linkType="ref" target="ww_25def4245ebcb993"/>
    </p0826-teimww:isMentionedIn>
    <p0826-teimww:isMentionedIn>
      <p0826-teimww:passage knoraType="link_value" linkType="ref" target="ww_bdff04a5655e4036"/>
    </p0826-teimww:isMentionedIn>
    <p0826-teimww:occursIn>
      <p0826-teimww:book knoraType="link_value" linkType="ref" target="ww_5cb4c35da9f3b9dd"/>
    </p0826-teimww:occursIn>
    <p0826-teimww:wasContributedBy>
      <p0826-teimww:person knoraType="link_value" linkType="ref" target="ww_7f35f6802efd910d"/>
    </p0826-teimww:wasContributedBy>
  </p0826-teimww:passage>
  <p0826-teimww:passage id="ww_bdff04a5655e4036">
    <knoraXmlImport:label>passage</knoraXmlImport:label>
    <p0826-teimww:occursIn>
      <p0826-teimww:book knoraType="link_value" linkType="ref" target="ww_2f65899f08b5bb71"/>
    </p0826-teimww:occursIn>
  </p0826-teimww:passage>
  <p0826-teimww:passage id="ww_25def4245ebcb993">
    <knoraXmlImport:label>passage</knoraXmlImport:label>
    <p0826-teimww:occursIn>
      <p0826-teimww:book knoraType="link_value" linkType="ref" target="ww_1140c36ab545b6d8"/>
    </p0826-teimww:occursIn>
  </p0826-teimww:passage>
  <p0826-teimww:passage id="ww_2932e5fe564838fd">
    <knoraXmlImport:label>passage</knoraXmlImport:label>
    <p0826-teimww:contains>
      <p0826-teimww:lexia knoraType="link_value" linkType="ref" target="ww_4b0e737d8fdaacf3"/>
    </p0826-teimww:contains>
    <p0826-teimww:hasPage knoraType="richtext_value">Act 3, scene 2, lines 143-144.</p0826-teimww:hasPage>
    <p0826-teimww:hasText knoraType="richtext_value">[Hamlet:] [...] &lt;span class="quote"&gt;hobby-horse, whose epitaph is “For oh, for oh, the hobby-horse is forgot.&lt;/span&gt;</p0826-teimww:hasText>
    <p0826-teimww:isMentionedIn>
      <p0826-teimww:passage knoraType="link_value" linkType="ref" target="ww_53430599e83ab23e"/>
    </p0826-teimww:isMentionedIn>
    <p0826-teimww:occursIn>
      <p0826-teimww:book knoraType="link_value" linkType="ref" target="ww_5cb4c35da9f3b9dd"/>
    </p0826-teimww:occursIn>
    <p0826-teimww:wasContributedBy>
      <p0826-teimww:person knoraType="link_value" linkType="ref" target="ww_7f35f6802efd910d"/>
    </p0826-teimww:wasContributedBy>
  </p0826-teimww:passage>
  <p0826-teimww:passage id="ww_53430599e83ab23e">
    <knoraXmlImport:label>passage</knoraXmlImport:label>
    <p0826-teimww:occursIn>
      <p0826-teimww:book knoraType="link_value" linkType="ref" target="ww_b3931845d54b98d5"/>
    </p0826-teimww:occursIn>
  </p0826-teimww:passage>
  <p0826-teimww:passage id="ww_ea9fc9d17f434b5e">
    <knoraXmlImport:label>passage</knoraXmlImport:label>
    <p0826-teimww:contains>
      <p0826-teimww:lexia knoraType="link_value" linkType="ref" target="ww_a2e8ea5160a5f801"/>
    </p0826-teimww:contains>
    <p0826-teimww:hasPage knoraType="richtext_value">Act 1, scene 5, line 26.</p0826-teimww:hasPage>
    <p0826-teimww:hasText knoraType="richtext_value">[Ghost:] [...] Like&lt;span class="quote"&gt; quills upon the fearful porpentine.&lt;/span&gt;</p0826-teimww:hasText>
    <p0826-teimww:isMentionedIn>
      <p0826-teimww:passage knoraType="link_value" linkType="ref" target="ww_d35d280c8bc59121"/>
    </p0826-teimww:isMentionedIn>
    <p0826-teimww:occursIn>
      <p0826-teimww:book knoraType="link_value" linkType="ref" target="ww_5cb4c35da9f3b9dd"/>
    </p0826-teimww:occursIn>
    <p0826-teimww:wasContributedBy>
      <p0826-teimww:person knoraType="link_value" linkType="ref" target="ww_b604df587d93b768"/>
    </p0826-teimww:wasContributedBy>
  </p0826-teimww:passage>
  <p0826-teimww:passage id="ww_d35d280c8bc59121">
    <knoraXmlImport:label>passage</knoraXmlImport:label>
    <p0826-teimww:occursIn>
      <p0826-teimww:book knoraType="link_value" linkType="ref" target="ww_1140c36ab545b6d8"/>
    </p0826-teimww:occursIn>
  </p0826-teimww:passage>
  <p0826-teimww:passage id="ww_fe1a59e72e144a7d">
    <knoraXmlImport:label>passage</knoraXmlImport:label>
    <p0826-teimww:contains>
      <p0826-teimww:lexia knoraType="link_value" linkType="ref" target="ww_acba4f4e8333cab5"/>
    </p0826-teimww:contains>
    <p0826-teimww:hasPage knoraType="richtext_value">Act 1, Scene 2, line 210.</p0826-teimww:hasPage>
    <p0826-teimww:hasText knoraType="richtext_value">[Horatio:] [...] Armed at point exactly, &lt;span class="quote"&gt;cap-à-pie &lt;/span&gt;[...].</p0826-teimww:hasText>
    <p0826-teimww:isMentionedIn>
      <p0826-teimww:passage knoraType="link_value" linkType="ref" target="ww_fba72c905ec35b69"/>
    </p0826-teimww:isMentionedIn>
    <p0826-teimww:isMentionedIn>
      <p0826-teimww:passage knoraType="link_value" linkType="ref" target="ww_13a6a72357466a26"/>
    </p0826-teimww:isMentionedIn>
    <p0826-teimww:occursIn>
      <p0826-teimww:book knoraType="link_value" linkType="ref" target="ww_5cb4c35da9f3b9dd"/>
    </p0826-teimww:occursIn>
    <p0826-teimww:wasContributedBy>
      <p0826-teimww:person knoraType="link_value" linkType="ref" target="ww_c4063e9c72a3ffd2"/>
    </p0826-teimww:wasContributedBy>
  </p0826-teimww:passage>
  <p0826-teimww:passage id="ww_13a6a72357466a26">
    <knoraXmlImport:label>passage</knoraXmlImport:label>
    <p0826-teimww:occursIn>
      <p0826-teimww:book knoraType="link_value" linkType="ref" target="ww_91e0dc4c671938fa"/>
    </p0826-teimww:occursIn>
  </p0826-teimww:passage>
  <p0826-teimww:passage id="ww_fba72c905ec35b69">
    <knoraXmlImport:label>passage</knoraXmlImport:label>
    <p0826-teimww:occursIn>
      <p0826-teimww:book knoraType="link_value" linkType="ref" target="ww_b3931845d54b98d5"/>
    </p0826-teimww:occursIn>
  </p0826-teimww:passage>
  <p0826-teimww:passage id="ww_5c7e7d1d03157845">
    <knoraXmlImport:label>passage</knoraXmlImport:label>
    <p0826-teimww:contains>
      <p0826-teimww:lexia knoraType="link_value" linkType="ref" target="ww_3d11fab1e02314cb"/>
    </p0826-teimww:contains>
    <p0826-teimww:hasPage knoraType="richtext_value">Act 3, scene 2, line 157.</p0826-teimww:hasPage>
    <p0826-teimww:hasText knoraType="richtext_value">[Ophelia:] &lt;span class="quote"&gt;What means this, my lord?&lt;/span&gt;</p0826-teimww:hasText>
    <p0826-teimww:isMentionedIn>
      <p0826-teimww:passage knoraType="link_value" linkType="ref" target="ww_675a3828b83f0c90"/>
    </p0826-teimww:isMentionedIn>
    <p0826-teimww:occursIn>
      <p0826-teimww:book knoraType="link_value" linkType="ref" target="ww_5cb4c35da9f3b9dd"/>
    </p0826-teimww:occursIn>
    <p0826-teimww:wasContributedBy>
      <p0826-teimww:person knoraType="link_value" linkType="ref" target="ww_7f35f6802efd910d"/>
    </p0826-teimww:wasContributedBy>
  </p0826-teimww:passage>
  <p0826-teimww:passage id="ww_675a3828b83f0c90">
    <knoraXmlImport:label>passage</knoraXmlImport:label>
    <p0826-teimww:occursIn>
      <p0826-teimww:book knoraType="link_value" linkType="ref" target="ww_e38a56a7efbf9723"/>
    </p0826-teimww:occursIn>
  </p0826-teimww:passage>
  <p0826-teimww:passage id="ww_d88bd230e66697f1">
    <knoraXmlImport:label>passage</knoraXmlImport:label>
    <p0826-teimww:contains>
      <p0826-teimww:lexia knoraType="link_value" linkType="ref" target="ww_08e2c9a6bfcbc361"/>
    </p0826-teimww:contains>
    <p0826-teimww:hasPage knoraType="richtext_value">Act 3, scene 2, line 158.</p0826-teimww:hasPage>
    <p0826-teimww:hasText knoraType="richtext_value">[Hamlet:] Marry, this is &lt;span class="quote"&gt;miching mallecho; &lt;/span&gt;it means mischief.</p0826-teimww:hasText>
    <p0826-teimww:isMentionedIn>
      <p0826-teimww:passage knoraType="link_value" linkType="ref" target="ww_fab8c1689b4dba71"/>
    </p0826-teimww:isMentionedIn>
    <p0826-teimww:occursIn>
      <p0826-teimww:book knoraType="link_value" linkType="ref" target="ww_5cb4c35da9f3b9dd"/>
    </p0826-teimww:occursIn>
    <p0826-teimww:wasContributedBy>
      <p0826-teimww:person knoraType="link_value" linkType="ref" target="ww_7f35f6802efd910d"/>
    </p0826-teimww:wasContributedBy>
  </p0826-teimww:passage>
  <p0826-teimww:passage id="ww_fab8c1689b4dba71">
    <knoraXmlImport:label>passage</knoraXmlImport:label>
    <p0826-teimww:occursIn>
      <p0826-teimww:book knoraType="link_value" linkType="ref" target="ww_3e15ab6c612eadae"/>
    </p0826-teimww:occursIn>
  </p0826-teimww:passage>
  <p0826-teimww:passage id="ww_8c592a717c3a88cf">
    <knoraXmlImport:label>passage</knoraXmlImport:label>
    <p0826-teimww:contains>
      <p0826-teimww:lexia knoraType="link_value" linkType="ref" target="ww_da2ab5d68ce5b240"/>
    </p0826-teimww:contains>
    <p0826-teimww:hasPage knoraType="richtext_value">Act 1, scene 5, lines</p0826-teimww:hasPage>
    <p0826-teimww:hasText knoraType="richtext_value">[Hamlet:] Haste me to know 't, that I, &lt;span class="quote"&gt;with wings as swift &lt;br&gt;
As meditation or the thoughts of love, &lt;/span&gt;&lt;br&gt;
May sweep to my revenge.</p0826-teimww:hasText>
    <p0826-teimww:isMentionedIn>
      <p0826-teimww:passage knoraType="link_value" linkType="ref" target="ww_9690279d9bbe1c0d"/>
    </p0826-teimww:isMentionedIn>
    <p0826-teimww:isMentionedIn>
      <p0826-teimww:passage knoraType="link_value" linkType="ref" target="ww_8ed169d25d88c52d"/>
    </p0826-teimww:isMentionedIn>
    <p0826-teimww:isMentionedIn>
      <p0826-teimww:passage knoraType="link_value" linkType="ref" target="ww_c58dd22a4f255eb1"/>
    </p0826-teimww:isMentionedIn>
    <p0826-teimww:occursIn>
      <p0826-teimww:book knoraType="link_value" linkType="ref" target="ww_5cb4c35da9f3b9dd"/>
    </p0826-teimww:occursIn>
    <p0826-teimww:wasContributedBy>
      <p0826-teimww:person knoraType="link_value" linkType="ref" target="ww_b604df587d93b768"/>
    </p0826-teimww:wasContributedBy>
  </p0826-teimww:passage>
  <p0826-teimww:passage id="ww_8ed169d25d88c52d">
    <knoraXmlImport:label>passage</knoraXmlImport:label>
    <p0826-teimww:occursIn>
      <p0826-teimww:book knoraType="link_value" linkType="ref" target="ww_5868d5560bdfc062"/>
    </p0826-teimww:occursIn>
  </p0826-teimww:passage>
  <p0826-teimww:passage id="ww_c58dd22a4f255eb1">
    <knoraXmlImport:label>passage</knoraXmlImport:label>
    <p0826-teimww:occursIn>
      <p0826-teimww:book knoraType="link_value" linkType="ref" target="ww_160b060adc5c12bf"/>
    </p0826-teimww:occursIn>
  </p0826-teimww:passage>
  <p0826-teimww:passage id="ww_9690279d9bbe1c0d">
    <knoraXmlImport:label>passage</knoraXmlImport:label>
    <p0826-teimww:occursIn>
      <p0826-teimww:book knoraType="link_value" linkType="ref" target="ww_1140c36ab545b6d8"/>
    </p0826-teimww:occursIn>
  </p0826-teimww:passage>
  <p0826-teimww:passage id="ww_3c3a1492c1e3902d">
    <knoraXmlImport:label>passage</knoraXmlImport:label>
    <p0826-teimww:contains>
      <p0826-teimww:lexia knoraType="link_value" linkType="ref" target="ww_9683a1087561d1b4"/>
    </p0826-teimww:contains>
    <p0826-teimww:hasPage knoraType="richtext_value">87; act 2, scene 2 [normalized spelling].</p0826-teimww:hasPage>
    <p0826-teimww:hasPageHist knoraType="richtext_value">87; act 2, scene 2.</p0826-teimww:hasPageHist>
    <p0826-teimww:hasText knoraType="richtext_value">[Pandulpho:] Methinks I hear &lt;span class="quote"&gt;a humming murmur creep from out his jellied wounds. &lt;/span&gt;Look on those lips [...].</p0826-teimww:hasText>
    <p0826-teimww:hasTextHist knoraType="richtext_value">[Pandulpho:] Methinks I hear &lt;span class="quote"&gt;a humming murmur creep from out his gellied wounds. &lt;/span&gt;Look on those lips [...].</p0826-teimww:hasTextHist>
    <p0826-teimww:isMentionedIn>
      <p0826-teimww:passage knoraType="link_value" linkType="ref" target="ww_7171dd14f9114e0d"/>
    </p0826-teimww:isMentionedIn>
    <p0826-teimww:occursIn>
      <p0826-teimww:book knoraType="link_value" linkType="ref" target="ww_436db7d05fb0f0f6"/>
    </p0826-teimww:occursIn>
    <p0826-teimww:wasContributedBy>
      <p0826-teimww:person knoraType="link_value" linkType="ref" target="ww_7f35f6802efd910d"/>
    </p0826-teimww:wasContributedBy>
  </p0826-teimww:passage>
  <p0826-teimww:passage id="ww_7171dd14f9114e0d">
    <knoraXmlImport:label>passage</knoraXmlImport:label>
    <p0826-teimww:occursIn>
      <p0826-teimww:book knoraType="link_value" linkType="ref" target="ww_0f0f2ccb24fa3b96"/>
    </p0826-teimww:occursIn>
  </p0826-teimww:passage>
  <p0826-teimww:passage id="ww_772338ce16f44677">
    <knoraXmlImport:label>passage</knoraXmlImport:label>
    <p0826-teimww:contains>
      <p0826-teimww:lexia knoraType="link_value" linkType="ref" target="ww_3f3a4d35d9b5b6b0"/>
    </p0826-teimww:contains>
    <p0826-teimww:hasPage knoraType="richtext_value">Act 3, scene 2, line 196.</p0826-teimww:hasPage>
    <p0826-teimww:hasText knoraType="richtext_value">[Player King:] My&lt;span class="quote"&gt; operant powers &lt;/span&gt;their functions leave to do.</p0826-teimww:hasText>
    <p0826-teimww:isMentionedIn>
      <p0826-teimww:passage knoraType="link_value" linkType="ref" target="ww_c4076d09bd8d147d"/>
    </p0826-teimww:isMentionedIn>
    <p0826-teimww:occursIn>
      <p0826-teimww:book knoraType="link_value" linkType="ref" target="ww_5cb4c35da9f3b9dd"/>
    </p0826-teimww:occursIn>
    <p0826-teimww:wasContributedBy>
      <p0826-teimww:person knoraType="link_value" linkType="ref" target="ww_7f35f6802efd910d"/>
    </p0826-teimww:wasContributedBy>
  </p0826-teimww:passage>
  <p0826-teimww:passage id="ww_c4076d09bd8d147d">
    <knoraXmlImport:label>passage</knoraXmlImport:label>
    <p0826-teimww:occursIn>
      <p0826-teimww:book knoraType="link_value" linkType="ref" target="ww_ae88354a1d70cefb"/>
    </p0826-teimww:occursIn>
  </p0826-teimww:passage>
  <p0826-teimww:passage id="ww_f90230f5150b2592">
    <knoraXmlImport:label>passage</knoraXmlImport:label>
    <p0826-teimww:contains>
      <p0826-teimww:lexia knoraType="link_value" linkType="ref" target="ww_2139e0850ed6a9a8"/>
    </p0826-teimww:contains>
    <p0826-teimww:hasPage knoraType="richtext_value">Act 4, scene 3, lines 22-26</p0826-teimww:hasPage>
    <p0826-teimww:hasText knoraType="richtext_value">[Hamlet:] &lt;span class="quote"&gt;Not where he eats, but where he is eaten. A certain convocation of politic worms are e’en at him. Your worm is your only emperor for diet. We fat all creatures else to fat us, and we fat ourselves for maggots.&lt;/span&gt;</p0826-teimww:hasText>
    <p0826-teimww:isMentionedIn>
      <p0826-teimww:passage knoraType="link_value" linkType="ref" target="ww_2834d8f12d9248cd"/>
    </p0826-teimww:isMentionedIn>
    <p0826-teimww:occursIn>
      <p0826-teimww:book knoraType="link_value" linkType="ref" target="ww_5cb4c35da9f3b9dd"/>
    </p0826-teimww:occursIn>
    <p0826-teimww:wasContributedBy>
      <p0826-teimww:person knoraType="link_value" linkType="ref" target="ww_7f35f6802efd910d"/>
    </p0826-teimww:wasContributedBy>
  </p0826-teimww:passage>
  <p0826-teimww:passage id="ww_2834d8f12d9248cd">
    <knoraXmlImport:label>passage</knoraXmlImport:label>
    <p0826-teimww:occursIn>
      <p0826-teimww:book knoraType="link_value" linkType="ref" target="ww_d87c5e9530010d35"/>
    </p0826-teimww:occursIn>
  </p0826-teimww:passage>
  <p0826-teimww:passage id="ww_644beccc3742afdb">
    <knoraXmlImport:label>passage</knoraXmlImport:label>
    <p0826-teimww:contains>
      <p0826-teimww:lexia knoraType="link_value" linkType="ref" target="ww_d8b83eaead3ed602"/>
    </p0826-teimww:contains>
    <p0826-teimww:hasPage knoraType="richtext_value">Act 4, scene 4, line 59.</p0826-teimww:hasPage>
    <p0826-teimww:hasText knoraType="richtext_value">[Hamlet:] &lt;span class="quote"&gt;When honor's at the stake.&lt;/span&gt;</p0826-teimww:hasText>
    <p0826-teimww:isMentionedIn>
      <p0826-teimww:passage knoraType="link_value" linkType="ref" target="ww_d2bd8cce7a034274"/>
    </p0826-teimww:isMentionedIn>
    <p0826-teimww:occursIn>
      <p0826-teimww:book knoraType="link_value" linkType="ref" target="ww_5cb4c35da9f3b9dd"/>
    </p0826-teimww:occursIn>
    <p0826-teimww:wasContributedBy>
      <p0826-teimww:person knoraType="link_value" linkType="ref" target="ww_7f35f6802efd910d"/>
    </p0826-teimww:wasContributedBy>
  </p0826-teimww:passage>
  <p0826-teimww:passage id="ww_d2bd8cce7a034274">
    <knoraXmlImport:label>passage</knoraXmlImport:label>
    <p0826-teimww:occursIn>
      <p0826-teimww:book knoraType="link_value" linkType="ref" target="ww_b3931845d54b98d5"/>
    </p0826-teimww:occursIn>
  </p0826-teimww:passage>
  <p0826-teimww:passage id="ww_d89672ac841d3016">
    <knoraXmlImport:label>passage</knoraXmlImport:label>
    <p0826-teimww:contains>
      <p0826-teimww:lexia knoraType="link_value" linkType="ref" target="ww_f14c7f50b76b90d7"/>
    </p0826-teimww:contains>
    <p0826-teimww:hasPage knoraType="richtext_value">Act 1, scene 5, line 48.</p0826-teimww:hasPage>
    <p0826-teimww:hasText knoraType="richtext_value">[Hamlet:]&lt;span class="quote"&gt; O, my prophetic soul!&lt;/span&gt;</p0826-teimww:hasText>
    <p0826-teimww:isMentionedIn>
      <p0826-teimww:passage knoraType="link_value" linkType="ref" target="ww_ab00a2d25e1290a3"/>
    </p0826-teimww:isMentionedIn>
    <p0826-teimww:occursIn>
      <p0826-teimww:book knoraType="link_value" linkType="ref" target="ww_5cb4c35da9f3b9dd"/>
    </p0826-teimww:occursIn>
    <p0826-teimww:wasContributedBy>
      <p0826-teimww:person knoraType="link_value" linkType="ref" target="ww_b604df587d93b768"/>
    </p0826-teimww:wasContributedBy>
  </p0826-teimww:passage>
  <p0826-teimww:passage id="ww_ab00a2d25e1290a3">
    <knoraXmlImport:label>passage</knoraXmlImport:label>
    <p0826-teimww:occursIn>
      <p0826-teimww:book knoraType="link_value" linkType="ref" target="ww_91e0dc4c671938fa"/>
    </p0826-teimww:occursIn>
  </p0826-teimww:passage>
  <p0826-teimww:passage id="ww_3ca9990ffcea435e">
    <knoraXmlImport:label>passage</knoraXmlImport:label>
    <p0826-teimww:contains>
      <p0826-teimww:lexia knoraType="link_value" linkType="ref" target="ww_08d402486aa20837"/>
    </p0826-teimww:contains>
    <p0826-teimww:hasPage knoraType="richtext_value">Act 5, scene 1, lines 94-97.</p0826-teimww:hasPage>
    <p0826-teimww:hasText knoraType="richtext_value">[First Clown (sings):]&lt;span class="quote"&gt; A pick-axe, and a spade, a spade, &lt;br&gt;
For and a shrouding sheet:&lt;br&gt;
O, a pit of clay for to be made&lt;br&gt;
For such a guest is meet.&lt;/span&gt;</p0826-teimww:hasText>
    <p0826-teimww:isMentionedIn>
      <p0826-teimww:passage knoraType="link_value" linkType="ref" target="ww_06e16fad6cd90108"/>
    </p0826-teimww:isMentionedIn>
    <p0826-teimww:isMentionedIn>
      <p0826-teimww:passage knoraType="link_value" linkType="ref" target="ww_438660c85ea5887c"/>
    </p0826-teimww:isMentionedIn>
    <p0826-teimww:isMentionedIn>
      <p0826-teimww:passage knoraType="link_value" linkType="ref" target="ww_6fb6c84e78d97221"/>
    </p0826-teimww:isMentionedIn>
    <p0826-teimww:isMentionedIn>
      <p0826-teimww:passage knoraType="link_value" linkType="ref" target="ww_0ce098d1d1bfcf98"/>
    </p0826-teimww:isMentionedIn>
    <p0826-teimww:occursIn>
      <p0826-teimww:book knoraType="link_value" linkType="ref" target="ww_5cb4c35da9f3b9dd"/>
    </p0826-teimww:occursIn>
    <p0826-teimww:wasContributedBy>
      <p0826-teimww:person knoraType="link_value" linkType="ref" target="ww_7f35f6802efd910d"/>
    </p0826-teimww:wasContributedBy>
  </p0826-teimww:passage>
  <p0826-teimww:passage id="ww_6fb6c84e78d97221">
    <knoraXmlImport:label>passage</knoraXmlImport:label>
    <p0826-teimww:occursIn>
      <p0826-teimww:book knoraType="link_value" linkType="ref" target="ww_b3931845d54b98d5"/>
    </p0826-teimww:occursIn>
  </p0826-teimww:passage>
  <p0826-teimww:passage id="ww_438660c85ea5887c">
    <knoraXmlImport:label>passage</knoraXmlImport:label>
    <p0826-teimww:occursIn>
      <p0826-teimww:book knoraType="link_value" linkType="ref" target="ww_359edd0d37d00410"/>
    </p0826-teimww:occursIn>
  </p0826-teimww:passage>
  <p0826-teimww:passage id="ww_0ce098d1d1bfcf98">
    <knoraXmlImport:label>passage</knoraXmlImport:label>
    <p0826-teimww:occursIn>
      <p0826-teimww:book knoraType="link_value" linkType="ref" target="ww_0dd5e309103973fb"/>
    </p0826-teimww:occursIn>
  </p0826-teimww:passage>
  <p0826-teimww:passage id="ww_06e16fad6cd90108">
    <knoraXmlImport:label>passage</knoraXmlImport:label>
    <p0826-teimww:occursIn>
      <p0826-teimww:book knoraType="link_value" linkType="ref" target="ww_6f8bba60983f33d9"/>
    </p0826-teimww:occursIn>
  </p0826-teimww:passage>
  <p0826-teimww:passage id="ww_946c69962800ec4d">
    <knoraXmlImport:label>passage</knoraXmlImport:label>
    <p0826-teimww:contains>
      <p0826-teimww:lexia knoraType="link_value" linkType="ref" target="ww_aea6ef46a6796370"/>
    </p0826-teimww:contains>
    <p0826-teimww:hasPage knoraType="richtext_value">Act 2, scene 2, line 601.</p0826-teimww:hasPage>
    <p0826-teimww:hasText knoraType="richtext_value">[Hamlet:] [...] &lt;span class="quote"&gt;gives me the lie i' th' throat &lt;/span&gt;[...].</p0826-teimww:hasText>
    <p0826-teimww:occursIn>
      <p0826-teimww:book knoraType="link_value" linkType="ref" target="ww_5cb4c35da9f3b9dd"/>
    </p0826-teimww:occursIn>
    <p0826-teimww:wasContributedBy>
      <p0826-teimww:person knoraType="link_value" linkType="ref" target="ww_7f35f6802efd910d"/>
    </p0826-teimww:wasContributedBy>
  </p0826-teimww:passage>
  <p0826-teimww:passage id="ww_1e60b95f9ec4e990">
    <knoraXmlImport:label>passage</knoraXmlImport:label>
    <p0826-teimww:contains>
      <p0826-teimww:lexia knoraType="link_value" linkType="ref" target="ww_e685fd9ee9b015cc"/>
    </p0826-teimww:contains>
    <p0826-teimww:hasPage knoraType="richtext_value">Act 1, scene 5, line 49.</p0826-teimww:hasPage>
    <p0826-teimww:hasText knoraType="richtext_value">[Ghost:] Ay, &lt;span class="quote"&gt;that incestuous, that adulterate beast &lt;/span&gt;[...].</p0826-teimww:hasText>
    <p0826-teimww:isMentionedIn>
      <p0826-teimww:passage knoraType="link_value" linkType="ref" target="ww_b919a900aa79eef7"/>
    </p0826-teimww:isMentionedIn>
    <p0826-teimww:occursIn>
      <p0826-teimww:book knoraType="link_value" linkType="ref" target="ww_5cb4c35da9f3b9dd"/>
    </p0826-teimww:occursIn>
    <p0826-teimww:wasContributedBy>
      <p0826-teimww:person knoraType="link_value" linkType="ref" target="ww_b604df587d93b768"/>
    </p0826-teimww:wasContributedBy>
  </p0826-teimww:passage>
  <p0826-teimww:passage id="ww_b919a900aa79eef7">
    <knoraXmlImport:label>passage</knoraXmlImport:label>
    <p0826-teimww:occursIn>
      <p0826-teimww:book knoraType="link_value" linkType="ref" target="ww_55bc1a3b04bf8a8d"/>
    </p0826-teimww:occursIn>
  </p0826-teimww:passage>
  <p0826-teimww:passage id="ww_6dfbfb097672c178">
    <knoraXmlImport:label>passage</knoraXmlImport:label>
    <p0826-teimww:contains>
      <p0826-teimww:lexia knoraType="link_value" linkType="ref" target="ww_d1480a932dddc666"/>
    </p0826-teimww:contains>
    <p0826-teimww:hasPage knoraType="richtext_value">Act 3, scene 3, lines 40-42.</p0826-teimww:hasPage>
    <p0826-teimww:hasText knoraType="richtext_value">[King:] [...] O, my offense is rank, it smells to heaven;&lt;br&gt;
It hath the primal eldest curse upon 't, &lt;br&gt;
&lt;span class="quote"&gt;A brother's murder. &lt;/span&gt;</p0826-teimww:hasText>
    <p0826-teimww:isMentionedIn>
      <p0826-teimww:passage knoraType="link_value" linkType="ref" target="ww_c4cef37d687f1a92"/>
    </p0826-teimww:isMentionedIn>
    <p0826-teimww:occursIn>
      <p0826-teimww:book knoraType="link_value" linkType="ref" target="ww_5cb4c35da9f3b9dd"/>
    </p0826-teimww:occursIn>
    <p0826-teimww:wasContributedBy>
      <p0826-teimww:person knoraType="link_value" linkType="ref" target="ww_c4063e9c72a3ffd2"/>
    </p0826-teimww:wasContributedBy>
  </p0826-teimww:passage>
  <p0826-teimww:passage id="ww_c4cef37d687f1a92">
    <knoraXmlImport:label>passage</knoraXmlImport:label>
    <p0826-teimww:occursIn>
      <p0826-teimww:book knoraType="link_value" linkType="ref" target="ww_73cdd390f6e92cbe"/>
    </p0826-teimww:occursIn>
  </p0826-teimww:passage>
  <p0826-teimww:passage id="ww_cbaf487fcd5d3305">
    <knoraXmlImport:label>passage</knoraXmlImport:label>
    <p0826-teimww:contains>
      <p0826-teimww:lexia knoraType="link_value" linkType="ref" target="ww_4d44194553a2c907"/>
    </p0826-teimww:contains>
    <p0826-teimww:hasPage knoraType="richtext_value">Act 3, scene 4, lines 229-233.</p0826-teimww:hasPage>
    <p0826-teimww:hasText knoraType="richtext_value">[Hamlet:] Let it work,&lt;br&gt;
For 'tis the sport &lt;span class="quote"&gt;to have the enginer &lt;br&gt;
Hoist with his own petard; &lt;/span&gt;and 't shall go hard &lt;br&gt;
But I will delve one yard below their mines &lt;br&gt;
And blow them at the moon.</p0826-teimww:hasText>
    <p0826-teimww:isMentionedIn>
      <p0826-teimww:passage knoraType="link_value" linkType="ref" target="ww_732bc66d9088b394"/>
    </p0826-teimww:isMentionedIn>
    <p0826-teimww:occursIn>
      <p0826-teimww:book knoraType="link_value" linkType="ref" target="ww_5cb4c35da9f3b9dd"/>
    </p0826-teimww:occursIn>
    <p0826-teimww:wasContributedBy>
      <p0826-teimww:person knoraType="link_value" linkType="ref" target="ww_c4063e9c72a3ffd2"/>
    </p0826-teimww:wasContributedBy>
  </p0826-teimww:passage>
  <p0826-teimww:passage id="ww_732bc66d9088b394">
    <knoraXmlImport:label>passage</knoraXmlImport:label>
    <p0826-teimww:occursIn>
      <p0826-teimww:book knoraType="link_value" linkType="ref" target="ww_bc577a06e5bb54c7"/>
    </p0826-teimww:occursIn>
  </p0826-teimww:passage>
  <p0826-teimww:passage id="ww_71a309801a33ffce">
    <knoraXmlImport:label>passage</knoraXmlImport:label>
    <p0826-teimww:contains>
      <p0826-teimww:lexia knoraType="link_value" linkType="ref" target="ww_4b5a2579a1d3c289"/>
    </p0826-teimww:contains>
    <p0826-teimww:hasPage knoraType="richtext_value">Act 1, scene 5, lines 60-64.</p0826-teimww:hasPage>
    <p0826-teimww:hasText knoraType="richtext_value">[Ghost:] [...] &lt;span class="quote"&gt;But virtue, as it never will be moved, &lt;br&gt;
Though lewdness court it in a shape of heaven, &lt;br&gt;
So, lust, though to a radiant angel linked, &lt;br&gt;
Will sate itself in a celestial bed &lt;br&gt;
And prey on garbage.&lt;/span&gt;</p0826-teimww:hasText>
    <p0826-teimww:isMentionedIn>
      <p0826-teimww:passage knoraType="link_value" linkType="ref" target="ww_447c5fc2c81213ac"/>
    </p0826-teimww:isMentionedIn>
    <p0826-teimww:occursIn>
      <p0826-teimww:book knoraType="link_value" linkType="ref" target="ww_5cb4c35da9f3b9dd"/>
    </p0826-teimww:occursIn>
    <p0826-teimww:wasContributedBy>
      <p0826-teimww:person knoraType="link_value" linkType="ref" target="ww_b604df587d93b768"/>
    </p0826-teimww:wasContributedBy>
  </p0826-teimww:passage>
  <p0826-teimww:passage id="ww_447c5fc2c81213ac">
    <knoraXmlImport:label>passage</knoraXmlImport:label>
    <p0826-teimww:occursIn>
      <p0826-teimww:book knoraType="link_value" linkType="ref" target="ww_f1fa280c821d334c"/>
    </p0826-teimww:occursIn>
  </p0826-teimww:passage>
  <p0826-teimww:passage id="ww_b9ee4f48dda1b9ee">
    <knoraXmlImport:label>passage</knoraXmlImport:label>
    <p0826-teimww:contains>
      <p0826-teimww:lexia knoraType="link_value" linkType="ref" target="ww_5c3eefd72b42fb4b"/>
    </p0826-teimww:contains>
    <p0826-teimww:hasPage knoraType="richtext_value">Act 3, scene 2, lines 312-313.</p0826-teimww:hasPage>
    <p0826-teimww:hasText knoraType="richtext_value">[Hamlet:] [...]&lt;span class="quote"&gt; I'll take the ghost's word for a thousand pound.&lt;/span&gt;</p0826-teimww:hasText>
    <p0826-teimww:isMentionedIn>
      <p0826-teimww:passage knoraType="link_value" linkType="ref" target="ww_67445823d3c97932"/>
    </p0826-teimww:isMentionedIn>
    <p0826-teimww:occursIn>
      <p0826-teimww:book knoraType="link_value" linkType="ref" target="ww_5cb4c35da9f3b9dd"/>
    </p0826-teimww:occursIn>
    <p0826-teimww:wasContributedBy>
      <p0826-teimww:person knoraType="link_value" linkType="ref" target="ww_7f35f6802efd910d"/>
    </p0826-teimww:wasContributedBy>
  </p0826-teimww:passage>
  <p0826-teimww:passage id="ww_67445823d3c97932">
    <knoraXmlImport:label>passage</knoraXmlImport:label>
    <p0826-teimww:occursIn>
      <p0826-teimww:book knoraType="link_value" linkType="ref" target="ww_5868d5560bdfc062"/>
    </p0826-teimww:occursIn>
  </p0826-teimww:passage>
  <p0826-teimww:passage id="ww_62cd331e6d102d58">
    <knoraXmlImport:label>passage</knoraXmlImport:label>
    <p0826-teimww:contains>
      <p0826-teimww:lexia knoraType="link_value" linkType="ref" target="ww_869ce1e423af55b4"/>
    </p0826-teimww:contains>
    <p0826-teimww:hasPage knoraType="richtext_value">Act 1, scene 5, line 79.</p0826-teimww:hasPage>
    <p0826-teimww:hasText knoraType="richtext_value">[Ghost:] [...] &lt;span class="quote"&gt;Most lazar-like, with vile and loathsome crust &lt;/span&gt;[...].</p0826-teimww:hasText>
    <p0826-teimww:isMentionedIn>
      <p0826-teimww:passage knoraType="link_value" linkType="ref" target="ww_3ac615222036563e"/>
    </p0826-teimww:isMentionedIn>
    <p0826-teimww:occursIn>
      <p0826-teimww:book knoraType="link_value" linkType="ref" target="ww_5cb4c35da9f3b9dd"/>
    </p0826-teimww:occursIn>
    <p0826-teimww:wasContributedBy>
      <p0826-teimww:person knoraType="link_value" linkType="ref" target="ww_b604df587d93b768"/>
    </p0826-teimww:wasContributedBy>
  </p0826-teimww:passage>
  <p0826-teimww:passage id="ww_3ac615222036563e">
    <knoraXmlImport:label>passage</knoraXmlImport:label>
    <p0826-teimww:occursIn>
      <p0826-teimww:book knoraType="link_value" linkType="ref" target="ww_7589cfaa41b21699"/>
    </p0826-teimww:occursIn>
  </p0826-teimww:passage>
  <p0826-teimww:passage id="ww_890c84c49ea4ea2c">
    <knoraXmlImport:label>passage</knoraXmlImport:label>
    <p0826-teimww:contains>
      <p0826-teimww:lexia knoraType="link_value" linkType="ref" target="ww_dd0caf239cbfc012"/>
    </p0826-teimww:contains>
    <p0826-teimww:hasPage knoraType="richtext_value">Act 1, scene 5, lines 5-7.</p0826-teimww:hasPage>
    <p0826-teimww:hasText knoraType="richtext_value">[Ghost:]&lt;span class="quote"&gt; My hour is almost come&lt;br&gt;
When I to sulf'rous and tormenting flames&lt;br&gt;
Must render up myself.&lt;/span&gt;</p0826-teimww:hasText>
    <p0826-teimww:isMentionedIn>
      <p0826-teimww:passage knoraType="link_value" linkType="ref" target="ww_2a7d053cc82aed52"/>
    </p0826-teimww:isMentionedIn>
    <p0826-teimww:occursIn>
      <p0826-teimww:book knoraType="link_value" linkType="ref" target="ww_5cb4c35da9f3b9dd"/>
    </p0826-teimww:occursIn>
    <p0826-teimww:wasContributedBy>
      <p0826-teimww:person knoraType="link_value" linkType="ref" target="ww_c4063e9c72a3ffd2"/>
    </p0826-teimww:wasContributedBy>
  </p0826-teimww:passage>
  <p0826-teimww:passage id="ww_2a7d053cc82aed52">
    <knoraXmlImport:label>passage</knoraXmlImport:label>
    <p0826-teimww:occursIn>
      <p0826-teimww:book knoraType="link_value" linkType="ref" target="ww_d96cf3715d049fff"/>
    </p0826-teimww:occursIn>
  </p0826-teimww:passage>
  <p0826-teimww:passage id="ww_d022f9e3211c1251">
    <knoraXmlImport:label>passage</knoraXmlImport:label>
    <p0826-teimww:contains>
      <p0826-teimww:lexia knoraType="link_value" linkType="ref" target="ww_fbae4bfc63f0eb23"/>
    </p0826-teimww:contains>
    <p0826-teimww:hasPage knoraType="richtext_value">Act 1, scene 5, lines 92-93.</p0826-teimww:hasPage>
    <p0826-teimww:hasText knoraType="richtext_value">[Ghost:] &lt;span class="quote"&gt;Taint not thy mind, nor let thy soul contrive &lt;br&gt;
Against thy mother aught. Leave her to heaven &lt;/span&gt;[...].</p0826-teimww:hasText>
    <p0826-teimww:isMentionedIn>
      <p0826-teimww:passage knoraType="link_value" linkType="ref" target="ww_53940dc57e3eba52"/>
    </p0826-teimww:isMentionedIn>
    <p0826-teimww:occursIn>
      <p0826-teimww:book knoraType="link_value" linkType="ref" target="ww_5cb4c35da9f3b9dd"/>
    </p0826-teimww:occursIn>
    <p0826-teimww:wasContributedBy>
      <p0826-teimww:person knoraType="link_value" linkType="ref" target="ww_b604df587d93b768"/>
    </p0826-teimww:wasContributedBy>
  </p0826-teimww:passage>
  <p0826-teimww:passage id="ww_53940dc57e3eba52">
    <knoraXmlImport:label>passage</knoraXmlImport:label>
    <p0826-teimww:occursIn>
      <p0826-teimww:book knoraType="link_value" linkType="ref" target="ww_5868d5560bdfc062"/>
    </p0826-teimww:occursIn>
  </p0826-teimww:passage>
  <p0826-teimww:passage id="ww_c3679434be45951b">
    <knoraXmlImport:label>passage</knoraXmlImport:label>
    <p0826-teimww:contains>
      <p0826-teimww:lexia knoraType="link_value" linkType="ref" target="ww_c2eb7bb32e3afa15"/>
    </p0826-teimww:contains>
    <p0826-teimww:hasPage knoraType="richtext_value">Act 1, scene 1, line 60.</p0826-teimww:hasPage>
    <p0826-teimww:hasText knoraType="richtext_value">[Bernardo:] &lt;span class="quote"&gt;See, it stalks away! &lt;/span&gt;</p0826-teimww:hasText>
    <p0826-teimww:isMentionedIn>
      <p0826-teimww:passage knoraType="link_value" linkType="ref" target="ww_8cd15826773d8a92"/>
    </p0826-teimww:isMentionedIn>
    <p0826-teimww:occursIn>
      <p0826-teimww:book knoraType="link_value" linkType="ref" target="ww_5cb4c35da9f3b9dd"/>
    </p0826-teimww:occursIn>
    <p0826-teimww:wasContributedBy>
      <p0826-teimww:person knoraType="link_value" linkType="ref" target="ww_c4063e9c72a3ffd2"/>
    </p0826-teimww:wasContributedBy>
  </p0826-teimww:passage>
  <p0826-teimww:passage id="ww_8cd15826773d8a92">
    <knoraXmlImport:label>passage</knoraXmlImport:label>
    <p0826-teimww:occursIn>
      <p0826-teimww:book knoraType="link_value" linkType="ref" target="ww_d96cf3715d049fff"/>
    </p0826-teimww:occursIn>
  </p0826-teimww:passage>
  <p0826-teimww:passage id="ww_00ba48b22df0a157">
    <knoraXmlImport:label>passage</knoraXmlImport:label>
    <p0826-teimww:contains>
      <p0826-teimww:lexia knoraType="link_value" linkType="ref" target="ww_3934d539cabd899b"/>
    </p0826-teimww:contains>
    <p0826-teimww:contains>
      <p0826-teimww:lexia knoraType="link_value" linkType="ref" target="ww_756ac24d79e7a5b8"/>
    </p0826-teimww:contains>
    <p0826-teimww:hasPage knoraType="richtext_value">Act 3, scene 2, lines 426-427.</p0826-teimww:hasPage>
    <p0826-teimww:hasText knoraType="richtext_value">[Hamlet:] [...] &lt;span class="quote"&gt;let not ever&lt;br&gt;
The soul of Nero enter this firm bosom.&lt;/span&gt;</p0826-teimww:hasText>
    <p0826-teimww:isMentionedIn>
      <p0826-teimww:passage knoraType="link_value" linkType="ref" target="ww_ff2f36d3a97acd5d"/>
    </p0826-teimww:isMentionedIn>
    <p0826-teimww:occursIn>
      <p0826-teimww:book knoraType="link_value" linkType="ref" target="ww_5cb4c35da9f3b9dd"/>
    </p0826-teimww:occursIn>
    <p0826-teimww:wasContributedBy>
      <p0826-teimww:person knoraType="link_value" linkType="ref" target="ww_7f35f6802efd910d"/>
    </p0826-teimww:wasContributedBy>
  </p0826-teimww:passage>
  <p0826-teimww:passage id="ww_ff2f36d3a97acd5d">
    <knoraXmlImport:label>passage</knoraXmlImport:label>
    <p0826-teimww:occursIn>
      <p0826-teimww:book knoraType="link_value" linkType="ref" target="ww_5868d5560bdfc062"/>
    </p0826-teimww:occursIn>
  </p0826-teimww:passage>
  <p0826-teimww:passage id="ww_135babe521b075bd">
    <knoraXmlImport:label>passage</knoraXmlImport:label>
    <p0826-teimww:contains>
      <p0826-teimww:lexia knoraType="link_value" linkType="ref" target="ww_ebc72e2c1f7b8160"/>
    </p0826-teimww:contains>
    <p0826-teimww:hasPage knoraType="richtext_value">Act 1, scene 5, line 96.</p0826-teimww:hasPage>
    <p0826-teimww:hasText knoraType="richtext_value">[Ghost:] [...] &lt;span class="quote"&gt;The glowworm shows the matin to be near&lt;/span&gt; [...].</p0826-teimww:hasText>
    <p0826-teimww:isMentionedIn>
      <p0826-teimww:passage knoraType="link_value" linkType="ref" target="ww_f7324bf1a2f0491e"/>
    </p0826-teimww:isMentionedIn>
    <p0826-teimww:isMentionedIn>
      <p0826-teimww:passage knoraType="link_value" linkType="ref" target="ww_0d2a752979206aeb"/>
    </p0826-teimww:isMentionedIn>
    <p0826-teimww:occursIn>
      <p0826-teimww:book knoraType="link_value" linkType="ref" target="ww_5cb4c35da9f3b9dd"/>
    </p0826-teimww:occursIn>
    <p0826-teimww:wasContributedBy>
      <p0826-teimww:person knoraType="link_value" linkType="ref" target="ww_b604df587d93b768"/>
    </p0826-teimww:wasContributedBy>
  </p0826-teimww:passage>
  <p0826-teimww:passage id="ww_f7324bf1a2f0491e">
    <knoraXmlImport:label>passage</knoraXmlImport:label>
    <p0826-teimww:occursIn>
      <p0826-teimww:book knoraType="link_value" linkType="ref" target="ww_91e0dc4c671938fa"/>
    </p0826-teimww:occursIn>
  </p0826-teimww:passage>
  <p0826-teimww:passage id="ww_0d2a752979206aeb">
    <knoraXmlImport:label>passage</knoraXmlImport:label>
    <p0826-teimww:occursIn>
      <p0826-teimww:book knoraType="link_value" linkType="ref" target="ww_1140c36ab545b6d8"/>
    </p0826-teimww:occursIn>
  </p0826-teimww:passage>
  <p0826-teimww:passage id="ww_c03f9894ae67c2ff">
    <knoraXmlImport:label>passage</knoraXmlImport:label>
    <p0826-teimww:contains>
      <p0826-teimww:lexia knoraType="link_value" linkType="ref" target="ww_07f2ba3bcffeb853"/>
    </p0826-teimww:contains>
    <p0826-teimww:hasPage knoraType="richtext_value">Act 1, scene 5, line 110.</p0826-teimww:hasPage>
    <p0826-teimww:hasText knoraType="richtext_value">[Hamlet:] [...] &lt;span class="quote"&gt;Within the book and volume of my brain &lt;/span&gt;[...].</p0826-teimww:hasText>
    <p0826-teimww:isMentionedIn>
      <p0826-teimww:passage knoraType="link_value" linkType="ref" target="ww_7eedc277810d672d"/>
    </p0826-teimww:isMentionedIn>
    <p0826-teimww:occursIn>
      <p0826-teimww:book knoraType="link_value" linkType="ref" target="ww_5cb4c35da9f3b9dd"/>
    </p0826-teimww:occursIn>
    <p0826-teimww:wasContributedBy>
      <p0826-teimww:person knoraType="link_value" linkType="ref" target="ww_b604df587d93b768"/>
    </p0826-teimww:wasContributedBy>
  </p0826-teimww:passage>
  <p0826-teimww:passage id="ww_7eedc277810d672d">
    <knoraXmlImport:label>passage</knoraXmlImport:label>
    <p0826-teimww:occursIn>
      <p0826-teimww:book knoraType="link_value" linkType="ref" target="ww_fb9509be352bd917"/>
    </p0826-teimww:occursIn>
  </p0826-teimww:passage>
  <p0826-teimww:passage id="ww_5942ef62b92ab5f1">
    <knoraXmlImport:label>passage</knoraXmlImport:label>
    <p0826-teimww:contains>
      <p0826-teimww:lexia knoraType="link_value" linkType="ref" target="ww_ccfdc27f19c1c3e1"/>
    </p0826-teimww:contains>
    <p0826-teimww:hasPage knoraType="richtext_value">Act 1, scene 5, line 115.</p0826-teimww:hasPage>
    <p0826-teimww:hasText knoraType="richtext_value">[Hamlet:] [...] &lt;span class="quote"&gt;That one may smile and smile and be a villain &lt;/span&gt;[...].</p0826-teimww:hasText>
    <p0826-teimww:isMentionedIn>
      <p0826-teimww:passage knoraType="link_value" linkType="ref" target="ww_cf0536d0981598f1"/>
    </p0826-teimww:isMentionedIn>
    <p0826-teimww:isMentionedIn>
      <p0826-teimww:passage knoraType="link_value" linkType="ref" target="ww_3ee1d585a7d61304"/>
    </p0826-teimww:isMentionedIn>
    <p0826-teimww:occursIn>
      <p0826-teimww:book knoraType="link_value" linkType="ref" target="ww_5cb4c35da9f3b9dd"/>
    </p0826-teimww:occursIn>
    <p0826-teimww:wasContributedBy>
      <p0826-teimww:person knoraType="link_value" linkType="ref" target="ww_b604df587d93b768"/>
    </p0826-teimww:wasContributedBy>
  </p0826-teimww:passage>
  <p0826-teimww:passage id="ww_cf0536d0981598f1">
    <knoraXmlImport:label>passage</knoraXmlImport:label>
    <p0826-teimww:occursIn>
      <p0826-teimww:book knoraType="link_value" linkType="ref" target="ww_1c8a25fac02f85a7"/>
    </p0826-teimww:occursIn>
  </p0826-teimww:passage>
  <p0826-teimww:passage id="ww_3ee1d585a7d61304">
    <knoraXmlImport:label>passage</knoraXmlImport:label>
    <p0826-teimww:occursIn>
      <p0826-teimww:book knoraType="link_value" linkType="ref" target="ww_91e0dc4c671938fa"/>
    </p0826-teimww:occursIn>
  </p0826-teimww:passage>
  <p0826-teimww:passage id="ww_816fb056017296ba">
    <knoraXmlImport:label>passage</knoraXmlImport:label>
    <p0826-teimww:contains>
      <p0826-teimww:lexia knoraType="link_value" linkType="ref" target="ww_ff377956818fea7a"/>
    </p0826-teimww:contains>
    <p0826-teimww:hasPage knoraType="richtext_value">Act 1, scene 5, lines 124-125.</p0826-teimww:hasPage>
    <p0826-teimww:hasText knoraType="richtext_value">[Marcellus:] &lt;span class="quote"&gt;Illo, ho, ho, my lord! &lt;/span&gt;&lt;br&gt;
[Hamlet:]&lt;span class="quote"&gt; Hillo, ho, ho, boy!&lt;/span&gt;
</p0826-teimww:hasText>
    <p0826-teimww:isMentionedIn>
      <p0826-teimww:passage knoraType="link_value" linkType="ref" target="ww_cc2e0e273ee1b8f4"/>
    </p0826-teimww:isMentionedIn>
    <p0826-teimww:isMentionedIn>
      <p0826-teimww:passage knoraType="link_value" linkType="ref" target="ww_50177ee77d4457e5"/>
    </p0826-teimww:isMentionedIn>
    <p0826-teimww:isMentionedIn>
      <p0826-teimww:passage knoraType="link_value" linkType="ref" target="ww_a38a0001aa525cd7"/>
    </p0826-teimww:isMentionedIn>
    <p0826-teimww:occursIn>
      <p0826-teimww:book knoraType="link_value" linkType="ref" target="ww_5cb4c35da9f3b9dd"/>
    </p0826-teimww:occursIn>
    <p0826-teimww:wasContributedBy>
      <p0826-teimww:person knoraType="link_value" linkType="ref" target="ww_b604df587d93b768"/>
    </p0826-teimww:wasContributedBy>
  </p0826-teimww:passage>
  <p0826-teimww:passage id="ww_cc2e0e273ee1b8f4">
    <knoraXmlImport:label>passage</knoraXmlImport:label>
    <p0826-teimww:occursIn>
      <p0826-teimww:book knoraType="link_value" linkType="ref" target="ww_91e0dc4c671938fa"/>
    </p0826-teimww:occursIn>
  </p0826-teimww:passage>
  <p0826-teimww:passage id="ww_a38a0001aa525cd7">
    <knoraXmlImport:label>passage</knoraXmlImport:label>
    <p0826-teimww:occursIn>
      <p0826-teimww:book knoraType="link_value" linkType="ref" target="ww_1140c36ab545b6d8"/>
    </p0826-teimww:occursIn>
  </p0826-teimww:passage>
  <p0826-teimww:passage id="ww_50177ee77d4457e5">
    <knoraXmlImport:label>passage</knoraXmlImport:label>
    <p0826-teimww:occursIn>
      <p0826-teimww:book knoraType="link_value" linkType="ref" target="ww_5af91280461707f1"/>
    </p0826-teimww:occursIn>
  </p0826-teimww:passage>
  <p0826-teimww:passage id="ww_7dca9377f8a8e657">
    <knoraXmlImport:label>passage</knoraXmlImport:label>
    <p0826-teimww:contains>
      <p0826-teimww:lexia knoraType="link_value" linkType="ref" target="ww_578f4fe0b47886dc"/>
    </p0826-teimww:contains>
    <p0826-teimww:hasPage knoraType="richtext_value">Act 1, scene 5, line</p0826-teimww:hasPage>
    <p0826-teimww:hasText knoraType="richtext_value">[Hamlet:] [...]&lt;span class="quote"&gt; For every man hath business and desire&lt;/span&gt; [...].</p0826-teimww:hasText>
    <p0826-teimww:isMentionedIn>
      <p0826-teimww:passage knoraType="link_value" linkType="ref" target="ww_21fcd245cb7ca782"/>
    </p0826-teimww:isMentionedIn>
    <p0826-teimww:isMentionedIn>
      <p0826-teimww:passage knoraType="link_value" linkType="ref" target="ww_f6a5be39f2ba295a"/>
    </p0826-teimww:isMentionedIn>
    <p0826-teimww:occursIn>
      <p0826-teimww:book knoraType="link_value" linkType="ref" target="ww_5cb4c35da9f3b9dd"/>
    </p0826-teimww:occursIn>
    <p0826-teimww:wasContributedBy>
      <p0826-teimww:person knoraType="link_value" linkType="ref" target="ww_b604df587d93b768"/>
    </p0826-teimww:wasContributedBy>
  </p0826-teimww:passage>
  <p0826-teimww:passage id="ww_21fcd245cb7ca782">
    <knoraXmlImport:label>passage</knoraXmlImport:label>
    <p0826-teimww:occursIn>
      <p0826-teimww:book knoraType="link_value" linkType="ref" target="ww_b3931845d54b98d5"/>
    </p0826-teimww:occursIn>
  </p0826-teimww:passage>
  <p0826-teimww:passage id="ww_f6a5be39f2ba295a">
    <knoraXmlImport:label>passage</knoraXmlImport:label>
    <p0826-teimww:occursIn>
      <p0826-teimww:book knoraType="link_value" linkType="ref" target="ww_cd1e70f8e2cd8c82"/>
    </p0826-teimww:occursIn>
  </p0826-teimww:passage>
  <p0826-teimww:passage id="ww_e7325d9b0d4f2e76">
    <knoraXmlImport:label>passage</knoraXmlImport:label>
    <p0826-teimww:contains>
      <p0826-teimww:lexia knoraType="link_value" linkType="ref" target="ww_fd4fa9de83e78af6"/>
    </p0826-teimww:contains>
    <p0826-teimww:hasPage knoraType="richtext_value">Act 1, scene 5, line 147.</p0826-teimww:hasPage>
    <p0826-teimww:hasText knoraType="richtext_value">[Hamlet:] [...] &lt;span class="quote"&gt;I will go pray.&lt;/span&gt;</p0826-teimww:hasText>
    <p0826-teimww:occursIn>
      <p0826-teimww:book knoraType="link_value" linkType="ref" target="ww_5cb4c35da9f3b9dd"/>
    </p0826-teimww:occursIn>
    <p0826-teimww:wasContributedBy>
      <p0826-teimww:person knoraType="link_value" linkType="ref" target="ww_b604df587d93b768"/>
    </p0826-teimww:wasContributedBy>
  </p0826-teimww:passage>
  <p0826-teimww:passage id="ww_f46fcb7706b0b64b">
    <knoraXmlImport:label>passage</knoraXmlImport:label>
    <p0826-teimww:contains>
      <p0826-teimww:lexia knoraType="link_value" linkType="ref" target="ww_7ad62028731d05da"/>
    </p0826-teimww:contains>
    <p0826-teimww:contains>
      <p0826-teimww:lexia knoraType="link_value" linkType="ref" target="ww_0778f6fd6c96ba41"/>
    </p0826-teimww:contains>
    <p0826-teimww:hasPage knoraType="richtext_value">Act 1, scene 5, lines 169-170.</p0826-teimww:hasPage>
    <p0826-teimww:hasText knoraType="richtext_value">[Hamlet:] [...] &lt;span class="quote"&gt;Art thou there&lt;/span&gt;, &lt;span class="quote"&gt;truepenny?&lt;/span&gt;</p0826-teimww:hasText>
    <p0826-teimww:isMentionedIn>
      <p0826-teimww:passage knoraType="link_value" linkType="ref" target="ww_0018ac9b9e506fc3"/>
    </p0826-teimww:isMentionedIn>
    <p0826-teimww:isMentionedIn>
      <p0826-teimww:passage knoraType="link_value" linkType="ref" target="ww_72d2aaed26d89d60"/>
    </p0826-teimww:isMentionedIn>
    <p0826-teimww:isMentionedIn>
      <p0826-teimww:passage knoraType="link_value" linkType="ref" target="ww_0312f15ca6600d0c"/>
    </p0826-teimww:isMentionedIn>
    <p0826-teimww:occursIn>
      <p0826-teimww:book knoraType="link_value" linkType="ref" target="ww_5cb4c35da9f3b9dd"/>
    </p0826-teimww:occursIn>
    <p0826-teimww:wasContributedBy>
      <p0826-teimww:person knoraType="link_value" linkType="ref" target="ww_b604df587d93b768"/>
    </p0826-teimww:wasContributedBy>
  </p0826-teimww:passage>
  <p0826-teimww:passage id="ww_0018ac9b9e506fc3">
    <knoraXmlImport:label>passage</knoraXmlImport:label>
    <p0826-teimww:occursIn>
      <p0826-teimww:book knoraType="link_value" linkType="ref" target="ww_91e0dc4c671938fa"/>
    </p0826-teimww:occursIn>
  </p0826-teimww:passage>
  <p0826-teimww:passage id="ww_0312f15ca6600d0c">
    <knoraXmlImport:label>passage</knoraXmlImport:label>
    <p0826-teimww:occursIn>
      <p0826-teimww:book knoraType="link_value" linkType="ref" target="ww_1140c36ab545b6d8"/>
    </p0826-teimww:occursIn>
  </p0826-teimww:passage>
  <p0826-teimww:passage id="ww_72d2aaed26d89d60">
    <knoraXmlImport:label>passage</knoraXmlImport:label>
    <p0826-teimww:occursIn>
      <p0826-teimww:book knoraType="link_value" linkType="ref" target="ww_c1ca40b688cca87f"/>
    </p0826-teimww:occursIn>
  </p0826-teimww:passage>
  <p0826-teimww:passage id="ww_940b83bc427d73d1">
    <knoraXmlImport:label>passage</knoraXmlImport:label>
    <p0826-teimww:contains>
      <p0826-teimww:lexia knoraType="link_value" linkType="ref" target="ww_c178a33fce45dc78"/>
    </p0826-teimww:contains>
    <p0826-teimww:hasPage knoraType="richtext_value">Act 1, scene 5, lines 168, 176 and 203.</p0826-teimww:hasPage>
    <p0826-teimww:hasText knoraType="richtext_value">[Ghost (beneath):] &lt;span class="quote"&gt;Swear.&lt;/span&gt;</p0826-teimww:hasText>
    <p0826-teimww:isMentionedIn>
      <p0826-teimww:passage knoraType="link_value" linkType="ref" target="ww_0a34ba12792687e2"/>
    </p0826-teimww:isMentionedIn>
    <p0826-teimww:occursIn>
      <p0826-teimww:book knoraType="link_value" linkType="ref" target="ww_5cb4c35da9f3b9dd"/>
    </p0826-teimww:occursIn>
    <p0826-teimww:wasContributedBy>
      <p0826-teimww:person knoraType="link_value" linkType="ref" target="ww_b604df587d93b768"/>
    </p0826-teimww:wasContributedBy>
  </p0826-teimww:passage>
  <p0826-teimww:passage id="ww_0a34ba12792687e2">
    <knoraXmlImport:label>passage</knoraXmlImport:label>
    <p0826-teimww:occursIn>
      <p0826-teimww:book knoraType="link_value" linkType="ref" target="ww_1140c36ab545b6d8"/>
    </p0826-teimww:occursIn>
  </p0826-teimww:passage>
  <p0826-teimww:passage id="ww_12df71a3c7d79806">
    <knoraXmlImport:label>passage</knoraXmlImport:label>
    <p0826-teimww:contains>
      <p0826-teimww:lexia knoraType="link_value" linkType="ref" target="ww_b542879bcb3287b2"/>
    </p0826-teimww:contains>
    <p0826-teimww:hasPage knoraType="richtext_value">Act 1, scene 5, line 177.</p0826-teimww:hasPage>
    <p0826-teimww:hasText knoraType="richtext_value">[Hamlet:] &lt;span class="quote"&gt;&lt;i&gt; Hic et ubique? &lt;/i&gt; &lt;/span&gt;Then we'll shift our ground.</p0826-teimww:hasText>
    <p0826-teimww:isMentionedIn>
      <p0826-teimww:passage knoraType="link_value" linkType="ref" target="ww_6a115eb2097e6cc7"/>
    </p0826-teimww:isMentionedIn>
    <p0826-teimww:isMentionedIn>
      <p0826-teimww:passage knoraType="link_value" linkType="ref" target="ww_ff469ded044a8879"/>
    </p0826-teimww:isMentionedIn>
    <p0826-teimww:isMentionedIn>
      <p0826-teimww:passage knoraType="link_value" linkType="ref" target="ww_c881e71833c98abd"/>
    </p0826-teimww:isMentionedIn>
    <p0826-teimww:occursIn>
      <p0826-teimww:book knoraType="link_value" linkType="ref" target="ww_5cb4c35da9f3b9dd"/>
    </p0826-teimww:occursIn>
    <p0826-teimww:wasContributedBy>
      <p0826-teimww:person knoraType="link_value" linkType="ref" target="ww_b604df587d93b768"/>
    </p0826-teimww:wasContributedBy>
  </p0826-teimww:passage>
  <p0826-teimww:passage id="ww_ff469ded044a8879">
    <knoraXmlImport:label>passage</knoraXmlImport:label>
    <p0826-teimww:occursIn>
      <p0826-teimww:book knoraType="link_value" linkType="ref" target="ww_1140c36ab545b6d8"/>
    </p0826-teimww:occursIn>
  </p0826-teimww:passage>
  <p0826-teimww:passage id="ww_c881e71833c98abd">
    <knoraXmlImport:label>passage</knoraXmlImport:label>
    <p0826-teimww:occursIn>
      <p0826-teimww:book knoraType="link_value" linkType="ref" target="ww_91e0dc4c671938fa"/>
    </p0826-teimww:occursIn>
  </p0826-teimww:passage>
  <p0826-teimww:passage id="ww_6a115eb2097e6cc7">
    <knoraXmlImport:label>passage</knoraXmlImport:label>
    <p0826-teimww:occursIn>
      <p0826-teimww:book knoraType="link_value" linkType="ref" target="ww_2f65899f08b5bb71"/>
    </p0826-teimww:occursIn>
  </p0826-teimww:passage>
  <p0826-teimww:passage id="ww_f026ede7f14751c7">
    <knoraXmlImport:label>passage</knoraXmlImport:label>
    <p0826-teimww:contains>
      <p0826-teimww:lexia knoraType="link_value" linkType="ref" target="ww_e5752d7bfd7f5fa0"/>
    </p0826-teimww:contains>
    <p0826-teimww:hasPage knoraType="richtext_value">Act 1, scene 5, line 185.</p0826-teimww:hasPage>
    <p0826-teimww:hasText knoraType="richtext_value">[Horatio:] &lt;span class="quote"&gt;O day and night, but this is wondrous strange.&lt;/span&gt;</p0826-teimww:hasText>
    <p0826-teimww:isMentionedIn>
      <p0826-teimww:passage knoraType="link_value" linkType="ref" target="ww_2cbd6d07b24dbd23"/>
    </p0826-teimww:isMentionedIn>
    <p0826-teimww:isMentionedIn>
      <p0826-teimww:passage knoraType="link_value" linkType="ref" target="ww_37a6ff7c3952460a"/>
    </p0826-teimww:isMentionedIn>
    <p0826-teimww:occursIn>
      <p0826-teimww:book knoraType="link_value" linkType="ref" target="ww_5cb4c35da9f3b9dd"/>
    </p0826-teimww:occursIn>
    <p0826-teimww:wasContributedBy>
      <p0826-teimww:person knoraType="link_value" linkType="ref" target="ww_b604df587d93b768"/>
    </p0826-teimww:wasContributedBy>
  </p0826-teimww:passage>
  <p0826-teimww:passage id="ww_37a6ff7c3952460a">
    <knoraXmlImport:label>passage</knoraXmlImport:label>
    <p0826-teimww:occursIn>
      <p0826-teimww:book knoraType="link_value" linkType="ref" target="ww_1140c36ab545b6d8"/>
    </p0826-teimww:occursIn>
  </p0826-teimww:passage>
  <p0826-teimww:passage id="ww_2cbd6d07b24dbd23">
    <knoraXmlImport:label>passage</knoraXmlImport:label>
    <p0826-teimww:occursIn>
      <p0826-teimww:book knoraType="link_value" linkType="ref" target="ww_2f767c233db0ba89"/>
    </p0826-teimww:occursIn>
  </p0826-teimww:passage>
  <p0826-teimww:passage id="ww_b8c635ee2007c32a">
    <knoraXmlImport:label>passage</knoraXmlImport:label>
    <p0826-teimww:contains>
      <p0826-teimww:lexia knoraType="link_value" linkType="ref" target="ww_e242beeb93d1bd2a"/>
    </p0826-teimww:contains>
    <p0826-teimww:hasPage knoraType="richtext_value">Act 1, scene 5, lines 187-188.</p0826-teimww:hasPage>
    <p0826-teimww:hasText knoraType="richtext_value">[Hamlet:] [...] &lt;span class="quote"&gt;There are more things in heaven and earth, Horatio, &lt;br&gt;
Than are dreamt of in your philosophy.&lt;/span&gt;</p0826-teimww:hasText>
    <p0826-teimww:isMentionedIn>
      <p0826-teimww:passage knoraType="link_value" linkType="ref" target="ww_69856b26fbd740f1"/>
    </p0826-teimww:isMentionedIn>
    <p0826-teimww:occursIn>
      <p0826-teimww:book knoraType="link_value" linkType="ref" target="ww_5cb4c35da9f3b9dd"/>
    </p0826-teimww:occursIn>
    <p0826-teimww:wasContributedBy>
      <p0826-teimww:person knoraType="link_value" linkType="ref" target="ww_b604df587d93b768"/>
    </p0826-teimww:wasContributedBy>
  </p0826-teimww:passage>
  <p0826-teimww:passage id="ww_69856b26fbd740f1">
    <knoraXmlImport:label>passage</knoraXmlImport:label>
    <p0826-teimww:occursIn>
      <p0826-teimww:book knoraType="link_value" linkType="ref" target="ww_4899784ecc7f3845"/>
    </p0826-teimww:occursIn>
  </p0826-teimww:passage>
  <p0826-teimww:passage id="ww_f1549fc8217c7903">
    <knoraXmlImport:label>passage</knoraXmlImport:label>
    <p0826-teimww:contains>
      <p0826-teimww:lexia knoraType="link_value" linkType="ref" target="ww_67f882375b009f3c"/>
    </p0826-teimww:contains>
    <p0826-teimww:hasPage knoraType="richtext_value">Act 1, scene 2, lines 80-81.</p0826-teimww:hasPage>
    <p0826-teimww:hasText knoraType="richtext_value">[Hamlet:] [...] &lt;span class="quote"&gt;Tis not alone my inky cloak, good mother, &lt;br&gt;
Nor customary suits of solemn black &lt;span class="quote"&gt;[...].</p0826-teimww:hasText>
    <p0826-teimww:isMentionedIn>
      <p0826-teimww:passage knoraType="link_value" linkType="ref" target="ww_4358cbc29ca1da02"/>
    </p0826-teimww:isMentionedIn>
    <p0826-teimww:occursIn>
      <p0826-teimww:book knoraType="link_value" linkType="ref" target="ww_5cb4c35da9f3b9dd"/>
    </p0826-teimww:occursIn>
    <p0826-teimww:wasContributedBy>
      <p0826-teimww:person knoraType="link_value" linkType="ref" target="ww_b604df587d93b768"/>
    </p0826-teimww:wasContributedBy>
  </p0826-teimww:passage>
  <p0826-teimww:passage id="ww_4358cbc29ca1da02">
    <knoraXmlImport:label>passage</knoraXmlImport:label>
    <p0826-teimww:occursIn>
      <p0826-teimww:book knoraType="link_value" linkType="ref" target="ww_c4dd28c52431d7a3"/>
    </p0826-teimww:occursIn>
  </p0826-teimww:passage>
  <p0826-teimww:passage id="ww_e4b8eda5e6ddcb53">
    <knoraXmlImport:label>passage</knoraXmlImport:label>
    <p0826-teimww:contains>
      <p0826-teimww:lexia knoraType="link_value" linkType="ref" target="ww_408d46898ef57436"/>
    </p0826-teimww:contains>
    <p0826-teimww:contains>
      <p0826-teimww:lexia knoraType="link_value" linkType="ref" target="ww_a192e4e1e3c68295"/>
    </p0826-teimww:contains>
    <p0826-teimww:hasPage knoraType="richtext_value">Act 1, scene 2, lines 135-136.</p0826-teimww:hasPage>
    <p0826-teimww:hasText knoraType="richtext_value">[Hamlet:] [...] Or that the &lt;span class="quote"&gt;Everlasting&lt;/span&gt; had not fixed &lt;br&gt;
His&lt;span class="quote"&gt; canon 'gainst self-slaughter!&lt;/span&gt;</p0826-teimww:hasText>
    <p0826-teimww:isMentionedIn>
      <p0826-teimww:passage knoraType="link_value" linkType="ref" target="ww_b7f1164aa6ae7be1"/>
    </p0826-teimww:isMentionedIn>
    <p0826-teimww:isMentionedIn>
      <p0826-teimww:passage knoraType="link_value" linkType="ref" target="ww_082d706b17bbe1f0"/>
    </p0826-teimww:isMentionedIn>
    <p0826-teimww:occursIn>
      <p0826-teimww:book knoraType="link_value" linkType="ref" target="ww_5cb4c35da9f3b9dd"/>
    </p0826-teimww:occursIn>
    <p0826-teimww:wasContributedBy>
      <p0826-teimww:person knoraType="link_value" linkType="ref" target="ww_b604df587d93b768"/>
    </p0826-teimww:wasContributedBy>
  </p0826-teimww:passage>
  <p0826-teimww:passage id="ww_082d706b17bbe1f0">
    <knoraXmlImport:label>passage</knoraXmlImport:label>
    <p0826-teimww:occursIn>
      <p0826-teimww:book knoraType="link_value" linkType="ref" target="ww_b3931845d54b98d5"/>
    </p0826-teimww:occursIn>
  </p0826-teimww:passage>
  <p0826-teimww:passage id="ww_b7f1164aa6ae7be1">
    <knoraXmlImport:label>passage</knoraXmlImport:label>
    <p0826-teimww:occursIn>
      <p0826-teimww:book knoraType="link_value" linkType="ref" target="ww_3f86f30540de15b8"/>
    </p0826-teimww:occursIn>
  </p0826-teimww:passage>
  <p0826-teimww:passage id="ww_1d7c2a8caf82726d">
    <knoraXmlImport:label>passage</knoraXmlImport:label>
    <p0826-teimww:contains>
      <p0826-teimww:lexia knoraType="link_value" linkType="ref" target="ww_d2068776b5b89994"/>
    </p0826-teimww:contains>
    <p0826-teimww:hasPage knoraType="richtext_value">Act 1, scene 2, line 208.</p0826-teimww:hasPage>
    <p0826-teimww:hasText knoraType="richtext_value">[Horatio:] [...] &lt;span class="quote"&gt;In the dead waste and middle of the night &lt;/span&gt;[...].</p0826-teimww:hasText>
    <p0826-teimww:isMentionedIn>
      <p0826-teimww:passage knoraType="link_value" linkType="ref" target="ww_d8057ed2daa6266e"/>
    </p0826-teimww:isMentionedIn>
    <p0826-teimww:occursIn>
      <p0826-teimww:book knoraType="link_value" linkType="ref" target="ww_5cb4c35da9f3b9dd"/>
    </p0826-teimww:occursIn>
    <p0826-teimww:wasContributedBy>
      <p0826-teimww:person knoraType="link_value" linkType="ref" target="ww_b604df587d93b768"/>
    </p0826-teimww:wasContributedBy>
  </p0826-teimww:passage>
  <p0826-teimww:passage id="ww_d8057ed2daa6266e">
    <knoraXmlImport:label>passage</knoraXmlImport:label>
    <p0826-teimww:occursIn>
      <p0826-teimww:book knoraType="link_value" linkType="ref" target="ww_c4dd28c52431d7a3"/>
    </p0826-teimww:occursIn>
  </p0826-teimww:passage>
  <p0826-teimww:passage id="ww_8d01dc7bb748ce22">
    <knoraXmlImport:label>passage</knoraXmlImport:label>
    <p0826-teimww:contains>
      <p0826-teimww:lexia knoraType="link_value" linkType="ref" target="ww_1b554573973827da"/>
    </p0826-teimww:contains>
    <p0826-teimww:contains>
      <p0826-teimww:lexia knoraType="link_value" linkType="ref" target="ww_192dacb3d95c7d24"/>
    </p0826-teimww:contains>
    <p0826-teimww:contains>
      <p0826-teimww:lexia knoraType="link_value" linkType="ref" target="ww_7ca6574cd3f37695"/>
    </p0826-teimww:contains>
    <p0826-teimww:hasPage knoraType="richtext_value">Act 2, scene 2, 475-544.</p0826-teimww:hasPage>
    <p0826-teimww:hasText knoraType="richtext_value">[Hamlet:] &lt;span class="quote"&gt;Aeneas' tale to Dido&lt;/span&gt;</p0826-teimww:hasText>
    <p0826-teimww:isMentionedIn>
      <p0826-teimww:passage knoraType="link_value" linkType="ref" target="ww_b79cccd1850f18e1"/>
    </p0826-teimww:isMentionedIn>
    <p0826-teimww:occursIn>
      <p0826-teimww:book knoraType="link_value" linkType="ref" target="ww_5cb4c35da9f3b9dd"/>
    </p0826-teimww:occursIn>
    <p0826-teimww:wasContributedBy>
      <p0826-teimww:person knoraType="link_value" linkType="ref" target="ww_c4063e9c72a3ffd2"/>
    </p0826-teimww:wasContributedBy>
  </p0826-teimww:passage>
  <p0826-teimww:passage id="ww_b79cccd1850f18e1">
    <knoraXmlImport:label>passage</knoraXmlImport:label>
    <p0826-teimww:occursIn>
      <p0826-teimww:book knoraType="link_value" linkType="ref" target="ww_fcbf6cb53d663d95"/>
    </p0826-teimww:occursIn>
  </p0826-teimww:passage>
  <p0826-teimww:passage id="ww_b598fb169e440610">
    <knoraXmlImport:label>passage</knoraXmlImport:label>
    <p0826-teimww:contains>
      <p0826-teimww:lexia knoraType="link_value" linkType="ref" target="ww_9aca8a3a7883de3d"/>
    </p0826-teimww:contains>
    <p0826-teimww:hasPage knoraType="richtext_value">Act 5, scene 5, lines 168-168.</p0826-teimww:hasPage>
    <p0826-teimww:hasText knoraType="richtext_value">[Laertes:] [...] And,&lt;span class="quote"&gt; like the kind life-rend'ring pelican, &lt;br&gt;
Repast them with my blood.&lt;/span&lt;</p0826-teimww:hasText>
    <p0826-teimww:isMentionedIn>
      <p0826-teimww:passage knoraType="link_value" linkType="ref" target="ww_23ff4e84bb951db0"/>
    </p0826-teimww:isMentionedIn>
    <p0826-teimww:occursIn>
      <p0826-teimww:book knoraType="link_value" linkType="ref" target="ww_5cb4c35da9f3b9dd"/>
    </p0826-teimww:occursIn>
    <p0826-teimww:wasContributedBy>
      <p0826-teimww:person knoraType="link_value" linkType="ref" target="ww_b604df587d93b768"/>
    </p0826-teimww:wasContributedBy>
  </p0826-teimww:passage>
  <p0826-teimww:passage id="ww_df1517d4d7d5b0c0">
    <knoraXmlImport:label>passage</knoraXmlImport:label>
    <p0826-teimww:contains>
      <p0826-teimww:lexia knoraType="link_value" linkType="ref" target="ww_8429f7553747f08c"/>
    </p0826-teimww:contains>
    <p0826-teimww:hasPage knoraType="richtext_value">104 [normalized spelling].</p0826-teimww:hasPage>
    <p0826-teimww:hasPageHist knoraType="richtext_value">104.</p0826-teimww:hasPageHist>
    <p0826-teimww:hasText knoraType="richtext_value">[Antonio:] Now croaks the toad, &amp; night-crows screech aloud, &lt;br&gt;
Fluttering 'bout casements of departed souls. &lt;br&gt;
&lt;span class="quote"&gt;Now gapes the graves, and through their yawns let loose &lt;br&gt;
Imprison'd spirits to revisit earth &lt;/span&gt;[...].</p0826-teimww:hasText>
    <p0826-teimww:hasTextHist knoraType="richtext_value">[Antonio:] Now croakes the toad, &amp; night-crowes screech aloud, &lt;br&gt;
Fluttering 'bout casements of departed soules. &lt;br&gt;
&lt;span class="quote"&gt;Now gapes the graves, and through their yawnes let loose &lt;br&gt;
Imprison'd spirits to revisit earth &lt;/span&gt;[...].</p0826-teimww:hasTextHist>
    <p0826-teimww:isMentionedIn>
      <p0826-teimww:passage knoraType="link_value" linkType="ref" target="ww_b6c900151c237d6a"/>
    </p0826-teimww:isMentionedIn>
    <p0826-teimww:occursIn>
      <p0826-teimww:book knoraType="link_value" linkType="ref" target="ww_436db7d05fb0f0f6"/>
    </p0826-teimww:occursIn>
    <p0826-teimww:wasContributedBy>
      <p0826-teimww:person knoraType="link_value" linkType="ref" target="ww_c4063e9c72a3ffd2"/>
    </p0826-teimww:wasContributedBy>
  </p0826-teimww:passage>
  <p0826-teimww:passage id="ww_b6c900151c237d6a">
    <knoraXmlImport:label>passage</knoraXmlImport:label>
    <p0826-teimww:occursIn>
      <p0826-teimww:book knoraType="link_value" linkType="ref" target="ww_5af91280461707f1"/>
    </p0826-teimww:occursIn>
  </p0826-teimww:passage>
  <p0826-teimww:passage id="ww_f31f3e273133a40d">
    <knoraXmlImport:label>passage</knoraXmlImport:label>
    <p0826-teimww:contains>
      <p0826-teimww:lexia knoraType="link_value" linkType="ref" target="ww_882df95aa1319c98"/>
    </p0826-teimww:contains>
    <p0826-teimww:hasPage knoraType="richtext_value">Act 3, scene 4, line 199.</p0826-teimww:hasPage>
    <p0826-teimww:hasText knoraType="richtext_value">[Hamlet:] &lt;span class="quote"&gt;I must be cruel only to be kind.&lt;/span&gt;</p0826-teimww:hasText>
    <p0826-teimww:isMentionedIn>
      <p0826-teimww:passage knoraType="link_value" linkType="ref" target="ww_430d501b51cece42"/>
    </p0826-teimww:isMentionedIn>
    <p0826-teimww:occursIn>
      <p0826-teimww:book knoraType="link_value" linkType="ref" target="ww_5cb4c35da9f3b9dd"/>
    </p0826-teimww:occursIn>
    <p0826-teimww:wasContributedBy>
      <p0826-teimww:person knoraType="link_value" linkType="ref" target="ww_7f35f6802efd910d"/>
    </p0826-teimww:wasContributedBy>
  </p0826-teimww:passage>
  <p0826-teimww:passage id="ww_430d501b51cece42">
    <knoraXmlImport:label>passage</knoraXmlImport:label>
    <p0826-teimww:occursIn>
      <p0826-teimww:book knoraType="link_value" linkType="ref" target="ww_55bc1a3b04bf8a8d"/>
    </p0826-teimww:occursIn>
  </p0826-teimww:passage>
  <p0826-teimww:passage id="ww_ea8d82e2890cd2e3">
    <knoraXmlImport:label>passage</knoraXmlImport:label>
    <p0826-teimww:contains>
      <p0826-teimww:lexia knoraType="link_value" linkType="ref" target="ww_91232264bc9c2958"/>
    </p0826-teimww:contains>
    <p0826-teimww:hasPage knoraType="richtext_value">Act 2, scene 2, lines 286-270.</p0826-teimww:hasPage>
    <p0826-teimww:hasText knoraType="richtext_value">[Hamlet:] &lt;span class="quote"&gt;Why, then, 'tis none to you, for there is nothing either good or bad but thinking makes it so. To me, it is a prison.&lt;/span&gt;</p0826-teimww:hasText>
    <p0826-teimww:isMentionedIn>
      <p0826-teimww:passage knoraType="link_value" linkType="ref" target="ww_95d488a560791c67"/>
    </p0826-teimww:isMentionedIn>
    <p0826-teimww:occursIn>
      <p0826-teimww:book knoraType="link_value" linkType="ref" target="ww_5cb4c35da9f3b9dd"/>
    </p0826-teimww:occursIn>
    <p0826-teimww:wasContributedBy>
      <p0826-teimww:person knoraType="link_value" linkType="ref" target="ww_7f35f6802efd910d"/>
    </p0826-teimww:wasContributedBy>
  </p0826-teimww:passage>
  <p0826-teimww:passage id="ww_95d488a560791c67">
    <knoraXmlImport:label>passage</knoraXmlImport:label>
    <p0826-teimww:occursIn>
      <p0826-teimww:book knoraType="link_value" linkType="ref" target="ww_160b060adc5c12bf"/>
    </p0826-teimww:occursIn>
  </p0826-teimww:passage>
  <p0826-teimww:passage id="ww_0112ba0d05f49972">
    <knoraXmlImport:label>passage</knoraXmlImport:label>
    <p0826-teimww:contains>
      <p0826-teimww:lexia knoraType="link_value" linkType="ref" target="ww_d679850439ed85ec"/>
    </p0826-teimww:contains>
    <p0826-teimww:hasPage knoraType="richtext_value">Act 4, scene 5, lines 76-77.</p0826-teimww:hasPage>
    <p0826-teimww:hasText knoraType="richtext_value">[Ophelia:] [...] &lt;span class="quote"&gt;Come, my coach! Good night ladies, good night sweet ladies &lt;/span&gt;[...].</p0826-teimww:hasText>
    <p0826-teimww:isMentionedIn>
      <p0826-teimww:passage knoraType="link_value" linkType="ref" target="ww_502bc4614ada8496"/>
    </p0826-teimww:isMentionedIn>
    <p0826-teimww:isMentionedIn>
      <p0826-teimww:passage knoraType="link_value" linkType="ref" target="ww_a916907d668607e5"/>
    </p0826-teimww:isMentionedIn>
    <p0826-teimww:isMentionedIn>
      <p0826-teimww:passage knoraType="link_value" linkType="ref" target="ww_c888470f649f413a"/>
    </p0826-teimww:isMentionedIn>
    <p0826-teimww:occursIn>
      <p0826-teimww:book knoraType="link_value" linkType="ref" target="ww_5cb4c35da9f3b9dd"/>
    </p0826-teimww:occursIn>
    <p0826-teimww:wasContributedBy>
      <p0826-teimww:person knoraType="link_value" linkType="ref" target="ww_c4063e9c72a3ffd2"/>
    </p0826-teimww:wasContributedBy>
  </p0826-teimww:passage>
  <p0826-teimww:passage id="ww_502bc4614ada8496">
    <knoraXmlImport:label>passage</knoraXmlImport:label>
    <p0826-teimww:occursIn>
      <p0826-teimww:book knoraType="link_value" linkType="ref" target="ww_b3931845d54b98d5"/>
    </p0826-teimww:occursIn>
  </p0826-teimww:passage>
  <p0826-teimww:passage id="ww_c888470f649f413a">
    <knoraXmlImport:label>passage</knoraXmlImport:label>
    <p0826-teimww:occursIn>
      <p0826-teimww:book knoraType="link_value" linkType="ref" target="ww_3f86f30540de15b8"/>
    </p0826-teimww:occursIn>
  </p0826-teimww:passage>
  <p0826-teimww:passage id="ww_a916907d668607e5">
    <knoraXmlImport:label>passage</knoraXmlImport:label>
    <p0826-teimww:occursIn>
      <p0826-teimww:book knoraType="link_value" linkType="ref" target="ww_1140c36ab545b6d8"/>
    </p0826-teimww:occursIn>
  </p0826-teimww:passage>
  <p0826-teimww:passage id="ww_9a4f523a0ddf3bae">
    <knoraXmlImport:label>passage</knoraXmlImport:label>
    <p0826-teimww:contains>
      <p0826-teimww:lexia knoraType="link_value" linkType="ref" target="ww_908fec1a3c1436ad"/>
    </p0826-teimww:contains>
    <p0826-teimww:hasPage knoraType="richtext_value">Act 4, scene 5, line 97.</p0826-teimww:hasPage>
    <p0826-teimww:hasText knoraType="richtext_value">[Claudius:] [...] &lt;span class="quote"&gt;And wants not buzzers to infect his ear &lt;/span&gt;[...].</p0826-teimww:hasText>
    <p0826-teimww:isMentionedIn>
      <p0826-teimww:passage knoraType="link_value" linkType="ref" target="ww_183774acf5c064d7"/>
    </p0826-teimww:isMentionedIn>
    <p0826-teimww:occursIn>
      <p0826-teimww:book knoraType="link_value" linkType="ref" target="ww_5cb4c35da9f3b9dd"/>
    </p0826-teimww:occursIn>
    <p0826-teimww:wasContributedBy>
      <p0826-teimww:person knoraType="link_value" linkType="ref" target="ww_c4063e9c72a3ffd2"/>
    </p0826-teimww:wasContributedBy>
  </p0826-teimww:passage>
  <p0826-teimww:passage id="ww_183774acf5c064d7">
    <knoraXmlImport:label>passage</knoraXmlImport:label>
    <p0826-teimww:occursIn>
      <p0826-teimww:book knoraType="link_value" linkType="ref" target="ww_b3931845d54b98d5"/>
    </p0826-teimww:occursIn>
  </p0826-teimww:passage>
  <p0826-teimww:passage id="ww_9f16ba0492995764">
    <knoraXmlImport:label>passage</knoraXmlImport:label>
    <p0826-teimww:contains>
      <p0826-teimww:lexia knoraType="link_value" linkType="ref" target="ww_f3b08ce28b7a11e5"/>
    </p0826-teimww:contains>
    <p0826-teimww:hasPage knoraType="richtext_value">Act 4, scene 5, line 152.</p0826-teimww:hasPage>
    <p0826-teimww:hasText knoraType="richtext_value">[Laertes:] [...] &lt;span class="quote"&gt;both the worlds I give to negligence&lt;/span&gt; [...].</p0826-teimww:hasText>
    <p0826-teimww:isMentionedIn>
      <p0826-teimww:passage knoraType="link_value" linkType="ref" target="ww_c7c79fef3df98fe1"/>
    </p0826-teimww:isMentionedIn>
    <p0826-teimww:occursIn>
      <p0826-teimww:book knoraType="link_value" linkType="ref" target="ww_5cb4c35da9f3b9dd"/>
    </p0826-teimww:occursIn>
    <p0826-teimww:wasContributedBy>
      <p0826-teimww:person knoraType="link_value" linkType="ref" target="ww_c4063e9c72a3ffd2"/>
    </p0826-teimww:wasContributedBy>
  </p0826-teimww:passage>
  <p0826-teimww:passage id="ww_c7c79fef3df98fe1">
    <knoraXmlImport:label>passage</knoraXmlImport:label>
    <p0826-teimww:occursIn>
      <p0826-teimww:book knoraType="link_value" linkType="ref" target="ww_b3931845d54b98d5"/>
    </p0826-teimww:occursIn>
  </p0826-teimww:passage>
  <p0826-teimww:passage id="ww_546e4cb55c3555bb">
    <knoraXmlImport:label>passage</knoraXmlImport:label>
    <p0826-teimww:contains>
      <p0826-teimww:lexia knoraType="link_value" linkType="ref" target="ww_a1aba38592b08651"/>
    </p0826-teimww:contains>
    <p0826-teimww:hasPage knoraType="richtext_value">Act 3, scene 3, lines 77-80.</p0826-teimww:hasPage>
    <p0826-teimww:hasText knoraType="richtext_value">[Hamlet:] &lt;span class="quote"&gt;Now might I do it pat, now he is a-praying, &lt;br&gt;
And now I'll do 't. (He draws his sword)&lt;br&gt;
And so he goes to heaven, &lt;br&gt;
And so am I revenged.&lt;/span&gt;</p0826-teimww:hasText>
    <p0826-teimww:isMentionedIn>
      <p0826-teimww:passage knoraType="link_value" linkType="ref" target="ww_0e9bcf3973eb5a9b"/>
    </p0826-teimww:isMentionedIn>
    <p0826-teimww:occursIn>
      <p0826-teimww:book knoraType="link_value" linkType="ref" target="ww_5cb4c35da9f3b9dd"/>
    </p0826-teimww:occursIn>
    <p0826-teimww:wasContributedBy>
      <p0826-teimww:person knoraType="link_value" linkType="ref" target="ww_b604df587d93b768"/>
    </p0826-teimww:wasContributedBy>
  </p0826-teimww:passage>
  <p0826-teimww:passage id="ww_0e9bcf3973eb5a9b">
    <knoraXmlImport:label>passage</knoraXmlImport:label>
    <p0826-teimww:occursIn>
      <p0826-teimww:book knoraType="link_value" linkType="ref" target="ww_5eeeb3e78e8b0bc3"/>
    </p0826-teimww:occursIn>
  </p0826-teimww:passage>
  <p0826-teimww:passage id="ww_2509aec54bf316f7">
    <knoraXmlImport:label>passage</knoraXmlImport:label>
    <p0826-teimww:contains>
      <p0826-teimww:lexia knoraType="link_value" linkType="ref" target="ww_2c403092d5ee953f"/>
    </p0826-teimww:contains>
    <p0826-teimww:hasPage knoraType="richtext_value">Act 1, scene 4, line 42; Act 3, scene 4, lines 116-117.</p0826-teimww:hasPage>
    <p0826-teimww:hasText knoraType="richtext_value">[Hamlet:] &lt;span class="quote"&gt;Angels and ministers of grace defend us!&lt;/span&gt;
&lt;br&gt;
&lt;br&gt;
[Hamlet]: [...] &lt;span class="quote"&gt;Save me, and hover o'er me with your wings, &lt;br&gt;
You heavenly guard! &lt;/span&gt;What would your gracious figure?</p0826-teimww:hasText>
    <p0826-teimww:isMentionedIn>
      <p0826-teimww:passage knoraType="link_value" linkType="ref" target="ww_a6c86f8218f0c2ee"/>
    </p0826-teimww:isMentionedIn>
    <p0826-teimww:isMentionedIn>
      <p0826-teimww:passage knoraType="link_value" linkType="ref" target="ww_116d9a0917041378"/>
    </p0826-teimww:isMentionedIn>
    <p0826-teimww:isMentionedIn>
      <p0826-teimww:passage knoraType="link_value" linkType="ref" target="ww_5f78c9a0980b47f4"/>
    </p0826-teimww:isMentionedIn>
    <p0826-teimww:isMentionedIn>
      <p0826-teimww:passage knoraType="link_value" linkType="ref" target="ww_047a4d09a5813427"/>
    </p0826-teimww:isMentionedIn>
    <p0826-teimww:occursIn>
      <p0826-teimww:book knoraType="link_value" linkType="ref" target="ww_5cb4c35da9f3b9dd"/>
    </p0826-teimww:occursIn>
    <p0826-teimww:wasContributedBy>
      <p0826-teimww:person knoraType="link_value" linkType="ref" target="ww_b604df587d93b768"/>
    </p0826-teimww:wasContributedBy>
  </p0826-teimww:passage>
  <p0826-teimww:passage id="ww_5f78c9a0980b47f4">
    <knoraXmlImport:label>passage</knoraXmlImport:label>
    <p0826-teimww:occursIn>
      <p0826-teimww:book knoraType="link_value" linkType="ref" target="ww_d0062b214b9d3402"/>
    </p0826-teimww:occursIn>
  </p0826-teimww:passage>
  <p0826-teimww:passage id="ww_a6c86f8218f0c2ee">
    <knoraXmlImport:label>passage</knoraXmlImport:label>
    <p0826-teimww:occursIn>
      <p0826-teimww:book knoraType="link_value" linkType="ref" target="ww_e38a56a7efbf9723"/>
    </p0826-teimww:occursIn>
  </p0826-teimww:passage>
  <p0826-teimww:passage id="ww_047a4d09a5813427">
    <knoraXmlImport:label>passage</knoraXmlImport:label>
    <p0826-teimww:occursIn>
      <p0826-teimww:book knoraType="link_value" linkType="ref" target="ww_b3931845d54b98d5"/>
    </p0826-teimww:occursIn>
  </p0826-teimww:passage>
  <p0826-teimww:passage id="ww_116d9a0917041378">
    <knoraXmlImport:label>passage</knoraXmlImport:label>
    <p0826-teimww:occursIn>
      <p0826-teimww:book knoraType="link_value" linkType="ref" target="ww_91e0dc4c671938fa"/>
    </p0826-teimww:occursIn>
  </p0826-teimww:passage>
  <p0826-teimww:passage id="ww_3bfcfb13cd1b2dba">
    <knoraXmlImport:label>passage</knoraXmlImport:label>
    <p0826-teimww:contains>
      <p0826-teimww:lexia knoraType="link_value" linkType="ref" target="ww_722f19a2d0544d1e"/>
    </p0826-teimww:contains>
    <p0826-teimww:hasPage knoraType="richtext_value">Act 3, scene 2, lines 369-372.</p0826-teimww:hasPage>
    <p0826-teimww:hasText knoraType="richtext_value">[Hamlet:] [...] &lt;span class="quote"&gt;'Sblood, do you think I am easier to be played on than a pipe? Call me what instrument you will, though you can fret me, yet you cannot play upon me.&lt;/span&gt;</p0826-teimww:hasText>
    <p0826-teimww:isMentionedIn>
      <p0826-teimww:passage knoraType="link_value" linkType="ref" target="ww_2a53d3b94cc8c386"/>
    </p0826-teimww:isMentionedIn>
    <p0826-teimww:occursIn>
      <p0826-teimww:book knoraType="link_value" linkType="ref" target="ww_5cb4c35da9f3b9dd"/>
    </p0826-teimww:occursIn>
    <p0826-teimww:wasContributedBy>
      <p0826-teimww:person knoraType="link_value" linkType="ref" target="ww_b604df587d93b768"/>
    </p0826-teimww:wasContributedBy>
  </p0826-teimww:passage>
  <p0826-teimww:passage id="ww_2a53d3b94cc8c386">
    <knoraXmlImport:label>passage</knoraXmlImport:label>
    <p0826-teimww:occursIn>
      <p0826-teimww:book knoraType="link_value" linkType="ref" target="ww_d0062b214b9d3402"/>
    </p0826-teimww:occursIn>
  </p0826-teimww:passage>
  <p0826-teimww:passage id="ww_05b5af00832a0525">
    <knoraXmlImport:label>passage</knoraXmlImport:label>
    <p0826-teimww:contains>
      <p0826-teimww:lexia knoraType="link_value" linkType="ref" target="ww_5f8fb8c9fbd7f34a"/>
    </p0826-teimww:contains>
    <p0826-teimww:contains>
      <p0826-teimww:lexia knoraType="link_value" linkType="ref" target="ww_17ef6dc16d561a28"/>
    </p0826-teimww:contains>
    <p0826-teimww:contains>
      <p0826-teimww:lexia knoraType="link_value" linkType="ref" target="ww_fe6fa2da26ced2ba"/>
    </p0826-teimww:contains>
    <p0826-teimww:hasPage knoraType="richtext_value">Act 2, scene 2, line 475.</p0826-teimww:hasPage>
    <p0826-teimww:hasText knoraType="richtext_value">[Hamlet:] &lt;span class="quote"&gt;The rugged Pyrrhus, like th' Hyrcanian beast &lt;/span&gt;[...].</p0826-teimww:hasText>
    <p0826-teimww:isMentionedIn>
      <p0826-teimww:passage knoraType="link_value" linkType="ref" target="ww_502737b476afc362"/>
    </p0826-teimww:isMentionedIn>
    <p0826-teimww:isMentionedIn>
      <p0826-teimww:passage knoraType="link_value" linkType="ref" target="ww_42862c2ef402bbfb"/>
    </p0826-teimww:isMentionedIn>
    <p0826-teimww:occursIn>
      <p0826-teimww:book knoraType="link_value" linkType="ref" target="ww_5cb4c35da9f3b9dd"/>
    </p0826-teimww:occursIn>
    <p0826-teimww:wasContributedBy>
      <p0826-teimww:person knoraType="link_value" linkType="ref" target="ww_7f35f6802efd910d"/>
    </p0826-teimww:wasContributedBy>
  </p0826-teimww:passage>
  <p0826-teimww:passage id="ww_42862c2ef402bbfb">
    <knoraXmlImport:label>passage</knoraXmlImport:label>
    <p0826-teimww:occursIn>
      <p0826-teimww:book knoraType="link_value" linkType="ref" target="ww_b3931845d54b98d5"/>
    </p0826-teimww:occursIn>
  </p0826-teimww:passage>
  <p0826-teimww:passage id="ww_502737b476afc362">
    <knoraXmlImport:label>passage</knoraXmlImport:label>
    <p0826-teimww:occursIn>
      <p0826-teimww:book knoraType="link_value" linkType="ref" target="ww_db0e9fa009aad7b3"/>
    </p0826-teimww:occursIn>
  </p0826-teimww:passage>
  <p0826-teimww:passage id="ww_f332826386e62bc8">
    <knoraXmlImport:label>passage</knoraXmlImport:label>
    <p0826-teimww:contains>
      <p0826-teimww:lexia knoraType="link_value" linkType="ref" target="ww_626cc13ba3e87208"/>
    </p0826-teimww:contains>
    <p0826-teimww:hasPage knoraType="richtext_value">Act 2, scene 7, lines 149-173.</p0826-teimww:hasPage>
    <p0826-teimww:hasText knoraType="richtext_value">[Jaques:] &lt;span class="quote"&gt;And one man in his time plays many parts, &lt;br&gt;
his acts being seven ages&lt;/span&gt;.At first the infant, &lt;br&gt;
Mewling and puking in the nurse’s arms.&lt;br&gt;
Then the whining schoolboy with his satchel&lt;br&gt;
And shining morning face, creeping like snail&lt;br&gt;
Unwillingly to school. And then the lover,&lt;br&gt;
Sighing like furnace, with a woeful ballad&lt;br&gt;
Made to his mistress’ eyebrow. Then a soldier,&lt;br&gt;
Full of strange oaths and bearded like the pard,&lt;br&gt;
Jealous in honor, sudden and quick in quarrel,&lt;br&gt;
Seeking the bubble reputation&lt;br&gt;
Even in the cannon’s mouth. And then the justice,&lt;br&gt;
In fair round belly with good capon lined,&lt;br&gt;
With eyes severe and beard of formal cut,&lt;br&gt;
Full of wise saws and modern instances;&lt;br&gt;
And so he plays his part. The sixth age shifts&lt;br&gt;
Into the lean and slippered pantaloon&lt;br&gt;
With spectacles on nose and pouch on side,&lt;br&gt;
His youthful hose, well saved, a world too wide&lt;br&gt;
For his shrunk shank, and his big manly voice,&lt;br&gt;
Turning again toward childish treble, pipes&lt;br&gt;
And whistles in his sound. Last scene of all,&lt;br&gt;
That ends this strange eventful history,&lt;br&gt;
Is second childishness and mere oblivion,&lt;br&gt;
Sans teeth, sans eyes, sans taste, sans everything.</p0826-teimww:hasText>
    <p0826-teimww:isMentionedIn>
      <p0826-teimww:passage knoraType="link_value" linkType="ref" target="ww_5c2966d264074308"/>
    </p0826-teimww:isMentionedIn>
    <p0826-teimww:occursIn>
      <p0826-teimww:book knoraType="link_value" linkType="ref" target="ww_5c3ae833a8aaf03d"/>
    </p0826-teimww:occursIn>
    <p0826-teimww:wasContributedBy>
      <p0826-teimww:person knoraType="link_value" linkType="ref" target="ww_c4063e9c72a3ffd2"/>
    </p0826-teimww:wasContributedBy>
  </p0826-teimww:passage>
  <p0826-teimww:passage id="ww_5c2966d264074308">
    <knoraXmlImport:label>passage</knoraXmlImport:label>
    <p0826-teimww:occursIn>
      <p0826-teimww:book knoraType="link_value" linkType="ref" target="ww_dad475a43f1ff2eb"/>
    </p0826-teimww:occursIn>
  </p0826-teimww:passage>
  <p0826-teimww:passage id="ww_d437d6eae0d8f4e0">
    <knoraXmlImport:label>passage</knoraXmlImport:label>
    <p0826-teimww:contains>
      <p0826-teimww:lexia knoraType="link_value" linkType="ref" target="ww_5e3dd11d52027da0"/>
    </p0826-teimww:contains>
    <p0826-teimww:hasPage knoraType="richtext_value">269; epilogue, lines 19-20. [spelling normalized].</p0826-teimww:hasPage>
    <p0826-teimww:hasPageHist knoraType="richtext_value">269; epilogue, lines 19-20.</p0826-teimww:hasPageHist>
    <p0826-teimww:hasText knoraType="richtext_value">[Epilogue:] &lt;span class="quote"&gt;I'll only speak, what I have heard him say; &lt;br&gt;
By (-) 'tis good, and if you lik't, you may. &lt;/span&gt;</p0826-teimww:hasText>
    <p0826-teimww:hasTextHist knoraType="richtext_value">[Epilogue:] I'le onely speake, what I haue heard him say; &lt;br&gt;
By (-) 'tis good, and if you lik't, you may. </p0826-teimww:hasTextHist>
    <p0826-teimww:isMentionedIn>
      <p0826-teimww:passage knoraType="link_value" linkType="ref" target="ww_f6e6d7afd06a1ace"/>
    </p0826-teimww:isMentionedIn>
    <p0826-teimww:occursIn>
      <p0826-teimww:book knoraType="link_value" linkType="ref" target="ww_5daf3834744322ae"/>
    </p0826-teimww:occursIn>
    <p0826-teimww:wasContributedBy>
      <p0826-teimww:person knoraType="link_value" linkType="ref" target="ww_c4063e9c72a3ffd2"/>
    </p0826-teimww:wasContributedBy>
  </p0826-teimww:passage>
  <p0826-teimww:passage id="ww_f6e6d7afd06a1ace">
    <knoraXmlImport:label>passage</knoraXmlImport:label>
    <p0826-teimww:occursIn>
      <p0826-teimww:book knoraType="link_value" linkType="ref" target="ww_fc0ed4bc4ee837dd"/>
    </p0826-teimww:occursIn>
  </p0826-teimww:passage>
  <p0826-teimww:passage id="ww_ab12417a999e2be9">
    <knoraXmlImport:label>passage</knoraXmlImport:label>
    <p0826-teimww:contains>
      <p0826-teimww:lexia knoraType="link_value" linkType="ref" target="ww_1a41794e1c81f34b"/>
    </p0826-teimww:contains>
    <p0826-teimww:hasPage knoraType="richtext_value">Act 1, scene 5, line 99.</p0826-teimww:hasPage>
    <p0826-teimww:hasText knoraType="richtext_value">[Hamlet:] &lt;span class="quote"&gt;O all you host of heaven!&lt;/span&gt;</p0826-teimww:hasText>
    <p0826-teimww:isMentionedIn>
      <p0826-teimww:passage knoraType="link_value" linkType="ref" target="ww_c15f73c16cca8796"/>
    </p0826-teimww:isMentionedIn>
    <p0826-teimww:occursIn>
      <p0826-teimww:book knoraType="link_value" linkType="ref" target="ww_5cb4c35da9f3b9dd"/>
    </p0826-teimww:occursIn>
    <p0826-teimww:wasContributedBy>
      <p0826-teimww:person knoraType="link_value" linkType="ref" target="ww_b604df587d93b768"/>
    </p0826-teimww:wasContributedBy>
  </p0826-teimww:passage>
  <p0826-teimww:passage id="ww_c15f73c16cca8796">
    <knoraXmlImport:label>passage</knoraXmlImport:label>
    <p0826-teimww:occursIn>
      <p0826-teimww:book knoraType="link_value" linkType="ref" target="ww_5eeeb3e78e8b0bc3"/>
    </p0826-teimww:occursIn>
  </p0826-teimww:passage>
  <p0826-teimww:passage id="ww_ab12b4fd65ee5f63">
    <knoraXmlImport:label>passage</knoraXmlImport:label>
    <p0826-teimww:contains>
      <p0826-teimww:lexia knoraType="link_value" linkType="ref" target="ww_dcec5612aefc676d"/>
    </p0826-teimww:contains>
    <p0826-teimww:hasPage knoraType="richtext_value">83; act 1, scene 5 [normalized spelling].</p0826-teimww:hasPage>
    <p0826-teimww:hasPageHist knoraType="richtext_value">83; act 1, scene 5.</p0826-teimww:hasPageHist>
    <p0826-teimww:hasText knoraType="richtext_value">[Pandulpho:] [...] thou and I&lt;br&gt;
Will &lt;span class="quote"&gt;talk as &lt;i&gt;Chorus &lt;/i&gt;to this tragedy.&lt;/span&gt;</p0826-teimww:hasText>
    <p0826-teimww:hasTextHist knoraType="richtext_value">[Pandulpho:] [...] thou and I&lt;br&gt;
Will &lt;span class="quote"&gt;talke as &lt;i&gt;Chorus &lt;/i&gt;to this tragedie.&lt;/span&gt;</p0826-teimww:hasTextHist>
    <p0826-teimww:isMentionedIn>
      <p0826-teimww:passage knoraType="link_value" linkType="ref" target="ww_3673ba3d15a5aa2d"/>
    </p0826-teimww:isMentionedIn>
    <p0826-teimww:occursIn>
      <p0826-teimww:book knoraType="link_value" linkType="ref" target="ww_436db7d05fb0f0f6"/>
    </p0826-teimww:occursIn>
    <p0826-teimww:wasContributedBy>
      <p0826-teimww:person knoraType="link_value" linkType="ref" target="ww_c4063e9c72a3ffd2"/>
    </p0826-teimww:wasContributedBy>
  </p0826-teimww:passage>
  <p0826-teimww:passage id="ww_3673ba3d15a5aa2d">
    <knoraXmlImport:label>passage</knoraXmlImport:label>
    <p0826-teimww:occursIn>
      <p0826-teimww:book knoraType="link_value" linkType="ref" target="ww_fc0ed4bc4ee837dd"/>
    </p0826-teimww:occursIn>
  </p0826-teimww:passage>
  <p0826-teimww:passage id="ww_44344bf346cc20c0">
    <knoraXmlImport:label>passage</knoraXmlImport:label>
    <p0826-teimww:contains>
      <p0826-teimww:lexia knoraType="link_value" linkType="ref" target="ww_e3ba47a6ffa1b4a0"/>
    </p0826-teimww:contains>
    <p0826-teimww:hasPage knoraType="richtext_value">Act 1, scene 1, line 51.</p0826-teimww:hasPage>
    <p0826-teimww:hasText knoraType="richtext_value">[Horatio:] [...]&lt;span class="quote"&gt; It harrows me with fear and wonder.&lt;/span&gt;</p0826-teimww:hasText>
    <p0826-teimww:isMentionedIn>
      <p0826-teimww:passage knoraType="link_value" linkType="ref" target="ww_d6be75c189256d6f"/>
    </p0826-teimww:isMentionedIn>
    <p0826-teimww:occursIn>
      <p0826-teimww:book knoraType="link_value" linkType="ref" target="ww_5cb4c35da9f3b9dd"/>
    </p0826-teimww:occursIn>
    <p0826-teimww:wasContributedBy>
      <p0826-teimww:person knoraType="link_value" linkType="ref" target="ww_b604df587d93b768"/>
    </p0826-teimww:wasContributedBy>
  </p0826-teimww:passage>
  <p0826-teimww:passage id="ww_d6be75c189256d6f">
    <knoraXmlImport:label>passage</knoraXmlImport:label>
    <p0826-teimww:occursIn>
      <p0826-teimww:book knoraType="link_value" linkType="ref" target="ww_4899784ecc7f3845"/>
    </p0826-teimww:occursIn>
  </p0826-teimww:passage>
  <p0826-teimww:passage id="ww_5d47da6bb6845d04">
    <knoraXmlImport:label>passage</knoraXmlImport:label>
    <p0826-teimww:contains>
      <p0826-teimww:lexia knoraType="link_value" linkType="ref" target="ww_ddf32300c573aa3e"/>
    </p0826-teimww:contains>
    <p0826-teimww:hasPage knoraType="richtext_value">Act 3, scene 3, lines 45-46.</p0826-teimww:hasPage>
    <p0826-teimww:hasText knoraType="richtext_value">&lt;span class="quote"&gt;And, like a man to double business bound, 	&lt;br&gt;
I stand in pause where I shall first begin, 	&lt;br&gt;
And both neglect.&lt;/span&gt;</p0826-teimww:hasText>
    <p0826-teimww:isMentionedIn>
      <p0826-teimww:passage knoraType="link_value" linkType="ref" target="ww_6e2fbf71d4ead442"/>
    </p0826-teimww:isMentionedIn>
    <p0826-teimww:occursIn>
      <p0826-teimww:book knoraType="link_value" linkType="ref" target="ww_5cb4c35da9f3b9dd"/>
    </p0826-teimww:occursIn>
    <p0826-teimww:wasContributedBy>
      <p0826-teimww:person knoraType="link_value" linkType="ref" target="ww_c4063e9c72a3ffd2"/>
    </p0826-teimww:wasContributedBy>
  </p0826-teimww:passage>
  <p0826-teimww:passage id="ww_6e2fbf71d4ead442">
    <knoraXmlImport:label>passage</knoraXmlImport:label>
    <p0826-teimww:occursIn>
      <p0826-teimww:book knoraType="link_value" linkType="ref" target="ww_cd1e70f8e2cd8c82"/>
    </p0826-teimww:occursIn>
  </p0826-teimww:passage>
  <p0826-teimww:passage id="ww_d05119415c87b713">
    <knoraXmlImport:label>passage</knoraXmlImport:label>
    <p0826-teimww:contains>
      <p0826-teimww:lexia knoraType="link_value" linkType="ref" target="ww_0e3667b68804cca5"/>
    </p0826-teimww:contains>
    <p0826-teimww:hasPage knoraType="richtext_value">Act 1, scene 1, line 55.</p0826-teimww:hasPage>
    <p0826-teimww:hasText knoraType="richtext_value">[Horatio:] [...] &lt;span class="quote"&gt;Together with that fair and warlike form &lt;/span&gt;[...].</p0826-teimww:hasText>
    <p0826-teimww:isMentionedIn>
      <p0826-teimww:passage knoraType="link_value" linkType="ref" target="ww_ff751f8e4c8c3d6e"/>
    </p0826-teimww:isMentionedIn>
    <p0826-teimww:occursIn>
      <p0826-teimww:book knoraType="link_value" linkType="ref" target="ww_5cb4c35da9f3b9dd"/>
    </p0826-teimww:occursIn>
    <p0826-teimww:wasContributedBy>
      <p0826-teimww:person knoraType="link_value" linkType="ref" target="ww_b604df587d93b768"/>
    </p0826-teimww:wasContributedBy>
  </p0826-teimww:passage>
  <p0826-teimww:passage id="ww_ff751f8e4c8c3d6e">
    <knoraXmlImport:label>passage</knoraXmlImport:label>
    <p0826-teimww:occursIn>
      <p0826-teimww:book knoraType="link_value" linkType="ref" target="ww_5868d5560bdfc062"/>
    </p0826-teimww:occursIn>
  </p0826-teimww:passage>
  <p0826-teimww:passage id="ww_356cfe2d067af5fd">
    <knoraXmlImport:label>passage</knoraXmlImport:label>
    <p0826-teimww:contains>
      <p0826-teimww:lexia knoraType="link_value" linkType="ref" target="ww_722f19a2d0544d1e"/>
    </p0826-teimww:contains>
    <p0826-teimww:hasPage knoraType="richtext_value">Act 4, scene 3, lines 70-72.</p0826-teimww:hasPage>
    <p0826-teimww:hasText knoraType="richtext_value">[Rosalind:] […] Wilt thou love such a woman? What, &lt;span class="quote"&gt;to make thee an instrument and play false strains upon thee?&lt;/span&gt;</p0826-teimww:hasText>
    <p0826-teimww:isMentionedIn>
      <p0826-teimww:passage knoraType="link_value" linkType="ref" target="ww_b05357302bbc395c"/>
    </p0826-teimww:isMentionedIn>
    <p0826-teimww:occursIn>
      <p0826-teimww:book knoraType="link_value" linkType="ref" target="ww_5c3ae833a8aaf03d"/>
    </p0826-teimww:occursIn>
    <p0826-teimww:wasContributedBy>
      <p0826-teimww:person knoraType="link_value" linkType="ref" target="ww_b604df587d93b768"/>
    </p0826-teimww:wasContributedBy>
  </p0826-teimww:passage>
  <p0826-teimww:passage id="ww_b05357302bbc395c">
    <knoraXmlImport:label>passage</knoraXmlImport:label>
    <p0826-teimww:occursIn>
      <p0826-teimww:book knoraType="link_value" linkType="ref" target="ww_d0062b214b9d3402"/>
    </p0826-teimww:occursIn>
  </p0826-teimww:passage>
  <p0826-teimww:passage id="ww_cb3eee1f964a5ba4">
    <knoraXmlImport:label>passage</knoraXmlImport:label>
    <p0826-teimww:contains>
      <p0826-teimww:lexia knoraType="link_value" linkType="ref" target="ww_2da23fa7176338e2"/>
    </p0826-teimww:contains>
    <p0826-teimww:hasPage knoraType="richtext_value">Act 1, scene 1, lines 71-72.</p0826-teimww:hasPage>
    <p0826-teimww:hasText knoraType="richtext_value">[Horatio:] [...] &lt;span class="quote"&gt;Such was the very armor he had on &lt;br&gt;
When he the ambitious Norway combated.&lt;/span&gt;</p0826-teimww:hasText>
    <p0826-teimww:isMentionedIn>
      <p0826-teimww:passage knoraType="link_value" linkType="ref" target="ww_ed5c1f6b24ea141f"/>
    </p0826-teimww:isMentionedIn>
    <p0826-teimww:occursIn>
      <p0826-teimww:book knoraType="link_value" linkType="ref" target="ww_5cb4c35da9f3b9dd"/>
    </p0826-teimww:occursIn>
    <p0826-teimww:wasContributedBy>
      <p0826-teimww:person knoraType="link_value" linkType="ref" target="ww_b604df587d93b768"/>
    </p0826-teimww:wasContributedBy>
  </p0826-teimww:passage>
  <p0826-teimww:passage id="ww_ed5c1f6b24ea141f">
    <knoraXmlImport:label>passage</knoraXmlImport:label>
    <p0826-teimww:occursIn>
      <p0826-teimww:book knoraType="link_value" linkType="ref" target="ww_5868d5560bdfc062"/>
    </p0826-teimww:occursIn>
  </p0826-teimww:passage>
  <p0826-teimww:passage id="ww_106b72dfebe8f368">
    <knoraXmlImport:label>passage</knoraXmlImport:label>
    <p0826-teimww:contains>
      <p0826-teimww:lexia knoraType="link_value" linkType="ref" target="ww_6cdcc8282b627a4b"/>
    </p0826-teimww:contains>
    <p0826-teimww:hasPage knoraType="richtext_value">Act 1, scene 1, line 101.</p0826-teimww:hasPage>
    <p0826-teimww:hasText knoraType="richtext_value">[Horatio:] [...] &lt;span class="quote"&gt;Which he stood seized of, to the conqueror.&lt;/span&gt;</p0826-teimww:hasText>
    <p0826-teimww:isMentionedIn>
      <p0826-teimww:passage knoraType="link_value" linkType="ref" target="ww_c23163da3177c1b3"/>
    </p0826-teimww:isMentionedIn>
    <p0826-teimww:isMentionedIn>
      <p0826-teimww:passage knoraType="link_value" linkType="ref" target="ww_f5a08e5fcf65d604"/>
    </p0826-teimww:isMentionedIn>
    <p0826-teimww:occursIn>
      <p0826-teimww:book knoraType="link_value" linkType="ref" target="ww_5cb4c35da9f3b9dd"/>
    </p0826-teimww:occursIn>
    <p0826-teimww:wasContributedBy>
      <p0826-teimww:person knoraType="link_value" linkType="ref" target="ww_b604df587d93b768"/>
    </p0826-teimww:wasContributedBy>
  </p0826-teimww:passage>
  <p0826-teimww:passage id="ww_c23163da3177c1b3">
    <knoraXmlImport:label>passage</knoraXmlImport:label>
    <p0826-teimww:occursIn>
      <p0826-teimww:book knoraType="link_value" linkType="ref" target="ww_f6685305b5e15919"/>
    </p0826-teimww:occursIn>
  </p0826-teimww:passage>
  <p0826-teimww:passage id="ww_f5a08e5fcf65d604">
    <knoraXmlImport:label>passage</knoraXmlImport:label>
    <p0826-teimww:occursIn>
      <p0826-teimww:book knoraType="link_value" linkType="ref" target="ww_599e3b499932059f"/>
    </p0826-teimww:occursIn>
  </p0826-teimww:passage>
  <p0826-teimww:passage id="ww_91f41aefae7eef7f">
    <knoraXmlImport:label>passage</knoraXmlImport:label>
    <p0826-teimww:contains>
      <p0826-teimww:lexia knoraType="link_value" linkType="ref" target="ww_2044a59b8cfd90a6"/>
    </p0826-teimww:contains>
    <p0826-teimww:hasPage knoraType="richtext_value">Act 1, scene 1, line 124 and scene 2, line 193.</p0826-teimww:hasPage>
    <p0826-teimww:hasText knoraType="richtext_value">[Horatio:] A mote it is to trouble &lt;span class="quote"&gt;the mind's eye.&lt;/span&gt;&lt;br&gt;
&lt;br&gt;
&lt;br&gt;
[Hamlet:] &lt;span class="quote"&gt;In my mind's eye, &lt;/span&gt;Horatio.</p0826-teimww:hasText>
    <p0826-teimww:isMentionedIn>
      <p0826-teimww:passage knoraType="link_value" linkType="ref" target="ww_e8dc5f69c9faa8c2"/>
    </p0826-teimww:isMentionedIn>
    <p0826-teimww:occursIn>
      <p0826-teimww:book knoraType="link_value" linkType="ref" target="ww_5cb4c35da9f3b9dd"/>
    </p0826-teimww:occursIn>
    <p0826-teimww:wasContributedBy>
      <p0826-teimww:person knoraType="link_value" linkType="ref" target="ww_b604df587d93b768"/>
    </p0826-teimww:wasContributedBy>
  </p0826-teimww:passage>
  <p0826-teimww:passage id="ww_e8dc5f69c9faa8c2">
    <knoraXmlImport:label>passage</knoraXmlImport:label>
    <p0826-teimww:occursIn>
      <p0826-teimww:book knoraType="link_value" linkType="ref" target="ww_b3931845d54b98d5"/>
    </p0826-teimww:occursIn>
  </p0826-teimww:passage>
  <p0826-teimww:passage id="ww_2c2c8492eab8501d">
    <knoraXmlImport:label>passage</knoraXmlImport:label>
    <p0826-teimww:contains>
      <p0826-teimww:lexia knoraType="link_value" linkType="ref" target="ww_cbe4ab44dccd4d45"/>
    </p0826-teimww:contains>
    <p0826-teimww:hasPage knoraType="richtext_value">Act 1, scene 1, line 133.</p0826-teimww:hasPage>
    <p0826-teimww:hasText knoraType="richtext_value">[Horatio:] [...] &lt;span class="quote"&gt;And even the like precurse of feared events &lt;/span&gt;[...].</p0826-teimww:hasText>
    <p0826-teimww:isMentionedIn>
      <p0826-teimww:passage knoraType="link_value" linkType="ref" target="ww_3e17275ba7bf9575"/>
    </p0826-teimww:isMentionedIn>
    <p0826-teimww:occursIn>
      <p0826-teimww:book knoraType="link_value" linkType="ref" target="ww_5cb4c35da9f3b9dd"/>
    </p0826-teimww:occursIn>
    <p0826-teimww:wasContributedBy>
      <p0826-teimww:person knoraType="link_value" linkType="ref" target="ww_b604df587d93b768"/>
    </p0826-teimww:wasContributedBy>
  </p0826-teimww:passage>
  <p0826-teimww:passage id="ww_3e17275ba7bf9575">
    <knoraXmlImport:label>passage</knoraXmlImport:label>
    <p0826-teimww:occursIn>
      <p0826-teimww:book knoraType="link_value" linkType="ref" target="ww_f0b8d4220bfdd308"/>
    </p0826-teimww:occursIn>
  </p0826-teimww:passage>
  <p0826-teimww:passage id="ww_ef90dab798a53f2e">
    <knoraXmlImport:label>passage</knoraXmlImport:label>
    <p0826-teimww:contains>
      <p0826-teimww:lexia knoraType="link_value" linkType="ref" target="ww_9a96b9f497c20db4"/>
    </p0826-teimww:contains>
    <p0826-teimww:contains>
      <p0826-teimww:lexia knoraType="link_value" linkType="ref" target="ww_4d5b790ef95a9168"/>
    </p0826-teimww:contains>
    <p0826-teimww:contains>
      <p0826-teimww:lexia knoraType="link_value" linkType="ref" target="ww_9dc7c6af81c7366e"/>
    </p0826-teimww:contains>
    <p0826-teimww:hasPage knoraType="richtext_value">Act 1, scene 1, lines 173-179.</p0826-teimww:hasPage>
    <p0826-teimww:hasText knoraType="richtext_value">[Marcellus:] [...] Some say that ever 'gainst that season comes &lt;br&gt;
Wherein our Savior’s birth is celebrated, &lt;br&gt;
This&lt;span class="quote"&gt; bird of dawning singeth&lt;/span&gt; all night long; &lt;br&gt;
And then, they say, no spirit dare stir abroad, &lt;br&gt;
The nights are wholesome; then no &lt;span class="quote"&gt;planets strike&lt;/span&gt;, &lt;br&gt;
No fairy tales, nor witch hath power to charm, &lt;br&gt;
&lt;span class="quote"&gt;So hallowed and so gracious is that time.&lt;/span&gt;</p0826-teimww:hasText>
    <p0826-teimww:isMentionedIn>
      <p0826-teimww:passage knoraType="link_value" linkType="ref" target="ww_f9e31ad76ba46767"/>
    </p0826-teimww:isMentionedIn>
    <p0826-teimww:isMentionedIn>
      <p0826-teimww:passage knoraType="link_value" linkType="ref" target="ww_c6ccdab156ea245d"/>
    </p0826-teimww:isMentionedIn>
    <p0826-teimww:isMentionedIn>
      <p0826-teimww:passage knoraType="link_value" linkType="ref" target="ww_cdbd13fc4b44b92e"/>
    </p0826-teimww:isMentionedIn>
    <p0826-teimww:isMentionedIn>
      <p0826-teimww:passage knoraType="link_value" linkType="ref" target="ww_e7e7bbea4bea7de3"/>
    </p0826-teimww:isMentionedIn>
    <p0826-teimww:isMentionedIn>
      <p0826-teimww:passage knoraType="link_value" linkType="ref" target="ww_075276bbe9c2cf46"/>
    </p0826-teimww:isMentionedIn>
    <p0826-teimww:occursIn>
      <p0826-teimww:book knoraType="link_value" linkType="ref" target="ww_5cb4c35da9f3b9dd"/>
    </p0826-teimww:occursIn>
    <p0826-teimww:wasContributedBy>
      <p0826-teimww:person knoraType="link_value" linkType="ref" target="ww_b604df587d93b768"/>
    </p0826-teimww:wasContributedBy>
  </p0826-teimww:passage>
  <p0826-teimww:passage id="ww_075276bbe9c2cf46">
    <knoraXmlImport:label>passage</knoraXmlImport:label>
    <p0826-teimww:occursIn>
      <p0826-teimww:book knoraType="link_value" linkType="ref" target="ww_1140c36ab545b6d8"/>
    </p0826-teimww:occursIn>
  </p0826-teimww:passage>
  <p0826-teimww:passage id="ww_e7e7bbea4bea7de3">
    <knoraXmlImport:label>passage</knoraXmlImport:label>
    <p0826-teimww:occursIn>
      <p0826-teimww:book knoraType="link_value" linkType="ref" target="ww_0b652d0c80d7227e"/>
    </p0826-teimww:occursIn>
  </p0826-teimww:passage>
  <p0826-teimww:passage id="ww_f9e31ad76ba46767">
    <knoraXmlImport:label>passage</knoraXmlImport:label>
    <p0826-teimww:occursIn>
      <p0826-teimww:book knoraType="link_value" linkType="ref" target="ww_49d40eeadeef05fb"/>
    </p0826-teimww:occursIn>
  </p0826-teimww:passage>
  <p0826-teimww:passage id="ww_cdbd13fc4b44b92e">
    <knoraXmlImport:label>passage</knoraXmlImport:label>
    <p0826-teimww:occursIn>
      <p0826-teimww:book knoraType="link_value" linkType="ref" target="ww_4899784ecc7f3845"/>
    </p0826-teimww:occursIn>
  </p0826-teimww:passage>
  <p0826-teimww:passage id="ww_c6ccdab156ea245d">
    <knoraXmlImport:label>passage</knoraXmlImport:label>
    <p0826-teimww:occursIn>
      <p0826-teimww:book knoraType="link_value" linkType="ref" target="ww_b3931845d54b98d5"/>
    </p0826-teimww:occursIn>
  </p0826-teimww:passage>
  <p0826-teimww:passage id="ww_9e83c012c89c0abe">
    <knoraXmlImport:label>passage</knoraXmlImport:label>
    <p0826-teimww:contains>
      <p0826-teimww:lexia knoraType="link_value" linkType="ref" target="ww_4a446e9d21bdf5a5"/>
    </p0826-teimww:contains>
    <p0826-teimww:hasPage knoraType="richtext_value">Act 1, scene 2, line 12.</p0826-teimww:hasPage>
    <p0826-teimww:hasText knoraType="richtext_value">[King:] [...] W&lt;span class="quote"&gt;ith mirth in funeral and with dirge in marriage&lt;/span&gt; [...].</p0826-teimww:hasText>
    <p0826-teimww:isMentionedIn>
      <p0826-teimww:passage knoraType="link_value" linkType="ref" target="ww_0af0954915dbad89"/>
    </p0826-teimww:isMentionedIn>
    <p0826-teimww:occursIn>
      <p0826-teimww:book knoraType="link_value" linkType="ref" target="ww_5cb4c35da9f3b9dd"/>
    </p0826-teimww:occursIn>
    <p0826-teimww:wasContributedBy>
      <p0826-teimww:person knoraType="link_value" linkType="ref" target="ww_b604df587d93b768"/>
    </p0826-teimww:wasContributedBy>
  </p0826-teimww:passage>
  <p0826-teimww:passage id="ww_0af0954915dbad89">
    <knoraXmlImport:label>passage</knoraXmlImport:label>
    <p0826-teimww:occursIn>
      <p0826-teimww:book knoraType="link_value" linkType="ref" target="ww_5868d5560bdfc062"/>
    </p0826-teimww:occursIn>
  </p0826-teimww:passage>
  <p0826-teimww:passage id="ww_7f04d5d4d096a554">
    <knoraXmlImport:label>passage</knoraXmlImport:label>
    <p0826-teimww:contains>
      <p0826-teimww:lexia knoraType="link_value" linkType="ref" target="ww_d5454d4cb19727ed"/>
    </p0826-teimww:contains>
    <p0826-teimww:hasPage knoraType="richtext_value">Act 1, scene 2, lines 72-75.</p0826-teimww:hasPage>
    <p0826-teimww:hasText knoraType="richtext_value">[Queen:] [...] Do not forever with thy vailèd lids &lt;br&gt;
Seek for thy noble father in the dust. &lt;br&gt;
&lt;span class="quote"&gt;Thou knows't 'tis common; all that lives must die, &lt;br&gt;
Passing through nature to eternity.&lt;/span&gt;</p0826-teimww:hasText>
    <p0826-teimww:isMentionedIn>
      <p0826-teimww:passage knoraType="link_value" linkType="ref" target="ww_ecc82fb358dd2bd8"/>
    </p0826-teimww:isMentionedIn>
    <p0826-teimww:occursIn>
      <p0826-teimww:book knoraType="link_value" linkType="ref" target="ww_5cb4c35da9f3b9dd"/>
    </p0826-teimww:occursIn>
    <p0826-teimww:wasContributedBy>
      <p0826-teimww:person knoraType="link_value" linkType="ref" target="ww_b604df587d93b768"/>
    </p0826-teimww:wasContributedBy>
  </p0826-teimww:passage>
  <p0826-teimww:passage id="ww_ecc82fb358dd2bd8">
    <knoraXmlImport:label>passage</knoraXmlImport:label>
    <p0826-teimww:occursIn>
      <p0826-teimww:book knoraType="link_value" linkType="ref" target="ww_5eeeb3e78e8b0bc3"/>
    </p0826-teimww:occursIn>
  </p0826-teimww:passage>
  <p0826-teimww:passage id="ww_aa4f64d5705a875d">
    <knoraXmlImport:label>passage</knoraXmlImport:label>
    <p0826-teimww:contains>
      <p0826-teimww:lexia knoraType="link_value" linkType="ref" target="ww_a340ef1605f72bb0"/>
    </p0826-teimww:contains>
    <p0826-teimww:hasPage knoraType="richtext_value">Act 1, scene 2, line 94.</p0826-teimww:hasPage>
    <p0826-teimww:hasText knoraType="richtext_value">[King:] [...] &lt;span class="quote"&gt;That father lost, lost his, and the survivor bound &lt;/span&gt;[...].</p0826-teimww:hasText>
    <p0826-teimww:isMentionedIn>
      <p0826-teimww:passage knoraType="link_value" linkType="ref" target="ww_47d594d8b80d2413"/>
    </p0826-teimww:isMentionedIn>
    <p0826-teimww:occursIn>
      <p0826-teimww:book knoraType="link_value" linkType="ref" target="ww_5cb4c35da9f3b9dd"/>
    </p0826-teimww:occursIn>
    <p0826-teimww:wasContributedBy>
      <p0826-teimww:person knoraType="link_value" linkType="ref" target="ww_b604df587d93b768"/>
    </p0826-teimww:wasContributedBy>
  </p0826-teimww:passage>
  <p0826-teimww:passage id="ww_47d594d8b80d2413">
    <knoraXmlImport:label>passage</knoraXmlImport:label>
    <p0826-teimww:occursIn>
      <p0826-teimww:book knoraType="link_value" linkType="ref" target="ww_91e0dc4c671938fa"/>
    </p0826-teimww:occursIn>
  </p0826-teimww:passage>
  <p0826-teimww:passage id="ww_db3a5eedad33a504">
    <knoraXmlImport:label>passage</knoraXmlImport:label>
    <p0826-teimww:contains>
      <p0826-teimww:lexia knoraType="link_value" linkType="ref" target="ww_489dfec3ae9fb1ce"/>
    </p0826-teimww:contains>
    <p0826-teimww:hasPage knoraType="richtext_value">Act 4, scene 4, line 32.</p0826-teimww:hasPage>
    <p0826-teimww:hasText knoraType="richtext_value">[King:]&lt;span class="quote"&gt; Break not your sleeps&lt;/span&gt; for that.</p0826-teimww:hasText>
    <p0826-teimww:isMentionedIn>
      <p0826-teimww:passage knoraType="link_value" linkType="ref" target="ww_87fdfa8394b3387f"/>
    </p0826-teimww:isMentionedIn>
    <p0826-teimww:occursIn>
      <p0826-teimww:book knoraType="link_value" linkType="ref" target="ww_5cb4c35da9f3b9dd"/>
    </p0826-teimww:occursIn>
    <p0826-teimww:wasContributedBy>
      <p0826-teimww:person knoraType="link_value" linkType="ref" target="ww_c4063e9c72a3ffd2"/>
    </p0826-teimww:wasContributedBy>
  </p0826-teimww:passage>
  <p0826-teimww:passage id="ww_87fdfa8394b3387f">
    <knoraXmlImport:label>passage</knoraXmlImport:label>
    <p0826-teimww:occursIn>
      <p0826-teimww:book knoraType="link_value" linkType="ref" target="ww_d1faedb423154f39"/>
    </p0826-teimww:occursIn>
  </p0826-teimww:passage>
  <p0826-teimww:passage id="ww_af8962e2a3c39d3d">
    <knoraXmlImport:label>passage</knoraXmlImport:label>
    <p0826-teimww:contains>
      <p0826-teimww:lexia knoraType="link_value" linkType="ref" target="ww_cd8cb3696f75b490"/>
    </p0826-teimww:contains>
    <p0826-teimww:hasPage knoraType="richtext_value">Act 1, scene 2, line 130.</p0826-teimww:hasPage>
    <p0826-teimww:hasText knoraType="richtext_value">[King:] [...] &lt;span class="quote"&gt;But the great cannon to the clouds shall tell &lt;/span&gt;[...].</p0826-teimww:hasText>
    <p0826-teimww:isMentionedIn>
      <p0826-teimww:passage knoraType="link_value" linkType="ref" target="ww_bf136d97650a0891"/>
    </p0826-teimww:isMentionedIn>
    <p0826-teimww:occursIn>
      <p0826-teimww:book knoraType="link_value" linkType="ref" target="ww_5cb4c35da9f3b9dd"/>
    </p0826-teimww:occursIn>
    <p0826-teimww:wasContributedBy>
      <p0826-teimww:person knoraType="link_value" linkType="ref" target="ww_b604df587d93b768"/>
    </p0826-teimww:wasContributedBy>
  </p0826-teimww:passage>
  <p0826-teimww:passage id="ww_bf136d97650a0891">
    <knoraXmlImport:label>passage</knoraXmlImport:label>
    <p0826-teimww:occursIn>
      <p0826-teimww:book knoraType="link_value" linkType="ref" target="ww_5868d5560bdfc062"/>
    </p0826-teimww:occursIn>
  </p0826-teimww:passage>
  <p0826-teimww:passage id="ww_af832c9c14a9ef13">
    <knoraXmlImport:label>passage</knoraXmlImport:label>
    <p0826-teimww:contains>
      <p0826-teimww:lexia knoraType="link_value" linkType="ref" target="ww_7315936ecc2c376d"/>
    </p0826-teimww:contains>
    <p0826-teimww:hasPage knoraType="richtext_value">Act 3, scene 2, lines 422-425.</p0826-teimww:hasPage>
    <p0826-teimww:hasText knoraType="richtext_value">[Hamlet:] [...] Now could I drink hot
blood &lt;br&gt;
And do &lt;span class="quote"&gt;such bitter business as the day &lt;br&gt;
Would quake to look on. &lt;/span&gt;Soft, now to my mother.</p0826-teimww:hasText>
    <p0826-teimww:isMentionedIn>
      <p0826-teimww:passage knoraType="link_value" linkType="ref" target="ww_4dee483aef8e0beb"/>
    </p0826-teimww:isMentionedIn>
    <p0826-teimww:occursIn>
      <p0826-teimww:book knoraType="link_value" linkType="ref" target="ww_5cb4c35da9f3b9dd"/>
    </p0826-teimww:occursIn>
    <p0826-teimww:wasContributedBy>
      <p0826-teimww:person knoraType="link_value" linkType="ref" target="ww_b604df587d93b768"/>
    </p0826-teimww:wasContributedBy>
  </p0826-teimww:passage>
  <p0826-teimww:passage id="ww_4dee483aef8e0beb">
    <knoraXmlImport:label>passage</knoraXmlImport:label>
    <p0826-teimww:occursIn>
      <p0826-teimww:book knoraType="link_value" linkType="ref" target="ww_5868d5560bdfc062"/>
    </p0826-teimww:occursIn>
  </p0826-teimww:passage>
  <p0826-teimww:passage id="ww_c06ce82dbea9abe4">
    <knoraXmlImport:label>passage</knoraXmlImport:label>
    <p0826-teimww:contains>
      <p0826-teimww:lexia knoraType="link_value" linkType="ref" target="ww_3177db490410f7b4"/>
    </p0826-teimww:contains>
    <p0826-teimww:hasPage knoraType="richtext_value">Act 1, scene 2, lines 133-134.</p0826-teimww:hasPage>
    <p0826-teimww:hasText knoraType="richtext_value">[Hamlet:] &lt;span class="quote"&gt;O, that this too, too sullied flesh would melt, &lt;br&gt;
Thaw, and resolve itself into a dew &lt;/span&gt;[...].</p0826-teimww:hasText>
    <p0826-teimww:isMentionedIn>
      <p0826-teimww:passage knoraType="link_value" linkType="ref" target="ww_4c8a7767e2626a53"/>
    </p0826-teimww:isMentionedIn>
    <p0826-teimww:isMentionedIn>
      <p0826-teimww:passage knoraType="link_value" linkType="ref" target="ww_803b0d9e02e6a5e1"/>
    </p0826-teimww:isMentionedIn>
    <p0826-teimww:occursIn>
      <p0826-teimww:book knoraType="link_value" linkType="ref" target="ww_5cb4c35da9f3b9dd"/>
    </p0826-teimww:occursIn>
    <p0826-teimww:wasContributedBy>
      <p0826-teimww:person knoraType="link_value" linkType="ref" target="ww_b604df587d93b768"/>
    </p0826-teimww:wasContributedBy>
  </p0826-teimww:passage>
  <p0826-teimww:passage id="ww_4c8a7767e2626a53">
    <knoraXmlImport:label>passage</knoraXmlImport:label>
    <p0826-teimww:occursIn>
      <p0826-teimww:book knoraType="link_value" linkType="ref" target="ww_3f86f30540de15b8"/>
    </p0826-teimww:occursIn>
  </p0826-teimww:passage>
  <p0826-teimww:passage id="ww_803b0d9e02e6a5e1">
    <knoraXmlImport:label>passage</knoraXmlImport:label>
    <p0826-teimww:occursIn>
      <p0826-teimww:book knoraType="link_value" linkType="ref" target="ww_5868d5560bdfc062"/>
    </p0826-teimww:occursIn>
  </p0826-teimww:passage>
  <p0826-teimww:passage id="ww_9b73d6568f387fe3">
    <knoraXmlImport:label>passage</knoraXmlImport:label>
    <p0826-teimww:contains>
      <p0826-teimww:lexia knoraType="link_value" linkType="ref" target="ww_41bf83313685ee84"/>
    </p0826-teimww:contains>
    <p0826-teimww:hasPage knoraType="richtext_value">Act 1, scene 2, lines 139-141.</p0826-teimww:hasPage>
    <p0826-teimww:hasText knoraType="richtext_value">[Hamlet:] [...] Fie on 't, ah fie! 'Tis &lt;span class="quote"&gt;an unweeded garden &lt;br&gt;
That grows to seed.&lt;/span&gt; Things rank and gross in nature &lt;br&gt;
Possess it merely.</p0826-teimww:hasText>
    <p0826-teimww:isMentionedIn>
      <p0826-teimww:passage knoraType="link_value" linkType="ref" target="ww_73d83e341589259c"/>
    </p0826-teimww:isMentionedIn>
    <p0826-teimww:isMentionedIn>
      <p0826-teimww:passage knoraType="link_value" linkType="ref" target="ww_ec1a3e647688dbce"/>
    </p0826-teimww:isMentionedIn>
    <p0826-teimww:isMentionedIn>
      <p0826-teimww:passage knoraType="link_value" linkType="ref" target="ww_ac542d16e34d7ff2"/>
    </p0826-teimww:isMentionedIn>
    <p0826-teimww:occursIn>
      <p0826-teimww:book knoraType="link_value" linkType="ref" target="ww_5cb4c35da9f3b9dd"/>
    </p0826-teimww:occursIn>
    <p0826-teimww:wasContributedBy>
      <p0826-teimww:person knoraType="link_value" linkType="ref" target="ww_b604df587d93b768"/>
    </p0826-teimww:wasContributedBy>
  </p0826-teimww:passage>
  <p0826-teimww:passage id="ww_ac542d16e34d7ff2">
    <knoraXmlImport:label>passage</knoraXmlImport:label>
    <p0826-teimww:occursIn>
      <p0826-teimww:book knoraType="link_value" linkType="ref" target="ww_08a130e81db8a98f"/>
    </p0826-teimww:occursIn>
  </p0826-teimww:passage>
  <p0826-teimww:passage id="ww_ec1a3e647688dbce">
    <knoraXmlImport:label>passage</knoraXmlImport:label>
    <p0826-teimww:occursIn>
      <p0826-teimww:book knoraType="link_value" linkType="ref" target="ww_1140c36ab545b6d8"/>
    </p0826-teimww:occursIn>
  </p0826-teimww:passage>
  <p0826-teimww:passage id="ww_73d83e341589259c">
    <knoraXmlImport:label>passage</knoraXmlImport:label>
    <p0826-teimww:occursIn>
      <p0826-teimww:book knoraType="link_value" linkType="ref" target="ww_3f86f30540de15b8"/>
    </p0826-teimww:occursIn>
  </p0826-teimww:passage>
  <p0826-teimww:passage id="ww_8191e09731627e13">
    <knoraXmlImport:label>passage</knoraXmlImport:label>
    <p0826-teimww:contains>
      <p0826-teimww:lexia knoraType="link_value" linkType="ref" target="ww_b85ce3e62f2d95a3"/>
    </p0826-teimww:contains>
    <p0826-teimww:hasPage knoraType="richtext_value">Act 1, scene 2, lines 144-146.</p0826-teimww:hasPage>
    <p0826-teimww:hasText knoraType="richtext_value">[Hamlet:] [...] &lt;span class="quote"&gt;Hyperion to a satyr; so loving to my mother &lt;br&gt;
That he might not beteem the winds of heaven &lt;br&gt;
Visit her face too roughly.&lt;/span&gt;</p0826-teimww:hasText>
    <p0826-teimww:isMentionedIn>
      <p0826-teimww:passage knoraType="link_value" linkType="ref" target="ww_030361b21db15110"/>
    </p0826-teimww:isMentionedIn>
    <p0826-teimww:isMentionedIn>
      <p0826-teimww:passage knoraType="link_value" linkType="ref" target="ww_3a0c942397b759ba"/>
    </p0826-teimww:isMentionedIn>
    <p0826-teimww:isMentionedIn>
      <p0826-teimww:passage knoraType="link_value" linkType="ref" target="ww_847f6995e7e666af"/>
    </p0826-teimww:isMentionedIn>
    <p0826-teimww:occursIn>
      <p0826-teimww:book knoraType="link_value" linkType="ref" target="ww_5cb4c35da9f3b9dd"/>
    </p0826-teimww:occursIn>
    <p0826-teimww:wasContributedBy>
      <p0826-teimww:person knoraType="link_value" linkType="ref" target="ww_b604df587d93b768"/>
    </p0826-teimww:wasContributedBy>
  </p0826-teimww:passage>
  <p0826-teimww:passage id="ww_847f6995e7e666af">
    <knoraXmlImport:label>passage</knoraXmlImport:label>
    <p0826-teimww:occursIn>
      <p0826-teimww:book knoraType="link_value" linkType="ref" target="ww_1c8a25fac02f85a7"/>
    </p0826-teimww:occursIn>
  </p0826-teimww:passage>
  <p0826-teimww:passage id="ww_3a0c942397b759ba">
    <knoraXmlImport:label>passage</knoraXmlImport:label>
    <p0826-teimww:occursIn>
      <p0826-teimww:book knoraType="link_value" linkType="ref" target="ww_e38a56a7efbf9723"/>
    </p0826-teimww:occursIn>
  </p0826-teimww:passage>
  <p0826-teimww:passage id="ww_030361b21db15110">
    <knoraXmlImport:label>passage</knoraXmlImport:label>
    <p0826-teimww:occursIn>
      <p0826-teimww:book knoraType="link_value" linkType="ref" target="ww_7589cfaa41b21699"/>
    </p0826-teimww:occursIn>
  </p0826-teimww:passage>
  <p0826-teimww:passage id="ww_90deb6a5acf245cc">
    <knoraXmlImport:label>passage</knoraXmlImport:label>
    <p0826-teimww:contains>
      <p0826-teimww:lexia knoraType="link_value" linkType="ref" target="ww_8729b05531dca457"/>
    </p0826-teimww:contains>
    <p0826-teimww:contains>
      <p0826-teimww:lexia knoraType="link_value" linkType="ref" target="ww_c42b9098ed0f1834"/>
    </p0826-teimww:contains>
    <p0826-teimww:hasPage knoraType="richtext_value">Act 1, scene 2, line 153.</p0826-teimww:hasPage>
    <p0826-teimww:hasText knoraType="richtext_value">[Hamlet:] [...] Like &lt;span class="quote"&gt;Niobe, all tears &lt;/span&gt;- why she, even she [...].</p0826-teimww:hasText>
    <p0826-teimww:isMentionedIn>
      <p0826-teimww:passage knoraType="link_value" linkType="ref" target="ww_5ed19940e86d0c89"/>
    </p0826-teimww:isMentionedIn>
    <p0826-teimww:occursIn>
      <p0826-teimww:book knoraType="link_value" linkType="ref" target="ww_5cb4c35da9f3b9dd"/>
    </p0826-teimww:occursIn>
    <p0826-teimww:wasContributedBy>
      <p0826-teimww:person knoraType="link_value" linkType="ref" target="ww_b604df587d93b768"/>
    </p0826-teimww:wasContributedBy>
  </p0826-teimww:passage>
  <p0826-teimww:passage id="ww_5ed19940e86d0c89">
    <knoraXmlImport:label>passage</knoraXmlImport:label>
    <p0826-teimww:occursIn>
      <p0826-teimww:book knoraType="link_value" linkType="ref" target="ww_5868d5560bdfc062"/>
    </p0826-teimww:occursIn>
  </p0826-teimww:passage>
  <p0826-teimww:passage id="ww_475a28d77530debb">
    <knoraXmlImport:label>passage</knoraXmlImport:label>
    <p0826-teimww:contains>
      <p0826-teimww:lexia knoraType="link_value" linkType="ref" target="ww_8db4479ceb2b6723"/>
    </p0826-teimww:contains>
    <p0826-teimww:contains>
      <p0826-teimww:lexia knoraType="link_value" linkType="ref" target="ww_b7dbe08e387e30b1"/>
    </p0826-teimww:contains>
    <p0826-teimww:hasPage knoraType="richtext_value">Act 1, scene 2, lines 154-155.</p0826-teimww:hasPage>
    <p0826-teimww:hasText knoraType="richtext_value">[Hamlet:] [...] (O God, &lt;span class="quote"&gt;a beast &lt;/span&gt;that wants&lt;span class="quote"&gt; discourse of reason &lt;br&gt;&lt;/span&gt;
Would have mourned longer!)</p0826-teimww:hasText>
    <p0826-teimww:isMentionedIn>
      <p0826-teimww:passage knoraType="link_value" linkType="ref" target="ww_ed3d52a50af3a57d"/>
    </p0826-teimww:isMentionedIn>
    <p0826-teimww:isMentionedIn>
      <p0826-teimww:passage knoraType="link_value" linkType="ref" target="ww_417fa594b459a24f"/>
    </p0826-teimww:isMentionedIn>
    <p0826-teimww:occursIn>
      <p0826-teimww:book knoraType="link_value" linkType="ref" target="ww_5cb4c35da9f3b9dd"/>
    </p0826-teimww:occursIn>
    <p0826-teimww:wasContributedBy>
      <p0826-teimww:person knoraType="link_value" linkType="ref" target="ww_b604df587d93b768"/>
    </p0826-teimww:wasContributedBy>
  </p0826-teimww:passage>
  <p0826-teimww:passage id="ww_ed3d52a50af3a57d">
    <knoraXmlImport:label>passage</knoraXmlImport:label>
    <p0826-teimww:occursIn>
      <p0826-teimww:book knoraType="link_value" linkType="ref" target="ww_b3931845d54b98d5"/>
    </p0826-teimww:occursIn>
  </p0826-teimww:passage>
  <p0826-teimww:passage id="ww_417fa594b459a24f">
    <knoraXmlImport:label>passage</knoraXmlImport:label>
    <p0826-teimww:occursIn>
      <p0826-teimww:book knoraType="link_value" linkType="ref" target="ww_bd61ff243a1c12bf"/>
    </p0826-teimww:occursIn>
  </p0826-teimww:passage>
  <p0826-teimww:passage id="ww_4b47d8603129acc6">
    <knoraXmlImport:label>passage</knoraXmlImport:label>
    <p0826-teimww:contains>
      <p0826-teimww:lexia knoraType="link_value" linkType="ref" target="ww_d4178d3a9a0c597f"/>
    </p0826-teimww:contains>
    <p0826-teimww:hasPage knoraType="richtext_value">Act 1, scene 2, line 162.</p0826-teimww:hasPage>
    <p0826-teimww:hasText knoraType="richtext_value">[Hamlet:] [...] &lt;span class="quote"&gt;With such dexterity to incestuous sheets!&lt;/span&gt;</p0826-teimww:hasText>
    <p0826-teimww:isMentionedIn>
      <p0826-teimww:passage knoraType="link_value" linkType="ref" target="ww_025112504602dd66"/>
    </p0826-teimww:isMentionedIn>
    <p0826-teimww:occursIn>
      <p0826-teimww:book knoraType="link_value" linkType="ref" target="ww_5cb4c35da9f3b9dd"/>
    </p0826-teimww:occursIn>
    <p0826-teimww:wasContributedBy>
      <p0826-teimww:person knoraType="link_value" linkType="ref" target="ww_b604df587d93b768"/>
    </p0826-teimww:wasContributedBy>
  </p0826-teimww:passage>
  <p0826-teimww:passage id="ww_025112504602dd66">
    <knoraXmlImport:label>passage</knoraXmlImport:label>
    <p0826-teimww:occursIn>
      <p0826-teimww:book knoraType="link_value" linkType="ref" target="ww_17854cef6ca6f944"/>
    </p0826-teimww:occursIn>
  </p0826-teimww:passage>
  <p0826-teimww:passage id="ww_4641ea4a649acba3">
    <knoraXmlImport:label>passage</knoraXmlImport:label>
    <p0826-teimww:contains>
      <p0826-teimww:lexia knoraType="link_value" linkType="ref" target="ww_fde48a179e771031"/>
    </p0826-teimww:contains>
    <p0826-teimww:hasPage knoraType="richtext_value">Act 1, scene 2, line 164.</p0826-teimww:hasPage>
    <p0826-teimww:hasText knoraType="richtext_value">[Hamlet:] [...] &lt;span class="quote"&gt;But break, my heart, for I must hold my tongue.&lt;/span&gt;</p0826-teimww:hasText>
    <p0826-teimww:isMentionedIn>
      <p0826-teimww:passage knoraType="link_value" linkType="ref" target="ww_f5394745a667f540"/>
    </p0826-teimww:isMentionedIn>
    <p0826-teimww:occursIn>
      <p0826-teimww:book knoraType="link_value" linkType="ref" target="ww_5cb4c35da9f3b9dd"/>
    </p0826-teimww:occursIn>
    <p0826-teimww:wasContributedBy>
      <p0826-teimww:person knoraType="link_value" linkType="ref" target="ww_b604df587d93b768"/>
    </p0826-teimww:wasContributedBy>
  </p0826-teimww:passage>
  <p0826-teimww:passage id="ww_f5394745a667f540">
    <knoraXmlImport:label>passage</knoraXmlImport:label>
    <p0826-teimww:occursIn>
      <p0826-teimww:book knoraType="link_value" linkType="ref" target="ww_b3931845d54b98d5"/>
    </p0826-teimww:occursIn>
  </p0826-teimww:passage>
  <p0826-teimww:passage id="ww_b47f2a5f3a2d0a70">
    <knoraXmlImport:label>passage</knoraXmlImport:label>
    <p0826-teimww:contains>
      <p0826-teimww:lexia knoraType="link_value" linkType="ref" target="ww_dcc0899a0582913c"/>
    </p0826-teimww:contains>
    <p0826-teimww:hasText knoraType="richtext_value">&lt;span class="quote"&gt;(There is a love triangle in which the rejected suitor rubs poison in a girl's face; she is restored and able to marry the right man).&lt;/span&gt;</p0826-teimww:hasText>
    <p0826-teimww:isMentionedIn>
      <p0826-teimww:passage knoraType="link_value" linkType="ref" target="ww_ab2f49edf2ab199a"/>
    </p0826-teimww:isMentionedIn>
    <p0826-teimww:occursIn>
      <p0826-teimww:book knoraType="link_value" linkType="ref" target="ww_88f07d1ccce14bdc"/>
    </p0826-teimww:occursIn>
    <p0826-teimww:wasContributedBy>
      <p0826-teimww:person knoraType="link_value" linkType="ref" target="ww_c4063e9c72a3ffd2"/>
    </p0826-teimww:wasContributedBy>
  </p0826-teimww:passage>
  <p0826-teimww:passage id="ww_e238bdeb12a18e4d">
    <knoraXmlImport:label>passage</knoraXmlImport:label>
    <p0826-teimww:contains>
      <p0826-teimww:lexia knoraType="link_value" linkType="ref" target="ww_dd96ecd2aa4a2ea8"/>
    </p0826-teimww:contains>
    <p0826-teimww:hasPage knoraType="richtext_value">Act 1, scene 2, lines 187-188.</p0826-teimww:hasPage>
    <p0826-teimww:hasText knoraType="richtext_value">[Hamlet:] Thrift, thrift, Horatio. &lt;span class="quote"&gt;The funeral baked meats &lt;br&gt;
Did coldly furnish forth the marriage tables.&lt;/span&gt;</p0826-teimww:hasText>
    <p0826-teimww:isMentionedIn>
      <p0826-teimww:passage knoraType="link_value" linkType="ref" target="ww_fb19ac04d6a72169"/>
    </p0826-teimww:isMentionedIn>
    <p0826-teimww:isMentionedIn>
      <p0826-teimww:passage knoraType="link_value" linkType="ref" target="ww_316b6cbcafc77ecd"/>
    </p0826-teimww:isMentionedIn>
    <p0826-teimww:isMentionedIn>
      <p0826-teimww:passage knoraType="link_value" linkType="ref" target="ww_ba06ebd21eb73d3b"/>
    </p0826-teimww:isMentionedIn>
    <p0826-teimww:occursIn>
      <p0826-teimww:book knoraType="link_value" linkType="ref" target="ww_5cb4c35da9f3b9dd"/>
    </p0826-teimww:occursIn>
    <p0826-teimww:wasContributedBy>
      <p0826-teimww:person knoraType="link_value" linkType="ref" target="ww_b604df587d93b768"/>
    </p0826-teimww:wasContributedBy>
  </p0826-teimww:passage>
  <p0826-teimww:passage id="ww_316b6cbcafc77ecd">
    <knoraXmlImport:label>passage</knoraXmlImport:label>
    <p0826-teimww:occursIn>
      <p0826-teimww:book knoraType="link_value" linkType="ref" target="ww_38319ddb82fae050"/>
    </p0826-teimww:occursIn>
  </p0826-teimww:passage>
  <p0826-teimww:passage id="ww_fb19ac04d6a72169">
    <knoraXmlImport:label>passage</knoraXmlImport:label>
    <p0826-teimww:occursIn>
      <p0826-teimww:book knoraType="link_value" linkType="ref" target="ww_5af91280461707f1"/>
    </p0826-teimww:occursIn>
  </p0826-teimww:passage>
  <p0826-teimww:passage id="ww_ba06ebd21eb73d3b">
    <knoraXmlImport:label>passage</knoraXmlImport:label>
    <p0826-teimww:occursIn>
      <p0826-teimww:book knoraType="link_value" linkType="ref" target="ww_1140c36ab545b6d8"/>
    </p0826-teimww:occursIn>
  </p0826-teimww:passage>
  <p0826-teimww:passage id="ww_df2304131a022936">
    <knoraXmlImport:label>passage</knoraXmlImport:label>
    <p0826-teimww:contains>
      <p0826-teimww:lexia knoraType="link_value" linkType="ref" target="ww_8211917af3fdacdf"/>
    </p0826-teimww:contains>
    <p0826-teimww:hasPage knoraType="richtext_value">Act 1, scene 1, line 7.</p0826-teimww:hasPage>
    <p0826-teimww:hasText knoraType="richtext_value">[Barnardo:] Tis now struck twelve. &lt;span class="quote"&gt;Get thee to bed, Francisco.&lt;/span&gt;</p0826-teimww:hasText>
    <p0826-teimww:isMentionedIn>
      <p0826-teimww:passage knoraType="link_value" linkType="ref" target="ww_6cb07b22b53fa8bf"/>
    </p0826-teimww:isMentionedIn>
    <p0826-teimww:occursIn>
      <p0826-teimww:book knoraType="link_value" linkType="ref" target="ww_5cb4c35da9f3b9dd"/>
    </p0826-teimww:occursIn>
    <p0826-teimww:wasContributedBy>
      <p0826-teimww:person knoraType="link_value" linkType="ref" target="ww_c4063e9c72a3ffd2"/>
    </p0826-teimww:wasContributedBy>
  </p0826-teimww:passage>
  <p0826-teimww:passage id="ww_6cb07b22b53fa8bf">
    <knoraXmlImport:label>passage</knoraXmlImport:label>
    <p0826-teimww:occursIn>
      <p0826-teimww:book knoraType="link_value" linkType="ref" target="ww_d1faedb423154f39"/>
    </p0826-teimww:occursIn>
  </p0826-teimww:passage>
  <p0826-teimww:passage id="ww_2c239676a0989c93">
    <knoraXmlImport:label>passage</knoraXmlImport:label>
    <p0826-teimww:contains>
      <p0826-teimww:lexia knoraType="link_value" linkType="ref" target="ww_96aada049d112272"/>
    </p0826-teimww:contains>
    <p0826-teimww:hasPage knoraType="richtext_value">Act 4, scene 1, lines 47-52.</p0826-teimww:hasPage>
    <p0826-teimww:hasText knoraType="richtext_value">[Rosalind as Ganymede:] Break an hour's promise in love? He that &lt;span class="quote"&gt;will divide a minute into a thousand parts and break but a part of the thousand part of a minute in the affairs of love,&lt;/span&gt; it may be said of him that Cupid hath clapped him o' th' shoulder, but I'll warrant him heart-whole.</p0826-teimww:hasText>
    <p0826-teimww:isMentionedIn>
      <p0826-teimww:passage knoraType="link_value" linkType="ref" target="ww_65d84e168ce4174c"/>
    </p0826-teimww:isMentionedIn>
    <p0826-teimww:occursIn>
      <p0826-teimww:book knoraType="link_value" linkType="ref" target="ww_5c3ae833a8aaf03d"/>
    </p0826-teimww:occursIn>
    <p0826-teimww:wasContributedBy>
      <p0826-teimww:person knoraType="link_value" linkType="ref" target="ww_c4063e9c72a3ffd2"/>
    </p0826-teimww:wasContributedBy>
  </p0826-teimww:passage>
  <p0826-teimww:passage id="ww_65d84e168ce4174c">
    <knoraXmlImport:label>passage</knoraXmlImport:label>
    <p0826-teimww:occursIn>
      <p0826-teimww:book knoraType="link_value" linkType="ref" target="ww_1140c36ab545b6d8"/>
    </p0826-teimww:occursIn>
  </p0826-teimww:passage>
  <p0826-teimww:passage id="ww_f759e9a7816ad6f3">
    <knoraXmlImport:label>passage</knoraXmlImport:label>
    <p0826-teimww:contains>
      <p0826-teimww:lexia knoraType="link_value" linkType="ref" target="ww_55cf84a2bad149a0"/>
    </p0826-teimww:contains>
    <p0826-teimww:contains>
      <p0826-teimww:lexia knoraType="link_value" linkType="ref" target="ww_ca5223332148ee5c"/>
    </p0826-teimww:contains>
    <p0826-teimww:hasPage knoraType="richtext_value">Act 1, scene 2, lines 195-196.</p0826-teimww:hasPage>
    <p0826-teimww:hasText knoraType="richtext_value">[Hamlet:] &lt;span class="quote"&gt;He was a man&lt;/span&gt;. Take him for &lt;span class="quote"&gt;all in all&lt;/span&gt;, &lt;br&gt;
I shall not look upon his like again.</p0826-teimww:hasText>
    <p0826-teimww:isMentionedIn>
      <p0826-teimww:passage knoraType="link_value" linkType="ref" target="ww_dfa5f87f04a4c666"/>
    </p0826-teimww:isMentionedIn>
    <p0826-teimww:isMentionedIn>
      <p0826-teimww:passage knoraType="link_value" linkType="ref" target="ww_81b406349a3895c7"/>
    </p0826-teimww:isMentionedIn>
    <p0826-teimww:occursIn>
      <p0826-teimww:book knoraType="link_value" linkType="ref" target="ww_5cb4c35da9f3b9dd"/>
    </p0826-teimww:occursIn>
    <p0826-teimww:wasContributedBy>
      <p0826-teimww:person knoraType="link_value" linkType="ref" target="ww_b604df587d93b768"/>
    </p0826-teimww:wasContributedBy>
  </p0826-teimww:passage>
  <p0826-teimww:passage id="ww_81b406349a3895c7">
    <knoraXmlImport:label>passage</knoraXmlImport:label>
    <p0826-teimww:occursIn>
      <p0826-teimww:book knoraType="link_value" linkType="ref" target="ww_1397c4b67db5b86a"/>
    </p0826-teimww:occursIn>
  </p0826-teimww:passage>
  <p0826-teimww:passage id="ww_dfa5f87f04a4c666">
    <knoraXmlImport:label>passage</knoraXmlImport:label>
    <p0826-teimww:occursIn>
      <p0826-teimww:book knoraType="link_value" linkType="ref" target="ww_b3931845d54b98d5"/>
    </p0826-teimww:occursIn>
  </p0826-teimww:passage>
  <p0826-teimww:passage id="ww_0d83948b4f4cce14">
    <knoraXmlImport:label>passage</knoraXmlImport:label>
    <p0826-teimww:contains>
      <p0826-teimww:lexia knoraType="link_value" linkType="ref" target="ww_523964e6cfb4d2fa"/>
    </p0826-teimww:contains>
    <p0826-teimww:hasPage knoraType="richtext_value">Act 1, scene 2, lines 212-213.</p0826-teimww:hasPage>
    <p0826-teimww:hasText knoraType="richtext_value">[Horatio:] [...]&lt;span class="quote"&gt; Thrice he walked &lt;/span&gt;&lt;br&gt;
By their oppressed and fear-surprisèd eyes [...].</p0826-teimww:hasText>
    <p0826-teimww:isMentionedIn>
      <p0826-teimww:passage knoraType="link_value" linkType="ref" target="ww_2fa912ba6a3a3f3a"/>
    </p0826-teimww:isMentionedIn>
    <p0826-teimww:occursIn>
      <p0826-teimww:book knoraType="link_value" linkType="ref" target="ww_5cb4c35da9f3b9dd"/>
    </p0826-teimww:occursIn>
    <p0826-teimww:wasContributedBy>
      <p0826-teimww:person knoraType="link_value" linkType="ref" target="ww_b604df587d93b768"/>
    </p0826-teimww:wasContributedBy>
  </p0826-teimww:passage>
  <p0826-teimww:passage id="ww_2fa912ba6a3a3f3a">
    <knoraXmlImport:label>passage</knoraXmlImport:label>
    <p0826-teimww:occursIn>
      <p0826-teimww:book knoraType="link_value" linkType="ref" target="ww_5868d5560bdfc062"/>
    </p0826-teimww:occursIn>
  </p0826-teimww:passage>
  <p0826-teimww:passage id="ww_23b0cf92148177f5">
    <knoraXmlImport:label>passage</knoraXmlImport:label>
    <p0826-teimww:contains>
      <p0826-teimww:lexia knoraType="link_value" linkType="ref" target="ww_c4f8c9325acb9ff2"/>
    </p0826-teimww:contains>
    <p0826-teimww:hasPage knoraType="richtext_value">Act 1, scene 2, lines 214-216.</p0826-teimww:hasPage>
    <p0826-teimww:hasText knoraType="richtext_value">[Horatio:] [...] whilst they, &lt;span class="quote"&gt;distilled &lt;br&gt;
Almost to jelly with the act of fear, &lt;br&gt;
Stand dumb and speak not to him.&lt;/span&gt;</p0826-teimww:hasText>
    <p0826-teimww:isMentionedIn>
      <p0826-teimww:passage knoraType="link_value" linkType="ref" target="ww_1baf51234b535375"/>
    </p0826-teimww:isMentionedIn>
    <p0826-teimww:occursIn>
      <p0826-teimww:book knoraType="link_value" linkType="ref" target="ww_5cb4c35da9f3b9dd"/>
    </p0826-teimww:occursIn>
    <p0826-teimww:wasContributedBy>
      <p0826-teimww:person knoraType="link_value" linkType="ref" target="ww_b604df587d93b768"/>
    </p0826-teimww:wasContributedBy>
  </p0826-teimww:passage>
  <p0826-teimww:passage id="ww_1baf51234b535375">
    <knoraXmlImport:label>passage</knoraXmlImport:label>
    <p0826-teimww:occursIn>
      <p0826-teimww:book knoraType="link_value" linkType="ref" target="ww_1140c36ab545b6d8"/>
    </p0826-teimww:occursIn>
  </p0826-teimww:passage>
  <p0826-teimww:passage id="ww_34503383004b44c7">
    <knoraXmlImport:label>passage</knoraXmlImport:label>
    <p0826-teimww:contains>
      <p0826-teimww:lexia knoraType="link_value" linkType="ref" target="ww_618e4980a7f997fd"/>
    </p0826-teimww:contains>
    <p0826-teimww:hasPage knoraType="richtext_value">Act 1, scene 2, line 240.</p0826-teimww:hasPage>
    <p0826-teimww:hasText knoraType="richtext_value">[Hamlet:] &lt;span class="quote"&gt;Armed, say you?&lt;/span&gt;</p0826-teimww:hasText>
    <p0826-teimww:isMentionedIn>
      <p0826-teimww:passage knoraType="link_value" linkType="ref" target="ww_ab10dba4b7321371"/>
    </p0826-teimww:isMentionedIn>
    <p0826-teimww:occursIn>
      <p0826-teimww:book knoraType="link_value" linkType="ref" target="ww_5cb4c35da9f3b9dd"/>
    </p0826-teimww:occursIn>
    <p0826-teimww:wasContributedBy>
      <p0826-teimww:person knoraType="link_value" linkType="ref" target="ww_b604df587d93b768"/>
    </p0826-teimww:wasContributedBy>
  </p0826-teimww:passage>
  <p0826-teimww:passage id="ww_ab10dba4b7321371">
    <knoraXmlImport:label>passage</knoraXmlImport:label>
    <p0826-teimww:occursIn>
      <p0826-teimww:book knoraType="link_value" linkType="ref" target="ww_5868d5560bdfc062"/>
    </p0826-teimww:occursIn>
  </p0826-teimww:passage>
  <p0826-teimww:passage id="ww_1494970c454979c9">
    <knoraXmlImport:label>passage</knoraXmlImport:label>
    <p0826-teimww:contains>
      <p0826-teimww:lexia knoraType="link_value" linkType="ref" target="ww_378ff84bbd948d23"/>
    </p0826-teimww:contains>
    <p0826-teimww:hasPage knoraType="richtext_value">Act 3, scene 4, lines 15-17.</p0826-teimww:hasPage>
    <p0826-teimww:hasText knoraType="richtext_value">[Celia:] &lt;span class="quote"&gt;He hath bought a pair of cast lips of Diana. /span&gt;A nun of winter's sisterhood kisses not more religiously. The very ice of chastity is in them.</p0826-teimww:hasText>
    <p0826-teimww:isMentionedIn>
      <p0826-teimww:passage knoraType="link_value" linkType="ref" target="ww_8b40f592b8953d05"/>
    </p0826-teimww:isMentionedIn>
    <p0826-teimww:occursIn>
      <p0826-teimww:book knoraType="link_value" linkType="ref" target="ww_5c3ae833a8aaf03d"/>
    </p0826-teimww:occursIn>
    <p0826-teimww:wasContributedBy>
      <p0826-teimww:person knoraType="link_value" linkType="ref" target="ww_c4063e9c72a3ffd2"/>
    </p0826-teimww:wasContributedBy>
  </p0826-teimww:passage>
  <p0826-teimww:passage id="ww_8b40f592b8953d05">
    <knoraXmlImport:label>passage</knoraXmlImport:label>
    <p0826-teimww:occursIn>
      <p0826-teimww:book knoraType="link_value" linkType="ref" target="ww_5868d5560bdfc062"/>
    </p0826-teimww:occursIn>
  </p0826-teimww:passage>
  <p0826-teimww:passage id="ww_fb11fc4fe3cd0dec">
    <knoraXmlImport:label>passage</knoraXmlImport:label>
    <p0826-teimww:contains>
      <p0826-teimww:lexia knoraType="link_value" linkType="ref" target="ww_d27ad72706d05bc9"/>
    </p0826-teimww:contains>
    <p0826-teimww:hasPage knoraType="richtext_value">Act 1, scene 2, line 277.</p0826-teimww:hasPage>
    <p0826-teimww:hasText knoraType="richtext_value">[Hamlet:] [...] &lt;span class="quote"&gt;My &lt;span class="quote"&gt;father’s spirit&lt;/span&gt;  in &lt;span class="quote"&gt;arms&lt;/span&gt;! &lt;/span&gt;All is not well.</p0826-teimww:hasText>
    <p0826-teimww:isMentionedIn>
      <p0826-teimww:passage knoraType="link_value" linkType="ref" target="ww_8a7e68fe522f039d"/>
    </p0826-teimww:isMentionedIn>
    <p0826-teimww:occursIn>
      <p0826-teimww:book knoraType="link_value" linkType="ref" target="ww_5cb4c35da9f3b9dd"/>
    </p0826-teimww:occursIn>
    <p0826-teimww:wasContributedBy>
      <p0826-teimww:person knoraType="link_value" linkType="ref" target="ww_b604df587d93b768"/>
    </p0826-teimww:wasContributedBy>
  </p0826-teimww:passage>
  <p0826-teimww:passage id="ww_8a7e68fe522f039d">
    <knoraXmlImport:label>passage</knoraXmlImport:label>
    <p0826-teimww:occursIn>
      <p0826-teimww:book knoraType="link_value" linkType="ref" target="ww_5868d5560bdfc062"/>
    </p0826-teimww:occursIn>
  </p0826-teimww:passage>
  <p0826-teimww:passage id="ww_06380d919adbf31d">
    <knoraXmlImport:label>passage</knoraXmlImport:label>
    <p0826-teimww:contains>
      <p0826-teimww:lexia knoraType="link_value" linkType="ref" target="ww_858198d76f516310"/>
    </p0826-teimww:contains>
    <p0826-teimww:hasPage knoraType="richtext_value">Act 1, scene 3, line 12.</p0826-teimww:hasPage>
    <p0826-teimww:hasText knoraType="richtext_value">[Ophelia:] &lt;span class="quote"&gt;No more but so?&lt;/span&gt;</p0826-teimww:hasText>
    <p0826-teimww:isMentionedIn>
      <p0826-teimww:passage knoraType="link_value" linkType="ref" target="ww_959bdbfb3df8f3d5"/>
    </p0826-teimww:isMentionedIn>
    <p0826-teimww:occursIn>
      <p0826-teimww:book knoraType="link_value" linkType="ref" target="ww_5cb4c35da9f3b9dd"/>
    </p0826-teimww:occursIn>
    <p0826-teimww:wasContributedBy>
      <p0826-teimww:person knoraType="link_value" linkType="ref" target="ww_b604df587d93b768"/>
    </p0826-teimww:wasContributedBy>
  </p0826-teimww:passage>
  <p0826-teimww:passage id="ww_959bdbfb3df8f3d5">
    <knoraXmlImport:label>passage</knoraXmlImport:label>
    <p0826-teimww:occursIn>
      <p0826-teimww:book knoraType="link_value" linkType="ref" target="ww_b3931845d54b98d5"/>
    </p0826-teimww:occursIn>
  </p0826-teimww:passage>
  <p0826-teimww:passage id="ww_845ae3246044df7e">
    <knoraXmlImport:label>passage</knoraXmlImport:label>
    <p0826-teimww:contains>
      <p0826-teimww:lexia knoraType="link_value" linkType="ref" target="ww_a12c64e05fb9a400"/>
    </p0826-teimww:contains>
    <p0826-teimww:hasPage knoraType="richtext_value">Act 1, scene 1, lines 57, 61, 141, 144, 147.</p0826-teimww:hasPage>
    <p0826-teimww:hasText knoraType="richtext_value">[Horatio:] [...] &lt;span class="quote"&gt;by heaven I charge thee, speak! &lt;br&gt;&lt;/span&gt;
[...] &lt;span class="quote"&gt;Stay! speak! speak! I charge thee, speak! &lt;br&gt;&lt;/span&gt;
[...] &lt;span class="quote"&gt;Speak to me.&lt;/span&gt; &lt;br&gt;
[...] &lt;span class="quote"&gt;Speak to me. &lt;/span&gt;&lt;br&gt;
[...] &lt;span class="quote"&gt;O, speak!&lt;/span&gt;</p0826-teimww:hasText>
    <p0826-teimww:isMentionedIn>
      <p0826-teimww:passage knoraType="link_value" linkType="ref" target="ww_d35d280c8bc59121"/>
    </p0826-teimww:isMentionedIn>
    <p0826-teimww:occursIn>
      <p0826-teimww:book knoraType="link_value" linkType="ref" target="ww_5cb4c35da9f3b9dd"/>
    </p0826-teimww:occursIn>
    <p0826-teimww:wasContributedBy>
      <p0826-teimww:person knoraType="link_value" linkType="ref" target="ww_b604df587d93b768"/>
    </p0826-teimww:wasContributedBy>
  </p0826-teimww:passage>
  <p0826-teimww:passage id="ww_091723fcf95c7c3a">
    <knoraXmlImport:label>passage</knoraXmlImport:label>
    <p0826-teimww:contains>
      <p0826-teimww:lexia knoraType="link_value" linkType="ref" target="ww_b1a457618cdd730a"/>
    </p0826-teimww:contains>
    <p0826-teimww:hasPage knoraType="richtext_value">Act 2, scene 2, line 610.</p0826-teimww:hasPage>
    <p0826-teimww:hasText knoraType="richtext_value">[Hamlet:] &lt;span class="quote"&gt;O, vengeance!&lt;/span&gt;</p0826-teimww:hasText>
    <p0826-teimww:isMentionedIn>
      <p0826-teimww:passage knoraType="link_value" linkType="ref" target="ww_1ee07bd9507de30f"/>
    </p0826-teimww:isMentionedIn>
    <p0826-teimww:occursIn>
      <p0826-teimww:book knoraType="link_value" linkType="ref" target="ww_5cb4c35da9f3b9dd"/>
    </p0826-teimww:occursIn>
    <p0826-teimww:wasContributedBy>
      <p0826-teimww:person knoraType="link_value" linkType="ref" target="ww_7f35f6802efd910d"/>
    </p0826-teimww:wasContributedBy>
  </p0826-teimww:passage>
  <p0826-teimww:passage id="ww_1ee07bd9507de30f">
    <knoraXmlImport:label>passage</knoraXmlImport:label>
    <p0826-teimww:occursIn>
      <p0826-teimww:book knoraType="link_value" linkType="ref" target="ww_b3931845d54b98d5"/>
    </p0826-teimww:occursIn>
  </p0826-teimww:passage>
  <p0826-teimww:passage id="ww_1f37b3e679db816c">
    <knoraXmlImport:label>passage</knoraXmlImport:label>
    <p0826-teimww:contains>
      <p0826-teimww:lexia knoraType="link_value" linkType="ref" target="ww_bfb7efb1c6fad605"/>
    </p0826-teimww:contains>
    <p0826-teimww:hasPage knoraType="richtext_value">Act 1, scene 3, line 15.</p0826-teimww:hasPage>
    <p0826-teimww:hasText knoraType="richtext_value">[Laertes:] [...] &lt;span class="quote"&gt;In thews and bulk but, as this temple waxes &lt;/span&gt;[...].</p0826-teimww:hasText>
    <p0826-teimww:isMentionedIn>
      <p0826-teimww:passage knoraType="link_value" linkType="ref" target="ww_93d6ac4de139f2fc"/>
    </p0826-teimww:isMentionedIn>
    <p0826-teimww:occursIn>
      <p0826-teimww:book knoraType="link_value" linkType="ref" target="ww_5cb4c35da9f3b9dd"/>
    </p0826-teimww:occursIn>
    <p0826-teimww:wasContributedBy>
      <p0826-teimww:person knoraType="link_value" linkType="ref" target="ww_b604df587d93b768"/>
    </p0826-teimww:wasContributedBy>
  </p0826-teimww:passage>
  <p0826-teimww:passage id="ww_93d6ac4de139f2fc">
    <knoraXmlImport:label>passage</knoraXmlImport:label>
    <p0826-teimww:occursIn>
      <p0826-teimww:book knoraType="link_value" linkType="ref" target="ww_b3931845d54b98d5"/>
    </p0826-teimww:occursIn>
  </p0826-teimww:passage>
  <p0826-teimww:passage id="ww_9f5f28f47f89d1d0">
    <knoraXmlImport:label>passage</knoraXmlImport:label>
    <p0826-teimww:contains>
      <p0826-teimww:lexia knoraType="link_value" linkType="ref" target="ww_543c08a37b93c3cc"/>
    </p0826-teimww:contains>
    <p0826-teimww:hasPage knoraType="richtext_value">Act 5, scene 2, line 315.</p0826-teimww:hasPage>
    <p0826-teimww:hasText knoraType="richtext_value">[Queen:] [...] The Queen &lt;span class="quote"&gt;carouses to thy fortune, Hamlet.&lt;/span&gt;</p0826-teimww:hasText>
    <p0826-teimww:isMentionedIn>
      <p0826-teimww:passage knoraType="link_value" linkType="ref" target="ww_abd39de1f5c0c543"/>
    </p0826-teimww:isMentionedIn>
    <p0826-teimww:isMentionedIn>
      <p0826-teimww:passage knoraType="link_value" linkType="ref" target="ww_a2158d3ed69152e2"/>
    </p0826-teimww:isMentionedIn>
    <p0826-teimww:occursIn>
      <p0826-teimww:book knoraType="link_value" linkType="ref" target="ww_5cb4c35da9f3b9dd"/>
    </p0826-teimww:occursIn>
    <p0826-teimww:wasContributedBy>
      <p0826-teimww:person knoraType="link_value" linkType="ref" target="ww_b604df587d93b768"/>
    </p0826-teimww:wasContributedBy>
  </p0826-teimww:passage>
  <p0826-teimww:passage id="ww_abd39de1f5c0c543">
    <knoraXmlImport:label>passage</knoraXmlImport:label>
    <p0826-teimww:occursIn>
      <p0826-teimww:book knoraType="link_value" linkType="ref" target="ww_ca15500e7036f16e"/>
    </p0826-teimww:occursIn>
  </p0826-teimww:passage>
  <p0826-teimww:passage id="ww_a2158d3ed69152e2">
    <knoraXmlImport:label>passage</knoraXmlImport:label>
    <p0826-teimww:occursIn>
      <p0826-teimww:book knoraType="link_value" linkType="ref" target="ww_0b28ed19a0540e1d"/>
    </p0826-teimww:occursIn>
  </p0826-teimww:passage>
  <p0826-teimww:passage id="ww_5dee0d2bac060a29">
    <knoraXmlImport:label>passage</knoraXmlImport:label>
    <p0826-teimww:contains>
      <p0826-teimww:lexia knoraType="link_value" linkType="ref" target="ww_2301d9ccc52e99ec"/>
    </p0826-teimww:contains>
    <p0826-teimww:hasPage knoraType="richtext_value">Act 2, scene 2, lines 627-632.</p0826-teimww:hasPage>
    <p0826-teimww:hasText knoraType="richtext_value">[Hamlet:] [...] &lt;span class="quote"&gt;The spirit that I have seen &lt;br&gt;
May be the devil, and the devil hath power &lt;br&gt;
T’ assume a pleasing shape; yea, and perhaps,&lt;br&gt;
Out of my weakness and my melancholy,&lt;br&gt;
As he is very potent with such spirits,&lt;br&gt;
Abuses me to damn me.&lt;/span&gt;</p0826-teimww:hasText>
    <p0826-teimww:isMentionedIn>
      <p0826-teimww:passage knoraType="link_value" linkType="ref" target="ww_c3bff4b98f89b354"/>
    </p0826-teimww:isMentionedIn>
    <p0826-teimww:occursIn>
      <p0826-teimww:book knoraType="link_value" linkType="ref" target="ww_5cb4c35da9f3b9dd"/>
    </p0826-teimww:occursIn>
    <p0826-teimww:wasContributedBy>
      <p0826-teimww:person knoraType="link_value" linkType="ref" target="ww_7f35f6802efd910d"/>
    </p0826-teimww:wasContributedBy>
  </p0826-teimww:passage>
  <p0826-teimww:passage id="ww_c3bff4b98f89b354">
    <knoraXmlImport:label>passage</knoraXmlImport:label>
    <p0826-teimww:occursIn>
      <p0826-teimww:book knoraType="link_value" linkType="ref" target="ww_5868d5560bdfc062"/>
    </p0826-teimww:occursIn>
  </p0826-teimww:passage>
  <p0826-teimww:passage id="ww_fd45b596856fe494">
    <knoraXmlImport:label>passage</knoraXmlImport:label>
    <p0826-teimww:contains>
      <p0826-teimww:lexia knoraType="link_value" linkType="ref" target="ww_fe75d12af4504110"/>
    </p0826-teimww:contains>
    <p0826-teimww:contains>
      <p0826-teimww:lexia knoraType="link_value" linkType="ref" target="ww_d66e0672d2ae73d5"/>
    </p0826-teimww:contains>
    <p0826-teimww:hasPage knoraType="richtext_value">Act 1, scene 3, lines 18-19.</p0826-teimww:hasPage>
    <p0826-teimww:hasText knoraType="richtext_value">[Laertes:] [...] And now no soil nor &lt;span class="quote"&gt;cautel&lt;/span&gt; doth &lt;span class="quote"&gt;besmirch &lt;br&gt;&lt;/span&gt;
The virtue of his will [...].</p0826-teimww:hasText>
    <p0826-teimww:isMentionedIn>
      <p0826-teimww:passage knoraType="link_value" linkType="ref" target="ww_3e2bbc67b14b6e84"/>
    </p0826-teimww:isMentionedIn>
    <p0826-teimww:isMentionedIn>
      <p0826-teimww:passage knoraType="link_value" linkType="ref" target="ww_289cef73d568afca"/>
    </p0826-teimww:isMentionedIn>
    <p0826-teimww:isMentionedIn>
      <p0826-teimww:passage knoraType="link_value" linkType="ref" target="ww_e6887e488bd26fe8"/>
    </p0826-teimww:isMentionedIn>
    <p0826-teimww:occursIn>
      <p0826-teimww:book knoraType="link_value" linkType="ref" target="ww_5cb4c35da9f3b9dd"/>
    </p0826-teimww:occursIn>
    <p0826-teimww:wasContributedBy>
      <p0826-teimww:person knoraType="link_value" linkType="ref" target="ww_b604df587d93b768"/>
    </p0826-teimww:wasContributedBy>
  </p0826-teimww:passage>
  <p0826-teimww:passage id="ww_3e2bbc67b14b6e84">
    <knoraXmlImport:label>passage</knoraXmlImport:label>
    <p0826-teimww:occursIn>
      <p0826-teimww:book knoraType="link_value" linkType="ref" target="ww_b3931845d54b98d5"/>
    </p0826-teimww:occursIn>
  </p0826-teimww:passage>
  <p0826-teimww:passage id="ww_e6887e488bd26fe8">
    <knoraXmlImport:label>passage</knoraXmlImport:label>
    <p0826-teimww:occursIn>
      <p0826-teimww:book knoraType="link_value" linkType="ref" target="ww_15dba62495527dd5"/>
    </p0826-teimww:occursIn>
  </p0826-teimww:passage>
  <p0826-teimww:passage id="ww_289cef73d568afca">
    <knoraXmlImport:label>passage</knoraXmlImport:label>
    <p0826-teimww:occursIn>
      <p0826-teimww:book knoraType="link_value" linkType="ref" target="ww_f6685305b5e15919"/>
    </p0826-teimww:occursIn>
  </p0826-teimww:passage>
  <p0826-teimww:passage id="ww_200156c01c65453c">
    <knoraXmlImport:label>passage</knoraXmlImport:label>
    <p0826-teimww:contains>
      <p0826-teimww:lexia knoraType="link_value" linkType="ref" target="ww_bb8d51a3bb3a03c9"/>
    </p0826-teimww:contains>
    <p0826-teimww:hasPage knoraType="richtext_value">Act 1, scene 3, lines 22-24.</p0826-teimww:hasPage>
    <p0826-teimww:hasText knoraType="richtext_value">[Laertes:] [...] He may not, as unvalued persons do, &lt;br&gt;
&lt;span class="quote"&gt;Carve for himself, &lt;/span&gt;for on his choice depends &lt;br&gt;
The safety and the health of this whole state.</p0826-teimww:hasText>
    <p0826-teimww:isMentionedIn>
      <p0826-teimww:passage knoraType="link_value" linkType="ref" target="ww_17376436c0ffee20"/>
    </p0826-teimww:isMentionedIn>
    <p0826-teimww:isMentionedIn>
      <p0826-teimww:passage knoraType="link_value" linkType="ref" target="ww_2cd0268512e7496f"/>
    </p0826-teimww:isMentionedIn>
    <p0826-teimww:occursIn>
      <p0826-teimww:book knoraType="link_value" linkType="ref" target="ww_5cb4c35da9f3b9dd"/>
    </p0826-teimww:occursIn>
    <p0826-teimww:wasContributedBy>
      <p0826-teimww:person knoraType="link_value" linkType="ref" target="ww_b604df587d93b768"/>
    </p0826-teimww:wasContributedBy>
  </p0826-teimww:passage>
  <p0826-teimww:passage id="ww_2cd0268512e7496f">
    <knoraXmlImport:label>passage</knoraXmlImport:label>
    <p0826-teimww:occursIn>
      <p0826-teimww:book knoraType="link_value" linkType="ref" target="ww_b3931845d54b98d5"/>
    </p0826-teimww:occursIn>
  </p0826-teimww:passage>
  <p0826-teimww:passage id="ww_17376436c0ffee20">
    <knoraXmlImport:label>passage</knoraXmlImport:label>
    <p0826-teimww:occursIn>
      <p0826-teimww:book knoraType="link_value" linkType="ref" target="ww_15dba62495527dd5"/>
    </p0826-teimww:occursIn>
  </p0826-teimww:passage>
  <p0826-teimww:passage id="ww_9ff389f81256a422">
    <knoraXmlImport:label>passage</knoraXmlImport:label>
    <p0826-teimww:contains>
      <p0826-teimww:lexia knoraType="link_value" linkType="ref" target="ww_c855feca941c9283"/>
    </p0826-teimww:contains>
    <p0826-teimww:hasPage knoraType="richtext_value">Act 1, scene 3, line 26.</p0826-teimww:hasPage>
    <p0826-teimww:hasText knoraType="richtext_value">[Laertes:] [...] &lt;span class="quote"&gt;Unto the voice and yielding of that body &lt;/span&gt;[...].</p0826-teimww:hasText>
    <p0826-teimww:isMentionedIn>
      <p0826-teimww:passage knoraType="link_value" linkType="ref" target="ww_eef216b24d89eca9"/>
    </p0826-teimww:isMentionedIn>
    <p0826-teimww:isMentionedIn>
      <p0826-teimww:passage knoraType="link_value" linkType="ref" target="ww_00cbc998089a8753"/>
    </p0826-teimww:isMentionedIn>
    <p0826-teimww:occursIn>
      <p0826-teimww:book knoraType="link_value" linkType="ref" target="ww_5cb4c35da9f3b9dd"/>
    </p0826-teimww:occursIn>
    <p0826-teimww:wasContributedBy>
      <p0826-teimww:person knoraType="link_value" linkType="ref" target="ww_b604df587d93b768"/>
    </p0826-teimww:wasContributedBy>
  </p0826-teimww:passage>
  <p0826-teimww:passage id="ww_eef216b24d89eca9">
    <knoraXmlImport:label>passage</knoraXmlImport:label>
    <p0826-teimww:occursIn>
      <p0826-teimww:book knoraType="link_value" linkType="ref" target="ww_a3bdfb5ec0f62f6f"/>
    </p0826-teimww:occursIn>
  </p0826-teimww:passage>
  <p0826-teimww:passage id="ww_00cbc998089a8753">
    <knoraXmlImport:label>passage</knoraXmlImport:label>
    <p0826-teimww:occursIn>
      <p0826-teimww:book knoraType="link_value" linkType="ref" target="ww_b3931845d54b98d5"/>
    </p0826-teimww:occursIn>
  </p0826-teimww:passage>
  <p0826-teimww:passage id="ww_33d4b02de3f7773b">
    <knoraXmlImport:label>passage</knoraXmlImport:label>
    <p0826-teimww:contains>
      <p0826-teimww:lexia knoraType="link_value" linkType="ref" target="ww_7dd2ff17550dd225"/>
    </p0826-teimww:contains>
    <p0826-teimww:hasPage knoraType="richtext_value">Act 1, scene 3, lines 30-31.</p0826-teimww:hasPage>
    <p0826-teimww:hasText knoraType="richtext_value">[Laertes:] [...] As he in his particular act and place &lt;br&gt;
&lt;span class="quote"&gt;May give his saying deed &lt;/span&gt;[...].</p0826-teimww:hasText>
    <p0826-teimww:isMentionedIn>
      <p0826-teimww:passage knoraType="link_value" linkType="ref" target="ww_a147d1dff393f09d"/>
    </p0826-teimww:isMentionedIn>
    <p0826-teimww:occursIn>
      <p0826-teimww:book knoraType="link_value" linkType="ref" target="ww_5cb4c35da9f3b9dd"/>
    </p0826-teimww:occursIn>
    <p0826-teimww:wasContributedBy>
      <p0826-teimww:person knoraType="link_value" linkType="ref" target="ww_b604df587d93b768"/>
    </p0826-teimww:wasContributedBy>
  </p0826-teimww:passage>
  <p0826-teimww:passage id="ww_a147d1dff393f09d">
    <knoraXmlImport:label>passage</knoraXmlImport:label>
    <p0826-teimww:occursIn>
      <p0826-teimww:book knoraType="link_value" linkType="ref" target="ww_b3931845d54b98d5"/>
    </p0826-teimww:occursIn>
  </p0826-teimww:passage>
  <p0826-teimww:passage id="ww_fc1b7ad7c6b9f394">
    <knoraXmlImport:label>passage</knoraXmlImport:label>
    <p0826-teimww:contains>
      <p0826-teimww:lexia knoraType="link_value" linkType="ref" target="ww_7cb1a8cf8146aee0"/>
    </p0826-teimww:contains>
    <p0826-teimww:hasPage knoraType="richtext_value">82; act 1, scene 5 [normalized spelling].</p0826-teimww:hasPage>
    <p0826-teimww:hasPageHist knoraType="richtext_value">82; act 1, scene 5.</p0826-teimww:hasPageHist>
    <p0826-teimww:hasText knoraType="richtext_value">[Balurdo:] Courage, courage sweet Lady, 'tis sir &lt;i&gt;Gefferey Balurdo &lt;/i&gt;bids you courage. Truly I am as nimble as an Elephant about a Lady.&lt;br&gt;
[Panulpho Felice:] Dead?&lt;br&gt;
[Antonio:] Dead.&lt;br&gt;
[Alberto:] Dead?&lt;br&gt;
[Antonio:] Why now the womb of mischief is deliver'd,&lt;br&gt;
Of the prodigious issue of the night.&lt;br&gt;
[Panulpho Felice:] &lt;span class="quote"&gt;Ha, ha, ha.&lt;/span&gt;&lt;br&gt;
[Antonio:] My father dead, my love attained of lust:&lt;br&gt;
Thats a large lye, as vast as spacious hell:&lt;br&gt;
Poor guiltless Lady.</p0826-teimww:hasText>
    <p0826-teimww:hasTextHist knoraType="richtext_value">[Balurdo:] Courage, courage sweet Ladie, tis sir &lt;i&gt;Gefferey Balurdo &lt;/i&gt;bids you courage. Truly I am as nimble as an Elephant about a Ladie.&lt;br&gt;
[Panulpho Felice:] Dead?&lt;br&gt;
[Antonio:] Dead.&lt;br&gt;
[Alberto:] Dead?&lt;br&gt;
[Antonio:] Why now the womb of mischiefe is deliver'd,&lt;br&gt;
Of the prodigious issue of the night.&lt;br&gt;
[Panulpho Felice:] &lt;span class="quote"&gt;Ha, ha, ha.&lt;/span&gt;&lt;br&gt;
[Antonio:] My father dead, my loue attaint of lust:&lt;br&gt;
Thats a large lye, as vast as spatious hell:&lt;br&gt;
Poore guiltlesse Ladie.</p0826-teimww:hasTextHist>
    <p0826-teimww:isMentionedIn>
      <p0826-teimww:passage knoraType="link_value" linkType="ref" target="ww_5f3475a7dbf48984"/>
    </p0826-teimww:isMentionedIn>
    <p0826-teimww:occursIn>
      <p0826-teimww:book knoraType="link_value" linkType="ref" target="ww_436db7d05fb0f0f6"/>
    </p0826-teimww:occursIn>
    <p0826-teimww:wasContributedBy>
      <p0826-teimww:person knoraType="link_value" linkType="ref" target="ww_c4063e9c72a3ffd2"/>
    </p0826-teimww:wasContributedBy>
  </p0826-teimww:passage>
  <p0826-teimww:passage id="ww_5f3475a7dbf48984">
    <knoraXmlImport:label>passage</knoraXmlImport:label>
    <p0826-teimww:occursIn>
      <p0826-teimww:book knoraType="link_value" linkType="ref" target="ww_e9dd31d2f114bcc9"/>
    </p0826-teimww:occursIn>
  </p0826-teimww:passage>
  <p0826-teimww:passage id="ww_80a9aba994cf1672">
    <knoraXmlImport:label>passage</knoraXmlImport:label>
    <p0826-teimww:contains>
      <p0826-teimww:lexia knoraType="link_value" linkType="ref" target="ww_681b2a09125ef6af"/>
    </p0826-teimww:contains>
    <p0826-teimww:contains>
      <p0826-teimww:lexia knoraType="link_value" linkType="ref" target="ww_e2f49bcc69e21ae7"/>
    </p0826-teimww:contains>
    <p0826-teimww:contains>
      <p0826-teimww:lexia knoraType="link_value" linkType="ref" target="ww_d2482b1af2ee4da1"/>
    </p0826-teimww:contains>
    <p0826-teimww:hasPage knoraType="richtext_value">Act 1, scene 3, lines 38-47.</p0826-teimww:hasPage>
    <p0826-teimww:hasText knoraType="richtext_value">[Laertes:] [...] &lt;span class="quote"&gt;And keep you in the rear of your affection, &lt;br&gt;
Out of the shot and danger of desire&lt;/span&gt;. &lt;br&gt;
The chariest maid is prodigal enough &lt;br&gt;
If she unmask her beauty to the moon. &lt;br&gt;
Virtue itself 'scapes not calumnious strokes. &lt;br&gt;
The &lt;span class="quote"&gt;canker&lt;/span&gt; galls the&lt;span class="quote"&gt; infants of the spring &lt;br&gt;&lt;/span&gt;
Too oft before their buttons be disclosed, &lt;br&gt;&lt;/span&gt;
And, in the morn and liquid dew of youth, &lt;br&gt;
Contagious blastments are most imminent. &lt;br&gt;
Be wary, then; best safety lies in fear.</p0826-teimww:hasText>
    <p0826-teimww:isMentionedIn>
      <p0826-teimww:passage knoraType="link_value" linkType="ref" target="ww_fd58f359fe7cbe47"/>
    </p0826-teimww:isMentionedIn>
    <p0826-teimww:occursIn>
      <p0826-teimww:book knoraType="link_value" linkType="ref" target="ww_5cb4c35da9f3b9dd"/>
    </p0826-teimww:occursIn>
    <p0826-teimww:wasContributedBy>
      <p0826-teimww:person knoraType="link_value" linkType="ref" target="ww_b604df587d93b768"/>
    </p0826-teimww:wasContributedBy>
  </p0826-teimww:passage>
  <p0826-teimww:passage id="ww_fd58f359fe7cbe47">
    <knoraXmlImport:label>passage</knoraXmlImport:label>
    <p0826-teimww:occursIn>
      <p0826-teimww:book knoraType="link_value" linkType="ref" target="ww_1140c36ab545b6d8"/>
    </p0826-teimww:occursIn>
  </p0826-teimww:passage>
  <p0826-teimww:passage id="ww_fde72eb561dfc4ac">
    <knoraXmlImport:label>passage</knoraXmlImport:label>
    <p0826-teimww:contains>
      <p0826-teimww:lexia knoraType="link_value" linkType="ref" target="ww_b88d2150456546e0"/>
    </p0826-teimww:contains>
    <p0826-teimww:contains>
      <p0826-teimww:lexia knoraType="link_value" linkType="ref" target="ww_86292c6ca1e38e4c"/>
    </p0826-teimww:contains>
    <p0826-teimww:contains>
      <p0826-teimww:lexia knoraType="link_value" linkType="ref" target="ww_2e207d71b9ef6bab"/>
    </p0826-teimww:contains>
    <p0826-teimww:hasPage knoraType="richtext_value">Act 1, scene 3, lines 51-55.</p0826-teimww:hasPage>
    <p0826-teimww:hasText knoraType="richtext_value">[Ophelia:] [...] Do not, as some ungracious pastors do,&lt;br&gt;
&lt;span class="quote"&gt;Show me the steep and thorny way to heaven&lt;/span&gt; &lt;br&gt;
Whiles, like a puffed and reckless libertine &lt;br&gt;
Himself the &lt;span class="quote"&gt;primrose path of dalliance treads&lt;/span&gt;&lt;br&gt;
And recks not his own rede.</p0826-teimww:hasText>
    <p0826-teimww:isMentionedIn>
      <p0826-teimww:passage knoraType="link_value" linkType="ref" target="ww_fec525a7b87b944b"/>
    </p0826-teimww:isMentionedIn>
    <p0826-teimww:occursIn>
      <p0826-teimww:book knoraType="link_value" linkType="ref" target="ww_5cb4c35da9f3b9dd"/>
    </p0826-teimww:occursIn>
    <p0826-teimww:wasContributedBy>
      <p0826-teimww:person knoraType="link_value" linkType="ref" target="ww_b604df587d93b768"/>
    </p0826-teimww:wasContributedBy>
  </p0826-teimww:passage>
  <p0826-teimww:passage id="ww_fec525a7b87b944b">
    <knoraXmlImport:label>passage</knoraXmlImport:label>
    <p0826-teimww:occursIn>
      <p0826-teimww:book knoraType="link_value" linkType="ref" target="ww_b3931845d54b98d5"/>
    </p0826-teimww:occursIn>
  </p0826-teimww:passage>
  <p0826-teimww:passage id="ww_37b0f0aafecdac15">
    <knoraXmlImport:label>passage</knoraXmlImport:label>
    <p0826-teimww:contains>
      <p0826-teimww:lexia knoraType="link_value" linkType="ref" target="ww_adb6ad7f19f087e0"/>
    </p0826-teimww:contains>
    <p0826-teimww:hasPage knoraType="richtext_value">Act 1, scene 3, line 65.</p0826-teimww:hasPage>
    <p0826-teimww:hasText knoraType="richtext_value">[Polonius:] [...]&lt;span class="quote"&gt; Give thy thoughts no tongue &lt;/span&gt;[...]. </p0826-teimww:hasText>
    <p0826-teimww:isMentionedIn>
      <p0826-teimww:passage knoraType="link_value" linkType="ref" target="ww_035950e67b179b87"/>
    </p0826-teimww:isMentionedIn>
    <p0826-teimww:occursIn>
      <p0826-teimww:book knoraType="link_value" linkType="ref" target="ww_5cb4c35da9f3b9dd"/>
    </p0826-teimww:occursIn>
    <p0826-teimww:wasContributedBy>
      <p0826-teimww:person knoraType="link_value" linkType="ref" target="ww_b604df587d93b768"/>
    </p0826-teimww:wasContributedBy>
  </p0826-teimww:passage>
  <p0826-teimww:passage id="ww_035950e67b179b87">
    <knoraXmlImport:label>passage</knoraXmlImport:label>
    <p0826-teimww:occursIn>
      <p0826-teimww:book knoraType="link_value" linkType="ref" target="ww_3e15ab6c612eadae"/>
    </p0826-teimww:occursIn>
  </p0826-teimww:passage>
  <p0826-teimww:passage id="ww_3833d16ce5212286">
    <knoraXmlImport:label>passage</knoraXmlImport:label>
    <p0826-teimww:contains>
      <p0826-teimww:lexia knoraType="link_value" linkType="ref" target="ww_547ef374f224c892"/>
    </p0826-teimww:contains>
    <p0826-teimww:hasPage knoraType="richtext_value">Act 1, scene 3, lines 68-69.</p0826-teimww:hasPage>
    <p0826-teimww:hasText knoraType="richtext_value">[Polonius:] [...] &lt;span class="quote"&gt;Those friends thou hast, and their adoption tried, &lt;br&gt;
Grapple them unto thy soul with hoops of steel &lt;/span&gt;[...].</p0826-teimww:hasText>
    <p0826-teimww:isMentionedIn>
      <p0826-teimww:passage knoraType="link_value" linkType="ref" target="ww_3f96a4c8f9c48a96"/>
    </p0826-teimww:isMentionedIn>
    <p0826-teimww:isMentionedIn>
      <p0826-teimww:passage knoraType="link_value" linkType="ref" target="ww_e3f13d57a3f51b5f"/>
    </p0826-teimww:isMentionedIn>
    <p0826-teimww:occursIn>
      <p0826-teimww:book knoraType="link_value" linkType="ref" target="ww_5cb4c35da9f3b9dd"/>
    </p0826-teimww:occursIn>
    <p0826-teimww:wasContributedBy>
      <p0826-teimww:person knoraType="link_value" linkType="ref" target="ww_b604df587d93b768"/>
    </p0826-teimww:wasContributedBy>
  </p0826-teimww:passage>
  <p0826-teimww:passage id="ww_e3f13d57a3f51b5f">
    <knoraXmlImport:label>passage</knoraXmlImport:label>
    <p0826-teimww:occursIn>
      <p0826-teimww:book knoraType="link_value" linkType="ref" target="ww_42a6c34f5f492571"/>
    </p0826-teimww:occursIn>
  </p0826-teimww:passage>
  <p0826-teimww:passage id="ww_3f96a4c8f9c48a96">
    <knoraXmlImport:label>passage</knoraXmlImport:label>
    <p0826-teimww:occursIn>
      <p0826-teimww:book knoraType="link_value" linkType="ref" target="ww_ede42cb1c3c1d408"/>
    </p0826-teimww:occursIn>
  </p0826-teimww:passage>
  <p0826-teimww:passage id="ww_880fe55a6d82e907">
    <knoraXmlImport:label>passage</knoraXmlImport:label>
    <p0826-teimww:contains>
      <p0826-teimww:lexia knoraType="link_value" linkType="ref" target="ww_cd7814d67607e6ae"/>
    </p0826-teimww:contains>
    <p0826-teimww:hasPage knoraType="richtext_value">Act 1, scene 3, lines 75-77.</p0826-teimww:hasPage>
    <p0826-teimww:hasText knoraType="richtext_value">[Polonius:] [...] Take each man's censure, but reserve thy judgment. &lt;br&gt;
&lt;span class="quote"&gt;Costly thy habit as thy purse can buy, &lt;br&gt;
But not expressed in fancy (rich, not gaudy) &lt;/span&gt;[...].</p0826-teimww:hasText>
    <p0826-teimww:isMentionedIn>
      <p0826-teimww:passage knoraType="link_value" linkType="ref" target="ww_e2c764545011e571"/>
    </p0826-teimww:isMentionedIn>
    <p0826-teimww:isMentionedIn>
      <p0826-teimww:passage knoraType="link_value" linkType="ref" target="ww_d137d1daafa4b531"/>
    </p0826-teimww:isMentionedIn>
    <p0826-teimww:occursIn>
      <p0826-teimww:book knoraType="link_value" linkType="ref" target="ww_5cb4c35da9f3b9dd"/>
    </p0826-teimww:occursIn>
    <p0826-teimww:wasContributedBy>
      <p0826-teimww:person knoraType="link_value" linkType="ref" target="ww_b604df587d93b768"/>
    </p0826-teimww:wasContributedBy>
  </p0826-teimww:passage>
  <p0826-teimww:passage id="ww_e2c764545011e571">
    <knoraXmlImport:label>passage</knoraXmlImport:label>
    <p0826-teimww:occursIn>
      <p0826-teimww:book knoraType="link_value" linkType="ref" target="ww_ede42cb1c3c1d408"/>
    </p0826-teimww:occursIn>
  </p0826-teimww:passage>
  <p0826-teimww:passage id="ww_d137d1daafa4b531">
    <knoraXmlImport:label>passage</knoraXmlImport:label>
    <p0826-teimww:occursIn>
      <p0826-teimww:book knoraType="link_value" linkType="ref" target="ww_42a6c34f5f492571"/>
    </p0826-teimww:occursIn>
  </p0826-teimww:passage>
  <p0826-teimww:passage id="ww_58f84e4fdd11d814">
    <knoraXmlImport:label>passage</knoraXmlImport:label>
    <p0826-teimww:contains>
      <p0826-teimww:lexia knoraType="link_value" linkType="ref" target="ww_2ad3edfad3fc4d0c"/>
    </p0826-teimww:contains>
    <p0826-teimww:hasPage knoraType="richtext_value">Act 3, scene 3, lines 6-8.</p0826-teimww:hasPage>
    <p0826-teimww:hasText knoraType="richtext_value">[Touchstone:] I am here with thee and thy goats, as the most capricious poet, &lt;span class="quote"&gt;honest Ovid, was among the Goths.&lt;/span&gt;</p0826-teimww:hasText>
    <p0826-teimww:isMentionedIn>
      <p0826-teimww:passage knoraType="link_value" linkType="ref" target="ww_c79ebbb81c058a7a"/>
    </p0826-teimww:isMentionedIn>
    <p0826-teimww:occursIn>
      <p0826-teimww:book knoraType="link_value" linkType="ref" target="ww_5c3ae833a8aaf03d"/>
    </p0826-teimww:occursIn>
    <p0826-teimww:wasContributedBy>
      <p0826-teimww:person knoraType="link_value" linkType="ref" target="ww_c4063e9c72a3ffd2"/>
    </p0826-teimww:wasContributedBy>
  </p0826-teimww:passage>
  <p0826-teimww:passage id="ww_c79ebbb81c058a7a">
    <knoraXmlImport:label>passage</knoraXmlImport:label>
    <p0826-teimww:occursIn>
      <p0826-teimww:book knoraType="link_value" linkType="ref" target="ww_eba183d996a233a5"/>
    </p0826-teimww:occursIn>
  </p0826-teimww:passage>
  <p0826-teimww:passage id="ww_a1ab591aed5e394e">
    <knoraXmlImport:label>passage</knoraXmlImport:label>
    <p0826-teimww:contains>
      <p0826-teimww:lexia knoraType="link_value" linkType="ref" target="ww_e84d47fcb840132a"/>
    </p0826-teimww:contains>
    <p0826-teimww:hasPage knoraType="richtext_value">Act 3, scene 1, line 65.</p0826-teimww:hasPage>
    <p0826-teimww:hasText knoraType="richtext_value">[Hamlet:] [...] &lt;span class="quote"&gt;Whether 'tis nobler in the mind to suffer &lt;/span&gt;[...].</p0826-teimww:hasText>
    <p0826-teimww:isMentionedIn>
      <p0826-teimww:passage knoraType="link_value" linkType="ref" target="ww_73528aa8fa5359dc"/>
    </p0826-teimww:isMentionedIn>
    <p0826-teimww:isMentionedIn>
      <p0826-teimww:passage knoraType="link_value" linkType="ref" target="ww_b9e42e5e9be7b0ab"/>
    </p0826-teimww:isMentionedIn>
    <p0826-teimww:occursIn>
      <p0826-teimww:book knoraType="link_value" linkType="ref" target="ww_5cb4c35da9f3b9dd"/>
    </p0826-teimww:occursIn>
    <p0826-teimww:wasContributedBy>
      <p0826-teimww:person knoraType="link_value" linkType="ref" target="ww_7f35f6802efd910d"/>
    </p0826-teimww:wasContributedBy>
  </p0826-teimww:passage>
  <p0826-teimww:passage id="ww_b9e42e5e9be7b0ab">
    <knoraXmlImport:label>passage</knoraXmlImport:label>
    <p0826-teimww:occursIn>
      <p0826-teimww:book knoraType="link_value" linkType="ref" target="ww_0de19bd63a1c9142"/>
    </p0826-teimww:occursIn>
  </p0826-teimww:passage>
  <p0826-teimww:passage id="ww_73528aa8fa5359dc">
    <knoraXmlImport:label>passage</knoraXmlImport:label>
    <p0826-teimww:occursIn>
      <p0826-teimww:book knoraType="link_value" linkType="ref" target="ww_bc577a06e5bb54c7"/>
    </p0826-teimww:occursIn>
  </p0826-teimww:passage>
  <p0826-teimww:passage id="ww_99303b1740aea3a2">
    <knoraXmlImport:label>passage</knoraXmlImport:label>
    <p0826-teimww:contains>
      <p0826-teimww:lexia knoraType="link_value" linkType="ref" target="ww_074cbf437719aa35"/>
    </p0826-teimww:contains>
    <p0826-teimww:hasPage knoraType="richtext_value">Act 1, scene 3, lines 92-93.</p0826-teimww:hasPage>
    <p0826-teimww:hasText knoraType="richtext_value">[Ophelia:] &lt;span class="quote"&gt;'Tis in my memory locked, &lt;br&gt;
And you yourself shall keep the key of it.&lt;/span&gt;</p0826-teimww:hasText>
    <p0826-teimww:isMentionedIn>
      <p0826-teimww:passage knoraType="link_value" linkType="ref" target="ww_e31b405a4331c369"/>
    </p0826-teimww:isMentionedIn>
    <p0826-teimww:isMentionedIn>
      <p0826-teimww:passage knoraType="link_value" linkType="ref" target="ww_4b47886dbe236af2"/>
    </p0826-teimww:isMentionedIn>
    <p0826-teimww:occursIn>
      <p0826-teimww:book knoraType="link_value" linkType="ref" target="ww_5cb4c35da9f3b9dd"/>
    </p0826-teimww:occursIn>
    <p0826-teimww:wasContributedBy>
      <p0826-teimww:person knoraType="link_value" linkType="ref" target="ww_b604df587d93b768"/>
    </p0826-teimww:wasContributedBy>
  </p0826-teimww:passage>
  <p0826-teimww:passage id="ww_e31b405a4331c369">
    <knoraXmlImport:label>passage</knoraXmlImport:label>
    <p0826-teimww:occursIn>
      <p0826-teimww:book knoraType="link_value" linkType="ref" target="ww_1140c36ab545b6d8"/>
    </p0826-teimww:occursIn>
  </p0826-teimww:passage>
  <p0826-teimww:passage id="ww_4b47886dbe236af2">
    <knoraXmlImport:label>passage</knoraXmlImport:label>
    <p0826-teimww:occursIn>
      <p0826-teimww:book knoraType="link_value" linkType="ref" target="ww_2f65899f08b5bb71"/>
    </p0826-teimww:occursIn>
  </p0826-teimww:passage>
  <p0826-teimww:passage id="ww_11ccbb075f8f933c">
    <knoraXmlImport:label>passage</knoraXmlImport:label>
    <p0826-teimww:contains>
      <p0826-teimww:lexia knoraType="link_value" linkType="ref" target="ww_3b0e47b9c1d4b1da"/>
    </p0826-teimww:contains>
    <p0826-teimww:contains>
      <p0826-teimww:lexia knoraType="link_value" linkType="ref" target="ww_d993ea504366010b"/>
    </p0826-teimww:contains>
    <p0826-teimww:hasPage knoraType="richtext_value">Act 1, scene 3, line 136.</p0826-teimww:hasPage>
    <p0826-teimww:hasText knoraType="richtext_value">[Polonius:] [...] &lt;span class="quote"&gt;Do not believe his vows&lt;/span&gt;, for they are&lt;span class="quote"&gt; brokers&lt;/span&gt; [...].</p0826-teimww:hasText>
    <p0826-teimww:isMentionedIn>
      <p0826-teimww:passage knoraType="link_value" linkType="ref" target="ww_eaf2afa779aa3d90"/>
    </p0826-teimww:isMentionedIn>
    <p0826-teimww:occursIn>
      <p0826-teimww:book knoraType="link_value" linkType="ref" target="ww_5cb4c35da9f3b9dd"/>
    </p0826-teimww:occursIn>
    <p0826-teimww:wasContributedBy>
      <p0826-teimww:person knoraType="link_value" linkType="ref" target="ww_b604df587d93b768"/>
    </p0826-teimww:wasContributedBy>
  </p0826-teimww:passage>
  <p0826-teimww:passage id="ww_dd2fb337bce00969">
    <knoraXmlImport:label>passage</knoraXmlImport:label>
    <p0826-teimww:contains>
      <p0826-teimww:lexia knoraType="link_value" linkType="ref" target="ww_e600b3175d2bea1a"/>
    </p0826-teimww:contains>
    <p0826-teimww:hasPage knoraType="richtext_value">Act 3, scene 1, line 67.</p0826-teimww:hasPage>
    <p0826-teimww:hasText knoraType="richtext_value">[Hamlet:] [...] Or to take arms against &lt;span class="quote"&gt;a sea of troubles &lt;/span&gt;[...]. </p0826-teimww:hasText>
    <p0826-teimww:isMentionedIn>
      <p0826-teimww:passage knoraType="link_value" linkType="ref" target="ww_307d7cd18226c444"/>
    </p0826-teimww:isMentionedIn>
    <p0826-teimww:isMentionedIn>
      <p0826-teimww:passage knoraType="link_value" linkType="ref" target="ww_9b938664674de805"/>
    </p0826-teimww:isMentionedIn>
    <p0826-teimww:isMentionedIn>
      <p0826-teimww:passage knoraType="link_value" linkType="ref" target="ww_c23daa12fed41911"/>
    </p0826-teimww:isMentionedIn>
    <p0826-teimww:isMentionedIn>
      <p0826-teimww:passage knoraType="link_value" linkType="ref" target="ww_c013f9d8d92f9a79"/>
    </p0826-teimww:isMentionedIn>
    <p0826-teimww:isMentionedIn>
      <p0826-teimww:passage knoraType="link_value" linkType="ref" target="ww_49d436ee7aa4a1be"/>
    </p0826-teimww:isMentionedIn>
    <p0826-teimww:isMentionedIn>
      <p0826-teimww:passage knoraType="link_value" linkType="ref" target="ww_5e6274eb3a1f12f4"/>
    </p0826-teimww:isMentionedIn>
    <p0826-teimww:occursIn>
      <p0826-teimww:book knoraType="link_value" linkType="ref" target="ww_5cb4c35da9f3b9dd"/>
    </p0826-teimww:occursIn>
    <p0826-teimww:wasContributedBy>
      <p0826-teimww:person knoraType="link_value" linkType="ref" target="ww_7f35f6802efd910d"/>
    </p0826-teimww:wasContributedBy>
  </p0826-teimww:passage>
  <p0826-teimww:passage id="ww_c013f9d8d92f9a79">
    <knoraXmlImport:label>passage</knoraXmlImport:label>
    <p0826-teimww:occursIn>
      <p0826-teimww:book knoraType="link_value" linkType="ref" target="ww_0dd5e309103973fb"/>
    </p0826-teimww:occursIn>
  </p0826-teimww:passage>
  <p0826-teimww:passage id="ww_9b938664674de805">
    <knoraXmlImport:label>passage</knoraXmlImport:label>
    <p0826-teimww:occursIn>
      <p0826-teimww:book knoraType="link_value" linkType="ref" target="ww_5c89e8fa112ee4e8"/>
    </p0826-teimww:occursIn>
  </p0826-teimww:passage>
  <p0826-teimww:passage id="ww_c23daa12fed41911">
    <knoraXmlImport:label>passage</knoraXmlImport:label>
    <p0826-teimww:occursIn>
      <p0826-teimww:book knoraType="link_value" linkType="ref" target="ww_b3931845d54b98d5"/>
    </p0826-teimww:occursIn>
  </p0826-teimww:passage>
  <p0826-teimww:passage id="ww_49d436ee7aa4a1be">
    <knoraXmlImport:label>passage</knoraXmlImport:label>
    <p0826-teimww:occursIn>
      <p0826-teimww:book knoraType="link_value" linkType="ref" target="ww_3f86f30540de15b8"/>
    </p0826-teimww:occursIn>
  </p0826-teimww:passage>
  <p0826-teimww:passage id="ww_307d7cd18226c444">
    <knoraXmlImport:label>passage</knoraXmlImport:label>
    <p0826-teimww:occursIn>
      <p0826-teimww:book knoraType="link_value" linkType="ref" target="ww_1140c36ab545b6d8"/>
    </p0826-teimww:occursIn>
  </p0826-teimww:passage>
  <p0826-teimww:passage id="ww_5e6274eb3a1f12f4">
    <knoraXmlImport:label>passage</knoraXmlImport:label>
    <p0826-teimww:occursIn>
      <p0826-teimww:book knoraType="link_value" linkType="ref" target="ww_4899784ecc7f3845"/>
    </p0826-teimww:occursIn>
  </p0826-teimww:passage>
  <p0826-teimww:passage id="ww_05911fd4ca0a39cb">
    <knoraXmlImport:label>passage</knoraXmlImport:label>
    <p0826-teimww:contains>
      <p0826-teimww:lexia knoraType="link_value" linkType="ref" target="ww_b85d3e24aadc24a6"/>
    </p0826-teimww:contains>
    <p0826-teimww:hasPage knoraType="richtext_value">Act 1, scene 4, line 11.</p0826-teimww:hasPage>
    <p0826-teimww:hasText knoraType="richtext_value">[Hamlet:] [...] &lt;span class="quote"&gt;And, as he drains his draughts of Rhenish down &lt;/span&gt;[...].</p0826-teimww:hasText>
    <p0826-teimww:isMentionedIn>
      <p0826-teimww:passage knoraType="link_value" linkType="ref" target="ww_e0ea05f2c63a20dc"/>
    </p0826-teimww:isMentionedIn>
    <p0826-teimww:isMentionedIn>
      <p0826-teimww:passage knoraType="link_value" linkType="ref" target="ww_db66233576ca489c"/>
    </p0826-teimww:isMentionedIn>
    <p0826-teimww:isMentionedIn>
      <p0826-teimww:passage knoraType="link_value" linkType="ref" target="ww_0dfbbeeeb7f7f864"/>
    </p0826-teimww:isMentionedIn>
    <p0826-teimww:occursIn>
      <p0826-teimww:book knoraType="link_value" linkType="ref" target="ww_5cb4c35da9f3b9dd"/>
    </p0826-teimww:occursIn>
    <p0826-teimww:wasContributedBy>
      <p0826-teimww:person knoraType="link_value" linkType="ref" target="ww_b604df587d93b768"/>
    </p0826-teimww:wasContributedBy>
  </p0826-teimww:passage>
  <p0826-teimww:passage id="ww_e0ea05f2c63a20dc">
    <knoraXmlImport:label>passage</knoraXmlImport:label>
    <p0826-teimww:occursIn>
      <p0826-teimww:book knoraType="link_value" linkType="ref" target="ww_15dba62495527dd5"/>
    </p0826-teimww:occursIn>
  </p0826-teimww:passage>
  <p0826-teimww:passage id="ww_0dfbbeeeb7f7f864">
    <knoraXmlImport:label>passage</knoraXmlImport:label>
    <p0826-teimww:occursIn>
      <p0826-teimww:book knoraType="link_value" linkType="ref" target="ww_ca15500e7036f16e"/>
    </p0826-teimww:occursIn>
  </p0826-teimww:passage>
  <p0826-teimww:passage id="ww_db66233576ca489c">
    <knoraXmlImport:label>passage</knoraXmlImport:label>
    <p0826-teimww:occursIn>
      <p0826-teimww:book knoraType="link_value" linkType="ref" target="ww_7589cfaa41b21699"/>
    </p0826-teimww:occursIn>
  </p0826-teimww:passage>
  <p0826-teimww:passage id="ww_1643e5da66f56275">
    <knoraXmlImport:label>passage</knoraXmlImport:label>
    <p0826-teimww:contains>
      <p0826-teimww:lexia knoraType="link_value" linkType="ref" target="ww_074e11827d537f2e"/>
    </p0826-teimww:contains>
    <p0826-teimww:hasPage knoraType="richtext_value">Act 3, scene 1, lines 68-69.</p0826-teimww:hasPage>
    <p0826-teimww:hasText knoraType="richtext_value">[Hamlet:] [...] And, by opposing, end them. &lt;span class="quote"&gt;To die, to sleep - &lt;br&gt;
No more - and by a sleep to say we end &lt;/span&gt;[...].</p0826-teimww:hasText>
    <p0826-teimww:isMentionedIn>
      <p0826-teimww:passage knoraType="link_value" linkType="ref" target="ww_81d0290fd665aee7"/>
    </p0826-teimww:isMentionedIn>
    <p0826-teimww:isMentionedIn>
      <p0826-teimww:passage knoraType="link_value" linkType="ref" target="ww_33273fdea7268a48"/>
    </p0826-teimww:isMentionedIn>
    <p0826-teimww:isMentionedIn>
      <p0826-teimww:passage knoraType="link_value" linkType="ref" target="ww_de0fcd28d1a7f4eb"/>
    </p0826-teimww:isMentionedIn>
    <p0826-teimww:isMentionedIn>
      <p0826-teimww:passage knoraType="link_value" linkType="ref" target="ww_982a8d075b200111"/>
    </p0826-teimww:isMentionedIn>
    <p0826-teimww:isMentionedIn>
      <p0826-teimww:passage knoraType="link_value" linkType="ref" target="ww_65ed5fbd16d3dc08"/>
    </p0826-teimww:isMentionedIn>
    <p0826-teimww:occursIn>
      <p0826-teimww:book knoraType="link_value" linkType="ref" target="ww_5cb4c35da9f3b9dd"/>
    </p0826-teimww:occursIn>
    <p0826-teimww:wasContributedBy>
      <p0826-teimww:person knoraType="link_value" linkType="ref" target="ww_7f35f6802efd910d"/>
    </p0826-teimww:wasContributedBy>
  </p0826-teimww:passage>
  <p0826-teimww:passage id="ww_65ed5fbd16d3dc08">
    <knoraXmlImport:label>passage</knoraXmlImport:label>
    <p0826-teimww:occursIn>
      <p0826-teimww:book knoraType="link_value" linkType="ref" target="ww_91e0dc4c671938fa"/>
    </p0826-teimww:occursIn>
  </p0826-teimww:passage>
  <p0826-teimww:passage id="ww_de0fcd28d1a7f4eb">
    <knoraXmlImport:label>passage</knoraXmlImport:label>
    <p0826-teimww:occursIn>
      <p0826-teimww:book knoraType="link_value" linkType="ref" target="ww_1140c36ab545b6d8"/>
    </p0826-teimww:occursIn>
  </p0826-teimww:passage>
  <p0826-teimww:passage id="ww_982a8d075b200111">
    <knoraXmlImport:label>passage</knoraXmlImport:label>
    <p0826-teimww:occursIn>
      <p0826-teimww:book knoraType="link_value" linkType="ref" target="ww_3f86f30540de15b8"/>
    </p0826-teimww:occursIn>
  </p0826-teimww:passage>
  <p0826-teimww:passage id="ww_33273fdea7268a48">
    <knoraXmlImport:label>passage</knoraXmlImport:label>
    <p0826-teimww:occursIn>
      <p0826-teimww:book knoraType="link_value" linkType="ref" target="ww_4899784ecc7f3845"/>
    </p0826-teimww:occursIn>
  </p0826-teimww:passage>
  <p0826-teimww:passage id="ww_81d0290fd665aee7">
    <knoraXmlImport:label>passage</knoraXmlImport:label>
    <p0826-teimww:occursIn>
      <p0826-teimww:book knoraType="link_value" linkType="ref" target="ww_b3931845d54b98d5"/>
    </p0826-teimww:occursIn>
  </p0826-teimww:passage>
  <p0826-teimww:passage id="ww_6f2c9022ef6071af">
    <knoraXmlImport:label>passage</knoraXmlImport:label>
    <p0826-teimww:contains>
      <p0826-teimww:lexia knoraType="link_value" linkType="ref" target="ww_9d59f97572bedbec"/>
    </p0826-teimww:contains>
    <p0826-teimww:hasPage knoraType="richtext_value">Act 1, scene 4, lines 12-15.</p0826-teimww:hasPage>
    <p0826-teimww:hasText knoraType="richtext_value">[Hamlet:] [...] &lt;span class="quote"&gt;The kettledrum and trumpet thus bray out &lt;br&gt;
The triumph of his pledge. &lt;/span&gt;&lt;br&gt;
[Horatio:] Is it a custom? &lt;br&gt;
[Hamlet:] Ay, marry, is 't &lt;/span&gt;[...].</p0826-teimww:hasText>
    <p0826-teimww:isMentionedIn>
      <p0826-teimww:passage knoraType="link_value" linkType="ref" target="ww_3ed79eea2d573b89"/>
    </p0826-teimww:isMentionedIn>
    <p0826-teimww:occursIn>
      <p0826-teimww:book knoraType="link_value" linkType="ref" target="ww_5cb4c35da9f3b9dd"/>
    </p0826-teimww:occursIn>
    <p0826-teimww:wasContributedBy>
      <p0826-teimww:person knoraType="link_value" linkType="ref" target="ww_b604df587d93b768"/>
    </p0826-teimww:wasContributedBy>
  </p0826-teimww:passage>
  <p0826-teimww:passage id="ww_3ed79eea2d573b89">
    <knoraXmlImport:label>passage</knoraXmlImport:label>
    <p0826-teimww:occursIn>
      <p0826-teimww:book knoraType="link_value" linkType="ref" target="ww_5868d5560bdfc062"/>
    </p0826-teimww:occursIn>
  </p0826-teimww:passage>
  <p0826-teimww:passage id="ww_3b93d7786112ca60">
    <knoraXmlImport:label>passage</knoraXmlImport:label>
    <p0826-teimww:contains>
      <p0826-teimww:lexia knoraType="link_value" linkType="ref" target="ww_c5410aa7e6012056"/>
    </p0826-teimww:contains>
    <p0826-teimww:hasPage knoraType="richtext_value">Act 1, scene 4, line 19.</p0826-teimww:hasPage>
    <p0826-teimww:hasText knoraType="richtext_value">[Hamlet:] [...]&lt;span class="quote"&gt; This heavy-headed revel east and west &lt;/span&gt;[...].</p0826-teimww:hasText>
    <p0826-teimww:isMentionedIn>
      <p0826-teimww:passage knoraType="link_value" linkType="ref" target="ww_e729ecbce5ddb431"/>
    </p0826-teimww:isMentionedIn>
    <p0826-teimww:isMentionedIn>
      <p0826-teimww:passage knoraType="link_value" linkType="ref" target="ww_81d7b881c5749950"/>
    </p0826-teimww:isMentionedIn>
    <p0826-teimww:isMentionedIn>
      <p0826-teimww:passage knoraType="link_value" linkType="ref" target="ww_7285b15f6d3be724"/>
    </p0826-teimww:isMentionedIn>
    <p0826-teimww:occursIn>
      <p0826-teimww:book knoraType="link_value" linkType="ref" target="ww_5cb4c35da9f3b9dd"/>
    </p0826-teimww:occursIn>
    <p0826-teimww:wasContributedBy>
      <p0826-teimww:person knoraType="link_value" linkType="ref" target="ww_b604df587d93b768"/>
    </p0826-teimww:wasContributedBy>
  </p0826-teimww:passage>
  <p0826-teimww:passage id="ww_7285b15f6d3be724">
    <knoraXmlImport:label>passage</knoraXmlImport:label>
    <p0826-teimww:occursIn>
      <p0826-teimww:book knoraType="link_value" linkType="ref" target="ww_15dba62495527dd5"/>
    </p0826-teimww:occursIn>
  </p0826-teimww:passage>
  <p0826-teimww:passage id="ww_81d7b881c5749950">
    <knoraXmlImport:label>passage</knoraXmlImport:label>
    <p0826-teimww:occursIn>
      <p0826-teimww:book knoraType="link_value" linkType="ref" target="ww_ca15500e7036f16e"/>
    </p0826-teimww:occursIn>
  </p0826-teimww:passage>
  <p0826-teimww:passage id="ww_e729ecbce5ddb431">
    <knoraXmlImport:label>passage</knoraXmlImport:label>
    <p0826-teimww:occursIn>
      <p0826-teimww:book knoraType="link_value" linkType="ref" target="ww_0b28ed19a0540e1d"/>
    </p0826-teimww:occursIn>
  </p0826-teimww:passage>
  <p0826-teimww:passage id="ww_627852045a7150b9">
    <knoraXmlImport:label>passage</knoraXmlImport:label>
    <p0826-teimww:contains>
      <p0826-teimww:lexia knoraType="link_value" linkType="ref" target="ww_c51bdd6ce8725add"/>
    </p0826-teimww:contains>
    <p0826-teimww:contains>
      <p0826-teimww:lexia knoraType="link_value" linkType="ref" target="ww_ec268703a85b18a4"/>
    </p0826-teimww:contains>
    <p0826-teimww:hasPage knoraType="richtext_value">Act 5, scene 1, lines 134-135.</p0826-teimww:hasPage>
    <p0826-teimww:hasText knoraType="richtext_value">[Hamlet:] &lt;span class="quote"&gt;How absolute the knave is! We must speak by the card, or equivocation will undo us.&lt;/span&gt;</p0826-teimww:hasText>
    <p0826-teimww:isMentionedIn>
      <p0826-teimww:passage knoraType="link_value" linkType="ref" target="ww_4e07340d9580da8c"/>
    </p0826-teimww:isMentionedIn>
    <p0826-teimww:isMentionedIn>
      <p0826-teimww:passage knoraType="link_value" linkType="ref" target="ww_ca3066015e2d726f"/>
    </p0826-teimww:isMentionedIn>
    <p0826-teimww:occursIn>
      <p0826-teimww:book knoraType="link_value" linkType="ref" target="ww_5cb4c35da9f3b9dd"/>
    </p0826-teimww:occursIn>
    <p0826-teimww:wasContributedBy>
      <p0826-teimww:person knoraType="link_value" linkType="ref" target="ww_b604df587d93b768"/>
    </p0826-teimww:wasContributedBy>
  </p0826-teimww:passage>
  <p0826-teimww:passage id="ww_4e07340d9580da8c">
    <knoraXmlImport:label>passage</knoraXmlImport:label>
    <p0826-teimww:occursIn>
      <p0826-teimww:book knoraType="link_value" linkType="ref" target="ww_1140c36ab545b6d8"/>
    </p0826-teimww:occursIn>
  </p0826-teimww:passage>
  <p0826-teimww:passage id="ww_3077420ce61bde13">
    <knoraXmlImport:label>passage</knoraXmlImport:label>
    <p0826-teimww:contains>
      <p0826-teimww:lexia knoraType="link_value" linkType="ref" target="ww_074e11827d537f2e"/>
    </p0826-teimww:contains>
    <p0826-teimww:hasPage knoraType="richtext_value">Act 3, scene 1, lines 74-76.</p0826-teimww:hasPage>
    <p0826-teimww:hasText knoraType="richtext_value">[Hamlet:] [...]&lt;span class="quote"&gt; For in that sleep of death &lt;/span&gt;what dreams may come &lt;br&gt;
When we have shuffled off this mortal coil,&lt;br&gt;
Must give us pause [...].</p0826-teimww:hasText>
    <p0826-teimww:isMentionedIn>
      <p0826-teimww:passage knoraType="link_value" linkType="ref" target="ww_a58b2446631968f9"/>
    </p0826-teimww:isMentionedIn>
    <p0826-teimww:occursIn>
      <p0826-teimww:book knoraType="link_value" linkType="ref" target="ww_5cb4c35da9f3b9dd"/>
    </p0826-teimww:occursIn>
    <p0826-teimww:wasContributedBy>
      <p0826-teimww:person knoraType="link_value" linkType="ref" target="ww_7f35f6802efd910d"/>
    </p0826-teimww:wasContributedBy>
  </p0826-teimww:passage>
  <p0826-teimww:passage id="ww_a58b2446631968f9">
    <knoraXmlImport:label>passage</knoraXmlImport:label>
    <p0826-teimww:occursIn>
      <p0826-teimww:book knoraType="link_value" linkType="ref" target="ww_3f86f30540de15b8"/>
    </p0826-teimww:occursIn>
  </p0826-teimww:passage>
  <p0826-teimww:passage id="ww_caee59f1e8d73be2">
    <knoraXmlImport:label>passage</knoraXmlImport:label>
    <p0826-teimww:contains>
      <p0826-teimww:lexia knoraType="link_value" linkType="ref" target="ww_4f339b92369ba206"/>
    </p0826-teimww:contains>
    <p0826-teimww:contains>
      <p0826-teimww:lexia knoraType="link_value" linkType="ref" target="ww_9d3ae63e47e4434d"/>
    </p0826-teimww:contains>
    <p0826-teimww:hasText knoraType="richtext_value">&lt;span class="quote"&gt;Polonius&lt;/span&gt;</p0826-teimww:hasText>
    <p0826-teimww:isMentionedIn>
      <p0826-teimww:passage knoraType="link_value" linkType="ref" target="ww_60818f7314f6b0f0"/>
    </p0826-teimww:isMentionedIn>
    <p0826-teimww:isMentionedIn>
      <p0826-teimww:passage knoraType="link_value" linkType="ref" target="ww_b2cb6fc217395228"/>
    </p0826-teimww:isMentionedIn>
    <p0826-teimww:isMentionedIn>
      <p0826-teimww:passage knoraType="link_value" linkType="ref" target="ww_0a844ee517e830d7"/>
    </p0826-teimww:isMentionedIn>
    <p0826-teimww:occursIn>
      <p0826-teimww:book knoraType="link_value" linkType="ref" target="ww_5cb4c35da9f3b9dd"/>
    </p0826-teimww:occursIn>
    <p0826-teimww:wasContributedBy>
      <p0826-teimww:person knoraType="link_value" linkType="ref" target="ww_c4063e9c72a3ffd2"/>
    </p0826-teimww:wasContributedBy>
  </p0826-teimww:passage>
  <p0826-teimww:passage id="ww_b2cb6fc217395228">
    <knoraXmlImport:label>passage</knoraXmlImport:label>
    <p0826-teimww:occursIn>
      <p0826-teimww:book knoraType="link_value" linkType="ref" target="ww_eba183d996a233a5"/>
    </p0826-teimww:occursIn>
  </p0826-teimww:passage>
  <p0826-teimww:passage id="ww_0a844ee517e830d7">
    <knoraXmlImport:label>passage</knoraXmlImport:label>
    <p0826-teimww:occursIn>
      <p0826-teimww:book knoraType="link_value" linkType="ref" target="ww_e45c23b640bedb8f"/>
    </p0826-teimww:occursIn>
  </p0826-teimww:passage>
  <p0826-teimww:passage id="ww_60818f7314f6b0f0">
    <knoraXmlImport:label>passage</knoraXmlImport:label>
    <p0826-teimww:occursIn>
      <p0826-teimww:book knoraType="link_value" linkType="ref" target="ww_15dba62495527dd5"/>
    </p0826-teimww:occursIn>
  </p0826-teimww:passage>
  <p0826-teimww:passage id="ww_f3a1116a80ce49cb">
    <knoraXmlImport:label>passage</knoraXmlImport:label>
    <p0826-teimww:contains>
      <p0826-teimww:lexia knoraType="link_value" linkType="ref" target="ww_0e8e9c9a1e5888f8"/>
    </p0826-teimww:contains>
    <p0826-teimww:hasPage knoraType="richtext_value">Act 1, scene 4, lines 21-22.</p0826-teimww:hasPage>
    <p0826-teimww:hasText knoraType="richtext_value">[Hamlet:] [...]&lt;span class="quote"&gt; They clepe us drunkards and with swinish phrase &lt;br&gt;
Soil our addition.&lt;/span&gt;</p0826-teimww:hasText>
    <p0826-teimww:isMentionedIn>
      <p0826-teimww:passage knoraType="link_value" linkType="ref" target="ww_07ce98c6085acfc5"/>
    </p0826-teimww:isMentionedIn>
    <p0826-teimww:isMentionedIn>
      <p0826-teimww:passage knoraType="link_value" linkType="ref" target="ww_c230cfc415b878f1"/>
    </p0826-teimww:isMentionedIn>
    <p0826-teimww:isMentionedIn>
      <p0826-teimww:passage knoraType="link_value" linkType="ref" target="ww_76fd2a371fa9af03"/>
    </p0826-teimww:isMentionedIn>
    <p0826-teimww:occursIn>
      <p0826-teimww:book knoraType="link_value" linkType="ref" target="ww_5cb4c35da9f3b9dd"/>
    </p0826-teimww:occursIn>
    <p0826-teimww:wasContributedBy>
      <p0826-teimww:person knoraType="link_value" linkType="ref" target="ww_b604df587d93b768"/>
    </p0826-teimww:wasContributedBy>
  </p0826-teimww:passage>
  <p0826-teimww:passage id="ww_c230cfc415b878f1">
    <knoraXmlImport:label>passage</knoraXmlImport:label>
    <p0826-teimww:occursIn>
      <p0826-teimww:book knoraType="link_value" linkType="ref" target="ww_15dba62495527dd5"/>
    </p0826-teimww:occursIn>
  </p0826-teimww:passage>
  <p0826-teimww:passage id="ww_76fd2a371fa9af03">
    <knoraXmlImport:label>passage</knoraXmlImport:label>
    <p0826-teimww:occursIn>
      <p0826-teimww:book knoraType="link_value" linkType="ref" target="ww_ca15500e7036f16e"/>
    </p0826-teimww:occursIn>
  </p0826-teimww:passage>
  <p0826-teimww:passage id="ww_07ce98c6085acfc5">
    <knoraXmlImport:label>passage</knoraXmlImport:label>
    <p0826-teimww:occursIn>
      <p0826-teimww:book knoraType="link_value" linkType="ref" target="ww_0b28ed19a0540e1d"/>
    </p0826-teimww:occursIn>
  </p0826-teimww:passage>
  <p0826-teimww:passage id="ww_923ec37b49b67e82">
    <knoraXmlImport:label>passage</knoraXmlImport:label>
    <p0826-teimww:contains>
      <p0826-teimww:lexia knoraType="link_value" linkType="ref" target="ww_ba4a4883b430099d"/>
    </p0826-teimww:contains>
    <p0826-teimww:hasPage knoraType="richtext_value">Act 1, scene 4, line 25.</p0826-teimww:hasPage>
    <p0826-teimww:hasText knoraType="richtext_value">[Hamlet:] [...] &lt;span class="quote"&gt;The pith and marrow of our attribute.&lt;/span&gt;</p0826-teimww:hasText>
    <p0826-teimww:isMentionedIn>
      <p0826-teimww:passage knoraType="link_value" linkType="ref" target="ww_2d22605041a07e69"/>
    </p0826-teimww:isMentionedIn>
    <p0826-teimww:occursIn>
      <p0826-teimww:book knoraType="link_value" linkType="ref" target="ww_5cb4c35da9f3b9dd"/>
    </p0826-teimww:occursIn>
    <p0826-teimww:wasContributedBy>
      <p0826-teimww:person knoraType="link_value" linkType="ref" target="ww_b604df587d93b768"/>
    </p0826-teimww:wasContributedBy>
  </p0826-teimww:passage>
  <p0826-teimww:passage id="ww_2d22605041a07e69">
    <knoraXmlImport:label>passage</knoraXmlImport:label>
    <p0826-teimww:occursIn>
      <p0826-teimww:book knoraType="link_value" linkType="ref" target="ww_55bc1a3b04bf8a8d"/>
    </p0826-teimww:occursIn>
  </p0826-teimww:passage>
  <p0826-teimww:passage id="ww_3ab0ca9ed6cc060a">
    <knoraXmlImport:label>passage</knoraXmlImport:label>
    <p0826-teimww:contains>
      <p0826-teimww:lexia knoraType="link_value" linkType="ref" target="ww_de9b44a1c2738c61"/>
    </p0826-teimww:contains>
    <p0826-teimww:hasPage knoraType="richtext_value">Act 1, scene 5, line 138 and act 3, scene 1, line 139.</p0826-teimww:hasPage>
    <p0826-teimww:hasText knoraType="richtext_value">[Hamlet:] [...] &lt;span class="quote"&gt;But he's an arrant knave.&lt;br&gt;&lt;br&gt;&lt;/span&gt;

[Hamlet:] [...] &lt;span class="quote"&gt;We are arrant knaves &lt;/span&gt;[...].</p0826-teimww:hasText>
    <p0826-teimww:isMentionedIn>
      <p0826-teimww:passage knoraType="link_value" linkType="ref" target="ww_87b5e3ce252ec3d1"/>
    </p0826-teimww:isMentionedIn>
    <p0826-teimww:occursIn>
      <p0826-teimww:book knoraType="link_value" linkType="ref" target="ww_5cb4c35da9f3b9dd"/>
    </p0826-teimww:occursIn>
    <p0826-teimww:wasContributedBy>
      <p0826-teimww:person knoraType="link_value" linkType="ref" target="ww_7f35f6802efd910d"/>
    </p0826-teimww:wasContributedBy>
  </p0826-teimww:passage>
  <p0826-teimww:passage id="ww_87b5e3ce252ec3d1">
    <knoraXmlImport:label>passage</knoraXmlImport:label>
    <p0826-teimww:occursIn>
      <p0826-teimww:book knoraType="link_value" linkType="ref" target="ww_91e0dc4c671938fa"/>
    </p0826-teimww:occursIn>
  </p0826-teimww:passage>
  <p0826-teimww:passage id="ww_6afbabd1759308f8">
    <knoraXmlImport:label>passage</knoraXmlImport:label>
    <p0826-teimww:contains>
      <p0826-teimww:lexia knoraType="link_value" linkType="ref" target="ww_9aa026223967098d"/>
    </p0826-teimww:contains>
    <p0826-teimww:contains>
      <p0826-teimww:lexia knoraType="link_value" linkType="ref" target="ww_e667a0143e648836"/>
    </p0826-teimww:contains>
    <p0826-teimww:hasPage knoraType="richtext_value">Act 1, scene 4, lines 26-38.</p0826-teimww:hasPage>
    <p0826-teimww:hasText knoraType="richtext_value">[Hamlet:] [...] &lt;span class="quote"&gt;So oft it chances in particular men &lt;br&gt;
That for some vicious mole of nature in them, &lt;br&gt;
As in their birth (wherein they are not guilty, &lt;br&gt;
Since nature cannot choose his origin) &lt;br&gt;
[...] Carrying, I say, the stamp of one defect, &lt;br&gt;
Being nature's livery or fortune's star, &lt;br&gt;
His virtues else, be they as pure as grace, &lt;br&gt;
As infinite as man may undergo, &lt;br&gt; 
Shall in the general censure take corruption &lt;/span&gt;[...].</p0826-teimww:hasText>
    <p0826-teimww:isMentionedIn>
      <p0826-teimww:passage knoraType="link_value" linkType="ref" target="ww_8434723d4accd08a"/>
    </p0826-teimww:isMentionedIn>
    <p0826-teimww:isMentionedIn>
      <p0826-teimww:passage knoraType="link_value" linkType="ref" target="ww_3fe487b44ba63df1"/>
    </p0826-teimww:isMentionedIn>
    <p0826-teimww:isMentionedIn>
      <p0826-teimww:passage knoraType="link_value" linkType="ref" target="ww_a6d51f7e63c5c639"/>
    </p0826-teimww:isMentionedIn>
    <p0826-teimww:isMentionedIn>
      <p0826-teimww:passage knoraType="link_value" linkType="ref" target="ww_5ee6ef777b425aa6"/>
    </p0826-teimww:isMentionedIn>
    <p0826-teimww:occursIn>
      <p0826-teimww:book knoraType="link_value" linkType="ref" target="ww_5cb4c35da9f3b9dd"/>
    </p0826-teimww:occursIn>
    <p0826-teimww:wasContributedBy>
      <p0826-teimww:person knoraType="link_value" linkType="ref" target="ww_b604df587d93b768"/>
    </p0826-teimww:wasContributedBy>
  </p0826-teimww:passage>
  <p0826-teimww:passage id="ww_3fe487b44ba63df1">
    <knoraXmlImport:label>passage</knoraXmlImport:label>
    <p0826-teimww:occursIn>
      <p0826-teimww:book knoraType="link_value" linkType="ref" target="ww_ca15500e7036f16e"/>
    </p0826-teimww:occursIn>
  </p0826-teimww:passage>
  <p0826-teimww:passage id="ww_5ee6ef777b425aa6">
    <knoraXmlImport:label>passage</knoraXmlImport:label>
    <p0826-teimww:occursIn>
      <p0826-teimww:book knoraType="link_value" linkType="ref" target="ww_0b28ed19a0540e1d"/>
    </p0826-teimww:occursIn>
  </p0826-teimww:passage>
  <p0826-teimww:passage id="ww_8434723d4accd08a">
    <knoraXmlImport:label>passage</knoraXmlImport:label>
    <p0826-teimww:occursIn>
      <p0826-teimww:book knoraType="link_value" linkType="ref" target="ww_b3931845d54b98d5"/>
    </p0826-teimww:occursIn>
  </p0826-teimww:passage>
  <p0826-teimww:passage id="ww_a6d51f7e63c5c639">
    <knoraXmlImport:label>passage</knoraXmlImport:label>
    <p0826-teimww:occursIn>
      <p0826-teimww:book knoraType="link_value" linkType="ref" target="ww_cd1e70f8e2cd8c82"/>
    </p0826-teimww:occursIn>
  </p0826-teimww:passage>
  <p0826-teimww:passage id="ww_27903080bfade80f">
    <knoraXmlImport:label>passage</knoraXmlImport:label>
    <p0826-teimww:contains>
      <p0826-teimww:lexia knoraType="link_value" linkType="ref" target="ww_ba45b900e14e5842"/>
    </p0826-teimww:contains>
    <p0826-teimww:hasPage knoraType="richtext_value">Act 1, scene 3, lines 126-127.</p0826-teimww:hasPage>
    <p0826-teimww:hasText knoraType="richtext_value">[Toby:] [...] My very walk should be a jig. I would not so much as make water but in &lt;span class="quote"&gt;a sink-a-pace. &lt;/span&gt;</p0826-teimww:hasText>
    <p0826-teimww:isMentionedIn>
      <p0826-teimww:passage knoraType="link_value" linkType="ref" target="ww_591d42051bcdeab9"/>
    </p0826-teimww:isMentionedIn>
    <p0826-teimww:occursIn>
      <p0826-teimww:book knoraType="link_value" linkType="ref" target="ww_50b5fed06f012747"/>
    </p0826-teimww:occursIn>
    <p0826-teimww:wasContributedBy>
      <p0826-teimww:person knoraType="link_value" linkType="ref" target="ww_c4063e9c72a3ffd2"/>
    </p0826-teimww:wasContributedBy>
  </p0826-teimww:passage>
  <p0826-teimww:passage id="ww_591d42051bcdeab9">
    <knoraXmlImport:label>passage</knoraXmlImport:label>
    <p0826-teimww:occursIn>
      <p0826-teimww:book knoraType="link_value" linkType="ref" target="ww_5af91280461707f1"/>
    </p0826-teimww:occursIn>
  </p0826-teimww:passage>
  <p0826-teimww:passage id="ww_8109842eeb3d83fa">
    <knoraXmlImport:label>passage</knoraXmlImport:label>
    <p0826-teimww:contains>
      <p0826-teimww:lexia knoraType="link_value" linkType="ref" target="ww_5e3dd11d52027da0"/>
    </p0826-teimww:contains>
    <p0826-teimww:hasPage knoraType="richtext_value">277 [normalized spelling].</p0826-teimww:hasPage>
    <p0826-teimww:hasPageHist knoraType="richtext_value">277.</p0826-teimww:hasPageHist>
    <p0826-teimww:hasText knoraType="richtext_value">Here now, put case &lt;span class="quote"&gt;our Author should, once more,&lt;br&gt;
Swear that his play were good: &lt;/span&gt;he doth implore&lt;br&gt;
You would not argue him of arrogance [...].</p0826-teimww:hasText>
    <p0826-teimww:hasTextHist knoraType="richtext_value">Here now, put case our Authour should, once more,
Sweare that his play were good; he doth implore,
You would not argue him of arrogance [...].</p0826-teimww:hasTextHist>
    <p0826-teimww:isMentionedIn>
      <p0826-teimww:passage knoraType="link_value" linkType="ref" target="ww_b4365bb445b1c8e5"/>
    </p0826-teimww:isMentionedIn>
    <p0826-teimww:occursIn>
      <p0826-teimww:book knoraType="link_value" linkType="ref" target="ww_e94b33ac99cc5615"/>
    </p0826-teimww:occursIn>
    <p0826-teimww:wasContributedBy>
      <p0826-teimww:person knoraType="link_value" linkType="ref" target="ww_c4063e9c72a3ffd2"/>
    </p0826-teimww:wasContributedBy>
  </p0826-teimww:passage>
  <p0826-teimww:passage id="ww_b4365bb445b1c8e5">
    <knoraXmlImport:label>passage</knoraXmlImport:label>
    <p0826-teimww:occursIn>
      <p0826-teimww:book knoraType="link_value" linkType="ref" target="ww_fc0ed4bc4ee837dd"/>
    </p0826-teimww:occursIn>
  </p0826-teimww:passage>
  <p0826-teimww:passage id="ww_43972de38aece576">
    <knoraXmlImport:label>passage</knoraXmlImport:label>
    <p0826-teimww:contains>
      <p0826-teimww:lexia knoraType="link_value" linkType="ref" target="ww_0cd357c93e82a299"/>
    </p0826-teimww:contains>
    <p0826-teimww:hasPage knoraType="richtext_value">N.p.; lines 1418-19 [normalized spelling].</p0826-teimww:hasPage>
    <p0826-teimww:hasPageHist knoraType="richtext_value">N.p.; lines 1418-19.</p0826-teimww:hasPageHist>
    <p0826-teimww:hasText knoraType="richtext_value">[Gvy:] &lt;span class="quote"&gt;Or like a blazing comet, that foretells &lt;br&gt;
The fall of princes.&lt;/süan&gt;</p0826-teimww:hasText>
    <p0826-teimww:hasTextHist knoraType="richtext_value">[Gvy:] &lt;span class="quote"&gt;Or like a blazing comet, that fore-tels 
The fall of Princes.&lt;/span&gt;</p0826-teimww:hasTextHist>
    <p0826-teimww:isMentionedIn>
      <p0826-teimww:passage knoraType="link_value" linkType="ref" target="ww_b93429fc3562768b"/>
    </p0826-teimww:isMentionedIn>
    <p0826-teimww:occursIn>
      <p0826-teimww:book knoraType="link_value" linkType="ref" target="ww_bb90da7c699e38e8"/>
    </p0826-teimww:occursIn>
    <p0826-teimww:wasContributedBy>
      <p0826-teimww:person knoraType="link_value" linkType="ref" target="ww_7f35f6802efd910d"/>
    </p0826-teimww:wasContributedBy>
  </p0826-teimww:passage>
  <p0826-teimww:passage id="ww_b93429fc3562768b">
    <knoraXmlImport:label>passage</knoraXmlImport:label>
    <p0826-teimww:occursIn>
      <p0826-teimww:book knoraType="link_value" linkType="ref" target="ww_3e15ab6c612eadae"/>
    </p0826-teimww:occursIn>
  </p0826-teimww:passage>
  <p0826-teimww:passage id="ww_be49c1bf4bf69520">
    <knoraXmlImport:label>passage</knoraXmlImport:label>
    <p0826-teimww:contains>
      <p0826-teimww:lexia knoraType="link_value" linkType="ref" target="ww_200ce8766af0d29c"/>
    </p0826-teimww:contains>
    <p0826-teimww:hasPage knoraType="richtext_value">N.p. [normalized spelling].</p0826-teimww:hasPage>
    <p0826-teimww:hasPageHist knoraType="richtext_value">N.p.</p0826-teimww:hasPageHist>
    <p0826-teimww:hasText knoraType="richtext_value">[Hieronimo:] [...] And yonder pale faced He-cat there, the Moon, &lt;br&gt;
Doth give consent to that is done in darkness, &lt;br&gt;
And &lt;span class="quote"&gt;all those Stars that gaze upon her face, &lt;br&gt;
Are agates on her sleeve pins on her train, &lt;br&gt;
And those that should be powerful and divine, &lt;br&gt;
Do sleep in darkness when they most should shine.&lt;/span&gt;</p0826-teimww:hasText>
    <p0826-teimww:hasTextHist knoraType="richtext_value">[Hieronimo:] [...] And yonder pale faced Hee-cat there, the Moone, &lt;br&gt;
Doth giue consent to that is done in darkensse, &lt;br&gt;
And all those Starres that gaze vpon her face, &lt;br&gt;
Are aggots on her sleeue pins on her traine, &lt;br&gt;
And those that should be powerfull and diuine, &lt;br&gt;
Doe sleepe in darkenes when they most should shine.</p0826-teimww:hasTextHist>
    <p0826-teimww:isMentionedIn>
      <p0826-teimww:passage knoraType="link_value" linkType="ref" target="ww_ecc82fb358dd2bd8"/>
    </p0826-teimww:isMentionedIn>
    <p0826-teimww:occursIn>
      <p0826-teimww:book knoraType="link_value" linkType="ref" target="ww_7a7f311401615b8e"/>
    </p0826-teimww:occursIn>
    <p0826-teimww:wasContributedBy>
      <p0826-teimww:person knoraType="link_value" linkType="ref" target="ww_b604df587d93b768"/>
    </p0826-teimww:wasContributedBy>
  </p0826-teimww:passage>
  <p0826-teimww:passage id="ww_b2a59c91f89aeab0">
    <knoraXmlImport:label>passage</knoraXmlImport:label>
    <p0826-teimww:contains>
      <p0826-teimww:lexia knoraType="link_value" linkType="ref" target="ww_2216afdda1930437"/>
    </p0826-teimww:contains>
    <p0826-teimww:hasPage knoraType="richtext_value">N.p.; lines 1378-1380 and 1668 [spelling normalized].</p0826-teimww:hasPage>
    <p0826-teimww:hasPageHist knoraType="richtext_value">N.p.; lines 1378-1380 and 1668.</p0826-teimww:hasPageHist>
    <p0826-teimww:hasText knoraType="richtext_value">[Fortunatus:] He can convey her forth her father's gate,&lt;br&gt;
Unto a secret friend of hers;&lt;br&gt;
The way to whom lies by &lt;span class="quote"&gt;his forest side,&lt;br&gt;
That none but he shall have her to his bride.&lt;/span&gt;
&lt;br&gt;&lt;br&gt;
[...]
&lt;span class="quote"&gt;I have a secret friend, that dwells from hence &lt;/span&gt;[...].</p0826-teimww:hasText>
    <p0826-teimww:hasTextHist knoraType="richtext_value">[Fortunatus:] He can conuey her forth her fathers gate,&lt;br&gt;
Vnto a secret friend of hers;&lt;br&gt;
The way to whom lyes by his forrest side,&lt;br&gt;
That none but he shall haue her to his bride.

[...]
J ahve a secret friend, that dwels from hence etc.</p0826-teimww:hasTextHist>
    <p0826-teimww:isMentionedIn>
      <p0826-teimww:passage knoraType="link_value" linkType="ref" target="ww_7727f5a62242dc22"/>
    </p0826-teimww:isMentionedIn>
    <p0826-teimww:occursIn>
      <p0826-teimww:book knoraType="link_value" linkType="ref" target="ww_3b149092050ca583"/>
    </p0826-teimww:occursIn>
    <p0826-teimww:wasContributedBy>
      <p0826-teimww:person knoraType="link_value" linkType="ref" target="ww_c4063e9c72a3ffd2"/>
    </p0826-teimww:wasContributedBy>
  </p0826-teimww:passage>
  <p0826-teimww:passage id="ww_7727f5a62242dc22">
    <knoraXmlImport:label>passage</knoraXmlImport:label>
    <p0826-teimww:occursIn>
      <p0826-teimww:book knoraType="link_value" linkType="ref" target="ww_1140c36ab545b6d8"/>
    </p0826-teimww:occursIn>
  </p0826-teimww:passage>
  <p0826-teimww:passage id="ww_f618684dbcba63bf">
    <knoraXmlImport:label>passage</knoraXmlImport:label>
    <p0826-teimww:contains>
      <p0826-teimww:lexia knoraType="link_value" linkType="ref" target="ww_96aada049d112272"/>
    </p0826-teimww:contains>
    <p0826-teimww:hasPage knoraType="richtext_value">B3, b [normalized spelling].</p0826-teimww:hasPage>
    <p0826-teimww:hasPageHist knoraType="richtext_value">B3, b.</p0826-teimww:hasPageHist>
    <p0826-teimww:hasText knoraType="richtext_value">[Guy:]  Brother, if I knew where to go to war, &lt;br&gt;
I would not stay in &lt;i&gt;London&lt;/i&gt; one hour longer. &lt;br&gt;
[Charles:] An hour! By heaven I would not stay a minute. &lt;br&gt;
[Eustache:] A minute, not a moment. &lt;span class="quote"&gt;Would you put a moment &lt;br&gt;
Into a thousand parts, the thousandth part,&lt;/span&gt; &lt;br&gt;
Would not I linger, might I go to war. </p0826-teimww:hasText>
    <p0826-teimww:hasTextHist knoraType="richtext_value">[Guy:]  Brother, if I knew where to go to warre, &lt;br&gt;
I would not stay in &lt;i&gt;London&lt;/i&gt; one houre longer. &lt;br&gt;
[Charles:] An houre! By heaven I would not stay a minute. &lt;br&gt;
[Eustache:] A minute, not a moment. Would you put a moment &lt;br&gt;
Into a thousand parts, the thousandth part, &lt;br&gt;
Would not I linger, might I go to warre. </p0826-teimww:hasTextHist>
    <p0826-teimww:isMentionedIn>
      <p0826-teimww:passage knoraType="link_value" linkType="ref" target="ww_8916dfa14c89f905"/>
    </p0826-teimww:isMentionedIn>
    <p0826-teimww:occursIn>
      <p0826-teimww:book knoraType="link_value" linkType="ref" target="ww_bb90da7c699e38e8"/>
    </p0826-teimww:occursIn>
    <p0826-teimww:wasContributedBy>
      <p0826-teimww:person knoraType="link_value" linkType="ref" target="ww_6202c1bb6957c9cc"/>
    </p0826-teimww:wasContributedBy>
  </p0826-teimww:passage>
  <p0826-teimww:passage id="ww_8916dfa14c89f905">
    <knoraXmlImport:label>passage</knoraXmlImport:label>
    <p0826-teimww:occursIn>
      <p0826-teimww:book knoraType="link_value" linkType="ref" target="ww_1140c36ab545b6d8"/>
    </p0826-teimww:occursIn>
  </p0826-teimww:passage>
  <p0826-teimww:passage id="ww_e3558fe48df56d6b">
    <knoraXmlImport:label>passage</knoraXmlImport:label>
    <p0826-teimww:contains>
      <p0826-teimww:lexia knoraType="link_value" linkType="ref" target="ww_89414b22a336b7c6"/>
    </p0826-teimww:contains>
    <p0826-teimww:hasPage knoraType="richtext_value">Act 2, scene 2, lines 86-89.</p0826-teimww:hasPage>
    <p0826-teimww:hasText knoraType="richtext_value">[Troilus:] [...] Why keep we her? The Grecians keep our Aunt:&lt;br&gt;
Is she worth keeping? Why she is a Pearl, &lt;br&gt;
Whose price &lt;span class="quote"&gt;hath launch'd above a thousand Ships&lt;/span&gt; [...]. </p0826-teimww:hasText>
    <p0826-teimww:isMentionedIn>
      <p0826-teimww:passage knoraType="link_value" linkType="ref" target="ww_1cd64fc430115c9c"/>
    </p0826-teimww:isMentionedIn>
    <p0826-teimww:occursIn>
      <p0826-teimww:book knoraType="link_value" linkType="ref" target="ww_573381af1170e2c9"/>
    </p0826-teimww:occursIn>
    <p0826-teimww:wasContributedBy>
      <p0826-teimww:person knoraType="link_value" linkType="ref" target="ww_c4063e9c72a3ffd2"/>
    </p0826-teimww:wasContributedBy>
  </p0826-teimww:passage>
  <p0826-teimww:passage id="ww_1cd64fc430115c9c">
    <knoraXmlImport:label>passage</knoraXmlImport:label>
    <p0826-teimww:occursIn>
      <p0826-teimww:book knoraType="link_value" linkType="ref" target="ww_3e15ab6c612eadae"/>
    </p0826-teimww:occursIn>
  </p0826-teimww:passage>
  <p0826-teimww:passage id="ww_5995786db76c41e8">
    <knoraXmlImport:label>passage</knoraXmlImport:label>
    <p0826-teimww:contains>
      <p0826-teimww:lexia knoraType="link_value" linkType="ref" target="ww_fac48d34ecbed3b4"/>
    </p0826-teimww:contains>
    <p0826-teimww:contains>
      <p0826-teimww:lexia knoraType="link_value" linkType="ref" target="ww_9b1c7ebc432e856e"/>
    </p0826-teimww:contains>
    <p0826-teimww:hasPage knoraType="richtext_value">148 [normalized spelling].</p0826-teimww:hasPage>
    <p0826-teimww:hasPageHist knoraType="richtext_value">148.</p0826-teimww:hasPageHist>
    <p0826-teimww:hasText knoraType="richtext_value">[Malevole:] [...] Do the sword dance [...] and run the wild-goose chase even with &lt;span class="quote"&gt;&lt;i&gt; Pompey &lt;/i&gt; the huge.&lt;/span&gt;</p0826-teimww:hasText>
    <p0826-teimww:hasTextHist knoraType="richtext_value">[Malevole:] [...] [...] Doe the sword daunce [...] and runne the wild-goose chase even with  &lt;i&gt; Pompey &lt;/i&gt; the huge.</p0826-teimww:hasTextHist>
    <p0826-teimww:isMentionedIn>
      <p0826-teimww:passage knoraType="link_value" linkType="ref" target="ww_eaf2afa779aa3d90"/>
    </p0826-teimww:isMentionedIn>
    <p0826-teimww:occursIn>
      <p0826-teimww:book knoraType="link_value" linkType="ref" target="ww_7f949bbd8df542c3"/>
    </p0826-teimww:occursIn>
    <p0826-teimww:wasContributedBy>
      <p0826-teimww:person knoraType="link_value" linkType="ref" target="ww_b604df587d93b768"/>
    </p0826-teimww:wasContributedBy>
  </p0826-teimww:passage>
  <p0826-teimww:passage id="ww_d205316392c5b731">
    <knoraXmlImport:label>passage</knoraXmlImport:label>
    <p0826-teimww:contains>
      <p0826-teimww:lexia knoraType="link_value" linkType="ref" target="ww_cc78a834daf7196a"/>
    </p0826-teimww:contains>
    <p0826-teimww:hasText knoraType="richtext_value">&lt;span class="quote"&gt;Altofronto&lt;/span&gt;</p0826-teimww:hasText>
    <p0826-teimww:isMentionedIn>
      <p0826-teimww:passage knoraType="link_value" linkType="ref" target="ww_bb0c477273bf8ddd"/>
    </p0826-teimww:isMentionedIn>
    <p0826-teimww:occursIn>
      <p0826-teimww:book knoraType="link_value" linkType="ref" target="ww_7f949bbd8df542c3"/>
    </p0826-teimww:occursIn>
    <p0826-teimww:wasContributedBy>
      <p0826-teimww:person knoraType="link_value" linkType="ref" target="ww_c4063e9c72a3ffd2"/>
    </p0826-teimww:wasContributedBy>
  </p0826-teimww:passage>
  <p0826-teimww:passage id="ww_bb0c477273bf8ddd">
    <knoraXmlImport:label>passage</knoraXmlImport:label>
    <p0826-teimww:occursIn>
      <p0826-teimww:book knoraType="link_value" linkType="ref" target="ww_9ec767d44e3a36f8"/>
    </p0826-teimww:occursIn>
  </p0826-teimww:passage>
  <p0826-teimww:passage id="ww_d951fc9ceef588b6">
    <knoraXmlImport:label>passage</knoraXmlImport:label>
    <p0826-teimww:contains>
      <p0826-teimww:lexia knoraType="link_value" linkType="ref" target="ww_f14c7f50b76b90d7"/>
    </p0826-teimww:contains>
    <p0826-teimww:hasPage knoraType="richtext_value">Lines 1-4.</p0826-teimww:hasPage>
    <p0826-teimww:hasText knoraType="richtext_value">Not mine own fears, nor &lt;span class="quote"&gt;the prophetic soul &lt;br&gt;
&lt;/span&gt;Of the wide world dreaming on things to come, &lt;br&gt;
Can yet the lease of my true love control, &lt;br&gt;
Supposed as forfeit to a confined doom.&lt;/span&gt;</p0826-teimww:hasText>
    <p0826-teimww:isMentionedIn>
      <p0826-teimww:passage knoraType="link_value" linkType="ref" target="ww_533d890b843aa6c8"/>
    </p0826-teimww:isMentionedIn>
    <p0826-teimww:occursIn>
      <p0826-teimww:book knoraType="link_value" linkType="ref" target="ww_b39e765e82b19cd8"/>
    </p0826-teimww:occursIn>
    <p0826-teimww:wasContributedBy>
      <p0826-teimww:person knoraType="link_value" linkType="ref" target="ww_c4063e9c72a3ffd2"/>
    </p0826-teimww:wasContributedBy>
  </p0826-teimww:passage>
  <p0826-teimww:passage id="ww_533d890b843aa6c8">
    <knoraXmlImport:label>passage</knoraXmlImport:label>
    <p0826-teimww:occursIn>
      <p0826-teimww:book knoraType="link_value" linkType="ref" target="ww_91e0dc4c671938fa"/>
    </p0826-teimww:occursIn>
  </p0826-teimww:passage>
  <p0826-teimww:passage id="ww_92b07fd9f90e45e7">
    <knoraXmlImport:label>passage</knoraXmlImport:label>
    <p0826-teimww:contains>
      <p0826-teimww:lexia knoraType="link_value" linkType="ref" target="ww_fb980c2bef492c31"/>
    </p0826-teimww:contains>
    <p0826-teimww:hasPage knoraType="richtext_value">Act 2, scene 2, lines 97-103.</p0826-teimww:hasPage>
    <p0826-teimww:hasText knoraType="richtext_value">[Isabella:] [...] Why all the souls that were were forfeit once, &lt;br&gt;
And He that might the vantage best have took &lt;br&gt;
Found out the remedy. &lt;span class="quote"&gt;How would you be &lt;br&gt;
If He which is the top of judgment should &lt;br&gt;
But judge you as you are? O, think on that, &lt;br&gt;
And mercy then will breathe within your lips &lt;br&gt;
Like man new-made.&lt;/span&gt;</p0826-teimww:hasText>
    <p0826-teimww:isMentionedIn>
      <p0826-teimww:passage knoraType="link_value" linkType="ref" target="ww_ff7881ef1ad6679f"/>
    </p0826-teimww:isMentionedIn>
    <p0826-teimww:occursIn>
      <p0826-teimww:book knoraType="link_value" linkType="ref" target="ww_aff3e1e0ec71023e"/>
    </p0826-teimww:occursIn>
    <p0826-teimww:wasContributedBy>
      <p0826-teimww:person knoraType="link_value" linkType="ref" target="ww_b604df587d93b768"/>
    </p0826-teimww:wasContributedBy>
  </p0826-teimww:passage>
  <p0826-teimww:passage id="ww_0ed5d001211c543a">
    <knoraXmlImport:label>passage</knoraXmlImport:label>
    <p0826-teimww:contains>
      <p0826-teimww:lexia knoraType="link_value" linkType="ref" target="ww_0f8cd9381786c8e3"/>
    </p0826-teimww:contains>
    <p0826-teimww:hasPage knoraType="richtext_value">156 [normalized spelling].</p0826-teimww:hasPage>
    <p0826-teimww:hasPageHist knoraType="richtext_value">156.</p0826-teimww:hasPageHist>
    <p0826-teimww:hasText knoraType="richtext_value">[Ferneze:] &lt;span class="quote"&gt;Your smiles have been my heaven your frowns my hell,&lt;br&gt;
O pity then; Grace should with beauty dwell. &lt;br&gt;&lt;/span&gt;
[Maquerelle:] Reasonable perfect bir-lady.</p0826-teimww:hasText>
    <p0826-teimww:hasTextHist knoraType="richtext_value">[Ferneze:] Your smiles have bin my heaven your frownes my hel,&lt;br&gt;
O pittie then; Grace should with beautie dwell. &lt;br&gt;
[Maquerelle:] Reasonable perfect bir-lady.</p0826-teimww:hasTextHist>
    <p0826-teimww:isMentionedIn>
      <p0826-teimww:passage knoraType="link_value" linkType="ref" target="ww_202bb6f4908068b4"/>
    </p0826-teimww:isMentionedIn>
    <p0826-teimww:occursIn>
      <p0826-teimww:book knoraType="link_value" linkType="ref" target="ww_7f949bbd8df542c3"/>
    </p0826-teimww:occursIn>
    <p0826-teimww:wasContributedBy>
      <p0826-teimww:person knoraType="link_value" linkType="ref" target="ww_b604df587d93b768"/>
    </p0826-teimww:wasContributedBy>
  </p0826-teimww:passage>
  <p0826-teimww:passage id="ww_a5b068f2e2050cb2">
    <knoraXmlImport:label>passage</knoraXmlImport:label>
    <p0826-teimww:contains>
      <p0826-teimww:lexia knoraType="link_value" linkType="ref" target="ww_e6809c3f48cb2b56"/>
    </p0826-teimww:contains>
    <p0826-teimww:hasPage knoraType="richtext_value">Act 4, scene 3, lines 9-20.</p0826-teimww:hasPage>
    <p0826-teimww:hasText knoraType="richtext_value">[Pompey:] [...] &lt;span class="quote"&gt;Then is there here one Master Caper, at the suit of Master Three-pile the mercer, for some four suits of peach-colored satin, which now peaches him a beggar. Then have we here young Dizzy and young Master Deep-vow, and Master Copper-spur and Master Starve-lackey the rapier-and-dagger man, and young Drop-heir that killed lusty Pudding, and Master Forth-light the tilter, and brave Master Shoe-tie the great traveler, and wild Half-can that stabbed Pots, and I think forty more, all great doers in our trade, &lt;/span&gt;and are now "for the Lord’s sake."</p0826-teimww:hasText>
    <p0826-teimww:isMentionedIn>
      <p0826-teimww:passage knoraType="link_value" linkType="ref" target="ww_2e398eca5af95798"/>
    </p0826-teimww:isMentionedIn>
    <p0826-teimww:occursIn>
      <p0826-teimww:book knoraType="link_value" linkType="ref" target="ww_aff3e1e0ec71023e"/>
    </p0826-teimww:occursIn>
    <p0826-teimww:wasContributedBy>
      <p0826-teimww:person knoraType="link_value" linkType="ref" target="ww_c4063e9c72a3ffd2"/>
    </p0826-teimww:wasContributedBy>
  </p0826-teimww:passage>
  <p0826-teimww:passage id="ww_05270e2f02bbe33f">
    <knoraXmlImport:label>passage</knoraXmlImport:label>
    <p0826-teimww:contains>
      <p0826-teimww:lexia knoraType="link_value" linkType="ref" target="ww_acd8cc6016196209"/>
    </p0826-teimww:contains>
    <p0826-teimww:contains>
      <p0826-teimww:lexia knoraType="link_value" linkType="ref" target="ww_cc560eeec381f203"/>
    </p0826-teimww:contains>
    <p0826-teimww:contains>
      <p0826-teimww:lexia knoraType="link_value" linkType="ref" target="ww_b6a1a8097de51bc4"/>
    </p0826-teimww:contains>
    <p0826-teimww:contains>
      <p0826-teimww:lexia knoraType="link_value" linkType="ref" target="ww_a7786c414f1b76e0"/>
    </p0826-teimww:contains>
    <p0826-teimww:contains>
      <p0826-teimww:lexia knoraType="link_value" linkType="ref" target="ww_a1cc188485f391ef"/>
    </p0826-teimww:contains>
    <p0826-teimww:hasPage knoraType="richtext_value">165.</p0826-teimww:hasPage>
    <p0826-teimww:hasText knoraType="richtext_value">[Malevole:] [sings] &lt;I&gt; When Arthur first in Court began,&lt;/I&gt; - &lt;span class="quote"&gt;Agamemnon Menelaus - was every any Duke a Cornuto?	&lt;/span&gt;</p0826-teimww:hasText>
    <p0826-teimww:occursIn>
      <p0826-teimww:book knoraType="link_value" linkType="ref" target="ww_7f949bbd8df542c3"/>
    </p0826-teimww:occursIn>
    <p0826-teimww:wasContributedBy>
      <p0826-teimww:person knoraType="link_value" linkType="ref" target="ww_7f35f6802efd910d"/>
    </p0826-teimww:wasContributedBy>
  </p0826-teimww:passage>
  <p0826-teimww:passage id="ww_284df2472f24aee7">
    <knoraXmlImport:label>passage</knoraXmlImport:label>
    <p0826-teimww:contains>
      <p0826-teimww:lexia knoraType="link_value" linkType="ref" target="ww_24e630226419ffcd"/>
    </p0826-teimww:contains>
    <p0826-teimww:hasPage knoraType="richtext_value">173 [normalized spelling].</p0826-teimww:hasPage>
    <p0826-teimww:hasPageHist knoraType="richtext_value">173.</p0826-teimww:hasPageHist>
    <p0826-teimww:hasText knoraType="richtext_value">[Malevole:]&lt;span class="quote"&gt; Ay, I will come, friendly Damnation, I will come &lt;/span&gt;[...].</p0826-teimww:hasText>
    <p0826-teimww:hasTextHist knoraType="richtext_value">[Malevole:] I, I wil come, &lt;span class="quote"&gt;friendly Damnation, &lt;/span&gt;I will come [...].</p0826-teimww:hasTextHist>
    <p0826-teimww:isMentionedIn>
      <p0826-teimww:passage knoraType="link_value" linkType="ref" target="ww_ab8f82708b6ffa48"/>
    </p0826-teimww:isMentionedIn>
    <p0826-teimww:occursIn>
      <p0826-teimww:book knoraType="link_value" linkType="ref" target="ww_7f949bbd8df542c3"/>
    </p0826-teimww:occursIn>
    <p0826-teimww:wasContributedBy>
      <p0826-teimww:person knoraType="link_value" linkType="ref" target="ww_c4063e9c72a3ffd2"/>
    </p0826-teimww:wasContributedBy>
  </p0826-teimww:passage>
  <p0826-teimww:passage id="ww_4a5f0c571a249a58">
    <knoraXmlImport:label>passage</knoraXmlImport:label>
    <p0826-teimww:contains>
      <p0826-teimww:lexia knoraType="link_value" linkType="ref" target="ww_3201e32ed5706503"/>
    </p0826-teimww:contains>
    <p0826-teimww:hasPage knoraType="richtext_value">179 [normalized spelling].</p0826-teimww:hasPage>
    <p0826-teimww:hasPageHist knoraType="richtext_value">179.</p0826-teimww:hasPageHist>
    <p0826-teimww:hasText knoraType="richtext_value">[Malevole:] Soft rest, sweet Music, amorous Masqueraders, lascivious banquets, sin itself gilt ore [...] impudent custom incited by&lt;span class="quote"&gt; that great bawd opportunity, &lt;/span&gt;thus being prepar'd, clap to her easy ear [...]. 	</p0826-teimww:hasText>
    <p0826-teimww:hasTextHist knoraType="richtext_value">[Malevole:] Soft rest, sweete Musick, amorous Masquerers, lasciuious banquets, sinne it selfe gilt ore [...] impudent custome inticed by that great bawd opportunitie, thus being prepar'd, clap to her easie eare [...]. 	</p0826-teimww:hasTextHist>
    <p0826-teimww:isMentionedIn>
      <p0826-teimww:passage knoraType="link_value" linkType="ref" target="ww_eaf2afa779aa3d90"/>
    </p0826-teimww:isMentionedIn>
    <p0826-teimww:occursIn>
      <p0826-teimww:book knoraType="link_value" linkType="ref" target="ww_7f949bbd8df542c3"/>
    </p0826-teimww:occursIn>
    <p0826-teimww:wasContributedBy>
      <p0826-teimww:person knoraType="link_value" linkType="ref" target="ww_c4063e9c72a3ffd2"/>
    </p0826-teimww:wasContributedBy>
  </p0826-teimww:passage>
  <p0826-teimww:passage id="ww_217b782e60cdc04c">
    <knoraXmlImport:label>passage</knoraXmlImport:label>
    <p0826-teimww:contains>
      <p0826-teimww:lexia knoraType="link_value" linkType="ref" target="ww_e279aadcbde5fbe9"/>
    </p0826-teimww:contains>
    <p0826-teimww:hasPage knoraType="richtext_value">213 [normalized spelling].</p0826-teimww:hasPage>
    <p0826-teimww:hasPageHist knoraType="richtext_value">213.</p0826-teimww:hasPageHist>
    <p0826-teimww:hasText knoraType="richtext_value">[Maquerelle:] &lt;span class="quote"&gt;promise of matrimony by a young gallant, to bring a virgin Lady into a fool's paradise&lt;/span&gt; [...].</p0826-teimww:hasText>
    <p0826-teimww:hasTextHist knoraType="richtext_value">[Maquerelle:]&lt;span class="quote"&gt; promise of matrimony by a yong gallant, to bring a virgin Lady into a fooles paradise &lt;/span&gt;[...].</p0826-teimww:hasTextHist>
    <p0826-teimww:isMentionedIn>
      <p0826-teimww:passage knoraType="link_value" linkType="ref" target="ww_8bb549710708cfdc"/>
    </p0826-teimww:isMentionedIn>
    <p0826-teimww:occursIn>
      <p0826-teimww:book knoraType="link_value" linkType="ref" target="ww_7f949bbd8df542c3"/>
    </p0826-teimww:occursIn>
    <p0826-teimww:wasContributedBy>
      <p0826-teimww:person knoraType="link_value" linkType="ref" target="ww_c4063e9c72a3ffd2"/>
    </p0826-teimww:wasContributedBy>
  </p0826-teimww:passage>
  <p0826-teimww:passage id="ww_d853803a038bb049">
    <knoraXmlImport:label>passage</knoraXmlImport:label>
    <p0826-teimww:contains>
      <p0826-teimww:lexia knoraType="link_value" linkType="ref" target="ww_c8e0ed9baf3c57d8"/>
    </p0826-teimww:contains>
    <p0826-teimww:hasPage knoraType="richtext_value">178.</p0826-teimww:hasPage>
    <p0826-teimww:hasPageHist knoraType="richtext_value">178.</p0826-teimww:hasPageHist>
    <p0826-teimww:hasText knoraType="richtext_value">[Malevole:] &lt;span class="quote"&gt;I cannot sleep, my eyes ill neighbouring lids&lt;br&gt;
Will hold no fellowship&lt;/span&gt; [...].</p0826-teimww:hasText>
    <p0826-teimww:hasTextHist knoraType="richtext_value">[Malevole:] I cannot sleepe, my eyes ill neighbouring lids&lt;br&gt;
Will holde no fellowship [...].</p0826-teimww:hasTextHist>
    <p0826-teimww:isMentionedIn>
      <p0826-teimww:passage knoraType="link_value" linkType="ref" target="ww_eafec04487457d27"/>
    </p0826-teimww:isMentionedIn>
    <p0826-teimww:occursIn>
      <p0826-teimww:book knoraType="link_value" linkType="ref" target="ww_7f949bbd8df542c3"/>
    </p0826-teimww:occursIn>
    <p0826-teimww:wasContributedBy>
      <p0826-teimww:person knoraType="link_value" linkType="ref" target="ww_c4063e9c72a3ffd2"/>
    </p0826-teimww:wasContributedBy>
  </p0826-teimww:passage>
  <p0826-teimww:passage id="ww_eafec04487457d27">
    <knoraXmlImport:label>passage</knoraXmlImport:label>
    <p0826-teimww:occursIn>
      <p0826-teimww:book knoraType="link_value" linkType="ref" target="ww_5af91280461707f1"/>
    </p0826-teimww:occursIn>
  </p0826-teimww:passage>
  <p0826-teimww:passage id="ww_a0b3debdab253e9b">
    <knoraXmlImport:label>passage</knoraXmlImport:label>
    <p0826-teimww:contains>
      <p0826-teimww:lexia knoraType="link_value" linkType="ref" target="ww_78c97af3c298843a"/>
    </p0826-teimww:contains>
    <p0826-teimww:hasPage knoraType="richtext_value">Act 2, scene 1, lines 96-97.</p0826-teimww:hasPage>
    <p0826-teimww:hasText knoraType="richtext_value">[Pompey:] Sir, she came in great with child, and longing,
saving your Honor’s reverence, for &lt;span class="quote"&gt;stewed prunes&lt;/span&gt;.
</p0826-teimww:hasText>
    <p0826-teimww:isMentionedIn>
      <p0826-teimww:passage knoraType="link_value" linkType="ref" target="ww_baef23b72ae18348"/>
    </p0826-teimww:isMentionedIn>
    <p0826-teimww:occursIn>
      <p0826-teimww:book knoraType="link_value" linkType="ref" target="ww_aff3e1e0ec71023e"/>
    </p0826-teimww:occursIn>
    <p0826-teimww:wasContributedBy>
      <p0826-teimww:person knoraType="link_value" linkType="ref" target="ww_7f35f6802efd910d"/>
    </p0826-teimww:wasContributedBy>
  </p0826-teimww:passage>
  <p0826-teimww:passage id="ww_427ae1c236d8f36d">
    <knoraXmlImport:label>passage</knoraXmlImport:label>
    <p0826-teimww:contains>
      <p0826-teimww:lexia knoraType="link_value" linkType="ref" target="ww_65b0a7f3fc074254"/>
    </p0826-teimww:contains>
    <p0826-teimww:hasPage knoraType="richtext_value">180 [normalized spelling].</p0826-teimww:hasPage>
    <p0826-teimww:hasPageHist knoraType="richtext_value">180.</p0826-teimww:hasPageHist>
    <p0826-teimww:hasText knoraType="richtext_value">[Celso:] I faith my Lord, that &lt;span class="quote"&gt;beast with many heads &lt;/span&gt;&lt;br/&gt;
The staggering multitude recoils apace, &lt;br/&gt;
Though thorow great mens envy, most men's malice, &lt;br/&gt;
Their much intemperate heat hath banished you. &lt;br/&gt;
Yet now they find envy and malice near, &lt;br/&gt;
Produce faint reformation. </p0826-teimww:hasText>
    <p0826-teimww:hasTextHist knoraType="richtext_value">[Celso:] I faith my Lord, that beast with many heads &lt;br/&gt;
The staggering multitude recoiles apace, &lt;br/&gt;
Though thorow great mens enuie, most mens malice, &lt;br/&gt;
Their much intemperate heate hath banisht you. &lt;br/&gt;
Yet now they finde enuie and mallice neere, &lt;br/&gt;
Produce faint reformation. </p0826-teimww:hasTextHist>
    <p0826-teimww:isMentionedIn>
      <p0826-teimww:passage knoraType="link_value" linkType="ref" target="ww_e762369c1a590f14"/>
    </p0826-teimww:isMentionedIn>
    <p0826-teimww:occursIn>
      <p0826-teimww:book knoraType="link_value" linkType="ref" target="ww_7f949bbd8df542c3"/>
    </p0826-teimww:occursIn>
    <p0826-teimww:wasContributedBy>
      <p0826-teimww:person knoraType="link_value" linkType="ref" target="ww_b604df587d93b768"/>
    </p0826-teimww:wasContributedBy>
  </p0826-teimww:passage>
  <p0826-teimww:passage id="ww_e762369c1a590f14">
    <knoraXmlImport:label>passage</knoraXmlImport:label>
    <p0826-teimww:occursIn>
      <p0826-teimww:book knoraType="link_value" linkType="ref" target="ww_1140c36ab545b6d8"/>
    </p0826-teimww:occursIn>
  </p0826-teimww:passage>
  <p0826-teimww:passage id="ww_d0f56f015fcc6b2d">
    <knoraXmlImport:label>passage</knoraXmlImport:label>
    <p0826-teimww:contains>
      <p0826-teimww:lexia knoraType="link_value" linkType="ref" target="ww_ba1bcfbe6ede8496"/>
    </p0826-teimww:contains>
    <p0826-teimww:hasPage knoraType="richtext_value">181; Act 3, scene 3 [normalized spelling]</p0826-teimww:hasPage>
    <p0826-teimww:hasPageHist knoraType="richtext_value">181; Act 3, scene 3.</p0826-teimww:hasPageHist>
    <p0826-teimww:hasText knoraType="richtext_value">[Malevole:] [...] I'll give you a simile; &lt;span class="quote"&gt;Did you e'er see a well with two buckets, whilst one comes up full to be emptied, another goes down empty to be filled? Such is the state of all humanity &lt;/span&gt;[...]. why look you, I may be the son of some Duke; for, believe me, &lt;span class="quote"&gt;ïntemperate lascivious bastardy makes Nobility doubtful: I have a lusty, daring heart, &lt;/span&gt;Mendoza.</p0826-teimww:hasText>
    <p0826-teimww:hasTextHist knoraType="richtext_value">[Malevole:] [...] Ile give you a symilie; &lt;span class="quote"&gt;Did you ere see a Well with 2 buckets, whilst one comes up full to be emptied, another goes downe emptie to be filled? Such is the state of all humanitie &lt;/span&gt;[...]. why looke you, I may be the sonne of some Duke; for, beeleve me, &lt;span class="quote"&gt;ïntemperate lascivious bastardie makes Nobilitie doubtfull: I have a lusty, daring hart, &lt;/span&gt;Mendoza.</p0826-teimww:hasTextHist>
    <p0826-teimww:occursIn>
      <p0826-teimww:book knoraType="link_value" linkType="ref" target="ww_7f949bbd8df542c3"/>
    </p0826-teimww:occursIn>
    <p0826-teimww:wasContributedBy>
      <p0826-teimww:person knoraType="link_value" linkType="ref" target="ww_c4063e9c72a3ffd2"/>
    </p0826-teimww:wasContributedBy>
  </p0826-teimww:passage>
  <p0826-teimww:passage id="ww_a8ce3003b49f610b">
    <knoraXmlImport:label>passage</knoraXmlImport:label>
    <p0826-teimww:contains>
      <p0826-teimww:lexia knoraType="link_value" linkType="ref" target="ww_92c600bbf7c0e70c"/>
    </p0826-teimww:contains>
    <p0826-teimww:hasPage knoraType="richtext_value">Act 1, scene 1, line 44.</p0826-teimww:hasPage>
    <p0826-teimww:hasText knoraType="richtext_value">[Iago:] &lt;span class="quote"&gt;Wears out his time, much like his master’s ass,&lt;br&gt;
For naught but provender &lt;/span&gt;[...].</p0826-teimww:hasText>
    <p0826-teimww:isMentionedIn>
      <p0826-teimww:passage knoraType="link_value" linkType="ref" target="ww_a784c2159ca24d04"/>
    </p0826-teimww:isMentionedIn>
    <p0826-teimww:isMentionedIn>
      <p0826-teimww:passage knoraType="link_value" linkType="ref" target="ww_f23c8d548010b6e1"/>
    </p0826-teimww:isMentionedIn>
    <p0826-teimww:occursIn>
      <p0826-teimww:book knoraType="link_value" linkType="ref" target="ww_9b67ca7f120fc425"/>
    </p0826-teimww:occursIn>
    <p0826-teimww:wasContributedBy>
      <p0826-teimww:person knoraType="link_value" linkType="ref" target="ww_7f35f6802efd910d"/>
    </p0826-teimww:wasContributedBy>
  </p0826-teimww:passage>
  <p0826-teimww:passage id="ww_f23c8d548010b6e1">
    <knoraXmlImport:label>passage</knoraXmlImport:label>
    <p0826-teimww:occursIn>
      <p0826-teimww:book knoraType="link_value" linkType="ref" target="ww_1140c36ab545b6d8"/>
    </p0826-teimww:occursIn>
  </p0826-teimww:passage>
  <p0826-teimww:passage id="ww_9f509cf72552550b">
    <knoraXmlImport:label>passage</knoraXmlImport:label>
    <p0826-teimww:contains>
      <p0826-teimww:lexia knoraType="link_value" linkType="ref" target="ww_2c80d0613eb8069e"/>
    </p0826-teimww:contains>
    <p0826-teimww:hasPage knoraType="richtext_value">Act 1, scene 3, lines 382-384.</p0826-teimww:hasPage>
    <p0826-teimww:hasText knoraType="richtext_value">[Iago:] [...] &lt;span class="quote"&gt;Put money in thy purse.&lt;/span&gt;
Follow thou the wars; defeat thy favor with an
usurped beard. I say, &lt;/span&gt;put money in thy purse.&lt;/span&gt;</p0826-teimww:hasText>
    <p0826-teimww:isMentionedIn>
      <p0826-teimww:passage knoraType="link_value" linkType="ref" target="ww_f3ea660c332091cd"/>
    </p0826-teimww:isMentionedIn>
    <p0826-teimww:occursIn>
      <p0826-teimww:book knoraType="link_value" linkType="ref" target="ww_9b67ca7f120fc425"/>
    </p0826-teimww:occursIn>
    <p0826-teimww:wasContributedBy>
      <p0826-teimww:person knoraType="link_value" linkType="ref" target="ww_b604df587d93b768"/>
    </p0826-teimww:wasContributedBy>
  </p0826-teimww:passage>
  <p0826-teimww:passage id="ww_f3ea660c332091cd">
    <knoraXmlImport:label>passage</knoraXmlImport:label>
    <p0826-teimww:occursIn>
      <p0826-teimww:book knoraType="link_value" linkType="ref" target="ww_5eeeb3e78e8b0bc3"/>
    </p0826-teimww:occursIn>
  </p0826-teimww:passage>
  <p0826-teimww:passage id="ww_6706b15a14b86407">
    <knoraXmlImport:label>passage</knoraXmlImport:label>
    <p0826-teimww:contains>
      <p0826-teimww:lexia knoraType="link_value" linkType="ref" target="ww_f54757d1820d9a60"/>
    </p0826-teimww:contains>
    <p0826-teimww:hasPage knoraType="richtext_value">82; act 2, scene 1 [normalized spelling].</p0826-teimww:hasPage>
    <p0826-teimww:hasPageHist knoraType="richtext_value">82; act 2, scene 1.</p0826-teimww:hasPageHist>
    <p0826-teimww:hasText knoraType="richtext_value">[Freewill:] [...] &lt;span class="quote"&gt;So could I live in desert most unknown, &lt;br&gt;
Yourself to me enough were Populous &lt;/span&gt;[...].</p0826-teimww:hasText>
    <p0826-teimww:hasTextHist knoraType="richtext_value">[Freewill:] [...] &lt;span class="quote"&gt;So could I live in desart most unknowne, &lt;br&gt;
Your selfe to me enough were Populous&gt;/span&gt; [...].</p0826-teimww:hasTextHist>
    <p0826-teimww:isMentionedIn>
      <p0826-teimww:passage knoraType="link_value" linkType="ref" target="ww_a90b8ecb1e05fad6"/>
    </p0826-teimww:isMentionedIn>
    <p0826-teimww:occursIn>
      <p0826-teimww:book knoraType="link_value" linkType="ref" target="ww_75ea66b2f428cc3e"/>
    </p0826-teimww:occursIn>
    <p0826-teimww:wasContributedBy>
      <p0826-teimww:person knoraType="link_value" linkType="ref" target="ww_c4063e9c72a3ffd2"/>
    </p0826-teimww:wasContributedBy>
  </p0826-teimww:passage>
  <p0826-teimww:passage id="ww_e1266fc565370a23">
    <knoraXmlImport:label>passage</knoraXmlImport:label>
    <p0826-teimww:contains>
      <p0826-teimww:lexia knoraType="link_value" linkType="ref" target="ww_ff005839ee00e250"/>
    </p0826-teimww:contains>
    <p0826-teimww:contains>
      <p0826-teimww:lexia knoraType="link_value" linkType="ref" target="ww_1eea7f63b6f52a44"/>
    </p0826-teimww:contains>
    <p0826-teimww:hasPage knoraType="richtext_value">B4 recto; section "Epistle to the Reader" [normalized spelling].</p0826-teimww:hasPage>
    <p0826-teimww:hasPageHist knoraType="richtext_value">B4 recto; section "Epistle to the Reader".</p0826-teimww:hasPageHist>
    <p0826-teimww:hasText knoraType="richtext_value">As a black veil upon the wings of morn,&lt;br&gt;
Brings forth a day as clear as &lt;span class="quote"&gt;Venus' &lt;/span&gt;face,&lt;br&gt;
Or, &lt;span class="quote"&gt;a fair Jewel by an Ethiop worn,&lt;/span&gt;&lt;br&gt;
Enricheth much the eye, which it doth grace,&lt;br&gt;
Such is her beauty, if it well be told,&lt;br&gt;
Plac'st in a Jetty Chariot set with gold.</p0826-teimww:hasText>
    <p0826-teimww:hasTextHist knoraType="richtext_value">As a black vaile vpon the wings of morne,&lt;br&gt;
Brings forth a day as cleere as Venus face,&lt;br&gt;
Or, a faire Iewell by an Ethiope worne,&lt;br&gt;
Inricheth much the eye, which it doth grace,&lt;br&gt;
Such is her beautie, if it well be told,&lt;br&gt;
Plac'st in a Iettie Chariot set with gold.</p0826-teimww:hasTextHist>
    <p0826-teimww:isMentionedIn>
      <p0826-teimww:passage knoraType="link_value" linkType="ref" target="ww_e6e92a4090467c81"/>
    </p0826-teimww:isMentionedIn>
    <p0826-teimww:occursIn>
      <p0826-teimww:book knoraType="link_value" linkType="ref" target="ww_bc78559657a822d9"/>
    </p0826-teimww:occursIn>
    <p0826-teimww:wasContributedBy>
      <p0826-teimww:person knoraType="link_value" linkType="ref" target="ww_c4063e9c72a3ffd2"/>
    </p0826-teimww:wasContributedBy>
  </p0826-teimww:passage>
  <p0826-teimww:passage id="ww_e6e92a4090467c81">
    <knoraXmlImport:label>passage</knoraXmlImport:label>
    <p0826-teimww:occursIn>
      <p0826-teimww:book knoraType="link_value" linkType="ref" target="ww_1140c36ab545b6d8"/>
    </p0826-teimww:occursIn>
  </p0826-teimww:passage>
  <p0826-teimww:passage id="ww_a5b2f34070616ebb">
    <knoraXmlImport:label>passage</knoraXmlImport:label>
    <p0826-teimww:contains>
      <p0826-teimww:lexia knoraType="link_value" linkType="ref" target="ww_ea926f02cdfdc9b9"/>
    </p0826-teimww:contains>
    <p0826-teimww:hasPage knoraType="richtext_value">Act 3, scene 3, line 195.</p0826-teimww:hasPage>
    <p0826-teimww:hasText knoraType="richtext_value">[Iago:] &lt;span class="quote"&gt;O, beware, my lord, of jealousy!&lt;/span&gt;</p0826-teimww:hasText>
    <p0826-teimww:isMentionedIn>
      <p0826-teimww:passage knoraType="link_value" linkType="ref" target="ww_47741d5167e069df"/>
    </p0826-teimww:isMentionedIn>
    <p0826-teimww:occursIn>
      <p0826-teimww:book knoraType="link_value" linkType="ref" target="ww_9b67ca7f120fc425"/>
    </p0826-teimww:occursIn>
    <p0826-teimww:wasContributedBy>
      <p0826-teimww:person knoraType="link_value" linkType="ref" target="ww_c4063e9c72a3ffd2"/>
    </p0826-teimww:wasContributedBy>
  </p0826-teimww:passage>
  <p0826-teimww:passage id="ww_47741d5167e069df">
    <knoraXmlImport:label>passage</knoraXmlImport:label>
    <p0826-teimww:occursIn>
      <p0826-teimww:book knoraType="link_value" linkType="ref" target="ww_5868d5560bdfc062"/>
    </p0826-teimww:occursIn>
  </p0826-teimww:passage>
  <p0826-teimww:passage id="ww_bff5176e0ab9b067">
    <knoraXmlImport:label>passage</knoraXmlImport:label>
    <p0826-teimww:contains>
      <p0826-teimww:lexia knoraType="link_value" linkType="ref" target="ww_dadf41c4e1f9b530"/>
    </p0826-teimww:contains>
    <p0826-teimww:hasPage knoraType="richtext_value">Act 1, scene 3, lines 333-334; Act 3, scene 3, line 238.</p0826-teimww:hasPage>
    <p0826-teimww:hasText knoraType="richtext_value">[Brabantio:] Look to her, Moor, if thou hast eyes to see. &lt;br&gt;
&lt;span class="quote"&gt;She has deceived her father, and may thee. &lt;br&gt;&lt;/span&gt;
&lt;br&gt;
&lt;br&gt;
[Iago:] &lt;span class="quote"&gt;She did deceive her father, marrying you &lt;/span&gt;[...].</p0826-teimww:hasText>
    <p0826-teimww:isMentionedIn>
      <p0826-teimww:passage knoraType="link_value" linkType="ref" target="ww_47741d5167e069df"/>
    </p0826-teimww:isMentionedIn>
    <p0826-teimww:occursIn>
      <p0826-teimww:book knoraType="link_value" linkType="ref" target="ww_9b67ca7f120fc425"/>
    </p0826-teimww:occursIn>
    <p0826-teimww:wasContributedBy>
      <p0826-teimww:person knoraType="link_value" linkType="ref" target="ww_c4063e9c72a3ffd2"/>
    </p0826-teimww:wasContributedBy>
  </p0826-teimww:passage>
  <p0826-teimww:passage id="ww_95f1a058d7759498">
    <knoraXmlImport:label>passage</knoraXmlImport:label>
    <p0826-teimww:contains>
      <p0826-teimww:lexia knoraType="link_value" linkType="ref" target="ww_f6b038fe37846611"/>
    </p0826-teimww:contains>
    <p0826-teimww:contains>
      <p0826-teimww:lexia knoraType="link_value" linkType="ref" target="ww_931f0ed867e26788"/>
    </p0826-teimww:contains>
    <p0826-teimww:contains>
      <p0826-teimww:lexia knoraType="link_value" linkType="ref" target="ww_814974b78701f447"/>
    </p0826-teimww:contains>
    <p0826-teimww:contains>
      <p0826-teimww:lexia knoraType="link_value" linkType="ref" target="ww_626ffd3fd3e193a6"/>
    </p0826-teimww:contains>
    <p0826-teimww:hasPage knoraType="richtext_value">311; scene 10, lines 59-86.</p0826-teimww:hasPage>
    <p0826-teimww:hasPageHist knoraType="richtext_value">scene 10.</p0826-teimww:hasPageHist>
    <p0826-teimww:hasText knoraType="richtext_value">[Hipolito:] What's here? &lt;br&gt;
&lt;span class="quote"&gt;Perhaps this shrewd pate was mine enemy's&lt;/span&gt;: &lt;br&gt;
Las! say it were: I need not fear him now: &lt;br&gt;
For all his braves, his contumelious breath, &lt;br&gt;
His frowns (tho dagger-pointed) all his plot, &lt;br&gt;
(Tho 'nere so mischievous) his Italian pills, &lt;br&gt;
His quarrels, and (that common fence) his law, [...] &lt;br&gt;
And must all come to this; fools; wise, all hether, &lt;br&gt;
Must all heads thus at last be laid together: [...] &lt;br&gt;
But here's a fellow; &lt;span class="quote"&gt;that which he lays on, &lt;br&gt;
Till dooms day, alters not complexion.&lt;/span&gt;</p0826-teimww:hasText>
    <p0826-teimww:hasTextHist knoraType="richtext_value">[Hipolito:] Whats here? &lt;br&gt;
&lt;span class="quote"&gt;Perhaps this shrewd pate was mine enimies&lt;/span&gt;: &lt;br&gt;
Las! say it were: I need not feare him now: &lt;br&gt;
For all his braues, his contumelious breath, &lt;br&gt;
His frownes (tho dagger-pointed) all his plot, &lt;br&gt;
(Tho 'nere so mischieuous) his Italian pilles, &lt;br&gt;
His quarrels, and (that common fence) his law, [...] &lt;br&gt;
And must all come to this; fooles; wise, all hether, &lt;br&gt;
Must all heads thus at last be laid together: [...] &lt;br&gt;
But heres a fellow; &lt;span class="quote"&gt;that which he layes on, &lt;br&gt;
Till doomes day, alters not complexion.&lt;/span&gt;</p0826-teimww:hasTextHist>
    <p0826-teimww:isMentionedIn>
      <p0826-teimww:passage knoraType="link_value" linkType="ref" target="ww_828615bfc9ab6c8c"/>
    </p0826-teimww:isMentionedIn>
    <p0826-teimww:isMentionedIn>
      <p0826-teimww:passage knoraType="link_value" linkType="ref" target="ww_3f14bf1902a11788"/>
    </p0826-teimww:isMentionedIn>
    <p0826-teimww:occursIn>
      <p0826-teimww:book knoraType="link_value" linkType="ref" target="ww_ad87a567c9aa933d"/>
    </p0826-teimww:occursIn>
    <p0826-teimww:wasContributedBy>
      <p0826-teimww:person knoraType="link_value" linkType="ref" target="ww_c4063e9c72a3ffd2"/>
    </p0826-teimww:wasContributedBy>
  </p0826-teimww:passage>
  <p0826-teimww:passage id="ww_828615bfc9ab6c8c">
    <knoraXmlImport:label>passage</knoraXmlImport:label>
    <p0826-teimww:occursIn>
      <p0826-teimww:book knoraType="link_value" linkType="ref" target="ww_91e0dc4c671938fa"/>
    </p0826-teimww:occursIn>
  </p0826-teimww:passage>
  <p0826-teimww:passage id="ww_3f14bf1902a11788">
    <knoraXmlImport:label>passage</knoraXmlImport:label>
    <p0826-teimww:occursIn>
      <p0826-teimww:book knoraType="link_value" linkType="ref" target="ww_1140c36ab545b6d8"/>
    </p0826-teimww:occursIn>
  </p0826-teimww:passage>
  <p0826-teimww:passage id="ww_852006416d5bf730">
    <knoraXmlImport:label>passage</knoraXmlImport:label>
    <p0826-teimww:contains>
      <p0826-teimww:lexia knoraType="link_value" linkType="ref" target="ww_2a0172b1db1f7947"/>
    </p0826-teimww:contains>
    <p0826-teimww:hasPage knoraType="richtext_value">Act 3, scene 3, lines 379-380.</p0826-teimww:hasPage>
    <p0826-teimww:hasText knoraType="richtext_value">[Iago:] [...] &lt;span class="quote"&gt;Not poppy nor mandragora &lt;br&gt;
Nor all the drowsy syrups of the world &lt;/span&gt;[...].</p0826-teimww:hasText>
    <p0826-teimww:isMentionedIn>
      <p0826-teimww:passage knoraType="link_value" linkType="ref" target="ww_47741d5167e069df"/>
    </p0826-teimww:isMentionedIn>
    <p0826-teimww:occursIn>
      <p0826-teimww:book knoraType="link_value" linkType="ref" target="ww_9b67ca7f120fc425"/>
    </p0826-teimww:occursIn>
    <p0826-teimww:wasContributedBy>
      <p0826-teimww:person knoraType="link_value" linkType="ref" target="ww_c4063e9c72a3ffd2"/>
    </p0826-teimww:wasContributedBy>
  </p0826-teimww:passage>
  <p0826-teimww:passage id="ww_d344fa2abcfa11ad">
    <knoraXmlImport:label>passage</knoraXmlImport:label>
    <p0826-teimww:contains>
      <p0826-teimww:lexia knoraType="link_value" linkType="ref" target="ww_f9cd14a1eba73681"/>
    </p0826-teimww:contains>
    <p0826-teimww:hasPage knoraType="richtext_value">Act 3, scene 3, line 490.</p0826-teimww:hasPage>
    <p0826-teimww:hasText knoraType="richtext_value">[Othello:] &lt;span class="quote"&gt;I'll tear her all to pieces.&lt;/span&gt;</p0826-teimww:hasText>
    <p0826-teimww:isMentionedIn>
      <p0826-teimww:passage knoraType="link_value" linkType="ref" target="ww_47741d5167e069df"/>
    </p0826-teimww:isMentionedIn>
    <p0826-teimww:occursIn>
      <p0826-teimww:book knoraType="link_value" linkType="ref" target="ww_9b67ca7f120fc425"/>
    </p0826-teimww:occursIn>
    <p0826-teimww:wasContributedBy>
      <p0826-teimww:person knoraType="link_value" linkType="ref" target="ww_c4063e9c72a3ffd2"/>
    </p0826-teimww:wasContributedBy>
  </p0826-teimww:passage>
  <p0826-teimww:passage id="ww_2a2ea5b8ca3972f7">
    <knoraXmlImport:label>passage</knoraXmlImport:label>
    <p0826-teimww:contains>
      <p0826-teimww:lexia knoraType="link_value" linkType="ref" target="ww_6200131ca51009bb"/>
    </p0826-teimww:contains>
    <p0826-teimww:hasPage knoraType="richtext_value">Act 5, scene 2, lines 79-80.</p0826-teimww:hasPage>
    <p0826-teimww:hasText knoraType="richtext_value">[Othello:] [...] And mak'st me call what I intend to do &lt;br&gt;
&lt;span class="quote"&gt;A murder, which I thought a sacrifice!&lt;/span&gt;</p0826-teimww:hasText>
    <p0826-teimww:isMentionedIn>
      <p0826-teimww:passage knoraType="link_value" linkType="ref" target="ww_47741d5167e069df"/>
    </p0826-teimww:isMentionedIn>
    <p0826-teimww:occursIn>
      <p0826-teimww:book knoraType="link_value" linkType="ref" target="ww_9b67ca7f120fc425"/>
    </p0826-teimww:occursIn>
    <p0826-teimww:wasContributedBy>
      <p0826-teimww:person knoraType="link_value" linkType="ref" target="ww_c4063e9c72a3ffd2"/>
    </p0826-teimww:wasContributedBy>
  </p0826-teimww:passage>
  <p0826-teimww:passage id="ww_28c3e9d1b421a375">
    <knoraXmlImport:label>passage</knoraXmlImport:label>
    <p0826-teimww:contains>
      <p0826-teimww:lexia knoraType="link_value" linkType="ref" target="ww_ec149602d887f4b2"/>
    </p0826-teimww:contains>
    <p0826-teimww:hasPage knoraType="richtext_value">107 [normalized spelling].</p0826-teimww:hasPage>
    <p0826-teimww:hasPageHist knoraType="richtext_value">107.</p0826-teimww:hasPageHist>
    <p0826-teimww:hasText knoraType="richtext_value">[Mrs. Mulligrub:] [...] I ha' wit, and can see my good as soon as another, for I have all the thanks, my silly husband, alas, he knows nothing of it, tis I that bear, &lt;span class="quote"&gt;tis I that must bear a brain for all.&lt;/span&gt;</p0826-teimww:hasText>
    <p0826-teimww:hasTextHist knoraType="richtext_value">[Mrs. Mulligrub:] [...] I ha wit, and can see my good assoone as another, for I have all the thankes, my silly husband, alasse, hee knowes nothing of it, tis I that beare, tis I that must beare a braine for all.</p0826-teimww:hasTextHist>
    <p0826-teimww:isMentionedIn>
      <p0826-teimww:passage knoraType="link_value" linkType="ref" target="ww_7c824d0c33adfb1f"/>
    </p0826-teimww:isMentionedIn>
    <p0826-teimww:occursIn>
      <p0826-teimww:book knoraType="link_value" linkType="ref" target="ww_75ea66b2f428cc3e"/>
    </p0826-teimww:occursIn>
    <p0826-teimww:wasContributedBy>
      <p0826-teimww:person knoraType="link_value" linkType="ref" target="ww_c4063e9c72a3ffd2"/>
    </p0826-teimww:wasContributedBy>
  </p0826-teimww:passage>
  <p0826-teimww:passage id="ww_7c824d0c33adfb1f">
    <knoraXmlImport:label>passage</knoraXmlImport:label>
    <p0826-teimww:occursIn>
      <p0826-teimww:book knoraType="link_value" linkType="ref" target="ww_5af91280461707f1"/>
    </p0826-teimww:occursIn>
  </p0826-teimww:passage>
  <p0826-teimww:passage id="ww_1db8ddb4234040c8">
    <knoraXmlImport:label>passage</knoraXmlImport:label>
    <p0826-teimww:contains>
      <p0826-teimww:lexia knoraType="link_value" linkType="ref" target="ww_5c26b5996b6a59aa"/>
    </p0826-teimww:contains>
    <p0826-teimww:hasPage knoraType="richtext_value">304; scene 7, lines 45-47.</p0826-teimww:hasPage>
    <p0826-teimww:hasPageHist knoraType="richtext_value">N.p.; scene 7.</p0826-teimww:hasPageHist>
    <p0826-teimww:hasText knoraType="richtext_value">[Candido:] No matter, let 'em: &lt;span class="quote"&gt;when I touch her lip, &lt;br&gt;
I shall not feel his kisses, &lt;/span&gt;no, nor miss &lt;br&gt;
Any of her lip; no harm in kissing is.</p0826-teimww:hasText>
    <p0826-teimww:hasTextHist knoraType="richtext_value">[Candido:] No matter, let 'em: &lt;span class="quote"&gt;when I touch her lip, &lt;br&gt;
I shall not feele his kisses, &lt;/span&gt;no nor misse &lt;br&gt;
Any of her lip [...].</p0826-teimww:hasTextHist>
    <p0826-teimww:isMentionedIn>
      <p0826-teimww:passage knoraType="link_value" linkType="ref" target="ww_d8508b27d0c42dc2"/>
    </p0826-teimww:isMentionedIn>
    <p0826-teimww:occursIn>
      <p0826-teimww:book knoraType="link_value" linkType="ref" target="ww_ad87a567c9aa933d"/>
    </p0826-teimww:occursIn>
    <p0826-teimww:wasContributedBy>
      <p0826-teimww:person knoraType="link_value" linkType="ref" target="ww_b604df587d93b768"/>
    </p0826-teimww:wasContributedBy>
  </p0826-teimww:passage>
  <p0826-teimww:passage id="ww_b3f61590612b0d72">
    <knoraXmlImport:label>passage</knoraXmlImport:label>
    <p0826-teimww:contains>
      <p0826-teimww:lexia knoraType="link_value" linkType="ref" target="ww_ec149602d887f4b2"/>
    </p0826-teimww:contains>
    <p0826-teimww:hasPage knoraType="richtext_value">109 [normalized spelling].</p0826-teimww:hasPage>
    <p0826-teimww:hasPageHist knoraType="richtext_value">109.</p0826-teimww:hasPageHist>
    <p0826-teimww:hasText knoraType="richtext_value">[Mrs. Mulligrub:] [...] &lt;span class="quote"&gt;nay and I bear not a brain &lt;/span&gt;[...].</p0826-teimww:hasText>
    <p0826-teimww:hasTextHist knoraType="richtext_value">[Mrs. Mulligrub:] [...] nay and I bare not a braine [...].</p0826-teimww:hasTextHist>
    <p0826-teimww:isMentionedIn>
      <p0826-teimww:passage knoraType="link_value" linkType="ref" target="ww_6042044738b46012"/>
    </p0826-teimww:isMentionedIn>
    <p0826-teimww:occursIn>
      <p0826-teimww:book knoraType="link_value" linkType="ref" target="ww_75ea66b2f428cc3e"/>
    </p0826-teimww:occursIn>
    <p0826-teimww:wasContributedBy>
      <p0826-teimww:person knoraType="link_value" linkType="ref" target="ww_c4063e9c72a3ffd2"/>
    </p0826-teimww:wasContributedBy>
  </p0826-teimww:passage>
  <p0826-teimww:passage id="ww_6042044738b46012">
    <knoraXmlImport:label>passage</knoraXmlImport:label>
    <p0826-teimww:occursIn>
      <p0826-teimww:book knoraType="link_value" linkType="ref" target="ww_5af91280461707f1"/>
    </p0826-teimww:occursIn>
  </p0826-teimww:passage>
  <p0826-teimww:passage id="ww_3bfb300bb718a9af">
    <knoraXmlImport:label>passage</knoraXmlImport:label>
    <p0826-teimww:contains>
      <p0826-teimww:lexia knoraType="link_value" linkType="ref" target="ww_afd689b992c85900"/>
    </p0826-teimww:contains>
    <p0826-teimww:hasPage knoraType="richtext_value">114.</p0826-teimww:hasPage>
    <p0826-teimww:hasText knoraType="richtext_value">[Tissefeu:] Then thus, and thus, so Hymen should begin - &lt;br&gt; &lt;span class="quote"&gt;Sometimes a falling out proves falling in.&lt;/span&gt;</p0826-teimww:hasText>
    <p0826-teimww:isMentionedIn>
      <p0826-teimww:passage knoraType="link_value" linkType="ref" target="ww_c34d02c0d92a610e"/>
    </p0826-teimww:isMentionedIn>
    <p0826-teimww:occursIn>
      <p0826-teimww:book knoraType="link_value" linkType="ref" target="ww_75ea66b2f428cc3e"/>
    </p0826-teimww:occursIn>
    <p0826-teimww:wasContributedBy>
      <p0826-teimww:person knoraType="link_value" linkType="ref" target="ww_c4063e9c72a3ffd2"/>
    </p0826-teimww:wasContributedBy>
  </p0826-teimww:passage>
  <p0826-teimww:passage id="ww_c34d02c0d92a610e">
    <knoraXmlImport:label>passage</knoraXmlImport:label>
    <p0826-teimww:occursIn>
      <p0826-teimww:book knoraType="link_value" linkType="ref" target="ww_1140c36ab545b6d8"/>
    </p0826-teimww:occursIn>
  </p0826-teimww:passage>
  <p0826-teimww:passage id="ww_49263516b4127f52">
    <knoraXmlImport:label>passage</knoraXmlImport:label>
    <p0826-teimww:contains>
      <p0826-teimww:lexia knoraType="link_value" linkType="ref" target="ww_15e784391c8fe280"/>
    </p0826-teimww:contains>
    <p0826-teimww:hasPage knoraType="richtext_value">129 [normalized spelling].</p0826-teimww:hasPage>
    <p0826-teimww:hasPageHist knoraType="richtext_value">129.</p0826-teimww:hasPageHist>
    <p0826-teimww:hasText knoraType="richtext_value">[Crispinella:] [...] his discourse is like the long word, &lt;span class="quote"&gt;&lt;i&gt;Honorificabilitudinitatibus:&lt;/i&gt;&lt;/span&gt; a great deal Of sound and no sense.</p0826-teimww:hasText>
    <p0826-teimww:hasTextHist knoraType="richtext_value">[Crispinella:] [...] his discourse is like the long word, &lt;i&gt;Honorificabilitudinitatibus&lt;/i&gt;: a great deale Of sound and no sence.</p0826-teimww:hasTextHist>
    <p0826-teimww:isMentionedIn>
      <p0826-teimww:passage knoraType="link_value" linkType="ref" target="ww_94e3db460f80c8fd"/>
    </p0826-teimww:isMentionedIn>
    <p0826-teimww:occursIn>
      <p0826-teimww:book knoraType="link_value" linkType="ref" target="ww_75ea66b2f428cc3e"/>
    </p0826-teimww:occursIn>
    <p0826-teimww:wasContributedBy>
      <p0826-teimww:person knoraType="link_value" linkType="ref" target="ww_c4063e9c72a3ffd2"/>
    </p0826-teimww:wasContributedBy>
  </p0826-teimww:passage>
  <p0826-teimww:passage id="ww_e2bc34055e0265f6">
    <knoraXmlImport:label>passage</knoraXmlImport:label>
    <p0826-teimww:contains>
      <p0826-teimww:lexia knoraType="link_value" linkType="ref" target="ww_99b2e65e8698dec3"/>
    </p0826-teimww:contains>
    <p0826-teimww:hasPage knoraType="richtext_value">29 [normalized spelling].</p0826-teimww:hasPage>
    <p0826-teimww:hasPageHist knoraType="richtext_value">29.</p0826-teimww:hasPageHist>
    <p0826-teimww:hasText knoraType="richtext_value">[Comolet:] [...]&lt;span class="quote"&gt; You know besides, that our affections storm, &lt;br&gt;
Rais'd in our blood, no Reason can reform.&lt;/span&gt;</p0826-teimww:hasText>
    <p0826-teimww:hasTextHist knoraType="richtext_value">[Comolet:] [...] You know besides, that our affections storme, &lt;br&gt;
Rais'd in our blood, no Reason can reforme. </p0826-teimww:hasTextHist>
    <p0826-teimww:isMentionedIn>
      <p0826-teimww:passage knoraType="link_value" linkType="ref" target="ww_f1bff727df4461f1"/>
    </p0826-teimww:isMentionedIn>
    <p0826-teimww:occursIn>
      <p0826-teimww:book knoraType="link_value" linkType="ref" target="ww_f38099d24a8f82da"/>
    </p0826-teimww:occursIn>
    <p0826-teimww:wasContributedBy>
      <p0826-teimww:person knoraType="link_value" linkType="ref" target="ww_b604df587d93b768"/>
    </p0826-teimww:wasContributedBy>
  </p0826-teimww:passage>
  <p0826-teimww:passage id="ww_f1bff727df4461f1">
    <knoraXmlImport:label>passage</knoraXmlImport:label>
    <p0826-teimww:occursIn>
      <p0826-teimww:book knoraType="link_value" linkType="ref" target="ww_5eeeb3e78e8b0bc3"/>
    </p0826-teimww:occursIn>
  </p0826-teimww:passage>
  <p0826-teimww:passage id="ww_c54d09001319a77d">
    <knoraXmlImport:label>passage</knoraXmlImport:label>
    <p0826-teimww:contains>
      <p0826-teimww:lexia knoraType="link_value" linkType="ref" target="ww_99b2e65e8698dec3"/>
    </p0826-teimww:contains>
    <p0826-teimww:hasPage knoraType="richtext_value">N.p. [normalized spelling].</p0826-teimww:hasPage>
    <p0826-teimww:hasPageHist knoraType="richtext_value">N.p.</p0826-teimww:hasPageHist>
    <p0826-teimww:hasText knoraType="richtext_value">[Tamyra:] It is not I, but urgent destiny, &lt;br&gt;
That (as great states men for their general end &lt;br&gt; 
In politique justice, make poor men offend) &lt;br&gt;
Enforceth my offence to make it just: &lt;br&gt;
&lt;span class="quote"&gt;What shall weak Dames do, when t'whole work of Nature &lt;br&gt;
Hath a strong finger in each one of us? &lt;br&gt;&lt;/span&gt;</p0826-teimww:hasText>
    <p0826-teimww:hasTextHist knoraType="richtext_value">[Tamyra:] It is not I, but vrgent destiny, &lt;br&gt;
That (as great states men for their generall end &lt;br&gt; 
In politique iustice, make poore men offend) &lt;br&gt;
Enforceth my offence to make it iust: &lt;br&gt;
What shall weake Dames doe, when t'whole worke of Nature &lt;br&gt;
Hath a strong finger in each one of vs? &lt;br&gt;</p0826-teimww:hasTextHist>
    <p0826-teimww:isMentionedIn>
      <p0826-teimww:passage knoraType="link_value" linkType="ref" target="ww_f1bff727df4461f1"/>
    </p0826-teimww:isMentionedIn>
    <p0826-teimww:occursIn>
      <p0826-teimww:book knoraType="link_value" linkType="ref" target="ww_f38099d24a8f82da"/>
    </p0826-teimww:occursIn>
    <p0826-teimww:wasContributedBy>
      <p0826-teimww:person knoraType="link_value" linkType="ref" target="ww_b604df587d93b768"/>
    </p0826-teimww:wasContributedBy>
  </p0826-teimww:passage>
  <p0826-teimww:passage id="ww_79491be7261f6ece">
    <knoraXmlImport:label>passage</knoraXmlImport:label>
    <p0826-teimww:contains>
      <p0826-teimww:lexia knoraType="link_value" linkType="ref" target="ww_06f61cfde0527341"/>
    </p0826-teimww:contains>
    <p0826-teimww:hasText knoraType="richtext_value">&lt;span class="quote"&gt;Othello&lt;/span&gt;</p0826-teimww:hasText>
    <p0826-teimww:isMentionedIn>
      <p0826-teimww:passage knoraType="link_value" linkType="ref" target="ww_b8a6239684c082bc"/>
    </p0826-teimww:isMentionedIn>
    <p0826-teimww:occursIn>
      <p0826-teimww:book knoraType="link_value" linkType="ref" target="ww_9b67ca7f120fc425"/>
    </p0826-teimww:occursIn>
    <p0826-teimww:wasContributedBy>
      <p0826-teimww:person knoraType="link_value" linkType="ref" target="ww_c4063e9c72a3ffd2"/>
    </p0826-teimww:wasContributedBy>
  </p0826-teimww:passage>
  <p0826-teimww:passage id="ww_b8a6239684c082bc">
    <knoraXmlImport:label>passage</knoraXmlImport:label>
    <p0826-teimww:occursIn>
      <p0826-teimww:book knoraType="link_value" linkType="ref" target="ww_1140c36ab545b6d8"/>
    </p0826-teimww:occursIn>
  </p0826-teimww:passage>
  <p0826-teimww:passage id="ww_c36edd54275987a8">
    <knoraXmlImport:label>passage</knoraXmlImport:label>
    <p0826-teimww:contains>
      <p0826-teimww:lexia knoraType="link_value" linkType="ref" target="ww_910ff305db526157"/>
    </p0826-teimww:contains>
    <p0826-teimww:hasPage knoraType="richtext_value">Act 3, scene 3, lines 37-39.</p0826-teimww:hasPage>
    <p0826-teimww:hasText knoraType="richtext_value">[Iago:] &lt;span class="quote"&gt;Ha! I like not that. &lt;br&gt;&lt;/span&gt;
[Othello:] &lt;span class="quote"&gt;What dost thou say? &lt;br&gt;&lt;/span&gt;
[Iago:] &lt;span class="quote"&gt;Nothing, my lord: or if - I know not what. &lt;/span&gt;</p0826-teimww:hasText>
    <p0826-teimww:isMentionedIn>
      <p0826-teimww:passage knoraType="link_value" linkType="ref" target="ww_35f1e4615ba6f9c3"/>
    </p0826-teimww:isMentionedIn>
    <p0826-teimww:occursIn>
      <p0826-teimww:book knoraType="link_value" linkType="ref" target="ww_9b67ca7f120fc425"/>
    </p0826-teimww:occursIn>
    <p0826-teimww:wasContributedBy>
      <p0826-teimww:person knoraType="link_value" linkType="ref" target="ww_c4063e9c72a3ffd2"/>
    </p0826-teimww:wasContributedBy>
  </p0826-teimww:passage>
  <p0826-teimww:passage id="ww_35f1e4615ba6f9c3">
    <knoraXmlImport:label>passage</knoraXmlImport:label>
    <p0826-teimww:occursIn>
      <p0826-teimww:book knoraType="link_value" linkType="ref" target="ww_1140c36ab545b6d8"/>
    </p0826-teimww:occursIn>
  </p0826-teimww:passage>
  <p0826-teimww:passage id="ww_d5714897a51f56d4">
    <knoraXmlImport:label>passage</knoraXmlImport:label>
    <p0826-teimww:contains>
      <p0826-teimww:lexia knoraType="link_value" linkType="ref" target="ww_c55fb5b3649912b2"/>
    </p0826-teimww:contains>
    <p0826-teimww:hasPage knoraType="richtext_value">Act 2, scene 1, lines 122-125.</p0826-teimww:hasPage>
    <p0826-teimww:hasText knoraType="richtext_value">[Iago:] Come on, come on!&lt;span class="quote"&gt; You are pictures out of door, bells in your parlors, wildcats in your kitchens, saints in your injuries, devils being offended, players in your huswifery, and huswives in your beds.&lt;/span&gt;</p0826-teimww:hasText>
    <p0826-teimww:isMentionedIn>
      <p0826-teimww:passage knoraType="link_value" linkType="ref" target="ww_1f8df9b94487089f"/>
    </p0826-teimww:isMentionedIn>
    <p0826-teimww:occursIn>
      <p0826-teimww:book knoraType="link_value" linkType="ref" target="ww_9b67ca7f120fc425"/>
    </p0826-teimww:occursIn>
    <p0826-teimww:wasContributedBy>
      <p0826-teimww:person knoraType="link_value" linkType="ref" target="ww_c4063e9c72a3ffd2"/>
    </p0826-teimww:wasContributedBy>
  </p0826-teimww:passage>
  <p0826-teimww:passage id="ww_1f8df9b94487089f">
    <knoraXmlImport:label>passage</knoraXmlImport:label>
    <p0826-teimww:occursIn>
      <p0826-teimww:book knoraType="link_value" linkType="ref" target="ww_1140c36ab545b6d8"/>
    </p0826-teimww:occursIn>
  </p0826-teimww:passage>
  <p0826-teimww:passage id="ww_ad00542d9745ae80">
    <knoraXmlImport:label>passage</knoraXmlImport:label>
    <p0826-teimww:contains>
      <p0826-teimww:lexia knoraType="link_value" linkType="ref" target="ww_5c26b5996b6a59aa"/>
    </p0826-teimww:contains>
    <p0826-teimww:hasPage knoraType="richtext_value">Act 3, scene 3, lines 391-393.</p0826-teimww:hasPage>
    <p0826-teimww:hasText knoraType="richtext_value">[Othello:] I slept the next night well, fed well, was free and merry. &lt;br&gt;
&lt;span class="quote"&gt;I found not Cassio's kisses on her lips.&lt;/span&gt;</p0826-teimww:hasText>
    <p0826-teimww:isMentionedIn>
      <p0826-teimww:passage knoraType="link_value" linkType="ref" target="ww_73f96fb2d6a9ff66"/>
    </p0826-teimww:isMentionedIn>
    <p0826-teimww:isMentionedIn>
      <p0826-teimww:passage knoraType="link_value" linkType="ref" target="ww_d8508b27d0c42dc2"/>
    </p0826-teimww:isMentionedIn>
    <p0826-teimww:occursIn>
      <p0826-teimww:book knoraType="link_value" linkType="ref" target="ww_9b67ca7f120fc425"/>
    </p0826-teimww:occursIn>
    <p0826-teimww:wasContributedBy>
      <p0826-teimww:person knoraType="link_value" linkType="ref" target="ww_b604df587d93b768"/>
    </p0826-teimww:wasContributedBy>
  </p0826-teimww:passage>
  <p0826-teimww:passage id="ww_73f96fb2d6a9ff66">
    <knoraXmlImport:label>passage</knoraXmlImport:label>
    <p0826-teimww:occursIn>
      <p0826-teimww:book knoraType="link_value" linkType="ref" target="ww_5868d5560bdfc062"/>
    </p0826-teimww:occursIn>
  </p0826-teimww:passage>
  <p0826-teimww:passage id="ww_ac29ba1ef65a7430">
    <knoraXmlImport:label>passage</knoraXmlImport:label>
    <p0826-teimww:contains>
      <p0826-teimww:lexia knoraType="link_value" linkType="ref" target="ww_31ebd3ffde02a21b"/>
    </p0826-teimww:contains>
    <p0826-teimww:hasText knoraType="richtext_value">&lt;span class="annotation"&gt;Title: The Case is Altered&lt;/span&gt;</p0826-teimww:hasText>
    <p0826-teimww:isMentionedIn>
      <p0826-teimww:passage knoraType="link_value" linkType="ref" target="ww_f90e3aa1a17a98ff"/>
    </p0826-teimww:isMentionedIn>
    <p0826-teimww:occursIn>
      <p0826-teimww:book knoraType="link_value" linkType="ref" target="ww_850c6f2b24767d61"/>
    </p0826-teimww:occursIn>
    <p0826-teimww:wasContributedBy>
      <p0826-teimww:person knoraType="link_value" linkType="ref" target="ww_c4063e9c72a3ffd2"/>
    </p0826-teimww:wasContributedBy>
  </p0826-teimww:passage>
  <p0826-teimww:passage id="ww_f90e3aa1a17a98ff">
    <knoraXmlImport:label>passage</knoraXmlImport:label>
    <p0826-teimww:occursIn>
      <p0826-teimww:book knoraType="link_value" linkType="ref" target="ww_df2b8c2f18df151a"/>
    </p0826-teimww:occursIn>
  </p0826-teimww:passage>
  <p0826-teimww:passage id="ww_63c520c82e270ed5">
    <knoraXmlImport:label>passage</knoraXmlImport:label>
    <p0826-teimww:contains>
      <p0826-teimww:lexia knoraType="link_value" linkType="ref" target="ww_2f8e7c23e3e27783"/>
    </p0826-teimww:contains>
    <p0826-teimww:hasPage knoraType="richtext_value">Act 5, scene 2, lines 152-153.</p0826-teimww:hasPage>
    <p0826-teimww:hasText knoraType="richtext_value">[Desdemona:] Nobody. I myself. Farewell.&lt;br&gt;
&lt;span class="quote"&gt;Commend me to my kind lord.&lt;/span&gt; O, farewell.</p0826-teimww:hasText>
    <p0826-teimww:isMentionedIn>
      <p0826-teimww:passage knoraType="link_value" linkType="ref" target="ww_14ec3f514724609e"/>
    </p0826-teimww:isMentionedIn>
    <p0826-teimww:occursIn>
      <p0826-teimww:book knoraType="link_value" linkType="ref" target="ww_9b67ca7f120fc425"/>
    </p0826-teimww:occursIn>
    <p0826-teimww:wasContributedBy>
      <p0826-teimww:person knoraType="link_value" linkType="ref" target="ww_c4063e9c72a3ffd2"/>
    </p0826-teimww:wasContributedBy>
  </p0826-teimww:passage>
  <p0826-teimww:passage id="ww_14ec3f514724609e">
    <knoraXmlImport:label>passage</knoraXmlImport:label>
    <p0826-teimww:occursIn>
      <p0826-teimww:book knoraType="link_value" linkType="ref" target="ww_5868d5560bdfc062"/>
    </p0826-teimww:occursIn>
  </p0826-teimww:passage>
  <p0826-teimww:passage id="ww_f77f117622f666ac">
    <knoraXmlImport:label>passage</knoraXmlImport:label>
    <p0826-teimww:contains>
      <p0826-teimww:lexia knoraType="link_value" linkType="ref" target="ww_1ed33a791bd5d8c6"/>
    </p0826-teimww:contains>
    <p0826-teimww:hasPage knoraType="richtext_value">Act 2, scene 4, lines 254-256.</p0826-teimww:hasPage>
    <p0826-teimww:hasText knoraType="richtext_value">[Lear:] [...] &lt;span class="quote"&gt;But yet thou art my flesh, my blood, my daughter, &lt;br&gt;
Or, rather, a disease that's in my flesh, &lt;br&gt;
Which I must needs call mine.&lt;/span&gt;</p0826-teimww:hasText>
    <p0826-teimww:isMentionedIn>
      <p0826-teimww:passage knoraType="link_value" linkType="ref" target="ww_f3ea660c332091cd"/>
    </p0826-teimww:isMentionedIn>
    <p0826-teimww:occursIn>
      <p0826-teimww:book knoraType="link_value" linkType="ref" target="ww_a9ac3afc4eca7d49"/>
    </p0826-teimww:occursIn>
    <p0826-teimww:wasContributedBy>
      <p0826-teimww:person knoraType="link_value" linkType="ref" target="ww_b604df587d93b768"/>
    </p0826-teimww:wasContributedBy>
  </p0826-teimww:passage>
  <p0826-teimww:passage id="ww_643a481dedf9689d">
    <knoraXmlImport:label>passage</knoraXmlImport:label>
    <p0826-teimww:contains>
      <p0826-teimww:lexia knoraType="link_value" linkType="ref" target="ww_543610985681451d"/>
    </p0826-teimww:contains>
    <p0826-teimww:hasPage knoraType="richtext_value">155; act 1, scene 2, lines 184-222 [normalized spelling].</p0826-teimww:hasPage>
    <p0826-teimww:hasPageHist knoraType="richtext_value">155; act 1, scene 2, lines 184-222.</p0826-teimww:hasPageHist>
    <p0826-teimww:hasText knoraType="richtext_value">[Herod:] [...] Now the Jail deliver me, an intelligencer,&lt;span class="quote"&gt; be good to me ye Cloisters of bondage, of whence art thou?&lt;/span&gt;&lt;br&gt;
[Hercules:] Of Ferrara.&lt;br&gt;
[Herod:] A Ferarees what to me, camest thou in with the Prince Tiberio?&lt;br&gt;
[Hercules:] With the Prince Tiberio , what a that, you will not rayle at me, will you?&lt;br&gt;
[Herod:] Who I? I rail at one of Ferrara, a Ferazees , noe? didst thou ride?&lt;br&gt;
[Hercules:] No.&lt;br&gt;
[Herod:] Hast thou worn socks?&lt;br&gt;
[Hercules:] No.&lt;br&gt;
[Herod:] Then blessed be the most happy gravel betwixt thy toes I do prophesy thy tyrannising itch shall be honourable, and thy right worshipful soul shall appear in full presence; art thou an officer to the Princes.&lt;br&gt;
[Hercules:] I am, what a that?&lt;br&gt;
[Herod:] My cap, what officer?&lt;br&gt;
[Hercules:] Yeoman of his bottles, what to that?&lt;br&gt;
[Herod:] My lip, thy name good yeoman of the bottles?&lt;br&gt;
[Hercules:] Faunus.&lt;br&gt;
[Nymphadoro:] Faunus an old Courtier, I wonder thou art in no better clothes and place Faunus?&lt;br&gt;
[Hercules:] I may be in better place sir, and with them of more regard if this match of our Dukes intermarriage with the heir of Urbin proceed, the Duke of Urbin dying, and our Lord coming in his Lady's right title to your dukedom.</p0826-teimww:hasText>
    <p0826-teimww:hasTextHist knoraType="richtext_value">[Herod:]
By this light he should ha done then home on him, threescore and fiue, to haue and to hold, a Lady of fifteene. O Mizenzius a tiranny equall if not aboue thy torturing; thou didst bind tho liuing and the dead bodies togeather, and forced them so to pine and rott, but this crueltie, binds brest to brest, not onely different bodies, but if it were possible most vnequall minds, togeather with an inforcemet euen scandalous to Nature . Now the Iayle deliuer me, an intelligencer, be good to mee ye Cloysters of bondage, of whence art thou?
&lt;br&gt;
[Hercules:] Of Ferrara.&lt;br&gt;
[Herod:] A Ferarees what to mee, camest thou in with the Prince Tiberio?&lt;br&gt;
[Hercules:] With the Prince Tiberio , what a that, you will not rayle at me, will you?&lt;br&gt;
[Herod:] Who I? I rayle at one of Ferrara, a Ferazees , noe? didst thou ride?&lt;br&gt;
[Hercules:] No.&lt;br&gt;
[Herod:] Hast thou worne socks?&lt;br&gt;
[Hercules:] No.&lt;br&gt;
[Herod:] Then blessed be the most happy grauel betwixt thy toes I doe prophesie thy tirannising ytch shalbe honourable, and thy right worshipfull soule shall appeare in full presence; art thou an officer to the Princes.&lt;br&gt;
[Hercules:] I am, what a that?&lt;br&gt;
[Herod:] My cap, what officer?&lt;br&gt;
[Hercules:] Yeoman of his bottels, what to that?&lt;br&gt;
[Herod:] My lippe, thy name good yeoman of the bottles?&lt;br&gt;
[Hercules:] Faunus.&lt;br&gt;
[Nymphad:] Faunus an old Courtier, I wonder thou art in no better clothes and place Faunus?&lt;br&gt;
[Hercules:] I may be in better place sir, and with them of more regard if this match of our Dukes intermarriage with the heire of Urbin proceed, the Duke of Vrbin dying, and our Lorde comming in his Ladies right title to your dukedome.</p0826-teimww:hasTextHist>
    <p0826-teimww:isMentionedIn>
      <p0826-teimww:passage knoraType="link_value" linkType="ref" target="ww_5debd0a7bd44620b"/>
    </p0826-teimww:isMentionedIn>
    <p0826-teimww:occursIn>
      <p0826-teimww:book knoraType="link_value" linkType="ref" target="ww_d77664dc4673002e"/>
    </p0826-teimww:occursIn>
    <p0826-teimww:wasContributedBy>
      <p0826-teimww:person knoraType="link_value" linkType="ref" target="ww_c4063e9c72a3ffd2"/>
    </p0826-teimww:wasContributedBy>
  </p0826-teimww:passage>
  <p0826-teimww:passage id="ww_5debd0a7bd44620b">
    <knoraXmlImport:label>passage</knoraXmlImport:label>
    <p0826-teimww:occursIn>
      <p0826-teimww:book knoraType="link_value" linkType="ref" target="ww_9ec767d44e3a36f8"/>
    </p0826-teimww:occursIn>
  </p0826-teimww:passage>
  <p0826-teimww:passage id="ww_28374a289910c71f">
    <knoraXmlImport:label>passage</knoraXmlImport:label>
    <p0826-teimww:contains>
      <p0826-teimww:lexia knoraType="link_value" linkType="ref" target="ww_af245185e193e29e"/>
    </p0826-teimww:contains>
    <p0826-teimww:hasPage knoraType="richtext_value">161-162; act 2, scene 1, lines 94-98 [normalized spelling].</p0826-teimww:hasPage>
    <p0826-teimww:hasPageHist knoraType="richtext_value">161-162; act 2, scene 1, lines 94-98.</p0826-teimww:hasPageHist>
    <p0826-teimww:hasText knoraType="richtext_value">[Nymphadoro:] How? the Prince? would he only stood cross to my wishes, he should find me &lt;span class="quote"&gt;an Italian.&lt;br&gt;&lt;/span&gt;
[Hercules:] How, an Italian &lt;br&gt;
[Herod:] &lt;span class="quote"&gt;By thy aid an Italian, &lt;/span&gt;dear Faunus , thou art now wriggled into the Prince's bosom, and thy sweet hand should Minister that Nectar to him, should make him immortal; Nymphadoro in direct phrase, &lt;span class="quote"&gt;thou should'st murder the Prince, &lt;/span&gt;so revenge thine own wrongs, and be rewarded for that revenge.</p0826-teimww:hasText>
    <p0826-teimww:hasTextHist knoraType="richtext_value">[Nymphadoro:] How? the Prince? would hee onely stood crosse to my wishes, he should finde me &lt;span class="quote"&gt;an Italian.&lt;/span&gt;&lt;br&gt;
[Hercules:] How, an Italian &lt;br&gt;
[Herod:] &lt;span class="quote"&gt;By thy ayd an Italian, &lt;/span&gt;deere Fawnus , thou art now wriggled into the Princes bosome, and thy sweet hand should Minister that Nectar to him, should make him immortall; Nymphadoro in direct phrase, &lt;span class="quote"&gt;thou should'st murther the Prince, &lt;/span&gt;so revenge thine owne wrongs, and be rewarded for that revenge.</p0826-teimww:hasTextHist>
    <p0826-teimww:isMentionedIn>
      <p0826-teimww:passage knoraType="link_value" linkType="ref" target="ww_396a51f7a6c9a2b2"/>
    </p0826-teimww:isMentionedIn>
    <p0826-teimww:occursIn>
      <p0826-teimww:book knoraType="link_value" linkType="ref" target="ww_d77664dc4673002e"/>
    </p0826-teimww:occursIn>
    <p0826-teimww:wasContributedBy>
      <p0826-teimww:person knoraType="link_value" linkType="ref" target="ww_c4063e9c72a3ffd2"/>
    </p0826-teimww:wasContributedBy>
  </p0826-teimww:passage>
  <p0826-teimww:passage id="ww_396a51f7a6c9a2b2">
    <knoraXmlImport:label>passage</knoraXmlImport:label>
    <p0826-teimww:occursIn>
      <p0826-teimww:book knoraType="link_value" linkType="ref" target="ww_9ec767d44e3a36f8"/>
    </p0826-teimww:occursIn>
  </p0826-teimww:passage>
  <p0826-teimww:passage id="ww_8235bc689d6d0aff">
    <knoraXmlImport:label>passage</knoraXmlImport:label>
    <p0826-teimww:contains>
      <p0826-teimww:lexia knoraType="link_value" linkType="ref" target="ww_8f0d8f9ec81e6c1f"/>
    </p0826-teimww:contains>
    <p0826-teimww:hasPage knoraType="richtext_value">216; act 5, scene 1 [normalized spelling].</p0826-teimww:hasPage>
    <p0826-teimww:hasPageHist knoraType="richtext_value">216; act 5, scene 1.</p0826-teimww:hasPageHist>
    <p0826-teimww:hasText knoraType="richtext_value">[Hercules:] As for that most precious light of heaven Truth, if time be the father of her, I am sure drunkenness is oftentimes the mother of her, and brings her forth, &lt;span class="quote"&gt;drunkenness brings all out, for it brings all the drink out of the pot, all the wit out of the pate, and all the money out of the purse.&lt;/span&gt;</p0826-teimww:hasText>
    <p0826-teimww:hasTextHist knoraType="richtext_value">[Hercules:] As for that most precious light of heaven Truth, if time bee the father of her, I am sure drunkennes is oftentimes the mother of her, and bringes her forth, Drunkennes bringes all out, for it bringes all the drinke out of the pot, all the witte out of the pate, and all the money out of the purse.</p0826-teimww:hasTextHist>
    <p0826-teimww:isMentionedIn>
      <p0826-teimww:passage knoraType="link_value" linkType="ref" target="ww_db9c979496d54976"/>
    </p0826-teimww:isMentionedIn>
    <p0826-teimww:occursIn>
      <p0826-teimww:book knoraType="link_value" linkType="ref" target="ww_d77664dc4673002e"/>
    </p0826-teimww:occursIn>
    <p0826-teimww:wasContributedBy>
      <p0826-teimww:person knoraType="link_value" linkType="ref" target="ww_c4063e9c72a3ffd2"/>
    </p0826-teimww:wasContributedBy>
  </p0826-teimww:passage>
  <p0826-teimww:passage id="ww_db9c979496d54976">
    <knoraXmlImport:label>passage</knoraXmlImport:label>
    <p0826-teimww:occursIn>
      <p0826-teimww:book knoraType="link_value" linkType="ref" target="ww_9ec767d44e3a36f8"/>
    </p0826-teimww:occursIn>
  </p0826-teimww:passage>
  <p0826-teimww:passage id="ww_f937ecdfba418e07">
    <knoraXmlImport:label>passage</knoraXmlImport:label>
    <p0826-teimww:contains>
      <p0826-teimww:lexia knoraType="link_value" linkType="ref" target="ww_e4bea9b17c77c640"/>
    </p0826-teimww:contains>
    <p0826-teimww:hasPage knoraType="richtext_value">159; act 2, scene 1, lines 1-4 [normalized spelling].</p0826-teimww:hasPage>
    <p0826-teimww:hasPageHist knoraType="richtext_value">159; act 2, scene 1, lines 1-4.</p0826-teimww:hasPageHist>
    <p0826-teimww:hasText knoraType="richtext_value">[Herod:] Come Sir, a stool boy, these Court Feasts are to us Servitors Court Fasts, &lt;span class="quote"&gt;such scrambling, such shift for to eat, and where to eat, here a Squire of low degree hath got the carcass of a Plover, there Pages of the Chamber divide the spoils of a tattered Pheasant, here the Sewer has friended a Country Gentleman with a sweet green goose, and there a young fellow that late has bought his office, has caught a Woodcock by the nose, &lt;i&gt;with cups full ever flowing.&lt;/i&gt;&lt;/span&gt;</p0826-teimww:hasText>
    <p0826-teimww:hasTextHist knoraType="richtext_value">[Herod:]
Come Sir, a stoole boy, these Court Feasts are to us Servitors Court Fasts, such scambling, such shift for to eate, and where to eate, here a Squire of lowe degree hath got the carkasse of a Plover, there Pages of the Chamber diuide the spoyles of a tatterd Phesant, here the Sewer has friended a Countrey Gentleman with a sweet green goose, and there a yong fellow that late has bought his office, has caught a Woodcocke by the nose, &lt;i&gt;with cups full everflowing&lt;/i&gt;.</p0826-teimww:hasTextHist>
    <p0826-teimww:isMentionedIn>
      <p0826-teimww:passage knoraType="link_value" linkType="ref" target="ww_db9c979496d54976"/>
    </p0826-teimww:isMentionedIn>
    <p0826-teimww:occursIn>
      <p0826-teimww:book knoraType="link_value" linkType="ref" target="ww_d77664dc4673002e"/>
    </p0826-teimww:occursIn>
    <p0826-teimww:wasContributedBy>
      <p0826-teimww:person knoraType="link_value" linkType="ref" target="ww_c4063e9c72a3ffd2"/>
    </p0826-teimww:wasContributedBy>
  </p0826-teimww:passage>
  <p0826-teimww:passage id="ww_48ef0edaddcdd837">
    <knoraXmlImport:label>passage</knoraXmlImport:label>
    <p0826-teimww:contains>
      <p0826-teimww:lexia knoraType="link_value" linkType="ref" target="ww_014c8cf25b02a293"/>
    </p0826-teimww:contains>
    <p0826-teimww:hasPage knoraType="richtext_value">197; act 4 [normalized spelling].</p0826-teimww:hasPage>
    <p0826-teimww:hasPageHist knoraType="richtext_value">197; act 4 [normalized spelling].</p0826-teimww:hasPageHist>
    <p0826-teimww:hasText knoraType="richtext_value">[Dondolo:] An other that there is no present time, and that one man to day, and tomorrow is not the same man, so that &lt;span class="quote"&gt;he that yesterday owed money today owes none, because he is not the same man.&lt;/span&gt;</p0826-teimww:hasText>
    <p0826-teimww:hasTextHist knoraType="richtext_value">[Dondolo:] An other that there is no present time, and that one man to-day, and to-morrow is not the same man, so that he that yesterday owed money to-day owes none, because he is not the same man.</p0826-teimww:hasTextHist>
    <p0826-teimww:isMentionedIn>
      <p0826-teimww:passage knoraType="link_value" linkType="ref" target="ww_db9c979496d54976"/>
    </p0826-teimww:isMentionedIn>
    <p0826-teimww:occursIn>
      <p0826-teimww:book knoraType="link_value" linkType="ref" target="ww_d77664dc4673002e"/>
    </p0826-teimww:occursIn>
    <p0826-teimww:wasContributedBy>
      <p0826-teimww:person knoraType="link_value" linkType="ref" target="ww_c4063e9c72a3ffd2"/>
    </p0826-teimww:wasContributedBy>
  </p0826-teimww:passage>
  <p0826-teimww:passage id="ww_8f7c3e709a78e4e5">
    <knoraXmlImport:label>passage</knoraXmlImport:label>
    <p0826-teimww:contains>
      <p0826-teimww:lexia knoraType="link_value" linkType="ref" target="ww_e0981e654befcb1a"/>
    </p0826-teimww:contains>
    <p0826-teimww:hasPage knoraType="richtext_value">205; act 4, scene 1 [normalized spelling].</p0826-teimww:hasPage>
    <p0826-teimww:hasPageHist knoraType="richtext_value">205; act 4, scene 1.</p0826-teimww:hasPageHist>
    <p0826-teimww:hasText knoraType="richtext_value">[Zuccone:] What years Fawn?&lt;br&gt;
[Hercules:] Some fewer score wanting one.&lt;br&gt;
[Zuccone:] A good sober age, is she wealthy?&lt;br&gt;
[Hercules:] Very wealthy.&lt;br&gt;
[Zuccone:] Excellent.&lt;br&gt;
[Hercules:] &lt;span class="quote"&gt;She has three hairs on her scalp and four teeth in her head, a brow wrinkled and puckered like old parchment half burnt, she has had eyes, no woman's Jawbones are more apparent, her sometimes envious lips, now shrink in, and give her nose and her chin leave to kiss each other, very moistly as for her revered it seldom opens, but the very breath that flies out of it infects the fowls of the air, &amp; makes them drop down dead, her breasts hang like cobwebs, her flesh will never make you cuckold, her bones may.&lt;br&gt;&lt;/span&gt;
[Zuccone:] &lt;span class="quote"&gt;But is she wealthy?&lt;br&gt;&lt;/span&gt;
[Hercules:] &lt;span class="quote"&gt;Very wealthy.&lt;/span&gt;</p0826-teimww:hasText>
    <p0826-teimww:hasTextHist knoraType="richtext_value">[Zuccone:] What yeeres Fawne?&lt;br&gt;
[Hercules:] Some fower score wanting one. &lt;br&gt;
[Zuccone:] A good sober age, is she wealthy?&lt;br&gt;
[Hercules:] Very wealthy.&lt;br&gt;
[Zuccone:] Excellent.&lt;br&gt;
[Hercules:] Shee hasthree haires on her scalpe and fower teeth in her head, a browe wrinkled and puckred like old parchment halfe burnt, she haz had eies, no womans jawbones are more apparant, her sometimes envious lips, now shrink in, and give her nose and her chin leave to kisse each other, verie moistlye; as for her revered mouth it seldome opens, but the very breath that flies out of it, infects the fowls of the aire, and makes them drop down dead, her brests hang like cobwebs, her flesh wil neuer make you cuckold, her bones may.&lt;br&gt;
[Zuccone:] But is she welthy.&lt;br&gt;
[Hercules:] Very wealthie.</p0826-teimww:hasTextHist>
    <p0826-teimww:isMentionedIn>
      <p0826-teimww:passage knoraType="link_value" linkType="ref" target="ww_e37a791cce3d9e8e"/>
    </p0826-teimww:isMentionedIn>
    <p0826-teimww:occursIn>
      <p0826-teimww:book knoraType="link_value" linkType="ref" target="ww_d77664dc4673002e"/>
    </p0826-teimww:occursIn>
    <p0826-teimww:wasContributedBy>
      <p0826-teimww:person knoraType="link_value" linkType="ref" target="ww_c4063e9c72a3ffd2"/>
    </p0826-teimww:wasContributedBy>
  </p0826-teimww:passage>
  <p0826-teimww:passage id="ww_e37a791cce3d9e8e">
    <knoraXmlImport:label>passage</knoraXmlImport:label>
    <p0826-teimww:occursIn>
      <p0826-teimww:book knoraType="link_value" linkType="ref" target="ww_9ec767d44e3a36f8"/>
    </p0826-teimww:occursIn>
  </p0826-teimww:passage>
  <p0826-teimww:passage id="ww_3f160b1169828802">
    <knoraXmlImport:label>passage</knoraXmlImport:label>
    <p0826-teimww:contains>
      <p0826-teimww:lexia knoraType="link_value" linkType="ref" target="ww_7ab698472668e58e"/>
    </p0826-teimww:contains>
    <p0826-teimww:hasPage knoraType="richtext_value">92 [normalized spelling].</p0826-teimww:hasPage>
    <p0826-teimww:hasPageHist knoraType="richtext_value">92.</p0826-teimww:hasPageHist>
    <p0826-teimww:hasText knoraType="richtext_value">[Quicksilver:] [...] turn good fellow, turn swaggering gallant, and &lt;span class="quote"&gt;&lt;i&gt;let the Welkin roar, and Erebus also: &lt;/i&gt;Look not Westward to the fall of Don Phoebus, but to the East; &lt;i&gt;Eastward Ho &lt;/i&gt;&lt;/span&gt;[...].</p0826-teimww:hasText>
    <p0826-teimww:hasTextHist knoraType="richtext_value">[Quicksilver:] [...] turne good fellow, turne swaggering gallant, and &lt;span class="quote"&gt;&lt;i&gt;let the Welkin roare, and Erebus also: &lt;/i&gt;Looke not Westward to the fall of Don Phoebus, but to the East; &lt;i&gt;Eastward Hoe &lt;/i&gt;&lt;/span&gt;[...].</p0826-teimww:hasTextHist>
    <p0826-teimww:isMentionedIn>
      <p0826-teimww:passage knoraType="link_value" linkType="ref" target="ww_77f9131d25ca04c1"/>
    </p0826-teimww:isMentionedIn>
    <p0826-teimww:occursIn>
      <p0826-teimww:book knoraType="link_value" linkType="ref" target="ww_c021f9c6c9cb807d"/>
    </p0826-teimww:occursIn>
    <p0826-teimww:wasContributedBy>
      <p0826-teimww:person knoraType="link_value" linkType="ref" target="ww_c4063e9c72a3ffd2"/>
    </p0826-teimww:wasContributedBy>
  </p0826-teimww:passage>
  <p0826-teimww:passage id="ww_77f9131d25ca04c1">
    <knoraXmlImport:label>passage</knoraXmlImport:label>
    <p0826-teimww:occursIn>
      <p0826-teimww:book knoraType="link_value" linkType="ref" target="ww_1140c36ab545b6d8"/>
    </p0826-teimww:occursIn>
  </p0826-teimww:passage>
  <p0826-teimww:passage id="ww_17cf1a2c74594deb">
    <knoraXmlImport:label>passage</knoraXmlImport:label>
    <p0826-teimww:contains>
      <p0826-teimww:lexia knoraType="link_value" linkType="ref" target="ww_bb1de93868c8d12e"/>
    </p0826-teimww:contains>
    <p0826-teimww:hasPage knoraType="richtext_value">93 [normalized spelling].</p0826-teimww:hasPage>
    <p0826-teimww:hasPageHist knoraType="richtext_value">93.</p0826-teimww:hasPageHist>
    <p0826-teimww:hasText knoraType="richtext_value">&lt;span class="quote"&gt;(Enter Beatrice leading a Monkey after her).&lt;/span&gt;</p0826-teimww:hasText>
    <p0826-teimww:hasTextHist knoraType="richtext_value">&lt;span class="quote"&gt;(Enter Bettrice leading a Monkey after her).&lt;/span&gt;</p0826-teimww:hasTextHist>
    <p0826-teimww:isMentionedIn>
      <p0826-teimww:passage knoraType="link_value" linkType="ref" target="ww_59af352bd91cd8a1"/>
    </p0826-teimww:isMentionedIn>
    <p0826-teimww:isMentionedIn>
      <p0826-teimww:passage knoraType="link_value" linkType="ref" target="ww_bec3e31af822b9a4"/>
    </p0826-teimww:isMentionedIn>
    <p0826-teimww:occursIn>
      <p0826-teimww:book knoraType="link_value" linkType="ref" target="ww_c021f9c6c9cb807d"/>
    </p0826-teimww:occursIn>
    <p0826-teimww:wasContributedBy>
      <p0826-teimww:person knoraType="link_value" linkType="ref" target="ww_c4063e9c72a3ffd2"/>
    </p0826-teimww:wasContributedBy>
  </p0826-teimww:passage>
  <p0826-teimww:passage id="ww_ff483645996683a8">
    <knoraXmlImport:label>passage</knoraXmlImport:label>
    <p0826-teimww:contains>
      <p0826-teimww:lexia knoraType="link_value" linkType="ref" target="ww_3f9c292bd2b1470b"/>
    </p0826-teimww:contains>
    <p0826-teimww:hasPage knoraType="richtext_value">101 [normalized spelling].</p0826-teimww:hasPage>
    <p0826-teimww:hasPageHist knoraType="richtext_value">101.</p0826-teimww:hasPageHist>
    <p0826-teimww:hasText knoraType="richtext_value">[Quicksilver:] &lt;span class="quote"&gt;Eastward Ho; Holla ye pampered Jades of Asia. &lt;/span&gt;</p0826-teimww:hasText>
    <p0826-teimww:hasTextHist knoraType="richtext_value">[Quicksilver:] &lt;span class="quote"&gt;Eastward Hoe; Holla ye pampered Jades of Asia. &lt;/span&gt;</p0826-teimww:hasTextHist>
    <p0826-teimww:isMentionedIn>
      <p0826-teimww:passage knoraType="link_value" linkType="ref" target="ww_10db7108b4680c97"/>
    </p0826-teimww:isMentionedIn>
    <p0826-teimww:occursIn>
      <p0826-teimww:book knoraType="link_value" linkType="ref" target="ww_c021f9c6c9cb807d"/>
    </p0826-teimww:occursIn>
    <p0826-teimww:wasContributedBy>
      <p0826-teimww:person knoraType="link_value" linkType="ref" target="ww_c4063e9c72a3ffd2"/>
    </p0826-teimww:wasContributedBy>
  </p0826-teimww:passage>
  <p0826-teimww:passage id="ww_10db7108b4680c97">
    <knoraXmlImport:label>passage</knoraXmlImport:label>
    <p0826-teimww:occursIn>
      <p0826-teimww:book knoraType="link_value" linkType="ref" target="ww_1140c36ab545b6d8"/>
    </p0826-teimww:occursIn>
  </p0826-teimww:passage>
  <p0826-teimww:passage id="ww_a1b32f23639ca208">
    <knoraXmlImport:label>passage</knoraXmlImport:label>
    <p0826-teimww:contains>
      <p0826-teimww:lexia knoraType="link_value" linkType="ref" target="ww_155a2664470edfde"/>
    </p0826-teimww:contains>
    <p0826-teimww:hasPage knoraType="richtext_value">102 [normalized spelling].</p0826-teimww:hasPage>
    <p0826-teimww:hasPageHist knoraType="richtext_value">102.</p0826-teimww:hasPageHist>
    <p0826-teimww:hasText knoraType="richtext_value">[Quicksilver:] Sfoot lend me some money, &lt;span class="quote"&gt;&lt;i&gt;hast thou not Hyren here? &lt;/i&gt;&lt;/span&gt;&lt;/span&gt;</p0826-teimww:hasText>
    <p0826-teimww:hasTextHist knoraType="richtext_value">[Quicksilver:] Sfoote lend me some money, &lt;span class="quote"&gt;&lt;i&gt;hast thou not Hyren here? &lt;/i&gt;&lt;/span&gt;&lt;/span&gt;</p0826-teimww:hasTextHist>
    <p0826-teimww:isMentionedIn>
      <p0826-teimww:passage knoraType="link_value" linkType="ref" target="ww_5cc21c154f4f9c99"/>
    </p0826-teimww:isMentionedIn>
    <p0826-teimww:occursIn>
      <p0826-teimww:book knoraType="link_value" linkType="ref" target="ww_c021f9c6c9cb807d"/>
    </p0826-teimww:occursIn>
    <p0826-teimww:wasContributedBy>
      <p0826-teimww:person knoraType="link_value" linkType="ref" target="ww_c4063e9c72a3ffd2"/>
    </p0826-teimww:wasContributedBy>
  </p0826-teimww:passage>
  <p0826-teimww:passage id="ww_5cc21c154f4f9c99">
    <knoraXmlImport:label>passage</knoraXmlImport:label>
    <p0826-teimww:occursIn>
      <p0826-teimww:book knoraType="link_value" linkType="ref" target="ww_1140c36ab545b6d8"/>
    </p0826-teimww:occursIn>
  </p0826-teimww:passage>
  <p0826-teimww:passage id="ww_64044b7e238db8cd">
    <knoraXmlImport:label>passage</knoraXmlImport:label>
    <p0826-teimww:contains>
      <p0826-teimww:lexia knoraType="link_value" linkType="ref" target="ww_e1535e46d2de6ed9"/>
    </p0826-teimww:contains>
    <p0826-teimww:hasPage knoraType="richtext_value">107 [normalized spelling].</p0826-teimww:hasPage>
    <p0826-teimww:hasPageHist knoraType="richtext_value">107.</p0826-teimww:hasPageHist>
    <p0826-teimww:hasText knoraType="richtext_value">[Securitie:] [...] &lt;span class="quote"&gt;at every shaking of a leaf, he falls into an agony, to think what danger his Ship is in on such a Coast, &lt;/span&gt;and so forth.</p0826-teimww:hasText>
    <p0826-teimww:hasTextHist knoraType="richtext_value">[Securitie:] [...] &lt;span class="quote"&gt;at every shaking of a leafe, hee falles into an agonie, to thinke what daunger his Shippe is in on such a Coast, &lt;/span&gt;and so forth.</p0826-teimww:hasTextHist>
    <p0826-teimww:occursIn>
      <p0826-teimww:book knoraType="link_value" linkType="ref" target="ww_c021f9c6c9cb807d"/>
    </p0826-teimww:occursIn>
    <p0826-teimww:wasContributedBy>
      <p0826-teimww:person knoraType="link_value" linkType="ref" target="ww_c4063e9c72a3ffd2"/>
    </p0826-teimww:wasContributedBy>
  </p0826-teimww:passage>
  <p0826-teimww:passage id="ww_30b835673aca2973">
    <knoraXmlImport:label>passage</knoraXmlImport:label>
    <p0826-teimww:contains>
      <p0826-teimww:lexia knoraType="link_value" linkType="ref" target="ww_a14b711c12a38e24"/>
    </p0826-teimww:contains>
    <p0826-teimww:hasPage knoraType="richtext_value">456; act 1, scene 1, lines 76-77.</p0826-teimww:hasPage>
    <p0826-teimww:hasPageHist knoraType="richtext_value">75.</p0826-teimww:hasPageHist>
    <p0826-teimww:hasText knoraType="richtext_value">[Sam:] [...] they call it "knighting" in London when &lt;span class="quote"&gt;they drink upon their knees.&lt;/span&gt;</p0826-teimww:hasText>
    <p0826-teimww:hasTextHist knoraType="richtext_value">[Sam:] [...] they call it knighting in London, when &lt;span class="quote"&gt;they drink upon their knees.&lt;/span&gt;</p0826-teimww:hasTextHist>
    <p0826-teimww:isMentionedIn>
      <p0826-teimww:passage knoraType="link_value" linkType="ref" target="ww_a4f92d68d4b3a3f4"/>
    </p0826-teimww:isMentionedIn>
    <p0826-teimww:occursIn>
      <p0826-teimww:book knoraType="link_value" linkType="ref" target="ww_b3682ff76e9d5773"/>
    </p0826-teimww:occursIn>
    <p0826-teimww:wasContributedBy>
      <p0826-teimww:person knoraType="link_value" linkType="ref" target="ww_b604df587d93b768"/>
    </p0826-teimww:wasContributedBy>
  </p0826-teimww:passage>
  <p0826-teimww:passage id="ww_6ea239c430783d65">
    <knoraXmlImport:label>passage</knoraXmlImport:label>
    <p0826-teimww:contains>
      <p0826-teimww:lexia knoraType="link_value" linkType="ref" target="ww_169a55aaac54b52d"/>
    </p0826-teimww:contains>
    <p0826-teimww:hasText knoraType="richtext_value">&lt;span class="quote"&gt;Lear&lt;/span&gt;</p0826-teimww:hasText>
    <p0826-teimww:isMentionedIn>
      <p0826-teimww:passage knoraType="link_value" linkType="ref" target="ww_b8a6239684c082bc"/>
    </p0826-teimww:isMentionedIn>
    <p0826-teimww:occursIn>
      <p0826-teimww:book knoraType="link_value" linkType="ref" target="ww_a9ac3afc4eca7d49"/>
    </p0826-teimww:occursIn>
    <p0826-teimww:wasContributedBy>
      <p0826-teimww:person knoraType="link_value" linkType="ref" target="ww_c4063e9c72a3ffd2"/>
    </p0826-teimww:wasContributedBy>
  </p0826-teimww:passage>
  <p0826-teimww:passage id="ww_a25e89ef5ba7add6">
    <knoraXmlImport:label>passage</knoraXmlImport:label>
    <p0826-teimww:contains>
      <p0826-teimww:lexia knoraType="link_value" linkType="ref" target="ww_5c62ac50a459520b"/>
    </p0826-teimww:contains>
    <p0826-teimww:hasPage knoraType="richtext_value">Act 1, scene 2, lines 9-16.</p0826-teimww:hasPage>
    <p0826-teimww:hasText knoraType="richtext_value">[Edmund:] [...] Why brand they us &lt;br&gt;
&lt;span class="quote"&gt;With "base," with "baseness," "bastardy," "base," "base," &lt;br&gt;
Who, in the lusty stealth of nature, take &lt;br&gt;
More composition and fierce quality &lt;br&gt;
Than doth within a dull, stale, tired bed &lt;br&gt;
Go to th’ creating a whole tribe of fops &lt;br&gt;
Got ’tween asleep and wake?&lt;/span&gt;</p0826-teimww:hasText>
    <p0826-teimww:isMentionedIn>
      <p0826-teimww:passage knoraType="link_value" linkType="ref" target="ww_4438e6e3664a48c1"/>
    </p0826-teimww:isMentionedIn>
    <p0826-teimww:occursIn>
      <p0826-teimww:book knoraType="link_value" linkType="ref" target="ww_a9ac3afc4eca7d49"/>
    </p0826-teimww:occursIn>
    <p0826-teimww:wasContributedBy>
      <p0826-teimww:person knoraType="link_value" linkType="ref" target="ww_b604df587d93b768"/>
    </p0826-teimww:wasContributedBy>
  </p0826-teimww:passage>
  <p0826-teimww:passage id="ww_4438e6e3664a48c1">
    <knoraXmlImport:label>passage</knoraXmlImport:label>
    <p0826-teimww:occursIn>
      <p0826-teimww:book knoraType="link_value" linkType="ref" target="ww_5eeeb3e78e8b0bc3"/>
    </p0826-teimww:occursIn>
  </p0826-teimww:passage>
  <p0826-teimww:passage id="ww_eb6f2f6739b9f077">
    <knoraXmlImport:label>passage</knoraXmlImport:label>
    <p0826-teimww:contains>
      <p0826-teimww:lexia knoraType="link_value" linkType="ref" target="ww_0958b77317122efe"/>
    </p0826-teimww:contains>
    <p0826-teimww:hasPage knoraType="richtext_value">165 [normalized spelling].</p0826-teimww:hasPage>
    <p0826-teimww:hasPageHist knoraType="richtext_value">165.</p0826-teimww:hasPageHist>
    <p0826-teimww:hasText knoraType="richtext_value">[Hercules:] For indeed, sir, &lt;span class="quote"&gt;a repressed fame mounts like a camomile, the more trod down, the more it grows &lt;/span&gt;[...].	</p0826-teimww:hasText>
    <p0826-teimww:hasTextHist knoraType="richtext_value">[Hercules:] For indeed, sir, &lt;span class="quote"&gt;a repressed fame mounts like a camomile, the more trod down, the more it grows &lt;/span&gt;[...].	</p0826-teimww:hasTextHist>
    <p0826-teimww:isMentionedIn>
      <p0826-teimww:passage knoraType="link_value" linkType="ref" target="ww_decd47fa7ca662eb"/>
    </p0826-teimww:isMentionedIn>
    <p0826-teimww:occursIn>
      <p0826-teimww:book knoraType="link_value" linkType="ref" target="ww_d77664dc4673002e"/>
    </p0826-teimww:occursIn>
    <p0826-teimww:wasContributedBy>
      <p0826-teimww:person knoraType="link_value" linkType="ref" target="ww_c4063e9c72a3ffd2"/>
    </p0826-teimww:wasContributedBy>
  </p0826-teimww:passage>
  <p0826-teimww:passage id="ww_decd47fa7ca662eb">
    <knoraXmlImport:label>passage</knoraXmlImport:label>
    <p0826-teimww:occursIn>
      <p0826-teimww:book knoraType="link_value" linkType="ref" target="ww_67e1fbe9bd0f1b9d"/>
    </p0826-teimww:occursIn>
  </p0826-teimww:passage>
  <p0826-teimww:passage id="ww_de8253970ac761dd">
    <knoraXmlImport:label>passage</knoraXmlImport:label>
    <p0826-teimww:contains>
      <p0826-teimww:lexia knoraType="link_value" linkType="ref" target="ww_1351a3bb609d5bf6"/>
    </p0826-teimww:contains>
    <p0826-teimww:hasPage knoraType="richtext_value">188 [normalized spelling].</p0826-teimww:hasPage>
    <p0826-teimww:hasPageHist knoraType="richtext_value">188.</p0826-teimww:hasPageHist>
    <p0826-teimww:hasText knoraType="richtext_value">[Gonzago:] [...] anxoué e ampexou, &lt;span class="quote"&gt;(that's Greek to you now.)&lt;/span&gt;</p0826-teimww:hasText>
    <p0826-teimww:hasTextHist knoraType="richtext_value">[Gonzago:] [...] anxoué e ampexou, &lt;span class="quote"&gt;(that's Greeke to you now.)&lt;/span&gt;</p0826-teimww:hasTextHist>
    <p0826-teimww:occursIn>
      <p0826-teimww:book knoraType="link_value" linkType="ref" target="ww_d77664dc4673002e"/>
    </p0826-teimww:occursIn>
    <p0826-teimww:wasContributedBy>
      <p0826-teimww:person knoraType="link_value" linkType="ref" target="ww_c4063e9c72a3ffd2"/>
    </p0826-teimww:wasContributedBy>
  </p0826-teimww:passage>
  <p0826-teimww:passage id="ww_f185dd038d2cedce">
    <knoraXmlImport:label>passage</knoraXmlImport:label>
    <p0826-teimww:contains>
      <p0826-teimww:lexia knoraType="link_value" linkType="ref" target="ww_5fffd07151f2f286"/>
    </p0826-teimww:contains>
    <p0826-teimww:hasPage knoraType="richtext_value">206 [normalized spelling].</p0826-teimww:hasPage>
    <p0826-teimww:hasPageHist knoraType="richtext_value">206.</p0826-teimww:hasPageHist>
    <p0826-teimww:hasText knoraType="richtext_value">[Don Zuccone:] [...] &lt;span class="quote"&gt;dost thou leer on me?	&lt;/span&gt;</p0826-teimww:hasText>
    <p0826-teimww:hasTextHist knoraType="richtext_value">[Don Zuccone:] [...] &lt;span class="quote"&gt;dost thou leere on me?	&lt;/span&gt;</p0826-teimww:hasTextHist>
    <p0826-teimww:occursIn>
      <p0826-teimww:book knoraType="link_value" linkType="ref" target="ww_d77664dc4673002e"/>
    </p0826-teimww:occursIn>
    <p0826-teimww:wasContributedBy>
      <p0826-teimww:person knoraType="link_value" linkType="ref" target="ww_c4063e9c72a3ffd2"/>
    </p0826-teimww:wasContributedBy>
  </p0826-teimww:passage>
  <p0826-teimww:passage id="ww_28b4dfe5ac64b2c1">
    <knoraXmlImport:label>passage</knoraXmlImport:label>
    <p0826-teimww:contains>
      <p0826-teimww:lexia knoraType="link_value" linkType="ref" target="ww_5cfe3f2b66d2109a"/>
    </p0826-teimww:contains>
    <p0826-teimww:hasPage knoraType="richtext_value">212 [normalized spelling].</p0826-teimww:hasPage>
    <p0826-teimww:hasPageHist knoraType="richtext_value">212.</p0826-teimww:hasPageHist>
    <p0826-teimww:hasText knoraType="richtext_value">[Donetta:] [...] my fools that were appointed to wait on Don Cupid &lt;span class="quote"&gt;have launched out their ship to purge their stomachs on the water&lt;/span&gt; [...].	</p0826-teimww:hasText>
    <p0826-teimww:hasTextHist knoraType="richtext_value">[Donetta:] [...] my fooles that were appointed to waight on Don Cupid &lt;span class="quote"&gt;have launcht out their ship to purge their stomackes on the water&lt;/span&gt; [...].	</p0826-teimww:hasTextHist>
    <p0826-teimww:isMentionedIn>
      <p0826-teimww:passage knoraType="link_value" linkType="ref" target="ww_426114c879385e5f"/>
    </p0826-teimww:isMentionedIn>
    <p0826-teimww:occursIn>
      <p0826-teimww:book knoraType="link_value" linkType="ref" target="ww_d77664dc4673002e"/>
    </p0826-teimww:occursIn>
    <p0826-teimww:wasContributedBy>
      <p0826-teimww:person knoraType="link_value" linkType="ref" target="ww_c4063e9c72a3ffd2"/>
    </p0826-teimww:wasContributedBy>
  </p0826-teimww:passage>
  <p0826-teimww:passage id="ww_426114c879385e5f">
    <knoraXmlImport:label>passage</knoraXmlImport:label>
    <p0826-teimww:occursIn>
      <p0826-teimww:book knoraType="link_value" linkType="ref" target="ww_3e15ab6c612eadae"/>
    </p0826-teimww:occursIn>
  </p0826-teimww:passage>
  <p0826-teimww:passage id="ww_b86f2921a044c926">
    <knoraXmlImport:label>passage</knoraXmlImport:label>
    <p0826-teimww:contains>
      <p0826-teimww:lexia knoraType="link_value" linkType="ref" target="ww_94aba4abe96bda30"/>
    </p0826-teimww:contains>
    <p0826-teimww:hasPage knoraType="richtext_value">217 [normalized spelling].</p0826-teimww:hasPage>
    <p0826-teimww:hasText knoraType="richtext_value">[Hercules:] &lt;span class="quote"&gt;Sole lov'de of him &lt;/span&gt;[has been emended to "sole lord of Hymen" ]	</p0826-teimww:hasText>
    <p0826-teimww:isMentionedIn>
      <p0826-teimww:passage knoraType="link_value" linkType="ref" target="ww_a09e8cf1b33eb08a"/>
    </p0826-teimww:isMentionedIn>
    <p0826-teimww:occursIn>
      <p0826-teimww:book knoraType="link_value" linkType="ref" target="ww_d77664dc4673002e"/>
    </p0826-teimww:occursIn>
    <p0826-teimww:wasContributedBy>
      <p0826-teimww:person knoraType="link_value" linkType="ref" target="ww_c4063e9c72a3ffd2"/>
    </p0826-teimww:wasContributedBy>
  </p0826-teimww:passage>
  <p0826-teimww:passage id="ww_a09e8cf1b33eb08a">
    <knoraXmlImport:label>passage</knoraXmlImport:label>
    <p0826-teimww:occursIn>
      <p0826-teimww:book knoraType="link_value" linkType="ref" target="ww_5af91280461707f1"/>
    </p0826-teimww:occursIn>
  </p0826-teimww:passage>
  <p0826-teimww:passage id="ww_c4877279c5280c12">
    <knoraXmlImport:label>passage</knoraXmlImport:label>
    <p0826-teimww:contains>
      <p0826-teimww:lexia knoraType="link_value" linkType="ref" target="ww_63265d2574cd459f"/>
    </p0826-teimww:contains>
    <p0826-teimww:hasPage knoraType="richtext_value">13 [normalized spelling].</p0826-teimww:hasPage>
    <p0826-teimww:hasPageHist knoraType="richtext_value">13.</p0826-teimww:hasPageHist>
    <p0826-teimww:hasText knoraType="richtext_value">[Carthalon:] Upon whose tops the Roman eagles stretch'd&lt;br&gt;
&lt;span class="quote"&gt;Their large spread wings, which fann'd the evening air&lt;br&gt;
To us cold breath &lt;/span&gt;[...].</p0826-teimww:hasText>
    <p0826-teimww:hasTextHist knoraType="richtext_value">[Carthalon:] Upon whose tops the Roman eagles stretch'd&lt;br&gt;
&lt;span class="quote"&gt;Their large spread winges, which fan'd the evening ayre&lt;br&gt;
To us cold breath &lt;/span&gt;[...].</p0826-teimww:hasTextHist>
    <p0826-teimww:isMentionedIn>
      <p0826-teimww:passage knoraType="link_value" linkType="ref" target="ww_e92813c78ea0e1fc"/>
    </p0826-teimww:isMentionedIn>
    <p0826-teimww:occursIn>
      <p0826-teimww:book knoraType="link_value" linkType="ref" target="ww_aba8d90916ae3714"/>
    </p0826-teimww:occursIn>
    <p0826-teimww:wasContributedBy>
      <p0826-teimww:person knoraType="link_value" linkType="ref" target="ww_c4063e9c72a3ffd2"/>
    </p0826-teimww:wasContributedBy>
  </p0826-teimww:passage>
  <p0826-teimww:passage id="ww_e92813c78ea0e1fc">
    <knoraXmlImport:label>passage</knoraXmlImport:label>
    <p0826-teimww:occursIn>
      <p0826-teimww:book knoraType="link_value" linkType="ref" target="ww_5af91280461707f1"/>
    </p0826-teimww:occursIn>
  </p0826-teimww:passage>
  <p0826-teimww:passage id="ww_e3790d253a930912">
    <knoraXmlImport:label>passage</knoraXmlImport:label>
    <p0826-teimww:contains>
      <p0826-teimww:lexia knoraType="link_value" linkType="ref" target="ww_f13b626ee124149a"/>
    </p0826-teimww:contains>
    <p0826-teimww:hasPage knoraType="richtext_value">11 [normalized spelling].</p0826-teimww:hasPage>
    <p0826-teimww:hasPageHist knoraType="richtext_value">11.</p0826-teimww:hasPageHist>
    <p0826-teimww:hasText knoraType="richtext_value">[Syphax:] [...] Haste Negro, that &lt;span class="quote"&gt;this heap may &lt;/span&gt;know&lt;br&gt;
Me and their wrong [...].</p0826-teimww:hasText>
    <p0826-teimww:hasTextHist knoraType="richtext_value">[Syphax:] [...] Haste Negro, that this heape may know&lt;br&gt;
Me and their wronge [...].</p0826-teimww:hasTextHist>
    <p0826-teimww:isMentionedIn>
      <p0826-teimww:passage knoraType="link_value" linkType="ref" target="ww_a5164664a66a0767"/>
    </p0826-teimww:isMentionedIn>
    <p0826-teimww:occursIn>
      <p0826-teimww:book knoraType="link_value" linkType="ref" target="ww_aba8d90916ae3714"/>
    </p0826-teimww:occursIn>
    <p0826-teimww:wasContributedBy>
      <p0826-teimww:person knoraType="link_value" linkType="ref" target="ww_c4063e9c72a3ffd2"/>
    </p0826-teimww:wasContributedBy>
  </p0826-teimww:passage>
  <p0826-teimww:passage id="ww_a5164664a66a0767">
    <knoraXmlImport:label>passage</knoraXmlImport:label>
    <p0826-teimww:occursIn>
      <p0826-teimww:book knoraType="link_value" linkType="ref" target="ww_5af91280461707f1"/>
    </p0826-teimww:occursIn>
  </p0826-teimww:passage>
  <p0826-teimww:passage id="ww_70a99c78f744a203">
    <knoraXmlImport:label>passage</knoraXmlImport:label>
    <p0826-teimww:contains>
      <p0826-teimww:lexia knoraType="link_value" linkType="ref" target="ww_5a3a3d7d3d30f7e0"/>
    </p0826-teimww:contains>
    <p0826-teimww:hasPage knoraType="richtext_value">14.</p0826-teimww:hasPage>
    <p0826-teimww:hasText knoraType="richtext_value">[Carthalon:] [...] &lt;span class="quote"&gt;yet doubtful stood the fight&lt;/span&gt; [...]</p0826-teimww:hasText>
    <p0826-teimww:occursIn>
      <p0826-teimww:book knoraType="link_value" linkType="ref" target="ww_aba8d90916ae3714"/>
    </p0826-teimww:occursIn>
    <p0826-teimww:wasContributedBy>
      <p0826-teimww:person knoraType="link_value" linkType="ref" target="ww_c4063e9c72a3ffd2"/>
    </p0826-teimww:wasContributedBy>
  </p0826-teimww:passage>
  <p0826-teimww:passage id="ww_c60c345a34ccd871">
    <knoraXmlImport:label>passage</knoraXmlImport:label>
    <p0826-teimww:contains>
      <p0826-teimww:lexia knoraType="link_value" linkType="ref" target="ww_6c605b8d715e3efc"/>
    </p0826-teimww:contains>
    <p0826-teimww:hasPage knoraType="richtext_value">29 [normalized spelling].</p0826-teimww:hasPage>
    <p0826-teimww:hasPageHist knoraType="richtext_value">29.</p0826-teimww:hasPageHist>
    <p0826-teimww:hasText knoraType="richtext_value">[Carthalon:] &lt;span class="quote"&gt;Then look as when a Falcon towers aloft&lt;br&gt;
Whole shoals of fowl and flocks of lesser birds,&lt;br&gt;
Crouch fearfully&lt;/span&gt; and dive some among sedge,&lt;br&gt;
Some creep in brakes: so Massinissa's sword&lt;br&gt;
Brandished aloft, tossd 'bout his shining cask,&lt;br&gt;
Made stoop whole squadrons [...].	</p0826-teimww:hasText>
    <p0826-teimww:hasTextHist knoraType="richtext_value">[Carthalon:] Then looke as when a Fawcon towrs aloft&lt;br&gt;
Whole shoales of foule and flocks of lesser birdes,&lt;br&gt;
Crouch fearefully and diue some among sedge,&lt;br&gt;
Some creepe in brakes: so Massinissas sword&lt;br&gt;
Brandisht aloft, tossd 'bout his shining cask,&lt;br&gt;
Made stoope whole squadrons [...].	</p0826-teimww:hasTextHist>
    <p0826-teimww:isMentionedIn>
      <p0826-teimww:passage knoraType="link_value" linkType="ref" target="ww_751f854cd54c1940"/>
    </p0826-teimww:isMentionedIn>
    <p0826-teimww:occursIn>
      <p0826-teimww:book knoraType="link_value" linkType="ref" target="ww_aba8d90916ae3714"/>
    </p0826-teimww:occursIn>
    <p0826-teimww:wasContributedBy>
      <p0826-teimww:person knoraType="link_value" linkType="ref" target="ww_c4063e9c72a3ffd2"/>
    </p0826-teimww:wasContributedBy>
  </p0826-teimww:passage>
  <p0826-teimww:passage id="ww_751f854cd54c1940">
    <knoraXmlImport:label>passage</knoraXmlImport:label>
    <p0826-teimww:occursIn>
      <p0826-teimww:book knoraType="link_value" linkType="ref" target="ww_1140c36ab545b6d8"/>
    </p0826-teimww:occursIn>
  </p0826-teimww:passage>
  <p0826-teimww:passage id="ww_897c36302058bacf">
    <knoraXmlImport:label>passage</knoraXmlImport:label>
    <p0826-teimww:contains>
      <p0826-teimww:lexia knoraType="link_value" linkType="ref" target="ww_b2acbf36bc507e88"/>
    </p0826-teimww:contains>
    <p0826-teimww:hasPage knoraType="richtext_value">47.</p0826-teimww:hasPage>
    <p0826-teimww:hasText knoraType="richtext_value">[Erictho:] Here Syphax here, quake not, for know&lt;br&gt;
&lt;span class="quote"&gt;I know thy thoughts, &lt;/span&gt;thou wouldst entreat our power [...].</p0826-teimww:hasText>
    <p0826-teimww:occursIn>
      <p0826-teimww:book knoraType="link_value" linkType="ref" target="ww_aba8d90916ae3714"/>
    </p0826-teimww:occursIn>
    <p0826-teimww:wasContributedBy>
      <p0826-teimww:person knoraType="link_value" linkType="ref" target="ww_c4063e9c72a3ffd2"/>
    </p0826-teimww:wasContributedBy>
  </p0826-teimww:passage>
  <p0826-teimww:passage id="ww_99f72615806f93e4">
    <knoraXmlImport:label>passage</knoraXmlImport:label>
    <p0826-teimww:contains>
      <p0826-teimww:lexia knoraType="link_value" linkType="ref" target="ww_94475a5ed2a7fc1d"/>
    </p0826-teimww:contains>
    <p0826-teimww:contains>
      <p0826-teimww:lexia knoraType="link_value" linkType="ref" target="ww_750edc88d9a2cdba"/>
    </p0826-teimww:contains>
    <p0826-teimww:hasPage knoraType="richtext_value">N.p.; act 1, scene 5, lines 50-51 [normalised spelling].</p0826-teimww:hasPage>
    <p0826-teimww:hasPageHist knoraType="richtext_value">N.p.; act 1, scene 5, lines 50-51.</p0826-teimww:hasPageHist>
    <p0826-teimww:hasText knoraType="richtext_value">[Pompey:] […]  Which bears a burden heavier than the heavens, &lt;br&gt;
Under which&lt;span class="quote"&gt; steel-shouldered Atlas groans.&lt;/span&gt;</p0826-teimww:hasText>
    <p0826-teimww:hasTextHist knoraType="richtext_value">[Pompey:] […]  Which beares a burthen heauier then the Heauens, &lt;br&gt;
Vnder the which steele-shouldred Atlas grones.</p0826-teimww:hasTextHist>
    <p0826-teimww:isMentionedIn>
      <p0826-teimww:passage knoraType="link_value" linkType="ref" target="ww_8134986f6f146b68"/>
    </p0826-teimww:isMentionedIn>
    <p0826-teimww:occursIn>
      <p0826-teimww:book knoraType="link_value" linkType="ref" target="ww_17675e9418dc9f39"/>
    </p0826-teimww:occursIn>
    <p0826-teimww:wasContributedBy>
      <p0826-teimww:person knoraType="link_value" linkType="ref" target="ww_7f35f6802efd910d"/>
    </p0826-teimww:wasContributedBy>
  </p0826-teimww:passage>
  <p0826-teimww:passage id="ww_a22e17ee87dcf027">
    <knoraXmlImport:label>passage</knoraXmlImport:label>
    <p0826-teimww:contains>
      <p0826-teimww:lexia knoraType="link_value" linkType="ref" target="ww_87320a89b96d2ab2"/>
    </p0826-teimww:contains>
    <p0826-teimww:hasPage knoraType="richtext_value">Act, 3, scene 2, lines 24-25.</p0826-teimww:hasPage>
    <p0826-teimww:hasText knoraType="richtext_value">[Lear:]&lt;span class="quote"&gt; O, that way madness lies, let me shun that;&lt;br&gt;
No more of that.</p0826-teimww:hasText>
    <p0826-teimww:isMentionedIn>
      <p0826-teimww:passage knoraType="link_value" linkType="ref" target="ww_ae5d4b8eed0db4c9"/>
    </p0826-teimww:isMentionedIn>
    <p0826-teimww:occursIn>
      <p0826-teimww:book knoraType="link_value" linkType="ref" target="ww_a9ac3afc4eca7d49"/>
    </p0826-teimww:occursIn>
    <p0826-teimww:wasContributedBy>
      <p0826-teimww:person knoraType="link_value" linkType="ref" target="ww_7f35f6802efd910d"/>
    </p0826-teimww:wasContributedBy>
  </p0826-teimww:passage>
  <p0826-teimww:passage id="ww_b817c6ca2d200c2a">
    <knoraXmlImport:label>passage</knoraXmlImport:label>
    <p0826-teimww:contains>
      <p0826-teimww:lexia knoraType="link_value" linkType="ref" target="ww_11c23445367442e1"/>
    </p0826-teimww:contains>
    <p0826-teimww:hasPage knoraType="richtext_value">Act 3, scene 4, lines 32-38.</p0826-teimww:hasPage>
    <p0826-teimww:hasText knoraType="richtext_value">[Lear:] &lt;span class="quote"&gt;Poor naked wretches, &lt;/span&gt;wheresoe'er you are,&lt;br&gt;
That bide the pelting of this pitiless storm,&lt;br&lt;
How shall your houseless heads and unfed sides,&lt;br&gt;
Your looped and windowed raggedness defend you&lt;br&gt;
From seasons such as these? O, I have ta'en
Too little care of this.</p0826-teimww:hasText>
    <p0826-teimww:isMentionedIn>
      <p0826-teimww:passage knoraType="link_value" linkType="ref" target="ww_ae5d4b8eed0db4c9"/>
    </p0826-teimww:isMentionedIn>
    <p0826-teimww:occursIn>
      <p0826-teimww:book knoraType="link_value" linkType="ref" target="ww_a9ac3afc4eca7d49"/>
    </p0826-teimww:occursIn>
    <p0826-teimww:wasContributedBy>
      <p0826-teimww:person knoraType="link_value" linkType="ref" target="ww_7f35f6802efd910d"/>
    </p0826-teimww:wasContributedBy>
  </p0826-teimww:passage>
  <p0826-teimww:passage id="ww_aaec9a3543ac2767">
    <knoraXmlImport:label>passage</knoraXmlImport:label>
    <p0826-teimww:contains>
      <p0826-teimww:lexia knoraType="link_value" linkType="ref" target="ww_fe222a8433071083"/>
    </p0826-teimww:contains>
    <p0826-teimww:hasPage knoraType="richtext_value">Act 1, scene 2, lines 125-140.</p0826-teimww:hasPage>
    <p0826-teimww:hasText knoraType="richtext_value">[Edmund:] This is the excellent foppery of the world, that when we are sick in fortune (often the surfeits of our own behavior) we make guilty of our disasters the sun, the moon, and stars, as if we were villains on necessity;&lt;span class="quote"&gt; fools by heavenly compulsion; knaves, thieves, and treachers by spherical predominance; drunkards, liars, and adulterers by an enforced obedience of planetary influence&lt;/span&gt;; and all that we are evil in, by a divine thrusting on. An admirable evasion of whoremaster man, to lay his goatish disposition on the charge of a star! My father compounded with my mother under the Dragon’s tail, and my nativity was under Ursa Major, so that it follows I am rough and lecherous. Fut, I should have been that I am, had the maidenliest star in the firmament twinkled on my bastardizing.
</p0826-teimww:hasText>
    <p0826-teimww:isMentionedIn>
      <p0826-teimww:passage knoraType="link_value" linkType="ref" target="ww_8e5d9b1e2842d5ea"/>
    </p0826-teimww:isMentionedIn>
    <p0826-teimww:occursIn>
      <p0826-teimww:book knoraType="link_value" linkType="ref" target="ww_a9ac3afc4eca7d49"/>
    </p0826-teimww:occursIn>
    <p0826-teimww:wasContributedBy>
      <p0826-teimww:person knoraType="link_value" linkType="ref" target="ww_b604df587d93b768"/>
    </p0826-teimww:wasContributedBy>
  </p0826-teimww:passage>
  <p0826-teimww:passage id="ww_8e5d9b1e2842d5ea">
    <knoraXmlImport:label>passage</knoraXmlImport:label>
    <p0826-teimww:occursIn>
      <p0826-teimww:book knoraType="link_value" linkType="ref" target="ww_5eeeb3e78e8b0bc3"/>
    </p0826-teimww:occursIn>
  </p0826-teimww:passage>
  <p0826-teimww:passage id="ww_6e2ad48ab61ab767">
    <knoraXmlImport:label>passage</knoraXmlImport:label>
    <p0826-teimww:contains>
      <p0826-teimww:lexia knoraType="link_value" linkType="ref" target="ww_71ef380569446717"/>
    </p0826-teimww:contains>
    <p0826-teimww:hasPage knoraType="richtext_value">Act 2, scene 2, line 65-69.</p0826-teimww:hasPage>
    <p0826-teimww:hasText knoraType="richtext_value">[Kent:] [...] My lord, if you will give me leave, &lt;span class="quote"&gt;I will tread this unbolted villain into mortar &lt;/span&gt;and daub the wall of a jakes with him.</p0826-teimww:hasText>
    <p0826-teimww:isMentionedIn>
      <p0826-teimww:passage knoraType="link_value" linkType="ref" target="ww_78d9552f3ecbab1f"/>
    </p0826-teimww:isMentionedIn>
    <p0826-teimww:occursIn>
      <p0826-teimww:book knoraType="link_value" linkType="ref" target="ww_a9ac3afc4eca7d49"/>
    </p0826-teimww:occursIn>
    <p0826-teimww:wasContributedBy>
      <p0826-teimww:person knoraType="link_value" linkType="ref" target="ww_c4063e9c72a3ffd2"/>
    </p0826-teimww:wasContributedBy>
  </p0826-teimww:passage>
  <p0826-teimww:passage id="ww_78d9552f3ecbab1f">
    <knoraXmlImport:label>passage</knoraXmlImport:label>
    <p0826-teimww:occursIn>
      <p0826-teimww:book knoraType="link_value" linkType="ref" target="ww_1140c36ab545b6d8"/>
    </p0826-teimww:occursIn>
  </p0826-teimww:passage>
  <p0826-teimww:passage id="ww_6ff88e94932bf4d1">
    <knoraXmlImport:label>passage</knoraXmlImport:label>
    <p0826-teimww:contains>
      <p0826-teimww:lexia knoraType="link_value" linkType="ref" target="ww_67aaba33e755aedd"/>
    </p0826-teimww:contains>
    <p0826-teimww:hasPage knoraType="richtext_value">93; Act 1, scene 1, lines 141-143 [normalized spelling].</p0826-teimww:hasPage>
    <p0826-teimww:hasPageHist knoraType="richtext_value">93; Act 1, scene 1, lines 141-143.</p0826-teimww:hasPageHist>
    <p0826-teimww:hasText knoraType="richtext_value">[Golding:] No, thou wilt undo thyself. Alas I behold thee with pity, not with anger; thou common shot-clog, gull of all companies: me thinks I see thee already &lt;span class="quote"&gt;walking in Moor fields&lt;/span&gt; without a Cloak, with half a Hat, without a band, a Doublet with three Buttons, without a girdle, a hose with one point and no Garter, with a cudgel under thine arm borrowing and begging three pence. </p0826-teimww:hasText>
    <p0826-teimww:hasTextHist knoraType="richtext_value">[Golding:] No, thou wilt vndoe thy selfe. Alas I behold thee with pitty, not with anger; thou common shot-clog, gull of all companies: mee thinkes I see thee already walking in Moore fields without a Cloake, with halfe a Hatte, without a band, a Doublet with three Buttons, without a girdle, a hose with one point and no Garter, with a cudgell vnder thine arme borrowing and begging three pence. </p0826-teimww:hasTextHist>
    <p0826-teimww:isMentionedIn>
      <p0826-teimww:passage knoraType="link_value" linkType="ref" target="ww_ff6bbb1bfada97bd"/>
    </p0826-teimww:isMentionedIn>
    <p0826-teimww:occursIn>
      <p0826-teimww:book knoraType="link_value" linkType="ref" target="ww_c021f9c6c9cb807d"/>
    </p0826-teimww:occursIn>
    <p0826-teimww:wasContributedBy>
      <p0826-teimww:person knoraType="link_value" linkType="ref" target="ww_c4063e9c72a3ffd2"/>
    </p0826-teimww:wasContributedBy>
  </p0826-teimww:passage>
  <p0826-teimww:passage id="ww_ff6bbb1bfada97bd">
    <knoraXmlImport:label>passage</knoraXmlImport:label>
    <p0826-teimww:occursIn>
      <p0826-teimww:book knoraType="link_value" linkType="ref" target="ww_601ea37650b7df8c"/>
    </p0826-teimww:occursIn>
  </p0826-teimww:passage>
  <p0826-teimww:passage id="ww_285071813fa85086">
    <knoraXmlImport:label>passage</knoraXmlImport:label>
    <p0826-teimww:contains>
      <p0826-teimww:lexia knoraType="link_value" linkType="ref" target="ww_a6adf1e2ce60dfa2"/>
    </p0826-teimww:contains>
    <p0826-teimww:hasPage knoraType="richtext_value">Act 3, scene 2, lines 39-40.</p0826-teimww:hasPage>
    <p0826-teimww:hasText knoraType="richtext_value">[Lear:] &lt;span class="quote"&gt;No, I will be the pattern of all patience; &lt;br&gt;&lt;/span&gt;
I will say nothing.</p0826-teimww:hasText>
    <p0826-teimww:occursIn>
      <p0826-teimww:book knoraType="link_value" linkType="ref" target="ww_a9ac3afc4eca7d49"/>
    </p0826-teimww:occursIn>
    <p0826-teimww:wasContributedBy>
      <p0826-teimww:person knoraType="link_value" linkType="ref" target="ww_c4063e9c72a3ffd2"/>
    </p0826-teimww:wasContributedBy>
  </p0826-teimww:passage>
  <p0826-teimww:passage id="ww_7b8df9c4cc4d5a3b">
    <knoraXmlImport:label>passage</knoraXmlImport:label>
    <p0826-teimww:contains>
      <p0826-teimww:lexia knoraType="link_value" linkType="ref" target="ww_0cd357c93e82a299"/>
    </p0826-teimww:contains>
    <p0826-teimww:hasPage knoraType="richtext_value">1360; act 5, scene 1, line 108.</p0826-teimww:hasPage>
    <p0826-teimww:hasPageHist knoraType="richtext_value">N.p.; act 4, scene 1, lines 656-657.</p0826-teimww:hasPageHist>
    <p0826-teimww:hasText knoraType="richtext_value">[Ambitioso:] Over what roof hangs &lt;span class="quote"&gt;this prodigious comet&lt;br&gt;
In deadly fire?</p0826-teimww:hasText>
    <p0826-teimww:hasTextHist knoraType="richtext_value">[Ambitioso:] Ouer what roofe hangs this prodigious Comet, &lt;br&gt;
In deadly fire.</p0826-teimww:hasTextHist>
    <p0826-teimww:isMentionedIn>
      <p0826-teimww:passage knoraType="link_value" linkType="ref" target="ww_75d1cc99fa178442"/>
    </p0826-teimww:isMentionedIn>
    <p0826-teimww:occursIn>
      <p0826-teimww:book knoraType="link_value" linkType="ref" target="ww_c63e16da2763dd6d"/>
    </p0826-teimww:occursIn>
    <p0826-teimww:wasContributedBy>
      <p0826-teimww:person knoraType="link_value" linkType="ref" target="ww_7f35f6802efd910d"/>
    </p0826-teimww:wasContributedBy>
  </p0826-teimww:passage>
  <p0826-teimww:passage id="ww_75d1cc99fa178442">
    <knoraXmlImport:label>passage</knoraXmlImport:label>
    <p0826-teimww:occursIn>
      <p0826-teimww:book knoraType="link_value" linkType="ref" target="ww_0f0f2ccb24fa3b96"/>
    </p0826-teimww:occursIn>
  </p0826-teimww:passage>
  <p0826-teimww:passage id="ww_2d14456076d01f3b">
    <knoraXmlImport:label>passage</knoraXmlImport:label>
    <p0826-teimww:contains>
      <p0826-teimww:lexia knoraType="link_value" linkType="ref" target="ww_5c503be567768984"/>
    </p0826-teimww:contains>
    <p0826-teimww:hasPage knoraType="richtext_value">Act 1, scene 3, line 153.</p0826-teimww:hasPage>
    <p0826-teimww:hasText knoraType="richtext_value">[Macbeth:] [...] &lt;span class="quote"&gt;my single state of man &lt;/span&gt;[...].</p0826-teimww:hasText>
    <p0826-teimww:isMentionedIn>
      <p0826-teimww:passage knoraType="link_value" linkType="ref" target="ww_6c0f44e10c4158ea"/>
    </p0826-teimww:isMentionedIn>
    <p0826-teimww:occursIn>
      <p0826-teimww:book knoraType="link_value" linkType="ref" target="ww_7114631e1c7c2d84"/>
    </p0826-teimww:occursIn>
    <p0826-teimww:wasContributedBy>
      <p0826-teimww:person knoraType="link_value" linkType="ref" target="ww_b604df587d93b768"/>
    </p0826-teimww:wasContributedBy>
  </p0826-teimww:passage>
  <p0826-teimww:passage id="ww_cb7afe1092dcf5f9">
    <knoraXmlImport:label>passage</knoraXmlImport:label>
    <p0826-teimww:contains>
      <p0826-teimww:lexia knoraType="link_value" linkType="ref" target="ww_3747c4ee4e4cbbc7"/>
    </p0826-teimww:contains>
    <p0826-teimww:hasPage knoraType="richtext_value">5; Act 1, scene 1, lines 1-25 [normalized spelling].</p0826-teimww:hasPage>
    <p0826-teimww:hasPageHist knoraType="richtext_value">5; Act 1, scene 1, lines 1-25.</p0826-teimww:hasPageHist>
    <p0826-teimww:hasText knoraType="richtext_value">[Lord:] [...] hear my love if not my counsel. &lt;br&gt;
&lt;span class="quote"&gt;[Antifront explains his reasons for going away. The other character now wishes him all best] &lt;/span&gt;
[Lord:] Unto your celsitude I wish, till their effects your hope may never fail. &lt;br&gt;
[Antifront:] [Antifront now decides to disguise himself and concludes:] [...] cuor forte rompe cattiva sorte.</p0826-teimww:hasText>
    <p0826-teimww:hasTextHist knoraType="richtext_value">[Lord:] [...] heare my loue if not my counsell. &lt;br&gt;
[Antifront explains his reasons for going away. The other character now wishes him all best] 
[Lord:] Vnto your celsitude I wish, till their effects your hope may neuer faile. &lt;br&gt;
[Antifront:] [Antifront now decides to disguise himself and concludes:] [...] cuor forte rompe catiua sorte.</p0826-teimww:hasTextHist>
    <p0826-teimww:isMentionedIn>
      <p0826-teimww:passage knoraType="link_value" linkType="ref" target="ww_b8231dae511c6d61"/>
    </p0826-teimww:isMentionedIn>
    <p0826-teimww:occursIn>
      <p0826-teimww:book knoraType="link_value" linkType="ref" target="ww_4c03575c94189fa0"/>
    </p0826-teimww:occursIn>
    <p0826-teimww:wasContributedBy>
      <p0826-teimww:person knoraType="link_value" linkType="ref" target="ww_c4063e9c72a3ffd2"/>
    </p0826-teimww:wasContributedBy>
  </p0826-teimww:passage>
  <p0826-teimww:passage id="ww_b8231dae511c6d61">
    <knoraXmlImport:label>passage</knoraXmlImport:label>
    <p0826-teimww:occursIn>
      <p0826-teimww:book knoraType="link_value" linkType="ref" target="ww_9ec767d44e3a36f8"/>
    </p0826-teimww:occursIn>
  </p0826-teimww:passage>
  <p0826-teimww:passage id="ww_b2e67e63be49bf0a">
    <knoraXmlImport:label>passage</knoraXmlImport:label>
    <p0826-teimww:contains>
      <p0826-teimww:lexia knoraType="link_value" linkType="ref" target="ww_cece142e2a1229a0"/>
    </p0826-teimww:contains>
    <p0826-teimww:hasPage knoraType="richtext_value">12-13; act 1, scene 1, lines 270-284 [normalized spelling].</p0826-teimww:hasPage>
    <p0826-teimww:hasPageHist knoraType="richtext_value">12-13; act 1, scene 1, lines 270-284.</p0826-teimww:hasPageHist>
    <p0826-teimww:hasText knoraType="richtext_value">[Spark:]
Sure Ladies I must needs say th' instinct of this herb hath wrought in this Gentleman such a divine influence of good words, excellent discourse, admirable invention, incoparable wit: why I tell ye, when he talks, wisdom stands a mile off and dares not come near him, for fear a should shame her: but before a did use this Tobacco, a was the arrantest Woodcock that ever I saw. &lt;br&gt;

[Petoune:] &lt;span class="quote"&gt;Indeed I was a very silly fellow&lt;/span&gt;.&lt;br&gt;

[Ruffell:] Nay you were an arrant ass.&lt;br&gt;

[Petoune:]&lt;span class="quote"&gt; Sure I was a fool&lt;/span&gt;.&lt;br&gt;

[Knight:] Nay, you were a most monstrous puppy.&lt;br&gt;

[Petoune:]&lt;span class="quote"&gt; Indeed I was an Idiot, a very Idiot&lt;/span&gt;.&lt;br&gt;

[Piso:] By this light thou wert a most egregious coxcomb.&lt;br&gt;

[Petoune:] &lt;span class="quote"&gt;Indeed I was, indeed I was&lt;/span&gt;.</p0826-teimww:hasText>
    <p0826-teimww:hasTextHist knoraType="richtext_value">[Spark:]
Sure Ladies I must needes say th' instinct of this herb hath wrought in this Gentleman such a diuine influence of good words, excellet discourse, admirable inuention, incoparable wit: why I tel yee, when he talkes, wisdom stands a mile off and dares not come neere him, for feare a should shame her: but before a did vse this Tobacco, a was the arrantst Woodcock that euer I saw. &lt;br&gt;

[Petoune:] Indeed I was a very silly fellow.&lt;br&gt;

[Ruffell:] Nay you were an arrant asse.&lt;br&gt;

[Petoune:] Sure I was a foole.&lt;br&gt;

[Knight:] Nay, you were a most monstrous puppie.&lt;br&gt;

[Petoune:] Indeed I was an Idiot, a verie Idiot.&lt;br&gt;

[Piso:] By this light thou wert a most egregious coxcombe.&lt;br&gt;

[Petoune:] Indeed I was, indeed I was.</p0826-teimww:hasTextHist>
    <p0826-teimww:isMentionedIn>
      <p0826-teimww:passage knoraType="link_value" linkType="ref" target="ww_b9b9176051ba809b"/>
    </p0826-teimww:isMentionedIn>
    <p0826-teimww:occursIn>
      <p0826-teimww:book knoraType="link_value" linkType="ref" target="ww_4c03575c94189fa0"/>
    </p0826-teimww:occursIn>
    <p0826-teimww:wasContributedBy>
      <p0826-teimww:person knoraType="link_value" linkType="ref" target="ww_c4063e9c72a3ffd2"/>
    </p0826-teimww:wasContributedBy>
  </p0826-teimww:passage>
  <p0826-teimww:passage id="ww_b9b9176051ba809b">
    <knoraXmlImport:label>passage</knoraXmlImport:label>
    <p0826-teimww:occursIn>
      <p0826-teimww:book knoraType="link_value" linkType="ref" target="ww_9ec767d44e3a36f8"/>
    </p0826-teimww:occursIn>
  </p0826-teimww:passage>
  <p0826-teimww:passage id="ww_b0f29d01fdeb9847">
    <knoraXmlImport:label>passage</knoraXmlImport:label>
    <p0826-teimww:contains>
      <p0826-teimww:lexia knoraType="link_value" linkType="ref" target="ww_21ab30489e287ffa"/>
    </p0826-teimww:contains>
    <p0826-teimww:hasPage knoraType="richtext_value">15-16; Act 1, scene 1, lines 391-413 [normalized spelling].</p0826-teimww:hasPage>
    <p0826-teimww:hasPageHist knoraType="richtext_value">15-16; Act 1, scene 1, lines 391-413.</p0826-teimww:hasPageHist>
    <p0826-teimww:hasText knoraType="richtext_value">[Ruffell:] Come signeur, put your hand to the pipe. &lt;br&gt;
[Susan:] First you shall never while you live offer Lady or Gentlewoman an empty pipe.&lt;br&gt;
[Petoune:] &lt;span class="quote"&gt;Never&lt;/span&gt;.&lt;br&gt;
[Susan:] Secondly, you shall never make Tobacco your Idol, taking it in a morning before you say your prayers.&lt;br&gt;
[Petoune:] &lt;span class="quote"&gt;Never&lt;/span&gt;.&lt;br&gt;
[Susan:] Thirdly, you shall never in the praise of Tobacco disclose or dispraise by the way of making comparisons, the secrets of Ladies, or Gentlewomen, as repeating their distilled waters, their censing oils, or their smoothing unguents.&lt;br&gt;
[Spark:] To this you swear.&lt;br&gt;
[Petoune:] Most willingly.&lt;br&gt;
[Susan:] Fourthly, you shall never come with your squibs &amp; smoke-squirts amongst Ladies and Gentlewomen, flinging out fume at your Nostrils, as a whale doth salt-water, unless you be entreated by them.&lt;br&gt;
[Petoune:] &lt;span class="quote"&gt;Never&lt;/span&gt;.&lt;br&gt;
[Susan:] Fiftly, you shall presently convey yourself out of our company, never to come more near us, unless you be sent for.&lt;br&gt;
[Petoune:] &lt;span class="quote"&gt;Never?&lt;/span&gt;&lt;br&gt;
[Susan:] No never: so, let him kiss the pipe.</p0826-teimww:hasText>
    <p0826-teimww:hasTextHist knoraType="richtext_value">[Ruffell:] Come signeur, put your hand to the pipe. &lt;br&gt;
[Susan:]First you shall neuer while you liue offer Ladie or Gentlewoman an emptie pipe.&lt;br&gt;
[Petoune:] Neuer.&lt;br&gt;
[Susan:] Secondly, you shall neuer make Tobacco your Idoll, taking it in a morning before you say your prayers.&lt;br&gt;
[Petoune:] Neuer.&lt;br&gt;
[Susan:] Thirdly, you shall neuer in the praise of Tobacco disclose or dispraise by the way of making comparisons, the secrets of Ladies, or Gentlewomen, as repeating their distil'd waters, their censing oyles, or their smoothing vnguents.&lt;br&gt;
[Spark:] To this you sweare.&lt;br&gt;
[Petoune:] Most willingly.&lt;br&gt;
[Susan:] Fourthly, you shall neuer come with your squibs &amp; smoke-squirts amongst Ladies and Gentlewome, flinging out fume at your Nostrels, as a whale doth salt-water, vnlesse you be intreated by them.&lt;br&gt;
[Petoune:] Neuer.&lt;br&gt;
[Susan:] Fiftly, you shall presently conuey your selfe out of our company, neuer to come more neere vs, vnlesse you be sent for.&lt;br&gt;
[Petoune:] Neuer?&lt;br&gt;
[Susan:] No neuer: so, let him kisse the pipe.</p0826-teimww:hasTextHist>
    <p0826-teimww:isMentionedIn>
      <p0826-teimww:passage knoraType="link_value" linkType="ref" target="ww_b9b9176051ba809b"/>
    </p0826-teimww:isMentionedIn>
    <p0826-teimww:occursIn>
      <p0826-teimww:book knoraType="link_value" linkType="ref" target="ww_4c03575c94189fa0"/>
    </p0826-teimww:occursIn>
    <p0826-teimww:wasContributedBy>
      <p0826-teimww:person knoraType="link_value" linkType="ref" target="ww_c4063e9c72a3ffd2"/>
    </p0826-teimww:wasContributedBy>
  </p0826-teimww:passage>
  <p0826-teimww:passage id="ww_e06a91f5588bc615">
    <knoraXmlImport:label>passage</knoraXmlImport:label>
    <p0826-teimww:contains>
      <p0826-teimww:lexia knoraType="link_value" linkType="ref" target="ww_543610985681451d"/>
    </p0826-teimww:contains>
    <p0826-teimww:hasPage knoraType="richtext_value">17-18; act 1, scene 1, lines 436-491 [normalized spelling].</p0826-teimww:hasPage>
    <p0826-teimww:hasPageHist knoraType="richtext_value">17-18; Act 1, scene 1, lines 436-491.</p0826-teimww:hasPageHist>
    <p0826-teimww:hasText knoraType="richtext_value">[Spark:]&lt;span class="quote"&gt; What art?&lt;/span&gt;&lt;br&gt;
[Fleer:] Poor.&lt;br&gt;
[Ruffell:] Dost mean to live in this town?&lt;br&gt;
[Fleer:] I'd be loth to die in't.&lt;br&gt;
[Knight:] In what country wert born?&lt;br&gt;
[Fleer:] In none.&lt;br&gt;
[Knight:] Where then?&lt;br&gt;
[Fleer:] In a Town.&lt;br&gt;
[Knight:] What nation art?&lt;br&gt;
[Fleer:] An Italian:&lt;br&gt;
[Knight:] O then thou canst make glasses.&lt;br&gt;
[Fleer:] Ay, and as wisemen as you Asses too, O are you there Piso? your father is my good Lord, but no more of that yet.&lt;br&gt;
[Spark:] Why Signior, I hope you wonnot swagger?&lt;br&gt;
[Fleer:] No, nor I care not greatly for them that do, for your swaggerer is but like your walking spur, a gingles much but he'll nev'r prick.&lt;br&gt;
[Knight:] Why art so melancholy?&lt;br&gt;
[Susan:] I'll hold my life he is in love with some waiting Gentlewoman.&lt;br&gt;
[Fleer:] He's a mad fellow will love any of you all, longer then a pissing while.&lt;br&gt;
[Piso:] Why camst thou out of Italy into England?&lt;br&gt;
[Fleer:] Because England would not come into Italy to me? &lt;br&gt;
[Piso:] Why art sad?&lt;br&gt;
[Fleer:] Because I have cause.&lt;br&gt;
[Piso:] Who dost follow?&lt;br&gt;
[Fleer:] My nose.&lt;br&gt;
[Spark:] Who dost serve?&lt;br&gt;
[Fleer:] God.&lt;br&gt;
[Ruff:! Who art towards?&lt;br&gt;
[Fleer:] He that's before me.&lt;br&gt;
[Spark:] What dost want?&lt;br&gt;
[Fleer:] Money.&lt;br&gt;
[Spark:] Nothing else?&lt;br&gt;
[Fleer:] Yes.&lt;br&gt;
[Spark:] What?&lt;br&gt;
[Fleer:] A good service.&lt;br&gt;
[Spark:] Shall I prefer thee?&lt;br&gt;
[Fleer:] I cannot tell, tis as I like the man.&lt;br&gt;
[Spark:] Nai't shall be to a couple of Gentlewomen of thine own Country.&lt;br&gt;
[...]&lt;br&gt;
[Spark:] What's thy name?&lt;br&gt;
[Fleer:] Fleer.&lt;br&gt;
[Spark:] What's thy profession?&lt;br&gt;
[Fleer:] I have ever been a Courtier.&lt;br&gt;
[Spark:] A Courtier! come Gentlemen, I like this fellow so well that I'll prefer him straight.</p0826-teimww:hasText>
    <p0826-teimww:hasTextHist knoraType="richtext_value">[Spark:] What art?&lt;br&gt;

[Fleire:] Poore.&lt;br&gt;

[Ruffell:] Dost meane to liue in this towne?&lt;br&gt;

[Fleire:] Ide be loth to die in't.&lt;br&gt;

[Knight:] In what countrie wert borne?&lt;br&gt;

[Fleire:] In none.&lt;br&gt;

[Knight:] Where then?&lt;br&gt;

[Fleire:] In a Towne.&lt;br&gt;

[Knight:] What nation art?&lt;br&gt;

[Fleire:] An Italian:&lt;br&gt;

[Knight:] O then thou canst make glasses.&lt;br&gt;

[Fleire:] I, and as wisemen as you Asses too, O are you there Piso? your father is my good Lord, but no more of that yet.&lt;br&gt;

[Spark:] Why Signior, I hope you wonnot swagger?&lt;br&gt;

[Fleire:] No, nor I care not greatlie for them that doe, for your swaggerer is but like your walking spur, a gingles much but heele neu'r pricke.&lt;br&gt;

[Knight:] Why art so melancholie?&lt;br&gt;

[Susan:] Ile hold my life hee is in loue with some waiting Gentlewoman.&lt;br&gt;

[Fleire:]
Hee's a mad fellowe wil loue anie of you all, longer then a pissing while.&lt;br&gt;

[Piso:]
Why camst thou out of Italy into England?&lt;br&gt;

[Fleire:]
Because England would not come into Italy to me?&lt;br&gt;

[Piso:]
Why art sad?&lt;br&gt;

[Fleire:]
Because I haue cause.&lt;br&gt;

[Piso:]
Who doost follow?&lt;br&gt;

[Fleire:]
My nose.&lt;br&gt;

[Spark:]
Who doost serue?&lt;br&gt;

[Fleire:]
God.&lt;br&gt;

Ruff:
Who art towards?&lt;br&gt;

[Fleire:]
He thats before me.&lt;br&gt;

[Spark:]
What doost want?&lt;br&gt;

[Fleire:]
Money.&lt;br&gt;

[Spark:]
Nothing else?&lt;br&gt;

[Fleire:]
Yes.&lt;br&gt;

[Spark:]
What?&lt;br&gt;

[Fleire:]
A good seruice.&lt;br&gt;

[Spark:]
Shall I preferre thee?&lt;br&gt;

[Fleire:]
I cannot tell, tis as I like the man.&lt;br&gt;

[Spark:]
Nai't shall be to a couple of Gentlewomen of thine owne Countrie. &lt;br&gt;
[...]&lt;br&gt;

[Spark:]
Whats thy name?&lt;br&gt;

[Fleire:] Fleire.&lt;br&gt;

[Spark:]
Whats thy profession?&lt;br&gt;

[Fleire:]
I haue euer been a Courtier.&lt;br&gt;

[Spark:]
A Courtier! come Gentlemen, I like this fellowe so well that ile prefer him straite.</p0826-teimww:hasTextHist>
    <p0826-teimww:isMentionedIn>
      <p0826-teimww:passage knoraType="link_value" linkType="ref" target="ww_5debd0a7bd44620b"/>
    </p0826-teimww:isMentionedIn>
    <p0826-teimww:occursIn>
      <p0826-teimww:book knoraType="link_value" linkType="ref" target="ww_4c03575c94189fa0"/>
    </p0826-teimww:occursIn>
    <p0826-teimww:wasContributedBy>
      <p0826-teimww:person knoraType="link_value" linkType="ref" target="ww_c4063e9c72a3ffd2"/>
    </p0826-teimww:wasContributedBy>
  </p0826-teimww:passage>
  <p0826-teimww:passage id="ww_01d461f0bd230f15">
    <knoraXmlImport:label>passage</knoraXmlImport:label>
    <p0826-teimww:contains>
      <p0826-teimww:lexia knoraType="link_value" linkType="ref" target="ww_af245185e193e29e"/>
    </p0826-teimww:contains>
    <p0826-teimww:hasPage knoraType="richtext_value">18; act 1, scene 1, lines 481-483 [normalized spelling].</p0826-teimww:hasPage>
    <p0826-teimww:hasPageHist knoraType="richtext_value">18; act 1, scene 1, lines 481-483.</p0826-teimww:hasPageHist>
    <p0826-teimww:hasText knoraType="richtext_value">[Fleer:] So I thought indeed, &lt;span class="quote"&gt;you cannot poison so well as we Italians, &lt;/span&gt;but you'll find a means to bring a man out of his life as soon.</p0826-teimww:hasText>
    <p0826-teimww:hasTextHist knoraType="richtext_value">[Fleer:] So I thought indeede, &lt;span class="quote"&gt;you cannot poyson so well as we Italians, &lt;/span&gt;but youle finde a meanes to bring a man out of his life as soone.</p0826-teimww:hasTextHist>
    <p0826-teimww:isMentionedIn>
      <p0826-teimww:passage knoraType="link_value" linkType="ref" target="ww_5debd0a7bd44620b"/>
    </p0826-teimww:isMentionedIn>
    <p0826-teimww:occursIn>
      <p0826-teimww:book knoraType="link_value" linkType="ref" target="ww_4c03575c94189fa0"/>
    </p0826-teimww:occursIn>
    <p0826-teimww:wasContributedBy>
      <p0826-teimww:person knoraType="link_value" linkType="ref" target="ww_c4063e9c72a3ffd2"/>
    </p0826-teimww:wasContributedBy>
  </p0826-teimww:passage>
  <p0826-teimww:passage id="ww_3f701b24fd7cb382">
    <knoraXmlImport:label>passage</knoraXmlImport:label>
    <p0826-teimww:contains>
      <p0826-teimww:lexia knoraType="link_value" linkType="ref" target="ww_8f0d8f9ec81e6c1f"/>
    </p0826-teimww:contains>
    <p0826-teimww:hasPage knoraType="richtext_value">21; act 2, lines 111-116 [normalized spelling].</p0826-teimww:hasPage>
    <p0826-teimww:hasPageHist knoraType="richtext_value">21; act 2, lines 111-116.</p0826-teimww:hasPageHist>
    <p0826-teimww:hasText knoraType="richtext_value">[Florida:] Faith well Madam, were not your Citizens, such heavy head fellows:&lt;br&gt;

[Felecia:]
Thats a sign they are no drunkards.&lt;br&gt;

[Fleer:]
Indeed Madam, &lt;span class="quote"&gt;drink lightens the head, the heart, the heels, the pot, the purse, but it makes heavy chamberpots, full bowels, and foul rooms enough.&lt;/span&gt;</p0826-teimww:hasText>
    <p0826-teimww:hasTextHist knoraType="richtext_value">[Flo:]
Faith wel Madam, were not your Citizens, such heauie head fellowes:&lt;br&gt;

[Fel:]
Thats a signe they are no drunkards.&lt;br&gt;

[Fle:]
Indeede Madam, drinke lightens the head, the heart, the heeles, the pot, the purse, but it makes heauie chamberpots, full bowels, and foule roomes enough.</p0826-teimww:hasTextHist>
    <p0826-teimww:isMentionedIn>
      <p0826-teimww:passage knoraType="link_value" linkType="ref" target="ww_db9c979496d54976"/>
    </p0826-teimww:isMentionedIn>
    <p0826-teimww:occursIn>
      <p0826-teimww:book knoraType="link_value" linkType="ref" target="ww_4c03575c94189fa0"/>
    </p0826-teimww:occursIn>
    <p0826-teimww:wasContributedBy>
      <p0826-teimww:person knoraType="link_value" linkType="ref" target="ww_c4063e9c72a3ffd2"/>
    </p0826-teimww:wasContributedBy>
  </p0826-teimww:passage>
  <p0826-teimww:passage id="ww_a3522661d416b9bc">
    <knoraXmlImport:label>passage</knoraXmlImport:label>
    <p0826-teimww:contains>
      <p0826-teimww:lexia knoraType="link_value" linkType="ref" target="ww_e4bea9b17c77c640"/>
    </p0826-teimww:contains>
    <p0826-teimww:hasPage knoraType="richtext_value">22-23; act 2, scene 1, lines 150-155 [normalized spelling].</p0826-teimww:hasPage>
    <p0826-teimww:hasPageHist knoraType="richtext_value">22-23; act 2, scene 1, lines 150-155.</p0826-teimww:hasPageHist>
    <p0826-teimww:hasText knoraType="richtext_value">[Florida:] But how dost like the Court Fleer?&lt;br&gt;
[Fleer:] Well enough, &lt;span class="quote"&gt;if they did not catch their meat so; it comes no sooner from Table, but t'one fellow has a fat Duck by the rump, t'other a slippery Eel by the tail, and an old Courtier that best knew the tricks on't, was mumbling of a Cunny in a corner alone by himself&lt;/span&gt;.</p0826-teimww:hasText>
    <p0826-teimww:hasTextHist knoraType="richtext_value">[Flo:] But how dost like the Court Fleir?
[Fleer:] Well ynough, if they did not catch their meate so; it comes no sooner from Table, but tone fellow has a fatte Ducke by the rumpe, thother a slipperie Ele by the taile, and an olde Courtier that best knew the tricks on't, was mumbling of a Cunnie in a corner alone by himselfe.</p0826-teimww:hasTextHist>
    <p0826-teimww:isMentionedIn>
      <p0826-teimww:passage knoraType="link_value" linkType="ref" target="ww_db9c979496d54976"/>
    </p0826-teimww:isMentionedIn>
    <p0826-teimww:occursIn>
      <p0826-teimww:book knoraType="link_value" linkType="ref" target="ww_4c03575c94189fa0"/>
    </p0826-teimww:occursIn>
    <p0826-teimww:wasContributedBy>
      <p0826-teimww:person knoraType="link_value" linkType="ref" target="ww_c4063e9c72a3ffd2"/>
    </p0826-teimww:wasContributedBy>
  </p0826-teimww:passage>
  <p0826-teimww:passage id="ww_526c668bf1ae02c0">
    <knoraXmlImport:label>passage</knoraXmlImport:label>
    <p0826-teimww:contains>
      <p0826-teimww:lexia knoraType="link_value" linkType="ref" target="ww_014c8cf25b02a293"/>
    </p0826-teimww:contains>
    <p0826-teimww:hasPage knoraType="richtext_value">25; act 2, scene 1, lines 258-264 [normalized spelling].</p0826-teimww:hasPage>
    <p0826-teimww:hasPageHist knoraType="richtext_value">25; act 2, scene 1, lines 258-264.</p0826-teimww:hasPageHist>
    <p0826-teimww:hasText knoraType="richtext_value">[Ruffell:] I did pray oftener when I was an Englishman, but I have not prayed often, I must confess since I was a Britain: but doost hear Fleer?&lt;span class="quote"&gt; canst tell me if an Englishman were in debt, whether a Britain must pay it or no?&lt;/span&gt; &lt;br&gt;
[Fleer:] No, question-less no.&lt;br&gt;
[Ruffell:] I'm glad of that, I hope some honest statute will come shortly, and wipe out all my scores.</p0826-teimww:hasText>
    <p0826-teimww:hasTextHist knoraType="richtext_value">[Ruffell:] I did pray oftner when I was an Englishman, but I haue not praid often, I must confesse since I was a Brittaine: but doost heare Fleire? canst tell me if an Englishman were [250]  in debt, whether a Brittaine must pay it or no? &lt;br&gt;
[Fleire:] No, questionlesse no.&lt;br&gt;
[Ruffell:] I'me glad of that, I hope some honest statute will come shortlie, and wipe out all my scores.</p0826-teimww:hasTextHist>
    <p0826-teimww:isMentionedIn>
      <p0826-teimww:passage knoraType="link_value" linkType="ref" target="ww_db9c979496d54976"/>
    </p0826-teimww:isMentionedIn>
    <p0826-teimww:occursIn>
      <p0826-teimww:book knoraType="link_value" linkType="ref" target="ww_4c03575c94189fa0"/>
    </p0826-teimww:occursIn>
    <p0826-teimww:wasContributedBy>
      <p0826-teimww:person knoraType="link_value" linkType="ref" target="ww_c4063e9c72a3ffd2"/>
    </p0826-teimww:wasContributedBy>
  </p0826-teimww:passage>
  <p0826-teimww:passage id="ww_18c75be3ff535f61">
    <knoraXmlImport:label>passage</knoraXmlImport:label>
    <p0826-teimww:contains>
      <p0826-teimww:lexia knoraType="link_value" linkType="ref" target="ww_e0981e654befcb1a"/>
    </p0826-teimww:contains>
    <p0826-teimww:contains>
      <p0826-teimww:lexia knoraType="link_value" linkType="ref" target="ww_f5710abe1f004c64"/>
    </p0826-teimww:contains>
    <p0826-teimww:hasPage knoraType="richtext_value">41-42; act 3, scene 1, lines 286-320 [normalised spelling].</p0826-teimww:hasPage>
    <p0826-teimww:hasPageHist knoraType="richtext_value">41-42; act 3, scene 1, lines 286-320.</p0826-teimww:hasPageHist>
    <p0826-teimww:hasText knoraType="richtext_value">[Fleer:] His love to her? what Signor, in love with my Ladies Antient?&lt;br&gt;
[Sparke:] Why her Ancient?&lt;br&gt;
[Fleer:] Because she carries her colours for her, but tis in a box: but signor you shall have a good match on't, though she be not rich, yet&lt;span class="quote"&gt; she's an ancient woman&lt;/span&gt; and is able to get her living, by midwifery, and I can tell ye tis not the worst trade going, considering how young and old, and all do their good wills to set them a work, and tis a good hearing, better they get then the Lawyers, for your midwives live by the agreement between party and party, &amp; the falling in of lovers, but the Lawyers live by the falling out of friends.&lt;br&gt;
[Petoune:] I pray sir what may she be worth?&lt;br&gt;
[Fleer:] Worth? let me see, she hath three yellow periwigs of her own: she hath a Pan with a short silver handle about the length of a Barbers syringe: she has a Looking-glass too, but that has plaid the prodigal Citizen with lier, tis broken, and much other goods of the same nature.&lt;br&gt;
[Sparke:] But come Signor, how will you woo her?&lt;br&gt;
[Petoune:] I will tell her she is so wise, that neither age nor time could cousen her of beauty.&lt;br&gt;
[Fleer:] And by my faith that will doe well.&lt;br&gt;
[Petoune:] I will tell her that I love her most for the whiteness of her skin.&lt;br&gt;
[Fleer:] But you may not say the sweetness of her breath, for that stinks.&lt;br&gt;
[Petoune:] I will praise the smallness of her fingers.&lt;br&gt;
[Fleer:] But I assure you, you may better praise the length of her nails.&lt;br&gt;
[Petoune:] &lt;span class="quote"&gt;I am afraid that being old she has a dry hand.&lt;/span&gt;&lt;br&gt;
[Fleer:] &lt;span class="quote"&gt;That's certain, but she has a very moist nose&lt;/span&gt;, you may praise her for that [...]</p0826-teimww:hasText>
    <p0826-teimww:hasTextHist knoraType="richtext_value">[Fleire:] His loue to her? what Signior, in loue with my Ladies Antient?&lt;br&gt;
[Sparke:] Why her Ancient?&lt;br&gt;
[Fleire:] Because shee carries her colours for her, but tis in a &lt;br&gt;
box: but signior you shall haue a good match on't, though she be not rich, yet shee's an ancient woman and is able to get her liuing, by midwiferie, and I can tell yee tis not the worst trade going, considering how young and olde, and all doe their good wils to set them a worke, and tis a good hearing, better they gette then the Lawyers, for your midwiues liue by the agreement betweene partie and partie, &amp; the falling in of louers, but the Lawyers liue by the falling out of friendes.&lt;br&gt;
[Petoune:] I pray sir what may she be worth?&lt;br&gt;
[Fleire:] Worth? let me see, shee hath three yellowe perewigs of her own: she hath a Pan with a short siluer handle about the length of a Barbors siringe: she has a Looking-glasse too, but that has plaid the prodigall Cittizen with lier, tis broken, and much other goods of the same nature.&lt;br&gt;
[Sparke:] But come Signior, how will you woe her?&lt;br&gt;
[Petoune:] I will tell her she is so wise, that neither age nor time could cousen her of beautie.&lt;br&gt;
[Fleire:] And by my faith that will doe well.&lt;br&gt;
[Petoune:] I will tell her that I loue her most for the whitenes of her skin.&lt;br&gt;
[Fleire:] But you may not say the sweetnes of her breath, for that stinks.&lt;br&gt;
[Petoune:] I will praise the smalnes of her fingars.&lt;br&gt;
[Fleire:] But I assure you, you may better praise the length of her nailes.&lt;br&gt;
[Petoune:] I am affraide that being olde shee has a drye hand.&lt;br&gt;
[Fleire:] Thats certaine, but she has a very moiste nose, you may praise her for that [...].</p0826-teimww:hasTextHist>
    <p0826-teimww:isMentionedIn>
      <p0826-teimww:passage knoraType="link_value" linkType="ref" target="ww_e37a791cce3d9e8e"/>
    </p0826-teimww:isMentionedIn>
    <p0826-teimww:occursIn>
      <p0826-teimww:book knoraType="link_value" linkType="ref" target="ww_4c03575c94189fa0"/>
    </p0826-teimww:occursIn>
    <p0826-teimww:wasContributedBy>
      <p0826-teimww:person knoraType="link_value" linkType="ref" target="ww_c4063e9c72a3ffd2"/>
    </p0826-teimww:wasContributedBy>
  </p0826-teimww:passage>
  <p0826-teimww:passage id="ww_f94ab2af50afc266">
    <knoraXmlImport:label>passage</knoraXmlImport:label>
    <p0826-teimww:contains>
      <p0826-teimww:lexia knoraType="link_value" linkType="ref" target="ww_cc78a834daf7196a"/>
    </p0826-teimww:contains>
    <p0826-teimww:hasText knoraType="richtext_value">&lt;span class="quote"&gt;Antifront&lt;/span&gt;</p0826-teimww:hasText>
    <p0826-teimww:isMentionedIn>
      <p0826-teimww:passage knoraType="link_value" linkType="ref" target="ww_2dcf4d5c34a19f00"/>
    </p0826-teimww:isMentionedIn>
    <p0826-teimww:occursIn>
      <p0826-teimww:book knoraType="link_value" linkType="ref" target="ww_4c03575c94189fa0"/>
    </p0826-teimww:occursIn>
    <p0826-teimww:wasContributedBy>
      <p0826-teimww:person knoraType="link_value" linkType="ref" target="ww_c4063e9c72a3ffd2"/>
    </p0826-teimww:wasContributedBy>
  </p0826-teimww:passage>
  <p0826-teimww:passage id="ww_2dcf4d5c34a19f00">
    <knoraXmlImport:label>passage</knoraXmlImport:label>
    <p0826-teimww:occursIn>
      <p0826-teimww:book knoraType="link_value" linkType="ref" target="ww_9ec767d44e3a36f8"/>
    </p0826-teimww:occursIn>
  </p0826-teimww:passage>
  <p0826-teimww:passage id="ww_98292b1d03f863fe">
    <knoraXmlImport:label>passage</knoraXmlImport:label>
    <p0826-teimww:contains>
      <p0826-teimww:lexia knoraType="link_value" linkType="ref" target="ww_030ccf98083f9c81"/>
    </p0826-teimww:contains>
    <p0826-teimww:hasPage knoraType="richtext_value">Act 3, scene 4, lines 61-62.</p0826-teimww:hasPage>
    <p0826-teimww:hasText knoraType="richtext_value">[Macbeth:] &lt;span class="quote"&gt;[to the Ghost] Thou canst not say I did it. Never shake &lt;br&gt;
Thy gory locks at me. &lt;/span&gt;</p0826-teimww:hasText>
    <p0826-teimww:isMentionedIn>
      <p0826-teimww:passage knoraType="link_value" linkType="ref" target="ww_667ef60ed8d06fa7"/>
    </p0826-teimww:isMentionedIn>
    <p0826-teimww:occursIn>
      <p0826-teimww:book knoraType="link_value" linkType="ref" target="ww_7114631e1c7c2d84"/>
    </p0826-teimww:occursIn>
    <p0826-teimww:wasContributedBy>
      <p0826-teimww:person knoraType="link_value" linkType="ref" target="ww_b604df587d93b768"/>
    </p0826-teimww:wasContributedBy>
  </p0826-teimww:passage>
  <p0826-teimww:passage id="ww_667ef60ed8d06fa7">
    <knoraXmlImport:label>passage</knoraXmlImport:label>
    <p0826-teimww:occursIn>
      <p0826-teimww:book knoraType="link_value" linkType="ref" target="ww_5eeeb3e78e8b0bc3"/>
    </p0826-teimww:occursIn>
  </p0826-teimww:passage>
  <p0826-teimww:passage id="ww_c584fe7994b12431">
    <knoraXmlImport:label>passage</knoraXmlImport:label>
    <p0826-teimww:contains>
      <p0826-teimww:lexia knoraType="link_value" linkType="ref" target="ww_0e9d39c1ca936917"/>
    </p0826-teimww:contains>
    <p0826-teimww:hasPage knoraType="richtext_value">10; act 1, scene 1, lines 205-207 [normalized spelling].</p0826-teimww:hasPage>
    <p0826-teimww:hasPageHist knoraType="richtext_value">10; act 1, scene 1, lines 205-207.</p0826-teimww:hasPageHist>
    <p0826-teimww:hasText knoraType="richtext_value">[Nan:] [...] and i'faith he was a neat lad too, for &lt;span class="quote"&gt;his beard was newly cut bare; marry it showed something like a Meadow newly mowed: stubble, stubble.&lt;/span&gt;</p0826-teimww:hasText>
    <p0826-teimww:hasTextHist knoraType="richtext_value">[Nan:] [...] and yfaith he was a neate lad too, for &lt;span class="quote"&gt;his beard was newly cut bare; marry it showed something like a Medow newly mowed: stubble, stubble.&lt;/span&gt;</p0826-teimww:hasTextHist>
    <p0826-teimww:isMentionedIn>
      <p0826-teimww:passage knoraType="link_value" linkType="ref" target="ww_8ef57ac578c47a5d"/>
    </p0826-teimww:isMentionedIn>
    <p0826-teimww:isMentionedIn>
      <p0826-teimww:passage knoraType="link_value" linkType="ref" target="ww_90c13e9cbd4f331e"/>
    </p0826-teimww:isMentionedIn>
    <p0826-teimww:occursIn>
      <p0826-teimww:book knoraType="link_value" linkType="ref" target="ww_4c03575c94189fa0"/>
    </p0826-teimww:occursIn>
    <p0826-teimww:wasContributedBy>
      <p0826-teimww:person knoraType="link_value" linkType="ref" target="ww_b604df587d93b768"/>
    </p0826-teimww:wasContributedBy>
  </p0826-teimww:passage>
  <p0826-teimww:passage id="ww_e60c13d24272cd18">
    <knoraXmlImport:label>passage</knoraXmlImport:label>
    <p0826-teimww:contains>
      <p0826-teimww:lexia knoraType="link_value" linkType="ref" target="ww_2c39b35b4573d067"/>
    </p0826-teimww:contains>
    <p0826-teimww:hasPage knoraType="richtext_value">27; act 2, scene 1, lines 339-342 [normalized spelling].</p0826-teimww:hasPage>
    <p0826-teimww:hasPageHist knoraType="richtext_value">27; act 2, scene 1, lines 339-342 [normalized spelling].</p0826-teimww:hasPageHist>
    <p0826-teimww:hasText knoraType="richtext_value">[Fleer:] l, By my troth I took him for a Conjurer, when I first saw him, he talked so much of his soul and the Devil.&lt;br&gt;
[Spark:] Why &lt;span class="quote"&gt;he sold his soul to the Devil man, for the velvet that lines his cloak.&lt;/span&gt;</p0826-teimww:hasText>
    <p0826-teimww:hasTextHist knoraType="richtext_value">[Fleer:] l, By my troth I tooke him for a Coniurer, when I first saw him, a talkt so much of his soule and the Deuill.&lt;br&gt;
[Spark:] Why a sould his soule to the Deuill man, for the veluet that lines his cloake.</p0826-teimww:hasTextHist>
    <p0826-teimww:isMentionedIn>
      <p0826-teimww:passage knoraType="link_value" linkType="ref" target="ww_2e398eca5af95798"/>
    </p0826-teimww:isMentionedIn>
    <p0826-teimww:occursIn>
      <p0826-teimww:book knoraType="link_value" linkType="ref" target="ww_4c03575c94189fa0"/>
    </p0826-teimww:occursIn>
    <p0826-teimww:wasContributedBy>
      <p0826-teimww:person knoraType="link_value" linkType="ref" target="ww_c4063e9c72a3ffd2"/>
    </p0826-teimww:wasContributedBy>
  </p0826-teimww:passage>
  <p0826-teimww:passage id="ww_8d8a611e2497e3d4">
    <knoraXmlImport:label>passage</knoraXmlImport:label>
    <p0826-teimww:contains>
      <p0826-teimww:lexia knoraType="link_value" linkType="ref" target="ww_cb2777c72c0cd23d"/>
    </p0826-teimww:contains>
    <p0826-teimww:hasText knoraType="richtext_value">&lt;span class="quote"&gt;(When Piso and Havelittle face a trial for murder, Fleer disguises himself as the incapacitated judge Ferrio to provide an appropriate conclusion)&lt;/span&gt;</p0826-teimww:hasText>
    <p0826-teimww:isMentionedIn>
      <p0826-teimww:passage knoraType="link_value" linkType="ref" target="ww_dc54f98cf391de7f"/>
    </p0826-teimww:isMentionedIn>
    <p0826-teimww:occursIn>
      <p0826-teimww:book knoraType="link_value" linkType="ref" target="ww_4c03575c94189fa0"/>
    </p0826-teimww:occursIn>
    <p0826-teimww:wasContributedBy>
      <p0826-teimww:person knoraType="link_value" linkType="ref" target="ww_c4063e9c72a3ffd2"/>
    </p0826-teimww:wasContributedBy>
  </p0826-teimww:passage>
  <p0826-teimww:passage id="ww_570f029077b76fbd">
    <knoraXmlImport:label>passage</knoraXmlImport:label>
    <p0826-teimww:contains>
      <p0826-teimww:lexia knoraType="link_value" linkType="ref" target="ww_58b2fbd7addb2226"/>
    </p0826-teimww:contains>
    <p0826-teimww:contains>
      <p0826-teimww:lexia knoraType="link_value" linkType="ref" target="ww_04a0e6553240ca07"/>
    </p0826-teimww:contains>
    <p0826-teimww:hasPage knoraType="richtext_value">30; act 2, scene 1, lines 433-434 [normalized spelling].</p0826-teimww:hasPage>
    <p0826-teimww:hasPageHist knoraType="richtext_value">30; act 2, scene 1, lines 433-434.</p0826-teimww:hasPageHist>
    <p0826-teimww:hasText knoraType="richtext_value">[Knight:] And how lives he with him. &lt;br&gt;
[Fleer:] Faith &lt;span class="quote"&gt;like Thisbe in the play, &lt;/span&gt;a has almost kill'd himself with the scabbard [...].</p0826-teimww:hasText>
    <p0826-teimww:hasTextHist knoraType="richtext_value">[Knight:] And how liues he with am. &lt;br&gt;
[Fleer:] Faith &lt;span class="quote"&gt;like Thisbe in the play, &lt;/span&gt;a has almosd kil'd himselfe with the scabberd [...].</p0826-teimww:hasTextHist>
    <p0826-teimww:isMentionedIn>
      <p0826-teimww:passage knoraType="link_value" linkType="ref" target="ww_5312ef9296e4a29c"/>
    </p0826-teimww:isMentionedIn>
    <p0826-teimww:isMentionedIn>
      <p0826-teimww:passage knoraType="link_value" linkType="ref" target="ww_90c13e9cbd4f331e"/>
    </p0826-teimww:isMentionedIn>
    <p0826-teimww:occursIn>
      <p0826-teimww:book knoraType="link_value" linkType="ref" target="ww_4c03575c94189fa0"/>
    </p0826-teimww:occursIn>
    <p0826-teimww:wasContributedBy>
      <p0826-teimww:person knoraType="link_value" linkType="ref" target="ww_b604df587d93b768"/>
    </p0826-teimww:wasContributedBy>
  </p0826-teimww:passage>
  <p0826-teimww:passage id="ww_5312ef9296e4a29c">
    <knoraXmlImport:label>passage</knoraXmlImport:label>
    <p0826-teimww:occursIn>
      <p0826-teimww:book knoraType="link_value" linkType="ref" target="ww_9ec767d44e3a36f8"/>
    </p0826-teimww:occursIn>
  </p0826-teimww:passage>
  <p0826-teimww:passage id="ww_7fe71c9126c28faf">
    <knoraXmlImport:label>passage</knoraXmlImport:label>
    <p0826-teimww:contains>
      <p0826-teimww:lexia knoraType="link_value" linkType="ref" target="ww_82142fba632e09f0"/>
    </p0826-teimww:contains>
    <p0826-teimww:hasText knoraType="richtext_value">&lt;span class="quote"&gt;(Antifront disguises himself to preserve his daughters from degradation)&lt;/span&gt;</p0826-teimww:hasText>
    <p0826-teimww:isMentionedIn>
      <p0826-teimww:passage knoraType="link_value" linkType="ref" target="ww_5312ef9296e4a29c"/>
    </p0826-teimww:isMentionedIn>
    <p0826-teimww:occursIn>
      <p0826-teimww:book knoraType="link_value" linkType="ref" target="ww_4c03575c94189fa0"/>
    </p0826-teimww:occursIn>
    <p0826-teimww:wasContributedBy>
      <p0826-teimww:person knoraType="link_value" linkType="ref" target="ww_c4063e9c72a3ffd2"/>
    </p0826-teimww:wasContributedBy>
  </p0826-teimww:passage>
  <p0826-teimww:passage id="ww_ce2cd24cf9795365">
    <knoraXmlImport:label>passage</knoraXmlImport:label>
    <p0826-teimww:contains>
      <p0826-teimww:lexia knoraType="link_value" linkType="ref" target="ww_e6809c3f48cb2b56"/>
    </p0826-teimww:contains>
    <p0826-teimww:hasPage knoraType="richtext_value">43; act 2, scene 1, lines 337-347 [normalized spelling].</p0826-teimww:hasPage>
    <p0826-teimww:hasPageHist knoraType="richtext_value">43; act 2, scene 1, lines 337-347.</p0826-teimww:hasPageHist>
    <p0826-teimww:hasText knoraType="richtext_value">[Ruffle:] What Gallants use to come to your house?&lt;br&gt;
[Fleer:] All sorts, all nations, and all trades:&lt;span class="quote"&gt; there is first Master Gallant your Britaine, Master Metheglins your Welshman, Mousieur Mushroome the Frenchman: Signior Fumada the Spaniard, Master Oscabath the Irishman: and Master Shamrock his Lackey, O and Master Slopdragon the Dutchman. Then for your Tradesmen, there comes first Master Saluberrimum the Physican, Master Smooth the Silkman, Master Thimble the Tailor, Master Blade the Cutler, and Master Rowell the Spurrier: but Master Match the Gunner of Tower-hill comes often &lt;/span&gt;[...].</p0826-teimww:hasText>
    <p0826-teimww:hasTextHist knoraType="richtext_value">[Ruffle:] What Gallants vse to come to your house?&lt;br&gt;
[Fleer:] All sortes, all nations, and all trades: there is first Maister Gallant your Britaine, Maister Metheglins your Welchman, Mounsieur Mustroome the Frenchman: Signior Fumada the Spaniard, Maister Oscabath the Irishman: and Maister Shamrough his Lackey, O and Maister Slopdragon the Dutchman. Then for your Trades-men, there comes first Maister Saluberrimum the Phisitian, Maister Smooth the Silk-man, Maister Thimble the Taylor, Maister Blade the Cutler, and Maister Rowell the Spurrier: but Maister Match the Gunner of Tower-hill comes often [...].</p0826-teimww:hasTextHist>
    <p0826-teimww:isMentionedIn>
      <p0826-teimww:passage knoraType="link_value" linkType="ref" target="ww_2e398eca5af95798"/>
    </p0826-teimww:isMentionedIn>
    <p0826-teimww:occursIn>
      <p0826-teimww:book knoraType="link_value" linkType="ref" target="ww_4c03575c94189fa0"/>
    </p0826-teimww:occursIn>
    <p0826-teimww:wasContributedBy>
      <p0826-teimww:person knoraType="link_value" linkType="ref" target="ww_c4063e9c72a3ffd2"/>
    </p0826-teimww:wasContributedBy>
  </p0826-teimww:passage>
  <p0826-teimww:passage id="ww_bbb3b406f9313227">
    <knoraXmlImport:label>passage</knoraXmlImport:label>
    <p0826-teimww:contains>
      <p0826-teimww:lexia knoraType="link_value" linkType="ref" target="ww_bb6ddd3b042a1e35"/>
    </p0826-teimww:contains>
    <p0826-teimww:hasPage knoraType="richtext_value">48; act 4, scene 1, lines 170-181 [normalized spelling].</p0826-teimww:hasPage>
    <p0826-teimww:hasPageHist knoraType="richtext_value">48; act 4, scene 1, lines 170-181.</p0826-teimww:hasPageHist>
    <p0826-teimww:hasText knoraType="richtext_value">[Fleer:] But believe me my little Gallants, ye play the Boys well.&lt;br&gt;
[Nan:] Well? why I'll tell thee, &lt;span class="quote"&gt;I have played the boy so long as I am chang'd into the nature of a boy, I'll go to span counter with any page in Europe, for his best garters I can tell bawdy tales, drink drunk, brag, swear, and lie with any Lackey in the town&lt;/span&gt;.&lt;br&gt;
[Susan:] &lt;span class="quote"&gt;I can man a punk to a play, or slander any Gentlewoman as well as any Inns of Court puny, I can as well as he, swear such a Lady is in love with me, and such a Citizen's Daughter would have come to bed to me&lt;/span&gt;, when all shall be as true as thy Ladies are honest. </p0826-teimww:hasText>
    <p0826-teimww:hasTextHist knoraType="richtext_value">[Fleer:] But beleeue me my little Gallants, yee play the Boyes well.&lt;br&gt;
[Nan:] Well? why ile tell thee, I haue plaid the boy so long as I am chang'd into the nature of a boy, ile goe to spancounter with any page in Europe, for his best garters I can tell baudie tales, drinke drunke, brag, sweare, and lye with any Lackie in the towne.&lt;br&gt;
[Susan:] I can man a punck to a play, or slaunder any Gentlewoman as well as anie Innes a Court puny, I can as well as he, sweare such a Lady is in loue with me, and such a Cittizens Daughter would haue come to bed to mee, when all shall be as true as thy Ladies are honest. </p0826-teimww:hasTextHist>
    <p0826-teimww:isMentionedIn>
      <p0826-teimww:passage knoraType="link_value" linkType="ref" target="ww_2e398eca5af95798"/>
    </p0826-teimww:isMentionedIn>
    <p0826-teimww:occursIn>
      <p0826-teimww:book knoraType="link_value" linkType="ref" target="ww_4c03575c94189fa0"/>
    </p0826-teimww:occursIn>
    <p0826-teimww:wasContributedBy>
      <p0826-teimww:person knoraType="link_value" linkType="ref" target="ww_c4063e9c72a3ffd2"/>
    </p0826-teimww:wasContributedBy>
  </p0826-teimww:passage>
  <p0826-teimww:passage id="ww_50a5073fd47fdca3">
    <knoraXmlImport:label>passage</knoraXmlImport:label>
    <p0826-teimww:contains>
      <p0826-teimww:lexia knoraType="link_value" linkType="ref" target="ww_c8527530fcb84bc0"/>
    </p0826-teimww:contains>
    <p0826-teimww:hasPage knoraType="richtext_value">Act 1, scene 5, lines 127-137.</p0826-teimww:hasPage>
    <p0826-teimww:hasText knoraType="richtext_value">[Macbeth:] &lt;span class="quote"&gt;Who can be wise, amazed, temp’rate, and furious, &lt;br&gt;
Loyal, and neutral, in a moment? No man. &lt;br&gt;
Th' expedition of my violent love &lt;br&gt;
Outrun the pauser, reason. Here lay Duncan, &lt;br&gt;
His silver skin laced with his golden blood, &lt;br&gt;
And his gashed stabs looked like a breach in nature &lt;br&gt;
For ruin's wasteful entrance; there the murderers, &lt;br&gt;
Steeped in the colors of their trade, their daggers &lt;br&gt;
Unmannerly breeched with gore. Who could refrain &lt;br&gt;
That had a heart to love, and in that heart &lt;br&gt;
Courage to make 's love known?&lt;/span&gt;</p0826-teimww:hasText>
    <p0826-teimww:isMentionedIn>
      <p0826-teimww:passage knoraType="link_value" linkType="ref" target="ww_55f801acf1ba57ad"/>
    </p0826-teimww:isMentionedIn>
    <p0826-teimww:occursIn>
      <p0826-teimww:book knoraType="link_value" linkType="ref" target="ww_7114631e1c7c2d84"/>
    </p0826-teimww:occursIn>
    <p0826-teimww:wasContributedBy>
      <p0826-teimww:person knoraType="link_value" linkType="ref" target="ww_b604df587d93b768"/>
    </p0826-teimww:wasContributedBy>
  </p0826-teimww:passage>
  <p0826-teimww:passage id="ww_55f801acf1ba57ad">
    <knoraXmlImport:label>passage</knoraXmlImport:label>
    <p0826-teimww:occursIn>
      <p0826-teimww:book knoraType="link_value" linkType="ref" target="ww_5eeeb3e78e8b0bc3"/>
    </p0826-teimww:occursIn>
  </p0826-teimww:passage>
  <p0826-teimww:passage id="ww_4a7ca81a38701645">
    <knoraXmlImport:label>passage</knoraXmlImport:label>
    <p0826-teimww:contains>
      <p0826-teimww:lexia knoraType="link_value" linkType="ref" target="ww_fba3108902c095f8"/>
    </p0826-teimww:contains>
    <p0826-teimww:hasText knoraType="richtext_value">&lt;span class="quote"&gt;The Revenger's Tragedy&lt;/span&gt;</p0826-teimww:hasText>
    <p0826-teimww:isMentionedIn>
      <p0826-teimww:passage knoraType="link_value" linkType="ref" target="ww_48dd0d0aa1dc0b48"/>
    </p0826-teimww:isMentionedIn>
    <p0826-teimww:isMentionedIn>
      <p0826-teimww:passage knoraType="link_value" linkType="ref" target="ww_b2faf583f07f719f"/>
    </p0826-teimww:isMentionedIn>
    <p0826-teimww:occursIn>
      <p0826-teimww:book knoraType="link_value" linkType="ref" target="ww_c63e16da2763dd6d"/>
    </p0826-teimww:occursIn>
    <p0826-teimww:wasContributedBy>
      <p0826-teimww:person knoraType="link_value" linkType="ref" target="ww_c4063e9c72a3ffd2"/>
    </p0826-teimww:wasContributedBy>
  </p0826-teimww:passage>
  <p0826-teimww:passage id="ww_b2faf583f07f719f">
    <knoraXmlImport:label>passage</knoraXmlImport:label>
    <p0826-teimww:occursIn>
      <p0826-teimww:book knoraType="link_value" linkType="ref" target="ww_4ecd91ff283420a1"/>
    </p0826-teimww:occursIn>
  </p0826-teimww:passage>
  <p0826-teimww:passage id="ww_48dd0d0aa1dc0b48">
    <knoraXmlImport:label>passage</knoraXmlImport:label>
    <p0826-teimww:occursIn>
      <p0826-teimww:book knoraType="link_value" linkType="ref" target="ww_0dd45e53b3b0b09c"/>
    </p0826-teimww:occursIn>
  </p0826-teimww:passage>
  <p0826-teimww:passage id="ww_8a6fba1e28f9017b">
    <knoraXmlImport:label>passage</knoraXmlImport:label>
    <p0826-teimww:contains>
      <p0826-teimww:lexia knoraType="link_value" linkType="ref" target="ww_bf6eee0879c63eb0"/>
    </p0826-teimww:contains>
    <p0826-teimww:hasText knoraType="richtext_value">&lt;span class="annotation"&gt;A prostitute marries a mercer.&lt;/span&gt;</p0826-teimww:hasText>
    <p0826-teimww:isMentionedIn>
      <p0826-teimww:passage knoraType="link_value" linkType="ref" target="ww_cd00b1650af5f9f0"/>
    </p0826-teimww:isMentionedIn>
    <p0826-teimww:occursIn>
      <p0826-teimww:book knoraType="link_value" linkType="ref" target="ww_7c3febaec4e5aacf"/>
    </p0826-teimww:occursIn>
    <p0826-teimww:wasContributedBy>
      <p0826-teimww:person knoraType="link_value" linkType="ref" target="ww_c4063e9c72a3ffd2"/>
    </p0826-teimww:wasContributedBy>
  </p0826-teimww:passage>
  <p0826-teimww:passage id="ww_427ef4768476e3a0">
    <knoraXmlImport:label>passage</knoraXmlImport:label>
    <p0826-teimww:contains>
      <p0826-teimww:lexia knoraType="link_value" linkType="ref" target="ww_40b91fe87871ac49"/>
    </p0826-teimww:contains>
    <p0826-teimww:hasText knoraType="richtext_value">&lt;span class="quote"&gt;The Family of Love&lt;/span&gt;</p0826-teimww:hasText>
    <p0826-teimww:isMentionedIn>
      <p0826-teimww:passage knoraType="link_value" linkType="ref" target="ww_f41db9622da19658"/>
    </p0826-teimww:isMentionedIn>
    <p0826-teimww:occursIn>
      <p0826-teimww:book knoraType="link_value" linkType="ref" target="ww_65a8b466f961261c"/>
    </p0826-teimww:occursIn>
    <p0826-teimww:wasContributedBy>
      <p0826-teimww:person knoraType="link_value" linkType="ref" target="ww_b604df587d93b768"/>
    </p0826-teimww:wasContributedBy>
  </p0826-teimww:passage>
  <p0826-teimww:passage id="ww_17a2e041f97118ed">
    <knoraXmlImport:label>passage</knoraXmlImport:label>
    <p0826-teimww:contains>
      <p0826-teimww:lexia knoraType="link_value" linkType="ref" target="ww_2aff24fa0088c62b"/>
    </p0826-teimww:contains>
    <p0826-teimww:contains>
      <p0826-teimww:lexia knoraType="link_value" linkType="ref" target="ww_54e7cf7775eaddee"/>
    </p0826-teimww:contains>
    <p0826-teimww:hasPage knoraType="richtext_value">N.p.; act 1, scene 3 [normalized spelling].</p0826-teimww:hasPage>
    <p0826-teimww:hasPageHist knoraType="richtext_value">N.p.; act 1, scene 3.</p0826-teimww:hasPageHist>
    <p0826-teimww:hasText knoraType="richtext_value">[Doctor Glister:] And from what good exercise come you three. &lt;br&gt;
[Gerardine:] From a play, where &lt;span class="quote"&gt;we saw most excellent &lt;i&gt; Sampson &lt;/i&gt; excell the whole world in gate carrying. &lt;br&gt;&lt;/span&gt;
[Dryfat:] Was it performed by the youths. &lt;br&gt;
[Lypsalve:] By youths: why I tell thee we saw &lt;i&gt; Sampson &lt;/i&gt;, and J hope 'tis not for youths to play &lt;i&gt; Sampson &lt;/i&gt;: &lt;span class="quote"&gt;Believe it we saw &lt;i&gt; Sampson &lt;/i&gt; bear the Town gates on his neck, from the lower to the upper stage, &lt;/span&gt;with that life and admirable accord, that it shall never be equalled (unless the whole new livery of Porters set their shoulders) [...].</p0826-teimww:hasText>
    <p0826-teimww:hasTextHist knoraType="richtext_value">[Doctor Glister:] And from what good exercise come you three. &lt;br&gt;
[Gerardine:] From a play, where we saw most excellent &lt;i&gt; Sampson &lt;/i&gt; excell the whole world in gate carrying. &lt;br&gt;
[Dryfat:] Was it performed by the youths. &lt;br&gt;
[Lypsalve:] By youths: why I tell thee we sawe &lt;i&gt; Sampson &lt;/i&gt;, and J hope t'is not for youths to play &lt;i&gt; Sampson &lt;/i&gt;: Beleeue it we sawe &lt;i&gt; Sampson &lt;/i&gt; beare the Towne gates on his necke, from the lower to the vpper stage, with that life and admirable accord, that it shall neuer be equalled (vnlesse the whole new liuery of Porters set their shoulders)</p0826-teimww:hasTextHist>
    <p0826-teimww:isMentionedIn>
      <p0826-teimww:passage knoraType="link_value" linkType="ref" target="ww_d8508b27d0c42dc2"/>
    </p0826-teimww:isMentionedIn>
    <p0826-teimww:occursIn>
      <p0826-teimww:book knoraType="link_value" linkType="ref" target="ww_65a8b466f961261c"/>
    </p0826-teimww:occursIn>
    <p0826-teimww:wasContributedBy>
      <p0826-teimww:person knoraType="link_value" linkType="ref" target="ww_b604df587d93b768"/>
    </p0826-teimww:wasContributedBy>
  </p0826-teimww:passage>
  <p0826-teimww:passage id="ww_89fd084a060495d9">
    <knoraXmlImport:label>passage</knoraXmlImport:label>
    <p0826-teimww:contains>
      <p0826-teimww:lexia knoraType="link_value" linkType="ref" target="ww_ae3c20908a944e32"/>
    </p0826-teimww:contains>
    <p0826-teimww:hasPage knoraType="richtext_value">N.p.; act 5, scene 3 [normalized spelling]</p0826-teimww:hasPage>
    <p0826-teimww:hasPageHist knoraType="richtext_value">N.p.; act 5, scene 3.</p0826-teimww:hasPageHist>
    <p0826-teimww:hasText knoraType="richtext_value">[Mistress Purge:] Husband, &lt;i&gt; I &lt;/i&gt; see you are hoodwink'd in the right use of feeling and knowledge, &lt;span class="quote"&gt;as if I knew you not then, as well as the Child knows his own father &lt;/span&gt;[...].</p0826-teimww:hasText>
    <p0826-teimww:hasTextHist knoraType="richtext_value">[Mistress Purge:] Husband, &lt;i&gt; I &lt;/i&gt; see you are hudwynck't in the right vse of feeling and knowledge, &lt;span class="quote"&gt;as if J knew you not then, as wel as the Child knowes his owne father &lt;/span&gt;[...].</p0826-teimww:hasTextHist>
    <p0826-teimww:isMentionedIn>
      <p0826-teimww:passage knoraType="link_value" linkType="ref" target="ww_b00a9cb39c30bf65"/>
    </p0826-teimww:isMentionedIn>
    <p0826-teimww:occursIn>
      <p0826-teimww:book knoraType="link_value" linkType="ref" target="ww_65a8b466f961261c"/>
    </p0826-teimww:occursIn>
    <p0826-teimww:wasContributedBy>
      <p0826-teimww:person knoraType="link_value" linkType="ref" target="ww_b604df587d93b768"/>
    </p0826-teimww:wasContributedBy>
  </p0826-teimww:passage>
  <p0826-teimww:passage id="ww_86dacdabfdd45f22">
    <knoraXmlImport:label>passage</knoraXmlImport:label>
    <p0826-teimww:contains>
      <p0826-teimww:lexia knoraType="link_value" linkType="ref" target="ww_e279aadcbde5fbe9"/>
    </p0826-teimww:contains>
    <p0826-teimww:hasPage knoraType="richtext_value">A2 recto [normalized spelling].</p0826-teimww:hasPage>
    <p0826-teimww:hasPageHist knoraType="richtext_value">A2 recto.</p0826-teimww:hasPageHist>
    <p0826-teimww:hasText knoraType="richtext_value">[Mistress Glister:] &lt;span class="quote"&gt;If he brings thee to a fool's paradise, he will forsake thee.	&lt;/span&gt;</p0826-teimww:hasText>
    <p0826-teimww:hasTextHist knoraType="richtext_value">[Mistress Glister:] &lt;span class="quote"&gt;If 'a brings thee to a fool's paradise, 'a will forsake thee.	&lt;/span&gt;</p0826-teimww:hasTextHist>
    <p0826-teimww:isMentionedIn>
      <p0826-teimww:passage knoraType="link_value" linkType="ref" target="ww_644524ffd64e0b2d"/>
    </p0826-teimww:isMentionedIn>
    <p0826-teimww:occursIn>
      <p0826-teimww:book knoraType="link_value" linkType="ref" target="ww_65a8b466f961261c"/>
    </p0826-teimww:occursIn>
    <p0826-teimww:wasContributedBy>
      <p0826-teimww:person knoraType="link_value" linkType="ref" target="ww_c4063e9c72a3ffd2"/>
    </p0826-teimww:wasContributedBy>
  </p0826-teimww:passage>
  <p0826-teimww:passage id="ww_644524ffd64e0b2d">
    <knoraXmlImport:label>passage</knoraXmlImport:label>
    <p0826-teimww:occursIn>
      <p0826-teimww:book knoraType="link_value" linkType="ref" target="ww_67e1fbe9bd0f1b9d"/>
    </p0826-teimww:occursIn>
  </p0826-teimww:passage>
  <p0826-teimww:passage id="ww_bc7ade1cde88d7e5">
    <knoraXmlImport:label>passage</knoraXmlImport:label>
    <p0826-teimww:contains>
      <p0826-teimww:lexia knoraType="link_value" linkType="ref" target="ww_b3375f1be69835a2"/>
    </p0826-teimww:contains>
    <p0826-teimww:hasPage knoraType="richtext_value">42 [normalized spelling].</p0826-teimww:hasPage>
    <p0826-teimww:hasPageHist knoraType="richtext_value">42.</p0826-teimww:hasPageHist>
    <p0826-teimww:hasText knoraType="richtext_value">&lt;span class="quote"&gt;&lt;i&gt;Fat paunches make leave pates, &amp; grosser bits &lt;br&gt;
Enrich the ribs but bankrupt quite the wits.&lt;/i&gt;&lt;/span&gt;</p0826-teimww:hasText>
    <p0826-teimww:hasTextHist knoraType="richtext_value">&lt;span class="quote"&gt;&lt;i&gt;Fat paunches make leave pates, &amp; grosser bits &lt;br&gt;
Enrich the ribs but bankrupt quite the wits.&lt;/i&gt;&lt;/span&gt;</p0826-teimww:hasTextHist>
    <p0826-teimww:isMentionedIn>
      <p0826-teimww:passage knoraType="link_value" linkType="ref" target="ww_0127a488b346484e"/>
    </p0826-teimww:isMentionedIn>
    <p0826-teimww:occursIn>
      <p0826-teimww:book knoraType="link_value" linkType="ref" target="ww_15ed05beffe3ef00"/>
    </p0826-teimww:occursIn>
    <p0826-teimww:wasContributedBy>
      <p0826-teimww:person knoraType="link_value" linkType="ref" target="ww_6202c1bb6957c9cc"/>
    </p0826-teimww:wasContributedBy>
  </p0826-teimww:passage>
  <p0826-teimww:passage id="ww_0127a488b346484e">
    <knoraXmlImport:label>passage</knoraXmlImport:label>
    <p0826-teimww:occursIn>
      <p0826-teimww:book knoraType="link_value" linkType="ref" target="ww_1140c36ab545b6d8"/>
    </p0826-teimww:occursIn>
  </p0826-teimww:passage>
  <p0826-teimww:passage id="ww_f71abfda3a79f428">
    <knoraXmlImport:label>passage</knoraXmlImport:label>
    <p0826-teimww:contains>
      <p0826-teimww:lexia knoraType="link_value" linkType="ref" target="ww_e1c1788436164cdd"/>
    </p0826-teimww:contains>
    <p0826-teimww:hasPage knoraType="richtext_value">D3 recto [normalized spelling].</p0826-teimww:hasPage>
    <p0826-teimww:hasPageHist knoraType="richtext_value">D3 recto.</p0826-teimww:hasPageHist>
    <p0826-teimww:hasText knoraType="richtext_value">[Lipsalve:] &lt;span class="quote"&gt;'Tis my vocation, boy, &lt;/span&gt;we must never be weary of well-doing: love's as proper to a Courtier, as preciseness to a Puritane.</p0826-teimww:hasText>
    <p0826-teimww:hasTextHist knoraType="richtext_value">[Lipsalve:] &lt;span class="quote"&gt;'Tis my vocation, boy, &lt;/span&gt;we must neuer be weary of well-doing: loue's as proper to a Courtier, as precisenesse to a Puritane.</p0826-teimww:hasTextHist>
    <p0826-teimww:isMentionedIn>
      <p0826-teimww:passage knoraType="link_value" linkType="ref" target="ww_3e341931844493f8"/>
    </p0826-teimww:isMentionedIn>
    <p0826-teimww:occursIn>
      <p0826-teimww:book knoraType="link_value" linkType="ref" target="ww_65a8b466f961261c"/>
    </p0826-teimww:occursIn>
    <p0826-teimww:wasContributedBy>
      <p0826-teimww:person knoraType="link_value" linkType="ref" target="ww_c4063e9c72a3ffd2"/>
    </p0826-teimww:wasContributedBy>
  </p0826-teimww:passage>
  <p0826-teimww:passage id="ww_3e341931844493f8">
    <knoraXmlImport:label>passage</knoraXmlImport:label>
    <p0826-teimww:occursIn>
      <p0826-teimww:book knoraType="link_value" linkType="ref" target="ww_67e1fbe9bd0f1b9d"/>
    </p0826-teimww:occursIn>
  </p0826-teimww:passage>
  <p0826-teimww:passage id="ww_cb7305a00d8c5d80">
    <knoraXmlImport:label>passage</knoraXmlImport:label>
    <p0826-teimww:contains>
      <p0826-teimww:lexia knoraType="link_value" linkType="ref" target="ww_5e3dd11d52027da0"/>
    </p0826-teimww:contains>
    <p0826-teimww:hasPage knoraType="richtext_value">3; Prologue.</p0826-teimww:hasPage>
    <p0826-teimww:hasText knoraType="richtext_value">[Prologue:] Speak natures language and not be withstood,&lt;br&gt;
&lt;span class="quote"&gt;When with our Muse he saith that This is good&lt;/span&gt; [...].</p0826-teimww:hasText>
    <p0826-teimww:isMentionedIn>
      <p0826-teimww:passage knoraType="link_value" linkType="ref" target="ww_f6e6d7afd06a1ace"/>
    </p0826-teimww:isMentionedIn>
    <p0826-teimww:occursIn>
      <p0826-teimww:book knoraType="link_value" linkType="ref" target="ww_4664b15bdb9400ec"/>
    </p0826-teimww:occursIn>
    <p0826-teimww:wasContributedBy>
      <p0826-teimww:person knoraType="link_value" linkType="ref" target="ww_c4063e9c72a3ffd2"/>
    </p0826-teimww:wasContributedBy>
  </p0826-teimww:passage>
  <p0826-teimww:passage id="ww_ff664fac0905d663">
    <knoraXmlImport:label>passage</knoraXmlImport:label>
    <p0826-teimww:contains>
      <p0826-teimww:lexia knoraType="link_value" linkType="ref" target="ww_dcec5612aefc676d"/>
    </p0826-teimww:contains>
    <p0826-teimww:hasPage knoraType="richtext_value">15, lines 441-442; act 1, scene 2 [normalized spelling].</p0826-teimww:hasPage>
    <p0826-teimww:hasPageHist knoraType="richtext_value">15, lines 441-442; act 1, scene 2.</p0826-teimww:hasPageHist>
    <p0826-teimww:hasText knoraType="richtext_value">[Amada:] [...] &lt;span class="quote"&gt;I'll  in to &lt;i&gt;Julia&lt;/i&gt;, 'tis she and I&lt;br&gt;
That must be Chorus in this Tragedy.&lt;/span&gt;</p0826-teimww:hasText>
    <p0826-teimww:hasTextHist knoraType="richtext_value">[Amada:] [...] &lt;span class="quote"&gt;Ile in to &lt;i&gt;Iulia&lt;/i&gt;, 'tis she and I&lt;br&gt;
That must be Chorus in this Tragedy.&lt;/span&gt;</p0826-teimww:hasTextHist>
    <p0826-teimww:isMentionedIn>
      <p0826-teimww:passage knoraType="link_value" linkType="ref" target="ww_3673ba3d15a5aa2d"/>
    </p0826-teimww:isMentionedIn>
    <p0826-teimww:occursIn>
      <p0826-teimww:book knoraType="link_value" linkType="ref" target="ww_4664b15bdb9400ec"/>
    </p0826-teimww:occursIn>
    <p0826-teimww:wasContributedBy>
      <p0826-teimww:person knoraType="link_value" linkType="ref" target="ww_c4063e9c72a3ffd2"/>
    </p0826-teimww:wasContributedBy>
  </p0826-teimww:passage>
  <p0826-teimww:passage id="ww_78ae3e90d62dc55c">
    <knoraXmlImport:label>passage</knoraXmlImport:label>
    <p0826-teimww:contains>
      <p0826-teimww:lexia knoraType="link_value" linkType="ref" target="ww_6fe18016828e99e4"/>
    </p0826-teimww:contains>
    <p0826-teimww:hasPage knoraType="richtext_value">17, lines 503-505; act 1, scene 2 [normalized spelling].</p0826-teimww:hasPage>
    <p0826-teimww:hasPageHist knoraType="richtext_value">17, lines 503-505, act 1, scene 2.</p0826-teimww:hasPageHist>
    <p0826-teimww:hasText knoraType="richtext_value">[Bordello:] [...] &lt;span class="quote"&gt;&lt;i&gt;Mercury&lt;/i&gt; had no good aspect in the horoscope of my nativity: women and lotus are recipiocall, their sauour is noysome.&lt;/span&gt;</p0826-teimww:hasText>
    <p0826-teimww:hasTextHist knoraType="richtext_value">[Bordello:] [...] &lt;span class="quote"&gt;&lt;i&gt;Mercury&lt;/i&gt; had no good aspect in the horoscope of my nativity: women and lotus are recipiocall, their sauour is noysome.&lt;/span&gt;</p0826-teimww:hasTextHist>
    <p0826-teimww:isMentionedIn>
      <p0826-teimww:passage knoraType="link_value" linkType="ref" target="ww_d088a1d1ebb5ec01"/>
    </p0826-teimww:isMentionedIn>
    <p0826-teimww:occursIn>
      <p0826-teimww:book knoraType="link_value" linkType="ref" target="ww_4664b15bdb9400ec"/>
    </p0826-teimww:occursIn>
    <p0826-teimww:wasContributedBy>
      <p0826-teimww:person knoraType="link_value" linkType="ref" target="ww_c4063e9c72a3ffd2"/>
    </p0826-teimww:wasContributedBy>
  </p0826-teimww:passage>
  <p0826-teimww:passage id="ww_d088a1d1ebb5ec01">
    <knoraXmlImport:label>passage</knoraXmlImport:label>
    <p0826-teimww:occursIn>
      <p0826-teimww:book knoraType="link_value" linkType="ref" target="ww_fc0ed4bc4ee837dd"/>
    </p0826-teimww:occursIn>
  </p0826-teimww:passage>
  <p0826-teimww:passage id="ww_9e49471f0f1fa195">
    <knoraXmlImport:label>passage</knoraXmlImport:label>
    <p0826-teimww:contains>
      <p0826-teimww:lexia knoraType="link_value" linkType="ref" target="ww_6fe18016828e99e4"/>
    </p0826-teimww:contains>
    <p0826-teimww:hasPage knoraType="richtext_value">N.p. [normalized spelling].</p0826-teimww:hasPage>
    <p0826-teimww:hasPageHist knoraType="richtext_value">N.p.</p0826-teimww:hasPageHist>
    <p0826-teimww:hasText knoraType="richtext_value">&lt;span class="quote"&gt;The water that God Mercury makes is in request with your lady.&lt;/span&gt;</p0826-teimww:hasText>
    <p0826-teimww:hasTextHist knoraType="richtext_value">&lt;span class="quote"&gt;The water that God Mercury makes is in request with your ladie.&lt;/span&gt;</p0826-teimww:hasTextHist>
    <p0826-teimww:isMentionedIn>
      <p0826-teimww:passage knoraType="link_value" linkType="ref" target="ww_d088a1d1ebb5ec01"/>
    </p0826-teimww:isMentionedIn>
    <p0826-teimww:occursIn>
      <p0826-teimww:book knoraType="link_value" linkType="ref" target="ww_8129680c1895eb54"/>
    </p0826-teimww:occursIn>
    <p0826-teimww:wasContributedBy>
      <p0826-teimww:person knoraType="link_value" linkType="ref" target="ww_c4063e9c72a3ffd2"/>
    </p0826-teimww:wasContributedBy>
  </p0826-teimww:passage>
  <p0826-teimww:passage id="ww_8b45767b8ab51ee8">
    <knoraXmlImport:label>passage</knoraXmlImport:label>
    <p0826-teimww:contains>
      <p0826-teimww:lexia knoraType="link_value" linkType="ref" target="ww_db02fc9248ab92b0"/>
    </p0826-teimww:contains>
    <p0826-teimww:contains>
      <p0826-teimww:lexia knoraType="link_value" linkType="ref" target="ww_e77d8474775fa537"/>
    </p0826-teimww:contains>
    <p0826-teimww:hasPage knoraType="richtext_value">25, lines 793-794 [normalized spelling].</p0826-teimww:hasPage>
    <p0826-teimww:hasPageHist knoraType="richtext_value">25, lines 793-794.</p0826-teimww:hasPageHist>
    <p0826-teimww:hasText knoraType="richtext_value">[Mulleasses:] [...] &lt;span class="quote"&gt;Image of death and daughter of the night,&lt;br&gt;
Sister to Lethe, all oppressing sleep.&lt;/span&gt;</p0826-teimww:hasText>
    <p0826-teimww:hasTextHist knoraType="richtext_value">[Mulleasses:] [...] &lt;span class="quote"&gt;Image of death and daughter of the night,&lt;br&gt;
Sister to Lethe, all oppressing sleepe.&lt;/span&gt;</p0826-teimww:hasTextHist>
    <p0826-teimww:isMentionedIn>
      <p0826-teimww:passage knoraType="link_value" linkType="ref" target="ww_766b56390fcf6c23"/>
    </p0826-teimww:isMentionedIn>
    <p0826-teimww:occursIn>
      <p0826-teimww:book knoraType="link_value" linkType="ref" target="ww_4664b15bdb9400ec"/>
    </p0826-teimww:occursIn>
    <p0826-teimww:wasContributedBy>
      <p0826-teimww:person knoraType="link_value" linkType="ref" target="ww_c4063e9c72a3ffd2"/>
    </p0826-teimww:wasContributedBy>
  </p0826-teimww:passage>
  <p0826-teimww:passage id="ww_4496bf271b25dd71">
    <knoraXmlImport:label>passage</knoraXmlImport:label>
    <p0826-teimww:contains>
      <p0826-teimww:lexia knoraType="link_value" linkType="ref" target="ww_2019b8dc7119c6f5"/>
    </p0826-teimww:contains>
    <p0826-teimww:hasPage knoraType="richtext_value">167, lines 506-508 [normalized spelling].</p0826-teimww:hasPage>
    <p0826-teimww:hasPageHist knoraType="richtext_value">167, lines 506-508.</p0826-teimww:hasPageHist>
    <p0826-teimww:hasText knoraType="richtext_value">[Eunuchus:] Why her's &lt;span class="quote"&gt;a slave in folio &lt;/span&gt;will seem to slight the love of a Princess, when he would willingly spend his talent on an oyster wife.</p0826-teimww:hasText>
    <p0826-teimww:hasTextHist knoraType="richtext_value">[Eunuchus:] Why her's &lt;span class="quote"&gt;a slaue in folio &lt;/span&gt;will seeme to slight the loue of a Princess, when he would willingly spend his talent on an oyster wife.</p0826-teimww:hasTextHist>
    <p0826-teimww:isMentionedIn>
      <p0826-teimww:passage knoraType="link_value" linkType="ref" target="ww_c9c9b338289d29f7"/>
    </p0826-teimww:isMentionedIn>
    <p0826-teimww:occursIn>
      <p0826-teimww:book knoraType="link_value" linkType="ref" target="ww_4664b15bdb9400ec"/>
    </p0826-teimww:occursIn>
    <p0826-teimww:wasContributedBy>
      <p0826-teimww:person knoraType="link_value" linkType="ref" target="ww_c4063e9c72a3ffd2"/>
    </p0826-teimww:wasContributedBy>
  </p0826-teimww:passage>
  <p0826-teimww:passage id="ww_c9c9b338289d29f7">
    <knoraXmlImport:label>passage</knoraXmlImport:label>
    <p0826-teimww:occursIn>
      <p0826-teimww:book knoraType="link_value" linkType="ref" target="ww_fc0ed4bc4ee837dd"/>
    </p0826-teimww:occursIn>
  </p0826-teimww:passage>
  <p0826-teimww:passage id="ww_ab8d007961bcdd25">
    <knoraXmlImport:label>passage</knoraXmlImport:label>
    <p0826-teimww:contains>
      <p0826-teimww:lexia knoraType="link_value" linkType="ref" target="ww_5d61cd2132f8e598"/>
    </p0826-teimww:contains>
    <p0826-teimww:hasPage knoraType="richtext_value">N.p.; a bit over halfway into the play [normalized spelling].</p0826-teimww:hasPage>
    <p0826-teimww:hasPageHist knoraType="richtext_value">N.p.; a bit over halfway into the play.</p0826-teimww:hasPageHist>
    <p0826-teimww:hasText knoraType="richtext_value">[Wages:]&lt;span class="quote"&gt; Why they say the worlde is like a Bias bowl, and it runs all on the rich men's sides: others say, tis like a Tennis-ball, and fortune keeps such a Racket with it, as it tosses it in to time's hazard&lt;/span&gt; [...].</p0826-teimww:hasText>
    <p0826-teimww:hasTextHist knoraType="richtext_value">Field, Nathan and Philip Massinger.  The Fatall Dovvry: a Tragedy. As it hath beene often Acted at the Priuate House in Blackefryers, by his Maiesties Seruants. Written by P. M. and N. F. London: John Norton, for Francis Constable, 1632.  N.p.; act 4, Scene 4 around line 90 [normalised spelling].</p0826-teimww:hasTextHist>
    <p0826-teimww:isMentionedIn>
      <p0826-teimww:passage knoraType="link_value" linkType="ref" target="ww_55f801acf1ba57ad"/>
    </p0826-teimww:isMentionedIn>
    <p0826-teimww:occursIn>
      <p0826-teimww:book knoraType="link_value" linkType="ref" target="ww_abbc162fcc9b8163"/>
    </p0826-teimww:occursIn>
    <p0826-teimww:wasContributedBy>
      <p0826-teimww:person knoraType="link_value" linkType="ref" target="ww_b604df587d93b768"/>
    </p0826-teimww:wasContributedBy>
  </p0826-teimww:passage>
  <p0826-teimww:passage id="ww_6803b5681fa20730">
    <knoraXmlImport:label>passage</knoraXmlImport:label>
    <p0826-teimww:contains>
      <p0826-teimww:lexia knoraType="link_value" linkType="ref" target="ww_5d61cd2132f8e598"/>
    </p0826-teimww:contains>
    <p0826-teimww:hasPage knoraType="richtext_value">N.p.; quite at the beginning [normalized spelling].</p0826-teimww:hasPage>
    <p0826-teimww:hasPageHist knoraType="richtext_value">N.p.; quite at the beginning.</p0826-teimww:hasPageHist>
    <p0826-teimww:hasText knoraType="richtext_value">[Young Lord:] &lt;span class="quote"&gt;O Wages! what Tennis-ball has fortune taken thee for: to toss thee thus into my way?&lt;/span&gt;</p0826-teimww:hasText>
    <p0826-teimww:hasTextHist knoraType="richtext_value">[Young Lord:] &lt;span class="quote"&gt;O Wages! what Tennis-ball ha's fortune taken thee for: to tosse thee thus into my way?&lt;/span&gt;</p0826-teimww:hasTextHist>
    <p0826-teimww:isMentionedIn>
      <p0826-teimww:passage knoraType="link_value" linkType="ref" target="ww_f94a32cb813ce12b"/>
    </p0826-teimww:isMentionedIn>
    <p0826-teimww:occursIn>
      <p0826-teimww:book knoraType="link_value" linkType="ref" target="ww_abbc162fcc9b8163"/>
    </p0826-teimww:occursIn>
    <p0826-teimww:wasContributedBy>
      <p0826-teimww:person knoraType="link_value" linkType="ref" target="ww_b604df587d93b768"/>
    </p0826-teimww:wasContributedBy>
  </p0826-teimww:passage>
  <p0826-teimww:passage id="ww_f94a32cb813ce12b">
    <knoraXmlImport:label>passage</knoraXmlImport:label>
    <p0826-teimww:occursIn>
      <p0826-teimww:book knoraType="link_value" linkType="ref" target="ww_3e15ab6c612eadae"/>
    </p0826-teimww:occursIn>
  </p0826-teimww:passage>
  <p0826-teimww:passage id="ww_62156dd581dbb9d0">
    <knoraXmlImport:label>passage</knoraXmlImport:label>
    <p0826-teimww:contains>
      <p0826-teimww:lexia knoraType="link_value" linkType="ref" target="ww_a8d7186d77a7bc3b"/>
    </p0826-teimww:contains>
    <p0826-teimww:hasPage knoraType="richtext_value">Act 4, scene 1, lines 89-90.</p0826-teimww:hasPage>
    <p0826-teimww:hasText knoraType="richtext_value">[Marina:] [...] &lt;span class="quote"&gt;I trod upon a worm against my will, &lt;br&gt;
But I wept for 't.&lt;/span&gt;&lt;/span&gt;</p0826-teimww:hasText>
    <p0826-teimww:isMentionedIn>
      <p0826-teimww:passage knoraType="link_value" linkType="ref" target="ww_488015b53167d883"/>
    </p0826-teimww:isMentionedIn>
    <p0826-teimww:occursIn>
      <p0826-teimww:book knoraType="link_value" linkType="ref" target="ww_b8eaca27cf9698df"/>
    </p0826-teimww:occursIn>
    <p0826-teimww:wasContributedBy>
      <p0826-teimww:person knoraType="link_value" linkType="ref" target="ww_b604df587d93b768"/>
    </p0826-teimww:wasContributedBy>
  </p0826-teimww:passage>
  <p0826-teimww:passage id="ww_488015b53167d883">
    <knoraXmlImport:label>passage</knoraXmlImport:label>
    <p0826-teimww:occursIn>
      <p0826-teimww:book knoraType="link_value" linkType="ref" target="ww_5eeeb3e78e8b0bc3"/>
    </p0826-teimww:occursIn>
  </p0826-teimww:passage>
  <p0826-teimww:passage id="ww_aaba1a32fdae94c0">
    <knoraXmlImport:label>passage</knoraXmlImport:label>
    <p0826-teimww:contains>
      <p0826-teimww:lexia knoraType="link_value" linkType="ref" target="ww_f13b626ee124149a"/>
    </p0826-teimww:contains>
    <p0826-teimww:hasPage knoraType="richtext_value">Act 1, scene 1, lines 31-34.</p0826-teimww:hasPage>
    <p0826-teimww:hasText knoraType="richtext_value">[Antiochus:] [...] Her face, like heaven, enticeth thee to view &lt;br&gt;
Her countless glory, which desert must gain;&lt;br&gt;
And which without desert, because thine eye &lt;br&gt;
Presumes to reach, &lt;span class="quote"&gt;all the whole heap must die.&lt;/span&gt;</p0826-teimww:hasText>
    <p0826-teimww:isMentionedIn>
      <p0826-teimww:passage knoraType="link_value" linkType="ref" target="ww_e3f00cb3b0f8e0d0"/>
    </p0826-teimww:isMentionedIn>
    <p0826-teimww:occursIn>
      <p0826-teimww:book knoraType="link_value" linkType="ref" target="ww_b8eaca27cf9698df"/>
    </p0826-teimww:occursIn>
    <p0826-teimww:wasContributedBy>
      <p0826-teimww:person knoraType="link_value" linkType="ref" target="ww_c4063e9c72a3ffd2"/>
    </p0826-teimww:wasContributedBy>
  </p0826-teimww:passage>
  <p0826-teimww:passage id="ww_e3f00cb3b0f8e0d0">
    <knoraXmlImport:label>passage</knoraXmlImport:label>
    <p0826-teimww:occursIn>
      <p0826-teimww:book knoraType="link_value" linkType="ref" target="ww_5af91280461707f1"/>
    </p0826-teimww:occursIn>
  </p0826-teimww:passage>
  <p0826-teimww:passage id="ww_024f167561c6e1f1">
    <knoraXmlImport:label>passage</knoraXmlImport:label>
    <p0826-teimww:contains>
      <p0826-teimww:lexia knoraType="link_value" linkType="ref" target="ww_4c64336cbb097d4e"/>
    </p0826-teimww:contains>
    <p0826-teimww:hasPage knoraType="richtext_value">N.p.; act 3, scene 1 [normalized spelling].</p0826-teimww:hasPage>
    <p0826-teimww:hasPageHist knoraType="richtext_value">Act 3, scene 1.</p0826-teimww:hasPageHist>
    <p0826-teimww:hasText knoraType="richtext_value">[Sir Oliver Smallshank:] We old men have our crotchets, our conundrums,&lt;br&gt;
Our fegares, quirks and quibibles,&lt;br&gt;
As well as youth, Justice Tutchim I go&lt;br&gt;
To hunt no Buck, but prick a lusty Doe,&lt;br&gt;
I go in truth a wooing.&lt;br&gt;
[Justice Tutchin:] Then ride with me,&lt;br&gt;
I'll bring you to my sister Somerfield.&lt;br&gt;
[Sir Oliver Smallshank:] Justice not so: &lt;span class="quote"&gt;by her there hangs a Tale. &lt;/span&gt;</p0826-teimww:hasText>
    <p0826-teimww:hasTextHist knoraType="richtext_value">[Sir Oliver Smallshank:] We old men haue our cretchets, our conundrums,&lt;br&gt;
Our fegares, quirks and quibibles,&lt;br&gt;
As well as youth, Iustice Tutchim I goe&lt;br&gt;
To hunt no Buck, but prick a lusty Doe,&lt;br&gt;
I go in truth a wooing.&lt;br&gt;
[Justice Tutchin:] Then ride with me,&lt;br&gt;
Ile bring you to my sister Somerfield.&lt;br&gt;
[Sir Oliver Smallshank:] Iustice not so: &lt;span class="quote"&gt;by her there hangs a Tale. &lt;/span&gt;</p0826-teimww:hasTextHist>
    <p0826-teimww:isMentionedIn>
      <p0826-teimww:passage knoraType="link_value" linkType="ref" target="ww_220b731e44417304"/>
    </p0826-teimww:isMentionedIn>
    <p0826-teimww:occursIn>
      <p0826-teimww:book knoraType="link_value" linkType="ref" target="ww_d07c9febda3841a4"/>
    </p0826-teimww:occursIn>
    <p0826-teimww:wasContributedBy>
      <p0826-teimww:person knoraType="link_value" linkType="ref" target="ww_c4063e9c72a3ffd2"/>
    </p0826-teimww:wasContributedBy>
  </p0826-teimww:passage>
  <p0826-teimww:passage id="ww_220b731e44417304">
    <knoraXmlImport:label>passage</knoraXmlImport:label>
    <p0826-teimww:occursIn>
      <p0826-teimww:book knoraType="link_value" linkType="ref" target="ww_3e15ab6c612eadae"/>
    </p0826-teimww:occursIn>
  </p0826-teimww:passage>
  <p0826-teimww:passage id="ww_d332f9f98f6a6dc5">
    <knoraXmlImport:label>passage</knoraXmlImport:label>
    <p0826-teimww:contains>
      <p0826-teimww:lexia knoraType="link_value" linkType="ref" target="ww_ec149602d887f4b2"/>
    </p0826-teimww:contains>
    <p0826-teimww:hasPage knoraType="richtext_value">D3 recto; act 2 [normalized spelling].</p0826-teimww:hasPage>
    <p0826-teimww:hasPageHist knoraType="richtext_value">D3 recto; act 2.</p0826-teimww:hasPageHist>
    <p0826-teimww:hasText knoraType="richtext_value">[Throat:] [...] &lt;i&gt;Dash&lt;/i&gt;, &lt;span class="quote"&gt;we must bear some brain &lt;/span&gt;to &lt;i&gt;St. John's &lt;/i&gt;street, go, run, fly: and afar off enquire [...].</p0826-teimww:hasText>
    <p0826-teimww:hasTextHist knoraType="richtext_value">[Throat:] [...] &lt;i&gt;Dash&lt;/i&gt;, &lt;span class="quote"&gt;we must beare some braine,&lt;/span&gt;to &lt;i&gt;Saint Iohns &lt;/i&gt;streete, Goe runne, flye: and a farre off enquire [...].</p0826-teimww:hasTextHist>
    <p0826-teimww:isMentionedIn>
      <p0826-teimww:passage knoraType="link_value" linkType="ref" target="ww_7c49adbd03418e18"/>
    </p0826-teimww:isMentionedIn>
    <p0826-teimww:occursIn>
      <p0826-teimww:book knoraType="link_value" linkType="ref" target="ww_d07c9febda3841a4"/>
    </p0826-teimww:occursIn>
    <p0826-teimww:wasContributedBy>
      <p0826-teimww:person knoraType="link_value" linkType="ref" target="ww_6202c1bb6957c9cc"/>
    </p0826-teimww:wasContributedBy>
  </p0826-teimww:passage>
  <p0826-teimww:passage id="ww_7c49adbd03418e18">
    <knoraXmlImport:label>passage</knoraXmlImport:label>
    <p0826-teimww:occursIn>
      <p0826-teimww:book knoraType="link_value" linkType="ref" target="ww_1140c36ab545b6d8"/>
    </p0826-teimww:occursIn>
  </p0826-teimww:passage>
  <p0826-teimww:passage id="ww_4b9b5f28529af9eb">
    <knoraXmlImport:label>passage</knoraXmlImport:label>
    <p0826-teimww:contains>
      <p0826-teimww:lexia knoraType="link_value" linkType="ref" target="ww_c7808384af6e58f6"/>
    </p0826-teimww:contains>
    <p0826-teimww:hasPage knoraType="richtext_value">N.p.; act 4.</p0826-teimww:hasPage>
    <p0826-teimww:hasPageHist knoraType="richtext_value">N.p.; act 4.</p0826-teimww:hasPageHist>
    <p0826-teimww:hasText knoraType="richtext_value">[Frances:]&lt;span class="quote"&gt; Is there no trust, &lt;br&gt; 
No honesty in men. &lt;/span&gt;</p0826-teimww:hasText>
    <p0826-teimww:isMentionedIn>
      <p0826-teimww:passage knoraType="link_value" linkType="ref" target="ww_db8e7cf173f96a85"/>
    </p0826-teimww:isMentionedIn>
    <p0826-teimww:occursIn>
      <p0826-teimww:book knoraType="link_value" linkType="ref" target="ww_d07c9febda3841a4"/>
    </p0826-teimww:occursIn>
    <p0826-teimww:wasContributedBy>
      <p0826-teimww:person knoraType="link_value" linkType="ref" target="ww_b604df587d93b768"/>
    </p0826-teimww:wasContributedBy>
  </p0826-teimww:passage>
  <p0826-teimww:passage id="ww_db8e7cf173f96a85">
    <knoraXmlImport:label>passage</knoraXmlImport:label>
    <p0826-teimww:occursIn>
      <p0826-teimww:book knoraType="link_value" linkType="ref" target="ww_1140c36ab545b6d8"/>
    </p0826-teimww:occursIn>
  </p0826-teimww:passage>
  <p0826-teimww:passage id="ww_75ebe0ccef5eb2da">
    <knoraXmlImport:label>passage</knoraXmlImport:label>
    <p0826-teimww:contains>
      <p0826-teimww:lexia knoraType="link_value" linkType="ref" target="ww_46b7ad583a13fd15"/>
    </p0826-teimww:contains>
    <p0826-teimww:hasPage knoraType="richtext_value">71; act 1, scene 1, lines 4-24 [normalized spelling].</p0826-teimww:hasPage>
    <p0826-teimww:hasPageHist knoraType="richtext_value">71; act 1, scene 1, lines 4-24.</p0826-teimww:hasPageHist>
    <p0826-teimww:hasText knoraType="richtext_value">[Scudmore:] Whereas you write, my fortunes and my birth &lt;br&gt; 
Made above yours, may be a real cause &lt;br&gt;
That I must leave you, know thou worthiest man, &lt;br&gt; 
Thou hast a soul, whose plenteous wealth supplies &lt;br&gt;
All the lean wants blind Chance hath dealt to thee. &lt;br&gt;
Yet could I think, the Goddess from all their store, &lt;br&gt; 
Who ne'er knew indigence unto their will, &lt;br&gt;
Would (out of all their stock of Virtue left, &lt;br&gt;
Or out of all new graces they can make) &lt;br&gt;
Make such another piece as Scudmore is, &lt;br&gt;
Then might he justly fear; but otherwise, &lt;br&gt;
&lt;span class="quote"&gt;Sooner the Masculine Element of Fire, &lt;br&gt;
Shall flame his Pyramids down to the Earth; &lt;br&gt; 
Sooner her Mountains shall swell up to Heaven, &lt;br&gt;
Or softest April showers quench fires in Hell; &lt;br&gt;
Sooner shall Stars from this Circumference, &lt;br&gt;
Drop like false fairy exhalation, &lt;br&gt;
Then I be false to vows made unto thee; &lt;/span&gt;&lt;br&gt; 
In whom, ought ne'er a fault: I ne'er could see, &lt;br&gt; 
But that you doubted once my constancy.</p0826-teimww:hasText>
    <p0826-teimww:hasTextHist knoraType="richtext_value">[Scudmore:] Whereas you write, my fortunes and my birth &lt;br&gt; 
Made aboue yours, may be a reall cause &lt;br&gt;
That I must leaue you, know thou worthiest man, &lt;br&gt; 
Thou hast a soule, whose plenteous wealth supplies &lt;br&gt;
All the leane wants blinde Chance hath dealt to thee. &lt;br&gt;
Yet could I thinke, the Goddes from all their store, &lt;br&gt; 
Who ne're knew indigence vnto their will, &lt;br&gt;
Would (out of all their stocke of Vertue left, &lt;br&gt;
Or out of all new graces they can make) &lt;br&gt;
Make such another peece as Scudmore is, &lt;br&gt;
Then might he iustly feare; but otherwise, &lt;br&gt;
Sooner the Masculine Element of Fire, &lt;br&gt;
Shall flame his Pyramids downe to the Earth; &lt;br&gt; 
Sooner her Mountaines shall swell vp to Heauen, &lt;br&gt;
Or softest Aprill showers quench fires in Hell; &lt;br&gt;
Sooner shall Starres from this Circumference, &lt;br&gt;
Drop like false fierie exhalation, &lt;br&gt;
Then I be false to vowes made vnto thee; &lt;br&gt; 
In whom, ought ne're a fault: I ne're could see, &lt;br&gt; 
But that you doubted once my constancie.</p0826-teimww:hasTextHist>
    <p0826-teimww:isMentionedIn>
      <p0826-teimww:passage knoraType="link_value" linkType="ref" target="ww_2517e3b47792e218"/>
    </p0826-teimww:isMentionedIn>
    <p0826-teimww:occursIn>
      <p0826-teimww:book knoraType="link_value" linkType="ref" target="ww_6e666f6effc63da3"/>
    </p0826-teimww:occursIn>
    <p0826-teimww:wasContributedBy>
      <p0826-teimww:person knoraType="link_value" linkType="ref" target="ww_c4063e9c72a3ffd2"/>
    </p0826-teimww:wasContributedBy>
  </p0826-teimww:passage>
  <p0826-teimww:passage id="ww_2517e3b47792e218">
    <knoraXmlImport:label>passage</knoraXmlImport:label>
    <p0826-teimww:occursIn>
      <p0826-teimww:book knoraType="link_value" linkType="ref" target="ww_df2b8c2f18df151a"/>
    </p0826-teimww:occursIn>
  </p0826-teimww:passage>
  <p0826-teimww:passage id="ww_754c2adf8b76688f">
    <knoraXmlImport:label>passage</knoraXmlImport:label>
    <p0826-teimww:contains>
      <p0826-teimww:lexia knoraType="link_value" linkType="ref" target="ww_7233fd4c2ec07d09"/>
    </p0826-teimww:contains>
    <p0826-teimww:hasPage knoraType="richtext_value">73; act 1, scene 1, lines 69-71 [normalized spelling].</p0826-teimww:hasPage>
    <p0826-teimww:hasPageHist knoraType="richtext_value">73; act 1, scene 1, lines 69-71.</p0826-teimww:hasPageHist>
    <p0826-teimww:hasText knoraType="richtext_value">[Scudamore:] &lt;span class="quote"&gt;How sweetly does your friendship play with mine&lt;/span&gt;&lt;br&gt;
And with a simple subtlety, steals my heart &lt;br&gt;
Out of my bosom.</p0826-teimww:hasText>
    <p0826-teimww:hasTextHist knoraType="richtext_value">[Scudamore:] How sweetly does your friendship play with mine&lt;br&gt;
And with a simple subtilty, steals my heart &lt;br&gt;
Out of my bosome.</p0826-teimww:hasTextHist>
    <p0826-teimww:isMentionedIn>
      <p0826-teimww:passage knoraType="link_value" linkType="ref" target="ww_ec02f828e4756321"/>
    </p0826-teimww:isMentionedIn>
    <p0826-teimww:occursIn>
      <p0826-teimww:book knoraType="link_value" linkType="ref" target="ww_6e666f6effc63da3"/>
    </p0826-teimww:occursIn>
    <p0826-teimww:wasContributedBy>
      <p0826-teimww:person knoraType="link_value" linkType="ref" target="ww_c4063e9c72a3ffd2"/>
    </p0826-teimww:wasContributedBy>
  </p0826-teimww:passage>
  <p0826-teimww:passage id="ww_ec02f828e4756321">
    <knoraXmlImport:label>passage</knoraXmlImport:label>
    <p0826-teimww:occursIn>
      <p0826-teimww:book knoraType="link_value" linkType="ref" target="ww_df2b8c2f18df151a"/>
    </p0826-teimww:occursIn>
  </p0826-teimww:passage>
  <p0826-teimww:passage id="ww_ae049e5bc5728ddd">
    <knoraXmlImport:label>passage</knoraXmlImport:label>
    <p0826-teimww:contains>
      <p0826-teimww:lexia knoraType="link_value" linkType="ref" target="ww_16049184111b935a"/>
    </p0826-teimww:contains>
    <p0826-teimww:hasPage knoraType="richtext_value">73; act 1, scene 1, lines 75-86 [normalized spelling].</p0826-teimww:hasPage>
    <p0826-teimww:hasPageHist knoraType="richtext_value">73; act 1, scene 1, lines 75-86.</p0826-teimww:hasPageHist>
    <p0826-teimww:hasText knoraType="richtext_value">[Nevill:] [...] farewell worthy friend.&lt;br&gt;
[Scudamore:] &lt;span class="quote"&gt;Nay look you, this same fashion does not please me,&lt;br&gt;
You were not wont to make your visitation &lt;br&gt;
So short and careless.&lt;/span&gt;&lt;br&gt;
[Neville:]&lt;span class="quote"&gt; Tis your Jealousy&lt;br&gt;
That makes you think it so [...] and so Good-morrow.&lt;/span&gt;</p0826-teimww:hasText>
    <p0826-teimww:hasTextHist knoraType="richtext_value">[Nevill:] [...] farewell worthy friend.&lt;br&gt;
[Scudamore:] Nay looke you, this same fashion does not please me,&lt;br&gt;
You were not wont to make your bisitation &lt;br&gt;
So short and carelesse.&lt;br&gt;
[Neville:] Tis your Iealousie&lt;br&gt;
That makes you thinke it so [...] and so Good-morrow.</p0826-teimww:hasTextHist>
    <p0826-teimww:isMentionedIn>
      <p0826-teimww:passage knoraType="link_value" linkType="ref" target="ww_ec02f828e4756321"/>
    </p0826-teimww:isMentionedIn>
    <p0826-teimww:occursIn>
      <p0826-teimww:book knoraType="link_value" linkType="ref" target="ww_6e666f6effc63da3"/>
    </p0826-teimww:occursIn>
    <p0826-teimww:wasContributedBy>
      <p0826-teimww:person knoraType="link_value" linkType="ref" target="ww_c4063e9c72a3ffd2"/>
    </p0826-teimww:wasContributedBy>
  </p0826-teimww:passage>
  <p0826-teimww:passage id="ww_a1d99a2e302999c6">
    <knoraXmlImport:label>passage</knoraXmlImport:label>
    <p0826-teimww:contains>
      <p0826-teimww:lexia knoraType="link_value" linkType="ref" target="ww_699d4aa733096126"/>
    </p0826-teimww:contains>
    <p0826-teimww:hasPage knoraType="richtext_value">74; act 1, scene 1, lines 109-110 [normalized spelling].</p0826-teimww:hasPage>
    <p0826-teimww:hasPageHist knoraType="richtext_value">74; act 1, scene 1, lines 109-110.</p0826-teimww:hasPageHist>
    <p0826-teimww:hasText knoraType="richtext_value">[Neville:] [...] Yet think on't, &lt;span class="quote"&gt;keep thy secret, and thy friend&lt;br&gt;
Sure and entire &lt;/span&gt;[...].</p0826-teimww:hasText>
    <p0826-teimww:hasTextHist knoraType="richtext_value">[Neville:] [...] Yet thinke on't, keepe thy secret, and thy friend&lt;br&gt;
Sure and entire [...].</p0826-teimww:hasTextHist>
    <p0826-teimww:isMentionedIn>
      <p0826-teimww:passage knoraType="link_value" linkType="ref" target="ww_ec02f828e4756321"/>
    </p0826-teimww:isMentionedIn>
    <p0826-teimww:occursIn>
      <p0826-teimww:book knoraType="link_value" linkType="ref" target="ww_6e666f6effc63da3"/>
    </p0826-teimww:occursIn>
    <p0826-teimww:wasContributedBy>
      <p0826-teimww:person knoraType="link_value" linkType="ref" target="ww_c4063e9c72a3ffd2"/>
    </p0826-teimww:wasContributedBy>
  </p0826-teimww:passage>
  <p0826-teimww:passage id="ww_0c8fb7f90aa902f3">
    <knoraXmlImport:label>passage</knoraXmlImport:label>
    <p0826-teimww:contains>
      <p0826-teimww:lexia knoraType="link_value" linkType="ref" target="ww_04064eaf15c0fc08"/>
    </p0826-teimww:contains>
    <p0826-teimww:hasPage knoraType="richtext_value">89-99; act 2, scene 1.</p0826-teimww:hasPage>
    <p0826-teimww:hasText knoraType="richtext_value">&lt;span class="annotation"&gt;Nevill disguises himself as a parson to perform the double wedding ceremonies of the sisters Bellafront and Kate. This means that the marriages will be invalid and Nevill's friend Scudmore has a chance to win Bellafront, whom he loves.&lt;/span&gt;</p0826-teimww:hasText>
    <p0826-teimww:isMentionedIn>
      <p0826-teimww:passage knoraType="link_value" linkType="ref" target="ww_93beedbaf466fc4c"/>
    </p0826-teimww:isMentionedIn>
    <p0826-teimww:occursIn>
      <p0826-teimww:book knoraType="link_value" linkType="ref" target="ww_6e666f6effc63da3"/>
    </p0826-teimww:occursIn>
    <p0826-teimww:wasContributedBy>
      <p0826-teimww:person knoraType="link_value" linkType="ref" target="ww_c4063e9c72a3ffd2"/>
    </p0826-teimww:wasContributedBy>
  </p0826-teimww:passage>
  <p0826-teimww:passage id="ww_93beedbaf466fc4c">
    <knoraXmlImport:label>passage</knoraXmlImport:label>
    <p0826-teimww:occursIn>
      <p0826-teimww:book knoraType="link_value" linkType="ref" target="ww_df2b8c2f18df151a"/>
    </p0826-teimww:occursIn>
  </p0826-teimww:passage>
  <p0826-teimww:passage id="ww_e0cc11b8e146026b">
    <knoraXmlImport:label>passage</knoraXmlImport:label>
    <p0826-teimww:contains>
      <p0826-teimww:lexia knoraType="link_value" linkType="ref" target="ww_a17ecacf8eb9d863"/>
    </p0826-teimww:contains>
    <p0826-teimww:hasPage knoraType="richtext_value">79; act 1, scene 2, lines 68-69 [normalized spelling].</p0826-teimww:hasPage>
    <p0826-teimww:hasPageHist knoraType="richtext_value">79; act 1, scene 2, lines 68-69.</p0826-teimww:hasPageHist>
    <p0826-teimww:hasText knoraType="richtext_value">[Count Frederick:] &lt;i&gt;Pendant&lt;/i&gt; thou'lt make me dote upon my self.&lt;br&gt;
[Pendant:]&lt;span class="quote"&gt; &lt;i&gt;Narcissus&lt;/i&gt; by this hand, had far less cause.&lt;/span&gt;</p0826-teimww:hasText>
    <p0826-teimww:hasTextHist knoraType="richtext_value">[Count Frederick:] &lt;i&gt;Pendant&lt;/i&gt; thou't make me dote vpon my selfe.&lt;br&gt;
[Pendant:] &lt;i&gt;Narcissus&lt;/i&gt; by this hand, had faire lease cause.</p0826-teimww:hasTextHist>
    <p0826-teimww:isMentionedIn>
      <p0826-teimww:passage knoraType="link_value" linkType="ref" target="ww_258af16bdf666c9c"/>
    </p0826-teimww:isMentionedIn>
    <p0826-teimww:occursIn>
      <p0826-teimww:book knoraType="link_value" linkType="ref" target="ww_6e666f6effc63da3"/>
    </p0826-teimww:occursIn>
    <p0826-teimww:wasContributedBy>
      <p0826-teimww:person knoraType="link_value" linkType="ref" target="ww_c4063e9c72a3ffd2"/>
    </p0826-teimww:wasContributedBy>
  </p0826-teimww:passage>
  <p0826-teimww:passage id="ww_a2c8c5a7421000b6">
    <knoraXmlImport:label>passage</knoraXmlImport:label>
    <p0826-teimww:contains>
      <p0826-teimww:lexia knoraType="link_value" linkType="ref" target="ww_928f6c883d59cce4"/>
    </p0826-teimww:contains>
    <p0826-teimww:hasPage knoraType="richtext_value">98; act 2, scene 1, lines 312-319 [spelling normalized].</p0826-teimww:hasPage>
    <p0826-teimww:hasPageHist knoraType="richtext_value">98; act 2, scene 1, lines 312-319.</p0826-teimww:hasPageHist>
    <p0826-teimww:hasText knoraType="richtext_value">[Strange:]: &lt;span class="quote"&gt;For some say some men on the back of Law,&lt;br&gt;
May ride and rule it like a patient Ass&lt;/span&gt;,&lt;br&gt;
And with a Golden Bridle in the mouth,&lt;br&gt;
Direct it unto any thing they please.&lt;br&gt;
Others report, it is a Spider's web,&lt;br&gt;
Made to entangle the poor helpless Flies,&lt;br&gt;
While the great Spiders that did make it first,&lt;br&gt;
And rule it, sit i'th midst secure and laugh [...].</p0826-teimww:hasText>
    <p0826-teimww:hasTextHist knoraType="richtext_value">[Strange:]: For some say some men on the backe of Law,&lt;br&gt;
May ride and rule it like a patient Asse,&lt;br&gt;
And with a Golden Bridle in the mouth,&lt;br&gt;
Direct it vnto any thing they please.&lt;br&gt;
Others report, it is a Spiders web,&lt;br&gt;
Made to intangle the poor helplesse Flies,&lt;br&gt;
While the great Spiders that did make it first,&lt;br&gt;
And rule it, sit i'th midst secure and laugh [...].</p0826-teimww:hasTextHist>
    <p0826-teimww:isMentionedIn>
      <p0826-teimww:passage knoraType="link_value" linkType="ref" target="ww_da2a8259549263a2"/>
    </p0826-teimww:isMentionedIn>
    <p0826-teimww:occursIn>
      <p0826-teimww:book knoraType="link_value" linkType="ref" target="ww_6e666f6effc63da3"/>
    </p0826-teimww:occursIn>
    <p0826-teimww:wasContributedBy>
      <p0826-teimww:person knoraType="link_value" linkType="ref" target="ww_c4063e9c72a3ffd2"/>
    </p0826-teimww:wasContributedBy>
  </p0826-teimww:passage>
  <p0826-teimww:passage id="ww_28bcd2e0c72c44b5">
    <knoraXmlImport:label>passage</knoraXmlImport:label>
    <p0826-teimww:contains>
      <p0826-teimww:lexia knoraType="link_value" linkType="ref" target="ww_31ebd3ffde02a21b"/>
    </p0826-teimww:contains>
    <p0826-teimww:hasPage knoraType="richtext_value">130; act 5, scene 1, lines 69-71 [normalized spelling].</p0826-teimww:hasPage>
    <p0826-teimww:hasPageHist knoraType="richtext_value">130; act 5, scene 1, lines 69-71.</p0826-teimww:hasPageHist>
    <p0826-teimww:hasText knoraType="richtext_value">[Sir Abraham:] Oh Sir, I was in love today, and could not eat, but here's one knows the &lt;span class="quote"&gt;case is alter'd&lt;/span&gt;, lend me but a Handkerchief to wipe my mouth, and I have done.</p0826-teimww:hasText>
    <p0826-teimww:hasTextHist knoraType="richtext_value">[Sir Abraham:] Oh Sir, I was in loue to day, and could not eate, but heere's one knowes the case is alter'd, lend me but a Handkerchiefe to wipe my mouth, and I ha done.</p0826-teimww:hasTextHist>
    <p0826-teimww:isMentionedIn>
      <p0826-teimww:passage knoraType="link_value" linkType="ref" target="ww_4a2d850b5e358e45"/>
    </p0826-teimww:isMentionedIn>
    <p0826-teimww:isMentionedIn>
      <p0826-teimww:passage knoraType="link_value" linkType="ref" target="ww_f90e3aa1a17a98ff"/>
    </p0826-teimww:isMentionedIn>
    <p0826-teimww:occursIn>
      <p0826-teimww:book knoraType="link_value" linkType="ref" target="ww_6e666f6effc63da3"/>
    </p0826-teimww:occursIn>
    <p0826-teimww:wasContributedBy>
      <p0826-teimww:person knoraType="link_value" linkType="ref" target="ww_c4063e9c72a3ffd2"/>
    </p0826-teimww:wasContributedBy>
  </p0826-teimww:passage>
  <p0826-teimww:passage id="ww_4a2d850b5e358e45">
    <knoraXmlImport:label>passage</knoraXmlImport:label>
    <p0826-teimww:occursIn>
      <p0826-teimww:book knoraType="link_value" linkType="ref" target="ww_7153ee1643dbad3b"/>
    </p0826-teimww:occursIn>
  </p0826-teimww:passage>
  <p0826-teimww:passage id="ww_6e305b78a62b964d">
    <knoraXmlImport:label>passage</knoraXmlImport:label>
    <p0826-teimww:contains>
      <p0826-teimww:lexia knoraType="link_value" linkType="ref" target="ww_eb47e9a10b46b7cc"/>
    </p0826-teimww:contains>
    <p0826-teimww:hasPage knoraType="richtext_value">60; act 3, scene 1, lines 57-59.</p0826-teimww:hasPage>
    <p0826-teimww:hasText knoraType="richtext_value">[Castabella:] [...] be not displeas'd if &lt;span class="quote"&gt;on &lt;br&gt;
The altar of his tomb I sacrifice &lt;br&gt;
My tears.&lt;/span&gt;</p0826-teimww:hasText>
    <p0826-teimww:isMentionedIn>
      <p0826-teimww:passage knoraType="link_value" linkType="ref" target="ww_336eb5a874f84734"/>
    </p0826-teimww:isMentionedIn>
    <p0826-teimww:occursIn>
      <p0826-teimww:book knoraType="link_value" linkType="ref" target="ww_2d0eea6c7b8afc36"/>
    </p0826-teimww:occursIn>
    <p0826-teimww:wasContributedBy>
      <p0826-teimww:person knoraType="link_value" linkType="ref" target="ww_b604df587d93b768"/>
    </p0826-teimww:wasContributedBy>
  </p0826-teimww:passage>
  <p0826-teimww:passage id="ww_3ee86519fef80fbf">
    <knoraXmlImport:label>passage</knoraXmlImport:label>
    <p0826-teimww:contains>
      <p0826-teimww:lexia knoraType="link_value" linkType="ref" target="ww_1ed33a791bd5d8c6"/>
    </p0826-teimww:contains>
    <p0826-teimww:hasPage knoraType="richtext_value">64; act 3, scene 2, lines 8-9.</p0826-teimww:hasPage>
    <p0826-teimww:hasText knoraType="richtext_value">[D'Amville:] Go, &lt;span class="quote"&gt;th' art the base corruption of my blood, &lt;br&gt;
And like a tetter grow'st unto my flesh.&lt;/span&gt;</p0826-teimww:hasText>
    <p0826-teimww:isMentionedIn>
      <p0826-teimww:passage knoraType="link_value" linkType="ref" target="ww_f3ea660c332091cd"/>
    </p0826-teimww:isMentionedIn>
    <p0826-teimww:occursIn>
      <p0826-teimww:book knoraType="link_value" linkType="ref" target="ww_2d0eea6c7b8afc36"/>
    </p0826-teimww:occursIn>
    <p0826-teimww:wasContributedBy>
      <p0826-teimww:person knoraType="link_value" linkType="ref" target="ww_b604df587d93b768"/>
    </p0826-teimww:wasContributedBy>
  </p0826-teimww:passage>
  <p0826-teimww:passage id="ww_811dcc927e7898ac">
    <knoraXmlImport:label>passage</knoraXmlImport:label>
    <p0826-teimww:contains>
      <p0826-teimww:lexia knoraType="link_value" linkType="ref" target="ww_1daf6b24fc4d1ede"/>
    </p0826-teimww:contains>
    <p0826-teimww:hasPage knoraType="richtext_value">act 1, scene 1, lines 178-</p0826-teimww:hasPage>
    <p0826-teimww:hasText knoraType="richtext_value">&lt;span class="quote"&gt;Pray frown, my lord; let me see how many wives you will have.&lt;/span&gt;</p0826-teimww:hasText>
    <p0826-teimww:isMentionedIn>
      <p0826-teimww:passage knoraType="link_value" linkType="ref" target="ww_fa154b84be700251"/>
    </p0826-teimww:isMentionedIn>
    <p0826-teimww:occursIn>
      <p0826-teimww:book knoraType="link_value" linkType="ref" target="ww_56e2bc4eb5abe25b"/>
    </p0826-teimww:occursIn>
    <p0826-teimww:wasContributedBy>
      <p0826-teimww:person knoraType="link_value" linkType="ref" target="ww_c4063e9c72a3ffd2"/>
    </p0826-teimww:wasContributedBy>
  </p0826-teimww:passage>
  <p0826-teimww:passage id="ww_d6f67b782909f387">
    <knoraXmlImport:label>passage</knoraXmlImport:label>
    <p0826-teimww:contains>
      <p0826-teimww:lexia knoraType="link_value" linkType="ref" target="ww_2c80d0613eb8069e"/>
    </p0826-teimww:contains>
    <p0826-teimww:hasPage knoraType="richtext_value">64; act 3, scene 2, lines 11-12.</p0826-teimww:hasPage>
    <p0826-teimww:hasText knoraType="richtext_value">[Sebastian:] [...] so you'll but &lt;span class="quote"&gt;put money i' my purse.&lt;/span&gt;</p0826-teimww:hasText>
    <p0826-teimww:isMentionedIn>
      <p0826-teimww:passage knoraType="link_value" linkType="ref" target="ww_f3ea660c332091cd"/>
    </p0826-teimww:isMentionedIn>
    <p0826-teimww:occursIn>
      <p0826-teimww:book knoraType="link_value" linkType="ref" target="ww_2d0eea6c7b8afc36"/>
    </p0826-teimww:occursIn>
    <p0826-teimww:wasContributedBy>
      <p0826-teimww:person knoraType="link_value" linkType="ref" target="ww_b604df587d93b768"/>
    </p0826-teimww:wasContributedBy>
  </p0826-teimww:passage>
  <p0826-teimww:passage id="ww_b0b21f113fc7988b">
    <knoraXmlImport:label>passage</knoraXmlImport:label>
    <p0826-teimww:contains>
      <p0826-teimww:lexia knoraType="link_value" linkType="ref" target="ww_5472795d0a14a904"/>
    </p0826-teimww:contains>
    <p0826-teimww:hasPage knoraType="richtext_value">64; act 3, scene 3, lines 30-33.</p0826-teimww:hasPage>
    <p0826-teimww:hasText knoraType="richtext_value">[Sebastian:] [...] &lt;span class="quote"&gt;Th' hast trebles and basses enough, treble injury and base usage. But trebles and basses make poor music without means. &lt;/span&gt;Thou want'st means, dost?</p0826-teimww:hasText>
    <p0826-teimww:isMentionedIn>
      <p0826-teimww:passage knoraType="link_value" linkType="ref" target="ww_f3ea660c332091cd"/>
    </p0826-teimww:isMentionedIn>
    <p0826-teimww:occursIn>
      <p0826-teimww:book knoraType="link_value" linkType="ref" target="ww_2d0eea6c7b8afc36"/>
    </p0826-teimww:occursIn>
    <p0826-teimww:wasContributedBy>
      <p0826-teimww:person knoraType="link_value" linkType="ref" target="ww_b604df587d93b768"/>
    </p0826-teimww:wasContributedBy>
  </p0826-teimww:passage>
  <p0826-teimww:passage id="ww_e3ca2dc095c6d113">
    <knoraXmlImport:label>passage</knoraXmlImport:label>
    <p0826-teimww:contains>
      <p0826-teimww:lexia knoraType="link_value" linkType="ref" target="ww_5c503be567768984"/>
    </p0826-teimww:contains>
    <p0826-teimww:hasPage knoraType="richtext_value">69-70; act 3, scene 3, line 45.</p0826-teimww:hasPage>
    <p0826-teimww:hasText knoraType="richtext_value">[Charlemont:] [...] &lt;span class="quote"&gt;This little world of man.&lt;/span&gt;</p0826-teimww:hasText>
    <p0826-teimww:isMentionedIn>
      <p0826-teimww:passage knoraType="link_value" linkType="ref" target="ww_6c0f44e10c4158ea"/>
    </p0826-teimww:isMentionedIn>
    <p0826-teimww:occursIn>
      <p0826-teimww:book knoraType="link_value" linkType="ref" target="ww_2d0eea6c7b8afc36"/>
    </p0826-teimww:occursIn>
    <p0826-teimww:wasContributedBy>
      <p0826-teimww:person knoraType="link_value" linkType="ref" target="ww_b604df587d93b768"/>
    </p0826-teimww:wasContributedBy>
  </p0826-teimww:passage>
  <p0826-teimww:passage id="ww_40a1dfdae82b58c4">
    <knoraXmlImport:label>passage</knoraXmlImport:label>
    <p0826-teimww:contains>
      <p0826-teimww:lexia knoraType="link_value" linkType="ref" target="ww_68608842c6c2bc1c"/>
    </p0826-teimww:contains>
    <p0826-teimww:hasPage knoraType="richtext_value">8 [normalized spelling].</p0826-teimww:hasPage>
    <p0826-teimww:hasPageHist knoraType="richtext_value">8.</p0826-teimww:hasPageHist>
    <p0826-teimww:hasText knoraType="richtext_value">[Guido Count of Arsena:] &lt;i&gt;Sancta Maria! &lt;/i&gt;What thinkst thou of this change?&lt;br&gt;
&lt;span class="quote"&gt;A Player's passion I'll believe hereafter,&lt;br&gt;
And in a Tragic Scene weep for olde Priam,&lt;br&gt;&lt;/span&gt;
When fell revenging Pyrrhus with supposed&lt;br&gt;
And artificial wounds mangles his breast,&lt;br&gt;
And think it a more worthy act to me,&lt;br&gt;
Than trust a female mourning ore her love:&lt;br&gt;
Naught that is done of woman shall me please,&lt;br&gt;
Natures step-children rather her desire.	</p0826-teimww:hasText>
    <p0826-teimww:hasTextHist knoraType="richtext_value">[Guido Count of Arsena:] &lt;i&gt;Sancta Maria! &lt;/i&gt;What thinkst thou of this change?&lt;br&gt;
&lt;span class="quote"&gt;A Players passion Ile beleeue hereafter,&lt;br&gt;
And in a Tragicke Sceane weepe for olde Priam,&lt;br&gt;&lt;/span&gt;
When fell reuenging Pirrhus with supposde&lt;br&gt;
And artificiall wounds mangles his breast,&lt;br&gt;
And thinke it a more worthy act to me,&lt;br&gt;
Then trust a female mourning ore her loue:&lt;br&gt;
Naught that is done of woman shall me please,&lt;br&gt;
Natures step-children rather her desease [desire].	</p0826-teimww:hasTextHist>
    <p0826-teimww:isMentionedIn>
      <p0826-teimww:passage knoraType="link_value" linkType="ref" target="ww_0c94ff9c3e1bdf5b"/>
    </p0826-teimww:isMentionedIn>
    <p0826-teimww:occursIn>
      <p0826-teimww:book knoraType="link_value" linkType="ref" target="ww_56e2bc4eb5abe25b"/>
    </p0826-teimww:occursIn>
    <p0826-teimww:wasContributedBy>
      <p0826-teimww:person knoraType="link_value" linkType="ref" target="ww_c4063e9c72a3ffd2"/>
    </p0826-teimww:wasContributedBy>
  </p0826-teimww:passage>
  <p0826-teimww:passage id="ww_0c94ff9c3e1bdf5b">
    <knoraXmlImport:label>passage</knoraXmlImport:label>
    <p0826-teimww:occursIn>
      <p0826-teimww:book knoraType="link_value" linkType="ref" target="ww_1140c36ab545b6d8"/>
    </p0826-teimww:occursIn>
  </p0826-teimww:passage>
  <p0826-teimww:passage id="ww_65c5fceaf2998c98">
    <knoraXmlImport:label>passage</knoraXmlImport:label>
    <p0826-teimww:contains>
      <p0826-teimww:lexia knoraType="link_value" linkType="ref" target="ww_fb980c2bef492c31"/>
    </p0826-teimww:contains>
    <p0826-teimww:hasPage knoraType="richtext_value">70; act 3, scene 4, lines 4-12.</p0826-teimww:hasPage>
    <p0826-teimww:hasText knoraType="richtext_value">[Castabella:] O father, &lt;span class="quote"&gt;mercy is an attribute &lt;br&gt;
As high as justice, an essential part &lt;br&gt;
Of his unbound goodness, whose divine &lt;br&gt;
Impression, form, and image man should bear.&lt;/span&gt; &lt;br&gt;
And methinks man should love to imitate &lt;br&gt;
His mercy, since the only countenance &lt;br&gt;
Of justice were destruction, if the sweet &lt;br&gt;
And loving favour of his mercy did &lt;br&gt;
Not meditate between it and our weakness.</p0826-teimww:hasText>
    <p0826-teimww:isMentionedIn>
      <p0826-teimww:passage knoraType="link_value" linkType="ref" target="ww_ff7881ef1ad6679f"/>
    </p0826-teimww:isMentionedIn>
    <p0826-teimww:occursIn>
      <p0826-teimww:book knoraType="link_value" linkType="ref" target="ww_2d0eea6c7b8afc36"/>
    </p0826-teimww:occursIn>
    <p0826-teimww:wasContributedBy>
      <p0826-teimww:person knoraType="link_value" linkType="ref" target="ww_b604df587d93b768"/>
    </p0826-teimww:wasContributedBy>
  </p0826-teimww:passage>
  <p0826-teimww:passage id="ww_ea99c4404667c0ab">
    <knoraXmlImport:label>passage</knoraXmlImport:label>
    <p0826-teimww:contains>
      <p0826-teimww:lexia knoraType="link_value" linkType="ref" target="ww_486c0f015ab1f044"/>
    </p0826-teimww:contains>
    <p0826-teimww:hasPage knoraType="richtext_value">74; act 4, scene 1, lines 2-3.</p0826-teimww:hasPage>
    <p0826-teimww:hasText knoraType="richtext_value">[Cataplasma:] [...] What's here? &lt;span class="quote"&gt;A medlar with a plum tree gowing hard by it &lt;/span&gt;[...].</p0826-teimww:hasText>
    <p0826-teimww:isMentionedIn>
      <p0826-teimww:passage knoraType="link_value" linkType="ref" target="ww_aff86f1641b59624"/>
    </p0826-teimww:isMentionedIn>
    <p0826-teimww:occursIn>
      <p0826-teimww:book knoraType="link_value" linkType="ref" target="ww_2d0eea6c7b8afc36"/>
    </p0826-teimww:occursIn>
    <p0826-teimww:wasContributedBy>
      <p0826-teimww:person knoraType="link_value" linkType="ref" target="ww_b604df587d93b768"/>
    </p0826-teimww:wasContributedBy>
  </p0826-teimww:passage>
  <p0826-teimww:passage id="ww_abe4c347bce04d18">
    <knoraXmlImport:label>passage</knoraXmlImport:label>
    <p0826-teimww:contains>
      <p0826-teimww:lexia knoraType="link_value" linkType="ref" target="ww_6ab0a361f558a8e2"/>
    </p0826-teimww:contains>
    <p0826-teimww:hasPage knoraType="richtext_value">75; act 4, scene 1, lines 31-33.</p0826-teimww:hasPage>
    <p0826-teimww:hasText knoraType="richtext_value">[Sebastian:] [...] But here's a moral. &lt;span class="quote"&gt;A pop'ring pear tree growing upon the bank of a river &lt;/span&gt;[...].</p0826-teimww:hasText>
    <p0826-teimww:isMentionedIn>
      <p0826-teimww:passage knoraType="link_value" linkType="ref" target="ww_963a30e6ef9ae888"/>
    </p0826-teimww:isMentionedIn>
    <p0826-teimww:occursIn>
      <p0826-teimww:book knoraType="link_value" linkType="ref" target="ww_2d0eea6c7b8afc36"/>
    </p0826-teimww:occursIn>
    <p0826-teimww:wasContributedBy>
      <p0826-teimww:person knoraType="link_value" linkType="ref" target="ww_b604df587d93b768"/>
    </p0826-teimww:wasContributedBy>
  </p0826-teimww:passage>
  <p0826-teimww:passage id="ww_963a30e6ef9ae888">
    <knoraXmlImport:label>passage</knoraXmlImport:label>
    <p0826-teimww:occursIn>
      <p0826-teimww:book knoraType="link_value" linkType="ref" target="ww_5eeeb3e78e8b0bc3"/>
    </p0826-teimww:occursIn>
  </p0826-teimww:passage>
  <p0826-teimww:passage id="ww_9dcbc7f06b5591b7">
    <knoraXmlImport:label>passage</knoraXmlImport:label>
    <p0826-teimww:contains>
      <p0826-teimww:lexia knoraType="link_value" linkType="ref" target="ww_030ccf98083f9c81"/>
    </p0826-teimww:contains>
    <p0826-teimww:hasPage knoraType="richtext_value">89; act 4, scene 3, line 11.</p0826-teimww:hasPage>
    <p0826-teimww:hasText knoraType="richtext_value">[D'Amville:] &lt;span class="quote"&gt;Why doest thou stare upon me?&lt;/span&gt;</p0826-teimww:hasText>
    <p0826-teimww:isMentionedIn>
      <p0826-teimww:passage knoraType="link_value" linkType="ref" target="ww_f1b4d1a75f664762"/>
    </p0826-teimww:isMentionedIn>
    <p0826-teimww:occursIn>
      <p0826-teimww:book knoraType="link_value" linkType="ref" target="ww_2d0eea6c7b8afc36"/>
    </p0826-teimww:occursIn>
    <p0826-teimww:wasContributedBy>
      <p0826-teimww:person knoraType="link_value" linkType="ref" target="ww_b604df587d93b768"/>
    </p0826-teimww:wasContributedBy>
  </p0826-teimww:passage>
  <p0826-teimww:passage id="ww_f1b4d1a75f664762">
    <knoraXmlImport:label>passage</knoraXmlImport:label>
    <p0826-teimww:occursIn>
      <p0826-teimww:book knoraType="link_value" linkType="ref" target="ww_5eeeb3e78e8b0bc3"/>
    </p0826-teimww:occursIn>
  </p0826-teimww:passage>
  <p0826-teimww:passage id="ww_14f97d5ed28307f6">
    <knoraXmlImport:label>passage</knoraXmlImport:label>
    <p0826-teimww:contains>
      <p0826-teimww:lexia knoraType="link_value" linkType="ref" target="ww_7e89659da5183d4c"/>
    </p0826-teimww:contains>
    <p0826-teimww:hasPage knoraType="richtext_value">Act 5, scene 2, lines 19-20.</p0826-teimww:hasPage>
    <p0826-teimww:hasText knoraType="richtext_value">[Angus:] Now does he feel &lt;br&gt;
&lt;span class="quote"&gt;His secret murders sticking on his hands.&lt;/span&gt;</p0826-teimww:hasText>
    <p0826-teimww:isMentionedIn>
      <p0826-teimww:passage knoraType="link_value" linkType="ref" target="ww_d66787f2559c4c2f"/>
    </p0826-teimww:isMentionedIn>
    <p0826-teimww:occursIn>
      <p0826-teimww:book knoraType="link_value" linkType="ref" target="ww_7114631e1c7c2d84"/>
    </p0826-teimww:occursIn>
    <p0826-teimww:wasContributedBy>
      <p0826-teimww:person knoraType="link_value" linkType="ref" target="ww_b604df587d93b768"/>
    </p0826-teimww:wasContributedBy>
  </p0826-teimww:passage>
  <p0826-teimww:passage id="ww_d66787f2559c4c2f">
    <knoraXmlImport:label>passage</knoraXmlImport:label>
    <p0826-teimww:occursIn>
      <p0826-teimww:book knoraType="link_value" linkType="ref" target="ww_5eeeb3e78e8b0bc3"/>
    </p0826-teimww:occursIn>
  </p0826-teimww:passage>
  <p0826-teimww:passage id="ww_5dcab4d533187072">
    <knoraXmlImport:label>passage</knoraXmlImport:label>
    <p0826-teimww:contains>
      <p0826-teimww:lexia knoraType="link_value" linkType="ref" target="ww_7e89659da5183d4c"/>
    </p0826-teimww:contains>
    <p0826-teimww:hasPage knoraType="richtext_value">80; act 4, scene 3, lines 223-224.</p0826-teimww:hasPage>
    <p0826-teimww:hasText knoraType="richtext_value">[D'Amville:] [...] but &lt;span class="quote"&gt;now that I begin to feel &lt;br&gt;
The loathsome horror of my sin &lt;/span&gt;[...].</p0826-teimww:hasText>
    <p0826-teimww:isMentionedIn>
      <p0826-teimww:passage knoraType="link_value" linkType="ref" target="ww_67cc0a7a575632d6"/>
    </p0826-teimww:isMentionedIn>
    <p0826-teimww:occursIn>
      <p0826-teimww:book knoraType="link_value" linkType="ref" target="ww_2d0eea6c7b8afc36"/>
    </p0826-teimww:occursIn>
    <p0826-teimww:wasContributedBy>
      <p0826-teimww:person knoraType="link_value" linkType="ref" target="ww_b604df587d93b768"/>
    </p0826-teimww:wasContributedBy>
  </p0826-teimww:passage>
  <p0826-teimww:passage id="ww_67cc0a7a575632d6">
    <knoraXmlImport:label>passage</knoraXmlImport:label>
    <p0826-teimww:occursIn>
      <p0826-teimww:book knoraType="link_value" linkType="ref" target="ww_5eeeb3e78e8b0bc3"/>
    </p0826-teimww:occursIn>
  </p0826-teimww:passage>
  <p0826-teimww:passage id="ww_1befe004ccbe2e77">
    <knoraXmlImport:label>passage</knoraXmlImport:label>
    <p0826-teimww:contains>
      <p0826-teimww:lexia knoraType="link_value" linkType="ref" target="ww_c95dbd6dde8abd9e"/>
    </p0826-teimww:contains>
    <p0826-teimww:hasPage knoraType="richtext_value">90; act 4, scene 3, line 245.</p0826-teimww:hasPage>
    <p0826-teimww:hasText knoraType="richtext_value">[D'Amville:] &lt;span class="quote"&gt;Mountains o'erwhelm me &lt;/span&gt;[...].</p0826-teimww:hasText>
    <p0826-teimww:isMentionedIn>
      <p0826-teimww:passage knoraType="link_value" linkType="ref" target="ww_d66787f2559c4c2f"/>
    </p0826-teimww:isMentionedIn>
    <p0826-teimww:occursIn>
      <p0826-teimww:book knoraType="link_value" linkType="ref" target="ww_2d0eea6c7b8afc36"/>
    </p0826-teimww:occursIn>
    <p0826-teimww:wasContributedBy>
      <p0826-teimww:person knoraType="link_value" linkType="ref" target="ww_b604df587d93b768"/>
    </p0826-teimww:wasContributedBy>
  </p0826-teimww:passage>
  <p0826-teimww:passage id="ww_5525cb7b5d639101">
    <knoraXmlImport:label>passage</knoraXmlImport:label>
    <p0826-teimww:contains>
      <p0826-teimww:lexia knoraType="link_value" linkType="ref" target="ww_a5d0d893e83474ac"/>
    </p0826-teimww:contains>
    <p0826-teimww:hasPage knoraType="richtext_value">91; Act 4, scene 3, lines 248-251.</p0826-teimww:hasPage>
    <p0826-teimww:hasText knoraType="richtext_value">[D'Amville:] O were my body circumvolv'd &lt;br&gt;
Within that cloud, that &lt;span class="quote"&gt;when the thunder tears &lt;br&gt;
His passage open, it might scatter me &lt;br&gt;
To nothing in the air!&lt;/span&gt;</p0826-teimww:hasText>
    <p0826-teimww:isMentionedIn>
      <p0826-teimww:passage knoraType="link_value" linkType="ref" target="ww_d9ccb6a61dc47c15"/>
    </p0826-teimww:isMentionedIn>
    <p0826-teimww:occursIn>
      <p0826-teimww:book knoraType="link_value" linkType="ref" target="ww_2d0eea6c7b8afc36"/>
    </p0826-teimww:occursIn>
    <p0826-teimww:wasContributedBy>
      <p0826-teimww:person knoraType="link_value" linkType="ref" target="ww_b604df587d93b768"/>
    </p0826-teimww:wasContributedBy>
  </p0826-teimww:passage>
  <p0826-teimww:passage id="ww_d9ccb6a61dc47c15">
    <knoraXmlImport:label>passage</knoraXmlImport:label>
    <p0826-teimww:occursIn>
      <p0826-teimww:book knoraType="link_value" linkType="ref" target="ww_5eeeb3e78e8b0bc3"/>
    </p0826-teimww:occursIn>
  </p0826-teimww:passage>
  <p0826-teimww:passage id="ww_1a185149b887ddbb">
    <knoraXmlImport:label>passage</knoraXmlImport:label>
    <p0826-teimww:contains>
      <p0826-teimww:lexia knoraType="link_value" linkType="ref" target="ww_99b2e65e8698dec3"/>
    </p0826-teimww:contains>
    <p0826-teimww:hasPage knoraType="richtext_value">96-97; act 4, scene 5, lines 16-22.</p0826-teimww:hasPage>
    <p0826-teimww:hasText knoraType="richtext_value">[Levidulcia:] [...] My strange affection to this man! &lt;span class="quote"&gt;'Tis like &lt;br&gt;
That natural sympathy which e'en among &lt;br&gt;
The senseless creatures of the earth commands &lt;br&gt;
A mutual inclination and consent. &lt;br&gt;
For though it seems to be the free effect &lt;br&gt;
Of mine own voluntary love, yet I &lt;br&gt;
Can neither restrain it, nor give reason for 't.&lt;/span&gt;</p0826-teimww:hasText>
    <p0826-teimww:isMentionedIn>
      <p0826-teimww:passage knoraType="link_value" linkType="ref" target="ww_f1bff727df4461f1"/>
    </p0826-teimww:isMentionedIn>
    <p0826-teimww:occursIn>
      <p0826-teimww:book knoraType="link_value" linkType="ref" target="ww_2d0eea6c7b8afc36"/>
    </p0826-teimww:occursIn>
    <p0826-teimww:wasContributedBy>
      <p0826-teimww:person knoraType="link_value" linkType="ref" target="ww_b604df587d93b768"/>
    </p0826-teimww:wasContributedBy>
  </p0826-teimww:passage>
  <p0826-teimww:passage id="ww_188967b6ae3bd42f">
    <knoraXmlImport:label>passage</knoraXmlImport:label>
    <p0826-teimww:contains>
      <p0826-teimww:lexia knoraType="link_value" linkType="ref" target="ww_1a018b15b255e128"/>
    </p0826-teimww:contains>
    <p0826-teimww:hasPage knoraType="richtext_value">28; Act 2, scene 1, lines 9-10.</p0826-teimww:hasPage>
    <p0826-teimww:hasText knoraType="richtext_value">[Levidulcia:] [...] if they bid thee not welcome, &lt;span class="quote"&gt;they are very loggerheads.&lt;/span&gt;</p0826-teimww:hasText>
    <p0826-teimww:isMentionedIn>
      <p0826-teimww:passage knoraType="link_value" linkType="ref" target="ww_a1e3775f76c036f2"/>
    </p0826-teimww:isMentionedIn>
    <p0826-teimww:occursIn>
      <p0826-teimww:book knoraType="link_value" linkType="ref" target="ww_2d0eea6c7b8afc36"/>
    </p0826-teimww:occursIn>
    <p0826-teimww:wasContributedBy>
      <p0826-teimww:person knoraType="link_value" linkType="ref" target="ww_b604df587d93b768"/>
    </p0826-teimww:wasContributedBy>
  </p0826-teimww:passage>
  <p0826-teimww:passage id="ww_0bfefd4b1307c5b6">
    <knoraXmlImport:label>passage</knoraXmlImport:label>
    <p0826-teimww:contains>
      <p0826-teimww:lexia knoraType="link_value" linkType="ref" target="ww_a14b711c12a38e24"/>
    </p0826-teimww:contains>
    <p0826-teimww:hasPage knoraType="richtext_value">34; act 2, scene 2, line 6.</p0826-teimww:hasPage>
    <p0826-teimww:hasText knoraType="richtext_value">[Third Servant:] Why then &lt;span class="quote"&gt;take thy liquor. a health, Fresco! (kneels)&lt;/span&gt;</p0826-teimww:hasText>
    <p0826-teimww:isMentionedIn>
      <p0826-teimww:passage knoraType="link_value" linkType="ref" target="ww_a4f92d68d4b3a3f4"/>
    </p0826-teimww:isMentionedIn>
    <p0826-teimww:occursIn>
      <p0826-teimww:book knoraType="link_value" linkType="ref" target="ww_2d0eea6c7b8afc36"/>
    </p0826-teimww:occursIn>
    <p0826-teimww:wasContributedBy>
      <p0826-teimww:person knoraType="link_value" linkType="ref" target="ww_b604df587d93b768"/>
    </p0826-teimww:wasContributedBy>
  </p0826-teimww:passage>
  <p0826-teimww:passage id="ww_7cc07a625ded3ae8">
    <knoraXmlImport:label>passage</knoraXmlImport:label>
    <p0826-teimww:contains>
      <p0826-teimww:lexia knoraType="link_value" linkType="ref" target="ww_5c62ac50a459520b"/>
    </p0826-teimww:contains>
    <p0826-teimww:hasPage knoraType="richtext_value">85; Act 4, scene 3, lines 105-109</p0826-teimww:hasPage>
    <p0826-teimww:hasText knoraType="richtext_value">[D'Amville:] [...] for &lt;span class="quote"&gt;the appetite &lt;br&gt;
That steals her pleasures, draws the forces of &lt;br&gt;
The body to an united strength and puts &lt;br&gt;
'Em altogether into action, &lt;br&gt;
Never fails of procreation.&lt;/span&gt;</p0826-teimww:hasText>
    <p0826-teimww:isMentionedIn>
      <p0826-teimww:passage knoraType="link_value" linkType="ref" target="ww_4438e6e3664a48c1"/>
    </p0826-teimww:isMentionedIn>
    <p0826-teimww:occursIn>
      <p0826-teimww:book knoraType="link_value" linkType="ref" target="ww_2d0eea6c7b8afc36"/>
    </p0826-teimww:occursIn>
    <p0826-teimww:wasContributedBy>
      <p0826-teimww:person knoraType="link_value" linkType="ref" target="ww_b604df587d93b768"/>
    </p0826-teimww:wasContributedBy>
  </p0826-teimww:passage>
  <p0826-teimww:passage id="ww_79e73b0711d9420f">
    <knoraXmlImport:label>passage</knoraXmlImport:label>
    <p0826-teimww:contains>
      <p0826-teimww:lexia knoraType="link_value" linkType="ref" target="ww_773ca6f917878248"/>
    </p0826-teimww:contains>
    <p0826-teimww:hasPage knoraType="richtext_value">35; act 2, scene 2, line 27.</p0826-teimww:hasPage>
    <p0826-teimww:hasText knoraType="richtext_value">[Second Servant:] &lt;span class="quote"&gt;Do you take that in snuff, &lt;/span&gt;sir?</p0826-teimww:hasText>
    <p0826-teimww:isMentionedIn>
      <p0826-teimww:passage knoraType="link_value" linkType="ref" target="ww_cb745f21fbdc9e51"/>
    </p0826-teimww:isMentionedIn>
    <p0826-teimww:occursIn>
      <p0826-teimww:book knoraType="link_value" linkType="ref" target="ww_2d0eea6c7b8afc36"/>
    </p0826-teimww:occursIn>
    <p0826-teimww:wasContributedBy>
      <p0826-teimww:person knoraType="link_value" linkType="ref" target="ww_b604df587d93b768"/>
    </p0826-teimww:wasContributedBy>
  </p0826-teimww:passage>
  <p0826-teimww:passage id="ww_14fb035cea48fb63">
    <knoraXmlImport:label>passage</knoraXmlImport:label>
    <p0826-teimww:contains>
      <p0826-teimww:lexia knoraType="link_value" linkType="ref" target="ww_11ea619a3c73c4fe"/>
    </p0826-teimww:contains>
    <p0826-teimww:hasPage knoraType="richtext_value">36; act 2, scene 2, lines 37-38.</p0826-teimww:hasPage>
    <p0826-teimww:hasText knoraType="richtext_value">[D'Amville:] I'll tell thee what sha't do: knock him over the pate with thy torch; &lt;span class="quote"&gt;I'll bear thee out in't. &lt;/span&gt;</p0826-teimww:hasText>
    <p0826-teimww:isMentionedIn>
      <p0826-teimww:passage knoraType="link_value" linkType="ref" target="ww_a7999a93513cff17"/>
    </p0826-teimww:isMentionedIn>
    <p0826-teimww:occursIn>
      <p0826-teimww:book knoraType="link_value" linkType="ref" target="ww_2d0eea6c7b8afc36"/>
    </p0826-teimww:occursIn>
    <p0826-teimww:wasContributedBy>
      <p0826-teimww:person knoraType="link_value" linkType="ref" target="ww_b604df587d93b768"/>
    </p0826-teimww:wasContributedBy>
  </p0826-teimww:passage>
  <p0826-teimww:passage id="ww_d718b134c90e1973">
    <knoraXmlImport:label>passage</knoraXmlImport:label>
    <p0826-teimww:contains>
      <p0826-teimww:lexia knoraType="link_value" linkType="ref" target="ww_5c62ac50a459520b"/>
    </p0826-teimww:contains>
    <p0826-teimww:hasPage knoraType="richtext_value">38; act 2, scene 3, lines 36-38.</p0826-teimww:hasPage>
    <p0826-teimww:hasText knoraType="richtext_value">[Levidulcia:] [...] Why sure &lt;span class="quote"&gt;their generation was asleep &lt;br&gt;
When she begot those dormice, that she made &lt;br&gt;
Them up so weakly and imperfectly.&lt;/span&gt;</p0826-teimww:hasText>
    <p0826-teimww:isMentionedIn>
      <p0826-teimww:passage knoraType="link_value" linkType="ref" target="ww_0bd623eca7781c96"/>
    </p0826-teimww:isMentionedIn>
    <p0826-teimww:occursIn>
      <p0826-teimww:book knoraType="link_value" linkType="ref" target="ww_2d0eea6c7b8afc36"/>
    </p0826-teimww:occursIn>
    <p0826-teimww:wasContributedBy>
      <p0826-teimww:person knoraType="link_value" linkType="ref" target="ww_b604df587d93b768"/>
    </p0826-teimww:wasContributedBy>
  </p0826-teimww:passage>
  <p0826-teimww:passage id="ww_0bd623eca7781c96">
    <knoraXmlImport:label>passage</knoraXmlImport:label>
    <p0826-teimww:occursIn>
      <p0826-teimww:book knoraType="link_value" linkType="ref" target="ww_5eeeb3e78e8b0bc3"/>
    </p0826-teimww:occursIn>
  </p0826-teimww:passage>
  <p0826-teimww:passage id="ww_44f38b3c22da647f">
    <knoraXmlImport:label>passage</knoraXmlImport:label>
    <p0826-teimww:contains>
      <p0826-teimww:lexia knoraType="link_value" linkType="ref" target="ww_9fd7beafe2f35dd8"/>
    </p0826-teimww:contains>
    <p0826-teimww:hasPage knoraType="richtext_value">15.</p0826-teimww:hasPage>
    <p0826-teimww:hasPageHist knoraType="richtext_value">15.</p0826-teimww:hasPageHist>
    <p0826-teimww:hasText knoraType="richtext_value">[Claridiana:] Slave, I will fight with thee at any odds,&lt;br&gt;
Or name an instrument fit for destruction,&lt;br&gt;
That e'er was made to make away a man,&lt;br&gt;
&lt;span class="quote"&gt;I'll meet thee on the ridges of the Alps,&lt;br&gt;
Or some inhospitable wilderness &lt;/span&gt;[...].	</p0826-teimww:hasText>
    <p0826-teimww:hasTextHist knoraType="richtext_value">[Claridiana:] Slave, I will fight with thee at any oddes,&lt;br&gt;
Or name an instrument fit for destruction,&lt;br&gt;
That e'er was made to make away a man,&lt;br&gt;
&lt;span class="quote"&gt;Ile meete thee on the ridges of the Alpes,&lt;br&gt;
Or some inhospitable wildernesse /span&gt;[...].	</p0826-teimww:hasTextHist>
    <p0826-teimww:isMentionedIn>
      <p0826-teimww:passage knoraType="link_value" linkType="ref" target="ww_98c9ba310bd3c381"/>
    </p0826-teimww:isMentionedIn>
    <p0826-teimww:occursIn>
      <p0826-teimww:book knoraType="link_value" linkType="ref" target="ww_56e2bc4eb5abe25b"/>
    </p0826-teimww:occursIn>
    <p0826-teimww:wasContributedBy>
      <p0826-teimww:person knoraType="link_value" linkType="ref" target="ww_c4063e9c72a3ffd2"/>
    </p0826-teimww:wasContributedBy>
  </p0826-teimww:passage>
  <p0826-teimww:passage id="ww_98c9ba310bd3c381">
    <knoraXmlImport:label>passage</knoraXmlImport:label>
    <p0826-teimww:occursIn>
      <p0826-teimww:book knoraType="link_value" linkType="ref" target="ww_5af91280461707f1"/>
    </p0826-teimww:occursIn>
  </p0826-teimww:passage>
  <p0826-teimww:passage id="ww_7589fd1e5d190b51">
    <knoraXmlImport:label>passage</knoraXmlImport:label>
    <p0826-teimww:contains>
      <p0826-teimww:lexia knoraType="link_value" linkType="ref" target="ww_7d946a04ba2638bc"/>
    </p0826-teimww:contains>
    <p0826-teimww:hasPage knoraType="richtext_value">38; act 2, scene 3, lines 43-44.</p0826-teimww:hasPage>
    <p0826-teimww:hasText knoraType="richtext_value">[Levidulcia:] [...] I could &lt;span class="quote"&gt;unbrace and entertain &lt;br&gt;
The air to cool it.&lt;/span&gt;</p0826-teimww:hasText>
    <p0826-teimww:isMentionedIn>
      <p0826-teimww:passage knoraType="link_value" linkType="ref" target="ww_0bd623eca7781c96"/>
    </p0826-teimww:isMentionedIn>
    <p0826-teimww:occursIn>
      <p0826-teimww:book knoraType="link_value" linkType="ref" target="ww_2d0eea6c7b8afc36"/>
    </p0826-teimww:occursIn>
    <p0826-teimww:wasContributedBy>
      <p0826-teimww:person knoraType="link_value" linkType="ref" target="ww_b604df587d93b768"/>
    </p0826-teimww:wasContributedBy>
  </p0826-teimww:passage>
  <p0826-teimww:passage id="ww_72147da23ba4751a">
    <knoraXmlImport:label>passage</knoraXmlImport:label>
    <p0826-teimww:contains>
      <p0826-teimww:lexia knoraType="link_value" linkType="ref" target="ww_667baf133288852e"/>
    </p0826-teimww:contains>
    <p0826-teimww:hasPage knoraType="richtext_value">20.</p0826-teimww:hasPage>
    <p0826-teimww:hasText knoraType="richtext_value">[Abigal:] [...] one that (it seem'd) &lt;span class="quote"&gt;fear'd no colours [...].	</p0826-teimww:hasText>
    <p0826-teimww:isMentionedIn>
      <p0826-teimww:passage knoraType="link_value" linkType="ref" target="ww_c031068c8a9cf48d"/>
    </p0826-teimww:isMentionedIn>
    <p0826-teimww:occursIn>
      <p0826-teimww:book knoraType="link_value" linkType="ref" target="ww_56e2bc4eb5abe25b"/>
    </p0826-teimww:occursIn>
    <p0826-teimww:wasContributedBy>
      <p0826-teimww:person knoraType="link_value" linkType="ref" target="ww_c4063e9c72a3ffd2"/>
    </p0826-teimww:wasContributedBy>
  </p0826-teimww:passage>
  <p0826-teimww:passage id="ww_c031068c8a9cf48d">
    <knoraXmlImport:label>passage</knoraXmlImport:label>
    <p0826-teimww:occursIn>
      <p0826-teimww:book knoraType="link_value" linkType="ref" target="ww_5af91280461707f1"/>
    </p0826-teimww:occursIn>
  </p0826-teimww:passage>
  <p0826-teimww:passage id="ww_7ebc5eaf163efbc2">
    <knoraXmlImport:label>passage</knoraXmlImport:label>
    <p0826-teimww:contains>
      <p0826-teimww:lexia knoraType="link_value" linkType="ref" target="ww_ba45b900e14e5842"/>
    </p0826-teimww:contains>
    <p0826-teimww:hasPage knoraType="richtext_value">21 [normalized spelling].</p0826-teimww:hasPage>
    <p0826-teimww:hasPageHist knoraType="richtext_value">21.</p0826-teimww:hasPageHist>
    <p0826-teimww:hasText knoraType="richtext_value">[Lentulus:] Yet &lt;span class="quote"&gt;you sink apace &lt;/span&gt;sir.</p0826-teimww:hasText>
    <p0826-teimww:hasTextHist knoraType="richtext_value">[Lentulus:] Yet &lt;span class="quote"&gt;you sinke a pace &lt;/span&gt;sir.</p0826-teimww:hasTextHist>
    <p0826-teimww:isMentionedIn>
      <p0826-teimww:passage knoraType="link_value" linkType="ref" target="ww_5ca959dfc28953e9"/>
    </p0826-teimww:isMentionedIn>
    <p0826-teimww:occursIn>
      <p0826-teimww:book knoraType="link_value" linkType="ref" target="ww_56e2bc4eb5abe25b"/>
    </p0826-teimww:occursIn>
    <p0826-teimww:wasContributedBy>
      <p0826-teimww:person knoraType="link_value" linkType="ref" target="ww_c4063e9c72a3ffd2"/>
    </p0826-teimww:wasContributedBy>
  </p0826-teimww:passage>
  <p0826-teimww:passage id="ww_5ca959dfc28953e9">
    <knoraXmlImport:label>passage</knoraXmlImport:label>
    <p0826-teimww:occursIn>
      <p0826-teimww:book knoraType="link_value" linkType="ref" target="ww_5af91280461707f1"/>
    </p0826-teimww:occursIn>
  </p0826-teimww:passage>
  <p0826-teimww:passage id="ww_d0a00337de99eed8">
    <knoraXmlImport:label>passage</knoraXmlImport:label>
    <p0826-teimww:contains>
      <p0826-teimww:lexia knoraType="link_value" linkType="ref" target="ww_606a639faef0657a"/>
    </p0826-teimww:contains>
    <p0826-teimww:hasPage knoraType="richtext_value">24.</p0826-teimww:hasPage>
    <p0826-teimww:hasPageHist knoraType="richtext_value">24.</p0826-teimww:hasPageHist>
    <p0826-teimww:hasText knoraType="richtext_value">[Roberto:] [...] And &lt;span class="quote"&gt;taste a homely banquet we entreate.&lt;/span&gt;	</p0826-teimww:hasText>
    <p0826-teimww:hasTextHist knoraType="richtext_value">[Roberto:] [...] And &lt;span class="quote"&gt;taste a homely banquet we entreate.&lt;/span&gt;	</p0826-teimww:hasTextHist>
    <p0826-teimww:isMentionedIn>
      <p0826-teimww:passage knoraType="link_value" linkType="ref" target="ww_1521a972e98b5a35"/>
    </p0826-teimww:isMentionedIn>
    <p0826-teimww:occursIn>
      <p0826-teimww:book knoraType="link_value" linkType="ref" target="ww_56e2bc4eb5abe25b"/>
    </p0826-teimww:occursIn>
    <p0826-teimww:wasContributedBy>
      <p0826-teimww:person knoraType="link_value" linkType="ref" target="ww_c4063e9c72a3ffd2"/>
    </p0826-teimww:wasContributedBy>
  </p0826-teimww:passage>
  <p0826-teimww:passage id="ww_1521a972e98b5a35">
    <knoraXmlImport:label>passage</knoraXmlImport:label>
    <p0826-teimww:occursIn>
      <p0826-teimww:book knoraType="link_value" linkType="ref" target="ww_5af91280461707f1"/>
    </p0826-teimww:occursIn>
  </p0826-teimww:passage>
  <p0826-teimww:passage id="ww_f2817ce930cb87ce">
    <knoraXmlImport:label>passage</knoraXmlImport:label>
    <p0826-teimww:contains>
      <p0826-teimww:lexia knoraType="link_value" linkType="ref" target="ww_564342b4f2c61179"/>
    </p0826-teimww:contains>
    <p0826-teimww:hasPage knoraType="richtext_value">59 [spelling normalized].</p0826-teimww:hasPage>
    <p0826-teimww:hasPageHist knoraType="richtext_value">59.</p0826-teimww:hasPageHist>
    <p0826-teimww:hasText knoraType="richtext_value">[Anna:] [...]&lt;span class="quote"&gt; I was the Indian, yet you had the treasure.&lt;/span&gt;</p0826-teimww:hasText>
    <p0826-teimww:hasTextHist knoraType="richtext_value">[Anna:] [...]&lt;span class="quote"&gt; I was the Indian, yet you had the treasure.&lt;/span&gt;</p0826-teimww:hasTextHist>
    <p0826-teimww:isMentionedIn>
      <p0826-teimww:passage knoraType="link_value" linkType="ref" target="ww_796a6bc1690d79b6"/>
    </p0826-teimww:isMentionedIn>
    <p0826-teimww:occursIn>
      <p0826-teimww:book knoraType="link_value" linkType="ref" target="ww_56e2bc4eb5abe25b"/>
    </p0826-teimww:occursIn>
    <p0826-teimww:wasContributedBy>
      <p0826-teimww:person knoraType="link_value" linkType="ref" target="ww_c4063e9c72a3ffd2"/>
    </p0826-teimww:wasContributedBy>
  </p0826-teimww:passage>
  <p0826-teimww:passage id="ww_796a6bc1690d79b6">
    <knoraXmlImport:label>passage</knoraXmlImport:label>
    <p0826-teimww:occursIn>
      <p0826-teimww:book knoraType="link_value" linkType="ref" target="ww_5af91280461707f1"/>
    </p0826-teimww:occursIn>
  </p0826-teimww:passage>
  <p0826-teimww:passage id="ww_047fb70dc6809c79">
    <knoraXmlImport:label>passage</knoraXmlImport:label>
    <p0826-teimww:contains>
      <p0826-teimww:lexia knoraType="link_value" linkType="ref" target="ww_6f238335d10a9530"/>
    </p0826-teimww:contains>
    <p0826-teimww:contains>
      <p0826-teimww:lexia knoraType="link_value" linkType="ref" target="ww_200ce8766af0d29c"/>
    </p0826-teimww:contains>
    <p0826-teimww:contains>
      <p0826-teimww:lexia knoraType="link_value" linkType="ref" target="ww_5d61cd2132f8e598"/>
    </p0826-teimww:contains>
    <p0826-teimww:contains>
      <p0826-teimww:lexia knoraType="link_value" linkType="ref" target="ww_c8527530fcb84bc0"/>
    </p0826-teimww:contains>
    <p0826-teimww:hasPage knoraType="richtext_value">41-42; act 2, scene 4, lines 25-42.</p0826-teimww:hasPage>
    <p0826-teimww:hasText knoraType="richtext_value">[D'Amville:] Dead be your tongues! Drop out &lt;br&gt;
Mine eye-balls, and &lt;span class="quote"&gt;let envious Fortune play &lt;br&gt;
At tennis with 'em&lt;/span&gt;. Have I liv'd to this? &lt;br&gt;
Malicious Nature! Hadst thou born me blind, &lt;br&gt;
Th'hadst yet been something favourable to me. &lt;br&gt;
No breat? No motion? Prithee tell me, Heaven, &lt;br&gt;
&lt;span class="quote"&gt;Hast shut thine eye to wink at murder&lt;/span&gt;, or &lt;br&gt;
Hast put the sable garment on to mourn &lt;br&gt;
At's death? &lt;br&gt;
&lt;span class="quote"&gt;Not one poor spark in the whole spacious sky &lt;br&gt;
Of all that endless number would vouchsafe &lt;br&gt;
To shine&lt;/span&gt;? You viceroys to the king of Nature! &lt;br&gt;
Whose constellations govern mortal births, &lt;br&gt;
&lt;span class="quote"&gt;Where is that fatal planet rul'd at his &lt;br&gt;
Nativity?&lt;/span&gt; That might ha' pleas'd to light &lt;br&gt;
Him out, as well into th' world, unless &lt;br&gt;
It be asham'd t' have been the instrument &lt;br&gt;
Of such a good man's cursed destiny.</p0826-teimww:hasText>
    <p0826-teimww:isMentionedIn>
      <p0826-teimww:passage knoraType="link_value" linkType="ref" target="ww_465765a1f930b3de"/>
    </p0826-teimww:isMentionedIn>
    <p0826-teimww:occursIn>
      <p0826-teimww:book knoraType="link_value" linkType="ref" target="ww_2d0eea6c7b8afc36"/>
    </p0826-teimww:occursIn>
    <p0826-teimww:wasContributedBy>
      <p0826-teimww:person knoraType="link_value" linkType="ref" target="ww_b604df587d93b768"/>
    </p0826-teimww:wasContributedBy>
  </p0826-teimww:passage>
  <p0826-teimww:passage id="ww_465765a1f930b3de">
    <knoraXmlImport:label>passage</knoraXmlImport:label>
    <p0826-teimww:occursIn>
      <p0826-teimww:book knoraType="link_value" linkType="ref" target="ww_5eeeb3e78e8b0bc3"/>
    </p0826-teimww:occursIn>
  </p0826-teimww:passage>
  <p0826-teimww:passage id="ww_c75a4dd3312799cb">
    <knoraXmlImport:label>passage</knoraXmlImport:label>
    <p0826-teimww:contains>
      <p0826-teimww:lexia knoraType="link_value" linkType="ref" target="ww_42e531ccf0a9aa8e"/>
    </p0826-teimww:contains>
    <p0826-teimww:hasPage knoraType="richtext_value">62.</p0826-teimww:hasPage>
    <p0826-teimww:hasPageHist knoraType="richtext_value">62.</p0826-teimww:hasPageHist>
    <p0826-teimww:hasText knoraType="richtext_value">[Don Sago:] [...] &lt;span class="quote"&gt;A hundred times in life a coward dies.&lt;/span&gt;</p0826-teimww:hasText>
    <p0826-teimww:hasTextHist knoraType="richtext_value">[Don Sago:] [...] &lt;span class="quote"&gt;A hundred times in life a coward dies.&lt;/span&gt;</p0826-teimww:hasTextHist>
    <p0826-teimww:isMentionedIn>
      <p0826-teimww:passage knoraType="link_value" linkType="ref" target="ww_3b804656da49ee82"/>
    </p0826-teimww:isMentionedIn>
    <p0826-teimww:isMentionedIn>
      <p0826-teimww:passage knoraType="link_value" linkType="ref" target="ww_bb3f94d0dec9cbef"/>
    </p0826-teimww:isMentionedIn>
    <p0826-teimww:occursIn>
      <p0826-teimww:book knoraType="link_value" linkType="ref" target="ww_56e2bc4eb5abe25b"/>
    </p0826-teimww:occursIn>
    <p0826-teimww:wasContributedBy>
      <p0826-teimww:person knoraType="link_value" linkType="ref" target="ww_c4063e9c72a3ffd2"/>
    </p0826-teimww:wasContributedBy>
  </p0826-teimww:passage>
  <p0826-teimww:passage id="ww_bb3f94d0dec9cbef">
    <knoraXmlImport:label>passage</knoraXmlImport:label>
    <p0826-teimww:occursIn>
      <p0826-teimww:book knoraType="link_value" linkType="ref" target="ww_bcc975a9199bde49"/>
    </p0826-teimww:occursIn>
  </p0826-teimww:passage>
  <p0826-teimww:passage id="ww_13d35c6c450dc867">
    <knoraXmlImport:label>passage</knoraXmlImport:label>
    <p0826-teimww:contains>
      <p0826-teimww:lexia knoraType="link_value" linkType="ref" target="ww_ed1de0858125259b"/>
    </p0826-teimww:contains>
    <p0826-teimww:hasPage knoraType="richtext_value">65 [normalized spelling].</p0826-teimww:hasPage>
    <p0826-teimww:hasPageHist knoraType="richtext_value">65.</p0826-teimww:hasPageHist>
    <p0826-teimww:hasText knoraType="richtext_value">[Don Sago:] [...] misers, that imprison'd gold&lt;br&gt;
Within &lt;span class="quote"&gt;the harmless bowels of the earth.&lt;/span&gt;</p0826-teimww:hasText>
    <p0826-teimww:hasTextHist knoraType="richtext_value">[Don Sago:] [...] misers, that imprison'd gold&lt;br&gt;
Within &lt;span class="quote"&gt;the harmlesse bowels of the earth.&lt;/span&gt;</p0826-teimww:hasTextHist>
    <p0826-teimww:isMentionedIn>
      <p0826-teimww:passage knoraType="link_value" linkType="ref" target="ww_e36639706993db13"/>
    </p0826-teimww:isMentionedIn>
    <p0826-teimww:occursIn>
      <p0826-teimww:book knoraType="link_value" linkType="ref" target="ww_56e2bc4eb5abe25b"/>
    </p0826-teimww:occursIn>
    <p0826-teimww:wasContributedBy>
      <p0826-teimww:person knoraType="link_value" linkType="ref" target="ww_c4063e9c72a3ffd2"/>
    </p0826-teimww:wasContributedBy>
  </p0826-teimww:passage>
  <p0826-teimww:passage id="ww_e36639706993db13">
    <knoraXmlImport:label>passage</knoraXmlImport:label>
    <p0826-teimww:occursIn>
      <p0826-teimww:book knoraType="link_value" linkType="ref" target="ww_bcc975a9199bde49"/>
    </p0826-teimww:occursIn>
  </p0826-teimww:passage>
  <p0826-teimww:passage id="ww_5bc4087fc1196013">
    <knoraXmlImport:label>passage</knoraXmlImport:label>
    <p0826-teimww:contains>
      <p0826-teimww:lexia knoraType="link_value" linkType="ref" target="ww_a8d7186d77a7bc3b"/>
    </p0826-teimww:contains>
    <p0826-teimww:hasPage knoraType="richtext_value">43; act 2, scene 4, lines 68-69.</p0826-teimww:hasPage>
    <p0826-teimww:hasText knoraType="richtext_value">[D'Amville:] [...] &lt;spoan class="quote"&gt;That rather than &lt;span class="quote"&gt;ha' trod upon a worm &lt;br&gt;
He would ha'shunn'd the way &lt;/span&gt;[...].</p0826-teimww:hasText>
    <p0826-teimww:isMentionedIn>
      <p0826-teimww:passage knoraType="link_value" linkType="ref" target="ww_488015b53167d883"/>
    </p0826-teimww:isMentionedIn>
    <p0826-teimww:occursIn>
      <p0826-teimww:book knoraType="link_value" linkType="ref" target="ww_2d0eea6c7b8afc36"/>
    </p0826-teimww:occursIn>
    <p0826-teimww:wasContributedBy>
      <p0826-teimww:person knoraType="link_value" linkType="ref" target="ww_b604df587d93b768"/>
    </p0826-teimww:wasContributedBy>
  </p0826-teimww:passage>
  <p0826-teimww:passage id="ww_65b15ddc160aa895">
    <knoraXmlImport:label>passage</knoraXmlImport:label>
    <p0826-teimww:contains>
      <p0826-teimww:lexia knoraType="link_value" linkType="ref" target="ww_fe222a8433071083"/>
    </p0826-teimww:contains>
    <p0826-teimww:hasPage knoraType="richtext_value">46; Act 2, scene 4, lines 136-140.</p0826-teimww:hasPage>
    <p0826-teimww:hasText knoraType="richtext_value">[D'Amville:] &lt;span class="quote"&gt;That power of rule philosophers ascribe &lt;br&gt;
To him they call the supreme of the stars, &lt;br&gt;
Making their influences governors &lt;br&gt;
Of sublunary creatures, when their selves &lt;br&gt;
Are senseless of their operations &lt;/span&gt;[...].</p0826-teimww:hasText>
    <p0826-teimww:isMentionedIn>
      <p0826-teimww:passage knoraType="link_value" linkType="ref" target="ww_8e5d9b1e2842d5ea"/>
    </p0826-teimww:isMentionedIn>
    <p0826-teimww:occursIn>
      <p0826-teimww:book knoraType="link_value" linkType="ref" target="ww_2d0eea6c7b8afc36"/>
    </p0826-teimww:occursIn>
    <p0826-teimww:wasContributedBy>
      <p0826-teimww:person knoraType="link_value" linkType="ref" target="ww_b604df587d93b768"/>
    </p0826-teimww:wasContributedBy>
  </p0826-teimww:passage>
  <p0826-teimww:passage id="ww_f795e2d015148a46">
    <knoraXmlImport:label>passage</knoraXmlImport:label>
    <p0826-teimww:contains>
      <p0826-teimww:lexia knoraType="link_value" linkType="ref" target="ww_23e99564a0ca693a"/>
    </p0826-teimww:contains>
    <p0826-teimww:hasPage knoraType="richtext_value">53; act 2, scene 5, line 137.</p0826-teimww:hasPage>
    <p0826-teimww:hasText knoraType="richtext_value">[Fresco:] [...] I bid him &lt;span class="quote"&gt;hang himself in his own garters.&lt;/span&gt;</p0826-teimww:hasText>
    <p0826-teimww:isMentionedIn>
      <p0826-teimww:passage knoraType="link_value" linkType="ref" target="ww_68d514d05ba8f06a"/>
    </p0826-teimww:isMentionedIn>
    <p0826-teimww:occursIn>
      <p0826-teimww:book knoraType="link_value" linkType="ref" target="ww_2d0eea6c7b8afc36"/>
    </p0826-teimww:occursIn>
    <p0826-teimww:wasContributedBy>
      <p0826-teimww:person knoraType="link_value" linkType="ref" target="ww_b604df587d93b768"/>
    </p0826-teimww:wasContributedBy>
  </p0826-teimww:passage>
  <p0826-teimww:passage id="ww_580285cd84b4b262">
    <knoraXmlImport:label>passage</knoraXmlImport:label>
    <p0826-teimww:contains>
      <p0826-teimww:lexia knoraType="link_value" linkType="ref" target="ww_520b3749ffdb19a2"/>
    </p0826-teimww:contains>
    <p0826-teimww:hasPage knoraType="richtext_value">55-56; act 2, scene 6, lines 25-30.</p0826-teimww:hasPage>
    <p0826-teimww:hasText knoraType="richtext_value">[Charlemont:] [...] &lt;span class="quote"&gt;Dreams are but the rais'd &lt;br&gt;
Impressions of premeditated things, &lt;br&gt;
By serious apprehension left upon &lt;br&gt;
Our minds, or else th' imaginary shapes &lt;br&gt;
Of objects proper to th' complexion or &lt;br&gt;
The disposition of our bodies.&lt;/span&gt;</p0826-teimww:hasText>
    <p0826-teimww:isMentionedIn>
      <p0826-teimww:passage knoraType="link_value" linkType="ref" target="ww_5ada7e66445c9dec"/>
    </p0826-teimww:isMentionedIn>
    <p0826-teimww:occursIn>
      <p0826-teimww:book knoraType="link_value" linkType="ref" target="ww_2d0eea6c7b8afc36"/>
    </p0826-teimww:occursIn>
    <p0826-teimww:wasContributedBy>
      <p0826-teimww:person knoraType="link_value" linkType="ref" target="ww_b604df587d93b768"/>
    </p0826-teimww:wasContributedBy>
  </p0826-teimww:passage>
  <p0826-teimww:passage id="ww_5ada7e66445c9dec">
    <knoraXmlImport:label>passage</knoraXmlImport:label>
    <p0826-teimww:occursIn>
      <p0826-teimww:book knoraType="link_value" linkType="ref" target="ww_5eeeb3e78e8b0bc3"/>
    </p0826-teimww:occursIn>
  </p0826-teimww:passage>
  <p0826-teimww:passage id="ww_e10ef9b5f5754bd1">
    <knoraXmlImport:label>passage</knoraXmlImport:label>
    <p0826-teimww:contains>
      <p0826-teimww:lexia knoraType="link_value" linkType="ref" target="ww_520b3749ffdb19a2"/>
    </p0826-teimww:contains>
    <p0826-teimww:hasPage knoraType="richtext_value">N.p.; Act 5, ~line 50.</p0826-teimww:hasPage>
    <p0826-teimww:hasText knoraType="richtext_value">[Clermont:] &lt;span class="quote"&gt;Twas but your fancie then awaking dreame: &lt;br&gt;
For as in sleepe, which bindes both th' outward senses, &lt;br&gt;
And the sense common to; th' imagining power &lt;br&gt;
(Stird vp by formes hid in the memories store, &lt;br&gt;
Or by the vapours of o'er-flowing humours &lt;br&gt;
In bodies full and foule; and mixt vvith spirits,) &lt;br&gt; 
Faines many strange, miraculous images, &lt;br&gt;
In which act, it so painfully applyes &lt;br&gt; 
It selfe to those formes, that the common sense &lt;br&gt; 
It actuates with his motion; and thereby &lt;br&gt;
Those fictions true seeme, and haue reall act: &lt;br&gt;
So, in the strength of our conceits, awake, &lt;br&gt;
The cause alike, doth of like fictions make.&lt;/span&gt;</p0826-teimww:hasText>
    <p0826-teimww:isMentionedIn>
      <p0826-teimww:passage knoraType="link_value" linkType="ref" target="ww_5ada7e66445c9dec"/>
    </p0826-teimww:isMentionedIn>
    <p0826-teimww:occursIn>
      <p0826-teimww:book knoraType="link_value" linkType="ref" target="ww_dcc738a50b5db68f"/>
    </p0826-teimww:occursIn>
    <p0826-teimww:wasContributedBy>
      <p0826-teimww:person knoraType="link_value" linkType="ref" target="ww_b604df587d93b768"/>
    </p0826-teimww:wasContributedBy>
  </p0826-teimww:passage>
  <p0826-teimww:passage id="ww_5c04c6b005653902">
    <knoraXmlImport:label>passage</knoraXmlImport:label>
    <p0826-teimww:contains>
      <p0826-teimww:lexia knoraType="link_value" linkType="ref" target="ww_54b8832532dee745"/>
    </p0826-teimww:contains>
    <p0826-teimww:hasPage knoraType="richtext_value">N.p.; act 2, scene 2, line 2204 [normalised spelling].</p0826-teimww:hasPage>
    <p0826-teimww:hasPageHist knoraType="richtext_value">N.p.; act 2, scene 2, line 2204.</p0826-teimww:hasPageHist>
    <p0826-teimww:hasText knoraType="richtext_value">[Hercules:] Behold, &lt;span class="quote"&gt;this monstrous rock &lt;/span&gt;thy death shall crown […].</p0826-teimww:hasText>
    <p0826-teimww:hasTextHist knoraType="richtext_value">[Hercules:] Behold, &lt;span class="quote"&gt;this monstrous rocke &lt;/span&gt;thy death shal crowne […].</p0826-teimww:hasTextHist>
    <p0826-teimww:isMentionedIn>
      <p0826-teimww:passage knoraType="link_value" linkType="ref" target="ww_e1c9b7f21c156533"/>
    </p0826-teimww:isMentionedIn>
    <p0826-teimww:occursIn>
      <p0826-teimww:book knoraType="link_value" linkType="ref" target="ww_aae46d6606af08c5"/>
    </p0826-teimww:occursIn>
    <p0826-teimww:wasContributedBy>
      <p0826-teimww:person knoraType="link_value" linkType="ref" target="ww_7f35f6802efd910d"/>
    </p0826-teimww:wasContributedBy>
  </p0826-teimww:passage>
  <p0826-teimww:passage id="ww_e1c9b7f21c156533">
    <knoraXmlImport:label>passage</knoraXmlImport:label>
    <p0826-teimww:occursIn>
      <p0826-teimww:book knoraType="link_value" linkType="ref" target="ww_3e15ab6c612eadae"/>
    </p0826-teimww:occursIn>
  </p0826-teimww:passage>
  <p0826-teimww:passage id="ww_d27cbd2362897b13">
    <knoraXmlImport:label>passage</knoraXmlImport:label>
    <p0826-teimww:contains>
      <p0826-teimww:lexia knoraType="link_value" linkType="ref" target="ww_8211917af3fdacdf"/>
    </p0826-teimww:contains>
    <p0826-teimww:hasPage knoraType="richtext_value">act 3 [normalized spelling].</p0826-teimww:hasPage>
    <p0826-teimww:hasPageHist knoraType="richtext_value">act 3.</p0826-teimww:hasPageHist>
    <p0826-teimww:hasText knoraType="richtext_value">[Melantius:] Why? wilt thou dote thyself out of thy life? Hence &lt;span class="quote"&gt;get thee to bed, &lt;/span&gt; have a careful looking to, and eat warm things and trouble not me: my head is full of thoughts more weighty than thy like of Death can be. </p0826-teimww:hasText>
    <p0826-teimww:hasTextHist knoraType="richtext_value">[Melantius:] Why? wilt thou doat thy self out of thy life? Hence &lt;span class="quote"&gt;get thee to bed, &lt;/span&gt; have a careful looking to, and eat warm things and trouble not me: my head is full of thoughts more weighty than thy like of Death can be. </p0826-teimww:hasTextHist>
    <p0826-teimww:isMentionedIn>
      <p0826-teimww:passage knoraType="link_value" linkType="ref" target="ww_460fde7397077a12"/>
    </p0826-teimww:isMentionedIn>
    <p0826-teimww:occursIn>
      <p0826-teimww:book knoraType="link_value" linkType="ref" target="ww_9ad87c450d3c00aa"/>
    </p0826-teimww:occursIn>
    <p0826-teimww:wasContributedBy>
      <p0826-teimww:person knoraType="link_value" linkType="ref" target="ww_d5030ba888f64f29"/>
    </p0826-teimww:wasContributedBy>
  </p0826-teimww:passage>
  <p0826-teimww:passage id="ww_460fde7397077a12">
    <knoraXmlImport:label>passage</knoraXmlImport:label>
    <p0826-teimww:occursIn>
      <p0826-teimww:book knoraType="link_value" linkType="ref" target="ww_d1faedb423154f39"/>
    </p0826-teimww:occursIn>
  </p0826-teimww:passage>
  <p0826-teimww:passage id="ww_af41ed7bae2a2ab5">
    <knoraXmlImport:label>passage</knoraXmlImport:label>
    <p0826-teimww:contains>
      <p0826-teimww:lexia knoraType="link_value" linkType="ref" target="ww_5d61cd2132f8e598"/>
    </p0826-teimww:contains>
    <p0826-teimww:hasPage knoraType="richtext_value">1826; act 5, scene 4, lines 56-57.</p0826-teimww:hasPage>
    <p0826-teimww:hasPageHist knoraType="richtext_value">N.p.; at the very end.</p0826-teimww:hasPageHist>
    <p0826-teimww:hasText knoraType="richtext_value">[Bosola:] [...] &lt;span class="quote"&gt;We are merely the Stars' tennis balls (struck, and bandied &lt;br&gt;
Which way please them)&lt;/span&gt; [...].</p0826-teimww:hasText>
    <p0826-teimww:hasTextHist knoraType="richtext_value">[Bosola:] [...] &lt;span class="quote"&gt;We are meerely the Starres tennys-balls (strooke, and banded &lt;br&gt;
Which way please them)&lt;/span&gt; [...].</p0826-teimww:hasTextHist>
    <p0826-teimww:isMentionedIn>
      <p0826-teimww:passage knoraType="link_value" linkType="ref" target="ww_55f801acf1ba57ad"/>
    </p0826-teimww:isMentionedIn>
    <p0826-teimww:occursIn>
      <p0826-teimww:book knoraType="link_value" linkType="ref" target="ww_daecaee38c79925b"/>
    </p0826-teimww:occursIn>
    <p0826-teimww:wasContributedBy>
      <p0826-teimww:person knoraType="link_value" linkType="ref" target="ww_b604df587d93b768"/>
    </p0826-teimww:wasContributedBy>
  </p0826-teimww:passage>
  <p0826-teimww:passage id="ww_af30d16b702d0925">
    <knoraXmlImport:label>passage</knoraXmlImport:label>
    <p0826-teimww:contains>
      <p0826-teimww:lexia knoraType="link_value" linkType="ref" target="ww_5d61cd2132f8e598"/>
    </p0826-teimww:contains>
    <p0826-teimww:hasPage knoraType="richtext_value">at the very beginning [normalized spelling].</p0826-teimww:hasPage>
    <p0826-teimww:hasPageHist knoraType="richtext_value">at the very beginning.</p0826-teimww:hasPageHist>
    <p0826-teimww:hasText knoraType="richtext_value">[Atlas:] [...] whom it hath pleased &lt;span class="quote"&gt;fortune to make her tennis ball of, &lt;/span&gt;and therefore subject to be struck by every fool into hasard.</p0826-teimww:hasText>
    <p0826-teimww:hasTextHist knoraType="richtext_value">[Atlas:] [...] whom it hath pleased &lt;span class="quote"&gt;fortune to make her tennis ball of, &lt;/span&gt;and therefore subiect to be strucke by euery foole into hassard.</p0826-teimww:hasTextHist>
    <p0826-teimww:isMentionedIn>
      <p0826-teimww:passage knoraType="link_value" linkType="ref" target="ww_0c7ff518816ee1c4"/>
    </p0826-teimww:isMentionedIn>
    <p0826-teimww:occursIn>
      <p0826-teimww:book knoraType="link_value" linkType="ref" target="ww_ff044156426e708d"/>
    </p0826-teimww:occursIn>
    <p0826-teimww:wasContributedBy>
      <p0826-teimww:person knoraType="link_value" linkType="ref" target="ww_b604df587d93b768"/>
    </p0826-teimww:wasContributedBy>
  </p0826-teimww:passage>
  <p0826-teimww:passage id="ww_0c7ff518816ee1c4">
    <knoraXmlImport:label>passage</knoraXmlImport:label>
    <p0826-teimww:occursIn>
      <p0826-teimww:book knoraType="link_value" linkType="ref" target="ww_1140c36ab545b6d8"/>
    </p0826-teimww:occursIn>
  </p0826-teimww:passage>
  <p0826-teimww:passage id="ww_0e3988bb73241d4a">
    <knoraXmlImport:label>passage</knoraXmlImport:label>
    <p0826-teimww:contains>
      <p0826-teimww:lexia knoraType="link_value" linkType="ref" target="ww_7233fd4c2ec07d09"/>
    </p0826-teimww:contains>
    <p0826-teimww:hasPage knoraType="richtext_value">34.</p0826-teimww:hasPage>
    <p0826-teimww:hasText knoraType="richtext_value">[Ferdinand:] [...] or &lt;span class="quote"&gt;doth thy friendship play &lt;br&gt;
In this antipathous extreme with mine &lt;/span&gt;[...].</p0826-teimww:hasText>
    <p0826-teimww:isMentionedIn>
      <p0826-teimww:passage knoraType="link_value" linkType="ref" target="ww_ad786034ad856745"/>
    </p0826-teimww:isMentionedIn>
    <p0826-teimww:occursIn>
      <p0826-teimww:book knoraType="link_value" linkType="ref" target="ww_83f40524c281e8de"/>
    </p0826-teimww:occursIn>
    <p0826-teimww:wasContributedBy>
      <p0826-teimww:person knoraType="link_value" linkType="ref" target="ww_c4063e9c72a3ffd2"/>
    </p0826-teimww:wasContributedBy>
  </p0826-teimww:passage>
  <p0826-teimww:passage id="ww_ad786034ad856745">
    <knoraXmlImport:label>passage</knoraXmlImport:label>
    <p0826-teimww:occursIn>
      <p0826-teimww:book knoraType="link_value" linkType="ref" target="ww_df2b8c2f18df151a"/>
    </p0826-teimww:occursIn>
  </p0826-teimww:passage>
  <p0826-teimww:passage id="ww_8876729c47ddeca4">
    <knoraXmlImport:label>passage</knoraXmlImport:label>
    <p0826-teimww:contains>
      <p0826-teimww:lexia knoraType="link_value" linkType="ref" target="ww_699d4aa733096126"/>
    </p0826-teimww:contains>
    <p0826-teimww:hasPage knoraType="richtext_value">34.</p0826-teimww:hasPage>
    <p0826-teimww:hasText knoraType="richtext_value">[Ferdinand:] [...] &lt;span class="quote"&gt;thy bosom binds some secret&lt;br&gt;
Which do not trust me with &lt;/span&gt;[...].</p0826-teimww:hasText>
    <p0826-teimww:isMentionedIn>
      <p0826-teimww:passage knoraType="link_value" linkType="ref" target="ww_ad786034ad856745"/>
    </p0826-teimww:isMentionedIn>
    <p0826-teimww:occursIn>
      <p0826-teimww:book knoraType="link_value" linkType="ref" target="ww_83f40524c281e8de"/>
    </p0826-teimww:occursIn>
    <p0826-teimww:wasContributedBy>
      <p0826-teimww:person knoraType="link_value" linkType="ref" target="ww_c4063e9c72a3ffd2"/>
    </p0826-teimww:wasContributedBy>
  </p0826-teimww:passage>
  <p0826-teimww:passage id="ww_112ea362ee6737f6">
    <knoraXmlImport:label>passage</knoraXmlImport:label>
    <p0826-teimww:contains>
      <p0826-teimww:lexia knoraType="link_value" linkType="ref" target="ww_16049184111b935a"/>
    </p0826-teimww:contains>
    <p0826-teimww:hasText knoraType="richtext_value">Four Plays in One [Beaumont and Fletcher 1905 Glover edition volume 10, p. 38]" (William Peery. The Plays of Nathan Field: Edited from the Original Quartos with Introduction and Notes. Austin: The University of Texas Press, 1950. 244).</p0826-teimww:hasText>
    <p0826-teimww:isMentionedIn>
      <p0826-teimww:passage knoraType="link_value" linkType="ref" target="ww_ec02f828e4756321"/>
    </p0826-teimww:isMentionedIn>
    <p0826-teimww:occursIn>
      <p0826-teimww:book knoraType="link_value" linkType="ref" target="ww_83f40524c281e8de"/>
    </p0826-teimww:occursIn>
    <p0826-teimww:wasContributedBy>
      <p0826-teimww:person knoraType="link_value" linkType="ref" target="ww_c4063e9c72a3ffd2"/>
    </p0826-teimww:wasContributedBy>
  </p0826-teimww:passage>
  <p0826-teimww:passage id="ww_7c6be9e3abb82dcc">
    <knoraXmlImport:label>passage</knoraXmlImport:label>
    <p0826-teimww:contains>
      <p0826-teimww:lexia knoraType="link_value" linkType="ref" target="ww_928f6c883d59cce4"/>
    </p0826-teimww:contains>
    <p0826-teimww:hasPage knoraType="richtext_value">38.</p0826-teimww:hasPage>
    <p0826-teimww:hasText knoraType="richtext_value">[Gerrard:] &lt;span class="quote"&gt;My Lords, the Law is but the great mans mule; he rides on it&lt;/span&gt; [...]</p0826-teimww:hasText>
    <p0826-teimww:isMentionedIn>
      <p0826-teimww:passage knoraType="link_value" linkType="ref" target="ww_da2a8259549263a2"/>
    </p0826-teimww:isMentionedIn>
    <p0826-teimww:occursIn>
      <p0826-teimww:book knoraType="link_value" linkType="ref" target="ww_83f40524c281e8de"/>
    </p0826-teimww:occursIn>
    <p0826-teimww:wasContributedBy>
      <p0826-teimww:person knoraType="link_value" linkType="ref" target="ww_c4063e9c72a3ffd2"/>
    </p0826-teimww:wasContributedBy>
  </p0826-teimww:passage>
  <p0826-teimww:passage id="ww_4062983cf42091eb">
    <knoraXmlImport:label>passage</knoraXmlImport:label>
    <p0826-teimww:contains>
      <p0826-teimww:lexia knoraType="link_value" linkType="ref" target="ww_6f238335d10a9530"/>
    </p0826-teimww:contains>
    <p0826-teimww:hasPage knoraType="richtext_value">36.</p0826-teimww:hasPage>
    <p0826-teimww:hasText knoraType="richtext_value">&lt;span class="quote"&gt;What averse Star rul'd my nativity?&lt;/span&gt;</p0826-teimww:hasText>
    <p0826-teimww:isMentionedIn>
      <p0826-teimww:passage knoraType="link_value" linkType="ref" target="ww_da2a8259549263a2"/>
    </p0826-teimww:isMentionedIn>
    <p0826-teimww:occursIn>
      <p0826-teimww:book knoraType="link_value" linkType="ref" target="ww_83f40524c281e8de"/>
    </p0826-teimww:occursIn>
    <p0826-teimww:wasContributedBy>
      <p0826-teimww:person knoraType="link_value" linkType="ref" target="ww_c4063e9c72a3ffd2"/>
    </p0826-teimww:wasContributedBy>
  </p0826-teimww:passage>
  <p0826-teimww:passage id="ww_cbbeb2260e7c3d64">
    <knoraXmlImport:label>passage</knoraXmlImport:label>
    <p0826-teimww:contains>
      <p0826-teimww:lexia knoraType="link_value" linkType="ref" target="ww_89414b22a336b7c6"/>
    </p0826-teimww:contains>
    <p0826-teimww:hasPage knoraType="richtext_value">N.p. [normalized spelling].</p0826-teimww:hasPage>
    <p0826-teimww:hasPageHist knoraType="richtext_value">N.p.</p0826-teimww:hasPageHist>
    <p0826-teimww:hasText knoraType="richtext_value">[Helena:] [...] Was this wrinkled forehead&lt;br&gt;
When 'twas at best, worth half so many lives?&lt;br&gt;
Where is that beauty? lives it in this face&lt;br&gt;
Which hath set two parts of the World at war,&lt;br&gt;
Been ruin of the Asian Monarchy,&lt;br&gt;
And almost this of Europe ? this &lt;span class="quote"&gt;the beauty&lt;br&gt;
That launch'd a thousand ships from Aulis' gulf? &lt;/span&gt;</p0826-teimww:hasText>
    <p0826-teimww:hasTextHist knoraType="richtext_value">[Helena:] [...] Was this wrinkled fore-head
When 'twas at best, worth halfe so many liues?
Where is that beauty? liues it in this face
Which hath set two parts of the World at warre,
Beene ruine of the Asian Monarchy,
And almost this of Europe ? this &lt;span class="quote"&gt;the beauty
That launch'd a thousand ships from Aulis gulfe? &lt;/span&gt;</p0826-teimww:hasTextHist>
    <p0826-teimww:isMentionedIn>
      <p0826-teimww:passage knoraType="link_value" linkType="ref" target="ww_ebd94e70072f3fd2"/>
    </p0826-teimww:isMentionedIn>
    <p0826-teimww:occursIn>
      <p0826-teimww:book knoraType="link_value" linkType="ref" target="ww_b70c78ad34ac9ba9"/>
    </p0826-teimww:occursIn>
    <p0826-teimww:wasContributedBy>
      <p0826-teimww:person knoraType="link_value" linkType="ref" target="ww_c4063e9c72a3ffd2"/>
    </p0826-teimww:wasContributedBy>
  </p0826-teimww:passage>
  <p0826-teimww:passage id="ww_ebd94e70072f3fd2">
    <knoraXmlImport:label>passage</knoraXmlImport:label>
    <p0826-teimww:occursIn>
      <p0826-teimww:book knoraType="link_value" linkType="ref" target="ww_3e15ab6c612eadae"/>
    </p0826-teimww:occursIn>
  </p0826-teimww:passage>
  <p0826-teimww:passage id="ww_5ce4db78e4150094">
    <knoraXmlImport:label>passage</knoraXmlImport:label>
    <p0826-teimww:contains>
      <p0826-teimww:lexia knoraType="link_value" linkType="ref" target="ww_0cd357c93e82a299"/>
    </p0826-teimww:contains>
    <p0826-teimww:hasPage knoraType="richtext_value">N.p.; act 1 scene, 2, lines 34-36 [normalised spelling].</p0826-teimww:hasPage>
    <p0826-teimww:hasPageHist knoraType="richtext_value">N.p.; act 1 scene, 2, lines 34-36.</p0826-teimww:hasPageHist>
    <p0826-teimww:hasText knoraType="richtext_value">[Chersogles:] Spreading his &lt;span class="quote"&gt;fearful ensigns in the air, &lt;br&gt;
Like some prodigious comet, we may fear &lt;/span&gt;speedy revenge [...]</p0826-teimww:hasText>
    <p0826-teimww:hasTextHist knoraType="richtext_value">[Chersogles:] Spreading his fearefull Ensignes in the ayre, 
Like some prodigious Comet, wee may feare Speedy revenge [...]</p0826-teimww:hasTextHist>
    <p0826-teimww:isMentionedIn>
      <p0826-teimww:passage knoraType="link_value" linkType="ref" target="ww_42d1b4bf0a820e06"/>
    </p0826-teimww:isMentionedIn>
    <p0826-teimww:occursIn>
      <p0826-teimww:book knoraType="link_value" linkType="ref" target="ww_b7cc3dc17b06bc1d"/>
    </p0826-teimww:occursIn>
    <p0826-teimww:wasContributedBy>
      <p0826-teimww:person knoraType="link_value" linkType="ref" target="ww_7f35f6802efd910d"/>
    </p0826-teimww:wasContributedBy>
  </p0826-teimww:passage>
  <p0826-teimww:passage id="ww_42d1b4bf0a820e06">
    <knoraXmlImport:label>passage</knoraXmlImport:label>
    <p0826-teimww:occursIn>
      <p0826-teimww:book knoraType="link_value" linkType="ref" target="ww_3e15ab6c612eadae"/>
    </p0826-teimww:occursIn>
  </p0826-teimww:passage>
  <p0826-teimww:passage id="ww_8636b722a74ca4ed">
    <knoraXmlImport:label>passage</knoraXmlImport:label>
    <p0826-teimww:contains>
      <p0826-teimww:lexia knoraType="link_value" linkType="ref" target="ww_61cb7e536e9e351a"/>
    </p0826-teimww:contains>
    <p0826-teimww:hasPage knoraType="richtext_value">N.p.; act 4, scene 1.</p0826-teimww:hasPage>
    <p0826-teimww:hasText knoraType="richtext_value">&lt;span class="annotation"&gt;This scene is very similar to Act 1, scene 2 in Nathan Field's &lt;i&gt;A Woman is a Weather-Cock&lt;/i&gt;.&lt;/span&gt;</p0826-teimww:hasText>
    <p0826-teimww:isMentionedIn>
      <p0826-teimww:passage knoraType="link_value" linkType="ref" target="ww_7c567a06eaceec27"/>
    </p0826-teimww:isMentionedIn>
    <p0826-teimww:isMentionedIn>
      <p0826-teimww:passage knoraType="link_value" linkType="ref" target="ww_93beedbaf466fc4c"/>
    </p0826-teimww:isMentionedIn>
    <p0826-teimww:occursIn>
      <p0826-teimww:book knoraType="link_value" linkType="ref" target="ww_6318ed97b9193504"/>
    </p0826-teimww:occursIn>
    <p0826-teimww:wasContributedBy>
      <p0826-teimww:person knoraType="link_value" linkType="ref" target="ww_c4063e9c72a3ffd2"/>
    </p0826-teimww:wasContributedBy>
  </p0826-teimww:passage>
  <p0826-teimww:passage id="ww_7c567a06eaceec27">
    <knoraXmlImport:label>passage</knoraXmlImport:label>
    <p0826-teimww:occursIn>
      <p0826-teimww:book knoraType="link_value" linkType="ref" target="ww_7153ee1643dbad3b"/>
    </p0826-teimww:occursIn>
  </p0826-teimww:passage>
  <p0826-teimww:passage id="ww_af78259e84dc7aee">
    <knoraXmlImport:label>passage</knoraXmlImport:label>
    <p0826-teimww:contains>
      <p0826-teimww:lexia knoraType="link_value" linkType="ref" target="ww_2fc47f4282e51a25"/>
    </p0826-teimww:contains>
    <p0826-teimww:hasPage knoraType="richtext_value">N.p.; lines 15-24 "The Authour to his Booke" [normalized spelling].</p0826-teimww:hasPage>
    <p0826-teimww:hasPageHist knoraType="richtext_value">N.p.; lines 15-24 "The Authour to his Booke".</p0826-teimww:hasPageHist>
    <p0826-teimww:hasText knoraType="richtext_value">Alas, poore Booke, hunt not thou after prayse, &lt;br&gt;
Nor dare to stretch thy hand vnto the Bayes &lt;br&gt;
Vpon a Poets head: let it suffice &lt;br&gt;
To thee and me, the world doth vs despise. &lt;br&gt;
For 'tis a mad World, and it turnes on hinges, &lt;br&gt;
Whilst some a birding goe, and &lt;span class="quote"&gt;set their springes &lt;br&gt;
For to catch Woodcocks.&lt;/span&gt; Others sting and bite &lt;br&gt;
Like Wasps and Mastiffs, and doe take delight &lt;br&gt;
To quarrell with their shaddowes, nay, themselues, &lt;br&gt;
And their owne broode.</p0826-teimww:hasText>
    <p0826-teimww:hasTextHist knoraType="richtext_value">Alas, poore Booke, hunt not thou after prayse, &lt;br&gt;
Nor dare to stretch thy hand vnto the Bayes &lt;br&gt;
Vpon a Poets head: let it suffice &lt;br&gt;
To thee and me, the world doth vs despise. &lt;br&gt;
For 'tis a mad World, and it turnes on hinges, &lt;br&gt;
Whilst some a birding goe, and &lt;span class="quote"&gt;set their springes &lt;br&gt;
For to catch Woodcocks.&lt;/span&gt; Others sting and bite &lt;br&gt;
Like Wasps and Mastiffs, and doe take delight &lt;br&gt;
To quarrell with their shaddowes, nay, themselues, &lt;br&gt;
And their owne broode.</p0826-teimww:hasTextHist>
    <p0826-teimww:isMentionedIn>
      <p0826-teimww:passage knoraType="link_value" linkType="ref" target="ww_3b4ab76ca438a33a"/>
    </p0826-teimww:isMentionedIn>
    <p0826-teimww:occursIn>
      <p0826-teimww:book knoraType="link_value" linkType="ref" target="ww_e6393757bde56f88"/>
    </p0826-teimww:occursIn>
    <p0826-teimww:wasContributedBy>
      <p0826-teimww:person knoraType="link_value" linkType="ref" target="ww_b05ab3db9fd9054a"/>
    </p0826-teimww:wasContributedBy>
  </p0826-teimww:passage>
  <p0826-teimww:passage id="ww_7daccc4dc709b890">
    <knoraXmlImport:label>passage</knoraXmlImport:label>
    <p0826-teimww:contains>
      <p0826-teimww:lexia knoraType="link_value" linkType="ref" target="ww_a17ecacf8eb9d863"/>
    </p0826-teimww:contains>
    <p0826-teimww:hasPage knoraType="richtext_value">N.p.; act 4, scene 1, line 72 [normalized spelling].</p0826-teimww:hasPage>
    <p0826-teimww:hasPageHist knoraType="richtext_value">N.p.; act 4, scene 1, line 72.</p0826-teimww:hasPageHist>
    <p0826-teimww:hasText knoraType="richtext_value">[Aymour:] Flatters, detracts, impaires, yet put it by,&lt;br&gt;
&lt;span class="quote"&gt;Lest thou dear Lord (Narcissus-like) should dote&lt;br&gt;
Upon thyself, and die; &lt;/span&gt;and rob the world&lt;br&gt;
Of nature's copy, that she works form by. </p0826-teimww:hasText>
    <p0826-teimww:hasTextHist knoraType="richtext_value">[Aymour:] Flatters, detracts, impayres, yet put it by,
&lt;span class="quote"&gt;Lest thou deare Lord (Narcissus-like) should doate
Vpon thy selfe, and dye; &lt;/span&gt;and rob the world
Of natures copy, that she workes forme by. </p0826-teimww:hasTextHist>
    <p0826-teimww:isMentionedIn>
      <p0826-teimww:passage knoraType="link_value" linkType="ref" target="ww_258af16bdf666c9c"/>
    </p0826-teimww:isMentionedIn>
    <p0826-teimww:occursIn>
      <p0826-teimww:book knoraType="link_value" linkType="ref" target="ww_6318ed97b9193504"/>
    </p0826-teimww:occursIn>
    <p0826-teimww:wasContributedBy>
      <p0826-teimww:person knoraType="link_value" linkType="ref" target="ww_c4063e9c72a3ffd2"/>
    </p0826-teimww:wasContributedBy>
  </p0826-teimww:passage>
  <p0826-teimww:passage id="ww_2fe7b27125c9a884">
    <knoraXmlImport:label>passage</knoraXmlImport:label>
    <p0826-teimww:contains>
      <p0826-teimww:lexia knoraType="link_value" linkType="ref" target="ww_c7808384af6e58f6"/>
    </p0826-teimww:contains>
    <p0826-teimww:hasPage knoraType="richtext_value">16; act 2, scene 1 [normalized spelling].</p0826-teimww:hasPage>
    <p0826-teimww:hasPageHist knoraType="richtext_value">16; act 2, scene 1.</p0826-teimww:hasPageHist>
    <p0826-teimww:hasText knoraType="richtext_value">[Oriana:] Are all my hopes come to this? &lt;span class="quote"&gt;Is there no faith? &lt;br&gt;
No troth? nor modesty in men?&lt;/span&gt;</p0826-teimww:hasText>
    <p0826-teimww:hasTextHist knoraType="richtext_value">[Oriana:] &lt;i&gt; Are all my hopes come to this? &lt;span class="quote"&gt;Is their no faith? &lt;br&gt;
No troth? nor modesty in men?&lt;/i&gt;&lt;/span&gt;</p0826-teimww:hasTextHist>
    <p0826-teimww:isMentionedIn>
      <p0826-teimww:passage knoraType="link_value" linkType="ref" target="ww_8da1806e84fa764e"/>
    </p0826-teimww:isMentionedIn>
    <p0826-teimww:occursIn>
      <p0826-teimww:book knoraType="link_value" linkType="ref" target="ww_c3a47e920e07f537"/>
    </p0826-teimww:occursIn>
    <p0826-teimww:wasContributedBy>
      <p0826-teimww:person knoraType="link_value" linkType="ref" target="ww_6202c1bb6957c9cc"/>
    </p0826-teimww:wasContributedBy>
  </p0826-teimww:passage>
  <p0826-teimww:passage id="ww_8da1806e84fa764e">
    <knoraXmlImport:label>passage</knoraXmlImport:label>
    <p0826-teimww:occursIn>
      <p0826-teimww:book knoraType="link_value" linkType="ref" target="ww_1140c36ab545b6d8"/>
    </p0826-teimww:occursIn>
  </p0826-teimww:passage>
  <p0826-teimww:passage id="ww_3a4d8d17f688ec42">
    <knoraXmlImport:label>passage</knoraXmlImport:label>
    <p0826-teimww:contains>
      <p0826-teimww:lexia knoraType="link_value" linkType="ref" target="ww_7d946a04ba2638bc"/>
    </p0826-teimww:contains>
    <p0826-teimww:hasPage knoraType="richtext_value">N.p.; about 4/5 into the play [spelling normalized].</p0826-teimww:hasPage>
    <p0826-teimww:hasPageHist knoraType="richtext_value">N.p.; about 4/5 into the play.</p0826-teimww:hasPageHist>
    <p0826-teimww:hasText knoraType="richtext_value">[Alexander:] No, no, no; I will not go down (makes himself unready) now I think on't. &lt;br&gt;
[Widow:] Why, what do you mean, &lt;span class="quote"&gt;you will not be so uncivil to unbrace you here? &lt;/span&gt;&lt;br&gt;
[Alexander:] By these Buckles I will, and what they will think on't [...].</p0826-teimww:hasText>
    <p0826-teimww:hasTextHist knoraType="richtext_value">[Alexander:] No, no, no; I will not goe downe (makes himselfe vnready) novv I thinke on't. &lt;br&gt;
[Widow:] Why, what doe you meane, you will not bee so uncivill to unbrace you here? &lt;br&gt;
[Alexander:] By these Buckles I will, and what they will thinke on't [...].</p0826-teimww:hasTextHist>
    <p0826-teimww:isMentionedIn>
      <p0826-teimww:passage knoraType="link_value" linkType="ref" target="ww_0bd623eca7781c96"/>
    </p0826-teimww:isMentionedIn>
    <p0826-teimww:occursIn>
      <p0826-teimww:book knoraType="link_value" linkType="ref" target="ww_6b9bc6143aac54e5"/>
    </p0826-teimww:occursIn>
    <p0826-teimww:wasContributedBy>
      <p0826-teimww:person knoraType="link_value" linkType="ref" target="ww_b604df587d93b768"/>
    </p0826-teimww:wasContributedBy>
  </p0826-teimww:passage>
  <p0826-teimww:passage id="ww_c560736e78106ee7">
    <knoraXmlImport:label>passage</knoraXmlImport:label>
    <p0826-teimww:contains>
      <p0826-teimww:lexia knoraType="link_value" linkType="ref" target="ww_3b27eb03da4628d2"/>
    </p0826-teimww:contains>
    <p0826-teimww:hasPage knoraType="richtext_value">N.p.</p0826-teimww:hasPage>
    <p0826-teimww:hasText knoraType="richtext_value">[Young Forester:] I have kild a man, but fairly as I am a Gentleman, without all base advantage in even tryal of both our desperate fortunes. &lt;br&gt;
[Anne:] And hand to hand? &lt;br&gt;
[Young Forester:]&lt;span class="quote"&gt; In single opposition.&lt;/span&gt;</p0826-teimww:hasText>
    <p0826-teimww:isMentionedIn>
      <p0826-teimww:passage knoraType="link_value" linkType="ref" target="ww_52c44e868b921f5f"/>
    </p0826-teimww:isMentionedIn>
    <p0826-teimww:occursIn>
      <p0826-teimww:book knoraType="link_value" linkType="ref" target="ww_ae445c827885ad63"/>
    </p0826-teimww:occursIn>
    <p0826-teimww:wasContributedBy>
      <p0826-teimww:person knoraType="link_value" linkType="ref" target="ww_6202c1bb6957c9cc"/>
    </p0826-teimww:wasContributedBy>
  </p0826-teimww:passage>
  <p0826-teimww:passage id="ww_52c44e868b921f5f">
    <knoraXmlImport:label>passage</knoraXmlImport:label>
    <p0826-teimww:occursIn>
      <p0826-teimww:book knoraType="link_value" linkType="ref" target="ww_1140c36ab545b6d8"/>
    </p0826-teimww:occursIn>
  </p0826-teimww:passage>
  <p0826-teimww:passage id="ww_b30b2a8d282ff0f5">
    <knoraXmlImport:label>passage</knoraXmlImport:label>
    <p0826-teimww:contains>
      <p0826-teimww:lexia knoraType="link_value" linkType="ref" target="ww_4c64336cbb097d4e"/>
    </p0826-teimww:contains>
    <p0826-teimww:hasPage knoraType="richtext_value">N.p.; book 3 "Melpomene" [normalized spelling].</p0826-teimww:hasPage>
    <p0826-teimww:hasPageHist knoraType="richtext_value">N.p.; book 3 "Melpomene".</p0826-teimww:hasPageHist>
    <p0826-teimww:hasText knoraType="richtext_value">[...] there, and rose again in Burgoigne. But the greater miracle is behind &lt;span class="quote"&gt;(for thereby hangs a tale.)&lt;/span&gt; This man sued a divorce, and was separated from his wife [...].</p0826-teimww:hasText>
    <p0826-teimww:hasTextHist knoraType="richtext_value">[...] there, and rose againe in Burgoigne. But the greater miracle is behind &lt;span class=quote"&gt;(for therby hangs a tale.)&lt;/span&gt; This man sued a diuorce, and was separated from his wife [...].</p0826-teimww:hasTextHist>
    <p0826-teimww:isMentionedIn>
      <p0826-teimww:passage knoraType="link_value" linkType="ref" target="ww_3ef70ba1bf3d19aa"/>
    </p0826-teimww:isMentionedIn>
    <p0826-teimww:occursIn>
      <p0826-teimww:book knoraType="link_value" linkType="ref" target="ww_5da40143cf2a7516"/>
    </p0826-teimww:occursIn>
    <p0826-teimww:wasContributedBy>
      <p0826-teimww:person knoraType="link_value" linkType="ref" target="ww_c4063e9c72a3ffd2"/>
    </p0826-teimww:wasContributedBy>
  </p0826-teimww:passage>
  <p0826-teimww:passage id="ww_3ef70ba1bf3d19aa">
    <knoraXmlImport:label>passage</knoraXmlImport:label>
    <p0826-teimww:occursIn>
      <p0826-teimww:book knoraType="link_value" linkType="ref" target="ww_fb9509be352bd917"/>
    </p0826-teimww:occursIn>
  </p0826-teimww:passage>
  <p0826-teimww:passage id="ww_994ef297b3a834d0">
    <knoraXmlImport:label>passage</knoraXmlImport:label>
    <p0826-teimww:contains>
      <p0826-teimww:lexia knoraType="link_value" linkType="ref" target="ww_23915d9aa51abe5e"/>
    </p0826-teimww:contains>
    <p0826-teimww:hasPage knoraType="richtext_value">N.p.; act 4, scene 1 [normalized spelling].</p0826-teimww:hasPage>
    <p0826-teimww:hasPageHist knoraType="richtext_value">N.p.; act 4, scene 1.</p0826-teimww:hasPageHist>
    <p0826-teimww:hasText knoraType="richtext_value">[Bubulcus:] &lt;span class="quote"&gt;O that I were a flea upon his lip, &lt;br&gt;&lt;/span&gt;
There would I suck for ever, and not skip. </p0826-teimww:hasText>
    <p0826-teimww:hasTextHist knoraType="richtext_value">[Bubulcus:] &lt;span class="quote"&gt;O that I were a flea upon his lip, &lt;br&gt;&lt;/span&gt;
There would I sucke for ever, and not skip. </p0826-teimww:hasTextHist>
    <p0826-teimww:isMentionedIn>
      <p0826-teimww:passage knoraType="link_value" linkType="ref" target="ww_312ae23a91c2c0ac"/>
    </p0826-teimww:isMentionedIn>
    <p0826-teimww:occursIn>
      <p0826-teimww:book knoraType="link_value" linkType="ref" target="ww_7970b85d2ad84965"/>
    </p0826-teimww:occursIn>
    <p0826-teimww:wasContributedBy>
      <p0826-teimww:person knoraType="link_value" linkType="ref" target="ww_c4063e9c72a3ffd2"/>
    </p0826-teimww:wasContributedBy>
  </p0826-teimww:passage>
  <p0826-teimww:passage id="ww_312ae23a91c2c0ac">
    <knoraXmlImport:label>passage</knoraXmlImport:label>
    <p0826-teimww:occursIn>
      <p0826-teimww:book knoraType="link_value" linkType="ref" target="ww_1140c36ab545b6d8"/>
    </p0826-teimww:occursIn>
  </p0826-teimww:passage>
  <p0826-teimww:passage id="ww_dc5efc791d437593">
    <knoraXmlImport:label>passage</knoraXmlImport:label>
    <p0826-teimww:contains>
      <p0826-teimww:lexia knoraType="link_value" linkType="ref" target="ww_71ef380569446717"/>
    </p0826-teimww:contains>
    <p0826-teimww:hasPage knoraType="richtext_value">N.p.; act 1, scene 1 [normalized spelling].</p0826-teimww:hasPage>
    <p0826-teimww:hasPageHist knoraType="richtext_value">N.p.; act 1, scene 1.</p0826-teimww:hasPageHist>
    <p0826-teimww:hasText knoraType="richtext_value">[Welborne:] They are well rewarded &lt;br&gt;
That beggar themselves to make such cuckolds rich. &lt;br&gt;
Thou viper, thankless viper; impudent bawd! &lt;br&gt; 
But since you are grow'n forgetful, I will help &lt;br&gt;
Your memory, and &lt;span class="quote"&gt;tread thee into mortar:&lt;br&gt; &lt;/span&gt;
Not leave one bone unbroken. </p0826-teimww:hasText>
    <p0826-teimww:hasTextHist knoraType="richtext_value">[Welborne:] They are well rewarded &lt;br&gt;
That begger themselues to make such cuckolds rich. &lt;br&gt;
Thou viper thanklesse viper; impudent bawde! &lt;br&gt; 
But since you are grow'n forgetfull, I will helpe &lt;br&gt;
Your memory, and tread thee into mortar: &lt;br&gt; 
Not leaue one bone vnbroken. </p0826-teimww:hasTextHist>
    <p0826-teimww:isMentionedIn>
      <p0826-teimww:passage knoraType="link_value" linkType="ref" target="ww_6d7537df673c71f3"/>
    </p0826-teimww:isMentionedIn>
    <p0826-teimww:occursIn>
      <p0826-teimww:book knoraType="link_value" linkType="ref" target="ww_7d392b46fd787fce"/>
    </p0826-teimww:occursIn>
    <p0826-teimww:wasContributedBy>
      <p0826-teimww:person knoraType="link_value" linkType="ref" target="ww_6202c1bb6957c9cc"/>
    </p0826-teimww:wasContributedBy>
  </p0826-teimww:passage>
  <p0826-teimww:passage id="ww_6d7537df673c71f3">
    <knoraXmlImport:label>passage</knoraXmlImport:label>
    <p0826-teimww:occursIn>
      <p0826-teimww:book knoraType="link_value" linkType="ref" target="ww_1140c36ab545b6d8"/>
    </p0826-teimww:occursIn>
  </p0826-teimww:passage>
  <p0826-teimww:passage id="ww_aa643a296777cf63">
    <knoraXmlImport:label>passage</knoraXmlImport:label>
    <p0826-teimww:contains>
      <p0826-teimww:lexia knoraType="link_value" linkType="ref" target="ww_155a2664470edfde"/>
    </p0826-teimww:contains>
    <p0826-teimww:hasPage knoraType="richtext_value">N.p.</p0826-teimww:hasPage>
    <p0826-teimww:hasText knoraType="richtext_value">[Pynto:] Avant, I saw twelve dozen of Cuckolds in the middle region of the air, galloping on a black Jack, Eastward ho. [...] Now, now, now, my brains burn in Sulphur, and thus will I stalk about, and swim through a whole Element of dainty, neat, brisk, rich claret, canary, or maligo. Am not I Pynto, &lt;span class="quote"&gt;have not I hiren here? &lt;/span&gt;What art thou, a full moon, or a moon calf?</p0826-teimww:hasText>
    <p0826-teimww:isMentionedIn>
      <p0826-teimww:passage knoraType="link_value" linkType="ref" target="ww_099d0cc122f50901"/>
    </p0826-teimww:isMentionedIn>
    <p0826-teimww:occursIn>
      <p0826-teimww:book knoraType="link_value" linkType="ref" target="ww_53ea056cdc03928d"/>
    </p0826-teimww:occursIn>
    <p0826-teimww:wasContributedBy>
      <p0826-teimww:person knoraType="link_value" linkType="ref" target="ww_c4063e9c72a3ffd2"/>
    </p0826-teimww:wasContributedBy>
  </p0826-teimww:passage>
  <p0826-teimww:passage id="ww_099d0cc122f50901">
    <knoraXmlImport:label>passage</knoraXmlImport:label>
    <p0826-teimww:occursIn>
      <p0826-teimww:book knoraType="link_value" linkType="ref" target="ww_3e15ab6c612eadae"/>
    </p0826-teimww:occursIn>
  </p0826-teimww:passage>
  <p0826-teimww:passage id="ww_4a8ce7b4d92dd5b3">
    <knoraXmlImport:label>passage</knoraXmlImport:label>
    <p0826-teimww:contains>
      <p0826-teimww:lexia knoraType="link_value" linkType="ref" target="ww_7c3b6aeab3b2f9a8"/>
    </p0826-teimww:contains>
    <p0826-teimww:hasPage knoraType="richtext_value">N.p.; act 2, scene 1, line 425.</p0826-teimww:hasPage>
    <p0826-teimww:hasText knoraType="richtext_value">[Duke:] &lt;span class="quote"&gt;Excellent wretch!&lt;/span&gt;</p0826-teimww:hasText>
    <p0826-teimww:isMentionedIn>
      <p0826-teimww:passage knoraType="link_value" linkType="ref" target="ww_a784c2159ca24d04"/>
    </p0826-teimww:isMentionedIn>
    <p0826-teimww:occursIn>
      <p0826-teimww:book knoraType="link_value" linkType="ref" target="ww_0a181b40f9edb85e"/>
    </p0826-teimww:occursIn>
    <p0826-teimww:wasContributedBy>
      <p0826-teimww:person knoraType="link_value" linkType="ref" target="ww_7f35f6802efd910d"/>
    </p0826-teimww:wasContributedBy>
  </p0826-teimww:passage>
  <p0826-teimww:passage id="ww_8121bf4190a06f31">
    <knoraXmlImport:label>passage</knoraXmlImport:label>
    <p0826-teimww:contains>
      <p0826-teimww:lexia knoraType="link_value" linkType="ref" target="ww_4c64336cbb097d4e"/>
    </p0826-teimww:contains>
    <p0826-teimww:hasPage knoraType="richtext_value">N.p.; act 2.</p0826-teimww:hasPage>
    <p0826-teimww:hasPageHist knoraType="richtext_value">N.p.; act 2.</p0826-teimww:hasPageHist>
    <p0826-teimww:hasText knoraType="richtext_value">[Clown:] I confess it; but whether you haue serv'd him well, or no, &lt;span class="quote"&gt;there hangs a Tale. 
&lt;/span&gt;
Stro. How doth thy noble Lady, faire Lauret [...].</p0826-teimww:hasText>
    <p0826-teimww:hasTextHist knoraType="richtext_value">[Clown:] I confesse it; but whether you haue seru'd him well, or no, there hangs a Tale. 
Stro.How doth thy noble Lady, faire Lauret [...].</p0826-teimww:hasTextHist>
    <p0826-teimww:isMentionedIn>
      <p0826-teimww:passage knoraType="link_value" linkType="ref" target="ww_8c2da3c6e36e41de"/>
    </p0826-teimww:isMentionedIn>
    <p0826-teimww:occursIn>
      <p0826-teimww:book knoraType="link_value" linkType="ref" target="ww_ae5a361b7f786e79"/>
    </p0826-teimww:occursIn>
    <p0826-teimww:wasContributedBy>
      <p0826-teimww:person knoraType="link_value" linkType="ref" target="ww_c4063e9c72a3ffd2"/>
    </p0826-teimww:wasContributedBy>
  </p0826-teimww:passage>
  <p0826-teimww:passage id="ww_8c2da3c6e36e41de">
    <knoraXmlImport:label>passage</knoraXmlImport:label>
    <p0826-teimww:occursIn>
      <p0826-teimww:book knoraType="link_value" linkType="ref" target="ww_3e15ab6c612eadae"/>
    </p0826-teimww:occursIn>
  </p0826-teimww:passage>
  <p0826-teimww:passage id="ww_34c8aa16812bb7a4">
    <knoraXmlImport:label>passage</knoraXmlImport:label>
    <p0826-teimww:contains>
      <p0826-teimww:lexia knoraType="link_value" linkType="ref" target="ww_f14c7f50b76b90d7"/>
    </p0826-teimww:contains>
    <p0826-teimww:hasPage knoraType="richtext_value">N.p.; act 1, scene 2 [normalized spelling].</p0826-teimww:hasPage>
    <p0826-teimww:hasPageHist knoraType="richtext_value">N.p.; act 1, scene 2.</p0826-teimww:hasPageHist>
    <p0826-teimww:hasText knoraType="richtext_value">[Athenais:] If I could leave my understanding to you,&lt;br&gt;
It were superfluous to make division&lt;br&gt;
Of whatsoever else I can bequeath you,&lt;br&gt;
But to avoid contention, I allot&lt;br&gt;
An equal portion of my possessions&lt;br&gt;
To you my sons: but unto thee my daughter,&lt;br&gt;
My joy, my darling (pardon me though I&lt;br&gt;
Repeat his words) if &lt;span class="quote"&gt;my prophetic soul&lt;/span&gt;&lt;br&gt;
Ready to take her flight, can truely guess at&lt;br&gt;
Thy future fate, I leave the strange assurance&lt;br&gt;
Of the greatness thou art born to, unto which&lt;br&gt;
Thy brothers shall be proud to pay their service.&lt;br&gt;</p0826-teimww:hasText>
    <p0826-teimww:hasTextHist knoraType="richtext_value">[Athenais:] If I could leaue my vnderstanding to you,&lt;br&gt;
It were superfluous to make diuision&lt;br&gt;
Of whatsoeuer els I can bequeath you,&lt;br&gt;
But to auoide contention, I allot&lt;br&gt;
An equall portion of my possessions&lt;br&gt;
To you my sonnes: but vnto thee my daughter,&lt;br&gt;
My ioy, my darling (pardon mee though I&lt;br&gt;
Repeate his words) if &lt;span class="quote"&gt;my prophetick soule&lt;/span&gt;&lt;br&gt;
Ready to take her flight, can truely ghesse at&lt;br&gt;
Thy future fate, I leaue the strange assurance&lt;br&gt;
Of the greatenesse thou art borne to, vnto which&lt;br&gt;
Thy brothers shall be proud to pay their seruice.&lt;br&gt;</p0826-teimww:hasTextHist>
    <p0826-teimww:isMentionedIn>
      <p0826-teimww:passage knoraType="link_value" linkType="ref" target="ww_bf2b01bc069502bc"/>
    </p0826-teimww:isMentionedIn>
    <p0826-teimww:occursIn>
      <p0826-teimww:book knoraType="link_value" linkType="ref" target="ww_485a54b3b41dff9b"/>
    </p0826-teimww:occursIn>
    <p0826-teimww:wasContributedBy>
      <p0826-teimww:person knoraType="link_value" linkType="ref" target="ww_c4063e9c72a3ffd2"/>
    </p0826-teimww:wasContributedBy>
  </p0826-teimww:passage>
  <p0826-teimww:passage id="ww_bf2b01bc069502bc">
    <knoraXmlImport:label>passage</knoraXmlImport:label>
    <p0826-teimww:occursIn>
      <p0826-teimww:book knoraType="link_value" linkType="ref" target="ww_91e0dc4c671938fa"/>
    </p0826-teimww:occursIn>
  </p0826-teimww:passage>
  <p0826-teimww:passage id="ww_fac3e3b98eda4be1">
    <knoraXmlImport:label>passage</knoraXmlImport:label>
    <p0826-teimww:contains>
      <p0826-teimww:lexia knoraType="link_value" linkType="ref" target="ww_f7c8b5ae81c23bc0"/>
    </p0826-teimww:contains>
    <p0826-teimww:hasPage knoraType="richtext_value">F3 verso; act 3, scene 2 [normalized spelling].</p0826-teimww:hasPage>
    <p0826-teimww:hasPageHist knoraType="richtext_value">F3 verso; act 3, scene 2.</p0826-teimww:hasPageHist>
    <p0826-teimww:hasText knoraType="richtext_value">[Athenais:] [...] shall I,&lt;br&gt;
His vassal from obscurity rais'd by him&lt;br&gt;
To this so eminent light, presume to appoint him&lt;br&gt;
&lt;span class="quote"&gt;To do, or not to do &lt;/span&gt;this, or that: when wives&lt;br&gt;
Are well aocommodated by their husbands&lt;br&gt;
With all things both for use, and ornament,&lt;br&gt;
Let them fix there, and never dare to question&lt;br&gt;
Their wills or actions.</p0826-teimww:hasText>
    <p0826-teimww:hasTextHist knoraType="richtext_value">[Athenais:] [...] shall I,&lt;br&gt;
His vassall from obscurity rais'd by him&lt;br&gt;
To this so eminent light, presume to appoint him&lt;br&gt;
&lt;span class="quote"&gt;To do, or not to do &lt;/span&gt;this, or that: when wiues&lt;br&gt;
Are well aocommodated by their husbands&lt;br&gt;
With all things both for vse, and ornament,&lt;br&gt;
Let them fix there, and neuer dare to question&lt;br&gt;
Their wils or actions.</p0826-teimww:hasTextHist>
    <p0826-teimww:isMentionedIn>
      <p0826-teimww:passage knoraType="link_value" linkType="ref" target="ww_a7a13926d4769301"/>
    </p0826-teimww:isMentionedIn>
    <p0826-teimww:occursIn>
      <p0826-teimww:book knoraType="link_value" linkType="ref" target="ww_485a54b3b41dff9b"/>
    </p0826-teimww:occursIn>
    <p0826-teimww:wasContributedBy>
      <p0826-teimww:person knoraType="link_value" linkType="ref" target="ww_c4063e9c72a3ffd2"/>
    </p0826-teimww:wasContributedBy>
  </p0826-teimww:passage>
  <p0826-teimww:passage id="ww_a7a13926d4769301">
    <knoraXmlImport:label>passage</knoraXmlImport:label>
    <p0826-teimww:occursIn>
      <p0826-teimww:book knoraType="link_value" linkType="ref" target="ww_1140c36ab545b6d8"/>
    </p0826-teimww:occursIn>
  </p0826-teimww:passage>
  <p0826-teimww:passage id="ww_0a9c047f70f05ac7">
    <knoraXmlImport:label>passage</knoraXmlImport:label>
    <p0826-teimww:contains>
      <p0826-teimww:lexia knoraType="link_value" linkType="ref" target="ww_6f238335d10a9530"/>
    </p0826-teimww:contains>
    <p0826-teimww:hasPage knoraType="richtext_value">N.p. [normalized spelling].</p0826-teimww:hasPage>
    <p0826-teimww:hasPageHist knoraType="richtext_value">N.p.</p0826-teimww:hasPageHist>
    <p0826-teimww:hasText knoraType="richtext_value">[Annabella:] [...] Would thou hadst been lesse subject to those &lt;span class="quote"&gt;Stars &lt;br&gt;
That luckless reign'd at my Nativity &lt;/span&gt;[...].</p0826-teimww:hasText>
    <p0826-teimww:hasTextHist knoraType="richtext_value">[Annabella:] [...] Would thou hadst beene lesse subiect to those &lt;span class="quote"&gt;Stars &lt;br&gt;
That luckelesse raign'd at my Natiuity &lt;/span&gt;[...].</p0826-teimww:hasTextHist>
    <p0826-teimww:isMentionedIn>
      <p0826-teimww:passage knoraType="link_value" linkType="ref" target="ww_ecc82fb358dd2bd8"/>
    </p0826-teimww:isMentionedIn>
    <p0826-teimww:occursIn>
      <p0826-teimww:book knoraType="link_value" linkType="ref" target="ww_80d15f244b120eda"/>
    </p0826-teimww:occursIn>
    <p0826-teimww:wasContributedBy>
      <p0826-teimww:person knoraType="link_value" linkType="ref" target="ww_b604df587d93b768"/>
    </p0826-teimww:wasContributedBy>
  </p0826-teimww:passage>
  <p0826-teimww:passage id="ww_369f81218a80cc3c">
    <knoraXmlImport:label>passage</knoraXmlImport:label>
    <p0826-teimww:contains>
      <p0826-teimww:lexia knoraType="link_value" linkType="ref" target="ww_910ff305db526157"/>
    </p0826-teimww:contains>
    <p0826-teimww:hasPage knoraType="richtext_value">N.p.; act 3, scene 2.</p0826-teimww:hasPage>
    <p0826-teimww:hasText knoraType="richtext_value">[D'Avolos:]&lt;/i&gt; A shrewd ominous token; &lt;br&gt;
&lt;span class="quote"&gt;I like not that neither.&lt;/span&gt; &lt;br&gt;
[Duke:] Again! What is't you like not?</p0826-teimww:hasText>
    <p0826-teimww:isMentionedIn>
      <p0826-teimww:passage knoraType="link_value" linkType="ref" target="ww_90fbefce047e8d9c"/>
    </p0826-teimww:isMentionedIn>
    <p0826-teimww:occursIn>
      <p0826-teimww:book knoraType="link_value" linkType="ref" target="ww_e16edd49585b8434"/>
    </p0826-teimww:occursIn>
    <p0826-teimww:wasContributedBy>
      <p0826-teimww:person knoraType="link_value" linkType="ref" target="ww_6202c1bb6957c9cc"/>
    </p0826-teimww:wasContributedBy>
  </p0826-teimww:passage>
  <p0826-teimww:passage id="ww_90fbefce047e8d9c">
    <knoraXmlImport:label>passage</knoraXmlImport:label>
    <p0826-teimww:occursIn>
      <p0826-teimww:book knoraType="link_value" linkType="ref" target="ww_1140c36ab545b6d8"/>
    </p0826-teimww:occursIn>
  </p0826-teimww:passage>
  <p0826-teimww:passage id="ww_f07ac9df61678d5c">
    <knoraXmlImport:label>passage</knoraXmlImport:label>
    <p0826-teimww:contains>
      <p0826-teimww:lexia knoraType="link_value" linkType="ref" target="ww_1e26adb6b7e24780"/>
    </p0826-teimww:contains>
    <p0826-teimww:hasPage knoraType="richtext_value">27.</p0826-teimww:hasPage>
    <p0826-teimww:hasText knoraType="richtext_value">[Landrey:] Most true, you wept.&lt;br&gt;
[Queen:] &lt;span class="quote"&gt;As a good Actor in a play would do,&lt;br&gt;
Whose fancy works (as if he waking dreamt)&lt;br&gt;
Too strongly on the Object that it copes with,&lt;br&gt;
Shaping realities from mockeries;&lt;br&gt;
And so the queen did weep.&lt;/span&gt; [...]&lt;br&gt;
&lt;span class="quote"&gt;By this good night&lt;br&gt;
I think I could become the Stage as well&lt;br&gt;
As any she that sels her breath in publique.&lt;/span&gt;</p0826-teimww:hasText>
    <p0826-teimww:isMentionedIn>
      <p0826-teimww:passage knoraType="link_value" linkType="ref" target="ww_5cc82d200c97144f"/>
    </p0826-teimww:isMentionedIn>
    <p0826-teimww:occursIn>
      <p0826-teimww:book knoraType="link_value" linkType="ref" target="ww_c8ca0bdc1413defb"/>
    </p0826-teimww:occursIn>
    <p0826-teimww:wasContributedBy>
      <p0826-teimww:person knoraType="link_value" linkType="ref" target="ww_c4063e9c72a3ffd2"/>
    </p0826-teimww:wasContributedBy>
  </p0826-teimww:passage>
  <p0826-teimww:passage id="ww_5cc82d200c97144f">
    <knoraXmlImport:label>passage</knoraXmlImport:label>
    <p0826-teimww:occursIn>
      <p0826-teimww:book knoraType="link_value" linkType="ref" target="ww_5868d5560bdfc062"/>
    </p0826-teimww:occursIn>
  </p0826-teimww:passage>
  <p0826-teimww:passage id="ww_c6cf4e2e7927f350">
    <knoraXmlImport:label>passage</knoraXmlImport:label>
    <p0826-teimww:contains>
      <p0826-teimww:lexia knoraType="link_value" linkType="ref" target="ww_63aa9ad3bdd1cfbb"/>
    </p0826-teimww:contains>
    <p0826-teimww:hasPage knoraType="richtext_value">N.p.</p0826-teimww:hasPage>
    <p0826-teimww:hasText knoraType="richtext_value">[Crotilda as the eunuch Castrato:] Is't even so, work and &lt;span class="quote"&gt;about my brain,&lt;/span&gt;&lt;br&gt;
I'm lost for ever if not close again.&lt;/span&gt;</p0826-teimww:hasText>
    <p0826-teimww:isMentionedIn>
      <p0826-teimww:passage knoraType="link_value" linkType="ref" target="ww_20f5119a87848657"/>
    </p0826-teimww:isMentionedIn>
    <p0826-teimww:occursIn>
      <p0826-teimww:book knoraType="link_value" linkType="ref" target="ww_c8ca0bdc1413defb"/>
    </p0826-teimww:occursIn>
    <p0826-teimww:wasContributedBy>
      <p0826-teimww:person knoraType="link_value" linkType="ref" target="ww_c4063e9c72a3ffd2"/>
    </p0826-teimww:wasContributedBy>
  </p0826-teimww:passage>
  <p0826-teimww:passage id="ww_20f5119a87848657">
    <knoraXmlImport:label>passage</knoraXmlImport:label>
    <p0826-teimww:occursIn>
      <p0826-teimww:book knoraType="link_value" linkType="ref" target="ww_5868d5560bdfc062"/>
    </p0826-teimww:occursIn>
  </p0826-teimww:passage>
  <p0826-teimww:passage id="ww_f9330e328f5bcfea">
    <knoraXmlImport:label>passage</knoraXmlImport:label>
    <p0826-teimww:contains>
      <p0826-teimww:lexia knoraType="link_value" linkType="ref" target="ww_5c3eefd72b42fb4b"/>
    </p0826-teimww:contains>
    <p0826-teimww:hasPage knoraType="richtext_value">49 [normalized spelling].</p0826-teimww:hasPage>
    <p0826-teimww:hasPageHist knoraType="richtext_value">49.</p0826-teimww:hasPageHist>
    <p0826-teimww:hasText knoraType="richtext_value">[Clotair:] &lt;span class="quote"&gt;I'll take thy word, &lt;i&gt;Eunuch, &lt;/i&gt;for the Kingdom's wealth.&lt;/span&gt;</p0826-teimww:hasText>
    <p0826-teimww:hasTextHist knoraType="richtext_value">[Clotair:] &lt;span class="quote"&gt;I'l take thy word, &lt;i&gt;Eunuch, &lt;/i&gt;for the Kingdom's wealth.&lt;/span&gt;</p0826-teimww:hasTextHist>
    <p0826-teimww:isMentionedIn>
      <p0826-teimww:passage knoraType="link_value" linkType="ref" target="ww_6df587c64c6d1ed0"/>
    </p0826-teimww:isMentionedIn>
    <p0826-teimww:occursIn>
      <p0826-teimww:book knoraType="link_value" linkType="ref" target="ww_c8ca0bdc1413defb"/>
    </p0826-teimww:occursIn>
    <p0826-teimww:wasContributedBy>
      <p0826-teimww:person knoraType="link_value" linkType="ref" target="ww_c4063e9c72a3ffd2"/>
    </p0826-teimww:wasContributedBy>
  </p0826-teimww:passage>
  <p0826-teimww:passage id="ww_6df587c64c6d1ed0">
    <knoraXmlImport:label>passage</knoraXmlImport:label>
    <p0826-teimww:occursIn>
      <p0826-teimww:book knoraType="link_value" linkType="ref" target="ww_5868d5560bdfc062"/>
    </p0826-teimww:occursIn>
  </p0826-teimww:passage>
  <p0826-teimww:passage id="ww_88f2bbfdc34e987a">
    <knoraXmlImport:label>passage</knoraXmlImport:label>
    <p0826-teimww:contains>
      <p0826-teimww:lexia knoraType="link_value" linkType="ref" target="ww_f14c7f50b76b90d7"/>
    </p0826-teimww:contains>
    <p0826-teimww:hasPage knoraType="richtext_value">19; act 2, scene 1 [normalized spelling].</p0826-teimww:hasPage>
    <p0826-teimww:hasPageHist knoraType="richtext_value">19; act 2, scene 1.</p0826-teimww:hasPageHist>
    <p0826-teimww:hasText knoraType="richtext_value">[Old Brissac:] Pray let me see the Ring; yes it was hers,&lt;br&gt;
And she would say she'd never part with it&lt;br&gt;
But when she meant to wed; if y'have married her,&lt;br&gt;
Or have her promise riveted to yours,&lt;br&gt;
Tell me but where she is, I'll  be content,&lt;br&gt;
For I in losing her have lost my joy.&lt;br&gt;
[Charles Brissac:] Is she not then within?&lt;br&gt;
[Old Brissac:] Yes too much; oh no&lt;br&gt;
The house contains her not, she is not here,&lt;br&gt;
Nor is for ought I know at all.&lt;br&gt;
[Clovis the Prince:] &lt;span class="quote"&gt;O my prophetic soul, &lt;/span&gt;then 'tis no idle fear.</p0826-teimww:hasText>
    <p0826-teimww:hasTextHist knoraType="richtext_value">[Old Brissac:] Pray let me see the Ring; yes it was hers,&lt;br&gt;
And she would say she'd never part with it&lt;br&gt;
But when she ment to wed; if y'have married her,&lt;br&gt;
Or have her promise rivited to yours,&lt;br&gt;
Tell me but where she is i'l be content,&lt;br&gt;
For I in losing her have lost my joy.&lt;br&gt;
[Charles Brissac:] Is she not then within?&lt;br&gt;
[Old Brissac:] Yes too much; oh no&lt;br&gt;
The house containes her not, she is not here,&lt;br&gt;
Nor is for ought I know at all.&lt;br&gt;
[Clovis the Prince:] &lt;span class="quote"&gt;O my prophetique soul, &lt;/span&gt;then 'tis no idle fear.</p0826-teimww:hasTextHist>
    <p0826-teimww:isMentionedIn>
      <p0826-teimww:passage knoraType="link_value" linkType="ref" target="ww_71ed04c9381851ed"/>
    </p0826-teimww:isMentionedIn>
    <p0826-teimww:isMentionedIn>
      <p0826-teimww:passage knoraType="link_value" linkType="ref" target="ww_bc14fda6a1b201d8"/>
    </p0826-teimww:isMentionedIn>
    <p0826-teimww:occursIn>
      <p0826-teimww:book knoraType="link_value" linkType="ref" target="ww_c8ca0bdc1413defb"/>
    </p0826-teimww:occursIn>
    <p0826-teimww:wasContributedBy>
      <p0826-teimww:person knoraType="link_value" linkType="ref" target="ww_c4063e9c72a3ffd2"/>
    </p0826-teimww:wasContributedBy>
  </p0826-teimww:passage>
  <p0826-teimww:passage id="ww_71ed04c9381851ed">
    <knoraXmlImport:label>passage</knoraXmlImport:label>
    <p0826-teimww:occursIn>
      <p0826-teimww:book knoraType="link_value" linkType="ref" target="ww_91e0dc4c671938fa"/>
    </p0826-teimww:occursIn>
  </p0826-teimww:passage>
  <p0826-teimww:passage id="ww_bc14fda6a1b201d8">
    <knoraXmlImport:label>passage</knoraXmlImport:label>
    <p0826-teimww:occursIn>
      <p0826-teimww:book knoraType="link_value" linkType="ref" target="ww_5868d5560bdfc062"/>
    </p0826-teimww:occursIn>
  </p0826-teimww:passage>
  <p0826-teimww:passage id="ww_58f781e2d257b94c">
    <knoraXmlImport:label>passage</knoraXmlImport:label>
    <p0826-teimww:contains>
      <p0826-teimww:lexia knoraType="link_value" linkType="ref" target="ww_785929b47ede2f49"/>
    </p0826-teimww:contains>
    <p0826-teimww:hasPage knoraType="richtext_value">41 [normalized spelling].</p0826-teimww:hasPage>
    <p0826-teimww:hasPageHist knoraType="richtext_value">41.</p0826-teimww:hasPageHist>
    <p0826-teimww:hasText knoraType="richtext_value">[Clotair:] &lt;span class = "quote"&gt;Whom d'ye hold discourse with, the air?&lt;/span&gt;&lt;br&gt;
Bethink yourself, this is no time to dally. </p0826-teimww:hasText>
    <p0826-teimww:hasTextHist knoraType="richtext_value">[Clota:] &lt;span class = "quote"&gt;Whom d'ee hold discourse with, the air?&lt;/span&gt;&lt;br&gt;
Bethink your self, this is no time to dallie. </p0826-teimww:hasTextHist>
    <p0826-teimww:isMentionedIn>
      <p0826-teimww:passage knoraType="link_value" linkType="ref" target="ww_cc22b740cce3c1d9"/>
    </p0826-teimww:isMentionedIn>
    <p0826-teimww:occursIn>
      <p0826-teimww:book knoraType="link_value" linkType="ref" target="ww_c8ca0bdc1413defb"/>
    </p0826-teimww:occursIn>
    <p0826-teimww:wasContributedBy>
      <p0826-teimww:person knoraType="link_value" linkType="ref" target="ww_c4063e9c72a3ffd2"/>
    </p0826-teimww:wasContributedBy>
  </p0826-teimww:passage>
  <p0826-teimww:passage id="ww_cc22b740cce3c1d9">
    <knoraXmlImport:label>passage</knoraXmlImport:label>
    <p0826-teimww:occursIn>
      <p0826-teimww:book knoraType="link_value" linkType="ref" target="ww_5868d5560bdfc062"/>
    </p0826-teimww:occursIn>
  </p0826-teimww:passage>
  <p0826-teimww:passage id="ww_83110dc1fd25afd7">
    <knoraXmlImport:label>passage</knoraXmlImport:label>
    <p0826-teimww:contains>
      <p0826-teimww:lexia knoraType="link_value" linkType="ref" target="ww_f209df1dae4044a7"/>
    </p0826-teimww:contains>
    <p0826-teimww:hasPage knoraType="richtext_value">41 [normalized spelling].</p0826-teimww:hasPage>
    <p0826-teimww:hasPageHist knoraType="richtext_value">41.</p0826-teimww:hasPageHist>
    <p0826-teimww:hasText knoraType="richtext_value">[Eunuch:] [...] If (in her proud desire) I do prevent&lt;br&gt;
Her lust this second time, before the third&lt;br&gt;
&lt;span class="quote"&gt;She may repent and save her loathed soul,&lt;br&gt;
Which my revenge would damn; &lt;/span&gt;yet were she crossed,&lt;br&gt;
Her lust being now at full flood in her,&lt;br&gt;
And no way left to quench her burning flame,&lt;br&gt;
Her drier bones would make a bonfire,&lt;br&gt;
Fit for the Devill to warm his hands by [...].</p0826-teimww:hasText>
    <p0826-teimww:hasTextHist knoraType="richtext_value">[Eunuch:] [...] If (in her proud desire) I do prevent&lt;br&gt;
Her lust this second time, before the third&lt;br&gt;
&lt;span class="quote"&gt;She may repent and save her loathed soul,&lt;br&gt;
Which my revenge would damn; &lt;/span&gt;yet were she crost,&lt;br&gt;
Her lust being now at full flood in her,&lt;br&gt;
And no way left to quench her burning flame,&lt;br&gt;
Her dryer bones would make a bonfire,&lt;br&gt;
Fit for the Devill to warm his hands by [...].</p0826-teimww:hasTextHist>
    <p0826-teimww:isMentionedIn>
      <p0826-teimww:passage knoraType="link_value" linkType="ref" target="ww_cc22b740cce3c1d9"/>
    </p0826-teimww:isMentionedIn>
    <p0826-teimww:occursIn>
      <p0826-teimww:book knoraType="link_value" linkType="ref" target="ww_c8ca0bdc1413defb"/>
    </p0826-teimww:occursIn>
    <p0826-teimww:wasContributedBy>
      <p0826-teimww:person knoraType="link_value" linkType="ref" target="ww_c4063e9c72a3ffd2"/>
    </p0826-teimww:wasContributedBy>
  </p0826-teimww:passage>
  <p0826-teimww:passage id="ww_3ef157950bb184cd">
    <knoraXmlImport:label>passage</knoraXmlImport:label>
    <p0826-teimww:contains>
      <p0826-teimww:lexia knoraType="link_value" linkType="ref" target="ww_e685fd9ee9b015cc"/>
    </p0826-teimww:contains>
    <p0826-teimww:hasPage knoraType="richtext_value">73.</p0826-teimww:hasPage>
    <p0826-teimww:hasText knoraType="richtext_value">[Clovis:] I am no spirit; tast &lt;span class="quote"&gt;my active pulse,&lt;br&gt;
And you shall find it makes such harmony&lt;br&gt;
As youth and health enjoy.&lt;/span&gt;</p0826-teimww:hasText>
    <p0826-teimww:isMentionedIn>
      <p0826-teimww:passage knoraType="link_value" linkType="ref" target="ww_43bb32a685bdc98a"/>
    </p0826-teimww:isMentionedIn>
    <p0826-teimww:occursIn>
      <p0826-teimww:book knoraType="link_value" linkType="ref" target="ww_c8ca0bdc1413defb"/>
    </p0826-teimww:occursIn>
    <p0826-teimww:wasContributedBy>
      <p0826-teimww:person knoraType="link_value" linkType="ref" target="ww_c4063e9c72a3ffd2"/>
    </p0826-teimww:wasContributedBy>
  </p0826-teimww:passage>
  <p0826-teimww:passage id="ww_43bb32a685bdc98a">
    <knoraXmlImport:label>passage</knoraXmlImport:label>
    <p0826-teimww:occursIn>
      <p0826-teimww:book knoraType="link_value" linkType="ref" target="ww_5868d5560bdfc062"/>
    </p0826-teimww:occursIn>
  </p0826-teimww:passage>
  <p0826-teimww:passage id="ww_84ac44b73b0bbac5">
    <knoraXmlImport:label>passage</knoraXmlImport:label>
    <p0826-teimww:contains>
      <p0826-teimww:lexia knoraType="link_value" linkType="ref" target="ww_4b5a2579a1d3c289"/>
    </p0826-teimww:contains>
    <p0826-teimww:hasPage knoraType="richtext_value">N.p. [normalized spelling].</p0826-teimww:hasPage>
    <p0826-teimww:hasPageHist knoraType="richtext_value">N.p.</p0826-teimww:hasPageHist>
    <p0826-teimww:hasText knoraType="richtext_value">We desire forbidden things, and that is the perversenesse of your flesh, that will not be brideled with no lawful bounds, and wee see by experience that many men that have beautiful wives neglect their own better, and pray upon others more deformed. &lt;span class="quote"&gt;For Virtue as it never will be moved, though lewdness court it in the shape of heaven; So Lust, though to a radiant Angel linked, will sort itself in a terrestrial bed, and prey on garbage.&lt;/span&gt;</p0826-teimww:hasText>
    <p0826-teimww:hasTextHist knoraType="richtext_value">We desire forbidden things, and that is the perversenesse of your flesh, that will not be brideled with no lawfull bounds, and wee see by experience that many men that have beautiful wives neglect their own better, and pray upon others more deformed. &lt;span class="quote"&gt;For Vertue as it never will be mou'd, though lewdness court it in the shape of heaven; So Lust, though to a radiant Angell linckt, will sort it selfe in a terrestrial bed, and prey on garbige.&lt;/span&gt;</p0826-teimww:hasTextHist>
    <p0826-teimww:isMentionedIn>
      <p0826-teimww:passage knoraType="link_value" linkType="ref" target="ww_fe4e7eb7c6d02e39"/>
    </p0826-teimww:isMentionedIn>
    <p0826-teimww:occursIn>
      <p0826-teimww:book knoraType="link_value" linkType="ref" target="ww_38c906962ba7629a"/>
    </p0826-teimww:occursIn>
    <p0826-teimww:wasContributedBy>
      <p0826-teimww:person knoraType="link_value" linkType="ref" target="ww_c4063e9c72a3ffd2"/>
    </p0826-teimww:wasContributedBy>
  </p0826-teimww:passage>
  <p0826-teimww:passage id="ww_fe4e7eb7c6d02e39">
    <knoraXmlImport:label>passage</knoraXmlImport:label>
    <p0826-teimww:occursIn>
      <p0826-teimww:book knoraType="link_value" linkType="ref" target="ww_f1fa280c821d334c"/>
    </p0826-teimww:occursIn>
  </p0826-teimww:passage>
  <p0826-teimww:passage id="ww_1a3466a7a469a574">
    <knoraXmlImport:label>passage</knoraXmlImport:label>
    <p0826-teimww:contains>
      <p0826-teimww:lexia knoraType="link_value" linkType="ref" target="ww_ea926f02cdfdc9b9"/>
    </p0826-teimww:contains>
    <p0826-teimww:hasPage knoraType="richtext_value">F2 recto [normalized spelling].</p0826-teimww:hasPage>
    <p0826-teimww:hasPageHist knoraType="richtext_value">F2 recto.</p0826-teimww:hasPageHist>
    <p0826-teimww:hasText knoraType="richtext_value">[...] Nay, I have done; &lt;span class="quote"&gt;beware of jealousy;&lt;br&gt;&lt;/span&gt;
I would not have you nourish jealous thoughts [...].</p0826-teimww:hasText>
    <p0826-teimww:hasTextHist knoraType="richtext_value">[...] Nay, I have done; &lt;span class="quote"&gt;beware of jealousie;&lt;br&gt;&lt;/span&gt;
I would not have you nourish jealous thoughts [...].</p0826-teimww:hasTextHist>
    <p0826-teimww:isMentionedIn>
      <p0826-teimww:passage knoraType="link_value" linkType="ref" target="ww_47741d5167e069df"/>
    </p0826-teimww:isMentionedIn>
    <p0826-teimww:occursIn>
      <p0826-teimww:book knoraType="link_value" linkType="ref" target="ww_c8ca0bdc1413defb"/>
    </p0826-teimww:occursIn>
    <p0826-teimww:wasContributedBy>
      <p0826-teimww:person knoraType="link_value" linkType="ref" target="ww_c4063e9c72a3ffd2"/>
    </p0826-teimww:wasContributedBy>
  </p0826-teimww:passage>
  <p0826-teimww:passage id="ww_ef33f770d455546b">
    <knoraXmlImport:label>passage</knoraXmlImport:label>
    <p0826-teimww:contains>
      <p0826-teimww:lexia knoraType="link_value" linkType="ref" target="ww_7918203ba4f33de6"/>
    </p0826-teimww:contains>
    <p0826-teimww:hasPage knoraType="richtext_value">E2 recto.</p0826-teimww:hasPage>
    <p0826-teimww:hasText knoraType="richtext_value">[Crotilda as the eunuch Castrato:] King, thou hadst better far have strook thy Father,&lt;br&gt;
&lt;span class="quote"&gt;Dig'd up his bones and plaid at logats with them.&lt;/span&gt;</p0826-teimww:hasText>
    <p0826-teimww:isMentionedIn>
      <p0826-teimww:passage knoraType="link_value" linkType="ref" target="ww_3e078b3c8fb1fde7"/>
    </p0826-teimww:isMentionedIn>
    <p0826-teimww:occursIn>
      <p0826-teimww:book knoraType="link_value" linkType="ref" target="ww_c8ca0bdc1413defb"/>
    </p0826-teimww:occursIn>
    <p0826-teimww:wasContributedBy>
      <p0826-teimww:person knoraType="link_value" linkType="ref" target="ww_c4063e9c72a3ffd2"/>
    </p0826-teimww:wasContributedBy>
  </p0826-teimww:passage>
  <p0826-teimww:passage id="ww_3e078b3c8fb1fde7">
    <knoraXmlImport:label>passage</knoraXmlImport:label>
    <p0826-teimww:occursIn>
      <p0826-teimww:book knoraType="link_value" linkType="ref" target="ww_5868d5560bdfc062"/>
    </p0826-teimww:occursIn>
  </p0826-teimww:passage>
  <p0826-teimww:passage id="ww_b76fa82ae6db4f8a">
    <knoraXmlImport:label>passage</knoraXmlImport:label>
    <p0826-teimww:contains>
      <p0826-teimww:lexia knoraType="link_value" linkType="ref" target="ww_dadf41c4e1f9b530"/>
    </p0826-teimww:contains>
    <p0826-teimww:hasPage knoraType="richtext_value">39; act 3, scene 2, lines 275-276 [normalized spelling].</p0826-teimww:hasPage>
    <p0826-teimww:hasPageHist knoraType="richtext_value">39; act 3, scene 2, lines 275-276.</p0826-teimww:hasPageHist>
    <p0826-teimww:hasText knoraType="richtext_value">[Clovis:] [...] &lt;span class="quote"&gt;Though she has broke her faith to me, to you &lt;br&gt;
Against her reputation she'll be true &lt;/span&gt;[...].</p0826-teimww:hasText>
    <p0826-teimww:hasTextHist knoraType="richtext_value">[Clovis:] [...] &lt;span class="quote"&gt;Though she ha's broke her faith to me, to you &lt;br&gt;
Against her reputation shee'l be true &lt;/span&gt;[...].</p0826-teimww:hasTextHist>
    <p0826-teimww:isMentionedIn>
      <p0826-teimww:passage knoraType="link_value" linkType="ref" target="ww_47741d5167e069df"/>
    </p0826-teimww:isMentionedIn>
    <p0826-teimww:occursIn>
      <p0826-teimww:book knoraType="link_value" linkType="ref" target="ww_c8ca0bdc1413defb"/>
    </p0826-teimww:occursIn>
    <p0826-teimww:wasContributedBy>
      <p0826-teimww:person knoraType="link_value" linkType="ref" target="ww_c4063e9c72a3ffd2"/>
    </p0826-teimww:wasContributedBy>
  </p0826-teimww:passage>
  <p0826-teimww:passage id="ww_2c7593c39d035309">
    <knoraXmlImport:label>passage</knoraXmlImport:label>
    <p0826-teimww:contains>
      <p0826-teimww:lexia knoraType="link_value" linkType="ref" target="ww_8d4eab128c9c9a3c"/>
    </p0826-teimww:contains>
    <p0826-teimww:hasPage knoraType="richtext_value">H4 verso [normalized spelling].</p0826-teimww:hasPage>
    <p0826-teimww:hasPageHist knoraType="richtext_value">H4 verso.</p0826-teimww:hasPageHist>
    <p0826-teimww:hasText knoraType="richtext_value">[Crotilda as the eunuch Castrato:] 'Tis true, I tell your Oracle;&lt;br&gt;
&lt;span class="quote"&gt;There's not an hour's life between ye both;&lt;br&gt;&lt;/span&gt;
The poison's sure, I did prepare it for ye,&lt;br&gt;
And have my self taken an Antidote [...].</p0826-teimww:hasText>
    <p0826-teimww:hasTextHist knoraType="richtext_value">[Crotilda as the eunuch Castrato:] 'Tis true, I tell your Oracle;&lt;br&gt;
&lt;span class="quote"&gt;There's not an hours life between ye both;&lt;br&gt;&lt;/span&gt;
The poyson's sure, I did prepare it for ye,&lt;br&gt;
And have my self taken an Antidote: </p0826-teimww:hasTextHist>
    <p0826-teimww:isMentionedIn>
      <p0826-teimww:passage knoraType="link_value" linkType="ref" target="ww_feaf607abbe0a373"/>
    </p0826-teimww:isMentionedIn>
    <p0826-teimww:occursIn>
      <p0826-teimww:book knoraType="link_value" linkType="ref" target="ww_c8ca0bdc1413defb"/>
    </p0826-teimww:occursIn>
    <p0826-teimww:wasContributedBy>
      <p0826-teimww:person knoraType="link_value" linkType="ref" target="ww_c4063e9c72a3ffd2"/>
    </p0826-teimww:wasContributedBy>
  </p0826-teimww:passage>
  <p0826-teimww:passage id="ww_feaf607abbe0a373">
    <knoraXmlImport:label>passage</knoraXmlImport:label>
    <p0826-teimww:occursIn>
      <p0826-teimww:book knoraType="link_value" linkType="ref" target="ww_5868d5560bdfc062"/>
    </p0826-teimww:occursIn>
  </p0826-teimww:passage>
  <p0826-teimww:passage id="ww_31a5d8733533b712">
    <knoraXmlImport:label>passage</knoraXmlImport:label>
    <p0826-teimww:contains>
      <p0826-teimww:lexia knoraType="link_value" linkType="ref" target="ww_2a0172b1db1f7947"/>
    </p0826-teimww:contains>
    <p0826-teimww:hasPage knoraType="richtext_value">19; act 2, scene 1, lines 75-76 [normalized spelling].</p0826-teimww:hasPage>
    <p0826-teimww:hasPageHist knoraType="richtext_value">19; act 2, scene 1, lines 75-76.</p0826-teimww:hasPageHist>
    <p0826-teimww:hasText knoraType="richtext_value">[Clovis:] [...] The drowsy Poppy, cold &lt;span class="quote"&gt;Mandragora, &lt;/span&gt;&lt;br&gt;
Or all the &lt;span class="quote"&gt;sleepy syrups &lt;/span&gt;of the world [...].</p0826-teimww:hasText>
    <p0826-teimww:hasTextHist knoraType="richtext_value">[Clovis:] [...] The drowsie Poppie, cold &lt;span class="quote"&gt;Mandragora, &lt;br&gt;&lt;/span&gt;
Or all t&lt;span class="quote"&gt;he sleepie sirrops of the world &lt;/span&gt;[...].</p0826-teimww:hasTextHist>
    <p0826-teimww:isMentionedIn>
      <p0826-teimww:passage knoraType="link_value" linkType="ref" target="ww_47741d5167e069df"/>
    </p0826-teimww:isMentionedIn>
    <p0826-teimww:occursIn>
      <p0826-teimww:book knoraType="link_value" linkType="ref" target="ww_c8ca0bdc1413defb"/>
    </p0826-teimww:occursIn>
    <p0826-teimww:wasContributedBy>
      <p0826-teimww:person knoraType="link_value" linkType="ref" target="ww_c4063e9c72a3ffd2"/>
    </p0826-teimww:wasContributedBy>
  </p0826-teimww:passage>
  <p0826-teimww:passage id="ww_d3384d1801d92ace">
    <knoraXmlImport:label>passage</knoraXmlImport:label>
    <p0826-teimww:contains>
      <p0826-teimww:lexia knoraType="link_value" linkType="ref" target="ww_4a446e9d21bdf5a5"/>
    </p0826-teimww:contains>
    <p0826-teimww:hasPage knoraType="richtext_value">36 [normalized spelling].</p0826-teimww:hasPage>
    <p0826-teimww:hasPageHist knoraType="richtext_value">36.</p0826-teimww:hasPageHist>
    <p0826-teimww:hasText knoraType="richtext_value">[Clotair:] The motions of the Sphæres move in that tongue.&lt;br&gt;
Turn all your sables to the Tyrian dye,&lt;br&gt;
&lt;span class="quote"&gt;Your dirges into sprightful wedding airs. &lt;/span&gt;</p0826-teimww:hasText>
    <p0826-teimww:hasTextHist knoraType="richtext_value">[Clotair:] The motions of the Spheres move in that tongue.&lt;br&gt;
Turn all your sables to the Tyrian dye,&lt;br&gt;
&lt;span class="quote"&gt;Your dirges into sprightful wedding airs. &lt;/span&gt;</p0826-teimww:hasTextHist>
    <p0826-teimww:isMentionedIn>
      <p0826-teimww:passage knoraType="link_value" linkType="ref" target="ww_626f73f44bd05c23"/>
    </p0826-teimww:isMentionedIn>
    <p0826-teimww:occursIn>
      <p0826-teimww:book knoraType="link_value" linkType="ref" target="ww_c8ca0bdc1413defb"/>
    </p0826-teimww:occursIn>
    <p0826-teimww:wasContributedBy>
      <p0826-teimww:person knoraType="link_value" linkType="ref" target="ww_c4063e9c72a3ffd2"/>
    </p0826-teimww:wasContributedBy>
  </p0826-teimww:passage>
  <p0826-teimww:passage id="ww_626f73f44bd05c23">
    <knoraXmlImport:label>passage</knoraXmlImport:label>
    <p0826-teimww:occursIn>
      <p0826-teimww:book knoraType="link_value" linkType="ref" target="ww_5868d5560bdfc062"/>
    </p0826-teimww:occursIn>
  </p0826-teimww:passage>
  <p0826-teimww:passage id="ww_2f374130bacf29a1">
    <knoraXmlImport:label>passage</knoraXmlImport:label>
    <p0826-teimww:contains>
      <p0826-teimww:lexia knoraType="link_value" linkType="ref" target="ww_c67395924633b557"/>
    </p0826-teimww:contains>
    <p0826-teimww:hasPage knoraType="richtext_value">I3 recto-I3 verso [normalized spelling].</p0826-teimww:hasPage>
    <p0826-teimww:hasPageHist knoraType="richtext_value">I3 recto-I3 verso.</p0826-teimww:hasPageHist>
    <p0826-teimww:hasText knoraType="richtext_value">[Second Soldier:] [...] The Monsieur, like the God of war, bestrides&lt;br&gt;
A bounding Courser, who is therefore proud&lt;br&gt;
To be so back'd, as knowing whom he bears:&lt;br&gt;
&lt;span class="quote"&gt;So Centaur-like he's anchor'd to his seat,&lt;br&gt;
As he had twind with the proud steed he rides on;&lt;br&gt;
He grows unto his saddle all one piece,&lt;br&gt;
And that unto his Horse; &lt;/span&lt;who thus unmov'd,&lt;br&gt;
Sits like a Perseus on his Pegasus, &lt;br&gt;
Stable and fleet.</p0826-teimww:hasText>
    <p0826-teimww:hasTextHist knoraType="richtext_value">[Second Soldier:] [...] The Monsiur, like the God of war, bestrides&lt;br&gt;
A bounding Courser, who is therefore proud&lt;br&gt;
To be so back'd, as knowing whom he bears:&lt;br&gt;
&lt;span class="quote"&gt;So Centaur-like he's anckor'd to his seat,&lt;br&gt;
As he had twind with the proud steed he rides on;&lt;br&gt;
He grows unto his saddle all one piece,&lt;br&gt;
And that unto his Horse; &lt;/span&lt;who thus unmov'd,&lt;br&gt;
Sits like a Perseus on his Pegasus, &lt;br&gt;
Stable and fleet.</p0826-teimww:hasTextHist>
    <p0826-teimww:isMentionedIn>
      <p0826-teimww:passage knoraType="link_value" linkType="ref" target="ww_d40a965f50e4a6b7"/>
    </p0826-teimww:isMentionedIn>
    <p0826-teimww:occursIn>
      <p0826-teimww:book knoraType="link_value" linkType="ref" target="ww_c8ca0bdc1413defb"/>
    </p0826-teimww:occursIn>
    <p0826-teimww:wasContributedBy>
      <p0826-teimww:person knoraType="link_value" linkType="ref" target="ww_c4063e9c72a3ffd2"/>
    </p0826-teimww:wasContributedBy>
  </p0826-teimww:passage>
  <p0826-teimww:passage id="ww_d40a965f50e4a6b7">
    <knoraXmlImport:label>passage</knoraXmlImport:label>
    <p0826-teimww:occursIn>
      <p0826-teimww:book knoraType="link_value" linkType="ref" target="ww_5868d5560bdfc062"/>
    </p0826-teimww:occursIn>
  </p0826-teimww:passage>
  <p0826-teimww:passage id="ww_91ad182437d2217a">
    <knoraXmlImport:label>passage</knoraXmlImport:label>
    <p0826-teimww:contains>
      <p0826-teimww:lexia knoraType="link_value" linkType="ref" target="ww_3934d539cabd899b"/>
    </p0826-teimww:contains>
    <p0826-teimww:contains>
      <p0826-teimww:lexia knoraType="link_value" linkType="ref" target="ww_756ac24d79e7a5b8"/>
    </p0826-teimww:contains>
    <p0826-teimww:hasPage knoraType="richtext_value">55 [normalized spelling].</p0826-teimww:hasPage>
    <p0826-teimww:hasPageHist knoraType="richtext_value">55.</p0826-teimww:hasPageHist>
    <p0826-teimww:hasText knoraType="richtext_value">[Queen:] &lt;span class="quote"&gt;What French Neronian spirit have we here?&lt;/span&gt;&lt;br&gt;
Insolent boy, wilt thou turn Parricide? </p0826-teimww:hasText>
    <p0826-teimww:hasTextHist knoraType="richtext_value">[Queen:] &lt;span class="quote"&gt;What French Neronian spirit have we here?&lt;/span&gt;&lt;br&gt;
Insolent boy, wilt thou turn Paricide? </p0826-teimww:hasTextHist>
    <p0826-teimww:isMentionedIn>
      <p0826-teimww:passage knoraType="link_value" linkType="ref" target="ww_36740f6f02fc20c9"/>
    </p0826-teimww:isMentionedIn>
    <p0826-teimww:occursIn>
      <p0826-teimww:book knoraType="link_value" linkType="ref" target="ww_c8ca0bdc1413defb"/>
    </p0826-teimww:occursIn>
    <p0826-teimww:wasContributedBy>
      <p0826-teimww:person knoraType="link_value" linkType="ref" target="ww_c4063e9c72a3ffd2"/>
    </p0826-teimww:wasContributedBy>
  </p0826-teimww:passage>
  <p0826-teimww:passage id="ww_36740f6f02fc20c9">
    <knoraXmlImport:label>passage</knoraXmlImport:label>
    <p0826-teimww:occursIn>
      <p0826-teimww:book knoraType="link_value" linkType="ref" target="ww_5868d5560bdfc062"/>
    </p0826-teimww:occursIn>
  </p0826-teimww:passage>
  <p0826-teimww:passage id="ww_6e03506358e0e8c9">
    <knoraXmlImport:label>passage</knoraXmlImport:label>
    <p0826-teimww:contains>
      <p0826-teimww:lexia knoraType="link_value" linkType="ref" target="ww_f9cd14a1eba73681"/>
    </p0826-teimww:contains>
    <p0826-teimww:hasPage knoraType="richtext_value">43; act 3, scene 2, line 412 [normalized spelling].</p0826-teimww:hasPage>
    <p0826-teimww:hasPageHist knoraType="richtext_value">43; act 3, scene 2, line 412.</p0826-teimww:hasPageHist>
    <p0826-teimww:hasText knoraType="richtext_value">[Clovis:] &lt;span class="quote"&gt;I'll tear him all to pieces &lt;/span&gt;then [...].</p0826-teimww:hasText>
    <p0826-teimww:hasTextHist knoraType="richtext_value">[Clovis:] I'l tear him all to pieces then [...].</p0826-teimww:hasTextHist>
    <p0826-teimww:isMentionedIn>
      <p0826-teimww:passage knoraType="link_value" linkType="ref" target="ww_47741d5167e069df"/>
    </p0826-teimww:isMentionedIn>
    <p0826-teimww:occursIn>
      <p0826-teimww:book knoraType="link_value" linkType="ref" target="ww_c8ca0bdc1413defb"/>
    </p0826-teimww:occursIn>
    <p0826-teimww:wasContributedBy>
      <p0826-teimww:person knoraType="link_value" linkType="ref" target="ww_c4063e9c72a3ffd2"/>
    </p0826-teimww:wasContributedBy>
  </p0826-teimww:passage>
  <p0826-teimww:passage id="ww_784345580b7f2614">
    <knoraXmlImport:label>passage</knoraXmlImport:label>
    <p0826-teimww:contains>
      <p0826-teimww:lexia knoraType="link_value" linkType="ref" target="ww_3177db490410f7b4"/>
    </p0826-teimww:contains>
    <p0826-teimww:contains>
      <p0826-teimww:lexia knoraType="link_value" linkType="ref" target="ww_7315936ecc2c376d"/>
    </p0826-teimww:contains>
    <p0826-teimww:hasPage knoraType="richtext_value">48.</p0826-teimww:hasPage>
    <p0826-teimww:hasText knoraType="richtext_value">[Clotair:] [...] lock up in me&lt;br&gt;
The Organs of remorse, all faculties&lt;br&gt;
That write me man, or mankind; create&lt;br&gt;
&lt;span class="quote"&gt;A spirit of horror in me, apt me to look&lt;br&gt;
Upon such deeds nature would tremble at,&lt;/span&gt;&lt;br&gt;
And the discreet&lt;span class="quote"&gt; composure of the world&lt;br&gt;
Melt and dissolve to nothing&lt;/span&gt;, whilst I unmov'd&lt;br&gt;
Smile at the alteration [...]</p0826-teimww:hasText>
    <p0826-teimww:isMentionedIn>
      <p0826-teimww:passage knoraType="link_value" linkType="ref" target="ww_8cf2ddd3ed1e2d6e"/>
    </p0826-teimww:isMentionedIn>
    <p0826-teimww:occursIn>
      <p0826-teimww:book knoraType="link_value" linkType="ref" target="ww_c8ca0bdc1413defb"/>
    </p0826-teimww:occursIn>
    <p0826-teimww:wasContributedBy>
      <p0826-teimww:person knoraType="link_value" linkType="ref" target="ww_c4063e9c72a3ffd2"/>
    </p0826-teimww:wasContributedBy>
  </p0826-teimww:passage>
  <p0826-teimww:passage id="ww_8cf2ddd3ed1e2d6e">
    <knoraXmlImport:label>passage</knoraXmlImport:label>
    <p0826-teimww:occursIn>
      <p0826-teimww:book knoraType="link_value" linkType="ref" target="ww_5868d5560bdfc062"/>
    </p0826-teimww:occursIn>
  </p0826-teimww:passage>
  <p0826-teimww:passage id="ww_1c5c60306848e4d1">
    <knoraXmlImport:label>passage</knoraXmlImport:label>
    <p0826-teimww:contains>
      <p0826-teimww:lexia knoraType="link_value" linkType="ref" target="ww_5c26b5996b6a59aa"/>
    </p0826-teimww:contains>
    <p0826-teimww:hasPage knoraType="richtext_value">44; act 4, scene 1, lines 40-41.</p0826-teimww:hasPage>
    <p0826-teimww:hasText knoraType="richtext_value">[Clothair:] [...] &lt;span class"quote"&gt;kiss me sweet, &lt;/span&gt;&lt;br&gt;
[Kisses her.] &lt;br&gt; 
&lt;span class="quote"&gt;There's no deceit lies here &lt;/span&gt;[...].</p0826-teimww:hasText>
    <p0826-teimww:isMentionedIn>
      <p0826-teimww:passage knoraType="link_value" linkType="ref" target="ww_397df3d5b395a3b6"/>
    </p0826-teimww:isMentionedIn>
    <p0826-teimww:occursIn>
      <p0826-teimww:book knoraType="link_value" linkType="ref" target="ww_c8ca0bdc1413defb"/>
    </p0826-teimww:occursIn>
    <p0826-teimww:wasContributedBy>
      <p0826-teimww:person knoraType="link_value" linkType="ref" target="ww_c4063e9c72a3ffd2"/>
    </p0826-teimww:wasContributedBy>
  </p0826-teimww:passage>
  <p0826-teimww:passage id="ww_397df3d5b395a3b6">
    <knoraXmlImport:label>passage</knoraXmlImport:label>
    <p0826-teimww:occursIn>
      <p0826-teimww:book knoraType="link_value" linkType="ref" target="ww_5868d5560bdfc062"/>
    </p0826-teimww:occursIn>
  </p0826-teimww:passage>
  <p0826-teimww:passage id="ww_7202a693105de657">
    <knoraXmlImport:label>passage</knoraXmlImport:label>
    <p0826-teimww:contains>
      <p0826-teimww:lexia knoraType="link_value" linkType="ref" target="ww_8729b05531dca457"/>
    </p0826-teimww:contains>
    <p0826-teimww:contains>
      <p0826-teimww:lexia knoraType="link_value" linkType="ref" target="ww_c42b9098ed0f1834"/>
    </p0826-teimww:contains>
    <p0826-teimww:hasPage knoraType="richtext_value">27.</p0826-teimww:hasPage>
    <p0826-teimww:hasText knoraType="richtext_value">[Queen:] [...] But tell me &lt;i&gt;Landrey,&lt;/i&gt; how did I play the mother;&lt;br&gt;
Did not I seem &lt;span class="quote"&gt;a &lt;i&gt;Niobe &lt;/i&gt;in passion,&lt;br&gt;
A deluge of salt tears?&lt;/span&gt;</p0826-teimww:hasText>
    <p0826-teimww:isMentionedIn>
      <p0826-teimww:passage knoraType="link_value" linkType="ref" target="ww_c42b84daf8bdd2b6"/>
    </p0826-teimww:isMentionedIn>
    <p0826-teimww:occursIn>
      <p0826-teimww:book knoraType="link_value" linkType="ref" target="ww_c8ca0bdc1413defb"/>
    </p0826-teimww:occursIn>
    <p0826-teimww:wasContributedBy>
      <p0826-teimww:person knoraType="link_value" linkType="ref" target="ww_c4063e9c72a3ffd2"/>
    </p0826-teimww:wasContributedBy>
  </p0826-teimww:passage>
  <p0826-teimww:passage id="ww_c42b84daf8bdd2b6">
    <knoraXmlImport:label>passage</knoraXmlImport:label>
    <p0826-teimww:occursIn>
      <p0826-teimww:book knoraType="link_value" linkType="ref" target="ww_5868d5560bdfc062"/>
    </p0826-teimww:occursIn>
  </p0826-teimww:passage>
  <p0826-teimww:passage id="ww_f01dd821f9c6fe34">
    <knoraXmlImport:label>passage</knoraXmlImport:label>
    <p0826-teimww:contains>
      <p0826-teimww:lexia knoraType="link_value" linkType="ref" target="ww_da2ab5d68ce5b240"/>
    </p0826-teimww:contains>
    <p0826-teimww:hasPage knoraType="richtext_value">24.</p0826-teimww:hasPage>
    <p0826-teimww:hasText knoraType="richtext_value">[Clovis:] [...] Oh King,&lt;br&gt;
For I am &lt;span class="quote"&gt;swift as thought that executes.</p0826-teimww:hasText>
    <p0826-teimww:isMentionedIn>
      <p0826-teimww:passage knoraType="link_value" linkType="ref" target="ww_eb0f68fee7f90604"/>
    </p0826-teimww:isMentionedIn>
    <p0826-teimww:occursIn>
      <p0826-teimww:book knoraType="link_value" linkType="ref" target="ww_c8ca0bdc1413defb"/>
    </p0826-teimww:occursIn>
    <p0826-teimww:wasContributedBy>
      <p0826-teimww:person knoraType="link_value" linkType="ref" target="ww_c4063e9c72a3ffd2"/>
    </p0826-teimww:wasContributedBy>
  </p0826-teimww:passage>
  <p0826-teimww:passage id="ww_eb0f68fee7f90604">
    <knoraXmlImport:label>passage</knoraXmlImport:label>
    <p0826-teimww:occursIn>
      <p0826-teimww:book knoraType="link_value" linkType="ref" target="ww_5868d5560bdfc062"/>
    </p0826-teimww:occursIn>
  </p0826-teimww:passage>
  <p0826-teimww:passage id="ww_9ff0e88db317fcb5">
    <knoraXmlImport:label>passage</knoraXmlImport:label>
    <p0826-teimww:contains>
      <p0826-teimww:lexia knoraType="link_value" linkType="ref" target="ww_6200131ca51009bb"/>
    </p0826-teimww:contains>
    <p0826-teimww:hasPage knoraType="richtext_value">67; act 5, scene 2, lines 354-355.</p0826-teimww:hasPage>
    <p0826-teimww:hasText knoraType="richtext_value">[Clothair:] [...] It is &lt;span class="quote"&gt;not murder, &lt;/span&gt;tender-hearted fool &lt;br&gt;
Which thou commitst, &lt;span class="quote"&gt;rather a sacrifice &lt;/span&gt;[...].</p0826-teimww:hasText>
    <p0826-teimww:isMentionedIn>
      <p0826-teimww:passage knoraType="link_value" linkType="ref" target="ww_47741d5167e069df"/>
    </p0826-teimww:isMentionedIn>
    <p0826-teimww:occursIn>
      <p0826-teimww:book knoraType="link_value" linkType="ref" target="ww_c8ca0bdc1413defb"/>
    </p0826-teimww:occursIn>
    <p0826-teimww:wasContributedBy>
      <p0826-teimww:person knoraType="link_value" linkType="ref" target="ww_c4063e9c72a3ffd2"/>
    </p0826-teimww:wasContributedBy>
  </p0826-teimww:passage>
  <p0826-teimww:passage id="ww_8b83f6fcc923e0d6">
    <knoraXmlImport:label>passage</knoraXmlImport:label>
    <p0826-teimww:contains>
      <p0826-teimww:lexia knoraType="link_value" linkType="ref" target="ww_6f3b9a162cbc0aea"/>
    </p0826-teimww:contains>
    <p0826-teimww:hasPage knoraType="richtext_value">48 [normalized spelling].</p0826-teimww:hasPage>
    <p0826-teimww:hasPageHist knoraType="richtext_value">48.</p0826-teimww:hasPageHist>
    <p0826-teimww:hasText knoraType="richtext_value">[Queen:] I grant th'as great a Basilisk as he,&lt;br&gt;
As thou art merely man; but &lt;span class="quote"&gt;as thy King&lt;br&gt;
Divinity doth prop him, &lt;/span&gt;he stands firm&lt;br&gt;
That builds on that foundation</p0826-teimww:hasText>
    <p0826-teimww:hasTextHist knoraType="richtext_value">[Queen:] I grant th'as great a Basiliske as he,&lt;br&gt;
As thou art meerly man; but &lt;span class="quote"&gt;as thy King&lt;br&gt;
Divinity doth prop him, &lt;/span&gt;he stands firm&lt;br&gt;
That builds on that foundation</p0826-teimww:hasTextHist>
    <p0826-teimww:isMentionedIn>
      <p0826-teimww:passage knoraType="link_value" linkType="ref" target="ww_7b6ccfa1edeb131e"/>
    </p0826-teimww:isMentionedIn>
    <p0826-teimww:occursIn>
      <p0826-teimww:book knoraType="link_value" linkType="ref" target="ww_c8ca0bdc1413defb"/>
    </p0826-teimww:occursIn>
    <p0826-teimww:wasContributedBy>
      <p0826-teimww:person knoraType="link_value" linkType="ref" target="ww_c4063e9c72a3ffd2"/>
    </p0826-teimww:wasContributedBy>
  </p0826-teimww:passage>
  <p0826-teimww:passage id="ww_7b6ccfa1edeb131e">
    <knoraXmlImport:label>passage</knoraXmlImport:label>
    <p0826-teimww:occursIn>
      <p0826-teimww:book knoraType="link_value" linkType="ref" target="ww_5868d5560bdfc062"/>
    </p0826-teimww:occursIn>
  </p0826-teimww:passage>
  <p0826-teimww:passage id="ww_dd1513adb5374d55">
    <knoraXmlImport:label>passage</knoraXmlImport:label>
    <p0826-teimww:contains>
      <p0826-teimww:lexia knoraType="link_value" linkType="ref" target="ww_378ff84bbd948d23"/>
    </p0826-teimww:contains>
    <p0826-teimww:hasPage knoraType="richtext_value">12; act 1, scene 2, lines 95-96 [spelling normalized].</p0826-teimww:hasPage>
    <p0826-teimww:hasPageHist knoraType="richtext_value">12; act 1, scene 2, lines 95-96.</p0826-teimww:hasPageHist>
    <p0826-teimww:hasText knoraType="richtext_value">[Queen:] [...] &lt;span class="quote"&gt;sure thou hast bought &lt;br&gt;
A pair of cast lips of the chaste &lt;i&gt;Diana's&lt;/i&gt;&lt;/span&gt; [...].</p0826-teimww:hasText>
    <p0826-teimww:hasTextHist knoraType="richtext_value">[Queen:][...] sure thou hast bought &lt;br&gt;
A paire of cast lips of the chast &lt;i&gt;Diana's&lt;/i&gt; [...].</p0826-teimww:hasTextHist>
    <p0826-teimww:isMentionedIn>
      <p0826-teimww:passage knoraType="link_value" linkType="ref" target="ww_8b40f592b8953d05"/>
    </p0826-teimww:isMentionedIn>
    <p0826-teimww:occursIn>
      <p0826-teimww:book knoraType="link_value" linkType="ref" target="ww_c8ca0bdc1413defb"/>
    </p0826-teimww:occursIn>
    <p0826-teimww:wasContributedBy>
      <p0826-teimww:person knoraType="link_value" linkType="ref" target="ww_b604df587d93b768"/>
    </p0826-teimww:wasContributedBy>
  </p0826-teimww:passage>
  <p0826-teimww:passage id="ww_8ea0e1782e72b510">
    <knoraXmlImport:label>passage</knoraXmlImport:label>
    <p0826-teimww:contains>
      <p0826-teimww:lexia knoraType="link_value" linkType="ref" target="ww_43589a3fe664bb62"/>
    </p0826-teimww:contains>
    <p0826-teimww:hasPage knoraType="richtext_value">N.p.; act 3, scene 1, lines 130-131 [normalized spelling].</p0826-teimww:hasPage>
    <p0826-teimww:hasPageHist knoraType="richtext_value">N.p.; act 3, scene 1, lines 130-131.</p0826-teimww:hasPageHist>
    <p0826-teimww:hasText knoraType="richtext_value">[Clotair:] [...]&lt;span class="quote"&gt; my passions but like lightning &lt;br&gt;
Flash and away, dead e'er we say it is. &lt;/span&gt;</p0826-teimww:hasText>
    <p0826-teimww:hasTextHist knoraType="richtext_value">[Clota:] [...]&lt;span class="quote"&gt; my passions but like lightning &lt;br&gt;
Flash and away, dead e'er we say it is. &lt;/span&gt;</p0826-teimww:hasTextHist>
    <p0826-teimww:isMentionedIn>
      <p0826-teimww:passage knoraType="link_value" linkType="ref" target="ww_ae5d4b8eed0db4c9"/>
    </p0826-teimww:isMentionedIn>
    <p0826-teimww:occursIn>
      <p0826-teimww:book knoraType="link_value" linkType="ref" target="ww_c8ca0bdc1413defb"/>
    </p0826-teimww:occursIn>
    <p0826-teimww:wasContributedBy>
      <p0826-teimww:person knoraType="link_value" linkType="ref" target="ww_7f35f6802efd910d"/>
    </p0826-teimww:wasContributedBy>
  </p0826-teimww:passage>
  <p0826-teimww:passage id="ww_5b2a49851e9717b9">
    <knoraXmlImport:label>passage</knoraXmlImport:label>
    <p0826-teimww:contains>
      <p0826-teimww:lexia knoraType="link_value" linkType="ref" target="ww_72ecb3fc759c0245"/>
    </p0826-teimww:contains>
    <p0826-teimww:hasPage knoraType="richtext_value">I2 verso; act 5, scene 2, lines 229-231 [normalised spelling].</p0826-teimww:hasPage>
    <p0826-teimww:hasPageHist knoraType="richtext_value">I2 verso; act 5, scene 2, lines 229-231.</p0826-teimww:hasPageHist>
    <p0826-teimww:hasText knoraType="richtext_value">[Aphelia:] I'll force a gentler nature in the steel, &lt;br&gt;
And with my rainy eyes weep out their heat; &lt;br&gt;
Which as it dies should &lt;span class="quote"&gt;hiss it self to scorn &lt;/span&gt;[...].</p0826-teimww:hasText>
    <p0826-teimww:hasTextHist knoraType="richtext_value">[Aphelia:] I'l force a gentler nature in the steel, &lt;br&gt;
And with my rainy eies weep out their heat; &lt;br&gt;
Which as it dies should hiss it self to scorn </p0826-teimww:hasTextHist>
    <p0826-teimww:isMentionedIn>
      <p0826-teimww:passage knoraType="link_value" linkType="ref" target="ww_ae5d4b8eed0db4c9"/>
    </p0826-teimww:isMentionedIn>
    <p0826-teimww:occursIn>
      <p0826-teimww:book knoraType="link_value" linkType="ref" target="ww_c8ca0bdc1413defb"/>
    </p0826-teimww:occursIn>
    <p0826-teimww:wasContributedBy>
      <p0826-teimww:person knoraType="link_value" linkType="ref" target="ww_7f35f6802efd910d"/>
    </p0826-teimww:wasContributedBy>
  </p0826-teimww:passage>
  <p0826-teimww:passage id="ww_72ccdeccae445d5a">
    <knoraXmlImport:label>passage</knoraXmlImport:label>
    <p0826-teimww:contains>
      <p0826-teimww:lexia knoraType="link_value" linkType="ref" target="ww_87320a89b96d2ab2"/>
    </p0826-teimww:contains>
    <p0826-teimww:hasPage knoraType="richtext_value">N.p.; act 5, scene 2, line 192.</p0826-teimww:hasPage>
    <p0826-teimww:hasText knoraType="richtext_value">[Clotair:] &lt;span class="quote"&gt;No more of that, it tends to madness &lt;/span&gt;[...].</p0826-teimww:hasText>
    <p0826-teimww:isMentionedIn>
      <p0826-teimww:passage knoraType="link_value" linkType="ref" target="ww_ae5d4b8eed0db4c9"/>
    </p0826-teimww:isMentionedIn>
    <p0826-teimww:occursIn>
      <p0826-teimww:book knoraType="link_value" linkType="ref" target="ww_c8ca0bdc1413defb"/>
    </p0826-teimww:occursIn>
    <p0826-teimww:wasContributedBy>
      <p0826-teimww:person knoraType="link_value" linkType="ref" target="ww_7f35f6802efd910d"/>
    </p0826-teimww:wasContributedBy>
  </p0826-teimww:passage>
  <p0826-teimww:passage id="ww_49344abb6e143df2">
    <knoraXmlImport:label>passage</knoraXmlImport:label>
    <p0826-teimww:contains>
      <p0826-teimww:lexia knoraType="link_value" linkType="ref" target="ww_11c23445367442e1"/>
    </p0826-teimww:contains>
    <p0826-teimww:hasPage knoraType="richtext_value">N.p.; act 5, scene 2, lines 42-43 [normalised spelling].</p0826-teimww:hasPage>
    <p0826-teimww:hasText knoraType="richtext_value">[Landrey:] &lt;span class="quote"&gt;Poor unfed sides &lt;/span&gt;that pass along the street, &lt;br&gt;
I now am sensible of what ye want [...].</p0826-teimww:hasText>
    <p0826-teimww:isMentionedIn>
      <p0826-teimww:passage knoraType="link_value" linkType="ref" target="ww_ae5d4b8eed0db4c9"/>
    </p0826-teimww:isMentionedIn>
    <p0826-teimww:occursIn>
      <p0826-teimww:book knoraType="link_value" linkType="ref" target="ww_c8ca0bdc1413defb"/>
    </p0826-teimww:occursIn>
    <p0826-teimww:wasContributedBy>
      <p0826-teimww:person knoraType="link_value" linkType="ref" target="ww_7f35f6802efd910d"/>
    </p0826-teimww:wasContributedBy>
  </p0826-teimww:passage>
  <p0826-teimww:passage id="ww_5742934297a1f4dd">
    <knoraXmlImport:label>passage</knoraXmlImport:label>
    <p0826-teimww:contains>
      <p0826-teimww:lexia knoraType="link_value" linkType="ref" target="ww_ba64d44c0eb53bb7"/>
    </p0826-teimww:contains>
    <p0826-teimww:hasPage knoraType="richtext_value">11 [normalized spelling].</p0826-teimww:hasPage>
    <p0826-teimww:hasPageHist knoraType="richtext_value">11.</p0826-teimww:hasPageHist>
    <p0826-teimww:hasText knoraType="richtext_value">[Queen:] &lt;span class="quote"&gt;Within the clothed circle of mine eyes,&lt;br&gt;
Anchor thy fingers; alas, thy nails are par'd.&lt;/span&gt;</p0826-teimww:hasText>
    <p0826-teimww:hasTextHist knoraType="richtext_value">&lt;span class="quote"&gt;Within the cloathed circle of mine eyes,&lt;br&gt;
Anchor thy fingers; alas, thy nails are par'd.&lt;/span&gt;</p0826-teimww:hasTextHist>
    <p0826-teimww:isMentionedIn>
      <p0826-teimww:passage knoraType="link_value" linkType="ref" target="ww_4c2f620601a681e1"/>
    </p0826-teimww:isMentionedIn>
    <p0826-teimww:occursIn>
      <p0826-teimww:book knoraType="link_value" linkType="ref" target="ww_c8ca0bdc1413defb"/>
    </p0826-teimww:occursIn>
    <p0826-teimww:wasContributedBy>
      <p0826-teimww:person knoraType="link_value" linkType="ref" target="ww_c4063e9c72a3ffd2"/>
    </p0826-teimww:wasContributedBy>
  </p0826-teimww:passage>
  <p0826-teimww:passage id="ww_4c2f620601a681e1">
    <knoraXmlImport:label>passage</knoraXmlImport:label>
    <p0826-teimww:occursIn>
      <p0826-teimww:book knoraType="link_value" linkType="ref" target="ww_5868d5560bdfc062"/>
    </p0826-teimww:occursIn>
  </p0826-teimww:passage>
  <p0826-teimww:passage id="ww_7ff8ee624afeb233">
    <knoraXmlImport:label>passage</knoraXmlImport:label>
    <p0826-teimww:contains>
      <p0826-teimww:lexia knoraType="link_value" linkType="ref" target="ww_042a16a76004ac3e"/>
    </p0826-teimww:contains>
    <p0826-teimww:hasPage knoraType="richtext_value">N.p.; act 2, scene 2, line 189.</p0826-teimww:hasPage>
    <p0826-teimww:hasText knoraType="richtext_value">[Queen:] Let thy hand &lt;span class="quote"&gt;sacrifice not butcher him.&lt;/span&gt;</p0826-teimww:hasText>
    <p0826-teimww:isMentionedIn>
      <p0826-teimww:passage knoraType="link_value" linkType="ref" target="ww_2def0e55063f7e6f"/>
    </p0826-teimww:isMentionedIn>
    <p0826-teimww:occursIn>
      <p0826-teimww:book knoraType="link_value" linkType="ref" target="ww_c8ca0bdc1413defb"/>
    </p0826-teimww:occursIn>
    <p0826-teimww:wasContributedBy>
      <p0826-teimww:person knoraType="link_value" linkType="ref" target="ww_7f35f6802efd910d"/>
    </p0826-teimww:wasContributedBy>
  </p0826-teimww:passage>
  <p0826-teimww:passage id="ww_2def0e55063f7e6f">
    <knoraXmlImport:label>passage</knoraXmlImport:label>
    <p0826-teimww:occursIn>
      <p0826-teimww:book knoraType="link_value" linkType="ref" target="ww_5868d5560bdfc062"/>
    </p0826-teimww:occursIn>
  </p0826-teimww:passage>
  <p0826-teimww:passage id="ww_dcd4681515288ad0">
    <knoraXmlImport:label>passage</knoraXmlImport:label>
    <p0826-teimww:contains>
      <p0826-teimww:lexia knoraType="link_value" linkType="ref" target="ww_2a48f5ba135993f9"/>
    </p0826-teimww:contains>
    <p0826-teimww:hasPage knoraType="richtext_value">N.p.</p0826-teimww:hasPage>
    <p0826-teimww:hasText knoraType="richtext_value">[Charles Brissac:] My noble Father -&lt;br&gt;
[Old Brissac:] Tut, tut, tut! &lt;span class="quote"&gt;Noble me [no] nobles, nor Father me No Fathers.&lt;/span&gt; &lt;br&gt;</p0826-teimww:hasText>
    <p0826-teimww:isMentionedIn>
      <p0826-teimww:passage knoraType="link_value" linkType="ref" target="ww_5e9f5da32e48d3f8"/>
    </p0826-teimww:isMentionedIn>
    <p0826-teimww:occursIn>
      <p0826-teimww:book knoraType="link_value" linkType="ref" target="ww_c8ca0bdc1413defb"/>
    </p0826-teimww:occursIn>
    <p0826-teimww:wasContributedBy>
      <p0826-teimww:person knoraType="link_value" linkType="ref" target="ww_c4063e9c72a3ffd2"/>
    </p0826-teimww:wasContributedBy>
  </p0826-teimww:passage>
  <p0826-teimww:passage id="ww_5e9f5da32e48d3f8">
    <knoraXmlImport:label>passage</knoraXmlImport:label>
    <p0826-teimww:occursIn>
      <p0826-teimww:book knoraType="link_value" linkType="ref" target="ww_5868d5560bdfc062"/>
    </p0826-teimww:occursIn>
  </p0826-teimww:passage>
  <p0826-teimww:passage id="ww_556ea9828336394b">
    <knoraXmlImport:label>passage</knoraXmlImport:label>
    <p0826-teimww:contains>
      <p0826-teimww:lexia knoraType="link_value" linkType="ref" target="ww_2f8e7c23e3e27783"/>
    </p0826-teimww:contains>
    <p0826-teimww:hasPage knoraType="richtext_value">62.</p0826-teimww:hasPage>
    <p0826-teimww:hasText knoraType="richtext_value">[Aphalia:] &lt;span class="quote"&gt;Commend me to my Lord. &lt;/span&gt;</p0826-teimww:hasText>
    <p0826-teimww:isMentionedIn>
      <p0826-teimww:passage knoraType="link_value" linkType="ref" target="ww_7722ae6217868358"/>
    </p0826-teimww:isMentionedIn>
    <p0826-teimww:occursIn>
      <p0826-teimww:book knoraType="link_value" linkType="ref" target="ww_c8ca0bdc1413defb"/>
    </p0826-teimww:occursIn>
    <p0826-teimww:wasContributedBy>
      <p0826-teimww:person knoraType="link_value" linkType="ref" target="ww_c4063e9c72a3ffd2"/>
    </p0826-teimww:wasContributedBy>
  </p0826-teimww:passage>
  <p0826-teimww:passage id="ww_7722ae6217868358">
    <knoraXmlImport:label>passage</knoraXmlImport:label>
    <p0826-teimww:occursIn>
      <p0826-teimww:book knoraType="link_value" linkType="ref" target="ww_5868d5560bdfc062"/>
    </p0826-teimww:occursIn>
  </p0826-teimww:passage>
  <p0826-teimww:passage id="ww_d163917e509be1a8">
    <knoraXmlImport:label>passage</knoraXmlImport:label>
    <p0826-teimww:contains>
      <p0826-teimww:lexia knoraType="link_value" linkType="ref" target="ww_d27ad72706d05bc9"/>
    </p0826-teimww:contains>
    <p0826-teimww:contains>
      <p0826-teimww:lexia knoraType="link_value" linkType="ref" target="ww_523964e6cfb4d2fa"/>
    </p0826-teimww:contains>
    <p0826-teimww:hasPage knoraType="richtext_value">29 [normalized spelling].</p0826-teimww:hasPage>
    <p0826-teimww:hasPageHist knoraType="richtext_value">29.</p0826-teimww:hasPageHist>
    <p0826-teimww:hasText knoraType="richtext_value">[Queen:] [...] Thy brother's ghost, &lt;span class="quote"&gt;young &lt;i&gt;Clovis&lt;/i&gt; Ghost in arms&lt;/span&gt;&lt;br&gt;
Has &lt;span class="quote"&gt;thrice appear'd to me this dismal night.&lt;/span&gt;</p0826-teimww:hasText>
    <p0826-teimww:hasTextHist knoraType="richtext_value">[Queen:] [...] &lt;span class="quote"&gt;Thy brother's ghost, young &lt;i&gt;Clovis&lt;/i&gt; Ghost in armes&lt;br&gt;
Has thrice appear'd to me this dismall night.&lt;/span&gt;</p0826-teimww:hasTextHist>
    <p0826-teimww:isMentionedIn>
      <p0826-teimww:passage knoraType="link_value" linkType="ref" target="ww_6b3c26e04148bbdf"/>
    </p0826-teimww:isMentionedIn>
    <p0826-teimww:occursIn>
      <p0826-teimww:book knoraType="link_value" linkType="ref" target="ww_c8ca0bdc1413defb"/>
    </p0826-teimww:occursIn>
    <p0826-teimww:wasContributedBy>
      <p0826-teimww:person knoraType="link_value" linkType="ref" target="ww_c4063e9c72a3ffd2"/>
    </p0826-teimww:wasContributedBy>
  </p0826-teimww:passage>
  <p0826-teimww:passage id="ww_6b3c26e04148bbdf">
    <knoraXmlImport:label>passage</knoraXmlImport:label>
    <p0826-teimww:occursIn>
      <p0826-teimww:book knoraType="link_value" linkType="ref" target="ww_5868d5560bdfc062"/>
    </p0826-teimww:occursIn>
  </p0826-teimww:passage>
  <p0826-teimww:passage id="ww_2ff5cdc06325f7d4">
    <knoraXmlImport:label>passage</knoraXmlImport:label>
    <p0826-teimww:contains>
      <p0826-teimww:lexia knoraType="link_value" linkType="ref" target="ww_d27ad72706d05bc9"/>
    </p0826-teimww:contains>
    <p0826-teimww:hasPage knoraType="richtext_value">30.</p0826-teimww:hasPage>
    <p0826-teimww:hasText knoraType="richtext_value">[Clotair:] &lt;span class="quote"&gt;My brother's spirit in arms, &lt;/span&gt;I swear it came forth here&lt;br&gt;
Out of my Mothers Chamber as I knockt.</p0826-teimww:hasText>
    <p0826-teimww:isMentionedIn>
      <p0826-teimww:passage knoraType="link_value" linkType="ref" target="ww_361a1a89eed905d2"/>
    </p0826-teimww:isMentionedIn>
    <p0826-teimww:occursIn>
      <p0826-teimww:book knoraType="link_value" linkType="ref" target="ww_c8ca0bdc1413defb"/>
    </p0826-teimww:occursIn>
    <p0826-teimww:wasContributedBy>
      <p0826-teimww:person knoraType="link_value" linkType="ref" target="ww_c4063e9c72a3ffd2"/>
    </p0826-teimww:wasContributedBy>
  </p0826-teimww:passage>
  <p0826-teimww:passage id="ww_361a1a89eed905d2">
    <knoraXmlImport:label>passage</knoraXmlImport:label>
    <p0826-teimww:occursIn>
      <p0826-teimww:book knoraType="link_value" linkType="ref" target="ww_5868d5560bdfc062"/>
    </p0826-teimww:occursIn>
  </p0826-teimww:passage>
  <p0826-teimww:passage id="ww_a80087091ee95a85">
    <knoraXmlImport:label>passage</knoraXmlImport:label>
    <p0826-teimww:contains>
      <p0826-teimww:lexia knoraType="link_value" linkType="ref" target="ww_2da23fa7176338e2"/>
    </p0826-teimww:contains>
    <p0826-teimww:contains>
      <p0826-teimww:lexia knoraType="link_value" linkType="ref" target="ww_618e4980a7f997fd"/>
    </p0826-teimww:contains>
    <p0826-teimww:hasPage knoraType="richtext_value">30.</p0826-teimww:hasPage>
    <p0826-teimww:hasText knoraType="richtext_value">[Crotilda as the eunuch Castrato:] &lt;span class="quote"&gt;Was it in Armour, said you?&lt;/span&gt;&lt;br&gt;
[Clotair:]
&lt;span class="quote"&gt;Yes in that Armor he was us'd to wear&lt;br&gt;
When we have run at tilt.&lt;/span&gt;</p0826-teimww:hasText>
    <p0826-teimww:isMentionedIn>
      <p0826-teimww:passage knoraType="link_value" linkType="ref" target="ww_18dbc5a8e220884f"/>
    </p0826-teimww:isMentionedIn>
    <p0826-teimww:occursIn>
      <p0826-teimww:book knoraType="link_value" linkType="ref" target="ww_c8ca0bdc1413defb"/>
    </p0826-teimww:occursIn>
    <p0826-teimww:wasContributedBy>
      <p0826-teimww:person knoraType="link_value" linkType="ref" target="ww_c4063e9c72a3ffd2"/>
    </p0826-teimww:wasContributedBy>
  </p0826-teimww:passage>
  <p0826-teimww:passage id="ww_18dbc5a8e220884f">
    <knoraXmlImport:label>passage</knoraXmlImport:label>
    <p0826-teimww:occursIn>
      <p0826-teimww:book knoraType="link_value" linkType="ref" target="ww_5868d5560bdfc062"/>
    </p0826-teimww:occursIn>
  </p0826-teimww:passage>
  <p0826-teimww:passage id="ww_2eff896b8bb6a3bf">
    <knoraXmlImport:label>passage</knoraXmlImport:label>
    <p0826-teimww:contains>
      <p0826-teimww:lexia knoraType="link_value" linkType="ref" target="ww_0e3667b68804cca5"/>
    </p0826-teimww:contains>
    <p0826-teimww:hasPage knoraType="richtext_value">28.</p0826-teimww:hasPage>
    <p0826-teimww:hasText knoraType="richtext_value">[Queen:] [...] &lt;span class="quote"&gt;Appearing in his Brother's warlike form&lt;/span&gt; [...].</p0826-teimww:hasText>
    <p0826-teimww:isMentionedIn>
      <p0826-teimww:passage knoraType="link_value" linkType="ref" target="ww_98ce770a8f519219"/>
    </p0826-teimww:isMentionedIn>
    <p0826-teimww:occursIn>
      <p0826-teimww:book knoraType="link_value" linkType="ref" target="ww_c8ca0bdc1413defb"/>
    </p0826-teimww:occursIn>
    <p0826-teimww:wasContributedBy>
      <p0826-teimww:person knoraType="link_value" linkType="ref" target="ww_c4063e9c72a3ffd2"/>
    </p0826-teimww:wasContributedBy>
  </p0826-teimww:passage>
  <p0826-teimww:passage id="ww_98ce770a8f519219">
    <knoraXmlImport:label>passage</knoraXmlImport:label>
    <p0826-teimww:occursIn>
      <p0826-teimww:book knoraType="link_value" linkType="ref" target="ww_5868d5560bdfc062"/>
    </p0826-teimww:occursIn>
  </p0826-teimww:passage>
  <p0826-teimww:passage id="ww_abc6fb1cc681fb66">
    <knoraXmlImport:label>passage</knoraXmlImport:label>
    <p0826-teimww:contains>
      <p0826-teimww:lexia knoraType="link_value" linkType="ref" target="ww_cd8cb3696f75b490"/>
    </p0826-teimww:contains>
    <p0826-teimww:hasPage knoraType="richtext_value">5.</p0826-teimww:hasPage>
    <p0826-teimww:hasText knoraType="richtext_value">[Dumaine:] We are not safe Lamot; this bawdie peace&lt;br&gt;
Begets a war within me; our swords worn&lt;br&gt;
For Ornament, not use; the Drum &amp; Trumpet&lt;br&gt;
Sing drunken Carrols, and &lt;span class="quote"&gt;the Canon speaks&lt;br&gt;
Health, not confusion&lt;/span&gt; [...].</p0826-teimww:hasText>
    <p0826-teimww:isMentionedIn>
      <p0826-teimww:passage knoraType="link_value" linkType="ref" target="ww_1c97eb0b5adc7f10"/>
    </p0826-teimww:isMentionedIn>
    <p0826-teimww:occursIn>
      <p0826-teimww:book knoraType="link_value" linkType="ref" target="ww_c8ca0bdc1413defb"/>
    </p0826-teimww:occursIn>
    <p0826-teimww:wasContributedBy>
      <p0826-teimww:person knoraType="link_value" linkType="ref" target="ww_c4063e9c72a3ffd2"/>
    </p0826-teimww:wasContributedBy>
  </p0826-teimww:passage>
  <p0826-teimww:passage id="ww_1c97eb0b5adc7f10">
    <knoraXmlImport:label>passage</knoraXmlImport:label>
    <p0826-teimww:occursIn>
      <p0826-teimww:book knoraType="link_value" linkType="ref" target="ww_5868d5560bdfc062"/>
    </p0826-teimww:occursIn>
  </p0826-teimww:passage>
  <p0826-teimww:passage id="ww_c1cf9d6bc33eea80">
    <knoraXmlImport:label>passage</knoraXmlImport:label>
    <p0826-teimww:contains>
      <p0826-teimww:lexia knoraType="link_value" linkType="ref" target="ww_e2f5169b0db08ace"/>
    </p0826-teimww:contains>
    <p0826-teimww:contains>
      <p0826-teimww:lexia knoraType="link_value" linkType="ref" target="ww_9d59f97572bedbec"/>
    </p0826-teimww:contains>
    <p0826-teimww:hasPage knoraType="richtext_value">7 [normalized spelling].</p0826-teimww:hasPage>
    <p0826-teimww:hasPageHist knoraType="richtext_value">7.</p0826-teimww:hasPageHist>
    <p0826-teimww:hasText knoraType="richtext_value">[Dumaine:] &lt;span class="quote"&gt;Hark, the thunder of the world, how out of tune&lt;/span&gt;.&lt;br&gt;
This peace corrupting all things makes them speak.&lt;br&gt;
What means &lt;span class="quote"&gt;this most adulterate noise?&lt;/span&gt;&lt;br&gt;
[Lamot:] Why, are you ignorant?&lt;br&gt;
This is a night of jubilee, and the King&lt;br&gt;
Solemnly feasts for his war's happy success.</p0826-teimww:hasText>
    <p0826-teimww:hasTextHist knoraType="richtext_value">[Dumaine:] &lt;span class="quote"&gt;Hark, the thunder of the world, how out of tune.&lt;br&gt;
This peace corrupting all things makes them speak.&lt;br&gt;
What means this most adulterate noise?&lt;/span&gt;&lt;br&gt;
[Lamot:] &lt;span class="quote"&gt;Why, are you ignorant?&lt;br&gt;
This is a night of jubile, and the King&lt;br&gt;
Solemnly feasts for his wars happie successe.&lt;/span&gt;</p0826-teimww:hasTextHist>
    <p0826-teimww:isMentionedIn>
      <p0826-teimww:passage knoraType="link_value" linkType="ref" target="ww_9e2c7107ac4fc1f7"/>
    </p0826-teimww:isMentionedIn>
    <p0826-teimww:occursIn>
      <p0826-teimww:book knoraType="link_value" linkType="ref" target="ww_c8ca0bdc1413defb"/>
    </p0826-teimww:occursIn>
    <p0826-teimww:wasContributedBy>
      <p0826-teimww:person knoraType="link_value" linkType="ref" target="ww_c4063e9c72a3ffd2"/>
    </p0826-teimww:wasContributedBy>
  </p0826-teimww:passage>
  <p0826-teimww:passage id="ww_9e2c7107ac4fc1f7">
    <knoraXmlImport:label>passage</knoraXmlImport:label>
    <p0826-teimww:occursIn>
      <p0826-teimww:book knoraType="link_value" linkType="ref" target="ww_5868d5560bdfc062"/>
    </p0826-teimww:occursIn>
  </p0826-teimww:passage>
  <p0826-teimww:passage id="ww_d7563aabb44aa5f4">
    <knoraXmlImport:label>passage</knoraXmlImport:label>
    <p0826-teimww:contains>
      <p0826-teimww:lexia knoraType="link_value" linkType="ref" target="ww_d11d9cb54ff3816e"/>
    </p0826-teimww:contains>
    <p0826-teimww:hasPage knoraType="richtext_value">29; act 3, scene 1.</p0826-teimww:hasPage>
    <p0826-teimww:hasText knoraType="richtext_value">[Clotair:] &lt;span class="quote"&gt;Oh see, it comes!&lt;/span&gt;</p0826-teimww:hasText>
    <p0826-teimww:isMentionedIn>
      <p0826-teimww:passage knoraType="link_value" linkType="ref" target="ww_e196fac45169b6ac"/>
    </p0826-teimww:isMentionedIn>
    <p0826-teimww:occursIn>
      <p0826-teimww:book knoraType="link_value" linkType="ref" target="ww_c8ca0bdc1413defb"/>
    </p0826-teimww:occursIn>
    <p0826-teimww:wasContributedBy>
      <p0826-teimww:person knoraType="link_value" linkType="ref" target="ww_c4063e9c72a3ffd2"/>
    </p0826-teimww:wasContributedBy>
  </p0826-teimww:passage>
  <p0826-teimww:passage id="ww_e196fac45169b6ac">
    <knoraXmlImport:label>passage</knoraXmlImport:label>
    <p0826-teimww:occursIn>
      <p0826-teimww:book knoraType="link_value" linkType="ref" target="ww_5868d5560bdfc062"/>
    </p0826-teimww:occursIn>
  </p0826-teimww:passage>
  <p0826-teimww:passage id="ww_f6940b06098f7cd0">
    <knoraXmlImport:label>passage</knoraXmlImport:label>
    <p0826-teimww:contains>
      <p0826-teimww:lexia knoraType="link_value" linkType="ref" target="ww_4207fd416b30110a"/>
    </p0826-teimww:contains>
    <p0826-teimww:hasPage knoraType="richtext_value">43.</p0826-teimww:hasPage>
    <p0826-teimww:hasText knoraType="richtext_value">[Clovis:] What is it, Eunuch? [...] &lt;span class="quote"&gt;Though death stood gaping wide to swallow me, &lt;br&gt;
I wold not shrink nor fear.&lt;/span&gt;</p0826-teimww:hasText>
    <p0826-teimww:isMentionedIn>
      <p0826-teimww:passage knoraType="link_value" linkType="ref" target="ww_1cd830076bc87060"/>
    </p0826-teimww:isMentionedIn>
    <p0826-teimww:occursIn>
      <p0826-teimww:book knoraType="link_value" linkType="ref" target="ww_c8ca0bdc1413defb"/>
    </p0826-teimww:occursIn>
    <p0826-teimww:wasContributedBy>
      <p0826-teimww:person knoraType="link_value" linkType="ref" target="ww_c4063e9c72a3ffd2"/>
    </p0826-teimww:wasContributedBy>
  </p0826-teimww:passage>
  <p0826-teimww:passage id="ww_1cd830076bc87060">
    <knoraXmlImport:label>passage</knoraXmlImport:label>
    <p0826-teimww:occursIn>
      <p0826-teimww:book knoraType="link_value" linkType="ref" target="ww_5868d5560bdfc062"/>
    </p0826-teimww:occursIn>
  </p0826-teimww:passage>
  <p0826-teimww:passage id="ww_1dd27972253ebc97">
    <knoraXmlImport:label>passage</knoraXmlImport:label>
    <p0826-teimww:contains>
      <p0826-teimww:lexia knoraType="link_value" linkType="ref" target="ww_47db54ab979e2ab2"/>
    </p0826-teimww:contains>
    <p0826-teimww:hasPage knoraType="richtext_value">29; act 3, scene 1.</p0826-teimww:hasPage>
    <p0826-teimww:hasText knoraType="richtext_value">[Clotair:] &lt;span class="quote"&gt;What art thou that usurp'st this dead of night,&lt;br&gt;&lt;/span&gt;
In metal like the age? why art thou sent&lt;br&gt;
To cast a horror on me?</p0826-teimww:hasText>
    <p0826-teimww:isMentionedIn>
      <p0826-teimww:passage knoraType="link_value" linkType="ref" target="ww_597e2539b508dbdb"/>
    </p0826-teimww:isMentionedIn>
    <p0826-teimww:occursIn>
      <p0826-teimww:book knoraType="link_value" linkType="ref" target="ww_c8ca0bdc1413defb"/>
    </p0826-teimww:occursIn>
    <p0826-teimww:wasContributedBy>
      <p0826-teimww:person knoraType="link_value" linkType="ref" target="ww_c4063e9c72a3ffd2"/>
    </p0826-teimww:wasContributedBy>
  </p0826-teimww:passage>
  <p0826-teimww:passage id="ww_597e2539b508dbdb">
    <knoraXmlImport:label>passage</knoraXmlImport:label>
    <p0826-teimww:occursIn>
      <p0826-teimww:book knoraType="link_value" linkType="ref" target="ww_5868d5560bdfc062"/>
    </p0826-teimww:occursIn>
  </p0826-teimww:passage>
  <p0826-teimww:passage id="ww_845de84107df1153">
    <knoraXmlImport:label>passage</knoraXmlImport:label>
    <p0826-teimww:contains>
      <p0826-teimww:lexia knoraType="link_value" linkType="ref" target="ww_2ef6f1afe6e45507"/>
    </p0826-teimww:contains>
    <p0826-teimww:hasPage knoraType="richtext_value">23 [normalized spelling].</p0826-teimww:hasPage>
    <p0826-teimww:hasPageHist knoraType="richtext_value">23.</p0826-teimww:hasPageHist>
    <p0826-teimww:hasText knoraType="richtext_value">[Clovis:] Hold, hold my heart - can I endure this -&lt;span class="quote"&gt;&lt;br&gt;
Unhand me, &lt;i&gt;Charles&lt;/i&gt;, and render me myself,&lt;br&gt;
Lest I forget myself on thee.&lt;/span&gt;</p0826-teimww:hasText>
    <p0826-teimww:hasTextHist knoraType="richtext_value">[Clovis:] Hold, hold my heart - can I indure this -&lt;span class="quote"&gt;&lt;br&gt;
Unhand me, &lt;i&gt;Charles&lt;/i&gt;, and render me myself,&lt;br&gt;
Lest I forget myself on thee.&lt;/span&gt;</p0826-teimww:hasTextHist>
    <p0826-teimww:isMentionedIn>
      <p0826-teimww:passage knoraType="link_value" linkType="ref" target="ww_eaf382410683424a"/>
    </p0826-teimww:isMentionedIn>
    <p0826-teimww:occursIn>
      <p0826-teimww:book knoraType="link_value" linkType="ref" target="ww_c8ca0bdc1413defb"/>
    </p0826-teimww:occursIn>
    <p0826-teimww:wasContributedBy>
      <p0826-teimww:person knoraType="link_value" linkType="ref" target="ww_c4063e9c72a3ffd2"/>
    </p0826-teimww:wasContributedBy>
  </p0826-teimww:passage>
  <p0826-teimww:passage id="ww_eaf382410683424a">
    <knoraXmlImport:label>passage</knoraXmlImport:label>
    <p0826-teimww:occursIn>
      <p0826-teimww:book knoraType="link_value" linkType="ref" target="ww_5868d5560bdfc062"/>
    </p0826-teimww:occursIn>
  </p0826-teimww:passage>
  <p0826-teimww:passage id="ww_b8f647514479fad2">
    <knoraXmlImport:label>passage</knoraXmlImport:label>
    <p0826-teimww:contains>
      <p0826-teimww:lexia knoraType="link_value" linkType="ref" target="ww_fbae4bfc63f0eb23"/>
    </p0826-teimww:contains>
    <p0826-teimww:hasPage knoraType="richtext_value">66 [normalized spelling].</p0826-teimww:hasPage>
    <p0826-teimww:hasPageHist knoraType="richtext_value">66.</p0826-teimww:hasPageHist>
    <p0826-teimww:hasText knoraType="richtext_value">[Clotair:] [...] &lt;span class="quote"&gt;let her sin&lt;br&gt;
Be punish'd from above; I'll wait heaven's leisure.&lt;/span&gt;</p0826-teimww:hasText>
    <p0826-teimww:hasTextHist knoraType="richtext_value">[Clotair:] [...] &lt;span class="quote"&gt;let her sin&lt;br&gt;
Be punish'd from above; I'l wait heavens leisure.&lt;/span&gt;</p0826-teimww:hasTextHist>
    <p0826-teimww:isMentionedIn>
      <p0826-teimww:passage knoraType="link_value" linkType="ref" target="ww_7b56017254cbe0d5"/>
    </p0826-teimww:isMentionedIn>
    <p0826-teimww:occursIn>
      <p0826-teimww:book knoraType="link_value" linkType="ref" target="ww_c8ca0bdc1413defb"/>
    </p0826-teimww:occursIn>
    <p0826-teimww:wasContributedBy>
      <p0826-teimww:person knoraType="link_value" linkType="ref" target="ww_c4063e9c72a3ffd2"/>
    </p0826-teimww:wasContributedBy>
  </p0826-teimww:passage>
  <p0826-teimww:passage id="ww_7b56017254cbe0d5">
    <knoraXmlImport:label>passage</knoraXmlImport:label>
    <p0826-teimww:occursIn>
      <p0826-teimww:book knoraType="link_value" linkType="ref" target="ww_5868d5560bdfc062"/>
    </p0826-teimww:occursIn>
  </p0826-teimww:passage>
  <p0826-teimww:passage id="ww_4ac1b9e168eb72cd">
    <knoraXmlImport:label>passage</knoraXmlImport:label>
    <p0826-teimww:contains>
      <p0826-teimww:lexia knoraType="link_value" linkType="ref" target="ww_a252947f64726f75"/>
    </p0826-teimww:contains>
    <p0826-teimww:hasPage knoraType="richtext_value">N.p.; act 3, scene 1, line 250.</p0826-teimww:hasPage>
    <p0826-teimww:hasText knoraType="richtext_value">[Younger Pallatine:] Men o' &lt;span class="quote"&gt;the puissant Pike, &lt;/span&gt;follow the lights.</p0826-teimww:hasText>
    <p0826-teimww:isMentionedIn>
      <p0826-teimww:passage knoraType="link_value" linkType="ref" target="ww_e6d7b0c3a581ad87"/>
    </p0826-teimww:isMentionedIn>
    <p0826-teimww:occursIn>
      <p0826-teimww:book knoraType="link_value" linkType="ref" target="ww_e0b03ee292ddfc15"/>
    </p0826-teimww:occursIn>
    <p0826-teimww:wasContributedBy>
      <p0826-teimww:person knoraType="link_value" linkType="ref" target="ww_7f35f6802efd910d"/>
    </p0826-teimww:wasContributedBy>
  </p0826-teimww:passage>
  <p0826-teimww:passage id="ww_6ecd6e98957a9e44">
    <knoraXmlImport:label>passage</knoraXmlImport:label>
    <p0826-teimww:contains>
      <p0826-teimww:lexia knoraType="link_value" linkType="ref" target="ww_0cd357c93e82a299"/>
    </p0826-teimww:contains>
    <p0826-teimww:hasPage knoraType="richtext_value">N.p.; act 5, scene 5, lines 88-89 [normalised spelling].</p0826-teimww:hasPage>
    <p0826-teimww:hasPageHist knoraType="richtext_value">N.p.; act 5, scene 5, lines 88-89.</p0826-teimww:hasPageHist>
    <p0826-teimww:hasText knoraType="richtext_value">[Hannibal:] Like a perpetual &lt;span class="quote"&gt;comet to fright Rome &lt;/span&gt;&lt;br&gt;
With his prodigious light.</p0826-teimww:hasText>
    <p0826-teimww:hasTextHist knoraType="richtext_value">[Hannibal:] Like a perpetuall comet to fright Rome &lt;br&gt;
With his prodigious light.</p0826-teimww:hasTextHist>
    <p0826-teimww:isMentionedIn>
      <p0826-teimww:passage knoraType="link_value" linkType="ref" target="ww_53612dcf4b767b10"/>
    </p0826-teimww:isMentionedIn>
    <p0826-teimww:occursIn>
      <p0826-teimww:book knoraType="link_value" linkType="ref" target="ww_f46dacc14c087bc2"/>
    </p0826-teimww:occursIn>
    <p0826-teimww:wasContributedBy>
      <p0826-teimww:person knoraType="link_value" linkType="ref" target="ww_7f35f6802efd910d"/>
    </p0826-teimww:wasContributedBy>
  </p0826-teimww:passage>
  <p0826-teimww:passage id="ww_53612dcf4b767b10">
    <knoraXmlImport:label>passage</knoraXmlImport:label>
    <p0826-teimww:occursIn>
      <p0826-teimww:book knoraType="link_value" linkType="ref" target="ww_3e15ab6c612eadae"/>
    </p0826-teimww:occursIn>
  </p0826-teimww:passage>
  <p0826-teimww:passage id="ww_e9015346c8c0ea29">
    <knoraXmlImport:label>passage</knoraXmlImport:label>
    <p0826-teimww:contains>
      <p0826-teimww:lexia knoraType="link_value" linkType="ref" target="ww_23915d9aa51abe5e"/>
    </p0826-teimww:contains>
    <p0826-teimww:hasPage knoraType="richtext_value">C4 verso; act 2 [normalized spelling].</p0826-teimww:hasPage>
    <p0826-teimww:hasPageHist knoraType="richtext_value">C4 verso; act 2.</p0826-teimww:hasPageHist>
    <p0826-teimww:hasText knoraType="richtext_value">[Aurelio:] [...] &lt;span class="quote"&gt;Oh that I were a vail upon that face, &lt;br&gt;&lt;/span&gt;
To hide it from the world; methinks I could &lt;br&gt;
Envie the very Sun, for gazing on you!</p0826-teimww:hasText>
    <p0826-teimww:hasTextHist knoraType="richtext_value">[Aurelio:] [...] Oh that I were a veil upon that face, &lt;br&gt;
To hide it from the world; methinks I could &lt;br&gt;
Envy the very Sun, for gazing on you!</p0826-teimww:hasTextHist>
    <p0826-teimww:isMentionedIn>
      <p0826-teimww:passage knoraType="link_value" linkType="ref" target="ww_a355b96f311b163c"/>
    </p0826-teimww:isMentionedIn>
    <p0826-teimww:occursIn>
      <p0826-teimww:book knoraType="link_value" linkType="ref" target="ww_55ab4059c87d0c3d"/>
    </p0826-teimww:occursIn>
    <p0826-teimww:wasContributedBy>
      <p0826-teimww:person knoraType="link_value" linkType="ref" target="ww_c4063e9c72a3ffd2"/>
    </p0826-teimww:wasContributedBy>
  </p0826-teimww:passage>
  <p0826-teimww:passage id="ww_a355b96f311b163c">
    <knoraXmlImport:label>passage</knoraXmlImport:label>
    <p0826-teimww:occursIn>
      <p0826-teimww:book knoraType="link_value" linkType="ref" target="ww_1140c36ab545b6d8"/>
    </p0826-teimww:occursIn>
  </p0826-teimww:passage>
  <p0826-teimww:passage id="ww_5a285fb67d61c0ec">
    <knoraXmlImport:label>passage</knoraXmlImport:label>
    <p0826-teimww:contains>
      <p0826-teimww:lexia knoraType="link_value" linkType="ref" target="ww_816c4dc1c774c972"/>
    </p0826-teimww:contains>
    <p0826-teimww:contains>
      <p0826-teimww:lexia knoraType="link_value" linkType="ref" target="ww_88076bbdfa4084d2"/>
    </p0826-teimww:contains>
    <p0826-teimww:hasPage knoraType="richtext_value">48, lines 935-939; act 2, scene 1.</p0826-teimww:hasPage>
    <p0826-teimww:hasText knoraType="richtext_value">Like &lt;span class="quote"&gt;Jove and Juno &lt;/span&gt;in a nuptial knot,&lt;br&gt;
We'll knit the bands of Hymen, and outshine&lt;br&gt;
The glorious Tapers of the golden Sun,&lt;br&gt;
Whirl through the stately streets of spacious Rome&lt;br&gt;
Like &lt;span class="quote"&gt;glistring Phaeton in an Orient chair.&lt;/span&gt;</p0826-teimww:hasText>
    <p0826-teimww:hasTextHist knoraType="richtext_value">Like Jove and Juno in a nuptiall knot,&lt;br&gt;
Wee'l knit the bands of Hymen, and out shine&lt;br&gt;
The glorious Tapers of the golden Sunne,&lt;br&gt;
Whirle through the stately streets of spacious Rome&lt;br&gt;
Like &lt;span class="quote"&gt;glistring Phaeton in an Orient chaire.&lt;/span&gt;&lt;br&gt;&lt;br&gt;

Downe, downe we come&lt;br&gt;
Like &lt;span class="quote"&gt;glistring Phæbus &lt;/span&gt;mounted in his Car,&lt;br&gt;
When in the height of the celestiall signes&lt;br&gt;
He sayles along the Circuit of the Skie.</p0826-teimww:hasTextHist>
    <p0826-teimww:isMentionedIn>
      <p0826-teimww:passage knoraType="link_value" linkType="ref" target="ww_183871ff27070b9e"/>
    </p0826-teimww:isMentionedIn>
    <p0826-teimww:isMentionedIn>
      <p0826-teimww:passage knoraType="link_value" linkType="ref" target="ww_1df5e4fae880744b"/>
    </p0826-teimww:isMentionedIn>
    <p0826-teimww:occursIn>
      <p0826-teimww:book knoraType="link_value" linkType="ref" target="ww_cd047776ecc0f21c"/>
    </p0826-teimww:occursIn>
    <p0826-teimww:wasContributedBy>
      <p0826-teimww:person knoraType="link_value" linkType="ref" target="ww_c4063e9c72a3ffd2"/>
    </p0826-teimww:wasContributedBy>
  </p0826-teimww:passage>
  <p0826-teimww:passage id="ww_1df5e4fae880744b">
    <knoraXmlImport:label>passage</knoraXmlImport:label>
    <p0826-teimww:occursIn>
      <p0826-teimww:book knoraType="link_value" linkType="ref" target="ww_5603853ee308e6b5"/>
    </p0826-teimww:occursIn>
  </p0826-teimww:passage>
  <p0826-teimww:passage id="ww_183871ff27070b9e">
    <knoraXmlImport:label>passage</knoraXmlImport:label>
    <p0826-teimww:occursIn>
      <p0826-teimww:book knoraType="link_value" linkType="ref" target="ww_e1e81a86f35b59e9"/>
    </p0826-teimww:occursIn>
  </p0826-teimww:passage>
  <p0826-teimww:passage id="ww_8c22b084ec9df6f2">
    <knoraXmlImport:label>passage</knoraXmlImport:label>
    <p0826-teimww:contains>
      <p0826-teimww:lexia knoraType="link_value" linkType="ref" target="ww_47115a95eac50cea"/>
    </p0826-teimww:contains>
    <p0826-teimww:hasPage knoraType="richtext_value">299 [normalized spelling].</p0826-teimww:hasPage>
    <p0826-teimww:hasPageHist knoraType="richtext_value">299.</p0826-teimww:hasPageHist>
    <p0826-teimww:hasText knoraType="richtext_value">And nought so &lt;span class="quote"&gt;rich on either rock or shelf, &lt;br&gt;&lt;/span&gt;
But, if unknown, lies useless to it self. &lt;br&gt;
Therefore who thus doth make their secrets known, &lt;br&gt;
Doth profit others, and not hurt his own.</p0826-teimww:hasText>
    <p0826-teimww:hasTextHist knoraType="richtext_value">And nought so &lt;span class="quote"&gt;rich on either rock or shelf, &lt;br&gt;&lt;/span&gt;
But, if unknown, lies uselesse to it self. &lt;br&gt;
Therefore who thus doth make their secrets known, &lt;br&gt;
Doth profit others, and not hurt his own.</p0826-teimww:hasTextHist>
    <p0826-teimww:isMentionedIn>
      <p0826-teimww:passage knoraType="link_value" linkType="ref" target="ww_9b803aaf0659f69d"/>
    </p0826-teimww:isMentionedIn>
    <p0826-teimww:occursIn>
      <p0826-teimww:book knoraType="link_value" linkType="ref" target="ww_96ea9a9110850b53"/>
    </p0826-teimww:occursIn>
    <p0826-teimww:wasContributedBy>
      <p0826-teimww:person knoraType="link_value" linkType="ref" target="ww_6202c1bb6957c9cc"/>
    </p0826-teimww:wasContributedBy>
  </p0826-teimww:passage>
  <p0826-teimww:passage id="ww_9b803aaf0659f69d">
    <knoraXmlImport:label>passage</knoraXmlImport:label>
    <p0826-teimww:occursIn>
      <p0826-teimww:book knoraType="link_value" linkType="ref" target="ww_1140c36ab545b6d8"/>
    </p0826-teimww:occursIn>
  </p0826-teimww:passage>
  <p0826-teimww:passage id="ww_88b0da8573bfcf23">
    <knoraXmlImport:label>passage</knoraXmlImport:label>
    <p0826-teimww:contains>
      <p0826-teimww:lexia knoraType="link_value" linkType="ref" target="ww_9bb48235a4df7743"/>
    </p0826-teimww:contains>
    <p0826-teimww:hasPage knoraType="richtext_value">N.p.; act 3, scene 1 [normalized spelling].</p0826-teimww:hasPage>
    <p0826-teimww:hasPageHist knoraType="richtext_value">N.p.; act 3, scene 1.</p0826-teimww:hasPageHist>
    <p0826-teimww:hasText knoraType="richtext_value">[Octavio:] 
&lt;span class="quote"&gt;My only child: &lt;/span&gt;I murmur'd against heaven&lt;br&gt;
Because I had no more; but now I find&lt;br&gt;
&lt;span class="quote"&gt;This one too many.&lt;/span&gt;</p0826-teimww:hasText>
    <p0826-teimww:hasTextHist knoraType="richtext_value">[Octavio:] 
&lt;span class="quote"&gt;My only child: &lt;/span&gt;I murmur'd against heaven&lt;br&gt;
Because I had no more; but now I find&lt;br&gt;
&lt;span class="quote"&gt;This one too many.&lt;/span&gt;</p0826-teimww:hasTextHist>
    <p0826-teimww:isMentionedIn>
      <p0826-teimww:passage knoraType="link_value" linkType="ref" target="ww_99e9fab38ba4e78e"/>
    </p0826-teimww:isMentionedIn>
    <p0826-teimww:occursIn>
      <p0826-teimww:book knoraType="link_value" linkType="ref" target="ww_103921d4089e2ff4"/>
    </p0826-teimww:occursIn>
    <p0826-teimww:wasContributedBy>
      <p0826-teimww:person knoraType="link_value" linkType="ref" target="ww_6202c1bb6957c9cc"/>
    </p0826-teimww:wasContributedBy>
  </p0826-teimww:passage>
  <p0826-teimww:passage id="ww_99e9fab38ba4e78e">
    <knoraXmlImport:label>passage</knoraXmlImport:label>
    <p0826-teimww:occursIn>
      <p0826-teimww:book knoraType="link_value" linkType="ref" target="ww_1140c36ab545b6d8"/>
    </p0826-teimww:occursIn>
  </p0826-teimww:passage>
  <p0826-teimww:passage id="ww_935f51df94080f65">
    <knoraXmlImport:label>passage</knoraXmlImport:label>
    <p0826-teimww:contains>
      <p0826-teimww:lexia knoraType="link_value" linkType="ref" target="ww_89a977a4500a1050"/>
    </p0826-teimww:contains>
    <p0826-teimww:hasPage knoraType="richtext_value">N.p.; act 3, scene 1.</p0826-teimww:hasPage>
    <p0826-teimww:hasText knoraType="richtext_value">[Nassuras:] &lt;span class="quote"&gt;Rare Rogue in Buckram, &lt;/span&gt;let me bite thee.</p0826-teimww:hasText>
    <p0826-teimww:isMentionedIn>
      <p0826-teimww:passage knoraType="link_value" linkType="ref" target="ww_a7021fcd2a7e6e10"/>
    </p0826-teimww:isMentionedIn>
    <p0826-teimww:occursIn>
      <p0826-teimww:book knoraType="link_value" linkType="ref" target="ww_c354c8aa7bc6d63e"/>
    </p0826-teimww:occursIn>
    <p0826-teimww:wasContributedBy>
      <p0826-teimww:person knoraType="link_value" linkType="ref" target="ww_6202c1bb6957c9cc"/>
    </p0826-teimww:wasContributedBy>
  </p0826-teimww:passage>
  <p0826-teimww:passage id="ww_a7021fcd2a7e6e10">
    <knoraXmlImport:label>passage</knoraXmlImport:label>
    <p0826-teimww:occursIn>
      <p0826-teimww:book knoraType="link_value" linkType="ref" target="ww_1140c36ab545b6d8"/>
    </p0826-teimww:occursIn>
  </p0826-teimww:passage>
  <p0826-teimww:passage id="ww_0855d22192e195ae">
    <knoraXmlImport:label>passage</knoraXmlImport:label>
    <p0826-teimww:contains>
      <p0826-teimww:lexia knoraType="link_value" linkType="ref" target="ww_5fb74dd92e380b09"/>
    </p0826-teimww:contains>
    <p0826-teimww:hasPage knoraType="richtext_value">N.p.; act 5, scene 2 [normalized spelling].</p0826-teimww:hasPage>
    <p0826-teimww:hasPageHist knoraType="richtext_value">N.p.; act 5, scene 2.</p0826-teimww:hasPageHist>
    <p0826-teimww:hasText knoraType="richtext_value">[Cater:] Sure they are asleep, perhaps &lt;br&gt;
The Slave being &lt;span class="quote"&gt;overleaven'd&lt;/span&gt; with his favour &lt;br&gt;
Hath made himself stark drunk; we shall disturb &lt;br&gt;
Our Lady and her Daughter, I much wonder &lt;br&gt;
Mistris Nugella comes not to the door. </p0826-teimww:hasText>
    <p0826-teimww:hasTextHist knoraType="richtext_value">[Cater:] Sure they are a sleepe, perhaps &lt;br&gt;
The Slave being &lt;span class="quote"&gt;overleaven'd&lt;/span&gt; with his favour &lt;br&gt;
Hath made himselfe starke drunke; we shall disturbe &lt;br&gt;
Our Lady and her Daughter, I much wonder &lt;br&gt;
Mistris Nugella comes not to the doore. </p0826-teimww:hasTextHist>
    <p0826-teimww:isMentionedIn>
      <p0826-teimww:passage knoraType="link_value" linkType="ref" target="ww_49e489eb3474ed81"/>
    </p0826-teimww:isMentionedIn>
    <p0826-teimww:occursIn>
      <p0826-teimww:book knoraType="link_value" linkType="ref" target="ww_60a60dc6ecad70c0"/>
    </p0826-teimww:occursIn>
    <p0826-teimww:wasContributedBy>
      <p0826-teimww:person knoraType="link_value" linkType="ref" target="ww_bff7390e4e734f4c"/>
    </p0826-teimww:wasContributedBy>
  </p0826-teimww:passage>
  <p0826-teimww:passage id="ww_49e489eb3474ed81">
    <knoraXmlImport:label>passage</knoraXmlImport:label>
    <p0826-teimww:occursIn>
      <p0826-teimww:book knoraType="link_value" linkType="ref" target="ww_3e15ab6c612eadae"/>
    </p0826-teimww:occursIn>
  </p0826-teimww:passage>
  <p0826-teimww:passage id="ww_4fd4d1baf9ae5108">
    <knoraXmlImport:label>passage</knoraXmlImport:label>
    <p0826-teimww:contains>
      <p0826-teimww:lexia knoraType="link_value" linkType="ref" target="ww_c55fb5b3649912b2"/>
    </p0826-teimww:contains>
    <p0826-teimww:hasPage knoraType="richtext_value">40 [normalized spelling].</p0826-teimww:hasPage>
    <p0826-teimww:hasPageHist knoraType="richtext_value">40.</p0826-teimww:hasPageHist>
    <p0826-teimww:hasText knoraType="richtext_value">&lt;span class="quote"&gt;Some women are in Churches Saints or more, &lt;br&gt;
Angels abroad, at home too like the Devil, &lt;/span&gt;&lt;br&gt;
At windows Syrens, Parrots at the door; &lt;br&gt;
And in their gardens Goats, or more uncivil: &lt;br&gt;
And Tradesmen that were match till they have much, &lt;br&gt;
In deadly danger are to meet with such.</p0826-teimww:hasText>
    <p0826-teimww:hasTextHist knoraType="richtext_value">Some women are in Churches Saints or more, &lt;br&gt;
Angels abroad, at home too like the Devill, &lt;br&gt;
At windowes Syrens, Parrots at the dore; &lt;br&gt;
And in their gardens Goates, or more uncivil: &lt;br&gt;
And Tradesmen that were match till they have much, &lt;br&gt;
In deadly danger are to meet with such.</p0826-teimww:hasTextHist>
    <p0826-teimww:isMentionedIn>
      <p0826-teimww:passage knoraType="link_value" linkType="ref" target="ww_fe587abff05a17d2"/>
    </p0826-teimww:isMentionedIn>
    <p0826-teimww:occursIn>
      <p0826-teimww:book knoraType="link_value" linkType="ref" target="ww_af6b24b9904dbf6b"/>
    </p0826-teimww:occursIn>
    <p0826-teimww:wasContributedBy>
      <p0826-teimww:person knoraType="link_value" linkType="ref" target="ww_6202c1bb6957c9cc"/>
    </p0826-teimww:wasContributedBy>
  </p0826-teimww:passage>
  <p0826-teimww:passage id="ww_fe587abff05a17d2">
    <knoraXmlImport:label>passage</knoraXmlImport:label>
    <p0826-teimww:occursIn>
      <p0826-teimww:book knoraType="link_value" linkType="ref" target="ww_1140c36ab545b6d8"/>
    </p0826-teimww:occursIn>
  </p0826-teimww:passage>
  <p0826-teimww:passage id="ww_54d4ed8880623baa">
    <knoraXmlImport:label>passage</knoraXmlImport:label>
    <p0826-teimww:contains>
      <p0826-teimww:lexia knoraType="link_value" linkType="ref" target="ww_a252947f64726f75"/>
    </p0826-teimww:contains>
    <p0826-teimww:hasPage knoraType="richtext_value">act 5, scene 1 [normalized spelling].</p0826-teimww:hasPage>
    <p0826-teimww:hasPageHist knoraType="richtext_value">act 5, scene 1.</p0826-teimww:hasPageHist>
    <p0826-teimww:hasText knoraType="richtext_value">the mad boys that trail &lt;span class="quote"&gt;the puissant pike&lt;/span&gt;</p0826-teimww:hasText>
    <p0826-teimww:hasTextHist knoraType="richtext_value">the mad boyes that trail &lt;span class="quote"&gt;the puissant pike&lt;/span&gt;</p0826-teimww:hasTextHist>
    <p0826-teimww:isMentionedIn>
      <p0826-teimww:passage knoraType="link_value" linkType="ref" target="ww_05835dae260f2bee"/>
    </p0826-teimww:isMentionedIn>
    <p0826-teimww:isMentionedIn>
      <p0826-teimww:passage knoraType="link_value" linkType="ref" target="ww_e6d7b0c3a581ad87"/>
    </p0826-teimww:isMentionedIn>
    <p0826-teimww:occursIn>
      <p0826-teimww:book knoraType="link_value" linkType="ref" target="ww_d69e66070a4d6a19"/>
    </p0826-teimww:occursIn>
    <p0826-teimww:wasContributedBy>
      <p0826-teimww:person knoraType="link_value" linkType="ref" target="ww_c4063e9c72a3ffd2"/>
    </p0826-teimww:wasContributedBy>
  </p0826-teimww:passage>
  <p0826-teimww:passage id="ww_2e91c20e5f56ecf3">
    <knoraXmlImport:label>passage</knoraXmlImport:label>
    <p0826-teimww:contains>
      <p0826-teimww:lexia knoraType="link_value" linkType="ref" target="ww_a252947f64726f75"/>
    </p0826-teimww:contains>
    <p0826-teimww:hasPage knoraType="richtext_value">act 1, scene 1.</p0826-teimww:hasPage>
    <p0826-teimww:hasPageHist knoraType="richtext_value">5; act 1, scene 1.</p0826-teimww:hasPageHist>
    <p0826-teimww:hasText knoraType="richtext_value">[Gaselles:] [...] his buxom wife; who though she be not clad
in Persian Silks, or costly Tyrian Purples,&lt;br&gt;
has a clean skin, soft thighs, and wholesome corps,&lt;br&gt;
fit for the trailer of &lt;span class="quote"&gt;the puissant Pike,&lt;/span&gt;&lt;br&gt;
to solace in delight with.</p0826-teimww:hasText>
    <p0826-teimww:hasTextHist knoraType="richtext_value">[Gaselles:] [...] his buxome wife; who though she be not clad
in Persian Silks, or costly Tyrian Purples,&lt;br&gt;
has a clean skin, soft thighes, and wholsome corps,&lt;br&gt;
fit for the trayler of &lt;span class="quote"&gt;the puissant Pike,&lt;/span&gt;&lt;br&gt;
to sollace in delight with.</p0826-teimww:hasTextHist>
    <p0826-teimww:isMentionedIn>
      <p0826-teimww:passage knoraType="link_value" linkType="ref" target="ww_5668bf28c0a4abfa"/>
    </p0826-teimww:isMentionedIn>
    <p0826-teimww:occursIn>
      <p0826-teimww:book knoraType="link_value" linkType="ref" target="ww_3f5747bce6d798fe"/>
    </p0826-teimww:occursIn>
    <p0826-teimww:wasContributedBy>
      <p0826-teimww:person knoraType="link_value" linkType="ref" target="ww_c4063e9c72a3ffd2"/>
    </p0826-teimww:wasContributedBy>
  </p0826-teimww:passage>
  <p0826-teimww:passage id="ww_5668bf28c0a4abfa">
    <knoraXmlImport:label>passage</knoraXmlImport:label>
    <p0826-teimww:occursIn>
      <p0826-teimww:book knoraType="link_value" linkType="ref" target="ww_3e15ab6c612eadae"/>
    </p0826-teimww:occursIn>
  </p0826-teimww:passage>
  <p0826-teimww:passage id="ww_f57075216fd4f1b6">
    <knoraXmlImport:label>passage</knoraXmlImport:label>
    <p0826-teimww:contains>
      <p0826-teimww:lexia knoraType="link_value" linkType="ref" target="ww_fe6b1c964b66dcd7"/>
    </p0826-teimww:contains>
    <p0826-teimww:hasPage knoraType="richtext_value">56; act 5, scene 2 [normalized spelling].</p0826-teimww:hasPage>
    <p0826-teimww:hasPageHist knoraType="richtext_value">56; act 5, scene 2.</p0826-teimww:hasPageHist>
    <p0826-teimww:hasText knoraType="richtext_value">Stand off, gentlemen, - let me see - which? Hum! this? - no; th'other! Hum! &lt;span class="quote"&gt;send for a lion and turn him loose; he won't hurt the true prince.&lt;/span&gt;</p0826-teimww:hasText>
    <p0826-teimww:hasTextHist knoraType="richtext_value">Stand off, gentlemen, - let me see - which? Hum! this? - no; th'other! Hum! &lt;span class="quote"&gt;send for a lion and turn him loose; he wo'not hurt the true prince.&lt;/span&gt;</p0826-teimww:hasTextHist>
    <p0826-teimww:isMentionedIn>
      <p0826-teimww:passage knoraType="link_value" linkType="ref" target="ww_ab524c29b29e2cd9"/>
    </p0826-teimww:isMentionedIn>
    <p0826-teimww:occursIn>
      <p0826-teimww:book knoraType="link_value" linkType="ref" target="ww_cb694f4439c4e72d"/>
    </p0826-teimww:occursIn>
    <p0826-teimww:wasContributedBy>
      <p0826-teimww:person knoraType="link_value" linkType="ref" target="ww_6202c1bb6957c9cc"/>
    </p0826-teimww:wasContributedBy>
  </p0826-teimww:passage>
  <p0826-teimww:passage id="ww_fb65ad93264a0ff0">
    <knoraXmlImport:label>passage</knoraXmlImport:label>
    <p0826-teimww:contains>
      <p0826-teimww:lexia knoraType="link_value" linkType="ref" target="ww_89a977a4500a1050"/>
    </p0826-teimww:contains>
    <p0826-teimww:hasPage knoraType="richtext_value">7; act 3.</p0826-teimww:hasPage>
    <p0826-teimww:hasText knoraType="richtext_value">[Common-curse:]&lt;span class="quote"&gt; &lt;/i&gt;Rare rogue in Buckram &lt;/span&gt;- thou shalt got out a wit, and vie with &lt;i&gt;Martin Parker&lt;/i&gt;, or &lt;i&gt;John Tailor.&lt;/i&gt;</p0826-teimww:hasText>
    <p0826-teimww:isMentionedIn>
      <p0826-teimww:passage knoraType="link_value" linkType="ref" target="ww_66f2149d2071d128"/>
    </p0826-teimww:isMentionedIn>
    <p0826-teimww:occursIn>
      <p0826-teimww:book knoraType="link_value" linkType="ref" target="ww_f99a72278aa6b17a"/>
    </p0826-teimww:occursIn>
    <p0826-teimww:wasContributedBy>
      <p0826-teimww:person knoraType="link_value" linkType="ref" target="ww_6202c1bb6957c9cc"/>
    </p0826-teimww:wasContributedBy>
  </p0826-teimww:passage>
  <p0826-teimww:passage id="ww_66f2149d2071d128">
    <knoraXmlImport:label>passage</knoraXmlImport:label>
    <p0826-teimww:occursIn>
      <p0826-teimww:book knoraType="link_value" linkType="ref" target="ww_1140c36ab545b6d8"/>
    </p0826-teimww:occursIn>
  </p0826-teimww:passage>
  <p0826-teimww:passage id="ww_c7f6e24c9df42311">
    <knoraXmlImport:label>passage</knoraXmlImport:label>
    <p0826-teimww:contains>
      <p0826-teimww:lexia knoraType="link_value" linkType="ref" target="ww_f14c7f50b76b90d7"/>
    </p0826-teimww:contains>
    <p0826-teimww:hasPage knoraType="richtext_value">503; act 4, scene 3.</p0826-teimww:hasPage>
    <p0826-teimww:hasText knoraType="richtext_value">[Almanzor:] Why then we shall do all our work at once; I hate delays, let Fortune give me my Answer quickly, whether a Monarch or a Slave; - If my Stars have in this Fate this Crown, This day 'tis (aside) mine; if not, there's a hope lost.&lt;br&gt;
[Clytus:] If you could produce the person of our King, &lt;span class="quote"&gt;my prophetick soul &lt;/span&gt;tells me the day were ours; such a signal Victory would make all their hearts turn Coward; the justice and vengeance they must expect from his injuries would wound farther and deeper than either Sword or Spear.</p0826-teimww:hasText>
    <p0826-teimww:isMentionedIn>
      <p0826-teimww:passage knoraType="link_value" linkType="ref" target="ww_26cdca70cd043bea"/>
    </p0826-teimww:isMentionedIn>
    <p0826-teimww:occursIn>
      <p0826-teimww:book knoraType="link_value" linkType="ref" target="ww_faab680e79f823c3"/>
    </p0826-teimww:occursIn>
    <p0826-teimww:wasContributedBy>
      <p0826-teimww:person knoraType="link_value" linkType="ref" target="ww_72ab59d77214a6f8"/>
    </p0826-teimww:wasContributedBy>
  </p0826-teimww:passage>
  <p0826-teimww:passage id="ww_26cdca70cd043bea">
    <knoraXmlImport:label>passage</knoraXmlImport:label>
    <p0826-teimww:occursIn>
      <p0826-teimww:book knoraType="link_value" linkType="ref" target="ww_3e15ab6c612eadae"/>
    </p0826-teimww:occursIn>
  </p0826-teimww:passage>
  <p0826-teimww:passage id="ww_2562c1f9957c919b">
    <knoraXmlImport:label>passage</knoraXmlImport:label>
    <p0826-teimww:contains>
      <p0826-teimww:lexia knoraType="link_value" linkType="ref" target="ww_f7c8b5ae81c23bc0"/>
    </p0826-teimww:contains>
    <p0826-teimww:hasPage knoraType="richtext_value">161; act 3 [normalized spelling].</p0826-teimww:hasPage>
    <p0826-teimww:hasPageHist knoraType="richtext_value">161; act 3.</p0826-teimww:hasPageHist>
    <p0826-teimww:hasText knoraType="richtext_value">[Rifaloro:] The scurvy Poet, giving each a Sonnet , &lt;br&gt;
Leaves only me without - But, by the faith &lt;br&gt;
Of a Mahumetan, since thus he hath &lt;br&gt;
Provok'd me to't, upon his skirts I'll sit: &lt;br&gt;
Damn all his Matter, 'cause in Verse 'tis writ: &lt;br&gt;
And, in defiance of the Triple Three, &lt;br&gt;
Promote a Law, importing, that, &lt;span class="quote"&gt;to be, &lt;br&gt;
Or not to be, a Poet; &lt;/span&gt;shall suffice &lt;br&gt;
To prove, past doubt, one is not, or is, wise.</p0826-teimww:hasText>
    <p0826-teimww:hasTextHist knoraType="richtext_value">[Rifaloro:] The scurvy Poet, giving each a Sonnet , &lt;br&gt;
Leaves only me without - But, by the faith &lt;br&gt;
Of a Mahumetan, since thus he hath &lt;br&gt;
Provok'd me to't, upon his skirts I'll sit: &lt;br&gt;
Damme all his Matter, 'cause in Verse 'tis writ: &lt;br&gt;
And, in defiance of the Triple Three, &lt;br&gt;
Promote a Law, importing, that, &lt;span class="quote"&gt;to bee, &lt;br&gt;
Or not to be, a Poet; &lt;/span&gt;shall suffice &lt;br&gt;
To prove, past doubt, one is not, or is, wise.</p0826-teimww:hasTextHist>
    <p0826-teimww:isMentionedIn>
      <p0826-teimww:passage knoraType="link_value" linkType="ref" target="ww_4d9cb7431ad8326c"/>
    </p0826-teimww:isMentionedIn>
    <p0826-teimww:occursIn>
      <p0826-teimww:book knoraType="link_value" linkType="ref" target="ww_5695d495f555ab63"/>
    </p0826-teimww:occursIn>
    <p0826-teimww:wasContributedBy>
      <p0826-teimww:person knoraType="link_value" linkType="ref" target="ww_c4063e9c72a3ffd2"/>
    </p0826-teimww:wasContributedBy>
  </p0826-teimww:passage>
  <p0826-teimww:passage id="ww_4d9cb7431ad8326c">
    <knoraXmlImport:label>passage</knoraXmlImport:label>
    <p0826-teimww:occursIn>
      <p0826-teimww:book knoraType="link_value" linkType="ref" target="ww_3e15ab6c612eadae"/>
    </p0826-teimww:occursIn>
  </p0826-teimww:passage>
  <p0826-teimww:passage id="ww_853ec93ef1ded5b6">
    <knoraXmlImport:label>passage</knoraXmlImport:label>
    <p0826-teimww:contains>
      <p0826-teimww:lexia knoraType="link_value" linkType="ref" target="ww_2d7c23dc7defcf1c"/>
    </p0826-teimww:contains>
    <p0826-teimww:contains>
      <p0826-teimww:lexia knoraType="link_value" linkType="ref" target="ww_83498d26d55720b1"/>
    </p0826-teimww:contains>
    <p0826-teimww:contains>
      <p0826-teimww:lexia knoraType="link_value" linkType="ref" target="ww_6942d94eb06676c3"/>
    </p0826-teimww:contains>
    <p0826-teimww:hasPage knoraType="richtext_value">30.</p0826-teimww:hasPage>
    <p0826-teimww:hasText knoraType="richtext_value">&lt;span class="quote"&gt;This is a Spectacle of like Woe &lt;br&gt;
To that of &lt;i&gt;Juliet,&lt;/i&gt; and her &lt;i&gt;Romeo.&lt;/i&gt;&lt;/span&gt;</p0826-teimww:hasText>
    <p0826-teimww:isMentionedIn>
      <p0826-teimww:passage knoraType="link_value" linkType="ref" target="ww_18ace967d1411cba"/>
    </p0826-teimww:isMentionedIn>
    <p0826-teimww:occursIn>
      <p0826-teimww:book knoraType="link_value" linkType="ref" target="ww_29b0883a7c47410f"/>
    </p0826-teimww:occursIn>
    <p0826-teimww:wasContributedBy>
      <p0826-teimww:person knoraType="link_value" linkType="ref" target="ww_6202c1bb6957c9cc"/>
    </p0826-teimww:wasContributedBy>
  </p0826-teimww:passage>
  <p0826-teimww:passage id="ww_18ace967d1411cba">
    <knoraXmlImport:label>passage</knoraXmlImport:label>
    <p0826-teimww:occursIn>
      <p0826-teimww:book knoraType="link_value" linkType="ref" target="ww_1140c36ab545b6d8"/>
    </p0826-teimww:occursIn>
  </p0826-teimww:passage>
  <p0826-teimww:passage id="ww_252952ce6b658e14">
    <knoraXmlImport:label>passage</knoraXmlImport:label>
    <p0826-teimww:contains>
      <p0826-teimww:lexia knoraType="link_value" linkType="ref" target="ww_6115a63c5012f738"/>
    </p0826-teimww:contains>
    <p0826-teimww:hasPage knoraType="richtext_value">76-77; act 5, scene 1.</p0826-teimww:hasPage>
    <p0826-teimww:hasText knoraType="richtext_value">[Palamede:] That is onely, if the Servant were not found a man of this world; but if, upon trial, we had not lik'd each other, we had certainly left loving; and faith, that's the greater happiness of the two. &lt;br&gt;
[Doralice:] 'Tis better as 'tis; we have drawn off already as much of our Love as would run clear; after possessing, &lt;span class="quote"&gt;the rest is but jealousies, and disquiets, and quarrelling, and piecing. &lt;/span&gt;</p0826-teimww:hasText>
    <p0826-teimww:isMentionedIn>
      <p0826-teimww:passage knoraType="link_value" linkType="ref" target="ww_a2ce41f3a1ea6202"/>
    </p0826-teimww:isMentionedIn>
    <p0826-teimww:occursIn>
      <p0826-teimww:book knoraType="link_value" linkType="ref" target="ww_fd50221676a625a8"/>
    </p0826-teimww:occursIn>
    <p0826-teimww:wasContributedBy>
      <p0826-teimww:person knoraType="link_value" linkType="ref" target="ww_c4063e9c72a3ffd2"/>
    </p0826-teimww:wasContributedBy>
  </p0826-teimww:passage>
  <p0826-teimww:passage id="ww_a2ce41f3a1ea6202">
    <knoraXmlImport:label>passage</knoraXmlImport:label>
    <p0826-teimww:occursIn>
      <p0826-teimww:book knoraType="link_value" linkType="ref" target="ww_3e15ab6c612eadae"/>
    </p0826-teimww:occursIn>
  </p0826-teimww:passage>
  <p0826-teimww:passage id="ww_cdb8c5ac9e54fe9e">
    <knoraXmlImport:label>passage</knoraXmlImport:label>
    <p0826-teimww:contains>
      <p0826-teimww:lexia knoraType="link_value" linkType="ref" target="ww_f2a88cf6d441f8bf"/>
    </p0826-teimww:contains>
    <p0826-teimww:hasPage knoraType="richtext_value">75; act 5, scene 3.</p0826-teimww:hasPage>
    <p0826-teimww:hasText knoraType="richtext_value">[Ulysses:] Thus we see ended all these fatal Broils,&lt;br&gt; 
The Plague of War, and Ten Years constant Toils - &lt;br&gt;
First lend each noble Arm to lift in State,&lt;br&gt;
This gallant Corps, and mourn &lt;i&gt;Achilles Fate;&lt;/i&gt; &lt;br&gt;
&lt;span class="quote"&gt;Then, like a Soldier, bear him to the Fleet, &lt;/span&gt;&lt;br&gt;
Losing no time to court inconstant Gales, &lt;br&gt;
But with glad Shouts fill all our empty Sails, &lt;br&gt;
Turning our Joyful Eyes upon the Plain, &lt;br&gt;
Where the sad Troy in Ashes does remain.</p0826-teimww:hasText>
    <p0826-teimww:isMentionedIn>
      <p0826-teimww:passage knoraType="link_value" linkType="ref" target="ww_1dc8f8d07d3af505"/>
    </p0826-teimww:isMentionedIn>
    <p0826-teimww:occursIn>
      <p0826-teimww:book knoraType="link_value" linkType="ref" target="ww_2e2f43dcbe1bf6ef"/>
    </p0826-teimww:occursIn>
    <p0826-teimww:wasContributedBy>
      <p0826-teimww:person knoraType="link_value" linkType="ref" target="ww_8106744e44c77c96"/>
    </p0826-teimww:wasContributedBy>
  </p0826-teimww:passage>
  <p0826-teimww:passage id="ww_1dc8f8d07d3af505">
    <knoraXmlImport:label>passage</knoraXmlImport:label>
    <p0826-teimww:occursIn>
      <p0826-teimww:book knoraType="link_value" linkType="ref" target="ww_3e15ab6c612eadae"/>
    </p0826-teimww:occursIn>
  </p0826-teimww:passage>
  <p0826-teimww:passage id="ww_bcc835a51219d969">
    <knoraXmlImport:label>passage</knoraXmlImport:label>
    <p0826-teimww:contains>
      <p0826-teimww:lexia knoraType="link_value" linkType="ref" target="ww_6f3b9a162cbc0aea"/>
    </p0826-teimww:contains>
    <p0826-teimww:hasPage knoraType="richtext_value">156; act 3, scene 3, lines 250-257.</p0826-teimww:hasPage>
    <p0826-teimww:hasText knoraType="richtext_value">[Torrismond:] Ten thousand Plagues consume him, Furies drag him,&lt;br&gt;
Fiends tear him; Blasted be the Arm that strook,&lt;br&gt;
The Tongue that order'd; - Onely She be spar'd&lt;br&gt;
That hindred not the Deed. O, where was then&lt;br&gt;
&lt;span class="quote"&gt;The Power that guards the Sacred Lives of Kings&lt;/span&gt;?&lt;br&gt;
Why slept the Lightning and the Thunder-bolts,&lt;br&gt;
Or bent their idle rage on Fields and Trees,&lt;br&gt;
When Vengeance call'd 'em here?</p0826-teimww:hasText>
    <p0826-teimww:isMentionedIn>
      <p0826-teimww:passage knoraType="link_value" linkType="ref" target="ww_04c4d82e7cb01c5a"/>
    </p0826-teimww:isMentionedIn>
    <p0826-teimww:occursIn>
      <p0826-teimww:book knoraType="link_value" linkType="ref" target="ww_817d6b82af7fc826"/>
    </p0826-teimww:occursIn>
    <p0826-teimww:wasContributedBy>
      <p0826-teimww:person knoraType="link_value" linkType="ref" target="ww_6965a91ff78934d7"/>
    </p0826-teimww:wasContributedBy>
  </p0826-teimww:passage>
  <p0826-teimww:passage id="ww_04c4d82e7cb01c5a">
    <knoraXmlImport:label>passage</knoraXmlImport:label>
    <p0826-teimww:occursIn>
      <p0826-teimww:book knoraType="link_value" linkType="ref" target="ww_c1ca40b688cca87f"/>
    </p0826-teimww:occursIn>
  </p0826-teimww:passage>
  <p0826-teimww:passage id="ww_e9baffbb3d7aad0e">
    <knoraXmlImport:label>passage</knoraXmlImport:label>
    <p0826-teimww:contains>
      <p0826-teimww:lexia knoraType="link_value" linkType="ref" target="ww_89a977a4500a1050"/>
    </p0826-teimww:contains>
    <p0826-teimww:hasPage knoraType="richtext_value">42.</p0826-teimww:hasPage>
    <p0826-teimww:hasText knoraType="richtext_value">[Eugen:] The first missionaries of your Religion, bequeath'd but twelve Articles to be belliev'd by us and she has lately improved them into the jolly number of Falstaff's &lt;span class="quote"&gt;Buckram-men &lt;/span&gt;[...].</p0826-teimww:hasText>
    <p0826-teimww:isMentionedIn>
      <p0826-teimww:passage knoraType="link_value" linkType="ref" target="ww_92f38479e387f2f4"/>
    </p0826-teimww:isMentionedIn>
    <p0826-teimww:occursIn>
      <p0826-teimww:book knoraType="link_value" linkType="ref" target="ww_d3d306a3e22d0da0"/>
    </p0826-teimww:occursIn>
    <p0826-teimww:wasContributedBy>
      <p0826-teimww:person knoraType="link_value" linkType="ref" target="ww_c4063e9c72a3ffd2"/>
    </p0826-teimww:wasContributedBy>
  </p0826-teimww:passage>
  <p0826-teimww:passage id="ww_92f38479e387f2f4">
    <knoraXmlImport:label>passage</knoraXmlImport:label>
    <p0826-teimww:occursIn>
      <p0826-teimww:book knoraType="link_value" linkType="ref" target="ww_aee75c33920a3b79"/>
    </p0826-teimww:occursIn>
  </p0826-teimww:passage>
  <p0826-teimww:passage id="ww_21fcbfcb83952d6b">
    <knoraXmlImport:label>passage</knoraXmlImport:label>
    <p0826-teimww:contains>
      <p0826-teimww:lexia knoraType="link_value" linkType="ref" target="ww_e35c78d3bc4379a2"/>
    </p0826-teimww:contains>
    <p0826-teimww:hasPage knoraType="richtext_value">264-265; act 3, scene 3.</p0826-teimww:hasPage>
    <p0826-teimww:hasText knoraType="richtext_value">[Melanax:] I told thee true: &lt;br&gt;
But &lt;i&gt;Lucifer&lt;/i&gt;, as he who foremost fell, &lt;br&gt;
So now lies lowest in th'Abyss of Hell. &lt;br&gt;
Chain'd till the dreadful Doom, in place of whom &lt;br&gt;
Sits &lt;i&gt;Beelzebub&lt;/i&gt;, Vicegerent of the damn'd, &lt;br&gt;
Who listning downward hears his roaring Lord, &lt;br&gt;
And executes his purpose, but no more &lt;br&gt;
&lt;span class="quote"&gt;The morning creeps behind yon Eastern hill,&lt;/span&gt; &lt;br&gt;
And now the Guard is mine, to drive the Elves &lt;br&gt;
And foolish Fairies from their Moon-light Play, &lt;br&gt;
And lash the Laggers from the sight of day. &lt;br&gt;
(Descends.)</p0826-teimww:hasText>
    <p0826-teimww:isMentionedIn>
      <p0826-teimww:passage knoraType="link_value" linkType="ref" target="ww_2c2b17f8fb35636c"/>
    </p0826-teimww:isMentionedIn>
    <p0826-teimww:occursIn>
      <p0826-teimww:book knoraType="link_value" linkType="ref" target="ww_fafacaceace47d73"/>
    </p0826-teimww:occursIn>
    <p0826-teimww:wasContributedBy>
      <p0826-teimww:person knoraType="link_value" linkType="ref" target="ww_b05ab3db9fd9054a"/>
    </p0826-teimww:wasContributedBy>
  </p0826-teimww:passage>
  <p0826-teimww:passage id="ww_2c2b17f8fb35636c">
    <knoraXmlImport:label>passage</knoraXmlImport:label>
    <p0826-teimww:occursIn>
      <p0826-teimww:book knoraType="link_value" linkType="ref" target="ww_3e15ab6c612eadae"/>
    </p0826-teimww:occursIn>
  </p0826-teimww:passage>
  <p0826-teimww:passage id="ww_274a066887b364f4">
    <knoraXmlImport:label>passage</knoraXmlImport:label>
    <p0826-teimww:contains>
      <p0826-teimww:lexia knoraType="link_value" linkType="ref" target="ww_b588301a0a47d581"/>
    </p0826-teimww:contains>
    <p0826-teimww:hasPage knoraType="richtext_value">56, act 5, scene 1.</p0826-teimww:hasPage>
    <p0826-teimww:hasText knoraType="richtext_value">[Norfolk:] My Queen! my lovely Alban Queen! sure I'me &lt;br&gt;
Already dead, and this the happy Place &lt;br&gt;
Where Souls like hers receive their blest Rewards. &lt;br&gt;
[Queen Mary:] Turn wretched Duke, or e're Death seals thy Eyes, &lt;br&gt;
This moment tear 'em out, as I wou'd mine. &lt;br&gt;
Shun me, as, if thou coud'st, thy horrid Fate, &lt;br&gt;
&lt;span class="quote"&gt;Or a Goblin damn'd.&lt;/span&gt; &lt;br&gt;
[Norfolk:] What says my Goddess Queen? &lt;br&gt;
[Queen Mary:] Is not your wrong'd and mighty Spirit shockt? &lt;br&gt;
And Death a much more welcome Guest than I? &lt;br&gt;
And worse to see me than to feel the Blow? &lt;br&gt;
[Norfolk:] By all your Wrongs and mine -</p0826-teimww:hasText>
    <p0826-teimww:isMentionedIn>
      <p0826-teimww:passage knoraType="link_value" linkType="ref" target="ww_a4bf8cf382db4629"/>
    </p0826-teimww:isMentionedIn>
    <p0826-teimww:occursIn>
      <p0826-teimww:book knoraType="link_value" linkType="ref" target="ww_a36c017b75063fe1"/>
    </p0826-teimww:occursIn>
    <p0826-teimww:wasContributedBy>
      <p0826-teimww:person knoraType="link_value" linkType="ref" target="ww_c4063e9c72a3ffd2"/>
    </p0826-teimww:wasContributedBy>
  </p0826-teimww:passage>
  <p0826-teimww:passage id="ww_a4bf8cf382db4629">
    <knoraXmlImport:label>passage</knoraXmlImport:label>
    <p0826-teimww:occursIn>
      <p0826-teimww:book knoraType="link_value" linkType="ref" target="ww_3e15ab6c612eadae"/>
    </p0826-teimww:occursIn>
  </p0826-teimww:passage>
  <p0826-teimww:passage id="ww_31f97bd45fab0de1">
    <knoraXmlImport:label>passage</knoraXmlImport:label>
    <p0826-teimww:contains>
      <p0826-teimww:lexia knoraType="link_value" linkType="ref" target="ww_94c3132d084e725c"/>
    </p0826-teimww:contains>
    <p0826-teimww:hasPage knoraType="richtext_value">39; act 5, scene 1.</p0826-teimww:hasPage>
    <p0826-teimww:hasText knoraType="richtext_value">[Woman:] Here comes the Hell-bred Villain! &lt;br&gt;
The father of this black and dismall Issue. &lt;br&gt;
Moor do'st thou know this brat? &lt;br&gt;
[Aron:] Yes, Princes &lt;span class="quote"&gt;be kind to't, 'tis of kin to you&lt;/span&gt;. &lt;br&gt;
[Chiron:] Accursed Off-spring! &lt;br&gt;
[Demetrius:] It shall not Live. &lt;br&gt;
[Aron:] It shall not; Princes, for the love I bear to you and to the Empress, it shall not. &lt;br&gt;
[Demetrius:] Give it me, my sword shall dispatch it, &lt;br&gt;
[Aron.:] Let no hand but mine do Execution. (Aron takes the Child from the Woman).</p0826-teimww:hasText>
    <p0826-teimww:isMentionedIn>
      <p0826-teimww:passage knoraType="link_value" linkType="ref" target="ww_a2ce41f3a1ea6202"/>
    </p0826-teimww:isMentionedIn>
    <p0826-teimww:occursIn>
      <p0826-teimww:book knoraType="link_value" linkType="ref" target="ww_650a201212eb349b"/>
    </p0826-teimww:occursIn>
    <p0826-teimww:wasContributedBy>
      <p0826-teimww:person knoraType="link_value" linkType="ref" target="ww_5fbb1eab1b30dfee"/>
    </p0826-teimww:wasContributedBy>
  </p0826-teimww:passage>
  <p0826-teimww:passage id="ww_a00765b5f8bb27f1">
    <knoraXmlImport:label>passage</knoraXmlImport:label>
    <p0826-teimww:contains>
      <p0826-teimww:lexia knoraType="link_value" linkType="ref" target="ww_0410e579461821e2"/>
    </p0826-teimww:contains>
    <p0826-teimww:hasPage knoraType="richtext_value">108.</p0826-teimww:hasPage>
    <p0826-teimww:hasText knoraType="richtext_value">I. "As you came from that holy land&lt;br&gt;
Of Walsingham,&lt;br&gt;
Met you not with my true love&lt;br&gt;
By the way as you came?"&lt;br&gt;
II. &lt;span class="quote"&gt;"How should I, Sir, your true love know,&lt;br&gt;&lt;/span&gt;
That have met many a one&lt;br&gt;
As I came from that holy land,&lt;br&gt;
That have come, that have gone?"</p0826-teimww:hasText>
    <p0826-teimww:isMentionedIn>
      <p0826-teimww:passage knoraType="link_value" linkType="ref" target="ww_4970661a5c78104c"/>
    </p0826-teimww:isMentionedIn>
    <p0826-teimww:isMentionedIn>
      <p0826-teimww:passage knoraType="link_value" linkType="ref" target="ww_73540d297fc2232b"/>
    </p0826-teimww:isMentionedIn>
    <p0826-teimww:isMentionedIn>
      <p0826-teimww:passage knoraType="link_value" linkType="ref" target="ww_2745931b7feef4d7"/>
    </p0826-teimww:isMentionedIn>
    <p0826-teimww:occursIn>
      <p0826-teimww:book knoraType="link_value" linkType="ref" target="ww_05a629a7b774cea6"/>
    </p0826-teimww:occursIn>
    <p0826-teimww:wasContributedBy>
      <p0826-teimww:person knoraType="link_value" linkType="ref" target="ww_c4063e9c72a3ffd2"/>
    </p0826-teimww:wasContributedBy>
  </p0826-teimww:passage>
  <p0826-teimww:passage id="ww_73540d297fc2232b">
    <knoraXmlImport:label>passage</knoraXmlImport:label>
    <p0826-teimww:occursIn>
      <p0826-teimww:book knoraType="link_value" linkType="ref" target="ww_94da1c067c3069f6"/>
    </p0826-teimww:occursIn>
  </p0826-teimww:passage>
  <p0826-teimww:passage id="ww_2745931b7feef4d7">
    <knoraXmlImport:label>passage</knoraXmlImport:label>
    <p0826-teimww:occursIn>
      <p0826-teimww:book knoraType="link_value" linkType="ref" target="ww_b3931845d54b98d5"/>
    </p0826-teimww:occursIn>
  </p0826-teimww:passage>
  <p0826-teimww:passage id="ww_4970661a5c78104c">
    <knoraXmlImport:label>passage</knoraXmlImport:label>
    <p0826-teimww:occursIn>
      <p0826-teimww:book knoraType="link_value" linkType="ref" target="ww_0dd5e309103973fb"/>
    </p0826-teimww:occursIn>
  </p0826-teimww:passage>
  <p0826-teimww:passage id="ww_d8045b07c6512e6b">
    <knoraXmlImport:label>passage</knoraXmlImport:label>
    <p0826-teimww:contains>
      <p0826-teimww:lexia knoraType="link_value" linkType="ref" target="ww_ba4a4883b430099d"/>
    </p0826-teimww:contains>
    <p0826-teimww:hasPage knoraType="richtext_value">N.p. [normalized spelling].</p0826-teimww:hasPage>
    <p0826-teimww:hasPageHist knoraType="richtext_value">N.p.</p0826-teimww:hasPageHist>
    <p0826-teimww:hasText knoraType="richtext_value">[...] &lt;span class="quote"&gt;pith and marrow&lt;/span&gt; [...].</p0826-teimww:hasText>
    <p0826-teimww:hasTextHist knoraType="richtext_value">[...] &lt;span class="quote"&gt;pith and mary&lt;/span&gt; [...].</p0826-teimww:hasTextHist>
    <p0826-teimww:isMentionedIn>
      <p0826-teimww:passage knoraType="link_value" linkType="ref" target="ww_08e1c58b05535770"/>
    </p0826-teimww:isMentionedIn>
    <p0826-teimww:occursIn>
      <p0826-teimww:book knoraType="link_value" linkType="ref" target="ww_8370dfd26f56e74d"/>
    </p0826-teimww:occursIn>
    <p0826-teimww:wasContributedBy>
      <p0826-teimww:person knoraType="link_value" linkType="ref" target="ww_c4063e9c72a3ffd2"/>
    </p0826-teimww:wasContributedBy>
  </p0826-teimww:passage>
  <p0826-teimww:passage id="ww_08e1c58b05535770">
    <knoraXmlImport:label>passage</knoraXmlImport:label>
    <p0826-teimww:occursIn>
      <p0826-teimww:book knoraType="link_value" linkType="ref" target="ww_fb9509be352bd917"/>
    </p0826-teimww:occursIn>
  </p0826-teimww:passage>
  <p0826-teimww:passage id="ww_083fd691b893f357">
    <knoraXmlImport:label>passage</knoraXmlImport:label>
    <p0826-teimww:contains>
      <p0826-teimww:lexia knoraType="link_value" linkType="ref" target="ww_0778f6fd6c96ba41"/>
    </p0826-teimww:contains>
    <p0826-teimww:hasText knoraType="richtext_value">&lt;span class="quote"&gt;Truepenny&lt;/span&gt;</p0826-teimww:hasText>
    <p0826-teimww:hasTextHist knoraType="richtext_value">&lt;span class="quote"&gt;Truepenie&lt;/span&gt;</p0826-teimww:hasTextHist>
    <p0826-teimww:isMentionedIn>
      <p0826-teimww:passage knoraType="link_value" linkType="ref" target="ww_d78cc33a7164a30e"/>
    </p0826-teimww:isMentionedIn>
    <p0826-teimww:occursIn>
      <p0826-teimww:book knoraType="link_value" linkType="ref" target="ww_662026e87e8e4f6d"/>
    </p0826-teimww:occursIn>
    <p0826-teimww:wasContributedBy>
      <p0826-teimww:person knoraType="link_value" linkType="ref" target="ww_c4063e9c72a3ffd2"/>
    </p0826-teimww:wasContributedBy>
  </p0826-teimww:passage>
  <p0826-teimww:passage id="ww_d78cc33a7164a30e">
    <knoraXmlImport:label>passage</knoraXmlImport:label>
    <p0826-teimww:occursIn>
      <p0826-teimww:book knoraType="link_value" linkType="ref" target="ww_91e0dc4c671938fa"/>
    </p0826-teimww:occursIn>
  </p0826-teimww:passage>
  <p0826-teimww:passage id="ww_136a9e275b7f1edc">
    <knoraXmlImport:label>passage</knoraXmlImport:label>
    <p0826-teimww:contains>
      <p0826-teimww:lexia knoraType="link_value" linkType="ref" target="ww_c235135b3cf7f6ec"/>
    </p0826-teimww:contains>
    <p0826-teimww:hasPage knoraType="richtext_value">A2 recto [normalized spelling].</p0826-teimww:hasPage>
    <p0826-teimww:hasPageHist knoraType="richtext_value">A2 recto.</p0826-teimww:hasPageHist>
    <p0826-teimww:hasText knoraType="richtext_value">Then his sentences must be &lt;span class="quote"&gt;well framed &lt;/span&gt;and his words aptly used &lt;span class="quote"&gt;through the whole discourse of his Oracion.&lt;/span&gt;</p0826-teimww:hasText>
    <p0826-teimww:hasTextHist knoraType="richtext_value">Then his sentences must be &lt;span class="quote"&gt;wel framed &lt;/span&gt;and his wordes aptly used &lt;span class="quote"&gt;through the whole discourse of his Oracion.&lt;/span&gt;</p0826-teimww:hasTextHist>
    <p0826-teimww:isMentionedIn>
      <p0826-teimww:passage knoraType="link_value" linkType="ref" target="ww_00ab235501867083"/>
    </p0826-teimww:isMentionedIn>
    <p0826-teimww:occursIn>
      <p0826-teimww:book knoraType="link_value" linkType="ref" target="ww_23b1c6dd41bb53d0"/>
    </p0826-teimww:occursIn>
    <p0826-teimww:wasContributedBy>
      <p0826-teimww:person knoraType="link_value" linkType="ref" target="ww_c4063e9c72a3ffd2"/>
    </p0826-teimww:wasContributedBy>
  </p0826-teimww:passage>
  <p0826-teimww:passage id="ww_00ab235501867083">
    <knoraXmlImport:label>passage</knoraXmlImport:label>
    <p0826-teimww:occursIn>
      <p0826-teimww:book knoraType="link_value" linkType="ref" target="ww_160b060adc5c12bf"/>
    </p0826-teimww:occursIn>
  </p0826-teimww:passage>
  <p0826-teimww:passage id="ww_66b6614569557cd9">
    <knoraXmlImport:label>passage</knoraXmlImport:label>
    <p0826-teimww:contains>
      <p0826-teimww:lexia knoraType="link_value" linkType="ref" target="ww_c909b93763ceae4b"/>
    </p0826-teimww:contains>
    <p0826-teimww:hasText knoraType="richtext_value">Vickers nonpubl CiceroDolman "if my sense shall be extinct, and my death resemble sleep, which often without any trouble of dreams, doth bring a man most quiet rest, (O Lorde) what pleasure shall death be to me!" (1.41.97; Sig. G6r). If it be true, Socrates continues, "that death is a departure into these regions, which all they inhabite, that are departed out of this life", then "this ought to seem a sweet pilgrimage" (1.41.98; Sig. G6r-v). Cicero reiterated these sentiments, wishing “that either men would hereafter desire death, ot at the least wise, cease to fear it. For if at the last day of our life, our souls die not, but only change their place, what ought we more to wish? But if death do utterly destroy us, what can be better, than in the rage of great storms, sweetly to slumber? and after that a man hath nodded out of this life, to sleep everlastingly.(1.49.117; Sig. H8r) The parallels [...] link up with Hamlet's later metaphor of death as "The undiscover'd country, from whose bourn / No traveller returns".</p0826-teimww:hasText>
    <p0826-teimww:hasTextHist knoraType="richtext_value">Vickers nonpubl CiceroDolman "yf my sense shall be extyncte, and my death resemble sleepe, whyche often wythout anye trouble of dreames, doth brynge a man most quiete reste, (O Lorde) what pleasure shal death be to me!" (1.41.97; Sig. G6r). If it be true, Socrates continues, "that death is a departure into these regions, which all they inhabite, that are departed out of this life", then "this oughte to seem a sweete pilgrymage" (1.41.98; Sig. G6r-v). Cicero reiterated these sentiments, wishing “that either men would hreafter desyre death, ot at the least wise, cease to feare it. For if at the last daye of our life, our soules dye not, but onely chaunge their place, what ought we more to wyshe? But if death do utterly destroye us, what can be better, than in the rage of great stormes, swetely to slumber? and after that a man hath nodded out of this life, to sleepe everlastingly.W (1.49.117; Sig. H8r) The parallels [...] link up with Hamlet's later metaphor of death as "The undiscover'd country, from whose bourn / No traveller returns".</p0826-teimww:hasTextHist>
    <p0826-teimww:isMentionedIn>
      <p0826-teimww:passage knoraType="link_value" linkType="ref" target="ww_c9d71c45a541e3a7"/>
    </p0826-teimww:isMentionedIn>
    <p0826-teimww:occursIn>
      <p0826-teimww:book knoraType="link_value" linkType="ref" target="ww_40bf667f37d87577"/>
    </p0826-teimww:occursIn>
    <p0826-teimww:wasContributedBy>
      <p0826-teimww:person knoraType="link_value" linkType="ref" target="ww_c4063e9c72a3ffd2"/>
    </p0826-teimww:wasContributedBy>
  </p0826-teimww:passage>
  <p0826-teimww:passage id="ww_c9d71c45a541e3a7">
    <knoraXmlImport:label>passage</knoraXmlImport:label>
    <p0826-teimww:occursIn>
      <p0826-teimww:book knoraType="link_value" linkType="ref" target="ww_e9b2a04d2a7fd579"/>
    </p0826-teimww:occursIn>
  </p0826-teimww:passage>
  <p0826-teimww:passage id="ww_f5f7797d11e75f84">
    <knoraXmlImport:label>passage</knoraXmlImport:label>
    <p0826-teimww:contains>
      <p0826-teimww:lexia knoraType="link_value" linkType="ref" target="ww_f7c8b5ae81c23bc0"/>
    </p0826-teimww:contains>
    <p0826-teimww:hasPage knoraType="richtext_value">B6 verso [normalized spelling].</p0826-teimww:hasPage>
    <p0826-teimww:hasPageHist knoraType="richtext_value">B6 verso.</p0826-teimww:hasPageHist>
    <p0826-teimww:hasText knoraType="richtext_value">Perchance I have not told you all that I think; for &lt;span class="quote"&gt;not to be when you have been, &lt;/span&gt;I think is the greatest misery that may be. </p0826-teimww:hasText>
    <p0826-teimww:hasTextHist knoraType="richtext_value">Perchaunce I have not tolde you all that I thinke; for &lt;span class="quote"&gt;not to be when you have bene, &lt;/span&gt;I thinke is the greatest misery that may be. </p0826-teimww:hasTextHist>
    <p0826-teimww:isMentionedIn>
      <p0826-teimww:passage knoraType="link_value" linkType="ref" target="ww_289b0294e0751c18"/>
    </p0826-teimww:isMentionedIn>
    <p0826-teimww:isMentionedIn>
      <p0826-teimww:passage knoraType="link_value" linkType="ref" target="ww_67cc6e3a50627562"/>
    </p0826-teimww:isMentionedIn>
    <p0826-teimww:occursIn>
      <p0826-teimww:book knoraType="link_value" linkType="ref" target="ww_40bf667f37d87577"/>
    </p0826-teimww:occursIn>
    <p0826-teimww:wasContributedBy>
      <p0826-teimww:person knoraType="link_value" linkType="ref" target="ww_c4063e9c72a3ffd2"/>
    </p0826-teimww:wasContributedBy>
  </p0826-teimww:passage>
  <p0826-teimww:passage id="ww_289b0294e0751c18">
    <knoraXmlImport:label>passage</knoraXmlImport:label>
    <p0826-teimww:occursIn>
      <p0826-teimww:book knoraType="link_value" linkType="ref" target="ww_e9b2a04d2a7fd579"/>
    </p0826-teimww:occursIn>
  </p0826-teimww:passage>
  <p0826-teimww:passage id="ww_67cc6e3a50627562">
    <knoraXmlImport:label>passage</knoraXmlImport:label>
    <p0826-teimww:occursIn>
      <p0826-teimww:book knoraType="link_value" linkType="ref" target="ww_57b895420c0ddd3e"/>
    </p0826-teimww:occursIn>
  </p0826-teimww:passage>
  <p0826-teimww:passage id="ww_11c85575c382cefd">
    <knoraXmlImport:label>passage</knoraXmlImport:label>
    <p0826-teimww:contains>
      <p0826-teimww:lexia knoraType="link_value" linkType="ref" target="ww_f7c8b5ae81c23bc0"/>
    </p0826-teimww:contains>
    <p0826-teimww:hasPage knoraType="richtext_value">B7 recto [normalized spelling].</p0826-teimww:hasPage>
    <p0826-teimww:hasPageHist knoraType="richtext_value">B7 recto.</p0826-teimww:hasPageHist>
    <p0826-teimww:hasText knoraType="richtext_value">[...] &lt;span class="quote"&gt;they be not as they have been&lt;/span&gt; [...].</p0826-teimww:hasText>
    <p0826-teimww:hasTextHist knoraType="richtext_value">[...] &lt;span class="quote"&gt;they be not as they have bene&lt;/span&gt; [...].</p0826-teimww:hasTextHist>
    <p0826-teimww:isMentionedIn>
      <p0826-teimww:passage knoraType="link_value" linkType="ref" target="ww_a13e550b8551db36"/>
    </p0826-teimww:isMentionedIn>
    <p0826-teimww:isMentionedIn>
      <p0826-teimww:passage knoraType="link_value" linkType="ref" target="ww_e0962ca1319e4608"/>
    </p0826-teimww:isMentionedIn>
    <p0826-teimww:occursIn>
      <p0826-teimww:book knoraType="link_value" linkType="ref" target="ww_40bf667f37d87577"/>
    </p0826-teimww:occursIn>
    <p0826-teimww:wasContributedBy>
      <p0826-teimww:person knoraType="link_value" linkType="ref" target="ww_c4063e9c72a3ffd2"/>
    </p0826-teimww:wasContributedBy>
  </p0826-teimww:passage>
  <p0826-teimww:passage id="ww_a13e550b8551db36">
    <knoraXmlImport:label>passage</knoraXmlImport:label>
    <p0826-teimww:occursIn>
      <p0826-teimww:book knoraType="link_value" linkType="ref" target="ww_57b895420c0ddd3e"/>
    </p0826-teimww:occursIn>
  </p0826-teimww:passage>
  <p0826-teimww:passage id="ww_e0962ca1319e4608">
    <knoraXmlImport:label>passage</knoraXmlImport:label>
    <p0826-teimww:occursIn>
      <p0826-teimww:book knoraType="link_value" linkType="ref" target="ww_e9b2a04d2a7fd579"/>
    </p0826-teimww:occursIn>
  </p0826-teimww:passage>
  <p0826-teimww:passage id="ww_ef106ed79fba6e36">
    <knoraXmlImport:label>passage</knoraXmlImport:label>
    <p0826-teimww:contains>
      <p0826-teimww:lexia knoraType="link_value" linkType="ref" target="ww_f7c8b5ae81c23bc0"/>
    </p0826-teimww:contains>
    <p0826-teimww:hasPage knoraType="richtext_value">B7 verso.</p0826-teimww:hasPage>
    <p0826-teimww:hasText knoraType="richtext_value">[...] whatsoever you do so pronounce must not &lt;span class="quote"&gt;either be or not be.&lt;/span&gt;</p0826-teimww:hasText>
    <p0826-teimww:isMentionedIn>
      <p0826-teimww:passage knoraType="link_value" linkType="ref" target="ww_b32148087427dd02"/>
    </p0826-teimww:isMentionedIn>
    <p0826-teimww:isMentionedIn>
      <p0826-teimww:passage knoraType="link_value" linkType="ref" target="ww_e135ec29442a7b6a"/>
    </p0826-teimww:isMentionedIn>
    <p0826-teimww:occursIn>
      <p0826-teimww:book knoraType="link_value" linkType="ref" target="ww_40bf667f37d87577"/>
    </p0826-teimww:occursIn>
    <p0826-teimww:wasContributedBy>
      <p0826-teimww:person knoraType="link_value" linkType="ref" target="ww_c4063e9c72a3ffd2"/>
    </p0826-teimww:wasContributedBy>
  </p0826-teimww:passage>
  <p0826-teimww:passage id="ww_e135ec29442a7b6a">
    <knoraXmlImport:label>passage</knoraXmlImport:label>
    <p0826-teimww:occursIn>
      <p0826-teimww:book knoraType="link_value" linkType="ref" target="ww_e9b2a04d2a7fd579"/>
    </p0826-teimww:occursIn>
  </p0826-teimww:passage>
  <p0826-teimww:passage id="ww_b32148087427dd02">
    <knoraXmlImport:label>passage</knoraXmlImport:label>
    <p0826-teimww:occursIn>
      <p0826-teimww:book knoraType="link_value" linkType="ref" target="ww_57b895420c0ddd3e"/>
    </p0826-teimww:occursIn>
  </p0826-teimww:passage>
  <p0826-teimww:passage id="ww_06e9ac55c1e11fdf">
    <knoraXmlImport:label>passage</knoraXmlImport:label>
    <p0826-teimww:contains>
      <p0826-teimww:lexia knoraType="link_value" linkType="ref" target="ww_a31746659974f691"/>
    </p0826-teimww:contains>
    <p0826-teimww:hasPage knoraType="richtext_value">328 [normalized spelling].</p0826-teimww:hasPage>
    <p0826-teimww:hasPageHist knoraType="richtext_value">326.</p0826-teimww:hasPageHist>
    <p0826-teimww:hasText knoraType="richtext_value">Keep my hands from &lt;span class="quote"&gt;picking and stealing, &lt;/span&gt;and my tongue from evil speaking, lying and slandering.</p0826-teimww:hasText>
    <p0826-teimww:hasTextHist knoraType="richtext_value">Kepe my handes from &lt;span class="quote"&gt;picking and stealing, &lt;/span&gt;and my tongue from evill speaking, lying and slandring.</p0826-teimww:hasTextHist>
    <p0826-teimww:isMentionedIn>
      <p0826-teimww:passage knoraType="link_value" linkType="ref" target="ww_effd62b588f290c4"/>
    </p0826-teimww:isMentionedIn>
    <p0826-teimww:occursIn>
      <p0826-teimww:book knoraType="link_value" linkType="ref" target="ww_dc7d1d212ce7e04d"/>
    </p0826-teimww:occursIn>
    <p0826-teimww:wasContributedBy>
      <p0826-teimww:person knoraType="link_value" linkType="ref" target="ww_c4063e9c72a3ffd2"/>
    </p0826-teimww:wasContributedBy>
  </p0826-teimww:passage>
  <p0826-teimww:passage id="ww_effd62b588f290c4">
    <knoraXmlImport:label>passage</knoraXmlImport:label>
    <p0826-teimww:occursIn>
      <p0826-teimww:book knoraType="link_value" linkType="ref" target="ww_0b28ed19a0540e1d"/>
    </p0826-teimww:occursIn>
  </p0826-teimww:passage>
  <p0826-teimww:passage id="ww_f5e0bc809a357b84">
    <knoraXmlImport:label>passage</knoraXmlImport:label>
    <p0826-teimww:contains>
      <p0826-teimww:lexia knoraType="link_value" linkType="ref" target="ww_ae0e321f7d982a05"/>
    </p0826-teimww:contains>
    <p0826-teimww:hasPage knoraType="richtext_value">356; section "Burial Service".</p0826-teimww:hasPage>
    <p0826-teimww:hasText knoraType="richtext_value">[...] &lt;span class="quote"&gt;ashes to ashes&lt;/span&gt; [...].</p0826-teimww:hasText>
    <p0826-teimww:isMentionedIn>
      <p0826-teimww:passage knoraType="link_value" linkType="ref" target="ww_cdb8d6fe502291dd"/>
    </p0826-teimww:isMentionedIn>
    <p0826-teimww:occursIn>
      <p0826-teimww:book knoraType="link_value" linkType="ref" target="ww_dc7d1d212ce7e04d"/>
    </p0826-teimww:occursIn>
    <p0826-teimww:wasContributedBy>
      <p0826-teimww:person knoraType="link_value" linkType="ref" target="ww_c4063e9c72a3ffd2"/>
    </p0826-teimww:wasContributedBy>
  </p0826-teimww:passage>
  <p0826-teimww:passage id="ww_cdb8d6fe502291dd">
    <knoraXmlImport:label>passage</knoraXmlImport:label>
    <p0826-teimww:occursIn>
      <p0826-teimww:book knoraType="link_value" linkType="ref" target="ww_0dd5e309103973fb"/>
    </p0826-teimww:occursIn>
  </p0826-teimww:passage>
  <p0826-teimww:passage id="ww_ea275e1578b0d332">
    <knoraXmlImport:label>passage</knoraXmlImport:label>
    <p0826-teimww:contains>
      <p0826-teimww:lexia knoraType="link_value" linkType="ref" target="ww_2d71c4e855d9a5eb"/>
    </p0826-teimww:contains>
    <p0826-teimww:hasPage knoraType="richtext_value">360; section "Burial Service".</p0826-teimww:hasPage>
    <p0826-teimww:hasPageHist knoraType="richtext_value">N.p.</p0826-teimww:hasPageHist>
    <p0826-teimww:hasText knoraType="richtext_value">[...] &lt;span class="quote"&gt;delivered from the burden of the flesh &lt;/span&gt;[...] &lt;/span class="quote"&gt;in joy and felicity.&lt;/span&gt;</p0826-teimww:hasText>
    <p0826-teimww:hasTextHist knoraType="richtext_value">[...] deliuered from the burden of the flesh [...] in ioy and felicitie</p0826-teimww:hasTextHist>
    <p0826-teimww:isMentionedIn>
      <p0826-teimww:passage knoraType="link_value" linkType="ref" target="ww_722babec02a9a7d9"/>
    </p0826-teimww:isMentionedIn>
    <p0826-teimww:occursIn>
      <p0826-teimww:book knoraType="link_value" linkType="ref" target="ww_dc7d1d212ce7e04d"/>
    </p0826-teimww:occursIn>
    <p0826-teimww:wasContributedBy>
      <p0826-teimww:person knoraType="link_value" linkType="ref" target="ww_c4063e9c72a3ffd2"/>
    </p0826-teimww:wasContributedBy>
  </p0826-teimww:passage>
  <p0826-teimww:passage id="ww_722babec02a9a7d9">
    <knoraXmlImport:label>passage</knoraXmlImport:label>
    <p0826-teimww:occursIn>
      <p0826-teimww:book knoraType="link_value" linkType="ref" target="ww_0b28ed19a0540e1d"/>
    </p0826-teimww:occursIn>
  </p0826-teimww:passage>
  <p0826-teimww:passage id="ww_297165c70aa405de">
    <knoraXmlImport:label>passage</knoraXmlImport:label>
    <p0826-teimww:contains>
      <p0826-teimww:lexia knoraType="link_value" linkType="ref" target="ww_e600b3175d2bea1a"/>
    </p0826-teimww:contains>
    <p0826-teimww:hasPage knoraType="richtext_value">310; section "Publique Baptism" [normalised spelling].</p0826-teimww:hasPage>
    <p0826-teimww:hasPageHist knoraType="richtext_value">310.</p0826-teimww:hasPageHist>
    <p0826-teimww:hasText knoraType="richtext_value">[...] May so pass &lt;span class="quote"&gt;the waves of this troublesome world&lt;/span&gt; [...].</p0826-teimww:hasText>
    <p0826-teimww:hasTextHist knoraType="richtext_value">May so passe &lt;span class="quote"&gt;the waues of this troublesome world&lt;/span&gt;</p0826-teimww:hasTextHist>
    <p0826-teimww:isMentionedIn>
      <p0826-teimww:passage knoraType="link_value" linkType="ref" target="ww_3f4d0df4643bb00e"/>
    </p0826-teimww:isMentionedIn>
    <p0826-teimww:occursIn>
      <p0826-teimww:book knoraType="link_value" linkType="ref" target="ww_dc7d1d212ce7e04d"/>
    </p0826-teimww:occursIn>
    <p0826-teimww:wasContributedBy>
      <p0826-teimww:person knoraType="link_value" linkType="ref" target="ww_c4063e9c72a3ffd2"/>
    </p0826-teimww:wasContributedBy>
  </p0826-teimww:passage>
  <p0826-teimww:passage id="ww_3f4d0df4643bb00e">
    <knoraXmlImport:label>passage</knoraXmlImport:label>
    <p0826-teimww:occursIn>
      <p0826-teimww:book knoraType="link_value" linkType="ref" target="ww_b3931845d54b98d5"/>
    </p0826-teimww:occursIn>
  </p0826-teimww:passage>
  <p0826-teimww:passage id="ww_df8322f25ee34549">
    <knoraXmlImport:label>passage</knoraXmlImport:label>
    <p0826-teimww:contains>
      <p0826-teimww:lexia knoraType="link_value" linkType="ref" target="ww_8729b05531dca457"/>
    </p0826-teimww:contains>
    <p0826-teimww:contains>
      <p0826-teimww:lexia knoraType="link_value" linkType="ref" target="ww_c42b9098ed0f1834"/>
    </p0826-teimww:contains>
    <p0826-teimww:hasText knoraType="richtext_value">&lt;span class="annotation"&gt;Discusses the story of &lt;span&gt;&lt;span class="quote"&gt;Niobe &lt;/span&gt;&lt;span class="annotation"&gt;by way of showing how to devise a lament from Niobe's perspective.&lt;/span&gt;</p0826-teimww:hasText>
    <p0826-teimww:isMentionedIn>
      <p0826-teimww:passage knoraType="link_value" linkType="ref" target="ww_e5b23d284e888f20"/>
    </p0826-teimww:isMentionedIn>
    <p0826-teimww:occursIn>
      <p0826-teimww:book knoraType="link_value" linkType="ref" target="ww_bb9f2d8a42b833c0"/>
    </p0826-teimww:occursIn>
    <p0826-teimww:wasContributedBy>
      <p0826-teimww:person knoraType="link_value" linkType="ref" target="ww_c4063e9c72a3ffd2"/>
    </p0826-teimww:wasContributedBy>
  </p0826-teimww:passage>
  <p0826-teimww:passage id="ww_e5b23d284e888f20">
    <knoraXmlImport:label>passage</knoraXmlImport:label>
    <p0826-teimww:occursIn>
      <p0826-teimww:book knoraType="link_value" linkType="ref" target="ww_804d2b9aec6637b2"/>
    </p0826-teimww:occursIn>
  </p0826-teimww:passage>
  <p0826-teimww:passage id="ww_fbc512e575a0e602">
    <knoraXmlImport:label>passage</knoraXmlImport:label>
    <p0826-teimww:contains>
      <p0826-teimww:lexia knoraType="link_value" linkType="ref" target="ww_e600b3175d2bea1a"/>
    </p0826-teimww:contains>
    <p0826-teimww:hasPage knoraType="richtext_value">235 [normalized spelling].</p0826-teimww:hasPage>
    <p0826-teimww:hasPageHist knoraType="richtext_value">235.</p0826-teimww:hasPageHist>
    <p0826-teimww:hasText knoraType="richtext_value">[...] you must go through &lt;span class="quote"&gt;a sea of troubles, &lt;/span&gt;and then that you shall come to a heaven of rest [...]</p0826-teimww:hasText>
    <p0826-teimww:hasTextHist knoraType="richtext_value">you must goe through &lt;span class="quote"&gt;a sea of troubles, &lt;/span&gt;and then that you shall come to a heauen of rest</p0826-teimww:hasTextHist>
    <p0826-teimww:isMentionedIn>
      <p0826-teimww:passage knoraType="link_value" linkType="ref" target="ww_8163a514977e6934"/>
    </p0826-teimww:isMentionedIn>
    <p0826-teimww:occursIn>
      <p0826-teimww:book knoraType="link_value" linkType="ref" target="ww_1498e206f1d8071e"/>
    </p0826-teimww:occursIn>
    <p0826-teimww:wasContributedBy>
      <p0826-teimww:person knoraType="link_value" linkType="ref" target="ww_c4063e9c72a3ffd2"/>
    </p0826-teimww:wasContributedBy>
  </p0826-teimww:passage>
  <p0826-teimww:passage id="ww_8163a514977e6934">
    <knoraXmlImport:label>passage</knoraXmlImport:label>
    <p0826-teimww:occursIn>
      <p0826-teimww:book knoraType="link_value" linkType="ref" target="ww_b3931845d54b98d5"/>
    </p0826-teimww:occursIn>
  </p0826-teimww:passage>
  <p0826-teimww:passage id="ww_8e917e968888fd22">
    <knoraXmlImport:label>passage</knoraXmlImport:label>
    <p0826-teimww:contains>
      <p0826-teimww:lexia knoraType="link_value" linkType="ref" target="ww_16da44fbe0cbcde3"/>
    </p0826-teimww:contains>
    <p0826-teimww:hasPage knoraType="richtext_value">lines 32-34. Quoted from: http://www.philological.bham.ac.uk/pomps/trans.html#4. 27 May 2009.</p0826-teimww:hasPage>
    <p0826-teimww:hasText knoraType="richtext_value">[Naiades:] Haec damus tibi, nec tamen pusilla,&lt;br&gt;
&lt;span class="quote"&gt;Si non munere pectus aestimentur,&lt;br&gt; 
Verum e pectore munus aestimetur.&lt;br&gt;&lt;/span&gt;&lt;br&gt;

English translation in the quoted edition: "And yet these gifts are not trifles, if the heart's love is not measured by the value of the gift, but the gift's value by the love in the heart." </p0826-teimww:hasText>
    <p0826-teimww:isMentionedIn>
      <p0826-teimww:passage knoraType="link_value" linkType="ref" target="ww_b8e693eeb5b616be"/>
    </p0826-teimww:isMentionedIn>
    <p0826-teimww:occursIn>
      <p0826-teimww:book knoraType="link_value" linkType="ref" target="ww_a1d5cd59c36d2503"/>
    </p0826-teimww:occursIn>
    <p0826-teimww:wasContributedBy>
      <p0826-teimww:person knoraType="link_value" linkType="ref" target="ww_c4063e9c72a3ffd2"/>
    </p0826-teimww:wasContributedBy>
  </p0826-teimww:passage>
  <p0826-teimww:passage id="ww_b8e693eeb5b616be">
    <knoraXmlImport:label>passage</knoraXmlImport:label>
    <p0826-teimww:occursIn>
      <p0826-teimww:book knoraType="link_value" linkType="ref" target="ww_0dd5e309103973fb"/>
    </p0826-teimww:occursIn>
  </p0826-teimww:passage>
  <p0826-teimww:passage id="ww_d650fab341f65ce2">
    <knoraXmlImport:label>passage</knoraXmlImport:label>
    <p0826-teimww:contains>
      <p0826-teimww:lexia knoraType="link_value" linkType="ref" target="ww_3f9c292bd2b1470b"/>
    </p0826-teimww:contains>
    <p0826-teimww:hasPage knoraType="richtext_value">N.p. [normalized spelling].</p0826-teimww:hasPage>
    <p0826-teimww:hasPageHist knoraType="richtext_value">N.p.</p0826-teimww:hasPageHist>
    <p0826-teimww:hasText knoraType="richtext_value">[Oeneus:] [...] If any tyrant feed his boars with gobs of strangers' flesh &lt;br&gt;
Now let &lt;span class="quote"&gt;his pampered jades &lt;/span&gt;unto my Carcass fall afresh.	</p0826-teimww:hasText>
    <p0826-teimww:hasTextHist knoraType="richtext_value">[Oeneus:] [...] If any tyrant feede his borce with gubbes of straungers flesh &lt;br&gt;
Now let his pampred iades vnto my Carksse fall a fresh.</p0826-teimww:hasTextHist>
    <p0826-teimww:isMentionedIn>
      <p0826-teimww:passage knoraType="link_value" linkType="ref" target="ww_9015a8efd8cd2f9a"/>
    </p0826-teimww:isMentionedIn>
    <p0826-teimww:occursIn>
      <p0826-teimww:book knoraType="link_value" linkType="ref" target="ww_26d7297a6051272d"/>
    </p0826-teimww:occursIn>
    <p0826-teimww:wasContributedBy>
      <p0826-teimww:person knoraType="link_value" linkType="ref" target="ww_c4063e9c72a3ffd2"/>
    </p0826-teimww:wasContributedBy>
  </p0826-teimww:passage>
  <p0826-teimww:passage id="ww_9015a8efd8cd2f9a">
    <knoraXmlImport:label>passage</knoraXmlImport:label>
    <p0826-teimww:occursIn>
      <p0826-teimww:book knoraType="link_value" linkType="ref" target="ww_3e15ab6c612eadae"/>
    </p0826-teimww:occursIn>
  </p0826-teimww:passage>
  <p0826-teimww:passage id="ww_cbaca1347cd05f12">
    <knoraXmlImport:label>passage</knoraXmlImport:label>
    <p0826-teimww:contains>
      <p0826-teimww:lexia knoraType="link_value" linkType="ref" target="ww_e9843e2347bb3ba2"/>
    </p0826-teimww:contains>
    <p0826-teimww:hasPage knoraType="richtext_value">257 [normalized spelling].</p0826-teimww:hasPage>
    <p0826-teimww:hasPageHist knoraType="richtext_value">257.</p0826-teimww:hasPageHist>
    <p0826-teimww:hasText knoraType="richtext_value">The Palace of Pleasure: &lt;span class="quote"&gt;Beautified, &lt;/span&gt;adorned and well furnished, with Pleasant Histories and excellent Novels, selected out of diverse good and commendable Authors. </p0826-teimww:hasText>
    <p0826-teimww:hasTextHist knoraType="richtext_value">The Palace of Pleasure: &lt;span class="quote"&gt;Beautified, &lt;/span&gt;adorned and well furnished, with Pleasaunt Histories and excellent Nouelles, selected out of diuers good and commendable Authors. </p0826-teimww:hasTextHist>
    <p0826-teimww:isMentionedIn>
      <p0826-teimww:passage knoraType="link_value" linkType="ref" target="ww_e5fd30b6e33b59b4"/>
    </p0826-teimww:isMentionedIn>
    <p0826-teimww:occursIn>
      <p0826-teimww:book knoraType="link_value" linkType="ref" target="ww_4d19db8fc336ca4f"/>
    </p0826-teimww:occursIn>
    <p0826-teimww:wasContributedBy>
      <p0826-teimww:person knoraType="link_value" linkType="ref" target="ww_c4063e9c72a3ffd2"/>
    </p0826-teimww:wasContributedBy>
  </p0826-teimww:passage>
  <p0826-teimww:passage id="ww_e5fd30b6e33b59b4">
    <knoraXmlImport:label>passage</knoraXmlImport:label>
    <p0826-teimww:occursIn>
      <p0826-teimww:book knoraType="link_value" linkType="ref" target="ww_3e15ab6c612eadae"/>
    </p0826-teimww:occursIn>
  </p0826-teimww:passage>
  <p0826-teimww:passage id="ww_6afbfe534649e997">
    <knoraXmlImport:label>passage</knoraXmlImport:label>
    <p0826-teimww:contains>
      <p0826-teimww:lexia knoraType="link_value" linkType="ref" target="ww_e600b3175d2bea1a"/>
    </p0826-teimww:contains>
    <p0826-teimww:hasPage knoraType="richtext_value">257 [normalized spelling].</p0826-teimww:hasPage>
    <p0826-teimww:hasPageHist knoraType="richtext_value">257.</p0826-teimww:hasPageHist>
    <p0826-teimww:hasText knoraType="richtext_value">I feel (alas) a diversity of anguishes, &amp; &lt;span class="quote"&gt;a Sea of troubles&lt;/span&gt;, which torment my mind &amp; yet, I dare not discover the occasion [...].</p0826-teimww:hasText>
    <p0826-teimww:hasTextHist knoraType="richtext_value">I feele (alas) a diuersitie of anguishes, &amp; &lt;span class="quote"&gt;a Sea of troubles&lt;/span&gt;, whiche tormente my minde &amp; yet, I dare not discouer the occasion [...].</p0826-teimww:hasTextHist>
    <p0826-teimww:isMentionedIn>
      <p0826-teimww:passage knoraType="link_value" linkType="ref" target="ww_b376084e8df9d72e"/>
    </p0826-teimww:isMentionedIn>
    <p0826-teimww:occursIn>
      <p0826-teimww:book knoraType="link_value" linkType="ref" target="ww_4d19db8fc336ca4f"/>
    </p0826-teimww:occursIn>
    <p0826-teimww:wasContributedBy>
      <p0826-teimww:person knoraType="link_value" linkType="ref" target="ww_c4063e9c72a3ffd2"/>
    </p0826-teimww:wasContributedBy>
  </p0826-teimww:passage>
  <p0826-teimww:passage id="ww_b376084e8df9d72e">
    <knoraXmlImport:label>passage</knoraXmlImport:label>
    <p0826-teimww:occursIn>
      <p0826-teimww:book knoraType="link_value" linkType="ref" target="ww_0de19bd63a1c9142"/>
    </p0826-teimww:occursIn>
  </p0826-teimww:passage>
  <p0826-teimww:passage id="ww_9e679facbd253c9d">
    <knoraXmlImport:label>passage</knoraXmlImport:label>
    <p0826-teimww:contains>
      <p0826-teimww:lexia knoraType="link_value" linkType="ref" target="ww_ea56f5b53baf19e0"/>
    </p0826-teimww:contains>
    <p0826-teimww:hasPage knoraType="richtext_value">115-118; act 1 [normalized spelling].</p0826-teimww:hasPage>
    <p0826-teimww:hasPageHist knoraType="richtext_value">115-118; act 1.</p0826-teimww:hasPageHist>
    <p0826-teimww:hasText knoraType="richtext_value">[Philoctetes:] [...] O coward, &lt;span class="quote"&gt;peasant slave&lt;/span&gt;&lt;br&gt;
Thou art too weak to bend my bow, unmeet my shafts to have&lt;br&gt;
What ailest thou to look so pale [...]?</p0826-teimww:hasText>
    <p0826-teimww:hasTextHist knoraType="richtext_value">[Philoctetes:] [...] O coward, peasant slave&lt;br&gt;
Thou art to weake to bende my bow unmete my shaftes to have&lt;br&gt;
What aylest thou to loke so pale [...].</p0826-teimww:hasTextHist>
    <p0826-teimww:isMentionedIn>
      <p0826-teimww:passage knoraType="link_value" linkType="ref" target="ww_fb1554da1003300e"/>
    </p0826-teimww:isMentionedIn>
    <p0826-teimww:occursIn>
      <p0826-teimww:book knoraType="link_value" linkType="ref" target="ww_26d7297a6051272d"/>
    </p0826-teimww:occursIn>
    <p0826-teimww:wasContributedBy>
      <p0826-teimww:person knoraType="link_value" linkType="ref" target="ww_c4063e9c72a3ffd2"/>
    </p0826-teimww:wasContributedBy>
  </p0826-teimww:passage>
  <p0826-teimww:passage id="ww_fb1554da1003300e">
    <knoraXmlImport:label>passage</knoraXmlImport:label>
    <p0826-teimww:occursIn>
      <p0826-teimww:book knoraType="link_value" linkType="ref" target="ww_7c79793591d10a0c"/>
    </p0826-teimww:occursIn>
  </p0826-teimww:passage>
  <p0826-teimww:passage id="ww_83a4a2e58372ec36">
    <knoraXmlImport:label>passage</knoraXmlImport:label>
    <p0826-teimww:contains>
      <p0826-teimww:lexia knoraType="link_value" linkType="ref" target="ww_882df95aa1319c98"/>
    </p0826-teimww:contains>
    <p0826-teimww:hasPage knoraType="richtext_value">30 recto; book 3, line 7 [normalized spelling].</p0826-teimww:hasPage>
    <p0826-teimww:hasPageHist knoraType="richtext_value">30 recto; book 3, line 7.</p0826-teimww:hasPageHist>
    <p0826-teimww:hasText knoraType="richtext_value">For which he might both justly &lt;span class="quote"&gt;kind and cruel called be. &lt;/span&gt;</p0826-teimww:hasText>
    <p0826-teimww:hasTextHist knoraType="richtext_value">For which he might both iustly &lt;span class="quote"&gt;kinde and cruell called bee. &lt;/span&gt;</p0826-teimww:hasTextHist>
    <p0826-teimww:isMentionedIn>
      <p0826-teimww:passage knoraType="link_value" linkType="ref" target="ww_f261b97e395300c7"/>
    </p0826-teimww:isMentionedIn>
    <p0826-teimww:occursIn>
      <p0826-teimww:book knoraType="link_value" linkType="ref" target="ww_e74854bf03734dac"/>
    </p0826-teimww:occursIn>
    <p0826-teimww:wasContributedBy>
      <p0826-teimww:person knoraType="link_value" linkType="ref" target="ww_5fbb1eab1b30dfee"/>
    </p0826-teimww:wasContributedBy>
  </p0826-teimww:passage>
  <p0826-teimww:passage id="ww_f261b97e395300c7">
    <knoraXmlImport:label>passage</knoraXmlImport:label>
    <p0826-teimww:occursIn>
      <p0826-teimww:book knoraType="link_value" linkType="ref" target="ww_3e15ab6c612eadae"/>
    </p0826-teimww:occursIn>
  </p0826-teimww:passage>
  <p0826-teimww:passage id="ww_22c9d40943b64e9a">
    <knoraXmlImport:label>passage</knoraXmlImport:label>
    <p0826-teimww:contains>
      <p0826-teimww:lexia knoraType="link_value" linkType="ref" target="ww_6115a63c5012f738"/>
    </p0826-teimww:contains>
    <p0826-teimww:hasPage knoraType="richtext_value">69 verso [normalized spelling].</p0826-teimww:hasPage>
    <p0826-teimww:hasPageHist knoraType="richtext_value">69 verso.</p0826-teimww:hasPageHist>
    <p0826-teimww:hasText knoraType="richtext_value">In stead of legs, to both her sides stick fingers long and fine:&lt;br&gt; &lt;span class="quote"&gt;The rest is belly.&lt;/span&gt;</p0826-teimww:hasText>
    <p0826-teimww:hasTextHist knoraType="richtext_value">In steade of legs, to both hir sides sticke fingars long and fine:&lt;br&gt; &lt;span class="quote"&gt;The rest is bellie.&lt;/span&gt;</p0826-teimww:hasTextHist>
    <p0826-teimww:isMentionedIn>
      <p0826-teimww:passage knoraType="link_value" linkType="ref" target="ww_35e0fed9877b594b"/>
    </p0826-teimww:isMentionedIn>
    <p0826-teimww:occursIn>
      <p0826-teimww:book knoraType="link_value" linkType="ref" target="ww_e74854bf03734dac"/>
    </p0826-teimww:occursIn>
    <p0826-teimww:wasContributedBy>
      <p0826-teimww:person knoraType="link_value" linkType="ref" target="ww_c4063e9c72a3ffd2"/>
    </p0826-teimww:wasContributedBy>
  </p0826-teimww:passage>
  <p0826-teimww:passage id="ww_35e0fed9877b594b">
    <knoraXmlImport:label>passage</knoraXmlImport:label>
    <p0826-teimww:occursIn>
      <p0826-teimww:book knoraType="link_value" linkType="ref" target="ww_1140c36ab545b6d8"/>
    </p0826-teimww:occursIn>
  </p0826-teimww:passage>
  <p0826-teimww:passage id="ww_f8a57d3d968f649f">
    <knoraXmlImport:label>passage</knoraXmlImport:label>
    <p0826-teimww:contains>
      <p0826-teimww:lexia knoraType="link_value" linkType="ref" target="ww_3f9c292bd2b1470b"/>
    </p0826-teimww:contains>
    <p0826-teimww:hasPage knoraType="richtext_value">113 verso; book 9 [normalized spelling].</p0826-teimww:hasPage>
    <p0826-teimww:hasPageHist knoraType="richtext_value">113 verso; book 9.</p0826-teimww:hasPageHist>
    <p0826-teimww:hasText knoraType="richtext_value">What? is it I that did behold &lt;span class="quote"&gt;the pampered Jades of Thrace&lt;br&gt;&lt;/span&gt;
With Mangers full of flesh of men on which they fed apace?&lt;br&gt;
Ist I that down at sight thereof their greasy Mangers threw,&lt;br&gt;
And both the fatted Jades themselves and eke their master slew? </p0826-teimww:hasText>
    <p0826-teimww:hasTextHist knoraType="richtext_value">What? is it I that did behold the pampred Iades of Thrace&lt;br&gt;
With Maungers full of flesh of men on which they fed a pace?&lt;br&gt;
Ist I that downe at syght thereof theyr greazy Maungers threw,&lt;br&gt;
And bothe the fatted Iades themselues and eke their mayster slew? </p0826-teimww:hasTextHist>
    <p0826-teimww:isMentionedIn>
      <p0826-teimww:passage knoraType="link_value" linkType="ref" target="ww_30a4261f37c8943c"/>
    </p0826-teimww:isMentionedIn>
    <p0826-teimww:occursIn>
      <p0826-teimww:book knoraType="link_value" linkType="ref" target="ww_91c38edf48f9276e"/>
    </p0826-teimww:occursIn>
    <p0826-teimww:wasContributedBy>
      <p0826-teimww:person knoraType="link_value" linkType="ref" target="ww_c4063e9c72a3ffd2"/>
    </p0826-teimww:wasContributedBy>
  </p0826-teimww:passage>
  <p0826-teimww:passage id="ww_30a4261f37c8943c">
    <knoraXmlImport:label>passage</knoraXmlImport:label>
    <p0826-teimww:occursIn>
      <p0826-teimww:book knoraType="link_value" linkType="ref" target="ww_3e15ab6c612eadae"/>
    </p0826-teimww:occursIn>
  </p0826-teimww:passage>
  <p0826-teimww:passage id="ww_d2b21b0b80c84ab7">
    <knoraXmlImport:label>passage</knoraXmlImport:label>
    <p0826-teimww:contains>
      <p0826-teimww:lexia knoraType="link_value" linkType="ref" target="ww_4c64336cbb097d4e"/>
    </p0826-teimww:contains>
    <p0826-teimww:hasPage knoraType="richtext_value">2:223 [spelling normalized].</p0826-teimww:hasPage>
    <p0826-teimww:hasPageHist knoraType="richtext_value">2:223.</p0826-teimww:hasPageHist>
    <p0826-teimww:hasText knoraType="richtext_value">Yet, though I say it, &lt;span class="quote"&gt;thereby lyeth a tale&lt;/span&gt; [...].</p0826-teimww:hasText>
    <p0826-teimww:hasTextHist knoraType="richtext_value">Yet, thoughe I say it, &lt;span class="quote"&gt; therby lyith a tale&lt;/span&gt;[...].</p0826-teimww:hasTextHist>
    <p0826-teimww:isMentionedIn>
      <p0826-teimww:passage knoraType="link_value" linkType="ref" target="ww_b09206c46aac4f37"/>
    </p0826-teimww:isMentionedIn>
    <p0826-teimww:occursIn>
      <p0826-teimww:book knoraType="link_value" linkType="ref" target="ww_f0311f6cc16cd154"/>
    </p0826-teimww:occursIn>
    <p0826-teimww:wasContributedBy>
      <p0826-teimww:person knoraType="link_value" linkType="ref" target="ww_b604df587d93b768"/>
    </p0826-teimww:wasContributedBy>
  </p0826-teimww:passage>
  <p0826-teimww:passage id="ww_b09206c46aac4f37">
    <knoraXmlImport:label>passage</knoraXmlImport:label>
    <p0826-teimww:occursIn>
      <p0826-teimww:book knoraType="link_value" linkType="ref" target="ww_3e15ab6c612eadae"/>
    </p0826-teimww:occursIn>
  </p0826-teimww:passage>
  <p0826-teimww:passage id="ww_42d079f03e96a5e1">
    <knoraXmlImport:label>passage</knoraXmlImport:label>
    <p0826-teimww:contains>
      <p0826-teimww:lexia knoraType="link_value" linkType="ref" target="ww_882df95aa1319c98"/>
    </p0826-teimww:contains>
    <p0826-teimww:hasPage knoraType="richtext_value">5; lines 13-16.</p0826-teimww:hasPage>
    <p0826-teimww:hasText knoraType="richtext_value">Some gentler passion slide into my mind,&lt;br&gt;
For I am soft and made of melting snow;&lt;br&gt;
Or be more &lt;span class="quote"&gt;cruel, love, and so be kind&lt;/span&gt;.&lt;br&gt;
Let me or float or sink, be high or low. </p0826-teimww:hasText>
    <p0826-teimww:isMentionedIn>
      <p0826-teimww:passage knoraType="link_value" linkType="ref" target="ww_a8265283e121a836"/>
    </p0826-teimww:isMentionedIn>
    <p0826-teimww:occursIn>
      <p0826-teimww:book knoraType="link_value" linkType="ref" target="ww_bea266e3cdec2d97"/>
    </p0826-teimww:occursIn>
    <p0826-teimww:wasContributedBy>
      <p0826-teimww:person knoraType="link_value" linkType="ref" target="ww_5fbb1eab1b30dfee"/>
    </p0826-teimww:wasContributedBy>
  </p0826-teimww:passage>
  <p0826-teimww:passage id="ww_a8265283e121a836">
    <knoraXmlImport:label>passage</knoraXmlImport:label>
    <p0826-teimww:occursIn>
      <p0826-teimww:book knoraType="link_value" linkType="ref" target="ww_3e15ab6c612eadae"/>
    </p0826-teimww:occursIn>
  </p0826-teimww:passage>
  <p0826-teimww:passage id="ww_4c7122b56b0a5c0d">
    <knoraXmlImport:label>passage</knoraXmlImport:label>
    <p0826-teimww:contains>
      <p0826-teimww:lexia knoraType="link_value" linkType="ref" target="ww_cbe4ab44dccd4d45"/>
    </p0826-teimww:contains>
    <p0826-teimww:hasPage knoraType="richtext_value">23; chapter 3.</p0826-teimww:hasPage>
    <p0826-teimww:hasText knoraType="richtext_value">[...] I say again, of Statutes, some be Penal, some are Beneficial, or Gracious; And again, some Statutes are constitutive of new Laws, some declaratory of old; some go to the abridgement of the Common Law, some to the enlargement. I will not stand upon defining the Members of these divisions, nor shew examples; for they bear their Names and Natures in their forehead, so far forth as doth in this &lt;span class="quote"&gt; precurse &lt;/span&gt;and preparation to the rest of this work; only I will say [...] that all Statutes, in a manner, are Penal to Some.</p0826-teimww:hasText>
    <p0826-teimww:isMentionedIn>
      <p0826-teimww:passage knoraType="link_value" linkType="ref" target="ww_a92fd6f393c67b7c"/>
    </p0826-teimww:isMentionedIn>
    <p0826-teimww:occursIn>
      <p0826-teimww:book knoraType="link_value" linkType="ref" target="ww_168c3a63f50c4e37"/>
    </p0826-teimww:occursIn>
    <p0826-teimww:wasContributedBy>
      <p0826-teimww:person knoraType="link_value" linkType="ref" target="ww_bff7390e4e734f4c"/>
    </p0826-teimww:wasContributedBy>
  </p0826-teimww:passage>
  <p0826-teimww:passage id="ww_a92fd6f393c67b7c">
    <knoraXmlImport:label>passage</knoraXmlImport:label>
    <p0826-teimww:occursIn>
      <p0826-teimww:book knoraType="link_value" linkType="ref" target="ww_f0b8d4220bfdd308"/>
    </p0826-teimww:occursIn>
  </p0826-teimww:passage>
  <p0826-teimww:passage id="ww_bcfa1cea6a292bbf">
    <knoraXmlImport:label>passage</knoraXmlImport:label>
    <p0826-teimww:contains>
      <p0826-teimww:lexia knoraType="link_value" linkType="ref" target="ww_e600b3175d2bea1a"/>
    </p0826-teimww:contains>
    <p0826-teimww:hasPage knoraType="richtext_value">513; homily 18.</p0826-teimww:hasPage>
    <p0826-teimww:hasText knoraType="richtext_value">So shall we passe through the dangers of &lt;span class="quote"&gt;the troublous sea &lt;/span&gt;of this world</p0826-teimww:hasText>
    <p0826-teimww:isMentionedIn>
      <p0826-teimww:passage knoraType="link_value" linkType="ref" target="ww_c5636b859f364643"/>
    </p0826-teimww:isMentionedIn>
    <p0826-teimww:occursIn>
      <p0826-teimww:book knoraType="link_value" linkType="ref" target="ww_9e5c2e9be2d59c76"/>
    </p0826-teimww:occursIn>
    <p0826-teimww:wasContributedBy>
      <p0826-teimww:person knoraType="link_value" linkType="ref" target="ww_c4063e9c72a3ffd2"/>
    </p0826-teimww:wasContributedBy>
  </p0826-teimww:passage>
  <p0826-teimww:passage id="ww_c5636b859f364643">
    <knoraXmlImport:label>passage</knoraXmlImport:label>
    <p0826-teimww:occursIn>
      <p0826-teimww:book knoraType="link_value" linkType="ref" target="ww_b3931845d54b98d5"/>
    </p0826-teimww:occursIn>
  </p0826-teimww:passage>
  <p0826-teimww:passage id="ww_8421db4bedfc3ed1">
    <knoraXmlImport:label>passage</knoraXmlImport:label>
    <p0826-teimww:contains>
      <p0826-teimww:lexia knoraType="link_value" linkType="ref" target="ww_074e11827d537f2e"/>
    </p0826-teimww:contains>
    <p0826-teimww:hasPage knoraType="richtext_value">N.p.</p0826-teimww:hasPage>
    <p0826-teimww:hasText knoraType="richtext_value">[...] what should we account of &lt;span class="quote"&gt;death to be resembled to anything better than sleep &lt;/span&gt;[...] most assured it is that such sleeps he most sweet as be most sound, for those are best where in like unto dead men we dream nothing. The broken sleeps, the slumber, the dreams full of visions, are commonly in them that have weak and sickly bodies  [...]. But if thou compare death to long travel  [...] there is nothing that doth better or more truly prophecy the end of life, than when a man dreameth that he doth travel and wander into &lt;span class="quote"&gt;far countries [...] and that he traveleth in countries unknown without hope of  return &lt;/span&gt;[...].</p0826-teimww:hasText>
    <p0826-teimww:isMentionedIn>
      <p0826-teimww:passage knoraType="link_value" linkType="ref" target="ww_b7916897b902fcfb"/>
    </p0826-teimww:isMentionedIn>
    <p0826-teimww:isMentionedIn>
      <p0826-teimww:passage knoraType="link_value" linkType="ref" target="ww_c4513e211b623d5d"/>
    </p0826-teimww:isMentionedIn>
    <p0826-teimww:isMentionedIn>
      <p0826-teimww:passage knoraType="link_value" linkType="ref" target="ww_d901f782385917f3"/>
    </p0826-teimww:isMentionedIn>
    <p0826-teimww:occursIn>
      <p0826-teimww:book knoraType="link_value" linkType="ref" target="ww_3eec017f9226dac5"/>
    </p0826-teimww:occursIn>
    <p0826-teimww:wasContributedBy>
      <p0826-teimww:person knoraType="link_value" linkType="ref" target="ww_c4063e9c72a3ffd2"/>
    </p0826-teimww:wasContributedBy>
  </p0826-teimww:passage>
  <p0826-teimww:passage id="ww_b7916897b902fcfb">
    <knoraXmlImport:label>passage</knoraXmlImport:label>
    <p0826-teimww:occursIn>
      <p0826-teimww:book knoraType="link_value" linkType="ref" target="ww_15dba62495527dd5"/>
    </p0826-teimww:occursIn>
  </p0826-teimww:passage>
  <p0826-teimww:passage id="ww_c4513e211b623d5d">
    <knoraXmlImport:label>passage</knoraXmlImport:label>
    <p0826-teimww:occursIn>
      <p0826-teimww:book knoraType="link_value" linkType="ref" target="ww_9bd2a51773668ca5"/>
    </p0826-teimww:occursIn>
  </p0826-teimww:passage>
  <p0826-teimww:passage id="ww_d901f782385917f3">
    <knoraXmlImport:label>passage</knoraXmlImport:label>
    <p0826-teimww:occursIn>
      <p0826-teimww:book knoraType="link_value" linkType="ref" target="ww_e95d4765a7973201"/>
    </p0826-teimww:occursIn>
  </p0826-teimww:passage>
  <p0826-teimww:passage id="ww_48fd9f59ad1e79f2">
    <knoraXmlImport:label>passage</knoraXmlImport:label>
    <p0826-teimww:contains>
      <p0826-teimww:lexia knoraType="link_value" linkType="ref" target="ww_547ef374f224c892"/>
    </p0826-teimww:contains>
    <p0826-teimww:hasText knoraType="richtext_value">[...] &lt;span class="quote"&gt;be constant to them that trust thee, and trust them that thou hast tried &lt;/span&gt;[...].</p0826-teimww:hasText>
    <p0826-teimww:isMentionedIn>
      <p0826-teimww:passage knoraType="link_value" linkType="ref" target="ww_0ef18b5c0c21f242"/>
    </p0826-teimww:isMentionedIn>
    <p0826-teimww:isMentionedIn>
      <p0826-teimww:passage knoraType="link_value" linkType="ref" target="ww_f784d8fae5feaedb"/>
    </p0826-teimww:isMentionedIn>
    <p0826-teimww:occursIn>
      <p0826-teimww:book knoraType="link_value" linkType="ref" target="ww_f422144843f37f21"/>
    </p0826-teimww:occursIn>
    <p0826-teimww:wasContributedBy>
      <p0826-teimww:person knoraType="link_value" linkType="ref" target="ww_c4063e9c72a3ffd2"/>
    </p0826-teimww:wasContributedBy>
  </p0826-teimww:passage>
  <p0826-teimww:passage id="ww_0ef18b5c0c21f242">
    <knoraXmlImport:label>passage</knoraXmlImport:label>
    <p0826-teimww:occursIn>
      <p0826-teimww:book knoraType="link_value" linkType="ref" target="ww_ede42cb1c3c1d408"/>
    </p0826-teimww:occursIn>
  </p0826-teimww:passage>
  <p0826-teimww:passage id="ww_f784d8fae5feaedb">
    <knoraXmlImport:label>passage</knoraXmlImport:label>
    <p0826-teimww:occursIn>
      <p0826-teimww:book knoraType="link_value" linkType="ref" target="ww_42a6c34f5f492571"/>
    </p0826-teimww:occursIn>
  </p0826-teimww:passage>
  <p0826-teimww:passage id="ww_64dd1188454d1a30">
    <knoraXmlImport:label>passage</knoraXmlImport:label>
    <p0826-teimww:contains>
      <p0826-teimww:lexia knoraType="link_value" linkType="ref" target="ww_cd7814d67607e6ae"/>
    </p0826-teimww:contains>
    <p0826-teimww:hasPage knoraType="richtext_value">142.</p0826-teimww:hasPage>
    <p0826-teimww:hasText knoraType="richtext_value">&lt;span class="quote"&gt;Let thy attire bee comely but not too costly &lt;/span&gt; [...].</p0826-teimww:hasText>
    <p0826-teimww:isMentionedIn>
      <p0826-teimww:passage knoraType="link_value" linkType="ref" target="ww_633d4aecb6f5cc33"/>
    </p0826-teimww:isMentionedIn>
    <p0826-teimww:isMentionedIn>
      <p0826-teimww:passage knoraType="link_value" linkType="ref" target="ww_73319c9f90643a11"/>
    </p0826-teimww:isMentionedIn>
    <p0826-teimww:occursIn>
      <p0826-teimww:book knoraType="link_value" linkType="ref" target="ww_f422144843f37f21"/>
    </p0826-teimww:occursIn>
    <p0826-teimww:wasContributedBy>
      <p0826-teimww:person knoraType="link_value" linkType="ref" target="ww_c4063e9c72a3ffd2"/>
    </p0826-teimww:wasContributedBy>
  </p0826-teimww:passage>
  <p0826-teimww:passage id="ww_633d4aecb6f5cc33">
    <knoraXmlImport:label>passage</knoraXmlImport:label>
    <p0826-teimww:occursIn>
      <p0826-teimww:book knoraType="link_value" linkType="ref" target="ww_ede42cb1c3c1d408"/>
    </p0826-teimww:occursIn>
  </p0826-teimww:passage>
  <p0826-teimww:passage id="ww_73319c9f90643a11">
    <knoraXmlImport:label>passage</knoraXmlImport:label>
    <p0826-teimww:occursIn>
      <p0826-teimww:book knoraType="link_value" linkType="ref" target="ww_42a6c34f5f492571"/>
    </p0826-teimww:occursIn>
  </p0826-teimww:passage>
  <p0826-teimww:passage id="ww_29848f94288dbd10">
    <knoraXmlImport:label>passage</knoraXmlImport:label>
    <p0826-teimww:contains>
      <p0826-teimww:lexia knoraType="link_value" linkType="ref" target="ww_f7c8b5ae81c23bc0"/>
    </p0826-teimww:contains>
    <p0826-teimww:hasPage knoraType="richtext_value">R5 verso, lines 3681-3689; "T. O. Being enamored of a ritch yong Gentlewoman, as well through the report of her vertues, as for that which he himselfe had seene in her, wrighteth vnto her in this maner" [normalized spelling].</p0826-teimww:hasPage>
    <p0826-teimww:hasPageHist knoraType="richtext_value">R5 verso, lines 3681-3689; "T. O. Being enamored of a ritch yong Gentlewoman, as well through the report of her vertues, as for that which he himselfe had seene in her, wrighteth vnto her in this maner".</p0826-teimww:hasPageHist>
    <p0826-teimww:hasText knoraType="richtext_value">And  therefore if there be in me that may content you, or if your fancy can frame to like of me as I am, let me find it by your friendly answer, which I will expect with assured hope to find it in all things agreeable to my good desires, that greatly covet to be accounted. Wholy yours, &lt;span class="quote"&gt;or not to be at all&lt;/span&gt;. Finis.</p0826-teimww:hasText>
    <p0826-teimww:hasTextHist knoraType="richtext_value">And  therefore if there be in me that may contente you, or if your fancy can frame to lyke of mee as I am, let mee finde it by your friendly aunswere, which I wil expect with assured hope to find it in all thinges agreeable to my good desyres, that greatly couet to be accoumpted. Wholy yours, &lt;span class="quote"&gt;or not to be at all&lt;/span&gt;. Finis.</p0826-teimww:hasTextHist>
    <p0826-teimww:isMentionedIn>
      <p0826-teimww:passage knoraType="link_value" linkType="ref" target="ww_2b1ca7a084050efe"/>
    </p0826-teimww:isMentionedIn>
    <p0826-teimww:occursIn>
      <p0826-teimww:book knoraType="link_value" linkType="ref" target="ww_27db8ddb5b2cba19"/>
    </p0826-teimww:occursIn>
    <p0826-teimww:wasContributedBy>
      <p0826-teimww:person knoraType="link_value" linkType="ref" target="ww_c4063e9c72a3ffd2"/>
    </p0826-teimww:wasContributedBy>
  </p0826-teimww:passage>
  <p0826-teimww:passage id="ww_2b1ca7a084050efe">
    <knoraXmlImport:label>passage</knoraXmlImport:label>
    <p0826-teimww:occursIn>
      <p0826-teimww:book knoraType="link_value" linkType="ref" target="ww_c0bb45384c6abc1f"/>
    </p0826-teimww:occursIn>
  </p0826-teimww:passage>
  <p0826-teimww:passage id="ww_07f209ee763b5bfc">
    <knoraXmlImport:label>passage</knoraXmlImport:label>
    <p0826-teimww:contains>
      <p0826-teimww:lexia knoraType="link_value" linkType="ref" target="ww_f5c4e3d7e4acd9a0"/>
    </p0826-teimww:contains>
    <p0826-teimww:hasPage knoraType="richtext_value">36 [normalized spelling].</p0826-teimww:hasPage>
    <p0826-teimww:hasPageHist knoraType="richtext_value">36.</p0826-teimww:hasPageHist>
    <p0826-teimww:hasText knoraType="richtext_value">[Philautes to Euphues his son]: At thy comming into England, be not too inquisitive of news, neither curious in matters of State, in assemblies ask no questions, either concerning manners or me. &lt;span class="quote"&gt;Be not lavish of thy tongue, &lt;/span&gt;either in causes of weight, least thou shew thy self an espy-all, or in wanton talk, least thou prove thy self a fool. It is the Nature of that country to sift strangers, every one that shaketh thee by the hand is not joined to thee in heart. They think Italians Wanton, &amp; Grecians subtile, they will trust neither, they are so incredulous, but undermine both, they are so wise. &lt;span class="quote"&gt;Be not querulous for every light occasion, &lt;/span&gt;they are impatient in their anger of any equal, &lt;span class="quote"&gt;ready to revenge an iniury, but never want to proffer any: &lt;/span&gt;they never fight without provoking, and once provoked, they never cease. Beware thou fal not into the snares of love, the women there are wise, the men crafty: they will gather love by thy looks, and pick thy mind out of thy hands. &lt;span class="quote"&gt;It shall be there better to hear what they say, then to speak what thou thinkest: &lt;/span&gt;They have long ears and short tongues, quick to hear, and slow to utter: broad eyes and light fingers, ready to espy and apt to strike.</p0826-teimww:hasText>
    <p0826-teimww:hasTextHist knoraType="richtext_value">[Philautes to Euphues his son]: At thy comming into England, be not too inquisitiue of newes, neither curious in matters of State, in assemblyes aske no questions, either concerning maners or me. &lt;span class="quote"&gt;Be not lauish of thy tongue, &lt;/span&gt;either in causes of weight, least thou shew thy selfe an espyall, or in wanton talke, least thou proue thy selfe a foole. It is the Nature of that countrey to sift straungers, euery one that shaketh thee by the hande is not ioyned to thee in hart. They think Italians Wanton, &amp; Grecians subtill, they will trust neither, they are so incredulous, but vndermine both, they are so wise. &lt;span class="quote"&gt;Be not quarrellous for euery lyght occasion, &lt;/span&gt;they are impatient in their anger of any equal, &lt;span class="quote"&gt;ready to reuenge an iniury, but neuer wont to proffer any: &lt;/span&gt;they neuer fight without prouoking, and once prouoked, they neuer cease. Beware thou fal not into the snares of loue, the women there are wise, the men craftie: they will gather loue by thy lookes, and pick thy minde out of thy hands. &lt;span class="quote"&gt;It shal be ther better to heare what they say, then to speake what thou thinkest: &lt;/span&gt;They haue long eares and short tongues, quicke to heare, and slow to vtter: broad eyes and lyght fingers, ready to espy and apte to strike.</p0826-teimww:hasTextHist>
    <p0826-teimww:isMentionedIn>
      <p0826-teimww:passage knoraType="link_value" linkType="ref" target="ww_32bf2b105022e02a"/>
    </p0826-teimww:isMentionedIn>
    <p0826-teimww:isMentionedIn>
      <p0826-teimww:passage knoraType="link_value" linkType="ref" target="ww_c3f8adb2ce2c023b"/>
    </p0826-teimww:isMentionedIn>
    <p0826-teimww:isMentionedIn>
      <p0826-teimww:passage knoraType="link_value" linkType="ref" target="ww_ee14bbf20b89af01"/>
    </p0826-teimww:isMentionedIn>
    <p0826-teimww:isMentionedIn>
      <p0826-teimww:passage knoraType="link_value" linkType="ref" target="ww_a5109187e48a4a83"/>
    </p0826-teimww:isMentionedIn>
    <p0826-teimww:occursIn>
      <p0826-teimww:book knoraType="link_value" linkType="ref" target="ww_dd68990f2d6f32ef"/>
    </p0826-teimww:occursIn>
    <p0826-teimww:wasContributedBy>
      <p0826-teimww:person knoraType="link_value" linkType="ref" target="ww_c4063e9c72a3ffd2"/>
    </p0826-teimww:wasContributedBy>
  </p0826-teimww:passage>
  <p0826-teimww:passage id="ww_a5109187e48a4a83">
    <knoraXmlImport:label>passage</knoraXmlImport:label>
    <p0826-teimww:occursIn>
      <p0826-teimww:book knoraType="link_value" linkType="ref" target="ww_f3b3659c26b68006"/>
    </p0826-teimww:occursIn>
  </p0826-teimww:passage>
  <p0826-teimww:passage id="ww_ee14bbf20b89af01">
    <knoraXmlImport:label>passage</knoraXmlImport:label>
    <p0826-teimww:occursIn>
      <p0826-teimww:book knoraType="link_value" linkType="ref" target="ww_42a6c34f5f492571"/>
    </p0826-teimww:occursIn>
  </p0826-teimww:passage>
  <p0826-teimww:passage id="ww_c3f8adb2ce2c023b">
    <knoraXmlImport:label>passage</knoraXmlImport:label>
    <p0826-teimww:occursIn>
      <p0826-teimww:book knoraType="link_value" linkType="ref" target="ww_15dba62495527dd5"/>
    </p0826-teimww:occursIn>
  </p0826-teimww:passage>
  <p0826-teimww:passage id="ww_32bf2b105022e02a">
    <knoraXmlImport:label>passage</knoraXmlImport:label>
    <p0826-teimww:occursIn>
      <p0826-teimww:book knoraType="link_value" linkType="ref" target="ww_d750e1e440e536e5"/>
    </p0826-teimww:occursIn>
  </p0826-teimww:passage>
  <p0826-teimww:passage id="ww_0c456e30436b910f">
    <knoraXmlImport:label>passage</knoraXmlImport:label>
    <p0826-teimww:contains>
      <p0826-teimww:lexia knoraType="link_value" linkType="ref" target="ww_f7c8b5ae81c23bc0"/>
    </p0826-teimww:contains>
    <p0826-teimww:hasPage knoraType="richtext_value">[normalized spelling].</p0826-teimww:hasPage>
    <p0826-teimww:hasPageHist knoraType="richtext_value">120.</p0826-teimww:hasPageHist>
    <p0826-teimww:hasText knoraType="richtext_value">Friend let us both give justly place, &lt;br&gt;
To wedded man to judge this cace, &lt;br&gt;
Which best way is to thrive: &lt;br&gt;
For both our talk as seemeth plain, &lt;br&gt;
Is but as hapneth in our brain, &lt;br&gt;&lt;span class="quote"&gt;
To will or not to wife.&lt;/span&gt;</p0826-teimww:hasText>
    <p0826-teimww:hasTextHist knoraType="richtext_value">Friend let vs both giue iustly place, &lt;br&gt;
To wedded man to iudge this cace, &lt;br&gt;
Which best way is to thriue: &lt;br&gt;
For both our talke as seemeth plaine, &lt;br&gt;
Is but as hapneth in our braine, &lt;br&gt;&lt;span class="quote"&gt;
To will or not to wiue.&lt;/span&gt;</p0826-teimww:hasTextHist>
    <p0826-teimww:isMentionedIn>
      <p0826-teimww:passage knoraType="link_value" linkType="ref" target="ww_2a59d136fa10f2cf"/>
    </p0826-teimww:isMentionedIn>
    <p0826-teimww:occursIn>
      <p0826-teimww:book knoraType="link_value" linkType="ref" target="ww_2ee4d5a8fd63e825"/>
    </p0826-teimww:occursIn>
    <p0826-teimww:wasContributedBy>
      <p0826-teimww:person knoraType="link_value" linkType="ref" target="ww_c4063e9c72a3ffd2"/>
    </p0826-teimww:wasContributedBy>
  </p0826-teimww:passage>
  <p0826-teimww:passage id="ww_2a59d136fa10f2cf">
    <knoraXmlImport:label>passage</knoraXmlImport:label>
    <p0826-teimww:occursIn>
      <p0826-teimww:book knoraType="link_value" linkType="ref" target="ww_3e15ab6c612eadae"/>
    </p0826-teimww:occursIn>
  </p0826-teimww:passage>
  <p0826-teimww:passage id="ww_f3cb4c9d600b4dd7">
    <knoraXmlImport:label>passage</knoraXmlImport:label>
    <p0826-teimww:contains>
      <p0826-teimww:lexia knoraType="link_value" linkType="ref" target="ww_074e11827d537f2e"/>
    </p0826-teimww:contains>
    <p0826-teimww:hasPage knoraType="richtext_value">1035 [normalized spelling].</p0826-teimww:hasPage>
    <p0826-teimww:hasPageHist knoraType="richtext_value">1035.</p0826-teimww:hasPageHist>
    <p0826-teimww:hasText knoraType="richtext_value">[...]&lt;span class="quote"&gt; the sleep of death&lt;/span&gt; [...].</p0826-teimww:hasText>
    <p0826-teimww:hasTextHist knoraType="richtext_value">&lt;span class="quote"&gt;the sleepe of death&lt;/span&gt;</p0826-teimww:hasTextHist>
    <p0826-teimww:isMentionedIn>
      <p0826-teimww:passage knoraType="link_value" linkType="ref" target="ww_699a6508a6fd2e75"/>
    </p0826-teimww:isMentionedIn>
    <p0826-teimww:occursIn>
      <p0826-teimww:book knoraType="link_value" linkType="ref" target="ww_dc03dedd8d618997"/>
    </p0826-teimww:occursIn>
    <p0826-teimww:wasContributedBy>
      <p0826-teimww:person knoraType="link_value" linkType="ref" target="ww_c4063e9c72a3ffd2"/>
    </p0826-teimww:wasContributedBy>
  </p0826-teimww:passage>
  <p0826-teimww:passage id="ww_699a6508a6fd2e75">
    <knoraXmlImport:label>passage</knoraXmlImport:label>
    <p0826-teimww:occursIn>
      <p0826-teimww:book knoraType="link_value" linkType="ref" target="ww_0de19bd63a1c9142"/>
    </p0826-teimww:occursIn>
  </p0826-teimww:passage>
  <p0826-teimww:passage id="ww_471270811473d2f8">
    <knoraXmlImport:label>passage</knoraXmlImport:label>
    <p0826-teimww:contains>
      <p0826-teimww:lexia knoraType="link_value" linkType="ref" target="ww_5b9c52daae544186"/>
    </p0826-teimww:contains>
    <p0826-teimww:hasPage knoraType="richtext_value">N.p. [normalized spelling].</p0826-teimww:hasPage>
    <p0826-teimww:hasPageHist knoraType="richtext_value">N.p.</p0826-teimww:hasPageHist>
    <p0826-teimww:hasText knoraType="richtext_value">[...] it is a matter almost impossible, and seldom seen, that those two great enemies, beauty and honesty agree together. [...] &lt;span class="quote"&gt;And though it fall out often that beauty and honesty are joined together, yet is falleth out seldom, but that exquisite beauty is had in suspicion.&lt;/span&gt;</p0826-teimww:hasText>
    <p0826-teimww:hasTextHist knoraType="richtext_value">[...] it is a matter almost impossible, and sieldome seene, that those two great enimies, bewty and honesty agree togither. [...] &lt;span class="quote"&gt;And though it fall out often that bewty and honesty are joyned togither, yet is falleth out sieldome, but that exquisite bewty is had in suspicion.&lt;/span&gt;</p0826-teimww:hasTextHist>
    <p0826-teimww:isMentionedIn>
      <p0826-teimww:passage knoraType="link_value" linkType="ref" target="ww_bfcee39cd369a46f"/>
    </p0826-teimww:isMentionedIn>
    <p0826-teimww:occursIn>
      <p0826-teimww:book knoraType="link_value" linkType="ref" target="ww_834f273f6d971ca7"/>
    </p0826-teimww:occursIn>
    <p0826-teimww:wasContributedBy>
      <p0826-teimww:person knoraType="link_value" linkType="ref" target="ww_c4063e9c72a3ffd2"/>
    </p0826-teimww:wasContributedBy>
  </p0826-teimww:passage>
  <p0826-teimww:passage id="ww_bfcee39cd369a46f">
    <knoraXmlImport:label>passage</knoraXmlImport:label>
    <p0826-teimww:occursIn>
      <p0826-teimww:book knoraType="link_value" linkType="ref" target="ww_15dba62495527dd5"/>
    </p0826-teimww:occursIn>
  </p0826-teimww:passage>
  <p0826-teimww:passage id="ww_cf5fb3a6ca587fca">
    <knoraXmlImport:label>passage</knoraXmlImport:label>
    <p0826-teimww:contains>
      <p0826-teimww:lexia knoraType="link_value" linkType="ref" target="ww_f7c8b5ae81c23bc0"/>
    </p0826-teimww:contains>
    <p0826-teimww:hasPage knoraType="richtext_value">N.p. [normalized spelling].</p0826-teimww:hasPage>
    <p0826-teimww:hasPageHist knoraType="richtext_value">N.p.</p0826-teimww:hasPageHist>
    <p0826-teimww:hasText knoraType="richtext_value">[...] you must not judge those things hard to be done, which consist only in our will &lt;span class="quote"&gt;to do, or not to do. &lt;/span&gt;</p0826-teimww:hasText>
    <p0826-teimww:hasTextHist knoraType="richtext_value">[...] you must not iudge those things hard to bée done, which consist onely in our will &lt;span class="quote"&gt;to doe, or not to doe. &lt;/span&gt;</p0826-teimww:hasTextHist>
    <p0826-teimww:isMentionedIn>
      <p0826-teimww:passage knoraType="link_value" linkType="ref" target="ww_b4790674b20a19b1"/>
    </p0826-teimww:isMentionedIn>
    <p0826-teimww:occursIn>
      <p0826-teimww:book knoraType="link_value" linkType="ref" target="ww_834f273f6d971ca7"/>
    </p0826-teimww:occursIn>
    <p0826-teimww:wasContributedBy>
      <p0826-teimww:person knoraType="link_value" linkType="ref" target="ww_c4063e9c72a3ffd2"/>
    </p0826-teimww:wasContributedBy>
  </p0826-teimww:passage>
  <p0826-teimww:passage id="ww_b4790674b20a19b1">
    <knoraXmlImport:label>passage</knoraXmlImport:label>
    <p0826-teimww:occursIn>
      <p0826-teimww:book knoraType="link_value" linkType="ref" target="ww_fb9509be352bd917"/>
    </p0826-teimww:occursIn>
  </p0826-teimww:passage>
  <p0826-teimww:passage id="ww_2742492f8f5c8fa3">
    <knoraXmlImport:label>passage</knoraXmlImport:label>
    <p0826-teimww:contains>
      <p0826-teimww:lexia knoraType="link_value" linkType="ref" target="ww_f7c8b5ae81c23bc0"/>
    </p0826-teimww:contains>
    <p0826-teimww:hasPage knoraType="richtext_value">150; chapter 21 "Of distinction" [normalized spelling].</p0826-teimww:hasPage>
    <p0826-teimww:hasPageHist knoraType="richtext_value">150; chapter 21 "Of distinction".</p0826-teimww:hasPageHist>
    <p0826-teimww:hasText knoraType="richtext_value">This shortness or length of time in the derivatives is a great leader, where &lt;span class="quote"&gt;to write or not to write &lt;/span&gt;the qualifying e in the end of simple words. For who will write, natur, perfit, measur, treasur, with an, e, in the end knowing their derivatiues to be short, natural, perfithe measured, treasurer?</p0826-teimww:hasText>
    <p0826-teimww:hasTextHist knoraType="richtext_value">This shortness or legth of time in the deriuatiues is a great leader, where &lt;span class="quote"&gt;to write or not to write &lt;/span&gt;the qualifying, e, in the end of simple words. For who will write, natur, perfit, measur, treasur, with an, e, in the end knowing their deriuatiues to be short, naturall, perfithe measured, treasurer?</p0826-teimww:hasTextHist>
    <p0826-teimww:isMentionedIn>
      <p0826-teimww:passage knoraType="link_value" linkType="ref" target="ww_f21a697cd10c57df"/>
    </p0826-teimww:isMentionedIn>
    <p0826-teimww:occursIn>
      <p0826-teimww:book knoraType="link_value" linkType="ref" target="ww_026505509118e73d"/>
    </p0826-teimww:occursIn>
    <p0826-teimww:wasContributedBy>
      <p0826-teimww:person knoraType="link_value" linkType="ref" target="ww_c4063e9c72a3ffd2"/>
    </p0826-teimww:wasContributedBy>
  </p0826-teimww:passage>
  <p0826-teimww:passage id="ww_f21a697cd10c57df">
    <knoraXmlImport:label>passage</knoraXmlImport:label>
    <p0826-teimww:occursIn>
      <p0826-teimww:book knoraType="link_value" linkType="ref" target="ww_3e15ab6c612eadae"/>
    </p0826-teimww:occursIn>
  </p0826-teimww:passage>
  <p0826-teimww:passage id="ww_8b17beb81fa40748">
    <knoraXmlImport:label>passage</knoraXmlImport:label>
    <p0826-teimww:contains>
      <p0826-teimww:lexia knoraType="link_value" linkType="ref" target="ww_0e04de7df51d2d32"/>
    </p0826-teimww:contains>
    <p0826-teimww:hasPage knoraType="richtext_value">lines 33-34 [normalized spelling].</p0826-teimww:hasPage>
    <p0826-teimww:hasPageHist knoraType="richtext_value">lines 33-34.</p0826-teimww:hasPageHist>
    <p0826-teimww:hasText knoraType="richtext_value">Ere these were seen, I burnt: what will these do?, &lt;br&gt;
&lt;span class="quote"&gt;Flames into flame, floods thou pourest seas into. &lt;/span&gt;</p0826-teimww:hasText>
    <p0826-teimww:hasTextHist knoraType="richtext_value">Ere these were seene, I burnt: what will these do?, &lt;br&gt;
Flames into flame, flouds thou powerst seas into. </p0826-teimww:hasTextHist>
    <p0826-teimww:isMentionedIn>
      <p0826-teimww:passage knoraType="link_value" linkType="ref" target="ww_17c616b8f9961f81"/>
    </p0826-teimww:isMentionedIn>
    <p0826-teimww:occursIn>
      <p0826-teimww:book knoraType="link_value" linkType="ref" target="ww_09d36da18882d57e"/>
    </p0826-teimww:occursIn>
    <p0826-teimww:wasContributedBy>
      <p0826-teimww:person knoraType="link_value" linkType="ref" target="ww_7f35f6802efd910d"/>
    </p0826-teimww:wasContributedBy>
  </p0826-teimww:passage>
  <p0826-teimww:passage id="ww_17c616b8f9961f81">
    <knoraXmlImport:label>passage</knoraXmlImport:label>
    <p0826-teimww:occursIn>
      <p0826-teimww:book knoraType="link_value" linkType="ref" target="ww_e38a56a7efbf9723"/>
    </p0826-teimww:occursIn>
  </p0826-teimww:passage>
  <p0826-teimww:passage id="ww_922e009351dd368c">
    <knoraXmlImport:label>passage</knoraXmlImport:label>
    <p0826-teimww:contains>
      <p0826-teimww:lexia knoraType="link_value" linkType="ref" target="ww_b85ce3e62f2d95a3"/>
    </p0826-teimww:contains>
    <p0826-teimww:hasPage knoraType="richtext_value">10.</p0826-teimww:hasPage>
    <p0826-teimww:hasText knoraType="richtext_value">the body, which was before so delicately entertained [...] whereupon &lt;span class="quote"&gt;the wind might not be suffered to blow, nor the sun to shine &lt;/span&gt;[...].</p0826-teimww:hasText>
    <p0826-teimww:isMentionedIn>
      <p0826-teimww:passage knoraType="link_value" linkType="ref" target="ww_e1148b9598d917e6"/>
    </p0826-teimww:isMentionedIn>
    <p0826-teimww:occursIn>
      <p0826-teimww:book knoraType="link_value" linkType="ref" target="ww_57b3b0aeb319dbf6"/>
    </p0826-teimww:occursIn>
    <p0826-teimww:wasContributedBy>
      <p0826-teimww:person knoraType="link_value" linkType="ref" target="ww_c4063e9c72a3ffd2"/>
    </p0826-teimww:wasContributedBy>
  </p0826-teimww:passage>
  <p0826-teimww:passage id="ww_e1148b9598d917e6">
    <knoraXmlImport:label>passage</knoraXmlImport:label>
    <p0826-teimww:occursIn>
      <p0826-teimww:book knoraType="link_value" linkType="ref" target="ww_7589cfaa41b21699"/>
    </p0826-teimww:occursIn>
  </p0826-teimww:passage>
  <p0826-teimww:passage id="ww_38ed81295bc7ad8e">
    <knoraXmlImport:label>passage</knoraXmlImport:label>
    <p0826-teimww:contains>
      <p0826-teimww:lexia knoraType="link_value" linkType="ref" target="ww_7a72181ddf49de6f"/>
    </p0826-teimww:contains>
    <p0826-teimww:hasPage knoraType="richtext_value">Lines 29-38 [normalized spelling].</p0826-teimww:hasPage>
    <p0826-teimww:hasPageHist knoraType="richtext_value">Lines 29-34.</p0826-teimww:hasPageHist>
    <p0826-teimww:hasText knoraType="richtext_value">&lt;span class="quote"&gt;Even as a head-strong courser bears away, &lt;br&gt;
His rider vainly striving him to stay. &lt;br&gt;
Or as a sudden gale thrusts into sea, &lt;br&gt;
The heaven-touching bark now near the lea. &lt;br&gt;
So wavering Cupid brings me back amain, &lt;br&gt;
And purple love resumes his darts again. &lt;br&gt;
Here of themselves thy shafts come, as if shot;  &lt;br&gt;
Better than I their quiver knows them not. &lt;/span&gt;</p0826-teimww:hasText>
    <p0826-teimww:hasTextHist knoraType="richtext_value">Euen as a head-strong courser beares away, &lt;br&gt;
His rider vainely striuing him to stay. &lt;br&gt;
Or as a suddaine gaile thrusts into sea, &lt;br&gt;
The heauen-touching barke now neere the lea. &lt;br&gt;
So wauering Cupid brings me backe amaine, &lt;br&gt;
And purple loue resumes his dartes againe.&lt;br&gt;
Heere of themselues thy shafts come, as if shot; &lt;br&gt;
Better then I their quiuer knowes them not</p0826-teimww:hasTextHist>
    <p0826-teimww:isMentionedIn>
      <p0826-teimww:passage knoraType="link_value" linkType="ref" target="ww_e70cb202a0ffe0d0"/>
    </p0826-teimww:isMentionedIn>
    <p0826-teimww:occursIn>
      <p0826-teimww:book knoraType="link_value" linkType="ref" target="ww_09d36da18882d57e"/>
    </p0826-teimww:occursIn>
    <p0826-teimww:wasContributedBy>
      <p0826-teimww:person knoraType="link_value" linkType="ref" target="ww_7f35f6802efd910d"/>
    </p0826-teimww:wasContributedBy>
  </p0826-teimww:passage>
  <p0826-teimww:passage id="ww_e70cb202a0ffe0d0">
    <knoraXmlImport:label>passage</knoraXmlImport:label>
    <p0826-teimww:occursIn>
      <p0826-teimww:book knoraType="link_value" linkType="ref" target="ww_e38a56a7efbf9723"/>
    </p0826-teimww:occursIn>
  </p0826-teimww:passage>
  <p0826-teimww:passage id="ww_c676b69bb9fb6f9f">
    <knoraXmlImport:label>passage</knoraXmlImport:label>
    <p0826-teimww:contains>
      <p0826-teimww:lexia knoraType="link_value" linkType="ref" target="ww_a192e4e1e3c68295"/>
    </p0826-teimww:contains>
    <p0826-teimww:hasPage knoraType="richtext_value">81 [normalized spelling].</p0826-teimww:hasPage>
    <p0826-teimww:hasPageHist knoraType="richtext_value">81.</p0826-teimww:hasPageHist>
    <p0826-teimww:hasText knoraType="richtext_value">Nay, nay, thy &lt;span class="quote"&gt;self slaughter: &lt;/span&gt;thy bad life unhappy death asketh [...]. </p0826-teimww:hasText>
    <p0826-teimww:hasTextHist knoraType="richtext_value">Nay, nay, thye &lt;span class="quote"&gt;self slaughter: &lt;/span&gt;thy bad lief vnhappye death asketh [...]. </p0826-teimww:hasTextHist>
    <p0826-teimww:isMentionedIn>
      <p0826-teimww:passage knoraType="link_value" linkType="ref" target="ww_90a26238b5413805"/>
    </p0826-teimww:isMentionedIn>
    <p0826-teimww:occursIn>
      <p0826-teimww:book knoraType="link_value" linkType="ref" target="ww_d00e0f4b3541b720"/>
    </p0826-teimww:occursIn>
    <p0826-teimww:wasContributedBy>
      <p0826-teimww:person knoraType="link_value" linkType="ref" target="ww_c4063e9c72a3ffd2"/>
    </p0826-teimww:wasContributedBy>
  </p0826-teimww:passage>
  <p0826-teimww:passage id="ww_90a26238b5413805">
    <knoraXmlImport:label>passage</knoraXmlImport:label>
    <p0826-teimww:occursIn>
      <p0826-teimww:book knoraType="link_value" linkType="ref" target="ww_d1faedb423154f39"/>
    </p0826-teimww:occursIn>
  </p0826-teimww:passage>
  <p0826-teimww:passage id="ww_6151b704a8642e83">
    <knoraXmlImport:label>passage</knoraXmlImport:label>
    <p0826-teimww:contains>
      <p0826-teimww:lexia knoraType="link_value" linkType="ref" target="ww_e84d47fcb840132a"/>
    </p0826-teimww:contains>
    <p0826-teimww:hasPage knoraType="richtext_value">72verso-73recto [normalized spelling].</p0826-teimww:hasPage>
    <p0826-teimww:hasPageHist knoraType="richtext_value">72verso-73recto.</p0826-teimww:hasPageHist>
    <p0826-teimww:hasText knoraType="richtext_value">[...] &lt;span class="quote"&gt;a patient mind to suffer" &lt;/span&gt;[...].</p0826-teimww:hasText>
    <p0826-teimww:hasTextHist knoraType="richtext_value">&lt;span class="quote"&gt;a patient minde to suffer" (folios )</p0826-teimww:hasTextHist>
    <p0826-teimww:isMentionedIn>
      <p0826-teimww:passage knoraType="link_value" linkType="ref" target="ww_976df14126b762aa"/>
    </p0826-teimww:isMentionedIn>
    <p0826-teimww:occursIn>
      <p0826-teimww:book knoraType="link_value" linkType="ref" target="ww_899bf0923492e1d6"/>
    </p0826-teimww:occursIn>
    <p0826-teimww:wasContributedBy>
      <p0826-teimww:person knoraType="link_value" linkType="ref" target="ww_c4063e9c72a3ffd2"/>
    </p0826-teimww:wasContributedBy>
  </p0826-teimww:passage>
  <p0826-teimww:passage id="ww_976df14126b762aa">
    <knoraXmlImport:label>passage</knoraXmlImport:label>
    <p0826-teimww:occursIn>
      <p0826-teimww:book knoraType="link_value" linkType="ref" target="ww_0de19bd63a1c9142"/>
    </p0826-teimww:occursIn>
  </p0826-teimww:passage>
  <p0826-teimww:passage id="ww_0b57e1c0008034c0">
    <knoraXmlImport:label>passage</knoraXmlImport:label>
    <p0826-teimww:contains>
      <p0826-teimww:lexia knoraType="link_value" linkType="ref" target="ww_07f2ba3bcffeb853"/>
    </p0826-teimww:contains>
    <p0826-teimww:hasPage knoraType="richtext_value">104 [normalized spelling].</p0826-teimww:hasPage>
    <p0826-teimww:hasPageHist knoraType="richtext_value">104.</p0826-teimww:hasPageHist>
    <p0826-teimww:hasText knoraType="richtext_value">[There are spelling rules which exist] as yet in the bare unrecorded, and unwritten use, wherein &lt;span class="quote"&gt;every man's brain was every man's book.&lt;/span&gt; </p0826-teimww:hasText>
    <p0826-teimww:hasTextHist knoraType="richtext_value">[There are spelling rules which exist] as yet in the bare vnrecorded, and vnwriten vse, wherein &lt;span class="quote"&gt;euerie mans brain was euerie mas book.&lt;/span&gt; </p0826-teimww:hasTextHist>
    <p0826-teimww:isMentionedIn>
      <p0826-teimww:passage knoraType="link_value" linkType="ref" target="ww_276e536e89bd12bf"/>
    </p0826-teimww:isMentionedIn>
    <p0826-teimww:occursIn>
      <p0826-teimww:book knoraType="link_value" linkType="ref" target="ww_026505509118e73d"/>
    </p0826-teimww:occursIn>
    <p0826-teimww:wasContributedBy>
      <p0826-teimww:person knoraType="link_value" linkType="ref" target="ww_c4063e9c72a3ffd2"/>
    </p0826-teimww:wasContributedBy>
  </p0826-teimww:passage>
  <p0826-teimww:passage id="ww_276e536e89bd12bf">
    <knoraXmlImport:label>passage</knoraXmlImport:label>
    <p0826-teimww:occursIn>
      <p0826-teimww:book knoraType="link_value" linkType="ref" target="ww_fb9509be352bd917"/>
    </p0826-teimww:occursIn>
  </p0826-teimww:passage>
  <p0826-teimww:passage id="ww_b1c47528a992c31b">
    <knoraXmlImport:label>passage</knoraXmlImport:label>
    <p0826-teimww:contains>
      <p0826-teimww:lexia knoraType="link_value" linkType="ref" target="ww_f7c8b5ae81c23bc0"/>
    </p0826-teimww:contains>
    <p0826-teimww:hasPage knoraType="richtext_value">G2 recto [50] [normalized spelling].</p0826-teimww:hasPage>
    <p0826-teimww:hasPageHist knoraType="richtext_value">G2 recto [50].</p0826-teimww:hasPageHist>
    <p0826-teimww:hasText knoraType="richtext_value">[Aurelia:] Hath not she action that kills, and he passion that is kild? How can it then be, that when as he that loves doth work, and she that is loved suffers, she should kill him?&lt;br&gt;
[Philotimus:] Nay, rather he that loves suffers, and she works.&lt;br&gt;
[Aurelia:] But hath not he free choice, &lt;span class="quote"&gt;to love or not to love?&lt;/span&gt;&lt;br&gt;
[Philotimus:] He hath.&lt;br&gt;
[Aurelia:] Then he kills himself that loves.&lt;br&gt;
[Philotimus:] The woman kills not because she is loved, but because she loves not again. For whosoever may save, and will not, killeth.</p0826-teimww:hasText>
    <p0826-teimww:hasTextHist knoraType="richtext_value">[Aurelia:] Hath not she action that kills, and he passion that is kild? How can it then be, that when as he that loues doth worke, and she that is loued suffers, she should kill him?&lt;br&gt;
[Philotimus:] Nay, rather he that loues suffers, and she workes.&lt;br&gt;
[Aurelia:] But hath not he free choice, &lt;span class="quote"&gt;to loue or not to loue?&lt;/span&gt;&lt;br&gt;
[Philotimus:] He hath.&lt;br&gt;
[Aurelia:] Then he killes himself that loues.&lt;br&gt;
[Philotimus:] The woman killes not bycause she is loued, but bycause she loues not againe. For whosoeuer maye saue, and will not, killeth.</p0826-teimww:hasTextHist>
    <p0826-teimww:isMentionedIn>
      <p0826-teimww:passage knoraType="link_value" linkType="ref" target="ww_0f8d5c67ca9f6631"/>
    </p0826-teimww:isMentionedIn>
    <p0826-teimww:occursIn>
      <p0826-teimww:book knoraType="link_value" linkType="ref" target="ww_488005370a580904"/>
    </p0826-teimww:occursIn>
    <p0826-teimww:wasContributedBy>
      <p0826-teimww:person knoraType="link_value" linkType="ref" target="ww_c4063e9c72a3ffd2"/>
    </p0826-teimww:wasContributedBy>
  </p0826-teimww:passage>
  <p0826-teimww:passage id="ww_0f8d5c67ca9f6631">
    <knoraXmlImport:label>passage</knoraXmlImport:label>
    <p0826-teimww:occursIn>
      <p0826-teimww:book knoraType="link_value" linkType="ref" target="ww_3e15ab6c612eadae"/>
    </p0826-teimww:occursIn>
  </p0826-teimww:passage>
  <p0826-teimww:passage id="ww_7c325a7f8e32145c">
    <knoraXmlImport:label>passage</knoraXmlImport:label>
    <p0826-teimww:contains>
      <p0826-teimww:lexia knoraType="link_value" linkType="ref" target="ww_e600b3175d2bea1a"/>
    </p0826-teimww:contains>
    <p0826-teimww:hasPage knoraType="richtext_value">8 [normalized spelling].</p0826-teimww:hasPage>
    <p0826-teimww:hasPageHist knoraType="richtext_value">8.</p0826-teimww:hasPageHist>
    <p0826-teimww:hasText knoraType="richtext_value">[...] so that as he detested ye one for her folly, he embraced the other for her virtue: insomuch that having himself escaped the &lt;span class="quote"&gt;seas of trouble &lt;/span&gt;and care, yet he thought his mind not fully quiet, until he might cause his friend Mamillia, to cast her anker in the port of Tranquilitie.</p0826-teimww:hasText>
    <p0826-teimww:hasTextHist knoraType="richtext_value">[...] so that as he detested ye one for her folly, he imbraced the other for her vertue: insomuch that hauing himself escaped the &lt;span class="quote"&gt;seas of trouble &lt;/span&gt;and care, yet he thought his minde not fully quiet, vntill he might cause his friend Mamillia, to cast her anker in the port of Tranquilitie.</p0826-teimww:hasTextHist>
    <p0826-teimww:isMentionedIn>
      <p0826-teimww:passage knoraType="link_value" linkType="ref" target="ww_564ec772bb51ef25"/>
    </p0826-teimww:isMentionedIn>
    <p0826-teimww:occursIn>
      <p0826-teimww:book knoraType="link_value" linkType="ref" target="ww_bd8cd5712d6c7094"/>
    </p0826-teimww:occursIn>
    <p0826-teimww:wasContributedBy>
      <p0826-teimww:person knoraType="link_value" linkType="ref" target="ww_c4063e9c72a3ffd2"/>
    </p0826-teimww:wasContributedBy>
  </p0826-teimww:passage>
  <p0826-teimww:passage id="ww_564ec772bb51ef25">
    <knoraXmlImport:label>passage</knoraXmlImport:label>
    <p0826-teimww:occursIn>
      <p0826-teimww:book knoraType="link_value" linkType="ref" target="ww_0b28ed19a0540e1d"/>
    </p0826-teimww:occursIn>
  </p0826-teimww:passage>
  <p0826-teimww:passage id="ww_0e8aa47d8867f325">
    <knoraXmlImport:label>passage</knoraXmlImport:label>
    <p0826-teimww:contains>
      <p0826-teimww:lexia knoraType="link_value" linkType="ref" target="ww_5472795d0a14a904"/>
    </p0826-teimww:contains>
    <p0826-teimww:hasPage knoraType="richtext_value">N.p.; at the very end. [spelling normalized].</p0826-teimww:hasPage>
    <p0826-teimww:hasPageHist knoraType="richtext_value">N.p.; at the very end.</p0826-teimww:hasPageHist>
    <p0826-teimww:hasText knoraType="richtext_value">[Venus:] Can you sing? &lt;br&gt;
[Rafe:] &lt;span class="quote"&gt;Basely.&lt;/span&gt; &lt;br&gt;
[Uenus:] And you? &lt;br&gt;
[Dicke:] Meanly. &lt;br&gt;
[Uenus:] And what can you do? &lt;br&gt;
[Robin:] &lt;span class="quote"&gt;If they double it, I will treble it.&lt;/span&gt;</p0826-teimww:hasText>
    <p0826-teimww:hasTextHist knoraType="richtext_value">[Venus:] Can you sing? &lt;br&gt;
[Rafe:] Baselie. &lt;br&gt;
[Uenus:] And you? &lt;br&gt;
[Dicke:] Meanely. &lt;br&gt;
[Uenus:] And what can you doe? &lt;br&gt;
[Robin:] If they duble it, I will treble it.</p0826-teimww:hasTextHist>
    <p0826-teimww:isMentionedIn>
      <p0826-teimww:passage knoraType="link_value" linkType="ref" target="ww_8c6cd9c529890dc4"/>
    </p0826-teimww:isMentionedIn>
    <p0826-teimww:occursIn>
      <p0826-teimww:book knoraType="link_value" linkType="ref" target="ww_bba03041f3be17f3"/>
    </p0826-teimww:occursIn>
    <p0826-teimww:wasContributedBy>
      <p0826-teimww:person knoraType="link_value" linkType="ref" target="ww_b604df587d93b768"/>
    </p0826-teimww:wasContributedBy>
  </p0826-teimww:passage>
  <p0826-teimww:passage id="ww_8c6cd9c529890dc4">
    <knoraXmlImport:label>passage</knoraXmlImport:label>
    <p0826-teimww:occursIn>
      <p0826-teimww:book knoraType="link_value" linkType="ref" target="ww_5eeeb3e78e8b0bc3"/>
    </p0826-teimww:occursIn>
  </p0826-teimww:passage>
  <p0826-teimww:passage id="ww_c0656d93440637bc">
    <knoraXmlImport:label>passage</knoraXmlImport:label>
    <p0826-teimww:contains>
      <p0826-teimww:lexia knoraType="link_value" linkType="ref" target="ww_4f339b92369ba206"/>
    </p0826-teimww:contains>
    <p0826-teimww:hasText knoraType="richtext_value">&lt;span class="annotation"&gt;A silly old diplomat&lt;/span&gt;</p0826-teimww:hasText>
    <p0826-teimww:isMentionedIn>
      <p0826-teimww:passage knoraType="link_value" linkType="ref" target="ww_00e9a33174d94ff3"/>
    </p0826-teimww:isMentionedIn>
    <p0826-teimww:occursIn>
      <p0826-teimww:book knoraType="link_value" linkType="ref" target="ww_1c5e84bba083d2c9"/>
    </p0826-teimww:occursIn>
    <p0826-teimww:wasContributedBy>
      <p0826-teimww:person knoraType="link_value" linkType="ref" target="ww_c4063e9c72a3ffd2"/>
    </p0826-teimww:wasContributedBy>
  </p0826-teimww:passage>
  <p0826-teimww:passage id="ww_00e9a33174d94ff3">
    <knoraXmlImport:label>passage</knoraXmlImport:label>
    <p0826-teimww:occursIn>
      <p0826-teimww:book knoraType="link_value" linkType="ref" target="ww_15dba62495527dd5"/>
    </p0826-teimww:occursIn>
  </p0826-teimww:passage>
  <p0826-teimww:passage id="ww_578078bea57290d1">
    <knoraXmlImport:label>passage</knoraXmlImport:label>
    <p0826-teimww:contains>
      <p0826-teimww:lexia knoraType="link_value" linkType="ref" target="ww_f7c8b5ae81c23bc0"/>
    </p0826-teimww:contains>
    <p0826-teimww:hasPage knoraType="richtext_value">C1 recto; book 2, chapter 1 [normalized spelling].</p0826-teimww:hasPage>
    <p0826-teimww:hasPageHist knoraType="richtext_value">C1 recto; book 2, chapter 1.</p0826-teimww:hasPageHist>
    <p0826-teimww:hasText knoraType="richtext_value">It is either of One sentence, called an Axiom, and that part is called Axiomatical. More sentences. An Axiom or sentence is that ordering of one reason with another, whereby a thing is said &lt;span class="quote"&gt;to be or not to be. &lt;/span&gt;</p0826-teimww:hasText>
    <p0826-teimww:hasTextHist knoraType="richtext_value">It is eyther of One sentence, called an Axiome, and that parte is called Axiomaticall. More sentences. An Axiome or sentence is that ordering of one reason with another, whereby a thing is saide &lt;span class="quote"&gt;to bee or not to be. &lt;/span&gt;</p0826-teimww:hasTextHist>
    <p0826-teimww:isMentionedIn>
      <p0826-teimww:passage knoraType="link_value" linkType="ref" target="ww_f109cdf1451eb8e6"/>
    </p0826-teimww:isMentionedIn>
    <p0826-teimww:occursIn>
      <p0826-teimww:book knoraType="link_value" linkType="ref" target="ww_f44b01cba1dbbd53"/>
    </p0826-teimww:occursIn>
    <p0826-teimww:wasContributedBy>
      <p0826-teimww:person knoraType="link_value" linkType="ref" target="ww_bff7390e4e734f4c"/>
    </p0826-teimww:wasContributedBy>
  </p0826-teimww:passage>
  <p0826-teimww:passage id="ww_f109cdf1451eb8e6">
    <knoraXmlImport:label>passage</knoraXmlImport:label>
    <p0826-teimww:occursIn>
      <p0826-teimww:book knoraType="link_value" linkType="ref" target="ww_0de19bd63a1c9142"/>
    </p0826-teimww:occursIn>
  </p0826-teimww:passage>
  <p0826-teimww:passage id="ww_46b720a6cfe55a3b">
    <knoraXmlImport:label>passage</knoraXmlImport:label>
    <p0826-teimww:contains>
      <p0826-teimww:lexia knoraType="link_value" linkType="ref" target="ww_04501940a465406a"/>
    </p0826-teimww:contains>
    <p0826-teimww:hasPage knoraType="richtext_value">124.</p0826-teimww:hasPage>
    <p0826-teimww:hasText knoraType="richtext_value">[...] &lt;span class="quote"&gt;the brain of a Cat &lt;/span&gt;[...].</p0826-teimww:hasText>
    <p0826-teimww:isMentionedIn>
      <p0826-teimww:passage knoraType="link_value" linkType="ref" target="ww_c761bc368f49daf4"/>
    </p0826-teimww:isMentionedIn>
    <p0826-teimww:occursIn>
      <p0826-teimww:book knoraType="link_value" linkType="ref" target="ww_e4ae7f89b0f55caf"/>
    </p0826-teimww:occursIn>
    <p0826-teimww:wasContributedBy>
      <p0826-teimww:person knoraType="link_value" linkType="ref" target="ww_b604df587d93b768"/>
    </p0826-teimww:wasContributedBy>
  </p0826-teimww:passage>
  <p0826-teimww:passage id="ww_a9e005ca3907d7e7">
    <knoraXmlImport:label>passage</knoraXmlImport:label>
    <p0826-teimww:contains>
      <p0826-teimww:lexia knoraType="link_value" linkType="ref" target="ww_614ed7889c7a3bb3"/>
    </p0826-teimww:contains>
    <p0826-teimww:hasPage knoraType="richtext_value">51bis and 77.</p0826-teimww:hasPage>
    <p0826-teimww:hasText knoraType="richtext_value">Here lies Ben Johnson &lt;span class="quote"&gt;Who once was one &lt;/span&gt;– his own Epitaph. Here lies Benjamin – with little hair upon his chin who while he lived was a slow thing - &amp; now he is buried &lt;span class="quote"&gt;is Nothing. &lt;/span&gt;Shakespear. &lt;br&gt;&lt;br&gt;

Here lies Ben Jonson - who was once one - this he made of himself - Shakspear took the pen from him &amp; made this Here lies Benjamin - with short hair upon his chin  - Who while he lived was a slow ting - &amp; now he's buried &lt;span class="quote"&gt; is no thing. &lt;/span&gt; </p0826-teimww:hasText>
    <p0826-teimww:isMentionedIn>
      <p0826-teimww:passage knoraType="link_value" linkType="ref" target="ww_22c43e3854c3afa5"/>
    </p0826-teimww:isMentionedIn>
    <p0826-teimww:occursIn>
      <p0826-teimww:book knoraType="link_value" linkType="ref" target="ww_45236b051a657058"/>
    </p0826-teimww:occursIn>
    <p0826-teimww:wasContributedBy>
      <p0826-teimww:person knoraType="link_value" linkType="ref" target="ww_c4063e9c72a3ffd2"/>
    </p0826-teimww:wasContributedBy>
  </p0826-teimww:passage>
  <p0826-teimww:passage id="ww_22c43e3854c3afa5">
    <knoraXmlImport:label>passage</knoraXmlImport:label>
    <p0826-teimww:occursIn>
      <p0826-teimww:book knoraType="link_value" linkType="ref" target="ww_7ae298843ecbdbed"/>
    </p0826-teimww:occursIn>
  </p0826-teimww:passage>
  <p0826-teimww:passage id="ww_52fca8e1ac0bc4b3">
    <knoraXmlImport:label>passage</knoraXmlImport:label>
    <p0826-teimww:contains>
      <p0826-teimww:lexia knoraType="link_value" linkType="ref" target="ww_e600b3175d2bea1a"/>
    </p0826-teimww:contains>
    <p0826-teimww:hasPage knoraType="richtext_value">92verso.</p0826-teimww:hasPage>
    <p0826-teimww:hasText knoraType="richtext_value">[...] &lt;span class="quote"&gt;a raging sea of troubles&lt;/span&gt; [...].</p0826-teimww:hasText>
    <p0826-teimww:isMentionedIn>
      <p0826-teimww:passage knoraType="link_value" linkType="ref" target="ww_8e36587b16e938b5"/>
    </p0826-teimww:isMentionedIn>
    <p0826-teimww:occursIn>
      <p0826-teimww:book knoraType="link_value" linkType="ref" target="ww_99c58762296b12b6"/>
    </p0826-teimww:occursIn>
    <p0826-teimww:wasContributedBy>
      <p0826-teimww:person knoraType="link_value" linkType="ref" target="ww_c4063e9c72a3ffd2"/>
    </p0826-teimww:wasContributedBy>
  </p0826-teimww:passage>
  <p0826-teimww:passage id="ww_8e36587b16e938b5">
    <knoraXmlImport:label>passage</knoraXmlImport:label>
    <p0826-teimww:occursIn>
      <p0826-teimww:book knoraType="link_value" linkType="ref" target="ww_0de19bd63a1c9142"/>
    </p0826-teimww:occursIn>
  </p0826-teimww:passage>
  <p0826-teimww:passage id="ww_77a2819044b68927">
    <knoraXmlImport:label>passage</knoraXmlImport:label>
    <p0826-teimww:contains>
      <p0826-teimww:lexia knoraType="link_value" linkType="ref" target="ww_12d86bca5b955513"/>
    </p0826-teimww:contains>
    <p0826-teimww:hasPage knoraType="richtext_value">264.</p0826-teimww:hasPage>
    <p0826-teimww:hasText knoraType="richtext_value">&lt;span class="quote"&gt;That is the question &lt;/span&gt;</p0826-teimww:hasText>
    <p0826-teimww:isMentionedIn>
      <p0826-teimww:passage knoraType="link_value" linkType="ref" target="ww_2b8e39b3c8e998b9"/>
    </p0826-teimww:isMentionedIn>
    <p0826-teimww:occursIn>
      <p0826-teimww:book knoraType="link_value" linkType="ref" target="ww_62691e6b381caa28"/>
    </p0826-teimww:occursIn>
    <p0826-teimww:wasContributedBy>
      <p0826-teimww:person knoraType="link_value" linkType="ref" target="ww_c4063e9c72a3ffd2"/>
    </p0826-teimww:wasContributedBy>
  </p0826-teimww:passage>
  <p0826-teimww:passage id="ww_2b8e39b3c8e998b9">
    <knoraXmlImport:label>passage</knoraXmlImport:label>
    <p0826-teimww:occursIn>
      <p0826-teimww:book knoraType="link_value" linkType="ref" target="ww_0de19bd63a1c9142"/>
    </p0826-teimww:occursIn>
  </p0826-teimww:passage>
  <p0826-teimww:passage id="ww_355d8d7bdb586e6a">
    <knoraXmlImport:label>passage</knoraXmlImport:label>
    <p0826-teimww:contains>
      <p0826-teimww:lexia knoraType="link_value" linkType="ref" target="ww_d4fc67153c960322"/>
    </p0826-teimww:contains>
    <p0826-teimww:hasPage knoraType="richtext_value">[108], lines 221-224 [normalized spelling].</p0826-teimww:hasPage>
    <p0826-teimww:hasPageHist knoraType="richtext_value">[108], lines 221-224.</p0826-teimww:hasPageHist>
    <p0826-teimww:hasText knoraType="richtext_value">For, Lord, I see that thou art prest,&lt;br&gt;
to ease my sinful sore:&lt;br&gt;
Refuse me not, &lt;span class="quote"&gt;vouchsafe me rest&lt;/span&gt;,&lt;br&gt;
in heart, that call therefore.</p0826-teimww:hasText>
    <p0826-teimww:hasTextHist knoraType="richtext_value">For, Lorde, I see that thou art prest,&lt;br&gt;
to ease my sinfull sore:&lt;br&gt;
Refuse me not, &lt;span class="quote"&gt;vouchsafe mee rest&lt;/span&gt;,&lt;br&gt;
in heart, that call therfore.</p0826-teimww:hasTextHist>
    <p0826-teimww:isMentionedIn>
      <p0826-teimww:passage knoraType="link_value" linkType="ref" target="ww_c0e628bb5ffb43f6"/>
    </p0826-teimww:isMentionedIn>
    <p0826-teimww:occursIn>
      <p0826-teimww:book knoraType="link_value" linkType="ref" target="ww_99c58762296b12b6"/>
    </p0826-teimww:occursIn>
    <p0826-teimww:wasContributedBy>
      <p0826-teimww:person knoraType="link_value" linkType="ref" target="ww_c4063e9c72a3ffd2"/>
    </p0826-teimww:wasContributedBy>
  </p0826-teimww:passage>
  <p0826-teimww:passage id="ww_c0e628bb5ffb43f6">
    <knoraXmlImport:label>passage</knoraXmlImport:label>
    <p0826-teimww:occursIn>
      <p0826-teimww:book knoraType="link_value" linkType="ref" target="ww_3e15ab6c612eadae"/>
    </p0826-teimww:occursIn>
  </p0826-teimww:passage>
  <p0826-teimww:passage id="ww_db922b8bb5546e68">
    <knoraXmlImport:label>passage</knoraXmlImport:label>
    <p0826-teimww:contains>
      <p0826-teimww:lexia knoraType="link_value" linkType="ref" target="ww_5f98925e43b7ba56"/>
    </p0826-teimww:contains>
    <p0826-teimww:hasPage knoraType="richtext_value">N.p.; a bit over halfway into the play [spelling normalized].</p0826-teimww:hasPage>
    <p0826-teimww:hasPageHist knoraType="richtext_value">N.p.; a bit over halfway into the play.</p0826-teimww:hasPageHist>
    <p0826-teimww:hasText knoraType="richtext_value">[Oldcastle:] Gogs wounds how like you this? &lt;br&gt;
&lt;span class="quote"&gt;Sounds this not so sweet as Music.&lt;/span&gt;</p0826-teimww:hasText>
    <p0826-teimww:hasTextHist knoraType="richtext_value">[Oldcastle:] Gogs wounds how like you this? 
Sownds tis not so sweete as Musicke.</p0826-teimww:hasTextHist>
    <p0826-teimww:isMentionedIn>
      <p0826-teimww:passage knoraType="link_value" linkType="ref" target="ww_15dcf898b6849140"/>
    </p0826-teimww:isMentionedIn>
    <p0826-teimww:occursIn>
      <p0826-teimww:book knoraType="link_value" linkType="ref" target="ww_a05e9fa3e5abb86c"/>
    </p0826-teimww:occursIn>
    <p0826-teimww:wasContributedBy>
      <p0826-teimww:person knoraType="link_value" linkType="ref" target="ww_b604df587d93b768"/>
    </p0826-teimww:wasContributedBy>
  </p0826-teimww:passage>
  <p0826-teimww:passage id="ww_add109df8319756c">
    <knoraXmlImport:label>passage</knoraXmlImport:label>
    <p0826-teimww:contains>
      <p0826-teimww:lexia knoraType="link_value" linkType="ref" target="ww_e9843e2347bb3ba2"/>
    </p0826-teimww:contains>
    <p0826-teimww:hasPage knoraType="richtext_value">123, 177, 213, 251, 267, 285, 336 [normalized spelling].</p0826-teimww:hasPage>
    <p0826-teimww:hasPageHist knoraType="richtext_value">123, 177, 213, 251, 267, 285, 336.</p0826-teimww:hasPageHist>
    <p0826-teimww:hasText knoraType="richtext_value">[...] that the inward feeling of Mopsa's perfections had greatly &lt;span class="quote"&gt;beautified &lt;/span&gt;my mind [...].&lt;br&gt;
Then looking to the stars, which had perfectly as then &lt;span class="quote"&gt;beautified &lt;/span&gt; the clear sky [...].&lt;br&gt;
[...] a perfect woman's shape (still &lt;span class="quote"&gt;beautified &lt;/span&gt; with the former perfections) [...].&lt;br&gt;
The action Zelmane used, being &lt;span class="quote"&gt;beautified &lt;/span&gt; by nature and apparelled with skill [...].&lt;br&gt; 
[...] not burdened with trees, but with a board covered, &amp; &lt;span class="quote"&gt;beautified &lt;/span&gt; with the pleasantest fruits [...]. &lt;br&gt;
[...] that ill-agreeing music, which was &lt;span class="quote"&gt;beautified &lt;/span&gt; with the grisliness of wounds [...].&lt;br&gt;
His shield was &lt;span class="quote"&gt;beautified &lt;/span&gt; with this device [...].&lt;br&gt;
[...] of a young man, of great beauty, &lt;span class="quote"&gt;beautified &lt;/span&gt; with great honour [...].</p0826-teimww:hasText>
    <p0826-teimww:hasTextHist knoraType="richtext_value">[...] that the inward feeling of Mopsaes perfections had greatly beautified my minde &lt;br&gt; &lt;br&gt;
Then looking to the starres, which had perfitly as then beautified the cleere skie [...]&lt;br&gt; &lt;br&gt;
[...] a perfect womans shape (still beautified with the former perfections)[...] &lt;br&gt; &lt;br&gt;
The action Zelmane vsed, being beautified by nature and apparelled with skill, [...]&lt;br&gt; &lt;br&gt;
[...] not burdened with trees, but with a boord couered, &amp; beautified with the pleasantest fruites,[...]&lt;br&gt; &lt;br&gt;
[...] that ill-agreeing musicke, which was beautified with the griselinesse of woundes, [...]&lt;br&gt; &lt;br&gt;
His shield was beautified with this deuice [...]&lt;br&gt; &lt;br&gt;
[...] of a young man, of great beautie, beautified with great honour [...]</p0826-teimww:hasTextHist>
    <p0826-teimww:isMentionedIn>
      <p0826-teimww:passage knoraType="link_value" linkType="ref" target="ww_6c11167247bd2e98"/>
    </p0826-teimww:isMentionedIn>
    <p0826-teimww:occursIn>
      <p0826-teimww:book knoraType="link_value" linkType="ref" target="ww_4367686b70b93963"/>
    </p0826-teimww:occursIn>
    <p0826-teimww:wasContributedBy>
      <p0826-teimww:person knoraType="link_value" linkType="ref" target="ww_c4063e9c72a3ffd2"/>
    </p0826-teimww:wasContributedBy>
  </p0826-teimww:passage>
  <p0826-teimww:passage id="ww_6c11167247bd2e98">
    <knoraXmlImport:label>passage</knoraXmlImport:label>
    <p0826-teimww:occursIn>
      <p0826-teimww:book knoraType="link_value" linkType="ref" target="ww_3e15ab6c612eadae"/>
    </p0826-teimww:occursIn>
  </p0826-teimww:passage>
  <p0826-teimww:passage id="ww_354e053beaf5bea9">
    <knoraXmlImport:label>passage</knoraXmlImport:label>
    <p0826-teimww:contains>
      <p0826-teimww:lexia knoraType="link_value" linkType="ref" target="ww_9ba6070c2099e855"/>
    </p0826-teimww:contains>
    <p0826-teimww:hasPage knoraType="richtext_value">166 [normalized spelling].</p0826-teimww:hasPage>
    <p0826-teimww:hasPageHist knoraType="richtext_value">257.</p0826-teimww:hasPageHist>
    <p0826-teimww:hasText knoraType="richtext_value">[...] the air meet for melancholic folk, ought to be thin, pure and subtle, open, and patent to all winds: in respect of their temper, especially to the &lt;span class="quote"&gt;South, and Southeast.&lt;/span&gt;</p0826-teimww:hasText>
    <p0826-teimww:hasTextHist knoraType="richtext_value">[...] the ayre meet for melancholicke folke, ought to be thinne, pure and subtile, open, and patent to all winds: in respect of their temper, especially to the &lt;span class="quote"&gt;South, and Southeast.&lt;/span&gt;</p0826-teimww:hasTextHist>
    <p0826-teimww:isMentionedIn>
      <p0826-teimww:passage knoraType="link_value" linkType="ref" target="ww_6b8b0eacc3e71824"/>
    </p0826-teimww:isMentionedIn>
    <p0826-teimww:isMentionedIn>
      <p0826-teimww:passage knoraType="link_value" linkType="ref" target="ww_5d1831126bf27856"/>
    </p0826-teimww:isMentionedIn>
    <p0826-teimww:occursIn>
      <p0826-teimww:book knoraType="link_value" linkType="ref" target="ww_04a69cb6dbc88db4"/>
    </p0826-teimww:occursIn>
    <p0826-teimww:wasContributedBy>
      <p0826-teimww:person knoraType="link_value" linkType="ref" target="ww_c4063e9c72a3ffd2"/>
    </p0826-teimww:wasContributedBy>
  </p0826-teimww:passage>
  <p0826-teimww:passage id="ww_5d1831126bf27856">
    <knoraXmlImport:label>passage</knoraXmlImport:label>
    <p0826-teimww:occursIn>
      <p0826-teimww:book knoraType="link_value" linkType="ref" target="ww_15dba62495527dd5"/>
    </p0826-teimww:occursIn>
  </p0826-teimww:passage>
  <p0826-teimww:passage id="ww_6b8b0eacc3e71824">
    <knoraXmlImport:label>passage</knoraXmlImport:label>
    <p0826-teimww:occursIn>
      <p0826-teimww:book knoraType="link_value" linkType="ref" target="ww_7589cfaa41b21699"/>
    </p0826-teimww:occursIn>
  </p0826-teimww:passage>
  <p0826-teimww:passage id="ww_617001a7621ab80a">
    <knoraXmlImport:label>passage</knoraXmlImport:label>
    <p0826-teimww:contains>
      <p0826-teimww:lexia knoraType="link_value" linkType="ref" target="ww_2439b540034504e5"/>
    </p0826-teimww:contains>
    <p0826-teimww:hasPage knoraType="richtext_value">130 [normalized spelling].</p0826-teimww:hasPage>
    <p0826-teimww:hasPageHist knoraType="richtext_value">130.</p0826-teimww:hasPageHist>
    <p0826-teimww:hasText knoraType="richtext_value">Sometimes it falleth out, that melancholy men are found very witty; [...] this can be explained, among other things by] exercise of their wits in which they be indefatigable; which maketh them seem to have that of a natural readiness, which &lt;span class="quote"&gt;custom of exercise &lt;/span&gt;and use hath found in them.</p0826-teimww:hasText>
    <p0826-teimww:hasTextHist knoraType="richtext_value">Sometimes it falleth out, that melancholie men are found very wittie; [… this can be explained, among other things by] exercise of their wittes in which they be indefatigable; which maketh them seeme to haue that of a naturall readinesse, which &lt;span class="quote"&gt;custome of exercise &lt;/span&gt;and use hath found in them.</p0826-teimww:hasTextHist>
    <p0826-teimww:isMentionedIn>
      <p0826-teimww:passage knoraType="link_value" linkType="ref" target="ww_1367ce275773bd6d"/>
    </p0826-teimww:isMentionedIn>
    <p0826-teimww:isMentionedIn>
      <p0826-teimww:passage knoraType="link_value" linkType="ref" target="ww_7233eaf7eae49174"/>
    </p0826-teimww:isMentionedIn>
    <p0826-teimww:isMentionedIn>
      <p0826-teimww:passage knoraType="link_value" linkType="ref" target="ww_6b91be766ee4a1f3"/>
    </p0826-teimww:isMentionedIn>
    <p0826-teimww:occursIn>
      <p0826-teimww:book knoraType="link_value" linkType="ref" target="ww_04a69cb6dbc88db4"/>
    </p0826-teimww:occursIn>
    <p0826-teimww:wasContributedBy>
      <p0826-teimww:person knoraType="link_value" linkType="ref" target="ww_c4063e9c72a3ffd2"/>
    </p0826-teimww:wasContributedBy>
  </p0826-teimww:passage>
  <p0826-teimww:passage id="ww_6b91be766ee4a1f3">
    <knoraXmlImport:label>passage</knoraXmlImport:label>
    <p0826-teimww:occursIn>
      <p0826-teimww:book knoraType="link_value" linkType="ref" target="ww_15dba62495527dd5"/>
    </p0826-teimww:occursIn>
  </p0826-teimww:passage>
  <p0826-teimww:passage id="ww_1367ce275773bd6d">
    <knoraXmlImport:label>passage</knoraXmlImport:label>
    <p0826-teimww:occursIn>
      <p0826-teimww:book knoraType="link_value" linkType="ref" target="ww_0b28ed19a0540e1d"/>
    </p0826-teimww:occursIn>
  </p0826-teimww:passage>
  <p0826-teimww:passage id="ww_7233eaf7eae49174">
    <knoraXmlImport:label>passage</knoraXmlImport:label>
    <p0826-teimww:occursIn>
      <p0826-teimww:book knoraType="link_value" linkType="ref" target="ww_c0bb45384c6abc1f"/>
    </p0826-teimww:occursIn>
  </p0826-teimww:passage>
  <p0826-teimww:passage id="ww_ddbdfe902fc4650c">
    <knoraXmlImport:label>passage</knoraXmlImport:label>
    <p0826-teimww:contains>
      <p0826-teimww:lexia knoraType="link_value" linkType="ref" target="ww_fc27dc9eec01796c"/>
    </p0826-teimww:contains>
    <p0826-teimww:hasPage knoraType="richtext_value">166.</p0826-teimww:hasPage>
    <p0826-teimww:hasText knoraType="richtext_value">[...] &lt;span class="quote"&gt;disposition of action &lt;/span&gt;[...].</p0826-teimww:hasText>
    <p0826-teimww:isMentionedIn>
      <p0826-teimww:passage knoraType="link_value" linkType="ref" target="ww_7039298f73040794"/>
    </p0826-teimww:isMentionedIn>
    <p0826-teimww:isMentionedIn>
      <p0826-teimww:passage knoraType="link_value" linkType="ref" target="ww_af4b5353364f0684"/>
    </p0826-teimww:isMentionedIn>
    <p0826-teimww:isMentionedIn>
      <p0826-teimww:passage knoraType="link_value" linkType="ref" target="ww_319969bc04930bd7"/>
    </p0826-teimww:isMentionedIn>
    <p0826-teimww:occursIn>
      <p0826-teimww:book knoraType="link_value" linkType="ref" target="ww_04a69cb6dbc88db4"/>
    </p0826-teimww:occursIn>
    <p0826-teimww:wasContributedBy>
      <p0826-teimww:person knoraType="link_value" linkType="ref" target="ww_c4063e9c72a3ffd2"/>
    </p0826-teimww:wasContributedBy>
  </p0826-teimww:passage>
  <p0826-teimww:passage id="ww_af4b5353364f0684">
    <knoraXmlImport:label>passage</knoraXmlImport:label>
    <p0826-teimww:occursIn>
      <p0826-teimww:book knoraType="link_value" linkType="ref" target="ww_0b28ed19a0540e1d"/>
    </p0826-teimww:occursIn>
  </p0826-teimww:passage>
  <p0826-teimww:passage id="ww_7039298f73040794">
    <knoraXmlImport:label>passage</knoraXmlImport:label>
    <p0826-teimww:occursIn>
      <p0826-teimww:book knoraType="link_value" linkType="ref" target="ww_15dba62495527dd5"/>
    </p0826-teimww:occursIn>
  </p0826-teimww:passage>
  <p0826-teimww:passage id="ww_319969bc04930bd7">
    <knoraXmlImport:label>passage</knoraXmlImport:label>
    <p0826-teimww:occursIn>
      <p0826-teimww:book knoraType="link_value" linkType="ref" target="ww_c0bb45384c6abc1f"/>
    </p0826-teimww:occursIn>
  </p0826-teimww:passage>
  <p0826-teimww:passage id="ww_dd14573b7cf1d8e9">
    <knoraXmlImport:label>passage</knoraXmlImport:label>
    <p0826-teimww:contains>
      <p0826-teimww:lexia knoraType="link_value" linkType="ref" target="ww_8db4479ceb2b6723"/>
    </p0826-teimww:contains>
    <p0826-teimww:hasPage knoraType="richtext_value">309.</p0826-teimww:hasPage>
    <p0826-teimww:hasText knoraType="richtext_value">[...] &lt;span class="quote"&gt;discourse of reason &lt;/span&gt;[...].</p0826-teimww:hasText>
    <p0826-teimww:isMentionedIn>
      <p0826-teimww:passage knoraType="link_value" linkType="ref" target="ww_f86c30db3ecce99c"/>
    </p0826-teimww:isMentionedIn>
    <p0826-teimww:occursIn>
      <p0826-teimww:book knoraType="link_value" linkType="ref" target="ww_04a69cb6dbc88db4"/>
    </p0826-teimww:occursIn>
    <p0826-teimww:wasContributedBy>
      <p0826-teimww:person knoraType="link_value" linkType="ref" target="ww_c4063e9c72a3ffd2"/>
    </p0826-teimww:wasContributedBy>
  </p0826-teimww:passage>
  <p0826-teimww:passage id="ww_f86c30db3ecce99c">
    <knoraXmlImport:label>passage</knoraXmlImport:label>
    <p0826-teimww:occursIn>
      <p0826-teimww:book knoraType="link_value" linkType="ref" target="ww_bd61ff243a1c12bf"/>
    </p0826-teimww:occursIn>
  </p0826-teimww:passage>
  <p0826-teimww:passage id="ww_47d9ebf8d780fac9">
    <knoraXmlImport:label>passage</knoraXmlImport:label>
    <p0826-teimww:contains>
      <p0826-teimww:lexia knoraType="link_value" linkType="ref" target="ww_3f9c292bd2b1470b"/>
    </p0826-teimww:contains>
    <p0826-teimww:hasPage knoraType="richtext_value">236, act 4, scene 3, lines 1-2.</p0826-teimww:hasPage>
    <p0826-teimww:hasPageHist knoraType="richtext_value">N. p.</p0826-teimww:hasPageHist>
    <p0826-teimww:hasText knoraType="richtext_value">[Tamburlaine:] Holla, ye &lt;span class="quote"&gt;pampered jades&lt;/span&gt; of Asia! What! can ye draw but twenty miles a day...? </p0826-teimww:hasText>
    <p0826-teimww:hasTextHist knoraType="richtext_value">[Tamburlaine:] Holla, ye pampered jades of Asia! What! can ye draw but twenty miles a day...? Shall Pack-horses, and hollow-pamper'd lades of Asia, which cannot goe but thirtie miles a day, compare with Czsar, and with Caniballs, and Troian Greekes?</p0826-teimww:hasTextHist>
    <p0826-teimww:isMentionedIn>
      <p0826-teimww:passage knoraType="link_value" linkType="ref" target="ww_7ac853549181c15f"/>
    </p0826-teimww:isMentionedIn>
    <p0826-teimww:occursIn>
      <p0826-teimww:book knoraType="link_value" linkType="ref" target="ww_207b1333656832c3"/>
    </p0826-teimww:occursIn>
    <p0826-teimww:wasContributedBy>
      <p0826-teimww:person knoraType="link_value" linkType="ref" target="ww_c4063e9c72a3ffd2"/>
    </p0826-teimww:wasContributedBy>
  </p0826-teimww:passage>
  <p0826-teimww:passage id="ww_7ac853549181c15f">
    <knoraXmlImport:label>passage</knoraXmlImport:label>
    <p0826-teimww:occursIn>
      <p0826-teimww:book knoraType="link_value" linkType="ref" target="ww_1140c36ab545b6d8"/>
    </p0826-teimww:occursIn>
  </p0826-teimww:passage>
  <p0826-teimww:passage id="ww_352a0bdd02b70287">
    <knoraXmlImport:label>passage</knoraXmlImport:label>
    <p0826-teimww:contains>
      <p0826-teimww:lexia knoraType="link_value" linkType="ref" target="ww_e600b3175d2bea1a"/>
    </p0826-teimww:contains>
    <p0826-teimww:hasPage knoraType="richtext_value">212; act 3, scene 2, lines 47-48 [normalized spelling].</p0826-teimww:hasPage>
    <p0826-teimww:hasPageHist knoraType="richtext_value">110; part 2, act 3, scene 2, lines 43-48.</p0826-teimww:hasPageHist>
    <p0826-teimww:hasText knoraType="richtext_value">[Calepinus:] If I had wept &lt;span class="quote"&gt;a sea of tears&lt;/span&gt; for her, &lt;br&gt;
It would not ease the sorrow I sustain. </p0826-teimww:hasText>
    <p0826-teimww:hasTextHist knoraType="richtext_value">[Tamburlaine:] [...] And now my Lords, aduance your speares againe, &lt;br&gt;
Sorrow no more my sweet Casane now: &lt;br&gt;
Boyes leaue to mourne, this towne shall euer mourne, &lt;br&gt;
Being burnt to cynders for your mothers death. &lt;br&gt;
[Calepinus:] If I had wept a sea of teares for her, &lt;br&gt;
It would not ease the sorrow I sustaine. &lt;br&gt;&lt;br&gt;</p0826-teimww:hasTextHist>
    <p0826-teimww:isMentionedIn>
      <p0826-teimww:passage knoraType="link_value" linkType="ref" target="ww_c013f9d8d92f9a79"/>
    </p0826-teimww:isMentionedIn>
    <p0826-teimww:occursIn>
      <p0826-teimww:book knoraType="link_value" linkType="ref" target="ww_207b1333656832c3"/>
    </p0826-teimww:occursIn>
    <p0826-teimww:wasContributedBy>
      <p0826-teimww:person knoraType="link_value" linkType="ref" target="ww_c4063e9c72a3ffd2"/>
    </p0826-teimww:wasContributedBy>
  </p0826-teimww:passage>
  <p0826-teimww:passage id="ww_b643f93e52b996f0">
    <knoraXmlImport:label>passage</knoraXmlImport:label>
    <p0826-teimww:contains>
      <p0826-teimww:lexia knoraType="link_value" linkType="ref" target="ww_d679850439ed85ec"/>
    </p0826-teimww:contains>
    <p0826-teimww:hasPage knoraType="richtext_value">Act 5, scene 1.</p0826-teimww:hasPage>
    <p0826-teimww:hasPageHist knoraType="richtext_value">71; part 1, act 5, scene 1.</p0826-teimww:hasPageHist>
    <p0826-teimww:hasText knoraType="richtext_value">[Zabina:] [...] The Sun was down. Streamers white, Red, Black, here, here, here. Fling the meat in his face. &lt;i&gt;Tambur­laine, Tamburlaine.&lt;/i&gt; Let the soldiers be buried. Hell, death, &lt;i&gt;Tamburlaine&lt;/i&gt;, Hell! &lt;span class="quote"&gt;Make ready my Coach, my chair, my jewels, I come, I come, I come!&lt;/span&gt;</p0826-teimww:hasText>
    <p0826-teimww:hasTextHist knoraType="richtext_value">[Zabina:] [...] The Sun was downe. Streamers white, Red, Black, here, here, here. Fling the meat in his face. &lt;i&gt;Tambur­laine, Tamburlaine.&lt;/i&gt; Let the souldiers be buried. Hel, death, &lt;i&gt;Tamburlaine&lt;/i&gt;, Hell! &lt;span class="quote"&gt;Make ready my Coch, my chaire, my jewels, I come, I come, I come!&lt;/span&gt;</p0826-teimww:hasTextHist>
    <p0826-teimww:isMentionedIn>
      <p0826-teimww:passage knoraType="link_value" linkType="ref" target="ww_0bcf27e1a347abba"/>
    </p0826-teimww:isMentionedIn>
    <p0826-teimww:occursIn>
      <p0826-teimww:book knoraType="link_value" linkType="ref" target="ww_16aa75011d029064"/>
    </p0826-teimww:occursIn>
    <p0826-teimww:wasContributedBy>
      <p0826-teimww:person knoraType="link_value" linkType="ref" target="ww_5fbb1eab1b30dfee"/>
    </p0826-teimww:wasContributedBy>
  </p0826-teimww:passage>
  <p0826-teimww:passage id="ww_0bcf27e1a347abba">
    <knoraXmlImport:label>passage</knoraXmlImport:label>
    <p0826-teimww:occursIn>
      <p0826-teimww:book knoraType="link_value" linkType="ref" target="ww_b3931845d54b98d5"/>
    </p0826-teimww:occursIn>
  </p0826-teimww:passage>
  <p0826-teimww:passage id="ww_5b3686c4c7e6a70d">
    <knoraXmlImport:label>passage</knoraXmlImport:label>
    <p0826-teimww:contains>
      <p0826-teimww:lexia knoraType="link_value" linkType="ref" target="ww_8a7e7042ec454da6"/>
    </p0826-teimww:contains>
    <p0826-teimww:hasPage knoraType="richtext_value">191; act 1, scene 4, line 4.</p0826-teimww:hasPage>
    <p0826-teimww:hasText knoraType="richtext_value">[Tamburlaine:] [...] &lt;span class="quote"&gt;And clothe it in a crystal livery &lt;/span&gt;[...].</p0826-teimww:hasText>
    <p0826-teimww:isMentionedIn>
      <p0826-teimww:passage knoraType="link_value" linkType="ref" target="ww_40fdab0686f7e2e6"/>
    </p0826-teimww:isMentionedIn>
    <p0826-teimww:occursIn>
      <p0826-teimww:book knoraType="link_value" linkType="ref" target="ww_207b1333656832c3"/>
    </p0826-teimww:occursIn>
    <p0826-teimww:wasContributedBy>
      <p0826-teimww:person knoraType="link_value" linkType="ref" target="ww_7f35f6802efd910d"/>
    </p0826-teimww:wasContributedBy>
  </p0826-teimww:passage>
  <p0826-teimww:passage id="ww_354a51db39964e02">
    <knoraXmlImport:label>passage</knoraXmlImport:label>
    <p0826-teimww:contains>
      <p0826-teimww:lexia knoraType="link_value" linkType="ref" target="ww_5d23b6b4bc820eea"/>
    </p0826-teimww:contains>
    <p0826-teimww:hasText knoraType="richtext_value">&lt;span class="quote"&gt;Hieronimo&lt;/span&gt;</p0826-teimww:hasText>
    <p0826-teimww:hasTextHist knoraType="richtext_value">&lt;span class="quote"&gt;Hieronimo&lt;/span&gt;</p0826-teimww:hasTextHist>
    <p0826-teimww:isMentionedIn>
      <p0826-teimww:passage knoraType="link_value" linkType="ref" target="ww_b8a6239684c082bc"/>
    </p0826-teimww:isMentionedIn>
    <p0826-teimww:occursIn>
      <p0826-teimww:book knoraType="link_value" linkType="ref" target="ww_96f58f18ba880f24"/>
    </p0826-teimww:occursIn>
    <p0826-teimww:wasContributedBy>
      <p0826-teimww:person knoraType="link_value" linkType="ref" target="ww_c4063e9c72a3ffd2"/>
    </p0826-teimww:wasContributedBy>
  </p0826-teimww:passage>
  <p0826-teimww:passage id="ww_e5855edd4463034d">
    <knoraXmlImport:label>passage</knoraXmlImport:label>
    <p0826-teimww:contains>
      <p0826-teimww:lexia knoraType="link_value" linkType="ref" target="ww_0a433309ba4fd85d"/>
    </p0826-teimww:contains>
    <p0826-teimww:hasText knoraType="richtext_value">&lt;span class="quote"&gt;Don Andrea's Ghost&lt;/span&gt;</p0826-teimww:hasText>
    <p0826-teimww:hasTextHist knoraType="richtext_value">&lt;span class="quote"&gt;Don Andrea's Ghost&lt;/span&gt;</p0826-teimww:hasTextHist>
    <p0826-teimww:isMentionedIn>
      <p0826-teimww:passage knoraType="link_value" linkType="ref" target="ww_db26d1ca206105c2"/>
    </p0826-teimww:isMentionedIn>
    <p0826-teimww:isMentionedIn>
      <p0826-teimww:passage knoraType="link_value" linkType="ref" target="ww_cd200cb9a2565cd5"/>
    </p0826-teimww:isMentionedIn>
    <p0826-teimww:occursIn>
      <p0826-teimww:book knoraType="link_value" linkType="ref" target="ww_96f58f18ba880f24"/>
    </p0826-teimww:occursIn>
    <p0826-teimww:wasContributedBy>
      <p0826-teimww:person knoraType="link_value" linkType="ref" target="ww_c4063e9c72a3ffd2"/>
    </p0826-teimww:wasContributedBy>
  </p0826-teimww:passage>
  <p0826-teimww:passage id="ww_db26d1ca206105c2">
    <knoraXmlImport:label>passage</knoraXmlImport:label>
    <p0826-teimww:occursIn>
      <p0826-teimww:book knoraType="link_value" linkType="ref" target="ww_1140c36ab545b6d8"/>
    </p0826-teimww:occursIn>
  </p0826-teimww:passage>
  <p0826-teimww:passage id="ww_cd200cb9a2565cd5">
    <knoraXmlImport:label>passage</knoraXmlImport:label>
    <p0826-teimww:occursIn>
      <p0826-teimww:book knoraType="link_value" linkType="ref" target="ww_91e0dc4c671938fa"/>
    </p0826-teimww:occursIn>
  </p0826-teimww:passage>
  <p0826-teimww:passage id="ww_d02bf78acabba95d">
    <knoraXmlImport:label>passage</knoraXmlImport:label>
    <p0826-teimww:contains>
      <p0826-teimww:lexia knoraType="link_value" linkType="ref" target="ww_54b8832532dee745"/>
    </p0826-teimww:contains>
    <p0826-teimww:hasPage knoraType="richtext_value">213; act 3, scene 2, line 89.</p0826-teimww:hasPage>
    <p0826-teimww:hasText knoraType="richtext_value">[Tamburlaine:] &lt;span class="quote"&gt;Fenc'd with the concave of a monstrous rock&lt;/span&gt; […]</p0826-teimww:hasText>
    <p0826-teimww:isMentionedIn>
      <p0826-teimww:passage knoraType="link_value" linkType="ref" target="ww_40fdab0686f7e2e6"/>
    </p0826-teimww:isMentionedIn>
    <p0826-teimww:occursIn>
      <p0826-teimww:book knoraType="link_value" linkType="ref" target="ww_207b1333656832c3"/>
    </p0826-teimww:occursIn>
    <p0826-teimww:wasContributedBy>
      <p0826-teimww:person knoraType="link_value" linkType="ref" target="ww_7f35f6802efd910d"/>
    </p0826-teimww:wasContributedBy>
  </p0826-teimww:passage>
  <p0826-teimww:passage id="ww_23540d5266195d85">
    <knoraXmlImport:label>passage</knoraXmlImport:label>
    <p0826-teimww:contains>
      <p0826-teimww:lexia knoraType="link_value" linkType="ref" target="ww_7778cbdbc7a43060"/>
    </p0826-teimww:contains>
    <p0826-teimww:hasText knoraType="richtext_value">&lt;span class="quote"&gt;Horatio&lt;/span&gt;</p0826-teimww:hasText>
    <p0826-teimww:hasTextHist knoraType="richtext_value">&lt;span class="quote"&gt;Horatio&lt;/span&gt;</p0826-teimww:hasTextHist>
    <p0826-teimww:isMentionedIn>
      <p0826-teimww:passage knoraType="link_value" linkType="ref" target="ww_86aad482344ebf2e"/>
    </p0826-teimww:isMentionedIn>
    <p0826-teimww:isMentionedIn>
      <p0826-teimww:passage knoraType="link_value" linkType="ref" target="ww_72c313ea584e2c6e"/>
    </p0826-teimww:isMentionedIn>
    <p0826-teimww:occursIn>
      <p0826-teimww:book knoraType="link_value" linkType="ref" target="ww_96f58f18ba880f24"/>
    </p0826-teimww:occursIn>
    <p0826-teimww:wasContributedBy>
      <p0826-teimww:person knoraType="link_value" linkType="ref" target="ww_c4063e9c72a3ffd2"/>
    </p0826-teimww:wasContributedBy>
  </p0826-teimww:passage>
  <p0826-teimww:passage id="ww_72c313ea584e2c6e">
    <knoraXmlImport:label>passage</knoraXmlImport:label>
    <p0826-teimww:occursIn>
      <p0826-teimww:book knoraType="link_value" linkType="ref" target="ww_0b28ed19a0540e1d"/>
    </p0826-teimww:occursIn>
  </p0826-teimww:passage>
  <p0826-teimww:passage id="ww_86aad482344ebf2e">
    <knoraXmlImport:label>passage</knoraXmlImport:label>
    <p0826-teimww:occursIn>
      <p0826-teimww:book knoraType="link_value" linkType="ref" target="ww_3e70301e1c6b8013"/>
    </p0826-teimww:occursIn>
  </p0826-teimww:passage>
  <p0826-teimww:passage id="ww_8d0d4a66446604a4">
    <knoraXmlImport:label>passage</knoraXmlImport:label>
    <p0826-teimww:contains>
      <p0826-teimww:lexia knoraType="link_value" linkType="ref" target="ww_dcec5612aefc676d"/>
    </p0826-teimww:contains>
    <p0826-teimww:hasPage knoraType="richtext_value">11; act 1, scene 1, lines 90-91.</p0826-teimww:hasPage>
    <p0826-teimww:hasPageHist knoraType="richtext_value">N.p.; act 1, scene 1, lines 90-91.</p0826-teimww:hasPageHist>
    <p0826-teimww:hasText knoraType="richtext_value">[Revenge:] &lt;span class="quote"&gt;Here sit we down to see the mystery, &lt;br&gt;
And serve for Chorus in this tragedy. &lt;/span&gt;</p0826-teimww:hasText>
    <p0826-teimww:hasTextHist knoraType="richtext_value">[Revenge:]&lt;span class="quote"&gt; Heere sit we downe to see the misterie, &lt;br&gt;
And serue for Chorus in this tragedie. &lt;/span&gt;</p0826-teimww:hasTextHist>
    <p0826-teimww:isMentionedIn>
      <p0826-teimww:passage knoraType="link_value" linkType="ref" target="ww_3673ba3d15a5aa2d"/>
    </p0826-teimww:isMentionedIn>
    <p0826-teimww:occursIn>
      <p0826-teimww:book knoraType="link_value" linkType="ref" target="ww_96f58f18ba880f24"/>
    </p0826-teimww:occursIn>
    <p0826-teimww:wasContributedBy>
      <p0826-teimww:person knoraType="link_value" linkType="ref" target="ww_c4063e9c72a3ffd2"/>
    </p0826-teimww:wasContributedBy>
  </p0826-teimww:passage>
  <p0826-teimww:passage id="ww_20e5d330b26de363">
    <knoraXmlImport:label>passage</knoraXmlImport:label>
    <p0826-teimww:contains>
      <p0826-teimww:lexia knoraType="link_value" linkType="ref" target="ww_b9aa40019fe291d4"/>
    </p0826-teimww:contains>
    <p0826-teimww:hasPage knoraType="richtext_value">49; act 3, scene 12.</p0826-teimww:hasPage>
    <p0826-teimww:hasPageHist knoraType="richtext_value">N.p.; act 3, scene 7.</p0826-teimww:hasPageHist>
    <p0826-teimww:hasText knoraType="richtext_value">&lt;span class="quote"&gt;(Enter Hieronimo with a poniard in one hand and a rope in the other)&lt;/span&gt;</p0826-teimww:hasText>
    <p0826-teimww:hasTextHist knoraType="richtext_value">(Enter Hieronimo with a Ponyard in one hand, and a Rope in the other)</p0826-teimww:hasTextHist>
    <p0826-teimww:isMentionedIn>
      <p0826-teimww:passage knoraType="link_value" linkType="ref" target="ww_2f6a8a1d144c829e"/>
    </p0826-teimww:isMentionedIn>
    <p0826-teimww:occursIn>
      <p0826-teimww:book knoraType="link_value" linkType="ref" target="ww_96f58f18ba880f24"/>
    </p0826-teimww:occursIn>
    <p0826-teimww:wasContributedBy>
      <p0826-teimww:person knoraType="link_value" linkType="ref" target="ww_c4063e9c72a3ffd2"/>
    </p0826-teimww:wasContributedBy>
  </p0826-teimww:passage>
  <p0826-teimww:passage id="ww_2f6a8a1d144c829e">
    <knoraXmlImport:label>passage</knoraXmlImport:label>
    <p0826-teimww:occursIn>
      <p0826-teimww:book knoraType="link_value" linkType="ref" target="ww_e9dd31d2f114bcc9"/>
    </p0826-teimww:occursIn>
  </p0826-teimww:passage>
  <p0826-teimww:passage id="ww_7ba729bd18e2b507">
    <knoraXmlImport:label>passage</knoraXmlImport:label>
    <p0826-teimww:contains>
      <p0826-teimww:lexia knoraType="link_value" linkType="ref" target="ww_6f238335d10a9530"/>
    </p0826-teimww:contains>
    <p0826-teimww:hasPage knoraType="richtext_value">152; act 4, scene 2, line 33.</p0826-teimww:hasPage>
    <p0826-teimww:hasText knoraType="richtext_value">[Tamburlaine:] [...] &lt;span class="quote"&gt;Smile, stars that reign'd at my nativity &lt;/span&gt;[...].</p0826-teimww:hasText>
    <p0826-teimww:isMentionedIn>
      <p0826-teimww:passage knoraType="link_value" linkType="ref" target="ww_ecc82fb358dd2bd8"/>
    </p0826-teimww:isMentionedIn>
    <p0826-teimww:occursIn>
      <p0826-teimww:book knoraType="link_value" linkType="ref" target="ww_16aa75011d029064"/>
    </p0826-teimww:occursIn>
    <p0826-teimww:wasContributedBy>
      <p0826-teimww:person knoraType="link_value" linkType="ref" target="ww_b604df587d93b768"/>
    </p0826-teimww:wasContributedBy>
  </p0826-teimww:passage>
  <p0826-teimww:passage id="ww_42403b494e381ca7">
    <knoraXmlImport:label>passage</knoraXmlImport:label>
    <p0826-teimww:contains>
      <p0826-teimww:lexia knoraType="link_value" linkType="ref" target="ww_c4f6ac4adb8509f8"/>
    </p0826-teimww:contains>
    <p0826-teimww:contains>
      <p0826-teimww:lexia knoraType="link_value" linkType="ref" target="ww_030c42033784bc41"/>
    </p0826-teimww:contains>
    <p0826-teimww:hasPage knoraType="richtext_value">196; act 1, scene 6, lines 41-43.</p0826-teimww:hasPage>
    <p0826-teimww:hasText knoraType="richtext_value">[Tamburlaine:] The Sun unable to sustain the sight, &lt;br&gt;
Shall hide his head in &lt;span class="quote"&gt;Thetis' watery lap,&lt;/span&gt; &lt;br&gt;
And leave his steeds to faire Boötes' charge.</p0826-teimww:hasText>
    <p0826-teimww:isMentionedIn>
      <p0826-teimww:passage knoraType="link_value" linkType="ref" target="ww_0c7562b072b7907e"/>
    </p0826-teimww:isMentionedIn>
    <p0826-teimww:occursIn>
      <p0826-teimww:book knoraType="link_value" linkType="ref" target="ww_207b1333656832c3"/>
    </p0826-teimww:occursIn>
    <p0826-teimww:wasContributedBy>
      <p0826-teimww:person knoraType="link_value" linkType="ref" target="ww_7f35f6802efd910d"/>
    </p0826-teimww:wasContributedBy>
  </p0826-teimww:passage>
  <p0826-teimww:passage id="ww_3766d77b81682add">
    <knoraXmlImport:label>passage</knoraXmlImport:label>
    <p0826-teimww:contains>
      <p0826-teimww:lexia knoraType="link_value" linkType="ref" target="ww_a8468a01458906c0"/>
    </p0826-teimww:contains>
    <p0826-teimww:hasPage knoraType="richtext_value">N.p.; act 1, scene 1, line 800.</p0826-teimww:hasPage>
    <p0826-teimww:hasPageHist knoraType="richtext_value">N.p.; act 1, scene 1, line 800.</p0826-teimww:hasPageHist>
    <p0826-teimww:hasText knoraType="richtext_value">[Hieronimo:] Not I, Hieronimo beware, &lt;span class="quote"&gt;go by, go by.&lt;/span&gt;</p0826-teimww:hasText>
    <p0826-teimww:hasTextHist knoraType="richtext_value">[Hieronimo:] Not I, Hieronimo beware, goe by, goe by.</p0826-teimww:hasTextHist>
    <p0826-teimww:isMentionedIn>
      <p0826-teimww:passage knoraType="link_value" linkType="ref" target="ww_c10d4cb2127c4739"/>
    </p0826-teimww:isMentionedIn>
    <p0826-teimww:occursIn>
      <p0826-teimww:book knoraType="link_value" linkType="ref" target="ww_96f58f18ba880f24"/>
    </p0826-teimww:occursIn>
    <p0826-teimww:wasContributedBy>
      <p0826-teimww:person knoraType="link_value" linkType="ref" target="ww_7f35f6802efd910d"/>
    </p0826-teimww:wasContributedBy>
  </p0826-teimww:passage>
  <p0826-teimww:passage id="ww_3bea4d7838284014">
    <knoraXmlImport:label>passage</knoraXmlImport:label>
    <p0826-teimww:contains>
      <p0826-teimww:lexia knoraType="link_value" linkType="ref" target="ww_497318d35f951449"/>
    </p0826-teimww:contains>
    <p0826-teimww:hasPage knoraType="richtext_value">170; Act 5 scene 2 lines 179-181.</p0826-teimww:hasPage>
    <p0826-teimww:hasText knoraType="richtext_value">[Zabina:] […] &lt;span class="quote"&gt;Gape earth, &lt;/span&gt;and let the fiends infernal view,
&lt;br&gt;
As hell, as hopeless and as full of fear&lt;br&gt;
As are the blasted banks of Erebus […].</p0826-teimww:hasText>
    <p0826-teimww:isMentionedIn>
      <p0826-teimww:passage knoraType="link_value" linkType="ref" target="ww_8134986f6f146b68"/>
    </p0826-teimww:isMentionedIn>
    <p0826-teimww:occursIn>
      <p0826-teimww:book knoraType="link_value" linkType="ref" target="ww_16aa75011d029064"/>
    </p0826-teimww:occursIn>
    <p0826-teimww:wasContributedBy>
      <p0826-teimww:person knoraType="link_value" linkType="ref" target="ww_7f35f6802efd910d"/>
    </p0826-teimww:wasContributedBy>
  </p0826-teimww:passage>
  <p0826-teimww:passage id="ww_a4fa714ed82ccc08">
    <knoraXmlImport:label>passage</knoraXmlImport:label>
    <p0826-teimww:contains>
      <p0826-teimww:lexia knoraType="link_value" linkType="ref" target="ww_9062b6e673998de2"/>
    </p0826-teimww:contains>
    <p0826-teimww:contains>
      <p0826-teimww:lexia knoraType="link_value" linkType="ref" target="ww_8b1a1118934a3ad1"/>
    </p0826-teimww:contains>
    <p0826-teimww:hasPage knoraType="richtext_value">178; act 5, scene 2, line 467.</p0826-teimww:hasPage>
    <p0826-teimww:hasText knoraType="richtext_value">[Tamburlaine:] [...] &lt;span class="quote"&gt;Hang up your weapons to Alcides' post &lt;/span&gt;[…].</p0826-teimww:hasText>
    <p0826-teimww:isMentionedIn>
      <p0826-teimww:passage knoraType="link_value" linkType="ref" target="ww_8134986f6f146b68"/>
    </p0826-teimww:isMentionedIn>
    <p0826-teimww:occursIn>
      <p0826-teimww:book knoraType="link_value" linkType="ref" target="ww_16aa75011d029064"/>
    </p0826-teimww:occursIn>
    <p0826-teimww:wasContributedBy>
      <p0826-teimww:person knoraType="link_value" linkType="ref" target="ww_7f35f6802efd910d"/>
    </p0826-teimww:wasContributedBy>
  </p0826-teimww:passage>
  <p0826-teimww:passage id="ww_cc708c23fd917dde">
    <knoraXmlImport:label>passage</knoraXmlImport:label>
    <p0826-teimww:contains>
      <p0826-teimww:lexia knoraType="link_value" linkType="ref" target="ww_d30c307253ce36a0"/>
    </p0826-teimww:contains>
    <p0826-teimww:hasPage knoraType="richtext_value">171; act 5, scene 2, lines 231-232.</p0826-teimww:hasPage>
    <p0826-teimww:hasText knoraType="richtext_value">[Bajazeth:] Let ugly &lt;span class="quote"&gt;Darkness with her rusty coach, &lt;/span&gt;&lt;br&gt;
Engirt with tempests, wrapt in pitchy clouds [...].</p0826-teimww:hasText>
    <p0826-teimww:isMentionedIn>
      <p0826-teimww:passage knoraType="link_value" linkType="ref" target="ww_2cfaa2cdc0a22bd3"/>
    </p0826-teimww:isMentionedIn>
    <p0826-teimww:occursIn>
      <p0826-teimww:book knoraType="link_value" linkType="ref" target="ww_16aa75011d029064"/>
    </p0826-teimww:occursIn>
    <p0826-teimww:wasContributedBy>
      <p0826-teimww:person knoraType="link_value" linkType="ref" target="ww_7f35f6802efd910d"/>
    </p0826-teimww:wasContributedBy>
  </p0826-teimww:passage>
  <p0826-teimww:passage id="ww_c667191db818aad0">
    <knoraXmlImport:label>passage</knoraXmlImport:label>
    <p0826-teimww:contains>
      <p0826-teimww:lexia knoraType="link_value" linkType="ref" target="ww_7428faca253b69e4"/>
    </p0826-teimww:contains>
    <p0826-teimww:hasPage knoraType="richtext_value">236; act 4, scene 3, lines 7-8.</p0826-teimww:hasPage>
    <p0826-teimww:hasText knoraType="richtext_value">[Tamburlaine:] […] The horse [sic] that guide the golden eye of heaven, &lt;br&gt;
And &lt;span class="quote"&gt;blow the morning from their nostrils&lt;/span&gt; […].</p0826-teimww:hasText>
    <p0826-teimww:isMentionedIn>
      <p0826-teimww:passage knoraType="link_value" linkType="ref" target="ww_8134986f6f146b68"/>
    </p0826-teimww:isMentionedIn>
    <p0826-teimww:occursIn>
      <p0826-teimww:book knoraType="link_value" linkType="ref" target="ww_207b1333656832c3"/>
    </p0826-teimww:occursIn>
    <p0826-teimww:wasContributedBy>
      <p0826-teimww:person knoraType="link_value" linkType="ref" target="ww_7f35f6802efd910d"/>
    </p0826-teimww:wasContributedBy>
  </p0826-teimww:passage>
  <p0826-teimww:passage id="ww_349012d0104622b2">
    <knoraXmlImport:label>passage</knoraXmlImport:label>
    <p0826-teimww:contains>
      <p0826-teimww:lexia knoraType="link_value" linkType="ref" target="ww_fba3108902c095f8"/>
    </p0826-teimww:contains>
    <p0826-teimww:contains>
      <p0826-teimww:lexia knoraType="link_value" linkType="ref" target="ww_4ab105b2f68397ab"/>
    </p0826-teimww:contains>
    <p0826-teimww:hasPage knoraType="richtext_value">8-73.</p0826-teimww:hasPage>
    <p0826-teimww:hasText knoraType="richtext_value">&lt;span class="quote"&gt;The Spanish Tragedy&lt;/span&gt; (an early example of the &lt;span class="quote"&gt;revenge tragedy &lt;/span&gt;genre)</p0826-teimww:hasText>
    <p0826-teimww:isMentionedIn>
      <p0826-teimww:passage knoraType="link_value" linkType="ref" target="ww_c9c9b338289d29f7"/>
    </p0826-teimww:isMentionedIn>
    <p0826-teimww:isMentionedIn>
      <p0826-teimww:passage knoraType="link_value" linkType="ref" target="ww_ef8d3b31f15dc765"/>
    </p0826-teimww:isMentionedIn>
    <p0826-teimww:isMentionedIn>
      <p0826-teimww:passage knoraType="link_value" linkType="ref" target="ww_db26d1ca206105c2"/>
    </p0826-teimww:isMentionedIn>
    <p0826-teimww:isMentionedIn>
      <p0826-teimww:passage knoraType="link_value" linkType="ref" target="ww_ae61bb6a3ed9ac8a"/>
    </p0826-teimww:isMentionedIn>
    <p0826-teimww:isMentionedIn>
      <p0826-teimww:passage knoraType="link_value" linkType="ref" target="ww_353909118fbc84e3"/>
    </p0826-teimww:isMentionedIn>
    <p0826-teimww:occursIn>
      <p0826-teimww:book knoraType="link_value" linkType="ref" target="ww_96f58f18ba880f24"/>
    </p0826-teimww:occursIn>
    <p0826-teimww:wasContributedBy>
      <p0826-teimww:person knoraType="link_value" linkType="ref" target="ww_c4063e9c72a3ffd2"/>
    </p0826-teimww:wasContributedBy>
  </p0826-teimww:passage>
  <p0826-teimww:passage id="ww_353909118fbc84e3">
    <knoraXmlImport:label>passage</knoraXmlImport:label>
    <p0826-teimww:occursIn>
      <p0826-teimww:book knoraType="link_value" linkType="ref" target="ww_55406532e3cd0a84"/>
    </p0826-teimww:occursIn>
  </p0826-teimww:passage>
  <p0826-teimww:passage id="ww_ef8d3b31f15dc765">
    <knoraXmlImport:label>passage</knoraXmlImport:label>
    <p0826-teimww:occursIn>
      <p0826-teimww:book knoraType="link_value" linkType="ref" target="ww_6a0b1e5914da6bee"/>
    </p0826-teimww:occursIn>
  </p0826-teimww:passage>
  <p0826-teimww:passage id="ww_ae61bb6a3ed9ac8a">
    <knoraXmlImport:label>passage</knoraXmlImport:label>
    <p0826-teimww:occursIn>
      <p0826-teimww:book knoraType="link_value" linkType="ref" target="ww_91e0dc4c671938fa"/>
    </p0826-teimww:occursIn>
  </p0826-teimww:passage>
  <p0826-teimww:passage id="ww_6ec4ae0d9f4b10bc">
    <knoraXmlImport:label>passage</knoraXmlImport:label>
    <p0826-teimww:contains>
      <p0826-teimww:lexia knoraType="link_value" linkType="ref" target="ww_89414b22a336b7c6"/>
    </p0826-teimww:contains>
    <p0826-teimww:hasPage knoraType="richtext_value">206; act 2, scene 4, lines 90-95.</p0826-teimww:hasPage>
    <p0826-teimww:hasText knoraType="richtext_value">[Tamburlaine:] [...] Her sacred beauty hath enchanted heaven, &lt;br&gt;
And, had she liv'd before the siege of Troy, &lt;br&gt;
&lt;span class="quote"&gt;Helen, whose beauty summon'd Greece to arms, &lt;br&gt;
And drew a thousand ships to Tenedos, &lt;/span&gt;&lt;br&gt;
Had not been nam'd in Homer's Illiads: &lt;br&gt;
Her name had been in every line he wrote.</p0826-teimww:hasText>
    <p0826-teimww:occursIn>
      <p0826-teimww:book knoraType="link_value" linkType="ref" target="ww_207b1333656832c3"/>
    </p0826-teimww:occursIn>
    <p0826-teimww:wasContributedBy>
      <p0826-teimww:person knoraType="link_value" linkType="ref" target="ww_c4063e9c72a3ffd2"/>
    </p0826-teimww:wasContributedBy>
  </p0826-teimww:passage>
  <p0826-teimww:passage id="ww_644d74f6181b94aa">
    <knoraXmlImport:label>passage</knoraXmlImport:label>
    <p0826-teimww:contains>
      <p0826-teimww:lexia knoraType="link_value" linkType="ref" target="ww_2036ccff7e1bf8e7"/>
    </p0826-teimww:contains>
    <p0826-teimww:hasPage knoraType="richtext_value">[normalized spelling].</p0826-teimww:hasPage>
    <p0826-teimww:hasPageHist knoraType="richtext_value">N.p.; act 1, scene 1, lines 78-79.</p0826-teimww:hasPageHist>
    <p0826-teimww:hasText knoraType="richtext_value">[Erastus:] And sweet Perseda accept this ring, &lt;br&gt;
&lt;span class="quote"&gt;To equal it, receive my heart to boot &lt;/span&gt;[…].</p0826-teimww:hasText>
    <p0826-teimww:hasTextHist knoraType="richtext_value">[Erastus:] And sweet Perseda accept this ring, &lt;br&gt;
To equall it, receiue my hart to boot […].</p0826-teimww:hasTextHist>
    <p0826-teimww:isMentionedIn>
      <p0826-teimww:passage knoraType="link_value" linkType="ref" target="ww_de09f94b3f273c7a"/>
    </p0826-teimww:isMentionedIn>
    <p0826-teimww:occursIn>
      <p0826-teimww:book knoraType="link_value" linkType="ref" target="ww_10ccfff324728f4d"/>
    </p0826-teimww:occursIn>
    <p0826-teimww:wasContributedBy>
      <p0826-teimww:person knoraType="link_value" linkType="ref" target="ww_7f35f6802efd910d"/>
    </p0826-teimww:wasContributedBy>
  </p0826-teimww:passage>
  <p0826-teimww:passage id="ww_8f6ad4b5f2698087">
    <knoraXmlImport:label>passage</knoraXmlImport:label>
    <p0826-teimww:contains>
      <p0826-teimww:lexia knoraType="link_value" linkType="ref" target="ww_6c736dad182e86cc"/>
    </p0826-teimww:contains>
    <p0826-teimww:hasPage knoraType="richtext_value">45; act 1, scene 1, lines 19-20.</p0826-teimww:hasPage>
    <p0826-teimww:hasText knoraType="richtext_value">[Ganymede:] Sweet Jupiter […] &lt;span class="quote"&gt;wall'd-in with eagle's wings &lt;/span&gt;[...].</p0826-teimww:hasText>
    <p0826-teimww:isMentionedIn>
      <p0826-teimww:passage knoraType="link_value" linkType="ref" target="ww_e9352ece91ef56e9"/>
    </p0826-teimww:isMentionedIn>
    <p0826-teimww:occursIn>
      <p0826-teimww:book knoraType="link_value" linkType="ref" target="ww_f052ab291abd7898"/>
    </p0826-teimww:occursIn>
    <p0826-teimww:wasContributedBy>
      <p0826-teimww:person knoraType="link_value" linkType="ref" target="ww_7f35f6802efd910d"/>
    </p0826-teimww:wasContributedBy>
  </p0826-teimww:passage>
  <p0826-teimww:passage id="ww_110f42360a938eaf">
    <knoraXmlImport:label>passage</knoraXmlImport:label>
    <p0826-teimww:contains>
      <p0826-teimww:lexia knoraType="link_value" linkType="ref" target="ww_192dacb3d95c7d24"/>
    </p0826-teimww:contains>
    <p0826-teimww:hasText knoraType="richtext_value">&lt;span class="annotation"&gt;The Queen of Carthage, &lt;/span&gt;&lt;span class="quote"&gt;Dido, &lt;/span&gt;&lt;span class="annotation"&gt; is loved and left by the Trojan Aneas.&lt;/span&gt;</p0826-teimww:hasText>
    <p0826-teimww:isMentionedIn>
      <p0826-teimww:passage knoraType="link_value" linkType="ref" target="ww_03de3c07c9117745"/>
    </p0826-teimww:isMentionedIn>
    <p0826-teimww:occursIn>
      <p0826-teimww:book knoraType="link_value" linkType="ref" target="ww_f052ab291abd7898"/>
    </p0826-teimww:occursIn>
    <p0826-teimww:wasContributedBy>
      <p0826-teimww:person knoraType="link_value" linkType="ref" target="ww_c4063e9c72a3ffd2"/>
    </p0826-teimww:wasContributedBy>
  </p0826-teimww:passage>
  <p0826-teimww:passage id="ww_03de3c07c9117745">
    <knoraXmlImport:label>passage</knoraXmlImport:label>
    <p0826-teimww:occursIn>
      <p0826-teimww:book knoraType="link_value" linkType="ref" target="ww_fcbf6cb53d663d95"/>
    </p0826-teimww:occursIn>
  </p0826-teimww:passage>
  <p0826-teimww:passage id="ww_3492351a4daa1cb7">
    <knoraXmlImport:label>passage</knoraXmlImport:label>
    <p0826-teimww:contains>
      <p0826-teimww:lexia knoraType="link_value" linkType="ref" target="ww_7709bdf8bd950e68"/>
    </p0826-teimww:contains>
    <p0826-teimww:hasPageHist knoraType="richtext_value">N.p.; act 1, scene 1, lines 1603-1604.</p0826-teimww:hasPageHist>
    <p0826-teimww:hasText knoraType="richtext_value">[Erastus:] My gracious Lord, &lt;span class="quote"&gt;when Erastus doth forget this favour,&lt;br&gt; 
Then let him live abandoned and forlorn.&lt;/span&gt;</p0826-teimww:hasText>
    <p0826-teimww:hasTextHist knoraType="richtext_value">[Erastus:] My gratious Lord, whe Erastus doth forget this fauor,&lt;br&gt; 
Then let him liue abandond and forlorne.</p0826-teimww:hasTextHist>
    <p0826-teimww:isMentionedIn>
      <p0826-teimww:passage knoraType="link_value" linkType="ref" target="ww_56e4e59804263621"/>
    </p0826-teimww:isMentionedIn>
    <p0826-teimww:occursIn>
      <p0826-teimww:book knoraType="link_value" linkType="ref" target="ww_10ccfff324728f4d"/>
    </p0826-teimww:occursIn>
    <p0826-teimww:wasContributedBy>
      <p0826-teimww:person knoraType="link_value" linkType="ref" target="ww_7f35f6802efd910d"/>
    </p0826-teimww:wasContributedBy>
  </p0826-teimww:passage>
  <p0826-teimww:passage id="ww_595dfa987c5615ac">
    <knoraXmlImport:label>passage</knoraXmlImport:label>
    <p0826-teimww:contains>
      <p0826-teimww:lexia knoraType="link_value" linkType="ref" target="ww_5899dcf6fa9fb161"/>
    </p0826-teimww:contains>
    <p0826-teimww:hasPageHist knoraType="richtext_value">N.p.; act 1, scene 1, line 1203.</p0826-teimww:hasPageHist>
    <p0826-teimww:hasText knoraType="richtext_value">[Suleiman:] &lt;span class="quote"&gt;This face of thine should harbour no deceit.&lt;/span&gt;</p0826-teimww:hasText>
    <p0826-teimww:hasTextHist knoraType="richtext_value">[Suleiman:] &lt;span class="quote"&gt;This face of thine should harbour no deceit.&lt;/span&gt;</p0826-teimww:hasTextHist>
    <p0826-teimww:isMentionedIn>
      <p0826-teimww:passage knoraType="link_value" linkType="ref" target="ww_56e4e59804263621"/>
    </p0826-teimww:isMentionedIn>
    <p0826-teimww:occursIn>
      <p0826-teimww:book knoraType="link_value" linkType="ref" target="ww_10ccfff324728f4d"/>
    </p0826-teimww:occursIn>
    <p0826-teimww:wasContributedBy>
      <p0826-teimww:person knoraType="link_value" linkType="ref" target="ww_7f35f6802efd910d"/>
    </p0826-teimww:wasContributedBy>
  </p0826-teimww:passage>
  <p0826-teimww:passage id="ww_e20f74f619d7feca">
    <knoraXmlImport:label>passage</knoraXmlImport:label>
    <p0826-teimww:contains>
      <p0826-teimww:lexia knoraType="link_value" linkType="ref" target="ww_da8b78d19c44cbdb"/>
    </p0826-teimww:contains>
    <p0826-teimww:hasPage knoraType="richtext_value">act 1, scene 1, lines 588-589.</p0826-teimww:hasPage>
    <p0826-teimww:hasPageHist knoraType="richtext_value">N.p.; act 1, scene 1, lines 588-589.</p0826-teimww:hasPageHist>
    <p0826-teimww:hasText knoraType="richtext_value">[Haleb:] [...] It is not meet, &lt;span class="quote"&gt;that one so base as thou, &lt;br&gt;
Shouldst come about the person of a King.&lt;/span&gt;</p0826-teimww:hasText>
    <p0826-teimww:hasTextHist knoraType="richtext_value">[Haleb:] [...] It is not meete, that one so base as thou, 
Shouldst come about the person of a King.</p0826-teimww:hasTextHist>
    <p0826-teimww:isMentionedIn>
      <p0826-teimww:passage knoraType="link_value" linkType="ref" target="ww_56e4e59804263621"/>
    </p0826-teimww:isMentionedIn>
    <p0826-teimww:occursIn>
      <p0826-teimww:book knoraType="link_value" linkType="ref" target="ww_10ccfff324728f4d"/>
    </p0826-teimww:occursIn>
    <p0826-teimww:wasContributedBy>
      <p0826-teimww:person knoraType="link_value" linkType="ref" target="ww_7f35f6802efd910d"/>
    </p0826-teimww:wasContributedBy>
  </p0826-teimww:passage>
  <p0826-teimww:passage id="ww_31a5508ad6091ffd">
    <knoraXmlImport:label>passage</knoraXmlImport:label>
    <p0826-teimww:contains>
      <p0826-teimww:lexia knoraType="link_value" linkType="ref" target="ww_c95dbd6dde8abd9e"/>
    </p0826-teimww:contains>
    <p0826-teimww:hasPage knoraType="richtext_value">336; act 5, scene 2, line 163.</p0826-teimww:hasPage>
    <p0826-teimww:hasText knoraType="richtext_value">[Faustus:] [...] &lt;span class="quote"&gt;Mountains and hills, come, come, and fall on me &lt;/span&gt;[...].</p0826-teimww:hasText>
    <p0826-teimww:isMentionedIn>
      <p0826-teimww:passage knoraType="link_value" linkType="ref" target="ww_d66787f2559c4c2f"/>
    </p0826-teimww:isMentionedIn>
    <p0826-teimww:occursIn>
      <p0826-teimww:book knoraType="link_value" linkType="ref" target="ww_215bf6a3075a440e"/>
    </p0826-teimww:occursIn>
    <p0826-teimww:wasContributedBy>
      <p0826-teimww:person knoraType="link_value" linkType="ref" target="ww_b604df587d93b768"/>
    </p0826-teimww:wasContributedBy>
  </p0826-teimww:passage>
  <p0826-teimww:passage id="ww_5af2663d50b6908a">
    <knoraXmlImport:label>passage</knoraXmlImport:label>
    <p0826-teimww:contains>
      <p0826-teimww:lexia knoraType="link_value" linkType="ref" target="ww_155a2664470edfde"/>
    </p0826-teimww:contains>
    <p0826-teimww:hasText knoraType="richtext_value">&lt;span class="quote"&gt;Have we not Hiren here?&lt;/span&gt; </p0826-teimww:hasText>
    <p0826-teimww:isMentionedIn>
      <p0826-teimww:passage knoraType="link_value" linkType="ref" target="ww_52ac0c7dc8426c6e"/>
    </p0826-teimww:isMentionedIn>
    <p0826-teimww:occursIn>
      <p0826-teimww:book knoraType="link_value" linkType="ref" target="ww_dde817ac993ab4da"/>
    </p0826-teimww:occursIn>
    <p0826-teimww:wasContributedBy>
      <p0826-teimww:person knoraType="link_value" linkType="ref" target="ww_c4063e9c72a3ffd2"/>
    </p0826-teimww:wasContributedBy>
  </p0826-teimww:passage>
  <p0826-teimww:passage id="ww_52ac0c7dc8426c6e">
    <knoraXmlImport:label>passage</knoraXmlImport:label>
    <p0826-teimww:occursIn>
      <p0826-teimww:book knoraType="link_value" linkType="ref" target="ww_1140c36ab545b6d8"/>
    </p0826-teimww:occursIn>
  </p0826-teimww:passage>
  <p0826-teimww:passage id="ww_e83e2e4e78617f20">
    <knoraXmlImport:label>passage</knoraXmlImport:label>
    <p0826-teimww:contains>
      <p0826-teimww:lexia knoraType="link_value" linkType="ref" target="ww_8a7e7042ec454da6"/>
    </p0826-teimww:contains>
    <p0826-teimww:hasPage knoraType="richtext_value">89; act 5, scene 1, line 6.</p0826-teimww:hasPage>
    <p0826-teimww:hasText knoraType="richtext_value">[Æneas:] [...] And clad her in a &lt;span class="quote"&gt;crystal livery &lt;/span&gt;[...].</p0826-teimww:hasText>
    <p0826-teimww:isMentionedIn>
      <p0826-teimww:passage knoraType="link_value" linkType="ref" target="ww_40fdab0686f7e2e6"/>
    </p0826-teimww:isMentionedIn>
    <p0826-teimww:occursIn>
      <p0826-teimww:book knoraType="link_value" linkType="ref" target="ww_f052ab291abd7898"/>
    </p0826-teimww:occursIn>
    <p0826-teimww:wasContributedBy>
      <p0826-teimww:person knoraType="link_value" linkType="ref" target="ww_7f35f6802efd910d"/>
    </p0826-teimww:wasContributedBy>
  </p0826-teimww:passage>
  <p0826-teimww:passage id="ww_509843e053e55ba9">
    <knoraXmlImport:label>passage</knoraXmlImport:label>
    <p0826-teimww:contains>
      <p0826-teimww:lexia knoraType="link_value" linkType="ref" target="ww_dcec5612aefc676d"/>
    </p0826-teimww:contains>
    <p0826-teimww:hasPageHist knoraType="richtext_value">N.p.; act 1, scene 1.</p0826-teimww:hasPageHist>
    <p0826-teimww:hasText knoraType="richtext_value">[Love:] &lt;span class="quote"&gt;And therefore come I now as fittest person, &lt;br&gt;
To serve for chorus to this Tragedy. &lt;/span&gt;</p0826-teimww:hasText>
    <p0826-teimww:hasTextHist knoraType="richtext_value">[Love:] And therefore come I now as fittest person, &lt;br&gt;
To serue for chorus to this Tragedie. </p0826-teimww:hasTextHist>
    <p0826-teimww:isMentionedIn>
      <p0826-teimww:passage knoraType="link_value" linkType="ref" target="ww_3673ba3d15a5aa2d"/>
    </p0826-teimww:isMentionedIn>
    <p0826-teimww:occursIn>
      <p0826-teimww:book knoraType="link_value" linkType="ref" target="ww_10ccfff324728f4d"/>
    </p0826-teimww:occursIn>
    <p0826-teimww:wasContributedBy>
      <p0826-teimww:person knoraType="link_value" linkType="ref" target="ww_b604df587d93b768"/>
    </p0826-teimww:wasContributedBy>
  </p0826-teimww:passage>
  <p0826-teimww:passage id="ww_cd6499e121d34fb6">
    <knoraXmlImport:label>passage</knoraXmlImport:label>
    <p0826-teimww:contains>
      <p0826-teimww:lexia knoraType="link_value" linkType="ref" target="ww_b7eed7b870a7cc97"/>
    </p0826-teimww:contains>
    <p0826-teimww:hasPage knoraType="richtext_value">N.p.; act 2 [normalized spelling].</p0826-teimww:hasPage>
    <p0826-teimww:hasPageHist knoraType="richtext_value">N.p.; act 2.</p0826-teimww:hasPageHist>
    <p0826-teimww:hasText knoraType="richtext_value">[Ctesiphon:] I murder Cyrus? Far be such a thought, &lt;br&gt;
Much more the execution of the deed, &lt;br&gt;
Like as the Sunbeams to the gazer's eye, &lt;br&gt;
So is his view to daunted Ctesiphon, &lt;br&gt;
During the rancour of my wicked mind, &lt;br&gt;
And melting all in thoughts of sweet remorse, &lt;br&gt;
How wise and gracious is this Persian king, &lt;br&gt;
Who by his wisdom wins his followers' hearts, &lt;br&gt;
Letting them march in armour wrought with gold, &lt;br&gt;
And he girt in a coat of &lt;span class="quote"&gt;complete steel. &lt;/span&gt;&lt;br&gt;
O Cyrus politic and liberal, &lt;br&gt;
How honourable and magnanimious?</p0826-teimww:hasText>
    <p0826-teimww:hasTextHist knoraType="richtext_value">[Ctesiphon:] I murther Cyrus, farre be such a thought, &lt;br&gt;
Much more the execution of the deed, &lt;br&gt;
Like as the Sunne beames to the gazers eye, &lt;br&gt;
So is his view to daunted Ctesiphon, &lt;br&gt;
During the rancor of my wicked minde, &lt;br&gt;
And melting all in thoughts of sweet remorce, &lt;br&gt;
How wise and gracious is this Persian king, &lt;br&gt;
Who by his wisdome winnes his followers hearts, &lt;br&gt;
Letting them march in armour wrought with gold, &lt;br&gt;
And he girt in a coate of complete steele.&lt;br&gt;
O Cyrus politique and liberall, &lt;br&gt;
How honourable and magnanimious?</p0826-teimww:hasTextHist>
    <p0826-teimww:isMentionedIn>
      <p0826-teimww:passage knoraType="link_value" linkType="ref" target="ww_7e6b7ce40e29c18d"/>
    </p0826-teimww:isMentionedIn>
    <p0826-teimww:occursIn>
      <p0826-teimww:book knoraType="link_value" linkType="ref" target="ww_42666ba64eaac864"/>
    </p0826-teimww:occursIn>
    <p0826-teimww:wasContributedBy>
      <p0826-teimww:person knoraType="link_value" linkType="ref" target="ww_8106744e44c77c96"/>
    </p0826-teimww:wasContributedBy>
  </p0826-teimww:passage>
  <p0826-teimww:passage id="ww_7e6b7ce40e29c18d">
    <knoraXmlImport:label>passage</knoraXmlImport:label>
    <p0826-teimww:occursIn>
      <p0826-teimww:book knoraType="link_value" linkType="ref" target="ww_3e15ab6c612eadae"/>
    </p0826-teimww:occursIn>
  </p0826-teimww:passage>
  <p0826-teimww:passage id="ww_b70b22e18e00faaa">
    <knoraXmlImport:label>passage</knoraXmlImport:label>
    <p0826-teimww:contains>
      <p0826-teimww:lexia knoraType="link_value" linkType="ref" target="ww_f93c78f5a1f203a1"/>
    </p0826-teimww:contains>
    <p0826-teimww:hasPage knoraType="richtext_value">87-88; act 1, scene 4 [normalized spelling].</p0826-teimww:hasPage>
    <p0826-teimww:hasPageHist knoraType="richtext_value">N.p.; act 1, scene 4.</p0826-teimww:hasPageHist>
    <p0826-teimww:hasText knoraType="richtext_value">[Tellus:] Tush, Floscula, in obtaining of love, what impossibilities will I not try? and for the winning of Endymion what impieties will I not practise? - Dipsas, whom as many honour for age, as wonder at for cunning, listen in few words to my tale, and &lt;span class="quote"&gt;answer in one word to the purpose, &lt;/span&gt;for that neither my burning desire can afford long speech, nor the short time I have to stay many delays. </p0826-teimww:hasText>
    <p0826-teimww:hasTextHist knoraType="richtext_value">[Tellus:] Tush Floscula, in obtaining of loue, what impossibilities will I not try? and for the winning of Endimion , what impieties will I not practise? Dipsas, whom as many honor for age, as wonder at for cunning, listen in few words to my tale, and answer in one word to the purpose, for that neither my burning desire can afford long speech, nor the short time I haue to stay many delayes. </p0826-teimww:hasTextHist>
    <p0826-teimww:isMentionedIn>
      <p0826-teimww:passage knoraType="link_value" linkType="ref" target="ww_8efe8895d349984b"/>
    </p0826-teimww:isMentionedIn>
    <p0826-teimww:occursIn>
      <p0826-teimww:book knoraType="link_value" linkType="ref" target="ww_7fdb5d1a8d96cea5"/>
    </p0826-teimww:occursIn>
    <p0826-teimww:wasContributedBy>
      <p0826-teimww:person knoraType="link_value" linkType="ref" target="ww_8106744e44c77c96"/>
    </p0826-teimww:wasContributedBy>
  </p0826-teimww:passage>
  <p0826-teimww:passage id="ww_8efe8895d349984b">
    <knoraXmlImport:label>passage</knoraXmlImport:label>
    <p0826-teimww:occursIn>
      <p0826-teimww:book knoraType="link_value" linkType="ref" target="ww_3e15ab6c612eadae"/>
    </p0826-teimww:occursIn>
  </p0826-teimww:passage>
  <p0826-teimww:passage id="ww_043c5bc769ba3aae">
    <knoraXmlImport:label>passage</knoraXmlImport:label>
    <p0826-teimww:contains>
      <p0826-teimww:lexia knoraType="link_value" linkType="ref" target="ww_a5d0d893e83474ac"/>
    </p0826-teimww:contains>
    <p0826-teimww:contains>
      <p0826-teimww:lexia knoraType="link_value" linkType="ref" target="ww_6f238335d10a9530"/>
    </p0826-teimww:contains>
    <p0826-teimww:hasPage knoraType="richtext_value">337; act 5, scene 2, lines 167-173.</p0826-teimww:hasPage>
    <p0826-teimww:hasText knoraType="richtext_value">[Faustus:] [...] You &lt;span class="quote"&gt;stars that reigned at my nativity, &lt;br&gt;&lt;/span&gt;
Whose influence hath allotted death and hell, &lt;br&gt;
Now &lt;span class="quote"&gt;draw up Faustus like a foggy mist &lt;br&gt;
Into the entrails of yon labouring cloud, &lt;/span&gt;&lt;br&gt;
That when you vomit forth into the air &lt;br&gt;
My limbs may issue from your smoky mouths &lt;br&gt;
So that my soul may but ascend to heaven.</p0826-teimww:hasText>
    <p0826-teimww:isMentionedIn>
      <p0826-teimww:passage knoraType="link_value" linkType="ref" target="ww_d9ccb6a61dc47c15"/>
    </p0826-teimww:isMentionedIn>
    <p0826-teimww:occursIn>
      <p0826-teimww:book knoraType="link_value" linkType="ref" target="ww_215bf6a3075a440e"/>
    </p0826-teimww:occursIn>
    <p0826-teimww:wasContributedBy>
      <p0826-teimww:person knoraType="link_value" linkType="ref" target="ww_b604df587d93b768"/>
    </p0826-teimww:wasContributedBy>
  </p0826-teimww:passage>
  <p0826-teimww:passage id="ww_22cc3ec67c33ac54">
    <knoraXmlImport:label>passage</knoraXmlImport:label>
    <p0826-teimww:contains>
      <p0826-teimww:lexia knoraType="link_value" linkType="ref" target="ww_94475a5ed2a7fc1d"/>
    </p0826-teimww:contains>
    <p0826-teimww:contains>
      <p0826-teimww:lexia knoraType="link_value" linkType="ref" target="ww_750edc88d9a2cdba"/>
    </p0826-teimww:contains>
    <p0826-teimww:hasPage knoraType="richtext_value">89; act 1, scene 1, line 99-100.</p0826-teimww:hasPage>
    <p0826-teimww:hasText knoraType="richtext_value">[Jupiter:] That &lt;span class="quote"&gt;earth-born Atlas, groaning, &lt;/span&gt;underprops: &lt;br&gt;
No bounds but heaven shall advance her head […].</p0826-teimww:hasText>
    <p0826-teimww:isMentionedIn>
      <p0826-teimww:passage knoraType="link_value" linkType="ref" target="ww_8134986f6f146b68"/>
    </p0826-teimww:isMentionedIn>
    <p0826-teimww:occursIn>
      <p0826-teimww:book knoraType="link_value" linkType="ref" target="ww_f052ab291abd7898"/>
    </p0826-teimww:occursIn>
    <p0826-teimww:wasContributedBy>
      <p0826-teimww:person knoraType="link_value" linkType="ref" target="ww_7f35f6802efd910d"/>
    </p0826-teimww:wasContributedBy>
  </p0826-teimww:passage>
  <p0826-teimww:passage id="ww_ff2312e81ef8cc27">
    <knoraXmlImport:label>passage</knoraXmlImport:label>
    <p0826-teimww:contains>
      <p0826-teimww:lexia knoraType="link_value" linkType="ref" target="ww_f7c8b5ae81c23bc0"/>
    </p0826-teimww:contains>
    <p0826-teimww:hasPage knoraType="richtext_value">526 [normalized spelling].</p0826-teimww:hasPage>
    <p0826-teimww:hasPageHist knoraType="richtext_value">526.</p0826-teimww:hasPageHist>
    <p0826-teimww:hasText knoraType="richtext_value">An Axiom or proposition is a disposition of one argument with another, whereby we judge judge a thing &lt;span class="quote"&gt;to be, or not to be &lt;/span&gt;[...].</p0826-teimww:hasText>
    <p0826-teimww:hasTextHist knoraType="richtext_value">An Axiome or proposition is a disposition of one argument with another, whereby wée judge iudge a thing &lt;span class="quote"&gt;to bée, or not to bée &lt;/span&gt;[...].</p0826-teimww:hasTextHist>
    <p0826-teimww:isMentionedIn>
      <p0826-teimww:passage knoraType="link_value" linkType="ref" target="ww_11f1b7e6ab740d1b"/>
    </p0826-teimww:isMentionedIn>
    <p0826-teimww:isMentionedIn>
      <p0826-teimww:passage knoraType="link_value" linkType="ref" target="ww_b7dfdf05c4c4b9e6"/>
    </p0826-teimww:isMentionedIn>
    <p0826-teimww:occursIn>
      <p0826-teimww:book knoraType="link_value" linkType="ref" target="ww_d86c9cc196e7be35"/>
    </p0826-teimww:occursIn>
    <p0826-teimww:wasContributedBy>
      <p0826-teimww:person knoraType="link_value" linkType="ref" target="ww_c4063e9c72a3ffd2"/>
    </p0826-teimww:wasContributedBy>
  </p0826-teimww:passage>
  <p0826-teimww:passage id="ww_11f1b7e6ab740d1b">
    <knoraXmlImport:label>passage</knoraXmlImport:label>
    <p0826-teimww:occursIn>
      <p0826-teimww:book knoraType="link_value" linkType="ref" target="ww_0de19bd63a1c9142"/>
    </p0826-teimww:occursIn>
  </p0826-teimww:passage>
  <p0826-teimww:passage id="ww_b7dfdf05c4c4b9e6">
    <knoraXmlImport:label>passage</knoraXmlImport:label>
    <p0826-teimww:occursIn>
      <p0826-teimww:book knoraType="link_value" linkType="ref" target="ww_91e0dc4c671938fa"/>
    </p0826-teimww:occursIn>
  </p0826-teimww:passage>
  <p0826-teimww:passage id="ww_c08c8d71c997f46f">
    <knoraXmlImport:label>passage</knoraXmlImport:label>
    <p0826-teimww:contains>
      <p0826-teimww:lexia knoraType="link_value" linkType="ref" target="ww_4207fd416b30110a"/>
    </p0826-teimww:contains>
    <p0826-teimww:hasPage knoraType="richtext_value">338; act 5, scene 2, lines 197-200.</p0826-teimww:hasPage>
    <p0826-teimww:hasText knoraType="richtext_value">[Faustus:] [...] My God, my God, look not so fierce on me. &lt;br&gt;
Adders and serpents, let me breathe awhile. &lt;br&gt;
&lt;span class="quote"&gt;Ugly hell, gape not&lt;/span&gt;, come not, Lucifer!&lt;br&gt;
I'll burn my books. Ah, Mephistophilis!</p0826-teimww:hasText>
    <p0826-teimww:isMentionedIn>
      <p0826-teimww:passage knoraType="link_value" linkType="ref" target="ww_133637cad108142e"/>
    </p0826-teimww:isMentionedIn>
    <p0826-teimww:occursIn>
      <p0826-teimww:book knoraType="link_value" linkType="ref" target="ww_215bf6a3075a440e"/>
    </p0826-teimww:occursIn>
    <p0826-teimww:wasContributedBy>
      <p0826-teimww:person knoraType="link_value" linkType="ref" target="ww_c4063e9c72a3ffd2"/>
    </p0826-teimww:wasContributedBy>
  </p0826-teimww:passage>
  <p0826-teimww:passage id="ww_133637cad108142e">
    <knoraXmlImport:label>passage</knoraXmlImport:label>
    <p0826-teimww:occursIn>
      <p0826-teimww:book knoraType="link_value" linkType="ref" target="ww_b3931845d54b98d5"/>
    </p0826-teimww:occursIn>
  </p0826-teimww:passage>
  <p0826-teimww:passage id="ww_c170181d117e7be7">
    <knoraXmlImport:label>passage</knoraXmlImport:label>
    <p0826-teimww:contains>
      <p0826-teimww:lexia knoraType="link_value" linkType="ref" target="ww_89414b22a336b7c6"/>
    </p0826-teimww:contains>
    <p0826-teimww:hasPage knoraType="richtext_value">330; act 5, scene 1, line 97.</p0826-teimww:hasPage>
    <p0826-teimww:hasText knoraType="richtext_value">[Faustus:] Was this &lt;span class="quote"&gt;the face that launched a thousand ships &lt;/span&gt;[...]?</p0826-teimww:hasText>
    <p0826-teimww:occursIn>
      <p0826-teimww:book knoraType="link_value" linkType="ref" target="ww_215bf6a3075a440e"/>
    </p0826-teimww:occursIn>
    <p0826-teimww:wasContributedBy>
      <p0826-teimww:person knoraType="link_value" linkType="ref" target="ww_c4063e9c72a3ffd2"/>
    </p0826-teimww:wasContributedBy>
  </p0826-teimww:passage>
  <p0826-teimww:passage id="ww_b8eb8d2d2965559b">
    <knoraXmlImport:label>passage</knoraXmlImport:label>
    <p0826-teimww:contains>
      <p0826-teimww:lexia knoraType="link_value" linkType="ref" target="ww_89414b22a336b7c6"/>
    </p0826-teimww:contains>
    <p0826-teimww:hasPage knoraType="richtext_value">95, act 5, scene 1, lines 200-205.</p0826-teimww:hasPage>
    <p0826-teimww:hasText knoraType="richtext_value">[Dido:] Call him not wicked, sister speak him fair,&lt;br&gt;
And look upon him with a mermaid's eye,&lt;br&gt;
Tell him, &lt;span class="quote"&gt;I never vow'd at Aulis' gulf&lt;br&gt;
The desolation of his native Troy,&lt;br&gt;
Nor sent a thousand ships unto the walls,&lt;/span&gt;&lt;br&gt;
Nor ever violated faith to him.</p0826-teimww:hasText>
    <p0826-teimww:isMentionedIn>
      <p0826-teimww:passage knoraType="link_value" linkType="ref" target="ww_187e85285768cc43"/>
    </p0826-teimww:isMentionedIn>
    <p0826-teimww:occursIn>
      <p0826-teimww:book knoraType="link_value" linkType="ref" target="ww_f052ab291abd7898"/>
    </p0826-teimww:occursIn>
    <p0826-teimww:wasContributedBy>
      <p0826-teimww:person knoraType="link_value" linkType="ref" target="ww_c4063e9c72a3ffd2"/>
    </p0826-teimww:wasContributedBy>
  </p0826-teimww:passage>
  <p0826-teimww:passage id="ww_187e85285768cc43">
    <knoraXmlImport:label>passage</knoraXmlImport:label>
    <p0826-teimww:occursIn>
      <p0826-teimww:book knoraType="link_value" linkType="ref" target="ww_3e15ab6c612eadae"/>
    </p0826-teimww:occursIn>
  </p0826-teimww:passage>
  <p0826-teimww:passage id="ww_ea36f2e267cae515">
    <knoraXmlImport:label>passage</knoraXmlImport:label>
    <p0826-teimww:contains>
      <p0826-teimww:lexia knoraType="link_value" linkType="ref" target="ww_9aca8a3a7883de3d"/>
    </p0826-teimww:contains>
    <p0826-teimww:hasPage knoraType="richtext_value">N.p.; about 1/6 into the play. [spelling normalized].</p0826-teimww:hasPage>
    <p0826-teimww:hasPageHist knoraType="richtext_value">N.p.; about 1/6 into the play.</p0826-teimww:hasPageHist>
    <p0826-teimww:hasText knoraType="richtext_value">[Leir:] [...] &lt;span class="quote"&gt;I am as kind as is the Pelican, &lt;br&gt;
That kills itself, to save her young ones' lives&lt;/span&gt; [...].</p0826-teimww:hasText>
    <p0826-teimww:hasTextHist knoraType="richtext_value">[Leir:] [...] I am as kind as is the Pellican, &lt;br&gt;
That kils itselfe, to saue her young ones liues [...].</p0826-teimww:hasTextHist>
    <p0826-teimww:isMentionedIn>
      <p0826-teimww:passage knoraType="link_value" linkType="ref" target="ww_a742ac858f140747"/>
    </p0826-teimww:isMentionedIn>
    <p0826-teimww:occursIn>
      <p0826-teimww:book knoraType="link_value" linkType="ref" target="ww_e9169de357d0ad33"/>
    </p0826-teimww:occursIn>
    <p0826-teimww:wasContributedBy>
      <p0826-teimww:person knoraType="link_value" linkType="ref" target="ww_b604df587d93b768"/>
    </p0826-teimww:wasContributedBy>
  </p0826-teimww:passage>
  <p0826-teimww:passage id="ww_a742ac858f140747">
    <knoraXmlImport:label>passage</knoraXmlImport:label>
    <p0826-teimww:occursIn>
      <p0826-teimww:book knoraType="link_value" linkType="ref" target="ww_de6299bae9b985ee"/>
    </p0826-teimww:occursIn>
  </p0826-teimww:passage>
  <p0826-teimww:passage id="ww_bffab9ec63a28fd0">
    <knoraXmlImport:label>passage</knoraXmlImport:label>
    <p0826-teimww:contains>
      <p0826-teimww:lexia knoraType="link_value" linkType="ref" target="ww_0778f6fd6c96ba41"/>
    </p0826-teimww:contains>
    <p0826-teimww:hasPage knoraType="richtext_value">N.p. [normalized spelling].</p0826-teimww:hasPage>
    <p0826-teimww:hasText knoraType="richtext_value">Aye, aye, my masters, you may mock on as you see cause, but I warrant you the good old &lt;span class="quote"&gt;truepenny&lt;/span&gt; Marprelate is not so merry; he sits ruminating under an oak, or in the bottom of a haystack, whose blood shall be first spilt in the reformation of the church. </p0826-teimww:hasText>
    <p0826-teimww:isMentionedIn>
      <p0826-teimww:passage knoraType="link_value" linkType="ref" target="ww_6f23d52722577a87"/>
    </p0826-teimww:isMentionedIn>
    <p0826-teimww:occursIn>
      <p0826-teimww:book knoraType="link_value" linkType="ref" target="ww_100fa85792453de4"/>
    </p0826-teimww:occursIn>
    <p0826-teimww:wasContributedBy>
      <p0826-teimww:person knoraType="link_value" linkType="ref" target="ww_c4063e9c72a3ffd2"/>
    </p0826-teimww:wasContributedBy>
  </p0826-teimww:passage>
  <p0826-teimww:passage id="ww_6f23d52722577a87">
    <knoraXmlImport:label>passage</knoraXmlImport:label>
    <p0826-teimww:occursIn>
      <p0826-teimww:book knoraType="link_value" linkType="ref" target="ww_1140c36ab545b6d8"/>
    </p0826-teimww:occursIn>
  </p0826-teimww:passage>
  <p0826-teimww:passage id="ww_638b96dcf584ee14">
    <knoraXmlImport:label>passage</knoraXmlImport:label>
    <p0826-teimww:contains>
      <p0826-teimww:lexia knoraType="link_value" linkType="ref" target="ww_d16fc7ea4dc4dd74"/>
    </p0826-teimww:contains>
    <p0826-teimww:contains>
      <p0826-teimww:lexia knoraType="link_value" linkType="ref" target="ww_c98c7162d49fc1fc"/>
    </p0826-teimww:contains>
    <p0826-teimww:hasPage knoraType="richtext_value">315.</p0826-teimww:hasPage>
    <p0826-teimww:hasPageHist knoraType="richtext_value">10.</p0826-teimww:hasPageHist>
    <p0826-teimww:hasText knoraType="richtext_value">But lest I might seeme with these night crowes, &lt;i&gt;Nimis curiosus in aliena republica&lt;/i&gt;, I wile turne backe to my first text of Studies of delight; and talke a little in friendship with a few of our triuiall translators. It is a comon practise now a dayes amongst a sort of shifting companions, that runne through euery Art and thriue by none, to leaue the trade of &lt;i&gt;Nouerint &lt;/i&gt;whereto they were borne, and busie themselues with the indeuours of Art, that could scarcelie Latinize their neck verse if they should haue neede; yet English &lt;i&gt;Seneca &lt;/i&gt;read by candle light yeelds manie good sentences, as &lt;i&gt;Blood is a begger&lt;/i&gt;, and so forth: and if you intreate him faire in a frostie morning, he will affoord you &lt;span class="quote"&gt; whole Hamlets&lt;/span&gt;, I should say handfuls of Tragicall speeches.</p0826-teimww:hasText>
    <p0826-teimww:hasTextHist knoraType="richtext_value">But lest I might seeme with these night crowes, &lt;i&gt;Nimis curiosus in aliena republica&lt;/i&gt;, I wile turne backe to my first text of Studies of delight; and talke a little in friendship with a few of our triuiall translators. It is a comon practise now a dayes amongst a sort of shifting companions, that runne through euery Art and thriue by none, to leaue the trade of &lt;i&gt;Nouerint &lt;/i&gt;whereto they were borne, and busie themselues with the indeuours of Art, that could scarcelie Latinize their neck verse if they should haue neede; yet English &lt;i&gt;Seneca &lt;/i&gt;read by candle light yeelds manie good sentences, as &lt;i&gt;Blood is a begger&lt;/i&gt;, and so forth: and if you intreate him faire in a frostie morning, he will affoord you &lt;span class="quote"&gt; whole Hamlets&lt;/span&gt;, I should say handfuls of Tragicall speeches.</p0826-teimww:hasTextHist>
    <p0826-teimww:isMentionedIn>
      <p0826-teimww:passage knoraType="link_value" linkType="ref" target="ww_34ff4c240ee1a307"/>
    </p0826-teimww:isMentionedIn>
    <p0826-teimww:isMentionedIn>
      <p0826-teimww:passage knoraType="link_value" linkType="ref" target="ww_cad3feebb1ddca64"/>
    </p0826-teimww:isMentionedIn>
    <p0826-teimww:isMentionedIn>
      <p0826-teimww:passage knoraType="link_value" linkType="ref" target="ww_1bb1037b65642027"/>
    </p0826-teimww:isMentionedIn>
    <p0826-teimww:isMentionedIn>
      <p0826-teimww:passage knoraType="link_value" linkType="ref" target="ww_1592de3c5e627a39"/>
    </p0826-teimww:isMentionedIn>
    <p0826-teimww:occursIn>
      <p0826-teimww:book knoraType="link_value" linkType="ref" target="ww_6f73f74667982896"/>
    </p0826-teimww:occursIn>
    <p0826-teimww:wasContributedBy>
      <p0826-teimww:person knoraType="link_value" linkType="ref" target="ww_c4063e9c72a3ffd2"/>
    </p0826-teimww:wasContributedBy>
  </p0826-teimww:passage>
  <p0826-teimww:passage id="ww_1bb1037b65642027">
    <knoraXmlImport:label>passage</knoraXmlImport:label>
    <p0826-teimww:occursIn>
      <p0826-teimww:book knoraType="link_value" linkType="ref" target="ww_2f65899f08b5bb71"/>
    </p0826-teimww:occursIn>
  </p0826-teimww:passage>
  <p0826-teimww:passage id="ww_34ff4c240ee1a307">
    <knoraXmlImport:label>passage</knoraXmlImport:label>
    <p0826-teimww:occursIn>
      <p0826-teimww:book knoraType="link_value" linkType="ref" target="ww_1140c36ab545b6d8"/>
    </p0826-teimww:occursIn>
  </p0826-teimww:passage>
  <p0826-teimww:passage id="ww_1592de3c5e627a39">
    <knoraXmlImport:label>passage</knoraXmlImport:label>
    <p0826-teimww:occursIn>
      <p0826-teimww:book knoraType="link_value" linkType="ref" target="ww_68caf0be92d6d9a9"/>
    </p0826-teimww:occursIn>
  </p0826-teimww:passage>
  <p0826-teimww:passage id="ww_cad3feebb1ddca64">
    <knoraXmlImport:label>passage</knoraXmlImport:label>
    <p0826-teimww:occursIn>
      <p0826-teimww:book knoraType="link_value" linkType="ref" target="ww_f3b3659c26b68006"/>
    </p0826-teimww:occursIn>
  </p0826-teimww:passage>
  <p0826-teimww:passage id="ww_9817d75b585401a5">
    <knoraXmlImport:label>passage</knoraXmlImport:label>
    <p0826-teimww:contains>
      <p0826-teimww:lexia knoraType="link_value" linkType="ref" target="ww_c855feca941c9283"/>
    </p0826-teimww:contains>
    <p0826-teimww:hasPage knoraType="richtext_value">121; chapter 4 "Of the Court of Starre Chamber".</p0826-teimww:hasPage>
    <p0826-teimww:hasText knoraType="richtext_value">The order of proceeding to judgment is by assent of &lt;span class="quote"&gt;voices, and open yielding &lt;/span&gt;their mind in court, the major part being preferred for sentence.</p0826-teimww:hasText>
    <p0826-teimww:isMentionedIn>
      <p0826-teimww:passage knoraType="link_value" linkType="ref" target="ww_d04e5c2bb2295cf4"/>
    </p0826-teimww:isMentionedIn>
    <p0826-teimww:isMentionedIn>
      <p0826-teimww:passage knoraType="link_value" linkType="ref" target="ww_405673c333da1533"/>
    </p0826-teimww:isMentionedIn>
    <p0826-teimww:occursIn>
      <p0826-teimww:book knoraType="link_value" linkType="ref" target="ww_79b4f04c648b74db"/>
    </p0826-teimww:occursIn>
    <p0826-teimww:wasContributedBy>
      <p0826-teimww:person knoraType="link_value" linkType="ref" target="ww_5fbb1eab1b30dfee"/>
    </p0826-teimww:wasContributedBy>
  </p0826-teimww:passage>
  <p0826-teimww:passage id="ww_d04e5c2bb2295cf4">
    <knoraXmlImport:label>passage</knoraXmlImport:label>
    <p0826-teimww:occursIn>
      <p0826-teimww:book knoraType="link_value" linkType="ref" target="ww_91e0dc4c671938fa"/>
    </p0826-teimww:occursIn>
  </p0826-teimww:passage>
  <p0826-teimww:passage id="ww_405673c333da1533">
    <knoraXmlImport:label>passage</knoraXmlImport:label>
    <p0826-teimww:occursIn>
      <p0826-teimww:book knoraType="link_value" linkType="ref" target="ww_b3931845d54b98d5"/>
    </p0826-teimww:occursIn>
  </p0826-teimww:passage>
  <p0826-teimww:passage id="ww_bb6904ae22d5914c">
    <knoraXmlImport:label>passage</knoraXmlImport:label>
    <p0826-teimww:contains>
      <p0826-teimww:lexia knoraType="link_value" linkType="ref" target="ww_a6adf1e2ce60dfa2"/>
    </p0826-teimww:contains>
    <p0826-teimww:hasPage knoraType="richtext_value">N.p.; lines 734-735 [spelling normalized].</p0826-teimww:hasPage>
    <p0826-teimww:hasPageHist knoraType="richtext_value">N.p.; lines 734-735.</p0826-teimww:hasPageHist>
    <p0826-teimww:hasText knoraType="richtext_value">[Perillus:] [...] &lt;span class="quote"&gt;But he, the mirror of mild patience, &lt;br&gt;
Puts up all wrongs, and never gives reply &lt;/span&gt;[...].</p0826-teimww:hasText>
    <p0826-teimww:hasTextHist knoraType="richtext_value">[Perillus:] [...] But he, the myrrour of mild patience, &lt;br&gt;
Puts vp all wrongs, and neuer giues reply [...].</p0826-teimww:hasTextHist>
    <p0826-teimww:occursIn>
      <p0826-teimww:book knoraType="link_value" linkType="ref" target="ww_e9169de357d0ad33"/>
    </p0826-teimww:occursIn>
    <p0826-teimww:wasContributedBy>
      <p0826-teimww:person knoraType="link_value" linkType="ref" target="ww_c4063e9c72a3ffd2"/>
    </p0826-teimww:wasContributedBy>
  </p0826-teimww:passage>
  <p0826-teimww:passage id="ww_1c0226db34697804">
    <knoraXmlImport:label>passage</knoraXmlImport:label>
    <p0826-teimww:contains>
      <p0826-teimww:lexia knoraType="link_value" linkType="ref" target="ww_6cdcc8282b627a4b"/>
    </p0826-teimww:contains>
    <p0826-teimww:hasPage knoraType="richtext_value">73.</p0826-teimww:hasPage>
    <p0826-teimww:hasText knoraType="richtext_value">[...] &lt;span class="quote"&gt;that were of hereafter shall be seized of any lands&lt;/span&gt; [...].</p0826-teimww:hasText>
    <p0826-teimww:isMentionedIn>
      <p0826-teimww:passage knoraType="link_value" linkType="ref" target="ww_45c46ffdfc856b3c"/>
    </p0826-teimww:isMentionedIn>
    <p0826-teimww:isMentionedIn>
      <p0826-teimww:passage knoraType="link_value" linkType="ref" target="ww_5a204fdff58f88f0"/>
    </p0826-teimww:isMentionedIn>
    <p0826-teimww:occursIn>
      <p0826-teimww:book knoraType="link_value" linkType="ref" target="ww_c373e74239c178a8"/>
    </p0826-teimww:occursIn>
    <p0826-teimww:wasContributedBy>
      <p0826-teimww:person knoraType="link_value" linkType="ref" target="ww_c4063e9c72a3ffd2"/>
    </p0826-teimww:wasContributedBy>
  </p0826-teimww:passage>
  <p0826-teimww:passage id="ww_45c46ffdfc856b3c">
    <knoraXmlImport:label>passage</knoraXmlImport:label>
    <p0826-teimww:occursIn>
      <p0826-teimww:book knoraType="link_value" linkType="ref" target="ww_f6685305b5e15919"/>
    </p0826-teimww:occursIn>
  </p0826-teimww:passage>
  <p0826-teimww:passage id="ww_5a204fdff58f88f0">
    <knoraXmlImport:label>passage</knoraXmlImport:label>
    <p0826-teimww:occursIn>
      <p0826-teimww:book knoraType="link_value" linkType="ref" target="ww_599e3b499932059f"/>
    </p0826-teimww:occursIn>
  </p0826-teimww:passage>
  <p0826-teimww:passage id="ww_94d29849e83bc5cc">
    <knoraXmlImport:label>passage</knoraXmlImport:label>
    <p0826-teimww:contains>
      <p0826-teimww:lexia knoraType="link_value" linkType="ref" target="ww_074e11827d537f2e"/>
    </p0826-teimww:contains>
    <p0826-teimww:hasPage knoraType="richtext_value">253; book 1, canto 9, stanza 40.</p0826-teimww:hasPage>
    <p0826-teimww:hasPageHist knoraType="richtext_value">253; book 1, canto 9, stanza 40.</p0826-teimww:hasPageHist>
    <p0826-teimww:hasText knoraType="richtext_value">&lt;span class="quote"&gt;Sleep after toil, &lt;/span&gt;port after stormy seas, &lt;br&gt;
Ease after war, &lt;span class="quote"&gt;death after life &lt;/span&gt;does greatly please.</p0826-teimww:hasText>
    <p0826-teimww:hasTextHist knoraType="richtext_value">&lt;span class="quote"&gt;Sleepe after toyle, &lt;/span&gt;port after stormie seas, &lt;br&gt;
Ease after warre, &lt;span class="quote"&gt;death after life &lt;/span&gt;does greatly please. </p0826-teimww:hasTextHist>
    <p0826-teimww:isMentionedIn>
      <p0826-teimww:passage knoraType="link_value" linkType="ref" target="ww_dcc3b60895848dcf"/>
    </p0826-teimww:isMentionedIn>
    <p0826-teimww:occursIn>
      <p0826-teimww:book knoraType="link_value" linkType="ref" target="ww_83f1a0a692d63180"/>
    </p0826-teimww:occursIn>
    <p0826-teimww:wasContributedBy>
      <p0826-teimww:person knoraType="link_value" linkType="ref" target="ww_c4063e9c72a3ffd2"/>
    </p0826-teimww:wasContributedBy>
  </p0826-teimww:passage>
  <p0826-teimww:passage id="ww_dcc3b60895848dcf">
    <knoraXmlImport:label>passage</knoraXmlImport:label>
    <p0826-teimww:occursIn>
      <p0826-teimww:book knoraType="link_value" linkType="ref" target="ww_3f86f30540de15b8"/>
    </p0826-teimww:occursIn>
  </p0826-teimww:passage>
  <p0826-teimww:passage id="ww_2d4e127c9cfbda99">
    <knoraXmlImport:label>passage</knoraXmlImport:label>
    <p0826-teimww:contains>
      <p0826-teimww:lexia knoraType="link_value" linkType="ref" target="ww_bb8d51a3bb3a03c9"/>
    </p0826-teimww:contains>
    <p0826-teimww:hasPage knoraType="richtext_value">50 and 288 [normalized spelling].</p0826-teimww:hasPage>
    <p0826-teimww:hasPageHist knoraType="richtext_value">50 and 288.</p0826-teimww:hasPageHist>
    <p0826-teimww:hasText knoraType="richtext_value">&lt;span class="quote"&gt;it is not lawful for ligatures to carve for themselves, &lt;/span&gt;taking their legacies at their own pleasures. [...] For &lt;span class="quote"&gt;he may not be his own carver &lt;/span&gt;in this case.</p0826-teimww:hasText>
    <p0826-teimww:hasTextHist knoraType="richtext_value">&lt;span class="quote"&gt;it is not lawfull for legataries to carue for themselues, &lt;/span&gt;taking their legacies at their own pleasures. [...] For &lt;span class="quote"&gt;he may not be his own caruer &lt;/span&gt;in this case.</p0826-teimww:hasTextHist>
    <p0826-teimww:isMentionedIn>
      <p0826-teimww:passage knoraType="link_value" linkType="ref" target="ww_6f2b656b51840785"/>
    </p0826-teimww:isMentionedIn>
    <p0826-teimww:occursIn>
      <p0826-teimww:book knoraType="link_value" linkType="ref" target="ww_c373e74239c178a8"/>
    </p0826-teimww:occursIn>
    <p0826-teimww:wasContributedBy>
      <p0826-teimww:person knoraType="link_value" linkType="ref" target="ww_c4063e9c72a3ffd2"/>
    </p0826-teimww:wasContributedBy>
  </p0826-teimww:passage>
  <p0826-teimww:passage id="ww_6f2b656b51840785">
    <knoraXmlImport:label>passage</knoraXmlImport:label>
    <p0826-teimww:occursIn>
      <p0826-teimww:book knoraType="link_value" linkType="ref" target="ww_f6685305b5e15919"/>
    </p0826-teimww:occursIn>
  </p0826-teimww:passage>
  <p0826-teimww:passage id="ww_98e4ec0d027d57ec">
    <knoraXmlImport:label>passage</knoraXmlImport:label>
    <p0826-teimww:contains>
      <p0826-teimww:lexia knoraType="link_value" linkType="ref" target="ww_41bf83313685ee84"/>
    </p0826-teimww:contains>
    <p0826-teimww:hasPage knoraType="richtext_value">469; book 3, canto 6, stanza 30 [normalized spelling].</p0826-teimww:hasPage>
    <p0826-teimww:hasPageHist knoraType="richtext_value">469; book 3, canto 6, stanza 30.</p0826-teimww:hasPageHist>
    <p0826-teimww:hasText knoraType="richtext_value">Long work it were,&lt;br&gt;
Here to account &lt;span class="quote"&gt;the endless progeny &lt;br&gt;
Of all the weeds, &lt;/span&gt;that bud and blossom there [...].</p0826-teimww:hasText>
    <p0826-teimww:hasTextHist knoraType="richtext_value">Long worke it were,&lt;br&gt;
Here to account &lt;span class="quote"&gt;the endlesse progenie &lt;br&gt;
Of all the weedes, &lt;/span&gt;that bud and blossome there;&lt;br&gt;</p0826-teimww:hasTextHist>
    <p0826-teimww:isMentionedIn>
      <p0826-teimww:passage knoraType="link_value" linkType="ref" target="ww_22ebfd499821eff9"/>
    </p0826-teimww:isMentionedIn>
    <p0826-teimww:occursIn>
      <p0826-teimww:book knoraType="link_value" linkType="ref" target="ww_83f1a0a692d63180"/>
    </p0826-teimww:occursIn>
    <p0826-teimww:wasContributedBy>
      <p0826-teimww:person knoraType="link_value" linkType="ref" target="ww_c4063e9c72a3ffd2"/>
    </p0826-teimww:wasContributedBy>
  </p0826-teimww:passage>
  <p0826-teimww:passage id="ww_22ebfd499821eff9">
    <knoraXmlImport:label>passage</knoraXmlImport:label>
    <p0826-teimww:occursIn>
      <p0826-teimww:book knoraType="link_value" linkType="ref" target="ww_3f86f30540de15b8"/>
    </p0826-teimww:occursIn>
  </p0826-teimww:passage>
  <p0826-teimww:passage id="ww_1e19465a479f1391">
    <knoraXmlImport:label>passage</knoraXmlImport:label>
    <p0826-teimww:contains>
      <p0826-teimww:lexia knoraType="link_value" linkType="ref" target="ww_408d46898ef57436"/>
    </p0826-teimww:contains>
    <p0826-teimww:hasText knoraType="richtext_value">&lt;span class="annotation"&gt;In Adonis' garden is word "&lt;span class="quote"&gt;everlasting&lt;/span&gt;", the impossibility of complete dissolution, the changing form and fashion in all natural life, the hostility of Time to the flowering herbs and goodly things, and the distinction between reasonable souls and beasts.&lt;/span&gt;</p0826-teimww:hasText>
    <p0826-teimww:isMentionedIn>
      <p0826-teimww:passage knoraType="link_value" linkType="ref" target="ww_f770a1ee448a1a5b"/>
    </p0826-teimww:isMentionedIn>
    <p0826-teimww:occursIn>
      <p0826-teimww:book knoraType="link_value" linkType="ref" target="ww_83f1a0a692d63180"/>
    </p0826-teimww:occursIn>
    <p0826-teimww:wasContributedBy>
      <p0826-teimww:person knoraType="link_value" linkType="ref" target="ww_c4063e9c72a3ffd2"/>
    </p0826-teimww:wasContributedBy>
  </p0826-teimww:passage>
  <p0826-teimww:passage id="ww_f770a1ee448a1a5b">
    <knoraXmlImport:label>passage</knoraXmlImport:label>
    <p0826-teimww:occursIn>
      <p0826-teimww:book knoraType="link_value" linkType="ref" target="ww_3f86f30540de15b8"/>
    </p0826-teimww:occursIn>
  </p0826-teimww:passage>
  <p0826-teimww:passage id="ww_d00f4934c239eb80">
    <knoraXmlImport:label>passage</knoraXmlImport:label>
    <p0826-teimww:contains>
      <p0826-teimww:lexia knoraType="link_value" linkType="ref" target="ww_3177db490410f7b4"/>
    </p0826-teimww:contains>
    <p0826-teimww:hasPage knoraType="richtext_value">438; book 3, canto 4, stanza 26 [normalized spelling].</p0826-teimww:hasPage>
    <p0826-teimww:hasPageHist knoraType="richtext_value">438; book 3, canto 4, stanza 26.</p0826-teimww:hasPageHist>
    <p0826-teimww:hasText knoraType="richtext_value">For thy she gave him warning every day,&lt;br&gt;
The love of women not to entertain;&lt;br&gt;
&lt;span class="quote"&gt;A lesson too too hard for living clay,&lt;br&gt;&lt;/span&gt;
Form love in course of nature to refrain [...].</p0826-teimww:hasText>
    <p0826-teimww:hasTextHist knoraType="richtext_value">For thy she gaue him warning euery day,&lt;br&gt;
The loue of women not to entertain;&lt;br&gt;
&lt;span class="quote"&gt;A lesson too too hard for liuing clay,&lt;br&gt;&lt;/span&gt;
Form loue in course of nature to refraine [...].</p0826-teimww:hasTextHist>
    <p0826-teimww:isMentionedIn>
      <p0826-teimww:passage knoraType="link_value" linkType="ref" target="ww_e3b9d23d7c2c3c97"/>
    </p0826-teimww:isMentionedIn>
    <p0826-teimww:occursIn>
      <p0826-teimww:book knoraType="link_value" linkType="ref" target="ww_83f1a0a692d63180"/>
    </p0826-teimww:occursIn>
    <p0826-teimww:wasContributedBy>
      <p0826-teimww:person knoraType="link_value" linkType="ref" target="ww_c4063e9c72a3ffd2"/>
    </p0826-teimww:wasContributedBy>
  </p0826-teimww:passage>
  <p0826-teimww:passage id="ww_e3b9d23d7c2c3c97">
    <knoraXmlImport:label>passage</knoraXmlImport:label>
    <p0826-teimww:occursIn>
      <p0826-teimww:book knoraType="link_value" linkType="ref" target="ww_3f86f30540de15b8"/>
    </p0826-teimww:occursIn>
  </p0826-teimww:passage>
  <p0826-teimww:passage id="ww_3f5cb8d2d285bfcc">
    <knoraXmlImport:label>passage</knoraXmlImport:label>
    <p0826-teimww:contains>
      <p0826-teimww:lexia knoraType="link_value" linkType="ref" target="ww_d679850439ed85ec"/>
    </p0826-teimww:contains>
    <p0826-teimww:hasPage knoraType="richtext_value">83; book 1, canto 4, stanza 16 [normalized spelling].</p0826-teimww:hasPage>
    <p0826-teimww:hasText knoraType="richtext_value">[Lucifera] Sudden upriseth from her stately place &lt;br&gt;
The royal Dame, and &lt;span class="quote"&gt;for her coach doth call &lt;/span&gt;[...].</p0826-teimww:hasText>
    <p0826-teimww:hasTextHist knoraType="richtext_value">[Lucifera] Suddein vpriseth from her stately place &lt;br&gt;
The royall Dame, and &lt;span class="quote"&gt;for her coche doth call &lt;/span&gt;[...].</p0826-teimww:hasTextHist>
    <p0826-teimww:isMentionedIn>
      <p0826-teimww:passage knoraType="link_value" linkType="ref" target="ww_bae7d2495c3c3291"/>
    </p0826-teimww:isMentionedIn>
    <p0826-teimww:occursIn>
      <p0826-teimww:book knoraType="link_value" linkType="ref" target="ww_83f1a0a692d63180"/>
    </p0826-teimww:occursIn>
    <p0826-teimww:wasContributedBy>
      <p0826-teimww:person knoraType="link_value" linkType="ref" target="ww_c4063e9c72a3ffd2"/>
    </p0826-teimww:wasContributedBy>
  </p0826-teimww:passage>
  <p0826-teimww:passage id="ww_bae7d2495c3c3291">
    <knoraXmlImport:label>passage</knoraXmlImport:label>
    <p0826-teimww:occursIn>
      <p0826-teimww:book knoraType="link_value" linkType="ref" target="ww_3f86f30540de15b8"/>
    </p0826-teimww:occursIn>
  </p0826-teimww:passage>
  <p0826-teimww:passage id="ww_33ebeff48d3ef040">
    <knoraXmlImport:label>passage</knoraXmlImport:label>
    <p0826-teimww:contains>
      <p0826-teimww:lexia knoraType="link_value" linkType="ref" target="ww_19834ac1481fe17b"/>
    </p0826-teimww:contains>
    <p0826-teimww:hasPage knoraType="richtext_value">469; book 3, canto 6, stanza 30.</p0826-teimww:hasPage>
    <p0826-teimww:hasText knoraType="richtext_value"> &lt;span class="quote"&gt;flower-garlanded, dew-trickling Medway at her bridal&lt;/span&gt;</p0826-teimww:hasText>
    <p0826-teimww:isMentionedIn>
      <p0826-teimww:passage knoraType="link_value" linkType="ref" target="ww_b3d002643409e10a"/>
    </p0826-teimww:isMentionedIn>
    <p0826-teimww:occursIn>
      <p0826-teimww:book knoraType="link_value" linkType="ref" target="ww_83f1a0a692d63180"/>
    </p0826-teimww:occursIn>
    <p0826-teimww:wasContributedBy>
      <p0826-teimww:person knoraType="link_value" linkType="ref" target="ww_c4063e9c72a3ffd2"/>
    </p0826-teimww:wasContributedBy>
  </p0826-teimww:passage>
  <p0826-teimww:passage id="ww_b3d002643409e10a">
    <knoraXmlImport:label>passage</knoraXmlImport:label>
    <p0826-teimww:occursIn>
      <p0826-teimww:book knoraType="link_value" linkType="ref" target="ww_3f86f30540de15b8"/>
    </p0826-teimww:occursIn>
  </p0826-teimww:passage>
  <p0826-teimww:passage id="ww_179dd791aff3a436">
    <knoraXmlImport:label>passage</knoraXmlImport:label>
    <p0826-teimww:contains>
      <p0826-teimww:lexia knoraType="link_value" linkType="ref" target="ww_73aab74f46efadf0"/>
    </p0826-teimww:contains>
    <p0826-teimww:hasPage knoraType="richtext_value">493; book 3, canto 8, stanza 6.</p0826-teimww:hasPage>
    <p0826-teimww:hasPageHist knoraType="richtext_value">493; book 3, canto 8, stanza 6.</p0826-teimww:hasPageHist>
    <p0826-teimww:hasText knoraType="richtext_value">"snowy Florimell", whose body "&lt;span class="quote"&gt;was purest snow in massie mould congeal'd&lt;/span&gt;" and whose face was mingled "with perfect vermily, That like a lively sanguine it seemed to the eye"</p0826-teimww:hasText>
    <p0826-teimww:hasTextHist knoraType="richtext_value">"snowy Florimell", whose body "was purest snow in massie mould congeal'd" and whose face was mingled "with perfect vermily, That like a liuely sanguine it seemd to the eye"</p0826-teimww:hasTextHist>
    <p0826-teimww:isMentionedIn>
      <p0826-teimww:passage knoraType="link_value" linkType="ref" target="ww_dbcc7563e5828a35"/>
    </p0826-teimww:isMentionedIn>
    <p0826-teimww:occursIn>
      <p0826-teimww:book knoraType="link_value" linkType="ref" target="ww_83f1a0a692d63180"/>
    </p0826-teimww:occursIn>
    <p0826-teimww:wasContributedBy>
      <p0826-teimww:person knoraType="link_value" linkType="ref" target="ww_c4063e9c72a3ffd2"/>
    </p0826-teimww:wasContributedBy>
  </p0826-teimww:passage>
  <p0826-teimww:passage id="ww_dbcc7563e5828a35">
    <knoraXmlImport:label>passage</knoraXmlImport:label>
    <p0826-teimww:occursIn>
      <p0826-teimww:book knoraType="link_value" linkType="ref" target="ww_3f86f30540de15b8"/>
    </p0826-teimww:occursIn>
  </p0826-teimww:passage>
  <p0826-teimww:passage id="ww_4c36aeff0b895830">
    <knoraXmlImport:label>passage</knoraXmlImport:label>
    <p0826-teimww:contains>
      <p0826-teimww:lexia knoraType="link_value" linkType="ref" target="ww_c3afb35797433163"/>
    </p0826-teimww:contains>
    <p0826-teimww:hasPage knoraType="richtext_value">book 3, canto 8, stanza 10, line 7 and book 3, canto 7, stanza 22 and canto 30, stanza 7.</p0826-teimww:hasPage>
    <p0826-teimww:hasText knoraType="richtext_value">[Florimell can] &lt;span class="quote"&gt;hold a fool in vain delight
&lt;br&gt;
[...]&lt;br&gt;

&lt;span class="quote"&gt;the Monster &lt;/span&gt;</p0826-teimww:hasText>
    <p0826-teimww:hasTextHist knoraType="richtext_value">[Florimell can]&lt;span class="quote"&gt;hold a foole in vaine delight
&lt;br&gt;
[...]&lt;br&gt;

&lt;span class="quote"&gt;the Monster &lt;/span&gt;</p0826-teimww:hasTextHist>
    <p0826-teimww:isMentionedIn>
      <p0826-teimww:passage knoraType="link_value" linkType="ref" target="ww_15ff9c245da7a2d6"/>
    </p0826-teimww:isMentionedIn>
    <p0826-teimww:occursIn>
      <p0826-teimww:book knoraType="link_value" linkType="ref" target="ww_83f1a0a692d63180"/>
    </p0826-teimww:occursIn>
    <p0826-teimww:wasContributedBy>
      <p0826-teimww:person knoraType="link_value" linkType="ref" target="ww_c4063e9c72a3ffd2"/>
    </p0826-teimww:wasContributedBy>
  </p0826-teimww:passage>
  <p0826-teimww:passage id="ww_15ff9c245da7a2d6">
    <knoraXmlImport:label>passage</knoraXmlImport:label>
    <p0826-teimww:occursIn>
      <p0826-teimww:book knoraType="link_value" linkType="ref" target="ww_3f86f30540de15b8"/>
    </p0826-teimww:occursIn>
  </p0826-teimww:passage>
  <p0826-teimww:passage id="ww_4c533ffcda6fdbdd">
    <knoraXmlImport:label>passage</knoraXmlImport:label>
    <p0826-teimww:contains>
      <p0826-teimww:lexia knoraType="link_value" linkType="ref" target="ww_e9843e2347bb3ba2"/>
    </p0826-teimww:contains>
    <p0826-teimww:hasPage knoraType="richtext_value">80; book 1, Canto 4, stanza 7 [normalized spelling].</p0826-teimww:hasPage>
    <p0826-teimww:hasPageHist knoraType="richtext_value">80; book 1, Canto 4, stanza 7.</p0826-teimww:hasPageHist>
    <p0826-teimww:hasText knoraType="richtext_value">And there a noble crew of lords and ladies stood on every side,&lt;br&gt;
which with their presence fair, the place much&lt;span class="quote"&gt; beautified&lt;/span&gt;.</p0826-teimww:hasText>
    <p0826-teimww:hasTextHist knoraType="richtext_value">And there a noble crew of lordes and ladies stood on euery side,&lt;br&gt;
which with their presence faire, the place much beautifide.</p0826-teimww:hasTextHist>
    <p0826-teimww:isMentionedIn>
      <p0826-teimww:passage knoraType="link_value" linkType="ref" target="ww_f0c87c933a2bbf14"/>
    </p0826-teimww:isMentionedIn>
    <p0826-teimww:occursIn>
      <p0826-teimww:book knoraType="link_value" linkType="ref" target="ww_83f1a0a692d63180"/>
    </p0826-teimww:occursIn>
    <p0826-teimww:wasContributedBy>
      <p0826-teimww:person knoraType="link_value" linkType="ref" target="ww_c4063e9c72a3ffd2"/>
    </p0826-teimww:wasContributedBy>
  </p0826-teimww:passage>
  <p0826-teimww:passage id="ww_f0c87c933a2bbf14">
    <knoraXmlImport:label>passage</knoraXmlImport:label>
    <p0826-teimww:occursIn>
      <p0826-teimww:book knoraType="link_value" linkType="ref" target="ww_3f86f30540de15b8"/>
    </p0826-teimww:occursIn>
  </p0826-teimww:passage>
  <p0826-teimww:passage id="ww_60beb44e271152ce">
    <knoraXmlImport:label>passage</knoraXmlImport:label>
    <p0826-teimww:contains>
      <p0826-teimww:lexia knoraType="link_value" linkType="ref" target="ww_7d8a39872166b2af"/>
    </p0826-teimww:contains>
    <p0826-teimww:hasText knoraType="richtext_value">Scudamour's "dram of hony" in a similarly fluid metaphor (IV.x.I.I-5): True he it said, what euer man it sayd, That loue with gall and hony doth abound, But if the one be with the other wayd, For euery dram of hony therein found, A pound of gall doth ouer it redound. 
In suggesting "o'er-redound" as an emendation for [of a doubt] in Q2 I recall Milton's use of the word with a similar connotation (P.L. VII.56-59): But the evil soon Driv'n back redounded as a flood on those From whom it sprung, impossible to mix With Blessedness </p0826-teimww:hasText>
    <p0826-teimww:isMentionedIn>
      <p0826-teimww:passage knoraType="link_value" linkType="ref" target="ww_9e98fcd930091070"/>
    </p0826-teimww:isMentionedIn>
    <p0826-teimww:occursIn>
      <p0826-teimww:book knoraType="link_value" linkType="ref" target="ww_83f1a0a692d63180"/>
    </p0826-teimww:occursIn>
    <p0826-teimww:wasContributedBy>
      <p0826-teimww:person knoraType="link_value" linkType="ref" target="ww_c4063e9c72a3ffd2"/>
    </p0826-teimww:wasContributedBy>
  </p0826-teimww:passage>
  <p0826-teimww:passage id="ww_9e98fcd930091070">
    <knoraXmlImport:label>passage</knoraXmlImport:label>
    <p0826-teimww:occursIn>
      <p0826-teimww:book knoraType="link_value" linkType="ref" target="ww_3f86f30540de15b8"/>
    </p0826-teimww:occursIn>
  </p0826-teimww:passage>
  <p0826-teimww:passage id="ww_b4968b3937386261">
    <knoraXmlImport:label>passage</knoraXmlImport:label>
    <p0826-teimww:contains>
      <p0826-teimww:lexia knoraType="link_value" linkType="ref" target="ww_e600b3175d2bea1a"/>
    </p0826-teimww:contains>
    <p0826-teimww:hasPage knoraType="richtext_value">1581.</p0826-teimww:hasPage>
    <p0826-teimww:hasText knoraType="richtext_value">[...] &lt;span class="quote"&gt;a sea of troubles&lt;/span&gt; [...].</p0826-teimww:hasText>
    <p0826-teimww:isMentionedIn>
      <p0826-teimww:passage knoraType="link_value" linkType="ref" target="ww_850eafcb151f2d87"/>
    </p0826-teimww:isMentionedIn>
    <p0826-teimww:occursIn>
      <p0826-teimww:book knoraType="link_value" linkType="ref" target="ww_368ebdd946db4900"/>
    </p0826-teimww:occursIn>
    <p0826-teimww:wasContributedBy>
      <p0826-teimww:person knoraType="link_value" linkType="ref" target="ww_c4063e9c72a3ffd2"/>
    </p0826-teimww:wasContributedBy>
  </p0826-teimww:passage>
  <p0826-teimww:passage id="ww_850eafcb151f2d87">
    <knoraXmlImport:label>passage</knoraXmlImport:label>
    <p0826-teimww:occursIn>
      <p0826-teimww:book knoraType="link_value" linkType="ref" target="ww_0de19bd63a1c9142"/>
    </p0826-teimww:occursIn>
  </p0826-teimww:passage>
  <p0826-teimww:passage id="ww_eaf0a82b4b3a2dbb">
    <knoraXmlImport:label>passage</knoraXmlImport:label>
    <p0826-teimww:contains>
      <p0826-teimww:lexia knoraType="link_value" linkType="ref" target="ww_e600b3175d2bea1a"/>
    </p0826-teimww:contains>
    <p0826-teimww:hasPage knoraType="richtext_value">128; book 1, canto 7, stanza 39 [normalized spelling].</p0826-teimww:hasPage>
    <p0826-teimww:hasPageHist knoraType="richtext_value">128; book 1, canto 7, stanza 39.</p0826-teimww:hasPageHist>
    <p0826-teimww:hasText knoraType="richtext_value">[Una:] What worlds delight, or joy of living speech &lt;br&gt;
Can heart, so plung'd &lt;span class="quote"&gt;in sea of sorrows deep &lt;/span&gt;[...].</p0826-teimww:hasText>
    <p0826-teimww:hasTextHist knoraType="richtext_value">[Una:] What worlds delight, or ioy of liuing speach &lt;br&gt;
Can heart, so plung'd &lt;span class="quote"&gt;in sea of sorrowes deepe &lt;/span&gt;[...].</p0826-teimww:hasTextHist>
    <p0826-teimww:isMentionedIn>
      <p0826-teimww:passage knoraType="link_value" linkType="ref" target="ww_dbcb14f7bed32556"/>
    </p0826-teimww:isMentionedIn>
    <p0826-teimww:occursIn>
      <p0826-teimww:book knoraType="link_value" linkType="ref" target="ww_83f1a0a692d63180"/>
    </p0826-teimww:occursIn>
    <p0826-teimww:wasContributedBy>
      <p0826-teimww:person knoraType="link_value" linkType="ref" target="ww_c4063e9c72a3ffd2"/>
    </p0826-teimww:wasContributedBy>
  </p0826-teimww:passage>
  <p0826-teimww:passage id="ww_dbcb14f7bed32556">
    <knoraXmlImport:label>passage</knoraXmlImport:label>
    <p0826-teimww:occursIn>
      <p0826-teimww:book knoraType="link_value" linkType="ref" target="ww_3f86f30540de15b8"/>
    </p0826-teimww:occursIn>
  </p0826-teimww:passage>
  <p0826-teimww:passage id="ww_2858cf2330a9e07c">
    <knoraXmlImport:label>passage</knoraXmlImport:label>
    <p0826-teimww:contains>
      <p0826-teimww:lexia knoraType="link_value" linkType="ref" target="ww_869ce1e423af55b4"/>
    </p0826-teimww:contains>
    <p0826-teimww:hasPage knoraType="richtext_value">79; book 3, canto 4, stanza 3 [normalized spelling].</p0826-teimww:hasPage>
    <p0826-teimww:hasPageHist knoraType="richtext_value">79; book 3, canto 4, stanza 3.</p0826-teimww:hasPageHist>
    <p0826-teimww:hasText knoraType="richtext_value">Great troops of people travelled thitherward&lt;br&gt;
Both day and night, of each degree and place, &lt;br&gt;
But few returned, having scraped hard,&lt;br&gt;
With baleful beggary, or foul disgrace,&lt;br&gt;
Which ever after in most wretched case,&lt;br&gt;
Like &lt;span class="quote"&gt;loathsome lazars, &lt;/span&gt;by the hedges lay.</p0826-teimww:hasText>
    <p0826-teimww:hasTextHist knoraType="richtext_value">Great troupes of people traueild thitherward&lt;br&gt;
Both day and night, of each degree and place, &lt;br&gt;
But few returned, hauing scxaped hard,&lt;br&gt;
With balefull beggerie, or foule disgrace,&lt;br&gt;
Which euer after in most wretched case,&lt;br&gt;
Like &lt;span class="quote"&gt;loathsome lazars, &lt;/span&gt;by the hedges lay.</p0826-teimww:hasTextHist>
    <p0826-teimww:isMentionedIn>
      <p0826-teimww:passage knoraType="link_value" linkType="ref" target="ww_50693f19879ac247"/>
    </p0826-teimww:isMentionedIn>
    <p0826-teimww:occursIn>
      <p0826-teimww:book knoraType="link_value" linkType="ref" target="ww_83f1a0a692d63180"/>
    </p0826-teimww:occursIn>
    <p0826-teimww:wasContributedBy>
      <p0826-teimww:person knoraType="link_value" linkType="ref" target="ww_c4063e9c72a3ffd2"/>
    </p0826-teimww:wasContributedBy>
  </p0826-teimww:passage>
  <p0826-teimww:passage id="ww_50693f19879ac247">
    <knoraXmlImport:label>passage</knoraXmlImport:label>
    <p0826-teimww:occursIn>
      <p0826-teimww:book knoraType="link_value" linkType="ref" target="ww_7589cfaa41b21699"/>
    </p0826-teimww:occursIn>
  </p0826-teimww:passage>
  <p0826-teimww:passage id="ww_10222795284012bb">
    <knoraXmlImport:label>passage</knoraXmlImport:label>
    <p0826-teimww:contains>
      <p0826-teimww:lexia knoraType="link_value" linkType="ref" target="ww_d66e0672d2ae73d5"/>
    </p0826-teimww:contains>
    <p0826-teimww:hasPage knoraType="richtext_value">61, 263 and 265. Quoted in: Kenneth Muir. The Sources of Shakespeare's Plays. London: Methuen, 1977. 169-170 [normalized spelling].</p0826-teimww:hasPage>
    <p0826-teimww:hasPageHist knoraType="richtext_value">61, 263 and 265. Quoted in: Kenneth Muir. The Sources of Shakespeare's Plays. London: Methuen, 1977. 169-170.</p0826-teimww:hasPageHist>
    <p0826-teimww:hasText knoraType="richtext_value">[There is] &lt;span class="quote"&gt;no cautel under heaven, &lt;/span&gt;whereby the liberty of making or revoking his testament can be utterly taken away [...] &lt;br&gt;
a man may as oft as he will make a new testament, even until the last breath, &lt;span class="quote"&gt;nether is there any cautel &lt;/span&gt;under the sun to prevent this liberty&lt;/span&gt; [...] &lt;span class="quote"&gt;neither is there any cautel under heaven to prevent this liberty, &lt;/span&gt;which also inureth whiles any life endureth.</p0826-teimww:hasText>
    <p0826-teimww:hasTextHist knoraType="richtext_value">[There is] &lt;span class="quote"&gt;no cautele vnder heauen, &lt;/span&gt;whereby the libertie of making or reuoking his testament can be ytterly taken away [...] &lt;br&gt;
a man may as oft as hee will make a newe testament, euen vntill the last breath, &lt;span class="quote"&gt;nether is there any cautele &lt;/span&gt;vnder the sunne to preuent this libertie&lt;/span&gt; [...] &lt;span class="quote"&gt;neither is there any cautele vnder heauen to preuent this libertie, &lt;/span&gt;which also inureth whiles any life endureth.</p0826-teimww:hasTextHist>
    <p0826-teimww:isMentionedIn>
      <p0826-teimww:passage knoraType="link_value" linkType="ref" target="ww_1a7dcb5384bd9772"/>
    </p0826-teimww:isMentionedIn>
    <p0826-teimww:isMentionedIn>
      <p0826-teimww:passage knoraType="link_value" linkType="ref" target="ww_dd89c13c745cfd56"/>
    </p0826-teimww:isMentionedIn>
    <p0826-teimww:occursIn>
      <p0826-teimww:book knoraType="link_value" linkType="ref" target="ww_c373e74239c178a8"/>
    </p0826-teimww:occursIn>
    <p0826-teimww:wasContributedBy>
      <p0826-teimww:person knoraType="link_value" linkType="ref" target="ww_c4063e9c72a3ffd2"/>
    </p0826-teimww:wasContributedBy>
  </p0826-teimww:passage>
  <p0826-teimww:passage id="ww_dd89c13c745cfd56">
    <knoraXmlImport:label>passage</knoraXmlImport:label>
    <p0826-teimww:occursIn>
      <p0826-teimww:book knoraType="link_value" linkType="ref" target="ww_15dba62495527dd5"/>
    </p0826-teimww:occursIn>
  </p0826-teimww:passage>
  <p0826-teimww:passage id="ww_1a7dcb5384bd9772">
    <knoraXmlImport:label>passage</knoraXmlImport:label>
    <p0826-teimww:occursIn>
      <p0826-teimww:book knoraType="link_value" linkType="ref" target="ww_f6685305b5e15919"/>
    </p0826-teimww:occursIn>
  </p0826-teimww:passage>
  <p0826-teimww:passage id="ww_e37156c11ff7b828">
    <knoraXmlImport:label>passage</knoraXmlImport:label>
    <p0826-teimww:contains>
      <p0826-teimww:lexia knoraType="link_value" linkType="ref" target="ww_a64516c7bc868265"/>
    </p0826-teimww:contains>
    <p0826-teimww:contains>
      <p0826-teimww:lexia knoraType="link_value" linkType="ref" target="ww_5f8fb8c9fbd7f34a"/>
    </p0826-teimww:contains>
    <p0826-teimww:contains>
      <p0826-teimww:lexia knoraType="link_value" linkType="ref" target="ww_17ef6dc16d561a28"/>
    </p0826-teimww:contains>
    <p0826-teimww:contains>
      <p0826-teimww:lexia knoraType="link_value" linkType="ref" target="ww_fe6fa2da26ced2ba"/>
    </p0826-teimww:contains>
    <p0826-teimww:hasPage knoraType="richtext_value">259; book 2, canto 5, stanza 8.</p0826-teimww:hasPage>
    <p0826-teimww:hasPageHist knoraType="richtext_value">259; book 2, canto 5, stanza 8.</p0826-teimww:hasPageHist>
    <p0826-teimww:hasText knoraType="richtext_value">&lt;i&gt;Pyrochles&lt;/i&gt; [...] ne car'd for his saufgard,&lt;br&gt;&lt;span class="quote"&gt;But rudely rag'd and like a cruel Tigre far'd.&lt;/span&gt;</p0826-teimww:hasText>
    <p0826-teimww:hasTextHist knoraType="richtext_value">&lt;i&gt;Pyrochles&lt;/i&gt; [...] ne car'd for his saufgard,&lt;br&gt;&lt;span class="quote"&gt;But rudely rag'd and like a cruell Tygre far'd.&lt;/span&gt;</p0826-teimww:hasTextHist>
    <p0826-teimww:isMentionedIn>
      <p0826-teimww:passage knoraType="link_value" linkType="ref" target="ww_3fd5e7e296628f61"/>
    </p0826-teimww:isMentionedIn>
    <p0826-teimww:isMentionedIn>
      <p0826-teimww:passage knoraType="link_value" linkType="ref" target="ww_b29014084b6fe376"/>
    </p0826-teimww:isMentionedIn>
    <p0826-teimww:occursIn>
      <p0826-teimww:book knoraType="link_value" linkType="ref" target="ww_83f1a0a692d63180"/>
    </p0826-teimww:occursIn>
    <p0826-teimww:wasContributedBy>
      <p0826-teimww:person knoraType="link_value" linkType="ref" target="ww_c4063e9c72a3ffd2"/>
    </p0826-teimww:wasContributedBy>
  </p0826-teimww:passage>
  <p0826-teimww:passage id="ww_3fd5e7e296628f61">
    <knoraXmlImport:label>passage</knoraXmlImport:label>
    <p0826-teimww:occursIn>
      <p0826-teimww:book knoraType="link_value" linkType="ref" target="ww_3f86f30540de15b8"/>
    </p0826-teimww:occursIn>
  </p0826-teimww:passage>
  <p0826-teimww:passage id="ww_b29014084b6fe376">
    <knoraXmlImport:label>passage</knoraXmlImport:label>
    <p0826-teimww:occursIn>
      <p0826-teimww:book knoraType="link_value" linkType="ref" target="ww_db0e9fa009aad7b3"/>
    </p0826-teimww:occursIn>
  </p0826-teimww:passage>
  <p0826-teimww:passage id="ww_d7edfad9e11c90c6">
    <knoraXmlImport:label>passage</knoraXmlImport:label>
    <p0826-teimww:contains>
      <p0826-teimww:lexia knoraType="link_value" linkType="ref" target="ww_7debbc30f88b3695"/>
    </p0826-teimww:contains>
    <p0826-teimww:hasPage knoraType="richtext_value">258; book 2, canto 5, stanza 4.</p0826-teimww:hasPage>
    <p0826-teimww:hasText knoraType="richtext_value">[When Pyrochles is unhorsed, he is compelled]  &lt;span class="quote"&gt;to matchen equal fight&lt;/span&gt; </p0826-teimww:hasText>
    <p0826-teimww:isMentionedIn>
      <p0826-teimww:passage knoraType="link_value" linkType="ref" target="ww_562ee3cbc59f8233"/>
    </p0826-teimww:isMentionedIn>
    <p0826-teimww:occursIn>
      <p0826-teimww:book knoraType="link_value" linkType="ref" target="ww_83f1a0a692d63180"/>
    </p0826-teimww:occursIn>
    <p0826-teimww:wasContributedBy>
      <p0826-teimww:person knoraType="link_value" linkType="ref" target="ww_c4063e9c72a3ffd2"/>
    </p0826-teimww:wasContributedBy>
  </p0826-teimww:passage>
  <p0826-teimww:passage id="ww_562ee3cbc59f8233">
    <knoraXmlImport:label>passage</knoraXmlImport:label>
    <p0826-teimww:occursIn>
      <p0826-teimww:book knoraType="link_value" linkType="ref" target="ww_3f86f30540de15b8"/>
    </p0826-teimww:occursIn>
  </p0826-teimww:passage>
  <p0826-teimww:passage id="ww_5a84412756d4689e">
    <knoraXmlImport:label>passage</knoraXmlImport:label>
    <p0826-teimww:contains>
      <p0826-teimww:lexia knoraType="link_value" linkType="ref" target="ww_08b794ab3d5160c6"/>
    </p0826-teimww:contains>
    <p0826-teimww:contains>
      <p0826-teimww:lexia knoraType="link_value" linkType="ref" target="ww_1810c8cfe7199e0e"/>
    </p0826-teimww:contains>
    <p0826-teimww:hasPage knoraType="richtext_value">304; book 2, canto 8, stanza 30 [normalized spelling].</p0826-teimww:hasPage>
    <p0826-teimww:hasPageHist knoraType="richtext_value">304; book 2, canto 8, stanza 30.</p0826-teimww:hasPageHist>
    <p0826-teimww:hasText knoraType="richtext_value">Uplifting high, he weened with &lt;i&gt;Morddure&lt;/i&gt;, &lt;br&gt; 
His own good sword &lt;i&gt;Morddure&lt;/i&gt;, to cleave his head.&lt;br&gt;
The faithful steel such treason no'uld endure, &lt;br&gt;
But swerving from the mark, his Lord's life did assure.</p0826-teimww:hasText>
    <p0826-teimww:hasTextHist knoraType="richtext_value">Vplifting high, he weened with &lt;i&gt;Morddure&lt;/i&gt;, &lt;br&gt; 
His owne good sword &lt;i&gt;Morddure&lt;/i&gt;, to cleaue his head.&lt;br&gt;
The faithfull steele such treason no'uld endure, &lt;br&gt;
But swaruing from the marke, his Lords life did assure.</p0826-teimww:hasTextHist>
    <p0826-teimww:isMentionedIn>
      <p0826-teimww:passage knoraType="link_value" linkType="ref" target="ww_1d0acb5f4d326fe0"/>
    </p0826-teimww:isMentionedIn>
    <p0826-teimww:occursIn>
      <p0826-teimww:book knoraType="link_value" linkType="ref" target="ww_83f1a0a692d63180"/>
    </p0826-teimww:occursIn>
    <p0826-teimww:wasContributedBy>
      <p0826-teimww:person knoraType="link_value" linkType="ref" target="ww_c4063e9c72a3ffd2"/>
    </p0826-teimww:wasContributedBy>
  </p0826-teimww:passage>
  <p0826-teimww:passage id="ww_1d0acb5f4d326fe0">
    <knoraXmlImport:label>passage</knoraXmlImport:label>
    <p0826-teimww:occursIn>
      <p0826-teimww:book knoraType="link_value" linkType="ref" target="ww_3f86f30540de15b8"/>
    </p0826-teimww:occursIn>
  </p0826-teimww:passage>
  <p0826-teimww:passage id="ww_e455df7e5583ba89">
    <knoraXmlImport:label>passage</knoraXmlImport:label>
    <p0826-teimww:contains>
      <p0826-teimww:lexia knoraType="link_value" linkType="ref" target="ww_c3777f4f7089742e"/>
    </p0826-teimww:contains>
    <p0826-teimww:hasPage knoraType="richtext_value">126; book 2, canto 7, stanza 31.</p0826-teimww:hasPage>
    <p0826-teimww:hasText knoraType="richtext_value">[Prince Arthur and his horse reel at the] &lt;span class="quote"&gt;fell &lt;/span&gt;[blow of Pyrochles]</p0826-teimww:hasText>
    <p0826-teimww:isMentionedIn>
      <p0826-teimww:passage knoraType="link_value" linkType="ref" target="ww_cfeacddb7714074c"/>
    </p0826-teimww:isMentionedIn>
    <p0826-teimww:occursIn>
      <p0826-teimww:book knoraType="link_value" linkType="ref" target="ww_83f1a0a692d63180"/>
    </p0826-teimww:occursIn>
    <p0826-teimww:wasContributedBy>
      <p0826-teimww:person knoraType="link_value" linkType="ref" target="ww_c4063e9c72a3ffd2"/>
    </p0826-teimww:wasContributedBy>
  </p0826-teimww:passage>
  <p0826-teimww:passage id="ww_cfeacddb7714074c">
    <knoraXmlImport:label>passage</knoraXmlImport:label>
    <p0826-teimww:occursIn>
      <p0826-teimww:book knoraType="link_value" linkType="ref" target="ww_3f86f30540de15b8"/>
    </p0826-teimww:occursIn>
  </p0826-teimww:passage>
  <p0826-teimww:passage id="ww_37249d52c383108f">
    <knoraXmlImport:label>passage</knoraXmlImport:label>
    <p0826-teimww:contains>
      <p0826-teimww:lexia knoraType="link_value" linkType="ref" target="ww_aea90b4e010e19d8"/>
    </p0826-teimww:contains>
    <p0826-teimww:hasPage knoraType="richtext_value">253; book 2, canto 4, stanza 34 [normalized spelling].</p0826-teimww:hasPage>
    <p0826-teimww:hasPageHist knoraType="richtext_value">253; book 2, canto 4, stanza 34.</p0826-teimww:hasPageHist>
    <p0826-teimww:hasText knoraType="richtext_value">In their beginning they are weak and wan, &lt;br&gt;
But soon through suff'rance grew to fearful end; &lt;br&gt;
Whiles they are weak betimes with them contend: &lt;br&gt;
For when they once to perfect strength do grow, &lt;br&gt;
Strong wars they make, and cruel battry bend &lt;br&gt;
Gainst &lt;span class="quote"&gt;fort of Reason, &lt;/span&gt;it to overthrow. </p0826-teimww:hasText>
    <p0826-teimww:hasTextHist knoraType="richtext_value">In their beginning they are weake and wan, &lt;br&gt;
But soone through suff'rance grew to fearefull end; &lt;br&gt;
Whiles they are weake betimes with them contend: &lt;br&gt;
For when they once to perfect strength do grow, &lt;br&gt;
Strong warres they make, and cruell battry bend &lt;br&gt;
Gainst &lt;span class="quote"&gt;fort of Reason, &lt;/span&gt;it to ouerthrow. </p0826-teimww:hasTextHist>
    <p0826-teimww:isMentionedIn>
      <p0826-teimww:passage knoraType="link_value" linkType="ref" target="ww_395b24c33056e0a2"/>
    </p0826-teimww:isMentionedIn>
    <p0826-teimww:occursIn>
      <p0826-teimww:book knoraType="link_value" linkType="ref" target="ww_83f1a0a692d63180"/>
    </p0826-teimww:occursIn>
    <p0826-teimww:wasContributedBy>
      <p0826-teimww:person knoraType="link_value" linkType="ref" target="ww_c4063e9c72a3ffd2"/>
    </p0826-teimww:wasContributedBy>
  </p0826-teimww:passage>
  <p0826-teimww:passage id="ww_395b24c33056e0a2">
    <knoraXmlImport:label>passage</knoraXmlImport:label>
    <p0826-teimww:occursIn>
      <p0826-teimww:book knoraType="link_value" linkType="ref" target="ww_3f86f30540de15b8"/>
    </p0826-teimww:occursIn>
  </p0826-teimww:passage>
  <p0826-teimww:passage id="ww_7f6e0f6d43fcd277">
    <knoraXmlImport:label>passage</knoraXmlImport:label>
    <p0826-teimww:contains>
      <p0826-teimww:lexia knoraType="link_value" linkType="ref" target="ww_97fe74e7f792ad7a"/>
    </p0826-teimww:contains>
    <p0826-teimww:hasPage knoraType="richtext_value">N.p. [spelling normalized].</p0826-teimww:hasPage>
    <p0826-teimww:hasPageHist knoraType="richtext_value">N.p.</p0826-teimww:hasPageHist>
    <p0826-teimww:hasText knoraType="richtext_value">[Anselmo:] [...] Or &lt;i&gt;Amadine&lt;/i&gt; deserved her high &lt;span class="quote"&gt;extolment.&lt;/span&gt;</p0826-teimww:hasText>
    <p0826-teimww:hasTextHist knoraType="richtext_value">[Anselmo:] [...] Or &lt;i&gt;Amadine&lt;/i&gt; deserued her high extolment.</p0826-teimww:hasTextHist>
    <p0826-teimww:isMentionedIn>
      <p0826-teimww:passage knoraType="link_value" linkType="ref" target="ww_688d9333ab5368df"/>
    </p0826-teimww:isMentionedIn>
    <p0826-teimww:occursIn>
      <p0826-teimww:book knoraType="link_value" linkType="ref" target="ww_a45f897238d7e5f0"/>
    </p0826-teimww:occursIn>
    <p0826-teimww:wasContributedBy>
      <p0826-teimww:person knoraType="link_value" linkType="ref" target="ww_b604df587d93b768"/>
    </p0826-teimww:wasContributedBy>
  </p0826-teimww:passage>
  <p0826-teimww:passage id="ww_688d9333ab5368df">
    <knoraXmlImport:label>passage</knoraXmlImport:label>
    <p0826-teimww:occursIn>
      <p0826-teimww:book knoraType="link_value" linkType="ref" target="ww_b908ae26c4f3afcf"/>
    </p0826-teimww:occursIn>
  </p0826-teimww:passage>
  <p0826-teimww:passage id="ww_a517c08e711d74a2">
    <knoraXmlImport:label>passage</knoraXmlImport:label>
    <p0826-teimww:contains>
      <p0826-teimww:lexia knoraType="link_value" linkType="ref" target="ww_d8ed39a2f6f0d617"/>
    </p0826-teimww:contains>
    <p0826-teimww:hasPage knoraType="richtext_value">Act 5, scene 1, line 42-44.</p0826-teimww:hasPage>
    <p0826-teimww:hasText knoraType="richtext_value">[Richard:] Alas, that Warwick had no more forecast, &lt;br&gt;
But whiles he thought to steal the single ten, &lt;br&gt;
The King was slyly &lt;span class="quote"&gt;fingered &lt;/span&gt;from the deck. </p0826-teimww:hasText>
    <p0826-teimww:isMentionedIn>
      <p0826-teimww:passage knoraType="link_value" linkType="ref" target="ww_3123e74f383c74f5"/>
    </p0826-teimww:isMentionedIn>
    <p0826-teimww:occursIn>
      <p0826-teimww:book knoraType="link_value" linkType="ref" target="ww_e44bf30c33d6ff4d"/>
    </p0826-teimww:occursIn>
    <p0826-teimww:wasContributedBy>
      <p0826-teimww:person knoraType="link_value" linkType="ref" target="ww_c4063e9c72a3ffd2"/>
    </p0826-teimww:wasContributedBy>
  </p0826-teimww:passage>
  <p0826-teimww:passage id="ww_3123e74f383c74f5">
    <knoraXmlImport:label>passage</knoraXmlImport:label>
    <p0826-teimww:occursIn>
      <p0826-teimww:book knoraType="link_value" linkType="ref" target="ww_b3931845d54b98d5"/>
    </p0826-teimww:occursIn>
  </p0826-teimww:passage>
  <p0826-teimww:passage id="ww_87888a954cfda24f">
    <knoraXmlImport:label>passage</knoraXmlImport:label>
    <p0826-teimww:contains>
      <p0826-teimww:lexia knoraType="link_value" linkType="ref" target="ww_4defe8e1575c82e5"/>
    </p0826-teimww:contains>
    <p0826-teimww:hasPage knoraType="richtext_value">Act 2, scene 1, lines 213-219.</p0826-teimww:hasPage>
    <p0826-teimww:hasText knoraType="richtext_value">[King Henry:] Well, for this night we will repose us here.&lt;br&gt;
Tomorrow toward London back again,&lt;br&gt;
To look into this business thoroughly,&lt;br&gt;
And call these foul offenders to their answers,&lt;br&gt;
And poise the cause in Justice' &lt;span class="quote"&gt;equal scales,&lt;/span&gt;&lt;br&gt;
Whose beam stands sure, whose rightful cause&lt;br&gt;
prevails.</p0826-teimww:hasText>
    <p0826-teimww:isMentionedIn>
      <p0826-teimww:passage knoraType="link_value" linkType="ref" target="ww_e60713f639f81539"/>
    </p0826-teimww:isMentionedIn>
    <p0826-teimww:occursIn>
      <p0826-teimww:book knoraType="link_value" linkType="ref" target="ww_898b0b7ff390f5fb"/>
    </p0826-teimww:occursIn>
    <p0826-teimww:wasContributedBy>
      <p0826-teimww:person knoraType="link_value" linkType="ref" target="ww_c4063e9c72a3ffd2"/>
    </p0826-teimww:wasContributedBy>
  </p0826-teimww:passage>
  <p0826-teimww:passage id="ww_e60713f639f81539">
    <knoraXmlImport:label>passage</knoraXmlImport:label>
    <p0826-teimww:occursIn>
      <p0826-teimww:book knoraType="link_value" linkType="ref" target="ww_b3931845d54b98d5"/>
    </p0826-teimww:occursIn>
  </p0826-teimww:passage>
  <p0826-teimww:passage id="ww_b7671b939d5b0fbb">
    <knoraXmlImport:label>passage</knoraXmlImport:label>
    <p0826-teimww:contains>
      <p0826-teimww:lexia knoraType="link_value" linkType="ref" target="ww_313e6e29c41f3c83"/>
    </p0826-teimww:contains>
    <p0826-teimww:hasPage knoraType="richtext_value">Act 2, scene 3, lines 89-95.</p0826-teimww:hasPage>
    <p0826-teimww:hasText knoraType="richtext_value">[Herner:] Masters, I am come hither, as it were, upon my man’s instigation, to prove him a knave and myself an honest man; and touching the Duke of York, I will take my death I never meant him any ill, nor the King, nor the Queen. - And therefore, Peter, &lt;span class="quote"&gt;have at thee with a downright blow!&lt;/span&gt;</p0826-teimww:hasText>
    <p0826-teimww:isMentionedIn>
      <p0826-teimww:passage knoraType="link_value" linkType="ref" target="ww_70ce7114aa902f80"/>
    </p0826-teimww:isMentionedIn>
    <p0826-teimww:occursIn>
      <p0826-teimww:book knoraType="link_value" linkType="ref" target="ww_898b0b7ff390f5fb"/>
    </p0826-teimww:occursIn>
    <p0826-teimww:wasContributedBy>
      <p0826-teimww:person knoraType="link_value" linkType="ref" target="ww_c4063e9c72a3ffd2"/>
    </p0826-teimww:wasContributedBy>
  </p0826-teimww:passage>
  <p0826-teimww:passage id="ww_70ce7114aa902f80">
    <knoraXmlImport:label>passage</knoraXmlImport:label>
    <p0826-teimww:occursIn>
      <p0826-teimww:book knoraType="link_value" linkType="ref" target="ww_b3931845d54b98d5"/>
    </p0826-teimww:occursIn>
  </p0826-teimww:passage>
  <p0826-teimww:passage id="ww_4715eb05fc789445">
    <knoraXmlImport:label>passage</knoraXmlImport:label>
    <p0826-teimww:contains>
      <p0826-teimww:lexia knoraType="link_value" linkType="ref" target="ww_313e6e29c41f3c83"/>
    </p0826-teimww:contains>
    <p0826-teimww:hasPage knoraType="richtext_value">Act 2, scene 4, lines 5-11.</p0826-teimww:hasPage>
    <p0826-teimww:hasText knoraType="richtext_value">[Clifford:] Now, Richard, I am with thee here alone. &lt;br&gt;
This is the hand that stabbed thy father York, &lt;br&gt;
And this the hand that slew thy brother Rutland, &lt;br&gt;
And here's the heart that triumphs in their death &lt;br&gt;
And cheers these hands that slew thy sire and brother &lt;br&gt;
To execute the like upon thyself. &lt;br&gt;
&lt;span class="quote"&gt;And so, have at thee!&lt;/span&gt;</p0826-teimww:hasText>
    <p0826-teimww:isMentionedIn>
      <p0826-teimww:passage knoraType="link_value" linkType="ref" target="ww_1e5d8f75745d6b98"/>
    </p0826-teimww:isMentionedIn>
    <p0826-teimww:occursIn>
      <p0826-teimww:book knoraType="link_value" linkType="ref" target="ww_e44bf30c33d6ff4d"/>
    </p0826-teimww:occursIn>
    <p0826-teimww:wasContributedBy>
      <p0826-teimww:person knoraType="link_value" linkType="ref" target="ww_c4063e9c72a3ffd2"/>
    </p0826-teimww:wasContributedBy>
  </p0826-teimww:passage>
  <p0826-teimww:passage id="ww_1e5d8f75745d6b98">
    <knoraXmlImport:label>passage</knoraXmlImport:label>
    <p0826-teimww:occursIn>
      <p0826-teimww:book knoraType="link_value" linkType="ref" target="ww_b3931845d54b98d5"/>
    </p0826-teimww:occursIn>
  </p0826-teimww:passage>
  <p0826-teimww:passage id="ww_2edab3526365daad">
    <knoraXmlImport:label>passage</knoraXmlImport:label>
    <p0826-teimww:contains>
      <p0826-teimww:lexia knoraType="link_value" linkType="ref" target="ww_3c69965201a32ed3"/>
    </p0826-teimww:contains>
    <p0826-teimww:contains>
      <p0826-teimww:lexia knoraType="link_value" linkType="ref" target="ww_d4935a76bbd234da"/>
    </p0826-teimww:contains>
    <p0826-teimww:hasPage knoraType="richtext_value">Act 4, scene 7, lines 79-80.</p0826-teimww:hasPage>
    <p0826-teimww:hasText knoraType="richtext_value">[Lucy:] Is &lt;span class="quote"&gt;Talbot &lt;/span&gt;slain, the Frenchmen's only &lt;span class="quote"&gt;scourge,&lt;br&gt;
Your kingdom's terror and black Nemesis?&lt;/span&gt;</p0826-teimww:hasText>
    <p0826-teimww:isMentionedIn>
      <p0826-teimww:passage knoraType="link_value" linkType="ref" target="ww_72ef396df3f188b3"/>
    </p0826-teimww:isMentionedIn>
    <p0826-teimww:occursIn>
      <p0826-teimww:book knoraType="link_value" linkType="ref" target="ww_898b0b7ff390f5fb"/>
    </p0826-teimww:occursIn>
    <p0826-teimww:wasContributedBy>
      <p0826-teimww:person knoraType="link_value" linkType="ref" target="ww_c4063e9c72a3ffd2"/>
    </p0826-teimww:wasContributedBy>
  </p0826-teimww:passage>
  <p0826-teimww:passage id="ww_72ef396df3f188b3">
    <knoraXmlImport:label>passage</knoraXmlImport:label>
    <p0826-teimww:occursIn>
      <p0826-teimww:book knoraType="link_value" linkType="ref" target="ww_15dba62495527dd5"/>
    </p0826-teimww:occursIn>
  </p0826-teimww:passage>
  <p0826-teimww:passage id="ww_39f67adef619a39f">
    <knoraXmlImport:label>passage</knoraXmlImport:label>
    <p0826-teimww:contains>
      <p0826-teimww:lexia knoraType="link_value" linkType="ref" target="ww_e00df3158d8dd50e"/>
    </p0826-teimww:contains>
    <p0826-teimww:contains>
      <p0826-teimww:lexia knoraType="link_value" linkType="ref" target="ww_52df5ee92ac30718"/>
    </p0826-teimww:contains>
    <p0826-teimww:hasPage knoraType="richtext_value">Act 5, scene 1, lines 91-92.</p0826-teimww:hasPage>
    <p0826-teimww:hasText knoraType="richtext_value">[Clarence:] To keep that oath were more impiety&lt;br&gt;
Than &lt;span class="quote"&gt;Jephthah when he sacrificed his daughter.&lt;/span&gt;</p0826-teimww:hasText>
    <p0826-teimww:isMentionedIn>
      <p0826-teimww:passage knoraType="link_value" linkType="ref" target="ww_d7f2fe6d88f087ea"/>
    </p0826-teimww:isMentionedIn>
    <p0826-teimww:occursIn>
      <p0826-teimww:book knoraType="link_value" linkType="ref" target="ww_e44bf30c33d6ff4d"/>
    </p0826-teimww:occursIn>
    <p0826-teimww:wasContributedBy>
      <p0826-teimww:person knoraType="link_value" linkType="ref" target="ww_c4063e9c72a3ffd2"/>
    </p0826-teimww:wasContributedBy>
  </p0826-teimww:passage>
  <p0826-teimww:passage id="ww_d7f2fe6d88f087ea">
    <knoraXmlImport:label>passage</knoraXmlImport:label>
    <p0826-teimww:occursIn>
      <p0826-teimww:book knoraType="link_value" linkType="ref" target="ww_b3931845d54b98d5"/>
    </p0826-teimww:occursIn>
  </p0826-teimww:passage>
  <p0826-teimww:passage id="ww_a87dd238d00d444f">
    <knoraXmlImport:label>passage</knoraXmlImport:label>
    <p0826-teimww:contains>
      <p0826-teimww:lexia knoraType="link_value" linkType="ref" target="ww_3f2a516bb14f8303"/>
    </p0826-teimww:contains>
    <p0826-teimww:hasPage knoraType="richtext_value">N.p.; act 1 [spelling normalized].</p0826-teimww:hasPage>
    <p0826-teimww:hasPageHist knoraType="richtext_value">N.p.; act 1.</p0826-teimww:hasPageHist>
    <p0826-teimww:hasText knoraType="richtext_value">[Enter Segasto running and Amadine after him, &lt;span class="quote"&gt;being pursued with a bear.]&lt;span&gt;</p0826-teimww:hasText>
    <p0826-teimww:hasTextHist knoraType="richtext_value">[Enter Segasto runing and Amadine after him, being persued with a beare.]</p0826-teimww:hasTextHist>
    <p0826-teimww:isMentionedIn>
      <p0826-teimww:passage knoraType="link_value" linkType="ref" target="ww_4d7b3243dc80d88b"/>
    </p0826-teimww:isMentionedIn>
    <p0826-teimww:occursIn>
      <p0826-teimww:book knoraType="link_value" linkType="ref" target="ww_a45f897238d7e5f0"/>
    </p0826-teimww:occursIn>
    <p0826-teimww:wasContributedBy>
      <p0826-teimww:person knoraType="link_value" linkType="ref" target="ww_c4063e9c72a3ffd2"/>
    </p0826-teimww:wasContributedBy>
  </p0826-teimww:passage>
  <p0826-teimww:passage id="ww_4d7b3243dc80d88b">
    <knoraXmlImport:label>passage</knoraXmlImport:label>
    <p0826-teimww:occursIn>
      <p0826-teimww:book knoraType="link_value" linkType="ref" target="ww_b908ae26c4f3afcf"/>
    </p0826-teimww:occursIn>
  </p0826-teimww:passage>
  <p0826-teimww:passage id="ww_eabeb7297fd02072">
    <knoraXmlImport:label>passage</knoraXmlImport:label>
    <p0826-teimww:contains>
      <p0826-teimww:lexia knoraType="link_value" linkType="ref" target="ww_8429f7553747f08c"/>
    </p0826-teimww:contains>
    <p0826-teimww:hasPage knoraType="richtext_value">Act 1, scene 4, lines 18-22.</p0826-teimww:hasPage>
    <p0826-teimww:hasText knoraType="richtext_value">[Bolingbroke:] [...] Deep night, dark night, the silent of the night,&lt;br&gt;
The time of night when Troy was set on fire,&lt;br&gt;
The time when screech owls cry and bandogs howl,&lt;br&gt;
&lt;span class="quote"&gt;And spirits walk, and ghosts break up their graves - &lt;br&gt;&lt;/span&gt;
That time best fits the work we have in hand. </p0826-teimww:hasText>
    <p0826-teimww:isMentionedIn>
      <p0826-teimww:passage knoraType="link_value" linkType="ref" target="ww_9017a559b885db90"/>
    </p0826-teimww:isMentionedIn>
    <p0826-teimww:occursIn>
      <p0826-teimww:book knoraType="link_value" linkType="ref" target="ww_898b0b7ff390f5fb"/>
    </p0826-teimww:occursIn>
    <p0826-teimww:wasContributedBy>
      <p0826-teimww:person knoraType="link_value" linkType="ref" target="ww_c4063e9c72a3ffd2"/>
    </p0826-teimww:wasContributedBy>
  </p0826-teimww:passage>
  <p0826-teimww:passage id="ww_9017a559b885db90">
    <knoraXmlImport:label>passage</knoraXmlImport:label>
    <p0826-teimww:occursIn>
      <p0826-teimww:book knoraType="link_value" linkType="ref" target="ww_55bc1a3b04bf8a8d"/>
    </p0826-teimww:occursIn>
  </p0826-teimww:passage>
  <p0826-teimww:passage id="ww_2329877f08132751">
    <knoraXmlImport:label>passage</knoraXmlImport:label>
    <p0826-teimww:contains>
      <p0826-teimww:lexia knoraType="link_value" linkType="ref" target="ww_24f2c69977c4f1c8"/>
    </p0826-teimww:contains>
    <p0826-teimww:hasPage knoraType="richtext_value">7.</p0826-teimww:hasPage>
    <p0826-teimww:hasText knoraType="richtext_value">[...] walking spirits which have been so much talked of in time of popery, and were taken for the souls of them which were dead [...] whether &lt;span class="quote"&gt;the souls of men departed &lt;i&gt;walk&lt;/i&gt; after &lt;i&gt;death&lt;/i&gt; and appear unto men, exhorting them unto this or that.&lt;/span&gt;</p0826-teimww:hasText>
    <p0826-teimww:isMentionedIn>
      <p0826-teimww:passage knoraType="link_value" linkType="ref" target="ww_c39fc4f74f425675"/>
    </p0826-teimww:isMentionedIn>
    <p0826-teimww:occursIn>
      <p0826-teimww:book knoraType="link_value" linkType="ref" target="ww_95fb4400d1818339"/>
    </p0826-teimww:occursIn>
    <p0826-teimww:wasContributedBy>
      <p0826-teimww:person knoraType="link_value" linkType="ref" target="ww_c4063e9c72a3ffd2"/>
    </p0826-teimww:wasContributedBy>
  </p0826-teimww:passage>
  <p0826-teimww:passage id="ww_c39fc4f74f425675">
    <knoraXmlImport:label>passage</knoraXmlImport:label>
    <p0826-teimww:occursIn>
      <p0826-teimww:book knoraType="link_value" linkType="ref" target="ww_0b28ed19a0540e1d"/>
    </p0826-teimww:occursIn>
  </p0826-teimww:passage>
  <p0826-teimww:passage id="ww_cc19d0da24059d8e">
    <knoraXmlImport:label>passage</knoraXmlImport:label>
    <p0826-teimww:contains>
      <p0826-teimww:lexia knoraType="link_value" linkType="ref" target="ww_a9491cbc537d6acc"/>
    </p0826-teimww:contains>
    <p0826-teimww:hasPage knoraType="richtext_value">Act 5, scene 1, lines 117-118.</p0826-teimww:hasPage>
    <p0826-teimww:hasText knoraType="richtext_value">[Richard:] Fie! Charity, for shame! Speak not in spite,&lt;br&gt;
&lt;span class="quote"&gt;For you shall sup with Jesu Christ tonight&lt;/span&gt;</p0826-teimww:hasText>
    <p0826-teimww:isMentionedIn>
      <p0826-teimww:passage knoraType="link_value" linkType="ref" target="ww_8fc8c97fb9de8370"/>
    </p0826-teimww:isMentionedIn>
    <p0826-teimww:occursIn>
      <p0826-teimww:book knoraType="link_value" linkType="ref" target="ww_898b0b7ff390f5fb"/>
    </p0826-teimww:occursIn>
    <p0826-teimww:wasContributedBy>
      <p0826-teimww:person knoraType="link_value" linkType="ref" target="ww_c4063e9c72a3ffd2"/>
    </p0826-teimww:wasContributedBy>
  </p0826-teimww:passage>
  <p0826-teimww:passage id="ww_8fc8c97fb9de8370">
    <knoraXmlImport:label>passage</knoraXmlImport:label>
    <p0826-teimww:occursIn>
      <p0826-teimww:book knoraType="link_value" linkType="ref" target="ww_0b28ed19a0540e1d"/>
    </p0826-teimww:occursIn>
  </p0826-teimww:passage>
  <p0826-teimww:passage id="ww_16ddaecd30de95ac">
    <knoraXmlImport:label>passage</knoraXmlImport:label>
    <p0826-teimww:contains>
      <p0826-teimww:lexia knoraType="link_value" linkType="ref" target="ww_8903b192e4a0a31d"/>
    </p0826-teimww:contains>
    <p0826-teimww:hasPage knoraType="richtext_value">N.p.; section 1, lines 686-688 [normalized spelling].</p0826-teimww:hasPage>
    <p0826-teimww:hasPageHist knoraType="richtext_value">N. p.; section 1, lines 686-688 [normalized spelling].</p0826-teimww:hasPageHist>
    <p0826-teimww:hasText knoraType="richtext_value">[King Henry VI:] First for thy heinous crimes, thou shalt two days in London do&lt;span class="quote"&gt; penance barefoot in the streets, with a white sheet about thy body,&lt;/span&gt; and a wax Taper burning in thy hand.</p0826-teimww:hasText>
    <p0826-teimww:hasTextHist knoraType="richtext_value">[King Henry VI:] First for thy hainous crimes, thou shalt two daies in London do penance barefoote in the streetes, with a white sheete about thy bodie, and a waxe Taper burning in thy hand.</p0826-teimww:hasTextHist>
    <p0826-teimww:isMentionedIn>
      <p0826-teimww:passage knoraType="link_value" linkType="ref" target="ww_f1e092525a460014"/>
    </p0826-teimww:isMentionedIn>
    <p0826-teimww:occursIn>
      <p0826-teimww:book knoraType="link_value" linkType="ref" target="ww_6c90648fdecc54d2"/>
    </p0826-teimww:occursIn>
    <p0826-teimww:wasContributedBy>
      <p0826-teimww:person knoraType="link_value" linkType="ref" target="ww_7f35f6802efd910d"/>
    </p0826-teimww:wasContributedBy>
  </p0826-teimww:passage>
  <p0826-teimww:passage id="ww_f1e092525a460014">
    <knoraXmlImport:label>passage</knoraXmlImport:label>
    <p0826-teimww:occursIn>
      <p0826-teimww:book knoraType="link_value" linkType="ref" target="ww_3e15ab6c612eadae"/>
    </p0826-teimww:occursIn>
  </p0826-teimww:passage>
  <p0826-teimww:passage id="ww_2dc9368a10a0e492">
    <knoraXmlImport:label>passage</knoraXmlImport:label>
    <p0826-teimww:contains>
      <p0826-teimww:lexia knoraType="link_value" linkType="ref" target="ww_d422eb972d8dcec5"/>
    </p0826-teimww:contains>
    <p0826-teimww:hasPage knoraType="richtext_value">111 [normalized spelling].</p0826-teimww:hasPage>
    <p0826-teimww:hasPageHist knoraType="richtext_value">111.</p0826-teimww:hasPageHist>
    <p0826-teimww:hasText knoraType="richtext_value">[Giordano:] &lt;span class="quote"&gt;Why do you stand bare-headed? You do yourself wrong.&lt;/span&gt;&lt;br&gt;
[Edward:] Pardon me, good sir, &lt;span class="quote"&gt;I do it for my ease.&lt;/span&gt;&lt;br&gt;
[Giordano:] &lt;span class="quote"&gt;I pray you be covered, you are too ceremonious.&lt;/span&gt;&lt;br&gt;
[Edward:] I am so well, that me thinks I am in heaven.&lt;br&gt;
[Giordano:] If you love me, put on your hat.&lt;br&gt;
[Edward:] &lt;span class="quote"&gt;I will do it to obey you, not for any leisure that I take in.&lt;/span&gt;</p0826-teimww:hasText>
    <p0826-teimww:hasTextHist knoraType="richtext_value">[Giordano:] &lt;span class="quote"&gt;Why do you stand barehedded? You do yourself wrong.&lt;/span&gt;&lt;br&gt;
[Edward:] Pardon me, good sir, &lt;span class="quote"&gt;I doe it for my ease.&lt;/span&gt;&lt;br&gt;
[Giordano:] &lt;span class="quote"&gt;I pray you be couered, you are too ceremonious.&lt;/span&gt;&lt;br&gt;
[Edward:] I am so well, that me thinks I am in heauen.&lt;br&gt;
[Giordano:] If you loue me, put on your hat.&lt;br&gt;
[Edward:] &lt;span class="quote"&gt;I will doe it to obay you, not for any leasure that I take in.&lt;/span&gt;</p0826-teimww:hasTextHist>
    <p0826-teimww:isMentionedIn>
      <p0826-teimww:passage knoraType="link_value" linkType="ref" target="ww_ef1c15913201b32d"/>
    </p0826-teimww:isMentionedIn>
    <p0826-teimww:isMentionedIn>
      <p0826-teimww:passage knoraType="link_value" linkType="ref" target="ww_04c16459d0b84eda"/>
    </p0826-teimww:isMentionedIn>
    <p0826-teimww:isMentionedIn>
      <p0826-teimww:passage knoraType="link_value" linkType="ref" target="ww_c24699dafbe43c5d"/>
    </p0826-teimww:isMentionedIn>
    <p0826-teimww:occursIn>
      <p0826-teimww:book knoraType="link_value" linkType="ref" target="ww_74c4db8372c7293c"/>
    </p0826-teimww:occursIn>
    <p0826-teimww:wasContributedBy>
      <p0826-teimww:person knoraType="link_value" linkType="ref" target="ww_c4063e9c72a3ffd2"/>
    </p0826-teimww:wasContributedBy>
  </p0826-teimww:passage>
  <p0826-teimww:passage id="ww_ef1c15913201b32d">
    <knoraXmlImport:label>passage</knoraXmlImport:label>
    <p0826-teimww:occursIn>
      <p0826-teimww:book knoraType="link_value" linkType="ref" target="ww_0b28ed19a0540e1d"/>
    </p0826-teimww:occursIn>
  </p0826-teimww:passage>
  <p0826-teimww:passage id="ww_04c16459d0b84eda">
    <knoraXmlImport:label>passage</knoraXmlImport:label>
    <p0826-teimww:occursIn>
      <p0826-teimww:book knoraType="link_value" linkType="ref" target="ww_15dba62495527dd5"/>
    </p0826-teimww:occursIn>
  </p0826-teimww:passage>
  <p0826-teimww:passage id="ww_c24699dafbe43c5d">
    <knoraXmlImport:label>passage</knoraXmlImport:label>
    <p0826-teimww:occursIn>
      <p0826-teimww:book knoraType="link_value" linkType="ref" target="ww_c0bb45384c6abc1f"/>
    </p0826-teimww:occursIn>
  </p0826-teimww:passage>
  <p0826-teimww:passage id="ww_132c702aace695ca">
    <knoraXmlImport:label>passage</knoraXmlImport:label>
    <p0826-teimww:contains>
      <p0826-teimww:lexia knoraType="link_value" linkType="ref" target="ww_ea3583fbc953e063"/>
    </p0826-teimww:contains>
    <p0826-teimww:hasPage knoraType="richtext_value">N.p. [spelling normalized].</p0826-teimww:hasPage>
    <p0826-teimww:hasPageHist knoraType="richtext_value">N.p.</p0826-teimww:hasPageHist>
    <p0826-teimww:hasText knoraType="richtext_value">[Anselmo:] [...] Whether report gilded &lt;span class="quote"&gt;a worthless Trunk &lt;/span&gt;[...].</p0826-teimww:hasText>
    <p0826-teimww:hasTextHist knoraType="richtext_value">[Anselmo:] [...] Whether report gilded a worthlesse Trunke [...].</p0826-teimww:hasTextHist>
    <p0826-teimww:isMentionedIn>
      <p0826-teimww:passage knoraType="link_value" linkType="ref" target="ww_332c10239d20dbc7"/>
    </p0826-teimww:isMentionedIn>
    <p0826-teimww:occursIn>
      <p0826-teimww:book knoraType="link_value" linkType="ref" target="ww_a45f897238d7e5f0"/>
    </p0826-teimww:occursIn>
    <p0826-teimww:wasContributedBy>
      <p0826-teimww:person knoraType="link_value" linkType="ref" target="ww_c4063e9c72a3ffd2"/>
    </p0826-teimww:wasContributedBy>
  </p0826-teimww:passage>
  <p0826-teimww:passage id="ww_332c10239d20dbc7">
    <knoraXmlImport:label>passage</knoraXmlImport:label>
    <p0826-teimww:occursIn>
      <p0826-teimww:book knoraType="link_value" linkType="ref" target="ww_b908ae26c4f3afcf"/>
    </p0826-teimww:occursIn>
  </p0826-teimww:passage>
  <p0826-teimww:passage id="ww_361984a87f87dabc">
    <knoraXmlImport:label>passage</knoraXmlImport:label>
    <p0826-teimww:contains>
      <p0826-teimww:lexia knoraType="link_value" linkType="ref" target="ww_0e8e9c9a1e5888f8"/>
    </p0826-teimww:contains>
    <p0826-teimww:hasPage knoraType="richtext_value">205 [normalized spelling].</p0826-teimww:hasPage>
    <p0826-teimww:hasPageHist knoraType="richtext_value">205.</p0826-teimww:hasPageHist>
    <p0826-teimww:hasText knoraType="richtext_value">Then, if we had seen a man go wallowing in the streets, or line sleeping under the board, we would have spat at him as a toad, and &lt;span class="quote"&gt;called him [a] foul drunken swine &lt;/span&gt;[...].</p0826-teimww:hasText>
    <p0826-teimww:hasTextHist knoraType="richtext_value">Then, if we had seene a man goe wallowing in the streetes, or line sleeping vnder the boord, we would have spet at him as a toade, and &lt;span class="quote"&gt;cald him foule drunken swine &lt;/span&gt;[...].</p0826-teimww:hasTextHist>
    <p0826-teimww:isMentionedIn>
      <p0826-teimww:passage knoraType="link_value" linkType="ref" target="ww_9f96f393e09efe46"/>
    </p0826-teimww:isMentionedIn>
    <p0826-teimww:isMentionedIn>
      <p0826-teimww:passage knoraType="link_value" linkType="ref" target="ww_5b89969918ba4397"/>
    </p0826-teimww:isMentionedIn>
    <p0826-teimww:isMentionedIn>
      <p0826-teimww:passage knoraType="link_value" linkType="ref" target="ww_3a88aed67dc2c63d"/>
    </p0826-teimww:isMentionedIn>
    <p0826-teimww:occursIn>
      <p0826-teimww:book knoraType="link_value" linkType="ref" target="ww_38151002cedbc343"/>
    </p0826-teimww:occursIn>
    <p0826-teimww:wasContributedBy>
      <p0826-teimww:person knoraType="link_value" linkType="ref" target="ww_c4063e9c72a3ffd2"/>
    </p0826-teimww:wasContributedBy>
  </p0826-teimww:passage>
  <p0826-teimww:passage id="ww_9f96f393e09efe46">
    <knoraXmlImport:label>passage</knoraXmlImport:label>
    <p0826-teimww:occursIn>
      <p0826-teimww:book knoraType="link_value" linkType="ref" target="ww_15dba62495527dd5"/>
    </p0826-teimww:occursIn>
  </p0826-teimww:passage>
  <p0826-teimww:passage id="ww_5b89969918ba4397">
    <knoraXmlImport:label>passage</knoraXmlImport:label>
    <p0826-teimww:occursIn>
      <p0826-teimww:book knoraType="link_value" linkType="ref" target="ww_d96cf3715d049fff"/>
    </p0826-teimww:occursIn>
  </p0826-teimww:passage>
  <p0826-teimww:passage id="ww_3a88aed67dc2c63d">
    <knoraXmlImport:label>passage</knoraXmlImport:label>
    <p0826-teimww:occursIn>
      <p0826-teimww:book knoraType="link_value" linkType="ref" target="ww_0b28ed19a0540e1d"/>
    </p0826-teimww:occursIn>
  </p0826-teimww:passage>
  <p0826-teimww:passage id="ww_50d17a1fdc4fa606">
    <knoraXmlImport:label>passage</knoraXmlImport:label>
    <p0826-teimww:contains>
      <p0826-teimww:lexia knoraType="link_value" linkType="ref" target="ww_df1615d7bc6bc928"/>
    </p0826-teimww:contains>
    <p0826-teimww:contains>
      <p0826-teimww:lexia knoraType="link_value" linkType="ref" target="ww_a6a66a31e125dfb1"/>
    </p0826-teimww:contains>
    <p0826-teimww:hasPage knoraType="richtext_value">Act 2, scene 1, lines 92-93.</p0826-teimww:hasPage>
    <p0826-teimww:hasText knoraType="richtext_value">[Demetrius:] [...] Though Bassianus be the Emperor’s brother,&lt;br&gt;
Better than he have worn &lt;span class="quote"&gt;Vulcan's badge.&lt;/span&gt;</p0826-teimww:hasText>
    <p0826-teimww:isMentionedIn>
      <p0826-teimww:passage knoraType="link_value" linkType="ref" target="ww_f26782735a290459"/>
    </p0826-teimww:isMentionedIn>
    <p0826-teimww:occursIn>
      <p0826-teimww:book knoraType="link_value" linkType="ref" target="ww_7f5e9141d1116e89"/>
    </p0826-teimww:occursIn>
    <p0826-teimww:wasContributedBy>
      <p0826-teimww:person knoraType="link_value" linkType="ref" target="ww_c4063e9c72a3ffd2"/>
    </p0826-teimww:wasContributedBy>
  </p0826-teimww:passage>
  <p0826-teimww:passage id="ww_f26782735a290459">
    <knoraXmlImport:label>passage</knoraXmlImport:label>
    <p0826-teimww:occursIn>
      <p0826-teimww:book knoraType="link_value" linkType="ref" target="ww_1140c36ab545b6d8"/>
    </p0826-teimww:occursIn>
  </p0826-teimww:passage>
  <p0826-teimww:passage id="ww_d881604f654196c6">
    <knoraXmlImport:label>passage</knoraXmlImport:label>
    <p0826-teimww:contains>
      <p0826-teimww:lexia knoraType="link_value" linkType="ref" target="ww_45810440eae644c4"/>
    </p0826-teimww:contains>
    <p0826-teimww:hasPage knoraType="richtext_value">Act 4, scene 2, line 7.</p0826-teimww:hasPage>
    <p0826-teimww:hasText knoraType="richtext_value">[Bianca:] What, master, read you? First &lt;span class="quote"&gt;resolve me that.&lt;/span&gt;</p0826-teimww:hasText>
    <p0826-teimww:isMentionedIn>
      <p0826-teimww:passage knoraType="link_value" linkType="ref" target="ww_195ec46f6df9c30e"/>
    </p0826-teimww:isMentionedIn>
    <p0826-teimww:occursIn>
      <p0826-teimww:book knoraType="link_value" linkType="ref" target="ww_26138dfe777ca825"/>
    </p0826-teimww:occursIn>
    <p0826-teimww:wasContributedBy>
      <p0826-teimww:person knoraType="link_value" linkType="ref" target="ww_c4063e9c72a3ffd2"/>
    </p0826-teimww:wasContributedBy>
  </p0826-teimww:passage>
  <p0826-teimww:passage id="ww_195ec46f6df9c30e">
    <knoraXmlImport:label>passage</knoraXmlImport:label>
    <p0826-teimww:occursIn>
      <p0826-teimww:book knoraType="link_value" linkType="ref" target="ww_55bc1a3b04bf8a8d"/>
    </p0826-teimww:occursIn>
  </p0826-teimww:passage>
  <p0826-teimww:passage id="ww_27042e402aa3b5c4">
    <knoraXmlImport:label>passage</knoraXmlImport:label>
    <p0826-teimww:contains>
      <p0826-teimww:lexia knoraType="link_value" linkType="ref" target="ww_c2eb7bb32e3afa15"/>
    </p0826-teimww:contains>
    <p0826-teimww:hasPage knoraType="richtext_value">178 [normalized spelling].</p0826-teimww:hasPage>
    <p0826-teimww:hasPageHist knoraType="richtext_value">178.</p0826-teimww:hasPageHist>
    <p0826-teimww:hasText knoraType="richtext_value">&lt;span class="quote"&gt;Thus walks he up and down in his Majesty, &lt;/span&gt;taking a yard of ground at every step, and stamps on he earth so terribly, as if he meant to knock up spirits, when (foul drunken bezzle) if an Englishman set his little finger to him, he falls like a hogs-trough that is set on one end.</p0826-teimww:hasText>
    <p0826-teimww:hasTextHist knoraType="richtext_value">&lt;span class="quote"&gt;Thus walkes he vp and downe in his Maiestie, &lt;/span&gt;taking a yard of ground at euery step, amd stamps on he earth so terrible, as if he ment to knocke vppe spirite, when (foule drunken bezzle) if an Englishman set his little fnger to him, he falles like a hogs-trough that is set on one end.</p0826-teimww:hasTextHist>
    <p0826-teimww:isMentionedIn>
      <p0826-teimww:passage knoraType="link_value" linkType="ref" target="ww_4f2fd521d84d4a41"/>
    </p0826-teimww:isMentionedIn>
    <p0826-teimww:occursIn>
      <p0826-teimww:book knoraType="link_value" linkType="ref" target="ww_38151002cedbc343"/>
    </p0826-teimww:occursIn>
    <p0826-teimww:wasContributedBy>
      <p0826-teimww:person knoraType="link_value" linkType="ref" target="ww_c4063e9c72a3ffd2"/>
    </p0826-teimww:wasContributedBy>
  </p0826-teimww:passage>
  <p0826-teimww:passage id="ww_4f2fd521d84d4a41">
    <knoraXmlImport:label>passage</knoraXmlImport:label>
    <p0826-teimww:occursIn>
      <p0826-teimww:book knoraType="link_value" linkType="ref" target="ww_ca15500e7036f16e"/>
    </p0826-teimww:occursIn>
  </p0826-teimww:passage>
  <p0826-teimww:passage id="ww_80c53ef755113cac">
    <knoraXmlImport:label>passage</knoraXmlImport:label>
    <p0826-teimww:contains>
      <p0826-teimww:lexia knoraType="link_value" linkType="ref" target="ww_4c64336cbb097d4e"/>
    </p0826-teimww:contains>
    <p0826-teimww:hasPage knoraType="richtext_value">Act 4, scene 1, lines 53-54.</p0826-teimww:hasPage>
    <p0826-teimww:hasText knoraType="richtext_value">[Grumio:] Out of their saddles into the dirt, &lt;span class="quote"&gt;and thereby hangs a tale.</p0826-teimww:hasText>
    <p0826-teimww:isMentionedIn>
      <p0826-teimww:passage knoraType="link_value" linkType="ref" target="ww_a0e3cc57672dc4ca"/>
    </p0826-teimww:isMentionedIn>
    <p0826-teimww:occursIn>
      <p0826-teimww:book knoraType="link_value" linkType="ref" target="ww_26138dfe777ca825"/>
    </p0826-teimww:occursIn>
    <p0826-teimww:wasContributedBy>
      <p0826-teimww:person knoraType="link_value" linkType="ref" target="ww_b604df587d93b768"/>
    </p0826-teimww:wasContributedBy>
  </p0826-teimww:passage>
  <p0826-teimww:passage id="ww_a0e3cc57672dc4ca">
    <knoraXmlImport:label>passage</knoraXmlImport:label>
    <p0826-teimww:occursIn>
      <p0826-teimww:book knoraType="link_value" linkType="ref" target="ww_3e15ab6c612eadae"/>
    </p0826-teimww:occursIn>
  </p0826-teimww:passage>
  <p0826-teimww:passage id="ww_29d101ca9b9a0b61">
    <knoraXmlImport:label>passage</knoraXmlImport:label>
    <p0826-teimww:contains>
      <p0826-teimww:lexia knoraType="link_value" linkType="ref" target="ww_fba3108902c095f8"/>
    </p0826-teimww:contains>
    <p0826-teimww:contains>
      <p0826-teimww:lexia knoraType="link_value" linkType="ref" target="ww_dd0caf239cbfc012"/>
    </p0826-teimww:contains>
    <p0826-teimww:contains>
      <p0826-teimww:lexia knoraType="link_value" linkType="ref" target="ww_54ff70e9eb5fa120"/>
    </p0826-teimww:contains>
    <p0826-teimww:hasPage knoraType="richtext_value">206 [normalized spelling].</p0826-teimww:hasPage>
    <p0826-teimww:hasPageHist knoraType="richtext_value">206.</p0826-teimww:hasPageHist>
    <p0826-teimww:hasText knoraType="richtext_value">Clim of the Clough [the devil] thou that usest to drink nothing but scalding lead and sulphur in hell, thou art not so greedy of thy night gear. O, but thou hast a foul swallow, if it come once &lt;span class="quote"&gt;to carousing of human blood; &lt;/span&gt;but that's but seldom [...] otherwise thou art tide at rack and manger, and drinkest nothing but the &lt;i&gt;Aqua vitae&lt;/i&gt; of &lt;span class="quote"&gt;vengeance &lt;/span&gt;all thy life time [...].</p0826-teimww:hasText>
    <p0826-teimww:hasTextHist knoraType="richtext_value">Clim of the Clough [the devil] thou that vsest to drinke nothing but scalding lead and sulpher in hell, thou art not so greedie of thy night geare. O, but thou hast a foule swallow, if it come once &lt;span class="quote"&gt;to carousing of humane bloud; &lt;/span&gt;but thats but seldom [...] otherwise thou art tide at rack and manger, and drinkest nothing but the &lt;i&gt;Aqua vitae&lt;/i&gt; of &lt;span class="quote"&gt;vengeance &lt;/span&gt;all thy life time [...].</p0826-teimww:hasTextHist>
    <p0826-teimww:isMentionedIn>
      <p0826-teimww:passage knoraType="link_value" linkType="ref" target="ww_2a7d053cc82aed52"/>
    </p0826-teimww:isMentionedIn>
    <p0826-teimww:occursIn>
      <p0826-teimww:book knoraType="link_value" linkType="ref" target="ww_38151002cedbc343"/>
    </p0826-teimww:occursIn>
    <p0826-teimww:wasContributedBy>
      <p0826-teimww:person knoraType="link_value" linkType="ref" target="ww_c4063e9c72a3ffd2"/>
    </p0826-teimww:wasContributedBy>
  </p0826-teimww:passage>
  <p0826-teimww:passage id="ww_a56bf51853987219">
    <knoraXmlImport:label>passage</knoraXmlImport:label>
    <p0826-teimww:contains>
      <p0826-teimww:lexia knoraType="link_value" linkType="ref" target="ww_92e66fe1ba8dcb1d"/>
    </p0826-teimww:contains>
    <p0826-teimww:hasPage knoraType="richtext_value">210 [normalized spelling].</p0826-teimww:hasPage>
    <p0826-teimww:hasPageHist knoraType="richtext_value">210.</p0826-teimww:hasPageHist>
    <p0826-teimww:hasText knoraType="richtext_value">[...] &lt;span class="quote"&gt;the heavy headed gluttonous house-dove &lt;/span&gt;[...].</p0826-teimww:hasText>
    <p0826-teimww:hasTextHist knoraType="richtext_value">[...] &lt;span class="quote"&gt;the heauie headed gluttonous house-doue &lt;/span&gt;[...].</p0826-teimww:hasTextHist>
    <p0826-teimww:isMentionedIn>
      <p0826-teimww:passage knoraType="link_value" linkType="ref" target="ww_467edc897875265d"/>
    </p0826-teimww:isMentionedIn>
    <p0826-teimww:occursIn>
      <p0826-teimww:book knoraType="link_value" linkType="ref" target="ww_38151002cedbc343"/>
    </p0826-teimww:occursIn>
    <p0826-teimww:wasContributedBy>
      <p0826-teimww:person knoraType="link_value" linkType="ref" target="ww_c4063e9c72a3ffd2"/>
    </p0826-teimww:wasContributedBy>
  </p0826-teimww:passage>
  <p0826-teimww:passage id="ww_467edc897875265d">
    <knoraXmlImport:label>passage</knoraXmlImport:label>
    <p0826-teimww:occursIn>
      <p0826-teimww:book knoraType="link_value" linkType="ref" target="ww_c8ba21232e68b85f"/>
    </p0826-teimww:occursIn>
  </p0826-teimww:passage>
  <p0826-teimww:passage id="ww_ed0731546c16f09e">
    <knoraXmlImport:label>passage</knoraXmlImport:label>
    <p0826-teimww:contains>
      <p0826-teimww:lexia knoraType="link_value" linkType="ref" target="ww_8522356ce87c1b40"/>
    </p0826-teimww:contains>
    <p0826-teimww:hasPage knoraType="richtext_value">210 [normalized spelling].</p0826-teimww:hasPage>
    <p0826-teimww:hasPageHist knoraType="richtext_value">210.</p0826-teimww:hasPageHist>
    <p0826-teimww:hasText knoraType="richtext_value">&lt;span class="quote"&gt;Sloth and sluggish security &lt;/span&gt;[...]. &lt;br&gt; &lt;br&gt;
[...]&lt;span class="quote"&gt; neglect &lt;/span&gt;[...] &lt;span class="quote"&gt;dallying &lt;/span&gt;[...] &lt;span class="quote"&gt;indignities &lt;/span&gt;[...] &lt;span class="quote"&gt;love-dream &lt;/span&gt;[...].</p0826-teimww:hasText>
    <p0826-teimww:hasTextHist knoraType="richtext_value">&lt;span class="quote"&gt;Sloth and sluggish securitye &lt;/span&gt;[...].</p0826-teimww:hasTextHist>
    <p0826-teimww:isMentionedIn>
      <p0826-teimww:passage knoraType="link_value" linkType="ref" target="ww_ae9f29f32d869a2e"/>
    </p0826-teimww:isMentionedIn>
    <p0826-teimww:occursIn>
      <p0826-teimww:book knoraType="link_value" linkType="ref" target="ww_38151002cedbc343"/>
    </p0826-teimww:occursIn>
    <p0826-teimww:wasContributedBy>
      <p0826-teimww:person knoraType="link_value" linkType="ref" target="ww_c4063e9c72a3ffd2"/>
    </p0826-teimww:wasContributedBy>
  </p0826-teimww:passage>
  <p0826-teimww:passage id="ww_ae9f29f32d869a2e">
    <knoraXmlImport:label>passage</knoraXmlImport:label>
    <p0826-teimww:occursIn>
      <p0826-teimww:book knoraType="link_value" linkType="ref" target="ww_ca15500e7036f16e"/>
    </p0826-teimww:occursIn>
  </p0826-teimww:passage>
  <p0826-teimww:passage id="ww_bcc4b76a020e8511">
    <knoraXmlImport:label>passage</knoraXmlImport:label>
    <p0826-teimww:contains>
      <p0826-teimww:lexia knoraType="link_value" linkType="ref" target="ww_b34ac60992914cb2"/>
    </p0826-teimww:contains>
    <p0826-teimww:contains>
      <p0826-teimww:lexia knoraType="link_value" linkType="ref" target="ww_1d22b710066c14af"/>
    </p0826-teimww:contains>
    <p0826-teimww:contains>
      <p0826-teimww:lexia knoraType="link_value" linkType="ref" target="ww_669aba6c378ac4b7"/>
    </p0826-teimww:contains>
    <p0826-teimww:hasPage knoraType="richtext_value">C1 recto [126].</p0826-teimww:hasPage>
    <p0826-teimww:hasText knoraType="richtext_value">I will not forget the old wives logick,&lt;span class="quote"&gt; when Adam delved and Eve spanne, who was then a Gentleman?&lt;/span&gt;</p0826-teimww:hasText>
    <p0826-teimww:isMentionedIn>
      <p0826-teimww:passage knoraType="link_value" linkType="ref" target="ww_3b437e1d33682625"/>
    </p0826-teimww:isMentionedIn>
    <p0826-teimww:occursIn>
      <p0826-teimww:book knoraType="link_value" linkType="ref" target="ww_a08995e1e6833cea"/>
    </p0826-teimww:occursIn>
    <p0826-teimww:wasContributedBy>
      <p0826-teimww:person knoraType="link_value" linkType="ref" target="ww_c4063e9c72a3ffd2"/>
    </p0826-teimww:wasContributedBy>
  </p0826-teimww:passage>
  <p0826-teimww:passage id="ww_3b437e1d33682625">
    <knoraXmlImport:label>passage</knoraXmlImport:label>
    <p0826-teimww:occursIn>
      <p0826-teimww:book knoraType="link_value" linkType="ref" target="ww_f3b3659c26b68006"/>
    </p0826-teimww:occursIn>
  </p0826-teimww:passage>
  <p0826-teimww:passage id="ww_0a0243bf95a1743f">
    <knoraXmlImport:label>passage</knoraXmlImport:label>
    <p0826-teimww:contains>
      <p0826-teimww:lexia knoraType="link_value" linkType="ref" target="ww_6e673dceb0c4fdef"/>
    </p0826-teimww:contains>
    <p0826-teimww:hasPage knoraType="richtext_value">Act 5, scene 1, line 169.</p0826-teimww:hasPage>
    <p0826-teimww:hasText knoraType="richtext_value">[Duke:] [...] &lt;span class="quote"&gt;Go, some of you, &lt;/span&gt;knock at the abbey gate [...].</p0826-teimww:hasText>
    <p0826-teimww:isMentionedIn>
      <p0826-teimww:passage knoraType="link_value" linkType="ref" target="ww_938beba9011451b2"/>
    </p0826-teimww:isMentionedIn>
    <p0826-teimww:occursIn>
      <p0826-teimww:book knoraType="link_value" linkType="ref" target="ww_7dd1c602e9ccfe3b"/>
    </p0826-teimww:occursIn>
    <p0826-teimww:wasContributedBy>
      <p0826-teimww:person knoraType="link_value" linkType="ref" target="ww_7f35f6802efd910d"/>
    </p0826-teimww:wasContributedBy>
  </p0826-teimww:passage>
  <p0826-teimww:passage id="ww_938beba9011451b2">
    <knoraXmlImport:label>passage</knoraXmlImport:label>
    <p0826-teimww:occursIn>
      <p0826-teimww:book knoraType="link_value" linkType="ref" target="ww_55bc1a3b04bf8a8d"/>
    </p0826-teimww:occursIn>
  </p0826-teimww:passage>
  <p0826-teimww:passage id="ww_df217d2caab3c319">
    <knoraXmlImport:label>passage</knoraXmlImport:label>
    <p0826-teimww:contains>
      <p0826-teimww:lexia knoraType="link_value" linkType="ref" target="ww_0b7f5ab9b0f9af78"/>
    </p0826-teimww:contains>
    <p0826-teimww:hasPage knoraType="richtext_value">439; act 1, scene 1, line 134, act 1, scene 1, line 161 and act 2, scene 2, line 72.</p0826-teimww:hasPage>
    <p0826-teimww:hasText knoraType="richtext_value">[Edward:] &lt;span class="quote"&gt;I cannot brook these haughty menaces &lt;/span&gt;[…]&lt;br&gt;&lt;br&gt;

[Edward:] Cease brother, for &lt;span class="quote"&gt;I cannot brook these words &lt;/span&gt;[…]&lt;br&gt;&lt;br&gt;

[Gaveston:] My Lord &lt;span class="quote"&gt;I cannot brook these iniuries.&lt;/span&gt;</p0826-teimww:hasText>
    <p0826-teimww:isMentionedIn>
      <p0826-teimww:passage knoraType="link_value" linkType="ref" target="ww_40fdab0686f7e2e6"/>
    </p0826-teimww:isMentionedIn>
    <p0826-teimww:occursIn>
      <p0826-teimww:book knoraType="link_value" linkType="ref" target="ww_0d4732e83985c063"/>
    </p0826-teimww:occursIn>
    <p0826-teimww:wasContributedBy>
      <p0826-teimww:person knoraType="link_value" linkType="ref" target="ww_7f35f6802efd910d"/>
    </p0826-teimww:wasContributedBy>
  </p0826-teimww:passage>
  <p0826-teimww:passage id="ww_2132d10675497d48">
    <knoraXmlImport:label>passage</knoraXmlImport:label>
    <p0826-teimww:contains>
      <p0826-teimww:lexia knoraType="link_value" linkType="ref" target="ww_9aa026223967098d"/>
    </p0826-teimww:contains>
    <p0826-teimww:contains>
      <p0826-teimww:lexia knoraType="link_value" linkType="ref" target="ww_543c08a37b93c3cc"/>
    </p0826-teimww:contains>
    <p0826-teimww:hasPage knoraType="richtext_value">205 [normalized spelling].</p0826-teimww:hasPage>
    <p0826-teimww:hasPageHist knoraType="richtext_value">205.</p0826-teimww:hasPageHist>
    <p0826-teimww:hasText knoraType="richtext_value">A mighty deformer of &lt;I&gt;men's manners&lt;/i&gt; and &lt;i&gt;features,&lt;/i&gt; is this &lt;i&gt;unnecessary vice&lt;/i&gt; of all other. Let him be indued with never so many &lt;i&gt;virtues&lt;/i&gt;, and have as &lt;i&gt;much goodly proportion and favour as nature can bestow upon a man;&lt;/i&gt; yet if he be thirsty after his own destruction, and hath no joy nor comfort, but when he is drowning his soul in a gallon pot, &lt;span class="quote"&gt;&lt;i&gt;that one &lt;/i&gt;beastly &lt;i&gt;imperfection&lt;/i&gt; will utterly obscure all that is commendable in him; &lt;/span&gt;and all his good qualities sink like lead down to the bottom of his&lt;span class="quote"&gt; &lt;i&gt;carousing&lt;/i&gt; &lt;/span&gt;cups, where they will lie, like lees and dregs, dead and &lt;i&gt;unregarded of any man.&lt;/i&gt;</p0826-teimww:hasText>
    <p0826-teimww:hasTextHist knoraType="richtext_value">A mightie deformer of &lt;i&gt;mens manners&lt;/i&gt; and &lt;i&gt;features,&lt;/i&gt; is this &lt;i&gt;vnnecessary vice&lt;/i&gt; of all other. Let him bee indued with neuer so many &lt;i&gt;vertues&lt;/i&gt;, and haue as &lt;i&gt;much goodly proporton and fauour as nature can bestow vppon a man;&lt;/i&gt; yet if he bee thirstie after his owne destruction, and hath no ioy nor comfort, but when he is drowning his soule in a gallon pot, &lt;span class="quote"&gt;&lt;i&gt;that one &lt;/i&gt;beastly &lt;i&gt;imperfection&lt;/i&gt; will vtterlie obscure all that is commendable in him; &lt;/span&gt;and all his good qualities sinke like lead down to the bottome of his&lt;span class="quote"&gt; &lt;i&gt;carrowsing&lt;/i&gt; &lt;/span&gt;cups, where they will lie, like lees and dregges, dead and &lt;i&gt;vnregarded of any man.&lt;/i&gt;</p0826-teimww:hasTextHist>
    <p0826-teimww:isMentionedIn>
      <p0826-teimww:passage knoraType="link_value" linkType="ref" target="ww_3aef72127b2e3321"/>
    </p0826-teimww:isMentionedIn>
    <p0826-teimww:isMentionedIn>
      <p0826-teimww:passage knoraType="link_value" linkType="ref" target="ww_cc57d74d4962b375"/>
    </p0826-teimww:isMentionedIn>
    <p0826-teimww:occursIn>
      <p0826-teimww:book knoraType="link_value" linkType="ref" target="ww_38151002cedbc343"/>
    </p0826-teimww:occursIn>
    <p0826-teimww:wasContributedBy>
      <p0826-teimww:person knoraType="link_value" linkType="ref" target="ww_c4063e9c72a3ffd2"/>
    </p0826-teimww:wasContributedBy>
  </p0826-teimww:passage>
  <p0826-teimww:passage id="ww_3aef72127b2e3321">
    <knoraXmlImport:label>passage</knoraXmlImport:label>
    <p0826-teimww:occursIn>
      <p0826-teimww:book knoraType="link_value" linkType="ref" target="ww_ca15500e7036f16e"/>
    </p0826-teimww:occursIn>
  </p0826-teimww:passage>
  <p0826-teimww:passage id="ww_cc57d74d4962b375">
    <knoraXmlImport:label>passage</knoraXmlImport:label>
    <p0826-teimww:occursIn>
      <p0826-teimww:book knoraType="link_value" linkType="ref" target="ww_0b28ed19a0540e1d"/>
    </p0826-teimww:occursIn>
  </p0826-teimww:passage>
  <p0826-teimww:passage id="ww_e1e972859949a549">
    <knoraXmlImport:label>passage</knoraXmlImport:label>
    <p0826-teimww:contains>
      <p0826-teimww:lexia knoraType="link_value" linkType="ref" target="ww_6def2ae4b11d0c9b"/>
    </p0826-teimww:contains>
    <p0826-teimww:hasPage knoraType="richtext_value">177-178 [normalized spelling].</p0826-teimww:hasPage>
    <p0826-teimww:hasPageHist knoraType="richtext_value">177-178.</p0826-teimww:hasPageHist>
    <p0826-teimww:hasText knoraType="richtext_value">For besides, nature hath left him a flaberkin face, like one of the four winds, and cheeks that sag like a woman's dugs over his chin-bone, his apparel is so put up with bladders of Taffeta, and his back like beef stuffed with Parsley, so drawn out with Ribands and deuces, and blistered with light sarcenet bastings, that you would think him [a Dane] nothing but&lt;span class="quote"&gt; a swarm of Butterflies,&lt;/span&gt; if you saw him a far off. </p0826-teimww:hasText>
    <p0826-teimww:hasTextHist knoraType="richtext_value">For besides, nature hath left him a flaberkin face, like one of the foure winds, and cheeks that sag like a womans dugs ouer his chin-bone, his apparel is so put vp with bladders of Taffatie, and his back like biefe stuft with Parsly, so drawne out with Ribands and deusies, and blisterd with light sarcenet bastings, that you would think him [a Dane] nothing but&lt;span class="quote"&gt; a swarme of Butterflies,&lt;/span&gt; if you saw him a farre off. </p0826-teimww:hasTextHist>
    <p0826-teimww:isMentionedIn>
      <p0826-teimww:passage knoraType="link_value" linkType="ref" target="ww_01584d9e53b37180"/>
    </p0826-teimww:isMentionedIn>
    <p0826-teimww:isMentionedIn>
      <p0826-teimww:passage knoraType="link_value" linkType="ref" target="ww_5702f1abd00553b7"/>
    </p0826-teimww:isMentionedIn>
    <p0826-teimww:isMentionedIn>
      <p0826-teimww:passage knoraType="link_value" linkType="ref" target="ww_8f4ba554e7addf6e"/>
    </p0826-teimww:isMentionedIn>
    <p0826-teimww:occursIn>
      <p0826-teimww:book knoraType="link_value" linkType="ref" target="ww_38151002cedbc343"/>
    </p0826-teimww:occursIn>
    <p0826-teimww:wasContributedBy>
      <p0826-teimww:person knoraType="link_value" linkType="ref" target="ww_c4063e9c72a3ffd2"/>
    </p0826-teimww:wasContributedBy>
  </p0826-teimww:passage>
  <p0826-teimww:passage id="ww_8f4ba554e7addf6e">
    <knoraXmlImport:label>passage</knoraXmlImport:label>
    <p0826-teimww:occursIn>
      <p0826-teimww:book knoraType="link_value" linkType="ref" target="ww_15dba62495527dd5"/>
    </p0826-teimww:occursIn>
  </p0826-teimww:passage>
  <p0826-teimww:passage id="ww_01584d9e53b37180">
    <knoraXmlImport:label>passage</knoraXmlImport:label>
    <p0826-teimww:occursIn>
      <p0826-teimww:book knoraType="link_value" linkType="ref" target="ww_ca15500e7036f16e"/>
    </p0826-teimww:occursIn>
  </p0826-teimww:passage>
  <p0826-teimww:passage id="ww_5702f1abd00553b7">
    <knoraXmlImport:label>passage</knoraXmlImport:label>
    <p0826-teimww:occursIn>
      <p0826-teimww:book knoraType="link_value" linkType="ref" target="ww_0b28ed19a0540e1d"/>
    </p0826-teimww:occursIn>
  </p0826-teimww:passage>
  <p0826-teimww:passage id="ww_f698815b34a31d14">
    <knoraXmlImport:label>passage</knoraXmlImport:label>
    <p0826-teimww:contains>
      <p0826-teimww:lexia knoraType="link_value" linkType="ref" target="ww_0e8e9c9a1e5888f8"/>
    </p0826-teimww:contains>
    <p0826-teimww:contains>
      <p0826-teimww:lexia knoraType="link_value" linkType="ref" target="ww_2ad3edfad3fc4d0c"/>
    </p0826-teimww:contains>
    <p0826-teimww:hasPage knoraType="richtext_value">140 [normalized spelling].</p0826-teimww:hasPage>
    <p0826-teimww:hasPageHist knoraType="richtext_value">140.</p0826-teimww:hasPageHist>
    <p0826-teimww:hasText knoraType="richtext_value">The Danes are bursten-bellied sots, that are to be confuted with nothing but Tankards or quart-pots, and &lt;span class="quote"&gt;&lt;i&gt;Ovid&lt;/i&gt; might as well have read his verses to the &lt;i&gt;Geese&lt;/i&gt; that understood him not, &lt;/span&gt;as a man talk reason to them that have no ears but their mouths nor sense but of that which they swallow down their throats. God so love me, as I love the quick-witted Italians, and therefore love them more, because they mortally detest this surley &lt;span class="quote"&gt;swinish&lt;/span&gt; Generation.</p0826-teimww:hasText>
    <p0826-teimww:hasTextHist knoraType="richtext_value">The Danes are bursten-bellied sots, that are  to bee confuted with nothing but Tankards or quart-pots, and &lt;i&gt;Ouid&lt;/i&gt; might as well haue read his verses to the &lt;i&gt;Getes&lt;/i&gt; that vnderstood him not, as a man talk reason to them that haue no eares but their mouths nor sense but of that which they swallowe downe their thrates. God so loue me, as I loue te quick-witted Italians, and therefore loue them more, because they mortally detest this surley &lt;span class="quote"&gt;swinish&lt;/span&gt; Generation.</p0826-teimww:hasTextHist>
    <p0826-teimww:isMentionedIn>
      <p0826-teimww:passage knoraType="link_value" linkType="ref" target="ww_fa8de2a7ae7fd554"/>
    </p0826-teimww:isMentionedIn>
    <p0826-teimww:isMentionedIn>
      <p0826-teimww:passage knoraType="link_value" linkType="ref" target="ww_349678669361f0cb"/>
    </p0826-teimww:isMentionedIn>
    <p0826-teimww:isMentionedIn>
      <p0826-teimww:passage knoraType="link_value" linkType="ref" target="ww_72fcd3773ebe7f6a"/>
    </p0826-teimww:isMentionedIn>
    <p0826-teimww:occursIn>
      <p0826-teimww:book knoraType="link_value" linkType="ref" target="ww_38151002cedbc343"/>
    </p0826-teimww:occursIn>
    <p0826-teimww:wasContributedBy>
      <p0826-teimww:person knoraType="link_value" linkType="ref" target="ww_c4063e9c72a3ffd2"/>
    </p0826-teimww:wasContributedBy>
  </p0826-teimww:passage>
  <p0826-teimww:passage id="ww_349678669361f0cb">
    <knoraXmlImport:label>passage</knoraXmlImport:label>
    <p0826-teimww:occursIn>
      <p0826-teimww:book knoraType="link_value" linkType="ref" target="ww_15dba62495527dd5"/>
    </p0826-teimww:occursIn>
  </p0826-teimww:passage>
  <p0826-teimww:passage id="ww_fa8de2a7ae7fd554">
    <knoraXmlImport:label>passage</knoraXmlImport:label>
    <p0826-teimww:occursIn>
      <p0826-teimww:book knoraType="link_value" linkType="ref" target="ww_ca15500e7036f16e"/>
    </p0826-teimww:occursIn>
  </p0826-teimww:passage>
  <p0826-teimww:passage id="ww_72fcd3773ebe7f6a">
    <knoraXmlImport:label>passage</knoraXmlImport:label>
    <p0826-teimww:occursIn>
      <p0826-teimww:book knoraType="link_value" linkType="ref" target="ww_0b28ed19a0540e1d"/>
    </p0826-teimww:occursIn>
  </p0826-teimww:passage>
  <p0826-teimww:passage id="ww_f750f294ab2da720">
    <knoraXmlImport:label>passage</knoraXmlImport:label>
    <p0826-teimww:contains>
      <p0826-teimww:lexia knoraType="link_value" linkType="ref" target="ww_b85d3e24aadc24a6"/>
    </p0826-teimww:contains>
    <p0826-teimww:hasPage knoraType="richtext_value">208 [normalized spelling].</p0826-teimww:hasPage>
    <p0826-teimww:hasPageHist knoraType="richtext_value">208.</p0826-teimww:hasPageHist>
    <p0826-teimww:hasText knoraType="richtext_value">Men when they are idle, and know not what to do, saith one let us go to the Steelyard and &lt;span class="quote"&gt;drink Rhenish wine&lt;/span&gt;. Nay, if a man knew where a good whorehouse were saith another, it were somwhat like. Nay saith the third, let us go to a dicing-house or a bowling alley, and there we shall have some sport for our money.</p0826-teimww:hasText>
    <p0826-teimww:hasTextHist knoraType="richtext_value">Men when they are idle, and know not what to do, saith one let vs go to the Stilliard and &lt;span class="quote"&gt;drink Rhenish wine&lt;/span&gt;. Nay, if a man knew where a good whorhouse were saith another, it were somwhat like. Nay saith the third, let vs go to a dicing-house or a bowling alley, and there we shall haue some sport for our money.</p0826-teimww:hasTextHist>
    <p0826-teimww:isMentionedIn>
      <p0826-teimww:passage knoraType="link_value" linkType="ref" target="ww_871cff82f0be993c"/>
    </p0826-teimww:isMentionedIn>
    <p0826-teimww:isMentionedIn>
      <p0826-teimww:passage knoraType="link_value" linkType="ref" target="ww_6141c2ad04d96ea8"/>
    </p0826-teimww:isMentionedIn>
    <p0826-teimww:isMentionedIn>
      <p0826-teimww:passage knoraType="link_value" linkType="ref" target="ww_bee5ecc96e125ced"/>
    </p0826-teimww:isMentionedIn>
    <p0826-teimww:occursIn>
      <p0826-teimww:book knoraType="link_value" linkType="ref" target="ww_38151002cedbc343"/>
    </p0826-teimww:occursIn>
    <p0826-teimww:wasContributedBy>
      <p0826-teimww:person knoraType="link_value" linkType="ref" target="ww_c4063e9c72a3ffd2"/>
    </p0826-teimww:wasContributedBy>
  </p0826-teimww:passage>
  <p0826-teimww:passage id="ww_871cff82f0be993c">
    <knoraXmlImport:label>passage</knoraXmlImport:label>
    <p0826-teimww:occursIn>
      <p0826-teimww:book knoraType="link_value" linkType="ref" target="ww_0b28ed19a0540e1d"/>
    </p0826-teimww:occursIn>
  </p0826-teimww:passage>
  <p0826-teimww:passage id="ww_6141c2ad04d96ea8">
    <knoraXmlImport:label>passage</knoraXmlImport:label>
    <p0826-teimww:occursIn>
      <p0826-teimww:book knoraType="link_value" linkType="ref" target="ww_15dba62495527dd5"/>
    </p0826-teimww:occursIn>
  </p0826-teimww:passage>
  <p0826-teimww:passage id="ww_bee5ecc96e125ced">
    <knoraXmlImport:label>passage</knoraXmlImport:label>
    <p0826-teimww:occursIn>
      <p0826-teimww:book knoraType="link_value" linkType="ref" target="ww_ca15500e7036f16e"/>
    </p0826-teimww:occursIn>
  </p0826-teimww:passage>
  <p0826-teimww:passage id="ww_b25daebf8629c967">
    <knoraXmlImport:label>passage</knoraXmlImport:label>
    <p0826-teimww:contains>
      <p0826-teimww:lexia knoraType="link_value" linkType="ref" target="ww_c5410aa7e6012056"/>
    </p0826-teimww:contains>
    <p0826-teimww:hasPage knoraType="richtext_value">210 [normalized spelling].</p0826-teimww:hasPage>
    <p0826-teimww:hasPageHist knoraType="richtext_value">210.</p0826-teimww:hasPageHist>
    <p0826-teimww:hasText knoraType="richtext_value">Besides, my vagrant Reveller haunts Plays, &amp; sharpens his wits with frequenting the company of Poets; he emboldens his blushing face by courting fair women on the sudden, and look into all Estates, by conversing with them in public places. Now tell me whether of these two, the &lt;span class="quote"&gt;heavy-headed&lt;/span&gt; gluttonous house dove, or this lively wanton young Gallant, is likely to prove the wiser man, and better member in the Common-wealth.</p0826-teimww:hasText>
    <p0826-teimww:hasTextHist knoraType="richtext_value">Besides, my vagrant Reueller haunts Plaies, &amp; sharpens his wits with frequenting the company of Poets; he emboldens his blushing face by courting fair women on the sodaine, and looke into all Estates, by conversing with them in publike places. Nowe tell me whether of these two, the &lt;span class="quote"&gt;heauie-headed&lt;/span&gt; gluttonous house doue, or this liuelie wanton yoong Gallant, is likely to prooue the wiser man, and better member in the Common-wealth.</p0826-teimww:hasTextHist>
    <p0826-teimww:isMentionedIn>
      <p0826-teimww:passage knoraType="link_value" linkType="ref" target="ww_d2e1f4a09f88edd3"/>
    </p0826-teimww:isMentionedIn>
    <p0826-teimww:isMentionedIn>
      <p0826-teimww:passage knoraType="link_value" linkType="ref" target="ww_6c306b37418e9b41"/>
    </p0826-teimww:isMentionedIn>
    <p0826-teimww:isMentionedIn>
      <p0826-teimww:passage knoraType="link_value" linkType="ref" target="ww_e404fcc4f19cba54"/>
    </p0826-teimww:isMentionedIn>
    <p0826-teimww:occursIn>
      <p0826-teimww:book knoraType="link_value" linkType="ref" target="ww_38151002cedbc343"/>
    </p0826-teimww:occursIn>
    <p0826-teimww:wasContributedBy>
      <p0826-teimww:person knoraType="link_value" linkType="ref" target="ww_c4063e9c72a3ffd2"/>
    </p0826-teimww:wasContributedBy>
  </p0826-teimww:passage>
  <p0826-teimww:passage id="ww_d2e1f4a09f88edd3">
    <knoraXmlImport:label>passage</knoraXmlImport:label>
    <p0826-teimww:occursIn>
      <p0826-teimww:book knoraType="link_value" linkType="ref" target="ww_15dba62495527dd5"/>
    </p0826-teimww:occursIn>
  </p0826-teimww:passage>
  <p0826-teimww:passage id="ww_e404fcc4f19cba54">
    <knoraXmlImport:label>passage</knoraXmlImport:label>
    <p0826-teimww:occursIn>
      <p0826-teimww:book knoraType="link_value" linkType="ref" target="ww_ca15500e7036f16e"/>
    </p0826-teimww:occursIn>
  </p0826-teimww:passage>
  <p0826-teimww:passage id="ww_6c306b37418e9b41">
    <knoraXmlImport:label>passage</knoraXmlImport:label>
    <p0826-teimww:occursIn>
      <p0826-teimww:book knoraType="link_value" linkType="ref" target="ww_0b28ed19a0540e1d"/>
    </p0826-teimww:occursIn>
  </p0826-teimww:passage>
  <p0826-teimww:passage id="ww_87803ecab661976f">
    <knoraXmlImport:label>passage</knoraXmlImport:label>
    <p0826-teimww:contains>
      <p0826-teimww:lexia knoraType="link_value" linkType="ref" target="ww_8c043c2dc3eb41fc"/>
    </p0826-teimww:contains>
    <p0826-teimww:contains>
      <p0826-teimww:lexia knoraType="link_value" linkType="ref" target="ww_66bc55d1444d682a"/>
    </p0826-teimww:contains>
    <p0826-teimww:hasPage knoraType="richtext_value">210 [normalized spelling].</p0826-teimww:hasPage>
    <p0826-teimww:hasPageHist knoraType="richtext_value">210.</p0826-teimww:hasPageHist>
    <p0826-teimww:hasText knoraType="richtext_value">Sloth in&lt;span class="quote"&gt; Nobility, Courtiers, Scholars, or any men&lt;/span&gt; is the chiefest cause that brings them in contempt. For as industry and unfatigable toil raiseth mean persons from obscure houses to high thrones of authority: so Sloth and sluggish security causeth proud Lords to tumble from the towers of their starry descents, and be trodden underfoot of every inferior Bosnian. […] The only enemy to Sloth is contention and emulation; as propose one man to myself, that is the only &lt;span class="quote"&gt;mirror of our Age,&lt;/span&gt; and strive to out-go him in virtue.</p0826-teimww:hasText>
    <p0826-teimww:hasTextHist knoraType="richtext_value">Sloth in&lt;span class="quote"&gt; Nobilitie, Courtiers, Schollers, or any men&lt;/span&gt; is the chiefest cause that brings them in contempt. For as industrie and vnfatigable toyle rayseth meane persons from obscure houses to high thrones of authoritie: so Sloth and sluggish securitye causeth proud Lords to tumble from the towers of their starriediscents, and be trodden vnderfoot of euery inferiour Besonian. […] The only enemy to Sloth is contention and emulation; as propose one man to myselfe, that is the onely &lt;span class="quote"&gt;mirrour of our Age,&lt;/span&gt; and striue to out-go him in vertue.</p0826-teimww:hasTextHist>
    <p0826-teimww:isMentionedIn>
      <p0826-teimww:passage knoraType="link_value" linkType="ref" target="ww_42b21cbf3891d372"/>
    </p0826-teimww:isMentionedIn>
    <p0826-teimww:isMentionedIn>
      <p0826-teimww:passage knoraType="link_value" linkType="ref" target="ww_5e6a656f06a48444"/>
    </p0826-teimww:isMentionedIn>
    <p0826-teimww:isMentionedIn>
      <p0826-teimww:passage knoraType="link_value" linkType="ref" target="ww_e7bac473abdbd84a"/>
    </p0826-teimww:isMentionedIn>
    <p0826-teimww:occursIn>
      <p0826-teimww:book knoraType="link_value" linkType="ref" target="ww_38151002cedbc343"/>
    </p0826-teimww:occursIn>
    <p0826-teimww:wasContributedBy>
      <p0826-teimww:person knoraType="link_value" linkType="ref" target="ww_c4063e9c72a3ffd2"/>
    </p0826-teimww:wasContributedBy>
  </p0826-teimww:passage>
  <p0826-teimww:passage id="ww_e7bac473abdbd84a">
    <knoraXmlImport:label>passage</knoraXmlImport:label>
    <p0826-teimww:occursIn>
      <p0826-teimww:book knoraType="link_value" linkType="ref" target="ww_0b28ed19a0540e1d"/>
    </p0826-teimww:occursIn>
  </p0826-teimww:passage>
  <p0826-teimww:passage id="ww_42b21cbf3891d372">
    <knoraXmlImport:label>passage</knoraXmlImport:label>
    <p0826-teimww:occursIn>
      <p0826-teimww:book knoraType="link_value" linkType="ref" target="ww_15dba62495527dd5"/>
    </p0826-teimww:occursIn>
  </p0826-teimww:passage>
  <p0826-teimww:passage id="ww_5e6a656f06a48444">
    <knoraXmlImport:label>passage</knoraXmlImport:label>
    <p0826-teimww:occursIn>
      <p0826-teimww:book knoraType="link_value" linkType="ref" target="ww_c8b9905743513fbf"/>
    </p0826-teimww:occursIn>
  </p0826-teimww:passage>
  <p0826-teimww:passage id="ww_52a8f0cf52e21b23">
    <knoraXmlImport:label>passage</knoraXmlImport:label>
    <p0826-teimww:contains>
      <p0826-teimww:lexia knoraType="link_value" linkType="ref" target="ww_95459b6d2988155b"/>
    </p0826-teimww:contains>
    <p0826-teimww:hasPage knoraType="richtext_value">210 [normalized spelling.]</p0826-teimww:hasPage>
    <p0826-teimww:hasPageHist knoraType="richtext_value">210.</p0826-teimww:hasPageHist>
    <p0826-teimww:hasText knoraType="richtext_value">That is the course he that will be popular must take, which if he neglect, and sit dallying at home, nor will be awaked by any indignities out of his love-dream, but suffer &lt;span class="quote"&gt;every upstart groom to defy him, set him at naught, and shake him by the beard unrevenged,&lt;/span&gt; let him straight take orders and be a Churchman, and then his patience may pass for a virtue, but &lt;span class="quote"&gt;otherwise he shall be suspected of cowardice, and not car'd for of any.&lt;/span&gt;</p0826-teimww:hasText>
    <p0826-teimww:hasTextHist knoraType="richtext_value">That is the course he that will be popular must take, which if he neglect, and sit dallying at home, nor will be awakt by any indignities out of his loue-dreame, but suffer &lt;span class="quote"&gt;every vpstart groome to defie him, set him at naught, and shake him by the beard vnreuengde,&lt;/span&gt; let him straight take orders and be a Church-man, and then his patience may passe for a vertue, but otherwise he  shall be suspected of cowardise, and not car'd for of any.</p0826-teimww:hasTextHist>
    <p0826-teimww:isMentionedIn>
      <p0826-teimww:passage knoraType="link_value" linkType="ref" target="ww_8c20d729635556dc"/>
    </p0826-teimww:isMentionedIn>
    <p0826-teimww:isMentionedIn>
      <p0826-teimww:passage knoraType="link_value" linkType="ref" target="ww_209f418593d61d98"/>
    </p0826-teimww:isMentionedIn>
    <p0826-teimww:isMentionedIn>
      <p0826-teimww:passage knoraType="link_value" linkType="ref" target="ww_bdccd8db08eea40a"/>
    </p0826-teimww:isMentionedIn>
    <p0826-teimww:occursIn>
      <p0826-teimww:book knoraType="link_value" linkType="ref" target="ww_38151002cedbc343"/>
    </p0826-teimww:occursIn>
    <p0826-teimww:wasContributedBy>
      <p0826-teimww:person knoraType="link_value" linkType="ref" target="ww_8106744e44c77c96"/>
    </p0826-teimww:wasContributedBy>
  </p0826-teimww:passage>
  <p0826-teimww:passage id="ww_209f418593d61d98">
    <knoraXmlImport:label>passage</knoraXmlImport:label>
    <p0826-teimww:occursIn>
      <p0826-teimww:book knoraType="link_value" linkType="ref" target="ww_0b28ed19a0540e1d"/>
    </p0826-teimww:occursIn>
  </p0826-teimww:passage>
  <p0826-teimww:passage id="ww_8c20d729635556dc">
    <knoraXmlImport:label>passage</knoraXmlImport:label>
    <p0826-teimww:occursIn>
      <p0826-teimww:book knoraType="link_value" linkType="ref" target="ww_ca15500e7036f16e"/>
    </p0826-teimww:occursIn>
  </p0826-teimww:passage>
  <p0826-teimww:passage id="ww_bdccd8db08eea40a">
    <knoraXmlImport:label>passage</knoraXmlImport:label>
    <p0826-teimww:occursIn>
      <p0826-teimww:book knoraType="link_value" linkType="ref" target="ww_15dba62495527dd5"/>
    </p0826-teimww:occursIn>
  </p0826-teimww:passage>
  <p0826-teimww:passage id="ww_dea47f1bdf73667b">
    <knoraXmlImport:label>passage</knoraXmlImport:label>
    <p0826-teimww:contains>
      <p0826-teimww:lexia knoraType="link_value" linkType="ref" target="ww_d30c307253ce36a0"/>
    </p0826-teimww:contains>
    <p0826-teimww:hasPage knoraType="richtext_value">499; act 4, scene 3, lines 46-47.</p0826-teimww:hasPage>
    <p0826-teimww:hasText knoraType="richtext_value">[Edward:] [...] Gallop apace, bright Phoebus, through the sky, &lt;br&gt;
And, &lt;span class="quote"&gt;dusky Night, in rusty iron car &lt;/span&gt;[...].</p0826-teimww:hasText>
    <p0826-teimww:isMentionedIn>
      <p0826-teimww:passage knoraType="link_value" linkType="ref" target="ww_2cfaa2cdc0a22bd3"/>
    </p0826-teimww:isMentionedIn>
    <p0826-teimww:occursIn>
      <p0826-teimww:book knoraType="link_value" linkType="ref" target="ww_0d4732e83985c063"/>
    </p0826-teimww:occursIn>
    <p0826-teimww:wasContributedBy>
      <p0826-teimww:person knoraType="link_value" linkType="ref" target="ww_7f35f6802efd910d"/>
    </p0826-teimww:wasContributedBy>
  </p0826-teimww:passage>
  <p0826-teimww:passage id="ww_52ddee34625bb8a9">
    <knoraXmlImport:label>passage</knoraXmlImport:label>
    <p0826-teimww:contains>
      <p0826-teimww:lexia knoraType="link_value" linkType="ref" target="ww_908fec1a3c1436ad"/>
    </p0826-teimww:contains>
    <p0826-teimww:hasPage knoraType="richtext_value">Act 4, scene 4, lines 5-8.</p0826-teimww:hasPage>
    <p0826-teimww:hasText knoraType="richtext_value">[Saturninus:] [...] My lords, you know, as know the mightful gods, 
&lt;br&gt;However &lt;span class="quote"&gt;these disturbers of our peace &lt;br&gt;
Buzz in the people's ears,&lt;/span&gt; there naught hath passed &lt;br&gt;
But even with law against the willful sons &lt;br&gt;
Of old Andronicus.</p0826-teimww:hasText>
    <p0826-teimww:isMentionedIn>
      <p0826-teimww:passage knoraType="link_value" linkType="ref" target="ww_64e2a59819d8228a"/>
    </p0826-teimww:isMentionedIn>
    <p0826-teimww:occursIn>
      <p0826-teimww:book knoraType="link_value" linkType="ref" target="ww_7f5e9141d1116e89"/>
    </p0826-teimww:occursIn>
    <p0826-teimww:wasContributedBy>
      <p0826-teimww:person knoraType="link_value" linkType="ref" target="ww_5fbb1eab1b30dfee"/>
    </p0826-teimww:wasContributedBy>
  </p0826-teimww:passage>
  <p0826-teimww:passage id="ww_64e2a59819d8228a">
    <knoraXmlImport:label>passage</knoraXmlImport:label>
    <p0826-teimww:occursIn>
      <p0826-teimww:book knoraType="link_value" linkType="ref" target="ww_b3931845d54b98d5"/>
    </p0826-teimww:occursIn>
  </p0826-teimww:passage>
  <p0826-teimww:passage id="ww_6a8dfb000c0563f3">
    <knoraXmlImport:label>passage</knoraXmlImport:label>
    <p0826-teimww:contains>
      <p0826-teimww:lexia knoraType="link_value" linkType="ref" target="ww_c909b93763ceae4b"/>
    </p0826-teimww:contains>
    <p0826-teimww:hasPage knoraType="richtext_value">531; act 5, scene 6.</p0826-teimww:hasPage>
    <p0826-teimww:hasText knoraType="richtext_value">[Younger Mortimer:] [...] Farewell, fair queen. Weep not for Mortimer, &lt;br&gt;
That scorns the world, and, as a traveller, &lt;br&gt;
Goes to &lt;span class="quote"&gt;discover countries yet unknown&lt;/span&gt;.</p0826-teimww:hasText>
    <p0826-teimww:isMentionedIn>
      <p0826-teimww:passage knoraType="link_value" linkType="ref" target="ww_fba3a1753b20d1e3"/>
    </p0826-teimww:isMentionedIn>
    <p0826-teimww:occursIn>
      <p0826-teimww:book knoraType="link_value" linkType="ref" target="ww_0d4732e83985c063"/>
    </p0826-teimww:occursIn>
    <p0826-teimww:wasContributedBy>
      <p0826-teimww:person knoraType="link_value" linkType="ref" target="ww_5fbb1eab1b30dfee"/>
    </p0826-teimww:wasContributedBy>
  </p0826-teimww:passage>
  <p0826-teimww:passage id="ww_fba3a1753b20d1e3">
    <knoraXmlImport:label>passage</knoraXmlImport:label>
    <p0826-teimww:occursIn>
      <p0826-teimww:book knoraType="link_value" linkType="ref" target="ww_b3931845d54b98d5"/>
    </p0826-teimww:occursIn>
  </p0826-teimww:passage>
  <p0826-teimww:passage id="ww_a0693828f45a0318">
    <knoraXmlImport:label>passage</knoraXmlImport:label>
    <p0826-teimww:contains>
      <p0826-teimww:lexia knoraType="link_value" linkType="ref" target="ww_2d2e13019f5b91c4"/>
    </p0826-teimww:contains>
    <p0826-teimww:contains>
      <p0826-teimww:lexia knoraType="link_value" linkType="ref" target="ww_2ad3edfad3fc4d0c"/>
    </p0826-teimww:contains>
    <p0826-teimww:hasPage knoraType="richtext_value">Act 4, scene 1, lines 43-44.</p0826-teimww:hasPage>
    <p0826-teimww:hasText knoraType="richtext_value">[Young Lucius:] Grandsire, 'tis &lt;span class="quote"&gt;Ovid's Metamorphosis.&lt;br&gt;&lt;/span&gt;
My mother gave it me.</p0826-teimww:hasText>
    <p0826-teimww:occursIn>
      <p0826-teimww:book knoraType="link_value" linkType="ref" target="ww_7f5e9141d1116e89"/>
    </p0826-teimww:occursIn>
    <p0826-teimww:wasContributedBy>
      <p0826-teimww:person knoraType="link_value" linkType="ref" target="ww_c4063e9c72a3ffd2"/>
    </p0826-teimww:wasContributedBy>
  </p0826-teimww:passage>
  <p0826-teimww:passage id="ww_48d18fb186a0a31a">
    <knoraXmlImport:label>passage</knoraXmlImport:label>
    <p0826-teimww:occursIn>
      <p0826-teimww:book knoraType="link_value" linkType="ref" target="ww_f3b3659c26b68006"/>
    </p0826-teimww:occursIn>
  </p0826-teimww:passage>
  <p0826-teimww:passage id="ww_dd416140947f6290">
    <knoraXmlImport:label>passage</knoraXmlImport:label>
    <p0826-teimww:occursIn>
      <p0826-teimww:book knoraType="link_value" linkType="ref" target="ww_1140c36ab545b6d8"/>
    </p0826-teimww:occursIn>
  </p0826-teimww:passage>
  <p0826-teimww:passage id="ww_ac413c960b3f46ba">
    <knoraXmlImport:label>passage</knoraXmlImport:label>
    <p0826-teimww:contains>
      <p0826-teimww:lexia knoraType="link_value" linkType="ref" target="ww_2fb58924c045f2f2"/>
    </p0826-teimww:contains>
    <p0826-teimww:hasPage knoraType="richtext_value">Act 3, scene 2, lines 160-162.</p0826-teimww:hasPage>
    <p0826-teimww:hasText knoraType="richtext_value">[King Richard:] For God's sake, &lt;span class="quote"&gt;let us sit upon the ground &lt;br&gt;
And tell sad stories &lt;/span&gt;of the death of kings - &lt;br&gt;
How some have been deposed, some slain in war […].</p0826-teimww:hasText>
    <p0826-teimww:isMentionedIn>
      <p0826-teimww:passage knoraType="link_value" linkType="ref" target="ww_5d2312625ffe3b1a"/>
    </p0826-teimww:isMentionedIn>
    <p0826-teimww:occursIn>
      <p0826-teimww:book knoraType="link_value" linkType="ref" target="ww_c8e25bef891b5536"/>
    </p0826-teimww:occursIn>
    <p0826-teimww:wasContributedBy>
      <p0826-teimww:person knoraType="link_value" linkType="ref" target="ww_7f35f6802efd910d"/>
    </p0826-teimww:wasContributedBy>
  </p0826-teimww:passage>
  <p0826-teimww:passage id="ww_5d2312625ffe3b1a">
    <knoraXmlImport:label>passage</knoraXmlImport:label>
    <p0826-teimww:occursIn>
      <p0826-teimww:book knoraType="link_value" linkType="ref" target="ww_5868d5560bdfc062"/>
    </p0826-teimww:occursIn>
  </p0826-teimww:passage>
  <p0826-teimww:passage id="ww_8207568848475533">
    <knoraXmlImport:label>passage</knoraXmlImport:label>
    <p0826-teimww:contains>
      <p0826-teimww:lexia knoraType="link_value" linkType="ref" target="ww_736ddce2d52e3ff5"/>
    </p0826-teimww:contains>
    <p0826-teimww:hasPage knoraType="richtext_value">Act 5, scene 1, lines 75-78.</p0826-teimww:hasPage>
    <p0826-teimww:hasText knoraType="richtext_value">[King Richard:] &lt;span class="quote"&gt;Let me unkiss the oath twixt thee and me; &lt;br&gt;&lt;/span&gt;
And yet not so, for with a kiss 'twas made. - &lt;br&gt;
Part us, Northumberland […].</p0826-teimww:hasText>
    <p0826-teimww:isMentionedIn>
      <p0826-teimww:passage knoraType="link_value" linkType="ref" target="ww_5d2312625ffe3b1a"/>
    </p0826-teimww:isMentionedIn>
    <p0826-teimww:occursIn>
      <p0826-teimww:book knoraType="link_value" linkType="ref" target="ww_c8e25bef891b5536"/>
    </p0826-teimww:occursIn>
    <p0826-teimww:wasContributedBy>
      <p0826-teimww:person knoraType="link_value" linkType="ref" target="ww_7f35f6802efd910d"/>
    </p0826-teimww:wasContributedBy>
  </p0826-teimww:passage>
  <p0826-teimww:passage id="ww_dba7eca465e8143a">
    <knoraXmlImport:label>passage</knoraXmlImport:label>
    <p0826-teimww:contains>
      <p0826-teimww:lexia knoraType="link_value" linkType="ref" target="ww_5cbb795ae07e0ce8"/>
    </p0826-teimww:contains>
    <p0826-teimww:hasPage knoraType="richtext_value">Act 5, scene 2, lines 9-10.</p0826-teimww:hasPage>
    <p0826-teimww:hasText knoraType="richtext_value">[York:] […] &lt;span class="quote"&gt;Mounted upon a hot and fiery steed, &lt;br&gt;
Which his aspiring rider seemed to know &lt;/span&gt;[…].</p0826-teimww:hasText>
    <p0826-teimww:isMentionedIn>
      <p0826-teimww:passage knoraType="link_value" linkType="ref" target="ww_5d2312625ffe3b1a"/>
    </p0826-teimww:isMentionedIn>
    <p0826-teimww:occursIn>
      <p0826-teimww:book knoraType="link_value" linkType="ref" target="ww_c8e25bef891b5536"/>
    </p0826-teimww:occursIn>
    <p0826-teimww:wasContributedBy>
      <p0826-teimww:person knoraType="link_value" linkType="ref" target="ww_7f35f6802efd910d"/>
    </p0826-teimww:wasContributedBy>
  </p0826-teimww:passage>
  <p0826-teimww:passage id="ww_f101e6ad7939110d">
    <knoraXmlImport:label>passage</knoraXmlImport:label>
    <p0826-teimww:contains>
      <p0826-teimww:lexia knoraType="link_value" linkType="ref" target="ww_7fbb9645e394fc56"/>
    </p0826-teimww:contains>
    <p0826-teimww:hasPage knoraType="richtext_value">Act 5, scene 3, lines 159-160.</p0826-teimww:hasPage>
    <p0826-teimww:hasText knoraType="richtext_value">[Ghosts of Princes:] Sleep, Richmond, sleep in peace and wake in joy. &lt;br&gt;
&lt;span class="quote"&gt;Good angels guard thee &lt;/span&gt;from the boar's annoy.</p0826-teimww:hasText>
    <p0826-teimww:isMentionedIn>
      <p0826-teimww:passage knoraType="link_value" linkType="ref" target="ww_97131baf2b9d7e02"/>
    </p0826-teimww:isMentionedIn>
    <p0826-teimww:occursIn>
      <p0826-teimww:book knoraType="link_value" linkType="ref" target="ww_a70c78f7c2563c1d"/>
    </p0826-teimww:occursIn>
    <p0826-teimww:wasContributedBy>
      <p0826-teimww:person knoraType="link_value" linkType="ref" target="ww_c4063e9c72a3ffd2"/>
    </p0826-teimww:wasContributedBy>
  </p0826-teimww:passage>
  <p0826-teimww:passage id="ww_97131baf2b9d7e02">
    <knoraXmlImport:label>passage</knoraXmlImport:label>
    <p0826-teimww:occursIn>
      <p0826-teimww:book knoraType="link_value" linkType="ref" target="ww_1140c36ab545b6d8"/>
    </p0826-teimww:occursIn>
  </p0826-teimww:passage>
  <p0826-teimww:passage id="ww_f50ba3ce342f7b70">
    <knoraXmlImport:label>passage</knoraXmlImport:label>
    <p0826-teimww:contains>
      <p0826-teimww:lexia knoraType="link_value" linkType="ref" target="ww_e716a98df34f3a2b"/>
    </p0826-teimww:contains>
    <p0826-teimww:hasPage knoraType="richtext_value">Act 5, scene 3, lines 325-329.</p0826-teimww:hasPage>
    <p0826-teimww:hasText knoraType="richtext_value">[Richard:] Go, gentlemen, every man unto his charge. &lt;br&gt;
Let not our babbling dreams affright our souls.&lt;br&gt;
&lt;span class="quote"&gt;Conscience is but a word that cowards use,&lt;/span&gt;&lt;br&gt;
Devised at first to keep the strong in awe. &lt;br&gt;</p0826-teimww:hasText>
    <p0826-teimww:isMentionedIn>
      <p0826-teimww:passage knoraType="link_value" linkType="ref" target="ww_714aec2f005decd7"/>
    </p0826-teimww:isMentionedIn>
    <p0826-teimww:occursIn>
      <p0826-teimww:book knoraType="link_value" linkType="ref" target="ww_a70c78f7c2563c1d"/>
    </p0826-teimww:occursIn>
    <p0826-teimww:wasContributedBy>
      <p0826-teimww:person knoraType="link_value" linkType="ref" target="ww_c4063e9c72a3ffd2"/>
    </p0826-teimww:wasContributedBy>
  </p0826-teimww:passage>
  <p0826-teimww:passage id="ww_714aec2f005decd7">
    <knoraXmlImport:label>passage</knoraXmlImport:label>
    <p0826-teimww:occursIn>
      <p0826-teimww:book knoraType="link_value" linkType="ref" target="ww_55bc1a3b04bf8a8d"/>
    </p0826-teimww:occursIn>
  </p0826-teimww:passage>
  <p0826-teimww:passage id="ww_99f59b7622b7f2e0">
    <knoraXmlImport:label>passage</knoraXmlImport:label>
    <p0826-teimww:contains>
      <p0826-teimww:lexia knoraType="link_value" linkType="ref" target="ww_143e4d42e0ca1328"/>
    </p0826-teimww:contains>
    <p0826-teimww:hasPage knoraType="richtext_value">Act 1, scene 3, line 242.</p0826-teimww:hasPage>
    <p0826-teimww:hasText knoraType="richtext_value">[Gaunt:] &lt;span class="quote"&gt;Things sweet to taste prove in digestion sour.&lt;/span&gt;</p0826-teimww:hasText>
    <p0826-teimww:isMentionedIn>
      <p0826-teimww:passage knoraType="link_value" linkType="ref" target="ww_ea940149b13dc021"/>
    </p0826-teimww:isMentionedIn>
    <p0826-teimww:occursIn>
      <p0826-teimww:book knoraType="link_value" linkType="ref" target="ww_c8e25bef891b5536"/>
    </p0826-teimww:occursIn>
    <p0826-teimww:wasContributedBy>
      <p0826-teimww:person knoraType="link_value" linkType="ref" target="ww_c4063e9c72a3ffd2"/>
    </p0826-teimww:wasContributedBy>
  </p0826-teimww:passage>
  <p0826-teimww:passage id="ww_ea940149b13dc021">
    <knoraXmlImport:label>passage</knoraXmlImport:label>
    <p0826-teimww:occursIn>
      <p0826-teimww:book knoraType="link_value" linkType="ref" target="ww_1346944d637cbc76"/>
    </p0826-teimww:occursIn>
  </p0826-teimww:passage>
  <p0826-teimww:passage id="ww_c4f47388a55f154b">
    <knoraXmlImport:label>passage</knoraXmlImport:label>
    <p0826-teimww:contains>
      <p0826-teimww:lexia knoraType="link_value" linkType="ref" target="ww_858198d76f516310"/>
    </p0826-teimww:contains>
    <p0826-teimww:hasPage knoraType="richtext_value">Act 4, scene 2, line 81.</p0826-teimww:hasPage>
    <p0826-teimww:hasText knoraType="richtext_value">[Richard:] Thou sing’st sweet music. Hark, come hither, Tyrrel.&lt;br&gt;
Go, by this token. Rise, and lend thine ear.&lt;br&gt;
&lt;span class="quote"&gt;There is no more but so. &lt;/span&gt;Say it is done, &lt;br&gt;
And I will love thee and prefer thee for it.</p0826-teimww:hasText>
    <p0826-teimww:isMentionedIn>
      <p0826-teimww:passage knoraType="link_value" linkType="ref" target="ww_5a4f4c00763cb2e6"/>
    </p0826-teimww:isMentionedIn>
    <p0826-teimww:occursIn>
      <p0826-teimww:book knoraType="link_value" linkType="ref" target="ww_a70c78f7c2563c1d"/>
    </p0826-teimww:occursIn>
    <p0826-teimww:wasContributedBy>
      <p0826-teimww:person knoraType="link_value" linkType="ref" target="ww_c4063e9c72a3ffd2"/>
    </p0826-teimww:wasContributedBy>
  </p0826-teimww:passage>
  <p0826-teimww:passage id="ww_5a4f4c00763cb2e6">
    <knoraXmlImport:label>passage</knoraXmlImport:label>
    <p0826-teimww:occursIn>
      <p0826-teimww:book knoraType="link_value" linkType="ref" target="ww_b3931845d54b98d5"/>
    </p0826-teimww:occursIn>
  </p0826-teimww:passage>
  <p0826-teimww:passage id="ww_3c24c61bfe578994">
    <knoraXmlImport:label>passage</knoraXmlImport:label>
    <p0826-teimww:contains>
      <p0826-teimww:lexia knoraType="link_value" linkType="ref" target="ww_d0d70e1ed0d1472b"/>
    </p0826-teimww:contains>
    <p0826-teimww:hasPage knoraType="richtext_value">Act 1, scene 3, line 323.</p0826-teimww:hasPage>
    <p0826-teimww:hasText knoraType="richtext_value">[Buckingham:] &lt;span class="quote"&gt;My hair doth stand an end &lt;/span&gt;to hear her curses.</p0826-teimww:hasText>
    <p0826-teimww:isMentionedIn>
      <p0826-teimww:passage knoraType="link_value" linkType="ref" target="ww_807bf447c7b2282d"/>
    </p0826-teimww:isMentionedIn>
    <p0826-teimww:occursIn>
      <p0826-teimww:book knoraType="link_value" linkType="ref" target="ww_a70c78f7c2563c1d"/>
    </p0826-teimww:occursIn>
    <p0826-teimww:wasContributedBy>
      <p0826-teimww:person knoraType="link_value" linkType="ref" target="ww_5fbb1eab1b30dfee"/>
    </p0826-teimww:wasContributedBy>
  </p0826-teimww:passage>
  <p0826-teimww:passage id="ww_807bf447c7b2282d">
    <knoraXmlImport:label>passage</knoraXmlImport:label>
    <p0826-teimww:occursIn>
      <p0826-teimww:book knoraType="link_value" linkType="ref" target="ww_3e15ab6c612eadae"/>
    </p0826-teimww:occursIn>
  </p0826-teimww:passage>
  <p0826-teimww:passage id="ww_99f2e8ee0e886305">
    <knoraXmlImport:label>passage</knoraXmlImport:label>
    <p0826-teimww:contains>
      <p0826-teimww:lexia knoraType="link_value" linkType="ref" target="ww_e9843e2347bb3ba2"/>
    </p0826-teimww:contains>
    <p0826-teimww:hasText knoraType="richtext_value">To the most honoured and virtuous, &lt;span class="quote"&gt;beautified&lt;/span&gt; lady, the lady Elizabeth Carey</p0826-teimww:hasText>
    <p0826-teimww:hasTextHist knoraType="richtext_value">To the most honored, and vertvuovs beavtified ladie the ladie Elizabeth Carey</p0826-teimww:hasTextHist>
    <p0826-teimww:isMentionedIn>
      <p0826-teimww:passage knoraType="link_value" linkType="ref" target="ww_4a9a97919c2e1a73"/>
    </p0826-teimww:isMentionedIn>
    <p0826-teimww:occursIn>
      <p0826-teimww:book knoraType="link_value" linkType="ref" target="ww_c81f995a09baa142"/>
    </p0826-teimww:occursIn>
    <p0826-teimww:wasContributedBy>
      <p0826-teimww:person knoraType="link_value" linkType="ref" target="ww_c4063e9c72a3ffd2"/>
    </p0826-teimww:wasContributedBy>
  </p0826-teimww:passage>
  <p0826-teimww:passage id="ww_4a9a97919c2e1a73">
    <knoraXmlImport:label>passage</knoraXmlImport:label>
    <p0826-teimww:occursIn>
      <p0826-teimww:book knoraType="link_value" linkType="ref" target="ww_b3931845d54b98d5"/>
    </p0826-teimww:occursIn>
  </p0826-teimww:passage>
  <p0826-teimww:passage id="ww_aa99fe97b00483e9">
    <knoraXmlImport:label>passage</knoraXmlImport:label>
    <p0826-teimww:contains>
      <p0826-teimww:lexia knoraType="link_value" linkType="ref" target="ww_20574c4ef8e02ea1"/>
    </p0826-teimww:contains>
    <p0826-teimww:hasPage knoraType="richtext_value">Act 5, scene 3, lines 290-293.</p0826-teimww:hasPage>
    <p0826-teimww:hasText knoraType="richtext_value">[Richard:] He was the right, and so indeed it is.&lt;br&gt;
Tell the clock there. Give me a calendar. &lt;br&gt;
Who saw &lt;span class="quote"&gt;the sun today?&lt;br&gt;&lt;/span&gt;
[Ratcliffe:] &lt;span class="quote"&gt;Not I, &lt;/span&gt;my lord.</p0826-teimww:hasText>
    <p0826-teimww:isMentionedIn>
      <p0826-teimww:passage knoraType="link_value" linkType="ref" target="ww_4977064008e32e77"/>
    </p0826-teimww:isMentionedIn>
    <p0826-teimww:occursIn>
      <p0826-teimww:book knoraType="link_value" linkType="ref" target="ww_a70c78f7c2563c1d"/>
    </p0826-teimww:occursIn>
    <p0826-teimww:wasContributedBy>
      <p0826-teimww:person knoraType="link_value" linkType="ref" target="ww_c4063e9c72a3ffd2"/>
    </p0826-teimww:wasContributedBy>
  </p0826-teimww:passage>
  <p0826-teimww:passage id="ww_4977064008e32e77">
    <knoraXmlImport:label>passage</knoraXmlImport:label>
    <p0826-teimww:occursIn>
      <p0826-teimww:book knoraType="link_value" linkType="ref" target="ww_5af91280461707f1"/>
    </p0826-teimww:occursIn>
  </p0826-teimww:passage>
  <p0826-teimww:passage id="ww_e183d4f00814614b">
    <knoraXmlImport:label>passage</knoraXmlImport:label>
    <p0826-teimww:contains>
      <p0826-teimww:lexia knoraType="link_value" linkType="ref" target="ww_12a635b962f69fb1"/>
    </p0826-teimww:contains>
    <p0826-teimww:hasPage knoraType="richtext_value">Act 5, scene 5, lines 25-26.</p0826-teimww:hasPage>
    <p0826-teimww:hasText knoraType="richtext_value">[Richmond:] &lt;span class="quote"&gt;The father rashly slaughtered his own son; &lt;br&gt;
The son, compelled, been butcher to the sire.&lt;/span&gt;</p0826-teimww:hasText>
    <p0826-teimww:isMentionedIn>
      <p0826-teimww:passage knoraType="link_value" linkType="ref" target="ww_0c7562b072b7907e"/>
    </p0826-teimww:isMentionedIn>
    <p0826-teimww:occursIn>
      <p0826-teimww:book knoraType="link_value" linkType="ref" target="ww_a70c78f7c2563c1d"/>
    </p0826-teimww:occursIn>
    <p0826-teimww:wasContributedBy>
      <p0826-teimww:person knoraType="link_value" linkType="ref" target="ww_7f35f6802efd910d"/>
    </p0826-teimww:wasContributedBy>
  </p0826-teimww:passage>
  <p0826-teimww:passage id="ww_8a7f68cac7685251">
    <knoraXmlImport:label>passage</knoraXmlImport:label>
    <p0826-teimww:contains>
      <p0826-teimww:lexia knoraType="link_value" linkType="ref" target="ww_e716a98df34f3a2b"/>
    </p0826-teimww:contains>
    <p0826-teimww:hasPage knoraType="richtext_value">Act 5, scene 3, lines 189-191.</p0826-teimww:hasPage>
    <p0826-teimww:hasText knoraType="richtext_value">[Richard:] Give me another horse! Bind up my wounds! &lt;br&gt;
Have mercy, Jesu! - Soft, I did but dream.&lt;br&gt;
&lt;span class="quote"&gt;O coward conscience, &lt;/span&gt;how dost thou afflict me! </p0826-teimww:hasText>
    <p0826-teimww:isMentionedIn>
      <p0826-teimww:passage knoraType="link_value" linkType="ref" target="ww_e0c5e1a9bf8c3fcc"/>
    </p0826-teimww:isMentionedIn>
    <p0826-teimww:occursIn>
      <p0826-teimww:book knoraType="link_value" linkType="ref" target="ww_a70c78f7c2563c1d"/>
    </p0826-teimww:occursIn>
    <p0826-teimww:wasContributedBy>
      <p0826-teimww:person knoraType="link_value" linkType="ref" target="ww_c4063e9c72a3ffd2"/>
    </p0826-teimww:wasContributedBy>
  </p0826-teimww:passage>
  <p0826-teimww:passage id="ww_e0c5e1a9bf8c3fcc">
    <knoraXmlImport:label>passage</knoraXmlImport:label>
    <p0826-teimww:occursIn>
      <p0826-teimww:book knoraType="link_value" linkType="ref" target="ww_55bc1a3b04bf8a8d"/>
    </p0826-teimww:occursIn>
  </p0826-teimww:passage>
  <p0826-teimww:passage id="ww_424253a2963de103">
    <knoraXmlImport:label>passage</knoraXmlImport:label>
    <p0826-teimww:contains>
      <p0826-teimww:lexia knoraType="link_value" linkType="ref" target="ww_8d5932e3f3a9b6ca"/>
    </p0826-teimww:contains>
    <p0826-teimww:hasPage knoraType="richtext_value">Act 4, scene 4, lines 28-32.</p0826-teimww:hasPage>
    <p0826-teimww:hasText knoraType="richtext_value">[Duchess:] Dead life, blind sight, poor mortal living ghost,&lt;br&gt;
Woe’s scene, world’s shame, grave’s due by life
usurped,&lt;br&gt;
&lt;span class="quote"&gt;Brief abstract and record of tedious days,&lt;br&gt;&lt;/span&gt;
Rest thy unrest on England’s lawful earth,&lt;br&gt;
Unlawfully made drunk with innocent blood.</p0826-teimww:hasText>
    <p0826-teimww:isMentionedIn>
      <p0826-teimww:passage knoraType="link_value" linkType="ref" target="ww_f4c946b82ac39319"/>
    </p0826-teimww:isMentionedIn>
    <p0826-teimww:occursIn>
      <p0826-teimww:book knoraType="link_value" linkType="ref" target="ww_a70c78f7c2563c1d"/>
    </p0826-teimww:occursIn>
    <p0826-teimww:wasContributedBy>
      <p0826-teimww:person knoraType="link_value" linkType="ref" target="ww_c4063e9c72a3ffd2"/>
    </p0826-teimww:wasContributedBy>
  </p0826-teimww:passage>
  <p0826-teimww:passage id="ww_f4c946b82ac39319">
    <knoraXmlImport:label>passage</knoraXmlImport:label>
    <p0826-teimww:occursIn>
      <p0826-teimww:book knoraType="link_value" linkType="ref" target="ww_b3931845d54b98d5"/>
    </p0826-teimww:occursIn>
  </p0826-teimww:passage>
  <p0826-teimww:passage id="ww_51c5ddb7baff7fe2">
    <knoraXmlImport:label>passage</knoraXmlImport:label>
    <p0826-teimww:contains>
      <p0826-teimww:lexia knoraType="link_value" linkType="ref" target="ww_2fc47f4282e51a25"/>
    </p0826-teimww:contains>
    <p0826-teimww:hasPage knoraType="richtext_value">N.p.; lines 280-286 [normalised spelling].</p0826-teimww:hasPage>
    <p0826-teimww:hasPageHist knoraType="richtext_value">N.p.; lines 280-286.</p0826-teimww:hasPageHist>
    <p0826-teimww:hasText knoraType="richtext_value">I have a fine bow, and an ivory arrow: &lt;br&gt;
And if thou miss, yet meat thou shalt lack, &lt;br&gt;
I'll hang a bag and bottle at thy back. &lt;br&gt; &lt;br&gt;

&lt;span class="quote"&gt;Wilt thou set springs in a frosty Night, &lt;br&gt;
To catch the long-billed Woodcock&lt;/span&gt; and the Snipe? &lt;br&gt;
(By the bright glimmering of the Starry light) &lt;br&gt;
The Partridge, Phaesant, or the greedy Crype?</p0826-teimww:hasText>
    <p0826-teimww:hasTextHist knoraType="richtext_value">I haue a fine bowe, and an yuorie arrow: &lt;br&gt;
And if thou misse, yet meate thou shalt lacke, &lt;br&gt;
Ile hang a bag and bottle at thy backe. &lt;br&gt; &lt;br&gt;

&lt;span class="quote"&gt;Wilt thou set springes in a frostie Night, &lt;br&gt;
To catch the long-billd Woodcocke&lt;/span&gt; and the Snype? &lt;br&gt;
(By the bright glimmering of the Starrie light) &lt;br&gt;
The Partridge, Phaesant, or the greedie Crype?</p0826-teimww:hasTextHist>
    <p0826-teimww:isMentionedIn>
      <p0826-teimww:passage knoraType="link_value" linkType="ref" target="ww_3b4ab76ca438a33a"/>
    </p0826-teimww:isMentionedIn>
    <p0826-teimww:occursIn>
      <p0826-teimww:book knoraType="link_value" linkType="ref" target="ww_9d0b02a61888dad4"/>
    </p0826-teimww:occursIn>
    <p0826-teimww:wasContributedBy>
      <p0826-teimww:person knoraType="link_value" linkType="ref" target="ww_b05ab3db9fd9054a"/>
    </p0826-teimww:wasContributedBy>
  </p0826-teimww:passage>
  <p0826-teimww:passage id="ww_408682c9d5a7663e">
    <knoraXmlImport:label>passage</knoraXmlImport:label>
    <p0826-teimww:contains>
      <p0826-teimww:lexia knoraType="link_value" linkType="ref" target="ww_348da10254b0ca24"/>
    </p0826-teimww:contains>
    <p0826-teimww:hasPage knoraType="richtext_value">178.</p0826-teimww:hasPage>
    <p0826-teimww:hasText knoraType="richtext_value">&lt;span class="quote"&gt;Bonny Sweet Robin&lt;/span&gt;</p0826-teimww:hasText>
    <p0826-teimww:isMentionedIn>
      <p0826-teimww:passage knoraType="link_value" linkType="ref" target="ww_dd085c2669b41135"/>
    </p0826-teimww:isMentionedIn>
    <p0826-teimww:occursIn>
      <p0826-teimww:book knoraType="link_value" linkType="ref" target="ww_05a629a7b774cea6"/>
    </p0826-teimww:occursIn>
    <p0826-teimww:wasContributedBy>
      <p0826-teimww:person knoraType="link_value" linkType="ref" target="ww_c4063e9c72a3ffd2"/>
    </p0826-teimww:wasContributedBy>
  </p0826-teimww:passage>
  <p0826-teimww:passage id="ww_dd085c2669b41135">
    <knoraXmlImport:label>passage</knoraXmlImport:label>
    <p0826-teimww:occursIn>
      <p0826-teimww:book knoraType="link_value" linkType="ref" target="ww_0dd5e309103973fb"/>
    </p0826-teimww:occursIn>
  </p0826-teimww:passage>
  <p0826-teimww:passage id="ww_4768ac7bc48afa7e">
    <knoraXmlImport:label>passage</knoraXmlImport:label>
    <p0826-teimww:contains>
      <p0826-teimww:lexia knoraType="link_value" linkType="ref" target="ww_2525a28a47f2320e"/>
    </p0826-teimww:contains>
    <p0826-teimww:hasPage knoraType="richtext_value">M7 recto [normalized spelling].</p0826-teimww:hasPage>
    <p0826-teimww:hasPageHist knoraType="richtext_value">M7 recto.</p0826-teimww:hasPageHist>
    <p0826-teimww:hasText knoraType="richtext_value">[...] because they fear not death, they should fear &lt;span class="quote"&gt;something after death&lt;/span&gt; [...].</p0826-teimww:hasText>
    <p0826-teimww:hasTextHist knoraType="richtext_value">[...] because they feare not death, they sholde feare &lt;span class="quote"&gt;somethinge after death&lt;/span&gt; [...].</p0826-teimww:hasTextHist>
    <p0826-teimww:isMentionedIn>
      <p0826-teimww:passage knoraType="link_value" linkType="ref" target="ww_b6144d102173e195"/>
    </p0826-teimww:isMentionedIn>
    <p0826-teimww:occursIn>
      <p0826-teimww:book knoraType="link_value" linkType="ref" target="ww_9f7146452fc1243e"/>
    </p0826-teimww:occursIn>
    <p0826-teimww:wasContributedBy>
      <p0826-teimww:person knoraType="link_value" linkType="ref" target="ww_c4063e9c72a3ffd2"/>
    </p0826-teimww:wasContributedBy>
  </p0826-teimww:passage>
  <p0826-teimww:passage id="ww_b6144d102173e195">
    <knoraXmlImport:label>passage</knoraXmlImport:label>
    <p0826-teimww:occursIn>
      <p0826-teimww:book knoraType="link_value" linkType="ref" target="ww_91e0dc4c671938fa"/>
    </p0826-teimww:occursIn>
  </p0826-teimww:passage>
  <p0826-teimww:passage id="ww_3abc480d4071fad6">
    <knoraXmlImport:label>passage</knoraXmlImport:label>
    <p0826-teimww:contains>
      <p0826-teimww:lexia knoraType="link_value" linkType="ref" target="ww_8c043c2dc3eb41fc"/>
    </p0826-teimww:contains>
    <p0826-teimww:hasPage knoraType="richtext_value">Lines 615-616.</p0826-teimww:hasPage>
    <p0826-teimww:hasText knoraType="richtext_value">For &lt;span class="quote"&gt;princes are the glass, the school, the book,  &lt;br&gt;&lt;/span&gt;
Where subjects' eyes do learn, do read, do look.</p0826-teimww:hasText>
    <p0826-teimww:isMentionedIn>
      <p0826-teimww:passage knoraType="link_value" linkType="ref" target="ww_9d9ef2bcb8681397"/>
    </p0826-teimww:isMentionedIn>
    <p0826-teimww:isMentionedIn>
      <p0826-teimww:passage knoraType="link_value" linkType="ref" target="ww_414bbc98e895f95d"/>
    </p0826-teimww:isMentionedIn>
    <p0826-teimww:occursIn>
      <p0826-teimww:book knoraType="link_value" linkType="ref" target="ww_0d665e488e8f55e8"/>
    </p0826-teimww:occursIn>
    <p0826-teimww:wasContributedBy>
      <p0826-teimww:person knoraType="link_value" linkType="ref" target="ww_c4063e9c72a3ffd2"/>
    </p0826-teimww:wasContributedBy>
  </p0826-teimww:passage>
  <p0826-teimww:passage id="ww_9d9ef2bcb8681397">
    <knoraXmlImport:label>passage</knoraXmlImport:label>
    <p0826-teimww:occursIn>
      <p0826-teimww:book knoraType="link_value" linkType="ref" target="ww_1140c36ab545b6d8"/>
    </p0826-teimww:occursIn>
  </p0826-teimww:passage>
  <p0826-teimww:passage id="ww_414bbc98e895f95d">
    <knoraXmlImport:label>passage</knoraXmlImport:label>
    <p0826-teimww:occursIn>
      <p0826-teimww:book knoraType="link_value" linkType="ref" target="ww_15dba62495527dd5"/>
    </p0826-teimww:occursIn>
  </p0826-teimww:passage>
  <p0826-teimww:passage id="ww_30de87d3246ed93d">
    <knoraXmlImport:label>passage</knoraXmlImport:label>
    <p0826-teimww:contains>
      <p0826-teimww:lexia knoraType="link_value" linkType="ref" target="ww_463654dfb9d6a551"/>
    </p0826-teimww:contains>
    <p0826-teimww:contains>
      <p0826-teimww:lexia knoraType="link_value" linkType="ref" target="ww_295cdf401c4f03ad"/>
    </p0826-teimww:contains>
    <p0826-teimww:hasPage knoraType="richtext_value">251 [normalized spelling].</p0826-teimww:hasPage>
    <p0826-teimww:hasPageHist knoraType="richtext_value">251.</p0826-teimww:hasPageHist>
    <p0826-teimww:hasText knoraType="richtext_value">A most vain thing it is in many universities at this day, that they count him excellent eloquent, who stealeth not whole phrases but whole &lt;span class="quote"&gt;pages out of &lt;i&gt;Tully&lt;/i&gt;. &lt;/span&gt;If of a number of shreds of his sentences he can shape an oration, from all the world he &lt;span class="quote"&gt;carries it away&lt;/span&gt;, although in truth it be no more than a fool's coat of many colours.</p0826-teimww:hasText>
    <p0826-teimww:hasTextHist knoraType="richtext_value">A most vaine thing it is in many vniversities at this daie, that they count him excellent eloquent, who stealeth not whole phrases but whole pages out of &lt;i&gt;Tully&lt;/i&gt;. If of a number of shreds of his sentences he can shape an oration, from all the world he &lt;span class="quote"&gt;carries it awaie&lt;/span&gt;, although in truth it be no more than a fooles coat of many colours.</p0826-teimww:hasTextHist>
    <p0826-teimww:isMentionedIn>
      <p0826-teimww:passage knoraType="link_value" linkType="ref" target="ww_344d4bc485fc7468"/>
    </p0826-teimww:isMentionedIn>
    <p0826-teimww:occursIn>
      <p0826-teimww:book knoraType="link_value" linkType="ref" target="ww_2df21bfefce592b6"/>
    </p0826-teimww:occursIn>
    <p0826-teimww:wasContributedBy>
      <p0826-teimww:person knoraType="link_value" linkType="ref" target="ww_5fbb1eab1b30dfee"/>
    </p0826-teimww:wasContributedBy>
  </p0826-teimww:passage>
  <p0826-teimww:passage id="ww_344d4bc485fc7468">
    <knoraXmlImport:label>passage</knoraXmlImport:label>
    <p0826-teimww:occursIn>
      <p0826-teimww:book knoraType="link_value" linkType="ref" target="ww_b3931845d54b98d5"/>
    </p0826-teimww:occursIn>
  </p0826-teimww:passage>
  <p0826-teimww:passage id="ww_06b1a59be68c2615">
    <knoraXmlImport:label>passage</knoraXmlImport:label>
    <p0826-teimww:contains>
      <p0826-teimww:lexia knoraType="link_value" linkType="ref" target="ww_0bfd10a2647331e3"/>
    </p0826-teimww:contains>
    <p0826-teimww:hasPage knoraType="richtext_value">Act 2, scene 4, lines 93-95.</p0826-teimww:hasPage>
    <p0826-teimww:hasText knoraType="richtext_value">[Mercutio:] For this driveling love is like a great natural that runs lolling up and down &lt;span class="quote"&gt;to hide his bauble in a hole.&lt;/span&gt;</p0826-teimww:hasText>
    <p0826-teimww:isMentionedIn>
      <p0826-teimww:passage knoraType="link_value" linkType="ref" target="ww_bf86d73b48571810"/>
    </p0826-teimww:isMentionedIn>
    <p0826-teimww:occursIn>
      <p0826-teimww:book knoraType="link_value" linkType="ref" target="ww_dfd8d9b13312aac6"/>
    </p0826-teimww:occursIn>
    <p0826-teimww:wasContributedBy>
      <p0826-teimww:person knoraType="link_value" linkType="ref" target="ww_7f35f6802efd910d"/>
    </p0826-teimww:wasContributedBy>
  </p0826-teimww:passage>
  <p0826-teimww:passage id="ww_bf86d73b48571810">
    <knoraXmlImport:label>passage</knoraXmlImport:label>
    <p0826-teimww:occursIn>
      <p0826-teimww:book knoraType="link_value" linkType="ref" target="ww_0f0f2ccb24fa3b96"/>
    </p0826-teimww:occursIn>
  </p0826-teimww:passage>
  <p0826-teimww:passage id="ww_60259cd3a1ff2259">
    <knoraXmlImport:label>passage</knoraXmlImport:label>
    <p0826-teimww:contains>
      <p0826-teimww:lexia knoraType="link_value" linkType="ref" target="ww_39fb2cdcb9a99a7b"/>
    </p0826-teimww:contains>
    <p0826-teimww:hasPage knoraType="richtext_value">Act 2, scene 2, lines 67-70.</p0826-teimww:hasPage>
    <p0826-teimww:hasText knoraType="richtext_value">[Juliet:] How camest thou hither, tell me, and wherefore?&lt;br&gt;
The orchard walls are high and hard to climb,&lt;br&gt;
And &lt;span class="quote"&gt;the place death, considering who thou art, &lt;br&gt;
If any of my kinsmen find thee here.&lt;/span&gt;</p0826-teimww:hasText>
    <p0826-teimww:isMentionedIn>
      <p0826-teimww:passage knoraType="link_value" linkType="ref" target="ww_b2e8af333f5f0a1f"/>
    </p0826-teimww:isMentionedIn>
    <p0826-teimww:occursIn>
      <p0826-teimww:book knoraType="link_value" linkType="ref" target="ww_dfd8d9b13312aac6"/>
    </p0826-teimww:occursIn>
    <p0826-teimww:wasContributedBy>
      <p0826-teimww:person knoraType="link_value" linkType="ref" target="ww_c4063e9c72a3ffd2"/>
    </p0826-teimww:wasContributedBy>
  </p0826-teimww:passage>
  <p0826-teimww:passage id="ww_cd801832b2f51499">
    <knoraXmlImport:label>passage</knoraXmlImport:label>
    <p0826-teimww:contains>
      <p0826-teimww:lexia knoraType="link_value" linkType="ref" target="ww_c7808384af6e58f6"/>
    </p0826-teimww:contains>
    <p0826-teimww:hasPage knoraType="richtext_value">Act 3, scene 2, lines 93-94.</p0826-teimww:hasPage>
    <p0826-teimww:hasText knoraType="richtext_value">[Nurse:] There's &lt;span class="quote"&gt;no trust &lt;br&gt;
No faith, no honesty in men.&lt;/span&gt;</p0826-teimww:hasText>
    <p0826-teimww:isMentionedIn>
      <p0826-teimww:passage knoraType="link_value" linkType="ref" target="ww_59b41a2460ef9a82"/>
    </p0826-teimww:isMentionedIn>
    <p0826-teimww:occursIn>
      <p0826-teimww:book knoraType="link_value" linkType="ref" target="ww_dfd8d9b13312aac6"/>
    </p0826-teimww:occursIn>
    <p0826-teimww:wasContributedBy>
      <p0826-teimww:person knoraType="link_value" linkType="ref" target="ww_c4063e9c72a3ffd2"/>
    </p0826-teimww:wasContributedBy>
  </p0826-teimww:passage>
  <p0826-teimww:passage id="ww_59b41a2460ef9a82">
    <knoraXmlImport:label>passage</knoraXmlImport:label>
    <p0826-teimww:occursIn>
      <p0826-teimww:book knoraType="link_value" linkType="ref" target="ww_1140c36ab545b6d8"/>
    </p0826-teimww:occursIn>
  </p0826-teimww:passage>
  <p0826-teimww:passage id="ww_69f138786882781e">
    <knoraXmlImport:label>passage</knoraXmlImport:label>
    <p0826-teimww:contains>
      <p0826-teimww:lexia knoraType="link_value" linkType="ref" target="ww_39b9f97ca8cb9329"/>
    </p0826-teimww:contains>
    <p0826-teimww:hasPage knoraType="richtext_value">Act 1, scene 3, lines 163-167.</p0826-teimww:hasPage>
    <p0826-teimww:hasText knoraType="richtext_value">[Mowbray:] [...] &lt;span class="quote"&gt;And now my tongue's use is to me no more&lt;br&gt;
Than an unstringèd viol or a harp, up &lt;br&gt;
Or, being open, put into his hands &lt;br&gt;
That knows no touch to tune the harmony.&lt;/span&gt;</p0826-teimww:hasText>
    <p0826-teimww:isMentionedIn>
      <p0826-teimww:passage knoraType="link_value" linkType="ref" target="ww_f333b4f17831a215"/>
    </p0826-teimww:isMentionedIn>
    <p0826-teimww:occursIn>
      <p0826-teimww:book knoraType="link_value" linkType="ref" target="ww_c8e25bef891b5536"/>
    </p0826-teimww:occursIn>
    <p0826-teimww:wasContributedBy>
      <p0826-teimww:person knoraType="link_value" linkType="ref" target="ww_c4063e9c72a3ffd2"/>
    </p0826-teimww:wasContributedBy>
  </p0826-teimww:passage>
  <p0826-teimww:passage id="ww_f333b4f17831a215">
    <knoraXmlImport:label>passage</knoraXmlImport:label>
    <p0826-teimww:occursIn>
      <p0826-teimww:book knoraType="link_value" linkType="ref" target="ww_b3931845d54b98d5"/>
    </p0826-teimww:occursIn>
  </p0826-teimww:passage>
  <p0826-teimww:passage id="ww_77e194482ee6f799">
    <knoraXmlImport:label>passage</knoraXmlImport:label>
    <p0826-teimww:contains>
      <p0826-teimww:lexia knoraType="link_value" linkType="ref" target="ww_5ce35ce112c9c5bf"/>
    </p0826-teimww:contains>
    <p0826-teimww:hasPage knoraType="richtext_value">Act 4, scene 1, lines 238-239.</p0826-teimww:hasPage>
    <p0826-teimww:hasText knoraType="richtext_value">[Richard:] Must I do so? And &lt;span class="quote"&gt;must I ravel out &lt;br&gt;
My weaved-up follies?&lt;/span&gt;</p0826-teimww:hasText>
    <p0826-teimww:isMentionedIn>
      <p0826-teimww:passage knoraType="link_value" linkType="ref" target="ww_b3b630d6856e111e"/>
    </p0826-teimww:isMentionedIn>
    <p0826-teimww:occursIn>
      <p0826-teimww:book knoraType="link_value" linkType="ref" target="ww_c8e25bef891b5536"/>
    </p0826-teimww:occursIn>
    <p0826-teimww:wasContributedBy>
      <p0826-teimww:person knoraType="link_value" linkType="ref" target="ww_c4063e9c72a3ffd2"/>
    </p0826-teimww:wasContributedBy>
  </p0826-teimww:passage>
  <p0826-teimww:passage id="ww_b3b630d6856e111e">
    <knoraXmlImport:label>passage</knoraXmlImport:label>
    <p0826-teimww:occursIn>
      <p0826-teimww:book knoraType="link_value" linkType="ref" target="ww_b3931845d54b98d5"/>
    </p0826-teimww:occursIn>
  </p0826-teimww:passage>
  <p0826-teimww:passage id="ww_c50a1a69817880e1">
    <knoraXmlImport:label>passage</knoraXmlImport:label>
    <p0826-teimww:contains>
      <p0826-teimww:lexia knoraType="link_value" linkType="ref" target="ww_6e673dceb0c4fdef"/>
    </p0826-teimww:contains>
    <p0826-teimww:hasPage knoraType="richtext_value">Act 4, scene 1, line 279.</p0826-teimww:hasPage>
    <p0826-teimww:hasText knoraType="richtext_value">[Bolingbroke:] &lt;span class="quote"&gt;Go, some of you, and fetch a looking-glass.&lt;/span&gt;</p0826-teimww:hasText>
    <p0826-teimww:isMentionedIn>
      <p0826-teimww:passage knoraType="link_value" linkType="ref" target="ww_02f6ce1002303b41"/>
    </p0826-teimww:isMentionedIn>
    <p0826-teimww:occursIn>
      <p0826-teimww:book knoraType="link_value" linkType="ref" target="ww_c8e25bef891b5536"/>
    </p0826-teimww:occursIn>
    <p0826-teimww:wasContributedBy>
      <p0826-teimww:person knoraType="link_value" linkType="ref" target="ww_c4063e9c72a3ffd2"/>
    </p0826-teimww:wasContributedBy>
  </p0826-teimww:passage>
  <p0826-teimww:passage id="ww_02f6ce1002303b41">
    <knoraXmlImport:label>passage</knoraXmlImport:label>
    <p0826-teimww:occursIn>
      <p0826-teimww:book knoraType="link_value" linkType="ref" target="ww_b3931845d54b98d5"/>
    </p0826-teimww:occursIn>
  </p0826-teimww:passage>
  <p0826-teimww:passage id="ww_a17192d6d4852db1">
    <knoraXmlImport:label>passage</knoraXmlImport:label>
    <p0826-teimww:contains>
      <p0826-teimww:lexia knoraType="link_value" linkType="ref" target="ww_313e6e29c41f3c83"/>
    </p0826-teimww:contains>
    <p0826-teimww:hasPage knoraType="richtext_value">Act 1, scene 1, lines 71-73 and act 5, scene 3, line 70.</p0826-teimww:hasPage>
    <p0826-teimww:hasText knoraType="richtext_value">[Tybalt:] What, drawn and talk of peace? I hate the word &lt;br&gt;
As I hate hell, all Montagues, and thee. &lt;br&gt;
&lt;span class="quote"&gt;Have at thee, coward!&lt;/span&gt;&lt;br&gt;
&lt;br&gt;
[Romeo:] Wilt thou provoke me? &lt;span class="quote"&gt;Then have at thee, boy!&lt;/span&gt;</p0826-teimww:hasText>
    <p0826-teimww:isMentionedIn>
      <p0826-teimww:passage knoraType="link_value" linkType="ref" target="ww_84c67e378fb04443"/>
    </p0826-teimww:isMentionedIn>
    <p0826-teimww:occursIn>
      <p0826-teimww:book knoraType="link_value" linkType="ref" target="ww_dfd8d9b13312aac6"/>
    </p0826-teimww:occursIn>
    <p0826-teimww:wasContributedBy>
      <p0826-teimww:person knoraType="link_value" linkType="ref" target="ww_c4063e9c72a3ffd2"/>
    </p0826-teimww:wasContributedBy>
  </p0826-teimww:passage>
  <p0826-teimww:passage id="ww_84c67e378fb04443">
    <knoraXmlImport:label>passage</knoraXmlImport:label>
    <p0826-teimww:occursIn>
      <p0826-teimww:book knoraType="link_value" linkType="ref" target="ww_b3931845d54b98d5"/>
    </p0826-teimww:occursIn>
  </p0826-teimww:passage>
  <p0826-teimww:passage id="ww_628380e30f4c3698">
    <knoraXmlImport:label>passage</knoraXmlImport:label>
    <p0826-teimww:contains>
      <p0826-teimww:lexia knoraType="link_value" linkType="ref" target="ww_ec149602d887f4b2"/>
    </p0826-teimww:contains>
    <p0826-teimww:hasPage knoraType="richtext_value">Act 1, scene 3, line 31.</p0826-teimww:hasPage>
    <p0826-teimww:hasText knoraType="richtext_value">[Nurse:] [...] &lt;span class="quote"&gt;I do bear a brain.&lt;/span&gt;</p0826-teimww:hasText>
    <p0826-teimww:isMentionedIn>
      <p0826-teimww:passage knoraType="link_value" linkType="ref" target="ww_855dc72d40064ba1"/>
    </p0826-teimww:isMentionedIn>
    <p0826-teimww:occursIn>
      <p0826-teimww:book knoraType="link_value" linkType="ref" target="ww_dfd8d9b13312aac6"/>
    </p0826-teimww:occursIn>
    <p0826-teimww:wasContributedBy>
      <p0826-teimww:person knoraType="link_value" linkType="ref" target="ww_c4063e9c72a3ffd2"/>
    </p0826-teimww:wasContributedBy>
  </p0826-teimww:passage>
  <p0826-teimww:passage id="ww_855dc72d40064ba1">
    <knoraXmlImport:label>passage</knoraXmlImport:label>
    <p0826-teimww:occursIn>
      <p0826-teimww:book knoraType="link_value" linkType="ref" target="ww_55bc1a3b04bf8a8d"/>
    </p0826-teimww:occursIn>
  </p0826-teimww:passage>
  <p0826-teimww:passage id="ww_4cd60c9d958685b4">
    <knoraXmlImport:label>passage</knoraXmlImport:label>
    <p0826-teimww:contains>
      <p0826-teimww:lexia knoraType="link_value" linkType="ref" target="ww_e279aadcbde5fbe9"/>
    </p0826-teimww:contains>
    <p0826-teimww:hasPage knoraType="richtext_value">Act 2, scene 4, lines 168-170.</p0826-teimww:hasPage>
    <p0826-teimww:hasText knoraType="richtext_value">[Nurse:] [...] if you should&lt;span class="quote"&gt; lead her into a fool's paradise, &lt;/span&gt;as they say, it were a very gross kind of behavior, as they say.</p0826-teimww:hasText>
    <p0826-teimww:isMentionedIn>
      <p0826-teimww:passage knoraType="link_value" linkType="ref" target="ww_8bb549710708cfdc"/>
    </p0826-teimww:isMentionedIn>
    <p0826-teimww:isMentionedIn>
      <p0826-teimww:passage knoraType="link_value" linkType="ref" target="ww_1c43402489c4ea02"/>
    </p0826-teimww:isMentionedIn>
    <p0826-teimww:occursIn>
      <p0826-teimww:book knoraType="link_value" linkType="ref" target="ww_dfd8d9b13312aac6"/>
    </p0826-teimww:occursIn>
    <p0826-teimww:wasContributedBy>
      <p0826-teimww:person knoraType="link_value" linkType="ref" target="ww_c4063e9c72a3ffd2"/>
    </p0826-teimww:wasContributedBy>
  </p0826-teimww:passage>
  <p0826-teimww:passage id="ww_1c43402489c4ea02">
    <knoraXmlImport:label>passage</knoraXmlImport:label>
    <p0826-teimww:occursIn>
      <p0826-teimww:book knoraType="link_value" linkType="ref" target="ww_67e1fbe9bd0f1b9d"/>
    </p0826-teimww:occursIn>
  </p0826-teimww:passage>
  <p0826-teimww:passage id="ww_f5a7054c0011149b">
    <knoraXmlImport:label>passage</knoraXmlImport:label>
    <p0826-teimww:contains>
      <p0826-teimww:lexia knoraType="link_value" linkType="ref" target="ww_23915d9aa51abe5e"/>
    </p0826-teimww:contains>
    <p0826-teimww:hasPage knoraType="richtext_value">Act 2, scene 1, lines 24-26.</p0826-teimww:hasPage>
    <p0826-teimww:hasText knoraType="richtext_value">[Romeo:] See how she leans her cheek upon her hand.&lt;br&gt;
&lt;span class="quote"&gt;O, that I were a glove upon that hand,&lt;br&gt;&lt;/span&gt;
That I might touch that cheek!</p0826-teimww:hasText>
    <p0826-teimww:isMentionedIn>
      <p0826-teimww:passage knoraType="link_value" linkType="ref" target="ww_3e91893747fa502f"/>
    </p0826-teimww:isMentionedIn>
    <p0826-teimww:occursIn>
      <p0826-teimww:book knoraType="link_value" linkType="ref" target="ww_dfd8d9b13312aac6"/>
    </p0826-teimww:occursIn>
    <p0826-teimww:wasContributedBy>
      <p0826-teimww:person knoraType="link_value" linkType="ref" target="ww_c4063e9c72a3ffd2"/>
    </p0826-teimww:wasContributedBy>
  </p0826-teimww:passage>
  <p0826-teimww:passage id="ww_3e91893747fa502f">
    <knoraXmlImport:label>passage</knoraXmlImport:label>
    <p0826-teimww:occursIn>
      <p0826-teimww:book knoraType="link_value" linkType="ref" target="ww_1140c36ab545b6d8"/>
    </p0826-teimww:occursIn>
  </p0826-teimww:passage>
  <p0826-teimww:passage id="ww_2f8ef1847c5631ab">
    <knoraXmlImport:label>passage</knoraXmlImport:label>
    <p0826-teimww:contains>
      <p0826-teimww:lexia knoraType="link_value" linkType="ref" target="ww_d434d632a2729cc7"/>
    </p0826-teimww:contains>
    <p0826-teimww:hasPage knoraType="richtext_value">Act 1, scene 3, lines 18-27.</p0826-teimww:hasPage>
    <p0826-teimww:hasText knoraType="richtext_value">[Nurse:] Even or odd, &lt;span class="quote"&gt;of all days in the year&lt;br&gt;&lt;/span&gt;
Come Lammas Eve at night shall she be fourteen. [...]&lt;br&gt;
And she was weaned (I never shall forget it) &lt;br&gt;
&lt;span class="quote"&gt;Of all the days of the year, upon that day. &lt;/span&gt;</p0826-teimww:hasText>
    <p0826-teimww:isMentionedIn>
      <p0826-teimww:passage knoraType="link_value" linkType="ref" target="ww_21645dd30586dff8"/>
    </p0826-teimww:isMentionedIn>
    <p0826-teimww:occursIn>
      <p0826-teimww:book knoraType="link_value" linkType="ref" target="ww_dfd8d9b13312aac6"/>
    </p0826-teimww:occursIn>
    <p0826-teimww:wasContributedBy>
      <p0826-teimww:person knoraType="link_value" linkType="ref" target="ww_c4063e9c72a3ffd2"/>
    </p0826-teimww:wasContributedBy>
  </p0826-teimww:passage>
  <p0826-teimww:passage id="ww_21645dd30586dff8">
    <knoraXmlImport:label>passage</knoraXmlImport:label>
    <p0826-teimww:occursIn>
      <p0826-teimww:book knoraType="link_value" linkType="ref" target="ww_b3931845d54b98d5"/>
    </p0826-teimww:occursIn>
  </p0826-teimww:passage>
  <p0826-teimww:passage id="ww_3224a831a8c5362a">
    <knoraXmlImport:label>passage</knoraXmlImport:label>
    <p0826-teimww:contains>
      <p0826-teimww:lexia knoraType="link_value" linkType="ref" target="ww_70eee7fa8d2e52fc"/>
    </p0826-teimww:contains>
    <p0826-teimww:hasPage knoraType="richtext_value">Act 3, scene 4, lines 109-112.</p0826-teimww:hasPage>
    <p0826-teimww:hasText knoraType="richtext_value">[Gardener:] Poor queen, so that thy state might be no worse, &lt;br&gt;
I would my skill were subject to thy curse.&lt;br&gt;
Here did she fall a tear. Here in this place &lt;br&gt;
I'll set a bank of &lt;span class="quote"&gt;rue, sour herb of grace.&lt;/span&gt; </p0826-teimww:hasText>
    <p0826-teimww:isMentionedIn>
      <p0826-teimww:passage knoraType="link_value" linkType="ref" target="ww_b6eff3c12d433180"/>
    </p0826-teimww:isMentionedIn>
    <p0826-teimww:occursIn>
      <p0826-teimww:book knoraType="link_value" linkType="ref" target="ww_c8e25bef891b5536"/>
    </p0826-teimww:occursIn>
    <p0826-teimww:wasContributedBy>
      <p0826-teimww:person knoraType="link_value" linkType="ref" target="ww_c4063e9c72a3ffd2"/>
    </p0826-teimww:wasContributedBy>
  </p0826-teimww:passage>
  <p0826-teimww:passage id="ww_b6eff3c12d433180">
    <knoraXmlImport:label>passage</knoraXmlImport:label>
    <p0826-teimww:occursIn>
      <p0826-teimww:book knoraType="link_value" linkType="ref" target="ww_b3931845d54b98d5"/>
    </p0826-teimww:occursIn>
  </p0826-teimww:passage>
  <p0826-teimww:passage id="ww_f8461dc2b3b1cf1c">
    <knoraXmlImport:label>passage</knoraXmlImport:label>
    <p0826-teimww:contains>
      <p0826-teimww:lexia knoraType="link_value" linkType="ref" target="ww_6e673dceb0c4fdef"/>
    </p0826-teimww:contains>
    <p0826-teimww:hasPage knoraType="richtext_value">Act 5, scene 3, line 179.</p0826-teimww:hasPage>
    <p0826-teimww:hasText knoraType="richtext_value">[First Watch:] &lt;span class="quote"&gt;Go, some of you; &lt;/span&gt;whoe'er you find, attach.</p0826-teimww:hasText>
    <p0826-teimww:isMentionedIn>
      <p0826-teimww:passage knoraType="link_value" linkType="ref" target="ww_7dbe297b62c6a310"/>
    </p0826-teimww:isMentionedIn>
    <p0826-teimww:occursIn>
      <p0826-teimww:book knoraType="link_value" linkType="ref" target="ww_dfd8d9b13312aac6"/>
    </p0826-teimww:occursIn>
    <p0826-teimww:wasContributedBy>
      <p0826-teimww:person knoraType="link_value" linkType="ref" target="ww_7f35f6802efd910d"/>
    </p0826-teimww:wasContributedBy>
  </p0826-teimww:passage>
  <p0826-teimww:passage id="ww_7dbe297b62c6a310">
    <knoraXmlImport:label>passage</knoraXmlImport:label>
    <p0826-teimww:occursIn>
      <p0826-teimww:book knoraType="link_value" linkType="ref" target="ww_55bc1a3b04bf8a8d"/>
    </p0826-teimww:occursIn>
  </p0826-teimww:passage>
  <p0826-teimww:passage id="ww_05c97b1e129c7589">
    <knoraXmlImport:label>passage</knoraXmlImport:label>
    <p0826-teimww:contains>
      <p0826-teimww:lexia knoraType="link_value" linkType="ref" target="ww_6e673dceb0c4fdef"/>
    </p0826-teimww:contains>
    <p0826-teimww:hasPage knoraType="richtext_value">Act 4, scene 1, line 329.</p0826-teimww:hasPage>
    <p0826-teimww:hasText knoraType="richtext_value">[Bolingbroke:] &lt;span class="quote"&gt;Go, some of you, &lt;/span&gt;convey him to the Tower.</p0826-teimww:hasText>
    <p0826-teimww:isMentionedIn>
      <p0826-teimww:passage knoraType="link_value" linkType="ref" target="ww_940f4fa709badb92"/>
    </p0826-teimww:isMentionedIn>
    <p0826-teimww:occursIn>
      <p0826-teimww:book knoraType="link_value" linkType="ref" target="ww_c8e25bef891b5536"/>
    </p0826-teimww:occursIn>
    <p0826-teimww:wasContributedBy>
      <p0826-teimww:person knoraType="link_value" linkType="ref" target="ww_7f35f6802efd910d"/>
    </p0826-teimww:wasContributedBy>
  </p0826-teimww:passage>
  <p0826-teimww:passage id="ww_940f4fa709badb92">
    <knoraXmlImport:label>passage</knoraXmlImport:label>
    <p0826-teimww:occursIn>
      <p0826-teimww:book knoraType="link_value" linkType="ref" target="ww_55bc1a3b04bf8a8d"/>
    </p0826-teimww:occursIn>
  </p0826-teimww:passage>
  <p0826-teimww:passage id="ww_67e00092d3b66d63">
    <knoraXmlImport:label>passage</knoraXmlImport:label>
    <p0826-teimww:contains>
      <p0826-teimww:lexia knoraType="link_value" linkType="ref" target="ww_486c0f015ab1f044"/>
    </p0826-teimww:contains>
    <p0826-teimww:hasPage knoraType="richtext_value">Act 2, scene 1, lines 37-39.</p0826-teimww:hasPage>
    <p0826-teimww:hasText knoraType="richtext_value">[Mercutio:] [...] &lt;span class="quote"&gt;Now will he sit under a medlar tree &lt;br&gt;
And wish his mistress were that kind of fruit &lt;br&gt;
As maids call medlars when they laugh alone.&lt;/span&gt;</p0826-teimww:hasText>
    <p0826-teimww:isMentionedIn>
      <p0826-teimww:passage knoraType="link_value" linkType="ref" target="ww_aff86f1641b59624"/>
    </p0826-teimww:isMentionedIn>
    <p0826-teimww:occursIn>
      <p0826-teimww:book knoraType="link_value" linkType="ref" target="ww_dfd8d9b13312aac6"/>
    </p0826-teimww:occursIn>
    <p0826-teimww:wasContributedBy>
      <p0826-teimww:person knoraType="link_value" linkType="ref" target="ww_b604df587d93b768"/>
    </p0826-teimww:wasContributedBy>
  </p0826-teimww:passage>
  <p0826-teimww:passage id="ww_ca8a11047cce0eab">
    <knoraXmlImport:label>passage</knoraXmlImport:label>
    <p0826-teimww:contains>
      <p0826-teimww:lexia knoraType="link_value" linkType="ref" target="ww_6ab0a361f558a8e2"/>
    </p0826-teimww:contains>
    <p0826-teimww:hasPage knoraType="richtext_value">Act 2, scene 1, lines 40-41.</p0826-teimww:hasPage>
    <p0826-teimww:hasText knoraType="richtext_value">[Mercutio:] [...] O Romeo, that she were, O, that she were &lt;br&gt;
&lt;span class="quote"&gt;An open-arse, thou a pop'rin pear.&lt;/span&gt;</p0826-teimww:hasText>
    <p0826-teimww:isMentionedIn>
      <p0826-teimww:passage knoraType="link_value" linkType="ref" target="ww_963a30e6ef9ae888"/>
    </p0826-teimww:isMentionedIn>
    <p0826-teimww:occursIn>
      <p0826-teimww:book knoraType="link_value" linkType="ref" target="ww_dfd8d9b13312aac6"/>
    </p0826-teimww:occursIn>
    <p0826-teimww:wasContributedBy>
      <p0826-teimww:person knoraType="link_value" linkType="ref" target="ww_b604df587d93b768"/>
    </p0826-teimww:wasContributedBy>
  </p0826-teimww:passage>
  <p0826-teimww:passage id="ww_c18a99ec668d444c">
    <knoraXmlImport:label>passage</knoraXmlImport:label>
    <p0826-teimww:contains>
      <p0826-teimww:lexia knoraType="link_value" linkType="ref" target="ww_e667a0143e648836"/>
    </p0826-teimww:contains>
    <p0826-teimww:hasPage knoraType="richtext_value">Act 5, scene 1, lines 424-27.</p0826-teimww:hasPage>
    <p0826-teimww:hasText knoraType="richtext_value">[Oberon:] [...] So shall all the couples three&lt;br&gt;
Ever true in loving be,&lt;br&gt;
And &lt;span class="quote"&gt;the blots of Nature's hand &lt;br&gt;&lt;/span&gt;
Shall not in their issue stand.</p0826-teimww:hasText>
    <p0826-teimww:isMentionedIn>
      <p0826-teimww:passage knoraType="link_value" linkType="ref" target="ww_b18c576cd1efcaa2"/>
    </p0826-teimww:isMentionedIn>
    <p0826-teimww:occursIn>
      <p0826-teimww:book knoraType="link_value" linkType="ref" target="ww_1e4f95f951f2169f"/>
    </p0826-teimww:occursIn>
    <p0826-teimww:wasContributedBy>
      <p0826-teimww:person knoraType="link_value" linkType="ref" target="ww_5fbb1eab1b30dfee"/>
    </p0826-teimww:wasContributedBy>
  </p0826-teimww:passage>
  <p0826-teimww:passage id="ww_b18c576cd1efcaa2">
    <knoraXmlImport:label>passage</knoraXmlImport:label>
    <p0826-teimww:occursIn>
      <p0826-teimww:book knoraType="link_value" linkType="ref" target="ww_b3931845d54b98d5"/>
    </p0826-teimww:occursIn>
  </p0826-teimww:passage>
  <p0826-teimww:passage id="ww_2b375709638b8e46">
    <knoraXmlImport:label>passage</knoraXmlImport:label>
    <p0826-teimww:contains>
      <p0826-teimww:lexia knoraType="link_value" linkType="ref" target="ww_21ca07878d1b1a15"/>
    </p0826-teimww:contains>
    <p0826-teimww:hasPage knoraType="richtext_value">Act 3, scene 5, line 59.</p0826-teimww:hasPage>
    <p0826-teimww:hasText knoraType="richtext_value">[Romeo:] […] &lt;span class="quote"&gt;Dry sorrow drinks our blood.&lt;/span&gt;</p0826-teimww:hasText>
    <p0826-teimww:isMentionedIn>
      <p0826-teimww:passage knoraType="link_value" linkType="ref" target="ww_0540abbd50a79d68"/>
    </p0826-teimww:isMentionedIn>
    <p0826-teimww:occursIn>
      <p0826-teimww:book knoraType="link_value" linkType="ref" target="ww_dfd8d9b13312aac6"/>
    </p0826-teimww:occursIn>
    <p0826-teimww:wasContributedBy>
      <p0826-teimww:person knoraType="link_value" linkType="ref" target="ww_b604df587d93b768"/>
    </p0826-teimww:wasContributedBy>
  </p0826-teimww:passage>
  <p0826-teimww:passage id="ww_09abcacdcaba6d61">
    <knoraXmlImport:label>passage</knoraXmlImport:label>
    <p0826-teimww:contains>
      <p0826-teimww:lexia knoraType="link_value" linkType="ref" target="ww_d04536af89789a1f"/>
    </p0826-teimww:contains>
    <p0826-teimww:hasPage knoraType="richtext_value">Act 3, scene 5, line 144.</p0826-teimww:hasPage>
    <p0826-teimww:hasText knoraType="richtext_value">[Lady Capulet:]  Ay, sir, but &lt;span class="quote"&gt;she will none, she gives you thanks.&lt;/span&gt;</p0826-teimww:hasText>
    <p0826-teimww:isMentionedIn>
      <p0826-teimww:passage knoraType="link_value" linkType="ref" target="ww_1750921f3eb1ab1a"/>
    </p0826-teimww:isMentionedIn>
    <p0826-teimww:occursIn>
      <p0826-teimww:book knoraType="link_value" linkType="ref" target="ww_dfd8d9b13312aac6"/>
    </p0826-teimww:occursIn>
    <p0826-teimww:wasContributedBy>
      <p0826-teimww:person knoraType="link_value" linkType="ref" target="ww_c4063e9c72a3ffd2"/>
    </p0826-teimww:wasContributedBy>
  </p0826-teimww:passage>
  <p0826-teimww:passage id="ww_1750921f3eb1ab1a">
    <knoraXmlImport:label>passage</knoraXmlImport:label>
    <p0826-teimww:occursIn>
      <p0826-teimww:book knoraType="link_value" linkType="ref" target="ww_1140c36ab545b6d8"/>
    </p0826-teimww:occursIn>
  </p0826-teimww:passage>
  <p0826-teimww:passage id="ww_322c35e8aee9aaf6">
    <knoraXmlImport:label>passage</knoraXmlImport:label>
    <p0826-teimww:contains>
      <p0826-teimww:lexia knoraType="link_value" linkType="ref" target="ww_2216afdda1930437"/>
    </p0826-teimww:contains>
    <p0826-teimww:hasPage knoraType="richtext_value">Act 1, scene 1, lines 159-165.</p0826-teimww:hasPage>
    <p0826-teimww:hasText knoraType="richtext_value">[Lysander:] [...] I have a widow aunt, a dowager &lt;br&gt;
Of great revenue, and she hath no child. &lt;br&gt;
From Athens is her house remote seven leagues, &lt;br&gt;
And she respects me as her only son. &lt;br&gt;
&lt;span class="quote"&gt;There, gentle Hermia, may I marry thee; &lt;br&gt;
And to that place the sharp Athenian law &lt;br&gt;
Cannot pursue us.&lt;/span&gt;</p0826-teimww:hasText>
    <p0826-teimww:isMentionedIn>
      <p0826-teimww:passage knoraType="link_value" linkType="ref" target="ww_5ae310b29824659c"/>
    </p0826-teimww:isMentionedIn>
    <p0826-teimww:occursIn>
      <p0826-teimww:book knoraType="link_value" linkType="ref" target="ww_1e4f95f951f2169f"/>
    </p0826-teimww:occursIn>
    <p0826-teimww:wasContributedBy>
      <p0826-teimww:person knoraType="link_value" linkType="ref" target="ww_c4063e9c72a3ffd2"/>
    </p0826-teimww:wasContributedBy>
  </p0826-teimww:passage>
  <p0826-teimww:passage id="ww_5ae310b29824659c">
    <knoraXmlImport:label>passage</knoraXmlImport:label>
    <p0826-teimww:occursIn>
      <p0826-teimww:book knoraType="link_value" linkType="ref" target="ww_1140c36ab545b6d8"/>
    </p0826-teimww:occursIn>
  </p0826-teimww:passage>
  <p0826-teimww:passage id="ww_f92d168e5da3d9b5">
    <knoraXmlImport:label>passage</knoraXmlImport:label>
    <p0826-teimww:contains>
      <p0826-teimww:lexia knoraType="link_value" linkType="ref" target="ww_43589a3fe664bb62"/>
    </p0826-teimww:contains>
    <p0826-teimww:hasPage knoraType="richtext_value">Act 2, scene 2, lines 126-127.</p0826-teimww:hasPage>
    <p0826-teimww:hasText knoraType="richtext_value">[Juliet:] &lt;span class="quote"&gt;Too like the lightning, which doth cease to be &lt;br&gt;
Ere one can say "It lightens."&lt;span class="quote"&gt;</p0826-teimww:hasText>
    <p0826-teimww:isMentionedIn>
      <p0826-teimww:passage knoraType="link_value" linkType="ref" target="ww_ae5d4b8eed0db4c9"/>
    </p0826-teimww:isMentionedIn>
    <p0826-teimww:occursIn>
      <p0826-teimww:book knoraType="link_value" linkType="ref" target="ww_dfd8d9b13312aac6"/>
    </p0826-teimww:occursIn>
    <p0826-teimww:wasContributedBy>
      <p0826-teimww:person knoraType="link_value" linkType="ref" target="ww_7f35f6802efd910d"/>
    </p0826-teimww:wasContributedBy>
  </p0826-teimww:passage>
  <p0826-teimww:passage id="ww_a9a69f25c6693882">
    <knoraXmlImport:label>passage</knoraXmlImport:label>
    <p0826-teimww:contains>
      <p0826-teimww:lexia knoraType="link_value" linkType="ref" target="ww_72ecb3fc759c0245"/>
    </p0826-teimww:contains>
    <p0826-teimww:hasPage knoraType="richtext_value">Act 1, scene 1, lines 113-114.</p0826-teimww:hasPage>
    <p0826-teimww:hasText knoraType="richtext_value">[Benvolio:] He swung about his head, and cut the winds,&lt;br&gt;
Who, nothing hurt withal, &lt;span class="quote"&gt;hiss'd him in scorn.&lt;/span&gt;</p0826-teimww:hasText>
    <p0826-teimww:isMentionedIn>
      <p0826-teimww:passage knoraType="link_value" linkType="ref" target="ww_ae5d4b8eed0db4c9"/>
    </p0826-teimww:isMentionedIn>
    <p0826-teimww:occursIn>
      <p0826-teimww:book knoraType="link_value" linkType="ref" target="ww_dfd8d9b13312aac6"/>
    </p0826-teimww:occursIn>
    <p0826-teimww:wasContributedBy>
      <p0826-teimww:person knoraType="link_value" linkType="ref" target="ww_7f35f6802efd910d"/>
    </p0826-teimww:wasContributedBy>
  </p0826-teimww:passage>
  <p0826-teimww:passage id="ww_a46c66fb439682d1">
    <knoraXmlImport:label>passage</knoraXmlImport:label>
    <p0826-teimww:contains>
      <p0826-teimww:lexia knoraType="link_value" linkType="ref" target="ww_9bb48235a4df7743"/>
    </p0826-teimww:contains>
    <p0826-teimww:hasPage knoraType="richtext_value">Act 3, scene 5, lines 170-173.</p0826-teimww:hasPage>
    <p0826-teimww:hasText knoraType="richtext_value">[Capulet:] Wife, we scarce thought us blessed &lt;br&gt;
That &lt;span class="quote"&gt;God had lent us but this only child, &lt;br&gt;
But now I see this one is one too much, &lt;br&gt;
And that we have a curse in having her. &lt;/span&gt;</p0826-teimww:hasText>
    <p0826-teimww:isMentionedIn>
      <p0826-teimww:passage knoraType="link_value" linkType="ref" target="ww_ec457d5222a5fd88"/>
    </p0826-teimww:isMentionedIn>
    <p0826-teimww:occursIn>
      <p0826-teimww:book knoraType="link_value" linkType="ref" target="ww_dfd8d9b13312aac6"/>
    </p0826-teimww:occursIn>
    <p0826-teimww:wasContributedBy>
      <p0826-teimww:person knoraType="link_value" linkType="ref" target="ww_c4063e9c72a3ffd2"/>
    </p0826-teimww:wasContributedBy>
  </p0826-teimww:passage>
  <p0826-teimww:passage id="ww_ec457d5222a5fd88">
    <knoraXmlImport:label>passage</knoraXmlImport:label>
    <p0826-teimww:occursIn>
      <p0826-teimww:book knoraType="link_value" linkType="ref" target="ww_1140c36ab545b6d8"/>
    </p0826-teimww:occursIn>
  </p0826-teimww:passage>
  <p0826-teimww:passage id="ww_1d3ab7563eee2e3d">
    <knoraXmlImport:label>passage</knoraXmlImport:label>
    <p0826-teimww:contains>
      <p0826-teimww:lexia knoraType="link_value" linkType="ref" target="ww_167ae21248dc9ef5"/>
    </p0826-teimww:contains>
    <p0826-teimww:hasPage knoraType="richtext_value">Act 5, scene 1, lines 412-413.</p0826-teimww:hasPage>
    <p0826-teimww:hasText knoraType="richtext_value">[Oberon:] [...] And this ditty, after me &lt;br&gt;
Sing and dance it &lt;span class="quote"&gt;trippingly.&lt;/span&gt;</p0826-teimww:hasText>
    <p0826-teimww:isMentionedIn>
      <p0826-teimww:passage knoraType="link_value" linkType="ref" target="ww_44dcc14716aec4d4"/>
    </p0826-teimww:isMentionedIn>
    <p0826-teimww:occursIn>
      <p0826-teimww:book knoraType="link_value" linkType="ref" target="ww_1e4f95f951f2169f"/>
    </p0826-teimww:occursIn>
    <p0826-teimww:wasContributedBy>
      <p0826-teimww:person knoraType="link_value" linkType="ref" target="ww_c4063e9c72a3ffd2"/>
    </p0826-teimww:wasContributedBy>
  </p0826-teimww:passage>
  <p0826-teimww:passage id="ww_44dcc14716aec4d4">
    <knoraXmlImport:label>passage</knoraXmlImport:label>
    <p0826-teimww:occursIn>
      <p0826-teimww:book knoraType="link_value" linkType="ref" target="ww_3e15ab6c612eadae"/>
    </p0826-teimww:occursIn>
  </p0826-teimww:passage>
  <p0826-teimww:passage id="ww_4e0cc0707f239213">
    <knoraXmlImport:label>passage</knoraXmlImport:label>
    <p0826-teimww:contains>
      <p0826-teimww:lexia knoraType="link_value" linkType="ref" target="ww_153def16bdb0bd7b"/>
    </p0826-teimww:contains>
    <p0826-teimww:hasText knoraType="richtext_value">&lt;span class="quote"&gt;Romeo and Juliet&lt;/span&gt;</p0826-teimww:hasText>
    <p0826-teimww:isMentionedIn>
      <p0826-teimww:passage knoraType="link_value" linkType="ref" target="ww_a0002f2db96fa540"/>
    </p0826-teimww:isMentionedIn>
    <p0826-teimww:isMentionedIn>
      <p0826-teimww:passage knoraType="link_value" linkType="ref" target="ww_7cfe555e405ea6b3"/>
    </p0826-teimww:isMentionedIn>
    <p0826-teimww:occursIn>
      <p0826-teimww:book knoraType="link_value" linkType="ref" target="ww_dfd8d9b13312aac6"/>
    </p0826-teimww:occursIn>
    <p0826-teimww:wasContributedBy>
      <p0826-teimww:person knoraType="link_value" linkType="ref" target="ww_c4063e9c72a3ffd2"/>
    </p0826-teimww:wasContributedBy>
  </p0826-teimww:passage>
  <p0826-teimww:passage id="ww_a0002f2db96fa540">
    <knoraXmlImport:label>passage</knoraXmlImport:label>
    <p0826-teimww:occursIn>
      <p0826-teimww:book knoraType="link_value" linkType="ref" target="ww_0f0f2ccb24fa3b96"/>
    </p0826-teimww:occursIn>
  </p0826-teimww:passage>
  <p0826-teimww:passage id="ww_7cfe555e405ea6b3">
    <knoraXmlImport:label>passage</knoraXmlImport:label>
    <p0826-teimww:occursIn>
      <p0826-teimww:book knoraType="link_value" linkType="ref" target="ww_1140c36ab545b6d8"/>
    </p0826-teimww:occursIn>
  </p0826-teimww:passage>
  <p0826-teimww:passage id="ww_c8d4464eb5cf9a20">
    <knoraXmlImport:label>passage</knoraXmlImport:label>
    <p0826-teimww:contains>
      <p0826-teimww:lexia knoraType="link_value" linkType="ref" target="ww_47115a95eac50cea"/>
    </p0826-teimww:contains>
    <p0826-teimww:hasPage knoraType="richtext_value">Act 3, scene 2, lines 15-21.</p0826-teimww:hasPage>
    <p0826-teimww:hasText knoraType="richtext_value">[Friar:] &lt;span class="quote"&gt;And nought so rich on either rock or shelf, &lt;br&gt;
But, if unknown, lies uselesse to it self. &lt;br&gt;
Therefore who thus doth make their secrets known, &lt;br&gt;
Doth profit others, and not hurt his own.&lt;/span&gt;</p0826-teimww:hasText>
    <p0826-teimww:isMentionedIn>
      <p0826-teimww:passage knoraType="link_value" linkType="ref" target="ww_2c97a73dab7135a0"/>
    </p0826-teimww:isMentionedIn>
    <p0826-teimww:occursIn>
      <p0826-teimww:book knoraType="link_value" linkType="ref" target="ww_dfd8d9b13312aac6"/>
    </p0826-teimww:occursIn>
    <p0826-teimww:wasContributedBy>
      <p0826-teimww:person knoraType="link_value" linkType="ref" target="ww_c4063e9c72a3ffd2"/>
    </p0826-teimww:wasContributedBy>
  </p0826-teimww:passage>
  <p0826-teimww:passage id="ww_2c97a73dab7135a0">
    <knoraXmlImport:label>passage</knoraXmlImport:label>
    <p0826-teimww:occursIn>
      <p0826-teimww:book knoraType="link_value" linkType="ref" target="ww_1140c36ab545b6d8"/>
    </p0826-teimww:occursIn>
  </p0826-teimww:passage>
  <p0826-teimww:passage id="ww_421503bb9686fe52">
    <knoraXmlImport:label>passage</knoraXmlImport:label>
    <p0826-teimww:contains>
      <p0826-teimww:lexia knoraType="link_value" linkType="ref" target="ww_2d7c23dc7defcf1c"/>
    </p0826-teimww:contains>
    <p0826-teimww:hasPage knoraType="richtext_value">Act 5, scene 3, lines 320-321.</p0826-teimww:hasPage>
    <p0826-teimww:hasText knoraType="richtext_value">[Prince:] &lt;span class="quote"&gt;For never was a story of more woe &lt;br&gt;
Than this of Juliet and her Romeo.&lt;/span&gt;</p0826-teimww:hasText>
    <p0826-teimww:isMentionedIn>
      <p0826-teimww:passage knoraType="link_value" linkType="ref" target="ww_547f8d4be4dee5bc"/>
    </p0826-teimww:isMentionedIn>
    <p0826-teimww:isMentionedIn>
      <p0826-teimww:passage knoraType="link_value" linkType="ref" target="ww_666ecdcbdbfa07e6"/>
    </p0826-teimww:isMentionedIn>
    <p0826-teimww:occursIn>
      <p0826-teimww:book knoraType="link_value" linkType="ref" target="ww_dfd8d9b13312aac6"/>
    </p0826-teimww:occursIn>
    <p0826-teimww:wasContributedBy>
      <p0826-teimww:person knoraType="link_value" linkType="ref" target="ww_c4063e9c72a3ffd2"/>
    </p0826-teimww:wasContributedBy>
  </p0826-teimww:passage>
  <p0826-teimww:passage id="ww_666ecdcbdbfa07e6">
    <knoraXmlImport:label>passage</knoraXmlImport:label>
    <p0826-teimww:occursIn>
      <p0826-teimww:book knoraType="link_value" linkType="ref" target="ww_1140c36ab545b6d8"/>
    </p0826-teimww:occursIn>
  </p0826-teimww:passage>
  <p0826-teimww:passage id="ww_547f8d4be4dee5bc">
    <knoraXmlImport:label>passage</knoraXmlImport:label>
    <p0826-teimww:occursIn>
      <p0826-teimww:book knoraType="link_value" linkType="ref" target="ww_84a8155c55c3c1e2"/>
    </p0826-teimww:occursIn>
  </p0826-teimww:passage>
  <p0826-teimww:passage id="ww_0252fba9d4255764">
    <knoraXmlImport:label>passage</knoraXmlImport:label>
    <p0826-teimww:contains>
      <p0826-teimww:lexia knoraType="link_value" linkType="ref" target="ww_bb8d51a3bb3a03c9"/>
    </p0826-teimww:contains>
    <p0826-teimww:hasPage knoraType="richtext_value">Act 2, scene 3, lines 145-149.</p0826-teimww:hasPage>
    <p0826-teimww:hasText knoraType="richtext_value">[York:] I have had feeling of my cousin's wrongs &lt;br&gt;
And labored all I could to do him right.&lt;br&gt;
But in this kind to come, in braving arms, &lt;br&gt;
&lt;span class="quote"&gt;Be his own carver and cut out his way&lt;/span&gt;&lt;br&gt;
To find out right with wrong, it may not be.</p0826-teimww:hasText>
    <p0826-teimww:isMentionedIn>
      <p0826-teimww:passage knoraType="link_value" linkType="ref" target="ww_b587d7503b06b65e"/>
    </p0826-teimww:isMentionedIn>
    <p0826-teimww:occursIn>
      <p0826-teimww:book knoraType="link_value" linkType="ref" target="ww_c8e25bef891b5536"/>
    </p0826-teimww:occursIn>
    <p0826-teimww:wasContributedBy>
      <p0826-teimww:person knoraType="link_value" linkType="ref" target="ww_5fbb1eab1b30dfee"/>
    </p0826-teimww:wasContributedBy>
  </p0826-teimww:passage>
  <p0826-teimww:passage id="ww_b587d7503b06b65e">
    <knoraXmlImport:label>passage</knoraXmlImport:label>
    <p0826-teimww:occursIn>
      <p0826-teimww:book knoraType="link_value" linkType="ref" target="ww_b3931845d54b98d5"/>
    </p0826-teimww:occursIn>
  </p0826-teimww:passage>
  <p0826-teimww:passage id="ww_c9253afee2f20544">
    <knoraXmlImport:label>passage</knoraXmlImport:label>
    <p0826-teimww:contains>
      <p0826-teimww:lexia knoraType="link_value" linkType="ref" target="ww_404a4f47899d2a17"/>
    </p0826-teimww:contains>
    <p0826-teimww:hasPage knoraType="richtext_value">Act 4, scene 1, line 78.</p0826-teimww:hasPage>
    <p0826-teimww:hasText knoraType="richtext_value">[Juliet:] O, bid me leap, rather than marry Paris, &lt;br&gt;
 From off the battlements of any tower,&lt;br&gt;
Or walk in thievish ways, or bid me lurk &lt;br&gt;
Where serpents are. Chain me with roaring bears, &lt;br&gt;
Or hide me nightly in a charnel house,&lt;br&gt;
/ O’ercovered quite with dead men’s rattling bones, &lt;br&gt;
With reeky shanks and yellow &lt;span class="quote"&gt;chapless &lt;/span&gt; skulls.</p0826-teimww:hasText>
    <p0826-teimww:isMentionedIn>
      <p0826-teimww:passage knoraType="link_value" linkType="ref" target="ww_1a637ff6fcdca49e"/>
    </p0826-teimww:isMentionedIn>
    <p0826-teimww:occursIn>
      <p0826-teimww:book knoraType="link_value" linkType="ref" target="ww_dfd8d9b13312aac6"/>
    </p0826-teimww:occursIn>
    <p0826-teimww:wasContributedBy>
      <p0826-teimww:person knoraType="link_value" linkType="ref" target="ww_5fbb1eab1b30dfee"/>
    </p0826-teimww:wasContributedBy>
  </p0826-teimww:passage>
  <p0826-teimww:passage id="ww_1a637ff6fcdca49e">
    <knoraXmlImport:label>passage</knoraXmlImport:label>
    <p0826-teimww:occursIn>
      <p0826-teimww:book knoraType="link_value" linkType="ref" target="ww_b3931845d54b98d5"/>
    </p0826-teimww:occursIn>
  </p0826-teimww:passage>
  <p0826-teimww:passage id="ww_12ad2ff19d7cc554">
    <knoraXmlImport:label>passage</knoraXmlImport:label>
    <p0826-teimww:contains>
      <p0826-teimww:lexia knoraType="link_value" linkType="ref" target="ww_d00727f711fa5c58"/>
    </p0826-teimww:contains>
    <p0826-teimww:contains>
      <p0826-teimww:lexia knoraType="link_value" linkType="ref" target="ww_5c87fb95bb729557"/>
    </p0826-teimww:contains>
    <p0826-teimww:hasPage knoraType="richtext_value">Prologue, lines 5-8.</p0826-teimww:hasPage>
    <p0826-teimww:hasText knoraType="richtext_value">[Prologue:] [...] &lt;span class="quote"&gt;From forth the fatal loins of these two foes &lt;br&gt;
A pair of star-crossed lovers take their life; &lt;br&gt;
Whose misadventured piteous overthrows &lt;br&gt;
Doth with their death bury their parents' strife. &lt;/span&gt;</p0826-teimww:hasText>
    <p0826-teimww:isMentionedIn>
      <p0826-teimww:passage knoraType="link_value" linkType="ref" target="ww_46a5800be3e693d7"/>
    </p0826-teimww:isMentionedIn>
    <p0826-teimww:occursIn>
      <p0826-teimww:book knoraType="link_value" linkType="ref" target="ww_dfd8d9b13312aac6"/>
    </p0826-teimww:occursIn>
    <p0826-teimww:wasContributedBy>
      <p0826-teimww:person knoraType="link_value" linkType="ref" target="ww_c4063e9c72a3ffd2"/>
    </p0826-teimww:wasContributedBy>
  </p0826-teimww:passage>
  <p0826-teimww:passage id="ww_46a5800be3e693d7">
    <knoraXmlImport:label>passage</knoraXmlImport:label>
    <p0826-teimww:occursIn>
      <p0826-teimww:book knoraType="link_value" linkType="ref" target="ww_84a8155c55c3c1e2"/>
    </p0826-teimww:occursIn>
  </p0826-teimww:passage>
  <p0826-teimww:passage id="ww_0a524ce8d92f2012">
    <knoraXmlImport:label>passage</knoraXmlImport:label>
    <p0826-teimww:contains>
      <p0826-teimww:lexia knoraType="link_value" linkType="ref" target="ww_2044a59b8cfd90a6"/>
    </p0826-teimww:contains>
    <p0826-teimww:hasPage knoraType="richtext_value">stanza 117, lines 814-819 [normalised spelling].</p0826-teimww:hasPage>
    <p0826-teimww:hasPageHist knoraType="richtext_value">lines 222-223.</p0826-teimww:hasPageHist>
    <p0826-teimww:hasText knoraType="richtext_value">But if these eyes of yours, (load-stars of Love,&lt;br&gt;
Showing the World's great dance &lt;span class="quote"&gt;to your mind's eye!)&lt;/span&gt;&lt;br&gt;
Cannot with all their demonstrations move&lt;br&gt;
Kind apprehension in your fantasy,&lt;br&gt;
Of dancing's virtue, and nobility:&lt;br&gt;
How can my barbarous tongue win you there to&lt;br&gt;
Which Heau'n and Earth's fair speech could never do?</p0826-teimww:hasText>
    <p0826-teimww:hasTextHist knoraType="richtext_value">But if these eyes of yours, (load-starrs of Loue,&lt;br&gt;
Shewing the World's great daunce &lt;span class="quote"&gt;to your mind's eye!)&lt;/span&gt;&lt;br&gt;
Cannot with all their demonstrations moue&lt;br&gt;
Kinde apprehension in your fantasie,&lt;br&gt;
Of Dauncing's vertue, and nobilitie:&lt;br&gt;
How can my barbarous tongue win you there to&lt;br&gt;
Which Heau'n and Earth's faire speech could neuer do?</p0826-teimww:hasTextHist>
    <p0826-teimww:isMentionedIn>
      <p0826-teimww:passage knoraType="link_value" linkType="ref" target="ww_1857e6a26bb93d3e"/>
    </p0826-teimww:isMentionedIn>
    <p0826-teimww:occursIn>
      <p0826-teimww:book knoraType="link_value" linkType="ref" target="ww_576a3b5a9726890a"/>
    </p0826-teimww:occursIn>
    <p0826-teimww:wasContributedBy>
      <p0826-teimww:person knoraType="link_value" linkType="ref" target="ww_caa8f9e4a628f638"/>
    </p0826-teimww:wasContributedBy>
  </p0826-teimww:passage>
  <p0826-teimww:passage id="ww_1857e6a26bb93d3e">
    <knoraXmlImport:label>passage</knoraXmlImport:label>
    <p0826-teimww:occursIn>
      <p0826-teimww:book knoraType="link_value" linkType="ref" target="ww_3e15ab6c612eadae"/>
    </p0826-teimww:occursIn>
  </p0826-teimww:passage>
  <p0826-teimww:passage id="ww_1ad44a54f22762c5">
    <knoraXmlImport:label>passage</knoraXmlImport:label>
    <p0826-teimww:contains>
      <p0826-teimww:lexia knoraType="link_value" linkType="ref" target="ww_e2f49bcc69e21ae7"/>
    </p0826-teimww:contains>
    <p0826-teimww:hasPage knoraType="richtext_value">Act 1, scene 1, lines 104-105.</p0826-teimww:hasPage>
    <p0826-teimww:hasText knoraType="richtext_value">[King:] Berowne is like an envious sneaping frost &lt;br&gt;
That bites the firstborn &lt;span class="quote"&gt;infants of the spring.&lt;/span&gt;</p0826-teimww:hasText>
    <p0826-teimww:isMentionedIn>
      <p0826-teimww:passage knoraType="link_value" linkType="ref" target="ww_74a4e58610c5410a"/>
    </p0826-teimww:isMentionedIn>
    <p0826-teimww:occursIn>
      <p0826-teimww:book knoraType="link_value" linkType="ref" target="ww_a8c8f9a292e6c950"/>
    </p0826-teimww:occursIn>
    <p0826-teimww:wasContributedBy>
      <p0826-teimww:person knoraType="link_value" linkType="ref" target="ww_c4063e9c72a3ffd2"/>
    </p0826-teimww:wasContributedBy>
  </p0826-teimww:passage>
  <p0826-teimww:passage id="ww_74a4e58610c5410a">
    <knoraXmlImport:label>passage</knoraXmlImport:label>
    <p0826-teimww:occursIn>
      <p0826-teimww:book knoraType="link_value" linkType="ref" target="ww_1140c36ab545b6d8"/>
    </p0826-teimww:occursIn>
  </p0826-teimww:passage>
  <p0826-teimww:passage id="ww_a803ddc7a8ab3547">
    <knoraXmlImport:label>passage</knoraXmlImport:label>
    <p0826-teimww:contains>
      <p0826-teimww:lexia knoraType="link_value" linkType="ref" target="ww_741b0382acbd375a"/>
    </p0826-teimww:contains>
    <p0826-teimww:hasPage knoraType="richtext_value">108-109.</p0826-teimww:hasPage>
    <p0826-teimww:hasText knoraType="richtext_value">Let us therefore pray that we be not miscarried by the deceits of the wicked pilot Satan, whose &lt;span class="quote"&gt;directions are merely indirect&lt;/span&gt;, and whose sails are deceitful, being glorious to the eye; and the bark wherein he carrieth his unhappy passengers seemeth to be a most secure cradle, gliding on without tempest or wave, until it come to the end of their race, where, alas! they fall into the gulf of perpetual perdition. Such a master is he, and such mariners are his false prophets, that they delight flesh and blood, and all their course seemeth sweet, but short: and sour merchandise shall they have, that pass in the pinnace of his poisoned errors.</p0826-teimww:hasText>
    <p0826-teimww:occursIn>
      <p0826-teimww:book knoraType="link_value" linkType="ref" target="ww_f3b680a00afe6716"/>
    </p0826-teimww:occursIn>
    <p0826-teimww:wasContributedBy>
      <p0826-teimww:person knoraType="link_value" linkType="ref" target="ww_5fbb1eab1b30dfee"/>
    </p0826-teimww:wasContributedBy>
  </p0826-teimww:passage>
  <p0826-teimww:passage id="ww_fa7276c3549e3d17">
    <knoraXmlImport:label>passage</knoraXmlImport:label>
    <p0826-teimww:contains>
      <p0826-teimww:lexia knoraType="link_value" linkType="ref" target="ww_4b0e737d8fdaacf3"/>
    </p0826-teimww:contains>
    <p0826-teimww:hasPage knoraType="richtext_value">Act 3, scene 1, lines 31-33.</p0826-teimww:hasPage>
    <p0826-teimww:hasText knoraType="richtext_value">[Armado:] Call’st thou my love &lt;span class="quote"&gt;"hobby-horse"?&lt;/span&gt;&lt;br&gt;
[Boy:] No, master. The hobby-horse is but a colt, and your love perhaps a hackney.</p0826-teimww:hasText>
    <p0826-teimww:isMentionedIn>
      <p0826-teimww:passage knoraType="link_value" linkType="ref" target="ww_cda01c818f2b2904"/>
    </p0826-teimww:isMentionedIn>
    <p0826-teimww:occursIn>
      <p0826-teimww:book knoraType="link_value" linkType="ref" target="ww_a8c8f9a292e6c950"/>
    </p0826-teimww:occursIn>
    <p0826-teimww:wasContributedBy>
      <p0826-teimww:person knoraType="link_value" linkType="ref" target="ww_c4063e9c72a3ffd2"/>
    </p0826-teimww:wasContributedBy>
  </p0826-teimww:passage>
  <p0826-teimww:passage id="ww_cda01c818f2b2904">
    <knoraXmlImport:label>passage</knoraXmlImport:label>
    <p0826-teimww:occursIn>
      <p0826-teimww:book knoraType="link_value" linkType="ref" target="ww_b3931845d54b98d5"/>
    </p0826-teimww:occursIn>
  </p0826-teimww:passage>
  <p0826-teimww:passage id="ww_915a189dcca54cf4">
    <knoraXmlImport:label>passage</knoraXmlImport:label>
    <p0826-teimww:contains>
      <p0826-teimww:lexia knoraType="link_value" linkType="ref" target="ww_741b0382acbd375a"/>
    </p0826-teimww:contains>
    <p0826-teimww:hasPage knoraType="richtext_value">Act 3, scene 1, lines 284-288.</p0826-teimww:hasPage>
    <p0826-teimww:hasText knoraType="richtext_value">[Pandulph:] The better act of purposes mistook&lt;br&gt;
Is to mistake again; though indirect,&lt;br&gt;
Yet &lt;span class="quote"&gt;indirection thereby grows direct,&lt;/span&gt;&lt;br&gt;
And falsehood falsehood cures, as fire cools fire&lt;br&gt;
Within the scorchèd veins of one new-burned.</p0826-teimww:hasText>
    <p0826-teimww:isMentionedIn>
      <p0826-teimww:passage knoraType="link_value" linkType="ref" target="ww_b59efeca4f98349f"/>
    </p0826-teimww:isMentionedIn>
    <p0826-teimww:occursIn>
      <p0826-teimww:book knoraType="link_value" linkType="ref" target="ww_dbb95fa0c476e400"/>
    </p0826-teimww:occursIn>
    <p0826-teimww:wasContributedBy>
      <p0826-teimww:person knoraType="link_value" linkType="ref" target="ww_5fbb1eab1b30dfee"/>
    </p0826-teimww:wasContributedBy>
  </p0826-teimww:passage>
  <p0826-teimww:passage id="ww_b59efeca4f98349f">
    <knoraXmlImport:label>passage</knoraXmlImport:label>
    <p0826-teimww:occursIn>
      <p0826-teimww:book knoraType="link_value" linkType="ref" target="ww_b3931845d54b98d5"/>
    </p0826-teimww:occursIn>
  </p0826-teimww:passage>
  <p0826-teimww:passage id="ww_4f38faa502bdc949">
    <knoraXmlImport:label>passage</knoraXmlImport:label>
    <p0826-teimww:contains>
      <p0826-teimww:lexia knoraType="link_value" linkType="ref" target="ww_7bde91980d0c39f0"/>
    </p0826-teimww:contains>
    <p0826-teimww:hasPage knoraType="richtext_value">Act 2, scene 1, line 558.</p0826-teimww:hasPage>
    <p0826-teimww:hasText knoraType="richtext_value">[King Philip:] &lt;span class="quote"&gt;It likes us well.&lt;/span&gt;</p0826-teimww:hasText>
    <p0826-teimww:isMentionedIn>
      <p0826-teimww:passage knoraType="link_value" linkType="ref" target="ww_cfcc439d75d2cec7"/>
    </p0826-teimww:isMentionedIn>
    <p0826-teimww:occursIn>
      <p0826-teimww:book knoraType="link_value" linkType="ref" target="ww_dbb95fa0c476e400"/>
    </p0826-teimww:occursIn>
    <p0826-teimww:wasContributedBy>
      <p0826-teimww:person knoraType="link_value" linkType="ref" target="ww_7f35f6802efd910d"/>
    </p0826-teimww:wasContributedBy>
  </p0826-teimww:passage>
  <p0826-teimww:passage id="ww_cfcc439d75d2cec7">
    <knoraXmlImport:label>passage</knoraXmlImport:label>
    <p0826-teimww:occursIn>
      <p0826-teimww:book knoraType="link_value" linkType="ref" target="ww_55bc1a3b04bf8a8d"/>
    </p0826-teimww:occursIn>
  </p0826-teimww:passage>
  <p0826-teimww:passage id="ww_3cf6af4261079896">
    <knoraXmlImport:label>passage</knoraXmlImport:label>
    <p0826-teimww:contains>
      <p0826-teimww:lexia knoraType="link_value" linkType="ref" target="ww_6115a63c5012f738"/>
    </p0826-teimww:contains>
    <p0826-teimww:hasPage knoraType="richtext_value">27.</p0826-teimww:hasPage>
    <p0826-teimww:hasText knoraType="richtext_value">[Catechysius the Hermit:] Now all is but the action of the Mind,&lt;br&gt;
That rectifi'd, &lt;span class="quote"&gt;the rest is all but wind.&lt;/span&gt;</p0826-teimww:hasText>
    <p0826-teimww:isMentionedIn>
      <p0826-teimww:passage knoraType="link_value" linkType="ref" target="ww_3b4ab76ca438a33a"/>
    </p0826-teimww:isMentionedIn>
    <p0826-teimww:occursIn>
      <p0826-teimww:book knoraType="link_value" linkType="ref" target="ww_70b35f176c9ceb49"/>
    </p0826-teimww:occursIn>
    <p0826-teimww:wasContributedBy>
      <p0826-teimww:person knoraType="link_value" linkType="ref" target="ww_c4063e9c72a3ffd2"/>
    </p0826-teimww:wasContributedBy>
  </p0826-teimww:passage>
  <p0826-teimww:passage id="ww_8b2c57f28da8d24f">
    <knoraXmlImport:label>passage</knoraXmlImport:label>
    <p0826-teimww:contains>
      <p0826-teimww:lexia knoraType="link_value" linkType="ref" target="ww_a3c43bbcc3cd9685"/>
    </p0826-teimww:contains>
    <p0826-teimww:hasPage knoraType="richtext_value">Act 2, scene 1, line 389.</p0826-teimww:hasPage>
    <p0826-teimww:hasText knoraType="richtext_value">[Bastard:] By heaven, these scroyles of Angiers flout you, kings, &lt;br&gt;
And stand securely on their battlements &lt;br&gt;
As in a theater, whence they gape and point &lt;br&gt;
At your industrious scenes and acts of death.&lt;br&gt;
Your royal presences, be ruled by me:&lt;br&gt;
Do like &lt;span class="quote"&gt;the mutines &lt;/span&gt;of Jerusalem,&lt;br&gt;
Be friends awhile, and both conjointly bend &lt;br&gt;
Your sharpest deeds of malice on this town.</p0826-teimww:hasText>
    <p0826-teimww:isMentionedIn>
      <p0826-teimww:passage knoraType="link_value" linkType="ref" target="ww_9aff15ba5b7cf7fa"/>
    </p0826-teimww:isMentionedIn>
    <p0826-teimww:occursIn>
      <p0826-teimww:book knoraType="link_value" linkType="ref" target="ww_dbb95fa0c476e400"/>
    </p0826-teimww:occursIn>
    <p0826-teimww:wasContributedBy>
      <p0826-teimww:person knoraType="link_value" linkType="ref" target="ww_c4063e9c72a3ffd2"/>
    </p0826-teimww:wasContributedBy>
  </p0826-teimww:passage>
  <p0826-teimww:passage id="ww_9aff15ba5b7cf7fa">
    <knoraXmlImport:label>passage</knoraXmlImport:label>
    <p0826-teimww:occursIn>
      <p0826-teimww:book knoraType="link_value" linkType="ref" target="ww_b3931845d54b98d5"/>
    </p0826-teimww:occursIn>
  </p0826-teimww:passage>
  <p0826-teimww:passage id="ww_ad08d1db588775f5">
    <knoraXmlImport:label>passage</knoraXmlImport:label>
    <p0826-teimww:contains>
      <p0826-teimww:lexia knoraType="link_value" linkType="ref" target="ww_bb6ddd3b042a1e35"/>
    </p0826-teimww:contains>
    <p0826-teimww:hasPage knoraType="richtext_value">Act 3, scene 4, lines 67-79.</p0826-teimww:hasPage>
    <p0826-teimww:hasText knoraType="richtext_value">[Portia:] [...] &lt;span class="quote"&gt;[I'll] prove the prettier fellow of the two, &lt;br&gt;
And wear my dagger with the braver grace,&lt;br&gt;
And speak between the change of man and boy &lt;br&gt;
With a reed voice&lt;/span&gt;, and turn two mincing steps&lt;br&gt;
Into a manly stride, and speak of frays&lt;br&gt;
Like a fine bragging youth, and tell quaint lies&lt;br&gt;
How honorable ladies sought my love,&lt;br&gt;
Which I denying, they fell sick and died - &lt;br&gt;
I could not do withal! - then I'll repent, &lt;br&gt;
And wish, for all that, that I had not killed them.&lt;br&gt;
And twenty of these puny lies I'll tell,&lt;br&gt; 
That men shall swear I have discontinued school &lt;br&gt;
Above a twelvemonth. </p0826-teimww:hasText>
    <p0826-teimww:isMentionedIn>
      <p0826-teimww:passage knoraType="link_value" linkType="ref" target="ww_2e398eca5af95798"/>
    </p0826-teimww:isMentionedIn>
    <p0826-teimww:occursIn>
      <p0826-teimww:book knoraType="link_value" linkType="ref" target="ww_aa90313aec1ff25e"/>
    </p0826-teimww:occursIn>
    <p0826-teimww:wasContributedBy>
      <p0826-teimww:person knoraType="link_value" linkType="ref" target="ww_c4063e9c72a3ffd2"/>
    </p0826-teimww:wasContributedBy>
  </p0826-teimww:passage>
  <p0826-teimww:passage id="ww_595960272731daaf">
    <knoraXmlImport:label>passage</knoraXmlImport:label>
    <p0826-teimww:contains>
      <p0826-teimww:lexia knoraType="link_value" linkType="ref" target="ww_aea6ef46a6796370"/>
    </p0826-teimww:contains>
    <p0826-teimww:hasPage knoraType="richtext_value">Act 4, scene 3, lines 11-12.</p0826-teimww:hasPage>
    <p0826-teimww:hasText knoraType="richtext_value">[Berowne:] [...] Well, I do nothing in the world but &lt;span class="quote"&gt;lie, and lie in my throat. &lt;/span&gt;</p0826-teimww:hasText>
    <p0826-teimww:occursIn>
      <p0826-teimww:book knoraType="link_value" linkType="ref" target="ww_a8c8f9a292e6c950"/>
    </p0826-teimww:occursIn>
    <p0826-teimww:wasContributedBy>
      <p0826-teimww:person knoraType="link_value" linkType="ref" target="ww_c4063e9c72a3ffd2"/>
    </p0826-teimww:wasContributedBy>
  </p0826-teimww:passage>
  <p0826-teimww:passage id="ww_313fd08e882fd567">
    <knoraXmlImport:label>passage</knoraXmlImport:label>
    <p0826-teimww:contains>
      <p0826-teimww:lexia knoraType="link_value" linkType="ref" target="ww_9ba6070c2099e855"/>
    </p0826-teimww:contains>
    <p0826-teimww:hasPage knoraType="richtext_value">Act 1, scene 1, lines 247-251.</p0826-teimww:hasPage>
    <p0826-teimww:hasText knoraType="richtext_value">[King:] [...] But to the place where. It standeth &lt;span class="quote"&gt;north-north-east and by east from the west corner &lt;/span&gt;of thy curious-knotted garden. There did I see that low-spirited swain, that base minnow of thy mirth [...].</p0826-teimww:hasText>
    <p0826-teimww:isMentionedIn>
      <p0826-teimww:passage knoraType="link_value" linkType="ref" target="ww_0273124989c7bccd"/>
    </p0826-teimww:isMentionedIn>
    <p0826-teimww:isMentionedIn>
      <p0826-teimww:passage knoraType="link_value" linkType="ref" target="ww_2087dc17651c5acf"/>
    </p0826-teimww:isMentionedIn>
    <p0826-teimww:occursIn>
      <p0826-teimww:book knoraType="link_value" linkType="ref" target="ww_a8c8f9a292e6c950"/>
    </p0826-teimww:occursIn>
    <p0826-teimww:wasContributedBy>
      <p0826-teimww:person knoraType="link_value" linkType="ref" target="ww_c4063e9c72a3ffd2"/>
    </p0826-teimww:wasContributedBy>
  </p0826-teimww:passage>
  <p0826-teimww:passage id="ww_2087dc17651c5acf">
    <knoraXmlImport:label>passage</knoraXmlImport:label>
    <p0826-teimww:occursIn>
      <p0826-teimww:book knoraType="link_value" linkType="ref" target="ww_55bc1a3b04bf8a8d"/>
    </p0826-teimww:occursIn>
  </p0826-teimww:passage>
  <p0826-teimww:passage id="ww_4b50a70f0ef69f49">
    <knoraXmlImport:label>passage</knoraXmlImport:label>
    <p0826-teimww:contains>
      <p0826-teimww:lexia knoraType="link_value" linkType="ref" target="ww_30bf30e92106bbe1"/>
    </p0826-teimww:contains>
    <p0826-teimww:hasPage knoraType="richtext_value">Act 2, scene 1, line 251-252.</p0826-teimww:hasPage>
    <p0826-teimww:hasText knoraType="richtext_value">[King Philip:] [...] &lt;span class="quote"&gt;Our cannons' malice vainly shall be spent &lt;br&gt;
Against th'invulnerable clouds of heaven.&lt;/span&gt;</p0826-teimww:hasText>
    <p0826-teimww:isMentionedIn>
      <p0826-teimww:passage knoraType="link_value" linkType="ref" target="ww_a425b1878c3fe24f"/>
    </p0826-teimww:isMentionedIn>
    <p0826-teimww:occursIn>
      <p0826-teimww:book knoraType="link_value" linkType="ref" target="ww_dbb95fa0c476e400"/>
    </p0826-teimww:occursIn>
    <p0826-teimww:wasContributedBy>
      <p0826-teimww:person knoraType="link_value" linkType="ref" target="ww_c4063e9c72a3ffd2"/>
    </p0826-teimww:wasContributedBy>
  </p0826-teimww:passage>
  <p0826-teimww:passage id="ww_a425b1878c3fe24f">
    <knoraXmlImport:label>passage</knoraXmlImport:label>
    <p0826-teimww:occursIn>
      <p0826-teimww:book knoraType="link_value" linkType="ref" target="ww_b3931845d54b98d5"/>
    </p0826-teimww:occursIn>
  </p0826-teimww:passage>
  <p0826-teimww:passage id="ww_b7875021b58fa2b0">
    <knoraXmlImport:label>passage</knoraXmlImport:label>
    <p0826-teimww:contains>
      <p0826-teimww:lexia knoraType="link_value" linkType="ref" target="ww_da2ab5d68ce5b240"/>
    </p0826-teimww:contains>
    <p0826-teimww:hasPage knoraType="richtext_value">Act 4, scene 3, lines 321-326.</p0826-teimww:hasPage>
    <p0826-teimww:hasText knoraType="richtext_value">[Berowne:] But love, first learnèd in a lady’s eyes,&lt;br&gt;
Lives not alone immurèd in the brain,&lt;br&gt;
But with the motion of all elements&lt;br&gt;
Courses &lt;span class="quote"&gt;as swift as thought &lt;/span&gt;in every power,&lt;br&gt;
And gives to every power a double power,&lt;br&gt;
Above their functions and their offices.</p0826-teimww:hasText>
    <p0826-teimww:isMentionedIn>
      <p0826-teimww:passage knoraType="link_value" linkType="ref" target="ww_a885c96f6e7d004a"/>
    </p0826-teimww:isMentionedIn>
    <p0826-teimww:occursIn>
      <p0826-teimww:book knoraType="link_value" linkType="ref" target="ww_a8c8f9a292e6c950"/>
    </p0826-teimww:occursIn>
    <p0826-teimww:wasContributedBy>
      <p0826-teimww:person knoraType="link_value" linkType="ref" target="ww_c4063e9c72a3ffd2"/>
    </p0826-teimww:wasContributedBy>
  </p0826-teimww:passage>
  <p0826-teimww:passage id="ww_a885c96f6e7d004a">
    <knoraXmlImport:label>passage</knoraXmlImport:label>
    <p0826-teimww:occursIn>
      <p0826-teimww:book knoraType="link_value" linkType="ref" target="ww_160b060adc5c12bf"/>
    </p0826-teimww:occursIn>
  </p0826-teimww:passage>
  <p0826-teimww:passage id="ww_70cb970cc220a86b">
    <knoraXmlImport:label>passage</knoraXmlImport:label>
    <p0826-teimww:contains>
      <p0826-teimww:lexia knoraType="link_value" linkType="ref" target="ww_05b7f5adb161f3c1"/>
    </p0826-teimww:contains>
    <p0826-teimww:hasPage knoraType="richtext_value">Act 4, scene 2, line 89.</p0826-teimww:hasPage>
    <p0826-teimww:hasText knoraType="richtext_value">[Pembroke:] Indeed, we heard how near his death he was &lt;br&gt;
Before the child himself felt he was sick. &lt;br&gt;
This must be answered &lt;span class="quote"&gt;either here or hence.&lt;/span&gt;</p0826-teimww:hasText>
    <p0826-teimww:isMentionedIn>
      <p0826-teimww:passage knoraType="link_value" linkType="ref" target="ww_204540dd79447187"/>
    </p0826-teimww:isMentionedIn>
    <p0826-teimww:occursIn>
      <p0826-teimww:book knoraType="link_value" linkType="ref" target="ww_dbb95fa0c476e400"/>
    </p0826-teimww:occursIn>
    <p0826-teimww:wasContributedBy>
      <p0826-teimww:person knoraType="link_value" linkType="ref" target="ww_c4063e9c72a3ffd2"/>
    </p0826-teimww:wasContributedBy>
  </p0826-teimww:passage>
  <p0826-teimww:passage id="ww_204540dd79447187">
    <knoraXmlImport:label>passage</knoraXmlImport:label>
    <p0826-teimww:occursIn>
      <p0826-teimww:book knoraType="link_value" linkType="ref" target="ww_b3931845d54b98d5"/>
    </p0826-teimww:occursIn>
  </p0826-teimww:passage>
  <p0826-teimww:passage id="ww_08066d10869afe39">
    <knoraXmlImport:label>passage</knoraXmlImport:label>
    <p0826-teimww:contains>
      <p0826-teimww:lexia knoraType="link_value" linkType="ref" target="ww_f7c8b5ae81c23bc0"/>
    </p0826-teimww:contains>
    <p0826-teimww:hasPage knoraType="richtext_value">4 [normalized spelling].</p0826-teimww:hasPage>
    <p0826-teimww:hasPageHist knoraType="richtext_value">4.</p0826-teimww:hasPageHist>
    <p0826-teimww:hasText knoraType="richtext_value">The proper end of conscience is, to determin of things done. And by this one thing, conscience is distinguished from all other gifts of the mind as intelligence opinion, science faith, prudence. Intelligence simply conceives a thing &lt;span class="quote"&gt;to be or not to be: &lt;/span&gt;science judgeth it to be certain and sure: faith is a persuasion, whereby we believe things that are not [...].</p0826-teimww:hasText>
    <p0826-teimww:hasTextHist knoraType="richtext_value">The proper ende of conscience is, to determine of things done. And by this one thing, conscience is distinguished from all other gifts of the mind as intelligence opinion, science faith, prudence. Intelligence simply conceives a thing &lt;span class="quote"&gt;to be or not to be: &lt;/span&gt;science iudgeth it to be certen and sure: faith is a perswasion, whereby we beleeue things that are not [...].</p0826-teimww:hasTextHist>
    <p0826-teimww:isMentionedIn>
      <p0826-teimww:passage knoraType="link_value" linkType="ref" target="ww_3d13cc07e755c375"/>
    </p0826-teimww:isMentionedIn>
    <p0826-teimww:isMentionedIn>
      <p0826-teimww:passage knoraType="link_value" linkType="ref" target="ww_69e3e23030e9dc63"/>
    </p0826-teimww:isMentionedIn>
    <p0826-teimww:isMentionedIn>
      <p0826-teimww:passage knoraType="link_value" linkType="ref" target="ww_76f361a324a543f8"/>
    </p0826-teimww:isMentionedIn>
    <p0826-teimww:isMentionedIn>
      <p0826-teimww:passage knoraType="link_value" linkType="ref" target="ww_cf7fc3a2404a5364"/>
    </p0826-teimww:isMentionedIn>
    <p0826-teimww:isMentionedIn>
      <p0826-teimww:passage knoraType="link_value" linkType="ref" target="ww_e49eafd9f27014d9"/>
    </p0826-teimww:isMentionedIn>
    <p0826-teimww:occursIn>
      <p0826-teimww:book knoraType="link_value" linkType="ref" target="ww_13d1b8c099bf8583"/>
    </p0826-teimww:occursIn>
    <p0826-teimww:wasContributedBy>
      <p0826-teimww:person knoraType="link_value" linkType="ref" target="ww_c4063e9c72a3ffd2"/>
    </p0826-teimww:wasContributedBy>
  </p0826-teimww:passage>
  <p0826-teimww:passage id="ww_3d13cc07e755c375">
    <knoraXmlImport:label>passage</knoraXmlImport:label>
    <p0826-teimww:occursIn>
      <p0826-teimww:book knoraType="link_value" linkType="ref" target="ww_444e694490140e28"/>
    </p0826-teimww:occursIn>
  </p0826-teimww:passage>
  <p0826-teimww:passage id="ww_76f361a324a543f8">
    <knoraXmlImport:label>passage</knoraXmlImport:label>
    <p0826-teimww:occursIn>
      <p0826-teimww:book knoraType="link_value" linkType="ref" target="ww_adfdbd7c6a7b7a62"/>
    </p0826-teimww:occursIn>
  </p0826-teimww:passage>
  <p0826-teimww:passage id="ww_69e3e23030e9dc63">
    <knoraXmlImport:label>passage</knoraXmlImport:label>
    <p0826-teimww:occursIn>
      <p0826-teimww:book knoraType="link_value" linkType="ref" target="ww_91e0dc4c671938fa"/>
    </p0826-teimww:occursIn>
  </p0826-teimww:passage>
  <p0826-teimww:passage id="ww_cf7fc3a2404a5364">
    <knoraXmlImport:label>passage</knoraXmlImport:label>
    <p0826-teimww:occursIn>
      <p0826-teimww:book knoraType="link_value" linkType="ref" target="ww_0de19bd63a1c9142"/>
    </p0826-teimww:occursIn>
  </p0826-teimww:passage>
  <p0826-teimww:passage id="ww_e49eafd9f27014d9">
    <knoraXmlImport:label>passage</knoraXmlImport:label>
    <p0826-teimww:occursIn>
      <p0826-teimww:book knoraType="link_value" linkType="ref" target="ww_ca15500e7036f16e"/>
    </p0826-teimww:occursIn>
  </p0826-teimww:passage>
  <p0826-teimww:passage id="ww_4a8c14879536f30d">
    <knoraXmlImport:label>passage</knoraXmlImport:label>
    <p0826-teimww:contains>
      <p0826-teimww:lexia knoraType="link_value" linkType="ref" target="ww_578f4fe0b47886dc"/>
    </p0826-teimww:contains>
    <p0826-teimww:hasPage knoraType="richtext_value">Act 2, scene 2, line 74.</p0826-teimww:hasPage>
    <p0826-teimww:hasText knoraType="richtext_value">[Falstaff:] Now, my masters, happy man be his dole, say I. &lt;span class="quote"&gt; Every man to his business.&lt;/span&gt;</p0826-teimww:hasText>
    <p0826-teimww:isMentionedIn>
      <p0826-teimww:passage knoraType="link_value" linkType="ref" target="ww_2ae6dce901aaa2d2"/>
    </p0826-teimww:isMentionedIn>
    <p0826-teimww:occursIn>
      <p0826-teimww:book knoraType="link_value" linkType="ref" target="ww_56f51ee20f36f654"/>
    </p0826-teimww:occursIn>
    <p0826-teimww:wasContributedBy>
      <p0826-teimww:person knoraType="link_value" linkType="ref" target="ww_c4063e9c72a3ffd2"/>
    </p0826-teimww:wasContributedBy>
  </p0826-teimww:passage>
  <p0826-teimww:passage id="ww_2ae6dce901aaa2d2">
    <knoraXmlImport:label>passage</knoraXmlImport:label>
    <p0826-teimww:occursIn>
      <p0826-teimww:book knoraType="link_value" linkType="ref" target="ww_b3931845d54b98d5"/>
    </p0826-teimww:occursIn>
  </p0826-teimww:passage>
  <p0826-teimww:passage id="ww_df51b050848e8f3e">
    <knoraXmlImport:label>passage</knoraXmlImport:label>
    <p0826-teimww:contains>
      <p0826-teimww:lexia knoraType="link_value" linkType="ref" target="ww_e4b2cef68c16c1a2"/>
    </p0826-teimww:contains>
    <p0826-teimww:hasPage knoraType="richtext_value">Act 2, scene 3, line 44-46.</p0826-teimww:hasPage>
    <p0826-teimww:hasText knoraType="richtext_value">[Shallow:] &lt;span class="quote"&gt;Bodykins, &lt;/span&gt;Master Page, though I now be old and of the peace, if I see a sword out, my finger itches to make one. </p0826-teimww:hasText>
    <p0826-teimww:isMentionedIn>
      <p0826-teimww:passage knoraType="link_value" linkType="ref" target="ww_c9f60db48a1aab86"/>
    </p0826-teimww:isMentionedIn>
    <p0826-teimww:occursIn>
      <p0826-teimww:book knoraType="link_value" linkType="ref" target="ww_5196ea0769532431"/>
    </p0826-teimww:occursIn>
    <p0826-teimww:wasContributedBy>
      <p0826-teimww:person knoraType="link_value" linkType="ref" target="ww_c4063e9c72a3ffd2"/>
    </p0826-teimww:wasContributedBy>
  </p0826-teimww:passage>
  <p0826-teimww:passage id="ww_c9f60db48a1aab86">
    <knoraXmlImport:label>passage</knoraXmlImport:label>
    <p0826-teimww:occursIn>
      <p0826-teimww:book knoraType="link_value" linkType="ref" target="ww_b3931845d54b98d5"/>
    </p0826-teimww:occursIn>
  </p0826-teimww:passage>
  <p0826-teimww:passage id="ww_330a8ce9127ffddf">
    <knoraXmlImport:label>passage</knoraXmlImport:label>
    <p0826-teimww:contains>
      <p0826-teimww:lexia knoraType="link_value" linkType="ref" target="ww_de9b44a1c2738c61"/>
    </p0826-teimww:contains>
    <p0826-teimww:hasPage knoraType="richtext_value">Act 5, scene 4, lines 1-3.</p0826-teimww:hasPage>
    <p0826-teimww:hasText knoraType="richtext_value">[Hostess Quickly:]  No, &lt;span class="quote"&gt;thou arrant knave. &lt;/span&gt;I would to God that I might die, that I might have thee hanged. Thou hast drawn my shoulder out of joint.</p0826-teimww:hasText>
    <p0826-teimww:isMentionedIn>
      <p0826-teimww:passage knoraType="link_value" linkType="ref" target="ww_bd13dcde5bca4206"/>
    </p0826-teimww:isMentionedIn>
    <p0826-teimww:occursIn>
      <p0826-teimww:book knoraType="link_value" linkType="ref" target="ww_663bc260dc952b96"/>
    </p0826-teimww:occursIn>
    <p0826-teimww:wasContributedBy>
      <p0826-teimww:person knoraType="link_value" linkType="ref" target="ww_c4063e9c72a3ffd2"/>
    </p0826-teimww:wasContributedBy>
  </p0826-teimww:passage>
  <p0826-teimww:passage id="ww_bd13dcde5bca4206">
    <knoraXmlImport:label>passage</knoraXmlImport:label>
    <p0826-teimww:occursIn>
      <p0826-teimww:book knoraType="link_value" linkType="ref" target="ww_3e15ab6c612eadae"/>
    </p0826-teimww:occursIn>
  </p0826-teimww:passage>
  <p0826-teimww:passage id="ww_6dac0d9b4ca94d1f">
    <knoraXmlImport:label>passage</knoraXmlImport:label>
    <p0826-teimww:contains>
      <p0826-teimww:lexia knoraType="link_value" linkType="ref" target="ww_8d448b4cd804370b"/>
    </p0826-teimww:contains>
    <p0826-teimww:hasPage knoraType="richtext_value">Act 2, scene 4, lines 245-251.</p0826-teimww:hasPage>
    <p0826-teimww:hasText knoraType="richtext_value">[Falstaff:] What, upon compulsion? Zounds, an I were at the strappado or all the racks in the world, I would not tell you on compulsion. Give you a reason on compulsion? &lt;span class="quote"&gt;If reasons were as plentiful as blackberries, &lt;/span&gt;I would give no man a reason upon compulsion, I.</p0826-teimww:hasText>
    <p0826-teimww:isMentionedIn>
      <p0826-teimww:passage knoraType="link_value" linkType="ref" target="ww_3f9770ac3992d860"/>
    </p0826-teimww:isMentionedIn>
    <p0826-teimww:occursIn>
      <p0826-teimww:book knoraType="link_value" linkType="ref" target="ww_56f51ee20f36f654"/>
    </p0826-teimww:occursIn>
    <p0826-teimww:wasContributedBy>
      <p0826-teimww:person knoraType="link_value" linkType="ref" target="ww_c4063e9c72a3ffd2"/>
    </p0826-teimww:wasContributedBy>
  </p0826-teimww:passage>
  <p0826-teimww:passage id="ww_3f9770ac3992d860">
    <knoraXmlImport:label>passage</knoraXmlImport:label>
    <p0826-teimww:occursIn>
      <p0826-teimww:book knoraType="link_value" linkType="ref" target="ww_aee75c33920a3b79"/>
    </p0826-teimww:occursIn>
  </p0826-teimww:passage>
  <p0826-teimww:passage id="ww_4262277efbdca529">
    <knoraXmlImport:label>passage</knoraXmlImport:label>
    <p0826-teimww:contains>
      <p0826-teimww:lexia knoraType="link_value" linkType="ref" target="ww_bfb7efb1c6fad605"/>
    </p0826-teimww:contains>
    <p0826-teimww:hasPage knoraType="richtext_value">Act 3, scene 2, lines 266-268.</p0826-teimww:hasPage>
    <p0826-teimww:hasText knoraType="richtext_value">[Falstaff:] Will you tell me, Master Shallow, how to choose a man? Care I for the limb, &lt;span class="quote"&gt;the thews, the stature, bulk, &lt;/span&gt;and big assemblance of a man! Give me the spirit, Master Shallow.</p0826-teimww:hasText>
    <p0826-teimww:isMentionedIn>
      <p0826-teimww:passage knoraType="link_value" linkType="ref" target="ww_9b4dd400b009aa14"/>
    </p0826-teimww:isMentionedIn>
    <p0826-teimww:occursIn>
      <p0826-teimww:book knoraType="link_value" linkType="ref" target="ww_663bc260dc952b96"/>
    </p0826-teimww:occursIn>
    <p0826-teimww:wasContributedBy>
      <p0826-teimww:person knoraType="link_value" linkType="ref" target="ww_c4063e9c72a3ffd2"/>
    </p0826-teimww:wasContributedBy>
  </p0826-teimww:passage>
  <p0826-teimww:passage id="ww_9b4dd400b009aa14">
    <knoraXmlImport:label>passage</knoraXmlImport:label>
    <p0826-teimww:occursIn>
      <p0826-teimww:book knoraType="link_value" linkType="ref" target="ww_b3931845d54b98d5"/>
    </p0826-teimww:occursIn>
  </p0826-teimww:passage>
  <p0826-teimww:passage id="ww_e3d8143425fe102a">
    <knoraXmlImport:label>passage</knoraXmlImport:label>
    <p0826-teimww:contains>
      <p0826-teimww:lexia knoraType="link_value" linkType="ref" target="ww_cc560eeec381f203"/>
    </p0826-teimww:contains>
    <p0826-teimww:hasPage knoraType="richtext_value">Act 2, scene 4, lines 32-35.</p0826-teimww:hasPage>
    <p0826-teimww:hasText knoraType="richtext_value">[Fallstaff:] [sings]&lt;span class="quote"&gt; &lt;I&gt; When Arthur first in court -&lt;/I&gt; &lt;/span&gt;&lt;br&gt;
[To Will] Empty the Jordans [Will exits] &lt;br&gt;
&lt;I&gt;And was a worthy king -&lt;/I&gt;</p0826-teimww:hasText>
    <p0826-teimww:isMentionedIn>
      <p0826-teimww:passage knoraType="link_value" linkType="ref" target="ww_cc1b67d0ccd33cae"/>
    </p0826-teimww:isMentionedIn>
    <p0826-teimww:occursIn>
      <p0826-teimww:book knoraType="link_value" linkType="ref" target="ww_663bc260dc952b96"/>
    </p0826-teimww:occursIn>
    <p0826-teimww:wasContributedBy>
      <p0826-teimww:person knoraType="link_value" linkType="ref" target="ww_7f35f6802efd910d"/>
    </p0826-teimww:wasContributedBy>
  </p0826-teimww:passage>
  <p0826-teimww:passage id="ww_cc1b67d0ccd33cae">
    <knoraXmlImport:label>passage</knoraXmlImport:label>
    <p0826-teimww:occursIn>
      <p0826-teimww:book knoraType="link_value" linkType="ref" target="ww_0f0f2ccb24fa3b96"/>
    </p0826-teimww:occursIn>
  </p0826-teimww:passage>
  <p0826-teimww:passage id="ww_917c9ef04e00f975">
    <knoraXmlImport:label>passage</knoraXmlImport:label>
    <p0826-teimww:contains>
      <p0826-teimww:lexia knoraType="link_value" linkType="ref" target="ww_de9b44a1c2738c61"/>
    </p0826-teimww:contains>
    <p0826-teimww:hasPage knoraType="richtext_value">Act 5, scene 4, lines 30-42.</p0826-teimww:hasPage>
    <p0826-teimww:hasText knoraType="richtext_value">[Shallow:] Yea, Davy, I will use him well. A friend i' th' court is better than a penny in purse. Use his men well, Davy, for they are &lt;span class="quote"&gt;arrant knaves &lt;/span&gt;and will backbite.&lt;br&gt;
[Davy:] No worse than they are back-bitten, sir, for they
have marvelous foul linen.&lt;br&gt;
[Shallow:] Well-conceited, Davy. About thy business,
Davy.&lt;br&gt;
[Davy:] I beseech you, sir, to countenance William Visor
of Woncot against Clement Perkes o’ th’ hill.&lt;br&gt;
[Shallow:] There is many complaints, Davy, against that	
Visor. That Visor is &lt;span class="quote"&gt;an arrant knave, &lt;/span&gt;on my knowledge.</p0826-teimww:hasText>
    <p0826-teimww:isMentionedIn>
      <p0826-teimww:passage knoraType="link_value" linkType="ref" target="ww_8922736c69dc0eed"/>
    </p0826-teimww:isMentionedIn>
    <p0826-teimww:occursIn>
      <p0826-teimww:book knoraType="link_value" linkType="ref" target="ww_663bc260dc952b96"/>
    </p0826-teimww:occursIn>
    <p0826-teimww:wasContributedBy>
      <p0826-teimww:person knoraType="link_value" linkType="ref" target="ww_8106744e44c77c96"/>
    </p0826-teimww:wasContributedBy>
  </p0826-teimww:passage>
  <p0826-teimww:passage id="ww_8922736c69dc0eed">
    <knoraXmlImport:label>passage</knoraXmlImport:label>
    <p0826-teimww:occursIn>
      <p0826-teimww:book knoraType="link_value" linkType="ref" target="ww_3e15ab6c612eadae"/>
    </p0826-teimww:occursIn>
  </p0826-teimww:passage>
  <p0826-teimww:passage id="ww_cfc24cf86ead5a0a">
    <knoraXmlImport:label>passage</knoraXmlImport:label>
    <p0826-teimww:contains>
      <p0826-teimww:lexia knoraType="link_value" linkType="ref" target="ww_fba3108902c095f8"/>
    </p0826-teimww:contains>
    <p0826-teimww:contains>
      <p0826-teimww:lexia knoraType="link_value" linkType="ref" target="ww_171633b41ff9a019"/>
    </p0826-teimww:contains>
    <p0826-teimww:hasPage knoraType="richtext_value">N.p.; main text, lines 44-58 [normalised spelling].</p0826-teimww:hasPage>
    <p0826-teimww:hasPageHist knoraType="richtext_value">N.p.; main text, lines 44-58.</p0826-teimww:hasPageHist>
    <p0826-teimww:hasText knoraType="richtext_value">[Comedy:] How some damned tyrant to obtain a crown, &lt;br&gt;
Stabs, hangs, poisons, smothers, cuts throats, &lt;br&gt;
And then a Chorus too comes howling in, &lt;br&gt;
And tells us of the worrying of a cat, &lt;br&gt;
Then of &lt;span class="quote"&gt;a filthy whining ghost, &lt;br&gt;
Lapt in some foul sheet, or a leather pelt, &lt;br&gt;
Comes screaming like a pig half sticked, &lt;br&gt;
And &lt;span class="quote"&gt;cries Vindicta, revenge, revenge: &lt;/span&gt;&lt;br&gt;&lt;/span&gt;
With that a little rose flashes forth, &lt;br&gt;
Like smoke out of a Tobacco pipe, or a boys squib: &lt;br&gt;
Then comes in two or three like to drovers, &lt;br&gt;
With tailors bodkins, stabbing one another, &lt;br&gt;
Is not this trim? is not here goodly things? &lt;br&gt;
That you should be so much accounted of, &lt;br&gt;
I would not else.</p0826-teimww:hasText>
    <p0826-teimww:hasTextHist knoraType="richtext_value">[Comedy:] How some damnd tyrant to obtaine a crowne, &lt;br&gt;
Stabs, hangs, impoysons, smothers, cutteth throats, &lt;br&gt;
And then a Chorus too comes howling in, &lt;br&gt;
And tels vs of the worrying of a cat, &lt;br&gt;
Then of &lt;span class="quote"&gt;a filthie whining ghost, &lt;br&gt;
Lapt in some fowle sheete, or a leather pelch, &lt;br&gt;
Comes skreaming like a pigge halfe stickt, &lt;br&gt;
And cries Vindicta, reuenge, reuenge: &lt;/span&gt;&lt;br&gt;
With that a little Rosen flasheth forth, &lt;br&gt;
Like smoke out of a Tabacco pipe, or a boyes squib: &lt;br&gt;
Then comes in two or three like to drouers, &lt;br&gt;
With taylers bodkins, stabbing one another, &lt;br&gt;
Is not this trim? is not here goodly things? &lt;br&gt;
That you should be so much accounted of, &lt;br&gt;
I would not else.</p0826-teimww:hasTextHist>
    <p0826-teimww:isMentionedIn>
      <p0826-teimww:passage knoraType="link_value" linkType="ref" target="ww_01b0d076e1a70024"/>
    </p0826-teimww:isMentionedIn>
    <p0826-teimww:occursIn>
      <p0826-teimww:book knoraType="link_value" linkType="ref" target="ww_b2ee01ef371c8ee8"/>
    </p0826-teimww:occursIn>
    <p0826-teimww:wasContributedBy>
      <p0826-teimww:person knoraType="link_value" linkType="ref" target="ww_c4063e9c72a3ffd2"/>
    </p0826-teimww:wasContributedBy>
  </p0826-teimww:passage>
  <p0826-teimww:passage id="ww_01b0d076e1a70024">
    <knoraXmlImport:label>passage</knoraXmlImport:label>
    <p0826-teimww:occursIn>
      <p0826-teimww:book knoraType="link_value" linkType="ref" target="ww_3e15ab6c612eadae"/>
    </p0826-teimww:occursIn>
  </p0826-teimww:passage>
  <p0826-teimww:passage id="ww_8cb31050f64f481d">
    <knoraXmlImport:label>passage</knoraXmlImport:label>
    <p0826-teimww:contains>
      <p0826-teimww:lexia knoraType="link_value" linkType="ref" target="ww_3c12f2334e2d9a87"/>
    </p0826-teimww:contains>
    <p0826-teimww:hasPage knoraType="richtext_value">Act 4, scene 5, lines 267-269.</p0826-teimww:hasPage>
    <p0826-teimww:hasText knoraType="richtext_value">[King:] [...] Let all the tears that should bedew my hearse&lt;br&gt;
Be drops of balm to sanctify thy head;&lt;br&gt;
Only &lt;span class="quote"&gt;compound me with forgotten dust.&lt;/span&gt;&lt;br&gt;</p0826-teimww:hasText>
    <p0826-teimww:isMentionedIn>
      <p0826-teimww:passage knoraType="link_value" linkType="ref" target="ww_86ca1ad7b28de935"/>
    </p0826-teimww:isMentionedIn>
    <p0826-teimww:occursIn>
      <p0826-teimww:book knoraType="link_value" linkType="ref" target="ww_663bc260dc952b96"/>
    </p0826-teimww:occursIn>
    <p0826-teimww:wasContributedBy>
      <p0826-teimww:person knoraType="link_value" linkType="ref" target="ww_5fbb1eab1b30dfee"/>
    </p0826-teimww:wasContributedBy>
  </p0826-teimww:passage>
  <p0826-teimww:passage id="ww_86ca1ad7b28de935">
    <knoraXmlImport:label>passage</knoraXmlImport:label>
    <p0826-teimww:occursIn>
      <p0826-teimww:book knoraType="link_value" linkType="ref" target="ww_b3931845d54b98d5"/>
    </p0826-teimww:occursIn>
  </p0826-teimww:passage>
  <p0826-teimww:passage id="ww_66089fa4f4c3fafa">
    <knoraXmlImport:label>passage</knoraXmlImport:label>
    <p0826-teimww:contains>
      <p0826-teimww:lexia knoraType="link_value" linkType="ref" target="ww_1fe3ab0109530ca1"/>
    </p0826-teimww:contains>
    <p0826-teimww:hasPage knoraType="richtext_value">Act, 3, scene 1, lines 13-17.</p0826-teimww:hasPage>
    <p0826-teimww:hasText knoraType="richtext_value">[Glendower:] I cannot blame him. At my nativity&lt;br&gt;
The front of heaven was full of fiery shapes,&lt;br&gt;
Of burning cressets, and at my birth&lt;br&gt;
The &lt;span class="quote"&gt;frame and huge foundation of the Earth&lt;br&gt;&lt;/span&gt;
Shaked like a coward.</p0826-teimww:hasText>
    <p0826-teimww:isMentionedIn>
      <p0826-teimww:passage knoraType="link_value" linkType="ref" target="ww_0e451a678a941df9"/>
    </p0826-teimww:isMentionedIn>
    <p0826-teimww:occursIn>
      <p0826-teimww:book knoraType="link_value" linkType="ref" target="ww_56f51ee20f36f654"/>
    </p0826-teimww:occursIn>
    <p0826-teimww:wasContributedBy>
      <p0826-teimww:person knoraType="link_value" linkType="ref" target="ww_5fbb1eab1b30dfee"/>
    </p0826-teimww:wasContributedBy>
  </p0826-teimww:passage>
  <p0826-teimww:passage id="ww_0e451a678a941df9">
    <knoraXmlImport:label>passage</knoraXmlImport:label>
    <p0826-teimww:occursIn>
      <p0826-teimww:book knoraType="link_value" linkType="ref" target="ww_b3931845d54b98d5"/>
    </p0826-teimww:occursIn>
  </p0826-teimww:passage>
  <p0826-teimww:passage id="ww_f6f1d4e65b036af0">
    <knoraXmlImport:label>passage</knoraXmlImport:label>
    <p0826-teimww:contains>
      <p0826-teimww:lexia knoraType="link_value" linkType="ref" target="ww_9957200c1111e61e"/>
    </p0826-teimww:contains>
    <p0826-teimww:hasPage knoraType="richtext_value">Act 3, scene 1, lines 60-61.</p0826-teimww:hasPage>
    <p0826-teimww:hasText knoraType="richtext_value">[Hotspur:] And I can teach thee, coz, to shame the devil&lt;br&gt;
By telling truth. &lt;span class="quote"&gt;Tell truth and shame the devil.&lt;/span&gt;</p0826-teimww:hasText>
    <p0826-teimww:isMentionedIn>
      <p0826-teimww:passage knoraType="link_value" linkType="ref" target="ww_8d203854017fe732"/>
    </p0826-teimww:isMentionedIn>
    <p0826-teimww:occursIn>
      <p0826-teimww:book knoraType="link_value" linkType="ref" target="ww_56f51ee20f36f654"/>
    </p0826-teimww:occursIn>
    <p0826-teimww:wasContributedBy>
      <p0826-teimww:person knoraType="link_value" linkType="ref" target="ww_c4063e9c72a3ffd2"/>
    </p0826-teimww:wasContributedBy>
  </p0826-teimww:passage>
  <p0826-teimww:passage id="ww_8d203854017fe732">
    <knoraXmlImport:label>passage</knoraXmlImport:label>
    <p0826-teimww:occursIn>
      <p0826-teimww:book knoraType="link_value" linkType="ref" target="ww_b3931845d54b98d5"/>
    </p0826-teimww:occursIn>
  </p0826-teimww:passage>
  <p0826-teimww:passage id="ww_bc2b1df7aae01109">
    <knoraXmlImport:label>passage</knoraXmlImport:label>
    <p0826-teimww:contains>
      <p0826-teimww:lexia knoraType="link_value" linkType="ref" target="ww_de9b44a1c2738c61"/>
    </p0826-teimww:contains>
    <p0826-teimww:hasPage knoraType="richtext_value">Act 5, scene 1, lines 336-337.</p0826-teimww:hasPage>
    <p0826-teimww:hasText knoraType="richtext_value">[Dogberry:] I leave &lt;span class="quote"&gt;an arrant knave &lt;/span&gt;with your Worship, which I beseech your Worship to correct yourself, for the example of others.</p0826-teimww:hasText>
    <p0826-teimww:isMentionedIn>
      <p0826-teimww:passage knoraType="link_value" linkType="ref" target="ww_31731cd10fb4b6be"/>
    </p0826-teimww:isMentionedIn>
    <p0826-teimww:occursIn>
      <p0826-teimww:book knoraType="link_value" linkType="ref" target="ww_a8549c12c9507c4b"/>
    </p0826-teimww:occursIn>
    <p0826-teimww:wasContributedBy>
      <p0826-teimww:person knoraType="link_value" linkType="ref" target="ww_c4063e9c72a3ffd2"/>
    </p0826-teimww:wasContributedBy>
  </p0826-teimww:passage>
  <p0826-teimww:passage id="ww_31731cd10fb4b6be">
    <knoraXmlImport:label>passage</knoraXmlImport:label>
    <p0826-teimww:occursIn>
      <p0826-teimww:book knoraType="link_value" linkType="ref" target="ww_3e15ab6c612eadae"/>
    </p0826-teimww:occursIn>
  </p0826-teimww:passage>
  <p0826-teimww:passage id="ww_f3a93252ae76a809">
    <knoraXmlImport:label>passage</knoraXmlImport:label>
    <p0826-teimww:contains>
      <p0826-teimww:lexia knoraType="link_value" linkType="ref" target="ww_9a96b9f497c20db4"/>
    </p0826-teimww:contains>
    <p0826-teimww:hasPage knoraType="richtext_value">N.p.; act 4, scene 7, lines 119-121 [normalized spelling].</p0826-teimww:hasPage>
    <p0826-teimww:hasPageHist knoraType="richtext_value">N.p.; act 4, scene 7, lines 119-121.</p0826-teimww:hasPageHist>
    <p0826-teimww:hasText knoraType="richtext_value">[Bobadill:] […] sure &lt;span class="quote"&gt;I was struck with a planet &lt;/span&gt;thence, for I had no power to touch my weapon. &lt;br&gt;
[Ed. Knowell:]
I, like enough, I have heard of many that have been beaten under a planet: go, get you to a surgeon.</p0826-teimww:hasText>
    <p0826-teimww:hasTextHist knoraType="richtext_value">[Bobadill:] […] sure I was strooke with a plannet thence, for I had no power to touch my weapon. &lt;br&gt;
[Ed. Kno’well:] I, like inough, I haue heard of many that haue beene beaten vnder a plannet: goe, get you to a surgean.</p0826-teimww:hasTextHist>
    <p0826-teimww:isMentionedIn>
      <p0826-teimww:passage knoraType="link_value" linkType="ref" target="ww_cd6e065766a4cd97"/>
    </p0826-teimww:isMentionedIn>
    <p0826-teimww:occursIn>
      <p0826-teimww:book knoraType="link_value" linkType="ref" target="ww_e28d0c710c7d6851"/>
    </p0826-teimww:occursIn>
    <p0826-teimww:wasContributedBy>
      <p0826-teimww:person knoraType="link_value" linkType="ref" target="ww_7f35f6802efd910d"/>
    </p0826-teimww:wasContributedBy>
  </p0826-teimww:passage>
  <p0826-teimww:passage id="ww_cd6e065766a4cd97">
    <knoraXmlImport:label>passage</knoraXmlImport:label>
    <p0826-teimww:occursIn>
      <p0826-teimww:book knoraType="link_value" linkType="ref" target="ww_5eeeb3e78e8b0bc3"/>
    </p0826-teimww:occursIn>
  </p0826-teimww:passage>
  <p0826-teimww:passage id="ww_4f0115f3e3ca1758">
    <knoraXmlImport:label>passage</knoraXmlImport:label>
    <p0826-teimww:contains>
      <p0826-teimww:lexia knoraType="link_value" linkType="ref" target="ww_78be9be0e92495cf"/>
    </p0826-teimww:contains>
    <p0826-teimww:hasPage knoraType="richtext_value">Act 4, scene 1, lines 300-304.</p0826-teimww:hasPage>
    <p0826-teimww:hasText knoraType="richtext_value">[Benedick:] And do it with all thy heart.&lt;br&gt;
[Beatrice:] I love you with so much of my heart that
none is left to protest.&lt;br&gt;
[Benedick:] Come, bid me do anything for thee.&lt;br&gt;
[Beatrice:] &lt;span class="quote"&gt;Kill Claudio.&lt;/span&gt;&lt;br&gt;
[Benedick:] Ha! Not for the wide world.</p0826-teimww:hasText>
    <p0826-teimww:isMentionedIn>
      <p0826-teimww:passage knoraType="link_value" linkType="ref" target="ww_9c27af33bbb81f35"/>
    </p0826-teimww:isMentionedIn>
    <p0826-teimww:occursIn>
      <p0826-teimww:book knoraType="link_value" linkType="ref" target="ww_a8549c12c9507c4b"/>
    </p0826-teimww:occursIn>
    <p0826-teimww:wasContributedBy>
      <p0826-teimww:person knoraType="link_value" linkType="ref" target="ww_7f35f6802efd910d"/>
    </p0826-teimww:wasContributedBy>
  </p0826-teimww:passage>
  <p0826-teimww:passage id="ww_9c27af33bbb81f35">
    <knoraXmlImport:label>passage</knoraXmlImport:label>
    <p0826-teimww:occursIn>
      <p0826-teimww:book knoraType="link_value" linkType="ref" target="ww_0f0f2ccb24fa3b96"/>
    </p0826-teimww:occursIn>
  </p0826-teimww:passage>
  <p0826-teimww:passage id="ww_298f3887c202e8ec">
    <knoraXmlImport:label>passage</knoraXmlImport:label>
    <p0826-teimww:contains>
      <p0826-teimww:lexia knoraType="link_value" linkType="ref" target="ww_a70f2f38c9af9ab8"/>
    </p0826-teimww:contains>
    <p0826-teimww:hasPage knoraType="richtext_value">Act 3, scene 4, lines 55-56.</p0826-teimww:hasPage>
    <p0826-teimww:hasText knoraType="richtext_value">[Margaret:] Well, an you be not &lt;span class="quote"&gt;turned Turk, &lt;/span&gt;there's no more sailing by the star.</p0826-teimww:hasText>
    <p0826-teimww:isMentionedIn>
      <p0826-teimww:passage knoraType="link_value" linkType="ref" target="ww_8c5f344682416836"/>
    </p0826-teimww:isMentionedIn>
    <p0826-teimww:isMentionedIn>
      <p0826-teimww:passage knoraType="link_value" linkType="ref" target="ww_43c21324af55d9d6"/>
    </p0826-teimww:isMentionedIn>
    <p0826-teimww:occursIn>
      <p0826-teimww:book knoraType="link_value" linkType="ref" target="ww_a8549c12c9507c4b"/>
    </p0826-teimww:occursIn>
    <p0826-teimww:wasContributedBy>
      <p0826-teimww:person knoraType="link_value" linkType="ref" target="ww_c4063e9c72a3ffd2"/>
    </p0826-teimww:wasContributedBy>
  </p0826-teimww:passage>
  <p0826-teimww:passage id="ww_43c21324af55d9d6">
    <knoraXmlImport:label>passage</knoraXmlImport:label>
    <p0826-teimww:occursIn>
      <p0826-teimww:book knoraType="link_value" linkType="ref" target="ww_b3931845d54b98d5"/>
    </p0826-teimww:occursIn>
  </p0826-teimww:passage>
  <p0826-teimww:passage id="ww_6659b23525dbe464">
    <knoraXmlImport:label>passage</knoraXmlImport:label>
    <p0826-teimww:contains>
      <p0826-teimww:lexia knoraType="link_value" linkType="ref" target="ww_de9b44a1c2738c61"/>
    </p0826-teimww:contains>
    <p0826-teimww:hasPage knoraType="richtext_value">Act 3, scene 5, lines 29-31.</p0826-teimww:hasPage>
    <p0826-teimww:hasText knoraType="richtext_value">[Verges:] Marry, sir, our watch tonight, excepting your Worship's presence, ha' ta'en a couple of as &lt;span class="quote"&gt;arrant knaves &lt;/span&gt; as any in Messina.</p0826-teimww:hasText>
    <p0826-teimww:isMentionedIn>
      <p0826-teimww:passage knoraType="link_value" linkType="ref" target="ww_3dd02b37e259d544"/>
    </p0826-teimww:isMentionedIn>
    <p0826-teimww:occursIn>
      <p0826-teimww:book knoraType="link_value" linkType="ref" target="ww_a8549c12c9507c4b"/>
    </p0826-teimww:occursIn>
    <p0826-teimww:wasContributedBy>
      <p0826-teimww:person knoraType="link_value" linkType="ref" target="ww_8106744e44c77c96"/>
    </p0826-teimww:wasContributedBy>
  </p0826-teimww:passage>
  <p0826-teimww:passage id="ww_3dd02b37e259d544">
    <knoraXmlImport:label>passage</knoraXmlImport:label>
    <p0826-teimww:occursIn>
      <p0826-teimww:book knoraType="link_value" linkType="ref" target="ww_3e15ab6c612eadae"/>
    </p0826-teimww:occursIn>
  </p0826-teimww:passage>
  <p0826-teimww:passage id="ww_f0ff691ae64d0ebc">
    <knoraXmlImport:label>passage</knoraXmlImport:label>
    <p0826-teimww:contains>
      <p0826-teimww:lexia knoraType="link_value" linkType="ref" target="ww_e75dbfb757abbb29"/>
    </p0826-teimww:contains>
    <p0826-teimww:contains>
      <p0826-teimww:lexia knoraType="link_value" linkType="ref" target="ww_e600b3175d2bea1a"/>
    </p0826-teimww:contains>
    <p0826-teimww:hasPage knoraType="richtext_value">N.p.; lines 1-8 [normalised spelling].</p0826-teimww:hasPage>
    <p0826-teimww:hasPageHist knoraType="richtext_value">N.p.; lines 1-8.</p0826-teimww:hasPageHist>
    <p0826-teimww:hasText knoraType="richtext_value">From the black kingdom of infernal Dis  [...]&lt;br&gt;
And from the dungeon of the dark abyss,&lt;br&gt;
Wherein the &lt;span class="quote"&gt;Ocean Seas of troubles slow,&lt;/span&gt;&lt;br&gt;
I do ascend upon &lt;span class="quote"&gt;this worldly stage &lt;/span&gt;[...].</p0826-teimww:hasText>
    <p0826-teimww:hasTextHist knoraType="richtext_value">From the black kingdome of infernall Dis  [...]&lt;br&gt;
And from the dungen of the darke abysse,&lt;br&gt;
Wherein the &lt;span class="quote"&gt;Ocean Seas of troubles slowe,&lt;/span&gt;
I doe ascend vpon this worldly stage [...].</p0826-teimww:hasTextHist>
    <p0826-teimww:isMentionedIn>
      <p0826-teimww:passage knoraType="link_value" linkType="ref" target="ww_561dcbf52f49228b"/>
    </p0826-teimww:isMentionedIn>
    <p0826-teimww:occursIn>
      <p0826-teimww:book knoraType="link_value" linkType="ref" target="ww_4300396a5efb95d0"/>
    </p0826-teimww:occursIn>
    <p0826-teimww:wasContributedBy>
      <p0826-teimww:person knoraType="link_value" linkType="ref" target="ww_c4063e9c72a3ffd2"/>
    </p0826-teimww:wasContributedBy>
  </p0826-teimww:passage>
  <p0826-teimww:passage id="ww_561dcbf52f49228b">
    <knoraXmlImport:label>passage</knoraXmlImport:label>
    <p0826-teimww:occursIn>
      <p0826-teimww:book knoraType="link_value" linkType="ref" target="ww_3e15ab6c612eadae"/>
    </p0826-teimww:occursIn>
  </p0826-teimww:passage>
  <p0826-teimww:passage id="ww_ee80829c980848f2">
    <knoraXmlImport:label>passage</knoraXmlImport:label>
    <p0826-teimww:contains>
      <p0826-teimww:lexia knoraType="link_value" linkType="ref" target="ww_a90f6c2e3005dc20"/>
    </p0826-teimww:contains>
    <p0826-teimww:hasPage knoraType="richtext_value">Act 2, scene 1, lines 269-271.</p0826-teimww:hasPage>
    <p0826-teimww:hasText knoraType="richtext_value">[Benedick:] O God, sir, here's a dish I love not! &lt;span class="quote"&gt;I cannot endure my Lady Tongue.&lt;/span&gt;</p0826-teimww:hasText>
    <p0826-teimww:isMentionedIn>
      <p0826-teimww:passage knoraType="link_value" linkType="ref" target="ww_2ae307ae717836a8"/>
    </p0826-teimww:isMentionedIn>
    <p0826-teimww:occursIn>
      <p0826-teimww:book knoraType="link_value" linkType="ref" target="ww_a8549c12c9507c4b"/>
    </p0826-teimww:occursIn>
    <p0826-teimww:wasContributedBy>
      <p0826-teimww:person knoraType="link_value" linkType="ref" target="ww_c4063e9c72a3ffd2"/>
    </p0826-teimww:wasContributedBy>
  </p0826-teimww:passage>
  <p0826-teimww:passage id="ww_2889ab5f85490354">
    <knoraXmlImport:label>passage</knoraXmlImport:label>
    <p0826-teimww:contains>
      <p0826-teimww:lexia knoraType="link_value" linkType="ref" target="ww_f14c7f50b76b90d7"/>
    </p0826-teimww:contains>
    <p0826-teimww:hasPage knoraType="richtext_value">532.</p0826-teimww:hasPage>
    <p0826-teimww:hasPageHist knoraType="richtext_value">532.</p0826-teimww:hasPageHist>
    <p0826-teimww:hasText knoraType="richtext_value">And &lt;span class="quote"&gt;my prophetic soul &lt;/span&gt;doth truly say [...].</p0826-teimww:hasText>
    <p0826-teimww:hasTextHist knoraType="richtext_value">And &lt;span class="quote"&gt;my Propheticke Soul &lt;/span&gt;doth truely say [...].</p0826-teimww:hasTextHist>
    <p0826-teimww:isMentionedIn>
      <p0826-teimww:passage knoraType="link_value" linkType="ref" target="ww_c0c534f0e686c961"/>
    </p0826-teimww:isMentionedIn>
    <p0826-teimww:occursIn>
      <p0826-teimww:book knoraType="link_value" linkType="ref" target="ww_44d1ba9fad9a06b8"/>
    </p0826-teimww:occursIn>
    <p0826-teimww:wasContributedBy>
      <p0826-teimww:person knoraType="link_value" linkType="ref" target="ww_c4063e9c72a3ffd2"/>
    </p0826-teimww:wasContributedBy>
  </p0826-teimww:passage>
  <p0826-teimww:passage id="ww_c0c534f0e686c961">
    <knoraXmlImport:label>passage</knoraXmlImport:label>
    <p0826-teimww:occursIn>
      <p0826-teimww:book knoraType="link_value" linkType="ref" target="ww_91e0dc4c671938fa"/>
    </p0826-teimww:occursIn>
  </p0826-teimww:passage>
  <p0826-teimww:passage id="ww_401114afff7d3561">
    <knoraXmlImport:label>passage</knoraXmlImport:label>
    <p0826-teimww:contains>
      <p0826-teimww:lexia knoraType="link_value" linkType="ref" target="ww_dbd1a9776b644b91"/>
    </p0826-teimww:contains>
    <p0826-teimww:hasPage knoraType="richtext_value">F3 recto; book 2, satire 7 "A Cynicke Satyre" [normalized spelling].</p0826-teimww:hasPage>
    <p0826-teimww:hasPageHist knoraType="richtext_value">F3 recto; book 2, satire 7 "A Cynicke Satyre".</p0826-teimww:hasPageHist>
    <p0826-teimww:hasText knoraType="richtext_value">He's but a &lt;span class="quote"&gt;&lt;i&gt;sponge,&lt;/i&gt; and shortly needs must lease &lt;br&gt;
His wrong got juice, when &lt;i&gt;greatness' fist shall squeeze &lt;br&gt;
His liquor out.&lt;/i&gt;&lt;/span class&gt;</p0826-teimww:hasText>
    <p0826-teimww:hasTextHist knoraType="richtext_value">He's but a &lt;span class="quote"&gt;&lt;i&gt;spunge,&lt;/i&gt; and shortly needes must leese &lt;br&gt;
His wrong got iuyce, when &lt;i&gt;greatnes fist shal squeese &lt;br&gt;
His liquor out.&lt;/i&gt;&lt;/span class&gt;</p0826-teimww:hasTextHist>
    <p0826-teimww:isMentionedIn>
      <p0826-teimww:passage knoraType="link_value" linkType="ref" target="ww_b659aa11783d7fc3"/>
    </p0826-teimww:isMentionedIn>
    <p0826-teimww:occursIn>
      <p0826-teimww:book knoraType="link_value" linkType="ref" target="ww_32fdd8378826e2d8"/>
    </p0826-teimww:occursIn>
    <p0826-teimww:wasContributedBy>
      <p0826-teimww:person knoraType="link_value" linkType="ref" target="ww_c4063e9c72a3ffd2"/>
    </p0826-teimww:wasContributedBy>
  </p0826-teimww:passage>
  <p0826-teimww:passage id="ww_b659aa11783d7fc3">
    <knoraXmlImport:label>passage</knoraXmlImport:label>
    <p0826-teimww:occursIn>
      <p0826-teimww:book knoraType="link_value" linkType="ref" target="ww_b3931845d54b98d5"/>
    </p0826-teimww:occursIn>
  </p0826-teimww:passage>
  <p0826-teimww:passage id="ww_1efdff27768ca97a">
    <knoraXmlImport:label>passage</knoraXmlImport:label>
    <p0826-teimww:contains>
      <p0826-teimww:lexia knoraType="link_value" linkType="ref" target="ww_a2e8ea5160a5f801"/>
    </p0826-teimww:contains>
    <p0826-teimww:contains>
      <p0826-teimww:lexia knoraType="link_value" linkType="ref" target="ww_d0d70e1ed0d1472b"/>
    </p0826-teimww:contains>
    <p0826-teimww:hasPage knoraType="richtext_value">216, lines 717-22, section "The Furies".</p0826-teimww:hasPage>
    <p0826-teimww:hasText knoraType="richtext_value">Then, boyling Wrath, stern, cruell, swift, and rash,&lt;br&gt;
That like a Boar her teeth doth grinde and gnash:&lt;br&gt;
Whose &lt;span class="quote"&gt;hair doth stare&lt;/span&gt;, like &lt;span class="quote"&gt;bristled Porcupine&lt;/span&gt;;&lt;br&gt;
Who som-times rowles her ghastly-glowing eyn,&lt;br&gt;
And som-time fixtly on the ground doth glaunce,&lt;br&gt;
Now bleak, then bloody in her Countenance [...].</p0826-teimww:hasText>
    <p0826-teimww:isMentionedIn>
      <p0826-teimww:passage knoraType="link_value" linkType="ref" target="ww_640d710e2a9adf18"/>
    </p0826-teimww:isMentionedIn>
    <p0826-teimww:occursIn>
      <p0826-teimww:book knoraType="link_value" linkType="ref" target="ww_068f59ef3e3a298f"/>
    </p0826-teimww:occursIn>
    <p0826-teimww:wasContributedBy>
      <p0826-teimww:person knoraType="link_value" linkType="ref" target="ww_c4063e9c72a3ffd2"/>
    </p0826-teimww:wasContributedBy>
  </p0826-teimww:passage>
  <p0826-teimww:passage id="ww_640d710e2a9adf18">
    <knoraXmlImport:label>passage</knoraXmlImport:label>
    <p0826-teimww:occursIn>
      <p0826-teimww:book knoraType="link_value" linkType="ref" target="ww_3e15ab6c612eadae"/>
    </p0826-teimww:occursIn>
  </p0826-teimww:passage>
  <p0826-teimww:passage id="ww_c511383dd2b6c1ac">
    <knoraXmlImport:label>passage</knoraXmlImport:label>
    <p0826-teimww:contains>
      <p0826-teimww:lexia knoraType="link_value" linkType="ref" target="ww_2736deb5ccf8362c"/>
    </p0826-teimww:contains>
    <p0826-teimww:hasPage knoraType="richtext_value">132 [normalised spelling].</p0826-teimww:hasPage>
    <p0826-teimww:hasPageHist knoraType="richtext_value">132.</p0826-teimww:hasPageHist>
    <p0826-teimww:hasText knoraType="richtext_value">[Andrugio:] [...] Sing &lt;i&gt;Mellida &lt;/i&gt;is dead, all hearts will relent &lt;br&gt;
[...] in sad &lt;span class="quote"&gt;condolement&lt;/span&gt; at that heavy sound [...].</p0826-teimww:hasText>
    <p0826-teimww:hasTextHist knoraType="richtext_value">[Andrugio:] [...] Sing &lt;i&gt;Mellida &lt;/i&gt;is deade, all hearts will relent &lt;br&gt;
in sad &lt;span class="quote"&gt;condolement&lt;/span&gt; at tha heauie sound [...].</p0826-teimww:hasTextHist>
    <p0826-teimww:isMentionedIn>
      <p0826-teimww:passage knoraType="link_value" linkType="ref" target="ww_27d534cf2793ee78"/>
    </p0826-teimww:isMentionedIn>
    <p0826-teimww:occursIn>
      <p0826-teimww:book knoraType="link_value" linkType="ref" target="ww_436db7d05fb0f0f6"/>
    </p0826-teimww:occursIn>
    <p0826-teimww:wasContributedBy>
      <p0826-teimww:person knoraType="link_value" linkType="ref" target="ww_c4063e9c72a3ffd2"/>
    </p0826-teimww:wasContributedBy>
  </p0826-teimww:passage>
  <p0826-teimww:passage id="ww_27d534cf2793ee78">
    <knoraXmlImport:label>passage</knoraXmlImport:label>
    <p0826-teimww:occursIn>
      <p0826-teimww:book knoraType="link_value" linkType="ref" target="ww_3e15ab6c612eadae"/>
    </p0826-teimww:occursIn>
  </p0826-teimww:passage>
  <p0826-teimww:passage id="ww_375719d4bb0d18ca">
    <knoraXmlImport:label>passage</knoraXmlImport:label>
    <p0826-teimww:contains>
      <p0826-teimww:lexia knoraType="link_value" linkType="ref" target="ww_042a16a76004ac3e"/>
    </p0826-teimww:contains>
    <p0826-teimww:hasPage knoraType="richtext_value">Act 2, scene 1, line 179.</p0826-teimww:hasPage>
    <p0826-teimww:hasText knoraType="richtext_value">[Brutus:] […] Let's be &lt;span class="quote"&gt;sacrificers, but not butchers &lt;/span&gt;[…].</p0826-teimww:hasText>
    <p0826-teimww:isMentionedIn>
      <p0826-teimww:passage knoraType="link_value" linkType="ref" target="ww_de100dafe25ec0e8"/>
    </p0826-teimww:isMentionedIn>
    <p0826-teimww:occursIn>
      <p0826-teimww:book knoraType="link_value" linkType="ref" target="ww_3c135d434850a738"/>
    </p0826-teimww:occursIn>
    <p0826-teimww:wasContributedBy>
      <p0826-teimww:person knoraType="link_value" linkType="ref" target="ww_7f35f6802efd910d"/>
    </p0826-teimww:wasContributedBy>
  </p0826-teimww:passage>
  <p0826-teimww:passage id="ww_de100dafe25ec0e8">
    <knoraXmlImport:label>passage</knoraXmlImport:label>
    <p0826-teimww:occursIn>
      <p0826-teimww:book knoraType="link_value" linkType="ref" target="ww_5868d5560bdfc062"/>
    </p0826-teimww:occursIn>
  </p0826-teimww:passage>
  <p0826-teimww:passage id="ww_caf6789cf7c00a0f">
    <knoraXmlImport:label>passage</knoraXmlImport:label>
    <p0826-teimww:contains>
      <p0826-teimww:lexia knoraType="link_value" linkType="ref" target="ww_4153daff98f0c09d"/>
    </p0826-teimww:contains>
    <p0826-teimww:hasPage knoraType="richtext_value">Act 4, scene 4, line 7-10.</p0826-teimww:hasPage>
    <p0826-teimww:hasText knoraType="richtext_value">[Pistol:] O, Seigneur Dew should be a gentleman. &lt;br&gt;
&lt;span class="quote"&gt;Perpend my words, &lt;/span&gt;O Seigneur Dew, and mark: &lt;br&gt;
O Seigneur Dew, thou diest on point of fox, except, O&lt;br&gt;
Seigneur, thou do give to me egregious ransom.</p0826-teimww:hasText>
    <p0826-teimww:isMentionedIn>
      <p0826-teimww:passage knoraType="link_value" linkType="ref" target="ww_08a4eb56100bf523"/>
    </p0826-teimww:isMentionedIn>
    <p0826-teimww:isMentionedIn>
      <p0826-teimww:passage knoraType="link_value" linkType="ref" target="ww_e4f3b4dd153af93a"/>
    </p0826-teimww:isMentionedIn>
    <p0826-teimww:occursIn>
      <p0826-teimww:book knoraType="link_value" linkType="ref" target="ww_0c928f9e751dabbf"/>
    </p0826-teimww:occursIn>
    <p0826-teimww:wasContributedBy>
      <p0826-teimww:person knoraType="link_value" linkType="ref" target="ww_c4063e9c72a3ffd2"/>
    </p0826-teimww:wasContributedBy>
  </p0826-teimww:passage>
  <p0826-teimww:passage id="ww_e4f3b4dd153af93a">
    <knoraXmlImport:label>passage</knoraXmlImport:label>
    <p0826-teimww:occursIn>
      <p0826-teimww:book knoraType="link_value" linkType="ref" target="ww_3e15ab6c612eadae"/>
    </p0826-teimww:occursIn>
  </p0826-teimww:passage>
  <p0826-teimww:passage id="ww_88dcaf88c79cc2e8">
    <knoraXmlImport:label>passage</knoraXmlImport:label>
    <p0826-teimww:contains>
      <p0826-teimww:lexia knoraType="link_value" linkType="ref" target="ww_55cf84a2bad149a0"/>
    </p0826-teimww:contains>
    <p0826-teimww:contains>
      <p0826-teimww:lexia knoraType="link_value" linkType="ref" target="ww_ca5223332148ee5c"/>
    </p0826-teimww:contains>
    <p0826-teimww:hasPage knoraType="richtext_value">Act 5, scene 5, lines 74-81.</p0826-teimww:hasPage>
    <p0826-teimww:hasText knoraType="richtext_value">[Antony:] This was the &lt;span class="quote"&gt;noblest Roman of them all&lt;/span&gt;.&lt;br&gt;
All the conspirators save only he&lt;br&gt;
Did that they did in envy of great Caesar.&lt;br&gt;
He only in a general honest thought&lt;br&gt;
And common good to all made one of them.&lt;br&gt;
His life was gentle and the elements &lt;br&gt;
So mix'd in him that Nature might stand up&lt;br&gt;
And say to all the world &lt;span class="quote"&gt;"This was a man!".&lt;/span&gt;</p0826-teimww:hasText>
    <p0826-teimww:isMentionedIn>
      <p0826-teimww:passage knoraType="link_value" linkType="ref" target="ww_b2dddeb209e7fa0f"/>
    </p0826-teimww:isMentionedIn>
    <p0826-teimww:isMentionedIn>
      <p0826-teimww:passage knoraType="link_value" linkType="ref" target="ww_b1006bcf804cec3b"/>
    </p0826-teimww:isMentionedIn>
    <p0826-teimww:occursIn>
      <p0826-teimww:book knoraType="link_value" linkType="ref" target="ww_3c135d434850a738"/>
    </p0826-teimww:occursIn>
    <p0826-teimww:wasContributedBy>
      <p0826-teimww:person knoraType="link_value" linkType="ref" target="ww_c4063e9c72a3ffd2"/>
    </p0826-teimww:wasContributedBy>
  </p0826-teimww:passage>
  <p0826-teimww:passage id="ww_b2dddeb209e7fa0f">
    <knoraXmlImport:label>passage</knoraXmlImport:label>
    <p0826-teimww:occursIn>
      <p0826-teimww:book knoraType="link_value" linkType="ref" target="ww_b3931845d54b98d5"/>
    </p0826-teimww:occursIn>
  </p0826-teimww:passage>
  <p0826-teimww:passage id="ww_b1006bcf804cec3b">
    <knoraXmlImport:label>passage</knoraXmlImport:label>
    <p0826-teimww:occursIn>
      <p0826-teimww:book knoraType="link_value" linkType="ref" target="ww_12b8cda82738e9e2"/>
    </p0826-teimww:occursIn>
  </p0826-teimww:passage>
  <p0826-teimww:passage id="ww_e5aa0dc0f8725de9">
    <knoraXmlImport:label>passage</knoraXmlImport:label>
    <p0826-teimww:contains>
      <p0826-teimww:lexia knoraType="link_value" linkType="ref" target="ww_9256a2d1b4137c25"/>
    </p0826-teimww:contains>
    <p0826-teimww:hasPage knoraType="richtext_value">49 [normalised spelling].</p0826-teimww:hasPage>
    <p0826-teimww:hasPageHist knoraType="richtext_value">49.</p0826-teimww:hasPageHist>
    <p0826-teimww:hasText knoraType="richtext_value">[Mellida:] [...] well point our speech&lt;br&gt;
With amorous kissing, &lt;span class="quote"&gt;kissing commas &lt;/span&gt;[...].</p0826-teimww:hasText>
    <p0826-teimww:hasTextHist knoraType="richtext_value">[Mellida:] [...] weele point our speech&lt;br&gt;
With amorous kissing, &lt;span class="quote"&gt;kissing commaes &lt;/span&gt;[...].</p0826-teimww:hasTextHist>
    <p0826-teimww:isMentionedIn>
      <p0826-teimww:passage knoraType="link_value" linkType="ref" target="ww_cbe0d0b4e5beaaf4"/>
    </p0826-teimww:isMentionedIn>
    <p0826-teimww:occursIn>
      <p0826-teimww:book knoraType="link_value" linkType="ref" target="ww_a466e78302462627"/>
    </p0826-teimww:occursIn>
    <p0826-teimww:wasContributedBy>
      <p0826-teimww:person knoraType="link_value" linkType="ref" target="ww_c4063e9c72a3ffd2"/>
    </p0826-teimww:wasContributedBy>
  </p0826-teimww:passage>
  <p0826-teimww:passage id="ww_cbe0d0b4e5beaaf4">
    <knoraXmlImport:label>passage</knoraXmlImport:label>
    <p0826-teimww:occursIn>
      <p0826-teimww:book knoraType="link_value" linkType="ref" target="ww_5af91280461707f1"/>
    </p0826-teimww:occursIn>
  </p0826-teimww:passage>
  <p0826-teimww:passage id="ww_1d595dac22e80edd">
    <knoraXmlImport:label>passage</knoraXmlImport:label>
    <p0826-teimww:contains>
      <p0826-teimww:lexia knoraType="link_value" linkType="ref" target="ww_4d22db2637f80b04"/>
    </p0826-teimww:contains>
    <p0826-teimww:hasPage knoraType="richtext_value">Act 5, scene 3, lines 99-100.</p0826-teimww:hasPage>
    <p0826-teimww:hasText knoraType="richtext_value">[Titinius:] [...] By your leave, gods, &lt;span class="quote"&gt;this is a Roman's part. &lt;br&gt;&lt;/span&gt;
Come, Cassius sword, and find Titinius' heart!</p0826-teimww:hasText>
    <p0826-teimww:isMentionedIn>
      <p0826-teimww:passage knoraType="link_value" linkType="ref" target="ww_5d8fe52b38a2696c"/>
    </p0826-teimww:isMentionedIn>
    <p0826-teimww:occursIn>
      <p0826-teimww:book knoraType="link_value" linkType="ref" target="ww_3c135d434850a738"/>
    </p0826-teimww:occursIn>
    <p0826-teimww:wasContributedBy>
      <p0826-teimww:person knoraType="link_value" linkType="ref" target="ww_c4063e9c72a3ffd2"/>
    </p0826-teimww:wasContributedBy>
  </p0826-teimww:passage>
  <p0826-teimww:passage id="ww_5d8fe52b38a2696c">
    <knoraXmlImport:label>passage</knoraXmlImport:label>
    <p0826-teimww:occursIn>
      <p0826-teimww:book knoraType="link_value" linkType="ref" target="ww_1140c36ab545b6d8"/>
    </p0826-teimww:occursIn>
  </p0826-teimww:passage>
  <p0826-teimww:passage id="ww_888fc1e9057a019d">
    <knoraXmlImport:label>passage</knoraXmlImport:label>
    <p0826-teimww:contains>
      <p0826-teimww:lexia knoraType="link_value" linkType="ref" target="ww_b7eed7b870a7cc97"/>
    </p0826-teimww:contains>
    <p0826-teimww:hasPage knoraType="richtext_value">N.p.; lines 1719-1728 [normalised spelling].</p0826-teimww:hasPage>
    <p0826-teimww:hasPageHist knoraType="richtext_value">N.p.; lines 1719-1728</p0826-teimww:hasPageHist>
    <p0826-teimww:hasText knoraType="richtext_value">[Soldier:] My Lord, &lt;br&gt;
The battle of the Spaniards is dispersed: &lt;br&gt;
Beside, I bring to you this happy news, &lt;br&gt;
The worthy Duke of Boulogne long desired, &lt;br&gt;
And much bewailéd for his injury, &lt;br&gt;
Lives and returned about an hour since.&lt;br&gt; 
At his first coming, &lt;span class="quote"&gt;armed in complete steel,&lt;br&gt; &lt;/span&gt;
Challeng'd the Duke Medyna at his Tent, &lt;br&gt;
And there in single combat like himself, &lt;br&gt;
And like a father of his country's weal, &lt;br&gt;
Hath slain that proud disturber of our peace [...].</p0826-teimww:hasText>
    <p0826-teimww:hasTextHist knoraType="richtext_value">[Soldier:] My Lord, &lt;br&gt;
The battle of the Spaniards is disperst: &lt;br&gt;
Beside, I bring to you this happie newes, &lt;br&gt;
The worthy Duke of Bulloigne long desirde, &lt;br&gt;
And much bewailed for his iniurie, &lt;br&gt;
Liues and returnd about an houre since.&lt;br&gt; 
At his first comming, armd in complete steele,&lt;br&gt; 
Chaleng'd the Duke Medyna at his Tent, &lt;br&gt;
And there in single combat like himselfe, &lt;br&gt;
And like a father of his countreys weale, &lt;br&gt;
Hath slaine that proude disturber of our peace [...].</p0826-teimww:hasTextHist>
    <p0826-teimww:isMentionedIn>
      <p0826-teimww:passage knoraType="link_value" linkType="ref" target="ww_349408ebaaf5f25e"/>
    </p0826-teimww:isMentionedIn>
    <p0826-teimww:occursIn>
      <p0826-teimww:book knoraType="link_value" linkType="ref" target="ww_f90b16594829b119"/>
    </p0826-teimww:occursIn>
    <p0826-teimww:wasContributedBy>
      <p0826-teimww:person knoraType="link_value" linkType="ref" target="ww_8106744e44c77c96"/>
    </p0826-teimww:wasContributedBy>
  </p0826-teimww:passage>
  <p0826-teimww:passage id="ww_65b691f1e9caab4c">
    <knoraXmlImport:label>passage</knoraXmlImport:label>
    <p0826-teimww:contains>
      <p0826-teimww:lexia knoraType="link_value" linkType="ref" target="ww_e33e74db5b667e8c"/>
    </p0826-teimww:contains>
    <p0826-teimww:hasPage knoraType="richtext_value">Main text, lines 1570-1572, 2050 [normalized spelling].</p0826-teimww:hasPage>
    <p0826-teimww:hasPageHist knoraType="richtext_value">Main text, lines 1570-1572, 2050.</p0826-teimww:hasPageHist>
    <p0826-teimww:hasText knoraType="richtext_value">[Firke:] I speak it in secret, mistress Rose, and he are by this time: no not so, but shortly are to come over one another with, &lt;span class="quote"&gt;Can you dance the shaking of the sheets&lt;/span&gt;?
&lt;br&gt;
&lt;br&gt;
[Eyre:] [...] mark this old wench, my king, &lt;span class="quote"&gt;I danced the shaking of the sheets with her &lt;/span&gt;six and thirty years ago.</p0826-teimww:hasText>
    <p0826-teimww:hasTextHist knoraType="richtext_value">[Firke:]
Hauns shoomaker, oh yes, stay, yes I haue him, I tel you what, I speake it in secret, mistris Rose, and he are by this time: no not so, but shortly are to come ouer one another with, Can you dance the shaking of the sheetes?
&lt;br&gt;
&lt;br&gt;
[Eyre:] [...] marke this olde wench, my king, I dauncde the shaking of the sheetes with her sixe and thirtie yeares agoe</p0826-teimww:hasTextHist>
    <p0826-teimww:occursIn>
      <p0826-teimww:book knoraType="link_value" linkType="ref" target="ww_c068d7733749f819"/>
    </p0826-teimww:occursIn>
    <p0826-teimww:wasContributedBy>
      <p0826-teimww:person knoraType="link_value" linkType="ref" target="ww_7f35f6802efd910d"/>
    </p0826-teimww:wasContributedBy>
  </p0826-teimww:passage>
  <p0826-teimww:passage id="ww_6e025ef0f1484cbb">
    <knoraXmlImport:label>passage</knoraXmlImport:label>
    <p0826-teimww:contains>
      <p0826-teimww:lexia knoraType="link_value" linkType="ref" target="ww_fe75d12af4504110"/>
    </p0826-teimww:contains>
    <p0826-teimww:hasPage knoraType="richtext_value">Act 4, scene 3, lines 115-117.</p0826-teimww:hasPage>
    <p0826-teimww:hasText knoraType="richtext_value">[King Henry:] [...] We are but warriors for the working day;&lt;br&gt;
Our gayness and our gilt are all&lt;span class="quote"&gt; besmirched&lt;/span&gt;&lt;br&gt;
With rainy marching in the painful field.</p0826-teimww:hasText>
    <p0826-teimww:isMentionedIn>
      <p0826-teimww:passage knoraType="link_value" linkType="ref" target="ww_75f510c2edcb5a88"/>
    </p0826-teimww:isMentionedIn>
    <p0826-teimww:occursIn>
      <p0826-teimww:book knoraType="link_value" linkType="ref" target="ww_0c928f9e751dabbf"/>
    </p0826-teimww:occursIn>
    <p0826-teimww:wasContributedBy>
      <p0826-teimww:person knoraType="link_value" linkType="ref" target="ww_5fbb1eab1b30dfee"/>
    </p0826-teimww:wasContributedBy>
  </p0826-teimww:passage>
  <p0826-teimww:passage id="ww_75f510c2edcb5a88">
    <knoraXmlImport:label>passage</knoraXmlImport:label>
    <p0826-teimww:occursIn>
      <p0826-teimww:book knoraType="link_value" linkType="ref" target="ww_b3931845d54b98d5"/>
    </p0826-teimww:occursIn>
  </p0826-teimww:passage>
  <p0826-teimww:passage id="ww_ad680539b8ce8921">
    <knoraXmlImport:label>passage</knoraXmlImport:label>
    <p0826-teimww:contains>
      <p0826-teimww:lexia knoraType="link_value" linkType="ref" target="ww_2339c7ea75eb8713"/>
    </p0826-teimww:contains>
    <p0826-teimww:hasPage knoraType="richtext_value">Act 2, scene 2, lines 3-5.</p0826-teimww:hasPage>
    <p0826-teimww:hasText knoraType="richtext_value">[Westmoreland:] &lt;span class="quote"&gt;How smooth and even they do bear themselves,&lt;br&gt;&lt;/span&gt;
As if allegiance in their bosoms sat&lt;br&gt;
Crownèd with faith and constant loyalty.</p0826-teimww:hasText>
    <p0826-teimww:isMentionedIn>
      <p0826-teimww:passage knoraType="link_value" linkType="ref" target="ww_0ace452ba8bdc2a1"/>
    </p0826-teimww:isMentionedIn>
    <p0826-teimww:occursIn>
      <p0826-teimww:book knoraType="link_value" linkType="ref" target="ww_0c928f9e751dabbf"/>
    </p0826-teimww:occursIn>
    <p0826-teimww:wasContributedBy>
      <p0826-teimww:person knoraType="link_value" linkType="ref" target="ww_5fbb1eab1b30dfee"/>
    </p0826-teimww:wasContributedBy>
  </p0826-teimww:passage>
  <p0826-teimww:passage id="ww_0ace452ba8bdc2a1">
    <knoraXmlImport:label>passage</knoraXmlImport:label>
    <p0826-teimww:occursIn>
      <p0826-teimww:book knoraType="link_value" linkType="ref" target="ww_b3931845d54b98d5"/>
    </p0826-teimww:occursIn>
  </p0826-teimww:passage>
  <p0826-teimww:passage id="ww_4d56d2b86ae28bba">
    <knoraXmlImport:label>passage</knoraXmlImport:label>
    <p0826-teimww:contains>
      <p0826-teimww:lexia knoraType="link_value" linkType="ref" target="ww_a12c64e05fb9a400"/>
    </p0826-teimww:contains>
    <p0826-teimww:contains>
      <p0826-teimww:lexia knoraType="link_value" linkType="ref" target="ww_d0d70e1ed0d1472b"/>
    </p0826-teimww:contains>
    <p0826-teimww:contains>
      <p0826-teimww:lexia knoraType="link_value" linkType="ref" target="ww_47db54ab979e2ab2"/>
    </p0826-teimww:contains>
    <p0826-teimww:hasPage knoraType="richtext_value">Act 4, scene 3, lines 320-324.</p0826-teimww:hasPage>
    <p0826-teimww:hasText knoraType="richtext_value">[Brutus:] [...] Ha, who comes here?&lt;br&gt;
I think it is the weakness of mine eyes&lt;br&gt;
That shapes this monstrous apparition.&lt;br&gt;
It comes upon me. - &lt;span class="quote"&gt;Art thou any thing&lt;/span&gt;?&lt;br&gt;
Art thou some god, some angel, or some devil,&lt;br&gt;
That mak’st my blood cold and my&lt;span class="quote"&gt; hair to stare&lt;/span&gt;?&lt;br&gt;
&lt;span class="quote"&gt;Speak to me what thou art.&lt;/span&gt;</p0826-teimww:hasText>
    <p0826-teimww:isMentionedIn>
      <p0826-teimww:passage knoraType="link_value" linkType="ref" target="ww_35e0df54c078ffae"/>
    </p0826-teimww:isMentionedIn>
    <p0826-teimww:isMentionedIn>
      <p0826-teimww:passage knoraType="link_value" linkType="ref" target="ww_d35d280c8bc59121"/>
    </p0826-teimww:isMentionedIn>
    <p0826-teimww:occursIn>
      <p0826-teimww:book knoraType="link_value" linkType="ref" target="ww_3c135d434850a738"/>
    </p0826-teimww:occursIn>
    <p0826-teimww:wasContributedBy>
      <p0826-teimww:person knoraType="link_value" linkType="ref" target="ww_c4063e9c72a3ffd2"/>
    </p0826-teimww:wasContributedBy>
  </p0826-teimww:passage>
  <p0826-teimww:passage id="ww_35e0df54c078ffae">
    <knoraXmlImport:label>passage</knoraXmlImport:label>
    <p0826-teimww:occursIn>
      <p0826-teimww:book knoraType="link_value" linkType="ref" target="ww_55bc1a3b04bf8a8d"/>
    </p0826-teimww:occursIn>
  </p0826-teimww:passage>
  <p0826-teimww:passage id="ww_fed16b9a8847306d">
    <knoraXmlImport:label>passage</knoraXmlImport:label>
    <p0826-teimww:contains>
      <p0826-teimww:lexia knoraType="link_value" linkType="ref" target="ww_8429f7553747f08c"/>
    </p0826-teimww:contains>
    <p0826-teimww:contains>
      <p0826-teimww:lexia knoraType="link_value" linkType="ref" target="ww_e9ed81eff9c406fd"/>
    </p0826-teimww:contains>
    <p0826-teimww:hasPage knoraType="richtext_value">Act 2, scene 2, line 24.</p0826-teimww:hasPage>
    <p0826-teimww:hasText knoraType="richtext_value">[Calphurnia:] [...] And&lt;span class="quote"&gt; ghosts&lt;/span&gt; did &lt;span class="quote"&gt;shriek and squeal&lt;/span&gt; about the streets.</p0826-teimww:hasText>
    <p0826-teimww:isMentionedIn>
      <p0826-teimww:passage knoraType="link_value" linkType="ref" target="ww_7c8d763fa844f750"/>
    </p0826-teimww:isMentionedIn>
    <p0826-teimww:isMentionedIn>
      <p0826-teimww:passage knoraType="link_value" linkType="ref" target="ww_63f73d918d30478a"/>
    </p0826-teimww:isMentionedIn>
    <p0826-teimww:occursIn>
      <p0826-teimww:book knoraType="link_value" linkType="ref" target="ww_3c135d434850a738"/>
    </p0826-teimww:occursIn>
    <p0826-teimww:wasContributedBy>
      <p0826-teimww:person knoraType="link_value" linkType="ref" target="ww_5fbb1eab1b30dfee"/>
    </p0826-teimww:wasContributedBy>
  </p0826-teimww:passage>
  <p0826-teimww:passage id="ww_63f73d918d30478a">
    <knoraXmlImport:label>passage</knoraXmlImport:label>
    <p0826-teimww:occursIn>
      <p0826-teimww:book knoraType="link_value" linkType="ref" target="ww_b3931845d54b98d5"/>
    </p0826-teimww:occursIn>
  </p0826-teimww:passage>
  <p0826-teimww:passage id="ww_7c8d763fa844f750">
    <knoraXmlImport:label>passage</knoraXmlImport:label>
    <p0826-teimww:occursIn>
      <p0826-teimww:book knoraType="link_value" linkType="ref" target="ww_0b28ed19a0540e1d"/>
    </p0826-teimww:occursIn>
  </p0826-teimww:passage>
  <p0826-teimww:passage id="ww_7d7b05c2ace49fce">
    <knoraXmlImport:label>passage</knoraXmlImport:label>
    <p0826-teimww:contains>
      <p0826-teimww:lexia knoraType="link_value" linkType="ref" target="ww_ea3583fbc953e063"/>
    </p0826-teimww:contains>
    <p0826-teimww:hasPage knoraType="richtext_value">Act 3, scene 6, line 159.</p0826-teimww:hasPage>
    <p0826-teimww:hasText knoraType="richtext_value">[King Henry:] [...] My ransom is &lt;span class="quote"&gt;this frail and worthless trunk&lt;/sapn&gt; [...].</p0826-teimww:hasText>
    <p0826-teimww:isMentionedIn>
      <p0826-teimww:passage knoraType="link_value" linkType="ref" target="ww_d45d11686b788e49"/>
    </p0826-teimww:isMentionedIn>
    <p0826-teimww:occursIn>
      <p0826-teimww:book knoraType="link_value" linkType="ref" target="ww_0c928f9e751dabbf"/>
    </p0826-teimww:occursIn>
    <p0826-teimww:wasContributedBy>
      <p0826-teimww:person knoraType="link_value" linkType="ref" target="ww_b604df587d93b768"/>
    </p0826-teimww:wasContributedBy>
  </p0826-teimww:passage>
  <p0826-teimww:passage id="ww_d45d11686b788e49">
    <knoraXmlImport:label>passage</knoraXmlImport:label>
    <p0826-teimww:occursIn>
      <p0826-teimww:book knoraType="link_value" linkType="ref" target="ww_b908ae26c4f3afcf"/>
    </p0826-teimww:occursIn>
  </p0826-teimww:passage>
  <p0826-teimww:passage id="ww_c4295ef54b724c88">
    <knoraXmlImport:label>passage</knoraXmlImport:label>
    <p0826-teimww:contains>
      <p0826-teimww:lexia knoraType="link_value" linkType="ref" target="ww_4153daff98f0c09d"/>
    </p0826-teimww:contains>
    <p0826-teimww:hasPage knoraType="richtext_value">Act 2, scene 2, line 114.</p0826-teimww:hasPage>
    <p0826-teimww:hasText knoraType="richtext_value">[Polonius:] &lt;span class="quote"&gt;Perpend&lt;/span&gt;.</p0826-teimww:hasText>
    <p0826-teimww:isMentionedIn>
      <p0826-teimww:passage knoraType="link_value" linkType="ref" target="ww_6c9ae2f1843cf784"/>
    </p0826-teimww:isMentionedIn>
    <p0826-teimww:occursIn>
      <p0826-teimww:book knoraType="link_value" linkType="ref" target="ww_5cb4c35da9f3b9dd"/>
    </p0826-teimww:occursIn>
    <p0826-teimww:wasContributedBy>
      <p0826-teimww:person knoraType="link_value" linkType="ref" target="ww_c4063e9c72a3ffd2"/>
    </p0826-teimww:wasContributedBy>
  </p0826-teimww:passage>
  <p0826-teimww:passage id="ww_6c9ae2f1843cf784">
    <knoraXmlImport:label>passage</knoraXmlImport:label>
    <p0826-teimww:occursIn>
      <p0826-teimww:book knoraType="link_value" linkType="ref" target="ww_b3931845d54b98d5"/>
    </p0826-teimww:occursIn>
  </p0826-teimww:passage>
  <p0826-teimww:passage id="ww_8e9d7bc440f7d94b">
    <knoraXmlImport:label>passage</knoraXmlImport:label>
    <p0826-teimww:contains>
      <p0826-teimww:lexia knoraType="link_value" linkType="ref" target="ww_d27ad72706d05bc9"/>
    </p0826-teimww:contains>
    <p0826-teimww:hasPage knoraType="richtext_value">Hii verso; song 14, lines 1-6 [normalized spelling].</p0826-teimww:hasPage>
    <p0826-teimww:hasPageHist knoraType="richtext_value">Hii, verso; song 14, lines 1-6.</p0826-teimww:hasPageHist>
    <p0826-teimww:hasText knoraType="richtext_value">Come, ye heavy states of night,&lt;br&gt;
Doe &lt;span class="quote"&gt;my father's spirit &lt;/span&gt;right,&lt;br&gt;
Soundings baleful let mee borrow,&lt;br&gt;
Burthening my song with sorrow,&lt;br&gt;
Come sorrow come her eyes that sings,&lt;br&gt;
By thee turned into springs.</p0826-teimww:hasText>
    <p0826-teimww:hasTextHist knoraType="richtext_value">Come, ye heauie states of night,&lt;br&gt;
Doe &lt;span class="quote"&gt;my father's spirit &lt;/span&gt;right,&lt;br&gt;
Soundings balefull let mee borrow,&lt;br&gt;
Burthening my song with sorrow,&lt;br&gt;
Come sorrow come hir eies that sings,&lt;br&gt;
By thee turned into springs.</p0826-teimww:hasTextHist>
    <p0826-teimww:isMentionedIn>
      <p0826-teimww:passage knoraType="link_value" linkType="ref" target="ww_be7ac1a9f4000587"/>
    </p0826-teimww:isMentionedIn>
    <p0826-teimww:occursIn>
      <p0826-teimww:book knoraType="link_value" linkType="ref" target="ww_2e87bad72d73252f"/>
    </p0826-teimww:occursIn>
    <p0826-teimww:wasContributedBy>
      <p0826-teimww:person knoraType="link_value" linkType="ref" target="ww_c4063e9c72a3ffd2"/>
    </p0826-teimww:wasContributedBy>
  </p0826-teimww:passage>
  <p0826-teimww:passage id="ww_be7ac1a9f4000587">
    <knoraXmlImport:label>passage</knoraXmlImport:label>
    <p0826-teimww:occursIn>
      <p0826-teimww:book knoraType="link_value" linkType="ref" target="ww_f034fa6f545e0122"/>
    </p0826-teimww:occursIn>
  </p0826-teimww:passage>
  <p0826-teimww:passage id="ww_0f86514b4c1412e0">
    <knoraXmlImport:label>passage</knoraXmlImport:label>
    <p0826-teimww:contains>
      <p0826-teimww:lexia knoraType="link_value" linkType="ref" target="ww_e344f2a29373f3e8"/>
    </p0826-teimww:contains>
    <p0826-teimww:hasPage knoraType="richtext_value">Act 1, scene 2, lines 66 and 69.</p0826-teimww:hasPage>
    <p0826-teimww:hasText knoraType="richtext_value">[Claudius:] But now, my cousin Hamlet, and my &lt;span class="quote"&gt;son&lt;/span&gt; - [...]&lt;br&gt;
[Hamlet:] Not so, my lord; I am too much i' the &lt;span class="quote"&gt;sun&lt;/span&gt;. </p0826-teimww:hasText>
    <p0826-teimww:isMentionedIn>
      <p0826-teimww:passage knoraType="link_value" linkType="ref" target="ww_1d66c9fa08e5c947"/>
    </p0826-teimww:isMentionedIn>
    <p0826-teimww:occursIn>
      <p0826-teimww:book knoraType="link_value" linkType="ref" target="ww_5cb4c35da9f3b9dd"/>
    </p0826-teimww:occursIn>
    <p0826-teimww:wasContributedBy>
      <p0826-teimww:person knoraType="link_value" linkType="ref" target="ww_c4063e9c72a3ffd2"/>
    </p0826-teimww:wasContributedBy>
  </p0826-teimww:passage>
  <p0826-teimww:passage id="ww_1d66c9fa08e5c947">
    <knoraXmlImport:label>passage</knoraXmlImport:label>
    <p0826-teimww:occursIn>
      <p0826-teimww:book knoraType="link_value" linkType="ref" target="ww_b3931845d54b98d5"/>
    </p0826-teimww:occursIn>
  </p0826-teimww:passage>
  <p0826-teimww:passage id="ww_b1d60e5d90c5fba1">
    <knoraXmlImport:label>passage</knoraXmlImport:label>
    <p0826-teimww:contains>
      <p0826-teimww:lexia knoraType="link_value" linkType="ref" target="ww_174407c78089166e"/>
    </p0826-teimww:contains>
    <p0826-teimww:hasPage knoraType="richtext_value">Act 3, scene 2, line 176.</p0826-teimww:hasPage>
    <p0826-teimww:hasText knoraType="richtext_value">[Player King:] Full thirty times hath &lt;span class="quote"&gt;Phoebus' cart&lt;/span&gt; gone round [...]</p0826-teimww:hasText>
    <p0826-teimww:isMentionedIn>
      <p0826-teimww:passage knoraType="link_value" linkType="ref" target="ww_123a52d66aeb0ba1"/>
    </p0826-teimww:isMentionedIn>
    <p0826-teimww:isMentionedIn>
      <p0826-teimww:passage knoraType="link_value" linkType="ref" target="ww_309097ad9d55678c"/>
    </p0826-teimww:isMentionedIn>
    <p0826-teimww:occursIn>
      <p0826-teimww:book knoraType="link_value" linkType="ref" target="ww_5cb4c35da9f3b9dd"/>
    </p0826-teimww:occursIn>
    <p0826-teimww:wasContributedBy>
      <p0826-teimww:person knoraType="link_value" linkType="ref" target="ww_7f35f6802efd910d"/>
    </p0826-teimww:wasContributedBy>
  </p0826-teimww:passage>
  <p0826-teimww:passage id="ww_309097ad9d55678c">
    <knoraXmlImport:label>passage</knoraXmlImport:label>
    <p0826-teimww:occursIn>
      <p0826-teimww:book knoraType="link_value" linkType="ref" target="ww_91e0dc4c671938fa"/>
    </p0826-teimww:occursIn>
  </p0826-teimww:passage>
  <p0826-teimww:passage id="ww_123a52d66aeb0ba1">
    <knoraXmlImport:label>passage</knoraXmlImport:label>
    <p0826-teimww:occursIn>
      <p0826-teimww:book knoraType="link_value" linkType="ref" target="ww_1140c36ab545b6d8"/>
    </p0826-teimww:occursIn>
  </p0826-teimww:passage>
  <p0826-teimww:passage id="ww_8bae7fd5371bc593">
    <knoraXmlImport:label>passage</knoraXmlImport:label>
    <p0826-teimww:contains>
      <p0826-teimww:lexia knoraType="link_value" linkType="ref" target="ww_e77d8474775fa537"/>
    </p0826-teimww:contains>
    <p0826-teimww:contains>
      <p0826-teimww:lexia knoraType="link_value" linkType="ref" target="ww_3577c84e6f14ef57"/>
    </p0826-teimww:contains>
    <p0826-teimww:hasPage knoraType="richtext_value">Act 1, scene 5, lines 39-40.</p0826-teimww:hasPage>
    <p0826-teimww:hasText knoraType="richtext_value">[Ghost:] [...] And duller shouldst thou be than the &lt;span class="quote"&gt;fat weed&lt;/span&gt; &lt;br&gt;
That roots itself in ease on &lt;span class="quote"&gt;Lethe wharf [...].</p0826-teimww:hasText>
    <p0826-teimww:isMentionedIn>
      <p0826-teimww:passage knoraType="link_value" linkType="ref" target="ww_cc27d42956083d39"/>
    </p0826-teimww:isMentionedIn>
    <p0826-teimww:occursIn>
      <p0826-teimww:book knoraType="link_value" linkType="ref" target="ww_5cb4c35da9f3b9dd"/>
    </p0826-teimww:occursIn>
    <p0826-teimww:wasContributedBy>
      <p0826-teimww:person knoraType="link_value" linkType="ref" target="ww_b604df587d93b768"/>
    </p0826-teimww:wasContributedBy>
  </p0826-teimww:passage>
  <p0826-teimww:passage id="ww_cc27d42956083d39">
    <knoraXmlImport:label>passage</knoraXmlImport:label>
    <p0826-teimww:occursIn>
      <p0826-teimww:book knoraType="link_value" linkType="ref" target="ww_b3931845d54b98d5"/>
    </p0826-teimww:occursIn>
  </p0826-teimww:passage>
  <p0826-teimww:passage id="ww_3c2bea9f1f7136eb">
    <knoraXmlImport:label>passage</knoraXmlImport:label>
    <p0826-teimww:contains>
      <p0826-teimww:lexia knoraType="link_value" linkType="ref" target="ww_7eae344ff016ddad"/>
    </p0826-teimww:contains>
    <p0826-teimww:hasPage knoraType="richtext_value">Act 4, scene 5, line 199.</p0826-teimww:hasPage>
    <p0826-teimww:hasText knoraType="richtext_value">[Ophelia:] &lt;span class="quote"&gt;There's rosemary, that's for remembrance.&lt;/span&gt;</p0826-teimww:hasText>
    <p0826-teimww:isMentionedIn>
      <p0826-teimww:passage knoraType="link_value" linkType="ref" target="ww_4f199e397dce3838"/>
    </p0826-teimww:isMentionedIn>
    <p0826-teimww:isMentionedIn>
      <p0826-teimww:passage knoraType="link_value" linkType="ref" target="ww_2fc027d4d9b8c4cb"/>
    </p0826-teimww:isMentionedIn>
    <p0826-teimww:isMentionedIn>
      <p0826-teimww:passage knoraType="link_value" linkType="ref" target="ww_fa1f27273237c74c"/>
    </p0826-teimww:isMentionedIn>
    <p0826-teimww:occursIn>
      <p0826-teimww:book knoraType="link_value" linkType="ref" target="ww_5cb4c35da9f3b9dd"/>
    </p0826-teimww:occursIn>
    <p0826-teimww:wasContributedBy>
      <p0826-teimww:person knoraType="link_value" linkType="ref" target="ww_7f35f6802efd910d"/>
    </p0826-teimww:wasContributedBy>
  </p0826-teimww:passage>
  <p0826-teimww:passage id="ww_4f199e397dce3838">
    <knoraXmlImport:label>passage</knoraXmlImport:label>
    <p0826-teimww:occursIn>
      <p0826-teimww:book knoraType="link_value" linkType="ref" target="ww_b3931845d54b98d5"/>
    </p0826-teimww:occursIn>
  </p0826-teimww:passage>
  <p0826-teimww:passage id="ww_fa1f27273237c74c">
    <knoraXmlImport:label>passage</knoraXmlImport:label>
    <p0826-teimww:occursIn>
      <p0826-teimww:book knoraType="link_value" linkType="ref" target="ww_91e0dc4c671938fa"/>
    </p0826-teimww:occursIn>
  </p0826-teimww:passage>
  <p0826-teimww:passage id="ww_28d1558e8e3cc89d">
    <knoraXmlImport:label>passage</knoraXmlImport:label>
    <p0826-teimww:contains>
      <p0826-teimww:lexia knoraType="link_value" linkType="ref" target="ww_16fe7c1f4984c257"/>
    </p0826-teimww:contains>
    <p0826-teimww:hasPage knoraType="richtext_value">Act 1, scene 5, line 54.</p0826-teimww:hasPage>
    <p0826-teimww:hasText knoraType="richtext_value">[Ghost:] [...] O Hamlet, &lt;span class="quote"&gt;what a falling off was there!&lt;/span&gt;</p0826-teimww:hasText>
    <p0826-teimww:isMentionedIn>
      <p0826-teimww:passage knoraType="link_value" linkType="ref" target="ww_3bcea6391561c817"/>
    </p0826-teimww:isMentionedIn>
    <p0826-teimww:occursIn>
      <p0826-teimww:book knoraType="link_value" linkType="ref" target="ww_5cb4c35da9f3b9dd"/>
    </p0826-teimww:occursIn>
    <p0826-teimww:wasContributedBy>
      <p0826-teimww:person knoraType="link_value" linkType="ref" target="ww_b604df587d93b768"/>
    </p0826-teimww:wasContributedBy>
  </p0826-teimww:passage>
  <p0826-teimww:passage id="ww_3bcea6391561c817">
    <knoraXmlImport:label>passage</knoraXmlImport:label>
    <p0826-teimww:occursIn>
      <p0826-teimww:book knoraType="link_value" linkType="ref" target="ww_b3931845d54b98d5"/>
    </p0826-teimww:occursIn>
  </p0826-teimww:passage>
  <p0826-teimww:passage id="ww_f56f9b86cee56ee4">
    <knoraXmlImport:label>passage</knoraXmlImport:label>
    <p0826-teimww:contains>
      <p0826-teimww:lexia knoraType="link_value" linkType="ref" target="ww_5d8dda9623e62097"/>
    </p0826-teimww:contains>
    <p0826-teimww:hasPage knoraType="richtext_value">Act 1, scene 5, lines 70-71.</p0826-teimww:hasPage>
    <p0826-teimww:hasText knoraType="richtext_value">[Ghost:] [...] &lt;span class="quote"&gt;And in the porches of my ears did pour &lt;br&gt;
The leprous distilment&lt;/span&gt; [...].</p0826-teimww:hasText>
    <p0826-teimww:isMentionedIn>
      <p0826-teimww:passage knoraType="link_value" linkType="ref" target="ww_a00d8f2f747cb1bc"/>
    </p0826-teimww:isMentionedIn>
    <p0826-teimww:isMentionedIn>
      <p0826-teimww:passage knoraType="link_value" linkType="ref" target="ww_be5687c786a094b4"/>
    </p0826-teimww:isMentionedIn>
    <p0826-teimww:occursIn>
      <p0826-teimww:book knoraType="link_value" linkType="ref" target="ww_5cb4c35da9f3b9dd"/>
    </p0826-teimww:occursIn>
    <p0826-teimww:wasContributedBy>
      <p0826-teimww:person knoraType="link_value" linkType="ref" target="ww_b604df587d93b768"/>
    </p0826-teimww:wasContributedBy>
  </p0826-teimww:passage>
  <p0826-teimww:passage id="ww_a00d8f2f747cb1bc">
    <knoraXmlImport:label>passage</knoraXmlImport:label>
    <p0826-teimww:occursIn>
      <p0826-teimww:book knoraType="link_value" linkType="ref" target="ww_4899784ecc7f3845"/>
    </p0826-teimww:occursIn>
  </p0826-teimww:passage>
  <p0826-teimww:passage id="ww_be5687c786a094b4">
    <knoraXmlImport:label>passage</knoraXmlImport:label>
    <p0826-teimww:occursIn>
      <p0826-teimww:book knoraType="link_value" linkType="ref" target="ww_b3931845d54b98d5"/>
    </p0826-teimww:occursIn>
  </p0826-teimww:passage>
  <p0826-teimww:passage id="ww_250e0e3890cc2afe">
    <knoraXmlImport:label>passage</knoraXmlImport:label>
    <p0826-teimww:contains>
      <p0826-teimww:lexia knoraType="link_value" linkType="ref" target="ww_d6a5459fd292f03f"/>
    </p0826-teimww:contains>
    <p0826-teimww:contains>
      <p0826-teimww:lexia knoraType="link_value" linkType="ref" target="ww_88076bbdfa4084d2"/>
    </p0826-teimww:contains>
    <p0826-teimww:hasPage knoraType="richtext_value">126 [normalized spelling].</p0826-teimww:hasPage>
    <p0826-teimww:hasPageHist knoraType="richtext_value">126.</p0826-teimww:hasPageHist>
    <p0826-teimww:hasText knoraType="richtext_value">[Antonio:] Resolved hearts, time curtails night, &lt;br&gt;
opportunity shakes us his foretop. &lt;br&gt;
Steel your thoughts, sharp your resolve, &lt;br&gt;
imbolden your spirit, grasp your swords; alarum mischief, &lt;br&gt;
&amp; with an undated brow, out scout the grim opposition&lt;br&gt;
Of most menacing peril. &lt;br&gt;
Hark here, proud pomp shoots mounting triumph up, &lt;br&gt;
Born in loud accents to &lt;span class="quote"&gt;the front of &lt;i&gt;Jove.&lt;/i&gt;&lt;/span&gt; </p0826-teimww:hasText>
    <p0826-teimww:hasTextHist knoraType="richtext_value">[Antonio:] Resolued hearts, time curtals night, opportunity shakes us his foretop. Steel your thoughts, sharp your resolve, imbolden your spirit, grasp your swords; alarum mischief, &amp; with an undated brow, out scout the grim opposition&lt;br&gt;
Of most menacing perill.&lt;br&gt;
Harke here, proud pomp shoots mounting tryumph vp,&lt;br&gt;
Borne in lowde accents to &lt;span class="quote"&gt;the front of &lt;i&gt;Jove.&lt;/i&gt;&lt;/span&gt; </p0826-teimww:hasTextHist>
    <p0826-teimww:isMentionedIn>
      <p0826-teimww:passage knoraType="link_value" linkType="ref" target="ww_3f1d38123d0d6f75"/>
    </p0826-teimww:isMentionedIn>
    <p0826-teimww:occursIn>
      <p0826-teimww:book knoraType="link_value" linkType="ref" target="ww_436db7d05fb0f0f6"/>
    </p0826-teimww:occursIn>
    <p0826-teimww:wasContributedBy>
      <p0826-teimww:person knoraType="link_value" linkType="ref" target="ww_c4063e9c72a3ffd2"/>
    </p0826-teimww:wasContributedBy>
  </p0826-teimww:passage>
  <p0826-teimww:passage id="ww_3f1d38123d0d6f75">
    <knoraXmlImport:label>passage</knoraXmlImport:label>
    <p0826-teimww:occursIn>
      <p0826-teimww:book knoraType="link_value" linkType="ref" target="ww_91e0dc4c671938fa"/>
    </p0826-teimww:occursIn>
  </p0826-teimww:passage>
  <p0826-teimww:passage id="ww_8b9dc872d28e1554">
    <knoraXmlImport:label>passage</knoraXmlImport:label>
    <p0826-teimww:contains>
      <p0826-teimww:lexia knoraType="link_value" linkType="ref" target="ww_3ea49ddf43cac746"/>
    </p0826-teimww:contains>
    <p0826-teimww:hasPage knoraType="richtext_value">Act 1, scene 5, lines 75-76.</p0826-teimww:hasPage>
    <p0826-teimww:hasText knoraType="richtext_value">[Ghost:] [...] And with a sudden vigor it doth &lt;span class="quote"&gt;posset &lt;br&gt;
And curd&lt;/span&gt; [...].</p0826-teimww:hasText>
    <p0826-teimww:isMentionedIn>
      <p0826-teimww:passage knoraType="link_value" linkType="ref" target="ww_78e9a988b4fe4ce6"/>
    </p0826-teimww:isMentionedIn>
    <p0826-teimww:isMentionedIn>
      <p0826-teimww:passage knoraType="link_value" linkType="ref" target="ww_c31c01aeea6753eb"/>
    </p0826-teimww:isMentionedIn>
    <p0826-teimww:isMentionedIn>
      <p0826-teimww:passage knoraType="link_value" linkType="ref" target="ww_75654f0af64bd6e6"/>
    </p0826-teimww:isMentionedIn>
    <p0826-teimww:isMentionedIn>
      <p0826-teimww:passage knoraType="link_value" linkType="ref" target="ww_05ae3aa26928461f"/>
    </p0826-teimww:isMentionedIn>
    <p0826-teimww:isMentionedIn>
      <p0826-teimww:passage knoraType="link_value" linkType="ref" target="ww_5abbe3385c3194ad"/>
    </p0826-teimww:isMentionedIn>
    <p0826-teimww:occursIn>
      <p0826-teimww:book knoraType="link_value" linkType="ref" target="ww_5cb4c35da9f3b9dd"/>
    </p0826-teimww:occursIn>
    <p0826-teimww:wasContributedBy>
      <p0826-teimww:person knoraType="link_value" linkType="ref" target="ww_b604df587d93b768"/>
    </p0826-teimww:wasContributedBy>
  </p0826-teimww:passage>
  <p0826-teimww:passage id="ww_05ae3aa26928461f">
    <knoraXmlImport:label>passage</knoraXmlImport:label>
    <p0826-teimww:occursIn>
      <p0826-teimww:book knoraType="link_value" linkType="ref" target="ww_15dba62495527dd5"/>
    </p0826-teimww:occursIn>
  </p0826-teimww:passage>
  <p0826-teimww:passage id="ww_75654f0af64bd6e6">
    <knoraXmlImport:label>passage</knoraXmlImport:label>
    <p0826-teimww:occursIn>
      <p0826-teimww:book knoraType="link_value" linkType="ref" target="ww_0b28ed19a0540e1d"/>
    </p0826-teimww:occursIn>
  </p0826-teimww:passage>
  <p0826-teimww:passage id="ww_78e9a988b4fe4ce6">
    <knoraXmlImport:label>passage</knoraXmlImport:label>
    <p0826-teimww:occursIn>
      <p0826-teimww:book knoraType="link_value" linkType="ref" target="ww_bd61ff243a1c12bf"/>
    </p0826-teimww:occursIn>
  </p0826-teimww:passage>
  <p0826-teimww:passage id="ww_5abbe3385c3194ad">
    <knoraXmlImport:label>passage</knoraXmlImport:label>
    <p0826-teimww:occursIn>
      <p0826-teimww:book knoraType="link_value" linkType="ref" target="ww_c0bb45384c6abc1f"/>
    </p0826-teimww:occursIn>
  </p0826-teimww:passage>
  <p0826-teimww:passage id="ww_c31c01aeea6753eb">
    <knoraXmlImport:label>passage</knoraXmlImport:label>
    <p0826-teimww:occursIn>
      <p0826-teimww:book knoraType="link_value" linkType="ref" target="ww_1140c36ab545b6d8"/>
    </p0826-teimww:occursIn>
  </p0826-teimww:passage>
  <p0826-teimww:passage id="ww_368ef6bc8c8105c2">
    <knoraXmlImport:label>passage</knoraXmlImport:label>
    <p0826-teimww:contains>
      <p0826-teimww:lexia knoraType="link_value" linkType="ref" target="ww_2eb25a7c80a20bfa"/>
    </p0826-teimww:contains>
    <p0826-teimww:hasPage knoraType="richtext_value">Act 1, scene 5, line 78.</p0826-teimww:hasPage>
    <p0826-teimww:hasText knoraType="richtext_value">[Ghost:] [...] And a &lt;span class="quote"&gt;most instant tetter barked&lt;/span&gt; about [...].</p0826-teimww:hasText>
    <p0826-teimww:occursIn>
      <p0826-teimww:book knoraType="link_value" linkType="ref" target="ww_5cb4c35da9f3b9dd"/>
    </p0826-teimww:occursIn>
    <p0826-teimww:wasContributedBy>
      <p0826-teimww:person knoraType="link_value" linkType="ref" target="ww_b604df587d93b768"/>
    </p0826-teimww:wasContributedBy>
  </p0826-teimww:passage>
  <p0826-teimww:passage id="ww_a59a7cb93b05bfe5">
    <knoraXmlImport:label>passage</knoraXmlImport:label>
    <p0826-teimww:contains>
      <p0826-teimww:lexia knoraType="link_value" linkType="ref" target="ww_6fb7426aec7e5364"/>
    </p0826-teimww:contains>
    <p0826-teimww:hasPage knoraType="richtext_value">90; act 2, scene 3 (normalized spelling).</p0826-teimww:hasPage>
    <p0826-teimww:hasPageHist knoraType="richtext_value">90; act 2, scene 3.</p0826-teimww:hasPageHist>
    <p0826-teimww:hasText knoraType="richtext_value">(Enter Antonio &lt;span class="quote"&gt;with a book&lt;/span&gt;, Lucio, Alberto; &lt;span class="quote"&gt;Antonio in black)&lt;/span&gt;</p0826-teimww:hasText>
    <p0826-teimww:hasTextHist knoraType="richtext_value">&lt;i&gt; Enter Antonio with a booke, Lucio, Alberto; Antonio in Blacke &lt;/i&gt;</p0826-teimww:hasTextHist>
    <p0826-teimww:isMentionedIn>
      <p0826-teimww:passage knoraType="link_value" linkType="ref" target="ww_bf1d07022f4ec0bb"/>
    </p0826-teimww:isMentionedIn>
    <p0826-teimww:occursIn>
      <p0826-teimww:book knoraType="link_value" linkType="ref" target="ww_436db7d05fb0f0f6"/>
    </p0826-teimww:occursIn>
    <p0826-teimww:wasContributedBy>
      <p0826-teimww:person knoraType="link_value" linkType="ref" target="ww_7f35f6802efd910d"/>
    </p0826-teimww:wasContributedBy>
  </p0826-teimww:passage>
  <p0826-teimww:passage id="ww_bf1d07022f4ec0bb">
    <knoraXmlImport:label>passage</knoraXmlImport:label>
    <p0826-teimww:occursIn>
      <p0826-teimww:book knoraType="link_value" linkType="ref" target="ww_0f0f2ccb24fa3b96"/>
    </p0826-teimww:occursIn>
  </p0826-teimww:passage>
  <p0826-teimww:passage id="ww_6f800d565e914e02">
    <knoraXmlImport:label>passage</knoraXmlImport:label>
    <p0826-teimww:contains>
      <p0826-teimww:lexia knoraType="link_value" linkType="ref" target="ww_6fb7426aec7e5364"/>
    </p0826-teimww:contains>
    <p0826-teimww:hasPage knoraType="richtext_value">Act 2, scene 2, line 180.</p0826-teimww:hasPage>
    <p0826-teimww:hasText knoraType="richtext_value">&lt;span class="quote"&gt;(Enter Hamlet in black, reading a book)&lt;/span&gt;</p0826-teimww:hasText>
    <p0826-teimww:isMentionedIn>
      <p0826-teimww:passage knoraType="link_value" linkType="ref" target="ww_bf1d07022f4ec0bb"/>
    </p0826-teimww:isMentionedIn>
    <p0826-teimww:occursIn>
      <p0826-teimww:book knoraType="link_value" linkType="ref" target="ww_5cb4c35da9f3b9dd"/>
    </p0826-teimww:occursIn>
    <p0826-teimww:wasContributedBy>
      <p0826-teimww:person knoraType="link_value" linkType="ref" target="ww_7f35f6802efd910d"/>
    </p0826-teimww:wasContributedBy>
  </p0826-teimww:passage>
  <p0826-teimww:passage id="ww_993f24a8bcaf97a5">
    <knoraXmlImport:label>passage</knoraXmlImport:label>
    <p0826-teimww:contains>
      <p0826-teimww:lexia knoraType="link_value" linkType="ref" target="ww_cbdcdbbcf3f397e0"/>
    </p0826-teimww:contains>
    <p0826-teimww:hasPage knoraType="richtext_value">Act 3, scene 4, lines 116-122.</p0826-teimww:hasPage>
    <p0826-teimww:hasText knoraType="richtext_value">[Queen:] No more! &lt;br&gt;
[Hamlet:] A king of shreds and patches - &lt;br&gt;
(Enter Ghost)&lt;br&gt;
Save me and hover o'er me with your wings,
You heavenly guards! - What would your gracious
figure?&lt;br&gt;
[Queen:] &lt;span class="quote"&gt;Alas, he's mad.&lt;/span&gt;&lt;br&gt;</p0826-teimww:hasText>
    <p0826-teimww:isMentionedIn>
      <p0826-teimww:passage knoraType="link_value" linkType="ref" target="ww_a9bb8dd2e13ba9d4"/>
    </p0826-teimww:isMentionedIn>
    <p0826-teimww:occursIn>
      <p0826-teimww:book knoraType="link_value" linkType="ref" target="ww_5cb4c35da9f3b9dd"/>
    </p0826-teimww:occursIn>
    <p0826-teimww:wasContributedBy>
      <p0826-teimww:person knoraType="link_value" linkType="ref" target="ww_7f35f6802efd910d"/>
    </p0826-teimww:wasContributedBy>
  </p0826-teimww:passage>
  <p0826-teimww:passage id="ww_a9bb8dd2e13ba9d4">
    <knoraXmlImport:label>passage</knoraXmlImport:label>
    <p0826-teimww:occursIn>
      <p0826-teimww:book knoraType="link_value" linkType="ref" target="ww_0f0f2ccb24fa3b96"/>
    </p0826-teimww:occursIn>
  </p0826-teimww:passage>
  <p0826-teimww:passage id="ww_85b8b69692436002">
    <knoraXmlImport:label>passage</knoraXmlImport:label>
    <p0826-teimww:contains>
      <p0826-teimww:lexia knoraType="link_value" linkType="ref" target="ww_cbdcdbbcf3f397e0"/>
    </p0826-teimww:contains>
    <p0826-teimww:hasPage knoraType="richtext_value">95 [normalized spelling].</p0826-teimww:hasPage>
    <p0826-teimww:hasPageHist knoraType="richtext_value">95.</p0826-teimww:hasPageHist>
    <p0826-teimww:hasText knoraType="richtext_value">[Maria:]&lt;span class="quote"&gt; What, my good boy, stark mad?&lt;/span&gt; &lt;br&gt;
[Antonio:] I am not. &lt;br&gt;
[Maria:] &lt;span class="quote"&gt;Alas, &lt;/span&gt;is that strange news? [...]&lt;br&gt;
[Maria:] &lt;span class="quote"&gt;Alas my son's distraught. Sweet boy appease&lt;br&gt;
Thy mutining affections.&lt;br&gt;&lt;/span&gt;
[Antonio:] By the astoning terror of swart night,&lt;br&gt;
By the infectious damps of clammy graves,&lt;br&gt;
And by the mould that presseth down&lt;br&gt;
My dead father's skull: I'll be reveng'd. </p0826-teimww:hasText>
    <p0826-teimww:hasTextHist knoraType="richtext_value">[Maria:]&lt;span class="quote"&gt; What, my good boy, stark mad?&lt;/span&gt; &lt;br&gt;
[Antonio:] I am not. &lt;br&gt;
[Maria:] &lt;span class="quote"&gt;Alas, &lt;/span&gt;is that strange news? [...]&lt;br&gt;
[Maria:] &lt;span class="quote"&gt;Alas my son's distraught. Sweete boy appease&lt;br&gt;
Thy mutining affections.&lt;br&gt;&lt;/span&gt;
[Antonio:] By the astonning terror of swart night,&lt;br&gt;
By the infectious damps of clammie graues,&lt;br&gt;
And by the mould that presseth downe&lt;br&gt;
My deade fathers sculle: Ile be reueng'd. </p0826-teimww:hasTextHist>
    <p0826-teimww:isMentionedIn>
      <p0826-teimww:passage knoraType="link_value" linkType="ref" target="ww_a9bb8dd2e13ba9d4"/>
    </p0826-teimww:isMentionedIn>
    <p0826-teimww:occursIn>
      <p0826-teimww:book knoraType="link_value" linkType="ref" target="ww_436db7d05fb0f0f6"/>
    </p0826-teimww:occursIn>
    <p0826-teimww:wasContributedBy>
      <p0826-teimww:person knoraType="link_value" linkType="ref" target="ww_7f35f6802efd910d"/>
    </p0826-teimww:wasContributedBy>
  </p0826-teimww:passage>
  <p0826-teimww:passage id="ww_9166bd087f950474">
    <knoraXmlImport:label>passage</knoraXmlImport:label>
    <p0826-teimww:contains>
      <p0826-teimww:lexia knoraType="link_value" linkType="ref" target="ww_e315f9613cdb44a8"/>
    </p0826-teimww:contains>
    <p0826-teimww:hasPage knoraType="richtext_value">105.</p0826-teimww:hasPage>
    <p0826-teimww:hasText knoraType="richtext_value">[Antonio:] [...] &lt;span class="quote"&gt;Blood cries for blood&lt;/span&gt;, and murder murder craves.</p0826-teimww:hasText>
    <p0826-teimww:isMentionedIn>
      <p0826-teimww:passage knoraType="link_value" linkType="ref" target="ww_390a8314d0e9a746"/>
    </p0826-teimww:isMentionedIn>
    <p0826-teimww:occursIn>
      <p0826-teimww:book knoraType="link_value" linkType="ref" target="ww_436db7d05fb0f0f6"/>
    </p0826-teimww:occursIn>
    <p0826-teimww:wasContributedBy>
      <p0826-teimww:person knoraType="link_value" linkType="ref" target="ww_7f35f6802efd910d"/>
    </p0826-teimww:wasContributedBy>
  </p0826-teimww:passage>
  <p0826-teimww:passage id="ww_390a8314d0e9a746">
    <knoraXmlImport:label>passage</knoraXmlImport:label>
    <p0826-teimww:occursIn>
      <p0826-teimww:book knoraType="link_value" linkType="ref" target="ww_0f0f2ccb24fa3b96"/>
    </p0826-teimww:occursIn>
  </p0826-teimww:passage>
  <p0826-teimww:passage id="ww_53a18a0e43352542">
    <knoraXmlImport:label>passage</knoraXmlImport:label>
    <p0826-teimww:contains>
      <p0826-teimww:lexia knoraType="link_value" linkType="ref" target="ww_4149ecf2729308cb"/>
    </p0826-teimww:contains>
    <p0826-teimww:hasPage knoraType="richtext_value">Act 5, scene 1.</p0826-teimww:hasPage>
    <p0826-teimww:hasText knoraType="richtext_value">[Hamlet:] &lt;span class="quote"&gt;What is he whose grief
Bears such an emphasis,&lt;/span&gt; whose phrase of sorrow
Conjures the wand’ring stars and makes them stand
Like wonder-wounded hearers? &lt;span class="quote"&gt;This is I,
Hamlet the Dane.&lt;/span&gt;</p0826-teimww:hasText>
    <p0826-teimww:isMentionedIn>
      <p0826-teimww:passage knoraType="link_value" linkType="ref" target="ww_1ee6fc62b4894307"/>
    </p0826-teimww:isMentionedIn>
    <p0826-teimww:occursIn>
      <p0826-teimww:book knoraType="link_value" linkType="ref" target="ww_5cb4c35da9f3b9dd"/>
    </p0826-teimww:occursIn>
    <p0826-teimww:wasContributedBy>
      <p0826-teimww:person knoraType="link_value" linkType="ref" target="ww_7f35f6802efd910d"/>
    </p0826-teimww:wasContributedBy>
  </p0826-teimww:passage>
  <p0826-teimww:passage id="ww_1ee6fc62b4894307">
    <knoraXmlImport:label>passage</knoraXmlImport:label>
    <p0826-teimww:occursIn>
      <p0826-teimww:book knoraType="link_value" linkType="ref" target="ww_0f0f2ccb24fa3b96"/>
    </p0826-teimww:occursIn>
  </p0826-teimww:passage>
  <p0826-teimww:passage id="ww_8dbc67b2c2b12c09">
    <knoraXmlImport:label>passage</knoraXmlImport:label>
    <p0826-teimww:contains>
      <p0826-teimww:lexia knoraType="link_value" linkType="ref" target="ww_e6c52f729fb5229b"/>
    </p0826-teimww:contains>
    <p0826-teimww:contains>
      <p0826-teimww:lexia knoraType="link_value" linkType="ref" target="ww_b7d3d19e34230ac3"/>
    </p0826-teimww:contains>
    <p0826-teimww:contains>
      <p0826-teimww:lexia knoraType="link_value" linkType="ref" target="ww_fe6fa2da26ced2ba"/>
    </p0826-teimww:contains>
    <p0826-teimww:hasPage knoraType="richtext_value">Act 2, scene 2, lines 486-487.</p0826-teimww:hasPage>
    <p0826-teimww:hasText knoraType="richtext_value">[Hamlet:] [...] &lt;span class="quote"&gt;Roasted in wrath and fire,&lt;br&gt;
And thus o'ersizèd with coagulate gore &lt;/span&gt;[...].</p0826-teimww:hasText>
    <p0826-teimww:isMentionedIn>
      <p0826-teimww:passage knoraType="link_value" linkType="ref" target="ww_6c53c40ad31b1971"/>
    </p0826-teimww:isMentionedIn>
    <p0826-teimww:occursIn>
      <p0826-teimww:book knoraType="link_value" linkType="ref" target="ww_5cb4c35da9f3b9dd"/>
    </p0826-teimww:occursIn>
    <p0826-teimww:wasContributedBy>
      <p0826-teimww:person knoraType="link_value" linkType="ref" target="ww_7f35f6802efd910d"/>
    </p0826-teimww:wasContributedBy>
  </p0826-teimww:passage>
  <p0826-teimww:passage id="ww_6c53c40ad31b1971">
    <knoraXmlImport:label>passage</knoraXmlImport:label>
    <p0826-teimww:occursIn>
      <p0826-teimww:book knoraType="link_value" linkType="ref" target="ww_3f86f30540de15b8"/>
    </p0826-teimww:occursIn>
  </p0826-teimww:passage>
  <p0826-teimww:passage id="ww_9827a30ac3d0bdff">
    <knoraXmlImport:label>passage</knoraXmlImport:label>
    <p0826-teimww:contains>
      <p0826-teimww:lexia knoraType="link_value" linkType="ref" target="ww_4149ecf2729308cb"/>
    </p0826-teimww:contains>
    <p0826-teimww:hasPage knoraType="richtext_value">121.</p0826-teimww:hasPage>
    <p0826-teimww:hasText knoraType="richtext_value">[Pandulpho:] [...] Yet I am less than a man. I am the miserables soul that breathes. &lt;br&gt;
[Antonio:] 'Slid, sir, ye lie! by h'heart of grief, thou lies!
I scorn't that any wretched should survive 
Outmounting me in that superlative:
&lt;span class="quote"&gt;Most miserable, most unmatched woe.
Who dare assume that, but Antonio?&lt;/span&gt;</p0826-teimww:hasText>
    <p0826-teimww:isMentionedIn>
      <p0826-teimww:passage knoraType="link_value" linkType="ref" target="ww_1ee6fc62b4894307"/>
    </p0826-teimww:isMentionedIn>
    <p0826-teimww:occursIn>
      <p0826-teimww:book knoraType="link_value" linkType="ref" target="ww_436db7d05fb0f0f6"/>
    </p0826-teimww:occursIn>
    <p0826-teimww:wasContributedBy>
      <p0826-teimww:person knoraType="link_value" linkType="ref" target="ww_7f35f6802efd910d"/>
    </p0826-teimww:wasContributedBy>
  </p0826-teimww:passage>
  <p0826-teimww:passage id="ww_111ef41d82566f40">
    <knoraXmlImport:label>passage</knoraXmlImport:label>
    <p0826-teimww:contains>
      <p0826-teimww:lexia knoraType="link_value" linkType="ref" target="ww_7debbc30f88b3695"/>
    </p0826-teimww:contains>
    <p0826-teimww:hasPage knoraType="richtext_value">Act 2, scene 2, line 496.</p0826-teimww:hasPage>
    <p0826-teimww:hasText knoraType="richtext_value">[First Player:] [...] &lt;span class="quote"&gt;Repugnant to command. Unequal matched &lt;/span&gt;[...].</p0826-teimww:hasText>
    <p0826-teimww:isMentionedIn>
      <p0826-teimww:passage knoraType="link_value" linkType="ref" target="ww_9ef0581e2021389b"/>
    </p0826-teimww:isMentionedIn>
    <p0826-teimww:occursIn>
      <p0826-teimww:book knoraType="link_value" linkType="ref" target="ww_5cb4c35da9f3b9dd"/>
    </p0826-teimww:occursIn>
    <p0826-teimww:wasContributedBy>
      <p0826-teimww:person knoraType="link_value" linkType="ref" target="ww_7f35f6802efd910d"/>
    </p0826-teimww:wasContributedBy>
  </p0826-teimww:passage>
  <p0826-teimww:passage id="ww_9ef0581e2021389b">
    <knoraXmlImport:label>passage</knoraXmlImport:label>
    <p0826-teimww:occursIn>
      <p0826-teimww:book knoraType="link_value" linkType="ref" target="ww_3f86f30540de15b8"/>
    </p0826-teimww:occursIn>
  </p0826-teimww:passage>
  <p0826-teimww:passage id="ww_6ecaf2375c2a6377">
    <knoraXmlImport:label>passage</knoraXmlImport:label>
    <p0826-teimww:contains>
      <p0826-teimww:lexia knoraType="link_value" linkType="ref" target="ww_1810c8cfe7199e0e"/>
    </p0826-teimww:contains>
    <p0826-teimww:hasPage knoraType="richtext_value">Act 2, scene 2, lines 502-504.</p0826-teimww:hasPage>
    <p0826-teimww:hasText knoraType="richtext_value">[First player:] &lt;span class="quote"&gt;For lo, his sword,&lt;br&gt;
Which was declining on the milky head&lt;br&gt;
Of reverend Priam, seemed i' th' air to stick.&lt;/span&gt;</p0826-teimww:hasText>
    <p0826-teimww:isMentionedIn>
      <p0826-teimww:passage knoraType="link_value" linkType="ref" target="ww_498dd33383555783"/>
    </p0826-teimww:isMentionedIn>
    <p0826-teimww:isMentionedIn>
      <p0826-teimww:passage knoraType="link_value" linkType="ref" target="ww_0c94ff9c3e1bdf5b"/>
    </p0826-teimww:isMentionedIn>
    <p0826-teimww:occursIn>
      <p0826-teimww:book knoraType="link_value" linkType="ref" target="ww_5cb4c35da9f3b9dd"/>
    </p0826-teimww:occursIn>
    <p0826-teimww:wasContributedBy>
      <p0826-teimww:person knoraType="link_value" linkType="ref" target="ww_7f35f6802efd910d"/>
    </p0826-teimww:wasContributedBy>
  </p0826-teimww:passage>
  <p0826-teimww:passage id="ww_498dd33383555783">
    <knoraXmlImport:label>passage</knoraXmlImport:label>
    <p0826-teimww:occursIn>
      <p0826-teimww:book knoraType="link_value" linkType="ref" target="ww_3f86f30540de15b8"/>
    </p0826-teimww:occursIn>
  </p0826-teimww:passage>
  <p0826-teimww:passage id="ww_4cb28f2e183cc569">
    <knoraXmlImport:label>passage</knoraXmlImport:label>
    <p0826-teimww:contains>
      <p0826-teimww:lexia knoraType="link_value" linkType="ref" target="ww_2f1acabf6c02c58e"/>
    </p0826-teimww:contains>
    <p0826-teimww:hasPage knoraType="richtext_value">123 [normalized spelling].</p0826-teimww:hasPage>
    <p0826-teimww:hasPageHist knoraType="richtext_value">123.</p0826-teimww:hasPageHist>
    <p0826-teimww:hasText knoraType="richtext_value">[Andrugio:]&lt;span class="quote"&gt; The fist of strenuous vengeance is clutched&lt;/span&gt; [...].</p0826-teimww:hasText>
    <p0826-teimww:hasTextHist knoraType="richtext_value">[Andrugio:] &lt;span class="quote"&gt;The fist of strenuous vengeance is clutcht&lt;/span&gt; [...].</p0826-teimww:hasTextHist>
    <p0826-teimww:isMentionedIn>
      <p0826-teimww:passage knoraType="link_value" linkType="ref" target="ww_24a8d5f72ecc72c5"/>
    </p0826-teimww:isMentionedIn>
    <p0826-teimww:occursIn>
      <p0826-teimww:book knoraType="link_value" linkType="ref" target="ww_436db7d05fb0f0f6"/>
    </p0826-teimww:occursIn>
    <p0826-teimww:wasContributedBy>
      <p0826-teimww:person knoraType="link_value" linkType="ref" target="ww_7f35f6802efd910d"/>
    </p0826-teimww:wasContributedBy>
  </p0826-teimww:passage>
  <p0826-teimww:passage id="ww_24a8d5f72ecc72c5">
    <knoraXmlImport:label>passage</knoraXmlImport:label>
    <p0826-teimww:occursIn>
      <p0826-teimww:book knoraType="link_value" linkType="ref" target="ww_0f0f2ccb24fa3b96"/>
    </p0826-teimww:occursIn>
  </p0826-teimww:passage>
  <p0826-teimww:passage id="ww_d7bb9042bcf6b93b">
    <knoraXmlImport:label>passage</knoraXmlImport:label>
    <p0826-teimww:contains>
      <p0826-teimww:lexia knoraType="link_value" linkType="ref" target="ww_5c99a36daca63b02"/>
    </p0826-teimww:contains>
    <p0826-teimww:hasPage knoraType="richtext_value">123 [normalized spelling].</p0826-teimww:hasPage>
    <p0826-teimww:hasPageHist knoraType="richtext_value">123.</p0826-teimww:hasPageHist>
    <p0826-teimww:hasText knoraType="richtext_value">[Andrugio:] [...] now is his fate grown &lt;span class="quote"&gt;mellow, &lt;br&gt;
Instant to fall into the rotten jaws &lt;br&gt;
Of chap-fall'n death. &lt;/span&gt;</p0826-teimww:hasText>
    <p0826-teimww:hasTextHist knoraType="richtext_value">[Andrugio:] [...] now is his fate growne mellow, &lt;br&gt;
Instant to fall into the rotten jawes &lt;br&gt;
Of chap-falne death. </p0826-teimww:hasTextHist>
    <p0826-teimww:isMentionedIn>
      <p0826-teimww:passage knoraType="link_value" linkType="ref" target="ww_7d9fecbbe0fb47bc"/>
    </p0826-teimww:isMentionedIn>
    <p0826-teimww:occursIn>
      <p0826-teimww:book knoraType="link_value" linkType="ref" target="ww_436db7d05fb0f0f6"/>
    </p0826-teimww:occursIn>
    <p0826-teimww:wasContributedBy>
      <p0826-teimww:person knoraType="link_value" linkType="ref" target="ww_7f35f6802efd910d"/>
    </p0826-teimww:wasContributedBy>
  </p0826-teimww:passage>
  <p0826-teimww:passage id="ww_7d9fecbbe0fb47bc">
    <knoraXmlImport:label>passage</knoraXmlImport:label>
    <p0826-teimww:occursIn>
      <p0826-teimww:book knoraType="link_value" linkType="ref" target="ww_0f0f2ccb24fa3b96"/>
    </p0826-teimww:occursIn>
  </p0826-teimww:passage>
  <p0826-teimww:passage id="ww_fdce60d097d1d326">
    <knoraXmlImport:label>passage</knoraXmlImport:label>
    <p0826-teimww:contains>
      <p0826-teimww:lexia knoraType="link_value" linkType="ref" target="ww_c3afb35797433163"/>
    </p0826-teimww:contains>
    <p0826-teimww:hasPage knoraType="richtext_value">Act 3, scene 1, lines 146-151.</p0826-teimww:hasPage>
    <p0826-teimww:hasText knoraType="richtext_value">[Hamlet:] If thou dost marry, I'll give thee this plague for thy dowry: be thou as chaste as ice, as pure as snow, thou shalt not escape calumny. Get thee to a nunnery, farewell. Or if thou wilt needs marry, marry a fool, for &lt;span class="quote"&gt;wise men know well enough what monsters you make of them. &lt;/span&gt;</p0826-teimww:hasText>
    <p0826-teimww:isMentionedIn>
      <p0826-teimww:passage knoraType="link_value" linkType="ref" target="ww_15b324db0ab6bbe1"/>
    </p0826-teimww:isMentionedIn>
    <p0826-teimww:occursIn>
      <p0826-teimww:book knoraType="link_value" linkType="ref" target="ww_5cb4c35da9f3b9dd"/>
    </p0826-teimww:occursIn>
    <p0826-teimww:wasContributedBy>
      <p0826-teimww:person knoraType="link_value" linkType="ref" target="ww_c4063e9c72a3ffd2"/>
    </p0826-teimww:wasContributedBy>
  </p0826-teimww:passage>
  <p0826-teimww:passage id="ww_15b324db0ab6bbe1">
    <knoraXmlImport:label>passage</knoraXmlImport:label>
    <p0826-teimww:occursIn>
      <p0826-teimww:book knoraType="link_value" linkType="ref" target="ww_3f86f30540de15b8"/>
    </p0826-teimww:occursIn>
  </p0826-teimww:passage>
  <p0826-teimww:passage id="ww_31497f6b713abc3c">
    <knoraXmlImport:label>passage</knoraXmlImport:label>
    <p0826-teimww:contains>
      <p0826-teimww:lexia knoraType="link_value" linkType="ref" target="ww_3c12f2334e2d9a87"/>
    </p0826-teimww:contains>
    <p0826-teimww:hasPage knoraType="richtext_value">Act 4, scene 2, line 6.</p0826-teimww:hasPage>
    <p0826-teimww:hasText knoraType="richtext_value"> [Hamlet:] &lt;span class="quote"&gt;Compounded it with dust, whereto 'tis kin.&lt;/span&gt;</p0826-teimww:hasText>
    <p0826-teimww:isMentionedIn>
      <p0826-teimww:passage knoraType="link_value" linkType="ref" target="ww_bdd2efc2bbb45e12"/>
    </p0826-teimww:isMentionedIn>
    <p0826-teimww:occursIn>
      <p0826-teimww:book knoraType="link_value" linkType="ref" target="ww_5cb4c35da9f3b9dd"/>
    </p0826-teimww:occursIn>
    <p0826-teimww:wasContributedBy>
      <p0826-teimww:person knoraType="link_value" linkType="ref" target="ww_c4063e9c72a3ffd2"/>
    </p0826-teimww:wasContributedBy>
  </p0826-teimww:passage>
  <p0826-teimww:passage id="ww_bdd2efc2bbb45e12">
    <knoraXmlImport:label>passage</knoraXmlImport:label>
    <p0826-teimww:occursIn>
      <p0826-teimww:book knoraType="link_value" linkType="ref" target="ww_b3931845d54b98d5"/>
    </p0826-teimww:occursIn>
  </p0826-teimww:passage>
  <p0826-teimww:passage id="ww_75f170d1566a53f0">
    <knoraXmlImport:label>passage</knoraXmlImport:label>
    <p0826-teimww:contains>
      <p0826-teimww:lexia knoraType="link_value" linkType="ref" target="ww_5b9c52daae544186"/>
    </p0826-teimww:contains>
    <p0826-teimww:hasPage knoraType="richtext_value">Act 3, scene 1, lines 121-126.</p0826-teimww:hasPage>
    <p0826-teimww:hasText knoraType="richtext_value">[Hamlet:]&lt;span class="quote"&gt; Ay, truly, for the power of beauty will sooner
transform honesty from what it is to a bawd than
the force of honesty can translate beauty into his
likeness. This was sometime a paradox, but now
the time gives it proof. I did love you once.</p0826-teimww:hasText>
    <p0826-teimww:isMentionedIn>
      <p0826-teimww:passage knoraType="link_value" linkType="ref" target="ww_cfc1c58a5bfd9ff0"/>
    </p0826-teimww:isMentionedIn>
    <p0826-teimww:occursIn>
      <p0826-teimww:book knoraType="link_value" linkType="ref" target="ww_5cb4c35da9f3b9dd"/>
    </p0826-teimww:occursIn>
    <p0826-teimww:wasContributedBy>
      <p0826-teimww:person knoraType="link_value" linkType="ref" target="ww_7f35f6802efd910d"/>
    </p0826-teimww:wasContributedBy>
  </p0826-teimww:passage>
  <p0826-teimww:passage id="ww_cfc1c58a5bfd9ff0">
    <knoraXmlImport:label>passage</knoraXmlImport:label>
    <p0826-teimww:occursIn>
      <p0826-teimww:book knoraType="link_value" linkType="ref" target="ww_15dba62495527dd5"/>
    </p0826-teimww:occursIn>
  </p0826-teimww:passage>
  <p0826-teimww:passage id="ww_c366cb9192980786">
    <knoraXmlImport:label>passage</knoraXmlImport:label>
    <p0826-teimww:contains>
      <p0826-teimww:lexia knoraType="link_value" linkType="ref" target="ww_ae65dea007d10d55"/>
    </p0826-teimww:contains>
    <p0826-teimww:hasPage knoraType="richtext_value">Act 2, scene 1, lines 88-91.</p0826-teimww:hasPage>
    <p0826-teimww:hasText knoraType="richtext_value">[Ophelia:] Lord Hamlet, with his &lt;span class="quote"&gt;doublet all unbraced, &lt;br&gt;
No hat upon his head, his stockings fouled, &lt;br&gt;
Ungartered, and down-gyvèd to his ankle,&lt;/span&gt; &lt;br&gt;
Pale as his shirt, his knees knocking each other […]</p0826-teimww:hasText>
    <p0826-teimww:isMentionedIn>
      <p0826-teimww:passage knoraType="link_value" linkType="ref" target="ww_2f547ca0995af92e"/>
    </p0826-teimww:isMentionedIn>
    <p0826-teimww:isMentionedIn>
      <p0826-teimww:passage knoraType="link_value" linkType="ref" target="ww_b0e669df36b4c412"/>
    </p0826-teimww:isMentionedIn>
    <p0826-teimww:occursIn>
      <p0826-teimww:book knoraType="link_value" linkType="ref" target="ww_5cb4c35da9f3b9dd"/>
    </p0826-teimww:occursIn>
    <p0826-teimww:wasContributedBy>
      <p0826-teimww:person knoraType="link_value" linkType="ref" target="ww_7f35f6802efd910d"/>
    </p0826-teimww:wasContributedBy>
  </p0826-teimww:passage>
  <p0826-teimww:passage id="ww_2f547ca0995af92e">
    <knoraXmlImport:label>passage</knoraXmlImport:label>
    <p0826-teimww:occursIn>
      <p0826-teimww:book knoraType="link_value" linkType="ref" target="ww_b3931845d54b98d5"/>
    </p0826-teimww:occursIn>
  </p0826-teimww:passage>
  <p0826-teimww:passage id="ww_b0e669df36b4c412">
    <knoraXmlImport:label>passage</knoraXmlImport:label>
    <p0826-teimww:occursIn>
      <p0826-teimww:book knoraType="link_value" linkType="ref" target="ww_1140c36ab545b6d8"/>
    </p0826-teimww:occursIn>
  </p0826-teimww:passage>
  <p0826-teimww:passage id="ww_62172f35b4e9b705">
    <knoraXmlImport:label>passage</knoraXmlImport:label>
    <p0826-teimww:contains>
      <p0826-teimww:lexia knoraType="link_value" linkType="ref" target="ww_d2b0f78a87e52da3"/>
    </p0826-teimww:contains>
    <p0826-teimww:hasPage knoraType="richtext_value">Act 4, scene 2, lines 15-21.</p0826-teimww:hasPage>
    <p0826-teimww:hasText knoraType="richtext_value">[Rosencrantz:] &lt;span class="quote"&gt;Take you me for a sponge, my lord? &lt;br&gt;&lt;/span&gt;
[Hamlet:] &lt;span class="quote"&gt;Ay, sir, that soaks up the king's countenance [...]&lt;br&gt;
when he needs what you have gleaned, it is but squeezing you, and sponge, you shall be dry again.&lt;/span&gt;</p0826-teimww:hasText>
    <p0826-teimww:isMentionedIn>
      <p0826-teimww:passage knoraType="link_value" linkType="ref" target="ww_056bc0b2e6646111"/>
    </p0826-teimww:isMentionedIn>
    <p0826-teimww:isMentionedIn>
      <p0826-teimww:passage knoraType="link_value" linkType="ref" target="ww_82bed7831d05d2fa"/>
    </p0826-teimww:isMentionedIn>
    <p0826-teimww:isMentionedIn>
      <p0826-teimww:passage knoraType="link_value" linkType="ref" target="ww_8b0c887983b1dae8"/>
    </p0826-teimww:isMentionedIn>
    <p0826-teimww:occursIn>
      <p0826-teimww:book knoraType="link_value" linkType="ref" target="ww_5cb4c35da9f3b9dd"/>
    </p0826-teimww:occursIn>
    <p0826-teimww:wasContributedBy>
      <p0826-teimww:person knoraType="link_value" linkType="ref" target="ww_c4063e9c72a3ffd2"/>
    </p0826-teimww:wasContributedBy>
  </p0826-teimww:passage>
  <p0826-teimww:passage id="ww_8b0c887983b1dae8">
    <knoraXmlImport:label>passage</knoraXmlImport:label>
    <p0826-teimww:occursIn>
      <p0826-teimww:book knoraType="link_value" linkType="ref" target="ww_b3931845d54b98d5"/>
    </p0826-teimww:occursIn>
  </p0826-teimww:passage>
  <p0826-teimww:passage id="ww_056bc0b2e6646111">
    <knoraXmlImport:label>passage</knoraXmlImport:label>
    <p0826-teimww:occursIn>
      <p0826-teimww:book knoraType="link_value" linkType="ref" target="ww_cbd79ec87899a40d"/>
    </p0826-teimww:occursIn>
  </p0826-teimww:passage>
  <p0826-teimww:passage id="ww_3f6e0244dce2cd2e">
    <knoraXmlImport:label>passage</knoraXmlImport:label>
    <p0826-teimww:contains>
      <p0826-teimww:lexia knoraType="link_value" linkType="ref" target="ww_7b716843a3570c2e"/>
    </p0826-teimww:contains>
    <p0826-teimww:hasPage knoraType="richtext_value">Act 2, scene 2, lines 94-96 and 105-106.</p0826-teimww:hasPage>
    <p0826-teimww:hasText knoraType="richtext_value">[Polonius:] […] &lt;span class="quote"&gt;That he's mad, 'tis true; 'tis true 'tis pity, &lt;br&gt;
And pity 'tis 'tis true - a foolish figure &lt;/span&gt;[…].</p0826-teimww:hasText>
    <p0826-teimww:isMentionedIn>
      <p0826-teimww:passage knoraType="link_value" linkType="ref" target="ww_dab3e8e273e7aea8"/>
    </p0826-teimww:isMentionedIn>
    <p0826-teimww:occursIn>
      <p0826-teimww:book knoraType="link_value" linkType="ref" target="ww_5cb4c35da9f3b9dd"/>
    </p0826-teimww:occursIn>
    <p0826-teimww:wasContributedBy>
      <p0826-teimww:person knoraType="link_value" linkType="ref" target="ww_7f35f6802efd910d"/>
    </p0826-teimww:wasContributedBy>
  </p0826-teimww:passage>
  <p0826-teimww:passage id="ww_dab3e8e273e7aea8">
    <knoraXmlImport:label>passage</knoraXmlImport:label>
    <p0826-teimww:occursIn>
      <p0826-teimww:book knoraType="link_value" linkType="ref" target="ww_55bc1a3b04bf8a8d"/>
    </p0826-teimww:occursIn>
  </p0826-teimww:passage>
  <p0826-teimww:passage id="ww_00ebaaa6896721ff">
    <knoraXmlImport:label>passage</knoraXmlImport:label>
    <p0826-teimww:contains>
      <p0826-teimww:lexia knoraType="link_value" linkType="ref" target="ww_22ab3cfce3f2a693"/>
    </p0826-teimww:contains>
    <p0826-teimww:hasPage knoraType="richtext_value">Act 4, scene 3, line 4.</p0826-teimww:hasPage>
    <p0826-teimww:hasText knoraType="richtext_value">[Claudius:] [...]&lt;span class="quote"&gt; the distracted multitude &lt;/span&gt;[...].</p0826-teimww:hasText>
    <p0826-teimww:isMentionedIn>
      <p0826-teimww:passage knoraType="link_value" linkType="ref" target="ww_51832c8a3725605a"/>
    </p0826-teimww:isMentionedIn>
    <p0826-teimww:isMentionedIn>
      <p0826-teimww:passage knoraType="link_value" linkType="ref" target="ww_d5e0eb5adc27ad4f"/>
    </p0826-teimww:isMentionedIn>
    <p0826-teimww:occursIn>
      <p0826-teimww:book knoraType="link_value" linkType="ref" target="ww_5cb4c35da9f3b9dd"/>
    </p0826-teimww:occursIn>
    <p0826-teimww:wasContributedBy>
      <p0826-teimww:person knoraType="link_value" linkType="ref" target="ww_c4063e9c72a3ffd2"/>
    </p0826-teimww:wasContributedBy>
  </p0826-teimww:passage>
  <p0826-teimww:passage id="ww_d5e0eb5adc27ad4f">
    <knoraXmlImport:label>passage</knoraXmlImport:label>
    <p0826-teimww:occursIn>
      <p0826-teimww:book knoraType="link_value" linkType="ref" target="ww_4899784ecc7f3845"/>
    </p0826-teimww:occursIn>
  </p0826-teimww:passage>
  <p0826-teimww:passage id="ww_51832c8a3725605a">
    <knoraXmlImport:label>passage</knoraXmlImport:label>
    <p0826-teimww:occursIn>
      <p0826-teimww:book knoraType="link_value" linkType="ref" target="ww_cd1e70f8e2cd8c82"/>
    </p0826-teimww:occursIn>
  </p0826-teimww:passage>
  <p0826-teimww:passage id="ww_0392527d772be324">
    <knoraXmlImport:label>passage</knoraXmlImport:label>
    <p0826-teimww:contains>
      <p0826-teimww:lexia knoraType="link_value" linkType="ref" target="ww_2339c7ea75eb8713"/>
    </p0826-teimww:contains>
    <p0826-teimww:hasPage knoraType="richtext_value">Act 1, scene 3, line 7.</p0826-teimww:hasPage>
    <p0826-teimww:hasText knoraType="richtext_value">[Claudius:] &lt;span class="quote"&gt;To bear all smooth and even [...]. </p0826-teimww:hasText>
    <p0826-teimww:isMentionedIn>
      <p0826-teimww:passage knoraType="link_value" linkType="ref" target="ww_cdee3fe6596e244d"/>
    </p0826-teimww:isMentionedIn>
    <p0826-teimww:occursIn>
      <p0826-teimww:book knoraType="link_value" linkType="ref" target="ww_5cb4c35da9f3b9dd"/>
    </p0826-teimww:occursIn>
    <p0826-teimww:wasContributedBy>
      <p0826-teimww:person knoraType="link_value" linkType="ref" target="ww_c4063e9c72a3ffd2"/>
    </p0826-teimww:wasContributedBy>
  </p0826-teimww:passage>
  <p0826-teimww:passage id="ww_cdee3fe6596e244d">
    <knoraXmlImport:label>passage</knoraXmlImport:label>
    <p0826-teimww:occursIn>
      <p0826-teimww:book knoraType="link_value" linkType="ref" target="ww_b3931845d54b98d5"/>
    </p0826-teimww:occursIn>
  </p0826-teimww:passage>
  <p0826-teimww:passage id="ww_bb9e9a894bf7ad14">
    <knoraXmlImport:label>passage</knoraXmlImport:label>
    <p0826-teimww:contains>
      <p0826-teimww:lexia knoraType="link_value" linkType="ref" target="ww_e9843e2347bb3ba2"/>
    </p0826-teimww:contains>
    <p0826-teimww:contains>
      <p0826-teimww:lexia knoraType="link_value" linkType="ref" target="ww_30d2a76de1e59368"/>
    </p0826-teimww:contains>
    <p0826-teimww:hasPage knoraType="richtext_value">Act 2, scene 2, lines 118-119.</p0826-teimww:hasPage>
    <p0826-teimww:hasText knoraType="richtext_value">[Polonius:] [...] &lt;span class="quote"&gt;the most beautified Ophelia -&lt;br&gt;
That's an ill phrase, a vile phrase; "beautified" &lt;/span&gt;[...].</p0826-teimww:hasText>
    <p0826-teimww:isMentionedIn>
      <p0826-teimww:passage knoraType="link_value" linkType="ref" target="ww_67bccbea10d05697"/>
    </p0826-teimww:isMentionedIn>
    <p0826-teimww:isMentionedIn>
      <p0826-teimww:passage knoraType="link_value" linkType="ref" target="ww_d40af11977986675"/>
    </p0826-teimww:isMentionedIn>
    <p0826-teimww:isMentionedIn>
      <p0826-teimww:passage knoraType="link_value" linkType="ref" target="ww_de06a73f157e3c1a"/>
    </p0826-teimww:isMentionedIn>
    <p0826-teimww:isMentionedIn>
      <p0826-teimww:passage knoraType="link_value" linkType="ref" target="ww_8f64ad9f50389d69"/>
    </p0826-teimww:isMentionedIn>
    <p0826-teimww:isMentionedIn>
      <p0826-teimww:passage knoraType="link_value" linkType="ref" target="ww_fbcbc9b0000a7095"/>
    </p0826-teimww:isMentionedIn>
    <p0826-teimww:occursIn>
      <p0826-teimww:book knoraType="link_value" linkType="ref" target="ww_5cb4c35da9f3b9dd"/>
    </p0826-teimww:occursIn>
    <p0826-teimww:wasContributedBy>
      <p0826-teimww:person knoraType="link_value" linkType="ref" target="ww_7f35f6802efd910d"/>
    </p0826-teimww:wasContributedBy>
  </p0826-teimww:passage>
  <p0826-teimww:passage id="ww_8f64ad9f50389d69">
    <knoraXmlImport:label>passage</knoraXmlImport:label>
    <p0826-teimww:occursIn>
      <p0826-teimww:book knoraType="link_value" linkType="ref" target="ww_450c8e303d46eae2"/>
    </p0826-teimww:occursIn>
  </p0826-teimww:passage>
  <p0826-teimww:passage id="ww_fbcbc9b0000a7095">
    <knoraXmlImport:label>passage</knoraXmlImport:label>
    <p0826-teimww:occursIn>
      <p0826-teimww:book knoraType="link_value" linkType="ref" target="ww_3f86f30540de15b8"/>
    </p0826-teimww:occursIn>
  </p0826-teimww:passage>
  <p0826-teimww:passage id="ww_de06a73f157e3c1a">
    <knoraXmlImport:label>passage</knoraXmlImport:label>
    <p0826-teimww:occursIn>
      <p0826-teimww:book knoraType="link_value" linkType="ref" target="ww_b3931845d54b98d5"/>
    </p0826-teimww:occursIn>
  </p0826-teimww:passage>
  <p0826-teimww:passage id="ww_67bccbea10d05697">
    <knoraXmlImport:label>passage</knoraXmlImport:label>
    <p0826-teimww:occursIn>
      <p0826-teimww:book knoraType="link_value" linkType="ref" target="ww_f3b3659c26b68006"/>
    </p0826-teimww:occursIn>
  </p0826-teimww:passage>
  <p0826-teimww:passage id="ww_d40af11977986675">
    <knoraXmlImport:label>passage</knoraXmlImport:label>
    <p0826-teimww:occursIn>
      <p0826-teimww:book knoraType="link_value" linkType="ref" target="ww_842318fc1c593591"/>
    </p0826-teimww:occursIn>
  </p0826-teimww:passage>
  <p0826-teimww:passage id="ww_b795c3eb19f2aa50">
    <knoraXmlImport:label>passage</knoraXmlImport:label>
    <p0826-teimww:contains>
      <p0826-teimww:lexia knoraType="link_value" linkType="ref" target="ww_074e11827d537f2e"/>
    </p0826-teimww:contains>
    <p0826-teimww:hasPage knoraType="richtext_value">233.</p0826-teimww:hasPage>
    <p0826-teimww:hasText knoraType="richtext_value">So &lt;span class="quote"&gt;sleep of death &lt;/span&gt;ends all our wretchedness.</p0826-teimww:hasText>
    <p0826-teimww:isMentionedIn>
      <p0826-teimww:passage knoraType="link_value" linkType="ref" target="ww_e724dc58db309cd0"/>
    </p0826-teimww:isMentionedIn>
    <p0826-teimww:occursIn>
      <p0826-teimww:book knoraType="link_value" linkType="ref" target="ww_897067f9ec23fa0d"/>
    </p0826-teimww:occursIn>
    <p0826-teimww:wasContributedBy>
      <p0826-teimww:person knoraType="link_value" linkType="ref" target="ww_c4063e9c72a3ffd2"/>
    </p0826-teimww:wasContributedBy>
  </p0826-teimww:passage>
  <p0826-teimww:passage id="ww_e724dc58db309cd0">
    <knoraXmlImport:label>passage</knoraXmlImport:label>
    <p0826-teimww:occursIn>
      <p0826-teimww:book knoraType="link_value" linkType="ref" target="ww_0de19bd63a1c9142"/>
    </p0826-teimww:occursIn>
  </p0826-teimww:passage>
  <p0826-teimww:passage id="ww_4de94eb8b4cae9a2">
    <knoraXmlImport:label>passage</knoraXmlImport:label>
    <p0826-teimww:contains>
      <p0826-teimww:lexia knoraType="link_value" linkType="ref" target="ww_d96ee08cdbf60548"/>
    </p0826-teimww:contains>
    <p0826-teimww:hasPage knoraType="richtext_value">Act 4, scene 3, line 75.</p0826-teimww:hasPage>
    <p0826-teimww:hasText knoraType="richtext_value">[King Claudius:]&lt;span class="quote"&gt; For like the hectic in my blood rages &lt;/span&gt;[...].</p0826-teimww:hasText>
    <p0826-teimww:isMentionedIn>
      <p0826-teimww:passage knoraType="link_value" linkType="ref" target="ww_10736431091b57a9"/>
    </p0826-teimww:isMentionedIn>
    <p0826-teimww:occursIn>
      <p0826-teimww:book knoraType="link_value" linkType="ref" target="ww_5cb4c35da9f3b9dd"/>
    </p0826-teimww:occursIn>
    <p0826-teimww:wasContributedBy>
      <p0826-teimww:person knoraType="link_value" linkType="ref" target="ww_c4063e9c72a3ffd2"/>
    </p0826-teimww:wasContributedBy>
  </p0826-teimww:passage>
  <p0826-teimww:passage id="ww_10736431091b57a9">
    <knoraXmlImport:label>passage</knoraXmlImport:label>
    <p0826-teimww:occursIn>
      <p0826-teimww:book knoraType="link_value" linkType="ref" target="ww_d1faedb423154f39"/>
    </p0826-teimww:occursIn>
  </p0826-teimww:passage>
  <p0826-teimww:passage id="ww_3c88773662be0529">
    <knoraXmlImport:label>passage</knoraXmlImport:label>
    <p0826-teimww:contains>
      <p0826-teimww:lexia knoraType="link_value" linkType="ref" target="ww_ae0e321f7d982a05"/>
    </p0826-teimww:contains>
    <p0826-teimww:hasPage knoraType="richtext_value">Act 5, scene 1, line 254.</p0826-teimww:hasPage>
    <p0826-teimww:hasText knoraType="richtext_value">[Queen:] &lt;span class="quote"&gt;Sweets to the sweet, farewell!&lt;/span&gt;</p0826-teimww:hasText>
    <p0826-teimww:isMentionedIn>
      <p0826-teimww:passage knoraType="link_value" linkType="ref" target="ww_394f178a4939e21a"/>
    </p0826-teimww:isMentionedIn>
    <p0826-teimww:occursIn>
      <p0826-teimww:book knoraType="link_value" linkType="ref" target="ww_5cb4c35da9f3b9dd"/>
    </p0826-teimww:occursIn>
    <p0826-teimww:wasContributedBy>
      <p0826-teimww:person knoraType="link_value" linkType="ref" target="ww_7f35f6802efd910d"/>
    </p0826-teimww:wasContributedBy>
  </p0826-teimww:passage>
  <p0826-teimww:passage id="ww_394f178a4939e21a">
    <knoraXmlImport:label>passage</knoraXmlImport:label>
    <p0826-teimww:occursIn>
      <p0826-teimww:book knoraType="link_value" linkType="ref" target="ww_0dd5e309103973fb"/>
    </p0826-teimww:occursIn>
  </p0826-teimww:passage>
  <p0826-teimww:passage id="ww_cab05e63324790a0">
    <knoraXmlImport:label>passage</knoraXmlImport:label>
    <p0826-teimww:contains>
      <p0826-teimww:lexia knoraType="link_value" linkType="ref" target="ww_16da44fbe0cbcde3"/>
    </p0826-teimww:contains>
    <p0826-teimww:hasPage knoraType="richtext_value">Act 3, scene 1, line 106.</p0826-teimww:hasPage>
    <p0826-teimww:hasText knoraType="richtext_value">[Ophelia:] &lt;span class="quote"&gt;Rich gifts wax poor when givers prove unkind.&lt;/span&gt;</p0826-teimww:hasText>
    <p0826-teimww:isMentionedIn>
      <p0826-teimww:passage knoraType="link_value" linkType="ref" target="ww_9eff1d439fce3a4a"/>
    </p0826-teimww:isMentionedIn>
    <p0826-teimww:isMentionedIn>
      <p0826-teimww:passage knoraType="link_value" linkType="ref" target="ww_1899cfd442caa146"/>
    </p0826-teimww:isMentionedIn>
    <p0826-teimww:occursIn>
      <p0826-teimww:book knoraType="link_value" linkType="ref" target="ww_5cb4c35da9f3b9dd"/>
    </p0826-teimww:occursIn>
    <p0826-teimww:wasContributedBy>
      <p0826-teimww:person knoraType="link_value" linkType="ref" target="ww_7f35f6802efd910d"/>
    </p0826-teimww:wasContributedBy>
  </p0826-teimww:passage>
  <p0826-teimww:passage id="ww_9eff1d439fce3a4a">
    <knoraXmlImport:label>passage</knoraXmlImport:label>
    <p0826-teimww:occursIn>
      <p0826-teimww:book knoraType="link_value" linkType="ref" target="ww_0dd5e309103973fb"/>
    </p0826-teimww:occursIn>
  </p0826-teimww:passage>
  <p0826-teimww:passage id="ww_1899cfd442caa146">
    <knoraXmlImport:label>passage</knoraXmlImport:label>
    <p0826-teimww:occursIn>
      <p0826-teimww:book knoraType="link_value" linkType="ref" target="ww_cd1e70f8e2cd8c82"/>
    </p0826-teimww:occursIn>
  </p0826-teimww:passage>
  <p0826-teimww:passage id="ww_e1be1bae26dd38b7">
    <knoraXmlImport:label>passage</knoraXmlImport:label>
    <p0826-teimww:contains>
      <p0826-teimww:lexia knoraType="link_value" linkType="ref" target="ww_0410e579461821e2"/>
    </p0826-teimww:contains>
    <p0826-teimww:hasPage knoraType="richtext_value">Act 4, scene 5, lines 28-29.</p0826-teimww:hasPage>
    <p0826-teimww:hasText knoraType="richtext_value">[Ophelia:] &lt;span class="quote"&gt;How should I your true love know &lt;br&gt; 
From another one? &lt;/span&gt;</p0826-teimww:hasText>
    <p0826-teimww:isMentionedIn>
      <p0826-teimww:passage knoraType="link_value" linkType="ref" target="ww_858e16c0882260c6"/>
    </p0826-teimww:isMentionedIn>
    <p0826-teimww:isMentionedIn>
      <p0826-teimww:passage knoraType="link_value" linkType="ref" target="ww_94054ad4f2e0bf1a"/>
    </p0826-teimww:isMentionedIn>
    <p0826-teimww:occursIn>
      <p0826-teimww:book knoraType="link_value" linkType="ref" target="ww_5cb4c35da9f3b9dd"/>
    </p0826-teimww:occursIn>
    <p0826-teimww:wasContributedBy>
      <p0826-teimww:person knoraType="link_value" linkType="ref" target="ww_c4063e9c72a3ffd2"/>
    </p0826-teimww:wasContributedBy>
  </p0826-teimww:passage>
  <p0826-teimww:passage id="ww_858e16c0882260c6">
    <knoraXmlImport:label>passage</knoraXmlImport:label>
    <p0826-teimww:occursIn>
      <p0826-teimww:book knoraType="link_value" linkType="ref" target="ww_b3931845d54b98d5"/>
    </p0826-teimww:occursIn>
  </p0826-teimww:passage>
  <p0826-teimww:passage id="ww_94054ad4f2e0bf1a">
    <knoraXmlImport:label>passage</knoraXmlImport:label>
    <p0826-teimww:occursIn>
      <p0826-teimww:book knoraType="link_value" linkType="ref" target="ww_94da1c067c3069f6"/>
    </p0826-teimww:occursIn>
  </p0826-teimww:passage>
  <p0826-teimww:passage id="ww_edbab691f4c50775">
    <knoraXmlImport:label>passage</knoraXmlImport:label>
    <p0826-teimww:contains>
      <p0826-teimww:lexia knoraType="link_value" linkType="ref" target="ww_d7da3f8489524b87"/>
    </p0826-teimww:contains>
    <p0826-teimww:contains>
      <p0826-teimww:lexia knoraType="link_value" linkType="ref" target="ww_3c69965201a32ed3"/>
    </p0826-teimww:contains>
    <p0826-teimww:hasPage knoraType="richtext_value">116 [normalized spelling].</p0826-teimww:hasPage>
    <p0826-teimww:hasPageHist knoraType="richtext_value">116.</p0826-teimww:hasPageHist>
    <p0826-teimww:hasText knoraType="richtext_value">[Alberto:] [...] There is a thing called &lt;span class="quote"&gt;scourging Nemesis.&lt;/span&gt;</p0826-teimww:hasText>
    <p0826-teimww:hasTextHist knoraType="richtext_value">[Alberto:] [...] There is a thing cald &lt;span class="quote"&gt;scourging Nemesis.&lt;/span&gt;</p0826-teimww:hasTextHist>
    <p0826-teimww:isMentionedIn>
      <p0826-teimww:passage knoraType="link_value" linkType="ref" target="ww_9992c4781ae4f39d"/>
    </p0826-teimww:isMentionedIn>
    <p0826-teimww:isMentionedIn>
      <p0826-teimww:passage knoraType="link_value" linkType="ref" target="ww_84d5c9bf1507124d"/>
    </p0826-teimww:isMentionedIn>
    <p0826-teimww:occursIn>
      <p0826-teimww:book knoraType="link_value" linkType="ref" target="ww_436db7d05fb0f0f6"/>
    </p0826-teimww:occursIn>
    <p0826-teimww:wasContributedBy>
      <p0826-teimww:person knoraType="link_value" linkType="ref" target="ww_c4063e9c72a3ffd2"/>
    </p0826-teimww:wasContributedBy>
  </p0826-teimww:passage>
  <p0826-teimww:passage id="ww_9992c4781ae4f39d">
    <knoraXmlImport:label>passage</knoraXmlImport:label>
    <p0826-teimww:occursIn>
      <p0826-teimww:book knoraType="link_value" linkType="ref" target="ww_1b231152ba6c63ce"/>
    </p0826-teimww:occursIn>
  </p0826-teimww:passage>
  <p0826-teimww:passage id="ww_84d5c9bf1507124d">
    <knoraXmlImport:label>passage</knoraXmlImport:label>
    <p0826-teimww:occursIn>
      <p0826-teimww:book knoraType="link_value" linkType="ref" target="ww_5af91280461707f1"/>
    </p0826-teimww:occursIn>
  </p0826-teimww:passage>
  <p0826-teimww:passage id="ww_02c530e2be62083a">
    <knoraXmlImport:label>passage</knoraXmlImport:label>
    <p0826-teimww:contains>
      <p0826-teimww:lexia knoraType="link_value" linkType="ref" target="ww_bb9e6f00cda13685"/>
    </p0826-teimww:contains>
    <p0826-teimww:hasPage knoraType="richtext_value">Act 4, Scene 5, lines 34-35.</p0826-teimww:hasPage>
    <p0826-teimww:hasText knoraType="richtext_value">[Ophelia:] [...] &lt;span class="quote"&gt;He is dead and gone, lady, &lt;br&gt;
He is dead and gone.&lt;/span&gt;</p0826-teimww:hasText>
    <p0826-teimww:isMentionedIn>
      <p0826-teimww:passage knoraType="link_value" linkType="ref" target="ww_63ec0cf0e6ec755b"/>
    </p0826-teimww:isMentionedIn>
    <p0826-teimww:occursIn>
      <p0826-teimww:book knoraType="link_value" linkType="ref" target="ww_5cb4c35da9f3b9dd"/>
    </p0826-teimww:occursIn>
    <p0826-teimww:wasContributedBy>
      <p0826-teimww:person knoraType="link_value" linkType="ref" target="ww_c4063e9c72a3ffd2"/>
    </p0826-teimww:wasContributedBy>
  </p0826-teimww:passage>
  <p0826-teimww:passage id="ww_63ec0cf0e6ec755b">
    <knoraXmlImport:label>passage</knoraXmlImport:label>
    <p0826-teimww:occursIn>
      <p0826-teimww:book knoraType="link_value" linkType="ref" target="ww_3e15ab6c612eadae"/>
    </p0826-teimww:occursIn>
  </p0826-teimww:passage>
  <p0826-teimww:passage id="ww_8aa03591fe12a3be">
    <knoraXmlImport:label>passage</knoraXmlImport:label>
    <p0826-teimww:contains>
      <p0826-teimww:lexia knoraType="link_value" linkType="ref" target="ww_d6a5459fd292f03f"/>
    </p0826-teimww:contains>
    <p0826-teimww:contains>
      <p0826-teimww:lexia knoraType="link_value" linkType="ref" target="ww_88076bbdfa4084d2"/>
    </p0826-teimww:contains>
    <p0826-teimww:hasPage knoraType="richtext_value">103 [normalized spelling].</p0826-teimww:hasPage>
    <p0826-teimww:hasPageHist knoraType="richtext_value">103.</p0826-teimww:hasPageHist>
    <p0826-teimww:hasText knoraType="richtext_value">[Antonio:] [...] Me thinks I pass upon &lt;span class="quote"&gt;the front of Jove,&lt;/span&gt;&lt;br&gt;
And kick corruption with a scornful heel,&lt;br&gt;
Griping this flesh, disdain mortality. </p0826-teimww:hasText>
    <p0826-teimww:hasTextHist knoraType="richtext_value">[Antonio:] [...] Me thinks I pase vpon &lt;span class="quote"&gt;the front of Ioue,&lt;/span&gt;&lt;br&gt;
And kick corruption with a scornefull heele,&lt;br&gt;
Griping this flesh, disdaine mortalitie. </p0826-teimww:hasTextHist>
    <p0826-teimww:isMentionedIn>
      <p0826-teimww:passage knoraType="link_value" linkType="ref" target="ww_8917d4dbb0eecc55"/>
    </p0826-teimww:isMentionedIn>
    <p0826-teimww:occursIn>
      <p0826-teimww:book knoraType="link_value" linkType="ref" target="ww_436db7d05fb0f0f6"/>
    </p0826-teimww:occursIn>
    <p0826-teimww:wasContributedBy>
      <p0826-teimww:person knoraType="link_value" linkType="ref" target="ww_c4063e9c72a3ffd2"/>
    </p0826-teimww:wasContributedBy>
  </p0826-teimww:passage>
  <p0826-teimww:passage id="ww_8917d4dbb0eecc55">
    <knoraXmlImport:label>passage</knoraXmlImport:label>
    <p0826-teimww:occursIn>
      <p0826-teimww:book knoraType="link_value" linkType="ref" target="ww_91e0dc4c671938fa"/>
    </p0826-teimww:occursIn>
  </p0826-teimww:passage>
  <p0826-teimww:passage id="ww_1bc12fb0443c31ce">
    <knoraXmlImport:label>passage</knoraXmlImport:label>
    <p0826-teimww:contains>
      <p0826-teimww:lexia knoraType="link_value" linkType="ref" target="ww_2d4d4817dc083cc6"/>
    </p0826-teimww:contains>
    <p0826-teimww:hasPage knoraType="richtext_value">Act 2, scene 2, lines 583-584.</p0826-teimww:hasPage>
    <p0826-teimww:hasText knoraType="richtext_value">[Hamlet:] [...] &lt;span class="quote"&gt;A broken voice, and his whole function suiting&lt;br&gt;
With forms to his conceit? and all for nothing! &lt;/span&gt;</p0826-teimww:hasText>
    <p0826-teimww:isMentionedIn>
      <p0826-teimww:passage knoraType="link_value" linkType="ref" target="ww_ff2dea42b8df7051"/>
    </p0826-teimww:isMentionedIn>
    <p0826-teimww:occursIn>
      <p0826-teimww:book knoraType="link_value" linkType="ref" target="ww_5cb4c35da9f3b9dd"/>
    </p0826-teimww:occursIn>
    <p0826-teimww:wasContributedBy>
      <p0826-teimww:person knoraType="link_value" linkType="ref" target="ww_c4063e9c72a3ffd2"/>
    </p0826-teimww:wasContributedBy>
  </p0826-teimww:passage>
  <p0826-teimww:passage id="ww_ff2dea42b8df7051">
    <knoraXmlImport:label>passage</knoraXmlImport:label>
    <p0826-teimww:occursIn>
      <p0826-teimww:book knoraType="link_value" linkType="ref" target="ww_1140c36ab545b6d8"/>
    </p0826-teimww:occursIn>
  </p0826-teimww:passage>
  <p0826-teimww:passage id="ww_d6f0c275997de2b2">
    <knoraXmlImport:label>passage</knoraXmlImport:label>
    <p0826-teimww:contains>
      <p0826-teimww:lexia knoraType="link_value" linkType="ref" target="ww_e1e85799a6b9b637"/>
    </p0826-teimww:contains>
    <p0826-teimww:hasPage knoraType="richtext_value">Act 3, scene 4, lines 103-106.</p0826-teimww:hasPage>
    <p0826-teimww:hasText knoraType="richtext_value">[Hamlet:] Nay, but to live &lt;br&gt;
&lt;span class="quote"&gt;In the rank sweat of an enseamèd bed,&lt;br&gt; 
Stewed in corruption, honeying and making love &lt;br&gt;
Over the nasty sty!&lt;/span&gt;</p0826-teimww:hasText>
    <p0826-teimww:isMentionedIn>
      <p0826-teimww:passage knoraType="link_value" linkType="ref" target="ww_a4b9fab5962c7b1d"/>
    </p0826-teimww:isMentionedIn>
    <p0826-teimww:isMentionedIn>
      <p0826-teimww:passage knoraType="link_value" linkType="ref" target="ww_ff2dea42b8df7051"/>
    </p0826-teimww:isMentionedIn>
    <p0826-teimww:occursIn>
      <p0826-teimww:book knoraType="link_value" linkType="ref" target="ww_5cb4c35da9f3b9dd"/>
    </p0826-teimww:occursIn>
    <p0826-teimww:wasContributedBy>
      <p0826-teimww:person knoraType="link_value" linkType="ref" target="ww_c4063e9c72a3ffd2"/>
    </p0826-teimww:wasContributedBy>
  </p0826-teimww:passage>
  <p0826-teimww:passage id="ww_a4b9fab5962c7b1d">
    <knoraXmlImport:label>passage</knoraXmlImport:label>
    <p0826-teimww:occursIn>
      <p0826-teimww:book knoraType="link_value" linkType="ref" target="ww_b3931845d54b98d5"/>
    </p0826-teimww:occursIn>
  </p0826-teimww:passage>
  <p0826-teimww:passage id="ww_9613a60604add1ca">
    <knoraXmlImport:label>passage</knoraXmlImport:label>
    <p0826-teimww:contains>
      <p0826-teimww:lexia knoraType="link_value" linkType="ref" target="ww_cfe3cd378517bc26"/>
    </p0826-teimww:contains>
    <p0826-teimww:hasPage knoraType="richtext_value">Act 2, scene 2, line 333.</p0826-teimww:hasPage>
    <p0826-teimww:hasText knoraType="richtext_value">[Hamlet:] &lt;span class="quote"&gt;Man delights not no, nor woman neither, though by your smiling&lt;/span&gt; [...].</p0826-teimww:hasText>
    <p0826-teimww:isMentionedIn>
      <p0826-teimww:passage knoraType="link_value" linkType="ref" target="ww_06cc4322cf9fa7e0"/>
    </p0826-teimww:isMentionedIn>
    <p0826-teimww:occursIn>
      <p0826-teimww:book knoraType="link_value" linkType="ref" target="ww_5cb4c35da9f3b9dd"/>
    </p0826-teimww:occursIn>
    <p0826-teimww:wasContributedBy>
      <p0826-teimww:person knoraType="link_value" linkType="ref" target="ww_7f35f6802efd910d"/>
    </p0826-teimww:wasContributedBy>
  </p0826-teimww:passage>
  <p0826-teimww:passage id="ww_06cc4322cf9fa7e0">
    <knoraXmlImport:label>passage</knoraXmlImport:label>
    <p0826-teimww:occursIn>
      <p0826-teimww:book knoraType="link_value" linkType="ref" target="ww_b3931845d54b98d5"/>
    </p0826-teimww:occursIn>
  </p0826-teimww:passage>
  <p0826-teimww:passage id="ww_112da98b622e8fdc">
    <knoraXmlImport:label>passage</knoraXmlImport:label>
    <p0826-teimww:contains>
      <p0826-teimww:lexia knoraType="link_value" linkType="ref" target="ww_70eee7fa8d2e52fc"/>
    </p0826-teimww:contains>
    <p0826-teimww:hasPage knoraType="richtext_value">Act 4, scene 5, lines 205-206.</p0826-teimww:hasPage>
    <p0826-teimww:hasText knoraType="richtext_value">[Ophelia:] [...] &lt;span class="quote"&gt;there's rue for you; and here's some for me: we may call it herb-grace o' Sundays &lt;/span&gt;[...].</p0826-teimww:hasText>
    <p0826-teimww:isMentionedIn>
      <p0826-teimww:passage knoraType="link_value" linkType="ref" target="ww_df3a28f7db50b220"/>
    </p0826-teimww:isMentionedIn>
    <p0826-teimww:occursIn>
      <p0826-teimww:book knoraType="link_value" linkType="ref" target="ww_5cb4c35da9f3b9dd"/>
    </p0826-teimww:occursIn>
    <p0826-teimww:wasContributedBy>
      <p0826-teimww:person knoraType="link_value" linkType="ref" target="ww_c4063e9c72a3ffd2"/>
    </p0826-teimww:wasContributedBy>
  </p0826-teimww:passage>
  <p0826-teimww:passage id="ww_df3a28f7db50b220">
    <knoraXmlImport:label>passage</knoraXmlImport:label>
    <p0826-teimww:occursIn>
      <p0826-teimww:book knoraType="link_value" linkType="ref" target="ww_b3931845d54b98d5"/>
    </p0826-teimww:occursIn>
  </p0826-teimww:passage>
  <p0826-teimww:passage id="ww_c423a3fc5085663e">
    <knoraXmlImport:label>passage</knoraXmlImport:label>
    <p0826-teimww:contains>
      <p0826-teimww:lexia knoraType="link_value" linkType="ref" target="ww_786236e6b2fac047"/>
    </p0826-teimww:contains>
    <p0826-teimww:hasPage knoraType="richtext_value">Act 1, scene 1, lines 42-45.</p0826-teimww:hasPage>
    <p0826-teimww:hasText knoraType="richtext_value">[Barnado:] Last night of all, &lt;br&gt;
When &lt;span class="quote"&gt;yond same star that's westward from the pole&lt;br&gt;
Had made his course t' illume that part of heaven&lt;/span&gt;&lt;br&gt;
Where now it burns [...].</p0826-teimww:hasText>
    <p0826-teimww:isMentionedIn>
      <p0826-teimww:passage knoraType="link_value" linkType="ref" target="ww_5d03171c33b54099"/>
    </p0826-teimww:isMentionedIn>
    <p0826-teimww:occursIn>
      <p0826-teimww:book knoraType="link_value" linkType="ref" target="ww_5cb4c35da9f3b9dd"/>
    </p0826-teimww:occursIn>
    <p0826-teimww:wasContributedBy>
      <p0826-teimww:person knoraType="link_value" linkType="ref" target="ww_7f35f6802efd910d"/>
    </p0826-teimww:wasContributedBy>
  </p0826-teimww:passage>
  <p0826-teimww:passage id="ww_5d03171c33b54099">
    <knoraXmlImport:label>passage</knoraXmlImport:label>
    <p0826-teimww:occursIn>
      <p0826-teimww:book knoraType="link_value" linkType="ref" target="ww_e38a56a7efbf9723"/>
    </p0826-teimww:occursIn>
  </p0826-teimww:passage>
  <p0826-teimww:passage id="ww_70ea0cf6bd446ba7">
    <knoraXmlImport:label>passage</knoraXmlImport:label>
    <p0826-teimww:contains>
      <p0826-teimww:lexia knoraType="link_value" linkType="ref" target="ww_369d74fab2a71a0c"/>
    </p0826-teimww:contains>
    <p0826-teimww:hasPage knoraType="richtext_value">Act 1, scene 5, line 209.</p0826-teimww:hasPage>
    <p0826-teimww:hasText knoraType="richtext_value">[Hamlet:] [...]  &lt;span class="quote"&gt;And still your fingers on your lips, I pray. &lt;/span&gt;</p0826-teimww:hasText>
    <p0826-teimww:isMentionedIn>
      <p0826-teimww:passage knoraType="link_value" linkType="ref" target="ww_9102b84f9e2c627e"/>
    </p0826-teimww:isMentionedIn>
    <p0826-teimww:isMentionedIn>
      <p0826-teimww:passage knoraType="link_value" linkType="ref" target="ww_79251a6761aae042"/>
    </p0826-teimww:isMentionedIn>
    <p0826-teimww:isMentionedIn>
      <p0826-teimww:passage knoraType="link_value" linkType="ref" target="ww_f909e547a54a083c"/>
    </p0826-teimww:isMentionedIn>
    <p0826-teimww:occursIn>
      <p0826-teimww:book knoraType="link_value" linkType="ref" target="ww_5cb4c35da9f3b9dd"/>
    </p0826-teimww:occursIn>
    <p0826-teimww:wasContributedBy>
      <p0826-teimww:person knoraType="link_value" linkType="ref" target="ww_c4063e9c72a3ffd2"/>
    </p0826-teimww:wasContributedBy>
  </p0826-teimww:passage>
  <p0826-teimww:passage id="ww_9102b84f9e2c627e">
    <knoraXmlImport:label>passage</knoraXmlImport:label>
    <p0826-teimww:occursIn>
      <p0826-teimww:book knoraType="link_value" linkType="ref" target="ww_f3b3659c26b68006"/>
    </p0826-teimww:occursIn>
  </p0826-teimww:passage>
  <p0826-teimww:passage id="ww_79251a6761aae042">
    <knoraXmlImport:label>passage</knoraXmlImport:label>
    <p0826-teimww:occursIn>
      <p0826-teimww:book knoraType="link_value" linkType="ref" target="ww_b3931845d54b98d5"/>
    </p0826-teimww:occursIn>
  </p0826-teimww:passage>
  <p0826-teimww:passage id="ww_f909e547a54a083c">
    <knoraXmlImport:label>passage</knoraXmlImport:label>
    <p0826-teimww:occursIn>
      <p0826-teimww:book knoraType="link_value" linkType="ref" target="ww_cd1e70f8e2cd8c82"/>
    </p0826-teimww:occursIn>
  </p0826-teimww:passage>
  <p0826-teimww:passage id="ww_62b75ca978deb0af">
    <knoraXmlImport:label>passage</knoraXmlImport:label>
    <p0826-teimww:contains>
      <p0826-teimww:lexia knoraType="link_value" linkType="ref" target="ww_2439b540034504e5"/>
    </p0826-teimww:contains>
    <p0826-teimww:hasPage knoraType="richtext_value">Act 2, scene 2, lines 318-320.</p0826-teimww:hasPage>
    <p0826-teimww:hasText knoraType="richtext_value">[Hamlet:] [...] I have of late, but wherefore I know not, lost all my mirth,&lt;span class="quote"&gt; forgone all custom of exercises &lt;/span&gt;[...].</p0826-teimww:hasText>
    <p0826-teimww:isMentionedIn>
      <p0826-teimww:passage knoraType="link_value" linkType="ref" target="ww_87f35f2fcd802a1b"/>
    </p0826-teimww:isMentionedIn>
    <p0826-teimww:isMentionedIn>
      <p0826-teimww:passage knoraType="link_value" linkType="ref" target="ww_30be613382dabcdd"/>
    </p0826-teimww:isMentionedIn>
    <p0826-teimww:isMentionedIn>
      <p0826-teimww:passage knoraType="link_value" linkType="ref" target="ww_d14c346f90b09399"/>
    </p0826-teimww:isMentionedIn>
    <p0826-teimww:occursIn>
      <p0826-teimww:book knoraType="link_value" linkType="ref" target="ww_5cb4c35da9f3b9dd"/>
    </p0826-teimww:occursIn>
    <p0826-teimww:wasContributedBy>
      <p0826-teimww:person knoraType="link_value" linkType="ref" target="ww_c4063e9c72a3ffd2"/>
    </p0826-teimww:wasContributedBy>
  </p0826-teimww:passage>
  <p0826-teimww:passage id="ww_30be613382dabcdd">
    <knoraXmlImport:label>passage</knoraXmlImport:label>
    <p0826-teimww:occursIn>
      <p0826-teimww:book knoraType="link_value" linkType="ref" target="ww_15dba62495527dd5"/>
    </p0826-teimww:occursIn>
  </p0826-teimww:passage>
  <p0826-teimww:passage id="ww_d14c346f90b09399">
    <knoraXmlImport:label>passage</knoraXmlImport:label>
    <p0826-teimww:occursIn>
      <p0826-teimww:book knoraType="link_value" linkType="ref" target="ww_0b28ed19a0540e1d"/>
    </p0826-teimww:occursIn>
  </p0826-teimww:passage>
  <p0826-teimww:passage id="ww_87f35f2fcd802a1b">
    <knoraXmlImport:label>passage</knoraXmlImport:label>
    <p0826-teimww:occursIn>
      <p0826-teimww:book knoraType="link_value" linkType="ref" target="ww_c0bb45384c6abc1f"/>
    </p0826-teimww:occursIn>
  </p0826-teimww:passage>
  <p0826-teimww:passage id="ww_34c1b86299fb8d7b">
    <knoraXmlImport:label>passage</knoraXmlImport:label>
    <p0826-teimww:contains>
      <p0826-teimww:lexia knoraType="link_value" linkType="ref" target="ww_c909b93763ceae4b"/>
    </p0826-teimww:contains>
    <p0826-teimww:contains>
      <p0826-teimww:lexia knoraType="link_value" linkType="ref" target="ww_2525a28a47f2320e"/>
    </p0826-teimww:contains>
    <p0826-teimww:contains>
      <p0826-teimww:lexia knoraType="link_value" linkType="ref" target="ww_fbaf9a5b03c0143d"/>
    </p0826-teimww:contains>
    <p0826-teimww:hasPage knoraType="richtext_value">Act 1, scene 4, lines 57-59 and 86-88.</p0826-teimww:hasPage>
    <p0826-teimww:hasText knoraType="richtext_value">[Hamlet:] Making night hideous; and &lt;span class="quote"&gt;we fools of nature &lt;/span&gt;&lt;br&gt;
So horridly to shake our disposition&lt;br&gt;
With thoughts beyond the reaches of our souls?&lt;br&gt;
[...]&lt;br&gt;
&lt;span class="quote"&gt;But that the dread of something after death&lt;/span&gt;,&lt;br&gt;
The &lt;span class="quote"&gt;undiscover'd country&lt;/span&gt; from whose bourn&lt;br&gt;
No traveller returns, puzzles the will.</p0826-teimww:hasText>
    <p0826-teimww:isMentionedIn>
      <p0826-teimww:passage knoraType="link_value" linkType="ref" target="ww_7128544f677606ef"/>
    </p0826-teimww:isMentionedIn>
    <p0826-teimww:isMentionedIn>
      <p0826-teimww:passage knoraType="link_value" linkType="ref" target="ww_8699fd2e5fba7fe2"/>
    </p0826-teimww:isMentionedIn>
    <p0826-teimww:isMentionedIn>
      <p0826-teimww:passage knoraType="link_value" linkType="ref" target="ww_be741f2e38ac9f04"/>
    </p0826-teimww:isMentionedIn>
    <p0826-teimww:isMentionedIn>
      <p0826-teimww:passage knoraType="link_value" linkType="ref" target="ww_54aa1d5e9cd2f041"/>
    </p0826-teimww:isMentionedIn>
    <p0826-teimww:isMentionedIn>
      <p0826-teimww:passage knoraType="link_value" linkType="ref" target="ww_131ed9abe0a8959c"/>
    </p0826-teimww:isMentionedIn>
    <p0826-teimww:isMentionedIn>
      <p0826-teimww:passage knoraType="link_value" linkType="ref" target="ww_b2b7c12d244bcdc6"/>
    </p0826-teimww:isMentionedIn>
    <p0826-teimww:isMentionedIn>
      <p0826-teimww:passage knoraType="link_value" linkType="ref" target="ww_b5f1d2b322c578db"/>
    </p0826-teimww:isMentionedIn>
    <p0826-teimww:isMentionedIn>
      <p0826-teimww:passage knoraType="link_value" linkType="ref" target="ww_114594a4e5566058"/>
    </p0826-teimww:isMentionedIn>
    <p0826-teimww:occursIn>
      <p0826-teimww:book knoraType="link_value" linkType="ref" target="ww_5cb4c35da9f3b9dd"/>
    </p0826-teimww:occursIn>
    <p0826-teimww:wasContributedBy>
      <p0826-teimww:person knoraType="link_value" linkType="ref" target="ww_7f35f6802efd910d"/>
    </p0826-teimww:wasContributedBy>
  </p0826-teimww:passage>
  <p0826-teimww:passage id="ww_b5f1d2b322c578db">
    <knoraXmlImport:label>passage</knoraXmlImport:label>
    <p0826-teimww:occursIn>
      <p0826-teimww:book knoraType="link_value" linkType="ref" target="ww_12b8cda82738e9e2"/>
    </p0826-teimww:occursIn>
  </p0826-teimww:passage>
  <p0826-teimww:passage id="ww_7128544f677606ef">
    <knoraXmlImport:label>passage</knoraXmlImport:label>
    <p0826-teimww:occursIn>
      <p0826-teimww:book knoraType="link_value" linkType="ref" target="ww_91e0dc4c671938fa"/>
    </p0826-teimww:occursIn>
  </p0826-teimww:passage>
  <p0826-teimww:passage id="ww_54aa1d5e9cd2f041">
    <knoraXmlImport:label>passage</knoraXmlImport:label>
    <p0826-teimww:occursIn>
      <p0826-teimww:book knoraType="link_value" linkType="ref" target="ww_cd1e70f8e2cd8c82"/>
    </p0826-teimww:occursIn>
  </p0826-teimww:passage>
  <p0826-teimww:passage id="ww_8699fd2e5fba7fe2">
    <knoraXmlImport:label>passage</knoraXmlImport:label>
    <p0826-teimww:occursIn>
      <p0826-teimww:book knoraType="link_value" linkType="ref" target="ww_b3931845d54b98d5"/>
    </p0826-teimww:occursIn>
  </p0826-teimww:passage>
  <p0826-teimww:passage id="ww_be741f2e38ac9f04">
    <knoraXmlImport:label>passage</knoraXmlImport:label>
    <p0826-teimww:occursIn>
      <p0826-teimww:book knoraType="link_value" linkType="ref" target="ww_5af91280461707f1"/>
    </p0826-teimww:occursIn>
  </p0826-teimww:passage>
  <p0826-teimww:passage id="ww_114594a4e5566058">
    <knoraXmlImport:label>passage</knoraXmlImport:label>
    <p0826-teimww:occursIn>
      <p0826-teimww:book knoraType="link_value" linkType="ref" target="ww_3dd50e3c55b75ee6"/>
    </p0826-teimww:occursIn>
  </p0826-teimww:passage>
  <p0826-teimww:passage id="ww_131ed9abe0a8959c">
    <knoraXmlImport:label>passage</knoraXmlImport:label>
    <p0826-teimww:occursIn>
      <p0826-teimww:book knoraType="link_value" linkType="ref" target="ww_8b579df902809521"/>
    </p0826-teimww:occursIn>
  </p0826-teimww:passage>
  <p0826-teimww:passage id="ww_b2b7c12d244bcdc6">
    <knoraXmlImport:label>passage</knoraXmlImport:label>
    <p0826-teimww:occursIn>
      <p0826-teimww:book knoraType="link_value" linkType="ref" target="ww_e9b2a04d2a7fd579"/>
    </p0826-teimww:occursIn>
  </p0826-teimww:passage>
  <p0826-teimww:passage id="ww_ebc5ee6fd1f6e5d6">
    <knoraXmlImport:label>passage</knoraXmlImport:label>
    <p0826-teimww:contains>
      <p0826-teimww:lexia knoraType="link_value" linkType="ref" target="ww_6f3b9a162cbc0aea"/>
    </p0826-teimww:contains>
    <p0826-teimww:hasPage knoraType="richtext_value">Act 4, scene 4, lines 130-132.</p0826-teimww:hasPage>
    <p0826-teimww:hasText knoraType="richtext_value">[Claudius:] &lt;span class="quote"&gt;There's such divinity doth hedge a king,&lt;br&gt;
That treason can but peep to what it would,	&lt;br&gt;
Acts little of his will &lt;/span&gt;[...].</p0826-teimww:hasText>
    <p0826-teimww:isMentionedIn>
      <p0826-teimww:passage knoraType="link_value" linkType="ref" target="ww_fbd1b7d5fb28c729"/>
    </p0826-teimww:isMentionedIn>
    <p0826-teimww:isMentionedIn>
      <p0826-teimww:passage knoraType="link_value" linkType="ref" target="ww_71018c9f7764249f"/>
    </p0826-teimww:isMentionedIn>
    <p0826-teimww:isMentionedIn>
      <p0826-teimww:passage knoraType="link_value" linkType="ref" target="ww_580a8f82bf8bb82c"/>
    </p0826-teimww:isMentionedIn>
    <p0826-teimww:occursIn>
      <p0826-teimww:book knoraType="link_value" linkType="ref" target="ww_5cb4c35da9f3b9dd"/>
    </p0826-teimww:occursIn>
    <p0826-teimww:wasContributedBy>
      <p0826-teimww:person knoraType="link_value" linkType="ref" target="ww_7f35f6802efd910d"/>
    </p0826-teimww:wasContributedBy>
  </p0826-teimww:passage>
  <p0826-teimww:passage id="ww_580a8f82bf8bb82c">
    <knoraXmlImport:label>passage</knoraXmlImport:label>
    <p0826-teimww:occursIn>
      <p0826-teimww:book knoraType="link_value" linkType="ref" target="ww_5868d5560bdfc062"/>
    </p0826-teimww:occursIn>
  </p0826-teimww:passage>
  <p0826-teimww:passage id="ww_71018c9f7764249f">
    <knoraXmlImport:label>passage</knoraXmlImport:label>
    <p0826-teimww:occursIn>
      <p0826-teimww:book knoraType="link_value" linkType="ref" target="ww_c1ca40b688cca87f"/>
    </p0826-teimww:occursIn>
  </p0826-teimww:passage>
  <p0826-teimww:passage id="ww_bfacfae780fc45d9">
    <knoraXmlImport:label>passage</knoraXmlImport:label>
    <p0826-teimww:contains>
      <p0826-teimww:lexia knoraType="link_value" linkType="ref" target="ww_b8b3049a77de86d5"/>
    </p0826-teimww:contains>
    <p0826-teimww:hasPage knoraType="richtext_value">Act 3, scene 4, line 63.</p0826-teimww:hasPage>
    <p0826-teimww:hasText knoraType="richtext_value">[Hamlet:]&lt;span class="quote"&gt; Look here, upon this picture, and on this&lt;/span&gt; [...].</p0826-teimww:hasText>
    <p0826-teimww:isMentionedIn>
      <p0826-teimww:passage knoraType="link_value" linkType="ref" target="ww_554a16bf44484d46"/>
    </p0826-teimww:isMentionedIn>
    <p0826-teimww:isMentionedIn>
      <p0826-teimww:passage knoraType="link_value" linkType="ref" target="ww_767adaab83e6022e"/>
    </p0826-teimww:isMentionedIn>
    <p0826-teimww:occursIn>
      <p0826-teimww:book knoraType="link_value" linkType="ref" target="ww_5cb4c35da9f3b9dd"/>
    </p0826-teimww:occursIn>
    <p0826-teimww:wasContributedBy>
      <p0826-teimww:person knoraType="link_value" linkType="ref" target="ww_c4063e9c72a3ffd2"/>
    </p0826-teimww:wasContributedBy>
  </p0826-teimww:passage>
  <p0826-teimww:passage id="ww_767adaab83e6022e">
    <knoraXmlImport:label>passage</knoraXmlImport:label>
    <p0826-teimww:occursIn>
      <p0826-teimww:book knoraType="link_value" linkType="ref" target="ww_47c84395b30bd53b"/>
    </p0826-teimww:occursIn>
  </p0826-teimww:passage>
  <p0826-teimww:passage id="ww_554a16bf44484d46">
    <knoraXmlImport:label>passage</knoraXmlImport:label>
    <p0826-teimww:occursIn>
      <p0826-teimww:book knoraType="link_value" linkType="ref" target="ww_2f65899f08b5bb71"/>
    </p0826-teimww:occursIn>
  </p0826-teimww:passage>
  <p0826-teimww:passage id="ww_304805f92db07327">
    <knoraXmlImport:label>passage</knoraXmlImport:label>
    <p0826-teimww:contains>
      <p0826-teimww:lexia knoraType="link_value" linkType="ref" target="ww_1e26adb6b7e24780"/>
    </p0826-teimww:contains>
    <p0826-teimww:contains>
      <p0826-teimww:lexia knoraType="link_value" linkType="ref" target="ww_a70f2f38c9af9ab8"/>
    </p0826-teimww:contains>
    <p0826-teimww:hasPage knoraType="richtext_value">Act 2, scene 2, lines 578-582; Act 3, scene 2, lines 301-306.</p0826-teimww:hasPage>
    <p0826-teimww:hasText knoraType="richtext_value">[Hamlet:] [...] Is it not monstrous that this player here, &lt;br&gt;
But in a fiction, in a dream of passion,&lt;br&gt;
Could force his soul so to his own conceit&lt;br&gt;
That from her working all his visage wanned,&lt;br&gt;
&lt;span class="quote"&gt;Tears in his eyes&lt;/span&gt;, distraction in his aspect, [...]&lt;br&gt;&lt;br&gt;
[Hamlet:] [...] Would not this, sir, and a forest of feathers (if the
rest of my fortunes &lt;span class="quote"&gt;turn Turk&lt;/span&gt; with me) with two
Provincial roses on my razed shoes, get me a
fellowship in a cry of players?&lt;br&gt;
[Horatio:] Half a share.&lt;br&gt;
[Hamlet:] A whole one, I.</p0826-teimww:hasText>
    <p0826-teimww:isMentionedIn>
      <p0826-teimww:passage knoraType="link_value" linkType="ref" target="ww_ce0a90673b66c42d"/>
    </p0826-teimww:isMentionedIn>
    <p0826-teimww:isMentionedIn>
      <p0826-teimww:passage knoraType="link_value" linkType="ref" target="ww_98e0db70a5968c3c"/>
    </p0826-teimww:isMentionedIn>
    <p0826-teimww:occursIn>
      <p0826-teimww:book knoraType="link_value" linkType="ref" target="ww_5cb4c35da9f3b9dd"/>
    </p0826-teimww:occursIn>
    <p0826-teimww:wasContributedBy>
      <p0826-teimww:person knoraType="link_value" linkType="ref" target="ww_7f35f6802efd910d"/>
    </p0826-teimww:wasContributedBy>
  </p0826-teimww:passage>
  <p0826-teimww:passage id="ww_98e0db70a5968c3c">
    <knoraXmlImport:label>passage</knoraXmlImport:label>
    <p0826-teimww:occursIn>
      <p0826-teimww:book knoraType="link_value" linkType="ref" target="ww_5868d5560bdfc062"/>
    </p0826-teimww:occursIn>
  </p0826-teimww:passage>
  <p0826-teimww:passage id="ww_ce0a90673b66c42d">
    <knoraXmlImport:label>passage</knoraXmlImport:label>
    <p0826-teimww:occursIn>
      <p0826-teimww:book knoraType="link_value" linkType="ref" target="ww_b3931845d54b98d5"/>
    </p0826-teimww:occursIn>
  </p0826-teimww:passage>
  <p0826-teimww:passage id="ww_d2dba73bcfc5fdde">
    <knoraXmlImport:label>passage</knoraXmlImport:label>
    <p0826-teimww:contains>
      <p0826-teimww:lexia knoraType="link_value" linkType="ref" target="ww_45c7d2a6beb55082"/>
    </p0826-teimww:contains>
    <p0826-teimww:hasPage knoraType="richtext_value">Act 1, scene 1, line 11.</p0826-teimww:hasPage>
    <p0826-teimww:hasText knoraType="richtext_value">[Francisco:] &lt;span class="quote"&gt;Not a mouse stirring.&lt;/span&gt;</p0826-teimww:hasText>
    <p0826-teimww:isMentionedIn>
      <p0826-teimww:passage knoraType="link_value" linkType="ref" target="ww_eb8049e82353d4a6"/>
    </p0826-teimww:isMentionedIn>
    <p0826-teimww:occursIn>
      <p0826-teimww:book knoraType="link_value" linkType="ref" target="ww_5cb4c35da9f3b9dd"/>
    </p0826-teimww:occursIn>
    <p0826-teimww:wasContributedBy>
      <p0826-teimww:person knoraType="link_value" linkType="ref" target="ww_c4063e9c72a3ffd2"/>
    </p0826-teimww:wasContributedBy>
  </p0826-teimww:passage>
  <p0826-teimww:passage id="ww_eb8049e82353d4a6">
    <knoraXmlImport:label>passage</knoraXmlImport:label>
    <p0826-teimww:occursIn>
      <p0826-teimww:book knoraType="link_value" linkType="ref" target="ww_3e15ab6c612eadae"/>
    </p0826-teimww:occursIn>
  </p0826-teimww:passage>
  <p0826-teimww:passage id="ww_1184af64eac8002f">
    <knoraXmlImport:label>passage</knoraXmlImport:label>
    <p0826-teimww:contains>
      <p0826-teimww:lexia knoraType="link_value" linkType="ref" target="ww_9957200c1111e61e"/>
    </p0826-teimww:contains>
    <p0826-teimww:contains>
      <p0826-teimww:lexia knoraType="link_value" linkType="ref" target="ww_f66a91da8574be5d"/>
    </p0826-teimww:contains>
    <p0826-teimww:hasPage knoraType="richtext_value">Act 3, scene 4, lines 189-191.</p0826-teimww:hasPage>
    <p0826-teimww:hasText knoraType="richtext_value">[Hamlet:]  &lt;span class="quote"&gt;For use almost can change the stamp of nature &lt;br&gt;
And either [...] the devil or throw him out &lt;br&gt;
With wondrous potency. &lt;/span&gt;&lt;/span&gt;</p0826-teimww:hasText>
    <p0826-teimww:isMentionedIn>
      <p0826-teimww:passage knoraType="link_value" linkType="ref" target="ww_3c8f8d6ed2c041cb"/>
    </p0826-teimww:isMentionedIn>
    <p0826-teimww:isMentionedIn>
      <p0826-teimww:passage knoraType="link_value" linkType="ref" target="ww_9f088d302998e470"/>
    </p0826-teimww:isMentionedIn>
    <p0826-teimww:isMentionedIn>
      <p0826-teimww:passage knoraType="link_value" linkType="ref" target="ww_aee6d44ec2534c25"/>
    </p0826-teimww:isMentionedIn>
    <p0826-teimww:occursIn>
      <p0826-teimww:book knoraType="link_value" linkType="ref" target="ww_5cb4c35da9f3b9dd"/>
    </p0826-teimww:occursIn>
    <p0826-teimww:wasContributedBy>
      <p0826-teimww:person knoraType="link_value" linkType="ref" target="ww_c4063e9c72a3ffd2"/>
    </p0826-teimww:wasContributedBy>
  </p0826-teimww:passage>
  <p0826-teimww:passage id="ww_3c8f8d6ed2c041cb">
    <knoraXmlImport:label>passage</knoraXmlImport:label>
    <p0826-teimww:occursIn>
      <p0826-teimww:book knoraType="link_value" linkType="ref" target="ww_cd1e70f8e2cd8c82"/>
    </p0826-teimww:occursIn>
  </p0826-teimww:passage>
  <p0826-teimww:passage id="ww_9f088d302998e470">
    <knoraXmlImport:label>passage</knoraXmlImport:label>
    <p0826-teimww:occursIn>
      <p0826-teimww:book knoraType="link_value" linkType="ref" target="ww_f3b3659c26b68006"/>
    </p0826-teimww:occursIn>
  </p0826-teimww:passage>
  <p0826-teimww:passage id="ww_aee6d44ec2534c25">
    <knoraXmlImport:label>passage</knoraXmlImport:label>
    <p0826-teimww:occursIn>
      <p0826-teimww:book knoraType="link_value" linkType="ref" target="ww_b3931845d54b98d5"/>
    </p0826-teimww:occursIn>
  </p0826-teimww:passage>
  <p0826-teimww:passage id="ww_e63268c3a5b84221">
    <knoraXmlImport:label>passage</knoraXmlImport:label>
    <p0826-teimww:contains>
      <p0826-teimww:lexia knoraType="link_value" linkType="ref" target="ww_f5db4242a29da9ce"/>
    </p0826-teimww:contains>
    <p0826-teimww:hasPage knoraType="richtext_value">176 [normalized spelling].</p0826-teimww:hasPage>
    <p0826-teimww:hasPageHist knoraType="richtext_value">176.</p0826-teimww:hasPageHist>
    <p0826-teimww:hasText knoraType="richtext_value">&lt;span class="quote"&gt;O brawling love, O loving hate,&lt;br&gt;
O anything of nothing first created, &lt;br&gt;
O heavy lightness, serious vanity, &lt;br&gt;
Misshapen Chaos of well seeing forms &lt;br&gt;
Feather of lead, bright smoke, cold fire, sickness, health, &lt;br&gt;
Still waking sleep &lt;/span&gt;[...].</p0826-teimww:hasText>
    <p0826-teimww:hasTextHist knoraType="richtext_value">&lt;span class="quote"&gt;O brawling loue, O louing hate,&lt;br&gt;
O anything of nothing first created, &lt;br&gt;
O heauie lightness, serious vanitie, &lt;br&gt;
Misshapen Chaos of well seeing forms &lt;br&gt;
Feather of lead, bright smoke, cold fier, sicknes, health, &lt;br&gt;
Still waking sleep &lt;/span&gt;[...].</p0826-teimww:hasTextHist>
    <p0826-teimww:occursIn>
      <p0826-teimww:book knoraType="link_value" linkType="ref" target="ww_0e724284cf7ebd32"/>
    </p0826-teimww:occursIn>
    <p0826-teimww:wasContributedBy>
      <p0826-teimww:person knoraType="link_value" linkType="ref" target="ww_c4063e9c72a3ffd2"/>
    </p0826-teimww:wasContributedBy>
  </p0826-teimww:passage>
  <p0826-teimww:passage id="ww_4a35d938603428bb">
    <knoraXmlImport:label>passage</knoraXmlImport:label>
    <p0826-teimww:contains>
      <p0826-teimww:lexia knoraType="link_value" linkType="ref" target="ww_d0d70e1ed0d1472b"/>
    </p0826-teimww:contains>
    <p0826-teimww:hasPage knoraType="richtext_value">Act 1, scene 7, lines 18-26.</p0826-teimww:hasPage>
    <p0826-teimww:hasText knoraType="richtext_value">[Ghost:] [...] &lt;span class="quote"&gt;And each particular hair to stand an end &lt;/span&gt;&lt;/span&gt;[...].</p0826-teimww:hasText>
    <p0826-teimww:isMentionedIn>
      <p0826-teimww:passage knoraType="link_value" linkType="ref" target="ww_d35d280c8bc59121"/>
    </p0826-teimww:isMentionedIn>
    <p0826-teimww:occursIn>
      <p0826-teimww:book knoraType="link_value" linkType="ref" target="ww_5cb4c35da9f3b9dd"/>
    </p0826-teimww:occursIn>
    <p0826-teimww:wasContributedBy>
      <p0826-teimww:person knoraType="link_value" linkType="ref" target="ww_c4063e9c72a3ffd2"/>
    </p0826-teimww:wasContributedBy>
  </p0826-teimww:passage>
  <p0826-teimww:passage id="ww_9e33b112cb3ea35b">
    <knoraXmlImport:label>passage</knoraXmlImport:label>
    <p0826-teimww:contains>
      <p0826-teimww:lexia knoraType="link_value" linkType="ref" target="ww_b7dbe08e387e30b1"/>
    </p0826-teimww:contains>
    <p0826-teimww:hasPage knoraType="richtext_value">248 [normalized spelling].</p0826-teimww:hasPage>
    <p0826-teimww:hasPageHist knoraType="richtext_value">248.</p0826-teimww:hasPageHist>
    <p0826-teimww:hasText knoraType="richtext_value">[Peace:] [...] &lt;span class="quote"&gt;What is a man superior to a beast&lt;/span&gt; &lt;br&gt;
But for his mind? nor that ennobles him, &lt;br&gt;
While he dejects his reason; making it &lt;br&gt;
The slave unto his brutish appetite.</p0826-teimww:hasText>
    <p0826-teimww:hasTextHist knoraType="richtext_value">[Peace:] [...] &lt;span class="quote"&gt;What is a man superior to a beast&lt;/span&gt; &lt;br&gt;
But for his mind? nor that ennobles him, &lt;br&gt;
While hee dejects his reason; making it &lt;br&gt;
The slave unto his brutish appetite.</p0826-teimww:hasTextHist>
    <p0826-teimww:isMentionedIn>
      <p0826-teimww:passage knoraType="link_value" linkType="ref" target="ww_310b70008330179f"/>
    </p0826-teimww:isMentionedIn>
    <p0826-teimww:occursIn>
      <p0826-teimww:book knoraType="link_value" linkType="ref" target="ww_16c087672a41350c"/>
    </p0826-teimww:occursIn>
    <p0826-teimww:wasContributedBy>
      <p0826-teimww:person knoraType="link_value" linkType="ref" target="ww_c4063e9c72a3ffd2"/>
    </p0826-teimww:wasContributedBy>
  </p0826-teimww:passage>
  <p0826-teimww:passage id="ww_310b70008330179f">
    <knoraXmlImport:label>passage</knoraXmlImport:label>
    <p0826-teimww:occursIn>
      <p0826-teimww:book knoraType="link_value" linkType="ref" target="ww_b3931845d54b98d5"/>
    </p0826-teimww:occursIn>
  </p0826-teimww:passage>
  <p0826-teimww:passage id="ww_8ec6a158ef0a4bce">
    <knoraXmlImport:label>passage</knoraXmlImport:label>
    <p0826-teimww:contains>
      <p0826-teimww:lexia knoraType="link_value" linkType="ref" target="ww_2aa52324a039407b"/>
    </p0826-teimww:contains>
    <p0826-teimww:contains>
      <p0826-teimww:lexia knoraType="link_value" linkType="ref" target="ww_8429f7553747f08c"/>
    </p0826-teimww:contains>
    <p0826-teimww:contains>
      <p0826-teimww:lexia knoraType="link_value" linkType="ref" target="ww_e9ed81eff9c406fd"/>
    </p0826-teimww:contains>
    <p0826-teimww:hasPage knoraType="richtext_value">Act 1, scene 1, lines 125-128.</p0826-teimww:hasPage>
    <p0826-teimww:hasText knoraType="richtext_value">[Horatio:] [...] In the most high and palmy state of Rome,&lt;br&gt;
A little ere the mightiest&lt;span class="quote"&gt; Julius &lt;/span&gt;fell,&lt;br&gt;
&lt;span class="quote"&gt;The graves stood tenantless, and the sheeted dead&lt;/span&gt;&lt;br&gt;
Did &lt;span class="quote"&gt;squeak and gibber&lt;/span&gt; in the Roman streets [...].</p0826-teimww:hasText>
    <p0826-teimww:isMentionedIn>
      <p0826-teimww:passage knoraType="link_value" linkType="ref" target="ww_f96131a05796bf20"/>
    </p0826-teimww:isMentionedIn>
    <p0826-teimww:isMentionedIn>
      <p0826-teimww:passage knoraType="link_value" linkType="ref" target="ww_e3e3c79b8656b15c"/>
    </p0826-teimww:isMentionedIn>
    <p0826-teimww:isMentionedIn>
      <p0826-teimww:passage knoraType="link_value" linkType="ref" target="ww_e0ffd5793e80541d"/>
    </p0826-teimww:isMentionedIn>
    <p0826-teimww:isMentionedIn>
      <p0826-teimww:passage knoraType="link_value" linkType="ref" target="ww_b6c900151c237d6a"/>
    </p0826-teimww:isMentionedIn>
    <p0826-teimww:isMentionedIn>
      <p0826-teimww:passage knoraType="link_value" linkType="ref" target="ww_474aa0a1320f43b3"/>
    </p0826-teimww:isMentionedIn>
    <p0826-teimww:occursIn>
      <p0826-teimww:book knoraType="link_value" linkType="ref" target="ww_5cb4c35da9f3b9dd"/>
    </p0826-teimww:occursIn>
    <p0826-teimww:wasContributedBy>
      <p0826-teimww:person knoraType="link_value" linkType="ref" target="ww_c4063e9c72a3ffd2"/>
    </p0826-teimww:wasContributedBy>
  </p0826-teimww:passage>
  <p0826-teimww:passage id="ww_e0ffd5793e80541d">
    <knoraXmlImport:label>passage</knoraXmlImport:label>
    <p0826-teimww:occursIn>
      <p0826-teimww:book knoraType="link_value" linkType="ref" target="ww_b3931845d54b98d5"/>
    </p0826-teimww:occursIn>
  </p0826-teimww:passage>
  <p0826-teimww:passage id="ww_e3e3c79b8656b15c">
    <knoraXmlImport:label>passage</knoraXmlImport:label>
    <p0826-teimww:occursIn>
      <p0826-teimww:book knoraType="link_value" linkType="ref" target="ww_0b28ed19a0540e1d"/>
    </p0826-teimww:occursIn>
  </p0826-teimww:passage>
  <p0826-teimww:passage id="ww_f96131a05796bf20">
    <knoraXmlImport:label>passage</knoraXmlImport:label>
    <p0826-teimww:occursIn>
      <p0826-teimww:book knoraType="link_value" linkType="ref" target="ww_1140c36ab545b6d8"/>
    </p0826-teimww:occursIn>
  </p0826-teimww:passage>
  <p0826-teimww:passage id="ww_7216a0d18aa9c053">
    <knoraXmlImport:label>passage</knoraXmlImport:label>
    <p0826-teimww:contains>
      <p0826-teimww:lexia knoraType="link_value" linkType="ref" target="ww_ae65dea007d10d55"/>
    </p0826-teimww:contains>
    <p0826-teimww:hasPage knoraType="richtext_value">Act 3, scene 2, lines 346-353.</p0826-teimww:hasPage>
    <p0826-teimww:hasText knoraType="richtext_value">[Rosalind:] &lt;span class="quote"&gt;A lean cheek [...] a blue eye and sunken [...] a beard neglected [...] Then your hose should be ungartered, your bonnet unbanded, your sleeve unbuttoned, your shoe untied, and every thing about you demonstrating a careless desolation.&lt;/span&gt;</p0826-teimww:hasText>
    <p0826-teimww:isMentionedIn>
      <p0826-teimww:passage knoraType="link_value" linkType="ref" target="ww_79628aeb52a6a0cc"/>
    </p0826-teimww:isMentionedIn>
    <p0826-teimww:isMentionedIn>
      <p0826-teimww:passage knoraType="link_value" linkType="ref" target="ww_ec0de99578ab22dc"/>
    </p0826-teimww:isMentionedIn>
    <p0826-teimww:occursIn>
      <p0826-teimww:book knoraType="link_value" linkType="ref" target="ww_5c3ae833a8aaf03d"/>
    </p0826-teimww:occursIn>
    <p0826-teimww:wasContributedBy>
      <p0826-teimww:person knoraType="link_value" linkType="ref" target="ww_5fbb1eab1b30dfee"/>
    </p0826-teimww:wasContributedBy>
  </p0826-teimww:passage>
  <p0826-teimww:passage id="ww_79628aeb52a6a0cc">
    <knoraXmlImport:label>passage</knoraXmlImport:label>
    <p0826-teimww:occursIn>
      <p0826-teimww:book knoraType="link_value" linkType="ref" target="ww_b3931845d54b98d5"/>
    </p0826-teimww:occursIn>
  </p0826-teimww:passage>
  <p0826-teimww:passage id="ww_aad127e9617eb2d6">
    <knoraXmlImport:label>passage</knoraXmlImport:label>
    <p0826-teimww:contains>
      <p0826-teimww:lexia knoraType="link_value" linkType="ref" target="ww_24f2c69977c4f1c8"/>
    </p0826-teimww:contains>
    <p0826-teimww:hasPage knoraType="richtext_value">Act 1, scene 1, line 150.</p0826-teimww:hasPage>
    <p0826-teimww:hasText knoraType="richtext_value">[Horatio:] [...] &lt;span class="quote"&gt;they say, you spirits oft walk in death &lt;/span&gt;[...].</p0826-teimww:hasText>
    <p0826-teimww:isMentionedIn>
      <p0826-teimww:passage knoraType="link_value" linkType="ref" target="ww_9a3ea82c07048fac"/>
    </p0826-teimww:isMentionedIn>
    <p0826-teimww:occursIn>
      <p0826-teimww:book knoraType="link_value" linkType="ref" target="ww_5cb4c35da9f3b9dd"/>
    </p0826-teimww:occursIn>
    <p0826-teimww:wasContributedBy>
      <p0826-teimww:person knoraType="link_value" linkType="ref" target="ww_c4063e9c72a3ffd2"/>
    </p0826-teimww:wasContributedBy>
  </p0826-teimww:passage>
  <p0826-teimww:passage id="ww_9a3ea82c07048fac">
    <knoraXmlImport:label>passage</knoraXmlImport:label>
    <p0826-teimww:occursIn>
      <p0826-teimww:book knoraType="link_value" linkType="ref" target="ww_0b28ed19a0540e1d"/>
    </p0826-teimww:occursIn>
  </p0826-teimww:passage>
  <p0826-teimww:passage id="ww_3c27ff35134615fb">
    <knoraXmlImport:label>passage</knoraXmlImport:label>
    <p0826-teimww:contains>
      <p0826-teimww:lexia knoraType="link_value" linkType="ref" target="ww_73aab74f46efadf0"/>
    </p0826-teimww:contains>
    <p0826-teimww:hasPage knoraType="richtext_value">Act 3, scene 1, line 147.</p0826-teimww:hasPage>
    <p0826-teimww:hasText knoraType="richtext_value">[Hamlet:] [...] for thy dowry: &lt;span class="quote"&gt;be thou as chaste as ice, as pure as snow, thou shalt not escape calumny.&lt;/span&gt;</p0826-teimww:hasText>
    <p0826-teimww:isMentionedIn>
      <p0826-teimww:passage knoraType="link_value" linkType="ref" target="ww_44c3f0e9f5599269"/>
    </p0826-teimww:isMentionedIn>
    <p0826-teimww:isMentionedIn>
      <p0826-teimww:passage knoraType="link_value" linkType="ref" target="ww_617be8620504f23a"/>
    </p0826-teimww:isMentionedIn>
    <p0826-teimww:occursIn>
      <p0826-teimww:book knoraType="link_value" linkType="ref" target="ww_5cb4c35da9f3b9dd"/>
    </p0826-teimww:occursIn>
    <p0826-teimww:wasContributedBy>
      <p0826-teimww:person knoraType="link_value" linkType="ref" target="ww_7f35f6802efd910d"/>
    </p0826-teimww:wasContributedBy>
  </p0826-teimww:passage>
  <p0826-teimww:passage id="ww_617be8620504f23a">
    <knoraXmlImport:label>passage</knoraXmlImport:label>
    <p0826-teimww:occursIn>
      <p0826-teimww:book knoraType="link_value" linkType="ref" target="ww_cd1e70f8e2cd8c82"/>
    </p0826-teimww:occursIn>
  </p0826-teimww:passage>
  <p0826-teimww:passage id="ww_44c3f0e9f5599269">
    <knoraXmlImport:label>passage</knoraXmlImport:label>
    <p0826-teimww:occursIn>
      <p0826-teimww:book knoraType="link_value" linkType="ref" target="ww_3f86f30540de15b8"/>
    </p0826-teimww:occursIn>
  </p0826-teimww:passage>
  <p0826-teimww:passage id="ww_ac8695797ca3271f">
    <knoraXmlImport:label>passage</knoraXmlImport:label>
    <p0826-teimww:contains>
      <p0826-teimww:lexia knoraType="link_value" linkType="ref" target="ww_30bf30e92106bbe1"/>
    </p0826-teimww:contains>
    <p0826-teimww:hasPage knoraType="richtext_value">Act 1, scene 1, lines 157-161.</p0826-teimww:hasPage>
    <p0826-teimww:hasText knoraType="richtext_value">[Marcellus:] Tis gone. &lt;br&gt;
We do it wrong, being so majestical,&lt;br&gt;
To offer it the show of violence,&lt;br&gt;
&lt;span class="quote"&gt;For it is as the air, invulnerable,&lt;br&gt;
And our vain blows malicious mockery.&lt;/span&gt;</p0826-teimww:hasText>
    <p0826-teimww:isMentionedIn>
      <p0826-teimww:passage knoraType="link_value" linkType="ref" target="ww_bb9953ef298475a4"/>
    </p0826-teimww:isMentionedIn>
    <p0826-teimww:occursIn>
      <p0826-teimww:book knoraType="link_value" linkType="ref" target="ww_5cb4c35da9f3b9dd"/>
    </p0826-teimww:occursIn>
    <p0826-teimww:wasContributedBy>
      <p0826-teimww:person knoraType="link_value" linkType="ref" target="ww_c4063e9c72a3ffd2"/>
    </p0826-teimww:wasContributedBy>
  </p0826-teimww:passage>
  <p0826-teimww:passage id="ww_bb9953ef298475a4">
    <knoraXmlImport:label>passage</knoraXmlImport:label>
    <p0826-teimww:occursIn>
      <p0826-teimww:book knoraType="link_value" linkType="ref" target="ww_b3931845d54b98d5"/>
    </p0826-teimww:occursIn>
  </p0826-teimww:passage>
  <p0826-teimww:passage id="ww_5b803881797af009">
    <knoraXmlImport:label>passage</knoraXmlImport:label>
    <p0826-teimww:contains>
      <p0826-teimww:lexia knoraType="link_value" linkType="ref" target="ww_ae65dea007d10d55"/>
    </p0826-teimww:contains>
    <p0826-teimww:hasPage knoraType="richtext_value">237 [normalized spelling].</p0826-teimww:hasPage>
    <p0826-teimww:hasPageHist knoraType="richtext_value">237.</p0826-teimww:hasPageHist>
    <p0826-teimww:hasText knoraType="richtext_value">(Enter Iacomo &lt;span class="quote"&gt;unbraced and careless dressed&lt;/span&gt;).</p0826-teimww:hasText>
    <p0826-teimww:hasTextHist knoraType="richtext_value">(Enter Iacomo &lt;span class="quote"&gt;unbraced and careles drest&lt;/span&gt;).</p0826-teimww:hasTextHist>
    <p0826-teimww:isMentionedIn>
      <p0826-teimww:passage knoraType="link_value" linkType="ref" target="ww_e902cfcf6b248373"/>
    </p0826-teimww:isMentionedIn>
    <p0826-teimww:isMentionedIn>
      <p0826-teimww:passage knoraType="link_value" linkType="ref" target="ww_3fb8020fd6911835"/>
    </p0826-teimww:isMentionedIn>
    <p0826-teimww:occursIn>
      <p0826-teimww:book knoraType="link_value" linkType="ref" target="ww_88503e400f411e81"/>
    </p0826-teimww:occursIn>
    <p0826-teimww:wasContributedBy>
      <p0826-teimww:person knoraType="link_value" linkType="ref" target="ww_c4063e9c72a3ffd2"/>
    </p0826-teimww:wasContributedBy>
  </p0826-teimww:passage>
  <p0826-teimww:passage id="ww_e902cfcf6b248373">
    <knoraXmlImport:label>passage</knoraXmlImport:label>
    <p0826-teimww:occursIn>
      <p0826-teimww:book knoraType="link_value" linkType="ref" target="ww_e9dd31d2f114bcc9"/>
    </p0826-teimww:occursIn>
  </p0826-teimww:passage>
  <p0826-teimww:passage id="ww_5c060f01904bfa9a">
    <knoraXmlImport:label>passage</knoraXmlImport:label>
    <p0826-teimww:contains>
      <p0826-teimww:lexia knoraType="link_value" linkType="ref" target="ww_d6a5459fd292f03f"/>
    </p0826-teimww:contains>
    <p0826-teimww:contains>
      <p0826-teimww:lexia knoraType="link_value" linkType="ref" target="ww_88076bbdfa4084d2"/>
    </p0826-teimww:contains>
    <p0826-teimww:hasPage knoraType="richtext_value">278 [normalized spelling].</p0826-teimww:hasPage>
    <p0826-teimww:hasPageHist knoraType="richtext_value">278.</p0826-teimww:hasPageHist>
    <p0826-teimww:hasText knoraType="richtext_value">[Lampatho Doria:] Now by &lt;span class="quote"&gt;the front of Jove &lt;/span&gt;methinks her eye&lt;br&gt;
Shoots more spirit in me, O beauty feminine!</p0826-teimww:hasText>
    <p0826-teimww:hasTextHist knoraType="richtext_value">[Lampatho Doria:] Now by &lt;span class="quote"&gt;the front of Ioue &lt;/span&gt;me thinks her eye&lt;br&gt;
Shootes more spirit in me, O beautie feminine!</p0826-teimww:hasTextHist>
    <p0826-teimww:isMentionedIn>
      <p0826-teimww:passage knoraType="link_value" linkType="ref" target="ww_a8120a6f9e7fab4e"/>
    </p0826-teimww:isMentionedIn>
    <p0826-teimww:occursIn>
      <p0826-teimww:book knoraType="link_value" linkType="ref" target="ww_88503e400f411e81"/>
    </p0826-teimww:occursIn>
    <p0826-teimww:wasContributedBy>
      <p0826-teimww:person knoraType="link_value" linkType="ref" target="ww_c4063e9c72a3ffd2"/>
    </p0826-teimww:wasContributedBy>
  </p0826-teimww:passage>
  <p0826-teimww:passage id="ww_a8120a6f9e7fab4e">
    <knoraXmlImport:label>passage</knoraXmlImport:label>
    <p0826-teimww:occursIn>
      <p0826-teimww:book knoraType="link_value" linkType="ref" target="ww_91e0dc4c671938fa"/>
    </p0826-teimww:occursIn>
  </p0826-teimww:passage>
  <p0826-teimww:passage id="ww_a19196058b096bc3">
    <knoraXmlImport:label>passage</knoraXmlImport:label>
    <p0826-teimww:contains>
      <p0826-teimww:lexia knoraType="link_value" linkType="ref" target="ww_2f1acabf6c02c58e"/>
    </p0826-teimww:contains>
    <p0826-teimww:hasPage knoraType="richtext_value">act 5, scene 3, line 256 [normalized spelling].</p0826-teimww:hasPage>
    <p0826-teimww:hasText knoraType="richtext_value">[Lupus:] &lt;span class="quote"&gt;Of strenuous vengeance to clutch the fist. &lt;/span&gt;</p0826-teimww:hasText>
    <p0826-teimww:hasTextHist knoraType="richtext_value">[Lvpvs:] &lt;span class="quote"&gt;Of strenuous venge-ance to clutch the fist. &lt;/span&gt;</p0826-teimww:hasTextHist>
    <p0826-teimww:isMentionedIn>
      <p0826-teimww:passage knoraType="link_value" linkType="ref" target="ww_24a8d5f72ecc72c5"/>
    </p0826-teimww:isMentionedIn>
    <p0826-teimww:occursIn>
      <p0826-teimww:book knoraType="link_value" linkType="ref" target="ww_e94b33ac99cc5615"/>
    </p0826-teimww:occursIn>
    <p0826-teimww:wasContributedBy>
      <p0826-teimww:person knoraType="link_value" linkType="ref" target="ww_7f35f6802efd910d"/>
    </p0826-teimww:wasContributedBy>
  </p0826-teimww:passage>
  <p0826-teimww:passage id="ww_384a885de5f7eb18">
    <knoraXmlImport:label>passage</knoraXmlImport:label>
    <p0826-teimww:contains>
      <p0826-teimww:lexia knoraType="link_value" linkType="ref" target="ww_0778f6fd6c96ba41"/>
    </p0826-teimww:contains>
    <p0826-teimww:hasText knoraType="richtext_value">&lt;span class="quote"&gt;True-Penny&lt;/span&gt;</p0826-teimww:hasText>
    <p0826-teimww:isMentionedIn>
      <p0826-teimww:passage knoraType="link_value" linkType="ref" target="ww_760850dee1727f1e"/>
    </p0826-teimww:isMentionedIn>
    <p0826-teimww:occursIn>
      <p0826-teimww:book knoraType="link_value" linkType="ref" target="ww_f6b0a0a6caabc2ad"/>
    </p0826-teimww:occursIn>
    <p0826-teimww:wasContributedBy>
      <p0826-teimww:person knoraType="link_value" linkType="ref" target="ww_c4063e9c72a3ffd2"/>
    </p0826-teimww:wasContributedBy>
  </p0826-teimww:passage>
  <p0826-teimww:passage id="ww_760850dee1727f1e">
    <knoraXmlImport:label>passage</knoraXmlImport:label>
    <p0826-teimww:occursIn>
      <p0826-teimww:book knoraType="link_value" linkType="ref" target="ww_3e15ab6c612eadae"/>
    </p0826-teimww:occursIn>
  </p0826-teimww:passage>
  <p0826-teimww:passage id="ww_06f96a108f63bc02">
    <knoraXmlImport:label>passage</knoraXmlImport:label>
    <p0826-teimww:contains>
      <p0826-teimww:lexia knoraType="link_value" linkType="ref" target="ww_153def16bdb0bd7b"/>
    </p0826-teimww:contains>
    <p0826-teimww:contains>
      <p0826-teimww:lexia knoraType="link_value" linkType="ref" target="ww_f69171a9edf96fab"/>
    </p0826-teimww:contains>
    <p0826-teimww:hasText knoraType="richtext_value">&lt;span class="annotation"&gt;Camillo and Hippolito are young Venetian noblemen, just returned from the wars; Camillo brings with him a captured French gentleman named Fontinelle. Camillo turns his prisoner over to Hippolito's sister Violetta for safekeeping. Violetta is the object of Camillo's affections; but Fontinelle and Violetta fall in love. Learning of this unwelcome development, Camillo and Hippolito try to tempt Fontinelle to infidelity by sending his portrait to the courtesan Imperia, hoping to interest her in the Frenchman. The ploy fails (at first), and Camillio has Fontinelle thrown into prison. But Fontinelle and Violetta are secretly married. In the last act, however, the Venetians' plotting bears fruit: Fontinelle falls for Imperia, and Violetta has to resort to the standard Elizabethan bed trick&lt;/span&gt;</p0826-teimww:hasText>
    <p0826-teimww:isMentionedIn>
      <p0826-teimww:passage knoraType="link_value" linkType="ref" target="ww_6ef00433bbc415c2"/>
    </p0826-teimww:isMentionedIn>
    <p0826-teimww:occursIn>
      <p0826-teimww:book knoraType="link_value" linkType="ref" target="ww_f6b0a0a6caabc2ad"/>
    </p0826-teimww:occursIn>
    <p0826-teimww:wasContributedBy>
      <p0826-teimww:person knoraType="link_value" linkType="ref" target="ww_c4063e9c72a3ffd2"/>
    </p0826-teimww:wasContributedBy>
  </p0826-teimww:passage>
  <p0826-teimww:passage id="ww_6ef00433bbc415c2">
    <knoraXmlImport:label>passage</knoraXmlImport:label>
    <p0826-teimww:occursIn>
      <p0826-teimww:book knoraType="link_value" linkType="ref" target="ww_0f0f2ccb24fa3b96"/>
    </p0826-teimww:occursIn>
  </p0826-teimww:passage>
  <p0826-teimww:passage id="ww_f72a65ed1fc6f2db">
    <knoraXmlImport:label>passage</knoraXmlImport:label>
    <p0826-teimww:contains>
      <p0826-teimww:lexia knoraType="link_value" linkType="ref" target="ww_4153daff98f0c09d"/>
    </p0826-teimww:contains>
    <p0826-teimww:hasPage knoraType="richtext_value">Act 5, scene 1, lines 312-313.</p0826-teimww:hasPage>
    <p0826-teimww:hasText knoraType="richtext_value">[Fool:] So I do, madonna. But to read his right wits is to read thus. Therefore, &lt;span class="quote"&gt;perpend, my princess, &lt;/span&gt;and give ear.</p0826-teimww:hasText>
    <p0826-teimww:isMentionedIn>
      <p0826-teimww:passage knoraType="link_value" linkType="ref" target="ww_8e8cf1a939d41711"/>
    </p0826-teimww:isMentionedIn>
    <p0826-teimww:isMentionedIn>
      <p0826-teimww:passage knoraType="link_value" linkType="ref" target="ww_ac391f08bc14f84c"/>
    </p0826-teimww:isMentionedIn>
    <p0826-teimww:occursIn>
      <p0826-teimww:book knoraType="link_value" linkType="ref" target="ww_50b5fed06f012747"/>
    </p0826-teimww:occursIn>
    <p0826-teimww:wasContributedBy>
      <p0826-teimww:person knoraType="link_value" linkType="ref" target="ww_c4063e9c72a3ffd2"/>
    </p0826-teimww:wasContributedBy>
  </p0826-teimww:passage>
  <p0826-teimww:passage id="ww_ac391f08bc14f84c">
    <knoraXmlImport:label>passage</knoraXmlImport:label>
    <p0826-teimww:occursIn>
      <p0826-teimww:book knoraType="link_value" linkType="ref" target="ww_b3931845d54b98d5"/>
    </p0826-teimww:occursIn>
  </p0826-teimww:passage>
  <p0826-teimww:passage id="ww_09ea93e97410f807">
    <knoraXmlImport:label>passage</knoraXmlImport:label>
    <p0826-teimww:contains>
      <p0826-teimww:lexia knoraType="link_value" linkType="ref" target="ww_d8b83eaead3ed602"/>
    </p0826-teimww:contains>
    <p0826-teimww:hasPage knoraType="richtext_value">Act 3, scene 1, line 122.</p0826-teimww:hasPage>
    <p0826-teimww:hasText knoraType="richtext_value">[Olivia:] Have you not set mine &lt;span class="quote"&gt;honor at the stake&lt;/span&gt; [...]?</p0826-teimww:hasText>
    <p0826-teimww:isMentionedIn>
      <p0826-teimww:passage knoraType="link_value" linkType="ref" target="ww_363d3d0de58d524a"/>
    </p0826-teimww:isMentionedIn>
    <p0826-teimww:occursIn>
      <p0826-teimww:book knoraType="link_value" linkType="ref" target="ww_50b5fed06f012747"/>
    </p0826-teimww:occursIn>
    <p0826-teimww:wasContributedBy>
      <p0826-teimww:person knoraType="link_value" linkType="ref" target="ww_c4063e9c72a3ffd2"/>
    </p0826-teimww:wasContributedBy>
  </p0826-teimww:passage>
  <p0826-teimww:passage id="ww_363d3d0de58d524a">
    <knoraXmlImport:label>passage</knoraXmlImport:label>
    <p0826-teimww:occursIn>
      <p0826-teimww:book knoraType="link_value" linkType="ref" target="ww_b3931845d54b98d5"/>
    </p0826-teimww:occursIn>
  </p0826-teimww:passage>
  <p0826-teimww:passage id="ww_e0f76517c3ac7b87">
    <knoraXmlImport:label>passage</knoraXmlImport:label>
    <p0826-teimww:contains>
      <p0826-teimww:lexia knoraType="link_value" linkType="ref" target="ww_7778cbdbc7a43060"/>
    </p0826-teimww:contains>
    <p0826-teimww:contains>
      <p0826-teimww:lexia knoraType="link_value" linkType="ref" target="ww_b8b3049a77de86d5"/>
    </p0826-teimww:contains>
    <p0826-teimww:hasPage knoraType="richtext_value">L2 verso [normalized spelling]</p0826-teimww:hasPage>
    <p0826-teimww:hasPageHist knoraType="richtext_value">L2 verso.</p0826-teimww:hasPageHist>
    <p0826-teimww:hasText knoraType="richtext_value">(Enter Tucca, his boy after him &lt;span class="quote"&gt;with two pictures&lt;/span&gt; under his cloak, and a wreath of nettles: &lt;span class="quote"&gt;Horace &lt;/span&gt;and Bubo pulled in by th'horns bound both like Satyrs, Sir Adam following, Mistress Miniver with him, wearing Tucca's chain).</p0826-teimww:hasText>
    <p0826-teimww:hasTextHist knoraType="richtext_value">(Enter Tucca, his boy after him &lt;span class="quote"&gt;with two pictures&lt;/span&gt; vnder his cloake, and a wreath of nettles: &lt;span class="quote"&gt;Horace &lt;/span&gt;and Bubo pul'd in by th'hornes bound both like Satyres, Sir Adam following, Mistris Miniuer with him, wearing Tuccaes chaine).</p0826-teimww:hasTextHist>
    <p0826-teimww:isMentionedIn>
      <p0826-teimww:passage knoraType="link_value" linkType="ref" target="ww_69bfe0ee4dd67e49"/>
    </p0826-teimww:isMentionedIn>
    <p0826-teimww:isMentionedIn>
      <p0826-teimww:passage knoraType="link_value" linkType="ref" target="ww_b81a9977643e909a"/>
    </p0826-teimww:isMentionedIn>
    <p0826-teimww:occursIn>
      <p0826-teimww:book knoraType="link_value" linkType="ref" target="ww_7e27a16308bd00fc"/>
    </p0826-teimww:occursIn>
    <p0826-teimww:wasContributedBy>
      <p0826-teimww:person knoraType="link_value" linkType="ref" target="ww_c4063e9c72a3ffd2"/>
    </p0826-teimww:wasContributedBy>
  </p0826-teimww:passage>
  <p0826-teimww:passage id="ww_b81a9977643e909a">
    <knoraXmlImport:label>passage</knoraXmlImport:label>
    <p0826-teimww:occursIn>
      <p0826-teimww:book knoraType="link_value" linkType="ref" target="ww_47c84395b30bd53b"/>
    </p0826-teimww:occursIn>
  </p0826-teimww:passage>
  <p0826-teimww:passage id="ww_69bfe0ee4dd67e49">
    <knoraXmlImport:label>passage</knoraXmlImport:label>
    <p0826-teimww:occursIn>
      <p0826-teimww:book knoraType="link_value" linkType="ref" target="ww_2f65899f08b5bb71"/>
    </p0826-teimww:occursIn>
  </p0826-teimww:passage>
  <p0826-teimww:passage id="ww_f0c3293e0e16206f">
    <knoraXmlImport:label>passage</knoraXmlImport:label>
    <p0826-teimww:contains>
      <p0826-teimww:lexia knoraType="link_value" linkType="ref" target="ww_de9b44a1c2738c61"/>
    </p0826-teimww:contains>
    <p0826-teimww:hasPage knoraType="richtext_value">16, act 1, scene 1, lines 432-435 [normalized spelling].</p0826-teimww:hasPage>
    <p0826-teimww:hasText knoraType="richtext_value">[Old Arthur:] [...] And doest thou use me thus? thou art a knave. &lt;br&gt;
[Old Luke:] A knave, I marry, and  &lt;span class="quote"&gt;an arrant knave: &lt;/span&gt;&lt;br&gt;
And sirrah, by old M. Arthur's leave, &lt;br&gt;
Though I be weak and old, I'll prove thee one. </p0826-teimww:hasText>
    <p0826-teimww:hasTextHist knoraType="richtext_value">[Old Arthur:] [...] And doest thou vse me thus? thou art a knaue. &lt;br&gt;
[Old Luke:] A knaue, I mary, and  &lt;span class="quote"&gt;an arrant knaue: &lt;/span&gt;&lt;br&gt;
And sirra, by old M. Arthurs leaue, &lt;br&gt;
Though I be weake and old, Ile proue thee one. </p0826-teimww:hasTextHist>
    <p0826-teimww:isMentionedIn>
      <p0826-teimww:passage knoraType="link_value" linkType="ref" target="ww_ef3368db07958d31"/>
    </p0826-teimww:isMentionedIn>
    <p0826-teimww:occursIn>
      <p0826-teimww:book knoraType="link_value" linkType="ref" target="ww_e862771dd315c342"/>
    </p0826-teimww:occursIn>
    <p0826-teimww:wasContributedBy>
      <p0826-teimww:person knoraType="link_value" linkType="ref" target="ww_8106744e44c77c96"/>
    </p0826-teimww:wasContributedBy>
  </p0826-teimww:passage>
  <p0826-teimww:passage id="ww_e520eee64a29ef7b">
    <knoraXmlImport:label>passage</knoraXmlImport:label>
    <p0826-teimww:contains>
      <p0826-teimww:lexia knoraType="link_value" linkType="ref" target="ww_e33e74db5b667e8c"/>
    </p0826-teimww:contains>
    <p0826-teimww:hasPage knoraType="richtext_value">34-35; lines 1073-1074.</p0826-teimww:hasPage>
    <p0826-teimww:hasText knoraType="richtext_value">[Brabo:] When he comes next turne him into the streets, &lt;br&gt;
Now come &lt;span class="quote"&gt;lets dance the shaking of the sheets&lt;/span&gt;. </p0826-teimww:hasText>
    <p0826-teimww:occursIn>
      <p0826-teimww:book knoraType="link_value" linkType="ref" target="ww_e862771dd315c342"/>
    </p0826-teimww:occursIn>
    <p0826-teimww:wasContributedBy>
      <p0826-teimww:person knoraType="link_value" linkType="ref" target="ww_7f35f6802efd910d"/>
    </p0826-teimww:wasContributedBy>
  </p0826-teimww:passage>
  <p0826-teimww:passage id="ww_901a972a70c54a1f">
    <knoraXmlImport:label>passage</knoraXmlImport:label>
    <p0826-teimww:contains>
      <p0826-teimww:lexia knoraType="link_value" linkType="ref" target="ww_f93c78f5a1f203a1"/>
    </p0826-teimww:contains>
    <p0826-teimww:hasPage knoraType="richtext_value">19, act 1, scene 1, lines 554-561 [normalized spelling].</p0826-teimww:hasPage>
    <p0826-teimww:hasText knoraType="richtext_value">[Anselme:] Mistress God save you. &lt;br&gt;
[Fulller:] What a block is that &lt;br&gt;
To say God save you, is the fellow mad, &lt;br&gt;
Once to name God in his ungodly suit? &lt;br&gt;
[Mistress Arthur:] You are welcome sir. Come you to speak with me, &lt;br&gt;
Or with my husband, pray you what's your will? &lt;br&gt;
[Fuller:] She  &lt;span class="quote"&gt;answers to the purpose, &lt;/span&gt;what's your will?&lt;br&gt; 
O zounds that I were there to answer her. </p0826-teimww:hasText>
    <p0826-teimww:hasTextHist knoraType="richtext_value">[Anselme:] Mistris God saue you. &lt;br&gt;
[Fulller:] What a block is that &lt;br&gt;
To say God saue you, is the fellow mad, &lt;br&gt;
Once to name God in his vngodly sute? &lt;br&gt;
[Mistress Arthur:] You are welcome sir. Come you to speak with me, &lt;br&gt;
Or with my husband, pray you whats your will? &lt;br&gt;
[Fuller:] She  &lt;span class="quote"&gt;answeres to the purpose, &lt;/span&gt;whats your will?&lt;br&gt; 
O zoanes that I were there to answere her. </p0826-teimww:hasTextHist>
    <p0826-teimww:isMentionedIn>
      <p0826-teimww:passage knoraType="link_value" linkType="ref" target="ww_196bcbbc1ed8d2d5"/>
    </p0826-teimww:isMentionedIn>
    <p0826-teimww:occursIn>
      <p0826-teimww:book knoraType="link_value" linkType="ref" target="ww_e862771dd315c342"/>
    </p0826-teimww:occursIn>
    <p0826-teimww:wasContributedBy>
      <p0826-teimww:person knoraType="link_value" linkType="ref" target="ww_8106744e44c77c96"/>
    </p0826-teimww:wasContributedBy>
  </p0826-teimww:passage>
  <p0826-teimww:passage id="ww_196bcbbc1ed8d2d5">
    <knoraXmlImport:label>passage</knoraXmlImport:label>
    <p0826-teimww:occursIn>
      <p0826-teimww:book knoraType="link_value" linkType="ref" target="ww_3e15ab6c612eadae"/>
    </p0826-teimww:occursIn>
  </p0826-teimww:passage>
  <p0826-teimww:passage id="ww_44cb311cc3546cf6">
    <knoraXmlImport:label>passage</knoraXmlImport:label>
    <p0826-teimww:contains>
      <p0826-teimww:lexia knoraType="link_value" linkType="ref" target="ww_980c2f06eda69726"/>
    </p0826-teimww:contains>
    <p0826-teimww:hasPage knoraType="richtext_value">Act 4, scene 1, lines 33-36.</p0826-teimww:hasPage>
    <p0826-teimww:hasText knoraType="richtext_value">[Andrew:] Nay, let him alone. I'll go another way to work with him. I'll have &lt;span class="quote"&gt;an action of battery &lt;/span&gt;against him, if there be any law in Illyria. Though I struck him first, yet it's no matter for that.</p0826-teimww:hasText>
    <p0826-teimww:isMentionedIn>
      <p0826-teimww:passage knoraType="link_value" linkType="ref" target="ww_fab85faa76e75c22"/>
    </p0826-teimww:isMentionedIn>
    <p0826-teimww:occursIn>
      <p0826-teimww:book knoraType="link_value" linkType="ref" target="ww_50b5fed06f012747"/>
    </p0826-teimww:occursIn>
    <p0826-teimww:wasContributedBy>
      <p0826-teimww:person knoraType="link_value" linkType="ref" target="ww_5fbb1eab1b30dfee"/>
    </p0826-teimww:wasContributedBy>
  </p0826-teimww:passage>
  <p0826-teimww:passage id="ww_fab85faa76e75c22">
    <knoraXmlImport:label>passage</knoraXmlImport:label>
    <p0826-teimww:occursIn>
      <p0826-teimww:book knoraType="link_value" linkType="ref" target="ww_b3931845d54b98d5"/>
    </p0826-teimww:occursIn>
  </p0826-teimww:passage>
  <p0826-teimww:passage id="ww_357e028f2ca387ac">
    <knoraXmlImport:label>passage</knoraXmlImport:label>
    <p0826-teimww:contains>
      <p0826-teimww:lexia knoraType="link_value" linkType="ref" target="ww_f7c8b5ae81c23bc0"/>
    </p0826-teimww:contains>
    <p0826-teimww:hasPage knoraType="richtext_value">D8 recto (47) [normalized spelling].</p0826-teimww:hasPage>
    <p0826-teimww:hasPageHist knoraType="richtext_value">D8 recto (47).</p0826-teimww:hasPageHist>
    <p0826-teimww:hasText knoraType="richtext_value">For, would you not (in good sooth) imagine us all to be out of our &lt;i&gt;wits&lt;/i&gt;: if you could make us believe, that the &lt;i&gt;master devil&lt;/i&gt; himself with all his &lt;i&gt;adherents&lt;/i&gt; were able to make a thing essentially existing in nature&lt;/i&gt;, either&lt;span class="quote"&gt; &lt;i&gt;to be&lt;/i&gt; or &lt;i&gt;not to be&lt;/i&gt;, &lt;/span&gt;when it pleases himself?</p0826-teimww:hasText>
    <p0826-teimww:hasTextHist knoraType="richtext_value">For, would you not (in good sooth) imagine vs all to be out of our &lt;i&gt;wits&lt;/i&gt;: if you could make vs beleeue, that the &lt;i&gt;maister diuell&lt;/i&gt; himselfe with all his &lt;i&gt;adherents&lt;/i&gt; were able to make a thing essentiallie existing in nature&lt;/i&gt;, eyther&lt;span class="quote"&gt; &lt;i&gt;to be&lt;/i&gt; or &lt;i&gt;not to be&lt;/i&gt;, &lt;/span&gt;when it pleases himselfe?</p0826-teimww:hasTextHist>
    <p0826-teimww:isMentionedIn>
      <p0826-teimww:passage knoraType="link_value" linkType="ref" target="ww_d3fa3e4da5a06b4e"/>
    </p0826-teimww:isMentionedIn>
    <p0826-teimww:isMentionedIn>
      <p0826-teimww:passage knoraType="link_value" linkType="ref" target="ww_c2c9090f1f8e5acc"/>
    </p0826-teimww:isMentionedIn>
    <p0826-teimww:occursIn>
      <p0826-teimww:book knoraType="link_value" linkType="ref" target="ww_6adb24d62eec2e3f"/>
    </p0826-teimww:occursIn>
    <p0826-teimww:wasContributedBy>
      <p0826-teimww:person knoraType="link_value" linkType="ref" target="ww_c4063e9c72a3ffd2"/>
    </p0826-teimww:wasContributedBy>
  </p0826-teimww:passage>
  <p0826-teimww:passage id="ww_d3fa3e4da5a06b4e">
    <knoraXmlImport:label>passage</knoraXmlImport:label>
    <p0826-teimww:occursIn>
      <p0826-teimww:book knoraType="link_value" linkType="ref" target="ww_0de19bd63a1c9142"/>
    </p0826-teimww:occursIn>
  </p0826-teimww:passage>
  <p0826-teimww:passage id="ww_c2c9090f1f8e5acc">
    <knoraXmlImport:label>passage</knoraXmlImport:label>
    <p0826-teimww:occursIn>
      <p0826-teimww:book knoraType="link_value" linkType="ref" target="ww_91e0dc4c671938fa"/>
    </p0826-teimww:occursIn>
  </p0826-teimww:passage>
  <p0826-teimww:passage id="ww_5ced02e14eada21e">
    <knoraXmlImport:label>passage</knoraXmlImport:label>
    <p0826-teimww:contains>
      <p0826-teimww:lexia knoraType="link_value" linkType="ref" target="ww_72a6f4dfbac8922c"/>
    </p0826-teimww:contains>
    <p0826-teimww:hasPage knoraType="richtext_value">Prologue, lines 22-29.</p0826-teimww:hasPage>
    <p0826-teimww:hasText knoraType="richtext_value">[Prologue:] And hither am I come,&lt;br&gt;
A prologue armed, but not in confidence&lt;br&gt;
Of author's pen or actor’s voice, but suited&lt;br&gt;
In like conditions as our argument,	&lt;br&gt;
To tell you, fair beholders, that our play&lt;br&gt;
Leaps o'er the vaunt and firstlings of those broils,&lt;br&gt;
Beginning in the middle, starting thence away&lt;br&gt;
To what may be &lt;span class="quote"&gt;digested in a play.&lt;/span&gt;</p0826-teimww:hasText>
    <p0826-teimww:isMentionedIn>
      <p0826-teimww:passage knoraType="link_value" linkType="ref" target="ww_873a2fb827cb9f68"/>
    </p0826-teimww:isMentionedIn>
    <p0826-teimww:occursIn>
      <p0826-teimww:book knoraType="link_value" linkType="ref" target="ww_573381af1170e2c9"/>
    </p0826-teimww:occursIn>
    <p0826-teimww:wasContributedBy>
      <p0826-teimww:person knoraType="link_value" linkType="ref" target="ww_c4063e9c72a3ffd2"/>
    </p0826-teimww:wasContributedBy>
  </p0826-teimww:passage>
  <p0826-teimww:passage id="ww_873a2fb827cb9f68">
    <knoraXmlImport:label>passage</knoraXmlImport:label>
    <p0826-teimww:occursIn>
      <p0826-teimww:book knoraType="link_value" linkType="ref" target="ww_b3931845d54b98d5"/>
    </p0826-teimww:occursIn>
  </p0826-teimww:passage>
  <p0826-teimww:passage id="ww_d38e8b7c3adbea6e">
    <knoraXmlImport:label>passage</knoraXmlImport:label>
    <p0826-teimww:contains>
      <p0826-teimww:lexia knoraType="link_value" linkType="ref" target="ww_aeb5ce7d1362a85a"/>
    </p0826-teimww:contains>
    <p0826-teimww:hasPage knoraType="richtext_value">N.p.; about halfway into the play [normalized spelling].</p0826-teimww:hasPage>
    <p0826-teimww:hasPageHist knoraType="richtext_value">N.p.; about halfway into the play.</p0826-teimww:hasPageHist>
    <p0826-teimww:hasText knoraType="richtext_value">[Guildford:] &lt;span class="quote"&gt;Peace rest his soul, his sins be buried in his grave, &lt;br/&gt;
And not remembered in his Epitaph &lt;/span&gt;[...].</p0826-teimww:hasText>
    <p0826-teimww:hasTextHist knoraType="richtext_value">[Guildford:] &lt;span class="quote"&gt;Peace rest his soule, his sinnes be buried in his graue, &lt;br/&gt;
And not remembred in his Epitaph&lt;/span&gt; [...].</p0826-teimww:hasTextHist>
    <p0826-teimww:isMentionedIn>
      <p0826-teimww:passage knoraType="link_value" linkType="ref" target="ww_0a3cf2754dfca98f"/>
    </p0826-teimww:isMentionedIn>
    <p0826-teimww:occursIn>
      <p0826-teimww:book knoraType="link_value" linkType="ref" target="ww_ae241404822b51fa"/>
    </p0826-teimww:occursIn>
    <p0826-teimww:wasContributedBy>
      <p0826-teimww:person knoraType="link_value" linkType="ref" target="ww_b604df587d93b768"/>
    </p0826-teimww:wasContributedBy>
  </p0826-teimww:passage>
  <p0826-teimww:passage id="ww_a743553036c8ad1b">
    <knoraXmlImport:label>passage</knoraXmlImport:label>
    <p0826-teimww:contains>
      <p0826-teimww:lexia knoraType="link_value" linkType="ref" target="ww_d8b83eaead3ed602"/>
    </p0826-teimww:contains>
    <p0826-teimww:hasPage knoraType="richtext_value">Act 3, scene 3, line 237.</p0826-teimww:hasPage>
    <p0826-teimww:hasText knoraType="richtext_value">[Achilles:]  [...] see my &lt;span class="quote"&gt;reputation is at stake;&lt;/span&gt;&lt;br&gt;
My fame is shrewdly gored.</p0826-teimww:hasText>
    <p0826-teimww:isMentionedIn>
      <p0826-teimww:passage knoraType="link_value" linkType="ref" target="ww_ecb1b31bfd7c0a58"/>
    </p0826-teimww:isMentionedIn>
    <p0826-teimww:occursIn>
      <p0826-teimww:book knoraType="link_value" linkType="ref" target="ww_573381af1170e2c9"/>
    </p0826-teimww:occursIn>
    <p0826-teimww:wasContributedBy>
      <p0826-teimww:person knoraType="link_value" linkType="ref" target="ww_c4063e9c72a3ffd2"/>
    </p0826-teimww:wasContributedBy>
  </p0826-teimww:passage>
  <p0826-teimww:passage id="ww_ecb1b31bfd7c0a58">
    <knoraXmlImport:label>passage</knoraXmlImport:label>
    <p0826-teimww:occursIn>
      <p0826-teimww:book knoraType="link_value" linkType="ref" target="ww_55bc1a3b04bf8a8d"/>
    </p0826-teimww:occursIn>
  </p0826-teimww:passage>
  <p0826-teimww:passage id="ww_731cc00e92782e83">
    <knoraXmlImport:label>passage</knoraXmlImport:label>
    <p0826-teimww:contains>
      <p0826-teimww:lexia knoraType="link_value" linkType="ref" target="ww_135b1727edb66667"/>
    </p0826-teimww:contains>
    <p0826-teimww:hasPage knoraType="richtext_value">Act 4, scene 1, lines 74-80.</p0826-teimww:hasPage>
    <p0826-teimww:hasText knoraType="richtext_value">[Diomedes:] She's bitter to her country. Hear me, Paris: &lt;br&gt;
For every false drop in her bawdy veins&lt;br&gt;
A Grecian’s life hath sunk; for every scruple&lt;br&gt;
Of &lt;span class="quote"&gt;her contaminated carrion weight&lt;/span&gt;&lt;br&gt;
A Trojan hath been slain. Since she could speak,&lt;br&gt;
She hath not given so many good words breath&lt;br&gt;
As for her Greeks and Trojans suffered death.</p0826-teimww:hasText>
    <p0826-teimww:isMentionedIn>
      <p0826-teimww:passage knoraType="link_value" linkType="ref" target="ww_e139f353b03faae5"/>
    </p0826-teimww:isMentionedIn>
    <p0826-teimww:occursIn>
      <p0826-teimww:book knoraType="link_value" linkType="ref" target="ww_573381af1170e2c9"/>
    </p0826-teimww:occursIn>
    <p0826-teimww:wasContributedBy>
      <p0826-teimww:person knoraType="link_value" linkType="ref" target="ww_c4063e9c72a3ffd2"/>
    </p0826-teimww:wasContributedBy>
  </p0826-teimww:passage>
  <p0826-teimww:passage id="ww_e139f353b03faae5">
    <knoraXmlImport:label>passage</knoraXmlImport:label>
    <p0826-teimww:occursIn>
      <p0826-teimww:book knoraType="link_value" linkType="ref" target="ww_b3931845d54b98d5"/>
    </p0826-teimww:occursIn>
  </p0826-teimww:passage>
  <p0826-teimww:passage id="ww_2d7206a80cb95797">
    <knoraXmlImport:label>passage</knoraXmlImport:label>
    <p0826-teimww:contains>
      <p0826-teimww:lexia knoraType="link_value" linkType="ref" target="ww_313e6e29c41f3c83"/>
    </p0826-teimww:contains>
    <p0826-teimww:hasPage knoraType="richtext_value">Act 5, scene 4, line 25; act 5, scene 6, line 14.</p0826-teimww:hasPage>
    <p0826-teimww:hasText knoraType="richtext_value">[Diomedes:] Thou dost miscall retire.&lt;br&gt;
I do not fly, but advantageous care &lt;br&gt;
Withdrew me from the odds of multitude. &lt;br&gt;
&lt;span class="quote"&gt;Have at thee!&lt;br&gt;
Have at thee, Hector.&lt;/span&gt;&lt;br&gt;&lt;br&gt;

[Achilles:] Now do I see thee. Ha! Have at thee, Hector!</p0826-teimww:hasText>
    <p0826-teimww:isMentionedIn>
      <p0826-teimww:passage knoraType="link_value" linkType="ref" target="ww_5f2aa77f6cf625ba"/>
    </p0826-teimww:isMentionedIn>
    <p0826-teimww:occursIn>
      <p0826-teimww:book knoraType="link_value" linkType="ref" target="ww_573381af1170e2c9"/>
    </p0826-teimww:occursIn>
    <p0826-teimww:wasContributedBy>
      <p0826-teimww:person knoraType="link_value" linkType="ref" target="ww_c4063e9c72a3ffd2"/>
    </p0826-teimww:wasContributedBy>
  </p0826-teimww:passage>
  <p0826-teimww:passage id="ww_5f2aa77f6cf625ba">
    <knoraXmlImport:label>passage</knoraXmlImport:label>
    <p0826-teimww:occursIn>
      <p0826-teimww:book knoraType="link_value" linkType="ref" target="ww_b3931845d54b98d5"/>
    </p0826-teimww:occursIn>
  </p0826-teimww:passage>
  <p0826-teimww:passage id="ww_b1168ff1872d2a11">
    <knoraXmlImport:label>passage</knoraXmlImport:label>
    <p0826-teimww:contains>
      <p0826-teimww:lexia knoraType="link_value" linkType="ref" target="ww_da2ab5d68ce5b240"/>
    </p0826-teimww:contains>
    <p0826-teimww:hasPage knoraType="richtext_value">2; prologue [normalized spelling].</p0826-teimww:hasPage>
    <p0826-teimww:hasPageHist knoraType="richtext_value">2; prologue.</p0826-teimww:hasPageHist>
    <p0826-teimww:hasText knoraType="richtext_value">[Juggler:] [...] I'll show you a trick of the twelves, and turn him over the thumbs with a trice. &lt;br&gt;
I'll make him &lt;span class="quote"&gt;fly swifter than meditation&lt;/span&gt;.&lt;br&gt;
I'll show you as many toys as there be minutes in a month, and as many tricks as there be motes in the sun.</p0826-teimww:hasText>
    <p0826-teimww:hasTextHist knoraType="richtext_value">[Iuggler:] [...] Ile shew you a tricke of the twelues, and turne him ouer the thumbes with a trice. &lt;br&gt;
Ile make him fly swifter then meditation.&lt;br&gt;
Ile shew you as many toies as there be minutes in a month, and as many trickes as there be motes in the sunne.</p0826-teimww:hasTextHist>
    <p0826-teimww:isMentionedIn>
      <p0826-teimww:passage knoraType="link_value" linkType="ref" target="ww_9690279d9bbe1c0d"/>
    </p0826-teimww:isMentionedIn>
    <p0826-teimww:occursIn>
      <p0826-teimww:book knoraType="link_value" linkType="ref" target="ww_3b149092050ca583"/>
    </p0826-teimww:occursIn>
    <p0826-teimww:wasContributedBy>
      <p0826-teimww:person knoraType="link_value" linkType="ref" target="ww_bff7390e4e734f4c"/>
    </p0826-teimww:wasContributedBy>
  </p0826-teimww:passage>
  <p0826-teimww:passage id="ww_e62be24628fdaa03">
    <knoraXmlImport:label>passage</knoraXmlImport:label>
    <p0826-teimww:contains>
      <p0826-teimww:lexia knoraType="link_value" linkType="ref" target="ww_b8eb86e0e6526fc7"/>
    </p0826-teimww:contains>
    <p0826-teimww:hasText knoraType="richtext_value">&lt;span class="quote"&gt;How a man may chuse a good wife from a bad. &lt;/span&gt;A pleasant conceited Comedie, Wherein is shewed &lt;span class="quote"&gt;how a man may chuse a good Wife from a bad.&lt;/span&gt;</p0826-teimww:hasText>
    <p0826-teimww:isMentionedIn>
      <p0826-teimww:passage knoraType="link_value" linkType="ref" target="ww_5bf6e3bc785c75e8"/>
    </p0826-teimww:isMentionedIn>
    <p0826-teimww:occursIn>
      <p0826-teimww:book knoraType="link_value" linkType="ref" target="ww_e862771dd315c342"/>
    </p0826-teimww:occursIn>
    <p0826-teimww:wasContributedBy>
      <p0826-teimww:person knoraType="link_value" linkType="ref" target="ww_c4063e9c72a3ffd2"/>
    </p0826-teimww:wasContributedBy>
  </p0826-teimww:passage>
  <p0826-teimww:passage id="ww_5bf6e3bc785c75e8">
    <knoraXmlImport:label>passage</knoraXmlImport:label>
    <p0826-teimww:occursIn>
      <p0826-teimww:book knoraType="link_value" linkType="ref" target="ww_c376526546624e12"/>
    </p0826-teimww:occursIn>
  </p0826-teimww:passage>
  <p0826-teimww:passage id="ww_230cfbd81c67057a">
    <knoraXmlImport:label>passage</knoraXmlImport:label>
    <p0826-teimww:contains>
      <p0826-teimww:lexia knoraType="link_value" linkType="ref" target="ww_f14c7f50b76b90d7"/>
    </p0826-teimww:contains>
    <p0826-teimww:hasPage knoraType="richtext_value">N.p. [normalized spelling].</p0826-teimww:hasPage>
    <p0826-teimww:hasPageHist knoraType="richtext_value">N.p.</p0826-teimww:hasPageHist>
    <p0826-teimww:hasText knoraType="richtext_value">[Northumberland:] Set forward then. (A dead march, and pass round the stage, and Guilford speaks).&lt;br&gt;
The Tower will be a place of ample state,&lt;br&gt;
Some lodgings in it, will like dead men's souls,&lt;br&gt;
Remember us of frailty.&lt;br&gt;
[Guilford:] We are led with pomp to prison,&lt;br&gt;
&lt;span class="quote"&gt;O prophetic soul.&lt;/span&gt;&lt;br&gt;
Lo we ascend into our chairs of State,&lt;br&gt;
Like funeral Coffins, in some funeral&lt;br&gt;
Pomp descending to their graves. But we must on.&lt;br&gt;
How can we fare well, to keep our Court:&lt;br&gt;
Where Prisoners keep their cave? </p0826-teimww:hasText>
    <p0826-teimww:hasTextHist knoraType="richtext_value">[Northumberland:] Set forward then. (A dead march, and passe round the stage, and Guilford speakes).&lt;br&gt;
The Towre will be a place of ample state,&lt;br&gt;
Some lodgings in it, will like dead mens souls,&lt;br&gt;
Remember vs of frailty.&lt;br&gt;
[Guilford:] We are led with pompe to prison,&lt;br&gt;
&lt;span class="quote"&gt;O propheticke soule.&lt;/span&gt;&lt;br&gt;
Lo we ascend into our chaires of State,&lt;br&gt;
Like funerall Coffins, in some funerall&lt;br&gt;
Pompe descending to their graues. But we must on.&lt;br&gt;
How can we fare well, to keep our Court:&lt;br&gt;
Where Prisoners keepe their caue? </p0826-teimww:hasTextHist>
    <p0826-teimww:isMentionedIn>
      <p0826-teimww:passage knoraType="link_value" linkType="ref" target="ww_38ebbb0a90971273"/>
    </p0826-teimww:isMentionedIn>
    <p0826-teimww:occursIn>
      <p0826-teimww:book knoraType="link_value" linkType="ref" target="ww_ae241404822b51fa"/>
    </p0826-teimww:occursIn>
    <p0826-teimww:wasContributedBy>
      <p0826-teimww:person knoraType="link_value" linkType="ref" target="ww_72ab59d77214a6f8"/>
    </p0826-teimww:wasContributedBy>
  </p0826-teimww:passage>
  <p0826-teimww:passage id="ww_38ebbb0a90971273">
    <knoraXmlImport:label>passage</knoraXmlImport:label>
    <p0826-teimww:occursIn>
      <p0826-teimww:book knoraType="link_value" linkType="ref" target="ww_91e0dc4c671938fa"/>
    </p0826-teimww:occursIn>
  </p0826-teimww:passage>
  <p0826-teimww:passage id="ww_fffcfd2dcf4eb775">
    <knoraXmlImport:label>passage</knoraXmlImport:label>
    <p0826-teimww:contains>
      <p0826-teimww:lexia knoraType="link_value" linkType="ref" target="ww_3d49b09c2afd6cd9"/>
    </p0826-teimww:contains>
    <p0826-teimww:hasPage knoraType="richtext_value">Act 5, scene 2, line 67.</p0826-teimww:hasPage>
    <p0826-teimww:hasText knoraType="richtext_value">[Troilus:] &lt;span class="quote"&gt;O beauty, where is thy faith?&lt;/span&gt;</p0826-teimww:hasText>
    <p0826-teimww:isMentionedIn>
      <p0826-teimww:passage knoraType="link_value" linkType="ref" target="ww_dcf3521a8a12a0e2"/>
    </p0826-teimww:isMentionedIn>
    <p0826-teimww:occursIn>
      <p0826-teimww:book knoraType="link_value" linkType="ref" target="ww_573381af1170e2c9"/>
    </p0826-teimww:occursIn>
    <p0826-teimww:wasContributedBy>
      <p0826-teimww:person knoraType="link_value" linkType="ref" target="ww_c4063e9c72a3ffd2"/>
    </p0826-teimww:wasContributedBy>
  </p0826-teimww:passage>
  <p0826-teimww:passage id="ww_dcf3521a8a12a0e2">
    <knoraXmlImport:label>passage</knoraXmlImport:label>
    <p0826-teimww:occursIn>
      <p0826-teimww:book knoraType="link_value" linkType="ref" target="ww_0b28ed19a0540e1d"/>
    </p0826-teimww:occursIn>
  </p0826-teimww:passage>
  <p0826-teimww:passage id="ww_c302b1bc6558d0e5">
    <knoraXmlImport:label>passage</knoraXmlImport:label>
    <p0826-teimww:contains>
      <p0826-teimww:lexia knoraType="link_value" linkType="ref" target="ww_f7c8b5ae81c23bc0"/>
    </p0826-teimww:contains>
    <p0826-teimww:hasPage knoraType="richtext_value">F2 recto.</p0826-teimww:hasPage>
    <p0826-teimww:hasText knoraType="richtext_value">[An axiom is a] Sentence, pronouncing a thing &lt;span class="quote"&gt;to be, or not to be.&lt;/span&gt;</p0826-teimww:hasText>
    <p0826-teimww:isMentionedIn>
      <p0826-teimww:passage knoraType="link_value" linkType="ref" target="ww_063af652b0d19dbe"/>
    </p0826-teimww:isMentionedIn>
    <p0826-teimww:occursIn>
      <p0826-teimww:book knoraType="link_value" linkType="ref" target="ww_9b5ce7eda160cdbb"/>
    </p0826-teimww:occursIn>
    <p0826-teimww:wasContributedBy>
      <p0826-teimww:person knoraType="link_value" linkType="ref" target="ww_c4063e9c72a3ffd2"/>
    </p0826-teimww:wasContributedBy>
  </p0826-teimww:passage>
  <p0826-teimww:passage id="ww_063af652b0d19dbe">
    <knoraXmlImport:label>passage</knoraXmlImport:label>
    <p0826-teimww:occursIn>
      <p0826-teimww:book knoraType="link_value" linkType="ref" target="ww_adfdbd7c6a7b7a62"/>
    </p0826-teimww:occursIn>
  </p0826-teimww:passage>
  <p0826-teimww:passage id="ww_146599b2649c6956">
    <knoraXmlImport:label>passage</knoraXmlImport:label>
    <p0826-teimww:contains>
      <p0826-teimww:lexia knoraType="link_value" linkType="ref" target="ww_d04536af89789a1f"/>
    </p0826-teimww:contains>
    <p0826-teimww:hasPage knoraType="richtext_value">37; lines 1074-1079 [spelling normalized].</p0826-teimww:hasPage>
    <p0826-teimww:hasPageHist knoraType="richtext_value">37; lines 1074-1079.</p0826-teimww:hasPageHist>
    <p0826-teimww:hasText knoraType="richtext_value">[Lelia:] Father did you send for me? &lt;br&gt;
[Gripe:] I wench I did, come hither Lelia, give me thy hand. &lt;br&gt;
Mr. Churms , I pray you bear witness, &lt;br&gt;
I here give Lelia to P. Ploddall. &lt;br&gt;
(She plucks away her hand.) &lt;br&gt;
How now? &lt;br&gt;
[Nurse:] &lt;span class="quote"&gt;She'll none she thanks you Sir.&lt;/span&gt; </p0826-teimww:hasText>
    <p0826-teimww:hasTextHist knoraType="richtext_value">[Lelia:] Father did you send for me? &lt;br&gt;
[Gripe:] I wench I did, come hither Lelia, giue mee thy hand. &lt;br&gt;
Mr. Churms , I pray you beare witnesse, &lt;br&gt;
I here giue Lelia to P. Ploddall . &lt;br&gt;
(She pluckes away hir hand.) &lt;br&gt;
How now? &lt;br&gt;
[Nurse:] Sheele none she thankes you Sir. </p0826-teimww:hasTextHist>
    <p0826-teimww:isMentionedIn>
      <p0826-teimww:passage knoraType="link_value" linkType="ref" target="ww_7727f5a62242dc22"/>
    </p0826-teimww:isMentionedIn>
    <p0826-teimww:occursIn>
      <p0826-teimww:book knoraType="link_value" linkType="ref" target="ww_3b149092050ca583"/>
    </p0826-teimww:occursIn>
    <p0826-teimww:wasContributedBy>
      <p0826-teimww:person knoraType="link_value" linkType="ref" target="ww_b604df587d93b768"/>
    </p0826-teimww:wasContributedBy>
  </p0826-teimww:passage>
  <p0826-teimww:passage id="ww_3aef25a2634c4913">
    <knoraXmlImport:label>passage</knoraXmlImport:label>
    <p0826-teimww:contains>
      <p0826-teimww:lexia knoraType="link_value" linkType="ref" target="ww_8db4479ceb2b6723"/>
    </p0826-teimww:contains>
    <p0826-teimww:hasPage knoraType="richtext_value">Act 2, scene 2, lines 120-125.</p0826-teimww:hasPage>
    <p0826-teimww:hasText knoraType="richtext_value">[Hector:] Now, youthful Troilus, do not these high strains&lt;br&gt;
Of divination in our sister work&lt;br&gt;
Some touches of remorse? Or is your blood&lt;br&gt;
So madly hot that no &lt;span class="quote"&gt;discourse of reason&lt;br&gt;&lt;/span&gt;
Nor fear of bad success in a bad cause&lt;br&gt;
Can qualify the same?</p0826-teimww:hasText>
    <p0826-teimww:isMentionedIn>
      <p0826-teimww:passage knoraType="link_value" linkType="ref" target="ww_d9273e1014aab0ae"/>
    </p0826-teimww:isMentionedIn>
    <p0826-teimww:occursIn>
      <p0826-teimww:book knoraType="link_value" linkType="ref" target="ww_573381af1170e2c9"/>
    </p0826-teimww:occursIn>
    <p0826-teimww:wasContributedBy>
      <p0826-teimww:person knoraType="link_value" linkType="ref" target="ww_c4063e9c72a3ffd2"/>
    </p0826-teimww:wasContributedBy>
  </p0826-teimww:passage>
  <p0826-teimww:passage id="ww_d9273e1014aab0ae">
    <knoraXmlImport:label>passage</knoraXmlImport:label>
    <p0826-teimww:occursIn>
      <p0826-teimww:book knoraType="link_value" linkType="ref" target="ww_b3931845d54b98d5"/>
    </p0826-teimww:occursIn>
  </p0826-teimww:passage>
  <p0826-teimww:passage id="ww_39f691962af4871b">
    <knoraXmlImport:label>passage</knoraXmlImport:label>
    <p0826-teimww:contains>
      <p0826-teimww:lexia knoraType="link_value" linkType="ref" target="ww_a0f2bb633c3675fe"/>
    </p0826-teimww:contains>
    <p0826-teimww:hasPage knoraType="richtext_value">Lines 1-2.</p0826-teimww:hasPage>
    <p0826-teimww:hasText knoraType="richtext_value">[...] when that &lt;span class="quote"&gt;fell arrest &lt;/span&gt;&lt;br&gt;
Without all bail shall carry me away [...].</p0826-teimww:hasText>
    <p0826-teimww:isMentionedIn>
      <p0826-teimww:passage knoraType="link_value" linkType="ref" target="ww_956392a63b14ded3"/>
    </p0826-teimww:isMentionedIn>
    <p0826-teimww:occursIn>
      <p0826-teimww:book knoraType="link_value" linkType="ref" target="ww_b39e765e82b19cd8"/>
    </p0826-teimww:occursIn>
    <p0826-teimww:wasContributedBy>
      <p0826-teimww:person knoraType="link_value" linkType="ref" target="ww_c4063e9c72a3ffd2"/>
    </p0826-teimww:wasContributedBy>
  </p0826-teimww:passage>
  <p0826-teimww:passage id="ww_956392a63b14ded3">
    <knoraXmlImport:label>passage</knoraXmlImport:label>
    <p0826-teimww:occursIn>
      <p0826-teimww:book knoraType="link_value" linkType="ref" target="ww_b3931845d54b98d5"/>
    </p0826-teimww:occursIn>
  </p0826-teimww:passage>
  <p0826-teimww:passage id="ww_42e4fbcb1db279d4">
    <knoraXmlImport:label>passage</knoraXmlImport:label>
    <p0826-teimww:contains>
      <p0826-teimww:lexia knoraType="link_value" linkType="ref" target="ww_45aee35d33cb9291"/>
    </p0826-teimww:contains>
    <p0826-teimww:hasPage knoraType="richtext_value">157 [normalized spelling].</p0826-teimww:hasPage>
    <p0826-teimww:hasPageHist knoraType="richtext_value">157.</p0826-teimww:hasPageHist>
    <p0826-teimww:hasText knoraType="richtext_value">[Aurelia:] Dri'd biscuit! &lt;span class="quote"&gt;look where the base wretch comes&lt;/span&gt;.</p0826-teimww:hasText>
    <p0826-teimww:hasTextHist knoraType="richtext_value">[Aurelia:] Dri'd bisquet! &lt;span class="quote"&gt;looke where the base wretch comes&lt;/span&gt;.</p0826-teimww:hasTextHist>
    <p0826-teimww:isMentionedIn>
      <p0826-teimww:passage knoraType="link_value" linkType="ref" target="ww_ab8f82708b6ffa48"/>
    </p0826-teimww:isMentionedIn>
    <p0826-teimww:occursIn>
      <p0826-teimww:book knoraType="link_value" linkType="ref" target="ww_7f949bbd8df542c3"/>
    </p0826-teimww:occursIn>
    <p0826-teimww:wasContributedBy>
      <p0826-teimww:person knoraType="link_value" linkType="ref" target="ww_c4063e9c72a3ffd2"/>
    </p0826-teimww:wasContributedBy>
  </p0826-teimww:passage>
  <p0826-teimww:passage id="ww_fd86b80de1745b02">
    <knoraXmlImport:label>passage</knoraXmlImport:label>
    <p0826-teimww:contains>
      <p0826-teimww:lexia knoraType="link_value" linkType="ref" target="ww_074e11827d537f2e"/>
    </p0826-teimww:contains>
    <p0826-teimww:hasPage knoraType="richtext_value">Act 3, scene 1, lines 16-20.</p0826-teimww:hasPage>
    <p0826-teimww:hasText knoraType="richtext_value">[Duke as Friar:] [...] Thy best of rest is &lt;span class="quote"&gt;sleep,&lt;br&gt;&lt;/span&gt;
And that thou oft provok'st, yet grossly fear'st&lt;br&gt;
Thy &lt;span class="quote"&gt;death, which is no more.&lt;/span&gt; </p0826-teimww:hasText>
    <p0826-teimww:isMentionedIn>
      <p0826-teimww:passage knoraType="link_value" linkType="ref" target="ww_e196090d55cd8190"/>
    </p0826-teimww:isMentionedIn>
    <p0826-teimww:occursIn>
      <p0826-teimww:book knoraType="link_value" linkType="ref" target="ww_aff3e1e0ec71023e"/>
    </p0826-teimww:occursIn>
    <p0826-teimww:wasContributedBy>
      <p0826-teimww:person knoraType="link_value" linkType="ref" target="ww_c4063e9c72a3ffd2"/>
    </p0826-teimww:wasContributedBy>
  </p0826-teimww:passage>
  <p0826-teimww:passage id="ww_e196090d55cd8190">
    <knoraXmlImport:label>passage</knoraXmlImport:label>
    <p0826-teimww:occursIn>
      <p0826-teimww:book knoraType="link_value" linkType="ref" target="ww_0dd5e309103973fb"/>
    </p0826-teimww:occursIn>
  </p0826-teimww:passage>
  <p0826-teimww:passage id="ww_76939257f351fc78">
    <knoraXmlImport:label>passage</knoraXmlImport:label>
    <p0826-teimww:contains>
      <p0826-teimww:lexia knoraType="link_value" linkType="ref" target="ww_cc23cf93cac98f67"/>
    </p0826-teimww:contains>
    <p0826-teimww:hasPage knoraType="richtext_value">174; act 3, scene 1, line 7 [spelling normalized].</p0826-teimww:hasPage>
    <p0826-teimww:hasPageHist knoraType="richtext_value">174; act 3, scene 1, line 7.</p0826-teimww:hasPageHist>
    <p0826-teimww:hasText knoraType="richtext_value">[Pietro:] &lt;span class="quote"&gt;Sad souls may well change place, but not change grief.</p0826-teimww:hasText>
    <p0826-teimww:hasTextHist knoraType="richtext_value">[Pietro:] &lt;span class="quote"&gt;Sad soules may well change place, but not change griefe.&lt;/&lt;span&gt;</p0826-teimww:hasTextHist>
    <p0826-teimww:isMentionedIn>
      <p0826-teimww:passage knoraType="link_value" linkType="ref" target="ww_294048c0782964af"/>
    </p0826-teimww:isMentionedIn>
    <p0826-teimww:occursIn>
      <p0826-teimww:book knoraType="link_value" linkType="ref" target="ww_7f949bbd8df542c3"/>
    </p0826-teimww:occursIn>
    <p0826-teimww:wasContributedBy>
      <p0826-teimww:person knoraType="link_value" linkType="ref" target="ww_8456d5c8ea728043"/>
    </p0826-teimww:wasContributedBy>
  </p0826-teimww:passage>
  <p0826-teimww:passage id="ww_294048c0782964af">
    <knoraXmlImport:label>passage</knoraXmlImport:label>
    <p0826-teimww:occursIn>
      <p0826-teimww:book knoraType="link_value" linkType="ref" target="ww_841e89ba43cd414c"/>
    </p0826-teimww:occursIn>
  </p0826-teimww:passage>
  <p0826-teimww:passage id="ww_24e2d5857598d97a">
    <knoraXmlImport:label>passage</knoraXmlImport:label>
    <p0826-teimww:contains>
      <p0826-teimww:lexia knoraType="link_value" linkType="ref" target="ww_cfe3cd378517bc26"/>
    </p0826-teimww:contains>
    <p0826-teimww:hasPage knoraType="richtext_value">Lines 13-14.</p0826-teimww:hasPage>
    <p0826-teimww:hasText knoraType="richtext_value">If this be error, and upon me proved &lt;br&gt;
I never writ, &lt;span class="quote"&gt;nor no man &lt;/span&gt;ever loved.</p0826-teimww:hasText>
    <p0826-teimww:isMentionedIn>
      <p0826-teimww:passage knoraType="link_value" linkType="ref" target="ww_3d71412c6f25571e"/>
    </p0826-teimww:isMentionedIn>
    <p0826-teimww:occursIn>
      <p0826-teimww:book knoraType="link_value" linkType="ref" target="ww_b39e765e82b19cd8"/>
    </p0826-teimww:occursIn>
    <p0826-teimww:wasContributedBy>
      <p0826-teimww:person knoraType="link_value" linkType="ref" target="ww_5fbb1eab1b30dfee"/>
    </p0826-teimww:wasContributedBy>
  </p0826-teimww:passage>
  <p0826-teimww:passage id="ww_3d71412c6f25571e">
    <knoraXmlImport:label>passage</knoraXmlImport:label>
    <p0826-teimww:occursIn>
      <p0826-teimww:book knoraType="link_value" linkType="ref" target="ww_b3931845d54b98d5"/>
    </p0826-teimww:occursIn>
  </p0826-teimww:passage>
  <p0826-teimww:passage id="ww_88c8c831d3fbfb49">
    <knoraXmlImport:label>passage</knoraXmlImport:label>
    <p0826-teimww:contains>
      <p0826-teimww:lexia knoraType="link_value" linkType="ref" target="ww_569f9c6b6b4a34ce"/>
    </p0826-teimww:contains>
    <p0826-teimww:hasPage knoraType="richtext_value">Act 1, scene 4, lines 61-62.</p0826-teimww:hasPage>
    <p0826-teimww:hasText knoraType="richtext_value">[Lucio:] [...] &lt;span class="quote"&gt;a man whose blood &lt;br&gt;
Is very snow-broth &lt;/span&gt;[...]
</p0826-teimww:hasText>
    <p0826-teimww:isMentionedIn>
      <p0826-teimww:passage knoraType="link_value" linkType="ref" target="ww_51911abddc52a81c"/>
    </p0826-teimww:isMentionedIn>
    <p0826-teimww:occursIn>
      <p0826-teimww:book knoraType="link_value" linkType="ref" target="ww_aff3e1e0ec71023e"/>
    </p0826-teimww:occursIn>
    <p0826-teimww:wasContributedBy>
      <p0826-teimww:person knoraType="link_value" linkType="ref" target="ww_7f35f6802efd910d"/>
    </p0826-teimww:wasContributedBy>
  </p0826-teimww:passage>
  <p0826-teimww:passage id="ww_51911abddc52a81c">
    <knoraXmlImport:label>passage</knoraXmlImport:label>
    <p0826-teimww:occursIn>
      <p0826-teimww:book knoraType="link_value" linkType="ref" target="ww_0f0f2ccb24fa3b96"/>
    </p0826-teimww:occursIn>
  </p0826-teimww:passage>
  <p0826-teimww:passage id="ww_2ff548f4bba6694c">
    <knoraXmlImport:label>passage</knoraXmlImport:label>
    <p0826-teimww:contains>
      <p0826-teimww:lexia knoraType="link_value" linkType="ref" target="ww_b96b4f2df70b9195"/>
    </p0826-teimww:contains>
    <p0826-teimww:hasPage knoraType="richtext_value">159 [spelling normalized].</p0826-teimww:hasPage>
    <p0826-teimww:hasPageHist knoraType="richtext_value">159.</p0826-teimww:hasPageHist>
    <p0826-teimww:hasText knoraType="richtext_value">[Mendoza:] [...] &lt;span class="quote"&gt;oiled hinges, &lt;/span&gt;and all the tongue-tied lascivious witness of great creatures' wantonness [...].</p0826-teimww:hasText>
    <p0826-teimww:hasTextHist knoraType="richtext_value">[Mendoza:] [...] &lt;span class="quote"&gt;oylde hinges, and all the tong-tide lascivious witness of great creatures wantonnesse &lt;/span&gt;[...].</p0826-teimww:hasTextHist>
    <p0826-teimww:isMentionedIn>
      <p0826-teimww:passage knoraType="link_value" linkType="ref" target="ww_d5af96e31e22c342"/>
    </p0826-teimww:isMentionedIn>
    <p0826-teimww:occursIn>
      <p0826-teimww:book knoraType="link_value" linkType="ref" target="ww_7f949bbd8df542c3"/>
    </p0826-teimww:occursIn>
    <p0826-teimww:wasContributedBy>
      <p0826-teimww:person knoraType="link_value" linkType="ref" target="ww_b604df587d93b768"/>
    </p0826-teimww:wasContributedBy>
  </p0826-teimww:passage>
  <p0826-teimww:passage id="ww_67a70bd066ce49ee">
    <knoraXmlImport:label>passage</knoraXmlImport:label>
    <p0826-teimww:contains>
      <p0826-teimww:lexia knoraType="link_value" linkType="ref" target="ww_de9b44a1c2738c61"/>
    </p0826-teimww:contains>
    <p0826-teimww:contains>
      <p0826-teimww:lexia knoraType="link_value" linkType="ref" target="ww_ff377956818fea7a"/>
    </p0826-teimww:contains>
    <p0826-teimww:contains>
      <p0826-teimww:lexia knoraType="link_value" linkType="ref" target="ww_7ad62028731d05da"/>
    </p0826-teimww:contains>
    <p0826-teimww:contains>
      <p0826-teimww:lexia knoraType="link_value" linkType="ref" target="ww_0778f6fd6c96ba41"/>
    </p0826-teimww:contains>
    <p0826-teimww:hasPage knoraType="richtext_value">181 [normalized spelling].</p0826-teimww:hasPage>
    <p0826-teimww:hasPageHist knoraType="richtext_value">181.</p0826-teimww:hasPageHist>
    <p0826-teimww:hasText knoraType="richtext_value">[Malevole:] Give place.
&lt;span class="quote"&gt;Illo, ho, ho, ho&lt;/span&gt;, &lt;span class="quote"&gt;art there&lt;/span&gt; old &lt;span class="quote"&gt;truepenny?&lt;/span&gt; (Exit Celso) Where hast thou spent thy self this morning? I see flattery in thine eyes, and damnation in thy soul. Ha thou huge rascal!&lt;br&gt;
[Mendoza:] Thou art very merry.&lt;br&gt;
[Malevole:] As a scholar futuens gratis: How doth the devil go with thee now? &lt;br&gt;
[Mendoza:] Malevole, &lt;span class="quote"&gt;thou art an arrant knave.&lt;/span&gt;&lt;br&gt;
[Malevole:] Who I, I have been a Sergeant man.</p0826-teimww:hasText>
    <p0826-teimww:hasTextHist knoraType="richtext_value">[Malevole:] Giue place.
&lt;span class="quote"&gt;Illo, ho, ho, ho, arte there olde true penny?&lt;/span&gt; (Exit Celso) Where hast thou spent thy selfe this morning? I see flattery in thine eies, and damnation in thy soule. Ha thou huge rascall!&lt;br&gt;
[Mendoza:] Thou art very merry.&lt;br&gt;
[Malevole:] As a scholler futuens gratis: How dooth the diuell goe with thee now? &lt;br&gt;
[Mendoza:] Maleuole, &lt;span class="quote"&gt;thou art an arrant knaue.&lt;/span&gt;&lt;br&gt;
[Malevole:] Who I, I haue beene a Sergeant man.</p0826-teimww:hasTextHist>
    <p0826-teimww:isMentionedIn>
      <p0826-teimww:passage knoraType="link_value" linkType="ref" target="ww_0312f15ca6600d0c"/>
    </p0826-teimww:isMentionedIn>
    <p0826-teimww:isMentionedIn>
      <p0826-teimww:passage knoraType="link_value" linkType="ref" target="ww_6a111fa4ed2cc32c"/>
    </p0826-teimww:isMentionedIn>
    <p0826-teimww:isMentionedIn>
      <p0826-teimww:passage knoraType="link_value" linkType="ref" target="ww_fdc0888dc242a299"/>
    </p0826-teimww:isMentionedIn>
    <p0826-teimww:occursIn>
      <p0826-teimww:book knoraType="link_value" linkType="ref" target="ww_7f949bbd8df542c3"/>
    </p0826-teimww:occursIn>
    <p0826-teimww:wasContributedBy>
      <p0826-teimww:person knoraType="link_value" linkType="ref" target="ww_c4063e9c72a3ffd2"/>
    </p0826-teimww:wasContributedBy>
  </p0826-teimww:passage>
  <p0826-teimww:passage id="ww_fdc0888dc242a299">
    <knoraXmlImport:label>passage</knoraXmlImport:label>
    <p0826-teimww:occursIn>
      <p0826-teimww:book knoraType="link_value" linkType="ref" target="ww_91e0dc4c671938fa"/>
    </p0826-teimww:occursIn>
  </p0826-teimww:passage>
  <p0826-teimww:passage id="ww_6a111fa4ed2cc32c">
    <knoraXmlImport:label>passage</knoraXmlImport:label>
    <p0826-teimww:occursIn>
      <p0826-teimww:book knoraType="link_value" linkType="ref" target="ww_5af91280461707f1"/>
    </p0826-teimww:occursIn>
  </p0826-teimww:passage>
  <p0826-teimww:passage id="ww_af8d2443948e56e0">
    <knoraXmlImport:label>passage</knoraXmlImport:label>
    <p0826-teimww:contains>
      <p0826-teimww:lexia knoraType="link_value" linkType="ref" target="ww_349497ac5c771b7f"/>
    </p0826-teimww:contains>
    <p0826-teimww:hasPage knoraType="richtext_value">154-155 [normalized spelling].</p0826-teimww:hasPage>
    <p0826-teimww:hasPageHist knoraType="richtext_value">154-155.</p0826-teimww:hasPageHist>
    <p0826-teimww:hasText knoraType="richtext_value">[Mendoza:] O! how full of ravishing attraction is your pretty, petulant, languishing, lasciviously-composed countenance these amorous smiles, those soul-warming sparkling glances, ardent as those flames that sing'd the world by heedless Phaeton; &lt;span class="quote"&gt;in body how delicate, in soul how witty, in discourse how pregnant, in life how wary, in favours how iuditious, in day how sociable, and in night how?&lt;/span&gt;</p0826-teimww:hasText>
    <p0826-teimww:hasTextHist knoraType="richtext_value">[Mendoza:] O! how full of rauishing attraction is your prettie, petulant, langushing, laciuiously-composed countenance these amorous smiles, those soule-warming sparkling glances, ardent as those flames that sing'd the world by heedelesse Phaeton; &lt;span class="quote"&gt;in body how delicate, in soule how wittie, in discourse how pregnant, in life how warie, in fauours how iuditious, in day how sociable, and in night how?&lt;/span&gt;</p0826-teimww:hasTextHist>
    <p0826-teimww:isMentionedIn>
      <p0826-teimww:passage knoraType="link_value" linkType="ref" target="ww_eaf2afa779aa3d90"/>
    </p0826-teimww:isMentionedIn>
    <p0826-teimww:occursIn>
      <p0826-teimww:book knoraType="link_value" linkType="ref" target="ww_7f949bbd8df542c3"/>
    </p0826-teimww:occursIn>
    <p0826-teimww:wasContributedBy>
      <p0826-teimww:person knoraType="link_value" linkType="ref" target="ww_bff7390e4e734f4c"/>
    </p0826-teimww:wasContributedBy>
  </p0826-teimww:passage>
  <p0826-teimww:passage id="ww_c28e73995a0b98a5">
    <knoraXmlImport:label>passage</knoraXmlImport:label>
    <p0826-teimww:contains>
      <p0826-teimww:lexia knoraType="link_value" linkType="ref" target="ww_e33e74db5b667e8c"/>
    </p0826-teimww:contains>
    <p0826-teimww:hasPage knoraType="richtext_value">Main text, lines 1-5 [normalized spelling].</p0826-teimww:hasPage>
    <p0826-teimww:hasPageHist knoraType="richtext_value">Main text, lines 1-5.</p0826-teimww:hasPageHist>
    <p0826-teimww:hasText knoraType="richtext_value">[Francis:] Some music there, none lead the Bride a dance? &lt;br&gt;

[Charles:] Yes, &lt;span class="quote"&gt;would she dance the shaking of the sheets&lt;/span&gt;? 
But that's the dance her Husband means to lead her? &lt;br&gt;

[Wendoll:] That's not the dance that every man must dance 
According to the Ballad.</p0826-teimww:hasText>
    <p0826-teimww:hasTextHist knoraType="richtext_value">[Francis:] Some musicke there, none lead the Bride a dance? &lt;br&gt;

[Charles:] Yes, would she dance the shaking of the sheetes? 
But thats the dance her Husband meanes to lead her? &lt;br&gt;

[Wendoll:] Thats not the dance that euery man must dance 
According to the Ballad.</p0826-teimww:hasTextHist>
    <p0826-teimww:isMentionedIn>
      <p0826-teimww:passage knoraType="link_value" linkType="ref" target="ww_0727ddbdd42b6c5c"/>
    </p0826-teimww:isMentionedIn>
    <p0826-teimww:occursIn>
      <p0826-teimww:book knoraType="link_value" linkType="ref" target="ww_b34835e3d62ac277"/>
    </p0826-teimww:occursIn>
    <p0826-teimww:wasContributedBy>
      <p0826-teimww:person knoraType="link_value" linkType="ref" target="ww_7f35f6802efd910d"/>
    </p0826-teimww:wasContributedBy>
  </p0826-teimww:passage>
  <p0826-teimww:passage id="ww_0727ddbdd42b6c5c">
    <knoraXmlImport:label>passage</knoraXmlImport:label>
    <p0826-teimww:occursIn>
      <p0826-teimww:book knoraType="link_value" linkType="ref" target="ww_3e15ab6c612eadae"/>
    </p0826-teimww:occursIn>
  </p0826-teimww:passage>
  <p0826-teimww:passage id="ww_a76e128fc84be19e">
    <knoraXmlImport:label>passage</knoraXmlImport:label>
    <p0826-teimww:contains>
      <p0826-teimww:lexia knoraType="link_value" linkType="ref" target="ww_28cd97c2a00390cb"/>
    </p0826-teimww:contains>
    <p0826-teimww:hasPage knoraType="richtext_value">E4 verso; section "Epistle to the Reader" [normalized spelling].</p0826-teimww:hasPage>
    <p0826-teimww:hasPageHist knoraType="richtext_value">E4 verso.</p0826-teimww:hasPageHist>
    <p0826-teimww:hasText knoraType="richtext_value">To quench his thirst:  &lt;br&gt;
Runs to his Ink-pot, drinks, then stops the hole, &lt;br&gt; 
And thus grows madder, then he was at first. &lt;br&gt;
Tasso, he finds, by that of &lt;span class="quote"&gt;Hamlet, thinks &lt;br&gt;
Terms him a mad-man &lt;/span&gt;that of his Inkhorn drinks. &lt;br&gt; 
Calls players fools, the fool he judgeth wisest, &lt;br&gt;
Will learn them Action out of &lt;i&gt;Chaucer's&lt;/i&gt; Pander. &lt;br&gt;</p0826-teimww:hasText>
    <p0826-teimww:hasTextHist knoraType="richtext_value">To quench his thirst:  &lt;br&gt;
Runs to his Inke-pot, drinkes, then stops the hole, &lt;br&gt; 
And thus growes madder, then he was at first. &lt;br&gt;
Tasso, he finds, by that of &lt;span class="quote"&gt;Hamlet, thinkes &lt;br&gt;
Tearmes him a mad-man &lt;/span&gt;that of his Inkhorne drinks. &lt;br&gt; 
Calls players fooles, the foole he judgeth wisest, &lt;br&gt;
Will learne them Action out of &lt;i&gt;Chaucer's&lt;/i&gt; Pander. &lt;br&gt;</p0826-teimww:hasTextHist>
    <p0826-teimww:isMentionedIn>
      <p0826-teimww:passage knoraType="link_value" linkType="ref" target="ww_8f8c642d5feb9bdd"/>
    </p0826-teimww:isMentionedIn>
    <p0826-teimww:isMentionedIn>
      <p0826-teimww:passage knoraType="link_value" linkType="ref" target="ww_a507f46bc3d2d94c"/>
    </p0826-teimww:isMentionedIn>
    <p0826-teimww:isMentionedIn>
      <p0826-teimww:passage knoraType="link_value" linkType="ref" target="ww_2e4706de6489e947"/>
    </p0826-teimww:isMentionedIn>
    <p0826-teimww:occursIn>
      <p0826-teimww:book knoraType="link_value" linkType="ref" target="ww_bc78559657a822d9"/>
    </p0826-teimww:occursIn>
    <p0826-teimww:wasContributedBy>
      <p0826-teimww:person knoraType="link_value" linkType="ref" target="ww_b98e7021b3193ae3"/>
    </p0826-teimww:wasContributedBy>
  </p0826-teimww:passage>
  <p0826-teimww:passage id="ww_a507f46bc3d2d94c">
    <knoraXmlImport:label>passage</knoraXmlImport:label>
    <p0826-teimww:occursIn>
      <p0826-teimww:book knoraType="link_value" linkType="ref" target="ww_2f65899f08b5bb71"/>
    </p0826-teimww:occursIn>
  </p0826-teimww:passage>
  <p0826-teimww:passage id="ww_2e4706de6489e947">
    <knoraXmlImport:label>passage</knoraXmlImport:label>
    <p0826-teimww:occursIn>
      <p0826-teimww:book knoraType="link_value" linkType="ref" target="ww_227cc36a19286ccd"/>
    </p0826-teimww:occursIn>
  </p0826-teimww:passage>
  <p0826-teimww:passage id="ww_8f8c642d5feb9bdd">
    <knoraXmlImport:label>passage</knoraXmlImport:label>
    <p0826-teimww:occursIn>
      <p0826-teimww:book knoraType="link_value" linkType="ref" target="ww_1140c36ab545b6d8"/>
    </p0826-teimww:occursIn>
  </p0826-teimww:passage>
  <p0826-teimww:passage id="ww_6642ade2adc4ccf5">
    <knoraXmlImport:label>passage</knoraXmlImport:label>
    <p0826-teimww:contains>
      <p0826-teimww:lexia knoraType="link_value" linkType="ref" target="ww_04e07b0c7fe58e54"/>
    </p0826-teimww:contains>
    <p0826-teimww:hasPage knoraType="richtext_value">4-5; act 1, scene 1 [spelling normalized].</p0826-teimww:hasPage>
    <p0826-teimww:hasPageHist knoraType="richtext_value">4-5; act 1, scene 1.</p0826-teimww:hasPageHist>
    <p0826-teimww:hasText knoraType="richtext_value">[Lorenzo:] &lt;span class="quote"&gt;Such a size of humanity now, and brain enough in it, it is not in the strength of a woman to withstand; well she may hold out a parley or two, for 'tis a weak fort that obeys at the first or second summons, if she resist the third she is discharg'd, though she yield in future: for then it appears it was no fault of hers: but the man that would take no denial. What rests now? means for access: True. O an honest Bawd were worth gold now.&lt;/spanA</p0826-teimww:hasText>
    <p0826-teimww:hasTextHist knoraType="richtext_value">[Lorenzo:] Such a size of humanity now, and braine enough in it, it is not in the strength of a woman to withstand; well shee may hold out a parlee or two, for 'tis a weake fort that obeyes at the first or second summons, if shee resist the third shee is discharg'd, though shee yeeld in future: for then it appeares it was no fault of hers: but the man that would take no deniall. What rests now? meanes for accesse: True. O an honest Baude were worth gold now.</p0826-teimww:hasTextHist>
    <p0826-teimww:isMentionedIn>
      <p0826-teimww:passage knoraType="link_value" linkType="ref" target="ww_0495a26e11a9902e"/>
    </p0826-teimww:isMentionedIn>
    <p0826-teimww:occursIn>
      <p0826-teimww:book knoraType="link_value" linkType="ref" target="ww_9878ac4728900ba4"/>
    </p0826-teimww:occursIn>
    <p0826-teimww:wasContributedBy>
      <p0826-teimww:person knoraType="link_value" linkType="ref" target="ww_b604df587d93b768"/>
    </p0826-teimww:wasContributedBy>
  </p0826-teimww:passage>
  <p0826-teimww:passage id="ww_0495a26e11a9902e">
    <knoraXmlImport:label>passage</knoraXmlImport:label>
    <p0826-teimww:occursIn>
      <p0826-teimww:book knoraType="link_value" linkType="ref" target="ww_df2b8c2f18df151a"/>
    </p0826-teimww:occursIn>
  </p0826-teimww:passage>
  <p0826-teimww:passage id="ww_b9d5de55ee9f6c04">
    <knoraXmlImport:label>passage</knoraXmlImport:label>
    <p0826-teimww:contains>
      <p0826-teimww:lexia knoraType="link_value" linkType="ref" target="ww_6aefb1e8c16e97a6"/>
    </p0826-teimww:contains>
    <p0826-teimww:hasText knoraType="richtext_value">&lt;span class="quote"&gt;The Honest Whore&lt;/span&gt;</p0826-teimww:hasText>
    <p0826-teimww:occursIn>
      <p0826-teimww:book knoraType="link_value" linkType="ref" target="ww_ad87a567c9aa933d"/>
    </p0826-teimww:occursIn>
    <p0826-teimww:wasContributedBy>
      <p0826-teimww:person knoraType="link_value" linkType="ref" target="ww_c4063e9c72a3ffd2"/>
    </p0826-teimww:wasContributedBy>
  </p0826-teimww:passage>
  <p0826-teimww:passage id="ww_fed5245b59d11815">
    <knoraXmlImport:label>passage</knoraXmlImport:label>
    <p0826-teimww:contains>
      <p0826-teimww:lexia knoraType="link_value" linkType="ref" target="ww_4c64336cbb097d4e"/>
    </p0826-teimww:contains>
    <p0826-teimww:hasPage knoraType="richtext_value">Act 3, scene 1, line 10.</p0826-teimww:hasPage>
    <p0826-teimww:hasText knoraType="richtext_value">[Musician:] &lt;span class="quote"&gt;Whereby hangs a tale, sir?&lt;/span&gt;</p0826-teimww:hasText>
    <p0826-teimww:isMentionedIn>
      <p0826-teimww:passage knoraType="link_value" linkType="ref" target="ww_dd77071844e048ce"/>
    </p0826-teimww:isMentionedIn>
    <p0826-teimww:occursIn>
      <p0826-teimww:book knoraType="link_value" linkType="ref" target="ww_9b67ca7f120fc425"/>
    </p0826-teimww:occursIn>
    <p0826-teimww:wasContributedBy>
      <p0826-teimww:person knoraType="link_value" linkType="ref" target="ww_b604df587d93b768"/>
    </p0826-teimww:wasContributedBy>
  </p0826-teimww:passage>
  <p0826-teimww:passage id="ww_dd77071844e048ce">
    <knoraXmlImport:label>passage</knoraXmlImport:label>
    <p0826-teimww:occursIn>
      <p0826-teimww:book knoraType="link_value" linkType="ref" target="ww_55bc1a3b04bf8a8d"/>
    </p0826-teimww:occursIn>
  </p0826-teimww:passage>
  <p0826-teimww:passage id="ww_50d25c9a937869be">
    <knoraXmlImport:label>passage</knoraXmlImport:label>
    <p0826-teimww:contains>
      <p0826-teimww:lexia knoraType="link_value" linkType="ref" target="ww_7bde91980d0c39f0"/>
    </p0826-teimww:contains>
    <p0826-teimww:hasPage knoraType="richtext_value">203.</p0826-teimww:hasPage>
    <p0826-teimww:hasPageHist knoraType="richtext_value">203.</p0826-teimww:hasPageHist>
    <p0826-teimww:hasText knoraType="richtext_value">[King Philip:] &lt;span class="quote"&gt;It likes us well&lt;/span&gt;, but royal Queen we want&lt;br&gt; 
One Lady at this high solemnity:&lt;br&gt; 
We have a Sister call'd Elixabeth,&lt;br&gt; 
Whose virtues and endowments of the mind&lt;br&gt; 
Hath fil'd the ears of Spain.</p0826-teimww:hasText>
    <p0826-teimww:hasTextHist knoraType="richtext_value">[King Philip:] &lt;span class="quote"&gt;It likes vs well&lt;/span&gt;, but royall Queene we want&lt;br&gt; 
One Ladie at this hye solemnitie:&lt;br&gt; 
We haue a Sister cal'd Elixabeth,&lt;br&gt; 
Whose vertues and endowments of the mind&lt;br&gt; 
Hath fil'd the eares of Spaine.</p0826-teimww:hasTextHist>
    <p0826-teimww:isMentionedIn>
      <p0826-teimww:passage knoraType="link_value" linkType="ref" target="ww_24b7bed30f1ee2e1"/>
    </p0826-teimww:isMentionedIn>
    <p0826-teimww:occursIn>
      <p0826-teimww:book knoraType="link_value" linkType="ref" target="ww_c06d85b9feeb268d"/>
    </p0826-teimww:occursIn>
    <p0826-teimww:wasContributedBy>
      <p0826-teimww:person knoraType="link_value" linkType="ref" target="ww_bff7390e4e734f4c"/>
    </p0826-teimww:wasContributedBy>
  </p0826-teimww:passage>
  <p0826-teimww:passage id="ww_24b7bed30f1ee2e1">
    <knoraXmlImport:label>passage</knoraXmlImport:label>
    <p0826-teimww:occursIn>
      <p0826-teimww:book knoraType="link_value" linkType="ref" target="ww_3e15ab6c612eadae"/>
    </p0826-teimww:occursIn>
  </p0826-teimww:passage>
  <p0826-teimww:passage id="ww_4be517debbf89aec">
    <knoraXmlImport:label>passage</knoraXmlImport:label>
    <p0826-teimww:contains>
      <p0826-teimww:lexia knoraType="link_value" linkType="ref" target="ww_04f933af64981244"/>
    </p0826-teimww:contains>
    <p0826-teimww:hasPage knoraType="richtext_value">B recto-B verso [normalized spelling].</p0826-teimww:hasPage>
    <p0826-teimww:hasPageHist knoraType="richtext_value">B recto-B verso.</p0826-teimww:hasPageHist>
    <p0826-teimww:hasText knoraType="richtext_value">He fell in love with another, A wedded Lady: Then with a fourth [...]. And so far was he imparadized in her beauty (she not recomforting him) that &lt;span class="quote"&gt;he fell from Love to passion, so to distraction, then to admiration, &amp; contemplation: lately, to madness&lt;/span&gt; [...].</p0826-teimww:hasText>
    <p0826-teimww:hasTextHist knoraType="richtext_value">He fell in loue with another, A wedded Ladie: Then with a fourth [...]. And so farre was he imparadized in her beautie (she not recomforting him) that &lt;span class="quote"&gt;he fell from Loue to passion, so to distraction, then to admiration, &amp; contemplation: lately, to madnes&lt;/span&gt; [...].</p0826-teimww:hasTextHist>
    <p0826-teimww:isMentionedIn>
      <p0826-teimww:passage knoraType="link_value" linkType="ref" target="ww_f7f8863f11bb167d"/>
    </p0826-teimww:isMentionedIn>
    <p0826-teimww:occursIn>
      <p0826-teimww:book knoraType="link_value" linkType="ref" target="ww_bc78559657a822d9"/>
    </p0826-teimww:occursIn>
    <p0826-teimww:wasContributedBy>
      <p0826-teimww:person knoraType="link_value" linkType="ref" target="ww_c4063e9c72a3ffd2"/>
    </p0826-teimww:wasContributedBy>
  </p0826-teimww:passage>
  <p0826-teimww:passage id="ww_f7f8863f11bb167d">
    <knoraXmlImport:label>passage</knoraXmlImport:label>
    <p0826-teimww:occursIn>
      <p0826-teimww:book knoraType="link_value" linkType="ref" target="ww_227cc36a19286ccd"/>
    </p0826-teimww:occursIn>
  </p0826-teimww:passage>
  <p0826-teimww:passage id="ww_dfa8f1bd90844253">
    <knoraXmlImport:label>passage</knoraXmlImport:label>
    <p0826-teimww:contains>
      <p0826-teimww:lexia knoraType="link_value" linkType="ref" target="ww_9bb48235a4df7743"/>
    </p0826-teimww:contains>
    <p0826-teimww:hasPage knoraType="richtext_value">Act 1, scene 3, lines 221-228.</p0826-teimww:hasPage>
    <p0826-teimww:hasText knoraType="richtext_value">[Brabantio:]  I had rather to adopt a child than get it.&lt;br&gt;
Come hither, Moor. &lt;br&gt;
I here do give thee that with all my heart &lt;br&gt;
Which, but thou hast already, with all my heart &lt;br&gt;
I would keep from thee. - For your sake, jewel,&lt;br&gt;
&lt;span class="quote"&gt;I am glad at soul I have no other child, &lt;br&gt;&lt;/span&gt;
For thy escape would teach me tyranny, &lt;br&gt;
To hang clogs on them.</p0826-teimww:hasText>
    <p0826-teimww:occursIn>
      <p0826-teimww:book knoraType="link_value" linkType="ref" target="ww_9b67ca7f120fc425"/>
    </p0826-teimww:occursIn>
    <p0826-teimww:wasContributedBy>
      <p0826-teimww:person knoraType="link_value" linkType="ref" target="ww_c4063e9c72a3ffd2"/>
    </p0826-teimww:wasContributedBy>
  </p0826-teimww:passage>
  <p0826-teimww:passage id="ww_97a352c55ce15c88">
    <knoraXmlImport:label>passage</knoraXmlImport:label>
    <p0826-teimww:contains>
      <p0826-teimww:lexia knoraType="link_value" linkType="ref" target="ww_d422eb972d8dcec5"/>
    </p0826-teimww:contains>
    <p0826-teimww:hasPage knoraType="richtext_value">142 [normalized spelling].</p0826-teimww:hasPage>
    <p0826-teimww:hasPageHist knoraType="richtext_value">142.</p0826-teimww:hasPageHist>
    <p0826-teimww:hasText knoraType="richtext_value">[Henry Condell:] &lt;span class="quote"&gt;I beseech you sir be covered.&lt;br&gt;&lt;/span&gt;
[Sly:] &lt;span class="quote"&gt;No in good faith for mine ease, &lt;/span&gt;look you my hat's the handle to this fan [...].</p0826-teimww:hasText>
    <p0826-teimww:hasTextHist knoraType="richtext_value">[H. Cundale:] &lt;span class="quote"&gt;I beseech you sir be coverd.&lt;br&gt;&lt;/span&gt;
[Sly:] &lt;span class="quote"&gt;No in good faith for mine ease, &lt;/span&gt;looke you my hat's the handle to this fanne [...].</p0826-teimww:hasTextHist>
    <p0826-teimww:occursIn>
      <p0826-teimww:book knoraType="link_value" linkType="ref" target="ww_a35a3cb321dd9184"/>
    </p0826-teimww:occursIn>
    <p0826-teimww:wasContributedBy>
      <p0826-teimww:person knoraType="link_value" linkType="ref" target="ww_c4063e9c72a3ffd2"/>
    </p0826-teimww:wasContributedBy>
  </p0826-teimww:passage>
  <p0826-teimww:passage id="ww_87e4e25ba1c275f9">
    <knoraXmlImport:label>passage</knoraXmlImport:label>
    <p0826-teimww:contains>
      <p0826-teimww:lexia knoraType="link_value" linkType="ref" target="ww_569f9c6b6b4a34ce"/>
    </p0826-teimww:contains>
    <p0826-teimww:hasPage knoraType="richtext_value">83 [normalized spelling].</p0826-teimww:hasPage>
    <p0826-teimww:hasPageHist knoraType="richtext_value">83.</p0826-teimww:hasPageHist>
    <p0826-teimww:hasText knoraType="richtext_value">[Malheureux:]&lt;span class="quote"&gt; I, a man of snow&lt;/span&gt; &lt;br&gt;
Now shame forsake me whether am I fallen!</p0826-teimww:hasText>
    <p0826-teimww:hasTextHist knoraType="richtext_value">[Malheureux:] I, a man of Snowe &lt;br&gt;
Now shame forsake me whether am I fallen!</p0826-teimww:hasTextHist>
    <p0826-teimww:isMentionedIn>
      <p0826-teimww:passage knoraType="link_value" linkType="ref" target="ww_51911abddc52a81c"/>
    </p0826-teimww:isMentionedIn>
    <p0826-teimww:occursIn>
      <p0826-teimww:book knoraType="link_value" linkType="ref" target="ww_75ea66b2f428cc3e"/>
    </p0826-teimww:occursIn>
    <p0826-teimww:wasContributedBy>
      <p0826-teimww:person knoraType="link_value" linkType="ref" target="ww_7f35f6802efd910d"/>
    </p0826-teimww:wasContributedBy>
  </p0826-teimww:passage>
  <p0826-teimww:passage id="ww_125a79c63160f239">
    <knoraXmlImport:label>passage</knoraXmlImport:label>
    <p0826-teimww:contains>
      <p0826-teimww:lexia knoraType="link_value" linkType="ref" target="ww_78be9be0e92495cf"/>
    </p0826-teimww:contains>
    <p0826-teimww:hasPage knoraType="richtext_value">91-92.</p0826-teimww:hasPage>
    <p0826-teimww:hasText knoraType="richtext_value">[Franceschina:] I do not love Freevill. &lt;br&gt;
[Malheureux:] But what vow, what vow?&lt;br&gt;
[Franceschina:] So long as Freevill lives, I must not love.&lt;br&gt;
[Malheureux:] &lt;span class="quote"&gt;Then he –&lt;/span&gt;&lt;br&gt;
[Franceschina:] &lt;span class="quote"&gt;Must -&lt;/span&gt;&lt;br&gt;
[Malheureux:] &lt;span class="quote"&gt;Die! &lt;/span&gt;&lt;br&gt;
[Franceschina:] Ay. - No, there is no such vehemence in your affects.</p0826-teimww:hasText>
    <p0826-teimww:isMentionedIn>
      <p0826-teimww:passage knoraType="link_value" linkType="ref" target="ww_9c27af33bbb81f35"/>
    </p0826-teimww:isMentionedIn>
    <p0826-teimww:occursIn>
      <p0826-teimww:book knoraType="link_value" linkType="ref" target="ww_75ea66b2f428cc3e"/>
    </p0826-teimww:occursIn>
    <p0826-teimww:wasContributedBy>
      <p0826-teimww:person knoraType="link_value" linkType="ref" target="ww_7f35f6802efd910d"/>
    </p0826-teimww:wasContributedBy>
  </p0826-teimww:passage>
  <p0826-teimww:passage id="ww_2bd2cb5a3df32563">
    <knoraXmlImport:label>passage</knoraXmlImport:label>
    <p0826-teimww:contains>
      <p0826-teimww:lexia knoraType="link_value" linkType="ref" target="ww_4b6f79c4aa5ec4ed"/>
    </p0826-teimww:contains>
    <p0826-teimww:hasPage knoraType="richtext_value">22; act 2, scene 2, lines 174-175 [normalized spelling].</p0826-teimww:hasPage>
    <p0826-teimww:hasPageHist knoraType="richtext_value">22; act 2, scene 2, lines 174-175.</p0826-teimww:hasPageHist>
    <p0826-teimww:hasText knoraType="richtext_value">[Æmilia:] O Sir, you men have not devices with&lt;span class="quote"&gt; ladders of ropes&lt;/span&gt; to scale such walls at your pleasure, and abuse us poor wenches.</p0826-teimww:hasText>
    <p0826-teimww:hasTextHist knoraType="richtext_value">Æm.: O Sir, you men haue not deuices with ladders of ropes to scale such walles at your pleasure, and abuse vs poore wenches</p0826-teimww:hasTextHist>
    <p0826-teimww:isMentionedIn>
      <p0826-teimww:passage knoraType="link_value" linkType="ref" target="ww_cbc07f40664ea9c3"/>
    </p0826-teimww:isMentionedIn>
    <p0826-teimww:occursIn>
      <p0826-teimww:book knoraType="link_value" linkType="ref" target="ww_9878ac4728900ba4"/>
    </p0826-teimww:occursIn>
    <p0826-teimww:wasContributedBy>
      <p0826-teimww:person knoraType="link_value" linkType="ref" target="ww_7f35f6802efd910d"/>
    </p0826-teimww:wasContributedBy>
  </p0826-teimww:passage>
  <p0826-teimww:passage id="ww_cbc07f40664ea9c3">
    <knoraXmlImport:label>passage</knoraXmlImport:label>
    <p0826-teimww:occursIn>
      <p0826-teimww:book knoraType="link_value" linkType="ref" target="ww_e38a56a7efbf9723"/>
    </p0826-teimww:occursIn>
  </p0826-teimww:passage>
  <p0826-teimww:passage id="ww_765656dcf0fff870">
    <knoraXmlImport:label>passage</knoraXmlImport:label>
    <p0826-teimww:contains>
      <p0826-teimww:lexia knoraType="link_value" linkType="ref" target="ww_8903b192e4a0a31d"/>
    </p0826-teimww:contains>
    <p0826-teimww:hasPage knoraType="richtext_value">361; act 3, scene 5, lines 1-4.</p0826-teimww:hasPage>
    <p0826-teimww:hasText knoraType="richtext_value">[Rerrage:] Andrew Lethe is well whipped in't, his name stands in &lt;span class="quote"&gt;a white sheet here, and does penance for him&lt;/span&gt;.</p0826-teimww:hasText>
    <p0826-teimww:occursIn>
      <p0826-teimww:book knoraType="link_value" linkType="ref" target="ww_e438bc643f05e9c6"/>
    </p0826-teimww:occursIn>
    <p0826-teimww:wasContributedBy>
      <p0826-teimww:person knoraType="link_value" linkType="ref" target="ww_7f35f6802efd910d"/>
    </p0826-teimww:wasContributedBy>
  </p0826-teimww:passage>
  <p0826-teimww:passage id="ww_9a49c5371310bc56">
    <knoraXmlImport:label>passage</knoraXmlImport:label>
    <p0826-teimww:contains>
      <p0826-teimww:lexia knoraType="link_value" linkType="ref" target="ww_e33e74db5b667e8c"/>
    </p0826-teimww:contains>
    <p0826-teimww:hasPage knoraType="richtext_value">N.p.; act 5, line 299.</p0826-teimww:hasPage>
    <p0826-teimww:hasText knoraType="richtext_value">[Gozlin:] Consort with a pox? Cannot the &lt;span class="quote"&gt;shaking of the sheets be danc'd &lt;/span&gt;without your Town piping? </p0826-teimww:hasText>
    <p0826-teimww:occursIn>
      <p0826-teimww:book knoraType="link_value" linkType="ref" target="ww_ad7af8eb91622840"/>
    </p0826-teimww:occursIn>
    <p0826-teimww:wasContributedBy>
      <p0826-teimww:person knoraType="link_value" linkType="ref" target="ww_7f35f6802efd910d"/>
    </p0826-teimww:wasContributedBy>
  </p0826-teimww:passage>
  <p0826-teimww:passage id="ww_9a8b9e9b0f28a928">
    <knoraXmlImport:label>passage</knoraXmlImport:label>
    <p0826-teimww:contains>
      <p0826-teimww:lexia knoraType="link_value" linkType="ref" target="ww_0ca9c52af1be09c1"/>
    </p0826-teimww:contains>
    <p0826-teimww:hasPage knoraType="richtext_value">Act 4, scene 2, lines 342-346.</p0826-teimww:hasPage>
    <p0826-teimww:hasText knoraType="richtext_value">[Lodovico:] O thou Othello, that wert once so good, &lt;br&gt;
Fall’n in the practice of a damnèd slave, &lt;br&gt;
What shall be said to thee? &lt;br&gt;
[Othello:] Why, anything.
&lt;span class="quote"&gt;An honorable murderer, &lt;/span&gt;if you will […].</p0826-teimww:hasText>
    <p0826-teimww:isMentionedIn>
      <p0826-teimww:passage knoraType="link_value" linkType="ref" target="ww_ce23c76c0531885b"/>
    </p0826-teimww:isMentionedIn>
    <p0826-teimww:occursIn>
      <p0826-teimww:book knoraType="link_value" linkType="ref" target="ww_9b67ca7f120fc425"/>
    </p0826-teimww:occursIn>
    <p0826-teimww:wasContributedBy>
      <p0826-teimww:person knoraType="link_value" linkType="ref" target="ww_7f35f6802efd910d"/>
    </p0826-teimww:wasContributedBy>
  </p0826-teimww:passage>
  <p0826-teimww:passage id="ww_ce23c76c0531885b">
    <knoraXmlImport:label>passage</knoraXmlImport:label>
    <p0826-teimww:occursIn>
      <p0826-teimww:book knoraType="link_value" linkType="ref" target="ww_5868d5560bdfc062"/>
    </p0826-teimww:occursIn>
  </p0826-teimww:passage>
  <p0826-teimww:passage id="ww_75b37cc363564b9a">
    <knoraXmlImport:label>passage</knoraXmlImport:label>
    <p0826-teimww:contains>
      <p0826-teimww:lexia knoraType="link_value" linkType="ref" target="ww_fbe548ea6015d5b9"/>
    </p0826-teimww:contains>
    <p0826-teimww:hasPage knoraType="richtext_value">Act 5, scene 1, lines 13-15.</p0826-teimww:hasPage>
    <p0826-teimww:hasText knoraType="richtext_value">[Iago:] &lt;span class="quote"&gt;Now, whether he kill Cassio,&lt;br&gt;
Or Cassio him, or each do kill the other,&lt;br&gt;
Every way makes my gain.&lt;/span&gt;</p0826-teimww:hasText>
    <p0826-teimww:isMentionedIn>
      <p0826-teimww:passage knoraType="link_value" linkType="ref" target="ww_ce23c76c0531885b"/>
    </p0826-teimww:isMentionedIn>
    <p0826-teimww:occursIn>
      <p0826-teimww:book knoraType="link_value" linkType="ref" target="ww_9b67ca7f120fc425"/>
    </p0826-teimww:occursIn>
    <p0826-teimww:wasContributedBy>
      <p0826-teimww:person knoraType="link_value" linkType="ref" target="ww_7f35f6802efd910d"/>
    </p0826-teimww:wasContributedBy>
  </p0826-teimww:passage>
  <p0826-teimww:passage id="ww_43245f8a62f3baab">
    <knoraXmlImport:label>passage</knoraXmlImport:label>
    <p0826-teimww:contains>
      <p0826-teimww:lexia knoraType="link_value" linkType="ref" target="ww_9d59f97572bedbec"/>
    </p0826-teimww:contains>
    <p0826-teimww:contains>
      <p0826-teimww:lexia knoraType="link_value" linkType="ref" target="ww_88076bbdfa4084d2"/>
    </p0826-teimww:contains>
    <p0826-teimww:hasPage knoraType="richtext_value">Act 3, scene 3, lines 407-409.</p0826-teimww:hasPage>
    <p0826-teimww:hasText knoraType="richtext_value">[Othello:] And O you mortal engines, &lt;span class="quote"&gt;whose rude throats&lt;br&gt;
Th' immortal Jove’s dread clamors counterfeit,&lt;/span&gt;&lt;br&gt;
Farewell!</p0826-teimww:hasText>
    <p0826-teimww:isMentionedIn>
      <p0826-teimww:passage knoraType="link_value" linkType="ref" target="ww_ce23c76c0531885b"/>
    </p0826-teimww:isMentionedIn>
    <p0826-teimww:occursIn>
      <p0826-teimww:book knoraType="link_value" linkType="ref" target="ww_9b67ca7f120fc425"/>
    </p0826-teimww:occursIn>
    <p0826-teimww:wasContributedBy>
      <p0826-teimww:person knoraType="link_value" linkType="ref" target="ww_7f35f6802efd910d"/>
    </p0826-teimww:wasContributedBy>
  </p0826-teimww:passage>
  <p0826-teimww:passage id="ww_222d39787bda2116">
    <knoraXmlImport:label>passage</knoraXmlImport:label>
    <p0826-teimww:contains>
      <p0826-teimww:lexia knoraType="link_value" linkType="ref" target="ww_fa4a8a82226e8711"/>
    </p0826-teimww:contains>
    <p0826-teimww:hasPage knoraType="richtext_value">Act 1, scene 1, line 100.</p0826-teimww:hasPage>
    <p0826-teimww:hasText knoraType="richtext_value">[Iago:] [...] &lt;span class="quote"&gt;Or else the devil will make a grandsire of you.&lt;/span&gt;</p0826-teimww:hasText>
    <p0826-teimww:isMentionedIn>
      <p0826-teimww:passage knoraType="link_value" linkType="ref" target="ww_ce23c76c0531885b"/>
    </p0826-teimww:isMentionedIn>
    <p0826-teimww:occursIn>
      <p0826-teimww:book knoraType="link_value" linkType="ref" target="ww_9b67ca7f120fc425"/>
    </p0826-teimww:occursIn>
    <p0826-teimww:wasContributedBy>
      <p0826-teimww:person knoraType="link_value" linkType="ref" target="ww_7f35f6802efd910d"/>
    </p0826-teimww:wasContributedBy>
  </p0826-teimww:passage>
  <p0826-teimww:passage id="ww_3e56fbbce54ab522">
    <knoraXmlImport:label>passage</knoraXmlImport:label>
    <p0826-teimww:contains>
      <p0826-teimww:lexia knoraType="link_value" linkType="ref" target="ww_d97cf7a082b53e7d"/>
    </p0826-teimww:contains>
    <p0826-teimww:hasPage knoraType="richtext_value">Act 2, scene 3, lines 168-171.</p0826-teimww:hasPage>
    <p0826-teimww:hasText knoraType="richtext_value">[Iago:] Help, masters! - Here's a goodly watch indeed!&lt;span class="quote"&gt; (A bell is rung)&lt;br&gt;
Who's that which rings the bell&lt;/span&gt;?  Diablo, ho! &lt;br&gt;
The town will rise. God's will, lieutenant, hold! &lt;br&gt;
You will be shamed forever.</p0826-teimww:hasText>
    <p0826-teimww:isMentionedIn>
      <p0826-teimww:passage knoraType="link_value" linkType="ref" target="ww_ce23c76c0531885b"/>
    </p0826-teimww:isMentionedIn>
    <p0826-teimww:occursIn>
      <p0826-teimww:book knoraType="link_value" linkType="ref" target="ww_9b67ca7f120fc425"/>
    </p0826-teimww:occursIn>
    <p0826-teimww:wasContributedBy>
      <p0826-teimww:person knoraType="link_value" linkType="ref" target="ww_7f35f6802efd910d"/>
    </p0826-teimww:wasContributedBy>
  </p0826-teimww:passage>
  <p0826-teimww:passage id="ww_e5ec0599fda10406">
    <knoraXmlImport:label>passage</knoraXmlImport:label>
    <p0826-teimww:contains>
      <p0826-teimww:lexia knoraType="link_value" linkType="ref" target="ww_9c92af2f65e72011"/>
    </p0826-teimww:contains>
    <p0826-teimww:hasPage knoraType="richtext_value">400; act 4, scene 2.</p0826-teimww:hasPage>
    <p0826-teimww:hasPageHist knoraType="richtext_value">N.p.; act 4.</p0826-teimww:hasPageHist>
    <p0826-teimww:hasText knoraType="richtext_value">[Lucre:] [...] &lt;span class="quote"&gt;here's none but friends &lt;/span&gt;[...].</p0826-teimww:hasText>
    <p0826-teimww:hasTextHist knoraType="richtext_value">[Lucre:] [...] &lt;span class="quote"&gt;here's none but friends &lt;/span&gt;[...].</p0826-teimww:hasTextHist>
    <p0826-teimww:isMentionedIn>
      <p0826-teimww:passage knoraType="link_value" linkType="ref" target="ww_8cf5c6b8194f9ac8"/>
    </p0826-teimww:isMentionedIn>
    <p0826-teimww:occursIn>
      <p0826-teimww:book knoraType="link_value" linkType="ref" target="ww_c8d3132c49ef7e45"/>
    </p0826-teimww:occursIn>
    <p0826-teimww:wasContributedBy>
      <p0826-teimww:person knoraType="link_value" linkType="ref" target="ww_b604df587d93b768"/>
    </p0826-teimww:wasContributedBy>
  </p0826-teimww:passage>
  <p0826-teimww:passage id="ww_8cf5c6b8194f9ac8">
    <knoraXmlImport:label>passage</knoraXmlImport:label>
    <p0826-teimww:occursIn>
      <p0826-teimww:book knoraType="link_value" linkType="ref" target="ww_df2b8c2f18df151a"/>
    </p0826-teimww:occursIn>
  </p0826-teimww:passage>
  <p0826-teimww:passage id="ww_9578c7f5fec1ba03">
    <knoraXmlImport:label>passage</knoraXmlImport:label>
    <p0826-teimww:contains>
      <p0826-teimww:lexia knoraType="link_value" linkType="ref" target="ww_d88e84d29ad38024"/>
    </p0826-teimww:contains>
    <p0826-teimww:hasPage knoraType="richtext_value">666; act 5, scene 1, lines 41-44.</p0826-teimww:hasPage>
    <p0826-teimww:hasText knoraType="richtext_value">[Nuntio:] She told her that her death was too too good,&lt;br&gt;
And that already &lt;span class="quote"&gt;she had lived too long.&lt;br&gt;&lt;/span&gt;
She said she shamed to have a part in blood&lt;br&gt;
Of her that did the princely Herod wrong. </p0826-teimww:hasText>
    <p0826-teimww:occursIn>
      <p0826-teimww:book knoraType="link_value" linkType="ref" target="ww_d4412fbd862e35de"/>
    </p0826-teimww:occursIn>
    <p0826-teimww:wasContributedBy>
      <p0826-teimww:person knoraType="link_value" linkType="ref" target="ww_c4063e9c72a3ffd2"/>
    </p0826-teimww:wasContributedBy>
  </p0826-teimww:passage>
  <p0826-teimww:passage id="ww_88617a778b3d28ef">
    <knoraXmlImport:label>passage</knoraXmlImport:label>
    <p0826-teimww:contains>
      <p0826-teimww:lexia knoraType="link_value" linkType="ref" target="ww_9b5ed7ccfe5d90aa"/>
    </p0826-teimww:contains>
    <p0826-teimww:hasPage knoraType="richtext_value">28 [normalized spelling].</p0826-teimww:hasPage>
    <p0826-teimww:hasPageHist knoraType="richtext_value">28.</p0826-teimww:hasPageHist>
    <p0826-teimww:hasText knoraType="richtext_value">[Asdrubal:] Through rotten'st dung best plants both sprout and live &lt;span class="quote"&gt;by blood vines grow.&lt;/span&gt;</p0826-teimww:hasText>
    <p0826-teimww:hasTextHist knoraType="richtext_value">[Asdrubal:] Through rottenst dung best plants both sprout and live by blood vines grow.</p0826-teimww:hasTextHist>
    <p0826-teimww:isMentionedIn>
      <p0826-teimww:passage knoraType="link_value" linkType="ref" target="ww_6fa60ba69ddaaf25"/>
    </p0826-teimww:isMentionedIn>
    <p0826-teimww:occursIn>
      <p0826-teimww:book knoraType="link_value" linkType="ref" target="ww_aba8d90916ae3714"/>
    </p0826-teimww:occursIn>
    <p0826-teimww:wasContributedBy>
      <p0826-teimww:person knoraType="link_value" linkType="ref" target="ww_7f35f6802efd910d"/>
    </p0826-teimww:wasContributedBy>
  </p0826-teimww:passage>
  <p0826-teimww:passage id="ww_6fa60ba69ddaaf25">
    <knoraXmlImport:label>passage</knoraXmlImport:label>
    <p0826-teimww:occursIn>
      <p0826-teimww:book knoraType="link_value" linkType="ref" target="ww_0f0f2ccb24fa3b96"/>
    </p0826-teimww:occursIn>
  </p0826-teimww:passage>
  <p0826-teimww:passage id="ww_03624a7ebb407da9">
    <knoraXmlImport:label>passage</knoraXmlImport:label>
    <p0826-teimww:contains>
      <p0826-teimww:lexia knoraType="link_value" linkType="ref" target="ww_3747c4ee4e4cbbc7"/>
    </p0826-teimww:contains>
    <p0826-teimww:hasPage knoraType="richtext_value">147-148; act 1, scene 1 [spelling normalized].</p0826-teimww:hasPage>
    <p0826-teimww:hasPageHist knoraType="richtext_value">147-148; act 1, scene 1.</p0826-teimww:hasPageHist>
    <p0826-teimww:hasText knoraType="richtext_value">[Renaldo:] [...] &lt;span class="quote"&gt;My Prince and brother, let my blood and love&lt;br&gt;
challenge the freedom of one question&lt;/span&gt; [...]. &lt;br&gt;
[Ferrara explains why he wants to leave] &lt;br&gt;
[Renaldo:] &lt;span class="quote"&gt;I commend all to your wisdom, and yours to the wisest. &lt;br&gt;&lt;/span&gt;
[...] (exit).&lt;br&gt;
[Hercules, disguised Duke Ferrara:] &lt;span class="quote"&gt;And now thou Ceremonious sovereignty &lt;br&gt;
Ye proud severer statefull Complements &lt;br&gt;
The secret arts of &lt;i&gt;Rule&lt;/i&gt;, I put you off &lt;/span&gt;[...].</p0826-teimww:hasText>
    <p0826-teimww:hasTextHist knoraType="richtext_value">[Renaldo:] [...] let my blood and love / challenge the freedome of one question [...]. &lt;br&gt;
&lt;span class="annotation"&gt;[Ferrara explains why he wants to leave] &lt;br&gt;&lt;/span&gt;
[Renaldo:] I commend all to your wisedome, and yours to the wisest. 
[...] (exit)&lt;br&gt;
[Hercules, disguised Duke Ferrara:] [...] And now thou Ceremonious soverainty &lt;br&gt;
Ye proud severer statefull Complements &lt;br&gt;
The secret artes of &lt;i&gt;Rule&lt;/i&gt;, I put you off [...].</p0826-teimww:hasTextHist>
    <p0826-teimww:isMentionedIn>
      <p0826-teimww:passage knoraType="link_value" linkType="ref" target="ww_b8231dae511c6d61"/>
    </p0826-teimww:isMentionedIn>
    <p0826-teimww:occursIn>
      <p0826-teimww:book knoraType="link_value" linkType="ref" target="ww_d77664dc4673002e"/>
    </p0826-teimww:occursIn>
    <p0826-teimww:wasContributedBy>
      <p0826-teimww:person knoraType="link_value" linkType="ref" target="ww_b604df587d93b768"/>
    </p0826-teimww:wasContributedBy>
  </p0826-teimww:passage>
  <p0826-teimww:passage id="ww_e41a69b2978ea56a">
    <knoraXmlImport:label>passage</knoraXmlImport:label>
    <p0826-teimww:contains>
      <p0826-teimww:lexia knoraType="link_value" linkType="ref" target="ww_cece142e2a1229a0"/>
    </p0826-teimww:contains>
    <p0826-teimww:hasPage knoraType="richtext_value">171; act 2, scene 1 [spelling normalized].</p0826-teimww:hasPage>
    <p0826-teimww:hasPageHist knoraType="richtext_value">171; act 2, scene 1 [spelling normalized].</p0826-teimww:hasPageHist>
    <p0826-teimww:hasText knoraType="richtext_value">[Zuccone:] Nay, I will embrace, nay I will embrace a Jakes-farmer after eleven o' clock at night, I will stand bare, and give wall to a Bellows-mender, pawn my Lordship, sell my foot-cloth, but I will be revenged, &lt;span class="quote"&gt;does she think she has married an Ass? &lt;br&gt;&lt;/span&gt;
[Hercules:] &lt;span class="quote"&gt;A Fool? &lt;br&gt;&lt;/span&gt;
[Zuccone:] &lt;span class="quote"&gt;A Coxcomb? &lt;br&gt;&lt;/span&gt;
[Hercules:] &lt;span class="quote"&gt;A Ninnyhammer? &lt;br&gt;&lt;/span&gt;
[Zuccone:]&lt;span class="quote"&gt; A Woodcock? &lt;br&gt;&lt;/span&gt;
[Hercules:] &lt;span class="quote"&gt;A Calf? &lt;br&gt;&lt;/span&gt;
[Zuccone:]&lt;span class="quote"&gt; No, she shall find that I ha' eyes. &lt;br&gt;&lt;/span&gt;
[Hercules:] &lt;span class="quote"&gt;And brain. &lt;br&gt;&lt;/span&gt;
[Zuccone:] &lt;span class="quote"&gt;And nose. &lt;br&gt;&lt;/span&gt;
[Hercules:] &lt;span class="quote"&gt;And Forehead.&lt;/span&gt;</p0826-teimww:hasText>
    <p0826-teimww:hasTextHist knoraType="richtext_value">[Zuccone:] Nay, I will embrace, nay I will embrace a Jakes-farmer after eleuen a clocke at night, I will stand bare, and giue wall to a Bellowes-mender, pawne my Lordship, sell my foot-cloth, but I will be reveng'd, do's she thinke she has married an Asse? &lt;br&gt;
[Hercules:] A Foole? &lt;br&gt;
[Zuccone:] A Coxecombe? &lt;br&gt;
[Hercules:] A Ninny-hammer? &lt;br&gt;
[Zuccone:] A Woodcocke? &lt;br&gt;
[Hercules:] A Calfe? &lt;br&gt;
[Zuccone:] No, she shall finde that I ha eyes. &lt;br&gt;
[Hercules:] And braine. &lt;br&gt;
[Zuccone:] And nose. &lt;br&gt;
[Hercules:] And Fore-head.</p0826-teimww:hasTextHist>
    <p0826-teimww:isMentionedIn>
      <p0826-teimww:passage knoraType="link_value" linkType="ref" target="ww_b9b9176051ba809b"/>
    </p0826-teimww:isMentionedIn>
    <p0826-teimww:occursIn>
      <p0826-teimww:book knoraType="link_value" linkType="ref" target="ww_d77664dc4673002e"/>
    </p0826-teimww:occursIn>
    <p0826-teimww:wasContributedBy>
      <p0826-teimww:person knoraType="link_value" linkType="ref" target="ww_b604df587d93b768"/>
    </p0826-teimww:wasContributedBy>
  </p0826-teimww:passage>
  <p0826-teimww:passage id="ww_1a7caaa77e32bc24">
    <knoraXmlImport:label>passage</knoraXmlImport:label>
    <p0826-teimww:contains>
      <p0826-teimww:lexia knoraType="link_value" linkType="ref" target="ww_f69171a9edf96fab"/>
    </p0826-teimww:contains>
    <p0826-teimww:hasPage knoraType="richtext_value">37 [normalized spelling].</p0826-teimww:hasPage>
    <p0826-teimww:hasText knoraType="richtext_value">[Sophonisba:] It is but sleepy Opium he hath drunk [...] &lt;br&gt;
[&lt;I&gt;They lay Vangue in Syphax bed and draw the curtains&lt;/I&gt;] &lt;br&gt;
&lt;span class="quote"&gt;There lie Syphax bride, a naked man is soon undressed; &lt;br&gt;
There bide dishonoured passion.&lt;/span&gt;</p0826-teimww:hasText>
    <p0826-teimww:isMentionedIn>
      <p0826-teimww:passage knoraType="link_value" linkType="ref" target="ww_ce3185a0955d79f0"/>
    </p0826-teimww:isMentionedIn>
    <p0826-teimww:occursIn>
      <p0826-teimww:book knoraType="link_value" linkType="ref" target="ww_aba8d90916ae3714"/>
    </p0826-teimww:occursIn>
    <p0826-teimww:wasContributedBy>
      <p0826-teimww:person knoraType="link_value" linkType="ref" target="ww_7f35f6802efd910d"/>
    </p0826-teimww:wasContributedBy>
  </p0826-teimww:passage>
  <p0826-teimww:passage id="ww_ce3185a0955d79f0">
    <knoraXmlImport:label>passage</knoraXmlImport:label>
    <p0826-teimww:occursIn>
      <p0826-teimww:book knoraType="link_value" linkType="ref" target="ww_0f0f2ccb24fa3b96"/>
    </p0826-teimww:occursIn>
  </p0826-teimww:passage>
  <p0826-teimww:passage id="ww_74c5e04712579166">
    <knoraXmlImport:label>passage</knoraXmlImport:label>
    <p0826-teimww:contains>
      <p0826-teimww:lexia knoraType="link_value" linkType="ref" target="ww_b96b4f2df70b9195"/>
    </p0826-teimww:contains>
    <p0826-teimww:contains>
      <p0826-teimww:lexia knoraType="link_value" linkType="ref" target="ww_21ab30489e287ffa"/>
    </p0826-teimww:contains>
    <p0826-teimww:hasPage knoraType="richtext_value">220 [normalized spelling].</p0826-teimww:hasPage>
    <p0826-teimww:hasText knoraType="richtext_value">[Zoya:] Well, upon your apparent repentance, that all modest spectators may witness, I have for a short time only thus feignedly hated you, that you might ever after truely love me, upon these cautions I reaccept you: first you shall vow. &lt;br&gt;
[Zuccone:] I do vow, as heaven bless me, I will do. &lt;br&gt;
[Zoya:] What? &lt;br&gt;
[Zuccone:] Whate'er it be, say on I beseech you. &lt;br&gt;
[Zoya:] You shall vow. &lt;br&gt;
[Zuccone:] Yes. &lt;br&gt;
[Zoya:] That you shall never. &lt;br&gt;
[Zuccone:] &lt;span class="quote"&gt;Never&lt;/span&gt;. &lt;br&gt;
[Zoya:] Feign love to my waiting woman or chamber maid. &lt;br&gt;
[Zuccone:] No. &lt;br&gt;
[Zoya:] Never promise them such a farm to their marriage. &lt;br&gt;
[Zuccone:] No. &lt;br&gt;
[Zoya:] If she'll discover but whom I affect. &lt;br&gt;
[Zuccone:] &lt;span class="quote"&gt;Never&lt;/span&gt;.
[Zoya:] Or if they know none that they'll but take a false oath; I do, only to be rid of me. &lt;br&gt;
[Zuccone:] I swear I will not, I will not only not counterfeit love your women, but I will truely hate them an't be possible, so far from maintaining them that I will beggar them, I will never pick their trunks for letters, search their pockets, ruffle their bosoms, or tear their foul smocks never, never. &lt;br&gt;
[Zoya:] That if I chance to have a humour to be in a mask, you shall not grow Jealous. &lt;br&gt;
[Zuccone:] &lt;span class="quote"&gt;Never&lt;/span&gt;. &lt;br&gt;
[Zoya:] Or grudge at the expense. &lt;br&gt;
[Zuccone:] Never, I will eat mine own arms first. &lt;br&gt;
[Zoya:] That you shall not, search if my chamber &lt;span class="quote"&gt;door hinges be oiled to avoid creaking&lt;/span&gt;. &lt;br&gt;
[Zuccone:] As I am a sensible creature- &lt;br&gt;
[Zoya:] Nor ever suspect the reason why my bed-chamber floor is double matted. &lt;br&gt;
[Zuccone:] Not as I have blood in me.</p0826-teimww:hasText>
    <p0826-teimww:isMentionedIn>
      <p0826-teimww:passage knoraType="link_value" linkType="ref" target="ww_5debd0a7bd44620b"/>
    </p0826-teimww:isMentionedIn>
    <p0826-teimww:occursIn>
      <p0826-teimww:book knoraType="link_value" linkType="ref" target="ww_d77664dc4673002e"/>
    </p0826-teimww:occursIn>
    <p0826-teimww:wasContributedBy>
      <p0826-teimww:person knoraType="link_value" linkType="ref" target="ww_b604df587d93b768"/>
    </p0826-teimww:wasContributedBy>
  </p0826-teimww:passage>
  <p0826-teimww:passage id="ww_fecfdb5aeae54681">
    <knoraXmlImport:label>passage</knoraXmlImport:label>
    <p0826-teimww:contains>
      <p0826-teimww:lexia knoraType="link_value" linkType="ref" target="ww_c909b93763ceae4b"/>
    </p0826-teimww:contains>
    <p0826-teimww:contains>
      <p0826-teimww:lexia knoraType="link_value" linkType="ref" target="ww_48c80745eadb5da4"/>
    </p0826-teimww:contains>
    <p0826-teimww:hasPage knoraType="richtext_value">A3 verso [normalized spelling].</p0826-teimww:hasPage>
    <p0826-teimww:hasPageHist knoraType="richtext_value">A3 verso.</p0826-teimww:hasPageHist>
    <p0826-teimww:hasText knoraType="richtext_value">&lt;span class="quote"&gt;Who would endure the mocks and scorns of the world &lt;/span&gt;[...] unless they hoped, that after the vessel of their bodies were seasoned in the womb of the earth, they should arrive at &lt;span class="quote"&gt;that blessed undiscovered country, &lt;/span&gt;where is no mediocrity of joy, no end of pleasure.</p0826-teimww:hasText>
    <p0826-teimww:hasTextHist knoraType="richtext_value">&lt;span class="quote"&gt;VVho would endure the mockes and scornes of the world &lt;/span&gt;[...] vnlesse they hoped, that after the vessel of theyr bodies were seasoned in the wombe of the earth, they should arriue at &lt;span class="quote"&gt;that blessed vndiscovered country, &lt;/span&gt;where is no mediocritie of ioy, no end of pleasure.</p0826-teimww:hasTextHist>
    <p0826-teimww:isMentionedIn>
      <p0826-teimww:passage knoraType="link_value" linkType="ref" target="ww_03f89e33d9b338a1"/>
    </p0826-teimww:isMentionedIn>
    <p0826-teimww:occursIn>
      <p0826-teimww:book knoraType="link_value" linkType="ref" target="ww_256a0b26f23e3730"/>
    </p0826-teimww:occursIn>
    <p0826-teimww:wasContributedBy>
      <p0826-teimww:person knoraType="link_value" linkType="ref" target="ww_c4063e9c72a3ffd2"/>
    </p0826-teimww:wasContributedBy>
  </p0826-teimww:passage>
  <p0826-teimww:passage id="ww_03f89e33d9b338a1">
    <knoraXmlImport:label>passage</knoraXmlImport:label>
    <p0826-teimww:occursIn>
      <p0826-teimww:book knoraType="link_value" linkType="ref" target="ww_91e0dc4c671938fa"/>
    </p0826-teimww:occursIn>
  </p0826-teimww:passage>
  <p0826-teimww:passage id="ww_e063fc1cf2b97e99">
    <knoraXmlImport:label>passage</knoraXmlImport:label>
    <p0826-teimww:contains>
      <p0826-teimww:lexia knoraType="link_value" linkType="ref" target="ww_9d2c957529a1ba7c"/>
    </p0826-teimww:contains>
    <p0826-teimww:hasPage knoraType="richtext_value">164 [normalized spellling].</p0826-teimww:hasPage>
    <p0826-teimww:hasPageHist knoraType="richtext_value">164.</p0826-teimww:hasPageHist>
    <p0826-teimww:hasText knoraType="richtext_value">[Hercules, Duke of Ferrara:] &lt;span class="quote"&gt;Plots ha you laid? Inductions, dangerous.&lt;/span&gt;</p0826-teimww:hasText>
    <p0826-teimww:hasTextHist knoraType="richtext_value">[Hercules, Duke of Ferrara:] &lt;span class="quote"&gt;Plots ha you laid? Inductions, dangerous.&lt;/span&gt;</p0826-teimww:hasTextHist>
    <p0826-teimww:isMentionedIn>
      <p0826-teimww:passage knoraType="link_value" linkType="ref" target="ww_23925f268289122a"/>
    </p0826-teimww:isMentionedIn>
    <p0826-teimww:occursIn>
      <p0826-teimww:book knoraType="link_value" linkType="ref" target="ww_d77664dc4673002e"/>
    </p0826-teimww:occursIn>
    <p0826-teimww:wasContributedBy>
      <p0826-teimww:person knoraType="link_value" linkType="ref" target="ww_c4063e9c72a3ffd2"/>
    </p0826-teimww:wasContributedBy>
  </p0826-teimww:passage>
  <p0826-teimww:passage id="ww_23925f268289122a">
    <knoraXmlImport:label>passage</knoraXmlImport:label>
    <p0826-teimww:occursIn>
      <p0826-teimww:book knoraType="link_value" linkType="ref" target="ww_1140c36ab545b6d8"/>
    </p0826-teimww:occursIn>
  </p0826-teimww:passage>
  <p0826-teimww:passage id="ww_34160cf32cfdbf0a">
    <knoraXmlImport:label>passage</knoraXmlImport:label>
    <p0826-teimww:contains>
      <p0826-teimww:lexia knoraType="link_value" linkType="ref" target="ww_82142fba632e09f0"/>
    </p0826-teimww:contains>
    <p0826-teimww:hasText knoraType="richtext_value">&lt;span class="quote"&gt;(Orlando in disguise enters the service of his daughters in order to preserve them from shame and scandal)&lt;/span&gt;</p0826-teimww:hasText>
    <p0826-teimww:isMentionedIn>
      <p0826-teimww:passage knoraType="link_value" linkType="ref" target="ww_5312ef9296e4a29c"/>
    </p0826-teimww:isMentionedIn>
    <p0826-teimww:occursIn>
      <p0826-teimww:book knoraType="link_value" linkType="ref" target="ww_cc822907a2bf276a"/>
    </p0826-teimww:occursIn>
    <p0826-teimww:wasContributedBy>
      <p0826-teimww:person knoraType="link_value" linkType="ref" target="ww_c4063e9c72a3ffd2"/>
    </p0826-teimww:wasContributedBy>
  </p0826-teimww:passage>
  <p0826-teimww:passage id="ww_d5399555ada2510a">
    <knoraXmlImport:label>passage</knoraXmlImport:label>
    <p0826-teimww:contains>
      <p0826-teimww:lexia knoraType="link_value" linkType="ref" target="ww_074cbf437719aa35"/>
    </p0826-teimww:contains>
    <p0826-teimww:hasPage knoraType="richtext_value">413; act 1, scene 1, lines 68-71 [normalized spelling].</p0826-teimww:hasPage>
    <p0826-teimww:hasPageHist knoraType="richtext_value">act 1, scene 1, lines.</p0826-teimww:hasPageHist>
    <p0826-teimww:hasText knoraType="richtext_value">[Maybery:] Of what rank was she I beseech you.&lt;br&gt;
[Featherstone:] Upon your promise of secrecy.&lt;br&gt;
[Bellamont:] You shall close it up like treasure of your own, and &lt;span class="quote"&gt;yourself shall keep the key of it&lt;/span&gt;.</p0826-teimww:hasText>
    <p0826-teimww:hasTextHist knoraType="richtext_value">[Maybery:] Of what ranck was she I beseech you.&lt;br&gt;
[Fetherstone:] Vpon your promise of secresie.&lt;br&gt;
[Bellamont:] You shall close it vp like treasure of your owne, and &lt;span class="quote"&gt;your selfe shall keepe the key of it&lt;/span&gt;.</p0826-teimww:hasTextHist>
    <p0826-teimww:isMentionedIn>
      <p0826-teimww:passage knoraType="link_value" linkType="ref" target="ww_a5b04683af1f466e"/>
    </p0826-teimww:isMentionedIn>
    <p0826-teimww:isMentionedIn>
      <p0826-teimww:passage knoraType="link_value" linkType="ref" target="ww_fce664183a20c9b6"/>
    </p0826-teimww:isMentionedIn>
    <p0826-teimww:occursIn>
      <p0826-teimww:book knoraType="link_value" linkType="ref" target="ww_2f9b1b0a9d86ff6d"/>
    </p0826-teimww:occursIn>
    <p0826-teimww:wasContributedBy>
      <p0826-teimww:person knoraType="link_value" linkType="ref" target="ww_bff7390e4e734f4c"/>
    </p0826-teimww:wasContributedBy>
  </p0826-teimww:passage>
  <p0826-teimww:passage id="ww_a5b04683af1f466e">
    <knoraXmlImport:label>passage</knoraXmlImport:label>
    <p0826-teimww:occursIn>
      <p0826-teimww:book knoraType="link_value" linkType="ref" target="ww_1140c36ab545b6d8"/>
    </p0826-teimww:occursIn>
  </p0826-teimww:passage>
  <p0826-teimww:passage id="ww_fce664183a20c9b6">
    <knoraXmlImport:label>passage</knoraXmlImport:label>
    <p0826-teimww:occursIn>
      <p0826-teimww:book knoraType="link_value" linkType="ref" target="ww_2f65899f08b5bb71"/>
    </p0826-teimww:occursIn>
  </p0826-teimww:passage>
  <p0826-teimww:passage id="ww_835d0fbda9aa3718">
    <knoraXmlImport:label>passage</knoraXmlImport:label>
    <p0826-teimww:contains>
      <p0826-teimww:lexia knoraType="link_value" linkType="ref" target="ww_3577c84e6f14ef57"/>
    </p0826-teimww:contains>
    <p0826-teimww:hasPage knoraType="richtext_value">Act 4, scene 4, lines 1-6.</p0826-teimww:hasPage>
    <p0826-teimww:hasText knoraType="richtext_value">[Cordelia:] Alack, 'tis he! Why, he was met even now&lt;br&gt;
As mad as the vexed sea, singing aloud,&lt;br&gt;
Crowned with rank fumiter and furrow-weeds,&lt;br&gt;
With hardocks, hemlock, nettles, cuckooflowers,&lt;br&gt;
Darnel, and &lt;span class="quote"&gt;all the idle weeds &lt;/span&gt;that grow	&lt;br&gt;
In our sustaining corn. </p0826-teimww:hasText>
    <p0826-teimww:isMentionedIn>
      <p0826-teimww:passage knoraType="link_value" linkType="ref" target="ww_8437ffb156f95d23"/>
    </p0826-teimww:isMentionedIn>
    <p0826-teimww:isMentionedIn>
      <p0826-teimww:passage knoraType="link_value" linkType="ref" target="ww_5768955e24e10dfd"/>
    </p0826-teimww:isMentionedIn>
    <p0826-teimww:occursIn>
      <p0826-teimww:book knoraType="link_value" linkType="ref" target="ww_a9ac3afc4eca7d49"/>
    </p0826-teimww:occursIn>
    <p0826-teimww:wasContributedBy>
      <p0826-teimww:person knoraType="link_value" linkType="ref" target="ww_5fbb1eab1b30dfee"/>
    </p0826-teimww:wasContributedBy>
  </p0826-teimww:passage>
  <p0826-teimww:passage id="ww_5768955e24e10dfd">
    <knoraXmlImport:label>passage</knoraXmlImport:label>
    <p0826-teimww:occursIn>
      <p0826-teimww:book knoraType="link_value" linkType="ref" target="ww_b3931845d54b98d5"/>
    </p0826-teimww:occursIn>
  </p0826-teimww:passage>
  <p0826-teimww:passage id="ww_176abc649cdcff52">
    <knoraXmlImport:label>passage</knoraXmlImport:label>
    <p0826-teimww:contains>
      <p0826-teimww:lexia knoraType="link_value" linkType="ref" target="ww_dc8e7b4b12d62262"/>
    </p0826-teimww:contains>
    <p0826-teimww:hasText knoraType="richtext_value">&lt;span class="quote"&gt;Dialogue between Hamlet and the ghost&lt;/span&gt;</p0826-teimww:hasText>
    <p0826-teimww:isMentionedIn>
      <p0826-teimww:passage knoraType="link_value" linkType="ref" target="ww_33af4fdd9df8d772"/>
    </p0826-teimww:isMentionedIn>
    <p0826-teimww:occursIn>
      <p0826-teimww:book knoraType="link_value" linkType="ref" target="ww_7c3febaec4e5aacf"/>
    </p0826-teimww:occursIn>
    <p0826-teimww:wasContributedBy>
      <p0826-teimww:person knoraType="link_value" linkType="ref" target="ww_c4063e9c72a3ffd2"/>
    </p0826-teimww:wasContributedBy>
  </p0826-teimww:passage>
  <p0826-teimww:passage id="ww_33af4fdd9df8d772">
    <knoraXmlImport:label>passage</knoraXmlImport:label>
    <p0826-teimww:occursIn>
      <p0826-teimww:book knoraType="link_value" linkType="ref" target="ww_1140c36ab545b6d8"/>
    </p0826-teimww:occursIn>
  </p0826-teimww:passage>
  <p0826-teimww:passage id="ww_06db4f7526e0c64a">
    <knoraXmlImport:label>passage</knoraXmlImport:label>
    <p0826-teimww:contains>
      <p0826-teimww:lexia knoraType="link_value" linkType="ref" target="ww_e5e6565e136d278c"/>
    </p0826-teimww:contains>
    <p0826-teimww:hasPage knoraType="richtext_value">act 1, scene 1.</p0826-teimww:hasPage>
    <p0826-teimww:hasPageHist knoraType="richtext_value">N.p.; act 1, scene 1.</p0826-teimww:hasPageHist>
    <p0826-teimww:hasText knoraType="richtext_value">[Duchess:] Was't ever known stepduchess was so mild&lt;br&gt;
And calm as I? Some now would plot his death, &lt;br&gt;
With easy doctors, those loose-living men, &lt;br&gt;
And make His withered Grace fall to his grave&lt;br&gt;
And keep church better.&lt;br&gt;
Some second wife would do this, and dispatch &lt;br&gt;
Her double loathèd lord at meat and sleep.&lt;br&gt;
&lt;span class="quote"&gt;Indeed, 'tis true an old man's twice a childe,&lt;/span&gt; &lt;br&gt;
Mine cannot speak; one of his single words, &lt;br&gt;
Would quite have freed my youngest dearest son&lt;br&gt;
From death or durance, and have made him walk&lt;br&gt;
With a bold foote vpon the thorny law,&lt;br&gt;
Whose prickles should bow under him, but 'tis not, &lt;br&gt;
And therefore wedlock faith shall be forgot, &lt;br&gt;
I'll kill him in his forehead, hate there feed, &lt;br&gt;
That wound is deepest though it neuer bleed.</p0826-teimww:hasText>
    <p0826-teimww:hasTextHist knoraType="richtext_value">[Dutchesse:] Wast euer knowne step-Dutchesse was so milde, &lt;br&gt;
And calme as I? some now would plot his death, &lt;br&gt;
With easie Doctors, those loose liuing men, &lt;br&gt;
And make his witherd Grace fall to his Graue, &lt;br&gt;
And keepe Church better? &lt;br&gt;
Some second wife would do this, and dispatch &lt;br&gt;
Her double loathd Lord at meate and sleepe, &lt;br&gt;
&lt;span class="quote"&gt;Indeed 'tis true an old mans twice a childe,&lt;/span&gt; &lt;br&gt;
Mine cannot speake, one of his single words, &lt;br&gt;
Would quite haue freed my yongest deerest sonne &lt;br&gt;
From death or durance, and haue made him walke &lt;br&gt;
With a bold foote vpon the thornie law, &lt;br&gt;
Whose Prickles should bow vnder him, but 'tis not, &lt;br&gt;
And therefore wedlock faith shall be forgot, &lt;br&gt;
Ile kill him in his fore-head, hate there feede, &lt;br&gt;
That wound is deepest tho it neuer bleed [...].</p0826-teimww:hasTextHist>
    <p0826-teimww:isMentionedIn>
      <p0826-teimww:passage knoraType="link_value" linkType="ref" target="ww_2183b92024b4ab38"/>
    </p0826-teimww:isMentionedIn>
    <p0826-teimww:occursIn>
      <p0826-teimww:book knoraType="link_value" linkType="ref" target="ww_c63e16da2763dd6d"/>
    </p0826-teimww:occursIn>
    <p0826-teimww:wasContributedBy>
      <p0826-teimww:person knoraType="link_value" linkType="ref" target="ww_b05ab3db9fd9054a"/>
    </p0826-teimww:wasContributedBy>
  </p0826-teimww:passage>
  <p0826-teimww:passage id="ww_2183b92024b4ab38">
    <knoraXmlImport:label>passage</knoraXmlImport:label>
    <p0826-teimww:occursIn>
      <p0826-teimww:book knoraType="link_value" linkType="ref" target="ww_3e15ab6c612eadae"/>
    </p0826-teimww:occursIn>
  </p0826-teimww:passage>
  <p0826-teimww:passage id="ww_be7e4f882b1afbc5">
    <knoraXmlImport:label>passage</knoraXmlImport:label>
    <p0826-teimww:contains>
      <p0826-teimww:lexia knoraType="link_value" linkType="ref" target="ww_174407c78089166e"/>
    </p0826-teimww:contains>
    <p0826-teimww:hasPage knoraType="richtext_value">179; act 2, scene 1 [normalized spelling].</p0826-teimww:hasPage>
    <p0826-teimww:hasPageHist knoraType="richtext_value">179; act 2, scene 1.</p0826-teimww:hasPageHist>
    <p0826-teimww:hasText knoraType="richtext_value">[Duke of Millain]: How old are you? &lt;br&gt;
[Lazarello]: &lt;span class="quote"&gt;Full eight and twenty &lt;/span&gt;several Almanacks&lt;br&gt; 
Hath been compiled, all for several years &lt;br&gt;
Since first I drew this breath; four apprenticeships &lt;br&gt;
Have I most truly served in this world: &lt;br&gt;
&lt;span class="quote"&gt;And eight and twenty times hath &lt;i&gt;Phoebus &lt;/i&gt;Cart&lt;br&gt; 
Run out his yearly course since - &lt;br&gt;&lt;/span&gt;
[Duke]: I understand you Sir. &lt;br&gt;
[Lucio]: How like an ignorant Poet he talks.</p0826-teimww:hasText>
    <p0826-teimww:hasTextHist knoraType="richtext_value">[Duke of Millain]: How old are you? &lt;br&gt;
[Lazarello]: &lt;span class="quote"&gt;Full eight and twenty &lt;/span&gt;severall Almanackes&lt;br&gt; 
Hath been compiyed, all for severall yeares &lt;br&gt;
Since first I drew this breath; foure prentiships &lt;br&gt;
Have I most truly served in this world: &lt;br&gt;
&lt;span class="quote"&gt;And eight and twenty times hath &lt;i&gt;Phoebus &lt;/i&gt;Carre&lt;br&gt; 
Runne out his yearely course since - &lt;br&gt;&lt;/span&gt;
[Duke]: I understand you Sir. &lt;br&gt;
[Lucio]: How like an ignorant Poet he talkes.</p0826-teimww:hasTextHist>
    <p0826-teimww:isMentionedIn>
      <p0826-teimww:passage knoraType="link_value" linkType="ref" target="ww_235daab54b6bb499"/>
    </p0826-teimww:isMentionedIn>
    <p0826-teimww:isMentionedIn>
      <p0826-teimww:passage knoraType="link_value" linkType="ref" target="ww_66f3f39b258b7380"/>
    </p0826-teimww:isMentionedIn>
    <p0826-teimww:occursIn>
      <p0826-teimww:book knoraType="link_value" linkType="ref" target="ww_7c3febaec4e5aacf"/>
    </p0826-teimww:occursIn>
    <p0826-teimww:wasContributedBy>
      <p0826-teimww:person knoraType="link_value" linkType="ref" target="ww_c4063e9c72a3ffd2"/>
    </p0826-teimww:wasContributedBy>
  </p0826-teimww:passage>
  <p0826-teimww:passage id="ww_66f3f39b258b7380">
    <knoraXmlImport:label>passage</knoraXmlImport:label>
    <p0826-teimww:occursIn>
      <p0826-teimww:book knoraType="link_value" linkType="ref" target="ww_91e0dc4c671938fa"/>
    </p0826-teimww:occursIn>
  </p0826-teimww:passage>
  <p0826-teimww:passage id="ww_8e1c2845aa3c3418">
    <knoraXmlImport:label>passage</knoraXmlImport:label>
    <p0826-teimww:contains>
      <p0826-teimww:lexia knoraType="link_value" linkType="ref" target="ww_5f4f3ccaf56ba371"/>
    </p0826-teimww:contains>
    <p0826-teimww:hasPage knoraType="richtext_value">179 [normalized spelling].</p0826-teimww:hasPage>
    <p0826-teimww:hasPageHist knoraType="richtext_value">179.</p0826-teimww:hasPageHist>
    <p0826-teimww:hasText knoraType="richtext_value">[Count]: I am glad to meet you here Sister.&lt;br&gt;
[Oriana]: I thank you good Brother: and if you doubt of the cause of my coming I can Satisfy you.&lt;br&gt;
[Count]:&lt;span class="quote"&gt; No faith, I dare trust thee, I do suspect thou art honest; for it is so rare a thing to be honest amongst you, that some one man in an age, may perhaps suspect some two women to be honest, but never believe it verily.&lt;/span&gt;</p0826-teimww:hasText>
    <p0826-teimww:hasTextHist knoraType="richtext_value">[Count]: I am glad to meet you here Sister.&lt;br&gt;
[Oriana]: I thank you good Brother: and if you doubt of the cause of my comming I can Satisfie you.&lt;br&gt;
[Count]:&lt;span class="quote"&gt; No faith, I dare trust thee, I doe suspect thou art honest; for it is so rare a thing to bee honest amongst you, that some one man in an age, may perhaps suspect some two women to be honest, but never beleeve it verily.&lt;/span&gt;</p0826-teimww:hasTextHist>
    <p0826-teimww:isMentionedIn>
      <p0826-teimww:passage knoraType="link_value" linkType="ref" target="ww_8093a3f7018f7cd9"/>
    </p0826-teimww:isMentionedIn>
    <p0826-teimww:occursIn>
      <p0826-teimww:book knoraType="link_value" linkType="ref" target="ww_7c3febaec4e5aacf"/>
    </p0826-teimww:occursIn>
    <p0826-teimww:wasContributedBy>
      <p0826-teimww:person knoraType="link_value" linkType="ref" target="ww_c4063e9c72a3ffd2"/>
    </p0826-teimww:wasContributedBy>
  </p0826-teimww:passage>
  <p0826-teimww:passage id="ww_8093a3f7018f7cd9">
    <knoraXmlImport:label>passage</knoraXmlImport:label>
    <p0826-teimww:occursIn>
      <p0826-teimww:book knoraType="link_value" linkType="ref" target="ww_91e0dc4c671938fa"/>
    </p0826-teimww:occursIn>
  </p0826-teimww:passage>
  <p0826-teimww:passage id="ww_af2f37f46fe68803">
    <knoraXmlImport:label>passage</knoraXmlImport:label>
    <p0826-teimww:contains>
      <p0826-teimww:lexia knoraType="link_value" linkType="ref" target="ww_3883a7e46aec28a6"/>
    </p0826-teimww:contains>
    <p0826-teimww:hasPage knoraType="richtext_value">Act 5, scene 1, lines 53-55.</p0826-teimww:hasPage>
    <p0826-teimww:hasText knoraType="richtext_value">[Lady Macbeth:] &lt;span class="quote"&gt;Here's the smell of the blood still. All the perfumes of Arabia will not sweeten this little hand. &lt;/span&gt;O, O, O!</p0826-teimww:hasText>
    <p0826-teimww:isMentionedIn>
      <p0826-teimww:passage knoraType="link_value" linkType="ref" target="ww_be31a4329fdebb37"/>
    </p0826-teimww:isMentionedIn>
    <p0826-teimww:isMentionedIn>
      <p0826-teimww:passage knoraType="link_value" linkType="ref" target="ww_c40ed8873aaa2379"/>
    </p0826-teimww:isMentionedIn>
    <p0826-teimww:occursIn>
      <p0826-teimww:book knoraType="link_value" linkType="ref" target="ww_7114631e1c7c2d84"/>
    </p0826-teimww:occursIn>
    <p0826-teimww:wasContributedBy>
      <p0826-teimww:person knoraType="link_value" linkType="ref" target="ww_c4063e9c72a3ffd2"/>
    </p0826-teimww:wasContributedBy>
  </p0826-teimww:passage>
  <p0826-teimww:passage id="ww_be31a4329fdebb37">
    <knoraXmlImport:label>passage</knoraXmlImport:label>
    <p0826-teimww:occursIn>
      <p0826-teimww:book knoraType="link_value" linkType="ref" target="ww_55bc1a3b04bf8a8d"/>
    </p0826-teimww:occursIn>
  </p0826-teimww:passage>
  <p0826-teimww:passage id="ww_5a0ce43e7046e6c7">
    <knoraXmlImport:label>passage</knoraXmlImport:label>
    <p0826-teimww:contains>
      <p0826-teimww:lexia knoraType="link_value" linkType="ref" target="ww_e35c78d3bc4379a2"/>
    </p0826-teimww:contains>
    <p0826-teimww:hasPage knoraType="richtext_value">B2 verso; act 1, scene 5 [normalized spelling].</p0826-teimww:hasPage>
    <p0826-teimww:hasPageHist knoraType="richtext_value">B2 verso; act 1, scene 5.</p0826-teimww:hasPageHist>
    <p0826-teimww:hasText knoraType="richtext_value">(Tactus, in a dark coloured Satin mantle over a pair of silk Baset, a Garland of Bays mixed with red and white Roses [...] etc.)&lt;br&gt;
[Mendacio:] Now chaste &lt;i&gt;Diana &lt;/i&gt;grant my nets to hold.&lt;br&gt;
[Tactus:] The blasting Child-hood of the cheerful &lt;span class="quote"&gt;morn&lt;/span&gt; &lt;br&gt;
Is almost grown a youth and &lt;span class="quote"&gt;over-climbs &lt;br&gt;
Yonder gilt Eastern hills&lt;/span&gt; [...].</p0826-teimww:hasText>
    <p0826-teimww:hasTextHist knoraType="richtext_value">(Tactus, in a darke coloured Sattin mantle over a paire of silke Baset, a Garland of Bayes mixt with red and white Roses [...] etc.)&lt;br&gt;
[Mendacio:] Now chast &lt;i&gt;Diana &lt;/i&gt;grant my netts to hold.&lt;br&gt;
[Tactus:] The blasting Child-hood of the cheerfull &lt;span class="quote"&gt;morne&lt;/span&gt; &lt;br&gt;
Is almost growne a youth and &lt;span class="quote"&gt;ouer-climbes &lt;br&gt;
Yonder gilt Easterne hills&lt;/span&gt; [...].</p0826-teimww:hasTextHist>
    <p0826-teimww:isMentionedIn>
      <p0826-teimww:passage knoraType="link_value" linkType="ref" target="ww_607d1847d10ef07d"/>
    </p0826-teimww:isMentionedIn>
    <p0826-teimww:occursIn>
      <p0826-teimww:book knoraType="link_value" linkType="ref" target="ww_bdee35cd9360b47f"/>
    </p0826-teimww:occursIn>
    <p0826-teimww:wasContributedBy>
      <p0826-teimww:person knoraType="link_value" linkType="ref" target="ww_bff7390e4e734f4c"/>
    </p0826-teimww:wasContributedBy>
  </p0826-teimww:passage>
  <p0826-teimww:passage id="ww_a49ed840e16d8392">
    <knoraXmlImport:label>passage</knoraXmlImport:label>
    <p0826-teimww:contains>
      <p0826-teimww:lexia knoraType="link_value" linkType="ref" target="ww_6115a63c5012f738"/>
    </p0826-teimww:contains>
    <p0826-teimww:hasPage knoraType="richtext_value">Act 1, scene 4, lines 50-52.</p0826-teimww:hasPage>
    <p0826-teimww:hasText knoraType="richtext_value">[Macbeth:] &lt;span class="quote"&gt;The rest is labor &lt;/span&gt;which is not used for you. &lt;br&gt;
I'll be myself the harbinger and make joyful&lt;br&gt;
The hearing of my wife with your approach.</p0826-teimww:hasText>
    <p0826-teimww:isMentionedIn>
      <p0826-teimww:passage knoraType="link_value" linkType="ref" target="ww_1f3f6d07626e460e"/>
    </p0826-teimww:isMentionedIn>
    <p0826-teimww:occursIn>
      <p0826-teimww:book knoraType="link_value" linkType="ref" target="ww_7114631e1c7c2d84"/>
    </p0826-teimww:occursIn>
    <p0826-teimww:wasContributedBy>
      <p0826-teimww:person knoraType="link_value" linkType="ref" target="ww_5fbb1eab1b30dfee"/>
    </p0826-teimww:wasContributedBy>
  </p0826-teimww:passage>
  <p0826-teimww:passage id="ww_1f3f6d07626e460e">
    <knoraXmlImport:label>passage</knoraXmlImport:label>
    <p0826-teimww:occursIn>
      <p0826-teimww:book knoraType="link_value" linkType="ref" target="ww_b3931845d54b98d5"/>
    </p0826-teimww:occursIn>
  </p0826-teimww:passage>
  <p0826-teimww:passage id="ww_20f08b714a7531d0">
    <knoraXmlImport:label>passage</knoraXmlImport:label>
    <p0826-teimww:contains>
      <p0826-teimww:lexia knoraType="link_value" linkType="ref" target="ww_0d7d51ddf1aaa5e1"/>
    </p0826-teimww:contains>
    <p0826-teimww:contains>
      <p0826-teimww:lexia knoraType="link_value" linkType="ref" target="ww_3883a7e46aec28a6"/>
    </p0826-teimww:contains>
    <p0826-teimww:hasPage knoraType="richtext_value">Act 2, scene 2, lines 78-81.</p0826-teimww:hasPage>
    <p0826-teimww:hasText knoraType="richtext_value">[Macbeth:] [...] &lt;span class="quote"&gt;Will all great Neptune's ocean wash this blood&lt;br&gt;
Clean from my hand? No, this my hand will rather&lt;br&gt;
The multitudinous seas incarnadine,&lt;br&gt;
Making the green one red.&lt;/span&gt;</p0826-teimww:hasText>
    <p0826-teimww:isMentionedIn>
      <p0826-teimww:passage knoraType="link_value" linkType="ref" target="ww_32aaf5cb209843ad"/>
    </p0826-teimww:isMentionedIn>
    <p0826-teimww:isMentionedIn>
      <p0826-teimww:passage knoraType="link_value" linkType="ref" target="ww_f51c253b0d26e2c1"/>
    </p0826-teimww:isMentionedIn>
    <p0826-teimww:isMentionedIn>
      <p0826-teimww:passage knoraType="link_value" linkType="ref" target="ww_4a412a2b05b43167"/>
    </p0826-teimww:isMentionedIn>
    <p0826-teimww:isMentionedIn>
      <p0826-teimww:passage knoraType="link_value" linkType="ref" target="ww_2379ebb474a34451"/>
    </p0826-teimww:isMentionedIn>
    <p0826-teimww:occursIn>
      <p0826-teimww:book knoraType="link_value" linkType="ref" target="ww_7114631e1c7c2d84"/>
    </p0826-teimww:occursIn>
    <p0826-teimww:wasContributedBy>
      <p0826-teimww:person knoraType="link_value" linkType="ref" target="ww_c4063e9c72a3ffd2"/>
    </p0826-teimww:wasContributedBy>
  </p0826-teimww:passage>
  <p0826-teimww:passage id="ww_2379ebb474a34451">
    <knoraXmlImport:label>passage</knoraXmlImport:label>
    <p0826-teimww:occursIn>
      <p0826-teimww:book knoraType="link_value" linkType="ref" target="ww_b3931845d54b98d5"/>
    </p0826-teimww:occursIn>
  </p0826-teimww:passage>
  <p0826-teimww:passage id="ww_32aaf5cb209843ad">
    <knoraXmlImport:label>passage</knoraXmlImport:label>
    <p0826-teimww:occursIn>
      <p0826-teimww:book knoraType="link_value" linkType="ref" target="ww_5eeeb3e78e8b0bc3"/>
    </p0826-teimww:occursIn>
  </p0826-teimww:passage>
  <p0826-teimww:passage id="ww_4a412a2b05b43167">
    <knoraXmlImport:label>passage</knoraXmlImport:label>
    <p0826-teimww:occursIn>
      <p0826-teimww:book knoraType="link_value" linkType="ref" target="ww_5af91280461707f1"/>
    </p0826-teimww:occursIn>
  </p0826-teimww:passage>
  <p0826-teimww:passage id="ww_3e255311a160fc25">
    <knoraXmlImport:label>passage</knoraXmlImport:label>
    <p0826-teimww:contains>
      <p0826-teimww:lexia knoraType="link_value" linkType="ref" target="ww_489dfec3ae9fb1ce"/>
    </p0826-teimww:contains>
    <p0826-teimww:hasPage knoraType="richtext_value">159 [normalized spelling].</p0826-teimww:hasPage>
    <p0826-teimww:hasPageHist knoraType="richtext_value">159.</p0826-teimww:hasPageHist>
    <p0826-teimww:hasText knoraType="richtext_value">[Duke:] Weightier far:&lt;br&gt;
You are my friends and you shall have the cause: &lt;br&gt;
I&lt;span class="quote"&gt; break my sleeps &lt;/span&gt; thus soon to see a wench.</p0826-teimww:hasText>
    <p0826-teimww:hasTextHist knoraType="richtext_value">[Duke:] Waightier farre:&lt;br&gt;
You are my friendes and you shall have the cause: &lt;br&gt;
I&lt;span class="quote"&gt; break my sleepes &lt;/span&gt; thus soone to see a wench.</p0826-teimww:hasTextHist>
    <p0826-teimww:isMentionedIn>
      <p0826-teimww:passage knoraType="link_value" linkType="ref" target="ww_502c596f6d417f93"/>
    </p0826-teimww:isMentionedIn>
    <p0826-teimww:occursIn>
      <p0826-teimww:book knoraType="link_value" linkType="ref" target="ww_7c3febaec4e5aacf"/>
    </p0826-teimww:occursIn>
    <p0826-teimww:wasContributedBy>
      <p0826-teimww:person knoraType="link_value" linkType="ref" target="ww_d5030ba888f64f29"/>
    </p0826-teimww:wasContributedBy>
  </p0826-teimww:passage>
  <p0826-teimww:passage id="ww_502c596f6d417f93">
    <knoraXmlImport:label>passage</knoraXmlImport:label>
    <p0826-teimww:occursIn>
      <p0826-teimww:book knoraType="link_value" linkType="ref" target="ww_d1faedb423154f39"/>
    </p0826-teimww:occursIn>
  </p0826-teimww:passage>
  <p0826-teimww:passage id="ww_0211055db3ef3ede">
    <knoraXmlImport:label>passage</knoraXmlImport:label>
    <p0826-teimww:contains>
      <p0826-teimww:lexia knoraType="link_value" linkType="ref" target="ww_9c92af2f65e72011"/>
    </p0826-teimww:contains>
    <p0826-teimww:hasPage knoraType="richtext_value">N.p.; act 1 [spelling normalized].</p0826-teimww:hasPage>
    <p0826-teimww:hasPageHist knoraType="richtext_value">N.p.; act 1.</p0826-teimww:hasPageHist>
    <p0826-teimww:hasText knoraType="richtext_value">[Frip:] [...] &lt;span class="quote"&gt;here's none but friends &lt;/span&gt;[...].</p0826-teimww:hasText>
    <p0826-teimww:hasTextHist knoraType="richtext_value">[Frip:] [...] &lt;span class="quote"&gt;hers none but friends&lt;/span&gt; [...].</p0826-teimww:hasTextHist>
    <p0826-teimww:isMentionedIn>
      <p0826-teimww:passage knoraType="link_value" linkType="ref" target="ww_8cf5c6b8194f9ac8"/>
    </p0826-teimww:isMentionedIn>
    <p0826-teimww:occursIn>
      <p0826-teimww:book knoraType="link_value" linkType="ref" target="ww_6129dfa4528ff009"/>
    </p0826-teimww:occursIn>
    <p0826-teimww:wasContributedBy>
      <p0826-teimww:person knoraType="link_value" linkType="ref" target="ww_b604df587d93b768"/>
    </p0826-teimww:wasContributedBy>
  </p0826-teimww:passage>
  <p0826-teimww:passage id="ww_f7a0ee3702c658de">
    <knoraXmlImport:label>passage</knoraXmlImport:label>
    <p0826-teimww:contains>
      <p0826-teimww:lexia knoraType="link_value" linkType="ref" target="ww_3177db490410f7b4"/>
    </p0826-teimww:contains>
    <p0826-teimww:contains>
      <p0826-teimww:lexia knoraType="link_value" linkType="ref" target="ww_da2ab5d68ce5b240"/>
    </p0826-teimww:contains>
    <p0826-teimww:hasPage knoraType="richtext_value">A3 verso [normalized spelling].</p0826-teimww:hasPage>
    <p0826-teimww:hasText knoraType="richtext_value">[Maria:] &lt;span class="quote"&gt;O that this flesh could&lt;/span&gt; like swift-moving thoughts &lt;span class="quote"&gt;transfer itself, &lt;br&gt;
From place to place, unseen and undissolved.&lt;/span&gt; 	</p0826-teimww:hasText>
    <p0826-teimww:hasTextHist knoraType="richtext_value">[Maria:] &lt;span class="quote"&gt;O that this flesh could&lt;/span&gt; like swift mouing thoughts &lt;span class="quote"&gt;transfer it selfe, &lt;br&gt;
From place to place, vnseen and vndisolued.&lt;/span&gt; 	</p0826-teimww:hasTextHist>
    <p0826-teimww:isMentionedIn>
      <p0826-teimww:passage knoraType="link_value" linkType="ref" target="ww_98d9f8ba4d58508f"/>
    </p0826-teimww:isMentionedIn>
    <p0826-teimww:occursIn>
      <p0826-teimww:book knoraType="link_value" linkType="ref" target="ww_65a8b466f961261c"/>
    </p0826-teimww:occursIn>
    <p0826-teimww:wasContributedBy>
      <p0826-teimww:person knoraType="link_value" linkType="ref" target="ww_c4063e9c72a3ffd2"/>
    </p0826-teimww:wasContributedBy>
  </p0826-teimww:passage>
  <p0826-teimww:passage id="ww_98d9f8ba4d58508f">
    <knoraXmlImport:label>passage</knoraXmlImport:label>
    <p0826-teimww:occursIn>
      <p0826-teimww:book knoraType="link_value" linkType="ref" target="ww_81aaaefa494a8184"/>
    </p0826-teimww:occursIn>
  </p0826-teimww:passage>
  <p0826-teimww:passage id="ww_dbc11570090694b1">
    <knoraXmlImport:label>passage</knoraXmlImport:label>
    <p0826-teimww:contains>
      <p0826-teimww:lexia knoraType="link_value" linkType="ref" target="ww_b7dbe08e387e30b1"/>
    </p0826-teimww:contains>
    <p0826-teimww:hasPage knoraType="richtext_value">H3 recto.</p0826-teimww:hasPage>
    <p0826-teimww:hasText knoraType="richtext_value">[Glister:] What else, sir? I have &lt;span class="quote"&gt;reason.&lt;br&gt;&lt;/span&gt;
[Dryfat:] I know it well, &lt;span class="quote"&gt;I take you for no beast.&lt;/span&gt;</p0826-teimww:hasText>
    <p0826-teimww:isMentionedIn>
      <p0826-teimww:passage knoraType="link_value" linkType="ref" target="ww_f83b7317a5fbafd6"/>
    </p0826-teimww:isMentionedIn>
    <p0826-teimww:occursIn>
      <p0826-teimww:book knoraType="link_value" linkType="ref" target="ww_65a8b466f961261c"/>
    </p0826-teimww:occursIn>
    <p0826-teimww:wasContributedBy>
      <p0826-teimww:person knoraType="link_value" linkType="ref" target="ww_c4063e9c72a3ffd2"/>
    </p0826-teimww:wasContributedBy>
  </p0826-teimww:passage>
  <p0826-teimww:passage id="ww_f83b7317a5fbafd6">
    <knoraXmlImport:label>passage</knoraXmlImport:label>
    <p0826-teimww:occursIn>
      <p0826-teimww:book knoraType="link_value" linkType="ref" target="ww_67e1fbe9bd0f1b9d"/>
    </p0826-teimww:occursIn>
  </p0826-teimww:passage>
  <p0826-teimww:passage id="ww_08bbd15b64543eec">
    <knoraXmlImport:label>passage</knoraXmlImport:label>
    <p0826-teimww:contains>
      <p0826-teimww:lexia knoraType="link_value" linkType="ref" target="ww_8d5932e3f3a9b6ca"/>
    </p0826-teimww:contains>
    <p0826-teimww:hasPage knoraType="richtext_value">A3 verso.</p0826-teimww:hasPage>
    <p0826-teimww:hasText knoraType="richtext_value">[Gerardine:] This is &lt;span class="quote"&gt;the abstract of the spacious world.	&lt;/span&gt;</p0826-teimww:hasText>
    <p0826-teimww:isMentionedIn>
      <p0826-teimww:passage knoraType="link_value" linkType="ref" target="ww_18ebd3875d5afc95"/>
    </p0826-teimww:isMentionedIn>
    <p0826-teimww:occursIn>
      <p0826-teimww:book knoraType="link_value" linkType="ref" target="ww_65a8b466f961261c"/>
    </p0826-teimww:occursIn>
    <p0826-teimww:wasContributedBy>
      <p0826-teimww:person knoraType="link_value" linkType="ref" target="ww_c4063e9c72a3ffd2"/>
    </p0826-teimww:wasContributedBy>
  </p0826-teimww:passage>
  <p0826-teimww:passage id="ww_18ebd3875d5afc95">
    <knoraXmlImport:label>passage</knoraXmlImport:label>
    <p0826-teimww:occursIn>
      <p0826-teimww:book knoraType="link_value" linkType="ref" target="ww_b3931845d54b98d5"/>
    </p0826-teimww:occursIn>
  </p0826-teimww:passage>
  <p0826-teimww:passage id="ww_7263c644ac370f3a">
    <knoraXmlImport:label>passage</knoraXmlImport:label>
    <p0826-teimww:contains>
      <p0826-teimww:lexia knoraType="link_value" linkType="ref" target="ww_4b6f79c4aa5ec4ed"/>
    </p0826-teimww:contains>
    <p0826-teimww:hasPage knoraType="richtext_value">N.p.; act 3, scene 1.</p0826-teimww:hasPage>
    <p0826-teimww:hasText knoraType="richtext_value">[Maria:] Go fetch my&lt;span class="quote"&gt; ladder of Ropes, &lt;/span&gt;Leander's come.</p0826-teimww:hasText>
    <p0826-teimww:isMentionedIn>
      <p0826-teimww:passage knoraType="link_value" linkType="ref" target="ww_cbc07f40664ea9c3"/>
    </p0826-teimww:isMentionedIn>
    <p0826-teimww:occursIn>
      <p0826-teimww:book knoraType="link_value" linkType="ref" target="ww_65a8b466f961261c"/>
    </p0826-teimww:occursIn>
    <p0826-teimww:wasContributedBy>
      <p0826-teimww:person knoraType="link_value" linkType="ref" target="ww_7f35f6802efd910d"/>
    </p0826-teimww:wasContributedBy>
  </p0826-teimww:passage>
  <p0826-teimww:passage id="ww_02f3d5cca53df04d">
    <knoraXmlImport:label>passage</knoraXmlImport:label>
    <p0826-teimww:contains>
      <p0826-teimww:lexia knoraType="link_value" linkType="ref" target="ww_8903b192e4a0a31d"/>
    </p0826-teimww:contains>
    <p0826-teimww:hasPage knoraType="richtext_value">N.p.; lines 1723-1724 [normalized spelling].</p0826-teimww:hasPage>
    <p0826-teimww:hasPageHist knoraType="richtext_value">Main text, lines 1723-1724.</p0826-teimww:hasPageHist>
    <p0826-teimww:hasText knoraType="richtext_value">[Graccus:] Excellent, for now must he needs fall into the Constable's hands: and if he have any grace, t'will appear in his face, when he shall be carried through the street in a &lt;span class="quote"&gt;white sheet t'will be a good penance&lt;/span&gt; for his fault.</p0826-teimww:hasText>
    <p0826-teimww:hasTextHist knoraType="richtext_value">[Graccus:] Excellent, for now must he needes fall into the Constables hands: and if he haue any grace, twil appear in his face, when he shall be carried through the streete in a white sheet twill be a good penance for his fault.</p0826-teimww:hasTextHist>
    <p0826-teimww:isMentionedIn>
      <p0826-teimww:passage knoraType="link_value" linkType="ref" target="ww_51f426f16e8885ca"/>
    </p0826-teimww:isMentionedIn>
    <p0826-teimww:occursIn>
      <p0826-teimww:book knoraType="link_value" linkType="ref" target="ww_c1f1bfbc9b90a99e"/>
    </p0826-teimww:occursIn>
    <p0826-teimww:wasContributedBy>
      <p0826-teimww:person knoraType="link_value" linkType="ref" target="ww_7f35f6802efd910d"/>
    </p0826-teimww:wasContributedBy>
  </p0826-teimww:passage>
  <p0826-teimww:passage id="ww_51f426f16e8885ca">
    <knoraXmlImport:label>passage</knoraXmlImport:label>
    <p0826-teimww:occursIn>
      <p0826-teimww:book knoraType="link_value" linkType="ref" target="ww_e38a56a7efbf9723"/>
    </p0826-teimww:occursIn>
  </p0826-teimww:passage>
  <p0826-teimww:passage id="ww_c50ed5328e57d43a">
    <knoraXmlImport:label>passage</knoraXmlImport:label>
    <p0826-teimww:contains>
      <p0826-teimww:lexia knoraType="link_value" linkType="ref" target="ww_8903b192e4a0a31d"/>
    </p0826-teimww:contains>
    <p0826-teimww:hasPage knoraType="richtext_value">N.p.; act 5, scene 1, line 45 [normalized spelling].</p0826-teimww:hasPage>
    <p0826-teimww:hasPageHist knoraType="richtext_value">N.p.; act 5, scene 1, line 45.</p0826-teimww:hasPageHist>
    <p0826-teimww:hasText knoraType="richtext_value">[Gudgin:] Ere long he will take up his station at a Stationers, where we shall see him&lt;span class="quote"&gt; do penance in a Sheet&lt;/span&gt; at least.</p0826-teimww:hasText>
    <p0826-teimww:hasTextHist knoraType="richtext_value">[Gudgin:] Ere long hee will take vp his station at a Stationers, where wee shall see him doe pennaunce in a Sheete at least.</p0826-teimww:hasTextHist>
    <p0826-teimww:isMentionedIn>
      <p0826-teimww:passage knoraType="link_value" linkType="ref" target="ww_51f426f16e8885ca"/>
    </p0826-teimww:isMentionedIn>
    <p0826-teimww:occursIn>
      <p0826-teimww:book knoraType="link_value" linkType="ref" target="ww_65a8b466f961261c"/>
    </p0826-teimww:occursIn>
    <p0826-teimww:wasContributedBy>
      <p0826-teimww:person knoraType="link_value" linkType="ref" target="ww_7f35f6802efd910d"/>
    </p0826-teimww:wasContributedBy>
  </p0826-teimww:passage>
  <p0826-teimww:passage id="ww_195b62b4248d46e3">
    <knoraXmlImport:label>passage</knoraXmlImport:label>
    <p0826-teimww:contains>
      <p0826-teimww:lexia knoraType="link_value" linkType="ref" target="ww_b4baccadcbab40b1"/>
    </p0826-teimww:contains>
    <p0826-teimww:hasPage knoraType="richtext_value">42; Act 3, scene 1, lines 1374-1376 [normalized spelling].</p0826-teimww:hasPage>
    <p0826-teimww:hasPageHist knoraType="richtext_value">42; Act 3, scene 1, lines 1374-1376.</p0826-teimww:hasPageHist>
    <p0826-teimww:hasText knoraType="richtext_value">[Flamineo:] Let me see, it is more than time that I commit this divine pill to his hopeful working:&lt;span class="quote"&gt; least my staff be out of the rest when my adversary is in the carrier.&lt;/span&gt;</p0826-teimww:hasText>
    <p0826-teimww:hasTextHist knoraType="richtext_value">[Flamineo:] Let me see, it is more then time that I commit this deuine pill to his hopefull working: least my staffe be out of the rest when my aduersary is in the carriere.</p0826-teimww:hasTextHist>
    <p0826-teimww:isMentionedIn>
      <p0826-teimww:passage knoraType="link_value" linkType="ref" target="ww_1a3e1e19b88e5421"/>
    </p0826-teimww:isMentionedIn>
    <p0826-teimww:occursIn>
      <p0826-teimww:book knoraType="link_value" linkType="ref" target="ww_4664b15bdb9400ec"/>
    </p0826-teimww:occursIn>
    <p0826-teimww:wasContributedBy>
      <p0826-teimww:person knoraType="link_value" linkType="ref" target="ww_7f35f6802efd910d"/>
    </p0826-teimww:wasContributedBy>
  </p0826-teimww:passage>
  <p0826-teimww:passage id="ww_1a3e1e19b88e5421">
    <knoraXmlImport:label>passage</knoraXmlImport:label>
    <p0826-teimww:occursIn>
      <p0826-teimww:book knoraType="link_value" linkType="ref" target="ww_e38a56a7efbf9723"/>
    </p0826-teimww:occursIn>
  </p0826-teimww:passage>
  <p0826-teimww:passage id="ww_be388b985af80f80">
    <knoraXmlImport:label>passage</knoraXmlImport:label>
    <p0826-teimww:contains>
      <p0826-teimww:lexia knoraType="link_value" linkType="ref" target="ww_0cfb45561332a9b2"/>
    </p0826-teimww:contains>
    <p0826-teimww:hasPage knoraType="richtext_value">Act 4, scene 6, lines 246-249.</p0826-teimww:hasPage>
    <p0826-teimww:hasText knoraType="richtext_value">[First Servingman:] […] &lt;span class="quote"&gt;Peace is […] a getter of more bastard children than war is a destroyer of men.&lt;/span&gt;</p0826-teimww:hasText>
    <p0826-teimww:isMentionedIn>
      <p0826-teimww:passage knoraType="link_value" linkType="ref" target="ww_5d2312625ffe3b1a"/>
    </p0826-teimww:isMentionedIn>
    <p0826-teimww:occursIn>
      <p0826-teimww:book knoraType="link_value" linkType="ref" target="ww_1bfa3812390e9c05"/>
    </p0826-teimww:occursIn>
    <p0826-teimww:wasContributedBy>
      <p0826-teimww:person knoraType="link_value" linkType="ref" target="ww_7f35f6802efd910d"/>
    </p0826-teimww:wasContributedBy>
  </p0826-teimww:passage>
  <p0826-teimww:passage id="ww_2b334134684ae8e9">
    <knoraXmlImport:label>passage</knoraXmlImport:label>
    <p0826-teimww:contains>
      <p0826-teimww:lexia knoraType="link_value" linkType="ref" target="ww_5ab7b02e8eec7e58"/>
    </p0826-teimww:contains>
    <p0826-teimww:hasPage knoraType="richtext_value">Act 1, scene 9, lines 48-49.</p0826-teimww:hasPage>
    <p0826-teimww:hasText knoraType="richtext_value">[Martius:] &lt;span class="quote"&gt;When drums and trumpets shall
I' th' field prove flatterers&lt;/span&gt; […].</p0826-teimww:hasText>
    <p0826-teimww:isMentionedIn>
      <p0826-teimww:passage knoraType="link_value" linkType="ref" target="ww_5d2312625ffe3b1a"/>
    </p0826-teimww:isMentionedIn>
    <p0826-teimww:occursIn>
      <p0826-teimww:book knoraType="link_value" linkType="ref" target="ww_1bfa3812390e9c05"/>
    </p0826-teimww:occursIn>
    <p0826-teimww:wasContributedBy>
      <p0826-teimww:person knoraType="link_value" linkType="ref" target="ww_7f35f6802efd910d"/>
    </p0826-teimww:wasContributedBy>
  </p0826-teimww:passage>
  <p0826-teimww:passage id="ww_1740095b035eb123">
    <knoraXmlImport:label>passage</knoraXmlImport:label>
    <p0826-teimww:contains>
      <p0826-teimww:lexia knoraType="link_value" linkType="ref" target="ww_741b0382acbd375a"/>
    </p0826-teimww:contains>
    <p0826-teimww:hasPage knoraType="richtext_value">N.p.; section "To the Right Honorable, Edward, Lord Dennie Baron of Waltham, &amp;c."</p0826-teimww:hasPage>
    <p0826-teimww:hasText knoraType="richtext_value">By these instances, and many more that might be alleged to this purpose, it is apparant, upon how weake and unstable grounds the &lt;i&gt;Case-divinity&lt;/i&gt; of the Popish Church standeth, and how &lt;span class="quote"&gt;indirect a course they take&lt;/span&gt;, for the resolution and &lt;span class="quote"&gt;direction of the troubled Conscience&lt;/span&gt;.</p0826-teimww:hasText>
    <p0826-teimww:isMentionedIn>
      <p0826-teimww:passage knoraType="link_value" linkType="ref" target="ww_a37553eb89927756"/>
    </p0826-teimww:isMentionedIn>
    <p0826-teimww:occursIn>
      <p0826-teimww:book knoraType="link_value" linkType="ref" target="ww_b862d16992c45442"/>
    </p0826-teimww:occursIn>
    <p0826-teimww:wasContributedBy>
      <p0826-teimww:person knoraType="link_value" linkType="ref" target="ww_5fbb1eab1b30dfee"/>
    </p0826-teimww:wasContributedBy>
  </p0826-teimww:passage>
  <p0826-teimww:passage id="ww_a37553eb89927756">
    <knoraXmlImport:label>passage</knoraXmlImport:label>
    <p0826-teimww:occursIn>
      <p0826-teimww:book knoraType="link_value" linkType="ref" target="ww_c8f5dee9c32a4636"/>
    </p0826-teimww:occursIn>
  </p0826-teimww:passage>
  <p0826-teimww:passage id="ww_6c9d9194f9edefd0">
    <knoraXmlImport:label>passage</knoraXmlImport:label>
    <p0826-teimww:contains>
      <p0826-teimww:lexia knoraType="link_value" linkType="ref" target="ww_a7aea232a47749cd"/>
    </p0826-teimww:contains>
    <p0826-teimww:hasPage knoraType="richtext_value">N.p.; act 5, scene 1, line 380.</p0826-teimww:hasPage>
    <p0826-teimww:hasText knoraType="richtext_value">[Sir Oliver:] God morrow &lt;span class="quote"&gt;Bride, fresh, fresh, as the month of May&lt;/span&gt; [...].</p0826-teimww:hasText>
    <p0826-teimww:isMentionedIn>
      <p0826-teimww:passage knoraType="link_value" linkType="ref" target="ww_b97fe8cee2026ab5"/>
    </p0826-teimww:isMentionedIn>
    <p0826-teimww:occursIn>
      <p0826-teimww:book knoraType="link_value" linkType="ref" target="ww_d07c9febda3841a4"/>
    </p0826-teimww:occursIn>
    <p0826-teimww:wasContributedBy>
      <p0826-teimww:person knoraType="link_value" linkType="ref" target="ww_7f35f6802efd910d"/>
    </p0826-teimww:wasContributedBy>
  </p0826-teimww:passage>
  <p0826-teimww:passage id="ww_b97fe8cee2026ab5">
    <knoraXmlImport:label>passage</knoraXmlImport:label>
    <p0826-teimww:occursIn>
      <p0826-teimww:book knoraType="link_value" linkType="ref" target="ww_e38a56a7efbf9723"/>
    </p0826-teimww:occursIn>
  </p0826-teimww:passage>
  <p0826-teimww:passage id="ww_abd1bdb1e9a3d3ad">
    <knoraXmlImport:label>passage</knoraXmlImport:label>
    <p0826-teimww:contains>
      <p0826-teimww:lexia knoraType="link_value" linkType="ref" target="ww_3e9f6e448f9f3926"/>
    </p0826-teimww:contains>
    <p0826-teimww:hasPage knoraType="richtext_value">N.p.; act 2, scene 1, lines 404-406 [normalized spelling].</p0826-teimww:hasPage>
    <p0826-teimww:hasPageHist knoraType="richtext_value">N.p.; act 2, scene 1, lines 404-406.</p0826-teimww:hasPageHist>
    <p0826-teimww:hasText knoraType="richtext_value">[Adriana:] A pretty knave, in faith come home to night, &lt;br&gt;
Shalt have a posset and &lt;span class="quote"&gt;candied Eringoes&lt;/span&gt;, &lt;br&gt;
A bed if need be to, I love a life, </p0826-teimww:hasText>
    <p0826-teimww:hasTextHist knoraType="richtext_value">[Adriana:] A pretty knaue, ifaith come home to night, 
Shalt haue a posset and candi'd Eringoes, 
A bed if need be to, I loue a life, </p0826-teimww:hasTextHist>
    <p0826-teimww:isMentionedIn>
      <p0826-teimww:passage knoraType="link_value" linkType="ref" target="ww_d5c21d4d43da6ed1"/>
    </p0826-teimww:isMentionedIn>
    <p0826-teimww:isMentionedIn>
      <p0826-teimww:passage knoraType="link_value" linkType="ref" target="ww_096a5d72d5fb0ab4"/>
    </p0826-teimww:isMentionedIn>
    <p0826-teimww:occursIn>
      <p0826-teimww:book knoraType="link_value" linkType="ref" target="ww_d07c9febda3841a4"/>
    </p0826-teimww:occursIn>
    <p0826-teimww:wasContributedBy>
      <p0826-teimww:person knoraType="link_value" linkType="ref" target="ww_7f35f6802efd910d"/>
    </p0826-teimww:wasContributedBy>
  </p0826-teimww:passage>
  <p0826-teimww:passage id="ww_d5c21d4d43da6ed1">
    <knoraXmlImport:label>passage</knoraXmlImport:label>
    <p0826-teimww:occursIn>
      <p0826-teimww:book knoraType="link_value" linkType="ref" target="ww_e38a56a7efbf9723"/>
    </p0826-teimww:occursIn>
  </p0826-teimww:passage>
  <p0826-teimww:passage id="ww_096a5d72d5fb0ab4">
    <knoraXmlImport:label>passage</knoraXmlImport:label>
    <p0826-teimww:occursIn>
      <p0826-teimww:book knoraType="link_value" linkType="ref" target="ww_5603853ee308e6b5"/>
    </p0826-teimww:occursIn>
  </p0826-teimww:passage>
  <p0826-teimww:passage id="ww_d0c0474633b4b73e">
    <knoraXmlImport:label>passage</knoraXmlImport:label>
    <p0826-teimww:contains>
      <p0826-teimww:lexia knoraType="link_value" linkType="ref" target="ww_6fe18016828e99e4"/>
    </p0826-teimww:contains>
    <p0826-teimww:hasPage knoraType="richtext_value">N.p.; act 1, lines 73-82. [spelling normalized].</p0826-teimww:hasPage>
    <p0826-teimww:hasPageHist knoraType="richtext_value">N.p.; act 1, lines 73-82.</p0826-teimww:hasPageHist>
    <p0826-teimww:hasText knoraType="richtext_value">[Frances:] You know sir,  &lt;br&gt;
I did enjoy a quiet country life, &lt;br&gt;
Spotless and free, till you corrupted me, &lt;br&gt; 
And brought me to the Court, I never knew, &lt;br&gt;
What sleeking, glazing, or what pressing meant, &lt;br&gt;
Till you preferred me to your Aunt the Lady, &lt;br&gt;
&lt;span class="quote"&gt;I knew no Ivory teeth, no caps of hair, &lt;br&gt;
No &lt;i&gt;Mercury&lt;/i&gt; water,&lt;/span&gt; &lt;i&gt;fucas&lt;/i&gt;, or perfumes, &lt;br&gt;
To helpe a Lady's breath, untill your Aunt, &lt;br&gt; 
Learnt me the common trick. </p0826-teimww:hasText>
    <p0826-teimww:hasTextHist knoraType="richtext_value">[Frances:] You know sir,  &lt;br&gt;
I did inioy a quiet country life, &lt;br&gt;
Spotlesse and free, till you corrupted mee, &lt;br&gt; 
And brought me to the Court, I neuer knew, &lt;br&gt;
What sleeking, glazing, or what pressing meant, &lt;br&gt;
Till you preferd me to your Aunt the Lady, &lt;br&gt;
&lt;span class="quote"&gt;I knew no Iuorie teeth, no caps of heire, &lt;br&gt;
No Mercury water,&lt;/span&gt; fucas, or perfumes, &lt;br&gt;
To helpe a Ladies breath, vntill your Aunt, &lt;br&gt; 
Learnt me the common trick. </p0826-teimww:hasTextHist>
    <p0826-teimww:isMentionedIn>
      <p0826-teimww:passage knoraType="link_value" linkType="ref" target="ww_d088a1d1ebb5ec01"/>
    </p0826-teimww:isMentionedIn>
    <p0826-teimww:occursIn>
      <p0826-teimww:book knoraType="link_value" linkType="ref" target="ww_d07c9febda3841a4"/>
    </p0826-teimww:occursIn>
    <p0826-teimww:wasContributedBy>
      <p0826-teimww:person knoraType="link_value" linkType="ref" target="ww_b604df587d93b768"/>
    </p0826-teimww:wasContributedBy>
  </p0826-teimww:passage>
  <p0826-teimww:passage id="ww_6a36b25b0b943e6f">
    <knoraXmlImport:label>passage</knoraXmlImport:label>
    <p0826-teimww:contains>
      <p0826-teimww:lexia knoraType="link_value" linkType="ref" target="ww_e33e74db5b667e8c"/>
    </p0826-teimww:contains>
    <p0826-teimww:hasPage knoraType="richtext_value">N.p.; act 5, scene 1, lines 199-203 [normalized spelling].</p0826-teimww:hasPage>
    <p0826-teimww:hasPageHist knoraType="richtext_value">N.p.; act 1, scene 1, lines 199-203.</p0826-teimww:hasPageHist>
    <p0826-teimww:hasText knoraType="richtext_value">[William Small-shanks:] [...] the widow and myself, &lt;br&gt;
Will &lt;span class="quote"&gt;scamble out the shaking of the sheets&lt;/span&gt;, &lt;br&gt;
Without your music, we have no need of fiddlers, &lt;br&gt;
To our dancing, foot have you no manners, &lt;br&gt;
Cannot a man take his natural rest.</p0826-teimww:hasText>
    <p0826-teimww:hasTextHist knoraType="richtext_value">[William Small-shanks:] [...] the widdow and my selfe, &lt;br&gt;
Will scamble out the shaking of the sheets, &lt;br&gt;
Without your musicke, we haue no need of fidlers, &lt;br&gt;
To our dauncing, foote haue you no manners, &lt;br&gt;
Cannot a man take his naturall rest.</p0826-teimww:hasTextHist>
    <p0826-teimww:occursIn>
      <p0826-teimww:book knoraType="link_value" linkType="ref" target="ww_d07c9febda3841a4"/>
    </p0826-teimww:occursIn>
    <p0826-teimww:wasContributedBy>
      <p0826-teimww:person knoraType="link_value" linkType="ref" target="ww_7f35f6802efd910d"/>
    </p0826-teimww:wasContributedBy>
  </p0826-teimww:passage>
  <p0826-teimww:passage id="ww_038fddac784ac480">
    <knoraXmlImport:label>passage</knoraXmlImport:label>
    <p0826-teimww:contains>
      <p0826-teimww:lexia knoraType="link_value" linkType="ref" target="ww_51ed27246da3de03"/>
    </p0826-teimww:contains>
    <p0826-teimww:hasPage knoraType="richtext_value">N.p. [normalized spelling].</p0826-teimww:hasPage>
    <p0826-teimww:hasPageHist knoraType="richtext_value">N.p.</p0826-teimww:hasPageHist>
    <p0826-teimww:hasText knoraType="richtext_value">[A Tinker (with a cord):] &lt;span class="quote"&gt;'Tis bitter cold; &lt;/span&gt;a plague upon these Rogues, how wary they are grown? not a door open now, but double bard, not a window, but up with a case of wood like a spice box, and their locks unpickable, the very smiths that were half venturers, drink penitent single Ale, this is the Iron age, the Ballad sings of; well I shall meet with some of our loose Linen yet, good fellows must not starve; here's he shall show you God a mighty's dog bolts, if this hold. </p0826-teimww:hasText>
    <p0826-teimww:hasTextHist knoraType="richtext_value">[A Tinker (with a cord):] &lt;span class="quote"&gt;'Tis bitter cold; &lt;/span&gt;a plague upon these Rogues, how wary they are growne? not a doore open now, but double bard, not a window, but up with a case of wood like a spice box, and their locks unpickable, the very smithes that were halfe venturers, drink penitent single Ale, this is the Iron age, the Ballad sings of; well I shall meet with some of our loose Linnen yet, good fellowes must not starve; heer's he shall shew you God a mighties dog bolts, if this hold. </p0826-teimww:hasTextHist>
    <p0826-teimww:isMentionedIn>
      <p0826-teimww:passage knoraType="link_value" linkType="ref" target="ww_ef3368db07958d31"/>
    </p0826-teimww:isMentionedIn>
    <p0826-teimww:occursIn>
      <p0826-teimww:book knoraType="link_value" linkType="ref" target="ww_130444632fa8c6c9"/>
    </p0826-teimww:occursIn>
    <p0826-teimww:wasContributedBy>
      <p0826-teimww:person knoraType="link_value" linkType="ref" target="ww_8106744e44c77c96"/>
    </p0826-teimww:wasContributedBy>
  </p0826-teimww:passage>
  <p0826-teimww:passage id="ww_278a956a1228ee69">
    <knoraXmlImport:label>passage</knoraXmlImport:label>
    <p0826-teimww:contains>
      <p0826-teimww:lexia knoraType="link_value" linkType="ref" target="ww_4c64336cbb097d4e"/>
    </p0826-teimww:contains>
    <p0826-teimww:hasPage knoraType="richtext_value">115; act 5.</p0826-teimww:hasPage>
    <p0826-teimww:hasText knoraType="richtext_value">[Justice:] &lt;span class="quote"&gt;There hangs a tale.&lt;/span&gt;</p0826-teimww:hasText>
    <p0826-teimww:isMentionedIn>
      <p0826-teimww:passage knoraType="link_value" linkType="ref" target="ww_fc2c99d85c5d4aa2"/>
    </p0826-teimww:isMentionedIn>
    <p0826-teimww:occursIn>
      <p0826-teimww:book knoraType="link_value" linkType="ref" target="ww_130444632fa8c6c9"/>
    </p0826-teimww:occursIn>
    <p0826-teimww:wasContributedBy>
      <p0826-teimww:person knoraType="link_value" linkType="ref" target="ww_b604df587d93b768"/>
    </p0826-teimww:wasContributedBy>
  </p0826-teimww:passage>
  <p0826-teimww:passage id="ww_fc2c99d85c5d4aa2">
    <knoraXmlImport:label>passage</knoraXmlImport:label>
    <p0826-teimww:occursIn>
      <p0826-teimww:book knoraType="link_value" linkType="ref" target="ww_3e15ab6c612eadae"/>
    </p0826-teimww:occursIn>
  </p0826-teimww:passage>
  <p0826-teimww:passage id="ww_add85a7a0205c7fb">
    <knoraXmlImport:label>passage</knoraXmlImport:label>
    <p0826-teimww:contains>
      <p0826-teimww:lexia knoraType="link_value" linkType="ref" target="ww_9c92af2f65e72011"/>
    </p0826-teimww:contains>
    <p0826-teimww:hasPage knoraType="richtext_value">172; act 1, scene 1, lines 373-374 [normalized spelling].</p0826-teimww:hasPage>
    <p0826-teimww:hasPageHist knoraType="richtext_value">172; act 1, scene 1, lines 373-374.</p0826-teimww:hasPageHist>
    <p0826-teimww:hasText knoraType="richtext_value">[Widow:] Nay prithee tell the cause, come &lt;span class="quote"&gt;here's none but friends.&lt;/span&gt;</p0826-teimww:hasText>
    <p0826-teimww:hasTextHist knoraType="richtext_value">[Widow:] Nay prithie tell the cause, come heer's none but friends.</p0826-teimww:hasTextHist>
    <p0826-teimww:isMentionedIn>
      <p0826-teimww:passage knoraType="link_value" linkType="ref" target="ww_8cf5c6b8194f9ac8"/>
    </p0826-teimww:isMentionedIn>
    <p0826-teimww:occursIn>
      <p0826-teimww:book knoraType="link_value" linkType="ref" target="ww_90bb6791f9507246"/>
    </p0826-teimww:occursIn>
    <p0826-teimww:wasContributedBy>
      <p0826-teimww:person knoraType="link_value" linkType="ref" target="ww_c4063e9c72a3ffd2"/>
    </p0826-teimww:wasContributedBy>
  </p0826-teimww:passage>
  <p0826-teimww:passage id="ww_b892375a5626e5c3">
    <knoraXmlImport:label>passage</knoraXmlImport:label>
    <p0826-teimww:contains>
      <p0826-teimww:lexia knoraType="link_value" linkType="ref" target="ww_b5c7e77f0631c24a"/>
    </p0826-teimww:contains>
    <p0826-teimww:hasPage knoraType="richtext_value">Act 2, scene 1, lines 204-.</p0826-teimww:hasPage>
    <p0826-teimww:hasText knoraType="richtext_value">He's gone! That lightning that a while doth strike&lt;br&gt;
Our eyes with amaz'd greatness, and on a sudden&lt;br&gt;
Leaves us in prison'd darkness.</p0826-teimww:hasText>
    <p0826-teimww:isMentionedIn>
      <p0826-teimww:passage knoraType="link_value" linkType="ref" target="ww_fa154b84be700251"/>
    </p0826-teimww:isMentionedIn>
    <p0826-teimww:occursIn>
      <p0826-teimww:book knoraType="link_value" linkType="ref" target="ww_56e2bc4eb5abe25b"/>
    </p0826-teimww:occursIn>
    <p0826-teimww:wasContributedBy>
      <p0826-teimww:person knoraType="link_value" linkType="ref" target="ww_c4063e9c72a3ffd2"/>
    </p0826-teimww:wasContributedBy>
  </p0826-teimww:passage>
  <p0826-teimww:passage id="ww_427376e408610af7">
    <knoraXmlImport:label>passage</knoraXmlImport:label>
    <p0826-teimww:contains>
      <p0826-teimww:lexia knoraType="link_value" linkType="ref" target="ww_04e07b0c7fe58e54"/>
    </p0826-teimww:contains>
    <p0826-teimww:hasPage knoraType="richtext_value">191-192; act 3, scene 1, lines 2-6 [normalized spelling].</p0826-teimww:hasPage>
    <p0826-teimww:hasPageHist knoraType="richtext_value">191-192; act 3, scene 1, lines 2-6.</p0826-teimww:hasPageHist>
    <p0826-teimww:hasText knoraType="richtext_value">[Subtle:] She's a rare wife believe it, Sir, were all such,&lt;br&gt;
We never should have false inheritors.&lt;br&gt;
[Husband:] Pish friend, &lt;span class="quote"&gt;there is not woman in the world&lt;br&gt;
Can hold out in the end, &lt;/span&gt;if youth, shape, wit,&lt;br&gt;
Met in one subject, do assault her aptly [...].</p0826-teimww:hasText>
    <p0826-teimww:hasTextHist knoraType="richtext_value">[Subtle:] Shee's a rare wife beleeue it, Sir, were all such,&lt;br&gt;
We neuer should have false inheritors.&lt;br&gt;
[Husband:] Pish friend, there is not woman in the world&lt;br&gt;
Can hold out in the end, if youth, shape, wit,&lt;br&gt;
Met in one subject, doe assault her aptlie [...].</p0826-teimww:hasTextHist>
    <p0826-teimww:isMentionedIn>
      <p0826-teimww:passage knoraType="link_value" linkType="ref" target="ww_0495a26e11a9902e"/>
    </p0826-teimww:isMentionedIn>
    <p0826-teimww:occursIn>
      <p0826-teimww:book knoraType="link_value" linkType="ref" target="ww_90bb6791f9507246"/>
    </p0826-teimww:occursIn>
    <p0826-teimww:wasContributedBy>
      <p0826-teimww:person knoraType="link_value" linkType="ref" target="ww_c4063e9c72a3ffd2"/>
    </p0826-teimww:wasContributedBy>
  </p0826-teimww:passage>
  <p0826-teimww:passage id="ww_4218c911260d6cb5">
    <knoraXmlImport:label>passage</knoraXmlImport:label>
    <p0826-teimww:contains>
      <p0826-teimww:lexia knoraType="link_value" linkType="ref" target="ww_3002539d5fe6a9ce"/>
    </p0826-teimww:contains>
    <p0826-teimww:hasPage knoraType="richtext_value">191-192; act 3, scene 1, lines 11-17 [normalized spelling].</p0826-teimww:hasPage>
    <p0826-teimww:hasPageHist knoraType="richtext_value">191-192; act 3, scene 1, lines 11-17.</p0826-teimww:hasPageHist>
    <p0826-teimww:hasText knoraType="richtext_value">[Husband:] [...] &lt;span class="quote"&gt;you must woo discretely; first observe&lt;br&gt;
The disposition of her you attempt,&lt;br&gt;
If she be sprightly and heroical,&lt;br&gt;
Possess her that you are valiant, and have spirit,&lt;br&gt;
Talk nothing but of beating every man&lt;br&gt;
That is your hindrance, though you do not do it,&lt;br&gt;
Or dare not, 'tis no matter.&lt;/span&gt;</p0826-teimww:hasText>
    <p0826-teimww:hasTextHist knoraType="richtext_value">[Husband:] [...] you must wooe discreetely; first obserue&lt;br&gt;
The disposition of her you attempt,&lt;br&gt;
If she be sprightly and heroicall,&lt;br&gt;
Possesse her that you are valiant, and haue spirit,&lt;br&gt;
Talke nothing but of beating euery man&lt;br&gt;
That is your hinderance, though you doe not doe it,&lt;br&gt;
Or dare not, t'is no matter.</p0826-teimww:hasTextHist>
    <p0826-teimww:isMentionedIn>
      <p0826-teimww:passage knoraType="link_value" linkType="ref" target="ww_0495a26e11a9902e"/>
    </p0826-teimww:isMentionedIn>
    <p0826-teimww:occursIn>
      <p0826-teimww:book knoraType="link_value" linkType="ref" target="ww_90bb6791f9507246"/>
    </p0826-teimww:occursIn>
    <p0826-teimww:wasContributedBy>
      <p0826-teimww:person knoraType="link_value" linkType="ref" target="ww_c4063e9c72a3ffd2"/>
    </p0826-teimww:wasContributedBy>
  </p0826-teimww:passage>
  <p0826-teimww:passage id="ww_6eef953d0d8177aa">
    <knoraXmlImport:label>passage</knoraXmlImport:label>
    <p0826-teimww:contains>
      <p0826-teimww:lexia knoraType="link_value" linkType="ref" target="ww_3002539d5fe6a9ce"/>
    </p0826-teimww:contains>
    <p0826-teimww:hasPage knoraType="richtext_value">566-567; act 4, scene 1.</p0826-teimww:hasPage>
    <p0826-teimww:hasPageHist knoraType="richtext_value">566-567; act 4, scene 1.</p0826-teimww:hasPageHist>
    <p0826-teimww:hasText knoraType="richtext_value">[Truewit:] 'Tis true. No more then all birds, or all fishes. If you appear learned to an ignorant wench, or jocund to a sad, or witty to a foolish, why she presently begins to mistrust herself. &lt;span class="quote"&gt;You must approach them i'their own height, their own line: for the contrary makes many that fear to commit themselves to noble and worthy fellows, run into the embraces of a rascal. If she love wit, give verses, though you borrow 'em of a friend, or buy 'em, to have good. If valour, talk of your sword, and be frequent in the mention of quarrels, though you be staunch in fighting. If activity, be seen o' your barbary often, or leaping over stools, for the credit of your back. If she love good clothes or dressing, have your learned counsel about you every morning, your French taylor, barber, linnener et cetera. Let your powder, your glass, and your comb be your dearest acquaintance.&lt;/span&gt; Take more care for the ornament of your head than the safety: and wish the common-wealth rather troubled, than a hair about you. That will take her. Then if she be covetous and craving, do you promise anything, and perform sparingly: so shall you keep her in appetite still. Seem as you would give, but be like a barren field that yields little, or unlucky dice to foolish and hoping gamesters. Let your gifts be slight and dainty, rather then precious. Let cunning be above cost. Give cherries at time of yeare, or apricots; and say they were sent you out o' the country, though you bought 'em in Cheapside . Admire her tears; like her in all fashions; compare her in every habit to some deity; invent excellent dreams to flatter her, and riddles, or, if she bee a great one, performe always the second parts to her: like what she likes, praise whom she praises, and fail not to make the household and servants yours, yea the whole family, and salute 'em by their names: ('tis but light cost if you can purchase 'em so) and make her physician your pensioner, and her chief woman. Nor will it be out of your gain to make love to her too, so she follow, not usher, her ladies' pleasure. All blabbing is taken away, when she comes to be a part of the crime.</p0826-teimww:hasText>
    <p0826-teimww:hasTextHist knoraType="richtext_value">[Truewit:] 'Tis true. No more then all birds, or all fishes. If you appeare learned to an ignorant wench, or iocund to a sad, or witty to a foolish, why shee presently begins to mistrust her selfe. You must approch them i'their owne height, their owne line: for the contrary makes many that feare to commit themselues to noble and worthy fellowes, run into the imbraces of a rascall. If shee loue wit, giue verses, though you borrow 'hem of a friend, or buy 'hem, to haue good. If valour, talke of your sword, and be frequent in the mention of quarrels, though you be staunch in fighting If actiuitie, be seene o'your barbary often, or leaping ouer stooles, for the credit of your back. If shee loue good clothes or dressing, haue your learned counsell about you euery morning, your french taylor, barber, linnener, &amp;c. Let your poulder, your glasse, and your combe, be your dearest acquaintance. Take more care for the ornament of your head, then the safetie: and wish the common-wealth rather troubled, then a haire about you. That will take her. Then if shee be couetous and crauing, doe you promise any thing, and performe sparingly: so shall you keepe her in appetite still. Seeme as you would giue, but be like a barren field that yeelds little, or vnlucky dice, to foolish, and hoping gamesters. Let your gifts be slight, and daintie, rather then pretious. Let cunning be aboue cost. Giue cherries at time of yeere, or apricots; and say they were sent you out o' the countrey, though you bought 'hem in Cheap-side . Admire her tyres; like her in all fashions; compare her in euery habit to some deitie; inuent excellent dreames to flatter her, and riddles, or, if shee bee a great one, performe alwaies the second parts to her: like what shee likes, praise [100]  whom she praises, and faile not to make the houshold and seruants yours, yea the whole family, and salute 'hem by their names: ('tis but light cost if you can purchase 'hem so) and make her physitian your pensioner, and her chiefe woman. Nor will it bee out of your gaine to make loue to her too, so shee follow, not vsher, her ladies pleasure. All blabbing is taken away, when shee comes to be a part of the crime.</p0826-teimww:hasTextHist>
    <p0826-teimww:isMentionedIn>
      <p0826-teimww:passage knoraType="link_value" linkType="ref" target="ww_0495a26e11a9902e"/>
    </p0826-teimww:isMentionedIn>
    <p0826-teimww:occursIn>
      <p0826-teimww:book knoraType="link_value" linkType="ref" target="ww_1e80f9a92e3a09cc"/>
    </p0826-teimww:occursIn>
    <p0826-teimww:wasContributedBy>
      <p0826-teimww:person knoraType="link_value" linkType="ref" target="ww_b604df587d93b768"/>
    </p0826-teimww:wasContributedBy>
  </p0826-teimww:passage>
  <p0826-teimww:passage id="ww_e4b4b93c89540433">
    <knoraXmlImport:label>passage</knoraXmlImport:label>
    <p0826-teimww:contains>
      <p0826-teimww:lexia knoraType="link_value" linkType="ref" target="ww_074e11827d537f2e"/>
    </p0826-teimww:contains>
    <p0826-teimww:hasPage knoraType="richtext_value">2:449-565. 479; act 2, scene 1, lines 39-44 [normalized spelling].</p0826-teimww:hasPage>
    <p0826-teimww:hasPageHist knoraType="richtext_value">2:449-565. 479; act 2, scene 1, lines 39-44.</p0826-teimww:hasPageHist>
    <p0826-teimww:hasText knoraType="richtext_value">[Roger:] Have patience Sir, untill our fellow Nicholas be deceased, that is, asleep: for so the word is taken; &lt;span class="quote"&gt;to sleep to die, to die to sleep&lt;/span&gt;: a very Figure Sir.&lt;br&gt;
[Welford:] Cannot you cast another for the Gentlewoman?&lt;br&gt;
[Roger:] Not till the man be in his bed, his grave; his grave his bed; the very same again Sir.</p0826-teimww:hasText>
    <p0826-teimww:hasTextHist knoraType="richtext_value">[Roger:] Have patience Sir, untill our fellowe Nicholas bee deceast, that is, a sleepe: for so the word is taken; &lt;span class="quote"&gt;to sleepe to die, to die to sleepe&lt;/span&gt;: a very Figure Sir.&lt;br&gt;
[Welford:] Cannot you cast another for the Gentleweomen? (sic)&lt;br&gt;
[Roger:] Not till the man bee in his bed, his grave; his grave his bed; the very same againe Sir.</p0826-teimww:hasTextHist>
    <p0826-teimww:isMentionedIn>
      <p0826-teimww:passage knoraType="link_value" linkType="ref" target="ww_0d279e2b37197032"/>
    </p0826-teimww:isMentionedIn>
    <p0826-teimww:isMentionedIn>
      <p0826-teimww:passage knoraType="link_value" linkType="ref" target="ww_8f15274fb9a2e6fc"/>
    </p0826-teimww:isMentionedIn>
    <p0826-teimww:occursIn>
      <p0826-teimww:book knoraType="link_value" linkType="ref" target="ww_78616e66e6b9adab"/>
    </p0826-teimww:occursIn>
    <p0826-teimww:wasContributedBy>
      <p0826-teimww:person knoraType="link_value" linkType="ref" target="ww_b98e7021b3193ae3"/>
    </p0826-teimww:wasContributedBy>
  </p0826-teimww:passage>
  <p0826-teimww:passage id="ww_0d279e2b37197032">
    <knoraXmlImport:label>passage</knoraXmlImport:label>
    <p0826-teimww:occursIn>
      <p0826-teimww:book knoraType="link_value" linkType="ref" target="ww_91e0dc4c671938fa"/>
    </p0826-teimww:occursIn>
  </p0826-teimww:passage>
  <p0826-teimww:passage id="ww_8f15274fb9a2e6fc">
    <knoraXmlImport:label>passage</knoraXmlImport:label>
    <p0826-teimww:occursIn>
      <p0826-teimww:book knoraType="link_value" linkType="ref" target="ww_1140c36ab545b6d8"/>
    </p0826-teimww:occursIn>
  </p0826-teimww:passage>
  <p0826-teimww:passage id="ww_6467c8e2e312d90f">
    <knoraXmlImport:label>passage</knoraXmlImport:label>
    <p0826-teimww:contains>
      <p0826-teimww:lexia knoraType="link_value" linkType="ref" target="ww_6aefb1e8c16e97a6"/>
    </p0826-teimww:contains>
    <p0826-teimww:contains>
      <p0826-teimww:lexia knoraType="link_value" linkType="ref" target="ww_c9554e0162808f66"/>
    </p0826-teimww:contains>
    <p0826-teimww:hasPage knoraType="richtext_value">202-202; act 3, scene 4, lines 24-29 [normalized spelling].</p0826-teimww:hasPage>
    <p0826-teimww:hasPageHist knoraType="richtext_value">202-203; act 3, scene 4, lines 24-29.</p0826-teimww:hasPageHist>
    <p0826-teimww:hasText knoraType="richtext_value">[Drawer:] [...] I have been at &lt;i&gt;Bess Turnup's&lt;/i&gt; and she swears all the Gentlewomen went to see a Play &lt;span class="quote"&gt;at the Fortune, &lt;/span&gt;and are not come in yet, and she believes they sup with Players.&lt;br&gt;
[Tear-Chops:] Damn me, we must kill all those rogues, we shall never &lt;span class="quote"&gt;keep a whore honest &lt;/span&gt;for them.</p0826-teimww:hasText>
    <p0826-teimww:hasTextHist knoraType="richtext_value">[Drawer:] [...] I haue beene at &lt;i&gt;Besse Turnups&lt;/i&gt; and she sweares all the Gentlewomen went to see a Play at the Fortune, and are not come in yet, and she beleeues they sup with Players.&lt;br&gt;
[Teare-Chops:] Dam-me, we must kill all those rogues, we shall neuer keepe a whore honest for them.</p0826-teimww:hasTextHist>
    <p0826-teimww:isMentionedIn>
      <p0826-teimww:passage knoraType="link_value" linkType="ref" target="ww_76d4a4ac022f6484"/>
    </p0826-teimww:isMentionedIn>
    <p0826-teimww:occursIn>
      <p0826-teimww:book knoraType="link_value" linkType="ref" target="ww_90bb6791f9507246"/>
    </p0826-teimww:occursIn>
    <p0826-teimww:wasContributedBy>
      <p0826-teimww:person knoraType="link_value" linkType="ref" target="ww_c4063e9c72a3ffd2"/>
    </p0826-teimww:wasContributedBy>
  </p0826-teimww:passage>
  <p0826-teimww:passage id="ww_76d4a4ac022f6484">
    <knoraXmlImport:label>passage</knoraXmlImport:label>
    <p0826-teimww:occursIn>
      <p0826-teimww:book knoraType="link_value" linkType="ref" target="ww_df2b8c2f18df151a"/>
    </p0826-teimww:occursIn>
  </p0826-teimww:passage>
  <p0826-teimww:passage id="ww_8bf4236db1e731db">
    <knoraXmlImport:label>passage</knoraXmlImport:label>
    <p0826-teimww:contains>
      <p0826-teimww:lexia knoraType="link_value" linkType="ref" target="ww_9a96b9f497c20db4"/>
    </p0826-teimww:contains>
    <p0826-teimww:hasPage knoraType="richtext_value">101; act 5, scene 1, line 12-13.</p0826-teimww:hasPage>
    <p0826-teimww:hasText knoraType="richtext_value">[D'Amville:] With an amazement behold thine error and &lt;span class="quote"&gt;be planet struck.&lt;/span&gt;</p0826-teimww:hasText>
    <p0826-teimww:isMentionedIn>
      <p0826-teimww:passage knoraType="link_value" linkType="ref" target="ww_cd6e065766a4cd97"/>
    </p0826-teimww:isMentionedIn>
    <p0826-teimww:occursIn>
      <p0826-teimww:book knoraType="link_value" linkType="ref" target="ww_2d0eea6c7b8afc36"/>
    </p0826-teimww:occursIn>
    <p0826-teimww:wasContributedBy>
      <p0826-teimww:person knoraType="link_value" linkType="ref" target="ww_7f35f6802efd910d"/>
    </p0826-teimww:wasContributedBy>
  </p0826-teimww:passage>
  <p0826-teimww:passage id="ww_f871ca174e4355a3">
    <knoraXmlImport:label>passage</knoraXmlImport:label>
    <p0826-teimww:contains>
      <p0826-teimww:lexia knoraType="link_value" linkType="ref" target="ww_d6a5459fd292f03f"/>
    </p0826-teimww:contains>
    <p0826-teimww:contains>
      <p0826-teimww:lexia knoraType="link_value" linkType="ref" target="ww_88076bbdfa4084d2"/>
    </p0826-teimww:contains>
    <p0826-teimww:hasPage knoraType="richtext_value">6-7 [normalized spelling].</p0826-teimww:hasPage>
    <p0826-teimww:hasPageHist knoraType="richtext_value">6-7.</p0826-teimww:hasPageHist>
    <p0826-teimww:hasText knoraType="richtext_value">[Isabella:] Here is a man of a most mild aspect,&lt;br&gt;
Temperate, effeminate, and worthy love,&lt;br&gt;
One that with burning ardor hath pursued me:&lt;br&gt;
A donative he hath of every God;&lt;br&gt;
&lt;i&gt;Apollo &lt;/i&gt;gave him locks, &lt;span class="quote"&gt;&lt;i&gt;Jove &lt;/i&gt;his high front,&lt;br&gt;&lt;/span&gt;
The God of Eloquence his flowing speech,&lt;br&gt;
The feminine Deities strewed all their bounties&lt;br&gt;
And beauty on his face: that eye was &lt;i&gt;Juno's&lt;/i&gt;,&lt;br&gt;
Those lips were his that won the golden Ball,&lt;br&gt;
That virgin-blush &lt;i&gt;Diana's: &lt;/i&gt;here they meet,&lt;br&gt;
As in a sacred Synod.</p0826-teimww:hasText>
    <p0826-teimww:hasTextHist knoraType="richtext_value">[Isabella:] Here is a man of a most milde aspect,&lt;br&gt;
Temperate, effeminate, and worthy loue,&lt;br&gt;
One that with burning ardor hath pursued me:&lt;br&gt;
A donatiue he hath of euery God;&lt;br&gt;
&lt;i&gt;Apollo &lt;/i&gt;gaue him lockes, &lt;span class="quote"&gt;&lt;i&gt;Ioue &lt;/i&gt;his high front,&lt;br&gt;&lt;/span&gt;
The God of Eloquence his flowing speech,&lt;br&gt;
The feminine Deities strowed all their bounties&lt;br&gt;
And beautie on his face: that eye was &lt;i&gt;Iuno's&lt;/i&gt;,&lt;br&gt;
Those lips were his that wonne the golden Ball,&lt;br&gt;
That virgin-blush &lt;i&gt;Diana's: &lt;/i&gt;here they meete,&lt;br&gt;
As in a sacred Synod.</p0826-teimww:hasTextHist>
    <p0826-teimww:isMentionedIn>
      <p0826-teimww:passage knoraType="link_value" linkType="ref" target="ww_3e36bcad990e18df"/>
    </p0826-teimww:isMentionedIn>
    <p0826-teimww:isMentionedIn>
      <p0826-teimww:passage knoraType="link_value" linkType="ref" target="ww_18d32bfa5ca3c34c"/>
    </p0826-teimww:isMentionedIn>
    <p0826-teimww:occursIn>
      <p0826-teimww:book knoraType="link_value" linkType="ref" target="ww_56e2bc4eb5abe25b"/>
    </p0826-teimww:occursIn>
    <p0826-teimww:wasContributedBy>
      <p0826-teimww:person knoraType="link_value" linkType="ref" target="ww_c4063e9c72a3ffd2"/>
    </p0826-teimww:wasContributedBy>
  </p0826-teimww:passage>
  <p0826-teimww:passage id="ww_3e36bcad990e18df">
    <knoraXmlImport:label>passage</knoraXmlImport:label>
    <p0826-teimww:occursIn>
      <p0826-teimww:book knoraType="link_value" linkType="ref" target="ww_91e0dc4c671938fa"/>
    </p0826-teimww:occursIn>
  </p0826-teimww:passage>
  <p0826-teimww:passage id="ww_18d32bfa5ca3c34c">
    <knoraXmlImport:label>passage</knoraXmlImport:label>
    <p0826-teimww:occursIn>
      <p0826-teimww:book knoraType="link_value" linkType="ref" target="ww_1140c36ab545b6d8"/>
    </p0826-teimww:occursIn>
  </p0826-teimww:passage>
  <p0826-teimww:passage id="ww_6f392d7b9ecacfb3">
    <knoraXmlImport:label>passage</knoraXmlImport:label>
    <p0826-teimww:contains>
      <p0826-teimww:lexia knoraType="link_value" linkType="ref" target="ww_8f0d8f9ec81e6c1f"/>
    </p0826-teimww:contains>
    <p0826-teimww:hasPage knoraType="richtext_value">Act 5, scene 4, lines 160-168.</p0826-teimww:hasPage>
    <p0826-teimww:hasText knoraType="richtext_value">[Jailer:] &lt;span class="quote"&gt;A heavy reckoning &lt;/span&gt;for you, sir. But the comfort is, you shall be called to no more payments, fear no more tavern bills, which are often the sadness of parting as the procuring of mirth. You come in faint for want of meat, depart reeling with too much drink; sorry that you have paid too much, and sorry that you are paid too much; &lt;span class="quote"&gt;purse and brain both empty; the brain the heavier for being too light; the purse too light, being drawn of heaviness.&lt;/span&gt;</p0826-teimww:hasText>
    <p0826-teimww:isMentionedIn>
      <p0826-teimww:passage knoraType="link_value" linkType="ref" target="ww_db9c979496d54976"/>
    </p0826-teimww:isMentionedIn>
    <p0826-teimww:occursIn>
      <p0826-teimww:book knoraType="link_value" linkType="ref" target="ww_0103dc75cd6d8928"/>
    </p0826-teimww:occursIn>
    <p0826-teimww:wasContributedBy>
      <p0826-teimww:person knoraType="link_value" linkType="ref" target="ww_c4063e9c72a3ffd2"/>
    </p0826-teimww:wasContributedBy>
  </p0826-teimww:passage>
  <p0826-teimww:passage id="ww_1aba6097cd43033e">
    <knoraXmlImport:label>passage</knoraXmlImport:label>
    <p0826-teimww:contains>
      <p0826-teimww:lexia knoraType="link_value" linkType="ref" target="ww_da57208e59015030"/>
    </p0826-teimww:contains>
    <p0826-teimww:hasPage knoraType="richtext_value">2:449-565. 510; act 3, scene 2, lines 222-25 [normalized spelling].</p0826-teimww:hasPage>
    <p0826-teimww:hasPageHist knoraType="richtext_value">2:449-565. 510; act 3, scene 2, lines 222-25 [normalized spelling].</p0826-teimww:hasPageHist>
    <p0826-teimww:hasText knoraType="richtext_value">[Savill, the Steward:] Now must I hang myself, my friends will look for't.&lt;br&gt;
Eating and sleeping, I do despise you both now:&lt;br&gt;
I will run mad first, and if that get not pity,&lt;br&gt;
&lt;span class="quote"&gt;I'll drown myself, to a most dismal ditty.&lt;/span&gt;</p0826-teimww:hasText>
    <p0826-teimww:hasTextHist knoraType="richtext_value">[Savill, the Steward:] Now must I hang my selfe, my friends will looke for't.&lt;br&gt;
Eating and sleeping, I doe despise you both now:&lt;br&gt;
I will runne mad first, and if that get not pitty,&lt;br&gt;
&lt;span class="quote"&gt;Ile drowne my selfe, to a most dismall ditty.&lt;/span&gt;</p0826-teimww:hasTextHist>
    <p0826-teimww:isMentionedIn>
      <p0826-teimww:passage knoraType="link_value" linkType="ref" target="ww_c8fba7f21d5f9e98"/>
    </p0826-teimww:isMentionedIn>
    <p0826-teimww:isMentionedIn>
      <p0826-teimww:passage knoraType="link_value" linkType="ref" target="ww_ea933de51df08154"/>
    </p0826-teimww:isMentionedIn>
    <p0826-teimww:occursIn>
      <p0826-teimww:book knoraType="link_value" linkType="ref" target="ww_78616e66e6b9adab"/>
    </p0826-teimww:occursIn>
    <p0826-teimww:wasContributedBy>
      <p0826-teimww:person knoraType="link_value" linkType="ref" target="ww_bff7390e4e734f4c"/>
    </p0826-teimww:wasContributedBy>
  </p0826-teimww:passage>
  <p0826-teimww:passage id="ww_c8fba7f21d5f9e98">
    <knoraXmlImport:label>passage</knoraXmlImport:label>
    <p0826-teimww:occursIn>
      <p0826-teimww:book knoraType="link_value" linkType="ref" target="ww_2f65899f08b5bb71"/>
    </p0826-teimww:occursIn>
  </p0826-teimww:passage>
  <p0826-teimww:passage id="ww_d0a620bbe7044b59">
    <knoraXmlImport:label>passage</knoraXmlImport:label>
    <p0826-teimww:contains>
      <p0826-teimww:lexia knoraType="link_value" linkType="ref" target="ww_3d11fab1e02314cb"/>
    </p0826-teimww:contains>
    <p0826-teimww:hasPage knoraType="richtext_value">20.</p0826-teimww:hasPage>
    <p0826-teimww:hasText knoraType="richtext_value">[Isabella:] &lt;span class ="quote"&gt;Good my Lord, be my expositer &lt;/span&gt;[...]. </p0826-teimww:hasText>
    <p0826-teimww:isMentionedIn>
      <p0826-teimww:passage knoraType="link_value" linkType="ref" target="ww_e74da1b36fa82996"/>
    </p0826-teimww:isMentionedIn>
    <p0826-teimww:occursIn>
      <p0826-teimww:book knoraType="link_value" linkType="ref" target="ww_56e2bc4eb5abe25b"/>
    </p0826-teimww:occursIn>
    <p0826-teimww:wasContributedBy>
      <p0826-teimww:person knoraType="link_value" linkType="ref" target="ww_c4063e9c72a3ffd2"/>
    </p0826-teimww:wasContributedBy>
  </p0826-teimww:passage>
  <p0826-teimww:passage id="ww_e74da1b36fa82996">
    <knoraXmlImport:label>passage</knoraXmlImport:label>
    <p0826-teimww:occursIn>
      <p0826-teimww:book knoraType="link_value" linkType="ref" target="ww_e38a56a7efbf9723"/>
    </p0826-teimww:occursIn>
  </p0826-teimww:passage>
  <p0826-teimww:passage id="ww_9418cade1f55f660">
    <knoraXmlImport:label>passage</knoraXmlImport:label>
    <p0826-teimww:contains>
      <p0826-teimww:lexia knoraType="link_value" linkType="ref" target="ww_786236e6b2fac047"/>
    </p0826-teimww:contains>
    <p0826-teimww:hasPage knoraType="richtext_value">5; act 1, scene 1 [normalized spelling].</p0826-teimww:hasPage>
    <p0826-teimww:hasPageHist knoraType="richtext_value">5; act 1, scene 1.</p0826-teimww:hasPageHist>
    <p0826-teimww:hasText knoraType="richtext_value">[Roberto:] See how &lt;span class="quote"&gt;yond Star like beauty in a cloud, &lt;br&gt;
Illumines darkness&lt;/span&gt;, and beguiles the Moon &lt;br&gt;
Of all her glory in the firmament.</p0826-teimww:hasText>
    <p0826-teimww:hasTextHist knoraType="richtext_value">[Roberto:] See how yond Starre like beauty in a cloud, &lt;br&gt;
Illumines darknesse, and beguiles the Moone &lt;br&gt;
Of all her glory in the firmament.</p0826-teimww:hasTextHist>
    <p0826-teimww:isMentionedIn>
      <p0826-teimww:passage knoraType="link_value" linkType="ref" target="ww_5d03171c33b54099"/>
    </p0826-teimww:isMentionedIn>
    <p0826-teimww:occursIn>
      <p0826-teimww:book knoraType="link_value" linkType="ref" target="ww_56e2bc4eb5abe25b"/>
    </p0826-teimww:occursIn>
    <p0826-teimww:wasContributedBy>
      <p0826-teimww:person knoraType="link_value" linkType="ref" target="ww_7f35f6802efd910d"/>
    </p0826-teimww:wasContributedBy>
  </p0826-teimww:passage>
  <p0826-teimww:passage id="ww_ce3a7f7631dce03a">
    <knoraXmlImport:label>passage</knoraXmlImport:label>
    <p0826-teimww:contains>
      <p0826-teimww:lexia knoraType="link_value" linkType="ref" target="ww_0e04de7df51d2d32"/>
    </p0826-teimww:contains>
    <p0826-teimww:hasPage knoraType="richtext_value">7; act 1, scene 1 [normalized spelling].</p0826-teimww:hasPage>
    <p0826-teimww:hasPageHist knoraType="richtext_value">7; Act 1, scene 1.</p0826-teimww:hasPageHist>
    <p0826-teimww:hasText knoraType="richtext_value">Roberto: I ne'er was so kissed, leave thus to please, &lt;br&gt;
&lt;span class="quote"&gt;Flames into flames, seas thou pour'st into seas.&lt;/span&gt;</p0826-teimww:hasText>
    <p0826-teimww:hasTextHist knoraType="richtext_value">Roberto: I ne'er was so kist, leave thus to please, &lt;br&gt;
Flames into flames, seas thou pour'st into seas.</p0826-teimww:hasTextHist>
    <p0826-teimww:isMentionedIn>
      <p0826-teimww:passage knoraType="link_value" linkType="ref" target="ww_17c616b8f9961f81"/>
    </p0826-teimww:isMentionedIn>
    <p0826-teimww:occursIn>
      <p0826-teimww:book knoraType="link_value" linkType="ref" target="ww_56e2bc4eb5abe25b"/>
    </p0826-teimww:occursIn>
    <p0826-teimww:wasContributedBy>
      <p0826-teimww:person knoraType="link_value" linkType="ref" target="ww_7f35f6802efd910d"/>
    </p0826-teimww:wasContributedBy>
  </p0826-teimww:passage>
  <p0826-teimww:passage id="ww_402483e3fdb86403">
    <knoraXmlImport:label>passage</knoraXmlImport:label>
    <p0826-teimww:contains>
      <p0826-teimww:lexia knoraType="link_value" linkType="ref" target="ww_4b6f79c4aa5ec4ed"/>
    </p0826-teimww:contains>
    <p0826-teimww:hasPage knoraType="richtext_value">13.</p0826-teimww:hasPage>
    <p0826-teimww:hasText knoraType="richtext_value">[Mendosa:] Or what say you to a fine scaling &lt;span class="quote"&gt;Ladder of ropes?&lt;/span&gt;</p0826-teimww:hasText>
    <p0826-teimww:isMentionedIn>
      <p0826-teimww:passage knoraType="link_value" linkType="ref" target="ww_cbc07f40664ea9c3"/>
    </p0826-teimww:isMentionedIn>
    <p0826-teimww:occursIn>
      <p0826-teimww:book knoraType="link_value" linkType="ref" target="ww_56e2bc4eb5abe25b"/>
    </p0826-teimww:occursIn>
    <p0826-teimww:wasContributedBy>
      <p0826-teimww:person knoraType="link_value" linkType="ref" target="ww_7f35f6802efd910d"/>
    </p0826-teimww:wasContributedBy>
  </p0826-teimww:passage>
  <p0826-teimww:passage id="ww_5511f96f7759d26b">
    <knoraXmlImport:label>passage</knoraXmlImport:label>
    <p0826-teimww:contains>
      <p0826-teimww:lexia knoraType="link_value" linkType="ref" target="ww_a7aea232a47749cd"/>
    </p0826-teimww:contains>
    <p0826-teimww:hasPage knoraType="richtext_value">17; act 1, scene 1.</p0826-teimww:hasPage>
    <p0826-teimww:hasText knoraType="richtext_value">[Mendosa:] Yet she a &lt;span class="quote"&gt;fresh Bride as the month of May.&lt;/span&gt;</p0826-teimww:hasText>
    <p0826-teimww:isMentionedIn>
      <p0826-teimww:passage knoraType="link_value" linkType="ref" target="ww_b97fe8cee2026ab5"/>
    </p0826-teimww:isMentionedIn>
    <p0826-teimww:occursIn>
      <p0826-teimww:book knoraType="link_value" linkType="ref" target="ww_56e2bc4eb5abe25b"/>
    </p0826-teimww:occursIn>
    <p0826-teimww:wasContributedBy>
      <p0826-teimww:person knoraType="link_value" linkType="ref" target="ww_7f35f6802efd910d"/>
    </p0826-teimww:wasContributedBy>
  </p0826-teimww:passage>
  <p0826-teimww:passage id="ww_45025836c3f71d88">
    <knoraXmlImport:label>passage</knoraXmlImport:label>
    <p0826-teimww:contains>
      <p0826-teimww:lexia knoraType="link_value" linkType="ref" target="ww_2c403092d5ee953f"/>
    </p0826-teimww:contains>
    <p0826-teimww:hasPage knoraType="richtext_value">19; act 2, scene 1.</p0826-teimww:hasPage>
    <p0826-teimww:hasText knoraType="richtext_value">[Roberto:] &lt;span class="quote"&gt;Angels of grace, &lt;/span&gt;Amen, Amen, say to't.</p0826-teimww:hasText>
    <p0826-teimww:isMentionedIn>
      <p0826-teimww:passage knoraType="link_value" linkType="ref" target="ww_a6c86f8218f0c2ee"/>
    </p0826-teimww:isMentionedIn>
    <p0826-teimww:occursIn>
      <p0826-teimww:book knoraType="link_value" linkType="ref" target="ww_56e2bc4eb5abe25b"/>
    </p0826-teimww:occursIn>
    <p0826-teimww:wasContributedBy>
      <p0826-teimww:person knoraType="link_value" linkType="ref" target="ww_7f35f6802efd910d"/>
    </p0826-teimww:wasContributedBy>
  </p0826-teimww:passage>
  <p0826-teimww:passage id="ww_63d4056cdc5a4155">
    <knoraXmlImport:label>passage</knoraXmlImport:label>
    <p0826-teimww:contains>
      <p0826-teimww:lexia knoraType="link_value" linkType="ref" target="ww_3883a7e46aec28a6"/>
    </p0826-teimww:contains>
    <p0826-teimww:hasPage knoraType="richtext_value">99; act 4, scene 5, lines 78-79.</p0826-teimww:hasPage>
    <p0826-teimww:hasText knoraType="richtext_value">[Levidulcia:] [...] &lt;span class="quote"&gt;The sea wants water enough to wash away &lt;/span&gt;[...] &lt;br&gt;
The foulness of my name.</p0826-teimww:hasText>
    <p0826-teimww:isMentionedIn>
      <p0826-teimww:passage knoraType="link_value" linkType="ref" target="ww_32aaf5cb209843ad"/>
    </p0826-teimww:isMentionedIn>
    <p0826-teimww:occursIn>
      <p0826-teimww:book knoraType="link_value" linkType="ref" target="ww_2d0eea6c7b8afc36"/>
    </p0826-teimww:occursIn>
    <p0826-teimww:wasContributedBy>
      <p0826-teimww:person knoraType="link_value" linkType="ref" target="ww_b604df587d93b768"/>
    </p0826-teimww:wasContributedBy>
  </p0826-teimww:passage>
  <p0826-teimww:passage id="ww_09ff688afef39dc2">
    <knoraXmlImport:label>passage</knoraXmlImport:label>
    <p0826-teimww:contains>
      <p0826-teimww:lexia knoraType="link_value" linkType="ref" target="ww_3e9f6e448f9f3926"/>
    </p0826-teimww:contains>
    <p0826-teimww:hasPage knoraType="richtext_value">24; act 2, scene 1.</p0826-teimww:hasPage>
    <p0826-teimww:hasText knoraType="richtext_value">[Claridiana:] &lt;span class="quote"&gt;Candied Eringoes&lt;/span&gt;, I beseech thee.</p0826-teimww:hasText>
    <p0826-teimww:isMentionedIn>
      <p0826-teimww:passage knoraType="link_value" linkType="ref" target="ww_d5c21d4d43da6ed1"/>
    </p0826-teimww:isMentionedIn>
    <p0826-teimww:isMentionedIn>
      <p0826-teimww:passage knoraType="link_value" linkType="ref" target="ww_096a5d72d5fb0ab4"/>
    </p0826-teimww:isMentionedIn>
    <p0826-teimww:occursIn>
      <p0826-teimww:book knoraType="link_value" linkType="ref" target="ww_56e2bc4eb5abe25b"/>
    </p0826-teimww:occursIn>
    <p0826-teimww:wasContributedBy>
      <p0826-teimww:person knoraType="link_value" linkType="ref" target="ww_7f35f6802efd910d"/>
    </p0826-teimww:wasContributedBy>
  </p0826-teimww:passage>
  <p0826-teimww:passage id="ww_f717c50ebaf59e08">
    <knoraXmlImport:label>passage</knoraXmlImport:label>
    <p0826-teimww:contains>
      <p0826-teimww:lexia knoraType="link_value" linkType="ref" target="ww_d0d70e1ed0d1472b"/>
    </p0826-teimww:contains>
    <p0826-teimww:hasPage knoraType="richtext_value">27; act 2, scene 1 [normalized spelling].</p0826-teimww:hasPage>
    <p0826-teimww:hasPageHist knoraType="richtext_value">27; act 2, scene 1.</p0826-teimww:hasPageHist>
    <p0826-teimww:hasText knoraType="richtext_value">[Abigail:] Thais; you're an early riser. I have that to show will make &lt;span class="quote"&gt;your hair stand an-end&lt;/span&gt;.</p0826-teimww:hasText>
    <p0826-teimww:hasTextHist knoraType="richtext_value">[Abigail:] Thais; you're an earely riser. I have that to shew will make your hayre stand an-end.</p0826-teimww:hasTextHist>
    <p0826-teimww:isMentionedIn>
      <p0826-teimww:passage knoraType="link_value" linkType="ref" target="ww_e3c2f1799c28f7e5"/>
    </p0826-teimww:isMentionedIn>
    <p0826-teimww:occursIn>
      <p0826-teimww:book knoraType="link_value" linkType="ref" target="ww_56e2bc4eb5abe25b"/>
    </p0826-teimww:occursIn>
    <p0826-teimww:wasContributedBy>
      <p0826-teimww:person knoraType="link_value" linkType="ref" target="ww_7f35f6802efd910d"/>
    </p0826-teimww:wasContributedBy>
  </p0826-teimww:passage>
  <p0826-teimww:passage id="ww_e3c2f1799c28f7e5">
    <knoraXmlImport:label>passage</knoraXmlImport:label>
    <p0826-teimww:occursIn>
      <p0826-teimww:book knoraType="link_value" linkType="ref" target="ww_e38a56a7efbf9723"/>
    </p0826-teimww:occursIn>
  </p0826-teimww:passage>
  <p0826-teimww:passage id="ww_d17aeaacd6e6143c">
    <knoraXmlImport:label>passage</knoraXmlImport:label>
    <p0826-teimww:contains>
      <p0826-teimww:lexia knoraType="link_value" linkType="ref" target="ww_3883a7e46aec28a6"/>
    </p0826-teimww:contains>
    <p0826-teimww:hasPage knoraType="richtext_value">69 [normalized spelling].</p0826-teimww:hasPage>
    <p0826-teimww:hasPageHist knoraType="richtext_value">69.</p0826-teimww:hasPageHist>
    <p0826-teimww:hasText knoraType="richtext_value">[Don Sago:] &lt;span class="quote"&gt;Although Neptolis cold, the waves of all the northern sea,&lt;br&gt;
Should flow forever, through these guilty hands,&lt;br&gt;
Yet the sanguinolent stain would extant be.&lt;/span&gt;</p0826-teimww:hasText>
    <p0826-teimww:hasTextHist knoraType="richtext_value">[Don Sago:] &lt;span class="quote"&gt;Although Neptolis cold, the waves of all the northerne sea,&lt;br&gt;
Should flow for ever, through these guiltie hands,&lt;br&gt;
Yet the sanguinolent staine would extant be.&lt;/span&gt;</p0826-teimww:hasTextHist>
    <p0826-teimww:isMentionedIn>
      <p0826-teimww:passage knoraType="link_value" linkType="ref" target="ww_74e52ccf971432d7"/>
    </p0826-teimww:isMentionedIn>
    <p0826-teimww:occursIn>
      <p0826-teimww:book knoraType="link_value" linkType="ref" target="ww_56e2bc4eb5abe25b"/>
    </p0826-teimww:occursIn>
    <p0826-teimww:wasContributedBy>
      <p0826-teimww:person knoraType="link_value" linkType="ref" target="ww_c4063e9c72a3ffd2"/>
    </p0826-teimww:wasContributedBy>
  </p0826-teimww:passage>
  <p0826-teimww:passage id="ww_74e52ccf971432d7">
    <knoraXmlImport:label>passage</knoraXmlImport:label>
    <p0826-teimww:occursIn>
      <p0826-teimww:book knoraType="link_value" linkType="ref" target="ww_5af91280461707f1"/>
    </p0826-teimww:occursIn>
  </p0826-teimww:passage>
  <p0826-teimww:passage id="ww_49af057984dd24e4">
    <knoraXmlImport:label>passage</knoraXmlImport:label>
    <p0826-teimww:contains>
      <p0826-teimww:lexia knoraType="link_value" linkType="ref" target="ww_e33e74db5b667e8c"/>
    </p0826-teimww:contains>
    <p0826-teimww:contains>
      <p0826-teimww:lexia knoraType="link_value" linkType="ref" target="ww_8903b192e4a0a31d"/>
    </p0826-teimww:contains>
    <p0826-teimww:hasPage knoraType="richtext_value">27; act 2, scene 1 [normalized spelling].</p0826-teimww:hasPage>
    <p0826-teimww:hasPageHist knoraType="richtext_value">27; act 2, scene 1.</p0826-teimww:hasPageHist>
    <p0826-teimww:hasText knoraType="richtext_value">[Abigail:] [...] here's a &lt;span class="quote"&gt;white sheet, that your husband has promised me to do penance&lt;/span&gt; in: you must not think to &lt;span class="quote"&gt;dance the shaking of the sheets&lt;/span&gt; alone [...]</p0826-teimww:hasText>
    <p0826-teimww:hasTextHist knoraType="richtext_value">[Abigail:] [...] here's &lt;span class="quote"&gt;a white sheete, that your husband has promist me to do penance in: you must not thinke to dance the shaking of the sheetes alone [...]&lt;/span&gt;</p0826-teimww:hasTextHist>
    <p0826-teimww:isMentionedIn>
      <p0826-teimww:passage knoraType="link_value" linkType="ref" target="ww_51f426f16e8885ca"/>
    </p0826-teimww:isMentionedIn>
    <p0826-teimww:occursIn>
      <p0826-teimww:book knoraType="link_value" linkType="ref" target="ww_56e2bc4eb5abe25b"/>
    </p0826-teimww:occursIn>
    <p0826-teimww:wasContributedBy>
      <p0826-teimww:person knoraType="link_value" linkType="ref" target="ww_7f35f6802efd910d"/>
    </p0826-teimww:wasContributedBy>
  </p0826-teimww:passage>
  <p0826-teimww:passage id="ww_dcbfe3b7eed700db">
    <knoraXmlImport:label>passage</knoraXmlImport:label>
    <p0826-teimww:contains>
      <p0826-teimww:lexia knoraType="link_value" linkType="ref" target="ww_7a72181ddf49de6f"/>
    </p0826-teimww:contains>
    <p0826-teimww:hasPage knoraType="richtext_value">32; Act 2, scene 1 [normalized spelling].</p0826-teimww:hasPage>
    <p0826-teimww:hasPageHist knoraType="richtext_value">32; act 2, scene 1.</p0826-teimww:hasPageHist>
    <p0826-teimww:hasText knoraType="richtext_value">&lt;span class="quote"&gt;Even as a head-strong courser bears away, &lt;br&gt;
His rider vainly striving him to stay. &lt;br&gt;
Or as a sudden gale thrusts into sea, &lt;br&gt;
The heaven-touching bark now near the lea. &lt;br&gt;
So wavering Cupid brings me back amain, &lt;br&gt;
And purple love resumes his darts again.&lt;br&gt;
Here of themselves thy shafts come, as if shot;  &lt;br&gt;
Better then I their quiver knows them not. &lt;/span&gt;</p0826-teimww:hasText>
    <p0826-teimww:hasTextHist knoraType="richtext_value">&lt;span class="quote"&gt;Even as a head-strong courser beares away, &lt;br&gt;
His rider vainely striving him to stay. &lt;br&gt;
Or as a sodaine gale thrusts into sea, &lt;br&gt;
The heaven-touching barke now neare the lea. &lt;br&gt;
So wavering Cupid brings me backe amaine, &lt;br&gt;
And purple love resumes his darts againe.&lt;/span&gt;</p0826-teimww:hasTextHist>
    <p0826-teimww:isMentionedIn>
      <p0826-teimww:passage knoraType="link_value" linkType="ref" target="ww_e70cb202a0ffe0d0"/>
    </p0826-teimww:isMentionedIn>
    <p0826-teimww:occursIn>
      <p0826-teimww:book knoraType="link_value" linkType="ref" target="ww_56e2bc4eb5abe25b"/>
    </p0826-teimww:occursIn>
    <p0826-teimww:wasContributedBy>
      <p0826-teimww:person knoraType="link_value" linkType="ref" target="ww_7f35f6802efd910d"/>
    </p0826-teimww:wasContributedBy>
  </p0826-teimww:passage>
  <p0826-teimww:passage id="ww_91b93a3b5e188dd3">
    <knoraXmlImport:label>passage</knoraXmlImport:label>
    <p0826-teimww:contains>
      <p0826-teimww:lexia knoraType="link_value" linkType="ref" target="ww_b4baccadcbab40b1"/>
    </p0826-teimww:contains>
    <p0826-teimww:hasPage knoraType="richtext_value">34; Act 2, scene 1 [normalized spelling].</p0826-teimww:hasPage>
    <p0826-teimww:hasPageHist knoraType="richtext_value">34; act 2, scene 1.</p0826-teimww:hasPageHist>
    <p0826-teimww:hasText knoraType="richtext_value">[Claridiana:] &lt;span class="quote"&gt;The staff is now advancing for the rest, &lt;br&gt;
and when I tilt; Rogero aware thy crest.&lt;/span&gt;</p0826-teimww:hasText>
    <p0826-teimww:hasTextHist knoraType="richtext_value">[Claridiana:] &lt;span class="quote"&gt;The staffe is now advancing for the rest, &lt;br&gt;
and when I tilt; Rogero 'ware thy crest.&lt;/span&gt;</p0826-teimww:hasTextHist>
    <p0826-teimww:isMentionedIn>
      <p0826-teimww:passage knoraType="link_value" linkType="ref" target="ww_1a3e1e19b88e5421"/>
    </p0826-teimww:isMentionedIn>
    <p0826-teimww:occursIn>
      <p0826-teimww:book knoraType="link_value" linkType="ref" target="ww_56e2bc4eb5abe25b"/>
    </p0826-teimww:occursIn>
    <p0826-teimww:wasContributedBy>
      <p0826-teimww:person knoraType="link_value" linkType="ref" target="ww_7f35f6802efd910d"/>
    </p0826-teimww:wasContributedBy>
  </p0826-teimww:passage>
  <p0826-teimww:passage id="ww_3006ceaa5459041a">
    <knoraXmlImport:label>passage</knoraXmlImport:label>
    <p0826-teimww:contains>
      <p0826-teimww:lexia knoraType="link_value" linkType="ref" target="ww_a70f2f38c9af9ab8"/>
    </p0826-teimww:contains>
    <p0826-teimww:hasPage knoraType="richtext_value">Title page.</p0826-teimww:hasPage>
    <p0826-teimww:hasText knoraType="richtext_value">&lt;span class="quote"&gt;A Christian turn'd Turke&lt;/span&gt;</p0826-teimww:hasText>
    <p0826-teimww:isMentionedIn>
      <p0826-teimww:passage knoraType="link_value" linkType="ref" target="ww_0ad1a657e934d9cc"/>
    </p0826-teimww:isMentionedIn>
    <p0826-teimww:isMentionedIn>
      <p0826-teimww:passage knoraType="link_value" linkType="ref" target="ww_6f0916ff420717a0"/>
    </p0826-teimww:isMentionedIn>
    <p0826-teimww:occursIn>
      <p0826-teimww:book knoraType="link_value" linkType="ref" target="ww_c94b6adc809cb229"/>
    </p0826-teimww:occursIn>
    <p0826-teimww:wasContributedBy>
      <p0826-teimww:person knoraType="link_value" linkType="ref" target="ww_c4063e9c72a3ffd2"/>
    </p0826-teimww:wasContributedBy>
  </p0826-teimww:passage>
  <p0826-teimww:passage id="ww_6f0916ff420717a0">
    <knoraXmlImport:label>passage</knoraXmlImport:label>
    <p0826-teimww:occursIn>
      <p0826-teimww:book knoraType="link_value" linkType="ref" target="ww_3e15ab6c612eadae"/>
    </p0826-teimww:occursIn>
  </p0826-teimww:passage>
  <p0826-teimww:passage id="ww_a06aacc2f0f96095">
    <knoraXmlImport:label>passage</knoraXmlImport:label>
    <p0826-teimww:contains>
      <p0826-teimww:lexia knoraType="link_value" linkType="ref" target="ww_143e4d42e0ca1328"/>
    </p0826-teimww:contains>
    <p0826-teimww:hasPage knoraType="richtext_value">N.p. [normalized spelling].</p0826-teimww:hasPage>
    <p0826-teimww:hasText knoraType="richtext_value">&lt;span class="quote"&gt;O love too sweet, in the digestion sour.&lt;/span&gt;</p0826-teimww:hasText>
    <p0826-teimww:hasTextHist knoraType="richtext_value">O loue too sweet, in the digestion sour.</p0826-teimww:hasTextHist>
    <p0826-teimww:isMentionedIn>
      <p0826-teimww:passage knoraType="link_value" linkType="ref" target="ww_e67593215e3cd139"/>
    </p0826-teimww:isMentionedIn>
    <p0826-teimww:occursIn>
      <p0826-teimww:book knoraType="link_value" linkType="ref" target="ww_580eeaca92b9d6d8"/>
    </p0826-teimww:occursIn>
    <p0826-teimww:wasContributedBy>
      <p0826-teimww:person knoraType="link_value" linkType="ref" target="ww_c4063e9c72a3ffd2"/>
    </p0826-teimww:wasContributedBy>
  </p0826-teimww:passage>
  <p0826-teimww:passage id="ww_e67593215e3cd139">
    <knoraXmlImport:label>passage</knoraXmlImport:label>
    <p0826-teimww:occursIn>
      <p0826-teimww:book knoraType="link_value" linkType="ref" target="ww_1346944d637cbc76"/>
    </p0826-teimww:occursIn>
  </p0826-teimww:passage>
  <p0826-teimww:passage id="ww_e7bac74a16811d67">
    <knoraXmlImport:label>passage</knoraXmlImport:label>
    <p0826-teimww:contains>
      <p0826-teimww:lexia knoraType="link_value" linkType="ref" target="ww_3f2a516bb14f8303"/>
    </p0826-teimww:contains>
    <p0826-teimww:hasPage knoraType="richtext_value">Act 3, scene 3, line 64.</p0826-teimww:hasPage>
    <p0826-teimww:hasText knoraType="richtext_value">&lt;span class="quote"&gt;(He exits, pursued by a bear.)&lt;/span&gt;</p0826-teimww:hasText>
    <p0826-teimww:isMentionedIn>
      <p0826-teimww:passage knoraType="link_value" linkType="ref" target="ww_7c48d8c846449ff0"/>
    </p0826-teimww:isMentionedIn>
    <p0826-teimww:occursIn>
      <p0826-teimww:book knoraType="link_value" linkType="ref" target="ww_10467667a0394967"/>
    </p0826-teimww:occursIn>
    <p0826-teimww:wasContributedBy>
      <p0826-teimww:person knoraType="link_value" linkType="ref" target="ww_b604df587d93b768"/>
    </p0826-teimww:wasContributedBy>
  </p0826-teimww:passage>
  <p0826-teimww:passage id="ww_7c48d8c846449ff0">
    <knoraXmlImport:label>passage</knoraXmlImport:label>
    <p0826-teimww:occursIn>
      <p0826-teimww:book knoraType="link_value" linkType="ref" target="ww_b908ae26c4f3afcf"/>
    </p0826-teimww:occursIn>
  </p0826-teimww:passage>
  <p0826-teimww:passage id="ww_13968e7dbc546138">
    <knoraXmlImport:label>passage</knoraXmlImport:label>
    <p0826-teimww:contains>
      <p0826-teimww:lexia knoraType="link_value" linkType="ref" target="ww_9b5ed7ccfe5d90aa"/>
    </p0826-teimww:contains>
    <p0826-teimww:hasPage knoraType="richtext_value">1696; act 3, scene 2, lines 187-189.</p0826-teimww:hasPage>
    <p0826-teimww:hasText knoraType="richtext_value">[Francisco:] As in cold countries husbandmen plant&lt;span class="quote"&gt; vines, &lt;br&gt;
And with warm blood manure them, even so &lt;br&gt;
One summer she will bear unsavoury fruit&lt;/span&gt;</p0826-teimww:hasText>
    <p0826-teimww:isMentionedIn>
      <p0826-teimww:passage knoraType="link_value" linkType="ref" target="ww_6fa60ba69ddaaf25"/>
    </p0826-teimww:isMentionedIn>
    <p0826-teimww:occursIn>
      <p0826-teimww:book knoraType="link_value" linkType="ref" target="ww_51a308c9b1ba699d"/>
    </p0826-teimww:occursIn>
    <p0826-teimww:wasContributedBy>
      <p0826-teimww:person knoraType="link_value" linkType="ref" target="ww_7f35f6802efd910d"/>
    </p0826-teimww:wasContributedBy>
  </p0826-teimww:passage>
  <p0826-teimww:passage id="ww_5e0aaa2f6d1e4ede">
    <knoraXmlImport:label>passage</knoraXmlImport:label>
    <p0826-teimww:contains>
      <p0826-teimww:lexia knoraType="link_value" linkType="ref" target="ww_7eae344ff016ddad"/>
    </p0826-teimww:contains>
    <p0826-teimww:contains>
      <p0826-teimww:lexia knoraType="link_value" linkType="ref" target="ww_d679850439ed85ec"/>
    </p0826-teimww:contains>
    <p0826-teimww:contains>
      <p0826-teimww:lexia knoraType="link_value" linkType="ref" target="ww_19834ac1481fe17b"/>
    </p0826-teimww:contains>
    <p0826-teimww:contains>
      <p0826-teimww:lexia knoraType="link_value" linkType="ref" target="ww_b643487c9890f788"/>
    </p0826-teimww:contains>
    <p0826-teimww:hasPage knoraType="richtext_value">1735-1736; act 5, scene 4, lines 72-113.</p0826-teimww:hasPage>
    <p0826-teimww:hasPageHist knoraType="richtext_value">N.p.; act 5, scene 4.</p0826-teimww:hasPageHist>
    <p0826-teimww:hasText knoraType="richtext_value">[The Moore:] Look you; who are yonder. &lt;br&gt;
[Cornelia:] &lt;span class="quote"&gt;O reach me the flowers&lt;/span&gt;. &lt;br&gt;
[The Moore:] &lt;span class="quote"&gt;Her Ladyships foolish&lt;/span&gt;. &lt;br&gt;
[Woman:] Alas! her grief &lt;br&gt;
Hath turn'd her child again. &lt;br&gt;
[Cornelia:] You're very welcome. &lt;br&gt;
&lt;span class="quote"&gt;There's Rosemary for you, and Rue for you&lt;/span&gt;, (to Flamineo). &lt;br&gt;
Hearts-ease for you. I pray make much of it. &lt;br&gt;
I have left more for myself. [...] &lt;br&gt;
Call for the Robin-Red-brest and the wren, &lt;br&gt;
Since o'er shady groves they hover, (Cornelia doth this in several forms of distraction)&lt;br&gt;
And with leaves and flowers do cover &lt;br&gt;
&lt;span class="quote"&gt;The friendless bodies of unburied men. &lt;br&gt;
Call unto his funeral Dole &lt;br&gt;&lt;/span&gt;
The Ant, the field-mouse, and the mole &lt;br&gt;
To rear him hillocks, that shall keep him warm, &lt;br&gt;
And (when gay tombs are rob'd) sustain no harm, &lt;br&gt;
But keep the wolf far thence: that's foe to men, &lt;br&gt;
For with his nails he'll dig them up again. &lt;br&gt;
They would not bury him 'cause he died in a quarrel &lt;br&gt;
But I have an answer for them. &lt;br&gt;
Let holy Church receive him duly &lt;br&gt;
Since he payed the Church tithes truly. &lt;br&gt;
His wealth is sum'd, and this is all his store: &lt;br&gt;
This poor men get; and great men get no more. &lt;br&gt;
Now the wares are gone, we may shut up shop. &lt;br&gt;
&lt;span class="quote"&gt;Bless you all good people.&lt;/span&gt;</p0826-teimww:hasText>
    <p0826-teimww:hasTextHist knoraType="richtext_value">[The Moore:] Looke you; who are yonder. &lt;br&gt;
[Cornelia:] O reach mee the flowers. &lt;br&gt;
[The Moore:] Her Ladiships foolish. &lt;br&gt;
[Woman:] Alas! her grief &lt;br&gt;
Hath turn'd her child againe. &lt;br&gt;
[Cornelia:] You're very wellcome. &lt;br&gt;
&lt;span class="quote"&gt;There's Rosemarie for you, and Rue for you&lt;/span&gt;, (to Flamineo). &lt;br&gt;
Hearts-ease for you. I pray make much of it. &lt;br&gt;
I haue left more for my selfe. [...] &lt;br&gt;
Call for the Robin-Red-brest and the wren, &lt;br&gt;
Since ore shadie groues they houer, (Cornelia doth this in seuerall formes of distraction). &lt;br&gt;
And with leaues and flowres doe couer &lt;br&gt;
The friendlesse bodies of vnburied men. &lt;br&gt;
Call vnto his funerall Dole &lt;br&gt;
The Ante, the field-mouse, and the mole &lt;br&gt;
To reare him hillockes, that shall keepe him warme, &lt;br&gt;
And (when gay tombes are rob'd) sustaine no harme, &lt;br&gt;
But keepe the wolfe far thence: that's foe to men, &lt;br&gt;
For with his nailes hee'l dig them vp agen. &lt;br&gt;
They would not bury him 'cause hee died in a quarrell &lt;br&gt;
But I haue an answere for them. &lt;br&gt;
Let holie Church receiue him duly &lt;br&gt;
Since hee payd the Church tithes truly. &lt;br&gt;
His wealth is sum'd, and this is all his store: &lt;br&gt;
This poore men get; and great men get no more. &lt;br&gt;
Now the wares are gone, wee may shut vp shop. &lt;br&gt;
&lt;span class="quote"&gt;Blesse you all good people.&lt;/span&gt;</p0826-teimww:hasTextHist>
    <p0826-teimww:isMentionedIn>
      <p0826-teimww:passage knoraType="link_value" linkType="ref" target="ww_e13a4764e8747594"/>
    </p0826-teimww:isMentionedIn>
    <p0826-teimww:isMentionedIn>
      <p0826-teimww:passage knoraType="link_value" linkType="ref" target="ww_2fc027d4d9b8c4cb"/>
    </p0826-teimww:isMentionedIn>
    <p0826-teimww:occursIn>
      <p0826-teimww:book knoraType="link_value" linkType="ref" target="ww_51a308c9b1ba699d"/>
    </p0826-teimww:occursIn>
    <p0826-teimww:wasContributedBy>
      <p0826-teimww:person knoraType="link_value" linkType="ref" target="ww_b98e7021b3193ae3"/>
    </p0826-teimww:wasContributedBy>
  </p0826-teimww:passage>
  <p0826-teimww:passage id="ww_e13a4764e8747594">
    <knoraXmlImport:label>passage</knoraXmlImport:label>
    <p0826-teimww:occursIn>
      <p0826-teimww:book knoraType="link_value" linkType="ref" target="ww_91e0dc4c671938fa"/>
    </p0826-teimww:occursIn>
  </p0826-teimww:passage>
  <p0826-teimww:passage id="ww_290632db81014135">
    <knoraXmlImport:label>passage</knoraXmlImport:label>
    <p0826-teimww:contains>
      <p0826-teimww:lexia knoraType="link_value" linkType="ref" target="ww_b4baccadcbab40b1"/>
    </p0826-teimww:contains>
    <p0826-teimww:hasPage knoraType="richtext_value">1689 and 1691; act 3, scene 1, lines 14-16 and 65-70.</p0826-teimww:hasPage>
    <p0826-teimww:hasText knoraType="richtext_value">[Flamineo:] Or cuckolds, for your cuckold is your most terrible tickler of lechery. &lt;span class="quote"&gt;Whore-masters would serve, for none are judges at tilting, but those that have been old Tilters&lt;/span&gt;.
&lt;br&gt;
&lt;br&gt;
[Lawer:] Oh, my sprightly Frenchman. do you know him? He's an admirable Tilter.&lt;br&gt;

[Flamineo:] &lt;span class="quote"&gt;I saw him at last Tilting, he showed like a pewter candlestick fashioned like a man in armour, holding a Tilting staff in his hand, little bigger than a candle of twelve i'th pound&lt;/span&gt;.</p0826-teimww:hasText>
    <p0826-teimww:isMentionedIn>
      <p0826-teimww:passage knoraType="link_value" linkType="ref" target="ww_1a3e1e19b88e5421"/>
    </p0826-teimww:isMentionedIn>
    <p0826-teimww:occursIn>
      <p0826-teimww:book knoraType="link_value" linkType="ref" target="ww_51a308c9b1ba699d"/>
    </p0826-teimww:occursIn>
    <p0826-teimww:wasContributedBy>
      <p0826-teimww:person knoraType="link_value" linkType="ref" target="ww_7f35f6802efd910d"/>
    </p0826-teimww:wasContributedBy>
  </p0826-teimww:passage>
  <p0826-teimww:passage id="ww_4b11f6077709f58d">
    <knoraXmlImport:label>passage</knoraXmlImport:label>
    <p0826-teimww:contains>
      <p0826-teimww:lexia knoraType="link_value" linkType="ref" target="ww_b85d3e24aadc24a6"/>
    </p0826-teimww:contains>
    <p0826-teimww:hasPage knoraType="richtext_value">35; "The Triumph of Love" [spelling normalized].</p0826-teimww:hasPage>
    <p0826-teimww:hasPageHist knoraType="richtext_value">35; "The Triumph of Love".</p0826-teimww:hasPageHist>
    <p0826-teimww:hasText knoraType="richtext_value">[Dorothea:] [...] she had more &lt;br&gt;
need of Mace-ale, and &lt;span class="quote"&gt;Rhenish-wine &lt;/span&gt;Candles, heaven knows, &lt;br&gt;
than your aged discipline. </p0826-teimww:hasText>
    <p0826-teimww:hasTextHist knoraType="richtext_value">[Dorothea:] [...] she had more &lt;br&gt;
need of Mace-ale, and Renish-wine Candles, heaven knows, &lt;br&gt;
then your aged discipline. </p0826-teimww:hasTextHist>
    <p0826-teimww:isMentionedIn>
      <p0826-teimww:passage knoraType="link_value" linkType="ref" target="ww_d742ba8a6786ed1b"/>
    </p0826-teimww:isMentionedIn>
    <p0826-teimww:occursIn>
      <p0826-teimww:book knoraType="link_value" linkType="ref" target="ww_83f40524c281e8de"/>
    </p0826-teimww:occursIn>
    <p0826-teimww:wasContributedBy>
      <p0826-teimww:person knoraType="link_value" linkType="ref" target="ww_b604df587d93b768"/>
    </p0826-teimww:wasContributedBy>
  </p0826-teimww:passage>
  <p0826-teimww:passage id="ww_d742ba8a6786ed1b">
    <knoraXmlImport:label>passage</knoraXmlImport:label>
    <p0826-teimww:occursIn>
      <p0826-teimww:book knoraType="link_value" linkType="ref" target="ww_3e15ab6c612eadae"/>
    </p0826-teimww:occursIn>
  </p0826-teimww:passage>
  <p0826-teimww:passage id="ww_6272897065d80fcd">
    <knoraXmlImport:label>passage</knoraXmlImport:label>
    <p0826-teimww:contains>
      <p0826-teimww:lexia knoraType="link_value" linkType="ref" target="ww_46b7ad583a13fd15"/>
    </p0826-teimww:contains>
    <p0826-teimww:hasPage knoraType="richtext_value">30; in The Triumph of Honour. [spelling normalized].</p0826-teimww:hasPage>
    <p0826-teimww:hasPageHist knoraType="richtext_value">30; in The Triumph of Honour.</p0826-teimww:hasPageHist>
    <p0826-teimww:hasText knoraType="richtext_value">[Dorigen:] Perish, &lt;i&gt;Martius&lt;/i&gt;, then; &lt;br&gt;
for &lt;span class="quote"&gt;I here vow unto the gods, These rocks, &lt;br&gt; 
these rocks we see so fix'd, shall be removed, &lt;br&gt;
made champion field, ere I so impious prove, &lt;br&gt;
to stain my Lord's bed with adulterous love.&lt;/span&gt; &lt;br&gt;
[...] &lt;br&gt;
[Martius:] These peasants mock me sure, Valerius, &lt;br&gt;
forgive my dotage, see my ashes urn'd, and tell fair Dorigen&lt;br&gt;
(she that but now left me with &lt;span class="quote"&gt;this harsh vow, &lt;br&gt;
Sooner these rocks should be remov'd, than she would yield) that I&lt;br&gt; 
was yet so loving, on her gift to die. </p0826-teimww:hasText>
    <p0826-teimww:hasTextHist knoraType="richtext_value">[Dorigen:] Perish, &lt;i&gt;Martius&lt;/i&gt;, then; &lt;br&gt;
for I here vow unto the gods, These rocks, &lt;br&gt; 
these rocks we see so fix'd, shall be removed, &lt;br&gt;
made champion field, ere I so impious prove, &lt;br&gt;
to stain my Lords bed with adulterous love. &lt;br&gt;
[...] &lt;br&gt;
[Martius:] These peasants mock me sure (Valerius) &lt;br&gt;
forgive my dotage, see my ashes urn'd, 
and tell fair Dorigen (she that but now 
left me with this harsh vow, Sooner these rocks 
should be remov'd, then she would yeeld) that I 
was yet so loving, on her gift to die. </p0826-teimww:hasTextHist>
    <p0826-teimww:isMentionedIn>
      <p0826-teimww:passage knoraType="link_value" linkType="ref" target="ww_2517e3b47792e218"/>
    </p0826-teimww:isMentionedIn>
    <p0826-teimww:occursIn>
      <p0826-teimww:book knoraType="link_value" linkType="ref" target="ww_83f40524c281e8de"/>
    </p0826-teimww:occursIn>
    <p0826-teimww:wasContributedBy>
      <p0826-teimww:person knoraType="link_value" linkType="ref" target="ww_c4063e9c72a3ffd2"/>
    </p0826-teimww:wasContributedBy>
  </p0826-teimww:passage>
  <p0826-teimww:passage id="ww_2e505c4a27a5d83e">
    <knoraXmlImport:label>passage</knoraXmlImport:label>
    <p0826-teimww:contains>
      <p0826-teimww:lexia knoraType="link_value" linkType="ref" target="ww_4c64336cbb097d4e"/>
    </p0826-teimww:contains>
    <p0826-teimww:hasPage knoraType="richtext_value">Act 3, scene 3, lines 68-69.</p0826-teimww:hasPage>
    <p0826-teimww:hasText knoraType="richtext_value">[Arcite:] [...] And a broad beech - &lt;span class="quote"&gt;and thereby hangs a tale.&lt;/span&gt; Heigh ho!</p0826-teimww:hasText>
    <p0826-teimww:isMentionedIn>
      <p0826-teimww:passage knoraType="link_value" linkType="ref" target="ww_34cfb0b77f80ae09"/>
    </p0826-teimww:isMentionedIn>
    <p0826-teimww:occursIn>
      <p0826-teimww:book knoraType="link_value" linkType="ref" target="ww_384598056518c080"/>
    </p0826-teimww:occursIn>
    <p0826-teimww:wasContributedBy>
      <p0826-teimww:person knoraType="link_value" linkType="ref" target="ww_b604df587d93b768"/>
    </p0826-teimww:wasContributedBy>
  </p0826-teimww:passage>
  <p0826-teimww:passage id="ww_34cfb0b77f80ae09">
    <knoraXmlImport:label>passage</knoraXmlImport:label>
    <p0826-teimww:occursIn>
      <p0826-teimww:book knoraType="link_value" linkType="ref" target="ww_55bc1a3b04bf8a8d"/>
    </p0826-teimww:occursIn>
  </p0826-teimww:passage>
  <p0826-teimww:passage id="ww_2ff5d94edf67d5de">
    <knoraXmlImport:label>passage</knoraXmlImport:label>
    <p0826-teimww:contains>
      <p0826-teimww:lexia knoraType="link_value" linkType="ref" target="ww_2f1acabf6c02c58e"/>
    </p0826-teimww:contains>
    <p0826-teimww:hasPage knoraType="richtext_value">Act 2, scene 1 line 509 [normalized spelling].</p0826-teimww:hasPage>
    <p0826-teimww:hasPageHist knoraType="richtext_value">Act 2, scene 1 line 509.</p0826-teimww:hasPageHist>
    <p0826-teimww:hasText knoraType="richtext_value">[Officer one:] &lt;span class="quote"&gt;The strenuous fist of vengeance now is clutched; therefore fear nothing.&lt;/span&gt;</p0826-teimww:hasText>
    <p0826-teimww:hasTextHist knoraType="richtext_value">[Officer one:] The strenuous fist of vengeance now is clutcht; therefore feare nothing.</p0826-teimww:hasTextHist>
    <p0826-teimww:isMentionedIn>
      <p0826-teimww:passage knoraType="link_value" linkType="ref" target="ww_24a8d5f72ecc72c5"/>
    </p0826-teimww:isMentionedIn>
    <p0826-teimww:occursIn>
      <p0826-teimww:book knoraType="link_value" linkType="ref" target="ww_853fbe2469df3cb4"/>
    </p0826-teimww:occursIn>
    <p0826-teimww:wasContributedBy>
      <p0826-teimww:person knoraType="link_value" linkType="ref" target="ww_7f35f6802efd910d"/>
    </p0826-teimww:wasContributedBy>
  </p0826-teimww:passage>
  <p0826-teimww:passage id="ww_7b67308710e5bec6">
    <knoraXmlImport:label>passage</knoraXmlImport:label>
    <p0826-teimww:contains>
      <p0826-teimww:lexia knoraType="link_value" linkType="ref" target="ww_f7c8b5ae81c23bc0"/>
    </p0826-teimww:contains>
    <p0826-teimww:hasText knoraType="richtext_value">There are of opinion, that there is, in marriage, an inevitable destiny, an inevitable destiny, not to be avoided, which is either &lt;span class="quote"&gt;to be actaeoned, or not to be&lt;/span&gt;; if it be not, as is the opinion of some damned in the error of predestination, then let him take a house in Fleet-street, divide it like an inn, into as many several lodgings as rooms; [...].</p0826-teimww:hasText>
    <p0826-teimww:isMentionedIn>
      <p0826-teimww:passage knoraType="link_value" linkType="ref" target="ww_db52e440e69bb317"/>
    </p0826-teimww:isMentionedIn>
    <p0826-teimww:occursIn>
      <p0826-teimww:book knoraType="link_value" linkType="ref" target="ww_1a758b01f866d758"/>
    </p0826-teimww:occursIn>
    <p0826-teimww:wasContributedBy>
      <p0826-teimww:person knoraType="link_value" linkType="ref" target="ww_c4063e9c72a3ffd2"/>
    </p0826-teimww:wasContributedBy>
  </p0826-teimww:passage>
  <p0826-teimww:passage id="ww_db52e440e69bb317">
    <knoraXmlImport:label>passage</knoraXmlImport:label>
    <p0826-teimww:occursIn>
      <p0826-teimww:book knoraType="link_value" linkType="ref" target="ww_c1ca40b688cca87f"/>
    </p0826-teimww:occursIn>
  </p0826-teimww:passage>
  <p0826-teimww:passage id="ww_b7b6bf37c1cfcc5c">
    <knoraXmlImport:label>passage</knoraXmlImport:label>
    <p0826-teimww:contains>
      <p0826-teimww:lexia knoraType="link_value" linkType="ref" target="ww_9c92af2f65e72011"/>
    </p0826-teimww:contains>
    <p0826-teimww:hasPage knoraType="richtext_value">334-372. 1212-1250. 1246; act 5, scene 1, lines 243-244.</p0826-teimww:hasPage>
    <p0826-teimww:hasPageHist knoraType="richtext_value">N.p.; act 5.</p0826-teimww:hasPageHist>
    <p0826-teimww:hasText knoraType="richtext_value">[Russell:] Come, tell truth 'twixt ourselves, &lt;span class="quote"&gt;here's none but friends.&lt;/span&gt;</p0826-teimww:hasText>
    <p0826-teimww:hasTextHist knoraType="richtext_value">[Russell:] [...] heers none but friends [...].</p0826-teimww:hasTextHist>
    <p0826-teimww:isMentionedIn>
      <p0826-teimww:passage knoraType="link_value" linkType="ref" target="ww_8cf5c6b8194f9ac8"/>
    </p0826-teimww:isMentionedIn>
    <p0826-teimww:occursIn>
      <p0826-teimww:book knoraType="link_value" linkType="ref" target="ww_7da5186d0ba71c05"/>
    </p0826-teimww:occursIn>
    <p0826-teimww:wasContributedBy>
      <p0826-teimww:person knoraType="link_value" linkType="ref" target="ww_b604df587d93b768"/>
    </p0826-teimww:wasContributedBy>
  </p0826-teimww:passage>
  <p0826-teimww:passage id="ww_b8f1bb65a88e0004">
    <knoraXmlImport:label>passage</knoraXmlImport:label>
    <p0826-teimww:contains>
      <p0826-teimww:lexia knoraType="link_value" linkType="ref" target="ww_e33e74db5b667e8c"/>
    </p0826-teimww:contains>
    <p0826-teimww:hasPage knoraType="richtext_value">N.p.; act 4, scene 1, lines 176 and 185 [normalized spelling].</p0826-teimww:hasPage>
    <p0826-teimww:hasPageHist knoraType="richtext_value">N.p.; act 4, scene 1, lines 176 and 185.</p0826-teimww:hasPageHist>
    <p0826-teimww:hasText knoraType="richtext_value">[Wife:] Nay, 'tis no matter, as he likes this, let him &lt;span class="quote"&gt;dance the shaking of the sheets &lt;/span&gt;another time. &lt;br&gt;
[...]
[Shoemaker:] Hoyda, and is this&lt;span class="quote"&gt; the shaking of the sheets&lt;/span&gt; you talk of, good wife Snipper Snapper [...]</p0826-teimww:hasText>
    <p0826-teimww:hasTextHist knoraType="richtext_value">[Wife:] Nay, 'tis no matter, as he likes this, let him dance the shaking of the sheetes another time. &lt;br&gt;
[...]
[Shoemaker:] Hoyda, and is this the shaking of the sheetes you talke of, good wife Snipper Snapper</p0826-teimww:hasTextHist>
    <p0826-teimww:occursIn>
      <p0826-teimww:book knoraType="link_value" linkType="ref" target="ww_906c0b694038ccee"/>
    </p0826-teimww:occursIn>
    <p0826-teimww:wasContributedBy>
      <p0826-teimww:person knoraType="link_value" linkType="ref" target="ww_7f35f6802efd910d"/>
    </p0826-teimww:wasContributedBy>
  </p0826-teimww:passage>
  <p0826-teimww:passage id="ww_7a384e1fdbe2639b">
    <knoraXmlImport:label>passage</knoraXmlImport:label>
    <p0826-teimww:contains>
      <p0826-teimww:lexia knoraType="link_value" linkType="ref" target="ww_121f51dd1d4fa186"/>
    </p0826-teimww:contains>
    <p0826-teimww:contains>
      <p0826-teimww:lexia knoraType="link_value" linkType="ref" target="ww_30cb4378cd2d5901"/>
    </p0826-teimww:contains>
    <p0826-teimww:hasPage knoraType="richtext_value">189 [normalized spelling].</p0826-teimww:hasPage>
    <p0826-teimww:hasPageHist knoraType="richtext_value">189.</p0826-teimww:hasPageHist>
    <p0826-teimww:hasText knoraType="richtext_value">Then bid the wanton Lady tread,&lt;br&gt;
Amid these mazes of the dead.&lt;br&gt;
And these truly understood,&lt;br&gt;
More shall cool and quench the blood&lt;br&gt;
Then her many sports aday,&lt;br&gt;
And her nighty wanton play,&lt;br&gt;
&lt;span class="quote"&gt;Bid her paint till day of doom&lt;/span&gt;,&lt;br&gt;
To this&lt;span class="quote"&gt; favour she must come &lt;/span&gt;[...].</p0826-teimww:hasText>
    <p0826-teimww:hasTextHist knoraType="richtext_value">Then bid the wanton Lady tread,&lt;br&gt;
Amid these mazes of the dead.&lt;br&gt;
And these truely vnderstood,&lt;br&gt;
More shall coole and quench the blood&lt;br&gt;
Then her many sports aday,&lt;br&gt;
And her nighty wanton play,&lt;br&gt;
&lt;span class="quote"&gt;Bid her paint till day of doome,&lt;br&gt;
To this fauour she must come,&lt;/span&gt;&lt;br&gt;
Bid the Merchant gather wealth,&lt;br&gt;
The Vsvrer exact by stealth.</p0826-teimww:hasTextHist>
    <p0826-teimww:isMentionedIn>
      <p0826-teimww:passage knoraType="link_value" linkType="ref" target="ww_28f1cbe666321569"/>
    </p0826-teimww:isMentionedIn>
    <p0826-teimww:isMentionedIn>
      <p0826-teimww:passage knoraType="link_value" linkType="ref" target="ww_2f69076327fc4004"/>
    </p0826-teimww:isMentionedIn>
    <p0826-teimww:isMentionedIn>
      <p0826-teimww:passage knoraType="link_value" linkType="ref" target="ww_0608d67283870d05"/>
    </p0826-teimww:isMentionedIn>
    <p0826-teimww:occursIn>
      <p0826-teimww:book knoraType="link_value" linkType="ref" target="ww_c385ab8330981bbe"/>
    </p0826-teimww:occursIn>
    <p0826-teimww:wasContributedBy>
      <p0826-teimww:person knoraType="link_value" linkType="ref" target="ww_c4063e9c72a3ffd2"/>
    </p0826-teimww:wasContributedBy>
  </p0826-teimww:passage>
  <p0826-teimww:passage id="ww_28f1cbe666321569">
    <knoraXmlImport:label>passage</knoraXmlImport:label>
    <p0826-teimww:occursIn>
      <p0826-teimww:book knoraType="link_value" linkType="ref" target="ww_91e0dc4c671938fa"/>
    </p0826-teimww:occursIn>
  </p0826-teimww:passage>
  <p0826-teimww:passage id="ww_2f69076327fc4004">
    <knoraXmlImport:label>passage</knoraXmlImport:label>
    <p0826-teimww:occursIn>
      <p0826-teimww:book knoraType="link_value" linkType="ref" target="ww_2f65899f08b5bb71"/>
    </p0826-teimww:occursIn>
  </p0826-teimww:passage>
  <p0826-teimww:passage id="ww_0608d67283870d05">
    <knoraXmlImport:label>passage</knoraXmlImport:label>
    <p0826-teimww:occursIn>
      <p0826-teimww:book knoraType="link_value" linkType="ref" target="ww_1140c36ab545b6d8"/>
    </p0826-teimww:occursIn>
  </p0826-teimww:passage>
  <p0826-teimww:passage id="ww_843d5110e5b7f336">
    <knoraXmlImport:label>passage</knoraXmlImport:label>
    <p0826-teimww:contains>
      <p0826-teimww:lexia knoraType="link_value" linkType="ref" target="ww_f14c7f50b76b90d7"/>
    </p0826-teimww:contains>
    <p0826-teimww:hasPage knoraType="richtext_value">C3 verso; act 2, scene 3 [normalized spelling].</p0826-teimww:hasPage>
    <p0826-teimww:hasPageHist knoraType="richtext_value">C3 verso; act 2, scene 3.</p0826-teimww:hasPageHist>
    <p0826-teimww:hasText knoraType="richtext_value">[Strophius:]: What temper's grown on the distracted Queen!&lt;br&gt;
Hath grief conceiv'd for her late husband's death,&lt;br&gt;
Brought her so far, she hath forgot herself?&lt;br&gt;
[Orestes:] No Uncle, no, by heaven, I do suspect,&lt;br&gt;
O, my &lt;span class="quote"&gt;prophetic soul &lt;/span&gt;divines much ill:&lt;br&gt;
Well, I will fly, but hear this stratagem,&lt;br&gt;
It shall be rumor'd i'th ear o'th Court&lt;br&gt;
I was found dead, I'll put a new shape on,&lt;br&gt;
And live alone, to hear how things go here.</p0826-teimww:hasText>
    <p0826-teimww:hasTextHist knoraType="richtext_value">[Strophius:]: What temper's growne on the distracted Queene!&lt;br&gt;
Hath griefe conceiu'd for her late husbands death,&lt;br&gt;
Brought her so farre, shee hath forgot her selfe?&lt;br&gt;
[Orestes:] No Vncle, no, by heauen, I doe suspect,&lt;br&gt;
O, my &lt;span class="quote"&gt;propheticke soule &lt;/span&gt;diuines much ill:&lt;br&gt;
Well, I will flie, but heare this stratagem,&lt;br&gt;
It shall be rumor'd i'th eare o'th Court&lt;br&gt;
I was found dead, I'll put a new shape on,&lt;br&gt;
And liue alone, to heare how things goe here.</p0826-teimww:hasTextHist>
    <p0826-teimww:isMentionedIn>
      <p0826-teimww:passage knoraType="link_value" linkType="ref" target="ww_ab9581b7d43768da"/>
    </p0826-teimww:isMentionedIn>
    <p0826-teimww:occursIn>
      <p0826-teimww:book knoraType="link_value" linkType="ref" target="ww_592f491781fff319"/>
    </p0826-teimww:occursIn>
    <p0826-teimww:wasContributedBy>
      <p0826-teimww:person knoraType="link_value" linkType="ref" target="ww_c4063e9c72a3ffd2"/>
    </p0826-teimww:wasContributedBy>
  </p0826-teimww:passage>
  <p0826-teimww:passage id="ww_ab9581b7d43768da">
    <knoraXmlImport:label>passage</knoraXmlImport:label>
    <p0826-teimww:occursIn>
      <p0826-teimww:book knoraType="link_value" linkType="ref" target="ww_91e0dc4c671938fa"/>
    </p0826-teimww:occursIn>
  </p0826-teimww:passage>
  <p0826-teimww:passage id="ww_603db094e9dd595c">
    <knoraXmlImport:label>passage</knoraXmlImport:label>
    <p0826-teimww:contains>
      <p0826-teimww:lexia knoraType="link_value" linkType="ref" target="ww_0e62766f333b9420"/>
    </p0826-teimww:contains>
    <p0826-teimww:hasPage knoraType="richtext_value">1479; act 5, scene 1, lines 70-75.</p0826-teimww:hasPage>
    <p0826-teimww:hasText knoraType="richtext_value">[Simon:] Now sirs, are you comedians?&lt;br&gt;
[Second Cheater:] We are anything sir: &lt;span class="quote"&gt;comedians, tragedians, tragicomedians, comi-tragedians, pastoralists, humorists, clownists and satirists.&lt;/span&gt; We have'em, sir, from the smile to the laugh, from the laugh to the handkerchief.</p0826-teimww:hasText>
    <p0826-teimww:isMentionedIn>
      <p0826-teimww:passage knoraType="link_value" linkType="ref" target="ww_70da3a1a62a5d0bc"/>
    </p0826-teimww:isMentionedIn>
    <p0826-teimww:occursIn>
      <p0826-teimww:book knoraType="link_value" linkType="ref" target="ww_518300e10a2ce48a"/>
    </p0826-teimww:occursIn>
    <p0826-teimww:wasContributedBy>
      <p0826-teimww:person knoraType="link_value" linkType="ref" target="ww_c4063e9c72a3ffd2"/>
    </p0826-teimww:wasContributedBy>
  </p0826-teimww:passage>
  <p0826-teimww:passage id="ww_70da3a1a62a5d0bc">
    <knoraXmlImport:label>passage</knoraXmlImport:label>
    <p0826-teimww:occursIn>
      <p0826-teimww:book knoraType="link_value" linkType="ref" target="ww_1140c36ab545b6d8"/>
    </p0826-teimww:occursIn>
  </p0826-teimww:passage>
  <p0826-teimww:passage id="ww_53cb83bb1c8004ff">
    <knoraXmlImport:label>passage</knoraXmlImport:label>
    <p0826-teimww:contains>
      <p0826-teimww:lexia knoraType="link_value" linkType="ref" target="ww_cfe85afbae533828"/>
    </p0826-teimww:contains>
    <p0826-teimww:hasPage knoraType="richtext_value">433; act 4, scene 1, lines 67-71.</p0826-teimww:hasPage>
    <p0826-teimww:hasText knoraType="richtext_value">[Sapritius:] Wouldst thou recouer? 
&lt;br&gt;[Antoninus:] Would I liue in blisse? &lt;br&gt;
[Sapritius:] And doe thine eyes &lt;span class="quote"&gt;shoote daggers&lt;/span&gt; at that man &lt;br&gt; 
That brings thee health? [Antoninus:] It is not in the world? &lt;br&gt;
[Sapritius:] Ist heere? [Antoninus:] Oh Treasure, by enchantment lock'd &lt;br&gt; 
In Caues as deepe as hell, am I as neere?</p0826-teimww:hasText>
    <p0826-teimww:isMentionedIn>
      <p0826-teimww:passage knoraType="link_value" linkType="ref" target="ww_fc35b59e5f9b2912"/>
    </p0826-teimww:isMentionedIn>
    <p0826-teimww:occursIn>
      <p0826-teimww:book knoraType="link_value" linkType="ref" target="ww_e7c84f709b583d5f"/>
    </p0826-teimww:occursIn>
    <p0826-teimww:wasContributedBy>
      <p0826-teimww:person knoraType="link_value" linkType="ref" target="ww_c4063e9c72a3ffd2"/>
    </p0826-teimww:wasContributedBy>
  </p0826-teimww:passage>
  <p0826-teimww:passage id="ww_fc35b59e5f9b2912">
    <knoraXmlImport:label>passage</knoraXmlImport:label>
    <p0826-teimww:occursIn>
      <p0826-teimww:book knoraType="link_value" linkType="ref" target="ww_3e15ab6c612eadae"/>
    </p0826-teimww:occursIn>
  </p0826-teimww:passage>
  <p0826-teimww:passage id="ww_2fec8b69938d9ac1">
    <knoraXmlImport:label>passage</knoraXmlImport:label>
    <p0826-teimww:contains>
      <p0826-teimww:lexia knoraType="link_value" linkType="ref" target="ww_8c043c2dc3eb41fc"/>
    </p0826-teimww:contains>
    <p0826-teimww:hasPage knoraType="richtext_value">N.p.</p0826-teimww:hasPage>
    <p0826-teimww:hasText knoraType="richtext_value">&lt;span class="quote"&gt;For Princes are the glass, the school, the brook, &lt;br&gt;&lt;i&gt;
Where subjects' eyes do learn, do read, do look. &lt;/i&gt;&lt;/span&gt;</p0826-teimww:hasText>
    <p0826-teimww:isMentionedIn>
      <p0826-teimww:passage knoraType="link_value" linkType="ref" target="ww_523355d031fb8171"/>
    </p0826-teimww:isMentionedIn>
    <p0826-teimww:occursIn>
      <p0826-teimww:book knoraType="link_value" linkType="ref" target="ww_a30bbb1b8d836e24"/>
    </p0826-teimww:occursIn>
    <p0826-teimww:wasContributedBy>
      <p0826-teimww:person knoraType="link_value" linkType="ref" target="ww_6202c1bb6957c9cc"/>
    </p0826-teimww:wasContributedBy>
  </p0826-teimww:passage>
  <p0826-teimww:passage id="ww_523355d031fb8171">
    <knoraXmlImport:label>passage</knoraXmlImport:label>
    <p0826-teimww:occursIn>
      <p0826-teimww:book knoraType="link_value" linkType="ref" target="ww_1140c36ab545b6d8"/>
    </p0826-teimww:occursIn>
  </p0826-teimww:passage>
  <p0826-teimww:passage id="ww_f14ebaba176e755f">
    <knoraXmlImport:label>passage</knoraXmlImport:label>
    <p0826-teimww:contains>
      <p0826-teimww:lexia knoraType="link_value" linkType="ref" target="ww_5e3dd11d52027da0"/>
    </p0826-teimww:contains>
    <p0826-teimww:hasPage knoraType="richtext_value">1713; epilogue, lines 9-10.</p0826-teimww:hasPage>
    <p0826-teimww:hasPageHist knoraType="richtext_value">N.p.</p0826-teimww:hasPageHist>
    <p0826-teimww:hasText knoraType="richtext_value">[Epilogue:] He'll stand no shock of censure; the Play's good, &lt;br&gt;
&lt;span class="quote"&gt;He says he knows it (if well understood.) &lt;/span&gt;</p0826-teimww:hasText>
    <p0826-teimww:hasTextHist knoraType="richtext_value">[Epilogue:] Hee'll stand no shock of censure; the Plaie's good, &lt;br&gt;
He sayes he knowes it, (if well understood.) </p0826-teimww:hasTextHist>
    <p0826-teimww:isMentionedIn>
      <p0826-teimww:passage knoraType="link_value" linkType="ref" target="ww_b4365bb445b1c8e5"/>
    </p0826-teimww:isMentionedIn>
    <p0826-teimww:occursIn>
      <p0826-teimww:book knoraType="link_value" linkType="ref" target="ww_9cef169b0b560107"/>
    </p0826-teimww:occursIn>
    <p0826-teimww:wasContributedBy>
      <p0826-teimww:person knoraType="link_value" linkType="ref" target="ww_c4063e9c72a3ffd2"/>
    </p0826-teimww:wasContributedBy>
  </p0826-teimww:passage>
  <p0826-teimww:passage id="ww_b75e5b0df74b8ae3">
    <knoraXmlImport:label>passage</knoraXmlImport:label>
    <p0826-teimww:contains>
      <p0826-teimww:lexia knoraType="link_value" linkType="ref" target="ww_3e9f6e448f9f3926"/>
    </p0826-teimww:contains>
    <p0826-teimww:hasPage knoraType="richtext_value">N.p.; act 5, scene 1, lines 86-87.</p0826-teimww:hasPage>
    <p0826-teimww:hasText knoraType="richtext_value">[Master:] See, provoking dishes, &lt;span class="quote"&gt;candied Eringoes&lt;/span&gt;, 
And Potatoes. </p0826-teimww:hasText>
    <p0826-teimww:occursIn>
      <p0826-teimww:book knoraType="link_value" linkType="ref" target="ww_ba33ed8c6b004bed"/>
    </p0826-teimww:occursIn>
    <p0826-teimww:wasContributedBy>
      <p0826-teimww:person knoraType="link_value" linkType="ref" target="ww_7f35f6802efd910d"/>
    </p0826-teimww:wasContributedBy>
  </p0826-teimww:passage>
  <p0826-teimww:passage id="ww_498a4c7e5d95bc66">
    <knoraXmlImport:label>passage</knoraXmlImport:label>
    <p0826-teimww:contains>
      <p0826-teimww:lexia knoraType="link_value" linkType="ref" target="ww_e33e74db5b667e8c"/>
    </p0826-teimww:contains>
    <p0826-teimww:hasPage knoraType="richtext_value">N.p.; act 3, scene 1, lines 265-266 [normalized spelling].</p0826-teimww:hasPage>
    <p0826-teimww:hasPageHist knoraType="richtext_value">N.p.; act 3, scene 1, lines 265-266.</p0826-teimww:hasPageHist>
    <p0826-teimww:hasText knoraType="richtext_value">[Moll:] [...] my mind gives me, thee and&lt;span class="quote"&gt; I shall dance the shaking of the sheets together&lt;/span&gt;.</p0826-teimww:hasText>
    <p0826-teimww:hasTextHist knoraType="richtext_value">[Moll:] [...] my minde gives mee, thee and I shall dance the shaking of the sheetes together.</p0826-teimww:hasTextHist>
    <p0826-teimww:occursIn>
      <p0826-teimww:book knoraType="link_value" linkType="ref" target="ww_6b9bc6143aac54e5"/>
    </p0826-teimww:occursIn>
    <p0826-teimww:wasContributedBy>
      <p0826-teimww:person knoraType="link_value" linkType="ref" target="ww_7f35f6802efd910d"/>
    </p0826-teimww:wasContributedBy>
  </p0826-teimww:passage>
  <p0826-teimww:passage id="ww_e3452abf8f97d438">
    <knoraXmlImport:label>passage</knoraXmlImport:label>
    <p0826-teimww:contains>
      <p0826-teimww:lexia knoraType="link_value" linkType="ref" target="ww_75325d203e068997"/>
    </p0826-teimww:contains>
    <p0826-teimww:hasPage knoraType="richtext_value">45 [normalized spelling].</p0826-teimww:hasPage>
    <p0826-teimww:hasPageHist knoraType="richtext_value">45.</p0826-teimww:hasPageHist>
    <p0826-teimww:hasText knoraType="richtext_value">[Cleremond:] [...] Look not on me &lt;br&gt;
As I am Cleremond: I have parted with &lt;br&gt;
The essence that was his, and &lt;span class="quote"&gt;entertained &lt;br&gt;
The soul of some fierce tigress, or a wolf &lt;br&gt;&lt;/span&gt;
New-hanged for human slaughter. </p0826-teimww:hasText>
    <p0826-teimww:hasTextHist knoraType="richtext_value">[Cleremond:] [...] looke not on mee&lt;br&gt;
as I am Clerimond, I haue perted w t h&lt;br&gt;
the essence that was his &amp; entertaind&lt;br&gt;
the soule of some feirce tigresse or a woolfes&lt;br&gt;
new hangd for human slaughter, &amp; tis fitt&lt;br&gt;
I Could not ells bee an apt instrum t&lt;br&gt;
to bloody Leonora [...].</p0826-teimww:hasTextHist>
    <p0826-teimww:isMentionedIn>
      <p0826-teimww:passage knoraType="link_value" linkType="ref" target="ww_a08c0ee3b0c47c67"/>
    </p0826-teimww:isMentionedIn>
    <p0826-teimww:occursIn>
      <p0826-teimww:book knoraType="link_value" linkType="ref" target="ww_ead2e8abb60ac530"/>
    </p0826-teimww:occursIn>
    <p0826-teimww:wasContributedBy>
      <p0826-teimww:person knoraType="link_value" linkType="ref" target="ww_6202c1bb6957c9cc"/>
    </p0826-teimww:wasContributedBy>
  </p0826-teimww:passage>
  <p0826-teimww:passage id="ww_a08c0ee3b0c47c67">
    <knoraXmlImport:label>passage</knoraXmlImport:label>
    <p0826-teimww:occursIn>
      <p0826-teimww:book knoraType="link_value" linkType="ref" target="ww_1140c36ab545b6d8"/>
    </p0826-teimww:occursIn>
  </p0826-teimww:passage>
  <p0826-teimww:passage id="ww_32f6c612aa9a1541">
    <knoraXmlImport:label>passage</knoraXmlImport:label>
    <p0826-teimww:contains>
      <p0826-teimww:lexia knoraType="link_value" linkType="ref" target="ww_e33e74db5b667e8c"/>
    </p0826-teimww:contains>
    <p0826-teimww:hasPage knoraType="richtext_value">N.p.; act 3, scene 1, lines 3-5 [normalized spelling].</p0826-teimww:hasPage>
    <p0826-teimww:hasPageHist knoraType="richtext_value">N.p.; act 3, scene 1, lines 3-5.</p0826-teimww:hasPageHist>
    <p0826-teimww:hasText knoraType="richtext_value">[Rufaldo:] I am sure, love kept me waking, and the expectation of this my wedding day did so caper in my brains, I thought of nothing but &lt;span class="quote"&gt;dancing the shaking of the sheets&lt;/span&gt; with my sweet-heart.</p0826-teimww:hasText>
    <p0826-teimww:hasTextHist knoraType="richtext_value">[Rufaldo:] I am sure, loue kept me waking, and the expectation of this my wedding day did so caper in my braines, I thought of nothing but dancing the shaking of the sheets with my sweet-heart.</p0826-teimww:hasTextHist>
    <p0826-teimww:occursIn>
      <p0826-teimww:book knoraType="link_value" linkType="ref" target="ww_7970b85d2ad84965"/>
    </p0826-teimww:occursIn>
    <p0826-teimww:wasContributedBy>
      <p0826-teimww:person knoraType="link_value" linkType="ref" target="ww_7f35f6802efd910d"/>
    </p0826-teimww:wasContributedBy>
  </p0826-teimww:passage>
  <p0826-teimww:passage id="ww_b5b0cbbc7e94e470">
    <knoraXmlImport:label>passage</knoraXmlImport:label>
    <p0826-teimww:contains>
      <p0826-teimww:lexia knoraType="link_value" linkType="ref" target="ww_434f230990a96817"/>
    </p0826-teimww:contains>
    <p0826-teimww:contains>
      <p0826-teimww:lexia knoraType="link_value" linkType="ref" target="ww_16c339c9b2dcc0f7"/>
    </p0826-teimww:contains>
    <p0826-teimww:hasPage knoraType="richtext_value">N.p.; act 4, scene 1 [normalized spelling].</p0826-teimww:hasPage>
    <p0826-teimww:hasPageHist knoraType="richtext_value">N.p.; act 4, scene 1.</p0826-teimww:hasPageHist>
    <p0826-teimww:hasText knoraType="richtext_value">[Malefort:] &lt;span class="quote"&gt;The pleurisy of goodness&lt;/span&gt; is thy ill, &lt;br&gt; 
Thy virtues vices, and thy humble lowness &lt;br&gt; 
Far worse than stubborn sullenness, and pride, &lt;br&gt;  
Thy looks that ravish all beholders else &lt;br&gt; 
As killing as the Basilisks, their tears &lt;br&gt; 
Expressed in sorrow for thee much I suffer, &lt;br&gt; 
A glorious insultation, and no sign &lt;br&gt; 
Of pity in thee, and to hear thee speak&lt;br&gt;  
In thy defence, though but in silent action,&lt;br&gt; 
Would make the hurt already deeply festered &lt;br&gt; 
Incurable [...].</p0826-teimww:hasText>
    <p0826-teimww:hasTextHist knoraType="richtext_value">[Malefort:] &lt;span class="quote"&gt;The plurisie of goodnesse&lt;/span&gt; is thy ill, &lt;br&gt; 
Thy vertues vices, and thy humble lownesse &lt;br&gt; 
Far worse than stubborne sullennesse, and pride, &lt;br&gt;  
Thy lookes that ravish all beholders else &lt;br&gt; 
As killing as the Basiliskes, their teares &lt;br&gt; 
Expressd in sorrow for the much I suffer, &lt;br&gt; 
A glorious insultation, and no signe &lt;br&gt; 
Of pitty in thee, and to heare thee speake &lt;br&gt;  
In thy defence, though but in silent action, &lt;br&gt; 
Would make the hurt already deepely festerd &lt;br&gt; 
Incurable [...].</p0826-teimww:hasTextHist>
    <p0826-teimww:isMentionedIn>
      <p0826-teimww:passage knoraType="link_value" linkType="ref" target="ww_39aed6eacf99c7b8"/>
    </p0826-teimww:isMentionedIn>
    <p0826-teimww:occursIn>
      <p0826-teimww:book knoraType="link_value" linkType="ref" target="ww_c0565d6dc5476bc1"/>
    </p0826-teimww:occursIn>
    <p0826-teimww:wasContributedBy>
      <p0826-teimww:person knoraType="link_value" linkType="ref" target="ww_bff7390e4e734f4c"/>
    </p0826-teimww:wasContributedBy>
  </p0826-teimww:passage>
  <p0826-teimww:passage id="ww_39aed6eacf99c7b8">
    <knoraXmlImport:label>passage</knoraXmlImport:label>
    <p0826-teimww:occursIn>
      <p0826-teimww:book knoraType="link_value" linkType="ref" target="ww_3e15ab6c612eadae"/>
    </p0826-teimww:occursIn>
  </p0826-teimww:passage>
  <p0826-teimww:passage id="ww_3c438f6598ccf0c7">
    <knoraXmlImport:label>passage</knoraXmlImport:label>
    <p0826-teimww:contains>
      <p0826-teimww:lexia knoraType="link_value" linkType="ref" target="ww_2d7c23dc7defcf1c"/>
    </p0826-teimww:contains>
    <p0826-teimww:hasPage knoraType="richtext_value">H4 verso [normalized spelling].</p0826-teimww:hasPage>
    <p0826-teimww:hasPageHist knoraType="richtext_value">H4 verso.</p0826-teimww:hasPageHist>
    <p0826-teimww:hasText knoraType="richtext_value">[Old Bateman:] [...] we will sit, and write the tragedy&lt;br&gt;
Of our poor Children; I'll ha't so set down&lt;br&gt;
As not one eye that views it, but shall weep,&lt;br&gt;
Not any ear but sadly shall relent:&lt;br&gt;
&lt;span class="quote"&gt;For never was a story of more ruth&lt;br&gt;
Then this of him, and her, yet nought but truth.&lt;/span&gt;</p0826-teimww:hasText>
    <p0826-teimww:hasTextHist knoraType="richtext_value">[Old Bateman:] [...] we will sit, and write the tragedy&lt;br&gt;
Of our poore Chilrden; i'le ha't so set downe&lt;br&gt;
As not one eye that vewes it, but shall weepe,&lt;br&gt;
Not any ear but sadly shall relent:&lt;br&gt;
For never was a story of more ruth&lt;br&gt;
Then this of him, and her, yet nought but truth.</p0826-teimww:hasTextHist>
    <p0826-teimww:isMentionedIn>
      <p0826-teimww:passage knoraType="link_value" linkType="ref" target="ww_547f8d4be4dee5bc"/>
    </p0826-teimww:isMentionedIn>
    <p0826-teimww:occursIn>
      <p0826-teimww:book knoraType="link_value" linkType="ref" target="ww_ac3676ebd4fd4919"/>
    </p0826-teimww:occursIn>
    <p0826-teimww:wasContributedBy>
      <p0826-teimww:person knoraType="link_value" linkType="ref" target="ww_c4063e9c72a3ffd2"/>
    </p0826-teimww:wasContributedBy>
  </p0826-teimww:passage>
  <p0826-teimww:passage id="ww_edb74d8bac98e02d">
    <knoraXmlImport:label>passage</knoraXmlImport:label>
    <p0826-teimww:contains>
      <p0826-teimww:lexia knoraType="link_value" linkType="ref" target="ww_cc23cf93cac98f67"/>
    </p0826-teimww:contains>
    <p0826-teimww:hasPage knoraType="richtext_value">N.p.; act 1, scene 1, lines 65-69 [normalized spelling].</p0826-teimww:hasPage>
    <p0826-teimww:hasPageHist knoraType="richtext_value">N.p.; act 1, scene 1, lines 65-69.</p0826-teimww:hasPageHist>
    <p0826-teimww:hasText knoraType="richtext_value">[Menaphon:] Such cure as sick men find in changing beds, &lt;br&gt;
I found in change of airs; the fancy flatter'd &lt;br&gt;
My hopes with ease, as theirs do, but &lt;span class="quote"&gt;the grief &lt;br&gt;
Is still the same.&lt;/span&gt;</p0826-teimww:hasText>
    <p0826-teimww:hasTextHist knoraType="richtext_value">[Menaphon:] Such cure as sicke men find in changing beds, &lt;br&gt;
I found in change of Ayres; the fancy flatter'd &lt;br&gt;
My hopes with ease, as theirs doe, but &lt;span class="quote"&gt;the griefe &lt;br&gt;
Is still the same.&lt;/span&gt;</p0826-teimww:hasTextHist>
    <p0826-teimww:isMentionedIn>
      <p0826-teimww:passage knoraType="link_value" linkType="ref" target="ww_294048c0782964af"/>
    </p0826-teimww:isMentionedIn>
    <p0826-teimww:occursIn>
      <p0826-teimww:book knoraType="link_value" linkType="ref" target="ww_c34a5f8646a015b0"/>
    </p0826-teimww:occursIn>
    <p0826-teimww:wasContributedBy>
      <p0826-teimww:person knoraType="link_value" linkType="ref" target="ww_7f35f6802efd910d"/>
    </p0826-teimww:wasContributedBy>
  </p0826-teimww:passage>
  <p0826-teimww:passage id="ww_3d10d3b4259aebb2">
    <knoraXmlImport:label>passage</knoraXmlImport:label>
    <p0826-teimww:contains>
      <p0826-teimww:lexia knoraType="link_value" linkType="ref" target="ww_8903b192e4a0a31d"/>
    </p0826-teimww:contains>
    <p0826-teimww:hasPage knoraType="richtext_value">N.p.; act 2, scene 1, lines 194-195 [normalized spelling].</p0826-teimww:hasPage>
    <p0826-teimww:hasPageHist knoraType="richtext_value">N.p.; act 2, scene 1, lines 194-195.</p0826-teimww:hasPageHist>
    <p0826-teimww:hasText knoraType="richtext_value">[Breines:] [...] now I do long to know what pitiful lover for it can be no other,&lt;span class="quote"&gt; is doing penance in that white sheet&lt;/span&gt; already, Mistris Sensible hark yee; whence came that letter?</p0826-teimww:hasText>
    <p0826-teimww:hasTextHist knoraType="richtext_value">[Breines:] [...] now I doe long to know what pittifull louer for it can be no other, is doing penance in that white sheete already, Mistris Sensible harke yee; whence came that letter?</p0826-teimww:hasTextHist>
    <p0826-teimww:isMentionedIn>
      <p0826-teimww:passage knoraType="link_value" linkType="ref" target="ww_7b2afb6d6d5437b5"/>
    </p0826-teimww:isMentionedIn>
    <p0826-teimww:occursIn>
      <p0826-teimww:book knoraType="link_value" linkType="ref" target="ww_2fef8cbb19898a1d"/>
    </p0826-teimww:occursIn>
    <p0826-teimww:wasContributedBy>
      <p0826-teimww:person knoraType="link_value" linkType="ref" target="ww_7f35f6802efd910d"/>
    </p0826-teimww:wasContributedBy>
  </p0826-teimww:passage>
  <p0826-teimww:passage id="ww_7b2afb6d6d5437b5">
    <knoraXmlImport:label>passage</knoraXmlImport:label>
    <p0826-teimww:occursIn>
      <p0826-teimww:book knoraType="link_value" linkType="ref" target="ww_3e15ab6c612eadae"/>
    </p0826-teimww:occursIn>
  </p0826-teimww:passage>
  <p0826-teimww:passage id="ww_2801f6cd58a3e088">
    <knoraXmlImport:label>passage</knoraXmlImport:label>
    <p0826-teimww:contains>
      <p0826-teimww:lexia knoraType="link_value" linkType="ref" target="ww_5c87fb95bb729557"/>
    </p0826-teimww:contains>
    <p0826-teimww:hasPage knoraType="richtext_value">The Illustration [Prologue], lines 5-6 [normalized spelling].</p0826-teimww:hasPage>
    <p0826-teimww:hasPageHist knoraType="richtext_value">The Illustration [Prologue], lines 5-6 [normalized spelling].</p0826-teimww:hasPageHist>
    <p0826-teimww:hasText knoraType="richtext_value">&lt;span class="quote"&gt;Their Parents jarr'd, and never could agree,&lt;br&gt;
Till both of them were drowned in misery.&lt;/span&gt;</p0826-teimww:hasText>
    <p0826-teimww:hasTextHist knoraType="richtext_value">&lt;span class="quote"&gt;Their Parents jarr'd, and never could agree,&lt;br&gt;
Till both of them were drowned in misery.&lt;/span&gt;</p0826-teimww:hasTextHist>
    <p0826-teimww:isMentionedIn>
      <p0826-teimww:passage knoraType="link_value" linkType="ref" target="ww_46a5800be3e693d7"/>
    </p0826-teimww:isMentionedIn>
    <p0826-teimww:occursIn>
      <p0826-teimww:book knoraType="link_value" linkType="ref" target="ww_ac3676ebd4fd4919"/>
    </p0826-teimww:occursIn>
    <p0826-teimww:wasContributedBy>
      <p0826-teimww:person knoraType="link_value" linkType="ref" target="ww_c4063e9c72a3ffd2"/>
    </p0826-teimww:wasContributedBy>
  </p0826-teimww:passage>
  <p0826-teimww:passage id="ww_32744ccaade24cd3">
    <knoraXmlImport:label>passage</knoraXmlImport:label>
    <p0826-teimww:contains>
      <p0826-teimww:lexia knoraType="link_value" linkType="ref" target="ww_1a3f666c13d234a4"/>
    </p0826-teimww:contains>
    <p0826-teimww:hasPage knoraType="richtext_value">76; act 1, scene 1, lines 68-70.</p0826-teimww:hasPage>
    <p0826-teimww:hasText knoraType="richtext_value">[Orgilus:] &lt;span class="quote"&gt;So much out of self-unworthiness
His fears transport him; not that he finds cause in her obedience, but his own distrust.&lt;/span&gt;</p0826-teimww:hasText>
    <p0826-teimww:isMentionedIn>
      <p0826-teimww:passage knoraType="link_value" linkType="ref" target="ww_88f2fa65df43c96d"/>
    </p0826-teimww:isMentionedIn>
    <p0826-teimww:occursIn>
      <p0826-teimww:book knoraType="link_value" linkType="ref" target="ww_130e7e0e3430594d"/>
    </p0826-teimww:occursIn>
    <p0826-teimww:wasContributedBy>
      <p0826-teimww:person knoraType="link_value" linkType="ref" target="ww_7f35f6802efd910d"/>
    </p0826-teimww:wasContributedBy>
  </p0826-teimww:passage>
  <p0826-teimww:passage id="ww_88f2fa65df43c96d">
    <knoraXmlImport:label>passage</knoraXmlImport:label>
    <p0826-teimww:occursIn>
      <p0826-teimww:book knoraType="link_value" linkType="ref" target="ww_841e89ba43cd414c"/>
    </p0826-teimww:occursIn>
  </p0826-teimww:passage>
  <p0826-teimww:passage id="ww_4edb76c8296c1ef3">
    <knoraXmlImport:label>passage</knoraXmlImport:label>
    <p0826-teimww:contains>
      <p0826-teimww:lexia knoraType="link_value" linkType="ref" target="ww_cc23cf93cac98f67"/>
    </p0826-teimww:contains>
    <p0826-teimww:hasPage knoraType="richtext_value">76; act 1, scene 1, lines 117-119.</p0826-teimww:hasPage>
    <p0826-teimww:hasText knoraType="richtext_value">[Orgilus:] &lt;span class="quote"&gt;Souls sunk in sorrows never are without'em; &lt;br&gt;&lt;/span&gt;
They change fresh airs, but bear their griefs about'em.</p0826-teimww:hasText>
    <p0826-teimww:isMentionedIn>
      <p0826-teimww:passage knoraType="link_value" linkType="ref" target="ww_294048c0782964af"/>
    </p0826-teimww:isMentionedIn>
    <p0826-teimww:occursIn>
      <p0826-teimww:book knoraType="link_value" linkType="ref" target="ww_130e7e0e3430594d"/>
    </p0826-teimww:occursIn>
    <p0826-teimww:wasContributedBy>
      <p0826-teimww:person knoraType="link_value" linkType="ref" target="ww_7f35f6802efd910d"/>
    </p0826-teimww:wasContributedBy>
  </p0826-teimww:passage>
  <p0826-teimww:passage id="ww_d92e6b3c9a37cbe1">
    <knoraXmlImport:label>passage</knoraXmlImport:label>
    <p0826-teimww:contains>
      <p0826-teimww:lexia knoraType="link_value" linkType="ref" target="ww_f7c8b5ae81c23bc0"/>
    </p0826-teimww:contains>
    <p0826-teimww:hasPage knoraType="richtext_value">37; act 3, scene 2.</p0826-teimww:hasPage>
    <p0826-teimww:hasPageHist knoraType="richtext_value">37; act 3, scene 2.</p0826-teimww:hasPageHist>
    <p0826-teimww:hasText knoraType="richtext_value">[Eleazer:] &lt;span class="quote"&gt; To be, or not to be,&lt;/span&gt; ay there's the doubt,&lt;br&gt;
For to be Sovereign by unlawful means, &lt;br&gt;
Is but to be a slave to base desire, &lt;br&gt;
And where's my honour then?
What a strange buzzing of ambition &lt;br&gt;
Pursues my thirsty soul? &lt;br&gt;
O &lt;i&gt;Eleazer&lt;/i&gt;! can thy traitor breast &lt;br&gt;
Give harbour to a thought of Parricide? &lt;br&gt;
It is thy father, O the sacred tie &lt;br&gt;
Of filial duty, how that awful name &lt;br&gt;
Affrighteth all my faculties with fear -&lt;br&gt;
With fear? - of what? - with foolery by heaven; &lt;br&gt;
If there be ought within this awful name &lt;br&gt;
That can extort obedience from a son. &lt;br&gt;
'Tis but the rotten Carcass, there's the thing &lt;br&gt;
That for to please itself begets another, &lt;br&gt;
So does a beast, and yet 'twixt them we see &lt;br&gt;
An equal freedom of society: &lt;br&gt;
As for the nobler part of man we know &lt;br&gt;
That's of a higher birth, if it be so, &lt;br&gt;
Thus low my knee shall bend, but thou my heart (Bends his knee)&lt;br&gt;
Scorn to obey, remember where thou art: &lt;br&gt;
I am resolv'd, the times are bloody, and the people's hearts &lt;br&gt;
I hear, are bent on me: Jehochanan the man &lt;br&gt;
that I must fairly close with all, this done, &lt;br&gt;
We shall be strong for opposition. &lt;br&gt;
Soft, here he comes (Enter Jehochanan).</p0826-teimww:hasText>
    <p0826-teimww:hasTextHist knoraType="richtext_value">[Eleazer:] &lt;span class="quote"&gt; To be, or not to be, I there's the doubt,&lt;br&gt;
For to be Sovereign by unlawful means, &lt;br&gt;
Is but to be a slave to base desire, &lt;br&gt;
And where's my honour then?
What a strange buzzing of ambition &lt;br&gt;
Pursues my thirsty soul? &lt;br&gt;
O &lt;i&gt;Eleazer&lt;/i&gt;! can thy traytor breast &lt;br&gt;
Give harbour to a thought of Paricide? &lt;br&gt;
It is thy father, O the sacred tye &lt;br&gt;
Of filial duty, how that awful name &lt;br&gt;
Affrighteth all my faculties with fear -&lt;br&gt;
With fear? - of what? - with foolery by heaven; &lt;br&gt;
If there be ought within this awful name &lt;br&gt;
That can extort obedience from a son. &lt;br&gt;
'Tis but the rotten Carcass, there's the thing &lt;br&gt;
That for to please its self begets another, &lt;br&gt;
So does a beast, and yet 'twixt them we see &lt;br&gt;
An equal freedome of society: &lt;br&gt;
As for the nobler part of man we know &lt;br&gt;
That's of a higher birth, if it be so, &lt;br&gt;
Thus low my knee shall bend, but thou my heart (Bends his knee)&lt;br&gt;
Scorn to obey, remember where thou art: &lt;br&gt;
I am resolv'd, the times are bloody, and the peoples hearts &lt;br&gt;
I hear, are bent on me: Iehochanans the man &lt;br&gt;
that I must fairly close with all, this done, &lt;br&gt;
We shall be strong for opposition. &lt;br&gt;
Soft, here a comes &lt;/span&gt;(Enter Jehochanan).</p0826-teimww:hasTextHist>
    <p0826-teimww:isMentionedIn>
      <p0826-teimww:passage knoraType="link_value" linkType="ref" target="ww_0721671d7647160c"/>
    </p0826-teimww:isMentionedIn>
    <p0826-teimww:isMentionedIn>
      <p0826-teimww:passage knoraType="link_value" linkType="ref" target="ww_3c79e665f723130e"/>
    </p0826-teimww:isMentionedIn>
    <p0826-teimww:isMentionedIn>
      <p0826-teimww:passage knoraType="link_value" linkType="ref" target="ww_6054972bebdb4070"/>
    </p0826-teimww:isMentionedIn>
    <p0826-teimww:occursIn>
      <p0826-teimww:book knoraType="link_value" linkType="ref" target="ww_9ffbafacac4416c9"/>
    </p0826-teimww:occursIn>
    <p0826-teimww:wasContributedBy>
      <p0826-teimww:person knoraType="link_value" linkType="ref" target="ww_c4063e9c72a3ffd2"/>
    </p0826-teimww:wasContributedBy>
  </p0826-teimww:passage>
  <p0826-teimww:passage id="ww_0721671d7647160c">
    <knoraXmlImport:label>passage</knoraXmlImport:label>
    <p0826-teimww:occursIn>
      <p0826-teimww:book knoraType="link_value" linkType="ref" target="ww_91e0dc4c671938fa"/>
    </p0826-teimww:occursIn>
  </p0826-teimww:passage>
  <p0826-teimww:passage id="ww_6054972bebdb4070">
    <knoraXmlImport:label>passage</knoraXmlImport:label>
    <p0826-teimww:occursIn>
      <p0826-teimww:book knoraType="link_value" linkType="ref" target="ww_1140c36ab545b6d8"/>
    </p0826-teimww:occursIn>
  </p0826-teimww:passage>
  <p0826-teimww:passage id="ww_3c79e665f723130e">
    <knoraXmlImport:label>passage</knoraXmlImport:label>
    <p0826-teimww:occursIn>
      <p0826-teimww:book knoraType="link_value" linkType="ref" target="ww_5868d5560bdfc062"/>
    </p0826-teimww:occursIn>
  </p0826-teimww:passage>
  <p0826-teimww:passage id="ww_8a8bf54b5252c651">
    <knoraXmlImport:label>passage</knoraXmlImport:label>
    <p0826-teimww:contains>
      <p0826-teimww:lexia knoraType="link_value" linkType="ref" target="ww_acba4f4e8333cab5"/>
    </p0826-teimww:contains>
    <p0826-teimww:hasPage knoraType="richtext_value">5; act 2 [normalized spelling].</p0826-teimww:hasPage>
    <p0826-teimww:hasPageHist knoraType="richtext_value">5; act 2.</p0826-teimww:hasPageHist>
    <p0826-teimww:hasText knoraType="richtext_value">[Tip:] I'll set him up, then. Art thou the Dominus? &lt;br&gt;
Host:] Fac-totum here, Sir. &lt;br&gt;
[Tip:] Host real o'the house? and Cap of Maintenance? &lt;br&gt;
[Host:] The Lord o'the light Heart, Sir, &lt;span class="quote"&gt;Cap a pie; &lt;/span&gt;&lt;br&gt;
VVhere of the Feather is the Emblem, Colonel, &lt;br&gt;
Put up, with the Ace of Hearts!</p0826-teimww:hasText>
    <p0826-teimww:hasTextHist knoraType="richtext_value">[Tip:] I'le set him vp, then. Art thou the Dominus? &lt;br&gt;
Host:] Fac-totum here, Sir. &lt;br&gt;
[Tip:] Host reall o'the house? and Cap of Maintenance? &lt;br&gt;
[Host:] The Lord o'the light Heart, Sir, &lt;span class="quote"&gt;Cap a pie; &lt;/span&gt;&lt;br&gt;
VVhere of the Fether is the Embleme, Colonel, &lt;br&gt;
Put vp, with the Ace of Hearts!</p0826-teimww:hasTextHist>
    <p0826-teimww:isMentionedIn>
      <p0826-teimww:passage knoraType="link_value" linkType="ref" target="ww_ef3368db07958d31"/>
    </p0826-teimww:isMentionedIn>
    <p0826-teimww:occursIn>
      <p0826-teimww:book knoraType="link_value" linkType="ref" target="ww_ada3895646f810c7"/>
    </p0826-teimww:occursIn>
    <p0826-teimww:wasContributedBy>
      <p0826-teimww:person knoraType="link_value" linkType="ref" target="ww_8106744e44c77c96"/>
    </p0826-teimww:wasContributedBy>
  </p0826-teimww:passage>
  <p0826-teimww:passage id="ww_1fbc72344b8c12e3">
    <knoraXmlImport:label>passage</knoraXmlImport:label>
    <p0826-teimww:contains>
      <p0826-teimww:lexia knoraType="link_value" linkType="ref" target="ww_f7c8b5ae81c23bc0"/>
    </p0826-teimww:contains>
    <p0826-teimww:hasPage knoraType="richtext_value">N.p.</p0826-teimww:hasPage>
    <p0826-teimww:hasText knoraType="richtext_value">[...] in as much as they are said to be possible &lt;span class="quote"&gt;to be or not to be, &lt;/span&gt;this is not from the decree of God but rather from the nature of God, as all necessary truths are derived therefrom. Neither is it in the power of God to make that the works of men and Angels should not be possible &lt;span class="quote"&gt;to be or not to be. &lt;/span&gt;But if the possibility were the object of Gods decree, it might be otherwise. For Gods decree passeth forely upon every thing whereupon it passeth, so that if he decree them to be possible, he might have decreed them not to be possible. [...] Things cannot be known to be future until they are future; (for to apprehend or conceive things to be future, when they are not future, is not to know, but to err,) but contingent things, and only possible &lt;span class="quote"&gt;to be or not to be, &lt;/span&gt;do not become future till the determination of Gods will hath made them future. [...] For to be contingent is to be indifferent &lt;span class="quote"&gt;to be or not to be.&lt;/span&gt; But that which is, neither is nor possibly can be indifferent &lt;font color"=darkorange"&gt;to be or not to be. &lt;/span&gt;Yet herehence it followeth not, that it came to pass necessarily there is no colour for any such inference. For what? doth nothing come to pass but necessarily? but whether it comes to pass necessarily or contingently, being once come to pass the contingency of it is at an end, and past irrecoverably. For it is no longer indifferent &lt;span class="quote"&gt;to be or not to be. &lt;/span&gt;[...] For to be contingent is to be indifferent &lt;span class="quote"&gt;to be or not to be.&lt;/span&gt; But that which is, neither is nor possibly can be indifferent &lt;span class="quote"&gt;to be or not to be. &lt;/span&gt;</p0826-teimww:hasText>
    <p0826-teimww:isMentionedIn>
      <p0826-teimww:passage knoraType="link_value" linkType="ref" target="ww_d9163d6c702128e0"/>
    </p0826-teimww:isMentionedIn>
    <p0826-teimww:occursIn>
      <p0826-teimww:book knoraType="link_value" linkType="ref" target="ww_0124cc8bb8f88f65"/>
    </p0826-teimww:occursIn>
    <p0826-teimww:wasContributedBy>
      <p0826-teimww:person knoraType="link_value" linkType="ref" target="ww_c4063e9c72a3ffd2"/>
    </p0826-teimww:wasContributedBy>
  </p0826-teimww:passage>
  <p0826-teimww:passage id="ww_d9163d6c702128e0">
    <knoraXmlImport:label>passage</knoraXmlImport:label>
    <p0826-teimww:occursIn>
      <p0826-teimww:book knoraType="link_value" linkType="ref" target="ww_fb9509be352bd917"/>
    </p0826-teimww:occursIn>
  </p0826-teimww:passage>
  <p0826-teimww:passage id="ww_bd84a988c3bfb5d4">
    <knoraXmlImport:label>passage</knoraXmlImport:label>
    <p0826-teimww:contains>
      <p0826-teimww:lexia knoraType="link_value" linkType="ref" target="ww_121f51dd1d4fa186"/>
    </p0826-teimww:contains>
    <p0826-teimww:contains>
      <p0826-teimww:lexia knoraType="link_value" linkType="ref" target="ww_44e81279e70a84dc"/>
    </p0826-teimww:contains>
    <p0826-teimww:contains>
      <p0826-teimww:lexia knoraType="link_value" linkType="ref" target="ww_30cb4378cd2d5901"/>
    </p0826-teimww:contains>
    <p0826-teimww:hasPage knoraType="richtext_value">60-61; act 3, scene 3 [normalized spelling].</p0826-teimww:hasPage>
    <p0826-teimww:hasPageHist knoraType="richtext_value">60; act 3, scene 3.</p0826-teimww:hasPageHist>
    <p0826-teimww:hasText knoraType="richtext_value">[Sexton]:This was the prime Madam in Thebes, the general Mistress, the only adored beauty. Little would you think there were a couple of stars in these two augur-holes: or that this pit had been arch'd over with a handsome nose, that had been at the charges to maintain half a dozen of several silver arches to uphold the bridge. It had been a mighty favour once, &lt;span class="quote"&gt;to have kiss'd these lips that grin so. &lt;/span&gt;This mouth out of all the Madams boxes cannot now be furnished with a set of teeth. She was the coyest overcurious dame in all the city: her chambermaids misplacing of a hair, was as much as her place came to.- Oh! if that Lady now could but behold this physiognomy of hers in a looking-glass, what a monster would she imagine her self! Will all her perukes, tyres and dresses, with her chargeable teeth, with her cerise and pomatum, and the benefit of her painter and doctor, make this idol up again?&lt;br&gt;
&lt;span class="quote"&gt;Paint Ladies while you live, and plaister fair, &lt;br&gt;
But when the house is fallne 'tis past repair.&lt;/span&gt;</p0826-teimww:hasText>
    <p0826-teimww:hasTextHist knoraType="richtext_value">[Sexton]:This was the prime Madam in Thebes, the generall mistresse, the onely adored beauty. Little would you think there were a couple of starres in these two augur-holes: or that this pit had been arch'd over with a handsome nose, that had been at the charges to maintain half a dozen of severall silver arches to uphold the bridge. It had been a mighty favour once, &lt;span class="quote"&gt;to have kiss'd these lips that grin so. &lt;/span&gt;This mouth out of all the Madams boxes cannot now be furnished with a set of teeth. She was the coyest overcurious dame in all the city: her chambermaids misplacing of a hair, was as much as her place came to.- Oh! if that Lady now could but behold this physnomie of hers in a looking-glasse, what a monster would she imagine her self! Will all her perrukes, tyres and dresses, with her chargeable teeth, with her cerusse and pomatum, and the benefit of her painter and doctor, make this idol up again?&lt;br&gt;
&lt;span class="quote"&gt;Paint Ladies while you live, and plaister fair, &lt;br&gt;
But when the house is fallne 'tis past repair.&lt;/span&gt;</p0826-teimww:hasTextHist>
    <p0826-teimww:isMentionedIn>
      <p0826-teimww:passage knoraType="link_value" linkType="ref" target="ww_d05b1afa8ce51042"/>
    </p0826-teimww:isMentionedIn>
    <p0826-teimww:occursIn>
      <p0826-teimww:book knoraType="link_value" linkType="ref" target="ww_cf1407d337262e2b"/>
    </p0826-teimww:occursIn>
    <p0826-teimww:wasContributedBy>
      <p0826-teimww:person knoraType="link_value" linkType="ref" target="ww_c4063e9c72a3ffd2"/>
    </p0826-teimww:wasContributedBy>
  </p0826-teimww:passage>
  <p0826-teimww:passage id="ww_d05b1afa8ce51042">
    <knoraXmlImport:label>passage</knoraXmlImport:label>
    <p0826-teimww:occursIn>
      <p0826-teimww:book knoraType="link_value" linkType="ref" target="ww_91e0dc4c671938fa"/>
    </p0826-teimww:occursIn>
  </p0826-teimww:passage>
  <p0826-teimww:passage id="ww_66dea51a78d5edbe">
    <knoraXmlImport:label>passage</knoraXmlImport:label>
    <p0826-teimww:contains>
      <p0826-teimww:lexia knoraType="link_value" linkType="ref" target="ww_36c1f856367d2666"/>
    </p0826-teimww:contains>
    <p0826-teimww:hasPage knoraType="richtext_value">18 [normalized spelling].</p0826-teimww:hasPage>
    <p0826-teimww:hasPageHist knoraType="richtext_value">18.</p0826-teimww:hasPageHist>
    <p0826-teimww:hasText knoraType="richtext_value">Souls that will mount, gain a Celestial Crown,&lt;br&gt;
Must pray with ardency, &lt;span class="quote"&gt;look up, not down&lt;/span&gt; [...].</p0826-teimww:hasText>
    <p0826-teimww:hasTextHist knoraType="richtext_value">Soules that will mount, gaine a Celestiall Crowne,&lt;br&gt;
Must pray with ardency, looke up, not downe [...].</p0826-teimww:hasTextHist>
    <p0826-teimww:isMentionedIn>
      <p0826-teimww:passage knoraType="link_value" linkType="ref" target="ww_cbdfdd9790b095c1"/>
    </p0826-teimww:isMentionedIn>
    <p0826-teimww:isMentionedIn>
      <p0826-teimww:passage knoraType="link_value" linkType="ref" target="ww_7965eab65f20f3e6"/>
    </p0826-teimww:isMentionedIn>
    <p0826-teimww:occursIn>
      <p0826-teimww:book knoraType="link_value" linkType="ref" target="ww_503d95ad1db4cb83"/>
    </p0826-teimww:occursIn>
    <p0826-teimww:wasContributedBy>
      <p0826-teimww:person knoraType="link_value" linkType="ref" target="ww_c4063e9c72a3ffd2"/>
    </p0826-teimww:wasContributedBy>
  </p0826-teimww:passage>
  <p0826-teimww:passage id="ww_7965eab65f20f3e6">
    <knoraXmlImport:label>passage</knoraXmlImport:label>
    <p0826-teimww:occursIn>
      <p0826-teimww:book knoraType="link_value" linkType="ref" target="ww_5603853ee308e6b5"/>
    </p0826-teimww:occursIn>
  </p0826-teimww:passage>
  <p0826-teimww:passage id="ww_7cd0cfd4d110c5d1">
    <knoraXmlImport:label>passage</knoraXmlImport:label>
    <p0826-teimww:contains>
      <p0826-teimww:lexia knoraType="link_value" linkType="ref" target="ww_e33e74db5b667e8c"/>
    </p0826-teimww:contains>
    <p0826-teimww:hasPage knoraType="richtext_value">N.p.; act 2, scene 1, lines 137-139 [normalized spelling].</p0826-teimww:hasPage>
    <p0826-teimww:hasPageHist knoraType="richtext_value">N.p.; act 2, scene 1, lines 137-139.</p0826-teimww:hasPageHist>
    <p0826-teimww:hasText knoraType="richtext_value">[Goldwire:] The curtains drawn, my Fidlers playing all night 
&lt;span class="quote"&gt;The shaking of the sheets, which I have danc'd 
Again, and again with my Cockatrice&lt;/span&gt;.</p0826-teimww:hasText>
    <p0826-teimww:hasTextHist knoraType="richtext_value">[Goldwire:] The curtains drawn, my Fidlers playing all night 
&lt;span class="quote"&gt;The shaking of the sheets, which I have danc'd 
Again, and again with my Cockatrice&lt;/span&gt;.</p0826-teimww:hasTextHist>
    <p0826-teimww:isMentionedIn>
      <p0826-teimww:passage knoraType="link_value" linkType="ref" target="ww_ca0af580fdcfdd27"/>
    </p0826-teimww:isMentionedIn>
    <p0826-teimww:occursIn>
      <p0826-teimww:book knoraType="link_value" linkType="ref" target="ww_6661b9f185ca42c1"/>
    </p0826-teimww:occursIn>
    <p0826-teimww:wasContributedBy>
      <p0826-teimww:person knoraType="link_value" linkType="ref" target="ww_7f35f6802efd910d"/>
    </p0826-teimww:wasContributedBy>
  </p0826-teimww:passage>
  <p0826-teimww:passage id="ww_ca0af580fdcfdd27">
    <knoraXmlImport:label>passage</knoraXmlImport:label>
    <p0826-teimww:occursIn>
      <p0826-teimww:book knoraType="link_value" linkType="ref" target="ww_3e15ab6c612eadae"/>
    </p0826-teimww:occursIn>
  </p0826-teimww:passage>
  <p0826-teimww:passage id="ww_438c30e5d4fce346">
    <knoraXmlImport:label>passage</knoraXmlImport:label>
    <p0826-teimww:contains>
      <p0826-teimww:lexia knoraType="link_value" linkType="ref" target="ww_2fb58924c045f2f2"/>
    </p0826-teimww:contains>
    <p0826-teimww:hasPage knoraType="richtext_value">N.p.; act 5, scene 2, lines 596-598 [normalised spelling].</p0826-teimww:hasPage>
    <p0826-teimww:hasPageHist knoraType="richtext_value">N.p.; act 5, scene 2, lines 596-598.</p0826-teimww:hasPageHist>
    <p0826-teimww:hasText knoraType="richtext_value">[Clotair:] […] &lt;span class="quote"&gt;yet we may sit &lt;br&gt;
And gaze upon each other, tell sad tales &lt;br&gt;
Of ruin'd princes, wrong'd virginity &lt;/span&gt;[…].</p0826-teimww:hasText>
    <p0826-teimww:hasTextHist knoraType="richtext_value">[Clotair:] […] &lt;span class="quote"&gt;yet we may sit &lt;br&gt;
And gaze upon each other, tell sad tales &lt;br&gt;
Of ruin'd Princes, wrong'd Virginitie &lt;/span&gt;[…].</p0826-teimww:hasTextHist>
    <p0826-teimww:isMentionedIn>
      <p0826-teimww:passage knoraType="link_value" linkType="ref" target="ww_5d2312625ffe3b1a"/>
    </p0826-teimww:isMentionedIn>
    <p0826-teimww:occursIn>
      <p0826-teimww:book knoraType="link_value" linkType="ref" target="ww_c8ca0bdc1413defb"/>
    </p0826-teimww:occursIn>
    <p0826-teimww:wasContributedBy>
      <p0826-teimww:person knoraType="link_value" linkType="ref" target="ww_7f35f6802efd910d"/>
    </p0826-teimww:wasContributedBy>
  </p0826-teimww:passage>
  <p0826-teimww:passage id="ww_5c580d1741587732">
    <knoraXmlImport:label>passage</knoraXmlImport:label>
    <p0826-teimww:contains>
      <p0826-teimww:lexia knoraType="link_value" linkType="ref" target="ww_736ddce2d52e3ff5"/>
    </p0826-teimww:contains>
    <p0826-teimww:hasPage knoraType="richtext_value">N.p.; act 5, scene 2, lines 596-598.</p0826-teimww:hasPage>
    <p0826-teimww:hasText knoraType="richtext_value">[Clotair:] &lt;span class="quote"&gt;Your broken pledge of faith; and with this kiss, &lt;br&gt;
The last that ever Clovis must print here: &lt;br&gt;
Unkiss the kiss that seal'd it on thy lips. &lt;/span&gt;</p0826-teimww:hasText>
    <p0826-teimww:isMentionedIn>
      <p0826-teimww:passage knoraType="link_value" linkType="ref" target="ww_5d2312625ffe3b1a"/>
    </p0826-teimww:isMentionedIn>
    <p0826-teimww:occursIn>
      <p0826-teimww:book knoraType="link_value" linkType="ref" target="ww_c8ca0bdc1413defb"/>
    </p0826-teimww:occursIn>
    <p0826-teimww:wasContributedBy>
      <p0826-teimww:person knoraType="link_value" linkType="ref" target="ww_7f35f6802efd910d"/>
    </p0826-teimww:wasContributedBy>
  </p0826-teimww:passage>
  <p0826-teimww:passage id="ww_043ead3f9c882714">
    <knoraXmlImport:label>passage</knoraXmlImport:label>
    <p0826-teimww:contains>
      <p0826-teimww:lexia knoraType="link_value" linkType="ref" target="ww_5cbb795ae07e0ce8"/>
    </p0826-teimww:contains>
    <p0826-teimww:hasPage knoraType="richtext_value">N.p.; act 5, scene 2, lines 295-296.</p0826-teimww:hasPage>
    <p0826-teimww:hasText knoraType="richtext_value">[2nd Soldier:] [...] &lt;span class="quote"&gt;A bounding Courser, who is therefore proud &lt;br&gt;
To be so back'd, as knowing whom he bears&lt;/span&gt; [...].</p0826-teimww:hasText>
    <p0826-teimww:isMentionedIn>
      <p0826-teimww:passage knoraType="link_value" linkType="ref" target="ww_5d2312625ffe3b1a"/>
    </p0826-teimww:isMentionedIn>
    <p0826-teimww:occursIn>
      <p0826-teimww:book knoraType="link_value" linkType="ref" target="ww_c8ca0bdc1413defb"/>
    </p0826-teimww:occursIn>
    <p0826-teimww:wasContributedBy>
      <p0826-teimww:person knoraType="link_value" linkType="ref" target="ww_7f35f6802efd910d"/>
    </p0826-teimww:wasContributedBy>
  </p0826-teimww:passage>
  <p0826-teimww:passage id="ww_613adce844450733">
    <knoraXmlImport:label>passage</knoraXmlImport:label>
    <p0826-teimww:contains>
      <p0826-teimww:lexia knoraType="link_value" linkType="ref" target="ww_0cfb45561332a9b2"/>
    </p0826-teimww:contains>
    <p0826-teimww:hasPage knoraType="richtext_value">B1 verso; act 1, scene 1, line 38.</p0826-teimww:hasPage>
    <p0826-teimww:hasText knoraType="richtext_value">[Dumaine:] &lt;span class="quote"&gt;This bastard-getting peace unspirits me&lt;/span&gt; [...] </p0826-teimww:hasText>
    <p0826-teimww:isMentionedIn>
      <p0826-teimww:passage knoraType="link_value" linkType="ref" target="ww_5d2312625ffe3b1a"/>
    </p0826-teimww:isMentionedIn>
    <p0826-teimww:occursIn>
      <p0826-teimww:book knoraType="link_value" linkType="ref" target="ww_c8ca0bdc1413defb"/>
    </p0826-teimww:occursIn>
    <p0826-teimww:wasContributedBy>
      <p0826-teimww:person knoraType="link_value" linkType="ref" target="ww_7f35f6802efd910d"/>
    </p0826-teimww:wasContributedBy>
  </p0826-teimww:passage>
  <p0826-teimww:passage id="ww_5be05e98d8638ce2">
    <knoraXmlImport:label>passage</knoraXmlImport:label>
    <p0826-teimww:contains>
      <p0826-teimww:lexia knoraType="link_value" linkType="ref" target="ww_5ab7b02e8eec7e58"/>
    </p0826-teimww:contains>
    <p0826-teimww:hasPage knoraType="richtext_value">N.p.; act 1, scene 1, line 99.</p0826-teimww:hasPage>
    <p0826-teimww:hasPageHist knoraType="richtext_value">N.p.; act 1, scene 1, line 99.</p0826-teimww:hasPageHist>
    <p0826-teimww:hasText knoraType="richtext_value">[Dumaine:] &lt;span class="quote"&gt;The Drums and Trumpets are turn'd flatterers &lt;/span&gt;[…].</p0826-teimww:hasText>
    <p0826-teimww:hasTextHist knoraType="richtext_value">[Dumaine:] &lt;span class="quote"&gt;The Drums and Trumpets are turn'd flatterers &lt;/span&gt;[…].</p0826-teimww:hasTextHist>
    <p0826-teimww:isMentionedIn>
      <p0826-teimww:passage knoraType="link_value" linkType="ref" target="ww_5d2312625ffe3b1a"/>
    </p0826-teimww:isMentionedIn>
    <p0826-teimww:occursIn>
      <p0826-teimww:book knoraType="link_value" linkType="ref" target="ww_c8ca0bdc1413defb"/>
    </p0826-teimww:occursIn>
    <p0826-teimww:wasContributedBy>
      <p0826-teimww:person knoraType="link_value" linkType="ref" target="ww_7f35f6802efd910d"/>
    </p0826-teimww:wasContributedBy>
  </p0826-teimww:passage>
  <p0826-teimww:passage id="ww_7578ce845bd9cd8c">
    <knoraXmlImport:label>passage</knoraXmlImport:label>
    <p0826-teimww:contains>
      <p0826-teimww:lexia knoraType="link_value" linkType="ref" target="ww_dfa350f65fc01161"/>
    </p0826-teimww:contains>
    <p0826-teimww:hasPage knoraType="richtext_value">35; act 3, scene 2, lines 95-96.</p0826-teimww:hasPage>
    <p0826-teimww:hasText knoraType="richtext_value">[Clothair:] [...] Let me bedew thy Herse with &lt;span class="quote"&gt;pious tears, &lt;br&gt;
Balm to wounds,&lt;/span&gt; repenting ones [...].</p0826-teimww:hasText>
    <p0826-teimww:isMentionedIn>
      <p0826-teimww:passage knoraType="link_value" linkType="ref" target="ww_ae5d4b8eed0db4c9"/>
    </p0826-teimww:isMentionedIn>
    <p0826-teimww:occursIn>
      <p0826-teimww:book knoraType="link_value" linkType="ref" target="ww_c8ca0bdc1413defb"/>
    </p0826-teimww:occursIn>
    <p0826-teimww:wasContributedBy>
      <p0826-teimww:person knoraType="link_value" linkType="ref" target="ww_b604df587d93b768"/>
    </p0826-teimww:wasContributedBy>
  </p0826-teimww:passage>
  <p0826-teimww:passage id="ww_5433e9a460aa1f04">
    <knoraXmlImport:label>passage</knoraXmlImport:label>
    <p0826-teimww:contains>
      <p0826-teimww:lexia knoraType="link_value" linkType="ref" target="ww_0ca9c52af1be09c1"/>
    </p0826-teimww:contains>
    <p0826-teimww:hasPage knoraType="richtext_value">N.p.; act 5, scene 2, line 545 [normalised spelling].</p0826-teimww:hasPage>
    <p0826-teimww:hasPageHist knoraType="richtext_value">N.p.; act 5, scene 2, line 545.</p0826-teimww:hasPageHist>
    <p0826-teimww:hasText knoraType="richtext_value">[Clothair:] &lt;span class="quote"&gt;Call me an honourable murderer.&lt;/span&gt;</p0826-teimww:hasText>
    <p0826-teimww:hasTextHist knoraType="richtext_value">[Clotair:] &lt;span class="quote"&gt;Call me an honourable murtherer.&lt;/span&gt;</p0826-teimww:hasTextHist>
    <p0826-teimww:isMentionedIn>
      <p0826-teimww:passage knoraType="link_value" linkType="ref" target="ww_ce23c76c0531885b"/>
    </p0826-teimww:isMentionedIn>
    <p0826-teimww:occursIn>
      <p0826-teimww:book knoraType="link_value" linkType="ref" target="ww_c8ca0bdc1413defb"/>
    </p0826-teimww:occursIn>
    <p0826-teimww:wasContributedBy>
      <p0826-teimww:person knoraType="link_value" linkType="ref" target="ww_7f35f6802efd910d"/>
    </p0826-teimww:wasContributedBy>
  </p0826-teimww:passage>
  <p0826-teimww:passage id="ww_1015d2463ecdde08">
    <knoraXmlImport:label>passage</knoraXmlImport:label>
    <p0826-teimww:contains>
      <p0826-teimww:lexia knoraType="link_value" linkType="ref" target="ww_fbe548ea6015d5b9"/>
    </p0826-teimww:contains>
    <p0826-teimww:hasPage knoraType="richtext_value">N.p.; act 2, scene 2, lines 23-25 [normalised spelling].</p0826-teimww:hasPage>
    <p0826-teimww:hasPageHist knoraType="richtext_value">N.p.; act 2, scene 2, lines 23-25.</p0826-teimww:hasPageHist>
    <p0826-teimww:hasText knoraType="richtext_value">[Eunuch:] &lt;span class="quote"&gt;Clovis enraged perhaps will kill the king &lt;br&gt;
or by the king will perish; if both fall, &lt;br&gt;
Or either, both ways make for me.&lt;/span&gt;</p0826-teimww:hasText>
    <p0826-teimww:hasTextHist knoraType="richtext_value">[Eunuch:] &lt;span class="quote"&gt;Clovis inrag'd perhaps will kill the king&lt;br&gt; 
Or by the king will perish; if both fall, &lt;br&gt;
Or either, both waies make for me.&lt;/span&gt;</p0826-teimww:hasTextHist>
    <p0826-teimww:isMentionedIn>
      <p0826-teimww:passage knoraType="link_value" linkType="ref" target="ww_ce23c76c0531885b"/>
    </p0826-teimww:isMentionedIn>
    <p0826-teimww:occursIn>
      <p0826-teimww:book knoraType="link_value" linkType="ref" target="ww_c8ca0bdc1413defb"/>
    </p0826-teimww:occursIn>
    <p0826-teimww:wasContributedBy>
      <p0826-teimww:person knoraType="link_value" linkType="ref" target="ww_7f35f6802efd910d"/>
    </p0826-teimww:wasContributedBy>
  </p0826-teimww:passage>
  <p0826-teimww:passage id="ww_cd98d1504995c953">
    <knoraXmlImport:label>passage</knoraXmlImport:label>
    <p0826-teimww:contains>
      <p0826-teimww:lexia knoraType="link_value" linkType="ref" target="ww_fa4a8a82226e8711"/>
    </p0826-teimww:contains>
    <p0826-teimww:hasPage knoraType="richtext_value">N.p.; act 1, scene 2, line 65.</p0826-teimww:hasPage>
    <p0826-teimww:hasText knoraType="richtext_value">[Eunuch:] &lt;span class="quote"&gt;They had the Devil to their Grand-father. &lt;/span&gt;</p0826-teimww:hasText>
    <p0826-teimww:isMentionedIn>
      <p0826-teimww:passage knoraType="link_value" linkType="ref" target="ww_ce23c76c0531885b"/>
    </p0826-teimww:isMentionedIn>
    <p0826-teimww:occursIn>
      <p0826-teimww:book knoraType="link_value" linkType="ref" target="ww_c8ca0bdc1413defb"/>
    </p0826-teimww:occursIn>
    <p0826-teimww:wasContributedBy>
      <p0826-teimww:person knoraType="link_value" linkType="ref" target="ww_7f35f6802efd910d"/>
    </p0826-teimww:wasContributedBy>
  </p0826-teimww:passage>
  <p0826-teimww:passage id="ww_9b0c870bd5418ec4">
    <knoraXmlImport:label>passage</knoraXmlImport:label>
    <p0826-teimww:contains>
      <p0826-teimww:lexia knoraType="link_value" linkType="ref" target="ww_d97cf7a082b53e7d"/>
    </p0826-teimww:contains>
    <p0826-teimww:hasPage knoraType="richtext_value">N.p.; act 1, scene 2, line 163-165 [normalized spelling].</p0826-teimww:hasPage>
    <p0826-teimww:hasPageHist knoraType="richtext_value">N.p.; act 1, scene 2, line 163-165.</p0826-teimww:hasPageHist>
    <p0826-teimww:hasText knoraType="richtext_value">[Eunuch:] &lt;span class="quote"&gt;Ring out the alarm Bell. (Rings the bell) The Princes here will murder one another.  For shame for shame forbear. &lt;/span&gt;</p0826-teimww:hasText>
    <p0826-teimww:hasTextHist knoraType="richtext_value">[Eunuch:] &lt;span class="quote"&gt;Ring out the larum Bell. (Rings the bell) The Princes here will murder one another.  For shame for shame forbear. &lt;/span&gt;</p0826-teimww:hasTextHist>
    <p0826-teimww:isMentionedIn>
      <p0826-teimww:passage knoraType="link_value" linkType="ref" target="ww_ce23c76c0531885b"/>
    </p0826-teimww:isMentionedIn>
    <p0826-teimww:occursIn>
      <p0826-teimww:book knoraType="link_value" linkType="ref" target="ww_c8ca0bdc1413defb"/>
    </p0826-teimww:occursIn>
    <p0826-teimww:wasContributedBy>
      <p0826-teimww:person knoraType="link_value" linkType="ref" target="ww_7f35f6802efd910d"/>
    </p0826-teimww:wasContributedBy>
  </p0826-teimww:passage>
  <p0826-teimww:passage id="ww_3d303631cbc7c856">
    <knoraXmlImport:label>passage</knoraXmlImport:label>
    <p0826-teimww:contains>
      <p0826-teimww:lexia knoraType="link_value" linkType="ref" target="ww_e3ba47a6ffa1b4a0"/>
    </p0826-teimww:contains>
    <p0826-teimww:hasPage knoraType="richtext_value">191; lines 565-567.</p0826-teimww:hasPage>
    <p0826-teimww:hasText knoraType="richtext_value">[Spirit:] [...] Amaz'd I stood, &lt;span class="quote"&gt;harrow'd with grief and fear&lt;/span&gt;, &lt;br&gt;
And O poor hapless Nightingale thought I, &lt;br&gt;
How sweet thou sing'st, how near the deadly snare!</p0826-teimww:hasText>
    <p0826-teimww:isMentionedIn>
      <p0826-teimww:passage knoraType="link_value" linkType="ref" target="ww_a8a526b4c809b5b1"/>
    </p0826-teimww:isMentionedIn>
    <p0826-teimww:occursIn>
      <p0826-teimww:book knoraType="link_value" linkType="ref" target="ww_8507a0ad9e67f1a4"/>
    </p0826-teimww:occursIn>
    <p0826-teimww:wasContributedBy>
      <p0826-teimww:person knoraType="link_value" linkType="ref" target="ww_b05ab3db9fd9054a"/>
    </p0826-teimww:wasContributedBy>
  </p0826-teimww:passage>
  <p0826-teimww:passage id="ww_a8a526b4c809b5b1">
    <knoraXmlImport:label>passage</knoraXmlImport:label>
    <p0826-teimww:occursIn>
      <p0826-teimww:book knoraType="link_value" linkType="ref" target="ww_4899784ecc7f3845"/>
    </p0826-teimww:occursIn>
  </p0826-teimww:passage>
  <p0826-teimww:passage id="ww_7ae3d9213e01b8a1">
    <knoraXmlImport:label>passage</knoraXmlImport:label>
    <p0826-teimww:contains>
      <p0826-teimww:lexia knoraType="link_value" linkType="ref" target="ww_ebc72e2c1f7b8160"/>
    </p0826-teimww:contains>
    <p0826-teimww:hasPage knoraType="richtext_value">83; act 4, scene 1, lines 313-324 [normalized spelling].</p0826-teimww:hasPage>
    <p0826-teimww:hasPageHist knoraType="richtext_value">83; act 4, scene 1, lines 313-324.</p0826-teimww:hasPageHist>
    <p0826-teimww:hasText knoraType="richtext_value">[Lady:] Enough, good friend no more.&lt;br&gt;
had a rude Scythian ignorant of tears&lt;br&gt; 
unless the wind enforce them from his eyes,&lt;br&gt; 
heard this relation sure he would have wept,&lt;br&gt; 
and yet I cannot I have lost all sense&lt;br&gt;
of pity, with my womanhood, and now&lt;br&gt;
that once essential Mistress of my soul&lt;br&gt;
warm charity, no more inflames my breast &lt;br&gt;
then does &lt;span class="quote"&gt;the glowworm's uneffectual fire&lt;/span&gt;&lt;br&gt;
the haed that touches it good sir desist &lt;br&gt;
the aggravation of your sad report &lt;br&gt;
I've too much grief already.</p0826-teimww:hasText>
    <p0826-teimww:hasTextHist knoraType="richtext_value">[Lady:] Enough, good freind no more. &lt;br&gt;
had a rude Scythian ignorant of teares &lt;br&gt; 
vnlesse the wind enforce them from his eyes, &lt;br&gt; 
heard this relation sure he would haue wepd, &lt;br&gt; 
and yet I cannot I haue lost all sense &lt;br&gt;
of pitty, with my womanhood, and now &lt;br&gt;
that once essentiall Mrs of my soule &lt;br&gt;
warme charity, no more inflames my brest &lt;br&gt;
then does &lt;span class="quote"&gt;the glowewormes vneffectuall fire&lt;/span&gt;&lt;br&gt;
the had that touches it good sir desist &lt;br&gt;
the agravation of yor sad report &lt;br&gt;
Iue to much greife already.</p0826-teimww:hasTextHist>
    <p0826-teimww:isMentionedIn>
      <p0826-teimww:passage knoraType="link_value" linkType="ref" target="ww_6600f55ba798a581"/>
    </p0826-teimww:isMentionedIn>
    <p0826-teimww:isMentionedIn>
      <p0826-teimww:passage knoraType="link_value" linkType="ref" target="ww_6b369a61e70d63e5"/>
    </p0826-teimww:isMentionedIn>
    <p0826-teimww:isMentionedIn>
      <p0826-teimww:passage knoraType="link_value" linkType="ref" target="ww_4844762248fd332f"/>
    </p0826-teimww:isMentionedIn>
    <p0826-teimww:occursIn>
      <p0826-teimww:book knoraType="link_value" linkType="ref" target="ww_7a900ec81c04c54a"/>
    </p0826-teimww:occursIn>
    <p0826-teimww:wasContributedBy>
      <p0826-teimww:person knoraType="link_value" linkType="ref" target="ww_bff7390e4e734f4c"/>
    </p0826-teimww:wasContributedBy>
  </p0826-teimww:passage>
  <p0826-teimww:passage id="ww_4844762248fd332f">
    <knoraXmlImport:label>passage</knoraXmlImport:label>
    <p0826-teimww:occursIn>
      <p0826-teimww:book knoraType="link_value" linkType="ref" target="ww_91e0dc4c671938fa"/>
    </p0826-teimww:occursIn>
  </p0826-teimww:passage>
  <p0826-teimww:passage id="ww_6b369a61e70d63e5">
    <knoraXmlImport:label>passage</knoraXmlImport:label>
    <p0826-teimww:occursIn>
      <p0826-teimww:book knoraType="link_value" linkType="ref" target="ww_1140c36ab545b6d8"/>
    </p0826-teimww:occursIn>
  </p0826-teimww:passage>
  <p0826-teimww:passage id="ww_6600f55ba798a581">
    <knoraXmlImport:label>passage</knoraXmlImport:label>
    <p0826-teimww:occursIn>
      <p0826-teimww:book knoraType="link_value" linkType="ref" target="ww_0a299f4a7aded36a"/>
    </p0826-teimww:occursIn>
  </p0826-teimww:passage>
  <p0826-teimww:passage id="ww_913d1d0c15498827">
    <knoraXmlImport:label>passage</knoraXmlImport:label>
    <p0826-teimww:contains>
      <p0826-teimww:lexia knoraType="link_value" linkType="ref" target="ww_e1c1788436164cdd"/>
    </p0826-teimww:contains>
    <p0826-teimww:hasPage knoraType="richtext_value">N.p.; act 3, lines 120-130 [normalized speling].</p0826-teimww:hasPage>
    <p0826-teimww:hasPageHist knoraType="richtext_value">N.p.; act 3, lines 120-130.</p0826-teimww:hasPageHist>
    <p0826-teimww:hasText knoraType="richtext_value">[Bravo:] I am, sweet creature, a kinde of lawless Justicer, or usurping Martialist of authority, that will kill any man with my safety.&lt;br&gt;
[Lucretia:] And you purpose the death of this Gentleman?&lt;br&gt;
[Bravo:] I will do any thing for hire.&lt;br&gt;
[Lucretia:] Have you no conscience?&lt;br&gt;
[Bravo:] Conscience! I know what it is: why should any man live, and I want money?&lt;br&gt;
[Lucretia:] Have you no regard then of innocence?&lt;br&gt;
[Bravo:] 'Tis crime enough, he has a life.&lt;br&gt;
[Lucretia:] &lt;span class="quote"&gt;How long have you been vers'd in this trade?&lt;br&gt;&lt;/span&gt;
[Bravo:] &lt;span class="quote"&gt;'Tis my vocation.&lt;/span&gt; </p0826-teimww:hasText>
    <p0826-teimww:hasTextHist knoraType="richtext_value">[Bravo:] I am, sweet creature, a kinde of lawlesse Justicer, or usurping Martialist of authority, that will kill any man with my safety.&lt;br&gt;
[Lucretia:] And you purpose the death of this Gentleman?&lt;br&gt;
[Bravo:] I will do any thing for hire.&lt;br&gt;
[Lucretia:] Have you no conscience?&lt;br&gt;
[Bravo:] Conscience! I know what it is: why should any man live, and I want mony?&lt;br&gt;
[Lucretia:] Have you no regard then of innocence?&lt;br&gt;
[Bravo:] 'Tis crime enough, he has a life.&lt;br&gt;
[Lucretia:] &lt;span class="quote"&gt;How long have you been vers'd in this trade?&lt;br&gt;&lt;
[Bravo:] 'Tis my vocation.&lt;/span&gt; </p0826-teimww:hasTextHist>
    <p0826-teimww:isMentionedIn>
      <p0826-teimww:passage knoraType="link_value" linkType="ref" target="ww_03ab3c2bdde05332"/>
    </p0826-teimww:isMentionedIn>
    <p0826-teimww:occursIn>
      <p0826-teimww:book knoraType="link_value" linkType="ref" target="ww_55ab4059c87d0c3d"/>
    </p0826-teimww:occursIn>
    <p0826-teimww:wasContributedBy>
      <p0826-teimww:person knoraType="link_value" linkType="ref" target="ww_c4063e9c72a3ffd2"/>
    </p0826-teimww:wasContributedBy>
  </p0826-teimww:passage>
  <p0826-teimww:passage id="ww_03ab3c2bdde05332">
    <knoraXmlImport:label>passage</knoraXmlImport:label>
    <p0826-teimww:occursIn>
      <p0826-teimww:book knoraType="link_value" linkType="ref" target="ww_67e1fbe9bd0f1b9d"/>
    </p0826-teimww:occursIn>
  </p0826-teimww:passage>
  <p0826-teimww:passage id="ww_adceb1801258220b">
    <knoraXmlImport:label>passage</knoraXmlImport:label>
    <p0826-teimww:contains>
      <p0826-teimww:lexia knoraType="link_value" linkType="ref" target="ww_f7c8b5ae81c23bc0"/>
    </p0826-teimww:contains>
    <p0826-teimww:contains>
      <p0826-teimww:lexia knoraType="link_value" linkType="ref" target="ww_a340ef1605f72bb0"/>
    </p0826-teimww:contains>
    <p0826-teimww:hasPage knoraType="richtext_value">11; book 1, lines 356-367 [normalized spelling].</p0826-teimww:hasPage>
    <p0826-teimww:hasPageHist knoraType="richtext_value">11; book 1, lines 356-367.</p0826-teimww:hasPageHist>
    <p0826-teimww:hasText knoraType="richtext_value">Tell me, (oh thou of Mankind most accursed) &lt;br&gt;
Whether &lt;span class="quote"&gt;to be, or not to be, &lt;/span&gt;was first? &lt;br&gt;
Whether to understand, or not to know? &lt;br&gt;
&lt;span class="quote"&gt;To reason, or not reason? &lt;/span&gt;(well bee't so, &lt;br&gt;
I make that proposition: all agree, &lt;br&gt;
That our &lt;span class="quote"&gt;Not being, &lt;/span&gt;was before &lt;span class="quote"&gt;To be. &lt;/span&gt;&lt;br&gt;
For we that are now, were not in Times past: &lt;br&gt; 
Our parents too, ev'n when our moulds were cast, &lt;br&gt;
&lt;span class="quote"&gt;Had their progenitors: their fathers, theirs: &lt;br&gt;&lt;/span&gt;
So to the first. By which it plain appears, &lt;br&gt;
And by this demonstration 't is most clear, &lt;br&gt;
That all of us were not, before we were. &lt;br&gt;</p0826-teimww:hasText>
    <p0826-teimww:hasTextHist knoraType="richtext_value">Tell me, (ô thou of Mankind most accurst) &lt;br&gt;
Whether &lt;span class="quote"&gt;to be, or not to be, &lt;/span&gt;was first? &lt;br&gt;
Whether to vnderstand, or not to know? &lt;br&gt;
&lt;span class="quote"&gt;To reason, or not reason? &lt;/span&gt;(well bee't so, &lt;br&gt;
I make that proposition:) all agree, &lt;br&gt;
That our &lt;span class="quote"&gt;Not being, &lt;/span&gt;was before &lt;span class="quote"&gt;To be. &lt;/span&gt;&lt;br&gt;
For we that are now, were not in Times past: &lt;br&gt; 
Our parents too, ev'n when our moulds were cast, &lt;br&gt;
&lt;span class="quote"&gt;Had their progenitors: their fathers, theirs: &lt;br&gt;&lt;/span&gt;
So to the first. By which it plaine appeares, &lt;br&gt;
And by this demonstration 't is most cleare, &lt;br&gt;
That all of vs were not, before we were. &lt;br&gt;</p0826-teimww:hasTextHist>
    <p0826-teimww:isMentionedIn>
      <p0826-teimww:passage knoraType="link_value" linkType="ref" target="ww_bd49bfb41e879bc3"/>
    </p0826-teimww:isMentionedIn>
    <p0826-teimww:occursIn>
      <p0826-teimww:book knoraType="link_value" linkType="ref" target="ww_dae5dcd8a7fc9bcd"/>
    </p0826-teimww:occursIn>
    <p0826-teimww:wasContributedBy>
      <p0826-teimww:person knoraType="link_value" linkType="ref" target="ww_c4063e9c72a3ffd2"/>
    </p0826-teimww:wasContributedBy>
  </p0826-teimww:passage>
  <p0826-teimww:passage id="ww_bd49bfb41e879bc3">
    <knoraXmlImport:label>passage</knoraXmlImport:label>
    <p0826-teimww:occursIn>
      <p0826-teimww:book knoraType="link_value" linkType="ref" target="ww_91e0dc4c671938fa"/>
    </p0826-teimww:occursIn>
  </p0826-teimww:passage>
  <p0826-teimww:passage id="ww_c3c105842f0b68d1">
    <knoraXmlImport:label>passage</knoraXmlImport:label>
    <p0826-teimww:contains>
      <p0826-teimww:lexia knoraType="link_value" linkType="ref" target="ww_1a3f666c13d234a4"/>
    </p0826-teimww:contains>
    <p0826-teimww:hasPage knoraType="richtext_value">N.p.; act 2, scene 1, lines 125-128 [normalized spelling].</p0826-teimww:hasPage>
    <p0826-teimww:hasPageHist knoraType="richtext_value">N.p.; act 2, scene 1, lines 125-128.</p0826-teimww:hasPageHist>
    <p0826-teimww:hasText knoraType="richtext_value">[Flavio:] Distrust of what they call their own, or &lt;span class="quote"&gt;jealousy &lt;br&gt;&lt;/span&gt;
[…] without control, &lt;span class="quote"&gt;begets a self unworthiness; &lt;br&gt;&lt;/span&gt;
For which fear, or what is worst desire […].</p0826-teimww:hasText>
    <p0826-teimww:hasTextHist knoraType="richtext_value">[Flavio:] Distrust of what they call their owne, or Iealousie &lt;br&gt;
[…] VVithout controule, begets a selfe unworthinesse; &lt;br&gt;
For which feare, or what is worst desire […].</p0826-teimww:hasTextHist>
    <p0826-teimww:isMentionedIn>
      <p0826-teimww:passage knoraType="link_value" linkType="ref" target="ww_88f2fa65df43c96d"/>
    </p0826-teimww:isMentionedIn>
    <p0826-teimww:occursIn>
      <p0826-teimww:book knoraType="link_value" linkType="ref" target="ww_e0f93a0d9ae8bb84"/>
    </p0826-teimww:occursIn>
    <p0826-teimww:wasContributedBy>
      <p0826-teimww:person knoraType="link_value" linkType="ref" target="ww_7f35f6802efd910d"/>
    </p0826-teimww:wasContributedBy>
  </p0826-teimww:passage>
  <p0826-teimww:passage id="ww_0907e1186317e137">
    <knoraXmlImport:label>passage</knoraXmlImport:label>
    <p0826-teimww:contains>
      <p0826-teimww:lexia knoraType="link_value" linkType="ref" target="ww_b03bc21db43f0719"/>
    </p0826-teimww:contains>
    <p0826-teimww:hasPage knoraType="richtext_value">21; act 4, scene 1 [normalized spelling].</p0826-teimww:hasPage>
    <p0826-teimww:hasPageHist knoraType="richtext_value">21; act 4, scene 1.</p0826-teimww:hasPageHist>
    <p0826-teimww:hasText knoraType="richtext_value">[King:] Enough of that, thou dost but gently chide me for a fault, that I will mend; for I have been too poor, and low in my rewards unto thy virtue: but to our business; the question is, whether we shall rely upon our Guards again? &lt;br&gt;
[Ziriff:] By no means Sir: hope on his future fortunes, or their Love unto his person, has so &lt;span class="quote"&gt;sicklied o'er their resolutions&lt;/span&gt;, that we must not trust them. </p0826-teimww:hasText>
    <p0826-teimww:hasTextHist knoraType="richtext_value">[King:] Enough of that, thou do'st but gently chide mee for a fault, that I will mend; for I have beene too poore, and low in my rewards unto thy vertue: but to our businesse; the question is, whether wee shall rely upon our Guards agen? &lt;br&gt;
[Ziriff:] By no meanes Sir: hope on his future fortunes, or their Love unto his person, has so &lt;span class="quote"&gt;sicklied ore their resolutions&lt;/span&gt;, that wee must not trust them. </p0826-teimww:hasTextHist>
    <p0826-teimww:isMentionedIn>
      <p0826-teimww:passage knoraType="link_value" linkType="ref" target="ww_2e61935c68ec58e0"/>
    </p0826-teimww:isMentionedIn>
    <p0826-teimww:occursIn>
      <p0826-teimww:book knoraType="link_value" linkType="ref" target="ww_af544de913b0885b"/>
    </p0826-teimww:occursIn>
    <p0826-teimww:wasContributedBy>
      <p0826-teimww:person knoraType="link_value" linkType="ref" target="ww_bff7390e4e734f4c"/>
    </p0826-teimww:wasContributedBy>
  </p0826-teimww:passage>
  <p0826-teimww:passage id="ww_2e61935c68ec58e0">
    <knoraXmlImport:label>passage</knoraXmlImport:label>
    <p0826-teimww:occursIn>
      <p0826-teimww:book knoraType="link_value" linkType="ref" target="ww_1140c36ab545b6d8"/>
    </p0826-teimww:occursIn>
  </p0826-teimww:passage>
  <p0826-teimww:passage id="ww_1bd4e8b643f4376a">
    <knoraXmlImport:label>passage</knoraXmlImport:label>
    <p0826-teimww:contains>
      <p0826-teimww:lexia knoraType="link_value" linkType="ref" target="ww_dd96ecd2aa4a2ea8"/>
    </p0826-teimww:contains>
    <p0826-teimww:hasPage knoraType="richtext_value">50; epilogue.</p0826-teimww:hasPage>
    <p0826-teimww:hasPageHist knoraType="richtext_value">50; epilogue.</p0826-teimww:hasPageHist>
    <p0826-teimww:hasText knoraType="richtext_value">[Epilogue:] Plays are like Feasts, and every Act should bee &lt;br&gt; 
Another Course, and still variety: &lt;br&gt; 
But in good faith provision of wit &lt;br&gt; 
Is grown of late so difficult to get, &lt;br&gt; 
That do we what we can, we are not able, &lt;br&gt; 
Without &lt;span class="quote"&gt;cold meats to furnish out the Table&lt;/span&gt;. &lt;br&gt; 
Who knows but it was needless too? may be&lt;br&gt; 
'Twas here, as in the Coach-man's trade, and he&lt;br&gt; 
That turns in the least compass, shows most Art: &lt;br&gt; 
How ere, the Poet hopes (Sir) for his part, &lt;br&gt; 
You'll like not those so much, who show their skill &lt;br&gt;  
In entertainment, as who show their will.</p0826-teimww:hasText>
    <p0826-teimww:hasTextHist knoraType="richtext_value">[Epilogue:] Playes are like Feasts, and everie Act should bee &lt;br&gt; 
Another Course, and still varietie: &lt;br&gt; 
But in good faith provision of wit &lt;br&gt; 
Is growne of late so difficult to get, &lt;br&gt; 
That doe wee what wee can, w'are not able, &lt;br&gt; 
Without &lt;span class="quote"&gt;cold meats to furnish out the Table&lt;/span&gt;. &lt;br&gt; 
Who knowes but it was needlesse too? may bee &lt;br&gt; 
'Twas here, as in the Coach-mans trade, and hee &lt;br&gt; 
That turnes in the least compasse, shewes most Art: &lt;br&gt; 
How e're, the Poet hopes (Sir) for his part, &lt;br&gt; 
You'll like not those so much, who shew their skill &lt;br&gt;  
In entertainment, as who shew their will.</p0826-teimww:hasTextHist>
    <p0826-teimww:isMentionedIn>
      <p0826-teimww:passage knoraType="link_value" linkType="ref" target="ww_9001c21eae5c3dd5"/>
    </p0826-teimww:isMentionedIn>
    <p0826-teimww:occursIn>
      <p0826-teimww:book knoraType="link_value" linkType="ref" target="ww_af544de913b0885b"/>
    </p0826-teimww:occursIn>
    <p0826-teimww:wasContributedBy>
      <p0826-teimww:person knoraType="link_value" linkType="ref" target="ww_bff7390e4e734f4c"/>
    </p0826-teimww:wasContributedBy>
  </p0826-teimww:passage>
  <p0826-teimww:passage id="ww_9001c21eae5c3dd5">
    <knoraXmlImport:label>passage</knoraXmlImport:label>
    <p0826-teimww:occursIn>
      <p0826-teimww:book knoraType="link_value" linkType="ref" target="ww_1140c36ab545b6d8"/>
    </p0826-teimww:occursIn>
  </p0826-teimww:passage>
  <p0826-teimww:passage id="ww_aeceeb7f68569feb">
    <knoraXmlImport:label>passage</knoraXmlImport:label>
    <p0826-teimww:contains>
      <p0826-teimww:lexia knoraType="link_value" linkType="ref" target="ww_22ab3cfce3f2a693"/>
    </p0826-teimww:contains>
    <p0826-teimww:hasPage knoraType="richtext_value">32; act 5, scene 1 [normalized spelling].</p0826-teimww:hasPage>
    <p0826-teimww:hasPageHist knoraType="richtext_value">32; act 5, scene 1.</p0826-teimww:hasPageHist>
    <p0826-teimww:hasText knoraType="richtext_value">[Aglaura:] Antiques and strange mishaps,&lt;br&gt;
such as the Porter to my Soul, mine Eye,&lt;br&gt;
was ne'er acquainted with, Fancy lets in,&lt;br&gt;
like &lt;span class="quote"&gt;a distracted multitude, &lt;/span&gt;by some strange accident&lt;br&gt;
piec'd together, fear now afresh comes on,&lt;br&gt;
and charges Love to home. </p0826-teimww:hasText>
    <p0826-teimww:hasTextHist knoraType="richtext_value">[Aglaura:] Antiques and strange mishapes,&lt;br&gt;
such as the Porter to my Soule, mine Eye,&lt;br&gt;
was ne're acquainted with, Fancie lets in,&lt;br&gt;
like &lt;span class="quote"&gt;a distracted multitude, &lt;/span&gt;by some strange accident&lt;br&gt;
piec'd together, feare now afresh comes on,&lt;br&gt;
and charges Love to home. </p0826-teimww:hasTextHist>
    <p0826-teimww:isMentionedIn>
      <p0826-teimww:passage knoraType="link_value" linkType="ref" target="ww_7a67ca9610e113ad"/>
    </p0826-teimww:isMentionedIn>
    <p0826-teimww:occursIn>
      <p0826-teimww:book knoraType="link_value" linkType="ref" target="ww_af544de913b0885b"/>
    </p0826-teimww:occursIn>
    <p0826-teimww:wasContributedBy>
      <p0826-teimww:person knoraType="link_value" linkType="ref" target="ww_c4063e9c72a3ffd2"/>
    </p0826-teimww:wasContributedBy>
  </p0826-teimww:passage>
  <p0826-teimww:passage id="ww_7a67ca9610e113ad">
    <knoraXmlImport:label>passage</knoraXmlImport:label>
    <p0826-teimww:occursIn>
      <p0826-teimww:book knoraType="link_value" linkType="ref" target="ww_3e15ab6c612eadae"/>
    </p0826-teimww:occursIn>
  </p0826-teimww:passage>
  <p0826-teimww:passage id="ww_6f6befff455de761">
    <knoraXmlImport:label>passage</knoraXmlImport:label>
    <p0826-teimww:contains>
      <p0826-teimww:lexia knoraType="link_value" linkType="ref" target="ww_ff377956818fea7a"/>
    </p0826-teimww:contains>
    <p0826-teimww:hasPage knoraType="richtext_value">32; act 4, scene 1 [normalized spelling].</p0826-teimww:hasPage>
    <p0826-teimww:hasPageHist knoraType="richtext_value">32; act 4, scene 1.</p0826-teimww:hasPageHist>
    <p0826-teimww:hasText knoraType="richtext_value">[Lucio:] It is not wisdom to proclaim our charge, &lt;br&gt;
Though I could be content to be a Lord, &lt;br&gt;
I am not over hearty, thieves are thieves, &lt;br&gt;
And life is precious, prithee let's make haste. &lt;br&gt;
[Piperollo:] &lt;span class="quote"&gt;Illo ho ho,&lt;/span&gt; &lt;br&gt;
Think upon your honour, are there no Gentlemen?&lt;br&gt; 
No wanting Gentlemen that know how to spend &lt;br&gt;
A quantity of Gold? &lt;br&gt;
There is no thief in Nature. </p0826-teimww:hasText>
    <p0826-teimww:hasTextHist knoraType="richtext_value">[Lucio:] It is not wisdom to proclaim our charge, &lt;br&gt;
Though I could be content to be a Lord, &lt;br&gt;
I am not over hearty, theeves are theeves, &lt;br&gt;
And life is precious, prethee lets make hast. &lt;br&gt;
[Piperollo:] Illo ho ho,br&gt;
Think upon your honour, are there no Gentlemen?&lt;br&gt; 
No wanting Gentlemen that know how to spend &lt;br&gt;
A quantity of Gold? &lt;br&gt;
There is no thief in Nature. </p0826-teimww:hasTextHist>
    <p0826-teimww:isMentionedIn>
      <p0826-teimww:passage knoraType="link_value" linkType="ref" target="ww_aaef60d983292272"/>
    </p0826-teimww:isMentionedIn>
    <p0826-teimww:occursIn>
      <p0826-teimww:book knoraType="link_value" linkType="ref" target="ww_cb694f4439c4e72d"/>
    </p0826-teimww:occursIn>
    <p0826-teimww:wasContributedBy>
      <p0826-teimww:person knoraType="link_value" linkType="ref" target="ww_8106744e44c77c96"/>
    </p0826-teimww:wasContributedBy>
  </p0826-teimww:passage>
  <p0826-teimww:passage id="ww_aaef60d983292272">
    <knoraXmlImport:label>passage</knoraXmlImport:label>
    <p0826-teimww:occursIn>
      <p0826-teimww:book knoraType="link_value" linkType="ref" target="ww_3e15ab6c612eadae"/>
    </p0826-teimww:occursIn>
  </p0826-teimww:passage>
  <p0826-teimww:passage id="ww_f3794a0c07bb7009">
    <knoraXmlImport:label>passage</knoraXmlImport:label>
    <p0826-teimww:contains>
      <p0826-teimww:lexia knoraType="link_value" linkType="ref" target="ww_e75dbfb757abbb29"/>
    </p0826-teimww:contains>
    <p0826-teimww:hasPage knoraType="richtext_value">75; part 2, section 3 [normalized spelling].</p0826-teimww:hasPage>
    <p0826-teimww:hasPageHist knoraType="richtext_value">75; part 2, section 3.</p0826-teimww:hasPageHist>
    <p0826-teimww:hasText knoraType="richtext_value">I had rather stand the shock of a Basilisk than in the fury of a merciless pen. It is not mere zeal to Learning, or Devotion to the Muses, that wiser Princes Patron the Arts, and &lt;span class="quote"&gt;carry an indulgent aspect &lt;/span&gt; unto Scholars; but &lt;span class="quote"&gt;a desire to have their names eternized&lt;/span&gt; by the memory of their writings, and a fear of the revengeful pen of succeeding ages: for these are the men that, when they have played their parts, and had their &lt;i&gt;exits&lt;/i&gt;, must step out and give the moral of their Scenes, and &lt;span class="quote"&gt;deliver unto Posterity an Inventory of their virtues and vices.&lt;/span&gt;</p0826-teimww:hasText>
    <p0826-teimww:hasTextHist knoraType="richtext_value">I had rather stand the shock of a Basilisko than in the fury of a merciless pen. It is not meere zeale to Learning, or Devotion to the Muses, that wiser Princes Patron the Arts, and &lt;span class="quote"&gt;carry an indulgent aspect &lt;/span&gt; unto Schollers; but &lt;span class="quote"&gt;a desire to have their names eternized&lt;/span&gt; by the memory of their writings, and a feare of the revengefull pen of succeeding ages: for these are the men that, when they have played their parts, and had their &lt;i&gt;exits&lt;/i&gt;, must step out and give the morall of their Scenes, and &lt;span class="quote"&gt;deliver unto Posterity an Inventory of their vertues and vices.&lt;/span&gt;</p0826-teimww:hasTextHist>
    <p0826-teimww:isMentionedIn>
      <p0826-teimww:passage knoraType="link_value" linkType="ref" target="ww_8cbbb98c0b0be42d"/>
    </p0826-teimww:isMentionedIn>
    <p0826-teimww:occursIn>
      <p0826-teimww:book knoraType="link_value" linkType="ref" target="ww_36728f124fde1a07"/>
    </p0826-teimww:occursIn>
    <p0826-teimww:wasContributedBy>
      <p0826-teimww:person knoraType="link_value" linkType="ref" target="ww_b05ab3db9fd9054a"/>
    </p0826-teimww:wasContributedBy>
  </p0826-teimww:passage>
  <p0826-teimww:passage id="ww_8cbbb98c0b0be42d">
    <knoraXmlImport:label>passage</knoraXmlImport:label>
    <p0826-teimww:occursIn>
      <p0826-teimww:book knoraType="link_value" linkType="ref" target="ww_4899784ecc7f3845"/>
    </p0826-teimww:occursIn>
  </p0826-teimww:passage>
  <p0826-teimww:passage id="ww_e234651f72945911">
    <knoraXmlImport:label>passage</knoraXmlImport:label>
    <p0826-teimww:contains>
      <p0826-teimww:lexia knoraType="link_value" linkType="ref" target="ww_074e11827d537f2e"/>
    </p0826-teimww:contains>
    <p0826-teimww:hasPage knoraType="richtext_value">50; part 1, section 39 [normalized spelling].</p0826-teimww:hasPage>
    <p0826-teimww:hasPageHist knoraType="richtext_value">50; part 1, section 39.</p0826-teimww:hasPageHist>
    <p0826-teimww:hasText knoraType="richtext_value">The smattering I have of the Philosopher's stone (which is something more than the perfect exaltation of gold) hath taught me a great deal of Divinity, and instructed my belief, how that immortal spirit and incorruptible substance of my soul may lie obscure, and &lt;span class="quote"&gt;sleep a while within this house of flesh.&lt;/span&gt;</p0826-teimww:hasText>
    <p0826-teimww:hasTextHist knoraType="richtext_value">The smattering I have of the Philosophers stone (which is something more than the perfect exaltation of gold) hath taught me a great deale of Divinity, and instructed my beliefe, how that immortal spirit and incorruptible substance of my soule may lye obscure, and &lt;span class="quote"&gt;sleepe&lt;/span&gt; a while within this house of flesh.</p0826-teimww:hasTextHist>
    <p0826-teimww:isMentionedIn>
      <p0826-teimww:passage knoraType="link_value" linkType="ref" target="ww_4e69394a5143100c"/>
    </p0826-teimww:isMentionedIn>
    <p0826-teimww:occursIn>
      <p0826-teimww:book knoraType="link_value" linkType="ref" target="ww_36728f124fde1a07"/>
    </p0826-teimww:occursIn>
    <p0826-teimww:wasContributedBy>
      <p0826-teimww:person knoraType="link_value" linkType="ref" target="ww_b05ab3db9fd9054a"/>
    </p0826-teimww:wasContributedBy>
  </p0826-teimww:passage>
  <p0826-teimww:passage id="ww_4e69394a5143100c">
    <knoraXmlImport:label>passage</knoraXmlImport:label>
    <p0826-teimww:occursIn>
      <p0826-teimww:book knoraType="link_value" linkType="ref" target="ww_4899784ecc7f3845"/>
    </p0826-teimww:occursIn>
  </p0826-teimww:passage>
  <p0826-teimww:passage id="ww_75e3fffcd13c6a69">
    <knoraXmlImport:label>passage</knoraXmlImport:label>
    <p0826-teimww:contains>
      <p0826-teimww:lexia knoraType="link_value" linkType="ref" target="ww_e242beeb93d1bd2a"/>
    </p0826-teimww:contains>
    <p0826-teimww:hasPage knoraType="richtext_value">50; part 1, section 39 [normalized spelling].</p0826-teimww:hasPage>
    <p0826-teimww:hasPageHist knoraType="richtext_value">50; part 1, section 39.</p0826-teimww:hasPageHist>
    <p0826-teimww:hasText knoraType="richtext_value">Those strange and mystical transmigrations that I have observed in Silkworms, turn'd my Philosophy into Divinity. &lt;span class="quote"&gt;There is in these works of nature, which seem to puzzle reason, something Divine; and hath more in it than&lt;/span&gt; [sic] &lt;span class="quote"&gt;the eye of a common spectator doth discover.&lt;/span&gt;</p0826-teimww:hasText>
    <p0826-teimww:hasTextHist knoraType="richtext_value">Those strange and mystical transmigrations that I have observed in Silkwormes, turn'd my Philosophy into Divinity. &lt;span class="quote"&gt;There is in these workes of nature, which seem to puzle reason, something Divine; and hath more in it then&lt;/span&gt; [sic] &lt;span class="quote"&gt;the eye of a common spectator doth discover.&lt;/span&gt;</p0826-teimww:hasTextHist>
    <p0826-teimww:isMentionedIn>
      <p0826-teimww:passage knoraType="link_value" linkType="ref" target="ww_352971b082f33c7e"/>
    </p0826-teimww:isMentionedIn>
    <p0826-teimww:occursIn>
      <p0826-teimww:book knoraType="link_value" linkType="ref" target="ww_36728f124fde1a07"/>
    </p0826-teimww:occursIn>
    <p0826-teimww:wasContributedBy>
      <p0826-teimww:person knoraType="link_value" linkType="ref" target="ww_b05ab3db9fd9054a"/>
    </p0826-teimww:wasContributedBy>
  </p0826-teimww:passage>
  <p0826-teimww:passage id="ww_352971b082f33c7e">
    <knoraXmlImport:label>passage</knoraXmlImport:label>
    <p0826-teimww:occursIn>
      <p0826-teimww:book knoraType="link_value" linkType="ref" target="ww_4899784ecc7f3845"/>
    </p0826-teimww:occursIn>
  </p0826-teimww:passage>
  <p0826-teimww:passage id="ww_91309ecac066d09a">
    <knoraXmlImport:label>passage</knoraXmlImport:label>
    <p0826-teimww:contains>
      <p0826-teimww:lexia knoraType="link_value" linkType="ref" target="ww_22ab3cfce3f2a693"/>
    </p0826-teimww:contains>
    <p0826-teimww:hasPage knoraType="richtext_value">71; part 2, section 1 [normalized spelling].</p0826-teimww:hasPage>
    <p0826-teimww:hasPageHist knoraType="richtext_value">71; part 2, section 1.</p0826-teimww:hasPageHist>
    <p0826-teimww:hasText knoraType="richtext_value">If there be any among those common objects of hatred I do contemn and laugh at, it is that great enemy of reason, virtue, and religion, &lt;span class="quote"&gt;the multitude; that numerous piece of monstrosity&lt;/span&gt;, which, taken asunder seem men, and the reasonable creatures of God; but confused together, make but one great beast, &amp; a monstrosity more prodigious than Hydra [...].</p0826-teimww:hasText>
    <p0826-teimww:hasTextHist knoraType="richtext_value">If there be any among those common objects of hatred I doe contemne and laugh at, it is that great enemy of reason, vertue, and religion, &lt;span class="quote"&gt;the multitude; that numerous piece of monstrosity&lt;/span&gt;, which, taken asunder seeme men, and the reasonable creatures of God; but confused together, make but one great beast, &amp; a monstrosity more prodigious than Hydra [...].</p0826-teimww:hasTextHist>
    <p0826-teimww:isMentionedIn>
      <p0826-teimww:passage knoraType="link_value" linkType="ref" target="ww_65fee9a05a5d02d3"/>
    </p0826-teimww:isMentionedIn>
    <p0826-teimww:occursIn>
      <p0826-teimww:book knoraType="link_value" linkType="ref" target="ww_36728f124fde1a07"/>
    </p0826-teimww:occursIn>
    <p0826-teimww:wasContributedBy>
      <p0826-teimww:person knoraType="link_value" linkType="ref" target="ww_b05ab3db9fd9054a"/>
    </p0826-teimww:wasContributedBy>
  </p0826-teimww:passage>
  <p0826-teimww:passage id="ww_65fee9a05a5d02d3">
    <knoraXmlImport:label>passage</knoraXmlImport:label>
    <p0826-teimww:occursIn>
      <p0826-teimww:book knoraType="link_value" linkType="ref" target="ww_4899784ecc7f3845"/>
    </p0826-teimww:occursIn>
  </p0826-teimww:passage>
  <p0826-teimww:passage id="ww_2f431a2f70baf8fb">
    <knoraXmlImport:label>passage</knoraXmlImport:label>
    <p0826-teimww:contains>
      <p0826-teimww:lexia knoraType="link_value" linkType="ref" target="ww_e5e6565e136d278c"/>
    </p0826-teimww:contains>
    <p0826-teimww:hasPage knoraType="richtext_value">53; part 1, section 42 [normalized spelling].</p0826-teimww:hasPage>
    <p0826-teimww:hasPageHist knoraType="richtext_value">53; part 1, section 42.</p0826-teimww:hasPageHist>
    <p0826-teimww:hasText knoraType="richtext_value">I find my growing Judgement daily instructs me how to be better, but my untamed affections and confirmed vitiosity makes me daily do worse; I find in my confirmed age the same sins I discovered in my youth, I committed many then because I was a child, and because I commit them still I am yet an Infant. Therefore I perceive &lt;span class="quote"&gt;a man may be twice a child&lt;/span&gt; before the days of dotage, and stand in need of &lt;i&gt;Aeson's&lt;/i&gt; bath before threescore.</p0826-teimww:hasText>
    <p0826-teimww:hasTextHist knoraType="richtext_value">I find my growing Judgement dayly instructs me how to be better, but my untamed affections and confirmed vitiosity makes mee dayly doe worse; I finde in my confirmed age the same sinnes I discovered in my youth, I committed many then because I was a child, and because I commit them still I am yet an Infant. Therefore I perceive &lt;span class="quote"&gt;a man may bee twice a child&lt;/span&gt; before the dayes of dotage, and stand in need of &lt;i&gt;Aesons&lt;/i&gt; bath before threescore.</p0826-teimww:hasTextHist>
    <p0826-teimww:isMentionedIn>
      <p0826-teimww:passage knoraType="link_value" linkType="ref" target="ww_ccdc90f07f46d4d3"/>
    </p0826-teimww:isMentionedIn>
    <p0826-teimww:occursIn>
      <p0826-teimww:book knoraType="link_value" linkType="ref" target="ww_36728f124fde1a07"/>
    </p0826-teimww:occursIn>
    <p0826-teimww:wasContributedBy>
      <p0826-teimww:person knoraType="link_value" linkType="ref" target="ww_b05ab3db9fd9054a"/>
    </p0826-teimww:wasContributedBy>
  </p0826-teimww:passage>
  <p0826-teimww:passage id="ww_72528ee497bd0513">
    <knoraXmlImport:label>passage</knoraXmlImport:label>
    <p0826-teimww:contains>
      <p0826-teimww:lexia knoraType="link_value" linkType="ref" target="ww_f209df1dae4044a7"/>
    </p0826-teimww:contains>
    <p0826-teimww:hasPage knoraType="richtext_value">80; part 2, section 6 [normalized spelling].</p0826-teimww:hasPage>
    <p0826-teimww:hasPageHist knoraType="richtext_value">80; part 2, section 6.</p0826-teimww:hasPageHist>
    <p0826-teimww:hasText knoraType="richtext_value">I cannot believe the story of the Italian; our bad wishes and malevolous desires proceed no further than this life; it is the Devil and the uncharitable votes of Hell, that &lt;span class="quote"&gt;desire our misery in the world to come.&lt;/span&gt;</p0826-teimww:hasText>
    <p0826-teimww:hasTextHist knoraType="richtext_value">I cannot beleeve the story of the Italian; our bad wishes and malevolous desires proceed no further than this life; it is the Devill and the uncharitable votes of Hell, that &lt;span class="quote"&gt;desire our misery in the world to come.&lt;/span&gt;</p0826-teimww:hasTextHist>
    <p0826-teimww:isMentionedIn>
      <p0826-teimww:passage knoraType="link_value" linkType="ref" target="ww_40d7471c3f9a4d2d"/>
    </p0826-teimww:isMentionedIn>
    <p0826-teimww:occursIn>
      <p0826-teimww:book knoraType="link_value" linkType="ref" target="ww_36728f124fde1a07"/>
    </p0826-teimww:occursIn>
    <p0826-teimww:wasContributedBy>
      <p0826-teimww:person knoraType="link_value" linkType="ref" target="ww_b05ab3db9fd9054a"/>
    </p0826-teimww:wasContributedBy>
  </p0826-teimww:passage>
  <p0826-teimww:passage id="ww_40d7471c3f9a4d2d">
    <knoraXmlImport:label>passage</knoraXmlImport:label>
    <p0826-teimww:occursIn>
      <p0826-teimww:book knoraType="link_value" linkType="ref" target="ww_4899784ecc7f3845"/>
    </p0826-teimww:occursIn>
  </p0826-teimww:passage>
  <p0826-teimww:passage id="ww_f19e8de2d986ad24">
    <knoraXmlImport:label>passage</knoraXmlImport:label>
    <p0826-teimww:contains>
      <p0826-teimww:lexia knoraType="link_value" linkType="ref" target="ww_f14c7f50b76b90d7"/>
    </p0826-teimww:contains>
    <p0826-teimww:hasPage knoraType="richtext_value">27; act 3 [normalized spelling].</p0826-teimww:hasPage>
    <p0826-teimww:hasPageHist knoraType="richtext_value">27; act 3.</p0826-teimww:hasPageHist>
    <p0826-teimww:hasText knoraType="richtext_value">[Soldier:] From the Commanders, Col. Rainsborow, and Comissary Ireton, I have in trust to let you know, some minutes hence you are to die. (Exit).&lt;br&gt;
[Sir Charles:] Oh perjur'd Miscreants! is this your mercy ? this &lt;span class="quote"&gt;my prophetic Soul &lt;/span&gt;still whisper'd to me; I knew they in our bloods would bathe their guilt, and sacrifice our lives to their God Treason, these Victims befit Molech , not Messiah , whom these professed Saints, but real Devils, seem to make the umpire of their deeds.&lt;br&gt;&lt;br&gt;

Angry Rhamnusia , though we fall to dust,&lt;br&gt;
Punish these Traytors, for their acts unjust.</p0826-teimww:hasText>
    <p0826-teimww:hasTextHist knoraType="richtext_value">[Soldier:] From the Commanders, Col. Rainsborow, and Comissary Ireton, I have in trust to let you know, some minutes hence you are to die. (Exit).&lt;br&gt;
[Sir Charles:] Oh perjur'd Miscreants! is this your mercy ? this &lt;span class="quote"&gt;my prophetick Soule &lt;/span&gt;still whisper'd to me; I knew they in our blouds would bathe their guilt, and sacrifice our lives to their God Treason, these Victims befit Molech , not Messiah , whom these professed Saints, but reall Devils, seem to make the umpire of their deeds.&lt;br&gt;&lt;br&gt;

Angry Rhamnusia , though we fall to dust,&lt;br&gt;
Punish these Traytors, for their acts unjust.</p0826-teimww:hasTextHist>
    <p0826-teimww:isMentionedIn>
      <p0826-teimww:passage knoraType="link_value" linkType="ref" target="ww_310f8565ceaa8f21"/>
    </p0826-teimww:isMentionedIn>
    <p0826-teimww:occursIn>
      <p0826-teimww:book knoraType="link_value" linkType="ref" target="ww_19945219a7c5599a"/>
    </p0826-teimww:occursIn>
    <p0826-teimww:wasContributedBy>
      <p0826-teimww:person knoraType="link_value" linkType="ref" target="ww_c4063e9c72a3ffd2"/>
    </p0826-teimww:wasContributedBy>
  </p0826-teimww:passage>
  <p0826-teimww:passage id="ww_310f8565ceaa8f21">
    <knoraXmlImport:label>passage</knoraXmlImport:label>
    <p0826-teimww:occursIn>
      <p0826-teimww:book knoraType="link_value" linkType="ref" target="ww_91e0dc4c671938fa"/>
    </p0826-teimww:occursIn>
  </p0826-teimww:passage>
  <p0826-teimww:passage id="ww_4836a4a6163fc353">
    <knoraXmlImport:label>passage</knoraXmlImport:label>
    <p0826-teimww:contains>
      <p0826-teimww:lexia knoraType="link_value" linkType="ref" target="ww_604bb0bff18a6885"/>
    </p0826-teimww:contains>
    <p0826-teimww:hasPage knoraType="richtext_value">49; lines 83-86.</p0826-teimww:hasPage>
    <p0826-teimww:hasText knoraType="richtext_value">[Duke Gondibert:] Nor would I by a total silence yield&lt;br&gt;
My honour ta'ne, though I were Pris'ner made;&lt;br&gt;
Least you should think we may be &lt;span class="quote"&gt;justly kill'd,&lt;/span&gt;&lt;br&gt;
And sacred justice by mistake invade.</p0826-teimww:hasText>
    <p0826-teimww:isMentionedIn>
      <p0826-teimww:passage knoraType="link_value" linkType="ref" target="ww_71a743211bfd7660"/>
    </p0826-teimww:isMentionedIn>
    <p0826-teimww:occursIn>
      <p0826-teimww:book knoraType="link_value" linkType="ref" target="ww_d97d76c6a1fac50d"/>
    </p0826-teimww:occursIn>
    <p0826-teimww:wasContributedBy>
      <p0826-teimww:person knoraType="link_value" linkType="ref" target="ww_8106744e44c77c96"/>
    </p0826-teimww:wasContributedBy>
  </p0826-teimww:passage>
  <p0826-teimww:passage id="ww_71a743211bfd7660">
    <knoraXmlImport:label>passage</knoraXmlImport:label>
    <p0826-teimww:occursIn>
      <p0826-teimww:book knoraType="link_value" linkType="ref" target="ww_3e15ab6c612eadae"/>
    </p0826-teimww:occursIn>
  </p0826-teimww:passage>
  <p0826-teimww:passage id="ww_3a506ac73da6d718">
    <knoraXmlImport:label>passage</knoraXmlImport:label>
    <p0826-teimww:contains>
      <p0826-teimww:lexia knoraType="link_value" linkType="ref" target="ww_f14c7f50b76b90d7"/>
    </p0826-teimww:contains>
    <p0826-teimww:hasPage knoraType="richtext_value">68; act 3, scene 1 [normalized spelling].</p0826-teimww:hasPage>
    <p0826-teimww:hasPageHist knoraType="richtext_value">68; act 3, scene 1.</p0826-teimww:hasPageHist>
    <p0826-teimww:hasText knoraType="richtext_value">[Duke:] [...] Cease his destroying dart! and in its room&lt;br&gt;
Place thine of Gold, then wound him with his own, &lt;br&gt;
Ev'n to destruction! so shalt thou prove &lt;br&gt;
A glorious victor, I, she, live and love. &lt;br&gt;
[Honorio:] It is, as &lt;span class="quote"&gt;
my prophetic soul inform'd me, &lt;br&gt;&lt;/span&gt;
And now for my discovery (to him Hono)  &lt;br&gt;
[Duke:] How dar'st thou interrupt our privacy? &lt;br&gt;
Have we no power? &lt;br&gt;
[Honorio:] But calm that stormy brow! your grace forthwith &lt;br&gt;
Shall feel the ease I bring you.</p0826-teimww:hasText>
    <p0826-teimww:hasTextHist knoraType="richtext_value">[Duke:] [...] Ceaze his destroying dart! and in its roome &lt;br&gt;
Place thine of Gold, then wound him with his own, &lt;br&gt;
Ev'n to destruction! so shalt thou prove &lt;br&gt;
A glorious victor, I, she, live and love. &lt;br&gt;
[Honorio:] It is, as &lt;span class="quote"&gt;
my prophetique soul inform'd me, &lt;br&gt;&lt;/span&gt;
And now for my discovery (to him Hono)  &lt;br&gt;
[Duke:] How durst thou interrupt our privacy? &lt;br&gt;
Have we no power? &lt;br&gt;
[Honorio:] But calme that stormy brow! your grace forthwith &lt;br&gt;
Shall feele the ease I bring you. </p0826-teimww:hasTextHist>
    <p0826-teimww:isMentionedIn>
      <p0826-teimww:passage knoraType="link_value" linkType="ref" target="ww_5ebc5259b7dbba6b"/>
    </p0826-teimww:isMentionedIn>
    <p0826-teimww:occursIn>
      <p0826-teimww:book knoraType="link_value" linkType="ref" target="ww_79fe5ccacfa2bc91"/>
    </p0826-teimww:occursIn>
    <p0826-teimww:wasContributedBy>
      <p0826-teimww:person knoraType="link_value" linkType="ref" target="ww_c4063e9c72a3ffd2"/>
    </p0826-teimww:wasContributedBy>
  </p0826-teimww:passage>
  <p0826-teimww:passage id="ww_5ebc5259b7dbba6b">
    <knoraXmlImport:label>passage</knoraXmlImport:label>
    <p0826-teimww:occursIn>
      <p0826-teimww:book knoraType="link_value" linkType="ref" target="ww_91e0dc4c671938fa"/>
    </p0826-teimww:occursIn>
  </p0826-teimww:passage>
  <p0826-teimww:passage id="ww_6d26e0b08b6a33b2">
    <knoraXmlImport:label>passage</knoraXmlImport:label>
    <p0826-teimww:contains>
      <p0826-teimww:lexia knoraType="link_value" linkType="ref" target="ww_d069313ac5b94293"/>
    </p0826-teimww:contains>
    <p0826-teimww:hasPage knoraType="richtext_value">35; act 3.</p0826-teimww:hasPage>
    <p0826-teimww:hasText knoraType="richtext_value">[Don Gerardo:] These Actions sure did seem a perfect madness.&lt;br&gt;
[Servant:] It seem'd indeed &lt;span class="quote"&gt;a madness methodiz'd&lt;/span&gt;, &lt;br&gt;
Like theirs who are Transported far with Passion. </p0826-teimww:hasText>
    <p0826-teimww:isMentionedIn>
      <p0826-teimww:passage knoraType="link_value" linkType="ref" target="ww_bf7378ed1312b553"/>
    </p0826-teimww:isMentionedIn>
    <p0826-teimww:occursIn>
      <p0826-teimww:book knoraType="link_value" linkType="ref" target="ww_2302e398030e9ddf"/>
    </p0826-teimww:occursIn>
    <p0826-teimww:wasContributedBy>
      <p0826-teimww:person knoraType="link_value" linkType="ref" target="ww_bff7390e4e734f4c"/>
    </p0826-teimww:wasContributedBy>
  </p0826-teimww:passage>
  <p0826-teimww:passage id="ww_bf7378ed1312b553">
    <knoraXmlImport:label>passage</knoraXmlImport:label>
    <p0826-teimww:occursIn>
      <p0826-teimww:book knoraType="link_value" linkType="ref" target="ww_3e15ab6c612eadae"/>
    </p0826-teimww:occursIn>
  </p0826-teimww:passage>
  <p0826-teimww:passage id="ww_67c3a45b3aec1899">
    <knoraXmlImport:label>passage</knoraXmlImport:label>
    <p0826-teimww:contains>
      <p0826-teimww:lexia knoraType="link_value" linkType="ref" target="ww_f14c7f50b76b90d7"/>
    </p0826-teimww:contains>
    <p0826-teimww:hasPage knoraType="richtext_value">20; act 3, scene 1.</p0826-teimww:hasPage>
    <p0826-teimww:hasText knoraType="richtext_value">[Lysimachus:] A voice! To whom should this address belong!&lt;br&gt;
O Gods! There's &lt;i&gt;Parisatis&lt;/i&gt; list'ning to the Song!&lt;br&gt;
&lt;i&gt;Ephestion&lt;/i&gt; too! &lt;span class="quote"&gt;O my prophetique Soul!&lt;/span&gt;&lt;br&gt;
What shall I do to keep my senses whole! </p0826-teimww:hasText>
    <p0826-teimww:isMentionedIn>
      <p0826-teimww:passage knoraType="link_value" linkType="ref" target="ww_ce75597a20d4c554"/>
    </p0826-teimww:isMentionedIn>
    <p0826-teimww:occursIn>
      <p0826-teimww:book knoraType="link_value" linkType="ref" target="ww_34f6680a5ed3328f"/>
    </p0826-teimww:occursIn>
    <p0826-teimww:wasContributedBy>
      <p0826-teimww:person knoraType="link_value" linkType="ref" target="ww_c4063e9c72a3ffd2"/>
    </p0826-teimww:wasContributedBy>
  </p0826-teimww:passage>
  <p0826-teimww:passage id="ww_ce75597a20d4c554">
    <knoraXmlImport:label>passage</knoraXmlImport:label>
    <p0826-teimww:occursIn>
      <p0826-teimww:book knoraType="link_value" linkType="ref" target="ww_aee75c33920a3b79"/>
    </p0826-teimww:occursIn>
  </p0826-teimww:passage>
  <p0826-teimww:passage id="ww_84b0cdff7632e452">
    <knoraXmlImport:label>passage</knoraXmlImport:label>
    <p0826-teimww:contains>
      <p0826-teimww:lexia knoraType="link_value" linkType="ref" target="ww_89a977a4500a1050"/>
    </p0826-teimww:contains>
    <p0826-teimww:hasPage knoraType="richtext_value">111; act 5, scene 1.</p0826-teimww:hasPage>
    <p0826-teimww:hasText knoraType="richtext_value">[Sir Noble Clumsy:] Why, you sweet perfum'd Jessamine knaves! &lt;span class="quote"&gt;you Rogues in Buckram! &lt;/span&gt;were there a Dozen of ouy, I'd beat you out of your artificial Sweetness into your own natural Rankness.</p0826-teimww:hasText>
    <p0826-teimww:isMentionedIn>
      <p0826-teimww:passage knoraType="link_value" linkType="ref" target="ww_e12f3bc32541a7b6"/>
    </p0826-teimww:isMentionedIn>
    <p0826-teimww:occursIn>
      <p0826-teimww:book knoraType="link_value" linkType="ref" target="ww_0b80290e20216583"/>
    </p0826-teimww:occursIn>
    <p0826-teimww:wasContributedBy>
      <p0826-teimww:person knoraType="link_value" linkType="ref" target="ww_6202c1bb6957c9cc"/>
    </p0826-teimww:wasContributedBy>
  </p0826-teimww:passage>
  <p0826-teimww:passage id="ww_e12f3bc32541a7b6">
    <knoraXmlImport:label>passage</knoraXmlImport:label>
    <p0826-teimww:occursIn>
      <p0826-teimww:book knoraType="link_value" linkType="ref" target="ww_1140c36ab545b6d8"/>
    </p0826-teimww:occursIn>
  </p0826-teimww:passage>
  <p0826-teimww:passage id="ww_e88ebd8466e6c87a">
    <knoraXmlImport:label>passage</knoraXmlImport:label>
    <p0826-teimww:contains>
      <p0826-teimww:lexia knoraType="link_value" linkType="ref" target="ww_d069313ac5b94293"/>
    </p0826-teimww:contains>
    <p0826-teimww:hasPage knoraType="richtext_value">3-4; act 1, scene 1.</p0826-teimww:hasPage>
    <p0826-teimww:hasText knoraType="richtext_value">[Lyonel:] [...] (Sings) There's nothing so fatal as Woman, &lt;br&gt; 
To hurry a Man to his Grave, &lt;br&gt; 
You must think, you may plot, &lt;br&gt; 
You may sigh like a Sot: &lt;br&gt; 
She uses you more like a Slave. &lt;br&gt;  
But a Bottle, altho' it be common, &lt;br&gt; 
The Cheats of the Fair will undo, &lt;br&gt; 
It will drive from your Head &lt;br&gt; 
The Delights of the Bed; &lt;br&gt; 
He that's drunk is not able to wooe. &lt;br&gt;  
(Exit Lyonel)&lt;br&gt; 
[Celia:] &lt;span class="quote"&gt;Method in Madness&lt;/span&gt;, Grace even in Distraction: 
I'll never leave him, 'till, by Art or Prayer, 
I have restor'd his Senses to their Office. </p0826-teimww:hasText>
    <p0826-teimww:isMentionedIn>
      <p0826-teimww:passage knoraType="link_value" linkType="ref" target="ww_bf7378ed1312b553"/>
    </p0826-teimww:isMentionedIn>
    <p0826-teimww:occursIn>
      <p0826-teimww:book knoraType="link_value" linkType="ref" target="ww_0b4c366e4e5bc9b9"/>
    </p0826-teimww:occursIn>
    <p0826-teimww:wasContributedBy>
      <p0826-teimww:person knoraType="link_value" linkType="ref" target="ww_c4063e9c72a3ffd2"/>
    </p0826-teimww:wasContributedBy>
  </p0826-teimww:passage>
  <p0826-teimww:passage id="ww_8746a28ce80d1a60">
    <knoraXmlImport:label>passage</knoraXmlImport:label>
    <p0826-teimww:contains>
      <p0826-teimww:lexia knoraType="link_value" linkType="ref" target="ww_ead79af7c765d93c"/>
    </p0826-teimww:contains>
    <p0826-teimww:hasPage knoraType="richtext_value">43.</p0826-teimww:hasPage>
    <p0826-teimww:hasText knoraType="richtext_value">[Lyonel:]&lt;span class="quote"&gt; A Horse; a Horse; my Kingdom for a Horse: &lt;/span&gt;What's here, a Woman, charging at their Army's Head? then we are betray'd.</p0826-teimww:hasText>
    <p0826-teimww:hasTextHist knoraType="richtext_value">add act and scene</p0826-teimww:hasTextHist>
    <p0826-teimww:isMentionedIn>
      <p0826-teimww:passage knoraType="link_value" linkType="ref" target="ww_a2026475a08b3a33"/>
    </p0826-teimww:isMentionedIn>
    <p0826-teimww:occursIn>
      <p0826-teimww:book knoraType="link_value" linkType="ref" target="ww_0b4c366e4e5bc9b9"/>
    </p0826-teimww:occursIn>
    <p0826-teimww:wasContributedBy>
      <p0826-teimww:person knoraType="link_value" linkType="ref" target="ww_c4063e9c72a3ffd2"/>
    </p0826-teimww:wasContributedBy>
  </p0826-teimww:passage>
  <p0826-teimww:passage id="ww_a2026475a08b3a33">
    <knoraXmlImport:label>passage</knoraXmlImport:label>
    <p0826-teimww:occursIn>
      <p0826-teimww:book knoraType="link_value" linkType="ref" target="ww_3e15ab6c612eadae"/>
    </p0826-teimww:occursIn>
  </p0826-teimww:passage>
  <p0826-teimww:passage id="ww_69bc0ae6ab767b5a">
    <knoraXmlImport:label>passage</knoraXmlImport:label>
    <p0826-teimww:contains>
      <p0826-teimww:lexia knoraType="link_value" linkType="ref" target="ww_ea56f5b53baf19e0"/>
    </p0826-teimww:contains>
    <p0826-teimww:hasPage knoraType="richtext_value">95.</p0826-teimww:hasPage>
    <p0826-teimww:hasText knoraType="richtext_value">O dastard Coward, Stutly cries,&lt;br&gt;
Faint-hearted, &lt;span class="quote"&gt;Peasant Slave!&lt;/span&gt;</p0826-teimww:hasText>
    <p0826-teimww:isMentionedIn>
      <p0826-teimww:passage knoraType="link_value" linkType="ref" target="ww_85a8233afd3aa1cb"/>
    </p0826-teimww:isMentionedIn>
    <p0826-teimww:occursIn>
      <p0826-teimww:book knoraType="link_value" linkType="ref" target="ww_05a629a7b774cea6"/>
    </p0826-teimww:occursIn>
    <p0826-teimww:wasContributedBy>
      <p0826-teimww:person knoraType="link_value" linkType="ref" target="ww_c4063e9c72a3ffd2"/>
    </p0826-teimww:wasContributedBy>
  </p0826-teimww:passage>
  <p0826-teimww:passage id="ww_85a8233afd3aa1cb">
    <knoraXmlImport:label>passage</knoraXmlImport:label>
    <p0826-teimww:occursIn>
      <p0826-teimww:book knoraType="link_value" linkType="ref" target="ww_d1faedb423154f39"/>
    </p0826-teimww:occursIn>
  </p0826-teimww:passage>
  <p0826-teimww:passage id="ww_1a28e837333c98f9">
    <knoraXmlImport:label>passage</knoraXmlImport:label>
    <p0826-teimww:contains>
      <p0826-teimww:lexia knoraType="link_value" linkType="ref" target="ww_4cd2b10392cd7722"/>
    </p0826-teimww:contains>
    <p0826-teimww:hasPage knoraType="richtext_value">N.p.</p0826-teimww:hasPage>
    <p0826-teimww:hasText knoraType="richtext_value">&lt;span class="quote"&gt;Mors omnibus communis&lt;/span&gt;</p0826-teimww:hasText>
    <p0826-teimww:isMentionedIn>
      <p0826-teimww:passage knoraType="link_value" linkType="ref" target="ww_0c52e8c21753c33f"/>
    </p0826-teimww:isMentionedIn>
    <p0826-teimww:occursIn>
      <p0826-teimww:book knoraType="link_value" linkType="ref" target="ww_31331c878f65b6f4"/>
    </p0826-teimww:occursIn>
    <p0826-teimww:wasContributedBy>
      <p0826-teimww:person knoraType="link_value" linkType="ref" target="ww_c4063e9c72a3ffd2"/>
    </p0826-teimww:wasContributedBy>
  </p0826-teimww:passage>
  <p0826-teimww:passage id="ww_0c52e8c21753c33f">
    <knoraXmlImport:label>passage</knoraXmlImport:label>
    <p0826-teimww:occursIn>
      <p0826-teimww:book knoraType="link_value" linkType="ref" target="ww_cd1e70f8e2cd8c82"/>
    </p0826-teimww:occursIn>
  </p0826-teimww:passage>
  <p0826-teimww:passage id="ww_cdf3e6966c8d166e">
    <knoraXmlImport:label>passage</knoraXmlImport:label>
    <p0826-teimww:contains>
      <p0826-teimww:lexia knoraType="link_value" linkType="ref" target="ww_e600b3175d2bea1a"/>
    </p0826-teimww:contains>
    <p0826-teimww:hasPage knoraType="richtext_value">259; part 1, section 3, proverb 28.</p0826-teimww:hasPage>
    <p0826-teimww:hasText knoraType="richtext_value">Mare malorum &lt;br&gt;
&lt;span class="quote"&gt;A sea of troubles&lt;/span&gt; &lt;br&gt;
Kakôn thálassa, &lt;span class="quote"&gt;A sea of troubles&lt;/span&gt;. This is usually said of catastrophes which are boundless and manifold, because the sea is an infinite thing, or else because those who occupy themselves in it are subject to infinite hardships. </p0826-teimww:hasText>
    <p0826-teimww:isMentionedIn>
      <p0826-teimww:passage knoraType="link_value" linkType="ref" target="ww_676f1ca98b3be82e"/>
    </p0826-teimww:isMentionedIn>
    <p0826-teimww:isMentionedIn>
      <p0826-teimww:passage knoraType="link_value" linkType="ref" target="ww_9f1a48e57b156fcc"/>
    </p0826-teimww:isMentionedIn>
    <p0826-teimww:occursIn>
      <p0826-teimww:book knoraType="link_value" linkType="ref" target="ww_31331c878f65b6f4"/>
    </p0826-teimww:occursIn>
    <p0826-teimww:wasContributedBy>
      <p0826-teimww:person knoraType="link_value" linkType="ref" target="ww_5fbb1eab1b30dfee"/>
    </p0826-teimww:wasContributedBy>
  </p0826-teimww:passage>
  <p0826-teimww:passage id="ww_676f1ca98b3be82e">
    <knoraXmlImport:label>passage</knoraXmlImport:label>
    <p0826-teimww:occursIn>
      <p0826-teimww:book knoraType="link_value" linkType="ref" target="ww_5c89e8fa112ee4e8"/>
    </p0826-teimww:occursIn>
  </p0826-teimww:passage>
  <p0826-teimww:passage id="ww_9f1a48e57b156fcc">
    <knoraXmlImport:label>passage</knoraXmlImport:label>
    <p0826-teimww:occursIn>
      <p0826-teimww:book knoraType="link_value" linkType="ref" target="ww_0de19bd63a1c9142"/>
    </p0826-teimww:occursIn>
  </p0826-teimww:passage>
  <p0826-teimww:passage id="ww_46ebbf09549cd524">
    <knoraXmlImport:label>passage</knoraXmlImport:label>
    <p0826-teimww:contains>
      <p0826-teimww:lexia knoraType="link_value" linkType="ref" target="ww_3e1e609b2e8e353c"/>
    </p0826-teimww:contains>
    <p0826-teimww:hasPage knoraType="richtext_value">N.p.</p0826-teimww:hasPage>
    <p0826-teimww:hasText knoraType="richtext_value">&lt;span class="quote"&gt;machina mundi&lt;/span&gt;</p0826-teimww:hasText>
    <p0826-teimww:isMentionedIn>
      <p0826-teimww:passage knoraType="link_value" linkType="ref" target="ww_4add95d7f2b28e39"/>
    </p0826-teimww:isMentionedIn>
    <p0826-teimww:occursIn>
      <p0826-teimww:book knoraType="link_value" linkType="ref" target="ww_31331c878f65b6f4"/>
    </p0826-teimww:occursIn>
    <p0826-teimww:wasContributedBy>
      <p0826-teimww:person knoraType="link_value" linkType="ref" target="ww_c4063e9c72a3ffd2"/>
    </p0826-teimww:wasContributedBy>
  </p0826-teimww:passage>
  <p0826-teimww:passage id="ww_4add95d7f2b28e39">
    <knoraXmlImport:label>passage</knoraXmlImport:label>
    <p0826-teimww:occursIn>
      <p0826-teimww:book knoraType="link_value" linkType="ref" target="ww_160b060adc5c12bf"/>
    </p0826-teimww:occursIn>
  </p0826-teimww:passage>
  <p0826-teimww:passage id="ww_aadca19b8102d992">
    <knoraXmlImport:label>passage</knoraXmlImport:label>
    <p0826-teimww:contains>
      <p0826-teimww:lexia knoraType="link_value" linkType="ref" target="ww_97abc3f2a8d3e0f7"/>
    </p0826-teimww:contains>
    <p0826-teimww:hasPage knoraType="richtext_value">N.p.; 943A.</p0826-teimww:hasPage>
    <p0826-teimww:hasText knoraType="richtext_value">&lt;span class="quote"&gt;Gaudium Dolori junctum &lt;/span&gt;</p0826-teimww:hasText>
    <p0826-teimww:isMentionedIn>
      <p0826-teimww:passage knoraType="link_value" linkType="ref" target="ww_e9115b354bc0f151"/>
    </p0826-teimww:isMentionedIn>
    <p0826-teimww:isMentionedIn>
      <p0826-teimww:passage knoraType="link_value" linkType="ref" target="ww_1a34ea93ecd9ab2d"/>
    </p0826-teimww:isMentionedIn>
    <p0826-teimww:occursIn>
      <p0826-teimww:book knoraType="link_value" linkType="ref" target="ww_31331c878f65b6f4"/>
    </p0826-teimww:occursIn>
    <p0826-teimww:wasContributedBy>
      <p0826-teimww:person knoraType="link_value" linkType="ref" target="ww_c4063e9c72a3ffd2"/>
    </p0826-teimww:wasContributedBy>
  </p0826-teimww:passage>
  <p0826-teimww:passage id="ww_1a34ea93ecd9ab2d">
    <knoraXmlImport:label>passage</knoraXmlImport:label>
    <p0826-teimww:occursIn>
      <p0826-teimww:book knoraType="link_value" linkType="ref" target="ww_f3b3659c26b68006"/>
    </p0826-teimww:occursIn>
  </p0826-teimww:passage>
  <p0826-teimww:passage id="ww_e9115b354bc0f151">
    <knoraXmlImport:label>passage</knoraXmlImport:label>
    <p0826-teimww:occursIn>
      <p0826-teimww:book knoraType="link_value" linkType="ref" target="ww_cd1e70f8e2cd8c82"/>
    </p0826-teimww:occursIn>
  </p0826-teimww:passage>
  <p0826-teimww:passage id="ww_272c50b07fc3dc72">
    <knoraXmlImport:label>passage</knoraXmlImport:label>
    <p0826-teimww:contains>
      <p0826-teimww:lexia knoraType="link_value" linkType="ref" target="ww_d56de78251b1aaff"/>
    </p0826-teimww:contains>
    <p0826-teimww:hasPage knoraType="richtext_value">N.p,</p0826-teimww:hasPage>
    <p0826-teimww:hasText knoraType="richtext_value">&lt;span class="quote"&gt;Felicitas multas habet amicos &lt;/span&gt;
</p0826-teimww:hasText>
    <p0826-teimww:isMentionedIn>
      <p0826-teimww:passage knoraType="link_value" linkType="ref" target="ww_10c5c25bbb99f85c"/>
    </p0826-teimww:isMentionedIn>
    <p0826-teimww:occursIn>
      <p0826-teimww:book knoraType="link_value" linkType="ref" target="ww_31331c878f65b6f4"/>
    </p0826-teimww:occursIn>
    <p0826-teimww:wasContributedBy>
      <p0826-teimww:person knoraType="link_value" linkType="ref" target="ww_c4063e9c72a3ffd2"/>
    </p0826-teimww:wasContributedBy>
  </p0826-teimww:passage>
  <p0826-teimww:passage id="ww_10c5c25bbb99f85c">
    <knoraXmlImport:label>passage</knoraXmlImport:label>
    <p0826-teimww:occursIn>
      <p0826-teimww:book knoraType="link_value" linkType="ref" target="ww_f3b3659c26b68006"/>
    </p0826-teimww:occursIn>
  </p0826-teimww:passage>
  <p0826-teimww:passage id="ww_949af8b56a078376">
    <knoraXmlImport:label>passage</knoraXmlImport:label>
    <p0826-teimww:contains>
      <p0826-teimww:lexia knoraType="link_value" linkType="ref" target="ww_434f230990a96817"/>
    </p0826-teimww:contains>
    <p0826-teimww:hasPage knoraType="richtext_value">N.p.; 374D.</p0826-teimww:hasPage>
    <p0826-teimww:hasText knoraType="richtext_value">&lt;span class="quote"&gt;Summum jus, summa injuria.&lt;/span&gt;</p0826-teimww:hasText>
    <p0826-teimww:isMentionedIn>
      <p0826-teimww:passage knoraType="link_value" linkType="ref" target="ww_0e08f96743dcf5c7"/>
    </p0826-teimww:isMentionedIn>
    <p0826-teimww:isMentionedIn>
      <p0826-teimww:passage knoraType="link_value" linkType="ref" target="ww_ab208d708d7155f8"/>
    </p0826-teimww:isMentionedIn>
    <p0826-teimww:occursIn>
      <p0826-teimww:book knoraType="link_value" linkType="ref" target="ww_31331c878f65b6f4"/>
    </p0826-teimww:occursIn>
    <p0826-teimww:wasContributedBy>
      <p0826-teimww:person knoraType="link_value" linkType="ref" target="ww_c4063e9c72a3ffd2"/>
    </p0826-teimww:wasContributedBy>
  </p0826-teimww:passage>
  <p0826-teimww:passage id="ww_0e08f96743dcf5c7">
    <knoraXmlImport:label>passage</knoraXmlImport:label>
    <p0826-teimww:occursIn>
      <p0826-teimww:book knoraType="link_value" linkType="ref" target="ww_cd1e70f8e2cd8c82"/>
    </p0826-teimww:occursIn>
  </p0826-teimww:passage>
  <p0826-teimww:passage id="ww_ab208d708d7155f8">
    <knoraXmlImport:label>passage</knoraXmlImport:label>
    <p0826-teimww:occursIn>
      <p0826-teimww:book knoraType="link_value" linkType="ref" target="ww_f3b3659c26b68006"/>
    </p0826-teimww:occursIn>
  </p0826-teimww:passage>
  <p0826-teimww:passage id="ww_0db9d9d353205a33">
    <knoraXmlImport:label>passage</knoraXmlImport:label>
    <p0826-teimww:contains>
      <p0826-teimww:lexia knoraType="link_value" linkType="ref" target="ww_16da44fbe0cbcde3"/>
    </p0826-teimww:contains>
    <p0826-teimww:hasPage knoraType="richtext_value">N.p.; 614C.</p0826-teimww:hasPage>
    <p0826-teimww:hasText knoraType="richtext_value">&lt;span class="quote"&gt;Mnerum animus optimus &lt;/span&gt;</p0826-teimww:hasText>
    <p0826-teimww:isMentionedIn>
      <p0826-teimww:passage knoraType="link_value" linkType="ref" target="ww_f523126cc1455ae4"/>
    </p0826-teimww:isMentionedIn>
    <p0826-teimww:occursIn>
      <p0826-teimww:book knoraType="link_value" linkType="ref" target="ww_31331c878f65b6f4"/>
    </p0826-teimww:occursIn>
    <p0826-teimww:wasContributedBy>
      <p0826-teimww:person knoraType="link_value" linkType="ref" target="ww_c4063e9c72a3ffd2"/>
    </p0826-teimww:wasContributedBy>
  </p0826-teimww:passage>
  <p0826-teimww:passage id="ww_f523126cc1455ae4">
    <knoraXmlImport:label>passage</knoraXmlImport:label>
    <p0826-teimww:occursIn>
      <p0826-teimww:book knoraType="link_value" linkType="ref" target="ww_cd1e70f8e2cd8c82"/>
    </p0826-teimww:occursIn>
  </p0826-teimww:passage>
  <p0826-teimww:passage id="ww_d7fe8bfbfce63e04">
    <knoraXmlImport:label>passage</knoraXmlImport:label>
    <p0826-teimww:contains>
      <p0826-teimww:lexia knoraType="link_value" linkType="ref" target="ww_8f69f88665779169"/>
    </p0826-teimww:contains>
    <p0826-teimww:hasPage knoraType="richtext_value">N.p.; 1208E.</p0826-teimww:hasPage>
    <p0826-teimww:hasText knoraType="richtext_value">&lt;span class="quote"&gt;mala malis eveniunt &lt;/span&gt;</p0826-teimww:hasText>
    <p0826-teimww:isMentionedIn>
      <p0826-teimww:passage knoraType="link_value" linkType="ref" target="ww_80ce719a659f90e1"/>
    </p0826-teimww:isMentionedIn>
    <p0826-teimww:occursIn>
      <p0826-teimww:book knoraType="link_value" linkType="ref" target="ww_31331c878f65b6f4"/>
    </p0826-teimww:occursIn>
    <p0826-teimww:wasContributedBy>
      <p0826-teimww:person knoraType="link_value" linkType="ref" target="ww_c4063e9c72a3ffd2"/>
    </p0826-teimww:wasContributedBy>
  </p0826-teimww:passage>
  <p0826-teimww:passage id="ww_80ce719a659f90e1">
    <knoraXmlImport:label>passage</knoraXmlImport:label>
    <p0826-teimww:occursIn>
      <p0826-teimww:book knoraType="link_value" linkType="ref" target="ww_cd1e70f8e2cd8c82"/>
    </p0826-teimww:occursIn>
  </p0826-teimww:passage>
  <p0826-teimww:passage id="ww_62776caa9b491421">
    <knoraXmlImport:label>passage</knoraXmlImport:label>
    <p0826-teimww:contains>
      <p0826-teimww:lexia knoraType="link_value" linkType="ref" target="ww_ddf32300c573aa3e"/>
    </p0826-teimww:contains>
    <p0826-teimww:hasPage knoraType="richtext_value">790A.</p0826-teimww:hasPage>
    <p0826-teimww:hasText knoraType="richtext_value">&lt;span class="quote"&gt;Duos insequens lepores neutrum capit &lt;/span&gt;</p0826-teimww:hasText>
    <p0826-teimww:isMentionedIn>
      <p0826-teimww:passage knoraType="link_value" linkType="ref" target="ww_d5cf97d4b2852025"/>
    </p0826-teimww:isMentionedIn>
    <p0826-teimww:occursIn>
      <p0826-teimww:book knoraType="link_value" linkType="ref" target="ww_31331c878f65b6f4"/>
    </p0826-teimww:occursIn>
    <p0826-teimww:wasContributedBy>
      <p0826-teimww:person knoraType="link_value" linkType="ref" target="ww_c4063e9c72a3ffd2"/>
    </p0826-teimww:wasContributedBy>
  </p0826-teimww:passage>
  <p0826-teimww:passage id="ww_d5cf97d4b2852025">
    <knoraXmlImport:label>passage</knoraXmlImport:label>
    <p0826-teimww:occursIn>
      <p0826-teimww:book knoraType="link_value" linkType="ref" target="ww_cd1e70f8e2cd8c82"/>
    </p0826-teimww:occursIn>
  </p0826-teimww:passage>
  <p0826-teimww:passage id="ww_3ca2643fbac09ebc">
    <knoraXmlImport:label>passage</knoraXmlImport:label>
    <p0826-teimww:contains>
      <p0826-teimww:lexia knoraType="link_value" linkType="ref" target="ww_9256a2d1b4137c25"/>
    </p0826-teimww:contains>
    <p0826-teimww:hasPage knoraType="richtext_value">1:574.</p0826-teimww:hasPage>
    <p0826-teimww:hasText knoraType="richtext_value">&lt;span class="quote"&gt;A subdistinction or &lt;i&gt;Comma&lt;/i&gt;, is a note of silence, or rather a place of breathing; as whereby the term of pronunciation, the sentence still remaining, is so suspended: as that that which followeth ought presently to succed.&lt;/span&gt;</p0826-teimww:hasText>
    <p0826-teimww:isMentionedIn>
      <p0826-teimww:passage knoraType="link_value" linkType="ref" target="ww_8898507783fdf5f0"/>
    </p0826-teimww:isMentionedIn>
    <p0826-teimww:occursIn>
      <p0826-teimww:book knoraType="link_value" linkType="ref" target="ww_c5e133e72906221d"/>
    </p0826-teimww:occursIn>
    <p0826-teimww:wasContributedBy>
      <p0826-teimww:person knoraType="link_value" linkType="ref" target="ww_c4063e9c72a3ffd2"/>
    </p0826-teimww:wasContributedBy>
  </p0826-teimww:passage>
  <p0826-teimww:passage id="ww_8898507783fdf5f0">
    <knoraXmlImport:label>passage</knoraXmlImport:label>
    <p0826-teimww:occursIn>
      <p0826-teimww:book knoraType="link_value" linkType="ref" target="ww_160b060adc5c12bf"/>
    </p0826-teimww:occursIn>
  </p0826-teimww:passage>
  <p0826-teimww:passage id="ww_b8be8757f5d40e99">
    <knoraXmlImport:label>passage</knoraXmlImport:label>
    <p0826-teimww:contains>
      <p0826-teimww:lexia knoraType="link_value" linkType="ref" target="ww_3e1e609b2e8e353c"/>
    </p0826-teimww:contains>
    <p0826-teimww:hasPage knoraType="richtext_value">125; book 4 "Cancer".</p0826-teimww:hasPage>
    <p0826-teimww:hasText knoraType="richtext_value">[...] demum totius &lt;span class="quote"&gt;machina mundi&lt;br&gt;&lt;/span&gt;
Hoc stat, &amp; hoc durat tot iam per saecula nexu.</p0826-teimww:hasText>
    <p0826-teimww:isMentionedIn>
      <p0826-teimww:passage knoraType="link_value" linkType="ref" target="ww_53ab3a20481a3cb7"/>
    </p0826-teimww:isMentionedIn>
    <p0826-teimww:occursIn>
      <p0826-teimww:book knoraType="link_value" linkType="ref" target="ww_d1747dd42d4313ef"/>
    </p0826-teimww:occursIn>
    <p0826-teimww:wasContributedBy>
      <p0826-teimww:person knoraType="link_value" linkType="ref" target="ww_c4063e9c72a3ffd2"/>
    </p0826-teimww:wasContributedBy>
  </p0826-teimww:passage>
  <p0826-teimww:passage id="ww_53ab3a20481a3cb7">
    <knoraXmlImport:label>passage</knoraXmlImport:label>
    <p0826-teimww:occursIn>
      <p0826-teimww:book knoraType="link_value" linkType="ref" target="ww_160b060adc5c12bf"/>
    </p0826-teimww:occursIn>
  </p0826-teimww:passage>
  <p0826-teimww:passage id="ww_890aefaf06d8b85f">
    <knoraXmlImport:label>passage</knoraXmlImport:label>
    <p0826-teimww:contains>
      <p0826-teimww:lexia knoraType="link_value" linkType="ref" target="ww_b1db92018e4e4ebc"/>
    </p0826-teimww:contains>
    <p0826-teimww:hasPage knoraType="richtext_value">129. Quoted in: Thomas Whitfield Baldwin. William Shakspere's Small Latine and Lesse Greeke. 2 vols. Urbana: University of Illinois Press, 1944. 1:729.</p0826-teimww:hasPage>
    <p0826-teimww:hasText knoraType="richtext_value">But the crowd of our nobility do not follow the precept (as to the value of writing), for &lt;span class="quote"&gt;they think it is a fine and becoming thing not to know how to form their letters. &lt;/span&gt;You would say their writing was the scratching of hens, and unless you were warned beforehand whose hand it was, you would never guess.</p0826-teimww:hasText>
    <p0826-teimww:isMentionedIn>
      <p0826-teimww:passage knoraType="link_value" linkType="ref" target="ww_a3dfa2cf2261f081"/>
    </p0826-teimww:isMentionedIn>
    <p0826-teimww:occursIn>
      <p0826-teimww:book knoraType="link_value" linkType="ref" target="ww_d6460d7b7e7075d6"/>
    </p0826-teimww:occursIn>
    <p0826-teimww:wasContributedBy>
      <p0826-teimww:person knoraType="link_value" linkType="ref" target="ww_c4063e9c72a3ffd2"/>
    </p0826-teimww:wasContributedBy>
  </p0826-teimww:passage>
  <p0826-teimww:passage id="ww_a3dfa2cf2261f081">
    <knoraXmlImport:label>passage</knoraXmlImport:label>
    <p0826-teimww:occursIn>
      <p0826-teimww:book knoraType="link_value" linkType="ref" target="ww_160b060adc5c12bf"/>
    </p0826-teimww:occursIn>
  </p0826-teimww:passage>
  <p0826-teimww:passage id="ww_fdeec4bf45892546">
    <knoraXmlImport:label>passage</knoraXmlImport:label>
    <p0826-teimww:contains>
      <p0826-teimww:lexia knoraType="link_value" linkType="ref" target="ww_331373f6652531c0"/>
    </p0826-teimww:contains>
    <p0826-teimww:hasPage knoraType="richtext_value">N.p.; homily 18.</p0826-teimww:hasPage>
    <p0826-teimww:hasText knoraType="richtext_value">&lt;span class="quote"&gt;The woman is a weak creature &lt;/span&gt;[...] &lt;span class="quote"&gt;She is the weaker vessel, of a frail heat, inconstant &lt;/span&gt;[...]. &lt;span class="quote"&gt;The woman is the more frail part &lt;/span&gt;[...]. &lt;span class="quote"&gt;The woman is a frail vessel.&lt;/span&gt;</p0826-teimww:hasText>
    <p0826-teimww:isMentionedIn>
      <p0826-teimww:passage knoraType="link_value" linkType="ref" target="ww_a06ab5b9a024f2d0"/>
    </p0826-teimww:isMentionedIn>
    <p0826-teimww:isMentionedIn>
      <p0826-teimww:passage knoraType="link_value" linkType="ref" target="ww_4fa3570f742a1165"/>
    </p0826-teimww:isMentionedIn>
    <p0826-teimww:isMentionedIn>
      <p0826-teimww:passage knoraType="link_value" linkType="ref" target="ww_7485e2ee7807da32"/>
    </p0826-teimww:isMentionedIn>
    <p0826-teimww:isMentionedIn>
      <p0826-teimww:passage knoraType="link_value" linkType="ref" target="ww_c7c67f407d781ba2"/>
    </p0826-teimww:isMentionedIn>
    <p0826-teimww:occursIn>
      <p0826-teimww:book knoraType="link_value" linkType="ref" target="ww_9e5c2e9be2d59c76"/>
    </p0826-teimww:occursIn>
    <p0826-teimww:wasContributedBy>
      <p0826-teimww:person knoraType="link_value" linkType="ref" target="ww_c4063e9c72a3ffd2"/>
    </p0826-teimww:wasContributedBy>
  </p0826-teimww:passage>
  <p0826-teimww:passage id="ww_7485e2ee7807da32">
    <knoraXmlImport:label>passage</knoraXmlImport:label>
    <p0826-teimww:occursIn>
      <p0826-teimww:book knoraType="link_value" linkType="ref" target="ww_0b28ed19a0540e1d"/>
    </p0826-teimww:occursIn>
  </p0826-teimww:passage>
  <p0826-teimww:passage id="ww_c7c67f407d781ba2">
    <knoraXmlImport:label>passage</knoraXmlImport:label>
    <p0826-teimww:occursIn>
      <p0826-teimww:book knoraType="link_value" linkType="ref" target="ww_7589cfaa41b21699"/>
    </p0826-teimww:occursIn>
  </p0826-teimww:passage>
  <p0826-teimww:passage id="ww_4fa3570f742a1165">
    <knoraXmlImport:label>passage</knoraXmlImport:label>
    <p0826-teimww:occursIn>
      <p0826-teimww:book knoraType="link_value" linkType="ref" target="ww_2fa5a9bb2a67257a"/>
    </p0826-teimww:occursIn>
  </p0826-teimww:passage>
  <p0826-teimww:passage id="ww_a06ab5b9a024f2d0">
    <knoraXmlImport:label>passage</knoraXmlImport:label>
    <p0826-teimww:occursIn>
      <p0826-teimww:book knoraType="link_value" linkType="ref" target="ww_450c8e303d46eae2"/>
    </p0826-teimww:occursIn>
  </p0826-teimww:passage>
  <p0826-teimww:passage id="ww_209beed5c3dd36ff">
    <knoraXmlImport:label>passage</knoraXmlImport:label>
    <p0826-teimww:contains>
      <p0826-teimww:lexia knoraType="link_value" linkType="ref" target="ww_1cf1815293a779fc"/>
    </p0826-teimww:contains>
    <p0826-teimww:hasPage knoraType="richtext_value">Prologue, line 5 [normalized spelling].</p0826-teimww:hasPage>
    <p0826-teimww:hasPageHist knoraType="richtext_value">Prologue, line 5.</p0826-teimww:hasPageHist>
    <p0826-teimww:hasText knoraType="richtext_value">[Prologue] We search not&lt;span class="quote"&gt; Plutos pensive &lt;/span&gt;pit, nor taste of Limbo lake.</p0826-teimww:hasText>
    <p0826-teimww:hasTextHist knoraType="richtext_value">[Prologue] We search not Plutos pensiue pit, nor tast of Limbo lake</p0826-teimww:hasTextHist>
    <p0826-teimww:isMentionedIn>
      <p0826-teimww:passage knoraType="link_value" linkType="ref" target="ww_be544fd019f4c5bc"/>
    </p0826-teimww:isMentionedIn>
    <p0826-teimww:occursIn>
      <p0826-teimww:book knoraType="link_value" linkType="ref" target="ww_75159bf6f5fdb9bc"/>
    </p0826-teimww:occursIn>
    <p0826-teimww:wasContributedBy>
      <p0826-teimww:person knoraType="link_value" linkType="ref" target="ww_7f35f6802efd910d"/>
    </p0826-teimww:wasContributedBy>
  </p0826-teimww:passage>
  <p0826-teimww:passage id="ww_be544fd019f4c5bc">
    <knoraXmlImport:label>passage</knoraXmlImport:label>
    <p0826-teimww:occursIn>
      <p0826-teimww:book knoraType="link_value" linkType="ref" target="ww_1b231152ba6c63ce"/>
    </p0826-teimww:occursIn>
  </p0826-teimww:passage>
  <p0826-teimww:passage id="ww_c37e4c7ef67e956f">
    <knoraXmlImport:label>passage</knoraXmlImport:label>
    <p0826-teimww:contains>
      <p0826-teimww:lexia knoraType="link_value" linkType="ref" target="ww_7eae344ff016ddad"/>
    </p0826-teimww:contains>
    <p0826-teimww:hasPage knoraType="richtext_value">N.p.; lines 25-28 [normalized spelling].</p0826-teimww:hasPage>
    <p0826-teimww:hasPageHist knoraType="richtext_value">N.p.; lines 25-28.</p0826-teimww:hasPageHist>
    <p0826-teimww:hasText knoraType="richtext_value">&lt;span class="quote"&gt;Rosemary is for remembrance&lt;/span&gt;, &lt;br&gt;
between us day and night: &lt;br&gt;
Wishing that I might always have, &lt;br&gt;
you present in my sight.</p0826-teimww:hasText>
    <p0826-teimww:hasTextHist knoraType="richtext_value">&lt;span class="quote"&gt;Rosemarie is for remembrance&lt;/span&gt;, &lt;br&gt;
betweene vs daie and night: &lt;br&gt;
Wishing that I might alwaies haue, &lt;br&gt;
you present in my sight.</p0826-teimww:hasTextHist>
    <p0826-teimww:isMentionedIn>
      <p0826-teimww:passage knoraType="link_value" linkType="ref" target="ww_f0e2954033de2d7b"/>
    </p0826-teimww:isMentionedIn>
    <p0826-teimww:occursIn>
      <p0826-teimww:book knoraType="link_value" linkType="ref" target="ww_16de53f169f7d7d7"/>
    </p0826-teimww:occursIn>
    <p0826-teimww:wasContributedBy>
      <p0826-teimww:person knoraType="link_value" linkType="ref" target="ww_c4063e9c72a3ffd2"/>
    </p0826-teimww:wasContributedBy>
  </p0826-teimww:passage>
  <p0826-teimww:passage id="ww_f0e2954033de2d7b">
    <knoraXmlImport:label>passage</knoraXmlImport:label>
    <p0826-teimww:occursIn>
      <p0826-teimww:book knoraType="link_value" linkType="ref" target="ww_b3931845d54b98d5"/>
    </p0826-teimww:occursIn>
  </p0826-teimww:passage>
  <p0826-teimww:passage id="ww_7cb65ca29fb1a72e">
    <knoraXmlImport:label>passage</knoraXmlImport:label>
    <p0826-teimww:contains>
      <p0826-teimww:lexia knoraType="link_value" linkType="ref" target="ww_3ea49ddf43cac746"/>
    </p0826-teimww:contains>
    <p0826-teimww:hasPage knoraType="richtext_value">13 [normalized spelling].</p0826-teimww:hasPage>
    <p0826-teimww:hasText knoraType="richtext_value">[...] &lt;span class="quote"&gt;the brain as tender as a posset curd&lt;/span&gt; [...].</p0826-teimww:hasText>
    <p0826-teimww:hasTextHist knoraType="richtext_value">[...] &lt;span class="quote"&gt;the braine as tender as a posset curd&lt;/span&gt; [...].</p0826-teimww:hasTextHist>
    <p0826-teimww:isMentionedIn>
      <p0826-teimww:passage knoraType="link_value" linkType="ref" target="ww_fc6e0b4e236c698d"/>
    </p0826-teimww:isMentionedIn>
    <p0826-teimww:isMentionedIn>
      <p0826-teimww:passage knoraType="link_value" linkType="ref" target="ww_301af72fec3f84f3"/>
    </p0826-teimww:isMentionedIn>
    <p0826-teimww:isMentionedIn>
      <p0826-teimww:passage knoraType="link_value" linkType="ref" target="ww_fa6b4700a3c05bb2"/>
    </p0826-teimww:isMentionedIn>
    <p0826-teimww:isMentionedIn>
      <p0826-teimww:passage knoraType="link_value" linkType="ref" target="ww_3333813123ac9951"/>
    </p0826-teimww:isMentionedIn>
    <p0826-teimww:occursIn>
      <p0826-teimww:book knoraType="link_value" linkType="ref" target="ww_04a69cb6dbc88db4"/>
    </p0826-teimww:occursIn>
    <p0826-teimww:wasContributedBy>
      <p0826-teimww:person knoraType="link_value" linkType="ref" target="ww_c4063e9c72a3ffd2"/>
    </p0826-teimww:wasContributedBy>
  </p0826-teimww:passage>
  <p0826-teimww:passage id="ww_fa6b4700a3c05bb2">
    <knoraXmlImport:label>passage</knoraXmlImport:label>
    <p0826-teimww:occursIn>
      <p0826-teimww:book knoraType="link_value" linkType="ref" target="ww_0b28ed19a0540e1d"/>
    </p0826-teimww:occursIn>
  </p0826-teimww:passage>
  <p0826-teimww:passage id="ww_fc6e0b4e236c698d">
    <knoraXmlImport:label>passage</knoraXmlImport:label>
    <p0826-teimww:occursIn>
      <p0826-teimww:book knoraType="link_value" linkType="ref" target="ww_bd61ff243a1c12bf"/>
    </p0826-teimww:occursIn>
  </p0826-teimww:passage>
  <p0826-teimww:passage id="ww_301af72fec3f84f3">
    <knoraXmlImport:label>passage</knoraXmlImport:label>
    <p0826-teimww:occursIn>
      <p0826-teimww:book knoraType="link_value" linkType="ref" target="ww_0b28ed19a0540e1d"/>
    </p0826-teimww:occursIn>
  </p0826-teimww:passage>
  <p0826-teimww:passage id="ww_3333813123ac9951">
    <knoraXmlImport:label>passage</knoraXmlImport:label>
    <p0826-teimww:occursIn>
      <p0826-teimww:book knoraType="link_value" linkType="ref" target="ww_c0bb45384c6abc1f"/>
    </p0826-teimww:occursIn>
  </p0826-teimww:passage>
  <p0826-teimww:passage id="ww_63c2a78cbc5e75a3">
    <knoraXmlImport:label>passage</knoraXmlImport:label>
    <p0826-teimww:contains>
      <p0826-teimww:lexia knoraType="link_value" linkType="ref" target="ww_9685b6468c8b210f"/>
    </p0826-teimww:contains>
    <p0826-teimww:contains>
      <p0826-teimww:lexia knoraType="link_value" linkType="ref" target="ww_e2b34a4bccf468cd"/>
    </p0826-teimww:contains>
    <p0826-teimww:hasPage knoraType="richtext_value">257, act 5, scene 3, line 249.</p0826-teimww:hasPage>
    <p0826-teimww:hasText knoraType="richtext_value">[Tamburlaine:] &lt;span class="quote"&gt;For Tamburlaine, the scourge of God, must die.&lt;/span&gt;</p0826-teimww:hasText>
    <p0826-teimww:isMentionedIn>
      <p0826-teimww:passage knoraType="link_value" linkType="ref" target="ww_c341b14c10492bf1"/>
    </p0826-teimww:isMentionedIn>
    <p0826-teimww:occursIn>
      <p0826-teimww:book knoraType="link_value" linkType="ref" target="ww_207b1333656832c3"/>
    </p0826-teimww:occursIn>
    <p0826-teimww:wasContributedBy>
      <p0826-teimww:person knoraType="link_value" linkType="ref" target="ww_7f35f6802efd910d"/>
    </p0826-teimww:wasContributedBy>
  </p0826-teimww:passage>
  <p0826-teimww:passage id="ww_c341b14c10492bf1">
    <knoraXmlImport:label>passage</knoraXmlImport:label>
    <p0826-teimww:occursIn>
      <p0826-teimww:book knoraType="link_value" linkType="ref" target="ww_1b231152ba6c63ce"/>
    </p0826-teimww:occursIn>
  </p0826-teimww:passage>
  <p0826-teimww:passage id="ww_9ddb45454a3f3f7d">
    <knoraXmlImport:label>passage</knoraXmlImport:label>
    <p0826-teimww:contains>
      <p0826-teimww:lexia knoraType="link_value" linkType="ref" target="ww_d0f34e5dea16b07f"/>
    </p0826-teimww:contains>
    <p0826-teimww:hasPage knoraType="richtext_value">N.p.; act 4, scene 1, lines 124-127 [normalized spelling].</p0826-teimww:hasPage>
    <p0826-teimww:hasPageHist knoraType="richtext_value">N.p.; act 4, scene 1, lines 124-127.</p0826-teimww:hasPageHist>
    <p0826-teimww:hasText knoraType="richtext_value">[Muly Mahamet:] And honor of undoubted victory, &lt;br&gt;
Makes me exclaim upon this dastard flight.  &lt;br&gt;
Why, King Sebastian, wilt thou now&lt;span class="quote"&gt; forslow&lt;/span&gt;,  &lt;br&gt;
And let so great a glory slip thy hands?  </p0826-teimww:hasText>
    <p0826-teimww:hasTextHist knoraType="richtext_value">[Muly Mahamet:] And honor of vndoubted victorie, &lt;br&gt;
Makes me exclime vpon this dastard flight.  &lt;br&gt;
Why king Sebastian, wilt thou now fore-slow,  &lt;br&gt;
And let so great a glorie slip thy hands?  </p0826-teimww:hasTextHist>
    <p0826-teimww:isMentionedIn>
      <p0826-teimww:passage knoraType="link_value" linkType="ref" target="ww_a309b65b71679869"/>
    </p0826-teimww:isMentionedIn>
    <p0826-teimww:occursIn>
      <p0826-teimww:book knoraType="link_value" linkType="ref" target="ww_0062af28cf1872e1"/>
    </p0826-teimww:occursIn>
    <p0826-teimww:wasContributedBy>
      <p0826-teimww:person knoraType="link_value" linkType="ref" target="ww_7f35f6802efd910d"/>
    </p0826-teimww:wasContributedBy>
  </p0826-teimww:passage>
  <p0826-teimww:passage id="ww_52d5edd4ffdff380">
    <knoraXmlImport:label>passage</knoraXmlImport:label>
    <p0826-teimww:contains>
      <p0826-teimww:lexia knoraType="link_value" linkType="ref" target="ww_ead79af7c765d93c"/>
    </p0826-teimww:contains>
    <p0826-teimww:hasPage knoraType="richtext_value">N.p.; act 4, scene 1, lines 311-312 [normalized spelling].</p0826-teimww:hasPage>
    <p0826-teimww:hasPageHist knoraType="richtext_value">N.p.; act 4, scene 1, lines 311-312.</p0826-teimww:hasPageHist>
    <p0826-teimww:hasText knoraType="richtext_value">[Muly Mahamet:] &lt;span class="quote"&gt;A horse, a horse, villain, a horse &lt;br&gt;
That I may take the river straight and fly&lt;/span&gt;.</p0826-teimww:hasText>
    <p0826-teimww:hasTextHist knoraType="richtext_value">[Muly Mahamet:] A horse, a horse, villaine a horse, &lt;br&gt;
That I may take the riuer straight and flie.</p0826-teimww:hasTextHist>
    <p0826-teimww:isMentionedIn>
      <p0826-teimww:passage knoraType="link_value" linkType="ref" target="ww_2dcfd9b7c6f22204"/>
    </p0826-teimww:isMentionedIn>
    <p0826-teimww:occursIn>
      <p0826-teimww:book knoraType="link_value" linkType="ref" target="ww_0062af28cf1872e1"/>
    </p0826-teimww:occursIn>
    <p0826-teimww:wasContributedBy>
      <p0826-teimww:person knoraType="link_value" linkType="ref" target="ww_7f35f6802efd910d"/>
    </p0826-teimww:wasContributedBy>
  </p0826-teimww:passage>
  <p0826-teimww:passage id="ww_2dcfd9b7c6f22204">
    <knoraXmlImport:label>passage</knoraXmlImport:label>
    <p0826-teimww:occursIn>
      <p0826-teimww:book knoraType="link_value" linkType="ref" target="ww_1b231152ba6c63ce"/>
    </p0826-teimww:occursIn>
  </p0826-teimww:passage>
  <p0826-teimww:passage id="ww_1e7a4f785581d1ec">
    <knoraXmlImport:label>passage</knoraXmlImport:label>
    <p0826-teimww:contains>
      <p0826-teimww:lexia knoraType="link_value" linkType="ref" target="ww_40e9e4f82001c890"/>
    </p0826-teimww:contains>
    <p0826-teimww:contains>
      <p0826-teimww:lexia knoraType="link_value" linkType="ref" target="ww_3c95d7400a0058de"/>
    </p0826-teimww:contains>
    <p0826-teimww:contains>
      <p0826-teimww:lexia knoraType="link_value" linkType="ref" target="ww_17ef6dc16d561a28"/>
    </p0826-teimww:contains>
    <p0826-teimww:contains>
      <p0826-teimww:lexia knoraType="link_value" linkType="ref" target="ww_3709637097b9bcd6"/>
    </p0826-teimww:contains>
    <p0826-teimww:hasPage knoraType="richtext_value">61; act 5, scene 1, 156-160.</p0826-teimww:hasPage>
    <p0826-teimww:hasText knoraType="richtext_value">[Dido:] [...] Thy &lt;span class="quote"&gt;mother &lt;/span&gt;was no goddess, perjured
man,&lt;br&gt;
Nor Dardanus the author of thy stock;&lt;br&gt;
But thou art sprung from &lt;span class="quote"&gt;Scythian Caucasus,&lt;/span&gt;&lt;br&gt;
And &lt;span class="quote"&gt;tigers of Hercynia gave thee suck.&lt;/span&gt;</p0826-teimww:hasText>
    <p0826-teimww:isMentionedIn>
      <p0826-teimww:passage knoraType="link_value" linkType="ref" target="ww_77cd403157266552"/>
    </p0826-teimww:isMentionedIn>
    <p0826-teimww:occursIn>
      <p0826-teimww:book knoraType="link_value" linkType="ref" target="ww_f052ab291abd7898"/>
    </p0826-teimww:occursIn>
    <p0826-teimww:wasContributedBy>
      <p0826-teimww:person knoraType="link_value" linkType="ref" target="ww_c4063e9c72a3ffd2"/>
    </p0826-teimww:wasContributedBy>
  </p0826-teimww:passage>
  <p0826-teimww:passage id="ww_77cd403157266552">
    <knoraXmlImport:label>passage</knoraXmlImport:label>
    <p0826-teimww:occursIn>
      <p0826-teimww:book knoraType="link_value" linkType="ref" target="ww_db0e9fa009aad7b3"/>
    </p0826-teimww:occursIn>
  </p0826-teimww:passage>
  <p0826-teimww:passage id="ww_49d245586d1e630a">
    <knoraXmlImport:label>passage</knoraXmlImport:label>
    <p0826-teimww:contains>
      <p0826-teimww:lexia knoraType="link_value" linkType="ref" target="ww_3f4d9f4b35e2f37e"/>
    </p0826-teimww:contains>
    <p0826-teimww:hasPageHist knoraType="richtext_value">N.p.; act 1, scene 1, lines 1250-1251.</p0826-teimww:hasPageHist>
    <p0826-teimww:hasText knoraType="richtext_value">[Suleiman:] &lt;span class="quote"&gt;Ah heavens that hitherto have smiled on me, &lt;br&gt;
Why do you unkindly lower on Soliman?&lt;/span&gt;</p0826-teimww:hasText>
    <p0826-teimww:hasTextHist knoraType="richtext_value">[Suleiman:] Ah heauens that hitherto haue smilde on me, &lt;br&gt;
Why doe you vnkindly lowre on Soliman?</p0826-teimww:hasTextHist>
    <p0826-teimww:isMentionedIn>
      <p0826-teimww:passage knoraType="link_value" linkType="ref" target="ww_ca568a5aed61dfbb"/>
    </p0826-teimww:isMentionedIn>
    <p0826-teimww:isMentionedIn>
      <p0826-teimww:passage knoraType="link_value" linkType="ref" target="ww_56e4e59804263621"/>
    </p0826-teimww:isMentionedIn>
    <p0826-teimww:occursIn>
      <p0826-teimww:book knoraType="link_value" linkType="ref" target="ww_10ccfff324728f4d"/>
    </p0826-teimww:occursIn>
    <p0826-teimww:wasContributedBy>
      <p0826-teimww:person knoraType="link_value" linkType="ref" target="ww_7f35f6802efd910d"/>
    </p0826-teimww:wasContributedBy>
  </p0826-teimww:passage>
  <p0826-teimww:passage id="ww_ca568a5aed61dfbb">
    <knoraXmlImport:label>passage</knoraXmlImport:label>
    <p0826-teimww:occursIn>
      <p0826-teimww:book knoraType="link_value" linkType="ref" target="ww_df2b8c2f18df151a"/>
    </p0826-teimww:occursIn>
  </p0826-teimww:passage>
  <p0826-teimww:passage id="ww_5b8ae7e0e14380c9">
    <knoraXmlImport:label>passage</knoraXmlImport:label>
    <p0826-teimww:contains>
      <p0826-teimww:lexia knoraType="link_value" linkType="ref" target="ww_a70f2f38c9af9ab8"/>
    </p0826-teimww:contains>
    <p0826-teimww:hasPage knoraType="richtext_value">66; act 3, scene 5 [normalized spelling].</p0826-teimww:hasPage>
    <p0826-teimww:hasPageHist knoraType="richtext_value">N.p.; act 3, scene 5.</p0826-teimww:hasPageHist>
    <p0826-teimww:hasText knoraType="richtext_value">[Brusor:] [...] What say these prisoners? will they &lt;span class="quote"&gt;turn Turk&lt;/span&gt;, or not?&lt;br&gt;
[Iuilo:] First &lt;i&gt;Julio&lt;/i&gt; will die ten thousand deaths.&lt;br&gt;
[Guelpio:] And &lt;i&gt;Guelpio&lt;/i&gt;, rather than deny his Christ.&lt;br&gt;
[Bruso:] Then stab the slaves, and send their souls to hell.&lt;br&gt;
([Soldiers] stab Julio and Guelpio)&lt;br&gt;
[Basilisco:] I turn, I turn; oh, save my life, I turn.&lt;br&gt;
[Bruso:] Forbear to hurt him; when we land in Turkey,&lt;br&gt;
He shall be circumcised and have his rites.&lt;br&gt;
[Basilisco:] Think you I &lt;span class="quote"&gt;turn Turk &lt;/span&gt;for fear of servile death that's but a sport? I' faith, sir, no;&lt;br&gt;
Tis for &lt;i&gt;Perseda&lt;/i&gt;, whom I love so well&lt;br&gt;
That I would follow her though she went to hell.</p0826-teimww:hasText>
    <p0826-teimww:hasTextHist knoraType="richtext_value">[Brusor:] [...] What say these prisoners? will they &lt;span class="quote"&gt;turne Turke&lt;/span&gt;, or not?&lt;br&gt;
[Iuilo:] First &lt;i&gt;Iulio&lt;/i&gt; will die ten thousand deaths.&lt;br&gt;
[Guelpio:] And &lt;i&gt;Guelpio&lt;/i&gt;, rather than denie his Christ.&lt;br&gt;
[Bruso:] Them stab the slaues, and send their soules to hell.&lt;br&gt;
([Soldiers] stab Ilulio and Guelpio)&lt;br&gt;
[Basilisco:] I turne, I turne; oh, saue my life, I turne.&lt;br&gt;
[Bruso:] Forbeare to hurt him; when we land in Turkie,&lt;br&gt;
He shall be circumcised and haue his rites.&lt;br&gt;
[Basilisco:] Thinke you I &lt;span class="quote"&gt;turne Turque &lt;/span&gt;for feare of servile death thats but a sport? I faith, sir, no;&lt;br&gt;
Tis for &lt;i&gt;Perseda&lt;/i&gt;, whom I loue so well&lt;br&gt;
That I would follow her though she went to hell.</p0826-teimww:hasTextHist>
    <p0826-teimww:isMentionedIn>
      <p0826-teimww:passage knoraType="link_value" linkType="ref" target="ww_97ecae938d56a542"/>
    </p0826-teimww:isMentionedIn>
    <p0826-teimww:occursIn>
      <p0826-teimww:book knoraType="link_value" linkType="ref" target="ww_10ccfff324728f4d"/>
    </p0826-teimww:occursIn>
    <p0826-teimww:wasContributedBy>
      <p0826-teimww:person knoraType="link_value" linkType="ref" target="ww_5fbb1eab1b30dfee"/>
    </p0826-teimww:wasContributedBy>
  </p0826-teimww:passage>
  <p0826-teimww:passage id="ww_43f2d3dd3c362499">
    <knoraXmlImport:label>passage</knoraXmlImport:label>
    <p0826-teimww:contains>
      <p0826-teimww:lexia knoraType="link_value" linkType="ref" target="ww_be31264d799edb98"/>
    </p0826-teimww:contains>
    <p0826-teimww:hasPage knoraType="richtext_value">N.p.; act 1, scene 1, lines 22-23 [normalised spelling].</p0826-teimww:hasPage>
    <p0826-teimww:hasPageHist knoraType="richtext_value">N.p.; act 1, scene 1, lines 22-23.</p0826-teimww:hasPageHist>
    <p0826-teimww:hasText knoraType="richtext_value">[Presenter:] &lt;span class="quote"&gt;Sit down and see&lt;/span&gt; what heinous stratagems 
These damned wits contrive.</p0826-teimww:hasText>
    <p0826-teimww:hasTextHist knoraType="richtext_value">[Presenter:] Sit downe and see what hainous stratagems 
These damned wits contriue.</p0826-teimww:hasTextHist>
    <p0826-teimww:isMentionedIn>
      <p0826-teimww:passage knoraType="link_value" linkType="ref" target="ww_dae0f70ab4515b3c"/>
    </p0826-teimww:isMentionedIn>
    <p0826-teimww:occursIn>
      <p0826-teimww:book knoraType="link_value" linkType="ref" target="ww_0062af28cf1872e1"/>
    </p0826-teimww:occursIn>
    <p0826-teimww:wasContributedBy>
      <p0826-teimww:person knoraType="link_value" linkType="ref" target="ww_7f35f6802efd910d"/>
    </p0826-teimww:wasContributedBy>
  </p0826-teimww:passage>
  <p0826-teimww:passage id="ww_dae0f70ab4515b3c">
    <knoraXmlImport:label>passage</knoraXmlImport:label>
    <p0826-teimww:occursIn>
      <p0826-teimww:book knoraType="link_value" linkType="ref" target="ww_1b231152ba6c63ce"/>
    </p0826-teimww:occursIn>
  </p0826-teimww:passage>
  <p0826-teimww:passage id="ww_31b7f2d02d981c53">
    <knoraXmlImport:label>passage</knoraXmlImport:label>
    <p0826-teimww:contains>
      <p0826-teimww:lexia knoraType="link_value" linkType="ref" target="ww_d7da3f8489524b87"/>
    </p0826-teimww:contains>
    <p0826-teimww:contains>
      <p0826-teimww:lexia knoraType="link_value" linkType="ref" target="ww_3c69965201a32ed3"/>
    </p0826-teimww:contains>
    <p0826-teimww:hasPage knoraType="richtext_value">N.p.; act 1, scene 1, lines 36-37; act 2, scene 1, lines 2-3 [normalized spelling].</p0826-teimww:hasPage>
    <p0826-teimww:hasPageHist knoraType="richtext_value">N.p.; act 1, scene 1, lines 36-37.</p0826-teimww:hasPageHist>
    <p0826-teimww:hasText knoraType="richtext_value">[Presenter:] Till &lt;span class="quote"&gt;Nemesis high mistress of revenge, 
That with her scourge keeps all the world in awe&lt;/span&gt;, 
With thundering drums awakes the God of war 
&lt;br&gt;&lt;br&gt;
[Presenter:]&lt;span class="quote"&gt; And Nemesis with bloody whip in hand&lt;/span&gt; &lt;br&gt;
thunders for vengeance on this negro Moor.</p0826-teimww:hasText>
    <p0826-teimww:hasTextHist knoraType="richtext_value">[Presenter:] Till Nemisis high mistres of reuenge, &lt;br&gt;
That with her scourge keepes all the world in awe, &lt;br&gt;
With thundering drums awakes the God of warre, &lt;br&gt;&lt;br&gt;
[Presenter:] And Nemisis with bloudie whip in hand, &lt;br&gt;
Thunders for vengeance on this Negro moore. </p0826-teimww:hasTextHist>
    <p0826-teimww:isMentionedIn>
      <p0826-teimww:passage knoraType="link_value" linkType="ref" target="ww_9992c4781ae4f39d"/>
    </p0826-teimww:isMentionedIn>
    <p0826-teimww:occursIn>
      <p0826-teimww:book knoraType="link_value" linkType="ref" target="ww_0062af28cf1872e1"/>
    </p0826-teimww:occursIn>
    <p0826-teimww:wasContributedBy>
      <p0826-teimww:person knoraType="link_value" linkType="ref" target="ww_7f35f6802efd910d"/>
    </p0826-teimww:wasContributedBy>
  </p0826-teimww:passage>
  <p0826-teimww:passage id="ww_8ab7686deffa85a4">
    <knoraXmlImport:label>passage</knoraXmlImport:label>
    <p0826-teimww:contains>
      <p0826-teimww:lexia knoraType="link_value" linkType="ref" target="ww_9685b6468c8b210f"/>
    </p0826-teimww:contains>
    <p0826-teimww:contains>
      <p0826-teimww:lexia knoraType="link_value" linkType="ref" target="ww_e2b34a4bccf468cd"/>
    </p0826-teimww:contains>
    <p0826-teimww:contains>
      <p0826-teimww:lexia knoraType="link_value" linkType="ref" target="ww_b7cbd36cf3fde4ba"/>
    </p0826-teimww:contains>
    <p0826-teimww:contains>
      <p0826-teimww:lexia knoraType="link_value" linkType="ref" target="ww_8bf83b33a77b4b1e"/>
    </p0826-teimww:contains>
    <p0826-teimww:contains>
      <p0826-teimww:lexia knoraType="link_value" linkType="ref" target="ww_2aa52324a039407b"/>
    </p0826-teimww:contains>
    <p0826-teimww:contains>
      <p0826-teimww:lexia knoraType="link_value" linkType="ref" target="ww_88076bbdfa4084d2"/>
    </p0826-teimww:contains>
    <p0826-teimww:hasPage knoraType="richtext_value">N.p.; act 1, scene 1, lines 219-225 [normalized spelling].</p0826-teimww:hasPage>
    <p0826-teimww:hasPageHist knoraType="richtext_value">N.p.; act 1, scene 1, lines 219-225.</p0826-teimww:hasPageHist>
    <p0826-teimww:hasText knoraType="richtext_value">[Muly Mahamet:] Be Pluto then in hell and bar the fiends, &lt;br&gt;
Take Neptune's force to thee and calm the seas, &lt;br&gt;
And execute &lt;span class="quote"&gt;Jove's justice&lt;/span&gt; on the world, &lt;br&gt;
Convey Tamburlaine into our Africa here, &lt;br&gt;
To chastise and to menace lawful kings, &lt;br&gt;
&lt;span class="quote"&gt;Tamburlaine triumph not, for thou must die&lt;/span&gt; &lt;br&gt;
As Philip did,&lt;span class="quote"&gt; Cæsar, and Cæsar's peers&lt;/span&gt;. </p0826-teimww:hasText>
    <p0826-teimww:hasTextHist knoraType="richtext_value">[Muly Mahamet:] Be Pluto then in hell and barre the fiends, &lt;br&gt;
Take Neptunes force to thee and calme the seas, &lt;br&gt;
And execute Ioues iustice on the world, &lt;br&gt;
Conuey Tamberlaine into our Affrike here, &lt;br&gt;
To chastice and to menace lawfull kings, &lt;br&gt;
Tamberlaine triumph not, for thou must die &lt;br&gt;
As Philip did, Cæsar, and Cæsars peeres. </p0826-teimww:hasTextHist>
    <p0826-teimww:isMentionedIn>
      <p0826-teimww:passage knoraType="link_value" linkType="ref" target="ww_c341b14c10492bf1"/>
    </p0826-teimww:isMentionedIn>
    <p0826-teimww:occursIn>
      <p0826-teimww:book knoraType="link_value" linkType="ref" target="ww_0062af28cf1872e1"/>
    </p0826-teimww:occursIn>
    <p0826-teimww:wasContributedBy>
      <p0826-teimww:person knoraType="link_value" linkType="ref" target="ww_7f35f6802efd910d"/>
    </p0826-teimww:wasContributedBy>
  </p0826-teimww:passage>
  <p0826-teimww:passage id="ww_d017f21ac4331aee">
    <knoraXmlImport:label>passage</knoraXmlImport:label>
    <p0826-teimww:contains>
      <p0826-teimww:lexia knoraType="link_value" linkType="ref" target="ww_78eac033a96687b8"/>
    </p0826-teimww:contains>
    <p0826-teimww:hasPage knoraType="richtext_value">N.p.; act 1, scene 1, lines 268-269 [normalized spelling].</p0826-teimww:hasPage>
    <p0826-teimww:hasPageHist knoraType="richtext_value">N.p.; act 1, scene 1, lines 268-269.</p0826-teimww:hasPageHist>
    <p0826-teimww:hasText knoraType="richtext_value">[Muly Mahamet:] Restless, till I be safely &lt;span class="quote"&gt;set in shade &lt;br&gt;
Of some unhaunted place, some blasted grove&lt;/span&gt;.</p0826-teimww:hasText>
    <p0826-teimww:hasTextHist knoraType="richtext_value">[Muly Mahamet:] Restlesse, till I be safely set in shade &lt;br&gt;
Of some vnhanted place, some blasted groue </p0826-teimww:hasTextHist>
    <p0826-teimww:isMentionedIn>
      <p0826-teimww:passage knoraType="link_value" linkType="ref" target="ww_ae47cd2cc3ed4eb5"/>
    </p0826-teimww:isMentionedIn>
    <p0826-teimww:occursIn>
      <p0826-teimww:book knoraType="link_value" linkType="ref" target="ww_0062af28cf1872e1"/>
    </p0826-teimww:occursIn>
    <p0826-teimww:wasContributedBy>
      <p0826-teimww:person knoraType="link_value" linkType="ref" target="ww_7f35f6802efd910d"/>
    </p0826-teimww:wasContributedBy>
  </p0826-teimww:passage>
  <p0826-teimww:passage id="ww_ae47cd2cc3ed4eb5">
    <knoraXmlImport:label>passage</knoraXmlImport:label>
    <p0826-teimww:occursIn>
      <p0826-teimww:book knoraType="link_value" linkType="ref" target="ww_1b231152ba6c63ce"/>
    </p0826-teimww:occursIn>
  </p0826-teimww:passage>
  <p0826-teimww:passage id="ww_5c4e9265f616cd9b">
    <knoraXmlImport:label>passage</knoraXmlImport:label>
    <p0826-teimww:contains>
      <p0826-teimww:lexia knoraType="link_value" linkType="ref" target="ww_9b1c7ebc432e856e"/>
    </p0826-teimww:contains>
    <p0826-teimww:hasPage knoraType="richtext_value">N.p.; act 2, scene 1, line 108.</p0826-teimww:hasPage>
    <p0826-teimww:hasText knoraType="richtext_value">[Bashaw:] As glorious as&lt;span class="quote"&gt; great Pompey&lt;/span&gt; in his pride. </p0826-teimww:hasText>
    <p0826-teimww:isMentionedIn>
      <p0826-teimww:passage knoraType="link_value" linkType="ref" target="ww_a436e92dbb261850"/>
    </p0826-teimww:isMentionedIn>
    <p0826-teimww:occursIn>
      <p0826-teimww:book knoraType="link_value" linkType="ref" target="ww_0062af28cf1872e1"/>
    </p0826-teimww:occursIn>
    <p0826-teimww:wasContributedBy>
      <p0826-teimww:person knoraType="link_value" linkType="ref" target="ww_7f35f6802efd910d"/>
    </p0826-teimww:wasContributedBy>
  </p0826-teimww:passage>
  <p0826-teimww:passage id="ww_a436e92dbb261850">
    <knoraXmlImport:label>passage</knoraXmlImport:label>
    <p0826-teimww:occursIn>
      <p0826-teimww:book knoraType="link_value" linkType="ref" target="ww_1b231152ba6c63ce"/>
    </p0826-teimww:occursIn>
  </p0826-teimww:passage>
  <p0826-teimww:passage id="ww_1e6674861a95e0e8">
    <knoraXmlImport:label>passage</knoraXmlImport:label>
    <p0826-teimww:contains>
      <p0826-teimww:lexia knoraType="link_value" linkType="ref" target="ww_cc097ef2a8189478"/>
    </p0826-teimww:contains>
    <p0826-teimww:contains>
      <p0826-teimww:lexia knoraType="link_value" linkType="ref" target="ww_1a5772a28f937579"/>
    </p0826-teimww:contains>
    <p0826-teimww:hasPage knoraType="richtext_value">N.p.; act 2, scene 1, line 193.</p0826-teimww:hasPage>
    <p0826-teimww:hasText knoraType="richtext_value">[Muly Mahamet:] &lt;span class="quote"&gt;Where art thou boy, where is Calipolis&lt;/span&gt;? </p0826-teimww:hasText>
    <p0826-teimww:isMentionedIn>
      <p0826-teimww:passage knoraType="link_value" linkType="ref" target="ww_cd402a03ad5b25fe"/>
    </p0826-teimww:isMentionedIn>
    <p0826-teimww:occursIn>
      <p0826-teimww:book knoraType="link_value" linkType="ref" target="ww_0062af28cf1872e1"/>
    </p0826-teimww:occursIn>
    <p0826-teimww:wasContributedBy>
      <p0826-teimww:person knoraType="link_value" linkType="ref" target="ww_7f35f6802efd910d"/>
    </p0826-teimww:wasContributedBy>
  </p0826-teimww:passage>
  <p0826-teimww:passage id="ww_cd402a03ad5b25fe">
    <knoraXmlImport:label>passage</knoraXmlImport:label>
    <p0826-teimww:occursIn>
      <p0826-teimww:book knoraType="link_value" linkType="ref" target="ww_1b231152ba6c63ce"/>
    </p0826-teimww:occursIn>
  </p0826-teimww:passage>
  <p0826-teimww:passage id="ww_da83d62dbf19e2a0">
    <knoraXmlImport:label>passage</knoraXmlImport:label>
    <p0826-teimww:contains>
      <p0826-teimww:lexia knoraType="link_value" linkType="ref" target="ww_7084f7ba168a6caf"/>
    </p0826-teimww:contains>
    <p0826-teimww:hasPage knoraType="richtext_value">N.p.; act 2, scene 1, lines 224-227 [normalized spelling].</p0826-teimww:hasPage>
    <p0826-teimww:hasPageHist knoraType="richtext_value">N.p.; act 2, scene 1, lines 224-227.</p0826-teimww:hasPageHist>
    <p0826-teimww:hasText knoraType="richtext_value">[Muly Mahamet:] He on whose glory all thy joy should stay, &lt;br&gt;
Is soulless, glory less, and desperate, &lt;br&gt;
Crying for battle,&lt;span class="quote"&gt; famine, sword and fire&lt;/span&gt;, &lt;br&gt;
Rather then calling for relief or life. </p0826-teimww:hasText>
    <p0826-teimww:hasTextHist knoraType="richtext_value">[Muly Mahamet:] He on whose glorie all thy ioy should stay, &lt;br&gt;
Is soulelesse, glorylesse, and desperate, &lt;br&gt;
Crying for battell, famine, sword and fire, &lt;br&gt;
Rather then calling for reliefe or life. </p0826-teimww:hasTextHist>
    <p0826-teimww:isMentionedIn>
      <p0826-teimww:passage knoraType="link_value" linkType="ref" target="ww_f6f12fdc46aa6c92"/>
    </p0826-teimww:isMentionedIn>
    <p0826-teimww:occursIn>
      <p0826-teimww:book knoraType="link_value" linkType="ref" target="ww_0062af28cf1872e1"/>
    </p0826-teimww:occursIn>
    <p0826-teimww:wasContributedBy>
      <p0826-teimww:person knoraType="link_value" linkType="ref" target="ww_7f35f6802efd910d"/>
    </p0826-teimww:wasContributedBy>
  </p0826-teimww:passage>
  <p0826-teimww:passage id="ww_f6f12fdc46aa6c92">
    <knoraXmlImport:label>passage</knoraXmlImport:label>
    <p0826-teimww:occursIn>
      <p0826-teimww:book knoraType="link_value" linkType="ref" target="ww_1b231152ba6c63ce"/>
    </p0826-teimww:occursIn>
  </p0826-teimww:passage>
  <p0826-teimww:passage id="ww_9f3d2b75e4ce1b6d">
    <knoraXmlImport:label>passage</knoraXmlImport:label>
    <p0826-teimww:contains>
      <p0826-teimww:lexia knoraType="link_value" linkType="ref" target="ww_213f4daacf41e824"/>
    </p0826-teimww:contains>
    <p0826-teimww:contains>
      <p0826-teimww:lexia knoraType="link_value" linkType="ref" target="ww_b7cbd36cf3fde4ba"/>
    </p0826-teimww:contains>
    <p0826-teimww:contains>
      <p0826-teimww:lexia knoraType="link_value" linkType="ref" target="ww_1cf1815293a779fc"/>
    </p0826-teimww:contains>
    <p0826-teimww:hasPage knoraType="richtext_value">N.p.; act 1, scene 1, line 168 [normalized spelling].</p0826-teimww:hasPage>
    <p0826-teimww:hasPageHist knoraType="richtext_value">N.p.; act 1, scene 1, line 168.</p0826-teimww:hasPageHist>
    <p0826-teimww:hasText knoraType="richtext_value">[Abdelmunen:] Rubin these rites to Abdelmunen's ghost, &lt;br&gt;
Have pierced by this to &lt;span class="quote"&gt;Pluto's grave&lt;/span&gt; below, &lt;br&gt;
&lt;span class="quote"&gt;The bells of Pluto ring revenge amain&lt;/span&gt; […].</p0826-teimww:hasText>
    <p0826-teimww:hasTextHist knoraType="richtext_value">[Abdelmunen:] Rubin these rights to Abdelmunens ghost, &lt;br&gt;
Haue pearst by this to Plutos graue below, &lt;br&gt;
The bels of Pluto ring reuenge amaine […].</p0826-teimww:hasTextHist>
    <p0826-teimww:isMentionedIn>
      <p0826-teimww:passage knoraType="link_value" linkType="ref" target="ww_be544fd019f4c5bc"/>
    </p0826-teimww:isMentionedIn>
    <p0826-teimww:isMentionedIn>
      <p0826-teimww:passage knoraType="link_value" linkType="ref" target="ww_96d12c17f64f88ad"/>
    </p0826-teimww:isMentionedIn>
    <p0826-teimww:occursIn>
      <p0826-teimww:book knoraType="link_value" linkType="ref" target="ww_0062af28cf1872e1"/>
    </p0826-teimww:occursIn>
    <p0826-teimww:wasContributedBy>
      <p0826-teimww:person knoraType="link_value" linkType="ref" target="ww_7f35f6802efd910d"/>
    </p0826-teimww:wasContributedBy>
  </p0826-teimww:passage>
  <p0826-teimww:passage id="ww_319a9607a38ac874">
    <knoraXmlImport:label>passage</knoraXmlImport:label>
    <p0826-teimww:contains>
      <p0826-teimww:lexia knoraType="link_value" linkType="ref" target="ww_d88e84d29ad38024"/>
    </p0826-teimww:contains>
    <p0826-teimww:hasPage knoraType="richtext_value">479; scene 18.</p0826-teimww:hasPage>
    <p0826-teimww:hasPageHist knoraType="richtext_value">N.p.</p0826-teimww:hasPageHist>
    <p0826-teimww:hasText knoraType="richtext_value">[Mosbye:] Fie upon women! - This shall be my song.&lt;br&gt;
But bear me hence, for &lt;span class="quote"&gt;I have lived too long.&lt;/span&gt;</p0826-teimww:hasText>
    <p0826-teimww:isMentionedIn>
      <p0826-teimww:passage knoraType="link_value" linkType="ref" target="ww_de09f94b3f273c7a"/>
    </p0826-teimww:isMentionedIn>
    <p0826-teimww:occursIn>
      <p0826-teimww:book knoraType="link_value" linkType="ref" target="ww_fe42526a34d40cd9"/>
    </p0826-teimww:occursIn>
    <p0826-teimww:wasContributedBy>
      <p0826-teimww:person knoraType="link_value" linkType="ref" target="ww_7f35f6802efd910d"/>
    </p0826-teimww:wasContributedBy>
  </p0826-teimww:passage>
  <p0826-teimww:passage id="ww_fdef8f929ddb4d74">
    <knoraXmlImport:label>passage</knoraXmlImport:label>
    <p0826-teimww:contains>
      <p0826-teimww:lexia knoraType="link_value" linkType="ref" target="ww_0721a437f220f5ab"/>
    </p0826-teimww:contains>
    <p0826-teimww:hasPage knoraType="richtext_value">253; book 5, proem, stanza 1 [normalized spelling].</p0826-teimww:hasPage>
    <p0826-teimww:hasPageHist knoraType="richtext_value">253; book 5, proem, stanza 1.</p0826-teimww:hasPageHist>
    <p0826-teimww:hasText knoraType="richtext_value">Me sees &lt;span class="quote"&gt;the world is run quite out of square&lt;/span&gt; [...].</p0826-teimww:hasText>
    <p0826-teimww:hasTextHist knoraType="richtext_value">Me sees &lt;span class="quote"&gt;the world is runne quite out of square&lt;/span&gt; [...].</p0826-teimww:hasTextHist>
    <p0826-teimww:isMentionedIn>
      <p0826-teimww:passage knoraType="link_value" linkType="ref" target="ww_d5d6683d6eb87a37"/>
    </p0826-teimww:isMentionedIn>
    <p0826-teimww:occursIn>
      <p0826-teimww:book knoraType="link_value" linkType="ref" target="ww_83f1a0a692d63180"/>
    </p0826-teimww:occursIn>
    <p0826-teimww:wasContributedBy>
      <p0826-teimww:person knoraType="link_value" linkType="ref" target="ww_c4063e9c72a3ffd2"/>
    </p0826-teimww:wasContributedBy>
  </p0826-teimww:passage>
  <p0826-teimww:passage id="ww_d5d6683d6eb87a37">
    <knoraXmlImport:label>passage</knoraXmlImport:label>
    <p0826-teimww:occursIn>
      <p0826-teimww:book knoraType="link_value" linkType="ref" target="ww_3f86f30540de15b8"/>
    </p0826-teimww:occursIn>
  </p0826-teimww:passage>
  <p0826-teimww:passage id="ww_9fe10882abe7c829">
    <knoraXmlImport:label>passage</knoraXmlImport:label>
    <p0826-teimww:contains>
      <p0826-teimww:lexia knoraType="link_value" linkType="ref" target="ww_01695cfbfe10a115"/>
    </p0826-teimww:contains>
    <p0826-teimww:hasPage knoraType="richtext_value">Act 1, scene 3, line 83.</p0826-teimww:hasPage>
    <p0826-teimww:hasText knoraType="richtext_value">[Queen Margaret:] […] &lt;span class="quote"&gt;She bears a duke's revenues on her back&lt;/span&gt; […].</p0826-teimww:hasText>
    <p0826-teimww:isMentionedIn>
      <p0826-teimww:passage knoraType="link_value" linkType="ref" target="ww_516db5950539c377"/>
    </p0826-teimww:isMentionedIn>
    <p0826-teimww:occursIn>
      <p0826-teimww:book knoraType="link_value" linkType="ref" target="ww_898b0b7ff390f5fb"/>
    </p0826-teimww:occursIn>
    <p0826-teimww:wasContributedBy>
      <p0826-teimww:person knoraType="link_value" linkType="ref" target="ww_7f35f6802efd910d"/>
    </p0826-teimww:wasContributedBy>
  </p0826-teimww:passage>
  <p0826-teimww:passage id="ww_fe4b5d6afd6f1fcd">
    <knoraXmlImport:label>passage</knoraXmlImport:label>
    <p0826-teimww:contains>
      <p0826-teimww:lexia knoraType="link_value" linkType="ref" target="ww_7c789ae9df82f762"/>
    </p0826-teimww:contains>
    <p0826-teimww:hasPage knoraType="richtext_value">N.p.; section 1, lines 972-974 [normalised spelling].</p0826-teimww:hasPage>
    <p0826-teimww:hasPageHist knoraType="richtext_value">N.p.; section 1, lines 972-974.</p0826-teimww:hasPageHist>
    <p0826-teimww:hasText knoraType="richtext_value">[Messenger:] The &lt;span class="quote"&gt;wild O'Neill&lt;/span&gt; my Lords, is up in arms, &lt;br&gt;
With troops of Irish Kernes that uncontroll'd, &lt;br&gt;
Doth plant themselves within the English pale.</p0826-teimww:hasText>
    <p0826-teimww:hasTextHist knoraType="richtext_value">[Messenger:] The wilde Onele my Lords, is vp in Armes, &lt;br&gt;
With troupes of Irish Kernes that vncontrold, &lt;br&gt;
Doth plant themselues within the English pale.</p0826-teimww:hasTextHist>
    <p0826-teimww:isMentionedIn>
      <p0826-teimww:passage knoraType="link_value" linkType="ref" target="ww_84c33c66dc4aaf4a"/>
    </p0826-teimww:isMentionedIn>
    <p0826-teimww:isMentionedIn>
      <p0826-teimww:passage knoraType="link_value" linkType="ref" target="ww_482e9dec8ff0a570"/>
    </p0826-teimww:isMentionedIn>
    <p0826-teimww:occursIn>
      <p0826-teimww:book knoraType="link_value" linkType="ref" target="ww_6c90648fdecc54d2"/>
    </p0826-teimww:occursIn>
    <p0826-teimww:wasContributedBy>
      <p0826-teimww:person knoraType="link_value" linkType="ref" target="ww_7f35f6802efd910d"/>
    </p0826-teimww:wasContributedBy>
  </p0826-teimww:passage>
  <p0826-teimww:passage id="ww_482e9dec8ff0a570">
    <knoraXmlImport:label>passage</knoraXmlImport:label>
    <p0826-teimww:occursIn>
      <p0826-teimww:book knoraType="link_value" linkType="ref" target="ww_1b231152ba6c63ce"/>
    </p0826-teimww:occursIn>
  </p0826-teimww:passage>
  <p0826-teimww:passage id="ww_da48ddca2080744f">
    <knoraXmlImport:label>passage</knoraXmlImport:label>
    <p0826-teimww:contains>
      <p0826-teimww:lexia knoraType="link_value" linkType="ref" target="ww_5640648aaf8dc126"/>
    </p0826-teimww:contains>
    <p0826-teimww:hasPage knoraType="richtext_value">N.p.; Section 2, line 1101 [normalized spelling].</p0826-teimww:hasPage>
    <p0826-teimww:hasPageHist knoraType="richtext_value">N.p.; Section 2, line 1101.</p0826-teimww:hasPageHist>
    <p0826-teimww:hasText knoraType="richtext_value">[Winchester:] But have you &lt;span class="quote"&gt;no greater proofs than these?&lt;/span&gt;</p0826-teimww:hasText>
    <p0826-teimww:hasTextHist knoraType="richtext_value">[Winchester:] But haue you no greater proofes then these?</p0826-teimww:hasTextHist>
    <p0826-teimww:isMentionedIn>
      <p0826-teimww:passage knoraType="link_value" linkType="ref" target="ww_d9c61d84c2c6c9b2"/>
    </p0826-teimww:isMentionedIn>
    <p0826-teimww:occursIn>
      <p0826-teimww:book knoraType="link_value" linkType="ref" target="ww_6c90648fdecc54d2"/>
    </p0826-teimww:occursIn>
    <p0826-teimww:wasContributedBy>
      <p0826-teimww:person knoraType="link_value" linkType="ref" target="ww_7f35f6802efd910d"/>
    </p0826-teimww:wasContributedBy>
  </p0826-teimww:passage>
  <p0826-teimww:passage id="ww_d9c61d84c2c6c9b2">
    <knoraXmlImport:label>passage</knoraXmlImport:label>
    <p0826-teimww:occursIn>
      <p0826-teimww:book knoraType="link_value" linkType="ref" target="ww_a3cda7e114a57aa4"/>
    </p0826-teimww:occursIn>
  </p0826-teimww:passage>
  <p0826-teimww:passage id="ww_4b1c005469e7ba2d">
    <knoraXmlImport:label>passage</knoraXmlImport:label>
    <p0826-teimww:contains>
      <p0826-teimww:lexia knoraType="link_value" linkType="ref" target="ww_3c95d7400a0058de"/>
    </p0826-teimww:contains>
    <p0826-teimww:contains>
      <p0826-teimww:lexia knoraType="link_value" linkType="ref" target="ww_27cf16a50578f4bb"/>
    </p0826-teimww:contains>
    <p0826-teimww:contains>
      <p0826-teimww:lexia knoraType="link_value" linkType="ref" target="ww_40e9e4f82001c890"/>
    </p0826-teimww:contains>
    <p0826-teimww:contains>
      <p0826-teimww:lexia knoraType="link_value" linkType="ref" target="ww_17ef6dc16d561a28"/>
    </p0826-teimww:contains>
    <p0826-teimww:contains>
      <p0826-teimww:lexia knoraType="link_value" linkType="ref" target="ww_3709637097b9bcd6"/>
    </p0826-teimww:contains>
    <p0826-teimww:contains>
      <p0826-teimww:lexia knoraType="link_value" linkType="ref" target="ww_756ac24d79e7a5b8"/>
    </p0826-teimww:contains>
    <p0826-teimww:hasPage knoraType="richtext_value">Act 3, scene 1, lines 38-41.</p0826-teimww:hasPage>
    <p0826-teimww:hasText knoraType="richtext_value">[King Henry:] [...] Her tears will pierce into a &lt;span class="quote"&gt;marble heart;&lt;br&gt;
The tiger &lt;/span&gt;will be mild whiles she doth mourn;&lt;br&gt;
And &lt;span class="quote"&gt;Nero will be tainted with remorse,&lt;br&gt;
To hear and see her plaints, &lt;/span&gt;her brinish tears [...].</p0826-teimww:hasText>
    <p0826-teimww:isMentionedIn>
      <p0826-teimww:passage knoraType="link_value" linkType="ref" target="ww_7e80d3fbdab278ce"/>
    </p0826-teimww:isMentionedIn>
    <p0826-teimww:occursIn>
      <p0826-teimww:book knoraType="link_value" linkType="ref" target="ww_e44bf30c33d6ff4d"/>
    </p0826-teimww:occursIn>
    <p0826-teimww:wasContributedBy>
      <p0826-teimww:person knoraType="link_value" linkType="ref" target="ww_c4063e9c72a3ffd2"/>
    </p0826-teimww:wasContributedBy>
  </p0826-teimww:passage>
  <p0826-teimww:passage id="ww_7e80d3fbdab278ce">
    <knoraXmlImport:label>passage</knoraXmlImport:label>
    <p0826-teimww:occursIn>
      <p0826-teimww:book knoraType="link_value" linkType="ref" target="ww_db0e9fa009aad7b3"/>
    </p0826-teimww:occursIn>
  </p0826-teimww:passage>
  <p0826-teimww:passage id="ww_69dad50c0c571fa3">
    <knoraXmlImport:label>passage</knoraXmlImport:label>
    <p0826-teimww:contains>
      <p0826-teimww:lexia knoraType="link_value" linkType="ref" target="ww_40e9e4f82001c890"/>
    </p0826-teimww:contains>
    <p0826-teimww:contains>
      <p0826-teimww:lexia knoraType="link_value" linkType="ref" target="ww_3c95d7400a0058de"/>
    </p0826-teimww:contains>
    <p0826-teimww:contains>
      <p0826-teimww:lexia knoraType="link_value" linkType="ref" target="ww_17ef6dc16d561a28"/>
    </p0826-teimww:contains>
    <p0826-teimww:contains>
      <p0826-teimww:lexia knoraType="link_value" linkType="ref" target="ww_3709637097b9bcd6"/>
    </p0826-teimww:contains>
    <p0826-teimww:hasPage knoraType="richtext_value">E4recto (1234–1238) [normalized spelling].</p0826-teimww:hasPage>
    <p0826-teimww:hasPageHist knoraType="richtext_value">E4recto (1234–1238).</p0826-teimww:hasPageHist>
    <p0826-teimww:hasText knoraType="richtext_value">Thou art not false groom son to Baiazet,&lt;br&gt;
He would relent to hear &lt;span class="quote"&gt;a woman weep,&lt;/span&gt;&lt;br&gt;
But &lt;span class="quote"&gt;thou wast born in desert Caucasus,&lt;/span&gt;&lt;br&gt;
And the &lt;span class="quote"&gt;Hyrcanian tigers gave thee suck.&lt;/span&gt;</p0826-teimww:hasText>
    <p0826-teimww:hasTextHist knoraType="richtext_value">Thou art not false groome son to Baiazet,&lt;br&gt;
He would relent to heare a woman weepe,&lt;br&gt;
But thou wast borne in desart Caucasus,&lt;br&gt;
And the Hircanian tygres gaue thee sucke.</p0826-teimww:hasTextHist>
    <p0826-teimww:isMentionedIn>
      <p0826-teimww:passage knoraType="link_value" linkType="ref" target="ww_2d9afda29446aa0f"/>
    </p0826-teimww:isMentionedIn>
    <p0826-teimww:isMentionedIn>
      <p0826-teimww:passage knoraType="link_value" linkType="ref" target="ww_538f0778f47d9d17"/>
    </p0826-teimww:isMentionedIn>
    <p0826-teimww:occursIn>
      <p0826-teimww:book knoraType="link_value" linkType="ref" target="ww_cb99cb0b515526a9"/>
    </p0826-teimww:occursIn>
    <p0826-teimww:wasContributedBy>
      <p0826-teimww:person knoraType="link_value" linkType="ref" target="ww_c4063e9c72a3ffd2"/>
    </p0826-teimww:wasContributedBy>
  </p0826-teimww:passage>
  <p0826-teimww:passage id="ww_2d9afda29446aa0f">
    <knoraXmlImport:label>passage</knoraXmlImport:label>
    <p0826-teimww:occursIn>
      <p0826-teimww:book knoraType="link_value" linkType="ref" target="ww_c0bb45384c6abc1f"/>
    </p0826-teimww:occursIn>
  </p0826-teimww:passage>
  <p0826-teimww:passage id="ww_538f0778f47d9d17">
    <knoraXmlImport:label>passage</knoraXmlImport:label>
    <p0826-teimww:occursIn>
      <p0826-teimww:book knoraType="link_value" linkType="ref" target="ww_db0e9fa009aad7b3"/>
    </p0826-teimww:occursIn>
  </p0826-teimww:passage>
  <p0826-teimww:passage id="ww_df8fb538834ca21d">
    <knoraXmlImport:label>passage</knoraXmlImport:label>
    <p0826-teimww:contains>
      <p0826-teimww:lexia knoraType="link_value" linkType="ref" target="ww_d88e84d29ad38024"/>
    </p0826-teimww:contains>
    <p0826-teimww:hasPage knoraType="richtext_value">Act 2, scene 3, line 16.</p0826-teimww:hasPage>
    <p0826-teimww:hasText knoraType="richtext_value">[Duchess:] Welcome is banishment. &lt;span class="quote"&gt;Welcome were my death.&lt;/span&gt;</p0826-teimww:hasText>
    <p0826-teimww:isMentionedIn>
      <p0826-teimww:passage knoraType="link_value" linkType="ref" target="ww_de09f94b3f273c7a"/>
    </p0826-teimww:isMentionedIn>
    <p0826-teimww:occursIn>
      <p0826-teimww:book knoraType="link_value" linkType="ref" target="ww_898b0b7ff390f5fb"/>
    </p0826-teimww:occursIn>
    <p0826-teimww:wasContributedBy>
      <p0826-teimww:person knoraType="link_value" linkType="ref" target="ww_7f35f6802efd910d"/>
    </p0826-teimww:wasContributedBy>
  </p0826-teimww:passage>
  <p0826-teimww:passage id="ww_3c1dff0ea0714837">
    <knoraXmlImport:label>passage</knoraXmlImport:label>
    <p0826-teimww:contains>
      <p0826-teimww:lexia knoraType="link_value" linkType="ref" target="ww_d88e84d29ad38024"/>
    </p0826-teimww:contains>
    <p0826-teimww:hasPage knoraType="richtext_value">N.p.; section 2, line 692 [normalized spelling].</p0826-teimww:hasPage>
    <p0826-teimww:hasPageHist knoraType="richtext_value">N.p.; section 2, line 692.</p0826-teimww:hasPageHist>
    <p0826-teimww:hasText knoraType="richtext_value">[Eleanor:] Even to my death, for &lt;span class="quote"&gt;I have lived too long.&lt;/span&gt;</p0826-teimww:hasText>
    <p0826-teimww:hasTextHist knoraType="richtext_value">[Eleanor:] Euen to my death, for I haue liued too long.</p0826-teimww:hasTextHist>
    <p0826-teimww:isMentionedIn>
      <p0826-teimww:passage knoraType="link_value" linkType="ref" target="ww_de09f94b3f273c7a"/>
    </p0826-teimww:isMentionedIn>
    <p0826-teimww:occursIn>
      <p0826-teimww:book knoraType="link_value" linkType="ref" target="ww_6c90648fdecc54d2"/>
    </p0826-teimww:occursIn>
    <p0826-teimww:wasContributedBy>
      <p0826-teimww:person knoraType="link_value" linkType="ref" target="ww_7f35f6802efd910d"/>
    </p0826-teimww:wasContributedBy>
  </p0826-teimww:passage>
  <p0826-teimww:passage id="ww_3c0751704afc5ba1">
    <knoraXmlImport:label>passage</knoraXmlImport:label>
    <p0826-teimww:contains>
      <p0826-teimww:lexia knoraType="link_value" linkType="ref" target="ww_57f132dbb64b4739"/>
    </p0826-teimww:contains>
    <p0826-teimww:hasPage knoraType="richtext_value">Act 3, scene 1, line 55.</p0826-teimww:hasPage>
    <p0826-teimww:hasText knoraType="richtext_value">[Suffolk:] &lt;span class="quote"&gt;The fox barks not when he would steal the lamb.&lt;/span&gt;</p0826-teimww:hasText>
    <p0826-teimww:isMentionedIn>
      <p0826-teimww:passage knoraType="link_value" linkType="ref" target="ww_f353be87ee19bef1"/>
    </p0826-teimww:isMentionedIn>
    <p0826-teimww:occursIn>
      <p0826-teimww:book knoraType="link_value" linkType="ref" target="ww_898b0b7ff390f5fb"/>
    </p0826-teimww:occursIn>
    <p0826-teimww:wasContributedBy>
      <p0826-teimww:person knoraType="link_value" linkType="ref" target="ww_7f35f6802efd910d"/>
    </p0826-teimww:wasContributedBy>
  </p0826-teimww:passage>
  <p0826-teimww:passage id="ww_f353be87ee19bef1">
    <knoraXmlImport:label>passage</knoraXmlImport:label>
    <p0826-teimww:occursIn>
      <p0826-teimww:book knoraType="link_value" linkType="ref" target="ww_1140c36ab545b6d8"/>
    </p0826-teimww:occursIn>
  </p0826-teimww:passage>
  <p0826-teimww:passage id="ww_e3741b3de4cd58d3">
    <knoraXmlImport:label>passage</knoraXmlImport:label>
    <p0826-teimww:contains>
      <p0826-teimww:lexia knoraType="link_value" linkType="ref" target="ww_39c20775a1f962ae"/>
    </p0826-teimww:contains>
    <p0826-teimww:hasPage knoraType="richtext_value">Act 3, scene 2, line 320.</p0826-teimww:hasPage>
    <p0826-teimww:hasText knoraType="richtext_value">[Suffolk]: Could curses kill, as doth the &lt;span class="quote"&gt;mandrake’s groan&lt;/span&gt; [...].</p0826-teimww:hasText>
    <p0826-teimww:isMentionedIn>
      <p0826-teimww:passage knoraType="link_value" linkType="ref" target="ww_58a67e667dc2c582"/>
    </p0826-teimww:isMentionedIn>
    <p0826-teimww:occursIn>
      <p0826-teimww:book knoraType="link_value" linkType="ref" target="ww_898b0b7ff390f5fb"/>
    </p0826-teimww:occursIn>
    <p0826-teimww:wasContributedBy>
      <p0826-teimww:person knoraType="link_value" linkType="ref" target="ww_7f35f6802efd910d"/>
    </p0826-teimww:wasContributedBy>
  </p0826-teimww:passage>
  <p0826-teimww:passage id="ww_9c39a9898995f538">
    <knoraXmlImport:label>passage</knoraXmlImport:label>
    <p0826-teimww:contains>
      <p0826-teimww:lexia knoraType="link_value" linkType="ref" target="ww_01695cfbfe10a115"/>
    </p0826-teimww:contains>
    <p0826-teimww:hasPage knoraType="richtext_value">460; act 1, scene 4, line 409.</p0826-teimww:hasPage>
    <p0826-teimww:hasText knoraType="richtext_value">[Younger Mortimer:] […] &lt;span class="quote"&gt;He wears a lord’s revenue on his back&lt;/span&gt; […].</p0826-teimww:hasText>
    <p0826-teimww:isMentionedIn>
      <p0826-teimww:passage knoraType="link_value" linkType="ref" target="ww_516db5950539c377"/>
    </p0826-teimww:isMentionedIn>
    <p0826-teimww:occursIn>
      <p0826-teimww:book knoraType="link_value" linkType="ref" target="ww_0d4732e83985c063"/>
    </p0826-teimww:occursIn>
    <p0826-teimww:wasContributedBy>
      <p0826-teimww:person knoraType="link_value" linkType="ref" target="ww_7f35f6802efd910d"/>
    </p0826-teimww:wasContributedBy>
  </p0826-teimww:passage>
  <p0826-teimww:passage id="ww_8d699e6091ce20e8">
    <knoraXmlImport:label>passage</knoraXmlImport:label>
    <p0826-teimww:contains>
      <p0826-teimww:lexia knoraType="link_value" linkType="ref" target="ww_7c789ae9df82f762"/>
    </p0826-teimww:contains>
    <p0826-teimww:hasPage knoraType="richtext_value">467-470; act 2, scene 2, lines 164-165.</p0826-teimww:hasPage>
    <p0826-teimww:hasText knoraType="richtext_value">[Lancaster:] The &lt;span class="quote"&gt;wild O'Neill&lt;/span&gt;, with swarms of Irish kerns, &lt;br&gt;
Lives uncontroll'd within the English pale.</p0826-teimww:hasText>
    <p0826-teimww:isMentionedIn>
      <p0826-teimww:passage knoraType="link_value" linkType="ref" target="ww_84c33c66dc4aaf4a"/>
    </p0826-teimww:isMentionedIn>
    <p0826-teimww:isMentionedIn>
      <p0826-teimww:passage knoraType="link_value" linkType="ref" target="ww_482e9dec8ff0a570"/>
    </p0826-teimww:isMentionedIn>
    <p0826-teimww:occursIn>
      <p0826-teimww:book knoraType="link_value" linkType="ref" target="ww_0d4732e83985c063"/>
    </p0826-teimww:occursIn>
    <p0826-teimww:wasContributedBy>
      <p0826-teimww:person knoraType="link_value" linkType="ref" target="ww_7f35f6802efd910d"/>
    </p0826-teimww:wasContributedBy>
  </p0826-teimww:passage>
  <p0826-teimww:passage id="ww_ec2acc68b51dd802">
    <knoraXmlImport:label>passage</knoraXmlImport:label>
    <p0826-teimww:contains>
      <p0826-teimww:lexia knoraType="link_value" linkType="ref" target="ww_b79dedeccfee75e1"/>
    </p0826-teimww:contains>
    <p0826-teimww:hasPage knoraType="richtext_value">Lines 229-234.</p0826-teimww:hasPage>
    <p0826-teimww:hasText knoraType="richtext_value">"Fondling," she saith, "since I have hemmed thee here&lt;br&gt;
Within the circuit of this ivory pale,&lt;br&gt;
I’ll be a park, and thou shalt be my deer.&lt;br&gt;
Feed where thou wilt, on mountain or in dale;&lt;br&gt;
Graze on my lips, and if those hills be dry,&lt;br&gt;
Stray lower, where the pleasant fountains lie. [...]"</p0826-teimww:hasText>
    <p0826-teimww:occursIn>
      <p0826-teimww:book knoraType="link_value" linkType="ref" target="ww_d7a24ba647d4819e"/>
    </p0826-teimww:occursIn>
    <p0826-teimww:wasContributedBy>
      <p0826-teimww:person knoraType="link_value" linkType="ref" target="ww_c4063e9c72a3ffd2"/>
    </p0826-teimww:wasContributedBy>
  </p0826-teimww:passage>
  <p0826-teimww:passage id="ww_28781d2c0eafb4fc">
    <knoraXmlImport:label>passage</knoraXmlImport:label>
    <p0826-teimww:contains>
      <p0826-teimww:lexia knoraType="link_value" linkType="ref" target="ww_5640648aaf8dc126"/>
    </p0826-teimww:contains>
    <p0826-teimww:hasPage knoraType="richtext_value">530; act 5, scene 6, line 43.</p0826-teimww:hasPage>
    <p0826-teimww:hasText knoraType="richtext_value">[Younger Mortimer:] But hath your grace &lt;span class="quote"&gt;no other proof than this?&lt;/span&gt;</p0826-teimww:hasText>
    <p0826-teimww:isMentionedIn>
      <p0826-teimww:passage knoraType="link_value" linkType="ref" target="ww_d9c61d84c2c6c9b2"/>
    </p0826-teimww:isMentionedIn>
    <p0826-teimww:occursIn>
      <p0826-teimww:book knoraType="link_value" linkType="ref" target="ww_0d4732e83985c063"/>
    </p0826-teimww:occursIn>
    <p0826-teimww:wasContributedBy>
      <p0826-teimww:person knoraType="link_value" linkType="ref" target="ww_7f35f6802efd910d"/>
    </p0826-teimww:wasContributedBy>
  </p0826-teimww:passage>
  <p0826-teimww:passage id="ww_f6eca73e8b21f6de">
    <knoraXmlImport:label>passage</knoraXmlImport:label>
    <p0826-teimww:contains>
      <p0826-teimww:lexia knoraType="link_value" linkType="ref" target="ww_40e9e4f82001c890"/>
    </p0826-teimww:contains>
    <p0826-teimww:contains>
      <p0826-teimww:lexia knoraType="link_value" linkType="ref" target="ww_3c95d7400a0058de"/>
    </p0826-teimww:contains>
    <p0826-teimww:contains>
      <p0826-teimww:lexia knoraType="link_value" linkType="ref" target="ww_17ef6dc16d561a28"/>
    </p0826-teimww:contains>
    <p0826-teimww:contains>
      <p0826-teimww:lexia knoraType="link_value" linkType="ref" target="ww_3709637097b9bcd6"/>
    </p0826-teimww:contains>
    <p0826-teimww:hasPage knoraType="richtext_value">Act 2, scene 3, lines 142-144.</p0826-teimww:hasPage>
    <p0826-teimww:hasText knoraType="richtext_value">[Lavinia:] [...] When did the &lt;span class="quote"&gt;tiger's &lt;/span&gt;young ones teach &lt;span class="quote"&gt;the dam?&lt;/span&gt;&lt;br&gt;
O, do not learn her wrath; she taught it thee;&lt;br&gt;
&lt;span class="quote"&gt;The milk thou suck'dst from her did turn to marble.&lt;/span&gt;</p0826-teimww:hasText>
    <p0826-teimww:isMentionedIn>
      <p0826-teimww:passage knoraType="link_value" linkType="ref" target="ww_f06b4bf1f1e9c1cf"/>
    </p0826-teimww:isMentionedIn>
    <p0826-teimww:isMentionedIn>
      <p0826-teimww:passage knoraType="link_value" linkType="ref" target="ww_903247bfcad639fd"/>
    </p0826-teimww:isMentionedIn>
    <p0826-teimww:occursIn>
      <p0826-teimww:book knoraType="link_value" linkType="ref" target="ww_7f5e9141d1116e89"/>
    </p0826-teimww:occursIn>
    <p0826-teimww:wasContributedBy>
      <p0826-teimww:person knoraType="link_value" linkType="ref" target="ww_c4063e9c72a3ffd2"/>
    </p0826-teimww:wasContributedBy>
  </p0826-teimww:passage>
  <p0826-teimww:passage id="ww_903247bfcad639fd">
    <knoraXmlImport:label>passage</knoraXmlImport:label>
    <p0826-teimww:occursIn>
      <p0826-teimww:book knoraType="link_value" linkType="ref" target="ww_c0bb45384c6abc1f"/>
    </p0826-teimww:occursIn>
  </p0826-teimww:passage>
  <p0826-teimww:passage id="ww_f06b4bf1f1e9c1cf">
    <knoraXmlImport:label>passage</knoraXmlImport:label>
    <p0826-teimww:occursIn>
      <p0826-teimww:book knoraType="link_value" linkType="ref" target="ww_db0e9fa009aad7b3"/>
    </p0826-teimww:occursIn>
  </p0826-teimww:passage>
  <p0826-teimww:passage id="ww_a397d618e4d97332">
    <knoraXmlImport:label>passage</knoraXmlImport:label>
    <p0826-teimww:contains>
      <p0826-teimww:lexia knoraType="link_value" linkType="ref" target="ww_d88e84d29ad38024"/>
    </p0826-teimww:contains>
    <p0826-teimww:hasPage knoraType="richtext_value">532; act 5, scene 6, line 83.</p0826-teimww:hasPage>
    <p0826-teimww:hasText knoraType="richtext_value">[Queen Isabella:] Nay, to my death; for &lt;span class="quote"&gt;too long have I liv'd&lt;/span&gt; […] </p0826-teimww:hasText>
    <p0826-teimww:isMentionedIn>
      <p0826-teimww:passage knoraType="link_value" linkType="ref" target="ww_de09f94b3f273c7a"/>
    </p0826-teimww:isMentionedIn>
    <p0826-teimww:occursIn>
      <p0826-teimww:book knoraType="link_value" linkType="ref" target="ww_0d4732e83985c063"/>
    </p0826-teimww:occursIn>
    <p0826-teimww:wasContributedBy>
      <p0826-teimww:person knoraType="link_value" linkType="ref" target="ww_7f35f6802efd910d"/>
    </p0826-teimww:wasContributedBy>
  </p0826-teimww:passage>
  <p0826-teimww:passage id="ww_5011ecb7f690acd3">
    <knoraXmlImport:label>passage</knoraXmlImport:label>
    <p0826-teimww:contains>
      <p0826-teimww:lexia knoraType="link_value" linkType="ref" target="ww_d88e84d29ad38024"/>
    </p0826-teimww:contains>
    <p0826-teimww:hasPage knoraType="richtext_value">Act 5, scene 4, line 35.</p0826-teimww:hasPage>
    <p0826-teimww:hasText knoraType="richtext_value">[York:] Take her away, for &lt;span class="quote"&gt;she hath lived too long&lt;/span&gt; [...].</p0826-teimww:hasText>
    <p0826-teimww:isMentionedIn>
      <p0826-teimww:passage knoraType="link_value" linkType="ref" target="ww_73e9945c20176230"/>
    </p0826-teimww:isMentionedIn>
    <p0826-teimww:occursIn>
      <p0826-teimww:book knoraType="link_value" linkType="ref" target="ww_f535cbebb5943d78"/>
    </p0826-teimww:occursIn>
    <p0826-teimww:wasContributedBy>
      <p0826-teimww:person knoraType="link_value" linkType="ref" target="ww_7f35f6802efd910d"/>
    </p0826-teimww:wasContributedBy>
  </p0826-teimww:passage>
  <p0826-teimww:passage id="ww_73e9945c20176230">
    <knoraXmlImport:label>passage</knoraXmlImport:label>
    <p0826-teimww:occursIn>
      <p0826-teimww:book knoraType="link_value" linkType="ref" target="ww_55bc1a3b04bf8a8d"/>
    </p0826-teimww:occursIn>
  </p0826-teimww:passage>
  <p0826-teimww:passage id="ww_ccd26091e02d5678">
    <knoraXmlImport:label>passage</knoraXmlImport:label>
    <p0826-teimww:contains>
      <p0826-teimww:lexia knoraType="link_value" linkType="ref" target="ww_3f4d9f4b35e2f37e"/>
    </p0826-teimww:contains>
    <p0826-teimww:hasPage knoraType="richtext_value">505; act 4, scene 6, lines 62-63.</p0826-teimww:hasPage>
    <p0826-teimww:hasText knoraType="richtext_value">[King Edward:] &lt;span class="quote"&gt;O my stars! &lt;br&gt;
Why do you lour unkindly on a king!&lt;/span&gt;</p0826-teimww:hasText>
    <p0826-teimww:isMentionedIn>
      <p0826-teimww:passage knoraType="link_value" linkType="ref" target="ww_56e4e59804263621"/>
    </p0826-teimww:isMentionedIn>
    <p0826-teimww:occursIn>
      <p0826-teimww:book knoraType="link_value" linkType="ref" target="ww_0d4732e83985c063"/>
    </p0826-teimww:occursIn>
    <p0826-teimww:wasContributedBy>
      <p0826-teimww:person knoraType="link_value" linkType="ref" target="ww_7f35f6802efd910d"/>
    </p0826-teimww:wasContributedBy>
  </p0826-teimww:passage>
  <p0826-teimww:passage id="ww_49e3b71e3159285d">
    <knoraXmlImport:label>passage</knoraXmlImport:label>
    <p0826-teimww:contains>
      <p0826-teimww:lexia knoraType="link_value" linkType="ref" target="ww_121f51dd1d4fa186"/>
    </p0826-teimww:contains>
    <p0826-teimww:hasPage knoraType="richtext_value">181 [normalized spelling].</p0826-teimww:hasPage>
    <p0826-teimww:hasPageHist knoraType="richtext_value">181.</p0826-teimww:hasPageHist>
    <p0826-teimww:hasText knoraType="richtext_value">I warrant we have old hacksters in this great Grandmother of Corporations, Madame &lt;i&gt;Troynovant&lt;/i&gt;, that have not backbitten any of their neighbours with the tooth of envy in this twenty  year, in the wrinkles of whose face, ye may hide false dice, and play at cherry-pit in the dint of their cheeks, yet these aged &lt;span class="quote"&gt;mothers of iniquity will have their deformities new plastered over,&lt;/span&gt; and wear nosegays of &lt;span class="quote"&gt;yellow hair on their furies foreheads, when age hath written Hoe God be here,&lt;/span&gt; on their bald burnt parchment pates.</p0826-teimww:hasText>
    <p0826-teimww:hasTextHist knoraType="richtext_value">I warrant we haue old hacksters in this great Grandmother of Corporations, Madame &lt;i&gt;Troynouant&lt;/i&gt;, that haue not backbited any of their neighbourswith the tooth of enuy in this twentie  yeare, in the wrinkles of whose face, ye may hide false dice, and play at cherry-pit in the dint of their cheekes, yet these aged &lt;span class="quote"&gt;mothers of iniquitie will have their deformities newe plaistred ouer,&lt;/span&gt; and weare nosegayes of &lt;span class="quote"&gt;yelow haire on their furies foreheads, when age hath written Hoe God be here,&lt;/span&gt; on their bald burnt parchment pates.</p0826-teimww:hasTextHist>
    <p0826-teimww:isMentionedIn>
      <p0826-teimww:passage knoraType="link_value" linkType="ref" target="ww_7df54446f796b523"/>
    </p0826-teimww:isMentionedIn>
    <p0826-teimww:isMentionedIn>
      <p0826-teimww:passage knoraType="link_value" linkType="ref" target="ww_224fc266a5e2b117"/>
    </p0826-teimww:isMentionedIn>
    <p0826-teimww:isMentionedIn>
      <p0826-teimww:passage knoraType="link_value" linkType="ref" target="ww_49fec63da5385300"/>
    </p0826-teimww:isMentionedIn>
    <p0826-teimww:occursIn>
      <p0826-teimww:book knoraType="link_value" linkType="ref" target="ww_38151002cedbc343"/>
    </p0826-teimww:occursIn>
    <p0826-teimww:wasContributedBy>
      <p0826-teimww:person knoraType="link_value" linkType="ref" target="ww_c4063e9c72a3ffd2"/>
    </p0826-teimww:wasContributedBy>
  </p0826-teimww:passage>
  <p0826-teimww:passage id="ww_49fec63da5385300">
    <knoraXmlImport:label>passage</knoraXmlImport:label>
    <p0826-teimww:occursIn>
      <p0826-teimww:book knoraType="link_value" linkType="ref" target="ww_15dba62495527dd5"/>
    </p0826-teimww:occursIn>
  </p0826-teimww:passage>
  <p0826-teimww:passage id="ww_7df54446f796b523">
    <knoraXmlImport:label>passage</knoraXmlImport:label>
    <p0826-teimww:occursIn>
      <p0826-teimww:book knoraType="link_value" linkType="ref" target="ww_ca15500e7036f16e"/>
    </p0826-teimww:occursIn>
  </p0826-teimww:passage>
  <p0826-teimww:passage id="ww_224fc266a5e2b117">
    <knoraXmlImport:label>passage</knoraXmlImport:label>
    <p0826-teimww:occursIn>
      <p0826-teimww:book knoraType="link_value" linkType="ref" target="ww_7589cfaa41b21699"/>
    </p0826-teimww:occursIn>
  </p0826-teimww:passage>
  <p0826-teimww:passage id="ww_878b18b07c53bf71">
    <knoraXmlImport:label>passage</knoraXmlImport:label>
    <p0826-teimww:contains>
      <p0826-teimww:lexia knoraType="link_value" linkType="ref" target="ww_9b2dbababbd6684b"/>
    </p0826-teimww:contains>
    <p0826-teimww:hasPage knoraType="richtext_value">Act 2, scene 3, line 78.</p0826-teimww:hasPage>
    <p0826-teimww:hasText knoraType="richtext_value">[Bassianus:] Accompanied but with a &lt;span class="quote"&gt;barbarous Moor&lt;/span&gt; [...].</p0826-teimww:hasText>
    <p0826-teimww:isMentionedIn>
      <p0826-teimww:passage knoraType="link_value" linkType="ref" target="ww_888296c3c2e90ecc"/>
    </p0826-teimww:isMentionedIn>
    <p0826-teimww:occursIn>
      <p0826-teimww:book knoraType="link_value" linkType="ref" target="ww_7f5e9141d1116e89"/>
    </p0826-teimww:occursIn>
    <p0826-teimww:wasContributedBy>
      <p0826-teimww:person knoraType="link_value" linkType="ref" target="ww_b604df587d93b768"/>
    </p0826-teimww:wasContributedBy>
  </p0826-teimww:passage>
  <p0826-teimww:passage id="ww_888296c3c2e90ecc">
    <knoraXmlImport:label>passage</knoraXmlImport:label>
    <p0826-teimww:occursIn>
      <p0826-teimww:book knoraType="link_value" linkType="ref" target="ww_1140c36ab545b6d8"/>
    </p0826-teimww:occursIn>
  </p0826-teimww:passage>
  <p0826-teimww:passage id="ww_7abc52aedd586afe">
    <knoraXmlImport:label>passage</knoraXmlImport:label>
    <p0826-teimww:contains>
      <p0826-teimww:lexia knoraType="link_value" linkType="ref" target="ww_9b2dbababbd6684b"/>
    </p0826-teimww:contains>
    <p0826-teimww:hasPage knoraType="richtext_value">Act 5, scene 3, line 4.</p0826-teimww:hasPage>
    <p0826-teimww:hasText knoraType="richtext_value">[Lucius:] Good uncle, take you in this &lt;span class="quote"&gt;barbarous Moor&lt;/span&gt; [...].</p0826-teimww:hasText>
    <p0826-teimww:isMentionedIn>
      <p0826-teimww:passage knoraType="link_value" linkType="ref" target="ww_888296c3c2e90ecc"/>
    </p0826-teimww:isMentionedIn>
    <p0826-teimww:occursIn>
      <p0826-teimww:book knoraType="link_value" linkType="ref" target="ww_7f5e9141d1116e89"/>
    </p0826-teimww:occursIn>
    <p0826-teimww:wasContributedBy>
      <p0826-teimww:person knoraType="link_value" linkType="ref" target="ww_b604df587d93b768"/>
    </p0826-teimww:wasContributedBy>
  </p0826-teimww:passage>
  <p0826-teimww:passage id="ww_5434fb648b5c89d0">
    <knoraXmlImport:label>passage</knoraXmlImport:label>
    <p0826-teimww:contains>
      <p0826-teimww:lexia knoraType="link_value" linkType="ref" target="ww_5d8dda9623e62097"/>
    </p0826-teimww:contains>
    <p0826-teimww:hasPage knoraType="richtext_value">521; act 5, scene 4.</p0826-teimww:hasPage>
    <p0826-teimww:hasText knoraType="richtext_value">[Lightborn:] You shall not need to give instructions;&lt;br&gt;
'Tis not the first time I have kill'd a man.&lt;br&gt;
I learn'd in Naples how to poison flowers, &lt;br&gt;
To strangle with a lawn thrust down the throat, &lt;br&gt;
To pierce the wind pipe with a needle's point, &lt;br&gt;
Or, whilst one is asleep, to take a quill,&lt;br&gt; 
&lt;span class="quote"&gt;And blow a little powder in his ears,&lt;/span&gt; &lt;br&gt;
Or open his mouth, and pour quick-silver downe.&lt;br&gt;
But yet I have a braver way then these.</p0826-teimww:hasText>
    <p0826-teimww:isMentionedIn>
      <p0826-teimww:passage knoraType="link_value" linkType="ref" target="ww_be5687c786a094b4"/>
    </p0826-teimww:isMentionedIn>
    <p0826-teimww:occursIn>
      <p0826-teimww:book knoraType="link_value" linkType="ref" target="ww_0d4732e83985c063"/>
    </p0826-teimww:occursIn>
    <p0826-teimww:wasContributedBy>
      <p0826-teimww:person knoraType="link_value" linkType="ref" target="ww_5fbb1eab1b30dfee"/>
    </p0826-teimww:wasContributedBy>
  </p0826-teimww:passage>
  <p0826-teimww:passage id="ww_e4b5341f0a39224e">
    <knoraXmlImport:label>passage</knoraXmlImport:label>
    <p0826-teimww:contains>
      <p0826-teimww:lexia knoraType="link_value" linkType="ref" target="ww_213f4daacf41e824"/>
    </p0826-teimww:contains>
    <p0826-teimww:contains>
      <p0826-teimww:lexia knoraType="link_value" linkType="ref" target="ww_b7cbd36cf3fde4ba"/>
    </p0826-teimww:contains>
    <p0826-teimww:hasPage knoraType="richtext_value">506; act 5, scene 1, line 89.</p0826-teimww:hasPage>
    <p0826-teimww:hasText knoraType="richtext_value">[King Edward:]&lt;span class="quote"&gt; Let Pluto’s bells ring out my fatal knell&lt;/span&gt; […].</p0826-teimww:hasText>
    <p0826-teimww:isMentionedIn>
      <p0826-teimww:passage knoraType="link_value" linkType="ref" target="ww_96d12c17f64f88ad"/>
    </p0826-teimww:isMentionedIn>
    <p0826-teimww:occursIn>
      <p0826-teimww:book knoraType="link_value" linkType="ref" target="ww_0d4732e83985c063"/>
    </p0826-teimww:occursIn>
    <p0826-teimww:wasContributedBy>
      <p0826-teimww:person knoraType="link_value" linkType="ref" target="ww_7f35f6802efd910d"/>
    </p0826-teimww:wasContributedBy>
  </p0826-teimww:passage>
  <p0826-teimww:passage id="ww_80f42a79d9a5f679">
    <knoraXmlImport:label>passage</knoraXmlImport:label>
    <p0826-teimww:contains>
      <p0826-teimww:lexia knoraType="link_value" linkType="ref" target="ww_0aa3728c744ddb31"/>
    </p0826-teimww:contains>
    <p0826-teimww:hasPage knoraType="richtext_value">Act 5, scene 3, line 1.</p0826-teimww:hasPage>
    <p0826-teimww:hasText knoraType="richtext_value">[King Richard:] Can no man tell me of &lt;span class="quote"&gt;my unthrifty son?&lt;/span&gt;</p0826-teimww:hasText>
    <p0826-teimww:isMentionedIn>
      <p0826-teimww:passage knoraType="link_value" linkType="ref" target="ww_7ceef39fe52481ed"/>
    </p0826-teimww:isMentionedIn>
    <p0826-teimww:occursIn>
      <p0826-teimww:book knoraType="link_value" linkType="ref" target="ww_c8e25bef891b5536"/>
    </p0826-teimww:occursIn>
    <p0826-teimww:wasContributedBy>
      <p0826-teimww:person knoraType="link_value" linkType="ref" target="ww_7f35f6802efd910d"/>
    </p0826-teimww:wasContributedBy>
  </p0826-teimww:passage>
  <p0826-teimww:passage id="ww_7ceef39fe52481ed">
    <knoraXmlImport:label>passage</knoraXmlImport:label>
    <p0826-teimww:occursIn>
      <p0826-teimww:book knoraType="link_value" linkType="ref" target="ww_1b231152ba6c63ce"/>
    </p0826-teimww:occursIn>
  </p0826-teimww:passage>
  <p0826-teimww:passage id="ww_6371504dccdb9c15">
    <knoraXmlImport:label>passage</knoraXmlImport:label>
    <p0826-teimww:contains>
      <p0826-teimww:lexia knoraType="link_value" linkType="ref" target="ww_ead79af7c765d93c"/>
    </p0826-teimww:contains>
    <p0826-teimww:hasPage knoraType="richtext_value">Act 5, scene 4, line 7.</p0826-teimww:hasPage>
    <p0826-teimww:hasText knoraType="richtext_value">[Richard:] &lt;span class="quote"&gt;A horse, a horse, my kingdom for a horse!&lt;/span&gt;</p0826-teimww:hasText>
    <p0826-teimww:isMentionedIn>
      <p0826-teimww:passage knoraType="link_value" linkType="ref" target="ww_6804fc9d0bbf4366"/>
    </p0826-teimww:isMentionedIn>
    <p0826-teimww:isMentionedIn>
      <p0826-teimww:passage knoraType="link_value" linkType="ref" target="ww_2dcfd9b7c6f22204"/>
    </p0826-teimww:isMentionedIn>
    <p0826-teimww:occursIn>
      <p0826-teimww:book knoraType="link_value" linkType="ref" target="ww_a70c78f7c2563c1d"/>
    </p0826-teimww:occursIn>
    <p0826-teimww:wasContributedBy>
      <p0826-teimww:person knoraType="link_value" linkType="ref" target="ww_c4063e9c72a3ffd2"/>
    </p0826-teimww:wasContributedBy>
  </p0826-teimww:passage>
  <p0826-teimww:passage id="ww_6804fc9d0bbf4366">
    <knoraXmlImport:label>passage</knoraXmlImport:label>
    <p0826-teimww:occursIn>
      <p0826-teimww:book knoraType="link_value" linkType="ref" target="ww_1140c36ab545b6d8"/>
    </p0826-teimww:occursIn>
  </p0826-teimww:passage>
  <p0826-teimww:passage id="ww_b8235ab38d677cdc">
    <knoraXmlImport:label>passage</knoraXmlImport:label>
    <p0826-teimww:contains>
      <p0826-teimww:lexia knoraType="link_value" linkType="ref" target="ww_d585e9c0999279c8"/>
    </p0826-teimww:contains>
    <p0826-teimww:contains>
      <p0826-teimww:lexia knoraType="link_value" linkType="ref" target="ww_ed2cdf0cfb7c6e09"/>
    </p0826-teimww:contains>
    <p0826-teimww:contains>
      <p0826-teimww:lexia knoraType="link_value" linkType="ref" target="ww_e344f2a29373f3e8"/>
    </p0826-teimww:contains>
    <p0826-teimww:hasPage knoraType="richtext_value">Act 1, scene 1, lines 1-2.</p0826-teimww:hasPage>
    <p0826-teimww:hasText knoraType="richtext_value">[Richard:] Now is the &lt;span class="quote"&gt;winter of our discontent&lt;/span&gt; &lt;br&gt;
Made glorious summer by &lt;span class="quote"&gt;this sun &lt;/span&gt;of York.</p0826-teimww:hasText>
    <p0826-teimww:isMentionedIn>
      <p0826-teimww:passage knoraType="link_value" linkType="ref" target="ww_218e403715b8b08d"/>
    </p0826-teimww:isMentionedIn>
    <p0826-teimww:isMentionedIn>
      <p0826-teimww:passage knoraType="link_value" linkType="ref" target="ww_3a70307bf6daa4dd"/>
    </p0826-teimww:isMentionedIn>
    <p0826-teimww:isMentionedIn>
      <p0826-teimww:passage knoraType="link_value" linkType="ref" target="ww_8e37c2f1bd4d6ad4"/>
    </p0826-teimww:isMentionedIn>
    <p0826-teimww:occursIn>
      <p0826-teimww:book knoraType="link_value" linkType="ref" target="ww_a70c78f7c2563c1d"/>
    </p0826-teimww:occursIn>
    <p0826-teimww:wasContributedBy>
      <p0826-teimww:person knoraType="link_value" linkType="ref" target="ww_5fbb1eab1b30dfee"/>
    </p0826-teimww:wasContributedBy>
  </p0826-teimww:passage>
  <p0826-teimww:passage id="ww_8e37c2f1bd4d6ad4">
    <knoraXmlImport:label>passage</knoraXmlImport:label>
    <p0826-teimww:occursIn>
      <p0826-teimww:book knoraType="link_value" linkType="ref" target="ww_b3931845d54b98d5"/>
    </p0826-teimww:occursIn>
  </p0826-teimww:passage>
  <p0826-teimww:passage id="ww_218e403715b8b08d">
    <knoraXmlImport:label>passage</knoraXmlImport:label>
    <p0826-teimww:occursIn>
      <p0826-teimww:book knoraType="link_value" linkType="ref" target="ww_c4dd28c52431d7a3"/>
    </p0826-teimww:occursIn>
  </p0826-teimww:passage>
  <p0826-teimww:passage id="ww_c26832542090a7e4">
    <knoraXmlImport:label>passage</knoraXmlImport:label>
    <p0826-teimww:contains>
      <p0826-teimww:lexia knoraType="link_value" linkType="ref" target="ww_5c99a36daca63b02"/>
    </p0826-teimww:contains>
    <p0826-teimww:hasPage knoraType="richtext_value">Act 4, scene 4, lines 1-2.</p0826-teimww:hasPage>
    <p0826-teimww:hasText knoraType="richtext_value">[Queen Margaret:] So now prosperity &lt;span class="quote"&gt;begins to mellow &lt;br&gt;
And drop into the rotten mouth of death.&lt;/span&gt;</p0826-teimww:hasText>
    <p0826-teimww:isMentionedIn>
      <p0826-teimww:passage knoraType="link_value" linkType="ref" target="ww_7d9fecbbe0fb47bc"/>
    </p0826-teimww:isMentionedIn>
    <p0826-teimww:occursIn>
      <p0826-teimww:book knoraType="link_value" linkType="ref" target="ww_a70c78f7c2563c1d"/>
    </p0826-teimww:occursIn>
    <p0826-teimww:wasContributedBy>
      <p0826-teimww:person knoraType="link_value" linkType="ref" target="ww_7f35f6802efd910d"/>
    </p0826-teimww:wasContributedBy>
  </p0826-teimww:passage>
  <p0826-teimww:passage id="ww_8433c03e131c6e91">
    <knoraXmlImport:label>passage</knoraXmlImport:label>
    <p0826-teimww:contains>
      <p0826-teimww:lexia knoraType="link_value" linkType="ref" target="ww_9b5ed7ccfe5d90aa"/>
    </p0826-teimww:contains>
    <p0826-teimww:hasPage knoraType="richtext_value">Act 5, scene 6, line 46.</p0826-teimww:hasPage>
    <p0826-teimww:hasText knoraType="richtext_value">[King Henry:] That &lt;span class="quote"&gt;blood should sprinkle me to make me grow.&lt;/span&gt;
</p0826-teimww:hasText>
    <p0826-teimww:isMentionedIn>
      <p0826-teimww:passage knoraType="link_value" linkType="ref" target="ww_6fa60ba69ddaaf25"/>
    </p0826-teimww:isMentionedIn>
    <p0826-teimww:occursIn>
      <p0826-teimww:book knoraType="link_value" linkType="ref" target="ww_c8e25bef891b5536"/>
    </p0826-teimww:occursIn>
    <p0826-teimww:wasContributedBy>
      <p0826-teimww:person knoraType="link_value" linkType="ref" target="ww_7f35f6802efd910d"/>
    </p0826-teimww:wasContributedBy>
  </p0826-teimww:passage>
  <p0826-teimww:passage id="ww_5757dead4edf0505">
    <knoraXmlImport:label>passage</knoraXmlImport:label>
    <p0826-teimww:contains>
      <p0826-teimww:lexia knoraType="link_value" linkType="ref" target="ww_121f51dd1d4fa186"/>
    </p0826-teimww:contains>
    <p0826-teimww:contains>
      <p0826-teimww:lexia knoraType="link_value" linkType="ref" target="ww_72dd154a3c35c943"/>
    </p0826-teimww:contains>
    <p0826-teimww:hasPageHist knoraType="richtext_value">N.p.</p0826-teimww:hasPageHist>
    <p0826-teimww:hasText knoraType="richtext_value">Was never whore of Babylon so &lt;span class="quote"&gt;betrap with abominations, as his style&lt;/span&gt; (like the dog-house in the fields) is pestered with stinking filth. His vainglory (which some take to be his gentlewoman) he hath new &lt;span class="quote"&gt;painted an inch thick.&lt;/span&gt;</p0826-teimww:hasText>
    <p0826-teimww:hasTextHist knoraType="richtext_value">Was neuer whore of Babylon so betrapt with abhominations, as his stile (like the dog-house in the fields) is pestred with stinking filth. His vaineglorie (which some take to be his gentlewoman) he hath new &lt;span class="quote"&gt;painted an inch thicke.&lt;/span&gt;</p0826-teimww:hasTextHist>
    <p0826-teimww:isMentionedIn>
      <p0826-teimww:passage knoraType="link_value" linkType="ref" target="ww_48586bf70a930c42"/>
    </p0826-teimww:isMentionedIn>
    <p0826-teimww:occursIn>
      <p0826-teimww:book knoraType="link_value" linkType="ref" target="ww_c81f995a09baa142"/>
    </p0826-teimww:occursIn>
    <p0826-teimww:wasContributedBy>
      <p0826-teimww:person knoraType="link_value" linkType="ref" target="ww_c4063e9c72a3ffd2"/>
    </p0826-teimww:wasContributedBy>
  </p0826-teimww:passage>
  <p0826-teimww:passage id="ww_48586bf70a930c42">
    <knoraXmlImport:label>passage</knoraXmlImport:label>
    <p0826-teimww:occursIn>
      <p0826-teimww:book knoraType="link_value" linkType="ref" target="ww_a779d6e5235e610e"/>
    </p0826-teimww:occursIn>
  </p0826-teimww:passage>
  <p0826-teimww:passage id="ww_142487fe71c805ac">
    <knoraXmlImport:label>passage</knoraXmlImport:label>
    <p0826-teimww:contains>
      <p0826-teimww:lexia knoraType="link_value" linkType="ref" target="ww_16275cf261bcce96"/>
    </p0826-teimww:contains>
    <p0826-teimww:hasPage knoraType="richtext_value">566; act 4, scene 3, line 15.</p0826-teimww:hasPage>
    <p0826-teimww:hasText knoraType="richtext_value">[King:] &lt;span class="quote"&gt;(he makes horns at the Guise) &lt;/span&gt;.</p0826-teimww:hasText>
    <p0826-teimww:isMentionedIn>
      <p0826-teimww:passage knoraType="link_value" linkType="ref" target="ww_243bd4187601a37d"/>
    </p0826-teimww:isMentionedIn>
    <p0826-teimww:occursIn>
      <p0826-teimww:book knoraType="link_value" linkType="ref" target="ww_4699bce2e8308213"/>
    </p0826-teimww:occursIn>
    <p0826-teimww:wasContributedBy>
      <p0826-teimww:person knoraType="link_value" linkType="ref" target="ww_7f35f6802efd910d"/>
    </p0826-teimww:wasContributedBy>
  </p0826-teimww:passage>
  <p0826-teimww:passage id="ww_243bd4187601a37d">
    <knoraXmlImport:label>passage</knoraXmlImport:label>
    <p0826-teimww:occursIn>
      <p0826-teimww:book knoraType="link_value" linkType="ref" target="ww_e81f44945dfa651c"/>
    </p0826-teimww:occursIn>
  </p0826-teimww:passage>
  <p0826-teimww:passage id="ww_24aef3d473a088d4">
    <knoraXmlImport:label>passage</knoraXmlImport:label>
    <p0826-teimww:contains>
      <p0826-teimww:lexia knoraType="link_value" linkType="ref" target="ww_ca140ea65ebcb30d"/>
    </p0826-teimww:contains>
    <p0826-teimww:hasPage knoraType="richtext_value">Act 4, scene 2, lines 53-54.</p0826-teimww:hasPage>
    <p0826-teimww:hasText knoraType="richtext_value">[Richard:] [...] I say again, &lt;span class="quote"&gt;give out &lt;br&gt;
That Anne my queen is sick and like to die.&lt;/span&gt;</p0826-teimww:hasText>
    <p0826-teimww:isMentionedIn>
      <p0826-teimww:passage knoraType="link_value" linkType="ref" target="ww_94087b127af9be64"/>
    </p0826-teimww:isMentionedIn>
    <p0826-teimww:occursIn>
      <p0826-teimww:book knoraType="link_value" linkType="ref" target="ww_a70c78f7c2563c1d"/>
    </p0826-teimww:occursIn>
    <p0826-teimww:wasContributedBy>
      <p0826-teimww:person knoraType="link_value" linkType="ref" target="ww_c4063e9c72a3ffd2"/>
    </p0826-teimww:wasContributedBy>
  </p0826-teimww:passage>
  <p0826-teimww:passage id="ww_94087b127af9be64">
    <knoraXmlImport:label>passage</knoraXmlImport:label>
    <p0826-teimww:occursIn>
      <p0826-teimww:book knoraType="link_value" linkType="ref" target="ww_1140c36ab545b6d8"/>
    </p0826-teimww:occursIn>
  </p0826-teimww:passage>
  <p0826-teimww:passage id="ww_cebea5a86948b667">
    <knoraXmlImport:label>passage</knoraXmlImport:label>
    <p0826-teimww:contains>
      <p0826-teimww:lexia knoraType="link_value" linkType="ref" target="ww_19f391dd67fa130e"/>
    </p0826-teimww:contains>
    <p0826-teimww:contains>
      <p0826-teimww:lexia knoraType="link_value" linkType="ref" target="ww_5d4a59d059f85b62"/>
    </p0826-teimww:contains>
    <p0826-teimww:hasPage knoraType="richtext_value">N.p.; lines 158-159 [normalized spelling].</p0826-teimww:hasPage>
    <p0826-teimww:hasPageHist knoraType="richtext_value">N.p.; lines 158-159.</p0826-teimww:hasPageHist>
    <p0826-teimww:hasText knoraType="richtext_value">[...] And pray'd the narrow &lt;span class="quote"&gt;toiling Hellespont&lt;/span&gt;, &lt;br&gt;
To part in twain, that he [Leander] might come and go […].</p0826-teimww:hasText>
    <p0826-teimww:hasTextHist knoraType="richtext_value">[...] And pray'd the narrow toyling Hellespont , &lt;br&gt;
To part in twaine, that hee [Leander] might come and go […].</p0826-teimww:hasTextHist>
    <p0826-teimww:isMentionedIn>
      <p0826-teimww:passage knoraType="link_value" linkType="ref" target="ww_8134986f6f146b68"/>
    </p0826-teimww:isMentionedIn>
    <p0826-teimww:occursIn>
      <p0826-teimww:book knoraType="link_value" linkType="ref" target="ww_2eb8f65559e88209"/>
    </p0826-teimww:occursIn>
    <p0826-teimww:wasContributedBy>
      <p0826-teimww:person knoraType="link_value" linkType="ref" target="ww_7f35f6802efd910d"/>
    </p0826-teimww:wasContributedBy>
  </p0826-teimww:passage>
  <p0826-teimww:passage id="ww_251698393867789d">
    <knoraXmlImport:label>passage</knoraXmlImport:label>
    <p0826-teimww:contains>
      <p0826-teimww:lexia knoraType="link_value" linkType="ref" target="ww_a64516c7bc868265"/>
    </p0826-teimww:contains>
    <p0826-teimww:contains>
      <p0826-teimww:lexia knoraType="link_value" linkType="ref" target="ww_3c95d7400a0058de"/>
    </p0826-teimww:contains>
    <p0826-teimww:contains>
      <p0826-teimww:lexia knoraType="link_value" linkType="ref" target="ww_17ef6dc16d561a28"/>
    </p0826-teimww:contains>
    <p0826-teimww:contains>
      <p0826-teimww:lexia knoraType="link_value" linkType="ref" target="ww_40e9e4f82001c890"/>
    </p0826-teimww:contains>
    <p0826-teimww:hasPage knoraType="richtext_value">Lines 1978-1981.</p0826-teimww:hasPage>
    <p0826-teimww:hasText knoraType="richtext_value">Stone him with &lt;span class="quote"&gt;hard'ned hearts harder than stones,&lt;/span&gt;&lt;br&gt;
An let &lt;span calss="quote"&gt;mild women &lt;/span&gt;to him lose their mildness,&lt;br&gt;
Wilder to him than &lt;span class="quote"&gt;tigers in their wildness.&lt;br&gt;
Let him have time to tear his curléd hair.</p0826-teimww:hasText>
    <p0826-teimww:isMentionedIn>
      <p0826-teimww:passage knoraType="link_value" linkType="ref" target="ww_4b7bdcc3d6dd656b"/>
    </p0826-teimww:isMentionedIn>
    <p0826-teimww:occursIn>
      <p0826-teimww:book knoraType="link_value" linkType="ref" target="ww_0d665e488e8f55e8"/>
    </p0826-teimww:occursIn>
    <p0826-teimww:wasContributedBy>
      <p0826-teimww:person knoraType="link_value" linkType="ref" target="ww_c4063e9c72a3ffd2"/>
    </p0826-teimww:wasContributedBy>
  </p0826-teimww:passage>
  <p0826-teimww:passage id="ww_4b7bdcc3d6dd656b">
    <knoraXmlImport:label>passage</knoraXmlImport:label>
    <p0826-teimww:occursIn>
      <p0826-teimww:book knoraType="link_value" linkType="ref" target="ww_c0bb45384c6abc1f"/>
    </p0826-teimww:occursIn>
  </p0826-teimww:passage>
  <p0826-teimww:passage id="ww_ec4b06525b301255">
    <knoraXmlImport:label>passage</knoraXmlImport:label>
    <p0826-teimww:contains>
      <p0826-teimww:lexia knoraType="link_value" linkType="ref" target="ww_3f7bdff01e1a44df"/>
    </p0826-teimww:contains>
    <p0826-teimww:contains>
      <p0826-teimww:lexia knoraType="link_value" linkType="ref" target="ww_b85ce3e62f2d95a3"/>
    </p0826-teimww:contains>
    <p0826-teimww:contains>
      <p0826-teimww:lexia knoraType="link_value" linkType="ref" target="ww_9ba6070c2099e855"/>
    </p0826-teimww:contains>
    <p0826-teimww:hasPage knoraType="richtext_value">Act 1, scene 4, lines 6-9.</p0826-teimww:hasPage>
    <p0826-teimww:hasText knoraType="richtext_value">[Aumerle:] Faith, none for me, except &lt;span class="quote"&gt;the northeast wind, &lt;br&gt;
Which then blew bitterly against our faces,&lt;br&gt;
Awaked the sleeping rheum and so by chance &lt;br&gt;
Did grace our hollow parting with a tear.&lt;/span&gt;</p0826-teimww:hasText>
    <p0826-teimww:occursIn>
      <p0826-teimww:book knoraType="link_value" linkType="ref" target="ww_c8e25bef891b5536"/>
    </p0826-teimww:occursIn>
    <p0826-teimww:wasContributedBy>
      <p0826-teimww:person knoraType="link_value" linkType="ref" target="ww_c4063e9c72a3ffd2"/>
    </p0826-teimww:wasContributedBy>
  </p0826-teimww:passage>
  <p0826-teimww:passage id="ww_5fb74c636aae12e6">
    <knoraXmlImport:label>passage</knoraXmlImport:label>
    <p0826-teimww:contains>
      <p0826-teimww:lexia knoraType="link_value" linkType="ref" target="ww_2a2c4d4630a79700"/>
    </p0826-teimww:contains>
    <p0826-teimww:hasPage knoraType="richtext_value">Act 2, scene 1, line 181.</p0826-teimww:hasPage>
    <p0826-teimww:hasText knoraType="richtext_value">[Puck:] I'll &lt;span class="quote"&gt;put a girdle round about the Earth&lt;/span&gt; &lt;br&gt;
In forty minutes.</p0826-teimww:hasText>
    <p0826-teimww:isMentionedIn>
      <p0826-teimww:passage knoraType="link_value" linkType="ref" target="ww_2965c5942593f8bc"/>
    </p0826-teimww:isMentionedIn>
    <p0826-teimww:isMentionedIn>
      <p0826-teimww:passage knoraType="link_value" linkType="ref" target="ww_45b00934b5db2d81"/>
    </p0826-teimww:isMentionedIn>
    <p0826-teimww:occursIn>
      <p0826-teimww:book knoraType="link_value" linkType="ref" target="ww_1e4f95f951f2169f"/>
    </p0826-teimww:occursIn>
    <p0826-teimww:wasContributedBy>
      <p0826-teimww:person knoraType="link_value" linkType="ref" target="ww_7f35f6802efd910d"/>
    </p0826-teimww:wasContributedBy>
  </p0826-teimww:passage>
  <p0826-teimww:passage id="ww_2965c5942593f8bc">
    <knoraXmlImport:label>passage</knoraXmlImport:label>
    <p0826-teimww:occursIn>
      <p0826-teimww:book knoraType="link_value" linkType="ref" target="ww_1140c36ab545b6d8"/>
    </p0826-teimww:occursIn>
  </p0826-teimww:passage>
  <p0826-teimww:passage id="ww_ff38277008eb037d">
    <knoraXmlImport:label>passage</knoraXmlImport:label>
    <p0826-teimww:contains>
      <p0826-teimww:lexia knoraType="link_value" linkType="ref" target="ww_afd806b4bb5931a4"/>
    </p0826-teimww:contains>
    <p0826-teimww:hasPage knoraType="richtext_value">Act 1, scene 1, line 1.</p0826-teimww:hasPage>
    <p0826-teimww:hasText knoraType="richtext_value">[Sampson:] [...] &lt;span class="quote"&gt;we will not carry coals.&lt;/span&gt;</p0826-teimww:hasText>
    <p0826-teimww:occursIn>
      <p0826-teimww:book knoraType="link_value" linkType="ref" target="ww_dfd8d9b13312aac6"/>
    </p0826-teimww:occursIn>
    <p0826-teimww:wasContributedBy>
      <p0826-teimww:person knoraType="link_value" linkType="ref" target="ww_c4063e9c72a3ffd2"/>
    </p0826-teimww:wasContributedBy>
  </p0826-teimww:passage>
  <p0826-teimww:passage id="ww_c617ad3116def2b7">
    <knoraXmlImport:label>passage</knoraXmlImport:label>
    <p0826-teimww:contains>
      <p0826-teimww:lexia knoraType="link_value" linkType="ref" target="ww_174407c78089166e"/>
    </p0826-teimww:contains>
    <p0826-teimww:hasPage knoraType="richtext_value">Act 3, scene 2, lines 1-4.</p0826-teimww:hasPage>
    <p0826-teimww:hasText knoraType="richtext_value">[Juliet:] Gallop apace, you fiery-footed steeds,&lt;br&gt;
Towards &lt;span class="quote"&gt;Phoebus’ lodging. Such a wagoner&lt;/span&gt;&lt;br&gt;
As Phaëton would whip you to the west&lt;br&gt;
And bring in cloudy night immediately.</p0826-teimww:hasText>
    <p0826-teimww:isMentionedIn>
      <p0826-teimww:passage knoraType="link_value" linkType="ref" target="ww_558153265f1dde63"/>
    </p0826-teimww:isMentionedIn>
    <p0826-teimww:occursIn>
      <p0826-teimww:book knoraType="link_value" linkType="ref" target="ww_dfd8d9b13312aac6"/>
    </p0826-teimww:occursIn>
    <p0826-teimww:wasContributedBy>
      <p0826-teimww:person knoraType="link_value" linkType="ref" target="ww_c4063e9c72a3ffd2"/>
    </p0826-teimww:wasContributedBy>
  </p0826-teimww:passage>
  <p0826-teimww:passage id="ww_558153265f1dde63">
    <knoraXmlImport:label>passage</knoraXmlImport:label>
    <p0826-teimww:occursIn>
      <p0826-teimww:book knoraType="link_value" linkType="ref" target="ww_55bc1a3b04bf8a8d"/>
    </p0826-teimww:occursIn>
  </p0826-teimww:passage>
  <p0826-teimww:passage id="ww_942795fb910449c2">
    <knoraXmlImport:label>passage</knoraXmlImport:label>
    <p0826-teimww:contains>
      <p0826-teimww:lexia knoraType="link_value" linkType="ref" target="ww_935c8c125a62888a"/>
    </p0826-teimww:contains>
    <p0826-teimww:hasPage knoraType="richtext_value">Act 2, scene 4, line 20.</p0826-teimww:hasPage>
    <p0826-teimww:hasText knoraType="richtext_value">[Mercutio:] [Tybalt is] More than &lt;span class="quote"&gt;prince of cats&lt;/span&gt;. </p0826-teimww:hasText>
    <p0826-teimww:isMentionedIn>
      <p0826-teimww:passage knoraType="link_value" linkType="ref" target="ww_64ff322b47672613"/>
    </p0826-teimww:isMentionedIn>
    <p0826-teimww:occursIn>
      <p0826-teimww:book knoraType="link_value" linkType="ref" target="ww_dfd8d9b13312aac6"/>
    </p0826-teimww:occursIn>
    <p0826-teimww:wasContributedBy>
      <p0826-teimww:person knoraType="link_value" linkType="ref" target="ww_c4063e9c72a3ffd2"/>
    </p0826-teimww:wasContributedBy>
  </p0826-teimww:passage>
  <p0826-teimww:passage id="ww_64ff322b47672613">
    <knoraXmlImport:label>passage</knoraXmlImport:label>
    <p0826-teimww:occursIn>
      <p0826-teimww:book knoraType="link_value" linkType="ref" target="ww_84a8155c55c3c1e2"/>
    </p0826-teimww:occursIn>
  </p0826-teimww:passage>
  <p0826-teimww:passage id="ww_ecf5a1a47b9b9a33">
    <knoraXmlImport:label>passage</knoraXmlImport:label>
    <p0826-teimww:contains>
      <p0826-teimww:lexia knoraType="link_value" linkType="ref" target="ww_d00727f711fa5c58"/>
    </p0826-teimww:contains>
    <p0826-teimww:hasPage knoraType="richtext_value">Prologue, line 6.</p0826-teimww:hasPage>
    <p0826-teimww:hasText knoraType="richtext_value">[Chorus:] […] &lt;span class="quote"&gt;A pair of star-crossed lovers&lt;/span&gt; [...].</p0826-teimww:hasText>
    <p0826-teimww:isMentionedIn>
      <p0826-teimww:passage knoraType="link_value" linkType="ref" target="ww_0540abbd50a79d68"/>
    </p0826-teimww:isMentionedIn>
    <p0826-teimww:occursIn>
      <p0826-teimww:book knoraType="link_value" linkType="ref" target="ww_dfd8d9b13312aac6"/>
    </p0826-teimww:occursIn>
    <p0826-teimww:wasContributedBy>
      <p0826-teimww:person knoraType="link_value" linkType="ref" target="ww_b604df587d93b768"/>
    </p0826-teimww:wasContributedBy>
  </p0826-teimww:passage>
  <p0826-teimww:passage id="ww_7a4b2110b7c6ef34">
    <knoraXmlImport:label>passage</knoraXmlImport:label>
    <p0826-teimww:contains>
      <p0826-teimww:lexia knoraType="link_value" linkType="ref" target="ww_52257357dab479f0"/>
    </p0826-teimww:contains>
    <p0826-teimww:hasPage knoraType="richtext_value">Act 3, scene 1, line 142.</p0826-teimww:hasPage>
    <p0826-teimww:hasText knoraType="richtext_value">[Romeo:] O, I am &lt;span class="quote"&gt;fortune's fool.&lt;/span&gt;</p0826-teimww:hasText>
    <p0826-teimww:isMentionedIn>
      <p0826-teimww:passage knoraType="link_value" linkType="ref" target="ww_8c112bd829f13be5"/>
    </p0826-teimww:isMentionedIn>
    <p0826-teimww:occursIn>
      <p0826-teimww:book knoraType="link_value" linkType="ref" target="ww_dfd8d9b13312aac6"/>
    </p0826-teimww:occursIn>
    <p0826-teimww:wasContributedBy>
      <p0826-teimww:person knoraType="link_value" linkType="ref" target="ww_c4063e9c72a3ffd2"/>
    </p0826-teimww:wasContributedBy>
  </p0826-teimww:passage>
  <p0826-teimww:passage id="ww_8c112bd829f13be5">
    <knoraXmlImport:label>passage</knoraXmlImport:label>
    <p0826-teimww:occursIn>
      <p0826-teimww:book knoraType="link_value" linkType="ref" target="ww_1140c36ab545b6d8"/>
    </p0826-teimww:occursIn>
  </p0826-teimww:passage>
  <p0826-teimww:passage id="ww_8eb83c00a3e36665">
    <knoraXmlImport:label>passage</knoraXmlImport:label>
    <p0826-teimww:contains>
      <p0826-teimww:lexia knoraType="link_value" linkType="ref" target="ww_c3a635bc9e11903a"/>
    </p0826-teimww:contains>
    <p0826-teimww:hasPage knoraType="richtext_value">Act 4, scene 1, line 413.</p0826-teimww:hasPage>
    <p0826-teimww:hasText knoraType="richtext_value">[York:] [...] From &lt;span class="quote"&gt;plume-plucked &lt;/span&gt;Richard [...].</p0826-teimww:hasText>
    <p0826-teimww:isMentionedIn>
      <p0826-teimww:passage knoraType="link_value" linkType="ref" target="ww_a13d680ed1ea7f97"/>
    </p0826-teimww:isMentionedIn>
    <p0826-teimww:occursIn>
      <p0826-teimww:book knoraType="link_value" linkType="ref" target="ww_c8e25bef891b5536"/>
    </p0826-teimww:occursIn>
    <p0826-teimww:wasContributedBy>
      <p0826-teimww:person knoraType="link_value" linkType="ref" target="ww_7f35f6802efd910d"/>
    </p0826-teimww:wasContributedBy>
  </p0826-teimww:passage>
  <p0826-teimww:passage id="ww_4b292f0b7e34ef8e">
    <knoraXmlImport:label>passage</knoraXmlImport:label>
    <p0826-teimww:contains>
      <p0826-teimww:lexia knoraType="link_value" linkType="ref" target="ww_1eea7f63b6f52a44"/>
    </p0826-teimww:contains>
    <p0826-teimww:hasPage knoraType="richtext_value">Act 1, scene 5, lines 51-52.</p0826-teimww:hasPage>
    <p0826-teimww:hasText knoraType="richtext_value">[Romeo:] It seems &lt;span class="quote"&gt;she hangs upon the cheek of night&lt;br&gt;
As a rich jewel in an Ethiop's ear&lt;/span&gt; [...].</p0826-teimww:hasText>
    <p0826-teimww:isMentionedIn>
      <p0826-teimww:passage knoraType="link_value" linkType="ref" target="ww_df8005940d70ba0a"/>
    </p0826-teimww:isMentionedIn>
    <p0826-teimww:occursIn>
      <p0826-teimww:book knoraType="link_value" linkType="ref" target="ww_dfd8d9b13312aac6"/>
    </p0826-teimww:occursIn>
    <p0826-teimww:wasContributedBy>
      <p0826-teimww:person knoraType="link_value" linkType="ref" target="ww_7f35f6802efd910d"/>
    </p0826-teimww:wasContributedBy>
  </p0826-teimww:passage>
  <p0826-teimww:passage id="ww_cd59ce7c26d38364">
    <knoraXmlImport:label>passage</knoraXmlImport:label>
    <p0826-teimww:contains>
      <p0826-teimww:lexia knoraType="link_value" linkType="ref" target="ww_20cbbf5295b09a92"/>
    </p0826-teimww:contains>
    <p0826-teimww:hasText knoraType="richtext_value">&lt;span class="annotation"&gt;A group pf simple mechanics stage a Greek play for the wedding of Duke Theseus of Athens.&lt;/span&gt;</p0826-teimww:hasText>
    <p0826-teimww:isMentionedIn>
      <p0826-teimww:passage knoraType="link_value" linkType="ref" target="ww_48872343f0bc4c65"/>
    </p0826-teimww:isMentionedIn>
    <p0826-teimww:isMentionedIn>
      <p0826-teimww:passage knoraType="link_value" linkType="ref" target="ww_1cedf991d31cc68b"/>
    </p0826-teimww:isMentionedIn>
    <p0826-teimww:occursIn>
      <p0826-teimww:book knoraType="link_value" linkType="ref" target="ww_1e4f95f951f2169f"/>
    </p0826-teimww:occursIn>
    <p0826-teimww:wasContributedBy>
      <p0826-teimww:person knoraType="link_value" linkType="ref" target="ww_7f35f6802efd910d"/>
    </p0826-teimww:wasContributedBy>
  </p0826-teimww:passage>
  <p0826-teimww:passage id="ww_1cedf991d31cc68b">
    <knoraXmlImport:label>passage</knoraXmlImport:label>
    <p0826-teimww:occursIn>
      <p0826-teimww:book knoraType="link_value" linkType="ref" target="ww_d57fe99db4adc1d0"/>
    </p0826-teimww:occursIn>
  </p0826-teimww:passage>
  <p0826-teimww:passage id="ww_48872343f0bc4c65">
    <knoraXmlImport:label>passage</knoraXmlImport:label>
    <p0826-teimww:occursIn>
      <p0826-teimww:book knoraType="link_value" linkType="ref" target="ww_1140c36ab545b6d8"/>
    </p0826-teimww:occursIn>
  </p0826-teimww:passage>
  <p0826-teimww:passage id="ww_bf04c1b2cec1958b">
    <knoraXmlImport:label>passage</knoraXmlImport:label>
    <p0826-teimww:contains>
      <p0826-teimww:lexia knoraType="link_value" linkType="ref" target="ww_39c20775a1f962ae"/>
    </p0826-teimww:contains>
    <p0826-teimww:hasPage knoraType="richtext_value">Act 4, scene 3, line 15.</p0826-teimww:hasPage>
    <p0826-teimww:hasText knoraType="richtext_value">[Juliet:] And &lt;span class="quote"&gt;shrieks like mandrakes&lt;/span&gt; torn out of the earth [...].</p0826-teimww:hasText>
    <p0826-teimww:isMentionedIn>
      <p0826-teimww:passage knoraType="link_value" linkType="ref" target="ww_58a67e667dc2c582"/>
    </p0826-teimww:isMentionedIn>
    <p0826-teimww:occursIn>
      <p0826-teimww:book knoraType="link_value" linkType="ref" target="ww_dfd8d9b13312aac6"/>
    </p0826-teimww:occursIn>
    <p0826-teimww:wasContributedBy>
      <p0826-teimww:person knoraType="link_value" linkType="ref" target="ww_7f35f6802efd910d"/>
    </p0826-teimww:wasContributedBy>
  </p0826-teimww:passage>
  <p0826-teimww:passage id="ww_44ae473e2bcd757a">
    <knoraXmlImport:label>passage</knoraXmlImport:label>
    <p0826-teimww:contains>
      <p0826-teimww:lexia knoraType="link_value" linkType="ref" target="ww_0aa3728c744ddb31"/>
    </p0826-teimww:contains>
    <p0826-teimww:hasPage knoraType="richtext_value">Main Text, line 157 [normalized spelling].</p0826-teimww:hasPage>
    <p0826-teimww:hasPageHist knoraType="richtext_value">Main Text, line 157.</p0826-teimww:hasPageHist>
    <p0826-teimww:hasText knoraType="richtext_value">[Old Stukeley:] When saw you that &lt;span class="quote"&gt;unthrifty Boy&lt;/span&gt;, Tom Stukeley?</p0826-teimww:hasText>
    <p0826-teimww:hasTextHist knoraType="richtext_value">[Old Stukeley:] when saw you that vnthrifty Boy Tom Stuklie</p0826-teimww:hasTextHist>
    <p0826-teimww:isMentionedIn>
      <p0826-teimww:passage knoraType="link_value" linkType="ref" target="ww_7ceef39fe52481ed"/>
    </p0826-teimww:isMentionedIn>
    <p0826-teimww:occursIn>
      <p0826-teimww:book knoraType="link_value" linkType="ref" target="ww_0e81aac8108a83fe"/>
    </p0826-teimww:occursIn>
    <p0826-teimww:wasContributedBy>
      <p0826-teimww:person knoraType="link_value" linkType="ref" target="ww_7f35f6802efd910d"/>
    </p0826-teimww:wasContributedBy>
  </p0826-teimww:passage>
  <p0826-teimww:passage id="ww_8acd9e2f905287b2">
    <knoraXmlImport:label>passage</knoraXmlImport:label>
    <p0826-teimww:contains>
      <p0826-teimww:lexia knoraType="link_value" linkType="ref" target="ww_7c789ae9df82f762"/>
    </p0826-teimww:contains>
    <p0826-teimww:hasText knoraType="richtext_value">&lt;span class="quote"&gt;O'Neill &lt;/span&gt;</p0826-teimww:hasText>
    <p0826-teimww:isMentionedIn>
      <p0826-teimww:passage knoraType="link_value" linkType="ref" target="ww_482e9dec8ff0a570"/>
    </p0826-teimww:isMentionedIn>
    <p0826-teimww:occursIn>
      <p0826-teimww:book knoraType="link_value" linkType="ref" target="ww_0e81aac8108a83fe"/>
    </p0826-teimww:occursIn>
    <p0826-teimww:wasContributedBy>
      <p0826-teimww:person knoraType="link_value" linkType="ref" target="ww_7f35f6802efd910d"/>
    </p0826-teimww:wasContributedBy>
  </p0826-teimww:passage>
  <p0826-teimww:passage id="ww_3e532c55a45752d6">
    <knoraXmlImport:label>passage</knoraXmlImport:label>
    <p0826-teimww:contains>
      <p0826-teimww:lexia knoraType="link_value" linkType="ref" target="ww_8b65245f2f6e4f28"/>
    </p0826-teimww:contains>
    <p0826-teimww:hasPage knoraType="richtext_value">Act 4, scene 1, line 55.</p0826-teimww:hasPage>
    <p0826-teimww:hasText knoraType="richtext_value">[Shylock:] [...] &lt;span class="quote"&gt;Why he cannot abide a gaping pig &lt;/span&gt;[...].</p0826-teimww:hasText>
    <p0826-teimww:isMentionedIn>
      <p0826-teimww:passage knoraType="link_value" linkType="ref" target="ww_4c05bcff7a079b2f"/>
    </p0826-teimww:isMentionedIn>
    <p0826-teimww:occursIn>
      <p0826-teimww:book knoraType="link_value" linkType="ref" target="ww_aa90313aec1ff25e"/>
    </p0826-teimww:occursIn>
    <p0826-teimww:wasContributedBy>
      <p0826-teimww:person knoraType="link_value" linkType="ref" target="ww_b604df587d93b768"/>
    </p0826-teimww:wasContributedBy>
  </p0826-teimww:passage>
  <p0826-teimww:passage id="ww_4c05bcff7a079b2f">
    <knoraXmlImport:label>passage</knoraXmlImport:label>
    <p0826-teimww:occursIn>
      <p0826-teimww:book knoraType="link_value" linkType="ref" target="ww_1140c36ab545b6d8"/>
    </p0826-teimww:occursIn>
  </p0826-teimww:passage>
  <p0826-teimww:passage id="ww_9c4c355a5db82d3c">
    <knoraXmlImport:label>passage</knoraXmlImport:label>
    <p0826-teimww:contains>
      <p0826-teimww:lexia knoraType="link_value" linkType="ref" target="ww_94aba4abe96bda30"/>
    </p0826-teimww:contains>
    <p0826-teimww:hasPage knoraType="richtext_value">Act 3, scene 1, lines 189-196.</p0826-teimww:hasPage>
    <p0826-teimww:hasText knoraType="richtext_value">[Berowne:]  [...] This wimpled, whining, purblind, wayward boy, &lt;br&gt;
This Signior Junior, giant dwarf, Dan &lt;span class="quote"&gt;Cupid, &lt;br&gt;
Regent of love rhymes, lord of folded arms, &lt;br&gt;
Th' anointed sovereign of sighs and groans, &lt;br&gt;
Liege of all loiterers and malcontents,&lt;br&gt;
Dread prince of plackets, king of codpieces, &lt;br&gt;
&lt;span class="quote"&gt;Sole imperator &lt;/span&gt;and great general &lt;br&gt;
Of trotting paritors - O my little heart!</p0826-teimww:hasText>
    <p0826-teimww:isMentionedIn>
      <p0826-teimww:passage knoraType="link_value" linkType="ref" target="ww_3427071f34b0cfee"/>
    </p0826-teimww:isMentionedIn>
    <p0826-teimww:occursIn>
      <p0826-teimww:book knoraType="link_value" linkType="ref" target="ww_a8c8f9a292e6c950"/>
    </p0826-teimww:occursIn>
    <p0826-teimww:wasContributedBy>
      <p0826-teimww:person knoraType="link_value" linkType="ref" target="ww_c4063e9c72a3ffd2"/>
    </p0826-teimww:wasContributedBy>
  </p0826-teimww:passage>
  <p0826-teimww:passage id="ww_3427071f34b0cfee">
    <knoraXmlImport:label>passage</knoraXmlImport:label>
    <p0826-teimww:occursIn>
      <p0826-teimww:book knoraType="link_value" linkType="ref" target="ww_5af91280461707f1"/>
    </p0826-teimww:occursIn>
  </p0826-teimww:passage>
  <p0826-teimww:passage id="ww_0273124989c7bccd">
    <knoraXmlImport:label>passage</knoraXmlImport:label>
    <p0826-teimww:occursIn>
      <p0826-teimww:book knoraType="link_value" linkType="ref" target="ww_55bc1a3b04bf8a8d"/>
    </p0826-teimww:occursIn>
  </p0826-teimww:passage>
  <p0826-teimww:passage id="ww_bf9f2eedc22eba46">
    <knoraXmlImport:label>passage</knoraXmlImport:label>
    <p0826-teimww:contains>
      <p0826-teimww:lexia knoraType="link_value" linkType="ref" target="ww_fba3108902c095f8"/>
    </p0826-teimww:contains>
    <p0826-teimww:contains>
      <p0826-teimww:lexia knoraType="link_value" linkType="ref" target="ww_2bf9287b40ed709c"/>
    </p0826-teimww:contains>
    <p0826-teimww:contains>
      <p0826-teimww:lexia knoraType="link_value" linkType="ref" target="ww_e4b0affd9dde07f6"/>
    </p0826-teimww:contains>
    <p0826-teimww:hasPage knoraType="richtext_value">17 [normalised spelling].</p0826-teimww:hasPage>
    <p0826-teimww:hasPageHist knoraType="richtext_value">17.</p0826-teimww:hasPageHist>
    <p0826-teimww:hasText knoraType="richtext_value">[...] and though this fiend be begotten of his father's own blood, yet is he different from his nature, and were he not sure that jealousy could not make him a cuckold, he had long since published him for a bastard; - you shall know him by this, his heart steeled against charity; he walks for the most part in black under colour of gravity and looks as pale as the visard of the ghost which cried so miserably at the Theatre like an oyster wife, &lt;span class="quote"&gt;&lt;i&gt;Hamlet, revenge&lt;/i&gt;.&lt;/span&gt;</p0826-teimww:hasText>
    <p0826-teimww:hasTextHist knoraType="richtext_value">[...] and though this fiend be begotten of his fathers own blood, yet is he different from his nature, and were he not sure that jealousie could not make him a cuckold, he had long since published him for a bastard; - you shall know him by this, his heart steeled against charity; he walks for the most part in black under colour of gravity and looks as pale as the visard of the ghost which cried so miserally at the Theator like an oister wife, &lt;span class="quote"&gt;&lt;i&gt;Hamlet, revenge&lt;/i&gt;.&lt;/span&gt;</p0826-teimww:hasTextHist>
    <p0826-teimww:isMentionedIn>
      <p0826-teimww:passage knoraType="link_value" linkType="ref" target="ww_4acc93859676ed39"/>
    </p0826-teimww:isMentionedIn>
    <p0826-teimww:isMentionedIn>
      <p0826-teimww:passage knoraType="link_value" linkType="ref" target="ww_089e4e267b5ba837"/>
    </p0826-teimww:isMentionedIn>
    <p0826-teimww:isMentionedIn>
      <p0826-teimww:passage knoraType="link_value" linkType="ref" target="ww_379bb7689b7668cc"/>
    </p0826-teimww:isMentionedIn>
    <p0826-teimww:isMentionedIn>
      <p0826-teimww:passage knoraType="link_value" linkType="ref" target="ww_c5fa9181aefeba8a"/>
    </p0826-teimww:isMentionedIn>
    <p0826-teimww:isMentionedIn>
      <p0826-teimww:passage knoraType="link_value" linkType="ref" target="ww_579a8d61f55fd569"/>
    </p0826-teimww:isMentionedIn>
    <p0826-teimww:isMentionedIn>
      <p0826-teimww:passage knoraType="link_value" linkType="ref" target="ww_712ba39124c71302"/>
    </p0826-teimww:isMentionedIn>
    <p0826-teimww:isMentionedIn>
      <p0826-teimww:passage knoraType="link_value" linkType="ref" target="ww_78124a82399cc972"/>
    </p0826-teimww:isMentionedIn>
    <p0826-teimww:occursIn>
      <p0826-teimww:book knoraType="link_value" linkType="ref" target="ww_be9af191e6dc9863"/>
    </p0826-teimww:occursIn>
    <p0826-teimww:wasContributedBy>
      <p0826-teimww:person knoraType="link_value" linkType="ref" target="ww_c4063e9c72a3ffd2"/>
    </p0826-teimww:wasContributedBy>
  </p0826-teimww:passage>
  <p0826-teimww:passage id="ww_579a8d61f55fd569">
    <knoraXmlImport:label>passage</knoraXmlImport:label>
    <p0826-teimww:occursIn>
      <p0826-teimww:book knoraType="link_value" linkType="ref" target="ww_66c4283b87c123dd"/>
    </p0826-teimww:occursIn>
  </p0826-teimww:passage>
  <p0826-teimww:passage id="ww_712ba39124c71302">
    <knoraXmlImport:label>passage</knoraXmlImport:label>
    <p0826-teimww:occursIn>
      <p0826-teimww:book knoraType="link_value" linkType="ref" target="ww_d9c80276851682da"/>
    </p0826-teimww:occursIn>
  </p0826-teimww:passage>
  <p0826-teimww:passage id="ww_78124a82399cc972">
    <knoraXmlImport:label>passage</knoraXmlImport:label>
    <p0826-teimww:occursIn>
      <p0826-teimww:book knoraType="link_value" linkType="ref" target="ww_2f65899f08b5bb71"/>
    </p0826-teimww:occursIn>
  </p0826-teimww:passage>
  <p0826-teimww:passage id="ww_379bb7689b7668cc">
    <knoraXmlImport:label>passage</knoraXmlImport:label>
    <p0826-teimww:occursIn>
      <p0826-teimww:book knoraType="link_value" linkType="ref" target="ww_c85d746358e196e6"/>
    </p0826-teimww:occursIn>
  </p0826-teimww:passage>
  <p0826-teimww:passage id="ww_c5fa9181aefeba8a">
    <knoraXmlImport:label>passage</knoraXmlImport:label>
    <p0826-teimww:occursIn>
      <p0826-teimww:book knoraType="link_value" linkType="ref" target="ww_e14966f62e338b68"/>
    </p0826-teimww:occursIn>
  </p0826-teimww:passage>
  <p0826-teimww:passage id="ww_089e4e267b5ba837">
    <knoraXmlImport:label>passage</knoraXmlImport:label>
    <p0826-teimww:occursIn>
      <p0826-teimww:book knoraType="link_value" linkType="ref" target="ww_f3b3659c26b68006"/>
    </p0826-teimww:occursIn>
  </p0826-teimww:passage>
  <p0826-teimww:passage id="ww_4acc93859676ed39">
    <knoraXmlImport:label>passage</knoraXmlImport:label>
    <p0826-teimww:occursIn>
      <p0826-teimww:book knoraType="link_value" linkType="ref" target="ww_1140c36ab545b6d8"/>
    </p0826-teimww:occursIn>
  </p0826-teimww:passage>
  <p0826-teimww:passage id="ww_4a206ae6ed63e488">
    <knoraXmlImport:label>passage</knoraXmlImport:label>
    <p0826-teimww:contains>
      <p0826-teimww:lexia knoraType="link_value" linkType="ref" target="ww_1eea7f63b6f52a44"/>
    </p0826-teimww:contains>
    <p0826-teimww:hasPage knoraType="richtext_value">Act 4, scene 2, line 3.</p0826-teimww:hasPage>
    <p0826-teimww:hasText knoraType="richtext_value">[Holofernes:] The deer was, as you know, sanguis, in blood, ripe as the pomewater, who now &lt;span class="quote"&gt;hangeth like a jewel in the ear of caelo, the sky &lt;/span&gt;[...].</p0826-teimww:hasText>
    <p0826-teimww:isMentionedIn>
      <p0826-teimww:passage knoraType="link_value" linkType="ref" target="ww_7d9ce7ba9d460fcb"/>
    </p0826-teimww:isMentionedIn>
    <p0826-teimww:occursIn>
      <p0826-teimww:book knoraType="link_value" linkType="ref" target="ww_a8c8f9a292e6c950"/>
    </p0826-teimww:occursIn>
    <p0826-teimww:wasContributedBy>
      <p0826-teimww:person knoraType="link_value" linkType="ref" target="ww_7f35f6802efd910d"/>
    </p0826-teimww:wasContributedBy>
  </p0826-teimww:passage>
  <p0826-teimww:passage id="ww_468691bce3ef24de">
    <knoraXmlImport:label>passage</knoraXmlImport:label>
    <p0826-teimww:contains>
      <p0826-teimww:lexia knoraType="link_value" linkType="ref" target="ww_77f79ec0e4333b1b"/>
    </p0826-teimww:contains>
    <p0826-teimww:hasPage knoraType="richtext_value">Act 5, scene 7, line 14.</p0826-teimww:hasPage>
    <p0826-teimww:hasText knoraType="richtext_value">[Prince Henry:] I am the cygnet to this &lt;span class="quote"&gt;pale faint swan&lt;/span&gt;,&lt;br&gt;
Who chants a doleful hymn to his own death [...].</p0826-teimww:hasText>
    <p0826-teimww:isMentionedIn>
      <p0826-teimww:passage knoraType="link_value" linkType="ref" target="ww_58a67e667dc2c582"/>
    </p0826-teimww:isMentionedIn>
    <p0826-teimww:occursIn>
      <p0826-teimww:book knoraType="link_value" linkType="ref" target="ww_dbb95fa0c476e400"/>
    </p0826-teimww:occursIn>
    <p0826-teimww:wasContributedBy>
      <p0826-teimww:person knoraType="link_value" linkType="ref" target="ww_7f35f6802efd910d"/>
    </p0826-teimww:wasContributedBy>
  </p0826-teimww:passage>
  <p0826-teimww:passage id="ww_17c53266fe7860e3">
    <knoraXmlImport:label>passage</knoraXmlImport:label>
    <p0826-teimww:contains>
      <p0826-teimww:lexia knoraType="link_value" linkType="ref" target="ww_4153daff98f0c09d"/>
    </p0826-teimww:contains>
    <p0826-teimww:contains>
      <p0826-teimww:lexia knoraType="link_value" linkType="ref" target="ww_d09d0b6b821995b5"/>
    </p0826-teimww:contains>
    <p0826-teimww:hasPage knoraType="richtext_value">Act 2, scene 1, line 113-115.</p0826-teimww:hasPage>
    <p0826-teimww:hasText knoraType="richtext_value">[Pistol:] He woos both high and low, both rich and poor, &lt;br&gt;
Both young and old, one with another, Ford.&lt;br&gt;
He loves the &lt;span class="quote"&gt;gallimaufry&lt;/span&gt;. Ford, &lt;span class="quote"&gt;perpend&lt;/span&gt;.</p0826-teimww:hasText>
    <p0826-teimww:isMentionedIn>
      <p0826-teimww:passage knoraType="link_value" linkType="ref" target="ww_881d6b465189c8fb"/>
    </p0826-teimww:isMentionedIn>
    <p0826-teimww:occursIn>
      <p0826-teimww:book knoraType="link_value" linkType="ref" target="ww_5196ea0769532431"/>
    </p0826-teimww:occursIn>
    <p0826-teimww:wasContributedBy>
      <p0826-teimww:person knoraType="link_value" linkType="ref" target="ww_c4063e9c72a3ffd2"/>
    </p0826-teimww:wasContributedBy>
  </p0826-teimww:passage>
  <p0826-teimww:passage id="ww_881d6b465189c8fb">
    <knoraXmlImport:label>passage</knoraXmlImport:label>
    <p0826-teimww:occursIn>
      <p0826-teimww:book knoraType="link_value" linkType="ref" target="ww_3e15ab6c612eadae"/>
    </p0826-teimww:occursIn>
  </p0826-teimww:passage>
  <p0826-teimww:passage id="ww_71f7857f7a1add60">
    <knoraXmlImport:label>passage</knoraXmlImport:label>
    <p0826-teimww:contains>
      <p0826-teimww:lexia knoraType="link_value" linkType="ref" target="ww_94fbf6430f661138"/>
    </p0826-teimww:contains>
    <p0826-teimww:hasPage knoraType="richtext_value">Act 5, scene 4, lines 132-133.</p0826-teimww:hasPage>
    <p0826-teimww:hasText knoraType="richtext_value">[Prince:] Come, brother John. Full bravely hast thou fleshed &lt;br&gt;
Thy &lt;span class="quote"&gt;maiden sword.&lt;/span&gt;</p0826-teimww:hasText>
    <p0826-teimww:isMentionedIn>
      <p0826-teimww:passage knoraType="link_value" linkType="ref" target="ww_3f93b939cbe23dd9"/>
    </p0826-teimww:isMentionedIn>
    <p0826-teimww:occursIn>
      <p0826-teimww:book knoraType="link_value" linkType="ref" target="ww_56f51ee20f36f654"/>
    </p0826-teimww:occursIn>
    <p0826-teimww:wasContributedBy>
      <p0826-teimww:person knoraType="link_value" linkType="ref" target="ww_c4063e9c72a3ffd2"/>
    </p0826-teimww:wasContributedBy>
  </p0826-teimww:passage>
  <p0826-teimww:passage id="ww_3f93b939cbe23dd9">
    <knoraXmlImport:label>passage</knoraXmlImport:label>
    <p0826-teimww:occursIn>
      <p0826-teimww:book knoraType="link_value" linkType="ref" target="ww_1140c36ab545b6d8"/>
    </p0826-teimww:occursIn>
  </p0826-teimww:passage>
  <p0826-teimww:passage id="ww_bc3e10ed89350f6f">
    <knoraXmlImport:label>passage</knoraXmlImport:label>
    <p0826-teimww:contains>
      <p0826-teimww:lexia knoraType="link_value" linkType="ref" target="ww_16fe7c1f4984c257"/>
    </p0826-teimww:contains>
    <p0826-teimww:hasPage knoraType="richtext_value">Act 1, scene 3, lines 95-97.</p0826-teimww:hasPage>
    <p0826-teimww:hasText knoraType="richtext_value">[Hotspur:] Revolted Mortimer!	&lt;br&gt;
&lt;span class="quote"&gt;He never did fall off, &lt;/span&gt;my sovereign liege,&lt;br&gt;
But by the chance of war. </p0826-teimww:hasText>
    <p0826-teimww:isMentionedIn>
      <p0826-teimww:passage knoraType="link_value" linkType="ref" target="ww_d22f64eba956048e"/>
    </p0826-teimww:isMentionedIn>
    <p0826-teimww:occursIn>
      <p0826-teimww:book knoraType="link_value" linkType="ref" target="ww_56f51ee20f36f654"/>
    </p0826-teimww:occursIn>
    <p0826-teimww:wasContributedBy>
      <p0826-teimww:person knoraType="link_value" linkType="ref" target="ww_c4063e9c72a3ffd2"/>
    </p0826-teimww:wasContributedBy>
  </p0826-teimww:passage>
  <p0826-teimww:passage id="ww_d22f64eba956048e">
    <knoraXmlImport:label>passage</knoraXmlImport:label>
    <p0826-teimww:occursIn>
      <p0826-teimww:book knoraType="link_value" linkType="ref" target="ww_b3931845d54b98d5"/>
    </p0826-teimww:occursIn>
  </p0826-teimww:passage>
  <p0826-teimww:passage id="ww_20c8a27452c9da62">
    <knoraXmlImport:label>passage</knoraXmlImport:label>
    <p0826-teimww:contains>
      <p0826-teimww:lexia knoraType="link_value" linkType="ref" target="ww_f980d22566f52283"/>
    </p0826-teimww:contains>
    <p0826-teimww:hasPage knoraType="richtext_value">Act 5, scene 1, lines 130-142.</p0826-teimww:hasPage>
    <p0826-teimww:hasText knoraType="richtext_value">[Falstaff:] [...] Well, 'tis no matter. &lt;span class="quote"&gt;Honor pricks me on&lt;/span&gt;. Yea, but how if &lt;span class="quote"&gt;honor prick me off &lt;/span&gt;when I come on? How then? Can honor set to a leg? No. Or an arm? No. Or take away the grief of a wound? No. Honor hath no skill in surgery, then? No. What is honor? A word. What is in that word "honor"? What is that "honor"? Air. A trim reckoning. Who hath it? He that died o' Wednesday. Doth he feel it? No. Doth he hear it? No. 'Tis insensible, then? Yea, to the dead. But will it not live with the living? No. Why? Detraction will not suffer it. Therefore,
I'll none of it. Honor is a mere scutcheon. And so ends my catechism.</p0826-teimww:hasText>
    <p0826-teimww:isMentionedIn>
      <p0826-teimww:passage knoraType="link_value" linkType="ref" target="ww_38735606e922f043"/>
    </p0826-teimww:isMentionedIn>
    <p0826-teimww:isMentionedIn>
      <p0826-teimww:passage knoraType="link_value" linkType="ref" target="ww_97ed72055823854f"/>
    </p0826-teimww:isMentionedIn>
    <p0826-teimww:isMentionedIn>
      <p0826-teimww:passage knoraType="link_value" linkType="ref" target="ww_6862d38c9b58e339"/>
    </p0826-teimww:isMentionedIn>
    <p0826-teimww:occursIn>
      <p0826-teimww:book knoraType="link_value" linkType="ref" target="ww_56f51ee20f36f654"/>
    </p0826-teimww:occursIn>
    <p0826-teimww:wasContributedBy>
      <p0826-teimww:person knoraType="link_value" linkType="ref" target="ww_7f35f6802efd910d"/>
    </p0826-teimww:wasContributedBy>
  </p0826-teimww:passage>
  <p0826-teimww:passage id="ww_97ed72055823854f">
    <knoraXmlImport:label>passage</knoraXmlImport:label>
    <p0826-teimww:occursIn>
      <p0826-teimww:book knoraType="link_value" linkType="ref" target="ww_b5ea9b35c899d367"/>
    </p0826-teimww:occursIn>
  </p0826-teimww:passage>
  <p0826-teimww:passage id="ww_6862d38c9b58e339">
    <knoraXmlImport:label>passage</knoraXmlImport:label>
    <p0826-teimww:occursIn>
      <p0826-teimww:book knoraType="link_value" linkType="ref" target="ww_08a130e81db8a98f"/>
    </p0826-teimww:occursIn>
  </p0826-teimww:passage>
  <p0826-teimww:passage id="ww_38735606e922f043">
    <knoraXmlImport:label>passage</knoraXmlImport:label>
    <p0826-teimww:occursIn>
      <p0826-teimww:book knoraType="link_value" linkType="ref" target="ww_5868d5560bdfc062"/>
    </p0826-teimww:occursIn>
  </p0826-teimww:passage>
  <p0826-teimww:passage id="ww_a79a85fce6ea5d5a">
    <knoraXmlImport:label>passage</knoraXmlImport:label>
    <p0826-teimww:contains>
      <p0826-teimww:lexia knoraType="link_value" linkType="ref" target="ww_a310d044de3a362c"/>
    </p0826-teimww:contains>
    <p0826-teimww:contains>
      <p0826-teimww:lexia knoraType="link_value" linkType="ref" target="ww_1a5772a28f937579"/>
    </p0826-teimww:contains>
    <p0826-teimww:hasPage knoraType="richtext_value">Act 2, scene 4, line 180.</p0826-teimww:hasPage>
    <p0826-teimww:hasText knoraType="richtext_value">[Pistol:]&lt;span class="quote"&gt; Then feed and be fat, my fair Calipolis.&lt;/span&gt;</p0826-teimww:hasText>
    <p0826-teimww:isMentionedIn>
      <p0826-teimww:passage knoraType="link_value" linkType="ref" target="ww_762c60d9ee2511e6"/>
    </p0826-teimww:isMentionedIn>
    <p0826-teimww:occursIn>
      <p0826-teimww:book knoraType="link_value" linkType="ref" target="ww_663bc260dc952b96"/>
    </p0826-teimww:occursIn>
    <p0826-teimww:wasContributedBy>
      <p0826-teimww:person knoraType="link_value" linkType="ref" target="ww_7f35f6802efd910d"/>
    </p0826-teimww:wasContributedBy>
  </p0826-teimww:passage>
  <p0826-teimww:passage id="ww_762c60d9ee2511e6">
    <knoraXmlImport:label>passage</knoraXmlImport:label>
    <p0826-teimww:occursIn>
      <p0826-teimww:book knoraType="link_value" linkType="ref" target="ww_1b231152ba6c63ce"/>
    </p0826-teimww:occursIn>
  </p0826-teimww:passage>
  <p0826-teimww:passage id="ww_18ce2881a12e774f">
    <knoraXmlImport:label>passage</knoraXmlImport:label>
    <p0826-teimww:contains>
      <p0826-teimww:lexia knoraType="link_value" linkType="ref" target="ww_68c9376022778fef"/>
    </p0826-teimww:contains>
    <p0826-teimww:hasPage knoraType="richtext_value">281 [normalised spelling].</p0826-teimww:hasPage>
    <p0826-teimww:hasPageHist knoraType="richtext_value">281.</p0826-teimww:hasPageHist>
    <p0826-teimww:hasText knoraType="richtext_value">&lt;i&gt;Michael Drayton (quem toties honoris &amp; amoris causa nomino)&lt;/i&gt; among scholars, soldiers, Poets, and all sorts of people, is held for a man of virtuous disposition, honest conversation, and well governed carriage, which is almost miraculous among good wits in these declining and corrupt times, when there is &lt;span class="quote"&gt;nothing but roguery&lt;/span&gt; in villainous man, &amp; when cheating and craftiness is counted the clearest wit, and fondest wisdom.</p0826-teimww:hasText>
    <p0826-teimww:hasTextHist knoraType="richtext_value">&lt;i&gt;Michael Drayton (quem toties honoris &amp; amoris causa nomino)&lt;/i&gt; among schollers, souldiours, Poets, and all sorts of people, is helde for a man of vertuous disposition, honest conversation, and wel governed cariage, which is almost miraculous among good wits in these declining and corrupt times, when there is nothing but rogery in villanous man, &amp; when cheating and craftines is counted the clearest wit, and foundest wisedome.</p0826-teimww:hasTextHist>
    <p0826-teimww:isMentionedIn>
      <p0826-teimww:passage knoraType="link_value" linkType="ref" target="ww_1129c36da4cc0b3f"/>
    </p0826-teimww:isMentionedIn>
    <p0826-teimww:occursIn>
      <p0826-teimww:book knoraType="link_value" linkType="ref" target="ww_9cfbf2557c0bd6a1"/>
    </p0826-teimww:occursIn>
    <p0826-teimww:wasContributedBy>
      <p0826-teimww:person knoraType="link_value" linkType="ref" target="ww_6202c1bb6957c9cc"/>
    </p0826-teimww:wasContributedBy>
  </p0826-teimww:passage>
  <p0826-teimww:passage id="ww_1129c36da4cc0b3f">
    <knoraXmlImport:label>passage</knoraXmlImport:label>
    <p0826-teimww:occursIn>
      <p0826-teimww:book knoraType="link_value" linkType="ref" target="ww_1140c36ab545b6d8"/>
    </p0826-teimww:occursIn>
  </p0826-teimww:passage>
  <p0826-teimww:passage id="ww_355e5bee2b26a3a1">
    <knoraXmlImport:label>passage</knoraXmlImport:label>
    <p0826-teimww:contains>
      <p0826-teimww:lexia knoraType="link_value" linkType="ref" target="ww_ead79af7c765d93c"/>
    </p0826-teimww:contains>
    <p0826-teimww:hasPage knoraType="richtext_value">F1 verso; book 2, satire 7 "A Cynicke Satyre" [normalized spelling].</p0826-teimww:hasPage>
    <p0826-teimww:hasPageHist knoraType="richtext_value">F1 verso.; book 2, satire 7 "A Cynicke Satyre".</p0826-teimww:hasPageHist>
    <p0826-teimww:hasText knoraType="richtext_value">&lt;span class="quote"&gt;&lt;i&gt;A man, a man, a kingdom for a man! &lt;/i&gt;&lt;br&gt;&lt;/span&gt;
Why, how now, currish, mad &lt;i&gt; Athenian? &lt;/i&gt; &lt;br&gt;
Thou cynic dog, see'st not streets do swarm &lt;br&gt;
With troops of men?</p0826-teimww:hasText>
    <p0826-teimww:hasTextHist knoraType="richtext_value">&lt;i&gt;A man, a man, a kingdome for a man, &lt;/i&gt;! &lt;br&gt;
Why, how now, currish, mad &lt;i&gt; Athenian? &lt;/i&gt; &lt;br&gt;
Thou Cynick dogge, see'st not streets do swarme &lt;br&gt;
With troupes of men?</p0826-teimww:hasTextHist>
    <p0826-teimww:isMentionedIn>
      <p0826-teimww:passage knoraType="link_value" linkType="ref" target="ww_1917bbb9bfb58752"/>
    </p0826-teimww:isMentionedIn>
    <p0826-teimww:occursIn>
      <p0826-teimww:book knoraType="link_value" linkType="ref" target="ww_32fdd8378826e2d8"/>
    </p0826-teimww:occursIn>
    <p0826-teimww:wasContributedBy>
      <p0826-teimww:person knoraType="link_value" linkType="ref" target="ww_6202c1bb6957c9cc"/>
    </p0826-teimww:wasContributedBy>
  </p0826-teimww:passage>
  <p0826-teimww:passage id="ww_1917bbb9bfb58752">
    <knoraXmlImport:label>passage</knoraXmlImport:label>
    <p0826-teimww:occursIn>
      <p0826-teimww:book knoraType="link_value" linkType="ref" target="ww_1140c36ab545b6d8"/>
    </p0826-teimww:occursIn>
  </p0826-teimww:passage>
  <p0826-teimww:passage id="ww_8c5f344682416836">
    <knoraXmlImport:label>passage</knoraXmlImport:label>
    <p0826-teimww:occursIn>
      <p0826-teimww:book knoraType="link_value" linkType="ref" target="ww_b3931845d54b98d5"/>
    </p0826-teimww:occursIn>
  </p0826-teimww:passage>
  <p0826-teimww:passage id="ww_d9b797bc5c8b5429">
    <knoraXmlImport:label>passage</knoraXmlImport:label>
    <p0826-teimww:contains>
      <p0826-teimww:lexia knoraType="link_value" linkType="ref" target="ww_facfd2bcd9ffc87d"/>
    </p0826-teimww:contains>
    <p0826-teimww:hasPage knoraType="richtext_value">Act 2, scene 1, line 259.</p0826-teimww:hasPage>
    <p0826-teimww:hasText knoraType="richtext_value">[Benedick:] I will fetch you a &lt;span class="quote"&gt;toothpicker&lt;/span&gt; now from the
furthest inch of Asia [...].</p0826-teimww:hasText>
    <p0826-teimww:isMentionedIn>
      <p0826-teimww:passage knoraType="link_value" linkType="ref" target="ww_7d9ce7ba9d460fcb"/>
    </p0826-teimww:isMentionedIn>
    <p0826-teimww:occursIn>
      <p0826-teimww:book knoraType="link_value" linkType="ref" target="ww_a8549c12c9507c4b"/>
    </p0826-teimww:occursIn>
    <p0826-teimww:wasContributedBy>
      <p0826-teimww:person knoraType="link_value" linkType="ref" target="ww_7f35f6802efd910d"/>
    </p0826-teimww:wasContributedBy>
  </p0826-teimww:passage>
  <p0826-teimww:passage id="ww_24335e4f961f086e">
    <knoraXmlImport:label>passage</knoraXmlImport:label>
    <p0826-teimww:contains>
      <p0826-teimww:lexia knoraType="link_value" linkType="ref" target="ww_174407c78089166e"/>
    </p0826-teimww:contains>
    <p0826-teimww:hasPage knoraType="richtext_value">Act 5, scene 3, lines 24-28.</p0826-teimww:hasPage>
    <p0826-teimww:hasText knoraType="richtext_value">[Prince:] Good morrow, masters. Put your torches out. &lt;br&gt;
The wolves have preyed, and look, the gentle day &lt;br&gt;
Before the &lt;span class="quote"&gt;wheels of Phoebus&lt;/span&gt;, round about &lt;br&gt;
Dapples the drowsy east with spots of gray.&lt;br&gt;
Thanks to you all, and leave us. Fare you well.</p0826-teimww:hasText>
    <p0826-teimww:isMentionedIn>
      <p0826-teimww:passage knoraType="link_value" linkType="ref" target="ww_2030ec46b0c7d638"/>
    </p0826-teimww:isMentionedIn>
    <p0826-teimww:occursIn>
      <p0826-teimww:book knoraType="link_value" linkType="ref" target="ww_a8549c12c9507c4b"/>
    </p0826-teimww:occursIn>
    <p0826-teimww:wasContributedBy>
      <p0826-teimww:person knoraType="link_value" linkType="ref" target="ww_c4063e9c72a3ffd2"/>
    </p0826-teimww:wasContributedBy>
  </p0826-teimww:passage>
  <p0826-teimww:passage id="ww_2030ec46b0c7d638">
    <knoraXmlImport:label>passage</knoraXmlImport:label>
    <p0826-teimww:occursIn>
      <p0826-teimww:book knoraType="link_value" linkType="ref" target="ww_1140c36ab545b6d8"/>
    </p0826-teimww:occursIn>
  </p0826-teimww:passage>
  <p0826-teimww:passage id="ww_08a4eb56100bf523">
    <knoraXmlImport:label>passage</knoraXmlImport:label>
    <p0826-teimww:occursIn>
      <p0826-teimww:book knoraType="link_value" linkType="ref" target="ww_3e15ab6c612eadae"/>
    </p0826-teimww:occursIn>
  </p0826-teimww:passage>
  <p0826-teimww:passage id="ww_7d47c349249bcc73">
    <knoraXmlImport:label>passage</knoraXmlImport:label>
    <p0826-teimww:contains>
      <p0826-teimww:lexia knoraType="link_value" linkType="ref" target="ww_afd806b4bb5931a4"/>
    </p0826-teimww:contains>
    <p0826-teimww:hasPage knoraType="richtext_value">N.p.; act 5, scene 1, line 9 [normalised spelling].</p0826-teimww:hasPage>
    <p0826-teimww:hasPageHist knoraType="richtext_value">N.p.; act 5, scene 1, line 9.</p0826-teimww:hasPageHist>
    <p0826-teimww:hasText knoraType="richtext_value">[Puntarvolo:] [...] Here comes one that will &lt;span class="quote"&gt;carry coals&lt;/span&gt;; ergo, will hold my dog [...].</p0826-teimww:hasText>
    <p0826-teimww:hasTextHist knoraType="richtext_value">[Puntarvolo:] [...] Here comes one that wil carrie coales, ergo, will hold my dogge [...].</p0826-teimww:hasTextHist>
    <p0826-teimww:isMentionedIn>
      <p0826-teimww:passage knoraType="link_value" linkType="ref" target="ww_2c173669f87e9fa6"/>
    </p0826-teimww:isMentionedIn>
    <p0826-teimww:occursIn>
      <p0826-teimww:book knoraType="link_value" linkType="ref" target="ww_30e430b5304e3a2a"/>
    </p0826-teimww:occursIn>
    <p0826-teimww:wasContributedBy>
      <p0826-teimww:person knoraType="link_value" linkType="ref" target="ww_c4063e9c72a3ffd2"/>
    </p0826-teimww:wasContributedBy>
  </p0826-teimww:passage>
  <p0826-teimww:passage id="ww_2c173669f87e9fa6">
    <knoraXmlImport:label>passage</knoraXmlImport:label>
    <p0826-teimww:occursIn>
      <p0826-teimww:book knoraType="link_value" linkType="ref" target="ww_3e15ab6c612eadae"/>
    </p0826-teimww:occursIn>
  </p0826-teimww:passage>
  <p0826-teimww:passage id="ww_6d0fc8de268a073c">
    <knoraXmlImport:label>passage</knoraXmlImport:label>
    <p0826-teimww:contains>
      <p0826-teimww:lexia knoraType="link_value" linkType="ref" target="ww_afd806b4bb5931a4"/>
    </p0826-teimww:contains>
    <p0826-teimww:hasPage knoraType="richtext_value">Act 3, scene 2, lines 46-48.</p0826-teimww:hasPage>
    <p0826-teimww:hasText knoraType="richtext_value">[Boy:] [...] Nym and Bardolph are sworn brothers in filching,
and in Calais they stole a fire shovel. I knew by that
piece of service the men would &lt;span class="quote"&gt;carry coals.&lt;/span&gt;</p0826-teimww:hasText>
    <p0826-teimww:isMentionedIn>
      <p0826-teimww:passage knoraType="link_value" linkType="ref" target="ww_4905723bb4b49499"/>
    </p0826-teimww:isMentionedIn>
    <p0826-teimww:occursIn>
      <p0826-teimww:book knoraType="link_value" linkType="ref" target="ww_0c928f9e751dabbf"/>
    </p0826-teimww:occursIn>
    <p0826-teimww:wasContributedBy>
      <p0826-teimww:person knoraType="link_value" linkType="ref" target="ww_c4063e9c72a3ffd2"/>
    </p0826-teimww:wasContributedBy>
  </p0826-teimww:passage>
  <p0826-teimww:passage id="ww_4905723bb4b49499">
    <knoraXmlImport:label>passage</knoraXmlImport:label>
    <p0826-teimww:occursIn>
      <p0826-teimww:book knoraType="link_value" linkType="ref" target="ww_3e15ab6c612eadae"/>
    </p0826-teimww:occursIn>
  </p0826-teimww:passage>
  <p0826-teimww:passage id="ww_51917b1631bfdcf6">
    <knoraXmlImport:label>passage</knoraXmlImport:label>
    <p0826-teimww:contains>
      <p0826-teimww:lexia knoraType="link_value" linkType="ref" target="ww_d00727f711fa5c58"/>
    </p0826-teimww:contains>
    <p0826-teimww:hasPage knoraType="richtext_value">N.p.; 2nd chorus in the 2nd half. [spelling normalized].</p0826-teimww:hasPage>
    <p0826-teimww:hasPageHist knoraType="richtext_value">N.p.; 2nd chorus in the 2nd half.</p0826-teimww:hasPageHist>
    <p0826-teimww:hasText knoraType="richtext_value">[Chorus:] Gentles, if ere you have beheld the passions, &lt;br/&gt;
The combats of his soul who being a king, &lt;br/&gt;
By some usurping hand hath been deposed &lt;br/&gt;
From all his royalties: even such a soul, &lt;br/&gt;
Such eyes, such heart swollen big with sighs and tears, &lt;br/&gt; 
&lt;span class="quote"&gt;The star-crossed sun of Fortunatus wears&lt;/span&gt;.</p0826-teimww:hasText>
    <p0826-teimww:hasTextHist knoraType="richtext_value">[Chorus:] Gentels, if ere you haue beheld the passions, &lt;br/&gt;
The combats of his soule who being a king, &lt;br/&gt;
By some vsurping hand hath beene deposde &lt;br/&gt;
From all his royalties: euen such a soule, &lt;br/&gt;
Such eyes, such heart swolne big with sighes and teares, &lt;br/&gt; 
The star-crost sonne of Fortunatus weares.</p0826-teimww:hasTextHist>
    <p0826-teimww:isMentionedIn>
      <p0826-teimww:passage knoraType="link_value" linkType="ref" target="ww_0540abbd50a79d68"/>
    </p0826-teimww:isMentionedIn>
    <p0826-teimww:occursIn>
      <p0826-teimww:book knoraType="link_value" linkType="ref" target="ww_4a0afee9ece50ddb"/>
    </p0826-teimww:occursIn>
    <p0826-teimww:wasContributedBy>
      <p0826-teimww:person knoraType="link_value" linkType="ref" target="ww_b604df587d93b768"/>
    </p0826-teimww:wasContributedBy>
  </p0826-teimww:passage>
  <p0826-teimww:passage id="ww_eedaef49d09d28fb">
    <knoraXmlImport:label>passage</knoraXmlImport:label>
    <p0826-teimww:contains>
      <p0826-teimww:lexia knoraType="link_value" linkType="ref" target="ww_be31264d799edb98"/>
    </p0826-teimww:contains>
    <p0826-teimww:hasPage knoraType="richtext_value">Act 4, chorus, lines 53-54.</p0826-teimww:hasPage>
    <p0826-teimww:hasText knoraType="richtext_value">[Chorus:][...] &lt;span class="quote"&gt;Yet sit and see&lt;/span&gt;,&lt;br&gt;
Minding true things by what their mock'ries be.</p0826-teimww:hasText>
    <p0826-teimww:isMentionedIn>
      <p0826-teimww:passage knoraType="link_value" linkType="ref" target="ww_dae0f70ab4515b3c"/>
    </p0826-teimww:isMentionedIn>
    <p0826-teimww:occursIn>
      <p0826-teimww:book knoraType="link_value" linkType="ref" target="ww_0c928f9e751dabbf"/>
    </p0826-teimww:occursIn>
    <p0826-teimww:wasContributedBy>
      <p0826-teimww:person knoraType="link_value" linkType="ref" target="ww_7f35f6802efd910d"/>
    </p0826-teimww:wasContributedBy>
  </p0826-teimww:passage>
  <p0826-teimww:passage id="ww_e50a87aaacdc1b02">
    <knoraXmlImport:label>passage</knoraXmlImport:label>
    <p0826-teimww:contains>
      <p0826-teimww:lexia knoraType="link_value" linkType="ref" target="ww_7084f7ba168a6caf"/>
    </p0826-teimww:contains>
    <p0826-teimww:hasPage knoraType="richtext_value">Act</p0826-teimww:hasPage>
    <p0826-teimww:hasText knoraType="richtext_value">[Chorus:] Leashed in like hounds, should&lt;span class="quote"&gt; famine, sword, and
fire&lt;/span&gt; &lt;br&gt;
Crouch for employment.</p0826-teimww:hasText>
    <p0826-teimww:isMentionedIn>
      <p0826-teimww:passage knoraType="link_value" linkType="ref" target="ww_f6f12fdc46aa6c92"/>
    </p0826-teimww:isMentionedIn>
    <p0826-teimww:occursIn>
      <p0826-teimww:book knoraType="link_value" linkType="ref" target="ww_0c928f9e751dabbf"/>
    </p0826-teimww:occursIn>
    <p0826-teimww:wasContributedBy>
      <p0826-teimww:person knoraType="link_value" linkType="ref" target="ww_7f35f6802efd910d"/>
    </p0826-teimww:wasContributedBy>
  </p0826-teimww:passage>
  <p0826-teimww:passage id="ww_0ca1d67621775019">
    <knoraXmlImport:label>passage</knoraXmlImport:label>
    <p0826-teimww:contains>
      <p0826-teimww:lexia knoraType="link_value" linkType="ref" target="ww_4153daff98f0c09d"/>
    </p0826-teimww:contains>
    <p0826-teimww:hasPage knoraType="richtext_value">Act 3, scene 2, lines 64-68.</p0826-teimww:hasPage>
    <p0826-teimww:hasText knoraType="richtext_value">[Touchstone:] Most shallow man. Thou worms' meat in respect of a good piece of flesh, indeed. Learn of the wise and &lt;span class="quote"&gt;perpend: &lt;/span&gt;civet is of a baser birth than tar, the very uncleanly flux of a cat. Mend the instance, shepherd.</p0826-teimww:hasText>
    <p0826-teimww:isMentionedIn>
      <p0826-teimww:passage knoraType="link_value" linkType="ref" target="ww_98ba703eb7a93db0"/>
    </p0826-teimww:isMentionedIn>
    <p0826-teimww:occursIn>
      <p0826-teimww:book knoraType="link_value" linkType="ref" target="ww_5c3ae833a8aaf03d"/>
    </p0826-teimww:occursIn>
    <p0826-teimww:wasContributedBy>
      <p0826-teimww:person knoraType="link_value" linkType="ref" target="ww_c4063e9c72a3ffd2"/>
    </p0826-teimww:wasContributedBy>
  </p0826-teimww:passage>
  <p0826-teimww:passage id="ww_98ba703eb7a93db0">
    <knoraXmlImport:label>passage</knoraXmlImport:label>
    <p0826-teimww:occursIn>
      <p0826-teimww:book knoraType="link_value" linkType="ref" target="ww_3e15ab6c612eadae"/>
    </p0826-teimww:occursIn>
  </p0826-teimww:passage>
  <p0826-teimww:passage id="ww_2b9bc93ca415969b">
    <knoraXmlImport:label>passage</knoraXmlImport:label>
    <p0826-teimww:contains>
      <p0826-teimww:lexia knoraType="link_value" linkType="ref" target="ww_788229a6a501cb05"/>
    </p0826-teimww:contains>
    <p0826-teimww:hasPage knoraType="richtext_value">Act 1, scene 5, lines 81-86.</p0826-teimww:hasPage>
    <p0826-teimww:hasText knoraType="richtext_value">[Ghost:] [...] Thus was I, sleeping, by a brother's hand&lt;br&gt;
Of life, of crown, of queen at once dispatched,&lt;br&gt;
Cut off, even in the blossoms of my sin,&lt;br&gt;
&lt;span class="quote"&gt;Unhouseled, disappointed, unaneled,&lt;/span&gt;&lt;br&gt;
No reck'ning made, but sent to my account&lt;br&gt;
With all my imperfections on my head. </p0826-teimww:hasText>
    <p0826-teimww:occursIn>
      <p0826-teimww:book knoraType="link_value" linkType="ref" target="ww_5cb4c35da9f3b9dd"/>
    </p0826-teimww:occursIn>
    <p0826-teimww:wasContributedBy>
      <p0826-teimww:person knoraType="link_value" linkType="ref" target="ww_c4063e9c72a3ffd2"/>
    </p0826-teimww:wasContributedBy>
  </p0826-teimww:passage>
  <p0826-teimww:passage id="ww_942847d07a2b042b">
    <knoraXmlImport:label>passage</knoraXmlImport:label>
    <p0826-teimww:contains>
      <p0826-teimww:lexia knoraType="link_value" linkType="ref" target="ww_fd7eb9bb811ecb56"/>
    </p0826-teimww:contains>
    <p0826-teimww:hasText knoraType="richtext_value">[King:] [...] O, my offense is rank, it smells to heaven; &lt;br&gt;
It hath the primal eldest curse upon 't, &lt;br&gt;
&lt;span class="quote"&gt;A brother’s murder. &lt;/span&gt;</p0826-teimww:hasText>
    <p0826-teimww:isMentionedIn>
      <p0826-teimww:passage knoraType="link_value" linkType="ref" target="ww_bb2011ac75bab88d"/>
    </p0826-teimww:isMentionedIn>
    <p0826-teimww:isMentionedIn>
      <p0826-teimww:passage knoraType="link_value" linkType="ref" target="ww_ab9fd66852217727"/>
    </p0826-teimww:isMentionedIn>
    <p0826-teimww:isMentionedIn>
      <p0826-teimww:passage knoraType="link_value" linkType="ref" target="ww_c745230b905f5022"/>
    </p0826-teimww:isMentionedIn>
    <p0826-teimww:occursIn>
      <p0826-teimww:book knoraType="link_value" linkType="ref" target="ww_5cb4c35da9f3b9dd"/>
    </p0826-teimww:occursIn>
    <p0826-teimww:wasContributedBy>
      <p0826-teimww:person knoraType="link_value" linkType="ref" target="ww_c4063e9c72a3ffd2"/>
    </p0826-teimww:wasContributedBy>
  </p0826-teimww:passage>
  <p0826-teimww:passage id="ww_ab9fd66852217727">
    <knoraXmlImport:label>passage</knoraXmlImport:label>
    <p0826-teimww:occursIn>
      <p0826-teimww:book knoraType="link_value" linkType="ref" target="ww_2f65899f08b5bb71"/>
    </p0826-teimww:occursIn>
  </p0826-teimww:passage>
  <p0826-teimww:passage id="ww_bb2011ac75bab88d">
    <knoraXmlImport:label>passage</knoraXmlImport:label>
    <p0826-teimww:occursIn>
      <p0826-teimww:book knoraType="link_value" linkType="ref" target="ww_15dba62495527dd5"/>
    </p0826-teimww:occursIn>
  </p0826-teimww:passage>
  <p0826-teimww:passage id="ww_c745230b905f5022">
    <knoraXmlImport:label>passage</knoraXmlImport:label>
    <p0826-teimww:occursIn>
      <p0826-teimww:book knoraType="link_value" linkType="ref" target="ww_6a0b1e5914da6bee"/>
    </p0826-teimww:occursIn>
  </p0826-teimww:passage>
  <p0826-teimww:passage id="ww_a88d9c4f60a55180">
    <knoraXmlImport:label>passage</knoraXmlImport:label>
    <p0826-teimww:contains>
      <p0826-teimww:lexia knoraType="link_value" linkType="ref" target="ww_901c0b3007f36bba"/>
    </p0826-teimww:contains>
    <p0826-teimww:hasPage knoraType="richtext_value">Act 3, scene 2, lines 409-412.</p0826-teimww:hasPage>
    <p0826-teimww:hasText knoraType="richtext_value">[Hamlet:] Methinks it is like a weasel.&lt;br&gt;
[Polonius:] It is backed like a weasel.&lt;br&gt;
[Hamlet:] Or like a whale.&lt;br&gt;
[Polonius:] Very like a whale.</p0826-teimww:hasText>
    <p0826-teimww:occursIn>
      <p0826-teimww:book knoraType="link_value" linkType="ref" target="ww_5cb4c35da9f3b9dd"/>
    </p0826-teimww:occursIn>
    <p0826-teimww:wasContributedBy>
      <p0826-teimww:person knoraType="link_value" linkType="ref" target="ww_c4063e9c72a3ffd2"/>
    </p0826-teimww:wasContributedBy>
  </p0826-teimww:passage>
  <p0826-teimww:passage id="ww_7b4df852f5042e46">
    <knoraXmlImport:label>passage</knoraXmlImport:label>
    <p0826-teimww:contains>
      <p0826-teimww:lexia knoraType="link_value" linkType="ref" target="ww_afd806b4bb5931a4"/>
    </p0826-teimww:contains>
    <p0826-teimww:hasPage knoraType="richtext_value">116 [normalized spelling].</p0826-teimww:hasPage>
    <p0826-teimww:hasPageHist knoraType="richtext_value">116.</p0826-teimww:hasPageHist>
    <p0826-teimww:hasText knoraType="richtext_value">[Balurdo:] [...] I were as he,&lt;span class="quote"&gt; I would bear no coals&lt;/span&gt;, law I, I begin to swell, puff.</p0826-teimww:hasText>
    <p0826-teimww:hasTextHist knoraType="richtext_value">[Balurdo:] [...] I were as he, I would beare no coles, lawe I, I begin to swell, puffe.</p0826-teimww:hasTextHist>
    <p0826-teimww:occursIn>
      <p0826-teimww:book knoraType="link_value" linkType="ref" target="ww_436db7d05fb0f0f6"/>
    </p0826-teimww:occursIn>
    <p0826-teimww:wasContributedBy>
      <p0826-teimww:person knoraType="link_value" linkType="ref" target="ww_c4063e9c72a3ffd2"/>
    </p0826-teimww:wasContributedBy>
  </p0826-teimww:passage>
  <p0826-teimww:passage id="ww_76e4ed60c4b56e9a">
    <knoraXmlImport:label>passage</knoraXmlImport:label>
    <p0826-teimww:contains>
      <p0826-teimww:lexia knoraType="link_value" linkType="ref" target="ww_79763fb3585a96fc"/>
    </p0826-teimww:contains>
    <p0826-teimww:hasText knoraType="richtext_value">&lt;span class="quote"&gt;Ophelia&lt;/span&gt;</p0826-teimww:hasText>
    <p0826-teimww:isMentionedIn>
      <p0826-teimww:passage knoraType="link_value" linkType="ref" target="ww_772a1da1070c0a2e"/>
    </p0826-teimww:isMentionedIn>
    <p0826-teimww:occursIn>
      <p0826-teimww:book knoraType="link_value" linkType="ref" target="ww_5cb4c35da9f3b9dd"/>
    </p0826-teimww:occursIn>
    <p0826-teimww:wasContributedBy>
      <p0826-teimww:person knoraType="link_value" linkType="ref" target="ww_c4063e9c72a3ffd2"/>
    </p0826-teimww:wasContributedBy>
  </p0826-teimww:passage>
  <p0826-teimww:passage id="ww_772a1da1070c0a2e">
    <knoraXmlImport:label>passage</knoraXmlImport:label>
    <p0826-teimww:occursIn>
      <p0826-teimww:book knoraType="link_value" linkType="ref" target="ww_55bc1a3b04bf8a8d"/>
    </p0826-teimww:occursIn>
  </p0826-teimww:passage>
  <p0826-teimww:passage id="ww_dafb7c4d15e179a8">
    <knoraXmlImport:label>passage</knoraXmlImport:label>
    <p0826-teimww:contains>
      <p0826-teimww:lexia knoraType="link_value" linkType="ref" target="ww_36c1f856367d2666"/>
    </p0826-teimww:contains>
    <p0826-teimww:contains>
      <p0826-teimww:lexia knoraType="link_value" linkType="ref" target="ww_2909be79dac02496"/>
    </p0826-teimww:contains>
    <p0826-teimww:hasPage knoraType="richtext_value">Act 3, scene 3, lines 102-103.</p0826-teimww:hasPage>
    <p0826-teimww:hasText knoraType="richtext_value">[King:] &lt;span class="quote"&gt;My words fly up, &lt;/span&gt;my thoughts remain below;&lt;br&gt;
&lt;span class="quote"&gt;Words without thoughts never to heaven go.&lt;/span&gt;</p0826-teimww:hasText>
    <p0826-teimww:isMentionedIn>
      <p0826-teimww:passage knoraType="link_value" linkType="ref" target="ww_2213389a671f081a"/>
    </p0826-teimww:isMentionedIn>
    <p0826-teimww:occursIn>
      <p0826-teimww:book knoraType="link_value" linkType="ref" target="ww_5cb4c35da9f3b9dd"/>
    </p0826-teimww:occursIn>
    <p0826-teimww:wasContributedBy>
      <p0826-teimww:person knoraType="link_value" linkType="ref" target="ww_c4063e9c72a3ffd2"/>
    </p0826-teimww:wasContributedBy>
  </p0826-teimww:passage>
  <p0826-teimww:passage id="ww_2213389a671f081a">
    <knoraXmlImport:label>passage</knoraXmlImport:label>
    <p0826-teimww:occursIn>
      <p0826-teimww:book knoraType="link_value" linkType="ref" target="ww_5603853ee308e6b5"/>
    </p0826-teimww:occursIn>
  </p0826-teimww:passage>
  <p0826-teimww:passage id="ww_34b4c5d2470cf3c0">
    <knoraXmlImport:label>passage</knoraXmlImport:label>
    <p0826-teimww:contains>
      <p0826-teimww:lexia knoraType="link_value" linkType="ref" target="ww_0e62766f333b9420"/>
    </p0826-teimww:contains>
    <p0826-teimww:hasPage knoraType="richtext_value">Act 2, scene 2, lines 420-421.</p0826-teimww:hasPage>
    <p0826-teimww:hasText knoraType="richtext_value">[Polonius:] The best actors in the world, either for &lt;span class="quote"&gt;tragedy, comedy, history, pastoral, pastoral-comical, historical-pastoral &lt;/span&gt;[...].</p0826-teimww:hasText>
    <p0826-teimww:isMentionedIn>
      <p0826-teimww:passage knoraType="link_value" linkType="ref" target="ww_15bcbdc0b2165ff2"/>
    </p0826-teimww:isMentionedIn>
    <p0826-teimww:isMentionedIn>
      <p0826-teimww:passage knoraType="link_value" linkType="ref" target="ww_70da3a1a62a5d0bc"/>
    </p0826-teimww:isMentionedIn>
    <p0826-teimww:occursIn>
      <p0826-teimww:book knoraType="link_value" linkType="ref" target="ww_5cb4c35da9f3b9dd"/>
    </p0826-teimww:occursIn>
    <p0826-teimww:wasContributedBy>
      <p0826-teimww:person knoraType="link_value" linkType="ref" target="ww_7f35f6802efd910d"/>
    </p0826-teimww:wasContributedBy>
  </p0826-teimww:passage>
  <p0826-teimww:passage id="ww_15bcbdc0b2165ff2">
    <knoraXmlImport:label>passage</knoraXmlImport:label>
    <p0826-teimww:occursIn>
      <p0826-teimww:book knoraType="link_value" linkType="ref" target="ww_91e0dc4c671938fa"/>
    </p0826-teimww:occursIn>
  </p0826-teimww:passage>
  <p0826-teimww:passage id="ww_98afc58a3ce3d2f8">
    <knoraXmlImport:label>passage</knoraXmlImport:label>
    <p0826-teimww:contains>
      <p0826-teimww:lexia knoraType="link_value" linkType="ref" target="ww_121f51dd1d4fa186"/>
    </p0826-teimww:contains>
    <p0826-teimww:contains>
      <p0826-teimww:lexia knoraType="link_value" linkType="ref" target="ww_72dd154a3c35c943"/>
    </p0826-teimww:contains>
    <p0826-teimww:contains>
      <p0826-teimww:lexia knoraType="link_value" linkType="ref" target="ww_30cb4378cd2d5901"/>
    </p0826-teimww:contains>
    <p0826-teimww:hasPage knoraType="richtext_value">Act 5, scene 1, lines 199-201.</p0826-teimww:hasPage>
    <p0826-teimww:hasText knoraType="richtext_value">[Hamlet:] [...] Now get you to my lady's chamber, and tell her, let her &lt;span class="quote"&gt;paint an inch thick&lt;/span&gt;, to &lt;span class="quote"&gt;this favor she must come&lt;/span&gt;. </p0826-teimww:hasText>
    <p0826-teimww:isMentionedIn>
      <p0826-teimww:passage knoraType="link_value" linkType="ref" target="ww_48586bf70a930c42"/>
    </p0826-teimww:isMentionedIn>
    <p0826-teimww:occursIn>
      <p0826-teimww:book knoraType="link_value" linkType="ref" target="ww_5cb4c35da9f3b9dd"/>
    </p0826-teimww:occursIn>
    <p0826-teimww:wasContributedBy>
      <p0826-teimww:person knoraType="link_value" linkType="ref" target="ww_c4063e9c72a3ffd2"/>
    </p0826-teimww:wasContributedBy>
  </p0826-teimww:passage>
  <p0826-teimww:passage id="ww_d59f63f9f64023bb">
    <knoraXmlImport:label>passage</knoraXmlImport:label>
    <p0826-teimww:contains>
      <p0826-teimww:lexia knoraType="link_value" linkType="ref" target="ww_ae65dea007d10d55"/>
    </p0826-teimww:contains>
    <p0826-teimww:contains>
      <p0826-teimww:lexia knoraType="link_value" linkType="ref" target="ww_b9aa40019fe291d4"/>
    </p0826-teimww:contains>
    <p0826-teimww:hasPage knoraType="richtext_value">71; act 1, scene 1 [normalized spelling].</p0826-teimww:hasPage>
    <p0826-teimww:hasPageHist knoraType="richtext_value">71; act 1, scene 1.</p0826-teimww:hasPageHist>
    <p0826-teimww:hasText knoraType="richtext_value">(Enter Piero, &lt;span class="quote"&gt;unbraced, &lt;/span&gt;his arms bare, smeared in &lt;span class="quote"&gt;blood, a poniard in one hand bloody, and a torch in the other, Strotzo following him with a cord&lt;/span&gt;</p0826-teimww:hasText>
    <p0826-teimww:hasTextHist knoraType="richtext_value">(Enter Piero, &lt;span class="quote"&gt;unbrac't, &lt;/span&gt;his armes bare, smeer'd in blood, a poniard in one hand bloodie, and a torch in the other, Strotzo following him with a cord)</p0826-teimww:hasTextHist>
    <p0826-teimww:isMentionedIn>
      <p0826-teimww:passage knoraType="link_value" linkType="ref" target="ww_2f6a8a1d144c829e"/>
    </p0826-teimww:isMentionedIn>
    <p0826-teimww:occursIn>
      <p0826-teimww:book knoraType="link_value" linkType="ref" target="ww_436db7d05fb0f0f6"/>
    </p0826-teimww:occursIn>
    <p0826-teimww:wasContributedBy>
      <p0826-teimww:person knoraType="link_value" linkType="ref" target="ww_c4063e9c72a3ffd2"/>
    </p0826-teimww:wasContributedBy>
  </p0826-teimww:passage>
  <p0826-teimww:passage id="ww_46690b10353c523e">
    <knoraXmlImport:label>passage</knoraXmlImport:label>
    <p0826-teimww:contains>
      <p0826-teimww:lexia knoraType="link_value" linkType="ref" target="ww_0721a437f220f5ab"/>
    </p0826-teimww:contains>
    <p0826-teimww:hasPage knoraType="richtext_value">Act 1, scene 5, line 204.</p0826-teimww:hasPage>
    <p0826-teimww:hasText knoraType="richtext_value">[Hamlet:] &lt;span class="quote"&gt;The time is out of joint.&lt;/span&gt;</p0826-teimww:hasText>
    <p0826-teimww:isMentionedIn>
      <p0826-teimww:passage knoraType="link_value" linkType="ref" target="ww_df8005940d70ba0a"/>
    </p0826-teimww:isMentionedIn>
    <p0826-teimww:isMentionedIn>
      <p0826-teimww:passage knoraType="link_value" linkType="ref" target="ww_b57461f48f6b417a"/>
    </p0826-teimww:isMentionedIn>
    <p0826-teimww:isMentionedIn>
      <p0826-teimww:passage knoraType="link_value" linkType="ref" target="ww_8d0549b4e1609400"/>
    </p0826-teimww:isMentionedIn>
    <p0826-teimww:occursIn>
      <p0826-teimww:book knoraType="link_value" linkType="ref" target="ww_5cb4c35da9f3b9dd"/>
    </p0826-teimww:occursIn>
    <p0826-teimww:wasContributedBy>
      <p0826-teimww:person knoraType="link_value" linkType="ref" target="ww_7f35f6802efd910d"/>
    </p0826-teimww:wasContributedBy>
  </p0826-teimww:passage>
  <p0826-teimww:passage id="ww_b57461f48f6b417a">
    <knoraXmlImport:label>passage</knoraXmlImport:label>
    <p0826-teimww:occursIn>
      <p0826-teimww:book knoraType="link_value" linkType="ref" target="ww_3f86f30540de15b8"/>
    </p0826-teimww:occursIn>
  </p0826-teimww:passage>
  <p0826-teimww:passage id="ww_8d0549b4e1609400">
    <knoraXmlImport:label>passage</knoraXmlImport:label>
    <p0826-teimww:occursIn>
      <p0826-teimww:book knoraType="link_value" linkType="ref" target="ww_c1ca40b688cca87f"/>
    </p0826-teimww:occursIn>
  </p0826-teimww:passage>
  <p0826-teimww:passage id="ww_91f86468127485de">
    <knoraXmlImport:label>passage</knoraXmlImport:label>
    <p0826-teimww:contains>
      <p0826-teimww:lexia knoraType="link_value" linkType="ref" target="ww_d069313ac5b94293"/>
    </p0826-teimww:contains>
    <p0826-teimww:hasPage knoraType="richtext_value">Act 2, scene 2, line 221.</p0826-teimww:hasPage>
    <p0826-teimww:hasText knoraType="richtext_value">[Polonius (aside):] &lt;span class="quote"&gt;Though this be madness, yet there is method in it. &lt;/span&gt;</p0826-teimww:hasText>
    <p0826-teimww:isMentionedIn>
      <p0826-teimww:passage knoraType="link_value" linkType="ref" target="ww_18a63d6a1bbfe94c"/>
    </p0826-teimww:isMentionedIn>
    <p0826-teimww:occursIn>
      <p0826-teimww:book knoraType="link_value" linkType="ref" target="ww_5cb4c35da9f3b9dd"/>
    </p0826-teimww:occursIn>
    <p0826-teimww:wasContributedBy>
      <p0826-teimww:person knoraType="link_value" linkType="ref" target="ww_7f35f6802efd910d"/>
    </p0826-teimww:wasContributedBy>
  </p0826-teimww:passage>
  <p0826-teimww:passage id="ww_407ef68d844bca79">
    <knoraXmlImport:label>passage</knoraXmlImport:label>
    <p0826-teimww:contains>
      <p0826-teimww:lexia knoraType="link_value" linkType="ref" target="ww_9c9021eb3bb19e87"/>
    </p0826-teimww:contains>
    <p0826-teimww:hasPage knoraType="richtext_value">Act 2, scene 2, lines 218-219.</p0826-teimww:hasPage>
    <p0826-teimww:hasText knoraType="richtext_value">[Hamlet:] I hold it not honesty to have it thus set down, for
yourself, sir, should be old as I am, if&lt;span class="quote"&gt; like a crab you could go backward&lt;/span&gt;.</p0826-teimww:hasText>
    <p0826-teimww:isMentionedIn>
      <p0826-teimww:passage knoraType="link_value" linkType="ref" target="ww_18a63d6a1bbfe94c"/>
    </p0826-teimww:isMentionedIn>
    <p0826-teimww:occursIn>
      <p0826-teimww:book knoraType="link_value" linkType="ref" target="ww_5cb4c35da9f3b9dd"/>
    </p0826-teimww:occursIn>
    <p0826-teimww:wasContributedBy>
      <p0826-teimww:person knoraType="link_value" linkType="ref" target="ww_7f35f6802efd910d"/>
    </p0826-teimww:wasContributedBy>
  </p0826-teimww:passage>
  <p0826-teimww:passage id="ww_5046917c7bc84b50">
    <knoraXmlImport:label>passage</knoraXmlImport:label>
    <p0826-teimww:contains>
      <p0826-teimww:lexia knoraType="link_value" linkType="ref" target="ww_331373f6652531c0"/>
    </p0826-teimww:contains>
    <p0826-teimww:hasPage knoraType="richtext_value">Act 1, scene 2, line 150.</p0826-teimww:hasPage>
    <p0826-teimww:hasText knoraType="richtext_value">[Hamlet:] [...]&lt;span class="quote"&gt; frailty, thy name is woman&lt;span class="quote"&gt;!</p0826-teimww:hasText>
    <p0826-teimww:isMentionedIn>
      <p0826-teimww:passage knoraType="link_value" linkType="ref" target="ww_21202a899d81c3ac"/>
    </p0826-teimww:isMentionedIn>
    <p0826-teimww:isMentionedIn>
      <p0826-teimww:passage knoraType="link_value" linkType="ref" target="ww_30e22d4e66f7b99d"/>
    </p0826-teimww:isMentionedIn>
    <p0826-teimww:occursIn>
      <p0826-teimww:book knoraType="link_value" linkType="ref" target="ww_5cb4c35da9f3b9dd"/>
    </p0826-teimww:occursIn>
    <p0826-teimww:wasContributedBy>
      <p0826-teimww:person knoraType="link_value" linkType="ref" target="ww_b604df587d93b768"/>
    </p0826-teimww:wasContributedBy>
  </p0826-teimww:passage>
  <p0826-teimww:passage id="ww_30e22d4e66f7b99d">
    <knoraXmlImport:label>passage</knoraXmlImport:label>
    <p0826-teimww:occursIn>
      <p0826-teimww:book knoraType="link_value" linkType="ref" target="ww_b3931845d54b98d5"/>
    </p0826-teimww:occursIn>
  </p0826-teimww:passage>
  <p0826-teimww:passage id="ww_21202a899d81c3ac">
    <knoraXmlImport:label>passage</knoraXmlImport:label>
    <p0826-teimww:occursIn>
      <p0826-teimww:book knoraType="link_value" linkType="ref" target="ww_4899784ecc7f3845"/>
    </p0826-teimww:occursIn>
  </p0826-teimww:passage>
  <p0826-teimww:passage id="ww_381565a003b71da4">
    <knoraXmlImport:label>passage</knoraXmlImport:label>
    <p0826-teimww:contains>
      <p0826-teimww:lexia knoraType="link_value" linkType="ref" target="ww_9b2dbababbd6684b"/>
    </p0826-teimww:contains>
    <p0826-teimww:hasPage knoraType="richtext_value">N.p.; Very last lines.</p0826-teimww:hasPage>
    <p0826-teimww:hasText knoraType="richtext_value">[Philip:] And for this &lt;span class="quote"&gt;Barbarous Moor&lt;/span&gt;, and his black train, &lt;br/&gt;
Let all the Moors be banished from Spain. </p0826-teimww:hasText>
    <p0826-teimww:isMentionedIn>
      <p0826-teimww:passage knoraType="link_value" linkType="ref" target="ww_632f520d9eb3f22d"/>
    </p0826-teimww:isMentionedIn>
    <p0826-teimww:occursIn>
      <p0826-teimww:book knoraType="link_value" linkType="ref" target="ww_940f28e35b0dd6d0"/>
    </p0826-teimww:occursIn>
    <p0826-teimww:wasContributedBy>
      <p0826-teimww:person knoraType="link_value" linkType="ref" target="ww_b604df587d93b768"/>
    </p0826-teimww:wasContributedBy>
  </p0826-teimww:passage>
  <p0826-teimww:passage id="ww_632f520d9eb3f22d">
    <knoraXmlImport:label>passage</knoraXmlImport:label>
    <p0826-teimww:occursIn>
      <p0826-teimww:book knoraType="link_value" linkType="ref" target="ww_3e15ab6c612eadae"/>
    </p0826-teimww:occursIn>
  </p0826-teimww:passage>
  <p0826-teimww:passage id="ww_bda9a317ec5e8f11">
    <knoraXmlImport:label>passage</knoraXmlImport:label>
    <p0826-teimww:contains>
      <p0826-teimww:lexia knoraType="link_value" linkType="ref" target="ww_9e369ea30656316a"/>
    </p0826-teimww:contains>
    <p0826-teimww:hasPage knoraType="richtext_value">Act 2, scene 2, line 168.</p0826-teimww:hasPage>
    <p0826-teimww:hasText knoraType="richtext_value">[Polonius:] &lt;span class="quote"&gt;Take this from this, if this be otherwise.&lt;/span&gt;</p0826-teimww:hasText>
    <p0826-teimww:isMentionedIn>
      <p0826-teimww:passage knoraType="link_value" linkType="ref" target="ww_3420c0b263c9a0fc"/>
    </p0826-teimww:isMentionedIn>
    <p0826-teimww:occursIn>
      <p0826-teimww:book knoraType="link_value" linkType="ref" target="ww_5cb4c35da9f3b9dd"/>
    </p0826-teimww:occursIn>
    <p0826-teimww:wasContributedBy>
      <p0826-teimww:person knoraType="link_value" linkType="ref" target="ww_7f35f6802efd910d"/>
    </p0826-teimww:wasContributedBy>
  </p0826-teimww:passage>
  <p0826-teimww:passage id="ww_3420c0b263c9a0fc">
    <knoraXmlImport:label>passage</knoraXmlImport:label>
    <p0826-teimww:occursIn>
      <p0826-teimww:book knoraType="link_value" linkType="ref" target="ww_c1ca40b688cca87f"/>
    </p0826-teimww:occursIn>
  </p0826-teimww:passage>
  <p0826-teimww:passage id="ww_02baa03065e7934a">
    <knoraXmlImport:label>passage</knoraXmlImport:label>
    <p0826-teimww:contains>
      <p0826-teimww:lexia knoraType="link_value" linkType="ref" target="ww_3883a7e46aec28a6"/>
    </p0826-teimww:contains>
    <p0826-teimww:hasPage knoraType="richtext_value">Act 3, scene 3, lines 47-50.</p0826-teimww:hasPage>
    <p0826-teimww:hasText knoraType="richtext_value">[King:] What if this cursèd hand &lt;br&gt;
Were thicker than itself with brother’s blood? &lt;br&gt;
&lt;span class="quote"&gt;Is there not rain enough in the sweet heavens &lt;br&gt;
To wash it white as snow?&lt;/span&gt;</p0826-teimww:hasText>
    <p0826-teimww:isMentionedIn>
      <p0826-teimww:passage knoraType="link_value" linkType="ref" target="ww_77ae8a43703d1cc5"/>
    </p0826-teimww:isMentionedIn>
    <p0826-teimww:occursIn>
      <p0826-teimww:book knoraType="link_value" linkType="ref" target="ww_5cb4c35da9f3b9dd"/>
    </p0826-teimww:occursIn>
    <p0826-teimww:wasContributedBy>
      <p0826-teimww:person knoraType="link_value" linkType="ref" target="ww_c4063e9c72a3ffd2"/>
    </p0826-teimww:wasContributedBy>
  </p0826-teimww:passage>
  <p0826-teimww:passage id="ww_77ae8a43703d1cc5">
    <knoraXmlImport:label>passage</knoraXmlImport:label>
    <p0826-teimww:occursIn>
      <p0826-teimww:book knoraType="link_value" linkType="ref" target="ww_b3931845d54b98d5"/>
    </p0826-teimww:occursIn>
  </p0826-teimww:passage>
  <p0826-teimww:passage id="ww_3e1481fc81171686">
    <knoraXmlImport:label>passage</knoraXmlImport:label>
    <p0826-teimww:contains>
      <p0826-teimww:lexia knoraType="link_value" linkType="ref" target="ww_576b13959f223b26"/>
    </p0826-teimww:contains>
    <p0826-teimww:hasPage knoraType="richtext_value">Act 3, scene 4, lines 65-72.</p0826-teimww:hasPage>
    <p0826-teimww:hasText knoraType="richtext_value">[Hamlet:] &lt;span class="quote"&gt;See what a grace was seated on this brow, &lt;br&gt;
Hyperion’s curls, the front of Jove himself,&lt;br&gt;
An eye like Mars’ to threaten and command,&lt;br&gt;
A station like the herald Mercury&lt;br&gt;
New-lighted on a heaven-kissing hill&lt;br&gt;
A combination and a form indeed&lt;br&gt;
Where every god did seem to set his seal&lt;br&gt;
To give the world assurance of a man.&lt;/span&gt;</p0826-teimww:hasText>
    <p0826-teimww:isMentionedIn>
      <p0826-teimww:passage knoraType="link_value" linkType="ref" target="ww_2e95445c12031694"/>
    </p0826-teimww:isMentionedIn>
    <p0826-teimww:occursIn>
      <p0826-teimww:book knoraType="link_value" linkType="ref" target="ww_5cb4c35da9f3b9dd"/>
    </p0826-teimww:occursIn>
    <p0826-teimww:wasContributedBy>
      <p0826-teimww:person knoraType="link_value" linkType="ref" target="ww_7f35f6802efd910d"/>
    </p0826-teimww:wasContributedBy>
  </p0826-teimww:passage>
  <p0826-teimww:passage id="ww_2e95445c12031694">
    <knoraXmlImport:label>passage</knoraXmlImport:label>
    <p0826-teimww:occursIn>
      <p0826-teimww:book knoraType="link_value" linkType="ref" target="ww_1140c36ab545b6d8"/>
    </p0826-teimww:occursIn>
  </p0826-teimww:passage>
  <p0826-teimww:passage id="ww_7c1f4a67457ed93c">
    <knoraXmlImport:label>passage</knoraXmlImport:label>
    <p0826-teimww:contains>
      <p0826-teimww:lexia knoraType="link_value" linkType="ref" target="ww_b66257f1980db974"/>
    </p0826-teimww:contains>
    <p0826-teimww:hasPage knoraType="richtext_value">Act 3, scene 4, lines 622-623.</p0826-teimww:hasPage>
    <p0826-teimww:hasText knoraType="richtext_value">&lt;span class="quote"&gt;For murder, though it have no tongue, will speak&lt;br&gt;
With most miraculous organ.&lt;/span&gt;</p0826-teimww:hasText>
    <p0826-teimww:isMentionedIn>
      <p0826-teimww:passage knoraType="link_value" linkType="ref" target="ww_a1015b1e63c74d9b"/>
    </p0826-teimww:isMentionedIn>
    <p0826-teimww:occursIn>
      <p0826-teimww:book knoraType="link_value" linkType="ref" target="ww_5cb4c35da9f3b9dd"/>
    </p0826-teimww:occursIn>
    <p0826-teimww:wasContributedBy>
      <p0826-teimww:person knoraType="link_value" linkType="ref" target="ww_7f35f6802efd910d"/>
    </p0826-teimww:wasContributedBy>
  </p0826-teimww:passage>
  <p0826-teimww:passage id="ww_a1015b1e63c74d9b">
    <knoraXmlImport:label>passage</knoraXmlImport:label>
    <p0826-teimww:occursIn>
      <p0826-teimww:book knoraType="link_value" linkType="ref" target="ww_1140c36ab545b6d8"/>
    </p0826-teimww:occursIn>
  </p0826-teimww:passage>
  <p0826-teimww:passage id="ww_961afeaeca424a65">
    <knoraXmlImport:label>passage</knoraXmlImport:label>
    <p0826-teimww:contains>
      <p0826-teimww:lexia knoraType="link_value" linkType="ref" target="ww_bdebeda2754a754a"/>
    </p0826-teimww:contains>
    <p0826-teimww:hasPage knoraType="richtext_value">Act 5, scene 1, lines 190-192.</p0826-teimww:hasPage>
    <p0826-teimww:hasText knoraType="richtext_value">[Hamlet:] (&lt;span class="quote"&gt;taking the skull&lt;/span&gt;) Alas, poor
Yorick! I knew him, Horatio—a fellow of infinite
jest, of most excellent fancy.
</p0826-teimww:hasText>
    <p0826-teimww:isMentionedIn>
      <p0826-teimww:passage knoraType="link_value" linkType="ref" target="ww_cd87bdc3af041cdf"/>
    </p0826-teimww:isMentionedIn>
    <p0826-teimww:occursIn>
      <p0826-teimww:book knoraType="link_value" linkType="ref" target="ww_5cb4c35da9f3b9dd"/>
    </p0826-teimww:occursIn>
    <p0826-teimww:wasContributedBy>
      <p0826-teimww:person knoraType="link_value" linkType="ref" target="ww_7f35f6802efd910d"/>
    </p0826-teimww:wasContributedBy>
  </p0826-teimww:passage>
  <p0826-teimww:passage id="ww_cd87bdc3af041cdf">
    <knoraXmlImport:label>passage</knoraXmlImport:label>
    <p0826-teimww:occursIn>
      <p0826-teimww:book knoraType="link_value" linkType="ref" target="ww_1140c36ab545b6d8"/>
    </p0826-teimww:occursIn>
  </p0826-teimww:passage>
  <p0826-teimww:passage id="ww_b1302e111692d14a">
    <knoraXmlImport:label>passage</knoraXmlImport:label>
    <p0826-teimww:contains>
      <p0826-teimww:lexia knoraType="link_value" linkType="ref" target="ww_f6b038fe37846611"/>
    </p0826-teimww:contains>
    <p0826-teimww:hasPage knoraType="richtext_value">Act 5, scene 1.</p0826-teimww:hasPage>
    <p0826-teimww:hasText knoraType="richtext_value">&lt;span class="annotation"&gt;Gravedigger Scene&lt;/span&gt;</p0826-teimww:hasText>
    <p0826-teimww:isMentionedIn>
      <p0826-teimww:passage knoraType="link_value" linkType="ref" target="ww_6ed23d0a88d91dae"/>
    </p0826-teimww:isMentionedIn>
    <p0826-teimww:isMentionedIn>
      <p0826-teimww:passage knoraType="link_value" linkType="ref" target="ww_c41f40eac00b376d"/>
    </p0826-teimww:isMentionedIn>
    <p0826-teimww:occursIn>
      <p0826-teimww:book knoraType="link_value" linkType="ref" target="ww_5cb4c35da9f3b9dd"/>
    </p0826-teimww:occursIn>
    <p0826-teimww:wasContributedBy>
      <p0826-teimww:person knoraType="link_value" linkType="ref" target="ww_7f35f6802efd910d"/>
    </p0826-teimww:wasContributedBy>
  </p0826-teimww:passage>
  <p0826-teimww:passage id="ww_c41f40eac00b376d">
    <knoraXmlImport:label>passage</knoraXmlImport:label>
    <p0826-teimww:occursIn>
      <p0826-teimww:book knoraType="link_value" linkType="ref" target="ww_1140c36ab545b6d8"/>
    </p0826-teimww:occursIn>
  </p0826-teimww:passage>
  <p0826-teimww:passage id="ww_6ed23d0a88d91dae">
    <knoraXmlImport:label>passage</knoraXmlImport:label>
    <p0826-teimww:occursIn>
      <p0826-teimww:book knoraType="link_value" linkType="ref" target="ww_91e0dc4c671938fa"/>
    </p0826-teimww:occursIn>
  </p0826-teimww:passage>
  <p0826-teimww:passage id="ww_fbb6ca1980e19692">
    <knoraXmlImport:label>passage</knoraXmlImport:label>
    <p0826-teimww:contains>
      <p0826-teimww:lexia knoraType="link_value" linkType="ref" target="ww_4207fd416b30110a"/>
    </p0826-teimww:contains>
    <p0826-teimww:hasPage knoraType="richtext_value">Act 1, scene 2, lines 266-267.</p0826-teimww:hasPage>
    <p0826-teimww:hasText knoraType="richtext_value">[Hamlet:] I’ll speak to it, though&lt;span class="quote"&gt; hell itself should gape&lt;/span&gt;
And bid me hold my peace.
</p0826-teimww:hasText>
    <p0826-teimww:isMentionedIn>
      <p0826-teimww:passage knoraType="link_value" linkType="ref" target="ww_afc95446efd1ac3d"/>
    </p0826-teimww:isMentionedIn>
    <p0826-teimww:isMentionedIn>
      <p0826-teimww:passage knoraType="link_value" linkType="ref" target="ww_75dcda4f14e7e65b"/>
    </p0826-teimww:isMentionedIn>
    <p0826-teimww:occursIn>
      <p0826-teimww:book knoraType="link_value" linkType="ref" target="ww_5cb4c35da9f3b9dd"/>
    </p0826-teimww:occursIn>
    <p0826-teimww:wasContributedBy>
      <p0826-teimww:person knoraType="link_value" linkType="ref" target="ww_7f35f6802efd910d"/>
    </p0826-teimww:wasContributedBy>
  </p0826-teimww:passage>
  <p0826-teimww:passage id="ww_75dcda4f14e7e65b">
    <knoraXmlImport:label>passage</knoraXmlImport:label>
    <p0826-teimww:occursIn>
      <p0826-teimww:book knoraType="link_value" linkType="ref" target="ww_5868d5560bdfc062"/>
    </p0826-teimww:occursIn>
  </p0826-teimww:passage>
  <p0826-teimww:passage id="ww_afc95446efd1ac3d">
    <knoraXmlImport:label>passage</knoraXmlImport:label>
    <p0826-teimww:occursIn>
      <p0826-teimww:book knoraType="link_value" linkType="ref" target="ww_b3931845d54b98d5"/>
    </p0826-teimww:occursIn>
  </p0826-teimww:passage>
  <p0826-teimww:passage id="ww_81551e6ed2ddef72">
    <knoraXmlImport:label>passage</knoraXmlImport:label>
    <p0826-teimww:contains>
      <p0826-teimww:lexia knoraType="link_value" linkType="ref" target="ww_121f51dd1d4fa186"/>
    </p0826-teimww:contains>
    <p0826-teimww:hasPage knoraType="richtext_value">Act 3, scene 1, lines 59-60; Act 3, scene 1, lines 154-156.</p0826-teimww:hasPage>
    <p0826-teimww:hasText knoraType="richtext_value">[King:] [...] The harlot's cheek beautied with &lt;span class="quote"&gt;plast'ring art &lt;/span&gt;&lt;br&gt;
Is not more ugly to the thing that helps it [...]&lt;br&gt;&lt;br&gt;

[Hamlet:] I have heard of &lt;span class="quote"&gt;your paintings &lt;/span&gt;&lt;too, well enough. God hath given you one face, and you make yourselves another.
</p0826-teimww:hasText>
    <p0826-teimww:isMentionedIn>
      <p0826-teimww:passage knoraType="link_value" linkType="ref" target="ww_7e94f00013fb564c"/>
    </p0826-teimww:isMentionedIn>
    <p0826-teimww:isMentionedIn>
      <p0826-teimww:passage knoraType="link_value" linkType="ref" target="ww_7ebd7e8e1184aea6"/>
    </p0826-teimww:isMentionedIn>
    <p0826-teimww:isMentionedIn>
      <p0826-teimww:passage knoraType="link_value" linkType="ref" target="ww_0147aed72ce1265c"/>
    </p0826-teimww:isMentionedIn>
    <p0826-teimww:occursIn>
      <p0826-teimww:book knoraType="link_value" linkType="ref" target="ww_5cb4c35da9f3b9dd"/>
    </p0826-teimww:occursIn>
    <p0826-teimww:wasContributedBy>
      <p0826-teimww:person knoraType="link_value" linkType="ref" target="ww_7f35f6802efd910d"/>
    </p0826-teimww:wasContributedBy>
  </p0826-teimww:passage>
  <p0826-teimww:passage id="ww_7e94f00013fb564c">
    <knoraXmlImport:label>passage</knoraXmlImport:label>
    <p0826-teimww:occursIn>
      <p0826-teimww:book knoraType="link_value" linkType="ref" target="ww_15dba62495527dd5"/>
    </p0826-teimww:occursIn>
  </p0826-teimww:passage>
  <p0826-teimww:passage id="ww_7ebd7e8e1184aea6">
    <knoraXmlImport:label>passage</knoraXmlImport:label>
    <p0826-teimww:occursIn>
      <p0826-teimww:book knoraType="link_value" linkType="ref" target="ww_ca15500e7036f16e"/>
    </p0826-teimww:occursIn>
  </p0826-teimww:passage>
  <p0826-teimww:passage id="ww_0147aed72ce1265c">
    <knoraXmlImport:label>passage</knoraXmlImport:label>
    <p0826-teimww:occursIn>
      <p0826-teimww:book knoraType="link_value" linkType="ref" target="ww_0b28ed19a0540e1d"/>
    </p0826-teimww:occursIn>
  </p0826-teimww:passage>
  <p0826-teimww:passage id="ww_a4c7076395267686">
    <knoraXmlImport:label>passage</knoraXmlImport:label>
    <p0826-teimww:contains>
      <p0826-teimww:lexia knoraType="link_value" linkType="ref" target="ww_78eac033a96687b8"/>
    </p0826-teimww:contains>
    <p0826-teimww:hasPage knoraType="richtext_value">N.p.; act 3, scene 1, lines 144-147 [normalized spelling].</p0826-teimww:hasPage>
    <p0826-teimww:hasPageHist knoraType="richtext_value">N.p.; act 3, scene 1, lines 144-147.</p0826-teimww:hasPageHist>
    <p0826-teimww:hasText knoraType="richtext_value">[Apollo:] But pray ye Maid, it will be very good, &lt;br&gt;
&lt;span class="quote"&gt;To take the shade, in this unhaunted wood: &lt;/span&gt;&lt;br&gt;
This flowering bay with branches large and great, &lt;br&gt;
Will shroud ye safely, from the parching heat. </p0826-teimww:hasText>
    <p0826-teimww:hasTextHist knoraType="richtext_value">[Apollo:] But pray ye Maide, it will be verie good, &lt;br&gt;
To take the shade, in this vnhaunted wood: &lt;br&gt;
This flowring bay with branches large and great, &lt;br&gt;
Will shrowd ye safely, from the parching heat. </p0826-teimww:hasTextHist>
    <p0826-teimww:isMentionedIn>
      <p0826-teimww:passage knoraType="link_value" linkType="ref" target="ww_ae47cd2cc3ed4eb5"/>
    </p0826-teimww:isMentionedIn>
    <p0826-teimww:occursIn>
      <p0826-teimww:book knoraType="link_value" linkType="ref" target="ww_ff23e2b53094740e"/>
    </p0826-teimww:occursIn>
    <p0826-teimww:wasContributedBy>
      <p0826-teimww:person knoraType="link_value" linkType="ref" target="ww_7f35f6802efd910d"/>
    </p0826-teimww:wasContributedBy>
  </p0826-teimww:passage>
  <p0826-teimww:passage id="ww_ec0de99578ab22dc">
    <knoraXmlImport:label>passage</knoraXmlImport:label>
    <p0826-teimww:occursIn>
      <p0826-teimww:book knoraType="link_value" linkType="ref" target="ww_b3931845d54b98d5"/>
    </p0826-teimww:occursIn>
  </p0826-teimww:passage>
  <p0826-teimww:passage id="ww_3fb8020fd6911835">
    <knoraXmlImport:label>passage</knoraXmlImport:label>
    <p0826-teimww:occursIn>
      <p0826-teimww:book knoraType="link_value" linkType="ref" target="ww_e9dd31d2f114bcc9"/>
    </p0826-teimww:occursIn>
  </p0826-teimww:passage>
  <p0826-teimww:passage id="ww_cc469ab380d3dd72">
    <knoraXmlImport:label>passage</knoraXmlImport:label>
    <p0826-teimww:contains>
      <p0826-teimww:lexia knoraType="link_value" linkType="ref" target="ww_331373f6652531c0"/>
    </p0826-teimww:contains>
    <p0826-teimww:hasPage knoraType="richtext_value">Act 2, scene 2, lines 31-32.</p0826-teimww:hasPage>
    <p0826-teimww:hasText knoraType="richtext_value">[Viola:] [...] Alas, &lt;span class="quote"&gt;our frailty is the cause, not we,&lt;br&gt;
For such as we are made of, such we be.</p0826-teimww:hasText>
    <p0826-teimww:isMentionedIn>
      <p0826-teimww:passage knoraType="link_value" linkType="ref" target="ww_4cbd0445bb166b1f"/>
    </p0826-teimww:isMentionedIn>
    <p0826-teimww:occursIn>
      <p0826-teimww:book knoraType="link_value" linkType="ref" target="ww_50b5fed06f012747"/>
    </p0826-teimww:occursIn>
    <p0826-teimww:wasContributedBy>
      <p0826-teimww:person knoraType="link_value" linkType="ref" target="ww_c4063e9c72a3ffd2"/>
    </p0826-teimww:wasContributedBy>
  </p0826-teimww:passage>
  <p0826-teimww:passage id="ww_4cbd0445bb166b1f">
    <knoraXmlImport:label>passage</knoraXmlImport:label>
    <p0826-teimww:occursIn>
      <p0826-teimww:book knoraType="link_value" linkType="ref" target="ww_b3931845d54b98d5"/>
    </p0826-teimww:occursIn>
  </p0826-teimww:passage>
  <p0826-teimww:passage id="ww_d5340982f10b76cc">
    <knoraXmlImport:label>passage</knoraXmlImport:label>
    <p0826-teimww:contains>
      <p0826-teimww:lexia knoraType="link_value" linkType="ref" target="ww_1eea7f63b6f52a44"/>
    </p0826-teimww:contains>
    <p0826-teimww:hasPage knoraType="richtext_value">A3 recto [normalized spelling].</p0826-teimww:hasPage>
    <p0826-teimww:hasPageHist knoraType="richtext_value">A3 recto.</p0826-teimww:hasPageHist>
    <p0826-teimww:hasText knoraType="richtext_value">[Camillo:] And of Beauty what tongue would not speak the best: since it is &lt;span class="quote"&gt;Jewel that hangs upon the brow of heaven, &lt;/span&gt;the best collar that can be laid upon the cheek of earth: beauty makes men Gods immortal, by making mortal men to live even in love.</p0826-teimww:hasText>
    <p0826-teimww:hasTextHist knoraType="richtext_value">[Camillo:] And of Beautie what tongue would not speake the best: since it is Iewell that hangs vpon the brow of heauen, the best cullor that can be laide vpon the cheeke of earth: beauty makes men Gods immortall, by making mortall men to liue euen in loue.</p0826-teimww:hasTextHist>
    <p0826-teimww:isMentionedIn>
      <p0826-teimww:passage knoraType="link_value" linkType="ref" target="ww_e83a00802f3342ff"/>
    </p0826-teimww:isMentionedIn>
    <p0826-teimww:occursIn>
      <p0826-teimww:book knoraType="link_value" linkType="ref" target="ww_f6b0a0a6caabc2ad"/>
    </p0826-teimww:occursIn>
    <p0826-teimww:wasContributedBy>
      <p0826-teimww:person knoraType="link_value" linkType="ref" target="ww_c4063e9c72a3ffd2"/>
    </p0826-teimww:wasContributedBy>
  </p0826-teimww:passage>
  <p0826-teimww:passage id="ww_e83a00802f3342ff">
    <knoraXmlImport:label>passage</knoraXmlImport:label>
    <p0826-teimww:occursIn>
      <p0826-teimww:book knoraType="link_value" linkType="ref" target="ww_1140c36ab545b6d8"/>
    </p0826-teimww:occursIn>
  </p0826-teimww:passage>
  <p0826-teimww:passage id="ww_8e8cf1a939d41711">
    <knoraXmlImport:label>passage</knoraXmlImport:label>
    <p0826-teimww:occursIn>
      <p0826-teimww:book knoraType="link_value" linkType="ref" target="ww_b3931845d54b98d5"/>
    </p0826-teimww:occursIn>
  </p0826-teimww:passage>
  <p0826-teimww:passage id="ww_9074185779bd2e40">
    <knoraXmlImport:label>passage</knoraXmlImport:label>
    <p0826-teimww:contains>
      <p0826-teimww:lexia knoraType="link_value" linkType="ref" target="ww_ead79af7c765d93c"/>
    </p0826-teimww:contains>
    <p0826-teimww:hasPage knoraType="richtext_value">239 [normalized spelling].</p0826-teimww:hasPage>
    <p0826-teimww:hasPageHist knoraType="richtext_value">239.</p0826-teimww:hasPageHist>
    <p0826-teimww:hasText knoraType="richtext_value">[Quadratus:] Ha he mounts &lt;i&gt;Chirall &lt;/i&gt;on the wings of fame.&lt;br&gt;
&lt;span class="quote"&gt;A horse, a horse, my kingdom for a horse,&lt;br&gt;&lt;/span&gt;
Look thee, I speak play scraps.</p0826-teimww:hasText>
    <p0826-teimww:hasTextHist knoraType="richtext_value">[Quadratus:] Ha he mount[s] &lt;i&gt;Chirall &lt;/i&gt;on the wings of fame.&lt;br&gt;
A horse, a horse, my kingdom for a horse,&lt;br&gt;
Look the I speak play scrappes.</p0826-teimww:hasTextHist>
    <p0826-teimww:isMentionedIn>
      <p0826-teimww:passage knoraType="link_value" linkType="ref" target="ww_f88346a2dc25a6c9"/>
    </p0826-teimww:isMentionedIn>
    <p0826-teimww:occursIn>
      <p0826-teimww:book knoraType="link_value" linkType="ref" target="ww_88503e400f411e81"/>
    </p0826-teimww:occursIn>
    <p0826-teimww:wasContributedBy>
      <p0826-teimww:person knoraType="link_value" linkType="ref" target="ww_6202c1bb6957c9cc"/>
    </p0826-teimww:wasContributedBy>
  </p0826-teimww:passage>
  <p0826-teimww:passage id="ww_f88346a2dc25a6c9">
    <knoraXmlImport:label>passage</knoraXmlImport:label>
    <p0826-teimww:occursIn>
      <p0826-teimww:book knoraType="link_value" linkType="ref" target="ww_1140c36ab545b6d8"/>
    </p0826-teimww:occursIn>
  </p0826-teimww:passage>
  <p0826-teimww:passage id="ww_bfeac2132fd4df8e">
    <knoraXmlImport:label>passage</knoraXmlImport:label>
    <p0826-teimww:contains>
      <p0826-teimww:lexia knoraType="link_value" linkType="ref" target="ww_cc097ef2a8189478"/>
    </p0826-teimww:contains>
    <p0826-teimww:contains>
      <p0826-teimww:lexia knoraType="link_value" linkType="ref" target="ww_1a5772a28f937579"/>
    </p0826-teimww:contains>
    <p0826-teimww:hasPage knoraType="richtext_value">308 act 3, scene 3, line 293.</p0826-teimww:hasPage>
    <p0826-teimww:hasText knoraType="richtext_value">[2nd theatre boy:] &lt;span class="quote"&gt;Where art thou, boy? where is Calipolis? &lt;/span&gt;</p0826-teimww:hasText>
    <p0826-teimww:isMentionedIn>
      <p0826-teimww:passage knoraType="link_value" linkType="ref" target="ww_cd402a03ad5b25fe"/>
    </p0826-teimww:isMentionedIn>
    <p0826-teimww:occursIn>
      <p0826-teimww:book knoraType="link_value" linkType="ref" target="ww_e94b33ac99cc5615"/>
    </p0826-teimww:occursIn>
    <p0826-teimww:wasContributedBy>
      <p0826-teimww:person knoraType="link_value" linkType="ref" target="ww_7f35f6802efd910d"/>
    </p0826-teimww:wasContributedBy>
  </p0826-teimww:passage>
  <p0826-teimww:passage id="ww_2846b1e612e29a1f">
    <knoraXmlImport:label>passage</knoraXmlImport:label>
    <p0826-teimww:contains>
      <p0826-teimww:lexia knoraType="link_value" linkType="ref" target="ww_a310d044de3a362c"/>
    </p0826-teimww:contains>
    <p0826-teimww:contains>
      <p0826-teimww:lexia knoraType="link_value" linkType="ref" target="ww_1a5772a28f937579"/>
    </p0826-teimww:contains>
    <p0826-teimww:hasPage knoraType="richtext_value">285, Act 5, scene 1 [normalized spelling].</p0826-teimww:hasPage>
    <p0826-teimww:hasPageHist knoraType="richtext_value">285, Act 5, scene 1.</p0826-teimww:hasPageHist>
    <p0826-teimww:hasText knoraType="richtext_value">[Quadratus:] &lt;span class="quote"&gt;Feed and be fat my fair Calipolis!&lt;/span&gt;</p0826-teimww:hasText>
    <p0826-teimww:hasTextHist knoraType="richtext_value">[Quadratus:] Feede and be fat my fayre Calipolis!</p0826-teimww:hasTextHist>
    <p0826-teimww:isMentionedIn>
      <p0826-teimww:passage knoraType="link_value" linkType="ref" target="ww_35c969fd97d130c7"/>
    </p0826-teimww:isMentionedIn>
    <p0826-teimww:occursIn>
      <p0826-teimww:book knoraType="link_value" linkType="ref" target="ww_88503e400f411e81"/>
    </p0826-teimww:occursIn>
    <p0826-teimww:wasContributedBy>
      <p0826-teimww:person knoraType="link_value" linkType="ref" target="ww_7f35f6802efd910d"/>
    </p0826-teimww:wasContributedBy>
  </p0826-teimww:passage>
  <p0826-teimww:passage id="ww_0317812324600cd6">
    <knoraXmlImport:label>passage</knoraXmlImport:label>
    <p0826-teimww:contains>
      <p0826-teimww:lexia knoraType="link_value" linkType="ref" target="ww_a310d044de3a362c"/>
    </p0826-teimww:contains>
    <p0826-teimww:contains>
      <p0826-teimww:lexia knoraType="link_value" linkType="ref" target="ww_1a5772a28f937579"/>
    </p0826-teimww:contains>
    <p0826-teimww:hasPage knoraType="richtext_value">Main text, line 1467 [normalized spelling].</p0826-teimww:hasPage>
    <p0826-teimww:hasPageHist knoraType="richtext_value">Main text, line 1467.</p0826-teimww:hasPageHist>
    <p0826-teimww:hasText knoraType="richtext_value">[Tucca:] &lt;span class="quote"&gt;Feed and be fat my fair Calipolis&lt;/span&gt;, stir not my beauteous wriggle-tails.</p0826-teimww:hasText>
    <p0826-teimww:hasTextHist knoraType="richtext_value">[Tucca:] Feede and be fat my faire Calipolis, stir not my beauteous wriggle-tailes</p0826-teimww:hasTextHist>
    <p0826-teimww:isMentionedIn>
      <p0826-teimww:passage knoraType="link_value" linkType="ref" target="ww_762c60d9ee2511e6"/>
    </p0826-teimww:isMentionedIn>
    <p0826-teimww:occursIn>
      <p0826-teimww:book knoraType="link_value" linkType="ref" target="ww_7e27a16308bd00fc"/>
    </p0826-teimww:occursIn>
    <p0826-teimww:wasContributedBy>
      <p0826-teimww:person knoraType="link_value" linkType="ref" target="ww_7f35f6802efd910d"/>
    </p0826-teimww:wasContributedBy>
  </p0826-teimww:passage>
  <p0826-teimww:passage id="ww_f34cd31230e49aca">
    <knoraXmlImport:label>passage</knoraXmlImport:label>
    <p0826-teimww:contains>
      <p0826-teimww:lexia knoraType="link_value" linkType="ref" target="ww_1eea7f63b6f52a44"/>
    </p0826-teimww:contains>
    <p0826-teimww:hasPage knoraType="richtext_value">N.p.; lines 127-128 [normalized spelling].</p0826-teimww:hasPage>
    <p0826-teimww:hasPageHist knoraType="richtext_value">N.p.; lines 127-128.</p0826-teimww:hasPageHist>
    <p0826-teimww:hasText knoraType="richtext_value">Whilst that my glory midst the clouds was hid, &lt;br&gt;
Like to &lt;span class="quote"&gt;a Jewel in an Ethiop's ear. &lt;/span&gt;</p0826-teimww:hasText>
    <p0826-teimww:hasTextHist knoraType="richtext_value">Whilst that my glory midst the clouds was hid, &lt;br&gt;
Like to a Jewell in an AEthiop's eare. </p0826-teimww:hasTextHist>
    <p0826-teimww:isMentionedIn>
      <p0826-teimww:passage knoraType="link_value" linkType="ref" target="ww_7568d4516bc0cb62"/>
    </p0826-teimww:isMentionedIn>
    <p0826-teimww:occursIn>
      <p0826-teimww:book knoraType="link_value" linkType="ref" target="ww_1119cb42e0133631"/>
    </p0826-teimww:occursIn>
    <p0826-teimww:wasContributedBy>
      <p0826-teimww:person knoraType="link_value" linkType="ref" target="ww_6202c1bb6957c9cc"/>
    </p0826-teimww:wasContributedBy>
  </p0826-teimww:passage>
  <p0826-teimww:passage id="ww_7568d4516bc0cb62">
    <knoraXmlImport:label>passage</knoraXmlImport:label>
    <p0826-teimww:occursIn>
      <p0826-teimww:book knoraType="link_value" linkType="ref" target="ww_1140c36ab545b6d8"/>
    </p0826-teimww:occursIn>
  </p0826-teimww:passage>
  <p0826-teimww:passage id="ww_5c775ca7b874933f">
    <knoraXmlImport:label>passage</knoraXmlImport:label>
    <p0826-teimww:contains>
      <p0826-teimww:lexia knoraType="link_value" linkType="ref" target="ww_fd4fa9de83e78af6"/>
    </p0826-teimww:contains>
    <p0826-teimww:hasPage knoraType="richtext_value">146 [normalized spelling].</p0826-teimww:hasPage>
    <p0826-teimww:hasPageHist knoraType="richtext_value">146.</p0826-teimww:hasPageHist>
    <p0826-teimww:hasText knoraType="richtext_value">[Malevole:] &lt;span class="quote"&gt;I'll go to pray&lt;/span&gt; and come to you.</p0826-teimww:hasText>
    <p0826-teimww:hasTextHist knoraType="richtext_value">[Malevole:] &lt;span class="quote"&gt;Ile go to pray&lt;/span&gt; and come to you.</p0826-teimww:hasTextHist>
    <p0826-teimww:occursIn>
      <p0826-teimww:book knoraType="link_value" linkType="ref" target="ww_7f949bbd8df542c3"/>
    </p0826-teimww:occursIn>
    <p0826-teimww:wasContributedBy>
      <p0826-teimww:person knoraType="link_value" linkType="ref" target="ww_c4063e9c72a3ffd2"/>
    </p0826-teimww:wasContributedBy>
  </p0826-teimww:passage>
  <p0826-teimww:passage id="ww_855db33cf48dd4d9">
    <knoraXmlImport:label>passage</knoraXmlImport:label>
    <p0826-teimww:contains>
      <p0826-teimww:lexia knoraType="link_value" linkType="ref" target="ww_afd806b4bb5931a4"/>
    </p0826-teimww:contains>
    <p0826-teimww:hasPage knoraType="richtext_value">196.</p0826-teimww:hasPage>
    <p0826-teimww:hasText knoraType="richtext_value">[Malevole:] Great slaves fear better than love, born naturally for &lt;span class="quote"&gt;a coal-basket&lt;/span&gt; [...].</p0826-teimww:hasText>
    <p0826-teimww:occursIn>
      <p0826-teimww:book knoraType="link_value" linkType="ref" target="ww_7f949bbd8df542c3"/>
    </p0826-teimww:occursIn>
    <p0826-teimww:wasContributedBy>
      <p0826-teimww:person knoraType="link_value" linkType="ref" target="ww_c4063e9c72a3ffd2"/>
    </p0826-teimww:wasContributedBy>
  </p0826-teimww:passage>
  <p0826-teimww:passage id="ww_6a86597dc7e028c2">
    <knoraXmlImport:label>passage</knoraXmlImport:label>
    <p0826-teimww:contains>
      <p0826-teimww:lexia knoraType="link_value" linkType="ref" target="ww_2eb7d22a2df639ae"/>
    </p0826-teimww:contains>
    <p0826-teimww:hasPage knoraType="richtext_value">Act 1, scene 2, lines 116-119.</p0826-teimww:hasPage>
    <p0826-teimww:hasText knoraType="richtext_value">[Claudio:]&lt;span class="quote"&gt; Thus can the demigod Authority &lt;br&gt;
Make us pay down for our offense, by weight,&lt;br&gt;
The words of heaven: on whom it will, it will;&lt;br&gt;
On whom it will not, so; yet still ’tis just.&lt;/span&gt;</p0826-teimww:hasText>
    <p0826-teimww:isMentionedIn>
      <p0826-teimww:passage knoraType="link_value" linkType="ref" target="ww_c3db585369971a4f"/>
    </p0826-teimww:isMentionedIn>
    <p0826-teimww:occursIn>
      <p0826-teimww:book knoraType="link_value" linkType="ref" target="ww_aff3e1e0ec71023e"/>
    </p0826-teimww:occursIn>
    <p0826-teimww:wasContributedBy>
      <p0826-teimww:person knoraType="link_value" linkType="ref" target="ww_7f35f6802efd910d"/>
    </p0826-teimww:wasContributedBy>
  </p0826-teimww:passage>
  <p0826-teimww:passage id="ww_c3db585369971a4f">
    <knoraXmlImport:label>passage</knoraXmlImport:label>
    <p0826-teimww:occursIn>
      <p0826-teimww:book knoraType="link_value" linkType="ref" target="ww_1140c36ab545b6d8"/>
    </p0826-teimww:occursIn>
  </p0826-teimww:passage>
  <p0826-teimww:passage id="ww_b69b15a5015e94c7">
    <knoraXmlImport:label>passage</knoraXmlImport:label>
    <p0826-teimww:contains>
      <p0826-teimww:lexia knoraType="link_value" linkType="ref" target="ww_7c3b6aeab3b2f9a8"/>
    </p0826-teimww:contains>
    <p0826-teimww:hasPage knoraType="richtext_value">Act 3, scene 3, line 100.</p0826-teimww:hasPage>
    <p0826-teimww:hasText knoraType="richtext_value">[Othello:] &lt;span class="quote"&gt;Excellent wretch! &lt;/span&gt;Perdition catch my soul&lt;br&gt;
But I do love thee!</p0826-teimww:hasText>
    <p0826-teimww:isMentionedIn>
      <p0826-teimww:passage knoraType="link_value" linkType="ref" target="ww_a784c2159ca24d04"/>
    </p0826-teimww:isMentionedIn>
    <p0826-teimww:occursIn>
      <p0826-teimww:book knoraType="link_value" linkType="ref" target="ww_9b67ca7f120fc425"/>
    </p0826-teimww:occursIn>
    <p0826-teimww:wasContributedBy>
      <p0826-teimww:person knoraType="link_value" linkType="ref" target="ww_7f35f6802efd910d"/>
    </p0826-teimww:wasContributedBy>
  </p0826-teimww:passage>
  <p0826-teimww:passage id="ww_5e0cfdbd2bf9854c">
    <knoraXmlImport:label>passage</knoraXmlImport:label>
    <p0826-teimww:contains>
      <p0826-teimww:lexia knoraType="link_value" linkType="ref" target="ww_28cd97c2a00390cb"/>
    </p0826-teimww:contains>
    <p0826-teimww:contains>
      <p0826-teimww:lexia knoraType="link_value" linkType="ref" target="ww_ae65dea007d10d55"/>
    </p0826-teimww:contains>
    <p0826-teimww:hasPage knoraType="richtext_value">E4 verso; section "Epistle to the Reader" [normalized spelling].</p0826-teimww:hasPage>
    <p0826-teimww:hasPageHist knoraType="richtext_value">E4 verso; section "Epistle to the Reader".</p0826-teimww:hasPageHist>
    <p0826-teimww:hasText knoraType="richtext_value">&lt;span class="quote"&gt;Puts off his clothes; his shirt he only wears&lt;/span&gt;, &lt;br&gt;
Much like &lt;span class="quote"&gt;mad-Hamlet&lt;/span&gt;; thus as passion tears.</p0826-teimww:hasText>
    <p0826-teimww:hasTextHist knoraType="richtext_value">Puts off his cloathes; his shirt he onely weares, &lt;br&gt;
Much like &lt;span class="quote"&gt;mad-Hamlet&lt;/span&gt;; thus as passion teares.</p0826-teimww:hasTextHist>
    <p0826-teimww:isMentionedIn>
      <p0826-teimww:passage knoraType="link_value" linkType="ref" target="ww_e5e6896d9bdb8cc6"/>
    </p0826-teimww:isMentionedIn>
    <p0826-teimww:isMentionedIn>
      <p0826-teimww:passage knoraType="link_value" linkType="ref" target="ww_d9b740597bd0cd6e"/>
    </p0826-teimww:isMentionedIn>
    <p0826-teimww:isMentionedIn>
      <p0826-teimww:passage knoraType="link_value" linkType="ref" target="ww_183d40fc90e59750"/>
    </p0826-teimww:isMentionedIn>
    <p0826-teimww:isMentionedIn>
      <p0826-teimww:passage knoraType="link_value" linkType="ref" target="ww_6c60347d29f1dd27"/>
    </p0826-teimww:isMentionedIn>
    <p0826-teimww:occursIn>
      <p0826-teimww:book knoraType="link_value" linkType="ref" target="ww_bc78559657a822d9"/>
    </p0826-teimww:occursIn>
    <p0826-teimww:wasContributedBy>
      <p0826-teimww:person knoraType="link_value" linkType="ref" target="ww_b98e7021b3193ae3"/>
    </p0826-teimww:wasContributedBy>
  </p0826-teimww:passage>
  <p0826-teimww:passage id="ww_d9b740597bd0cd6e">
    <knoraXmlImport:label>passage</knoraXmlImport:label>
    <p0826-teimww:occursIn>
      <p0826-teimww:book knoraType="link_value" linkType="ref" target="ww_227cc36a19286ccd"/>
    </p0826-teimww:occursIn>
  </p0826-teimww:passage>
  <p0826-teimww:passage id="ww_183d40fc90e59750">
    <knoraXmlImport:label>passage</knoraXmlImport:label>
    <p0826-teimww:occursIn>
      <p0826-teimww:book knoraType="link_value" linkType="ref" target="ww_2f65899f08b5bb71"/>
    </p0826-teimww:occursIn>
  </p0826-teimww:passage>
  <p0826-teimww:passage id="ww_e5e6896d9bdb8cc6">
    <knoraXmlImport:label>passage</knoraXmlImport:label>
    <p0826-teimww:occursIn>
      <p0826-teimww:book knoraType="link_value" linkType="ref" target="ww_91e0dc4c671938fa"/>
    </p0826-teimww:occursIn>
  </p0826-teimww:passage>
  <p0826-teimww:passage id="ww_6c60347d29f1dd27">
    <knoraXmlImport:label>passage</knoraXmlImport:label>
    <p0826-teimww:occursIn>
      <p0826-teimww:book knoraType="link_value" linkType="ref" target="ww_1140c36ab545b6d8"/>
    </p0826-teimww:occursIn>
  </p0826-teimww:passage>
  <p0826-teimww:passage id="ww_38daf9b384a4e939">
    <knoraXmlImport:label>passage</knoraXmlImport:label>
    <p0826-teimww:contains>
      <p0826-teimww:lexia knoraType="link_value" linkType="ref" target="ww_121f51dd1d4fa186"/>
    </p0826-teimww:contains>
    <p0826-teimww:hasPage knoraType="richtext_value">311; scene 10, lines 38-51.</p0826-teimww:hasPage>
    <p0826-teimww:hasPageHist knoraType="richtext_value">516.</p0826-teimww:hasPageHist>
    <p0826-teimww:hasText knoraType="richtext_value">[Hipolito]: My Infelices face: her brow, her eye, &lt;br&gt;
The dimple on her cheek: and such sweet skill, &lt;br&gt;
Hath from the cunning workman's pencil flown, &lt;br&gt;
These lips look fresh and lively as her own, &lt;br&gt;
Seeming to move and speak. Las! now I see, &lt;br&gt;
The reason why &lt;span class="quote"&gt;fond women love to buy &lt;br&gt;
Adulterate complexion: here 'tis read, &lt;br&gt;
False colours last after the true be dead. &lt;/span&gt;&lt;br&gt;
Of all the Roses grafted on her cheeks, &lt;br&gt;
Of all the graces dancing in her eyes, &lt;br&gt;
Of all the Music set upon her tongue, &lt;br&gt;
Of all that was past womans excellence, &lt;br&gt;
In her white bosom, look! a painted board, &lt;br&gt;
Circumscribes all: Earth can no bliss afford.</p0826-teimww:hasText>
    <p0826-teimww:hasTextHist knoraType="richtext_value">[Hipolito]: My Infelices face: her brow, her eye, &lt;br&gt;
The dimple on her cheeke: and such sweet skill, &lt;br&gt;
Hath from the cunning workemans pencill flowne, &lt;br&gt;
These lippes looke fresh and liuely as her owne, &lt;br&gt;
Seeming to mooue and speake. Las! now I see, &lt;br&gt;
The reason why &lt;span class="quote"&gt;fond women loue to buy &lt;br&gt;
Adulterate complexion: here 'tis read, &lt;br&gt;
False coulours last after the true be dead. &lt;/span&gt;&lt;br&gt;
Of all the Roses grafted on her cheekes, &lt;br&gt;
Of all the graces dauncing in her eyes, &lt;br&gt;
Of all the Musick set vpon her tongue, &lt;br&gt;
Of all that was past womans excellence, &lt;br&gt;
In her white bosome, looke! a painted board, &lt;br&gt;
Circumscribes all: Earth can no blisse affoord.</p0826-teimww:hasTextHist>
    <p0826-teimww:isMentionedIn>
      <p0826-teimww:passage knoraType="link_value" linkType="ref" target="ww_abfb96c97f7b54a4"/>
    </p0826-teimww:isMentionedIn>
    <p0826-teimww:occursIn>
      <p0826-teimww:book knoraType="link_value" linkType="ref" target="ww_ad87a567c9aa933d"/>
    </p0826-teimww:occursIn>
    <p0826-teimww:wasContributedBy>
      <p0826-teimww:person knoraType="link_value" linkType="ref" target="ww_c4063e9c72a3ffd2"/>
    </p0826-teimww:wasContributedBy>
  </p0826-teimww:passage>
  <p0826-teimww:passage id="ww_abfb96c97f7b54a4">
    <knoraXmlImport:label>passage</knoraXmlImport:label>
    <p0826-teimww:occursIn>
      <p0826-teimww:book knoraType="link_value" linkType="ref" target="ww_91e0dc4c671938fa"/>
    </p0826-teimww:occursIn>
  </p0826-teimww:passage>
  <p0826-teimww:passage id="ww_aa55a7b368645f43">
    <knoraXmlImport:label>passage</knoraXmlImport:label>
    <p0826-teimww:contains>
      <p0826-teimww:lexia knoraType="link_value" linkType="ref" target="ww_2a2c4d4630a79700"/>
    </p0826-teimww:contains>
    <p0826-teimww:hasPage knoraType="richtext_value">N.p.; act 1, scene 1, lines 20-23 [normalised spelling].</p0826-teimww:hasPage>
    <p0826-teimww:hasPageHist knoraType="richtext_value">N.p.; act 1, scene 1, lines 20-23.</p0826-teimww:hasPageHist>
    <p0826-teimww:hasText knoraType="richtext_value">[Bussy:] [...] great sea-men, using all their wealth &lt;br&gt;
And skills in &lt;i&gt;Neptunes&lt;/i&gt; deep invisible paths, &lt;br&gt;
In tall ships richly built and ribbed with brass, &lt;br&gt;
&lt;span class="quote"&gt;To put a Girdle round about the world.&lt;/span&gt;</p0826-teimww:hasText>
    <p0826-teimww:hasTextHist knoraType="richtext_value">[Bussy:] [...] great Seamen, using all their wealth &lt;br&gt;
And skills in &lt;i&gt;Neptunes&lt;/i&gt; deepe invisible pathes, &lt;br&gt;
In tall ships richly built and ribd with brasse, &lt;br&gt;
To put a Girdle round about the world.</p0826-teimww:hasTextHist>
    <p0826-teimww:isMentionedIn>
      <p0826-teimww:passage knoraType="link_value" linkType="ref" target="ww_c8536c44934c5b27"/>
    </p0826-teimww:isMentionedIn>
    <p0826-teimww:isMentionedIn>
      <p0826-teimww:passage knoraType="link_value" linkType="ref" target="ww_45b00934b5db2d81"/>
    </p0826-teimww:isMentionedIn>
    <p0826-teimww:isMentionedIn>
      <p0826-teimww:passage knoraType="link_value" linkType="ref" target="ww_76c993cc32febb2f"/>
    </p0826-teimww:isMentionedIn>
    <p0826-teimww:occursIn>
      <p0826-teimww:book knoraType="link_value" linkType="ref" target="ww_f38099d24a8f82da"/>
    </p0826-teimww:occursIn>
    <p0826-teimww:wasContributedBy>
      <p0826-teimww:person knoraType="link_value" linkType="ref" target="ww_7f35f6802efd910d"/>
    </p0826-teimww:wasContributedBy>
  </p0826-teimww:passage>
  <p0826-teimww:passage id="ww_c8536c44934c5b27">
    <knoraXmlImport:label>passage</knoraXmlImport:label>
    <p0826-teimww:occursIn>
      <p0826-teimww:book knoraType="link_value" linkType="ref" target="ww_cd4449a9f288f0d1"/>
    </p0826-teimww:occursIn>
  </p0826-teimww:passage>
  <p0826-teimww:passage id="ww_a4205ea3a6e18c06">
    <knoraXmlImport:label>passage</knoraXmlImport:label>
    <p0826-teimww:contains>
      <p0826-teimww:lexia knoraType="link_value" linkType="ref" target="ww_16275cf261bcce96"/>
    </p0826-teimww:contains>
    <p0826-teimww:hasPage knoraType="richtext_value">N.p.; act 1, scene 1, line 420 [normalized spelling].</p0826-teimww:hasPage>
    <p0826-teimww:hasPageHist knoraType="richtext_value">N.p.; act 1, scene 1, line 420.</p0826-teimww:hasPageHist>
    <p0826-teimww:hasText knoraType="richtext_value">[Barrisor:] I have heard of a fellow, that by a fixed imagination looking upon a Bulbaiting, had a &lt;span class="quote"&gt;visible pair of horns&lt;/span&gt; grow out of his forehead.</p0826-teimww:hasText>
    <p0826-teimww:hasTextHist knoraType="richtext_value">[Barrisor:] I have heard of a fellow, that by a fixt imagination looking upon a Bulbaiting, had a visible paire of hornes grew out of his forhead.</p0826-teimww:hasTextHist>
    <p0826-teimww:isMentionedIn>
      <p0826-teimww:passage knoraType="link_value" linkType="ref" target="ww_243bd4187601a37d"/>
    </p0826-teimww:isMentionedIn>
    <p0826-teimww:occursIn>
      <p0826-teimww:book knoraType="link_value" linkType="ref" target="ww_f38099d24a8f82da"/>
    </p0826-teimww:occursIn>
    <p0826-teimww:wasContributedBy>
      <p0826-teimww:person knoraType="link_value" linkType="ref" target="ww_7f35f6802efd910d"/>
    </p0826-teimww:wasContributedBy>
  </p0826-teimww:passage>
  <p0826-teimww:passage id="ww_093a551eba01df3d">
    <knoraXmlImport:label>passage</knoraXmlImport:label>
    <p0826-teimww:contains>
      <p0826-teimww:lexia knoraType="link_value" linkType="ref" target="ww_afd806b4bb5931a4"/>
    </p0826-teimww:contains>
    <p0826-teimww:hasPage knoraType="richtext_value">15 [normalized spelling].</p0826-teimww:hasPage>
    <p0826-teimww:hasPageHist knoraType="richtext_value">15.</p0826-teimww:hasPageHist>
    <p0826-teimww:hasText knoraType="richtext_value">[Quintiliano:] And yet take heed you swear by no man's bread but your own, for that may breed a quarrel: above all things &lt;span class="quote"&gt;you must carry no coals.&lt;/span&gt;</p0826-teimww:hasText>
    <p0826-teimww:hasTextHist knoraType="richtext_value">[Quintiliano:] And yet take heede you sweare by no mans bread but your owne, for that may breede a quarrell: aboue all things you must carry no coales.</p0826-teimww:hasTextHist>
    <p0826-teimww:isMentionedIn>
      <p0826-teimww:passage knoraType="link_value" linkType="ref" target="ww_f10a3c52cdfe2512"/>
    </p0826-teimww:isMentionedIn>
    <p0826-teimww:occursIn>
      <p0826-teimww:book knoraType="link_value" linkType="ref" target="ww_9878ac4728900ba4"/>
    </p0826-teimww:occursIn>
    <p0826-teimww:wasContributedBy>
      <p0826-teimww:person knoraType="link_value" linkType="ref" target="ww_c4063e9c72a3ffd2"/>
    </p0826-teimww:wasContributedBy>
  </p0826-teimww:passage>
  <p0826-teimww:passage id="ww_f10a3c52cdfe2512">
    <knoraXmlImport:label>passage</knoraXmlImport:label>
    <p0826-teimww:occursIn>
      <p0826-teimww:book knoraType="link_value" linkType="ref" target="ww_3e15ab6c612eadae"/>
    </p0826-teimww:occursIn>
  </p0826-teimww:passage>
  <p0826-teimww:passage id="ww_7d49236ed6eebd73">
    <knoraXmlImport:label>passage</knoraXmlImport:label>
    <p0826-teimww:contains>
      <p0826-teimww:lexia knoraType="link_value" linkType="ref" target="ww_9b2dbababbd6684b"/>
    </p0826-teimww:contains>
    <p0826-teimww:hasPage knoraType="richtext_value">286; scene 1, lines 36-37.</p0826-teimww:hasPage>
    <p0826-teimww:hasPageHist knoraType="richtext_value">N.p.; act 1, scene 1.</p0826-teimww:hasPageHist>
    <p0826-teimww:hasText knoraType="richtext_value">[Duke:] Admit I had, thou killst her now again; &lt;br/&gt;
And art more savage than a &lt;span class="quote"&gt;barbarous Moor&lt;/span&gt;.</p0826-teimww:hasText>
    <p0826-teimww:hasTextHist knoraType="richtext_value">[Duke:] Admit I had, thou killst her now againe; &lt;br/&gt;
And art more savage then a barbarous Moore.</p0826-teimww:hasTextHist>
    <p0826-teimww:isMentionedIn>
      <p0826-teimww:passage knoraType="link_value" linkType="ref" target="ww_888296c3c2e90ecc"/>
    </p0826-teimww:isMentionedIn>
    <p0826-teimww:occursIn>
      <p0826-teimww:book knoraType="link_value" linkType="ref" target="ww_ad87a567c9aa933d"/>
    </p0826-teimww:occursIn>
    <p0826-teimww:wasContributedBy>
      <p0826-teimww:person knoraType="link_value" linkType="ref" target="ww_b604df587d93b768"/>
    </p0826-teimww:wasContributedBy>
  </p0826-teimww:passage>
  <p0826-teimww:passage id="ww_b062fd1c813dbc86">
    <knoraXmlImport:label>passage</knoraXmlImport:label>
    <p0826-teimww:contains>
      <p0826-teimww:lexia knoraType="link_value" linkType="ref" target="ww_fba3108902c095f8"/>
    </p0826-teimww:contains>
    <p0826-teimww:contains>
      <p0826-teimww:lexia knoraType="link_value" linkType="ref" target="ww_38a77a7b4c28fdd0"/>
    </p0826-teimww:contains>
    <p0826-teimww:hasPage knoraType="richtext_value">I4 verso - K1 recto [normalized spelling].</p0826-teimww:hasPage>
    <p0826-teimww:hasPageHist knoraType="richtext_value">I4 verso - K1 recto.</p0826-teimww:hasPageHist>
    <p0826-teimww:hasText knoraType="richtext_value">This falling away of them, [...] hastied the last of the once hoped-for Prince, as from him that must notoriously know [...] that his father's Empire and Government, was but as the &lt;i&gt;Poetical Furry in a Stage-action&lt;/i&gt;, complete yet with horrid and Woful Tragedies: a first, but no second to any &lt;span class="quote"&gt;&lt;i&gt;Hamlet&lt;/i&gt;&lt;/span&gt;; and that now &lt;span class="quote"&gt;&lt;i&gt;Revenge&lt;/i&gt;, just &lt;i&gt;Revenge&lt;/i&gt;&lt;/span&gt; was coming with his Sword drawn against him, his royal Mother, and dearest Sister, to fill up those Murdering Scenes.</p0826-teimww:hasText>
    <p0826-teimww:hasTextHist knoraType="richtext_value">This falling away of them, [...] hastied the last of the once hoped-for Prince, as from him that must notoriously know [...] that his fathers Empire and Gouernment, was but as the &lt;i&gt;Poeticall Furie in a Stage-action&lt;/i&gt;, compleat yet with horrid and Wofull Tragedies: a first, but no second to &lt;span class="quote"&gt;any &lt;i&gt;Hamlet&lt;/i&gt;;and that now &lt;i&gt;Reuenge&lt;/i&gt;, iust &lt;i&gt;Reuenge&lt;/i&gt; was comming with his Sworde drawne against him, &lt;/span&gt;his royall Mother, and dearest Sister, to fill up those Murdering Sceanes.</p0826-teimww:hasTextHist>
    <p0826-teimww:isMentionedIn>
      <p0826-teimww:passage knoraType="link_value" linkType="ref" target="ww_1da8d055dd505a36"/>
    </p0826-teimww:isMentionedIn>
    <p0826-teimww:isMentionedIn>
      <p0826-teimww:passage knoraType="link_value" linkType="ref" target="ww_a79c9d0985aed7e9"/>
    </p0826-teimww:isMentionedIn>
    <p0826-teimww:isMentionedIn>
      <p0826-teimww:passage knoraType="link_value" linkType="ref" target="ww_26ef09e607f988dd"/>
    </p0826-teimww:isMentionedIn>
    <p0826-teimww:occursIn>
      <p0826-teimww:book knoraType="link_value" linkType="ref" target="ww_55082a41763c1d8b"/>
    </p0826-teimww:occursIn>
    <p0826-teimww:wasContributedBy>
      <p0826-teimww:person knoraType="link_value" linkType="ref" target="ww_b98e7021b3193ae3"/>
    </p0826-teimww:wasContributedBy>
  </p0826-teimww:passage>
  <p0826-teimww:passage id="ww_26ef09e607f988dd">
    <knoraXmlImport:label>passage</knoraXmlImport:label>
    <p0826-teimww:occursIn>
      <p0826-teimww:book knoraType="link_value" linkType="ref" target="ww_45707432cc4f2876"/>
    </p0826-teimww:occursIn>
  </p0826-teimww:passage>
  <p0826-teimww:passage id="ww_1da8d055dd505a36">
    <knoraXmlImport:label>passage</knoraXmlImport:label>
    <p0826-teimww:occursIn>
      <p0826-teimww:book knoraType="link_value" linkType="ref" target="ww_2f65899f08b5bb71"/>
    </p0826-teimww:occursIn>
  </p0826-teimww:passage>
  <p0826-teimww:passage id="ww_a79c9d0985aed7e9">
    <knoraXmlImport:label>passage</knoraXmlImport:label>
    <p0826-teimww:occursIn>
      <p0826-teimww:book knoraType="link_value" linkType="ref" target="ww_1140c36ab545b6d8"/>
    </p0826-teimww:occursIn>
  </p0826-teimww:passage>
  <p0826-teimww:passage id="ww_97fb096ae7ce9c3b">
    <knoraXmlImport:label>passage</knoraXmlImport:label>
    <p0826-teimww:contains>
      <p0826-teimww:lexia knoraType="link_value" linkType="ref" target="ww_ead79af7c765d93c"/>
    </p0826-teimww:contains>
    <p0826-teimww:hasPage knoraType="richtext_value">133 [normalized spelling].</p0826-teimww:hasPage>
    <p0826-teimww:hasPageHist knoraType="richtext_value">133.</p0826-teimww:hasPageHist>
    <p0826-teimww:hasText knoraType="richtext_value">[Security:] [...] &lt;span class="quote"&gt;A boat, a boat, a boat, a full hundred Marks for a boat.&lt;/span&gt;</p0826-teimww:hasText>
    <p0826-teimww:hasTextHist knoraType="richtext_value">[Securitie:] [...]. A boate, a boate, a boate, a full hunderd Markes for a boate.</p0826-teimww:hasTextHist>
    <p0826-teimww:isMentionedIn>
      <p0826-teimww:passage knoraType="link_value" linkType="ref" target="ww_39679d7edad359a5"/>
    </p0826-teimww:isMentionedIn>
    <p0826-teimww:occursIn>
      <p0826-teimww:book knoraType="link_value" linkType="ref" target="ww_c021f9c6c9cb807d"/>
    </p0826-teimww:occursIn>
    <p0826-teimww:wasContributedBy>
      <p0826-teimww:person knoraType="link_value" linkType="ref" target="ww_c4063e9c72a3ffd2"/>
    </p0826-teimww:wasContributedBy>
  </p0826-teimww:passage>
  <p0826-teimww:passage id="ww_39679d7edad359a5">
    <knoraXmlImport:label>passage</knoraXmlImport:label>
    <p0826-teimww:occursIn>
      <p0826-teimww:book knoraType="link_value" linkType="ref" target="ww_c0bb45384c6abc1f"/>
    </p0826-teimww:occursIn>
  </p0826-teimww:passage>
  <p0826-teimww:passage id="ww_24a7ed760b1e3587">
    <knoraXmlImport:label>passage</knoraXmlImport:label>
    <p0826-teimww:occursIn>
      <p0826-teimww:book knoraType="link_value" linkType="ref" target="ww_3e15ab6c612eadae"/>
    </p0826-teimww:occursIn>
  </p0826-teimww:passage>
  <p0826-teimww:passage id="ww_9b834e41cd350942">
    <knoraXmlImport:label>passage</knoraXmlImport:label>
    <p0826-teimww:contains>
      <p0826-teimww:lexia knoraType="link_value" linkType="ref" target="ww_ead79af7c765d93c"/>
    </p0826-teimww:contains>
    <p0826-teimww:hasPage knoraType="richtext_value">212 [normalized spelling].</p0826-teimww:hasPage>
    <p0826-teimww:hasPageHist knoraType="richtext_value">212.</p0826-teimww:hasPageHist>
    <p0826-teimww:hasText knoraType="richtext_value">[Don Zuccone:] [...] &lt;span class="quote"&gt;A fool, a fool, a fool! my Coxcombe for a fool!&lt;/span&gt;</p0826-teimww:hasText>
    <p0826-teimww:hasTextHist knoraType="richtext_value">[Don Zuccone:] [...] A foole, a foole, a foole! my Coxcombe for a foole!</p0826-teimww:hasTextHist>
    <p0826-teimww:isMentionedIn>
      <p0826-teimww:passage knoraType="link_value" linkType="ref" target="ww_537b2fc2853d9790"/>
    </p0826-teimww:isMentionedIn>
    <p0826-teimww:occursIn>
      <p0826-teimww:book knoraType="link_value" linkType="ref" target="ww_d77664dc4673002e"/>
    </p0826-teimww:occursIn>
    <p0826-teimww:wasContributedBy>
      <p0826-teimww:person knoraType="link_value" linkType="ref" target="ww_c4063e9c72a3ffd2"/>
    </p0826-teimww:wasContributedBy>
  </p0826-teimww:passage>
  <p0826-teimww:passage id="ww_537b2fc2853d9790">
    <knoraXmlImport:label>passage</knoraXmlImport:label>
    <p0826-teimww:occursIn>
      <p0826-teimww:book knoraType="link_value" linkType="ref" target="ww_c0bb45384c6abc1f"/>
    </p0826-teimww:occursIn>
  </p0826-teimww:passage>
  <p0826-teimww:passage id="ww_a82070c5e5a15f24">
    <knoraXmlImport:label>passage</knoraXmlImport:label>
    <p0826-teimww:contains>
      <p0826-teimww:lexia knoraType="link_value" linkType="ref" target="ww_e344f2a29373f3e8"/>
    </p0826-teimww:contains>
    <p0826-teimww:hasPage knoraType="richtext_value">120 [normalized spelling].</p0826-teimww:hasPage>
    <p0826-teimww:hasPageHist knoraType="richtext_value">120.</p0826-teimww:hasPageHist>
    <p0826-teimww:hasText knoraType="richtext_value">[Touchstone:] Master me no more &lt;span class="quote"&gt;Son &lt;/span&gt;if though think's me worthy to by thy father.&lt;br&gt;
[Gertrude:] &lt;span class="quote"&gt;Sun? &lt;/span&gt;Now good Lord how he shines and you mark him! he's a gentleman.</p0826-teimww:hasText>
    <p0826-teimww:hasTextHist knoraType="richtext_value">[Touchstone:] Master me no more &lt;span class="quote"&gt;Sonne &lt;/span&gt;if though think's me worthy to by thy father.
[Gertrude:] &lt;span class="quote"&gt;Sunne? &lt;/span&gt;Now good Lord how he shines and you marke him! hee's a gentleman. John Marston, George Chapman and Ben Jonson. </p0826-teimww:hasTextHist>
    <p0826-teimww:occursIn>
      <p0826-teimww:book knoraType="link_value" linkType="ref" target="ww_c021f9c6c9cb807d"/>
    </p0826-teimww:occursIn>
    <p0826-teimww:wasContributedBy>
      <p0826-teimww:person knoraType="link_value" linkType="ref" target="ww_c4063e9c72a3ffd2"/>
    </p0826-teimww:wasContributedBy>
  </p0826-teimww:passage>
  <p0826-teimww:passage id="ww_fab5a15a5a83c965">
    <knoraXmlImport:label>passage</knoraXmlImport:label>
    <p0826-teimww:contains>
      <p0826-teimww:lexia knoraType="link_value" linkType="ref" target="ww_5d4a59d059f85b62"/>
    </p0826-teimww:contains>
    <p0826-teimww:hasPage knoraType="richtext_value">N.p.; act 1, scene 6, lines 70-71 [normalised spelling].</p0826-teimww:hasPage>
    <p0826-teimww:hasPageHist knoraType="richtext_value">N.p.; act 1, scene 6, lines 70-71.</p0826-teimww:hasPageHist>
    <p0826-teimww:hasText knoraType="richtext_value">[Caesar:] […] And fearlessly past the &lt;span class="quote"&gt;toiling Hellespont&lt;/span&gt;, &lt;br&gt;
Famous for amorous Leander's death […].</p0826-teimww:hasText>
    <p0826-teimww:hasTextHist knoraType="richtext_value">[Caesar:] […] And dredeles past the toyling Hellespont, &lt;br&gt;
Famous for amorous Leanders death […].</p0826-teimww:hasTextHist>
    <p0826-teimww:isMentionedIn>
      <p0826-teimww:passage knoraType="link_value" linkType="ref" target="ww_8134986f6f146b68"/>
    </p0826-teimww:isMentionedIn>
    <p0826-teimww:occursIn>
      <p0826-teimww:book knoraType="link_value" linkType="ref" target="ww_17675e9418dc9f39"/>
    </p0826-teimww:occursIn>
    <p0826-teimww:wasContributedBy>
      <p0826-teimww:person knoraType="link_value" linkType="ref" target="ww_7f35f6802efd910d"/>
    </p0826-teimww:wasContributedBy>
  </p0826-teimww:passage>
  <p0826-teimww:passage id="ww_8437ffb156f95d23">
    <knoraXmlImport:label>passage</knoraXmlImport:label>
    <p0826-teimww:occursIn>
      <p0826-teimww:book knoraType="link_value" linkType="ref" target="ww_b3931845d54b98d5"/>
    </p0826-teimww:occursIn>
  </p0826-teimww:passage>
  <p0826-teimww:passage id="ww_cb06135a5f166790">
    <knoraXmlImport:label>passage</knoraXmlImport:label>
    <p0826-teimww:contains>
      <p0826-teimww:lexia knoraType="link_value" linkType="ref" target="ww_331373f6652531c0"/>
    </p0826-teimww:contains>
    <p0826-teimww:hasPage knoraType="richtext_value">189; act 3, scene 1 [normalized spelling].</p0826-teimww:hasPage>
    <p0826-teimww:hasPageHist knoraType="richtext_value">189; act 3, scene 1.</p0826-teimww:hasPageHist>
    <p0826-teimww:hasText knoraType="richtext_value">[Gond.:] My Lord, I speak not this to gain new grace, &lt;br&gt;
But howsoever you esteem my words, &lt;br&gt;
My love and duty will not suffer me &lt;br&gt;
To see you favour such a prostitute, &lt;br&gt;
And I stand by dumb; without Rack, Torture, &lt;br&gt;
Or Strappado, I'll unrip myself, &lt;br&gt;
I do confess I was in company with &lt;span class="quote"&gt;that pleasing peace of frailty, that we call woman&lt;/span&gt;; &lt;br&gt;
I do confess after along and tedious seige, I yielded.</p0826-teimww:hasText>
    <p0826-teimww:hasTextHist knoraType="richtext_value">[Gond.:] My Lord, I speake not this to gaine new grace, &lt;br&gt;
But howsoever you esteeme my wordes, &lt;br&gt;
My love and dutie will not suffer mee &lt;br&gt;
To see you favour such a prostitute, &lt;br&gt;
And I stand by dumb; without Racke, Torture, &lt;br&gt;
Or Strappado, Ile unrippe my selfe, &lt;br&gt;
I doe confesse I was in company with &lt;span class="quote"&gt;that pleasing peece of frailtie, that we call woman&lt;/span&gt;; &lt;br&gt;
I doe confesse after along and tedious seige, I yeelded.</p0826-teimww:hasTextHist>
    <p0826-teimww:isMentionedIn>
      <p0826-teimww:passage knoraType="link_value" linkType="ref" target="ww_c76082513d0ff9d3"/>
    </p0826-teimww:isMentionedIn>
    <p0826-teimww:occursIn>
      <p0826-teimww:book knoraType="link_value" linkType="ref" target="ww_7c3febaec4e5aacf"/>
    </p0826-teimww:occursIn>
    <p0826-teimww:wasContributedBy>
      <p0826-teimww:person knoraType="link_value" linkType="ref" target="ww_b05ab3db9fd9054a"/>
    </p0826-teimww:wasContributedBy>
  </p0826-teimww:passage>
  <p0826-teimww:passage id="ww_79a2a8e15ff5582a">
    <knoraXmlImport:label>passage</knoraXmlImport:label>
    <p0826-teimww:contains>
      <p0826-teimww:lexia knoraType="link_value" linkType="ref" target="ww_121f51dd1d4fa186"/>
    </p0826-teimww:contains>
    <p0826-teimww:contains>
      <p0826-teimww:lexia knoraType="link_value" linkType="ref" target="ww_30cb4378cd2d5901"/>
    </p0826-teimww:contains>
    <p0826-teimww:hasPage knoraType="richtext_value">E1 recto [normalized spelling].</p0826-teimww:hasPage>
    <p0826-teimww:hasPageHist knoraType="richtext_value">E1 recto.</p0826-teimww:hasPageHist>
    <p0826-teimww:hasText knoraType="richtext_value">And might it not, as Lady sometimes joy,&lt;br&gt;
&lt;span class="quote"&gt;T'have decked, and trim'd this now rainbeaten face,&lt;br&gt;
With many a trick&lt;/span&gt;, and new-found pleasing toy?&lt;br&gt;
Which if that now,&lt;span class="quote"&gt; she did behold her case,&lt;br&gt;&lt;/span&gt;
Although on earth, she were for to remain,&lt;br&gt;
She would not paint, nor trim it up again.</p0826-teimww:hasText>
    <p0826-teimww:hasTextHist knoraType="richtext_value">And might it not, as Lady somtimes ioye,&lt;br&gt;
&lt;span class="quote"&gt;T'haue deckt, and trim'd this now rainbeaten face,&lt;br&gt;
With many a trick, and new-found pleasing toye?&lt;br&gt;
Which if that now, she did behold her case,&lt;br&gt;&lt;/span&gt;
Although on earth, she were for to remaine,&lt;br&gt;
She would not paint, nor trimme it vp againe.</p0826-teimww:hasTextHist>
    <p0826-teimww:isMentionedIn>
      <p0826-teimww:passage knoraType="link_value" linkType="ref" target="ww_8753ce54515e44ae"/>
    </p0826-teimww:isMentionedIn>
    <p0826-teimww:isMentionedIn>
      <p0826-teimww:passage knoraType="link_value" linkType="ref" target="ww_5f93b08d32164dfb"/>
    </p0826-teimww:isMentionedIn>
    <p0826-teimww:occursIn>
      <p0826-teimww:book knoraType="link_value" linkType="ref" target="ww_9d64f79445831f4a"/>
    </p0826-teimww:occursIn>
    <p0826-teimww:wasContributedBy>
      <p0826-teimww:person knoraType="link_value" linkType="ref" target="ww_c4063e9c72a3ffd2"/>
    </p0826-teimww:wasContributedBy>
  </p0826-teimww:passage>
  <p0826-teimww:passage id="ww_8753ce54515e44ae">
    <knoraXmlImport:label>passage</knoraXmlImport:label>
    <p0826-teimww:occursIn>
      <p0826-teimww:book knoraType="link_value" linkType="ref" target="ww_91e0dc4c671938fa"/>
    </p0826-teimww:occursIn>
  </p0826-teimww:passage>
  <p0826-teimww:passage id="ww_5f93b08d32164dfb">
    <knoraXmlImport:label>passage</knoraXmlImport:label>
    <p0826-teimww:occursIn>
      <p0826-teimww:book knoraType="link_value" linkType="ref" target="ww_1140c36ab545b6d8"/>
    </p0826-teimww:occursIn>
  </p0826-teimww:passage>
  <p0826-teimww:passage id="ww_235daab54b6bb499">
    <knoraXmlImport:label>passage</knoraXmlImport:label>
    <p0826-teimww:occursIn>
      <p0826-teimww:book knoraType="link_value" linkType="ref" target="ww_91e0dc4c671938fa"/>
    </p0826-teimww:occursIn>
  </p0826-teimww:passage>
  <p0826-teimww:passage id="ww_c40ed8873aaa2379">
    <knoraXmlImport:label>passage</knoraXmlImport:label>
    <p0826-teimww:occursIn>
      <p0826-teimww:book knoraType="link_value" linkType="ref" target="ww_55bc1a3b04bf8a8d"/>
    </p0826-teimww:occursIn>
  </p0826-teimww:passage>
  <p0826-teimww:passage id="ww_f51c253b0d26e2c1">
    <knoraXmlImport:label>passage</knoraXmlImport:label>
    <p0826-teimww:occursIn>
      <p0826-teimww:book knoraType="link_value" linkType="ref" target="ww_b3931845d54b98d5"/>
    </p0826-teimww:occursIn>
  </p0826-teimww:passage>
  <p0826-teimww:passage id="ww_a99d237061107cf0">
    <knoraXmlImport:label>passage</knoraXmlImport:label>
    <p0826-teimww:contains>
      <p0826-teimww:lexia knoraType="link_value" linkType="ref" target="ww_5925755e92cd2a98"/>
    </p0826-teimww:contains>
    <p0826-teimww:hasPage knoraType="richtext_value">Act 1, scene 5, lines 43-45.</p0826-teimww:hasPage>
    <p0826-teimww:hasText knoraType="richtext_value">[Lady Macbeth:] The &lt;span class="quote"&gt;raven himself is hoarse &lt;br&gt;
That croaks &lt;/span&gt;the fatal entrance of Duncan &lt;br&gt;
Under my battlements.</p0826-teimww:hasText>
    <p0826-teimww:isMentionedIn>
      <p0826-teimww:passage knoraType="link_value" linkType="ref" target="ww_7d9ce7ba9d460fcb"/>
    </p0826-teimww:isMentionedIn>
    <p0826-teimww:occursIn>
      <p0826-teimww:book knoraType="link_value" linkType="ref" target="ww_7114631e1c7c2d84"/>
    </p0826-teimww:occursIn>
    <p0826-teimww:wasContributedBy>
      <p0826-teimww:person knoraType="link_value" linkType="ref" target="ww_7f35f6802efd910d"/>
    </p0826-teimww:wasContributedBy>
  </p0826-teimww:passage>
  <p0826-teimww:passage id="ww_8840f92a9ae7c490">
    <knoraXmlImport:label>passage</knoraXmlImport:label>
    <p0826-teimww:contains>
      <p0826-teimww:lexia knoraType="link_value" linkType="ref" target="ww_a310d044de3a362c"/>
    </p0826-teimww:contains>
    <p0826-teimww:contains>
      <p0826-teimww:lexia knoraType="link_value" linkType="ref" target="ww_1a5772a28f937579"/>
    </p0826-teimww:contains>
    <p0826-teimww:hasPage knoraType="richtext_value">N.p.; act 2, scene 1, lines 294-295 [normalized spelling]</p0826-teimww:hasPage>
    <p0826-teimww:hasPageHist knoraType="richtext_value">N.p.; act 2, scene 1, lines 294-295.</p0826-teimww:hasPageHist>
    <p0826-teimww:hasText knoraType="richtext_value">[Captain:] Here do I mean to crunch, to munch, to eat, &lt;br&gt;
&lt;span class="quote"&gt;To feed, and be fat my fine Calipolis. &lt;/span&gt;</p0826-teimww:hasText>
    <p0826-teimww:hasTextHist knoraType="richtext_value">[Captain:] Here doe I meane to cranch, to munch, to eate, &lt;br&gt;
To feed, and be fat my fine Cullapolis. </p0826-teimww:hasTextHist>
    <p0826-teimww:isMentionedIn>
      <p0826-teimww:passage knoraType="link_value" linkType="ref" target="ww_48c69392e9ffe5f5"/>
    </p0826-teimww:isMentionedIn>
    <p0826-teimww:occursIn>
      <p0826-teimww:book knoraType="link_value" linkType="ref" target="ww_231a164bb5b9d142"/>
    </p0826-teimww:occursIn>
    <p0826-teimww:wasContributedBy>
      <p0826-teimww:person knoraType="link_value" linkType="ref" target="ww_7f35f6802efd910d"/>
    </p0826-teimww:wasContributedBy>
  </p0826-teimww:passage>
  <p0826-teimww:passage id="ww_48c69392e9ffe5f5">
    <knoraXmlImport:label>passage</knoraXmlImport:label>
    <p0826-teimww:occursIn>
      <p0826-teimww:book knoraType="link_value" linkType="ref" target="ww_3e15ab6c612eadae"/>
    </p0826-teimww:occursIn>
  </p0826-teimww:passage>
  <p0826-teimww:passage id="ww_eff059d5f869a3ad">
    <knoraXmlImport:label>passage</knoraXmlImport:label>
    <p0826-teimww:contains>
      <p0826-teimww:lexia knoraType="link_value" linkType="ref" target="ww_121f51dd1d4fa186"/>
    </p0826-teimww:contains>
    <p0826-teimww:contains>
      <p0826-teimww:lexia knoraType="link_value" linkType="ref" target="ww_72dd154a3c35c943"/>
    </p0826-teimww:contains>
    <p0826-teimww:hasPage knoraType="richtext_value">16; lines 497-502 [normalized spelling].</p0826-teimww:hasPage>
    <p0826-teimww:hasPageHist knoraType="richtext_value">16; lines 497-502.</p0826-teimww:hasPageHist>
    <p0826-teimww:hasText knoraType="richtext_value">Some on their heads did bear the fatal sign,&lt;br&gt;
Which of fools future fortune did divine,&lt;br&gt;
Others again Morisko caps did wear&lt;br&gt;
Maid-marrian-like with brooches in each ear&lt;br&gt;
And Indian-like did &lt;span class="quote"&gt;paint inch thick &lt;/span&gt;in view;&lt;br&gt;
Though nature‘s red and white were Angel‘s hue. </p0826-teimww:hasText>
    <p0826-teimww:hasTextHist knoraType="richtext_value">Some on their heads did beare the fatall signe,&lt;br&gt;
Which of fooles future fortune did diuine,&lt;br&gt;
Others againe Morisko caps did weare&lt;br&gt;
Maid-marrian-like with brooches in each eare&lt;br&gt;
And Indian-like did &lt;span class="quote"&gt;paint inch thicke &lt;/span&gt;in view;&lt;br&gt;
Though natures red and white were Angels hew. </p0826-teimww:hasTextHist>
    <p0826-teimww:isMentionedIn>
      <p0826-teimww:passage knoraType="link_value" linkType="ref" target="ww_930ca3ad40e65f64"/>
    </p0826-teimww:isMentionedIn>
    <p0826-teimww:occursIn>
      <p0826-teimww:book knoraType="link_value" linkType="ref" target="ww_bb778743185401c7"/>
    </p0826-teimww:occursIn>
    <p0826-teimww:wasContributedBy>
      <p0826-teimww:person knoraType="link_value" linkType="ref" target="ww_c4063e9c72a3ffd2"/>
    </p0826-teimww:wasContributedBy>
  </p0826-teimww:passage>
  <p0826-teimww:passage id="ww_930ca3ad40e65f64">
    <knoraXmlImport:label>passage</knoraXmlImport:label>
    <p0826-teimww:occursIn>
      <p0826-teimww:book knoraType="link_value" linkType="ref" target="ww_3e15ab6c612eadae"/>
    </p0826-teimww:occursIn>
  </p0826-teimww:passage>
  <p0826-teimww:passage id="ww_15acbb8562625368">
    <knoraXmlImport:label>passage</knoraXmlImport:label>
    <p0826-teimww:contains>
      <p0826-teimww:lexia knoraType="link_value" linkType="ref" target="ww_3c95d7400a0058de"/>
    </p0826-teimww:contains>
    <p0826-teimww:contains>
      <p0826-teimww:lexia knoraType="link_value" linkType="ref" target="ww_fe6fa2da26ced2ba"/>
    </p0826-teimww:contains>
    <p0826-teimww:contains>
      <p0826-teimww:lexia knoraType="link_value" linkType="ref" target="ww_17ef6dc16d561a28"/>
    </p0826-teimww:contains>
    <p0826-teimww:contains>
      <p0826-teimww:lexia knoraType="link_value" linkType="ref" target="ww_3709637097b9bcd6"/>
    </p0826-teimww:contains>
    <p0826-teimww:hasPage knoraType="richtext_value">Act 5, scene 4, lines 28-30.</p0826-teimww:hasPage>
    <p0826-teimww:hasText knoraType="richtext_value">[Sicinius:] He loved &lt;span class="quote"&gt;his mother dearly.&lt;br&gt;&lt;/span&gt;
[Menenius:] [...] &lt;span class="quote"&gt;There is no more mercy in him than there is &lt;span class="quote"&gt;milk in a male tiger.</p0826-teimww:hasText>
    <p0826-teimww:isMentionedIn>
      <p0826-teimww:passage knoraType="link_value" linkType="ref" target="ww_917ebdee6f1bca87"/>
    </p0826-teimww:isMentionedIn>
    <p0826-teimww:isMentionedIn>
      <p0826-teimww:passage knoraType="link_value" linkType="ref" target="ww_903247bfcad639fd"/>
    </p0826-teimww:isMentionedIn>
    <p0826-teimww:occursIn>
      <p0826-teimww:book knoraType="link_value" linkType="ref" target="ww_1bfa3812390e9c05"/>
    </p0826-teimww:occursIn>
    <p0826-teimww:wasContributedBy>
      <p0826-teimww:person knoraType="link_value" linkType="ref" target="ww_c4063e9c72a3ffd2"/>
    </p0826-teimww:wasContributedBy>
  </p0826-teimww:passage>
  <p0826-teimww:passage id="ww_917ebdee6f1bca87">
    <knoraXmlImport:label>passage</knoraXmlImport:label>
    <p0826-teimww:occursIn>
      <p0826-teimww:book knoraType="link_value" linkType="ref" target="ww_db0e9fa009aad7b3"/>
    </p0826-teimww:occursIn>
  </p0826-teimww:passage>
  <p0826-teimww:passage id="ww_6f4d6e9c5d8b24f4">
    <knoraXmlImport:label>passage</knoraXmlImport:label>
    <p0826-teimww:contains>
      <p0826-teimww:lexia knoraType="link_value" linkType="ref" target="ww_d16fc7ea4dc4dd74"/>
    </p0826-teimww:contains>
    <p0826-teimww:contains>
      <p0826-teimww:lexia knoraType="link_value" linkType="ref" target="ww_38a77a7b4c28fdd0"/>
    </p0826-teimww:contains>
    <p0826-teimww:hasText knoraType="richtext_value">&lt;span class="quote"&gt;The Historie of Hamblet&lt;/span&gt;</p0826-teimww:hasText>
    <p0826-teimww:isMentionedIn>
      <p0826-teimww:passage knoraType="link_value" linkType="ref" target="ww_a175810f35edb414"/>
    </p0826-teimww:isMentionedIn>
    <p0826-teimww:occursIn>
      <p0826-teimww:book knoraType="link_value" linkType="ref" target="ww_9d62e7b28d3a5fa1"/>
    </p0826-teimww:occursIn>
    <p0826-teimww:wasContributedBy>
      <p0826-teimww:person knoraType="link_value" linkType="ref" target="ww_c4063e9c72a3ffd2"/>
    </p0826-teimww:wasContributedBy>
  </p0826-teimww:passage>
  <p0826-teimww:passage id="ww_a175810f35edb414">
    <knoraXmlImport:label>passage</knoraXmlImport:label>
    <p0826-teimww:occursIn>
      <p0826-teimww:book knoraType="link_value" linkType="ref" target="ww_f3b3659c26b68006"/>
    </p0826-teimww:occursIn>
  </p0826-teimww:passage>
  <p0826-teimww:passage id="ww_6219e3c5bc87dd83">
    <knoraXmlImport:label>passage</knoraXmlImport:label>
    <p0826-teimww:contains>
      <p0826-teimww:lexia knoraType="link_value" linkType="ref" target="ww_f980d22566f52283"/>
    </p0826-teimww:contains>
    <p0826-teimww:hasPage knoraType="richtext_value">82; act 1, scene 2, lines 176-177 [normalized spelling].</p0826-teimww:hasPage>
    <p0826-teimww:hasPageHist knoraType="richtext_value">82; act 1, scene 2, lines 176-177.</p0826-teimww:hasPageHist>
    <p0826-teimww:hasText knoraType="richtext_value">[Count:] Long mayst thou wear thy Knightshood and thy Spurs&lt;br&gt;
&lt;span class="quote"&gt;Prick thee to Honour on, and prick off Curs&lt;/span&gt; [...].</p0826-teimww:hasText>
    <p0826-teimww:hasTextHist knoraType="richtext_value">[Count:] Long maist thou wear thy Knights-hood and thy Spurs&lt;br&gt;
Pricke thee to Honor on, and pricke off Curs [.].</p0826-teimww:hasTextHist>
    <p0826-teimww:isMentionedIn>
      <p0826-teimww:passage knoraType="link_value" linkType="ref" target="ww_23c8be6b81bfc66e"/>
    </p0826-teimww:isMentionedIn>
    <p0826-teimww:occursIn>
      <p0826-teimww:book knoraType="link_value" linkType="ref" target="ww_6e666f6effc63da3"/>
    </p0826-teimww:occursIn>
    <p0826-teimww:wasContributedBy>
      <p0826-teimww:person knoraType="link_value" linkType="ref" target="ww_c4063e9c72a3ffd2"/>
    </p0826-teimww:wasContributedBy>
  </p0826-teimww:passage>
  <p0826-teimww:passage id="ww_23c8be6b81bfc66e">
    <knoraXmlImport:label>passage</knoraXmlImport:label>
    <p0826-teimww:occursIn>
      <p0826-teimww:book knoraType="link_value" linkType="ref" target="ww_b5ea9b35c899d367"/>
    </p0826-teimww:occursIn>
  </p0826-teimww:passage>
  <p0826-teimww:passage id="ww_a633855346ca9449">
    <knoraXmlImport:label>passage</knoraXmlImport:label>
    <p0826-teimww:contains>
      <p0826-teimww:lexia knoraType="link_value" linkType="ref" target="ww_e344f2a29373f3e8"/>
    </p0826-teimww:contains>
    <p0826-teimww:hasPage knoraType="richtext_value">N.p. [normalized spelling].</p0826-teimww:hasPage>
    <p0826-teimww:hasText knoraType="richtext_value">Joy at the uprising of this &lt;span class="quote"&gt;Sun, and Son&lt;/span&gt; [...].</p0826-teimww:hasText>
    <p0826-teimww:hasTextHist knoraType="richtext_value">Joy at the uprising of this Sunne, and Sonne [...].</p0826-teimww:hasTextHist>
    <p0826-teimww:occursIn>
      <p0826-teimww:book knoraType="link_value" linkType="ref" target="ww_e5b271060a8d1d96"/>
    </p0826-teimww:occursIn>
    <p0826-teimww:wasContributedBy>
      <p0826-teimww:person knoraType="link_value" linkType="ref" target="ww_7f35f6802efd910d"/>
    </p0826-teimww:wasContributedBy>
  </p0826-teimww:passage>
  <p0826-teimww:passage id="ww_08602a6d338c8d7b">
    <knoraXmlImport:label>passage</knoraXmlImport:label>
    <p0826-teimww:contains>
      <p0826-teimww:lexia knoraType="link_value" linkType="ref" target="ww_3f4d9f4b35e2f37e"/>
    </p0826-teimww:contains>
    <p0826-teimww:contains>
      <p0826-teimww:lexia knoraType="link_value" linkType="ref" target="ww_6f238335d10a9530"/>
    </p0826-teimww:contains>
    <p0826-teimww:hasPage knoraType="richtext_value">99; act 2, scene 2, line 338 [normalized spelling].</p0826-teimww:hasPage>
    <p0826-teimww:hasPageHist knoraType="richtext_value">99; act 2, scene 2, line 338.</p0826-teimww:hasPageHist>
    <p0826-teimww:hasText knoraType="richtext_value">[Worldly:] &lt;span class="quote"&gt;What louring Star rul'd my Nativity &lt;/span&gt;[...].</p0826-teimww:hasText>
    <p0826-teimww:hasTextHist knoraType="richtext_value">[Worldly:]  &lt;span class="quote"&gt;What lowring Starre rul'd my Natiuity &lt;/span&gt;[...].</p0826-teimww:hasTextHist>
    <p0826-teimww:isMentionedIn>
      <p0826-teimww:passage knoraType="link_value" linkType="ref" target="ww_da2a8259549263a2"/>
    </p0826-teimww:isMentionedIn>
    <p0826-teimww:occursIn>
      <p0826-teimww:book knoraType="link_value" linkType="ref" target="ww_6e666f6effc63da3"/>
    </p0826-teimww:occursIn>
    <p0826-teimww:wasContributedBy>
      <p0826-teimww:person knoraType="link_value" linkType="ref" target="ww_c4063e9c72a3ffd2"/>
    </p0826-teimww:wasContributedBy>
  </p0826-teimww:passage>
  <p0826-teimww:passage id="ww_334654055bb17104">
    <knoraXmlImport:label>passage</knoraXmlImport:label>
    <p0826-teimww:contains>
      <p0826-teimww:lexia knoraType="link_value" linkType="ref" target="ww_39c20775a1f962ae"/>
    </p0826-teimww:contains>
    <p0826-teimww:hasPage knoraType="richtext_value">103; act 5, scene 1, line 54, 56-57.</p0826-teimww:hasPage>
    <p0826-teimww:hasText knoraType="richtext_value">[D’Amville:] What &lt;span class="quote"&gt;groan&lt;/span&gt; is that? &lt;br&gt;
[…] The &lt;span class="quote"&gt;cries of mandrakes&lt;/span&gt; never touch'd the ear with more sad horror than that voice does mine.</p0826-teimww:hasText>
    <p0826-teimww:isMentionedIn>
      <p0826-teimww:passage knoraType="link_value" linkType="ref" target="ww_7a0909b5d6727be4"/>
    </p0826-teimww:isMentionedIn>
    <p0826-teimww:occursIn>
      <p0826-teimww:book knoraType="link_value" linkType="ref" target="ww_2d0eea6c7b8afc36"/>
    </p0826-teimww:occursIn>
    <p0826-teimww:wasContributedBy>
      <p0826-teimww:person knoraType="link_value" linkType="ref" target="ww_7f35f6802efd910d"/>
    </p0826-teimww:wasContributedBy>
  </p0826-teimww:passage>
  <p0826-teimww:passage id="ww_7a0909b5d6727be4">
    <knoraXmlImport:label>passage</knoraXmlImport:label>
    <p0826-teimww:occursIn>
      <p0826-teimww:book knoraType="link_value" linkType="ref" target="ww_5eeeb3e78e8b0bc3"/>
    </p0826-teimww:occursIn>
  </p0826-teimww:passage>
  <p0826-teimww:passage id="ww_c1be74f285504d1b">
    <knoraXmlImport:label>passage</knoraXmlImport:label>
    <p0826-teimww:contains>
      <p0826-teimww:lexia knoraType="link_value" linkType="ref" target="ww_1eea7f63b6f52a44"/>
    </p0826-teimww:contains>
    <p0826-teimww:hasPage knoraType="richtext_value">act 1, scene 2, lines 176-178.</p0826-teimww:hasPage>
    <p0826-teimww:hasText knoraType="richtext_value">[Languebeau:] [...] Verily my Lord, my praise came short of her worth. &lt;span class="quote"&gt;She excedes a jewel. This is but only for ornament, &lt;/span&gt;she both for ornament and use.</p0826-teimww:hasText>
    <p0826-teimww:isMentionedIn>
      <p0826-teimww:passage knoraType="link_value" linkType="ref" target="ww_4def7254972f4dac"/>
    </p0826-teimww:isMentionedIn>
    <p0826-teimww:occursIn>
      <p0826-teimww:book knoraType="link_value" linkType="ref" target="ww_2d0eea6c7b8afc36"/>
    </p0826-teimww:occursIn>
    <p0826-teimww:wasContributedBy>
      <p0826-teimww:person knoraType="link_value" linkType="ref" target="ww_c4063e9c72a3ffd2"/>
    </p0826-teimww:wasContributedBy>
  </p0826-teimww:passage>
  <p0826-teimww:passage id="ww_4def7254972f4dac">
    <knoraXmlImport:label>passage</knoraXmlImport:label>
    <p0826-teimww:occursIn>
      <p0826-teimww:book knoraType="link_value" linkType="ref" target="ww_1140c36ab545b6d8"/>
    </p0826-teimww:occursIn>
  </p0826-teimww:passage>
  <p0826-teimww:passage id="ww_86b335b227e13bd5">
    <knoraXmlImport:label>passage</knoraXmlImport:label>
    <p0826-teimww:contains>
      <p0826-teimww:lexia knoraType="link_value" linkType="ref" target="ww_f980d22566f52283"/>
    </p0826-teimww:contains>
    <p0826-teimww:contains>
      <p0826-teimww:lexia knoraType="link_value" linkType="ref" target="ww_edefda9dee98e190"/>
    </p0826-teimww:contains>
    <p0826-teimww:hasPage knoraType="richtext_value">216; act 4, scene 3, lines 24-25 [normalized spelling].</p0826-teimww:hasPage>
    <p0826-teimww:hasPageHist knoraType="richtext_value">216; act 4, scene 1, lines 307-309.</p0826-teimww:hasPageHist>
    <p0826-teimww:hasText knoraType="richtext_value">[Seldom:] [...] Did you never see &lt;br&gt;
The Play, where the &lt;span class="quote"&gt;fat Knight&lt;/span&gt; hight &lt;i&gt;Old-castle&lt;/i&gt;, &lt;br&gt;
Did tell you truly what this&lt;span class="quote"&gt; honor&lt;/span&gt; was? </p0826-teimww:hasText>
    <p0826-teimww:hasTextHist knoraType="richtext_value">[Seldom:] [...] Did you neuer see &lt;br&gt;
The Play, where the fat Knight hight Old-castle , &lt;br&gt;
Did tell you truly what this honor was? </p0826-teimww:hasTextHist>
    <p0826-teimww:isMentionedIn>
      <p0826-teimww:passage knoraType="link_value" linkType="ref" target="ww_9155070c24e8a439"/>
    </p0826-teimww:isMentionedIn>
    <p0826-teimww:occursIn>
      <p0826-teimww:book knoraType="link_value" linkType="ref" target="ww_90bb6791f9507246"/>
    </p0826-teimww:occursIn>
    <p0826-teimww:wasContributedBy>
      <p0826-teimww:person knoraType="link_value" linkType="ref" target="ww_7f35f6802efd910d"/>
    </p0826-teimww:wasContributedBy>
  </p0826-teimww:passage>
  <p0826-teimww:passage id="ww_9155070c24e8a439">
    <knoraXmlImport:label>passage</knoraXmlImport:label>
    <p0826-teimww:occursIn>
      <p0826-teimww:book knoraType="link_value" linkType="ref" target="ww_b5ea9b35c899d367"/>
    </p0826-teimww:occursIn>
  </p0826-teimww:passage>
  <p0826-teimww:passage id="ww_491e6ad06466acb5">
    <knoraXmlImport:label>passage</knoraXmlImport:label>
    <p0826-teimww:contains>
      <p0826-teimww:lexia knoraType="link_value" linkType="ref" target="ww_d09d0b6b821995b5"/>
    </p0826-teimww:contains>
    <p0826-teimww:hasPage knoraType="richtext_value">10 [normalized spelling].</p0826-teimww:hasPage>
    <p0826-teimww:hasPageHist knoraType="richtext_value">10.</p0826-teimww:hasPageHist>
    <p0826-teimww:hasText knoraType="richtext_value">[Rogero:] [...] No, but I'll show him better metal than ere the &lt;span class="quote"&gt;Gallimaufry&lt;/span&gt; his father used. </p0826-teimww:hasText>
    <p0826-teimww:hasTextHist knoraType="richtext_value">[Rogero:] [...] No, but Ile show him better mettall then ere the Gallemawfry his father used. </p0826-teimww:hasTextHist>
    <p0826-teimww:isMentionedIn>
      <p0826-teimww:passage knoraType="link_value" linkType="ref" target="ww_2b0d10c3573e485d"/>
    </p0826-teimww:isMentionedIn>
    <p0826-teimww:occursIn>
      <p0826-teimww:book knoraType="link_value" linkType="ref" target="ww_56e2bc4eb5abe25b"/>
    </p0826-teimww:occursIn>
    <p0826-teimww:wasContributedBy>
      <p0826-teimww:person knoraType="link_value" linkType="ref" target="ww_c4063e9c72a3ffd2"/>
    </p0826-teimww:wasContributedBy>
  </p0826-teimww:passage>
  <p0826-teimww:passage id="ww_2b0d10c3573e485d">
    <knoraXmlImport:label>passage</knoraXmlImport:label>
    <p0826-teimww:occursIn>
      <p0826-teimww:book knoraType="link_value" linkType="ref" target="ww_3e15ab6c612eadae"/>
    </p0826-teimww:occursIn>
  </p0826-teimww:passage>
  <p0826-teimww:passage id="ww_0ad1a657e934d9cc">
    <knoraXmlImport:label>passage</knoraXmlImport:label>
    <p0826-teimww:occursIn>
      <p0826-teimww:book knoraType="link_value" linkType="ref" target="ww_3e15ab6c612eadae"/>
    </p0826-teimww:occursIn>
  </p0826-teimww:passage>
  <p0826-teimww:passage id="ww_0d28baaf4b818c0d">
    <knoraXmlImport:label>passage</knoraXmlImport:label>
    <p0826-teimww:contains>
      <p0826-teimww:lexia knoraType="link_value" linkType="ref" target="ww_52257357dab479f0"/>
    </p0826-teimww:contains>
    <p0826-teimww:hasPage knoraType="richtext_value">Act 4, scene 4, lines 640-643.</p0826-teimww:hasPage>
    <p0826-teimww:hasText knoraType="richtext_value">[Florizell:] [...] But as th' unthought-on accident is guilty &lt;br&gt;
To what we wildly do, so we profess &lt;br&gt;
Ourselves to be &lt;span class="quote"&gt;the slaves of chance, &lt;/span&gt;and flies &lt;br&gt;
Of every wind that blows.</p0826-teimww:hasText>
    <p0826-teimww:isMentionedIn>
      <p0826-teimww:passage knoraType="link_value" linkType="ref" target="ww_1f069f1a9ffae589"/>
    </p0826-teimww:isMentionedIn>
    <p0826-teimww:occursIn>
      <p0826-teimww:book knoraType="link_value" linkType="ref" target="ww_10467667a0394967"/>
    </p0826-teimww:occursIn>
    <p0826-teimww:wasContributedBy>
      <p0826-teimww:person knoraType="link_value" linkType="ref" target="ww_c4063e9c72a3ffd2"/>
    </p0826-teimww:wasContributedBy>
  </p0826-teimww:passage>
  <p0826-teimww:passage id="ww_1f069f1a9ffae589">
    <knoraXmlImport:label>passage</knoraXmlImport:label>
    <p0826-teimww:occursIn>
      <p0826-teimww:book knoraType="link_value" linkType="ref" target="ww_1140c36ab545b6d8"/>
    </p0826-teimww:occursIn>
  </p0826-teimww:passage>
  <p0826-teimww:passage id="ww_3390a6345a7d953f">
    <knoraXmlImport:label>passage</knoraXmlImport:label>
    <p0826-teimww:contains>
      <p0826-teimww:lexia knoraType="link_value" linkType="ref" target="ww_3b9d9bc918165c19"/>
    </p0826-teimww:contains>
    <p0826-teimww:hasPage knoraType="richtext_value">N.p.; act 1, scene 1, lines 325-332 [normalized spelling].</p0826-teimww:hasPage>
    <p0826-teimww:hasPageHist knoraType="richtext_value">N.p.; act 1, scene 1, lines 325-332.</p0826-teimww:hasPageHist>
    <p0826-teimww:hasText knoraType="richtext_value">[Hercules:] That the luxurious slave were sensible&lt;br&gt;
Of torture; not th'infernals with more pangs&lt;br&gt;
Could plague the villain than Alcides should.&lt;br&gt;
Ixions bones racked on the torturing wheel&lt;br&gt;
Should be a pastime: the three snake-hair'd sisters,&lt;br&gt;
That lash offenders with their &lt;span class="quote"&gt;whips of steel&lt;/span&gt;,&lt;br&gt;
Should seem to dally, when with every string&lt;br&gt;
They cut the flesh like razors [...].</p0826-teimww:hasText>
    <p0826-teimww:hasTextHist knoraType="richtext_value">[Hercules:] That the luxurious slaue were sencible&lt;br&gt;
Of torture; not th'infernals with more pangues&lt;br&gt;
Could plague the villaine then Alcides should.&lt;br&gt;
Ixions bones rackt on the torturing wheele&lt;br&gt;
Should be a pastime: the three snake-hair'd sisters,&lt;br&gt;
That lash offenders with their whips of steele,&lt;br&gt;
Should seeme to dally, when with euery string&lt;br&gt;
They cut the flesh like razors [...].</p0826-teimww:hasTextHist>
    <p0826-teimww:isMentionedIn>
      <p0826-teimww:passage knoraType="link_value" linkType="ref" target="ww_c61483c6a49001a4"/>
    </p0826-teimww:isMentionedIn>
    <p0826-teimww:occursIn>
      <p0826-teimww:book knoraType="link_value" linkType="ref" target="ww_aae46d6606af08c5"/>
    </p0826-teimww:occursIn>
    <p0826-teimww:wasContributedBy>
      <p0826-teimww:person knoraType="link_value" linkType="ref" target="ww_c4063e9c72a3ffd2"/>
    </p0826-teimww:wasContributedBy>
  </p0826-teimww:passage>
  <p0826-teimww:passage id="ww_c61483c6a49001a4">
    <knoraXmlImport:label>passage</knoraXmlImport:label>
    <p0826-teimww:occursIn>
      <p0826-teimww:book knoraType="link_value" linkType="ref" target="ww_3e15ab6c612eadae"/>
    </p0826-teimww:occursIn>
  </p0826-teimww:passage>
  <p0826-teimww:passage id="ww_14d56f545b25832d">
    <knoraXmlImport:label>passage</knoraXmlImport:label>
    <p0826-teimww:contains>
      <p0826-teimww:lexia knoraType="link_value" linkType="ref" target="ww_6429b4f74e4bd5cc"/>
    </p0826-teimww:contains>
    <p0826-teimww:hasPage knoraType="richtext_value">Act 3, scene 3, line 116 and act 5, scene 1, line 42.</p0826-teimww:hasPage>
    <p0826-teimww:hasText knoraType="richtext_value">[Alonso:] I'll seek him &lt;span class="quote"&gt;deeper than e’er plummet&lt;/span&gt; sounded [...]. &lt;br&gt;
&lt;br&gt;
[Prospero:] And &lt;span class="quote"&gt;deeper than did ever plummet&lt;/span&gt; sound &lt;br&gt;
I'll drown my book.</p0826-teimww:hasText>
    <p0826-teimww:isMentionedIn>
      <p0826-teimww:passage knoraType="link_value" linkType="ref" target="ww_58a67e667dc2c582"/>
    </p0826-teimww:isMentionedIn>
    <p0826-teimww:occursIn>
      <p0826-teimww:book knoraType="link_value" linkType="ref" target="ww_0466ed69bf4a50be"/>
    </p0826-teimww:occursIn>
    <p0826-teimww:wasContributedBy>
      <p0826-teimww:person knoraType="link_value" linkType="ref" target="ww_7f35f6802efd910d"/>
    </p0826-teimww:wasContributedBy>
  </p0826-teimww:passage>
  <p0826-teimww:passage id="ww_10398de6c62874bf">
    <knoraXmlImport:label>passage</knoraXmlImport:label>
    <p0826-teimww:contains>
      <p0826-teimww:lexia knoraType="link_value" linkType="ref" target="ww_8b65245f2f6e4f28"/>
    </p0826-teimww:contains>
    <p0826-teimww:hasPage knoraType="richtext_value">1791; act 3, scene 2, lines 218-219.</p0826-teimww:hasPage>
    <p0826-teimww:hasText knoraType="richtext_value">[2nd Officer:] He could &lt;span class="quote"&gt;not abide to see a Pig's head gaping&lt;/span&gt; [...].</p0826-teimww:hasText>
    <p0826-teimww:isMentionedIn>
      <p0826-teimww:passage knoraType="link_value" linkType="ref" target="ww_e11b1c394bc38375"/>
    </p0826-teimww:isMentionedIn>
    <p0826-teimww:occursIn>
      <p0826-teimww:book knoraType="link_value" linkType="ref" target="ww_daecaee38c79925b"/>
    </p0826-teimww:occursIn>
    <p0826-teimww:wasContributedBy>
      <p0826-teimww:person knoraType="link_value" linkType="ref" target="ww_b604df587d93b768"/>
    </p0826-teimww:wasContributedBy>
  </p0826-teimww:passage>
  <p0826-teimww:passage id="ww_55f5fd0fa566c5e5">
    <knoraXmlImport:label>passage</knoraXmlImport:label>
    <p0826-teimww:contains>
      <p0826-teimww:lexia knoraType="link_value" linkType="ref" target="ww_b47e44eac6e1cbc8"/>
    </p0826-teimww:contains>
    <p0826-teimww:hasText knoraType="richtext_value">[Wolsey:] &lt;span class="quote"&gt;He parted frowning from me, as if ruin &lt;br&gt;
Leaped from his eyes. So looks the chafèd lion&lt;br&gt;
Upon the daring huntsman that has galled him,&lt;br&gt;
Then makes him nothing.&lt;/span&gt;</p0826-teimww:hasText>
    <p0826-teimww:isMentionedIn>
      <p0826-teimww:passage knoraType="link_value" linkType="ref" target="ww_8daea950531e7153"/>
    </p0826-teimww:isMentionedIn>
    <p0826-teimww:occursIn>
      <p0826-teimww:book knoraType="link_value" linkType="ref" target="ww_dbd5db889d39fd5c"/>
    </p0826-teimww:occursIn>
    <p0826-teimww:wasContributedBy>
      <p0826-teimww:person knoraType="link_value" linkType="ref" target="ww_7f35f6802efd910d"/>
    </p0826-teimww:wasContributedBy>
  </p0826-teimww:passage>
  <p0826-teimww:passage id="ww_8daea950531e7153">
    <knoraXmlImport:label>passage</knoraXmlImport:label>
    <p0826-teimww:occursIn>
      <p0826-teimww:book knoraType="link_value" linkType="ref" target="ww_1140c36ab545b6d8"/>
    </p0826-teimww:occursIn>
  </p0826-teimww:passage>
  <p0826-teimww:passage id="ww_6e7696d98fa16851">
    <knoraXmlImport:label>passage</knoraXmlImport:label>
    <p0826-teimww:contains>
      <p0826-teimww:lexia knoraType="link_value" linkType="ref" target="ww_2a2c4d4630a79700"/>
    </p0826-teimww:contains>
    <p0826-teimww:hasPage knoraType="richtext_value">1785; act 3, scene 1, lines 84-86.</p0826-teimww:hasPage>
    <p0826-teimww:hasPageHist knoraType="richtext_value">N.p.; about 2/5 into the play.</p0826-teimww:hasPageHist>
    <p0826-teimww:hasText knoraType="richtext_value">[Ferdinand] [...] He that can compass me, and know my drifts, &lt;br/&gt;
May say he hath&lt;span class="quote"&gt; put a girdle 'bout the world&lt;/span&gt;, &lt;br/&gt;
And sounded all her quicksands. </p0826-teimww:hasText>
    <p0826-teimww:hasTextHist knoraType="richtext_value">[Ferdinand] [...] He that can compasse me, and know my drifts, &lt;br/&gt;
May say he hath&lt;span class="quote"&gt; put a girdle 'bout the world&lt;/span&gt;, &lt;br/&gt;
And sounded all her quick-sands. </p0826-teimww:hasTextHist>
    <p0826-teimww:isMentionedIn>
      <p0826-teimww:passage knoraType="link_value" linkType="ref" target="ww_e11b1c394bc38375"/>
    </p0826-teimww:isMentionedIn>
    <p0826-teimww:occursIn>
      <p0826-teimww:book knoraType="link_value" linkType="ref" target="ww_daecaee38c79925b"/>
    </p0826-teimww:occursIn>
    <p0826-teimww:wasContributedBy>
      <p0826-teimww:person knoraType="link_value" linkType="ref" target="ww_b604df587d93b768"/>
    </p0826-teimww:wasContributedBy>
  </p0826-teimww:passage>
  <p0826-teimww:passage id="ww_8abd2c351b8d0e76">
    <knoraXmlImport:label>passage</knoraXmlImport:label>
    <p0826-teimww:contains>
      <p0826-teimww:lexia knoraType="link_value" linkType="ref" target="ww_7eae344ff016ddad"/>
    </p0826-teimww:contains>
    <p0826-teimww:hasPage knoraType="richtext_value">N.p. [normalized spelling].</p0826-teimww:hasPage>
    <p0826-teimww:hasPageHist knoraType="richtext_value">N.p.</p0826-teimww:hasPageHist>
    <p0826-teimww:hasText knoraType="richtext_value">[Gardener:] Most magnificent and peerless Deity, lo, I, the surveyor of Lady Flora's works, welcome your grace with fragrant phrases into her Bowers, beseeching your greatness to bear with the late wooden entertainment of the Wood-men, for Woods are more full of weeds than wits, but gardens are weeded, and Gardeners witty, as may appear by me. I have flowers for all fancies, thyme for truth, &lt;span class="quote"&gt;rosemary for remembrance&lt;/span&gt;, roses for love, Heart's Ease for joy, and thousands more, which all harmoniously rejoice at your presence [...].</p0826-teimww:hasText>
    <p0826-teimww:hasTextHist knoraType="richtext_value">[Gardner:] Most magnificent and peerelesse Diety, loe I the surueyer of Lady Floras workes, welcome your grace with fragrant phrases into her Bowers, beseeching your greatnesse to beare with the late woodden entertainment of the Wood-men, for Woods are more full of weeds then wits, but gardens are weeded, and Gardners witty, as may appeare by me. I haue flowers for all fancies, Tyme for truth, &lt;span class="quote"&gt;Rosemary for remembrance&lt;/span&gt;, Roses for loue, Hartsease for ioy, and thousands more, which all harmoniously reioyce at your presence [...].</p0826-teimww:hasTextHist>
    <p0826-teimww:isMentionedIn>
      <p0826-teimww:passage knoraType="link_value" linkType="ref" target="ww_6c48292ab7b7d81b"/>
    </p0826-teimww:isMentionedIn>
    <p0826-teimww:occursIn>
      <p0826-teimww:book knoraType="link_value" linkType="ref" target="ww_788e82a14edb5a17"/>
    </p0826-teimww:occursIn>
    <p0826-teimww:wasContributedBy>
      <p0826-teimww:person knoraType="link_value" linkType="ref" target="ww_b05ab3db9fd9054a"/>
    </p0826-teimww:wasContributedBy>
  </p0826-teimww:passage>
  <p0826-teimww:passage id="ww_6c48292ab7b7d81b">
    <knoraXmlImport:label>passage</knoraXmlImport:label>
    <p0826-teimww:occursIn>
      <p0826-teimww:book knoraType="link_value" linkType="ref" target="ww_3e15ab6c612eadae"/>
    </p0826-teimww:occursIn>
  </p0826-teimww:passage>
  <p0826-teimww:passage id="ww_6ce25976504ce7ff">
    <knoraXmlImport:label>passage</knoraXmlImport:label>
    <p0826-teimww:contains>
      <p0826-teimww:lexia knoraType="link_value" linkType="ref" target="ww_3b9d9bc918165c19"/>
    </p0826-teimww:contains>
    <p0826-teimww:hasPage knoraType="richtext_value">N.p.; act 5, scene 1, lines 323-328 [normalized spelling].</p0826-teimww:hasPage>
    <p0826-teimww:hasPageHist knoraType="richtext_value">N.p.; act 5, scene 1, lines 323-328.</p0826-teimww:hasPageHist>
    <p0826-teimww:hasText knoraType="richtext_value">[Ajax:] [...] Love, see this;&lt;br&gt;
And laugh old Grand-sir: Ha, ha, ha, by hell&lt;br&gt;
I'll shake thy Kingdom for't: not look on Ajax?&lt;br&gt;
The triple headed-dog, the &lt;span class="quote"&gt;whips of Steel&lt;/span&gt;,&lt;br&gt;
The ravenous Vulture, and the restless stone&lt;br&gt;
Are all mere fables [...].</p0826-teimww:hasText>
    <p0826-teimww:hasTextHist knoraType="richtext_value">[Ajax:] [...] Ioue , see this;&lt;br&gt;
And laugh old Grand-sir: Ha, ha, ha, by hell&lt;br&gt;
I'le shake thy Kingdome for't: not looke on Aiax?&lt;br&gt;
The triple headed-dog, the whippes of Steele,&lt;br&gt;
The rauenous Vulture, and the restlesse stone&lt;br&gt;
Are all meere fables [...].</p0826-teimww:hasTextHist>
    <p0826-teimww:isMentionedIn>
      <p0826-teimww:passage knoraType="link_value" linkType="ref" target="ww_aff2b09a75593dac"/>
    </p0826-teimww:isMentionedIn>
    <p0826-teimww:occursIn>
      <p0826-teimww:book knoraType="link_value" linkType="ref" target="ww_b70c78ad34ac9ba9"/>
    </p0826-teimww:occursIn>
    <p0826-teimww:wasContributedBy>
      <p0826-teimww:person knoraType="link_value" linkType="ref" target="ww_c4063e9c72a3ffd2"/>
    </p0826-teimww:wasContributedBy>
  </p0826-teimww:passage>
  <p0826-teimww:passage id="ww_aff2b09a75593dac">
    <knoraXmlImport:label>passage</knoraXmlImport:label>
    <p0826-teimww:occursIn>
      <p0826-teimww:book knoraType="link_value" linkType="ref" target="ww_3e15ab6c612eadae"/>
    </p0826-teimww:occursIn>
  </p0826-teimww:passage>
  <p0826-teimww:passage id="ww_27dee60387249688">
    <knoraXmlImport:label>passage</knoraXmlImport:label>
    <p0826-teimww:contains>
      <p0826-teimww:lexia knoraType="link_value" linkType="ref" target="ww_5d23b6b4bc820eea"/>
    </p0826-teimww:contains>
    <p0826-teimww:contains>
      <p0826-teimww:lexia knoraType="link_value" linkType="ref" target="ww_169a55aaac54b52d"/>
    </p0826-teimww:contains>
    <p0826-teimww:contains>
      <p0826-teimww:lexia knoraType="link_value" linkType="ref" target="ww_06f61cfde0527341"/>
    </p0826-teimww:contains>
    <p0826-teimww:contains>
      <p0826-teimww:lexia knoraType="link_value" linkType="ref" target="ww_38a77a7b4c28fdd0"/>
    </p0826-teimww:contains>
    <p0826-teimww:hasPage knoraType="richtext_value">N.p. [normalized spelling].</p0826-teimww:hasPage>
    <p0826-teimww:hasText knoraType="richtext_value">[...] he's gone &amp; with him what A world are dead.&lt;br&gt;
which he revive'd, to be revived so,&lt;br&gt;
no more &lt;span class="quote"&gt; young Hamlet&lt;/span&gt;, old &lt;span class="quote"&gt;Hieronimo,&lt;/span&gt; &lt;br&gt;
kind &lt;span class="quote"&gt;Lear&lt;/span&gt;, the Greyed Moore, and more beside,&lt;br&gt;
that lied in him; have now for ever died,&lt;br&gt;
oft have I seen him, leap into the Grave&lt;br&gt;
smiting the person which he seem'd to have&lt;br&gt;
of A sad Lover with so true an Eye&lt;br&gt;
that there I would have sworn, he meant to die [...].</p0826-teimww:hasText>
    <p0826-teimww:hasTextHist knoraType="richtext_value">[...] hee's gone &amp; wth him what A world are dead.&lt;br&gt;
which he reuiu'd, to be reuiued soe,&lt;br&gt;
no more &lt;span class="quote"&gt; young Hamlett&lt;/span&gt;, ould Heironymoe&lt;br&gt;
kind Leer, the Greued Moore, and more beside,&lt;br&gt;
that lied in him; haue now for euer dy'de,&lt;br&gt;
oft haue I seene him, leap into the Graue&lt;br&gt;
smiting the person wch he seem'd to haue&lt;br&gt;
of A sadd Louer with soe true an Eye&lt;br&gt;
that theer I would haue sworne, he meant to dye [...].</p0826-teimww:hasTextHist>
    <p0826-teimww:isMentionedIn>
      <p0826-teimww:passage knoraType="link_value" linkType="ref" target="ww_b8a6239684c082bc"/>
    </p0826-teimww:isMentionedIn>
    <p0826-teimww:occursIn>
      <p0826-teimww:book knoraType="link_value" linkType="ref" target="ww_e584e5eb1d9461dd"/>
    </p0826-teimww:occursIn>
    <p0826-teimww:wasContributedBy>
      <p0826-teimww:person knoraType="link_value" linkType="ref" target="ww_c4063e9c72a3ffd2"/>
    </p0826-teimww:wasContributedBy>
  </p0826-teimww:passage>
  <p0826-teimww:passage id="ww_e230d461da1c4ecb">
    <knoraXmlImport:label>passage</knoraXmlImport:label>
    <p0826-teimww:contains>
      <p0826-teimww:lexia knoraType="link_value" linkType="ref" target="ww_fba3108902c095f8"/>
    </p0826-teimww:contains>
    <p0826-teimww:contains>
      <p0826-teimww:lexia knoraType="link_value" linkType="ref" target="ww_2bf9287b40ed709c"/>
    </p0826-teimww:contains>
    <p0826-teimww:hasPage knoraType="richtext_value">N.p. [normalized spelling].</p0826-teimww:hasPage>
    <p0826-teimww:hasPageHist knoraType="richtext_value">N.p.</p0826-teimww:hasPageHist>
    <p0826-teimww:hasText knoraType="richtext_value">A Scrivener (about nine a clocke at night)&lt;br&gt;
Sat close in's shop, and earnestly did write,&lt;br&gt;
The villany abroad suspecting not,&lt;br&gt;
While two observing him, thus laid a plot,&lt;br&gt;
Quoth one to t'other, snatch thou off his hat:&lt;br&gt;
The which he did, and ran away with that:&lt;br&gt;
The Scrivener in haste his shop forsakes,&lt;br&gt;
And for to overtake him undertakes,&lt;br&gt;
So while he follows him that runs away&lt;br&gt;
The other rascal watching for his pray,&lt;br&gt;
Enters the shop as bold as bold might be,&lt;br&gt;
And takes his cloak and so away goes he.&lt;br&gt;
Scrivener comes back, bare headed as he went,&lt;br&gt;
Missing his cloak was far worse discontent,&lt;br&gt;
Quoth he what case am I brought in to night,&lt;br&gt;
Of hat and cloak being uncased quite?&lt;br&gt;
I will not cry &lt;span class="quote"&gt; &lt;i&gt;Hamlet Revenge&lt;/i&gt; &lt;/span&gt;my grieves,&lt;br&gt;
But I will call &lt;i&gt;Hang-man Revenge&lt;/i&gt; on thieves.</p0826-teimww:hasText>
    <p0826-teimww:hasTextHist knoraType="richtext_value">A Scriuener (about nine a clocke at night)&lt;br&gt;
Sat close in's shop, and earnestly did write,&lt;br&gt;
The villany abroad suspecting not,&lt;br&gt;
While two obseruing him, thus layd a plot,&lt;br&gt;
Quoth one to t'other, snatch thou off his hat:&lt;br&gt;
The which he did, and ran away with that:&lt;br&gt;
The Scriuener in hast his shop forsakes,&lt;br&gt;
And for to ouertake him vndertakes,&lt;br&gt;
So while he follows him that runs away&lt;br&gt;
The other rascall watching for his pray,&lt;br&gt;
Enters the shop as bold as bold might be,&lt;br&gt;
And takes his cloake and so away goes he.&lt;br&gt;
Scriuener comes backe, bare headed as he went,&lt;br&gt;
Missing his cloake was far worse discontent,&lt;br&gt;
Quoth he what case am I brought in to night,&lt;br&gt;
Of hat and cloake being vncased quite?&lt;br&gt;
I will not cry &lt;span class="quote"&gt; &lt;i&gt;Hamlet Reuenge&lt;/i&gt; &lt;/span&gt;my greeues,&lt;br&gt;
But I will call &lt;i&gt;Hang-man Reuenge&lt;/i&gt; on theeues.</p0826-teimww:hasTextHist>
    <p0826-teimww:isMentionedIn>
      <p0826-teimww:passage knoraType="link_value" linkType="ref" target="ww_c192c163d28d7b78"/>
    </p0826-teimww:isMentionedIn>
    <p0826-teimww:isMentionedIn>
      <p0826-teimww:passage knoraType="link_value" linkType="ref" target="ww_e98fa35aac7fd685"/>
    </p0826-teimww:isMentionedIn>
    <p0826-teimww:isMentionedIn>
      <p0826-teimww:passage knoraType="link_value" linkType="ref" target="ww_8416204898d2f915"/>
    </p0826-teimww:isMentionedIn>
    <p0826-teimww:occursIn>
      <p0826-teimww:book knoraType="link_value" linkType="ref" target="ww_91178a0de7db383a"/>
    </p0826-teimww:occursIn>
    <p0826-teimww:wasContributedBy>
      <p0826-teimww:person knoraType="link_value" linkType="ref" target="ww_b98e7021b3193ae3"/>
    </p0826-teimww:wasContributedBy>
  </p0826-teimww:passage>
  <p0826-teimww:passage id="ww_e98fa35aac7fd685">
    <knoraXmlImport:label>passage</knoraXmlImport:label>
    <p0826-teimww:occursIn>
      <p0826-teimww:book knoraType="link_value" linkType="ref" target="ww_d9c80276851682da"/>
    </p0826-teimww:occursIn>
  </p0826-teimww:passage>
  <p0826-teimww:passage id="ww_c192c163d28d7b78">
    <knoraXmlImport:label>passage</knoraXmlImport:label>
    <p0826-teimww:occursIn>
      <p0826-teimww:book knoraType="link_value" linkType="ref" target="ww_1140c36ab545b6d8"/>
    </p0826-teimww:occursIn>
  </p0826-teimww:passage>
  <p0826-teimww:passage id="ww_7e884ec46287ff33">
    <knoraXmlImport:label>passage</knoraXmlImport:label>
    <p0826-teimww:contains>
      <p0826-teimww:lexia knoraType="link_value" linkType="ref" target="ww_04064eaf15c0fc08"/>
    </p0826-teimww:contains>
    <p0826-teimww:hasPage knoraType="richtext_value">N.p.; act 4, scene 1.</p0826-teimww:hasPage>
    <p0826-teimww:hasText knoraType="richtext_value">&lt;span class="annotation"&gt;Somebody disguises himself as a parson to perform a double wedding ceremony so that the resulting marriages will be invalid.&lt;/span&gt;</p0826-teimww:hasText>
    <p0826-teimww:isMentionedIn>
      <p0826-teimww:passage knoraType="link_value" linkType="ref" target="ww_93beedbaf466fc4c"/>
    </p0826-teimww:isMentionedIn>
    <p0826-teimww:occursIn>
      <p0826-teimww:book knoraType="link_value" linkType="ref" target="ww_6318ed97b9193504"/>
    </p0826-teimww:occursIn>
    <p0826-teimww:wasContributedBy>
      <p0826-teimww:person knoraType="link_value" linkType="ref" target="ww_7f35f6802efd910d"/>
    </p0826-teimww:wasContributedBy>
  </p0826-teimww:passage>
  <p0826-teimww:passage id="ww_c902bc17cddf2cac">
    <knoraXmlImport:label>passage</knoraXmlImport:label>
    <p0826-teimww:contains>
      <p0826-teimww:lexia knoraType="link_value" linkType="ref" target="ww_ead79af7c765d93c"/>
    </p0826-teimww:contains>
    <p0826-teimww:hasPage knoraType="richtext_value">69 [normalized spelling].</p0826-teimww:hasPage>
    <p0826-teimww:hasPageHist knoraType="richtext_value">69.</p0826-teimww:hasPageHist>
    <p0826-teimww:hasText knoraType="richtext_value">[Sampson:] [...] Look up brave friend, I have no means to rescue thee, &lt;span class="quote"&gt;my Kingdom for a sword.&lt;/span&gt;&lt;br&gt;
[Champernell:] I'll sword you presently. I'll claw your skin-coat too.</p0826-teimww:hasText>
    <p0826-teimww:hasTextHist knoraType="richtext_value">[Sampson:] [...] Looke up brave friend, I have no meanes to rescue thee, my Kingdome for a sword.&lt;br&gt;
[Champernell:] I'll sword you presently. I'll claw your skin-coate
too.</p0826-teimww:hasTextHist>
    <p0826-teimww:isMentionedIn>
      <p0826-teimww:passage knoraType="link_value" linkType="ref" target="ww_6ed01f02fc00d6d9"/>
    </p0826-teimww:isMentionedIn>
    <p0826-teimww:occursIn>
      <p0826-teimww:book knoraType="link_value" linkType="ref" target="ww_dbc39cf74839a823"/>
    </p0826-teimww:occursIn>
    <p0826-teimww:wasContributedBy>
      <p0826-teimww:person knoraType="link_value" linkType="ref" target="ww_c4063e9c72a3ffd2"/>
    </p0826-teimww:wasContributedBy>
  </p0826-teimww:passage>
  <p0826-teimww:passage id="ww_6ed01f02fc00d6d9">
    <knoraXmlImport:label>passage</knoraXmlImport:label>
    <p0826-teimww:occursIn>
      <p0826-teimww:book knoraType="link_value" linkType="ref" target="ww_1140c36ab545b6d8"/>
    </p0826-teimww:occursIn>
  </p0826-teimww:passage>
  <p0826-teimww:passage id="ww_875421eaf2cd3b7d">
    <knoraXmlImport:label>passage</knoraXmlImport:label>
    <p0826-teimww:contains>
      <p0826-teimww:lexia knoraType="link_value" linkType="ref" target="ww_94fbf6430f661138"/>
    </p0826-teimww:contains>
    <p0826-teimww:hasPage knoraType="richtext_value">N.p.; act 1, scene 1.</p0826-teimww:hasPage>
    <p0826-teimww:hasPageHist knoraType="richtext_value">N.p.; act 1, scene 1.</p0826-teimww:hasPageHist>
    <p0826-teimww:hasText knoraType="richtext_value">[Harpax:] [...] your son, &lt;br&gt;
The ne'er-enough commended Antoninus,&lt;br&gt; 
So well hath fleshed his &lt;span class="quote"&gt;maiden sword&lt;/span&gt;, and died&lt;br&gt; 
His snowy plumes so deep in enemies' blood, &lt;br&gt;
That besides public grace, beyond his hopes &lt;br&gt;
There are rewards propounded. </p0826-teimww:hasText>
    <p0826-teimww:hasTextHist knoraType="richtext_value">[Harpax:] [...] your sonne,&lt;br&gt; 
The nere enough commended Antoninus,&lt;br&gt;
So well hath fleshd his maiden sword, and died&lt;br&gt; 
His snowy plumes so deepe in enemies blood, &lt;br&gt;
That besides publicke grace, beyond his hopes &lt;br&gt;
There are rewards propounded. </p0826-teimww:hasTextHist>
    <p0826-teimww:isMentionedIn>
      <p0826-teimww:passage knoraType="link_value" linkType="ref" target="ww_79f5476860f7f57d"/>
    </p0826-teimww:isMentionedIn>
    <p0826-teimww:occursIn>
      <p0826-teimww:book knoraType="link_value" linkType="ref" target="ww_e7c84f709b583d5f"/>
    </p0826-teimww:occursIn>
    <p0826-teimww:wasContributedBy>
      <p0826-teimww:person knoraType="link_value" linkType="ref" target="ww_6202c1bb6957c9cc"/>
    </p0826-teimww:wasContributedBy>
  </p0826-teimww:passage>
  <p0826-teimww:passage id="ww_79f5476860f7f57d">
    <knoraXmlImport:label>passage</knoraXmlImport:label>
    <p0826-teimww:occursIn>
      <p0826-teimww:book knoraType="link_value" linkType="ref" target="ww_1140c36ab545b6d8"/>
    </p0826-teimww:occursIn>
  </p0826-teimww:passage>
  <p0826-teimww:passage id="ww_7678c71a71099aec">
    <knoraXmlImport:label>passage</knoraXmlImport:label>
    <p0826-teimww:contains>
      <p0826-teimww:lexia knoraType="link_value" linkType="ref" target="ww_3b9d9bc918165c19"/>
    </p0826-teimww:contains>
    <p0826-teimww:hasPage knoraType="richtext_value">71.</p0826-teimww:hasPage>
    <p0826-teimww:hasPageHist knoraType="richtext_value">71.</p0826-teimww:hasPageHist>
    <p0826-teimww:hasText knoraType="richtext_value">[Anabell:] No, loathsome Goat, more, more I am that Goddess,&lt;br&gt;
That here with &lt;span class="quote"&gt;whips of steel&lt;/span&gt; in hell hereafter&lt;br&gt;
Scourge rape and theft [...].</p0826-teimww:hasText>
    <p0826-teimww:hasTextHist knoraType="richtext_value">[Anabell:] No, lothsome Goate, more, more I am that Goddesse,&lt;br&gt;
That here with whippes of steele in hell hereafter&lt;br&gt;
Scourge rape and theft [...].</p0826-teimww:hasTextHist>
    <p0826-teimww:isMentionedIn>
      <p0826-teimww:passage knoraType="link_value" linkType="ref" target="ww_5d951226f66a110f"/>
    </p0826-teimww:isMentionedIn>
    <p0826-teimww:occursIn>
      <p0826-teimww:book knoraType="link_value" linkType="ref" target="ww_dbc39cf74839a823"/>
    </p0826-teimww:occursIn>
    <p0826-teimww:wasContributedBy>
      <p0826-teimww:person knoraType="link_value" linkType="ref" target="ww_c4063e9c72a3ffd2"/>
    </p0826-teimww:wasContributedBy>
  </p0826-teimww:passage>
  <p0826-teimww:passage id="ww_5d951226f66a110f">
    <knoraXmlImport:label>passage</knoraXmlImport:label>
    <p0826-teimww:occursIn>
      <p0826-teimww:book knoraType="link_value" linkType="ref" target="ww_3e15ab6c612eadae"/>
    </p0826-teimww:occursIn>
  </p0826-teimww:passage>
  <p0826-teimww:passage id="ww_b6490ba71cff6941">
    <knoraXmlImport:label>passage</knoraXmlImport:label>
    <p0826-teimww:contains>
      <p0826-teimww:lexia knoraType="link_value" linkType="ref" target="ww_d00727f711fa5c58"/>
    </p0826-teimww:contains>
    <p0826-teimww:hasPage knoraType="richtext_value">N.p.; act 1 [normalized spelling].</p0826-teimww:hasPage>
    <p0826-teimww:hasPageHist knoraType="richtext_value">N.p.; Act 1.</p0826-teimww:hasPageHist>
    <p0826-teimww:hasText knoraType="richtext_value">[Cordolente:] &lt;span class="quote"&gt;O star-crossed Love! &lt;/span&gt;</p0826-teimww:hasText>
    <p0826-teimww:hasTextHist knoraType="richtext_value">[Cordolente:] O starre-crost Loue! </p0826-teimww:hasTextHist>
    <p0826-teimww:isMentionedIn>
      <p0826-teimww:passage knoraType="link_value" linkType="ref" target="ww_0540abbd50a79d68"/>
    </p0826-teimww:isMentionedIn>
    <p0826-teimww:occursIn>
      <p0826-teimww:book knoraType="link_value" linkType="ref" target="ww_21490f13daef2089"/>
    </p0826-teimww:occursIn>
    <p0826-teimww:wasContributedBy>
      <p0826-teimww:person knoraType="link_value" linkType="ref" target="ww_b604df587d93b768"/>
    </p0826-teimww:wasContributedBy>
  </p0826-teimww:passage>
  <p0826-teimww:passage id="ww_0663e56477ae0523">
    <knoraXmlImport:label>passage</knoraXmlImport:label>
    <p0826-teimww:contains>
      <p0826-teimww:lexia knoraType="link_value" linkType="ref" target="ww_9b2dbababbd6684b"/>
    </p0826-teimww:contains>
    <p0826-teimww:hasPage knoraType="richtext_value">N.p.; a bit over halfway into the play.</p0826-teimww:hasPage>
    <p0826-teimww:hasPageHist knoraType="richtext_value">n.p.; a bit over halfway into the play.</p0826-teimww:hasPageHist>
    <p0826-teimww:hasText knoraType="richtext_value">[1st Slave:] Both you and I are seen in the base act, &lt;br/&gt;
Slandering spotless honour; an act so base, &lt;br/&gt;
The &lt;span class="quote"&gt;barbarous Moor&lt;/span&gt; would blush at. </p0826-teimww:hasText>
    <p0826-teimww:hasTextHist knoraType="richtext_value">[1st Slave:] Both you and I are seen in the base act, &lt;br/&gt;
Slandering spotless honour; an act so base, &lt;br/&gt;
The &lt;span class="quote"&gt;barbarous Moor&lt;/span&gt; would blush at. </p0826-teimww:hasTextHist>
    <p0826-teimww:isMentionedIn>
      <p0826-teimww:passage knoraType="link_value" linkType="ref" target="ww_279c3181d077b3d5"/>
    </p0826-teimww:isMentionedIn>
    <p0826-teimww:occursIn>
      <p0826-teimww:book knoraType="link_value" linkType="ref" target="ww_a3664b59bd3c46ae"/>
    </p0826-teimww:occursIn>
    <p0826-teimww:wasContributedBy>
      <p0826-teimww:person knoraType="link_value" linkType="ref" target="ww_b604df587d93b768"/>
    </p0826-teimww:wasContributedBy>
  </p0826-teimww:passage>
  <p0826-teimww:passage id="ww_279c3181d077b3d5">
    <knoraXmlImport:label>passage</knoraXmlImport:label>
    <p0826-teimww:occursIn>
      <p0826-teimww:book knoraType="link_value" linkType="ref" target="ww_3e15ab6c612eadae"/>
    </p0826-teimww:occursIn>
  </p0826-teimww:passage>
  <p0826-teimww:passage id="ww_9787ace8f0e42a48">
    <knoraXmlImport:label>passage</knoraXmlImport:label>
    <p0826-teimww:contains>
      <p0826-teimww:lexia knoraType="link_value" linkType="ref" target="ww_2a2c4d4630a79700"/>
    </p0826-teimww:contains>
    <p0826-teimww:hasPage knoraType="richtext_value">38; act 2, scene 1, line 70 [normalized spelling].</p0826-teimww:hasPage>
    <p0826-teimww:hasPageHist knoraType="richtext_value">38; act 2, scene 1, line 70.</p0826-teimww:hasPageHist>
    <p0826-teimww:hasText knoraType="richtext_value">[Don John:] […] their countryman &lt;br&gt;
that&lt;span class="quote"&gt; put a girdle round about the world &lt;/span&gt;[…].</p0826-teimww:hasText>
    <p0826-teimww:hasTextHist knoraType="richtext_value">[Don Iohn:] […] their Countryman &lt;br&gt;
that putt a girdle round about ye world […].</p0826-teimww:hasTextHist>
    <p0826-teimww:isMentionedIn>
      <p0826-teimww:passage knoraType="link_value" linkType="ref" target="ww_45b00934b5db2d81"/>
    </p0826-teimww:isMentionedIn>
    <p0826-teimww:occursIn>
      <p0826-teimww:book knoraType="link_value" linkType="ref" target="ww_c1a8ef34e6012321"/>
    </p0826-teimww:occursIn>
    <p0826-teimww:wasContributedBy>
      <p0826-teimww:person knoraType="link_value" linkType="ref" target="ww_7f35f6802efd910d"/>
    </p0826-teimww:wasContributedBy>
  </p0826-teimww:passage>
  <p0826-teimww:passage id="ww_6565e7354ffd97a7">
    <knoraXmlImport:label>passage</knoraXmlImport:label>
    <p0826-teimww:contains>
      <p0826-teimww:lexia knoraType="link_value" linkType="ref" target="ww_fba3108902c095f8"/>
    </p0826-teimww:contains>
    <p0826-teimww:contains>
      <p0826-teimww:lexia knoraType="link_value" linkType="ref" target="ww_36d00c4f312e9fe0"/>
    </p0826-teimww:contains>
    <p0826-teimww:hasPage knoraType="richtext_value">N.p.; act 5, scene 1, line 325 [normalized spelling].</p0826-teimww:hasPage>
    <p0826-teimww:hasPageHist knoraType="richtext_value">N.p.; act 5, scene 1, line 325.</p0826-teimww:hasPageHist>
    <p0826-teimww:hasText knoraType="richtext_value">[Albovine:] Hold, Paradine.&lt;br&gt;
&lt;span class="quote"&gt;Tis my last suit, that thou survive&lt;/span&gt; &lt;br&gt;
To minister a just &lt;span class="quote"&gt;revenge&lt;/span&gt; on those &lt;br&gt;
Whom I proscribe, help my quivering limbs, &lt;br&gt;
And seat me in the chair - [...].</p0826-teimww:hasText>
    <p0826-teimww:hasTextHist knoraType="richtext_value">[Albovine:] Hold, Paradine.&lt;br&gt;
Tis my last sute, that thou suruiue &lt;br&gt;
To minister a iust reuenge on those &lt;br&gt;
Whom I proscribe, helpe my quiuering Limmes, &lt;br&gt;
And seate me in the Chaire - [...].</p0826-teimww:hasTextHist>
    <p0826-teimww:isMentionedIn>
      <p0826-teimww:passage knoraType="link_value" linkType="ref" target="ww_ca191a34a54632d3"/>
    </p0826-teimww:isMentionedIn>
    <p0826-teimww:occursIn>
      <p0826-teimww:book knoraType="link_value" linkType="ref" target="ww_23f1e9365cf10239"/>
    </p0826-teimww:occursIn>
    <p0826-teimww:wasContributedBy>
      <p0826-teimww:person knoraType="link_value" linkType="ref" target="ww_7f35f6802efd910d"/>
    </p0826-teimww:wasContributedBy>
  </p0826-teimww:passage>
  <p0826-teimww:passage id="ww_d5b78e0def35a5e0">
    <knoraXmlImport:label>passage</knoraXmlImport:label>
    <p0826-teimww:contains>
      <p0826-teimww:lexia knoraType="link_value" linkType="ref" target="ww_3b9d9bc918165c19"/>
    </p0826-teimww:contains>
    <p0826-teimww:hasPage knoraType="richtext_value">N.p.; act 4, scene 1, lines 85-90 [normalized spelling].</p0826-teimww:hasPage>
    <p0826-teimww:hasPageHist knoraType="richtext_value">N.p.; act 4, scene 1, lines 85-90.</p0826-teimww:hasPageHist>
    <p0826-teimww:hasText knoraType="richtext_value">[King:] Throw defiance back down their throats, and of our Heralds&lt;br&gt;
Northumberland the honor shall be thine, tell 'um&lt;br&gt;
We come to scourge their pride with &lt;span class="quote"&gt;whips of steel&lt;/span&gt;,&lt;br&gt;
Their City hath from Justice snatch'd her sword&lt;br&gt;
To strike their Sovereign, who has turned the point&lt;br&gt;
Upon their own breasts, tell 'em this.</p0826-teimww:hasText>
    <p0826-teimww:hasTextHist knoraType="richtext_value">[King:] Throw defiance back downe their throats, and of our Heralds&lt;br&gt;
Northumberland the honor shall be thine, tell 'um&lt;br&gt;
We come to scourge their pride with whips of steele,&lt;br&gt;
Their City hath from Iustice snatch'd her sword&lt;br&gt;
To strike their Soveraigne, who ha's turn'd the point&lt;br&gt;
Vpon their own breasts, tell 'em this.</p0826-teimww:hasTextHist>
    <p0826-teimww:isMentionedIn>
      <p0826-teimww:passage knoraType="link_value" linkType="ref" target="ww_138701a8db0d883e"/>
    </p0826-teimww:isMentionedIn>
    <p0826-teimww:occursIn>
      <p0826-teimww:book knoraType="link_value" linkType="ref" target="ww_8732be209e0db3a3"/>
    </p0826-teimww:occursIn>
    <p0826-teimww:wasContributedBy>
      <p0826-teimww:person knoraType="link_value" linkType="ref" target="ww_c4063e9c72a3ffd2"/>
    </p0826-teimww:wasContributedBy>
  </p0826-teimww:passage>
  <p0826-teimww:passage id="ww_138701a8db0d883e">
    <knoraXmlImport:label>passage</knoraXmlImport:label>
    <p0826-teimww:occursIn>
      <p0826-teimww:book knoraType="link_value" linkType="ref" target="ww_3e15ab6c612eadae"/>
    </p0826-teimww:occursIn>
  </p0826-teimww:passage>
  <p0826-teimww:passage id="ww_d84fccbb991da03f">
    <knoraXmlImport:label>passage</knoraXmlImport:label>
    <p0826-teimww:contains>
      <p0826-teimww:lexia knoraType="link_value" linkType="ref" target="ww_1eea7f63b6f52a44"/>
    </p0826-teimww:contains>
    <p0826-teimww:hasPage knoraType="richtext_value">N.p.; act 1, scene 1, line 100 [normalized spelling].</p0826-teimww:hasPage>
    <p0826-teimww:hasPageHist knoraType="richtext_value">N.p.; act 1, scene 1, line 100.</p0826-teimww:hasPageHist>
    <p0826-teimww:hasText knoraType="richtext_value">[Hermegild:] &lt;span class="quote"&gt;You are the King's Jewel, and hang richly in his ear.&lt;/span&gt;</p0826-teimww:hasText>
    <p0826-teimww:hasTextHist knoraType="richtext_value">[Hermegild:] You are the Kings Iewell, and hang richly in his eare.</p0826-teimww:hasTextHist>
    <p0826-teimww:isMentionedIn>
      <p0826-teimww:passage knoraType="link_value" linkType="ref" target="ww_df8005940d70ba0a"/>
    </p0826-teimww:isMentionedIn>
    <p0826-teimww:occursIn>
      <p0826-teimww:book knoraType="link_value" linkType="ref" target="ww_23f1e9365cf10239"/>
    </p0826-teimww:occursIn>
    <p0826-teimww:wasContributedBy>
      <p0826-teimww:person knoraType="link_value" linkType="ref" target="ww_7f35f6802efd910d"/>
    </p0826-teimww:wasContributedBy>
  </p0826-teimww:passage>
  <p0826-teimww:passage id="ww_b605c624f0fd4031">
    <knoraXmlImport:label>passage</knoraXmlImport:label>
    <p0826-teimww:contains>
      <p0826-teimww:lexia knoraType="link_value" linkType="ref" target="ww_6429b4f74e4bd5cc"/>
    </p0826-teimww:contains>
    <p0826-teimww:hasPage knoraType="richtext_value">N.p.; act 3, scene 1, line 425 [normalized spelling].</p0826-teimww:hasPage>
    <p0826-teimww:hasPageHist knoraType="richtext_value">N.p.; act 3, scene 1, line 425.</p0826-teimww:hasPageHist>
    <p0826-teimww:hasText knoraType="richtext_value">[Hermegild:] I vow to […] sink myself &lt;span class="quote"&gt;lower than a Plummet&lt;/span&gt;[...].</p0826-teimww:hasText>
    <p0826-teimww:hasTextHist knoraType="richtext_value">[Hermegild:] I vow to […] sinke my selfe lower then a Plummet [...].</p0826-teimww:hasTextHist>
    <p0826-teimww:isMentionedIn>
      <p0826-teimww:passage knoraType="link_value" linkType="ref" target="ww_58a67e667dc2c582"/>
    </p0826-teimww:isMentionedIn>
    <p0826-teimww:occursIn>
      <p0826-teimww:book knoraType="link_value" linkType="ref" target="ww_23f1e9365cf10239"/>
    </p0826-teimww:occursIn>
    <p0826-teimww:wasContributedBy>
      <p0826-teimww:person knoraType="link_value" linkType="ref" target="ww_7f35f6802efd910d"/>
    </p0826-teimww:wasContributedBy>
  </p0826-teimww:passage>
  <p0826-teimww:passage id="ww_334367f5bc1fd625">
    <knoraXmlImport:label>passage</knoraXmlImport:label>
    <p0826-teimww:contains>
      <p0826-teimww:lexia knoraType="link_value" linkType="ref" target="ww_77f79ec0e4333b1b"/>
    </p0826-teimww:contains>
    <p0826-teimww:hasPage knoraType="richtext_value">N.p.; act 4, scene 1, line 650 [normalised spelling].</p0826-teimww:hasPage>
    <p0826-teimww:hasPageHist knoraType="richtext_value">N.p.; act 4, scene 1, line 650.</p0826-teimww:hasPageHist>
    <p0826-teimww:hasText knoraType="richtext_value">[Paradine:] &lt;span class="quote"&gt;A pale swan&lt;/span&gt; hath sung my Dirge! O fatal music!</p0826-teimww:hasText>
    <p0826-teimww:hasTextHist knoraType="richtext_value">[Paradine:] A pale Swanne hath sung my Dirge! O fatall Musick!</p0826-teimww:hasTextHist>
    <p0826-teimww:isMentionedIn>
      <p0826-teimww:passage knoraType="link_value" linkType="ref" target="ww_58a67e667dc2c582"/>
    </p0826-teimww:isMentionedIn>
    <p0826-teimww:occursIn>
      <p0826-teimww:book knoraType="link_value" linkType="ref" target="ww_23f1e9365cf10239"/>
    </p0826-teimww:occursIn>
    <p0826-teimww:wasContributedBy>
      <p0826-teimww:person knoraType="link_value" linkType="ref" target="ww_7f35f6802efd910d"/>
    </p0826-teimww:wasContributedBy>
  </p0826-teimww:passage>
  <p0826-teimww:passage id="ww_b3056ce99ebeeecd">
    <knoraXmlImport:label>passage</knoraXmlImport:label>
    <p0826-teimww:contains>
      <p0826-teimww:lexia knoraType="link_value" linkType="ref" target="ww_39c20775a1f962ae"/>
    </p0826-teimww:contains>
    <p0826-teimww:hasPage knoraType="richtext_value">N.p.; act 4, scene 1, line 725 [normalized spelling].</p0826-teimww:hasPage>
    <p0826-teimww:hasPageHist knoraType="richtext_value">N.p.; act 4, scene 1, line 725.</p0826-teimww:hasPageHist>
    <p0826-teimww:hasText knoraType="richtext_value">[Paradine:] Oh, oh! these are the &lt;span class="quote"&gt;Mandrake's groans&lt;/span&gt; (fatal!)
</p0826-teimww:hasText>
    <p0826-teimww:hasTextHist knoraType="richtext_value">[Paradine:] Oh, oh! these are the Mandrakes groanes (fatall!)</p0826-teimww:hasTextHist>
    <p0826-teimww:isMentionedIn>
      <p0826-teimww:passage knoraType="link_value" linkType="ref" target="ww_58a67e667dc2c582"/>
    </p0826-teimww:isMentionedIn>
    <p0826-teimww:occursIn>
      <p0826-teimww:book knoraType="link_value" linkType="ref" target="ww_23f1e9365cf10239"/>
    </p0826-teimww:occursIn>
    <p0826-teimww:wasContributedBy>
      <p0826-teimww:person knoraType="link_value" linkType="ref" target="ww_7f35f6802efd910d"/>
    </p0826-teimww:wasContributedBy>
  </p0826-teimww:passage>
  <p0826-teimww:passage id="ww_52e45be13efb9e33">
    <knoraXmlImport:label>passage</knoraXmlImport:label>
    <p0826-teimww:contains>
      <p0826-teimww:lexia knoraType="link_value" linkType="ref" target="ww_39c20775a1f962ae"/>
    </p0826-teimww:contains>
    <p0826-teimww:hasPage knoraType="richtext_value">N.p.; act 2, scene 1, line 275 [normalized spelling].</p0826-teimww:hasPage>
    <p0826-teimww:hasPageHist knoraType="richtext_value">N.p.; act 2, scene 1, line 275.</p0826-teimww:hasPageHist>
    <p0826-teimww:hasText knoraType="richtext_value">[Albovine:] So pale and timorous! I'll sooner couple &lt;br&gt;
With a &lt;span class="quote"&gt;Mandrake&lt;/span&gt;, and beget &lt;span class="quote"&gt;groans&lt;/span&gt;.</p0826-teimww:hasText>
    <p0826-teimww:hasTextHist knoraType="richtext_value">[Albovine:] So pale and timorous! Ile sooner couple &lt;br&gt;
With a Mandrake, and beget groanes.</p0826-teimww:hasTextHist>
    <p0826-teimww:isMentionedIn>
      <p0826-teimww:passage knoraType="link_value" linkType="ref" target="ww_58a67e667dc2c582"/>
    </p0826-teimww:isMentionedIn>
    <p0826-teimww:occursIn>
      <p0826-teimww:book knoraType="link_value" linkType="ref" target="ww_23f1e9365cf10239"/>
    </p0826-teimww:occursIn>
    <p0826-teimww:wasContributedBy>
      <p0826-teimww:person knoraType="link_value" linkType="ref" target="ww_7f35f6802efd910d"/>
    </p0826-teimww:wasContributedBy>
  </p0826-teimww:passage>
  <p0826-teimww:passage id="ww_226d116f1383a5e4">
    <knoraXmlImport:label>passage</knoraXmlImport:label>
    <p0826-teimww:contains>
      <p0826-teimww:lexia knoraType="link_value" linkType="ref" target="ww_3b9d9bc918165c19"/>
    </p0826-teimww:contains>
    <p0826-teimww:hasPage knoraType="richtext_value">N.p.; act 4, ca. lines 215-222 [normalized spelling].</p0826-teimww:hasPage>
    <p0826-teimww:hasPageHist knoraType="richtext_value">N.p.; act 4, ca. lines 215-222.</p0826-teimww:hasPageHist>
    <p0826-teimww:hasText knoraType="richtext_value">[Alphonso:] Now I am great,&lt;br&gt;
You are my Queen, and I have wrong'd a merit,&lt;br&gt;
More than my service in the humblest lowness&lt;br&gt;
Can ever recompense. I'll rather wish&lt;br&gt;
To meet whole hosts of dangers, and encounter&lt;br&gt;
The stabled &lt;span class="quote"&gt;whips of steel&lt;/span&gt;, then ever part&lt;br&gt;
From those sweet eyes: not time shall sue divorce&lt;br&gt;
'Twixt me and this great miracle of Nature. </p0826-teimww:hasText>
    <p0826-teimww:hasTextHist knoraType="richtext_value">[Alphonso:] Now I am great,&lt;br&gt;
You are my Queen, and I have wrong'd a merit,&lt;br&gt;
More then my service in the humblest lowness&lt;br&gt;
Can ever recompense. I'll rather wish&lt;br&gt;
To meet whole hosts of dangers, and encounter&lt;br&gt;
The stabled &lt;span class="quote"&gt;whips of steel&lt;/span&gt;, then ever part&lt;br&gt;
From those sweet eyes: not time shall sue divorce&lt;br&gt;
'Twixt me and this great miracle of Nature. </p0826-teimww:hasTextHist>
    <p0826-teimww:isMentionedIn>
      <p0826-teimww:passage knoraType="link_value" linkType="ref" target="ww_d9d080f0d0821d9b"/>
    </p0826-teimww:isMentionedIn>
    <p0826-teimww:occursIn>
      <p0826-teimww:book knoraType="link_value" linkType="ref" target="ww_53ea056cdc03928d"/>
    </p0826-teimww:occursIn>
    <p0826-teimww:wasContributedBy>
      <p0826-teimww:person knoraType="link_value" linkType="ref" target="ww_c4063e9c72a3ffd2"/>
    </p0826-teimww:wasContributedBy>
  </p0826-teimww:passage>
  <p0826-teimww:passage id="ww_d9d080f0d0821d9b">
    <knoraXmlImport:label>passage</knoraXmlImport:label>
    <p0826-teimww:occursIn>
      <p0826-teimww:book knoraType="link_value" linkType="ref" target="ww_5603853ee308e6b5"/>
    </p0826-teimww:occursIn>
  </p0826-teimww:passage>
  <p0826-teimww:passage id="ww_f2173b37d7f22853">
    <knoraXmlImport:label>passage</knoraXmlImport:label>
    <p0826-teimww:contains>
      <p0826-teimww:lexia knoraType="link_value" linkType="ref" target="ww_7c3b6aeab3b2f9a8"/>
    </p0826-teimww:contains>
    <p0826-teimww:hasPage knoraType="richtext_value">N.p.; act 2, scene 1, line 125 [normalized spelling].</p0826-teimww:hasPage>
    <p0826-teimww:hasPageHist knoraType="richtext_value">N.p.; act 2, scene 1, line 125.</p0826-teimww:hasPageHist>
    <p0826-teimww:hasText knoraType="richtext_value">[Lucio:] &lt;span class="quote"&gt;Excellent wretch! &lt;/span&gt;I am undone with joy [...].</p0826-teimww:hasText>
    <p0826-teimww:hasTextHist knoraType="richtext_value">[Lucio:] Excellent wretch! I am vndone with ioy [...]</p0826-teimww:hasTextHist>
    <p0826-teimww:isMentionedIn>
      <p0826-teimww:passage knoraType="link_value" linkType="ref" target="ww_a784c2159ca24d04"/>
    </p0826-teimww:isMentionedIn>
    <p0826-teimww:occursIn>
      <p0826-teimww:book knoraType="link_value" linkType="ref" target="ww_0a181b40f9edb85e"/>
    </p0826-teimww:occursIn>
    <p0826-teimww:wasContributedBy>
      <p0826-teimww:person knoraType="link_value" linkType="ref" target="ww_7f35f6802efd910d"/>
    </p0826-teimww:wasContributedBy>
  </p0826-teimww:passage>
  <p0826-teimww:passage id="ww_e2aaf4e91d9f7208">
    <knoraXmlImport:label>passage</knoraXmlImport:label>
    <p0826-teimww:contains>
      <p0826-teimww:lexia knoraType="link_value" linkType="ref" target="ww_935c8c125a62888a"/>
    </p0826-teimww:contains>
    <p0826-teimww:hasPage knoraType="richtext_value">F2 verso [normalized spelling].</p0826-teimww:hasPage>
    <p0826-teimww:hasPageHist knoraType="richtext_value">F2 verso.</p0826-teimww:hasPageHist>
    <p0826-teimww:hasText knoraType="richtext_value">[Joshua:] [...] &lt;span class="quote"&gt;Tybert the Cat&lt;/span&gt;; as it is in the painted cloth of the Bull, and Cock [...].</p0826-teimww:hasText>
    <p0826-teimww:hasTextHist knoraType="richtext_value">[Joshua:] [...] Tybert the Cat; as it is in the painted cloath of the Bull, and Cocke [...].</p0826-teimww:hasTextHist>
    <p0826-teimww:isMentionedIn>
      <p0826-teimww:passage knoraType="link_value" linkType="ref" target="ww_d40e3f4c9ba9116d"/>
    </p0826-teimww:isMentionedIn>
    <p0826-teimww:occursIn>
      <p0826-teimww:book knoraType="link_value" linkType="ref" target="ww_ac3676ebd4fd4919"/>
    </p0826-teimww:occursIn>
    <p0826-teimww:wasContributedBy>
      <p0826-teimww:person knoraType="link_value" linkType="ref" target="ww_c4063e9c72a3ffd2"/>
    </p0826-teimww:wasContributedBy>
  </p0826-teimww:passage>
  <p0826-teimww:passage id="ww_d40e3f4c9ba9116d">
    <knoraXmlImport:label>passage</knoraXmlImport:label>
    <p0826-teimww:occursIn>
      <p0826-teimww:book knoraType="link_value" linkType="ref" target="ww_84a8155c55c3c1e2"/>
    </p0826-teimww:occursIn>
  </p0826-teimww:passage>
  <p0826-teimww:passage id="ww_f7cf83f767d65bde">
    <knoraXmlImport:label>passage</knoraXmlImport:label>
    <p0826-teimww:contains>
      <p0826-teimww:lexia knoraType="link_value" linkType="ref" target="ww_f980d22566f52283"/>
    </p0826-teimww:contains>
    <p0826-teimww:hasPage knoraType="richtext_value">51; act 4 [spelling normalized].</p0826-teimww:hasPage>
    <p0826-teimww:hasPageHist knoraType="richtext_value">51; act 4.</p0826-teimww:hasPageHist>
    <p0826-teimww:hasText knoraType="richtext_value">[Peter:] &lt;span class="quote"&gt;Call ye this Honour? a pox of honour&lt;/span&gt; [...].</p0826-teimww:hasText>
    <p0826-teimww:hasTextHist knoraType="richtext_value">[Peter:] Call ye this Honour? a pox of honor [...].</p0826-teimww:hasTextHist>
    <p0826-teimww:isMentionedIn>
      <p0826-teimww:passage knoraType="link_value" linkType="ref" target="ww_8b40f592b8953d05"/>
    </p0826-teimww:isMentionedIn>
    <p0826-teimww:occursIn>
      <p0826-teimww:book knoraType="link_value" linkType="ref" target="ww_9ffbafacac4416c9"/>
    </p0826-teimww:occursIn>
    <p0826-teimww:wasContributedBy>
      <p0826-teimww:person knoraType="link_value" linkType="ref" target="ww_b604df587d93b768"/>
    </p0826-teimww:wasContributedBy>
  </p0826-teimww:passage>
  <p0826-teimww:passage id="ww_861152302d603088">
    <knoraXmlImport:label>passage</knoraXmlImport:label>
    <p0826-teimww:contains>
      <p0826-teimww:lexia knoraType="link_value" linkType="ref" target="ww_fba3108902c095f8"/>
    </p0826-teimww:contains>
    <p0826-teimww:contains>
      <p0826-teimww:lexia knoraType="link_value" linkType="ref" target="ww_3b9d9bc918165c19"/>
    </p0826-teimww:contains>
    <p0826-teimww:hasPage knoraType="richtext_value">25; act 5, scene 5 [normalized spelling].</p0826-teimww:hasPage>
    <p0826-teimww:hasPageHist knoraType="richtext_value">25; act 5, scene 5.</p0826-teimww:hasPageHist>
    <p0826-teimww:hasText knoraType="richtext_value">[Bidstand:] Come come ye furies with your &lt;span class="quote"&gt;whips of steel&lt;/span&gt;&lt;br&gt;
And all hell's torments let the monster feel&lt;br&gt;
Guilty of this black crime our angry Power&lt;br&gt;
Lets one his guilty head just vengeance shower&lt;br&gt;
Untie Ixion from the torturing wheel&lt;br&gt;
No longer let tir'd Tythius bosom feel&lt;br&gt;
The greedy vulture's beak, set free from pain&lt;br&gt;
&lt;span class="quote"&gt;All guilty souls that we may turn the same&lt;br&gt;
Upon this dire offender, who hath killed&lt;br&gt;
My daughter&lt;/span&gt; and with grief my bosom filled. </p0826-teimww:hasText>
    <p0826-teimww:hasTextHist knoraType="richtext_value">[Bidstand:] Come come ye furies with your whips of steele&lt;br&gt;
And all hels torments let the monster feele&lt;br&gt;
Guilty of this blacke crime our angry Power&lt;br&gt;
Lets one his guilty head iust vengance shower&lt;br&gt;
Vntie Ixion from the torturing whele&lt;br&gt;
No longer let tir'd Tythius bosome fele&lt;br&gt;
The gready vulturs beake, set fre fro paine&lt;br&gt;
All guilty soules that we may turne the same&lt;br&gt;
Vpon this dire offender, who hath kild&lt;br&gt;
My dauther and with greife my bosome fild. </p0826-teimww:hasTextHist>
    <p0826-teimww:isMentionedIn>
      <p0826-teimww:passage knoraType="link_value" linkType="ref" target="ww_56cec83eb65c81c7"/>
    </p0826-teimww:isMentionedIn>
    <p0826-teimww:occursIn>
      <p0826-teimww:book knoraType="link_value" linkType="ref" target="ww_c7ed9e19d73910af"/>
    </p0826-teimww:occursIn>
    <p0826-teimww:wasContributedBy>
      <p0826-teimww:person knoraType="link_value" linkType="ref" target="ww_c4063e9c72a3ffd2"/>
    </p0826-teimww:wasContributedBy>
  </p0826-teimww:passage>
  <p0826-teimww:passage id="ww_56cec83eb65c81c7">
    <knoraXmlImport:label>passage</knoraXmlImport:label>
    <p0826-teimww:occursIn>
      <p0826-teimww:book knoraType="link_value" linkType="ref" target="ww_3e15ab6c612eadae"/>
    </p0826-teimww:occursIn>
  </p0826-teimww:passage>
  <p0826-teimww:passage id="ww_50ae8ab8b3035ab9">
    <knoraXmlImport:label>passage</knoraXmlImport:label>
    <p0826-teimww:contains>
      <p0826-teimww:lexia knoraType="link_value" linkType="ref" target="ww_3b9d9bc918165c19"/>
    </p0826-teimww:contains>
    <p0826-teimww:hasPage knoraType="richtext_value">I5 recto; I2 recto-K1 verso: lines 93-94 [normalized spelling].</p0826-teimww:hasPage>
    <p0826-teimww:hasPageHist knoraType="richtext_value">I5 recto; I2 recto-K1 verso: lines 93-94.</p0826-teimww:hasPageHist>
    <p0826-teimww:hasText knoraType="richtext_value">There, painted Pride lives crowned in flaming fire&lt;br&gt;
The Glorious Strumpet, &lt;span class="quote"&gt;whipped with burning wire&lt;/span&gt; [...].</p0826-teimww:hasText>
    <p0826-teimww:hasTextHist knoraType="richtext_value">There, painted Pride liues crown'd in flaming fire&lt;br&gt;
The Glorious Strumpet, whipt with burning wyre [...].</p0826-teimww:hasTextHist>
    <p0826-teimww:isMentionedIn>
      <p0826-teimww:passage knoraType="link_value" linkType="ref" target="ww_83e40f3bc710df30"/>
    </p0826-teimww:isMentionedIn>
    <p0826-teimww:occursIn>
      <p0826-teimww:book knoraType="link_value" linkType="ref" target="ww_73c69f73b623166a"/>
    </p0826-teimww:occursIn>
    <p0826-teimww:wasContributedBy>
      <p0826-teimww:person knoraType="link_value" linkType="ref" target="ww_c4063e9c72a3ffd2"/>
    </p0826-teimww:wasContributedBy>
  </p0826-teimww:passage>
  <p0826-teimww:passage id="ww_83e40f3bc710df30">
    <knoraXmlImport:label>passage</knoraXmlImport:label>
    <p0826-teimww:occursIn>
      <p0826-teimww:book knoraType="link_value" linkType="ref" target="ww_5603853ee308e6b5"/>
    </p0826-teimww:occursIn>
  </p0826-teimww:passage>
  <p0826-teimww:passage id="ww_9c7846e146640742">
    <knoraXmlImport:label>passage</knoraXmlImport:label>
    <p0826-teimww:contains>
      <p0826-teimww:lexia knoraType="link_value" linkType="ref" target="ww_2a2c4d4630a79700"/>
    </p0826-teimww:contains>
    <p0826-teimww:hasPage knoraType="richtext_value">C1 recto; act 1, scene 1 [normalized spelling].</p0826-teimww:hasPage>
    <p0826-teimww:hasPageHist knoraType="richtext_value">C1 recto; act 1, scene 1.</p0826-teimww:hasPageHist>
    <p0826-teimww:hasText knoraType="richtext_value">[Bertoldo:] [...] look on &lt;i&gt;England&lt;/i&gt;,&lt;br&gt;
The empress of the European isles,&lt;br&gt;
And unto whom alone ours yields precedence,&lt;br&gt;
When did she flourish so, as when she was&lt;br&gt;
The mistress of the ocean. Her navies &lt;br&gt;
&lt;span class="quote"&gt;Putting a girdle round about the world&lt;/span&gt; [...].</p0826-teimww:hasText>
    <p0826-teimww:hasTextHist knoraType="richtext_value">[Bertoldo:] [...] looke on &lt;i&gt;England&lt;/i&gt;,&lt;br&gt;
The Empresse of the European Isles,&lt;br&gt;
And unto whom alone ours yeelds precedence,&lt;br&gt;
When did she flourish so, as when she was&lt;br&gt;
The Mistresse of the Ocean. Her navies &lt;br&gt;
Putting a girdle round about the world [...].</p0826-teimww:hasTextHist>
    <p0826-teimww:isMentionedIn>
      <p0826-teimww:passage knoraType="link_value" linkType="ref" target="ww_167facb54f90b7d7"/>
    </p0826-teimww:isMentionedIn>
    <p0826-teimww:occursIn>
      <p0826-teimww:book knoraType="link_value" linkType="ref" target="ww_929a719a55a63af2"/>
    </p0826-teimww:occursIn>
    <p0826-teimww:wasContributedBy>
      <p0826-teimww:person knoraType="link_value" linkType="ref" target="ww_6202c1bb6957c9cc"/>
    </p0826-teimww:wasContributedBy>
  </p0826-teimww:passage>
  <p0826-teimww:passage id="ww_167facb54f90b7d7">
    <knoraXmlImport:label>passage</knoraXmlImport:label>
    <p0826-teimww:occursIn>
      <p0826-teimww:book knoraType="link_value" linkType="ref" target="ww_1140c36ab545b6d8"/>
    </p0826-teimww:occursIn>
  </p0826-teimww:passage>
  <p0826-teimww:passage id="ww_9b80fca13698ecf8">
    <knoraXmlImport:label>passage</knoraXmlImport:label>
    <p0826-teimww:contains>
      <p0826-teimww:lexia knoraType="link_value" linkType="ref" target="ww_9b2dbababbd6684b"/>
    </p0826-teimww:contains>
    <p0826-teimww:hasPage knoraType="richtext_value">N.p.; act 2, scene 1; act 3, scene 1; act 3, scene 1 [normalized spelling]</p0826-teimww:hasPage>
    <p0826-teimww:hasPageHist knoraType="richtext_value">N.p.; act 2, scene 1; act 3, scene 1; act 3, scene 1.</p0826-teimww:hasPageHist>
    <p0826-teimww:hasText knoraType="richtext_value">[Besse:] Could my Spencer &lt;br&gt;
Think that a &lt;span class="quote"&gt;barbarous Moor&lt;/span&gt; could be so train'd &lt;br&gt;
In humain virtues?&lt;br&gt;
&lt;br&gt;
[Besse:] Prize you my love no better, than to rate it &lt;br&gt;
Beneath the friendship of a &lt;span class="quote"&gt;barbarous Moor?&lt;/span&gt;&lt;br&gt;
&lt;br&gt;
[Spencer:] I prize my honour, and a Christian's faith, &lt;br&gt;
Above what earth can yield: shall Fesse report, &lt;br&gt;
Unto our country's shame, and to the scandal&lt;br&gt;
Of our religion, that a &lt;span class="quote"&gt;barbarous Moor&lt;/span&gt; &lt;br&gt;
Can exceed us in nobleness?</p0826-teimww:hasText>
    <p0826-teimww:hasTextHist knoraType="richtext_value">[Besse:] Could my Spencer &lt;br&gt;
Think that a &lt;span class="quote"&gt;barbarous Moor&lt;/span&gt; could be so train'd &lt;br&gt;
In humain vertues?&lt;br&gt;
&lt;br&gt;
[Besse:] Prize you my love no better, then to rate it &lt;br&gt;
Beneath the friendship of a &lt;span class="quote"&gt;barbarous Moor?&lt;/span&gt;&lt;br&gt;
&lt;br&gt;
[Spencer:] I prize my honour, and a Christians faith, &lt;br&gt;
Above what earth can yeeld: shall Fesse report, &lt;br&gt;
Vnto our countreys shame, and to the scandall &lt;br&gt;
Of our religion, that a &lt;span class="quote"&gt;barbarous Moor&lt;/span&gt; &lt;br&gt;
Can exceed us in noblenesse?</p0826-teimww:hasTextHist>
    <p0826-teimww:isMentionedIn>
      <p0826-teimww:passage knoraType="link_value" linkType="ref" target="ww_9f17732cef7fc0ad"/>
    </p0826-teimww:isMentionedIn>
    <p0826-teimww:occursIn>
      <p0826-teimww:book knoraType="link_value" linkType="ref" target="ww_800919bc37e2d114"/>
    </p0826-teimww:occursIn>
    <p0826-teimww:wasContributedBy>
      <p0826-teimww:person knoraType="link_value" linkType="ref" target="ww_b604df587d93b768"/>
    </p0826-teimww:wasContributedBy>
  </p0826-teimww:passage>
  <p0826-teimww:passage id="ww_9f17732cef7fc0ad">
    <knoraXmlImport:label>passage</knoraXmlImport:label>
    <p0826-teimww:occursIn>
      <p0826-teimww:book knoraType="link_value" linkType="ref" target="ww_3e15ab6c612eadae"/>
    </p0826-teimww:occursIn>
  </p0826-teimww:passage>
  <p0826-teimww:passage id="ww_cbdfdd9790b095c1">
    <knoraXmlImport:label>passage</knoraXmlImport:label>
    <p0826-teimww:occursIn>
      <p0826-teimww:book knoraType="link_value" linkType="ref" target="ww_5603853ee308e6b5"/>
    </p0826-teimww:occursIn>
  </p0826-teimww:passage>
  <p0826-teimww:passage id="ww_8f8294e72acb1da8">
    <knoraXmlImport:label>passage</knoraXmlImport:label>
    <p0826-teimww:contains>
      <p0826-teimww:lexia knoraType="link_value" linkType="ref" target="ww_9c76e083a45561dc"/>
    </p0826-teimww:contains>
    <p0826-teimww:contains>
      <p0826-teimww:lexia knoraType="link_value" linkType="ref" target="ww_174407c78089166e"/>
    </p0826-teimww:contains>
    <p0826-teimww:hasPage knoraType="richtext_value">19.</p0826-teimww:hasPage>
    <p0826-teimww:hasText knoraType="richtext_value">[Asotus:] &lt;span class="quote"&gt;Phoebus, whip &lt;br&gt;
Thy lazy team&lt;/span&gt;, run headlong to the west, &lt;br&gt;
I long to taste the banquet of the night.</p0826-teimww:hasText>
    <p0826-teimww:isMentionedIn>
      <p0826-teimww:passage knoraType="link_value" linkType="ref" target="ww_6763da593a5b5436"/>
    </p0826-teimww:isMentionedIn>
    <p0826-teimww:occursIn>
      <p0826-teimww:book knoraType="link_value" linkType="ref" target="ww_cf1407d337262e2b"/>
    </p0826-teimww:occursIn>
    <p0826-teimww:wasContributedBy>
      <p0826-teimww:person knoraType="link_value" linkType="ref" target="ww_6202c1bb6957c9cc"/>
    </p0826-teimww:wasContributedBy>
  </p0826-teimww:passage>
  <p0826-teimww:passage id="ww_6763da593a5b5436">
    <knoraXmlImport:label>passage</knoraXmlImport:label>
    <p0826-teimww:occursIn>
      <p0826-teimww:book knoraType="link_value" linkType="ref" target="ww_1140c36ab545b6d8"/>
    </p0826-teimww:occursIn>
  </p0826-teimww:passage>
  <p0826-teimww:passage id="ww_5ed238ac6f818e5d">
    <knoraXmlImport:label>passage</knoraXmlImport:label>
    <p0826-teimww:contains>
      <p0826-teimww:lexia knoraType="link_value" linkType="ref" target="ww_2eb25a7c80a20bfa"/>
    </p0826-teimww:contains>
    <p0826-teimww:hasPage knoraType="richtext_value">96; lines 2-5.</p0826-teimww:hasPage>
    <p0826-teimww:hasText knoraType="richtext_value">If swoll'n with poison, he lay in his last bed &lt;br&gt;
&lt;span class="quote"&gt;His body with a sere-bark covered&lt;/span&gt;, &lt;br&gt;
Drawing his breath, as thick and short, as can &lt;br&gt;
The nimblest crocheting musician [...].</p0826-teimww:hasText>
    <p0826-teimww:occursIn>
      <p0826-teimww:book knoraType="link_value" linkType="ref" target="ww_ce95d11ad066ef61"/>
    </p0826-teimww:occursIn>
    <p0826-teimww:wasContributedBy>
      <p0826-teimww:person knoraType="link_value" linkType="ref" target="ww_ad4ed5850132d51e"/>
    </p0826-teimww:wasContributedBy>
  </p0826-teimww:passage>
  <p0826-teimww:passage id="ww_1d971f53134445a4">
    <knoraXmlImport:label>passage</knoraXmlImport:label>
    <p0826-teimww:contains>
      <p0826-teimww:lexia knoraType="link_value" linkType="ref" target="ww_79763fb3585a96fc"/>
    </p0826-teimww:contains>
    <p0826-teimww:hasText knoraType="richtext_value">&lt;span class="quote"&gt;Aphelia&lt;/span&gt;</p0826-teimww:hasText>
    <p0826-teimww:isMentionedIn>
      <p0826-teimww:passage knoraType="link_value" linkType="ref" target="ww_5b4cb9330b214f3f"/>
    </p0826-teimww:isMentionedIn>
    <p0826-teimww:occursIn>
      <p0826-teimww:book knoraType="link_value" linkType="ref" target="ww_c8ca0bdc1413defb"/>
    </p0826-teimww:occursIn>
    <p0826-teimww:wasContributedBy>
      <p0826-teimww:person knoraType="link_value" linkType="ref" target="ww_c4063e9c72a3ffd2"/>
    </p0826-teimww:wasContributedBy>
  </p0826-teimww:passage>
  <p0826-teimww:passage id="ww_5b4cb9330b214f3f">
    <knoraXmlImport:label>passage</knoraXmlImport:label>
    <p0826-teimww:occursIn>
      <p0826-teimww:book knoraType="link_value" linkType="ref" target="ww_5868d5560bdfc062"/>
    </p0826-teimww:occursIn>
  </p0826-teimww:passage>
  <p0826-teimww:passage id="ww_29b896c6a23dc6d0">
    <knoraXmlImport:label>passage</knoraXmlImport:label>
    <p0826-teimww:contains>
      <p0826-teimww:lexia knoraType="link_value" linkType="ref" target="ww_ac4c54854794ec1e"/>
    </p0826-teimww:contains>
    <p0826-teimww:hasPage knoraType="richtext_value">Act 3, scene 2, line 90.</p0826-teimww:hasPage>
    <p0826-teimww:hasText knoraType="richtext_value">[Clotair:] &lt;span class="quote"&gt;Set down, set down your honourable load.&lt;/span&gt;</p0826-teimww:hasText>
    <p0826-teimww:isMentionedIn>
      <p0826-teimww:passage knoraType="link_value" linkType="ref" target="ww_ae5d4b8eed0db4c9"/>
    </p0826-teimww:isMentionedIn>
    <p0826-teimww:occursIn>
      <p0826-teimww:book knoraType="link_value" linkType="ref" target="ww_c8ca0bdc1413defb"/>
    </p0826-teimww:occursIn>
    <p0826-teimww:wasContributedBy>
      <p0826-teimww:person knoraType="link_value" linkType="ref" target="ww_7f35f6802efd910d"/>
    </p0826-teimww:wasContributedBy>
  </p0826-teimww:passage>
  <p0826-teimww:passage id="ww_aebf4f7d650f9d0f">
    <knoraXmlImport:label>passage</knoraXmlImport:label>
    <p0826-teimww:contains>
      <p0826-teimww:lexia knoraType="link_value" linkType="ref" target="ww_5925755e92cd2a98"/>
    </p0826-teimww:contains>
    <p0826-teimww:hasPage knoraType="richtext_value">N.p.; act 1, scene 1, line 300 [normalised spelling].</p0826-teimww:hasPage>
    <p0826-teimww:hasPageHist knoraType="richtext_value">N.p.; act 1, scene 1, line 300.</p0826-teimww:hasPageHist>
    <p0826-teimww:hasText knoraType="richtext_value">[Prospero:] [...] so &lt;span class="quote"&gt;Ravens croak &lt;/span&gt;&lt;br&gt;
When they fly over the mansions of the sick &lt;br&gt;
And &lt;span class="quote"&gt;bode their deaths.&lt;/span&gt;</p0826-teimww:hasText>
    <p0826-teimww:hasTextHist knoraType="richtext_value">[Prospero:] [...] so Ravens croke &lt;br&gt;
When they fly ore the mansions of the sick &lt;br&gt;
And bode their deaths.</p0826-teimww:hasTextHist>
    <p0826-teimww:isMentionedIn>
      <p0826-teimww:passage knoraType="link_value" linkType="ref" target="ww_f63a744ad74cf95b"/>
    </p0826-teimww:isMentionedIn>
    <p0826-teimww:occursIn>
      <p0826-teimww:book knoraType="link_value" linkType="ref" target="ww_d5382e88160d5533"/>
    </p0826-teimww:occursIn>
    <p0826-teimww:wasContributedBy>
      <p0826-teimww:person knoraType="link_value" linkType="ref" target="ww_7f35f6802efd910d"/>
    </p0826-teimww:wasContributedBy>
  </p0826-teimww:passage>
  <p0826-teimww:passage id="ww_5b19914abe24af60">
    <knoraXmlImport:label>passage</knoraXmlImport:label>
    <p0826-teimww:contains>
      <p0826-teimww:lexia knoraType="link_value" linkType="ref" target="ww_77f79ec0e4333b1b"/>
    </p0826-teimww:contains>
    <p0826-teimww:hasPage knoraType="richtext_value">N.p.; act 5, scene 1, line 105 [normalized spelling].</p0826-teimww:hasPage>
    <p0826-teimww:hasPageHist knoraType="richtext_value">N.p.; act 5, scene 1, line 105.</p0826-teimww:hasPageHist>
    <p0826-teimww:hasText knoraType="richtext_value">[Evandra:] Who is it that assumes the office of &lt;br&gt;
The &lt;span class="quote"&gt;dying Swan&lt;/span&gt;? </p0826-teimww:hasText>
    <p0826-teimww:hasTextHist knoraType="richtext_value">[Evandra:] Who is it that assumes the office of &lt;br&gt;
The &lt;span class="quote"&gt;dying Swan&lt;/span&gt;? </p0826-teimww:hasTextHist>
    <p0826-teimww:isMentionedIn>
      <p0826-teimww:passage knoraType="link_value" linkType="ref" target="ww_f63a744ad74cf95b"/>
    </p0826-teimww:isMentionedIn>
    <p0826-teimww:occursIn>
      <p0826-teimww:book knoraType="link_value" linkType="ref" target="ww_d5382e88160d5533"/>
    </p0826-teimww:occursIn>
    <p0826-teimww:wasContributedBy>
      <p0826-teimww:person knoraType="link_value" linkType="ref" target="ww_7f35f6802efd910d"/>
    </p0826-teimww:wasContributedBy>
  </p0826-teimww:passage>
  <p0826-teimww:passage id="ww_af8826ca4be49d4d">
    <knoraXmlImport:label>passage</knoraXmlImport:label>
    <p0826-teimww:contains>
      <p0826-teimww:lexia knoraType="link_value" linkType="ref" target="ww_5d8dda9623e62097"/>
    </p0826-teimww:contains>
    <p0826-teimww:hasPage knoraType="richtext_value">198; lines 833-842.</p0826-teimww:hasPage>
    <p0826-teimww:hasText knoraType="richtext_value">[Spirit:] "[...] The water Nymphs that in the bottom plaid, &lt;br&gt;
Held up their pearled wrists and took her in, &lt;br&gt;
Bearing her straight to aged Nereus Hall, &lt;br&gt;
Who piteous of her woes, rear'd her lank head, &lt;br&gt;
And gave her to his daughters to imbathe &lt;br&gt;
In nectar'd lavers strew'd with Asphodil, &lt;br&gt;
And &lt;span class="quote"&gt;through the porch and inlet of each sense &lt;br&gt;
Dropt in Ambrosial Oils&lt;/span&gt; till she reviv'd, &lt;br&gt;
And underwent a quick immortal change &lt;br&gt;
Made Goddess of the River [...]."</p0826-teimww:hasText>
    <p0826-teimww:isMentionedIn>
      <p0826-teimww:passage knoraType="link_value" linkType="ref" target="ww_f261566e4a35919b"/>
    </p0826-teimww:isMentionedIn>
    <p0826-teimww:occursIn>
      <p0826-teimww:book knoraType="link_value" linkType="ref" target="ww_8507a0ad9e67f1a4"/>
    </p0826-teimww:occursIn>
    <p0826-teimww:wasContributedBy>
      <p0826-teimww:person knoraType="link_value" linkType="ref" target="ww_b05ab3db9fd9054a"/>
    </p0826-teimww:wasContributedBy>
  </p0826-teimww:passage>
  <p0826-teimww:passage id="ww_f261566e4a35919b">
    <knoraXmlImport:label>passage</knoraXmlImport:label>
    <p0826-teimww:occursIn>
      <p0826-teimww:book knoraType="link_value" linkType="ref" target="ww_4899784ecc7f3845"/>
    </p0826-teimww:occursIn>
  </p0826-teimww:passage>
  <p0826-teimww:passage id="ww_3dbacb354ce3ae0d">
    <knoraXmlImport:label>passage</knoraXmlImport:label>
    <p0826-teimww:contains>
      <p0826-teimww:lexia knoraType="link_value" linkType="ref" target="ww_3b9d9bc918165c19"/>
    </p0826-teimww:contains>
    <p0826-teimww:hasPage knoraType="richtext_value">46, lines 389-392; act 2, scene 1 [normalized spelling].</p0826-teimww:hasPage>
    <p0826-teimww:hasPageHist knoraType="richtext_value">46, lines 389-392; act 2, scene 1.</p0826-teimww:hasPageHist>
    <p0826-teimww:hasText knoraType="richtext_value">[Lepida:] [...] Why then employ your burning &lt;span class="quote"&gt;whips of steel&lt;/span&gt;,&lt;br&gt;
Lash with eternal lashes, there, there, there,&lt;br&gt;
Excellent Furies how you do excel,&lt;br&gt;
So, so, so, so, tis holy day &lt;span class="quote"&gt;in hell. </p0826-teimww:hasText>
    <p0826-teimww:hasTextHist knoraType="richtext_value">[Lepida:] [...] Why then imploy your burning whips of steele,&lt;br&gt;
Lash with eternall lashes, there, there, there,&lt;br&gt;
Excellent Furies how you doe excell,&lt;br&gt;
So, so, so, so, tis holy day in hell. </p0826-teimww:hasTextHist>
    <p0826-teimww:isMentionedIn>
      <p0826-teimww:passage knoraType="link_value" linkType="ref" target="ww_7a35c3bbdf5cf3f8"/>
    </p0826-teimww:isMentionedIn>
    <p0826-teimww:occursIn>
      <p0826-teimww:book knoraType="link_value" linkType="ref" target="ww_cd047776ecc0f21c"/>
    </p0826-teimww:occursIn>
    <p0826-teimww:wasContributedBy>
      <p0826-teimww:person knoraType="link_value" linkType="ref" target="ww_c4063e9c72a3ffd2"/>
    </p0826-teimww:wasContributedBy>
  </p0826-teimww:passage>
  <p0826-teimww:passage id="ww_7a35c3bbdf5cf3f8">
    <knoraXmlImport:label>passage</knoraXmlImport:label>
    <p0826-teimww:occursIn>
      <p0826-teimww:book knoraType="link_value" linkType="ref" target="ww_5603853ee308e6b5"/>
    </p0826-teimww:occursIn>
  </p0826-teimww:passage>
  <p0826-teimww:passage id="ww_672a4100a5715bb3">
    <knoraXmlImport:label>passage</knoraXmlImport:label>
    <p0826-teimww:contains>
      <p0826-teimww:lexia knoraType="link_value" linkType="ref" target="ww_f980d22566f52283"/>
    </p0826-teimww:contains>
    <p0826-teimww:hasPage knoraType="richtext_value">70 [normalized spelling].</p0826-teimww:hasPage>
    <p0826-teimww:hasPageHist knoraType="richtext_value">70.</p0826-teimww:hasPageHist>
    <p0826-teimww:hasText knoraType="richtext_value">We must do to others, &lt;span class="quote"&gt;&lt;i&gt;not as honor pricks us on.&lt;/i&gt;&lt;/span&gt;</p0826-teimww:hasText>
    <p0826-teimww:hasTextHist knoraType="richtext_value">Wee must doe to others, &lt;span class="quote"&gt;&lt;i&gt;not as honor prickes us on.&lt;/i&gt;&lt;/span&gt;</p0826-teimww:hasTextHist>
    <p0826-teimww:isMentionedIn>
      <p0826-teimww:passage knoraType="link_value" linkType="ref" target="ww_d848d2071e650207"/>
    </p0826-teimww:isMentionedIn>
    <p0826-teimww:occursIn>
      <p0826-teimww:book knoraType="link_value" linkType="ref" target="ww_a978b0806dc8a39c"/>
    </p0826-teimww:occursIn>
    <p0826-teimww:wasContributedBy>
      <p0826-teimww:person knoraType="link_value" linkType="ref" target="ww_c4063e9c72a3ffd2"/>
    </p0826-teimww:wasContributedBy>
  </p0826-teimww:passage>
  <p0826-teimww:passage id="ww_d848d2071e650207">
    <knoraXmlImport:label>passage</knoraXmlImport:label>
    <p0826-teimww:occursIn>
      <p0826-teimww:book knoraType="link_value" linkType="ref" target="ww_08a130e81db8a98f"/>
    </p0826-teimww:occursIn>
  </p0826-teimww:passage>
  <p0826-teimww:passage id="ww_e2c3bff494aa68c5">
    <knoraXmlImport:label>passage</knoraXmlImport:label>
    <p0826-teimww:contains>
      <p0826-teimww:lexia knoraType="link_value" linkType="ref" target="ww_52257357dab479f0"/>
    </p0826-teimww:contains>
    <p0826-teimww:hasPage knoraType="richtext_value">33; act 3, scene 1 [normalized spelling].</p0826-teimww:hasPage>
    <p0826-teimww:hasPageHist knoraType="richtext_value">33; act 3, scene 1.</p0826-teimww:hasPageHist>
    <p0826-teimww:hasText knoraType="richtext_value">[Orsa:] The slave of chance &lt;br&gt;
One of &lt;span class="quote"&gt;Fortune's fools; &lt;/span&gt;&lt;br&gt;
A thing she kept alive on earth &lt;br&gt;
To make her sport.</p0826-teimww:hasText>
    <p0826-teimww:hasTextHist knoraType="richtext_value">[Orsa:] The slave of Chance &lt;br&gt;
One of Fortune's fooles; &lt;br&gt;
A thing she kept alive on earth &lt;br&gt;
To make her sport,</p0826-teimww:hasTextHist>
    <p0826-teimww:isMentionedIn>
      <p0826-teimww:passage knoraType="link_value" linkType="ref" target="ww_64ec4f03c67d37ca"/>
    </p0826-teimww:isMentionedIn>
    <p0826-teimww:occursIn>
      <p0826-teimww:book knoraType="link_value" linkType="ref" target="ww_c354c8aa7bc6d63e"/>
    </p0826-teimww:occursIn>
    <p0826-teimww:wasContributedBy>
      <p0826-teimww:person knoraType="link_value" linkType="ref" target="ww_6202c1bb6957c9cc"/>
    </p0826-teimww:wasContributedBy>
  </p0826-teimww:passage>
  <p0826-teimww:passage id="ww_64ec4f03c67d37ca">
    <knoraXmlImport:label>passage</knoraXmlImport:label>
    <p0826-teimww:occursIn>
      <p0826-teimww:book knoraType="link_value" linkType="ref" target="ww_1140c36ab545b6d8"/>
    </p0826-teimww:occursIn>
  </p0826-teimww:passage>
  <p0826-teimww:passage id="ww_a831918f682503a8">
    <knoraXmlImport:label>passage</knoraXmlImport:label>
    <p0826-teimww:contains>
      <p0826-teimww:lexia knoraType="link_value" linkType="ref" target="ww_ca140ea65ebcb30d"/>
    </p0826-teimww:contains>
    <p0826-teimww:hasPage knoraType="richtext_value">26; act 3, scene 1.</p0826-teimww:hasPage>
    <p0826-teimww:hasText knoraType="richtext_value">[Pellegrin:] We're in excellent humour, &lt;br&gt;
Let's have another bottle, &lt;br&gt;
And &lt;span class="quote"&gt;give out the Anne my wife is dead, &lt;br&gt;&lt;/span&gt;
Shall I Gentlemen? </p0826-teimww:hasText>
    <p0826-teimww:isMentionedIn>
      <p0826-teimww:passage knoraType="link_value" linkType="ref" target="ww_385eb1e425a4e091"/>
    </p0826-teimww:isMentionedIn>
    <p0826-teimww:occursIn>
      <p0826-teimww:book knoraType="link_value" linkType="ref" target="ww_c354c8aa7bc6d63e"/>
    </p0826-teimww:occursIn>
    <p0826-teimww:wasContributedBy>
      <p0826-teimww:person knoraType="link_value" linkType="ref" target="ww_6202c1bb6957c9cc"/>
    </p0826-teimww:wasContributedBy>
  </p0826-teimww:passage>
  <p0826-teimww:passage id="ww_385eb1e425a4e091">
    <knoraXmlImport:label>passage</knoraXmlImport:label>
    <p0826-teimww:occursIn>
      <p0826-teimww:book knoraType="link_value" linkType="ref" target="ww_1140c36ab545b6d8"/>
    </p0826-teimww:occursIn>
  </p0826-teimww:passage>
  <p0826-teimww:passage id="ww_a3356aa5eeceee5a">
    <knoraXmlImport:label>passage</knoraXmlImport:label>
    <p0826-teimww:contains>
      <p0826-teimww:lexia knoraType="link_value" linkType="ref" target="ww_39c20775a1f962ae"/>
    </p0826-teimww:contains>
    <p0826-teimww:hasPage knoraType="richtext_value">N.p.; act 1, scene 1, line 50.</p0826-teimww:hasPage>
    <p0826-teimww:hasPageHist knoraType="richtext_value">N.p.; act 1, scene 1, line 50.</p0826-teimww:hasPageHist>
    <p0826-teimww:hasText knoraType="richtext_value">[Rampino:] [...] they're &lt;span class="quote"&gt;Mandrakes' groans&lt;/span&gt; and still &lt;br&gt;
Bode death [...].</p0826-teimww:hasText>
    <p0826-teimww:hasTextHist knoraType="richtext_value">[Rampino:] [...] they're &lt;span class="quote"&gt;Mandrakes' groans&lt;/span&gt; and still &lt;br&gt;
Bode death [...].</p0826-teimww:hasTextHist>
    <p0826-teimww:isMentionedIn>
      <p0826-teimww:passage knoraType="link_value" linkType="ref" target="ww_58a67e667dc2c582"/>
    </p0826-teimww:isMentionedIn>
    <p0826-teimww:occursIn>
      <p0826-teimww:book knoraType="link_value" linkType="ref" target="ww_cc36a50722b4f55d"/>
    </p0826-teimww:occursIn>
    <p0826-teimww:wasContributedBy>
      <p0826-teimww:person knoraType="link_value" linkType="ref" target="ww_7f35f6802efd910d"/>
    </p0826-teimww:wasContributedBy>
  </p0826-teimww:passage>
  <p0826-teimww:passage id="ww_c03a7f1b8fa7d8a9">
    <knoraXmlImport:label>passage</knoraXmlImport:label>
    <p0826-teimww:contains>
      <p0826-teimww:lexia knoraType="link_value" linkType="ref" target="ww_38a77a7b4c28fdd0"/>
    </p0826-teimww:contains>
    <p0826-teimww:hasPage knoraType="richtext_value">71 [normalized spelling].</p0826-teimww:hasPage>
    <p0826-teimww:hasPageHist knoraType="richtext_value">71.</p0826-teimww:hasPageHist>
    <p0826-teimww:hasText knoraType="richtext_value">&lt;i&gt;A trout &lt;span class="quote"&gt;hamlet &lt;/span&gt;with four legs&lt;/i&gt;. Soterichi lecti.</p0826-teimww:hasText>
    <p0826-teimww:hasTextHist knoraType="richtext_value">&lt;i&gt;A trout &lt;span class="quote"&gt;hamlet &lt;/span&gt;with foure legs&lt;/i&gt;. Soterichi lecti.</p0826-teimww:hasTextHist>
    <p0826-teimww:isMentionedIn>
      <p0826-teimww:passage knoraType="link_value" linkType="ref" target="ww_d575b8acf3f78c4b"/>
    </p0826-teimww:isMentionedIn>
    <p0826-teimww:isMentionedIn>
      <p0826-teimww:passage knoraType="link_value" linkType="ref" target="ww_89da7d127e53cf05"/>
    </p0826-teimww:isMentionedIn>
    <p0826-teimww:isMentionedIn>
      <p0826-teimww:passage knoraType="link_value" linkType="ref" target="ww_9a8dd341ab709b29"/>
    </p0826-teimww:isMentionedIn>
    <p0826-teimww:isMentionedIn>
      <p0826-teimww:passage knoraType="link_value" linkType="ref" target="ww_0d9b94d2a9c5dc80"/>
    </p0826-teimww:isMentionedIn>
    <p0826-teimww:occursIn>
      <p0826-teimww:book knoraType="link_value" linkType="ref" target="ww_3bf574aaea5a76e8"/>
    </p0826-teimww:occursIn>
    <p0826-teimww:wasContributedBy>
      <p0826-teimww:person knoraType="link_value" linkType="ref" target="ww_c4063e9c72a3ffd2"/>
    </p0826-teimww:wasContributedBy>
  </p0826-teimww:passage>
  <p0826-teimww:passage id="ww_9a8dd341ab709b29">
    <knoraXmlImport:label>passage</knoraXmlImport:label>
    <p0826-teimww:occursIn>
      <p0826-teimww:book knoraType="link_value" linkType="ref" target="ww_1140c36ab545b6d8"/>
    </p0826-teimww:occursIn>
  </p0826-teimww:passage>
  <p0826-teimww:passage id="ww_d575b8acf3f78c4b">
    <knoraXmlImport:label>passage</knoraXmlImport:label>
    <p0826-teimww:occursIn>
      <p0826-teimww:book knoraType="link_value" linkType="ref" target="ww_2f65899f08b5bb71"/>
    </p0826-teimww:occursIn>
  </p0826-teimww:passage>
  <p0826-teimww:passage id="ww_89da7d127e53cf05">
    <knoraXmlImport:label>passage</knoraXmlImport:label>
    <p0826-teimww:occursIn>
      <p0826-teimww:book knoraType="link_value" linkType="ref" target="ww_9d75b3d3235b2834"/>
    </p0826-teimww:occursIn>
  </p0826-teimww:passage>
  <p0826-teimww:passage id="ww_0d9b94d2a9c5dc80">
    <knoraXmlImport:label>passage</knoraXmlImport:label>
    <p0826-teimww:occursIn>
      <p0826-teimww:book knoraType="link_value" linkType="ref" target="ww_160b060adc5c12bf"/>
    </p0826-teimww:occursIn>
  </p0826-teimww:passage>
  <p0826-teimww:passage id="ww_6e1e34b79552d93d">
    <knoraXmlImport:label>passage</knoraXmlImport:label>
    <p0826-teimww:contains>
      <p0826-teimww:lexia knoraType="link_value" linkType="ref" target="ww_6429b4f74e4bd5cc"/>
    </p0826-teimww:contains>
    <p0826-teimww:hasPage knoraType="richtext_value">N.p.; act 4, scene 1, line 320 [normalized spelling].</p0826-teimww:hasPage>
    <p0826-teimww:hasPageHist knoraType="richtext_value">N.p.; act 4, scene 1, line 320.</p0826-teimww:hasPageHist>
    <p0826-teimww:hasText knoraType="richtext_value">[Orco:] [...] till thou fall'd &lt;span class="quote"&gt;lower &lt;br&gt;
Than a plummet&lt;/span&gt;, that is threescore years a-sinking.</p0826-teimww:hasText>
    <p0826-teimww:hasTextHist knoraType="richtext_value">[Orco:] till thou fall'd lower &lt;br&gt;
Then a Plummet, that is threescore years a sinking.</p0826-teimww:hasTextHist>
    <p0826-teimww:isMentionedIn>
      <p0826-teimww:passage knoraType="link_value" linkType="ref" target="ww_58a67e667dc2c582"/>
    </p0826-teimww:isMentionedIn>
    <p0826-teimww:occursIn>
      <p0826-teimww:book knoraType="link_value" linkType="ref" target="ww_b21d0ca00a1e7038"/>
    </p0826-teimww:occursIn>
    <p0826-teimww:wasContributedBy>
      <p0826-teimww:person knoraType="link_value" linkType="ref" target="ww_7f35f6802efd910d"/>
    </p0826-teimww:wasContributedBy>
  </p0826-teimww:passage>
  <p0826-teimww:passage id="ww_194b06c24f86c346">
    <knoraXmlImport:label>passage</knoraXmlImport:label>
    <p0826-teimww:contains>
      <p0826-teimww:lexia knoraType="link_value" linkType="ref" target="ww_da2ab5d68ce5b240"/>
    </p0826-teimww:contains>
    <p0826-teimww:hasPage knoraType="richtext_value">N.p.</p0826-teimww:hasPage>
    <p0826-teimww:hasText knoraType="richtext_value">&lt;span class="quote"&gt;As swift as thought.&lt;/span&gt;</p0826-teimww:hasText>
    <p0826-teimww:isMentionedIn>
      <p0826-teimww:passage knoraType="link_value" linkType="ref" target="ww_a3ffc5955cbd0bcf"/>
    </p0826-teimww:isMentionedIn>
    <p0826-teimww:occursIn>
      <p0826-teimww:book knoraType="link_value" linkType="ref" target="ww_4248cd9d97d4040f"/>
    </p0826-teimww:occursIn>
    <p0826-teimww:wasContributedBy>
      <p0826-teimww:person knoraType="link_value" linkType="ref" target="ww_c4063e9c72a3ffd2"/>
    </p0826-teimww:wasContributedBy>
  </p0826-teimww:passage>
  <p0826-teimww:passage id="ww_a3ffc5955cbd0bcf">
    <knoraXmlImport:label>passage</knoraXmlImport:label>
    <p0826-teimww:occursIn>
      <p0826-teimww:book knoraType="link_value" linkType="ref" target="ww_d1faedb423154f39"/>
    </p0826-teimww:occursIn>
  </p0826-teimww:passage>
  <p0826-teimww:passage id="ww_ca30a8cedd411b68">
    <knoraXmlImport:label>passage</knoraXmlImport:label>
    <p0826-teimww:contains>
      <p0826-teimww:lexia knoraType="link_value" linkType="ref" target="ww_7ec85def1f50ed91"/>
    </p0826-teimww:contains>
    <p0826-teimww:hasPage knoraType="richtext_value">2.</p0826-teimww:hasPage>
    <p0826-teimww:hasText knoraType="richtext_value">&lt;span class="quote"&gt;Desperate torments must have desperate cures.&lt;/span&gt;</p0826-teimww:hasText>
    <p0826-teimww:isMentionedIn>
      <p0826-teimww:passage knoraType="link_value" linkType="ref" target="ww_f860697db5f1a481"/>
    </p0826-teimww:isMentionedIn>
    <p0826-teimww:occursIn>
      <p0826-teimww:book knoraType="link_value" linkType="ref" target="ww_4248cd9d97d4040f"/>
    </p0826-teimww:occursIn>
    <p0826-teimww:wasContributedBy>
      <p0826-teimww:person knoraType="link_value" linkType="ref" target="ww_c4063e9c72a3ffd2"/>
    </p0826-teimww:wasContributedBy>
  </p0826-teimww:passage>
  <p0826-teimww:passage id="ww_f860697db5f1a481">
    <knoraXmlImport:label>passage</knoraXmlImport:label>
    <p0826-teimww:occursIn>
      <p0826-teimww:book knoraType="link_value" linkType="ref" target="ww_1140c36ab545b6d8"/>
    </p0826-teimww:occursIn>
  </p0826-teimww:passage>
  <p0826-teimww:passage id="ww_3ecf2aeea0670547">
    <knoraXmlImport:label>passage</knoraXmlImport:label>
    <p0826-teimww:contains>
      <p0826-teimww:lexia knoraType="link_value" linkType="ref" target="ww_7d6f1f746c01c61a"/>
    </p0826-teimww:contains>
    <p0826-teimww:hasPage knoraType="richtext_value">N.p.</p0826-teimww:hasPage>
    <p0826-teimww:hasText knoraType="richtext_value">&lt;span class="quote"&gt;Suspicion always haunts the guilty mind.&lt;/span&gt;</p0826-teimww:hasText>
    <p0826-teimww:isMentionedIn>
      <p0826-teimww:passage knoraType="link_value" linkType="ref" target="ww_9f253c9a18a35430"/>
    </p0826-teimww:isMentionedIn>
    <p0826-teimww:occursIn>
      <p0826-teimww:book knoraType="link_value" linkType="ref" target="ww_4248cd9d97d4040f"/>
    </p0826-teimww:occursIn>
    <p0826-teimww:wasContributedBy>
      <p0826-teimww:person knoraType="link_value" linkType="ref" target="ww_6202c1bb6957c9cc"/>
    </p0826-teimww:wasContributedBy>
  </p0826-teimww:passage>
  <p0826-teimww:passage id="ww_9f253c9a18a35430">
    <knoraXmlImport:label>passage</knoraXmlImport:label>
    <p0826-teimww:occursIn>
      <p0826-teimww:book knoraType="link_value" linkType="ref" target="ww_1140c36ab545b6d8"/>
    </p0826-teimww:occursIn>
  </p0826-teimww:passage>
  <p0826-teimww:passage id="ww_c11419eb754fe220">
    <knoraXmlImport:label>passage</knoraXmlImport:label>
    <p0826-teimww:contains>
      <p0826-teimww:lexia knoraType="link_value" linkType="ref" target="ww_3e803acca169cdaa"/>
    </p0826-teimww:contains>
    <p0826-teimww:hasPage knoraType="richtext_value">N.p.</p0826-teimww:hasPage>
    <p0826-teimww:hasText knoraType="richtext_value">&lt;span class="quote"&gt;Discretion is the better part of valour. &lt;/span&gt;</p0826-teimww:hasText>
    <p0826-teimww:isMentionedIn>
      <p0826-teimww:passage knoraType="link_value" linkType="ref" target="ww_2b1645542e64c6c0"/>
    </p0826-teimww:isMentionedIn>
    <p0826-teimww:occursIn>
      <p0826-teimww:book knoraType="link_value" linkType="ref" target="ww_4248cd9d97d4040f"/>
    </p0826-teimww:occursIn>
    <p0826-teimww:wasContributedBy>
      <p0826-teimww:person knoraType="link_value" linkType="ref" target="ww_6202c1bb6957c9cc"/>
    </p0826-teimww:wasContributedBy>
  </p0826-teimww:passage>
  <p0826-teimww:passage id="ww_2b1645542e64c6c0">
    <knoraXmlImport:label>passage</knoraXmlImport:label>
    <p0826-teimww:occursIn>
      <p0826-teimww:book knoraType="link_value" linkType="ref" target="ww_1140c36ab545b6d8"/>
    </p0826-teimww:occursIn>
  </p0826-teimww:passage>
  <p0826-teimww:passage id="ww_171769c3d8c9f000">
    <knoraXmlImport:label>passage</knoraXmlImport:label>
    <p0826-teimww:contains>
      <p0826-teimww:lexia knoraType="link_value" linkType="ref" target="ww_154afee7c9b770b6"/>
    </p0826-teimww:contains>
    <p0826-teimww:hasPage knoraType="richtext_value">N.p. [normalized spelling].</p0826-teimww:hasPage>
    <p0826-teimww:hasPageHist knoraType="richtext_value">N.p.</p0826-teimww:hasPageHist>
    <p0826-teimww:hasText knoraType="richtext_value">&lt;span class="quote"&gt;Uneasy lies the head, that wears a Crown.&lt;/span&gt;</p0826-teimww:hasText>
    <p0826-teimww:hasTextHist knoraType="richtext_value">&lt;span class="quote"&gt;Uneasie lyes the head, that wears a Crowne.&lt;/span&gt;</p0826-teimww:hasTextHist>
    <p0826-teimww:isMentionedIn>
      <p0826-teimww:passage knoraType="link_value" linkType="ref" target="ww_82039b631b3b5e62"/>
    </p0826-teimww:isMentionedIn>
    <p0826-teimww:occursIn>
      <p0826-teimww:book knoraType="link_value" linkType="ref" target="ww_4248cd9d97d4040f"/>
    </p0826-teimww:occursIn>
    <p0826-teimww:wasContributedBy>
      <p0826-teimww:person knoraType="link_value" linkType="ref" target="ww_6202c1bb6957c9cc"/>
    </p0826-teimww:wasContributedBy>
  </p0826-teimww:passage>
  <p0826-teimww:passage id="ww_82039b631b3b5e62">
    <knoraXmlImport:label>passage</knoraXmlImport:label>
    <p0826-teimww:occursIn>
      <p0826-teimww:book knoraType="link_value" linkType="ref" target="ww_1140c36ab545b6d8"/>
    </p0826-teimww:occursIn>
  </p0826-teimww:passage>
  <p0826-teimww:passage id="ww_50afc9fe76af1bda">
    <knoraXmlImport:label>passage</knoraXmlImport:label>
    <p0826-teimww:contains>
      <p0826-teimww:lexia knoraType="link_value" linkType="ref" target="ww_18630527847585f1"/>
    </p0826-teimww:contains>
    <p0826-teimww:contains>
      <p0826-teimww:lexia knoraType="link_value" linkType="ref" target="ww_115fb09d1fb82eb6"/>
    </p0826-teimww:contains>
    <p0826-teimww:hasPage knoraType="richtext_value">N.p.</p0826-teimww:hasPage>
    <p0826-teimww:hasText knoraType="richtext_value">&lt;span class="quote"&gt;Thieves are Diana's Foresters &lt;/span&gt;or Gentlemen of the Shade.</p0826-teimww:hasText>
    <p0826-teimww:isMentionedIn>
      <p0826-teimww:passage knoraType="link_value" linkType="ref" target="ww_c8d0c9509e60a7d7"/>
    </p0826-teimww:isMentionedIn>
    <p0826-teimww:occursIn>
      <p0826-teimww:book knoraType="link_value" linkType="ref" target="ww_4248cd9d97d4040f"/>
    </p0826-teimww:occursIn>
    <p0826-teimww:wasContributedBy>
      <p0826-teimww:person knoraType="link_value" linkType="ref" target="ww_6202c1bb6957c9cc"/>
    </p0826-teimww:wasContributedBy>
  </p0826-teimww:passage>
  <p0826-teimww:passage id="ww_c8d0c9509e60a7d7">
    <knoraXmlImport:label>passage</knoraXmlImport:label>
    <p0826-teimww:occursIn>
      <p0826-teimww:book knoraType="link_value" linkType="ref" target="ww_1140c36ab545b6d8"/>
    </p0826-teimww:occursIn>
  </p0826-teimww:passage>
  <p0826-teimww:passage id="ww_b763c068b22217a9">
    <knoraXmlImport:label>passage</knoraXmlImport:label>
    <p0826-teimww:contains>
      <p0826-teimww:lexia knoraType="link_value" linkType="ref" target="ww_41619de12cb80065"/>
    </p0826-teimww:contains>
    <p0826-teimww:hasPage knoraType="richtext_value">N.p.</p0826-teimww:hasPage>
    <p0826-teimww:hasText knoraType="richtext_value">&lt;span class="quote"&gt;No beast so fierce but knows some touch of pity.&lt;/span&gt;</p0826-teimww:hasText>
    <p0826-teimww:isMentionedIn>
      <p0826-teimww:passage knoraType="link_value" linkType="ref" target="ww_676b232c38cf6022"/>
    </p0826-teimww:isMentionedIn>
    <p0826-teimww:occursIn>
      <p0826-teimww:book knoraType="link_value" linkType="ref" target="ww_4248cd9d97d4040f"/>
    </p0826-teimww:occursIn>
    <p0826-teimww:wasContributedBy>
      <p0826-teimww:person knoraType="link_value" linkType="ref" target="ww_6202c1bb6957c9cc"/>
    </p0826-teimww:wasContributedBy>
  </p0826-teimww:passage>
  <p0826-teimww:passage id="ww_676b232c38cf6022">
    <knoraXmlImport:label>passage</knoraXmlImport:label>
    <p0826-teimww:occursIn>
      <p0826-teimww:book knoraType="link_value" linkType="ref" target="ww_1140c36ab545b6d8"/>
    </p0826-teimww:occursIn>
  </p0826-teimww:passage>
  <p0826-teimww:passage id="ww_35b7e0abcbe26b39">
    <knoraXmlImport:label>passage</knoraXmlImport:label>
    <p0826-teimww:contains>
      <p0826-teimww:lexia knoraType="link_value" linkType="ref" target="ww_ee9cbfedd253b06b"/>
    </p0826-teimww:contains>
    <p0826-teimww:hasPage knoraType="richtext_value">N.p.</p0826-teimww:hasPage>
    <p0826-teimww:hasText knoraType="richtext_value">&lt;span class="quote"&gt;That wrens may prey where eagles dare not perch.&lt;/span&gt;</p0826-teimww:hasText>
    <p0826-teimww:isMentionedIn>
      <p0826-teimww:passage knoraType="link_value" linkType="ref" target="ww_b25b9c0f9f52bd35"/>
    </p0826-teimww:isMentionedIn>
    <p0826-teimww:occursIn>
      <p0826-teimww:book knoraType="link_value" linkType="ref" target="ww_4248cd9d97d4040f"/>
    </p0826-teimww:occursIn>
    <p0826-teimww:wasContributedBy>
      <p0826-teimww:person knoraType="link_value" linkType="ref" target="ww_6202c1bb6957c9cc"/>
    </p0826-teimww:wasContributedBy>
  </p0826-teimww:passage>
  <p0826-teimww:passage id="ww_b25b9c0f9f52bd35">
    <knoraXmlImport:label>passage</knoraXmlImport:label>
    <p0826-teimww:occursIn>
      <p0826-teimww:book knoraType="link_value" linkType="ref" target="ww_1140c36ab545b6d8"/>
    </p0826-teimww:occursIn>
  </p0826-teimww:passage>
  <p0826-teimww:passage id="ww_d8b6efabb4b34b73">
    <knoraXmlImport:label>passage</knoraXmlImport:label>
    <p0826-teimww:contains>
      <p0826-teimww:lexia knoraType="link_value" linkType="ref" target="ww_a64516c7bc868265"/>
    </p0826-teimww:contains>
    <p0826-teimww:hasPage knoraType="richtext_value">N.p.</p0826-teimww:hasPage>
    <p0826-teimww:hasText knoraType="richtext_value">&lt;span class="quote"&gt;O Tiger's heart wrapped in a woman's hide.&lt;/span&gt;</p0826-teimww:hasText>
    <p0826-teimww:isMentionedIn>
      <p0826-teimww:passage knoraType="link_value" linkType="ref" target="ww_6990e2aca3525a31"/>
    </p0826-teimww:isMentionedIn>
    <p0826-teimww:occursIn>
      <p0826-teimww:book knoraType="link_value" linkType="ref" target="ww_4248cd9d97d4040f"/>
    </p0826-teimww:occursIn>
    <p0826-teimww:wasContributedBy>
      <p0826-teimww:person knoraType="link_value" linkType="ref" target="ww_6202c1bb6957c9cc"/>
    </p0826-teimww:wasContributedBy>
  </p0826-teimww:passage>
  <p0826-teimww:passage id="ww_6990e2aca3525a31">
    <knoraXmlImport:label>passage</knoraXmlImport:label>
    <p0826-teimww:occursIn>
      <p0826-teimww:book knoraType="link_value" linkType="ref" target="ww_1140c36ab545b6d8"/>
    </p0826-teimww:occursIn>
  </p0826-teimww:passage>
  <p0826-teimww:passage id="ww_e2722717a48504b0">
    <knoraXmlImport:label>passage</knoraXmlImport:label>
    <p0826-teimww:contains>
      <p0826-teimww:lexia knoraType="link_value" linkType="ref" target="ww_df1615d7bc6bc928"/>
    </p0826-teimww:contains>
    <p0826-teimww:contains>
      <p0826-teimww:lexia knoraType="link_value" linkType="ref" target="ww_a6a66a31e125dfb1"/>
    </p0826-teimww:contains>
    <p0826-teimww:hasPage knoraType="richtext_value">N.p.</p0826-teimww:hasPage>
    <p0826-teimww:hasText knoraType="richtext_value">Better than he have yet worn &lt;span class="quote"&gt;Vulcan's badge.&lt;/span&gt;</p0826-teimww:hasText>
    <p0826-teimww:isMentionedIn>
      <p0826-teimww:passage knoraType="link_value" linkType="ref" target="ww_91c543d5540c58c5"/>
    </p0826-teimww:isMentionedIn>
    <p0826-teimww:occursIn>
      <p0826-teimww:book knoraType="link_value" linkType="ref" target="ww_4248cd9d97d4040f"/>
    </p0826-teimww:occursIn>
    <p0826-teimww:wasContributedBy>
      <p0826-teimww:person knoraType="link_value" linkType="ref" target="ww_6202c1bb6957c9cc"/>
    </p0826-teimww:wasContributedBy>
  </p0826-teimww:passage>
  <p0826-teimww:passage id="ww_91c543d5540c58c5">
    <knoraXmlImport:label>passage</knoraXmlImport:label>
    <p0826-teimww:occursIn>
      <p0826-teimww:book knoraType="link_value" linkType="ref" target="ww_1140c36ab545b6d8"/>
    </p0826-teimww:occursIn>
  </p0826-teimww:passage>
  <p0826-teimww:passage id="ww_4a1ad8fb3ccda131">
    <knoraXmlImport:label>passage</knoraXmlImport:label>
    <p0826-teimww:contains>
      <p0826-teimww:lexia knoraType="link_value" linkType="ref" target="ww_0ae4d2367d7778ee"/>
    </p0826-teimww:contains>
    <p0826-teimww:hasPage knoraType="richtext_value">N.p.</p0826-teimww:hasPage>
    <p0826-teimww:hasText knoraType="richtext_value">&lt;span class="quote"&gt;Even such kin as the parish heiress are to the town-bull.&lt;/span&gt;</p0826-teimww:hasText>
    <p0826-teimww:isMentionedIn>
      <p0826-teimww:passage knoraType="link_value" linkType="ref" target="ww_3a3211affa6eaed8"/>
    </p0826-teimww:isMentionedIn>
    <p0826-teimww:occursIn>
      <p0826-teimww:book knoraType="link_value" linkType="ref" target="ww_4248cd9d97d4040f"/>
    </p0826-teimww:occursIn>
    <p0826-teimww:wasContributedBy>
      <p0826-teimww:person knoraType="link_value" linkType="ref" target="ww_6202c1bb6957c9cc"/>
    </p0826-teimww:wasContributedBy>
  </p0826-teimww:passage>
  <p0826-teimww:passage id="ww_3a3211affa6eaed8">
    <knoraXmlImport:label>passage</knoraXmlImport:label>
    <p0826-teimww:occursIn>
      <p0826-teimww:book knoraType="link_value" linkType="ref" target="ww_1140c36ab545b6d8"/>
    </p0826-teimww:occursIn>
  </p0826-teimww:passage>
  <p0826-teimww:passage id="ww_7267972ad4b0da89">
    <knoraXmlImport:label>passage</knoraXmlImport:label>
    <p0826-teimww:contains>
      <p0826-teimww:lexia knoraType="link_value" linkType="ref" target="ww_b421f37b6479eda8"/>
    </p0826-teimww:contains>
    <p0826-teimww:hasPage knoraType="richtext_value">N.p.</p0826-teimww:hasPage>
    <p0826-teimww:hasText knoraType="richtext_value">&lt;span class="quote"&gt;Did ever Raven sing so like a Lark?&lt;/span&gt;</p0826-teimww:hasText>
    <p0826-teimww:isMentionedIn>
      <p0826-teimww:passage knoraType="link_value" linkType="ref" target="ww_d3089ea9e44545a4"/>
    </p0826-teimww:isMentionedIn>
    <p0826-teimww:occursIn>
      <p0826-teimww:book knoraType="link_value" linkType="ref" target="ww_4248cd9d97d4040f"/>
    </p0826-teimww:occursIn>
    <p0826-teimww:wasContributedBy>
      <p0826-teimww:person knoraType="link_value" linkType="ref" target="ww_6202c1bb6957c9cc"/>
    </p0826-teimww:wasContributedBy>
  </p0826-teimww:passage>
  <p0826-teimww:passage id="ww_d3089ea9e44545a4">
    <knoraXmlImport:label>passage</knoraXmlImport:label>
    <p0826-teimww:occursIn>
      <p0826-teimww:book knoraType="link_value" linkType="ref" target="ww_1140c36ab545b6d8"/>
    </p0826-teimww:occursIn>
  </p0826-teimww:passage>
  <p0826-teimww:passage id="ww_86471b90b8b2273c">
    <knoraXmlImport:label>passage</knoraXmlImport:label>
    <p0826-teimww:contains>
      <p0826-teimww:lexia knoraType="link_value" linkType="ref" target="ww_3f355c6a788e1887"/>
    </p0826-teimww:contains>
    <p0826-teimww:hasPage knoraType="richtext_value">N.p.</p0826-teimww:hasPage>
    <p0826-teimww:hasText knoraType="richtext_value">&lt;span class="quote"&gt;The Raven doth not hatch a Lark.&lt;/span&gt;</p0826-teimww:hasText>
    <p0826-teimww:isMentionedIn>
      <p0826-teimww:passage knoraType="link_value" linkType="ref" target="ww_753530cde2218145"/>
    </p0826-teimww:isMentionedIn>
    <p0826-teimww:occursIn>
      <p0826-teimww:book knoraType="link_value" linkType="ref" target="ww_4248cd9d97d4040f"/>
    </p0826-teimww:occursIn>
    <p0826-teimww:wasContributedBy>
      <p0826-teimww:person knoraType="link_value" linkType="ref" target="ww_6202c1bb6957c9cc"/>
    </p0826-teimww:wasContributedBy>
  </p0826-teimww:passage>
  <p0826-teimww:passage id="ww_753530cde2218145">
    <knoraXmlImport:label>passage</knoraXmlImport:label>
    <p0826-teimww:occursIn>
      <p0826-teimww:book knoraType="link_value" linkType="ref" target="ww_1140c36ab545b6d8"/>
    </p0826-teimww:occursIn>
  </p0826-teimww:passage>
  <p0826-teimww:passage id="ww_4bdb37564f7dfc33">
    <knoraXmlImport:label>passage</knoraXmlImport:label>
    <p0826-teimww:contains>
      <p0826-teimww:lexia knoraType="link_value" linkType="ref" target="ww_55ad1c956bfbbaaf"/>
    </p0826-teimww:contains>
    <p0826-teimww:hasPage knoraType="richtext_value">N.p.</p0826-teimww:hasPage>
    <p0826-teimww:hasText knoraType="richtext_value">&lt;span class="quote"&gt;Thanks, the exchequer of the Poor.&lt;/span&gt;</p0826-teimww:hasText>
    <p0826-teimww:isMentionedIn>
      <p0826-teimww:passage knoraType="link_value" linkType="ref" target="ww_caa58a0bae1d1fa6"/>
    </p0826-teimww:isMentionedIn>
    <p0826-teimww:occursIn>
      <p0826-teimww:book knoraType="link_value" linkType="ref" target="ww_4248cd9d97d4040f"/>
    </p0826-teimww:occursIn>
    <p0826-teimww:wasContributedBy>
      <p0826-teimww:person knoraType="link_value" linkType="ref" target="ww_6202c1bb6957c9cc"/>
    </p0826-teimww:wasContributedBy>
  </p0826-teimww:passage>
  <p0826-teimww:passage id="ww_caa58a0bae1d1fa6">
    <knoraXmlImport:label>passage</knoraXmlImport:label>
    <p0826-teimww:occursIn>
      <p0826-teimww:book knoraType="link_value" linkType="ref" target="ww_1140c36ab545b6d8"/>
    </p0826-teimww:occursIn>
  </p0826-teimww:passage>
  <p0826-teimww:passage id="ww_30bd5b16829e9e3b">
    <knoraXmlImport:label>passage</knoraXmlImport:label>
    <p0826-teimww:contains>
      <p0826-teimww:lexia knoraType="link_value" linkType="ref" target="ww_8afebffe1beec76e"/>
    </p0826-teimww:contains>
    <p0826-teimww:hasPage knoraType="richtext_value">A4 verso.</p0826-teimww:hasPage>
    <p0826-teimww:hasText knoraType="richtext_value">What do'st thou mean to stand behind the noon &lt;br&gt;
&lt;span class="quote"&gt;And pluck bright honor from the pale fac'd moon?&lt;/span&gt;</p0826-teimww:hasText>
    <p0826-teimww:isMentionedIn>
      <p0826-teimww:passage knoraType="link_value" linkType="ref" target="ww_cd9ba8168f96a32d"/>
    </p0826-teimww:isMentionedIn>
    <p0826-teimww:occursIn>
      <p0826-teimww:book knoraType="link_value" linkType="ref" target="ww_e188876d08db8495"/>
    </p0826-teimww:occursIn>
    <p0826-teimww:wasContributedBy>
      <p0826-teimww:person knoraType="link_value" linkType="ref" target="ww_6202c1bb6957c9cc"/>
    </p0826-teimww:wasContributedBy>
  </p0826-teimww:passage>
  <p0826-teimww:passage id="ww_cd9ba8168f96a32d">
    <knoraXmlImport:label>passage</knoraXmlImport:label>
    <p0826-teimww:occursIn>
      <p0826-teimww:book knoraType="link_value" linkType="ref" target="ww_1140c36ab545b6d8"/>
    </p0826-teimww:occursIn>
  </p0826-teimww:passage>
  <p0826-teimww:passage id="ww_640904e76ca8594a">
    <knoraXmlImport:label>passage</knoraXmlImport:label>
    <p0826-teimww:contains>
      <p0826-teimww:lexia knoraType="link_value" linkType="ref" target="ww_a2e8ea5160a5f801"/>
    </p0826-teimww:contains>
    <p0826-teimww:contains>
      <p0826-teimww:lexia knoraType="link_value" linkType="ref" target="ww_d0d70e1ed0d1472b"/>
    </p0826-teimww:contains>
    <p0826-teimww:hasPage knoraType="richtext_value">51.</p0826-teimww:hasPage>
    <p0826-teimww:hasText knoraType="richtext_value">[...] the frighted judgment of his brain (that then was ray'd with his own &lt;span class="quote"&gt;hair, standing stiffe an end, like ported feathers of some Porcupine&lt;/span&gt;).</p0826-teimww:hasText>
    <p0826-teimww:isMentionedIn>
      <p0826-teimww:passage knoraType="link_value" linkType="ref" target="ww_199f24ee0655d657"/>
    </p0826-teimww:isMentionedIn>
    <p0826-teimww:isMentionedIn>
      <p0826-teimww:passage knoraType="link_value" linkType="ref" target="ww_4e30baa6bde02e21"/>
    </p0826-teimww:isMentionedIn>
    <p0826-teimww:occursIn>
      <p0826-teimww:book knoraType="link_value" linkType="ref" target="ww_8a7cd7fcff83336a"/>
    </p0826-teimww:occursIn>
    <p0826-teimww:wasContributedBy>
      <p0826-teimww:person knoraType="link_value" linkType="ref" target="ww_6965a91ff78934d7"/>
    </p0826-teimww:wasContributedBy>
  </p0826-teimww:passage>
  <p0826-teimww:passage id="ww_4e30baa6bde02e21">
    <knoraXmlImport:label>passage</knoraXmlImport:label>
    <p0826-teimww:occursIn>
      <p0826-teimww:book knoraType="link_value" linkType="ref" target="ww_1140c36ab545b6d8"/>
    </p0826-teimww:occursIn>
  </p0826-teimww:passage>
  <p0826-teimww:passage id="ww_199f24ee0655d657">
    <knoraXmlImport:label>passage</knoraXmlImport:label>
    <p0826-teimww:occursIn>
      <p0826-teimww:book knoraType="link_value" linkType="ref" target="ww_ba8a8fc764e851b4"/>
    </p0826-teimww:occursIn>
  </p0826-teimww:passage>
  <p0826-teimww:passage id="ww_c3c1eefb120378b7">
    <knoraXmlImport:label>passage</knoraXmlImport:label>
    <p0826-teimww:contains>
      <p0826-teimww:lexia knoraType="link_value" linkType="ref" target="ww_6f3b9a162cbc0aea"/>
    </p0826-teimww:contains>
    <p0826-teimww:hasPage knoraType="richtext_value">53; book 2, chapter 2.</p0826-teimww:hasPage>
    <p0826-teimww:hasText knoraType="richtext_value">You would have thought Amandus had been trans-elemented (had you beheld him at that instant) but at length, recollecting himself a little, he answered in a distracted tone. But dares Clodomer report this, and not feare a Thunder-bolt (with sawcy Salmoneus ) should pound him (as Anacharsis once in a morter) to peices? You are my King (Sir) I know &lt;span class="quote"&gt;you beare Divinitie about you, which is your protection, &lt;/span&gt;else by the wronged innocence of that abused Lady, were you ingirt with circular flames, and managed oakes, with as much facility as children wield bulrushes, the hilts of this sword should kiss your heart.</p0826-teimww:hasText>
    <p0826-teimww:isMentionedIn>
      <p0826-teimww:passage knoraType="link_value" linkType="ref" target="ww_196bcbbc1ed8d2d5"/>
    </p0826-teimww:isMentionedIn>
    <p0826-teimww:occursIn>
      <p0826-teimww:book knoraType="link_value" linkType="ref" target="ww_7e06ddc361922671"/>
    </p0826-teimww:occursIn>
    <p0826-teimww:wasContributedBy>
      <p0826-teimww:person knoraType="link_value" linkType="ref" target="ww_8106744e44c77c96"/>
    </p0826-teimww:wasContributedBy>
  </p0826-teimww:passage>
  <p0826-teimww:passage id="ww_7bfab13bd9a046a2">
    <knoraXmlImport:label>passage</knoraXmlImport:label>
    <p0826-teimww:contains>
      <p0826-teimww:lexia knoraType="link_value" linkType="ref" target="ww_91aa8cfc88a82dd5"/>
    </p0826-teimww:contains>
    <p0826-teimww:hasPage knoraType="richtext_value">33 [normalized spelling].</p0826-teimww:hasPage>
    <p0826-teimww:hasPageHist knoraType="richtext_value">33.</p0826-teimww:hasPageHist>
    <p0826-teimww:hasText knoraType="richtext_value">The excellent VIRGINIA will pardon me, if for dilucidation of an argument, I make her pure and unexhausted brows descend to wear a Garland of fertility equal to that laborious and &lt;span class="quote"&gt;overteeming&lt;/span&gt; Mother, the French Kingdom [...].</p0826-teimww:hasText>
    <p0826-teimww:hasTextHist knoraType="richtext_value">The excellent VIRGINIA will pardon me, if for dilucidation of an argument, I make her pure and unexhausted browes descend to weare a Gyrlond of fertility equall to that laborious and &lt;span class="quote"&gt;over-teeming&lt;/span&gt; Mother, the French Kingdome [...].</p0826-teimww:hasTextHist>
    <p0826-teimww:isMentionedIn>
      <p0826-teimww:passage knoraType="link_value" linkType="ref" target="ww_7593f430bdaaa54a"/>
    </p0826-teimww:isMentionedIn>
    <p0826-teimww:occursIn>
      <p0826-teimww:book knoraType="link_value" linkType="ref" target="ww_f199cfde13151fb2"/>
    </p0826-teimww:occursIn>
    <p0826-teimww:wasContributedBy>
      <p0826-teimww:person knoraType="link_value" linkType="ref" target="ww_c4063e9c72a3ffd2"/>
    </p0826-teimww:wasContributedBy>
  </p0826-teimww:passage>
  <p0826-teimww:passage id="ww_7593f430bdaaa54a">
    <knoraXmlImport:label>passage</knoraXmlImport:label>
    <p0826-teimww:occursIn>
      <p0826-teimww:book knoraType="link_value" linkType="ref" target="ww_f0b8d4220bfdd308"/>
    </p0826-teimww:occursIn>
  </p0826-teimww:passage>
  <p0826-teimww:passage id="ww_5cc51afb70b1a001">
    <knoraXmlImport:label>passage</knoraXmlImport:label>
    <p0826-teimww:contains>
      <p0826-teimww:lexia knoraType="link_value" linkType="ref" target="ww_2539d699725c1dcf"/>
    </p0826-teimww:contains>
    <p0826-teimww:hasPage knoraType="richtext_value">N.p.</p0826-teimww:hasPage>
    <p0826-teimww:hasText knoraType="richtext_value">5. The Reproaches of their Enemies do fully testify this, who cast it still in their Teeth, that they were ignorant and unlearned Men. And indeed &lt;span class="quote"&gt;that was the great rub &lt;/span&gt;that their Doctrine found in the World; it was to the Jews a stumbling Block, and to the Greeks Foolishness; and therefore it appeared to be the Power of God, and not of Man [...].</p0826-teimww:hasText>
    <p0826-teimww:isMentionedIn>
      <p0826-teimww:passage knoraType="link_value" linkType="ref" target="ww_ebc09d60a7c5c91a"/>
    </p0826-teimww:isMentionedIn>
    <p0826-teimww:occursIn>
      <p0826-teimww:book knoraType="link_value" linkType="ref" target="ww_431a6ab165ad4f22"/>
    </p0826-teimww:occursIn>
    <p0826-teimww:wasContributedBy>
      <p0826-teimww:person knoraType="link_value" linkType="ref" target="ww_c4063e9c72a3ffd2"/>
    </p0826-teimww:wasContributedBy>
  </p0826-teimww:passage>
  <p0826-teimww:passage id="ww_ebc09d60a7c5c91a">
    <knoraXmlImport:label>passage</knoraXmlImport:label>
    <p0826-teimww:occursIn>
      <p0826-teimww:book knoraType="link_value" linkType="ref" target="ww_c8f5dee9c32a4636"/>
    </p0826-teimww:occursIn>
  </p0826-teimww:passage>
  <p0826-teimww:passage id="ww_4f7b628788771c4b">
    <knoraXmlImport:label>passage</knoraXmlImport:label>
    <p0826-teimww:contains>
      <p0826-teimww:lexia knoraType="link_value" linkType="ref" target="ww_f5a4d10244a66bfd"/>
    </p0826-teimww:contains>
    <p0826-teimww:hasPage knoraType="richtext_value">116 [119]; chapter 6 [normalized spelling].</p0826-teimww:hasPage>
    <p0826-teimww:hasPageHist knoraType="richtext_value">116 [119]; chapter 6.</p0826-teimww:hasPageHist>
    <p0826-teimww:hasText knoraType="richtext_value">The which the Captain espying, began most debonairly to comfort her dispairful courage, adding moreover with the industrious art of his fluent tongue, that no disgrace or &lt;span class="quote"&gt;malefaction&lt;/span&gt; should be administered her, but such chaste kindness and modest courtesy as should every way correspond with the title of honour.</p0826-teimww:hasText>
    <p0826-teimww:hasTextHist knoraType="richtext_value">The which the Captain espying, began most debonairly to comfort her dispairful courage, adding moreover with the industrious art of his fluent tongue, that no disgrace or &lt;span class="quote"&gt;malefaction&lt;/span&gt; should be administred her, but such chaste kindnesse and modest courtesie as should every way correspond with the title of honour.</p0826-teimww:hasTextHist>
    <p0826-teimww:isMentionedIn>
      <p0826-teimww:passage knoraType="link_value" linkType="ref" target="ww_01b3df2840d5f6cd"/>
    </p0826-teimww:isMentionedIn>
    <p0826-teimww:occursIn>
      <p0826-teimww:book knoraType="link_value" linkType="ref" target="ww_48416dc87795b969"/>
    </p0826-teimww:occursIn>
    <p0826-teimww:wasContributedBy>
      <p0826-teimww:person knoraType="link_value" linkType="ref" target="ww_b05ab3db9fd9054a"/>
    </p0826-teimww:wasContributedBy>
  </p0826-teimww:passage>
  <p0826-teimww:passage id="ww_01b3df2840d5f6cd">
    <knoraXmlImport:label>passage</knoraXmlImport:label>
    <p0826-teimww:occursIn>
      <p0826-teimww:book knoraType="link_value" linkType="ref" target="ww_3e15ab6c612eadae"/>
    </p0826-teimww:occursIn>
  </p0826-teimww:passage>
  <p0826-teimww:passage id="ww_e5884a0caa0a61a0">
    <knoraXmlImport:label>passage</knoraXmlImport:label>
    <p0826-teimww:contains>
      <p0826-teimww:lexia knoraType="link_value" linkType="ref" target="ww_8afebffe1beec76e"/>
    </p0826-teimww:contains>
    <p0826-teimww:hasPage knoraType="richtext_value">[spelling normalized].</p0826-teimww:hasPage>
    <p0826-teimww:hasText knoraType="richtext_value">I thought (when I saw him first (active as lightning) get up upon his flying Horse) he had been able to have &lt;span class="quote"&gt;plucked bright Honour from the pale-fac'd Moon &lt;/span&gt;[...].</p0826-teimww:hasText>
    <p0826-teimww:hasTextHist knoraType="richtext_value">I thought (when I saw him first (active as lightning) get up upon his flying Horse) he had been able to have &lt;span class="quote"&gt;pluckt bright Honour from the pale-fac'd Moone &lt;/span&gt;[...].</p0826-teimww:hasTextHist>
    <p0826-teimww:isMentionedIn>
      <p0826-teimww:passage knoraType="link_value" linkType="ref" target="ww_1aab67a1e2dca63e"/>
    </p0826-teimww:isMentionedIn>
    <p0826-teimww:occursIn>
      <p0826-teimww:book knoraType="link_value" linkType="ref" target="ww_8a7cd7fcff83336a"/>
    </p0826-teimww:occursIn>
    <p0826-teimww:wasContributedBy>
      <p0826-teimww:person knoraType="link_value" linkType="ref" target="ww_6202c1bb6957c9cc"/>
    </p0826-teimww:wasContributedBy>
  </p0826-teimww:passage>
  <p0826-teimww:passage id="ww_1aab67a1e2dca63e">
    <knoraXmlImport:label>passage</knoraXmlImport:label>
    <p0826-teimww:occursIn>
      <p0826-teimww:book knoraType="link_value" linkType="ref" target="ww_1140c36ab545b6d8"/>
    </p0826-teimww:occursIn>
  </p0826-teimww:passage>
  <p0826-teimww:passage id="ww_2dc5632adf66c25b">
    <knoraXmlImport:label>passage</knoraXmlImport:label>
    <p0826-teimww:contains>
      <p0826-teimww:lexia knoraType="link_value" linkType="ref" target="ww_f7c8b5ae81c23bc0"/>
    </p0826-teimww:contains>
    <p0826-teimww:hasPage knoraType="richtext_value">Vol. 2, 68; part [2] "Philosophical Elements of a True Citizen: Dominion", chapter 5 "Of the Causes and First Beginning of Civil Government", section 6.</p0826-teimww:hasPage>
    <p0826-teimww:hasText knoraType="richtext_value">Now the gathering together of many men, who deliberate of what is &lt;span class="quote"&gt;to be done or not to be done&lt;/span&gt; for the common good of all men, is that which I call a &lt;i&gt;council&lt;/i&gt;.</p0826-teimww:hasText>
    <p0826-teimww:isMentionedIn>
      <p0826-teimww:passage knoraType="link_value" linkType="ref" target="ww_e03dfaf876a400a6"/>
    </p0826-teimww:isMentionedIn>
    <p0826-teimww:occursIn>
      <p0826-teimww:book knoraType="link_value" linkType="ref" target="ww_357f61b2476e862d"/>
    </p0826-teimww:occursIn>
    <p0826-teimww:wasContributedBy>
      <p0826-teimww:person knoraType="link_value" linkType="ref" target="ww_b05ab3db9fd9054a"/>
    </p0826-teimww:wasContributedBy>
  </p0826-teimww:passage>
  <p0826-teimww:passage id="ww_e03dfaf876a400a6">
    <knoraXmlImport:label>passage</knoraXmlImport:label>
    <p0826-teimww:occursIn>
      <p0826-teimww:book knoraType="link_value" linkType="ref" target="ww_f0b8d4220bfdd308"/>
    </p0826-teimww:occursIn>
  </p0826-teimww:passage>
  <p0826-teimww:passage id="ww_da08abdd7d3c875e">
    <knoraXmlImport:label>passage</knoraXmlImport:label>
    <p0826-teimww:contains>
      <p0826-teimww:lexia knoraType="link_value" linkType="ref" target="ww_e600b3175d2bea1a"/>
    </p0826-teimww:contains>
    <p0826-teimww:hasPage knoraType="richtext_value">163.</p0826-teimww:hasPage>
    <p0826-teimww:hasText knoraType="richtext_value">He was afflicted so that he gave all up to dispair, and thought on nothing, but to finde out a way to undeceive the people, and recover the Lady her honor, and restore his own reputation. Being thus agitated in a &lt;span class="quote"&gt;Sea of trouble, &lt;/span&gt;he continued his accustomed walk through Cleria's street, to shew that he had not yeilded to Diego.</p0826-teimww:hasText>
    <p0826-teimww:isMentionedIn>
      <p0826-teimww:passage knoraType="link_value" linkType="ref" target="ww_e6c47d7e7d1af7b7"/>
    </p0826-teimww:isMentionedIn>
    <p0826-teimww:occursIn>
      <p0826-teimww:book knoraType="link_value" linkType="ref" target="ww_187ba0b1cecebca0"/>
    </p0826-teimww:occursIn>
    <p0826-teimww:wasContributedBy>
      <p0826-teimww:person knoraType="link_value" linkType="ref" target="ww_c4063e9c72a3ffd2"/>
    </p0826-teimww:wasContributedBy>
  </p0826-teimww:passage>
  <p0826-teimww:passage id="ww_e6c47d7e7d1af7b7">
    <knoraXmlImport:label>passage</knoraXmlImport:label>
    <p0826-teimww:occursIn>
      <p0826-teimww:book knoraType="link_value" linkType="ref" target="ww_3e15ab6c612eadae"/>
    </p0826-teimww:occursIn>
  </p0826-teimww:passage>
  <p0826-teimww:passage id="ww_30cfb7a35ca321f4">
    <knoraXmlImport:label>passage</knoraXmlImport:label>
    <p0826-teimww:contains>
      <p0826-teimww:lexia knoraType="link_value" linkType="ref" target="ww_0cce9b4a28abe741"/>
    </p0826-teimww:contains>
    <p0826-teimww:hasPage knoraType="richtext_value">461; section ix. Quoted from: Oxford English Dictionary (OED), online edition.</p0826-teimww:hasPage>
    <p0826-teimww:hasText knoraType="richtext_value">The Holy Spirit is too pure and gentle a thing to dwell in a mind &lt;span class="quote"&gt;muddied&lt;/span&gt; and disturbed by those impure dregs.</p0826-teimww:hasText>
    <p0826-teimww:isMentionedIn>
      <p0826-teimww:passage knoraType="link_value" linkType="ref" target="ww_80834c680eaa57ec"/>
    </p0826-teimww:isMentionedIn>
    <p0826-teimww:occursIn>
      <p0826-teimww:book knoraType="link_value" linkType="ref" target="ww_a13a1658b3b4e0f2"/>
    </p0826-teimww:occursIn>
    <p0826-teimww:wasContributedBy>
      <p0826-teimww:person knoraType="link_value" linkType="ref" target="ww_c4063e9c72a3ffd2"/>
    </p0826-teimww:wasContributedBy>
  </p0826-teimww:passage>
  <p0826-teimww:passage id="ww_80834c680eaa57ec">
    <knoraXmlImport:label>passage</knoraXmlImport:label>
    <p0826-teimww:occursIn>
      <p0826-teimww:book knoraType="link_value" linkType="ref" target="ww_f0b8d4220bfdd308"/>
    </p0826-teimww:occursIn>
  </p0826-teimww:passage>
  <p0826-teimww:passage id="ww_4bb90db6d6f1a739">
    <knoraXmlImport:label>passage</knoraXmlImport:label>
    <p0826-teimww:contains>
      <p0826-teimww:lexia knoraType="link_value" linkType="ref" target="ww_e600b3175d2bea1a"/>
    </p0826-teimww:contains>
    <p0826-teimww:hasPage knoraType="richtext_value">N.p.; "Epistle Dedicatory".</p0826-teimww:hasPage>
    <p0826-teimww:hasText knoraType="richtext_value">That ye may, like the Bee, suck Honey out of every Flower; that ye may shine in &lt;span class="quote"&gt;a Sea of Troubles, &lt;/span&gt;as the Pearl shines in the Skie, though it grows in the Sea [...].</p0826-teimww:hasText>
    <p0826-teimww:isMentionedIn>
      <p0826-teimww:passage knoraType="link_value" linkType="ref" target="ww_519948bf2a5709a4"/>
    </p0826-teimww:isMentionedIn>
    <p0826-teimww:occursIn>
      <p0826-teimww:book knoraType="link_value" linkType="ref" target="ww_b8a53fa148ff9ccd"/>
    </p0826-teimww:occursIn>
    <p0826-teimww:wasContributedBy>
      <p0826-teimww:person knoraType="link_value" linkType="ref" target="ww_c4063e9c72a3ffd2"/>
    </p0826-teimww:wasContributedBy>
  </p0826-teimww:passage>
  <p0826-teimww:passage id="ww_519948bf2a5709a4">
    <knoraXmlImport:label>passage</knoraXmlImport:label>
    <p0826-teimww:occursIn>
      <p0826-teimww:book knoraType="link_value" linkType="ref" target="ww_d1faedb423154f39"/>
    </p0826-teimww:occursIn>
  </p0826-teimww:passage>
  <p0826-teimww:passage id="ww_91b7739702614463">
    <knoraXmlImport:label>passage</knoraXmlImport:label>
    <p0826-teimww:contains>
      <p0826-teimww:lexia knoraType="link_value" linkType="ref" target="ww_6115a63c5012f738"/>
    </p0826-teimww:contains>
    <p0826-teimww:hasPage knoraType="richtext_value">153.</p0826-teimww:hasPage>
    <p0826-teimww:hasText knoraType="richtext_value">This perpetual peevishnesse and jealousie, under the alternate Empire of the Prince and of the People, is obnoxious unto every Spark. Nor shall any man shew a reason that will be holding in prudence, why the people of Oceana have blown up their King, but that their Kings did not first blow up them: &lt;span class="quote"&gt;The rest is discourse for Ladies.&lt;/span&gt; Wherefore your Parliaments are not henceforth to come, out of the bag of Æolus , but by the Gallaxy's , to be the perpetual food of the fire of Vesta .</p0826-teimww:hasText>
    <p0826-teimww:isMentionedIn>
      <p0826-teimww:passage knoraType="link_value" linkType="ref" target="ww_fef2c13e7e84f85e"/>
    </p0826-teimww:isMentionedIn>
    <p0826-teimww:occursIn>
      <p0826-teimww:book knoraType="link_value" linkType="ref" target="ww_50252be95e444aa3"/>
    </p0826-teimww:occursIn>
    <p0826-teimww:wasContributedBy>
      <p0826-teimww:person knoraType="link_value" linkType="ref" target="ww_c4063e9c72a3ffd2"/>
    </p0826-teimww:wasContributedBy>
  </p0826-teimww:passage>
  <p0826-teimww:passage id="ww_fef2c13e7e84f85e">
    <knoraXmlImport:label>passage</knoraXmlImport:label>
    <p0826-teimww:occursIn>
      <p0826-teimww:book knoraType="link_value" linkType="ref" target="ww_3e15ab6c612eadae"/>
    </p0826-teimww:occursIn>
  </p0826-teimww:passage>
  <p0826-teimww:passage id="ww_ae91517e164cd0e6">
    <knoraXmlImport:label>passage</knoraXmlImport:label>
    <p0826-teimww:contains>
      <p0826-teimww:lexia knoraType="link_value" linkType="ref" target="ww_681b2a09125ef6af"/>
    </p0826-teimww:contains>
    <p0826-teimww:contains>
      <p0826-teimww:lexia knoraType="link_value" linkType="ref" target="ww_e2f49bcc69e21ae7"/>
    </p0826-teimww:contains>
    <p0826-teimww:contains>
      <p0826-teimww:lexia knoraType="link_value" linkType="ref" target="ww_d2482b1af2ee4da1"/>
    </p0826-teimww:contains>
    <p0826-teimww:hasPage knoraType="richtext_value">42-43.</p0826-teimww:hasPage>
    <p0826-teimww:hasText knoraType="richtext_value">Of Chastity, Continence&lt;br&gt;
&lt;span class="quote"&gt;Sister, keep in the rear of your affection,&lt;br&gt;
Out of the shot and danger of desire.&lt;br&gt;
The chariest Maid is prodigall enough,&lt;br&gt;
If she unmask her beauty to the Moon:&lt;br&gt;
Virtue it selfe scapes not calumnious strokes,&lt;br&gt;
The Canker galls the Infants of the Spring&lt;br&gt;
Too oft before their Buttons be disclos’d,&lt;br&gt;
And in the morn and liquid dew of youth,&lt;br&gt;
Contagious blastments are most imminent.&lt;br&gt;
Be wary then; best safety lies in feare:&lt;br&gt;
Youth to it selfe rebels, though none else neer.&lt;/span&gt;</p0826-teimww:hasText>
    <p0826-teimww:isMentionedIn>
      <p0826-teimww:passage knoraType="link_value" linkType="ref" target="ww_2e228451c377caf9"/>
    </p0826-teimww:isMentionedIn>
    <p0826-teimww:occursIn>
      <p0826-teimww:book knoraType="link_value" linkType="ref" target="ww_c137a625e9418655"/>
    </p0826-teimww:occursIn>
    <p0826-teimww:wasContributedBy>
      <p0826-teimww:person knoraType="link_value" linkType="ref" target="ww_c4063e9c72a3ffd2"/>
    </p0826-teimww:wasContributedBy>
  </p0826-teimww:passage>
  <p0826-teimww:passage id="ww_2e228451c377caf9">
    <knoraXmlImport:label>passage</knoraXmlImport:label>
    <p0826-teimww:occursIn>
      <p0826-teimww:book knoraType="link_value" linkType="ref" target="ww_1140c36ab545b6d8"/>
    </p0826-teimww:occursIn>
  </p0826-teimww:passage>
  <p0826-teimww:passage id="ww_dfc1f53ac32f6889">
    <knoraXmlImport:label>passage</knoraXmlImport:label>
    <p0826-teimww:contains>
      <p0826-teimww:lexia knoraType="link_value" linkType="ref" target="ww_38a589eee85fbfff"/>
    </p0826-teimww:contains>
    <p0826-teimww:hasPage knoraType="richtext_value">56-57.</p0826-teimww:hasPage>
    <p0826-teimww:hasText knoraType="richtext_value">&lt;span class="quote"&gt;How absolute the knave is! we must speak by the card, &lt;br&gt;
Or else Aequivocation will undo us. &lt;br&gt;
These three years I have taken a note of it; &lt;br&gt;
The age is grown so picked that the Toe &lt;br&gt;
Of the Peasant comes so neer the heel of the Courtier, &lt;br&gt;
He galls his kibe. &lt;/span&gt;</p0826-teimww:hasText>
    <p0826-teimww:isMentionedIn>
      <p0826-teimww:passage knoraType="link_value" linkType="ref" target="ww_2cb9268f47e9939f"/>
    </p0826-teimww:isMentionedIn>
    <p0826-teimww:occursIn>
      <p0826-teimww:book knoraType="link_value" linkType="ref" target="ww_c137a625e9418655"/>
    </p0826-teimww:occursIn>
    <p0826-teimww:wasContributedBy>
      <p0826-teimww:person knoraType="link_value" linkType="ref" target="ww_c4063e9c72a3ffd2"/>
    </p0826-teimww:wasContributedBy>
  </p0826-teimww:passage>
  <p0826-teimww:passage id="ww_2cb9268f47e9939f">
    <knoraXmlImport:label>passage</knoraXmlImport:label>
    <p0826-teimww:occursIn>
      <p0826-teimww:book knoraType="link_value" linkType="ref" target="ww_1140c36ab545b6d8"/>
    </p0826-teimww:occursIn>
  </p0826-teimww:passage>
  <p0826-teimww:passage id="ww_0ce64ead31275052">
    <knoraXmlImport:label>passage</knoraXmlImport:label>
    <p0826-teimww:contains>
      <p0826-teimww:lexia knoraType="link_value" linkType="ref" target="ww_2f290cc89f2578f7"/>
    </p0826-teimww:contains>
    <p0826-teimww:hasPage knoraType="richtext_value">67 [normalized spelling].</p0826-teimww:hasPage>
    <p0826-teimww:hasPageHist knoraType="richtext_value">67.</p0826-teimww:hasPageHist>
    <p0826-teimww:hasText knoraType="richtext_value">&lt;span class="quote"&gt;That monster Custom, that all sence doth eat,&lt;br&gt;
Of habits Devil, is Angel yet in this,&lt;br&gt;
That to the use of Actions fair and good&lt;br&gt;
He likewise gives a Frock or Livery,&lt;br&gt;
That aptly is put on.&lt;/span&gt;</p0826-teimww:hasText>
    <p0826-teimww:hasTextHist knoraType="richtext_value">&lt;span class="quote"&gt;That monster Custom, that all sence doth eat,&lt;br&gt;
Of habits Devil, is Angell yet in this,&lt;br&gt;
That to the use of Actions fair and good&lt;br&gt;
He likewise gives a Frock or Livery,&lt;br&gt;
That aptly is put on.&lt;/span&gt;</p0826-teimww:hasTextHist>
    <p0826-teimww:isMentionedIn>
      <p0826-teimww:passage knoraType="link_value" linkType="ref" target="ww_7d4b77106cadb16e"/>
    </p0826-teimww:isMentionedIn>
    <p0826-teimww:occursIn>
      <p0826-teimww:book knoraType="link_value" linkType="ref" target="ww_c137a625e9418655"/>
    </p0826-teimww:occursIn>
    <p0826-teimww:wasContributedBy>
      <p0826-teimww:person knoraType="link_value" linkType="ref" target="ww_c4063e9c72a3ffd2"/>
    </p0826-teimww:wasContributedBy>
  </p0826-teimww:passage>
  <p0826-teimww:passage id="ww_7d4b77106cadb16e">
    <knoraXmlImport:label>passage</knoraXmlImport:label>
    <p0826-teimww:occursIn>
      <p0826-teimww:book knoraType="link_value" linkType="ref" target="ww_1140c36ab545b6d8"/>
    </p0826-teimww:occursIn>
  </p0826-teimww:passage>
  <p0826-teimww:passage id="ww_5f4089596f4259cb">
    <knoraXmlImport:label>passage</knoraXmlImport:label>
    <p0826-teimww:contains>
      <p0826-teimww:lexia knoraType="link_value" linkType="ref" target="ww_7431d5b3204a1ccb"/>
    </p0826-teimww:contains>
    <p0826-teimww:hasPage knoraType="richtext_value">78.</p0826-teimww:hasPage>
    <p0826-teimww:hasText knoraType="richtext_value">&lt;span class="quote"&gt;Our indiscretion sometimes serves us well,&lt;br&gt;
When our deep plots do paul, and that should teach us&lt;br&gt;
There's a divinity that shapes our ends,&lt;br&gt;
Rough hew them how we will.&lt;/span&gt;</p0826-teimww:hasText>
    <p0826-teimww:isMentionedIn>
      <p0826-teimww:passage knoraType="link_value" linkType="ref" target="ww_63665b36df61918e"/>
    </p0826-teimww:isMentionedIn>
    <p0826-teimww:occursIn>
      <p0826-teimww:book knoraType="link_value" linkType="ref" target="ww_c137a625e9418655"/>
    </p0826-teimww:occursIn>
    <p0826-teimww:wasContributedBy>
      <p0826-teimww:person knoraType="link_value" linkType="ref" target="ww_c4063e9c72a3ffd2"/>
    </p0826-teimww:wasContributedBy>
  </p0826-teimww:passage>
  <p0826-teimww:passage id="ww_63665b36df61918e">
    <knoraXmlImport:label>passage</knoraXmlImport:label>
    <p0826-teimww:occursIn>
      <p0826-teimww:book knoraType="link_value" linkType="ref" target="ww_1140c36ab545b6d8"/>
    </p0826-teimww:occursIn>
  </p0826-teimww:passage>
  <p0826-teimww:passage id="ww_7e3e8fe100f550d7">
    <knoraXmlImport:label>passage</knoraXmlImport:label>
    <p0826-teimww:contains>
      <p0826-teimww:lexia knoraType="link_value" linkType="ref" target="ww_8c35136319d93c56"/>
    </p0826-teimww:contains>
    <p0826-teimww:hasPage knoraType="richtext_value">82.</p0826-teimww:hasPage>
    <p0826-teimww:hasText knoraType="richtext_value">&lt;span class="quote"&gt;We are oft to blame in this,&lt;br&gt;
'Tis too much prov'd, that with devotions visage,&lt;br&gt;
And pious action we doe sugar ore&lt;br&gt;
The Devil himself.&lt;/span&gt;</p0826-teimww:hasText>
    <p0826-teimww:isMentionedIn>
      <p0826-teimww:passage knoraType="link_value" linkType="ref" target="ww_c81e581c2e6fa757"/>
    </p0826-teimww:isMentionedIn>
    <p0826-teimww:occursIn>
      <p0826-teimww:book knoraType="link_value" linkType="ref" target="ww_c137a625e9418655"/>
    </p0826-teimww:occursIn>
    <p0826-teimww:wasContributedBy>
      <p0826-teimww:person knoraType="link_value" linkType="ref" target="ww_c4063e9c72a3ffd2"/>
    </p0826-teimww:wasContributedBy>
  </p0826-teimww:passage>
  <p0826-teimww:passage id="ww_c81e581c2e6fa757">
    <knoraXmlImport:label>passage</knoraXmlImport:label>
    <p0826-teimww:occursIn>
      <p0826-teimww:book knoraType="link_value" linkType="ref" target="ww_1140c36ab545b6d8"/>
    </p0826-teimww:occursIn>
  </p0826-teimww:passage>
  <p0826-teimww:passage id="ww_79ca50ddbf25a1bf">
    <knoraXmlImport:label>passage</knoraXmlImport:label>
    <p0826-teimww:contains>
      <p0826-teimww:lexia knoraType="link_value" linkType="ref" target="ww_0778f6fd6c96ba41"/>
    </p0826-teimww:contains>
    <p0826-teimww:hasPage knoraType="richtext_value">85 [G4 recto]; "A Dialogue between Rinaldo. Margaretta."</p0826-teimww:hasPage>
    <p0826-teimww:hasText knoraType="richtext_value">[Margaretta:] Thou art still old &lt;span class="quote"&gt;Truepenny&lt;/span&gt;. &lt;br&gt;
[Rinaldo:] Still still, and ever shall be, if I shall, let me strike the stroak, I shall not do thee much harme [...].</p0826-teimww:hasText>
    <p0826-teimww:isMentionedIn>
      <p0826-teimww:passage knoraType="link_value" linkType="ref" target="ww_641b74f3a751653d"/>
    </p0826-teimww:isMentionedIn>
    <p0826-teimww:isMentionedIn>
      <p0826-teimww:passage knoraType="link_value" linkType="ref" target="ww_3c41289de5410795"/>
    </p0826-teimww:isMentionedIn>
    <p0826-teimww:occursIn>
      <p0826-teimww:book knoraType="link_value" linkType="ref" target="ww_f72b73130bf5144e"/>
    </p0826-teimww:occursIn>
    <p0826-teimww:wasContributedBy>
      <p0826-teimww:person knoraType="link_value" linkType="ref" target="ww_c4063e9c72a3ffd2"/>
    </p0826-teimww:wasContributedBy>
  </p0826-teimww:passage>
  <p0826-teimww:passage id="ww_641b74f3a751653d">
    <knoraXmlImport:label>passage</knoraXmlImport:label>
    <p0826-teimww:occursIn>
      <p0826-teimww:book knoraType="link_value" linkType="ref" target="ww_1140c36ab545b6d8"/>
    </p0826-teimww:occursIn>
  </p0826-teimww:passage>
  <p0826-teimww:passage id="ww_3c41289de5410795">
    <knoraXmlImport:label>passage</knoraXmlImport:label>
    <p0826-teimww:occursIn>
      <p0826-teimww:book knoraType="link_value" linkType="ref" target="ww_a4d935e148cb86d4"/>
    </p0826-teimww:occursIn>
  </p0826-teimww:passage>
  <p0826-teimww:passage id="ww_389cf625c380679b">
    <knoraXmlImport:label>passage</knoraXmlImport:label>
    <p0826-teimww:contains>
      <p0826-teimww:lexia knoraType="link_value" linkType="ref" target="ww_0e3667b68804cca5"/>
    </p0826-teimww:contains>
    <p0826-teimww:hasPage knoraType="richtext_value">14; canto 1, lines 505-512.</p0826-teimww:hasPage>
    <p0826-teimww:hasText knoraType="richtext_value">To whom the valiant Captaine made reply &lt;br&gt;
By one well versed in that Bastard-Tongue : &lt;br&gt;
Illustrious Lord, I shall to thee descry &lt;br&gt;
My Self, my Faith, and th' Armes I bring along.&lt;br&gt; 
Neither of Turkish-blood nor breed, am I; &lt;br&gt;
Nor of a Countrey that delights in wrong. &lt;br&gt;
In &lt;span class="quote"&gt;fair and warlike&lt;/span&gt; Europe was I born, &lt;br&gt;
I seek the famous Kingdoms of the Morn. </p0826-teimww:hasText>
    <p0826-teimww:isMentionedIn>
      <p0826-teimww:passage knoraType="link_value" linkType="ref" target="ww_c213f464ecd7e093"/>
    </p0826-teimww:isMentionedIn>
    <p0826-teimww:occursIn>
      <p0826-teimww:book knoraType="link_value" linkType="ref" target="ww_23fbae69b0a161a0"/>
    </p0826-teimww:occursIn>
    <p0826-teimww:wasContributedBy>
      <p0826-teimww:person knoraType="link_value" linkType="ref" target="ww_8106744e44c77c96"/>
    </p0826-teimww:wasContributedBy>
  </p0826-teimww:passage>
  <p0826-teimww:passage id="ww_c213f464ecd7e093">
    <knoraXmlImport:label>passage</knoraXmlImport:label>
    <p0826-teimww:occursIn>
      <p0826-teimww:book knoraType="link_value" linkType="ref" target="ww_3e15ab6c612eadae"/>
    </p0826-teimww:occursIn>
  </p0826-teimww:passage>
  <p0826-teimww:passage id="ww_cc1c95112ac22f30">
    <knoraXmlImport:label>passage</knoraXmlImport:label>
    <p0826-teimww:contains>
      <p0826-teimww:lexia knoraType="link_value" linkType="ref" target="ww_11a004d3668f2040"/>
    </p0826-teimww:contains>
    <p0826-teimww:hasPage knoraType="richtext_value">317 [normalized spelling].</p0826-teimww:hasPage>
    <p0826-teimww:hasPageHist knoraType="richtext_value">317.</p0826-teimww:hasPageHist>
    <p0826-teimww:hasText knoraType="richtext_value">Embrace.&lt;br&gt;
The female Ivy so&lt;br&gt;
Enrings the barky fingers of the Elm;&lt;br&gt;
And locks her so in his embraces,&lt;br&gt;
As if he meant to pin her to his heart: &lt;br&gt;
&lt;span class="quote"&gt;Hangs on him&lt;br&gt;
As if increase of appetite did grow&lt;br&gt; 
From what it grew on&lt;/span&gt;.
Cleaving like burrs.</p0826-teimww:hasText>
    <p0826-teimww:hasTextHist knoraType="richtext_value">The female Ivy so&lt;br&gt;
Enrings the barky fingers of the Elm;&lt;br&gt;
And locks her so in his embraces,&lt;br&gt;
As if he meant to pin her to his heart: &lt;br&gt;
&lt;span class="quote"&gt;Hangs on him&lt;br&gt;
As if encrease of appetite did grow&lt;br&gt; 
From what it grew on&lt;/span&gt;.
Cleaving like burrs.</p0826-teimww:hasTextHist>
    <p0826-teimww:isMentionedIn>
      <p0826-teimww:passage knoraType="link_value" linkType="ref" target="ww_660d74f72a1746ef"/>
    </p0826-teimww:isMentionedIn>
    <p0826-teimww:isMentionedIn>
      <p0826-teimww:passage knoraType="link_value" linkType="ref" target="ww_673b0c94b761b876"/>
    </p0826-teimww:isMentionedIn>
    <p0826-teimww:occursIn>
      <p0826-teimww:book knoraType="link_value" linkType="ref" target="ww_f72b73130bf5144e"/>
    </p0826-teimww:occursIn>
    <p0826-teimww:wasContributedBy>
      <p0826-teimww:person knoraType="link_value" linkType="ref" target="ww_c4063e9c72a3ffd2"/>
    </p0826-teimww:wasContributedBy>
  </p0826-teimww:passage>
  <p0826-teimww:passage id="ww_673b0c94b761b876">
    <knoraXmlImport:label>passage</knoraXmlImport:label>
    <p0826-teimww:occursIn>
      <p0826-teimww:book knoraType="link_value" linkType="ref" target="ww_1140c36ab545b6d8"/>
    </p0826-teimww:occursIn>
  </p0826-teimww:passage>
  <p0826-teimww:passage id="ww_660d74f72a1746ef">
    <knoraXmlImport:label>passage</knoraXmlImport:label>
    <p0826-teimww:occursIn>
      <p0826-teimww:book knoraType="link_value" linkType="ref" target="ww_a4d935e148cb86d4"/>
    </p0826-teimww:occursIn>
  </p0826-teimww:passage>
  <p0826-teimww:passage id="ww_3e71942a72005f41">
    <knoraXmlImport:label>passage</knoraXmlImport:label>
    <p0826-teimww:contains>
      <p0826-teimww:lexia knoraType="link_value" linkType="ref" target="ww_d0d70e1ed0d1472b"/>
    </p0826-teimww:contains>
    <p0826-teimww:hasPage knoraType="richtext_value">364 [nomralized spelling].</p0826-teimww:hasPage>
    <p0826-teimww:hasPageHist knoraType="richtext_value">364.</p0826-teimww:hasPageHist>
    <p0826-teimww:hasText knoraType="richtext_value">Fear, Fearful.&lt;br&gt;
&lt;span class="quote"&gt;The bedded hair, like life in excrements,&lt;br&gt;
Start up, and stand on [sic] end.&lt;/span&gt;</p0826-teimww:hasText>
    <p0826-teimww:hasTextHist knoraType="richtext_value">Fear, Fearful.&lt;br&gt;
&lt;span class="quote"&gt;The bedded hair, like life in excrements,&lt;br&gt;
Start up, and stand an [sic] end.&lt;/span&gt;</p0826-teimww:hasTextHist>
    <p0826-teimww:isMentionedIn>
      <p0826-teimww:passage knoraType="link_value" linkType="ref" target="ww_1e6a64f2f51c8f1f"/>
    </p0826-teimww:isMentionedIn>
    <p0826-teimww:occursIn>
      <p0826-teimww:book knoraType="link_value" linkType="ref" target="ww_f72b73130bf5144e"/>
    </p0826-teimww:occursIn>
    <p0826-teimww:wasContributedBy>
      <p0826-teimww:person knoraType="link_value" linkType="ref" target="ww_c4063e9c72a3ffd2"/>
    </p0826-teimww:wasContributedBy>
  </p0826-teimww:passage>
  <p0826-teimww:passage id="ww_1e6a64f2f51c8f1f">
    <knoraXmlImport:label>passage</knoraXmlImport:label>
    <p0826-teimww:occursIn>
      <p0826-teimww:book knoraType="link_value" linkType="ref" target="ww_1140c36ab545b6d8"/>
    </p0826-teimww:occursIn>
  </p0826-teimww:passage>
  <p0826-teimww:passage id="ww_ddefa4fed04e66ca">
    <knoraXmlImport:label>passage</knoraXmlImport:label>
    <p0826-teimww:contains>
      <p0826-teimww:lexia knoraType="link_value" linkType="ref" target="ww_3458653007f03445"/>
    </p0826-teimww:contains>
    <p0826-teimww:contains>
      <p0826-teimww:lexia knoraType="link_value" linkType="ref" target="ww_c4f8c9325acb9ff2"/>
    </p0826-teimww:contains>
    <p0826-teimww:hasPage knoraType="richtext_value">346.</p0826-teimww:hasPage>
    <p0826-teimww:hasText knoraType="richtext_value">Fear, Fearful&lt;br&gt;
&lt;span class="quote"&gt;Distill'd almost to jelly,&lt;br&gt;
harrows the soul, and makes the eyes start from their spheres.&lt;br&gt;
The hair stands &lt;/span&gt;an [sic] &lt;span class="quote"&gt;end&lt;br&gt;
Like quilles upon the fretful porcupine.&lt;/span&gt;</p0826-teimww:hasText>
    <p0826-teimww:isMentionedIn>
      <p0826-teimww:passage knoraType="link_value" linkType="ref" target="ww_0cfb8cb34914c815"/>
    </p0826-teimww:isMentionedIn>
    <p0826-teimww:occursIn>
      <p0826-teimww:book knoraType="link_value" linkType="ref" target="ww_f72b73130bf5144e"/>
    </p0826-teimww:occursIn>
    <p0826-teimww:wasContributedBy>
      <p0826-teimww:person knoraType="link_value" linkType="ref" target="ww_c4063e9c72a3ffd2"/>
    </p0826-teimww:wasContributedBy>
  </p0826-teimww:passage>
  <p0826-teimww:passage id="ww_0cfb8cb34914c815">
    <knoraXmlImport:label>passage</knoraXmlImport:label>
    <p0826-teimww:occursIn>
      <p0826-teimww:book knoraType="link_value" linkType="ref" target="ww_1140c36ab545b6d8"/>
    </p0826-teimww:occursIn>
  </p0826-teimww:passage>
  <p0826-teimww:passage id="ww_0d353b9b0304457e">
    <knoraXmlImport:label>passage</knoraXmlImport:label>
    <p0826-teimww:contains>
      <p0826-teimww:lexia knoraType="link_value" linkType="ref" target="ww_f8094e2d893bdf31"/>
    </p0826-teimww:contains>
    <p0826-teimww:hasPage knoraType="richtext_value">118.</p0826-teimww:hasPage>
    <p0826-teimww:hasText knoraType="richtext_value">&lt;span class="quote"&gt;Rightly to be great &lt;br&gt;
Is not to stir without great argument, &lt;br&gt;
But greatly to find quarrel in a straw &lt;br&gt;
When honour's at the stake. &lt;/span&gt;</p0826-teimww:hasText>
    <p0826-teimww:isMentionedIn>
      <p0826-teimww:passage knoraType="link_value" linkType="ref" target="ww_cc7d4d1936d07b82"/>
    </p0826-teimww:isMentionedIn>
    <p0826-teimww:occursIn>
      <p0826-teimww:book knoraType="link_value" linkType="ref" target="ww_c137a625e9418655"/>
    </p0826-teimww:occursIn>
    <p0826-teimww:wasContributedBy>
      <p0826-teimww:person knoraType="link_value" linkType="ref" target="ww_c4063e9c72a3ffd2"/>
    </p0826-teimww:wasContributedBy>
  </p0826-teimww:passage>
  <p0826-teimww:passage id="ww_cc7d4d1936d07b82">
    <knoraXmlImport:label>passage</knoraXmlImport:label>
    <p0826-teimww:occursIn>
      <p0826-teimww:book knoraType="link_value" linkType="ref" target="ww_1140c36ab545b6d8"/>
    </p0826-teimww:occursIn>
  </p0826-teimww:passage>
  <p0826-teimww:passage id="ww_2e21fd9455c649a0">
    <knoraXmlImport:label>passage</knoraXmlImport:label>
    <p0826-teimww:contains>
      <p0826-teimww:lexia knoraType="link_value" linkType="ref" target="ww_0d7d51ddf1aaa5e1"/>
    </p0826-teimww:contains>
    <p0826-teimww:contains>
      <p0826-teimww:lexia knoraType="link_value" linkType="ref" target="ww_1448494ccbdb248f"/>
    </p0826-teimww:contains>
    <p0826-teimww:hasPage knoraType="richtext_value">238.</p0826-teimww:hasPage>
    <p0826-teimww:hasText knoraType="richtext_value">&lt;span class="quote"&gt;In the most high and palmy state of &lt;i&gt;Rome&lt;/i&gt;,&lt;br&gt;
A little ere the mightiest &lt;i&gt;Julius&lt;/i&gt; fell,&lt;br&gt;
The Graves stood Tenantless and the sheeted dead&lt;br&gt;
Did squeak and gibber in the Roman streetes:&lt;br&gt;
As Stars with traines of fire and dewes of blood,&lt;br&gt;
Disasters in the Sun, and the moist star&lt;br&gt;
Upon whose influence &lt;i&gt;Neptune's &lt;/i&gt;empire stands&lt;br&gt;
Was sick almost to Doomesday with eclipse. &lt;/span&gt;</p0826-teimww:hasText>
    <p0826-teimww:isMentionedIn>
      <p0826-teimww:passage knoraType="link_value" linkType="ref" target="ww_8c5bf22548dc5d5a"/>
    </p0826-teimww:isMentionedIn>
    <p0826-teimww:occursIn>
      <p0826-teimww:book knoraType="link_value" linkType="ref" target="ww_c137a625e9418655"/>
    </p0826-teimww:occursIn>
    <p0826-teimww:wasContributedBy>
      <p0826-teimww:person knoraType="link_value" linkType="ref" target="ww_c4063e9c72a3ffd2"/>
    </p0826-teimww:wasContributedBy>
  </p0826-teimww:passage>
  <p0826-teimww:passage id="ww_8c5bf22548dc5d5a">
    <knoraXmlImport:label>passage</knoraXmlImport:label>
    <p0826-teimww:occursIn>
      <p0826-teimww:book knoraType="link_value" linkType="ref" target="ww_1140c36ab545b6d8"/>
    </p0826-teimww:occursIn>
  </p0826-teimww:passage>
  <p0826-teimww:passage id="ww_12554aa9df561a73">
    <knoraXmlImport:label>passage</knoraXmlImport:label>
    <p0826-teimww:contains>
      <p0826-teimww:lexia knoraType="link_value" linkType="ref" target="ww_00228e39653865fd"/>
    </p0826-teimww:contains>
    <p0826-teimww:hasPage knoraType="richtext_value">142.</p0826-teimww:hasPage>
    <p0826-teimww:hasText knoraType="richtext_value"> What to ourselves in passion we propose,
– 3, 2, 199: The passion ending, doth the purpose lose.
– 3, 2, 200: The violence of either grief or joy
– 3, 2, 201: Their own enactures with themselves destroy:
– 3, 2, 202: Where joy most revels, grief doth most lament;
– 3, 2, 203: Grief joys, joy grieves, on slender accident.
– 3, 2, 204: This world is not for aye, nor 'tis not strange
– 3, 2, 205: That even our loves should with our fortunes change;
– 3, 2, 206: For 'tis a question left us yet to prove,
– 3, 2, 207: Whether love lead fortune, or else fortune love. </p0826-teimww:hasText>
    <p0826-teimww:isMentionedIn>
      <p0826-teimww:passage knoraType="link_value" linkType="ref" target="ww_85f4305b2ddc03b3"/>
    </p0826-teimww:isMentionedIn>
    <p0826-teimww:occursIn>
      <p0826-teimww:book knoraType="link_value" linkType="ref" target="ww_c137a625e9418655"/>
    </p0826-teimww:occursIn>
    <p0826-teimww:wasContributedBy>
      <p0826-teimww:person knoraType="link_value" linkType="ref" target="ww_c4063e9c72a3ffd2"/>
    </p0826-teimww:wasContributedBy>
  </p0826-teimww:passage>
  <p0826-teimww:passage id="ww_85f4305b2ddc03b3">
    <knoraXmlImport:label>passage</knoraXmlImport:label>
    <p0826-teimww:occursIn>
      <p0826-teimww:book knoraType="link_value" linkType="ref" target="ww_1140c36ab545b6d8"/>
    </p0826-teimww:occursIn>
  </p0826-teimww:passage>
  <p0826-teimww:passage id="ww_208595d9658b996b">
    <knoraXmlImport:label>passage</knoraXmlImport:label>
    <p0826-teimww:contains>
      <p0826-teimww:lexia knoraType="link_value" linkType="ref" target="ww_3883a7e46aec28a6"/>
    </p0826-teimww:contains>
    <p0826-teimww:hasPage knoraType="richtext_value">14.</p0826-teimww:hasPage>
    <p0826-teimww:hasText knoraType="richtext_value">To climb steep hills, &lt;br&gt;
Requires slow pace at first, &lt;span class="quote"&gt;anger is like &lt;br&gt;
A full hot horse, who being allow'd his way &lt;br&gt;
Self-Mettal tyres him. &lt;/span&gt;</p0826-teimww:hasText>
    <p0826-teimww:occursIn>
      <p0826-teimww:book knoraType="link_value" linkType="ref" target="ww_c137a625e9418655"/>
    </p0826-teimww:occursIn>
    <p0826-teimww:wasContributedBy>
      <p0826-teimww:person knoraType="link_value" linkType="ref" target="ww_c4063e9c72a3ffd2"/>
    </p0826-teimww:wasContributedBy>
  </p0826-teimww:passage>
  <p0826-teimww:passage id="ww_0e517bd8713b2d8e">
    <knoraXmlImport:label>passage</knoraXmlImport:label>
    <p0826-teimww:contains>
      <p0826-teimww:lexia knoraType="link_value" linkType="ref" target="ww_19a96102ada4c924"/>
    </p0826-teimww:contains>
    <p0826-teimww:hasPage knoraType="richtext_value">153.</p0826-teimww:hasPage>
    <p0826-teimww:hasText knoraType="richtext_value"> In the corrupted currents of this world
– 3, 3, 61: Offence's gilded hand may shove by justice,
– 3, 3, 62: And oft 'tis seen the wicked prize itself
– 3, 3, 63: Buys out the law: but 'tis not so above;
– 3, 3, 64: There is no shuffling, there the action lies
– 3, 3, 66: Even to the teeth and forehead of our faults,
– 3, 3, 67: To give in evidence. What then? what rests? </p0826-teimww:hasText>
    <p0826-teimww:isMentionedIn>
      <p0826-teimww:passage knoraType="link_value" linkType="ref" target="ww_960d8a0101eaac19"/>
    </p0826-teimww:isMentionedIn>
    <p0826-teimww:occursIn>
      <p0826-teimww:book knoraType="link_value" linkType="ref" target="ww_c137a625e9418655"/>
    </p0826-teimww:occursIn>
    <p0826-teimww:wasContributedBy>
      <p0826-teimww:person knoraType="link_value" linkType="ref" target="ww_c4063e9c72a3ffd2"/>
    </p0826-teimww:wasContributedBy>
  </p0826-teimww:passage>
  <p0826-teimww:passage id="ww_960d8a0101eaac19">
    <knoraXmlImport:label>passage</knoraXmlImport:label>
    <p0826-teimww:occursIn>
      <p0826-teimww:book knoraType="link_value" linkType="ref" target="ww_1140c36ab545b6d8"/>
    </p0826-teimww:occursIn>
  </p0826-teimww:passage>
  <p0826-teimww:passage id="ww_251abd3a756bb1e0">
    <knoraXmlImport:label>passage</knoraXmlImport:label>
    <p0826-teimww:contains>
      <p0826-teimww:lexia knoraType="link_value" linkType="ref" target="ww_460641d6cf20d12c"/>
    </p0826-teimww:contains>
    <p0826-teimww:hasPage knoraType="richtext_value">206.</p0826-teimww:hasPage>
    <p0826-teimww:hasText knoraType="richtext_value"> And meant to wreck thee; but, beshrew my jealousy!
– 2, 1, 125: By heaven, it is as proper to our age
– 2, 1, 126: To cast beyond ourselves in our opinions
– 2, 1, 127: As it is common for the younger sort
– 2, 1, 128: To lack discretion. Come, go we to the king: </p0826-teimww:hasText>
    <p0826-teimww:isMentionedIn>
      <p0826-teimww:passage knoraType="link_value" linkType="ref" target="ww_a30a2365ac41a9d2"/>
    </p0826-teimww:isMentionedIn>
    <p0826-teimww:occursIn>
      <p0826-teimww:book knoraType="link_value" linkType="ref" target="ww_c137a625e9418655"/>
    </p0826-teimww:occursIn>
    <p0826-teimww:wasContributedBy>
      <p0826-teimww:person knoraType="link_value" linkType="ref" target="ww_c4063e9c72a3ffd2"/>
    </p0826-teimww:wasContributedBy>
  </p0826-teimww:passage>
  <p0826-teimww:passage id="ww_a30a2365ac41a9d2">
    <knoraXmlImport:label>passage</knoraXmlImport:label>
    <p0826-teimww:occursIn>
      <p0826-teimww:book knoraType="link_value" linkType="ref" target="ww_1140c36ab545b6d8"/>
    </p0826-teimww:occursIn>
  </p0826-teimww:passage>
  <p0826-teimww:passage id="ww_c4aa7fb62e245ce8">
    <knoraXmlImport:label>passage</knoraXmlImport:label>
    <p0826-teimww:contains>
      <p0826-teimww:lexia knoraType="link_value" linkType="ref" target="ww_fdd1219322e96780"/>
    </p0826-teimww:contains>
    <p0826-teimww:hasPage knoraType="richtext_value">4.</p0826-teimww:hasPage>
    <p0826-teimww:hasText knoraType="richtext_value">&lt;span class="quote"&gt;The great man down, his Favorite flyes,&lt;br&gt;
The poor advanc'd, makes friends of enemies;&lt;br&gt;
And hitherto doth love on fortune tend,&lt;br&gt;
And who not needs shall never want a friend;&lt;br&gt;
And who in want a hollow friend doth try,&lt;br&gt;
Directly seasons him his enemy.&lt;/span&gt;</p0826-teimww:hasText>
    <p0826-teimww:isMentionedIn>
      <p0826-teimww:passage knoraType="link_value" linkType="ref" target="ww_36cf31a53f37debf"/>
    </p0826-teimww:isMentionedIn>
    <p0826-teimww:occursIn>
      <p0826-teimww:book knoraType="link_value" linkType="ref" target="ww_c137a625e9418655"/>
    </p0826-teimww:occursIn>
    <p0826-teimww:wasContributedBy>
      <p0826-teimww:person knoraType="link_value" linkType="ref" target="ww_6965a91ff78934d7"/>
    </p0826-teimww:wasContributedBy>
  </p0826-teimww:passage>
  <p0826-teimww:passage id="ww_36cf31a53f37debf">
    <knoraXmlImport:label>passage</knoraXmlImport:label>
    <p0826-teimww:occursIn>
      <p0826-teimww:book knoraType="link_value" linkType="ref" target="ww_1140c36ab545b6d8"/>
    </p0826-teimww:occursIn>
  </p0826-teimww:passage>
  <p0826-teimww:passage id="ww_3c026a0265e88ecb">
    <knoraXmlImport:label>passage</knoraXmlImport:label>
    <p0826-teimww:contains>
      <p0826-teimww:lexia knoraType="link_value" linkType="ref" target="ww_9dbccb44296a95e9"/>
    </p0826-teimww:contains>
    <p0826-teimww:hasPage knoraType="richtext_value">N.p.</p0826-teimww:hasPage>
    <p0826-teimww:hasText knoraType="richtext_value">Men counsaile, and speak comfort to that griefe / Which they themselves not feel; but tasting it, / Their counsaile turns to passion, which before / Would give preceptiall medicine to rage, / Fetter strong madnesse in a silken thread, / Charm Ache with Air, and Agony with words. -</p0826-teimww:hasText>
    <p0826-teimww:isMentionedIn>
      <p0826-teimww:passage knoraType="link_value" linkType="ref" target="ww_f2cf23ed4044c3cd"/>
    </p0826-teimww:isMentionedIn>
    <p0826-teimww:occursIn>
      <p0826-teimww:book knoraType="link_value" linkType="ref" target="ww_c137a625e9418655"/>
    </p0826-teimww:occursIn>
    <p0826-teimww:wasContributedBy>
      <p0826-teimww:person knoraType="link_value" linkType="ref" target="ww_6202c1bb6957c9cc"/>
    </p0826-teimww:wasContributedBy>
  </p0826-teimww:passage>
  <p0826-teimww:passage id="ww_f2cf23ed4044c3cd">
    <knoraXmlImport:label>passage</knoraXmlImport:label>
    <p0826-teimww:occursIn>
      <p0826-teimww:book knoraType="link_value" linkType="ref" target="ww_1140c36ab545b6d8"/>
    </p0826-teimww:occursIn>
  </p0826-teimww:passage>
  <p0826-teimww:passage id="ww_b43fde000578cde2">
    <knoraXmlImport:label>passage</knoraXmlImport:label>
    <p0826-teimww:contains>
      <p0826-teimww:lexia knoraType="link_value" linkType="ref" target="ww_f7c8b5ae81c23bc0"/>
    </p0826-teimww:contains>
    <p0826-teimww:contains>
      <p0826-teimww:lexia knoraType="link_value" linkType="ref" target="ww_7b716843a3570c2e"/>
    </p0826-teimww:contains>
    <p0826-teimww:hasPage knoraType="richtext_value">209; lines 1-16.</p0826-teimww:hasPage>
    <p0826-teimww:hasText knoraType="richtext_value">We're ill by these Grammarians us'd;&lt;br&gt;
We are abus'd by Words, grosly abus'd;&lt;br&gt;
From the Maternal Tomb,&lt;br&gt;
To the Graves fruitful Womb,&lt;br&gt;
We call here Life; but Life's a name&lt;br&gt;
That nothing here can truly claim:&lt;br&gt;
This wretched Inn, where we scarce stay to bait:&lt;br&gt;
We call our Dwelling-place;&lt;br&gt;
We call one Step a Race:&lt;br&gt;
But Angels in their full enlightned state,&lt;br&gt;
Angels who Live, and know &lt;span class="quote"&gt;what 'tis to Be,&lt;/span&gt;&lt;br&gt;
Who all the nonsense of our Language see,&lt;br&gt;
Who speak Things, and our Words, their ill-drawn Pictures scorn,&lt;br&gt;
When we by &lt;span class="quote"&gt;a foolish Figure&lt;/span&gt; say,&lt;br&gt;
Behold an old man Dead! then they&lt;br&gt;
Speak properly, and cry, Behold a man-child born.</p0826-teimww:hasText>
    <p0826-teimww:isMentionedIn>
      <p0826-teimww:passage knoraType="link_value" linkType="ref" target="ww_4cda7a98229c288b"/>
    </p0826-teimww:isMentionedIn>
    <p0826-teimww:occursIn>
      <p0826-teimww:book knoraType="link_value" linkType="ref" target="ww_faa12914631ceeed"/>
    </p0826-teimww:occursIn>
    <p0826-teimww:wasContributedBy>
      <p0826-teimww:person knoraType="link_value" linkType="ref" target="ww_c4063e9c72a3ffd2"/>
    </p0826-teimww:wasContributedBy>
  </p0826-teimww:passage>
  <p0826-teimww:passage id="ww_4cda7a98229c288b">
    <knoraXmlImport:label>passage</knoraXmlImport:label>
    <p0826-teimww:occursIn>
      <p0826-teimww:book knoraType="link_value" linkType="ref" target="ww_3e15ab6c612eadae"/>
    </p0826-teimww:occursIn>
  </p0826-teimww:passage>
  <p0826-teimww:passage id="ww_7f60d843bd58c5db">
    <knoraXmlImport:label>passage</knoraXmlImport:label>
    <p0826-teimww:contains>
      <p0826-teimww:lexia knoraType="link_value" linkType="ref" target="ww_f7c8b5ae81c23bc0"/>
    </p0826-teimww:contains>
    <p0826-teimww:contains>
      <p0826-teimww:lexia knoraType="link_value" linkType="ref" target="ww_5a5867fc951b92e0"/>
    </p0826-teimww:contains>
    <p0826-teimww:hasPage knoraType="richtext_value">stanza 1-2, lines 1-13.</p0826-teimww:hasPage>
    <p0826-teimww:hasText knoraType="richtext_value">Oh Life, thou Nothings younger Brother!&lt;br&gt;
So like, that one might take One for the other!&lt;br&gt;
What's Some Body, or No Body?&lt;br&gt;
In all the Cobwebs of the Schoolmens trade,&lt;br&gt;
We no such nice Distinction woven see,&lt;br&gt;
As 'tis &lt;span class="quote"&gt;To be, or Not to Be.&lt;br&gt;
Dream of &lt;span class="quote"&gt;a Shadow! &lt;/span&gt;a Reflection made&lt;br&gt;
From the false glories of the gay reflected Bow &lt;/span&gt;[...].</p0826-teimww:hasText>
    <p0826-teimww:isMentionedIn>
      <p0826-teimww:passage knoraType="link_value" linkType="ref" target="ww_7f84cf67ce4e0ac9"/>
    </p0826-teimww:isMentionedIn>
    <p0826-teimww:occursIn>
      <p0826-teimww:book knoraType="link_value" linkType="ref" target="ww_faa12914631ceeed"/>
    </p0826-teimww:occursIn>
    <p0826-teimww:wasContributedBy>
      <p0826-teimww:person knoraType="link_value" linkType="ref" target="ww_6965a91ff78934d7"/>
    </p0826-teimww:wasContributedBy>
  </p0826-teimww:passage>
  <p0826-teimww:passage id="ww_7f84cf67ce4e0ac9">
    <knoraXmlImport:label>passage</knoraXmlImport:label>
    <p0826-teimww:occursIn>
      <p0826-teimww:book knoraType="link_value" linkType="ref" target="ww_3e15ab6c612eadae"/>
    </p0826-teimww:occursIn>
  </p0826-teimww:passage>
  <p0826-teimww:passage id="ww_82c04e5305d30c11">
    <knoraXmlImport:label>passage</knoraXmlImport:label>
    <p0826-teimww:contains>
      <p0826-teimww:lexia knoraType="link_value" linkType="ref" target="ww_69de44c1bc229f50"/>
    </p0826-teimww:contains>
    <p0826-teimww:hasPage knoraType="richtext_value">9.</p0826-teimww:hasPage>
    <p0826-teimww:hasText knoraType="richtext_value">The Silver &lt;i&gt;Moon&lt;/i&gt; with terrour paler grew,&lt;br&gt;
And neighbring &lt;i&gt;Hermon&lt;/i&gt; sweated slowly dew; &lt;br&gt;
&lt;span class="quote"&gt;Swift &lt;i&gt;Jordan&lt;/i&gt; started, and straight backward fled,&lt;br&gt;
Hiding among thick reeds his aged head &lt;/span&gt;[...].</p0826-teimww:hasText>
    <p0826-teimww:occursIn>
      <p0826-teimww:book knoraType="link_value" linkType="ref" target="ww_7a83ff41ea7ade4f"/>
    </p0826-teimww:occursIn>
    <p0826-teimww:wasContributedBy>
      <p0826-teimww:person knoraType="link_value" linkType="ref" target="ww_6202c1bb6957c9cc"/>
    </p0826-teimww:wasContributedBy>
  </p0826-teimww:passage>
  <p0826-teimww:passage id="ww_f63c3da6d9ce3324">
    <knoraXmlImport:label>passage</knoraXmlImport:label>
    <p0826-teimww:contains>
      <p0826-teimww:lexia knoraType="link_value" linkType="ref" target="ww_53c222e5ffc0c616"/>
    </p0826-teimww:contains>
    <p0826-teimww:hasPage knoraType="richtext_value">83; lines 7-8.</p0826-teimww:hasPage>
    <p0826-teimww:hasText knoraType="richtext_value">I would sin oft, and &lt;span class="quote"&gt;on my guilty brow&lt;br&gt;
Wear every misperfection&lt;/span&gt; that I ow&lt;br&gt;
Open and visible [...].</p0826-teimww:hasText>
    <p0826-teimww:isMentionedIn>
      <p0826-teimww:passage knoraType="link_value" linkType="ref" target="ww_db4975434a076ed8"/>
    </p0826-teimww:isMentionedIn>
    <p0826-teimww:occursIn>
      <p0826-teimww:book knoraType="link_value" linkType="ref" target="ww_322f738c006a31d2"/>
    </p0826-teimww:occursIn>
    <p0826-teimww:wasContributedBy>
      <p0826-teimww:person knoraType="link_value" linkType="ref" target="ww_c4063e9c72a3ffd2"/>
    </p0826-teimww:wasContributedBy>
  </p0826-teimww:passage>
  <p0826-teimww:passage id="ww_db4975434a076ed8">
    <knoraXmlImport:label>passage</knoraXmlImport:label>
    <p0826-teimww:occursIn>
      <p0826-teimww:book knoraType="link_value" linkType="ref" target="ww_a712f959230131ce"/>
    </p0826-teimww:occursIn>
  </p0826-teimww:passage>
  <p0826-teimww:passage id="ww_45d37dc83852b9a5">
    <knoraXmlImport:label>passage</knoraXmlImport:label>
    <p0826-teimww:contains>
      <p0826-teimww:lexia knoraType="link_value" linkType="ref" target="ww_e600b3175d2bea1a"/>
    </p0826-teimww:contains>
    <p0826-teimww:hasPage knoraType="richtext_value">N.p.</p0826-teimww:hasPage>
    <p0826-teimww:hasText knoraType="richtext_value">Think of those (b) Worthies that sayled through such &lt;span class="quote"&gt;a Sea of troubles &lt;/span&gt;for Christ, not accepting deliverance. Think of those blessed Martyrs, that Sung in prison, embraced the fagots, kissed the stake, and triumphantly clapt their hands in the midst of devouring flames.</p0826-teimww:hasText>
    <p0826-teimww:isMentionedIn>
      <p0826-teimww:passage knoraType="link_value" linkType="ref" target="ww_f9e7dee813a5a9ce"/>
    </p0826-teimww:isMentionedIn>
    <p0826-teimww:occursIn>
      <p0826-teimww:book knoraType="link_value" linkType="ref" target="ww_c42b80eb2111c736"/>
    </p0826-teimww:occursIn>
    <p0826-teimww:wasContributedBy>
      <p0826-teimww:person knoraType="link_value" linkType="ref" target="ww_c4063e9c72a3ffd2"/>
    </p0826-teimww:wasContributedBy>
  </p0826-teimww:passage>
  <p0826-teimww:passage id="ww_f9e7dee813a5a9ce">
    <knoraXmlImport:label>passage</knoraXmlImport:label>
    <p0826-teimww:occursIn>
      <p0826-teimww:book knoraType="link_value" linkType="ref" target="ww_c8f5dee9c32a4636"/>
    </p0826-teimww:occursIn>
  </p0826-teimww:passage>
  <p0826-teimww:passage id="ww_91f2ad9d6147848b">
    <knoraXmlImport:label>passage</knoraXmlImport:label>
    <p0826-teimww:contains>
      <p0826-teimww:lexia knoraType="link_value" linkType="ref" target="ww_e600b3175d2bea1a"/>
    </p0826-teimww:contains>
    <p0826-teimww:hasPage knoraType="richtext_value">86.</p0826-teimww:hasPage>
    <p0826-teimww:hasText knoraType="richtext_value">A holy Silence will give a man such a quiet possession of his own soul, that all the storms of afflictions shall not move him, it will make him stand like a Rock in &lt;span class="quote"&gt;a Sea of Troubles &lt;/span&gt;[...].</p0826-teimww:hasText>
    <p0826-teimww:isMentionedIn>
      <p0826-teimww:passage knoraType="link_value" linkType="ref" target="ww_a0aa790c6b713ae8"/>
    </p0826-teimww:isMentionedIn>
    <p0826-teimww:occursIn>
      <p0826-teimww:book knoraType="link_value" linkType="ref" target="ww_e84d1c1d6154142c"/>
    </p0826-teimww:occursIn>
    <p0826-teimww:wasContributedBy>
      <p0826-teimww:person knoraType="link_value" linkType="ref" target="ww_c4063e9c72a3ffd2"/>
    </p0826-teimww:wasContributedBy>
  </p0826-teimww:passage>
  <p0826-teimww:passage id="ww_a0aa790c6b713ae8">
    <knoraXmlImport:label>passage</knoraXmlImport:label>
    <p0826-teimww:occursIn>
      <p0826-teimww:book knoraType="link_value" linkType="ref" target="ww_d1faedb423154f39"/>
    </p0826-teimww:occursIn>
  </p0826-teimww:passage>
  <p0826-teimww:passage id="ww_54f6509c6cc10ff5">
    <knoraXmlImport:label>passage</knoraXmlImport:label>
    <p0826-teimww:contains>
      <p0826-teimww:lexia knoraType="link_value" linkType="ref" target="ww_e600b3175d2bea1a"/>
    </p0826-teimww:contains>
    <p0826-teimww:hasText knoraType="richtext_value">3. Let death come when it will, it can do you no harm; for it will be but only a passage out of a prison - into a palace; out of &lt;span class="quote"&gt;a sea of troubles &lt;/span&gt;- into a haven of rest; out of a crowd of enemies - into an innumerable company of true, loving, and faithful friends; out of shame, reproach, and contempt - into exceeding great and eternal glory!</p0826-teimww:hasText>
    <p0826-teimww:isMentionedIn>
      <p0826-teimww:passage knoraType="link_value" linkType="ref" target="ww_a1f944f78cf36806"/>
    </p0826-teimww:isMentionedIn>
    <p0826-teimww:occursIn>
      <p0826-teimww:book knoraType="link_value" linkType="ref" target="ww_f206840240092837"/>
    </p0826-teimww:occursIn>
    <p0826-teimww:wasContributedBy>
      <p0826-teimww:person knoraType="link_value" linkType="ref" target="ww_c4063e9c72a3ffd2"/>
    </p0826-teimww:wasContributedBy>
  </p0826-teimww:passage>
  <p0826-teimww:passage id="ww_a1f944f78cf36806">
    <knoraXmlImport:label>passage</knoraXmlImport:label>
    <p0826-teimww:occursIn>
      <p0826-teimww:book knoraType="link_value" linkType="ref" target="ww_d1faedb423154f39"/>
    </p0826-teimww:occursIn>
  </p0826-teimww:passage>
  <p0826-teimww:passage id="ww_f1c08d6b6c8b42ec">
    <knoraXmlImport:label>passage</knoraXmlImport:label>
    <p0826-teimww:contains>
      <p0826-teimww:lexia knoraType="link_value" linkType="ref" target="ww_f7c8b5ae81c23bc0"/>
    </p0826-teimww:contains>
    <p0826-teimww:hasPage knoraType="richtext_value">Vol. 1, 233; book 10, lines 774-788.</p0826-teimww:hasPage>
    <p0826-teimww:hasText knoraType="richtext_value">&lt;span class="quote"&gt;Why am I mockt with death, and length'nd out &lt;br&gt;
To deathless pain? how gladly would I meet &lt;br&gt;
Mortalitie my sentence&lt;/span&gt;, and be Earth &lt;br&gt;
Insensible, how glad would lay me down &lt;br&gt;
As in my Mothers lap! there I should rest &lt;br&gt;
And sleep secure; his dreadful voice no more &lt;br&gt;
Would Thunder in my ears, no fear of worse &lt;br&gt;
To mee and to my ofspring would torment me &lt;br&gt;
With cruel expectation. Yet one doubt &lt;br&gt;
Pursues me still, least all I cannot die, &lt;br&gt;
Least that pure breath of Life, the Spirit of Man &lt;br&gt;
Which God inspir'd, cannot together perish &lt;br&gt;
With this corporeal Clod; then in the Grave, &lt;br&gt;
Or in some other dismal place, who knows &lt;br&gt;
&lt;span class="quote"&gt;But I shall die a living Death?&lt;/span&gt;</p0826-teimww:hasText>
    <p0826-teimww:isMentionedIn>
      <p0826-teimww:passage knoraType="link_value" linkType="ref" target="ww_dd1d7994395d57d0"/>
    </p0826-teimww:isMentionedIn>
    <p0826-teimww:occursIn>
      <p0826-teimww:book knoraType="link_value" linkType="ref" target="ww_fcbf4ca569f9c213"/>
    </p0826-teimww:occursIn>
    <p0826-teimww:wasContributedBy>
      <p0826-teimww:person knoraType="link_value" linkType="ref" target="ww_b05ab3db9fd9054a"/>
    </p0826-teimww:wasContributedBy>
  </p0826-teimww:passage>
  <p0826-teimww:passage id="ww_dd1d7994395d57d0">
    <knoraXmlImport:label>passage</knoraXmlImport:label>
    <p0826-teimww:occursIn>
      <p0826-teimww:book knoraType="link_value" linkType="ref" target="ww_4899784ecc7f3845"/>
    </p0826-teimww:occursIn>
  </p0826-teimww:passage>
  <p0826-teimww:passage id="ww_029111a4d36d416d">
    <knoraXmlImport:label>passage</knoraXmlImport:label>
    <p0826-teimww:contains>
      <p0826-teimww:lexia knoraType="link_value" linkType="ref" target="ww_8ccf9f6fd4160528"/>
    </p0826-teimww:contains>
    <p0826-teimww:hasText knoraType="richtext_value">These are to let you understand and know, &lt;br&gt;
&lt;span class="quote"&gt;That love will creepe there where it cannot go.&lt;/span&gt;</p0826-teimww:hasText>
    <p0826-teimww:isMentionedIn>
      <p0826-teimww:passage knoraType="link_value" linkType="ref" target="ww_116731c143995708"/>
    </p0826-teimww:isMentionedIn>
    <p0826-teimww:occursIn>
      <p0826-teimww:book knoraType="link_value" linkType="ref" target="ww_97132fccae612c76"/>
    </p0826-teimww:occursIn>
    <p0826-teimww:wasContributedBy>
      <p0826-teimww:person knoraType="link_value" linkType="ref" target="ww_c4063e9c72a3ffd2"/>
    </p0826-teimww:wasContributedBy>
  </p0826-teimww:passage>
  <p0826-teimww:passage id="ww_bb41d756f34fdba5">
    <knoraXmlImport:label>passage</knoraXmlImport:label>
    <p0826-teimww:contains>
      <p0826-teimww:lexia knoraType="link_value" linkType="ref" target="ww_e600b3175d2bea1a"/>
    </p0826-teimww:contains>
    <p0826-teimww:hasPage knoraType="richtext_value">228; book 3, canto 4, lines 27-38.</p0826-teimww:hasPage>
    <p0826-teimww:hasText knoraType="richtext_value">Now she steeps&lt;br&gt;
Her down in tears, a floud of sorrow weeps&lt;br&gt;
Of power (if penitent) to expiate&lt;br&gt;
Youths vigorous sins, but all her mourning sate&lt;br&gt;
Beneath a darker Vayle then that which shades&lt;br&gt;
Repentant grief, since sinne but wisht invades&lt;br&gt;
The soul with that which leads to horror, when&lt;br&gt;
Grief for sins past bring into light agen&lt;br&gt;
One through &lt;span class="quote"&gt;a sea of trouble &lt;/span&gt;leads the way&lt;br&gt;
To a safe Harbour, th'other casts away&lt;br&gt;
Poor ship-wrackt Mortals, when by deaths swift stroak&lt;br&gt;
Lifes feeble hold is from hopes anchor broke.</p0826-teimww:hasText>
    <p0826-teimww:isMentionedIn>
      <p0826-teimww:passage knoraType="link_value" linkType="ref" target="ww_e0c0ab8780ba17ca"/>
    </p0826-teimww:isMentionedIn>
    <p0826-teimww:occursIn>
      <p0826-teimww:book knoraType="link_value" linkType="ref" target="ww_de8b536374e2d437"/>
    </p0826-teimww:occursIn>
    <p0826-teimww:wasContributedBy>
      <p0826-teimww:person knoraType="link_value" linkType="ref" target="ww_c4063e9c72a3ffd2"/>
    </p0826-teimww:wasContributedBy>
  </p0826-teimww:passage>
  <p0826-teimww:passage id="ww_e0c0ab8780ba17ca">
    <knoraXmlImport:label>passage</knoraXmlImport:label>
    <p0826-teimww:occursIn>
      <p0826-teimww:book knoraType="link_value" linkType="ref" target="ww_3e15ab6c612eadae"/>
    </p0826-teimww:occursIn>
  </p0826-teimww:passage>
  <p0826-teimww:passage id="ww_1abe3df6d07e97bd">
    <knoraXmlImport:label>passage</knoraXmlImport:label>
    <p0826-teimww:contains>
      <p0826-teimww:lexia knoraType="link_value" linkType="ref" target="ww_20cbbf5295b09a92"/>
    </p0826-teimww:contains>
    <p0826-teimww:hasText knoraType="richtext_value">The Players have &lt;span class="quote"&gt;a Play, where they bring in a Tinker, and make him believe himself a Lord, and when they have satisfied their humour, they made him a plain Tinker again; &lt;/span&gt;Gentlemen, but that this was a great while ago, I should have thought this Play had been made of me; for if ever two cases were alike, 'tis the Tinker's and mine.</p0826-teimww:hasText>
    <p0826-teimww:hasTextHist knoraType="richtext_value">The Players have &lt;span class="quote"&gt;a Play, where they bring in a Tinker, and make him believe himself a Lord, and when they have satisfied their humour, they made him a plain Tinker again; &lt;/span&gt;Gentlemen, but that this was a great while agoe, I should have thought this Play had been made of me; for if ever two cases were alike, 'tis the Tinkers and mine.</p0826-teimww:hasTextHist>
    <p0826-teimww:isMentionedIn>
      <p0826-teimww:passage knoraType="link_value" linkType="ref" target="ww_e964097a4a733bd8"/>
    </p0826-teimww:isMentionedIn>
    <p0826-teimww:occursIn>
      <p0826-teimww:book knoraType="link_value" linkType="ref" target="ww_cf3570b2708cc102"/>
    </p0826-teimww:occursIn>
    <p0826-teimww:wasContributedBy>
      <p0826-teimww:person knoraType="link_value" linkType="ref" target="ww_c4063e9c72a3ffd2"/>
    </p0826-teimww:wasContributedBy>
  </p0826-teimww:passage>
  <p0826-teimww:passage id="ww_e964097a4a733bd8">
    <knoraXmlImport:label>passage</knoraXmlImport:label>
    <p0826-teimww:occursIn>
      <p0826-teimww:book knoraType="link_value" linkType="ref" target="ww_d57fe99db4adc1d0"/>
    </p0826-teimww:occursIn>
  </p0826-teimww:passage>
  <p0826-teimww:passage id="ww_df0435ecd75c099a">
    <knoraXmlImport:label>passage</knoraXmlImport:label>
    <p0826-teimww:contains>
      <p0826-teimww:lexia knoraType="link_value" linkType="ref" target="ww_f6b038fe37846611"/>
    </p0826-teimww:contains>
    <p0826-teimww:hasPage knoraType="richtext_value">56-61, section "The Grave-Makers".</p0826-teimww:hasPage>
    <p0826-teimww:hasText knoraType="richtext_value">&lt;span class="quote"&gt;The Grave-Makers. &lt;br&gt;
ARGUMENT. &lt;i&gt;While, he is making the Grave, for a Lady that drown'd her selfe,&lt;/i&gt; Hamlet &lt;i&gt;and his friend interrupt him with several Questions.&lt;/i&gt;
ACTORS NAMES. &lt;i&gt;Grave-maker, and his Man, Hamlet, and his Friend.&lt;/i&gt;&lt;/span&gt;</p0826-teimww:hasText>
    <p0826-teimww:isMentionedIn>
      <p0826-teimww:passage knoraType="link_value" linkType="ref" target="ww_99d55e73c138cb51"/>
    </p0826-teimww:isMentionedIn>
    <p0826-teimww:occursIn>
      <p0826-teimww:book knoraType="link_value" linkType="ref" target="ww_9f935384b4d905d4"/>
    </p0826-teimww:occursIn>
    <p0826-teimww:wasContributedBy>
      <p0826-teimww:person knoraType="link_value" linkType="ref" target="ww_c4063e9c72a3ffd2"/>
    </p0826-teimww:wasContributedBy>
  </p0826-teimww:passage>
  <p0826-teimww:passage id="ww_99d55e73c138cb51">
    <knoraXmlImport:label>passage</knoraXmlImport:label>
    <p0826-teimww:occursIn>
      <p0826-teimww:book knoraType="link_value" linkType="ref" target="ww_8cdaec1672ea3f81"/>
    </p0826-teimww:occursIn>
  </p0826-teimww:passage>
  <p0826-teimww:passage id="ww_72c10c374b0f2f61">
    <knoraXmlImport:label>passage</knoraXmlImport:label>
    <p0826-teimww:contains>
      <p0826-teimww:lexia knoraType="link_value" linkType="ref" target="ww_e600b3175d2bea1a"/>
    </p0826-teimww:contains>
    <p0826-teimww:hasPage knoraType="richtext_value">lines 1-8.</p0826-teimww:hasPage>
    <p0826-teimww:hasText knoraType="richtext_value">Welcome bright Starre, the prodrome of the day,&lt;br&gt;
With whom the Sun of glory shall display&lt;br&gt;
His golden banners, and restore the Light&lt;br&gt;
Of truth eclipst by an erroneous night:&lt;br&gt;
He liv'd in exile long, and Flanders then&lt;br&gt;
Was th' Eagles neast, or the true Lions den:&lt;br&gt;
He past &lt;span class="quote"&gt;a Sea of troubles; &lt;/span&gt;and each wave&lt;br&gt;
Of grief he flatted with a soul more brave.</p0826-teimww:hasText>
    <p0826-teimww:isMentionedIn>
      <p0826-teimww:passage knoraType="link_value" linkType="ref" target="ww_1d24bf56ba0d84e9"/>
    </p0826-teimww:isMentionedIn>
    <p0826-teimww:occursIn>
      <p0826-teimww:book knoraType="link_value" linkType="ref" target="ww_42b80558396b524c"/>
    </p0826-teimww:occursIn>
    <p0826-teimww:wasContributedBy>
      <p0826-teimww:person knoraType="link_value" linkType="ref" target="ww_c4063e9c72a3ffd2"/>
    </p0826-teimww:wasContributedBy>
  </p0826-teimww:passage>
  <p0826-teimww:passage id="ww_1d24bf56ba0d84e9">
    <knoraXmlImport:label>passage</knoraXmlImport:label>
    <p0826-teimww:occursIn>
      <p0826-teimww:book knoraType="link_value" linkType="ref" target="ww_3e15ab6c612eadae"/>
    </p0826-teimww:occursIn>
  </p0826-teimww:passage>
  <p0826-teimww:passage id="ww_e9366e76652a16fb">
    <knoraXmlImport:label>passage</knoraXmlImport:label>
    <p0826-teimww:contains>
      <p0826-teimww:lexia knoraType="link_value" linkType="ref" target="ww_f8328fc9130b710f"/>
    </p0826-teimww:contains>
    <p0826-teimww:hasPage knoraType="richtext_value">170.</p0826-teimww:hasPage>
    <p0826-teimww:hasText knoraType="richtext_value">But thou must put me to the &lt;i&gt;purchase&lt;/i&gt;&lt;br&gt;
Of such a &lt;i&gt;pipe,&lt;/i&gt; which used in &lt;i&gt;Churches,&lt;/i&gt;&lt;br&gt;
Hath brought to &lt;i&gt;pulpit, Roger Korum&lt;/i&gt;,&lt;br&gt;
(As Bumpkin swears) who long before um &lt;br&gt;
Knew not &lt;i&gt;&lt;span class="quote"&gt;(Jack Falstaff-wise)&lt;/span&gt;&lt;/i&gt; since ever born &lt;br&gt;
Church inside more, than does a &lt;span class="quote"&gt;&lt;i&gt;peppercorn&lt;/i&gt;.</p0826-teimww:hasText>
    <p0826-teimww:hasTextHist knoraType="richtext_value">But thou must put me to the &lt;i&gt;purchase&lt;/i&gt;&lt;br&gt;
Of such a &lt;i&gt;pipe,&lt;/i&gt; which used in &lt;i&gt;Churches,&lt;/i&gt;&lt;br&gt;
Hath brought to &lt;i&gt;pulpit, Roger Korum&lt;/i&gt;,&lt;br&gt;
(As Bumkin swears) who long before um &lt;br&gt;
Knew not &lt;i&gt;&lt;span class="quote"&gt;(Jack Falstafwise)&lt;/span&gt;&lt;/i&gt; since ever born &lt;br&gt;
Church inside more, then does a &lt;span class="quote"&gt;&lt;i&gt;peppercorn&lt;/i&gt;.</p0826-teimww:hasTextHist>
    <p0826-teimww:occursIn>
      <p0826-teimww:book knoraType="link_value" linkType="ref" target="ww_0a21b881126b70a2"/>
    </p0826-teimww:occursIn>
    <p0826-teimww:wasContributedBy>
      <p0826-teimww:person knoraType="link_value" linkType="ref" target="ww_6202c1bb6957c9cc"/>
    </p0826-teimww:wasContributedBy>
  </p0826-teimww:passage>
  <p0826-teimww:passage id="ww_9c25e2d0dea7459d">
    <knoraXmlImport:label>passage</knoraXmlImport:label>
    <p0826-teimww:contains>
      <p0826-teimww:lexia knoraType="link_value" linkType="ref" target="ww_876622e802d9e155"/>
    </p0826-teimww:contains>
    <p0826-teimww:hasPage knoraType="richtext_value">191; entry of 15 August 1665.</p0826-teimww:hasPage>
    <p0826-teimww:hasText knoraType="richtext_value">But that since it was a dream and that I took so much real pleasure in it, what a happy thing it would be, &lt;span class="quote"&gt;if when we are in our graves &lt;/span&gt;(as Shakespeere resembles it), &lt;span class="quote"&gt;we could dream, and dream but such dreams as this &lt;/span&gt; - that then we should not need to be so fearful of death as we are this plaguetime.</p0826-teimww:hasText>
    <p0826-teimww:isMentionedIn>
      <p0826-teimww:passage knoraType="link_value" linkType="ref" target="ww_6892663b6f9f29b1"/>
    </p0826-teimww:isMentionedIn>
    <p0826-teimww:isMentionedIn>
      <p0826-teimww:passage knoraType="link_value" linkType="ref" target="ww_009306362790c6d7"/>
    </p0826-teimww:isMentionedIn>
    <p0826-teimww:isMentionedIn>
      <p0826-teimww:passage knoraType="link_value" linkType="ref" target="ww_b14c84f6942b75cd"/>
    </p0826-teimww:isMentionedIn>
    <p0826-teimww:occursIn>
      <p0826-teimww:book knoraType="link_value" linkType="ref" target="ww_53feab5ba0c6e832"/>
    </p0826-teimww:occursIn>
    <p0826-teimww:wasContributedBy>
      <p0826-teimww:person knoraType="link_value" linkType="ref" target="ww_c4063e9c72a3ffd2"/>
    </p0826-teimww:wasContributedBy>
  </p0826-teimww:passage>
  <p0826-teimww:passage id="ww_6892663b6f9f29b1">
    <knoraXmlImport:label>passage</knoraXmlImport:label>
    <p0826-teimww:occursIn>
      <p0826-teimww:book knoraType="link_value" linkType="ref" target="ww_8cdaec1672ea3f81"/>
    </p0826-teimww:occursIn>
  </p0826-teimww:passage>
  <p0826-teimww:passage id="ww_b14c84f6942b75cd">
    <knoraXmlImport:label>passage</knoraXmlImport:label>
    <p0826-teimww:occursIn>
      <p0826-teimww:book knoraType="link_value" linkType="ref" target="ww_ec27b2270cfe4c10"/>
    </p0826-teimww:occursIn>
  </p0826-teimww:passage>
  <p0826-teimww:passage id="ww_009306362790c6d7">
    <knoraXmlImport:label>passage</knoraXmlImport:label>
    <p0826-teimww:occursIn>
      <p0826-teimww:book knoraType="link_value" linkType="ref" target="ww_e5c5130f309e279d"/>
    </p0826-teimww:occursIn>
  </p0826-teimww:passage>
  <p0826-teimww:passage id="ww_2c31bd23f3c61479">
    <knoraXmlImport:label>passage</knoraXmlImport:label>
    <p0826-teimww:contains>
      <p0826-teimww:lexia knoraType="link_value" linkType="ref" target="ww_f93c78f5a1f203a1"/>
    </p0826-teimww:contains>
    <p0826-teimww:hasPage knoraType="richtext_value">H4 verso; chapter 12.</p0826-teimww:hasPage>
    <p0826-teimww:hasText knoraType="richtext_value">I withdrew as soon as I had delivered my Paper, giving her leave to read in private, what my Love had dictated. About a quarter of an hour after she called me to her, assuring me in a day or two, I should receive &lt;span class="quote"&gt;an answer to the purpose; &lt;/span&gt;and so absconding her displeasure, she sent me with all expedition home again. </p0826-teimww:hasText>
    <p0826-teimww:isMentionedIn>
      <p0826-teimww:passage knoraType="link_value" linkType="ref" target="ww_035950e67b179b87"/>
    </p0826-teimww:isMentionedIn>
    <p0826-teimww:occursIn>
      <p0826-teimww:book knoraType="link_value" linkType="ref" target="ww_db2d9b4ec38dee80"/>
    </p0826-teimww:occursIn>
    <p0826-teimww:wasContributedBy>
      <p0826-teimww:person knoraType="link_value" linkType="ref" target="ww_8106744e44c77c96"/>
    </p0826-teimww:wasContributedBy>
  </p0826-teimww:passage>
  <p0826-teimww:passage id="ww_af24574002f0ca05">
    <knoraXmlImport:label>passage</knoraXmlImport:label>
    <p0826-teimww:contains>
      <p0826-teimww:lexia knoraType="link_value" linkType="ref" target="ww_1cb5fa0cfafa45f2"/>
    </p0826-teimww:contains>
    <p0826-teimww:hasPage knoraType="richtext_value">Vol. 1, 20; book 1, lines 594-599.</p0826-teimww:hasPage>
    <p0826-teimww:hasText knoraType="richtext_value">As when &lt;span class="quote"&gt;the Sun new ris'n &lt;br&gt;
Looks through the Horizontal misty Air&lt;/span&gt;, &lt;br&gt;
Shorn of his Beams; or from behind the Moon &lt;br&gt;
In dim Eclips disastrous twilight sheds &lt;br&gt;
On half the Nations, and with fear of change &lt;br&gt;
Perplexes Monarchs.</p0826-teimww:hasText>
    <p0826-teimww:isMentionedIn>
      <p0826-teimww:passage knoraType="link_value" linkType="ref" target="ww_613a11059abda514"/>
    </p0826-teimww:isMentionedIn>
    <p0826-teimww:occursIn>
      <p0826-teimww:book knoraType="link_value" linkType="ref" target="ww_fcbf4ca569f9c213"/>
    </p0826-teimww:occursIn>
    <p0826-teimww:wasContributedBy>
      <p0826-teimww:person knoraType="link_value" linkType="ref" target="ww_b05ab3db9fd9054a"/>
    </p0826-teimww:wasContributedBy>
  </p0826-teimww:passage>
  <p0826-teimww:passage id="ww_613a11059abda514">
    <knoraXmlImport:label>passage</knoraXmlImport:label>
    <p0826-teimww:occursIn>
      <p0826-teimww:book knoraType="link_value" linkType="ref" target="ww_4899784ecc7f3845"/>
    </p0826-teimww:occursIn>
  </p0826-teimww:passage>
  <p0826-teimww:passage id="ww_cae4063a5b5f20c4">
    <knoraXmlImport:label>passage</knoraXmlImport:label>
    <p0826-teimww:contains>
      <p0826-teimww:lexia knoraType="link_value" linkType="ref" target="ww_3931d7ab354c021e"/>
    </p0826-teimww:contains>
    <p0826-teimww:hasPage knoraType="richtext_value">Vol. 1, 95-96; book 4, lines 890-896.</p0826-teimww:hasPage>
    <p0826-teimww:hasText knoraType="richtext_value">[Satan:] "[...] Thou wouldst thy self, no doubt, &lt;br&gt;
And boldly venture to whatever place &lt;br&gt;
Fardest from pain, where thou mightst hope to change &lt;br&gt;
Torment with ease, and soonest recompence &lt;br&gt;
&lt;span class="quote"&gt;Dole with delight&lt;/span&gt;, which in this place I sought; &lt;br&gt;
To thee no reason; who knowst onely good, &lt;br&gt;
But evil hast not tri'd: [...]"</p0826-teimww:hasText>
    <p0826-teimww:isMentionedIn>
      <p0826-teimww:passage knoraType="link_value" linkType="ref" target="ww_b7c3994aa0e83dcc"/>
    </p0826-teimww:isMentionedIn>
    <p0826-teimww:occursIn>
      <p0826-teimww:book knoraType="link_value" linkType="ref" target="ww_fcbf4ca569f9c213"/>
    </p0826-teimww:occursIn>
    <p0826-teimww:wasContributedBy>
      <p0826-teimww:person knoraType="link_value" linkType="ref" target="ww_b05ab3db9fd9054a"/>
    </p0826-teimww:wasContributedBy>
  </p0826-teimww:passage>
  <p0826-teimww:passage id="ww_b7c3994aa0e83dcc">
    <knoraXmlImport:label>passage</knoraXmlImport:label>
    <p0826-teimww:occursIn>
      <p0826-teimww:book knoraType="link_value" linkType="ref" target="ww_4899784ecc7f3845"/>
    </p0826-teimww:occursIn>
  </p0826-teimww:passage>
  <p0826-teimww:passage id="ww_ccba3181c4907e13">
    <knoraXmlImport:label>passage</knoraXmlImport:label>
    <p0826-teimww:contains>
      <p0826-teimww:lexia knoraType="link_value" linkType="ref" target="ww_79d926d2f329f506"/>
    </p0826-teimww:contains>
    <p0826-teimww:hasPage knoraType="richtext_value">Vol. 1, 194-195; book 9, lines 494-503.</p0826-teimww:hasPage>
    <p0826-teimww:hasText knoraType="richtext_value">So spake the Enemie of Mankind, enclos'd &lt;br&gt;
In Serpent, Inmate bad, and toward &lt;i&gt;Eve&lt;/i&gt; &lt;br&gt;
Addressd his way, not with indented wave, &lt;br&gt;
Prone on the ground, as since, but on his reare, &lt;br&gt;
Circular base of rising foulds, that tour'd &lt;br&gt;
Fould above fould a surging Maze, his Head &lt;br&gt;
Crested aloft, and &lt;span class="quote"&gt;Carbuncle his Eyes&lt;/span&gt;; &lt;br&gt;
With burnisht Neck of verdant Gold, erect &lt;br&gt;
Amidst his circling Spires, that on the grass &lt;br&gt;
Floted redundant: [...].</p0826-teimww:hasText>
    <p0826-teimww:hasTextHist knoraType="richtext_value">needs lexia and second entry</p0826-teimww:hasTextHist>
    <p0826-teimww:isMentionedIn>
      <p0826-teimww:passage knoraType="link_value" linkType="ref" target="ww_4424ca08769a3939"/>
    </p0826-teimww:isMentionedIn>
    <p0826-teimww:occursIn>
      <p0826-teimww:book knoraType="link_value" linkType="ref" target="ww_fcbf4ca569f9c213"/>
    </p0826-teimww:occursIn>
    <p0826-teimww:wasContributedBy>
      <p0826-teimww:person knoraType="link_value" linkType="ref" target="ww_b05ab3db9fd9054a"/>
    </p0826-teimww:wasContributedBy>
  </p0826-teimww:passage>
  <p0826-teimww:passage id="ww_4424ca08769a3939">
    <knoraXmlImport:label>passage</knoraXmlImport:label>
    <p0826-teimww:occursIn>
      <p0826-teimww:book knoraType="link_value" linkType="ref" target="ww_4899784ecc7f3845"/>
    </p0826-teimww:occursIn>
  </p0826-teimww:passage>
  <p0826-teimww:passage id="ww_d403cf9ad02475d3">
    <knoraXmlImport:label>passage</knoraXmlImport:label>
    <p0826-teimww:contains>
      <p0826-teimww:lexia knoraType="link_value" linkType="ref" target="ww_c077076d7a32be4a"/>
    </p0826-teimww:contains>
    <p0826-teimww:hasPage knoraType="richtext_value">Vol. 1, 269-270; book 12, lines 179-186.</p0826-teimww:hasPage>
    <p0826-teimww:hasText knoraType="richtext_value">[Michael:] "[...] His Cattel must of Rot and Murren die, &lt;br&gt;
Botches and blaines must all his flesh imboss, &lt;br&gt;
And all his people; &lt;span class="quote"&gt;Thunder&lt;/span&gt; mixt with Haile, &lt;br&gt;
Haile mixt with fire &lt;span class="quote"&gt;must rend th' &lt;i&gt;Egyptian&lt;/i&gt; Skie&lt;/span&gt; &lt;br&gt;
And wheel on th' Earth, devouring where it rouls; &lt;br&gt;
What it devours not, Herb, or Fruit, or Graine, &lt;br&gt;
A darksom Cloud of Locusts swarming down &lt;br&gt;
Must eat, and on the ground leave nothing green: [...]."</p0826-teimww:hasText>
    <p0826-teimww:isMentionedIn>
      <p0826-teimww:passage knoraType="link_value" linkType="ref" target="ww_4424ca08769a3939"/>
    </p0826-teimww:isMentionedIn>
    <p0826-teimww:occursIn>
      <p0826-teimww:book knoraType="link_value" linkType="ref" target="ww_fcbf4ca569f9c213"/>
    </p0826-teimww:occursIn>
    <p0826-teimww:wasContributedBy>
      <p0826-teimww:person knoraType="link_value" linkType="ref" target="ww_b05ab3db9fd9054a"/>
    </p0826-teimww:wasContributedBy>
  </p0826-teimww:passage>
  <p0826-teimww:passage id="ww_c8dfbe1b05121c55">
    <knoraXmlImport:label>passage</knoraXmlImport:label>
    <p0826-teimww:contains>
      <p0826-teimww:lexia knoraType="link_value" linkType="ref" target="ww_2909be79dac02496"/>
    </p0826-teimww:contains>
    <p0826-teimww:hasPage knoraType="richtext_value">Vol.1, 242; book 11, lines 14-17.</p0826-teimww:hasPage>
    <p0826-teimww:hasText knoraType="richtext_value">To Heav'n &lt;span class="quote"&gt;their prayers &lt;br&gt;
Flew up&lt;/span&gt;, nor missed the way, by envious windes &lt;br&gt;
Blow'n vagabond or frustrate: in they passd &lt;br&gt;
Dimentionless through Heav'nly dores [...]. </p0826-teimww:hasText>
    <p0826-teimww:hasTextHist knoraType="richtext_value">needs lexia and second entry</p0826-teimww:hasTextHist>
    <p0826-teimww:isMentionedIn>
      <p0826-teimww:passage knoraType="link_value" linkType="ref" target="ww_4424ca08769a3939"/>
    </p0826-teimww:isMentionedIn>
    <p0826-teimww:occursIn>
      <p0826-teimww:book knoraType="link_value" linkType="ref" target="ww_fcbf4ca569f9c213"/>
    </p0826-teimww:occursIn>
    <p0826-teimww:wasContributedBy>
      <p0826-teimww:person knoraType="link_value" linkType="ref" target="ww_b05ab3db9fd9054a"/>
    </p0826-teimww:wasContributedBy>
  </p0826-teimww:passage>
  <p0826-teimww:passage id="ww_6689c3490ecad0e3">
    <knoraXmlImport:label>passage</knoraXmlImport:label>
    <p0826-teimww:contains>
      <p0826-teimww:lexia knoraType="link_value" linkType="ref" target="ww_1086f0f1500d9710"/>
    </p0826-teimww:contains>
    <p0826-teimww:hasPage knoraType="richtext_value">Vol. 1, 28; book 2, lines 85-92.</p0826-teimww:hasPage>
    <p0826-teimww:hasText knoraType="richtext_value">[Moloch:] "[...] [W]hat can be worse &lt;br&gt;
Then to dwell here, driv'n out from bliss, condemn'd &lt;br&gt;
In this abhorred Deep to utter woe; &lt;br&gt;
Where pain of unextinguishable fire &lt;br&gt;
Must exercise us without hope of end &lt;br&gt;
The Vassals of his anger, when the Scourge &lt;br&gt;
Inexorably, and the &lt;span class="quote"&gt;torturing hour&lt;br&gt;
Calls us to Penance? &lt;/span&gt; [...]"</p0826-teimww:hasText>
    <p0826-teimww:isMentionedIn>
      <p0826-teimww:passage knoraType="link_value" linkType="ref" target="ww_36964dbbe9cc5ad3"/>
    </p0826-teimww:isMentionedIn>
    <p0826-teimww:occursIn>
      <p0826-teimww:book knoraType="link_value" linkType="ref" target="ww_fcbf4ca569f9c213"/>
    </p0826-teimww:occursIn>
    <p0826-teimww:wasContributedBy>
      <p0826-teimww:person knoraType="link_value" linkType="ref" target="ww_b05ab3db9fd9054a"/>
    </p0826-teimww:wasContributedBy>
  </p0826-teimww:passage>
  <p0826-teimww:passage id="ww_36964dbbe9cc5ad3">
    <knoraXmlImport:label>passage</knoraXmlImport:label>
    <p0826-teimww:occursIn>
      <p0826-teimww:book knoraType="link_value" linkType="ref" target="ww_4899784ecc7f3845"/>
    </p0826-teimww:occursIn>
  </p0826-teimww:passage>
  <p0826-teimww:passage id="ww_ded3599e6d832982">
    <knoraXmlImport:label>passage</knoraXmlImport:label>
    <p0826-teimww:contains>
      <p0826-teimww:lexia knoraType="link_value" linkType="ref" target="ww_894e18f9d4e68214"/>
    </p0826-teimww:contains>
    <p0826-teimww:hasPage knoraType="richtext_value">Vol. 1, 132-133; book 6, lines 344-347.</p0826-teimww:hasPage>
    <p0826-teimww:hasText knoraType="richtext_value">Yet soon he heald; &lt;span class="quote"&gt;Spirits&lt;/span&gt; that live throughout &lt;br&gt;
Vital in every part, not as frail Man &lt;br&gt;
In Entrailes, Heart or Head, Liver or Reines, &lt;br&gt;
Cannot but by annihilating die; &lt;br&gt;
&lt;span class="quote"&gt;Nor in thir liquid texture mortal wound &lt;br&gt;
Receive&lt;/span&gt;, no more then can the fluid Aire: [...].</p0826-teimww:hasText>
    <p0826-teimww:isMentionedIn>
      <p0826-teimww:passage knoraType="link_value" linkType="ref" target="ww_46c117b28855bad1"/>
    </p0826-teimww:isMentionedIn>
    <p0826-teimww:occursIn>
      <p0826-teimww:book knoraType="link_value" linkType="ref" target="ww_fcbf4ca569f9c213"/>
    </p0826-teimww:occursIn>
    <p0826-teimww:wasContributedBy>
      <p0826-teimww:person knoraType="link_value" linkType="ref" target="ww_b05ab3db9fd9054a"/>
    </p0826-teimww:wasContributedBy>
  </p0826-teimww:passage>
  <p0826-teimww:passage id="ww_46c117b28855bad1">
    <knoraXmlImport:label>passage</knoraXmlImport:label>
    <p0826-teimww:occursIn>
      <p0826-teimww:book knoraType="link_value" linkType="ref" target="ww_4899784ecc7f3845"/>
    </p0826-teimww:occursIn>
  </p0826-teimww:passage>
  <p0826-teimww:passage id="ww_6feca11094538c80">
    <knoraXmlImport:label>passage</knoraXmlImport:label>
    <p0826-teimww:contains>
      <p0826-teimww:lexia knoraType="link_value" linkType="ref" target="ww_77d28b915f09d482"/>
    </p0826-teimww:contains>
    <p0826-teimww:hasPage knoraType="richtext_value">Vol. 1, 33-34; book 2, lines 299-305.</p0826-teimww:hasPage>
    <p0826-teimww:hasText knoraType="richtext_value">Which when &lt;i&gt;Bëëlzebub&lt;/i&gt; perceiv'd, then whom, &lt;br&gt;
&lt;i&gt;Satan&lt;/i&gt; except, none higher sat, with grave &lt;br&gt;
Aspect he rose, and in his rising seemd &lt;br&gt;
A Pillar of State; &lt;span class="quote"&gt;deep on his Front engraven &lt;br&gt;
Deliberation sat&lt;/span&gt; and publick care; &lt;br&gt;
And Princely counsel in his face yet shon, &lt;br&gt;
Majestick though in ruin [...].</p0826-teimww:hasText>
    <p0826-teimww:isMentionedIn>
      <p0826-teimww:passage knoraType="link_value" linkType="ref" target="ww_9d594d668920fa20"/>
    </p0826-teimww:isMentionedIn>
    <p0826-teimww:occursIn>
      <p0826-teimww:book knoraType="link_value" linkType="ref" target="ww_fcbf4ca569f9c213"/>
    </p0826-teimww:occursIn>
    <p0826-teimww:wasContributedBy>
      <p0826-teimww:person knoraType="link_value" linkType="ref" target="ww_b05ab3db9fd9054a"/>
    </p0826-teimww:wasContributedBy>
  </p0826-teimww:passage>
  <p0826-teimww:passage id="ww_9d594d668920fa20">
    <knoraXmlImport:label>passage</knoraXmlImport:label>
    <p0826-teimww:occursIn>
      <p0826-teimww:book knoraType="link_value" linkType="ref" target="ww_4899784ecc7f3845"/>
    </p0826-teimww:occursIn>
  </p0826-teimww:passage>
  <p0826-teimww:passage id="ww_e06d609a962b4f3c">
    <knoraXmlImport:label>passage</knoraXmlImport:label>
    <p0826-teimww:contains>
      <p0826-teimww:lexia knoraType="link_value" linkType="ref" target="ww_e600b3175d2bea1a"/>
    </p0826-teimww:contains>
    <p0826-teimww:hasPage knoraType="richtext_value">Vol. 1, 231; book 10, lines 714-719.</p0826-teimww:hasPage>
    <p0826-teimww:hasText knoraType="richtext_value">[T]hese were from without &lt;br&gt;
The growing miseries, which &lt;i&gt;Adam&lt;/i&gt; saw &lt;br&gt;
Alreadie in part, though hid in gloomiest shade, &lt;br&gt;
To sorrow abandond, but worse felt within, &lt;br&gt;
And in &lt;span class="quote"&gt;a troubl'd Sea of passion&lt;/span&gt; tost, &lt;br&gt;
Thus to disburden sought with sad complaint.</p0826-teimww:hasText>
    <p0826-teimww:isMentionedIn>
      <p0826-teimww:passage knoraType="link_value" linkType="ref" target="ww_71663a515e554509"/>
    </p0826-teimww:isMentionedIn>
    <p0826-teimww:occursIn>
      <p0826-teimww:book knoraType="link_value" linkType="ref" target="ww_fcbf4ca569f9c213"/>
    </p0826-teimww:occursIn>
    <p0826-teimww:wasContributedBy>
      <p0826-teimww:person knoraType="link_value" linkType="ref" target="ww_b05ab3db9fd9054a"/>
    </p0826-teimww:wasContributedBy>
  </p0826-teimww:passage>
  <p0826-teimww:passage id="ww_71663a515e554509">
    <knoraXmlImport:label>passage</knoraXmlImport:label>
    <p0826-teimww:occursIn>
      <p0826-teimww:book knoraType="link_value" linkType="ref" target="ww_4899784ecc7f3845"/>
    </p0826-teimww:occursIn>
  </p0826-teimww:passage>
  <p0826-teimww:passage id="ww_5c256c76ccd6dfc3">
    <knoraXmlImport:label>passage</knoraXmlImport:label>
    <p0826-teimww:contains>
      <p0826-teimww:lexia knoraType="link_value" linkType="ref" target="ww_788229a6a501cb05"/>
    </p0826-teimww:contains>
    <p0826-teimww:hasPage knoraType="richtext_value">Vol. 1, 30-31; book 2, lines 178-186.</p0826-teimww:hasPage>
    <p0826-teimww:hasText knoraType="richtext_value">[Belial:] "[...] [W]hile wee perhaps &lt;br&gt;
Designing or exhorting glorious Warr, &lt;br&gt;
Caught in a fierie Tempest, shall be hurld &lt;br&gt;
Each on his rock transfixt, the sport and prey &lt;br&gt;
Or racking whirlwinds, or for ever sunk &lt;br&gt;
Under yon boiling Ocean, wrapt in Chains; &lt;br&gt;
There to converse with everlasting groans, &lt;br&gt;
&lt;span class="quote"&gt;Unrespited, unpitied, unrepreevd&lt;/span&gt;, &lt;br&gt;
Ages of hopeless end; this would be worse. [...]"</p0826-teimww:hasText>
    <p0826-teimww:isMentionedIn>
      <p0826-teimww:passage knoraType="link_value" linkType="ref" target="ww_239780d50a4c4e34"/>
    </p0826-teimww:isMentionedIn>
    <p0826-teimww:occursIn>
      <p0826-teimww:book knoraType="link_value" linkType="ref" target="ww_fcbf4ca569f9c213"/>
    </p0826-teimww:occursIn>
    <p0826-teimww:wasContributedBy>
      <p0826-teimww:person knoraType="link_value" linkType="ref" target="ww_c4063e9c72a3ffd2"/>
    </p0826-teimww:wasContributedBy>
  </p0826-teimww:passage>
  <p0826-teimww:passage id="ww_239780d50a4c4e34">
    <knoraXmlImport:label>passage</knoraXmlImport:label>
    <p0826-teimww:occursIn>
      <p0826-teimww:book knoraType="link_value" linkType="ref" target="ww_c8ba21232e68b85f"/>
    </p0826-teimww:occursIn>
  </p0826-teimww:passage>
  <p0826-teimww:passage id="ww_30cb590d07075458">
    <knoraXmlImport:label>passage</knoraXmlImport:label>
    <p0826-teimww:contains>
      <p0826-teimww:lexia knoraType="link_value" linkType="ref" target="ww_121f51dd1d4fa186"/>
    </p0826-teimww:contains>
    <p0826-teimww:hasPage knoraType="richtext_value">book 4, line 344.</p0826-teimww:hasPage>
    <p0826-teimww:hasText knoraType="richtext_value">As varnish on &lt;span class="quote"&gt;a harlot's cheek&lt;/span&gt; [...].</p0826-teimww:hasText>
    <p0826-teimww:isMentionedIn>
      <p0826-teimww:passage knoraType="link_value" linkType="ref" target="ww_87c18a62bcd31771"/>
    </p0826-teimww:isMentionedIn>
    <p0826-teimww:occursIn>
      <p0826-teimww:book knoraType="link_value" linkType="ref" target="ww_fcbf4ca569f9c213"/>
    </p0826-teimww:occursIn>
    <p0826-teimww:wasContributedBy>
      <p0826-teimww:person knoraType="link_value" linkType="ref" target="ww_c4063e9c72a3ffd2"/>
    </p0826-teimww:wasContributedBy>
  </p0826-teimww:passage>
  <p0826-teimww:passage id="ww_87c18a62bcd31771">
    <knoraXmlImport:label>passage</knoraXmlImport:label>
    <p0826-teimww:occursIn>
      <p0826-teimww:book knoraType="link_value" linkType="ref" target="ww_c8ba21232e68b85f"/>
    </p0826-teimww:occursIn>
  </p0826-teimww:passage>
  <p0826-teimww:passage id="ww_370fa5e7386e32de">
    <knoraXmlImport:label>passage</knoraXmlImport:label>
    <p0826-teimww:contains>
      <p0826-teimww:lexia knoraType="link_value" linkType="ref" target="ww_354f23606872f85d"/>
    </p0826-teimww:contains>
    <p0826-teimww:hasPage knoraType="richtext_value">book 1, line 319.</p0826-teimww:hasPage>
    <p0826-teimww:hasText knoraType="richtext_value">[...] &lt;span class="quote"&gt;with curious eye perus'd him&lt;/span&gt; [...].</p0826-teimww:hasText>
    <p0826-teimww:hasTextHist knoraType="richtext_value">page span</p0826-teimww:hasTextHist>
    <p0826-teimww:isMentionedIn>
      <p0826-teimww:passage knoraType="link_value" linkType="ref" target="ww_15316a429a49f8a9"/>
    </p0826-teimww:isMentionedIn>
    <p0826-teimww:occursIn>
      <p0826-teimww:book knoraType="link_value" linkType="ref" target="ww_783438423dcf8af6"/>
    </p0826-teimww:occursIn>
    <p0826-teimww:wasContributedBy>
      <p0826-teimww:person knoraType="link_value" linkType="ref" target="ww_c4063e9c72a3ffd2"/>
    </p0826-teimww:wasContributedBy>
  </p0826-teimww:passage>
  <p0826-teimww:passage id="ww_15316a429a49f8a9">
    <knoraXmlImport:label>passage</knoraXmlImport:label>
    <p0826-teimww:occursIn>
      <p0826-teimww:book knoraType="link_value" linkType="ref" target="ww_c8ba21232e68b85f"/>
    </p0826-teimww:occursIn>
  </p0826-teimww:passage>
  <p0826-teimww:passage id="ww_15720f92d0b3b402">
    <knoraXmlImport:label>passage</knoraXmlImport:label>
    <p0826-teimww:contains>
      <p0826-teimww:lexia knoraType="link_value" linkType="ref" target="ww_788229a6a501cb05"/>
    </p0826-teimww:contains>
    <p0826-teimww:hasPage knoraType="richtext_value">39; book 3, lines 427-432.</p0826-teimww:hasPage>
    <p0826-teimww:hasText knoraType="richtext_value">[Son of God:] "[...] Should I of these the liberty regard, &lt;br&gt;
Who freed, as to thir ancient Patrimony, &lt;br&gt;
&lt;span class="quote"&gt;Unhumbl'd, unrepentant, unreformd&lt;/span&gt;, &lt;br&gt;
Headlong would follow; and to thir Gods perhaps &lt;br&gt;
Of &lt;i&gt;Bethel&lt;/i&gt; and of &lt;i&gt;Dan&lt;/i&gt;? no, let them serve &lt;br&gt;
Thir enemies, who serve Idols with God. [...]"</p0826-teimww:hasText>
    <p0826-teimww:isMentionedIn>
      <p0826-teimww:passage knoraType="link_value" linkType="ref" target="ww_47f7f260d65c022d"/>
    </p0826-teimww:isMentionedIn>
    <p0826-teimww:occursIn>
      <p0826-teimww:book knoraType="link_value" linkType="ref" target="ww_783438423dcf8af6"/>
    </p0826-teimww:occursIn>
    <p0826-teimww:wasContributedBy>
      <p0826-teimww:person knoraType="link_value" linkType="ref" target="ww_c4063e9c72a3ffd2"/>
    </p0826-teimww:wasContributedBy>
  </p0826-teimww:passage>
  <p0826-teimww:passage id="ww_47f7f260d65c022d">
    <knoraXmlImport:label>passage</knoraXmlImport:label>
    <p0826-teimww:occursIn>
      <p0826-teimww:book knoraType="link_value" linkType="ref" target="ww_c8ba21232e68b85f"/>
    </p0826-teimww:occursIn>
  </p0826-teimww:passage>
  <p0826-teimww:passage id="ww_7a937755f2025fba">
    <knoraXmlImport:label>passage</knoraXmlImport:label>
    <p0826-teimww:contains>
      <p0826-teimww:lexia knoraType="link_value" linkType="ref" target="ww_7cdabd44d4489a37"/>
    </p0826-teimww:contains>
    <p0826-teimww:hasPage knoraType="richtext_value">25; book 2, lines 383-389.</p0826-teimww:hasPage>
    <p0826-teimww:hasText knoraType="richtext_value">[Son of God:] "[...] I can at will, doubt not, as soon as thou,&lt;br&gt;
Command a Table in this Wilderness,&lt;br&gt;
And call &lt;span class="quote"&gt;swift flights of Angels&lt;/span&gt; ministrant&lt;br&gt;
Arrayd in Glory on my cup to attend:&lt;br&gt;
Why shouldst thou then obtrude this diligence,&lt;br&gt;
In vain, where no acceptance it can find? [...]"</p0826-teimww:hasText>
    <p0826-teimww:isMentionedIn>
      <p0826-teimww:passage knoraType="link_value" linkType="ref" target="ww_467edc897875265d"/>
    </p0826-teimww:isMentionedIn>
    <p0826-teimww:occursIn>
      <p0826-teimww:book knoraType="link_value" linkType="ref" target="ww_783438423dcf8af6"/>
    </p0826-teimww:occursIn>
    <p0826-teimww:wasContributedBy>
      <p0826-teimww:person knoraType="link_value" linkType="ref" target="ww_c4063e9c72a3ffd2"/>
    </p0826-teimww:wasContributedBy>
  </p0826-teimww:passage>
  <p0826-teimww:passage id="ww_384ad6a62a93c0c6">
    <knoraXmlImport:label>passage</knoraXmlImport:label>
    <p0826-teimww:contains>
      <p0826-teimww:lexia knoraType="link_value" linkType="ref" target="ww_d0d70e1ed0d1472b"/>
    </p0826-teimww:contains>
    <p0826-teimww:hasPage knoraType="richtext_value">93; lines 1130-1138.</p0826-teimww:hasPage>
    <p0826-teimww:hasText knoraType="richtext_value">[Harapha:] "Thou durst not thus disparage glorious arms &lt;br&gt;
Which greatest Heroes have in battel worn, &lt;br&gt;
Thir ornament and safety, had not spells &lt;br&gt;
And black enchantments, some Magicians Art &lt;br&gt;
Armd thee or charmed thee strong, which thou from Heaven &lt;br&gt;
Feigndst at thy birth was giv'n thee in thy hair, &lt;br&gt;
Where strength can least abide, though all thy &lt;span class="quote"&gt;hairs&lt;/span&gt; &lt;br&gt;
Were bristles rang'd like those that ridge the back &lt;br&gt;
Of chaf'd wild Boars, or &lt;span class="quote"&gt;ruffl'd Porcupines&lt;/span&gt;."</p0826-teimww:hasText>
    <p0826-teimww:isMentionedIn>
      <p0826-teimww:passage knoraType="link_value" linkType="ref" target="ww_cf88cd2951c42d5d"/>
    </p0826-teimww:isMentionedIn>
    <p0826-teimww:occursIn>
      <p0826-teimww:book knoraType="link_value" linkType="ref" target="ww_8070f7d819e7ec2c"/>
    </p0826-teimww:occursIn>
    <p0826-teimww:wasContributedBy>
      <p0826-teimww:person knoraType="link_value" linkType="ref" target="ww_b05ab3db9fd9054a"/>
    </p0826-teimww:wasContributedBy>
  </p0826-teimww:passage>
  <p0826-teimww:passage id="ww_cf88cd2951c42d5d">
    <knoraXmlImport:label>passage</knoraXmlImport:label>
    <p0826-teimww:occursIn>
      <p0826-teimww:book knoraType="link_value" linkType="ref" target="ww_4899784ecc7f3845"/>
    </p0826-teimww:occursIn>
  </p0826-teimww:passage>
  <p0826-teimww:passage id="ww_d1c44a264c462b82">
    <knoraXmlImport:label>passage</knoraXmlImport:label>
    <p0826-teimww:contains>
      <p0826-teimww:lexia knoraType="link_value" linkType="ref" target="ww_331373f6652531c0"/>
    </p0826-teimww:contains>
    <p0826-teimww:hasPage knoraType="richtext_value">84; lines 781-784.</p0826-teimww:hasPage>
    <p0826-teimww:hasText knoraType="richtext_value">[Dalila:] "[...] To what I did thou shewdst me first the way. &lt;br&gt;
But I to enemies revealed, and should not. &lt;br&gt;
Nor shouldst thou have trusted that to &lt;span class="quote"&gt;womans frailty&lt;/span&gt;: &lt;br&gt;
Ere I to thee, thou to thyself wast cruel. [...]"</p0826-teimww:hasText>
    <p0826-teimww:isMentionedIn>
      <p0826-teimww:passage knoraType="link_value" linkType="ref" target="ww_2fbdb50f3c5bb9b4"/>
    </p0826-teimww:isMentionedIn>
    <p0826-teimww:occursIn>
      <p0826-teimww:book knoraType="link_value" linkType="ref" target="ww_8070f7d819e7ec2c"/>
    </p0826-teimww:occursIn>
    <p0826-teimww:wasContributedBy>
      <p0826-teimww:person knoraType="link_value" linkType="ref" target="ww_b05ab3db9fd9054a"/>
    </p0826-teimww:wasContributedBy>
  </p0826-teimww:passage>
  <p0826-teimww:passage id="ww_2fbdb50f3c5bb9b4">
    <knoraXmlImport:label>passage</knoraXmlImport:label>
    <p0826-teimww:occursIn>
      <p0826-teimww:book knoraType="link_value" linkType="ref" target="ww_4899784ecc7f3845"/>
    </p0826-teimww:occursIn>
  </p0826-teimww:passage>
  <p0826-teimww:passage id="ww_152dfe639be59fb9">
    <knoraXmlImport:label>passage</knoraXmlImport:label>
    <p0826-teimww:contains>
      <p0826-teimww:lexia knoraType="link_value" linkType="ref" target="ww_3dc66031ad6b7378"/>
    </p0826-teimww:contains>
    <p0826-teimww:hasPage knoraType="richtext_value">165.</p0826-teimww:hasPage>
    <p0826-teimww:hasText knoraType="richtext_value">&lt;span class="quote"&gt;The Master, the Swabber, the Boatswain, and I, &lt;br&gt;
The Gunner and his Mate &lt;/span&gt;</p0826-teimww:hasText>
    <p0826-teimww:isMentionedIn>
      <p0826-teimww:passage knoraType="link_value" linkType="ref" target="ww_20c148faf3180c9e"/>
    </p0826-teimww:isMentionedIn>
    <p0826-teimww:occursIn>
      <p0826-teimww:book knoraType="link_value" linkType="ref" target="ww_4248cd9d97d4040f"/>
    </p0826-teimww:occursIn>
    <p0826-teimww:wasContributedBy>
      <p0826-teimww:person knoraType="link_value" linkType="ref" target="ww_6202c1bb6957c9cc"/>
    </p0826-teimww:wasContributedBy>
  </p0826-teimww:passage>
  <p0826-teimww:passage id="ww_20c148faf3180c9e">
    <knoraXmlImport:label>passage</knoraXmlImport:label>
    <p0826-teimww:occursIn>
      <p0826-teimww:book knoraType="link_value" linkType="ref" target="ww_1140c36ab545b6d8"/>
    </p0826-teimww:occursIn>
  </p0826-teimww:passage>
  <p0826-teimww:passage id="ww_ae56b3c43d25238d">
    <knoraXmlImport:label>passage</knoraXmlImport:label>
    <p0826-teimww:contains>
      <p0826-teimww:lexia knoraType="link_value" linkType="ref" target="ww_e2a4b552d1f0837e"/>
    </p0826-teimww:contains>
    <p0826-teimww:hasPage knoraType="richtext_value">167.</p0826-teimww:hasPage>
    <p0826-teimww:hasText knoraType="richtext_value">&lt;span class="quote"&gt;Where the Bee sucks, there suck I, &lt;br&gt;
In a Cowslips Bell I lie&lt;/span&gt;</p0826-teimww:hasText>
    <p0826-teimww:isMentionedIn>
      <p0826-teimww:passage knoraType="link_value" linkType="ref" target="ww_20c148faf3180c9e"/>
    </p0826-teimww:isMentionedIn>
    <p0826-teimww:occursIn>
      <p0826-teimww:book knoraType="link_value" linkType="ref" target="ww_4248cd9d97d4040f"/>
    </p0826-teimww:occursIn>
    <p0826-teimww:wasContributedBy>
      <p0826-teimww:person knoraType="link_value" linkType="ref" target="ww_6202c1bb6957c9cc"/>
    </p0826-teimww:wasContributedBy>
  </p0826-teimww:passage>
  <p0826-teimww:passage id="ww_7638d49ef83bb781">
    <knoraXmlImport:label>passage</knoraXmlImport:label>
    <p0826-teimww:contains>
      <p0826-teimww:lexia knoraType="link_value" linkType="ref" target="ww_1e8ce323990ff0b0"/>
    </p0826-teimww:contains>
    <p0826-teimww:hasPage knoraType="richtext_value">167-168.</p0826-teimww:hasPage>
    <p0826-teimww:hasText knoraType="richtext_value">&lt;span class="quote"&gt;Who is &lt;i&gt;Silvia?&lt;/i&gt; What is she? &lt;br&gt;
That all our Swains commend her &lt;/span&gt;etc. </p0826-teimww:hasText>
    <p0826-teimww:isMentionedIn>
      <p0826-teimww:passage knoraType="link_value" linkType="ref" target="ww_20c148faf3180c9e"/>
    </p0826-teimww:isMentionedIn>
    <p0826-teimww:occursIn>
      <p0826-teimww:book knoraType="link_value" linkType="ref" target="ww_4248cd9d97d4040f"/>
    </p0826-teimww:occursIn>
    <p0826-teimww:wasContributedBy>
      <p0826-teimww:person knoraType="link_value" linkType="ref" target="ww_6202c1bb6957c9cc"/>
    </p0826-teimww:wasContributedBy>
  </p0826-teimww:passage>
  <p0826-teimww:passage id="ww_1a6b23de6d40b075">
    <knoraXmlImport:label>passage</knoraXmlImport:label>
    <p0826-teimww:contains>
      <p0826-teimww:lexia knoraType="link_value" linkType="ref" target="ww_45d5224e5970ba62"/>
    </p0826-teimww:contains>
    <p0826-teimww:hasPage knoraType="richtext_value">168-169.</p0826-teimww:hasPage>
    <p0826-teimww:hasText knoraType="richtext_value">&lt;span class="quote"&gt;You spotted Snakes with double tongue, &lt;br&gt;
Thorny Hedge-hogs be not seen &lt;/span&gt;etc. </p0826-teimww:hasText>
    <p0826-teimww:isMentionedIn>
      <p0826-teimww:passage knoraType="link_value" linkType="ref" target="ww_81c6ef2d1e9238f4"/>
    </p0826-teimww:isMentionedIn>
    <p0826-teimww:occursIn>
      <p0826-teimww:book knoraType="link_value" linkType="ref" target="ww_4248cd9d97d4040f"/>
    </p0826-teimww:occursIn>
    <p0826-teimww:wasContributedBy>
      <p0826-teimww:person knoraType="link_value" linkType="ref" target="ww_6202c1bb6957c9cc"/>
    </p0826-teimww:wasContributedBy>
  </p0826-teimww:passage>
  <p0826-teimww:passage id="ww_81c6ef2d1e9238f4">
    <knoraXmlImport:label>passage</knoraXmlImport:label>
    <p0826-teimww:occursIn>
      <p0826-teimww:book knoraType="link_value" linkType="ref" target="ww_1140c36ab545b6d8"/>
    </p0826-teimww:occursIn>
  </p0826-teimww:passage>
  <p0826-teimww:passage id="ww_520f7e1f77d072cb">
    <knoraXmlImport:label>passage</knoraXmlImport:label>
    <p0826-teimww:contains>
      <p0826-teimww:lexia knoraType="link_value" linkType="ref" target="ww_49cb456ade169fef"/>
    </p0826-teimww:contains>
    <p0826-teimww:hasPage knoraType="richtext_value">169.</p0826-teimww:hasPage>
    <p0826-teimww:hasText knoraType="richtext_value">&lt;span class="quote"&gt;Tell me, where is Fancy bred, &lt;br&gt;
Or in the &lt;i&gt;heart,&lt;/i&gt; or in the dead? &lt;/span&gt;etc.</p0826-teimww:hasText>
    <p0826-teimww:isMentionedIn>
      <p0826-teimww:passage knoraType="link_value" linkType="ref" target="ww_81c6ef2d1e9238f4"/>
    </p0826-teimww:isMentionedIn>
    <p0826-teimww:occursIn>
      <p0826-teimww:book knoraType="link_value" linkType="ref" target="ww_4248cd9d97d4040f"/>
    </p0826-teimww:occursIn>
    <p0826-teimww:wasContributedBy>
      <p0826-teimww:person knoraType="link_value" linkType="ref" target="ww_6202c1bb6957c9cc"/>
    </p0826-teimww:wasContributedBy>
  </p0826-teimww:passage>
  <p0826-teimww:passage id="ww_b3d09bdc784bd637">
    <knoraXmlImport:label>passage</knoraXmlImport:label>
    <p0826-teimww:contains>
      <p0826-teimww:lexia knoraType="link_value" linkType="ref" target="ww_f4d88f44fa3b6e7e"/>
    </p0826-teimww:contains>
    <p0826-teimww:hasPage knoraType="richtext_value">169.</p0826-teimww:hasPage>
    <p0826-teimww:hasText knoraType="richtext_value">&lt;span class="quote"&gt;You that chuse not by the view, &lt;br&gt;
Chance as fair, and chuse as true; &lt;/span&gt;etc. </p0826-teimww:hasText>
    <p0826-teimww:isMentionedIn>
      <p0826-teimww:passage knoraType="link_value" linkType="ref" target="ww_4ebb2dc2c3d7e892"/>
    </p0826-teimww:isMentionedIn>
    <p0826-teimww:occursIn>
      <p0826-teimww:book knoraType="link_value" linkType="ref" target="ww_4248cd9d97d4040f"/>
    </p0826-teimww:occursIn>
    <p0826-teimww:wasContributedBy>
      <p0826-teimww:person knoraType="link_value" linkType="ref" target="ww_6202c1bb6957c9cc"/>
    </p0826-teimww:wasContributedBy>
  </p0826-teimww:passage>
  <p0826-teimww:passage id="ww_4ebb2dc2c3d7e892">
    <knoraXmlImport:label>passage</knoraXmlImport:label>
    <p0826-teimww:occursIn>
      <p0826-teimww:book knoraType="link_value" linkType="ref" target="ww_1140c36ab545b6d8"/>
    </p0826-teimww:occursIn>
  </p0826-teimww:passage>
  <p0826-teimww:passage id="ww_07e2e34397b2280f">
    <knoraXmlImport:label>passage</knoraXmlImport:label>
    <p0826-teimww:contains>
      <p0826-teimww:lexia knoraType="link_value" linkType="ref" target="ww_4386c4ccf5f7fa0f"/>
    </p0826-teimww:contains>
    <p0826-teimww:hasPage knoraType="richtext_value">169-170.</p0826-teimww:hasPage>
    <p0826-teimww:hasText knoraType="richtext_value">&lt;span class="quote"&gt;Under the Green-wood tree, &lt;br&gt;
Who loves to lie with me, &lt;/span&gt;etc. </p0826-teimww:hasText>
    <p0826-teimww:isMentionedIn>
      <p0826-teimww:passage knoraType="link_value" linkType="ref" target="ww_5b7c97bccf18d9f1"/>
    </p0826-teimww:isMentionedIn>
    <p0826-teimww:occursIn>
      <p0826-teimww:book knoraType="link_value" linkType="ref" target="ww_4248cd9d97d4040f"/>
    </p0826-teimww:occursIn>
    <p0826-teimww:wasContributedBy>
      <p0826-teimww:person knoraType="link_value" linkType="ref" target="ww_6202c1bb6957c9cc"/>
    </p0826-teimww:wasContributedBy>
  </p0826-teimww:passage>
  <p0826-teimww:passage id="ww_5b7c97bccf18d9f1">
    <knoraXmlImport:label>passage</knoraXmlImport:label>
    <p0826-teimww:occursIn>
      <p0826-teimww:book knoraType="link_value" linkType="ref" target="ww_1140c36ab545b6d8"/>
    </p0826-teimww:occursIn>
  </p0826-teimww:passage>
  <p0826-teimww:passage id="ww_d241c8e7f3cd48aa">
    <knoraXmlImport:label>passage</knoraXmlImport:label>
    <p0826-teimww:contains>
      <p0826-teimww:lexia knoraType="link_value" linkType="ref" target="ww_be273a43a12d66f5"/>
    </p0826-teimww:contains>
    <p0826-teimww:hasPage knoraType="richtext_value">170.</p0826-teimww:hasPage>
    <p0826-teimww:hasText knoraType="richtext_value">&lt;span class="quote"&gt;What shall he have that kill'd the Deer &lt;br&gt;
His Leathern skin and Horns to wear; &lt;/span&gt;etc. </p0826-teimww:hasText>
    <p0826-teimww:isMentionedIn>
      <p0826-teimww:passage knoraType="link_value" linkType="ref" target="ww_81c6ef2d1e9238f4"/>
    </p0826-teimww:isMentionedIn>
    <p0826-teimww:occursIn>
      <p0826-teimww:book knoraType="link_value" linkType="ref" target="ww_4248cd9d97d4040f"/>
    </p0826-teimww:occursIn>
    <p0826-teimww:wasContributedBy>
      <p0826-teimww:person knoraType="link_value" linkType="ref" target="ww_6202c1bb6957c9cc"/>
    </p0826-teimww:wasContributedBy>
  </p0826-teimww:passage>
  <p0826-teimww:passage id="ww_b5c81f63bc0551af">
    <knoraXmlImport:label>passage</knoraXmlImport:label>
    <p0826-teimww:contains>
      <p0826-teimww:lexia knoraType="link_value" linkType="ref" target="ww_6f879a8610ab6e78"/>
    </p0826-teimww:contains>
    <p0826-teimww:hasPage knoraType="richtext_value">170.</p0826-teimww:hasPage>
    <p0826-teimww:hasText knoraType="richtext_value">&lt;span class="quote"&gt;Wedding is great &lt;i&gt;Juno's Crown&lt;/i&gt;, &lt;br&gt;
O blessed Bond of Board and Bed; &lt;/span&gt;etc. </p0826-teimww:hasText>
    <p0826-teimww:isMentionedIn>
      <p0826-teimww:passage knoraType="link_value" linkType="ref" target="ww_df427fc2a767a66b"/>
    </p0826-teimww:isMentionedIn>
    <p0826-teimww:occursIn>
      <p0826-teimww:book knoraType="link_value" linkType="ref" target="ww_4248cd9d97d4040f"/>
    </p0826-teimww:occursIn>
    <p0826-teimww:wasContributedBy>
      <p0826-teimww:person knoraType="link_value" linkType="ref" target="ww_6202c1bb6957c9cc"/>
    </p0826-teimww:wasContributedBy>
  </p0826-teimww:passage>
  <p0826-teimww:passage id="ww_df427fc2a767a66b">
    <knoraXmlImport:label>passage</knoraXmlImport:label>
    <p0826-teimww:occursIn>
      <p0826-teimww:book knoraType="link_value" linkType="ref" target="ww_1140c36ab545b6d8"/>
    </p0826-teimww:occursIn>
  </p0826-teimww:passage>
  <p0826-teimww:passage id="ww_a1c3705f6b7de9a5">
    <knoraXmlImport:label>passage</knoraXmlImport:label>
    <p0826-teimww:contains>
      <p0826-teimww:lexia knoraType="link_value" linkType="ref" target="ww_a48131571fb80596"/>
    </p0826-teimww:contains>
    <p0826-teimww:hasPage knoraType="richtext_value">170 [normalized spelling].</p0826-teimww:hasPage>
    <p0826-teimww:hasText knoraType="richtext_value">&lt;span class="quote"&gt;When Daisies pied, and Violets blue, &lt;br&gt;
And Cuckoo-buds of yellow hue, &lt;/span&gt;etc.</p0826-teimww:hasText>
    <p0826-teimww:hasTextHist knoraType="richtext_value">When Daisies py'd, and Violets blue, &lt;br&gt;
And Cuckow-buds of yellow hue, etc.</p0826-teimww:hasTextHist>
    <p0826-teimww:isMentionedIn>
      <p0826-teimww:passage knoraType="link_value" linkType="ref" target="ww_ecc170892841a109"/>
    </p0826-teimww:isMentionedIn>
    <p0826-teimww:occursIn>
      <p0826-teimww:book knoraType="link_value" linkType="ref" target="ww_afbbb2ab73283de3"/>
    </p0826-teimww:occursIn>
    <p0826-teimww:wasContributedBy>
      <p0826-teimww:person knoraType="link_value" linkType="ref" target="ww_6202c1bb6957c9cc"/>
    </p0826-teimww:wasContributedBy>
  </p0826-teimww:passage>
  <p0826-teimww:passage id="ww_ecc170892841a109">
    <knoraXmlImport:label>passage</knoraXmlImport:label>
    <p0826-teimww:occursIn>
      <p0826-teimww:book knoraType="link_value" linkType="ref" target="ww_1140c36ab545b6d8"/>
    </p0826-teimww:occursIn>
  </p0826-teimww:passage>
  <p0826-teimww:passage id="ww_6d90eb18f79efc5f">
    <knoraXmlImport:label>passage</knoraXmlImport:label>
    <p0826-teimww:contains>
      <p0826-teimww:lexia knoraType="link_value" linkType="ref" target="ww_6946be90f7476610"/>
    </p0826-teimww:contains>
    <p0826-teimww:hasPage knoraType="richtext_value">193-194 [normalized spelling].</p0826-teimww:hasPage>
    <p0826-teimww:hasPageHist knoraType="richtext_value">193-194.</p0826-teimww:hasPageHist>
    <p0826-teimww:hasText knoraType="richtext_value">&lt;span class="quote"&gt;When Icicles hang by the wall,&lt;br&gt;
And &lt;i&gt;Dick&lt;/i&gt; the shepherd blows his nail, &lt;/span&gt;etc.</p0826-teimww:hasText>
    <p0826-teimww:hasTextHist knoraType="richtext_value">When Isickles hang by the wall,&lt;br&gt;
And &lt;i&gt;Dick&lt;/i&gt; the shepherd blows his nail, etc.</p0826-teimww:hasTextHist>
    <p0826-teimww:isMentionedIn>
      <p0826-teimww:passage knoraType="link_value" linkType="ref" target="ww_81c6ef2d1e9238f4"/>
    </p0826-teimww:isMentionedIn>
    <p0826-teimww:occursIn>
      <p0826-teimww:book knoraType="link_value" linkType="ref" target="ww_afbbb2ab73283de3"/>
    </p0826-teimww:occursIn>
    <p0826-teimww:wasContributedBy>
      <p0826-teimww:person knoraType="link_value" linkType="ref" target="ww_6202c1bb6957c9cc"/>
    </p0826-teimww:wasContributedBy>
  </p0826-teimww:passage>
  <p0826-teimww:passage id="ww_7fd6839cef8359ea">
    <knoraXmlImport:label>passage</knoraXmlImport:label>
    <p0826-teimww:contains>
      <p0826-teimww:lexia knoraType="link_value" linkType="ref" target="ww_81d0ab5669277cd0"/>
    </p0826-teimww:contains>
    <p0826-teimww:hasPage knoraType="richtext_value">194.</p0826-teimww:hasPage>
    <p0826-teimww:hasText knoraType="richtext_value">&lt;span class="quote"&gt;Take, oh take those Lips away, &lt;br&gt;
That so sweetly were forsworn &lt;/span&gt;etc. </p0826-teimww:hasText>
    <p0826-teimww:isMentionedIn>
      <p0826-teimww:passage knoraType="link_value" linkType="ref" target="ww_81c6ef2d1e9238f4"/>
    </p0826-teimww:isMentionedIn>
    <p0826-teimww:occursIn>
      <p0826-teimww:book knoraType="link_value" linkType="ref" target="ww_afbbb2ab73283de3"/>
    </p0826-teimww:occursIn>
    <p0826-teimww:wasContributedBy>
      <p0826-teimww:person knoraType="link_value" linkType="ref" target="ww_6202c1bb6957c9cc"/>
    </p0826-teimww:wasContributedBy>
  </p0826-teimww:passage>
  <p0826-teimww:passage id="ww_9c5ba93f041d01ba">
    <knoraXmlImport:label>passage</knoraXmlImport:label>
    <p0826-teimww:contains>
      <p0826-teimww:lexia knoraType="link_value" linkType="ref" target="ww_077662e646a9216f"/>
    </p0826-teimww:contains>
    <p0826-teimww:hasPage knoraType="richtext_value">194.</p0826-teimww:hasPage>
    <p0826-teimww:hasText knoraType="richtext_value">&lt;span class="quote"&gt;Sigh no more Ladies, sigh no more, &lt;br&gt;
Men were deceivers ever, &lt;/span&gt;etc.</p0826-teimww:hasText>
    <p0826-teimww:isMentionedIn>
      <p0826-teimww:passage knoraType="link_value" linkType="ref" target="ww_7b9e8891bfe34ccf"/>
    </p0826-teimww:isMentionedIn>
    <p0826-teimww:occursIn>
      <p0826-teimww:book knoraType="link_value" linkType="ref" target="ww_afbbb2ab73283de3"/>
    </p0826-teimww:occursIn>
    <p0826-teimww:wasContributedBy>
      <p0826-teimww:person knoraType="link_value" linkType="ref" target="ww_6202c1bb6957c9cc"/>
    </p0826-teimww:wasContributedBy>
  </p0826-teimww:passage>
  <p0826-teimww:passage id="ww_7b9e8891bfe34ccf">
    <knoraXmlImport:label>passage</knoraXmlImport:label>
    <p0826-teimww:occursIn>
      <p0826-teimww:book knoraType="link_value" linkType="ref" target="ww_1140c36ab545b6d8"/>
    </p0826-teimww:occursIn>
  </p0826-teimww:passage>
  <p0826-teimww:passage id="ww_c0e4f8a1821fdf2f">
    <knoraXmlImport:label>passage</knoraXmlImport:label>
    <p0826-teimww:contains>
      <p0826-teimww:lexia knoraType="link_value" linkType="ref" target="ww_8f35b250b876ee15"/>
    </p0826-teimww:contains>
    <p0826-teimww:hasPage knoraType="richtext_value">194.</p0826-teimww:hasPage>
    <p0826-teimww:hasText knoraType="richtext_value">&lt;span class="quote"&gt;Lawn as white as driven Snow, &lt;br&gt;
Cypress as black as e're was Crow &lt;/span&gt;etc.</p0826-teimww:hasText>
    <p0826-teimww:isMentionedIn>
      <p0826-teimww:passage knoraType="link_value" linkType="ref" target="ww_3d15c7ea6e3f7a9a"/>
    </p0826-teimww:isMentionedIn>
    <p0826-teimww:occursIn>
      <p0826-teimww:book knoraType="link_value" linkType="ref" target="ww_afbbb2ab73283de3"/>
    </p0826-teimww:occursIn>
    <p0826-teimww:wasContributedBy>
      <p0826-teimww:person knoraType="link_value" linkType="ref" target="ww_6202c1bb6957c9cc"/>
    </p0826-teimww:wasContributedBy>
  </p0826-teimww:passage>
  <p0826-teimww:passage id="ww_3d15c7ea6e3f7a9a">
    <knoraXmlImport:label>passage</knoraXmlImport:label>
    <p0826-teimww:occursIn>
      <p0826-teimww:book knoraType="link_value" linkType="ref" target="ww_1140c36ab545b6d8"/>
    </p0826-teimww:occursIn>
  </p0826-teimww:passage>
  <p0826-teimww:passage id="ww_15b97297018ab1f9">
    <knoraXmlImport:label>passage</knoraXmlImport:label>
    <p0826-teimww:contains>
      <p0826-teimww:lexia knoraType="link_value" linkType="ref" target="ww_163a70a06f58d21e"/>
    </p0826-teimww:contains>
    <p0826-teimww:hasPage knoraType="richtext_value">194.</p0826-teimww:hasPage>
    <p0826-teimww:hasText knoraType="richtext_value">&lt;span class="quote"&gt;Fear no more the heat o'th' Sun, &lt;br&gt;
Nor the furious Winter's rages, &lt;/span&gt;etc. </p0826-teimww:hasText>
    <p0826-teimww:isMentionedIn>
      <p0826-teimww:passage knoraType="link_value" linkType="ref" target="ww_6c9b5d7b5559911e"/>
    </p0826-teimww:isMentionedIn>
    <p0826-teimww:occursIn>
      <p0826-teimww:book knoraType="link_value" linkType="ref" target="ww_afbbb2ab73283de3"/>
    </p0826-teimww:occursIn>
    <p0826-teimww:wasContributedBy>
      <p0826-teimww:person knoraType="link_value" linkType="ref" target="ww_6202c1bb6957c9cc"/>
    </p0826-teimww:wasContributedBy>
  </p0826-teimww:passage>
  <p0826-teimww:passage id="ww_6c9b5d7b5559911e">
    <knoraXmlImport:label>passage</knoraXmlImport:label>
    <p0826-teimww:occursIn>
      <p0826-teimww:book knoraType="link_value" linkType="ref" target="ww_1140c36ab545b6d8"/>
    </p0826-teimww:occursIn>
  </p0826-teimww:passage>
  <p0826-teimww:passage id="ww_80677b59863ace01">
    <knoraXmlImport:label>passage</knoraXmlImport:label>
    <p0826-teimww:contains>
      <p0826-teimww:lexia knoraType="link_value" linkType="ref" target="ww_f7c8b5ae81c23bc0"/>
    </p0826-teimww:contains>
    <p0826-teimww:hasPage knoraType="richtext_value">A2 verso-A3 recto.</p0826-teimww:hasPage>
    <p0826-teimww:hasText knoraType="richtext_value">For if the Good and the Evil be equal-balanced, it must needs be indifferent to that man &lt;span class="quote"&gt;either to be or not to be&lt;/span&gt;, there being not the least &lt;i&gt;Grain&lt;/i&gt; of good to determine his Choice: So that he can no more be said to be happy in that Condition, than he could before he was born. And much less, if the Evil exceeds the Good [...]. And when 'tis once come to this (whatever some Mens &lt;i&gt;Metaphysics&lt;/i&gt; may perswade them) I am very well satisfied, that 'tis better &lt;span class="quote"&gt;not to be than to be.&lt;/span&gt;</p0826-teimww:hasText>
    <p0826-teimww:isMentionedIn>
      <p0826-teimww:passage knoraType="link_value" linkType="ref" target="ww_538396a029b0d976"/>
    </p0826-teimww:isMentionedIn>
    <p0826-teimww:occursIn>
      <p0826-teimww:book knoraType="link_value" linkType="ref" target="ww_aac277609a23776a"/>
    </p0826-teimww:occursIn>
    <p0826-teimww:wasContributedBy>
      <p0826-teimww:person knoraType="link_value" linkType="ref" target="ww_72ab59d77214a6f8"/>
    </p0826-teimww:wasContributedBy>
  </p0826-teimww:passage>
  <p0826-teimww:passage id="ww_538396a029b0d976">
    <knoraXmlImport:label>passage</knoraXmlImport:label>
    <p0826-teimww:occursIn>
      <p0826-teimww:book knoraType="link_value" linkType="ref" target="ww_91e0dc4c671938fa"/>
    </p0826-teimww:occursIn>
  </p0826-teimww:passage>
  <p0826-teimww:passage id="ww_6c7a5dc1756f1fd2">
    <knoraXmlImport:label>passage</knoraXmlImport:label>
    <p0826-teimww:contains>
      <p0826-teimww:lexia knoraType="link_value" linkType="ref" target="ww_6115a63c5012f738"/>
    </p0826-teimww:contains>
    <p0826-teimww:hasPage knoraType="richtext_value">129; lines 27-33.</p0826-teimww:hasPage>
    <p0826-teimww:hasText knoraType="richtext_value">Man! our great business and our aim, &lt;br&gt;
For whom we spread our fruitless snares,&lt;br&gt; 
No sooner kindles the designing flame, &lt;br&gt;
But to the next bright object bears &lt;br&gt;
The Trophies of his conquest and our shame:&lt;br&gt; 
Inconstancy's the good supream &lt;br&gt;
&lt;span class="quote"&gt;The rest is airy Notion, &lt;/span&gt;empty Dream! </p0826-teimww:hasText>
    <p0826-teimww:isMentionedIn>
      <p0826-teimww:passage knoraType="link_value" linkType="ref" target="ww_4d9cb7431ad8326c"/>
    </p0826-teimww:isMentionedIn>
    <p0826-teimww:occursIn>
      <p0826-teimww:book knoraType="link_value" linkType="ref" target="ww_a748dfac62273e2a"/>
    </p0826-teimww:occursIn>
    <p0826-teimww:wasContributedBy>
      <p0826-teimww:person knoraType="link_value" linkType="ref" target="ww_c4063e9c72a3ffd2"/>
    </p0826-teimww:wasContributedBy>
  </p0826-teimww:passage>
  <p0826-teimww:passage id="ww_fc55ac4e34e8166e">
    <knoraXmlImport:label>passage</knoraXmlImport:label>
    <p0826-teimww:contains>
      <p0826-teimww:lexia knoraType="link_value" linkType="ref" target="ww_ad4929724fd917e6"/>
    </p0826-teimww:contains>
    <p0826-teimww:hasText knoraType="richtext_value">&lt;span class="annotation"&gt;Vincantio, the Duke of Vienna, announces that he will go away for a diplomatic mission but instead spies on the people disguised as a friar.&lt;/span&gt;</p0826-teimww:hasText>
    <p0826-teimww:isMentionedIn>
      <p0826-teimww:passage knoraType="link_value" linkType="ref" target="ww_c1c650c87ec63ee3"/>
    </p0826-teimww:isMentionedIn>
    <p0826-teimww:occursIn>
      <p0826-teimww:book knoraType="link_value" linkType="ref" target="ww_aff3e1e0ec71023e"/>
    </p0826-teimww:occursIn>
    <p0826-teimww:wasContributedBy>
      <p0826-teimww:person knoraType="link_value" linkType="ref" target="ww_c4063e9c72a3ffd2"/>
    </p0826-teimww:wasContributedBy>
  </p0826-teimww:passage>
  <p0826-teimww:passage id="ww_c1c650c87ec63ee3">
    <knoraXmlImport:label>passage</knoraXmlImport:label>
    <p0826-teimww:occursIn>
      <p0826-teimww:book knoraType="link_value" linkType="ref" target="ww_e9a54aab3c4c1154"/>
    </p0826-teimww:occursIn>
  </p0826-teimww:passage>
  <p0826-teimww:lexia id="ww_52df5ee92ac30718">
    <knoraXmlImport:label>L: Jephthahs daught</knoraXmlImport:label>
    <p0826-teimww:lexiaInternalId knoraType="richtext_value">#000011</p0826-teimww:lexiaInternalId>
    <p0826-teimww:lexiaTitle knoraType="richtext_value">Jephthahs daughter</p0826-teimww:lexiaTitle>
  </p0826-teimww:lexia>
  <p0826-teimww:lexia id="ww_e00df3158d8dd50e">
    <knoraXmlImport:label>L: Jephthah</knoraXmlImport:label>
    <p0826-teimww:lexiaInternalId knoraType="richtext_value">#002255</p0826-teimww:lexiaInternalId>
    <p0826-teimww:lexiaTitle knoraType="richtext_value">Jephthah</p0826-teimww:lexiaTitle>
  </p0826-teimww:lexia>
  <p0826-teimww:lexia id="ww_2f77a0ee65546910">
    <knoraXmlImport:label>L: Cain kills Abel </knoraXmlImport:label>
    <p0826-teimww:lexiaInternalId knoraType="richtext_value">#005172</p0826-teimww:lexiaInternalId>
    <p0826-teimww:lexiaTitle knoraType="richtext_value">Cain kills Abel with a bone</p0826-teimww:lexiaTitle>
  </p0826-teimww:lexia>
  <p0826-teimww:lexia id="ww_8bd6031a777fbaa8">
    <knoraXmlImport:label>L: Cain</knoraXmlImport:label>
    <p0826-teimww:lexiaInternalId knoraType="richtext_value">#002256</p0826-teimww:lexiaInternalId>
    <p0826-teimww:lexiaTitle knoraType="richtext_value">Cain</p0826-teimww:lexiaTitle>
  </p0826-teimww:lexia>
  <p0826-teimww:lexia id="ww_b776d8bb77cab3cd">
    <knoraXmlImport:label>L: Abel</knoraXmlImport:label>
    <p0826-teimww:lexiaInternalId knoraType="richtext_value">#002257</p0826-teimww:lexiaInternalId>
    <p0826-teimww:lexiaTitle knoraType="richtext_value">Abel</p0826-teimww:lexiaTitle>
  </p0826-teimww:lexia>
  <p0826-teimww:lexia id="ww_f7c8b5ae81c23bc0">
    <knoraXmlImport:label>L: to be or not to </knoraXmlImport:label>
    <p0826-teimww:lexiaInternalId knoraType="richtext_value">#000141</p0826-teimww:lexiaInternalId>
    <p0826-teimww:lexiaTitle knoraType="richtext_value">to be or not to be</p0826-teimww:lexiaTitle>
  </p0826-teimww:lexia>
  <p0826-teimww:lexia id="ww_2044a59b8cfd90a6">
    <knoraXmlImport:label>L: minds eye</knoraXmlImport:label>
    <p0826-teimww:lexiaInternalId knoraType="richtext_value">#001088</p0826-teimww:lexiaInternalId>
    <p0826-teimww:lexiaTitle knoraType="richtext_value">minds eye</p0826-teimww:lexiaTitle>
  </p0826-teimww:lexia>
  <p0826-teimww:lexia id="ww_08d402486aa20837">
    <knoraXmlImport:label>L: pickaxe song</knoraXmlImport:label>
    <p0826-teimww:lexiaInternalId knoraType="richtext_value">#000752</p0826-teimww:lexiaInternalId>
    <p0826-teimww:lexiaTitle knoraType="richtext_value">pickaxe song</p0826-teimww:lexiaTitle>
  </p0826-teimww:lexia>
  <p0826-teimww:lexia id="ww_91232264bc9c2958">
    <knoraXmlImport:label>L: good or bad if y</knoraXmlImport:label>
    <p0826-teimww:lexiaInternalId knoraType="richtext_value">#002175</p0826-teimww:lexiaInternalId>
    <p0826-teimww:lexiaTitle knoraType="richtext_value">good or bad if you think so</p0826-teimww:lexiaTitle>
  </p0826-teimww:lexia>
  <p0826-teimww:lexia id="ww_ba4a4883b430099d">
    <knoraXmlImport:label>L: pith and marrow</knoraXmlImport:label>
    <p0826-teimww:lexiaInternalId knoraType="richtext_value">#000339</p0826-teimww:lexiaInternalId>
    <p0826-teimww:lexiaTitle knoraType="richtext_value">pith and marrow</p0826-teimww:lexiaTitle>
  </p0826-teimww:lexia>
  <p0826-teimww:lexia id="ww_f93c78f5a1f203a1">
    <knoraXmlImport:label>L: Answer to the pu</knoraXmlImport:label>
    <p0826-teimww:lexiaInternalId knoraType="richtext_value">#002261</p0826-teimww:lexiaInternalId>
    <p0826-teimww:lexiaTitle knoraType="richtext_value">Answer to the purpose</p0826-teimww:lexiaTitle>
  </p0826-teimww:lexia>
  <p0826-teimww:lexia id="ww_e9843e2347bb3ba2">
    <knoraXmlImport:label>L: Beautified</knoraXmlImport:label>
    <p0826-teimww:lexiaInternalId knoraType="richtext_value">#000184</p0826-teimww:lexiaInternalId>
    <p0826-teimww:lexiaTitle knoraType="richtext_value">Beautified</p0826-teimww:lexiaTitle>
  </p0826-teimww:lexia>
  <p0826-teimww:lexia id="ww_12d86bca5b955513">
    <knoraXmlImport:label>L: that is the ques</knoraXmlImport:label>
    <p0826-teimww:lexiaInternalId knoraType="richtext_value">#000143</p0826-teimww:lexiaInternalId>
    <p0826-teimww:lexiaTitle knoraType="richtext_value">that is the question</p0826-teimww:lexiaTitle>
  </p0826-teimww:lexia>
  <p0826-teimww:lexia id="ww_e84d47fcb840132a">
    <knoraXmlImport:label>L: mind to suffer</knoraXmlImport:label>
    <p0826-teimww:lexiaInternalId knoraType="richtext_value">#002998</p0826-teimww:lexiaInternalId>
    <p0826-teimww:lexiaTitle knoraType="richtext_value">mind to suffer</p0826-teimww:lexiaTitle>
  </p0826-teimww:lexia>
  <p0826-teimww:lexia id="ww_4cd2b10392cd7722">
    <knoraXmlImport:label>L: all that lives m</knoraXmlImport:label>
    <p0826-teimww:lexiaInternalId knoraType="richtext_value">#000221</p0826-teimww:lexiaInternalId>
    <p0826-teimww:lexiaTitle knoraType="richtext_value">all that lives must die</p0826-teimww:lexiaTitle>
  </p0826-teimww:lexia>
  <p0826-teimww:lexia id="ww_074e11827d537f2e">
    <knoraXmlImport:label>L: sleep of death</knoraXmlImport:label>
    <p0826-teimww:lexiaInternalId knoraType="richtext_value">#000122</p0826-teimww:lexiaInternalId>
    <p0826-teimww:lexiaTitle knoraType="richtext_value">sleep of death</p0826-teimww:lexiaTitle>
  </p0826-teimww:lexia>
  <p0826-teimww:lexia id="ww_54b8832532dee745">
    <knoraXmlImport:label>L: monstrous rock</knoraXmlImport:label>
    <p0826-teimww:lexiaInternalId knoraType="richtext_value">#002045</p0826-teimww:lexiaInternalId>
    <p0826-teimww:lexiaTitle knoraType="richtext_value">monstrous rock</p0826-teimww:lexiaTitle>
  </p0826-teimww:lexia>
  <p0826-teimww:lexia id="ww_a310d044de3a362c">
    <knoraXmlImport:label>L: feed fair Calipo</knoraXmlImport:label>
    <p0826-teimww:lexiaInternalId knoraType="richtext_value">#002254</p0826-teimww:lexiaInternalId>
    <p0826-teimww:lexiaTitle knoraType="richtext_value">feed fair Calipolis</p0826-teimww:lexiaTitle>
  </p0826-teimww:lexia>
  <p0826-teimww:lexia id="ww_1a5772a28f937579">
    <knoraXmlImport:label>L: Calipolis</knoraXmlImport:label>
    <p0826-teimww:lexiaInternalId knoraType="richtext_value">#004107</p0826-teimww:lexiaInternalId>
    <p0826-teimww:lexiaTitle knoraType="richtext_value">Calipolis</p0826-teimww:lexiaTitle>
  </p0826-teimww:lexia>
  <p0826-teimww:lexia id="ww_27cf16a50578f4bb">
    <knoraXmlImport:label>L: Nero killing his</knoraXmlImport:label>
    <p0826-teimww:lexiaInternalId knoraType="richtext_value">#000079</p0826-teimww:lexiaInternalId>
    <p0826-teimww:lexiaTitle knoraType="richtext_value">Nero killing his mother</p0826-teimww:lexiaTitle>
  </p0826-teimww:lexia>
  <p0826-teimww:lexia id="ww_756ac24d79e7a5b8">
    <knoraXmlImport:label>L: Nero</knoraXmlImport:label>
    <p0826-teimww:lexiaInternalId knoraType="richtext_value">#002266</p0826-teimww:lexiaInternalId>
    <p0826-teimww:lexiaTitle knoraType="richtext_value">Nero</p0826-teimww:lexiaTitle>
  </p0826-teimww:lexia>
  <p0826-teimww:lexia id="ww_0e0175d2ee212135">
    <knoraXmlImport:label>L: withered plant</knoraXmlImport:label>
    <p0826-teimww:lexiaInternalId knoraType="richtext_value">#001137</p0826-teimww:lexiaInternalId>
    <p0826-teimww:lexiaTitle knoraType="richtext_value">withered plant</p0826-teimww:lexiaTitle>
  </p0826-teimww:lexia>
  <p0826-teimww:lexia id="ww_d585e9c0999279c8">
    <knoraXmlImport:label>L: sun as success</knoraXmlImport:label>
    <p0826-teimww:lexiaInternalId knoraType="richtext_value">#001138</p0826-teimww:lexiaInternalId>
    <p0826-teimww:lexiaTitle knoraType="richtext_value">sun as success</p0826-teimww:lexiaTitle>
  </p0826-teimww:lexia>
  <p0826-teimww:lexia id="ww_a5c400d2c7a0df60">
    <knoraXmlImport:label>L: lamb + wolf</knoraXmlImport:label>
    <p0826-teimww:lexiaInternalId knoraType="richtext_value">#001139</p0826-teimww:lexiaInternalId>
    <p0826-teimww:lexiaTitle knoraType="richtext_value">lamb + wolf</p0826-teimww:lexiaTitle>
  </p0826-teimww:lexia>
  <p0826-teimww:lexia id="ww_a64516c7bc868265">
    <knoraXmlImport:label>L: cruel savage tig</knoraXmlImport:label>
    <p0826-teimww:lexiaInternalId knoraType="richtext_value">#001140</p0826-teimww:lexiaInternalId>
    <p0826-teimww:lexiaTitle knoraType="richtext_value">cruel savage tiger</p0826-teimww:lexiaTitle>
  </p0826-teimww:lexia>
  <p0826-teimww:lexia id="ww_3fcc53d02fd2fc46">
    <knoraXmlImport:label>L: profession</knoraXmlImport:label>
    <p0826-teimww:lexiaInternalId knoraType="richtext_value">#001063</p0826-teimww:lexiaInternalId>
    <p0826-teimww:lexiaTitle knoraType="richtext_value">profession</p0826-teimww:lexiaTitle>
  </p0826-teimww:lexia>
  <p0826-teimww:lexia id="ww_47a86bc9685b638d">
    <knoraXmlImport:label>L: I joy thy sight</knoraXmlImport:label>
    <p0826-teimww:lexiaInternalId knoraType="richtext_value">#002078</p0826-teimww:lexiaInternalId>
    <p0826-teimww:lexiaTitle knoraType="richtext_value">I joy thy sight</p0826-teimww:lexiaTitle>
  </p0826-teimww:lexia>
  <p0826-teimww:lexia id="ww_af2828fee05f9242">
    <knoraXmlImport:label>L: the fruit of you</knoraXmlImport:label>
    <p0826-teimww:lexiaInternalId knoraType="richtext_value">#002079</p0826-teimww:lexiaInternalId>
    <p0826-teimww:lexiaTitle knoraType="richtext_value">the fruit of your reconcilement</p0826-teimww:lexiaTitle>
  </p0826-teimww:lexia>
  <p0826-teimww:lexia id="ww_6f3ce12c253bc6b2">
    <knoraXmlImport:label>L: drowsiness</knoraXmlImport:label>
    <p0826-teimww:lexiaInternalId knoraType="richtext_value">#002080</p0826-teimww:lexiaInternalId>
    <p0826-teimww:lexiaTitle knoraType="richtext_value">drowsiness</p0826-teimww:lexiaTitle>
  </p0826-teimww:lexia>
  <p0826-teimww:lexia id="ww_2d3e4aac9feefcac">
    <knoraXmlImport:label>L: Tisiphone</knoraXmlImport:label>
    <p0826-teimww:lexiaInternalId knoraType="richtext_value">#002081</p0826-teimww:lexiaInternalId>
    <p0826-teimww:lexiaTitle knoraType="richtext_value">Tisiphone</p0826-teimww:lexiaTitle>
  </p0826-teimww:lexia>
  <p0826-teimww:lexia id="ww_b7d3d19e34230ac3">
    <knoraXmlImport:label>L: wrath and flames</knoraXmlImport:label>
    <p0826-teimww:lexiaInternalId knoraType="richtext_value">#002162</p0826-teimww:lexiaInternalId>
    <p0826-teimww:lexiaTitle knoraType="richtext_value">wrath and flames</p0826-teimww:lexiaTitle>
  </p0826-teimww:lexia>
  <p0826-teimww:lexia id="ww_8e42b2b4911930ed">
    <knoraXmlImport:label>L: cedar, kingly ea</knoraXmlImport:label>
    <p0826-teimww:lexiaInternalId knoraType="richtext_value">#000104</p0826-teimww:lexiaInternalId>
    <p0826-teimww:lexiaTitle knoraType="richtext_value">cedar, kingly eagle</p0826-teimww:lexiaTitle>
  </p0826-teimww:lexia>
  <p0826-teimww:lexia id="ww_587afa1fca11ffee">
    <knoraXmlImport:label>L: tread on heads</knoraXmlImport:label>
    <p0826-teimww:lexiaInternalId knoraType="richtext_value">#002070</p0826-teimww:lexiaInternalId>
    <p0826-teimww:lexiaTitle knoraType="richtext_value">tread on heads</p0826-teimww:lexiaTitle>
  </p0826-teimww:lexia>
  <p0826-teimww:lexia id="ww_d0f34e5dea16b07f">
    <knoraXmlImport:label>L: Forslow</knoraXmlImport:label>
    <p0826-teimww:lexiaInternalId knoraType="richtext_value">#002073</p0826-teimww:lexiaInternalId>
    <p0826-teimww:lexiaTitle knoraType="richtext_value">Forslow</p0826-teimww:lexiaTitle>
  </p0826-teimww:lexia>
  <p0826-teimww:lexia id="ww_ba2120c008c8dcd3">
    <knoraXmlImport:label>L: protect like chi</knoraXmlImport:label>
    <p0826-teimww:lexiaInternalId knoraType="richtext_value">#000105</p0826-teimww:lexiaInternalId>
    <p0826-teimww:lexiaTitle knoraType="richtext_value">protect like child, school boy</p0826-teimww:lexiaTitle>
  </p0826-teimww:lexia>
  <p0826-teimww:lexia id="ww_4bc86bf6c6943f33">
    <knoraXmlImport:label>L: Never again</knoraXmlImport:label>
    <p0826-teimww:lexiaInternalId knoraType="richtext_value">#002075</p0826-teimww:lexiaInternalId>
    <p0826-teimww:lexiaTitle knoraType="richtext_value">Never again</p0826-teimww:lexiaTitle>
  </p0826-teimww:lexia>
  <p0826-teimww:lexia id="ww_b0f51483dbe687e1">
    <knoraXmlImport:label>L: aspiring Lancast</knoraXmlImport:label>
    <p0826-teimww:lexiaInternalId knoraType="richtext_value">#002076</p0826-teimww:lexiaInternalId>
    <p0826-teimww:lexiaTitle knoraType="richtext_value">aspiring Lancaster</p0826-teimww:lexiaTitle>
  </p0826-teimww:lexia>
  <p0826-teimww:lexia id="ww_6211dd4ea43c0dbd">
    <knoraXmlImport:label>L: at your book so </knoraXmlImport:label>
    <p0826-teimww:lexiaInternalId knoraType="richtext_value">#001001</p0826-teimww:lexiaInternalId>
    <p0826-teimww:lexiaTitle knoraType="richtext_value">at your book so hard</p0826-teimww:lexiaTitle>
  </p0826-teimww:lexia>
  <p0826-teimww:lexia id="ww_1804cc66ed7c5321">
    <knoraXmlImport:label>L: fox + body follo</knoraXmlImport:label>
    <p0826-teimww:lexiaInternalId knoraType="richtext_value">#001056</p0826-teimww:lexiaInternalId>
    <p0826-teimww:lexiaTitle knoraType="richtext_value">fox + body follows</p0826-teimww:lexiaTitle>
  </p0826-teimww:lexia>
  <p0826-teimww:lexia id="ww_46fda733e93cf193">
    <knoraXmlImport:label>L: virtue as armour</knoraXmlImport:label>
    <p0826-teimww:lexiaInternalId knoraType="richtext_value">#000046</p0826-teimww:lexiaInternalId>
    <p0826-teimww:lexiaTitle knoraType="richtext_value">virtue as armour</p0826-teimww:lexiaTitle>
  </p0826-teimww:lexia>
  <p0826-teimww:lexia id="ww_eb9e38efbb84ce8f">
    <knoraXmlImport:label>L: quarrel just</knoraXmlImport:label>
    <p0826-teimww:lexiaInternalId knoraType="richtext_value">#002275</p0826-teimww:lexiaInternalId>
    <p0826-teimww:lexiaTitle knoraType="richtext_value">quarrel just</p0826-teimww:lexiaTitle>
  </p0826-teimww:lexia>
  <p0826-teimww:lexia id="ww_ee7c878d2b9c0f12">
    <knoraXmlImport:label>L: As greats as Cae</knoraXmlImport:label>
    <p0826-teimww:lexiaInternalId knoraType="richtext_value">#002060</p0826-teimww:lexiaInternalId>
    <p0826-teimww:lexiaTitle knoraType="richtext_value">As greats as Caesar parading streets</p0826-teimww:lexiaTitle>
  </p0826-teimww:lexia>
  <p0826-teimww:lexia id="ww_2aa52324a039407b">
    <knoraXmlImport:label>L: Julius Caesar</knoraXmlImport:label>
    <p0826-teimww:lexiaInternalId knoraType="richtext_value">#000125</p0826-teimww:lexiaInternalId>
    <p0826-teimww:lexiaTitle knoraType="richtext_value">Julius Caesar</p0826-teimww:lexiaTitle>
  </p0826-teimww:lexia>
  <p0826-teimww:lexia id="ww_dfeaae638613c10f">
    <knoraXmlImport:label>L: It is but tempor</knoraXmlImport:label>
    <p0826-teimww:lexiaInternalId knoraType="richtext_value">#002061</p0826-teimww:lexiaInternalId>
    <p0826-teimww:lexiaTitle knoraType="richtext_value">It is but temporal that you inflict</p0826-teimww:lexiaTitle>
  </p0826-teimww:lexia>
  <p0826-teimww:lexia id="ww_b28339383bf68034">
    <knoraXmlImport:label>L: comfort binds me</knoraXmlImport:label>
    <p0826-teimww:lexiaInternalId knoraType="richtext_value">#002062</p0826-teimww:lexiaInternalId>
    <p0826-teimww:lexiaTitle knoraType="richtext_value">comfort binds me to will</p0826-teimww:lexiaTitle>
  </p0826-teimww:lexia>
  <p0826-teimww:lexia id="ww_3466ddc151f46687">
    <knoraXmlImport:label>L: hence feigned we</knoraXmlImport:label>
    <p0826-teimww:lexiaInternalId knoraType="richtext_value">#002063</p0826-teimww:lexiaInternalId>
    <p0826-teimww:lexiaTitle knoraType="richtext_value">hence feigned weeds unfeigned woes</p0826-teimww:lexiaTitle>
  </p0826-teimww:lexia>
  <p0826-teimww:lexia id="ww_90fbfa470c2747b5">
    <knoraXmlImport:label>L: if words serve, </knoraXmlImport:label>
    <p0826-teimww:lexiaInternalId knoraType="richtext_value">#002065</p0826-teimww:lexiaInternalId>
    <p0826-teimww:lexiaTitle knoraType="richtext_value">if words serve, if not weapons</p0826-teimww:lexiaTitle>
  </p0826-teimww:lexia>
  <p0826-teimww:lexia id="ww_1ea4376370cb9240">
    <knoraXmlImport:label>L: long thou shalt </knoraXmlImport:label>
    <p0826-teimww:lexiaInternalId knoraType="richtext_value">#002066</p0826-teimww:lexiaInternalId>
    <p0826-teimww:lexiaTitle knoraType="richtext_value">long thou shalt not stay</p0826-teimww:lexiaTitle>
  </p0826-teimww:lexia>
  <p0826-teimww:lexia id="ww_0bf8b76ba658ea03">
    <knoraXmlImport:label>L: jets, sweeps in </knoraXmlImport:label>
    <p0826-teimww:lexiaInternalId knoraType="richtext_value">#002068</p0826-teimww:lexiaInternalId>
    <p0826-teimww:lexiaTitle knoraType="richtext_value">jets, sweeps in court</p0826-teimww:lexiaTitle>
  </p0826-teimww:lexia>
  <p0826-teimww:lexia id="ww_a3bd87f713987623">
    <knoraXmlImport:label>L: narrow seas</knoraXmlImport:label>
    <p0826-teimww:lexiaInternalId knoraType="richtext_value">#002072</p0826-teimww:lexiaInternalId>
    <p0826-teimww:lexiaTitle knoraType="richtext_value">narrow seas</p0826-teimww:lexiaTitle>
  </p0826-teimww:lexia>
  <p0826-teimww:lexia id="ww_000bccbe616cf447">
    <knoraXmlImport:label>L: Corpse</knoraXmlImport:label>
    <p0826-teimww:lexiaInternalId knoraType="richtext_value">#004092</p0826-teimww:lexiaInternalId>
    <p0826-teimww:lexiaTitle knoraType="richtext_value">Corpse</p0826-teimww:lexiaTitle>
  </p0826-teimww:lexia>
  <p0826-teimww:lexia id="ww_e8c42386dd33a6e9">
    <knoraXmlImport:label>L: Pillow</knoraXmlImport:label>
    <p0826-teimww:lexiaInternalId knoraType="richtext_value">#004093</p0826-teimww:lexiaInternalId>
    <p0826-teimww:lexiaTitle knoraType="richtext_value">Pillow</p0826-teimww:lexiaTitle>
  </p0826-teimww:lexia>
  <p0826-teimww:lexia id="ww_3359efb9fbd779ce">
    <knoraXmlImport:label>L: Unhappy wife</knoraXmlImport:label>
    <p0826-teimww:lexiaInternalId knoraType="richtext_value">#004094</p0826-teimww:lexiaInternalId>
    <p0826-teimww:lexiaTitle knoraType="richtext_value">Unhappy wife</p0826-teimww:lexiaTitle>
  </p0826-teimww:lexia>
  <p0826-teimww:lexia id="ww_b5a985124bc8f9fa">
    <knoraXmlImport:label>L: Violence</knoraXmlImport:label>
    <p0826-teimww:lexiaInternalId knoraType="richtext_value">#004095</p0826-teimww:lexiaInternalId>
    <p0826-teimww:lexiaTitle knoraType="richtext_value">Violence</p0826-teimww:lexiaTitle>
  </p0826-teimww:lexia>
  <p0826-teimww:lexia id="ww_7cb1a8cf8146aee0">
    <knoraXmlImport:label>L: inappropriate la</knoraXmlImport:label>
    <p0826-teimww:lexiaInternalId knoraType="richtext_value">#005047</p0826-teimww:lexiaInternalId>
    <p0826-teimww:lexiaTitle knoraType="richtext_value">inappropriate laughter</p0826-teimww:lexiaTitle>
  </p0826-teimww:lexia>
  <p0826-teimww:lexia id="ww_2036ccff7e1bf8e7">
    <knoraXmlImport:label>L: receive heart to</knoraXmlImport:label>
    <p0826-teimww:lexiaInternalId knoraType="richtext_value">#002083</p0826-teimww:lexiaInternalId>
    <p0826-teimww:lexiaTitle knoraType="richtext_value">receive heart to equal a gift</p0826-teimww:lexiaTitle>
  </p0826-teimww:lexia>
  <p0826-teimww:lexia id="ww_c6c52fba9473f957">
    <knoraXmlImport:label>L: dogs faster than</knoraXmlImport:label>
    <p0826-teimww:lexiaInternalId knoraType="richtext_value">#001141</p0826-teimww:lexiaInternalId>
    <p0826-teimww:lexiaTitle knoraType="richtext_value">dogs faster than roe or tiger</p0826-teimww:lexiaTitle>
  </p0826-teimww:lexia>
  <p0826-teimww:lexia id="ww_a511e2e0e5f214bf">
    <knoraXmlImport:label>L: eyes like heaven</knoraXmlImport:label>
    <p0826-teimww:lexiaInternalId knoraType="richtext_value">#001142</p0826-teimww:lexiaInternalId>
    <p0826-teimww:lexiaTitle knoraType="richtext_value">eyes like heaven</p0826-teimww:lexiaTitle>
  </p0826-teimww:lexia>
  <p0826-teimww:lexia id="ww_6dcde8d38de6a67f">
    <knoraXmlImport:label>L: taming a woman l</knoraXmlImport:label>
    <p0826-teimww:lexiaInternalId knoraType="richtext_value">#000083</p0826-teimww:lexiaInternalId>
    <p0826-teimww:lexiaTitle knoraType="richtext_value">taming a woman like a bird of prey</p0826-teimww:lexiaTitle>
  </p0826-teimww:lexia>
  <p0826-teimww:lexia id="ww_24f1d8744350f896">
    <knoraXmlImport:label>L: morning washed w</knoraXmlImport:label>
    <p0826-teimww:lexiaInternalId knoraType="richtext_value">#001144</p0826-teimww:lexiaInternalId>
    <p0826-teimww:lexiaTitle knoraType="richtext_value">morning washed with dew</p0826-teimww:lexiaTitle>
  </p0826-teimww:lexia>
  <p0826-teimww:lexia id="ww_7709bdf8bd950e68">
    <knoraXmlImport:label>L: if favour forget</knoraXmlImport:label>
    <p0826-teimww:lexiaInternalId knoraType="richtext_value">#000107</p0826-teimww:lexiaInternalId>
    <p0826-teimww:lexiaTitle knoraType="richtext_value">if favour forgets let live abandoned and forlorn</p0826-teimww:lexiaTitle>
  </p0826-teimww:lexia>
  <p0826-teimww:lexia id="ww_5899dcf6fa9fb161">
    <knoraXmlImport:label>L: your face should</knoraXmlImport:label>
    <p0826-teimww:lexiaInternalId knoraType="richtext_value">#002114</p0826-teimww:lexiaInternalId>
    <p0826-teimww:lexiaTitle knoraType="richtext_value">your face should harbour no deceit</p0826-teimww:lexiaTitle>
  </p0826-teimww:lexia>
  <p0826-teimww:lexia id="ww_da8b78d19c44cbdb">
    <knoraXmlImport:label>L: one so false mee</knoraXmlImport:label>
    <p0826-teimww:lexiaInternalId knoraType="richtext_value">#002116</p0826-teimww:lexiaInternalId>
    <p0826-teimww:lexiaTitle knoraType="richtext_value">one so false meets the king</p0826-teimww:lexiaTitle>
  </p0826-teimww:lexia>
  <p0826-teimww:lexia id="ww_b5e4c266c87648ff">
    <knoraXmlImport:label>L: rotten flower</knoraXmlImport:label>
    <p0826-teimww:lexiaInternalId knoraType="richtext_value">#000791</p0826-teimww:lexiaInternalId>
    <p0826-teimww:lexiaTitle knoraType="richtext_value">rotten flower</p0826-teimww:lexiaTitle>
  </p0826-teimww:lexia>
  <p0826-teimww:lexia id="ww_276f15ce4bd497bc">
    <knoraXmlImport:label>L: Love is a spirit</knoraXmlImport:label>
    <p0826-teimww:lexiaInternalId knoraType="richtext_value">#000109</p0826-teimww:lexiaInternalId>
    <p0826-teimww:lexiaTitle knoraType="richtext_value">Love is a spirit all compact of fire</p0826-teimww:lexiaTitle>
  </p0826-teimww:lexia>
  <p0826-teimww:lexia id="ww_f5710abe1f004c64">
    <knoraXmlImport:label>L: moist hand indic</knoraXmlImport:label>
    <p0826-teimww:lexiaInternalId knoraType="richtext_value">#000088</p0826-teimww:lexiaInternalId>
    <p0826-teimww:lexiaTitle knoraType="richtext_value">moist hand indicating arousal</p0826-teimww:lexiaTitle>
  </p0826-teimww:lexia>
  <p0826-teimww:lexia id="ww_54ff70e9eb5fa120">
    <knoraXmlImport:label>L: master-servant m</knoraXmlImport:label>
    <p0826-teimww:lexiaInternalId knoraType="richtext_value">#001004</p0826-teimww:lexiaInternalId>
    <p0826-teimww:lexiaTitle knoraType="richtext_value">master-servant misunderstanding</p0826-teimww:lexiaTitle>
  </p0826-teimww:lexia>
  <p0826-teimww:lexia id="ww_9d2c957529a1ba7c">
    <knoraXmlImport:label>L: plots I have lai</knoraXmlImport:label>
    <p0826-teimww:lexiaInternalId knoraType="richtext_value">#000042</p0826-teimww:lexiaInternalId>
    <p0826-teimww:lexiaTitle knoraType="richtext_value">plots I have laid</p0826-teimww:lexiaTitle>
  </p0826-teimww:lexia>
  <p0826-teimww:lexia id="ww_78dd56e56c96abad">
    <knoraXmlImport:label>L: bed on stage</knoraXmlImport:label>
    <p0826-teimww:lexiaInternalId knoraType="richtext_value">#002277</p0826-teimww:lexiaInternalId>
    <p0826-teimww:lexiaTitle knoraType="richtext_value">bed on stage</p0826-teimww:lexiaTitle>
  </p0826-teimww:lexia>
  <p0826-teimww:lexia id="ww_88a35a9fad48b73f">
    <knoraXmlImport:label>L: God revenger</knoraXmlImport:label>
    <p0826-teimww:lexiaInternalId knoraType="richtext_value">#001005</p0826-teimww:lexiaInternalId>
    <p0826-teimww:lexiaTitle knoraType="richtext_value">God revenger</p0826-teimww:lexiaTitle>
  </p0826-teimww:lexia>
  <p0826-teimww:lexia id="ww_98d717a82cc65490">
    <knoraXmlImport:label>L: obdurate flint</knoraXmlImport:label>
    <p0826-teimww:lexiaInternalId knoraType="richtext_value">#000044</p0826-teimww:lexiaInternalId>
    <p0826-teimww:lexiaTitle knoraType="richtext_value">obdurate flint</p0826-teimww:lexiaTitle>
  </p0826-teimww:lexia>
  <p0826-teimww:lexia id="ww_98365bbd962b9dbf">
    <knoraXmlImport:label>L: deer hunting</knoraXmlImport:label>
    <p0826-teimww:lexiaInternalId knoraType="richtext_value">#002124</p0826-teimww:lexiaInternalId>
    <p0826-teimww:lexiaTitle knoraType="richtext_value">deer hunting</p0826-teimww:lexiaTitle>
  </p0826-teimww:lexia>
  <p0826-teimww:lexia id="ww_3fbca3317f48ff4e">
    <knoraXmlImport:label>L: daring an opposi</knoraXmlImport:label>
    <p0826-teimww:lexiaInternalId knoraType="richtext_value">#000018</p0826-teimww:lexiaInternalId>
    <p0826-teimww:lexiaTitle knoraType="richtext_value">daring an opposite</p0826-teimww:lexiaTitle>
  </p0826-teimww:lexia>
  <p0826-teimww:lexia id="ww_0583fe7f71b88878">
    <knoraXmlImport:label>L: war to lute</knoraXmlImport:label>
    <p0826-teimww:lexiaInternalId knoraType="richtext_value">#002036</p0826-teimww:lexiaInternalId>
    <p0826-teimww:lexiaTitle knoraType="richtext_value">war to lute</p0826-teimww:lexiaTitle>
  </p0826-teimww:lexia>
  <p0826-teimww:lexia id="ww_a46930755f73f0d2">
    <knoraXmlImport:label>L: fire dragons spl</knoraXmlImport:label>
    <p0826-teimww:lexiaInternalId knoraType="richtext_value">#001075</p0826-teimww:lexiaInternalId>
    <p0826-teimww:lexiaTitle knoraType="richtext_value">fire dragons spleen</p0826-teimww:lexiaTitle>
  </p0826-teimww:lexia>
  <p0826-teimww:lexia id="ww_e23847bc99f2dfbd">
    <knoraXmlImport:label>L: put life in dang</knoraXmlImport:label>
    <p0826-teimww:lexiaInternalId knoraType="richtext_value">#001076</p0826-teimww:lexiaInternalId>
    <p0826-teimww:lexiaTitle knoraType="richtext_value">put life in danger</p0826-teimww:lexiaTitle>
  </p0826-teimww:lexia>
  <p0826-teimww:lexia id="ww_a8170e902ed54b05">
    <knoraXmlImport:label>L: my councils cons</knoraXmlImport:label>
    <p0826-teimww:lexiaInternalId knoraType="richtext_value">#001077</p0826-teimww:lexiaInternalId>
    <p0826-teimww:lexiaTitle knoraType="richtext_value">my councils consistory</p0826-teimww:lexiaTitle>
  </p0826-teimww:lexia>
  <p0826-teimww:lexia id="ww_04501940a465406a">
    <knoraXmlImport:label>L: brain of a cat</knoraXmlImport:label>
    <p0826-teimww:lexiaInternalId knoraType="richtext_value">#001000</p0826-teimww:lexiaInternalId>
    <p0826-teimww:lexiaTitle knoraType="richtext_value">brain of a cat</p0826-teimww:lexiaTitle>
  </p0826-teimww:lexia>
  <p0826-teimww:lexia id="ww_497318d35f951449">
    <knoraXmlImport:label>L: Earth gapes</knoraXmlImport:label>
    <p0826-teimww:lexiaInternalId knoraType="richtext_value">#002056</p0826-teimww:lexiaInternalId>
    <p0826-teimww:lexiaTitle knoraType="richtext_value">Earth gapes</p0826-teimww:lexiaTitle>
  </p0826-teimww:lexia>
  <p0826-teimww:lexia id="ww_83fb640e17e84e59">
    <knoraXmlImport:label>L: heart up, knee l</knoraXmlImport:label>
    <p0826-teimww:lexiaInternalId knoraType="richtext_value">#001006</p0826-teimww:lexiaInternalId>
    <p0826-teimww:lexiaTitle knoraType="richtext_value">heart up, knee low</p0826-teimww:lexiaTitle>
  </p0826-teimww:lexia>
  <p0826-teimww:lexia id="ww_dd4c3536a39d3416">
    <knoraXmlImport:label>L: lack of words</knoraXmlImport:label>
    <p0826-teimww:lexiaInternalId knoraType="richtext_value">#001057</p0826-teimww:lexiaInternalId>
    <p0826-teimww:lexiaTitle knoraType="richtext_value">lack of words</p0826-teimww:lexiaTitle>
  </p0826-teimww:lexia>
  <p0826-teimww:lexia id="ww_180182cbd6364575">
    <knoraXmlImport:label>L: Accompliments</knoraXmlImport:label>
    <p0826-teimww:lexiaInternalId knoraType="richtext_value">#001062</p0826-teimww:lexiaInternalId>
    <p0826-teimww:lexiaTitle knoraType="richtext_value">Accompliments</p0826-teimww:lexiaTitle>
  </p0826-teimww:lexia>
  <p0826-teimww:lexia id="ww_3b27eb03da4628d2">
    <knoraXmlImport:label>L: in single opposi</knoraXmlImport:label>
    <p0826-teimww:lexiaInternalId knoraType="richtext_value">#001161</p0826-teimww:lexiaInternalId>
    <p0826-teimww:lexiaTitle knoraType="richtext_value">in single opposition</p0826-teimww:lexiaTitle>
  </p0826-teimww:lexia>
  <p0826-teimww:lexia id="ww_441d448df02e5770">
    <knoraXmlImport:label>L: understand, stan</knoraXmlImport:label>
    <p0826-teimww:lexiaInternalId knoraType="richtext_value">#000361</p0826-teimww:lexiaInternalId>
    <p0826-teimww:lexiaTitle knoraType="richtext_value">understand, stand over</p0826-teimww:lexiaTitle>
  </p0826-teimww:lexia>
  <p0826-teimww:lexia id="ww_8ccf9f6fd4160528">
    <knoraXmlImport:label>L: love will creep </knoraXmlImport:label>
    <p0826-teimww:lexiaInternalId knoraType="richtext_value">#000100</p0826-teimww:lexiaInternalId>
    <p0826-teimww:lexiaTitle knoraType="richtext_value">love will creep where it cannot go</p0826-teimww:lexiaTitle>
  </p0826-teimww:lexia>
  <p0826-teimww:lexia id="ww_6d4987f87ff10d9d">
    <knoraXmlImport:label>L: daisy passage</knoraXmlImport:label>
    <p0826-teimww:lexiaInternalId knoraType="richtext_value">#005066</p0826-teimww:lexiaInternalId>
    <p0826-teimww:lexiaTitle knoraType="richtext_value">daisy passage</p0826-teimww:lexiaTitle>
  </p0826-teimww:lexia>
  <p0826-teimww:lexia id="ww_93e36fa65d9702a2">
    <knoraXmlImport:label>L: roar again</knoraXmlImport:label>
    <p0826-teimww:lexiaInternalId knoraType="richtext_value">#000795</p0826-teimww:lexiaInternalId>
    <p0826-teimww:lexiaTitle knoraType="richtext_value">roar again</p0826-teimww:lexiaTitle>
  </p0826-teimww:lexia>
  <p0826-teimww:lexia id="ww_bc8b6c5ba7d7bbdc">
    <knoraXmlImport:label>L: lie backwards (i</knoraXmlImport:label>
    <p0826-teimww:lexiaInternalId knoraType="richtext_value">#000029</p0826-teimww:lexiaInternalId>
    <p0826-teimww:lexiaTitle knoraType="richtext_value">lie backwards (innuendo)</p0826-teimww:lexiaTitle>
  </p0826-teimww:lexia>
  <p0826-teimww:lexia id="ww_f54757d1820d9a60">
    <knoraXmlImport:label>L: you are the worl</knoraXmlImport:label>
    <p0826-teimww:lexiaInternalId knoraType="richtext_value">#000049</p0826-teimww:lexiaInternalId>
    <p0826-teimww:lexiaTitle knoraType="richtext_value">you are the world</p0826-teimww:lexiaTitle>
  </p0826-teimww:lexia>
  <p0826-teimww:lexia id="ww_dee8e295e7fce59b">
    <knoraXmlImport:label>L: unwilling school</knoraXmlImport:label>
    <p0826-teimww:lexiaInternalId knoraType="richtext_value">#005053</p0826-teimww:lexiaInternalId>
    <p0826-teimww:lexiaTitle knoraType="richtext_value">unwilling schoolboy</p0826-teimww:lexiaTitle>
  </p0826-teimww:lexia>
  <p0826-teimww:lexia id="ww_7b1979e121bf03b5">
    <knoraXmlImport:label>L: rose distilled s</knoraXmlImport:label>
    <p0826-teimww:lexiaInternalId knoraType="richtext_value">#002033</p0826-teimww:lexiaInternalId>
    <p0826-teimww:lexiaTitle knoraType="richtext_value">rose distilled sullen</p0826-teimww:lexiaTitle>
  </p0826-teimww:lexia>
  <p0826-teimww:lexia id="ww_85ce7c273cdcf7ab">
    <knoraXmlImport:label>L: A hall! Give roo</knoraXmlImport:label>
    <p0826-teimww:lexiaInternalId knoraType="richtext_value">#000069</p0826-teimww:lexiaInternalId>
    <p0826-teimww:lexiaTitle knoraType="richtext_value">A hall! Give room</p0826-teimww:lexiaTitle>
  </p0826-teimww:lexia>
  <p0826-teimww:lexia id="ww_0f8cd9381786c8e3">
    <knoraXmlImport:label>L: heaven-hell and </knoraXmlImport:label>
    <p0826-teimww:lexiaInternalId knoraType="richtext_value">#001007</p0826-teimww:lexiaInternalId>
    <p0826-teimww:lexiaTitle knoraType="richtext_value">heaven-hell and beauty-grace dwell</p0826-teimww:lexiaTitle>
  </p0826-teimww:lexia>
  <p0826-teimww:lexia id="ww_1ca0304ea93350bc">
    <knoraXmlImport:label>L: he stirreth not</knoraXmlImport:label>
    <p0826-teimww:lexiaInternalId knoraType="richtext_value">#000061</p0826-teimww:lexiaInternalId>
    <p0826-teimww:lexiaTitle knoraType="richtext_value">he stirreth not</p0826-teimww:lexiaTitle>
  </p0826-teimww:lexia>
  <p0826-teimww:lexia id="ww_9fd7beafe2f35dd8">
    <knoraXmlImport:label>L: meet on the alps</knoraXmlImport:label>
    <p0826-teimww:lexiaInternalId knoraType="richtext_value">#000027</p0826-teimww:lexiaInternalId>
    <p0826-teimww:lexiaTitle knoraType="richtext_value">meet on the alps</p0826-teimww:lexiaTitle>
  </p0826-teimww:lexia>
  <p0826-teimww:lexia id="ww_9aca8a3a7883de3d">
    <knoraXmlImport:label>L: pelican</knoraXmlImport:label>
    <p0826-teimww:lexiaInternalId knoraType="richtext_value">#001136</p0826-teimww:lexiaInternalId>
    <p0826-teimww:lexiaTitle knoraType="richtext_value">pelican</p0826-teimww:lexiaTitle>
  </p0826-teimww:lexia>
  <p0826-teimww:lexia id="ww_24e630226419ffcd">
    <knoraXmlImport:label>L: Damnation</knoraXmlImport:label>
    <p0826-teimww:lexiaInternalId knoraType="richtext_value">#000065</p0826-teimww:lexiaInternalId>
    <p0826-teimww:lexiaTitle knoraType="richtext_value">Damnation</p0826-teimww:lexiaTitle>
  </p0826-teimww:lexia>
  <p0826-teimww:lexia id="ww_072dd346991826d1">
    <knoraXmlImport:label>L: curtain night</knoraXmlImport:label>
    <p0826-teimww:lexiaInternalId knoraType="richtext_value">#000419</p0826-teimww:lexiaInternalId>
    <p0826-teimww:lexiaTitle knoraType="richtext_value">curtain night</p0826-teimww:lexiaTitle>
  </p0826-teimww:lexia>
  <p0826-teimww:lexia id="ww_507a1a95d79cf03c">
    <knoraXmlImport:label>L: earth-treading s</knoraXmlImport:label>
    <p0826-teimww:lexiaInternalId knoraType="richtext_value">#001008</p0826-teimww:lexiaInternalId>
    <p0826-teimww:lexiaTitle knoraType="richtext_value">earth-treading stars</p0826-teimww:lexiaTitle>
  </p0826-teimww:lexia>
  <p0826-teimww:lexia id="ww_4102bbcc9b39a241">
    <knoraXmlImport:label>L: flirtatious girl</knoraXmlImport:label>
    <p0826-teimww:lexiaInternalId knoraType="richtext_value">#001009</p0826-teimww:lexiaInternalId>
    <p0826-teimww:lexiaTitle knoraType="richtext_value">flirtatious girls</p0826-teimww:lexiaTitle>
  </p0826-teimww:lexia>
  <p0826-teimww:lexia id="ww_04a0e6553240ca07">
    <knoraXmlImport:label>L: Thisbes death</knoraXmlImport:label>
    <p0826-teimww:lexiaInternalId knoraType="richtext_value">#001011</p0826-teimww:lexiaInternalId>
    <p0826-teimww:lexiaTitle knoraType="richtext_value">Thisbes death</p0826-teimww:lexiaTitle>
  </p0826-teimww:lexia>
  <p0826-teimww:lexia id="ww_56933b60be13b8de">
    <knoraXmlImport:label>L: manure the groun</knoraXmlImport:label>
    <p0826-teimww:lexiaInternalId knoraType="richtext_value">#002049</p0826-teimww:lexiaInternalId>
    <p0826-teimww:lexiaTitle knoraType="richtext_value">manure the ground</p0826-teimww:lexiaTitle>
  </p0826-teimww:lexia>
  <p0826-teimww:lexia id="ww_22505dcfc5717906">
    <knoraXmlImport:label>L: Farewell, three </knoraXmlImport:label>
    <p0826-teimww:lexiaInternalId knoraType="richtext_value">#002050</p0826-teimww:lexiaInternalId>
    <p0826-teimww:lexiaTitle knoraType="richtext_value">Farewell, three shall never meet again</p0826-teimww:lexiaTitle>
  </p0826-teimww:lexia>
  <p0826-teimww:lexia id="ww_7562256a7bbf4f85">
    <knoraXmlImport:label>L: married to her g</knoraXmlImport:label>
    <p0826-teimww:lexiaInternalId knoraType="richtext_value">#001013</p0826-teimww:lexiaInternalId>
    <p0826-teimww:lexiaTitle knoraType="richtext_value">married to her grave</p0826-teimww:lexiaTitle>
  </p0826-teimww:lexia>
  <p0826-teimww:lexia id="ww_baca14bccf123858">
    <knoraXmlImport:label>L: flowery bed</knoraXmlImport:label>
    <p0826-teimww:lexiaInternalId knoraType="richtext_value">#001014</p0826-teimww:lexiaInternalId>
    <p0826-teimww:lexiaTitle knoraType="richtext_value">flowery bed</p0826-teimww:lexiaTitle>
  </p0826-teimww:lexia>
  <p0826-teimww:lexia id="ww_41e7f30b15f4ee5a">
    <knoraXmlImport:label>L: balcony scene</knoraXmlImport:label>
    <p0826-teimww:lexiaInternalId knoraType="richtext_value">#002133</p0826-teimww:lexiaInternalId>
    <p0826-teimww:lexiaTitle knoraType="richtext_value">balcony scene</p0826-teimww:lexiaTitle>
  </p0826-teimww:lexia>
  <p0826-teimww:lexia id="ww_737566e2e09ae70c">
    <knoraXmlImport:label>L: frozen North</knoraXmlImport:label>
    <p0826-teimww:lexiaInternalId knoraType="richtext_value">#000108</p0826-teimww:lexiaInternalId>
    <p0826-teimww:lexiaTitle knoraType="richtext_value">frozen North</p0826-teimww:lexiaTitle>
  </p0826-teimww:lexia>
  <p0826-teimww:lexia id="ww_f489003cd2b7eb2e">
    <knoraXmlImport:label>L: miscall</knoraXmlImport:label>
    <p0826-teimww:lexiaInternalId knoraType="richtext_value">#002054</p0826-teimww:lexiaInternalId>
    <p0826-teimww:lexiaTitle knoraType="richtext_value">miscall</p0826-teimww:lexiaTitle>
  </p0826-teimww:lexia>
  <p0826-teimww:lexia id="ww_4942d4d1afd20825">
    <knoraXmlImport:label>L: Does not want ma</knoraXmlImport:label>
    <p0826-teimww:lexiaInternalId knoraType="richtext_value">#002015</p0826-teimww:lexiaInternalId>
    <p0826-teimww:lexiaTitle knoraType="richtext_value">Does not want marriage</p0826-teimww:lexiaTitle>
  </p0826-teimww:lexia>
  <p0826-teimww:lexia id="ww_812ec4100863a109">
    <knoraXmlImport:label>L: Jove laughs at l</knoraXmlImport:label>
    <p0826-teimww:lexiaInternalId knoraType="richtext_value">#001058</p0826-teimww:lexiaInternalId>
    <p0826-teimww:lexiaTitle knoraType="richtext_value">Jove laughs at lovers perjuries</p0826-teimww:lexiaTitle>
  </p0826-teimww:lexia>
  <p0826-teimww:lexia id="ww_88076bbdfa4084d2">
    <knoraXmlImport:label>L: Jove or Jupiter </knoraXmlImport:label>
    <p0826-teimww:lexiaInternalId knoraType="richtext_value">#002237</p0826-teimww:lexiaInternalId>
    <p0826-teimww:lexiaTitle knoraType="richtext_value">Jove or Jupiter or Zeus</p0826-teimww:lexiaTitle>
  </p0826-teimww:lexia>
  <p0826-teimww:lexia id="ww_aba1c8359a434f03">
    <knoraXmlImport:label>L: lovers need to g</knoraXmlImport:label>
    <p0826-teimww:lexiaInternalId knoraType="richtext_value">#005061</p0826-teimww:lexiaInternalId>
    <p0826-teimww:lexiaTitle knoraType="richtext_value">lovers need to go because it is morning</p0826-teimww:lexiaTitle>
  </p0826-teimww:lexia>
  <p0826-teimww:lexia id="ww_67aaba33e755aedd">
    <knoraXmlImport:label>L: nights candles a</knoraXmlImport:label>
    <p0826-teimww:lexiaInternalId knoraType="richtext_value">#000213</p0826-teimww:lexiaInternalId>
    <p0826-teimww:lexiaTitle knoraType="richtext_value">nights candles are burnt out</p0826-teimww:lexiaTitle>
  </p0826-teimww:lexia>
  <p0826-teimww:lexia id="ww_3c7aacda54fdf1b9">
    <knoraXmlImport:label>L: tickle the rushe</knoraXmlImport:label>
    <p0826-teimww:lexiaInternalId knoraType="richtext_value">#001015</p0826-teimww:lexiaInternalId>
    <p0826-teimww:lexiaTitle knoraType="richtext_value">tickle the rushes</p0826-teimww:lexiaTitle>
  </p0826-teimww:lexia>
  <p0826-teimww:lexia id="ww_5e97359b1b620085">
    <knoraXmlImport:label>L: bracelets of hai</knoraXmlImport:label>
    <p0826-teimww:lexiaInternalId knoraType="richtext_value">#001065</p0826-teimww:lexiaInternalId>
    <p0826-teimww:lexiaTitle knoraType="richtext_value">bracelets of hair</p0826-teimww:lexiaTitle>
  </p0826-teimww:lexia>
  <p0826-teimww:lexia id="ww_f6858a13fda80de0">
    <knoraXmlImport:label>L: wordplay on whor</knoraXmlImport:label>
    <p0826-teimww:lexiaInternalId knoraType="richtext_value">#001066</p0826-teimww:lexiaInternalId>
    <p0826-teimww:lexiaTitle knoraType="richtext_value">wordplay on whore</p0826-teimww:lexiaTitle>
  </p0826-teimww:lexia>
  <p0826-teimww:lexia id="ww_606a639faef0657a">
    <knoraXmlImport:label>L: modest about a b</knoraXmlImport:label>
    <p0826-teimww:lexiaInternalId knoraType="richtext_value">#009078</p0826-teimww:lexiaInternalId>
    <p0826-teimww:lexiaTitle knoraType="richtext_value">modest about a banquet</p0826-teimww:lexiaTitle>
  </p0826-teimww:lexia>
  <p0826-teimww:lexia id="ww_3cd800412225d243">
    <knoraXmlImport:label>L: my daughter, my </knoraXmlImport:label>
    <p0826-teimww:lexiaInternalId knoraType="richtext_value">#000284</p0826-teimww:lexiaInternalId>
    <p0826-teimww:lexiaTitle knoraType="richtext_value">my daughter, my money</p0826-teimww:lexiaTitle>
  </p0826-teimww:lexia>
  <p0826-teimww:lexia id="ww_f0518736ee829a19">
    <knoraXmlImport:label>L: gild lily or gol</knoraXmlImport:label>
    <p0826-teimww:lexiaInternalId knoraType="richtext_value">#000777</p0826-teimww:lexiaInternalId>
    <p0826-teimww:lexiaTitle knoraType="richtext_value">gild lily or gold</p0826-teimww:lexiaTitle>
  </p0826-teimww:lexia>
  <p0826-teimww:lexia id="ww_8a78da48b89f20f6">
    <knoraXmlImport:label>L: out of sight</knoraXmlImport:label>
    <p0826-teimww:lexiaInternalId knoraType="richtext_value">#001017</p0826-teimww:lexiaInternalId>
    <p0826-teimww:lexiaTitle knoraType="richtext_value">out of sight</p0826-teimww:lexiaTitle>
  </p0826-teimww:lexia>
  <p0826-teimww:lexia id="ww_15e784391c8fe280">
    <knoraXmlImport:label>L: Honorificabilitu</knoraXmlImport:label>
    <p0826-teimww:lexiaInternalId knoraType="richtext_value">#000040</p0826-teimww:lexiaInternalId>
    <p0826-teimww:lexiaTitle knoraType="richtext_value">Honorificabilitudinitatibus</p0826-teimww:lexiaTitle>
  </p0826-teimww:lexia>
  <p0826-teimww:lexia id="ww_34838f758b0ae04d">
    <knoraXmlImport:label>L: speak not like a</knoraXmlImport:label>
    <p0826-teimww:lexiaInternalId knoraType="richtext_value">#001018</p0826-teimww:lexiaInternalId>
    <p0826-teimww:lexiaTitle knoraType="richtext_value">speak not like a man of Gods making</p0826-teimww:lexiaTitle>
  </p0826-teimww:lexia>
  <p0826-teimww:lexia id="ww_e1535e46d2de6ed9">
    <knoraXmlImport:label>L: danger wind</knoraXmlImport:label>
    <p0826-teimww:lexiaInternalId knoraType="richtext_value">#000052</p0826-teimww:lexiaInternalId>
    <p0826-teimww:lexiaTitle knoraType="richtext_value">danger wind</p0826-teimww:lexiaTitle>
  </p0826-teimww:lexia>
  <p0826-teimww:lexia id="ww_2aff24fa0088c62b">
    <knoraXmlImport:label>L: Samson carrying </knoraXmlImport:label>
    <p0826-teimww:lexiaInternalId knoraType="richtext_value">#001020</p0826-teimww:lexiaInternalId>
    <p0826-teimww:lexiaTitle knoraType="richtext_value">Samson carrying gates</p0826-teimww:lexiaTitle>
  </p0826-teimww:lexia>
  <p0826-teimww:lexia id="ww_54e7cf7775eaddee">
    <knoraXmlImport:label>L: Samson</knoraXmlImport:label>
    <p0826-teimww:lexiaInternalId knoraType="richtext_value">#004000</p0826-teimww:lexiaInternalId>
    <p0826-teimww:lexiaTitle knoraType="richtext_value">Samson</p0826-teimww:lexiaTitle>
  </p0826-teimww:lexia>
  <p0826-teimww:lexia id="ww_8dc6e2ccb2c055bd">
    <knoraXmlImport:label>L: three month time</knoraXmlImport:label>
    <p0826-teimww:lexiaInternalId knoraType="richtext_value">#001021</p0826-teimww:lexiaInternalId>
    <p0826-teimww:lexiaTitle knoraType="richtext_value">three month time limit</p0826-teimww:lexiaTitle>
  </p0826-teimww:lexia>
  <p0826-teimww:lexia id="ww_1427770db5cc24dd">
    <knoraXmlImport:label>L: unwillingness to</knoraXmlImport:label>
    <p0826-teimww:lexiaInternalId knoraType="richtext_value">#001022</p0826-teimww:lexiaInternalId>
    <p0826-teimww:lexiaTitle knoraType="richtext_value">unwillingness to fall in love, no woman good enough</p0826-teimww:lexiaTitle>
  </p0826-teimww:lexia>
  <p0826-teimww:lexia id="ww_75325d203e068997">
    <knoraXmlImport:label>L: wolf or tiger en</knoraXmlImport:label>
    <p0826-teimww:lexiaInternalId knoraType="richtext_value">#000161</p0826-teimww:lexiaInternalId>
    <p0826-teimww:lexiaTitle knoraType="richtext_value">wolf or tiger entering mans soul</p0826-teimww:lexiaTitle>
  </p0826-teimww:lexia>
  <p0826-teimww:lexia id="ww_9680aa5fb8506882">
    <knoraXmlImport:label>L: curse the day</knoraXmlImport:label>
    <p0826-teimww:lexiaInternalId knoraType="richtext_value">#001046</p0826-teimww:lexiaInternalId>
    <p0826-teimww:lexiaTitle knoraType="richtext_value">curse the day</p0826-teimww:lexiaTitle>
  </p0826-teimww:lexia>
  <p0826-teimww:lexia id="ww_cae071b9c9201b92">
    <knoraXmlImport:label>L: cuts off circums</knoraXmlImport:label>
    <p0826-teimww:lexiaInternalId knoraType="richtext_value">#001069</p0826-teimww:lexiaInternalId>
    <p0826-teimww:lexiaTitle knoraType="richtext_value">cuts off circumstance</p0826-teimww:lexiaTitle>
  </p0826-teimww:lexia>
  <p0826-teimww:lexia id="ww_e7710650cc9f9970">
    <knoraXmlImport:label>L: extreme joy</knoraXmlImport:label>
    <p0826-teimww:lexiaInternalId knoraType="richtext_value">#004111</p0826-teimww:lexiaInternalId>
    <p0826-teimww:lexiaTitle knoraType="richtext_value">extreme joy</p0826-teimww:lexiaTitle>
  </p0826-teimww:lexia>
  <p0826-teimww:lexia id="ww_f4fb39d2e0b8c72e">
    <knoraXmlImport:label>L: were as easy as </knoraXmlImport:label>
    <p0826-teimww:lexiaInternalId knoraType="richtext_value">#000793</p0826-teimww:lexiaInternalId>
    <p0826-teimww:lexiaTitle knoraType="richtext_value">were as easy as pass</p0826-teimww:lexiaTitle>
  </p0826-teimww:lexia>
  <p0826-teimww:lexia id="ww_aeb5ce7d1362a85a">
    <knoraXmlImport:label>L: grave not rememb</knoraXmlImport:label>
    <p0826-teimww:lexiaInternalId knoraType="richtext_value">#001024</p0826-teimww:lexiaInternalId>
    <p0826-teimww:lexiaTitle knoraType="richtext_value">grave not remembered in epitaph</p0826-teimww:lexiaTitle>
  </p0826-teimww:lexia>
  <p0826-teimww:lexia id="ww_54b9424df778c421">
    <knoraXmlImport:label>L: Prince Hal</knoraXmlImport:label>
    <p0826-teimww:lexiaInternalId knoraType="richtext_value">#004024</p0826-teimww:lexiaInternalId>
    <p0826-teimww:lexiaTitle knoraType="richtext_value">Prince Hal</p0826-teimww:lexiaTitle>
  </p0826-teimww:lexia>
  <p0826-teimww:lexia id="ww_115fb09d1fb82eb6">
    <knoraXmlImport:label>L: Dianas foresters</knoraXmlImport:label>
    <p0826-teimww:lexiaInternalId knoraType="richtext_value">#002132</p0826-teimww:lexiaInternalId>
    <p0826-teimww:lexiaTitle knoraType="richtext_value">Dianas foresters</p0826-teimww:lexiaTitle>
  </p0826-teimww:lexia>
  <p0826-teimww:lexia id="ww_18630527847585f1">
    <knoraXmlImport:label>L: Diana or Artemis</knoraXmlImport:label>
    <p0826-teimww:lexiaInternalId knoraType="richtext_value">#004001</p0826-teimww:lexiaInternalId>
    <p0826-teimww:lexiaTitle knoraType="richtext_value">Diana or Artemis</p0826-teimww:lexiaTitle>
  </p0826-teimww:lexia>
  <p0826-teimww:lexia id="ww_e1c1788436164cdd">
    <knoraXmlImport:label>L: vocation as an e</knoraXmlImport:label>
    <p0826-teimww:lexiaInternalId knoraType="richtext_value">#000001</p0826-teimww:lexiaInternalId>
    <p0826-teimww:lexiaTitle knoraType="richtext_value">vocation as an excuse for crime</p0826-teimww:lexiaTitle>
  </p0826-teimww:lexia>
  <p0826-teimww:lexia id="ww_68c9376022778fef">
    <knoraXmlImport:label>L: nothing but rogu</knoraXmlImport:label>
    <p0826-teimww:lexiaInternalId knoraType="richtext_value">#000634</p0826-teimww:lexiaInternalId>
    <p0826-teimww:lexiaTitle knoraType="richtext_value">nothing but roguery</p0826-teimww:lexiaTitle>
  </p0826-teimww:lexia>
  <p0826-teimww:lexia id="ww_b415406188a271c1">
    <knoraXmlImport:label>L: devil haunting i</knoraXmlImport:label>
    <p0826-teimww:lexiaInternalId knoraType="richtext_value">#000787</p0826-teimww:lexiaInternalId>
    <p0826-teimww:lexiaTitle knoraType="richtext_value">devil haunting in the likeness of sb</p0826-teimww:lexiaTitle>
  </p0826-teimww:lexia>
  <p0826-teimww:lexia id="ww_3d9036ca345c08f4">
    <knoraXmlImport:label>L: courtesy heaven</knoraXmlImport:label>
    <p0826-teimww:lexiaInternalId knoraType="richtext_value">#000790</p0826-teimww:lexiaInternalId>
    <p0826-teimww:lexiaTitle knoraType="richtext_value">courtesy heaven</p0826-teimww:lexiaTitle>
  </p0826-teimww:lexia>
  <p0826-teimww:lexia id="ww_75b9fd34618dab66">
    <knoraXmlImport:label>L: sung to filthy</knoraXmlImport:label>
    <p0826-teimww:lexiaInternalId knoraType="richtext_value">#000786</p0826-teimww:lexiaInternalId>
    <p0826-teimww:lexiaTitle knoraType="richtext_value">sung to filthy</p0826-teimww:lexiaTitle>
  </p0826-teimww:lexia>
  <p0826-teimww:lexia id="ww_72d584d1ac302a1f">
    <knoraXmlImport:label>L: pox</knoraXmlImport:label>
    <p0826-teimww:lexiaInternalId knoraType="richtext_value">#000601</p0826-teimww:lexiaInternalId>
    <p0826-teimww:lexiaTitle knoraType="richtext_value">pox</p0826-teimww:lexiaTitle>
  </p0826-teimww:lexia>
  <p0826-teimww:lexia id="ww_0958b77317122efe">
    <knoraXmlImport:label>L: camomile</knoraXmlImport:label>
    <p0826-teimww:lexiaInternalId knoraType="richtext_value">#000004</p0826-teimww:lexiaInternalId>
    <p0826-teimww:lexiaTitle knoraType="richtext_value">camomile</p0826-teimww:lexiaTitle>
  </p0826-teimww:lexia>
  <p0826-teimww:lexia id="ww_ed1de0858125259b">
    <knoraXmlImport:label>L: bowels of the ha</knoraXmlImport:label>
    <p0826-teimww:lexiaInternalId knoraType="richtext_value">#000003</p0826-teimww:lexiaInternalId>
    <p0826-teimww:lexiaTitle knoraType="richtext_value">bowels of the harmless earth</p0826-teimww:lexiaTitle>
  </p0826-teimww:lexia>
  <p0826-teimww:lexia id="ww_6e8e976c1c1538fa">
    <knoraXmlImport:label>L: keeping secret b</knoraXmlImport:label>
    <p0826-teimww:lexiaInternalId knoraType="richtext_value">#001025</p0826-teimww:lexiaInternalId>
    <p0826-teimww:lexiaTitle knoraType="richtext_value">keeping secret by not telling</p0826-teimww:lexiaTitle>
  </p0826-teimww:lexia>
  <p0826-teimww:lexia id="ww_c00b748bca67ff57">
    <knoraXmlImport:label>L: Would I were you</knoraXmlImport:label>
    <p0826-teimww:lexiaInternalId knoraType="richtext_value">#001026</p0826-teimww:lexiaInternalId>
    <p0826-teimww:lexiaTitle knoraType="richtext_value">Would I were young for your sake</p0826-teimww:lexiaTitle>
  </p0826-teimww:lexia>
  <p0826-teimww:lexia id="ww_ae3c20908a944e32">
    <knoraXmlImport:label>L: know you as well</knoraXmlImport:label>
    <p0826-teimww:lexiaInternalId knoraType="richtext_value">#001027</p0826-teimww:lexiaInternalId>
    <p0826-teimww:lexiaTitle knoraType="richtext_value">know you as well as parent</p0826-teimww:lexiaTitle>
  </p0826-teimww:lexia>
  <p0826-teimww:lexia id="ww_2d7d2203273f6a9e">
    <knoraXmlImport:label>L: describing unvir</knoraXmlImport:label>
    <p0826-teimww:lexiaInternalId knoraType="richtext_value">#001028</p0826-teimww:lexiaInternalId>
    <p0826-teimww:lexiaTitle knoraType="richtext_value">describing unvirtuous life virtuously </p0826-teimww:lexiaTitle>
  </p0826-teimww:lexia>
  <p0826-teimww:lexia id="ww_db22d59143708215">
    <knoraXmlImport:label>L: bloody noses, cr</knoraXmlImport:label>
    <p0826-teimww:lexiaInternalId knoraType="richtext_value">#001030</p0826-teimww:lexiaInternalId>
    <p0826-teimww:lexiaTitle knoraType="richtext_value">bloody noses, cracked crown</p0826-teimww:lexiaTitle>
  </p0826-teimww:lexia>
  <p0826-teimww:lexia id="ww_7cdabd44d4489a37">
    <knoraXmlImport:label>L: angels or God fi</knoraXmlImport:label>
    <p0826-teimww:lexiaInternalId knoraType="richtext_value">#002119</p0826-teimww:lexiaInternalId>
    <p0826-teimww:lexiaTitle knoraType="richtext_value">angels or God fighting on our side</p0826-teimww:lexiaTitle>
  </p0826-teimww:lexia>
  <p0826-teimww:lexia id="ww_5e09487fe51ab91a">
    <knoraXmlImport:label>L: What you must do</knoraXmlImport:label>
    <p0826-teimww:lexiaInternalId knoraType="richtext_value">#002001</p0826-teimww:lexiaInternalId>
    <p0826-teimww:lexiaTitle knoraType="richtext_value">What you must do (sonnets etc)</p0826-teimww:lexiaTitle>
  </p0826-teimww:lexia>
  <p0826-teimww:lexia id="ww_265eb46312dc184f">
    <knoraXmlImport:label>L: Assyrian</knoraXmlImport:label>
    <p0826-teimww:lexiaInternalId knoraType="richtext_value">#001032</p0826-teimww:lexiaInternalId>
    <p0826-teimww:lexiaTitle knoraType="richtext_value">Assyrian</p0826-teimww:lexiaTitle>
  </p0826-teimww:lexia>
  <p0826-teimww:lexia id="ww_9468850317af9b8c">
    <knoraXmlImport:label>L: little space for</knoraXmlImport:label>
    <p0826-teimww:lexiaInternalId knoraType="richtext_value">#001033</p0826-teimww:lexiaInternalId>
    <p0826-teimww:lexiaTitle knoraType="richtext_value">little space for kingdoms</p0826-teimww:lexiaTitle>
  </p0826-teimww:lexia>
  <p0826-teimww:lexia id="ww_3f596470145c5773">
    <knoraXmlImport:label>L: left alive</knoraXmlImport:label>
    <p0826-teimww:lexiaInternalId knoraType="richtext_value">#000796</p0826-teimww:lexiaInternalId>
    <p0826-teimww:lexiaTitle knoraType="richtext_value">left alive</p0826-teimww:lexiaTitle>
  </p0826-teimww:lexia>
  <p0826-teimww:lexia id="ww_231dc3d606cf34f5">
    <knoraXmlImport:label>L: good manhood</knoraXmlImport:label>
    <p0826-teimww:lexiaInternalId knoraType="richtext_value">#001034</p0826-teimww:lexiaInternalId>
    <p0826-teimww:lexiaTitle knoraType="richtext_value">good manhood</p0826-teimww:lexiaTitle>
  </p0826-teimww:lexia>
  <p0826-teimww:lexia id="ww_df1d986345dc16be">
    <knoraXmlImport:label>L: dried neats skin</knoraXmlImport:label>
    <p0826-teimww:lexiaInternalId knoraType="richtext_value">#005135</p0826-teimww:lexiaInternalId>
    <p0826-teimww:lexiaTitle knoraType="richtext_value">dried neats skin</p0826-teimww:lexiaTitle>
  </p0826-teimww:lexia>
  <p0826-teimww:lexia id="ww_fe6b1c964b66dcd7">
    <knoraXmlImport:label>L: lion will not hu</knoraXmlImport:label>
    <p0826-teimww:lexiaInternalId knoraType="richtext_value">#005065</p0826-teimww:lexiaInternalId>
    <p0826-teimww:lexiaTitle knoraType="richtext_value">lion will not hurt true prince</p0826-teimww:lexiaTitle>
  </p0826-teimww:lexia>
  <p0826-teimww:lexia id="ww_c225dc1acc56fe12">
    <knoraXmlImport:label>L: cranking river</knoraXmlImport:label>
    <p0826-teimww:lexiaInternalId knoraType="richtext_value">#000035</p0826-teimww:lexiaInternalId>
    <p0826-teimww:lexiaTitle knoraType="richtext_value">cranking river</p0826-teimww:lexiaTitle>
  </p0826-teimww:lexia>
  <p0826-teimww:lexia id="ww_9dbccb44296a95e9">
    <knoraXmlImport:label>L: Men counsel</knoraXmlImport:label>
    <p0826-teimww:lexiaInternalId knoraType="richtext_value">#004045</p0826-teimww:lexiaInternalId>
    <p0826-teimww:lexiaTitle knoraType="richtext_value">Men counsel</p0826-teimww:lexiaTitle>
  </p0826-teimww:lexia>
  <p0826-teimww:lexia id="ww_cb40115000917e89">
    <knoraXmlImport:label>L: rotten post</knoraXmlImport:label>
    <p0826-teimww:lexiaInternalId knoraType="richtext_value">#002282</p0826-teimww:lexiaInternalId>
    <p0826-teimww:lexiaTitle knoraType="richtext_value">rotten post</p0826-teimww:lexiaTitle>
  </p0826-teimww:lexia>
  <p0826-teimww:lexia id="ww_f49190e4adda0f93">
    <knoraXmlImport:label>L: writ down an ass</knoraXmlImport:label>
    <p0826-teimww:lexiaInternalId knoraType="richtext_value">#001071</p0826-teimww:lexiaInternalId>
    <p0826-teimww:lexiaTitle knoraType="richtext_value">writ down an ass</p0826-teimww:lexiaTitle>
  </p0826-teimww:lexia>
  <p0826-teimww:lexia id="ww_07abe3abe0478731">
    <knoraXmlImport:label>L: by my troth a go</knoraXmlImport:label>
    <p0826-teimww:lexiaInternalId knoraType="richtext_value">#000021</p0826-teimww:lexiaInternalId>
    <p0826-teimww:lexiaTitle knoraType="richtext_value">by my troth a good song</p0826-teimww:lexiaTitle>
  </p0826-teimww:lexia>
  <p0826-teimww:lexia id="ww_9c8b44794f5d7963">
    <knoraXmlImport:label>L: tis most tolerab</knoraXmlImport:label>
    <p0826-teimww:lexiaInternalId knoraType="richtext_value">#001053</p0826-teimww:lexiaInternalId>
    <p0826-teimww:lexiaTitle knoraType="richtext_value">tis most tolerable not to be endured</p0826-teimww:lexiaTitle>
  </p0826-teimww:lexia>
  <p0826-teimww:lexia id="ww_5fd685ac8c375175">
    <knoraXmlImport:label>L: horribly in love</knoraXmlImport:label>
    <p0826-teimww:lexiaInternalId knoraType="richtext_value">#001055</p0826-teimww:lexiaInternalId>
    <p0826-teimww:lexiaTitle knoraType="richtext_value">horribly in love</p0826-teimww:lexiaTitle>
  </p0826-teimww:lexia>
  <p0826-teimww:lexia id="ww_23d9b8ba84703a8a">
    <knoraXmlImport:label>L: name in mouth</knoraXmlImport:label>
    <p0826-teimww:lexiaInternalId knoraType="richtext_value">#000779</p0826-teimww:lexiaInternalId>
    <p0826-teimww:lexiaTitle knoraType="richtext_value">name in mouth</p0826-teimww:lexiaTitle>
  </p0826-teimww:lexia>
  <p0826-teimww:lexia id="ww_1351a3bb609d5bf6">
    <knoraXmlImport:label>L: Greek to me</knoraXmlImport:label>
    <p0826-teimww:lexiaInternalId knoraType="richtext_value">#000028</p0826-teimww:lexiaInternalId>
    <p0826-teimww:lexiaTitle knoraType="richtext_value">Greek to me</p0826-teimww:lexiaTitle>
  </p0826-teimww:lexia>
  <p0826-teimww:lexia id="ww_42e531ccf0a9aa8e">
    <knoraXmlImport:label>L: cowards die many</knoraXmlImport:label>
    <p0826-teimww:lexiaInternalId knoraType="richtext_value">#000056</p0826-teimww:lexiaInternalId>
    <p0826-teimww:lexiaTitle knoraType="richtext_value">cowards die many times</p0826-teimww:lexiaTitle>
  </p0826-teimww:lexia>
  <p0826-teimww:lexia id="ww_a3361c1e4fb2ed7b">
    <knoraXmlImport:label>L: chrisom</knoraXmlImport:label>
    <p0826-teimww:lexiaInternalId knoraType="richtext_value">#001035</p0826-teimww:lexiaInternalId>
    <p0826-teimww:lexiaTitle knoraType="richtext_value">chrisom</p0826-teimww:lexiaTitle>
  </p0826-teimww:lexia>
  <p0826-teimww:lexia id="ww_5f98925e43b7ba56">
    <knoraXmlImport:label>L:  music as perfec</knoraXmlImport:label>
    <p0826-teimww:lexiaInternalId knoraType="richtext_value">#001082</p0826-teimww:lexiaInternalId>
    <p0826-teimww:lexiaTitle knoraType="richtext_value"> music as perfect harmony</p0826-teimww:lexiaTitle>
  </p0826-teimww:lexia>
  <p0826-teimww:lexia id="ww_9cf3d24e49e797e9">
    <knoraXmlImport:label>L: exhale</knoraXmlImport:label>
    <p0826-teimww:lexiaInternalId knoraType="richtext_value">#001036</p0826-teimww:lexiaInternalId>
    <p0826-teimww:lexiaTitle knoraType="richtext_value">exhale</p0826-teimww:lexiaTitle>
  </p0826-teimww:lexia>
  <p0826-teimww:lexia id="ww_c17fd00a5994ad12">
    <knoraXmlImport:label>L: tide in the affa</knoraXmlImport:label>
    <p0826-teimww:lexiaInternalId knoraType="richtext_value">#001037</p0826-teimww:lexiaInternalId>
    <p0826-teimww:lexiaTitle knoraType="richtext_value">tide in the affairs special moment</p0826-teimww:lexiaTitle>
  </p0826-teimww:lexia>
  <p0826-teimww:lexia id="ww_e35c78d3bc4379a2">
    <knoraXmlImport:label>L: morn over hill</knoraXmlImport:label>
    <p0826-teimww:lexiaInternalId knoraType="richtext_value">#000256</p0826-teimww:lexiaInternalId>
    <p0826-teimww:lexiaTitle knoraType="richtext_value">morn over hill</p0826-teimww:lexiaTitle>
  </p0826-teimww:lexia>
  <p0826-teimww:lexia id="ww_aea90b4e010e19d8">
    <knoraXmlImport:label>L: pales and fort o</knoraXmlImport:label>
    <p0826-teimww:lexiaInternalId knoraType="richtext_value">#000302</p0826-teimww:lexiaInternalId>
    <p0826-teimww:lexiaTitle knoraType="richtext_value">pales and fort of reason</p0826-teimww:lexiaTitle>
  </p0826-teimww:lexia>
  <p0826-teimww:lexia id="ww_5fb74dd92e380b09">
    <knoraXmlImport:label>L: overleaven</knoraXmlImport:label>
    <p0826-teimww:lexiaInternalId knoraType="richtext_value">#001116</p0826-teimww:lexiaInternalId>
    <p0826-teimww:lexiaTitle knoraType="richtext_value">overleaven</p0826-teimww:lexiaTitle>
  </p0826-teimww:lexia>
  <p0826-teimww:lexia id="ww_5e66ecec146faf35">
    <knoraXmlImport:label>L: Rosalind</knoraXmlImport:label>
    <p0826-teimww:lexiaInternalId knoraType="richtext_value">#004008</p0826-teimww:lexiaInternalId>
    <p0826-teimww:lexiaTitle knoraType="richtext_value">Rosalind</p0826-teimww:lexiaTitle>
  </p0826-teimww:lexia>
  <p0826-teimww:lexia id="ww_dbd1a9776b644b91">
    <knoraXmlImport:label>L: squeezed sponge</knoraXmlImport:label>
    <p0826-teimww:lexiaInternalId knoraType="richtext_value">#000077</p0826-teimww:lexiaInternalId>
    <p0826-teimww:lexiaTitle knoraType="richtext_value">squeezed sponge</p0826-teimww:lexiaTitle>
  </p0826-teimww:lexia>
  <p0826-teimww:lexia id="ww_6e2e4809374809cb">
    <knoraXmlImport:label>L: second husband l</knoraXmlImport:label>
    <p0826-teimww:lexiaInternalId knoraType="richtext_value">#002105</p0826-teimww:lexiaInternalId>
    <p0826-teimww:lexiaTitle knoraType="richtext_value">second husband let me be accurst</p0826-teimww:lexiaTitle>
  </p0826-teimww:lexia>
  <p0826-teimww:lexia id="ww_8cd8ee49b436b075">
    <knoraXmlImport:label>L: killing second h</knoraXmlImport:label>
    <p0826-teimww:lexiaInternalId knoraType="richtext_value">#000091</p0826-teimww:lexiaInternalId>
    <p0826-teimww:lexiaTitle knoraType="richtext_value">killing second husband</p0826-teimww:lexiaTitle>
  </p0826-teimww:lexia>
  <p0826-teimww:lexia id="ww_f2a88cf6d441f8bf">
    <knoraXmlImport:label>L: bear corpse off </knoraXmlImport:label>
    <p0826-teimww:lexiaInternalId knoraType="richtext_value">#002286</p0826-teimww:lexiaInternalId>
    <p0826-teimww:lexiaTitle knoraType="richtext_value">bear corpse off like a soldier</p0826-teimww:lexiaTitle>
  </p0826-teimww:lexia>
  <p0826-teimww:lexia id="ww_13124a04cf45c8c7">
    <knoraXmlImport:label>L: too much protest</knoraXmlImport:label>
    <p0826-teimww:lexiaInternalId knoraType="richtext_value">#000337</p0826-teimww:lexiaInternalId>
    <p0826-teimww:lexiaTitle knoraType="richtext_value">too much protest</p0826-teimww:lexiaTitle>
  </p0826-teimww:lexia>
  <p0826-teimww:lexia id="ww_506d8aa2c7c8e19c">
    <knoraXmlImport:label>L: chameleon lives </knoraXmlImport:label>
    <p0826-teimww:lexiaInternalId knoraType="richtext_value">#002281</p0826-teimww:lexiaInternalId>
    <p0826-teimww:lexiaTitle knoraType="richtext_value">chameleon lives on air</p0826-teimww:lexiaTitle>
  </p0826-teimww:lexia>
  <p0826-teimww:lexia id="ww_dee72dd86ee94841">
    <knoraXmlImport:label>L: unpregnant</knoraXmlImport:label>
    <p0826-teimww:lexiaInternalId knoraType="richtext_value">#000202</p0826-teimww:lexiaInternalId>
    <p0826-teimww:lexiaTitle knoraType="richtext_value">unpregnant</p0826-teimww:lexiaTitle>
  </p0826-teimww:lexia>
  <p0826-teimww:lexia id="ww_8522356ce87c1b40">
    <knoraXmlImport:label>L: sluggish, muddy </knoraXmlImport:label>
    <p0826-teimww:lexiaInternalId knoraType="richtext_value">#002159</p0826-teimww:lexiaInternalId>
    <p0826-teimww:lexiaTitle knoraType="richtext_value">sluggish, muddy laziness</p0826-teimww:lexiaTitle>
  </p0826-teimww:lexia>
  <p0826-teimww:lexia id="ww_ebf3f351b1329883">
    <knoraXmlImport:label>L: Nothing like Ros</knoraXmlImport:label>
    <p0826-teimww:lexiaInternalId knoraType="richtext_value">#000033</p0826-teimww:lexiaInternalId>
    <p0826-teimww:lexiaTitle knoraType="richtext_value">Nothing like Rosalind</p0826-teimww:lexiaTitle>
  </p0826-teimww:lexia>
  <p0826-teimww:lexia id="ww_804b43339222c61a">
    <knoraXmlImport:label>L: Remember me</knoraXmlImport:label>
    <p0826-teimww:lexiaInternalId knoraType="richtext_value">#002278</p0826-teimww:lexiaInternalId>
    <p0826-teimww:lexiaTitle knoraType="richtext_value">Remember me</p0826-teimww:lexiaTitle>
  </p0826-teimww:lexia>
  <p0826-teimww:lexia id="ww_c235135b3cf7f6ec">
    <knoraXmlImport:label>L: framed discourse</knoraXmlImport:label>
    <p0826-teimww:lexiaInternalId knoraType="richtext_value">#002107</p0826-teimww:lexiaInternalId>
    <p0826-teimww:lexiaTitle knoraType="richtext_value">framed discourse</p0826-teimww:lexiaTitle>
  </p0826-teimww:lexia>
  <p0826-teimww:lexia id="ww_7a45c52ab10fe754">
    <knoraXmlImport:label>L: How like an ange</knoraXmlImport:label>
    <p0826-teimww:lexiaInternalId knoraType="richtext_value">#005188</p0826-teimww:lexiaInternalId>
    <p0826-teimww:lexiaTitle knoraType="richtext_value">How like an angel</p0826-teimww:lexiaTitle>
  </p0826-teimww:lexia>
  <p0826-teimww:lexia id="ww_fa1dc66d85c79759">
    <knoraXmlImport:label>L: to thine own sel</knoraXmlImport:label>
    <p0826-teimww:lexiaInternalId knoraType="richtext_value">#002289</p0826-teimww:lexiaInternalId>
    <p0826-teimww:lexiaTitle knoraType="richtext_value">to thine own self be true</p0826-teimww:lexiaTitle>
  </p0826-teimww:lexia>
  <p0826-teimww:lexia id="ww_a31746659974f691">
    <knoraXmlImport:label>L: picking and stea</knoraXmlImport:label>
    <p0826-teimww:lexiaInternalId knoraType="richtext_value">#000247</p0826-teimww:lexiaInternalId>
    <p0826-teimww:lexiaTitle knoraType="richtext_value">picking and stealing</p0826-teimww:lexiaTitle>
  </p0826-teimww:lexia>
  <p0826-teimww:lexia id="ww_0e1171082bb90a82">
    <knoraXmlImport:label>L: mad and to recov</knoraXmlImport:label>
    <p0826-teimww:lexiaInternalId knoraType="richtext_value">#005181</p0826-teimww:lexiaInternalId>
    <p0826-teimww:lexiaTitle knoraType="richtext_value">mad and to recover wits</p0826-teimww:lexiaTitle>
  </p0826-teimww:lexia>
  <p0826-teimww:lexia id="ww_cfe85afbae533828">
    <knoraXmlImport:label>L: speak daggers</knoraXmlImport:label>
    <p0826-teimww:lexiaInternalId knoraType="richtext_value">#000433</p0826-teimww:lexiaInternalId>
    <p0826-teimww:lexiaTitle knoraType="richtext_value">speak daggers</p0826-teimww:lexiaTitle>
  </p0826-teimww:lexia>
  <p0826-teimww:lexia id="ww_c3777f4f7089742e">
    <knoraXmlImport:label>L: falling sword or</knoraXmlImport:label>
    <p0826-teimww:lexiaInternalId knoraType="richtext_value">#002165</p0826-teimww:lexiaInternalId>
    <p0826-teimww:lexiaTitle knoraType="richtext_value">falling sword or rider</p0826-teimww:lexiaTitle>
  </p0826-teimww:lexia>
  <p0826-teimww:lexia id="ww_741b0382acbd375a">
    <knoraXmlImport:label>L: indirections</knoraXmlImport:label>
    <p0826-teimww:lexiaInternalId knoraType="richtext_value">#000211</p0826-teimww:lexiaInternalId>
    <p0826-teimww:lexiaTitle knoraType="richtext_value">indirections</p0826-teimww:lexiaTitle>
  </p0826-teimww:lexia>
  <p0826-teimww:lexia id="ww_d1f9d813f425477c">
    <knoraXmlImport:label>L: look you mock hi</knoraXmlImport:label>
    <p0826-teimww:lexiaInternalId knoraType="richtext_value">#002167</p0826-teimww:lexiaInternalId>
    <p0826-teimww:lexiaTitle knoraType="richtext_value">look you mock him</p0826-teimww:lexiaTitle>
  </p0826-teimww:lexia>
  <p0826-teimww:lexia id="ww_3e1e609b2e8e353c">
    <knoraXmlImport:label>L: machina mundi</knoraXmlImport:label>
    <p0826-teimww:lexiaInternalId knoraType="richtext_value">#002168</p0826-teimww:lexiaInternalId>
    <p0826-teimww:lexiaTitle knoraType="richtext_value">machina mundi</p0826-teimww:lexiaTitle>
  </p0826-teimww:lexia>
  <p0826-teimww:lexia id="ww_135b1727edb66667">
    <knoraXmlImport:label>L: sun bred</knoraXmlImport:label>
    <p0826-teimww:lexiaInternalId knoraType="richtext_value">#000421</p0826-teimww:lexiaInternalId>
    <p0826-teimww:lexiaTitle knoraType="richtext_value">sun bred</p0826-teimww:lexiaTitle>
  </p0826-teimww:lexia>
  <p0826-teimww:lexia id="ww_2d71c4e855d9a5eb">
    <knoraXmlImport:label>L: felicity</knoraXmlImport:label>
    <p0826-teimww:lexiaInternalId knoraType="richtext_value">#002169</p0826-teimww:lexiaInternalId>
    <p0826-teimww:lexiaTitle knoraType="richtext_value">felicity</p0826-teimww:lexiaTitle>
  </p0826-teimww:lexia>
  <p0826-teimww:lexia id="ww_527ad205c9488142">
    <knoraXmlImport:label>L: love seemed swee</knoraXmlImport:label>
    <p0826-teimww:lexiaInternalId knoraType="richtext_value">#002170</p0826-teimww:lexiaInternalId>
    <p0826-teimww:lexiaTitle knoraType="richtext_value">love seemed sweet</p0826-teimww:lexiaTitle>
  </p0826-teimww:lexia>
  <p0826-teimww:lexia id="ww_795e5e58e7a25985">
    <knoraXmlImport:label>L: for age with ste</knoraXmlImport:label>
    <p0826-teimww:lexiaInternalId knoraType="richtext_value">#002171</p0826-teimww:lexiaInternalId>
    <p0826-teimww:lexiaTitle knoraType="richtext_value">for age with stealing steps</p0826-teimww:lexiaTitle>
  </p0826-teimww:lexia>
  <p0826-teimww:lexia id="ww_974956dcc1643abe">
    <knoraXmlImport:label>L: tomorrow is St V</knoraXmlImport:label>
    <p0826-teimww:lexiaInternalId knoraType="richtext_value">#000672</p0826-teimww:lexiaInternalId>
    <p0826-teimww:lexiaTitle knoraType="richtext_value">tomorrow is St Valentines Day</p0826-teimww:lexiaTitle>
  </p0826-teimww:lexia>
  <p0826-teimww:lexia id="ww_b8419fca6fdf029b">
    <knoraXmlImport:label>L: young men will d</knoraXmlImport:label>
    <p0826-teimww:lexiaInternalId knoraType="richtext_value">#000674</p0826-teimww:lexiaInternalId>
    <p0826-teimww:lexiaTitle knoraType="richtext_value">young men will do it</p0826-teimww:lexiaTitle>
  </p0826-teimww:lexia>
  <p0826-teimww:lexia id="ww_459600165d59eda9">
    <knoraXmlImport:label>L: cannot but weep</knoraXmlImport:label>
    <p0826-teimww:lexiaInternalId knoraType="richtext_value">#000697</p0826-teimww:lexiaInternalId>
    <p0826-teimww:lexiaTitle knoraType="richtext_value">cannot but weep</p0826-teimww:lexiaTitle>
  </p0826-teimww:lexia>
  <p0826-teimww:lexia id="ww_9ba6070c2099e855">
    <knoraXmlImport:label>L: north-north-east</knoraXmlImport:label>
    <p0826-teimww:lexiaInternalId knoraType="richtext_value">#000059</p0826-teimww:lexiaInternalId>
    <p0826-teimww:lexiaTitle knoraType="richtext_value">north-north-east or west</p0826-teimww:lexiaTitle>
  </p0826-teimww:lexia>
  <p0826-teimww:lexia id="ww_a00b6aa3d66e4220">
    <knoraXmlImport:label>L: piece of him</knoraXmlImport:label>
    <p0826-teimww:lexiaInternalId knoraType="richtext_value">#000215</p0826-teimww:lexiaInternalId>
    <p0826-teimww:lexiaTitle knoraType="richtext_value">piece of him</p0826-teimww:lexiaTitle>
  </p0826-teimww:lexia>
  <p0826-teimww:lexia id="ww_e75dbfb757abbb29">
    <knoraXmlImport:label>L: All the world is</knoraXmlImport:label>
    <p0826-teimww:lexiaInternalId knoraType="richtext_value">#005008</p0826-teimww:lexiaInternalId>
    <p0826-teimww:lexiaTitle knoraType="richtext_value">All the world is a stage</p0826-teimww:lexiaTitle>
  </p0826-teimww:lexia>
  <p0826-teimww:lexia id="ww_04449f39e64cb92a">
    <knoraXmlImport:label>L: arrogant goodbye</knoraXmlImport:label>
    <p0826-teimww:lexiaInternalId knoraType="richtext_value">#001054</p0826-teimww:lexiaInternalId>
    <p0826-teimww:lexiaTitle knoraType="richtext_value">arrogant goodbye</p0826-teimww:lexiaTitle>
  </p0826-teimww:lexia>
  <p0826-teimww:lexia id="ww_51ed27246da3de03">
    <knoraXmlImport:label>L: tis bitter cold</knoraXmlImport:label>
    <p0826-teimww:lexiaInternalId knoraType="richtext_value">#000172</p0826-teimww:lexiaInternalId>
    <p0826-teimww:lexiaTitle knoraType="richtext_value">tis bitter cold</p0826-teimww:lexiaTitle>
  </p0826-teimww:lexia>
  <p0826-teimww:lexia id="ww_df8acf25fdeaeb9d">
    <knoraXmlImport:label>L: sick at heart</knoraXmlImport:label>
    <p0826-teimww:lexiaInternalId knoraType="richtext_value">#000115</p0826-teimww:lexiaInternalId>
    <p0826-teimww:lexiaTitle knoraType="richtext_value">sick at heart</p0826-teimww:lexiaTitle>
  </p0826-teimww:lexia>
  <p0826-teimww:lexia id="ww_6ac5c2ddb5712aa7">
    <knoraXmlImport:label>L: cleave heart in </knoraXmlImport:label>
    <p0826-teimww:lexiaInternalId knoraType="richtext_value">#000774</p0826-teimww:lexiaInternalId>
    <p0826-teimww:lexiaTitle knoraType="richtext_value">cleave heart in twain</p0826-teimww:lexiaTitle>
  </p0826-teimww:lexia>
  <p0826-teimww:lexia id="ww_fae1f5b271508764">
    <knoraXmlImport:label>L: dangerous boy de</knoraXmlImport:label>
    <p0826-teimww:lexiaInternalId knoraType="richtext_value">#000206</p0826-teimww:lexiaInternalId>
    <p0826-teimww:lexiaTitle knoraType="richtext_value">dangerous boy devours everything like a whale</p0826-teimww:lexiaTitle>
  </p0826-teimww:lexia>
  <p0826-teimww:lexia id="ww_c78b82fe23fee171">
    <knoraXmlImport:label>L: read on this boo</knoraXmlImport:label>
    <p0826-teimww:lexiaInternalId knoraType="richtext_value">#000260</p0826-teimww:lexiaInternalId>
    <p0826-teimww:lexiaTitle knoraType="richtext_value">read on this book</p0826-teimww:lexiaTitle>
  </p0826-teimww:lexia>
  <p0826-teimww:lexia id="ww_36d00c4f312e9fe0">
    <knoraXmlImport:label>L: tell my story wh</knoraXmlImport:label>
    <p0826-teimww:lexiaInternalId knoraType="richtext_value">#000607</p0826-teimww:lexiaInternalId>
    <p0826-teimww:lexiaTitle knoraType="richtext_value">tell my story when I am dead</p0826-teimww:lexiaTitle>
  </p0826-teimww:lexia>
  <p0826-teimww:lexia id="ww_667baf133288852e">
    <knoraXmlImport:label>L: fear no colours</knoraXmlImport:label>
    <p0826-teimww:lexiaInternalId knoraType="richtext_value">#000009</p0826-teimww:lexiaInternalId>
    <p0826-teimww:lexiaTitle knoraType="richtext_value">fear no colours</p0826-teimww:lexiaTitle>
  </p0826-teimww:lexia>
  <p0826-teimww:lexia id="ww_fba3108902c095f8">
    <knoraXmlImport:label>L: Revenge</knoraXmlImport:label>
    <p0826-teimww:lexiaInternalId knoraType="richtext_value">#000140</p0826-teimww:lexiaInternalId>
    <p0826-teimww:lexiaTitle knoraType="richtext_value">Revenge</p0826-teimww:lexiaTitle>
  </p0826-teimww:lexia>
  <p0826-teimww:lexia id="ww_2bf9287b40ed709c">
    <knoraXmlImport:label>L: Hamlet, revenge</knoraXmlImport:label>
    <p0826-teimww:lexiaInternalId knoraType="richtext_value">#000149</p0826-teimww:lexiaInternalId>
    <p0826-teimww:lexiaTitle knoraType="richtext_value">Hamlet, revenge</p0826-teimww:lexiaTitle>
  </p0826-teimww:lexia>
  <p0826-teimww:lexia id="ww_4c64336cbb097d4e">
    <knoraXmlImport:label>L: thereby hangs a </knoraXmlImport:label>
    <p0826-teimww:lexiaInternalId knoraType="richtext_value">#005082</p0826-teimww:lexiaInternalId>
    <p0826-teimww:lexiaTitle knoraType="richtext_value">thereby hangs a tale</p0826-teimww:lexiaTitle>
  </p0826-teimww:lexia>
  <p0826-teimww:lexia id="ww_a77bcd010f0b2aad">
    <knoraXmlImport:label>L: owl shrieks like</knoraXmlImport:label>
    <p0826-teimww:lexiaInternalId knoraType="richtext_value">#001040</p0826-teimww:lexiaInternalId>
    <p0826-teimww:lexiaTitle knoraType="richtext_value">owl shrieks like bellman</p0826-teimww:lexiaTitle>
  </p0826-teimww:lexia>
  <p0826-teimww:lexia id="ww_afd689b992c85900">
    <knoraXmlImport:label>L: falling in, fall</knoraXmlImport:label>
    <p0826-teimww:lexiaInternalId knoraType="richtext_value">#000037</p0826-teimww:lexiaInternalId>
    <p0826-teimww:lexiaTitle knoraType="richtext_value">falling in, falling out</p0826-teimww:lexiaTitle>
  </p0826-teimww:lexia>
  <p0826-teimww:lexia id="ww_13ff24d1b72f312e">
    <knoraXmlImport:label>L: wallet</knoraXmlImport:label>
    <p0826-teimww:lexiaInternalId knoraType="richtext_value">#002042</p0826-teimww:lexiaInternalId>
    <p0826-teimww:lexiaTitle knoraType="richtext_value">wallet</p0826-teimww:lexiaTitle>
  </p0826-teimww:lexia>
  <p0826-teimww:lexia id="ww_5fffd07151f2f286">
    <knoraXmlImport:label>L: to leer on sb</knoraXmlImport:label>
    <p0826-teimww:lexiaInternalId knoraType="richtext_value">#000144</p0826-teimww:lexiaInternalId>
    <p0826-teimww:lexiaTitle knoraType="richtext_value">to leer on sb</p0826-teimww:lexiaTitle>
  </p0826-teimww:lexia>
  <p0826-teimww:lexia id="ww_df3d0b97ff1537e1">
    <knoraXmlImport:label>L: trust sb as you </knoraXmlImport:label>
    <p0826-teimww:lexiaInternalId knoraType="richtext_value">#004035</p0826-teimww:lexiaInternalId>
    <p0826-teimww:lexiaTitle knoraType="richtext_value">trust sb as you trust a snake</p0826-teimww:lexiaTitle>
  </p0826-teimww:lexia>
  <p0826-teimww:lexia id="ww_ff005839ee00e250">
    <knoraXmlImport:label>L: Venus or Aphrodi</knoraXmlImport:label>
    <p0826-teimww:lexiaInternalId knoraType="richtext_value">#002238</p0826-teimww:lexiaInternalId>
    <p0826-teimww:lexiaTitle knoraType="richtext_value">Venus or Aphrodite</p0826-teimww:lexiaTitle>
  </p0826-teimww:lexia>
  <p0826-teimww:lexia id="ww_a90f6c2e3005dc20">
    <knoraXmlImport:label>L: cannot endure ta</knoraXmlImport:label>
    <p0826-teimww:lexiaInternalId knoraType="richtext_value">#002273</p0826-teimww:lexiaInternalId>
    <p0826-teimww:lexiaTitle knoraType="richtext_value">cannot endure talkative woman</p0826-teimww:lexiaTitle>
  </p0826-teimww:lexia>
  <p0826-teimww:lexia id="ww_b2f8ae9db05d31b1">
    <knoraXmlImport:label>L: spirits</knoraXmlImport:label>
    <p0826-teimww:lexiaInternalId knoraType="richtext_value">#002038</p0826-teimww:lexiaInternalId>
    <p0826-teimww:lexiaTitle knoraType="richtext_value">spirits</p0826-teimww:lexiaTitle>
  </p0826-teimww:lexia>
  <p0826-teimww:lexia id="ww_75b03c2c16b9b9a1">
    <knoraXmlImport:label>L: sister pleading </knoraXmlImport:label>
    <p0826-teimww:lexiaInternalId knoraType="richtext_value">#002039</p0826-teimww:lexiaInternalId>
    <p0826-teimww:lexiaTitle knoraType="richtext_value">sister pleading for brothers life in exchange for sex</p0826-teimww:lexiaTitle>
  </p0826-teimww:lexia>
  <p0826-teimww:lexia id="ww_e7a68add09eba3e1">
    <knoraXmlImport:label>L: Nature falling i</knoraXmlImport:label>
    <p0826-teimww:lexiaInternalId knoraType="richtext_value">#000422</p0826-teimww:lexiaInternalId>
    <p0826-teimww:lexiaTitle knoraType="richtext_value">Nature falling in love with her own work</p0826-teimww:lexiaTitle>
  </p0826-teimww:lexia>
  <p0826-teimww:lexia id="ww_06f61cfde0527341">
    <knoraXmlImport:label>L: Othello</knoraXmlImport:label>
    <p0826-teimww:lexiaInternalId knoraType="richtext_value">#000146</p0826-teimww:lexiaInternalId>
    <p0826-teimww:lexiaTitle knoraType="richtext_value">Othello</p0826-teimww:lexiaTitle>
  </p0826-teimww:lexia>
  <p0826-teimww:lexia id="ww_307da6ddc100b9b0">
    <knoraXmlImport:label>L: virtue as risky </knoraXmlImport:label>
    <p0826-teimww:lexiaInternalId knoraType="richtext_value">#000430</p0826-teimww:lexiaInternalId>
    <p0826-teimww:lexiaTitle knoraType="richtext_value">virtue as risky as crime in a corrupt world</p0826-teimww:lexiaTitle>
  </p0826-teimww:lexia>
  <p0826-teimww:lexia id="ww_28cd97c2a00390cb">
    <knoraXmlImport:label>L: Hamlets madness</knoraXmlImport:label>
    <p0826-teimww:lexiaInternalId knoraType="richtext_value">#005011</p0826-teimww:lexiaInternalId>
    <p0826-teimww:lexiaTitle knoraType="richtext_value">Hamlets madness</p0826-teimww:lexiaTitle>
  </p0826-teimww:lexia>
  <p0826-teimww:lexia id="ww_19971f665f25bf3d">
    <knoraXmlImport:label>L: watch taming</knoraXmlImport:label>
    <p0826-teimww:lexiaInternalId knoraType="richtext_value">#002032</p0826-teimww:lexiaInternalId>
    <p0826-teimww:lexiaTitle knoraType="richtext_value">watch taming</p0826-teimww:lexiaTitle>
  </p0826-teimww:lexia>
  <p0826-teimww:lexia id="ww_ccec431c590a31d4">
    <knoraXmlImport:label>L: raven, infected </knoraXmlImport:label>
    <p0826-teimww:lexiaInternalId knoraType="richtext_value">#002035</p0826-teimww:lexiaInternalId>
    <p0826-teimww:lexiaTitle knoraType="richtext_value">raven, infected house</p0826-teimww:lexiaTitle>
  </p0826-teimww:lexia>
  <p0826-teimww:lexia id="ww_7e0336f4c1fdc273">
    <knoraXmlImport:label>L: Pride, pomp and </knoraXmlImport:label>
    <p0826-teimww:lexiaInternalId knoraType="richtext_value">#000058</p0826-teimww:lexiaInternalId>
    <p0826-teimww:lexiaTitle knoraType="richtext_value">Pride, pomp and glorious war</p0826-teimww:lexiaTitle>
  </p0826-teimww:lexia>
  <p0826-teimww:lexia id="ww_014049abd56da161">
    <knoraXmlImport:label>L: fruits ripen sun</knoraXmlImport:label>
    <p0826-teimww:lexiaInternalId knoraType="richtext_value">#002026</p0826-teimww:lexiaInternalId>
    <p0826-teimww:lexiaTitle knoraType="richtext_value">fruits ripen sun</p0826-teimww:lexiaTitle>
  </p0826-teimww:lexia>
  <p0826-teimww:lexia id="ww_ab67c0bd02915be9">
    <knoraXmlImport:label>L: what you know, y</knoraXmlImport:label>
    <p0826-teimww:lexiaInternalId knoraType="richtext_value">#001042</p0826-teimww:lexiaInternalId>
    <p0826-teimww:lexiaTitle knoraType="richtext_value">what you know, you know, I will remain silent</p0826-teimww:lexiaTitle>
  </p0826-teimww:lexia>
  <p0826-teimww:lexia id="ww_277719f481321baa">
    <knoraXmlImport:label>L: young quat</knoraXmlImport:label>
    <p0826-teimww:lexiaInternalId knoraType="richtext_value">#000048</p0826-teimww:lexiaInternalId>
    <p0826-teimww:lexiaTitle knoraType="richtext_value">young quat</p0826-teimww:lexiaTitle>
  </p0826-teimww:lexia>
  <p0826-teimww:lexia id="ww_564342b4f2c61179">
    <knoraXmlImport:label>L: Indian you had p</knoraXmlImport:label>
    <p0826-teimww:lexiaInternalId knoraType="richtext_value">#000057</p0826-teimww:lexiaInternalId>
    <p0826-teimww:lexiaTitle knoraType="richtext_value">Indian you had pearl or treasure</p0826-teimww:lexiaTitle>
  </p0826-teimww:lexia>
  <p0826-teimww:lexia id="ww_afd806b4bb5931a4">
    <knoraXmlImport:label>L: carry coals</knoraXmlImport:label>
    <p0826-teimww:lexiaInternalId knoraType="richtext_value">#000015</p0826-teimww:lexiaInternalId>
    <p0826-teimww:lexiaTitle knoraType="richtext_value">carry coals</p0826-teimww:lexiaTitle>
  </p0826-teimww:lexia>
  <p0826-teimww:lexia id="ww_d42be71c89ed7fcb">
    <knoraXmlImport:label>L: big fish eat sma</knoraXmlImport:label>
    <p0826-teimww:lexiaInternalId knoraType="richtext_value">#000733</p0826-teimww:lexiaInternalId>
    <p0826-teimww:lexiaTitle knoraType="richtext_value">big fish eat small fish</p0826-teimww:lexiaTitle>
  </p0826-teimww:lexia>
  <p0826-teimww:lexia id="ww_471809136403e42c">
    <knoraXmlImport:label>L: eagle-eyed</knoraXmlImport:label>
    <p0826-teimww:lexiaInternalId knoraType="richtext_value">#002002</p0826-teimww:lexiaInternalId>
    <p0826-teimww:lexiaTitle knoraType="richtext_value">eagle-eyed</p0826-teimww:lexiaTitle>
  </p0826-teimww:lexia>
  <p0826-teimww:lexia id="ww_46249fced2d2f989">
    <knoraXmlImport:label>L: MOTIF - infideli</knoraXmlImport:label>
    <p0826-teimww:lexiaInternalId knoraType="richtext_value">#002003</p0826-teimww:lexiaInternalId>
    <p0826-teimww:lexiaTitle knoraType="richtext_value">MOTIF - infidelity</p0826-teimww:lexiaTitle>
  </p0826-teimww:lexia>
  <p0826-teimww:lexia id="ww_ce9bcded42fe66e4">
    <knoraXmlImport:label>L: apparent honesty</knoraXmlImport:label>
    <p0826-teimww:lexiaInternalId knoraType="richtext_value">#002004</p0826-teimww:lexiaInternalId>
    <p0826-teimww:lexiaTitle knoraType="richtext_value">apparent honesty</p0826-teimww:lexiaTitle>
  </p0826-teimww:lexia>
  <p0826-teimww:lexia id="ww_863f8bab6ad0900f">
    <knoraXmlImport:label>L: MOTIF - apparent</knoraXmlImport:label>
    <p0826-teimww:lexiaInternalId knoraType="richtext_value">#002005</p0826-teimww:lexiaInternalId>
    <p0826-teimww:lexiaTitle knoraType="richtext_value">MOTIF - apparent lust</p0826-teimww:lexiaTitle>
  </p0826-teimww:lexia>
  <p0826-teimww:lexia id="ww_917d226a0202b102">
    <knoraXmlImport:label>L: Farewell gloriou</knoraXmlImport:label>
    <p0826-teimww:lexiaInternalId knoraType="richtext_value">#002008</p0826-teimww:lexiaInternalId>
    <p0826-teimww:lexiaTitle knoraType="richtext_value">Farewell glorious war/plumed troops</p0826-teimww:lexiaTitle>
  </p0826-teimww:lexia>
  <p0826-teimww:lexia id="ww_c1d0b3241dd4eba7">
    <knoraXmlImport:label>L: Goats and monkey</knoraXmlImport:label>
    <p0826-teimww:lexiaInternalId knoraType="richtext_value">#002009</p0826-teimww:lexiaInternalId>
    <p0826-teimww:lexiaTitle knoraType="richtext_value">Goats and monkeys</p0826-teimww:lexiaTitle>
  </p0826-teimww:lexia>
  <p0826-teimww:lexia id="ww_9b9aa7c2084213c0">
    <knoraXmlImport:label>L: looking glass br</knoraXmlImport:label>
    <p0826-teimww:lexiaInternalId knoraType="richtext_value">#000053</p0826-teimww:lexiaInternalId>
    <p0826-teimww:lexiaTitle knoraType="richtext_value">looking glass breath</p0826-teimww:lexiaTitle>
  </p0826-teimww:lexia>
  <p0826-teimww:lexia id="ww_04e5d619720f6ad1">
    <knoraXmlImport:label>L: hedge-sparrow fe</knoraXmlImport:label>
    <p0826-teimww:lexiaInternalId knoraType="richtext_value">#002135</p0826-teimww:lexiaInternalId>
    <p0826-teimww:lexiaTitle knoraType="richtext_value">hedge-sparrow feeding cuckoo</p0826-teimww:lexiaTitle>
  </p0826-teimww:lexia>
  <p0826-teimww:lexia id="ww_5a5867fc951b92e0">
    <knoraXmlImport:label>L: shadow of a shad</knoraXmlImport:label>
    <p0826-teimww:lexiaInternalId knoraType="richtext_value">#002136</p0826-teimww:lexiaInternalId>
    <p0826-teimww:lexiaTitle knoraType="richtext_value">shadow of a shadow</p0826-teimww:lexiaTitle>
  </p0826-teimww:lexia>
  <p0826-teimww:lexia id="ww_d679850439ed85ec">
    <knoraXmlImport:label>L: goodnight ladies</knoraXmlImport:label>
    <p0826-teimww:lexiaInternalId knoraType="richtext_value">#000062</p0826-teimww:lexiaInternalId>
    <p0826-teimww:lexiaTitle knoraType="richtext_value">goodnight ladies, my coach</p0826-teimww:lexiaTitle>
  </p0826-teimww:lexia>
  <p0826-teimww:lexia id="ww_810376ea1a38bad2">
    <knoraXmlImport:label>L: Gertrude</knoraXmlImport:label>
    <p0826-teimww:lexiaInternalId knoraType="richtext_value">#000219</p0826-teimww:lexiaInternalId>
    <p0826-teimww:lexiaTitle knoraType="richtext_value">Gertrude</p0826-teimww:lexiaTitle>
  </p0826-teimww:lexia>
  <p0826-teimww:lexia id="ww_f3f540c15599c60e">
    <knoraXmlImport:label>L: Prince of Darkne</knoraXmlImport:label>
    <p0826-teimww:lexiaInternalId knoraType="richtext_value">#000667</p0826-teimww:lexiaInternalId>
    <p0826-teimww:lexiaTitle knoraType="richtext_value">Prince of Darkness</p0826-teimww:lexiaTitle>
  </p0826-teimww:lexia>
  <p0826-teimww:lexia id="ww_dd96ecd2aa4a2ea8">
    <knoraXmlImport:label>L: cold meat to tab</knoraXmlImport:label>
    <p0826-teimww:lexiaInternalId knoraType="richtext_value">#000051</p0826-teimww:lexiaInternalId>
    <p0826-teimww:lexiaTitle knoraType="richtext_value">cold meat to table</p0826-teimww:lexiaTitle>
  </p0826-teimww:lexia>
  <p0826-teimww:lexia id="ww_2139e0850ed6a9a8">
    <knoraXmlImport:label>L: eat and be eaten</knoraXmlImport:label>
    <p0826-teimww:lexiaInternalId knoraType="richtext_value">#000117</p0826-teimww:lexiaInternalId>
    <p0826-teimww:lexiaTitle knoraType="richtext_value">eat and be eaten</p0826-teimww:lexiaTitle>
  </p0826-teimww:lexia>
  <p0826-teimww:lexia id="ww_ee705aeff0025775">
    <knoraXmlImport:label>L: wanton boy or wi</knoraXmlImport:label>
    <p0826-teimww:lexiaInternalId knoraType="richtext_value">#002047</p0826-teimww:lexiaInternalId>
    <p0826-teimww:lexiaTitle knoraType="richtext_value">wanton boy or wind and billow</p0826-teimww:lexiaTitle>
  </p0826-teimww:lexia>
  <p0826-teimww:lexia id="ww_36ad70485d5e8746">
    <knoraXmlImport:label>L: engraved eyes - </knoraXmlImport:label>
    <p0826-teimww:lexiaInternalId knoraType="richtext_value">#002048</p0826-teimww:lexiaInternalId>
    <p0826-teimww:lexiaTitle knoraType="richtext_value">engraved eyes - fame</p0826-teimww:lexiaTitle>
  </p0826-teimww:lexia>
  <p0826-teimww:lexia id="ww_12a635b962f69fb1">
    <knoraXmlImport:label>L:  Butcher own son</knoraXmlImport:label>
    <p0826-teimww:lexiaInternalId knoraType="richtext_value">#002051</p0826-teimww:lexiaInternalId>
    <p0826-teimww:lexiaTitle knoraType="richtext_value"> Butcher own son</p0826-teimww:lexiaTitle>
  </p0826-teimww:lexia>
  <p0826-teimww:lexia id="ww_c4f6ac4adb8509f8">
    <knoraXmlImport:label>L: Thetis watery la</knoraXmlImport:label>
    <p0826-teimww:lexiaInternalId knoraType="richtext_value">#002053</p0826-teimww:lexiaInternalId>
    <p0826-teimww:lexiaTitle knoraType="richtext_value">Thetis watery lap</p0826-teimww:lexiaTitle>
  </p0826-teimww:lexia>
  <p0826-teimww:lexia id="ww_030c42033784bc41">
    <knoraXmlImport:label>L: Thetis</knoraXmlImport:label>
    <p0826-teimww:lexiaInternalId knoraType="richtext_value">#004002</p0826-teimww:lexiaInternalId>
    <p0826-teimww:lexiaTitle knoraType="richtext_value">Thetis</p0826-teimww:lexiaTitle>
  </p0826-teimww:lexia>
  <p0826-teimww:lexia id="ww_8b1a1118934a3ad1">
    <knoraXmlImport:label>L: Alcides post</knoraXmlImport:label>
    <p0826-teimww:lexiaInternalId knoraType="richtext_value">#002057</p0826-teimww:lexiaInternalId>
    <p0826-teimww:lexiaTitle knoraType="richtext_value">Alcides post</p0826-teimww:lexiaTitle>
  </p0826-teimww:lexia>
  <p0826-teimww:lexia id="ww_9062b6e673998de2">
    <knoraXmlImport:label>L: Alcides</knoraXmlImport:label>
    <p0826-teimww:lexiaInternalId knoraType="richtext_value">#004407</p0826-teimww:lexiaInternalId>
    <p0826-teimww:lexiaTitle knoraType="richtext_value">Alcides</p0826-teimww:lexiaTitle>
  </p0826-teimww:lexia>
  <p0826-teimww:lexia id="ww_7428faca253b69e4">
    <knoraXmlImport:label>L: nostrils morning</knoraXmlImport:label>
    <p0826-teimww:lexiaInternalId knoraType="richtext_value">#002059</p0826-teimww:lexiaInternalId>
    <p0826-teimww:lexiaTitle knoraType="richtext_value">nostrils morning blow</p0826-teimww:lexiaTitle>
  </p0826-teimww:lexia>
  <p0826-teimww:lexia id="ww_9b1c7ebc432e856e">
    <knoraXmlImport:label>L: Pompey the Great</knoraXmlImport:label>
    <p0826-teimww:lexiaInternalId knoraType="richtext_value">#001019</p0826-teimww:lexiaInternalId>
    <p0826-teimww:lexiaTitle knoraType="richtext_value">Pompey the Great</p0826-teimww:lexiaTitle>
  </p0826-teimww:lexia>
  <p0826-teimww:lexia id="ww_8b62020d3c27b668">
    <knoraXmlImport:label>L: own dimensions</knoraXmlImport:label>
    <p0826-teimww:lexiaInternalId knoraType="richtext_value">#001061</p0826-teimww:lexiaInternalId>
    <p0826-teimww:lexiaTitle knoraType="richtext_value">own dimensions</p0826-teimww:lexiaTitle>
  </p0826-teimww:lexia>
  <p0826-teimww:lexia id="ww_494153ffe41a261e">
    <knoraXmlImport:label>L: speak, Im bound </knoraXmlImport:label>
    <p0826-teimww:lexiaInternalId knoraType="richtext_value">#000078</p0826-teimww:lexiaInternalId>
    <p0826-teimww:lexiaTitle knoraType="richtext_value">speak, Im bound to hear</p0826-teimww:lexiaTitle>
  </p0826-teimww:lexia>
  <p0826-teimww:lexia id="ww_5a3a3d7d3d30f7e0">
    <knoraXmlImport:label>L: stand doubtful</knoraXmlImport:label>
    <p0826-teimww:lexiaInternalId knoraType="richtext_value">#000086</p0826-teimww:lexiaInternalId>
    <p0826-teimww:lexiaTitle knoraType="richtext_value">stand doubtful</p0826-teimww:lexiaTitle>
  </p0826-teimww:lexia>
  <p0826-teimww:lexia id="ww_63265d2574cd459f">
    <knoraXmlImport:label>L: flag fans cold a</knoraXmlImport:label>
    <p0826-teimww:lexiaInternalId knoraType="richtext_value">#000060</p0826-teimww:lexiaInternalId>
    <p0826-teimww:lexiaTitle knoraType="richtext_value">flag fans cold air</p0826-teimww:lexiaTitle>
  </p0826-teimww:lexia>
  <p0826-teimww:lexia id="ww_6c605b8d715e3efc">
    <knoraXmlImport:label>L: small animals fe</knoraXmlImport:label>
    <p0826-teimww:lexiaInternalId knoraType="richtext_value">#000087</p0826-teimww:lexiaInternalId>
    <p0826-teimww:lexiaTitle knoraType="richtext_value">small animals fear bigger ones</p0826-teimww:lexiaTitle>
  </p0826-teimww:lexia>
  <p0826-teimww:lexia id="ww_b2acbf36bc507e88">
    <knoraXmlImport:label>L: He knows thy tho</knoraXmlImport:label>
    <p0826-teimww:lexiaInternalId knoraType="richtext_value">#000041</p0826-teimww:lexiaInternalId>
    <p0826-teimww:lexiaTitle knoraType="richtext_value">He knows thy thought</p0826-teimww:lexiaTitle>
  </p0826-teimww:lexia>
  <p0826-teimww:lexia id="ww_8d783e64558a1165">
    <knoraXmlImport:label>L: horses</knoraXmlImport:label>
    <p0826-teimww:lexiaInternalId knoraType="richtext_value">#001048</p0826-teimww:lexiaInternalId>
    <p0826-teimww:lexiaTitle knoraType="richtext_value">horses</p0826-teimww:lexiaTitle>
  </p0826-teimww:lexia>
  <p0826-teimww:lexia id="ww_1107b72292efd6b5">
    <knoraXmlImport:label>L: sailing in a sie</knoraXmlImport:label>
    <p0826-teimww:lexiaInternalId knoraType="richtext_value">#000095</p0826-teimww:lexiaInternalId>
    <p0826-teimww:lexiaTitle knoraType="richtext_value">sailing in a sieve</p0826-teimww:lexiaTitle>
  </p0826-teimww:lexia>
  <p0826-teimww:lexia id="ww_72eb58d1c725d6fd">
    <knoraXmlImport:label>L: die with happine</knoraXmlImport:label>
    <p0826-teimww:lexiaInternalId knoraType="richtext_value">#000794</p0826-teimww:lexiaInternalId>
    <p0826-teimww:lexiaTitle knoraType="richtext_value">die with happiness</p0826-teimww:lexiaTitle>
  </p0826-teimww:lexia>
  <p0826-teimww:lexia id="ww_52cfbc24d1710956">
    <knoraXmlImport:label>L: ivory breasts</knoraXmlImport:label>
    <p0826-teimww:lexiaInternalId knoraType="richtext_value">#002138</p0826-teimww:lexiaInternalId>
    <p0826-teimww:lexiaTitle knoraType="richtext_value">ivory breasts</p0826-teimww:lexiaTitle>
  </p0826-teimww:lexia>
  <p0826-teimww:lexia id="ww_757315eb9c1f6fa3">
    <knoraXmlImport:label>L: borrowed kiss</knoraXmlImport:label>
    <p0826-teimww:lexiaInternalId knoraType="richtext_value">#002131</p0826-teimww:lexiaInternalId>
    <p0826-teimww:lexiaTitle knoraType="richtext_value">borrowed kiss</p0826-teimww:lexiaTitle>
  </p0826-teimww:lexia>
  <p0826-teimww:lexia id="ww_7583e972af326108">
    <knoraXmlImport:label>L: A thing of blood</knoraXmlImport:label>
    <p0826-teimww:lexiaInternalId knoraType="richtext_value">#000054</p0826-teimww:lexiaInternalId>
    <p0826-teimww:lexiaTitle knoraType="richtext_value">A thing of blood</p0826-teimww:lexiaTitle>
  </p0826-teimww:lexia>
  <p0826-teimww:lexia id="ww_65b0a7f3fc074254">
    <knoraXmlImport:label>L: beast with many </knoraXmlImport:label>
    <p0826-teimww:lexiaInternalId knoraType="richtext_value">#001041</p0826-teimww:lexiaInternalId>
    <p0826-teimww:lexiaTitle knoraType="richtext_value">beast with many heads</p0826-teimww:lexiaTitle>
  </p0826-teimww:lexia>
  <p0826-teimww:lexia id="ww_2dfdc9608ab7476a">
    <knoraXmlImport:label>L: mirror up to nat</knoraXmlImport:label>
    <p0826-teimww:lexiaInternalId knoraType="richtext_value">#000216</p0826-teimww:lexiaInternalId>
    <p0826-teimww:lexiaTitle knoraType="richtext_value">mirror up to nature</p0826-teimww:lexiaTitle>
  </p0826-teimww:lexia>
  <p0826-teimww:lexia id="ww_e0e6acc72ee793b0">
    <knoraXmlImport:label>L: Closet scene in </knoraXmlImport:label>
    <p0826-teimww:lexiaInternalId knoraType="richtext_value">#005021</p0826-teimww:lexiaInternalId>
    <p0826-teimww:lexiaTitle knoraType="richtext_value">Closet scene in Hamlet</p0826-teimww:lexiaTitle>
  </p0826-teimww:lexia>
  <p0826-teimww:lexia id="ww_a140a69e9f055e15">
    <knoraXmlImport:label>L: see my own corru</knoraXmlImport:label>
    <p0826-teimww:lexiaInternalId knoraType="richtext_value">#000759</p0826-teimww:lexiaInternalId>
    <p0826-teimww:lexiaTitle knoraType="richtext_value">see my own corruption inside</p0826-teimww:lexiaTitle>
  </p0826-teimww:lexia>
  <p0826-teimww:lexia id="ww_f14c7f50b76b90d7">
    <knoraXmlImport:label>L: prophetic soul</knoraXmlImport:label>
    <p0826-teimww:lexiaInternalId knoraType="richtext_value">#000116</p0826-teimww:lexiaInternalId>
    <p0826-teimww:lexiaTitle knoraType="richtext_value">prophetic soul</p0826-teimww:lexiaTitle>
  </p0826-teimww:lexia>
  <p0826-teimww:lexia id="ww_fd7a7631bdc63ea6">
    <knoraXmlImport:label>L: being murdered b</knoraXmlImport:label>
    <p0826-teimww:lexiaInternalId knoraType="richtext_value">#000780</p0826-teimww:lexiaInternalId>
    <p0826-teimww:lexiaTitle knoraType="richtext_value">being murdered behind an arras</p0826-teimww:lexiaTitle>
  </p0826-teimww:lexia>
  <p0826-teimww:lexia id="ww_bf6eee0879c63eb0">
    <knoraXmlImport:label>L: prostitute marry</knoraXmlImport:label>
    <p0826-teimww:lexiaInternalId knoraType="richtext_value">#000212</p0826-teimww:lexiaInternalId>
    <p0826-teimww:lexiaTitle knoraType="richtext_value">prostitute marrying tradesman</p0826-teimww:lexiaTitle>
  </p0826-teimww:lexia>
  <p0826-teimww:lexia id="ww_2fc47f4282e51a25">
    <knoraXmlImport:label>L: springs to catch</knoraXmlImport:label>
    <p0826-teimww:lexiaInternalId knoraType="richtext_value">#000110</p0826-teimww:lexiaInternalId>
    <p0826-teimww:lexiaTitle knoraType="richtext_value">springs to catch woodcocks</p0826-teimww:lexiaTitle>
  </p0826-teimww:lexia>
  <p0826-teimww:lexia id="ww_e279aadcbde5fbe9">
    <knoraXmlImport:label>L: fools paradise</knoraXmlImport:label>
    <p0826-teimww:lexiaInternalId knoraType="richtext_value">#000074</p0826-teimww:lexiaInternalId>
    <p0826-teimww:lexiaTitle knoraType="richtext_value">fools paradise</p0826-teimww:lexiaTitle>
  </p0826-teimww:lexia>
  <p0826-teimww:lexia id="ww_45810440eae644c4">
    <knoraXmlImport:label>L: resolve meaning </knoraXmlImport:label>
    <p0826-teimww:lexiaInternalId knoraType="richtext_value">#005180</p0826-teimww:lexiaInternalId>
    <p0826-teimww:lexiaTitle knoraType="richtext_value">resolve meaning solve a doubt</p0826-teimww:lexiaTitle>
  </p0826-teimww:lexia>
  <p0826-teimww:lexia id="ww_b643487c9890f788">
    <knoraXmlImport:label>L: Graves without m</knoraXmlImport:label>
    <p0826-teimww:lexiaInternalId knoraType="richtext_value">#001050</p0826-teimww:lexiaInternalId>
    <p0826-teimww:lexiaTitle knoraType="richtext_value">Graves without monuments</p0826-teimww:lexiaTitle>
  </p0826-teimww:lexia>
  <p0826-teimww:lexia id="ww_4c5dc9a60ce0db16">
    <knoraXmlImport:label>L: Holy gate</knoraXmlImport:label>
    <p0826-teimww:lexiaInternalId knoraType="richtext_value">#001051</p0826-teimww:lexiaInternalId>
    <p0826-teimww:lexiaTitle knoraType="richtext_value">Holy gate</p0826-teimww:lexiaTitle>
  </p0826-teimww:lexia>
  <p0826-teimww:lexia id="ww_b96b4f2df70b9195">
    <knoraXmlImport:label>L: oiled hinges</knoraXmlImport:label>
    <p0826-teimww:lexiaInternalId knoraType="richtext_value">#001081</p0826-teimww:lexiaInternalId>
    <p0826-teimww:lexiaTitle knoraType="richtext_value">oiled hinges</p0826-teimww:lexiaTitle>
  </p0826-teimww:lexia>
  <p0826-teimww:lexia id="ww_c178a33fce45dc78">
    <knoraXmlImport:label>L: swear</knoraXmlImport:label>
    <p0826-teimww:lexiaInternalId knoraType="richtext_value">#001131</p0826-teimww:lexiaInternalId>
    <p0826-teimww:lexiaTitle knoraType="richtext_value">swear</p0826-teimww:lexiaTitle>
  </p0826-teimww:lexia>
  <p0826-teimww:lexia id="ww_8e5d05d8bd2bf083">
    <knoraXmlImport:label>L: Mathematical</knoraXmlImport:label>
    <p0826-teimww:lexiaInternalId knoraType="richtext_value">#001052</p0826-teimww:lexiaInternalId>
    <p0826-teimww:lexiaTitle knoraType="richtext_value">Mathematical</p0826-teimww:lexiaTitle>
  </p0826-teimww:lexia>
  <p0826-teimww:lexia id="ww_5b7df94421322b7f">
    <knoraXmlImport:label>L: conversation cop</knoraXmlImport:label>
    <p0826-teimww:lexiaInternalId knoraType="richtext_value">#000321</p0826-teimww:lexiaInternalId>
    <p0826-teimww:lexiaTitle knoraType="richtext_value">conversation coped withal</p0826-teimww:lexiaTitle>
  </p0826-teimww:lexia>
  <p0826-teimww:lexia id="ww_0aac2f272f2334aa">
    <knoraXmlImport:label>L: number of good-m</knoraXmlImport:label>
    <p0826-teimww:lexiaInternalId knoraType="richtext_value">#005079</p0826-teimww:lexiaInternalId>
    <p0826-teimww:lexiaTitle knoraType="richtext_value">number of good-morrows</p0826-teimww:lexiaTitle>
  </p0826-teimww:lexia>
  <p0826-teimww:lexia id="ww_a404cee1c9f30d7b">
    <knoraXmlImport:label>L: Revolution</knoraXmlImport:label>
    <p0826-teimww:lexiaInternalId knoraType="richtext_value">#001060</p0826-teimww:lexiaInternalId>
    <p0826-teimww:lexiaTitle knoraType="richtext_value">Revolution</p0826-teimww:lexiaTitle>
  </p0826-teimww:lexia>
  <p0826-teimww:lexia id="ww_928f6c883d59cce4">
    <knoraXmlImport:label>L: ride the law lik</knoraXmlImport:label>
    <p0826-teimww:lexiaInternalId knoraType="richtext_value">#005136</p0826-teimww:lexiaInternalId>
    <p0826-teimww:lexiaTitle knoraType="richtext_value">ride the law like an ass</p0826-teimww:lexiaTitle>
  </p0826-teimww:lexia>
  <p0826-teimww:lexia id="ww_9742b4360cd9661b">
    <knoraXmlImport:label>L:  bold</knoraXmlImport:label>
    <p0826-teimww:lexiaInternalId knoraType="richtext_value">#001068</p0826-teimww:lexiaInternalId>
    <p0826-teimww:lexiaTitle knoraType="richtext_value"> bold</p0826-teimww:lexiaTitle>
  </p0826-teimww:lexia>
  <p0826-teimww:lexia id="ww_40b91fe87871ac49">
    <knoraXmlImport:label>L: Family of Love</knoraXmlImport:label>
    <p0826-teimww:lexiaInternalId knoraType="richtext_value">@001529</p0826-teimww:lexiaInternalId>
    <p0826-teimww:lexiaTitle knoraType="richtext_value">Family of Love</p0826-teimww:lexiaTitle>
  </p0826-teimww:lexia>
  <p0826-teimww:lexia id="ww_2008aa4179fe3e87">
    <knoraXmlImport:label>L: methinks speaks </knoraXmlImport:label>
    <p0826-teimww:lexiaInternalId knoraType="richtext_value">#000666</p0826-teimww:lexiaInternalId>
    <p0826-teimww:lexiaTitle knoraType="richtext_value">methinks speaks organs</p0826-teimww:lexiaTitle>
  </p0826-teimww:lexia>
  <p0826-teimww:lexia id="ww_5cfe3f2b66d2109a">
    <knoraXmlImport:label>L: purge stomach on</knoraXmlImport:label>
    <p0826-teimww:lexiaInternalId knoraType="richtext_value">#000043</p0826-teimww:lexiaInternalId>
    <p0826-teimww:lexiaTitle knoraType="richtext_value">purge stomach on water</p0826-teimww:lexiaTitle>
  </p0826-teimww:lexia>
  <p0826-teimww:lexia id="ww_ec149602d887f4b2">
    <knoraXmlImport:label>L: bear a brain</knoraXmlImport:label>
    <p0826-teimww:lexiaInternalId knoraType="richtext_value">#000036</p0826-teimww:lexiaInternalId>
    <p0826-teimww:lexiaTitle knoraType="richtext_value">bear a brain</p0826-teimww:lexiaTitle>
  </p0826-teimww:lexia>
  <p0826-teimww:lexia id="ww_fb3079752c9b6442">
    <knoraXmlImport:label>L: northern blast</knoraXmlImport:label>
    <p0826-teimww:lexiaInternalId knoraType="richtext_value">#000785</p0826-teimww:lexiaInternalId>
    <p0826-teimww:lexiaTitle knoraType="richtext_value">northern blast</p0826-teimww:lexiaTitle>
  </p0826-teimww:lexia>
  <p0826-teimww:lexia id="ww_3ba4f388c8e04db8">
    <knoraXmlImport:label>L: private spleen</knoraXmlImport:label>
    <p0826-teimww:lexiaInternalId knoraType="richtext_value">#002130</p0826-teimww:lexiaInternalId>
    <p0826-teimww:lexiaTitle knoraType="richtext_value">private spleen</p0826-teimww:lexiaTitle>
  </p0826-teimww:lexia>
  <p0826-teimww:lexia id="ww_3883a7e46aec28a6">
    <knoraXmlImport:label>L: horse tires</knoraXmlImport:label>
    <p0826-teimww:lexiaInternalId knoraType="richtext_value">#000064</p0826-teimww:lexiaInternalId>
    <p0826-teimww:lexiaTitle knoraType="richtext_value">horse tires</p0826-teimww:lexiaTitle>
  </p0826-teimww:lexia>
  <p0826-teimww:lexia id="ww_8b57083d898eccc8">
    <knoraXmlImport:label>L: height glory</knoraXmlImport:label>
    <p0826-teimww:lexiaInternalId knoraType="richtext_value">#000788</p0826-teimww:lexiaInternalId>
    <p0826-teimww:lexiaTitle knoraType="richtext_value">height glory</p0826-teimww:lexiaTitle>
  </p0826-teimww:lexia>
  <p0826-teimww:lexia id="ww_07bb463774267ca2">
    <knoraXmlImport:label>L: Geoffrey Chaucer</knoraXmlImport:label>
    <p0826-teimww:lexiaInternalId knoraType="richtext_value">#000208</p0826-teimww:lexiaInternalId>
    <p0826-teimww:lexiaTitle knoraType="richtext_value">Geoffrey Chaucer</p0826-teimww:lexiaTitle>
  </p0826-teimww:lexia>
  <p0826-teimww:lexia id="ww_92c600bbf7c0e70c">
    <knoraXmlImport:label>L: masters ass wear</knoraXmlImport:label>
    <p0826-teimww:lexiaInternalId knoraType="richtext_value">#000102</p0826-teimww:lexiaInternalId>
    <p0826-teimww:lexiaTitle knoraType="richtext_value">masters ass wears out time for provender</p0826-teimww:lexiaTitle>
  </p0826-teimww:lexia>
  <p0826-teimww:lexia id="ww_0721a437f220f5ab">
    <knoraXmlImport:label>L: out of joint</knoraXmlImport:label>
    <p0826-teimww:lexiaInternalId knoraType="richtext_value">#002014</p0826-teimww:lexiaInternalId>
    <p0826-teimww:lexiaTitle knoraType="richtext_value">out of joint</p0826-teimww:lexiaTitle>
  </p0826-teimww:lexia>
  <p0826-teimww:lexia id="ww_5925755e92cd2a98">
    <knoraXmlImport:label>L: raven croaks dea</knoraXmlImport:label>
    <p0826-teimww:lexiaInternalId knoraType="richtext_value">#002010</p0826-teimww:lexiaInternalId>
    <p0826-teimww:lexiaTitle knoraType="richtext_value">raven croaks death</p0826-teimww:lexiaTitle>
  </p0826-teimww:lexia>
  <p0826-teimww:lexia id="ww_facfd2bcd9ffc87d">
    <knoraXmlImport:label>L: toothpick</knoraXmlImport:label>
    <p0826-teimww:lexiaInternalId knoraType="richtext_value">#002011</p0826-teimww:lexiaInternalId>
    <p0826-teimww:lexiaTitle knoraType="richtext_value">toothpick</p0826-teimww:lexiaTitle>
  </p0826-teimww:lexia>
  <p0826-teimww:lexia id="ww_25100f5c67481967">
    <knoraXmlImport:label>L: Oberon</knoraXmlImport:label>
    <p0826-teimww:lexiaInternalId knoraType="richtext_value">#002012</p0826-teimww:lexiaInternalId>
    <p0826-teimww:lexiaTitle knoraType="richtext_value">Oberon</p0826-teimww:lexiaTitle>
  </p0826-teimww:lexia>
  <p0826-teimww:lexia id="ww_1eea7f63b6f52a44">
    <knoraXmlImport:label>L: woman like jewel</knoraXmlImport:label>
    <p0826-teimww:lexiaInternalId knoraType="richtext_value">#000093</p0826-teimww:lexiaInternalId>
    <p0826-teimww:lexiaTitle knoraType="richtext_value">woman like jewel hanging in (Ethiops) ear</p0826-teimww:lexiaTitle>
  </p0826-teimww:lexia>
  <p0826-teimww:lexia id="ww_ca5223332148ee5c">
    <knoraXmlImport:label>L: speech how great</knoraXmlImport:label>
    <p0826-teimww:lexiaInternalId knoraType="richtext_value">#000099</p0826-teimww:lexiaInternalId>
    <p0826-teimww:lexiaTitle knoraType="richtext_value">speech how great sb was</p0826-teimww:lexiaTitle>
  </p0826-teimww:lexia>
  <p0826-teimww:lexia id="ww_2525a28a47f2320e">
    <knoraXmlImport:label>L: something after </knoraXmlImport:label>
    <p0826-teimww:lexiaInternalId knoraType="richtext_value">#002095</p0826-teimww:lexiaInternalId>
    <p0826-teimww:lexiaTitle knoraType="richtext_value">something after death</p0826-teimww:lexiaTitle>
  </p0826-teimww:lexia>
  <p0826-teimww:lexia id="ww_c909b93763ceae4b">
    <knoraXmlImport:label>L: undiscovered cou</knoraXmlImport:label>
    <p0826-teimww:lexiaInternalId knoraType="richtext_value">#000082</p0826-teimww:lexiaInternalId>
    <p0826-teimww:lexiaTitle knoraType="richtext_value">undiscovered country</p0826-teimww:lexiaTitle>
  </p0826-teimww:lexia>
  <p0826-teimww:lexia id="ww_fbaf9a5b03c0143d">
    <knoraXmlImport:label>L: fools of nature</knoraXmlImport:label>
    <p0826-teimww:lexiaInternalId knoraType="richtext_value">#000008</p0826-teimww:lexiaInternalId>
    <p0826-teimww:lexiaTitle knoraType="richtext_value">fools of nature</p0826-teimww:lexiaTitle>
  </p0826-teimww:lexia>
  <p0826-teimww:lexia id="ww_6f3b9a162cbc0aea">
    <knoraXmlImport:label>L: divinity hedge a</knoraXmlImport:label>
    <p0826-teimww:lexiaInternalId knoraType="richtext_value">#002028</p0826-teimww:lexiaInternalId>
    <p0826-teimww:lexiaTitle knoraType="richtext_value">divinity hedge a king</p0826-teimww:lexiaTitle>
  </p0826-teimww:lexia>
  <p0826-teimww:lexia id="ww_f209df1dae4044a7">
    <knoraXmlImport:label>L: kill him drunk s</knoraXmlImport:label>
    <p0826-teimww:lexiaInternalId knoraType="richtext_value">#002029</p0826-teimww:lexiaInternalId>
    <p0826-teimww:lexiaTitle knoraType="richtext_value">kill him drunk so hell go to hell</p0826-teimww:lexiaTitle>
  </p0826-teimww:lexia>
  <p0826-teimww:lexia id="ww_d069313ac5b94293">
    <knoraXmlImport:label>L: madness + method</knoraXmlImport:label>
    <p0826-teimww:lexiaInternalId knoraType="richtext_value">#002030</p0826-teimww:lexiaInternalId>
    <p0826-teimww:lexiaTitle knoraType="richtext_value">madness + method</p0826-teimww:lexiaTitle>
  </p0826-teimww:lexia>
  <p0826-teimww:lexia id="ww_9c9021eb3bb19e87">
    <knoraXmlImport:label>L: crab</knoraXmlImport:label>
    <p0826-teimww:lexiaInternalId knoraType="richtext_value">#002031</p0826-teimww:lexiaInternalId>
    <p0826-teimww:lexiaTitle knoraType="richtext_value">crab</p0826-teimww:lexiaTitle>
  </p0826-teimww:lexia>
  <p0826-teimww:lexia id="ww_39fb2cdcb9a99a7b">
    <knoraXmlImport:label>L: get out it is da</knoraXmlImport:label>
    <p0826-teimww:lexiaInternalId knoraType="richtext_value">#000251</p0826-teimww:lexiaInternalId>
    <p0826-teimww:lexiaTitle knoraType="richtext_value">get out it is dangerous if my parents find you here</p0826-teimww:lexiaTitle>
  </p0826-teimww:lexia>
  <p0826-teimww:lexia id="ww_3201e32ed5706503">
    <knoraXmlImport:label>L: bawd</knoraXmlImport:label>
    <p0826-teimww:lexiaInternalId knoraType="richtext_value">#000101</p0826-teimww:lexiaInternalId>
    <p0826-teimww:lexiaTitle knoraType="richtext_value">bawd</p0826-teimww:lexiaTitle>
  </p0826-teimww:lexia>
  <p0826-teimww:lexia id="ww_5c26b5996b6a59aa">
    <knoraXmlImport:label>L: find anothers ki</knoraXmlImport:label>
    <p0826-teimww:lexiaInternalId knoraType="richtext_value">#001045</p0826-teimww:lexiaInternalId>
    <p0826-teimww:lexiaTitle knoraType="richtext_value">find anothers kiss on her lips</p0826-teimww:lexiaTitle>
  </p0826-teimww:lexia>
  <p0826-teimww:lexia id="ww_d19ea68f7dbc1df9">
    <knoraXmlImport:label>L: look in mirror o</knoraXmlImport:label>
    <p0826-teimww:lexiaInternalId knoraType="richtext_value">#005057</p0826-teimww:lexiaInternalId>
    <p0826-teimww:lexiaTitle knoraType="richtext_value">look in mirror or at own shadow</p0826-teimww:lexiaTitle>
  </p0826-teimww:lexia>
  <p0826-teimww:lexia id="ww_a0f2bb633c3675fe">
    <knoraXmlImport:label>L: sergeants death </knoraXmlImport:label>
    <p0826-teimww:lexiaInternalId knoraType="richtext_value">#000770</p0826-teimww:lexiaInternalId>
    <p0826-teimww:lexiaTitle knoraType="richtext_value">sergeants death fell arest</p0826-teimww:lexiaTitle>
  </p0826-teimww:lexia>
  <p0826-teimww:lexia id="ww_1fe3ab0109530ca1">
    <knoraXmlImport:label>L: goodly frame, th</knoraXmlImport:label>
    <p0826-teimww:lexiaInternalId knoraType="richtext_value">#000296</p0826-teimww:lexiaInternalId>
    <p0826-teimww:lexiaTitle knoraType="richtext_value">goodly frame, the earth</p0826-teimww:lexiaTitle>
  </p0826-teimww:lexia>
  <p0826-teimww:lexia id="ww_c7808384af6e58f6">
    <knoraXmlImport:label>L: no trust, no hon</knoraXmlImport:label>
    <p0826-teimww:lexiaInternalId knoraType="richtext_value">#000066</p0826-teimww:lexiaInternalId>
    <p0826-teimww:lexiaTitle knoraType="richtext_value">no trust, no honesty</p0826-teimww:lexiaTitle>
  </p0826-teimww:lexia>
  <p0826-teimww:lexia id="ww_08de036758068822">
    <knoraXmlImport:label>L: mount, mount, my</knoraXmlImport:label>
    <p0826-teimww:lexiaInternalId knoraType="richtext_value">#005075</p0826-teimww:lexiaInternalId>
    <p0826-teimww:lexiaTitle knoraType="richtext_value">mount, mount, my soul</p0826-teimww:lexiaTitle>
  </p0826-teimww:lexia>
  <p0826-teimww:lexia id="ww_08894dbb901a6313">
    <knoraXmlImport:label>L: secrets of my pr</knoraXmlImport:label>
    <p0826-teimww:lexiaInternalId knoraType="richtext_value">#001122</p0826-teimww:lexiaInternalId>
    <p0826-teimww:lexiaTitle knoraType="richtext_value">secrets of my prison house</p0826-teimww:lexiaTitle>
  </p0826-teimww:lexia>
  <p0826-teimww:lexia id="ww_753e66849b115be8">
    <knoraXmlImport:label>L: lapwing + shell</knoraXmlImport:label>
    <p0826-teimww:lexiaInternalId knoraType="richtext_value">#000006</p0826-teimww:lexiaInternalId>
    <p0826-teimww:lexiaTitle knoraType="richtext_value">lapwing + shell</p0826-teimww:lexiaTitle>
  </p0826-teimww:lexia>
  <p0826-teimww:lexia id="ww_e600b3175d2bea1a">
    <knoraXmlImport:label>L: sea of troubles</knoraXmlImport:label>
    <p0826-teimww:lexiaInternalId knoraType="richtext_value">#000182</p0826-teimww:lexiaInternalId>
    <p0826-teimww:lexiaTitle knoraType="richtext_value">sea of troubles</p0826-teimww:lexiaTitle>
  </p0826-teimww:lexia>
  <p0826-teimww:lexia id="ww_d1480a932dddc666">
    <knoraXmlImport:label>L: a brothers murde</knoraXmlImport:label>
    <p0826-teimww:lexiaInternalId knoraType="richtext_value">#002285</p0826-teimww:lexiaInternalId>
    <p0826-teimww:lexiaTitle knoraType="richtext_value">a brothers murder</p0826-teimww:lexiaTitle>
  </p0826-teimww:lexia>
  <p0826-teimww:lexia id="ww_4532e703af075f6a">
    <knoraXmlImport:label>L: Youth and age do</knoraXmlImport:label>
    <p0826-teimww:lexiaInternalId knoraType="richtext_value">#002208</p0826-teimww:lexiaInternalId>
    <p0826-teimww:lexiaTitle knoraType="richtext_value">Youth and age don't go together</p0826-teimww:lexiaTitle>
  </p0826-teimww:lexia>
  <p0826-teimww:lexia id="ww_41bf83313685ee84">
    <knoraXmlImport:label>L: unweeded garden</knoraXmlImport:label>
    <p0826-teimww:lexiaInternalId knoraType="richtext_value">#000252</p0826-teimww:lexiaInternalId>
    <p0826-teimww:lexiaTitle knoraType="richtext_value">unweeded garden</p0826-teimww:lexiaTitle>
  </p0826-teimww:lexia>
  <p0826-teimww:lexia id="ww_9256a2d1b4137c25">
    <knoraXmlImport:label>L: comma between lo</knoraXmlImport:label>
    <p0826-teimww:lexiaInternalId knoraType="richtext_value">#000022</p0826-teimww:lexiaInternalId>
    <p0826-teimww:lexiaTitle knoraType="richtext_value">comma between love</p0826-teimww:lexiaTitle>
  </p0826-teimww:lexia>
  <p0826-teimww:lexia id="ww_604bb0bff18a6885">
    <knoraXmlImport:label>L: justly killed</knoraXmlImport:label>
    <p0826-teimww:lexiaInternalId knoraType="richtext_value">#000196</p0826-teimww:lexiaInternalId>
    <p0826-teimww:lexiaTitle knoraType="richtext_value">justly killed</p0826-teimww:lexiaTitle>
  </p0826-teimww:lexia>
  <p0826-teimww:lexia id="ww_7ad62028731d05da">
    <knoraXmlImport:label>L: art thou there</knoraXmlImport:label>
    <p0826-teimww:lexiaInternalId knoraType="richtext_value">#000098</p0826-teimww:lexiaInternalId>
    <p0826-teimww:lexiaTitle knoraType="richtext_value">art thou there</p0826-teimww:lexiaTitle>
  </p0826-teimww:lexia>
  <p0826-teimww:lexia id="ww_ff377956818fea7a">
    <knoraXmlImport:label>L: hillo ho ho</knoraXmlImport:label>
    <p0826-teimww:lexiaInternalId knoraType="richtext_value">#000039</p0826-teimww:lexiaInternalId>
    <p0826-teimww:lexiaTitle knoraType="richtext_value">hillo ho ho</p0826-teimww:lexiaTitle>
  </p0826-teimww:lexia>
  <p0826-teimww:lexia id="ww_e5e6565e136d278c">
    <knoraXmlImport:label>L: old man twice a </knoraXmlImport:label>
    <p0826-teimww:lexiaInternalId knoraType="richtext_value">#000414</p0826-teimww:lexiaInternalId>
    <p0826-teimww:lexiaTitle knoraType="richtext_value">old man twice a child</p0826-teimww:lexiaTitle>
  </p0826-teimww:lexia>
  <p0826-teimww:lexia id="ww_45c7d2a6beb55082">
    <knoraXmlImport:label>L: not a mouse stir</knoraXmlImport:label>
    <p0826-teimww:lexiaInternalId knoraType="richtext_value">#000205</p0826-teimww:lexiaInternalId>
    <p0826-teimww:lexiaTitle knoraType="richtext_value">not a mouse stirring</p0826-teimww:lexiaTitle>
  </p0826-teimww:lexia>
  <p0826-teimww:lexia id="ww_6115a63c5012f738">
    <knoraXmlImport:label>L: the rest is x</knoraXmlImport:label>
    <p0826-teimww:lexiaInternalId knoraType="richtext_value">#000151</p0826-teimww:lexiaInternalId>
    <p0826-teimww:lexiaTitle knoraType="richtext_value">the rest is x</p0826-teimww:lexiaTitle>
  </p0826-teimww:lexia>
  <p0826-teimww:lexia id="ww_0414f07384a08b25">
    <knoraXmlImport:label>L: Tremble and look</knoraXmlImport:label>
    <p0826-teimww:lexiaInternalId knoraType="richtext_value">#002279</p0826-teimww:lexiaInternalId>
    <p0826-teimww:lexiaTitle knoraType="richtext_value">Tremble and look pale</p0826-teimww:lexiaTitle>
  </p0826-teimww:lexia>
  <p0826-teimww:lexia id="ww_174407c78089166e">
    <knoraXmlImport:label>L: Phoebus cart </knoraXmlImport:label>
    <p0826-teimww:lexiaInternalId knoraType="richtext_value">#002103</p0826-teimww:lexiaInternalId>
    <p0826-teimww:lexiaTitle knoraType="richtext_value">Phoebus cart </p0826-teimww:lexiaTitle>
  </p0826-teimww:lexia>
  <p0826-teimww:lexia id="ww_9e369ea30656316a">
    <knoraXmlImport:label>L: cut off my head </knoraXmlImport:label>
    <p0826-teimww:lexiaInternalId knoraType="richtext_value">#000133</p0826-teimww:lexiaInternalId>
    <p0826-teimww:lexiaTitle knoraType="richtext_value">cut off my head if I am wrong</p0826-teimww:lexiaTitle>
  </p0826-teimww:lexia>
  <p0826-teimww:lexia id="ww_4d44194553a2c907">
    <knoraXmlImport:label>L: hoist with his o</knoraXmlImport:label>
    <p0826-teimww:lexiaInternalId knoraType="richtext_value">#005183</p0826-teimww:lexiaInternalId>
    <p0826-teimww:lexiaTitle knoraType="richtext_value">hoist with his own petard</p0826-teimww:lexiaTitle>
  </p0826-teimww:lexia>
  <p0826-teimww:lexia id="ww_331373f6652531c0">
    <knoraXmlImport:label>L: woman frailty</knoraXmlImport:label>
    <p0826-teimww:lexiaInternalId knoraType="richtext_value">#000170</p0826-teimww:lexiaInternalId>
    <p0826-teimww:lexiaTitle knoraType="richtext_value">woman frailty</p0826-teimww:lexiaTitle>
  </p0826-teimww:lexia>
  <p0826-teimww:lexia id="ww_8afebffe1beec76e">
    <knoraXmlImport:label>L: pluck honor from</knoraXmlImport:label>
    <p0826-teimww:lexiaInternalId knoraType="richtext_value">#005063</p0826-teimww:lexiaInternalId>
    <p0826-teimww:lexiaTitle knoraType="richtext_value">pluck honor from moon</p0826-teimww:lexiaTitle>
  </p0826-teimww:lexia>
  <p0826-teimww:lexia id="ww_8d448b4cd804370b">
    <knoraXmlImport:label>L: reason as cheap </knoraXmlImport:label>
    <p0826-teimww:lexiaInternalId knoraType="richtext_value">#002287</p0826-teimww:lexiaInternalId>
    <p0826-teimww:lexiaTitle knoraType="richtext_value">reason as cheap as blackberries</p0826-teimww:lexiaTitle>
  </p0826-teimww:lexia>
  <p0826-teimww:lexia id="ww_0778f6fd6c96ba41">
    <knoraXmlImport:label>L: Truepenny</knoraXmlImport:label>
    <p0826-teimww:lexiaInternalId knoraType="richtext_value">#000038</p0826-teimww:lexiaInternalId>
    <p0826-teimww:lexiaTitle knoraType="richtext_value">Truepenny</p0826-teimww:lexiaTitle>
  </p0826-teimww:lexia>
  <p0826-teimww:lexia id="ww_20cbbf5295b09a92">
    <knoraXmlImport:label>L: Mechanics play i</knoraXmlImport:label>
    <p0826-teimww:lexiaInternalId knoraType="richtext_value">#002271</p0826-teimww:lexiaInternalId>
    <p0826-teimww:lexiaTitle knoraType="richtext_value">Mechanics play in Midsummer ND</p0826-teimww:lexiaTitle>
  </p0826-teimww:lexia>
  <p0826-teimww:lexia id="ww_73aab74f46efadf0">
    <knoraXmlImport:label>L: as chaste as ice</knoraXmlImport:label>
    <p0826-teimww:lexiaInternalId knoraType="richtext_value">#002097</p0826-teimww:lexiaInternalId>
    <p0826-teimww:lexiaTitle knoraType="richtext_value">as chaste as ice</p0826-teimww:lexiaTitle>
  </p0826-teimww:lexia>
  <p0826-teimww:lexia id="ww_acba4f4e8333cab5">
    <knoraXmlImport:label>L: cap-a-pie</knoraXmlImport:label>
    <p0826-teimww:lexiaInternalId knoraType="richtext_value">#000019</p0826-teimww:lexiaInternalId>
    <p0826-teimww:lexiaTitle knoraType="richtext_value">cap-a-pie</p0826-teimww:lexiaTitle>
  </p0826-teimww:lexia>
  <p0826-teimww:lexia id="ww_94c3132d084e725c">
    <knoraXmlImport:label>L: kin and kind</knoraXmlImport:label>
    <p0826-teimww:lexiaInternalId knoraType="richtext_value">#000103</p0826-teimww:lexiaInternalId>
    <p0826-teimww:lexiaTitle knoraType="richtext_value">kin and kind</p0826-teimww:lexiaTitle>
  </p0826-teimww:lexia>
  <p0826-teimww:lexia id="ww_de9b44a1c2738c61">
    <knoraXmlImport:label>L: arrant knave</knoraXmlImport:label>
    <p0826-teimww:lexiaInternalId knoraType="richtext_value">#000285</p0826-teimww:lexiaInternalId>
    <p0826-teimww:lexiaTitle knoraType="richtext_value">arrant knave</p0826-teimww:lexiaTitle>
  </p0826-teimww:lexia>
  <p0826-teimww:lexia id="ww_3b9d9bc918165c19">
    <knoraXmlImport:label>L: whips of steel o</knoraXmlImport:label>
    <p0826-teimww:lexiaInternalId knoraType="richtext_value">#000152</p0826-teimww:lexiaInternalId>
    <p0826-teimww:lexiaTitle knoraType="richtext_value">whips of steel or wire in hell</p0826-teimww:lexiaTitle>
  </p0826-teimww:lexia>
  <p0826-teimww:lexia id="ww_2b0867fe3ec1f03e">
    <knoraXmlImport:label>L: raven doth bello</knoraXmlImport:label>
    <p0826-teimww:lexiaInternalId knoraType="richtext_value">#000273</p0826-teimww:lexiaInternalId>
    <p0826-teimww:lexiaTitle knoraType="richtext_value">raven doth bellow revenge</p0826-teimww:lexiaTitle>
  </p0826-teimww:lexia>
  <p0826-teimww:lexia id="ww_99d856465a5a4595">
    <knoraXmlImport:label>L: speeches fair</knoraXmlImport:label>
    <p0826-teimww:lexiaInternalId knoraType="richtext_value">#002264</p0826-teimww:lexiaInternalId>
    <p0826-teimww:lexiaTitle knoraType="richtext_value">speeches fair</p0826-teimww:lexiaTitle>
  </p0826-teimww:lexia>
  <p0826-teimww:lexia id="ww_1feede4d5ae8bfbd">
    <knoraXmlImport:label>L: tigers heart wra</knoraXmlImport:label>
    <p0826-teimww:lexiaInternalId knoraType="richtext_value">#000186</p0826-teimww:lexiaInternalId>
    <p0826-teimww:lexiaTitle knoraType="richtext_value">tigers heart wrapped in womans hide</p0826-teimww:lexiaTitle>
  </p0826-teimww:lexia>
  <p0826-teimww:lexia id="ww_1daf6b24fc4d1ede">
    <knoraXmlImport:label>L: frown and woman</knoraXmlImport:label>
    <p0826-teimww:lexiaInternalId knoraType="richtext_value">#004030</p0826-teimww:lexiaInternalId>
    <p0826-teimww:lexiaTitle knoraType="richtext_value">frown and woman</p0826-teimww:lexiaTitle>
  </p0826-teimww:lexia>
  <p0826-teimww:lexia id="ww_a14b711c12a38e24">
    <knoraXmlImport:label>L: drinking on your</knoraXmlImport:label>
    <p0826-teimww:lexiaInternalId knoraType="richtext_value">#001146</p0826-teimww:lexiaInternalId>
    <p0826-teimww:lexiaTitle knoraType="richtext_value">drinking on your knees</p0826-teimww:lexiaTitle>
  </p0826-teimww:lexia>
  <p0826-teimww:lexia id="ww_db02fc9248ab92b0">
    <knoraXmlImport:label>L: sister to Lethe,</knoraXmlImport:label>
    <p0826-teimww:lexiaInternalId knoraType="richtext_value">#000181</p0826-teimww:lexiaInternalId>
    <p0826-teimww:lexiaTitle knoraType="richtext_value">sister to Lethe, brother to death</p0826-teimww:lexiaTitle>
  </p0826-teimww:lexia>
  <p0826-teimww:lexia id="ww_d4935a76bbd234da">
    <knoraXmlImport:label>L: John Talbot, 1st</knoraXmlImport:label>
    <p0826-teimww:lexiaInternalId knoraType="richtext_value">#002219</p0826-teimww:lexiaInternalId>
    <p0826-teimww:lexiaTitle knoraType="richtext_value">John Talbot, 1st Earl of Shrewsbury</p0826-teimww:lexiaTitle>
  </p0826-teimww:lexia>
  <p0826-teimww:lexia id="ww_e33e75189f9281b9">
    <knoraXmlImport:label>L: lesson is but pl</knoraXmlImport:label>
    <p0826-teimww:lexiaInternalId knoraType="richtext_value">#005067</p0826-teimww:lexiaInternalId>
    <p0826-teimww:lexiaTitle knoraType="richtext_value">lesson is but plain</p0826-teimww:lexiaTitle>
  </p0826-teimww:lexia>
  <p0826-teimww:lexia id="ww_ec268703a85b18a4">
    <knoraXmlImport:label>L: absolute meaning</knoraXmlImport:label>
    <p0826-teimww:lexiaInternalId knoraType="richtext_value">#000187</p0826-teimww:lexiaInternalId>
    <p0826-teimww:lexiaTitle knoraType="richtext_value">absolute meaning unequivocal</p0826-teimww:lexiaTitle>
  </p0826-teimww:lexia>
  <p0826-teimww:lexia id="ww_816c4dc1c774c972">
    <knoraXmlImport:label>L: glistering Phaet</knoraXmlImport:label>
    <p0826-teimww:lexiaInternalId knoraType="richtext_value">#000169</p0826-teimww:lexiaInternalId>
    <p0826-teimww:lexiaTitle knoraType="richtext_value">glistering Phaethon</p0826-teimww:lexiaTitle>
  </p0826-teimww:lexia>
  <p0826-teimww:lexia id="ww_0b7f5ab9b0f9af78">
    <knoraXmlImport:label>L: cannot brook the</knoraXmlImport:label>
    <p0826-teimww:lexiaInternalId knoraType="richtext_value">#002046</p0826-teimww:lexiaInternalId>
    <p0826-teimww:lexiaTitle knoraType="richtext_value">cannot brook these</p0826-teimww:lexiaTitle>
  </p0826-teimww:lexia>
  <p0826-teimww:lexia id="ww_a95fb51dea9168ae">
    <knoraXmlImport:label>L: pine bearing</knoraXmlImport:label>
    <p0826-teimww:lexiaInternalId knoraType="richtext_value">#002052</p0826-teimww:lexiaInternalId>
    <p0826-teimww:lexiaTitle knoraType="richtext_value">pine bearing</p0826-teimww:lexiaTitle>
  </p0826-teimww:lexia>
  <p0826-teimww:lexia id="ww_ac4c54854794ec1e">
    <knoraXmlImport:label>L: set down your ho</knoraXmlImport:label>
    <p0826-teimww:lexiaInternalId knoraType="richtext_value">#000111</p0826-teimww:lexiaInternalId>
    <p0826-teimww:lexiaTitle knoraType="richtext_value">set down your honorable load </p0826-teimww:lexiaTitle>
  </p0826-teimww:lexia>
  <p0826-teimww:lexia id="ww_dfa350f65fc01161">
    <knoraXmlImport:label>L: tears are balm o</knoraXmlImport:label>
    <p0826-teimww:lexiaInternalId knoraType="richtext_value">#000195</p0826-teimww:lexiaInternalId>
    <p0826-teimww:lexiaTitle knoraType="richtext_value">tears are balm on wounds</p0826-teimww:lexiaTitle>
  </p0826-teimww:lexia>
  <p0826-teimww:lexia id="ww_2a48f5ba135993f9">
    <knoraXmlImport:label>L: uncle me no uncl</knoraXmlImport:label>
    <p0826-teimww:lexiaInternalId knoraType="richtext_value">#000223</p0826-teimww:lexiaInternalId>
    <p0826-teimww:lexiaTitle knoraType="richtext_value">uncle me no uncle</p0826-teimww:lexiaTitle>
  </p0826-teimww:lexia>
  <p0826-teimww:lexia id="ww_ba1bcfbe6ede8496">
    <knoraXmlImport:label>L: one bucket up on</knoraXmlImport:label>
    <p0826-teimww:lexiaInternalId knoraType="richtext_value">#005073</p0826-teimww:lexiaInternalId>
    <p0826-teimww:lexiaTitle knoraType="richtext_value">one bucket up one down</p0826-teimww:lexiaTitle>
  </p0826-teimww:lexia>
  <p0826-teimww:lexia id="ww_eb47e9a10b46b7cc">
    <knoraXmlImport:label>L: sacrifice tears </knoraXmlImport:label>
    <p0826-teimww:lexiaInternalId knoraType="richtext_value">#001163</p0826-teimww:lexiaInternalId>
    <p0826-teimww:lexiaTitle knoraType="richtext_value">sacrifice tears on an altar</p0826-teimww:lexiaTitle>
  </p0826-teimww:lexia>
  <p0826-teimww:lexia id="ww_ef9dc6b968b0ad60">
    <knoraXmlImport:label>L: Lucrece</knoraXmlImport:label>
    <p0826-teimww:lexiaInternalId knoraType="richtext_value">@005555</p0826-teimww:lexiaInternalId>
    <p0826-teimww:lexiaTitle knoraType="richtext_value">Lucrece</p0826-teimww:lexiaTitle>
  </p0826-teimww:lexia>
  <p0826-teimww:lexia id="ww_7c53fd29b4a01efd">
    <knoraXmlImport:label>L: The rape of Lucr</knoraXmlImport:label>
    <p0826-teimww:lexiaInternalId knoraType="richtext_value">#005083</p0826-teimww:lexiaInternalId>
    <p0826-teimww:lexiaTitle knoraType="richtext_value">The rape of Lucrece</p0826-teimww:lexiaTitle>
  </p0826-teimww:lexia>
  <p0826-teimww:lexia id="ww_8437b5aa2cc03d1c">
    <knoraXmlImport:label>L: William Shakespe</knoraXmlImport:label>
    <p0826-teimww:lexiaInternalId knoraType="richtext_value">#007000</p0826-teimww:lexiaInternalId>
    <p0826-teimww:lexiaTitle knoraType="richtext_value">William Shakespeare</p0826-teimww:lexiaTitle>
  </p0826-teimww:lexia>
  <p0826-teimww:lexia id="ww_49aa023ccd98b945">
    <knoraXmlImport:label>L: womens eyes</knoraXmlImport:label>
    <p0826-teimww:lexiaInternalId knoraType="richtext_value">#000188</p0826-teimww:lexiaInternalId>
    <p0826-teimww:lexiaTitle knoraType="richtext_value">womens eyes</p0826-teimww:lexiaTitle>
  </p0826-teimww:lexia>
  <p0826-teimww:lexia id="ww_d281909132aea951">
    <knoraXmlImport:label>L: darkness fast as</knoraXmlImport:label>
    <p0826-teimww:lexiaInternalId knoraType="richtext_value">#004128</p0826-teimww:lexiaInternalId>
    <p0826-teimww:lexiaTitle knoraType="richtext_value">darkness fast as lighting</p0826-teimww:lexiaTitle>
  </p0826-teimww:lexia>
  <p0826-teimww:lexia id="ww_5c503be567768984">
    <knoraXmlImport:label>L: world or kingdom</knoraXmlImport:label>
    <p0826-teimww:lexiaInternalId knoraType="richtext_value">#001167</p0826-teimww:lexiaInternalId>
    <p0826-teimww:lexiaTitle knoraType="richtext_value">world or kingdom as body</p0826-teimww:lexiaTitle>
  </p0826-teimww:lexia>
  <p0826-teimww:lexia id="ww_b3375f1be69835a2">
    <knoraXmlImport:label>L: fat paunches</knoraXmlImport:label>
    <p0826-teimww:lexiaInternalId knoraType="richtext_value">#000778</p0826-teimww:lexiaInternalId>
    <p0826-teimww:lexiaTitle knoraType="richtext_value">fat paunches</p0826-teimww:lexiaTitle>
  </p0826-teimww:lexia>
  <p0826-teimww:lexia id="ww_6c736dad182e86cc">
    <knoraXmlImport:label>L: walled in with s</knoraXmlImport:label>
    <p0826-teimww:lexiaInternalId knoraType="richtext_value">#002084</p0826-teimww:lexiaInternalId>
    <p0826-teimww:lexiaTitle knoraType="richtext_value">walled in with something beautiful</p0826-teimww:lexiaTitle>
  </p0826-teimww:lexia>
  <p0826-teimww:lexia id="ww_fac48d34ecbed3b4">
    <knoraXmlImport:label>L: Pompey the Huge</knoraXmlImport:label>
    <p0826-teimww:lexiaInternalId knoraType="richtext_value">#002225</p0826-teimww:lexiaInternalId>
    <p0826-teimww:lexiaTitle knoraType="richtext_value">Pompey the Huge</p0826-teimww:lexiaTitle>
  </p0826-teimww:lexia>
  <p0826-teimww:lexia id="ww_fb980c2bef492c31">
    <knoraXmlImport:label>L: mercy over justi</knoraXmlImport:label>
    <p0826-teimww:lexiaInternalId knoraType="richtext_value">#001168</p0826-teimww:lexiaInternalId>
    <p0826-teimww:lexiaTitle knoraType="richtext_value">mercy over justice</p0826-teimww:lexiaTitle>
  </p0826-teimww:lexia>
  <p0826-teimww:lexia id="ww_486c0f015ab1f044">
    <knoraXmlImport:label>L: medlar plum (inn</knoraXmlImport:label>
    <p0826-teimww:lexiaInternalId knoraType="richtext_value">#001169</p0826-teimww:lexiaInternalId>
    <p0826-teimww:lexiaTitle knoraType="richtext_value">medlar plum (innuendo)</p0826-teimww:lexiaTitle>
  </p0826-teimww:lexia>
  <p0826-teimww:lexia id="ww_626cc13ba3e87208">
    <knoraXmlImport:label>L: seven ages of ma</knoraXmlImport:label>
    <p0826-teimww:lexiaInternalId knoraType="richtext_value">#005109</p0826-teimww:lexiaInternalId>
    <p0826-teimww:lexiaTitle knoraType="richtext_value">seven ages of man</p0826-teimww:lexiaTitle>
  </p0826-teimww:lexia>
  <p0826-teimww:lexia id="ww_cb2777c72c0cd23d">
    <knoraXmlImport:label>L: friend disguised</knoraXmlImport:label>
    <p0826-teimww:lexiaInternalId knoraType="richtext_value">#000175</p0826-teimww:lexiaInternalId>
    <p0826-teimww:lexiaTitle knoraType="richtext_value">friend disguised as judge</p0826-teimww:lexiaTitle>
  </p0826-teimww:lexia>
  <p0826-teimww:lexia id="ww_2ad3edfad3fc4d0c">
    <knoraXmlImport:label>L: Ovid</knoraXmlImport:label>
    <p0826-teimww:lexiaInternalId knoraType="richtext_value">#005071</p0826-teimww:lexiaInternalId>
    <p0826-teimww:lexiaTitle knoraType="richtext_value">Ovid</p0826-teimww:lexiaTitle>
  </p0826-teimww:lexia>
  <p0826-teimww:lexia id="ww_d5f578663a215ca1">
    <knoraXmlImport:label>L: parody song Mons</knoraXmlImport:label>
    <p0826-teimww:lexiaInternalId knoraType="richtext_value">#002125</p0826-teimww:lexiaInternalId>
    <p0826-teimww:lexiaTitle knoraType="richtext_value">parody song Monsieur Mingo</p0826-teimww:lexiaTitle>
  </p0826-teimww:lexia>
  <p0826-teimww:lexia id="ww_89a977a4500a1050">
    <knoraXmlImport:label>L: buckram + rogue</knoraXmlImport:label>
    <p0826-teimww:lexiaInternalId knoraType="richtext_value">#000155</p0826-teimww:lexiaInternalId>
    <p0826-teimww:lexiaTitle knoraType="richtext_value">buckram + rogue</p0826-teimww:lexiaTitle>
  </p0826-teimww:lexia>
  <p0826-teimww:lexia id="ww_3f9c292bd2b1470b">
    <knoraXmlImport:label>L: pampered jades</knoraXmlImport:label>
    <p0826-teimww:lexiaInternalId knoraType="richtext_value">#000007</p0826-teimww:lexiaInternalId>
    <p0826-teimww:lexiaTitle knoraType="richtext_value">pampered jades</p0826-teimww:lexiaTitle>
  </p0826-teimww:lexia>
  <p0826-teimww:lexia id="ww_7ab698472668e58e">
    <knoraXmlImport:label>L: welkin roar</knoraXmlImport:label>
    <p0826-teimww:lexiaInternalId knoraType="richtext_value">#002276</p0826-teimww:lexiaInternalId>
    <p0826-teimww:lexiaTitle knoraType="richtext_value">welkin roar</p0826-teimww:lexiaTitle>
  </p0826-teimww:lexia>
  <p0826-teimww:lexia id="ww_c8e0ed9baf3c57d8">
    <knoraXmlImport:label>L: eyelids wont hel</knoraXmlImport:label>
    <p0826-teimww:lexiaInternalId knoraType="richtext_value">#005087</p0826-teimww:lexiaInternalId>
    <p0826-teimww:lexiaTitle knoraType="richtext_value">eyelids wont help me sleep</p0826-teimww:lexiaTitle>
  </p0826-teimww:lexia>
  <p0826-teimww:lexia id="ww_155a2664470edfde">
    <knoraXmlImport:label>L: Have we not Hire</knoraXmlImport:label>
    <p0826-teimww:lexiaInternalId knoraType="richtext_value">#002204</p0826-teimww:lexiaInternalId>
    <p0826-teimww:lexiaTitle knoraType="richtext_value">Have we not Hiren here</p0826-teimww:lexiaTitle>
  </p0826-teimww:lexia>
  <p0826-teimww:lexia id="ww_b7cbd36cf3fde4ba">
    <knoraXmlImport:label>L: Pluto or Hades</knoraXmlImport:label>
    <p0826-teimww:lexiaInternalId knoraType="richtext_value">#004027</p0826-teimww:lexiaInternalId>
    <p0826-teimww:lexiaTitle knoraType="richtext_value">Pluto or Hades</p0826-teimww:lexiaTitle>
  </p0826-teimww:lexia>
  <p0826-teimww:lexia id="ww_c79c9bf9b882eeb5">
    <knoraXmlImport:label>L: Erebus</knoraXmlImport:label>
    <p0826-teimww:lexiaInternalId knoraType="richtext_value">#004028</p0826-teimww:lexiaInternalId>
    <p0826-teimww:lexiaTitle knoraType="richtext_value">Erebus</p0826-teimww:lexiaTitle>
  </p0826-teimww:lexia>
  <p0826-teimww:lexia id="ww_1a018b15b255e128">
    <knoraXmlImport:label>L: loggerheads</knoraXmlImport:label>
    <p0826-teimww:lexiaInternalId knoraType="richtext_value">#001145</p0826-teimww:lexiaInternalId>
    <p0826-teimww:lexiaTitle knoraType="richtext_value">loggerheads</p0826-teimww:lexiaTitle>
  </p0826-teimww:lexia>
  <p0826-teimww:lexia id="ww_eaaba828a4f13a1b">
    <knoraXmlImport:label>L: no more of that </knoraXmlImport:label>
    <p0826-teimww:lexiaInternalId knoraType="richtext_value">#000173</p0826-teimww:lexiaInternalId>
    <p0826-teimww:lexiaTitle knoraType="richtext_value">no more of that good Hal</p0826-teimww:lexiaTitle>
  </p0826-teimww:lexia>
  <p0826-teimww:lexia id="ww_ae17d368ca672d79">
    <knoraXmlImport:label>L: Lay out Peto</knoraXmlImport:label>
    <p0826-teimww:lexiaInternalId knoraType="richtext_value">#000174</p0826-teimww:lexiaInternalId>
    <p0826-teimww:lexiaTitle knoraType="richtext_value">Lay out Peto</p0826-teimww:lexiaTitle>
  </p0826-teimww:lexia>
  <p0826-teimww:lexia id="ww_773ca6f917878248">
    <knoraXmlImport:label>L: take in snuff</knoraXmlImport:label>
    <p0826-teimww:lexiaInternalId knoraType="richtext_value">#001147</p0826-teimww:lexiaInternalId>
    <p0826-teimww:lexiaTitle knoraType="richtext_value">take in snuff</p0826-teimww:lexiaTitle>
  </p0826-teimww:lexia>
  <p0826-teimww:lexia id="ww_0e9d39c1ca936917">
    <knoraXmlImport:label>L: beard stubble li</knoraXmlImport:label>
    <p0826-teimww:lexiaInternalId knoraType="richtext_value">#002269</p0826-teimww:lexiaInternalId>
    <p0826-teimww:lexiaTitle knoraType="richtext_value">beard stubble like a field</p0826-teimww:lexiaTitle>
  </p0826-teimww:lexia>
  <p0826-teimww:lexia id="ww_2c39b35b4573d067">
    <knoraXmlImport:label>L: bargain with the</knoraXmlImport:label>
    <p0826-teimww:lexiaInternalId knoraType="richtext_value">#005040</p0826-teimww:lexiaInternalId>
    <p0826-teimww:lexiaTitle knoraType="richtext_value">bargain with the devil</p0826-teimww:lexiaTitle>
  </p0826-teimww:lexia>
  <p0826-teimww:lexia id="ww_11ea619a3c73c4fe">
    <knoraXmlImport:label>L: bear sb out</knoraXmlImport:label>
    <p0826-teimww:lexiaInternalId knoraType="richtext_value">#000084</p0826-teimww:lexiaInternalId>
    <p0826-teimww:lexiaTitle knoraType="richtext_value">bear sb out</p0826-teimww:lexiaTitle>
  </p0826-teimww:lexia>
  <p0826-teimww:lexia id="ww_e0cb988099a17143">
    <knoraXmlImport:label>L: Various elements</knoraXmlImport:label>
    <p0826-teimww:lexiaInternalId knoraType="richtext_value">#004081</p0826-teimww:lexiaInternalId>
    <p0826-teimww:lexiaTitle knoraType="richtext_value">Various elements</p0826-teimww:lexiaTitle>
  </p0826-teimww:lexia>
  <p0826-teimww:lexia id="ww_23e99564a0ca693a">
    <knoraXmlImport:label>L: hang yourself in</knoraXmlImport:label>
    <p0826-teimww:lexiaInternalId knoraType="richtext_value">#001159</p0826-teimww:lexiaInternalId>
    <p0826-teimww:lexiaTitle knoraType="richtext_value">hang yourself in your own garters</p0826-teimww:lexiaTitle>
  </p0826-teimww:lexia>
  <p0826-teimww:lexia id="ww_3ea49ddf43cac746">
    <knoraXmlImport:label>L: posset + curd</knoraXmlImport:label>
    <p0826-teimww:lexiaInternalId knoraType="richtext_value">#001126</p0826-teimww:lexiaInternalId>
    <p0826-teimww:lexiaTitle knoraType="richtext_value">posset + curd</p0826-teimww:lexiaTitle>
  </p0826-teimww:lexia>
  <p0826-teimww:lexia id="ww_d993ea504366010b">
    <knoraXmlImport:label>L: brokers as disho</knoraXmlImport:label>
    <p0826-teimww:lexiaInternalId knoraType="richtext_value">#000092</p0826-teimww:lexiaInternalId>
    <p0826-teimww:lexiaTitle knoraType="richtext_value">brokers as dishonest</p0826-teimww:lexiaTitle>
  </p0826-teimww:lexia>
  <p0826-teimww:lexia id="ww_ba45b900e14e5842">
    <knoraXmlImport:label>L: sink-a-pace</knoraXmlImport:label>
    <p0826-teimww:lexiaInternalId knoraType="richtext_value">#000045</p0826-teimww:lexiaInternalId>
    <p0826-teimww:lexiaTitle knoraType="richtext_value">sink-a-pace</p0826-teimww:lexiaTitle>
  </p0826-teimww:lexia>
  <p0826-teimww:lexia id="ww_954e7cfacb029f5b">
    <knoraXmlImport:label>L:  Decimus Iunius </knoraXmlImport:label>
    <p0826-teimww:lexiaInternalId knoraType="richtext_value">#002209</p0826-teimww:lexiaInternalId>
    <p0826-teimww:lexiaTitle knoraType="richtext_value"> Decimus Iunius Juvenalis</p0826-teimww:lexiaTitle>
  </p0826-teimww:lexia>
  <p0826-teimww:lexia id="ww_153def16bdb0bd7b">
    <knoraXmlImport:label>L: Romeo and Juliet</knoraXmlImport:label>
    <p0826-teimww:lexiaInternalId knoraType="richtext_value">@000987</p0826-teimww:lexiaInternalId>
    <p0826-teimww:lexiaTitle knoraType="richtext_value">Romeo and Juliet</p0826-teimww:lexiaTitle>
  </p0826-teimww:lexia>
  <p0826-teimww:lexia id="ww_7215f84b90e89578">
    <knoraXmlImport:label>L: Borachio</knoraXmlImport:label>
    <p0826-teimww:lexiaInternalId knoraType="richtext_value">#005086</p0826-teimww:lexiaInternalId>
    <p0826-teimww:lexiaTitle knoraType="richtext_value">Borachio</p0826-teimww:lexiaTitle>
  </p0826-teimww:lexia>
  <p0826-teimww:lexia id="ww_bb1de93868c8d12e">
    <knoraXmlImport:label>L: leading apes int</knoraXmlImport:label>
    <p0826-teimww:lexiaInternalId knoraType="richtext_value">#000023</p0826-teimww:lexiaInternalId>
    <p0826-teimww:lexiaTitle knoraType="richtext_value">leading apes into hell</p0826-teimww:lexiaTitle>
  </p0826-teimww:lexia>
  <p0826-teimww:lexia id="ww_fc91fdaf4e8b7c04">
    <knoraXmlImport:label>L: Will Kemp</knoraXmlImport:label>
    <p0826-teimww:lexiaInternalId knoraType="richtext_value">#002270</p0826-teimww:lexiaInternalId>
    <p0826-teimww:lexiaTitle knoraType="richtext_value">Will Kemp</p0826-teimww:lexiaTitle>
  </p0826-teimww:lexia>
  <p0826-teimww:lexia id="ww_2d2e13019f5b91c4">
    <knoraXmlImport:label>L: Metamorphoses</knoraXmlImport:label>
    <p0826-teimww:lexiaInternalId knoraType="richtext_value">@005576</p0826-teimww:lexiaInternalId>
    <p0826-teimww:lexiaTitle knoraType="richtext_value">Metamorphoses</p0826-teimww:lexiaTitle>
  </p0826-teimww:lexia>
  <p0826-teimww:lexia id="ww_0bfd10a2647331e3">
    <knoraXmlImport:label>L: bauble</knoraXmlImport:label>
    <p0826-teimww:lexiaInternalId knoraType="richtext_value">#002126</p0826-teimww:lexiaInternalId>
    <p0826-teimww:lexiaTitle knoraType="richtext_value">bauble</p0826-teimww:lexiaTitle>
  </p0826-teimww:lexia>
  <p0826-teimww:lexia id="ww_0cd357c93e82a299">
    <knoraXmlImport:label>L: comet as bad ome</knoraXmlImport:label>
    <p0826-teimww:lexiaInternalId knoraType="richtext_value">#002128</p0826-teimww:lexiaInternalId>
    <p0826-teimww:lexiaTitle knoraType="richtext_value">comet as bad omen</p0826-teimww:lexiaTitle>
  </p0826-teimww:lexia>
  <p0826-teimww:lexia id="ww_9683a1087561d1b4">
    <knoraXmlImport:label>L: wounds murmuring</knoraXmlImport:label>
    <p0826-teimww:lexiaInternalId knoraType="richtext_value">#002129</p0826-teimww:lexiaInternalId>
    <p0826-teimww:lexiaTitle knoraType="richtext_value">wounds murmuring with lips</p0826-teimww:lexiaTitle>
  </p0826-teimww:lexia>
  <p0826-teimww:lexia id="ww_a252947f64726f75">
    <knoraXmlImport:label>L: puissant pike</knoraXmlImport:label>
    <p0826-teimww:lexiaInternalId knoraType="richtext_value">#002034</p0826-teimww:lexiaInternalId>
    <p0826-teimww:lexiaTitle knoraType="richtext_value">puissant pike</p0826-teimww:lexiaTitle>
  </p0826-teimww:lexia>
  <p0826-teimww:lexia id="ww_3f7bdff01e1a44df">
    <knoraXmlImport:label>L: blaming tears on</knoraXmlImport:label>
    <p0826-teimww:lexiaInternalId knoraType="richtext_value">#004036</p0826-teimww:lexiaInternalId>
    <p0826-teimww:lexiaTitle knoraType="richtext_value">blaming tears on wind</p0826-teimww:lexiaTitle>
  </p0826-teimww:lexia>
  <p0826-teimww:lexia id="ww_20574c4ef8e02ea1">
    <knoraXmlImport:label>L: no sun</knoraXmlImport:label>
    <p0826-teimww:lexiaInternalId knoraType="richtext_value">#005070</p0826-teimww:lexiaInternalId>
    <p0826-teimww:lexiaTitle knoraType="richtext_value">no sun</p0826-teimww:lexiaTitle>
  </p0826-teimww:lexia>
  <p0826-teimww:lexia id="ww_21ca07878d1b1a15">
    <knoraXmlImport:label>L: dry sorrow drink</knoraXmlImport:label>
    <p0826-teimww:lexiaInternalId knoraType="richtext_value">#000047</p0826-teimww:lexiaInternalId>
    <p0826-teimww:lexiaTitle knoraType="richtext_value">dry sorrow drinks blood</p0826-teimww:lexiaTitle>
  </p0826-teimww:lexia>
  <p0826-teimww:lexia id="ww_a8468a01458906c0">
    <knoraXmlImport:label>L: go by, go by</knoraXmlImport:label>
    <p0826-teimww:lexiaInternalId knoraType="richtext_value">#002117</p0826-teimww:lexiaInternalId>
    <p0826-teimww:lexiaTitle knoraType="richtext_value">go by, go by</p0826-teimww:lexiaTitle>
  </p0826-teimww:lexia>
  <p0826-teimww:lexia id="ww_c3a635bc9e11903a">
    <knoraXmlImport:label>L: pluck plumes</knoraXmlImport:label>
    <p0826-teimww:lexiaInternalId knoraType="richtext_value">#002118</p0826-teimww:lexiaInternalId>
    <p0826-teimww:lexiaTitle knoraType="richtext_value">pluck plumes</p0826-teimww:lexiaTitle>
  </p0826-teimww:lexia>
  <p0826-teimww:lexia id="ww_dcc0899a0582913c">
    <knoraXmlImport:label>L: rubbing poison i</knoraXmlImport:label>
    <p0826-teimww:lexiaInternalId knoraType="richtext_value">#005048</p0826-teimww:lexiaInternalId>
    <p0826-teimww:lexiaTitle knoraType="richtext_value">rubbing poison in face</p0826-teimww:lexiaTitle>
  </p0826-teimww:lexia>
  <p0826-teimww:lexia id="ww_d30c307253ce36a0">
    <knoraXmlImport:label>L: rusty coach of n</knoraXmlImport:label>
    <p0826-teimww:lexiaInternalId knoraType="richtext_value">#002120</p0826-teimww:lexiaInternalId>
    <p0826-teimww:lexiaTitle knoraType="richtext_value">rusty coach of night</p0826-teimww:lexiaTitle>
  </p0826-teimww:lexia>
  <p0826-teimww:lexia id="ww_d2b0f78a87e52da3">
    <knoraXmlImport:label>L: sycophant as a s</knoraXmlImport:label>
    <p0826-teimww:lexiaInternalId knoraType="richtext_value">#002121</p0826-teimww:lexiaInternalId>
    <p0826-teimww:lexiaTitle knoraType="richtext_value">sycophant as a sponge</p0826-teimww:lexiaTitle>
  </p0826-teimww:lexia>
  <p0826-teimww:lexia id="ww_78c97af3c298843a">
    <knoraXmlImport:label>L: stewed plums, pr</knoraXmlImport:label>
    <p0826-teimww:lexiaInternalId knoraType="richtext_value">#002122</p0826-teimww:lexiaInternalId>
    <p0826-teimww:lexiaTitle knoraType="richtext_value">stewed plums, prunes</p0826-teimww:lexiaTitle>
  </p0826-teimww:lexia>
  <p0826-teimww:lexia id="ww_7d8a39872166b2af">
    <knoraXmlImport:label>L: dram</knoraXmlImport:label>
    <p0826-teimww:lexiaInternalId knoraType="richtext_value">#001117</p0826-teimww:lexiaInternalId>
    <p0826-teimww:lexiaTitle knoraType="richtext_value">dram</p0826-teimww:lexiaTitle>
  </p0826-teimww:lexia>
  <p0826-teimww:lexia id="ww_97fe74e7f792ad7a">
    <knoraXmlImport:label>L: extolment</knoraXmlImport:label>
    <p0826-teimww:lexiaInternalId knoraType="richtext_value">#001180</p0826-teimww:lexiaInternalId>
    <p0826-teimww:lexiaTitle knoraType="richtext_value">extolment</p0826-teimww:lexiaTitle>
  </p0826-teimww:lexia>
  <p0826-teimww:lexia id="ww_d11d9cb54ff3816e">
    <knoraXmlImport:label>L: look it comes</knoraXmlImport:label>
    <p0826-teimww:lexiaInternalId knoraType="richtext_value">#001118</p0826-teimww:lexiaInternalId>
    <p0826-teimww:lexiaTitle knoraType="richtext_value">look it comes</p0826-teimww:lexiaTitle>
  </p0826-teimww:lexia>
  <p0826-teimww:lexia id="ww_e57c351091ba21aa">
    <knoraXmlImport:label>L: ghost in fathers</knoraXmlImport:label>
    <p0826-teimww:lexiaInternalId knoraType="richtext_value">#002127</p0826-teimww:lexiaInternalId>
    <p0826-teimww:lexiaTitle knoraType="richtext_value">ghost in fathers shape</p0826-teimww:lexiaTitle>
  </p0826-teimww:lexia>
  <p0826-teimww:lexia id="ww_65b7b80aa8e23791">
    <knoraXmlImport:label>L: players eloquenc</knoraXmlImport:label>
    <p0826-teimww:lexiaInternalId knoraType="richtext_value">#000020</p0826-teimww:lexiaInternalId>
    <p0826-teimww:lexiaTitle knoraType="richtext_value">players eloquence</p0826-teimww:lexiaTitle>
  </p0826-teimww:lexia>
  <p0826-teimww:lexia id="ww_167ae21248dc9ef5">
    <knoraXmlImport:label>L: trippingly</knoraXmlImport:label>
    <p0826-teimww:lexiaInternalId knoraType="richtext_value">#000281</p0826-teimww:lexiaInternalId>
    <p0826-teimww:lexiaTitle knoraType="richtext_value">trippingly</p0826-teimww:lexiaTitle>
  </p0826-teimww:lexia>
  <p0826-teimww:lexia id="ww_47db54ab979e2ab2">
    <knoraXmlImport:label>L: what art thou</knoraXmlImport:label>
    <p0826-teimww:lexiaInternalId knoraType="richtext_value">#000416</p0826-teimww:lexiaInternalId>
    <p0826-teimww:lexiaTitle knoraType="richtext_value">what art thou</p0826-teimww:lexiaTitle>
  </p0826-teimww:lexia>
  <p0826-teimww:lexia id="ww_b588301a0a47d581">
    <knoraXmlImport:label>L: Goblin damned</knoraXmlImport:label>
    <p0826-teimww:lexiaInternalId knoraType="richtext_value">#002280</p0826-teimww:lexiaInternalId>
    <p0826-teimww:lexiaTitle knoraType="richtext_value">Goblin damned</p0826-teimww:lexiaTitle>
  </p0826-teimww:lexia>
  <p0826-teimww:lexia id="ww_b7eed7b870a7cc97">
    <knoraXmlImport:label>L: PHRASE complete </knoraXmlImport:label>
    <p0826-teimww:lexiaInternalId knoraType="richtext_value">#000271</p0826-teimww:lexiaInternalId>
    <p0826-teimww:lexiaTitle knoraType="richtext_value">PHRASE complete steel</p0826-teimww:lexiaTitle>
  </p0826-teimww:lexia>
  <p0826-teimww:lexia id="ww_620bbe7e9cb6a4d2">
    <knoraXmlImport:label>L: living monument</knoraXmlImport:label>
    <p0826-teimww:lexiaInternalId knoraType="richtext_value">#001162</p0826-teimww:lexiaInternalId>
    <p0826-teimww:lexiaTitle knoraType="richtext_value">living monument</p0826-teimww:lexiaTitle>
  </p0826-teimww:lexia>
  <p0826-teimww:lexia id="ww_e2f5169b0db08ace">
    <knoraXmlImport:label>L: out of tune</knoraXmlImport:label>
    <p0826-teimww:lexiaInternalId knoraType="richtext_value">#001113</p0826-teimww:lexiaInternalId>
    <p0826-teimww:lexiaTitle knoraType="richtext_value">out of tune</p0826-teimww:lexiaTitle>
  </p0826-teimww:lexia>
  <p0826-teimww:lexia id="ww_c8f923873df6c746">
    <knoraXmlImport:label>L: table-book</knoraXmlImport:label>
    <p0826-teimww:lexiaInternalId knoraType="richtext_value">#000288</p0826-teimww:lexiaInternalId>
    <p0826-teimww:lexiaTitle knoraType="richtext_value">table-book</p0826-teimww:lexiaTitle>
  </p0826-teimww:lexia>
  <p0826-teimww:lexia id="ww_2ef6f1afe6e45507">
    <knoraXmlImport:label>L: unhand me</knoraXmlImport:label>
    <p0826-teimww:lexiaInternalId knoraType="richtext_value">#001119</p0826-teimww:lexiaInternalId>
    <p0826-teimww:lexiaTitle knoraType="richtext_value">unhand me</p0826-teimww:lexiaTitle>
  </p0826-teimww:lexia>
  <p0826-teimww:lexia id="ww_45aee35d33cb9291">
    <knoraXmlImport:label>L: sadly poor wretc</knoraXmlImport:label>
    <p0826-teimww:lexiaInternalId knoraType="richtext_value">#000097</p0826-teimww:lexiaInternalId>
    <p0826-teimww:lexiaTitle knoraType="richtext_value">sadly poor wretch comes reading</p0826-teimww:lexiaTitle>
  </p0826-teimww:lexia>
  <p0826-teimww:lexia id="ww_768db3c2b94cc30e">
    <knoraXmlImport:label>L: action of words</knoraXmlImport:label>
    <p0826-teimww:lexiaInternalId knoraType="richtext_value">#002099</p0826-teimww:lexiaInternalId>
    <p0826-teimww:lexiaTitle knoraType="richtext_value">action of words</p0826-teimww:lexiaTitle>
  </p0826-teimww:lexia>
  <p0826-teimww:lexia id="ww_4c544b01f35a1ca2">
    <knoraXmlImport:label>L: fishmonger</knoraXmlImport:label>
    <p0826-teimww:lexiaInternalId knoraType="richtext_value">#000096</p0826-teimww:lexiaInternalId>
    <p0826-teimww:lexiaTitle knoraType="richtext_value">fishmonger</p0826-teimww:lexiaTitle>
  </p0826-teimww:lexia>
  <p0826-teimww:lexia id="ww_4defe8e1575c82e5">
    <knoraXmlImport:label>L: equal scales</knoraXmlImport:label>
    <p0826-teimww:lexiaInternalId knoraType="richtext_value">#000290</p0826-teimww:lexiaInternalId>
    <p0826-teimww:lexiaTitle knoraType="richtext_value">equal scales</p0826-teimww:lexiaTitle>
  </p0826-teimww:lexia>
  <p0826-teimww:lexia id="ww_95459b6d2988155b">
    <knoraXmlImport:label>L: cowards beard pl</knoraXmlImport:label>
    <p0826-teimww:lexiaInternalId knoraType="richtext_value">#002161</p0826-teimww:lexiaInternalId>
    <p0826-teimww:lexiaTitle knoraType="richtext_value">cowards beard plucked off</p0826-teimww:lexiaTitle>
  </p0826-teimww:lexia>
  <p0826-teimww:lexia id="ww_d27ad72706d05bc9">
    <knoraXmlImport:label>L: fathers spirit i</knoraXmlImport:label>
    <p0826-teimww:lexiaInternalId knoraType="richtext_value">#000002</p0826-teimww:lexiaInternalId>
    <p0826-teimww:lexiaTitle knoraType="richtext_value">fathers spirit in arms</p0826-teimww:lexiaTitle>
  </p0826-teimww:lexia>
  <p0826-teimww:lexia id="ww_4628ff1b47c5990c">
    <knoraXmlImport:label>L: wear sb in heart</knoraXmlImport:label>
    <p0826-teimww:lexiaInternalId knoraType="richtext_value">#002100</p0826-teimww:lexiaInternalId>
    <p0826-teimww:lexiaTitle knoraType="richtext_value">wear sb in heart (of heart)</p0826-teimww:lexiaTitle>
  </p0826-teimww:lexia>
  <p0826-teimww:lexia id="ww_2736deb5ccf8362c">
    <knoraXmlImport:label>L: condolement</knoraXmlImport:label>
    <p0826-teimww:lexiaInternalId knoraType="richtext_value">#000030</p0826-teimww:lexiaInternalId>
    <p0826-teimww:lexiaTitle knoraType="richtext_value">condolement</p0826-teimww:lexiaTitle>
  </p0826-teimww:lexia>
  <p0826-teimww:lexia id="ww_256005469b8cc139">
    <knoraXmlImport:label>L: unkennel</knoraXmlImport:label>
    <p0826-teimww:lexiaInternalId knoraType="richtext_value">#000263</p0826-teimww:lexiaInternalId>
    <p0826-teimww:lexiaTitle knoraType="richtext_value">unkennel</p0826-teimww:lexiaTitle>
  </p0826-teimww:lexia>
  <p0826-teimww:lexia id="ww_6405000775828d26">
    <knoraXmlImport:label>L: angels guarding </knoraXmlImport:label>
    <p0826-teimww:lexiaInternalId knoraType="richtext_value">#000072</p0826-teimww:lexiaInternalId>
    <p0826-teimww:lexiaTitle knoraType="richtext_value">angels guarding while asleep Abrahams bosom</p0826-teimww:lexiaTitle>
  </p0826-teimww:lexia>
  <p0826-teimww:lexia id="ww_2301d9ccc52e99ec">
    <knoraXmlImport:label>L: evil, damned gho</knoraXmlImport:label>
    <p0826-teimww:lexiaInternalId knoraType="richtext_value">#002094</p0826-teimww:lexiaInternalId>
    <p0826-teimww:lexiaTitle knoraType="richtext_value">evil, damned ghost</p0826-teimww:lexiaTitle>
  </p0826-teimww:lexia>
  <p0826-teimww:lexia id="ww_3458653007f03445">
    <knoraXmlImport:label>L: two eyes like sp</knoraXmlImport:label>
    <p0826-teimww:lexiaInternalId knoraType="richtext_value">#001123</p0826-teimww:lexiaInternalId>
    <p0826-teimww:lexiaTitle knoraType="richtext_value">two eyes like spheres</p0826-teimww:lexiaTitle>
  </p0826-teimww:lexia>
  <p0826-teimww:lexia id="ww_a52690aee2fb5674">
    <knoraXmlImport:label>L: between legs</knoraXmlImport:label>
    <p0826-teimww:lexiaInternalId knoraType="richtext_value">#002101</p0826-teimww:lexiaInternalId>
    <p0826-teimww:lexiaTitle knoraType="richtext_value">between legs</p0826-teimww:lexiaTitle>
  </p0826-teimww:lexia>
  <p0826-teimww:lexia id="ww_4b0e737d8fdaacf3">
    <knoraXmlImport:label>L: hobby-horse</knoraXmlImport:label>
    <p0826-teimww:lexiaInternalId knoraType="richtext_value">#000250</p0826-teimww:lexiaInternalId>
    <p0826-teimww:lexiaTitle knoraType="richtext_value">hobby-horse</p0826-teimww:lexiaTitle>
  </p0826-teimww:lexia>
  <p0826-teimww:lexia id="ww_a2e8ea5160a5f801">
    <knoraXmlImport:label>L: like a porcupine</knoraXmlImport:label>
    <p0826-teimww:lexiaInternalId knoraType="richtext_value">#000396</p0826-teimww:lexiaInternalId>
    <p0826-teimww:lexiaTitle knoraType="richtext_value">like a porcupine</p0826-teimww:lexiaTitle>
  </p0826-teimww:lexia>
  <p0826-teimww:lexia id="ww_3d11fab1e02314cb">
    <knoraXmlImport:label>L: asking explanati</knoraXmlImport:label>
    <p0826-teimww:lexiaInternalId knoraType="richtext_value">#000076</p0826-teimww:lexiaInternalId>
    <p0826-teimww:lexiaTitle knoraType="richtext_value">asking explanations at a play</p0826-teimww:lexiaTitle>
  </p0826-teimww:lexia>
  <p0826-teimww:lexia id="ww_08e2c9a6bfcbc361">
    <knoraXmlImport:label>L: Mallecho</knoraXmlImport:label>
    <p0826-teimww:lexiaInternalId knoraType="richtext_value">#002102</p0826-teimww:lexiaInternalId>
    <p0826-teimww:lexiaTitle knoraType="richtext_value">Mallecho</p0826-teimww:lexiaTitle>
  </p0826-teimww:lexia>
  <p0826-teimww:lexia id="ww_da2ab5d68ce5b240">
    <knoraXmlImport:label>L: move unobstructe</knoraXmlImport:label>
    <p0826-teimww:lexiaInternalId knoraType="richtext_value">#000067</p0826-teimww:lexiaInternalId>
    <p0826-teimww:lexiaTitle knoraType="richtext_value">move unobstructed or swift as thought</p0826-teimww:lexiaTitle>
  </p0826-teimww:lexia>
  <p0826-teimww:lexia id="ww_3f3a4d35d9b5b6b0">
    <knoraXmlImport:label>L: operant powers</knoraXmlImport:label>
    <p0826-teimww:lexiaInternalId knoraType="richtext_value">#002104</p0826-teimww:lexiaInternalId>
    <p0826-teimww:lexiaTitle knoraType="richtext_value">operant powers</p0826-teimww:lexiaTitle>
  </p0826-teimww:lexia>
  <p0826-teimww:lexia id="ww_d8b83eaead3ed602">
    <knoraXmlImport:label>L: honour at stake</knoraXmlImport:label>
    <p0826-teimww:lexiaInternalId knoraType="richtext_value">#000203</p0826-teimww:lexiaInternalId>
    <p0826-teimww:lexiaTitle knoraType="richtext_value">honour at stake</p0826-teimww:lexiaTitle>
  </p0826-teimww:lexia>
  <p0826-teimww:lexia id="ww_aea6ef46a6796370">
    <knoraXmlImport:label>L: lie in the throa</knoraXmlImport:label>
    <p0826-teimww:lexiaInternalId knoraType="richtext_value">#000113</p0826-teimww:lexiaInternalId>
    <p0826-teimww:lexiaTitle knoraType="richtext_value">lie in the throat</p0826-teimww:lexiaTitle>
  </p0826-teimww:lexia>
  <p0826-teimww:lexia id="ww_e685fd9ee9b015cc">
    <knoraXmlImport:label>L: adulterate beast</knoraXmlImport:label>
    <p0826-teimww:lexiaInternalId knoraType="richtext_value">#000766</p0826-teimww:lexiaInternalId>
    <p0826-teimww:lexiaTitle knoraType="richtext_value">adulterate beast</p0826-teimww:lexiaTitle>
  </p0826-teimww:lexia>
  <p0826-teimww:lexia id="ww_4b5a2579a1d3c289">
    <knoraXmlImport:label>L: virtue and lust</knoraXmlImport:label>
    <p0826-teimww:lexiaInternalId knoraType="richtext_value">#001125</p0826-teimww:lexiaInternalId>
    <p0826-teimww:lexiaTitle knoraType="richtext_value">virtue and lust</p0826-teimww:lexiaTitle>
  </p0826-teimww:lexia>
  <p0826-teimww:lexia id="ww_5c3eefd72b42fb4b">
    <knoraXmlImport:label>L: take somebodys w</knoraXmlImport:label>
    <p0826-teimww:lexiaInternalId knoraType="richtext_value">#002106</p0826-teimww:lexiaInternalId>
    <p0826-teimww:lexiaTitle knoraType="richtext_value">take somebodys word</p0826-teimww:lexiaTitle>
  </p0826-teimww:lexia>
  <p0826-teimww:lexia id="ww_869ce1e423af55b4">
    <knoraXmlImport:label>L: loathsome + laza</knoraXmlImport:label>
    <p0826-teimww:lexiaInternalId knoraType="richtext_value">#000254</p0826-teimww:lexiaInternalId>
    <p0826-teimww:lexiaTitle knoraType="richtext_value">loathsome + lazar</p0826-teimww:lexiaTitle>
  </p0826-teimww:lexia>
  <p0826-teimww:lexia id="ww_dd0caf239cbfc012">
    <knoraXmlImport:label>L: carouse, sulphur</knoraXmlImport:label>
    <p0826-teimww:lexiaInternalId knoraType="richtext_value">#005081</p0826-teimww:lexiaInternalId>
    <p0826-teimww:lexiaTitle knoraType="richtext_value">carouse, sulphur</p0826-teimww:lexiaTitle>
  </p0826-teimww:lexia>
  <p0826-teimww:lexia id="ww_fbae4bfc63f0eb23">
    <knoraXmlImport:label>L: mother in heaven</knoraXmlImport:label>
    <p0826-teimww:lexiaInternalId knoraType="richtext_value">#001128</p0826-teimww:lexiaInternalId>
    <p0826-teimww:lexiaTitle knoraType="richtext_value">mother in heaven</p0826-teimww:lexiaTitle>
  </p0826-teimww:lexia>
  <p0826-teimww:lexia id="ww_c2eb7bb32e3afa15">
    <knoraXmlImport:label>L: majestic stalkin</knoraXmlImport:label>
    <p0826-teimww:lexiaInternalId knoraType="richtext_value">#005080</p0826-teimww:lexiaInternalId>
    <p0826-teimww:lexiaTitle knoraType="richtext_value">majestic stalking ghost</p0826-teimww:lexiaTitle>
  </p0826-teimww:lexia>
  <p0826-teimww:lexia id="ww_3934d539cabd899b">
    <knoraXmlImport:label>L: Neros soul</knoraXmlImport:label>
    <p0826-teimww:lexiaInternalId knoraType="richtext_value">#002108</p0826-teimww:lexiaInternalId>
    <p0826-teimww:lexiaTitle knoraType="richtext_value">Neros soul</p0826-teimww:lexiaTitle>
  </p0826-teimww:lexia>
  <p0826-teimww:lexia id="ww_ebc72e2c1f7b8160">
    <knoraXmlImport:label>L: glow worms</knoraXmlImport:label>
    <p0826-teimww:lexiaInternalId knoraType="richtext_value">#001129</p0826-teimww:lexiaInternalId>
    <p0826-teimww:lexiaTitle knoraType="richtext_value">glow worms</p0826-teimww:lexiaTitle>
  </p0826-teimww:lexia>
  <p0826-teimww:lexia id="ww_07f2ba3bcffeb853">
    <knoraXmlImport:label>L: book and brain</knoraXmlImport:label>
    <p0826-teimww:lexiaInternalId knoraType="richtext_value">#001130</p0826-teimww:lexiaInternalId>
    <p0826-teimww:lexiaTitle knoraType="richtext_value">book and brain</p0826-teimww:lexiaTitle>
  </p0826-teimww:lexia>
  <p0826-teimww:lexia id="ww_ccfdc27f19c1c3e1">
    <knoraXmlImport:label>L: smile but be a v</knoraXmlImport:label>
    <p0826-teimww:lexiaInternalId knoraType="richtext_value">#000340</p0826-teimww:lexiaInternalId>
    <p0826-teimww:lexiaTitle knoraType="richtext_value">smile but be a villain</p0826-teimww:lexiaTitle>
  </p0826-teimww:lexia>
  <p0826-teimww:lexia id="ww_578f4fe0b47886dc">
    <knoraXmlImport:label>L: every man his bu</knoraXmlImport:label>
    <p0826-teimww:lexiaInternalId knoraType="richtext_value">#000286</p0826-teimww:lexiaInternalId>
    <p0826-teimww:lexiaTitle knoraType="richtext_value">every man his business</p0826-teimww:lexiaTitle>
  </p0826-teimww:lexia>
  <p0826-teimww:lexia id="ww_fd4fa9de83e78af6">
    <knoraXmlImport:label>L: I will go pray</knoraXmlImport:label>
    <p0826-teimww:lexiaInternalId knoraType="richtext_value">#000094</p0826-teimww:lexiaInternalId>
    <p0826-teimww:lexiaTitle knoraType="richtext_value">I will go pray</p0826-teimww:lexiaTitle>
  </p0826-teimww:lexia>
  <p0826-teimww:lexia id="ww_b542879bcb3287b2">
    <knoraXmlImport:label>L: Hic et ubique - </knoraXmlImport:label>
    <p0826-teimww:lexiaInternalId knoraType="richtext_value">#000335</p0826-teimww:lexiaInternalId>
    <p0826-teimww:lexiaTitle knoraType="richtext_value">Hic et ubique - here, there and everywhere</p0826-teimww:lexiaTitle>
  </p0826-teimww:lexia>
  <p0826-teimww:lexia id="ww_e5752d7bfd7f5fa0">
    <knoraXmlImport:label>L: wonderful strang</knoraXmlImport:label>
    <p0826-teimww:lexiaInternalId knoraType="richtext_value">#001132</p0826-teimww:lexiaInternalId>
    <p0826-teimww:lexiaTitle knoraType="richtext_value">wonderful strange</p0826-teimww:lexiaTitle>
  </p0826-teimww:lexia>
  <p0826-teimww:lexia id="ww_e242beeb93d1bd2a">
    <knoraXmlImport:label>L: there are unexpl</knoraXmlImport:label>
    <p0826-teimww:lexiaInternalId knoraType="richtext_value">#000148</p0826-teimww:lexiaInternalId>
    <p0826-teimww:lexiaTitle knoraType="richtext_value">there are unexplainable things in the world</p0826-teimww:lexiaTitle>
  </p0826-teimww:lexia>
  <p0826-teimww:lexia id="ww_67f882375b009f3c">
    <knoraXmlImport:label>L: black clothes</knoraXmlImport:label>
    <p0826-teimww:lexiaInternalId knoraType="richtext_value">#000767</p0826-teimww:lexiaInternalId>
    <p0826-teimww:lexiaTitle knoraType="richtext_value">black clothes</p0826-teimww:lexiaTitle>
  </p0826-teimww:lexia>
  <p0826-teimww:lexia id="ww_a192e4e1e3c68295">
    <knoraXmlImport:label>L:  divine prohibit</knoraXmlImport:label>
    <p0826-teimww:lexiaInternalId knoraType="richtext_value">#000225</p0826-teimww:lexiaInternalId>
    <p0826-teimww:lexiaTitle knoraType="richtext_value"> divine prohibition against self-slaughter</p0826-teimww:lexiaTitle>
  </p0826-teimww:lexia>
  <p0826-teimww:lexia id="ww_408d46898ef57436">
    <knoraXmlImport:label>L: the Everlasting</knoraXmlImport:label>
    <p0826-teimww:lexiaInternalId knoraType="richtext_value">#001135</p0826-teimww:lexiaInternalId>
    <p0826-teimww:lexiaTitle knoraType="richtext_value">the Everlasting</p0826-teimww:lexiaTitle>
  </p0826-teimww:lexia>
  <p0826-teimww:lexia id="ww_d2068776b5b89994">
    <knoraXmlImport:label>L: waste of the nig</knoraXmlImport:label>
    <p0826-teimww:lexiaInternalId knoraType="richtext_value">#001134</p0826-teimww:lexiaInternalId>
    <p0826-teimww:lexiaTitle knoraType="richtext_value">waste of the night</p0826-teimww:lexiaTitle>
  </p0826-teimww:lexia>
  <p0826-teimww:lexia id="ww_1b554573973827da">
    <knoraXmlImport:label>L: Dido loved and l</knoraXmlImport:label>
    <p0826-teimww:lexiaInternalId knoraType="richtext_value">#005094</p0826-teimww:lexiaInternalId>
    <p0826-teimww:lexiaTitle knoraType="richtext_value">Dido loved and left by Aneneas</p0826-teimww:lexiaTitle>
  </p0826-teimww:lexia>
  <p0826-teimww:lexia id="ww_7ca6574cd3f37695">
    <knoraXmlImport:label>L: Aeneas</knoraXmlImport:label>
    <p0826-teimww:lexiaInternalId knoraType="richtext_value">#002239</p0826-teimww:lexiaInternalId>
    <p0826-teimww:lexiaTitle knoraType="richtext_value">Aeneas</p0826-teimww:lexiaTitle>
  </p0826-teimww:lexia>
  <p0826-teimww:lexia id="ww_192dacb3d95c7d24">
    <knoraXmlImport:label>L: Dido</knoraXmlImport:label>
    <p0826-teimww:lexiaInternalId knoraType="richtext_value">#002240</p0826-teimww:lexiaInternalId>
    <p0826-teimww:lexiaTitle knoraType="richtext_value">Dido</p0826-teimww:lexiaTitle>
  </p0826-teimww:lexia>
  <p0826-teimww:lexia id="ww_8429f7553747f08c">
    <knoraXmlImport:label>L: the living dead</knoraXmlImport:label>
    <p0826-teimww:lexiaInternalId knoraType="richtext_value">#000010</p0826-teimww:lexiaInternalId>
    <p0826-teimww:lexiaTitle knoraType="richtext_value">the living dead</p0826-teimww:lexiaTitle>
  </p0826-teimww:lexia>
  <p0826-teimww:lexia id="ww_882df95aa1319c98">
    <knoraXmlImport:label>L: cruel to be kind</knoraXmlImport:label>
    <p0826-teimww:lexiaInternalId knoraType="richtext_value">#000119</p0826-teimww:lexiaInternalId>
    <p0826-teimww:lexiaTitle knoraType="richtext_value">cruel to be kind</p0826-teimww:lexiaTitle>
  </p0826-teimww:lexia>
  <p0826-teimww:lexia id="ww_908fec1a3c1436ad">
    <knoraXmlImport:label>L: buzzers</knoraXmlImport:label>
    <p0826-teimww:lexiaInternalId knoraType="richtext_value">#000261</p0826-teimww:lexiaInternalId>
    <p0826-teimww:lexiaTitle knoraType="richtext_value">buzzers</p0826-teimww:lexiaTitle>
  </p0826-teimww:lexia>
  <p0826-teimww:lexia id="ww_f3b08ce28b7a11e5">
    <knoraXmlImport:label>L: both the worlds</knoraXmlImport:label>
    <p0826-teimww:lexiaInternalId knoraType="richtext_value">#000699</p0826-teimww:lexiaInternalId>
    <p0826-teimww:lexiaTitle knoraType="richtext_value">both the worlds</p0826-teimww:lexiaTitle>
  </p0826-teimww:lexia>
  <p0826-teimww:lexia id="ww_a1aba38592b08651">
    <knoraXmlImport:label>L: murdering someon</knoraXmlImport:label>
    <p0826-teimww:lexiaInternalId knoraType="richtext_value">#001171</p0826-teimww:lexiaInternalId>
    <p0826-teimww:lexiaTitle knoraType="richtext_value">murdering someone who is praying</p0826-teimww:lexiaTitle>
  </p0826-teimww:lexia>
  <p0826-teimww:lexia id="ww_2c403092d5ee953f">
    <knoraXmlImport:label>L: Angels and minis</knoraXmlImport:label>
    <p0826-teimww:lexiaInternalId knoraType="richtext_value">#000177</p0826-teimww:lexiaInternalId>
    <p0826-teimww:lexiaTitle knoraType="richtext_value">Angels and ministers of grace</p0826-teimww:lexiaTitle>
  </p0826-teimww:lexia>
  <p0826-teimww:lexia id="ww_722f19a2d0544d1e">
    <knoraXmlImport:label>L: play sb like an </knoraXmlImport:label>
    <p0826-teimww:lexiaInternalId knoraType="richtext_value">#001039</p0826-teimww:lexiaInternalId>
    <p0826-teimww:lexiaTitle knoraType="richtext_value">play sb like an instrument</p0826-teimww:lexiaTitle>
  </p0826-teimww:lexia>
  <p0826-teimww:lexia id="ww_5f8fb8c9fbd7f34a">
    <knoraXmlImport:label>L: rugged beast</knoraXmlImport:label>
    <p0826-teimww:lexiaInternalId knoraType="richtext_value">#002092</p0826-teimww:lexiaInternalId>
    <p0826-teimww:lexiaTitle knoraType="richtext_value">rugged beast</p0826-teimww:lexiaTitle>
  </p0826-teimww:lexia>
  <p0826-teimww:lexia id="ww_17ef6dc16d561a28">
    <knoraXmlImport:label>L: Tiger</knoraXmlImport:label>
    <p0826-teimww:lexiaInternalId knoraType="richtext_value">#004080</p0826-teimww:lexiaInternalId>
    <p0826-teimww:lexiaTitle knoraType="richtext_value">Tiger</p0826-teimww:lexiaTitle>
  </p0826-teimww:lexia>
  <p0826-teimww:lexia id="ww_fe6fa2da26ced2ba">
    <knoraXmlImport:label>L: Bloody Warrior</knoraXmlImport:label>
    <p0826-teimww:lexiaInternalId knoraType="richtext_value">#004086</p0826-teimww:lexiaInternalId>
    <p0826-teimww:lexiaTitle knoraType="richtext_value">Bloody Warrior</p0826-teimww:lexiaTitle>
  </p0826-teimww:lexia>
  <p0826-teimww:lexia id="ww_5e3dd11d52027da0">
    <knoraXmlImport:label>L: he said it is go</knoraXmlImport:label>
    <p0826-teimww:lexiaInternalId knoraType="richtext_value">#050112</p0826-teimww:lexiaInternalId>
    <p0826-teimww:lexiaTitle knoraType="richtext_value">he said it is good</p0826-teimww:lexiaTitle>
  </p0826-teimww:lexia>
  <p0826-teimww:lexia id="ww_1a41794e1c81f34b">
    <knoraXmlImport:label>L: host of heaven</knoraXmlImport:label>
    <p0826-teimww:lexiaInternalId knoraType="richtext_value">#000085</p0826-teimww:lexiaInternalId>
    <p0826-teimww:lexiaTitle knoraType="richtext_value">host of heaven</p0826-teimww:lexiaTitle>
  </p0826-teimww:lexia>
  <p0826-teimww:lexia id="ww_dcec5612aefc676d">
    <knoraXmlImport:label>L: be Chorus in thi</knoraXmlImport:label>
    <p0826-teimww:lexiaInternalId knoraType="richtext_value">#000178</p0826-teimww:lexiaInternalId>
    <p0826-teimww:lexiaTitle knoraType="richtext_value">be Chorus in this tragedy</p0826-teimww:lexiaTitle>
  </p0826-teimww:lexia>
  <p0826-teimww:lexia id="ww_e3ba47a6ffa1b4a0">
    <knoraXmlImport:label>L: harrow with fear</knoraXmlImport:label>
    <p0826-teimww:lexiaInternalId knoraType="richtext_value">#000417</p0826-teimww:lexiaInternalId>
    <p0826-teimww:lexiaTitle knoraType="richtext_value">harrow with fear</p0826-teimww:lexiaTitle>
  </p0826-teimww:lexia>
  <p0826-teimww:lexia id="ww_ddf32300c573aa3e">
    <knoraXmlImport:label>L: you cannot follo</knoraXmlImport:label>
    <p0826-teimww:lexiaInternalId knoraType="richtext_value">#000185</p0826-teimww:lexiaInternalId>
    <p0826-teimww:lexiaTitle knoraType="richtext_value">you cannot follow two things</p0826-teimww:lexiaTitle>
  </p0826-teimww:lexia>
  <p0826-teimww:lexia id="ww_0e3667b68804cca5">
    <knoraXmlImport:label>L: warlike form</knoraXmlImport:label>
    <p0826-teimww:lexiaInternalId knoraType="richtext_value">#001084</p0826-teimww:lexiaInternalId>
    <p0826-teimww:lexiaTitle knoraType="richtext_value">warlike form</p0826-teimww:lexiaTitle>
  </p0826-teimww:lexia>
  <p0826-teimww:lexia id="ww_2da23fa7176338e2">
    <knoraXmlImport:label>L: armour he wore</knoraXmlImport:label>
    <p0826-teimww:lexiaInternalId knoraType="richtext_value">#001086</p0826-teimww:lexiaInternalId>
    <p0826-teimww:lexiaTitle knoraType="richtext_value">armour he wore</p0826-teimww:lexiaTitle>
  </p0826-teimww:lexia>
  <p0826-teimww:lexia id="ww_6cdcc8282b627a4b">
    <knoraXmlImport:label>L: seize land</knoraXmlImport:label>
    <p0826-teimww:lexiaInternalId knoraType="richtext_value">#001087</p0826-teimww:lexiaInternalId>
    <p0826-teimww:lexiaTitle knoraType="richtext_value">seize land</p0826-teimww:lexiaTitle>
  </p0826-teimww:lexia>
  <p0826-teimww:lexia id="ww_cbe4ab44dccd4d45">
    <knoraXmlImport:label>L: precurse</knoraXmlImport:label>
    <p0826-teimww:lexiaInternalId knoraType="richtext_value">#001089</p0826-teimww:lexiaInternalId>
    <p0826-teimww:lexiaTitle knoraType="richtext_value">precurse</p0826-teimww:lexiaTitle>
  </p0826-teimww:lexia>
  <p0826-teimww:lexia id="ww_9dc7c6af81c7366e">
    <knoraXmlImport:label>L: holiness of Chri</knoraXmlImport:label>
    <p0826-teimww:lexiaInternalId knoraType="richtext_value">#001090</p0826-teimww:lexiaInternalId>
    <p0826-teimww:lexiaTitle knoraType="richtext_value">holiness of Christmas season</p0826-teimww:lexiaTitle>
  </p0826-teimww:lexia>
  <p0826-teimww:lexia id="ww_4d5b790ef95a9168">
    <knoraXmlImport:label>L: bird of dawning</knoraXmlImport:label>
    <p0826-teimww:lexiaInternalId knoraType="richtext_value">#001133</p0826-teimww:lexiaInternalId>
    <p0826-teimww:lexiaTitle knoraType="richtext_value">bird of dawning</p0826-teimww:lexiaTitle>
  </p0826-teimww:lexia>
  <p0826-teimww:lexia id="ww_9a96b9f497c20db4">
    <knoraXmlImport:label>L: planets strike</knoraXmlImport:label>
    <p0826-teimww:lexiaInternalId knoraType="richtext_value">#000204</p0826-teimww:lexiaInternalId>
    <p0826-teimww:lexiaTitle knoraType="richtext_value">planets strike</p0826-teimww:lexiaTitle>
  </p0826-teimww:lexia>
  <p0826-teimww:lexia id="ww_4a446e9d21bdf5a5">
    <knoraXmlImport:label>L: dirge at wedding</knoraXmlImport:label>
    <p0826-teimww:lexiaInternalId knoraType="richtext_value">#001091</p0826-teimww:lexiaInternalId>
    <p0826-teimww:lexiaTitle knoraType="richtext_value">dirge at wedding</p0826-teimww:lexiaTitle>
  </p0826-teimww:lexia>
  <p0826-teimww:lexia id="ww_d5454d4cb19727ed">
    <knoraXmlImport:label>L: do not mourn, ev</knoraXmlImport:label>
    <p0826-teimww:lexiaInternalId knoraType="richtext_value">#001156</p0826-teimww:lexiaInternalId>
    <p0826-teimww:lexiaTitle knoraType="richtext_value">do not mourn, everybody dies</p0826-teimww:lexiaTitle>
  </p0826-teimww:lexia>
  <p0826-teimww:lexia id="ww_a340ef1605f72bb0">
    <knoraXmlImport:label>L: father</knoraXmlImport:label>
    <p0826-teimww:lexiaInternalId knoraType="richtext_value">#001092</p0826-teimww:lexiaInternalId>
    <p0826-teimww:lexiaTitle knoraType="richtext_value">father</p0826-teimww:lexiaTitle>
  </p0826-teimww:lexia>
  <p0826-teimww:lexia id="ww_489dfec3ae9fb1ce">
    <knoraXmlImport:label>L: break your sleep</knoraXmlImport:label>
    <p0826-teimww:lexiaInternalId knoraType="richtext_value">#000651</p0826-teimww:lexiaInternalId>
    <p0826-teimww:lexiaTitle knoraType="richtext_value">break your sleep</p0826-teimww:lexiaTitle>
  </p0826-teimww:lexia>
  <p0826-teimww:lexia id="ww_cd8cb3696f75b490">
    <knoraXmlImport:label>L: cannon speaks</knoraXmlImport:label>
    <p0826-teimww:lexiaInternalId knoraType="richtext_value">#001093</p0826-teimww:lexiaInternalId>
    <p0826-teimww:lexiaTitle knoraType="richtext_value">cannon speaks</p0826-teimww:lexiaTitle>
  </p0826-teimww:lexia>
  <p0826-teimww:lexia id="ww_7315936ecc2c376d">
    <knoraXmlImport:label>L: horror nature lo</knoraXmlImport:label>
    <p0826-teimww:lexiaInternalId knoraType="richtext_value">#001102</p0826-teimww:lexiaInternalId>
    <p0826-teimww:lexiaTitle knoraType="richtext_value">horror nature looks at</p0826-teimww:lexiaTitle>
  </p0826-teimww:lexia>
  <p0826-teimww:lexia id="ww_3177db490410f7b4">
    <knoraXmlImport:label>L: melted flesh, li</knoraXmlImport:label>
    <p0826-teimww:lexiaInternalId knoraType="richtext_value">#000160</p0826-teimww:lexiaInternalId>
    <p0826-teimww:lexiaTitle knoraType="richtext_value">melted flesh, living clay</p0826-teimww:lexiaTitle>
  </p0826-teimww:lexia>
  <p0826-teimww:lexia id="ww_b85ce3e62f2d95a3">
    <knoraXmlImport:label>L: winds attack fac</knoraXmlImport:label>
    <p0826-teimww:lexiaInternalId knoraType="richtext_value">#000089</p0826-teimww:lexiaInternalId>
    <p0826-teimww:lexiaTitle knoraType="richtext_value">winds attack face</p0826-teimww:lexiaTitle>
  </p0826-teimww:lexia>
  <p0826-teimww:lexia id="ww_8729b05531dca457">
    <knoraXmlImport:label>L:  Niobe, all tear</knoraXmlImport:label>
    <p0826-teimww:lexiaInternalId knoraType="richtext_value">#000372</p0826-teimww:lexiaInternalId>
    <p0826-teimww:lexiaTitle knoraType="richtext_value"> Niobe, all tears</p0826-teimww:lexiaTitle>
  </p0826-teimww:lexia>
  <p0826-teimww:lexia id="ww_c42b9098ed0f1834">
    <knoraXmlImport:label>L: Niobe</knoraXmlImport:label>
    <p0826-teimww:lexiaInternalId knoraType="richtext_value">#002242</p0826-teimww:lexiaInternalId>
    <p0826-teimww:lexiaTitle knoraType="richtext_value">Niobe</p0826-teimww:lexiaTitle>
  </p0826-teimww:lexia>
  <p0826-teimww:lexia id="ww_8db4479ceb2b6723">
    <knoraXmlImport:label>L: discourse of rea</knoraXmlImport:label>
    <p0826-teimww:lexiaInternalId knoraType="richtext_value">#000128</p0826-teimww:lexiaInternalId>
    <p0826-teimww:lexiaTitle knoraType="richtext_value">discourse of reason</p0826-teimww:lexiaTitle>
  </p0826-teimww:lexia>
  <p0826-teimww:lexia id="ww_b7dbe08e387e30b1">
    <knoraXmlImport:label>L: reason and beast</knoraXmlImport:label>
    <p0826-teimww:lexiaInternalId knoraType="richtext_value">#000068</p0826-teimww:lexiaInternalId>
    <p0826-teimww:lexiaTitle knoraType="richtext_value">reason and beast</p0826-teimww:lexiaTitle>
  </p0826-teimww:lexia>
  <p0826-teimww:lexia id="ww_d4178d3a9a0c597f">
    <knoraXmlImport:label>L: incestuous bed</knoraXmlImport:label>
    <p0826-teimww:lexiaInternalId knoraType="richtext_value">#001094</p0826-teimww:lexiaInternalId>
    <p0826-teimww:lexiaTitle knoraType="richtext_value">incestuous bed</p0826-teimww:lexiaTitle>
  </p0826-teimww:lexia>
  <p0826-teimww:lexia id="ww_fde48a179e771031">
    <knoraXmlImport:label>L: sorrow + silence</knoraXmlImport:label>
    <p0826-teimww:lexiaInternalId knoraType="richtext_value">#001095</p0826-teimww:lexiaInternalId>
    <p0826-teimww:lexiaTitle knoraType="richtext_value">sorrow + silence</p0826-teimww:lexiaTitle>
  </p0826-teimww:lexia>
  <p0826-teimww:lexia id="ww_8211917af3fdacdf">
    <knoraXmlImport:label>L: get thee to bed</knoraXmlImport:label>
    <p0826-teimww:lexiaInternalId knoraType="richtext_value">#000333</p0826-teimww:lexiaInternalId>
    <p0826-teimww:lexiaTitle knoraType="richtext_value">get thee to bed</p0826-teimww:lexiaTitle>
  </p0826-teimww:lexia>
  <p0826-teimww:lexia id="ww_96aada049d112272">
    <knoraXmlImport:label>L: break minute int</knoraXmlImport:label>
    <p0826-teimww:lexiaInternalId knoraType="richtext_value">#000162</p0826-teimww:lexiaInternalId>
    <p0826-teimww:lexiaTitle knoraType="richtext_value">break minute into a thousandth part</p0826-teimww:lexiaTitle>
  </p0826-teimww:lexia>
  <p0826-teimww:lexia id="ww_55cf84a2bad149a0">
    <knoraXmlImport:label>L: all in all</knoraXmlImport:label>
    <p0826-teimww:lexiaInternalId knoraType="richtext_value">#000168</p0826-teimww:lexiaInternalId>
    <p0826-teimww:lexiaTitle knoraType="richtext_value">all in all</p0826-teimww:lexiaTitle>
  </p0826-teimww:lexia>
  <p0826-teimww:lexia id="ww_523964e6cfb4d2fa">
    <knoraXmlImport:label>L: ghost appears th</knoraXmlImport:label>
    <p0826-teimww:lexiaInternalId knoraType="richtext_value">#001096</p0826-teimww:lexiaInternalId>
    <p0826-teimww:lexiaTitle knoraType="richtext_value">ghost appears thrice</p0826-teimww:lexiaTitle>
  </p0826-teimww:lexia>
  <p0826-teimww:lexia id="ww_c4f8c9325acb9ff2">
    <knoraXmlImport:label>L: Distilled almost</knoraXmlImport:label>
    <p0826-teimww:lexiaInternalId knoraType="richtext_value">#004049</p0826-teimww:lexiaInternalId>
    <p0826-teimww:lexiaTitle knoraType="richtext_value">Distilled almost to jelly</p0826-teimww:lexiaTitle>
  </p0826-teimww:lexia>
  <p0826-teimww:lexia id="ww_618e4980a7f997fd">
    <knoraXmlImport:label>L: armed you say</knoraXmlImport:label>
    <p0826-teimww:lexiaInternalId knoraType="richtext_value">#001098</p0826-teimww:lexiaInternalId>
    <p0826-teimww:lexiaTitle knoraType="richtext_value">armed you say</p0826-teimww:lexiaTitle>
  </p0826-teimww:lexia>
  <p0826-teimww:lexia id="ww_378ff84bbd948d23">
    <knoraXmlImport:label>L: cast of chaste l</knoraXmlImport:label>
    <p0826-teimww:lexiaInternalId knoraType="richtext_value">#000198</p0826-teimww:lexiaInternalId>
    <p0826-teimww:lexiaTitle knoraType="richtext_value">cast of chaste lips of Diana</p0826-teimww:lexiaTitle>
  </p0826-teimww:lexia>
  <p0826-teimww:lexia id="ww_858198d76f516310">
    <knoraXmlImport:label>L: no more but so</knoraXmlImport:label>
    <p0826-teimww:lexiaInternalId knoraType="richtext_value">#000269</p0826-teimww:lexiaInternalId>
    <p0826-teimww:lexiaTitle knoraType="richtext_value">no more but so</p0826-teimww:lexiaTitle>
  </p0826-teimww:lexia>
  <p0826-teimww:lexia id="ww_a12c64e05fb9a400">
    <knoraXmlImport:label>L: I charge thee sp</knoraXmlImport:label>
    <p0826-teimww:lexiaInternalId knoraType="richtext_value">#001085</p0826-teimww:lexiaInternalId>
    <p0826-teimww:lexiaTitle knoraType="richtext_value">I charge thee speak</p0826-teimww:lexiaTitle>
  </p0826-teimww:lexia>
  <p0826-teimww:lexia id="ww_b1a457618cdd730a">
    <knoraXmlImport:label>L: O, vengeance</knoraXmlImport:label>
    <p0826-teimww:lexiaInternalId knoraType="richtext_value">#000326</p0826-teimww:lexiaInternalId>
    <p0826-teimww:lexiaTitle knoraType="richtext_value">O, vengeance</p0826-teimww:lexiaTitle>
  </p0826-teimww:lexia>
  <p0826-teimww:lexia id="ww_bfb7efb1c6fad605">
    <knoraXmlImport:label>L: thews + bulk</knoraXmlImport:label>
    <p0826-teimww:lexiaInternalId knoraType="richtext_value">#000287</p0826-teimww:lexiaInternalId>
    <p0826-teimww:lexiaTitle knoraType="richtext_value">thews + bulk</p0826-teimww:lexiaTitle>
  </p0826-teimww:lexia>
  <p0826-teimww:lexia id="ww_543c08a37b93c3cc">
    <knoraXmlImport:label>L: carousing</knoraXmlImport:label>
    <p0826-teimww:lexiaInternalId knoraType="richtext_value">#000769</p0826-teimww:lexiaInternalId>
    <p0826-teimww:lexiaTitle knoraType="richtext_value">carousing</p0826-teimww:lexiaTitle>
  </p0826-teimww:lexia>
  <p0826-teimww:lexia id="ww_fe75d12af4504110">
    <knoraXmlImport:label>L: besmirch</knoraXmlImport:label>
    <p0826-teimww:lexiaInternalId knoraType="richtext_value">#001099</p0826-teimww:lexiaInternalId>
    <p0826-teimww:lexiaTitle knoraType="richtext_value">besmirch</p0826-teimww:lexiaTitle>
  </p0826-teimww:lexia>
  <p0826-teimww:lexia id="ww_d66e0672d2ae73d5">
    <knoraXmlImport:label>L: cautel</knoraXmlImport:label>
    <p0826-teimww:lexiaInternalId knoraType="richtext_value">#000207</p0826-teimww:lexiaInternalId>
    <p0826-teimww:lexiaTitle knoraType="richtext_value">cautel</p0826-teimww:lexiaTitle>
  </p0826-teimww:lexia>
  <p0826-teimww:lexia id="ww_bb8d51a3bb3a03c9">
    <knoraXmlImport:label>L: carve up a testa</knoraXmlImport:label>
    <p0826-teimww:lexiaInternalId knoraType="richtext_value">#000280</p0826-teimww:lexiaInternalId>
    <p0826-teimww:lexiaTitle knoraType="richtext_value">carve up a testament</p0826-teimww:lexiaTitle>
  </p0826-teimww:lexia>
  <p0826-teimww:lexia id="ww_c855feca941c9283">
    <knoraXmlImport:label>L: voice + yield</knoraXmlImport:label>
    <p0826-teimww:lexiaInternalId knoraType="richtext_value">#001100</p0826-teimww:lexiaInternalId>
    <p0826-teimww:lexiaTitle knoraType="richtext_value">voice + yield</p0826-teimww:lexiaTitle>
  </p0826-teimww:lexia>
  <p0826-teimww:lexia id="ww_7dd2ff17550dd225">
    <knoraXmlImport:label>L: saying deed</knoraXmlImport:label>
    <p0826-teimww:lexiaInternalId knoraType="richtext_value">#001101</p0826-teimww:lexiaInternalId>
    <p0826-teimww:lexiaTitle knoraType="richtext_value">saying deed</p0826-teimww:lexiaTitle>
  </p0826-teimww:lexia>
  <p0826-teimww:lexia id="ww_e2f49bcc69e21ae7">
    <knoraXmlImport:label>L: infants of the s</knoraXmlImport:label>
    <p0826-teimww:lexiaInternalId knoraType="richtext_value">#000282</p0826-teimww:lexiaInternalId>
    <p0826-teimww:lexiaTitle knoraType="richtext_value">infants of the spring</p0826-teimww:lexiaTitle>
  </p0826-teimww:lexia>
  <p0826-teimww:lexia id="ww_681b2a09125ef6af">
    <knoraXmlImport:label>L: SETPIECE - chast</knoraXmlImport:label>
    <p0826-teimww:lexiaInternalId knoraType="richtext_value">#001103</p0826-teimww:lexiaInternalId>
    <p0826-teimww:lexiaTitle knoraType="richtext_value">SETPIECE - chastity speech</p0826-teimww:lexiaTitle>
  </p0826-teimww:lexia>
  <p0826-teimww:lexia id="ww_d2482b1af2ee4da1">
    <knoraXmlImport:label>L: canker</knoraXmlImport:label>
    <p0826-teimww:lexiaInternalId knoraType="richtext_value">#001104</p0826-teimww:lexiaInternalId>
    <p0826-teimww:lexiaTitle knoraType="richtext_value">canker</p0826-teimww:lexiaTitle>
  </p0826-teimww:lexia>
  <p0826-teimww:lexia id="ww_86292c6ca1e38e4c">
    <knoraXmlImport:label>L: thorny vs easy p</knoraXmlImport:label>
    <p0826-teimww:lexiaInternalId knoraType="richtext_value">#001105</p0826-teimww:lexiaInternalId>
    <p0826-teimww:lexiaTitle knoraType="richtext_value">thorny vs easy path to Heaven</p0826-teimww:lexiaTitle>
  </p0826-teimww:lexia>
  <p0826-teimww:lexia id="ww_b88d2150456546e0">
    <knoraXmlImport:label>L: primrose path</knoraXmlImport:label>
    <p0826-teimww:lexiaInternalId knoraType="richtext_value">#001106</p0826-teimww:lexiaInternalId>
    <p0826-teimww:lexiaTitle knoraType="richtext_value">primrose path</p0826-teimww:lexiaTitle>
  </p0826-teimww:lexia>
  <p0826-teimww:lexia id="ww_2e207d71b9ef6bab">
    <knoraXmlImport:label>L: Do what you prea</knoraXmlImport:label>
    <p0826-teimww:lexiaInternalId knoraType="richtext_value">#004026</p0826-teimww:lexiaInternalId>
    <p0826-teimww:lexiaTitle knoraType="richtext_value">Do what you preach</p0826-teimww:lexiaTitle>
  </p0826-teimww:lexia>
  <p0826-teimww:lexia id="ww_adb6ad7f19f087e0">
    <knoraXmlImport:label>L: tongue + thought</knoraXmlImport:label>
    <p0826-teimww:lexiaInternalId knoraType="richtext_value">#001107</p0826-teimww:lexiaInternalId>
    <p0826-teimww:lexiaTitle knoraType="richtext_value">tongue + thoughts</p0826-teimww:lexiaTitle>
  </p0826-teimww:lexia>
  <p0826-teimww:lexia id="ww_547ef374f224c892">
    <knoraXmlImport:label>L: trust friends</knoraXmlImport:label>
    <p0826-teimww:lexiaInternalId knoraType="richtext_value">#001108</p0826-teimww:lexiaInternalId>
    <p0826-teimww:lexiaTitle knoraType="richtext_value">trust friends</p0826-teimww:lexiaTitle>
  </p0826-teimww:lexia>
  <p0826-teimww:lexia id="ww_cd7814d67607e6ae">
    <knoraXmlImport:label>L: look nice, but n</knoraXmlImport:label>
    <p0826-teimww:lexiaInternalId knoraType="richtext_value">#001109</p0826-teimww:lexiaInternalId>
    <p0826-teimww:lexiaTitle knoraType="richtext_value">look nice, but not too nice</p0826-teimww:lexiaTitle>
  </p0826-teimww:lexia>
  <p0826-teimww:lexia id="ww_074cbf437719aa35">
    <knoraXmlImport:label>L: locked and you k</knoraXmlImport:label>
    <p0826-teimww:lexiaInternalId knoraType="richtext_value">#000427</p0826-teimww:lexiaInternalId>
    <p0826-teimww:lexiaTitle knoraType="richtext_value">locked and you keep the key yourself</p0826-teimww:lexiaTitle>
  </p0826-teimww:lexia>
  <p0826-teimww:lexia id="ww_3b0e47b9c1d4b1da">
    <knoraXmlImport:label>L: do not believe h</knoraXmlImport:label>
    <p0826-teimww:lexiaInternalId knoraType="richtext_value">#001110</p0826-teimww:lexiaInternalId>
    <p0826-teimww:lexiaTitle knoraType="richtext_value">do not believe him</p0826-teimww:lexiaTitle>
  </p0826-teimww:lexia>
  <p0826-teimww:lexia id="ww_b85d3e24aadc24a6">
    <knoraXmlImport:label>L: Rhenish wine</knoraXmlImport:label>
    <p0826-teimww:lexiaInternalId knoraType="richtext_value">#001111</p0826-teimww:lexiaInternalId>
    <p0826-teimww:lexiaTitle knoraType="richtext_value">Rhenish wine</p0826-teimww:lexiaTitle>
  </p0826-teimww:lexia>
  <p0826-teimww:lexia id="ww_9d59f97572bedbec">
    <knoraXmlImport:label>L: loud noise</knoraXmlImport:label>
    <p0826-teimww:lexiaInternalId knoraType="richtext_value">#002147</p0826-teimww:lexiaInternalId>
    <p0826-teimww:lexiaTitle knoraType="richtext_value">loud noise</p0826-teimww:lexiaTitle>
  </p0826-teimww:lexia>
  <p0826-teimww:lexia id="ww_c5410aa7e6012056">
    <knoraXmlImport:label>L: heavy-headed</knoraXmlImport:label>
    <p0826-teimww:lexiaInternalId knoraType="richtext_value">#001114</p0826-teimww:lexiaInternalId>
    <p0826-teimww:lexiaTitle knoraType="richtext_value">heavy-headed</p0826-teimww:lexiaTitle>
  </p0826-teimww:lexia>
  <p0826-teimww:lexia id="ww_c51bdd6ce8725add">
    <knoraXmlImport:label>L: equivocation </knoraXmlImport:label>
    <p0826-teimww:lexiaInternalId knoraType="richtext_value">#001067</p0826-teimww:lexiaInternalId>
    <p0826-teimww:lexiaTitle knoraType="richtext_value">equivocation </p0826-teimww:lexiaTitle>
  </p0826-teimww:lexia>
  <p0826-teimww:lexia id="ww_4f339b92369ba206">
    <knoraXmlImport:label>L: Polonius</knoraXmlImport:label>
    <p0826-teimww:lexiaInternalId knoraType="richtext_value">#005020</p0826-teimww:lexiaInternalId>
    <p0826-teimww:lexiaTitle knoraType="richtext_value">Polonius</p0826-teimww:lexiaTitle>
  </p0826-teimww:lexia>
  <p0826-teimww:lexia id="ww_9d3ae63e47e4434d">
    <knoraXmlImport:label>L: Thomas Sackville</knoraXmlImport:label>
    <p0826-teimww:lexiaInternalId knoraType="richtext_value">#005144</p0826-teimww:lexiaInternalId>
    <p0826-teimww:lexiaTitle knoraType="richtext_value">Thomas Sackville</p0826-teimww:lexiaTitle>
  </p0826-teimww:lexia>
  <p0826-teimww:lexia id="ww_0e8e9c9a1e5888f8">
    <knoraXmlImport:label>L: drunk + swinish</knoraXmlImport:label>
    <p0826-teimww:lexiaInternalId knoraType="richtext_value">#001115</p0826-teimww:lexiaInternalId>
    <p0826-teimww:lexiaTitle knoraType="richtext_value">drunk + swinish</p0826-teimww:lexiaTitle>
  </p0826-teimww:lexia>
  <p0826-teimww:lexia id="ww_9aa026223967098d">
    <knoraXmlImport:label>L: one flaw ruins e</knoraXmlImport:label>
    <p0826-teimww:lexiaInternalId knoraType="richtext_value">#000768</p0826-teimww:lexiaInternalId>
    <p0826-teimww:lexiaTitle knoraType="richtext_value">one flaw ruins everything</p0826-teimww:lexiaTitle>
  </p0826-teimww:lexia>
  <p0826-teimww:lexia id="ww_e667a0143e648836">
    <knoraXmlImport:label>L: blemish of natur</knoraXmlImport:label>
    <p0826-teimww:lexiaInternalId knoraType="richtext_value">#000279</p0826-teimww:lexiaInternalId>
    <p0826-teimww:lexiaTitle knoraType="richtext_value">blemish of nature</p0826-teimww:lexiaTitle>
  </p0826-teimww:lexia>
  <p0826-teimww:lexia id="ww_200ce8766af0d29c">
    <knoraXmlImport:label>L: stars refuse to </knoraXmlImport:label>
    <p0826-teimww:lexiaInternalId knoraType="richtext_value">#001154</p0826-teimww:lexiaInternalId>
    <p0826-teimww:lexiaTitle knoraType="richtext_value">stars refuse to light the darkness</p0826-teimww:lexiaTitle>
  </p0826-teimww:lexia>
  <p0826-teimww:lexia id="ww_2216afdda1930437">
    <knoraXmlImport:label>L: secret friend in</knoraXmlImport:label>
    <p0826-teimww:lexiaInternalId knoraType="richtext_value">#000190</p0826-teimww:lexiaInternalId>
    <p0826-teimww:lexiaTitle knoraType="richtext_value">secret friend in forest</p0826-teimww:lexiaTitle>
  </p0826-teimww:lexia>
  <p0826-teimww:lexia id="ww_89414b22a336b7c6">
    <knoraXmlImport:label>L: face that launch</knoraXmlImport:label>
    <p0826-teimww:lexiaInternalId knoraType="richtext_value">#005074</p0826-teimww:lexiaInternalId>
    <p0826-teimww:lexiaTitle knoraType="richtext_value">face that launched a thousand ships</p0826-teimww:lexiaTitle>
  </p0826-teimww:lexia>
  <p0826-teimww:lexia id="ww_cc78a834daf7196a">
    <knoraXmlImport:label>L: Altofronto</knoraXmlImport:label>
    <p0826-teimww:lexiaInternalId knoraType="richtext_value">#005103</p0826-teimww:lexiaInternalId>
    <p0826-teimww:lexiaTitle knoraType="richtext_value">Altofronto</p0826-teimww:lexiaTitle>
  </p0826-teimww:lexia>
  <p0826-teimww:lexia id="ww_e6809c3f48cb2b56">
    <knoraXmlImport:label>L: list of brothel </knoraXmlImport:label>
    <p0826-teimww:lexiaInternalId knoraType="richtext_value">#005041</p0826-teimww:lexiaInternalId>
    <p0826-teimww:lexiaTitle knoraType="richtext_value">list of brothel or prison visitors with funny emblematic names</p0826-teimww:lexiaTitle>
  </p0826-teimww:lexia>
  <p0826-teimww:lexia id="ww_acd8cc6016196209">
    <knoraXmlImport:label>L: Agamemnon, Menel</knoraXmlImport:label>
    <p0826-teimww:lexiaInternalId knoraType="richtext_value">#002123</p0826-teimww:lexiaInternalId>
    <p0826-teimww:lexiaTitle knoraType="richtext_value">Agamemnon, Menelaus</p0826-teimww:lexiaTitle>
  </p0826-teimww:lexia>
  <p0826-teimww:lexia id="ww_cc560eeec381f203">
    <knoraXmlImport:label>L: ballad Arthur</knoraXmlImport:label>
    <p0826-teimww:lexiaInternalId knoraType="richtext_value">#002192</p0826-teimww:lexiaInternalId>
    <p0826-teimww:lexiaTitle knoraType="richtext_value">ballad Arthur</p0826-teimww:lexiaTitle>
  </p0826-teimww:lexia>
  <p0826-teimww:lexia id="ww_a1cc188485f391ef">
    <knoraXmlImport:label>L: Agamemnon</knoraXmlImport:label>
    <p0826-teimww:lexiaInternalId knoraType="richtext_value">#004018</p0826-teimww:lexiaInternalId>
    <p0826-teimww:lexiaTitle knoraType="richtext_value">Agamemnon</p0826-teimww:lexiaTitle>
  </p0826-teimww:lexia>
  <p0826-teimww:lexia id="ww_b6a1a8097de51bc4">
    <knoraXmlImport:label>L: Menelaus</knoraXmlImport:label>
    <p0826-teimww:lexiaInternalId knoraType="richtext_value">#004019</p0826-teimww:lexiaInternalId>
    <p0826-teimww:lexiaTitle knoraType="richtext_value">Menelaus</p0826-teimww:lexiaTitle>
  </p0826-teimww:lexia>
  <p0826-teimww:lexia id="ww_a7786c414f1b76e0">
    <knoraXmlImport:label>L: King Arthur</knoraXmlImport:label>
    <p0826-teimww:lexiaInternalId knoraType="richtext_value">#004022</p0826-teimww:lexiaInternalId>
    <p0826-teimww:lexiaTitle knoraType="richtext_value">King Arthur</p0826-teimww:lexiaTitle>
  </p0826-teimww:lexia>
  <p0826-teimww:lexia id="ww_2c80d0613eb8069e">
    <knoraXmlImport:label>L: put money in my </knoraXmlImport:label>
    <p0826-teimww:lexiaInternalId knoraType="richtext_value">#001165</p0826-teimww:lexiaInternalId>
    <p0826-teimww:lexiaTitle knoraType="richtext_value">put money in my purse</p0826-teimww:lexiaTitle>
  </p0826-teimww:lexia>
  <p0826-teimww:lexia id="ww_ea926f02cdfdc9b9">
    <knoraXmlImport:label>L: beware of jealou</knoraXmlImport:label>
    <p0826-teimww:lexiaInternalId knoraType="richtext_value">#005088</p0826-teimww:lexiaInternalId>
    <p0826-teimww:lexiaTitle knoraType="richtext_value">beware of jealousy</p0826-teimww:lexiaTitle>
  </p0826-teimww:lexia>
  <p0826-teimww:lexia id="ww_dadf41c4e1f9b530">
    <knoraXmlImport:label>L: unfaithful woman</knoraXmlImport:label>
    <p0826-teimww:lexiaInternalId knoraType="richtext_value">#005089</p0826-teimww:lexiaInternalId>
    <p0826-teimww:lexiaTitle knoraType="richtext_value">unfaithful woman may betray again</p0826-teimww:lexiaTitle>
  </p0826-teimww:lexia>
  <p0826-teimww:lexia id="ww_931f0ed867e26788">
    <knoraXmlImport:label>L: Where are they n</knoraXmlImport:label>
    <p0826-teimww:lexiaInternalId knoraType="richtext_value">#000755</p0826-teimww:lexiaInternalId>
    <p0826-teimww:lexiaTitle knoraType="richtext_value">Where are they now</p0826-teimww:lexiaTitle>
  </p0826-teimww:lexia>
  <p0826-teimww:lexia id="ww_f6b038fe37846611">
    <knoraXmlImport:label>L: Gravedigger Scen</knoraXmlImport:label>
    <p0826-teimww:lexiaInternalId knoraType="richtext_value">#000139</p0826-teimww:lexiaInternalId>
    <p0826-teimww:lexiaTitle knoraType="richtext_value">Gravedigger Scene</p0826-teimww:lexiaTitle>
  </p0826-teimww:lexia>
  <p0826-teimww:lexia id="ww_626ffd3fd3e193a6">
    <knoraXmlImport:label>L: gallows or grave</knoraXmlImport:label>
    <p0826-teimww:lexiaInternalId knoraType="richtext_value">#000150</p0826-teimww:lexiaInternalId>
    <p0826-teimww:lexiaTitle knoraType="richtext_value">gallows or grave joke</p0826-teimww:lexiaTitle>
  </p0826-teimww:lexia>
  <p0826-teimww:lexia id="ww_814974b78701f447">
    <knoraXmlImport:label>L: could have been </knoraXmlImport:label>
    <p0826-teimww:lexiaInternalId knoraType="richtext_value">#000750</p0826-teimww:lexiaInternalId>
    <p0826-teimww:lexiaTitle knoraType="richtext_value">could have been a politician</p0826-teimww:lexiaTitle>
  </p0826-teimww:lexia>
  <p0826-teimww:lexia id="ww_2a0172b1db1f7947">
    <knoraXmlImport:label>L: mandragora syrup</knoraXmlImport:label>
    <p0826-teimww:lexiaInternalId knoraType="richtext_value">#005090</p0826-teimww:lexiaInternalId>
    <p0826-teimww:lexiaTitle knoraType="richtext_value">mandragora syrup</p0826-teimww:lexiaTitle>
  </p0826-teimww:lexia>
  <p0826-teimww:lexia id="ww_f9cd14a1eba73681">
    <knoraXmlImport:label>L: I will tear him </knoraXmlImport:label>
    <p0826-teimww:lexiaInternalId knoraType="richtext_value">#005093</p0826-teimww:lexiaInternalId>
    <p0826-teimww:lexiaTitle knoraType="richtext_value">I will tear him to pieces</p0826-teimww:lexiaTitle>
  </p0826-teimww:lexia>
  <p0826-teimww:lexia id="ww_6200131ca51009bb">
    <knoraXmlImport:label>L: not murder but s</knoraXmlImport:label>
    <p0826-teimww:lexiaInternalId knoraType="richtext_value">#005091</p0826-teimww:lexiaInternalId>
    <p0826-teimww:lexiaTitle knoraType="richtext_value">not murder but sacrifice</p0826-teimww:lexiaTitle>
  </p0826-teimww:lexia>
  <p0826-teimww:lexia id="ww_99b2e65e8698dec3">
    <knoraXmlImport:label>L: love as physical</knoraXmlImport:label>
    <p0826-teimww:lexiaInternalId knoraType="richtext_value">#001177</p0826-teimww:lexiaInternalId>
    <p0826-teimww:lexiaTitle knoraType="richtext_value">love as physical compulsion</p0826-teimww:lexiaTitle>
  </p0826-teimww:lexia>
  <p0826-teimww:lexia id="ww_910ff305db526157">
    <knoraXmlImport:label>L: Do not like it, </knoraXmlImport:label>
    <p0826-teimww:lexiaInternalId knoraType="richtext_value">#005059</p0826-teimww:lexiaInternalId>
    <p0826-teimww:lexiaTitle knoraType="richtext_value">Do not like it, will not say what</p0826-teimww:lexiaTitle>
  </p0826-teimww:lexia>
  <p0826-teimww:lexia id="ww_c55fb5b3649912b2">
    <knoraXmlImport:label>L: women saints in </knoraXmlImport:label>
    <p0826-teimww:lexiaInternalId knoraType="richtext_value">#005064</p0826-teimww:lexiaInternalId>
    <p0826-teimww:lexiaTitle knoraType="richtext_value">women saints in church, different elsewhere</p0826-teimww:lexiaTitle>
  </p0826-teimww:lexia>
  <p0826-teimww:lexia id="ww_31ebd3ffde02a21b">
    <knoraXmlImport:label>L: the case is alte</knoraXmlImport:label>
    <p0826-teimww:lexiaInternalId knoraType="richtext_value">#000217</p0826-teimww:lexiaInternalId>
    <p0826-teimww:lexiaTitle knoraType="richtext_value">the case is altered</p0826-teimww:lexiaTitle>
  </p0826-teimww:lexia>
  <p0826-teimww:lexia id="ww_2f8e7c23e3e27783">
    <knoraXmlImport:label>L: Commend me to my</knoraXmlImport:label>
    <p0826-teimww:lexiaInternalId knoraType="richtext_value">#000246</p0826-teimww:lexiaInternalId>
    <p0826-teimww:lexiaTitle knoraType="richtext_value">Commend me to my lord (says mistreated wife)</p0826-teimww:lexiaTitle>
  </p0826-teimww:lexia>
  <p0826-teimww:lexia id="ww_1ed33a791bd5d8c6">
    <knoraXmlImport:label>L: familial relatio</knoraXmlImport:label>
    <p0826-teimww:lexiaInternalId knoraType="richtext_value">#001164</p0826-teimww:lexiaInternalId>
    <p0826-teimww:lexiaTitle knoraType="richtext_value">familial relationship as illness</p0826-teimww:lexiaTitle>
  </p0826-teimww:lexia>
  <p0826-teimww:lexia id="ww_543610985681451d">
    <knoraXmlImport:label>L: interview - wher</knoraXmlImport:label>
    <p0826-teimww:lexiaInternalId knoraType="richtext_value">#005098</p0826-teimww:lexiaInternalId>
    <p0826-teimww:lexiaTitle knoraType="richtext_value">interview - where are you from</p0826-teimww:lexiaTitle>
  </p0826-teimww:lexia>
  <p0826-teimww:lexia id="ww_af245185e193e29e">
    <knoraXmlImport:label>L: murderous Italia</knoraXmlImport:label>
    <p0826-teimww:lexiaInternalId knoraType="richtext_value">#000014</p0826-teimww:lexiaInternalId>
    <p0826-teimww:lexiaTitle knoraType="richtext_value">murderous Italians</p0826-teimww:lexiaTitle>
  </p0826-teimww:lexia>
  <p0826-teimww:lexia id="ww_8f0d8f9ec81e6c1f">
    <knoraXmlImport:label>L: drinking joke he</knoraXmlImport:label>
    <p0826-teimww:lexiaInternalId knoraType="richtext_value">#005099</p0826-teimww:lexiaInternalId>
    <p0826-teimww:lexiaTitle knoraType="richtext_value">drinking joke heavy-light</p0826-teimww:lexiaTitle>
  </p0826-teimww:lexia>
  <p0826-teimww:lexia id="ww_e4bea9b17c77c640">
    <knoraXmlImport:label>L: disorderly meal </knoraXmlImport:label>
    <p0826-teimww:lexiaInternalId knoraType="richtext_value">#000163</p0826-teimww:lexiaInternalId>
    <p0826-teimww:lexiaTitle knoraType="richtext_value">disorderly meal - eel by the tail</p0826-teimww:lexiaTitle>
  </p0826-teimww:lexia>
  <p0826-teimww:lexia id="ww_014c8cf25b02a293">
    <knoraXmlImport:label>L: evading debts - </knoraXmlImport:label>
    <p0826-teimww:lexiaInternalId knoraType="richtext_value">#005101</p0826-teimww:lexiaInternalId>
    <p0826-teimww:lexiaTitle knoraType="richtext_value">evading debts - BREXIT</p0826-teimww:lexiaTitle>
  </p0826-teimww:lexia>
  <p0826-teimww:lexia id="ww_e0981e654befcb1a">
    <knoraXmlImport:label>L: marry repulsive </knoraXmlImport:label>
    <p0826-teimww:lexiaInternalId knoraType="richtext_value">#000165</p0826-teimww:lexiaInternalId>
    <p0826-teimww:lexiaTitle knoraType="richtext_value">marry repulsive older woman for money</p0826-teimww:lexiaTitle>
  </p0826-teimww:lexia>
  <p0826-teimww:lexia id="ww_169a55aaac54b52d">
    <knoraXmlImport:label>L: Lear</knoraXmlImport:label>
    <p0826-teimww:lexiaInternalId knoraType="richtext_value">#005012</p0826-teimww:lexiaInternalId>
    <p0826-teimww:lexiaTitle knoraType="richtext_value">Lear</p0826-teimww:lexiaTitle>
  </p0826-teimww:lexia>
  <p0826-teimww:lexia id="ww_5c62ac50a459520b">
    <knoraXmlImport:label>L: pleasure at proc</knoraXmlImport:label>
    <p0826-teimww:lexiaInternalId knoraType="richtext_value">#001178</p0826-teimww:lexiaInternalId>
    <p0826-teimww:lexiaTitle knoraType="richtext_value">pleasure at procreation makes strong offspring</p0826-teimww:lexiaTitle>
  </p0826-teimww:lexia>
  <p0826-teimww:lexia id="ww_94aba4abe96bda30">
    <knoraXmlImport:label>L: Cupid sole lord</knoraXmlImport:label>
    <p0826-teimww:lexiaInternalId knoraType="richtext_value">#004122</p0826-teimww:lexiaInternalId>
    <p0826-teimww:lexiaTitle knoraType="richtext_value">Cupid sole lord</p0826-teimww:lexiaTitle>
  </p0826-teimww:lexia>
  <p0826-teimww:lexia id="ww_f13b626ee124149a">
    <knoraXmlImport:label>L: this heap</knoraXmlImport:label>
    <p0826-teimww:lexiaInternalId knoraType="richtext_value">#006767</p0826-teimww:lexiaInternalId>
    <p0826-teimww:lexiaTitle knoraType="richtext_value">this heap</p0826-teimww:lexiaTitle>
  </p0826-teimww:lexia>
  <p0826-teimww:lexia id="ww_94475a5ed2a7fc1d">
    <knoraXmlImport:label>L: Atlas groans</knoraXmlImport:label>
    <p0826-teimww:lexiaInternalId knoraType="richtext_value">#002055</p0826-teimww:lexiaInternalId>
    <p0826-teimww:lexiaTitle knoraType="richtext_value">Atlas groans</p0826-teimww:lexiaTitle>
  </p0826-teimww:lexia>
  <p0826-teimww:lexia id="ww_750edc88d9a2cdba">
    <knoraXmlImport:label>L: Atlas</knoraXmlImport:label>
    <p0826-teimww:lexiaInternalId knoraType="richtext_value">#002241</p0826-teimww:lexiaInternalId>
    <p0826-teimww:lexiaTitle knoraType="richtext_value">Atlas</p0826-teimww:lexiaTitle>
  </p0826-teimww:lexia>
  <p0826-teimww:lexia id="ww_87320a89b96d2ab2">
    <knoraXmlImport:label>L: the way of madne</knoraXmlImport:label>
    <p0826-teimww:lexiaInternalId knoraType="richtext_value">#002142</p0826-teimww:lexiaInternalId>
    <p0826-teimww:lexiaTitle knoraType="richtext_value">the way of madness</p0826-teimww:lexiaTitle>
  </p0826-teimww:lexia>
  <p0826-teimww:lexia id="ww_11c23445367442e1">
    <knoraXmlImport:label>L: poor naked wretc</knoraXmlImport:label>
    <p0826-teimww:lexiaInternalId knoraType="richtext_value">#002143</p0826-teimww:lexiaInternalId>
    <p0826-teimww:lexiaTitle knoraType="richtext_value">poor naked wretches</p0826-teimww:lexiaTitle>
  </p0826-teimww:lexia>
  <p0826-teimww:lexia id="ww_fe222a8433071083">
    <knoraXmlImport:label>L: celestial bodies</knoraXmlImport:label>
    <p0826-teimww:lexiaInternalId knoraType="richtext_value">#001158</p0826-teimww:lexiaInternalId>
    <p0826-teimww:lexiaTitle knoraType="richtext_value">celestial bodies determine our destinies</p0826-teimww:lexiaTitle>
  </p0826-teimww:lexia>
  <p0826-teimww:lexia id="ww_71ef380569446717">
    <knoraXmlImport:label>L: tread enemy into</knoraXmlImport:label>
    <p0826-teimww:lexiaInternalId knoraType="richtext_value">#005060</p0826-teimww:lexiaInternalId>
    <p0826-teimww:lexiaTitle knoraType="richtext_value">tread enemy into mortar</p0826-teimww:lexiaTitle>
  </p0826-teimww:lexia>
  <p0826-teimww:lexia id="ww_a6adf1e2ce60dfa2">
    <knoraXmlImport:label>L: mirror or patter</knoraXmlImport:label>
    <p0826-teimww:lexiaInternalId knoraType="richtext_value">#005072</p0826-teimww:lexiaInternalId>
    <p0826-teimww:lexiaTitle knoraType="richtext_value">mirror or pattern of patience</p0826-teimww:lexiaTitle>
  </p0826-teimww:lexia>
  <p0826-teimww:lexia id="ww_3747c4ee4e4cbbc7">
    <knoraXmlImport:label>L: parting and good</knoraXmlImport:label>
    <p0826-teimww:lexiaInternalId knoraType="richtext_value">#005095</p0826-teimww:lexiaInternalId>
    <p0826-teimww:lexiaTitle knoraType="richtext_value">parting and good wishes after explanation</p0826-teimww:lexiaTitle>
  </p0826-teimww:lexia>
  <p0826-teimww:lexia id="ww_cece142e2a1229a0">
    <knoraXmlImport:label>L: cumulative (self</knoraXmlImport:label>
    <p0826-teimww:lexiaInternalId knoraType="richtext_value">#005096</p0826-teimww:lexiaInternalId>
    <p0826-teimww:lexiaTitle knoraType="richtext_value">cumulative (self-) insults</p0826-teimww:lexiaTitle>
  </p0826-teimww:lexia>
  <p0826-teimww:lexia id="ww_21ab30489e287ffa">
    <knoraXmlImport:label>L: answering never </knoraXmlImport:label>
    <p0826-teimww:lexiaInternalId knoraType="richtext_value">#005097</p0826-teimww:lexiaInternalId>
    <p0826-teimww:lexiaTitle knoraType="richtext_value">answering never in comical interrogation</p0826-teimww:lexiaTitle>
  </p0826-teimww:lexia>
  <p0826-teimww:lexia id="ww_030ccf98083f9c81">
    <knoraXmlImport:label>L: talking to the g</knoraXmlImport:label>
    <p0826-teimww:lexiaInternalId knoraType="richtext_value">#001173</p0826-teimww:lexiaInternalId>
    <p0826-teimww:lexiaTitle knoraType="richtext_value">talking to the ghost of one you murdered</p0826-teimww:lexiaTitle>
  </p0826-teimww:lexia>
  <p0826-teimww:lexia id="ww_58b2fbd7addb2226">
    <knoraXmlImport:label>L: Pyramus and This</knoraXmlImport:label>
    <p0826-teimww:lexiaInternalId knoraType="richtext_value">#004003</p0826-teimww:lexiaInternalId>
    <p0826-teimww:lexiaTitle knoraType="richtext_value">Pyramus and Thisbe</p0826-teimww:lexiaTitle>
  </p0826-teimww:lexia>
  <p0826-teimww:lexia id="ww_82142fba632e09f0">
    <knoraXmlImport:label>L: solicitous fathe</knoraXmlImport:label>
    <p0826-teimww:lexiaInternalId knoraType="richtext_value">#000176</p0826-teimww:lexiaInternalId>
    <p0826-teimww:lexiaTitle knoraType="richtext_value">solicitous father in disguise helps daughters at risk</p0826-teimww:lexiaTitle>
  </p0826-teimww:lexia>
  <p0826-teimww:lexia id="ww_bb6ddd3b042a1e35">
    <knoraXmlImport:label>L: Women boasting o</knoraXmlImport:label>
    <p0826-teimww:lexiaInternalId knoraType="richtext_value">#000153</p0826-teimww:lexiaInternalId>
    <p0826-teimww:lexiaTitle knoraType="richtext_value">Women boasting of turning into men</p0826-teimww:lexiaTitle>
  </p0826-teimww:lexia>
  <p0826-teimww:lexia id="ww_c8527530fcb84bc0">
    <knoraXmlImport:label>L: horror at a murd</knoraXmlImport:label>
    <p0826-teimww:lexiaInternalId knoraType="richtext_value">#001152</p0826-teimww:lexiaInternalId>
    <p0826-teimww:lexiaTitle knoraType="richtext_value">horror at a murder you commited yourself</p0826-teimww:lexiaTitle>
  </p0826-teimww:lexia>
  <p0826-teimww:lexia id="ww_6fe18016828e99e4">
    <knoraXmlImport:label>L: mercury lotion p</knoraXmlImport:label>
    <p0826-teimww:lexiaInternalId knoraType="richtext_value">#000179</p0826-teimww:lexiaInternalId>
    <p0826-teimww:lexiaTitle knoraType="richtext_value">mercury lotion pun</p0826-teimww:lexiaTitle>
  </p0826-teimww:lexia>
  <p0826-teimww:lexia id="ww_e77d8474775fa537">
    <knoraXmlImport:label>L: Lethe</knoraXmlImport:label>
    <p0826-teimww:lexiaInternalId knoraType="richtext_value">#004004</p0826-teimww:lexiaInternalId>
    <p0826-teimww:lexiaTitle knoraType="richtext_value">Lethe</p0826-teimww:lexiaTitle>
  </p0826-teimww:lexia>
  <p0826-teimww:lexia id="ww_2019b8dc7119c6f5">
    <knoraXmlImport:label>L: an ass in folio </knoraXmlImport:label>
    <p0826-teimww:lexiaInternalId knoraType="richtext_value">#000180</p0826-teimww:lexiaInternalId>
    <p0826-teimww:lexiaTitle knoraType="richtext_value">an ass in folio or quarto</p0826-teimww:lexiaTitle>
  </p0826-teimww:lexia>
  <p0826-teimww:lexia id="ww_5d61cd2132f8e598">
    <knoraXmlImport:label>L: fortune plays te</knoraXmlImport:label>
    <p0826-teimww:lexiaInternalId knoraType="richtext_value">#001153</p0826-teimww:lexiaInternalId>
    <p0826-teimww:lexiaTitle knoraType="richtext_value">fortune plays tennis or football</p0826-teimww:lexiaTitle>
  </p0826-teimww:lexia>
  <p0826-teimww:lexia id="ww_a8d7186d77a7bc3b">
    <knoraXmlImport:label>L: tread upon a wor</knoraXmlImport:label>
    <p0826-teimww:lexiaInternalId knoraType="richtext_value">#001157</p0826-teimww:lexiaInternalId>
    <p0826-teimww:lexiaTitle knoraType="richtext_value">tread upon a worm</p0826-teimww:lexiaTitle>
  </p0826-teimww:lexia>
  <p0826-teimww:lexia id="ww_46b7ad583a13fd15">
    <knoraXmlImport:label>L: swear to be fait</knoraXmlImport:label>
    <p0826-teimww:lexiaInternalId knoraType="richtext_value">#001181</p0826-teimww:lexiaInternalId>
    <p0826-teimww:lexiaTitle knoraType="richtext_value">swear to be faithful until unnatural event</p0826-teimww:lexiaTitle>
  </p0826-teimww:lexia>
  <p0826-teimww:lexia id="ww_7233fd4c2ec07d09">
    <knoraXmlImport:label>L: your friendship </knoraXmlImport:label>
    <p0826-teimww:lexiaInternalId knoraType="richtext_value">#000191</p0826-teimww:lexiaInternalId>
    <p0826-teimww:lexiaTitle knoraType="richtext_value">your friendship plays with mine</p0826-teimww:lexiaTitle>
  </p0826-teimww:lexia>
  <p0826-teimww:lexia id="ww_16049184111b935a">
    <knoraXmlImport:label>L: complicated leav</knoraXmlImport:label>
    <p0826-teimww:lexiaInternalId knoraType="richtext_value">#000192</p0826-teimww:lexiaInternalId>
    <p0826-teimww:lexiaTitle knoraType="richtext_value">complicated leave-taking between friends</p0826-teimww:lexiaTitle>
  </p0826-teimww:lexia>
  <p0826-teimww:lexia id="ww_699d4aa733096126">
    <knoraXmlImport:label>L: keep your secret</knoraXmlImport:label>
    <p0826-teimww:lexiaInternalId knoraType="richtext_value">#000193</p0826-teimww:lexiaInternalId>
    <p0826-teimww:lexiaTitle knoraType="richtext_value">keep your secret</p0826-teimww:lexiaTitle>
  </p0826-teimww:lexia>
  <p0826-teimww:lexia id="ww_04064eaf15c0fc08">
    <knoraXmlImport:label>L: friend disguised</knoraXmlImport:label>
    <p0826-teimww:lexiaInternalId knoraType="richtext_value">#002263</p0826-teimww:lexiaInternalId>
    <p0826-teimww:lexiaTitle knoraType="richtext_value">friend disguised as a priest performs invalid wedding rite</p0826-teimww:lexiaTitle>
  </p0826-teimww:lexia>
  <p0826-teimww:lexia id="ww_a17ecacf8eb9d863">
    <knoraXmlImport:label>L: fall in love wit</knoraXmlImport:label>
    <p0826-teimww:lexiaInternalId knoraType="richtext_value">#050127</p0826-teimww:lexiaInternalId>
    <p0826-teimww:lexiaTitle knoraType="richtext_value">fall in love with yourself like Narcissus</p0826-teimww:lexiaTitle>
  </p0826-teimww:lexia>
  <p0826-teimww:lexia id="ww_5472795d0a14a904">
    <knoraXmlImport:label>L: base + treble wo</knoraXmlImport:label>
    <p0826-teimww:lexiaInternalId knoraType="richtext_value">#001166</p0826-teimww:lexiaInternalId>
    <p0826-teimww:lexiaTitle knoraType="richtext_value">base + treble wordplay</p0826-teimww:lexiaTitle>
  </p0826-teimww:lexia>
  <p0826-teimww:lexia id="ww_68608842c6c2bc1c">
    <knoraXmlImport:label>L: fictional passio</knoraXmlImport:label>
    <p0826-teimww:lexiaInternalId knoraType="richtext_value">#000090</p0826-teimww:lexiaInternalId>
    <p0826-teimww:lexiaTitle knoraType="richtext_value">fictional passion</p0826-teimww:lexiaTitle>
  </p0826-teimww:lexia>
  <p0826-teimww:lexia id="ww_6ab0a361f558a8e2">
    <knoraXmlImport:label>L: popering pear (i</knoraXmlImport:label>
    <p0826-teimww:lexiaInternalId knoraType="richtext_value">#001170</p0826-teimww:lexiaInternalId>
    <p0826-teimww:lexiaTitle knoraType="richtext_value">popering pear (innuendo)</p0826-teimww:lexiaTitle>
  </p0826-teimww:lexia>
  <p0826-teimww:lexia id="ww_7e89659da5183d4c">
    <knoraXmlImport:label>L: sudden regret fo</knoraXmlImport:label>
    <p0826-teimww:lexiaInternalId knoraType="richtext_value">#001174</p0826-teimww:lexiaInternalId>
    <p0826-teimww:lexiaTitle knoraType="richtext_value">sudden regret for murder</p0826-teimww:lexiaTitle>
  </p0826-teimww:lexia>
  <p0826-teimww:lexia id="ww_c95dbd6dde8abd9e">
    <knoraXmlImport:label>L: mountains overwh</knoraXmlImport:label>
    <p0826-teimww:lexiaInternalId knoraType="richtext_value">#001175</p0826-teimww:lexiaInternalId>
    <p0826-teimww:lexiaTitle knoraType="richtext_value">mountains overwhlem me</p0826-teimww:lexiaTitle>
  </p0826-teimww:lexia>
  <p0826-teimww:lexia id="ww_a5d0d893e83474ac">
    <knoraXmlImport:label>L: scattered into d</knoraXmlImport:label>
    <p0826-teimww:lexiaInternalId knoraType="richtext_value">#001176</p0826-teimww:lexiaInternalId>
    <p0826-teimww:lexiaTitle knoraType="richtext_value">scattered into dust after death</p0826-teimww:lexiaTitle>
  </p0826-teimww:lexia>
  <p0826-teimww:lexia id="ww_7d946a04ba2638bc">
    <knoraXmlImport:label>L: unbrace</knoraXmlImport:label>
    <p0826-teimww:lexiaInternalId knoraType="richtext_value">#001150</p0826-teimww:lexiaInternalId>
    <p0826-teimww:lexiaTitle knoraType="richtext_value">unbrace</p0826-teimww:lexiaTitle>
  </p0826-teimww:lexia>
  <p0826-teimww:lexia id="ww_6f238335d10a9530">
    <knoraXmlImport:label>L: stars reigned at</knoraXmlImport:label>
    <p0826-teimww:lexiaInternalId knoraType="richtext_value">#001155</p0826-teimww:lexiaInternalId>
    <p0826-teimww:lexiaTitle knoraType="richtext_value">stars reigned at nativity</p0826-teimww:lexiaTitle>
  </p0826-teimww:lexia>
  <p0826-teimww:lexia id="ww_520b3749ffdb19a2">
    <knoraXmlImport:label>L: explanation of d</knoraXmlImport:label>
    <p0826-teimww:lexiaInternalId knoraType="richtext_value">#001160</p0826-teimww:lexiaInternalId>
    <p0826-teimww:lexiaTitle knoraType="richtext_value">explanation of dreams</p0826-teimww:lexiaTitle>
  </p0826-teimww:lexia>
  <p0826-teimww:lexia id="ww_61cb7e536e9e351a">
    <knoraXmlImport:label>L: A foppish gentle</knoraXmlImport:label>
    <p0826-teimww:lexiaInternalId knoraType="richtext_value">#002196</p0826-teimww:lexiaInternalId>
    <p0826-teimww:lexiaTitle knoraType="richtext_value">A foppish gentleman at his morning toilet</p0826-teimww:lexiaTitle>
  </p0826-teimww:lexia>
  <p0826-teimww:lexia id="ww_23915d9aa51abe5e">
    <knoraXmlImport:label>L: wish to be a fle</knoraXmlImport:label>
    <p0826-teimww:lexiaInternalId knoraType="richtext_value">#000600</p0826-teimww:lexiaInternalId>
    <p0826-teimww:lexiaTitle knoraType="richtext_value">wish to be a flea, glove, intimate object of beloved</p0826-teimww:lexiaTitle>
  </p0826-teimww:lexia>
  <p0826-teimww:lexia id="ww_7c3b6aeab3b2f9a8">
    <knoraXmlImport:label>L: Excellent wretch</knoraXmlImport:label>
    <p0826-teimww:lexiaInternalId knoraType="richtext_value">#002024</p0826-teimww:lexiaInternalId>
    <p0826-teimww:lexiaTitle knoraType="richtext_value">Excellent wretch</p0826-teimww:lexiaTitle>
  </p0826-teimww:lexia>
  <p0826-teimww:lexia id="ww_1e26adb6b7e24780">
    <knoraXmlImport:label>L: speech tears</knoraXmlImport:label>
    <p0826-teimww:lexiaInternalId knoraType="richtext_value">#002113</p0826-teimww:lexiaInternalId>
    <p0826-teimww:lexiaTitle knoraType="richtext_value">speech tears</p0826-teimww:lexiaTitle>
  </p0826-teimww:lexia>
  <p0826-teimww:lexia id="ww_63aa9ad3bdd1cfbb">
    <knoraXmlImport:label>L: about my brain</knoraXmlImport:label>
    <p0826-teimww:lexiaInternalId knoraType="richtext_value">#000415</p0826-teimww:lexiaInternalId>
    <p0826-teimww:lexiaTitle knoraType="richtext_value">about my brain</p0826-teimww:lexiaTitle>
  </p0826-teimww:lexia>
  <p0826-teimww:lexia id="ww_785929b47ede2f49">
    <knoraXmlImport:label>L: hold discourse a</knoraXmlImport:label>
    <p0826-teimww:lexiaInternalId knoraType="richtext_value">#000032</p0826-teimww:lexiaInternalId>
    <p0826-teimww:lexiaTitle knoraType="richtext_value">hold discourse air</p0826-teimww:lexiaTitle>
  </p0826-teimww:lexia>
  <p0826-teimww:lexia id="ww_7918203ba4f33de6">
    <knoraXmlImport:label>L: play loggets bon</knoraXmlImport:label>
    <p0826-teimww:lexiaInternalId knoraType="richtext_value">#000751</p0826-teimww:lexiaInternalId>
    <p0826-teimww:lexiaTitle knoraType="richtext_value">play loggets bones</p0826-teimww:lexiaTitle>
  </p0826-teimww:lexia>
  <p0826-teimww:lexia id="ww_8d4eab128c9c9a3c">
    <knoraXmlImport:label>L: not an hours lif</knoraXmlImport:label>
    <p0826-teimww:lexiaInternalId knoraType="richtext_value">#005062</p0826-teimww:lexiaInternalId>
    <p0826-teimww:lexiaTitle knoraType="richtext_value">not an hours life left</p0826-teimww:lexiaTitle>
  </p0826-teimww:lexia>
  <p0826-teimww:lexia id="ww_c67395924633b557">
    <knoraXmlImport:label>L: good rider like </knoraXmlImport:label>
    <p0826-teimww:lexiaInternalId knoraType="richtext_value">#000706</p0826-teimww:lexiaInternalId>
    <p0826-teimww:lexiaTitle knoraType="richtext_value">good rider like a centaur</p0826-teimww:lexiaTitle>
  </p0826-teimww:lexia>
  <p0826-teimww:lexia id="ww_43589a3fe664bb62">
    <knoraXmlImport:label>L: love like lightn</knoraXmlImport:label>
    <p0826-teimww:lexiaInternalId knoraType="richtext_value">#002140</p0826-teimww:lexiaInternalId>
    <p0826-teimww:lexiaTitle knoraType="richtext_value">love like lightning</p0826-teimww:lexiaTitle>
  </p0826-teimww:lexia>
  <p0826-teimww:lexia id="ww_72ecb3fc759c0245">
    <knoraXmlImport:label>L: hiss scorn</knoraXmlImport:label>
    <p0826-teimww:lexiaInternalId knoraType="richtext_value">#002141</p0826-teimww:lexiaInternalId>
    <p0826-teimww:lexiaTitle knoraType="richtext_value">hiss scorn</p0826-teimww:lexiaTitle>
  </p0826-teimww:lexia>
  <p0826-teimww:lexia id="ww_ba64d44c0eb53bb7">
    <knoraXmlImport:label>L: nails anchored i</knoraXmlImport:label>
    <p0826-teimww:lexiaInternalId knoraType="richtext_value">#000197</p0826-teimww:lexiaInternalId>
    <p0826-teimww:lexiaTitle knoraType="richtext_value">nails anchored in eyes</p0826-teimww:lexiaTitle>
  </p0826-teimww:lexia>
  <p0826-teimww:lexia id="ww_042a16a76004ac3e">
    <knoraXmlImport:label>L: sacrifice not bu</knoraXmlImport:label>
    <p0826-teimww:lexiaInternalId knoraType="richtext_value">#002155</p0826-teimww:lexiaInternalId>
    <p0826-teimww:lexiaTitle knoraType="richtext_value">sacrifice not butcher</p0826-teimww:lexiaTitle>
  </p0826-teimww:lexia>
  <p0826-teimww:lexia id="ww_4207fd416b30110a">
    <knoraXmlImport:label>L: hell gape</knoraXmlImport:label>
    <p0826-teimww:lexiaInternalId knoraType="richtext_value">#000272</p0826-teimww:lexiaInternalId>
    <p0826-teimww:lexiaTitle knoraType="richtext_value">hell gape</p0826-teimww:lexiaTitle>
  </p0826-teimww:lexia>
  <p0826-teimww:lexia id="ww_47115a95eac50cea">
    <knoraXmlImport:label>L:  rich on either </knoraXmlImport:label>
    <p0826-teimww:lexiaInternalId knoraType="richtext_value">#000158</p0826-teimww:lexiaInternalId>
    <p0826-teimww:lexiaTitle knoraType="richtext_value"> rich on either rock or shelf</p0826-teimww:lexiaTitle>
  </p0826-teimww:lexia>
  <p0826-teimww:lexia id="ww_9bb48235a4df7743">
    <knoraXmlImport:label>L: one or only chil</knoraXmlImport:label>
    <p0826-teimww:lexiaInternalId knoraType="richtext_value">#000157</p0826-teimww:lexiaInternalId>
    <p0826-teimww:lexiaTitle knoraType="richtext_value">one or only child is too many</p0826-teimww:lexiaTitle>
  </p0826-teimww:lexia>
  <p0826-teimww:lexia id="ww_2d7c23dc7defcf1c">
    <knoraXmlImport:label>L: never more woe t</knoraXmlImport:label>
    <p0826-teimww:lexiaInternalId knoraType="richtext_value">#005054</p0826-teimww:lexiaInternalId>
    <p0826-teimww:lexiaTitle knoraType="richtext_value">never more woe than Romeo</p0826-teimww:lexiaTitle>
  </p0826-teimww:lexia>
  <p0826-teimww:lexia id="ww_6942d94eb06676c3">
    <knoraXmlImport:label>L: Romeo</knoraXmlImport:label>
    <p0826-teimww:lexiaInternalId knoraType="richtext_value">#004005</p0826-teimww:lexiaInternalId>
    <p0826-teimww:lexiaTitle knoraType="richtext_value">Romeo</p0826-teimww:lexiaTitle>
  </p0826-teimww:lexia>
  <p0826-teimww:lexia id="ww_83498d26d55720b1">
    <knoraXmlImport:label>L: Juliet</knoraXmlImport:label>
    <p0826-teimww:lexiaInternalId knoraType="richtext_value">#004006</p0826-teimww:lexiaInternalId>
    <p0826-teimww:lexiaTitle knoraType="richtext_value">Juliet</p0826-teimww:lexiaTitle>
  </p0826-teimww:lexia>
  <p0826-teimww:lexia id="ww_0410e579461821e2">
    <knoraXmlImport:label>L: true love know h</knoraXmlImport:label>
    <p0826-teimww:lexiaInternalId knoraType="richtext_value">#000671</p0826-teimww:lexiaInternalId>
    <p0826-teimww:lexiaTitle knoraType="richtext_value">true love know how</p0826-teimww:lexiaTitle>
  </p0826-teimww:lexia>
  <p0826-teimww:lexia id="ww_ae0e321f7d982a05">
    <knoraXmlImport:label>L: ashes to ashes</knoraXmlImport:label>
    <p0826-teimww:lexiaInternalId knoraType="richtext_value">#000118</p0826-teimww:lexiaInternalId>
    <p0826-teimww:lexiaTitle knoraType="richtext_value">ashes to ashes</p0826-teimww:lexiaTitle>
  </p0826-teimww:lexia>
  <p0826-teimww:lexia id="ww_16da44fbe0cbcde3">
    <knoraXmlImport:label>L: value gifts and </knoraXmlImport:label>
    <p0826-teimww:lexiaInternalId knoraType="richtext_value">#002173</p0826-teimww:lexiaInternalId>
    <p0826-teimww:lexiaTitle knoraType="richtext_value">value gifts and kindness</p0826-teimww:lexiaTitle>
  </p0826-teimww:lexia>
  <p0826-teimww:lexia id="ww_ea56f5b53baf19e0">
    <knoraXmlImport:label>L: peasant slave</knoraXmlImport:label>
    <p0826-teimww:lexiaInternalId knoraType="richtext_value">#000063</p0826-teimww:lexiaInternalId>
    <p0826-teimww:lexiaTitle knoraType="richtext_value">peasant slave</p0826-teimww:lexiaTitle>
  </p0826-teimww:lexia>
  <p0826-teimww:lexia id="ww_f5c4e3d7e4acd9a0">
    <knoraXmlImport:label>L: Polonius advice </knoraXmlImport:label>
    <p0826-teimww:lexiaInternalId knoraType="richtext_value">#005015</p0826-teimww:lexiaInternalId>
    <p0826-teimww:lexiaTitle knoraType="richtext_value">Polonius advice to Laertes</p0826-teimww:lexiaTitle>
  </p0826-teimww:lexia>
  <p0826-teimww:lexia id="ww_5b9c52daae544186">
    <knoraXmlImport:label>L: honesty vs beaut</knoraXmlImport:label>
    <p0826-teimww:lexiaInternalId knoraType="richtext_value">#002166</p0826-teimww:lexiaInternalId>
    <p0826-teimww:lexiaTitle knoraType="richtext_value">honesty vs beauty</p0826-teimww:lexiaTitle>
  </p0826-teimww:lexia>
  <p0826-teimww:lexia id="ww_0e04de7df51d2d32">
    <knoraXmlImport:label>L: flames into flam</knoraXmlImport:label>
    <p0826-teimww:lexiaInternalId knoraType="richtext_value">#002210</p0826-teimww:lexiaInternalId>
    <p0826-teimww:lexiaTitle knoraType="richtext_value">flames into flame</p0826-teimww:lexiaTitle>
  </p0826-teimww:lexia>
  <p0826-teimww:lexia id="ww_7a72181ddf49de6f">
    <knoraXmlImport:label>L: Passage from Ele</knoraXmlImport:label>
    <p0826-teimww:lexiaInternalId knoraType="richtext_value">#002217</p0826-teimww:lexiaInternalId>
    <p0826-teimww:lexiaTitle knoraType="richtext_value">Passage from Elegy 9</p0826-teimww:lexiaTitle>
  </p0826-teimww:lexia>
  <p0826-teimww:lexia id="ww_614ed7889c7a3bb3">
    <knoraXmlImport:label>L: body a thing of </knoraXmlImport:label>
    <p0826-teimww:lexiaInternalId knoraType="richtext_value">#000303</p0826-teimww:lexiaInternalId>
    <p0826-teimww:lexiaTitle knoraType="richtext_value">body a thing of nothing</p0826-teimww:lexiaTitle>
  </p0826-teimww:lexia>
  <p0826-teimww:lexia id="ww_d4fc67153c960322">
    <knoraXmlImport:label>L: vouchsafe rest</knoraXmlImport:label>
    <p0826-teimww:lexiaInternalId knoraType="richtext_value">#000210</p0826-teimww:lexiaInternalId>
    <p0826-teimww:lexiaTitle knoraType="richtext_value">vouchsafe rest</p0826-teimww:lexiaTitle>
  </p0826-teimww:lexia>
  <p0826-teimww:lexia id="ww_2439b540034504e5">
    <knoraXmlImport:label>L: custom of exerci</knoraXmlImport:label>
    <p0826-teimww:lexiaInternalId knoraType="richtext_value">#000762</p0826-teimww:lexiaInternalId>
    <p0826-teimww:lexiaTitle knoraType="richtext_value">custom of exercises</p0826-teimww:lexiaTitle>
  </p0826-teimww:lexia>
  <p0826-teimww:lexia id="ww_fc27dc9eec01796c">
    <knoraXmlImport:label>L: disposition of a</knoraXmlImport:label>
    <p0826-teimww:lexiaInternalId knoraType="richtext_value">#000106</p0826-teimww:lexiaInternalId>
    <p0826-teimww:lexiaTitle knoraType="richtext_value">disposition of action</p0826-teimww:lexiaTitle>
  </p0826-teimww:lexia>
  <p0826-teimww:lexia id="ww_8a7e7042ec454da6">
    <knoraXmlImport:label>L: crystal livery</knoraXmlImport:label>
    <p0826-teimww:lexiaInternalId knoraType="richtext_value">#002044</p0826-teimww:lexiaInternalId>
    <p0826-teimww:lexiaTitle knoraType="richtext_value">crystal livery</p0826-teimww:lexiaTitle>
  </p0826-teimww:lexia>
  <p0826-teimww:lexia id="ww_5d23b6b4bc820eea">
    <knoraXmlImport:label>L: Hieronimo (Spani</knoraXmlImport:label>
    <p0826-teimww:lexiaInternalId knoraType="richtext_value">#005014</p0826-teimww:lexiaInternalId>
    <p0826-teimww:lexiaTitle knoraType="richtext_value">Hieronimo (Spanish Tragedy)</p0826-teimww:lexiaTitle>
  </p0826-teimww:lexia>
  <p0826-teimww:lexia id="ww_0a433309ba4fd85d">
    <knoraXmlImport:label>L: Ghost of Don And</knoraXmlImport:label>
    <p0826-teimww:lexiaInternalId knoraType="richtext_value">#000142</p0826-teimww:lexiaInternalId>
    <p0826-teimww:lexiaTitle knoraType="richtext_value">Ghost of Don Andrea (Spanish Tragedy)</p0826-teimww:lexiaTitle>
  </p0826-teimww:lexia>
  <p0826-teimww:lexia id="ww_7778cbdbc7a43060">
    <knoraXmlImport:label>L: Horatio, faithfu</knoraXmlImport:label>
    <p0826-teimww:lexiaInternalId knoraType="richtext_value">#000145</p0826-teimww:lexiaInternalId>
    <p0826-teimww:lexiaTitle knoraType="richtext_value">Horatio, faithful friend</p0826-teimww:lexiaTitle>
  </p0826-teimww:lexia>
  <p0826-teimww:lexia id="ww_b9aa40019fe291d4">
    <knoraXmlImport:label>L: entering with bl</knoraXmlImport:label>
    <p0826-teimww:lexiaInternalId knoraType="richtext_value">#000154</p0826-teimww:lexiaInternalId>
    <p0826-teimww:lexiaTitle knoraType="richtext_value">entering with bloody poniard and x in the other hand</p0826-teimww:lexiaTitle>
  </p0826-teimww:lexia>
  <p0826-teimww:lexia id="ww_4ab105b2f68397ab">
    <knoraXmlImport:label>L: The Spanish Trag</knoraXmlImport:label>
    <p0826-teimww:lexiaInternalId knoraType="richtext_value">@000783</p0826-teimww:lexiaInternalId>
    <p0826-teimww:lexiaTitle knoraType="richtext_value">The Spanish Tragedy</p0826-teimww:lexiaTitle>
  </p0826-teimww:lexia>
  <p0826-teimww:lexia id="ww_d16fc7ea4dc4dd74">
    <knoraXmlImport:label>L: Hamlet</knoraXmlImport:label>
    <p0826-teimww:lexiaInternalId knoraType="richtext_value">@001259</p0826-teimww:lexiaInternalId>
    <p0826-teimww:lexiaTitle knoraType="richtext_value">Hamlet</p0826-teimww:lexiaTitle>
  </p0826-teimww:lexia>
  <p0826-teimww:lexia id="ww_c98c7162d49fc1fc">
    <knoraXmlImport:label>L: Seneca</knoraXmlImport:label>
    <p0826-teimww:lexiaInternalId knoraType="richtext_value">#002235</p0826-teimww:lexiaInternalId>
    <p0826-teimww:lexiaTitle knoraType="richtext_value">Seneca</p0826-teimww:lexiaTitle>
  </p0826-teimww:lexia>
  <p0826-teimww:lexia id="ww_19834ac1481fe17b">
    <knoraXmlImport:label>L: Young girl distr</knoraXmlImport:label>
    <p0826-teimww:lexiaInternalId knoraType="richtext_value">#000147</p0826-teimww:lexiaInternalId>
    <p0826-teimww:lexiaTitle knoraType="richtext_value">Young girl distributing flowers</p0826-teimww:lexiaTitle>
  </p0826-teimww:lexia>
  <p0826-teimww:lexia id="ww_c3afb35797433163">
    <knoraXmlImport:label>L: women making mon</knoraXmlImport:label>
    <p0826-teimww:lexiaInternalId knoraType="richtext_value">#005261</p0826-teimww:lexiaInternalId>
    <p0826-teimww:lexiaTitle knoraType="richtext_value">women making monsters of men</p0826-teimww:lexiaTitle>
  </p0826-teimww:lexia>
  <p0826-teimww:lexia id="ww_7debbc30f88b3695">
    <knoraXmlImport:label>L: Repugnant to com</knoraXmlImport:label>
    <p0826-teimww:lexiaInternalId knoraType="richtext_value">#002163</p0826-teimww:lexiaInternalId>
    <p0826-teimww:lexiaTitle knoraType="richtext_value">Repugnant to command, unequal matched</p0826-teimww:lexiaTitle>
  </p0826-teimww:lexia>
  <p0826-teimww:lexia id="ww_1810c8cfe7199e0e">
    <knoraXmlImport:label>L: rebellious sword</knoraXmlImport:label>
    <p0826-teimww:lexiaInternalId knoraType="richtext_value">#002164</p0826-teimww:lexiaInternalId>
    <p0826-teimww:lexiaTitle knoraType="richtext_value">rebellious sword</p0826-teimww:lexiaTitle>
  </p0826-teimww:lexia>
  <p0826-teimww:lexia id="ww_08b794ab3d5160c6">
    <knoraXmlImport:label>L: the sword Morddu</knoraXmlImport:label>
    <p0826-teimww:lexiaInternalId knoraType="richtext_value">#004106</p0826-teimww:lexiaInternalId>
    <p0826-teimww:lexiaTitle knoraType="richtext_value">the sword Morddure</p0826-teimww:lexiaTitle>
  </p0826-teimww:lexia>
  <p0826-teimww:lexia id="ww_d8ed39a2f6f0d617">
    <knoraXmlImport:label>L: fingered</knoraXmlImport:label>
    <p0826-teimww:lexiaInternalId knoraType="richtext_value">#000266</p0826-teimww:lexiaInternalId>
    <p0826-teimww:lexiaTitle knoraType="richtext_value">fingered</p0826-teimww:lexiaTitle>
  </p0826-teimww:lexia>
  <p0826-teimww:lexia id="ww_313e6e29c41f3c83">
    <knoraXmlImport:label>L: have at thee</knoraXmlImport:label>
    <p0826-teimww:lexiaInternalId knoraType="richtext_value">#000423</p0826-teimww:lexiaInternalId>
    <p0826-teimww:lexiaTitle knoraType="richtext_value">have at thee</p0826-teimww:lexiaTitle>
  </p0826-teimww:lexia>
  <p0826-teimww:lexia id="ww_3c69965201a32ed3">
    <knoraXmlImport:label>L: scourging Nemesi</knoraXmlImport:label>
    <p0826-teimww:lexiaInternalId knoraType="richtext_value">#000005</p0826-teimww:lexiaInternalId>
    <p0826-teimww:lexiaTitle knoraType="richtext_value">scourging Nemesis</p0826-teimww:lexiaTitle>
  </p0826-teimww:lexia>
  <p0826-teimww:lexia id="ww_3f2a516bb14f8303">
    <knoraXmlImport:label>L: exit pursued by </knoraXmlImport:label>
    <p0826-teimww:lexiaInternalId knoraType="richtext_value">#005092</p0826-teimww:lexiaInternalId>
    <p0826-teimww:lexiaTitle knoraType="richtext_value">exit pursued by a bear</p0826-teimww:lexiaTitle>
  </p0826-teimww:lexia>
  <p0826-teimww:lexia id="ww_24f2c69977c4f1c8">
    <knoraXmlImport:label>L: spirits walking</knoraXmlImport:label>
    <p0826-teimww:lexiaInternalId knoraType="richtext_value">#000218</p0826-teimww:lexiaInternalId>
    <p0826-teimww:lexiaTitle knoraType="richtext_value">spirits walking</p0826-teimww:lexiaTitle>
  </p0826-teimww:lexia>
  <p0826-teimww:lexia id="ww_a9491cbc537d6acc">
    <knoraXmlImport:label>L: sup with Jesus</knoraXmlImport:label>
    <p0826-teimww:lexiaInternalId knoraType="richtext_value">#000291</p0826-teimww:lexiaInternalId>
    <p0826-teimww:lexiaTitle knoraType="richtext_value">sup with Jesus</p0826-teimww:lexiaTitle>
  </p0826-teimww:lexia>
  <p0826-teimww:lexia id="ww_8903b192e4a0a31d">
    <knoraXmlImport:label>L: penance in a whi</knoraXmlImport:label>
    <p0826-teimww:lexiaInternalId knoraType="richtext_value">#002215</p0826-teimww:lexiaInternalId>
    <p0826-teimww:lexiaTitle knoraType="richtext_value">penance in a white sheet</p0826-teimww:lexiaTitle>
  </p0826-teimww:lexia>
  <p0826-teimww:lexia id="ww_d422eb972d8dcec5">
    <knoraXmlImport:label>L: bonnet on or off</knoraXmlImport:label>
    <p0826-teimww:lexiaInternalId knoraType="richtext_value">#000611</p0826-teimww:lexiaInternalId>
    <p0826-teimww:lexiaTitle knoraType="richtext_value">bonnet on or off</p0826-teimww:lexiaTitle>
  </p0826-teimww:lexia>
  <p0826-teimww:lexia id="ww_ea3583fbc953e063">
    <knoraXmlImport:label>L: worthless trunk</knoraXmlImport:label>
    <p0826-teimww:lexiaInternalId knoraType="richtext_value">#001179</p0826-teimww:lexiaInternalId>
    <p0826-teimww:lexiaTitle knoraType="richtext_value">worthless trunk</p0826-teimww:lexiaTitle>
  </p0826-teimww:lexia>
  <p0826-teimww:lexia id="ww_a6a66a31e125dfb1">
    <knoraXmlImport:label>L: Vulcans badge</knoraXmlImport:label>
    <p0826-teimww:lexiaInternalId knoraType="richtext_value">#002272</p0826-teimww:lexiaInternalId>
    <p0826-teimww:lexiaTitle knoraType="richtext_value">Vulcans badge</p0826-teimww:lexiaTitle>
  </p0826-teimww:lexia>
  <p0826-teimww:lexia id="ww_df1615d7bc6bc928">
    <knoraXmlImport:label>L: Vulcan or Hephai</knoraXmlImport:label>
    <p0826-teimww:lexiaInternalId knoraType="richtext_value">#004009</p0826-teimww:lexiaInternalId>
    <p0826-teimww:lexiaTitle knoraType="richtext_value">Vulcan or Hephaistos</p0826-teimww:lexiaTitle>
  </p0826-teimww:lexia>
  <p0826-teimww:lexia id="ww_92e66fe1ba8dcb1d">
    <knoraXmlImport:label>L: pigeons have no </knoraXmlImport:label>
    <p0826-teimww:lexiaInternalId knoraType="richtext_value">#005078</p0826-teimww:lexiaInternalId>
    <p0826-teimww:lexiaTitle knoraType="richtext_value">pigeons have no gall</p0826-teimww:lexiaTitle>
  </p0826-teimww:lexia>
  <p0826-teimww:lexia id="ww_b34ac60992914cb2">
    <knoraXmlImport:label>L: Adam dig Gentlem</knoraXmlImport:label>
    <p0826-teimww:lexiaInternalId knoraType="richtext_value">#000711</p0826-teimww:lexiaInternalId>
    <p0826-teimww:lexiaTitle knoraType="richtext_value">Adam dig Gentleman</p0826-teimww:lexiaTitle>
  </p0826-teimww:lexia>
  <p0826-teimww:lexia id="ww_669aba6c378ac4b7">
    <knoraXmlImport:label>L: Adam</knoraXmlImport:label>
    <p0826-teimww:lexiaInternalId knoraType="richtext_value">#004010</p0826-teimww:lexiaInternalId>
    <p0826-teimww:lexiaTitle knoraType="richtext_value">Adam</p0826-teimww:lexiaTitle>
  </p0826-teimww:lexia>
  <p0826-teimww:lexia id="ww_1d22b710066c14af">
    <knoraXmlImport:label>L: Eve</knoraXmlImport:label>
    <p0826-teimww:lexiaInternalId knoraType="richtext_value">#004011</p0826-teimww:lexiaInternalId>
    <p0826-teimww:lexiaTitle knoraType="richtext_value">Eve</p0826-teimww:lexiaTitle>
  </p0826-teimww:lexia>
  <p0826-teimww:lexia id="ww_6e673dceb0c4fdef">
    <knoraXmlImport:label>L: go, some of you</knoraXmlImport:label>
    <p0826-teimww:lexiaInternalId knoraType="richtext_value">#000277</p0826-teimww:lexiaInternalId>
    <p0826-teimww:lexiaTitle knoraType="richtext_value">go, some of you</p0826-teimww:lexiaTitle>
  </p0826-teimww:lexia>
  <p0826-teimww:lexia id="ww_6def2ae4b11d0c9b">
    <knoraXmlImport:label>L: waterfly or butt</knoraXmlImport:label>
    <p0826-teimww:lexiaInternalId knoraType="richtext_value">#000765</p0826-teimww:lexiaInternalId>
    <p0826-teimww:lexiaTitle knoraType="richtext_value">waterfly or butterfly</p0826-teimww:lexiaTitle>
  </p0826-teimww:lexia>
  <p0826-teimww:lexia id="ww_66bc55d1444d682a">
    <knoraXmlImport:label>L: courtier</knoraXmlImport:label>
    <p0826-teimww:lexiaInternalId knoraType="richtext_value">#002098</p0826-teimww:lexiaInternalId>
    <p0826-teimww:lexiaTitle knoraType="richtext_value">courtier</p0826-teimww:lexiaTitle>
  </p0826-teimww:lexia>
  <p0826-teimww:lexia id="ww_8c043c2dc3eb41fc">
    <knoraXmlImport:label>L: prince as glass </knoraXmlImport:label>
    <p0826-teimww:lexiaInternalId knoraType="richtext_value">#000159</p0826-teimww:lexiaInternalId>
    <p0826-teimww:lexiaTitle knoraType="richtext_value">prince as glass of fashion</p0826-teimww:lexiaTitle>
  </p0826-teimww:lexia>
  <p0826-teimww:lexia id="ww_2fb58924c045f2f2">
    <knoraXmlImport:label>L: sit upon the gro</knoraXmlImport:label>
    <p0826-teimww:lexiaInternalId knoraType="richtext_value">#002150</p0826-teimww:lexiaInternalId>
    <p0826-teimww:lexiaTitle knoraType="richtext_value">sit upon the ground and tell sad stories</p0826-teimww:lexiaTitle>
  </p0826-teimww:lexia>
  <p0826-teimww:lexia id="ww_736ddce2d52e3ff5">
    <knoraXmlImport:label>L: unkiss oath</knoraXmlImport:label>
    <p0826-teimww:lexiaInternalId knoraType="richtext_value">#002151</p0826-teimww:lexiaInternalId>
    <p0826-teimww:lexiaTitle knoraType="richtext_value">unkiss oath</p0826-teimww:lexiaTitle>
  </p0826-teimww:lexia>
  <p0826-teimww:lexia id="ww_5cbb795ae07e0ce8">
    <knoraXmlImport:label>L: fiery horse that</knoraXmlImport:label>
    <p0826-teimww:lexiaInternalId knoraType="richtext_value">#002152</p0826-teimww:lexiaInternalId>
    <p0826-teimww:lexiaTitle knoraType="richtext_value">fiery horse that know rider</p0826-teimww:lexiaTitle>
  </p0826-teimww:lexia>
  <p0826-teimww:lexia id="ww_7fbb9645e394fc56">
    <knoraXmlImport:label>L: Angels guarding </knoraXmlImport:label>
    <p0826-teimww:lexiaInternalId knoraType="richtext_value">#004013</p0826-teimww:lexiaInternalId>
    <p0826-teimww:lexiaTitle knoraType="richtext_value">Angels guarding sleep</p0826-teimww:lexiaTitle>
  </p0826-teimww:lexia>
  <p0826-teimww:lexia id="ww_e716a98df34f3a2b">
    <knoraXmlImport:label>L: conscience makes</knoraXmlImport:label>
    <p0826-teimww:lexiaInternalId knoraType="richtext_value">#000194</p0826-teimww:lexiaInternalId>
    <p0826-teimww:lexiaTitle knoraType="richtext_value">conscience makes coward</p0826-teimww:lexiaTitle>
  </p0826-teimww:lexia>
  <p0826-teimww:lexia id="ww_143e4d42e0ca1328">
    <knoraXmlImport:label>L: sweet things sou</knoraXmlImport:label>
    <p0826-teimww:lexiaInternalId knoraType="richtext_value">#002262</p0826-teimww:lexiaInternalId>
    <p0826-teimww:lexiaTitle knoraType="richtext_value">sweet things sour in digestion</p0826-teimww:lexiaTitle>
  </p0826-teimww:lexia>
  <p0826-teimww:lexia id="ww_d0d70e1ed0d1472b">
    <knoraXmlImport:label>L: hair on end</knoraXmlImport:label>
    <p0826-teimww:lexiaInternalId knoraType="richtext_value">#000268</p0826-teimww:lexiaInternalId>
    <p0826-teimww:lexiaTitle knoraType="richtext_value">hair on end</p0826-teimww:lexiaTitle>
  </p0826-teimww:lexia>
  <p0826-teimww:lexia id="ww_8d5932e3f3a9b6ca">
    <knoraXmlImport:label>L: abstract, brief </knoraXmlImport:label>
    <p0826-teimww:lexiaInternalId knoraType="richtext_value">#000025</p0826-teimww:lexiaInternalId>
    <p0826-teimww:lexiaTitle knoraType="richtext_value">abstract, brief chronicles</p0826-teimww:lexiaTitle>
  </p0826-teimww:lexia>
  <p0826-teimww:lexia id="ww_348da10254b0ca24">
    <knoraXmlImport:label>L: bonny sweet robi</knoraXmlImport:label>
    <p0826-teimww:lexiaInternalId knoraType="richtext_value">#000703</p0826-teimww:lexiaInternalId>
    <p0826-teimww:lexiaTitle knoraType="richtext_value">bonny sweet robin</p0826-teimww:lexiaTitle>
  </p0826-teimww:lexia>
  <p0826-teimww:lexia id="ww_295cdf401c4f03ad">
    <knoraXmlImport:label>L: carry it away</knoraXmlImport:label>
    <p0826-teimww:lexiaInternalId knoraType="richtext_value">#002112</p0826-teimww:lexiaInternalId>
    <p0826-teimww:lexiaTitle knoraType="richtext_value">carry it away</p0826-teimww:lexiaTitle>
  </p0826-teimww:lexia>
  <p0826-teimww:lexia id="ww_463654dfb9d6a551">
    <knoraXmlImport:label>L: Marcus Tullius C</knoraXmlImport:label>
    <p0826-teimww:lexiaInternalId knoraType="richtext_value">#004127</p0826-teimww:lexiaInternalId>
    <p0826-teimww:lexiaTitle knoraType="richtext_value">Marcus Tullius Cicero</p0826-teimww:lexiaTitle>
  </p0826-teimww:lexia>
  <p0826-teimww:lexia id="ww_39b9f97ca8cb9329">
    <knoraXmlImport:label>L: I know no touch </knoraXmlImport:label>
    <p0826-teimww:lexiaInternalId knoraType="richtext_value">#000275</p0826-teimww:lexiaInternalId>
    <p0826-teimww:lexiaTitle knoraType="richtext_value">I know no touch of it</p0826-teimww:lexiaTitle>
  </p0826-teimww:lexia>
  <p0826-teimww:lexia id="ww_5ce35ce112c9c5bf">
    <knoraXmlImport:label>L: ravel out</knoraXmlImport:label>
    <p0826-teimww:lexiaInternalId knoraType="richtext_value">#000276</p0826-teimww:lexiaInternalId>
    <p0826-teimww:lexiaTitle knoraType="richtext_value">ravel out</p0826-teimww:lexiaTitle>
  </p0826-teimww:lexia>
  <p0826-teimww:lexia id="ww_d434d632a2729cc7">
    <knoraXmlImport:label>L: all days of the </knoraXmlImport:label>
    <p0826-teimww:lexiaInternalId knoraType="richtext_value">#000220</p0826-teimww:lexiaInternalId>
    <p0826-teimww:lexiaTitle knoraType="richtext_value">all days of the year</p0826-teimww:lexiaTitle>
  </p0826-teimww:lexia>
  <p0826-teimww:lexia id="ww_70eee7fa8d2e52fc">
    <knoraXmlImport:label>L: rue</knoraXmlImport:label>
    <p0826-teimww:lexiaInternalId knoraType="richtext_value">#000278</p0826-teimww:lexiaInternalId>
    <p0826-teimww:lexiaTitle knoraType="richtext_value">rue</p0826-teimww:lexiaTitle>
  </p0826-teimww:lexia>
  <p0826-teimww:lexia id="ww_d04536af89789a1f">
    <knoraXmlImport:label>L: daughter says th</knoraXmlImport:label>
    <p0826-teimww:lexiaInternalId knoraType="richtext_value">#000189</p0826-teimww:lexiaInternalId>
    <p0826-teimww:lexiaTitle knoraType="richtext_value">daughter says thanks but no thanks to father</p0826-teimww:lexiaTitle>
  </p0826-teimww:lexia>
  <p0826-teimww:lexia id="ww_404a4f47899d2a17">
    <knoraXmlImport:label>L: chapless</knoraXmlImport:label>
    <p0826-teimww:lexiaInternalId knoraType="richtext_value">#000267</p0826-teimww:lexiaInternalId>
    <p0826-teimww:lexiaTitle knoraType="richtext_value">chapless</p0826-teimww:lexiaTitle>
  </p0826-teimww:lexia>
  <p0826-teimww:lexia id="ww_d00727f711fa5c58">
    <knoraXmlImport:label>L: star-crossed lov</knoraXmlImport:label>
    <p0826-teimww:lexiaInternalId knoraType="richtext_value">#001010</p0826-teimww:lexiaInternalId>
    <p0826-teimww:lexiaTitle knoraType="richtext_value">star-crossed love</p0826-teimww:lexiaTitle>
  </p0826-teimww:lexia>
  <p0826-teimww:lexia id="ww_5c87fb95bb729557">
    <knoraXmlImport:label>L: parents fight un</knoraXmlImport:label>
    <p0826-teimww:lexiaInternalId knoraType="richtext_value">#000249</p0826-teimww:lexiaInternalId>
    <p0826-teimww:lexiaTitle knoraType="richtext_value">parents fight until children are dead</p0826-teimww:lexiaTitle>
  </p0826-teimww:lexia>
  <p0826-teimww:lexia id="ww_7bde91980d0c39f0">
    <knoraXmlImport:label>L: it likes us well</knoraXmlImport:label>
    <p0826-teimww:lexiaInternalId knoraType="richtext_value">#002109</p0826-teimww:lexiaInternalId>
    <p0826-teimww:lexiaTitle knoraType="richtext_value">it likes us well</p0826-teimww:lexiaTitle>
  </p0826-teimww:lexia>
  <p0826-teimww:lexia id="ww_a3c43bbcc3cd9685">
    <knoraXmlImport:label>L: mutine</knoraXmlImport:label>
    <p0826-teimww:lexiaInternalId knoraType="richtext_value">#000199</p0826-teimww:lexiaInternalId>
    <p0826-teimww:lexiaTitle knoraType="richtext_value">mutine</p0826-teimww:lexiaTitle>
  </p0826-teimww:lexia>
  <p0826-teimww:lexia id="ww_30bf30e92106bbe1">
    <knoraXmlImport:label>L: vain attacks</knoraXmlImport:label>
    <p0826-teimww:lexiaInternalId knoraType="richtext_value">#000200</p0826-teimww:lexiaInternalId>
    <p0826-teimww:lexiaTitle knoraType="richtext_value">vain attacks</p0826-teimww:lexiaTitle>
  </p0826-teimww:lexia>
  <p0826-teimww:lexia id="ww_05b7f5adb161f3c1">
    <knoraXmlImport:label>L: here and hence</knoraXmlImport:label>
    <p0826-teimww:lexiaInternalId knoraType="richtext_value">#000283</p0826-teimww:lexiaInternalId>
    <p0826-teimww:lexiaTitle knoraType="richtext_value">here and hence</p0826-teimww:lexiaTitle>
  </p0826-teimww:lexia>
  <p0826-teimww:lexia id="ww_e4b2cef68c16c1a2">
    <knoraXmlImport:label>L: bodykins</knoraXmlImport:label>
    <p0826-teimww:lexiaInternalId knoraType="richtext_value">#000264</p0826-teimww:lexiaInternalId>
    <p0826-teimww:lexiaTitle knoraType="richtext_value">bodykins</p0826-teimww:lexiaTitle>
  </p0826-teimww:lexia>
  <p0826-teimww:lexia id="ww_171633b41ff9a019">
    <knoraXmlImport:label>L: cry revenge</knoraXmlImport:label>
    <p0826-teimww:lexiaInternalId knoraType="richtext_value">#004014</p0826-teimww:lexiaInternalId>
    <p0826-teimww:lexiaTitle knoraType="richtext_value">cry revenge</p0826-teimww:lexiaTitle>
  </p0826-teimww:lexia>
  <p0826-teimww:lexia id="ww_3c12f2334e2d9a87">
    <knoraXmlImport:label>L: compounded with </knoraXmlImport:label>
    <p0826-teimww:lexiaInternalId knoraType="richtext_value">#000293</p0826-teimww:lexiaInternalId>
    <p0826-teimww:lexiaTitle knoraType="richtext_value">compounded with dust</p0826-teimww:lexiaTitle>
  </p0826-teimww:lexia>
  <p0826-teimww:lexia id="ww_9957200c1111e61e">
    <knoraXmlImport:label>L: shame the devil</knoraXmlImport:label>
    <p0826-teimww:lexiaInternalId knoraType="richtext_value">#000297</p0826-teimww:lexiaInternalId>
    <p0826-teimww:lexiaTitle knoraType="richtext_value">shame the devil</p0826-teimww:lexiaTitle>
  </p0826-teimww:lexia>
  <p0826-teimww:lexia id="ww_78be9be0e92495cf">
    <knoraXmlImport:label>L: kill someone for</knoraXmlImport:label>
    <p0826-teimww:lexiaInternalId knoraType="richtext_value">#002194</p0826-teimww:lexiaInternalId>
    <p0826-teimww:lexiaTitle knoraType="richtext_value">kill someone for love</p0826-teimww:lexiaTitle>
  </p0826-teimww:lexia>
  <p0826-teimww:lexia id="ww_a70f2f38c9af9ab8">
    <knoraXmlImport:label>L: turn turks</knoraXmlImport:label>
    <p0826-teimww:lexiaInternalId knoraType="richtext_value">#000183</p0826-teimww:lexiaInternalId>
    <p0826-teimww:lexiaTitle knoraType="richtext_value">turn turks</p0826-teimww:lexiaTitle>
  </p0826-teimww:lexia>
  <p0826-teimww:lexia id="ww_4153daff98f0c09d">
    <knoraXmlImport:label>L: perpend</knoraXmlImport:label>
    <p0826-teimww:lexiaInternalId knoraType="richtext_value">#000262</p0826-teimww:lexiaInternalId>
    <p0826-teimww:lexiaTitle knoraType="richtext_value">perpend</p0826-teimww:lexiaTitle>
  </p0826-teimww:lexia>
  <p0826-teimww:lexia id="ww_4d22db2637f80b04">
    <knoraXmlImport:label>L: a Romans part</knoraXmlImport:label>
    <p0826-teimww:lexiaInternalId knoraType="richtext_value">#000171</p0826-teimww:lexiaInternalId>
    <p0826-teimww:lexiaTitle knoraType="richtext_value">a Romans part</p0826-teimww:lexiaTitle>
  </p0826-teimww:lexia>
  <p0826-teimww:lexia id="ww_e33e74db5b667e8c">
    <knoraXmlImport:label>L: dance the shakin</knoraXmlImport:label>
    <p0826-teimww:lexiaInternalId knoraType="richtext_value">#002216</p0826-teimww:lexiaInternalId>
    <p0826-teimww:lexiaTitle knoraType="richtext_value">dance the shaking of the sheets</p0826-teimww:lexiaTitle>
  </p0826-teimww:lexia>
  <p0826-teimww:lexia id="ww_2339c7ea75eb8713">
    <knoraXmlImport:label>L: bear smooth and </knoraXmlImport:label>
    <p0826-teimww:lexiaInternalId knoraType="richtext_value">#000245</p0826-teimww:lexiaInternalId>
    <p0826-teimww:lexiaTitle knoraType="richtext_value">bear smooth and even</p0826-teimww:lexiaTitle>
  </p0826-teimww:lexia>
  <p0826-teimww:lexia id="ww_e9ed81eff9c406fd">
    <knoraXmlImport:label>L: squeak and gibbe</knoraXmlImport:label>
    <p0826-teimww:lexiaInternalId knoraType="richtext_value">#000299</p0826-teimww:lexiaInternalId>
    <p0826-teimww:lexiaTitle knoraType="richtext_value">squeak and gibber</p0826-teimww:lexiaTitle>
  </p0826-teimww:lexia>
  <p0826-teimww:lexia id="ww_e344f2a29373f3e8">
    <knoraXmlImport:label>L: son vs sun</knoraXmlImport:label>
    <p0826-teimww:lexiaInternalId knoraType="richtext_value">#000016</p0826-teimww:lexiaInternalId>
    <p0826-teimww:lexiaTitle knoraType="richtext_value">son vs sun</p0826-teimww:lexiaTitle>
  </p0826-teimww:lexia>
  <p0826-teimww:lexia id="ww_3577c84e6f14ef57">
    <knoraXmlImport:label>L: idle weed</knoraXmlImport:label>
    <p0826-teimww:lexiaInternalId knoraType="richtext_value">#001124</p0826-teimww:lexiaInternalId>
    <p0826-teimww:lexiaTitle knoraType="richtext_value">idle weed</p0826-teimww:lexiaTitle>
  </p0826-teimww:lexia>
  <p0826-teimww:lexia id="ww_7eae344ff016ddad">
    <knoraXmlImport:label>L: Rosemary for rem</knoraXmlImport:label>
    <p0826-teimww:lexiaInternalId knoraType="richtext_value">#000329</p0826-teimww:lexiaInternalId>
    <p0826-teimww:lexiaTitle knoraType="richtext_value">Rosemary for remembrance</p0826-teimww:lexiaTitle>
  </p0826-teimww:lexia>
  <p0826-teimww:lexia id="ww_16fe7c1f4984c257">
    <knoraXmlImport:label>L: oh what a fallin</knoraXmlImport:label>
    <p0826-teimww:lexiaInternalId knoraType="richtext_value">#000292</p0826-teimww:lexiaInternalId>
    <p0826-teimww:lexiaTitle knoraType="richtext_value">oh what a falling off</p0826-teimww:lexiaTitle>
  </p0826-teimww:lexia>
  <p0826-teimww:lexia id="ww_5d8dda9623e62097">
    <knoraXmlImport:label>L: pour in ear</knoraXmlImport:label>
    <p0826-teimww:lexiaInternalId knoraType="richtext_value">#000274</p0826-teimww:lexiaInternalId>
    <p0826-teimww:lexiaTitle knoraType="richtext_value">pour in ear</p0826-teimww:lexiaTitle>
  </p0826-teimww:lexia>
  <p0826-teimww:lexia id="ww_d6a5459fd292f03f">
    <knoraXmlImport:label>L: front of Jove</knoraXmlImport:label>
    <p0826-teimww:lexiaInternalId knoraType="richtext_value">#000024</p0826-teimww:lexiaInternalId>
    <p0826-teimww:lexiaTitle knoraType="richtext_value">front of Jove</p0826-teimww:lexiaTitle>
  </p0826-teimww:lexia>
  <p0826-teimww:lexia id="ww_2eb25a7c80a20bfa">
    <knoraXmlImport:label>L: bark</knoraXmlImport:label>
    <p0826-teimww:lexiaInternalId knoraType="richtext_value">#001127</p0826-teimww:lexiaInternalId>
    <p0826-teimww:lexiaTitle knoraType="richtext_value">bark</p0826-teimww:lexiaTitle>
  </p0826-teimww:lexia>
  <p0826-teimww:lexia id="ww_6fb7426aec7e5364">
    <knoraXmlImport:label>L: black-clad with </knoraXmlImport:label>
    <p0826-teimww:lexiaInternalId knoraType="richtext_value">#002181</p0826-teimww:lexiaInternalId>
    <p0826-teimww:lexiaTitle knoraType="richtext_value">black-clad with book</p0826-teimww:lexiaTitle>
  </p0826-teimww:lexia>
  <p0826-teimww:lexia id="ww_cbdcdbbcf3f397e0">
    <knoraXmlImport:label>L: son mad</knoraXmlImport:label>
    <p0826-teimww:lexiaInternalId knoraType="richtext_value">#002182</p0826-teimww:lexiaInternalId>
    <p0826-teimww:lexiaTitle knoraType="richtext_value">son mad</p0826-teimww:lexiaTitle>
  </p0826-teimww:lexia>
  <p0826-teimww:lexia id="ww_e315f9613cdb44a8">
    <knoraXmlImport:label>L: blood will have </knoraXmlImport:label>
    <p0826-teimww:lexiaInternalId knoraType="richtext_value">#002183</p0826-teimww:lexiaInternalId>
    <p0826-teimww:lexiaTitle knoraType="richtext_value">blood will have blood</p0826-teimww:lexiaTitle>
  </p0826-teimww:lexia>
  <p0826-teimww:lexia id="ww_4149ecf2729308cb">
    <knoraXmlImport:label>L: competition grie</knoraXmlImport:label>
    <p0826-teimww:lexiaInternalId knoraType="richtext_value">#002184</p0826-teimww:lexiaInternalId>
    <p0826-teimww:lexiaTitle knoraType="richtext_value">competition grief</p0826-teimww:lexiaTitle>
  </p0826-teimww:lexia>
  <p0826-teimww:lexia id="ww_e6c52f729fb5229b">
    <knoraXmlImport:label>L: Fire</knoraXmlImport:label>
    <p0826-teimww:lexiaInternalId knoraType="richtext_value">#004083</p0826-teimww:lexiaInternalId>
    <p0826-teimww:lexiaTitle knoraType="richtext_value">Fire</p0826-teimww:lexiaTitle>
  </p0826-teimww:lexia>
  <p0826-teimww:lexia id="ww_2f1acabf6c02c58e">
    <knoraXmlImport:label>L: strenuous fist o</knoraXmlImport:label>
    <p0826-teimww:lexiaInternalId knoraType="richtext_value">#000130</p0826-teimww:lexiaInternalId>
    <p0826-teimww:lexiaTitle knoraType="richtext_value">strenuous fist of vengeance</p0826-teimww:lexiaTitle>
  </p0826-teimww:lexia>
  <p0826-teimww:lexia id="ww_5c99a36daca63b02">
    <knoraXmlImport:label>L: now mellow drop </knoraXmlImport:label>
    <p0826-teimww:lexiaInternalId knoraType="richtext_value">#000131</p0826-teimww:lexiaInternalId>
    <p0826-teimww:lexiaTitle knoraType="richtext_value">now mellow drop to death</p0826-teimww:lexiaTitle>
  </p0826-teimww:lexia>
  <p0826-teimww:lexia id="ww_ae65dea007d10d55">
    <knoraXmlImport:label>L: careless dress o</knoraXmlImport:label>
    <p0826-teimww:lexiaInternalId knoraType="richtext_value">#002085</p0826-teimww:lexiaInternalId>
    <p0826-teimww:lexiaTitle knoraType="richtext_value">careless dress out of madness or distress</p0826-teimww:lexiaTitle>
  </p0826-teimww:lexia>
  <p0826-teimww:lexia id="ww_7b716843a3570c2e">
    <knoraXmlImport:label>L: mad foolish figu</knoraXmlImport:label>
    <p0826-teimww:lexiaInternalId knoraType="richtext_value">#002086</p0826-teimww:lexiaInternalId>
    <p0826-teimww:lexiaTitle knoraType="richtext_value">mad foolish figure</p0826-teimww:lexiaTitle>
  </p0826-teimww:lexia>
  <p0826-teimww:lexia id="ww_22ab3cfce3f2a693">
    <knoraXmlImport:label>L: distracted multi</knoraXmlImport:label>
    <p0826-teimww:lexiaInternalId knoraType="richtext_value">#000120</p0826-teimww:lexiaInternalId>
    <p0826-teimww:lexiaTitle knoraType="richtext_value">distracted multitude - stupid crowd</p0826-teimww:lexiaTitle>
  </p0826-teimww:lexia>
  <p0826-teimww:lexia id="ww_30d2a76de1e59368">
    <knoraXmlImport:label>L: good or vile wor</knoraXmlImport:label>
    <p0826-teimww:lexiaInternalId knoraType="richtext_value">#002999</p0826-teimww:lexiaInternalId>
    <p0826-teimww:lexiaTitle knoraType="richtext_value">good or vile word or phrase</p0826-teimww:lexiaTitle>
  </p0826-teimww:lexia>
  <p0826-teimww:lexia id="ww_d96ee08cdbf60548">
    <knoraXmlImport:label>L: rage in blood</knoraXmlImport:label>
    <p0826-teimww:lexiaInternalId knoraType="richtext_value">#000670</p0826-teimww:lexiaInternalId>
    <p0826-teimww:lexiaTitle knoraType="richtext_value">rage in blood</p0826-teimww:lexiaTitle>
  </p0826-teimww:lexia>
  <p0826-teimww:lexia id="ww_d7da3f8489524b87">
    <knoraXmlImport:label>L: Nemesis</knoraXmlImport:label>
    <p0826-teimww:lexiaInternalId knoraType="richtext_value">#004015</p0826-teimww:lexiaInternalId>
    <p0826-teimww:lexiaTitle knoraType="richtext_value">Nemesis</p0826-teimww:lexiaTitle>
  </p0826-teimww:lexia>
  <p0826-teimww:lexia id="ww_bb9e6f00cda13685">
    <knoraXmlImport:label>L: he is dead, he i</knoraXmlImport:label>
    <p0826-teimww:lexiaInternalId knoraType="richtext_value">#000320</p0826-teimww:lexiaInternalId>
    <p0826-teimww:lexiaTitle knoraType="richtext_value">he is dead, he is gone</p0826-teimww:lexiaTitle>
  </p0826-teimww:lexia>
  <p0826-teimww:lexia id="ww_2d4d4817dc083cc6">
    <knoraXmlImport:label>L: conceit + functi</knoraXmlImport:label>
    <p0826-teimww:lexiaInternalId knoraType="richtext_value">#002176</p0826-teimww:lexiaInternalId>
    <p0826-teimww:lexiaTitle knoraType="richtext_value">conceit + function</p0826-teimww:lexiaTitle>
  </p0826-teimww:lexia>
  <p0826-teimww:lexia id="ww_e1e85799a6b9b637">
    <knoraXmlImport:label>L: stewed in lust o</knoraXmlImport:label>
    <p0826-teimww:lexiaInternalId knoraType="richtext_value">#002177</p0826-teimww:lexiaInternalId>
    <p0826-teimww:lexiaTitle knoraType="richtext_value">stewed in lust or bed</p0826-teimww:lexiaTitle>
  </p0826-teimww:lexia>
  <p0826-teimww:lexia id="ww_cfe3cd378517bc26">
    <knoraXmlImport:label>L: nor no man</knoraXmlImport:label>
    <p0826-teimww:lexiaInternalId knoraType="richtext_value">#002178</p0826-teimww:lexiaInternalId>
    <p0826-teimww:lexiaTitle knoraType="richtext_value">nor no man</p0826-teimww:lexiaTitle>
  </p0826-teimww:lexia>
  <p0826-teimww:lexia id="ww_786236e6b2fac047">
    <knoraXmlImport:label>L: yond star</knoraXmlImport:label>
    <p0826-teimww:lexiaInternalId knoraType="richtext_value">#002206</p0826-teimww:lexiaInternalId>
    <p0826-teimww:lexiaTitle knoraType="richtext_value">yond star</p0826-teimww:lexiaTitle>
  </p0826-teimww:lexia>
  <p0826-teimww:lexia id="ww_369d74fab2a71a0c">
    <knoraXmlImport:label>L: finger on your l</knoraXmlImport:label>
    <p0826-teimww:lexiaInternalId knoraType="richtext_value">#002265</p0826-teimww:lexiaInternalId>
    <p0826-teimww:lexiaTitle knoraType="richtext_value">finger on your lips (sst!)</p0826-teimww:lexiaTitle>
  </p0826-teimww:lexia>
  <p0826-teimww:lexia id="ww_b8b3049a77de86d5">
    <knoraXmlImport:label>L: two pictures</knoraXmlImport:label>
    <p0826-teimww:lexiaInternalId knoraType="richtext_value">#000804</p0826-teimww:lexiaInternalId>
    <p0826-teimww:lexiaTitle knoraType="richtext_value">two pictures</p0826-teimww:lexiaTitle>
  </p0826-teimww:lexia>
  <p0826-teimww:lexia id="ww_f66a91da8574be5d">
    <knoraXmlImport:label>L: Habit dulls the </knoraXmlImport:label>
    <p0826-teimww:lexiaInternalId knoraType="richtext_value">#002268</p0826-teimww:lexiaInternalId>
    <p0826-teimww:lexiaTitle knoraType="richtext_value">Habit dulls the perception of evil</p0826-teimww:lexiaTitle>
  </p0826-teimww:lexia>
  <p0826-teimww:lexia id="ww_f5db4242a29da9ce">
    <knoraXmlImport:label>L: O brawling love</knoraXmlImport:label>
    <p0826-teimww:lexiaInternalId knoraType="richtext_value">#004039</p0826-teimww:lexiaInternalId>
    <p0826-teimww:lexiaTitle knoraType="richtext_value">O brawling love</p0826-teimww:lexiaTitle>
  </p0826-teimww:lexia>
  <p0826-teimww:lexia id="ww_f69171a9edf96fab">
    <knoraXmlImport:label>L: bed trick</knoraXmlImport:label>
    <p0826-teimww:lexiaInternalId knoraType="richtext_value">#002292</p0826-teimww:lexiaInternalId>
    <p0826-teimww:lexiaTitle knoraType="richtext_value">bed trick</p0826-teimww:lexiaTitle>
  </p0826-teimww:lexia>
  <p0826-teimww:lexia id="ww_980c2f06eda69726">
    <knoraXmlImport:label>L: action of batter</knoraXmlImport:label>
    <p0826-teimww:lexiaInternalId knoraType="richtext_value">#000753</p0826-teimww:lexiaInternalId>
    <p0826-teimww:lexiaTitle knoraType="richtext_value">action of battery</p0826-teimww:lexiaTitle>
  </p0826-teimww:lexia>
  <p0826-teimww:lexia id="ww_72a6f4dfbac8922c">
    <knoraXmlImport:label>L: digested in thea</knoraXmlImport:label>
    <p0826-teimww:lexiaInternalId knoraType="richtext_value">#002091</p0826-teimww:lexiaInternalId>
    <p0826-teimww:lexiaTitle knoraType="richtext_value">digested in theatre</p0826-teimww:lexiaTitle>
  </p0826-teimww:lexia>
  <p0826-teimww:lexia id="ww_b8eb86e0e6526fc7">
    <knoraXmlImport:label>L: How a Man May Ch</knoraXmlImport:label>
    <p0826-teimww:lexiaInternalId knoraType="richtext_value">@001303</p0826-teimww:lexiaInternalId>
    <p0826-teimww:lexiaTitle knoraType="richtext_value">How a Man May Choose a good Wife from a bad</p0826-teimww:lexiaTitle>
  </p0826-teimww:lexia>
  <p0826-teimww:lexia id="ww_3d49b09c2afd6cd9">
    <knoraXmlImport:label>L: O x where is thy</knoraXmlImport:label>
    <p0826-teimww:lexiaInternalId knoraType="richtext_value">#000222</p0826-teimww:lexiaInternalId>
    <p0826-teimww:lexiaTitle knoraType="richtext_value">O x where is thy y</p0826-teimww:lexiaTitle>
  </p0826-teimww:lexia>
  <p0826-teimww:lexia id="ww_cc23cf93cac98f67">
    <knoraXmlImport:label>L: sad souls with e</knoraXmlImport:label>
    <p0826-teimww:lexiaInternalId knoraType="richtext_value">#000114</p0826-teimww:lexiaInternalId>
    <p0826-teimww:lexiaTitle knoraType="richtext_value">sad souls with everlasting grief</p0826-teimww:lexiaTitle>
  </p0826-teimww:lexia>
  <p0826-teimww:lexia id="ww_569f9c6b6b4a34ce">
    <knoraXmlImport:label>L: a man of snow</knoraXmlImport:label>
    <p0826-teimww:lexiaInternalId knoraType="richtext_value">#002193</p0826-teimww:lexiaInternalId>
    <p0826-teimww:lexiaTitle knoraType="richtext_value">a man of snow</p0826-teimww:lexiaTitle>
  </p0826-teimww:lexia>
  <p0826-teimww:lexia id="ww_349497ac5c771b7f">
    <knoraXmlImport:label>L: how admirable is</knoraXmlImport:label>
    <p0826-teimww:lexiaInternalId knoraType="richtext_value">#002088</p0826-teimww:lexiaInternalId>
    <p0826-teimww:lexiaTitle knoraType="richtext_value">how admirable is man</p0826-teimww:lexiaTitle>
  </p0826-teimww:lexia>
  <p0826-teimww:lexia id="ww_04e07b0c7fe58e54">
    <knoraXmlImport:label>L: No woman can hol</knoraXmlImport:label>
    <p0826-teimww:lexiaInternalId knoraType="richtext_value">#000255</p0826-teimww:lexiaInternalId>
    <p0826-teimww:lexiaTitle knoraType="richtext_value">No woman can hold out in the end</p0826-teimww:lexiaTitle>
  </p0826-teimww:lexia>
  <p0826-teimww:lexia id="ww_6aefb1e8c16e97a6">
    <knoraXmlImport:label>L: The Honest Whore</knoraXmlImport:label>
    <p0826-teimww:lexiaInternalId knoraType="richtext_value">@001459</p0826-teimww:lexiaInternalId>
    <p0826-teimww:lexiaTitle knoraType="richtext_value">The Honest Whore</p0826-teimww:lexiaTitle>
  </p0826-teimww:lexia>
  <p0826-teimww:lexia id="ww_04f933af64981244">
    <knoraXmlImport:label>L: fell from love t</knoraXmlImport:label>
    <p0826-teimww:lexiaInternalId knoraType="richtext_value">#002110</p0826-teimww:lexiaInternalId>
    <p0826-teimww:lexiaTitle knoraType="richtext_value">fell from love to madness</p0826-teimww:lexiaTitle>
  </p0826-teimww:lexia>
  <p0826-teimww:lexia id="ww_4b6f79c4aa5ec4ed">
    <knoraXmlImport:label>L: ladder made of r</knoraXmlImport:label>
    <p0826-teimww:lexiaInternalId knoraType="richtext_value">#002211</p0826-teimww:lexiaInternalId>
    <p0826-teimww:lexiaTitle knoraType="richtext_value">ladder made of ropes</p0826-teimww:lexiaTitle>
  </p0826-teimww:lexia>
  <p0826-teimww:lexia id="ww_0ca9c52af1be09c1">
    <knoraXmlImport:label>L: honourable murde</knoraXmlImport:label>
    <p0826-teimww:lexiaInternalId knoraType="richtext_value">#002145</p0826-teimww:lexiaInternalId>
    <p0826-teimww:lexiaTitle knoraType="richtext_value">honourable murderer</p0826-teimww:lexiaTitle>
  </p0826-teimww:lexia>
  <p0826-teimww:lexia id="ww_fbe548ea6015d5b9">
    <knoraXmlImport:label>L: whether kill eac</knoraXmlImport:label>
    <p0826-teimww:lexiaInternalId knoraType="richtext_value">#002146</p0826-teimww:lexiaInternalId>
    <p0826-teimww:lexiaTitle knoraType="richtext_value">whether kill each other or not (gain)</p0826-teimww:lexiaTitle>
  </p0826-teimww:lexia>
  <p0826-teimww:lexia id="ww_fa4a8a82226e8711">
    <knoraXmlImport:label>L: devil as grandfa</knoraXmlImport:label>
    <p0826-teimww:lexiaInternalId knoraType="richtext_value">#002148</p0826-teimww:lexiaInternalId>
    <p0826-teimww:lexiaTitle knoraType="richtext_value">devil as grandfather</p0826-teimww:lexiaTitle>
  </p0826-teimww:lexia>
  <p0826-teimww:lexia id="ww_d97cf7a082b53e7d">
    <knoraXmlImport:label>L: ring the bell (f</knoraXmlImport:label>
    <p0826-teimww:lexiaInternalId knoraType="richtext_value">#002149</p0826-teimww:lexiaInternalId>
    <p0826-teimww:lexiaTitle knoraType="richtext_value">ring the bell (for shameful fighting)</p0826-teimww:lexiaTitle>
  </p0826-teimww:lexia>
  <p0826-teimww:lexia id="ww_9c92af2f65e72011">
    <knoraXmlImport:label>L: here is none but</knoraXmlImport:label>
    <p0826-teimww:lexiaInternalId knoraType="richtext_value">#000034</p0826-teimww:lexiaInternalId>
    <p0826-teimww:lexiaTitle knoraType="richtext_value">here is none but friends</p0826-teimww:lexiaTitle>
  </p0826-teimww:lexia>
  <p0826-teimww:lexia id="ww_d88e84d29ad38024">
    <knoraXmlImport:label>L: I have lived too</knoraXmlImport:label>
    <p0826-teimww:lexiaInternalId knoraType="richtext_value">#002082</p0826-teimww:lexiaInternalId>
    <p0826-teimww:lexiaTitle knoraType="richtext_value">I have lived too long</p0826-teimww:lexiaTitle>
  </p0826-teimww:lexia>
  <p0826-teimww:lexia id="ww_9b5ed7ccfe5d90aa">
    <knoraXmlImport:label>L: blood vines</knoraXmlImport:label>
    <p0826-teimww:lexiaInternalId knoraType="richtext_value">#002195</p0826-teimww:lexiaInternalId>
    <p0826-teimww:lexiaTitle knoraType="richtext_value">blood vines</p0826-teimww:lexiaTitle>
  </p0826-teimww:lexia>
  <p0826-teimww:lexia id="ww_48c80745eadb5da4">
    <knoraXmlImport:label>L: Iwhips of time i</knoraXmlImport:label>
    <p0826-teimww:lexiaInternalId knoraType="richtext_value">#002227</p0826-teimww:lexiaInternalId>
    <p0826-teimww:lexiaTitle knoraType="richtext_value">Iwhips of time image</p0826-teimww:lexiaTitle>
  </p0826-teimww:lexia>
  <p0826-teimww:lexia id="ww_dc8e7b4b12d62262">
    <knoraXmlImport:label>L: Ghost scene in H</knoraXmlImport:label>
    <p0826-teimww:lexiaInternalId knoraType="richtext_value">#000013</p0826-teimww:lexiaInternalId>
    <p0826-teimww:lexiaTitle knoraType="richtext_value">Ghost scene in Hamlet</p0826-teimww:lexiaTitle>
  </p0826-teimww:lexia>
  <p0826-teimww:lexia id="ww_5f4f3ccaf56ba371">
    <knoraXmlImport:label>L: honesty is rare</knoraXmlImport:label>
    <p0826-teimww:lexiaInternalId knoraType="richtext_value">#002087</p0826-teimww:lexiaInternalId>
    <p0826-teimww:lexiaTitle knoraType="richtext_value">honesty is rare</p0826-teimww:lexiaTitle>
  </p0826-teimww:lexia>
  <p0826-teimww:lexia id="ww_0d7d51ddf1aaa5e1">
    <knoraXmlImport:label>L: Neptune or Posei</knoraXmlImport:label>
    <p0826-teimww:lexiaInternalId knoraType="richtext_value">#004025</p0826-teimww:lexiaInternalId>
    <p0826-teimww:lexiaTitle knoraType="richtext_value">Neptune or Poseidon</p0826-teimww:lexiaTitle>
  </p0826-teimww:lexia>
  <p0826-teimww:lexia id="ww_b4baccadcbab40b1">
    <knoraXmlImport:label>L: staff tilted (in</knoraXmlImport:label>
    <p0826-teimww:lexiaInternalId knoraType="richtext_value">#002218</p0826-teimww:lexiaInternalId>
    <p0826-teimww:lexiaTitle knoraType="richtext_value">staff tilted (innuendo)</p0826-teimww:lexiaTitle>
  </p0826-teimww:lexia>
  <p0826-teimww:lexia id="ww_0cfb45561332a9b2">
    <knoraXmlImport:label>L: bastard peace</knoraXmlImport:label>
    <p0826-teimww:lexiaInternalId knoraType="richtext_value">#002153</p0826-teimww:lexiaInternalId>
    <p0826-teimww:lexiaTitle knoraType="richtext_value">bastard peace</p0826-teimww:lexiaTitle>
  </p0826-teimww:lexia>
  <p0826-teimww:lexia id="ww_5ab7b02e8eec7e58">
    <knoraXmlImport:label>L: Drums and trumpe</knoraXmlImport:label>
    <p0826-teimww:lexiaInternalId knoraType="richtext_value">#002154</p0826-teimww:lexiaInternalId>
    <p0826-teimww:lexiaTitle knoraType="richtext_value">Drums and trumpets are flatterers</p0826-teimww:lexiaTitle>
  </p0826-teimww:lexia>
  <p0826-teimww:lexia id="ww_a7aea232a47749cd">
    <knoraXmlImport:label>L: fresh bride like</knoraXmlImport:label>
    <p0826-teimww:lexiaInternalId knoraType="richtext_value">#002212</p0826-teimww:lexiaInternalId>
    <p0826-teimww:lexiaTitle knoraType="richtext_value">fresh bride like May</p0826-teimww:lexiaTitle>
  </p0826-teimww:lexia>
  <p0826-teimww:lexia id="ww_3e9f6e448f9f3926">
    <knoraXmlImport:label>L: Eringo</knoraXmlImport:label>
    <p0826-teimww:lexiaInternalId knoraType="richtext_value">#002197</p0826-teimww:lexiaInternalId>
    <p0826-teimww:lexiaTitle knoraType="richtext_value">Eringo</p0826-teimww:lexiaTitle>
  </p0826-teimww:lexia>
  <p0826-teimww:lexia id="ww_b5c7e77f0631c24a">
    <knoraXmlImport:label>L: Hes gone</knoraXmlImport:label>
    <p0826-teimww:lexiaInternalId knoraType="richtext_value">#004077</p0826-teimww:lexiaInternalId>
    <p0826-teimww:lexiaTitle knoraType="richtext_value">Hes gone</p0826-teimww:lexiaTitle>
  </p0826-teimww:lexia>
  <p0826-teimww:lexia id="ww_3002539d5fe6a9ce">
    <knoraXmlImport:label>L: Seduction advice</knoraXmlImport:label>
    <p0826-teimww:lexiaInternalId knoraType="richtext_value">#000258</p0826-teimww:lexiaInternalId>
    <p0826-teimww:lexiaTitle knoraType="richtext_value">Seduction advice</p0826-teimww:lexiaTitle>
  </p0826-teimww:lexia>
  <p0826-teimww:lexia id="ww_c9554e0162808f66">
    <knoraXmlImport:label>L: The Fortune Play</knoraXmlImport:label>
    <p0826-teimww:lexiaInternalId knoraType="richtext_value">#002260</p0826-teimww:lexiaInternalId>
    <p0826-teimww:lexiaTitle knoraType="richtext_value">The Fortune Playhouse</p0826-teimww:lexiaTitle>
  </p0826-teimww:lexia>
  <p0826-teimww:lexia id="ww_da57208e59015030">
    <knoraXmlImport:label>L: singing while dr</knoraXmlImport:label>
    <p0826-teimww:lexiaInternalId knoraType="richtext_value">#000710</p0826-teimww:lexiaInternalId>
    <p0826-teimww:lexiaTitle knoraType="richtext_value">singing while drowning</p0826-teimww:lexiaTitle>
  </p0826-teimww:lexia>
  <p0826-teimww:lexia id="ww_121f51dd1d4fa186">
    <knoraXmlImport:label>L: make-up plasteri</knoraXmlImport:label>
    <p0826-teimww:lexiaInternalId knoraType="richtext_value">#000756</p0826-teimww:lexiaInternalId>
    <p0826-teimww:lexiaTitle knoraType="richtext_value">make-up plastering ugliness</p0826-teimww:lexiaTitle>
  </p0826-teimww:lexia>
  <p0826-teimww:lexia id="ww_30cb4378cd2d5901">
    <knoraXmlImport:label>L: to this favour m</knoraXmlImport:label>
    <p0826-teimww:lexiaInternalId knoraType="richtext_value">#000757</p0826-teimww:lexiaInternalId>
    <p0826-teimww:lexiaTitle knoraType="richtext_value">to this favour must she come</p0826-teimww:lexiaTitle>
  </p0826-teimww:lexia>
  <p0826-teimww:lexia id="ww_0e62766f333b9420">
    <knoraXmlImport:label>L: historico-politi</knoraXmlImport:label>
    <p0826-teimww:lexiaInternalId knoraType="richtext_value">#000121</p0826-teimww:lexiaInternalId>
    <p0826-teimww:lexiaTitle knoraType="richtext_value">historico-politico-comical</p0826-teimww:lexiaTitle>
  </p0826-teimww:lexia>
  <p0826-teimww:lexia id="ww_16c339c9b2dcc0f7">
    <knoraXmlImport:label>L: goodness pleuris</knoraXmlImport:label>
    <p0826-teimww:lexiaInternalId knoraType="richtext_value">#000707</p0826-teimww:lexiaInternalId>
    <p0826-teimww:lexiaTitle knoraType="richtext_value">goodness pleurisy</p0826-teimww:lexiaTitle>
  </p0826-teimww:lexia>
  <p0826-teimww:lexia id="ww_434f230990a96817">
    <knoraXmlImport:label>L: too much good be</knoraXmlImport:label>
    <p0826-teimww:lexiaInternalId knoraType="richtext_value">#004102</p0826-teimww:lexiaInternalId>
    <p0826-teimww:lexiaTitle knoraType="richtext_value">too much good becomes bad</p0826-teimww:lexiaTitle>
  </p0826-teimww:lexia>
  <p0826-teimww:lexia id="ww_1a3f666c13d234a4">
    <knoraXmlImport:label>L: self-unworthines</knoraXmlImport:label>
    <p0826-teimww:lexiaInternalId knoraType="richtext_value">#002157</p0826-teimww:lexiaInternalId>
    <p0826-teimww:lexiaTitle knoraType="richtext_value">self-unworthiness out of jealousy</p0826-teimww:lexiaTitle>
  </p0826-teimww:lexia>
  <p0826-teimww:lexia id="ww_44e81279e70a84dc">
    <knoraXmlImport:label>L: kiss corpse lips</knoraXmlImport:label>
    <p0826-teimww:lexiaInternalId knoraType="richtext_value">#000253</p0826-teimww:lexiaInternalId>
    <p0826-teimww:lexiaTitle knoraType="richtext_value">kiss corpse lips</p0826-teimww:lexiaTitle>
  </p0826-teimww:lexia>
  <p0826-teimww:lexia id="ww_36c1f856367d2666">
    <knoraXmlImport:label>L: insincere prayer</knoraXmlImport:label>
    <p0826-teimww:lexiaInternalId knoraType="richtext_value">#005039</p0826-teimww:lexiaInternalId>
    <p0826-teimww:lexiaTitle knoraType="richtext_value">insincere prayers do not go up to Heaven</p0826-teimww:lexiaTitle>
  </p0826-teimww:lexia>
  <p0826-teimww:lexia id="ww_b03bc21db43f0719">
    <knoraXmlImport:label>L: resolution</knoraXmlImport:label>
    <p0826-teimww:lexiaInternalId knoraType="richtext_value">#000363</p0826-teimww:lexiaInternalId>
    <p0826-teimww:lexiaTitle knoraType="richtext_value">resolution</p0826-teimww:lexiaTitle>
  </p0826-teimww:lexia>
  <p0826-teimww:lexia id="ww_ead79af7c765d93c">
    <knoraXmlImport:label>L: my kingdom for a</knoraXmlImport:label>
    <p0826-teimww:lexiaInternalId knoraType="richtext_value">#000026</p0826-teimww:lexiaInternalId>
    <p0826-teimww:lexiaTitle knoraType="richtext_value">my kingdom for a horse</p0826-teimww:lexiaTitle>
  </p0826-teimww:lexia>
  <p0826-teimww:lexia id="ww_97abc3f2a8d3e0f7">
    <knoraXmlImport:label>L: auspicious and d</knoraXmlImport:label>
    <p0826-teimww:lexiaInternalId knoraType="richtext_value">#002267</p0826-teimww:lexiaInternalId>
    <p0826-teimww:lexiaTitle knoraType="richtext_value">auspicious and dropping eye</p0826-teimww:lexiaTitle>
  </p0826-teimww:lexia>
  <p0826-teimww:lexia id="ww_d56de78251b1aaff">
    <knoraXmlImport:label>L: if you are rich </knoraXmlImport:label>
    <p0826-teimww:lexiaInternalId knoraType="richtext_value">#000123</p0826-teimww:lexiaInternalId>
    <p0826-teimww:lexiaTitle knoraType="richtext_value">if you are rich or happy, you have friends</p0826-teimww:lexiaTitle>
  </p0826-teimww:lexia>
  <p0826-teimww:lexia id="ww_8f69f88665779169">
    <knoraXmlImport:label>L: sorrows dont com</knoraXmlImport:label>
    <p0826-teimww:lexiaInternalId knoraType="richtext_value">#000698</p0826-teimww:lexiaInternalId>
    <p0826-teimww:lexiaTitle knoraType="richtext_value">sorrows dont come alone</p0826-teimww:lexiaTitle>
  </p0826-teimww:lexia>
  <p0826-teimww:lexia id="ww_b1db92018e4e4ebc">
    <knoraXmlImport:label>L: fair writing</knoraXmlImport:label>
    <p0826-teimww:lexiaInternalId knoraType="richtext_value">#000763</p0826-teimww:lexiaInternalId>
    <p0826-teimww:lexiaTitle knoraType="richtext_value">fair writing</p0826-teimww:lexiaTitle>
  </p0826-teimww:lexia>
  <p0826-teimww:lexia id="ww_1cf1815293a779fc">
    <knoraXmlImport:label>L: Pluto's Grave</knoraXmlImport:label>
    <p0826-teimww:lexiaInternalId knoraType="richtext_value">#002249</p0826-teimww:lexiaInternalId>
    <p0826-teimww:lexiaTitle knoraType="richtext_value">Pluto's Grave</p0826-teimww:lexiaTitle>
  </p0826-teimww:lexia>
  <p0826-teimww:lexia id="ww_9685b6468c8b210f">
    <knoraXmlImport:label>L: Tamburlaine must</knoraXmlImport:label>
    <p0826-teimww:lexiaInternalId knoraType="richtext_value">#002250</p0826-teimww:lexiaInternalId>
    <p0826-teimww:lexiaTitle knoraType="richtext_value">Tamburlaine must die</p0826-teimww:lexiaTitle>
  </p0826-teimww:lexia>
  <p0826-teimww:lexia id="ww_e2b34a4bccf468cd">
    <knoraXmlImport:label>L: Tamburlaine</knoraXmlImport:label>
    <p0826-teimww:lexiaInternalId knoraType="richtext_value">#004029</p0826-teimww:lexiaInternalId>
    <p0826-teimww:lexiaTitle knoraType="richtext_value">Tamburlaine</p0826-teimww:lexiaTitle>
  </p0826-teimww:lexia>
  <p0826-teimww:lexia id="ww_40e9e4f82001c890">
    <knoraXmlImport:label>L: Marble</knoraXmlImport:label>
    <p0826-teimww:lexiaInternalId knoraType="richtext_value">#004084</p0826-teimww:lexiaInternalId>
    <p0826-teimww:lexiaTitle knoraType="richtext_value">Marble</p0826-teimww:lexiaTitle>
  </p0826-teimww:lexia>
  <p0826-teimww:lexia id="ww_3c95d7400a0058de">
    <knoraXmlImport:label>L: Queen or mother</knoraXmlImport:label>
    <p0826-teimww:lexiaInternalId knoraType="richtext_value">#004085</p0826-teimww:lexiaInternalId>
    <p0826-teimww:lexiaTitle knoraType="richtext_value">Queen or mother</p0826-teimww:lexiaTitle>
  </p0826-teimww:lexia>
  <p0826-teimww:lexia id="ww_3709637097b9bcd6">
    <knoraXmlImport:label>L: Milk</knoraXmlImport:label>
    <p0826-teimww:lexiaInternalId knoraType="richtext_value">#004096</p0826-teimww:lexiaInternalId>
    <p0826-teimww:lexiaTitle knoraType="richtext_value">Milk</p0826-teimww:lexiaTitle>
  </p0826-teimww:lexia>
  <p0826-teimww:lexia id="ww_3f4d9f4b35e2f37e">
    <knoraXmlImport:label>L: heaven or stars </knoraXmlImport:label>
    <p0826-teimww:lexiaInternalId knoraType="richtext_value">#002115</p0826-teimww:lexiaInternalId>
    <p0826-teimww:lexiaTitle knoraType="richtext_value">heaven or stars why do you lour on me</p0826-teimww:lexiaTitle>
  </p0826-teimww:lexia>
  <p0826-teimww:lexia id="ww_be31264d799edb98">
    <knoraXmlImport:label>L: sit down and see</knoraXmlImport:label>
    <p0826-teimww:lexiaInternalId knoraType="richtext_value">#002248</p0826-teimww:lexiaInternalId>
    <p0826-teimww:lexiaTitle knoraType="richtext_value">sit down and see</p0826-teimww:lexiaTitle>
  </p0826-teimww:lexia>
  <p0826-teimww:lexia id="ww_8bf83b33a77b4b1e">
    <knoraXmlImport:label>L: Fall of Caesar</knoraXmlImport:label>
    <p0826-teimww:lexiaInternalId knoraType="richtext_value">#002022</p0826-teimww:lexiaInternalId>
    <p0826-teimww:lexiaTitle knoraType="richtext_value">Fall of Caesar</p0826-teimww:lexiaTitle>
  </p0826-teimww:lexia>
  <p0826-teimww:lexia id="ww_78eac033a96687b8">
    <knoraXmlImport:label>L: unhaunted wood</knoraXmlImport:label>
    <p0826-teimww:lexiaInternalId knoraType="richtext_value">#000135</p0826-teimww:lexiaInternalId>
    <p0826-teimww:lexiaTitle knoraType="richtext_value">unhaunted wood</p0826-teimww:lexiaTitle>
  </p0826-teimww:lexia>
  <p0826-teimww:lexia id="ww_cc097ef2a8189478">
    <knoraXmlImport:label>L: Where art thou, </knoraXmlImport:label>
    <p0826-teimww:lexiaInternalId knoraType="richtext_value">#002252</p0826-teimww:lexiaInternalId>
    <p0826-teimww:lexiaTitle knoraType="richtext_value">Where art thou, boy? where is Calipolis? </p0826-teimww:lexiaTitle>
  </p0826-teimww:lexia>
  <p0826-teimww:lexia id="ww_7084f7ba168a6caf">
    <knoraXmlImport:label>L: famine, sword, a</knoraXmlImport:label>
    <p0826-teimww:lexiaInternalId knoraType="richtext_value">#002253</p0826-teimww:lexiaInternalId>
    <p0826-teimww:lexiaTitle knoraType="richtext_value">famine, sword, and fire</p0826-teimww:lexiaTitle>
  </p0826-teimww:lexia>
  <p0826-teimww:lexia id="ww_213f4daacf41e824">
    <knoraXmlImport:label>L: Plutos bells rin</knoraXmlImport:label>
    <p0826-teimww:lexiaInternalId knoraType="richtext_value">#002064</p0826-teimww:lexiaInternalId>
    <p0826-teimww:lexiaTitle knoraType="richtext_value">Plutos bells ring</p0826-teimww:lexiaTitle>
  </p0826-teimww:lexia>
  <p0826-teimww:lexia id="ww_01695cfbfe10a115">
    <knoraXmlImport:label>L: great persons re</knoraXmlImport:label>
    <p0826-teimww:lexiaInternalId knoraType="richtext_value">#002067</p0826-teimww:lexiaInternalId>
    <p0826-teimww:lexiaTitle knoraType="richtext_value">great persons revenue on back</p0826-teimww:lexiaTitle>
  </p0826-teimww:lexia>
  <p0826-teimww:lexia id="ww_7c789ae9df82f762">
    <knoraXmlImport:label>L: ONeill</knoraXmlImport:label>
    <p0826-teimww:lexiaInternalId knoraType="richtext_value">#002071</p0826-teimww:lexiaInternalId>
    <p0826-teimww:lexiaTitle knoraType="richtext_value">ONeill</p0826-teimww:lexiaTitle>
  </p0826-teimww:lexia>
  <p0826-teimww:lexia id="ww_5640648aaf8dc126">
    <knoraXmlImport:label>L: no other proof</knoraXmlImport:label>
    <p0826-teimww:lexiaInternalId knoraType="richtext_value">#002077</p0826-teimww:lexiaInternalId>
    <p0826-teimww:lexiaTitle knoraType="richtext_value">no other proof</p0826-teimww:lexiaTitle>
  </p0826-teimww:lexia>
  <p0826-teimww:lexia id="ww_57f132dbb64b4739">
    <knoraXmlImport:label>L: fox barks not wh</knoraXmlImport:label>
    <p0826-teimww:lexiaInternalId knoraType="richtext_value">#002228</p0826-teimww:lexiaInternalId>
    <p0826-teimww:lexiaTitle knoraType="richtext_value">fox barks not when stealing lamb</p0826-teimww:lexiaTitle>
  </p0826-teimww:lexia>
  <p0826-teimww:lexia id="ww_39c20775a1f962ae">
    <knoraXmlImport:label>L: mandrakes groan</knoraXmlImport:label>
    <p0826-teimww:lexiaInternalId knoraType="richtext_value">#002019</p0826-teimww:lexiaInternalId>
    <p0826-teimww:lexiaTitle knoraType="richtext_value">mandrakes groan</p0826-teimww:lexiaTitle>
  </p0826-teimww:lexia>
  <p0826-teimww:lexia id="ww_b79dedeccfee75e1">
    <knoraXmlImport:label>L: stray lower</knoraXmlImport:label>
    <p0826-teimww:lexiaInternalId knoraType="richtext_value">#004037</p0826-teimww:lexiaInternalId>
    <p0826-teimww:lexiaTitle knoraType="richtext_value">stray lower</p0826-teimww:lexiaTitle>
  </p0826-teimww:lexia>
  <p0826-teimww:lexia id="ww_9b2dbababbd6684b">
    <knoraXmlImport:label>L: barbarous moor</knoraXmlImport:label>
    <p0826-teimww:lexiaInternalId knoraType="richtext_value">#001003</p0826-teimww:lexiaInternalId>
    <p0826-teimww:lexiaTitle knoraType="richtext_value">barbarous moor</p0826-teimww:lexiaTitle>
  </p0826-teimww:lexia>
  <p0826-teimww:lexia id="ww_0aa3728c744ddb31">
    <knoraXmlImport:label>L: unthrifty boy</knoraXmlImport:label>
    <p0826-teimww:lexiaInternalId knoraType="richtext_value">#000136</p0826-teimww:lexiaInternalId>
    <p0826-teimww:lexiaTitle knoraType="richtext_value">unthrifty boy</p0826-teimww:lexiaTitle>
  </p0826-teimww:lexia>
  <p0826-teimww:lexia id="ww_ed2cdf0cfb7c6e09">
    <knoraXmlImport:label>L: winter of discon</knoraXmlImport:label>
    <p0826-teimww:lexiaInternalId knoraType="richtext_value">#000070</p0826-teimww:lexiaInternalId>
    <p0826-teimww:lexiaTitle knoraType="richtext_value">winter of discontent</p0826-teimww:lexiaTitle>
  </p0826-teimww:lexia>
  <p0826-teimww:lexia id="ww_72dd154a3c35c943">
    <knoraXmlImport:label>L: painted an inch </knoraXmlImport:label>
    <p0826-teimww:lexiaInternalId knoraType="richtext_value">#003001</p0826-teimww:lexiaInternalId>
    <p0826-teimww:lexiaTitle knoraType="richtext_value">painted an inch thick</p0826-teimww:lexiaTitle>
  </p0826-teimww:lexia>
  <p0826-teimww:lexia id="ww_16275cf261bcce96">
    <knoraXmlImport:label>L: horns</knoraXmlImport:label>
    <p0826-teimww:lexiaInternalId knoraType="richtext_value">#002040</p0826-teimww:lexiaInternalId>
    <p0826-teimww:lexiaTitle knoraType="richtext_value">horns</p0826-teimww:lexiaTitle>
  </p0826-teimww:lexia>
  <p0826-teimww:lexia id="ww_ca140ea65ebcb30d">
    <knoraXmlImport:label>L: give out my Anne</knoraXmlImport:label>
    <p0826-teimww:lexiaInternalId knoraType="richtext_value">#000792</p0826-teimww:lexiaInternalId>
    <p0826-teimww:lexiaTitle knoraType="richtext_value">give out my Anne is sick</p0826-teimww:lexiaTitle>
  </p0826-teimww:lexia>
  <p0826-teimww:lexia id="ww_5d4a59d059f85b62">
    <knoraXmlImport:label>L: Leander swimming</knoraXmlImport:label>
    <p0826-teimww:lexiaInternalId knoraType="richtext_value">#002058</p0826-teimww:lexiaInternalId>
    <p0826-teimww:lexiaTitle knoraType="richtext_value">Leander swimming Hellespont</p0826-teimww:lexiaTitle>
  </p0826-teimww:lexia>
  <p0826-teimww:lexia id="ww_19f391dd67fa130e">
    <knoraXmlImport:label>L: Leander</knoraXmlImport:label>
    <p0826-teimww:lexiaInternalId knoraType="richtext_value">#004016</p0826-teimww:lexiaInternalId>
    <p0826-teimww:lexiaTitle knoraType="richtext_value">Leander</p0826-teimww:lexiaTitle>
  </p0826-teimww:lexia>
  <p0826-teimww:lexia id="ww_2a2c4d4630a79700">
    <knoraXmlImport:label>L: put a girdle rou</knoraXmlImport:label>
    <p0826-teimww:lexiaInternalId knoraType="richtext_value">#000432</p0826-teimww:lexiaInternalId>
    <p0826-teimww:lexiaTitle knoraType="richtext_value">put a girdle round the world</p0826-teimww:lexiaTitle>
  </p0826-teimww:lexia>
  <p0826-teimww:lexia id="ww_935c8c125a62888a">
    <knoraXmlImport:label>L: Tybalt or Tybert</knoraXmlImport:label>
    <p0826-teimww:lexiaInternalId knoraType="richtext_value">#000712</p0826-teimww:lexiaInternalId>
    <p0826-teimww:lexiaTitle knoraType="richtext_value">Tybalt or Tybert the cat</p0826-teimww:lexiaTitle>
  </p0826-teimww:lexia>
  <p0826-teimww:lexia id="ww_52257357dab479f0">
    <knoraXmlImport:label>L: Fortunes fool</knoraXmlImport:label>
    <p0826-teimww:lexiaInternalId knoraType="richtext_value">#000431</p0826-teimww:lexiaInternalId>
    <p0826-teimww:lexiaTitle knoraType="richtext_value">Fortunes fool</p0826-teimww:lexiaTitle>
  </p0826-teimww:lexia>
  <p0826-teimww:lexia id="ww_8b65245f2f6e4f28">
    <knoraXmlImport:label>L: cannot abide gap</knoraXmlImport:label>
    <p0826-teimww:lexiaInternalId knoraType="richtext_value">#001016</p0826-teimww:lexiaInternalId>
    <p0826-teimww:lexiaTitle knoraType="richtext_value">cannot abide gaping pig</p0826-teimww:lexiaTitle>
  </p0826-teimww:lexia>
  <p0826-teimww:lexia id="ww_e4b0affd9dde07f6">
    <knoraXmlImport:label>L: Ghost of Hamlet</knoraXmlImport:label>
    <p0826-teimww:lexiaInternalId knoraType="richtext_value">#005006</p0826-teimww:lexiaInternalId>
    <p0826-teimww:lexiaTitle knoraType="richtext_value">Ghost of Hamlet</p0826-teimww:lexiaTitle>
  </p0826-teimww:lexia>
  <p0826-teimww:lexia id="ww_77f79ec0e4333b1b">
    <knoraXmlImport:label>L: pale swan</knoraXmlImport:label>
    <p0826-teimww:lexiaInternalId knoraType="richtext_value">#002018</p0826-teimww:lexiaInternalId>
    <p0826-teimww:lexiaTitle knoraType="richtext_value">pale swan</p0826-teimww:lexiaTitle>
  </p0826-teimww:lexia>
  <p0826-teimww:lexia id="ww_d09d0b6b821995b5">
    <knoraXmlImport:label>L: gallimaufry</knoraXmlImport:label>
    <p0826-teimww:lexiaInternalId knoraType="richtext_value">#000327</p0826-teimww:lexiaInternalId>
    <p0826-teimww:lexiaTitle knoraType="richtext_value">gallimaufry</p0826-teimww:lexiaTitle>
  </p0826-teimww:lexia>
  <p0826-teimww:lexia id="ww_94fbf6430f661138">
    <knoraXmlImport:label>L: maiden sword</knoraXmlImport:label>
    <p0826-teimww:lexiaInternalId knoraType="richtext_value">#000782</p0826-teimww:lexiaInternalId>
    <p0826-teimww:lexiaTitle knoraType="richtext_value">maiden sword</p0826-teimww:lexiaTitle>
  </p0826-teimww:lexia>
  <p0826-teimww:lexia id="ww_f980d22566f52283">
    <knoraXmlImport:label>L: honour pricks me</knoraXmlImport:label>
    <p0826-teimww:lexiaInternalId knoraType="richtext_value">#002043</p0826-teimww:lexiaInternalId>
    <p0826-teimww:lexiaTitle knoraType="richtext_value">honour pricks me on</p0826-teimww:lexiaTitle>
  </p0826-teimww:lexia>
  <p0826-teimww:lexia id="ww_788229a6a501cb05">
    <knoraXmlImport:label>L: Unhouseled, disa</knoraXmlImport:label>
    <p0826-teimww:lexiaInternalId knoraType="richtext_value">#004038</p0826-teimww:lexiaInternalId>
    <p0826-teimww:lexiaTitle knoraType="richtext_value">Unhouseled, disappointed, unaneled</p0826-teimww:lexiaTitle>
  </p0826-teimww:lexia>
  <p0826-teimww:lexia id="ww_fd7eb9bb811ecb56">
    <knoraXmlImport:label>L: fratricide</knoraXmlImport:label>
    <p0826-teimww:lexiaInternalId knoraType="richtext_value">#004099</p0826-teimww:lexiaInternalId>
    <p0826-teimww:lexiaTitle knoraType="richtext_value">fratricide</p0826-teimww:lexiaTitle>
  </p0826-teimww:lexia>
  <p0826-teimww:lexia id="ww_901c0b3007f36bba">
    <knoraXmlImport:label>L: very like a weas</knoraXmlImport:label>
    <p0826-teimww:lexiaInternalId knoraType="richtext_value">#002233</p0826-teimww:lexiaInternalId>
    <p0826-teimww:lexiaTitle knoraType="richtext_value">very like a weasel</p0826-teimww:lexiaTitle>
  </p0826-teimww:lexia>
  <p0826-teimww:lexia id="ww_79763fb3585a96fc">
    <knoraXmlImport:label>L: Ophelia</knoraXmlImport:label>
    <p0826-teimww:lexiaInternalId knoraType="richtext_value">#000138</p0826-teimww:lexiaInternalId>
    <p0826-teimww:lexiaTitle knoraType="richtext_value">Ophelia</p0826-teimww:lexiaTitle>
  </p0826-teimww:lexia>
  <p0826-teimww:lexia id="ww_2909be79dac02496">
    <knoraXmlImport:label>L: Prayers fly up</knoraXmlImport:label>
    <p0826-teimww:lexiaInternalId knoraType="richtext_value">#004032</p0826-teimww:lexiaInternalId>
    <p0826-teimww:lexiaTitle knoraType="richtext_value">Prayers fly up</p0826-teimww:lexiaTitle>
  </p0826-teimww:lexia>
  <p0826-teimww:lexia id="ww_576b13959f223b26">
    <knoraXmlImport:label>L: Hamlet speech wi</knoraXmlImport:label>
    <p0826-teimww:lexiaInternalId knoraType="richtext_value">#002229</p0826-teimww:lexiaInternalId>
    <p0826-teimww:lexiaTitle knoraType="richtext_value">Hamlet speech with key words</p0826-teimww:lexiaTitle>
  </p0826-teimww:lexia>
  <p0826-teimww:lexia id="ww_b66257f1980db974">
    <knoraXmlImport:label>L: murder has not t</knoraXmlImport:label>
    <p0826-teimww:lexiaInternalId knoraType="richtext_value">#000134</p0826-teimww:lexiaInternalId>
    <p0826-teimww:lexiaTitle knoraType="richtext_value">murder has not tongue will speak in organ</p0826-teimww:lexiaTitle>
  </p0826-teimww:lexia>
  <p0826-teimww:lexia id="ww_bdebeda2754a754a">
    <knoraXmlImport:label>L: Talking to a sku</knoraXmlImport:label>
    <p0826-teimww:lexiaInternalId knoraType="richtext_value">#005003</p0826-teimww:lexiaInternalId>
    <p0826-teimww:lexiaTitle knoraType="richtext_value">Talking to a skull</p0826-teimww:lexiaTitle>
  </p0826-teimww:lexia>
  <p0826-teimww:lexia id="ww_2eb7d22a2df639ae">
    <knoraXmlImport:label>L: Thus can the dem</knoraXmlImport:label>
    <p0826-teimww:lexiaInternalId knoraType="richtext_value">#002232</p0826-teimww:lexiaInternalId>
    <p0826-teimww:lexiaTitle knoraType="richtext_value">Thus can the demigod</p0826-teimww:lexiaTitle>
  </p0826-teimww:lexia>
  <p0826-teimww:lexia id="ww_38a77a7b4c28fdd0">
    <knoraXmlImport:label>L: Hamlet</knoraXmlImport:label>
    <p0826-teimww:lexiaInternalId knoraType="richtext_value">#000137</p0826-teimww:lexiaInternalId>
    <p0826-teimww:lexiaTitle knoraType="richtext_value">Hamlet</p0826-teimww:lexiaTitle>
  </p0826-teimww:lexia>
  <p0826-teimww:lexia id="ww_edefda9dee98e190">
    <knoraXmlImport:label>L: Falstaff</knoraXmlImport:label>
    <p0826-teimww:lexiaInternalId knoraType="richtext_value">#002259</p0826-teimww:lexiaInternalId>
    <p0826-teimww:lexiaTitle knoraType="richtext_value">Falstaff</p0826-teimww:lexiaTitle>
  </p0826-teimww:lexia>
  <p0826-teimww:lexia id="ww_6429b4f74e4bd5cc">
    <knoraXmlImport:label>L: lower than a plu</knoraXmlImport:label>
    <p0826-teimww:lexiaInternalId knoraType="richtext_value">#002016</p0826-teimww:lexiaInternalId>
    <p0826-teimww:lexiaTitle knoraType="richtext_value">lower than a plummet</p0826-teimww:lexiaTitle>
  </p0826-teimww:lexia>
  <p0826-teimww:lexia id="ww_b47e44eac6e1cbc8">
    <knoraXmlImport:label>L: He parted frowni</knoraXmlImport:label>
    <p0826-teimww:lexiaInternalId knoraType="richtext_value">#002231</p0826-teimww:lexiaInternalId>
    <p0826-teimww:lexiaTitle knoraType="richtext_value">He parted frowning from me</p0826-teimww:lexiaTitle>
  </p0826-teimww:lexia>
  <p0826-teimww:lexia id="ww_9c76e083a45561dc">
    <knoraXmlImport:label>L: Phoebus or Apoll</knoraXmlImport:label>
    <p0826-teimww:lexiaInternalId knoraType="richtext_value">#004017</p0826-teimww:lexiaInternalId>
    <p0826-teimww:lexiaTitle knoraType="richtext_value">Phoebus or Apollo</p0826-teimww:lexiaTitle>
  </p0826-teimww:lexia>
  <p0826-teimww:lexia id="ww_7ec85def1f50ed91">
    <knoraXmlImport:label>L: desperate diseas</knoraXmlImport:label>
    <p0826-teimww:lexiaInternalId knoraType="richtext_value">#000167</p0826-teimww:lexiaInternalId>
    <p0826-teimww:lexiaTitle knoraType="richtext_value">desperate disease needs desperate remedy</p0826-teimww:lexiaTitle>
  </p0826-teimww:lexia>
  <p0826-teimww:lexia id="ww_7d6f1f746c01c61a">
    <knoraXmlImport:label>L: Suspicion always</knoraXmlImport:label>
    <p0826-teimww:lexiaInternalId knoraType="richtext_value">#004068</p0826-teimww:lexiaInternalId>
    <p0826-teimww:lexiaTitle knoraType="richtext_value">Suspicion always haunts the guilty mind</p0826-teimww:lexiaTitle>
  </p0826-teimww:lexia>
  <p0826-teimww:lexia id="ww_3e803acca169cdaa">
    <knoraXmlImport:label>L: Discretion is th</knoraXmlImport:label>
    <p0826-teimww:lexiaInternalId knoraType="richtext_value">#004069</p0826-teimww:lexiaInternalId>
    <p0826-teimww:lexiaTitle knoraType="richtext_value">Discretion is the better part of valour</p0826-teimww:lexiaTitle>
  </p0826-teimww:lexia>
  <p0826-teimww:lexia id="ww_154afee7c9b770b6">
    <knoraXmlImport:label>L: Uneasy lies the </knoraXmlImport:label>
    <p0826-teimww:lexiaInternalId knoraType="richtext_value">#004076</p0826-teimww:lexiaInternalId>
    <p0826-teimww:lexiaTitle knoraType="richtext_value">Uneasy lies the head</p0826-teimww:lexiaTitle>
  </p0826-teimww:lexia>
  <p0826-teimww:lexia id="ww_41619de12cb80065">
    <knoraXmlImport:label>L: No beast so fier</knoraXmlImport:label>
    <p0826-teimww:lexiaInternalId knoraType="richtext_value">#004070</p0826-teimww:lexiaInternalId>
    <p0826-teimww:lexiaTitle knoraType="richtext_value">No beast so fierce but knows</p0826-teimww:lexiaTitle>
  </p0826-teimww:lexia>
  <p0826-teimww:lexia id="ww_ee9cbfedd253b06b">
    <knoraXmlImport:label>L: That wrens may p</knoraXmlImport:label>
    <p0826-teimww:lexiaInternalId knoraType="richtext_value">#004074</p0826-teimww:lexiaInternalId>
    <p0826-teimww:lexiaTitle knoraType="richtext_value">That wrens may prey</p0826-teimww:lexiaTitle>
  </p0826-teimww:lexia>
  <p0826-teimww:lexia id="ww_0ae4d2367d7778ee">
    <knoraXmlImport:label>L: Even such kin as</knoraXmlImport:label>
    <p0826-teimww:lexiaInternalId knoraType="richtext_value">#004115</p0826-teimww:lexiaInternalId>
    <p0826-teimww:lexiaTitle knoraType="richtext_value">Even such kin as the parish heiress are to the town-bull</p0826-teimww:lexiaTitle>
  </p0826-teimww:lexia>
  <p0826-teimww:lexia id="ww_b421f37b6479eda8">
    <knoraXmlImport:label>L: Did ever raven s</knoraXmlImport:label>
    <p0826-teimww:lexiaInternalId knoraType="richtext_value">#004073</p0826-teimww:lexiaInternalId>
    <p0826-teimww:lexiaTitle knoraType="richtext_value">Did ever raven sing so</p0826-teimww:lexiaTitle>
  </p0826-teimww:lexia>
  <p0826-teimww:lexia id="ww_3f355c6a788e1887">
    <knoraXmlImport:label>L: The raven doth n</knoraXmlImport:label>
    <p0826-teimww:lexiaInternalId knoraType="richtext_value">#004072</p0826-teimww:lexiaInternalId>
    <p0826-teimww:lexiaTitle knoraType="richtext_value">The raven doth not hatch</p0826-teimww:lexiaTitle>
  </p0826-teimww:lexia>
  <p0826-teimww:lexia id="ww_55ad1c956bfbbaaf">
    <knoraXmlImport:label>L: Thanks the exche</knoraXmlImport:label>
    <p0826-teimww:lexiaInternalId knoraType="richtext_value">#004071</p0826-teimww:lexiaInternalId>
    <p0826-teimww:lexiaTitle knoraType="richtext_value">Thanks the exchequer</p0826-teimww:lexiaTitle>
  </p0826-teimww:lexia>
  <p0826-teimww:lexia id="ww_91aa8cfc88a82dd5">
    <knoraXmlImport:label>L: overteem</knoraXmlImport:label>
    <p0826-teimww:lexiaInternalId knoraType="richtext_value">#004098</p0826-teimww:lexiaInternalId>
    <p0826-teimww:lexiaTitle knoraType="richtext_value">overteem</p0826-teimww:lexiaTitle>
  </p0826-teimww:lexia>
  <p0826-teimww:lexia id="ww_2539d699725c1dcf">
    <knoraXmlImport:label>L: there is the rub</knoraXmlImport:label>
    <p0826-teimww:lexiaInternalId knoraType="richtext_value">#005077</p0826-teimww:lexiaInternalId>
    <p0826-teimww:lexiaTitle knoraType="richtext_value">there is the rub</p0826-teimww:lexiaTitle>
  </p0826-teimww:lexia>
  <p0826-teimww:lexia id="ww_f5a4d10244a66bfd">
    <knoraXmlImport:label>L: malefactions</knoraXmlImport:label>
    <p0826-teimww:lexiaInternalId knoraType="richtext_value">#000209</p0826-teimww:lexiaInternalId>
    <p0826-teimww:lexiaTitle knoraType="richtext_value">malefactions</p0826-teimww:lexiaTitle>
  </p0826-teimww:lexia>
  <p0826-teimww:lexia id="ww_0cce9b4a28abe741">
    <knoraXmlImport:label>L: muddied</knoraXmlImport:label>
    <p0826-teimww:lexiaInternalId knoraType="richtext_value">#002288</p0826-teimww:lexiaInternalId>
    <p0826-teimww:lexiaTitle knoraType="richtext_value">muddied</p0826-teimww:lexiaTitle>
  </p0826-teimww:lexia>
  <p0826-teimww:lexia id="ww_38a589eee85fbfff">
    <knoraXmlImport:label>L: How absolute the</knoraXmlImport:label>
    <p0826-teimww:lexiaInternalId knoraType="richtext_value">#004040</p0826-teimww:lexiaInternalId>
    <p0826-teimww:lexiaTitle knoraType="richtext_value">How absolute the knave is</p0826-teimww:lexiaTitle>
  </p0826-teimww:lexia>
  <p0826-teimww:lexia id="ww_2f290cc89f2578f7">
    <knoraXmlImport:label>L: That monster cus</knoraXmlImport:label>
    <p0826-teimww:lexiaInternalId knoraType="richtext_value">#004041</p0826-teimww:lexiaInternalId>
    <p0826-teimww:lexiaTitle knoraType="richtext_value">That monster custom</p0826-teimww:lexiaTitle>
  </p0826-teimww:lexia>
  <p0826-teimww:lexia id="ww_7431d5b3204a1ccb">
    <knoraXmlImport:label>L: Our indiscretion</knoraXmlImport:label>
    <p0826-teimww:lexiaInternalId knoraType="richtext_value">#004042</p0826-teimww:lexiaInternalId>
    <p0826-teimww:lexiaTitle knoraType="richtext_value">Our indiscretion</p0826-teimww:lexiaTitle>
  </p0826-teimww:lexia>
  <p0826-teimww:lexia id="ww_8c35136319d93c56">
    <knoraXmlImport:label>L: We are oft to bl</knoraXmlImport:label>
    <p0826-teimww:lexiaInternalId knoraType="richtext_value">#004043</p0826-teimww:lexiaInternalId>
    <p0826-teimww:lexiaTitle knoraType="richtext_value">We are oft to blame</p0826-teimww:lexiaTitle>
  </p0826-teimww:lexia>
  <p0826-teimww:lexia id="ww_11a004d3668f2040">
    <knoraXmlImport:label>L: The female Ivy</knoraXmlImport:label>
    <p0826-teimww:lexiaInternalId knoraType="richtext_value">#004044</p0826-teimww:lexiaInternalId>
    <p0826-teimww:lexiaTitle knoraType="richtext_value">The female Ivy</p0826-teimww:lexiaTitle>
  </p0826-teimww:lexia>
  <p0826-teimww:lexia id="ww_f8094e2d893bdf31">
    <knoraXmlImport:label>L: Rightly to be gr</knoraXmlImport:label>
    <p0826-teimww:lexiaInternalId knoraType="richtext_value">#004046</p0826-teimww:lexiaInternalId>
    <p0826-teimww:lexiaTitle knoraType="richtext_value">Rightly to be great</p0826-teimww:lexiaTitle>
  </p0826-teimww:lexia>
  <p0826-teimww:lexia id="ww_1448494ccbdb248f">
    <knoraXmlImport:label>L: In the most high</knoraXmlImport:label>
    <p0826-teimww:lexiaInternalId knoraType="richtext_value">#004047</p0826-teimww:lexiaInternalId>
    <p0826-teimww:lexiaTitle knoraType="richtext_value">In the most high and palmy state</p0826-teimww:lexiaTitle>
  </p0826-teimww:lexia>
  <p0826-teimww:lexia id="ww_00228e39653865fd">
    <knoraXmlImport:label>L: What to ourselve</knoraXmlImport:label>
    <p0826-teimww:lexiaInternalId knoraType="richtext_value">#004050</p0826-teimww:lexiaInternalId>
    <p0826-teimww:lexiaTitle knoraType="richtext_value">What to ourselves in passion</p0826-teimww:lexiaTitle>
  </p0826-teimww:lexia>
  <p0826-teimww:lexia id="ww_19a96102ada4c924">
    <knoraXmlImport:label>L: In the corrupted</knoraXmlImport:label>
    <p0826-teimww:lexiaInternalId knoraType="richtext_value">#004051</p0826-teimww:lexiaInternalId>
    <p0826-teimww:lexiaTitle knoraType="richtext_value">In the corrupted currents</p0826-teimww:lexiaTitle>
  </p0826-teimww:lexia>
  <p0826-teimww:lexia id="ww_460641d6cf20d12c">
    <knoraXmlImport:label>L: Beshrew my jealo</knoraXmlImport:label>
    <p0826-teimww:lexiaInternalId knoraType="richtext_value">#004052</p0826-teimww:lexiaInternalId>
    <p0826-teimww:lexiaTitle knoraType="richtext_value">Beshrew my jealousy</p0826-teimww:lexiaTitle>
  </p0826-teimww:lexia>
  <p0826-teimww:lexia id="ww_fdd1219322e96780">
    <knoraXmlImport:label>L: The great man do</knoraXmlImport:label>
    <p0826-teimww:lexiaInternalId knoraType="richtext_value">#004053</p0826-teimww:lexiaInternalId>
    <p0826-teimww:lexiaTitle knoraType="richtext_value">The great man down</p0826-teimww:lexiaTitle>
  </p0826-teimww:lexia>
  <p0826-teimww:lexia id="ww_69de44c1bc229f50">
    <knoraXmlImport:label>L: swift river is s</knoraXmlImport:label>
    <p0826-teimww:lexiaInternalId knoraType="richtext_value">#002226</p0826-teimww:lexiaInternalId>
    <p0826-teimww:lexiaTitle knoraType="richtext_value">swift river is scared and runs backwards</p0826-teimww:lexiaTitle>
  </p0826-teimww:lexia>
  <p0826-teimww:lexia id="ww_53c222e5ffc0c616">
    <knoraXmlImport:label>L: all my imperfect</knoraXmlImport:label>
    <p0826-teimww:lexiaInternalId knoraType="richtext_value">#002247</p0826-teimww:lexiaInternalId>
    <p0826-teimww:lexiaTitle knoraType="richtext_value">all my imperfections</p0826-teimww:lexiaTitle>
  </p0826-teimww:lexia>
  <p0826-teimww:lexia id="ww_f8328fc9130b710f">
    <knoraXmlImport:label>L: peppercorn</knoraXmlImport:label>
    <p0826-teimww:lexiaInternalId knoraType="richtext_value">#002220</p0826-teimww:lexiaInternalId>
    <p0826-teimww:lexiaTitle knoraType="richtext_value">peppercorn</p0826-teimww:lexiaTitle>
  </p0826-teimww:lexia>
  <p0826-teimww:lexia id="ww_876622e802d9e155">
    <knoraXmlImport:label>L: what dreams if d</knoraXmlImport:label>
    <p0826-teimww:lexiaInternalId knoraType="richtext_value">#004120</p0826-teimww:lexiaInternalId>
    <p0826-teimww:lexiaTitle knoraType="richtext_value">what dreams if death is a sleep</p0826-teimww:lexiaTitle>
  </p0826-teimww:lexia>
  <p0826-teimww:lexia id="ww_1cb5fa0cfafa45f2">
    <knoraXmlImport:label>L: misty sunrise or</knoraXmlImport:label>
    <p0826-teimww:lexiaInternalId knoraType="richtext_value">#004105</p0826-teimww:lexiaInternalId>
    <p0826-teimww:lexiaTitle knoraType="richtext_value">misty sunrise or sun hidden</p0826-teimww:lexiaTitle>
  </p0826-teimww:lexia>
  <p0826-teimww:lexia id="ww_3931d7ab354c021e">
    <knoraXmlImport:label>L: delight and dole</knoraXmlImport:label>
    <p0826-teimww:lexiaInternalId knoraType="richtext_value">#004097</p0826-teimww:lexiaInternalId>
    <p0826-teimww:lexiaTitle knoraType="richtext_value">delight and dole</p0826-teimww:lexiaTitle>
  </p0826-teimww:lexia>
  <p0826-teimww:lexia id="ww_79d926d2f329f506">
    <knoraXmlImport:label>L: Eyes like carbun</knoraXmlImport:label>
    <p0826-teimww:lexiaInternalId knoraType="richtext_value">#004116</p0826-teimww:lexiaInternalId>
    <p0826-teimww:lexiaTitle knoraType="richtext_value">Eyes like carbuncles</p0826-teimww:lexiaTitle>
  </p0826-teimww:lexia>
  <p0826-teimww:lexia id="ww_c077076d7a32be4a">
    <knoraXmlImport:label>L: thunder rents th</knoraXmlImport:label>
    <p0826-teimww:lexiaInternalId knoraType="richtext_value">#004121</p0826-teimww:lexiaInternalId>
    <p0826-teimww:lexiaTitle knoraType="richtext_value">thunder rents the sky</p0826-teimww:lexiaTitle>
  </p0826-teimww:lexia>
  <p0826-teimww:lexia id="ww_1086f0f1500d9710">
    <knoraXmlImport:label>L: Cock crows so gh</knoraXmlImport:label>
    <p0826-teimww:lexiaInternalId knoraType="richtext_value">#002207</p0826-teimww:lexiaInternalId>
    <p0826-teimww:lexiaTitle knoraType="richtext_value">Cock crows so ghosts must disappear</p0826-teimww:lexiaTitle>
  </p0826-teimww:lexia>
  <p0826-teimww:lexia id="ww_894e18f9d4e68214">
    <knoraXmlImport:label>L: ghosts are invul</knoraXmlImport:label>
    <p0826-teimww:lexiaInternalId knoraType="richtext_value">#004100</p0826-teimww:lexiaInternalId>
    <p0826-teimww:lexiaTitle knoraType="richtext_value">ghosts are invulnerable like air</p0826-teimww:lexiaTitle>
  </p0826-teimww:lexia>
  <p0826-teimww:lexia id="ww_77d28b915f09d482">
    <knoraXmlImport:label>L: grace sits on br</knoraXmlImport:label>
    <p0826-teimww:lexiaInternalId knoraType="richtext_value">#004124</p0826-teimww:lexiaInternalId>
    <p0826-teimww:lexiaTitle knoraType="richtext_value">grace sits on brow</p0826-teimww:lexiaTitle>
  </p0826-teimww:lexia>
  <p0826-teimww:lexia id="ww_354f23606872f85d">
    <knoraXmlImport:label>L: visually peruse</knoraXmlImport:label>
    <p0826-teimww:lexiaInternalId knoraType="richtext_value">#002291</p0826-teimww:lexiaInternalId>
    <p0826-teimww:lexiaTitle knoraType="richtext_value">visually peruse</p0826-teimww:lexiaTitle>
  </p0826-teimww:lexia>
  <p0826-teimww:lexia id="ww_3dc66031ad6b7378">
    <knoraXmlImport:label>L: The Master, the </knoraXmlImport:label>
    <p0826-teimww:lexiaInternalId knoraType="richtext_value">#004055</p0826-teimww:lexiaInternalId>
    <p0826-teimww:lexiaTitle knoraType="richtext_value">The Master, the swabber</p0826-teimww:lexiaTitle>
  </p0826-teimww:lexia>
  <p0826-teimww:lexia id="ww_e2a4b552d1f0837e">
    <knoraXmlImport:label>L: Where the bee su</knoraXmlImport:label>
    <p0826-teimww:lexiaInternalId knoraType="richtext_value">#004078</p0826-teimww:lexiaInternalId>
    <p0826-teimww:lexiaTitle knoraType="richtext_value">Where the bee sucks</p0826-teimww:lexiaTitle>
  </p0826-teimww:lexia>
  <p0826-teimww:lexia id="ww_1e8ce323990ff0b0">
    <knoraXmlImport:label>L: What is Silvia</knoraXmlImport:label>
    <p0826-teimww:lexiaInternalId knoraType="richtext_value">#004056</p0826-teimww:lexiaInternalId>
    <p0826-teimww:lexiaTitle knoraType="richtext_value">What is Silvia</p0826-teimww:lexiaTitle>
  </p0826-teimww:lexia>
  <p0826-teimww:lexia id="ww_45d5224e5970ba62">
    <knoraXmlImport:label>L: You spotted snak</knoraXmlImport:label>
    <p0826-teimww:lexiaInternalId knoraType="richtext_value">#004057</p0826-teimww:lexiaInternalId>
    <p0826-teimww:lexiaTitle knoraType="richtext_value">You spotted snakes</p0826-teimww:lexiaTitle>
  </p0826-teimww:lexia>
  <p0826-teimww:lexia id="ww_49cb456ade169fef">
    <knoraXmlImport:label>L: Tell me where is</knoraXmlImport:label>
    <p0826-teimww:lexiaInternalId knoraType="richtext_value">#004058</p0826-teimww:lexiaInternalId>
    <p0826-teimww:lexiaTitle knoraType="richtext_value">Tell me where is fancy</p0826-teimww:lexiaTitle>
  </p0826-teimww:lexia>
  <p0826-teimww:lexia id="ww_f4d88f44fa3b6e7e">
    <knoraXmlImport:label>L: You that choose </knoraXmlImport:label>
    <p0826-teimww:lexiaInternalId knoraType="richtext_value">#004075</p0826-teimww:lexiaInternalId>
    <p0826-teimww:lexiaTitle knoraType="richtext_value">You that choose not</p0826-teimww:lexiaTitle>
  </p0826-teimww:lexia>
  <p0826-teimww:lexia id="ww_4386c4ccf5f7fa0f">
    <knoraXmlImport:label>L: Under the greenw</knoraXmlImport:label>
    <p0826-teimww:lexiaInternalId knoraType="richtext_value">#004059</p0826-teimww:lexiaInternalId>
    <p0826-teimww:lexiaTitle knoraType="richtext_value">Under the greenwood tree</p0826-teimww:lexiaTitle>
  </p0826-teimww:lexia>
  <p0826-teimww:lexia id="ww_be273a43a12d66f5">
    <knoraXmlImport:label>L: What shall he ha</knoraXmlImport:label>
    <p0826-teimww:lexiaInternalId knoraType="richtext_value">#004060</p0826-teimww:lexiaInternalId>
    <p0826-teimww:lexiaTitle knoraType="richtext_value">What shall he have</p0826-teimww:lexiaTitle>
  </p0826-teimww:lexia>
  <p0826-teimww:lexia id="ww_6f879a8610ab6e78">
    <knoraXmlImport:label>L: Wedding is great</knoraXmlImport:label>
    <p0826-teimww:lexiaInternalId knoraType="richtext_value">#004061</p0826-teimww:lexiaInternalId>
    <p0826-teimww:lexiaTitle knoraType="richtext_value">Wedding is greats Junos</p0826-teimww:lexiaTitle>
  </p0826-teimww:lexia>
  <p0826-teimww:lexia id="ww_a48131571fb80596">
    <knoraXmlImport:label>L: When daisies pie</knoraXmlImport:label>
    <p0826-teimww:lexiaInternalId knoraType="richtext_value">#004062</p0826-teimww:lexiaInternalId>
    <p0826-teimww:lexiaTitle knoraType="richtext_value">When daisies pied</p0826-teimww:lexiaTitle>
  </p0826-teimww:lexia>
  <p0826-teimww:lexia id="ww_6946be90f7476610">
    <knoraXmlImport:label>L: When icicles han</knoraXmlImport:label>
    <p0826-teimww:lexiaInternalId knoraType="richtext_value">#004063</p0826-teimww:lexiaInternalId>
    <p0826-teimww:lexiaTitle knoraType="richtext_value">When icicles hang</p0826-teimww:lexiaTitle>
  </p0826-teimww:lexia>
  <p0826-teimww:lexia id="ww_81d0ab5669277cd0">
    <knoraXmlImport:label>L: Take o take thos</knoraXmlImport:label>
    <p0826-teimww:lexiaInternalId knoraType="richtext_value">#004064</p0826-teimww:lexiaInternalId>
    <p0826-teimww:lexiaTitle knoraType="richtext_value">Take o take those lips away</p0826-teimww:lexiaTitle>
  </p0826-teimww:lexia>
  <p0826-teimww:lexia id="ww_077662e646a9216f">
    <knoraXmlImport:label>L: Sigh no more lad</knoraXmlImport:label>
    <p0826-teimww:lexiaInternalId knoraType="richtext_value">#004065</p0826-teimww:lexiaInternalId>
    <p0826-teimww:lexiaTitle knoraType="richtext_value">Sigh no more ladies</p0826-teimww:lexiaTitle>
  </p0826-teimww:lexia>
  <p0826-teimww:lexia id="ww_8f35b250b876ee15">
    <knoraXmlImport:label>L: Lawn as white as</knoraXmlImport:label>
    <p0826-teimww:lexiaInternalId knoraType="richtext_value">#004066</p0826-teimww:lexiaInternalId>
    <p0826-teimww:lexiaTitle knoraType="richtext_value">Lawn as white as the driven snow</p0826-teimww:lexiaTitle>
  </p0826-teimww:lexia>
  <p0826-teimww:lexia id="ww_163a70a06f58d21e">
    <knoraXmlImport:label>L: Fear no more the</knoraXmlImport:label>
    <p0826-teimww:lexiaInternalId knoraType="richtext_value">#004067</p0826-teimww:lexiaInternalId>
    <p0826-teimww:lexiaTitle knoraType="richtext_value">Fear no more the heat</p0826-teimww:lexiaTitle>
  </p0826-teimww:lexia>
  <p0826-teimww:lexia id="ww_ad4929724fd917e6">
    <knoraXmlImport:label>L: Prince in disgui</knoraXmlImport:label>
    <p0826-teimww:lexiaInternalId knoraType="richtext_value">#004104</p0826-teimww:lexiaInternalId>
    <p0826-teimww:lexiaTitle knoraType="richtext_value">Prince in disguise spies on unruly people</p0826-teimww:lexiaTitle>
  </p0826-teimww:lexia>
</knoraXmlImport:resources>
