<?xml version='1.0' encoding='utf-8'?>
<knoraXmlImport:resources xmlns:knoraXmlImport="http://api.knora.org/ontology/knoraXmlImport/v1#" xmlns:p0826-teimww="http://api.knora.org/ontology/0826/teimww/xml-import/v1#" xmlns:xsi="http://www.w3.org/2001/XMLSchema-instance" xmlns="http://api.knora.org/ontology/0826/teimww/xml-import/v1#">
  <p0826-teimww:person id="ww_212c78497ddc32c5">
    <knoraXmlImport:label>person label</knoraXmlImport:label>
    <p0826-teimww:firstName knoraType="richtext_value">_</p0826-teimww:firstName>
    <p0826-teimww:hasSex knoraType="hlist_value">http://rdfh.ch/lists/0826/4nzvm_dgTZuKqNJnObpg0Q</p0826-teimww:hasSex>
    <p0826-teimww:lastName knoraType="richtext_value">0_Anon</p0826-teimww:lastName>
  </p0826-teimww:person>
  <p0826-teimww:person id="ww_cb891a49cd7b3fb7">
    <knoraXmlImport:label>person label</knoraXmlImport:label>
    <p0826-teimww:birthDate knoraType="date_value">GREGORIAN:1729</p0826-teimww:birthDate>
    <p0826-teimww:deathDate knoraType="date_value">GREGORIAN:1811</p0826-teimww:deathDate>
    <p0826-teimww:description knoraType="richtext_value">English bishop and scholar</p0826-teimww:description>
    <p0826-teimww:firstName knoraType="richtext_value">Thomas</p0826-teimww:firstName>
    <p0826-teimww:hasSex knoraType="hlist_value">http://rdfh.ch/lists/0826/4nzvm_dgTZuKqNJnObpg0Q</p0826-teimww:hasSex>
    <p0826-teimww:lastName knoraType="richtext_value">Percy</p0826-teimww:lastName>
  </p0826-teimww:person>
  <p0826-teimww:person id="ww_b417c05f2f7d59f9">
    <knoraXmlImport:label>person label</knoraXmlImport:label>
    <p0826-teimww:birthDate knoraType="date_value">GREGORIAN:1931</p0826-teimww:birthDate>
    <p0826-teimww:deathDate knoraType="date_value">GREGORIAN:2009</p0826-teimww:deathDate>
    <p0826-teimww:description knoraType="richtext_value">U.S. scholar</p0826-teimww:description>
    <p0826-teimww:firstName knoraType="richtext_value">Naseeb Azeez</p0826-teimww:firstName>
    <p0826-teimww:hasSex knoraType="hlist_value">http://rdfh.ch/lists/0826/4nzvm_dgTZuKqNJnObpg0Q</p0826-teimww:hasSex>
    <p0826-teimww:lastName knoraType="richtext_value">Shaheen</p0826-teimww:lastName>
  </p0826-teimww:person>
  <p0826-teimww:person id="ww_394742d5146e6fd1">
    <knoraXmlImport:label>person label</knoraXmlImport:label>
    <p0826-teimww:deathDate knoraType="date_value">GREGORIAN:1388</p0826-teimww:deathDate>
    <p0826-teimww:description knoraType="richtext_value">English writer</p0826-teimww:description>
    <p0826-teimww:firstName knoraType="richtext_value">Thomas</p0826-teimww:firstName>
    <p0826-teimww:hasSex knoraType="hlist_value">http://rdfh.ch/lists/0826/4nzvm_dgTZuKqNJnObpg0Q</p0826-teimww:hasSex>
    <p0826-teimww:lastName knoraType="richtext_value">Usk</p0826-teimww:lastName>
  </p0826-teimww:person>
  <p0826-teimww:person id="ww_4aad8076b21701ae">
    <knoraXmlImport:label>person label</knoraXmlImport:label>
    <p0826-teimww:activeDate knoraType="date_value">GREGORIAN:1953</p0826-teimww:activeDate>
    <p0826-teimww:description knoraType="richtext_value">English (?) scholar</p0826-teimww:description>
    <p0826-teimww:firstName knoraType="richtext_value">Arnold</p0826-teimww:firstName>
    <p0826-teimww:hasSex knoraType="hlist_value">http://rdfh.ch/lists/0826/4nzvm_dgTZuKqNJnObpg0Q</p0826-teimww:hasSex>
    <p0826-teimww:lastName knoraType="richtext_value">Davenport</p0826-teimww:lastName>
  </p0826-teimww:person>
  <p0826-teimww:person id="ww_8448eedbac0df7d9">
    <knoraXmlImport:label>person label</knoraXmlImport:label>
    <p0826-teimww:firstName knoraType="richtext_value">Sayre</p0826-teimww:firstName>
    <p0826-teimww:hasSex knoraType="hlist_value">http://rdfh.ch/lists/0826/4nzvm_dgTZuKqNJnObpg0Q</p0826-teimww:hasSex>
    <p0826-teimww:lastName knoraType="richtext_value">Greenfield</p0826-teimww:lastName>
  </p0826-teimww:person>
  <p0826-teimww:person id="ww_830c5cd6a3a44ca4">
    <knoraXmlImport:label>person label</knoraXmlImport:label>
    <p0826-teimww:birthDate knoraType="date_value">GREGORIAN:1343</p0826-teimww:birthDate>
    <p0826-teimww:deathDate knoraType="date_value">GREGORIAN:1400</p0826-teimww:deathDate>
    <p0826-teimww:description knoraType="richtext_value">English poet  #007005</p0826-teimww:description>
    <p0826-teimww:firstName knoraType="richtext_value">Geoffrey</p0826-teimww:firstName>
    <p0826-teimww:hasSex knoraType="hlist_value">http://rdfh.ch/lists/0826/4nzvm_dgTZuKqNJnObpg0Q</p0826-teimww:hasSex>
    <p0826-teimww:lastName knoraType="richtext_value">Chaucer</p0826-teimww:lastName>
  </p0826-teimww:person>
  <p0826-teimww:person id="ww_13695de2bd4043e0">
    <knoraXmlImport:label>person label</knoraXmlImport:label>
    <p0826-teimww:deathDate knoraType="date_value">GREGORIAN:1470</p0826-teimww:deathDate>
    <p0826-teimww:description knoraType="richtext_value">English priest</p0826-teimww:description>
    <p0826-teimww:firstName knoraType="richtext_value">Henry</p0826-teimww:firstName>
    <p0826-teimww:hasSex knoraType="hlist_value">http://rdfh.ch/lists/0826/4nzvm_dgTZuKqNJnObpg0Q</p0826-teimww:hasSex>
    <p0826-teimww:lastName knoraType="richtext_value">Parker</p0826-teimww:lastName>
  </p0826-teimww:person>
  <p0826-teimww:person id="ww_bff81a320b8342f4">
    <knoraXmlImport:label>person label</knoraXmlImport:label>
    <p0826-teimww:birthDate knoraType="date_value">GREGORIAN:1510</p0826-teimww:birthDate>
    <p0826-teimww:deathDate knoraType="date_value">GREGORIAN:1556</p0826-teimww:deathDate>
    <p0826-teimww:description knoraType="richtext_value">English poet</p0826-teimww:description>
    <p0826-teimww:firstName knoraType="richtext_value">Thomas, Lord</p0826-teimww:firstName>
    <p0826-teimww:hasSex knoraType="hlist_value">http://rdfh.ch/lists/0826/4nzvm_dgTZuKqNJnObpg0Q</p0826-teimww:hasSex>
    <p0826-teimww:lastName knoraType="richtext_value">Vaux</p0826-teimww:lastName>
  </p0826-teimww:person>
  <p0826-teimww:person id="ww_09f98d06c0bf228a">
    <knoraXmlImport:label>person label</knoraXmlImport:label>
    <p0826-teimww:activeDate knoraType="date_value">GREGORIAN:1969</p0826-teimww:activeDate>
    <p0826-teimww:description knoraType="richtext_value">Australian academic -</p0826-teimww:description>
    <p0826-teimww:firstName knoraType="richtext_value">Graham</p0826-teimww:firstName>
    <p0826-teimww:hasSex knoraType="hlist_value">http://rdfh.ch/lists/0826/4nzvm_dgTZuKqNJnObpg0Q</p0826-teimww:hasSex>
    <p0826-teimww:lastName knoraType="richtext_value">Tulloch</p0826-teimww:lastName>
  </p0826-teimww:person>
  <p0826-teimww:person id="ww_59ff380c6e105e8e">
    <knoraXmlImport:label>person label</knoraXmlImport:label>
    <p0826-teimww:firstName knoraType="richtext_value">G. R.</p0826-teimww:firstName>
    <p0826-teimww:hasSex knoraType="hlist_value">http://rdfh.ch/lists/0826/4nzvm_dgTZuKqNJnObpg0Q</p0826-teimww:hasSex>
    <p0826-teimww:lastName knoraType="richtext_value">Hibbard</p0826-teimww:lastName>
  </p0826-teimww:person>
  <p0826-teimww:person id="ww_6c137d4b04e9cbc4">
    <knoraXmlImport:label>person label</knoraXmlImport:label>
    <p0826-teimww:activeDate knoraType="date_value">GREGORIAN:1904</p0826-teimww:activeDate>
    <p0826-teimww:description knoraType="richtext_value">German scholar</p0826-teimww:description>
    <p0826-teimww:firstName knoraType="richtext_value">Heinrich R. D.</p0826-teimww:firstName>
    <p0826-teimww:hasSex knoraType="hlist_value">http://rdfh.ch/lists/0826/4nzvm_dgTZuKqNJnObpg0Q</p0826-teimww:hasSex>
    <p0826-teimww:lastName knoraType="richtext_value">Anders</p0826-teimww:lastName>
  </p0826-teimww:person>
  <p0826-teimww:person id="ww_e6402f521ef2ee6e">
    <knoraXmlImport:label>person label</knoraXmlImport:label>
    <p0826-teimww:activeDate knoraType="date_value">GREGORIAN:1931</p0826-teimww:activeDate>
    <p0826-teimww:description knoraType="richtext_value">English (?) scholar</p0826-teimww:description>
    <p0826-teimww:firstName knoraType="richtext_value">George</p0826-teimww:firstName>
    <p0826-teimww:hasSex knoraType="hlist_value">http://rdfh.ch/lists/0826/4nzvm_dgTZuKqNJnObpg0Q</p0826-teimww:hasSex>
    <p0826-teimww:lastName knoraType="richtext_value">Kitchin</p0826-teimww:lastName>
  </p0826-teimww:person>
  <p0826-teimww:person id="ww_42eb905bc6e4053a">
    <knoraXmlImport:label>person label</knoraXmlImport:label>
    <p0826-teimww:birthDate knoraType="date_value">GREGORIAN:1538:1542</p0826-teimww:birthDate>
    <p0826-teimww:deathDate knoraType="date_value">GREGORIAN:1594</p0826-teimww:deathDate>
    <p0826-teimww:description knoraType="richtext_value">English writer</p0826-teimww:description>
    <p0826-teimww:firstName knoraType="richtext_value">William</p0826-teimww:firstName>
    <p0826-teimww:hasSex knoraType="hlist_value">http://rdfh.ch/lists/0826/4nzvm_dgTZuKqNJnObpg0Q</p0826-teimww:hasSex>
    <p0826-teimww:lastName knoraType="richtext_value">Painter</p0826-teimww:lastName>
  </p0826-teimww:person>
  <p0826-teimww:person id="ww_17923856f3fcac86">
    <knoraXmlImport:label>person label</knoraXmlImport:label>
    <p0826-teimww:birthDate knoraType="date_value">GREGORIAN:1518</p0826-teimww:birthDate>
    <p0826-teimww:deathDate knoraType="date_value">GREGORIAN:1562:1564</p0826-teimww:deathDate>
    <p0826-teimww:description knoraType="richtext_value">English anthologist</p0826-teimww:description>
    <p0826-teimww:firstName knoraType="richtext_value">William</p0826-teimww:firstName>
    <p0826-teimww:hasSex knoraType="hlist_value">http://rdfh.ch/lists/0826/4nzvm_dgTZuKqNJnObpg0Q</p0826-teimww:hasSex>
    <p0826-teimww:lastName knoraType="richtext_value">Baldwin</p0826-teimww:lastName>
  </p0826-teimww:person>
  <p0826-teimww:person id="ww_00a3ea8b5afeaa37">
    <knoraXmlImport:label>person label</knoraXmlImport:label>
    <p0826-teimww:birthDate knoraType="date_value">GREGORIAN:1890</p0826-teimww:birthDate>
    <p0826-teimww:deathDate knoraType="date_value">GREGORIAN:1984</p0826-teimww:deathDate>
    <p0826-teimww:description knoraType="richtext_value">U.S. scholar</p0826-teimww:description>
    <p0826-teimww:firstName knoraType="richtext_value">Thomas Whitfield</p0826-teimww:firstName>
    <p0826-teimww:hasSex knoraType="hlist_value">http://rdfh.ch/lists/0826/4nzvm_dgTZuKqNJnObpg0Q</p0826-teimww:hasSex>
    <p0826-teimww:lastName knoraType="richtext_value">Baldwin</p0826-teimww:lastName>
  </p0826-teimww:person>
  <p0826-teimww:person id="ww_4d46ba6d44081aae">
    <knoraXmlImport:label>person label</knoraXmlImport:label>
    <p0826-teimww:deathDate knoraType="date_value">GREGORIAN:1606</p0826-teimww:deathDate>
    <p0826-teimww:description knoraType="richtext_value">English merchant and translator</p0826-teimww:description>
    <p0826-teimww:firstName knoraType="richtext_value">Sir Henry</p0826-teimww:firstName>
    <p0826-teimww:hasSex knoraType="hlist_value">http://rdfh.ch/lists/0826/4nzvm_dgTZuKqNJnObpg0Q</p0826-teimww:hasSex>
    <p0826-teimww:lastName knoraType="richtext_value">Billingsley</p0826-teimww:lastName>
  </p0826-teimww:person>
  <p0826-teimww:person id="ww_93393d7338f8a258">
    <knoraXmlImport:label>person label</knoraXmlImport:label>
    <p0826-teimww:activeDate knoraType="date_value">GREGORIAN:1594</p0826-teimww:activeDate>
    <p0826-teimww:description knoraType="richtext_value">English translator</p0826-teimww:description>
    <p0826-teimww:firstName knoraType="richtext_value">Laurence</p0826-teimww:firstName>
    <p0826-teimww:hasSex knoraType="hlist_value">http://rdfh.ch/lists/0826/4nzvm_dgTZuKqNJnObpg0Q</p0826-teimww:hasSex>
    <p0826-teimww:lastName knoraType="richtext_value">Twyne</p0826-teimww:lastName>
  </p0826-teimww:person>
  <p0826-teimww:person id="ww_a5663d4a9069f35d">
    <knoraXmlImport:label>person label</knoraXmlImport:label>
    <p0826-teimww:birthDate knoraType="date_value">GREGORIAN:1543</p0826-teimww:birthDate>
    <p0826-teimww:deathDate knoraType="date_value">GREGORIAN:1613</p0826-teimww:deathDate>
    <p0826-teimww:description knoraType="richtext_value">English translator</p0826-teimww:description>
    <p0826-teimww:firstName knoraType="richtext_value">Thomas</p0826-teimww:firstName>
    <p0826-teimww:hasSex knoraType="hlist_value">http://rdfh.ch/lists/0826/4nzvm_dgTZuKqNJnObpg0Q</p0826-teimww:hasSex>
    <p0826-teimww:lastName knoraType="richtext_value">Twyne</p0826-teimww:lastName>
  </p0826-teimww:person>
  <p0826-teimww:person id="ww_20c2963f1665d325">
    <knoraXmlImport:label>person label</knoraXmlImport:label>
    <p0826-teimww:birthDate knoraType="date_value">GREGORIAN:1522</p0826-teimww:birthDate>
    <p0826-teimww:deathDate knoraType="date_value">GREGORIAN:1571</p0826-teimww:deathDate>
    <p0826-teimww:description knoraType="richtext_value">English priest</p0826-teimww:description>
    <p0826-teimww:firstName knoraType="richtext_value">John</p0826-teimww:firstName>
    <p0826-teimww:hasSex knoraType="hlist_value">http://rdfh.ch/lists/0826/4nzvm_dgTZuKqNJnObpg0Q</p0826-teimww:hasSex>
    <p0826-teimww:lastName knoraType="richtext_value">Jewel</p0826-teimww:lastName>
  </p0826-teimww:person>
  <p0826-teimww:person id="ww_1560a0ef495e2c1a">
    <knoraXmlImport:label>person label</knoraXmlImport:label>
    <p0826-teimww:activeDate knoraType="date_value">GREGORIAN:1975:1987</p0826-teimww:activeDate>
    <p0826-teimww:description knoraType="richtext_value">U.S. (?) scholar</p0826-teimww:description>
    <p0826-teimww:firstName knoraType="richtext_value">Lawrence</p0826-teimww:firstName>
    <p0826-teimww:hasSex knoraType="hlist_value">http://rdfh.ch/lists/0826/4nzvm_dgTZuKqNJnObpg0Q</p0826-teimww:hasSex>
    <p0826-teimww:lastName knoraType="richtext_value">Rosinger</p0826-teimww:lastName>
  </p0826-teimww:person>
  <p0826-teimww:person id="ww_8110581a51ac8d0a">
    <knoraXmlImport:label>person label</knoraXmlImport:label>
    <p0826-teimww:birthDate knoraType="date_value">GREGORIAN:1530:1533</p0826-teimww:birthDate>
    <p0826-teimww:deathDate knoraType="date_value">GREGORIAN:1604</p0826-teimww:deathDate>
    <p0826-teimww:description knoraType="richtext_value">Archbishop of Canterbury</p0826-teimww:description>
    <p0826-teimww:firstName knoraType="richtext_value">John</p0826-teimww:firstName>
    <p0826-teimww:hasSex knoraType="hlist_value">http://rdfh.ch/lists/0826/4nzvm_dgTZuKqNJnObpg0Q</p0826-teimww:hasSex>
    <p0826-teimww:lastName knoraType="richtext_value">Whitgift</p0826-teimww:lastName>
  </p0826-teimww:person>
  <p0826-teimww:person id="ww_0e82de631d672dcc">
    <knoraXmlImport:label>person label</knoraXmlImport:label>
    <p0826-teimww:deathDate knoraType="date_value">GREGORIAN:1584</p0826-teimww:deathDate>
    <p0826-teimww:description knoraType="richtext_value">English rhetorician</p0826-teimww:description>
    <p0826-teimww:firstName knoraType="richtext_value">Ralph</p0826-teimww:firstName>
    <p0826-teimww:hasSex knoraType="hlist_value">http://rdfh.ch/lists/0826/4nzvm_dgTZuKqNJnObpg0Q</p0826-teimww:hasSex>
    <p0826-teimww:lastName knoraType="richtext_value">Lever</p0826-teimww:lastName>
  </p0826-teimww:person>
  <p0826-teimww:person id="ww_196b962a617afbbd">
    <knoraXmlImport:label>person label</knoraXmlImport:label>
    <p0826-teimww:birthDate knoraType="date_value">GREGORIAN:1950:1959</p0826-teimww:birthDate>
    <p0826-teimww:description knoraType="richtext_value">British-born U.S. academic</p0826-teimww:description>
    <p0826-teimww:firstName knoraType="richtext_value">Peter</p0826-teimww:firstName>
    <p0826-teimww:hasSex knoraType="hlist_value">http://rdfh.ch/lists/0826/4nzvm_dgTZuKqNJnObpg0Q</p0826-teimww:hasSex>
    <p0826-teimww:lastName knoraType="richtext_value">Stallybrass</p0826-teimww:lastName>
  </p0826-teimww:person>
  <p0826-teimww:person id="ww_9ffeb7ca95cd18da">
    <knoraXmlImport:label>person label</knoraXmlImport:label>
    <p0826-teimww:deathDate knoraType="date_value">GREGORIAN:1616</p0826-teimww:deathDate>
    <p0826-teimww:description knoraType="richtext_value">English  theologian and translator</p0826-teimww:description>
    <p0826-teimww:firstName knoraType="richtext_value">Thomas</p0826-teimww:firstName>
    <p0826-teimww:hasSex knoraType="hlist_value">http://rdfh.ch/lists/0826/4nzvm_dgTZuKqNJnObpg0Q</p0826-teimww:hasSex>
    <p0826-teimww:lastName knoraType="richtext_value">Rogers</p0826-teimww:lastName>
  </p0826-teimww:person>
  <p0826-teimww:person id="ww_61ea5c613f71ac23">
    <knoraXmlImport:label>person label</knoraXmlImport:label>
    <p0826-teimww:activeDate knoraType="date_value">GREGORIAN:1578</p0826-teimww:activeDate>
    <p0826-teimww:description knoraType="richtext_value">English poet</p0826-teimww:description>
    <p0826-teimww:firstName knoraType="richtext_value">Thomas</p0826-teimww:firstName>
    <p0826-teimww:hasSex knoraType="hlist_value">http://rdfh.ch/lists/0826/4nzvm_dgTZuKqNJnObpg0Q</p0826-teimww:hasSex>
    <p0826-teimww:lastName knoraType="richtext_value">Proctor</p0826-teimww:lastName>
  </p0826-teimww:person>
  <p0826-teimww:person id="ww_4b2c2c667ace067b">
    <knoraXmlImport:label>person label</knoraXmlImport:label>
    <p0826-teimww:deathDate knoraType="date_value">GREGORIAN:1577</p0826-teimww:deathDate>
    <p0826-teimww:description knoraType="richtext_value">English theological writer</p0826-teimww:description>
    <p0826-teimww:firstName knoraType="richtext_value">Henry</p0826-teimww:firstName>
    <p0826-teimww:hasSex knoraType="hlist_value">http://rdfh.ch/lists/0826/4nzvm_dgTZuKqNJnObpg0Q</p0826-teimww:hasSex>
    <p0826-teimww:lastName knoraType="richtext_value">Bull</p0826-teimww:lastName>
  </p0826-teimww:person>
  <p0826-teimww:person id="ww_63d5fe36ffac5d32">
    <knoraXmlImport:label>person label</knoraXmlImport:label>
    <p0826-teimww:birthDate knoraType="date_value">GREGORIAN:1564</p0826-teimww:birthDate>
    <p0826-teimww:deathDate knoraType="date_value">GREGORIAN:1593</p0826-teimww:deathDate>
    <p0826-teimww:description knoraType="richtext_value">English poet, dramatist and translator</p0826-teimww:description>
    <p0826-teimww:firstName knoraType="richtext_value">Christopher</p0826-teimww:firstName>
    <p0826-teimww:hasSex knoraType="hlist_value">http://rdfh.ch/lists/0826/4nzvm_dgTZuKqNJnObpg0Q</p0826-teimww:hasSex>
    <p0826-teimww:lastName knoraType="richtext_value">Marlowe</p0826-teimww:lastName>
  </p0826-teimww:person>
  <p0826-teimww:person id="ww_d2baadbb11f92d24">
    <knoraXmlImport:label>person label</knoraXmlImport:label>
    <p0826-teimww:firstName knoraType="richtext_value">Donna M.</p0826-teimww:firstName>
    <p0826-teimww:hasSex knoraType="hlist_value">http://rdfh.ch/lists/0826/4nzvm_dgTZuKqNJnObpg0Q</p0826-teimww:hasSex>
    <p0826-teimww:lastName knoraType="richtext_value">Murphy</p0826-teimww:lastName>
  </p0826-teimww:person>
  <p0826-teimww:person id="ww_7468c79b15d734b3">
    <knoraXmlImport:label>person label</knoraXmlImport:label>
    <p0826-teimww:birthDate knoraType="date_value">GREGORIAN:1556</p0826-teimww:birthDate>
    <p0826-teimww:deathDate knoraType="date_value">GREGORIAN:1596</p0826-teimww:deathDate>
    <p0826-teimww:description knoraType="richtext_value">English translator, poet and dramatist</p0826-teimww:description>
    <p0826-teimww:firstName knoraType="richtext_value">George</p0826-teimww:firstName>
    <p0826-teimww:hasSex knoraType="hlist_value">http://rdfh.ch/lists/0826/4nzvm_dgTZuKqNJnObpg0Q</p0826-teimww:hasSex>
    <p0826-teimww:lastName knoraType="richtext_value">Peele</p0826-teimww:lastName>
  </p0826-teimww:person>
  <p0826-teimww:person id="ww_904a3011a92fb67c">
    <knoraXmlImport:label>person label</knoraXmlImport:label>
    <p0826-teimww:firstName knoraType="richtext_value">Charles</p0826-teimww:firstName>
    <p0826-teimww:hasSex knoraType="hlist_value">http://rdfh.ch/lists/0826/4nzvm_dgTZuKqNJnObpg0Q</p0826-teimww:hasSex>
    <p0826-teimww:lastName knoraType="richtext_value">Edelman</p0826-teimww:lastName>
  </p0826-teimww:person>
  <p0826-teimww:person id="ww_4a2611f5113afb89">
    <knoraXmlImport:label>person label</knoraXmlImport:label>
    <p0826-teimww:activeDate knoraType="date_value">GREGORIAN:1908</p0826-teimww:activeDate>
    <p0826-teimww:description knoraType="richtext_value">German (?) scholar</p0826-teimww:description>
    <p0826-teimww:firstName knoraType="richtext_value">Hermann</p0826-teimww:firstName>
    <p0826-teimww:hasSex knoraType="hlist_value">http://rdfh.ch/lists/0826/4nzvm_dgTZuKqNJnObpg0Q</p0826-teimww:hasSex>
    <p0826-teimww:lastName knoraType="richtext_value">Voigt</p0826-teimww:lastName>
  </p0826-teimww:person>
  <p0826-teimww:person id="ww_66491a37dd339103">
    <knoraXmlImport:label>person label</knoraXmlImport:label>
    <p0826-teimww:birthDate knoraType="date_value">GREGORIAN:1922</p0826-teimww:birthDate>
    <p0826-teimww:deathDate knoraType="date_value">GREGORIAN:1972</p0826-teimww:deathDate>
    <p0826-teimww:description knoraType="richtext_value">U.S. scholar</p0826-teimww:description>
    <p0826-teimww:firstName knoraType="richtext_value">Irving</p0826-teimww:firstName>
    <p0826-teimww:hasSex knoraType="hlist_value">http://rdfh.ch/lists/0826/4nzvm_dgTZuKqNJnObpg0Q</p0826-teimww:hasSex>
    <p0826-teimww:lastName knoraType="richtext_value">Ribner</p0826-teimww:lastName>
  </p0826-teimww:person>
  <p0826-teimww:person id="ww_40af4fdaa8bf7a1d">
    <knoraXmlImport:label>person label</knoraXmlImport:label>
    <p0826-teimww:activeDate knoraType="date_value">GREGORIAN:1933</p0826-teimww:activeDate>
    <p0826-teimww:description knoraType="richtext_value">English (?) scholar</p0826-teimww:description>
    <p0826-teimww:firstName knoraType="richtext_value">H. B.</p0826-teimww:firstName>
    <p0826-teimww:hasSex knoraType="hlist_value">http://rdfh.ch/lists/0826/4nzvm_dgTZuKqNJnObpg0Q</p0826-teimww:hasSex>
    <p0826-teimww:lastName knoraType="richtext_value">Charlton</p0826-teimww:lastName>
  </p0826-teimww:person>
  <p0826-teimww:person id="ww_30995ab4792b9a3f">
    <knoraXmlImport:label>person label</knoraXmlImport:label>
    <p0826-teimww:activeDate knoraType="date_value">GREGORIAN:1933</p0826-teimww:activeDate>
    <p0826-teimww:description knoraType="richtext_value">English (?) scholar</p0826-teimww:description>
    <p0826-teimww:firstName knoraType="richtext_value">R. D.</p0826-teimww:firstName>
    <p0826-teimww:hasSex knoraType="hlist_value">http://rdfh.ch/lists/0826/4nzvm_dgTZuKqNJnObpg0Q</p0826-teimww:hasSex>
    <p0826-teimww:lastName knoraType="richtext_value">Waller</p0826-teimww:lastName>
  </p0826-teimww:person>
  <p0826-teimww:person id="ww_fb2f6ac664533d01">
    <knoraXmlImport:label>person label</knoraXmlImport:label>
    <p0826-teimww:birthDate knoraType="date_value">GREGORIAN:1552</p0826-teimww:birthDate>
    <p0826-teimww:deathDate knoraType="date_value">GREGORIAN:1599</p0826-teimww:deathDate>
    <p0826-teimww:description knoraType="richtext_value">English poet</p0826-teimww:description>
    <p0826-teimww:firstName knoraType="richtext_value">Edmund</p0826-teimww:firstName>
    <p0826-teimww:hasSex knoraType="hlist_value">http://rdfh.ch/lists/0826/4nzvm_dgTZuKqNJnObpg0Q</p0826-teimww:hasSex>
    <p0826-teimww:lastName knoraType="richtext_value">Spenser</p0826-teimww:lastName>
  </p0826-teimww:person>
  <p0826-teimww:person id="ww_e50a603b67ab7672">
    <knoraXmlImport:label>person label</knoraXmlImport:label>
    <p0826-teimww:activeDate knoraType="date_value">GREGORIAN:1923:1963</p0826-teimww:activeDate>
    <p0826-teimww:description knoraType="richtext_value">U.S. (?) scholar</p0826-teimww:description>
    <p0826-teimww:firstName knoraType="richtext_value">Abbie Findlay</p0826-teimww:firstName>
    <p0826-teimww:hasSex knoraType="hlist_value">http://rdfh.ch/lists/0826/4nzvm_dgTZuKqNJnObpg0Q</p0826-teimww:hasSex>
    <p0826-teimww:lastName knoraType="richtext_value">Potts</p0826-teimww:lastName>
  </p0826-teimww:person>
  <p0826-teimww:person id="ww_684176b58bc762f6">
    <knoraXmlImport:label>person label</knoraXmlImport:label>
    <p0826-teimww:birthDate knoraType="date_value">GREGORIAN:1564</p0826-teimww:birthDate>
    <p0826-teimww:deathDate knoraType="date_value">GREGORIAN:1616</p0826-teimww:deathDate>
    <p0826-teimww:description knoraType="richtext_value">English dramatist and poet  #007000</p0826-teimww:description>
    <p0826-teimww:firstName knoraType="richtext_value">William</p0826-teimww:firstName>
    <p0826-teimww:hasSex knoraType="hlist_value">http://rdfh.ch/lists/0826/4nzvm_dgTZuKqNJnObpg0Q</p0826-teimww:hasSex>
    <p0826-teimww:lastName knoraType="richtext_value">Shakespeare</p0826-teimww:lastName>
  </p0826-teimww:person>
  <p0826-teimww:person id="ww_4c146e6d2ef23a03">
    <knoraXmlImport:label>person label</knoraXmlImport:label>
    <p0826-teimww:birthDate knoraType="date_value">GREGORIAN:1825</p0826-teimww:birthDate>
    <p0826-teimww:deathDate knoraType="date_value">GREGORIAN:1910</p0826-teimww:deathDate>
    <p0826-teimww:description knoraType="richtext_value">English scholar</p0826-teimww:description>
    <p0826-teimww:firstName knoraType="richtext_value">Frederick James</p0826-teimww:firstName>
    <p0826-teimww:hasSex knoraType="hlist_value">http://rdfh.ch/lists/0826/4nzvm_dgTZuKqNJnObpg0Q</p0826-teimww:hasSex>
    <p0826-teimww:lastName knoraType="richtext_value">Furnivall</p0826-teimww:lastName>
  </p0826-teimww:person>
  <p0826-teimww:person id="ww_a60ff4964db613ee">
    <knoraXmlImport:label>person label</knoraXmlImport:label>
    <p0826-teimww:activeDate knoraType="date_value">GREGORIAN:1909</p0826-teimww:activeDate>
    <p0826-teimww:description knoraType="richtext_value">English academic</p0826-teimww:description>
    <p0826-teimww:firstName knoraType="richtext_value">Clement Mansfield</p0826-teimww:firstName>
    <p0826-teimww:hasSex knoraType="hlist_value">http://rdfh.ch/lists/0826/4nzvm_dgTZuKqNJnObpg0Q</p0826-teimww:hasSex>
    <p0826-teimww:lastName knoraType="richtext_value">Ingleby</p0826-teimww:lastName>
  </p0826-teimww:person>
  <p0826-teimww:person id="ww_fb550941e6e9db62">
    <knoraXmlImport:label>person label</knoraXmlImport:label>
    <p0826-teimww:birthDate knoraType="date_value">GREGORIAN:1849</p0826-teimww:birthDate>
    <p0826-teimww:deathDate knoraType="date_value">GREGORIAN:1930</p0826-teimww:deathDate>
    <p0826-teimww:description knoraType="richtext_value">English academic</p0826-teimww:description>
    <p0826-teimww:firstName knoraType="richtext_value">John</p0826-teimww:firstName>
    <p0826-teimww:hasSex knoraType="hlist_value">http://rdfh.ch/lists/0826/4nzvm_dgTZuKqNJnObpg0Q</p0826-teimww:hasSex>
    <p0826-teimww:lastName knoraType="richtext_value">Munro</p0826-teimww:lastName>
  </p0826-teimww:person>
  <p0826-teimww:person id="ww_26c25538fa69a566">
    <knoraXmlImport:label>person label</knoraXmlImport:label>
    <p0826-teimww:firstName knoraType="richtext_value">Lucy Toulmin</p0826-teimww:firstName>
    <p0826-teimww:hasSex knoraType="hlist_value">http://rdfh.ch/lists/0826/4nzvm_dgTZuKqNJnObpg0Q</p0826-teimww:hasSex>
    <p0826-teimww:lastName knoraType="richtext_value">Smith</p0826-teimww:lastName>
  </p0826-teimww:person>
  <p0826-teimww:person id="ww_0989e07eda6de68c">
    <knoraXmlImport:label>person label</knoraXmlImport:label>
    <p0826-teimww:firstName knoraType="richtext_value">(female)</p0826-teimww:firstName>
    <p0826-teimww:hasSex knoraType="hlist_value">http://rdfh.ch/lists/0826/4nzvm_dgTZuKqNJnObpg0Q</p0826-teimww:hasSex>
    <p0826-teimww:lastName knoraType="richtext_value">0_Anon</p0826-teimww:lastName>
  </p0826-teimww:person>
  <p0826-teimww:person id="ww_d031de8fd298348b">
    <knoraXmlImport:label>person label</knoraXmlImport:label>
    <p0826-teimww:birthDate knoraType="date_value">GREGORIAN:1963:1965</p0826-teimww:birthDate>
    <p0826-teimww:description knoraType="richtext_value">English academic</p0826-teimww:description>
    <p0826-teimww:firstName knoraType="richtext_value">Colin</p0826-teimww:firstName>
    <p0826-teimww:hasSex knoraType="hlist_value">http://rdfh.ch/lists/0826/4nzvm_dgTZuKqNJnObpg0Q</p0826-teimww:hasSex>
    <p0826-teimww:lastName knoraType="richtext_value">Burrow</p0826-teimww:lastName>
  </p0826-teimww:person>
  <p0826-teimww:person id="ww_d20c9849f2078d70">
    <knoraXmlImport:label>person label</knoraXmlImport:label>
    <p0826-teimww:birthDate knoraType="date_value">GREGORIAN:1949</p0826-teimww:birthDate>
    <p0826-teimww:deathDate knoraType="date_value">GREGORIAN:1917</p0826-teimww:deathDate>
    <p0826-teimww:description knoraType="richtext_value">Canadian academic</p0826-teimww:description>
    <p0826-teimww:firstName knoraType="richtext_value">Reavley</p0826-teimww:firstName>
    <p0826-teimww:hasSex knoraType="hlist_value">http://rdfh.ch/lists/0826/4nzvm_dgTZuKqNJnObpg0Q</p0826-teimww:hasSex>
    <p0826-teimww:lastName knoraType="richtext_value">Gair</p0826-teimww:lastName>
  </p0826-teimww:person>
  <p0826-teimww:person id="ww_386448c09c02ba3f">
    <knoraXmlImport:label>person label</knoraXmlImport:label>
    <p0826-teimww:birthDate knoraType="date_value">GREGORIAN:1934</p0826-teimww:birthDate>
    <p0826-teimww:deathDate knoraType="date_value">GREGORIAN:2017</p0826-teimww:deathDate>
    <p0826-teimww:description knoraType="richtext_value">U.S. academic</p0826-teimww:description>
    <p0826-teimww:firstName knoraType="richtext_value">Barbara</p0826-teimww:firstName>
    <p0826-teimww:hasSex knoraType="hlist_value">http://rdfh.ch/lists/0826/4nzvm_dgTZuKqNJnObpg0Q</p0826-teimww:hasSex>
    <p0826-teimww:lastName knoraType="richtext_value">Mowat</p0826-teimww:lastName>
  </p0826-teimww:person>
  <p0826-teimww:person id="ww_4d01a832f50d804e">
    <knoraXmlImport:label>person label</knoraXmlImport:label>
    <p0826-teimww:firstName knoraType="richtext_value">Rebecca</p0826-teimww:firstName>
    <p0826-teimww:hasSex knoraType="hlist_value">http://rdfh.ch/lists/0826/4nzvm_dgTZuKqNJnObpg0Q</p0826-teimww:hasSex>
    <p0826-teimww:lastName knoraType="richtext_value">Niles</p0826-teimww:lastName>
  </p0826-teimww:person>
  <p0826-teimww:person id="ww_55f5e9f5fe14853f">
    <knoraXmlImport:label>person label</knoraXmlImport:label>
    <p0826-teimww:firstName knoraType="richtext_value">Michael</p0826-teimww:firstName>
    <p0826-teimww:hasSex knoraType="hlist_value">http://rdfh.ch/lists/0826/4nzvm_dgTZuKqNJnObpg0Q</p0826-teimww:hasSex>
    <p0826-teimww:lastName knoraType="richtext_value">Poston</p0826-teimww:lastName>
  </p0826-teimww:person>
  <p0826-teimww:person id="ww_c8fa0de8d0fc2fc4">
    <knoraXmlImport:label>person label</knoraXmlImport:label>
    <p0826-teimww:birthDate knoraType="date_value">GREGORIAN:1950:1952</p0826-teimww:birthDate>
    <p0826-teimww:description knoraType="richtext_value">U.S.-born Canadian academic</p0826-teimww:description>
    <p0826-teimww:firstName knoraType="richtext_value">Paul</p0826-teimww:firstName>
    <p0826-teimww:hasSex knoraType="hlist_value">http://rdfh.ch/lists/0826/4nzvm_dgTZuKqNJnObpg0Q</p0826-teimww:hasSex>
    <p0826-teimww:lastName knoraType="richtext_value">Werstine</p0826-teimww:lastName>
  </p0826-teimww:person>
  <p0826-teimww:person id="ww_3003e40f8d22b593">
    <knoraXmlImport:label>person label</knoraXmlImport:label>
    <p0826-teimww:activeDate knoraType="date_value">GREGORIAN:1966</p0826-teimww:activeDate>
    <p0826-teimww:description knoraType="richtext_value">English (?) scholar</p0826-teimww:description>
    <p0826-teimww:firstName knoraType="richtext_value">Lawrence J.</p0826-teimww:firstName>
    <p0826-teimww:hasSex knoraType="hlist_value">http://rdfh.ch/lists/0826/4nzvm_dgTZuKqNJnObpg0Q</p0826-teimww:hasSex>
    <p0826-teimww:lastName knoraType="richtext_value">Ross</p0826-teimww:lastName>
  </p0826-teimww:person>
  <p0826-teimww:person id="ww_71c35dc91de8b585">
    <knoraXmlImport:label>person label</knoraXmlImport:label>
    <p0826-teimww:birthDate knoraType="date_value">GREGORIAN:1852</p0826-teimww:birthDate>
    <p0826-teimww:deathDate knoraType="date_value">GREGORIAN:1915</p0826-teimww:deathDate>
    <p0826-teimww:description knoraType="richtext_value">German academic</p0826-teimww:description>
    <p0826-teimww:firstName knoraType="richtext_value">Emil</p0826-teimww:firstName>
    <p0826-teimww:hasSex knoraType="hlist_value">http://rdfh.ch/lists/0826/4nzvm_dgTZuKqNJnObpg0Q</p0826-teimww:hasSex>
    <p0826-teimww:lastName knoraType="richtext_value">Koeppel</p0826-teimww:lastName>
  </p0826-teimww:person>
  <p0826-teimww:person id="ww_a943388f673c7fa4">
    <knoraXmlImport:label>person label</knoraXmlImport:label>
    <p0826-teimww:activeDate knoraType="date_value">GREGORIAN:1934:1939</p0826-teimww:activeDate>
    <p0826-teimww:description knoraType="richtext_value">English (?) scholar</p0826-teimww:description>
    <p0826-teimww:firstName knoraType="richtext_value">Harvey</p0826-teimww:firstName>
    <p0826-teimww:hasSex knoraType="hlist_value">http://rdfh.ch/lists/0826/4nzvm_dgTZuKqNJnObpg0Q</p0826-teimww:hasSex>
    <p0826-teimww:lastName knoraType="richtext_value">Wood</p0826-teimww:lastName>
  </p0826-teimww:person>
  <p0826-teimww:person id="ww_5d19ae76208b92a9">
    <knoraXmlImport:label>person label</knoraXmlImport:label>
    <p0826-teimww:activeDate knoraType="date_value">GREGORIAN:1905</p0826-teimww:activeDate>
    <p0826-teimww:description knoraType="richtext_value">U.S. (?) scholar</p0826-teimww:description>
    <p0826-teimww:firstName knoraType="richtext_value">John Davis Ellis</p0826-teimww:firstName>
    <p0826-teimww:hasSex knoraType="hlist_value">http://rdfh.ch/lists/0826/4nzvm_dgTZuKqNJnObpg0Q</p0826-teimww:hasSex>
    <p0826-teimww:lastName knoraType="richtext_value">Williams</p0826-teimww:lastName>
  </p0826-teimww:person>
  <p0826-teimww:person id="ww_9b2d545e20d62482">
    <knoraXmlImport:label>person label</knoraXmlImport:label>
    <p0826-teimww:birthDate knoraType="date_value">GREGORIAN:1573</p0826-teimww:birthDate>
    <p0826-teimww:deathDate knoraType="date_value">GREGORIAN:1637</p0826-teimww:deathDate>
    <p0826-teimww:description knoraType="richtext_value">English dramatist and poet</p0826-teimww:description>
    <p0826-teimww:firstName knoraType="richtext_value">Ben</p0826-teimww:firstName>
    <p0826-teimww:hasSex knoraType="hlist_value">http://rdfh.ch/lists/0826/4nzvm_dgTZuKqNJnObpg0Q</p0826-teimww:hasSex>
    <p0826-teimww:lastName knoraType="richtext_value">Jonson</p0826-teimww:lastName>
  </p0826-teimww:person>
  <p0826-teimww:person id="ww_d9d0c43743be62f7">
    <knoraXmlImport:label>person label</knoraXmlImport:label>
    <p0826-teimww:activeDate knoraType="date_value">GREGORIAN:1905</p0826-teimww:activeDate>
    <p0826-teimww:description knoraType="richtext_value">German (?) scholar</p0826-teimww:description>
    <p0826-teimww:firstName knoraType="richtext_value">Karl</p0826-teimww:firstName>
    <p0826-teimww:hasSex knoraType="hlist_value">http://rdfh.ch/lists/0826/4nzvm_dgTZuKqNJnObpg0Q</p0826-teimww:hasSex>
    <p0826-teimww:lastName knoraType="richtext_value">Christ</p0826-teimww:lastName>
  </p0826-teimww:person>
  <p0826-teimww:person id="ww_5c7d3fc631db2ef4">
    <knoraXmlImport:label>person label</knoraXmlImport:label>
    <p0826-teimww:activeDate knoraType="date_value">GREGORIAN:1904</p0826-teimww:activeDate>
    <p0826-teimww:description knoraType="richtext_value">German scholar</p0826-teimww:description>
    <p0826-teimww:firstName knoraType="richtext_value">H.</p0826-teimww:firstName>
    <p0826-teimww:hasSex knoraType="hlist_value">http://rdfh.ch/lists/0826/4nzvm_dgTZuKqNJnObpg0Q</p0826-teimww:hasSex>
    <p0826-teimww:lastName knoraType="richtext_value">Jung</p0826-teimww:lastName>
  </p0826-teimww:person>
  <p0826-teimww:person id="ww_5920a2f51df6bb9f">
    <knoraXmlImport:label>person label</knoraXmlImport:label>
    <p0826-teimww:activeDate knoraType="date_value">GREGORIAN:1947:1950</p0826-teimww:activeDate>
    <p0826-teimww:description knoraType="richtext_value">U.S. scholar</p0826-teimww:description>
    <p0826-teimww:firstName knoraType="richtext_value">William</p0826-teimww:firstName>
    <p0826-teimww:hasSex knoraType="hlist_value">http://rdfh.ch/lists/0826/4nzvm_dgTZuKqNJnObpg0Q</p0826-teimww:hasSex>
    <p0826-teimww:lastName knoraType="richtext_value">Peery</p0826-teimww:lastName>
  </p0826-teimww:person>
  <p0826-teimww:person id="ww_9cfcaaa5ca016199">
    <knoraXmlImport:label>person label</knoraXmlImport:label>
    <p0826-teimww:activeDate knoraType="date_value">GREGORIAN:1950</p0826-teimww:activeDate>
    <p0826-teimww:description knoraType="richtext_value">English (?) scholar</p0826-teimww:description>
    <p0826-teimww:firstName knoraType="richtext_value">J. W. </p0826-teimww:firstName>
    <p0826-teimww:hasSex knoraType="hlist_value">http://rdfh.ch/lists/0826/4nzvm_dgTZuKqNJnObpg0Q</p0826-teimww:hasSex>
    <p0826-teimww:lastName knoraType="richtext_value">Olive</p0826-teimww:lastName>
  </p0826-teimww:person>
  <p0826-teimww:person id="ww_4ea15fc920a6e8b6">
    <knoraXmlImport:label>person label</knoraXmlImport:label>
    <p0826-teimww:birthDate knoraType="date_value">GREGORIAN:1857</p0826-teimww:birthDate>
    <p0826-teimww:deathDate knoraType="date_value">GREGORIAN:1920</p0826-teimww:deathDate>
    <p0826-teimww:description knoraType="richtext_value">English editor , full name Arthur Henry Bullen</p0826-teimww:description>
    <p0826-teimww:firstName knoraType="richtext_value">A. H. </p0826-teimww:firstName>
    <p0826-teimww:hasSex knoraType="hlist_value">http://rdfh.ch/lists/0826/4nzvm_dgTZuKqNJnObpg0Q</p0826-teimww:hasSex>
    <p0826-teimww:lastName knoraType="richtext_value">Bullen</p0826-teimww:lastName>
  </p0826-teimww:person>
  <p0826-teimww:person id="ww_fdae751b03274cac">
    <knoraXmlImport:label>person label</knoraXmlImport:label>
    <p0826-teimww:birthDate knoraType="date_value">GREGORIAN:1938</p0826-teimww:birthDate>
    <p0826-teimww:description knoraType="richtext_value">New Zealand scholar</p0826-teimww:description>
    <p0826-teimww:firstName knoraType="richtext_value">Macdonald P.</p0826-teimww:firstName>
    <p0826-teimww:hasSex knoraType="hlist_value">http://rdfh.ch/lists/0826/4nzvm_dgTZuKqNJnObpg0Q</p0826-teimww:hasSex>
    <p0826-teimww:lastName knoraType="richtext_value">Jackson</p0826-teimww:lastName>
  </p0826-teimww:person>
  <p0826-teimww:person id="ww_8501ec457f433848">
    <knoraXmlImport:label>person label</knoraXmlImport:label>
    <p0826-teimww:birthDate knoraType="date_value">GREGORIAN:1558:1560</p0826-teimww:birthDate>
    <p0826-teimww:deathDate knoraType="date_value">GREGORIAN:1634</p0826-teimww:deathDate>
    <p0826-teimww:description knoraType="richtext_value">English poet, dramatist and translator</p0826-teimww:description>
    <p0826-teimww:firstName knoraType="richtext_value">George</p0826-teimww:firstName>
    <p0826-teimww:hasSex knoraType="hlist_value">http://rdfh.ch/lists/0826/4nzvm_dgTZuKqNJnObpg0Q</p0826-teimww:hasSex>
    <p0826-teimww:lastName knoraType="richtext_value">Chapman</p0826-teimww:lastName>
  </p0826-teimww:person>
  <p0826-teimww:person id="ww_ad03d7c87e5b9c24">
    <knoraXmlImport:label>person label</knoraXmlImport:label>
    <p0826-teimww:birthDate knoraType="date_value">GREGORIAN:1576</p0826-teimww:birthDate>
    <p0826-teimww:deathDate knoraType="date_value">GREGORIAN:1634</p0826-teimww:deathDate>
    <p0826-teimww:description knoraType="richtext_value">English dramatist and poet</p0826-teimww:description>
    <p0826-teimww:firstName knoraType="richtext_value">John</p0826-teimww:firstName>
    <p0826-teimww:hasSex knoraType="hlist_value">http://rdfh.ch/lists/0826/4nzvm_dgTZuKqNJnObpg0Q</p0826-teimww:hasSex>
    <p0826-teimww:lastName knoraType="richtext_value">Marston</p0826-teimww:lastName>
  </p0826-teimww:person>
  <p0826-teimww:person id="ww_d888f97beb7a5e1c">
    <knoraXmlImport:label>person label</knoraXmlImport:label>
    <p0826-teimww:deathDate knoraType="date_value">GREGORIAN:1605</p0826-teimww:deathDate>
    <p0826-teimww:description knoraType="richtext_value">English dramatist</p0826-teimww:description>
    <p0826-teimww:firstName knoraType="richtext_value">William</p0826-teimww:firstName>
    <p0826-teimww:hasSex knoraType="hlist_value">http://rdfh.ch/lists/0826/4nzvm_dgTZuKqNJnObpg0Q</p0826-teimww:hasSex>
    <p0826-teimww:lastName knoraType="richtext_value">Haughton</p0826-teimww:lastName>
  </p0826-teimww:person>
  <p0826-teimww:person id="ww_ce94987303de0652">
    <knoraXmlImport:label>person label</knoraXmlImport:label>
    <p0826-teimww:deathDate knoraType="date_value">GREGORIAN:1599</p0826-teimww:deathDate>
    <p0826-teimww:description knoraType="richtext_value">English dramatist</p0826-teimww:description>
    <p0826-teimww:firstName knoraType="richtext_value">Henry</p0826-teimww:firstName>
    <p0826-teimww:hasSex knoraType="hlist_value">http://rdfh.ch/lists/0826/4nzvm_dgTZuKqNJnObpg0Q</p0826-teimww:hasSex>
    <p0826-teimww:lastName knoraType="richtext_value">Porter</p0826-teimww:lastName>
  </p0826-teimww:person>
  <p0826-teimww:person id="ww_87dbd52f1c5b813b">
    <knoraXmlImport:label>person label</knoraXmlImport:label>
    <p0826-teimww:birthDate knoraType="date_value">GREGORIAN:1572</p0826-teimww:birthDate>
    <p0826-teimww:deathDate knoraType="date_value">GREGORIAN:1632</p0826-teimww:deathDate>
    <p0826-teimww:description knoraType="richtext_value">English dramatist ca.</p0826-teimww:description>
    <p0826-teimww:firstName knoraType="richtext_value">Thomas</p0826-teimww:firstName>
    <p0826-teimww:hasSex knoraType="hlist_value">http://rdfh.ch/lists/0826/4nzvm_dgTZuKqNJnObpg0Q</p0826-teimww:hasSex>
    <p0826-teimww:lastName knoraType="richtext_value">Dekker</p0826-teimww:lastName>
  </p0826-teimww:person>
  <p0826-teimww:person id="ww_631193418089c664">
    <knoraXmlImport:label>person label</knoraXmlImport:label>
    <p0826-teimww:activeDate knoraType="date_value">GREGORIAN:1901</p0826-teimww:activeDate>
    <p0826-teimww:description knoraType="richtext_value">German (?) scholar</p0826-teimww:description>
    <p0826-teimww:firstName knoraType="richtext_value">Hans</p0826-teimww:firstName>
    <p0826-teimww:hasSex knoraType="hlist_value">http://rdfh.ch/lists/0826/4nzvm_dgTZuKqNJnObpg0Q</p0826-teimww:hasSex>
    <p0826-teimww:lastName knoraType="richtext_value">Schere</p0826-teimww:lastName>
  </p0826-teimww:person>
  <p0826-teimww:person id="ww_a490794224ad2764">
    <knoraXmlImport:label>person label</knoraXmlImport:label>
    <p0826-teimww:activeDate knoraType="date_value">GREGORIAN:1984</p0826-teimww:activeDate>
    <p0826-teimww:description knoraType="richtext_value">U.S. (?) scholar</p0826-teimww:description>
    <p0826-teimww:firstName knoraType="richtext_value">Kate G.</p0826-teimww:firstName>
    <p0826-teimww:hasSex knoraType="hlist_value">http://rdfh.ch/lists/0826/4nzvm_dgTZuKqNJnObpg0Q</p0826-teimww:hasSex>
    <p0826-teimww:lastName knoraType="richtext_value">Frost</p0826-teimww:lastName>
  </p0826-teimww:person>
  <p0826-teimww:person id="ww_4cf2d2f81816aed2">
    <knoraXmlImport:label>person label</knoraXmlImport:label>
    <p0826-teimww:firstName knoraType="richtext_value">George</p0826-teimww:firstName>
    <p0826-teimww:hasSex knoraType="hlist_value">http://rdfh.ch/lists/0826/4nzvm_dgTZuKqNJnObpg0Q</p0826-teimww:hasSex>
    <p0826-teimww:lastName knoraType="richtext_value">Thorn-Drury</p0826-teimww:lastName>
  </p0826-teimww:person>
  <p0826-teimww:person id="ww_6479c34542b52165">
    <knoraXmlImport:label>person label</knoraXmlImport:label>
    <p0826-teimww:birthDate knoraType="date_value">GREGORIAN:1891</p0826-teimww:birthDate>
    <p0826-teimww:deathDate knoraType="date_value">GREGORIAN:1977</p0826-teimww:deathDate>
    <p0826-teimww:description knoraType="richtext_value">German-born U.S. scholar</p0826-teimww:description>
    <p0826-teimww:firstName knoraType="richtext_value">Alwin</p0826-teimww:firstName>
    <p0826-teimww:hasSex knoraType="hlist_value">http://rdfh.ch/lists/0826/4nzvm_dgTZuKqNJnObpg0Q</p0826-teimww:hasSex>
    <p0826-teimww:lastName knoraType="richtext_value">Thaler</p0826-teimww:lastName>
  </p0826-teimww:person>
  <p0826-teimww:person id="ww_b12a0d10cafaf078">
    <knoraXmlImport:label>person label</knoraXmlImport:label>
    <p0826-teimww:activeDate knoraType="date_value">GREGORIAN:1956:1989</p0826-teimww:activeDate>
    <p0826-teimww:description knoraType="richtext_value">U.S. (?) academic</p0826-teimww:description>
    <p0826-teimww:firstName knoraType="richtext_value">Alan</p0826-teimww:firstName>
    <p0826-teimww:hasSex knoraType="hlist_value">http://rdfh.ch/lists/0826/4nzvm_dgTZuKqNJnObpg0Q</p0826-teimww:hasSex>
    <p0826-teimww:lastName knoraType="richtext_value">Roper</p0826-teimww:lastName>
  </p0826-teimww:person>
  <p0826-teimww:person id="ww_f31af6df8b4b0640">
    <knoraXmlImport:label>person label</knoraXmlImport:label>
    <p0826-teimww:activeDate knoraType="date_value">GREGORIAN:1963</p0826-teimww:activeDate>
    <p0826-teimww:description knoraType="richtext_value">U.S. (?) scholar</p0826-teimww:description>
    <p0826-teimww:firstName knoraType="richtext_value">Charles G.</p0826-teimww:firstName>
    <p0826-teimww:hasSex knoraType="hlist_value">http://rdfh.ch/lists/0826/4nzvm_dgTZuKqNJnObpg0Q</p0826-teimww:hasSex>
    <p0826-teimww:lastName knoraType="richtext_value">Smith</p0826-teimww:lastName>
  </p0826-teimww:person>
  <p0826-teimww:person id="ww_50c35f7aceaa6c9e">
    <knoraXmlImport:label>person label</knoraXmlImport:label>
    <p0826-teimww:birthDate knoraType="date_value">GREGORIAN:1876</p0826-teimww:birthDate>
    <p0826-teimww:deathDate knoraType="date_value">GREGORIAN:1947</p0826-teimww:deathDate>
    <p0826-teimww:description knoraType="richtext_value">U.S. scholar</p0826-teimww:description>
    <p0826-teimww:firstName knoraType="richtext_value">Morris Palmer</p0826-teimww:firstName>
    <p0826-teimww:hasSex knoraType="hlist_value">http://rdfh.ch/lists/0826/4nzvm_dgTZuKqNJnObpg0Q</p0826-teimww:hasSex>
    <p0826-teimww:lastName knoraType="richtext_value">Tilley</p0826-teimww:lastName>
  </p0826-teimww:person>
  <p0826-teimww:person id="ww_344c59ba1ce1b8fd">
    <knoraXmlImport:label>person label</knoraXmlImport:label>
    <p0826-teimww:activeDate knoraType="date_value">GREGORIAN:1989</p0826-teimww:activeDate>
    <p0826-teimww:description knoraType="richtext_value">English (?) scholar</p0826-teimww:description>
    <p0826-teimww:firstName knoraType="richtext_value">Thomas C.</p0826-teimww:firstName>
    <p0826-teimww:hasSex knoraType="hlist_value">http://rdfh.ch/lists/0826/4nzvm_dgTZuKqNJnObpg0Q</p0826-teimww:hasSex>
    <p0826-teimww:lastName knoraType="richtext_value">Faulkner</p0826-teimww:lastName>
  </p0826-teimww:person>
  <p0826-teimww:person id="ww_cfc974ec4e221d48">
    <knoraXmlImport:label>person label</knoraXmlImport:label>
    <p0826-teimww:birthDate knoraType="date_value">GREGORIAN:1907</p0826-teimww:birthDate>
    <p0826-teimww:deathDate knoraType="date_value">GREGORIAN:1996</p0826-teimww:deathDate>
    <p0826-teimww:description knoraType="richtext_value">British scholar</p0826-teimww:description>
    <p0826-teimww:firstName knoraType="richtext_value">Kenneth Arthur</p0826-teimww:firstName>
    <p0826-teimww:hasSex knoraType="hlist_value">http://rdfh.ch/lists/0826/4nzvm_dgTZuKqNJnObpg0Q</p0826-teimww:hasSex>
    <p0826-teimww:lastName knoraType="richtext_value">Muir</p0826-teimww:lastName>
  </p0826-teimww:person>
  <p0826-teimww:person id="ww_7b88afb3c96d748f">
    <knoraXmlImport:label>person label</knoraXmlImport:label>
    <p0826-teimww:birthDate knoraType="date_value">GREGORIAN:1559</p0826-teimww:birthDate>
    <p0826-teimww:deathDate knoraType="date_value">GREGORIAN:1610</p0826-teimww:deathDate>
    <p0826-teimww:description knoraType="richtext_value">English anthologist</p0826-teimww:description>
    <p0826-teimww:firstName knoraType="richtext_value">John</p0826-teimww:firstName>
    <p0826-teimww:hasSex knoraType="hlist_value">http://rdfh.ch/lists/0826/4nzvm_dgTZuKqNJnObpg0Q</p0826-teimww:hasSex>
    <p0826-teimww:lastName knoraType="richtext_value">Bodenham</p0826-teimww:lastName>
  </p0826-teimww:person>
  <p0826-teimww:person id="ww_7e08b5fab4c10b55">
    <knoraXmlImport:label>person label</knoraXmlImport:label>
    <p0826-teimww:activeDate knoraType="date_value">GREGORIAN:1600</p0826-teimww:activeDate>
    <p0826-teimww:description knoraType="richtext_value">English (?) poet</p0826-teimww:description>
    <p0826-teimww:firstName knoraType="richtext_value">Sam</p0826-teimww:firstName>
    <p0826-teimww:hasSex knoraType="hlist_value">http://rdfh.ch/lists/0826/4nzvm_dgTZuKqNJnObpg0Q</p0826-teimww:hasSex>
    <p0826-teimww:lastName knoraType="richtext_value">Nicholson</p0826-teimww:lastName>
  </p0826-teimww:person>
  <p0826-teimww:person id="ww_ea90e1c76029f901">
    <knoraXmlImport:label>person label</knoraXmlImport:label>
    <p0826-teimww:activeDate knoraType="date_value">GREGORIAN:1988</p0826-teimww:activeDate>
    <p0826-teimww:description knoraType="richtext_value">English (?) scholar</p0826-teimww:description>
    <p0826-teimww:firstName knoraType="richtext_value">Robert</p0826-teimww:firstName>
    <p0826-teimww:hasSex knoraType="hlist_value">http://rdfh.ch/lists/0826/4nzvm_dgTZuKqNJnObpg0Q</p0826-teimww:hasSex>
    <p0826-teimww:lastName knoraType="richtext_value">Jordan</p0826-teimww:lastName>
  </p0826-teimww:person>
  <p0826-teimww:person id="ww_c11600e212e4417a">
    <knoraXmlImport:label>person label</knoraXmlImport:label>
    <p0826-teimww:activeDate knoraType="date_value">GREGORIAN:1988</p0826-teimww:activeDate>
    <p0826-teimww:description knoraType="richtext_value">English (?) scholar</p0826-teimww:description>
    <p0826-teimww:firstName knoraType="richtext_value">Harold</p0826-teimww:firstName>
    <p0826-teimww:hasSex knoraType="hlist_value">http://rdfh.ch/lists/0826/4nzvm_dgTZuKqNJnObpg0Q</p0826-teimww:hasSex>
    <p0826-teimww:lastName knoraType="richtext_value">Love</p0826-teimww:lastName>
  </p0826-teimww:person>
  <p0826-teimww:person id="ww_37083d29746e75d4">
    <knoraXmlImport:label>person label</knoraXmlImport:label>
    <p0826-teimww:birthDate knoraType="date_value">GREGORIAN:1927</p0826-teimww:birthDate>
    <p0826-teimww:deathDate knoraType="date_value">GREGORIAN:2009</p0826-teimww:deathDate>
    <p0826-teimww:description knoraType="richtext_value">Canadian academic</p0826-teimww:description>
    <p0826-teimww:firstName knoraType="richtext_value">R. W.</p0826-teimww:firstName>
    <p0826-teimww:hasSex knoraType="hlist_value">http://rdfh.ch/lists/0826/4nzvm_dgTZuKqNJnObpg0Q</p0826-teimww:hasSex>
    <p0826-teimww:lastName knoraType="richtext_value">van Fossen</p0826-teimww:lastName>
  </p0826-teimww:person>
  <p0826-teimww:person id="ww_f2c0f40020cbe48f">
    <knoraXmlImport:label>person label</knoraXmlImport:label>
    <p0826-teimww:birthDate knoraType="date_value">GREGORIAN:1820</p0826-teimww:birthDate>
    <p0826-teimww:deathDate knoraType="date_value">GREGORIAN:1889</p0826-teimww:deathDate>
    <p0826-teimww:description knoraType="richtext_value">English Shakespeare scholar</p0826-teimww:description>
    <p0826-teimww:firstName knoraType="richtext_value">James Orchard</p0826-teimww:firstName>
    <p0826-teimww:hasSex knoraType="hlist_value">http://rdfh.ch/lists/0826/4nzvm_dgTZuKqNJnObpg0Q</p0826-teimww:hasSex>
    <p0826-teimww:lastName knoraType="richtext_value">Halliwell-Phillipps</p0826-teimww:lastName>
  </p0826-teimww:person>
  <p0826-teimww:person id="ww_12bcadd5ab9d3f8a">
    <knoraXmlImport:label>person label</knoraXmlImport:label>
    <p0826-teimww:activeDate knoraType="date_value">GREGORIAN:1944</p0826-teimww:activeDate>
    <p0826-teimww:description knoraType="richtext_value">English (?) scholar</p0826-teimww:description>
    <p0826-teimww:firstName knoraType="richtext_value">Percy</p0826-teimww:firstName>
    <p0826-teimww:hasSex knoraType="hlist_value">http://rdfh.ch/lists/0826/4nzvm_dgTZuKqNJnObpg0Q</p0826-teimww:hasSex>
    <p0826-teimww:lastName knoraType="richtext_value">Simpson</p0826-teimww:lastName>
  </p0826-teimww:person>
  <p0826-teimww:person id="ww_5cb3d6fa23800e74">
    <knoraXmlImport:label>person label</knoraXmlImport:label>
    <p0826-teimww:birthDate knoraType="date_value">GREGORIAN:1584:1586</p0826-teimww:birthDate>
    <p0826-teimww:deathDate knoraType="date_value">GREGORIAN:1626</p0826-teimww:deathDate>
    <p0826-teimww:description knoraType="richtext_value">English dramatist</p0826-teimww:description>
    <p0826-teimww:firstName knoraType="richtext_value">William</p0826-teimww:firstName>
    <p0826-teimww:hasSex knoraType="hlist_value">http://rdfh.ch/lists/0826/4nzvm_dgTZuKqNJnObpg0Q</p0826-teimww:hasSex>
    <p0826-teimww:lastName knoraType="richtext_value">Rowley</p0826-teimww:lastName>
  </p0826-teimww:person>
  <p0826-teimww:person id="ww_f10aec8cfe5ff90d">
    <knoraXmlImport:label>person label</knoraXmlImport:label>
    <p0826-teimww:birthDate knoraType="date_value">GREGORIAN:1570:1574</p0826-teimww:birthDate>
    <p0826-teimww:deathDate knoraType="date_value">GREGORIAN:1641</p0826-teimww:deathDate>
    <p0826-teimww:description knoraType="richtext_value">English dramatist</p0826-teimww:description>
    <p0826-teimww:firstName knoraType="richtext_value">Thomas</p0826-teimww:firstName>
    <p0826-teimww:hasSex knoraType="hlist_value">http://rdfh.ch/lists/0826/4nzvm_dgTZuKqNJnObpg0Q</p0826-teimww:hasSex>
    <p0826-teimww:lastName knoraType="richtext_value">Heywood</p0826-teimww:lastName>
  </p0826-teimww:person>
  <p0826-teimww:person id="ww_d78940f8a8554ca3">
    <knoraXmlImport:label>person label</knoraXmlImport:label>
    <p0826-teimww:birthDate knoraType="date_value">GREGORIAN:1564</p0826-teimww:birthDate>
    <p0826-teimww:deathDate knoraType="date_value">GREGORIAN:1603:1606</p0826-teimww:deathDate>
    <p0826-teimww:description knoraType="richtext_value">English dramatist</p0826-teimww:description>
    <p0826-teimww:firstName knoraType="richtext_value">Henry</p0826-teimww:firstName>
    <p0826-teimww:hasSex knoraType="hlist_value">http://rdfh.ch/lists/0826/4nzvm_dgTZuKqNJnObpg0Q</p0826-teimww:hasSex>
    <p0826-teimww:lastName knoraType="richtext_value">Chettle</p0826-teimww:lastName>
  </p0826-teimww:person>
  <p0826-teimww:person id="ww_9594c85bc48d3759">
    <knoraXmlImport:label>person label</knoraXmlImport:label>
    <p0826-teimww:birthDate knoraType="date_value">GREGORIAN:1584</p0826-teimww:birthDate>
    <p0826-teimww:deathDate knoraType="date_value">GREGORIAN:1616</p0826-teimww:deathDate>
    <p0826-teimww:description knoraType="richtext_value">English dramatist</p0826-teimww:description>
    <p0826-teimww:firstName knoraType="richtext_value">John</p0826-teimww:firstName>
    <p0826-teimww:hasSex knoraType="hlist_value">http://rdfh.ch/lists/0826/4nzvm_dgTZuKqNJnObpg0Q</p0826-teimww:hasSex>
    <p0826-teimww:lastName knoraType="richtext_value">Webster</p0826-teimww:lastName>
  </p0826-teimww:person>
  <p0826-teimww:person id="ww_947a2e721f016a03">
    <knoraXmlImport:label>person label</knoraXmlImport:label>
    <p0826-teimww:birthDate knoraType="date_value">GREGORIAN:1574</p0826-teimww:birthDate>
    <p0826-teimww:deathDate knoraType="date_value">GREGORIAN:1637:1639</p0826-teimww:deathDate>
    <p0826-teimww:description knoraType="richtext_value">English dramatist</p0826-teimww:description>
    <p0826-teimww:firstName knoraType="richtext_value">John</p0826-teimww:firstName>
    <p0826-teimww:hasSex knoraType="hlist_value">http://rdfh.ch/lists/0826/4nzvm_dgTZuKqNJnObpg0Q</p0826-teimww:hasSex>
    <p0826-teimww:lastName knoraType="richtext_value">Day</p0826-teimww:lastName>
  </p0826-teimww:person>
  <p0826-teimww:person id="ww_c298754546b2500e">
    <knoraXmlImport:label>person label</knoraXmlImport:label>
    <p0826-teimww:birthDate knoraType="date_value">GREGORIAN:1580</p0826-teimww:birthDate>
    <p0826-teimww:deathDate knoraType="date_value">GREGORIAN:1627</p0826-teimww:deathDate>
    <p0826-teimww:description knoraType="richtext_value">English dramatist</p0826-teimww:description>
    <p0826-teimww:firstName knoraType="richtext_value">Thomas</p0826-teimww:firstName>
    <p0826-teimww:hasSex knoraType="hlist_value">http://rdfh.ch/lists/0826/4nzvm_dgTZuKqNJnObpg0Q</p0826-teimww:hasSex>
    <p0826-teimww:lastName knoraType="richtext_value">Middleton</p0826-teimww:lastName>
  </p0826-teimww:person>
  <p0826-teimww:person id="ww_f1b3b2adeeb3e86f">
    <knoraXmlImport:label>person label</knoraXmlImport:label>
    <p0826-teimww:activeDate knoraType="date_value">GREGORIAN:1605</p0826-teimww:activeDate>
    <p0826-teimww:description knoraType="richtext_value">English poet</p0826-teimww:description>
    <p0826-teimww:firstName knoraType="richtext_value">Peter</p0826-teimww:firstName>
    <p0826-teimww:hasSex knoraType="hlist_value">http://rdfh.ch/lists/0826/4nzvm_dgTZuKqNJnObpg0Q</p0826-teimww:hasSex>
    <p0826-teimww:lastName knoraType="richtext_value">Woodhouse</p0826-teimww:lastName>
  </p0826-teimww:person>
  <p0826-teimww:person id="ww_aee1340a336646a7">
    <knoraXmlImport:label>person label</knoraXmlImport:label>
    <p0826-teimww:activeDate knoraType="date_value">GREGORIAN:1991</p0826-teimww:activeDate>
    <p0826-teimww:description knoraType="richtext_value">U.S. scholar</p0826-teimww:description>
    <p0826-teimww:firstName knoraType="richtext_value">Margreta</p0826-teimww:firstName>
    <p0826-teimww:hasSex knoraType="hlist_value">http://rdfh.ch/lists/0826/4nzvm_dgTZuKqNJnObpg0Q</p0826-teimww:hasSex>
    <p0826-teimww:lastName knoraType="richtext_value">de Grazia</p0826-teimww:lastName>
  </p0826-teimww:person>
  <p0826-teimww:person id="ww_ecd33a52caec339f">
    <knoraXmlImport:label>person label</knoraXmlImport:label>
    <p0826-teimww:birthDate knoraType="date_value">GREGORIAN:1584</p0826-teimww:birthDate>
    <p0826-teimww:deathDate knoraType="date_value">GREGORIAN:1616</p0826-teimww:deathDate>
    <p0826-teimww:description knoraType="richtext_value">English dramatist</p0826-teimww:description>
    <p0826-teimww:firstName knoraType="richtext_value">Francis</p0826-teimww:firstName>
    <p0826-teimww:hasSex knoraType="hlist_value">http://rdfh.ch/lists/0826/4nzvm_dgTZuKqNJnObpg0Q</p0826-teimww:hasSex>
    <p0826-teimww:lastName knoraType="richtext_value">Beaumont</p0826-teimww:lastName>
  </p0826-teimww:person>
  <p0826-teimww:person id="ww_3cc0cce5b6bf554a">
    <knoraXmlImport:label>person label</knoraXmlImport:label>
    <p0826-teimww:birthDate knoraType="date_value">GREGORIAN:1579</p0826-teimww:birthDate>
    <p0826-teimww:deathDate knoraType="date_value">GREGORIAN:1625</p0826-teimww:deathDate>
    <p0826-teimww:description knoraType="richtext_value">English dramatist</p0826-teimww:description>
    <p0826-teimww:firstName knoraType="richtext_value">John</p0826-teimww:firstName>
    <p0826-teimww:hasSex knoraType="hlist_value">http://rdfh.ch/lists/0826/4nzvm_dgTZuKqNJnObpg0Q</p0826-teimww:hasSex>
    <p0826-teimww:lastName knoraType="richtext_value">Fletcher</p0826-teimww:lastName>
  </p0826-teimww:person>
  <p0826-teimww:person id="ww_5630a28303424aa1">
    <knoraXmlImport:label>person label</knoraXmlImport:label>
    <p0826-teimww:birthDate knoraType="date_value">GREGORIAN:1909</p0826-teimww:birthDate>
    <p0826-teimww:deathDate knoraType="date_value">GREGORIAN:2000</p0826-teimww:deathDate>
    <p0826-teimww:description knoraType="richtext_value">English scholar</p0826-teimww:description>
    <p0826-teimww:firstName knoraType="richtext_value">Harold</p0826-teimww:firstName>
    <p0826-teimww:hasSex knoraType="hlist_value">http://rdfh.ch/lists/0826/4nzvm_dgTZuKqNJnObpg0Q</p0826-teimww:hasSex>
    <p0826-teimww:lastName knoraType="richtext_value">Jenkins</p0826-teimww:lastName>
  </p0826-teimww:person>
  <p0826-teimww:person id="ww_9186050dfac2d550">
    <knoraXmlImport:label>person label</knoraXmlImport:label>
    <p0826-teimww:activeDate knoraType="date_value">GREGORIAN:1604:1615</p0826-teimww:activeDate>
    <p0826-teimww:description knoraType="richtext_value">English dramatist</p0826-teimww:description>
    <p0826-teimww:firstName knoraType="richtext_value">Thomas</p0826-teimww:firstName>
    <p0826-teimww:hasSex knoraType="hlist_value">http://rdfh.ch/lists/0826/4nzvm_dgTZuKqNJnObpg0Q</p0826-teimww:hasSex>
    <p0826-teimww:lastName knoraType="richtext_value">Tomkis</p0826-teimww:lastName>
  </p0826-teimww:person>
  <p0826-teimww:person id="ww_986dd93d2d794ff5">
    <knoraXmlImport:label>person label</knoraXmlImport:label>
    <p0826-teimww:deathDate knoraType="date_value">GREGORIAN:1618</p0826-teimww:deathDate>
    <p0826-teimww:description knoraType="richtext_value">English dramatist and pamphleteer</p0826-teimww:description>
    <p0826-teimww:firstName knoraType="richtext_value">George</p0826-teimww:firstName>
    <p0826-teimww:hasSex knoraType="hlist_value">http://rdfh.ch/lists/0826/4nzvm_dgTZuKqNJnObpg0Q</p0826-teimww:hasSex>
    <p0826-teimww:lastName knoraType="richtext_value">Wilkins</p0826-teimww:lastName>
  </p0826-teimww:person>
  <p0826-teimww:person id="ww_79c674f9ee6b5a7c">
    <knoraXmlImport:label>person label</knoraXmlImport:label>
    <p0826-teimww:birthDate knoraType="date_value">GREGORIAN:1576</p0826-teimww:birthDate>
    <p0826-teimww:deathDate knoraType="date_value">GREGORIAN:1608</p0826-teimww:deathDate>
    <p0826-teimww:description knoraType="richtext_value">English dramatist</p0826-teimww:description>
    <p0826-teimww:firstName knoraType="richtext_value">Edward</p0826-teimww:firstName>
    <p0826-teimww:hasSex knoraType="hlist_value">http://rdfh.ch/lists/0826/4nzvm_dgTZuKqNJnObpg0Q</p0826-teimww:hasSex>
    <p0826-teimww:lastName knoraType="richtext_value">Sharpham</p0826-teimww:lastName>
  </p0826-teimww:person>
  <p0826-teimww:person id="ww_9b3aca5e1fbd9b33">
    <knoraXmlImport:label>person label</knoraXmlImport:label>
    <p0826-teimww:birthDate knoraType="date_value">GREGORIAN:1580</p0826-teimww:birthDate>
    <p0826-teimww:deathDate knoraType="date_value">GREGORIAN:1629</p0826-teimww:deathDate>
    <p0826-teimww:description knoraType="richtext_value">English dramatist</p0826-teimww:description>
    <p0826-teimww:firstName knoraType="richtext_value">Lording or Lodovic</p0826-teimww:firstName>
    <p0826-teimww:hasSex knoraType="hlist_value">http://rdfh.ch/lists/0826/4nzvm_dgTZuKqNJnObpg0Q</p0826-teimww:hasSex>
    <p0826-teimww:lastName knoraType="richtext_value">Barry</p0826-teimww:lastName>
  </p0826-teimww:person>
  <p0826-teimww:person id="ww_8926bbeaa7c56023">
    <knoraXmlImport:label>person label</knoraXmlImport:label>
    <p0826-teimww:birthDate knoraType="date_value">GREGORIAN:1587</p0826-teimww:birthDate>
    <p0826-teimww:deathDate knoraType="date_value">GREGORIAN:1620</p0826-teimww:deathDate>
    <p0826-teimww:description knoraType="richtext_value">English dramatist</p0826-teimww:description>
    <p0826-teimww:firstName knoraType="richtext_value">Nathan</p0826-teimww:firstName>
    <p0826-teimww:hasSex knoraType="hlist_value">http://rdfh.ch/lists/0826/4nzvm_dgTZuKqNJnObpg0Q</p0826-teimww:hasSex>
    <p0826-teimww:lastName knoraType="richtext_value">Field</p0826-teimww:lastName>
  </p0826-teimww:person>
  <p0826-teimww:person id="ww_5350e0c0cddb3400">
    <knoraXmlImport:label>person label</knoraXmlImport:label>
    <p0826-teimww:birthDate knoraType="date_value">GREGORIAN:1562:1564</p0826-teimww:birthDate>
    <p0826-teimww:deathDate knoraType="date_value">GREGORIAN:1615</p0826-teimww:deathDate>
    <p0826-teimww:description knoraType="richtext_value">English actor and dramatist</p0826-teimww:description>
    <p0826-teimww:firstName knoraType="richtext_value">Robert</p0826-teimww:firstName>
    <p0826-teimww:hasSex knoraType="hlist_value">http://rdfh.ch/lists/0826/4nzvm_dgTZuKqNJnObpg0Q</p0826-teimww:hasSex>
    <p0826-teimww:lastName knoraType="richtext_value">Armin</p0826-teimww:lastName>
  </p0826-teimww:person>
  <p0826-teimww:person id="ww_883324fc3b8b8dba">
    <knoraXmlImport:label>person label</knoraXmlImport:label>
    <p0826-teimww:deathDate knoraType="date_value">GREGORIAN:1626</p0826-teimww:deathDate>
    <p0826-teimww:description knoraType="richtext_value">English poet and dramatist</p0826-teimww:description>
    <p0826-teimww:firstName knoraType="richtext_value">Cyril</p0826-teimww:firstName>
    <p0826-teimww:hasSex knoraType="hlist_value">http://rdfh.ch/lists/0826/4nzvm_dgTZuKqNJnObpg0Q</p0826-teimww:hasSex>
    <p0826-teimww:lastName knoraType="richtext_value">Tourneur</p0826-teimww:lastName>
  </p0826-teimww:person>
  <p0826-teimww:person id="ww_2afeb85181d58ed3">
    <knoraXmlImport:label>person label</knoraXmlImport:label>
    <p0826-teimww:birthDate knoraType="date_value">GREGORIAN:1563:1567</p0826-teimww:birthDate>
    <p0826-teimww:deathDate knoraType="date_value">GREGORIAN:1618</p0826-teimww:deathDate>
    <p0826-teimww:description knoraType="richtext_value">Anglo-Welsh poet</p0826-teimww:description>
    <p0826-teimww:firstName knoraType="richtext_value">Sir John</p0826-teimww:firstName>
    <p0826-teimww:hasSex knoraType="hlist_value">http://rdfh.ch/lists/0826/4nzvm_dgTZuKqNJnObpg0Q</p0826-teimww:hasSex>
    <p0826-teimww:lastName knoraType="richtext_value">Davies of Hereford</p0826-teimww:lastName>
  </p0826-teimww:person>
  <p0826-teimww:person id="ww_a4e45e7b381d6e89">
    <knoraXmlImport:label>person label</knoraXmlImport:label>
    <p0826-teimww:activeDate knoraType="date_value">GREGORIAN:1612:1614</p0826-teimww:activeDate>
    <p0826-teimww:description knoraType="richtext_value">English dramatist</p0826-teimww:description>
    <p0826-teimww:firstName knoraType="richtext_value">John</p0826-teimww:firstName>
    <p0826-teimww:hasSex knoraType="hlist_value">http://rdfh.ch/lists/0826/4nzvm_dgTZuKqNJnObpg0Q</p0826-teimww:hasSex>
    <p0826-teimww:lastName knoraType="richtext_value">Cooke</p0826-teimww:lastName>
  </p0826-teimww:person>
  <p0826-teimww:person id="ww_7c9389d75703bf3a">
    <knoraXmlImport:label>person label</knoraXmlImport:label>
    <p0826-teimww:birthDate knoraType="date_value">GREGORIAN:1563:1565</p0826-teimww:birthDate>
    <p0826-teimww:deathDate knoraType="date_value">GREGORIAN:1627</p0826-teimww:deathDate>
    <p0826-teimww:description knoraType="richtext_value">English historian</p0826-teimww:description>
    <p0826-teimww:firstName knoraType="richtext_value">Sir John</p0826-teimww:firstName>
    <p0826-teimww:hasSex knoraType="hlist_value">http://rdfh.ch/lists/0826/4nzvm_dgTZuKqNJnObpg0Q</p0826-teimww:hasSex>
    <p0826-teimww:lastName knoraType="richtext_value">Hayward</p0826-teimww:lastName>
  </p0826-teimww:person>
  <p0826-teimww:person id="ww_31fd4cfea1a56eb2">
    <knoraXmlImport:label>person label</knoraXmlImport:label>
    <p0826-teimww:deathDate knoraType="date_value">GREGORIAN:1628</p0826-teimww:deathDate>
    <p0826-teimww:description knoraType="richtext_value">English poet Christopher Brooke</p0826-teimww:description>
    <p0826-teimww:firstName knoraType="richtext_value">Christopher</p0826-teimww:firstName>
    <p0826-teimww:hasSex knoraType="hlist_value">http://rdfh.ch/lists/0826/4nzvm_dgTZuKqNJnObpg0Q</p0826-teimww:hasSex>
    <p0826-teimww:lastName knoraType="richtext_value">Brooke</p0826-teimww:lastName>
  </p0826-teimww:person>
  <p0826-teimww:person id="ww_cbc2c3284144573a">
    <knoraXmlImport:label>person label</knoraXmlImport:label>
    <p0826-teimww:birthDate knoraType="date_value">GREGORIAN:1583</p0826-teimww:birthDate>
    <p0826-teimww:deathDate knoraType="date_value">GREGORIAN:1640</p0826-teimww:deathDate>
    <p0826-teimww:description knoraType="richtext_value">English dramatist</p0826-teimww:description>
    <p0826-teimww:firstName knoraType="richtext_value">Philip</p0826-teimww:firstName>
    <p0826-teimww:hasSex knoraType="hlist_value">http://rdfh.ch/lists/0826/4nzvm_dgTZuKqNJnObpg0Q</p0826-teimww:hasSex>
    <p0826-teimww:lastName knoraType="richtext_value">Massinger</p0826-teimww:lastName>
  </p0826-teimww:person>
  <p0826-teimww:person id="ww_2d4add490de5218d">
    <knoraXmlImport:label>person label</knoraXmlImport:label>
    <p0826-teimww:birthDate knoraType="date_value">GREGORIAN:1577</p0826-teimww:birthDate>
    <p0826-teimww:deathDate knoraType="date_value">GREGORIAN:1640</p0826-teimww:deathDate>
    <p0826-teimww:description knoraType="richtext_value">English essayist</p0826-teimww:description>
    <p0826-teimww:firstName knoraType="richtext_value">Robert</p0826-teimww:firstName>
    <p0826-teimww:hasSex knoraType="hlist_value">http://rdfh.ch/lists/0826/4nzvm_dgTZuKqNJnObpg0Q</p0826-teimww:hasSex>
    <p0826-teimww:lastName knoraType="richtext_value">Burton</p0826-teimww:lastName>
  </p0826-teimww:person>
  <p0826-teimww:person id="ww_6a8b2b14d4099ec9">
    <knoraXmlImport:label>person label</knoraXmlImport:label>
    <p0826-teimww:activeDate knoraType="date_value">GREGORIAN:1623:1639</p0826-teimww:activeDate>
    <p0826-teimww:description knoraType="richtext_value">English dramatist</p0826-teimww:description>
    <p0826-teimww:firstName knoraType="richtext_value">Robert</p0826-teimww:firstName>
    <p0826-teimww:hasSex knoraType="hlist_value">http://rdfh.ch/lists/0826/4nzvm_dgTZuKqNJnObpg0Q</p0826-teimww:hasSex>
    <p0826-teimww:lastName knoraType="richtext_value">Davenport</p0826-teimww:lastName>
  </p0826-teimww:person>
  <p0826-teimww:person id="ww_d8f1d08e1ca080b7">
    <knoraXmlImport:label>person label</knoraXmlImport:label>
    <p0826-teimww:birthDate knoraType="date_value">GREGORIAN:1606</p0826-teimww:birthDate>
    <p0826-teimww:deathDate knoraType="date_value">GREGORIAN:1668</p0826-teimww:deathDate>
    <p0826-teimww:description knoraType="richtext_value">English dramatist</p0826-teimww:description>
    <p0826-teimww:firstName knoraType="richtext_value">Sir William</p0826-teimww:firstName>
    <p0826-teimww:hasSex knoraType="hlist_value">http://rdfh.ch/lists/0826/4nzvm_dgTZuKqNJnObpg0Q</p0826-teimww:hasSex>
    <p0826-teimww:lastName knoraType="richtext_value">D'Avenant</p0826-teimww:lastName>
  </p0826-teimww:person>
  <p0826-teimww:person id="ww_53c2f0bb43b1f960">
    <knoraXmlImport:label>person label</knoraXmlImport:label>
    <p0826-teimww:birthDate knoraType="date_value">GREGORIAN:1589:1591</p0826-teimww:birthDate>
    <p0826-teimww:deathDate knoraType="date_value">GREGORIAN:1636:1637</p0826-teimww:deathDate>
    <p0826-teimww:description knoraType="richtext_value">English dramatist</p0826-teimww:description>
    <p0826-teimww:firstName knoraType="richtext_value">William</p0826-teimww:firstName>
    <p0826-teimww:hasSex knoraType="hlist_value">http://rdfh.ch/lists/0826/4nzvm_dgTZuKqNJnObpg0Q</p0826-teimww:hasSex>
    <p0826-teimww:lastName knoraType="richtext_value">Sampson</p0826-teimww:lastName>
  </p0826-teimww:person>
  <p0826-teimww:person id="ww_1d9ffbd1fde1bb58">
    <knoraXmlImport:label>person label</knoraXmlImport:label>
    <p0826-teimww:activeDate knoraType="date_value">GREGORIAN:1914</p0826-teimww:activeDate>
    <p0826-teimww:description knoraType="richtext_value">German (?) scholar</p0826-teimww:description>
    <p0826-teimww:firstName knoraType="richtext_value">Hans</p0826-teimww:firstName>
    <p0826-teimww:hasSex knoraType="hlist_value">http://rdfh.ch/lists/0826/4nzvm_dgTZuKqNJnObpg0Q</p0826-teimww:hasSex>
    <p0826-teimww:lastName knoraType="richtext_value">Wallrath</p0826-teimww:lastName>
  </p0826-teimww:person>
  <p0826-teimww:person id="ww_96f70a96968da33d">
    <knoraXmlImport:label>person label</knoraXmlImport:label>
    <p0826-teimww:birthDate knoraType="date_value">GREGORIAN:1605</p0826-teimww:birthDate>
    <p0826-teimww:deathDate knoraType="date_value">GREGORIAN:1635</p0826-teimww:deathDate>
    <p0826-teimww:description knoraType="richtext_value">English poet and dramatist</p0826-teimww:description>
    <p0826-teimww:firstName knoraType="richtext_value">Thomas</p0826-teimww:firstName>
    <p0826-teimww:hasSex knoraType="hlist_value">http://rdfh.ch/lists/0826/4nzvm_dgTZuKqNJnObpg0Q</p0826-teimww:hasSex>
    <p0826-teimww:lastName knoraType="richtext_value">Randolph</p0826-teimww:lastName>
  </p0826-teimww:person>
  <p0826-teimww:person id="ww_a7bda6e4ea9d6266">
    <knoraXmlImport:label>person label</knoraXmlImport:label>
    <p0826-teimww:activeDate knoraType="date_value">GREGORIAN:1633</p0826-teimww:activeDate>
    <p0826-teimww:description knoraType="richtext_value">English physician</p0826-teimww:description>
    <p0826-teimww:firstName knoraType="richtext_value">James</p0826-teimww:firstName>
    <p0826-teimww:hasSex knoraType="hlist_value">http://rdfh.ch/lists/0826/4nzvm_dgTZuKqNJnObpg0Q</p0826-teimww:hasSex>
    <p0826-teimww:lastName knoraType="richtext_value">Hart</p0826-teimww:lastName>
  </p0826-teimww:person>
  <p0826-teimww:person id="ww_e97f8919dc99b209">
    <knoraXmlImport:label>person label</knoraXmlImport:label>
    <p0826-teimww:birthDate knoraType="date_value">GREGORIAN:1602</p0826-teimww:birthDate>
    <p0826-teimww:description knoraType="richtext_value">English dramatist</p0826-teimww:description>
    <p0826-teimww:firstName knoraType="richtext_value">William</p0826-teimww:firstName>
    <p0826-teimww:hasSex knoraType="hlist_value">http://rdfh.ch/lists/0826/4nzvm_dgTZuKqNJnObpg0Q</p0826-teimww:hasSex>
    <p0826-teimww:lastName knoraType="richtext_value">Hemings</p0826-teimww:lastName>
  </p0826-teimww:person>
  <p0826-teimww:person id="ww_b32bc514b340f073">
    <knoraXmlImport:label>person label</knoraXmlImport:label>
    <p0826-teimww:birthDate knoraType="date_value">GREGORIAN:1880</p0826-teimww:birthDate>
    <p0826-teimww:deathDate knoraType="date_value">GREGORIAN:1946</p0826-teimww:deathDate>
    <p0826-teimww:description knoraType="richtext_value">U.S. scholar</p0826-teimww:description>
    <p0826-teimww:firstName knoraType="richtext_value">Joseph Quincy Jr.</p0826-teimww:firstName>
    <p0826-teimww:hasSex knoraType="hlist_value">http://rdfh.ch/lists/0826/4nzvm_dgTZuKqNJnObpg0Q</p0826-teimww:hasSex>
    <p0826-teimww:lastName knoraType="richtext_value">Adams</p0826-teimww:lastName>
  </p0826-teimww:person>
  <p0826-teimww:person id="ww_68dae2dd3ee5eaa3">
    <knoraXmlImport:label>person label</knoraXmlImport:label>
    <p0826-teimww:birthDate knoraType="date_value">GREGORIAN:1596</p0826-teimww:birthDate>
    <p0826-teimww:deathDate knoraType="date_value">GREGORIAN:1666</p0826-teimww:deathDate>
    <p0826-teimww:description knoraType="richtext_value">English dramatist</p0826-teimww:description>
    <p0826-teimww:firstName knoraType="richtext_value">James</p0826-teimww:firstName>
    <p0826-teimww:hasSex knoraType="hlist_value">http://rdfh.ch/lists/0826/4nzvm_dgTZuKqNJnObpg0Q</p0826-teimww:hasSex>
    <p0826-teimww:lastName knoraType="richtext_value">Shirley</p0826-teimww:lastName>
  </p0826-teimww:person>
  <p0826-teimww:person id="ww_6caa1b04d6f95548">
    <knoraXmlImport:label>person label</knoraXmlImport:label>
    <p0826-teimww:activeDate knoraType="date_value">GREGORIAN:1612:1653</p0826-teimww:activeDate>
    <p0826-teimww:description knoraType="richtext_value">English writer</p0826-teimww:description>
    <p0826-teimww:firstName knoraType="richtext_value">Thomas</p0826-teimww:firstName>
    <p0826-teimww:hasSex knoraType="hlist_value">http://rdfh.ch/lists/0826/4nzvm_dgTZuKqNJnObpg0Q</p0826-teimww:hasSex>
    <p0826-teimww:lastName knoraType="richtext_value">Adams</p0826-teimww:lastName>
  </p0826-teimww:person>
  <p0826-teimww:person id="ww_e92e9dc9d65ade56">
    <knoraXmlImport:label>person label</knoraXmlImport:label>
    <p0826-teimww:activeDate knoraType="date_value">GREGORIAN:1614</p0826-teimww:activeDate>
    <p0826-teimww:description knoraType="richtext_value">English translator</p0826-teimww:description>
    <p0826-teimww:firstName knoraType="richtext_value">W.</p0826-teimww:firstName>
    <p0826-teimww:hasSex knoraType="hlist_value">http://rdfh.ch/lists/0826/4nzvm_dgTZuKqNJnObpg0Q</p0826-teimww:hasSex>
    <p0826-teimww:lastName knoraType="richtext_value">B.</p0826-teimww:lastName>
  </p0826-teimww:person>
  <p0826-teimww:person id="ww_87547eb3eadc52d8">
    <knoraXmlImport:label>person label</knoraXmlImport:label>
    <p0826-teimww:birthDate knoraType="date_value">GREGORIAN:1175</p0826-teimww:birthDate>
    <p0826-teimww:deathDate knoraType="date_value">GREGORIAN:1232:1234</p0826-teimww:deathDate>
    <p0826-teimww:description knoraType="richtext_value">Scottish (?) philosopher</p0826-teimww:description>
    <p0826-teimww:firstName knoraType="richtext_value">Michael</p0826-teimww:firstName>
    <p0826-teimww:hasSex knoraType="hlist_value">http://rdfh.ch/lists/0826/4nzvm_dgTZuKqNJnObpg0Q</p0826-teimww:hasSex>
    <p0826-teimww:lastName knoraType="richtext_value">Scot</p0826-teimww:lastName>
  </p0826-teimww:person>
  <p0826-teimww:person id="ww_edc1093f53e0bc8a">
    <knoraXmlImport:label>person label</knoraXmlImport:label>
    <p0826-teimww:birthDate knoraType="date_value">GREGORIAN:1645</p0826-teimww:birthDate>
    <p0826-teimww:deathDate knoraType="date_value">GREGORIAN:1660</p0826-teimww:deathDate>
    <p0826-teimww:description knoraType="richtext_value">English devotional writer 1587–[]</p0826-teimww:description>
    <p0826-teimww:firstName knoraType="richtext_value">Anthony</p0826-teimww:firstName>
    <p0826-teimww:hasSex knoraType="hlist_value">http://rdfh.ch/lists/0826/4nzvm_dgTZuKqNJnObpg0Q</p0826-teimww:hasSex>
    <p0826-teimww:lastName knoraType="richtext_value">Stafford</p0826-teimww:lastName>
  </p0826-teimww:person>
  <p0826-teimww:person id="ww_7179a7437437988e">
    <knoraXmlImport:label>person label</knoraXmlImport:label>
    <p0826-teimww:birthDate knoraType="date_value">GREGORIAN:1611</p0826-teimww:birthDate>
    <p0826-teimww:deathDate knoraType="date_value">GREGORIAN:1660</p0826-teimww:deathDate>
    <p0826-teimww:description knoraType="richtext_value">English poet</p0826-teimww:description>
    <p0826-teimww:firstName knoraType="richtext_value">Nathaniel</p0826-teimww:firstName>
    <p0826-teimww:hasSex knoraType="hlist_value">http://rdfh.ch/lists/0826/4nzvm_dgTZuKqNJnObpg0Q</p0826-teimww:hasSex>
    <p0826-teimww:lastName knoraType="richtext_value">Richards</p0826-teimww:lastName>
  </p0826-teimww:person>
  <p0826-teimww:person id="ww_0fbb6e273519df06">
    <knoraXmlImport:label>person label</knoraXmlImport:label>
    <p0826-teimww:activeDate knoraType="date_value">GREGORIAN:1910</p0826-teimww:activeDate>
    <p0826-teimww:description knoraType="richtext_value">English (?) scholar</p0826-teimww:description>
    <p0826-teimww:firstName knoraType="richtext_value">Arthur Rowland</p0826-teimww:firstName>
    <p0826-teimww:hasSex knoraType="hlist_value">http://rdfh.ch/lists/0826/4nzvm_dgTZuKqNJnObpg0Q</p0826-teimww:hasSex>
    <p0826-teimww:lastName knoraType="richtext_value">Skemp</p0826-teimww:lastName>
  </p0826-teimww:person>
  <p0826-teimww:person id="ww_33fc0870e5a0fbcf">
    <knoraXmlImport:label>person label</knoraXmlImport:label>
    <p0826-teimww:activeDate knoraType="date_value">GREGORIAN:1638</p0826-teimww:activeDate>
    <p0826-teimww:description knoraType="richtext_value">English writer ,  real name Richard E. Younge</p0826-teimww:description>
    <p0826-teimww:firstName knoraType="richtext_value">R.</p0826-teimww:firstName>
    <p0826-teimww:hasSex knoraType="hlist_value">http://rdfh.ch/lists/0826/4nzvm_dgTZuKqNJnObpg0Q</p0826-teimww:hasSex>
    <p0826-teimww:lastName knoraType="richtext_value">Junius</p0826-teimww:lastName>
  </p0826-teimww:person>
  <p0826-teimww:person id="ww_296a7b9f6d21cde7">
    <knoraXmlImport:label>person label</knoraXmlImport:label>
    <p0826-teimww:activeDate knoraType="date_value">GREGORIAN:1640</p0826-teimww:activeDate>
    <p0826-teimww:description knoraType="richtext_value">English dramatist</p0826-teimww:description>
    <p0826-teimww:firstName knoraType="richtext_value">Samuel</p0826-teimww:firstName>
    <p0826-teimww:hasSex knoraType="hlist_value">http://rdfh.ch/lists/0826/4nzvm_dgTZuKqNJnObpg0Q</p0826-teimww:hasSex>
    <p0826-teimww:lastName knoraType="richtext_value">Harding</p0826-teimww:lastName>
  </p0826-teimww:person>
  <p0826-teimww:person id="ww_c1bd14552f609afe">
    <knoraXmlImport:label>person label</knoraXmlImport:label>
    <p0826-teimww:activeDate knoraType="date_value">GREGORIAN:1975</p0826-teimww:activeDate>
    <p0826-teimww:description knoraType="richtext_value">U.S. (?) academic</p0826-teimww:description>
    <p0826-teimww:firstName knoraType="richtext_value">Jerome W.</p0826-teimww:firstName>
    <p0826-teimww:hasSex knoraType="hlist_value">http://rdfh.ch/lists/0826/4nzvm_dgTZuKqNJnObpg0Q</p0826-teimww:hasSex>
    <p0826-teimww:lastName knoraType="richtext_value">Hogan</p0826-teimww:lastName>
  </p0826-teimww:person>
  <p0826-teimww:person id="ww_bae7c2e690c9caaa">
    <knoraXmlImport:label>person label</knoraXmlImport:label>
    <p0826-teimww:birthDate knoraType="date_value">GREGORIAN:1609</p0826-teimww:birthDate>
    <p0826-teimww:deathDate knoraType="date_value">GREGORIAN:1642</p0826-teimww:deathDate>
    <p0826-teimww:description knoraType="richtext_value">English poet and dramatist</p0826-teimww:description>
    <p0826-teimww:firstName knoraType="richtext_value">John</p0826-teimww:firstName>
    <p0826-teimww:hasSex knoraType="hlist_value">http://rdfh.ch/lists/0826/4nzvm_dgTZuKqNJnObpg0Q</p0826-teimww:hasSex>
    <p0826-teimww:lastName knoraType="richtext_value">Suckling</p0826-teimww:lastName>
  </p0826-teimww:person>
  <p0826-teimww:person id="ww_6f4a80592c6c793c">
    <knoraXmlImport:label>person label</knoraXmlImport:label>
    <p0826-teimww:activeDate knoraType="date_value">GREGORIAN:1639</p0826-teimww:activeDate>
    <p0826-teimww:description knoraType="richtext_value">British poet and dramatist</p0826-teimww:description>
    <p0826-teimww:firstName knoraType="richtext_value">Henry</p0826-teimww:firstName>
    <p0826-teimww:hasSex knoraType="hlist_value">http://rdfh.ch/lists/0826/4nzvm_dgTZuKqNJnObpg0Q</p0826-teimww:hasSex>
    <p0826-teimww:lastName knoraType="richtext_value">Glapthorne</p0826-teimww:lastName>
  </p0826-teimww:person>
  <p0826-teimww:person id="ww_da5a5f8bc94ad571">
    <knoraXmlImport:label>person label</knoraXmlImport:label>
    <p0826-teimww:firstName knoraType="richtext_value">Thomas</p0826-teimww:firstName>
    <p0826-teimww:hasSex knoraType="hlist_value">http://rdfh.ch/lists/0826/4nzvm_dgTZuKqNJnObpg0Q</p0826-teimww:hasSex>
    <p0826-teimww:lastName knoraType="richtext_value">Killigrew</p0826-teimww:lastName>
  </p0826-teimww:person>
  <p0826-teimww:person id="ww_cce3785f9f0b7c67">
    <knoraXmlImport:label>person label</knoraXmlImport:label>
    <p0826-teimww:activeDate knoraType="date_value">GREGORIAN:1650:1652</p0826-teimww:activeDate>
    <p0826-teimww:description knoraType="richtext_value">Anglo-Italian dramatist</p0826-teimww:description>
    <p0826-teimww:firstName knoraType="richtext_value">Cosmo</p0826-teimww:firstName>
    <p0826-teimww:hasSex knoraType="hlist_value">http://rdfh.ch/lists/0826/4nzvm_dgTZuKqNJnObpg0Q</p0826-teimww:hasSex>
    <p0826-teimww:lastName knoraType="richtext_value">Manuche</p0826-teimww:lastName>
  </p0826-teimww:person>
  <p0826-teimww:person id="ww_56af0f484de673fe">
    <knoraXmlImport:label>person label</knoraXmlImport:label>
    <p0826-teimww:activeDate knoraType="date_value">GREGORIAN:1655</p0826-teimww:activeDate>
    <p0826-teimww:description knoraType="richtext_value">English (?) dramatist</p0826-teimww:description>
    <p0826-teimww:firstName knoraType="richtext_value">Richard</p0826-teimww:firstName>
    <p0826-teimww:hasSex knoraType="hlist_value">http://rdfh.ch/lists/0826/4nzvm_dgTZuKqNJnObpg0Q</p0826-teimww:hasSex>
    <p0826-teimww:lastName knoraType="richtext_value">Faber</p0826-teimww:lastName>
  </p0826-teimww:person>
  <p0826-teimww:person id="ww_6404478293b4e0ef">
    <knoraXmlImport:label>person label</knoraXmlImport:label>
    <p0826-teimww:birthDate knoraType="date_value">GREGORIAN:1931</p0826-teimww:birthDate>
    <p0826-teimww:description knoraType="richtext_value">U.S. science-fiction and mistery writer</p0826-teimww:description>
    <p0826-teimww:firstName knoraType="richtext_value">Barbara</p0826-teimww:firstName>
    <p0826-teimww:hasSex knoraType="hlist_value">http://rdfh.ch/lists/0826/4nzvm_dgTZuKqNJnObpg0Q</p0826-teimww:hasSex>
    <p0826-teimww:lastName knoraType="richtext_value">Paul</p0826-teimww:lastName>
  </p0826-teimww:person>
  <p0826-teimww:person id="ww_1ab980e4d883d2f2">
    <knoraXmlImport:label>person label</knoraXmlImport:label>
    <p0826-teimww:birthDate knoraType="date_value">GREGORIAN:1600</p0826-teimww:birthDate>
    <p0826-teimww:deathDate knoraType="date_value">GREGORIAN:1678</p0826-teimww:deathDate>
    <p0826-teimww:description knoraType="richtext_value">English dramatist, poet and musician</p0826-teimww:description>
    <p0826-teimww:firstName knoraType="richtext_value">Richard </p0826-teimww:firstName>
    <p0826-teimww:hasSex knoraType="hlist_value">http://rdfh.ch/lists/0826/4nzvm_dgTZuKqNJnObpg0Q</p0826-teimww:hasSex>
    <p0826-teimww:lastName knoraType="richtext_value">Flecknoe</p0826-teimww:lastName>
  </p0826-teimww:person>
  <p0826-teimww:person id="ww_879fcdf50faac2f4">
    <knoraXmlImport:label>person label</knoraXmlImport:label>
    <p0826-teimww:birthDate knoraType="date_value">GREGORIAN:1608</p0826-teimww:birthDate>
    <p0826-teimww:deathDate knoraType="date_value">GREGORIAN:1661</p0826-teimww:deathDate>
    <p0826-teimww:description knoraType="richtext_value">English priest and historian</p0826-teimww:description>
    <p0826-teimww:firstName knoraType="richtext_value">Thomas</p0826-teimww:firstName>
    <p0826-teimww:hasSex knoraType="hlist_value">http://rdfh.ch/lists/0826/4nzvm_dgTZuKqNJnObpg0Q</p0826-teimww:hasSex>
    <p0826-teimww:lastName knoraType="richtext_value">Fuller</p0826-teimww:lastName>
  </p0826-teimww:person>
  <p0826-teimww:person id="ww_023482909a532caf">
    <knoraXmlImport:label>person label</knoraXmlImport:label>
    <p0826-teimww:birthDate knoraType="date_value">GREGORIAN:1631</p0826-teimww:birthDate>
    <p0826-teimww:deathDate knoraType="date_value">GREGORIAN:1664</p0826-teimww:deathDate>
    <p0826-teimww:description knoraType="richtext_value">Welsh poet.</p0826-teimww:description>
    <p0826-teimww:firstName knoraType="richtext_value">Katherine</p0826-teimww:firstName>
    <p0826-teimww:hasSex knoraType="hlist_value">http://rdfh.ch/lists/0826/4nzvm_dgTZuKqNJnObpg0Q</p0826-teimww:hasSex>
    <p0826-teimww:lastName knoraType="richtext_value">Philips</p0826-teimww:lastName>
  </p0826-teimww:person>
  <p0826-teimww:person id="ww_ed5b7d7b5b4ff788">
    <knoraXmlImport:label>person label</knoraXmlImport:label>
    <p0826-teimww:birthDate knoraType="date_value">GREGORIAN:1631</p0826-teimww:birthDate>
    <p0826-teimww:deathDate knoraType="date_value">GREGORIAN:1700</p0826-teimww:deathDate>
    <p0826-teimww:description knoraType="richtext_value">English poet</p0826-teimww:description>
    <p0826-teimww:firstName knoraType="richtext_value">John</p0826-teimww:firstName>
    <p0826-teimww:hasSex knoraType="hlist_value">http://rdfh.ch/lists/0826/4nzvm_dgTZuKqNJnObpg0Q</p0826-teimww:hasSex>
    <p0826-teimww:lastName knoraType="richtext_value">Dryden</p0826-teimww:lastName>
  </p0826-teimww:person>
  <p0826-teimww:person id="ww_fb786ed957e3108e">
    <knoraXmlImport:label>person label</knoraXmlImport:label>
    <p0826-teimww:birthDate knoraType="date_value">GREGORIAN:1625</p0826-teimww:birthDate>
    <p0826-teimww:deathDate knoraType="date_value">GREGORIAN:1711</p0826-teimww:deathDate>
    <p0826-teimww:description knoraType="richtext_value">English dramatist</p0826-teimww:description>
    <p0826-teimww:firstName knoraType="richtext_value">John</p0826-teimww:firstName>
    <p0826-teimww:hasSex knoraType="hlist_value">http://rdfh.ch/lists/0826/4nzvm_dgTZuKqNJnObpg0Q</p0826-teimww:hasSex>
    <p0826-teimww:lastName knoraType="richtext_value">Caryll</p0826-teimww:lastName>
  </p0826-teimww:person>
  <p0826-teimww:person id="ww_0449cf1b66c3867d">
    <knoraXmlImport:label>person label</knoraXmlImport:label>
    <p0826-teimww:birthDate knoraType="date_value">GREGORIAN:1613:1618</p0826-teimww:birthDate>
    <p0826-teimww:deathDate knoraType="date_value">GREGORIAN:1681</p0826-teimww:deathDate>
    <p0826-teimww:description knoraType="richtext_value">English dramatist</p0826-teimww:description>
    <p0826-teimww:firstName knoraType="richtext_value">John</p0826-teimww:firstName>
    <p0826-teimww:hasSex knoraType="hlist_value">http://rdfh.ch/lists/0826/4nzvm_dgTZuKqNJnObpg0Q</p0826-teimww:hasSex>
    <p0826-teimww:lastName knoraType="richtext_value">Lacy</p0826-teimww:lastName>
  </p0826-teimww:person>
  <p0826-teimww:person id="ww_1013ee760af86e0f">
    <knoraXmlImport:label>person label</knoraXmlImport:label>
    <p0826-teimww:birthDate knoraType="date_value">GREGORIAN:1640</p0826-teimww:birthDate>
    <p0826-teimww:deathDate knoraType="date_value">GREGORIAN:1689</p0826-teimww:deathDate>
    <p0826-teimww:description knoraType="richtext_value">English dramatist and novelist</p0826-teimww:description>
    <p0826-teimww:firstName knoraType="richtext_value">Aphra</p0826-teimww:firstName>
    <p0826-teimww:hasSex knoraType="hlist_value">http://rdfh.ch/lists/0826/4nzvm_dgTZuKqNJnObpg0Q</p0826-teimww:hasSex>
    <p0826-teimww:lastName knoraType="richtext_value">Behn</p0826-teimww:lastName>
  </p0826-teimww:person>
  <p0826-teimww:person id="ww_0fdd672af19515af">
    <knoraXmlImport:label>person label</knoraXmlImport:label>
    <p0826-teimww:birthDate knoraType="date_value">GREGORIAN:1672</p0826-teimww:birthDate>
    <p0826-teimww:deathDate knoraType="date_value">GREGORIAN:1710</p0826-teimww:deathDate>
    <p0826-teimww:description knoraType="richtext_value">English dramatist</p0826-teimww:description>
    <p0826-teimww:firstName knoraType="richtext_value">Henry Neville</p0826-teimww:firstName>
    <p0826-teimww:hasSex knoraType="hlist_value">http://rdfh.ch/lists/0826/4nzvm_dgTZuKqNJnObpg0Q</p0826-teimww:hasSex>
    <p0826-teimww:lastName knoraType="richtext_value">Payne</p0826-teimww:lastName>
  </p0826-teimww:person>
  <p0826-teimww:person id="ww_99b03817dc566412">
    <knoraXmlImport:label>person label</knoraXmlImport:label>
    <p0826-teimww:birthDate knoraType="date_value">GREGORIAN:1652:1654</p0826-teimww:birthDate>
    <p0826-teimww:deathDate knoraType="date_value">GREGORIAN:1707</p0826-teimww:deathDate>
    <p0826-teimww:description knoraType="richtext_value">British dramatist</p0826-teimww:description>
    <p0826-teimww:firstName knoraType="richtext_value">Edward</p0826-teimww:firstName>
    <p0826-teimww:hasSex knoraType="hlist_value">http://rdfh.ch/lists/0826/4nzvm_dgTZuKqNJnObpg0Q</p0826-teimww:hasSex>
    <p0826-teimww:lastName knoraType="richtext_value">Ravenscroft</p0826-teimww:lastName>
  </p0826-teimww:person>
  <p0826-teimww:person id="ww_9830d46f027273df">
    <knoraXmlImport:label>person label</knoraXmlImport:label>
    <p0826-teimww:firstName knoraType="richtext_value">William Cavendish, Duke of</p0826-teimww:firstName>
    <p0826-teimww:hasSex knoraType="hlist_value">http://rdfh.ch/lists/0826/4nzvm_dgTZuKqNJnObpg0Q</p0826-teimww:hasSex>
    <p0826-teimww:lastName knoraType="richtext_value">Newcastle</p0826-teimww:lastName>
  </p0826-teimww:person>
  <p0826-teimww:person id="ww_0fa63d0ba5908460">
    <knoraXmlImport:label>person label</knoraXmlImport:label>
    <p0826-teimww:deathDate knoraType="date_value">GREGORIAN:1702</p0826-teimww:deathDate>
    <p0826-teimww:description knoraType="richtext_value">English (?) dramatist</p0826-teimww:description>
    <p0826-teimww:firstName knoraType="richtext_value">John</p0826-teimww:firstName>
    <p0826-teimww:hasSex knoraType="hlist_value">http://rdfh.ch/lists/0826/4nzvm_dgTZuKqNJnObpg0Q</p0826-teimww:hasSex>
    <p0826-teimww:lastName knoraType="richtext_value">Banks</p0826-teimww:lastName>
  </p0826-teimww:person>
  <p0826-teimww:person id="ww_2fbef537c50f1433">
    <knoraXmlImport:label>person label</knoraXmlImport:label>
    <p0826-teimww:birthDate knoraType="date_value">GREGORIAN:1652</p0826-teimww:birthDate>
    <p0826-teimww:deathDate knoraType="date_value">GREGORIAN:1685</p0826-teimww:deathDate>
    <p0826-teimww:description knoraType="richtext_value">English dramatist</p0826-teimww:description>
    <p0826-teimww:firstName knoraType="richtext_value">Thomas</p0826-teimww:firstName>
    <p0826-teimww:hasSex knoraType="hlist_value">http://rdfh.ch/lists/0826/4nzvm_dgTZuKqNJnObpg0Q</p0826-teimww:hasSex>
    <p0826-teimww:lastName knoraType="richtext_value">Otway</p0826-teimww:lastName>
  </p0826-teimww:person>
  <p0826-teimww:person id="ww_12f7d2e19bfcb92f">
    <knoraXmlImport:label>person label</knoraXmlImport:label>
    <p0826-teimww:birthDate knoraType="date_value">GREGORIAN:1652:1654</p0826-teimww:birthDate>
    <p0826-teimww:deathDate knoraType="date_value">GREGORIAN:1692</p0826-teimww:deathDate>
    <p0826-teimww:description knoraType="richtext_value">English dramatist</p0826-teimww:description>
    <p0826-teimww:firstName knoraType="richtext_value">Nathaniel</p0826-teimww:firstName>
    <p0826-teimww:hasSex knoraType="hlist_value">http://rdfh.ch/lists/0826/4nzvm_dgTZuKqNJnObpg0Q</p0826-teimww:hasSex>
    <p0826-teimww:lastName knoraType="richtext_value">Lee</p0826-teimww:lastName>
  </p0826-teimww:person>
  <p0826-teimww:person id="ww_1f1f38544516a902">
    <knoraXmlImport:label>person label</knoraXmlImport:label>
    <p0826-teimww:birthDate knoraType="date_value">GREGORIAN:1660</p0826-teimww:birthDate>
    <p0826-teimww:deathDate knoraType="date_value">GREGORIAN:1746</p0826-teimww:deathDate>
    <p0826-teimww:description knoraType="richtext_value">Irish dramatist</p0826-teimww:description>
    <p0826-teimww:firstName knoraType="richtext_value">Thomas</p0826-teimww:firstName>
    <p0826-teimww:hasSex knoraType="hlist_value">http://rdfh.ch/lists/0826/4nzvm_dgTZuKqNJnObpg0Q</p0826-teimww:hasSex>
    <p0826-teimww:lastName knoraType="richtext_value">Southerne</p0826-teimww:lastName>
  </p0826-teimww:person>
  <p0826-teimww:person id="ww_aea6ce6ca036608b">
    <knoraXmlImport:label>person label</knoraXmlImport:label>
    <p0826-teimww:birthDate knoraType="date_value">GREGORIAN:1652</p0826-teimww:birthDate>
    <p0826-teimww:deathDate knoraType="date_value">GREGORIAN:1715</p0826-teimww:deathDate>
    <p0826-teimww:description knoraType="richtext_value">Irish poet and dramatist</p0826-teimww:description>
    <p0826-teimww:firstName knoraType="richtext_value">Nahum</p0826-teimww:firstName>
    <p0826-teimww:hasSex knoraType="hlist_value">http://rdfh.ch/lists/0826/4nzvm_dgTZuKqNJnObpg0Q</p0826-teimww:hasSex>
    <p0826-teimww:lastName knoraType="richtext_value">Tate</p0826-teimww:lastName>
  </p0826-teimww:person>
  <p0826-teimww:person id="ww_ae2d914875625509">
    <knoraXmlImport:label>person label</knoraXmlImport:label>
    <p0826-teimww:birthDate knoraType="date_value">GREGORIAN:1628</p0826-teimww:birthDate>
    <p0826-teimww:deathDate knoraType="date_value">GREGORIAN:1687</p0826-teimww:deathDate>
    <p0826-teimww:description knoraType="richtext_value">English dramatist</p0826-teimww:description>
    <p0826-teimww:firstName knoraType="richtext_value">George Villiers, Duke of</p0826-teimww:firstName>
    <p0826-teimww:hasSex knoraType="hlist_value">http://rdfh.ch/lists/0826/4nzvm_dgTZuKqNJnObpg0Q</p0826-teimww:hasSex>
    <p0826-teimww:lastName knoraType="richtext_value">Buckingham</p0826-teimww:lastName>
  </p0826-teimww:person>
  <p0826-teimww:person id="ww_7af335e6c892a8d0">
    <knoraXmlImport:label>person label</knoraXmlImport:label>
    <p0826-teimww:birthDate knoraType="date_value">GREGORIAN:1532</p0826-teimww:birthDate>
    <p0826-teimww:deathDate knoraType="date_value">GREGORIAN:1584</p0826-teimww:deathDate>
    <p0826-teimww:description knoraType="richtext_value">English dramatist and politician</p0826-teimww:description>
    <p0826-teimww:firstName knoraType="richtext_value">Thomas</p0826-teimww:firstName>
    <p0826-teimww:hasSex knoraType="hlist_value">http://rdfh.ch/lists/0826/4nzvm_dgTZuKqNJnObpg0Q</p0826-teimww:hasSex>
    <p0826-teimww:lastName knoraType="richtext_value">Norton</p0826-teimww:lastName>
  </p0826-teimww:person>
  <p0826-teimww:person id="ww_3d7f30bfa784adbc">
    <knoraXmlImport:label>person label</knoraXmlImport:label>
    <p0826-teimww:birthDate knoraType="date_value">GREGORIAN:1536</p0826-teimww:birthDate>
    <p0826-teimww:deathDate knoraType="date_value">GREGORIAN:1608</p0826-teimww:deathDate>
    <p0826-teimww:description knoraType="richtext_value">English politician, poet and dramatist  #007009</p0826-teimww:description>
    <p0826-teimww:firstName knoraType="richtext_value">Sir Thomas</p0826-teimww:firstName>
    <p0826-teimww:hasSex knoraType="hlist_value">http://rdfh.ch/lists/0826/4nzvm_dgTZuKqNJnObpg0Q</p0826-teimww:hasSex>
    <p0826-teimww:lastName knoraType="richtext_value">Sackville</p0826-teimww:lastName>
  </p0826-teimww:person>
  <p0826-teimww:person id="ww_7aab59631f22d17e">
    <knoraXmlImport:label>person label</knoraXmlImport:label>
    <p0826-teimww:activeDate knoraType="date_value">GREGORIAN:1570:1602</p0826-teimww:activeDate>
    <p0826-teimww:description knoraType="richtext_value">English poet</p0826-teimww:description>
    <p0826-teimww:firstName knoraType="richtext_value">John</p0826-teimww:firstName>
    <p0826-teimww:hasSex knoraType="hlist_value">http://rdfh.ch/lists/0826/4nzvm_dgTZuKqNJnObpg0Q</p0826-teimww:hasSex>
    <p0826-teimww:lastName knoraType="richtext_value">Higgins</p0826-teimww:lastName>
  </p0826-teimww:person>
  <p0826-teimww:person id="ww_116917d934be52dd">
    <knoraXmlImport:label>person label</knoraXmlImport:label>
    <p0826-teimww:birthDate knoraType="date_value">GREGORIAN:1558</p0826-teimww:birthDate>
    <p0826-teimww:deathDate knoraType="date_value">GREGORIAN:1594</p0826-teimww:deathDate>
    <p0826-teimww:description knoraType="richtext_value">English dramatist</p0826-teimww:description>
    <p0826-teimww:firstName knoraType="richtext_value">Thomas</p0826-teimww:firstName>
    <p0826-teimww:hasSex knoraType="hlist_value">http://rdfh.ch/lists/0826/4nzvm_dgTZuKqNJnObpg0Q</p0826-teimww:hasSex>
    <p0826-teimww:lastName knoraType="richtext_value">Kyd</p0826-teimww:lastName>
  </p0826-teimww:person>
  <p0826-teimww:person id="ww_15b50ac49f9798c6">
    <knoraXmlImport:label>person label</knoraXmlImport:label>
    <p0826-teimww:birthDate knoraType="date_value">GREGORIAN:1944</p0826-teimww:birthDate>
    <p0826-teimww:description knoraType="richtext_value">U.S. academic</p0826-teimww:description>
    <p0826-teimww:firstName knoraType="richtext_value">Marjorie</p0826-teimww:firstName>
    <p0826-teimww:hasSex knoraType="hlist_value">http://rdfh.ch/lists/0826/4nzvm_dgTZuKqNJnObpg0Q</p0826-teimww:hasSex>
    <p0826-teimww:lastName knoraType="richtext_value">Garber</p0826-teimww:lastName>
  </p0826-teimww:person>
  <p0826-teimww:person id="ww_67ff3ba62bd10038">
    <knoraXmlImport:label>person label</knoraXmlImport:label>
    <p0826-teimww:activeDate knoraType="date_value">GREGORIAN:1978:1983</p0826-teimww:activeDate>
    <p0826-teimww:description knoraType="richtext_value">U.S. (?) scholar</p0826-teimww:description>
    <p0826-teimww:firstName knoraType="richtext_value">William B.</p0826-teimww:firstName>
    <p0826-teimww:hasSex knoraType="hlist_value">http://rdfh.ch/lists/0826/4nzvm_dgTZuKqNJnObpg0Q</p0826-teimww:hasSex>
    <p0826-teimww:lastName knoraType="richtext_value">HUnter</p0826-teimww:lastName>
  </p0826-teimww:person>
  <p0826-teimww:person id="ww_d78431424289a522">
    <knoraXmlImport:label>person label</knoraXmlImport:label>
    <p0826-teimww:activeDate knoraType="date_value">GREGORIAN:1913</p0826-teimww:activeDate>
    <p0826-teimww:description knoraType="richtext_value">German (?) scholar</p0826-teimww:description>
    <p0826-teimww:firstName knoraType="richtext_value">Friedrich</p0826-teimww:firstName>
    <p0826-teimww:hasSex knoraType="hlist_value">http://rdfh.ch/lists/0826/4nzvm_dgTZuKqNJnObpg0Q</p0826-teimww:hasSex>
    <p0826-teimww:lastName knoraType="richtext_value">Ernst</p0826-teimww:lastName>
  </p0826-teimww:person>
  <p0826-teimww:person id="ww_9e2e58504b5d3de8">
    <knoraXmlImport:label>person label</knoraXmlImport:label>
    <p0826-teimww:birthDate knoraType="date_value">GREGORIAN:1567</p0826-teimww:birthDate>
    <p0826-teimww:deathDate knoraType="date_value">GREGORIAN:1601</p0826-teimww:deathDate>
    <p0826-teimww:description knoraType="richtext_value">English pamphleteer and dramatist</p0826-teimww:description>
    <p0826-teimww:firstName knoraType="richtext_value">Thomas</p0826-teimww:firstName>
    <p0826-teimww:hasSex knoraType="hlist_value">http://rdfh.ch/lists/0826/4nzvm_dgTZuKqNJnObpg0Q</p0826-teimww:hasSex>
    <p0826-teimww:lastName knoraType="richtext_value">Nashe</p0826-teimww:lastName>
  </p0826-teimww:person>
  <p0826-teimww:person id="ww_2e81405af6457448">
    <knoraXmlImport:label>person label</knoraXmlImport:label>
    <p0826-teimww:birthDate knoraType="date_value">GREGORIAN:1562</p0826-teimww:birthDate>
    <p0826-teimww:deathDate knoraType="date_value">GREGORIAN:1619</p0826-teimww:deathDate>
    <p0826-teimww:description knoraType="richtext_value">English poet and dramatist</p0826-teimww:description>
    <p0826-teimww:firstName knoraType="richtext_value">Samuel</p0826-teimww:firstName>
    <p0826-teimww:hasSex knoraType="hlist_value">http://rdfh.ch/lists/0826/4nzvm_dgTZuKqNJnObpg0Q</p0826-teimww:hasSex>
    <p0826-teimww:lastName knoraType="richtext_value">Daniel</p0826-teimww:lastName>
  </p0826-teimww:person>
  <p0826-teimww:person id="ww_ce2fb5bd491a4d2e">
    <knoraXmlImport:label>person label</knoraXmlImport:label>
    <p0826-teimww:birthDate knoraType="date_value">GREGORIAN:1558</p0826-teimww:birthDate>
    <p0826-teimww:deathDate knoraType="date_value">GREGORIAN:1592</p0826-teimww:deathDate>
    <p0826-teimww:description knoraType="richtext_value">English dramatist and pamphleteer</p0826-teimww:description>
    <p0826-teimww:firstName knoraType="richtext_value">Robert</p0826-teimww:firstName>
    <p0826-teimww:hasSex knoraType="hlist_value">http://rdfh.ch/lists/0826/4nzvm_dgTZuKqNJnObpg0Q</p0826-teimww:hasSex>
    <p0826-teimww:lastName knoraType="richtext_value">Greene</p0826-teimww:lastName>
  </p0826-teimww:person>
  <p0826-teimww:person id="ww_2e80ef314f6d0fdc">
    <knoraXmlImport:label>person label</knoraXmlImport:label>
    <p0826-teimww:birthDate knoraType="date_value">GREGORIAN:1520</p0826-teimww:birthDate>
    <p0826-teimww:deathDate knoraType="date_value">GREGORIAN:1604</p0826-teimww:deathDate>
    <p0826-teimww:description knoraType="richtext_value">English poet</p0826-teimww:description>
    <p0826-teimww:firstName knoraType="richtext_value">Thomas</p0826-teimww:firstName>
    <p0826-teimww:hasSex knoraType="hlist_value">http://rdfh.ch/lists/0826/4nzvm_dgTZuKqNJnObpg0Q</p0826-teimww:hasSex>
    <p0826-teimww:lastName knoraType="richtext_value">Churchyard</p0826-teimww:lastName>
  </p0826-teimww:person>
  <p0826-teimww:person id="ww_bb3b6ed200b7c591">
    <knoraXmlImport:label>person label</knoraXmlImport:label>
    <p0826-teimww:activeDate knoraType="date_value">GREGORIAN:2013</p0826-teimww:activeDate>
    <p0826-teimww:description knoraType="richtext_value">English (?) academic</p0826-teimww:description>
    <p0826-teimww:firstName knoraType="richtext_value">Kate</p0826-teimww:firstName>
    <p0826-teimww:hasSex knoraType="hlist_value">http://rdfh.ch/lists/0826/4nzvm_dgTZuKqNJnObpg0Q</p0826-teimww:hasSex>
    <p0826-teimww:lastName knoraType="richtext_value">Wilkinson</p0826-teimww:lastName>
  </p0826-teimww:person>
  <p0826-teimww:person id="ww_d4ab524c831a2992">
    <knoraXmlImport:label>person label</knoraXmlImport:label>
    <p0826-teimww:birthDate knoraType="date_value">GREGORIAN:1560:1562</p0826-teimww:birthDate>
    <p0826-teimww:deathDate knoraType="date_value">GREGORIAN:1595</p0826-teimww:deathDate>
    <p0826-teimww:description knoraType="richtext_value">English Jesuit priest and poet</p0826-teimww:description>
    <p0826-teimww:firstName knoraType="richtext_value">Robert</p0826-teimww:firstName>
    <p0826-teimww:hasSex knoraType="hlist_value">http://rdfh.ch/lists/0826/4nzvm_dgTZuKqNJnObpg0Q</p0826-teimww:hasSex>
    <p0826-teimww:lastName knoraType="richtext_value">Southwell</p0826-teimww:lastName>
  </p0826-teimww:person>
  <p0826-teimww:person id="ww_b33f1194b1177f69">
    <knoraXmlImport:label>person label</knoraXmlImport:label>
    <p0826-teimww:activeDate knoraType="date_value">GREGORIAN:1930</p0826-teimww:activeDate>
    <p0826-teimww:description knoraType="richtext_value">British (?) scholar</p0826-teimww:description>
    <p0826-teimww:firstName knoraType="richtext_value">C. F. Tucker</p0826-teimww:firstName>
    <p0826-teimww:hasSex knoraType="hlist_value">http://rdfh.ch/lists/0826/4nzvm_dgTZuKqNJnObpg0Q</p0826-teimww:hasSex>
    <p0826-teimww:lastName knoraType="richtext_value">Brooke</p0826-teimww:lastName>
  </p0826-teimww:person>
  <p0826-teimww:person id="ww_31ef7df7935b492f">
    <knoraXmlImport:label>person label</knoraXmlImport:label>
    <p0826-teimww:birthDate knoraType="date_value">GREGORIAN:1556:1559</p0826-teimww:birthDate>
    <p0826-teimww:deathDate knoraType="date_value">GREGORIAN:1625</p0826-teimww:deathDate>
    <p0826-teimww:description knoraType="richtext_value">English poet and dramatist</p0826-teimww:description>
    <p0826-teimww:firstName knoraType="richtext_value">Thomas</p0826-teimww:firstName>
    <p0826-teimww:hasSex knoraType="hlist_value">http://rdfh.ch/lists/0826/4nzvm_dgTZuKqNJnObpg0Q</p0826-teimww:hasSex>
    <p0826-teimww:lastName knoraType="richtext_value">Lodge</p0826-teimww:lastName>
  </p0826-teimww:person>
  <p0826-teimww:person id="ww_669296d55624f6e0">
    <knoraXmlImport:label>person label</knoraXmlImport:label>
    <p0826-teimww:activeDate knoraType="date_value">GREGORIAN:1902</p0826-teimww:activeDate>
    <p0826-teimww:description knoraType="richtext_value">English (?) scholar</p0826-teimww:description>
    <p0826-teimww:firstName knoraType="richtext_value">Charles A.</p0826-teimww:firstName>
    <p0826-teimww:hasSex knoraType="hlist_value">http://rdfh.ch/lists/0826/4nzvm_dgTZuKqNJnObpg0Q</p0826-teimww:hasSex>
    <p0826-teimww:lastName knoraType="richtext_value">Herpich</p0826-teimww:lastName>
  </p0826-teimww:person>
  <p0826-teimww:person id="ww_2c045bd15b626e88">
    <knoraXmlImport:label>person label</knoraXmlImport:label>
    <p0826-teimww:activeDate knoraType="date_value">GREGORIAN:1911:1912</p0826-teimww:activeDate>
    <p0826-teimww:description knoraType="richtext_value">Gemran scholar</p0826-teimww:description>
    <p0826-teimww:firstName knoraType="richtext_value">Hunold</p0826-teimww:firstName>
    <p0826-teimww:hasSex knoraType="hlist_value">http://rdfh.ch/lists/0826/4nzvm_dgTZuKqNJnObpg0Q</p0826-teimww:hasSex>
    <p0826-teimww:lastName knoraType="richtext_value">Nibbe</p0826-teimww:lastName>
  </p0826-teimww:person>
  <p0826-teimww:person id="ww_ac85346a6a733ffa">
    <knoraXmlImport:label>person label</knoraXmlImport:label>
    <p0826-teimww:activeDate knoraType="date_value">GREGORIAN:1980</p0826-teimww:activeDate>
    <p0826-teimww:description knoraType="richtext_value">U.S. (?) scholar</p0826-teimww:description>
    <p0826-teimww:firstName knoraType="richtext_value">George L.</p0826-teimww:firstName>
    <p0826-teimww:hasSex knoraType="hlist_value">http://rdfh.ch/lists/0826/4nzvm_dgTZuKqNJnObpg0Q</p0826-teimww:hasSex>
    <p0826-teimww:lastName knoraType="richtext_value">Geckle</p0826-teimww:lastName>
  </p0826-teimww:person>
  <p0826-teimww:person id="ww_360a194801e33346">
    <knoraXmlImport:label>person label</knoraXmlImport:label>
    <p0826-teimww:birthDate knoraType="date_value">GREGORIAN:1958</p0826-teimww:birthDate>
    <p0826-teimww:description knoraType="richtext_value">English academic</p0826-teimww:description>
    <p0826-teimww:firstName knoraType="richtext_value">Sir Andrew Jonathan</p0826-teimww:firstName>
    <p0826-teimww:hasSex knoraType="hlist_value">http://rdfh.ch/lists/0826/4nzvm_dgTZuKqNJnObpg0Q</p0826-teimww:hasSex>
    <p0826-teimww:lastName knoraType="richtext_value">Bate</p0826-teimww:lastName>
  </p0826-teimww:person>
  <p0826-teimww:person id="ww_8fb09da2c31a2ddc">
    <knoraXmlImport:label>person label</knoraXmlImport:label>
    <p0826-teimww:birthDate knoraType="date_value">GREGORIAN:1959:1963</p0826-teimww:birthDate>
    <p0826-teimww:description knoraType="richtext_value">U.S. academic</p0826-teimww:description>
    <p0826-teimww:firstName knoraType="richtext_value">Eric</p0826-teimww:firstName>
    <p0826-teimww:hasSex knoraType="hlist_value">http://rdfh.ch/lists/0826/4nzvm_dgTZuKqNJnObpg0Q</p0826-teimww:hasSex>
    <p0826-teimww:lastName knoraType="richtext_value">Rasmussen</p0826-teimww:lastName>
  </p0826-teimww:person>
  <p0826-teimww:person id="ww_7873f39b651d99c4">
    <knoraXmlImport:label>person label</knoraXmlImport:label>
    <p0826-teimww:birthDate knoraType="date_value">GREGORIAN:1758</p0826-teimww:birthDate>
    <p0826-teimww:deathDate knoraType="date_value">GREGORIAN:1832</p0826-teimww:deathDate>
    <p0826-teimww:description knoraType="richtext_value">English philologist</p0826-teimww:description>
    <p0826-teimww:firstName knoraType="richtext_value">Walter</p0826-teimww:firstName>
    <p0826-teimww:hasSex knoraType="hlist_value">http://rdfh.ch/lists/0826/4nzvm_dgTZuKqNJnObpg0Q</p0826-teimww:hasSex>
    <p0826-teimww:lastName knoraType="richtext_value">Whiter</p0826-teimww:lastName>
  </p0826-teimww:person>
  <p0826-teimww:person id="ww_6602bf84bc7e7d7f">
    <knoraXmlImport:label>person label</knoraXmlImport:label>
    <p0826-teimww:activeDate knoraType="date_value">GREGORIAN:1964</p0826-teimww:activeDate>
    <p0826-teimww:description knoraType="richtext_value">U.S. academic</p0826-teimww:description>
    <p0826-teimww:firstName knoraType="richtext_value">Robert Witback</p0826-teimww:firstName>
    <p0826-teimww:hasSex knoraType="hlist_value">http://rdfh.ch/lists/0826/4nzvm_dgTZuKqNJnObpg0Q</p0826-teimww:hasSex>
    <p0826-teimww:lastName knoraType="richtext_value">Babcock</p0826-teimww:lastName>
  </p0826-teimww:person>
  <p0826-teimww:person id="ww_df21ac325632f060">
    <knoraXmlImport:label>person label</knoraXmlImport:label>
    <p0826-teimww:birthDate knoraType="date_value">GREGORIAN:1930</p0826-teimww:birthDate>
    <p0826-teimww:description knoraType="richtext_value">English scholar</p0826-teimww:description>
    <p0826-teimww:firstName knoraType="richtext_value">Sir Stanley William</p0826-teimww:firstName>
    <p0826-teimww:hasSex knoraType="hlist_value">http://rdfh.ch/lists/0826/4nzvm_dgTZuKqNJnObpg0Q</p0826-teimww:hasSex>
    <p0826-teimww:lastName knoraType="richtext_value">Wells</p0826-teimww:lastName>
  </p0826-teimww:person>
  <p0826-teimww:person id="ww_9d448942a16583fe">
    <knoraXmlImport:label>person label</knoraXmlImport:label>
    <p0826-teimww:activeDate knoraType="date_value">GREGORIAN:1969</p0826-teimww:activeDate>
    <p0826-teimww:description knoraType="richtext_value">U.S. (?) scholar</p0826-teimww:description>
    <p0826-teimww:firstName knoraType="richtext_value">Lilian M.</p0826-teimww:firstName>
    <p0826-teimww:hasSex knoraType="hlist_value">http://rdfh.ch/lists/0826/4nzvm_dgTZuKqNJnObpg0Q</p0826-teimww:hasSex>
    <p0826-teimww:lastName knoraType="richtext_value">Ruff</p0826-teimww:lastName>
  </p0826-teimww:person>
  <p0826-teimww:person id="ww_c961f8c651ae6763">
    <knoraXmlImport:label>person label</knoraXmlImport:label>
    <p0826-teimww:activeDate knoraType="date_value">GREGORIAN:1969</p0826-teimww:activeDate>
    <p0826-teimww:description knoraType="richtext_value">U.S. (?) scholar</p0826-teimww:description>
    <p0826-teimww:firstName knoraType="richtext_value">D. Arnold</p0826-teimww:firstName>
    <p0826-teimww:hasSex knoraType="hlist_value">http://rdfh.ch/lists/0826/4nzvm_dgTZuKqNJnObpg0Q</p0826-teimww:hasSex>
    <p0826-teimww:lastName knoraType="richtext_value">Wilson</p0826-teimww:lastName>
  </p0826-teimww:person>
  <p0826-teimww:person id="ww_ffa5ab3de908dcd2">
    <knoraXmlImport:label>person label</knoraXmlImport:label>
    <p0826-teimww:activeDate knoraType="date_value">GREGORIAN:1968:1978</p0826-teimww:activeDate>
    <p0826-teimww:description knoraType="richtext_value">U.S. (?) scholar</p0826-teimww:description>
    <p0826-teimww:firstName knoraType="richtext_value">David L.</p0826-teimww:firstName>
    <p0826-teimww:hasSex knoraType="hlist_value">http://rdfh.ch/lists/0826/4nzvm_dgTZuKqNJnObpg0Q</p0826-teimww:hasSex>
    <p0826-teimww:lastName knoraType="richtext_value">Frost</p0826-teimww:lastName>
  </p0826-teimww:person>
  <p0826-teimww:person id="ww_e651195b0e2d0014">
    <knoraXmlImport:label>person label</knoraXmlImport:label>
    <p0826-teimww:birthDate knoraType="date_value">GREGORIAN:1920</p0826-teimww:birthDate>
    <p0826-teimww:deathDate knoraType="date_value">GREGORIAN:2008</p0826-teimww:deathDate>
    <p0826-teimww:description knoraType="richtext_value">Italian scholar</p0826-teimww:description>
    <p0826-teimww:firstName knoraType="richtext_value">Giorgio</p0826-teimww:firstName>
    <p0826-teimww:hasSex knoraType="hlist_value">http://rdfh.ch/lists/0826/4nzvm_dgTZuKqNJnObpg0Q</p0826-teimww:hasSex>
    <p0826-teimww:lastName knoraType="richtext_value">Melchiori</p0826-teimww:lastName>
  </p0826-teimww:person>
  <p0826-teimww:person id="ww_ed8bb2273ef0878b">
    <knoraXmlImport:label>person label</knoraXmlImport:label>
    <p0826-teimww:activeDate knoraType="date_value">GREGORIAN:1927</p0826-teimww:activeDate>
    <p0826-teimww:description knoraType="richtext_value">English (?) scholar</p0826-teimww:description>
    <p0826-teimww:firstName knoraType="richtext_value">F. L.</p0826-teimww:firstName>
    <p0826-teimww:hasSex knoraType="hlist_value">http://rdfh.ch/lists/0826/4nzvm_dgTZuKqNJnObpg0Q</p0826-teimww:hasSex>
    <p0826-teimww:lastName knoraType="richtext_value">Lucas</p0826-teimww:lastName>
  </p0826-teimww:person>
  <p0826-teimww:person id="ww_ac792c172bd4228f">
    <knoraXmlImport:label>person label</knoraXmlImport:label>
    <p0826-teimww:activeDate knoraType="date_value">GREGORIAN:1941</p0826-teimww:activeDate>
    <p0826-teimww:description knoraType="richtext_value">U.S. (?) scholar</p0826-teimww:description>
    <p0826-teimww:firstName knoraType="richtext_value">Howard</p0826-teimww:firstName>
    <p0826-teimww:hasSex knoraType="hlist_value">http://rdfh.ch/lists/0826/4nzvm_dgTZuKqNJnObpg0Q</p0826-teimww:hasSex>
    <p0826-teimww:lastName knoraType="richtext_value">Schultz</p0826-teimww:lastName>
  </p0826-teimww:person>
  <p0826-teimww:person id="ww_4e2014cf7880cdc5">
    <knoraXmlImport:label>person label</knoraXmlImport:label>
    <p0826-teimww:activeDate knoraType="date_value">GREGORIAN:1975:2008</p0826-teimww:activeDate>
    <p0826-teimww:description knoraType="richtext_value">English (?) scholar</p0826-teimww:description>
    <p0826-teimww:firstName knoraType="richtext_value">Thiomas Wallace</p0826-teimww:firstName>
    <p0826-teimww:hasSex knoraType="hlist_value">http://rdfh.ch/lists/0826/4nzvm_dgTZuKqNJnObpg0Q</p0826-teimww:hasSex>
    <p0826-teimww:lastName knoraType="richtext_value">Craik</p0826-teimww:lastName>
  </p0826-teimww:person>
  <p0826-teimww:person id="ww_549b732020230ba1">
    <knoraXmlImport:label>person label</knoraXmlImport:label>
    <p0826-teimww:birthDate knoraType="date_value">GREGORIAN:1918</p0826-teimww:birthDate>
    <p0826-teimww:deathDate knoraType="date_value">GREGORIAN:2013</p0826-teimww:deathDate>
    <p0826-teimww:description knoraType="richtext_value">Canadian academic</p0826-teimww:description>
    <p0826-teimww:firstName knoraType="richtext_value">Ernest</p0826-teimww:firstName>
    <p0826-teimww:hasSex knoraType="hlist_value">http://rdfh.ch/lists/0826/4nzvm_dgTZuKqNJnObpg0Q</p0826-teimww:hasSex>
    <p0826-teimww:lastName knoraType="richtext_value">Sirluck</p0826-teimww:lastName>
  </p0826-teimww:person>
  <p0826-teimww:person id="ww_86c92244655c7f75">
    <knoraXmlImport:label>person label</knoraXmlImport:label>
    <p0826-teimww:birthDate knoraType="date_value">GREGORIAN:1949</p0826-teimww:birthDate>
    <p0826-teimww:description knoraType="richtext_value">Swiss scholar</p0826-teimww:description>
    <p0826-teimww:firstName knoraType="richtext_value">Barbara</p0826-teimww:firstName>
    <p0826-teimww:hasSex knoraType="hlist_value">http://rdfh.ch/lists/0826/4nzvm_dgTZuKqNJnObpg0Q</p0826-teimww:hasSex>
    <p0826-teimww:lastName knoraType="richtext_value">Sträuli</p0826-teimww:lastName>
  </p0826-teimww:person>
  <p0826-teimww:person id="ww_920d3f0aede3598b">
    <knoraXmlImport:label>person label</knoraXmlImport:label>
    <p0826-teimww:activeDate knoraType="date_value">GREGORIAN:1869:1871</p0826-teimww:activeDate>
    <p0826-teimww:description knoraType="richtext_value">English scholar</p0826-teimww:description>
    <p0826-teimww:firstName knoraType="richtext_value">William Lowes</p0826-teimww:firstName>
    <p0826-teimww:hasSex knoraType="hlist_value">http://rdfh.ch/lists/0826/4nzvm_dgTZuKqNJnObpg0Q</p0826-teimww:hasSex>
    <p0826-teimww:lastName knoraType="richtext_value">Rushton</p0826-teimww:lastName>
  </p0826-teimww:person>
  <p0826-teimww:person id="ww_9d444a0f923d7ac3">
    <knoraXmlImport:label>person label</knoraXmlImport:label>
    <p0826-teimww:birthDate knoraType="date_value">GREGORIAN:1921</p0826-teimww:birthDate>
    <p0826-teimww:deathDate knoraType="date_value">GREGORIAN:2005</p0826-teimww:deathDate>
    <p0826-teimww:description knoraType="richtext_value">U.S. literary scholar and theologian</p0826-teimww:description>
    <p0826-teimww:firstName knoraType="richtext_value">Roland Mushat</p0826-teimww:firstName>
    <p0826-teimww:hasSex knoraType="hlist_value">http://rdfh.ch/lists/0826/4nzvm_dgTZuKqNJnObpg0Q</p0826-teimww:hasSex>
    <p0826-teimww:lastName knoraType="richtext_value">Frye</p0826-teimww:lastName>
  </p0826-teimww:person>
  <p0826-teimww:person id="ww_99768d9741fbce8b">
    <knoraXmlImport:label>person label</knoraXmlImport:label>
    <p0826-teimww:birthDate knoraType="date_value">GREGORIAN:1728</p0826-teimww:birthDate>
    <p0826-teimww:deathDate knoraType="date_value">GREGORIAN:1790</p0826-teimww:deathDate>
    <p0826-teimww:description knoraType="richtext_value">English scholar</p0826-teimww:description>
    <p0826-teimww:firstName knoraType="richtext_value">Thomas</p0826-teimww:firstName>
    <p0826-teimww:hasSex knoraType="hlist_value">http://rdfh.ch/lists/0826/4nzvm_dgTZuKqNJnObpg0Q</p0826-teimww:hasSex>
    <p0826-teimww:lastName knoraType="richtext_value">Warton</p0826-teimww:lastName>
  </p0826-teimww:person>
  <p0826-teimww:person id="ww_e59f20507549cc08">
    <knoraXmlImport:label>person label</knoraXmlImport:label>
    <p0826-teimww:birthDate knoraType="date_value">GREGORIAN:1881</p0826-teimww:birthDate>
    <p0826-teimww:deathDate knoraType="date_value">GREGORIAN:1969</p0826-teimww:deathDate>
    <p0826-teimww:description knoraType="richtext_value">English scholar</p0826-teimww:description>
    <p0826-teimww:firstName knoraType="richtext_value">John Dover</p0826-teimww:firstName>
    <p0826-teimww:hasSex knoraType="hlist_value">http://rdfh.ch/lists/0826/4nzvm_dgTZuKqNJnObpg0Q</p0826-teimww:hasSex>
    <p0826-teimww:lastName knoraType="richtext_value">Wilson</p0826-teimww:lastName>
  </p0826-teimww:person>
  <p0826-teimww:person id="ww_0579f1a78253c75c">
    <knoraXmlImport:label>person label</knoraXmlImport:label>
    <p0826-teimww:birthDate knoraType="date_value">GREGORIAN:1946</p0826-teimww:birthDate>
    <p0826-teimww:description knoraType="richtext_value">English actor</p0826-teimww:description>
    <p0826-teimww:firstName knoraType="richtext_value">Clive</p0826-teimww:firstName>
    <p0826-teimww:hasSex knoraType="hlist_value">http://rdfh.ch/lists/0826/4nzvm_dgTZuKqNJnObpg0Q</p0826-teimww:hasSex>
    <p0826-teimww:lastName knoraType="richtext_value">Francis</p0826-teimww:lastName>
  </p0826-teimww:person>
  <p0826-teimww:person id="ww_46b7abbd7f3bb8e7">
    <knoraXmlImport:label>person label</knoraXmlImport:label>
    <p0826-teimww:birthDate knoraType="date_value">GREGORIAN:1900</p0826-teimww:birthDate>
    <p0826-teimww:deathDate knoraType="date_value">GREGORIAN:1976</p0826-teimww:deathDate>
    <p0826-teimww:description knoraType="richtext_value">U.S. scholar</p0826-teimww:description>
    <p0826-teimww:firstName knoraType="richtext_value">Josephine Waters</p0826-teimww:firstName>
    <p0826-teimww:hasSex knoraType="hlist_value">http://rdfh.ch/lists/0826/4nzvm_dgTZuKqNJnObpg0Q</p0826-teimww:hasSex>
    <p0826-teimww:lastName knoraType="richtext_value">Bennett</p0826-teimww:lastName>
  </p0826-teimww:person>
  <p0826-teimww:person id="ww_b85b5bffc57af7f3">
    <knoraXmlImport:label>person label</knoraXmlImport:label>
    <p0826-teimww:activeDate knoraType="date_value">GREGORIAN:1958</p0826-teimww:activeDate>
    <p0826-teimww:description knoraType="richtext_value">British (?) scholar</p0826-teimww:description>
    <p0826-teimww:firstName knoraType="richtext_value">G. P. V. </p0826-teimww:firstName>
    <p0826-teimww:hasSex knoraType="hlist_value">http://rdfh.ch/lists/0826/4nzvm_dgTZuKqNJnObpg0Q</p0826-teimww:hasSex>
    <p0826-teimww:lastName knoraType="richtext_value">Akrigg</p0826-teimww:lastName>
  </p0826-teimww:person>
  <p0826-teimww:person id="ww_e7afee78eca963f2">
    <knoraXmlImport:label>person label</knoraXmlImport:label>
    <p0826-teimww:firstName knoraType="richtext_value">Neil</p0826-teimww:firstName>
    <p0826-teimww:hasSex knoraType="hlist_value">http://rdfh.ch/lists/0826/4nzvm_dgTZuKqNJnObpg0Q</p0826-teimww:hasSex>
    <p0826-teimww:lastName knoraType="richtext_value">Rhodes</p0826-teimww:lastName>
  </p0826-teimww:person>
  <p0826-teimww:person id="ww_970a44cddbbbe8d2">
    <knoraXmlImport:label>person label</knoraXmlImport:label>
    <p0826-teimww:activeDate knoraType="date_value">GREGORIAN:1604</p0826-teimww:activeDate>
    <p0826-teimww:description knoraType="richtext_value">English dramatist , full name Anthony Scoloker?</p0826-teimww:description>
    <p0826-teimww:firstName knoraType="richtext_value">An.</p0826-teimww:firstName>
    <p0826-teimww:hasSex knoraType="hlist_value">http://rdfh.ch/lists/0826/4nzvm_dgTZuKqNJnObpg0Q</p0826-teimww:hasSex>
    <p0826-teimww:lastName knoraType="richtext_value">Sc.</p0826-teimww:lastName>
  </p0826-teimww:person>
  <p0826-teimww:person id="ww_d97781c5821c201b">
    <knoraXmlImport:label>person label</knoraXmlImport:label>
    <p0826-teimww:birthDate knoraType="date_value">GREGORIAN:1957:1959</p0826-teimww:birthDate>
    <p0826-teimww:description knoraType="richtext_value">English scholar</p0826-teimww:description>
    <p0826-teimww:firstName knoraType="richtext_value">John</p0826-teimww:firstName>
    <p0826-teimww:hasSex knoraType="hlist_value">http://rdfh.ch/lists/0826/4nzvm_dgTZuKqNJnObpg0Q</p0826-teimww:hasSex>
    <p0826-teimww:lastName knoraType="richtext_value">Lavagnino</p0826-teimww:lastName>
  </p0826-teimww:person>
  <p0826-teimww:person id="ww_b29f022218b6d47d">
    <knoraXmlImport:label>person label</knoraXmlImport:label>
    <p0826-teimww:birthDate knoraType="date_value">GREGORIAN:1953</p0826-teimww:birthDate>
    <p0826-teimww:description knoraType="richtext_value">U.S. academic</p0826-teimww:description>
    <p0826-teimww:firstName knoraType="richtext_value">Gary</p0826-teimww:firstName>
    <p0826-teimww:hasSex knoraType="hlist_value">http://rdfh.ch/lists/0826/4nzvm_dgTZuKqNJnObpg0Q</p0826-teimww:hasSex>
    <p0826-teimww:lastName knoraType="richtext_value">Taylor</p0826-teimww:lastName>
  </p0826-teimww:person>
  <p0826-teimww:person id="ww_fac481b50f8ffd3a">
    <knoraXmlImport:label>person label</knoraXmlImport:label>
    <p0826-teimww:birthDate knoraType="date_value">GREGORIAN:1920:1921</p0826-teimww:birthDate>
    <p0826-teimww:deathDate knoraType="date_value">GREGORIAN:2006</p0826-teimww:deathDate>
    <p0826-teimww:description knoraType="richtext_value">U.S. scholar</p0826-teimww:description>
    <p0826-teimww:firstName knoraType="richtext_value">Harvey Scott</p0826-teimww:firstName>
    <p0826-teimww:hasSex knoraType="hlist_value">http://rdfh.ch/lists/0826/4nzvm_dgTZuKqNJnObpg0Q</p0826-teimww:hasSex>
    <p0826-teimww:lastName knoraType="richtext_value">McMillin</p0826-teimww:lastName>
  </p0826-teimww:person>
  <p0826-teimww:person id="ww_e005e74f6af8f88e">
    <knoraXmlImport:label>person label</knoraXmlImport:label>
    <p0826-teimww:activeDate knoraType="date_value">GREGORIAN:1607</p0826-teimww:activeDate>
    <p0826-teimww:description knoraType="richtext_value">English (?) poet</p0826-teimww:description>
    <p0826-teimww:firstName knoraType="richtext_value">T.</p0826-teimww:firstName>
    <p0826-teimww:hasSex knoraType="hlist_value">http://rdfh.ch/lists/0826/4nzvm_dgTZuKqNJnObpg0Q</p0826-teimww:hasSex>
    <p0826-teimww:lastName knoraType="richtext_value">Walkington</p0826-teimww:lastName>
  </p0826-teimww:person>
  <p0826-teimww:person id="ww_255b598e0ee7f9d1">
    <knoraXmlImport:label>person label</knoraXmlImport:label>
    <p0826-teimww:activeDate knoraType="date_value">GREGORIAN:1609</p0826-teimww:activeDate>
    <p0826-teimww:description knoraType="richtext_value">English dramatist</p0826-teimww:description>
    <p0826-teimww:firstName knoraType="richtext_value">John (1)</p0826-teimww:firstName>
    <p0826-teimww:hasSex knoraType="hlist_value">http://rdfh.ch/lists/0826/4nzvm_dgTZuKqNJnObpg0Q</p0826-teimww:hasSex>
    <p0826-teimww:lastName knoraType="richtext_value">Mason</p0826-teimww:lastName>
  </p0826-teimww:person>
  <p0826-teimww:person id="ww_baa26ba822bffa2f">
    <knoraXmlImport:label>person label</knoraXmlImport:label>
    <p0826-teimww:activeDate knoraType="date_value">GREGORIAN:1928:1932</p0826-teimww:activeDate>
    <p0826-teimww:description knoraType="richtext_value">U.S. scholar</p0826-teimww:description>
    <p0826-teimww:firstName knoraType="richtext_value">Roberta Florence</p0826-teimww:firstName>
    <p0826-teimww:hasSex knoraType="hlist_value">http://rdfh.ch/lists/0826/4nzvm_dgTZuKqNJnObpg0Q</p0826-teimww:hasSex>
    <p0826-teimww:lastName knoraType="richtext_value">Brinkley</p0826-teimww:lastName>
  </p0826-teimww:person>
  <p0826-teimww:person id="ww_4165dddf64bc6da3">
    <knoraXmlImport:label>person label</knoraXmlImport:label>
    <p0826-teimww:activeDate knoraType="date_value">GREGORIAN:1611</p0826-teimww:activeDate>
    <p0826-teimww:description knoraType="richtext_value">English poet and dramatist</p0826-teimww:description>
    <p0826-teimww:firstName knoraType="richtext_value">William</p0826-teimww:firstName>
    <p0826-teimww:hasSex knoraType="hlist_value">http://rdfh.ch/lists/0826/4nzvm_dgTZuKqNJnObpg0Q</p0826-teimww:hasSex>
    <p0826-teimww:lastName knoraType="richtext_value">Barksted</p0826-teimww:lastName>
  </p0826-teimww:person>
  <p0826-teimww:person id="ww_18abf85e413e5632">
    <knoraXmlImport:label>person label</knoraXmlImport:label>
    <p0826-teimww:activeDate knoraType="date_value">GREGORIAN:1698</p0826-teimww:activeDate>
    <p0826-teimww:description knoraType="richtext_value">English dramatist</p0826-teimww:description>
    <p0826-teimww:firstName knoraType="richtext_value">Lewis</p0826-teimww:firstName>
    <p0826-teimww:hasSex knoraType="hlist_value">http://rdfh.ch/lists/0826/4nzvm_dgTZuKqNJnObpg0Q</p0826-teimww:hasSex>
    <p0826-teimww:lastName knoraType="richtext_value">Mackin</p0826-teimww:lastName>
  </p0826-teimww:person>
  <p0826-teimww:person id="ww_9865bf07634965e0">
    <knoraXmlImport:label>person label</knoraXmlImport:label>
    <p0826-teimww:activeDate knoraType="date_value">GREGORIAN:1613:1614</p0826-teimww:activeDate>
    <p0826-teimww:description knoraType="richtext_value">English dramatist</p0826-teimww:description>
    <p0826-teimww:firstName knoraType="richtext_value">Robert</p0826-teimww:firstName>
    <p0826-teimww:hasSex knoraType="hlist_value">http://rdfh.ch/lists/0826/4nzvm_dgTZuKqNJnObpg0Q</p0826-teimww:hasSex>
    <p0826-teimww:lastName knoraType="richtext_value">Tailor</p0826-teimww:lastName>
  </p0826-teimww:person>
  <p0826-teimww:person id="ww_ef3a38fd3962bb10">
    <knoraXmlImport:label>person label</knoraXmlImport:label>
    <p0826-teimww:birthDate knoraType="date_value">GREGORIAN:1591</p0826-teimww:birthDate>
    <p0826-teimww:deathDate knoraType="date_value">GREGORIAN:1629</p0826-teimww:deathDate>
    <p0826-teimww:description knoraType="richtext_value">English dramatist</p0826-teimww:description>
    <p0826-teimww:firstName knoraType="richtext_value">Thomas</p0826-teimww:firstName>
    <p0826-teimww:hasSex knoraType="hlist_value">http://rdfh.ch/lists/0826/4nzvm_dgTZuKqNJnObpg0Q</p0826-teimww:hasSex>
    <p0826-teimww:lastName knoraType="richtext_value">Goffe</p0826-teimww:lastName>
  </p0826-teimww:person>
  <p0826-teimww:person id="ww_16cc8f76837b9146">
    <knoraXmlImport:label>person label</knoraXmlImport:label>
    <p0826-teimww:activeDate knoraType="date_value">GREGORIAN:1615</p0826-teimww:activeDate>
    <p0826-teimww:description knoraType="richtext_value">English poet</p0826-teimww:description>
    <p0826-teimww:firstName knoraType="richtext_value">John</p0826-teimww:firstName>
    <p0826-teimww:hasSex knoraType="hlist_value">http://rdfh.ch/lists/0826/4nzvm_dgTZuKqNJnObpg0Q</p0826-teimww:hasSex>
    <p0826-teimww:lastName knoraType="richtext_value">Heath</p0826-teimww:lastName>
  </p0826-teimww:person>
  <p0826-teimww:person id="ww_c1c75e8b202bbbee">
    <knoraXmlImport:label>person label</knoraXmlImport:label>
    <p0826-teimww:birthDate knoraType="date_value">GREGORIAN:1586</p0826-teimww:birthDate>
    <p0826-teimww:deathDate knoraType="date_value">GREGORIAN:1639:1640</p0826-teimww:deathDate>
    <p0826-teimww:description knoraType="richtext_value">English dramatist</p0826-teimww:description>
    <p0826-teimww:firstName knoraType="richtext_value">John (1)</p0826-teimww:firstName>
    <p0826-teimww:hasSex knoraType="hlist_value">http://rdfh.ch/lists/0826/4nzvm_dgTZuKqNJnObpg0Q</p0826-teimww:hasSex>
    <p0826-teimww:lastName knoraType="richtext_value">Ford</p0826-teimww:lastName>
  </p0826-teimww:person>
  <p0826-teimww:person id="ww_d0a72ec0a44b283d">
    <knoraXmlImport:label>person label</knoraXmlImport:label>
    <p0826-teimww:birthDate knoraType="date_value">GREGORIAN:1605</p0826-teimww:birthDate>
    <p0826-teimww:deathDate knoraType="date_value">GREGORIAN:1641</p0826-teimww:deathDate>
    <p0826-teimww:description knoraType="richtext_value">English dramatist</p0826-teimww:description>
    <p0826-teimww:firstName knoraType="richtext_value">Thomas</p0826-teimww:firstName>
    <p0826-teimww:hasSex knoraType="hlist_value">http://rdfh.ch/lists/0826/4nzvm_dgTZuKqNJnObpg0Q</p0826-teimww:hasSex>
    <p0826-teimww:lastName knoraType="richtext_value">Nabbes</p0826-teimww:lastName>
  </p0826-teimww:person>
  <p0826-teimww:person id="ww_cc76df07de512c5c">
    <knoraXmlImport:label>person label</knoraXmlImport:label>
    <p0826-teimww:birthDate knoraType="date_value">GREGORIAN:1603</p0826-teimww:birthDate>
    <p0826-teimww:deathDate knoraType="date_value">GREGORIAN:1639</p0826-teimww:deathDate>
    <p0826-teimww:description knoraType="richtext_value">English dramatist and poet</p0826-teimww:description>
    <p0826-teimww:firstName knoraType="richtext_value">Shackerley</p0826-teimww:firstName>
    <p0826-teimww:hasSex knoraType="hlist_value">http://rdfh.ch/lists/0826/4nzvm_dgTZuKqNJnObpg0Q</p0826-teimww:hasSex>
    <p0826-teimww:lastName knoraType="richtext_value">Marmion</p0826-teimww:lastName>
  </p0826-teimww:person>
  <p0826-teimww:person id="ww_e3629c2300452bc6">
    <knoraXmlImport:label>person label</knoraXmlImport:label>
    <p0826-teimww:activeDate knoraType="date_value">GREGORIAN:1635</p0826-teimww:activeDate>
    <p0826-teimww:description knoraType="richtext_value">English (?) poet</p0826-teimww:description>
    <p0826-teimww:firstName knoraType="richtext_value">John</p0826-teimww:firstName>
    <p0826-teimww:hasSex knoraType="hlist_value">http://rdfh.ch/lists/0826/4nzvm_dgTZuKqNJnObpg0Q</p0826-teimww:hasSex>
    <p0826-teimww:lastName knoraType="richtext_value">Swan</p0826-teimww:lastName>
  </p0826-teimww:person>
  <p0826-teimww:person id="ww_dea3b56289f47fb2">
    <knoraXmlImport:label>person label</knoraXmlImport:label>
    <p0826-teimww:activeDate knoraType="date_value">GREGORIAN:1610:1655</p0826-teimww:activeDate>
    <p0826-teimww:description knoraType="richtext_value">English dramatist</p0826-teimww:description>
    <p0826-teimww:firstName knoraType="richtext_value">Sir Ralph</p0826-teimww:firstName>
    <p0826-teimww:hasSex knoraType="hlist_value">http://rdfh.ch/lists/0826/4nzvm_dgTZuKqNJnObpg0Q</p0826-teimww:hasSex>
    <p0826-teimww:lastName knoraType="richtext_value">Freeman</p0826-teimww:lastName>
  </p0826-teimww:person>
  <p0826-teimww:person id="ww_e219a52388289dd8">
    <knoraXmlImport:label>person label</knoraXmlImport:label>
    <p0826-teimww:activeDate knoraType="date_value">GREGORIAN:1639</p0826-teimww:activeDate>
    <p0826-teimww:description knoraType="richtext_value">British anthologist</p0826-teimww:description>
    <p0826-teimww:firstName knoraType="richtext_value">Samuel</p0826-teimww:firstName>
    <p0826-teimww:hasSex knoraType="hlist_value">http://rdfh.ch/lists/0826/4nzvm_dgTZuKqNJnObpg0Q</p0826-teimww:hasSex>
    <p0826-teimww:lastName knoraType="richtext_value">Pick</p0826-teimww:lastName>
  </p0826-teimww:person>
  <p0826-teimww:person id="ww_787e0c8864df7063">
    <knoraXmlImport:label>person label</knoraXmlImport:label>
    <p0826-teimww:birthDate knoraType="date_value">GREGORIAN:1624</p0826-teimww:birthDate>
    <p0826-teimww:deathDate knoraType="date_value">GREGORIAN:1655</p0826-teimww:deathDate>
    <p0826-teimww:description knoraType="richtext_value">English poet and prose writer</p0826-teimww:description>
    <p0826-teimww:firstName knoraType="richtext_value">Samuel </p0826-teimww:firstName>
    <p0826-teimww:hasSex knoraType="hlist_value">http://rdfh.ch/lists/0826/4nzvm_dgTZuKqNJnObpg0Q</p0826-teimww:hasSex>
    <p0826-teimww:lastName knoraType="richtext_value">Sheppard</p0826-teimww:lastName>
  </p0826-teimww:person>
  <p0826-teimww:person id="ww_49457e542cea105a">
    <knoraXmlImport:label>person label</knoraXmlImport:label>
    <p0826-teimww:birthDate knoraType="date_value">GREGORIAN:1608</p0826-teimww:birthDate>
    <p0826-teimww:deathDate knoraType="date_value">GREGORIAN:1666</p0826-teimww:deathDate>
    <p0826-teimww:description knoraType="richtext_value">English dramatist</p0826-teimww:description>
    <p0826-teimww:firstName knoraType="richtext_value">Sir Richard</p0826-teimww:firstName>
    <p0826-teimww:hasSex knoraType="hlist_value">http://rdfh.ch/lists/0826/4nzvm_dgTZuKqNJnObpg0Q</p0826-teimww:hasSex>
    <p0826-teimww:lastName knoraType="richtext_value">Fanshawe</p0826-teimww:lastName>
  </p0826-teimww:person>
  <p0826-teimww:person id="ww_470aa71e11b82d67">
    <knoraXmlImport:label>person label</knoraXmlImport:label>
    <p0826-teimww:activeDate knoraType="date_value">GREGORIAN:1658</p0826-teimww:activeDate>
    <p0826-teimww:description knoraType="richtext_value">English dramatist</p0826-teimww:description>
    <p0826-teimww:firstName knoraType="richtext_value">Gilbert</p0826-teimww:firstName>
    <p0826-teimww:hasSex knoraType="hlist_value">http://rdfh.ch/lists/0826/4nzvm_dgTZuKqNJnObpg0Q</p0826-teimww:hasSex>
    <p0826-teimww:lastName knoraType="richtext_value">Swinhoe</p0826-teimww:lastName>
  </p0826-teimww:person>
  <p0826-teimww:person id="ww_09a5cd76696f88a5">
    <knoraXmlImport:label>person label</knoraXmlImport:label>
    <p0826-teimww:activeDate knoraType="date_value">GREGORIAN:1964</p0826-teimww:activeDate>
    <p0826-teimww:description knoraType="richtext_value">U.S. (?) scholar</p0826-teimww:description>
    <p0826-teimww:firstName knoraType="richtext_value">F. W.</p0826-teimww:firstName>
    <p0826-teimww:hasSex knoraType="hlist_value">http://rdfh.ch/lists/0826/4nzvm_dgTZuKqNJnObpg0Q</p0826-teimww:hasSex>
    <p0826-teimww:lastName knoraType="richtext_value">Sternfeld</p0826-teimww:lastName>
  </p0826-teimww:person>
  <p0826-teimww:person id="ww_55497d26971913d2">
    <knoraXmlImport:label>person label</knoraXmlImport:label>
    <p0826-teimww:birthDate knoraType="date_value">GREGORIAN:1494</p0826-teimww:birthDate>
    <p0826-teimww:deathDate knoraType="date_value">GREGORIAN:1536</p0826-teimww:deathDate>
    <p0826-teimww:description knoraType="richtext_value">English scholar and translator )</p0826-teimww:description>
    <p0826-teimww:firstName knoraType="richtext_value">William</p0826-teimww:firstName>
    <p0826-teimww:hasSex knoraType="hlist_value">http://rdfh.ch/lists/0826/4nzvm_dgTZuKqNJnObpg0Q</p0826-teimww:hasSex>
    <p0826-teimww:lastName knoraType="richtext_value">Tyndale</p0826-teimww:lastName>
  </p0826-teimww:person>
  <p0826-teimww:person id="ww_220a73def979f4a4">
    <knoraXmlImport:label>person label</knoraXmlImport:label>
    <p0826-teimww:birthDate knoraType="date_value">GREGORIAN:1504</p0826-teimww:birthDate>
    <p0826-teimww:deathDate knoraType="date_value">GREGORIAN:1556</p0826-teimww:deathDate>
    <p0826-teimww:description knoraType="richtext_value">English dramatist</p0826-teimww:description>
    <p0826-teimww:firstName knoraType="richtext_value">Nicholas</p0826-teimww:firstName>
    <p0826-teimww:hasSex knoraType="hlist_value">http://rdfh.ch/lists/0826/4nzvm_dgTZuKqNJnObpg0Q</p0826-teimww:hasSex>
    <p0826-teimww:lastName knoraType="richtext_value">Udall</p0826-teimww:lastName>
  </p0826-teimww:person>
  <p0826-teimww:person id="ww_edab9e0477ad7401">
    <knoraXmlImport:label>person label</knoraXmlImport:label>
    <p0826-teimww:firstName knoraType="richtext_value">Thomas</p0826-teimww:firstName>
    <p0826-teimww:hasSex knoraType="hlist_value">http://rdfh.ch/lists/0826/4nzvm_dgTZuKqNJnObpg0Q</p0826-teimww:hasSex>
    <p0826-teimww:lastName knoraType="richtext_value">Wilson</p0826-teimww:lastName>
  </p0826-teimww:person>
  <p0826-teimww:person id="ww_2328c74af1f27243">
    <knoraXmlImport:label>person label</knoraXmlImport:label>
    <p0826-teimww:firstName knoraType="richtext_value">Marcus Tullius</p0826-teimww:firstName>
    <p0826-teimww:hasSex knoraType="hlist_value">http://rdfh.ch/lists/0826/4nzvm_dgTZuKqNJnObpg0Q</p0826-teimww:hasSex>
    <p0826-teimww:lastName knoraType="richtext_value">Cicero</p0826-teimww:lastName>
  </p0826-teimww:person>
  <p0826-teimww:person id="ww_6b7b6aabda5c7c6b">
    <knoraXmlImport:label>person label</knoraXmlImport:label>
    <p0826-teimww:activeDate knoraType="date_value">GREGORIAN:1561</p0826-teimww:activeDate>
    <p0826-teimww:description knoraType="richtext_value">English translator</p0826-teimww:description>
    <p0826-teimww:firstName knoraType="richtext_value">John</p0826-teimww:firstName>
    <p0826-teimww:hasSex knoraType="hlist_value">http://rdfh.ch/lists/0826/4nzvm_dgTZuKqNJnObpg0Q</p0826-teimww:hasSex>
    <p0826-teimww:lastName knoraType="richtext_value">Dolman</p0826-teimww:lastName>
  </p0826-teimww:person>
  <p0826-teimww:person id="ww_db1e3c417981cff4">
    <knoraXmlImport:label>person label</knoraXmlImport:label>
    <p0826-teimww:birthDate knoraType="date_value">GREGORIAN:1937</p0826-teimww:birthDate>
    <p0826-teimww:description knoraType="richtext_value">British academic</p0826-teimww:description>
    <p0826-teimww:firstName knoraType="richtext_value">Sir Brian William </p0826-teimww:firstName>
    <p0826-teimww:hasSex knoraType="hlist_value">http://rdfh.ch/lists/0826/4nzvm_dgTZuKqNJnObpg0Q</p0826-teimww:hasSex>
    <p0826-teimww:lastName knoraType="richtext_value">Vickers</p0826-teimww:lastName>
  </p0826-teimww:person>
  <p0826-teimww:person id="ww_9653a2d84d605ab3">
    <knoraXmlImport:label>person label</knoraXmlImport:label>
    <p0826-teimww:activeDate knoraType="date_value">GREGORIAN:1968</p0826-teimww:activeDate>
    <p0826-teimww:description knoraType="richtext_value">U.S. (?) scholar</p0826-teimww:description>
    <p0826-teimww:firstName knoraType="richtext_value">John V.</p0826-teimww:firstName>
    <p0826-teimww:hasSex knoraType="hlist_value">http://rdfh.ch/lists/0826/4nzvm_dgTZuKqNJnObpg0Q</p0826-teimww:hasSex>
    <p0826-teimww:lastName knoraType="richtext_value">Velz</p0826-teimww:lastName>
  </p0826-teimww:person>
  <p0826-teimww:person id="ww_144d49d7e9724c99">
    <knoraXmlImport:label>person label</knoraXmlImport:label>
    <p0826-teimww:activeDate knoraType="date_value">GREGORIAN:1563:1571</p0826-teimww:activeDate>
    <p0826-teimww:description knoraType="richtext_value">English (?) rhetorician and historian</p0826-teimww:description>
    <p0826-teimww:firstName knoraType="richtext_value">Richard</p0826-teimww:firstName>
    <p0826-teimww:hasSex knoraType="hlist_value">http://rdfh.ch/lists/0826/4nzvm_dgTZuKqNJnObpg0Q</p0826-teimww:hasSex>
    <p0826-teimww:lastName knoraType="richtext_value">Rainolde</p0826-teimww:lastName>
  </p0826-teimww:person>
  <p0826-teimww:person id="ww_1b7c18ba49cef31d">
    <knoraXmlImport:label>person label</knoraXmlImport:label>
    <p0826-teimww:deathDate knoraType="date_value">GREGORIAN:2000</p0826-teimww:deathDate>
    <p0826-teimww:description knoraType="richtext_value">U.S. academic</p0826-teimww:description>
    <p0826-teimww:firstName knoraType="richtext_value">Louise</p0826-teimww:firstName>
    <p0826-teimww:hasSex knoraType="hlist_value">http://rdfh.ch/lists/0826/4nzvm_dgTZuKqNJnObpg0Q</p0826-teimww:hasSex>
    <p0826-teimww:lastName knoraType="richtext_value">Schleiner</p0826-teimww:lastName>
  </p0826-teimww:person>
  <p0826-teimww:person id="ww_0b287f59292b10a7">
    <knoraXmlImport:label>person label</knoraXmlImport:label>
    <p0826-teimww:birthDate knoraType="date_value">GREGORIAN:1559:1561</p0826-teimww:birthDate>
    <p0826-teimww:deathDate knoraType="date_value">GREGORIAN:1591:1613</p0826-teimww:deathDate>
    <p0826-teimww:description knoraType="richtext_value">English priest</p0826-teimww:description>
    <p0826-teimww:firstName knoraType="richtext_value">Henry </p0826-teimww:firstName>
    <p0826-teimww:hasSex knoraType="hlist_value">http://rdfh.ch/lists/0826/4nzvm_dgTZuKqNJnObpg0Q</p0826-teimww:hasSex>
    <p0826-teimww:lastName knoraType="richtext_value">Smith</p0826-teimww:lastName>
  </p0826-teimww:person>
  <p0826-teimww:person id="ww_771659144d06dcdf">
    <knoraXmlImport:label>person label</knoraXmlImport:label>
    <p0826-teimww:birthDate knoraType="date_value">GREGORIAN:1506</p0826-teimww:birthDate>
    <p0826-teimww:deathDate knoraType="date_value">GREGORIAN:1582</p0826-teimww:deathDate>
    <p0826-teimww:description knoraType="richtext_value">Scottish poet and dramatist</p0826-teimww:description>
    <p0826-teimww:firstName knoraType="richtext_value">George</p0826-teimww:firstName>
    <p0826-teimww:hasSex knoraType="hlist_value">http://rdfh.ch/lists/0826/4nzvm_dgTZuKqNJnObpg0Q</p0826-teimww:hasSex>
    <p0826-teimww:lastName knoraType="richtext_value">Buchanan</p0826-teimww:lastName>
  </p0826-teimww:person>
  <p0826-teimww:person id="ww_a00dfc9e63a5d0fe">
    <knoraXmlImport:label>person label</knoraXmlImport:label>
    <p0826-teimww:firstName knoraType="richtext_value">Lucius Annaeus</p0826-teimww:firstName>
    <p0826-teimww:hasSex knoraType="hlist_value">http://rdfh.ch/lists/0826/4nzvm_dgTZuKqNJnObpg0Q</p0826-teimww:hasSex>
    <p0826-teimww:lastName knoraType="richtext_value">Seneca</p0826-teimww:lastName>
  </p0826-teimww:person>
  <p0826-teimww:person id="ww_a256d6059e2044ff">
    <knoraXmlImport:label>person label</knoraXmlImport:label>
    <p0826-teimww:birthDate knoraType="date_value">GREGORIAN:1544:1546</p0826-teimww:birthDate>
    <p0826-teimww:deathDate knoraType="date_value">GREGORIAN:1573:1595</p0826-teimww:deathDate>
    <p0826-teimww:description knoraType="richtext_value">English translator</p0826-teimww:description>
    <p0826-teimww:firstName knoraType="richtext_value">John</p0826-teimww:firstName>
    <p0826-teimww:hasSex knoraType="hlist_value">http://rdfh.ch/lists/0826/4nzvm_dgTZuKqNJnObpg0Q</p0826-teimww:hasSex>
    <p0826-teimww:lastName knoraType="richtext_value">Studley </p0826-teimww:lastName>
  </p0826-teimww:person>
  <p0826-teimww:person id="ww_25024aa23d16ec79">
    <knoraXmlImport:label>person label</knoraXmlImport:label>
    <p0826-teimww:activeDate knoraType="date_value">GREGORIAN:1988:1999</p0826-teimww:activeDate>
    <p0826-teimww:description knoraType="richtext_value">English academic</p0826-teimww:description>
    <p0826-teimww:firstName knoraType="richtext_value">Anthony Brian</p0826-teimww:firstName>
    <p0826-teimww:hasSex knoraType="hlist_value">http://rdfh.ch/lists/0826/4nzvm_dgTZuKqNJnObpg0Q</p0826-teimww:hasSex>
    <p0826-teimww:lastName knoraType="richtext_value">Taylor</p0826-teimww:lastName>
  </p0826-teimww:person>
  <p0826-teimww:person id="ww_0adab3e3a15ca99c">
    <knoraXmlImport:label>person label</knoraXmlImport:label>
    <p0826-teimww:birthDate knoraType="date_value">GREGORIAN:1536</p0826-teimww:birthDate>
    <p0826-teimww:deathDate knoraType="date_value">GREGORIAN:1606</p0826-teimww:deathDate>
    <p0826-teimww:description knoraType="richtext_value">English translator</p0826-teimww:description>
    <p0826-teimww:firstName knoraType="richtext_value">Arthur</p0826-teimww:firstName>
    <p0826-teimww:hasSex knoraType="hlist_value">http://rdfh.ch/lists/0826/4nzvm_dgTZuKqNJnObpg0Q</p0826-teimww:hasSex>
    <p0826-teimww:lastName knoraType="richtext_value">Golding</p0826-teimww:lastName>
  </p0826-teimww:person>
  <p0826-teimww:person id="ww_ead92b40726b9049">
    <knoraXmlImport:label>person label</knoraXmlImport:label>
    <p0826-teimww:firstName knoraType="richtext_value">Publius</p0826-teimww:firstName>
    <p0826-teimww:hasSex knoraType="hlist_value">http://rdfh.ch/lists/0826/4nzvm_dgTZuKqNJnObpg0Q</p0826-teimww:hasSex>
    <p0826-teimww:lastName knoraType="richtext_value">Ovidius Naso</p0826-teimww:lastName>
  </p0826-teimww:person>
  <p0826-teimww:person id="ww_7dad315c91c456fb">
    <knoraXmlImport:label>person label</knoraXmlImport:label>
    <p0826-teimww:birthDate knoraType="date_value">GREGORIAN:1463</p0826-teimww:birthDate>
    <p0826-teimww:deathDate knoraType="date_value">GREGORIAN:1529</p0826-teimww:deathDate>
    <p0826-teimww:description knoraType="richtext_value">English poet</p0826-teimww:description>
    <p0826-teimww:firstName knoraType="richtext_value">John</p0826-teimww:firstName>
    <p0826-teimww:hasSex knoraType="hlist_value">http://rdfh.ch/lists/0826/4nzvm_dgTZuKqNJnObpg0Q</p0826-teimww:hasSex>
    <p0826-teimww:lastName knoraType="richtext_value">Skelton</p0826-teimww:lastName>
  </p0826-teimww:person>
  <p0826-teimww:person id="ww_71583f09e4b9cd17">
    <knoraXmlImport:label>person label</knoraXmlImport:label>
    <p0826-teimww:birthDate knoraType="date_value">GREGORIAN:1533</p0826-teimww:birthDate>
    <p0826-teimww:deathDate knoraType="date_value">GREGORIAN:1603</p0826-teimww:deathDate>
    <p0826-teimww:firstName knoraType="richtext_value">Queen of England</p0826-teimww:firstName>
    <p0826-teimww:hasSex knoraType="hlist_value">http://rdfh.ch/lists/0826/4nzvm_dgTZuKqNJnObpg0Q</p0826-teimww:hasSex>
    <p0826-teimww:lastName knoraType="richtext_value">Elizabeth I</p0826-teimww:lastName>
  </p0826-teimww:person>
  <p0826-teimww:person id="ww_5fe3b5dcb00b7162">
    <knoraXmlImport:label>person label</knoraXmlImport:label>
    <p0826-teimww:birthDate knoraType="date_value">GREGORIAN:1540</p0826-teimww:birthDate>
    <p0826-teimww:deathDate knoraType="date_value">GREGORIAN:1591</p0826-teimww:deathDate>
    <p0826-teimww:description knoraType="richtext_value">English politician</p0826-teimww:description>
    <p0826-teimww:firstName knoraType="richtext_value">Sir Christopher</p0826-teimww:firstName>
    <p0826-teimww:hasSex knoraType="hlist_value">http://rdfh.ch/lists/0826/4nzvm_dgTZuKqNJnObpg0Q</p0826-teimww:hasSex>
    <p0826-teimww:lastName knoraType="richtext_value">Hatton</p0826-teimww:lastName>
  </p0826-teimww:person>
  <p0826-teimww:person id="ww_e963a8b58028d76a">
    <knoraXmlImport:label>person label</knoraXmlImport:label>
    <p0826-teimww:firstName knoraType="richtext_value">Thomas</p0826-teimww:firstName>
    <p0826-teimww:hasSex knoraType="hlist_value">http://rdfh.ch/lists/0826/4nzvm_dgTZuKqNJnObpg0Q</p0826-teimww:hasSex>
    <p0826-teimww:lastName knoraType="richtext_value">Bedingfield</p0826-teimww:lastName>
  </p0826-teimww:person>
  <p0826-teimww:person id="ww_f1930a433a3b1444">
    <knoraXmlImport:label>person label</knoraXmlImport:label>
    <p0826-teimww:activeDate knoraType="date_value">GREGORIAN:1934</p0826-teimww:activeDate>
    <p0826-teimww:description knoraType="richtext_value">U.S. (?) scholar</p0826-teimww:description>
    <p0826-teimww:firstName knoraType="richtext_value">Craig</p0826-teimww:firstName>
    <p0826-teimww:hasSex knoraType="hlist_value">http://rdfh.ch/lists/0826/4nzvm_dgTZuKqNJnObpg0Q</p0826-teimww:hasSex>
    <p0826-teimww:lastName knoraType="richtext_value">Hardin</p0826-teimww:lastName>
  </p0826-teimww:person>
  <p0826-teimww:person id="ww_52c61873bd0cfed4">
    <knoraXmlImport:label>person label</knoraXmlImport:label>
    <p0826-teimww:activeDate knoraType="date_value">GREGORIAN:2008</p0826-teimww:activeDate>
    <p0826-teimww:description knoraType="richtext_value">Canadian academic</p0826-teimww:description>
    <p0826-teimww:firstName knoraType="richtext_value">Frans</p0826-teimww:firstName>
    <p0826-teimww:hasSex knoraType="hlist_value">http://rdfh.ch/lists/0826/4nzvm_dgTZuKqNJnObpg0Q</p0826-teimww:hasSex>
    <p0826-teimww:lastName knoraType="richtext_value">de Bruyn</p0826-teimww:lastName>
  </p0826-teimww:person>
  <p0826-teimww:person id="ww_ba0230e7fbb5fd0d">
    <knoraXmlImport:label>person label</knoraXmlImport:label>
    <p0826-teimww:birthDate knoraType="date_value">GREGORIAN:1553:1554</p0826-teimww:birthDate>
    <p0826-teimww:deathDate knoraType="date_value">GREGORIAN:1606</p0826-teimww:deathDate>
    <p0826-teimww:description knoraType="richtext_value">English dramatist</p0826-teimww:description>
    <p0826-teimww:firstName knoraType="richtext_value">John</p0826-teimww:firstName>
    <p0826-teimww:hasSex knoraType="hlist_value">http://rdfh.ch/lists/0826/4nzvm_dgTZuKqNJnObpg0Q</p0826-teimww:hasSex>
    <p0826-teimww:lastName knoraType="richtext_value">Lyly</p0826-teimww:lastName>
  </p0826-teimww:person>
  <p0826-teimww:person id="ww_29ea702f67fa9c9d">
    <knoraXmlImport:label>person label</knoraXmlImport:label>
    <p0826-teimww:activeDate knoraType="date_value">GREGORIAN:1092</p0826-teimww:activeDate>
    <p0826-teimww:description knoraType="richtext_value">English (?) scholar</p0826-teimww:description>
    <p0826-teimww:firstName knoraType="richtext_value">R. W.</p0826-teimww:firstName>
    <p0826-teimww:hasSex knoraType="hlist_value">http://rdfh.ch/lists/0826/4nzvm_dgTZuKqNJnObpg0Q</p0826-teimww:hasSex>
    <p0826-teimww:lastName knoraType="richtext_value">Bond</p0826-teimww:lastName>
  </p0826-teimww:person>
  <p0826-teimww:person id="ww_6fbd1bd26280846d">
    <knoraXmlImport:label>person label</knoraXmlImport:label>
    <p0826-teimww:birthDate knoraType="date_value">GREGORIAN:1524</p0826-teimww:birthDate>
    <p0826-teimww:deathDate knoraType="date_value">GREGORIAN:1580</p0826-teimww:deathDate>
    <p0826-teimww:description knoraType="richtext_value">English poet</p0826-teimww:description>
    <p0826-teimww:firstName knoraType="richtext_value">Thomas</p0826-teimww:firstName>
    <p0826-teimww:hasSex knoraType="hlist_value">http://rdfh.ch/lists/0826/4nzvm_dgTZuKqNJnObpg0Q</p0826-teimww:hasSex>
    <p0826-teimww:lastName knoraType="richtext_value">Tusser</p0826-teimww:lastName>
  </p0826-teimww:person>
  <p0826-teimww:person id="ww_0a2ae5bb07b64969">
    <knoraXmlImport:label>person label</knoraXmlImport:label>
    <p0826-teimww:birthDate knoraType="date_value">GREGORIAN:1508:1512</p0826-teimww:birthDate>
    <p0826-teimww:deathDate knoraType="date_value">GREGORIAN:1583:1587</p0826-teimww:deathDate>
    <p0826-teimww:description knoraType="richtext_value">English theological writer</p0826-teimww:description>
    <p0826-teimww:firstName knoraType="richtext_value">John </p0826-teimww:firstName>
    <p0826-teimww:hasSex knoraType="hlist_value">http://rdfh.ch/lists/0826/4nzvm_dgTZuKqNJnObpg0Q</p0826-teimww:hasSex>
    <p0826-teimww:lastName knoraType="richtext_value">Merbeck or Marbeck</p0826-teimww:lastName>
  </p0826-teimww:person>
  <p0826-teimww:person id="ww_9fc186f153594d59">
    <knoraXmlImport:label>person label</knoraXmlImport:label>
    <p0826-teimww:birthDate knoraType="date_value">GREGORIAN:1548</p0826-teimww:birthDate>
    <p0826-teimww:deathDate knoraType="date_value">GREGORIAN:1589</p0826-teimww:deathDate>
    <p0826-teimww:description knoraType="richtext_value">English novelist and translator</p0826-teimww:description>
    <p0826-teimww:firstName knoraType="richtext_value">George</p0826-teimww:firstName>
    <p0826-teimww:hasSex knoraType="hlist_value">http://rdfh.ch/lists/0826/4nzvm_dgTZuKqNJnObpg0Q</p0826-teimww:hasSex>
    <p0826-teimww:lastName knoraType="richtext_value">Pettie</p0826-teimww:lastName>
  </p0826-teimww:person>
  <p0826-teimww:person id="ww_2754f19921c8bd2b">
    <knoraXmlImport:label>person label</knoraXmlImport:label>
    <p0826-teimww:birthDate knoraType="date_value">GREGORIAN:1530:1531</p0826-teimww:birthDate>
    <p0826-teimww:deathDate knoraType="date_value">GREGORIAN:1611</p0826-teimww:deathDate>
    <p0826-teimww:description knoraType="richtext_value">English educator</p0826-teimww:description>
    <p0826-teimww:firstName knoraType="richtext_value">Richard</p0826-teimww:firstName>
    <p0826-teimww:hasSex knoraType="hlist_value">http://rdfh.ch/lists/0826/4nzvm_dgTZuKqNJnObpg0Q</p0826-teimww:hasSex>
    <p0826-teimww:lastName knoraType="richtext_value">Mulcaster</p0826-teimww:lastName>
  </p0826-teimww:person>
  <p0826-teimww:person id="ww_8f477c6051e158af">
    <knoraXmlImport:label>person label</knoraXmlImport:label>
    <p0826-teimww:birthDate knoraType="date_value">GREGORIAN:1546</p0826-teimww:birthDate>
    <p0826-teimww:deathDate knoraType="date_value">GREGORIAN:1610</p0826-teimww:deathDate>
    <p0826-teimww:description knoraType="richtext_value">English Jesuit missionary</p0826-teimww:description>
    <p0826-teimww:firstName knoraType="richtext_value">Robert</p0826-teimww:firstName>
    <p0826-teimww:hasSex knoraType="hlist_value">http://rdfh.ch/lists/0826/4nzvm_dgTZuKqNJnObpg0Q</p0826-teimww:hasSex>
    <p0826-teimww:lastName knoraType="richtext_value">Persons</p0826-teimww:lastName>
  </p0826-teimww:person>
  <p0826-teimww:person id="ww_1a3350c92dc1c186">
    <knoraXmlImport:label>person label</knoraXmlImport:label>
    <p0826-teimww:firstName knoraType="richtext_value">Richard</p0826-teimww:firstName>
    <p0826-teimww:hasSex knoraType="hlist_value">http://rdfh.ch/lists/0826/4nzvm_dgTZuKqNJnObpg0Q</p0826-teimww:hasSex>
    <p0826-teimww:lastName knoraType="richtext_value">Stanyhurst</p0826-teimww:lastName>
  </p0826-teimww:person>
  <p0826-teimww:person id="ww_81a0be98745dd98b">
    <knoraXmlImport:label>person label</knoraXmlImport:label>
    <p0826-teimww:firstName knoraType="richtext_value">Publius</p0826-teimww:firstName>
    <p0826-teimww:hasSex knoraType="hlist_value">http://rdfh.ch/lists/0826/4nzvm_dgTZuKqNJnObpg0Q</p0826-teimww:hasSex>
    <p0826-teimww:lastName knoraType="richtext_value">Vergilius Maro</p0826-teimww:lastName>
  </p0826-teimww:person>
  <p0826-teimww:person id="ww_2a3b4daed2941136">
    <knoraXmlImport:label>person label</knoraXmlImport:label>
    <p0826-teimww:activeDate knoraType="date_value">GREGORIAN:1582</p0826-teimww:activeDate>
    <p0826-teimww:description knoraType="richtext_value">English poet</p0826-teimww:description>
    <p0826-teimww:firstName knoraType="richtext_value">James</p0826-teimww:firstName>
    <p0826-teimww:hasSex knoraType="hlist_value">http://rdfh.ch/lists/0826/4nzvm_dgTZuKqNJnObpg0Q</p0826-teimww:hasSex>
    <p0826-teimww:lastName knoraType="richtext_value">Yates</p0826-teimww:lastName>
  </p0826-teimww:person>
  <p0826-teimww:person id="ww_2580f4cea0614ff5">
    <knoraXmlImport:label>person label</knoraXmlImport:label>
    <p0826-teimww:firstName knoraType="richtext_value">Brian</p0826-teimww:firstName>
    <p0826-teimww:hasSex knoraType="hlist_value">http://rdfh.ch/lists/0826/4nzvm_dgTZuKqNJnObpg0Q</p0826-teimww:hasSex>
    <p0826-teimww:lastName knoraType="richtext_value">Melbancke</p0826-teimww:lastName>
  </p0826-teimww:person>
  <p0826-teimww:person id="ww_e746ef3ff7ed65a8">
    <knoraXmlImport:label>person label</knoraXmlImport:label>
    <p0826-teimww:birthDate knoraType="date_value">GREGORIAN:1360:1556</p0826-teimww:birthDate>
    <p0826-teimww:deathDate knoraType="date_value">GREGORIAN:1587</p0826-teimww:deathDate>
    <p0826-teimww:description knoraType="richtext_value">English puritan writer</p0826-teimww:description>
    <p0826-teimww:firstName knoraType="richtext_value">Dudley</p0826-teimww:firstName>
    <p0826-teimww:hasSex knoraType="hlist_value">http://rdfh.ch/lists/0826/4nzvm_dgTZuKqNJnObpg0Q</p0826-teimww:hasSex>
    <p0826-teimww:lastName knoraType="richtext_value">Fenner</p0826-teimww:lastName>
  </p0826-teimww:person>
  <p0826-teimww:person id="ww_1e0958dae3ce7ad4">
    <knoraXmlImport:label>person label</knoraXmlImport:label>
    <p0826-teimww:birthDate knoraType="date_value">GREGORIAN:1538</p0826-teimww:birthDate>
    <p0826-teimww:deathDate knoraType="date_value">GREGORIAN:1599</p0826-teimww:deathDate>
    <p0826-teimww:description knoraType="richtext_value">English politician</p0826-teimww:description>
    <p0826-teimww:firstName knoraType="richtext_value">Reginald</p0826-teimww:firstName>
    <p0826-teimww:hasSex knoraType="hlist_value">http://rdfh.ch/lists/0826/4nzvm_dgTZuKqNJnObpg0Q</p0826-teimww:hasSex>
    <p0826-teimww:lastName knoraType="richtext_value">Scot</p0826-teimww:lastName>
  </p0826-teimww:person>
  <p0826-teimww:person id="ww_70fe0bbcf8eba76a">
    <knoraXmlImport:label>person label</knoraXmlImport:label>
    <p0826-teimww:birthDate knoraType="date_value">GREGORIAN:1866</p0826-teimww:birthDate>
    <p0826-teimww:deathDate knoraType="date_value">GREGORIAN:1954</p0826-teimww:deathDate>
    <p0826-teimww:description knoraType="richtext_value">English scholar</p0826-teimww:description>
    <p0826-teimww:firstName knoraType="richtext_value">Edward Kerchever</p0826-teimww:firstName>
    <p0826-teimww:hasSex knoraType="hlist_value">http://rdfh.ch/lists/0826/4nzvm_dgTZuKqNJnObpg0Q</p0826-teimww:hasSex>
    <p0826-teimww:lastName knoraType="richtext_value">Chambers</p0826-teimww:lastName>
  </p0826-teimww:person>
  <p0826-teimww:person id="ww_14800c7eb75cfa9a">
    <knoraXmlImport:label>person label</knoraXmlImport:label>
    <p0826-teimww:birthDate knoraType="date_value">GREGORIAN:1546:1549</p0826-teimww:birthDate>
    <p0826-teimww:deathDate knoraType="date_value">GREGORIAN:1625</p0826-teimww:deathDate>
    <p0826-teimww:description knoraType="richtext_value">English devotional writer</p0826-teimww:description>
    <p0826-teimww:firstName knoraType="richtext_value">John</p0826-teimww:firstName>
    <p0826-teimww:hasSex knoraType="hlist_value">http://rdfh.ch/lists/0826/4nzvm_dgTZuKqNJnObpg0Q</p0826-teimww:hasSex>
    <p0826-teimww:lastName knoraType="richtext_value">Norden</p0826-teimww:lastName>
  </p0826-teimww:person>
  <p0826-teimww:person id="ww_16d31ca4a1f787bf">
    <knoraXmlImport:label>person label</knoraXmlImport:label>
    <p0826-teimww:birthDate knoraType="date_value">GREGORIAN:1547</p0826-teimww:birthDate>
    <p0826-teimww:deathDate knoraType="date_value">GREGORIAN:1616</p0826-teimww:deathDate>
    <p0826-teimww:description knoraType="richtext_value">English bishop and final editor of the King James Bible</p0826-teimww:description>
    <p0826-teimww:firstName knoraType="richtext_value">Thomas</p0826-teimww:firstName>
    <p0826-teimww:hasSex knoraType="hlist_value">http://rdfh.ch/lists/0826/4nzvm_dgTZuKqNJnObpg0Q</p0826-teimww:hasSex>
    <p0826-teimww:lastName knoraType="richtext_value">Bilson</p0826-teimww:lastName>
  </p0826-teimww:person>
  <p0826-teimww:person id="ww_4d90bb08c3de976b">
    <knoraXmlImport:label>person label</knoraXmlImport:label>
    <p0826-teimww:birthDate knoraType="date_value">GREGORIAN:1554</p0826-teimww:birthDate>
    <p0826-teimww:deathDate knoraType="date_value">GREGORIAN:1586</p0826-teimww:deathDate>
    <p0826-teimww:description knoraType="richtext_value">English poet</p0826-teimww:description>
    <p0826-teimww:firstName knoraType="richtext_value">Sir Philip</p0826-teimww:firstName>
    <p0826-teimww:hasSex knoraType="hlist_value">http://rdfh.ch/lists/0826/4nzvm_dgTZuKqNJnObpg0Q</p0826-teimww:hasSex>
    <p0826-teimww:lastName knoraType="richtext_value">Sidney</p0826-teimww:lastName>
  </p0826-teimww:person>
  <p0826-teimww:person id="ww_1d171ca3a3740f14">
    <knoraXmlImport:label>person label</knoraXmlImport:label>
    <p0826-teimww:birthDate knoraType="date_value">GREGORIAN:1550:1552</p0826-teimww:birthDate>
    <p0826-teimww:deathDate knoraType="date_value">GREGORIAN:1615</p0826-teimww:deathDate>
    <p0826-teimww:description knoraType="richtext_value">English physician and stenographer</p0826-teimww:description>
    <p0826-teimww:firstName knoraType="richtext_value">Timothy</p0826-teimww:firstName>
    <p0826-teimww:hasSex knoraType="hlist_value">http://rdfh.ch/lists/0826/4nzvm_dgTZuKqNJnObpg0Q</p0826-teimww:hasSex>
    <p0826-teimww:lastName knoraType="richtext_value">Bright</p0826-teimww:lastName>
  </p0826-teimww:person>
  <p0826-teimww:person id="ww_5afc403ede1322a7">
    <knoraXmlImport:label>person label</knoraXmlImport:label>
    <p0826-teimww:birthDate knoraType="date_value">GREGORIAN:1979:1982</p0826-teimww:birthDate>
    <p0826-teimww:description knoraType="richtext_value">U.S. academic</p0826-teimww:description>
    <p0826-teimww:firstName knoraType="richtext_value">Jacob Sider</p0826-teimww:firstName>
    <p0826-teimww:hasSex knoraType="hlist_value">http://rdfh.ch/lists/0826/4nzvm_dgTZuKqNJnObpg0Q</p0826-teimww:hasSex>
    <p0826-teimww:lastName knoraType="richtext_value">Jost</p0826-teimww:lastName>
  </p0826-teimww:person>
  <p0826-teimww:person id="ww_5292e9f9b3764075">
    <knoraXmlImport:label>person label</knoraXmlImport:label>
    <p0826-teimww:activeDate knoraType="date_value">GREGORIAN:1997</p0826-teimww:activeDate>
    <p0826-teimww:description knoraType="richtext_value">U.S. (?) scholar</p0826-teimww:description>
    <p0826-teimww:firstName knoraType="richtext_value">Linda M.</p0826-teimww:firstName>
    <p0826-teimww:hasSex knoraType="hlist_value">http://rdfh.ch/lists/0826/4nzvm_dgTZuKqNJnObpg0Q</p0826-teimww:hasSex>
    <p0826-teimww:lastName knoraType="richtext_value">Charnes</p0826-teimww:lastName>
  </p0826-teimww:person>
  <p0826-teimww:person id="ww_e9cb87724e65b28f">
    <knoraXmlImport:label>person label</knoraXmlImport:label>
    <p0826-teimww:activeDate knoraType="date_value">GREGORIAN:2007</p0826-teimww:activeDate>
    <p0826-teimww:description knoraType="richtext_value">English (?) academic</p0826-teimww:description>
    <p0826-teimww:firstName knoraType="richtext_value">Marvin W.</p0826-teimww:firstName>
    <p0826-teimww:hasSex knoraType="hlist_value">http://rdfh.ch/lists/0826/4nzvm_dgTZuKqNJnObpg0Q</p0826-teimww:hasSex>
    <p0826-teimww:lastName knoraType="richtext_value">Hunt</p0826-teimww:lastName>
  </p0826-teimww:person>
  <p0826-teimww:person id="ww_40f087f3ecb3aa75">
    <knoraXmlImport:label>person label</knoraXmlImport:label>
    <p0826-teimww:birthDate knoraType="date_value">GREGORIAN:1558:1560</p0826-teimww:birthDate>
    <p0826-teimww:deathDate knoraType="date_value">GREGORIAN:1592:1593</p0826-teimww:deathDate>
    <p0826-teimww:description knoraType="richtext_value">English poet</p0826-teimww:description>
    <p0826-teimww:firstName knoraType="richtext_value">Abraham</p0826-teimww:firstName>
    <p0826-teimww:hasSex knoraType="hlist_value">http://rdfh.ch/lists/0826/4nzvm_dgTZuKqNJnObpg0Q</p0826-teimww:hasSex>
    <p0826-teimww:lastName knoraType="richtext_value">Fraunce</p0826-teimww:lastName>
  </p0826-teimww:person>
  <p0826-teimww:person id="ww_4120af7a4ce22c71">
    <knoraXmlImport:label>person label</knoraXmlImport:label>
    <p0826-teimww:activeDate knoraType="date_value">GREGORIAN:1589</p0826-teimww:activeDate>
    <p0826-teimww:description knoraType="richtext_value">English philosopher</p0826-teimww:description>
    <p0826-teimww:firstName knoraType="richtext_value">Thomas</p0826-teimww:firstName>
    <p0826-teimww:hasSex knoraType="hlist_value">http://rdfh.ch/lists/0826/4nzvm_dgTZuKqNJnObpg0Q</p0826-teimww:hasSex>
    <p0826-teimww:lastName knoraType="richtext_value">Smith</p0826-teimww:lastName>
  </p0826-teimww:person>
  <p0826-teimww:person id="ww_29c676ae27f37864">
    <knoraXmlImport:label>person label</knoraXmlImport:label>
    <p0826-teimww:activeDate knoraType="date_value">GREGORIAN:1590</p0826-teimww:activeDate>
    <p0826-teimww:description knoraType="richtext_value">English jurist</p0826-teimww:description>
    <p0826-teimww:firstName knoraType="richtext_value">Henry</p0826-teimww:firstName>
    <p0826-teimww:hasSex knoraType="hlist_value">http://rdfh.ch/lists/0826/4nzvm_dgTZuKqNJnObpg0Q</p0826-teimww:hasSex>
    <p0826-teimww:lastName knoraType="richtext_value">Swinburne</p0826-teimww:lastName>
  </p0826-teimww:person>
  <p0826-teimww:person id="ww_246e8bda427107c8">
    <knoraXmlImport:label>person label</knoraXmlImport:label>
    <p0826-teimww:birthDate knoraType="date_value">GREGORIAN:1578</p0826-teimww:birthDate>
    <p0826-teimww:deathDate knoraType="date_value">GREGORIAN:1606</p0826-teimww:deathDate>
    <p0826-teimww:description knoraType="richtext_value">English Catholic activist</p0826-teimww:description>
    <p0826-teimww:firstName knoraType="richtext_value">Sir Everard</p0826-teimww:firstName>
    <p0826-teimww:hasSex knoraType="hlist_value">http://rdfh.ch/lists/0826/4nzvm_dgTZuKqNJnObpg0Q</p0826-teimww:hasSex>
    <p0826-teimww:lastName knoraType="richtext_value">Digby</p0826-teimww:lastName>
  </p0826-teimww:person>
  <p0826-teimww:person id="ww_788d53fded4c5751">
    <knoraXmlImport:label>person label</knoraXmlImport:label>
    <p0826-teimww:birthDate knoraType="date_value">GREGORIAN:1553</p0826-teimww:birthDate>
    <p0826-teimww:deathDate knoraType="date_value">GREGORIAN:1625</p0826-teimww:deathDate>
    <p0826-teimww:description knoraType="richtext_value">Anglo-Italian linguist and anthologist</p0826-teimww:description>
    <p0826-teimww:firstName knoraType="richtext_value">John</p0826-teimww:firstName>
    <p0826-teimww:hasSex knoraType="hlist_value">http://rdfh.ch/lists/0826/4nzvm_dgTZuKqNJnObpg0Q</p0826-teimww:hasSex>
    <p0826-teimww:lastName knoraType="richtext_value">Florio</p0826-teimww:lastName>
  </p0826-teimww:person>
  <p0826-teimww:person id="ww_dc3833f217f24ffb">
    <knoraXmlImport:label>person label</knoraXmlImport:label>
    <p0826-teimww:birthDate knoraType="date_value">GREGORIAN:1574</p0826-teimww:birthDate>
    <p0826-teimww:deathDate knoraType="date_value">GREGORIAN:1627</p0826-teimww:deathDate>
    <p0826-teimww:description knoraType="richtext_value">English poet</p0826-teimww:description>
    <p0826-teimww:firstName knoraType="richtext_value">Richard</p0826-teimww:firstName>
    <p0826-teimww:hasSex knoraType="hlist_value">http://rdfh.ch/lists/0826/4nzvm_dgTZuKqNJnObpg0Q</p0826-teimww:hasSex>
    <p0826-teimww:lastName knoraType="richtext_value">Barnfield</p0826-teimww:lastName>
  </p0826-teimww:person>
  <p0826-teimww:person id="ww_bb511f296416b258">
    <knoraXmlImport:label>person label</knoraXmlImport:label>
    <p0826-teimww:activeDate knoraType="date_value">GREGORIAN:1594</p0826-teimww:activeDate>
    <p0826-teimww:description knoraType="richtext_value">English theologian</p0826-teimww:description>
    <p0826-teimww:firstName knoraType="richtext_value">John</p0826-teimww:firstName>
    <p0826-teimww:hasSex knoraType="hlist_value">http://rdfh.ch/lists/0826/4nzvm_dgTZuKqNJnObpg0Q</p0826-teimww:hasSex>
    <p0826-teimww:lastName knoraType="richtext_value">King</p0826-teimww:lastName>
  </p0826-teimww:person>
  <p0826-teimww:person id="ww_3bba108f51aa8607">
    <knoraXmlImport:label>person label</knoraXmlImport:label>
    <p0826-teimww:firstName knoraType="richtext_value">Anthony</p0826-teimww:firstName>
    <p0826-teimww:hasSex knoraType="hlist_value">http://rdfh.ch/lists/0826/4nzvm_dgTZuKqNJnObpg0Q</p0826-teimww:hasSex>
    <p0826-teimww:lastName knoraType="richtext_value">Copley</p0826-teimww:lastName>
  </p0826-teimww:person>
  <p0826-teimww:person id="ww_84ff74beb4a95aa1">
    <knoraXmlImport:label>person label</knoraXmlImport:label>
    <p0826-teimww:birthDate knoraType="date_value">GREGORIAN:1558</p0826-teimww:birthDate>
    <p0826-teimww:deathDate knoraType="date_value">GREGORIAN:1602</p0826-teimww:deathDate>
    <p0826-teimww:description knoraType="richtext_value">English Puritan theologian</p0826-teimww:description>
    <p0826-teimww:firstName knoraType="richtext_value">William</p0826-teimww:firstName>
    <p0826-teimww:hasSex knoraType="hlist_value">http://rdfh.ch/lists/0826/4nzvm_dgTZuKqNJnObpg0Q</p0826-teimww:hasSex>
    <p0826-teimww:lastName knoraType="richtext_value">Perkins</p0826-teimww:lastName>
  </p0826-teimww:person>
  <p0826-teimww:person id="ww_352af22fad3f766f">
    <knoraXmlImport:label>person label</knoraXmlImport:label>
    <p0826-teimww:firstName knoraType="richtext_value">Adele</p0826-teimww:firstName>
    <p0826-teimww:hasSex knoraType="hlist_value">http://rdfh.ch/lists/0826/4nzvm_dgTZuKqNJnObpg0Q</p0826-teimww:hasSex>
    <p0826-teimww:lastName knoraType="richtext_value">Davidson</p0826-teimww:lastName>
  </p0826-teimww:person>
  <p0826-teimww:person id="ww_196318c17e1ae6d2">
    <knoraXmlImport:label>person label</knoraXmlImport:label>
    <p0826-teimww:activeDate knoraType="date_value">GREGORIAN:2010</p0826-teimww:activeDate>
    <p0826-teimww:description knoraType="richtext_value">U.S. academic</p0826-teimww:description>
    <p0826-teimww:firstName knoraType="richtext_value">Richard</p0826-teimww:firstName>
    <p0826-teimww:hasSex knoraType="hlist_value">http://rdfh.ch/lists/0826/4nzvm_dgTZuKqNJnObpg0Q</p0826-teimww:hasSex>
    <p0826-teimww:lastName knoraType="richtext_value">Knowles</p0826-teimww:lastName>
  </p0826-teimww:person>
  <p0826-teimww:person id="ww_866098e504e55c18">
    <knoraXmlImport:label>person label</knoraXmlImport:label>
    <p0826-teimww:deathDate knoraType="date_value">GREGORIAN:1629</p0826-teimww:deathDate>
    <p0826-teimww:description knoraType="richtext_value">English poet</p0826-teimww:description>
    <p0826-teimww:firstName knoraType="richtext_value">Sir Francis</p0826-teimww:firstName>
    <p0826-teimww:hasSex knoraType="hlist_value">http://rdfh.ch/lists/0826/4nzvm_dgTZuKqNJnObpg0Q</p0826-teimww:hasSex>
    <p0826-teimww:lastName knoraType="richtext_value">Hubert</p0826-teimww:lastName>
  </p0826-teimww:person>
  <p0826-teimww:person id="ww_bba79dead28fbb93">
    <knoraXmlImport:label>person label</knoraXmlImport:label>
    <p0826-teimww:birthDate knoraType="date_value">GREGORIAN:1563</p0826-teimww:birthDate>
    <p0826-teimww:deathDate knoraType="date_value">GREGORIAN:1618</p0826-teimww:deathDate>
    <p0826-teimww:description knoraType="richtext_value">English translator</p0826-teimww:description>
    <p0826-teimww:firstName knoraType="richtext_value">Josuah</p0826-teimww:firstName>
    <p0826-teimww:hasSex knoraType="hlist_value">http://rdfh.ch/lists/0826/4nzvm_dgTZuKqNJnObpg0Q</p0826-teimww:hasSex>
    <p0826-teimww:lastName knoraType="richtext_value">Sylvester</p0826-teimww:lastName>
  </p0826-teimww:person>
  <p0826-teimww:person id="ww_8ff183e9c3dd0d6b">
    <knoraXmlImport:label>person label</knoraXmlImport:label>
    <p0826-teimww:birthDate knoraType="date_value">GREGORIAN:1563</p0826-teimww:birthDate>
    <p0826-teimww:deathDate knoraType="date_value">GREGORIAN:1626</p0826-teimww:deathDate>
    <p0826-teimww:description knoraType="richtext_value">English composer and poet</p0826-teimww:description>
    <p0826-teimww:firstName knoraType="richtext_value">John</p0826-teimww:firstName>
    <p0826-teimww:hasSex knoraType="hlist_value">http://rdfh.ch/lists/0826/4nzvm_dgTZuKqNJnObpg0Q</p0826-teimww:hasSex>
    <p0826-teimww:lastName knoraType="richtext_value">Dowland</p0826-teimww:lastName>
  </p0826-teimww:person>
  <p0826-teimww:person id="ww_330dc7a83f0d7fd6">
    <knoraXmlImport:label>person label</knoraXmlImport:label>
    <p0826-teimww:activeDate knoraType="date_value">GREGORIAN:1909</p0826-teimww:activeDate>
    <p0826-teimww:description knoraType="richtext_value">English (?) scholar</p0826-teimww:description>
    <p0826-teimww:firstName knoraType="richtext_value">W. M.</p0826-teimww:firstName>
    <p0826-teimww:hasSex knoraType="hlist_value">http://rdfh.ch/lists/0826/4nzvm_dgTZuKqNJnObpg0Q</p0826-teimww:hasSex>
    <p0826-teimww:lastName knoraType="richtext_value">Theobald</p0826-teimww:lastName>
  </p0826-teimww:person>
  <p0826-teimww:person id="ww_0ddc123b822a1712">
    <knoraXmlImport:label>person label</knoraXmlImport:label>
    <p0826-teimww:firstName knoraType="richtext_value">Duncan</p0826-teimww:firstName>
    <p0826-teimww:hasSex knoraType="hlist_value">http://rdfh.ch/lists/0826/4nzvm_dgTZuKqNJnObpg0Q</p0826-teimww:hasSex>
    <p0826-teimww:lastName knoraType="richtext_value">Salkeld</p0826-teimww:lastName>
  </p0826-teimww:person>
  <p0826-teimww:person id="ww_d5b779fffbf80505">
    <knoraXmlImport:label>person label</knoraXmlImport:label>
    <p0826-teimww:activeDate knoraType="date_value">GREGORIAN:1989:1993</p0826-teimww:activeDate>
    <p0826-teimww:description knoraType="richtext_value">U.S. (?) academic</p0826-teimww:description>
    <p0826-teimww:firstName knoraType="richtext_value">Thomas O.</p0826-teimww:firstName>
    <p0826-teimww:hasSex knoraType="hlist_value">http://rdfh.ch/lists/0826/4nzvm_dgTZuKqNJnObpg0Q</p0826-teimww:hasSex>
    <p0826-teimww:lastName knoraType="richtext_value">Calhoun</p0826-teimww:lastName>
  </p0826-teimww:person>
  <p0826-teimww:person id="ww_46c46082234d6025">
    <knoraXmlImport:label>person label</knoraXmlImport:label>
    <p0826-teimww:birthDate knoraType="date_value">GREGORIAN:1917</p0826-teimww:birthDate>
    <p0826-teimww:deathDate knoraType="date_value">GREGORIAN:2005</p0826-teimww:deathDate>
    <p0826-teimww:description knoraType="richtext_value">U.S. scholar</p0826-teimww:description>
    <p0826-teimww:firstName knoraType="richtext_value">Robert William</p0826-teimww:firstName>
    <p0826-teimww:hasSex knoraType="hlist_value">http://rdfh.ch/lists/0826/4nzvm_dgTZuKqNJnObpg0Q</p0826-teimww:hasSex>
    <p0826-teimww:lastName knoraType="richtext_value">Dent</p0826-teimww:lastName>
  </p0826-teimww:person>
  <p0826-teimww:person id="ww_166f75ce43f038e3">
    <knoraXmlImport:label>person label</knoraXmlImport:label>
    <p0826-teimww:birthDate knoraType="date_value">GREGORIAN:1905</p0826-teimww:birthDate>
    <p0826-teimww:deathDate knoraType="date_value">GREGORIAN:1991</p0826-teimww:deathDate>
    <p0826-teimww:description knoraType="richtext_value">U.S. scholar</p0826-teimww:description>
    <p0826-teimww:firstName knoraType="richtext_value">Fredson Thayer</p0826-teimww:firstName>
    <p0826-teimww:hasSex knoraType="hlist_value">http://rdfh.ch/lists/0826/4nzvm_dgTZuKqNJnObpg0Q</p0826-teimww:hasSex>
    <p0826-teimww:lastName knoraType="richtext_value">Bowers</p0826-teimww:lastName>
  </p0826-teimww:person>
  <p0826-teimww:person id="ww_f6a5674247272fe5">
    <knoraXmlImport:label>person label</knoraXmlImport:label>
    <p0826-teimww:deathDate knoraType="date_value">GREGORIAN:1635</p0826-teimww:deathDate>
    <p0826-teimww:description knoraType="richtext_value">English publisher</p0826-teimww:description>
    <p0826-teimww:firstName knoraType="richtext_value">Robert</p0826-teimww:firstName>
    <p0826-teimww:hasSex knoraType="hlist_value">http://rdfh.ch/lists/0826/4nzvm_dgTZuKqNJnObpg0Q</p0826-teimww:hasSex>
    <p0826-teimww:lastName knoraType="richtext_value">Allott</p0826-teimww:lastName>
  </p0826-teimww:person>
  <p0826-teimww:person id="ww_6189bca8bbb55fc5">
    <knoraXmlImport:label>person label</knoraXmlImport:label>
    <p0826-teimww:activeDate knoraType="date_value">GREGORIAN:1585:1616</p0826-teimww:activeDate>
    <p0826-teimww:description knoraType="richtext_value">English preacher</p0826-teimww:description>
    <p0826-teimww:firstName knoraType="richtext_value">John</p0826-teimww:firstName>
    <p0826-teimww:hasSex knoraType="hlist_value">http://rdfh.ch/lists/0826/4nzvm_dgTZuKqNJnObpg0Q</p0826-teimww:hasSex>
    <p0826-teimww:lastName knoraType="richtext_value">Deacon</p0826-teimww:lastName>
  </p0826-teimww:person>
  <p0826-teimww:person id="ww_fba1842c561811bb">
    <knoraXmlImport:label>person label</knoraXmlImport:label>
    <p0826-teimww:activeDate knoraType="date_value">GREGORIAN:1601</p0826-teimww:activeDate>
    <p0826-teimww:description knoraType="richtext_value">English preacher</p0826-teimww:description>
    <p0826-teimww:firstName knoraType="richtext_value">John (1)</p0826-teimww:firstName>
    <p0826-teimww:hasSex knoraType="hlist_value">http://rdfh.ch/lists/0826/4nzvm_dgTZuKqNJnObpg0Q</p0826-teimww:hasSex>
    <p0826-teimww:lastName knoraType="richtext_value">Walker</p0826-teimww:lastName>
  </p0826-teimww:person>
  <p0826-teimww:person id="ww_4eb3d59f66c6b3a5">
    <knoraXmlImport:label>person label</knoraXmlImport:label>
    <p0826-teimww:activeDate knoraType="date_value">GREGORIAN:1912</p0826-teimww:activeDate>
    <p0826-teimww:description knoraType="richtext_value">Dutch (?) scholar</p0826-teimww:description>
    <p0826-teimww:firstName knoraType="richtext_value">A. E. H.</p0826-teimww:firstName>
    <p0826-teimww:hasSex knoraType="hlist_value">http://rdfh.ch/lists/0826/4nzvm_dgTZuKqNJnObpg0Q</p0826-teimww:hasSex>
    <p0826-teimww:lastName knoraType="richtext_value">Swaen</p0826-teimww:lastName>
  </p0826-teimww:person>
  <p0826-teimww:person id="ww_5eda50e71c74828b">
    <knoraXmlImport:label>person label</knoraXmlImport:label>
    <p0826-teimww:birthDate knoraType="date_value">GREGORIAN:1575</p0826-teimww:birthDate>
    <p0826-teimww:deathDate knoraType="date_value">GREGORIAN:1625</p0826-teimww:deathDate>
    <p0826-teimww:description knoraType="richtext_value">English clergyman and stenographer ca.</p0826-teimww:description>
    <p0826-teimww:firstName knoraType="richtext_value">John</p0826-teimww:firstName>
    <p0826-teimww:hasSex knoraType="hlist_value">http://rdfh.ch/lists/0826/4nzvm_dgTZuKqNJnObpg0Q</p0826-teimww:hasSex>
    <p0826-teimww:lastName knoraType="richtext_value">Willis</p0826-teimww:lastName>
  </p0826-teimww:person>
  <p0826-teimww:person id="ww_db0f93eb54e77e5f">
    <knoraXmlImport:label>person label</knoraXmlImport:label>
    <p0826-teimww:activeDate knoraType="date_value">GREGORIAN:1980</p0826-teimww:activeDate>
    <p0826-teimww:description knoraType="richtext_value">U.S. (?) schoalar</p0826-teimww:description>
    <p0826-teimww:firstName knoraType="richtext_value">T. J. B.</p0826-teimww:firstName>
    <p0826-teimww:hasSex knoraType="hlist_value">http://rdfh.ch/lists/0826/4nzvm_dgTZuKqNJnObpg0Q</p0826-teimww:hasSex>
    <p0826-teimww:lastName knoraType="richtext_value">Spencer</p0826-teimww:lastName>
  </p0826-teimww:person>
  <p0826-teimww:person id="ww_4491e2ccf9b5d7e6">
    <knoraXmlImport:label>person label</knoraXmlImport:label>
    <p0826-teimww:activeDate knoraType="date_value">GREGORIAN:2006</p0826-teimww:activeDate>
    <p0826-teimww:description knoraType="richtext_value">U.S. academic</p0826-teimww:description>
    <p0826-teimww:firstName knoraType="richtext_value">Charles</p0826-teimww:firstName>
    <p0826-teimww:hasSex knoraType="hlist_value">http://rdfh.ch/lists/0826/4nzvm_dgTZuKqNJnObpg0Q</p0826-teimww:hasSex>
    <p0826-teimww:lastName knoraType="richtext_value">Whitney</p0826-teimww:lastName>
  </p0826-teimww:person>
  <p0826-teimww:person id="ww_a15d1ad784ef65c3">
    <knoraXmlImport:label>person label</knoraXmlImport:label>
    <p0826-teimww:birthDate knoraType="date_value">GREGORIAN:1585</p0826-teimww:birthDate>
    <p0826-teimww:deathDate knoraType="date_value">GREGORIAN:1639</p0826-teimww:deathDate>
    <p0826-teimww:description knoraType="richtext_value">English poet, dramatist and translator</p0826-teimww:description>
    <p0826-teimww:firstName knoraType="richtext_value">Elizabeth, Viscountess Falkland </p0826-teimww:firstName>
    <p0826-teimww:hasSex knoraType="hlist_value">http://rdfh.ch/lists/0826/4nzvm_dgTZuKqNJnObpg0Q</p0826-teimww:hasSex>
    <p0826-teimww:lastName knoraType="richtext_value">Cary</p0826-teimww:lastName>
  </p0826-teimww:person>
  <p0826-teimww:person id="ww_77b4cd08eebf6e6c">
    <knoraXmlImport:label>person label</knoraXmlImport:label>
    <p0826-teimww:activeDate knoraType="date_value">GREGORIAN:1605</p0826-teimww:activeDate>
    <p0826-teimww:description knoraType="richtext_value">English</p0826-teimww:description>
    <p0826-teimww:firstName knoraType="richtext_value">Samuel</p0826-teimww:firstName>
    <p0826-teimww:hasSex knoraType="hlist_value">http://rdfh.ch/lists/0826/4nzvm_dgTZuKqNJnObpg0Q</p0826-teimww:hasSex>
    <p0826-teimww:lastName knoraType="richtext_value">Garey</p0826-teimww:lastName>
  </p0826-teimww:person>
  <p0826-teimww:person id="ww_f5bf6503bd4e3d9b">
    <knoraXmlImport:label>person label</knoraXmlImport:label>
    <p0826-teimww:activeDate knoraType="date_value">GREGORIAN:2008</p0826-teimww:activeDate>
    <p0826-teimww:description knoraType="richtext_value">English scholar</p0826-teimww:description>
    <p0826-teimww:firstName knoraType="richtext_value">Charles</p0826-teimww:firstName>
    <p0826-teimww:hasSex knoraType="hlist_value">http://rdfh.ch/lists/0826/4nzvm_dgTZuKqNJnObpg0Q</p0826-teimww:hasSex>
    <p0826-teimww:lastName knoraType="richtext_value">Cathcart</p0826-teimww:lastName>
  </p0826-teimww:person>
  <p0826-teimww:person id="ww_c62da289e0e58107">
    <knoraXmlImport:label>person label</knoraXmlImport:label>
    <p0826-teimww:firstName knoraType="richtext_value">Thomas</p0826-teimww:firstName>
    <p0826-teimww:hasSex knoraType="hlist_value">http://rdfh.ch/lists/0826/4nzvm_dgTZuKqNJnObpg0Q</p0826-teimww:hasSex>
    <p0826-teimww:lastName knoraType="richtext_value">Pickering</p0826-teimww:lastName>
  </p0826-teimww:person>
  <p0826-teimww:person id="ww_ba2bed49492fef13">
    <knoraXmlImport:label>person label</knoraXmlImport:label>
    <p0826-teimww:deathDate knoraType="date_value">GREGORIAN:1628</p0826-teimww:deathDate>
    <p0826-teimww:description knoraType="richtext_value">English dramatist</p0826-teimww:description>
    <p0826-teimww:firstName knoraType="richtext_value">Robert</p0826-teimww:firstName>
    <p0826-teimww:hasSex knoraType="hlist_value">http://rdfh.ch/lists/0826/4nzvm_dgTZuKqNJnObpg0Q</p0826-teimww:hasSex>
    <p0826-teimww:lastName knoraType="richtext_value">Daborne</p0826-teimww:lastName>
  </p0826-teimww:person>
  <p0826-teimww:person id="ww_e677b0c54662da19">
    <knoraXmlImport:label>person label</knoraXmlImport:label>
    <p0826-teimww:activeDate knoraType="date_value">GREGORIAN:1615</p0826-teimww:activeDate>
    <p0826-teimww:description knoraType="richtext_value">British poet</p0826-teimww:description>
    <p0826-teimww:firstName knoraType="richtext_value">Alexander</p0826-teimww:firstName>
    <p0826-teimww:hasSex knoraType="hlist_value">http://rdfh.ch/lists/0826/4nzvm_dgTZuKqNJnObpg0Q</p0826-teimww:hasSex>
    <p0826-teimww:lastName knoraType="richtext_value">Niccholes</p0826-teimww:lastName>
  </p0826-teimww:person>
  <p0826-teimww:person id="ww_02a32352c63afb30">
    <knoraXmlImport:label>person label</knoraXmlImport:label>
    <p0826-teimww:activeDate knoraType="date_value">GREGORIAN:1615:1653</p0826-teimww:activeDate>
    <p0826-teimww:description knoraType="richtext_value">English anthologist</p0826-teimww:description>
    <p0826-teimww:firstName knoraType="richtext_value">William</p0826-teimww:firstName>
    <p0826-teimww:hasSex knoraType="hlist_value">http://rdfh.ch/lists/0826/4nzvm_dgTZuKqNJnObpg0Q</p0826-teimww:hasSex>
    <p0826-teimww:lastName knoraType="richtext_value">Basse</p0826-teimww:lastName>
  </p0826-teimww:person>
  <p0826-teimww:person id="ww_060fb51fdafb3cc5">
    <knoraXmlImport:label>person label</knoraXmlImport:label>
    <p0826-teimww:birthDate knoraType="date_value">GREGORIAN:1630</p0826-teimww:birthDate>
    <p0826-teimww:deathDate knoraType="date_value">GREGORIAN:1696:1700</p0826-teimww:deathDate>
    <p0826-teimww:description knoraType="richtext_value">British anthologist</p0826-teimww:description>
    <p0826-teimww:firstName knoraType="richtext_value">Edward</p0826-teimww:firstName>
    <p0826-teimww:hasSex knoraType="hlist_value">http://rdfh.ch/lists/0826/4nzvm_dgTZuKqNJnObpg0Q</p0826-teimww:hasSex>
    <p0826-teimww:lastName knoraType="richtext_value">Phillips</p0826-teimww:lastName>
  </p0826-teimww:person>
  <p0826-teimww:person id="ww_39384a524a7bafbe">
    <knoraXmlImport:label>person label</knoraXmlImport:label>
    <p0826-teimww:deathDate knoraType="date_value">GREGORIAN:1629</p0826-teimww:deathDate>
    <p0826-teimww:description knoraType="richtext_value">British writer</p0826-teimww:description>
    <p0826-teimww:firstName knoraType="richtext_value">Edward</p0826-teimww:firstName>
    <p0826-teimww:hasSex knoraType="hlist_value">http://rdfh.ch/lists/0826/4nzvm_dgTZuKqNJnObpg0Q</p0826-teimww:hasSex>
    <p0826-teimww:lastName knoraType="richtext_value">Pond</p0826-teimww:lastName>
  </p0826-teimww:person>
  <p0826-teimww:person id="ww_3a8aed7d4df9e7de">
    <knoraXmlImport:label>person label</knoraXmlImport:label>
    <p0826-teimww:birthDate knoraType="date_value">GREGORIAN:1578</p0826-teimww:birthDate>
    <p0826-teimww:deathDate knoraType="date_value">GREGORIAN:1646</p0826-teimww:deathDate>
    <p0826-teimww:description knoraType="richtext_value">English Puritan priest</p0826-teimww:description>
    <p0826-teimww:firstName knoraType="richtext_value">William</p0826-teimww:firstName>
    <p0826-teimww:hasSex knoraType="hlist_value">http://rdfh.ch/lists/0826/4nzvm_dgTZuKqNJnObpg0Q</p0826-teimww:hasSex>
    <p0826-teimww:lastName knoraType="richtext_value">Twisse</p0826-teimww:lastName>
  </p0826-teimww:person>
  <p0826-teimww:person id="ww_4972531db9405dfc">
    <knoraXmlImport:label>person label</knoraXmlImport:label>
    <p0826-teimww:birthDate knoraType="date_value">GREGORIAN:1608</p0826-teimww:birthDate>
    <p0826-teimww:deathDate knoraType="date_value">GREGORIAN:1674</p0826-teimww:deathDate>
    <p0826-teimww:description knoraType="richtext_value">English poet</p0826-teimww:description>
    <p0826-teimww:firstName knoraType="richtext_value">John</p0826-teimww:firstName>
    <p0826-teimww:hasSex knoraType="hlist_value">http://rdfh.ch/lists/0826/4nzvm_dgTZuKqNJnObpg0Q</p0826-teimww:hasSex>
    <p0826-teimww:lastName knoraType="richtext_value">Milton</p0826-teimww:lastName>
  </p0826-teimww:person>
  <p0826-teimww:person id="ww_04599c8d5b7e6be6">
    <knoraXmlImport:label>person label</knoraXmlImport:label>
    <p0826-teimww:birthDate knoraType="date_value">GREGORIAN:1605</p0826-teimww:birthDate>
    <p0826-teimww:deathDate knoraType="date_value">GREGORIAN:1682</p0826-teimww:deathDate>
    <p0826-teimww:description knoraType="richtext_value">English physician, antiquarian and philosopher</p0826-teimww:description>
    <p0826-teimww:firstName knoraType="richtext_value">Sir Thomas</p0826-teimww:firstName>
    <p0826-teimww:hasSex knoraType="hlist_value">http://rdfh.ch/lists/0826/4nzvm_dgTZuKqNJnObpg0Q</p0826-teimww:hasSex>
    <p0826-teimww:lastName knoraType="richtext_value">Browne</p0826-teimww:lastName>
  </p0826-teimww:person>
  <p0826-teimww:person id="ww_5e2853e3f87f7ec9">
    <knoraXmlImport:label>person label</knoraXmlImport:label>
    <p0826-teimww:activeDate knoraType="date_value">GREGORIAN:1661</p0826-teimww:activeDate>
    <p0826-teimww:description knoraType="richtext_value">Dutch-born English dramatist</p0826-teimww:description>
    <p0826-teimww:firstName knoraType="richtext_value">George Gerbier </p0826-teimww:firstName>
    <p0826-teimww:hasSex knoraType="hlist_value">http://rdfh.ch/lists/0826/4nzvm_dgTZuKqNJnObpg0Q</p0826-teimww:hasSex>
    <p0826-teimww:lastName knoraType="richtext_value">d'Ouvilly</p0826-teimww:lastName>
  </p0826-teimww:person>
  <p0826-teimww:person id="ww_b2f00cf3ae93a32b">
    <knoraXmlImport:label>person label</knoraXmlImport:label>
    <p0826-teimww:birthDate knoraType="date_value">GREGORIAN:1653</p0826-teimww:birthDate>
    <p0826-teimww:deathDate knoraType="date_value">GREGORIAN:1723</p0826-teimww:deathDate>
    <p0826-teimww:description knoraType="richtext_value">English dramatist and songwriter</p0826-teimww:description>
    <p0826-teimww:firstName knoraType="richtext_value">Thomas</p0826-teimww:firstName>
    <p0826-teimww:hasSex knoraType="hlist_value">http://rdfh.ch/lists/0826/4nzvm_dgTZuKqNJnObpg0Q</p0826-teimww:hasSex>
    <p0826-teimww:lastName knoraType="richtext_value">D'Urfey</p0826-teimww:lastName>
  </p0826-teimww:person>
  <p0826-teimww:person id="ww_9a8e158285763a3c">
    <knoraXmlImport:label>person label</knoraXmlImport:label>
    <p0826-teimww:birthDate knoraType="date_value">GREGORIAN:1466</p0826-teimww:birthDate>
    <p0826-teimww:deathDate knoraType="date_value">GREGORIAN:1536</p0826-teimww:deathDate>
    <p0826-teimww:description knoraType="richtext_value">Dutch scholar and theologian</p0826-teimww:description>
    <p0826-teimww:firstName knoraType="richtext_value">Desiderius</p0826-teimww:firstName>
    <p0826-teimww:hasSex knoraType="hlist_value">http://rdfh.ch/lists/0826/4nzvm_dgTZuKqNJnObpg0Q</p0826-teimww:hasSex>
    <p0826-teimww:lastName knoraType="richtext_value">Erasmus</p0826-teimww:lastName>
  </p0826-teimww:person>
  <p0826-teimww:person id="ww_2527046b014ff66d">
    <knoraXmlImport:label>person label</knoraXmlImport:label>
    <p0826-teimww:birthDate knoraType="date_value">GREGORIAN:1467</p0826-teimww:birthDate>
    <p0826-teimww:deathDate knoraType="date_value">GREGORIAN:1519</p0826-teimww:deathDate>
    <p0826-teimww:description knoraType="richtext_value">English priest and educator</p0826-teimww:description>
    <p0826-teimww:firstName knoraType="richtext_value">John</p0826-teimww:firstName>
    <p0826-teimww:hasSex knoraType="hlist_value">http://rdfh.ch/lists/0826/4nzvm_dgTZuKqNJnObpg0Q</p0826-teimww:hasSex>
    <p0826-teimww:lastName knoraType="richtext_value">Colet</p0826-teimww:lastName>
  </p0826-teimww:person>
  <p0826-teimww:person id="ww_4f4a27981f1d2a14">
    <knoraXmlImport:label>person label</knoraXmlImport:label>
    <p0826-teimww:birthDate knoraType="date_value">GREGORIAN:1468</p0826-teimww:birthDate>
    <p0826-teimww:deathDate knoraType="date_value">GREGORIAN:1522</p0826-teimww:deathDate>
    <p0826-teimww:description knoraType="richtext_value">English classical grammarian and scholar</p0826-teimww:description>
    <p0826-teimww:firstName knoraType="richtext_value">William</p0826-teimww:firstName>
    <p0826-teimww:hasSex knoraType="hlist_value">http://rdfh.ch/lists/0826/4nzvm_dgTZuKqNJnObpg0Q</p0826-teimww:hasSex>
    <p0826-teimww:lastName knoraType="richtext_value">Lily</p0826-teimww:lastName>
  </p0826-teimww:person>
  <p0826-teimww:person id="ww_25c5c5546d8e1395">
    <knoraXmlImport:label>person label</knoraXmlImport:label>
    <p0826-teimww:activeDate knoraType="date_value">GREGORIAN:1543</p0826-teimww:activeDate>
    <p0826-teimww:description knoraType="richtext_value">Italian astrologer ,  real name Pier Angelo Manzolli</p0826-teimww:description>
    <p0826-teimww:firstName knoraType="richtext_value">Marcellus Stellatus</p0826-teimww:firstName>
    <p0826-teimww:hasSex knoraType="hlist_value">http://rdfh.ch/lists/0826/4nzvm_dgTZuKqNJnObpg0Q</p0826-teimww:hasSex>
    <p0826-teimww:lastName knoraType="richtext_value">Palingenius</p0826-teimww:lastName>
  </p0826-teimww:person>
  <p0826-teimww:person id="ww_35d1cd927a05d91f">
    <knoraXmlImport:label>person label</knoraXmlImport:label>
    <p0826-teimww:birthDate knoraType="date_value">GREGORIAN:1493</p0826-teimww:birthDate>
    <p0826-teimww:deathDate knoraType="date_value">GREGORIAN:1540</p0826-teimww:deathDate>
    <p0826-teimww:description knoraType="richtext_value">Spanish reformer and humanist</p0826-teimww:description>
    <p0826-teimww:firstName knoraType="richtext_value">Juan Luis</p0826-teimww:firstName>
    <p0826-teimww:hasSex knoraType="hlist_value">http://rdfh.ch/lists/0826/4nzvm_dgTZuKqNJnObpg0Q</p0826-teimww:hasSex>
    <p0826-teimww:lastName knoraType="richtext_value">Vives</p0826-teimww:lastName>
  </p0826-teimww:person>
  <p0826-teimww:person id="ww_d445647247f3f748">
    <knoraXmlImport:label>person label</knoraXmlImport:label>
    <p0826-teimww:birthDate knoraType="date_value">GREGORIAN:1925</p0826-teimww:birthDate>
    <p0826-teimww:deathDate knoraType="date_value">GREGORIAN:2017</p0826-teimww:deathDate>
    <p0826-teimww:description knoraType="richtext_value">English Jesuit priest and scholar</p0826-teimww:description>
    <p0826-teimww:firstName knoraType="richtext_value">Peter</p0826-teimww:firstName>
    <p0826-teimww:hasSex knoraType="hlist_value">http://rdfh.ch/lists/0826/4nzvm_dgTZuKqNJnObpg0Q</p0826-teimww:hasSex>
    <p0826-teimww:lastName knoraType="richtext_value">Milward</p0826-teimww:lastName>
  </p0826-teimww:person>
  <p0826-teimww:person id="ww_25e6fd889f1e2401">
    <knoraXmlImport:label>person label</knoraXmlImport:label>
    <p0826-teimww:firstName knoraType="richtext_value">Robert</p0826-teimww:firstName>
    <p0826-teimww:hasSex knoraType="hlist_value">http://rdfh.ch/lists/0826/4nzvm_dgTZuKqNJnObpg0Q</p0826-teimww:hasSex>
    <p0826-teimww:lastName knoraType="richtext_value">Wilson</p0826-teimww:lastName>
  </p0826-teimww:person>
  <p0826-teimww:person id="ww_1e249fc82c1de780">
    <knoraXmlImport:label>person label</knoraXmlImport:label>
    <p0826-teimww:activeDate knoraType="date_value">GREGORIAN:1566:1584</p0826-teimww:activeDate>
    <p0826-teimww:description knoraType="richtext_value">British poet</p0826-teimww:description>
    <p0826-teimww:firstName knoraType="richtext_value">Clement</p0826-teimww:firstName>
    <p0826-teimww:hasSex knoraType="hlist_value">http://rdfh.ch/lists/0826/4nzvm_dgTZuKqNJnObpg0Q</p0826-teimww:hasSex>
    <p0826-teimww:lastName knoraType="richtext_value">Robinson</p0826-teimww:lastName>
  </p0826-teimww:person>
  <p0826-teimww:person id="ww_0892ee27a956341b">
    <knoraXmlImport:label>person label</knoraXmlImport:label>
    <p0826-teimww:activeDate knoraType="date_value">GREGORIAN:1964</p0826-teimww:activeDate>
    <p0826-teimww:description knoraType="richtext_value">U.S. (?( scholar</p0826-teimww:description>
    <p0826-teimww:firstName knoraType="richtext_value">Joseph W.</p0826-teimww:firstName>
    <p0826-teimww:hasSex knoraType="hlist_value">http://rdfh.ch/lists/0826/4nzvm_dgTZuKqNJnObpg0Q</p0826-teimww:hasSex>
    <p0826-teimww:lastName knoraType="richtext_value">DeMent</p0826-teimww:lastName>
  </p0826-teimww:person>
  <p0826-teimww:person id="ww_bee6ba91f2c450cd">
    <knoraXmlImport:label>person label</knoraXmlImport:label>
    <p0826-teimww:activeDate knoraType="date_value">GREGORIAN:2006</p0826-teimww:activeDate>
    <p0826-teimww:description knoraType="richtext_value">German scholar</p0826-teimww:description>
    <p0826-teimww:firstName knoraType="richtext_value">Wolfgang</p0826-teimww:firstName>
    <p0826-teimww:hasSex knoraType="hlist_value">http://rdfh.ch/lists/0826/4nzvm_dgTZuKqNJnObpg0Q</p0826-teimww:hasSex>
    <p0826-teimww:lastName knoraType="richtext_value">Müller</p0826-teimww:lastName>
  </p0826-teimww:person>
  <p0826-teimww:person id="ww_240bf4a7d8bc0162">
    <knoraXmlImport:label>person label</knoraXmlImport:label>
    <p0826-teimww:birthDate knoraType="date_value">GREGORIAN:1926</p0826-teimww:birthDate>
    <p0826-teimww:deathDate knoraType="date_value">GREGORIAN:2004</p0826-teimww:deathDate>
    <p0826-teimww:description knoraType="richtext_value">English scholar</p0826-teimww:description>
    <p0826-teimww:firstName knoraType="richtext_value">Eric</p0826-teimww:firstName>
    <p0826-teimww:hasSex knoraType="hlist_value">http://rdfh.ch/lists/0826/4nzvm_dgTZuKqNJnObpg0Q</p0826-teimww:hasSex>
    <p0826-teimww:lastName knoraType="richtext_value">Sams</p0826-teimww:lastName>
  </p0826-teimww:person>
  <p0826-teimww:person id="ww_96e72412ce67888e">
    <knoraXmlImport:label>person label</knoraXmlImport:label>
    <p0826-teimww:birthDate knoraType="date_value">GREGORIAN:1565:1566</p0826-teimww:birthDate>
    <p0826-teimww:deathDate knoraType="date_value">GREGORIAN:1647</p0826-teimww:deathDate>
    <p0826-teimww:description knoraType="richtext_value">English anthologist</p0826-teimww:description>
    <p0826-teimww:firstName knoraType="richtext_value">Francis</p0826-teimww:firstName>
    <p0826-teimww:hasSex knoraType="hlist_value">http://rdfh.ch/lists/0826/4nzvm_dgTZuKqNJnObpg0Q</p0826-teimww:hasSex>
    <p0826-teimww:lastName knoraType="richtext_value">Meres</p0826-teimww:lastName>
  </p0826-teimww:person>
  <p0826-teimww:person id="ww_22f6e503d59ca03b">
    <knoraXmlImport:label>person label</knoraXmlImport:label>
    <p0826-teimww:activeDate knoraType="date_value">GREGORIAN:1589:1602</p0826-teimww:activeDate>
    <p0826-teimww:description knoraType="richtext_value">English poet</p0826-teimww:description>
    <p0826-teimww:firstName knoraType="richtext_value">Thomas</p0826-teimww:firstName>
    <p0826-teimww:hasSex knoraType="hlist_value">http://rdfh.ch/lists/0826/4nzvm_dgTZuKqNJnObpg0Q</p0826-teimww:hasSex>
    <p0826-teimww:lastName knoraType="richtext_value">Acheley or Achelow</p0826-teimww:lastName>
  </p0826-teimww:person>
  <p0826-teimww:person id="ww_dad51991851a1bbf">
    <knoraXmlImport:label>person label</knoraXmlImport:label>
    <p0826-teimww:firstName knoraType="richtext_value">Richard Herne</p0826-teimww:firstName>
    <p0826-teimww:hasSex knoraType="hlist_value">http://rdfh.ch/lists/0826/4nzvm_dgTZuKqNJnObpg0Q</p0826-teimww:hasSex>
    <p0826-teimww:lastName knoraType="richtext_value">Shepherd</p0826-teimww:lastName>
  </p0826-teimww:person>
  <p0826-teimww:person id="ww_83e21e7a9246faa2">
    <knoraXmlImport:label>person label</knoraXmlImport:label>
    <p0826-teimww:birthDate knoraType="date_value">GREGORIAN:1558</p0826-teimww:birthDate>
    <p0826-teimww:deathDate knoraType="date_value">GREGORIAN:1625</p0826-teimww:deathDate>
    <p0826-teimww:description knoraType="richtext_value">English writer</p0826-teimww:description>
    <p0826-teimww:firstName knoraType="richtext_value">Sir Thomas</p0826-teimww:firstName>
    <p0826-teimww:hasSex knoraType="hlist_value">http://rdfh.ch/lists/0826/4nzvm_dgTZuKqNJnObpg0Q</p0826-teimww:hasSex>
    <p0826-teimww:lastName knoraType="richtext_value">Smith</p0826-teimww:lastName>
  </p0826-teimww:person>
  <p0826-teimww:person id="ww_759d754d3536439c">
    <knoraXmlImport:label>person label</knoraXmlImport:label>
    <p0826-teimww:birthDate knoraType="date_value">GREGORIAN:1937</p0826-teimww:birthDate>
    <p0826-teimww:deathDate knoraType="date_value">GREGORIAN:2006</p0826-teimww:deathDate>
    <p0826-teimww:description knoraType="richtext_value">English academic</p0826-teimww:description>
    <p0826-teimww:firstName knoraType="richtext_value">Tom</p0826-teimww:firstName>
    <p0826-teimww:hasSex knoraType="hlist_value">http://rdfh.ch/lists/0826/4nzvm_dgTZuKqNJnObpg0Q</p0826-teimww:hasSex>
    <p0826-teimww:lastName knoraType="richtext_value">Matheson</p0826-teimww:lastName>
  </p0826-teimww:person>
  <p0826-teimww:person id="ww_54e7c8428ba6024c">
    <knoraXmlImport:label>person label</knoraXmlImport:label>
    <p0826-teimww:activeDate knoraType="date_value">GREGORIAN:1621:1650</p0826-teimww:activeDate>
    <p0826-teimww:description knoraType="richtext_value">English religious writer</p0826-teimww:description>
    <p0826-teimww:firstName knoraType="richtext_value">John</p0826-teimww:firstName>
    <p0826-teimww:hasSex knoraType="hlist_value">http://rdfh.ch/lists/0826/4nzvm_dgTZuKqNJnObpg0Q</p0826-teimww:hasSex>
    <p0826-teimww:lastName knoraType="richtext_value">Reynolds</p0826-teimww:lastName>
  </p0826-teimww:person>
  <p0826-teimww:person id="ww_f32bede8ddcef974">
    <knoraXmlImport:label>person label</knoraXmlImport:label>
    <p0826-teimww:firstName knoraType="richtext_value">Richard</p0826-teimww:firstName>
    <p0826-teimww:hasSex knoraType="hlist_value">http://rdfh.ch/lists/0826/4nzvm_dgTZuKqNJnObpg0Q</p0826-teimww:hasSex>
    <p0826-teimww:lastName knoraType="richtext_value">Niccols</p0826-teimww:lastName>
  </p0826-teimww:person>
  <p0826-teimww:person id="ww_16c1195bda020eff">
    <knoraXmlImport:label>person label</knoraXmlImport:label>
    <p0826-teimww:birthDate knoraType="date_value">GREGORIAN:1572</p0826-teimww:birthDate>
    <p0826-teimww:deathDate knoraType="date_value">GREGORIAN:1631</p0826-teimww:deathDate>
    <p0826-teimww:description knoraType="richtext_value">English poet</p0826-teimww:description>
    <p0826-teimww:firstName knoraType="richtext_value">John</p0826-teimww:firstName>
    <p0826-teimww:hasSex knoraType="hlist_value">http://rdfh.ch/lists/0826/4nzvm_dgTZuKqNJnObpg0Q</p0826-teimww:hasSex>
    <p0826-teimww:lastName knoraType="richtext_value">Donne</p0826-teimww:lastName>
  </p0826-teimww:person>
  <p0826-teimww:person id="ww_1ba44aa9c8c5ae62">
    <knoraXmlImport:label>person label</knoraXmlImport:label>
    <p0826-teimww:birthDate knoraType="date_value">GREGORIAN:1567</p0826-teimww:birthDate>
    <p0826-teimww:deathDate knoraType="date_value">GREGORIAN:1620</p0826-teimww:deathDate>
    <p0826-teimww:description knoraType="richtext_value">English dramatist</p0826-teimww:description>
    <p0826-teimww:firstName knoraType="richtext_value">Thomas</p0826-teimww:firstName>
    <p0826-teimww:hasSex knoraType="hlist_value">http://rdfh.ch/lists/0826/4nzvm_dgTZuKqNJnObpg0Q</p0826-teimww:hasSex>
    <p0826-teimww:lastName knoraType="richtext_value">Campion</p0826-teimww:lastName>
  </p0826-teimww:person>
  <p0826-teimww:person id="ww_993a2c8b25ef3953">
    <knoraXmlImport:label>person label</knoraXmlImport:label>
    <p0826-teimww:birthDate knoraType="date_value">GREGORIAN:1568:1872</p0826-teimww:birthDate>
    <p0826-teimww:deathDate knoraType="date_value">GREGORIAN:1630</p0826-teimww:deathDate>
    <p0826-teimww:description knoraType="richtext_value">British dramatist</p0826-teimww:description>
    <p0826-teimww:firstName knoraType="richtext_value">Samuel</p0826-teimww:firstName>
    <p0826-teimww:hasSex knoraType="hlist_value">http://rdfh.ch/lists/0826/4nzvm_dgTZuKqNJnObpg0Q</p0826-teimww:hasSex>
    <p0826-teimww:lastName knoraType="richtext_value">Rowlands</p0826-teimww:lastName>
  </p0826-teimww:person>
  <p0826-teimww:person id="ww_ee50ed245a0dc04f">
    <knoraXmlImport:label>person label</knoraXmlImport:label>
    <p0826-teimww:activeDate knoraType="date_value">GREGORIAN:1626</p0826-teimww:activeDate>
    <p0826-teimww:description knoraType="richtext_value">English dramatist</p0826-teimww:description>
    <p0826-teimww:firstName knoraType="richtext_value">J.</p0826-teimww:firstName>
    <p0826-teimww:hasSex knoraType="hlist_value">http://rdfh.ch/lists/0826/4nzvm_dgTZuKqNJnObpg0Q</p0826-teimww:hasSex>
    <p0826-teimww:lastName knoraType="richtext_value">W.</p0826-teimww:lastName>
  </p0826-teimww:person>
  <p0826-teimww:person id="ww_20abdf6ad9bd61dc">
    <knoraXmlImport:label>person label</knoraXmlImport:label>
    <p0826-teimww:activeDate knoraType="date_value">GREGORIAN:1616:1662</p0826-teimww:activeDate>
    <p0826-teimww:description knoraType="richtext_value">English Puritan theologian</p0826-teimww:description>
    <p0826-teimww:firstName knoraType="richtext_value">Robert (2)</p0826-teimww:firstName>
    <p0826-teimww:hasSex knoraType="hlist_value">http://rdfh.ch/lists/0826/4nzvm_dgTZuKqNJnObpg0Q</p0826-teimww:hasSex>
    <p0826-teimww:lastName knoraType="richtext_value">Abbot</p0826-teimww:lastName>
  </p0826-teimww:person>
  <p0826-teimww:person id="ww_11b6d4be322d75f4">
    <knoraXmlImport:label>person label</knoraXmlImport:label>
    <p0826-teimww:birthDate knoraType="date_value">GREGORIAN:1596</p0826-teimww:birthDate>
    <p0826-teimww:deathDate knoraType="date_value">GREGORIAN:1658</p0826-teimww:deathDate>
    <p0826-teimww:description knoraType="richtext_value">English schoolmaster</p0826-teimww:description>
    <p0826-teimww:firstName knoraType="richtext_value">John</p0826-teimww:firstName>
    <p0826-teimww:hasSex knoraType="hlist_value">http://rdfh.ch/lists/0826/4nzvm_dgTZuKqNJnObpg0Q</p0826-teimww:hasSex>
    <p0826-teimww:lastName knoraType="richtext_value">Clarke</p0826-teimww:lastName>
  </p0826-teimww:person>
  <p0826-teimww:person id="ww_8e7c5e1273330b8d">
    <knoraXmlImport:label>person label</knoraXmlImport:label>
    <p0826-teimww:birthDate knoraType="date_value">GREGORIAN:1789</p0826-teimww:birthDate>
    <p0826-teimww:deathDate knoraType="date_value">GREGORIAN:1883</p0826-teimww:deathDate>
    <p0826-teimww:description knoraType="richtext_value">English scholar and forger</p0826-teimww:description>
    <p0826-teimww:firstName knoraType="richtext_value">John Payne</p0826-teimww:firstName>
    <p0826-teimww:hasSex knoraType="hlist_value">http://rdfh.ch/lists/0826/4nzvm_dgTZuKqNJnObpg0Q</p0826-teimww:hasSex>
    <p0826-teimww:lastName knoraType="richtext_value">Collier</p0826-teimww:lastName>
  </p0826-teimww:person>
  <p0826-teimww:person id="ww_04be28b306578ec5">
    <knoraXmlImport:label>person label</knoraXmlImport:label>
    <p0826-teimww:deathDate knoraType="date_value">GREGORIAN:1657</p0826-teimww:deathDate>
    <p0826-teimww:description knoraType="richtext_value">English theologian</p0826-teimww:description>
    <p0826-teimww:firstName knoraType="richtext_value">Thomas</p0826-teimww:firstName>
    <p0826-teimww:hasSex knoraType="hlist_value">http://rdfh.ch/lists/0826/4nzvm_dgTZuKqNJnObpg0Q</p0826-teimww:hasSex>
    <p0826-teimww:lastName knoraType="richtext_value">Bayly</p0826-teimww:lastName>
  </p0826-teimww:person>
  <p0826-teimww:person id="ww_0c2a410a5981bc2f">
    <knoraXmlImport:label>person label</knoraXmlImport:label>
    <p0826-teimww:activeDate knoraType="date_value">GREGORIAN:1650</p0826-teimww:activeDate>
    <p0826-teimww:description knoraType="richtext_value">English travel (?) writer</p0826-teimww:description>
    <p0826-teimww:firstName knoraType="richtext_value">Edward</p0826-teimww:firstName>
    <p0826-teimww:hasSex knoraType="hlist_value">http://rdfh.ch/lists/0826/4nzvm_dgTZuKqNJnObpg0Q</p0826-teimww:hasSex>
    <p0826-teimww:lastName knoraType="richtext_value">Williams</p0826-teimww:lastName>
  </p0826-teimww:person>
  <p0826-teimww:person id="ww_233549b5e20bde77">
    <knoraXmlImport:label>person label</knoraXmlImport:label>
    <p0826-teimww:birthDate knoraType="date_value">GREGORIAN:1615</p0826-teimww:birthDate>
    <p0826-teimww:deathDate knoraType="date_value">GREGORIAN:1691</p0826-teimww:deathDate>
    <p0826-teimww:description knoraType="richtext_value">English protestant priest</p0826-teimww:description>
    <p0826-teimww:firstName knoraType="richtext_value">Richard</p0826-teimww:firstName>
    <p0826-teimww:hasSex knoraType="hlist_value">http://rdfh.ch/lists/0826/4nzvm_dgTZuKqNJnObpg0Q</p0826-teimww:hasSex>
    <p0826-teimww:lastName knoraType="richtext_value">Baxter</p0826-teimww:lastName>
  </p0826-teimww:person>
  <p0826-teimww:person id="ww_7b09cc53f410fd7f">
    <knoraXmlImport:label>person label</knoraXmlImport:label>
    <p0826-teimww:birthDate knoraType="date_value">GREGORIAN:1588</p0826-teimww:birthDate>
    <p0826-teimww:deathDate knoraType="date_value">GREGORIAN:1679</p0826-teimww:deathDate>
    <p0826-teimww:description knoraType="richtext_value">English philosopher</p0826-teimww:description>
    <p0826-teimww:firstName knoraType="richtext_value">Thomas</p0826-teimww:firstName>
    <p0826-teimww:hasSex knoraType="hlist_value">http://rdfh.ch/lists/0826/4nzvm_dgTZuKqNJnObpg0Q</p0826-teimww:hasSex>
    <p0826-teimww:lastName knoraType="richtext_value">Hobbes</p0826-teimww:lastName>
  </p0826-teimww:person>
  <p0826-teimww:person id="ww_ef61a579c907bbed">
    <knoraXmlImport:label>person label</knoraXmlImport:label>
    <p0826-teimww:birthDate knoraType="date_value">GREGORIAN:1618</p0826-teimww:birthDate>
    <p0826-teimww:deathDate knoraType="date_value">GREGORIAN:1652</p0826-teimww:deathDate>
    <p0826-teimww:description knoraType="richtext_value">English (?) priest</p0826-teimww:description>
    <p0826-teimww:firstName knoraType="richtext_value">John</p0826-teimww:firstName>
    <p0826-teimww:hasSex knoraType="hlist_value">http://rdfh.ch/lists/0826/4nzvm_dgTZuKqNJnObpg0Q</p0826-teimww:hasSex>
    <p0826-teimww:lastName knoraType="richtext_value">Smith</p0826-teimww:lastName>
  </p0826-teimww:person>
  <p0826-teimww:person id="ww_0a505738588da233">
    <knoraXmlImport:label>person label</knoraXmlImport:label>
    <p0826-teimww:birthDate knoraType="date_value">GREGORIAN:1608</p0826-teimww:birthDate>
    <p0826-teimww:deathDate knoraType="date_value">GREGORIAN:1680</p0826-teimww:deathDate>
    <p0826-teimww:description knoraType="richtext_value">English Puritan priest</p0826-teimww:description>
    <p0826-teimww:firstName knoraType="richtext_value">Thomas</p0826-teimww:firstName>
    <p0826-teimww:hasSex knoraType="hlist_value">http://rdfh.ch/lists/0826/4nzvm_dgTZuKqNJnObpg0Q</p0826-teimww:hasSex>
    <p0826-teimww:lastName knoraType="richtext_value">Brooks</p0826-teimww:lastName>
  </p0826-teimww:person>
  <p0826-teimww:person id="ww_45fdb82cc1c57b49">
    <knoraXmlImport:label>person label</knoraXmlImport:label>
    <p0826-teimww:firstName knoraType="richtext_value">James</p0826-teimww:firstName>
    <p0826-teimww:hasSex knoraType="hlist_value">http://rdfh.ch/lists/0826/4nzvm_dgTZuKqNJnObpg0Q</p0826-teimww:hasSex>
    <p0826-teimww:lastName knoraType="richtext_value">Harrington</p0826-teimww:lastName>
  </p0826-teimww:person>
  <p0826-teimww:person id="ww_f35c2f8694b10626">
    <knoraXmlImport:label>person label</knoraXmlImport:label>
    <p0826-teimww:birthDate knoraType="date_value">GREGORIAN:1610:1612</p0826-teimww:birthDate>
    <p0826-teimww:deathDate knoraType="date_value">GREGORIAN:1654:1656</p0826-teimww:deathDate>
    <p0826-teimww:description knoraType="richtext_value">English anthologist</p0826-teimww:description>
    <p0826-teimww:firstName knoraType="richtext_value">John</p0826-teimww:firstName>
    <p0826-teimww:hasSex knoraType="hlist_value">http://rdfh.ch/lists/0826/4nzvm_dgTZuKqNJnObpg0Q</p0826-teimww:hasSex>
    <p0826-teimww:lastName knoraType="richtext_value">Cotgrave</p0826-teimww:lastName>
  </p0826-teimww:person>
  <p0826-teimww:person id="ww_e491214ca0e29ca0">
    <knoraXmlImport:label>person label</knoraXmlImport:label>
    <p0826-teimww:birthDate knoraType="date_value">GREGORIAN:1618</p0826-teimww:birthDate>
    <p0826-teimww:deathDate knoraType="date_value">GREGORIAN:1667</p0826-teimww:deathDate>
    <p0826-teimww:description knoraType="richtext_value">English poet</p0826-teimww:description>
    <p0826-teimww:firstName knoraType="richtext_value">Abraham</p0826-teimww:firstName>
    <p0826-teimww:hasSex knoraType="hlist_value">http://rdfh.ch/lists/0826/4nzvm_dgTZuKqNJnObpg0Q</p0826-teimww:hasSex>
    <p0826-teimww:lastName knoraType="richtext_value">Cowley</p0826-teimww:lastName>
  </p0826-teimww:person>
  <p0826-teimww:person id="ww_2eb1934555aef857">
    <knoraXmlImport:label>person label</knoraXmlImport:label>
    <p0826-teimww:activeDate knoraType="date_value">GREGORIAN:1657</p0826-teimww:activeDate>
    <p0826-teimww:description knoraType="richtext_value">English bishop</p0826-teimww:description>
    <p0826-teimww:firstName knoraType="richtext_value">Henry</p0826-teimww:firstName>
    <p0826-teimww:hasSex knoraType="hlist_value">http://rdfh.ch/lists/0826/4nzvm_dgTZuKqNJnObpg0Q</p0826-teimww:hasSex>
    <p0826-teimww:lastName knoraType="richtext_value">King</p0826-teimww:lastName>
  </p0826-teimww:person>
  <p0826-teimww:person id="ww_90dfde11c66bf938">
    <knoraXmlImport:label>person label</knoraXmlImport:label>
    <p0826-teimww:activeDate knoraType="date_value">GREGORIAN:1918</p0826-teimww:activeDate>
    <p0826-teimww:description knoraType="richtext_value">English (?) scholar</p0826-teimww:description>
    <p0826-teimww:firstName knoraType="richtext_value">Lawrence</p0826-teimww:firstName>
    <p0826-teimww:hasSex knoraType="hlist_value">http://rdfh.ch/lists/0826/4nzvm_dgTZuKqNJnObpg0Q</p0826-teimww:hasSex>
    <p0826-teimww:lastName knoraType="richtext_value">Mason</p0826-teimww:lastName>
  </p0826-teimww:person>
  <p0826-teimww:person id="ww_2d0e467265941c0c">
    <knoraXmlImport:label>person label</knoraXmlImport:label>
    <p0826-teimww:birthDate knoraType="date_value">GREGORIAN:1609</p0826-teimww:birthDate>
    <p0826-teimww:deathDate knoraType="date_value">GREGORIAN:1675</p0826-teimww:deathDate>
    <p0826-teimww:description knoraType="richtext_value">Protestant theologian</p0826-teimww:description>
    <p0826-teimww:firstName knoraType="richtext_value">Francis</p0826-teimww:firstName>
    <p0826-teimww:hasSex knoraType="hlist_value">http://rdfh.ch/lists/0826/4nzvm_dgTZuKqNJnObpg0Q</p0826-teimww:hasSex>
    <p0826-teimww:lastName knoraType="richtext_value">Roberts</p0826-teimww:lastName>
  </p0826-teimww:person>
  <p0826-teimww:person id="ww_89212d9cbea3d1a7">
    <knoraXmlImport:label>person label</knoraXmlImport:label>
    <p0826-teimww:birthDate knoraType="date_value">GREGORIAN:1628</p0826-teimww:birthDate>
    <p0826-teimww:deathDate knoraType="date_value">GREGORIAN:1688</p0826-teimww:deathDate>
    <p0826-teimww:description knoraType="richtext_value">English writer and Puritan preacher</p0826-teimww:description>
    <p0826-teimww:firstName knoraType="richtext_value">John</p0826-teimww:firstName>
    <p0826-teimww:hasSex knoraType="hlist_value">http://rdfh.ch/lists/0826/4nzvm_dgTZuKqNJnObpg0Q</p0826-teimww:hasSex>
    <p0826-teimww:lastName knoraType="richtext_value">Bunyan</p0826-teimww:lastName>
  </p0826-teimww:person>
  <p0826-teimww:person id="ww_21ac77136c4b7f18">
    <knoraXmlImport:label>person label</knoraXmlImport:label>
    <p0826-teimww:birthDate knoraType="date_value">GREGORIAN:1619</p0826-teimww:birthDate>
    <p0826-teimww:deathDate knoraType="date_value">GREGORIAN:1679:1689</p0826-teimww:deathDate>
    <p0826-teimww:description knoraType="richtext_value">English poet</p0826-teimww:description>
    <p0826-teimww:firstName knoraType="richtext_value">William</p0826-teimww:firstName>
    <p0826-teimww:hasSex knoraType="hlist_value">http://rdfh.ch/lists/0826/4nzvm_dgTZuKqNJnObpg0Q</p0826-teimww:hasSex>
    <p0826-teimww:lastName knoraType="richtext_value">Chamberlayne</p0826-teimww:lastName>
  </p0826-teimww:person>
  <p0826-teimww:person id="ww_ecc7850e1819f101">
    <knoraXmlImport:label>person label</knoraXmlImport:label>
    <p0826-teimww:birthDate knoraType="date_value">GREGORIAN:1628</p0826-teimww:birthDate>
    <p0826-teimww:deathDate knoraType="date_value">GREGORIAN:1674</p0826-teimww:deathDate>
    <p0826-teimww:description knoraType="richtext_value">English politician</p0826-teimww:description>
    <p0826-teimww:firstName knoraType="richtext_value">Henry</p0826-teimww:firstName>
    <p0826-teimww:hasSex knoraType="hlist_value">http://rdfh.ch/lists/0826/4nzvm_dgTZuKqNJnObpg0Q</p0826-teimww:hasSex>
    <p0826-teimww:lastName knoraType="richtext_value">Cromwell</p0826-teimww:lastName>
  </p0826-teimww:person>
  <p0826-teimww:person id="ww_9cb12dabd79aaa48">
    <knoraXmlImport:label>person label</knoraXmlImport:label>
    <p0826-teimww:birthDate knoraType="date_value">GREGORIAN:1960</p0826-teimww:birthDate>
    <p0826-teimww:description knoraType="richtext_value">British academic</p0826-teimww:description>
    <p0826-teimww:firstName knoraType="richtext_value">Michael</p0826-teimww:firstName>
    <p0826-teimww:hasSex knoraType="hlist_value">http://rdfh.ch/lists/0826/4nzvm_dgTZuKqNJnObpg0Q</p0826-teimww:hasSex>
    <p0826-teimww:lastName knoraType="richtext_value">Dobson</p0826-teimww:lastName>
  </p0826-teimww:person>
  <p0826-teimww:person id="ww_cec49ffd7da55dfe">
    <knoraXmlImport:label>person label</knoraXmlImport:label>
    <p0826-teimww:activeDate knoraType="date_value">GREGORIAN:1662</p0826-teimww:activeDate>
    <p0826-teimww:description knoraType="richtext_value">English physician</p0826-teimww:description>
    <p0826-teimww:firstName knoraType="richtext_value">Rowland</p0826-teimww:firstName>
    <p0826-teimww:hasSex knoraType="hlist_value">http://rdfh.ch/lists/0826/4nzvm_dgTZuKqNJnObpg0Q</p0826-teimww:hasSex>
    <p0826-teimww:lastName knoraType="richtext_value">Watkins</p0826-teimww:lastName>
  </p0826-teimww:person>
  <p0826-teimww:person id="ww_32dca9fbc0b73e7d">
    <knoraXmlImport:label>person label</knoraXmlImport:label>
    <p0826-teimww:activeDate knoraType="date_value">GREGORIAN:1664</p0826-teimww:activeDate>
    <p0826-teimww:description knoraType="richtext_value">English poet</p0826-teimww:description>
    <p0826-teimww:firstName knoraType="richtext_value">Henry</p0826-teimww:firstName>
    <p0826-teimww:hasSex knoraType="hlist_value">http://rdfh.ch/lists/0826/4nzvm_dgTZuKqNJnObpg0Q</p0826-teimww:hasSex>
    <p0826-teimww:lastName knoraType="richtext_value">Bold</p0826-teimww:lastName>
  </p0826-teimww:person>
  <p0826-teimww:person id="ww_b0e8b25ec4a58d96">
    <knoraXmlImport:label>person label</knoraXmlImport:label>
    <p0826-teimww:firstName knoraType="richtext_value">Samuel</p0826-teimww:firstName>
    <p0826-teimww:hasSex knoraType="hlist_value">http://rdfh.ch/lists/0826/4nzvm_dgTZuKqNJnObpg0Q</p0826-teimww:hasSex>
    <p0826-teimww:lastName knoraType="richtext_value">Pepys</p0826-teimww:lastName>
  </p0826-teimww:person>
  <p0826-teimww:person id="ww_074785f50aa8a606">
    <knoraXmlImport:label>person label</knoraXmlImport:label>
    <p0826-teimww:birthDate knoraType="date_value">GREGORIAN:1935</p0826-teimww:birthDate>
    <p0826-teimww:deathDate knoraType="date_value">GREGORIAN:2011</p0826-teimww:deathDate>
    <p0826-teimww:description knoraType="richtext_value">English scholar and editor</p0826-teimww:description>
    <p0826-teimww:firstName knoraType="richtext_value">John</p0826-teimww:firstName>
    <p0826-teimww:hasSex knoraType="hlist_value">http://rdfh.ch/lists/0826/4nzvm_dgTZuKqNJnObpg0Q</p0826-teimww:hasSex>
    <p0826-teimww:lastName knoraType="richtext_value">Gross</p0826-teimww:lastName>
  </p0826-teimww:person>
  <p0826-teimww:person id="ww_7eeba8f5c3297504">
    <knoraXmlImport:label>person label</knoraXmlImport:label>
    <p0826-teimww:birthDate knoraType="date_value">GREGORIAN:1912</p0826-teimww:birthDate>
    <p0826-teimww:deathDate knoraType="date_value">GREGORIAN:1995</p0826-teimww:deathDate>
    <p0826-teimww:description knoraType="richtext_value">English librarian and scholar</p0826-teimww:description>
    <p0826-teimww:firstName knoraType="richtext_value">Robert Clifford</p0826-teimww:firstName>
    <p0826-teimww:hasSex knoraType="hlist_value">http://rdfh.ch/lists/0826/4nzvm_dgTZuKqNJnObpg0Q</p0826-teimww:hasSex>
    <p0826-teimww:lastName knoraType="richtext_value">Latham</p0826-teimww:lastName>
  </p0826-teimww:person>
  <p0826-teimww:person id="ww_993c302bdd89aa39">
    <knoraXmlImport:label>person label</knoraXmlImport:label>
    <p0826-teimww:activeDate knoraType="date_value">GREGORIAN:1970:1983</p0826-teimww:activeDate>
    <p0826-teimww:description knoraType="richtext_value">British (?) scholar</p0826-teimww:description>
    <p0826-teimww:firstName knoraType="richtext_value">William</p0826-teimww:firstName>
    <p0826-teimww:hasSex knoraType="hlist_value">http://rdfh.ch/lists/0826/4nzvm_dgTZuKqNJnObpg0Q</p0826-teimww:hasSex>
    <p0826-teimww:lastName knoraType="richtext_value">Matthews</p0826-teimww:lastName>
  </p0826-teimww:person>
  <p0826-teimww:person id="ww_27b9fb1569806ab3">
    <knoraXmlImport:label>person label</knoraXmlImport:label>
    <p0826-teimww:birthDate knoraType="date_value">GREGORIAN:1637</p0826-teimww:birthDate>
    <p0826-teimww:deathDate knoraType="date_value">GREGORIAN:1686</p0826-teimww:deathDate>
    <p0826-teimww:description knoraType="richtext_value">Irish dramatist and novelist</p0826-teimww:description>
    <p0826-teimww:firstName knoraType="richtext_value">Richard</p0826-teimww:firstName>
    <p0826-teimww:hasSex knoraType="hlist_value">http://rdfh.ch/lists/0826/4nzvm_dgTZuKqNJnObpg0Q</p0826-teimww:hasSex>
    <p0826-teimww:lastName knoraType="richtext_value">Head</p0826-teimww:lastName>
  </p0826-teimww:person>
  <p0826-teimww:person id="ww_8e781f3f3e6e8547">
    <knoraXmlImport:label>person label</knoraXmlImport:label>
    <p0826-teimww:firstName knoraType="richtext_value">Charles</p0826-teimww:firstName>
    <p0826-teimww:hasSex knoraType="hlist_value">http://rdfh.ch/lists/0826/4nzvm_dgTZuKqNJnObpg0Q</p0826-teimww:hasSex>
    <p0826-teimww:lastName knoraType="richtext_value">Dunster</p0826-teimww:lastName>
  </p0826-teimww:person>
  <p0826-teimww:person id="ww_7c90b8120b51d6f1">
    <knoraXmlImport:label>person label</knoraXmlImport:label>
    <p0826-teimww:birthDate knoraType="date_value">GREGORIAN:1704</p0826-teimww:birthDate>
    <p0826-teimww:deathDate knoraType="date_value">GREGORIAN:1782</p0826-teimww:deathDate>
    <p0826-teimww:description knoraType="richtext_value">English bishop and scholar</p0826-teimww:description>
    <p0826-teimww:firstName knoraType="richtext_value">Thomas</p0826-teimww:firstName>
    <p0826-teimww:hasSex knoraType="hlist_value">http://rdfh.ch/lists/0826/4nzvm_dgTZuKqNJnObpg0Q</p0826-teimww:hasSex>
    <p0826-teimww:lastName knoraType="richtext_value">Newton</p0826-teimww:lastName>
  </p0826-teimww:person>
  <p0826-teimww:person id="ww_9cebe1a656ceaee9">
    <knoraXmlImport:label>person label</knoraXmlImport:label>
    <p0826-teimww:birthDate knoraType="date_value">GREGORIAN:1657</p0826-teimww:birthDate>
    <p0826-teimww:deathDate knoraType="date_value">GREGORIAN:1711</p0826-teimww:deathDate>
    <p0826-teimww:description knoraType="richtext_value">English poet</p0826-teimww:description>
    <p0826-teimww:firstName knoraType="richtext_value">John</p0826-teimww:firstName>
    <p0826-teimww:hasSex knoraType="hlist_value">http://rdfh.ch/lists/0826/4nzvm_dgTZuKqNJnObpg0Q</p0826-teimww:hasSex>
    <p0826-teimww:lastName knoraType="richtext_value">Norris</p0826-teimww:lastName>
  </p0826-teimww:person>
  <p0826-teimww:person id="ww_20caee65dfff9798">
    <knoraXmlImport:label>person label</knoraXmlImport:label>
    <p0826-teimww:birthDate knoraType="date_value">GREGORIAN:1941</p0826-teimww:birthDate>
    <p0826-teimww:description knoraType="richtext_value">English scholar</p0826-teimww:description>
    <p0826-teimww:firstName knoraType="richtext_value">Katherine Dorothea</p0826-teimww:firstName>
    <p0826-teimww:hasSex knoraType="hlist_value">http://rdfh.ch/lists/0826/4nzvm_dgTZuKqNJnObpg0Q</p0826-teimww:hasSex>
    <p0826-teimww:lastName knoraType="richtext_value">Duncan-Jones</p0826-teimww:lastName>
  </p0826-teimww:person>
  <p0826-teimww:person id="ww_72ab59d77214a6f8">
    <knoraXmlImport:label>person label</knoraXmlImport:label>
    <p0826-teimww:firstName knoraType="richtext_value">Chantal</p0826-teimww:firstName>
    <p0826-teimww:lastName knoraType="richtext_value">Battilana</p0826-teimww:lastName>
  </p0826-teimww:person>
  <p0826-teimww:person id="ww_c4063e9c72a3ffd2">
    <knoraXmlImport:label>person label</knoraXmlImport:label>
    <p0826-teimww:firstName knoraType="richtext_value">Regula</p0826-teimww:firstName>
    <p0826-teimww:lastName knoraType="richtext_value">Hohl Trillini</p0826-teimww:lastName>
  </p0826-teimww:person>
  <p0826-teimww:person id="ww_b05ab3db9fd9054a">
    <knoraXmlImport:label>person label</knoraXmlImport:label>
    <p0826-teimww:firstName knoraType="richtext_value">Christian</p0826-teimww:firstName>
    <p0826-teimww:lastName knoraType="richtext_value">Gebhard</p0826-teimww:lastName>
  </p0826-teimww:person>
  <p0826-teimww:person id="ww_8106744e44c77c96">
    <knoraXmlImport:label>person label</knoraXmlImport:label>
    <p0826-teimww:firstName knoraType="richtext_value">Maria</p0826-teimww:firstName>
    <p0826-teimww:lastName knoraType="richtext_value">Tranter</p0826-teimww:lastName>
  </p0826-teimww:person>
  <p0826-teimww:person id="ww_7f35f6802efd910d">
    <knoraXmlImport:label>person label</knoraXmlImport:label>
    <p0826-teimww:firstName knoraType="richtext_value">Stefanie</p0826-teimww:firstName>
    <p0826-teimww:lastName knoraType="richtext_value">Heeg</p0826-teimww:lastName>
  </p0826-teimww:person>
  <p0826-teimww:person id="ww_b604df587d93b768">
    <knoraXmlImport:label>person label</knoraXmlImport:label>
    <p0826-teimww:firstName knoraType="richtext_value">Elliot</p0826-teimww:firstName>
    <p0826-teimww:lastName knoraType="richtext_value">Reitzer</p0826-teimww:lastName>
  </p0826-teimww:person>
  <p0826-teimww:person id="ww_6202c1bb6957c9cc">
    <knoraXmlImport:label>person label</knoraXmlImport:label>
    <p0826-teimww:firstName knoraType="richtext_value">Martin</p0826-teimww:firstName>
    <p0826-teimww:lastName knoraType="richtext_value">Danneck</p0826-teimww:lastName>
  </p0826-teimww:person>
  <p0826-teimww:person id="ww_b98e7021b3193ae3">
    <knoraXmlImport:label>person label</knoraXmlImport:label>
    <p0826-teimww:firstName knoraType="richtext_value">Stefan</p0826-teimww:firstName>
    <p0826-teimww:lastName knoraType="richtext_value">Kristmann</p0826-teimww:lastName>
  </p0826-teimww:person>
  <p0826-teimww:person id="ww_5fbb1eab1b30dfee">
    <knoraXmlImport:label>person label</knoraXmlImport:label>
    <p0826-teimww:firstName knoraType="richtext_value">Sixta</p0826-teimww:firstName>
    <p0826-teimww:lastName knoraType="richtext_value">Quassdorf</p0826-teimww:lastName>
  </p0826-teimww:person>
  <p0826-teimww:person id="ww_bff7390e4e734f4c">
    <knoraXmlImport:label>person label</knoraXmlImport:label>
    <p0826-teimww:firstName knoraType="richtext_value">Olivia</p0826-teimww:firstName>
    <p0826-teimww:lastName knoraType="richtext_value">Rottmann</p0826-teimww:lastName>
  </p0826-teimww:person>
  <p0826-teimww:person id="ww_6965a91ff78934d7">
    <knoraXmlImport:label>person label</knoraXmlImport:label>
    <p0826-teimww:firstName knoraType="richtext_value">Rene</p0826-teimww:firstName>
    <p0826-teimww:lastName knoraType="richtext_value">Wallrodt</p0826-teimww:lastName>
  </p0826-teimww:person>
  <p0826-teimww:person id="ww_d5030ba888f64f29">
    <knoraXmlImport:label>person label</knoraXmlImport:label>
    <p0826-teimww:firstName knoraType="richtext_value">Gustavo</p0826-teimww:firstName>
    <p0826-teimww:lastName knoraType="richtext_value">Grandi de Souza</p0826-teimww:lastName>
  </p0826-teimww:person>
  <p0826-teimww:person id="ww_caa8f9e4a628f638">
    <knoraXmlImport:label>person label</knoraXmlImport:label>
    <p0826-teimww:firstName knoraType="richtext_value">Balz</p0826-teimww:firstName>
    <p0826-teimww:lastName knoraType="richtext_value">Engler B.</p0826-teimww:lastName>
  </p0826-teimww:person>
  <p0826-teimww:person id="ww_8456d5c8ea728043">
    <knoraXmlImport:label>person label</knoraXmlImport:label>
    <p0826-teimww:firstName knoraType="richtext_value">Tom</p0826-teimww:firstName>
    <p0826-teimww:lastName knoraType="richtext_value">Cheesman</p0826-teimww:lastName>
  </p0826-teimww:person>
  <p0826-teimww:person id="ww_ad4ed5850132d51e">
    <knoraXmlImport:label>person label</knoraXmlImport:label>
    <p0826-teimww:firstName knoraType="richtext_value">Eftychia</p0826-teimww:firstName>
    <p0826-teimww:lastName knoraType="richtext_value">Fountoulakis</p0826-teimww:lastName>
  </p0826-teimww:person>
  <p0826-teimww:book id="ww_05a629a7b774cea6">
    <knoraXmlImport:label>book label</knoraXmlImport:label>
    <p0826-teimww:bookInternalId knoraType="richtext_value">@005578</p0826-teimww:bookInternalId>
    <p0826-teimww:createdDate knoraType="date_value">GREGORIAN:1300:1550</p0826-teimww:createdDate>
    <p0826-teimww:edition knoraType="richtext_value">Reliques of Ancient English Poetry: consisting of Old Heroic Ballads, Songs, and other Pieces of our earlier Poets, (Chiefly of the Lyric kind.) Together with some few of later Date. Second Edition. Ed. Thomas Percy. London: J. Dodsley, 1767.</p0826-teimww:edition>
    <p0826-teimww:hasLanguage knoraType="richtext_value">HAS SEVERAL LEXIAS!</p0826-teimww:hasLanguage>
    <p0826-teimww:isWrittenBy>
      <p0826-teimww:person knoraType="link_value" linkType="ref" target="ww_212c78497ddc32c5"/>
    </p0826-teimww:isWrittenBy>
    <p0826-teimww:publishDate knoraType="date_value">GREGORIAN:1300:1550</p0826-teimww:publishDate>
    <p0826-teimww:title knoraType="richtext_value">Jephthah, Judge of Israel</p0826-teimww:title>
  </p0826-teimww:book>
  <p0826-teimww:book id="ww_afbf7a5ea45be9ae">
    <knoraXmlImport:label>book label</knoraXmlImport:label>
    <p0826-teimww:bookInternalId knoraType="richtext_value">@005196</p0826-teimww:bookInternalId>
    <p0826-teimww:edition knoraType="richtext_value">ed. Reliques of Ancient English Poetry. Consisting of Old Heroic Ballads, Songs, and other Pieces of our earlier Poets, (Chiefly of the Lyric kind.) Together with some few of later Date. Second Edition. London: J. Dodsley, 1767.</p0826-teimww:edition>
    <p0826-teimww:isWrittenBy>
      <p0826-teimww:person knoraType="link_value" linkType="ref" target="ww_cb891a49cd7b3fb7"/>
    </p0826-teimww:isWrittenBy>
    <p0826-teimww:title knoraType="richtext_value">Reliques of Ancient English Poetry</p0826-teimww:title>
  </p0826-teimww:book>
  <p0826-teimww:book id="ww_2b4823c56c35d79a">
    <knoraXmlImport:label>book label</knoraXmlImport:label>
    <p0826-teimww:bookInternalId knoraType="richtext_value">@005201</p0826-teimww:bookInternalId>
    <p0826-teimww:createdDate knoraType="date_value">GREGORIAN:1300:1400</p0826-teimww:createdDate>
    <p0826-teimww:edition knoraType="richtext_value">The Towneley Plays. Eds. Martin Stevens and A.C. Cawley. Early English Text Society. Oxford: Oxford University Press, 1994. Vol. 1, 12–25.</p0826-teimww:edition>
    <p0826-teimww:hasLanguage knoraType="richtext_value">HAS SEVERAL LEXIAS!</p0826-teimww:hasLanguage>
    <p0826-teimww:isWrittenBy>
      <p0826-teimww:person knoraType="link_value" linkType="ref" target="ww_212c78497ddc32c5"/>
    </p0826-teimww:isWrittenBy>
    <p0826-teimww:publishDate knoraType="date_value">GREGORIAN:1300:1400</p0826-teimww:publishDate>
    <p0826-teimww:title knoraType="richtext_value">The Murder of Abel</p0826-teimww:title>
  </p0826-teimww:book>
  <p0826-teimww:book id="ww_0b28ed19a0540e1d">
    <knoraXmlImport:label>book label</knoraXmlImport:label>
    <p0826-teimww:bookInternalId knoraType="richtext_value">@010030</p0826-teimww:bookInternalId>
    <p0826-teimww:edition knoraType="richtext_value">Biblical References in Shakespeare's Tragedies. Newark: University of Delaware Press, 1987.</p0826-teimww:edition>
    <p0826-teimww:isWrittenBy>
      <p0826-teimww:person knoraType="link_value" linkType="ref" target="ww_b417c05f2f7d59f9"/>
    </p0826-teimww:isWrittenBy>
    <p0826-teimww:title knoraType="richtext_value">Biblical References in Shakespeares Tragedies</p0826-teimww:title>
  </p0826-teimww:book>
  <p0826-teimww:book id="ww_8978dcdc508955b8">
    <knoraXmlImport:label>book label</knoraXmlImport:label>
    <p0826-teimww:bookInternalId knoraType="richtext_value">@005202</p0826-teimww:bookInternalId>
    <p0826-teimww:createdDate knoraType="date_value">GREGORIAN:1384:1389</p0826-teimww:createdDate>
    <p0826-teimww:edition knoraType="richtext_value">The workes of Geffray Chaucer newlye printed, wyth dyuers workes whych were neuer in print before: as in the table more playnly doth appere. Cum priuilegio ad imprimendum solum. London: Richard Grafton for William Bonham, 1542.</p0826-teimww:edition>
    <p0826-teimww:hasLanguage knoraType="richtext_value">English</p0826-teimww:hasLanguage>
    <p0826-teimww:isWrittenBy>
      <p0826-teimww:person knoraType="link_value" linkType="ref" target="ww_394742d5146e6fd1"/>
    </p0826-teimww:isWrittenBy>
    <p0826-teimww:publishDate knoraType="date_value">GREGORIAN:1384:1389</p0826-teimww:publishDate>
    <p0826-teimww:title knoraType="richtext_value">The Testament of Love</p0826-teimww:title>
  </p0826-teimww:book>
  <p0826-teimww:book id="ww_ca15500e7036f16e">
    <knoraXmlImport:label>book label</knoraXmlImport:label>
    <p0826-teimww:bookInternalId knoraType="richtext_value">@010154</p0826-teimww:bookInternalId>
    <p0826-teimww:edition knoraType="richtext_value">Notes and Queries 198 (September 1953): 371-374.</p0826-teimww:edition>
    <p0826-teimww:isWrittenBy>
      <p0826-teimww:person knoraType="link_value" linkType="ref" target="ww_4aad8076b21701ae"/>
    </p0826-teimww:isWrittenBy>
    <p0826-teimww:title knoraType="richtext_value">Shakespeare and Nashe's Pierce Pennilesse II</p0826-teimww:title>
  </p0826-teimww:book>
  <p0826-teimww:book id="ww_91e0dc4c671938fa">
    <knoraXmlImport:label>book label</knoraXmlImport:label>
    <p0826-teimww:bookInternalId knoraType="richtext_value">@010005</p0826-teimww:bookInternalId>
    <p0826-teimww:edition knoraType="richtext_value">Modern Philology 105.3 (2008): 510-534.</p0826-teimww:edition>
    <p0826-teimww:isWrittenBy>
      <p0826-teimww:person knoraType="link_value" linkType="ref" target="ww_8448eedbac0df7d9"/>
    </p0826-teimww:isWrittenBy>
    <p0826-teimww:title knoraType="richtext_value">Quoting Hamlet in the Early Seventeenth Century</p0826-teimww:title>
  </p0826-teimww:book>
  <p0826-teimww:book id="ww_32438a1cef3a2781">
    <knoraXmlImport:label>book label</knoraXmlImport:label>
    <p0826-teimww:bookInternalId knoraType="richtext_value">@005200</p0826-teimww:bookInternalId>
    <p0826-teimww:createdDate knoraType="date_value">GREGORIAN:1387:1387</p0826-teimww:createdDate>
    <p0826-teimww:edition knoraType="richtext_value">The Riverside Chaucer. Gen. ed. Larry D. Benson. Oxford: Oxford University Press; London: Humphrey Milford, 1933. 3-328.</p0826-teimww:edition>
    <p0826-teimww:hasLanguage knoraType="richtext_value">English</p0826-teimww:hasLanguage>
    <p0826-teimww:isWrittenBy>
      <p0826-teimww:person knoraType="link_value" linkType="ref" target="ww_830c5cd6a3a44ca4"/>
    </p0826-teimww:isWrittenBy>
    <p0826-teimww:publishDate knoraType="date_value">GREGORIAN:1387:1387</p0826-teimww:publishDate>
    <p0826-teimww:title knoraType="richtext_value">The Canterbury Tales</p0826-teimww:title>
  </p0826-teimww:book>
  <p0826-teimww:book id="ww_f0b8d4220bfdd308">
    <knoraXmlImport:label>book label</knoraXmlImport:label>
    <p0826-teimww:bookInternalId knoraType="richtext_value">@010077</p0826-teimww:bookInternalId>
    <p0826-teimww:edition knoraType="richtext_value">OED - Oxford English Dictionary. http:/dictionary.oed.com/entrance.dtl.</p0826-teimww:edition>
    <p0826-teimww:isWrittenBy>
      <p0826-teimww:person knoraType="link_value" linkType="ref" target="ww_212c78497ddc32c5"/>
    </p0826-teimww:isWrittenBy>
    <p0826-teimww:title knoraType="richtext_value">OED - Oxford English Dictionary</p0826-teimww:title>
  </p0826-teimww:book>
  <p0826-teimww:book id="ww_b901ceb315466c3f">
    <knoraXmlImport:label>book label</knoraXmlImport:label>
    <p0826-teimww:bookInternalId knoraType="richtext_value">@005203</p0826-teimww:bookInternalId>
    <p0826-teimww:createdDate knoraType="date_value">GREGORIAN:1470:1470</p0826-teimww:createdDate>
    <p0826-teimww:edition knoraType="richtext_value">Diues and pauper. London: Wynkyn de worde, 1496.</p0826-teimww:edition>
    <p0826-teimww:hasLanguage knoraType="richtext_value">English</p0826-teimww:hasLanguage>
    <p0826-teimww:isWrittenBy>
      <p0826-teimww:person knoraType="link_value" linkType="ref" target="ww_13695de2bd4043e0"/>
    </p0826-teimww:isWrittenBy>
    <p0826-teimww:publishDate knoraType="date_value">GREGORIAN:1470:1470</p0826-teimww:publishDate>
    <p0826-teimww:title knoraType="richtext_value">Dives and Pauper</p0826-teimww:title>
  </p0826-teimww:book>
  <p0826-teimww:book id="ww_fb9509be352bd917">
    <knoraXmlImport:label>book label</knoraXmlImport:label>
    <p0826-teimww:bookInternalId knoraType="richtext_value">@010048</p0826-teimww:bookInternalId>
    <p0826-teimww:edition knoraType="richtext_value">EEBO - Early English Books Online. https://eebo.chadwyck.com/home. 1999. </p0826-teimww:edition>
    <p0826-teimww:isWrittenBy>
      <p0826-teimww:person knoraType="link_value" linkType="ref" target="ww_212c78497ddc32c5"/>
    </p0826-teimww:isWrittenBy>
    <p0826-teimww:title knoraType="richtext_value">EEBO - Early English Books Online</p0826-teimww:title>
  </p0826-teimww:book>
  <p0826-teimww:book id="ww_873e4d980083d886">
    <knoraXmlImport:label>book label</knoraXmlImport:label>
    <p0826-teimww:bookInternalId knoraType="richtext_value">@005657</p0826-teimww:bookInternalId>
    <p0826-teimww:createdDate knoraType="date_value">GREGORIAN:1557:1557</p0826-teimww:createdDate>
    <p0826-teimww:edition knoraType="richtext_value">Songes and Sonettes. London: Henry Tottel, 1557. A Scolar Press Facsimile. Leeds: Scolar Press, 1966.</p0826-teimww:edition>
    <p0826-teimww:hasLanguage knoraType="richtext_value">English</p0826-teimww:hasLanguage>
    <p0826-teimww:isWrittenBy>
      <p0826-teimww:person knoraType="link_value" linkType="ref" target="ww_bff81a320b8342f4"/>
    </p0826-teimww:isWrittenBy>
    <p0826-teimww:publishDate knoraType="date_value">GREGORIAN:1557:1557</p0826-teimww:publishDate>
    <p0826-teimww:title knoraType="richtext_value">The Aged Lover Renounceth Love</p0826-teimww:title>
  </p0826-teimww:book>
  <p0826-teimww:book id="ww_359edd0d37d00410">
    <knoraXmlImport:label>book label</knoraXmlImport:label>
    <p0826-teimww:bookInternalId knoraType="richtext_value">@010028</p0826-teimww:bookInternalId>
    <p0826-teimww:edition knoraType="richtext_value">The Language of Sir Walter Scott: A Study of His Scottish and Period Language. London: Andre Deutsch, 1980.</p0826-teimww:edition>
    <p0826-teimww:isWrittenBy>
      <p0826-teimww:person knoraType="link_value" linkType="ref" target="ww_09f98d06c0bf228a"/>
    </p0826-teimww:isWrittenBy>
    <p0826-teimww:title knoraType="richtext_value">The Language of Sir Walter Scott</p0826-teimww:title>
  </p0826-teimww:book>
  <p0826-teimww:book id="ww_b3931845d54b98d5">
    <knoraXmlImport:label>book label</knoraXmlImport:label>
    <p0826-teimww:bookInternalId knoraType="richtext_value">@010082</p0826-teimww:bookInternalId>
    <p0826-teimww:edition knoraType="richtext_value">ed. William Shakespeare. Hamlet. The Oxford Shakespeare. Oxforad and New York: Oxford University Press, 1994.</p0826-teimww:edition>
    <p0826-teimww:isWrittenBy>
      <p0826-teimww:person knoraType="link_value" linkType="ref" target="ww_59ff380c6e105e8e"/>
    </p0826-teimww:isWrittenBy>
    <p0826-teimww:title knoraType="richtext_value">Hamlet (Hibbard edition)</p0826-teimww:title>
  </p0826-teimww:book>
  <p0826-teimww:book id="ww_0dd5e309103973fb">
    <knoraXmlImport:label>book label</knoraXmlImport:label>
    <p0826-teimww:bookInternalId knoraType="richtext_value">@010151</p0826-teimww:bookInternalId>
    <p0826-teimww:edition knoraType="richtext_value">Shakespeare's Books. A Dissertation on Shakespeare's Reading and the Immediate Sources of his Words. Berlin: Georg Reimer, 1904.</p0826-teimww:edition>
    <p0826-teimww:isWrittenBy>
      <p0826-teimww:person knoraType="link_value" linkType="ref" target="ww_6c137d4b04e9cbc4"/>
    </p0826-teimww:isWrittenBy>
    <p0826-teimww:title knoraType="richtext_value">Shakespeares Books</p0826-teimww:title>
  </p0826-teimww:book>
  <p0826-teimww:book id="ww_6f8bba60983f33d9">
    <knoraXmlImport:label>book label</knoraXmlImport:label>
    <p0826-teimww:bookInternalId knoraType="richtext_value">@010026</p0826-teimww:bookInternalId>
    <p0826-teimww:edition knoraType="richtext_value">A Survey of Burlesques and Parody in English. Edinburgh: Oliver and Boyd, 1931.</p0826-teimww:edition>
    <p0826-teimww:isWrittenBy>
      <p0826-teimww:person knoraType="link_value" linkType="ref" target="ww_e6402f521ef2ee6e"/>
    </p0826-teimww:isWrittenBy>
    <p0826-teimww:title knoraType="richtext_value">A Survey of Burlesques and Parody in English</p0826-teimww:title>
  </p0826-teimww:book>
  <p0826-teimww:book id="ww_b93e86ee915469ae">
    <knoraXmlImport:label>book label</knoraXmlImport:label>
    <p0826-teimww:bookInternalId knoraType="richtext_value">@005660</p0826-teimww:bookInternalId>
    <p0826-teimww:createdDate knoraType="date_value">GREGORIAN:1567:1567</p0826-teimww:createdDate>
    <p0826-teimww:edition knoraType="richtext_value">The second Tome of the Palace of Pleasure, conteyning store of goodly Histories, Tragicall matters, and other Morall argument, very requisite for delighte and profit. Chosen and selected out of diuers good and commendable Authors. London: Henry Bynneman, 1567.</p0826-teimww:edition>
    <p0826-teimww:hasLanguage knoraType="richtext_value">English</p0826-teimww:hasLanguage>
    <p0826-teimww:isWrittenBy>
      <p0826-teimww:person knoraType="link_value" linkType="ref" target="ww_42eb905bc6e4053a"/>
    </p0826-teimww:isWrittenBy>
    <p0826-teimww:publishDate knoraType="date_value">GREGORIAN:1567:1567</p0826-teimww:publishDate>
    <p0826-teimww:title knoraType="richtext_value">The Palace of Pleasure 2</p0826-teimww:title>
  </p0826-teimww:book>
  <p0826-teimww:book id="ww_7589cfaa41b21699">
    <knoraXmlImport:label>book label</knoraXmlImport:label>
    <p0826-teimww:bookInternalId knoraType="richtext_value">@010020</p0826-teimww:bookInternalId>
    <p0826-teimww:edition knoraType="richtext_value">Biblical References in Shakespeare's Plays. Newark: University of Delaware Press, 1999.</p0826-teimww:edition>
    <p0826-teimww:isWrittenBy>
      <p0826-teimww:person knoraType="link_value" linkType="ref" target="ww_b417c05f2f7d59f9"/>
    </p0826-teimww:isWrittenBy>
    <p0826-teimww:title knoraType="richtext_value">Biblical References in Shakespeares Plays</p0826-teimww:title>
  </p0826-teimww:book>
  <p0826-teimww:book id="ww_b19b575dfa6c41b9">
    <knoraXmlImport:label>book label</knoraXmlImport:label>
    <p0826-teimww:bookInternalId knoraType="richtext_value">@005661</p0826-teimww:bookInternalId>
    <p0826-teimww:createdDate knoraType="date_value">GREGORIAN:1567:1567</p0826-teimww:createdDate>
    <p0826-teimww:edition knoraType="richtext_value">A treatice of moral philosophy contaynynge the sayinges of the wise, wherin you may se the woorthy and pithy sayings of philosophers, emperors, kynges, and oratours [...]. First gathered [and] set forth by Wylliam Baudwin, and nowe once againe augmented, [and] ye third tyme enlarged by Thomas Paulfreyman, one of the gentlemen of the Queenes maiesties chappell [...]. London: Richard Tottyll, 1571.</p0826-teimww:edition>
    <p0826-teimww:hasLanguage knoraType="richtext_value">English</p0826-teimww:hasLanguage>
    <p0826-teimww:isWrittenBy>
      <p0826-teimww:person knoraType="link_value" linkType="ref" target="ww_17923856f3fcac86"/>
    </p0826-teimww:isWrittenBy>
    <p0826-teimww:publishDate knoraType="date_value">GREGORIAN:1567:1567</p0826-teimww:publishDate>
    <p0826-teimww:title knoraType="richtext_value">A Treatise of Moral Philosophy</p0826-teimww:title>
  </p0826-teimww:book>
  <p0826-teimww:book id="ww_160b060adc5c12bf">
    <knoraXmlImport:label>book label</knoraXmlImport:label>
    <p0826-teimww:bookInternalId knoraType="richtext_value">@010152</p0826-teimww:bookInternalId>
    <p0826-teimww:edition knoraType="richtext_value">William Shakspere's Small Latine and Lesse Greeke. 2 vols. Urbana: University of Illinois Press, 1944.</p0826-teimww:edition>
    <p0826-teimww:isWrittenBy>
      <p0826-teimww:person knoraType="link_value" linkType="ref" target="ww_00a3ea8b5afeaa37"/>
    </p0826-teimww:isWrittenBy>
    <p0826-teimww:title knoraType="richtext_value">Shakesperes Small Latine</p0826-teimww:title>
  </p0826-teimww:book>
  <p0826-teimww:book id="ww_9256f2880070a870">
    <knoraXmlImport:label>book label</knoraXmlImport:label>
    <p0826-teimww:bookInternalId knoraType="richtext_value">@005642</p0826-teimww:bookInternalId>
    <p0826-teimww:createdDate knoraType="date_value">GREGORIAN:1570:1570</p0826-teimww:createdDate>
    <p0826-teimww:edition knoraType="richtext_value">Euclid. The elements of geometrie of the most auncient philosopher Euclide of Megara. Faithfully (now first) translated into the Englishe toung, by H. Billingsley, citizen of London. Whereunto are annexed certaine scholies, annotations, and inuentions, of the best mathematiciens, both of time past, and in this our age [...]. London: John Day, 1570.</p0826-teimww:edition>
    <p0826-teimww:hasLanguage knoraType="richtext_value">English</p0826-teimww:hasLanguage>
    <p0826-teimww:isWrittenBy>
      <p0826-teimww:person knoraType="link_value" linkType="ref" target="ww_4d46ba6d44081aae"/>
    </p0826-teimww:isWrittenBy>
    <p0826-teimww:publishDate knoraType="date_value">GREGORIAN:1570:1570</p0826-teimww:publishDate>
    <p0826-teimww:title knoraType="richtext_value">The Elements of Geometry of Euclid</p0826-teimww:title>
  </p0826-teimww:book>
  <p0826-teimww:book id="ww_ce689c96abf273eb">
    <knoraXmlImport:label>book label</knoraXmlImport:label>
    <p0826-teimww:bookInternalId knoraType="richtext_value">@005643</p0826-teimww:bookInternalId>
    <p0826-teimww:createdDate knoraType="date_value">GREGORIAN:1570:1579</p0826-teimww:createdDate>
    <p0826-teimww:edition knoraType="richtext_value">The patterne of painefull aduentures: containing the most excellent, pleasant and variable historie of the strange accidents that befell vnto Prince Apollonius, the Lady Lucina his wife, and Tharsia his daughter. Wherein the vncertaintie of this world, and the fickle state of mans life are liuely described. Gathered into English by Laurence Tvvine gentleman. London: Valentine Simmes for E.N., 1594.</p0826-teimww:edition>
    <p0826-teimww:hasLanguage knoraType="richtext_value">English</p0826-teimww:hasLanguage>
    <p0826-teimww:isWrittenBy>
      <p0826-teimww:person knoraType="link_value" linkType="ref" target="ww_93393d7338f8a258"/>
    </p0826-teimww:isWrittenBy>
    <p0826-teimww:isWrittenBy>
      <p0826-teimww:person knoraType="link_value" linkType="ref" target="ww_a5663d4a9069f35d"/>
    </p0826-teimww:isWrittenBy>
    <p0826-teimww:publishDate knoraType="date_value">GREGORIAN:1570:1579</p0826-teimww:publishDate>
    <p0826-teimww:title knoraType="richtext_value">The Pattern of Painful Adventures</p0826-teimww:title>
  </p0826-teimww:book>
  <p0826-teimww:book id="ww_3e15ab6c612eadae">
    <knoraXmlImport:label>book label</knoraXmlImport:label>
    <p0826-teimww:bookInternalId knoraType="richtext_value">@010001</p0826-teimww:bookInternalId>
    <p0826-teimww:edition knoraType="richtext_value">LION - Literature Online. http://lion.chadwyck.com.</p0826-teimww:edition>
    <p0826-teimww:isWrittenBy>
      <p0826-teimww:person knoraType="link_value" linkType="ref" target="ww_212c78497ddc32c5"/>
    </p0826-teimww:isWrittenBy>
    <p0826-teimww:title knoraType="richtext_value">LION - Literature Online</p0826-teimww:title>
  </p0826-teimww:book>
  <p0826-teimww:book id="ww_9e5c2e9be2d59c76">
    <knoraXmlImport:label>book label</knoraXmlImport:label>
    <p0826-teimww:bookInternalId knoraType="richtext_value">@005017</p0826-teimww:bookInternalId>
    <p0826-teimww:createdDate knoraType="date_value">GREGORIAN:1571:1571</p0826-teimww:createdDate>
    <p0826-teimww:edition knoraType="richtext_value">500-515.</p0826-teimww:edition>
    <p0826-teimww:hasLanguage knoraType="richtext_value">English</p0826-teimww:hasLanguage>
    <p0826-teimww:isWrittenBy>
      <p0826-teimww:person knoraType="link_value" linkType="ref" target="ww_20c2963f1665d325"/>
    </p0826-teimww:isWrittenBy>
    <p0826-teimww:publishDate knoraType="date_value">GREGORIAN:1571:1571</p0826-teimww:publishDate>
    <p0826-teimww:title knoraType="richtext_value">Homily on the State of Matrimony</p0826-teimww:title>
  </p0826-teimww:book>
  <p0826-teimww:book id="ww_450c8e303d46eae2">
    <knoraXmlImport:label>book label</knoraXmlImport:label>
    <p0826-teimww:bookInternalId knoraType="richtext_value">@010064</p0826-teimww:bookInternalId>
    <p0826-teimww:edition knoraType="richtext_value">Shakespeare Quarterly 26.3 (Summer 1975): 299-301.</p0826-teimww:edition>
    <p0826-teimww:isWrittenBy>
      <p0826-teimww:person knoraType="link_value" linkType="ref" target="ww_1560a0ef495e2c1a"/>
    </p0826-teimww:isWrittenBy>
    <p0826-teimww:title knoraType="richtext_value">Hamlet and the Homilies</p0826-teimww:title>
  </p0826-teimww:book>
  <p0826-teimww:book id="ww_bc8ea264d57ced70">
    <knoraXmlImport:label>book label</knoraXmlImport:label>
    <p0826-teimww:bookInternalId knoraType="richtext_value">@005644</p0826-teimww:bookInternalId>
    <p0826-teimww:createdDate knoraType="date_value">GREGORIAN:1572:1573</p0826-teimww:createdDate>
    <p0826-teimww:edition knoraType="richtext_value">An ansvvere to a certen Libel intituled, An Admonition to the Parliament. 1572-1573.</p0826-teimww:edition>
    <p0826-teimww:hasLanguage knoraType="richtext_value">English</p0826-teimww:hasLanguage>
    <p0826-teimww:isWrittenBy>
      <p0826-teimww:person knoraType="link_value" linkType="ref" target="ww_8110581a51ac8d0a"/>
    </p0826-teimww:isWrittenBy>
    <p0826-teimww:publishDate knoraType="date_value">GREGORIAN:1572:1573</p0826-teimww:publishDate>
    <p0826-teimww:title knoraType="richtext_value">An Answer to a Certain Libel</p0826-teimww:title>
  </p0826-teimww:book>
  <p0826-teimww:book id="ww_b908dc610f9089ff">
    <knoraXmlImport:label>book label</knoraXmlImport:label>
    <p0826-teimww:bookInternalId knoraType="richtext_value">@005645</p0826-teimww:bookInternalId>
    <p0826-teimww:createdDate knoraType="date_value">GREGORIAN:1573:1573</p0826-teimww:createdDate>
    <p0826-teimww:edition knoraType="richtext_value">The arte of reason, rightly termed, witcraft teaching a perfect way to argue and dispute. Made by Raphe Leuer. Seene and allowed according to the order appointed in the Queenes Maiesties iniunctions. London: H. Bynneman, 1573.</p0826-teimww:edition>
    <p0826-teimww:hasLanguage knoraType="richtext_value">English</p0826-teimww:hasLanguage>
    <p0826-teimww:isWrittenBy>
      <p0826-teimww:person knoraType="link_value" linkType="ref" target="ww_0e82de631d672dcc"/>
    </p0826-teimww:isWrittenBy>
    <p0826-teimww:publishDate knoraType="date_value">GREGORIAN:1573:1573</p0826-teimww:publishDate>
    <p0826-teimww:title knoraType="richtext_value">The Art of Reason</p0826-teimww:title>
  </p0826-teimww:book>
  <p0826-teimww:book id="ww_0de19bd63a1c9142">
    <knoraXmlImport:label>book label</knoraXmlImport:label>
    <p0826-teimww:bookInternalId knoraType="richtext_value">@010079</p0826-teimww:bookInternalId>
    <p0826-teimww:edition knoraType="richtext_value">PMLA 122.5 (2007):1580-1587.</p0826-teimww:edition>
    <p0826-teimww:isWrittenBy>
      <p0826-teimww:person knoraType="link_value" linkType="ref" target="ww_196b962a617afbbd"/>
    </p0826-teimww:isWrittenBy>
    <p0826-teimww:title knoraType="richtext_value">Against Thinking</p0826-teimww:title>
  </p0826-teimww:book>
  <p0826-teimww:book id="ww_cf2c475414853bfd">
    <knoraXmlImport:label>book label</knoraXmlImport:label>
    <p0826-teimww:bookInternalId knoraType="richtext_value">@005649</p0826-teimww:bookInternalId>
    <p0826-teimww:createdDate knoraType="date_value">GREGORIAN:1576:1576</p0826-teimww:createdDate>
    <p0826-teimww:edition knoraType="richtext_value">A Philosophicall Discourse [...]. London: Andrew Maunsell, 1576.</p0826-teimww:edition>
    <p0826-teimww:hasLanguage knoraType="richtext_value">English</p0826-teimww:hasLanguage>
    <p0826-teimww:isWrittenBy>
      <p0826-teimww:person knoraType="link_value" linkType="ref" target="ww_9ffeb7ca95cd18da"/>
    </p0826-teimww:isWrittenBy>
    <p0826-teimww:publishDate knoraType="date_value">GREGORIAN:1576:1576</p0826-teimww:publishDate>
    <p0826-teimww:title knoraType="richtext_value">A Philosophical Discourse</p0826-teimww:title>
  </p0826-teimww:book>
  <p0826-teimww:book id="ww_7e5197c760c02e13">
    <knoraXmlImport:label>book label</knoraXmlImport:label>
    <p0826-teimww:bookInternalId knoraType="richtext_value">@005650</p0826-teimww:bookInternalId>
    <p0826-teimww:createdDate knoraType="date_value">GREGORIAN:1578:1578</p0826-teimww:createdDate>
    <p0826-teimww:edition knoraType="richtext_value">A gorgious gallery, of gallant inuentions. Garnished and decked with diuers dayntie deuises, right delicate and delightfull, to recreate eche modest minde withall. First framed and fashioned in sundrie formes, by diuers worthy workemen of late dayes: and now, ioyned together and builded vp [...]. London: Richard Jones, 1578.</p0826-teimww:edition>
    <p0826-teimww:hasLanguage knoraType="richtext_value">English</p0826-teimww:hasLanguage>
    <p0826-teimww:isWrittenBy>
      <p0826-teimww:person knoraType="link_value" linkType="ref" target="ww_61ea5c613f71ac23"/>
    </p0826-teimww:isWrittenBy>
    <p0826-teimww:publishDate knoraType="date_value">GREGORIAN:1578:1578</p0826-teimww:publishDate>
    <p0826-teimww:title knoraType="richtext_value">A Gorgeous Gallery of Gallant Inventions</p0826-teimww:title>
  </p0826-teimww:book>
  <p0826-teimww:book id="ww_92a01c485433bee0">
    <knoraXmlImport:label>book label</knoraXmlImport:label>
    <p0826-teimww:bookInternalId knoraType="richtext_value">@005651</p0826-teimww:bookInternalId>
    <p0826-teimww:createdDate knoraType="date_value">GREGORIAN:1578:1578</p0826-teimww:createdDate>
    <p0826-teimww:edition knoraType="richtext_value">Christian Praiers and Holie Meditations. London: Henry Middleton, 1578.</p0826-teimww:edition>
    <p0826-teimww:hasLanguage knoraType="richtext_value">English</p0826-teimww:hasLanguage>
    <p0826-teimww:isWrittenBy>
      <p0826-teimww:person knoraType="link_value" linkType="ref" target="ww_4b2c2c667ace067b"/>
    </p0826-teimww:isWrittenBy>
    <p0826-teimww:publishDate knoraType="date_value">GREGORIAN:1578:1578</p0826-teimww:publishDate>
    <p0826-teimww:title knoraType="richtext_value">Christian Prayers and Holy Meditations</p0826-teimww:title>
  </p0826-teimww:book>
  <p0826-teimww:book id="ww_215bf6a3075a440e">
    <knoraXmlImport:label>book label</knoraXmlImport:label>
    <p0826-teimww:bookInternalId knoraType="richtext_value">@000810</p0826-teimww:bookInternalId>
    <p0826-teimww:createdDate knoraType="date_value">GREGORIAN:1588:1588</p0826-teimww:createdDate>
    <p0826-teimww:edition knoraType="richtext_value">The Complete Plays. Ed. J. B. Steane. London: Penguin 1986. 259-339. </p0826-teimww:edition>
    <p0826-teimww:hasLanguage knoraType="richtext_value">English</p0826-teimww:hasLanguage>
    <p0826-teimww:isWrittenBy>
      <p0826-teimww:person knoraType="link_value" linkType="ref" target="ww_63d5fe36ffac5d32"/>
    </p0826-teimww:isWrittenBy>
    <p0826-teimww:publishDate knoraType="date_value">GREGORIAN:1588:1588</p0826-teimww:publishDate>
    <p0826-teimww:title knoraType="richtext_value">The Tragical History of Doctor Faustus</p0826-teimww:title>
  </p0826-teimww:book>
  <p0826-teimww:book id="ww_97955539c83b9cc3">
    <knoraXmlImport:label>book label</knoraXmlImport:label>
    <p0826-teimww:bookInternalId knoraType="richtext_value">@010029</p0826-teimww:bookInternalId>
    <p0826-teimww:edition knoraType="richtext_value">The Marlowe-Shakespeare Continuum: Christopher Marlowe, Thomas Nashe, and Authorship of Early Shakespeare and Anonymous Plays. Newcastle, 2013.</p0826-teimww:edition>
    <p0826-teimww:isWrittenBy>
      <p0826-teimww:person knoraType="link_value" linkType="ref" target="ww_d2baadbb11f92d24"/>
    </p0826-teimww:isWrittenBy>
    <p0826-teimww:title knoraType="richtext_value">The Marlowe-Shp Continuum</p0826-teimww:title>
  </p0826-teimww:book>
  <p0826-teimww:book id="ww_0062af28cf1872e1">
    <knoraXmlImport:label>book label</knoraXmlImport:label>
    <p0826-teimww:bookInternalId knoraType="richtext_value">@000811</p0826-teimww:bookInternalId>
    <p0826-teimww:createdDate knoraType="date_value">GREGORIAN:1588:1588</p0826-teimww:createdDate>
    <p0826-teimww:edition knoraType="richtext_value">The Battell Of Alcazar. London: Edwarde Allde for Richard Bankworth, 1594.</p0826-teimww:edition>
    <p0826-teimww:hasLanguage knoraType="richtext_value">English</p0826-teimww:hasLanguage>
    <p0826-teimww:isWrittenBy>
      <p0826-teimww:person knoraType="link_value" linkType="ref" target="ww_7468c79b15d734b3"/>
    </p0826-teimww:isWrittenBy>
    <p0826-teimww:publishDate knoraType="date_value">GREGORIAN:1588:1588</p0826-teimww:publishDate>
    <p0826-teimww:title knoraType="richtext_value">The Battle of Alcazar</p0826-teimww:title>
  </p0826-teimww:book>
  <p0826-teimww:book id="ww_1b231152ba6c63ce">
    <knoraXmlImport:label>book label</knoraXmlImport:label>
    <p0826-teimww:bookInternalId knoraType="richtext_value">@010158</p0826-teimww:bookInternalId>
    <p0826-teimww:edition knoraType="richtext_value">ed. The Stukeley Plays. The Battle of Alcazar by George Peele, The Famous History of the Life and Death of Captain Stukeley. Manchester: Manchester University Press 2005.</p0826-teimww:edition>
    <p0826-teimww:isWrittenBy>
      <p0826-teimww:person knoraType="link_value" linkType="ref" target="ww_904a3011a92fb67c"/>
    </p0826-teimww:isWrittenBy>
    <p0826-teimww:title knoraType="richtext_value">The Stukeley plays</p0826-teimww:title>
  </p0826-teimww:book>
  <p0826-teimww:book id="ww_0351e98cd25a1522">
    <knoraXmlImport:label>book label</knoraXmlImport:label>
    <p0826-teimww:bookInternalId knoraType="richtext_value">@000824</p0826-teimww:bookInternalId>
    <p0826-teimww:createdDate knoraType="date_value">GREGORIAN:1589:1589</p0826-teimww:createdDate>
    <p0826-teimww:edition knoraType="richtext_value">The Troublesome Raigne of Iohn King of England, with the discouerie of King Richard Cordelions Base sonne (vulgarly named, The Bastard Fawconbridge): also the death of King Iohn at Swinstead Abbey. As it was (sundry times) publikely acted by the Queenes Maiesties Players, in the honourable Citie of London. London: Sampson Clarke, 1591.</p0826-teimww:edition>
    <p0826-teimww:hasLanguage knoraType="richtext_value">HAS SEVERAL LEXIAS!</p0826-teimww:hasLanguage>
    <p0826-teimww:isWrittenBy>
      <p0826-teimww:person knoraType="link_value" linkType="ref" target="ww_7468c79b15d734b3"/>
    </p0826-teimww:isWrittenBy>
    <p0826-teimww:publishDate knoraType="date_value">GREGORIAN:1589:1589</p0826-teimww:publishDate>
    <p0826-teimww:title knoraType="richtext_value">The Troublesome Reign of King John</p0826-teimww:title>
  </p0826-teimww:book>
  <p0826-teimww:book id="ww_de6299bae9b985ee">
    <knoraXmlImport:label>book label</knoraXmlImport:label>
    <p0826-teimww:bookInternalId knoraType="richtext_value">@010051</p0826-teimww:bookInternalId>
    <p0826-teimww:edition knoraType="richtext_value">Gleichnisse und Metaphern in Shakespeare's Dramen und in seinen Quellenschriften. PhD. Strassburg: Elsass-Lothringische Druckerei, 1908. </p0826-teimww:edition>
    <p0826-teimww:isWrittenBy>
      <p0826-teimww:person knoraType="link_value" linkType="ref" target="ww_4a2611f5113afb89"/>
    </p0826-teimww:isWrittenBy>
    <p0826-teimww:title knoraType="richtext_value">Gleichnisse und Metaphern in Shps Dramen</p0826-teimww:title>
  </p0826-teimww:book>
  <p0826-teimww:book id="ww_e9169de357d0ad33">
    <knoraXmlImport:label>book label</knoraXmlImport:label>
    <p0826-teimww:bookInternalId knoraType="richtext_value">@000838</p0826-teimww:bookInternalId>
    <p0826-teimww:createdDate knoraType="date_value">GREGORIAN:1589:1589</p0826-teimww:createdDate>
    <p0826-teimww:edition knoraType="richtext_value">The True Chronicle History of King Leir, and his three daughters, Gonorill, Ragan, and Cordella. As it hath bene diuers and sundry times lately acted. London: Simon Stafford for Iohn Wright, 1605.</p0826-teimww:edition>
    <p0826-teimww:hasLanguage knoraType="richtext_value">English</p0826-teimww:hasLanguage>
    <p0826-teimww:isWrittenBy>
      <p0826-teimww:person knoraType="link_value" linkType="ref" target="ww_212c78497ddc32c5"/>
    </p0826-teimww:isWrittenBy>
    <p0826-teimww:publishDate knoraType="date_value">GREGORIAN:1589:1589</p0826-teimww:publishDate>
    <p0826-teimww:title knoraType="richtext_value">King Leir, or King Lear and His Three Daughters</p0826-teimww:title>
  </p0826-teimww:book>
  <p0826-teimww:book id="ww_8dce43c17b4fa85b">
    <knoraXmlImport:label>book label</knoraXmlImport:label>
    <p0826-teimww:bookInternalId knoraType="richtext_value">@000839</p0826-teimww:bookInternalId>
    <p0826-teimww:createdDate knoraType="date_value">GREGORIAN:1589:1589</p0826-teimww:createdDate>
    <p0826-teimww:edition knoraType="richtext_value">The True Tragedie of Richard the third. Wherein is showne the death of Edward the fourth, with the smothering of the two yoong Princes in the Tower: With a lamentable ende of Shores wife, an example for all wicked women. And lastly, the coniunction and ioyning of the two noble Houses, Lancaster and Yorke. As it was played by the Queenes Maiesties Players. London: Thomas Creede for William Barley, 1594.</p0826-teimww:edition>
    <p0826-teimww:hasLanguage knoraType="richtext_value">English</p0826-teimww:hasLanguage>
    <p0826-teimww:isWrittenBy>
      <p0826-teimww:person knoraType="link_value" linkType="ref" target="ww_212c78497ddc32c5"/>
    </p0826-teimww:isWrittenBy>
    <p0826-teimww:publishDate knoraType="date_value">GREGORIAN:1589:1589</p0826-teimww:publishDate>
    <p0826-teimww:title knoraType="richtext_value">The True Tragedy of Richard III</p0826-teimww:title>
  </p0826-teimww:book>
  <p0826-teimww:book id="ww_4e5c1c1959818562">
    <knoraXmlImport:label>book label</knoraXmlImport:label>
    <p0826-teimww:bookInternalId knoraType="richtext_value">@000828</p0826-teimww:bookInternalId>
    <p0826-teimww:createdDate knoraType="date_value">GREGORIAN:1589:1589</p0826-teimww:createdDate>
    <p0826-teimww:edition knoraType="richtext_value">The Complete Plays. Ed. J. B. Steane. London: Penguin 1986. 341-430.</p0826-teimww:edition>
    <p0826-teimww:hasLanguage knoraType="richtext_value">English</p0826-teimww:hasLanguage>
    <p0826-teimww:isWrittenBy>
      <p0826-teimww:person knoraType="link_value" linkType="ref" target="ww_63d5fe36ffac5d32"/>
    </p0826-teimww:isWrittenBy>
    <p0826-teimww:publishDate knoraType="date_value">GREGORIAN:1589:1589</p0826-teimww:publishDate>
    <p0826-teimww:title knoraType="richtext_value">The Jew of Malta</p0826-teimww:title>
  </p0826-teimww:book>
  <p0826-teimww:book id="ww_5eeeb3e78e8b0bc3">
    <knoraXmlImport:label>book label</knoraXmlImport:label>
    <p0826-teimww:bookInternalId knoraType="richtext_value">@010002</p0826-teimww:bookInternalId>
    <p0826-teimww:edition knoraType="richtext_value">ed. Cyril Tourneur. The Atheist's Tragedy, or The Honest Man's Revenge. London: The Broadwater Press, 1964.</p0826-teimww:edition>
    <p0826-teimww:isWrittenBy>
      <p0826-teimww:person knoraType="link_value" linkType="ref" target="ww_66491a37dd339103"/>
    </p0826-teimww:isWrittenBy>
    <p0826-teimww:title knoraType="richtext_value">The Atheists Tragedy (Ribner edition)</p0826-teimww:title>
  </p0826-teimww:book>
  <p0826-teimww:book id="ww_fe42526a34d40cd9">
    <knoraXmlImport:label>book label</knoraXmlImport:label>
    <p0826-teimww:bookInternalId knoraType="richtext_value">@000846</p0826-teimww:bookInternalId>
    <p0826-teimww:createdDate knoraType="date_value">GREGORIAN:1590:1590</p0826-teimww:createdDate>
    <p0826-teimww:edition knoraType="richtext_value">English Renaissance Drama: A Norton Anthology. Gen. ed. David Bevington. New York and London: W. W. Norton, 2002. 427-481.</p0826-teimww:edition>
    <p0826-teimww:hasLanguage knoraType="richtext_value">English</p0826-teimww:hasLanguage>
    <p0826-teimww:isWrittenBy>
      <p0826-teimww:person knoraType="link_value" linkType="ref" target="ww_212c78497ddc32c5"/>
    </p0826-teimww:isWrittenBy>
    <p0826-teimww:publishDate knoraType="date_value">GREGORIAN:1590:1590</p0826-teimww:publishDate>
    <p0826-teimww:title knoraType="richtext_value">Arden of Faversham</p0826-teimww:title>
  </p0826-teimww:book>
  <p0826-teimww:book id="ww_a3cda7e114a57aa4">
    <knoraXmlImport:label>book label</knoraXmlImport:label>
    <p0826-teimww:bookInternalId knoraType="richtext_value">@010017</p0826-teimww:bookInternalId>
    <p0826-teimww:edition knoraType="richtext_value">eds. Edward II by Christopher Marlowe. London: Methuen, 1933.</p0826-teimww:edition>
    <p0826-teimww:isWrittenBy>
      <p0826-teimww:person knoraType="link_value" linkType="ref" target="ww_30995ab4792b9a3f"/>
    </p0826-teimww:isWrittenBy>
    <p0826-teimww:isWrittenBy>
      <p0826-teimww:person knoraType="link_value" linkType="ref" target="ww_40af4fdaa8bf7a1d"/>
    </p0826-teimww:isWrittenBy>
    <p0826-teimww:title knoraType="richtext_value">Edward II (Charlton edition)</p0826-teimww:title>
  </p0826-teimww:book>
  <p0826-teimww:book id="ww_83f1a0a692d63180">
    <knoraXmlImport:label>book label</knoraXmlImport:label>
    <p0826-teimww:bookInternalId knoraType="richtext_value">@005010</p0826-teimww:bookInternalId>
    <p0826-teimww:createdDate knoraType="date_value">GREGORIAN:1590:1590</p0826-teimww:createdDate>
    <p0826-teimww:edition knoraType="richtext_value">The Faerie Queene. Eds. Thomas P. Roche and C. Patrick O'Donnell. Harmondsworth: Penguin, 1987.</p0826-teimww:edition>
    <p0826-teimww:hasLanguage knoraType="richtext_value">English</p0826-teimww:hasLanguage>
    <p0826-teimww:isWrittenBy>
      <p0826-teimww:person knoraType="link_value" linkType="ref" target="ww_fb2f6ac664533d01"/>
    </p0826-teimww:isWrittenBy>
    <p0826-teimww:publishDate knoraType="date_value">GREGORIAN:1590:1590</p0826-teimww:publishDate>
    <p0826-teimww:title knoraType="richtext_value">The Faerie Queene</p0826-teimww:title>
  </p0826-teimww:book>
  <p0826-teimww:book id="ww_3f86f30540de15b8">
    <knoraXmlImport:label>book label</knoraXmlImport:label>
    <p0826-teimww:bookInternalId knoraType="richtext_value">@010052</p0826-teimww:bookInternalId>
    <p0826-teimww:edition knoraType="richtext_value">Shakespeare Quarterly 6:1 (Winter 1955): 31-43.</p0826-teimww:edition>
    <p0826-teimww:isWrittenBy>
      <p0826-teimww:person knoraType="link_value" linkType="ref" target="ww_e50a603b67ab7672"/>
    </p0826-teimww:isWrittenBy>
    <p0826-teimww:title knoraType="richtext_value">Hamlet and Gloriana's Knights</p0826-teimww:title>
  </p0826-teimww:book>
  <p0826-teimww:book id="ww_e44bf30c33d6ff4d">
    <knoraXmlImport:label>book label</knoraXmlImport:label>
    <p0826-teimww:bookInternalId knoraType="richtext_value">@000902</p0826-teimww:bookInternalId>
    <p0826-teimww:createdDate knoraType="date_value">GREGORIAN:1591:1591</p0826-teimww:createdDate>
    <p0826-teimww:edition knoraType="richtext_value">Henry VI Part 3.</p0826-teimww:edition>
    <p0826-teimww:hasLanguage knoraType="richtext_value">English</p0826-teimww:hasLanguage>
    <p0826-teimww:isWrittenBy>
      <p0826-teimww:person knoraType="link_value" linkType="ref" target="ww_684176b58bc762f6"/>
    </p0826-teimww:isWrittenBy>
    <p0826-teimww:publishDate knoraType="date_value">GREGORIAN:1591:1591</p0826-teimww:publishDate>
    <p0826-teimww:title knoraType="richtext_value">Henry VI Part 3</p0826-teimww:title>
  </p0826-teimww:book>
  <p0826-teimww:book id="ww_6c90648fdecc54d2">
    <knoraXmlImport:label>book label</knoraXmlImport:label>
    <p0826-teimww:bookInternalId knoraType="richtext_value">@005275</p0826-teimww:bookInternalId>
    <p0826-teimww:createdDate knoraType="date_value">GREGORIAN:1591:1591</p0826-teimww:createdDate>
    <p0826-teimww:edition knoraType="richtext_value">The First part of the Contention betwixt the two famous Houses of Yorke and Lancaster. London: Thomas Creed for Thomas Millington, 1594.</p0826-teimww:edition>
    <p0826-teimww:hasLanguage knoraType="richtext_value">English</p0826-teimww:hasLanguage>
    <p0826-teimww:isWrittenBy>
      <p0826-teimww:person knoraType="link_value" linkType="ref" target="ww_684176b58bc762f6"/>
    </p0826-teimww:isWrittenBy>
    <p0826-teimww:publishDate knoraType="date_value">GREGORIAN:1591:1591</p0826-teimww:publishDate>
    <p0826-teimww:title knoraType="richtext_value">Henry VI Part 2 - The Contention</p0826-teimww:title>
  </p0826-teimww:book>
  <p0826-teimww:book id="ww_1140c36ab545b6d8">
    <knoraXmlImport:label>book label</knoraXmlImport:label>
    <p0826-teimww:bookInternalId knoraType="richtext_value">@010000</p0826-teimww:bookInternalId>
    <p0826-teimww:edition knoraType="richtext_value">The Shakspere Allusion Book. A Collection of Allusions to Shakspere from 1591 to 1700 [...]. London: Chatto and Windus; New York: Duffield and Co., 1909.</p0826-teimww:edition>
    <p0826-teimww:isWrittenBy>
      <p0826-teimww:person knoraType="link_value" linkType="ref" target="ww_fb550941e6e9db62"/>
    </p0826-teimww:isWrittenBy>
    <p0826-teimww:isWrittenBy>
      <p0826-teimww:person knoraType="link_value" linkType="ref" target="ww_26c25538fa69a566"/>
    </p0826-teimww:isWrittenBy>
    <p0826-teimww:isWrittenBy>
      <p0826-teimww:person knoraType="link_value" linkType="ref" target="ww_a60ff4964db613ee"/>
    </p0826-teimww:isWrittenBy>
    <p0826-teimww:isWrittenBy>
      <p0826-teimww:person knoraType="link_value" linkType="ref" target="ww_4c146e6d2ef23a03"/>
    </p0826-teimww:isWrittenBy>
    <p0826-teimww:title knoraType="richtext_value">The Shakspere Allusion Book</p0826-teimww:title>
  </p0826-teimww:book>
  <p0826-teimww:book id="ww_898b0b7ff390f5fb">
    <knoraXmlImport:label>book label</knoraXmlImport:label>
    <p0826-teimww:bookInternalId knoraType="richtext_value">@000888</p0826-teimww:bookInternalId>
    <p0826-teimww:createdDate knoraType="date_value">GREGORIAN:1591:1591</p0826-teimww:createdDate>
    <p0826-teimww:edition knoraType="richtext_value">Henry VI Part 2.</p0826-teimww:edition>
    <p0826-teimww:hasLanguage knoraType="richtext_value">HAS SEVERAL LEXIAS!</p0826-teimww:hasLanguage>
    <p0826-teimww:isWrittenBy>
      <p0826-teimww:person knoraType="link_value" linkType="ref" target="ww_684176b58bc762f6"/>
    </p0826-teimww:isWrittenBy>
    <p0826-teimww:publishDate knoraType="date_value">GREGORIAN:1591:1591</p0826-teimww:publishDate>
    <p0826-teimww:title knoraType="richtext_value">Henry VI Part 2</p0826-teimww:title>
  </p0826-teimww:book>
  <p0826-teimww:book id="ww_28e2635e5ac1776c">
    <knoraXmlImport:label>book label</knoraXmlImport:label>
    <p0826-teimww:bookInternalId knoraType="richtext_value">@000881</p0826-teimww:bookInternalId>
    <p0826-teimww:createdDate knoraType="date_value">GREGORIAN:1591:1591</p0826-teimww:createdDate>
    <p0826-teimww:edition knoraType="richtext_value">The Famous Chronicle of king Edward the first. London: Abell Ieffes, 1593.</p0826-teimww:edition>
    <p0826-teimww:hasLanguage knoraType="richtext_value">HAS SEVERAL LEXIAS!</p0826-teimww:hasLanguage>
    <p0826-teimww:isWrittenBy>
      <p0826-teimww:person knoraType="link_value" linkType="ref" target="ww_7468c79b15d734b3"/>
    </p0826-teimww:isWrittenBy>
    <p0826-teimww:publishDate knoraType="date_value">GREGORIAN:1591:1591</p0826-teimww:publishDate>
    <p0826-teimww:title knoraType="richtext_value">Edward I</p0826-teimww:title>
  </p0826-teimww:book>
  <p0826-teimww:book id="ww_0d4732e83985c063">
    <knoraXmlImport:label>book label</knoraXmlImport:label>
    <p0826-teimww:bookInternalId knoraType="richtext_value">@000927</p0826-teimww:bookInternalId>
    <p0826-teimww:createdDate knoraType="date_value">GREGORIAN:1592:1592</p0826-teimww:createdDate>
    <p0826-teimww:edition knoraType="richtext_value">The Complete Plays. Ed. J. B. Steane. London: Penguin 1986. 431-533.</p0826-teimww:edition>
    <p0826-teimww:hasLanguage knoraType="richtext_value">English</p0826-teimww:hasLanguage>
    <p0826-teimww:isWrittenBy>
      <p0826-teimww:person knoraType="link_value" linkType="ref" target="ww_63d5fe36ffac5d32"/>
    </p0826-teimww:isWrittenBy>
    <p0826-teimww:publishDate knoraType="date_value">GREGORIAN:1592:1592</p0826-teimww:publishDate>
    <p0826-teimww:title knoraType="richtext_value">Edward The Second</p0826-teimww:title>
  </p0826-teimww:book>
  <p0826-teimww:book id="ww_7f5e9141d1116e89">
    <knoraXmlImport:label>book label</knoraXmlImport:label>
    <p0826-teimww:bookInternalId knoraType="richtext_value">@000928</p0826-teimww:bookInternalId>
    <p0826-teimww:createdDate knoraType="date_value">GREGORIAN:1592:1592</p0826-teimww:createdDate>
    <p0826-teimww:edition knoraType="richtext_value">Titus Andronicus.</p0826-teimww:edition>
    <p0826-teimww:hasLanguage knoraType="richtext_value">HAS SEVERAL LEXIAS!</p0826-teimww:hasLanguage>
    <p0826-teimww:isWrittenBy>
      <p0826-teimww:person knoraType="link_value" linkType="ref" target="ww_7468c79b15d734b3"/>
    </p0826-teimww:isWrittenBy>
    <p0826-teimww:isWrittenBy>
      <p0826-teimww:person knoraType="link_value" linkType="ref" target="ww_684176b58bc762f6"/>
    </p0826-teimww:isWrittenBy>
    <p0826-teimww:publishDate knoraType="date_value">GREGORIAN:1592:1592</p0826-teimww:publishDate>
    <p0826-teimww:title knoraType="richtext_value">Titus Andronicus</p0826-teimww:title>
  </p0826-teimww:book>
  <p0826-teimww:book id="ww_c0bb45384c6abc1f">
    <knoraXmlImport:label>book label</knoraXmlImport:label>
    <p0826-teimww:bookInternalId knoraType="richtext_value">@010200</p0826-teimww:bookInternalId>
    <p0826-teimww:edition knoraType="richtext_value">Casual Shakespeare: Three Centuries of Verbal Echoes. London: Routledge, 2018.</p0826-teimww:edition>
    <p0826-teimww:isWrittenBy>
      <p0826-teimww:person knoraType="link_value" linkType="ref" target="ww_0989e07eda6de68c"/>
    </p0826-teimww:isWrittenBy>
    <p0826-teimww:title knoraType="richtext_value">Casual Shakespeare</p0826-teimww:title>
  </p0826-teimww:book>
  <p0826-teimww:book id="ww_4dfc3a32aa54efd5">
    <knoraXmlImport:label>book label</knoraXmlImport:label>
    <p0826-teimww:bookInternalId knoraType="richtext_value">@006071</p0826-teimww:bookInternalId>
    <p0826-teimww:edition knoraType="richtext_value">Shakespeare and Classical Antiquity. Oxford: Oxford University Press, 2013.</p0826-teimww:edition>
    <p0826-teimww:isWrittenBy>
      <p0826-teimww:person knoraType="link_value" linkType="ref" target="ww_d031de8fd298348b"/>
    </p0826-teimww:isWrittenBy>
    <p0826-teimww:title knoraType="richtext_value">Shakespeare and Classical Antiquity</p0826-teimww:title>
  </p0826-teimww:book>
  <p0826-teimww:book id="ww_e9dd31d2f114bcc9">
    <knoraXmlImport:label>book label</knoraXmlImport:label>
    <p0826-teimww:bookInternalId knoraType="richtext_value">@010038</p0826-teimww:bookInternalId>
    <p0826-teimww:edition knoraType="richtext_value">ed. John Marston. Antonio's Revenge. The Revels Plays. Manchester: Manchester University Press, 1978, repr. 1999.</p0826-teimww:edition>
    <p0826-teimww:isWrittenBy>
      <p0826-teimww:person knoraType="link_value" linkType="ref" target="ww_d20c9849f2078d70"/>
    </p0826-teimww:isWrittenBy>
    <p0826-teimww:title knoraType="richtext_value">Antonios Revenge (Gair edition)</p0826-teimww:title>
  </p0826-teimww:book>
  <p0826-teimww:book id="ww_26138dfe777ca825">
    <knoraXmlImport:label>book label</knoraXmlImport:label>
    <p0826-teimww:bookInternalId knoraType="richtext_value">@000916</p0826-teimww:bookInternalId>
    <p0826-teimww:createdDate knoraType="date_value">GREGORIAN:1592:1592</p0826-teimww:createdDate>
    <p0826-teimww:edition knoraType="richtext_value">The Taming of the Shrew.</p0826-teimww:edition>
    <p0826-teimww:hasLanguage knoraType="richtext_value">English</p0826-teimww:hasLanguage>
    <p0826-teimww:isWrittenBy>
      <p0826-teimww:person knoraType="link_value" linkType="ref" target="ww_684176b58bc762f6"/>
    </p0826-teimww:isWrittenBy>
    <p0826-teimww:publishDate knoraType="date_value">GREGORIAN:1592:1592</p0826-teimww:publishDate>
    <p0826-teimww:title knoraType="richtext_value">The Taming of the Shrew</p0826-teimww:title>
  </p0826-teimww:book>
  <p0826-teimww:book id="ww_d7a24ba647d4819e">
    <knoraXmlImport:label>book label</knoraXmlImport:label>
    <p0826-teimww:bookInternalId knoraType="richtext_value">@003009</p0826-teimww:bookInternalId>
    <p0826-teimww:createdDate knoraType="date_value">GREGORIAN:1592:1592</p0826-teimww:createdDate>
    <p0826-teimww:edition knoraType="richtext_value">Venus and Adonis.</p0826-teimww:edition>
    <p0826-teimww:hasLanguage knoraType="richtext_value">English</p0826-teimww:hasLanguage>
    <p0826-teimww:isWrittenBy>
      <p0826-teimww:person knoraType="link_value" linkType="ref" target="ww_684176b58bc762f6"/>
    </p0826-teimww:isWrittenBy>
    <p0826-teimww:publishDate knoraType="date_value">GREGORIAN:1592:1592</p0826-teimww:publishDate>
    <p0826-teimww:title knoraType="richtext_value">Venus and Adonis</p0826-teimww:title>
  </p0826-teimww:book>
  <p0826-teimww:book id="ww_55bc1a3b04bf8a8d">
    <knoraXmlImport:label>book label</knoraXmlImport:label>
    <p0826-teimww:bookInternalId knoraType="richtext_value">@010084</p0826-teimww:bookInternalId>
    <p0826-teimww:edition knoraType="richtext_value">eds. FDT - Folger Shakespeare Library. Shakespeare's Plays from Folger Digital Texts.</p0826-teimww:edition>
    <p0826-teimww:isWrittenBy>
      <p0826-teimww:person knoraType="link_value" linkType="ref" target="ww_c8fa0de8d0fc2fc4"/>
    </p0826-teimww:isWrittenBy>
    <p0826-teimww:isWrittenBy>
      <p0826-teimww:person knoraType="link_value" linkType="ref" target="ww_4d01a832f50d804e"/>
    </p0826-teimww:isWrittenBy>
    <p0826-teimww:isWrittenBy>
      <p0826-teimww:person knoraType="link_value" linkType="ref" target="ww_386448c09c02ba3f"/>
    </p0826-teimww:isWrittenBy>
    <p0826-teimww:isWrittenBy>
      <p0826-teimww:person knoraType="link_value" linkType="ref" target="ww_55f5e9f5fe14853f"/>
    </p0826-teimww:isWrittenBy>
    <p0826-teimww:title knoraType="richtext_value">FDT - Folger Digital Texts</p0826-teimww:title>
  </p0826-teimww:book>
  <p0826-teimww:book id="ww_a70c78f7c2563c1d">
    <knoraXmlImport:label>book label</knoraXmlImport:label>
    <p0826-teimww:bookInternalId knoraType="richtext_value">@000950</p0826-teimww:bookInternalId>
    <p0826-teimww:createdDate knoraType="date_value">GREGORIAN:1593:1593</p0826-teimww:createdDate>
    <p0826-teimww:edition knoraType="richtext_value">Richard III.</p0826-teimww:edition>
    <p0826-teimww:hasLanguage knoraType="richtext_value">English</p0826-teimww:hasLanguage>
    <p0826-teimww:isWrittenBy>
      <p0826-teimww:person knoraType="link_value" linkType="ref" target="ww_684176b58bc762f6"/>
    </p0826-teimww:isWrittenBy>
    <p0826-teimww:publishDate knoraType="date_value">GREGORIAN:1593:1593</p0826-teimww:publishDate>
    <p0826-teimww:title knoraType="richtext_value">Richard III</p0826-teimww:title>
  </p0826-teimww:book>
  <p0826-teimww:book id="ww_d96cf3715d049fff">
    <knoraXmlImport:label>book label</knoraXmlImport:label>
    <p0826-teimww:bookInternalId knoraType="richtext_value">@010223</p0826-teimww:bookInternalId>
    <p0826-teimww:edition knoraType="richtext_value">ed. Cyril Tourneur. The Revenger's Tragedy. Regents Renaissance Drama Series. London: Edward Arnold, 1967. </p0826-teimww:edition>
    <p0826-teimww:isWrittenBy>
      <p0826-teimww:person knoraType="link_value" linkType="ref" target="ww_3003e40f8d22b593"/>
    </p0826-teimww:isWrittenBy>
    <p0826-teimww:title knoraType="richtext_value">The Revengers Tragedy (Ross edition)</p0826-teimww:title>
  </p0826-teimww:book>
  <p0826-teimww:book id="ww_4699bce2e8308213">
    <knoraXmlImport:label>book label</knoraXmlImport:label>
    <p0826-teimww:bookInternalId knoraType="richtext_value">@000947</p0826-teimww:bookInternalId>
    <p0826-teimww:createdDate knoraType="date_value">GREGORIAN:1593:1593</p0826-teimww:createdDate>
    <p0826-teimww:edition knoraType="richtext_value">The Complete Plays. Ed. J. B. Steane. London: Penguin 1986. 535-584.</p0826-teimww:edition>
    <p0826-teimww:hasLanguage knoraType="richtext_value">English</p0826-teimww:hasLanguage>
    <p0826-teimww:isWrittenBy>
      <p0826-teimww:person knoraType="link_value" linkType="ref" target="ww_63d5fe36ffac5d32"/>
    </p0826-teimww:isWrittenBy>
    <p0826-teimww:publishDate knoraType="date_value">GREGORIAN:1593:1593</p0826-teimww:publishDate>
    <p0826-teimww:title knoraType="richtext_value">The Massacre at Paris</p0826-teimww:title>
  </p0826-teimww:book>
  <p0826-teimww:book id="ww_e256bd14313d2841">
    <knoraXmlImport:label>book label</knoraXmlImport:label>
    <p0826-teimww:bookInternalId knoraType="richtext_value">@010085</p0826-teimww:bookInternalId>
    <p0826-teimww:edition knoraType="richtext_value">Studien über Shakespeare's Wirkung auf zeitgenössische Dramatiker. Louvain: Uystpruyst, 1905.</p0826-teimww:edition>
    <p0826-teimww:isWrittenBy>
      <p0826-teimww:person knoraType="link_value" linkType="ref" target="ww_71c35dc91de8b585"/>
    </p0826-teimww:isWrittenBy>
    <p0826-teimww:title knoraType="richtext_value">Koeppel Shps Wirkung zeitgenoess Dramatiker</p0826-teimww:title>
  </p0826-teimww:book>
  <p0826-teimww:book id="ww_5af91280461707f1">
    <knoraXmlImport:label>book label</knoraXmlImport:label>
    <p0826-teimww:bookInternalId knoraType="richtext_value">@005134</p0826-teimww:bookInternalId>
    <p0826-teimww:edition knoraType="richtext_value">ed. The Plays of John Marston in Three Volumes. Ed. H. Harvey Wood. Edinburgh and London: Oliver and Boyd, 1934-1939.</p0826-teimww:edition>
    <p0826-teimww:isWrittenBy>
      <p0826-teimww:person knoraType="link_value" linkType="ref" target="ww_a943388f673c7fa4"/>
    </p0826-teimww:isWrittenBy>
    <p0826-teimww:title knoraType="richtext_value">The Plays of John Marston (Wood edition)</p0826-teimww:title>
  </p0826-teimww:book>
  <p0826-teimww:book id="ww_12b8cda82738e9e2">
    <knoraXmlImport:label>book label</knoraXmlImport:label>
    <p0826-teimww:bookInternalId knoraType="richtext_value">@010006</p0826-teimww:bookInternalId>
    <p0826-teimww:edition knoraType="richtext_value">Sir William Davenant's relation to Shakespeare. With an analysis of the Chief Characters of Davenant's Plays. PhD Strassburg 1905.</p0826-teimww:edition>
    <p0826-teimww:isWrittenBy>
      <p0826-teimww:person knoraType="link_value" linkType="ref" target="ww_5d19ae76208b92a9"/>
    </p0826-teimww:isWrittenBy>
    <p0826-teimww:title knoraType="richtext_value">Sir William Davenants relation to Shakespeare</p0826-teimww:title>
  </p0826-teimww:book>
  <p0826-teimww:book id="ww_740f720d37d984d2">
    <knoraXmlImport:label>book label</knoraXmlImport:label>
    <p0826-teimww:bookInternalId knoraType="richtext_value">@001593</p0826-teimww:bookInternalId>
    <p0826-teimww:createdDate knoraType="date_value">GREGORIAN:1593:1593</p0826-teimww:createdDate>
    <p0826-teimww:edition knoraType="richtext_value">The Workes of Beniamin Jonson. London: William Stansby, 1616. 945-964.</p0826-teimww:edition>
    <p0826-teimww:hasLanguage knoraType="richtext_value">English</p0826-teimww:hasLanguage>
    <p0826-teimww:isWrittenBy>
      <p0826-teimww:person knoraType="link_value" linkType="ref" target="ww_9b2d545e20d62482"/>
    </p0826-teimww:isWrittenBy>
    <p0826-teimww:publishDate knoraType="date_value">GREGORIAN:1593:1593</p0826-teimww:publishDate>
    <p0826-teimww:title knoraType="richtext_value">The masqve of queens</p0826-teimww:title>
  </p0826-teimww:book>
  <p0826-teimww:book id="ww_d0062b214b9d3402">
    <knoraXmlImport:label>book label</knoraXmlImport:label>
    <p0826-teimww:bookInternalId knoraType="richtext_value">@010004</p0826-teimww:bookInternalId>
    <p0826-teimww:edition knoraType="richtext_value">Quellenstudien zu den Dramen Thomas Middletons. PhD Strassburg 1905. </p0826-teimww:edition>
    <p0826-teimww:isWrittenBy>
      <p0826-teimww:person knoraType="link_value" linkType="ref" target="ww_d9d0c43743be62f7"/>
    </p0826-teimww:isWrittenBy>
    <p0826-teimww:title knoraType="richtext_value">Quellenstudien zu den Dramen Thomas Middletons</p0826-teimww:title>
  </p0826-teimww:book>
  <p0826-teimww:book id="ww_7b4aa85a9a3a75f4">
    <knoraXmlImport:label>book label</knoraXmlImport:label>
    <p0826-teimww:bookInternalId knoraType="richtext_value">@010119</p0826-teimww:bookInternalId>
    <p0826-teimww:edition knoraType="richtext_value">Das Verhältnis Thomas Middletons zu Shakspere. Münchner Beiträge 29. Leipzig: 1904.</p0826-teimww:edition>
    <p0826-teimww:isWrittenBy>
      <p0826-teimww:person knoraType="link_value" linkType="ref" target="ww_5c7d3fc631db2ef4"/>
    </p0826-teimww:isWrittenBy>
    <p0826-teimww:title knoraType="richtext_value">Das Verhaeltnis Thomas Middletons zu Shak</p0826-teimww:title>
  </p0826-teimww:book>
  <p0826-teimww:book id="ww_a97f692ed045759b">
    <knoraXmlImport:label>book label</knoraXmlImport:label>
    <p0826-teimww:bookInternalId knoraType="richtext_value">@000952</p0826-teimww:bookInternalId>
    <p0826-teimww:createdDate knoraType="date_value">GREGORIAN:1593:1593</p0826-teimww:createdDate>
    <p0826-teimww:edition knoraType="richtext_value">The Raigne of King Edvvard the third: As it hath bin sundrie times plaied about the Citie of London. London: Cuthbert Burby, 1596.</p0826-teimww:edition>
    <p0826-teimww:hasLanguage knoraType="richtext_value">English</p0826-teimww:hasLanguage>
    <p0826-teimww:isWrittenBy>
      <p0826-teimww:person knoraType="link_value" linkType="ref" target="ww_212c78497ddc32c5"/>
    </p0826-teimww:isWrittenBy>
    <p0826-teimww:publishDate knoraType="date_value">GREGORIAN:1593:1593</p0826-teimww:publishDate>
    <p0826-teimww:title knoraType="richtext_value">The Reign of Edward III</p0826-teimww:title>
  </p0826-teimww:book>
  <p0826-teimww:book id="ww_7c6dc2f52fef22bc">
    <knoraXmlImport:label>book label</knoraXmlImport:label>
    <p0826-teimww:bookInternalId knoraType="richtext_value">@000970</p0826-teimww:bookInternalId>
    <p0826-teimww:createdDate knoraType="date_value">GREGORIAN:1594:1594</p0826-teimww:createdDate>
    <p0826-teimww:edition knoraType="richtext_value">The Two Gentlemen of Verona.</p0826-teimww:edition>
    <p0826-teimww:hasLanguage knoraType="richtext_value">English</p0826-teimww:hasLanguage>
    <p0826-teimww:isWrittenBy>
      <p0826-teimww:person knoraType="link_value" linkType="ref" target="ww_684176b58bc762f6"/>
    </p0826-teimww:isWrittenBy>
    <p0826-teimww:publishDate knoraType="date_value">GREGORIAN:1594:1594</p0826-teimww:publishDate>
    <p0826-teimww:title knoraType="richtext_value">The Two Gentlemen of Verona</p0826-teimww:title>
  </p0826-teimww:book>
  <p0826-teimww:book id="ww_5c5127969f9832c1">
    <knoraXmlImport:label>book label</knoraXmlImport:label>
    <p0826-teimww:bookInternalId knoraType="richtext_value">@000955</p0826-teimww:bookInternalId>
    <p0826-teimww:createdDate knoraType="date_value">GREGORIAN:1594:1594</p0826-teimww:createdDate>
    <p0826-teimww:edition knoraType="richtext_value">A Pleasant Conceited Historie, called the taming of a Shrew. As it was Sundry times acted by the Right honorable the Earle of Pembrook his seruants. London: Peter Short, 1594.</p0826-teimww:edition>
    <p0826-teimww:hasLanguage knoraType="richtext_value">English</p0826-teimww:hasLanguage>
    <p0826-teimww:isWrittenBy>
      <p0826-teimww:person knoraType="link_value" linkType="ref" target="ww_212c78497ddc32c5"/>
    </p0826-teimww:isWrittenBy>
    <p0826-teimww:publishDate knoraType="date_value">GREGORIAN:1594:1594</p0826-teimww:publishDate>
    <p0826-teimww:title knoraType="richtext_value">The Taming of a Shrew (anon)</p0826-teimww:title>
  </p0826-teimww:book>
  <p0826-teimww:book id="ww_df2b8c2f18df151a">
    <knoraXmlImport:label>book label</knoraXmlImport:label>
    <p0826-teimww:bookInternalId knoraType="richtext_value">@010049</p0826-teimww:bookInternalId>
    <p0826-teimww:edition knoraType="richtext_value">ed. The Plays of Nathan Field. Edited from the Original Quartos with Introduction and Notes. Austin: The University of Texas Press, 1950. </p0826-teimww:edition>
    <p0826-teimww:isWrittenBy>
      <p0826-teimww:person knoraType="link_value" linkType="ref" target="ww_5920a2f51df6bb9f"/>
    </p0826-teimww:isWrittenBy>
    <p0826-teimww:title knoraType="richtext_value">The Plays of Nathan Field</p0826-teimww:title>
  </p0826-teimww:book>
  <p0826-teimww:book id="ww_b5ea9b35c899d367">
    <knoraXmlImport:label>book label</knoraXmlImport:label>
    <p0826-teimww:bookInternalId knoraType="richtext_value">@010087</p0826-teimww:bookInternalId>
    <p0826-teimww:edition knoraType="richtext_value">Neophilologus 34.4 (October 1950): 238-245.</p0826-teimww:edition>
    <p0826-teimww:isWrittenBy>
      <p0826-teimww:person knoraType="link_value" linkType="ref" target="ww_5920a2f51df6bb9f"/>
    </p0826-teimww:isWrittenBy>
    <p0826-teimww:title knoraType="richtext_value">Shakespeare and Nathan Field</p0826-teimww:title>
  </p0826-teimww:book>
  <p0826-teimww:book id="ww_0d665e488e8f55e8">
    <knoraXmlImport:label>book label</knoraXmlImport:label>
    <p0826-teimww:bookInternalId knoraType="richtext_value">@005555</p0826-teimww:bookInternalId>
    <p0826-teimww:createdDate knoraType="date_value">GREGORIAN:1594:1594</p0826-teimww:createdDate>
    <p0826-teimww:edition knoraType="richtext_value">Lucrece.</p0826-teimww:edition>
    <p0826-teimww:hasLanguage knoraType="richtext_value">English</p0826-teimww:hasLanguage>
    <p0826-teimww:isWrittenBy>
      <p0826-teimww:person knoraType="link_value" linkType="ref" target="ww_684176b58bc762f6"/>
    </p0826-teimww:isWrittenBy>
    <p0826-teimww:publishDate knoraType="date_value">GREGORIAN:1594:1594</p0826-teimww:publishDate>
    <p0826-teimww:title knoraType="richtext_value">Lucrece</p0826-teimww:title>
  </p0826-teimww:book>
  <p0826-teimww:book id="ww_1e4f95f951f2169f">
    <knoraXmlImport:label>book label</knoraXmlImport:label>
    <p0826-teimww:bookInternalId knoraType="richtext_value">@001012</p0826-teimww:bookInternalId>
    <p0826-teimww:createdDate knoraType="date_value">GREGORIAN:1595:1595</p0826-teimww:createdDate>
    <p0826-teimww:edition knoraType="richtext_value">A Midsummer Night's Dream.</p0826-teimww:edition>
    <p0826-teimww:hasLanguage knoraType="richtext_value">English</p0826-teimww:hasLanguage>
    <p0826-teimww:isWrittenBy>
      <p0826-teimww:person knoraType="link_value" linkType="ref" target="ww_684176b58bc762f6"/>
    </p0826-teimww:isWrittenBy>
    <p0826-teimww:publishDate knoraType="date_value">GREGORIAN:1595:1595</p0826-teimww:publishDate>
    <p0826-teimww:title knoraType="richtext_value">A Midsummer Nights Dream</p0826-teimww:title>
  </p0826-teimww:book>
  <p0826-teimww:book id="ww_dfd8d9b13312aac6">
    <knoraXmlImport:label>book label</knoraXmlImport:label>
    <p0826-teimww:bookInternalId knoraType="richtext_value">@000987</p0826-teimww:bookInternalId>
    <p0826-teimww:createdDate knoraType="date_value">GREGORIAN:1595:1595</p0826-teimww:createdDate>
    <p0826-teimww:edition knoraType="richtext_value">Romeo and Juliet.</p0826-teimww:edition>
    <p0826-teimww:hasLanguage knoraType="richtext_value">English</p0826-teimww:hasLanguage>
    <p0826-teimww:isWrittenBy>
      <p0826-teimww:person knoraType="link_value" linkType="ref" target="ww_684176b58bc762f6"/>
    </p0826-teimww:isWrittenBy>
    <p0826-teimww:publishDate knoraType="date_value">GREGORIAN:1595:1595</p0826-teimww:publishDate>
    <p0826-teimww:title knoraType="richtext_value">Romeo and Juliet</p0826-teimww:title>
  </p0826-teimww:book>
  <p0826-teimww:book id="ww_c8e25bef891b5536">
    <knoraXmlImport:label>book label</knoraXmlImport:label>
    <p0826-teimww:bookInternalId knoraType="richtext_value">@001002</p0826-teimww:bookInternalId>
    <p0826-teimww:createdDate knoraType="date_value">GREGORIAN:1595:1595</p0826-teimww:createdDate>
    <p0826-teimww:edition knoraType="richtext_value">Richard II.</p0826-teimww:edition>
    <p0826-teimww:hasLanguage knoraType="richtext_value">English</p0826-teimww:hasLanguage>
    <p0826-teimww:isWrittenBy>
      <p0826-teimww:person knoraType="link_value" linkType="ref" target="ww_684176b58bc762f6"/>
    </p0826-teimww:isWrittenBy>
    <p0826-teimww:publishDate knoraType="date_value">GREGORIAN:1595:1595</p0826-teimww:publishDate>
    <p0826-teimww:title knoraType="richtext_value">Richard II</p0826-teimww:title>
  </p0826-teimww:book>
  <p0826-teimww:book id="ww_aa90313aec1ff25e">
    <knoraXmlImport:label>book label</knoraXmlImport:label>
    <p0826-teimww:bookInternalId knoraType="richtext_value">@001047</p0826-teimww:bookInternalId>
    <p0826-teimww:createdDate knoraType="date_value">GREGORIAN:1596:1596</p0826-teimww:createdDate>
    <p0826-teimww:edition knoraType="richtext_value">The Merchant of Venice.</p0826-teimww:edition>
    <p0826-teimww:hasLanguage knoraType="richtext_value">English</p0826-teimww:hasLanguage>
    <p0826-teimww:isWrittenBy>
      <p0826-teimww:person knoraType="link_value" linkType="ref" target="ww_684176b58bc762f6"/>
    </p0826-teimww:isWrittenBy>
    <p0826-teimww:publishDate knoraType="date_value">GREGORIAN:1596:1596</p0826-teimww:publishDate>
    <p0826-teimww:title knoraType="richtext_value">The Merchant of Venice</p0826-teimww:title>
  </p0826-teimww:book>
  <p0826-teimww:book id="ww_dbb95fa0c476e400">
    <knoraXmlImport:label>book label</knoraXmlImport:label>
    <p0826-teimww:bookInternalId knoraType="richtext_value">@001043</p0826-teimww:bookInternalId>
    <p0826-teimww:createdDate knoraType="date_value">GREGORIAN:1596:1596</p0826-teimww:createdDate>
    <p0826-teimww:edition knoraType="richtext_value">King John.</p0826-teimww:edition>
    <p0826-teimww:hasLanguage knoraType="richtext_value">English</p0826-teimww:hasLanguage>
    <p0826-teimww:isWrittenBy>
      <p0826-teimww:person knoraType="link_value" linkType="ref" target="ww_684176b58bc762f6"/>
    </p0826-teimww:isWrittenBy>
    <p0826-teimww:publishDate knoraType="date_value">GREGORIAN:1596:1596</p0826-teimww:publishDate>
    <p0826-teimww:title knoraType="richtext_value">King John</p0826-teimww:title>
  </p0826-teimww:book>
  <p0826-teimww:book id="ww_a8c8f9a292e6c950">
    <knoraXmlImport:label>book label</knoraXmlImport:label>
    <p0826-teimww:bookInternalId knoraType="richtext_value">@001031</p0826-teimww:bookInternalId>
    <p0826-teimww:createdDate knoraType="date_value">GREGORIAN:1596:1596</p0826-teimww:createdDate>
    <p0826-teimww:edition knoraType="richtext_value">Love's Labour's Lost.</p0826-teimww:edition>
    <p0826-teimww:hasLanguage knoraType="richtext_value">English</p0826-teimww:hasLanguage>
    <p0826-teimww:isWrittenBy>
      <p0826-teimww:person knoraType="link_value" linkType="ref" target="ww_684176b58bc762f6"/>
    </p0826-teimww:isWrittenBy>
    <p0826-teimww:publishDate knoraType="date_value">GREGORIAN:1596:1596</p0826-teimww:publishDate>
    <p0826-teimww:title knoraType="richtext_value">Loves Labours Lost</p0826-teimww:title>
  </p0826-teimww:book>
  <p0826-teimww:book id="ww_56f51ee20f36f654">
    <knoraXmlImport:label>book label</knoraXmlImport:label>
    <p0826-teimww:bookInternalId knoraType="richtext_value">@001059</p0826-teimww:bookInternalId>
    <p0826-teimww:createdDate knoraType="date_value">GREGORIAN:1597:1597</p0826-teimww:createdDate>
    <p0826-teimww:edition knoraType="richtext_value">Henry IV Part 1.</p0826-teimww:edition>
    <p0826-teimww:hasLanguage knoraType="richtext_value">English</p0826-teimww:hasLanguage>
    <p0826-teimww:isWrittenBy>
      <p0826-teimww:person knoraType="link_value" linkType="ref" target="ww_684176b58bc762f6"/>
    </p0826-teimww:isWrittenBy>
    <p0826-teimww:publishDate knoraType="date_value">GREGORIAN:1597:1597</p0826-teimww:publishDate>
    <p0826-teimww:title knoraType="richtext_value">Henry IV Part 1</p0826-teimww:title>
  </p0826-teimww:book>
  <p0826-teimww:book id="ww_67e1fbe9bd0f1b9d">
    <knoraXmlImport:label>book label</knoraXmlImport:label>
    <p0826-teimww:bookInternalId knoraType="richtext_value">@010153</p0826-teimww:bookInternalId>
    <p0826-teimww:edition knoraType="richtext_value">Philological Quarterly 29 (1 January 1950): 75-78. </p0826-teimww:edition>
    <p0826-teimww:isWrittenBy>
      <p0826-teimww:person knoraType="link_value" linkType="ref" target="ww_9cfcaaa5ca016199"/>
    </p0826-teimww:isWrittenBy>
    <p0826-teimww:title knoraType="richtext_value">Imitation of Shakespeare in Middleton's The Family of Love</p0826-teimww:title>
  </p0826-teimww:book>
  <p0826-teimww:book id="ww_663bc260dc952b96">
    <knoraXmlImport:label>book label</knoraXmlImport:label>
    <p0826-teimww:bookInternalId knoraType="richtext_value">@001083</p0826-teimww:bookInternalId>
    <p0826-teimww:createdDate knoraType="date_value">GREGORIAN:1597:1597</p0826-teimww:createdDate>
    <p0826-teimww:edition knoraType="richtext_value">Henry IV Part 2.</p0826-teimww:edition>
    <p0826-teimww:hasLanguage knoraType="richtext_value">English</p0826-teimww:hasLanguage>
    <p0826-teimww:isWrittenBy>
      <p0826-teimww:person knoraType="link_value" linkType="ref" target="ww_684176b58bc762f6"/>
    </p0826-teimww:isWrittenBy>
    <p0826-teimww:publishDate knoraType="date_value">GREGORIAN:1597:1597</p0826-teimww:publishDate>
    <p0826-teimww:title knoraType="richtext_value">Henry IV Part 2</p0826-teimww:title>
  </p0826-teimww:book>
  <p0826-teimww:book id="ww_bcc975a9199bde49">
    <knoraXmlImport:label>book label</knoraXmlImport:label>
    <p0826-teimww:bookInternalId knoraType="richtext_value">@010199</p0826-teimww:bookInternalId>
    <p0826-teimww:edition knoraType="richtext_value">ed. The Works of John Marston. 3 vols. London: Nimmo, 1887.</p0826-teimww:edition>
    <p0826-teimww:isWrittenBy>
      <p0826-teimww:person knoraType="link_value" linkType="ref" target="ww_4ea15fc920a6e8b6"/>
    </p0826-teimww:isWrittenBy>
    <p0826-teimww:title knoraType="richtext_value">The Works of John Marston (Bullen edition)</p0826-teimww:title>
  </p0826-teimww:book>
  <p0826-teimww:book id="ww_5196ea0769532431">
    <knoraXmlImport:label>book label</knoraXmlImport:label>
    <p0826-teimww:bookInternalId knoraType="richtext_value">@001079</p0826-teimww:bookInternalId>
    <p0826-teimww:createdDate knoraType="date_value">GREGORIAN:1597:1597</p0826-teimww:createdDate>
    <p0826-teimww:edition knoraType="richtext_value">The Merry Wives of Windsor.</p0826-teimww:edition>
    <p0826-teimww:hasLanguage knoraType="richtext_value">English</p0826-teimww:hasLanguage>
    <p0826-teimww:isWrittenBy>
      <p0826-teimww:person knoraType="link_value" linkType="ref" target="ww_684176b58bc762f6"/>
    </p0826-teimww:isWrittenBy>
    <p0826-teimww:publishDate knoraType="date_value">GREGORIAN:1597:1597</p0826-teimww:publishDate>
    <p0826-teimww:title knoraType="richtext_value">The Merry Wives of Windsor</p0826-teimww:title>
  </p0826-teimww:book>
  <p0826-teimww:book id="ww_0f0f2ccb24fa3b96">
    <knoraXmlImport:label>book label</knoraXmlImport:label>
    <p0826-teimww:bookInternalId knoraType="richtext_value">@010047</p0826-teimww:bookInternalId>
    <p0826-teimww:edition knoraType="richtext_value">eds. The Selected Plays of John Marston. Eds. Cambridge: Cambridge University Press, 1986.</p0826-teimww:edition>
    <p0826-teimww:isWrittenBy>
      <p0826-teimww:person knoraType="link_value" linkType="ref" target="ww_fdae751b03274cac"/>
    </p0826-teimww:isWrittenBy>
    <p0826-teimww:title knoraType="richtext_value">The Selected Plays of John Marston (Jackson editio</p0826-teimww:title>
  </p0826-teimww:book>
  <p0826-teimww:book id="ww_ac906654199b4d49">
    <knoraXmlImport:label>book label</knoraXmlImport:label>
    <p0826-teimww:bookInternalId knoraType="richtext_value">@001073</p0826-teimww:bookInternalId>
    <p0826-teimww:createdDate knoraType="date_value">GREGORIAN:1597:1597</p0826-teimww:createdDate>
    <p0826-teimww:edition knoraType="richtext_value">A pleasant Comedy entituled: An Humerous dayes Myrth. As it hath beene sundrie times publikely acted by the right honourable the Earle of Nottingham Lord high Admirall his seruants. By G. C. London: Valentine Syms, 1599.</p0826-teimww:edition>
    <p0826-teimww:hasLanguage knoraType="richtext_value">English</p0826-teimww:hasLanguage>
    <p0826-teimww:isWrittenBy>
      <p0826-teimww:person knoraType="link_value" linkType="ref" target="ww_8501ec457f433848"/>
    </p0826-teimww:isWrittenBy>
    <p0826-teimww:publishDate knoraType="date_value">GREGORIAN:1597:1597</p0826-teimww:publishDate>
    <p0826-teimww:title knoraType="richtext_value">A Humorous Days Mirth, or The Comedy of Humours</p0826-teimww:title>
  </p0826-teimww:book>
  <p0826-teimww:book id="ww_e81f44945dfa651c">
    <knoraXmlImport:label>book label</knoraXmlImport:label>
    <p0826-teimww:bookInternalId knoraType="richtext_value">@010080</p0826-teimww:bookInternalId>
    <p0826-teimww:edition knoraType="richtext_value">Quellen-Studien zu den Dramen George Chapman's, Philip Massinger's, und John Ford's. Karl J. Trübner: Strassburg 1897.</p0826-teimww:edition>
    <p0826-teimww:isWrittenBy>
      <p0826-teimww:person knoraType="link_value" linkType="ref" target="ww_71c35dc91de8b585"/>
    </p0826-teimww:isWrittenBy>
    <p0826-teimww:title knoraType="richtext_value">Quellenstudien Chapman Massinger Ford</p0826-teimww:title>
  </p0826-teimww:book>
  <p0826-teimww:book id="ww_a8549c12c9507c4b">
    <knoraXmlImport:label>book label</knoraXmlImport:label>
    <p0826-teimww:bookInternalId knoraType="richtext_value">@001148</p0826-teimww:bookInternalId>
    <p0826-teimww:createdDate knoraType="date_value">GREGORIAN:1598:1598</p0826-teimww:createdDate>
    <p0826-teimww:edition knoraType="richtext_value">Much Ado About Nothing.</p0826-teimww:edition>
    <p0826-teimww:hasLanguage knoraType="richtext_value">English</p0826-teimww:hasLanguage>
    <p0826-teimww:isWrittenBy>
      <p0826-teimww:person knoraType="link_value" linkType="ref" target="ww_684176b58bc762f6"/>
    </p0826-teimww:isWrittenBy>
    <p0826-teimww:publishDate knoraType="date_value">GREGORIAN:1598:1598</p0826-teimww:publishDate>
    <p0826-teimww:title knoraType="richtext_value">Much Ado About Nothing</p0826-teimww:title>
  </p0826-teimww:book>
  <p0826-teimww:book id="ww_131d2042080b33a4">
    <knoraXmlImport:label>book label</knoraXmlImport:label>
    <p0826-teimww:bookInternalId knoraType="richtext_value">@006072</p0826-teimww:bookInternalId>
    <p0826-teimww:createdDate knoraType="date_value">GREGORIAN:1598:1598</p0826-teimww:createdDate>
    <p0826-teimww:edition knoraType="richtext_value">The scourge of villanie Corrected. With the addition of newe satyres. Three bookes of satyres. London: James Roberts, 1599. H2 recto; section "Satira Nova Stultorum plena sunt omnia", G8 recto-H2 verso.</p0826-teimww:edition>
    <p0826-teimww:hasLanguage knoraType="richtext_value">English</p0826-teimww:hasLanguage>
    <p0826-teimww:isWrittenBy>
      <p0826-teimww:person knoraType="link_value" linkType="ref" target="ww_ad03d7c87e5b9c24"/>
    </p0826-teimww:isWrittenBy>
    <p0826-teimww:publishDate knoraType="date_value">GREGORIAN:1598:1598</p0826-teimww:publishDate>
    <p0826-teimww:title knoraType="richtext_value">The Scourge of Villany Corrected</p0826-teimww:title>
  </p0826-teimww:book>
  <p0826-teimww:book id="ww_f1c17de7eaa78bcc">
    <knoraXmlImport:label>book label</knoraXmlImport:label>
    <p0826-teimww:bookInternalId knoraType="richtext_value">@001120</p0826-teimww:bookInternalId>
    <p0826-teimww:createdDate knoraType="date_value">GREGORIAN:1598:1598</p0826-teimww:createdDate>
    <p0826-teimww:edition knoraType="richtext_value">English-men for my Money: Or A pleasant Comedy, called, A Woman will haue her Will. London: W. White 1616.</p0826-teimww:edition>
    <p0826-teimww:hasLanguage knoraType="richtext_value">English</p0826-teimww:hasLanguage>
    <p0826-teimww:isWrittenBy>
      <p0826-teimww:person knoraType="link_value" linkType="ref" target="ww_d888f97beb7a5e1c"/>
    </p0826-teimww:isWrittenBy>
    <p0826-teimww:publishDate knoraType="date_value">GREGORIAN:1598:1598</p0826-teimww:publishDate>
    <p0826-teimww:title knoraType="richtext_value">Englishmen for My Money, or A Woman Will Have Her Will</p0826-teimww:title>
  </p0826-teimww:book>
  <p0826-teimww:book id="ww_3a4eba573ee422c4">
    <knoraXmlImport:label>book label</knoraXmlImport:label>
    <p0826-teimww:bookInternalId knoraType="richtext_value">@001151</p0826-teimww:bookInternalId>
    <p0826-teimww:createdDate knoraType="date_value">GREGORIAN:1598:1598</p0826-teimww:createdDate>
    <p0826-teimww:edition knoraType="richtext_value">The Pleasant History Of, the two angry women of Abington. With the humorous mirth of Dicke Coomes and Nicholas Prouerbes, two Seruingmen. As it was lately playde by the right Honourable the Earle of Nottingham, Lord high Admirall his seruants. By Henry Porter. London: William Ferbrand, 1599.</p0826-teimww:edition>
    <p0826-teimww:hasLanguage knoraType="richtext_value">English</p0826-teimww:hasLanguage>
    <p0826-teimww:isWrittenBy>
      <p0826-teimww:person knoraType="link_value" linkType="ref" target="ww_ce94987303de0652"/>
    </p0826-teimww:isWrittenBy>
    <p0826-teimww:publishDate knoraType="date_value">GREGORIAN:1598:1598</p0826-teimww:publishDate>
    <p0826-teimww:title knoraType="richtext_value">The Two Angry Women of Abington</p0826-teimww:title>
  </p0826-teimww:book>
  <p0826-teimww:book id="ww_c068d7733749f819">
    <knoraXmlImport:label>book label</knoraXmlImport:label>
    <p0826-teimww:bookInternalId knoraType="richtext_value">@001188</p0826-teimww:bookInternalId>
    <p0826-teimww:createdDate knoraType="date_value">GREGORIAN:1599:1599</p0826-teimww:createdDate>
    <p0826-teimww:edition knoraType="richtext_value">The Shomakers Holiday. Or The Gentle Craft. With the humorous life of Simon Eyre, shoomaker, and Lord Maior of London. As it was acted before the Queenes most excellent Maiestie on New-yeares day at night last, by the right honourable the Earle of Notingham, Lord high Admirall of England, his seruants. London: Valentine Sims, 1600.</p0826-teimww:edition>
    <p0826-teimww:hasLanguage knoraType="richtext_value">English</p0826-teimww:hasLanguage>
    <p0826-teimww:isWrittenBy>
      <p0826-teimww:person knoraType="link_value" linkType="ref" target="ww_87dbd52f1c5b813b"/>
    </p0826-teimww:isWrittenBy>
    <p0826-teimww:publishDate knoraType="date_value">GREGORIAN:1599:1599</p0826-teimww:publishDate>
    <p0826-teimww:title knoraType="richtext_value">The Gentle Craft, or The Shoemakers Holiday</p0826-teimww:title>
  </p0826-teimww:book>
  <p0826-teimww:book id="ww_3c135d434850a738">
    <knoraXmlImport:label>book label</knoraXmlImport:label>
    <p0826-teimww:bookInternalId knoraType="richtext_value">@001198</p0826-teimww:bookInternalId>
    <p0826-teimww:createdDate knoraType="date_value">GREGORIAN:1599:1599</p0826-teimww:createdDate>
    <p0826-teimww:edition knoraType="richtext_value">Julius Caesar.</p0826-teimww:edition>
    <p0826-teimww:hasLanguage knoraType="richtext_value">English</p0826-teimww:hasLanguage>
    <p0826-teimww:isWrittenBy>
      <p0826-teimww:person knoraType="link_value" linkType="ref" target="ww_684176b58bc762f6"/>
    </p0826-teimww:isWrittenBy>
    <p0826-teimww:publishDate knoraType="date_value">GREGORIAN:1599:1599</p0826-teimww:publishDate>
    <p0826-teimww:title knoraType="richtext_value">Julius Caesar</p0826-teimww:title>
  </p0826-teimww:book>
  <p0826-teimww:book id="ww_0c928f9e751dabbf">
    <knoraXmlImport:label>book label</knoraXmlImport:label>
    <p0826-teimww:bookInternalId knoraType="richtext_value">@001183</p0826-teimww:bookInternalId>
    <p0826-teimww:createdDate knoraType="date_value">GREGORIAN:1599:1599</p0826-teimww:createdDate>
    <p0826-teimww:edition knoraType="richtext_value">Henry V.</p0826-teimww:edition>
    <p0826-teimww:hasLanguage knoraType="richtext_value">English</p0826-teimww:hasLanguage>
    <p0826-teimww:isWrittenBy>
      <p0826-teimww:person knoraType="link_value" linkType="ref" target="ww_684176b58bc762f6"/>
    </p0826-teimww:isWrittenBy>
    <p0826-teimww:publishDate knoraType="date_value">GREGORIAN:1599:1599</p0826-teimww:publishDate>
    <p0826-teimww:title knoraType="richtext_value">Henry V</p0826-teimww:title>
  </p0826-teimww:book>
  <p0826-teimww:book id="ww_4a0afee9ece50ddb">
    <knoraXmlImport:label>book label</knoraXmlImport:label>
    <p0826-teimww:bookInternalId knoraType="richtext_value">@001217</p0826-teimww:bookInternalId>
    <p0826-teimww:createdDate knoraType="date_value">GREGORIAN:1599:1599</p0826-teimww:createdDate>
    <p0826-teimww:edition knoraType="richtext_value">The Pleasant Comedie of Old Fortunatus. As it was plaied before the Queenes Maiestie this Christmas, by the Right Honourable the Earle of Nottingham, Lord high Admirall of England his Seruants. London: S. S. for William Aspley, 1600.</p0826-teimww:edition>
    <p0826-teimww:hasLanguage knoraType="richtext_value">English</p0826-teimww:hasLanguage>
    <p0826-teimww:isWrittenBy>
      <p0826-teimww:person knoraType="link_value" linkType="ref" target="ww_87dbd52f1c5b813b"/>
    </p0826-teimww:isWrittenBy>
    <p0826-teimww:publishDate knoraType="date_value">GREGORIAN:1599:1599</p0826-teimww:publishDate>
    <p0826-teimww:title knoraType="richtext_value">Old Fortunatus</p0826-teimww:title>
  </p0826-teimww:book>
  <p0826-teimww:book id="ww_2e08ba1bdf49c8dc">
    <knoraXmlImport:label>book label</knoraXmlImport:label>
    <p0826-teimww:bookInternalId knoraType="richtext_value">@010105</p0826-teimww:bookInternalId>
    <p0826-teimww:edition knoraType="richtext_value">ed. Thomas Dekker. The Pleasant Comedie of old Fortunatus. Erlangen and Leipzig: 1901.</p0826-teimww:edition>
    <p0826-teimww:isWrittenBy>
      <p0826-teimww:person knoraType="link_value" linkType="ref" target="ww_631193418089c664"/>
    </p0826-teimww:isWrittenBy>
    <p0826-teimww:title knoraType="richtext_value">The Pleasant Comedie of old Fortunatus (Schere edi</p0826-teimww:title>
  </p0826-teimww:book>
  <p0826-teimww:book id="ww_5cb4c35da9f3b9dd">
    <knoraXmlImport:label>book label</knoraXmlImport:label>
    <p0826-teimww:bookInternalId knoraType="richtext_value">@001259</p0826-teimww:bookInternalId>
    <p0826-teimww:createdDate knoraType="date_value">GREGORIAN:1600:1600</p0826-teimww:createdDate>
    <p0826-teimww:edition knoraType="richtext_value">Hamlet.</p0826-teimww:edition>
    <p0826-teimww:hasLanguage knoraType="richtext_value">English</p0826-teimww:hasLanguage>
    <p0826-teimww:isWrittenBy>
      <p0826-teimww:person knoraType="link_value" linkType="ref" target="ww_684176b58bc762f6"/>
    </p0826-teimww:isWrittenBy>
    <p0826-teimww:publishDate knoraType="date_value">GREGORIAN:1600:1600</p0826-teimww:publishDate>
    <p0826-teimww:title knoraType="richtext_value">Hamlet</p0826-teimww:title>
  </p0826-teimww:book>
  <p0826-teimww:book id="ww_5c3ae833a8aaf03d">
    <knoraXmlImport:label>book label</knoraXmlImport:label>
    <p0826-teimww:bookInternalId knoraType="richtext_value">@001237</p0826-teimww:bookInternalId>
    <p0826-teimww:createdDate knoraType="date_value">GREGORIAN:1600:1600</p0826-teimww:createdDate>
    <p0826-teimww:edition knoraType="richtext_value">As You Like It.</p0826-teimww:edition>
    <p0826-teimww:hasLanguage knoraType="richtext_value">English</p0826-teimww:hasLanguage>
    <p0826-teimww:isWrittenBy>
      <p0826-teimww:person knoraType="link_value" linkType="ref" target="ww_684176b58bc762f6"/>
    </p0826-teimww:isWrittenBy>
    <p0826-teimww:publishDate knoraType="date_value">GREGORIAN:1600:1600</p0826-teimww:publishDate>
    <p0826-teimww:title knoraType="richtext_value">As You Like It</p0826-teimww:title>
  </p0826-teimww:book>
  <p0826-teimww:book id="ww_e45c23b640bedb8f">
    <knoraXmlImport:label>book label</knoraXmlImport:label>
    <p0826-teimww:bookInternalId knoraType="richtext_value">@010111</p0826-teimww:bookInternalId>
    <p0826-teimww:edition knoraType="richtext_value">Notes and Queries 124 (1984): 220-21.</p0826-teimww:edition>
    <p0826-teimww:isWrittenBy>
      <p0826-teimww:person knoraType="link_value" linkType="ref" target="ww_a490794224ad2764"/>
    </p0826-teimww:isWrittenBy>
    <p0826-teimww:title knoraType="richtext_value">An Unreported Hamlet Allusion</p0826-teimww:title>
  </p0826-teimww:book>
  <p0826-teimww:book id="ww_ba8a8fc764e851b4">
    <knoraXmlImport:label>book label</knoraXmlImport:label>
    <p0826-teimww:bookInternalId knoraType="richtext_value">@001581</p0826-teimww:bookInternalId>
    <p0826-teimww:edition knoraType="richtext_value">Notes and Queries. 10.1 (16 January 1904): 44.</p0826-teimww:edition>
    <p0826-teimww:isWrittenBy>
      <p0826-teimww:person knoraType="link_value" linkType="ref" target="ww_4cf2d2f81816aed2"/>
    </p0826-teimww:isWrittenBy>
    <p0826-teimww:title knoraType="richtext_value">Shakespearian Allusions</p0826-teimww:title>
  </p0826-teimww:book>
  <p0826-teimww:book id="ww_4899784ecc7f3845">
    <knoraXmlImport:label>book label</knoraXmlImport:label>
    <p0826-teimww:bookInternalId knoraType="richtext_value">@010031</p0826-teimww:bookInternalId>
    <p0826-teimww:edition knoraType="richtext_value">Shakspere's Silences. Library of Shakespearean Biography and Criticism. New York: Books for Libraries Press, 1970. 64; chapter 2 "Shakspere and the Unhappy Happy Ending".</p0826-teimww:edition>
    <p0826-teimww:isWrittenBy>
      <p0826-teimww:person knoraType="link_value" linkType="ref" target="ww_6479c34542b52165"/>
    </p0826-teimww:isWrittenBy>
    <p0826-teimww:title knoraType="richtext_value">Shaksperes Silences</p0826-teimww:title>
  </p0826-teimww:book>
  <p0826-teimww:book id="ww_c1ca40b688cca87f">
    <knoraXmlImport:label>book label</knoraXmlImport:label>
    <p0826-teimww:bookInternalId knoraType="richtext_value">@010007</p0826-teimww:bookInternalId>
    <p0826-teimww:edition knoraType="richtext_value">ed. The Works of John Dryden. 20 vols. Berkeley: University of California Press, 1956-1989.</p0826-teimww:edition>
    <p0826-teimww:isWrittenBy>
      <p0826-teimww:person knoraType="link_value" linkType="ref" target="ww_b12a0d10cafaf078"/>
    </p0826-teimww:isWrittenBy>
    <p0826-teimww:title knoraType="richtext_value">The Works of John Dryden (Roper edition)</p0826-teimww:title>
  </p0826-teimww:book>
  <p0826-teimww:book id="ww_1c8a25fac02f85a7">
    <knoraXmlImport:label>book label</knoraXmlImport:label>
    <p0826-teimww:bookInternalId knoraType="richtext_value">@010086</p0826-teimww:bookInternalId>
    <p0826-teimww:edition knoraType="richtext_value">Some Seventeenth-Century Allusions to Shakespeare and His Works, Not Hitherto Collected. London: P. J. and A. E. Dobell, 1920.</p0826-teimww:edition>
    <p0826-teimww:isWrittenBy>
      <p0826-teimww:person knoraType="link_value" linkType="ref" target="ww_4cf2d2f81816aed2"/>
    </p0826-teimww:isWrittenBy>
    <p0826-teimww:title knoraType="richtext_value">Thorn-Drury Some 17th-Century Allusions 1920</p0826-teimww:title>
  </p0826-teimww:book>
  <p0826-teimww:book id="ww_cd1e70f8e2cd8c82">
    <knoraXmlImport:label>book label</knoraXmlImport:label>
    <p0826-teimww:bookInternalId knoraType="richtext_value">@010050</p0826-teimww:bookInternalId>
    <p0826-teimww:edition knoraType="richtext_value">Shakespeare's Proverb Lore. His Use of the Sententiae of Leonard Culman and Publilius Syrus. Cambridge (Mass.): Harvard University Press, 1963.</p0826-teimww:edition>
    <p0826-teimww:isWrittenBy>
      <p0826-teimww:person knoraType="link_value" linkType="ref" target="ww_f31af6df8b4b0640"/>
    </p0826-teimww:isWrittenBy>
    <p0826-teimww:title knoraType="richtext_value">Shakespeares Proverb Lore</p0826-teimww:title>
  </p0826-teimww:book>
  <p0826-teimww:book id="ww_f3b3659c26b68006">
    <knoraXmlImport:label>book label</knoraXmlImport:label>
    <p0826-teimww:bookInternalId knoraType="richtext_value">@010076</p0826-teimww:bookInternalId>
    <p0826-teimww:edition knoraType="richtext_value">A dictionary of the proverbs in England in the sixteenth and secenteenth centuries. A collection of the proverbs found in English literature and the dictionaries of the period. Ann Arbor: University of Michigan Press, 1950.</p0826-teimww:edition>
    <p0826-teimww:isWrittenBy>
      <p0826-teimww:person knoraType="link_value" linkType="ref" target="ww_50c35f7aceaa6c9e"/>
    </p0826-teimww:isWrittenBy>
    <p0826-teimww:title knoraType="richtext_value">A Dictionary of the Proverbs </p0826-teimww:title>
  </p0826-teimww:book>
  <p0826-teimww:book id="ww_8580b38f9dc94f0b">
    <knoraXmlImport:label>book label</knoraXmlImport:label>
    <p0826-teimww:bookInternalId knoraType="richtext_value">@010148</p0826-teimww:bookInternalId>
    <p0826-teimww:edition knoraType="richtext_value">ed. Robert Burton. The Anatomy of Melancholy. 6 vols. Oxford: Clarendon Press, 1994.</p0826-teimww:edition>
    <p0826-teimww:isWrittenBy>
      <p0826-teimww:person knoraType="link_value" linkType="ref" target="ww_344c59ba1ce1b8fd"/>
    </p0826-teimww:isWrittenBy>
    <p0826-teimww:title knoraType="richtext_value">The Anatomy of Melancholy (Faulkner  edition)</p0826-teimww:title>
  </p0826-teimww:book>
  <p0826-teimww:book id="ww_d1faedb423154f39">
    <knoraXmlImport:label>book label</knoraXmlImport:label>
    <p0826-teimww:bookInternalId knoraType="richtext_value">@010054</p0826-teimww:bookInternalId>
    <p0826-teimww:edition knoraType="richtext_value">ECCO - Eighteenth Century Collections Online. http://infotrac.galegroup.com/itweb?db=ECCO. 2003.</p0826-teimww:edition>
    <p0826-teimww:isWrittenBy>
      <p0826-teimww:person knoraType="link_value" linkType="ref" target="ww_212c78497ddc32c5"/>
    </p0826-teimww:isWrittenBy>
    <p0826-teimww:title knoraType="richtext_value">ECCO - Eighteenth-Century Collections Online</p0826-teimww:title>
  </p0826-teimww:book>
  <p0826-teimww:book id="ww_15dba62495527dd5">
    <knoraXmlImport:label>book label</knoraXmlImport:label>
    <p0826-teimww:bookInternalId knoraType="richtext_value">@010045</p0826-teimww:bookInternalId>
    <p0826-teimww:edition knoraType="richtext_value">The Sources of Shakespeare's Plays. London: Methuen, 1977.</p0826-teimww:edition>
    <p0826-teimww:isWrittenBy>
      <p0826-teimww:person knoraType="link_value" linkType="ref" target="ww_cfc974ec4e221d48"/>
    </p0826-teimww:isWrittenBy>
    <p0826-teimww:title knoraType="richtext_value">Sources of Shakespeares Plays</p0826-teimww:title>
  </p0826-teimww:book>
  <p0826-teimww:book id="ww_897067f9ec23fa0d">
    <knoraXmlImport:label>book label</knoraXmlImport:label>
    <p0826-teimww:bookInternalId knoraType="richtext_value">@005581</p0826-teimww:bookInternalId>
    <p0826-teimww:createdDate knoraType="date_value">GREGORIAN:1600:1600</p0826-teimww:createdDate>
    <p0826-teimww:edition knoraType="richtext_value">Bel-vedere or The Garden of The Muses. London: F.K. for Hugh Astley 1600.</p0826-teimww:edition>
    <p0826-teimww:hasLanguage knoraType="richtext_value">English</p0826-teimww:hasLanguage>
    <p0826-teimww:isWrittenBy>
      <p0826-teimww:person knoraType="link_value" linkType="ref" target="ww_7b88afb3c96d748f"/>
    </p0826-teimww:isWrittenBy>
    <p0826-teimww:publishDate knoraType="date_value">GREGORIAN:1600:1600</p0826-teimww:publishDate>
    <p0826-teimww:title knoraType="richtext_value">Belvedere</p0826-teimww:title>
  </p0826-teimww:book>
  <p0826-teimww:book id="ww_e48f8eb2eda19a17">
    <knoraXmlImport:label>book label</knoraXmlImport:label>
    <p0826-teimww:bookInternalId knoraType="richtext_value">@001580</p0826-teimww:bookInternalId>
    <p0826-teimww:createdDate knoraType="date_value">GREGORIAN:1600:1600</p0826-teimww:createdDate>
    <p0826-teimww:edition knoraType="richtext_value">Acolastvs; His Afterwitte. By S. N. London: Iohn Baylie, 1600.</p0826-teimww:edition>
    <p0826-teimww:hasLanguage knoraType="richtext_value">English</p0826-teimww:hasLanguage>
    <p0826-teimww:isWrittenBy>
      <p0826-teimww:person knoraType="link_value" linkType="ref" target="ww_7e08b5fab4c10b55"/>
    </p0826-teimww:isWrittenBy>
    <p0826-teimww:publishDate knoraType="date_value">GREGORIAN:1600:1600</p0826-teimww:publishDate>
    <p0826-teimww:title knoraType="richtext_value">Acolastus Afterwit</p0826-teimww:title>
  </p0826-teimww:book>
  <p0826-teimww:book id="ww_bc577a06e5bb54c7">
    <knoraXmlImport:label>book label</knoraXmlImport:label>
    <p0826-teimww:bookInternalId knoraType="richtext_value">@010021</p0826-teimww:bookInternalId>
    <p0826-teimww:edition knoraType="richtext_value">eds. The Works of Thomas Southerne. 2 vols. Oxford: Clarendon Press, 1988.</p0826-teimww:edition>
    <p0826-teimww:isWrittenBy>
      <p0826-teimww:person knoraType="link_value" linkType="ref" target="ww_c11600e212e4417a"/>
    </p0826-teimww:isWrittenBy>
    <p0826-teimww:isWrittenBy>
      <p0826-teimww:person knoraType="link_value" linkType="ref" target="ww_ea90e1c76029f901"/>
    </p0826-teimww:isWrittenBy>
    <p0826-teimww:title knoraType="richtext_value">The Works of Thomas Southerne (Jordan edition)</p0826-teimww:title>
  </p0826-teimww:book>
  <p0826-teimww:book id="ww_88f07d1ccce14bdc">
    <knoraXmlImport:label>book label</knoraXmlImport:label>
    <p0826-teimww:bookInternalId knoraType="richtext_value">@001239</p0826-teimww:bookInternalId>
    <p0826-teimww:createdDate knoraType="date_value">GREGORIAN:1600:1600</p0826-teimww:createdDate>
    <p0826-teimww:edition knoraType="richtext_value">The Plays of John Marston in Three Volumes. Ed. H. Harvey Wood. Edinburgh and London: Oliver and Boyd, 1934-1939. 2:175-241.</p0826-teimww:edition>
    <p0826-teimww:hasLanguage knoraType="richtext_value">English</p0826-teimww:hasLanguage>
    <p0826-teimww:isWrittenBy>
      <p0826-teimww:person knoraType="link_value" linkType="ref" target="ww_ad03d7c87e5b9c24"/>
    </p0826-teimww:isWrittenBy>
    <p0826-teimww:publishDate knoraType="date_value">GREGORIAN:1600:1600</p0826-teimww:publishDate>
    <p0826-teimww:title knoraType="richtext_value">Jacke Drums Entertainment</p0826-teimww:title>
  </p0826-teimww:book>
  <p0826-teimww:book id="ww_38319ddb82fae050">
    <knoraXmlImport:label>book label</knoraXmlImport:label>
    <p0826-teimww:bookInternalId knoraType="richtext_value">@010018</p0826-teimww:bookInternalId>
    <p0826-teimww:edition knoraType="richtext_value">ed. Eastward Ho. Manchester: Manchester University Press, 1979, repr. 1999.</p0826-teimww:edition>
    <p0826-teimww:isWrittenBy>
      <p0826-teimww:person knoraType="link_value" linkType="ref" target="ww_37083d29746e75d4"/>
    </p0826-teimww:isWrittenBy>
    <p0826-teimww:title knoraType="richtext_value">Eastward Ho (Van Fossen edition)</p0826-teimww:title>
  </p0826-teimww:book>
  <p0826-teimww:book id="ww_50b5fed06f012747">
    <knoraXmlImport:label>book label</knoraXmlImport:label>
    <p0826-teimww:bookInternalId knoraType="richtext_value">@001297</p0826-teimww:bookInternalId>
    <p0826-teimww:createdDate knoraType="date_value">GREGORIAN:1601:1601</p0826-teimww:createdDate>
    <p0826-teimww:edition knoraType="richtext_value">Twelfth Night.</p0826-teimww:edition>
    <p0826-teimww:hasLanguage knoraType="richtext_value">English</p0826-teimww:hasLanguage>
    <p0826-teimww:isWrittenBy>
      <p0826-teimww:person knoraType="link_value" linkType="ref" target="ww_684176b58bc762f6"/>
    </p0826-teimww:isWrittenBy>
    <p0826-teimww:publishDate knoraType="date_value">GREGORIAN:1601:1601</p0826-teimww:publishDate>
    <p0826-teimww:title knoraType="richtext_value">Twelfth Night</p0826-teimww:title>
  </p0826-teimww:book>
  <p0826-teimww:book id="ww_7e27a16308bd00fc">
    <knoraXmlImport:label>book label</knoraXmlImport:label>
    <p0826-teimww:bookInternalId knoraType="richtext_value">@001304</p0826-teimww:bookInternalId>
    <p0826-teimww:createdDate knoraType="date_value">GREGORIAN:1601:1601</p0826-teimww:createdDate>
    <p0826-teimww:edition knoraType="richtext_value">Satiro-Mastix, Or The vntrussing of the Humorous Poet. As it hath bin presented publikely, by the Right Honorable, the Lord Chamberlaine his Seruants; and priuately, by the Children of Paules. London: Edward White, 1602.</p0826-teimww:edition>
    <p0826-teimww:hasLanguage knoraType="richtext_value">HAS SEVERAL LEXIAS!</p0826-teimww:hasLanguage>
    <p0826-teimww:isWrittenBy>
      <p0826-teimww:person knoraType="link_value" linkType="ref" target="ww_87dbd52f1c5b813b"/>
    </p0826-teimww:isWrittenBy>
    <p0826-teimww:publishDate knoraType="date_value">GREGORIAN:1601:1601</p0826-teimww:publishDate>
    <p0826-teimww:title knoraType="richtext_value">Satiromastix</p0826-teimww:title>
  </p0826-teimww:book>
  <p0826-teimww:book id="ww_ce8da2e3a260a394">
    <knoraXmlImport:label>book label</knoraXmlImport:label>
    <p0826-teimww:bookInternalId knoraType="richtext_value">@010062</p0826-teimww:bookInternalId>
    <p0826-teimww:edition knoraType="richtext_value">Modern Philology 13.9 (1916): 497-544.</p0826-teimww:edition>
    <p0826-teimww:isWrittenBy>
      <p0826-teimww:person knoraType="link_value" linkType="ref" target="ww_fb550941e6e9db62"/>
    </p0826-teimww:isWrittenBy>
    <p0826-teimww:title knoraType="richtext_value">More Shakspere Allusions</p0826-teimww:title>
  </p0826-teimww:book>
  <p0826-teimww:book id="ww_2f65899f08b5bb71">
    <knoraXmlImport:label>book label</knoraXmlImport:label>
    <p0826-teimww:bookInternalId knoraType="richtext_value">@010046</p0826-teimww:bookInternalId>
    <p0826-teimww:edition knoraType="richtext_value">Memoranda on the Tragedy of Hamlet. London: James Evan Adlard, 1879.</p0826-teimww:edition>
    <p0826-teimww:isWrittenBy>
      <p0826-teimww:person knoraType="link_value" linkType="ref" target="ww_f2c0f40020cbe48f"/>
    </p0826-teimww:isWrittenBy>
    <p0826-teimww:title knoraType="richtext_value">Memoranda on the Tragedy of Hamlet</p0826-teimww:title>
  </p0826-teimww:book>
  <p0826-teimww:book id="ww_ce6d233a20f2b70f">
    <knoraXmlImport:label>book label</knoraXmlImport:label>
    <p0826-teimww:bookInternalId knoraType="richtext_value">@010003</p0826-teimww:bookInternalId>
    <p0826-teimww:edition knoraType="richtext_value">On the Literary Genetics of Shakspere's Plays 1592-1594. Urbana: University of Illinois Press, 1959.</p0826-teimww:edition>
    <p0826-teimww:isWrittenBy>
      <p0826-teimww:person knoraType="link_value" linkType="ref" target="ww_00a3ea8b5afeaa37"/>
    </p0826-teimww:isWrittenBy>
    <p0826-teimww:title knoraType="richtext_value">Literary Genetics</p0826-teimww:title>
  </p0826-teimww:book>
  <p0826-teimww:book id="ww_d87c5e9530010d35">
    <knoraXmlImport:label>book label</knoraXmlImport:label>
    <p0826-teimww:bookInternalId knoraType="richtext_value">@010139</p0826-teimww:bookInternalId>
    <p0826-teimww:edition knoraType="richtext_value">PMLA 59.3 (September 1944): 715-725. </p0826-teimww:edition>
    <p0826-teimww:isWrittenBy>
      <p0826-teimww:person knoraType="link_value" linkType="ref" target="ww_12bcadd5ab9d3f8a"/>
    </p0826-teimww:isWrittenBy>
    <p0826-teimww:title knoraType="richtext_value">The Problem of Authorship of Eastward Ho</p0826-teimww:title>
  </p0826-teimww:book>
  <p0826-teimww:book id="ww_e94b33ac99cc5615">
    <knoraXmlImport:label>book label</knoraXmlImport:label>
    <p0826-teimww:bookInternalId knoraType="richtext_value">@001296</p0826-teimww:bookInternalId>
    <p0826-teimww:createdDate knoraType="date_value">GREGORIAN:1601:1601</p0826-teimww:createdDate>
    <p0826-teimww:edition knoraType="richtext_value">The Workes of Beniamin Jonson. London: Will Stansby, 1616. 272-353.</p0826-teimww:edition>
    <p0826-teimww:hasLanguage knoraType="richtext_value">English</p0826-teimww:hasLanguage>
    <p0826-teimww:isWrittenBy>
      <p0826-teimww:person knoraType="link_value" linkType="ref" target="ww_9b2d545e20d62482"/>
    </p0826-teimww:isWrittenBy>
    <p0826-teimww:publishDate knoraType="date_value">GREGORIAN:1601:1601</p0826-teimww:publishDate>
    <p0826-teimww:title knoraType="richtext_value">The Poetaster, or The Arraignment</p0826-teimww:title>
  </p0826-teimww:book>
  <p0826-teimww:book id="ww_f6b0a0a6caabc2ad">
    <knoraXmlImport:label>book label</knoraXmlImport:label>
    <p0826-teimww:bookInternalId knoraType="richtext_value">@001311</p0826-teimww:bookInternalId>
    <p0826-teimww:createdDate knoraType="date_value">GREGORIAN:1601:1601</p0826-teimww:createdDate>
    <p0826-teimww:edition knoraType="richtext_value">Blurt Master-Constable. Or The Spaniards Night-walke. As it hath bin sundry times priuately acted by the Children of Paules. London: Henry Rockytt, 1602.</p0826-teimww:edition>
    <p0826-teimww:hasLanguage knoraType="richtext_value">English</p0826-teimww:hasLanguage>
    <p0826-teimww:isWrittenBy>
      <p0826-teimww:person knoraType="link_value" linkType="ref" target="ww_87dbd52f1c5b813b"/>
    </p0826-teimww:isWrittenBy>
    <p0826-teimww:publishDate knoraType="date_value">GREGORIAN:1601:1601</p0826-teimww:publishDate>
    <p0826-teimww:title knoraType="richtext_value">Blurt, Master Constable</p0826-teimww:title>
  </p0826-teimww:book>
  <p0826-teimww:book id="ww_573381af1170e2c9">
    <knoraXmlImport:label>book label</knoraXmlImport:label>
    <p0826-teimww:bookInternalId knoraType="richtext_value">@001325</p0826-teimww:bookInternalId>
    <p0826-teimww:createdDate knoraType="date_value">GREGORIAN:1602:1602</p0826-teimww:createdDate>
    <p0826-teimww:edition knoraType="richtext_value">Troilus and Cressida.</p0826-teimww:edition>
    <p0826-teimww:hasLanguage knoraType="richtext_value">English</p0826-teimww:hasLanguage>
    <p0826-teimww:isWrittenBy>
      <p0826-teimww:person knoraType="link_value" linkType="ref" target="ww_684176b58bc762f6"/>
    </p0826-teimww:isWrittenBy>
    <p0826-teimww:publishDate knoraType="date_value">GREGORIAN:1602:1602</p0826-teimww:publishDate>
    <p0826-teimww:title knoraType="richtext_value">Troilus and Cressida</p0826-teimww:title>
  </p0826-teimww:book>
  <p0826-teimww:book id="ww_3b149092050ca583">
    <knoraXmlImport:label>book label</knoraXmlImport:label>
    <p0826-teimww:bookInternalId knoraType="richtext_value">@001321</p0826-teimww:bookInternalId>
    <p0826-teimww:createdDate knoraType="date_value">GREGORIAN:1602:1602</p0826-teimww:createdDate>
    <p0826-teimww:edition knoraType="richtext_value">A Pleasant Comedie, Called Wily Begvilde. The Chiefe Actors be these: A poore Scholler, a rich Foole, and a Knaue at a shifte. London: H. L. for Clement Knight, 1606.</p0826-teimww:edition>
    <p0826-teimww:hasLanguage knoraType="richtext_value">English</p0826-teimww:hasLanguage>
    <p0826-teimww:isWrittenBy>
      <p0826-teimww:person knoraType="link_value" linkType="ref" target="ww_5cb3d6fa23800e74"/>
    </p0826-teimww:isWrittenBy>
    <p0826-teimww:publishDate knoraType="date_value">GREGORIAN:1602:1602</p0826-teimww:publishDate>
    <p0826-teimww:title knoraType="richtext_value">Wily Beguiled</p0826-teimww:title>
  </p0826-teimww:book>
  <p0826-teimww:book id="ww_05caae816d47ff11">
    <knoraXmlImport:label>book label</knoraXmlImport:label>
    <p0826-teimww:bookInternalId knoraType="richtext_value">@001326</p0826-teimww:bookInternalId>
    <p0826-teimww:createdDate knoraType="date_value">GREGORIAN:1602:1602</p0826-teimww:createdDate>
    <p0826-teimww:edition knoraType="richtext_value">The Fayre Mayde of the Exchange. With The pleasaunt Humours of the Cripple of Fanchurch. Very delectable, and full of mirth. London: Henry Rockit, 1607.</p0826-teimww:edition>
    <p0826-teimww:hasLanguage knoraType="richtext_value">English</p0826-teimww:hasLanguage>
    <p0826-teimww:isWrittenBy>
      <p0826-teimww:person knoraType="link_value" linkType="ref" target="ww_f10aec8cfe5ff90d"/>
    </p0826-teimww:isWrittenBy>
    <p0826-teimww:publishDate knoraType="date_value">GREGORIAN:1602:1602</p0826-teimww:publishDate>
    <p0826-teimww:title knoraType="richtext_value">The Fair Maid of the Exchange</p0826-teimww:title>
  </p0826-teimww:book>
  <p0826-teimww:book id="ww_bb90da7c699e38e8">
    <knoraXmlImport:label>book label</knoraXmlImport:label>
    <p0826-teimww:bookInternalId knoraType="richtext_value">@001351</p0826-teimww:bookInternalId>
    <p0826-teimww:createdDate knoraType="date_value">GREGORIAN:1602:1602</p0826-teimww:createdDate>
    <p0826-teimww:edition knoraType="richtext_value">The Foure Prentises of London. With the Conquest of Ierusalem. As it hath bene diuerse times Acted, at the Red Bull, by the Queenes Maiesties Seruants. London: I. W., 1615.</p0826-teimww:edition>
    <p0826-teimww:hasLanguage knoraType="richtext_value">English</p0826-teimww:hasLanguage>
    <p0826-teimww:isWrittenBy>
      <p0826-teimww:person knoraType="link_value" linkType="ref" target="ww_f10aec8cfe5ff90d"/>
    </p0826-teimww:isWrittenBy>
    <p0826-teimww:publishDate knoraType="date_value">GREGORIAN:1602:1602</p0826-teimww:publishDate>
    <p0826-teimww:title knoraType="richtext_value">The Four Apprentices in London</p0826-teimww:title>
  </p0826-teimww:book>
  <p0826-teimww:book id="ww_ae241404822b51fa">
    <knoraXmlImport:label>book label</knoraXmlImport:label>
    <p0826-teimww:bookInternalId knoraType="richtext_value">@001369</p0826-teimww:bookInternalId>
    <p0826-teimww:createdDate knoraType="date_value">GREGORIAN:1602:1602</p0826-teimww:createdDate>
    <p0826-teimww:edition knoraType="richtext_value">The Famous History of Sir Thomas Wyat. With the Coronation of Queen Mary and the coming in of King Philip. As it was plaied by the Queens Maiesties Seruants. London: E. A. for Thomas Archer, 1607.</p0826-teimww:edition>
    <p0826-teimww:hasLanguage knoraType="richtext_value">English</p0826-teimww:hasLanguage>
    <p0826-teimww:isWrittenBy>
      <p0826-teimww:person knoraType="link_value" linkType="ref" target="ww_87dbd52f1c5b813b"/>
    </p0826-teimww:isWrittenBy>
    <p0826-teimww:isWrittenBy>
      <p0826-teimww:person knoraType="link_value" linkType="ref" target="ww_f10aec8cfe5ff90d"/>
    </p0826-teimww:isWrittenBy>
    <p0826-teimww:isWrittenBy>
      <p0826-teimww:person knoraType="link_value" linkType="ref" target="ww_d78940f8a8554ca3"/>
    </p0826-teimww:isWrittenBy>
    <p0826-teimww:isWrittenBy>
      <p0826-teimww:person knoraType="link_value" linkType="ref" target="ww_9594c85bc48d3759"/>
    </p0826-teimww:isWrittenBy>
    <p0826-teimww:publishDate knoraType="date_value">GREGORIAN:1602:1602</p0826-teimww:publishDate>
    <p0826-teimww:title knoraType="richtext_value">Sir Thomas Wyatt</p0826-teimww:title>
  </p0826-teimww:book>
  <p0826-teimww:book id="ww_aff3e1e0ec71023e">
    <knoraXmlImport:label>book label</knoraXmlImport:label>
    <p0826-teimww:bookInternalId knoraType="richtext_value">@001413</p0826-teimww:bookInternalId>
    <p0826-teimww:createdDate knoraType="date_value">GREGORIAN:1603:1603</p0826-teimww:createdDate>
    <p0826-teimww:edition knoraType="richtext_value">Measure for Measure.</p0826-teimww:edition>
    <p0826-teimww:hasLanguage knoraType="richtext_value">English</p0826-teimww:hasLanguage>
    <p0826-teimww:isWrittenBy>
      <p0826-teimww:person knoraType="link_value" linkType="ref" target="ww_684176b58bc762f6"/>
    </p0826-teimww:isWrittenBy>
    <p0826-teimww:publishDate knoraType="date_value">GREGORIAN:1603:1603</p0826-teimww:publishDate>
    <p0826-teimww:title knoraType="richtext_value">Measure for Measure</p0826-teimww:title>
  </p0826-teimww:book>
  <p0826-teimww:book id="ww_b39e765e82b19cd8">
    <knoraXmlImport:label>book label</knoraXmlImport:label>
    <p0826-teimww:bookInternalId knoraType="richtext_value">@005154</p0826-teimww:bookInternalId>
    <p0826-teimww:createdDate knoraType="date_value">GREGORIAN:1603:1603</p0826-teimww:createdDate>
    <p0826-teimww:edition knoraType="richtext_value">Folger Shakespeare Library. Shakespeare's Plays from Folger Digital Texts. Ed. Barbara Mowat, Paul Werstine, Michael Poston, and Rebecca Niles. Folger Shakespeare Library, 20 March, 2019. www.folgerdigitaltexts.org.</p0826-teimww:edition>
    <p0826-teimww:hasLanguage knoraType="richtext_value">English</p0826-teimww:hasLanguage>
    <p0826-teimww:isWrittenBy>
      <p0826-teimww:person knoraType="link_value" linkType="ref" target="ww_684176b58bc762f6"/>
    </p0826-teimww:isWrittenBy>
    <p0826-teimww:publishDate knoraType="date_value">GREGORIAN:1603:1603</p0826-teimww:publishDate>
    <p0826-teimww:title knoraType="richtext_value">Sonnet 20</p0826-teimww:title>
  </p0826-teimww:book>
  <p0826-teimww:book id="ww_9b67ca7f120fc425">
    <knoraXmlImport:label>book label</knoraXmlImport:label>
    <p0826-teimww:bookInternalId knoraType="richtext_value">@001437</p0826-teimww:bookInternalId>
    <p0826-teimww:createdDate knoraType="date_value">GREGORIAN:1604:1604</p0826-teimww:createdDate>
    <p0826-teimww:edition knoraType="richtext_value">Othello.</p0826-teimww:edition>
    <p0826-teimww:hasLanguage knoraType="richtext_value">English</p0826-teimww:hasLanguage>
    <p0826-teimww:isWrittenBy>
      <p0826-teimww:person knoraType="link_value" linkType="ref" target="ww_684176b58bc762f6"/>
    </p0826-teimww:isWrittenBy>
    <p0826-teimww:publishDate knoraType="date_value">GREGORIAN:1604:1604</p0826-teimww:publishDate>
    <p0826-teimww:title knoraType="richtext_value">Othello</p0826-teimww:title>
  </p0826-teimww:book>
  <p0826-teimww:book id="ww_ad7af8eb91622840">
    <knoraXmlImport:label>book label</knoraXmlImport:label>
    <p0826-teimww:bookInternalId knoraType="richtext_value">@001450</p0826-teimww:bookInternalId>
    <p0826-teimww:createdDate knoraType="date_value">GREGORIAN:1604:1604</p0826-teimww:createdDate>
    <p0826-teimww:edition knoraType="richtext_value">The Dramatic Works of Thomas Dekker. Ed. F. Bowers. 4 vols. Cambridge: Cambridge University Press, 1955. Vol. 2, 311-404.</p0826-teimww:edition>
    <p0826-teimww:hasLanguage knoraType="richtext_value">HAS SEVERAL LEXIAS!</p0826-teimww:hasLanguage>
    <p0826-teimww:isWrittenBy>
      <p0826-teimww:person knoraType="link_value" linkType="ref" target="ww_87dbd52f1c5b813b"/>
    </p0826-teimww:isWrittenBy>
    <p0826-teimww:isWrittenBy>
      <p0826-teimww:person knoraType="link_value" linkType="ref" target="ww_9594c85bc48d3759"/>
    </p0826-teimww:isWrittenBy>
    <p0826-teimww:publishDate knoraType="date_value">GREGORIAN:1604:1604</p0826-teimww:publishDate>
    <p0826-teimww:title knoraType="richtext_value">Westward Ho</p0826-teimww:title>
  </p0826-teimww:book>
  <p0826-teimww:book id="ww_f38099d24a8f82da">
    <knoraXmlImport:label>book label</knoraXmlImport:label>
    <p0826-teimww:bookInternalId knoraType="richtext_value">@001428</p0826-teimww:bookInternalId>
    <p0826-teimww:createdDate knoraType="date_value">GREGORIAN:1604:1604</p0826-teimww:createdDate>
    <p0826-teimww:edition knoraType="richtext_value">Bussy D'Ambois. A Tragedie: As it hath been often presented at Paules. London. William Aspley, 1607.</p0826-teimww:edition>
    <p0826-teimww:hasLanguage knoraType="richtext_value">English</p0826-teimww:hasLanguage>
    <p0826-teimww:isWrittenBy>
      <p0826-teimww:person knoraType="link_value" linkType="ref" target="ww_8501ec457f433848"/>
    </p0826-teimww:isWrittenBy>
    <p0826-teimww:publishDate knoraType="date_value">GREGORIAN:1604:1604</p0826-teimww:publishDate>
    <p0826-teimww:title knoraType="richtext_value">Bussy DAmboise</p0826-teimww:title>
  </p0826-teimww:book>
  <p0826-teimww:book id="ww_7ce8c060adcb001c">
    <knoraXmlImport:label>book label</knoraXmlImport:label>
    <p0826-teimww:bookInternalId knoraType="richtext_value">@001436</p0826-teimww:bookInternalId>
    <p0826-teimww:createdDate knoraType="date_value">GREGORIAN:1604:1604</p0826-teimww:createdDate>
    <p0826-teimww:edition knoraType="richtext_value">Law-Trickes. Or, Who Would Have Thovght It. As it hath bene diuers times Acted by the Children of the Reuels. Written by Iohn Day. London: Richard More, 1608.</p0826-teimww:edition>
    <p0826-teimww:hasLanguage knoraType="richtext_value">English</p0826-teimww:hasLanguage>
    <p0826-teimww:isWrittenBy>
      <p0826-teimww:person knoraType="link_value" linkType="ref" target="ww_947a2e721f016a03"/>
    </p0826-teimww:isWrittenBy>
    <p0826-teimww:publishDate knoraType="date_value">GREGORIAN:1604:1604</p0826-teimww:publishDate>
    <p0826-teimww:title knoraType="richtext_value">Law-Tricks</p0826-teimww:title>
  </p0826-teimww:book>
  <p0826-teimww:book id="ww_9878ac4728900ba4">
    <knoraXmlImport:label>book label</knoraXmlImport:label>
    <p0826-teimww:bookInternalId knoraType="richtext_value">@001439</p0826-teimww:bookInternalId>
    <p0826-teimww:createdDate knoraType="date_value">GREGORIAN:1604:1604</p0826-teimww:createdDate>
    <p0826-teimww:edition knoraType="richtext_value">May-Day. A witty comedie, diuers times acted at the Blacke Fryers. Written by George Chapman. London: John Browne, 1611.</p0826-teimww:edition>
    <p0826-teimww:hasLanguage knoraType="richtext_value">English</p0826-teimww:hasLanguage>
    <p0826-teimww:isWrittenBy>
      <p0826-teimww:person knoraType="link_value" linkType="ref" target="ww_8501ec457f433848"/>
    </p0826-teimww:isWrittenBy>
    <p0826-teimww:publishDate knoraType="date_value">GREGORIAN:1604:1604</p0826-teimww:publishDate>
    <p0826-teimww:title knoraType="richtext_value">May Day</p0826-teimww:title>
  </p0826-teimww:book>
  <p0826-teimww:book id="ww_2904e9f7b34ab517">
    <knoraXmlImport:label>book label</knoraXmlImport:label>
    <p0826-teimww:bookInternalId knoraType="richtext_value">@001433</p0826-teimww:bookInternalId>
    <p0826-teimww:createdDate knoraType="date_value">GREGORIAN:1604:1604</p0826-teimww:createdDate>
    <p0826-teimww:edition knoraType="richtext_value">The Second Part of If You Know Not Me, You Know No Body. In The Dramatic Works of Thomas Heywood: Now First Collected with Illustrative Notes and a Memoir of the Author [...], Volume 1. London: John Pearson, 1874. 249-352.</p0826-teimww:edition>
    <p0826-teimww:hasLanguage knoraType="richtext_value">English</p0826-teimww:hasLanguage>
    <p0826-teimww:isWrittenBy>
      <p0826-teimww:person knoraType="link_value" linkType="ref" target="ww_f10aec8cfe5ff90d"/>
    </p0826-teimww:isWrittenBy>
    <p0826-teimww:publishDate knoraType="date_value">GREGORIAN:1604:1604</p0826-teimww:publishDate>
    <p0826-teimww:title knoraType="richtext_value">If You Know Not Me, You Know Nobody Part 2</p0826-teimww:title>
  </p0826-teimww:book>
  <p0826-teimww:book id="ww_c7017a2fd4b1ff37">
    <knoraXmlImport:label>book label</knoraXmlImport:label>
    <p0826-teimww:bookInternalId knoraType="richtext_value">@001448</p0826-teimww:bookInternalId>
    <p0826-teimww:createdDate knoraType="date_value">GREGORIAN:1604:1604</p0826-teimww:createdDate>
    <p0826-teimww:edition knoraType="richtext_value">Al Fooles. A Comedy. London: Thomas Thorpe, 1605.</p0826-teimww:edition>
    <p0826-teimww:hasLanguage knoraType="richtext_value">English</p0826-teimww:hasLanguage>
    <p0826-teimww:isWrittenBy>
      <p0826-teimww:person knoraType="link_value" linkType="ref" target="ww_8501ec457f433848"/>
    </p0826-teimww:isWrittenBy>
    <p0826-teimww:publishDate knoraType="date_value">GREGORIAN:1604:1604</p0826-teimww:publishDate>
    <p0826-teimww:title knoraType="richtext_value">All Fools</p0826-teimww:title>
  </p0826-teimww:book>
  <p0826-teimww:book id="ww_ad87a567c9aa933d">
    <knoraXmlImport:label>book label</knoraXmlImport:label>
    <p0826-teimww:bookInternalId knoraType="richtext_value">@001431</p0826-teimww:bookInternalId>
    <p0826-teimww:createdDate knoraType="date_value">GREGORIAN:1604:1604</p0826-teimww:createdDate>
    <p0826-teimww:edition knoraType="richtext_value">The Collected Works. Eds. Gary Taylor and John Lavagnino. Oxford: Clarendon Press, 2007. 280-327.</p0826-teimww:edition>
    <p0826-teimww:hasLanguage knoraType="richtext_value">English</p0826-teimww:hasLanguage>
    <p0826-teimww:isWrittenBy>
      <p0826-teimww:person knoraType="link_value" linkType="ref" target="ww_87dbd52f1c5b813b"/>
    </p0826-teimww:isWrittenBy>
    <p0826-teimww:isWrittenBy>
      <p0826-teimww:person knoraType="link_value" linkType="ref" target="ww_c298754546b2500e"/>
    </p0826-teimww:isWrittenBy>
    <p0826-teimww:publishDate knoraType="date_value">GREGORIAN:1604:1604</p0826-teimww:publishDate>
    <p0826-teimww:title knoraType="richtext_value">The Patient Man And The Honest Whore</p0826-teimww:title>
  </p0826-teimww:book>
  <p0826-teimww:book id="ww_a9ac3afc4eca7d49">
    <knoraXmlImport:label>book label</knoraXmlImport:label>
    <p0826-teimww:bookInternalId knoraType="richtext_value">@001486</p0826-teimww:bookInternalId>
    <p0826-teimww:createdDate knoraType="date_value">GREGORIAN:1605:1605</p0826-teimww:createdDate>
    <p0826-teimww:edition knoraType="richtext_value">King Lear.</p0826-teimww:edition>
    <p0826-teimww:hasLanguage knoraType="richtext_value">English</p0826-teimww:hasLanguage>
    <p0826-teimww:isWrittenBy>
      <p0826-teimww:person knoraType="link_value" linkType="ref" target="ww_684176b58bc762f6"/>
    </p0826-teimww:isWrittenBy>
    <p0826-teimww:publishDate knoraType="date_value">GREGORIAN:1605:1605</p0826-teimww:publishDate>
    <p0826-teimww:title knoraType="richtext_value">King Lear</p0826-teimww:title>
  </p0826-teimww:book>
  <p0826-teimww:book id="ww_98330de6bfd83dd4">
    <knoraXmlImport:label>book label</knoraXmlImport:label>
    <p0826-teimww:bookInternalId knoraType="richtext_value">@005177</p0826-teimww:bookInternalId>
    <p0826-teimww:createdDate knoraType="date_value">GREGORIAN:1605:1605</p0826-teimww:createdDate>
    <p0826-teimww:edition knoraType="richtext_value">The Flea. Sic parva componere magnis. London: John Smethwick, 1605.</p0826-teimww:edition>
    <p0826-teimww:hasLanguage knoraType="richtext_value">HAS SEVERAL LEXIAS!</p0826-teimww:hasLanguage>
    <p0826-teimww:isWrittenBy>
      <p0826-teimww:person knoraType="link_value" linkType="ref" target="ww_f1b3b2adeeb3e86f"/>
    </p0826-teimww:isWrittenBy>
    <p0826-teimww:publishDate knoraType="date_value">GREGORIAN:1605:1605</p0826-teimww:publishDate>
    <p0826-teimww:title knoraType="richtext_value">The Flea</p0826-teimww:title>
  </p0826-teimww:book>
  <p0826-teimww:book id="ww_c021f9c6c9cb807d">
    <knoraXmlImport:label>book label</knoraXmlImport:label>
    <p0826-teimww:bookInternalId knoraType="richtext_value">@001473</p0826-teimww:bookInternalId>
    <p0826-teimww:createdDate knoraType="date_value">GREGORIAN:1605:1605</p0826-teimww:createdDate>
    <p0826-teimww:edition knoraType="richtext_value">The Plays of John Marston in Three Volumes. Ed. H. Harvey Wood. Edinburgh and London: Oliver and Boyd, 1934-1939. 3:83-174.</p0826-teimww:edition>
    <p0826-teimww:hasLanguage knoraType="richtext_value">HAS SEVERAL LEXIAS!</p0826-teimww:hasLanguage>
    <p0826-teimww:isWrittenBy>
      <p0826-teimww:person knoraType="link_value" linkType="ref" target="ww_8501ec457f433848"/>
    </p0826-teimww:isWrittenBy>
    <p0826-teimww:isWrittenBy>
      <p0826-teimww:person knoraType="link_value" linkType="ref" target="ww_ad03d7c87e5b9c24"/>
    </p0826-teimww:isWrittenBy>
    <p0826-teimww:isWrittenBy>
      <p0826-teimww:person knoraType="link_value" linkType="ref" target="ww_9b2d545e20d62482"/>
    </p0826-teimww:isWrittenBy>
    <p0826-teimww:publishDate knoraType="date_value">GREGORIAN:1605:1605</p0826-teimww:publishDate>
    <p0826-teimww:title knoraType="richtext_value">Eastward Hoe</p0826-teimww:title>
  </p0826-teimww:book>
  <p0826-teimww:book id="ww_68caf0be92d6d9a9">
    <knoraXmlImport:label>book label</knoraXmlImport:label>
    <p0826-teimww:bookInternalId knoraType="richtext_value">@010104</p0826-teimww:bookInternalId>
    <p0826-teimww:edition knoraType="richtext_value">Modern Language Quarterly 62.4 (December 2001): 355-375.</p0826-teimww:edition>
    <p0826-teimww:isWrittenBy>
      <p0826-teimww:person knoraType="link_value" linkType="ref" target="ww_aee1340a336646a7"/>
    </p0826-teimww:isWrittenBy>
    <p0826-teimww:title knoraType="richtext_value">Hamlet Before Its Time</p0826-teimww:title>
  </p0826-teimww:book>
  <p0826-teimww:book id="ww_2f9b1b0a9d86ff6d">
    <knoraXmlImport:label>book label</knoraXmlImport:label>
    <p0826-teimww:bookInternalId knoraType="richtext_value">@001483</p0826-teimww:bookInternalId>
    <p0826-teimww:createdDate knoraType="date_value">GREGORIAN:1605:1605</p0826-teimww:createdDate>
    <p0826-teimww:edition knoraType="richtext_value">The Dramatic Works of Thomas Dekker. Ed. F. Bowers. 4 vols. Cambridge: Cambridge University Press, 1955. Vol. 2, 410-90.</p0826-teimww:edition>
    <p0826-teimww:hasLanguage knoraType="richtext_value">English</p0826-teimww:hasLanguage>
    <p0826-teimww:isWrittenBy>
      <p0826-teimww:person knoraType="link_value" linkType="ref" target="ww_87dbd52f1c5b813b"/>
    </p0826-teimww:isWrittenBy>
    <p0826-teimww:isWrittenBy>
      <p0826-teimww:person knoraType="link_value" linkType="ref" target="ww_9594c85bc48d3759"/>
    </p0826-teimww:isWrittenBy>
    <p0826-teimww:publishDate knoraType="date_value">GREGORIAN:1605:1605</p0826-teimww:publishDate>
    <p0826-teimww:title knoraType="richtext_value">North-Ward Hoe</p0826-teimww:title>
  </p0826-teimww:book>
  <p0826-teimww:book id="ww_9ccfd1aca399310c">
    <knoraXmlImport:label>book label</knoraXmlImport:label>
    <p0826-teimww:bookInternalId knoraType="richtext_value">@001479</p0826-teimww:bookInternalId>
    <p0826-teimww:createdDate knoraType="date_value">GREGORIAN:1605:1605</p0826-teimww:createdDate>
    <p0826-teimww:edition knoraType="richtext_value">The Collected Works. Gen. eds. Gary Taylor and John Lavagnino. Oxford: Clarendon Press, 2007. 417-451.</p0826-teimww:edition>
    <p0826-teimww:hasLanguage knoraType="richtext_value">English</p0826-teimww:hasLanguage>
    <p0826-teimww:isWrittenBy>
      <p0826-teimww:person knoraType="link_value" linkType="ref" target="ww_c298754546b2500e"/>
    </p0826-teimww:isWrittenBy>
    <p0826-teimww:publishDate knoraType="date_value">GREGORIAN:1605:1605</p0826-teimww:publishDate>
    <p0826-teimww:title knoraType="richtext_value">A Mad World, My Masters</p0826-teimww:title>
  </p0826-teimww:book>
  <p0826-teimww:book id="ww_17675e9418dc9f39">
    <knoraXmlImport:label>book label</knoraXmlImport:label>
    <p0826-teimww:bookInternalId knoraType="richtext_value">@001457</p0826-teimww:bookInternalId>
    <p0826-teimww:createdDate knoraType="date_value">GREGORIAN:1605:1605</p0826-teimww:createdDate>
    <p0826-teimww:edition knoraType="richtext_value">The Tragedie Of Caesar and Pompey Or Caesars Reuenge. London: Nathaniel Fosbrooke and John Wright, 1607.</p0826-teimww:edition>
    <p0826-teimww:hasLanguage knoraType="richtext_value">English</p0826-teimww:hasLanguage>
    <p0826-teimww:isWrittenBy>
      <p0826-teimww:person knoraType="link_value" linkType="ref" target="ww_212c78497ddc32c5"/>
    </p0826-teimww:isWrittenBy>
    <p0826-teimww:publishDate knoraType="date_value">GREGORIAN:1605:1605</p0826-teimww:publishDate>
    <p0826-teimww:title knoraType="richtext_value">Caesars Revenge, or Caesar and Pompey</p0826-teimww:title>
  </p0826-teimww:book>
  <p0826-teimww:book id="ww_d0babbfaa4407bfc">
    <knoraXmlImport:label>book label</knoraXmlImport:label>
    <p0826-teimww:bookInternalId knoraType="richtext_value">@001461</p0826-teimww:bookInternalId>
    <p0826-teimww:createdDate knoraType="date_value">GREGORIAN:1605:1605</p0826-teimww:createdDate>
    <p0826-teimww:edition knoraType="richtext_value">All's Well That Ends Well.</p0826-teimww:edition>
    <p0826-teimww:hasLanguage knoraType="richtext_value">English</p0826-teimww:hasLanguage>
    <p0826-teimww:isWrittenBy>
      <p0826-teimww:person knoraType="link_value" linkType="ref" target="ww_684176b58bc762f6"/>
    </p0826-teimww:isWrittenBy>
    <p0826-teimww:publishDate knoraType="date_value">GREGORIAN:1605:1605</p0826-teimww:publishDate>
    <p0826-teimww:title knoraType="richtext_value">Alls Well That Ends Well</p0826-teimww:title>
  </p0826-teimww:book>
  <p0826-teimww:book id="ww_7c3febaec4e5aacf">
    <knoraXmlImport:label>book label</knoraXmlImport:label>
    <p0826-teimww:bookInternalId knoraType="richtext_value">@001522</p0826-teimww:bookInternalId>
    <p0826-teimww:createdDate knoraType="date_value">GREGORIAN:1606:1606</p0826-teimww:createdDate>
    <p0826-teimww:edition knoraType="richtext_value">The Dramatic Works in the Beaumont and Fletcher Canon. Ed. F. Bowers. 10 vols. Cambridge: Cambridge University Press, 1966. Vol. 1, 145-259.</p0826-teimww:edition>
    <p0826-teimww:hasLanguage knoraType="richtext_value">English</p0826-teimww:hasLanguage>
    <p0826-teimww:isWrittenBy>
      <p0826-teimww:person knoraType="link_value" linkType="ref" target="ww_ecd33a52caec339f"/>
    </p0826-teimww:isWrittenBy>
    <p0826-teimww:isWrittenBy>
      <p0826-teimww:person knoraType="link_value" linkType="ref" target="ww_3cc0cce5b6bf554a"/>
    </p0826-teimww:isWrittenBy>
    <p0826-teimww:publishDate knoraType="date_value">GREGORIAN:1606:1606</p0826-teimww:publishDate>
    <p0826-teimww:title knoraType="richtext_value">The Woman-Hater</p0826-teimww:title>
  </p0826-teimww:book>
  <p0826-teimww:book id="ww_66c4283b87c123dd">
    <knoraXmlImport:label>book label</knoraXmlImport:label>
    <p0826-teimww:bookInternalId knoraType="richtext_value">@010025</p0826-teimww:bookInternalId>
    <p0826-teimww:edition knoraType="richtext_value">Shakespeare Survey 18: Shakespeare Then Till Now. Ed. Stanley Wells. Cambridge: Cambridge University Press, 1993. 1-14.</p0826-teimww:edition>
    <p0826-teimww:isWrittenBy>
      <p0826-teimww:person knoraType="link_value" linkType="ref" target="ww_5630a28303424aa1"/>
    </p0826-teimww:isWrittenBy>
    <p0826-teimww:title knoraType="richtext_value">'Hamlet' Then Till Now</p0826-teimww:title>
  </p0826-teimww:book>
  <p0826-teimww:book id="ww_7114631e1c7c2d84">
    <knoraXmlImport:label>book label</knoraXmlImport:label>
    <p0826-teimww:bookInternalId knoraType="richtext_value">@001496</p0826-teimww:bookInternalId>
    <p0826-teimww:createdDate knoraType="date_value">GREGORIAN:1606:1606</p0826-teimww:createdDate>
    <p0826-teimww:edition knoraType="richtext_value">Macbeth.</p0826-teimww:edition>
    <p0826-teimww:hasLanguage knoraType="richtext_value">English</p0826-teimww:hasLanguage>
    <p0826-teimww:isWrittenBy>
      <p0826-teimww:person knoraType="link_value" linkType="ref" target="ww_684176b58bc762f6"/>
    </p0826-teimww:isWrittenBy>
    <p0826-teimww:publishDate knoraType="date_value">GREGORIAN:1606:1606</p0826-teimww:publishDate>
    <p0826-teimww:title knoraType="richtext_value">Macbeth</p0826-teimww:title>
  </p0826-teimww:book>
  <p0826-teimww:book id="ww_e47749f03b5fb074">
    <knoraXmlImport:label>book label</knoraXmlImport:label>
    <p0826-teimww:bookInternalId knoraType="richtext_value">@001517</p0826-teimww:bookInternalId>
    <p0826-teimww:createdDate knoraType="date_value">GREGORIAN:1606:1606</p0826-teimww:createdDate>
    <p0826-teimww:edition knoraType="richtext_value">Antony and Cleopatra.</p0826-teimww:edition>
    <p0826-teimww:hasLanguage knoraType="richtext_value">English</p0826-teimww:hasLanguage>
    <p0826-teimww:isWrittenBy>
      <p0826-teimww:person knoraType="link_value" linkType="ref" target="ww_684176b58bc762f6"/>
    </p0826-teimww:isWrittenBy>
    <p0826-teimww:publishDate knoraType="date_value">GREGORIAN:1606:1606</p0826-teimww:publishDate>
    <p0826-teimww:title knoraType="richtext_value">Antony and Cleopatra</p0826-teimww:title>
  </p0826-teimww:book>
  <p0826-teimww:book id="ww_bdee35cd9360b47f">
    <knoraXmlImport:label>book label</knoraXmlImport:label>
    <p0826-teimww:bookInternalId knoraType="richtext_value">@001524</p0826-teimww:bookInternalId>
    <p0826-teimww:createdDate knoraType="date_value">GREGORIAN:1606:1606</p0826-teimww:createdDate>
    <p0826-teimww:edition knoraType="richtext_value">Lingva. Or The Combat of the Tongue, And the fiue Senses For Superiority. A pleasant Comoedie. London: G. Eld for Simon Waterson, 1607.</p0826-teimww:edition>
    <p0826-teimww:hasLanguage knoraType="richtext_value">English</p0826-teimww:hasLanguage>
    <p0826-teimww:isWrittenBy>
      <p0826-teimww:person knoraType="link_value" linkType="ref" target="ww_9186050dfac2d550"/>
    </p0826-teimww:isWrittenBy>
    <p0826-teimww:publishDate knoraType="date_value">GREGORIAN:1606:1606</p0826-teimww:publishDate>
    <p0826-teimww:title knoraType="richtext_value">Lingua</p0826-teimww:title>
  </p0826-teimww:book>
  <p0826-teimww:book id="ww_b8eaca27cf9698df">
    <knoraXmlImport:label>book label</knoraXmlImport:label>
    <p0826-teimww:bookInternalId knoraType="richtext_value">@001555</p0826-teimww:bookInternalId>
    <p0826-teimww:createdDate knoraType="date_value">GREGORIAN:1607:1607</p0826-teimww:createdDate>
    <p0826-teimww:edition knoraType="richtext_value">Pericles.</p0826-teimww:edition>
    <p0826-teimww:hasLanguage knoraType="richtext_value">English</p0826-teimww:hasLanguage>
    <p0826-teimww:isWrittenBy>
      <p0826-teimww:person knoraType="link_value" linkType="ref" target="ww_684176b58bc762f6"/>
    </p0826-teimww:isWrittenBy>
    <p0826-teimww:isWrittenBy>
      <p0826-teimww:person knoraType="link_value" linkType="ref" target="ww_986dd93d2d794ff5"/>
    </p0826-teimww:isWrittenBy>
    <p0826-teimww:publishDate knoraType="date_value">GREGORIAN:1607:1607</p0826-teimww:publishDate>
    <p0826-teimww:title knoraType="richtext_value">Pericles</p0826-teimww:title>
  </p0826-teimww:book>
  <p0826-teimww:book id="ww_6129dfa4528ff009">
    <knoraXmlImport:label>book label</knoraXmlImport:label>
    <p0826-teimww:bookInternalId knoraType="richtext_value">@001528</p0826-teimww:bookInternalId>
    <p0826-teimww:createdDate knoraType="date_value">GREGORIAN:1607:1607</p0826-teimww:createdDate>
    <p0826-teimww:edition knoraType="richtext_value">Your fiue Gallants. As it hath beene often in Action at the Black-friers. Written by T. Middleton. London: Richard Bonian, 1608.</p0826-teimww:edition>
    <p0826-teimww:hasLanguage knoraType="richtext_value">English</p0826-teimww:hasLanguage>
    <p0826-teimww:isWrittenBy>
      <p0826-teimww:person knoraType="link_value" linkType="ref" target="ww_c298754546b2500e"/>
    </p0826-teimww:isWrittenBy>
    <p0826-teimww:publishDate knoraType="date_value">GREGORIAN:1607:1607</p0826-teimww:publishDate>
    <p0826-teimww:title knoraType="richtext_value">Your Five Gallants</p0826-teimww:title>
  </p0826-teimww:book>
  <p0826-teimww:book id="ww_abbc162fcc9b8163">
    <knoraXmlImport:label>book label</knoraXmlImport:label>
    <p0826-teimww:bookInternalId knoraType="richtext_value">@001527</p0826-teimww:bookInternalId>
    <p0826-teimww:createdDate knoraType="date_value">GREGORIAN:1607:1607</p0826-teimww:createdDate>
    <p0826-teimww:edition knoraType="richtext_value">Cvpids Whirligig, As it hath bene sundry times Acted by the Children of the Kings Majesties Reuels. London: E. Allde for Arthur Johnson, 1607.</p0826-teimww:edition>
    <p0826-teimww:hasLanguage knoraType="richtext_value">English</p0826-teimww:hasLanguage>
    <p0826-teimww:isWrittenBy>
      <p0826-teimww:person knoraType="link_value" linkType="ref" target="ww_79c674f9ee6b5a7c"/>
    </p0826-teimww:isWrittenBy>
    <p0826-teimww:publishDate knoraType="date_value">GREGORIAN:1607:1607</p0826-teimww:publishDate>
    <p0826-teimww:title knoraType="richtext_value">Cupids Whirligig</p0826-teimww:title>
  </p0826-teimww:book>
  <p0826-teimww:book id="ww_8129680c1895eb54">
    <knoraXmlImport:label>book label</knoraXmlImport:label>
    <p0826-teimww:bookInternalId knoraType="richtext_value">@001558</p0826-teimww:bookInternalId>
    <p0826-teimww:createdDate knoraType="date_value">GREGORIAN:1607:1607</p0826-teimww:createdDate>
    <p0826-teimww:edition knoraType="richtext_value">The Rape of Lvcrece. Acted by Her Majesties Servants at the Red-Bull. London: John Raworth for Nathaniel Butter, 1638.</p0826-teimww:edition>
    <p0826-teimww:hasLanguage knoraType="richtext_value">English</p0826-teimww:hasLanguage>
    <p0826-teimww:isWrittenBy>
      <p0826-teimww:person knoraType="link_value" linkType="ref" target="ww_f10aec8cfe5ff90d"/>
    </p0826-teimww:isWrittenBy>
    <p0826-teimww:publishDate knoraType="date_value">GREGORIAN:1607:1607</p0826-teimww:publishDate>
    <p0826-teimww:title knoraType="richtext_value">The Rape of Lucrece (Heywood)</p0826-teimww:title>
  </p0826-teimww:book>
  <p0826-teimww:book id="ww_ad347c17c733512d">
    <knoraXmlImport:label>book label</knoraXmlImport:label>
    <p0826-teimww:bookInternalId knoraType="richtext_value">@001559</p0826-teimww:bookInternalId>
    <p0826-teimww:createdDate knoraType="date_value">GREGORIAN:1607:1607</p0826-teimww:createdDate>
    <p0826-teimww:edition knoraType="richtext_value">Humour out of breath. A Comedie Diuers times latelie acted, By the Children Of The Kings Reuells. Written By Iohn Day. London: Iohn Helmes, 1608.</p0826-teimww:edition>
    <p0826-teimww:hasLanguage knoraType="richtext_value">HAS SEVERAL LEXIAS!</p0826-teimww:hasLanguage>
    <p0826-teimww:isWrittenBy>
      <p0826-teimww:person knoraType="link_value" linkType="ref" target="ww_947a2e721f016a03"/>
    </p0826-teimww:isWrittenBy>
    <p0826-teimww:publishDate knoraType="date_value">GREGORIAN:1607:1607</p0826-teimww:publishDate>
    <p0826-teimww:title knoraType="richtext_value">Humour out of Breath</p0826-teimww:title>
  </p0826-teimww:book>
  <p0826-teimww:book id="ww_1bfa3812390e9c05">
    <knoraXmlImport:label>book label</knoraXmlImport:label>
    <p0826-teimww:bookInternalId knoraType="richtext_value">@001589</p0826-teimww:bookInternalId>
    <p0826-teimww:createdDate knoraType="date_value">GREGORIAN:1608:1608</p0826-teimww:createdDate>
    <p0826-teimww:edition knoraType="richtext_value">Coriolanus.</p0826-teimww:edition>
    <p0826-teimww:hasLanguage knoraType="richtext_value">English</p0826-teimww:hasLanguage>
    <p0826-teimww:isWrittenBy>
      <p0826-teimww:person knoraType="link_value" linkType="ref" target="ww_684176b58bc762f6"/>
    </p0826-teimww:isWrittenBy>
    <p0826-teimww:publishDate knoraType="date_value">GREGORIAN:1608:1608</p0826-teimww:publishDate>
    <p0826-teimww:title knoraType="richtext_value">Coriolanus</p0826-teimww:title>
  </p0826-teimww:book>
  <p0826-teimww:book id="ww_606a583dffc5ec3a">
    <knoraXmlImport:label>book label</knoraXmlImport:label>
    <p0826-teimww:bookInternalId knoraType="richtext_value">@001575</p0826-teimww:bookInternalId>
    <p0826-teimww:createdDate knoraType="date_value">GREGORIAN:1608:1608</p0826-teimww:createdDate>
    <p0826-teimww:edition knoraType="richtext_value">The Conspiracie, And Tragedie of Charles Duke of Byron, Marshall of France. London: G. Eld for Thomas Thorppe, 1608.</p0826-teimww:edition>
    <p0826-teimww:hasLanguage knoraType="richtext_value">English</p0826-teimww:hasLanguage>
    <p0826-teimww:isWrittenBy>
      <p0826-teimww:person knoraType="link_value" linkType="ref" target="ww_8501ec457f433848"/>
    </p0826-teimww:isWrittenBy>
    <p0826-teimww:publishDate knoraType="date_value">GREGORIAN:1608:1608</p0826-teimww:publishDate>
    <p0826-teimww:title knoraType="richtext_value">The Conspiracy of Charles Duke of Byron</p0826-teimww:title>
  </p0826-teimww:book>
  <p0826-teimww:book id="ww_a95fc6769d25de8a">
    <knoraXmlImport:label>book label</knoraXmlImport:label>
    <p0826-teimww:bookInternalId knoraType="richtext_value">@001576</p0826-teimww:bookInternalId>
    <p0826-teimww:createdDate knoraType="date_value">GREGORIAN:1608:1608</p0826-teimww:createdDate>
    <p0826-teimww:edition knoraType="richtext_value">The Conspiracie, And Tragedie of Charles Duke of Byron, Marshall of France. Acted lately in two playes, at the Black-Friers. Written by George Chapman. London: G. Eld for Thomas Thorppe, 1608.</p0826-teimww:edition>
    <p0826-teimww:hasLanguage knoraType="richtext_value">English</p0826-teimww:hasLanguage>
    <p0826-teimww:isWrittenBy>
      <p0826-teimww:person knoraType="link_value" linkType="ref" target="ww_8501ec457f433848"/>
    </p0826-teimww:isWrittenBy>
    <p0826-teimww:publishDate knoraType="date_value">GREGORIAN:1608:1608</p0826-teimww:publishDate>
    <p0826-teimww:title knoraType="richtext_value">Byrons Tragedy</p0826-teimww:title>
  </p0826-teimww:book>
  <p0826-teimww:book id="ww_d07c9febda3841a4">
    <knoraXmlImport:label>book label</knoraXmlImport:label>
    <p0826-teimww:bookInternalId knoraType="richtext_value">@001572</p0826-teimww:bookInternalId>
    <p0826-teimww:createdDate knoraType="date_value">GREGORIAN:1608:1608</p0826-teimww:createdDate>
    <p0826-teimww:edition knoraType="richtext_value">Ram-Alley. Or Merrie-Trickes. A comedy Diuers times here-to-fore acted. By the Children of the Kings Reuels. Written by Lo: Barrey. London: G. Eld for Robert Wilson, 1611.</p0826-teimww:edition>
    <p0826-teimww:hasLanguage knoraType="richtext_value">English</p0826-teimww:hasLanguage>
    <p0826-teimww:isWrittenBy>
      <p0826-teimww:person knoraType="link_value" linkType="ref" target="ww_9b3aca5e1fbd9b33"/>
    </p0826-teimww:isWrittenBy>
    <p0826-teimww:publishDate knoraType="date_value">GREGORIAN:1608:1608</p0826-teimww:publishDate>
    <p0826-teimww:title knoraType="richtext_value">Ram Alley</p0826-teimww:title>
  </p0826-teimww:book>
  <p0826-teimww:book id="ww_6e666f6effc63da3">
    <knoraXmlImport:label>book label</knoraXmlImport:label>
    <p0826-teimww:bookInternalId knoraType="richtext_value">@001599</p0826-teimww:bookInternalId>
    <p0826-teimww:createdDate knoraType="date_value">GREGORIAN:1609:1609</p0826-teimww:createdDate>
    <p0826-teimww:edition knoraType="richtext_value">The Plays of Nathan Field: Edited from the Original Quartos with Introduction and Notes. Ed. William Peery. Austin: The University of Texas Press, 1950. 55-139.</p0826-teimww:edition>
    <p0826-teimww:hasLanguage knoraType="richtext_value">English</p0826-teimww:hasLanguage>
    <p0826-teimww:isWrittenBy>
      <p0826-teimww:person knoraType="link_value" linkType="ref" target="ww_8926bbeaa7c56023"/>
    </p0826-teimww:isWrittenBy>
    <p0826-teimww:publishDate knoraType="date_value">GREGORIAN:1609:1609</p0826-teimww:publishDate>
    <p0826-teimww:title knoraType="richtext_value">A Woman Is A Weather-Cocke</p0826-teimww:title>
  </p0826-teimww:book>
  <p0826-teimww:book id="ww_845605cc93b1ec3d">
    <knoraXmlImport:label>book label</knoraXmlImport:label>
    <p0826-teimww:bookInternalId knoraType="richtext_value">@003160</p0826-teimww:bookInternalId>
    <p0826-teimww:createdDate knoraType="date_value">GREGORIAN:1609:1609</p0826-teimww:createdDate>
    <p0826-teimww:edition knoraType="richtext_value">The Italian Taylor and his Boy.</p0826-teimww:edition>
    <p0826-teimww:hasLanguage knoraType="richtext_value">English</p0826-teimww:hasLanguage>
    <p0826-teimww:isWrittenBy>
      <p0826-teimww:person knoraType="link_value" linkType="ref" target="ww_5350e0c0cddb3400"/>
    </p0826-teimww:isWrittenBy>
    <p0826-teimww:publishDate knoraType="date_value">GREGORIAN:1609:1609</p0826-teimww:publishDate>
    <p0826-teimww:title knoraType="richtext_value">The Italian Tailor and his Boy</p0826-teimww:title>
  </p0826-teimww:book>
  <p0826-teimww:book id="ww_601ea37650b7df8c">
    <knoraXmlImport:label>book label</knoraXmlImport:label>
    <p0826-teimww:bookInternalId knoraType="richtext_value">@010063</p0826-teimww:bookInternalId>
    <p0826-teimww:edition knoraType="richtext_value">Modern Language Notes 62:2 (February 1947): 131-132.</p0826-teimww:edition>
    <p0826-teimww:isWrittenBy>
      <p0826-teimww:person knoraType="link_value" linkType="ref" target="ww_5920a2f51df6bb9f"/>
    </p0826-teimww:isWrittenBy>
    <p0826-teimww:title knoraType="richtext_value">Eastward Ho! and A Woman is a Weathercock</p0826-teimww:title>
  </p0826-teimww:book>
  <p0826-teimww:book id="ww_2d0eea6c7b8afc36">
    <knoraXmlImport:label>book label</knoraXmlImport:label>
    <p0826-teimww:bookInternalId knoraType="richtext_value">@001625</p0826-teimww:bookInternalId>
    <p0826-teimww:createdDate knoraType="date_value">GREGORIAN:1610:1610</p0826-teimww:createdDate>
    <p0826-teimww:edition knoraType="richtext_value">The Atheist's Tragedy, or The Honest Man's Revenge. Ed. Irving Ribner. London: The Broadwater Press, 1964.</p0826-teimww:edition>
    <p0826-teimww:hasLanguage knoraType="richtext_value">English</p0826-teimww:hasLanguage>
    <p0826-teimww:isWrittenBy>
      <p0826-teimww:person knoraType="link_value" linkType="ref" target="ww_883324fc3b8b8dba"/>
    </p0826-teimww:isWrittenBy>
    <p0826-teimww:publishDate knoraType="date_value">GREGORIAN:1610:1610</p0826-teimww:publishDate>
    <p0826-teimww:title knoraType="richtext_value">The Atheists Tragedy</p0826-teimww:title>
  </p0826-teimww:book>
  <p0826-teimww:book id="ww_0103dc75cd6d8928">
    <knoraXmlImport:label>book label</knoraXmlImport:label>
    <p0826-teimww:bookInternalId knoraType="richtext_value">@001623</p0826-teimww:bookInternalId>
    <p0826-teimww:createdDate knoraType="date_value">GREGORIAN:1610:1610</p0826-teimww:createdDate>
    <p0826-teimww:edition knoraType="richtext_value">Cymbeline.</p0826-teimww:edition>
    <p0826-teimww:hasLanguage knoraType="richtext_value">English</p0826-teimww:hasLanguage>
    <p0826-teimww:isWrittenBy>
      <p0826-teimww:person knoraType="link_value" linkType="ref" target="ww_684176b58bc762f6"/>
    </p0826-teimww:isWrittenBy>
    <p0826-teimww:publishDate knoraType="date_value">GREGORIAN:1610:1610</p0826-teimww:publishDate>
    <p0826-teimww:title knoraType="richtext_value">Cymbeline</p0826-teimww:title>
  </p0826-teimww:book>
  <p0826-teimww:book id="ww_90bb6791f9507246">
    <knoraXmlImport:label>book label</knoraXmlImport:label>
    <p0826-teimww:bookInternalId knoraType="richtext_value">@001615</p0826-teimww:bookInternalId>
    <p0826-teimww:createdDate knoraType="date_value">GREGORIAN:1610:1610</p0826-teimww:createdDate>
    <p0826-teimww:edition knoraType="richtext_value">The Plays of Nathan Field: Edited from the Original Quartos with Introduction and Notes. Ed. William Peery. Austin: The University of Texas Press, 1950. 159-236.</p0826-teimww:edition>
    <p0826-teimww:hasLanguage knoraType="richtext_value">English</p0826-teimww:hasLanguage>
    <p0826-teimww:isWrittenBy>
      <p0826-teimww:person knoraType="link_value" linkType="ref" target="ww_8926bbeaa7c56023"/>
    </p0826-teimww:isWrittenBy>
    <p0826-teimww:publishDate knoraType="date_value">GREGORIAN:1610:1610</p0826-teimww:publishDate>
    <p0826-teimww:title knoraType="richtext_value">Amends for Ladies</p0826-teimww:title>
  </p0826-teimww:book>
  <p0826-teimww:book id="ww_80345b61ea7ec44a">
    <knoraXmlImport:label>book label</knoraXmlImport:label>
    <p0826-teimww:bookInternalId knoraType="richtext_value">@001609</p0826-teimww:bookInternalId>
    <p0826-teimww:createdDate knoraType="date_value">GREGORIAN:1610:1610</p0826-teimww:createdDate>
    <p0826-teimww:edition knoraType="richtext_value">The Dramatic Works in The Beaumont and Fletcher Canon. Ed. F. Bowers. 10 vols. Cambridge: Cambridge University Press, 1979.</p0826-teimww:edition>
    <p0826-teimww:hasLanguage knoraType="richtext_value">English</p0826-teimww:hasLanguage>
    <p0826-teimww:isWrittenBy>
      <p0826-teimww:person knoraType="link_value" linkType="ref" target="ww_3cc0cce5b6bf554a"/>
    </p0826-teimww:isWrittenBy>
    <p0826-teimww:publishDate knoraType="date_value">GREGORIAN:1610:1610</p0826-teimww:publishDate>
    <p0826-teimww:title knoraType="richtext_value">The Woman's Prize, or, The Tamer Tam'd</p0826-teimww:title>
  </p0826-teimww:book>
  <p0826-teimww:book id="ww_d96c27106919cc24">
    <knoraXmlImport:label>book label</knoraXmlImport:label>
    <p0826-teimww:bookInternalId knoraType="richtext_value">@001621</p0826-teimww:bookInternalId>
    <p0826-teimww:createdDate knoraType="date_value">GREGORIAN:1610:1610</p0826-teimww:createdDate>
    <p0826-teimww:edition knoraType="richtext_value">The Workes of Beniamin Jonson. London: William Stansby, 1616. 602-677.</p0826-teimww:edition>
    <p0826-teimww:hasLanguage knoraType="richtext_value">English</p0826-teimww:hasLanguage>
    <p0826-teimww:isWrittenBy>
      <p0826-teimww:person knoraType="link_value" linkType="ref" target="ww_9b2d545e20d62482"/>
    </p0826-teimww:isWrittenBy>
    <p0826-teimww:publishDate knoraType="date_value">GREGORIAN:1610:1610</p0826-teimww:publishDate>
    <p0826-teimww:title knoraType="richtext_value">The alchemist</p0826-teimww:title>
  </p0826-teimww:book>
  <p0826-teimww:book id="ww_b076e5b94e4771b8">
    <knoraXmlImport:label>book label</knoraXmlImport:label>
    <p0826-teimww:bookInternalId knoraType="richtext_value">@005122</p0826-teimww:bookInternalId>
    <p0826-teimww:createdDate knoraType="date_value">GREGORIAN:1611:1611</p0826-teimww:createdDate>
    <p0826-teimww:edition knoraType="richtext_value">Epig. 10, ed. Grosart, Chertsey Worthies Library.</p0826-teimww:edition>
    <p0826-teimww:hasLanguage knoraType="richtext_value">English</p0826-teimww:hasLanguage>
    <p0826-teimww:isWrittenBy>
      <p0826-teimww:person knoraType="link_value" linkType="ref" target="ww_2afeb85181d58ed3"/>
    </p0826-teimww:isWrittenBy>
    <p0826-teimww:publishDate knoraType="date_value">GREGORIAN:1611:1611</p0826-teimww:publishDate>
    <p0826-teimww:title knoraType="richtext_value">Scourge of Folly</p0826-teimww:title>
  </p0826-teimww:book>
  <p0826-teimww:book id="ww_0466ed69bf4a50be">
    <knoraXmlImport:label>book label</knoraXmlImport:label>
    <p0826-teimww:bookInternalId knoraType="richtext_value">@001652</p0826-teimww:bookInternalId>
    <p0826-teimww:createdDate knoraType="date_value">GREGORIAN:1611:1611</p0826-teimww:createdDate>
    <p0826-teimww:edition knoraType="richtext_value">The Tempest.</p0826-teimww:edition>
    <p0826-teimww:hasLanguage knoraType="richtext_value">English</p0826-teimww:hasLanguage>
    <p0826-teimww:isWrittenBy>
      <p0826-teimww:person knoraType="link_value" linkType="ref" target="ww_684176b58bc762f6"/>
    </p0826-teimww:isWrittenBy>
    <p0826-teimww:publishDate knoraType="date_value">GREGORIAN:1611:1611</p0826-teimww:publishDate>
    <p0826-teimww:title knoraType="richtext_value">The Tempest</p0826-teimww:title>
  </p0826-teimww:book>
  <p0826-teimww:book id="ww_10467667a0394967">
    <knoraXmlImport:label>book label</knoraXmlImport:label>
    <p0826-teimww:bookInternalId knoraType="richtext_value">@001631</p0826-teimww:bookInternalId>
    <p0826-teimww:createdDate knoraType="date_value">GREGORIAN:1611:1611</p0826-teimww:createdDate>
    <p0826-teimww:edition knoraType="richtext_value">The Winter's Tale.</p0826-teimww:edition>
    <p0826-teimww:hasLanguage knoraType="richtext_value">English</p0826-teimww:hasLanguage>
    <p0826-teimww:isWrittenBy>
      <p0826-teimww:person knoraType="link_value" linkType="ref" target="ww_684176b58bc762f6"/>
    </p0826-teimww:isWrittenBy>
    <p0826-teimww:publishDate knoraType="date_value">GREGORIAN:1611:1611</p0826-teimww:publishDate>
    <p0826-teimww:title knoraType="richtext_value">The Winters Tale</p0826-teimww:title>
  </p0826-teimww:book>
  <p0826-teimww:book id="ww_5350aa8f1cdc7d01">
    <knoraXmlImport:label>book label</knoraXmlImport:label>
    <p0826-teimww:bookInternalId knoraType="richtext_value">@001637</p0826-teimww:bookInternalId>
    <p0826-teimww:createdDate knoraType="date_value">GREGORIAN:1611:1611</p0826-teimww:createdDate>
    <p0826-teimww:edition knoraType="richtext_value">The Golden Age. Or The liues of Jupiter and Saturne, with the defining of the Heathen Gods. As it hath beene sundry times acted at the Red Bull, by the Queenes Maiesties Seruants. Written by Thomas Heywood. London: William Barrenger, 1611.</p0826-teimww:edition>
    <p0826-teimww:hasLanguage knoraType="richtext_value">English</p0826-teimww:hasLanguage>
    <p0826-teimww:isWrittenBy>
      <p0826-teimww:person knoraType="link_value" linkType="ref" target="ww_f10aec8cfe5ff90d"/>
    </p0826-teimww:isWrittenBy>
    <p0826-teimww:publishDate knoraType="date_value">GREGORIAN:1611:1611</p0826-teimww:publishDate>
    <p0826-teimww:title knoraType="richtext_value">The Golden Age</p0826-teimww:title>
  </p0826-teimww:book>
  <p0826-teimww:book id="ww_04bc086989bd8c81">
    <knoraXmlImport:label>book label</knoraXmlImport:label>
    <p0826-teimww:bookInternalId knoraType="richtext_value">@001649</p0826-teimww:bookInternalId>
    <p0826-teimww:createdDate knoraType="date_value">GREGORIAN:1611:1611</p0826-teimww:createdDate>
    <p0826-teimww:edition knoraType="richtext_value">Greenes Tu quoque, or, The Cittie Gallant. As it hath beene diuers times acted by the Queenes Maiesties Seruants, Written by I. Cooke. London: John Trundle, 1614.</p0826-teimww:edition>
    <p0826-teimww:hasLanguage knoraType="richtext_value">English</p0826-teimww:hasLanguage>
    <p0826-teimww:isWrittenBy>
      <p0826-teimww:person knoraType="link_value" linkType="ref" target="ww_a4e45e7b381d6e89"/>
    </p0826-teimww:isWrittenBy>
    <p0826-teimww:publishDate knoraType="date_value">GREGORIAN:1611:1611</p0826-teimww:publishDate>
    <p0826-teimww:title knoraType="richtext_value">The City Gallant, or Greenes Tu Quoque</p0826-teimww:title>
  </p0826-teimww:book>
  <p0826-teimww:book id="ww_51a308c9b1ba699d">
    <knoraXmlImport:label>book label</knoraXmlImport:label>
    <p0826-teimww:bookInternalId knoraType="richtext_value">@001689</p0826-teimww:bookInternalId>
    <p0826-teimww:createdDate knoraType="date_value">GREGORIAN:1612:1612</p0826-teimww:createdDate>
    <p0826-teimww:edition knoraType="richtext_value">English Renaissance Drama: A Norton Anthology. Gen. ed. David Bevington. New York and London: W. W. Norton, 2002. 1659-1748.</p0826-teimww:edition>
    <p0826-teimww:hasLanguage knoraType="richtext_value">English</p0826-teimww:hasLanguage>
    <p0826-teimww:isWrittenBy>
      <p0826-teimww:person knoraType="link_value" linkType="ref" target="ww_9594c85bc48d3759"/>
    </p0826-teimww:isWrittenBy>
    <p0826-teimww:publishDate knoraType="date_value">GREGORIAN:1612:1612</p0826-teimww:publishDate>
    <p0826-teimww:title knoraType="richtext_value">The White Devil</p0826-teimww:title>
  </p0826-teimww:book>
  <p0826-teimww:book id="ww_dbd5db889d39fd5c">
    <knoraXmlImport:label>book label</knoraXmlImport:label>
    <p0826-teimww:bookInternalId knoraType="richtext_value">@001674</p0826-teimww:bookInternalId>
    <p0826-teimww:createdDate knoraType="date_value">GREGORIAN:1612:1612</p0826-teimww:createdDate>
    <p0826-teimww:edition knoraType="richtext_value">Henry VIII.</p0826-teimww:edition>
    <p0826-teimww:hasLanguage knoraType="richtext_value">English</p0826-teimww:hasLanguage>
    <p0826-teimww:isWrittenBy>
      <p0826-teimww:person knoraType="link_value" linkType="ref" target="ww_684176b58bc762f6"/>
    </p0826-teimww:isWrittenBy>
    <p0826-teimww:isWrittenBy>
      <p0826-teimww:person knoraType="link_value" linkType="ref" target="ww_3cc0cce5b6bf554a"/>
    </p0826-teimww:isWrittenBy>
    <p0826-teimww:publishDate knoraType="date_value">GREGORIAN:1612:1612</p0826-teimww:publishDate>
    <p0826-teimww:title knoraType="richtext_value">Henry VIII</p0826-teimww:title>
  </p0826-teimww:book>
  <p0826-teimww:book id="ww_daecaee38c79925b">
    <knoraXmlImport:label>book label</knoraXmlImport:label>
    <p0826-teimww:bookInternalId knoraType="richtext_value">@001726</p0826-teimww:bookInternalId>
    <p0826-teimww:createdDate knoraType="date_value">GREGORIAN:1612:1612</p0826-teimww:createdDate>
    <p0826-teimww:edition knoraType="richtext_value">English Renaissance Drama: A Norton Anthology. Gen. ed. David Bevington. New York and London: W. W. Norton, 2002. 1749-1832.</p0826-teimww:edition>
    <p0826-teimww:hasLanguage knoraType="richtext_value">English</p0826-teimww:hasLanguage>
    <p0826-teimww:isWrittenBy>
      <p0826-teimww:person knoraType="link_value" linkType="ref" target="ww_9594c85bc48d3759"/>
    </p0826-teimww:isWrittenBy>
    <p0826-teimww:publishDate knoraType="date_value">GREGORIAN:1612:1612</p0826-teimww:publishDate>
    <p0826-teimww:title knoraType="richtext_value">The Duchess of Malfi</p0826-teimww:title>
  </p0826-teimww:book>
  <p0826-teimww:book id="ww_b67be63a94c57f53">
    <knoraXmlImport:label>book label</knoraXmlImport:label>
    <p0826-teimww:bookInternalId knoraType="richtext_value">@015124</p0826-teimww:bookInternalId>
    <p0826-teimww:createdDate knoraType="date_value">GREGORIAN:1612:1612</p0826-teimww:createdDate>
    <p0826-teimww:edition knoraType="richtext_value">Annals of the first four Years of the Reign of Queen Elizabeth. 1612. Harl. MS. 6021.</p0826-teimww:edition>
    <p0826-teimww:hasLanguage knoraType="richtext_value">English</p0826-teimww:hasLanguage>
    <p0826-teimww:isWrittenBy>
      <p0826-teimww:person knoraType="link_value" linkType="ref" target="ww_7c9389d75703bf3a"/>
    </p0826-teimww:isWrittenBy>
    <p0826-teimww:publishDate knoraType="date_value">GREGORIAN:1612:1612</p0826-teimww:publishDate>
    <p0826-teimww:title knoraType="richtext_value">Annals (Hayward)</p0826-teimww:title>
  </p0826-teimww:book>
  <p0826-teimww:book id="ww_384598056518c080">
    <knoraXmlImport:label>book label</knoraXmlImport:label>
    <p0826-teimww:bookInternalId knoraType="richtext_value">@001724</p0826-teimww:bookInternalId>
    <p0826-teimww:createdDate knoraType="date_value">GREGORIAN:1613:1613</p0826-teimww:createdDate>
    <p0826-teimww:edition knoraType="richtext_value">The Two Noble Kinsmen.</p0826-teimww:edition>
    <p0826-teimww:hasLanguage knoraType="richtext_value">English</p0826-teimww:hasLanguage>
    <p0826-teimww:isWrittenBy>
      <p0826-teimww:person knoraType="link_value" linkType="ref" target="ww_684176b58bc762f6"/>
    </p0826-teimww:isWrittenBy>
    <p0826-teimww:isWrittenBy>
      <p0826-teimww:person knoraType="link_value" linkType="ref" target="ww_3cc0cce5b6bf554a"/>
    </p0826-teimww:isWrittenBy>
    <p0826-teimww:publishDate knoraType="date_value">GREGORIAN:1613:1613</p0826-teimww:publishDate>
    <p0826-teimww:title knoraType="richtext_value">The Two Noble Kinsmen</p0826-teimww:title>
  </p0826-teimww:book>
  <p0826-teimww:book id="ww_1cf38ae034d82923">
    <knoraXmlImport:label>book label</knoraXmlImport:label>
    <p0826-teimww:bookInternalId knoraType="richtext_value">@003163</p0826-teimww:bookInternalId>
    <p0826-teimww:createdDate knoraType="date_value">GREGORIAN:1614:1614</p0826-teimww:createdDate>
    <p0826-teimww:edition knoraType="richtext_value">The Ghost of Richard the Third. Expressing himself in these thee Parts. 1. His Character 2. His Legend 3. His Tragedie Containing more of him than hath been heretofore showed: either in Chronicles, Playes, or Poems. 1614. Part I, St. viii. Reprinted by Rev. A.B. Grosart in the Fuller Worthies' Library, Complete Poems of Christopher Brooke, 1872, in which see pp. 62, 79, 88, 134. Also for the Shakespere Society, by Mr. J. P. Collier, 1844.]</p0826-teimww:edition>
    <p0826-teimww:hasLanguage knoraType="richtext_value">English</p0826-teimww:hasLanguage>
    <p0826-teimww:isWrittenBy>
      <p0826-teimww:person knoraType="link_value" linkType="ref" target="ww_31fd4cfea1a56eb2"/>
    </p0826-teimww:isWrittenBy>
    <p0826-teimww:publishDate knoraType="date_value">GREGORIAN:1614:1614</p0826-teimww:publishDate>
    <p0826-teimww:title knoraType="richtext_value">The Ghost of Richard the Third</p0826-teimww:title>
  </p0826-teimww:book>
  <p0826-teimww:book id="ww_bd4833a9064eaee2">
    <knoraXmlImport:label>book label</knoraXmlImport:label>
    <p0826-teimww:bookInternalId knoraType="richtext_value">@001805</p0826-teimww:bookInternalId>
    <p0826-teimww:createdDate knoraType="date_value">GREGORIAN:1616:1616</p0826-teimww:createdDate>
    <p0826-teimww:edition knoraType="richtext_value">The Collected Works. Gen. eds. Gary Taylor and John Lavagnino. Oxford: Clarendon Press, 2007. 1129-1164.</p0826-teimww:edition>
    <p0826-teimww:hasLanguage knoraType="richtext_value">English</p0826-teimww:hasLanguage>
    <p0826-teimww:isWrittenBy>
      <p0826-teimww:person knoraType="link_value" linkType="ref" target="ww_c298754546b2500e"/>
    </p0826-teimww:isWrittenBy>
    <p0826-teimww:publishDate knoraType="date_value">GREGORIAN:1616:1616</p0826-teimww:publishDate>
    <p0826-teimww:title knoraType="richtext_value">The Witch</p0826-teimww:title>
  </p0826-teimww:book>
  <p0826-teimww:book id="ww_7da5186d0ba71c05">
    <knoraXmlImport:label>book label</knoraXmlImport:label>
    <p0826-teimww:bookInternalId knoraType="richtext_value">@001798</p0826-teimww:bookInternalId>
    <p0826-teimww:createdDate knoraType="date_value">GREGORIAN:1616:1616</p0826-teimww:createdDate>
    <p0826-teimww:edition knoraType="richtext_value">1212-1250.</p0826-teimww:edition>
    <p0826-teimww:hasLanguage knoraType="richtext_value">English</p0826-teimww:hasLanguage>
    <p0826-teimww:isWrittenBy>
      <p0826-teimww:person knoraType="link_value" linkType="ref" target="ww_5cb3d6fa23800e74"/>
    </p0826-teimww:isWrittenBy>
    <p0826-teimww:isWrittenBy>
      <p0826-teimww:person knoraType="link_value" linkType="ref" target="ww_c298754546b2500e"/>
    </p0826-teimww:isWrittenBy>
    <p0826-teimww:publishDate knoraType="date_value">GREGORIAN:1616:1616</p0826-teimww:publishDate>
    <p0826-teimww:title knoraType="richtext_value">A Fair Quarrel</p0826-teimww:title>
  </p0826-teimww:book>
  <p0826-teimww:book id="ww_1e8eac0ecb7f6a95">
    <knoraXmlImport:label>book label</knoraXmlImport:label>
    <p0826-teimww:bookInternalId knoraType="richtext_value">@001875</p0826-teimww:bookInternalId>
    <p0826-teimww:createdDate knoraType="date_value">GREGORIAN:1618:1618</p0826-teimww:createdDate>
    <p0826-teimww:edition knoraType="richtext_value">The Deuils Law-case. Or, When Women goe to Law, the Deuill is full of Businesse. A new Tragecomaedy. A true and perfect Copie from the Originall. As it was approouedly well Acted by her Maiesties Seruants. Written by Iohn Webster. London: A. M. for John Grismand, 1623.</p0826-teimww:edition>
    <p0826-teimww:hasLanguage knoraType="richtext_value">English</p0826-teimww:hasLanguage>
    <p0826-teimww:isWrittenBy>
      <p0826-teimww:person knoraType="link_value" linkType="ref" target="ww_9594c85bc48d3759"/>
    </p0826-teimww:isWrittenBy>
    <p0826-teimww:publishDate knoraType="date_value">GREGORIAN:1618:1618</p0826-teimww:publishDate>
    <p0826-teimww:title knoraType="richtext_value">The Devils Law-Case</p0826-teimww:title>
  </p0826-teimww:book>
  <p0826-teimww:book id="ww_6318ed97b9193504">
    <knoraXmlImport:label>book label</knoraXmlImport:label>
    <p0826-teimww:bookInternalId knoraType="richtext_value">@001883</p0826-teimww:bookInternalId>
    <p0826-teimww:createdDate knoraType="date_value">GREGORIAN:1619:1619</p0826-teimww:createdDate>
    <p0826-teimww:edition knoraType="richtext_value">The Fatall Dovvry, a Tragedy. As it hath beene often Acted at the Priuate House in Blackefryers, by his Maiesties Seruants. Written by P. M. and N. F. London: John Norton, for Francis Constable, 1632.</p0826-teimww:edition>
    <p0826-teimww:hasLanguage knoraType="richtext_value">English</p0826-teimww:hasLanguage>
    <p0826-teimww:isWrittenBy>
      <p0826-teimww:person knoraType="link_value" linkType="ref" target="ww_cbc2c3284144573a"/>
    </p0826-teimww:isWrittenBy>
    <p0826-teimww:isWrittenBy>
      <p0826-teimww:person knoraType="link_value" linkType="ref" target="ww_8926bbeaa7c56023"/>
    </p0826-teimww:isWrittenBy>
    <p0826-teimww:publishDate knoraType="date_value">GREGORIAN:1619:1619</p0826-teimww:publishDate>
    <p0826-teimww:title knoraType="richtext_value">The Fatal Dowry</p0826-teimww:title>
  </p0826-teimww:book>
  <p0826-teimww:book id="ww_21998f3517e8979a">
    <knoraXmlImport:label>book label</knoraXmlImport:label>
    <p0826-teimww:bookInternalId knoraType="richtext_value">@005557</p0826-teimww:bookInternalId>
    <p0826-teimww:createdDate knoraType="date_value">GREGORIAN:1619:1619</p0826-teimww:createdDate>
    <p0826-teimww:edition knoraType="richtext_value">The custome of the countrey. In Comedies and Tragedies Written by Francis Beaumont and Iohn Fletcher [...] Never printed before, And now published by the Authours Originall Copies. London: Humphrey Robinson and Humphrey Moseley, 1647.</p0826-teimww:edition>
    <p0826-teimww:hasLanguage knoraType="richtext_value">English</p0826-teimww:hasLanguage>
    <p0826-teimww:isWrittenBy>
      <p0826-teimww:person knoraType="link_value" linkType="ref" target="ww_cbc2c3284144573a"/>
    </p0826-teimww:isWrittenBy>
    <p0826-teimww:isWrittenBy>
      <p0826-teimww:person knoraType="link_value" linkType="ref" target="ww_3cc0cce5b6bf554a"/>
    </p0826-teimww:isWrittenBy>
    <p0826-teimww:publishDate knoraType="date_value">GREGORIAN:1619:1619</p0826-teimww:publishDate>
    <p0826-teimww:title knoraType="richtext_value">The Custom of the Country</p0826-teimww:title>
  </p0826-teimww:book>
  <p0826-teimww:book id="ww_e7c84f709b583d5f">
    <knoraXmlImport:label>book label</knoraXmlImport:label>
    <p0826-teimww:bookInternalId knoraType="richtext_value">@001957</p0826-teimww:bookInternalId>
    <p0826-teimww:createdDate knoraType="date_value">GREGORIAN:1620:1620</p0826-teimww:createdDate>
    <p0826-teimww:edition knoraType="richtext_value">The Dramatic Works of Thomas Dekker. Ed. F. Bowers. 4 vols. Cambridge: Cambridge University Press, 1955. Vol. 3, 365-468.</p0826-teimww:edition>
    <p0826-teimww:hasLanguage knoraType="richtext_value">English</p0826-teimww:hasLanguage>
    <p0826-teimww:isWrittenBy>
      <p0826-teimww:person knoraType="link_value" linkType="ref" target="ww_87dbd52f1c5b813b"/>
    </p0826-teimww:isWrittenBy>
    <p0826-teimww:isWrittenBy>
      <p0826-teimww:person knoraType="link_value" linkType="ref" target="ww_cbc2c3284144573a"/>
    </p0826-teimww:isWrittenBy>
    <p0826-teimww:publishDate knoraType="date_value">GREGORIAN:1620:1620</p0826-teimww:publishDate>
    <p0826-teimww:title knoraType="richtext_value">The Virgin Martyr</p0826-teimww:title>
  </p0826-teimww:book>
  <p0826-teimww:book id="ww_518300e10a2ce48a">
    <knoraXmlImport:label>book label</knoraXmlImport:label>
    <p0826-teimww:bookInternalId knoraType="richtext_value">@001950</p0826-teimww:bookInternalId>
    <p0826-teimww:createdDate knoraType="date_value">GREGORIAN:1620:1620</p0826-teimww:createdDate>
    <p0826-teimww:edition knoraType="richtext_value">The Collected Works. Eds. Gary Taylor and John Lavagnino. Oxford: Clarendon Press, 2007. 1448-1487.</p0826-teimww:edition>
    <p0826-teimww:hasLanguage knoraType="richtext_value">English</p0826-teimww:hasLanguage>
    <p0826-teimww:isWrittenBy>
      <p0826-teimww:person knoraType="link_value" linkType="ref" target="ww_c298754546b2500e"/>
    </p0826-teimww:isWrittenBy>
    <p0826-teimww:publishDate knoraType="date_value">GREGORIAN:1620:1620</p0826-teimww:publishDate>
    <p0826-teimww:title knoraType="richtext_value">The Mayor of Queenborough</p0826-teimww:title>
  </p0826-teimww:book>
  <p0826-teimww:book id="ww_a30bbb1b8d836e24">
    <knoraXmlImport:label>book label</knoraXmlImport:label>
    <p0826-teimww:bookInternalId knoraType="richtext_value">@003161</p0826-teimww:bookInternalId>
    <p0826-teimww:createdDate knoraType="date_value">GREGORIAN:1621:1621</p0826-teimww:createdDate>
    <p0826-teimww:edition knoraType="richtext_value">The Anatomy of Melancholy. Ed. Holbrook Jackson. New York: New York Review Books, 2001.</p0826-teimww:edition>
    <p0826-teimww:hasLanguage knoraType="richtext_value">English</p0826-teimww:hasLanguage>
    <p0826-teimww:isWrittenBy>
      <p0826-teimww:person knoraType="link_value" linkType="ref" target="ww_2d4add490de5218d"/>
    </p0826-teimww:isWrittenBy>
    <p0826-teimww:publishDate knoraType="date_value">GREGORIAN:1621:1621</p0826-teimww:publishDate>
    <p0826-teimww:title knoraType="richtext_value">Anatomy of Melancholy</p0826-teimww:title>
  </p0826-teimww:book>
  <p0826-teimww:book id="ww_ba414031d5e5f20b">
    <knoraXmlImport:label>book label</knoraXmlImport:label>
    <p0826-teimww:bookInternalId knoraType="richtext_value">@002013</p0826-teimww:bookInternalId>
    <p0826-teimww:createdDate knoraType="date_value">GREGORIAN:1622:1622</p0826-teimww:createdDate>
    <p0826-teimww:edition knoraType="richtext_value">Comedies and Tragedies Written by Francis Beaumont and Iohn Fletcher [...] Never printed before, And now published by the Authours Originall Copies. London: Humphrey Robinson and Humphrey Moseley, 1647.</p0826-teimww:edition>
    <p0826-teimww:hasLanguage knoraType="richtext_value">English</p0826-teimww:hasLanguage>
    <p0826-teimww:isWrittenBy>
      <p0826-teimww:person knoraType="link_value" linkType="ref" target="ww_cbc2c3284144573a"/>
    </p0826-teimww:isWrittenBy>
    <p0826-teimww:isWrittenBy>
      <p0826-teimww:person knoraType="link_value" linkType="ref" target="ww_3cc0cce5b6bf554a"/>
    </p0826-teimww:isWrittenBy>
    <p0826-teimww:publishDate knoraType="date_value">GREGORIAN:1622:1622</p0826-teimww:publishDate>
    <p0826-teimww:title knoraType="richtext_value">The prophetesse</p0826-teimww:title>
  </p0826-teimww:book>
  <p0826-teimww:book id="ww_791d02b9b4f75414">
    <knoraXmlImport:label>book label</knoraXmlImport:label>
    <p0826-teimww:bookInternalId knoraType="richtext_value">@002017</p0826-teimww:bookInternalId>
    <p0826-teimww:createdDate knoraType="date_value">GREGORIAN:1622:1622</p0826-teimww:createdDate>
    <p0826-teimww:edition knoraType="richtext_value">The wonder of A Kingdome. Written by Thomas Dekker. London: Robert Raworth for Nicholas Vavasour, 1636.</p0826-teimww:edition>
    <p0826-teimww:hasLanguage knoraType="richtext_value">English</p0826-teimww:hasLanguage>
    <p0826-teimww:isWrittenBy>
      <p0826-teimww:person knoraType="link_value" linkType="ref" target="ww_87dbd52f1c5b813b"/>
    </p0826-teimww:isWrittenBy>
    <p0826-teimww:publishDate knoraType="date_value">GREGORIAN:1622:1622</p0826-teimww:publishDate>
    <p0826-teimww:title knoraType="richtext_value">The Wonder of a Kingdom</p0826-teimww:title>
  </p0826-teimww:book>
  <p0826-teimww:book id="ww_da6c4be720d849ae">
    <knoraXmlImport:label>book label</knoraXmlImport:label>
    <p0826-teimww:bookInternalId knoraType="richtext_value">@002074</p0826-teimww:bookInternalId>
    <p0826-teimww:createdDate knoraType="date_value">GREGORIAN:1623:1623</p0826-teimww:createdDate>
    <p0826-teimww:edition knoraType="richtext_value">The Bond-Man. An Antient Storie. As it hath been often Acted with good allowance, at the Cock-pit in Drury-lane: by the most Excellent Princesse, the Lady Elizabeth her Seruants. Edw: Allde, for Iohn Harison [...] 1624.</p0826-teimww:edition>
    <p0826-teimww:hasLanguage knoraType="richtext_value">English</p0826-teimww:hasLanguage>
    <p0826-teimww:isWrittenBy>
      <p0826-teimww:person knoraType="link_value" linkType="ref" target="ww_cbc2c3284144573a"/>
    </p0826-teimww:isWrittenBy>
    <p0826-teimww:publishDate knoraType="date_value">GREGORIAN:1623:1623</p0826-teimww:publishDate>
    <p0826-teimww:title knoraType="richtext_value">The Noble Bondman</p0826-teimww:title>
  </p0826-teimww:book>
  <p0826-teimww:book id="ww_ead2e8abb60ac530">
    <knoraXmlImport:label>book label</knoraXmlImport:label>
    <p0826-teimww:bookInternalId knoraType="richtext_value">@002144</p0826-teimww:bookInternalId>
    <p0826-teimww:createdDate knoraType="date_value">GREGORIAN:1624:1624</p0826-teimww:createdDate>
    <p0826-teimww:edition knoraType="richtext_value">The Parliament of Love. Oxford: Oxford University Press, 1928.</p0826-teimww:edition>
    <p0826-teimww:hasLanguage knoraType="richtext_value">English</p0826-teimww:hasLanguage>
    <p0826-teimww:isWrittenBy>
      <p0826-teimww:person knoraType="link_value" linkType="ref" target="ww_cbc2c3284144573a"/>
    </p0826-teimww:isWrittenBy>
    <p0826-teimww:publishDate knoraType="date_value">GREGORIAN:1624:1624</p0826-teimww:publishDate>
    <p0826-teimww:title knoraType="richtext_value">The Parliament of Love</p0826-teimww:title>
  </p0826-teimww:book>
  <p0826-teimww:book id="ww_a3664b59bd3c46ae">
    <knoraXmlImport:label>book label</knoraXmlImport:label>
    <p0826-teimww:bookInternalId knoraType="richtext_value">@002139</p0826-teimww:bookInternalId>
    <p0826-teimww:createdDate knoraType="date_value">GREGORIAN:1624:1624</p0826-teimww:createdDate>
    <p0826-teimww:edition knoraType="richtext_value">The City-Night-Cap. Or, Crede quod habes &amp; habes. A Tragi-Comedy. London: James Cottrel for Samuel Speed, 1661.</p0826-teimww:edition>
    <p0826-teimww:hasLanguage knoraType="richtext_value">English</p0826-teimww:hasLanguage>
    <p0826-teimww:isWrittenBy>
      <p0826-teimww:person knoraType="link_value" linkType="ref" target="ww_6a8b2b14d4099ec9"/>
    </p0826-teimww:isWrittenBy>
    <p0826-teimww:publishDate knoraType="date_value">GREGORIAN:1624:1624</p0826-teimww:publishDate>
    <p0826-teimww:title knoraType="richtext_value">The City Nightcap</p0826-teimww:title>
  </p0826-teimww:book>
  <p0826-teimww:book id="ww_f619b6b1cf5ba6c8">
    <knoraXmlImport:label>book label</knoraXmlImport:label>
    <p0826-teimww:bookInternalId knoraType="richtext_value">@002186</p0826-teimww:bookInternalId>
    <p0826-teimww:createdDate knoraType="date_value">GREGORIAN:1626:1626</p0826-teimww:createdDate>
    <p0826-teimww:edition knoraType="richtext_value">The Complete Works of John Webster. Ed. F. L. Lucas. 4 vols. London: Chatto and Windus, 1927.</p0826-teimww:edition>
    <p0826-teimww:hasLanguage knoraType="richtext_value">English</p0826-teimww:hasLanguage>
    <p0826-teimww:isWrittenBy>
      <p0826-teimww:person knoraType="link_value" linkType="ref" target="ww_f10aec8cfe5ff90d"/>
    </p0826-teimww:isWrittenBy>
    <p0826-teimww:isWrittenBy>
      <p0826-teimww:person knoraType="link_value" linkType="ref" target="ww_9594c85bc48d3759"/>
    </p0826-teimww:isWrittenBy>
    <p0826-teimww:publishDate knoraType="date_value">GREGORIAN:1626:1626</p0826-teimww:publishDate>
    <p0826-teimww:title knoraType="richtext_value">Appius and Virginia</p0826-teimww:title>
  </p0826-teimww:book>
  <p0826-teimww:book id="ww_23f1e9365cf10239">
    <knoraXmlImport:label>book label</knoraXmlImport:label>
    <p0826-teimww:bookInternalId knoraType="richtext_value">@002179</p0826-teimww:bookInternalId>
    <p0826-teimww:createdDate knoraType="date_value">GREGORIAN:1626:1626</p0826-teimww:createdDate>
    <p0826-teimww:edition knoraType="richtext_value">The tragedy of Albovine, King of the Lombards: By William D'avenant. London: R. M., 1629.</p0826-teimww:edition>
    <p0826-teimww:hasLanguage knoraType="richtext_value">English</p0826-teimww:hasLanguage>
    <p0826-teimww:isWrittenBy>
      <p0826-teimww:person knoraType="link_value" linkType="ref" target="ww_d8f1d08e1ca080b7"/>
    </p0826-teimww:isWrittenBy>
    <p0826-teimww:publishDate knoraType="date_value">GREGORIAN:1626:1626</p0826-teimww:publishDate>
    <p0826-teimww:title knoraType="richtext_value">Albovine, King of the Lombards</p0826-teimww:title>
  </p0826-teimww:book>
  <p0826-teimww:book id="ww_c0565d6dc5476bc1">
    <knoraXmlImport:label>book label</knoraXmlImport:label>
    <p0826-teimww:bookInternalId knoraType="richtext_value">@002185</p0826-teimww:bookInternalId>
    <p0826-teimww:createdDate knoraType="date_value">GREGORIAN:1626:1626</p0826-teimww:createdDate>
    <p0826-teimww:edition knoraType="richtext_value">The Vnnatvrall Combat. A Tragedie. The Scaene Marsellis. Written by Philip Massinger. As it was presented by the Kings Majesties Servants at the Globe. London: E. G. for Iohn Waterson, 1639.</p0826-teimww:edition>
    <p0826-teimww:hasLanguage knoraType="richtext_value">English</p0826-teimww:hasLanguage>
    <p0826-teimww:isWrittenBy>
      <p0826-teimww:person knoraType="link_value" linkType="ref" target="ww_cbc2c3284144573a"/>
    </p0826-teimww:isWrittenBy>
    <p0826-teimww:publishDate knoraType="date_value">GREGORIAN:1626:1626</p0826-teimww:publishDate>
    <p0826-teimww:title knoraType="richtext_value">The Unnatural Combat</p0826-teimww:title>
  </p0826-teimww:book>
  <p0826-teimww:book id="ww_82dc5dad51a3f21d">
    <knoraXmlImport:label>book label</knoraXmlImport:label>
    <p0826-teimww:bookInternalId knoraType="richtext_value">@002190</p0826-teimww:bookInternalId>
    <p0826-teimww:createdDate knoraType="date_value">GREGORIAN:1626:1626</p0826-teimww:createdDate>
    <p0826-teimww:edition knoraType="richtext_value">The Roman Actor. A Tragaedie. As it hath diuers times beene, with good allowance Acted, at the private Play-house in the Black-Friers, by the Kings Majesties Servants. London: B. A. and T. F. for Robert Allot, 1629.</p0826-teimww:edition>
    <p0826-teimww:hasLanguage knoraType="richtext_value">English</p0826-teimww:hasLanguage>
    <p0826-teimww:isWrittenBy>
      <p0826-teimww:person knoraType="link_value" linkType="ref" target="ww_cbc2c3284144573a"/>
    </p0826-teimww:isWrittenBy>
    <p0826-teimww:publishDate knoraType="date_value">GREGORIAN:1626:1626</p0826-teimww:publishDate>
    <p0826-teimww:title knoraType="richtext_value">The Roman Actor</p0826-teimww:title>
  </p0826-teimww:book>
  <p0826-teimww:book id="ww_90e51c7d8dde43b0">
    <knoraXmlImport:label>book label</knoraXmlImport:label>
    <p0826-teimww:bookInternalId knoraType="richtext_value">@002172</p0826-teimww:bookInternalId>
    <p0826-teimww:createdDate knoraType="date_value">GREGORIAN:1626:1626</p0826-teimww:createdDate>
    <p0826-teimww:edition knoraType="richtext_value">Comedies and Tragedies Written by Francis Beaumont and Iohn Fletcher [...] Never printed before, And now published by the Authours Originall Copies. London: Humphrey Robinson and Humphrey Moseley, 1647. 27-45.</p0826-teimww:edition>
    <p0826-teimww:hasLanguage knoraType="richtext_value">English</p0826-teimww:hasLanguage>
    <p0826-teimww:isWrittenBy>
      <p0826-teimww:person knoraType="link_value" linkType="ref" target="ww_3cc0cce5b6bf554a"/>
    </p0826-teimww:isWrittenBy>
    <p0826-teimww:publishDate knoraType="date_value">GREGORIAN:1626:1626</p0826-teimww:publishDate>
    <p0826-teimww:title knoraType="richtext_value">The noble gentleman</p0826-teimww:title>
  </p0826-teimww:book>
  <p0826-teimww:book id="ww_0a181b40f9edb85e">
    <knoraXmlImport:label>book label</knoraXmlImport:label>
    <p0826-teimww:bookInternalId knoraType="richtext_value">@002202</p0826-teimww:bookInternalId>
    <p0826-teimww:createdDate knoraType="date_value">GREGORIAN:1627:1627</p0826-teimww:createdDate>
    <p0826-teimww:edition knoraType="richtext_value">The Crvell Brother. A Tragedy. As it was presented, at the priuate House, in the Blacke-Fryers: London: A. M. for John Waterson, 1630.</p0826-teimww:edition>
    <p0826-teimww:hasLanguage knoraType="richtext_value">HAS SEVERAL LEXIAS!</p0826-teimww:hasLanguage>
    <p0826-teimww:isWrittenBy>
      <p0826-teimww:person knoraType="link_value" linkType="ref" target="ww_d8f1d08e1ca080b7"/>
    </p0826-teimww:isWrittenBy>
    <p0826-teimww:publishDate knoraType="date_value">GREGORIAN:1627:1627</p0826-teimww:publishDate>
    <p0826-teimww:title knoraType="richtext_value">The Cruel Brother</p0826-teimww:title>
  </p0826-teimww:book>
  <p0826-teimww:book id="ww_4f3a6c946a2fcd1e">
    <knoraXmlImport:label>book label</knoraXmlImport:label>
    <p0826-teimww:bookInternalId knoraType="richtext_value">@002214</p0826-teimww:bookInternalId>
    <p0826-teimww:createdDate knoraType="date_value">GREGORIAN:1627:1627</p0826-teimww:createdDate>
    <p0826-teimww:edition knoraType="richtext_value">The Great Duke of Florence. A Comicall Historie. As it hath beene often presented with good allowance by her Maties Servants at the Phoenix in Drurie Lane. London: John Marriot, 1636.</p0826-teimww:edition>
    <p0826-teimww:hasLanguage knoraType="richtext_value">English</p0826-teimww:hasLanguage>
    <p0826-teimww:isWrittenBy>
      <p0826-teimww:person knoraType="link_value" linkType="ref" target="ww_cbc2c3284144573a"/>
    </p0826-teimww:isWrittenBy>
    <p0826-teimww:publishDate knoraType="date_value">GREGORIAN:1627:1627</p0826-teimww:publishDate>
    <p0826-teimww:title knoraType="richtext_value">The Great Duke of Florence</p0826-teimww:title>
  </p0826-teimww:book>
  <p0826-teimww:book id="ww_ac3676ebd4fd4919">
    <knoraXmlImport:label>book label</knoraXmlImport:label>
    <p0826-teimww:bookInternalId knoraType="richtext_value">@002260</p0826-teimww:bookInternalId>
    <p0826-teimww:createdDate knoraType="date_value">GREGORIAN:1628:1628</p0826-teimww:createdDate>
    <p0826-teimww:edition knoraType="richtext_value">The Vow Breaker. Or, The Faire Maide of Clifton. In Notinghamshire as it hath beene diuers times Acted by severall Companies with great applause. By William Sampson. London: John Norton for Roger Ball, 1636.</p0826-teimww:edition>
    <p0826-teimww:hasLanguage knoraType="richtext_value">English</p0826-teimww:hasLanguage>
    <p0826-teimww:isWrittenBy>
      <p0826-teimww:person knoraType="link_value" linkType="ref" target="ww_53c2f0bb43b1f960"/>
    </p0826-teimww:isWrittenBy>
    <p0826-teimww:publishDate knoraType="date_value">GREGORIAN:1628:1628</p0826-teimww:publishDate>
    <p0826-teimww:title knoraType="richtext_value">The Vow-Breaker</p0826-teimww:title>
  </p0826-teimww:book>
  <p0826-teimww:book id="ww_84a8155c55c3c1e2">
    <knoraXmlImport:label>book label</knoraXmlImport:label>
    <p0826-teimww:bookInternalId knoraType="richtext_value">@010009</p0826-teimww:bookInternalId>
    <p0826-teimww:edition knoraType="richtext_value">ed. William Sampson's The Vow-Breaker. Louvain: A. Uytpruyst, 1914.</p0826-teimww:edition>
    <p0826-teimww:isWrittenBy>
      <p0826-teimww:person knoraType="link_value" linkType="ref" target="ww_1d9ffbd1fde1bb58"/>
    </p0826-teimww:isWrittenBy>
    <p0826-teimww:title knoraType="richtext_value">The Vow-Breaker (Wallrath edition)</p0826-teimww:title>
  </p0826-teimww:book>
  <p0826-teimww:book id="ww_fde3a71f41183980">
    <knoraXmlImport:label>book label</knoraXmlImport:label>
    <p0826-teimww:bookInternalId knoraType="richtext_value">@002282</p0826-teimww:bookInternalId>
    <p0826-teimww:createdDate knoraType="date_value">GREGORIAN:1629:1629</p0826-teimww:createdDate>
    <p0826-teimww:edition knoraType="richtext_value">The Ivst Italian. London: Thomas Harper for John Waterson, 1630.</p0826-teimww:edition>
    <p0826-teimww:hasLanguage knoraType="richtext_value">English</p0826-teimww:hasLanguage>
    <p0826-teimww:isWrittenBy>
      <p0826-teimww:person knoraType="link_value" linkType="ref" target="ww_d8f1d08e1ca080b7"/>
    </p0826-teimww:isWrittenBy>
    <p0826-teimww:publishDate knoraType="date_value">GREGORIAN:1629:1629</p0826-teimww:publishDate>
    <p0826-teimww:title knoraType="richtext_value">The Just Italian</p0826-teimww:title>
  </p0826-teimww:book>
  <p0826-teimww:book id="ww_929a719a55a63af2">
    <knoraXmlImport:label>book label</knoraXmlImport:label>
    <p0826-teimww:bookInternalId knoraType="richtext_value">@002291</p0826-teimww:bookInternalId>
    <p0826-teimww:createdDate knoraType="date_value">GREGORIAN:1630:1630</p0826-teimww:createdDate>
    <p0826-teimww:edition knoraType="richtext_value">The Maid of Honovr. As it hath beene often presented with good allowance at the Phoenix in Drvrie-Lane, by the Queenes Majesties Servants. Written by Philip Massinger. London: I. B. for Robert Allot, 1632.</p0826-teimww:edition>
    <p0826-teimww:hasLanguage knoraType="richtext_value">English</p0826-teimww:hasLanguage>
    <p0826-teimww:isWrittenBy>
      <p0826-teimww:person knoraType="link_value" linkType="ref" target="ww_cbc2c3284144573a"/>
    </p0826-teimww:isWrittenBy>
    <p0826-teimww:publishDate knoraType="date_value">GREGORIAN:1630:1630</p0826-teimww:publishDate>
    <p0826-teimww:title knoraType="richtext_value">The Maid of Honour</p0826-teimww:title>
  </p0826-teimww:book>
  <p0826-teimww:book id="ww_800919bc37e2d114">
    <knoraXmlImport:label>book label</knoraXmlImport:label>
    <p0826-teimww:bookInternalId knoraType="richtext_value">@002320</p0826-teimww:bookInternalId>
    <p0826-teimww:createdDate knoraType="date_value">GREGORIAN:1630:1630</p0826-teimww:createdDate>
    <p0826-teimww:edition knoraType="richtext_value">The Fair Maid Of The West. Or, A Girle worth gold. The second part. As it was lately acted before the King and Queen, with approved liking. By the Queens Majesties Comedians. Written by T. H. London: Richard Royston, 1631.</p0826-teimww:edition>
    <p0826-teimww:hasLanguage knoraType="richtext_value">English</p0826-teimww:hasLanguage>
    <p0826-teimww:isWrittenBy>
      <p0826-teimww:person knoraType="link_value" linkType="ref" target="ww_f10aec8cfe5ff90d"/>
    </p0826-teimww:isWrittenBy>
    <p0826-teimww:publishDate knoraType="date_value">GREGORIAN:1630:1630</p0826-teimww:publishDate>
    <p0826-teimww:title knoraType="richtext_value">The Fair Maid of the West Part 2</p0826-teimww:title>
  </p0826-teimww:book>
  <p0826-teimww:book id="ww_f25717752145938c">
    <knoraXmlImport:label>book label</knoraXmlImport:label>
    <p0826-teimww:bookInternalId knoraType="richtext_value">@002338</p0826-teimww:bookInternalId>
    <p0826-teimww:createdDate knoraType="date_value">GREGORIAN:1631:1631</p0826-teimww:createdDate>
    <p0826-teimww:edition knoraType="richtext_value">Believe as you List. By Philip Massinger. Oxford: Oxford University Press, 1927.</p0826-teimww:edition>
    <p0826-teimww:hasLanguage knoraType="richtext_value">English</p0826-teimww:hasLanguage>
    <p0826-teimww:isWrittenBy>
      <p0826-teimww:person knoraType="link_value" linkType="ref" target="ww_cbc2c3284144573a"/>
    </p0826-teimww:isWrittenBy>
    <p0826-teimww:publishDate knoraType="date_value">GREGORIAN:1631:1631</p0826-teimww:publishDate>
    <p0826-teimww:title knoraType="richtext_value">Believe as You List</p0826-teimww:title>
  </p0826-teimww:book>
  <p0826-teimww:book id="ww_485a54b3b41dff9b">
    <knoraXmlImport:label>book label</knoraXmlImport:label>
    <p0826-teimww:bookInternalId knoraType="richtext_value">@002333</p0826-teimww:bookInternalId>
    <p0826-teimww:createdDate knoraType="date_value">GREGORIAN:1631:1631</p0826-teimww:createdDate>
    <p0826-teimww:edition knoraType="richtext_value">The Emperovr of the East. A Tragae-Comoedie. The Scaene Constantinople. As it hath bene diuers times acted, at the Blackfriers, and Globe Play-houses, by the Kings Maiesties Seruants. Written by Philip Massinger. London: Thomas Harper for John Waterson, 1632.</p0826-teimww:edition>
    <p0826-teimww:hasLanguage knoraType="richtext_value">English</p0826-teimww:hasLanguage>
    <p0826-teimww:isWrittenBy>
      <p0826-teimww:person knoraType="link_value" linkType="ref" target="ww_cbc2c3284144573a"/>
    </p0826-teimww:isWrittenBy>
    <p0826-teimww:publishDate knoraType="date_value">GREGORIAN:1631:1631</p0826-teimww:publishDate>
    <p0826-teimww:title knoraType="richtext_value">The Emperor of the East</p0826-teimww:title>
  </p0826-teimww:book>
  <p0826-teimww:book id="ww_cf1407d337262e2b">
    <knoraXmlImport:label>book label</knoraXmlImport:label>
    <p0826-teimww:bookInternalId knoraType="richtext_value">@002365</p0826-teimww:bookInternalId>
    <p0826-teimww:createdDate knoraType="date_value">GREGORIAN:1632:1632</p0826-teimww:createdDate>
    <p0826-teimww:edition knoraType="richtext_value">The Jealous Lovers. A Comedie presented to their gracious Majesties at Cambridge, by the Students of Trinity-Colledge. Cambridge: University Printers, 1632.</p0826-teimww:edition>
    <p0826-teimww:hasLanguage knoraType="richtext_value">English</p0826-teimww:hasLanguage>
    <p0826-teimww:isWrittenBy>
      <p0826-teimww:person knoraType="link_value" linkType="ref" target="ww_96f70a96968da33d"/>
    </p0826-teimww:isWrittenBy>
    <p0826-teimww:publishDate knoraType="date_value">GREGORIAN:1632:1632</p0826-teimww:publishDate>
    <p0826-teimww:title knoraType="richtext_value">The Jealous Lovers</p0826-teimww:title>
  </p0826-teimww:book>
  <p0826-teimww:book id="ww_2a002aad2fdee000">
    <knoraXmlImport:label>book label</knoraXmlImport:label>
    <p0826-teimww:bookInternalId knoraType="richtext_value">@001111</p0826-teimww:bookInternalId>
    <p0826-teimww:createdDate knoraType="date_value">GREGORIAN:1633:1633</p0826-teimww:createdDate>
    <p0826-teimww:edition knoraType="richtext_value">Klinike. Or the Diet of the Diseased. London: John Beal for Robert Allot, 1633.</p0826-teimww:edition>
    <p0826-teimww:hasLanguage knoraType="richtext_value">English</p0826-teimww:hasLanguage>
    <p0826-teimww:isWrittenBy>
      <p0826-teimww:person knoraType="link_value" linkType="ref" target="ww_a7bda6e4ea9d6266"/>
    </p0826-teimww:isWrittenBy>
    <p0826-teimww:publishDate knoraType="date_value">GREGORIAN:1633:1633</p0826-teimww:publishDate>
    <p0826-teimww:title knoraType="richtext_value">Klinike</p0826-teimww:title>
  </p0826-teimww:book>
  <p0826-teimww:book id="ww_c8ca0bdc1413defb">
    <knoraXmlImport:label>book label</knoraXmlImport:label>
    <p0826-teimww:bookInternalId knoraType="richtext_value">@002412</p0826-teimww:bookInternalId>
    <p0826-teimww:createdDate knoraType="date_value">GREGORIAN:1633:1633</p0826-teimww:createdDate>
    <p0826-teimww:edition knoraType="richtext_value">The Fatal Contract, A French Tragedy. As it was Acted vvith great Applause by her Majesties Servants. Written by William Hemings [...]. Printed by the Original Copy. London: J. M., 1653.</p0826-teimww:edition>
    <p0826-teimww:hasLanguage knoraType="richtext_value">English</p0826-teimww:hasLanguage>
    <p0826-teimww:isWrittenBy>
      <p0826-teimww:person knoraType="link_value" linkType="ref" target="ww_e97f8919dc99b209"/>
    </p0826-teimww:isWrittenBy>
    <p0826-teimww:publishDate knoraType="date_value">GREGORIAN:1633:1633</p0826-teimww:publishDate>
    <p0826-teimww:title knoraType="richtext_value">The Fatal Contract</p0826-teimww:title>
  </p0826-teimww:book>
  <p0826-teimww:book id="ww_5868d5560bdfc062">
    <knoraXmlImport:label>book label</knoraXmlImport:label>
    <p0826-teimww:bookInternalId knoraType="richtext_value">@010083</p0826-teimww:bookInternalId>
    <p0826-teimww:edition knoraType="richtext_value">Modern Philology 12:1 (May, 1914): 51-64.</p0826-teimww:edition>
    <p0826-teimww:isWrittenBy>
      <p0826-teimww:person knoraType="link_value" linkType="ref" target="ww_b32bc514b340f073"/>
    </p0826-teimww:isWrittenBy>
    <p0826-teimww:title knoraType="richtext_value">William Heminge and Shakespeare</p0826-teimww:title>
  </p0826-teimww:book>
  <p0826-teimww:book id="ww_e04a109f879d52d9">
    <knoraXmlImport:label>book label</knoraXmlImport:label>
    <p0826-teimww:bookInternalId knoraType="richtext_value">@002410</p0826-teimww:bookInternalId>
    <p0826-teimww:createdDate knoraType="date_value">GREGORIAN:1633:1633</p0826-teimww:createdDate>
    <p0826-teimww:edition knoraType="richtext_value">The young admirall. As it vvas presented by her Majesties Servants, at the private house in Drury Lane. Written by James Shirly. London: Thomas Cotes for Andrew Crooke and William Cooke, 1637.</p0826-teimww:edition>
    <p0826-teimww:hasLanguage knoraType="richtext_value">English</p0826-teimww:hasLanguage>
    <p0826-teimww:isWrittenBy>
      <p0826-teimww:person knoraType="link_value" linkType="ref" target="ww_68dae2dd3ee5eaa3"/>
    </p0826-teimww:isWrittenBy>
    <p0826-teimww:publishDate knoraType="date_value">GREGORIAN:1633:1633</p0826-teimww:publishDate>
    <p0826-teimww:title knoraType="richtext_value">The Young Admiral</p0826-teimww:title>
  </p0826-teimww:book>
  <p0826-teimww:book id="ww_3099d6a308853605">
    <knoraXmlImport:label>book label</knoraXmlImport:label>
    <p0826-teimww:bookInternalId knoraType="richtext_value">@005002</p0826-teimww:bookInternalId>
    <p0826-teimww:createdDate knoraType="date_value">GREGORIAN:1633:1633</p0826-teimww:createdDate>
    <p0826-teimww:edition knoraType="richtext_value">A Commentary or Exposition Upon The Divine Second Epistle General Written by the Blessed Apostle St. Peter. London: Jacob Bloome, 1633.</p0826-teimww:edition>
    <p0826-teimww:hasLanguage knoraType="richtext_value">English</p0826-teimww:hasLanguage>
    <p0826-teimww:isWrittenBy>
      <p0826-teimww:person knoraType="link_value" linkType="ref" target="ww_6caa1b04d6f95548"/>
    </p0826-teimww:isWrittenBy>
    <p0826-teimww:publishDate knoraType="date_value">GREGORIAN:1633:1633</p0826-teimww:publishDate>
    <p0826-teimww:title knoraType="richtext_value">A Commentary, or Exposition</p0826-teimww:title>
  </p0826-teimww:book>
  <p0826-teimww:book id="ww_c8f5dee9c32a4636">
    <knoraXmlImport:label>book label</knoraXmlImport:label>
    <p0826-teimww:bookInternalId knoraType="richtext_value">@010107</p0826-teimww:bookInternalId>
    <p0826-teimww:edition knoraType="richtext_value">DLCPP - Digital Library of Classic Protestant Texts. http://solomon.tcpt.alexanderstreet.com. </p0826-teimww:edition>
    <p0826-teimww:isWrittenBy>
      <p0826-teimww:person knoraType="link_value" linkType="ref" target="ww_212c78497ddc32c5"/>
    </p0826-teimww:isWrittenBy>
    <p0826-teimww:title knoraType="richtext_value">DLCPP - Digital Library of Classic Protestant Text</p0826-teimww:title>
  </p0826-teimww:book>
  <p0826-teimww:book id="ww_f1d46e7ae80368bd">
    <knoraXmlImport:label>book label</knoraXmlImport:label>
    <p0826-teimww:bookInternalId knoraType="richtext_value">@002417</p0826-teimww:bookInternalId>
    <p0826-teimww:createdDate knoraType="date_value">GREGORIAN:1633:1633</p0826-teimww:createdDate>
    <p0826-teimww:edition knoraType="richtext_value">Three New Playes; Viz The Bashful Lover. The Guardian, The Very Woman. As they have been often Acted at the Private-House in Black-Friers, by His late Majesties Servants, with great Applause. Written By Philip Massenger. Never Printed before. London: Humphrey Moseley, 1655. 1-93.</p0826-teimww:edition>
    <p0826-teimww:hasLanguage knoraType="richtext_value">English</p0826-teimww:hasLanguage>
    <p0826-teimww:isWrittenBy>
      <p0826-teimww:person knoraType="link_value" linkType="ref" target="ww_cbc2c3284144573a"/>
    </p0826-teimww:isWrittenBy>
    <p0826-teimww:publishDate knoraType="date_value">GREGORIAN:1633:1633</p0826-teimww:publishDate>
    <p0826-teimww:title knoraType="richtext_value">The guardian</p0826-teimww:title>
  </p0826-teimww:book>
  <p0826-teimww:book id="ww_d35dc820f15d3e44">
    <knoraXmlImport:label>book label</knoraXmlImport:label>
    <p0826-teimww:bookInternalId knoraType="richtext_value">@005107</p0826-teimww:bookInternalId>
    <p0826-teimww:createdDate knoraType="date_value">GREGORIAN:1633:1633</p0826-teimww:createdDate>
    <p0826-teimww:edition knoraType="richtext_value">The philosophers banquet [...]. Newly corrected and inlarged, to almost as much more. By W. B. Esquire. London: [John Beale] for Nicholas Vavasour, 1633.</p0826-teimww:edition>
    <p0826-teimww:hasLanguage knoraType="richtext_value">English</p0826-teimww:hasLanguage>
    <p0826-teimww:isWrittenBy>
      <p0826-teimww:person knoraType="link_value" linkType="ref" target="ww_87547eb3eadc52d8"/>
    </p0826-teimww:isWrittenBy>
    <p0826-teimww:isWrittenBy>
      <p0826-teimww:person knoraType="link_value" linkType="ref" target="ww_e92e9dc9d65ade56"/>
    </p0826-teimww:isWrittenBy>
    <p0826-teimww:publishDate knoraType="date_value">GREGORIAN:1633:1633</p0826-teimww:publishDate>
    <p0826-teimww:title knoraType="richtext_value">The Philosophers Banquet, Third Edition</p0826-teimww:title>
  </p0826-teimww:book>
  <p0826-teimww:book id="ww_d5382e88160d5533">
    <knoraXmlImport:label>book label</knoraXmlImport:label>
    <p0826-teimww:bookInternalId knoraType="richtext_value">@002453</p0826-teimww:bookInternalId>
    <p0826-teimww:createdDate knoraType="date_value">GREGORIAN:1634:1634</p0826-teimww:createdDate>
    <p0826-teimww:edition knoraType="richtext_value">Love And Honovr. Written by W. Davenant. London: Hum, 1649.</p0826-teimww:edition>
    <p0826-teimww:hasLanguage knoraType="richtext_value">English</p0826-teimww:hasLanguage>
    <p0826-teimww:isWrittenBy>
      <p0826-teimww:person knoraType="link_value" linkType="ref" target="ww_d8f1d08e1ca080b7"/>
    </p0826-teimww:isWrittenBy>
    <p0826-teimww:publishDate knoraType="date_value">GREGORIAN:1634:1634</p0826-teimww:publishDate>
    <p0826-teimww:title knoraType="richtext_value">Love and Honour</p0826-teimww:title>
  </p0826-teimww:book>
  <p0826-teimww:book id="ww_523948c4964405e9">
    <knoraXmlImport:label>book label</knoraXmlImport:label>
    <p0826-teimww:bookInternalId knoraType="richtext_value">@002437</p0826-teimww:bookInternalId>
    <p0826-teimww:createdDate knoraType="date_value">GREGORIAN:1634:1634</p0826-teimww:createdDate>
    <p0826-teimww:edition knoraType="richtext_value">The Example. As It VVas Presented by her Majesties Servants At the private-House in Drury-Lane. London: john Norton for Andrew and William Cooke 1637.</p0826-teimww:edition>
    <p0826-teimww:hasLanguage knoraType="richtext_value">English</p0826-teimww:hasLanguage>
    <p0826-teimww:isWrittenBy>
      <p0826-teimww:person knoraType="link_value" linkType="ref" target="ww_68dae2dd3ee5eaa3"/>
    </p0826-teimww:isWrittenBy>
    <p0826-teimww:publishDate knoraType="date_value">GREGORIAN:1634:1634</p0826-teimww:publishDate>
    <p0826-teimww:title knoraType="richtext_value">The Example</p0826-teimww:title>
  </p0826-teimww:book>
  <p0826-teimww:book id="ww_e798efc53c0d661b">
    <knoraXmlImport:label>book label</knoraXmlImport:label>
    <p0826-teimww:bookInternalId knoraType="richtext_value">@002519</p0826-teimww:bookInternalId>
    <p0826-teimww:createdDate knoraType="date_value">GREGORIAN:1635:1635</p0826-teimww:createdDate>
    <p0826-teimww:edition knoraType="richtext_value">The Platonick Lovers. London: Richard Meighen, 1636.</p0826-teimww:edition>
    <p0826-teimww:hasLanguage knoraType="richtext_value">English</p0826-teimww:hasLanguage>
    <p0826-teimww:isWrittenBy>
      <p0826-teimww:person knoraType="link_value" linkType="ref" target="ww_d8f1d08e1ca080b7"/>
    </p0826-teimww:isWrittenBy>
    <p0826-teimww:publishDate knoraType="date_value">GREGORIAN:1635:1635</p0826-teimww:publishDate>
    <p0826-teimww:title knoraType="richtext_value">The Platonic Lovers</p0826-teimww:title>
  </p0826-teimww:book>
  <p0826-teimww:book id="ww_f820be86ce1c69cf">
    <knoraXmlImport:label>book label</knoraXmlImport:label>
    <p0826-teimww:bookInternalId knoraType="richtext_value">@002515</p0826-teimww:bookInternalId>
    <p0826-teimww:createdDate knoraType="date_value">GREGORIAN:1635:1635</p0826-teimww:createdDate>
    <p0826-teimww:edition knoraType="richtext_value">The Lady Of Pleasvre. A Comedie, As it was Acted by her Majesties Servants, at the private House in Drury Lane. Written by Iames Shirly. London: Thomas Cotes for Andrew Crooke and William Cooke, 1637.</p0826-teimww:edition>
    <p0826-teimww:hasLanguage knoraType="richtext_value">English</p0826-teimww:hasLanguage>
    <p0826-teimww:isWrittenBy>
      <p0826-teimww:person knoraType="link_value" linkType="ref" target="ww_68dae2dd3ee5eaa3"/>
    </p0826-teimww:isWrittenBy>
    <p0826-teimww:publishDate knoraType="date_value">GREGORIAN:1635:1635</p0826-teimww:publishDate>
    <p0826-teimww:title knoraType="richtext_value">The Lady of Pleasure</p0826-teimww:title>
  </p0826-teimww:book>
  <p0826-teimww:book id="ww_f600369619d836c6">
    <knoraXmlImport:label>book label</knoraXmlImport:label>
    <p0826-teimww:bookInternalId knoraType="richtext_value">@005056</p0826-teimww:bookInternalId>
    <p0826-teimww:createdDate knoraType="date_value">GREGORIAN:1635:1635</p0826-teimww:createdDate>
    <p0826-teimww:edition knoraType="richtext_value">The femall glory: or, The life, and death of our Blessed Lady, the holy Virgin Mary, Gods owne immaculate mother to whose sacred memory the author dedicates these his humble endeavours. A treatise worthy the reading, and meditation of all modest women, who live under the government of vertue, and are obedient to her lawes. By Anth. Stafford, Gent. London: Thomas Harper for John Waterson, 1635.</p0826-teimww:edition>
    <p0826-teimww:hasLanguage knoraType="richtext_value">English</p0826-teimww:hasLanguage>
    <p0826-teimww:isWrittenBy>
      <p0826-teimww:person knoraType="link_value" linkType="ref" target="ww_edc1093f53e0bc8a"/>
    </p0826-teimww:isWrittenBy>
    <p0826-teimww:publishDate knoraType="date_value">GREGORIAN:1635:1635</p0826-teimww:publishDate>
    <p0826-teimww:title knoraType="richtext_value">The Female Glory</p0826-teimww:title>
  </p0826-teimww:book>
  <p0826-teimww:book id="ww_cd047776ecc0f21c">
    <knoraXmlImport:label>book label</knoraXmlImport:label>
    <p0826-teimww:bookInternalId knoraType="richtext_value">@002472</p0826-teimww:bookInternalId>
    <p0826-teimww:createdDate knoraType="date_value">GREGORIAN:1635:1635</p0826-teimww:createdDate>
    <p0826-teimww:edition knoraType="richtext_value">Nathaniel Richard's Tragedy of Messallina the Roman Emperesse. Ed. Arthur Rowland Skemp. Louvain: A. Uystpruyst, 1910.</p0826-teimww:edition>
    <p0826-teimww:hasLanguage knoraType="richtext_value">English</p0826-teimww:hasLanguage>
    <p0826-teimww:isWrittenBy>
      <p0826-teimww:person knoraType="link_value" linkType="ref" target="ww_7179a7437437988e"/>
    </p0826-teimww:isWrittenBy>
    <p0826-teimww:publishDate knoraType="date_value">GREGORIAN:1635:1635</p0826-teimww:publishDate>
    <p0826-teimww:title knoraType="richtext_value">The Tragedy of Messalina</p0826-teimww:title>
  </p0826-teimww:book>
  <p0826-teimww:book id="ww_5603853ee308e6b5">
    <knoraXmlImport:label>book label</knoraXmlImport:label>
    <p0826-teimww:bookInternalId knoraType="richtext_value">@010015</p0826-teimww:bookInternalId>
    <p0826-teimww:edition knoraType="richtext_value">ed. Nathanael Richards' tragedy of Messallina the Roman emperesse. Louvain: A. Uystpruyst, 1910. </p0826-teimww:edition>
    <p0826-teimww:isWrittenBy>
      <p0826-teimww:person knoraType="link_value" linkType="ref" target="ww_0fbb6e273519df06"/>
    </p0826-teimww:isWrittenBy>
    <p0826-teimww:title knoraType="richtext_value">Tragedy of Messallina (Skemp edition)</p0826-teimww:title>
  </p0826-teimww:book>
  <p0826-teimww:book id="ww_d67aa0d57e6ca1d5">
    <knoraXmlImport:label>book label</knoraXmlImport:label>
    <p0826-teimww:bookInternalId knoraType="richtext_value">@005673</p0826-teimww:bookInternalId>
    <p0826-teimww:createdDate knoraType="date_value">GREGORIAN:1638:1638</p0826-teimww:createdDate>
    <p0826-teimww:edition knoraType="richtext_value">The drunkard's character. Or, A true drunkard with such sinnes as raigne in him: viz. pride. Ignorance. Enmity. Atheisme. Idlenesse. Adultery. Murther. with many the like. Lively set forth in their colours. Together with Compleat armour against evill society. The which may serve also for a common-place-booke of the most usuall sinnes. By R. Iunius. London: R. Badger for G. Latham, 1638.</p0826-teimww:edition>
    <p0826-teimww:hasLanguage knoraType="richtext_value">English</p0826-teimww:hasLanguage>
    <p0826-teimww:isWrittenBy>
      <p0826-teimww:person knoraType="link_value" linkType="ref" target="ww_33fc0870e5a0fbcf"/>
    </p0826-teimww:isWrittenBy>
    <p0826-teimww:publishDate knoraType="date_value">GREGORIAN:1638:1638</p0826-teimww:publishDate>
    <p0826-teimww:title knoraType="richtext_value">The Drunkards Character</p0826-teimww:title>
  </p0826-teimww:book>
  <p0826-teimww:book id="ww_fca85ff87c98f237">
    <knoraXmlImport:label>book label</knoraXmlImport:label>
    <p0826-teimww:bookInternalId knoraType="richtext_value">@002634</p0826-teimww:bookInternalId>
    <p0826-teimww:createdDate knoraType="date_value">GREGORIAN:1638:1638</p0826-teimww:createdDate>
    <p0826-teimww:edition knoraType="richtext_value">Sicily and Naples, or, the Fatall Vnion. A Tragoedy. By S. H. Oxford: William Turner: 1640.</p0826-teimww:edition>
    <p0826-teimww:hasLanguage knoraType="richtext_value">English</p0826-teimww:hasLanguage>
    <p0826-teimww:isWrittenBy>
      <p0826-teimww:person knoraType="link_value" linkType="ref" target="ww_296a7b9f6d21cde7"/>
    </p0826-teimww:isWrittenBy>
    <p0826-teimww:publishDate knoraType="date_value">GREGORIAN:1638:1638</p0826-teimww:publishDate>
    <p0826-teimww:title knoraType="richtext_value">Sicily and Naples - The Fatal Union</p0826-teimww:title>
  </p0826-teimww:book>
  <p0826-teimww:book id="ww_08a130e81db8a98f">
    <knoraXmlImport:label>book label</knoraXmlImport:label>
    <p0826-teimww:bookInternalId knoraType="richtext_value">@010059</p0826-teimww:bookInternalId>
    <p0826-teimww:edition knoraType="richtext_value">Notes and Queries April 220 (1975): 175.</p0826-teimww:edition>
    <p0826-teimww:isWrittenBy>
      <p0826-teimww:person knoraType="link_value" linkType="ref" target="ww_c1bd14552f609afe"/>
    </p0826-teimww:isWrittenBy>
    <p0826-teimww:title knoraType="richtext_value">Three Shakespearean Echoes</p0826-teimww:title>
  </p0826-teimww:book>
  <p0826-teimww:book id="ww_642b2e2b3af470fd">
    <knoraXmlImport:label>book label</knoraXmlImport:label>
    <p0826-teimww:bookInternalId knoraType="richtext_value">@002666</p0826-teimww:bookInternalId>
    <p0826-teimww:createdDate knoraType="date_value">GREGORIAN:1638:1638</p0826-teimww:createdDate>
    <p0826-teimww:edition knoraType="richtext_value">The Fair Favourite. London: T. N. for Henry Herringman, 1673.</p0826-teimww:edition>
    <p0826-teimww:hasLanguage knoraType="richtext_value">English</p0826-teimww:hasLanguage>
    <p0826-teimww:isWrittenBy>
      <p0826-teimww:person knoraType="link_value" linkType="ref" target="ww_d8f1d08e1ca080b7"/>
    </p0826-teimww:isWrittenBy>
    <p0826-teimww:publishDate knoraType="date_value">GREGORIAN:1638:1638</p0826-teimww:publishDate>
    <p0826-teimww:title knoraType="richtext_value">The Fair Favourite</p0826-teimww:title>
  </p0826-teimww:book>
  <p0826-teimww:book id="ww_c354c8aa7bc6d63e">
    <knoraXmlImport:label>book label</knoraXmlImport:label>
    <p0826-teimww:bookInternalId knoraType="richtext_value">@002592</p0826-teimww:bookInternalId>
    <p0826-teimww:createdDate knoraType="date_value">GREGORIAN:1638:1638</p0826-teimww:createdDate>
    <p0826-teimww:edition knoraType="richtext_value">Fragmenta avrea. A Collection of all the Incomparable Peeces, written by Sir John Svckling. And published by a Friend to perpetuate his memory. Printed by his owne Copies. London: Humphrey Moseley, 1646.</p0826-teimww:edition>
    <p0826-teimww:hasLanguage knoraType="richtext_value">English</p0826-teimww:hasLanguage>
    <p0826-teimww:isWrittenBy>
      <p0826-teimww:person knoraType="link_value" linkType="ref" target="ww_bae7c2e690c9caaa"/>
    </p0826-teimww:isWrittenBy>
    <p0826-teimww:publishDate knoraType="date_value">GREGORIAN:1638:1638</p0826-teimww:publishDate>
    <p0826-teimww:title knoraType="richtext_value">The Goblins. A Comedy</p0826-teimww:title>
  </p0826-teimww:book>
  <p0826-teimww:book id="ww_3f5747bce6d798fe">
    <knoraXmlImport:label>book label</knoraXmlImport:label>
    <p0826-teimww:bookInternalId knoraType="richtext_value">@002824</p0826-teimww:bookInternalId>
    <p0826-teimww:createdDate knoraType="date_value">GREGORIAN:1642:1642</p0826-teimww:createdDate>
    <p0826-teimww:edition knoraType="richtext_value">The Plays of George Chapman. Ed. Thomas Marc Parrott. 4 vols. New York: Russell and Russell, 1961. The Tragedies, Vol. 2, 475-538.</p0826-teimww:edition>
    <p0826-teimww:hasLanguage knoraType="richtext_value">English</p0826-teimww:hasLanguage>
    <p0826-teimww:isWrittenBy>
      <p0826-teimww:person knoraType="link_value" linkType="ref" target="ww_8501ec457f433848"/>
    </p0826-teimww:isWrittenBy>
    <p0826-teimww:isWrittenBy>
      <p0826-teimww:person knoraType="link_value" linkType="ref" target="ww_6f4a80592c6c793c"/>
    </p0826-teimww:isWrittenBy>
    <p0826-teimww:publishDate knoraType="date_value">GREGORIAN:1642:1642</p0826-teimww:publishDate>
    <p0826-teimww:title knoraType="richtext_value">Revenge for Honour: A Tragedy</p0826-teimww:title>
  </p0826-teimww:book>
  <p0826-teimww:book id="ww_faab680e79f823c3">
    <knoraXmlImport:label>book label</knoraXmlImport:label>
    <p0826-teimww:bookInternalId knoraType="richtext_value">@005215</p0826-teimww:bookInternalId>
    <p0826-teimww:createdDate knoraType="date_value">GREGORIAN:1650:1650</p0826-teimww:createdDate>
    <p0826-teimww:edition knoraType="richtext_value">Comedies, and Tragedies. Written by Thomas Killigrew, Page of Honour to King Charles the First and Groom of the Bed Chamber to King Charles the Second]. London: Henry Herringman [...], 1664. 465-516.</p0826-teimww:edition>
    <p0826-teimww:hasLanguage knoraType="richtext_value">English</p0826-teimww:hasLanguage>
    <p0826-teimww:isWrittenBy>
      <p0826-teimww:person knoraType="link_value" linkType="ref" target="ww_da5a5f8bc94ad571"/>
    </p0826-teimww:isWrittenBy>
    <p0826-teimww:publishDate knoraType="date_value">GREGORIAN:1650:1650</p0826-teimww:publishDate>
    <p0826-teimww:title knoraType="richtext_value">Bellamira her dream, part I</p0826-teimww:title>
  </p0826-teimww:book>
  <p0826-teimww:book id="ww_4ec990bf4885faf0">
    <knoraXmlImport:label>book label</knoraXmlImport:label>
    <p0826-teimww:bookInternalId knoraType="richtext_value">@005216</p0826-teimww:bookInternalId>
    <p0826-teimww:createdDate knoraType="date_value">GREGORIAN:1650:1650</p0826-teimww:createdDate>
    <p0826-teimww:edition knoraType="richtext_value">Comedies, and Tragedies. Written by Thomas Killigrew, Page of Honour to King Charles the First and Groom of the Bed Chamber to King Charles the Second. London: Henry Herringman [...], 1664. 216-284.</p0826-teimww:edition>
    <p0826-teimww:hasLanguage knoraType="richtext_value">English</p0826-teimww:hasLanguage>
    <p0826-teimww:isWrittenBy>
      <p0826-teimww:person knoraType="link_value" linkType="ref" target="ww_da5a5f8bc94ad571"/>
    </p0826-teimww:isWrittenBy>
    <p0826-teimww:publishDate knoraType="date_value">GREGORIAN:1650:1650</p0826-teimww:publishDate>
    <p0826-teimww:title knoraType="richtext_value">Cicilia and Clorinda, part I</p0826-teimww:title>
  </p0826-teimww:book>
  <p0826-teimww:book id="ww_302fb9237874258f">
    <knoraXmlImport:label>book label</knoraXmlImport:label>
    <p0826-teimww:bookInternalId knoraType="richtext_value">@005217</p0826-teimww:bookInternalId>
    <p0826-teimww:createdDate knoraType="date_value">GREGORIAN:1652:1652</p0826-teimww:createdDate>
    <p0826-teimww:edition knoraType="richtext_value">The Just General. A Tragi-Comedy. London: G. Bedell et al., 1652.</p0826-teimww:edition>
    <p0826-teimww:hasLanguage knoraType="richtext_value">English</p0826-teimww:hasLanguage>
    <p0826-teimww:isWrittenBy>
      <p0826-teimww:person knoraType="link_value" linkType="ref" target="ww_cce3785f9f0b7c67"/>
    </p0826-teimww:isWrittenBy>
    <p0826-teimww:publishDate knoraType="date_value">GREGORIAN:1652:1652</p0826-teimww:publishDate>
    <p0826-teimww:title knoraType="richtext_value">The Just General</p0826-teimww:title>
  </p0826-teimww:book>
  <p0826-teimww:book id="ww_2774c07140c40620">
    <knoraXmlImport:label>book label</knoraXmlImport:label>
    <p0826-teimww:bookInternalId knoraType="richtext_value">@005228</p0826-teimww:bookInternalId>
    <p0826-teimww:createdDate knoraType="date_value">GREGORIAN:1655:1655</p0826-teimww:createdDate>
    <p0826-teimww:edition knoraType="richtext_value">A Brother's Murder. Sheldwich: Lees Court, 1655.</p0826-teimww:edition>
    <p0826-teimww:hasLanguage knoraType="richtext_value">English</p0826-teimww:hasLanguage>
    <p0826-teimww:isWrittenBy>
      <p0826-teimww:person knoraType="link_value" linkType="ref" target="ww_56af0f484de673fe"/>
    </p0826-teimww:isWrittenBy>
    <p0826-teimww:publishDate knoraType="date_value">GREGORIAN:1655:1655</p0826-teimww:publishDate>
    <p0826-teimww:title knoraType="richtext_value">A Brothers Murder</p0826-teimww:title>
  </p0826-teimww:book>
  <p0826-teimww:book id="ww_73cdd390f6e92cbe">
    <knoraXmlImport:label>book label</knoraXmlImport:label>
    <p0826-teimww:bookInternalId knoraType="richtext_value">@010132</p0826-teimww:bookInternalId>
    <p0826-teimww:edition knoraType="richtext_value">2000. http://www.barbarapaul.com/shake/hamlet.html. 22 October 2011.</p0826-teimww:edition>
    <p0826-teimww:isWrittenBy>
      <p0826-teimww:person knoraType="link_value" linkType="ref" target="ww_6404478293b4e0ef"/>
    </p0826-teimww:isWrittenBy>
    <p0826-teimww:title knoraType="richtext_value">Titles from HAMLET</p0826-teimww:title>
  </p0826-teimww:book>
  <p0826-teimww:book id="ww_1d1e4a88851e1bfc">
    <knoraXmlImport:label>book label</knoraXmlImport:label>
    <p0826-teimww:bookInternalId knoraType="richtext_value">@005162</p0826-teimww:bookInternalId>
    <p0826-teimww:createdDate knoraType="date_value">GREGORIAN:1659:1659</p0826-teimww:createdDate>
    <p0826-teimww:edition knoraType="richtext_value">Lady Alimony. 1659.</p0826-teimww:edition>
    <p0826-teimww:hasLanguage knoraType="richtext_value">English</p0826-teimww:hasLanguage>
    <p0826-teimww:isWrittenBy>
      <p0826-teimww:person knoraType="link_value" linkType="ref" target="ww_212c78497ddc32c5"/>
    </p0826-teimww:isWrittenBy>
    <p0826-teimww:publishDate knoraType="date_value">GREGORIAN:1659:1659</p0826-teimww:publishDate>
    <p0826-teimww:title knoraType="richtext_value">Lady Alimony</p0826-teimww:title>
  </p0826-teimww:book>
  <p0826-teimww:book id="ww_bd4dff842f8bc0f9">
    <knoraXmlImport:label>book label</knoraXmlImport:label>
    <p0826-teimww:bookInternalId knoraType="richtext_value">@006040</p0826-teimww:bookInternalId>
    <p0826-teimww:createdDate knoraType="date_value">GREGORIAN:1660:1660</p0826-teimww:createdDate>
    <p0826-teimww:edition knoraType="richtext_value">Short Discourse.</p0826-teimww:edition>
    <p0826-teimww:hasLanguage knoraType="richtext_value">English</p0826-teimww:hasLanguage>
    <p0826-teimww:isWrittenBy>
      <p0826-teimww:person knoraType="link_value" linkType="ref" target="ww_1ab980e4d883d2f2"/>
    </p0826-teimww:isWrittenBy>
    <p0826-teimww:publishDate knoraType="date_value">GREGORIAN:1660:1660</p0826-teimww:publishDate>
    <p0826-teimww:title knoraType="richtext_value">Short Discourse</p0826-teimww:title>
  </p0826-teimww:book>
  <p0826-teimww:book id="ww_d35968508e400c34">
    <knoraXmlImport:label>book label</knoraXmlImport:label>
    <p0826-teimww:bookInternalId knoraType="richtext_value">@006041</p0826-teimww:bookInternalId>
    <p0826-teimww:createdDate knoraType="date_value">GREGORIAN:1661:1661</p0826-teimww:createdDate>
    <p0826-teimww:edition knoraType="richtext_value">History of the Worthies of England. A New Edition. London: Thomas Tegg, 1840.</p0826-teimww:edition>
    <p0826-teimww:hasLanguage knoraType="richtext_value">English</p0826-teimww:hasLanguage>
    <p0826-teimww:isWrittenBy>
      <p0826-teimww:person knoraType="link_value" linkType="ref" target="ww_879fcdf50faac2f4"/>
    </p0826-teimww:isWrittenBy>
    <p0826-teimww:publishDate knoraType="date_value">GREGORIAN:1661:1661</p0826-teimww:publishDate>
    <p0826-teimww:title knoraType="richtext_value">History of the Worthies of England</p0826-teimww:title>
  </p0826-teimww:book>
  <p0826-teimww:book id="ww_342226daaf5794f5">
    <knoraXmlImport:label>book label</knoraXmlImport:label>
    <p0826-teimww:bookInternalId knoraType="richtext_value">@005209</p0826-teimww:bookInternalId>
    <p0826-teimww:createdDate knoraType="date_value">GREGORIAN:1663:1663</p0826-teimww:createdDate>
    <p0826-teimww:edition knoraType="richtext_value">Pompey. A Tragoedy. Acted with Great Applause. London: John Crooke, 1663.</p0826-teimww:edition>
    <p0826-teimww:hasLanguage knoraType="richtext_value">English</p0826-teimww:hasLanguage>
    <p0826-teimww:isWrittenBy>
      <p0826-teimww:person knoraType="link_value" linkType="ref" target="ww_023482909a532caf"/>
    </p0826-teimww:isWrittenBy>
    <p0826-teimww:publishDate knoraType="date_value">GREGORIAN:1663:1663</p0826-teimww:publishDate>
    <p0826-teimww:title knoraType="richtext_value">Pompey</p0826-teimww:title>
  </p0826-teimww:book>
  <p0826-teimww:book id="ww_11d14cc3d47896d6">
    <knoraXmlImport:label>book label</knoraXmlImport:label>
    <p0826-teimww:bookInternalId knoraType="richtext_value">@005204</p0826-teimww:bookInternalId>
    <p0826-teimww:createdDate knoraType="date_value">GREGORIAN:1663:1663</p0826-teimww:createdDate>
    <p0826-teimww:edition knoraType="richtext_value">The Works of John Dryden. Gen. ed. Alan Roper. 20 vols. Berkeley: University of California Press, 1962. Vol. 8, 1-91.</p0826-teimww:edition>
    <p0826-teimww:hasLanguage knoraType="richtext_value">English</p0826-teimww:hasLanguage>
    <p0826-teimww:isWrittenBy>
      <p0826-teimww:person knoraType="link_value" linkType="ref" target="ww_ed5b7d7b5b4ff788"/>
    </p0826-teimww:isWrittenBy>
    <p0826-teimww:publishDate knoraType="date_value">GREGORIAN:1663:1663</p0826-teimww:publishDate>
    <p0826-teimww:title knoraType="richtext_value">The Wild Gallant, A Comedy</p0826-teimww:title>
  </p0826-teimww:book>
  <p0826-teimww:book id="ww_11177545426df2c4">
    <knoraXmlImport:label>book label</knoraXmlImport:label>
    <p0826-teimww:bookInternalId knoraType="richtext_value">@005222</p0826-teimww:bookInternalId>
    <p0826-teimww:createdDate knoraType="date_value">GREGORIAN:1664:1664</p0826-teimww:createdDate>
    <p0826-teimww:edition knoraType="richtext_value">Macbeth, A Tragedy. London: A. Clark, 1674.</p0826-teimww:edition>
    <p0826-teimww:hasLanguage knoraType="richtext_value">English</p0826-teimww:hasLanguage>
    <p0826-teimww:isWrittenBy>
      <p0826-teimww:person knoraType="link_value" linkType="ref" target="ww_d8f1d08e1ca080b7"/>
    </p0826-teimww:isWrittenBy>
    <p0826-teimww:publishDate knoraType="date_value">GREGORIAN:1664:1664</p0826-teimww:publishDate>
    <p0826-teimww:title knoraType="richtext_value">Macbeth, A Tragedy (DAvenant)</p0826-teimww:title>
  </p0826-teimww:book>
  <p0826-teimww:book id="ww_5f491318bcd9d326">
    <knoraXmlImport:label>book label</knoraXmlImport:label>
    <p0826-teimww:bookInternalId knoraType="richtext_value">@005208</p0826-teimww:bookInternalId>
    <p0826-teimww:createdDate knoraType="date_value">GREGORIAN:1666:1666</p0826-teimww:createdDate>
    <p0826-teimww:edition knoraType="richtext_value">The English Princess. Or, The Death of Richard the III. A Tragedy. London: Thomas Dring, 1667.</p0826-teimww:edition>
    <p0826-teimww:hasLanguage knoraType="richtext_value">English</p0826-teimww:hasLanguage>
    <p0826-teimww:isWrittenBy>
      <p0826-teimww:person knoraType="link_value" linkType="ref" target="ww_fb786ed957e3108e"/>
    </p0826-teimww:isWrittenBy>
    <p0826-teimww:publishDate knoraType="date_value">GREGORIAN:1666:1666</p0826-teimww:publishDate>
    <p0826-teimww:title knoraType="richtext_value">The English Princess</p0826-teimww:title>
  </p0826-teimww:book>
  <p0826-teimww:book id="ww_ec6a0a5d5423cc4d">
    <knoraXmlImport:label>book label</knoraXmlImport:label>
    <p0826-teimww:bookInternalId knoraType="richtext_value">@003004</p0826-teimww:bookInternalId>
    <p0826-teimww:createdDate knoraType="date_value">GREGORIAN:1667:1667</p0826-teimww:createdDate>
    <p0826-teimww:edition knoraType="richtext_value">The Rivals. London: 1668.</p0826-teimww:edition>
    <p0826-teimww:hasLanguage knoraType="richtext_value">English</p0826-teimww:hasLanguage>
    <p0826-teimww:isWrittenBy>
      <p0826-teimww:person knoraType="link_value" linkType="ref" target="ww_d8f1d08e1ca080b7"/>
    </p0826-teimww:isWrittenBy>
    <p0826-teimww:publishDate knoraType="date_value">GREGORIAN:1667:1667</p0826-teimww:publishDate>
    <p0826-teimww:title knoraType="richtext_value">The Rivals</p0826-teimww:title>
  </p0826-teimww:book>
  <p0826-teimww:book id="ww_f63838fac7b9bec6">
    <knoraXmlImport:label>book label</knoraXmlImport:label>
    <p0826-teimww:bookInternalId knoraType="richtext_value">@005218</p0826-teimww:bookInternalId>
    <p0826-teimww:createdDate knoraType="date_value">GREGORIAN:1669:1669</p0826-teimww:createdDate>
    <p0826-teimww:edition knoraType="richtext_value">The Dumb Lady. Or, The Farriar made Physician. London: Thomas Dring et al., 1672.</p0826-teimww:edition>
    <p0826-teimww:hasLanguage knoraType="richtext_value">English</p0826-teimww:hasLanguage>
    <p0826-teimww:isWrittenBy>
      <p0826-teimww:person knoraType="link_value" linkType="ref" target="ww_0449cf1b66c3867d"/>
    </p0826-teimww:isWrittenBy>
    <p0826-teimww:publishDate knoraType="date_value">GREGORIAN:1669:1669</p0826-teimww:publishDate>
    <p0826-teimww:title knoraType="richtext_value">The Dumb Lady</p0826-teimww:title>
  </p0826-teimww:book>
  <p0826-teimww:book id="ww_a74a445d23ff1ff2">
    <knoraXmlImport:label>book label</knoraXmlImport:label>
    <p0826-teimww:bookInternalId knoraType="richtext_value">@005219</p0826-teimww:bookInternalId>
    <p0826-teimww:createdDate knoraType="date_value">GREGORIAN:1671:1671</p0826-teimww:createdDate>
    <p0826-teimww:edition knoraType="richtext_value">The Works of Aphra Behn. Ed. Janet Todd. 7 vols. London: William Pickering, 1996. Vol. 5, 83-156.</p0826-teimww:edition>
    <p0826-teimww:hasLanguage knoraType="richtext_value">English</p0826-teimww:hasLanguage>
    <p0826-teimww:isWrittenBy>
      <p0826-teimww:person knoraType="link_value" linkType="ref" target="ww_1013ee760af86e0f"/>
    </p0826-teimww:isWrittenBy>
    <p0826-teimww:publishDate knoraType="date_value">GREGORIAN:1671:1671</p0826-teimww:publishDate>
    <p0826-teimww:title knoraType="richtext_value">The Amorous Prince. Or, The Curious Husband</p0826-teimww:title>
  </p0826-teimww:book>
  <p0826-teimww:book id="ww_ab9b03580f4140d8">
    <knoraXmlImport:label>book label</knoraXmlImport:label>
    <p0826-teimww:bookInternalId knoraType="richtext_value">@005210</p0826-teimww:bookInternalId>
    <p0826-teimww:createdDate knoraType="date_value">GREGORIAN:1671:1671</p0826-teimww:createdDate>
    <p0826-teimww:edition knoraType="richtext_value">The Forc'd Marriage. Or The Jealous Bridegroom. A Tragi-comedy. As it is Acted at His Highnesse The Duke of York's Theatre. London: H. L. and R.B. for James Magnus, 1671.</p0826-teimww:edition>
    <p0826-teimww:hasLanguage knoraType="richtext_value">English</p0826-teimww:hasLanguage>
    <p0826-teimww:isWrittenBy>
      <p0826-teimww:person knoraType="link_value" linkType="ref" target="ww_1013ee760af86e0f"/>
    </p0826-teimww:isWrittenBy>
    <p0826-teimww:publishDate knoraType="date_value">GREGORIAN:1671:1671</p0826-teimww:publishDate>
    <p0826-teimww:title knoraType="richtext_value">The Forced Marriage</p0826-teimww:title>
  </p0826-teimww:book>
  <p0826-teimww:book id="ww_2302e398030e9ddf">
    <knoraXmlImport:label>book label</knoraXmlImport:label>
    <p0826-teimww:bookInternalId knoraType="richtext_value">@005604</p0826-teimww:bookInternalId>
    <p0826-teimww:createdDate knoraType="date_value">GREGORIAN:1672:1672</p0826-teimww:createdDate>
    <p0826-teimww:edition knoraType="richtext_value">The Fatal Jealousie. A Tragedy. Acted at the Duke's Theatre. London: Thomas Dring et al., 1673.</p0826-teimww:edition>
    <p0826-teimww:hasLanguage knoraType="richtext_value">English</p0826-teimww:hasLanguage>
    <p0826-teimww:isWrittenBy>
      <p0826-teimww:person knoraType="link_value" linkType="ref" target="ww_0fdd672af19515af"/>
    </p0826-teimww:isWrittenBy>
    <p0826-teimww:publishDate knoraType="date_value">GREGORIAN:1672:1672</p0826-teimww:publishDate>
    <p0826-teimww:title knoraType="richtext_value">The Fatal Jealousy</p0826-teimww:title>
  </p0826-teimww:book>
  <p0826-teimww:book id="ww_1ea0156cf9be958c">
    <knoraXmlImport:label>book label</knoraXmlImport:label>
    <p0826-teimww:bookInternalId knoraType="richtext_value">@005211</p0826-teimww:bookInternalId>
    <p0826-teimww:createdDate knoraType="date_value">GREGORIAN:1672:1672</p0826-teimww:createdDate>
    <p0826-teimww:edition knoraType="richtext_value">The Citizen Turn'd Gentleman. A Comedy. London: Thomas Dring et al., 1672.</p0826-teimww:edition>
    <p0826-teimww:hasLanguage knoraType="richtext_value">English</p0826-teimww:hasLanguage>
    <p0826-teimww:isWrittenBy>
      <p0826-teimww:person knoraType="link_value" linkType="ref" target="ww_99b03817dc566412"/>
    </p0826-teimww:isWrittenBy>
    <p0826-teimww:publishDate knoraType="date_value">GREGORIAN:1672:1672</p0826-teimww:publishDate>
    <p0826-teimww:title knoraType="richtext_value">The Citizen Turned Gentleman</p0826-teimww:title>
  </p0826-teimww:book>
  <p0826-teimww:book id="ww_fa206996550e1252">
    <knoraXmlImport:label>book label</knoraXmlImport:label>
    <p0826-teimww:bookInternalId knoraType="richtext_value">@005212</p0826-teimww:bookInternalId>
    <p0826-teimww:createdDate knoraType="date_value">GREGORIAN:1674:1674</p0826-teimww:createdDate>
    <p0826-teimww:edition knoraType="richtext_value">The Triumphant Widow. or The Medley of Humours. A Comedy, Acted by His Royal Highnes's Servants. London: Henry Herringman, 1677.</p0826-teimww:edition>
    <p0826-teimww:hasLanguage knoraType="richtext_value">English</p0826-teimww:hasLanguage>
    <p0826-teimww:isWrittenBy>
      <p0826-teimww:person knoraType="link_value" linkType="ref" target="ww_9830d46f027273df"/>
    </p0826-teimww:isWrittenBy>
    <p0826-teimww:publishDate knoraType="date_value">GREGORIAN:1674:1674</p0826-teimww:publishDate>
    <p0826-teimww:title knoraType="richtext_value">The Triumphant Widow</p0826-teimww:title>
  </p0826-teimww:book>
  <p0826-teimww:book id="ww_34f6680a5ed3328f">
    <knoraXmlImport:label>book label</knoraXmlImport:label>
    <p0826-teimww:bookInternalId knoraType="richtext_value">@005198</p0826-teimww:bookInternalId>
    <p0826-teimww:createdDate knoraType="date_value">GREGORIAN:1677:1677</p0826-teimww:createdDate>
    <p0826-teimww:edition knoraType="richtext_value">The rival king. Or The loves of Oroondates and Statira: a tragedy. London: L. Curtis, 1677.</p0826-teimww:edition>
    <p0826-teimww:hasLanguage knoraType="richtext_value">English</p0826-teimww:hasLanguage>
    <p0826-teimww:isWrittenBy>
      <p0826-teimww:person knoraType="link_value" linkType="ref" target="ww_0fa63d0ba5908460"/>
    </p0826-teimww:isWrittenBy>
    <p0826-teimww:publishDate knoraType="date_value">GREGORIAN:1677:1677</p0826-teimww:publishDate>
    <p0826-teimww:title knoraType="richtext_value">The Rival Kings</p0826-teimww:title>
  </p0826-teimww:book>
  <p0826-teimww:book id="ww_0b80290e20216583">
    <knoraXmlImport:label>book label</knoraXmlImport:label>
    <p0826-teimww:bookInternalId knoraType="richtext_value">@005149</p0826-teimww:bookInternalId>
    <p0826-teimww:createdDate knoraType="date_value">GREGORIAN:1678:1678</p0826-teimww:createdDate>
    <p0826-teimww:edition knoraType="richtext_value">Friendship in Fashion. 1678.</p0826-teimww:edition>
    <p0826-teimww:hasLanguage knoraType="richtext_value">English</p0826-teimww:hasLanguage>
    <p0826-teimww:isWrittenBy>
      <p0826-teimww:person knoraType="link_value" linkType="ref" target="ww_2fbef537c50f1433"/>
    </p0826-teimww:isWrittenBy>
    <p0826-teimww:publishDate knoraType="date_value">GREGORIAN:1678:1678</p0826-teimww:publishDate>
    <p0826-teimww:title knoraType="richtext_value">Friendship in Fashion</p0826-teimww:title>
  </p0826-teimww:book>
  <p0826-teimww:book id="ww_5acd80c1e58166ea">
    <knoraXmlImport:label>book label</knoraXmlImport:label>
    <p0826-teimww:bookInternalId knoraType="richtext_value">@005220</p0826-teimww:bookInternalId>
    <p0826-teimww:createdDate knoraType="date_value">GREGORIAN:1678:1678</p0826-teimww:createdDate>
    <p0826-teimww:edition knoraType="richtext_value">The Works of Aphra Behn. Ed. Janet Todd. 7 vols. London: William Pickering, 1996. Vol. 6, 1-81.</p0826-teimww:edition>
    <p0826-teimww:hasLanguage knoraType="richtext_value">English</p0826-teimww:hasLanguage>
    <p0826-teimww:isWrittenBy>
      <p0826-teimww:person knoraType="link_value" linkType="ref" target="ww_1013ee760af86e0f"/>
    </p0826-teimww:isWrittenBy>
    <p0826-teimww:publishDate knoraType="date_value">GREGORIAN:1678:1678</p0826-teimww:publishDate>
    <p0826-teimww:title knoraType="richtext_value">Sir Patient Fancy</p0826-teimww:title>
  </p0826-teimww:book>
  <p0826-teimww:book id="ww_da24e779a482efd0">
    <knoraXmlImport:label>book label</knoraXmlImport:label>
    <p0826-teimww:bookInternalId knoraType="richtext_value">@005205</p0826-teimww:bookInternalId>
    <p0826-teimww:createdDate knoraType="date_value">GREGORIAN:1678:1678</p0826-teimww:createdDate>
    <p0826-teimww:edition knoraType="richtext_value">The Works of John Dryden. Gen. ed. Alan Roper. 20 vols. Berkeley: University of California Press, 1984. Vol. 13, 113-215.</p0826-teimww:edition>
    <p0826-teimww:hasLanguage knoraType="richtext_value">English</p0826-teimww:hasLanguage>
    <p0826-teimww:isWrittenBy>
      <p0826-teimww:person knoraType="link_value" linkType="ref" target="ww_ed5b7d7b5b4ff788"/>
    </p0826-teimww:isWrittenBy>
    <p0826-teimww:isWrittenBy>
      <p0826-teimww:person knoraType="link_value" linkType="ref" target="ww_12f7d2e19bfcb92f"/>
    </p0826-teimww:isWrittenBy>
    <p0826-teimww:publishDate knoraType="date_value">GREGORIAN:1678:1678</p0826-teimww:publishDate>
    <p0826-teimww:title knoraType="richtext_value">Oedipus. A Tragedy</p0826-teimww:title>
  </p0826-teimww:book>
  <p0826-teimww:book id="ww_6dbd696fbcd9005d">
    <knoraXmlImport:label>book label</knoraXmlImport:label>
    <p0826-teimww:bookInternalId knoraType="richtext_value">@005207</p0826-teimww:bookInternalId>
    <p0826-teimww:createdDate knoraType="date_value">GREGORIAN:1678:1678</p0826-teimww:createdDate>
    <p0826-teimww:edition knoraType="richtext_value">The Works of John Dryden. Gen. ed. Alan Roper. 20 vols. Berkeley: University of California Press, 1984. Vol. 13, 1-111.</p0826-teimww:edition>
    <p0826-teimww:hasLanguage knoraType="richtext_value">English</p0826-teimww:hasLanguage>
    <p0826-teimww:isWrittenBy>
      <p0826-teimww:person knoraType="link_value" linkType="ref" target="ww_ed5b7d7b5b4ff788"/>
    </p0826-teimww:isWrittenBy>
    <p0826-teimww:publishDate knoraType="date_value">GREGORIAN:1678:1678</p0826-teimww:publishDate>
    <p0826-teimww:title knoraType="richtext_value">All for Love, or The World Well Lost</p0826-teimww:title>
  </p0826-teimww:book>
  <p0826-teimww:book id="ww_e95e10472e122744">
    <knoraXmlImport:label>book label</knoraXmlImport:label>
    <p0826-teimww:bookInternalId knoraType="richtext_value">@005221</p0826-teimww:bookInternalId>
    <p0826-teimww:createdDate knoraType="date_value">GREGORIAN:1681:1682</p0826-teimww:createdDate>
    <p0826-teimww:edition knoraType="richtext_value">The Works of Thomas Southerne. Eds. Robert Jordan and Harold Love. 2 vols. Oxford: Clarendon Press, 1988. Vol. 1, 1-73.</p0826-teimww:edition>
    <p0826-teimww:hasLanguage knoraType="richtext_value">English</p0826-teimww:hasLanguage>
    <p0826-teimww:isWrittenBy>
      <p0826-teimww:person knoraType="link_value" linkType="ref" target="ww_1f1f38544516a902"/>
    </p0826-teimww:isWrittenBy>
    <p0826-teimww:publishDate knoraType="date_value">GREGORIAN:1681:1682</p0826-teimww:publishDate>
    <p0826-teimww:title knoraType="richtext_value">The Loyal Brother or, The Persian Prince</p0826-teimww:title>
  </p0826-teimww:book>
  <p0826-teimww:book id="ww_fafacaceace47d73">
    <knoraXmlImport:label>book label</knoraXmlImport:label>
    <p0826-teimww:bookInternalId knoraType="richtext_value">@005556</p0826-teimww:bookInternalId>
    <p0826-teimww:createdDate knoraType="date_value">GREGORIAN:1682:1682</p0826-teimww:createdDate>
    <p0826-teimww:edition knoraType="richtext_value">The Works of John Dryden. Gen. ed. Alan Roper. 20 vols. Berkeley: University of California Press, 1996. Vol. 14, 205-305.</p0826-teimww:edition>
    <p0826-teimww:hasLanguage knoraType="richtext_value">HAS SEVERAL LEXIAS!</p0826-teimww:hasLanguage>
    <p0826-teimww:isWrittenBy>
      <p0826-teimww:person knoraType="link_value" linkType="ref" target="ww_ed5b7d7b5b4ff788"/>
    </p0826-teimww:isWrittenBy>
    <p0826-teimww:isWrittenBy>
      <p0826-teimww:person knoraType="link_value" linkType="ref" target="ww_12f7d2e19bfcb92f"/>
    </p0826-teimww:isWrittenBy>
    <p0826-teimww:publishDate knoraType="date_value">GREGORIAN:1682:1682</p0826-teimww:publishDate>
    <p0826-teimww:title knoraType="richtext_value">The Duke of Guise, A Tragedy</p0826-teimww:title>
  </p0826-teimww:book>
  <p0826-teimww:book id="ww_d3d306a3e22d0da0">
    <knoraXmlImport:label>book label</knoraXmlImport:label>
    <p0826-teimww:bookInternalId knoraType="richtext_value">@005163</p0826-teimww:bookInternalId>
    <p0826-teimww:createdDate knoraType="date_value">GREGORIAN:1682:1682</p0826-teimww:createdDate>
    <p0826-teimww:edition knoraType="richtext_value">Mr. Turbulent or The Melanchoolicks. A Comedy. 1682.</p0826-teimww:edition>
    <p0826-teimww:hasLanguage knoraType="richtext_value">English</p0826-teimww:hasLanguage>
    <p0826-teimww:isWrittenBy>
      <p0826-teimww:person knoraType="link_value" linkType="ref" target="ww_212c78497ddc32c5"/>
    </p0826-teimww:isWrittenBy>
    <p0826-teimww:publishDate knoraType="date_value">GREGORIAN:1682:1682</p0826-teimww:publishDate>
    <p0826-teimww:title knoraType="richtext_value">Mr Turbulent</p0826-teimww:title>
  </p0826-teimww:book>
  <p0826-teimww:book id="ww_aee75c33920a3b79">
    <knoraXmlImport:label>book label</knoraXmlImport:label>
    <p0826-teimww:bookInternalId knoraType="richtext_value">@010008</p0826-teimww:bookInternalId>
    <p0826-teimww:edition knoraType="richtext_value">More Seventeenth-Century Allusions to Shakespeare and His Works. London: Dobell, 1924.</p0826-teimww:edition>
    <p0826-teimww:isWrittenBy>
      <p0826-teimww:person knoraType="link_value" linkType="ref" target="ww_4cf2d2f81816aed2"/>
    </p0826-teimww:isWrittenBy>
    <p0826-teimww:title knoraType="richtext_value">Thorn-Drury More 17th-Century Allusions </p0826-teimww:title>
  </p0826-teimww:book>
  <p0826-teimww:book id="ww_9e4880a3607bfe49">
    <knoraXmlImport:label>book label</knoraXmlImport:label>
    <p0826-teimww:bookInternalId knoraType="richtext_value">@005182</p0826-teimww:bookInternalId>
    <p0826-teimww:createdDate knoraType="date_value">GREGORIAN:1682:1682</p0826-teimww:createdDate>
    <p0826-teimww:edition knoraType="richtext_value">The City-Heiress. Or, Sir Timothy Treat-all. A Comedy. London: D. Brown et al., 1682.</p0826-teimww:edition>
    <p0826-teimww:hasLanguage knoraType="richtext_value">English</p0826-teimww:hasLanguage>
    <p0826-teimww:isWrittenBy>
      <p0826-teimww:person knoraType="link_value" linkType="ref" target="ww_1013ee760af86e0f"/>
    </p0826-teimww:isWrittenBy>
    <p0826-teimww:publishDate knoraType="date_value">GREGORIAN:1682:1682</p0826-teimww:publishDate>
    <p0826-teimww:title knoraType="richtext_value">The City Heiress</p0826-teimww:title>
  </p0826-teimww:book>
  <p0826-teimww:book id="ww_822f6044491b63e7">
    <knoraXmlImport:label>book label</knoraXmlImport:label>
    <p0826-teimww:bookInternalId knoraType="richtext_value">@005153</p0826-teimww:bookInternalId>
    <p0826-teimww:createdDate knoraType="date_value">GREGORIAN:1684:1684</p0826-teimww:createdDate>
    <p0826-teimww:edition knoraType="richtext_value">The Works of Thomas Southerne. Eds. Robert Jordan and Harold Love. 2 vols. Oxford: Clarendon Press, 1988. Vol. 1, 75-156.</p0826-teimww:edition>
    <p0826-teimww:hasLanguage knoraType="richtext_value">English</p0826-teimww:hasLanguage>
    <p0826-teimww:isWrittenBy>
      <p0826-teimww:person knoraType="link_value" linkType="ref" target="ww_1f1f38544516a902"/>
    </p0826-teimww:isWrittenBy>
    <p0826-teimww:publishDate knoraType="date_value">GREGORIAN:1684:1684</p0826-teimww:publishDate>
    <p0826-teimww:title knoraType="richtext_value">The Disappointment. Or, The Mother in Fashion</p0826-teimww:title>
  </p0826-teimww:book>
  <p0826-teimww:book id="ww_c7a44da93c43593a">
    <knoraXmlImport:label>book label</knoraXmlImport:label>
    <p0826-teimww:bookInternalId knoraType="richtext_value">@005139</p0826-teimww:bookInternalId>
    <p0826-teimww:createdDate knoraType="date_value">GREGORIAN:1685:1695</p0826-teimww:createdDate>
    <p0826-teimww:edition knoraType="richtext_value">Cuckolds-Haven. Or, an Alderman No Conjurer. A Farce. London 1685.</p0826-teimww:edition>
    <p0826-teimww:hasLanguage knoraType="richtext_value">HAS SEVERAL LEXIAS!</p0826-teimww:hasLanguage>
    <p0826-teimww:isWrittenBy>
      <p0826-teimww:person knoraType="link_value" linkType="ref" target="ww_aea6ce6ca036608b"/>
    </p0826-teimww:isWrittenBy>
    <p0826-teimww:publishDate knoraType="date_value">GREGORIAN:1685:1695</p0826-teimww:publishDate>
    <p0826-teimww:title knoraType="richtext_value">Cuckolds Haven</p0826-teimww:title>
  </p0826-teimww:book>
  <p0826-teimww:book id="ww_522f59ae73a17dc8">
    <knoraXmlImport:label>book label</knoraXmlImport:label>
    <p0826-teimww:bookInternalId knoraType="richtext_value">@005213</p0826-teimww:bookInternalId>
    <p0826-teimww:createdDate knoraType="date_value">GREGORIAN:1687:1687</p0826-teimww:createdDate>
    <p0826-teimww:edition knoraType="richtext_value">The Works Of His Grace, George Villiers, Late Duke of Buckingham. 2 vols. 3rd ed. London: Fardinando Burleigh et al., 1715. Vol. 1, 1-80.</p0826-teimww:edition>
    <p0826-teimww:hasLanguage knoraType="richtext_value">English</p0826-teimww:hasLanguage>
    <p0826-teimww:isWrittenBy>
      <p0826-teimww:person knoraType="link_value" linkType="ref" target="ww_ae2d914875625509"/>
    </p0826-teimww:isWrittenBy>
    <p0826-teimww:publishDate knoraType="date_value">GREGORIAN:1687:1687</p0826-teimww:publishDate>
    <p0826-teimww:title knoraType="richtext_value">The Restauration, or, Right Will Take Place. A Tragicomedy</p0826-teimww:title>
  </p0826-teimww:book>
  <p0826-teimww:book id="ww_f4067d3fc89b0b63">
    <knoraXmlImport:label>book label</knoraXmlImport:label>
    <p0826-teimww:bookInternalId knoraType="richtext_value">@005214</p0826-teimww:bookInternalId>
    <p0826-teimww:createdDate knoraType="date_value">GREGORIAN:1687:1687</p0826-teimww:createdDate>
    <p0826-teimww:edition knoraType="richtext_value">The Lucky Chance. Or an Alderman's Bargain. A Comedy. As it is Acted by their Majesty's Servants. Written by Mrs A. Behn. London: R. H. for W. Canning, 1687.</p0826-teimww:edition>
    <p0826-teimww:hasLanguage knoraType="richtext_value">English</p0826-teimww:hasLanguage>
    <p0826-teimww:isWrittenBy>
      <p0826-teimww:person knoraType="link_value" linkType="ref" target="ww_1013ee760af86e0f"/>
    </p0826-teimww:isWrittenBy>
    <p0826-teimww:publishDate knoraType="date_value">GREGORIAN:1687:1687</p0826-teimww:publishDate>
    <p0826-teimww:title knoraType="richtext_value">The Lucky Chance</p0826-teimww:title>
  </p0826-teimww:book>
  <p0826-teimww:book id="ww_f3d7312515e5ff87">
    <knoraXmlImport:label>book label</knoraXmlImport:label>
    <p0826-teimww:bookInternalId knoraType="richtext_value">@000351</p0826-teimww:bookInternalId>
    <p0826-teimww:createdDate knoraType="date_value">GREGORIAN:1561:1561</p0826-teimww:createdDate>
    <p0826-teimww:edition knoraType="richtext_value">The Tragedie of Gorbodvc, where of three Actes were wrytten by Thomas Nortone, and the two laste by Thomas Sackuyle. Sett forthe as the same was shewed before the Qvenes most excellent Maiestie, in her highnes Court of Whitehall, the xviii. day of Ianuary, Anno Domini 1561. London: William Griffith, 1565.</p0826-teimww:edition>
    <p0826-teimww:hasLanguage knoraType="richtext_value">English</p0826-teimww:hasLanguage>
    <p0826-teimww:isWrittenBy>
      <p0826-teimww:person knoraType="link_value" linkType="ref" target="ww_3d7f30bfa784adbc"/>
    </p0826-teimww:isWrittenBy>
    <p0826-teimww:isWrittenBy>
      <p0826-teimww:person knoraType="link_value" linkType="ref" target="ww_7af335e6c892a8d0"/>
    </p0826-teimww:isWrittenBy>
    <p0826-teimww:publishDate knoraType="date_value">GREGORIAN:1561:1561</p0826-teimww:publishDate>
    <p0826-teimww:title knoraType="richtext_value">Gorboduc</p0826-teimww:title>
  </p0826-teimww:book>
  <p0826-teimww:book id="ww_284d2177eb64e32c">
    <knoraXmlImport:label>book label</knoraXmlImport:label>
    <p0826-teimww:bookInternalId knoraType="richtext_value">@005647</p0826-teimww:bookInternalId>
    <p0826-teimww:createdDate knoraType="date_value">GREGORIAN:1574:1574</p0826-teimww:createdDate>
    <p0826-teimww:edition knoraType="richtext_value">Parts Added to The Mirror for Magistrates: By John Higgins &amp; Thomas Blenerhasset. Edited from original texts in The Huntington Library by Lily B. Campbell. Cambridge: Cambridge University Press, 1946. 145-160.</p0826-teimww:edition>
    <p0826-teimww:hasLanguage knoraType="richtext_value">English</p0826-teimww:hasLanguage>
    <p0826-teimww:isWrittenBy>
      <p0826-teimww:person knoraType="link_value" linkType="ref" target="ww_7aab59631f22d17e"/>
    </p0826-teimww:isWrittenBy>
    <p0826-teimww:publishDate knoraType="date_value">GREGORIAN:1574:1574</p0826-teimww:publishDate>
    <p0826-teimww:title knoraType="richtext_value">Cordila</p0826-teimww:title>
  </p0826-teimww:book>
  <p0826-teimww:book id="ww_4e659f2729d3f407">
    <knoraXmlImport:label>book label</knoraXmlImport:label>
    <p0826-teimww:bookInternalId knoraType="richtext_value">@005620</p0826-teimww:bookInternalId>
    <p0826-teimww:createdDate knoraType="date_value">GREGORIAN:1580:1580</p0826-teimww:createdDate>
    <p0826-teimww:edition knoraType="richtext_value">A merry Ieste of a shrewde and curste Wyfe. Howe the good man did byd her Father and Mother to guest, and many of his neyghbours that they might see his wiues pacyence. 1580.</p0826-teimww:edition>
    <p0826-teimww:hasLanguage knoraType="richtext_value">English</p0826-teimww:hasLanguage>
    <p0826-teimww:isWrittenBy>
      <p0826-teimww:person knoraType="link_value" linkType="ref" target="ww_212c78497ddc32c5"/>
    </p0826-teimww:isWrittenBy>
    <p0826-teimww:publishDate knoraType="date_value">GREGORIAN:1580:1580</p0826-teimww:publishDate>
    <p0826-teimww:title knoraType="richtext_value">A Merry Jest of a Shrewd and Cursed Wife</p0826-teimww:title>
  </p0826-teimww:book>
  <p0826-teimww:book id="ww_c5484deb94302464">
    <knoraXmlImport:label>book label</knoraXmlImport:label>
    <p0826-teimww:bookInternalId knoraType="richtext_value">@000814</p0826-teimww:bookInternalId>
    <p0826-teimww:createdDate knoraType="date_value">GREGORIAN:1588:1588</p0826-teimww:createdDate>
    <p0826-teimww:edition knoraType="richtext_value">Ur-Hamlet. London: 1588.</p0826-teimww:edition>
    <p0826-teimww:hasLanguage knoraType="richtext_value">English</p0826-teimww:hasLanguage>
    <p0826-teimww:isWrittenBy>
      <p0826-teimww:person knoraType="link_value" linkType="ref" target="ww_116917d934be52dd"/>
    </p0826-teimww:isWrittenBy>
    <p0826-teimww:publishDate knoraType="date_value">GREGORIAN:1588:1588</p0826-teimww:publishDate>
    <p0826-teimww:title knoraType="richtext_value">Ur-Hamlet</p0826-teimww:title>
  </p0826-teimww:book>
  <p0826-teimww:book id="ww_f4b1a8fa8f784028">
    <knoraXmlImport:label>book label</knoraXmlImport:label>
    <p0826-teimww:bookInternalId knoraType="richtext_value">@010112</p0826-teimww:bookInternalId>
    <p0826-teimww:edition knoraType="richtext_value">Shakespeare's Ghost Writers: Literature as Uncanny Causality. New York and London: Methuen, 1987. </p0826-teimww:edition>
    <p0826-teimww:isWrittenBy>
      <p0826-teimww:person knoraType="link_value" linkType="ref" target="ww_15b50ac49f9798c6"/>
    </p0826-teimww:isWrittenBy>
    <p0826-teimww:title knoraType="richtext_value">Shakespeares Ghost Writers</p0826-teimww:title>
  </p0826-teimww:book>
  <p0826-teimww:book id="ww_e7b10e483d5cee49">
    <knoraXmlImport:label>book label</knoraXmlImport:label>
    <p0826-teimww:bookInternalId knoraType="richtext_value">@010118</p0826-teimww:bookInternalId>
    <p0826-teimww:edition knoraType="richtext_value">ed. A Milton Encyclopedia. Lewisburg: Bucknell University Press and London: Associated University Presses, 1978-1983.</p0826-teimww:edition>
    <p0826-teimww:isWrittenBy>
      <p0826-teimww:person knoraType="link_value" linkType="ref" target="ww_67ff3ba62bd10038"/>
    </p0826-teimww:isWrittenBy>
    <p0826-teimww:title knoraType="richtext_value">A Milton Encyclopedia</p0826-teimww:title>
  </p0826-teimww:book>
  <p0826-teimww:book id="ww_7dd1c602e9ccfe3b">
    <knoraXmlImport:label>book label</knoraXmlImport:label>
    <p0826-teimww:bookInternalId knoraType="richtext_value">@000944</p0826-teimww:bookInternalId>
    <p0826-teimww:createdDate knoraType="date_value">GREGORIAN:1592:1592</p0826-teimww:createdDate>
    <p0826-teimww:edition knoraType="richtext_value">A Comedy of Errors.</p0826-teimww:edition>
    <p0826-teimww:hasLanguage knoraType="richtext_value">English</p0826-teimww:hasLanguage>
    <p0826-teimww:isWrittenBy>
      <p0826-teimww:person knoraType="link_value" linkType="ref" target="ww_684176b58bc762f6"/>
    </p0826-teimww:isWrittenBy>
    <p0826-teimww:publishDate knoraType="date_value">GREGORIAN:1592:1592</p0826-teimww:publishDate>
    <p0826-teimww:title knoraType="richtext_value">A Comedy of Errors</p0826-teimww:title>
  </p0826-teimww:book>
  <p0826-teimww:book id="ww_f3582e478658b162">
    <knoraXmlImport:label>book label</knoraXmlImport:label>
    <p0826-teimww:bookInternalId knoraType="richtext_value">@006000</p0826-teimww:bookInternalId>
    <p0826-teimww:edition knoraType="richtext_value">ed. The Insatiate Countess, Verhältnis zu den Quellen, Charakterzeichung und Stil. PhD, Königsberg 1913.</p0826-teimww:edition>
    <p0826-teimww:isWrittenBy>
      <p0826-teimww:person knoraType="link_value" linkType="ref" target="ww_d78431424289a522"/>
    </p0826-teimww:isWrittenBy>
    <p0826-teimww:title knoraType="richtext_value">The Insatiate Countess (Ernst edition)</p0826-teimww:title>
  </p0826-teimww:book>
  <p0826-teimww:book id="ww_3970bc7a75eddc11">
    <knoraXmlImport:label>book label</knoraXmlImport:label>
    <p0826-teimww:bookInternalId knoraType="richtext_value">@000941</p0826-teimww:bookInternalId>
    <p0826-teimww:createdDate knoraType="date_value">GREGORIAN:1592:1592</p0826-teimww:createdDate>
    <p0826-teimww:edition knoraType="richtext_value">A Pleasant Comedie, called Summers last will and Testament. Written by Thomas Nash. London: Simon Stafford for Water Burre, 1600.</p0826-teimww:edition>
    <p0826-teimww:hasLanguage knoraType="richtext_value">English</p0826-teimww:hasLanguage>
    <p0826-teimww:isWrittenBy>
      <p0826-teimww:person knoraType="link_value" linkType="ref" target="ww_9e2e58504b5d3de8"/>
    </p0826-teimww:isWrittenBy>
    <p0826-teimww:publishDate knoraType="date_value">GREGORIAN:1592:1592</p0826-teimww:publishDate>
    <p0826-teimww:title knoraType="richtext_value">Summers Last Will and Testament</p0826-teimww:title>
  </p0826-teimww:book>
  <p0826-teimww:book id="ww_0c07954b270e348c">
    <knoraXmlImport:label>book label</knoraXmlImport:label>
    <p0826-teimww:bookInternalId knoraType="richtext_value">@005265</p0826-teimww:bookInternalId>
    <p0826-teimww:createdDate knoraType="date_value">GREGORIAN:1592:1592</p0826-teimww:createdDate>
    <p0826-teimww:edition knoraType="richtext_value">Sonnets.</p0826-teimww:edition>
    <p0826-teimww:hasLanguage knoraType="richtext_value">English</p0826-teimww:hasLanguage>
    <p0826-teimww:isWrittenBy>
      <p0826-teimww:person knoraType="link_value" linkType="ref" target="ww_2e81405af6457448"/>
    </p0826-teimww:isWrittenBy>
    <p0826-teimww:publishDate knoraType="date_value">GREGORIAN:1592:1592</p0826-teimww:publishDate>
    <p0826-teimww:title knoraType="richtext_value">Sonnet 46</p0826-teimww:title>
  </p0826-teimww:book>
  <p0826-teimww:book id="ww_fc0ed4bc4ee837dd">
    <knoraXmlImport:label>book label</knoraXmlImport:label>
    <p0826-teimww:bookInternalId knoraType="richtext_value">@010081</p0826-teimww:bookInternalId>
    <p0826-teimww:edition knoraType="richtext_value">ed. John Mason's The Turke edited from the Quartos of 1610 and 1632. Louvain: A. Uytpruyst, 1913.</p0826-teimww:edition>
    <p0826-teimww:isWrittenBy>
      <p0826-teimww:person knoraType="link_value" linkType="ref" target="ww_b32bc514b340f073"/>
    </p0826-teimww:isWrittenBy>
    <p0826-teimww:title knoraType="richtext_value">The Turk (Adams edition)</p0826-teimww:title>
  </p0826-teimww:book>
  <p0826-teimww:book id="ww_5caf2a980352ed3f">
    <knoraXmlImport:label>book label</knoraXmlImport:label>
    <p0826-teimww:bookInternalId knoraType="richtext_value">@005055</p0826-teimww:bookInternalId>
    <p0826-teimww:createdDate knoraType="date_value">GREGORIAN:1592:1592</p0826-teimww:createdDate>
    <p0826-teimww:edition knoraType="richtext_value">"Pierce Pennilesse, his Supplication to the Divell". in: The Works of Thomas Nashe, Volume 1. Ed Ronald B. McKerrow. Oxford: Basil Blackwell 1958. 137-245.</p0826-teimww:edition>
    <p0826-teimww:hasLanguage knoraType="richtext_value">English</p0826-teimww:hasLanguage>
    <p0826-teimww:isWrittenBy>
      <p0826-teimww:person knoraType="link_value" linkType="ref" target="ww_9e2e58504b5d3de8"/>
    </p0826-teimww:isWrittenBy>
    <p0826-teimww:publishDate knoraType="date_value">GREGORIAN:1592:1592</p0826-teimww:publishDate>
    <p0826-teimww:title knoraType="richtext_value">Pierce Pennyless Supplication to the Devil</p0826-teimww:title>
  </p0826-teimww:book>
  <p0826-teimww:book id="ww_f535cbebb5943d78">
    <knoraXmlImport:label>book label</knoraXmlImport:label>
    <p0826-teimww:bookInternalId knoraType="richtext_value">@000919</p0826-teimww:bookInternalId>
    <p0826-teimww:createdDate knoraType="date_value">GREGORIAN:1592:1592</p0826-teimww:createdDate>
    <p0826-teimww:edition knoraType="richtext_value">Henry VI Part 1.</p0826-teimww:edition>
    <p0826-teimww:hasLanguage knoraType="richtext_value">English</p0826-teimww:hasLanguage>
    <p0826-teimww:isWrittenBy>
      <p0826-teimww:person knoraType="link_value" linkType="ref" target="ww_684176b58bc762f6"/>
    </p0826-teimww:isWrittenBy>
    <p0826-teimww:publishDate knoraType="date_value">GREGORIAN:1592:1592</p0826-teimww:publishDate>
    <p0826-teimww:title knoraType="richtext_value">Henry VI Part 1</p0826-teimww:title>
  </p0826-teimww:book>
  <p0826-teimww:book id="ww_0266d9e8398c6ca3">
    <knoraXmlImport:label>book label</knoraXmlImport:label>
    <p0826-teimww:bookInternalId knoraType="richtext_value">@005606</p0826-teimww:bookInternalId>
    <p0826-teimww:createdDate knoraType="date_value">GREGORIAN:1592:1592</p0826-teimww:createdDate>
    <p0826-teimww:edition knoraType="richtext_value">Groatsworth of Wit. London: William Wright, 1592.</p0826-teimww:edition>
    <p0826-teimww:hasLanguage knoraType="richtext_value">HAS SEVERAL LEXIAS!</p0826-teimww:hasLanguage>
    <p0826-teimww:isWrittenBy>
      <p0826-teimww:person knoraType="link_value" linkType="ref" target="ww_ce2fb5bd491a4d2e"/>
    </p0826-teimww:isWrittenBy>
    <p0826-teimww:publishDate knoraType="date_value">GREGORIAN:1592:1592</p0826-teimww:publishDate>
    <p0826-teimww:title knoraType="richtext_value">Groats-Worth of Wit</p0826-teimww:title>
  </p0826-teimww:book>
  <p0826-teimww:book id="ww_8a65b181cea50159">
    <knoraXmlImport:label>book label</knoraXmlImport:label>
    <p0826-teimww:bookInternalId knoraType="richtext_value">@005565</p0826-teimww:bookInternalId>
    <p0826-teimww:createdDate knoraType="date_value">GREGORIAN:1593:1593</p0826-teimww:createdDate>
    <p0826-teimww:edition knoraType="richtext_value">Churchyards challenge. London: John Wolfe, 1593.</p0826-teimww:edition>
    <p0826-teimww:hasLanguage knoraType="richtext_value">English</p0826-teimww:hasLanguage>
    <p0826-teimww:isWrittenBy>
      <p0826-teimww:person knoraType="link_value" linkType="ref" target="ww_2e80ef314f6d0fdc"/>
    </p0826-teimww:isWrittenBy>
    <p0826-teimww:publishDate knoraType="date_value">GREGORIAN:1593:1593</p0826-teimww:publishDate>
    <p0826-teimww:title knoraType="richtext_value">Churchyards Challenge</p0826-teimww:title>
  </p0826-teimww:book>
  <p0826-teimww:book id="ww_e1e81a86f35b59e9">
    <knoraXmlImport:label>book label</knoraXmlImport:label>
    <p0826-teimww:bookInternalId knoraType="richtext_value">@010044</p0826-teimww:bookInternalId>
    <p0826-teimww:edition knoraType="richtext_value">Notes and Queries (2013): 43-45.</p0826-teimww:edition>
    <p0826-teimww:isWrittenBy>
      <p0826-teimww:person knoraType="link_value" linkType="ref" target="ww_bb3b6ed200b7c591"/>
    </p0826-teimww:isWrittenBy>
    <p0826-teimww:title knoraType="richtext_value">Allusions to Shakespeare in Nathaniel Richards's The Tragedy Of Messalina</p0826-teimww:title>
  </p0826-teimww:book>
  <p0826-teimww:book id="ww_6f0ade1dfe5ee541">
    <knoraXmlImport:label>book label</knoraXmlImport:label>
    <p0826-teimww:bookInternalId knoraType="richtext_value">@003007</p0826-teimww:bookInternalId>
    <p0826-teimww:createdDate knoraType="date_value">GREGORIAN:1593:1593</p0826-teimww:createdDate>
    <p0826-teimww:edition knoraType="richtext_value">Lvcans first booke: Translated line for line, by Chr. Marlow. London: P. Short, 1600.</p0826-teimww:edition>
    <p0826-teimww:hasLanguage knoraType="richtext_value">English</p0826-teimww:hasLanguage>
    <p0826-teimww:isWrittenBy>
      <p0826-teimww:person knoraType="link_value" linkType="ref" target="ww_63d5fe36ffac5d32"/>
    </p0826-teimww:isWrittenBy>
    <p0826-teimww:publishDate knoraType="date_value">GREGORIAN:1593:1593</p0826-teimww:publishDate>
    <p0826-teimww:title knoraType="richtext_value">Lucans First Book</p0826-teimww:title>
  </p0826-teimww:book>
  <p0826-teimww:book id="ww_2eb8f65559e88209">
    <knoraXmlImport:label>book label</knoraXmlImport:label>
    <p0826-teimww:bookInternalId knoraType="richtext_value">@003008</p0826-teimww:bookInternalId>
    <p0826-teimww:createdDate knoraType="date_value">GREGORIAN:1593:1593</p0826-teimww:createdDate>
    <p0826-teimww:edition knoraType="richtext_value">Hero and Leander. Begun by Christopher Marloe; and finished by George Chapman. London: Felix Kingston for Paule Linley, 1598.</p0826-teimww:edition>
    <p0826-teimww:hasLanguage knoraType="richtext_value">English</p0826-teimww:hasLanguage>
    <p0826-teimww:isWrittenBy>
      <p0826-teimww:person knoraType="link_value" linkType="ref" target="ww_8501ec457f433848"/>
    </p0826-teimww:isWrittenBy>
    <p0826-teimww:isWrittenBy>
      <p0826-teimww:person knoraType="link_value" linkType="ref" target="ww_63d5fe36ffac5d32"/>
    </p0826-teimww:isWrittenBy>
    <p0826-teimww:publishDate knoraType="date_value">GREGORIAN:1593:1593</p0826-teimww:publishDate>
    <p0826-teimww:title knoraType="richtext_value">Hero and Leander</p0826-teimww:title>
  </p0826-teimww:book>
  <p0826-teimww:book id="ww_fe0b28179c821ce7">
    <knoraXmlImport:label>book label</knoraXmlImport:label>
    <p0826-teimww:bookInternalId knoraType="richtext_value">@005590</p0826-teimww:bookInternalId>
    <p0826-teimww:createdDate knoraType="date_value">GREGORIAN:1594:1594</p0826-teimww:createdDate>
    <p0826-teimww:edition knoraType="richtext_value">Willobie His Avisa. Or The true Picture of a modest Maid, and of a chast and constant wife. In Hexamiter verse. The like argument wherof, was neuer heretofore published. London: John Windet, 1594.</p0826-teimww:edition>
    <p0826-teimww:hasLanguage knoraType="richtext_value">HAS SEVERAL LEXIAS!</p0826-teimww:hasLanguage>
    <p0826-teimww:isWrittenBy>
      <p0826-teimww:person knoraType="link_value" linkType="ref" target="ww_212c78497ddc32c5"/>
    </p0826-teimww:isWrittenBy>
    <p0826-teimww:publishDate knoraType="date_value">GREGORIAN:1594:1594</p0826-teimww:publishDate>
    <p0826-teimww:title knoraType="richtext_value">Willobies Avisa </p0826-teimww:title>
  </p0826-teimww:book>
  <p0826-teimww:book id="ww_bafc06a3c141cb25">
    <knoraXmlImport:label>book label</knoraXmlImport:label>
    <p0826-teimww:bookInternalId knoraType="richtext_value">@005591</p0826-teimww:bookInternalId>
    <p0826-teimww:createdDate knoraType="date_value">GREGORIAN:1594:1594</p0826-teimww:createdDate>
    <p0826-teimww:edition knoraType="richtext_value">Quoted in John Munro, Clement Mansfield Ingleby et al., eds. The Shakspere Allusion-Book: A Collection of Allusions to Shakspere from 1591 to 1700 [...]. London: Chatto and Windus; New York: Duffield and Co. 1909.</p0826-teimww:edition>
    <p0826-teimww:hasLanguage knoraType="richtext_value">English</p0826-teimww:hasLanguage>
    <p0826-teimww:isWrittenBy>
      <p0826-teimww:person knoraType="link_value" linkType="ref" target="ww_d4ab524c831a2992"/>
    </p0826-teimww:isWrittenBy>
    <p0826-teimww:publishDate knoraType="date_value">GREGORIAN:1594:1594</p0826-teimww:publishDate>
    <p0826-teimww:title knoraType="richtext_value">Saint Peter's Complaint</p0826-teimww:title>
  </p0826-teimww:book>
  <p0826-teimww:book id="ww_4e091746c9370e38">
    <knoraXmlImport:label>book label</knoraXmlImport:label>
    <p0826-teimww:bookInternalId knoraType="richtext_value">@010061</p0826-teimww:bookInternalId>
    <p0826-teimww:edition knoraType="richtext_value">ed. The Life of Marlowe and The Tragedy of Dido Queen of Carthage. London: Methuen and Co., 1930.</p0826-teimww:edition>
    <p0826-teimww:isWrittenBy>
      <p0826-teimww:person knoraType="link_value" linkType="ref" target="ww_b33f1194b1177f69"/>
    </p0826-teimww:isWrittenBy>
    <p0826-teimww:title knoraType="richtext_value">The Life of Marlowe</p0826-teimww:title>
  </p0826-teimww:book>
  <p0826-teimww:book id="ww_36210f298b9bbc6f">
    <knoraXmlImport:label>book label</knoraXmlImport:label>
    <p0826-teimww:bookInternalId knoraType="richtext_value">@005165</p0826-teimww:bookInternalId>
    <p0826-teimww:createdDate knoraType="date_value">GREGORIAN:1596:1596</p0826-teimww:createdDate>
    <p0826-teimww:edition knoraType="richtext_value">The Works of Thomas Nashe. Ed. Ronald B. McKerrow. Rev. F. P. Wilson. Oxford: Basil Blackwell, 1958. 3:1-140.</p0826-teimww:edition>
    <p0826-teimww:hasLanguage knoraType="richtext_value">English</p0826-teimww:hasLanguage>
    <p0826-teimww:isWrittenBy>
      <p0826-teimww:person knoraType="link_value" linkType="ref" target="ww_9e2e58504b5d3de8"/>
    </p0826-teimww:isWrittenBy>
    <p0826-teimww:publishDate knoraType="date_value">GREGORIAN:1596:1596</p0826-teimww:publishDate>
    <p0826-teimww:title knoraType="richtext_value">Have With Yov To Saffron-Walden</p0826-teimww:title>
  </p0826-teimww:book>
  <p0826-teimww:book id="ww_8cd00151071e8080">
    <knoraXmlImport:label>book label</knoraXmlImport:label>
    <p0826-teimww:bookInternalId knoraType="richtext_value">@005580</p0826-teimww:bookInternalId>
    <p0826-teimww:createdDate knoraType="date_value">GREGORIAN:1596:1596</p0826-teimww:createdDate>
    <p0826-teimww:edition knoraType="richtext_value">A margarite of America. By T. Lodge. London: A. Jeffes for John Busby, 1596.</p0826-teimww:edition>
    <p0826-teimww:hasLanguage knoraType="richtext_value">English</p0826-teimww:hasLanguage>
    <p0826-teimww:isWrittenBy>
      <p0826-teimww:person knoraType="link_value" linkType="ref" target="ww_31ef7df7935b492f"/>
    </p0826-teimww:isWrittenBy>
    <p0826-teimww:publishDate knoraType="date_value">GREGORIAN:1596:1596</p0826-teimww:publishDate>
    <p0826-teimww:title knoraType="richtext_value">A Margarite of America</p0826-teimww:title>
  </p0826-teimww:book>
  <p0826-teimww:book id="ww_dad475a43f1ff2eb">
    <knoraXmlImport:label>book label</knoraXmlImport:label>
    <p0826-teimww:bookInternalId knoraType="richtext_value">@010057</p0826-teimww:bookInternalId>
    <p0826-teimww:edition knoraType="richtext_value">Notes and Queries 9:212 (18 January 1902): 46-47. </p0826-teimww:edition>
    <p0826-teimww:isWrittenBy>
      <p0826-teimww:person knoraType="link_value" linkType="ref" target="ww_669296d55624f6e0"/>
    </p0826-teimww:isWrittenBy>
    <p0826-teimww:title knoraType="richtext_value">The source of the 'Seven Ages'</p0826-teimww:title>
  </p0826-teimww:book>
  <p0826-teimww:book id="ww_9ec767d44e3a36f8">
    <knoraXmlImport:label>book label</knoraXmlImport:label>
    <p0826-teimww:bookInternalId knoraType="richtext_value">@010032</p0826-teimww:bookInternalId>
    <p0826-teimww:edition knoraType="richtext_value">ed. The Fleire by Edward Sharpham nach der Quarto 1607 herausgegeben. Louvain: A. Uystpruyst, 1912. Print edition of Hunold Nibbe. The Fleire by Edward Sharpham: kritische Neuausgabe mit Einleitung und Anmerkungen. PhD Strassburg 1911. </p0826-teimww:edition>
    <p0826-teimww:isWrittenBy>
      <p0826-teimww:person knoraType="link_value" linkType="ref" target="ww_2c045bd15b626e88"/>
    </p0826-teimww:isWrittenBy>
    <p0826-teimww:title knoraType="richtext_value">The Fleire (Nibbe edition)</p0826-teimww:title>
  </p0826-teimww:book>
  <p0826-teimww:book id="ww_7fe0f76f34784ff5">
    <knoraXmlImport:label>book label</knoraXmlImport:label>
    <p0826-teimww:bookInternalId knoraType="richtext_value">@001064</p0826-teimww:bookInternalId>
    <p0826-teimww:createdDate knoraType="date_value">GREGORIAN:1597:1597</p0826-teimww:createdDate>
    <p0826-teimww:edition knoraType="richtext_value">Edmund Ironside. 1597.</p0826-teimww:edition>
    <p0826-teimww:hasLanguage knoraType="richtext_value">HAS SEVERAL LEXIAS!</p0826-teimww:hasLanguage>
    <p0826-teimww:isWrittenBy>
      <p0826-teimww:person knoraType="link_value" linkType="ref" target="ww_212c78497ddc32c5"/>
    </p0826-teimww:isWrittenBy>
    <p0826-teimww:publishDate knoraType="date_value">GREGORIAN:1597:1597</p0826-teimww:publishDate>
    <p0826-teimww:title knoraType="richtext_value">Edmund Ironside</p0826-teimww:title>
  </p0826-teimww:book>
  <p0826-teimww:book id="ww_295f83922412b588">
    <knoraXmlImport:label>book label</knoraXmlImport:label>
    <p0826-teimww:bookInternalId knoraType="richtext_value">@005260</p0826-teimww:bookInternalId>
    <p0826-teimww:edition knoraType="richtext_value">Notes and Queries (September 1963): 331-332.</p0826-teimww:edition>
    <p0826-teimww:isWrittenBy>
      <p0826-teimww:person knoraType="link_value" linkType="ref" target="ww_fdae751b03274cac"/>
    </p0826-teimww:isWrittenBy>
    <p0826-teimww:title knoraType="richtext_value">Shakespeare and Edmund Ironside</p0826-teimww:title>
  </p0826-teimww:book>
  <p0826-teimww:book id="ww_8bc9ee57cff30396">
    <knoraXmlImport:label>book label</knoraXmlImport:label>
    <p0826-teimww:bookInternalId knoraType="richtext_value">@005706</p0826-teimww:bookInternalId>
    <p0826-teimww:createdDate knoraType="date_value">GREGORIAN:1598:1598</p0826-teimww:createdDate>
    <p0826-teimww:edition knoraType="richtext_value">The metamorphosis of Pigmalions image And certaine satyres. London: James Roberts for Edmond Matts, 1598.</p0826-teimww:edition>
    <p0826-teimww:hasLanguage knoraType="richtext_value">HAS SEVERAL LEXIAS!</p0826-teimww:hasLanguage>
    <p0826-teimww:isWrittenBy>
      <p0826-teimww:person knoraType="link_value" linkType="ref" target="ww_ad03d7c87e5b9c24"/>
    </p0826-teimww:isWrittenBy>
    <p0826-teimww:publishDate knoraType="date_value">GREGORIAN:1598:1598</p0826-teimww:publishDate>
    <p0826-teimww:title knoraType="richtext_value">Satire 1 - Quedam videntur, et non sunt</p0826-teimww:title>
  </p0826-teimww:book>
  <p0826-teimww:book id="ww_32fdd8378826e2d8">
    <knoraXmlImport:label>book label</knoraXmlImport:label>
    <p0826-teimww:bookInternalId knoraType="richtext_value">@005005</p0826-teimww:bookInternalId>
    <p0826-teimww:createdDate knoraType="date_value">GREGORIAN:1598:1598</p0826-teimww:createdDate>
    <p0826-teimww:edition knoraType="richtext_value">The scourge of villanie Three bookes of satyres. London: James Roberts for John Busby, 1598.</p0826-teimww:edition>
    <p0826-teimww:hasLanguage knoraType="richtext_value">English</p0826-teimww:hasLanguage>
    <p0826-teimww:isWrittenBy>
      <p0826-teimww:person knoraType="link_value" linkType="ref" target="ww_ad03d7c87e5b9c24"/>
    </p0826-teimww:isWrittenBy>
    <p0826-teimww:publishDate knoraType="date_value">GREGORIAN:1598:1598</p0826-teimww:publishDate>
    <p0826-teimww:title knoraType="richtext_value">The Scourge of Villainy</p0826-teimww:title>
  </p0826-teimww:book>
  <p0826-teimww:book id="ww_0c5550692d30fd91">
    <knoraXmlImport:label>book label</knoraXmlImport:label>
    <p0826-teimww:bookInternalId knoraType="richtext_value">@005194</p0826-teimww:bookInternalId>
    <p0826-teimww:edition knoraType="richtext_value">ed. The Poems of John Marston. Liverpool University Press 1961.</p0826-teimww:edition>
    <p0826-teimww:isWrittenBy>
      <p0826-teimww:person knoraType="link_value" linkType="ref" target="ww_4aad8076b21701ae"/>
    </p0826-teimww:isWrittenBy>
    <p0826-teimww:title knoraType="richtext_value">The Poems of John Marston (Davenport edition)</p0826-teimww:title>
  </p0826-teimww:book>
  <p0826-teimww:book id="ww_a466e78302462627">
    <knoraXmlImport:label>book label</knoraXmlImport:label>
    <p0826-teimww:bookInternalId knoraType="richtext_value">@001218</p0826-teimww:bookInternalId>
    <p0826-teimww:createdDate knoraType="date_value">GREGORIAN:1599:1599</p0826-teimww:createdDate>
    <p0826-teimww:edition knoraType="richtext_value">The Plays of John Marston in Three Volumes. Ed. H. Harvey Wood. Edinburgh and London: Oliver and Boyd, 1934-1939. 1:1-64.</p0826-teimww:edition>
    <p0826-teimww:hasLanguage knoraType="richtext_value">English</p0826-teimww:hasLanguage>
    <p0826-teimww:isWrittenBy>
      <p0826-teimww:person knoraType="link_value" linkType="ref" target="ww_ad03d7c87e5b9c24"/>
    </p0826-teimww:isWrittenBy>
    <p0826-teimww:publishDate knoraType="date_value">GREGORIAN:1599:1599</p0826-teimww:publishDate>
    <p0826-teimww:title knoraType="richtext_value">Antonio and Mellida</p0826-teimww:title>
  </p0826-teimww:book>
  <p0826-teimww:book id="ww_0d47d04341ff3e0d">
    <knoraXmlImport:label>book label</knoraXmlImport:label>
    <p0826-teimww:bookInternalId knoraType="richtext_value">@001220</p0826-teimww:bookInternalId>
    <p0826-teimww:createdDate knoraType="date_value">GREGORIAN:1599:1599</p0826-teimww:createdDate>
    <p0826-teimww:edition knoraType="richtext_value">The history of the tryall of cheualry, with the life and death of Caualiero Dicke Bowyer. London: Simon Stafford for Nathaniel Butter, 1605.</p0826-teimww:edition>
    <p0826-teimww:hasLanguage knoraType="richtext_value">English</p0826-teimww:hasLanguage>
    <p0826-teimww:isWrittenBy>
      <p0826-teimww:person knoraType="link_value" linkType="ref" target="ww_212c78497ddc32c5"/>
    </p0826-teimww:isWrittenBy>
    <p0826-teimww:publishDate knoraType="date_value">GREGORIAN:1599:1599</p0826-teimww:publishDate>
    <p0826-teimww:title knoraType="richtext_value">The Trial of Chivalry</p0826-teimww:title>
  </p0826-teimww:book>
  <p0826-teimww:book id="ww_ce9e48c1ecd24728">
    <knoraXmlImport:label>book label</knoraXmlImport:label>
    <p0826-teimww:bookInternalId knoraType="richtext_value">@010056</p0826-teimww:bookInternalId>
    <p0826-teimww:edition knoraType="richtext_value">John Marston's Drama: Themes, Images, Sources. Rutherford et al.: Associated Unversity Presses, 1980.</p0826-teimww:edition>
    <p0826-teimww:isWrittenBy>
      <p0826-teimww:person knoraType="link_value" linkType="ref" target="ww_ac85346a6a733ffa"/>
    </p0826-teimww:isWrittenBy>
    <p0826-teimww:title knoraType="richtext_value">John Marstons Drama </p0826-teimww:title>
  </p0826-teimww:book>
  <p0826-teimww:book id="ww_b908ae26c4f3afcf">
    <knoraXmlImport:label>book label</knoraXmlImport:label>
    <p0826-teimww:bookInternalId knoraType="richtext_value">@010010</p0826-teimww:bookInternalId>
    <p0826-teimww:edition knoraType="richtext_value">eds. William Shakespeare and Others: Collaborative Plays. Basingstoke: Palgrave Macmillan, 2013.</p0826-teimww:edition>
    <p0826-teimww:isWrittenBy>
      <p0826-teimww:person knoraType="link_value" linkType="ref" target="ww_8fb09da2c31a2ddc"/>
    </p0826-teimww:isWrittenBy>
    <p0826-teimww:isWrittenBy>
      <p0826-teimww:person knoraType="link_value" linkType="ref" target="ww_360a194801e33346"/>
    </p0826-teimww:isWrittenBy>
    <p0826-teimww:title knoraType="richtext_value">Collaborative Plays</p0826-teimww:title>
  </p0826-teimww:book>
  <p0826-teimww:book id="ww_436db7d05fb0f0f6">
    <knoraXmlImport:label>book label</knoraXmlImport:label>
    <p0826-teimww:bookInternalId knoraType="richtext_value">@001271</p0826-teimww:bookInternalId>
    <p0826-teimww:createdDate knoraType="date_value">GREGORIAN:1600:1600</p0826-teimww:createdDate>
    <p0826-teimww:edition knoraType="richtext_value">The Plays of John Marston in Three Volumes. Ed. H. Harvey Wood. Edinburgh and London: Oliver and Boyd, 1934-1939. 1:65-134.</p0826-teimww:edition>
    <p0826-teimww:hasLanguage knoraType="richtext_value">English</p0826-teimww:hasLanguage>
    <p0826-teimww:isWrittenBy>
      <p0826-teimww:person knoraType="link_value" linkType="ref" target="ww_ad03d7c87e5b9c24"/>
    </p0826-teimww:isWrittenBy>
    <p0826-teimww:publishDate knoraType="date_value">GREGORIAN:1600:1600</p0826-teimww:publishDate>
    <p0826-teimww:title knoraType="richtext_value">Antonios Revenge</p0826-teimww:title>
  </p0826-teimww:book>
  <p0826-teimww:book id="ww_01a2557ffc81f6ca">
    <knoraXmlImport:label>book label</knoraXmlImport:label>
    <p0826-teimww:bookInternalId knoraType="richtext_value">@010145</p0826-teimww:bookInternalId>
    <p0826-teimww:edition knoraType="richtext_value">A Specimen of a Commentary on Shakespeare: being the text of the first (1794) edition revised by the author and never previously published. Eds. Alan Over and Mary Bell. 2nd ed. London: Methuen, 1967.</p0826-teimww:edition>
    <p0826-teimww:isWrittenBy>
      <p0826-teimww:person knoraType="link_value" linkType="ref" target="ww_7873f39b651d99c4"/>
    </p0826-teimww:isWrittenBy>
    <p0826-teimww:title knoraType="richtext_value">Specimen of a Commentary </p0826-teimww:title>
  </p0826-teimww:book>
  <p0826-teimww:book id="ww_71f9553b2f54e1b1">
    <knoraXmlImport:label>book label</knoraXmlImport:label>
    <p0826-teimww:bookInternalId knoraType="richtext_value">@010090</p0826-teimww:bookInternalId>
    <p0826-teimww:edition knoraType="richtext_value">The Genesis of Shakespeare Idolatry, 1766-1799. A Study in English Criticism of the Late Eighteenth Century. New York: Russell and Russell, 1964.</p0826-teimww:edition>
    <p0826-teimww:isWrittenBy>
      <p0826-teimww:person knoraType="link_value" linkType="ref" target="ww_6602bf84bc7e7d7f"/>
    </p0826-teimww:isWrittenBy>
    <p0826-teimww:title knoraType="richtext_value">The Genesis of Shakespeare Idolatry 1766-1799</p0826-teimww:title>
  </p0826-teimww:book>
  <p0826-teimww:book id="ww_703eb3f3a9bf6d41">
    <knoraXmlImport:label>book label</knoraXmlImport:label>
    <p0826-teimww:bookInternalId knoraType="richtext_value">@010073</p0826-teimww:bookInternalId>
    <p0826-teimww:edition knoraType="richtext_value">ed. Shakespearean Burlesques. 3 vols. London: Diploma Press, Ltd., 1977.</p0826-teimww:edition>
    <p0826-teimww:isWrittenBy>
      <p0826-teimww:person knoraType="link_value" linkType="ref" target="ww_df21ac325632f060"/>
    </p0826-teimww:isWrittenBy>
    <p0826-teimww:title knoraType="richtext_value">Shakespearean Burlesques (Wells edition)</p0826-teimww:title>
  </p0826-teimww:book>
  <p0826-teimww:book id="ww_f034fa6f545e0122">
    <knoraXmlImport:label>book label</knoraXmlImport:label>
    <p0826-teimww:bookInternalId knoraType="richtext_value">@010065</p0826-teimww:bookInternalId>
    <p0826-teimww:edition knoraType="richtext_value">Past and Present 44 (August 1969): 3-51.</p0826-teimww:edition>
    <p0826-teimww:isWrittenBy>
      <p0826-teimww:person knoraType="link_value" linkType="ref" target="ww_9d448942a16583fe"/>
    </p0826-teimww:isWrittenBy>
    <p0826-teimww:isWrittenBy>
      <p0826-teimww:person knoraType="link_value" linkType="ref" target="ww_c961f8c651ae6763"/>
    </p0826-teimww:isWrittenBy>
    <p0826-teimww:title knoraType="richtext_value">The Madrigal, the Lute Song and Elizabethan Politics</p0826-teimww:title>
  </p0826-teimww:book>
  <p0826-teimww:book id="ww_27efae6f396668e8">
    <knoraXmlImport:label>book label</knoraXmlImport:label>
    <p0826-teimww:bookInternalId knoraType="richtext_value">@010109</p0826-teimww:bookInternalId>
    <p0826-teimww:edition knoraType="richtext_value">The Influence of Shakespeare on English Drama 1600-1642. Cambridge: Cambridge University Press, 1968.</p0826-teimww:edition>
    <p0826-teimww:isWrittenBy>
      <p0826-teimww:person knoraType="link_value" linkType="ref" target="ww_ffa5ab3de908dcd2"/>
    </p0826-teimww:isWrittenBy>
    <p0826-teimww:title knoraType="richtext_value">The Influence of Shakespeare on English Drama 1600</p0826-teimww:title>
  </p0826-teimww:book>
  <p0826-teimww:book id="ww_e38a56a7efbf9723">
    <knoraXmlImport:label>book label</knoraXmlImport:label>
    <p0826-teimww:bookInternalId knoraType="richtext_value">@005700</p0826-teimww:bookInternalId>
    <p0826-teimww:edition knoraType="richtext_value">ed. John Marston. The Insatiate Countess. Manchester: Manchester University Press, 1984.</p0826-teimww:edition>
    <p0826-teimww:isWrittenBy>
      <p0826-teimww:person knoraType="link_value" linkType="ref" target="ww_e651195b0e2d0014"/>
    </p0826-teimww:isWrittenBy>
    <p0826-teimww:title knoraType="richtext_value">The Insatiate Countess (Melchiori edition)</p0826-teimww:title>
  </p0826-teimww:book>
  <p0826-teimww:book id="ww_ae88354a1d70cefb">
    <knoraXmlImport:label>book label</knoraXmlImport:label>
    <p0826-teimww:bookInternalId knoraType="richtext_value">@010143</p0826-teimww:bookInternalId>
    <p0826-teimww:edition knoraType="richtext_value">ed. The Complete Works of John Webster. 4 vols. London: Chatto and Windus, 1927. </p0826-teimww:edition>
    <p0826-teimww:isWrittenBy>
      <p0826-teimww:person knoraType="link_value" linkType="ref" target="ww_ed8bb2273ef0878b"/>
    </p0826-teimww:isWrittenBy>
    <p0826-teimww:title knoraType="richtext_value">The Complete Works of John Webster (Lucas edition)</p0826-teimww:title>
  </p0826-teimww:book>
  <p0826-teimww:book id="ww_f1fa280c821d334c">
    <knoraXmlImport:label>book label</knoraXmlImport:label>
    <p0826-teimww:bookInternalId knoraType="richtext_value">@010068</p0826-teimww:bookInternalId>
    <p0826-teimww:edition knoraType="richtext_value">The Shakespeare Association Bulletin 16.1 (1941): 50-1.</p0826-teimww:edition>
    <p0826-teimww:isWrittenBy>
      <p0826-teimww:person knoraType="link_value" linkType="ref" target="ww_ac792c172bd4228f"/>
    </p0826-teimww:isWrittenBy>
    <p0826-teimww:title knoraType="richtext_value">An Early Hamlet Allusion</p0826-teimww:title>
  </p0826-teimww:book>
  <p0826-teimww:book id="ww_2f767c233db0ba89">
    <knoraXmlImport:label>book label</knoraXmlImport:label>
    <p0826-teimww:bookInternalId knoraType="richtext_value">@010012</p0826-teimww:bookInternalId>
    <p0826-teimww:edition knoraType="richtext_value">Poetry and Drama 1570-1700: Essays in Honour of Harold F. Brooks. Eds. Antony Coleman and Antony Hammond. London and New York: Methuen, 1981. 186-199.</p0826-teimww:edition>
    <p0826-teimww:isWrittenBy>
      <p0826-teimww:person knoraType="link_value" linkType="ref" target="ww_4e2014cf7880cdc5"/>
    </p0826-teimww:isWrittenBy>
    <p0826-teimww:title knoraType="richtext_value">Congreve as a Shakespearean</p0826-teimww:title>
  </p0826-teimww:book>
  <p0826-teimww:book id="ww_c4dd28c52431d7a3">
    <knoraXmlImport:label>book label</knoraXmlImport:label>
    <p0826-teimww:bookInternalId knoraType="richtext_value">@010041</p0826-teimww:bookInternalId>
    <p0826-teimww:edition knoraType="richtext_value">Modern Philology 53.2 (November 1955): 88-99.</p0826-teimww:edition>
    <p0826-teimww:isWrittenBy>
      <p0826-teimww:person knoraType="link_value" linkType="ref" target="ww_549b732020230ba1"/>
    </p0826-teimww:isWrittenBy>
    <p0826-teimww:title knoraType="richtext_value">Shakespeare and Jonson among the Pamphleteers of the First Civil War. Some Unreported Seventeenth-Century Allusions</p0826-teimww:title>
  </p0826-teimww:book>
  <p0826-teimww:book id="ww_fcbf6cb53d663d95">
    <knoraXmlImport:label>book label</knoraXmlImport:label>
    <p0826-teimww:bookInternalId knoraType="richtext_value">@010201</p0826-teimww:bookInternalId>
    <p0826-teimww:edition knoraType="richtext_value">Shakespeare and Ovid. Oxford: Clarendon Paperbacks, 1994.</p0826-teimww:edition>
    <p0826-teimww:isWrittenBy>
      <p0826-teimww:person knoraType="link_value" linkType="ref" target="ww_360a194801e33346"/>
    </p0826-teimww:isWrittenBy>
    <p0826-teimww:title knoraType="richtext_value">Shakespeare and Ovid</p0826-teimww:title>
  </p0826-teimww:book>
  <p0826-teimww:book id="ww_db0e9fa009aad7b3">
    <knoraXmlImport:label>book label</knoraXmlImport:label>
    <p0826-teimww:bookInternalId knoraType="richtext_value">@010070</p0826-teimww:bookInternalId>
    <p0826-teimww:edition knoraType="richtext_value">Swiss Papers in English Language and Literature (SPELL) 3 The Structure of Texts (1987): 133-157.</p0826-teimww:edition>
    <p0826-teimww:isWrittenBy>
      <p0826-teimww:person knoraType="link_value" linkType="ref" target="ww_86c92244655c7f75"/>
    </p0826-teimww:isWrittenBy>
    <p0826-teimww:title knoraType="richtext_value">Word and Image Clusters in Shakespeare</p0826-teimww:title>
  </p0826-teimww:book>
  <p0826-teimww:book id="ww_5daf3834744322ae">
    <knoraXmlImport:label>book label</knoraXmlImport:label>
    <p0826-teimww:bookInternalId knoraType="richtext_value">@001269</p0826-teimww:bookInternalId>
    <p0826-teimww:createdDate knoraType="date_value">GREGORIAN:1600:1600</p0826-teimww:createdDate>
    <p0826-teimww:edition knoraType="richtext_value">The Workes of Beniamin Jonson. London: Will Stansby, 1616. 178-269.</p0826-teimww:edition>
    <p0826-teimww:hasLanguage knoraType="richtext_value">English</p0826-teimww:hasLanguage>
    <p0826-teimww:isWrittenBy>
      <p0826-teimww:person knoraType="link_value" linkType="ref" target="ww_9b2d545e20d62482"/>
    </p0826-teimww:isWrittenBy>
    <p0826-teimww:publishDate knoraType="date_value">GREGORIAN:1600:1600</p0826-teimww:publishDate>
    <p0826-teimww:title knoraType="richtext_value">Cynthia's Revels</p0826-teimww:title>
  </p0826-teimww:book>
  <p0826-teimww:book id="ww_f6685305b5e15919">
    <knoraXmlImport:label>book label</knoraXmlImport:label>
    <p0826-teimww:bookInternalId knoraType="richtext_value">@010014</p0826-teimww:bookInternalId>
    <p0826-teimww:edition knoraType="richtext_value">Notes and Queries 202 (1957): 285-286.</p0826-teimww:edition>
    <p0826-teimww:isWrittenBy>
      <p0826-teimww:person knoraType="link_value" linkType="ref" target="ww_cfc974ec4e221d48"/>
    </p0826-teimww:isWrittenBy>
    <p0826-teimww:title knoraType="richtext_value">Henry Swinburne and Shakespeare</p0826-teimww:title>
  </p0826-teimww:book>
  <p0826-teimww:book id="ww_599e3b499932059f">
    <knoraXmlImport:label>book label</knoraXmlImport:label>
    <p0826-teimww:bookInternalId knoraType="richtext_value">@010066</p0826-teimww:bookInternalId>
    <p0826-teimww:edition knoraType="richtext_value">Shakespeare's Testamentary Language. London: Longmans, Green and Co., 1869. </p0826-teimww:edition>
    <p0826-teimww:isWrittenBy>
      <p0826-teimww:person knoraType="link_value" linkType="ref" target="ww_920d3f0aede3598b"/>
    </p0826-teimww:isWrittenBy>
    <p0826-teimww:title knoraType="richtext_value">Shakespeares Testamentary Language</p0826-teimww:title>
  </p0826-teimww:book>
  <p0826-teimww:book id="ww_0b652d0c80d7227e">
    <knoraXmlImport:label>book label</knoraXmlImport:label>
    <p0826-teimww:bookInternalId knoraType="richtext_value">@010013</p0826-teimww:bookInternalId>
    <p0826-teimww:edition knoraType="richtext_value">Shakespeare Quarterly 20.1 (Winter 1969): 81-83.</p0826-teimww:edition>
    <p0826-teimww:isWrittenBy>
      <p0826-teimww:person knoraType="link_value" linkType="ref" target="ww_9d444a0f923d7ac3"/>
    </p0826-teimww:isWrittenBy>
    <p0826-teimww:title knoraType="richtext_value">Five Shakespeare Allusions 1621-1630</p0826-teimww:title>
  </p0826-teimww:book>
  <p0826-teimww:book id="ww_49d40eeadeef05fb">
    <knoraXmlImport:label>book label</knoraXmlImport:label>
    <p0826-teimww:bookInternalId knoraType="richtext_value">@010129</p0826-teimww:bookInternalId>
    <p0826-teimww:edition knoraType="richtext_value">ed. Poems upon several occasions. English, Italian and Latin, with translations, by John Milton [...]. With Notes, critical and explanatory, and other illustrations. London: James Dodsley, 1785.</p0826-teimww:edition>
    <p0826-teimww:isWrittenBy>
      <p0826-teimww:person knoraType="link_value" linkType="ref" target="ww_99768d9741fbce8b"/>
    </p0826-teimww:isWrittenBy>
    <p0826-teimww:title knoraType="richtext_value">Milton Poems (Warton edition)</p0826-teimww:title>
  </p0826-teimww:book>
  <p0826-teimww:book id="ww_bd61ff243a1c12bf">
    <knoraXmlImport:label>book label</knoraXmlImport:label>
    <p0826-teimww:bookInternalId knoraType="richtext_value">@010074</p0826-teimww:bookInternalId>
    <p0826-teimww:edition knoraType="richtext_value">What Happens in Hamlet? Cambridge: Cambridge University Press, 2003.</p0826-teimww:edition>
    <p0826-teimww:isWrittenBy>
      <p0826-teimww:person knoraType="link_value" linkType="ref" target="ww_e59f20507549cc08"/>
    </p0826-teimww:isWrittenBy>
    <p0826-teimww:title knoraType="richtext_value">What Happens in Hamlet</p0826-teimww:title>
  </p0826-teimww:book>
  <p0826-teimww:book id="ww_17854cef6ca6f944">
    <knoraXmlImport:label>book label</knoraXmlImport:label>
    <p0826-teimww:bookInternalId knoraType="richtext_value">@010108</p0826-teimww:bookInternalId>
    <p0826-teimww:edition knoraType="richtext_value">Shakespeare Quarterly 16.1 (Winter 1965): 81-89.</p0826-teimww:edition>
    <p0826-teimww:isWrittenBy>
      <p0826-teimww:person knoraType="link_value" linkType="ref" target="ww_ffa5ab3de908dcd2"/>
    </p0826-teimww:isWrittenBy>
    <p0826-teimww:title knoraType="richtext_value">Shakespeare in the Seventeenth Century</p0826-teimww:title>
  </p0826-teimww:book>
  <p0826-teimww:book id="ww_1397c4b67db5b86a">
    <knoraXmlImport:label>book label</knoraXmlImport:label>
    <p0826-teimww:bookInternalId knoraType="richtext_value">@010055</p0826-teimww:bookInternalId>
    <p0826-teimww:edition knoraType="richtext_value">There is Nothing Like a Dane! The Lighter Side of Hamlet. London: Nick Hern Books, 1998.</p0826-teimww:edition>
    <p0826-teimww:isWrittenBy>
      <p0826-teimww:person knoraType="link_value" linkType="ref" target="ww_0579f1a78253c75c"/>
    </p0826-teimww:isWrittenBy>
    <p0826-teimww:title knoraType="richtext_value">There is Nothing Like a Dane</p0826-teimww:title>
  </p0826-teimww:book>
  <p0826-teimww:book id="ww_a3bdfb5ec0f62f6f">
    <knoraXmlImport:label>book label</knoraXmlImport:label>
    <p0826-teimww:bookInternalId knoraType="richtext_value">@020005</p0826-teimww:bookInternalId>
    <p0826-teimww:edition knoraType="richtext_value">ed. William Shakespeare. Hamlet. New Arden Shakespeare. London: Methuen, 1982.</p0826-teimww:edition>
    <p0826-teimww:isWrittenBy>
      <p0826-teimww:person knoraType="link_value" linkType="ref" target="ww_5630a28303424aa1"/>
    </p0826-teimww:isWrittenBy>
    <p0826-teimww:title knoraType="richtext_value">Hamlet (Jenkins edition)</p0826-teimww:title>
  </p0826-teimww:book>
  <p0826-teimww:book id="ww_42a6c34f5f492571">
    <knoraXmlImport:label>book label</knoraXmlImport:label>
    <p0826-teimww:bookInternalId knoraType="richtext_value">@010016</p0826-teimww:bookInternalId>
    <p0826-teimww:edition knoraType="richtext_value">SQ 4.1 (January 1953): 3-9.</p0826-teimww:edition>
    <p0826-teimww:isWrittenBy>
      <p0826-teimww:person knoraType="link_value" linkType="ref" target="ww_46b7abbd7f3bb8e7"/>
    </p0826-teimww:isWrittenBy>
    <p0826-teimww:title knoraType="richtext_value">Characterization in Polonius' Advice to Laertes</p0826-teimww:title>
  </p0826-teimww:book>
  <p0826-teimww:book id="ww_ede42cb1c3c1d408">
    <knoraXmlImport:label>book label</knoraXmlImport:label>
    <p0826-teimww:bookInternalId knoraType="richtext_value">@010027</p0826-teimww:bookInternalId>
    <p0826-teimww:edition knoraType="richtext_value">Shakespeare's Euphuism. London: Longmans, Green, and Co., 1871.</p0826-teimww:edition>
    <p0826-teimww:isWrittenBy>
      <p0826-teimww:person knoraType="link_value" linkType="ref" target="ww_920d3f0aede3598b"/>
    </p0826-teimww:isWrittenBy>
    <p0826-teimww:title knoraType="richtext_value">Shakespeares Euphuism</p0826-teimww:title>
  </p0826-teimww:book>
  <p0826-teimww:book id="ww_eba183d996a233a5">
    <knoraXmlImport:label>book label</knoraXmlImport:label>
    <p0826-teimww:bookInternalId knoraType="richtext_value">@010024</p0826-teimww:bookInternalId>
    <p0826-teimww:edition knoraType="richtext_value">Queen's Quarterly 65 (1 January 1958): 239-250.</p0826-teimww:edition>
    <p0826-teimww:isWrittenBy>
      <p0826-teimww:person knoraType="link_value" linkType="ref" target="ww_b85b5bffc57af7f3"/>
    </p0826-teimww:isWrittenBy>
    <p0826-teimww:title knoraType="richtext_value">Shakespeare's Living Sources</p0826-teimww:title>
  </p0826-teimww:book>
  <p0826-teimww:book id="ww_5c89e8fa112ee4e8">
    <knoraXmlImport:label>book label</knoraXmlImport:label>
    <p0826-teimww:bookInternalId knoraType="richtext_value">@010135</p0826-teimww:bookInternalId>
    <p0826-teimww:edition knoraType="richtext_value">"Shakespeare's Sayings". Shakespeare and Elizabethan Popular Culture. Ed. Stuart Gillespie and Neil Rhodes. London: The Arden Shakespeare, 2006. 155-173.</p0826-teimww:edition>
    <p0826-teimww:isWrittenBy>
      <p0826-teimww:person knoraType="link_value" linkType="ref" target="ww_e7afee78eca963f2"/>
    </p0826-teimww:isWrittenBy>
    <p0826-teimww:title knoraType="richtext_value">Shakespeares Sayings</p0826-teimww:title>
  </p0826-teimww:book>
  <p0826-teimww:book id="ww_7a7f311401615b8e">
    <knoraXmlImport:label>book label</knoraXmlImport:label>
    <p0826-teimww:bookInternalId knoraType="richtext_value">@005278</p0826-teimww:bookInternalId>
    <p0826-teimww:createdDate knoraType="date_value">GREGORIAN:1602:1602</p0826-teimww:createdDate>
    <p0826-teimww:edition knoraType="richtext_value">[Additions to] The Spanish Tragedie: The Spanish Tragedie: Containing the lamentable end of Don Horatio, and Bel-imperia: with the pittifull death of olde Hieronimo. Newly corrected, amended, and enlarged with new additions of the Painters part, and others, as it hath of late been diuers times acted. London: W. W. for T. Pauier, 1602.</p0826-teimww:edition>
    <p0826-teimww:hasLanguage knoraType="richtext_value">English</p0826-teimww:hasLanguage>
    <p0826-teimww:isWrittenBy>
      <p0826-teimww:person knoraType="link_value" linkType="ref" target="ww_9b2d545e20d62482"/>
    </p0826-teimww:isWrittenBy>
    <p0826-teimww:publishDate knoraType="date_value">GREGORIAN:1602:1602</p0826-teimww:publishDate>
    <p0826-teimww:title knoraType="richtext_value">Additions to the Spanish Tragedy</p0826-teimww:title>
  </p0826-teimww:book>
  <p0826-teimww:book id="ww_7f949bbd8df542c3">
    <knoraXmlImport:label>book label</knoraXmlImport:label>
    <p0826-teimww:bookInternalId knoraType="richtext_value">@001391</p0826-teimww:bookInternalId>
    <p0826-teimww:createdDate knoraType="date_value">GREGORIAN:1603:1603</p0826-teimww:createdDate>
    <p0826-teimww:edition knoraType="richtext_value">The Plays of John Marston in Three Volumes. Ed. H. Harvey Wood. Edinburgh and London: Oliver and Boyd, 1934-1939. 1:135-218.</p0826-teimww:edition>
    <p0826-teimww:hasLanguage knoraType="richtext_value">HAS SEVERAL LEXIAS!</p0826-teimww:hasLanguage>
    <p0826-teimww:isWrittenBy>
      <p0826-teimww:person knoraType="link_value" linkType="ref" target="ww_ad03d7c87e5b9c24"/>
    </p0826-teimww:isWrittenBy>
    <p0826-teimww:publishDate knoraType="date_value">GREGORIAN:1603:1603</p0826-teimww:publishDate>
    <p0826-teimww:title knoraType="richtext_value">The Malcontent</p0826-teimww:title>
  </p0826-teimww:book>
  <p0826-teimww:book id="ww_75ea66b2f428cc3e">
    <knoraXmlImport:label>book label</knoraXmlImport:label>
    <p0826-teimww:bookInternalId knoraType="richtext_value">@001434</p0826-teimww:bookInternalId>
    <p0826-teimww:createdDate knoraType="date_value">GREGORIAN:1604:1604</p0826-teimww:createdDate>
    <p0826-teimww:edition knoraType="richtext_value">The Plays of John Marston in Three Volumes. Ed. H. Harvey Wood. Edinburgh and London: Oliver and Boyd, 1934-1939. 2:65-138.</p0826-teimww:edition>
    <p0826-teimww:hasLanguage knoraType="richtext_value">English</p0826-teimww:hasLanguage>
    <p0826-teimww:isWrittenBy>
      <p0826-teimww:person knoraType="link_value" linkType="ref" target="ww_ad03d7c87e5b9c24"/>
    </p0826-teimww:isWrittenBy>
    <p0826-teimww:publishDate knoraType="date_value">GREGORIAN:1604:1604</p0826-teimww:publishDate>
    <p0826-teimww:title knoraType="richtext_value">The Dutch Curtezan</p0826-teimww:title>
  </p0826-teimww:book>
  <p0826-teimww:book id="ww_bc78559657a822d9">
    <knoraXmlImport:label>book label</knoraXmlImport:label>
    <p0826-teimww:bookInternalId knoraType="richtext_value">@005594</p0826-teimww:bookInternalId>
    <p0826-teimww:createdDate knoraType="date_value">GREGORIAN:1604:1604</p0826-teimww:createdDate>
    <p0826-teimww:edition knoraType="richtext_value">Daiphantus, or The Passions of Loue. Comicall to Reade, But Tragicall to Act: As full of Wit, as of Experience. London: T. Creede for William Cotton, 1604.</p0826-teimww:edition>
    <p0826-teimww:hasLanguage knoraType="richtext_value">HAS SEVERAL LEXIAS!</p0826-teimww:hasLanguage>
    <p0826-teimww:isWrittenBy>
      <p0826-teimww:person knoraType="link_value" linkType="ref" target="ww_970a44cddbbbe8d2"/>
    </p0826-teimww:isWrittenBy>
    <p0826-teimww:publishDate knoraType="date_value">GREGORIAN:1604:1604</p0826-teimww:publishDate>
    <p0826-teimww:title knoraType="richtext_value">Daiphantus</p0826-teimww:title>
  </p0826-teimww:book>
  <p0826-teimww:book id="ww_850c6f2b24767d61">
    <knoraXmlImport:label>book label</knoraXmlImport:label>
    <p0826-teimww:bookInternalId knoraType="richtext_value">@001419</p0826-teimww:bookInternalId>
    <p0826-teimww:createdDate knoraType="date_value">GREGORIAN:1604:1604</p0826-teimww:createdDate>
    <p0826-teimww:edition knoraType="richtext_value">The Case Is Altered. 1604.</p0826-teimww:edition>
    <p0826-teimww:hasLanguage knoraType="richtext_value">English</p0826-teimww:hasLanguage>
    <p0826-teimww:isWrittenBy>
      <p0826-teimww:person knoraType="link_value" linkType="ref" target="ww_9b2d545e20d62482"/>
    </p0826-teimww:isWrittenBy>
    <p0826-teimww:publishDate knoraType="date_value">GREGORIAN:1604:1604</p0826-teimww:publishDate>
    <p0826-teimww:title knoraType="richtext_value">The Case is Altered - How - Ask Dalio and Millo</p0826-teimww:title>
  </p0826-teimww:book>
  <p0826-teimww:book id="ww_d77664dc4673002e">
    <knoraXmlImport:label>book label</knoraXmlImport:label>
    <p0826-teimww:bookInternalId knoraType="richtext_value">@001455</p0826-teimww:bookInternalId>
    <p0826-teimww:createdDate knoraType="date_value">GREGORIAN:1605:1605</p0826-teimww:createdDate>
    <p0826-teimww:edition knoraType="richtext_value">The Plays of John Marston in Three Volumes. Ed. H. Harvey Wood. Edinburgh and London: Oliver and Boyd, 1934-1939. 2:139-226.</p0826-teimww:edition>
    <p0826-teimww:hasLanguage knoraType="richtext_value">English</p0826-teimww:hasLanguage>
    <p0826-teimww:isWrittenBy>
      <p0826-teimww:person knoraType="link_value" linkType="ref" target="ww_ad03d7c87e5b9c24"/>
    </p0826-teimww:isWrittenBy>
    <p0826-teimww:publishDate knoraType="date_value">GREGORIAN:1605:1605</p0826-teimww:publishDate>
    <p0826-teimww:title knoraType="richtext_value">The Fawne</p0826-teimww:title>
  </p0826-teimww:book>
  <p0826-teimww:book id="ww_b3682ff76e9d5773">
    <knoraXmlImport:label>book label</knoraXmlImport:label>
    <p0826-teimww:bookInternalId knoraType="richtext_value">@005276</p0826-teimww:bookInternalId>
    <p0826-teimww:createdDate knoraType="date_value">GREGORIAN:1605:1605</p0826-teimww:createdDate>
    <p0826-teimww:edition knoraType="richtext_value">The Collected Works. Gen. eds. Gary Taylor and John Lavagnino. Oxford: Clarendon Press, 2007. 455-466.</p0826-teimww:edition>
    <p0826-teimww:hasLanguage knoraType="richtext_value">English</p0826-teimww:hasLanguage>
    <p0826-teimww:isWrittenBy>
      <p0826-teimww:person knoraType="link_value" linkType="ref" target="ww_c298754546b2500e"/>
    </p0826-teimww:isWrittenBy>
    <p0826-teimww:publishDate knoraType="date_value">GREGORIAN:1605:1605</p0826-teimww:publishDate>
    <p0826-teimww:title knoraType="richtext_value">A Yorkshire Tragedy</p0826-teimww:title>
  </p0826-teimww:book>
  <p0826-teimww:book id="ww_aba8d90916ae3714">
    <knoraXmlImport:label>book label</knoraXmlImport:label>
    <p0826-teimww:bookInternalId knoraType="richtext_value">@001485</p0826-teimww:bookInternalId>
    <p0826-teimww:createdDate knoraType="date_value">GREGORIAN:1605:1605</p0826-teimww:createdDate>
    <p0826-teimww:edition knoraType="richtext_value">The Plays of John Marston in Three Volumes. Ed. H. Harvey Wood. Edinburgh and London: Oliver and Boyd, 1934-1939. 2:1-64.</p0826-teimww:edition>
    <p0826-teimww:hasLanguage knoraType="richtext_value">English</p0826-teimww:hasLanguage>
    <p0826-teimww:isWrittenBy>
      <p0826-teimww:person knoraType="link_value" linkType="ref" target="ww_ad03d7c87e5b9c24"/>
    </p0826-teimww:isWrittenBy>
    <p0826-teimww:publishDate knoraType="date_value">GREGORIAN:1605:1605</p0826-teimww:publishDate>
    <p0826-teimww:title knoraType="richtext_value">Sophonisba</p0826-teimww:title>
  </p0826-teimww:book>
  <p0826-teimww:book id="ww_c63e16da2763dd6d">
    <knoraXmlImport:label>book label</knoraXmlImport:label>
    <p0826-teimww:bookInternalId knoraType="richtext_value">@001520</p0826-teimww:bookInternalId>
    <p0826-teimww:createdDate knoraType="date_value">GREGORIAN:1606:1606</p0826-teimww:createdDate>
    <p0826-teimww:edition knoraType="richtext_value">English Renaissance Drama: A Norton Anthology. Gen. ed. David Bevington. New York and London: W. W. Norton, 2002. 1303-1369.</p0826-teimww:edition>
    <p0826-teimww:hasLanguage knoraType="richtext_value">English</p0826-teimww:hasLanguage>
    <p0826-teimww:isWrittenBy>
      <p0826-teimww:person knoraType="link_value" linkType="ref" target="ww_883324fc3b8b8dba"/>
    </p0826-teimww:isWrittenBy>
    <p0826-teimww:isWrittenBy>
      <p0826-teimww:person knoraType="link_value" linkType="ref" target="ww_c298754546b2500e"/>
    </p0826-teimww:isWrittenBy>
    <p0826-teimww:publishDate knoraType="date_value">GREGORIAN:1606:1606</p0826-teimww:publishDate>
    <p0826-teimww:title knoraType="richtext_value">The Revenger's Tragedy</p0826-teimww:title>
  </p0826-teimww:book>
  <p0826-teimww:book id="ww_4c03575c94189fa0">
    <knoraXmlImport:label>book label</knoraXmlImport:label>
    <p0826-teimww:bookInternalId knoraType="richtext_value">@001495</p0826-teimww:bookInternalId>
    <p0826-teimww:createdDate knoraType="date_value">GREGORIAN:1606:1606</p0826-teimww:createdDate>
    <p0826-teimww:edition knoraType="richtext_value">The Fleire by Edward Sharpham nach der Quarto 1607. Ed. Hunold Nibbe. Louvain: A. Uystpruyst, 1912.</p0826-teimww:edition>
    <p0826-teimww:hasLanguage knoraType="richtext_value">English</p0826-teimww:hasLanguage>
    <p0826-teimww:isWrittenBy>
      <p0826-teimww:person knoraType="link_value" linkType="ref" target="ww_79c674f9ee6b5a7c"/>
    </p0826-teimww:isWrittenBy>
    <p0826-teimww:publishDate knoraType="date_value">GREGORIAN:1606:1606</p0826-teimww:publishDate>
    <p0826-teimww:title knoraType="richtext_value">The Fleer</p0826-teimww:title>
  </p0826-teimww:book>
  <p0826-teimww:book id="ww_4ecd91ff283420a1">
    <knoraXmlImport:label>book label</knoraXmlImport:label>
    <p0826-teimww:bookInternalId knoraType="richtext_value">@010126</p0826-teimww:bookInternalId>
    <p0826-teimww:edition knoraType="richtext_value">eds. The Collected Works of Thomas Middleton. Oxford: Clarendon Press, 2007.</p0826-teimww:edition>
    <p0826-teimww:isWrittenBy>
      <p0826-teimww:person knoraType="link_value" linkType="ref" target="ww_b29f022218b6d47d"/>
    </p0826-teimww:isWrittenBy>
    <p0826-teimww:isWrittenBy>
      <p0826-teimww:person knoraType="link_value" linkType="ref" target="ww_d97781c5821c201b"/>
    </p0826-teimww:isWrittenBy>
    <p0826-teimww:title knoraType="richtext_value">The Collected Works of Thomas Middleton (Taylor ed</p0826-teimww:title>
  </p0826-teimww:book>
  <p0826-teimww:book id="ww_0dd45e53b3b0b09c">
    <knoraXmlImport:label>book label</knoraXmlImport:label>
    <p0826-teimww:bookInternalId knoraType="richtext_value">@010124</p0826-teimww:bookInternalId>
    <p0826-teimww:edition knoraType="richtext_value">Studies in English Literature 1500-1900 24:2 "Elizabethan and Jacobean Drama" Spring 1984): 275-291.</p0826-teimww:edition>
    <p0826-teimww:isWrittenBy>
      <p0826-teimww:person knoraType="link_value" linkType="ref" target="ww_fac481b50f8ffd3a"/>
    </p0826-teimww:isWrittenBy>
    <p0826-teimww:title knoraType="richtext_value">Acting and Violence: The Revenger's Tragedy and Its Departures from Hamlet</p0826-teimww:title>
  </p0826-teimww:book>
  <p0826-teimww:book id="ww_65a8b466f961261c">
    <knoraXmlImport:label>book label</knoraXmlImport:label>
    <p0826-teimww:bookInternalId knoraType="richtext_value">@001529</p0826-teimww:bookInternalId>
    <p0826-teimww:createdDate knoraType="date_value">GREGORIAN:1607:1607</p0826-teimww:createdDate>
    <p0826-teimww:edition knoraType="richtext_value">The Familie of loue Acted by the children of his Maiesties Reuells. London: Richard Braddock for John Helmes, 1608.</p0826-teimww:edition>
    <p0826-teimww:hasLanguage knoraType="richtext_value">English</p0826-teimww:hasLanguage>
    <p0826-teimww:isWrittenBy>
      <p0826-teimww:person knoraType="link_value" linkType="ref" target="ww_9b3aca5e1fbd9b33"/>
    </p0826-teimww:isWrittenBy>
    <p0826-teimww:publishDate knoraType="date_value">GREGORIAN:1607:1607</p0826-teimww:publishDate>
    <p0826-teimww:title knoraType="richtext_value">The Family of Love</p0826-teimww:title>
  </p0826-teimww:book>
  <p0826-teimww:book id="ww_15ed05beffe3ef00">
    <knoraXmlImport:label>book label</knoraXmlImport:label>
    <p0826-teimww:bookInternalId knoraType="richtext_value">@005166</p0826-teimww:bookInternalId>
    <p0826-teimww:createdDate knoraType="date_value">GREGORIAN:1607:1607</p0826-teimww:createdDate>
    <p0826-teimww:edition knoraType="richtext_value">The Optick glasse of Humors. Or The touchstone of a golden temperature [...] by T.W. Master of Artes. 1607.</p0826-teimww:edition>
    <p0826-teimww:hasLanguage knoraType="richtext_value">English</p0826-teimww:hasLanguage>
    <p0826-teimww:isWrittenBy>
      <p0826-teimww:person knoraType="link_value" linkType="ref" target="ww_e005e74f6af8f88e"/>
    </p0826-teimww:isWrittenBy>
    <p0826-teimww:publishDate knoraType="date_value">GREGORIAN:1607:1607</p0826-teimww:publishDate>
    <p0826-teimww:title knoraType="richtext_value">The Optic Glass of Humours</p0826-teimww:title>
  </p0826-teimww:book>
  <p0826-teimww:book id="ww_4664b15bdb9400ec">
    <knoraXmlImport:label>book label</knoraXmlImport:label>
    <p0826-teimww:bookInternalId knoraType="richtext_value">@001557</p0826-teimww:bookInternalId>
    <p0826-teimww:createdDate knoraType="date_value">GREGORIAN:1607:1607</p0826-teimww:createdDate>
    <p0826-teimww:edition knoraType="richtext_value">John Mason's The Turke edited from the Quartos of 1610 and 1632 by Joseph Quincy Adams, Jr. Louvain: A. Uytpruyst, 1913.</p0826-teimww:edition>
    <p0826-teimww:hasLanguage knoraType="richtext_value">English</p0826-teimww:hasLanguage>
    <p0826-teimww:isWrittenBy>
      <p0826-teimww:person knoraType="link_value" linkType="ref" target="ww_255b598e0ee7f9d1"/>
    </p0826-teimww:isWrittenBy>
    <p0826-teimww:publishDate knoraType="date_value">GREGORIAN:1607:1607</p0826-teimww:publishDate>
    <p0826-teimww:title knoraType="richtext_value">The Turk</p0826-teimww:title>
  </p0826-teimww:book>
  <p0826-teimww:book id="ww_7153ee1643dbad3b">
    <knoraXmlImport:label>book label</knoraXmlImport:label>
    <p0826-teimww:bookInternalId knoraType="richtext_value">@010094</p0826-teimww:bookInternalId>
    <p0826-teimww:edition knoraType="richtext_value">Nathan Field, The Actor-Playwright. New Haven: Yale University Press, 1928.</p0826-teimww:edition>
    <p0826-teimww:isWrittenBy>
      <p0826-teimww:person knoraType="link_value" linkType="ref" target="ww_baa26ba822bffa2f"/>
    </p0826-teimww:isWrittenBy>
    <p0826-teimww:title knoraType="richtext_value">Nathan Field, The Actor-Playwright</p0826-teimww:title>
  </p0826-teimww:book>
  <p0826-teimww:book id="ww_56e2bc4eb5abe25b">
    <knoraXmlImport:label>book label</knoraXmlImport:label>
    <p0826-teimww:bookInternalId knoraType="richtext_value">@001605</p0826-teimww:bookInternalId>
    <p0826-teimww:createdDate knoraType="date_value">GREGORIAN:1610:1610</p0826-teimww:createdDate>
    <p0826-teimww:edition knoraType="richtext_value">The Insatiate Countess.</p0826-teimww:edition>
    <p0826-teimww:hasLanguage knoraType="richtext_value">English</p0826-teimww:hasLanguage>
    <p0826-teimww:isWrittenBy>
      <p0826-teimww:person knoraType="link_value" linkType="ref" target="ww_ad03d7c87e5b9c24"/>
    </p0826-teimww:isWrittenBy>
    <p0826-teimww:isWrittenBy>
      <p0826-teimww:person knoraType="link_value" linkType="ref" target="ww_4165dddf64bc6da3"/>
    </p0826-teimww:isWrittenBy>
    <p0826-teimww:isWrittenBy>
      <p0826-teimww:person knoraType="link_value" linkType="ref" target="ww_18abf85e413e5632"/>
    </p0826-teimww:isWrittenBy>
    <p0826-teimww:publishDate knoraType="date_value">GREGORIAN:1610:1610</p0826-teimww:publishDate>
    <p0826-teimww:title knoraType="richtext_value">The Insatiate Countess</p0826-teimww:title>
  </p0826-teimww:book>
  <p0826-teimww:book id="ww_dcc738a50b5db68f">
    <knoraXmlImport:label>book label</knoraXmlImport:label>
    <p0826-teimww:bookInternalId knoraType="richtext_value">@001612</p0826-teimww:bookInternalId>
    <p0826-teimww:createdDate knoraType="date_value">GREGORIAN:1610:1610</p0826-teimww:createdDate>
    <p0826-teimww:edition knoraType="richtext_value">The Revenge of Bussy D'Ambois. A Tragedy. As it hath been often presented at the private Play-house in the White-Fryers. Written By George Chapman. London: T. S. to be sold by Iohn Helme, 1613.</p0826-teimww:edition>
    <p0826-teimww:hasLanguage knoraType="richtext_value">English</p0826-teimww:hasLanguage>
    <p0826-teimww:isWrittenBy>
      <p0826-teimww:person knoraType="link_value" linkType="ref" target="ww_8501ec457f433848"/>
    </p0826-teimww:isWrittenBy>
    <p0826-teimww:publishDate knoraType="date_value">GREGORIAN:1610:1610</p0826-teimww:publishDate>
    <p0826-teimww:title knoraType="richtext_value">The Revenge of Bussy DAmboise</p0826-teimww:title>
  </p0826-teimww:book>
  <p0826-teimww:book id="ww_aae46d6606af08c5">
    <knoraXmlImport:label>book label</knoraXmlImport:label>
    <p0826-teimww:bookInternalId knoraType="richtext_value">@001653</p0826-teimww:bookInternalId>
    <p0826-teimww:createdDate knoraType="date_value">GREGORIAN:1611:1611</p0826-teimww:createdDate>
    <p0826-teimww:edition knoraType="richtext_value">The Brazen Age. London: Nicholas Okes, for Samuel Rand 1613.</p0826-teimww:edition>
    <p0826-teimww:hasLanguage knoraType="richtext_value">English</p0826-teimww:hasLanguage>
    <p0826-teimww:isWrittenBy>
      <p0826-teimww:person knoraType="link_value" linkType="ref" target="ww_f10aec8cfe5ff90d"/>
    </p0826-teimww:isWrittenBy>
    <p0826-teimww:publishDate knoraType="date_value">GREGORIAN:1611:1611</p0826-teimww:publishDate>
    <p0826-teimww:title knoraType="richtext_value">The Age of Brass</p0826-teimww:title>
  </p0826-teimww:book>
  <p0826-teimww:book id="ww_9ad87c450d3c00aa">
    <knoraXmlImport:label>book label</knoraXmlImport:label>
    <p0826-teimww:bookInternalId knoraType="richtext_value">@001650</p0826-teimww:bookInternalId>
    <p0826-teimww:createdDate knoraType="date_value">GREGORIAN:1611:1611</p0826-teimww:createdDate>
    <p0826-teimww:edition knoraType="richtext_value">The Dramatic Works in the Beaumont and Fletcher Canon. Ed. F. Bowers. 10 vols. Cambridge: Cambridge University Press, 1970. Vol. 2, 1-166.</p0826-teimww:edition>
    <p0826-teimww:hasLanguage knoraType="richtext_value">English</p0826-teimww:hasLanguage>
    <p0826-teimww:isWrittenBy>
      <p0826-teimww:person knoraType="link_value" linkType="ref" target="ww_ecd33a52caec339f"/>
    </p0826-teimww:isWrittenBy>
    <p0826-teimww:isWrittenBy>
      <p0826-teimww:person knoraType="link_value" linkType="ref" target="ww_3cc0cce5b6bf554a"/>
    </p0826-teimww:isWrittenBy>
    <p0826-teimww:publishDate knoraType="date_value">GREGORIAN:1611:1611</p0826-teimww:publishDate>
    <p0826-teimww:title knoraType="richtext_value">The Maid's Tragedy</p0826-teimww:title>
  </p0826-teimww:book>
  <p0826-teimww:book id="ww_ff044156426e708d">
    <knoraXmlImport:label>book label</knoraXmlImport:label>
    <p0826-teimww:bookInternalId knoraType="richtext_value">@001701</p0826-teimww:bookInternalId>
    <p0826-teimww:createdDate knoraType="date_value">GREGORIAN:1613:1613</p0826-teimww:createdDate>
    <p0826-teimww:edition knoraType="richtext_value">The Hogge hath Lost his Pearle. A Comedy. Divers times Publikely acted, by certaine London Prentices. By Robert Tailor. London: Richard Redmer, 1614.</p0826-teimww:edition>
    <p0826-teimww:hasLanguage knoraType="richtext_value">English</p0826-teimww:hasLanguage>
    <p0826-teimww:isWrittenBy>
      <p0826-teimww:person knoraType="link_value" linkType="ref" target="ww_9865bf07634965e0"/>
    </p0826-teimww:isWrittenBy>
    <p0826-teimww:publishDate knoraType="date_value">GREGORIAN:1613:1613</p0826-teimww:publishDate>
    <p0826-teimww:title knoraType="richtext_value">The Hog Hath Lost His Pearl</p0826-teimww:title>
  </p0826-teimww:book>
  <p0826-teimww:book id="ww_83f40524c281e8de">
    <knoraXmlImport:label>book label</knoraXmlImport:label>
    <p0826-teimww:bookInternalId knoraType="richtext_value">@001706</p0826-teimww:bookInternalId>
    <p0826-teimww:createdDate knoraType="date_value">GREGORIAN:1613:1613</p0826-teimww:createdDate>
    <p0826-teimww:edition knoraType="richtext_value">"Four playes or morall representations in one". In: Comedies and Tragedies Written by Francis Beaumont and Iohn Fletcher [...] Never printed before, And now published by the Authours Originall Copies. London: Robinson and Moseley, 1647.</p0826-teimww:edition>
    <p0826-teimww:hasLanguage knoraType="richtext_value">English</p0826-teimww:hasLanguage>
    <p0826-teimww:isWrittenBy>
      <p0826-teimww:person knoraType="link_value" linkType="ref" target="ww_8926bbeaa7c56023"/>
    </p0826-teimww:isWrittenBy>
    <p0826-teimww:isWrittenBy>
      <p0826-teimww:person knoraType="link_value" linkType="ref" target="ww_3cc0cce5b6bf554a"/>
    </p0826-teimww:isWrittenBy>
    <p0826-teimww:publishDate knoraType="date_value">GREGORIAN:1613:1613</p0826-teimww:publishDate>
    <p0826-teimww:title knoraType="richtext_value">Four Plays, or Moral Representations, in One </p0826-teimww:title>
  </p0826-teimww:book>
  <p0826-teimww:book id="ww_b70c78ad34ac9ba9">
    <knoraXmlImport:label>book label</knoraXmlImport:label>
    <p0826-teimww:bookInternalId knoraType="richtext_value">@001704</p0826-teimww:bookInternalId>
    <p0826-teimww:createdDate knoraType="date_value">GREGORIAN:1613:1613</p0826-teimww:createdDate>
    <p0826-teimww:edition knoraType="richtext_value">The Iron Age. Contayning the Rape of Hellen: The Siege of Troy: The Combate betwixt Hector and Aiax: Hector and Troilus slayne by Achilles: Achilles slaine by Paris: Aiax and Vlisses contend for the Armour of Achilles: The Death of Ajax. London: Nicholas Okes, 1632.</p0826-teimww:edition>
    <p0826-teimww:hasLanguage knoraType="richtext_value">English</p0826-teimww:hasLanguage>
    <p0826-teimww:isWrittenBy>
      <p0826-teimww:person knoraType="link_value" linkType="ref" target="ww_f10aec8cfe5ff90d"/>
    </p0826-teimww:isWrittenBy>
    <p0826-teimww:publishDate knoraType="date_value">GREGORIAN:1613:1613</p0826-teimww:publishDate>
    <p0826-teimww:title knoraType="richtext_value">The Iron Age Part 1</p0826-teimww:title>
  </p0826-teimww:book>
  <p0826-teimww:book id="ww_b7cc3dc17b06bc1d">
    <knoraXmlImport:label>book label</knoraXmlImport:label>
    <p0826-teimww:bookInternalId knoraType="richtext_value">@001823</p0826-teimww:bookInternalId>
    <p0826-teimww:createdDate knoraType="date_value">GREGORIAN:1617:1617</p0826-teimww:createdDate>
    <p0826-teimww:edition knoraType="richtext_value">The raging Tvrke. Or Baiazet the second. London: Avgvst. Mathevves for Richard Meighen, 1631.</p0826-teimww:edition>
    <p0826-teimww:hasLanguage knoraType="richtext_value">English</p0826-teimww:hasLanguage>
    <p0826-teimww:isWrittenBy>
      <p0826-teimww:person knoraType="link_value" linkType="ref" target="ww_ef3a38fd3962bb10"/>
    </p0826-teimww:isWrittenBy>
    <p0826-teimww:publishDate knoraType="date_value">GREGORIAN:1617:1617</p0826-teimww:publishDate>
    <p0826-teimww:title knoraType="richtext_value">The Raging Turk</p0826-teimww:title>
  </p0826-teimww:book>
  <p0826-teimww:book id="ww_e6393757bde56f88">
    <knoraXmlImport:label>book label</knoraXmlImport:label>
    <p0826-teimww:bookInternalId knoraType="richtext_value">@005120</p0826-teimww:bookInternalId>
    <p0826-teimww:createdDate knoraType="date_value">GREGORIAN:1619:1619</p0826-teimww:createdDate>
    <p0826-teimww:edition knoraType="richtext_value">The house of correction. or, certayne satyricall epigrams. London: Richard Redmer et al., 1619.</p0826-teimww:edition>
    <p0826-teimww:hasLanguage knoraType="richtext_value">English</p0826-teimww:hasLanguage>
    <p0826-teimww:isWrittenBy>
      <p0826-teimww:person knoraType="link_value" linkType="ref" target="ww_16cc8f76837b9146"/>
    </p0826-teimww:isWrittenBy>
    <p0826-teimww:publishDate knoraType="date_value">GREGORIAN:1619:1619</p0826-teimww:publishDate>
    <p0826-teimww:title knoraType="richtext_value">The House of Correction</p0826-teimww:title>
  </p0826-teimww:book>
  <p0826-teimww:book id="ww_c3a47e920e07f537">
    <knoraXmlImport:label>book label</knoraXmlImport:label>
    <p0826-teimww:bookInternalId knoraType="richtext_value">@001990</p0826-teimww:bookInternalId>
    <p0826-teimww:createdDate knoraType="date_value">GREGORIAN:1621:1621</p0826-teimww:createdDate>
    <p0826-teimww:edition knoraType="richtext_value">The wild-goose chase. A comedie as it hath been acted with singular applause at the Black-Friers : being the noble, last, and onely remaines of those incomparable drammatists, Francis Beaumont and John Fletcher, Gent.: retriv'd for the publick delight of all the ingenious and private benefit of John Lowin and Joseph Taylor, servants to His late Majestie. London: Humphrey Moseley, 1652.</p0826-teimww:edition>
    <p0826-teimww:hasLanguage knoraType="richtext_value">English</p0826-teimww:hasLanguage>
    <p0826-teimww:isWrittenBy>
      <p0826-teimww:person knoraType="link_value" linkType="ref" target="ww_3cc0cce5b6bf554a"/>
    </p0826-teimww:isWrittenBy>
    <p0826-teimww:publishDate knoraType="date_value">GREGORIAN:1621:1621</p0826-teimww:publishDate>
    <p0826-teimww:title knoraType="richtext_value">The Wild-Goose Chase</p0826-teimww:title>
  </p0826-teimww:book>
  <p0826-teimww:book id="ww_6b9bc6143aac54e5">
    <knoraXmlImport:label>book label</knoraXmlImport:label>
    <p0826-teimww:bookInternalId knoraType="richtext_value">@002027</p0826-teimww:bookInternalId>
    <p0826-teimww:createdDate knoraType="date_value">GREGORIAN:1622:1622</p0826-teimww:createdDate>
    <p0826-teimww:edition knoraType="richtext_value">A Match at Mid-Night. A Pleasant Comoedie: As it hath beene Acted by the Children of the Revells. Written by VV. R. London: Aug. Mathewes for William Sheares, 1633.</p0826-teimww:edition>
    <p0826-teimww:hasLanguage knoraType="richtext_value">English</p0826-teimww:hasLanguage>
    <p0826-teimww:isWrittenBy>
      <p0826-teimww:person knoraType="link_value" linkType="ref" target="ww_5cb3d6fa23800e74"/>
    </p0826-teimww:isWrittenBy>
    <p0826-teimww:publishDate knoraType="date_value">GREGORIAN:1622:1622</p0826-teimww:publishDate>
    <p0826-teimww:title knoraType="richtext_value">A Match at Midnight</p0826-teimww:title>
  </p0826-teimww:book>
  <p0826-teimww:book id="ww_ae445c827885ad63">
    <knoraXmlImport:label>book label</knoraXmlImport:label>
    <p0826-teimww:bookInternalId knoraType="richtext_value">@002069</p0826-teimww:bookInternalId>
    <p0826-teimww:createdDate knoraType="date_value">GREGORIAN:1623:1623</p0826-teimww:createdDate>
    <p0826-teimww:edition knoraType="richtext_value">Fortune by Land and Sea. A Tragi-Comedy. London, 1655.</p0826-teimww:edition>
    <p0826-teimww:hasLanguage knoraType="richtext_value">English</p0826-teimww:hasLanguage>
    <p0826-teimww:isWrittenBy>
      <p0826-teimww:person knoraType="link_value" linkType="ref" target="ww_f10aec8cfe5ff90d"/>
    </p0826-teimww:isWrittenBy>
    <p0826-teimww:isWrittenBy>
      <p0826-teimww:person knoraType="link_value" linkType="ref" target="ww_5cb3d6fa23800e74"/>
    </p0826-teimww:isWrittenBy>
    <p0826-teimww:publishDate knoraType="date_value">GREGORIAN:1623:1623</p0826-teimww:publishDate>
    <p0826-teimww:title knoraType="richtext_value">Fortune by Land and Sea</p0826-teimww:title>
  </p0826-teimww:book>
  <p0826-teimww:book id="ww_5da40143cf2a7516">
    <knoraXmlImport:label>book label</knoraXmlImport:label>
    <p0826-teimww:bookInternalId knoraType="richtext_value">@005105</p0826-teimww:bookInternalId>
    <p0826-teimww:createdDate knoraType="date_value">GREGORIAN:1624:1624</p0826-teimww:createdDate>
    <p0826-teimww:edition knoraType="richtext_value">Gynaikeion. or, Nine bookes of various history. Concerninge women inscribed by ye names of ye nine Muses. Written by Thom: Heywoode. London: Adam Islip, 1624.</p0826-teimww:edition>
    <p0826-teimww:hasLanguage knoraType="richtext_value">English</p0826-teimww:hasLanguage>
    <p0826-teimww:isWrittenBy>
      <p0826-teimww:person knoraType="link_value" linkType="ref" target="ww_f10aec8cfe5ff90d"/>
    </p0826-teimww:isWrittenBy>
    <p0826-teimww:publishDate knoraType="date_value">GREGORIAN:1624:1624</p0826-teimww:publishDate>
    <p0826-teimww:title knoraType="richtext_value">Gynaikeion</p0826-teimww:title>
  </p0826-teimww:book>
  <p0826-teimww:book id="ww_7970b85d2ad84965">
    <knoraXmlImport:label>book label</knoraXmlImport:label>
    <p0826-teimww:bookInternalId knoraType="richtext_value">@002158</p0826-teimww:bookInternalId>
    <p0826-teimww:createdDate knoraType="date_value">GREGORIAN:1625:1625</p0826-teimww:createdDate>
    <p0826-teimww:edition knoraType="richtext_value">The Schoole of Complement. As It Was Acted by her Maiesties Servants at the Private house in Drury Lane. E. A. for Francis Constable. 1631.</p0826-teimww:edition>
    <p0826-teimww:hasLanguage knoraType="richtext_value">English</p0826-teimww:hasLanguage>
    <p0826-teimww:isWrittenBy>
      <p0826-teimww:person knoraType="link_value" linkType="ref" target="ww_68dae2dd3ee5eaa3"/>
    </p0826-teimww:isWrittenBy>
    <p0826-teimww:publishDate knoraType="date_value">GREGORIAN:1625:1625</p0826-teimww:publishDate>
    <p0826-teimww:title knoraType="richtext_value">Love Tricks, or The School of Compliments</p0826-teimww:title>
  </p0826-teimww:book>
  <p0826-teimww:book id="ww_7d392b46fd787fce">
    <knoraXmlImport:label>book label</knoraXmlImport:label>
    <p0826-teimww:bookInternalId knoraType="richtext_value">@002180</p0826-teimww:bookInternalId>
    <p0826-teimww:createdDate knoraType="date_value">GREGORIAN:1626:1626</p0826-teimww:createdDate>
    <p0826-teimww:edition knoraType="richtext_value">A New Way to Pay Old Debts. A Comoedie: As it hath beene often acted at the Phoenix in Drury-Lane, by the Queenes Maiesties seruants. The Author. Philip Massinger. London: E. P. for Henry Seyle, 1633.</p0826-teimww:edition>
    <p0826-teimww:hasLanguage knoraType="richtext_value">English</p0826-teimww:hasLanguage>
    <p0826-teimww:isWrittenBy>
      <p0826-teimww:person knoraType="link_value" linkType="ref" target="ww_cbc2c3284144573a"/>
    </p0826-teimww:isWrittenBy>
    <p0826-teimww:publishDate knoraType="date_value">GREGORIAN:1626:1626</p0826-teimww:publishDate>
    <p0826-teimww:title knoraType="richtext_value">A New Way to Pay Old Debts</p0826-teimww:title>
  </p0826-teimww:book>
  <p0826-teimww:book id="ww_53ea056cdc03928d">
    <knoraXmlImport:label>book label</knoraXmlImport:label>
    <p0826-teimww:bookInternalId knoraType="richtext_value">@002224</p0826-teimww:bookInternalId>
    <p0826-teimww:createdDate knoraType="date_value">GREGORIAN:1627:1627</p0826-teimww:createdDate>
    <p0826-teimww:edition knoraType="richtext_value">The Queen. Or The Excellency Of Her Sex. An Excellent old Play. Found out by a Person of Honour, and given to the Publisher, Alexander Goughe. London. T. N. for Thomas Heath, 1653.</p0826-teimww:edition>
    <p0826-teimww:hasLanguage knoraType="richtext_value">English</p0826-teimww:hasLanguage>
    <p0826-teimww:isWrittenBy>
      <p0826-teimww:person knoraType="link_value" linkType="ref" target="ww_c1c75e8b202bbbee"/>
    </p0826-teimww:isWrittenBy>
    <p0826-teimww:publishDate knoraType="date_value">GREGORIAN:1627:1627</p0826-teimww:publishDate>
    <p0826-teimww:title knoraType="richtext_value">The Queen</p0826-teimww:title>
  </p0826-teimww:book>
  <p0826-teimww:book id="ww_ae5a361b7f786e79">
    <knoraXmlImport:label>book label</knoraXmlImport:label>
    <p0826-teimww:bookInternalId knoraType="richtext_value">@002289</p0826-teimww:bookInternalId>
    <p0826-teimww:createdDate knoraType="date_value">GREGORIAN:1629:1629</p0826-teimww:createdDate>
    <p0826-teimww:edition knoraType="richtext_value">A pleasant comedy, called A mayden-head well lost As it hath beene publickly acted at the Cocke-pit in Drury-lane, with much applause: by her Maiesties Seruants. Written by Thomas Heyvvood. London: Nicholas Okes for Iohn Iackson and Francis Church, 1634.</p0826-teimww:edition>
    <p0826-teimww:hasLanguage knoraType="richtext_value">English</p0826-teimww:hasLanguage>
    <p0826-teimww:isWrittenBy>
      <p0826-teimww:person knoraType="link_value" linkType="ref" target="ww_f10aec8cfe5ff90d"/>
    </p0826-teimww:isWrittenBy>
    <p0826-teimww:publishDate knoraType="date_value">GREGORIAN:1629:1629</p0826-teimww:publishDate>
    <p0826-teimww:title knoraType="richtext_value">A Maidenhead Well Lost</p0826-teimww:title>
  </p0826-teimww:book>
  <p0826-teimww:book id="ww_80d15f244b120eda">
    <knoraXmlImport:label>book label</knoraXmlImport:label>
    <p0826-teimww:bookInternalId knoraType="richtext_value">@002329</p0826-teimww:bookInternalId>
    <p0826-teimww:createdDate knoraType="date_value">GREGORIAN:1631:1631</p0826-teimww:createdDate>
    <p0826-teimww:edition knoraType="richtext_value">'Tis Pitty Shee's a Whore. Acted by the Queenes Maiesties Seruants, at The Phoenix in Drury-Lane. London: Nicholas Okes for Richard Collins, 1633.</p0826-teimww:edition>
    <p0826-teimww:hasLanguage knoraType="richtext_value">English</p0826-teimww:hasLanguage>
    <p0826-teimww:isWrittenBy>
      <p0826-teimww:person knoraType="link_value" linkType="ref" target="ww_c1c75e8b202bbbee"/>
    </p0826-teimww:isWrittenBy>
    <p0826-teimww:publishDate knoraType="date_value">GREGORIAN:1631:1631</p0826-teimww:publishDate>
    <p0826-teimww:title knoraType="richtext_value">Tis Pity Shes A Whore</p0826-teimww:title>
  </p0826-teimww:book>
  <p0826-teimww:book id="ww_e16edd49585b8434">
    <knoraXmlImport:label>book label</knoraXmlImport:label>
    <p0826-teimww:bookInternalId knoraType="richtext_value">@002360</p0826-teimww:bookInternalId>
    <p0826-teimww:createdDate knoraType="date_value">GREGORIAN:1632:1632</p0826-teimww:createdDate>
    <p0826-teimww:edition knoraType="richtext_value">Love's Sacrifice. Ed. A. T. Moore. Manchester: Manchester University Press, 2002.</p0826-teimww:edition>
    <p0826-teimww:hasLanguage knoraType="richtext_value">English</p0826-teimww:hasLanguage>
    <p0826-teimww:isWrittenBy>
      <p0826-teimww:person knoraType="link_value" linkType="ref" target="ww_c1c75e8b202bbbee"/>
    </p0826-teimww:isWrittenBy>
    <p0826-teimww:publishDate knoraType="date_value">GREGORIAN:1632:1632</p0826-teimww:publishDate>
    <p0826-teimww:title knoraType="richtext_value">Loves Sacrifice</p0826-teimww:title>
  </p0826-teimww:book>
  <p0826-teimww:book id="ww_38c906962ba7629a">
    <knoraXmlImport:label>book label</knoraXmlImport:label>
    <p0826-teimww:bookInternalId knoraType="richtext_value">@005456</p0826-teimww:bookInternalId>
    <p0826-teimww:createdDate knoraType="date_value">GREGORIAN:1633:1633</p0826-teimww:createdDate>
    <p0826-teimww:edition knoraType="richtext_value">A Divine and Philosophicall conference betweene some Fathers of the Church, and some Philosophers of Nature, proposing [...] Pious [...] Aenigmaes. Enlarged edition. London: N.p., 1633.</p0826-teimww:edition>
    <p0826-teimww:hasLanguage knoraType="richtext_value">English</p0826-teimww:hasLanguage>
    <p0826-teimww:isWrittenBy>
      <p0826-teimww:person knoraType="link_value" linkType="ref" target="ww_e92e9dc9d65ade56"/>
    </p0826-teimww:isWrittenBy>
    <p0826-teimww:publishDate knoraType="date_value">GREGORIAN:1633:1633</p0826-teimww:publishDate>
    <p0826-teimww:title knoraType="richtext_value">A Divine and Philosophical Conference</p0826-teimww:title>
  </p0826-teimww:book>
  <p0826-teimww:book id="ww_e0b03ee292ddfc15">
    <knoraXmlImport:label>book label</knoraXmlImport:label>
    <p0826-teimww:bookInternalId knoraType="richtext_value">@002421</p0826-teimww:bookInternalId>
    <p0826-teimww:createdDate knoraType="date_value">GREGORIAN:1634:1634</p0826-teimww:createdDate>
    <p0826-teimww:edition knoraType="richtext_value">The Witts. A Comedie. William D'avenant. London: Richard Meighen, 1636.</p0826-teimww:edition>
    <p0826-teimww:hasLanguage knoraType="richtext_value">English</p0826-teimww:hasLanguage>
    <p0826-teimww:isWrittenBy>
      <p0826-teimww:person knoraType="link_value" linkType="ref" target="ww_d8f1d08e1ca080b7"/>
    </p0826-teimww:isWrittenBy>
    <p0826-teimww:publishDate knoraType="date_value">GREGORIAN:1634:1634</p0826-teimww:publishDate>
    <p0826-teimww:title knoraType="richtext_value">The Wits</p0826-teimww:title>
  </p0826-teimww:book>
  <p0826-teimww:book id="ww_f46dacc14c087bc2">
    <knoraXmlImport:label>book label</knoraXmlImport:label>
    <p0826-teimww:bookInternalId knoraType="richtext_value">@002480</p0826-teimww:bookInternalId>
    <p0826-teimww:createdDate knoraType="date_value">GREGORIAN:1635:1635</p0826-teimww:createdDate>
    <p0826-teimww:edition knoraType="richtext_value">Hannibal and Scipio. London: Richard Oulton for Charles Greene, 1637.</p0826-teimww:edition>
    <p0826-teimww:hasLanguage knoraType="richtext_value">English</p0826-teimww:hasLanguage>
    <p0826-teimww:isWrittenBy>
      <p0826-teimww:person knoraType="link_value" linkType="ref" target="ww_d0a72ec0a44b283d"/>
    </p0826-teimww:isWrittenBy>
    <p0826-teimww:publishDate knoraType="date_value">GREGORIAN:1635:1635</p0826-teimww:publishDate>
    <p0826-teimww:title knoraType="richtext_value">Hannibal and Scipio</p0826-teimww:title>
  </p0826-teimww:book>
  <p0826-teimww:book id="ww_55ab4059c87d0c3d">
    <knoraXmlImport:label>book label</knoraXmlImport:label>
    <p0826-teimww:bookInternalId knoraType="richtext_value">@002458</p0826-teimww:bookInternalId>
    <p0826-teimww:createdDate knoraType="date_value">GREGORIAN:1635:1635</p0826-teimww:createdDate>
    <p0826-teimww:edition knoraType="richtext_value">The Antiquary. A Comedy, Acted by Her Majesties' Servants at The Cock-Pit. London. 1641.</p0826-teimww:edition>
    <p0826-teimww:hasLanguage knoraType="richtext_value">English</p0826-teimww:hasLanguage>
    <p0826-teimww:isWrittenBy>
      <p0826-teimww:person knoraType="link_value" linkType="ref" target="ww_cc76df07de512c5c"/>
    </p0826-teimww:isWrittenBy>
    <p0826-teimww:publishDate knoraType="date_value">GREGORIAN:1635:1635</p0826-teimww:publishDate>
    <p0826-teimww:title knoraType="richtext_value">The Antiquary</p0826-teimww:title>
  </p0826-teimww:book>
  <p0826-teimww:book id="ww_96ea9a9110850b53">
    <knoraXmlImport:label>book label</knoraXmlImport:label>
    <p0826-teimww:bookInternalId knoraType="richtext_value">@005685</p0826-teimww:bookInternalId>
    <p0826-teimww:createdDate knoraType="date_value">GREGORIAN:1635:1635</p0826-teimww:createdDate>
    <p0826-teimww:edition knoraType="richtext_value">Speculum Mundi. Or A glasse representing the face of the world. Cambridge, 1635.</p0826-teimww:edition>
    <p0826-teimww:hasLanguage knoraType="richtext_value">English</p0826-teimww:hasLanguage>
    <p0826-teimww:isWrittenBy>
      <p0826-teimww:person knoraType="link_value" linkType="ref" target="ww_e3629c2300452bc6"/>
    </p0826-teimww:isWrittenBy>
    <p0826-teimww:publishDate knoraType="date_value">GREGORIAN:1635:1635</p0826-teimww:publishDate>
    <p0826-teimww:title knoraType="richtext_value">Speculum Mundi</p0826-teimww:title>
  </p0826-teimww:book>
  <p0826-teimww:book id="ww_103921d4089e2ff4">
    <knoraXmlImport:label>book label</knoraXmlImport:label>
    <p0826-teimww:bookInternalId knoraType="richtext_value">@002545</p0826-teimww:bookInternalId>
    <p0826-teimww:createdDate knoraType="date_value">GREGORIAN:1636:1636</p0826-teimww:createdDate>
    <p0826-teimww:edition knoraType="richtext_value">Three New Playes. London: Humphrey Moseley et al., 1655. 1-87.</p0826-teimww:edition>
    <p0826-teimww:hasLanguage knoraType="richtext_value">English</p0826-teimww:hasLanguage>
    <p0826-teimww:isWrittenBy>
      <p0826-teimww:person knoraType="link_value" linkType="ref" target="ww_cbc2c3284144573a"/>
    </p0826-teimww:isWrittenBy>
    <p0826-teimww:publishDate knoraType="date_value">GREGORIAN:1636:1636</p0826-teimww:publishDate>
    <p0826-teimww:title knoraType="richtext_value">The Bashful Lover</p0826-teimww:title>
  </p0826-teimww:book>
  <p0826-teimww:book id="ww_60a60dc6ecad70c0">
    <knoraXmlImport:label>book label</knoraXmlImport:label>
    <p0826-teimww:bookInternalId knoraType="richtext_value">@002684</p0826-teimww:bookInternalId>
    <p0826-teimww:createdDate knoraType="date_value">GREGORIAN:1639:1639</p0826-teimww:createdDate>
    <p0826-teimww:edition knoraType="richtext_value">Imperiale. A Tragedie. London: Thomas Harper, 1639.</p0826-teimww:edition>
    <p0826-teimww:hasLanguage knoraType="richtext_value">English</p0826-teimww:hasLanguage>
    <p0826-teimww:isWrittenBy>
      <p0826-teimww:person knoraType="link_value" linkType="ref" target="ww_dea3b56289f47fb2"/>
    </p0826-teimww:isWrittenBy>
    <p0826-teimww:publishDate knoraType="date_value">GREGORIAN:1639:1639</p0826-teimww:publishDate>
    <p0826-teimww:title knoraType="richtext_value">Imperiale</p0826-teimww:title>
  </p0826-teimww:book>
  <p0826-teimww:book id="ww_af6b24b9904dbf6b">
    <knoraXmlImport:label>book label</knoraXmlImport:label>
    <p0826-teimww:bookInternalId knoraType="richtext_value">@005672</p0826-teimww:bookInternalId>
    <p0826-teimww:createdDate knoraType="date_value">GREGORIAN:1639:1639</p0826-teimww:createdDate>
    <p0826-teimww:edition knoraType="richtext_value">Festum voluptatis. Or The banquet of pleasure furnished with much variety of speculations, wittie, pleasant, and delightfull. Containing divers choyce love-posies, songs, sonnets, odes, madrigals, satyrs, epigrams, epitaphs and elegies. For varietie and pleasure the like never before published. By S.P. Gent. London: Elizabeth Purslowe for Bernard Langford, 1639.</p0826-teimww:edition>
    <p0826-teimww:hasLanguage knoraType="richtext_value">English</p0826-teimww:hasLanguage>
    <p0826-teimww:isWrittenBy>
      <p0826-teimww:person knoraType="link_value" linkType="ref" target="ww_e219a52388289dd8"/>
    </p0826-teimww:isWrittenBy>
    <p0826-teimww:publishDate knoraType="date_value">GREGORIAN:1639:1639</p0826-teimww:publishDate>
    <p0826-teimww:title knoraType="richtext_value">Festum Voluptatis</p0826-teimww:title>
  </p0826-teimww:book>
  <p0826-teimww:book id="ww_d69e66070a4d6a19">
    <knoraXmlImport:label>book label</knoraXmlImport:label>
    <p0826-teimww:bookInternalId knoraType="richtext_value">@002730</p0826-teimww:bookInternalId>
    <p0826-teimww:createdDate knoraType="date_value">GREGORIAN:1640:1640</p0826-teimww:createdDate>
    <p0826-teimww:edition knoraType="richtext_value">Wit in A Constable. A Comedy written 1639. The Author Henry Glapthorne. And now Printed as it was lately Acted at the Cock-pit in Drury lane, by their Majesties Servants, with good allowance. London: Io. Okes, for F. C. 1640.</p0826-teimww:edition>
    <p0826-teimww:hasLanguage knoraType="richtext_value">English</p0826-teimww:hasLanguage>
    <p0826-teimww:isWrittenBy>
      <p0826-teimww:person knoraType="link_value" linkType="ref" target="ww_6f4a80592c6c793c"/>
    </p0826-teimww:isWrittenBy>
    <p0826-teimww:publishDate knoraType="date_value">GREGORIAN:1640:1640</p0826-teimww:publishDate>
    <p0826-teimww:title knoraType="richtext_value">Wit in a Constable</p0826-teimww:title>
  </p0826-teimww:book>
  <p0826-teimww:book id="ww_cb694f4439c4e72d">
    <knoraXmlImport:label>book label</knoraXmlImport:label>
    <p0826-teimww:bookInternalId knoraType="richtext_value">@002851</p0826-teimww:bookInternalId>
    <p0826-teimww:createdDate knoraType="date_value">GREGORIAN:1642:1642</p0826-teimww:createdDate>
    <p0826-teimww:edition knoraType="richtext_value">Six new playes, Viz. The Brothers. The Sisters. The Doubtfull Heir. The Imposture. The Cardinall. The Court Secret. The Five first were acted at the Private House in Black Fryers with great Applause. The last was never Acted. All Written by James Shirley. Never printed before. London: Humphrey Robinson and Humphrey Moseley, 1653.</p0826-teimww:edition>
    <p0826-teimww:hasLanguage knoraType="richtext_value">English</p0826-teimww:hasLanguage>
    <p0826-teimww:isWrittenBy>
      <p0826-teimww:person knoraType="link_value" linkType="ref" target="ww_68dae2dd3ee5eaa3"/>
    </p0826-teimww:isWrittenBy>
    <p0826-teimww:publishDate knoraType="date_value">GREGORIAN:1642:1642</p0826-teimww:publishDate>
    <p0826-teimww:title knoraType="richtext_value">The Sisters</p0826-teimww:title>
  </p0826-teimww:book>
  <p0826-teimww:book id="ww_f99a72278aa6b17a">
    <knoraXmlImport:label>book label</knoraXmlImport:label>
    <p0826-teimww:bookInternalId knoraType="richtext_value">@005173</p0826-teimww:bookInternalId>
    <p0826-teimww:createdDate knoraType="date_value">GREGORIAN:1647:1647</p0826-teimww:createdDate>
    <p0826-teimww:edition knoraType="richtext_value">The Committee-Man Curried. A Comedy presented to the view of all Men. Written by S. Sheppard [...]. 1647.</p0826-teimww:edition>
    <p0826-teimww:hasLanguage knoraType="richtext_value">English</p0826-teimww:hasLanguage>
    <p0826-teimww:isWrittenBy>
      <p0826-teimww:person knoraType="link_value" linkType="ref" target="ww_787e0c8864df7063"/>
    </p0826-teimww:isWrittenBy>
    <p0826-teimww:publishDate knoraType="date_value">GREGORIAN:1647:1647</p0826-teimww:publishDate>
    <p0826-teimww:title knoraType="richtext_value">The Committee-Man Curried</p0826-teimww:title>
  </p0826-teimww:book>
  <p0826-teimww:book id="ww_5695d495f555ab63">
    <knoraXmlImport:label>book label</knoraXmlImport:label>
    <p0826-teimww:bookInternalId knoraType="richtext_value">@005229</p0826-teimww:bookInternalId>
    <p0826-teimww:createdDate knoraType="date_value">GREGORIAN:1654:1654</p0826-teimww:createdDate>
    <p0826-teimww:edition knoraType="richtext_value">To Love Only for Love's Sake. A Dramatick Romance. London: William Godbid, 1670.</p0826-teimww:edition>
    <p0826-teimww:hasLanguage knoraType="richtext_value">English</p0826-teimww:hasLanguage>
    <p0826-teimww:isWrittenBy>
      <p0826-teimww:person knoraType="link_value" linkType="ref" target="ww_49457e542cea105a"/>
    </p0826-teimww:isWrittenBy>
    <p0826-teimww:publishDate knoraType="date_value">GREGORIAN:1654:1654</p0826-teimww:publishDate>
    <p0826-teimww:title knoraType="richtext_value">To Love Only for Loves Sake</p0826-teimww:title>
  </p0826-teimww:book>
  <p0826-teimww:book id="ww_29b0883a7c47410f">
    <knoraXmlImport:label>book label</knoraXmlImport:label>
    <p0826-teimww:bookInternalId knoraType="richtext_value">@005168</p0826-teimww:bookInternalId>
    <p0826-teimww:createdDate knoraType="date_value">GREGORIAN:1658:1658</p0826-teimww:createdDate>
    <p0826-teimww:edition knoraType="richtext_value">The Tragedy of The unhappy Fair Irene. London, 1658.</p0826-teimww:edition>
    <p0826-teimww:hasLanguage knoraType="richtext_value">HAS SEVERAL LEXIAS!</p0826-teimww:hasLanguage>
    <p0826-teimww:isWrittenBy>
      <p0826-teimww:person knoraType="link_value" linkType="ref" target="ww_470aa71e11b82d67"/>
    </p0826-teimww:isWrittenBy>
    <p0826-teimww:publishDate knoraType="date_value">GREGORIAN:1658:1658</p0826-teimww:publishDate>
    <p0826-teimww:title knoraType="richtext_value">The Tragedy of The Unhappy Fair Irene</p0826-teimww:title>
  </p0826-teimww:book>
  <p0826-teimww:book id="ww_fd50221676a625a8">
    <knoraXmlImport:label>book label</knoraXmlImport:label>
    <p0826-teimww:bookInternalId knoraType="richtext_value">@005206</p0826-teimww:bookInternalId>
    <p0826-teimww:createdDate knoraType="date_value">GREGORIAN:1672:1672</p0826-teimww:createdDate>
    <p0826-teimww:edition knoraType="richtext_value">Marriage A-la-Mode. A comedy. As it is Acted at the Theatre-Royal. Written by John Dryden. London: Henry Herringman et al., 1673.</p0826-teimww:edition>
    <p0826-teimww:hasLanguage knoraType="richtext_value">English</p0826-teimww:hasLanguage>
    <p0826-teimww:isWrittenBy>
      <p0826-teimww:person knoraType="link_value" linkType="ref" target="ww_ed5b7d7b5b4ff788"/>
    </p0826-teimww:isWrittenBy>
    <p0826-teimww:publishDate knoraType="date_value">GREGORIAN:1672:1672</p0826-teimww:publishDate>
    <p0826-teimww:title knoraType="richtext_value">Marriage a la mode</p0826-teimww:title>
  </p0826-teimww:book>
  <p0826-teimww:book id="ww_2e2f43dcbe1bf6ef">
    <knoraXmlImport:label>book label</knoraXmlImport:label>
    <p0826-teimww:bookInternalId knoraType="richtext_value">@005226</p0826-teimww:bookInternalId>
    <p0826-teimww:createdDate knoraType="date_value">GREGORIAN:1678:1678</p0826-teimww:createdDate>
    <p0826-teimww:edition knoraType="richtext_value">The Destruction of Troy. A Tragedy, Acted at His Royal Highness the Duke's Theatre. London: A. G. and J. P., 1679.</p0826-teimww:edition>
    <p0826-teimww:hasLanguage knoraType="richtext_value">English</p0826-teimww:hasLanguage>
    <p0826-teimww:isWrittenBy>
      <p0826-teimww:person knoraType="link_value" linkType="ref" target="ww_0fa63d0ba5908460"/>
    </p0826-teimww:isWrittenBy>
    <p0826-teimww:publishDate knoraType="date_value">GREGORIAN:1678:1678</p0826-teimww:publishDate>
    <p0826-teimww:title knoraType="richtext_value">The Destruction of Troy</p0826-teimww:title>
  </p0826-teimww:book>
  <p0826-teimww:book id="ww_817d6b82af7fc826">
    <knoraXmlImport:label>book label</knoraXmlImport:label>
    <p0826-teimww:bookInternalId knoraType="richtext_value">@005224</p0826-teimww:bookInternalId>
    <p0826-teimww:createdDate knoraType="date_value">GREGORIAN:1681:1681</p0826-teimww:createdDate>
    <p0826-teimww:edition knoraType="richtext_value">The Works of John Dryden. Gen. ed. Alan Roper. 20 vols. Berkeley: University of California Press, 1992. Vol. 14, 99-203.</p0826-teimww:edition>
    <p0826-teimww:hasLanguage knoraType="richtext_value">English</p0826-teimww:hasLanguage>
    <p0826-teimww:isWrittenBy>
      <p0826-teimww:person knoraType="link_value" linkType="ref" target="ww_ed5b7d7b5b4ff788"/>
    </p0826-teimww:isWrittenBy>
    <p0826-teimww:publishDate knoraType="date_value">GREGORIAN:1681:1681</p0826-teimww:publishDate>
    <p0826-teimww:title knoraType="richtext_value">The Spanish Fryar, or The Double Discovery</p0826-teimww:title>
  </p0826-teimww:book>
  <p0826-teimww:book id="ww_a36c017b75063fe1">
    <knoraXmlImport:label>book label</knoraXmlImport:label>
    <p0826-teimww:bookInternalId knoraType="richtext_value">@005223</p0826-teimww:bookInternalId>
    <p0826-teimww:createdDate knoraType="date_value">GREGORIAN:1684:1684</p0826-teimww:createdDate>
    <p0826-teimww:edition knoraType="richtext_value">The Island Queens. Or, The Death of Mary, Queen of Scotland. A Tragedy. London: R. Bentley et al., 1684.</p0826-teimww:edition>
    <p0826-teimww:hasLanguage knoraType="richtext_value">English</p0826-teimww:hasLanguage>
    <p0826-teimww:isWrittenBy>
      <p0826-teimww:person knoraType="link_value" linkType="ref" target="ww_0fa63d0ba5908460"/>
    </p0826-teimww:isWrittenBy>
    <p0826-teimww:publishDate knoraType="date_value">GREGORIAN:1684:1684</p0826-teimww:publishDate>
    <p0826-teimww:title knoraType="richtext_value">The Island Queens</p0826-teimww:title>
  </p0826-teimww:book>
  <p0826-teimww:book id="ww_650a201212eb349b">
    <knoraXmlImport:label>book label</knoraXmlImport:label>
    <p0826-teimww:bookInternalId knoraType="richtext_value">@005225</p0826-teimww:bookInternalId>
    <p0826-teimww:createdDate knoraType="date_value">GREGORIAN:1686:1686</p0826-teimww:createdDate>
    <p0826-teimww:edition knoraType="richtext_value">Titus Andronicus, or The Rape of Lavinia. London: J. Hindmarsh et al., 1687.</p0826-teimww:edition>
    <p0826-teimww:hasLanguage knoraType="richtext_value">English</p0826-teimww:hasLanguage>
    <p0826-teimww:isWrittenBy>
      <p0826-teimww:person knoraType="link_value" linkType="ref" target="ww_99b03817dc566412"/>
    </p0826-teimww:isWrittenBy>
    <p0826-teimww:publishDate knoraType="date_value">GREGORIAN:1686:1686</p0826-teimww:publishDate>
    <p0826-teimww:title knoraType="richtext_value">Titus Andronicus, or The Rape of Lavinia (Ravenscroft)</p0826-teimww:title>
  </p0826-teimww:book>
  <p0826-teimww:book id="ww_94da1c067c3069f6">
    <knoraXmlImport:label>book label</knoraXmlImport:label>
    <p0826-teimww:bookInternalId knoraType="richtext_value">@010069</p0826-teimww:bookInternalId>
    <p0826-teimww:edition knoraType="richtext_value">Music and Letters 45:2 (April 1964): 108-113.</p0826-teimww:edition>
    <p0826-teimww:isWrittenBy>
      <p0826-teimww:person knoraType="link_value" linkType="ref" target="ww_09a5cd76696f88a5"/>
    </p0826-teimww:isWrittenBy>
    <p0826-teimww:title knoraType="richtext_value">Ophelia's Version of the Walsingham Song</p0826-teimww:title>
  </p0826-teimww:book>
  <p0826-teimww:book id="ww_8370dfd26f56e74d">
    <knoraXmlImport:label>book label</knoraXmlImport:label>
    <p0826-teimww:bookInternalId knoraType="richtext_value">@005561</p0826-teimww:bookInternalId>
    <p0826-teimww:createdDate knoraType="date_value">GREGORIAN:1531:1531</p0826-teimww:createdDate>
    <p0826-teimww:edition knoraType="richtext_value">An answere vnto Sir Thomas Mores dialoge made by Vvillyam Tindale. First he declareth what the church is, and geveth a reason of certayne wordes which Master More rebuketh in the tra[n]slacion of the newe Testament. After that he answereth particularlye vnto everye chaptre which semeth to haue anye apperaunce of truth thorow all his .iiij. bokes Antwerp: S. Cock, 1531.</p0826-teimww:edition>
    <p0826-teimww:hasLanguage knoraType="richtext_value">English</p0826-teimww:hasLanguage>
    <p0826-teimww:isWrittenBy>
      <p0826-teimww:person knoraType="link_value" linkType="ref" target="ww_55497d26971913d2"/>
    </p0826-teimww:isWrittenBy>
    <p0826-teimww:publishDate knoraType="date_value">GREGORIAN:1531:1531</p0826-teimww:publishDate>
    <p0826-teimww:title knoraType="richtext_value">An Answer to Sir Thomas Mores Dialogue</p0826-teimww:title>
  </p0826-teimww:book>
  <p0826-teimww:book id="ww_662026e87e8e4f6d">
    <knoraXmlImport:label>book label</knoraXmlImport:label>
    <p0826-teimww:bookInternalId knoraType="richtext_value">@000234</p0826-teimww:bookInternalId>
    <p0826-teimww:createdDate knoraType="date_value">GREGORIAN:1552:1552</p0826-teimww:createdDate>
    <p0826-teimww:edition knoraType="richtext_value">Modern Philology 105.3 (2008) 510-534.</p0826-teimww:edition>
    <p0826-teimww:hasLanguage knoraType="richtext_value">English</p0826-teimww:hasLanguage>
    <p0826-teimww:isWrittenBy>
      <p0826-teimww:person knoraType="link_value" linkType="ref" target="ww_220a73def979f4a4"/>
    </p0826-teimww:isWrittenBy>
    <p0826-teimww:publishDate knoraType="date_value">GREGORIAN:1552:1552</p0826-teimww:publishDate>
    <p0826-teimww:title knoraType="richtext_value">Quoting Hamlet in the Early Seventeenth Century</p0826-teimww:title>
  </p0826-teimww:book>
  <p0826-teimww:book id="ww_23b1c6dd41bb53d0">
    <knoraXmlImport:label>book label</knoraXmlImport:label>
    <p0826-teimww:bookInternalId knoraType="richtext_value">@005577</p0826-teimww:bookInternalId>
    <p0826-teimww:createdDate knoraType="date_value">GREGORIAN:1553:1553</p0826-teimww:createdDate>
    <p0826-teimww:edition knoraType="richtext_value">The arte of rhetorique for the vse of all suche as are studious of eloquence, sette forth in English, by Thomas Wilson. London: Richard Grafton, 1553.</p0826-teimww:edition>
    <p0826-teimww:hasLanguage knoraType="richtext_value">English</p0826-teimww:hasLanguage>
    <p0826-teimww:isWrittenBy>
      <p0826-teimww:person knoraType="link_value" linkType="ref" target="ww_edab9e0477ad7401"/>
    </p0826-teimww:isWrittenBy>
    <p0826-teimww:publishDate knoraType="date_value">GREGORIAN:1553:1553</p0826-teimww:publishDate>
    <p0826-teimww:title knoraType="richtext_value">The Art of Rhetoric</p0826-teimww:title>
  </p0826-teimww:book>
  <p0826-teimww:book id="ww_40bf667f37d87577">
    <knoraXmlImport:label>book label</knoraXmlImport:label>
    <p0826-teimww:bookInternalId knoraType="richtext_value">@005570</p0826-teimww:bookInternalId>
    <p0826-teimww:createdDate knoraType="date_value">GREGORIAN:1561:1561</p0826-teimww:createdDate>
    <p0826-teimww:edition knoraType="richtext_value">Those fyue questions, which Marke Tullye Cicero, disputed in his manor of Tusculanum: written afterwardes by him, in as manye bookes, to his frende, and familiar Brutus, in the Latine tounge. And nowe, oute of the same translated, &amp; englished, by Iohn Dolman, studente and felowe of the Inner Temple. London: Thomas Marsh, 1561.</p0826-teimww:edition>
    <p0826-teimww:hasLanguage knoraType="richtext_value">English</p0826-teimww:hasLanguage>
    <p0826-teimww:isWrittenBy>
      <p0826-teimww:person knoraType="link_value" linkType="ref" target="ww_6b7b6aabda5c7c6b"/>
    </p0826-teimww:isWrittenBy>
    <p0826-teimww:isWrittenBy>
      <p0826-teimww:person knoraType="link_value" linkType="ref" target="ww_2328c74af1f27243"/>
    </p0826-teimww:isWrittenBy>
    <p0826-teimww:publishDate knoraType="date_value">GREGORIAN:1561:1561</p0826-teimww:publishDate>
    <p0826-teimww:title knoraType="richtext_value">Those Five Questions</p0826-teimww:title>
  </p0826-teimww:book>
  <p0826-teimww:book id="ww_e9b2a04d2a7fd579">
    <knoraXmlImport:label>book label</knoraXmlImport:label>
    <p0826-teimww:bookInternalId knoraType="richtext_value">@010043</p0826-teimww:bookInternalId>
    <p0826-teimww:edition knoraType="richtext_value">Unpublished manuscript.</p0826-teimww:edition>
    <p0826-teimww:isWrittenBy>
      <p0826-teimww:person knoraType="link_value" linkType="ref" target="ww_db1e3c417981cff4"/>
    </p0826-teimww:isWrittenBy>
    <p0826-teimww:title knoraType="richtext_value">Hamlet and Cicero</p0826-teimww:title>
  </p0826-teimww:book>
  <p0826-teimww:book id="ww_57b895420c0ddd3e">
    <knoraXmlImport:label>book label</knoraXmlImport:label>
    <p0826-teimww:bookInternalId knoraType="richtext_value">@010042</p0826-teimww:bookInternalId>
    <p0826-teimww:edition knoraType="richtext_value">Shakespeare and the Classical Tradition. A Critical Guide to Commentary, 1660-1960. Minneapolis: University of Minnesota Press, 1968.</p0826-teimww:edition>
    <p0826-teimww:isWrittenBy>
      <p0826-teimww:person knoraType="link_value" linkType="ref" target="ww_9653a2d84d605ab3"/>
    </p0826-teimww:isWrittenBy>
    <p0826-teimww:title knoraType="richtext_value">Shp and the Classical Tradition</p0826-teimww:title>
  </p0826-teimww:book>
  <p0826-teimww:book id="ww_dc7d1d212ce7e04d">
    <knoraXmlImport:label>book label</knoraXmlImport:label>
    <p0826-teimww:bookInternalId knoraType="richtext_value">@005583</p0826-teimww:bookInternalId>
    <p0826-teimww:createdDate knoraType="date_value">GREGORIAN:1562:1562</p0826-teimww:createdDate>
    <p0826-teimww:edition knoraType="richtext_value">The booke of common prayer, and administration of the sacramentes and other rites and ceremonies in the Churche of England. London: Richardi Iugge and Iohannis Cawood, 1562.</p0826-teimww:edition>
    <p0826-teimww:hasLanguage knoraType="richtext_value">English</p0826-teimww:hasLanguage>
    <p0826-teimww:isWrittenBy>
      <p0826-teimww:person knoraType="link_value" linkType="ref" target="ww_212c78497ddc32c5"/>
    </p0826-teimww:isWrittenBy>
    <p0826-teimww:publishDate knoraType="date_value">GREGORIAN:1562:1562</p0826-teimww:publishDate>
    <p0826-teimww:title knoraType="richtext_value">The Book of Common Prayer</p0826-teimww:title>
  </p0826-teimww:book>
  <p0826-teimww:book id="ww_bb9f2d8a42b833c0">
    <knoraXmlImport:label>book label</knoraXmlImport:label>
    <p0826-teimww:bookInternalId knoraType="richtext_value">@005018</p0826-teimww:bookInternalId>
    <p0826-teimww:createdDate knoraType="date_value">GREGORIAN:1563:1563</p0826-teimww:createdDate>
    <p0826-teimww:edition knoraType="richtext_value">Foundacion of Rhetorike. 1563.</p0826-teimww:edition>
    <p0826-teimww:hasLanguage knoraType="richtext_value">HAS SEVERAL LEXIAS!</p0826-teimww:hasLanguage>
    <p0826-teimww:isWrittenBy>
      <p0826-teimww:person knoraType="link_value" linkType="ref" target="ww_144d49d7e9724c99"/>
    </p0826-teimww:isWrittenBy>
    <p0826-teimww:publishDate knoraType="date_value">GREGORIAN:1563:1563</p0826-teimww:publishDate>
    <p0826-teimww:title knoraType="richtext_value">The Foundation of Rhetoric</p0826-teimww:title>
  </p0826-teimww:book>
  <p0826-teimww:book id="ww_804d2b9aec6637b2">
    <knoraXmlImport:label>book label</knoraXmlImport:label>
    <p0826-teimww:bookInternalId knoraType="richtext_value">@010224</p0826-teimww:bookInternalId>
    <p0826-teimww:edition knoraType="richtext_value">SQ 41.1 (Spring 1990): 29-48. </p0826-teimww:edition>
    <p0826-teimww:isWrittenBy>
      <p0826-teimww:person knoraType="link_value" linkType="ref" target="ww_1b7c18ba49cef31d"/>
    </p0826-teimww:isWrittenBy>
    <p0826-teimww:title knoraType="richtext_value">Latinized Greek Drama in Shakespeares Writing of Hamlet</p0826-teimww:title>
  </p0826-teimww:book>
  <p0826-teimww:book id="ww_1498e206f1d8071e">
    <knoraXmlImport:label>book label</knoraXmlImport:label>
    <p0826-teimww:bookInternalId knoraType="richtext_value">@005584</p0826-teimww:bookInternalId>
    <p0826-teimww:createdDate knoraType="date_value">GREGORIAN:1565:1565</p0826-teimww:createdDate>
    <p0826-teimww:edition knoraType="richtext_value">The Sermons of Master Henry Smith, gathered into one volume. Printed according to his corrected copies in his life time. London: F. Kyngston, for T. Man 1607. 230-245.</p0826-teimww:edition>
    <p0826-teimww:hasLanguage knoraType="richtext_value">English</p0826-teimww:hasLanguage>
    <p0826-teimww:isWrittenBy>
      <p0826-teimww:person knoraType="link_value" linkType="ref" target="ww_0b287f59292b10a7"/>
    </p0826-teimww:isWrittenBy>
    <p0826-teimww:publishDate knoraType="date_value">GREGORIAN:1565:1565</p0826-teimww:publishDate>
    <p0826-teimww:title knoraType="richtext_value">The Trial of the Righteous</p0826-teimww:title>
  </p0826-teimww:book>
  <p0826-teimww:book id="ww_a1d5cd59c36d2503">
    <knoraXmlImport:label>book label</knoraXmlImport:label>
    <p0826-teimww:bookInternalId knoraType="richtext_value">@000439</p0826-teimww:bookInternalId>
    <p0826-teimww:createdDate knoraType="date_value">GREGORIAN:1566:1566</p0826-teimww:createdDate>
    <p0826-teimww:edition knoraType="richtext_value">Pompae deorum rusticorum. Or The Masque of the Rustic Gods Bearing Gifts for James VI and His Mother Mary, the Sovereigns of Scotland, at the Banquet Following the King's Batipsm. 1566.</p0826-teimww:edition>
    <p0826-teimww:hasLanguage knoraType="richtext_value">Latin</p0826-teimww:hasLanguage>
    <p0826-teimww:isWrittenBy>
      <p0826-teimww:person knoraType="link_value" linkType="ref" target="ww_771659144d06dcdf"/>
    </p0826-teimww:isWrittenBy>
    <p0826-teimww:publishDate knoraType="date_value">GREGORIAN:1566:1566</p0826-teimww:publishDate>
    <p0826-teimww:title knoraType="richtext_value">Pompae deorum rusticorum</p0826-teimww:title>
  </p0826-teimww:book>
  <p0826-teimww:book id="ww_26d7297a6051272d">
    <knoraXmlImport:label>book label</knoraXmlImport:label>
    <p0826-teimww:bookInternalId knoraType="richtext_value">@000426</p0826-teimww:bookInternalId>
    <p0826-teimww:createdDate knoraType="date_value">GREGORIAN:1566:1566</p0826-teimww:createdDate>
    <p0826-teimww:edition knoraType="richtext_value">Seneca. His Tenne Tragedies. Translated into Englysh.</p0826-teimww:edition>
    <p0826-teimww:hasLanguage knoraType="richtext_value">English</p0826-teimww:hasLanguage>
    <p0826-teimww:isWrittenBy>
      <p0826-teimww:person knoraType="link_value" linkType="ref" target="ww_a00dfc9e63a5d0fe"/>
    </p0826-teimww:isWrittenBy>
    <p0826-teimww:isWrittenBy>
      <p0826-teimww:person knoraType="link_value" linkType="ref" target="ww_a256d6059e2044ff"/>
    </p0826-teimww:isWrittenBy>
    <p0826-teimww:publishDate knoraType="date_value">GREGORIAN:1566:1566</p0826-teimww:publishDate>
    <p0826-teimww:title knoraType="richtext_value">Hercules Oetaeus</p0826-teimww:title>
  </p0826-teimww:book>
  <p0826-teimww:book id="ww_4d19db8fc336ca4f">
    <knoraXmlImport:label>book label</knoraXmlImport:label>
    <p0826-teimww:bookInternalId knoraType="richtext_value">@005573</p0826-teimww:bookInternalId>
    <p0826-teimww:createdDate knoraType="date_value">GREGORIAN:1566:1566</p0826-teimww:createdDate>
    <p0826-teimww:edition knoraType="richtext_value">The Palace of Pleasure: Beautified, adorned and well furnished, with Pleasaunt Histories and excellent Nouelles, selected out of diuers good and commendable Authors. London: Henry Denham for Richard Tottell and William Iones, 1566. 251-277.</p0826-teimww:edition>
    <p0826-teimww:hasLanguage knoraType="richtext_value">English</p0826-teimww:hasLanguage>
    <p0826-teimww:isWrittenBy>
      <p0826-teimww:person knoraType="link_value" linkType="ref" target="ww_42eb905bc6e4053a"/>
    </p0826-teimww:isWrittenBy>
    <p0826-teimww:publishDate knoraType="date_value">GREGORIAN:1566:1566</p0826-teimww:publishDate>
    <p0826-teimww:title knoraType="richtext_value">The Palace of Pleasure</p0826-teimww:title>
  </p0826-teimww:book>
  <p0826-teimww:book id="ww_7c79793591d10a0c">
    <knoraXmlImport:label>book label</knoraXmlImport:label>
    <p0826-teimww:bookInternalId knoraType="richtext_value">@010071</p0826-teimww:bookInternalId>
    <p0826-teimww:edition knoraType="richtext_value">The Review of English Studies 39.156 (1988): 522-527.</p0826-teimww:edition>
    <p0826-teimww:isWrittenBy>
      <p0826-teimww:person knoraType="link_value" linkType="ref" target="ww_25024aa23d16ec79"/>
    </p0826-teimww:isWrittenBy>
    <p0826-teimww:title knoraType="richtext_value">Shakespeare, Studley, and Golding</p0826-teimww:title>
  </p0826-teimww:book>
  <p0826-teimww:book id="ww_e74854bf03734dac">
    <knoraXmlImport:label>book label</knoraXmlImport:label>
    <p0826-teimww:bookInternalId knoraType="richtext_value">@005708</p0826-teimww:bookInternalId>
    <p0826-teimww:createdDate knoraType="date_value">GREGORIAN:1567:1567</p0826-teimww:createdDate>
    <p0826-teimww:edition knoraType="richtext_value">The xv Bookes of P. Ouidius Naso, entytuled Metamorphosis, translated oute of Latin into English meeter, by Arthur Golding [...]. A worke very pleasaunt and delectable. London: William Seres, 1567.</p0826-teimww:edition>
    <p0826-teimww:hasLanguage knoraType="richtext_value">English</p0826-teimww:hasLanguage>
    <p0826-teimww:isWrittenBy>
      <p0826-teimww:person knoraType="link_value" linkType="ref" target="ww_0adab3e3a15ca99c"/>
    </p0826-teimww:isWrittenBy>
    <p0826-teimww:isWrittenBy>
      <p0826-teimww:person knoraType="link_value" linkType="ref" target="ww_ead92b40726b9049"/>
    </p0826-teimww:isWrittenBy>
    <p0826-teimww:publishDate knoraType="date_value">GREGORIAN:1567:1567</p0826-teimww:publishDate>
    <p0826-teimww:title knoraType="richtext_value">Ovids Metamorphoses (Golding)</p0826-teimww:title>
  </p0826-teimww:book>
  <p0826-teimww:book id="ww_91c38edf48f9276e">
    <knoraXmlImport:label>book label</knoraXmlImport:label>
    <p0826-teimww:bookInternalId knoraType="richtext_value">@005576</p0826-teimww:bookInternalId>
    <p0826-teimww:createdDate knoraType="date_value">GREGORIAN:1567:1567</p0826-teimww:createdDate>
    <p0826-teimww:edition knoraType="richtext_value">The xv Bookes of P. Ouidius Naso, entytuled Metamorphosis, translated oute of Latin into English meeter, by Arthur Golding [...]. A worke very pleasaunt and delectable. London: William Seres, 1567.</p0826-teimww:edition>
    <p0826-teimww:hasLanguage knoraType="richtext_value">English</p0826-teimww:hasLanguage>
    <p0826-teimww:isWrittenBy>
      <p0826-teimww:person knoraType="link_value" linkType="ref" target="ww_0adab3e3a15ca99c"/>
    </p0826-teimww:isWrittenBy>
    <p0826-teimww:isWrittenBy>
      <p0826-teimww:person knoraType="link_value" linkType="ref" target="ww_ead92b40726b9049"/>
    </p0826-teimww:isWrittenBy>
    <p0826-teimww:publishDate knoraType="date_value">GREGORIAN:1567:1567</p0826-teimww:publishDate>
    <p0826-teimww:title knoraType="richtext_value">Ovid's Metamorphoses</p0826-teimww:title>
  </p0826-teimww:book>
  <p0826-teimww:book id="ww_f0311f6cc16cd154">
    <knoraXmlImport:label>book label</knoraXmlImport:label>
    <p0826-teimww:bookInternalId knoraType="richtext_value">@005588</p0826-teimww:bookInternalId>
    <p0826-teimww:createdDate knoraType="date_value">GREGORIAN:1568:1568</p0826-teimww:createdDate>
    <p0826-teimww:edition knoraType="richtext_value">The Poetical Works of John Skelton: principally according to the edition of the Rev. Alexander Dyce. In three volumes. Boston: Little, Brown and Company, 1856.</p0826-teimww:edition>
    <p0826-teimww:hasLanguage knoraType="richtext_value">English</p0826-teimww:hasLanguage>
    <p0826-teimww:isWrittenBy>
      <p0826-teimww:person knoraType="link_value" linkType="ref" target="ww_7dad315c91c456fb"/>
    </p0826-teimww:isWrittenBy>
    <p0826-teimww:publishDate knoraType="date_value">GREGORIAN:1568:1568</p0826-teimww:publishDate>
    <p0826-teimww:title knoraType="richtext_value">A Right Delectable Treatise upon a Goodly Garland or Chapelet of Laurel</p0826-teimww:title>
  </p0826-teimww:book>
  <p0826-teimww:book id="ww_bea266e3cdec2d97">
    <knoraXmlImport:label>book label</knoraXmlImport:label>
    <p0826-teimww:bookInternalId knoraType="richtext_value">@005640</p0826-teimww:bookInternalId>
    <p0826-teimww:createdDate knoraType="date_value">GREGORIAN:1568:1570</p0826-teimww:createdDate>
    <p0826-teimww:edition knoraType="richtext_value">The Poems of Queen Elizabeth I. Providence (RI): Brown University Press, 1964.</p0826-teimww:edition>
    <p0826-teimww:hasLanguage knoraType="richtext_value">English</p0826-teimww:hasLanguage>
    <p0826-teimww:isWrittenBy>
      <p0826-teimww:person knoraType="link_value" linkType="ref" target="ww_71583f09e4b9cd17"/>
    </p0826-teimww:isWrittenBy>
    <p0826-teimww:publishDate knoraType="date_value">GREGORIAN:1568:1570</p0826-teimww:publishDate>
    <p0826-teimww:title knoraType="richtext_value">On Monsieur's Departure</p0826-teimww:title>
  </p0826-teimww:book>
  <p0826-teimww:book id="ww_168c3a63f50c4e37">
    <knoraXmlImport:label>book label</knoraXmlImport:label>
    <p0826-teimww:bookInternalId knoraType="richtext_value">@005004</p0826-teimww:bookInternalId>
    <p0826-teimww:createdDate knoraType="date_value">GREGORIAN:1570:1591</p0826-teimww:createdDate>
    <p0826-teimww:edition knoraType="richtext_value">Treatise Concerning Statutes. Or Acts of Parliament: and the Exposition thereof. London: Richard Tonson, 1677.</p0826-teimww:edition>
    <p0826-teimww:hasLanguage knoraType="richtext_value">English</p0826-teimww:hasLanguage>
    <p0826-teimww:isWrittenBy>
      <p0826-teimww:person knoraType="link_value" linkType="ref" target="ww_5fe3b5dcb00b7162"/>
    </p0826-teimww:isWrittenBy>
    <p0826-teimww:publishDate knoraType="date_value">GREGORIAN:1570:1591</p0826-teimww:publishDate>
    <p0826-teimww:title knoraType="richtext_value">A Treatise of Statutes</p0826-teimww:title>
  </p0826-teimww:book>
  <p0826-teimww:book id="ww_3eec017f9226dac5">
    <knoraXmlImport:label>book label</knoraXmlImport:label>
    <p0826-teimww:bookInternalId knoraType="richtext_value">@005646</p0826-teimww:bookInternalId>
    <p0826-teimww:createdDate knoraType="date_value">GREGORIAN:1573:1573</p0826-teimww:createdDate>
    <p0826-teimww:edition knoraType="richtext_value">Cardanus comforte translated into Englishe. And published by commaundement of the right honourable the Earle of Oxenford. Trans. Thomas Bedingfield. London: Thomas Marshe, 1573. </p0826-teimww:edition>
    <p0826-teimww:hasLanguage knoraType="richtext_value">English</p0826-teimww:hasLanguage>
    <p0826-teimww:isWrittenBy>
      <p0826-teimww:person knoraType="link_value" linkType="ref" target="ww_e963a8b58028d76a"/>
    </p0826-teimww:isWrittenBy>
    <p0826-teimww:publishDate knoraType="date_value">GREGORIAN:1573:1573</p0826-teimww:publishDate>
    <p0826-teimww:title knoraType="richtext_value">Cardanus Comfort</p0826-teimww:title>
  </p0826-teimww:book>
  <p0826-teimww:book id="ww_9bd2a51773668ca5">
    <knoraXmlImport:label>book label</knoraXmlImport:label>
    <p0826-teimww:bookInternalId knoraType="richtext_value">@010116</p0826-teimww:bookInternalId>
    <p0826-teimww:edition knoraType="richtext_value">Huntington Library Bulletin 6 (1934): 17-37.</p0826-teimww:edition>
    <p0826-teimww:isWrittenBy>
      <p0826-teimww:person knoraType="link_value" linkType="ref" target="ww_f1930a433a3b1444"/>
    </p0826-teimww:isWrittenBy>
    <p0826-teimww:title knoraType="richtext_value">Hamlet's Book</p0826-teimww:title>
  </p0826-teimww:book>
  <p0826-teimww:book id="ww_e95d4765a7973201">
    <knoraXmlImport:label>book label</knoraXmlImport:label>
    <p0826-teimww:bookInternalId knoraType="richtext_value">@010103</p0826-teimww:bookInternalId>
    <p0826-teimww:edition knoraType="richtext_value">Peter Sabor and Paul Yachnin. Shakespeare and the Eighteenth Century. London: Ashgate, 2008. 85-102.</p0826-teimww:edition>
    <p0826-teimww:isWrittenBy>
      <p0826-teimww:person knoraType="link_value" linkType="ref" target="ww_52c61873bd0cfed4"/>
    </p0826-teimww:isWrittenBy>
    <p0826-teimww:title knoraType="richtext_value">William Shakespeare and Edmund Burke: Literary Allusion in Eighteenth-Century British Political Rhetoric</p0826-teimww:title>
  </p0826-teimww:book>
  <p0826-teimww:book id="ww_f422144843f37f21">
    <knoraXmlImport:label>book label</knoraXmlImport:label>
    <p0826-teimww:bookInternalId knoraType="richtext_value">@005033</p0826-teimww:bookInternalId>
    <p0826-teimww:createdDate knoraType="date_value">GREGORIAN:1578:1578</p0826-teimww:createdDate>
    <p0826-teimww:edition knoraType="richtext_value">Euphues - The Anatomy of Wit. Eds. Morris William Croll and Harry Clemons. London: George Routledge, 1916. </p0826-teimww:edition>
    <p0826-teimww:hasLanguage knoraType="richtext_value">English</p0826-teimww:hasLanguage>
    <p0826-teimww:isWrittenBy>
      <p0826-teimww:person knoraType="link_value" linkType="ref" target="ww_ba0230e7fbb5fd0d"/>
    </p0826-teimww:isWrittenBy>
    <p0826-teimww:publishDate knoraType="date_value">GREGORIAN:1578:1578</p0826-teimww:publishDate>
    <p0826-teimww:title knoraType="richtext_value">Euphues The Anatomy of Wit</p0826-teimww:title>
  </p0826-teimww:book>
  <p0826-teimww:book id="ww_27db8ddb5b2cba19">
    <knoraXmlImport:label>book label</knoraXmlImport:label>
    <p0826-teimww:bookInternalId knoraType="richtext_value">@005458</p0826-teimww:bookInternalId>
    <p0826-teimww:createdDate knoraType="date_value">GREGORIAN:1579:1579</p0826-teimww:createdDate>
    <p0826-teimww:edition knoraType="richtext_value">The Forrest of Fancy. Wherein is conteined very prety Apothegmes and pleasaunt histories, both in meeter and prose, Songes, Sonets, Epigrams and Epistles, of Diverse matter and in diverse manner. With sundry other devises, no lesse pithye then pleasaunt and profitable. 1579.</p0826-teimww:edition>
    <p0826-teimww:hasLanguage knoraType="richtext_value">English</p0826-teimww:hasLanguage>
    <p0826-teimww:isWrittenBy>
      <p0826-teimww:person knoraType="link_value" linkType="ref" target="ww_d78940f8a8554ca3"/>
    </p0826-teimww:isWrittenBy>
    <p0826-teimww:publishDate knoraType="date_value">GREGORIAN:1579:1579</p0826-teimww:publishDate>
    <p0826-teimww:title knoraType="richtext_value">The Forest of Fancy</p0826-teimww:title>
  </p0826-teimww:book>
  <p0826-teimww:book id="ww_dd68990f2d6f32ef">
    <knoraXmlImport:label>book label</knoraXmlImport:label>
    <p0826-teimww:bookInternalId knoraType="richtext_value">@005619</p0826-teimww:bookInternalId>
    <p0826-teimww:createdDate knoraType="date_value">GREGORIAN:1580:1580</p0826-teimww:createdDate>
    <p0826-teimww:edition knoraType="richtext_value">Euphues and His England. London: G. Cawood, 1580.</p0826-teimww:edition>
    <p0826-teimww:hasLanguage knoraType="richtext_value">English</p0826-teimww:hasLanguage>
    <p0826-teimww:isWrittenBy>
      <p0826-teimww:person knoraType="link_value" linkType="ref" target="ww_ba0230e7fbb5fd0d"/>
    </p0826-teimww:isWrittenBy>
    <p0826-teimww:publishDate knoraType="date_value">GREGORIAN:1580:1580</p0826-teimww:publishDate>
    <p0826-teimww:title knoraType="richtext_value">Euphues and His England</p0826-teimww:title>
  </p0826-teimww:book>
  <p0826-teimww:book id="ww_d750e1e440e536e5">
    <knoraXmlImport:label>book label</knoraXmlImport:label>
    <p0826-teimww:bookInternalId knoraType="richtext_value">@010091</p0826-teimww:bookInternalId>
    <p0826-teimww:edition knoraType="richtext_value">ed. John Lyly. The Complete Works of John Lyly. Oxford: The Clarendon Press, 1902.</p0826-teimww:edition>
    <p0826-teimww:isWrittenBy>
      <p0826-teimww:person knoraType="link_value" linkType="ref" target="ww_29ea702f67fa9c9d"/>
    </p0826-teimww:isWrittenBy>
    <p0826-teimww:title knoraType="richtext_value">The Complete Works of John Lyly (Bond edition)</p0826-teimww:title>
  </p0826-teimww:book>
  <p0826-teimww:book id="ww_2ee4d5a8fd63e825">
    <knoraXmlImport:label>book label</knoraXmlImport:label>
    <p0826-teimww:bookInternalId knoraType="richtext_value">@005621</p0826-teimww:bookInternalId>
    <p0826-teimww:createdDate knoraType="date_value">GREGORIAN:1580:1580</p0826-teimww:createdDate>
    <p0826-teimww:edition knoraType="richtext_value">120; section "The Authours Dialogue betweene two Bachelers, of wiuing and thriuing by Affirmation and Obiection. Chap. 56"</p0826-teimww:edition>
    <p0826-teimww:hasLanguage knoraType="richtext_value">English</p0826-teimww:hasLanguage>
    <p0826-teimww:isWrittenBy>
      <p0826-teimww:person knoraType="link_value" linkType="ref" target="ww_6fbd1bd26280846d"/>
    </p0826-teimww:isWrittenBy>
    <p0826-teimww:publishDate knoraType="date_value">GREGORIAN:1580:1580</p0826-teimww:publishDate>
    <p0826-teimww:title knoraType="richtext_value">Five Hundred Points of Good Husbandry</p0826-teimww:title>
  </p0826-teimww:book>
  <p0826-teimww:book id="ww_dc03dedd8d618997">
    <knoraXmlImport:label>book label</knoraXmlImport:label>
    <p0826-teimww:bookInternalId knoraType="richtext_value">@005622</p0826-teimww:bookInternalId>
    <p0826-teimww:createdDate knoraType="date_value">GREGORIAN:1581:1581</p0826-teimww:createdDate>
    <p0826-teimww:edition knoraType="richtext_value">A Booke of Notes and Common Places. London: Thomas East, 1581.</p0826-teimww:edition>
    <p0826-teimww:hasLanguage knoraType="richtext_value">English</p0826-teimww:hasLanguage>
    <p0826-teimww:isWrittenBy>
      <p0826-teimww:person knoraType="link_value" linkType="ref" target="ww_0a2ae5bb07b64969"/>
    </p0826-teimww:isWrittenBy>
    <p0826-teimww:publishDate knoraType="date_value">GREGORIAN:1581:1581</p0826-teimww:publishDate>
    <p0826-teimww:title knoraType="richtext_value">A Book of Notes and Commonplaces</p0826-teimww:title>
  </p0826-teimww:book>
  <p0826-teimww:book id="ww_834f273f6d971ca7">
    <knoraXmlImport:label>book label</knoraXmlImport:label>
    <p0826-teimww:bookInternalId knoraType="richtext_value">@005623</p0826-teimww:bookInternalId>
    <p0826-teimww:createdDate knoraType="date_value">GREGORIAN:1581:1581</p0826-teimww:createdDate>
    <p0826-teimww:edition knoraType="richtext_value">The ciuile conuersation of M. Steeuen Guazzo written first in Italian, and nowe translated out of French by George Pettie, deuided into foure bookes. [...]. London: Richard Watkins, 1581.</p0826-teimww:edition>
    <p0826-teimww:hasLanguage knoraType="richtext_value">English</p0826-teimww:hasLanguage>
    <p0826-teimww:isWrittenBy>
      <p0826-teimww:person knoraType="link_value" linkType="ref" target="ww_9fc186f153594d59"/>
    </p0826-teimww:isWrittenBy>
    <p0826-teimww:publishDate knoraType="date_value">GREGORIAN:1581:1581</p0826-teimww:publishDate>
    <p0826-teimww:title knoraType="richtext_value">The Civil Conversation</p0826-teimww:title>
  </p0826-teimww:book>
  <p0826-teimww:book id="ww_026505509118e73d">
    <knoraXmlImport:label>book label</knoraXmlImport:label>
    <p0826-teimww:bookInternalId knoraType="richtext_value">@005624</p0826-teimww:bookInternalId>
    <p0826-teimww:createdDate knoraType="date_value">GREGORIAN:1582:1582</p0826-teimww:createdDate>
    <p0826-teimww:edition knoraType="richtext_value">The first part of the elementarie. Vvhich entreateth chefelie of the right writing of our English tung set furth by Richard Mulcaster. London: Thomas Vautrollier, 1582.</p0826-teimww:edition>
    <p0826-teimww:hasLanguage knoraType="richtext_value">English</p0826-teimww:hasLanguage>
    <p0826-teimww:isWrittenBy>
      <p0826-teimww:person knoraType="link_value" linkType="ref" target="ww_2754f19921c8bd2b"/>
    </p0826-teimww:isWrittenBy>
    <p0826-teimww:publishDate knoraType="date_value">GREGORIAN:1582:1582</p0826-teimww:publishDate>
    <p0826-teimww:title knoraType="richtext_value">The First Part of the Elementary</p0826-teimww:title>
  </p0826-teimww:book>
  <p0826-teimww:book id="ww_09d36da18882d57e">
    <knoraXmlImport:label>book label</knoraXmlImport:label>
    <p0826-teimww:bookInternalId knoraType="richtext_value">@005250</p0826-teimww:bookInternalId>
    <p0826-teimww:createdDate knoraType="date_value">GREGORIAN:1582:1582</p0826-teimww:createdDate>
    <p0826-teimww:edition knoraType="richtext_value">Ouids Elegies: Three Bookes. By C. M. Epigrammes by I. D. Middlebourgh: [1600?].</p0826-teimww:edition>
    <p0826-teimww:hasLanguage knoraType="richtext_value">English</p0826-teimww:hasLanguage>
    <p0826-teimww:isWrittenBy>
      <p0826-teimww:person knoraType="link_value" linkType="ref" target="ww_63d5fe36ffac5d32"/>
    </p0826-teimww:isWrittenBy>
    <p0826-teimww:publishDate knoraType="date_value">GREGORIAN:1582:1582</p0826-teimww:publishDate>
    <p0826-teimww:title knoraType="richtext_value">Elegia 2</p0826-teimww:title>
  </p0826-teimww:book>
  <p0826-teimww:book id="ww_57b3b0aeb319dbf6">
    <knoraXmlImport:label>book label</knoraXmlImport:label>
    <p0826-teimww:bookInternalId knoraType="richtext_value">@005625</p0826-teimww:bookInternalId>
    <p0826-teimww:createdDate knoraType="date_value">GREGORIAN:1582:1582</p0826-teimww:createdDate>
    <p0826-teimww:edition knoraType="richtext_value">Book 1, chapter 8, section 10. Quoted from: Naseeb Shaheen. Biblical References in Shakespeare's Plays. Newark: University of Delaware Press, 1999.</p0826-teimww:edition>
    <p0826-teimww:hasLanguage knoraType="richtext_value">English</p0826-teimww:hasLanguage>
    <p0826-teimww:isWrittenBy>
      <p0826-teimww:person knoraType="link_value" linkType="ref" target="ww_8f477c6051e158af"/>
    </p0826-teimww:isWrittenBy>
    <p0826-teimww:publishDate knoraType="date_value">GREGORIAN:1582:1582</p0826-teimww:publishDate>
    <p0826-teimww:title knoraType="richtext_value">Book of Resolution</p0826-teimww:title>
  </p0826-teimww:book>
  <p0826-teimww:book id="ww_d00e0f4b3541b720">
    <knoraXmlImport:label>book label</knoraXmlImport:label>
    <p0826-teimww:bookInternalId knoraType="richtext_value">@005251</p0826-teimww:bookInternalId>
    <p0826-teimww:createdDate knoraType="date_value">GREGORIAN:1582:1582</p0826-teimww:createdDate>
    <p0826-teimww:edition knoraType="richtext_value">Thee first foure bookes of Virgil his Aeneis translated intoo English heroical verse by Richard Stanyhurst, wyth oother poetical diuises theretoo annexed. Leyden: John Pates, 1582.</p0826-teimww:edition>
    <p0826-teimww:hasLanguage knoraType="richtext_value">English</p0826-teimww:hasLanguage>
    <p0826-teimww:isWrittenBy>
      <p0826-teimww:person knoraType="link_value" linkType="ref" target="ww_1a3350c92dc1c186"/>
    </p0826-teimww:isWrittenBy>
    <p0826-teimww:isWrittenBy>
      <p0826-teimww:person knoraType="link_value" linkType="ref" target="ww_81a0be98745dd98b"/>
    </p0826-teimww:isWrittenBy>
    <p0826-teimww:publishDate knoraType="date_value">GREGORIAN:1582:1582</p0826-teimww:publishDate>
    <p0826-teimww:title knoraType="richtext_value">Virgils Aeneis (Stanyhurst)</p0826-teimww:title>
  </p0826-teimww:book>
  <p0826-teimww:book id="ww_899bf0923492e1d6">
    <knoraXmlImport:label>book label</knoraXmlImport:label>
    <p0826-teimww:bookInternalId knoraType="richtext_value">@005627</p0826-teimww:bookInternalId>
    <p0826-teimww:createdDate knoraType="date_value">GREGORIAN:1582:1582</p0826-teimww:createdDate>
    <p0826-teimww:edition knoraType="richtext_value">The Castell of Courtesie. London: John Wolfe, 1582.</p0826-teimww:edition>
    <p0826-teimww:hasLanguage knoraType="richtext_value">English</p0826-teimww:hasLanguage>
    <p0826-teimww:isWrittenBy>
      <p0826-teimww:person knoraType="link_value" linkType="ref" target="ww_2a3b4daed2941136"/>
    </p0826-teimww:isWrittenBy>
    <p0826-teimww:publishDate knoraType="date_value">GREGORIAN:1582:1582</p0826-teimww:publishDate>
    <p0826-teimww:title knoraType="richtext_value">The Castle of Courtesy</p0826-teimww:title>
  </p0826-teimww:book>
  <p0826-teimww:book id="ww_488005370a580904">
    <knoraXmlImport:label>book label</knoraXmlImport:label>
    <p0826-teimww:bookInternalId knoraType="richtext_value">@005628</p0826-teimww:bookInternalId>
    <p0826-teimww:createdDate knoraType="date_value">GREGORIAN:1583:1583</p0826-teimww:createdDate>
    <p0826-teimww:edition knoraType="richtext_value">Philotimus. The Warre betwixt Nature and Fortune. Compiled by Brian Melbancke Student in Graies Inne, Palladi. London: Roger Warde, 1583.</p0826-teimww:edition>
    <p0826-teimww:hasLanguage knoraType="richtext_value">English</p0826-teimww:hasLanguage>
    <p0826-teimww:isWrittenBy>
      <p0826-teimww:person knoraType="link_value" linkType="ref" target="ww_2580f4cea0614ff5"/>
    </p0826-teimww:isWrittenBy>
    <p0826-teimww:publishDate knoraType="date_value">GREGORIAN:1583:1583</p0826-teimww:publishDate>
    <p0826-teimww:title knoraType="richtext_value">Philotimus, or The War betwixt Nature and Fortune</p0826-teimww:title>
  </p0826-teimww:book>
  <p0826-teimww:book id="ww_bd8cd5712d6c7094">
    <knoraXmlImport:label>book label</knoraXmlImport:label>
    <p0826-teimww:bookInternalId knoraType="richtext_value">@005629</p0826-teimww:bookInternalId>
    <p0826-teimww:createdDate knoraType="date_value">GREGORIAN:1583:1583</p0826-teimww:createdDate>
    <p0826-teimww:edition knoraType="richtext_value">Mamillia. A Mirrour or looking-glasse for the Ladies of Englande. Wherein is disciphered, howe Gentlemen vnder the perfect substaunce of pure loue, are oft inueigled with the shadowe of lewde lust: and their firme faith, brought a sleepe by fading fancie: vntil wit ioyned with wisedome, doth awake it by the helpe of reason. London: for Thomas Woodcocke 1583.</p0826-teimww:edition>
    <p0826-teimww:hasLanguage knoraType="richtext_value">English</p0826-teimww:hasLanguage>
    <p0826-teimww:isWrittenBy>
      <p0826-teimww:person knoraType="link_value" linkType="ref" target="ww_ce2fb5bd491a4d2e"/>
    </p0826-teimww:isWrittenBy>
    <p0826-teimww:publishDate knoraType="date_value">GREGORIAN:1583:1583</p0826-teimww:publishDate>
    <p0826-teimww:title knoraType="richtext_value">Mamillia</p0826-teimww:title>
  </p0826-teimww:book>
  <p0826-teimww:book id="ww_bba03041f3be17f3">
    <knoraXmlImport:label>book label</knoraXmlImport:label>
    <p0826-teimww:bookInternalId knoraType="richtext_value">@000754</p0826-teimww:bookInternalId>
    <p0826-teimww:createdDate knoraType="date_value">GREGORIAN:1584:1584</p0826-teimww:createdDate>
    <p0826-teimww:edition knoraType="richtext_value">Gallathea. As it was playde before the Queenes Maiestie at Greene-wiche, on Newyeeres day at Night. By the Chyldren of Paules. London: John Charlwoode, 1592.</p0826-teimww:edition>
    <p0826-teimww:hasLanguage knoraType="richtext_value">English</p0826-teimww:hasLanguage>
    <p0826-teimww:isWrittenBy>
      <p0826-teimww:person knoraType="link_value" linkType="ref" target="ww_ba0230e7fbb5fd0d"/>
    </p0826-teimww:isWrittenBy>
    <p0826-teimww:publishDate knoraType="date_value">GREGORIAN:1584:1584</p0826-teimww:publishDate>
    <p0826-teimww:title knoraType="richtext_value">Gallathea</p0826-teimww:title>
  </p0826-teimww:book>
  <p0826-teimww:book id="ww_1c5e84bba083d2c9">
    <knoraXmlImport:label>book label</knoraXmlImport:label>
    <p0826-teimww:bookInternalId knoraType="richtext_value">@005630</p0826-teimww:bookInternalId>
    <p0826-teimww:createdDate knoraType="date_value">GREGORIAN:1584:1584</p0826-teimww:createdDate>
    <p0826-teimww:edition knoraType="richtext_value">Gwydoniuv. The Carde of Fancie [...]. London: William Ponsonby 1584.</p0826-teimww:edition>
    <p0826-teimww:hasLanguage knoraType="richtext_value">English</p0826-teimww:hasLanguage>
    <p0826-teimww:isWrittenBy>
      <p0826-teimww:person knoraType="link_value" linkType="ref" target="ww_ce2fb5bd491a4d2e"/>
    </p0826-teimww:isWrittenBy>
    <p0826-teimww:publishDate knoraType="date_value">GREGORIAN:1584:1584</p0826-teimww:publishDate>
    <p0826-teimww:title knoraType="richtext_value">Gwydonius</p0826-teimww:title>
  </p0826-teimww:book>
  <p0826-teimww:book id="ww_f44b01cba1dbbd53">
    <knoraXmlImport:label>book label</knoraXmlImport:label>
    <p0826-teimww:bookInternalId knoraType="richtext_value">@005631</p0826-teimww:bookInternalId>
    <p0826-teimww:createdDate knoraType="date_value">GREGORIAN:1584:1584</p0826-teimww:createdDate>
    <p0826-teimww:edition knoraType="richtext_value">The artes of logike and rethorike plainelie set foorth in the English tounge, easie to be learned and practised: togeather with examples for the practise of the same, for methode in the gouernment of the familie, prescribed in the word of God: and for the whole in the resolution or opening of certaine partes of Scripture, according to the same. Middleburgh: R. Schilders, 1584.</p0826-teimww:edition>
    <p0826-teimww:hasLanguage knoraType="richtext_value">English</p0826-teimww:hasLanguage>
    <p0826-teimww:isWrittenBy>
      <p0826-teimww:person knoraType="link_value" linkType="ref" target="ww_e746ef3ff7ed65a8"/>
    </p0826-teimww:isWrittenBy>
    <p0826-teimww:publishDate knoraType="date_value">GREGORIAN:1584:1584</p0826-teimww:publishDate>
    <p0826-teimww:title knoraType="richtext_value">The Arts of Logic and Rethoric</p0826-teimww:title>
  </p0826-teimww:book>
  <p0826-teimww:book id="ww_e4ae7f89b0f55caf">
    <knoraXmlImport:label>book label</knoraXmlImport:label>
    <p0826-teimww:bookInternalId knoraType="richtext_value">@005632</p0826-teimww:bookInternalId>
    <p0826-teimww:createdDate knoraType="date_value">GREGORIAN:1584:1584</p0826-teimww:createdDate>
    <p0826-teimww:edition knoraType="richtext_value">The discouerie of witchcraft. Wherein the lewde dealing of witches and witchmongers is notablie detected, the knauerie of coniurors, the impietie of inchantors, the follie of soothsaiers, the impudent falshood of cousenors, the infidelitie of atheists, the persistent practises of Pythonists [...]; the abhomination of idolatrie [...]; hereunto is added a treatise upon the nature and substance of spirits and divels, &amp;c. London: William Brome, 1584.</p0826-teimww:edition>
    <p0826-teimww:hasLanguage knoraType="richtext_value">English</p0826-teimww:hasLanguage>
    <p0826-teimww:isWrittenBy>
      <p0826-teimww:person knoraType="link_value" linkType="ref" target="ww_1e0958dae3ce7ad4"/>
    </p0826-teimww:isWrittenBy>
    <p0826-teimww:publishDate knoraType="date_value">GREGORIAN:1584:1584</p0826-teimww:publishDate>
    <p0826-teimww:title knoraType="richtext_value">The Discovery of Witchcraft</p0826-teimww:title>
  </p0826-teimww:book>
  <p0826-teimww:book id="ww_45236b051a657058">
    <knoraXmlImport:label>book label</knoraXmlImport:label>
    <p0826-teimww:bookInternalId knoraType="richtext_value">@005605</p0826-teimww:bookInternalId>
    <p0826-teimww:createdDate knoraType="date_value">GREGORIAN:1585:1613</p0826-teimww:createdDate>
    <p0826-teimww:edition knoraType="richtext_value">Quoted from: Thomas Plume. Plume Manuscript. Location: Maldon (Essex) library. 1657.</p0826-teimww:edition>
    <p0826-teimww:hasLanguage knoraType="richtext_value">English</p0826-teimww:hasLanguage>
    <p0826-teimww:isWrittenBy>
      <p0826-teimww:person knoraType="link_value" linkType="ref" target="ww_684176b58bc762f6"/>
    </p0826-teimww:isWrittenBy>
    <p0826-teimww:publishDate knoraType="date_value">GREGORIAN:1585:1613</p0826-teimww:publishDate>
    <p0826-teimww:title knoraType="richtext_value">[Conversation with Ben Jonson]</p0826-teimww:title>
  </p0826-teimww:book>
  <p0826-teimww:book id="ww_7ae298843ecbdbed">
    <knoraXmlImport:label>book label</knoraXmlImport:label>
    <p0826-teimww:bookInternalId knoraType="richtext_value">@010011</p0826-teimww:bookInternalId>
    <p0826-teimww:edition knoraType="richtext_value">Shakespeare - A Study of Facts and Problems. Oxford: Clarendon Press, 1930.</p0826-teimww:edition>
    <p0826-teimww:isWrittenBy>
      <p0826-teimww:person knoraType="link_value" linkType="ref" target="ww_70fe0bbcf8eba76a"/>
    </p0826-teimww:isWrittenBy>
    <p0826-teimww:title knoraType="richtext_value">Chambers Facts and Problems</p0826-teimww:title>
  </p0826-teimww:book>
  <p0826-teimww:book id="ww_99c58762296b12b6">
    <knoraXmlImport:label>book label</knoraXmlImport:label>
    <p0826-teimww:bookInternalId knoraType="richtext_value">@005633</p0826-teimww:bookInternalId>
    <p0826-teimww:createdDate knoraType="date_value">GREGORIAN:1585:1585</p0826-teimww:createdDate>
    <p0826-teimww:edition knoraType="richtext_value">A Sinfull Mans Solace. London: Richard Jones, 1585.</p0826-teimww:edition>
    <p0826-teimww:hasLanguage knoraType="richtext_value">English</p0826-teimww:hasLanguage>
    <p0826-teimww:isWrittenBy>
      <p0826-teimww:person knoraType="link_value" linkType="ref" target="ww_14800c7eb75cfa9a"/>
    </p0826-teimww:isWrittenBy>
    <p0826-teimww:publishDate knoraType="date_value">GREGORIAN:1585:1585</p0826-teimww:publishDate>
    <p0826-teimww:title knoraType="richtext_value">A Sinful Mans Solace</p0826-teimww:title>
  </p0826-teimww:book>
  <p0826-teimww:book id="ww_62691e6b381caa28">
    <knoraXmlImport:label>book label</knoraXmlImport:label>
    <p0826-teimww:bookInternalId knoraType="richtext_value">@005634</p0826-teimww:bookInternalId>
    <p0826-teimww:createdDate knoraType="date_value">GREGORIAN:1585:1585</p0826-teimww:createdDate>
    <p0826-teimww:edition knoraType="richtext_value">The True Difference betweene Christian Subiection and Vnchristian Rebellion. Oxford: John Barnes, 1585.</p0826-teimww:edition>
    <p0826-teimww:hasLanguage knoraType="richtext_value">English</p0826-teimww:hasLanguage>
    <p0826-teimww:isWrittenBy>
      <p0826-teimww:person knoraType="link_value" linkType="ref" target="ww_16d31ca4a1f787bf"/>
    </p0826-teimww:isWrittenBy>
    <p0826-teimww:publishDate knoraType="date_value">GREGORIAN:1585:1585</p0826-teimww:publishDate>
    <p0826-teimww:title knoraType="richtext_value">The True Difference between Christian Subjection and Unchristian Rebellion</p0826-teimww:title>
  </p0826-teimww:book>
  <p0826-teimww:book id="ww_a05e9fa3e5abb86c">
    <knoraXmlImport:label>book label</knoraXmlImport:label>
    <p0826-teimww:bookInternalId knoraType="richtext_value">@000773</p0826-teimww:bookInternalId>
    <p0826-teimww:createdDate knoraType="date_value">GREGORIAN:1586:1586</p0826-teimww:createdDate>
    <p0826-teimww:edition knoraType="richtext_value">The Famovs Victories of Henry the fifth. Containing the Honourable Battell of Agin-court: As it was plaide by the Queenes Maiesties Players. London: Thomas Creede, 1598.</p0826-teimww:edition>
    <p0826-teimww:hasLanguage knoraType="richtext_value">English</p0826-teimww:hasLanguage>
    <p0826-teimww:isWrittenBy>
      <p0826-teimww:person knoraType="link_value" linkType="ref" target="ww_212c78497ddc32c5"/>
    </p0826-teimww:isWrittenBy>
    <p0826-teimww:publishDate knoraType="date_value">GREGORIAN:1586:1586</p0826-teimww:publishDate>
    <p0826-teimww:title knoraType="richtext_value">The Famous Victories of Henry V</p0826-teimww:title>
  </p0826-teimww:book>
  <p0826-teimww:book id="ww_4367686b70b93963">
    <knoraXmlImport:label>book label</knoraXmlImport:label>
    <p0826-teimww:bookInternalId knoraType="richtext_value">@005618</p0826-teimww:bookInternalId>
    <p0826-teimww:createdDate knoraType="date_value">GREGORIAN:1586:1586</p0826-teimww:createdDate>
    <p0826-teimww:edition knoraType="richtext_value">The Covntesse of Pembrokes Arcadia. London: William Ponsonbie 1593.</p0826-teimww:edition>
    <p0826-teimww:hasLanguage knoraType="richtext_value">English</p0826-teimww:hasLanguage>
    <p0826-teimww:isWrittenBy>
      <p0826-teimww:person knoraType="link_value" linkType="ref" target="ww_4d90bb08c3de976b"/>
    </p0826-teimww:isWrittenBy>
    <p0826-teimww:publishDate knoraType="date_value">GREGORIAN:1586:1586</p0826-teimww:publishDate>
    <p0826-teimww:title knoraType="richtext_value">The Countess of Pembrokes Arcadia</p0826-teimww:title>
  </p0826-teimww:book>
  <p0826-teimww:book id="ww_04a69cb6dbc88db4">
    <knoraXmlImport:label>book label</knoraXmlImport:label>
    <p0826-teimww:bookInternalId knoraType="richtext_value">@005019</p0826-teimww:bookInternalId>
    <p0826-teimww:createdDate knoraType="date_value">GREGORIAN:1586:1586</p0826-teimww:createdDate>
    <p0826-teimww:edition knoraType="richtext_value">Treatise of Melancholie. London: T. Vautrollier, 1586. Quoted in: Muir, Kenneth. The Sources of Shakespeare's Plays. London: Methuen, 1977.</p0826-teimww:edition>
    <p0826-teimww:hasLanguage knoraType="richtext_value">English</p0826-teimww:hasLanguage>
    <p0826-teimww:isWrittenBy>
      <p0826-teimww:person knoraType="link_value" linkType="ref" target="ww_1d171ca3a3740f14"/>
    </p0826-teimww:isWrittenBy>
    <p0826-teimww:publishDate knoraType="date_value">GREGORIAN:1586:1586</p0826-teimww:publishDate>
    <p0826-teimww:title knoraType="richtext_value">Treatise of Melancholy</p0826-teimww:title>
  </p0826-teimww:book>
  <p0826-teimww:book id="ww_207b1333656832c3">
    <knoraXmlImport:label>book label</knoraXmlImport:label>
    <p0826-teimww:bookInternalId knoraType="richtext_value">@000789</p0826-teimww:bookInternalId>
    <p0826-teimww:createdDate knoraType="date_value">GREGORIAN:1587:1587</p0826-teimww:createdDate>
    <p0826-teimww:edition knoraType="richtext_value">The Complete Plays. Ed. J. B. Steane. London: Penguin 1986. 179-257.</p0826-teimww:edition>
    <p0826-teimww:hasLanguage knoraType="richtext_value">English</p0826-teimww:hasLanguage>
    <p0826-teimww:isWrittenBy>
      <p0826-teimww:person knoraType="link_value" linkType="ref" target="ww_63d5fe36ffac5d32"/>
    </p0826-teimww:isWrittenBy>
    <p0826-teimww:publishDate knoraType="date_value">GREGORIAN:1587:1587</p0826-teimww:publishDate>
    <p0826-teimww:title knoraType="richtext_value">The Second Part of Tamburlaine The Great</p0826-teimww:title>
  </p0826-teimww:book>
  <p0826-teimww:book id="ww_16aa75011d029064">
    <knoraXmlImport:label>book label</knoraXmlImport:label>
    <p0826-teimww:bookInternalId knoraType="richtext_value">@000784</p0826-teimww:bookInternalId>
    <p0826-teimww:createdDate knoraType="date_value">GREGORIAN:1587:1587</p0826-teimww:createdDate>
    <p0826-teimww:edition knoraType="richtext_value">The Complete Plays. Ed. J. B. Steane. London: Penguin 1986. 101-178.</p0826-teimww:edition>
    <p0826-teimww:hasLanguage knoraType="richtext_value">English</p0826-teimww:hasLanguage>
    <p0826-teimww:isWrittenBy>
      <p0826-teimww:person knoraType="link_value" linkType="ref" target="ww_63d5fe36ffac5d32"/>
    </p0826-teimww:isWrittenBy>
    <p0826-teimww:publishDate knoraType="date_value">GREGORIAN:1587:1587</p0826-teimww:publishDate>
    <p0826-teimww:title knoraType="richtext_value">The First Part of Tamburlaine The Great</p0826-teimww:title>
  </p0826-teimww:book>
  <p0826-teimww:book id="ww_96f58f18ba880f24">
    <knoraXmlImport:label>book label</knoraXmlImport:label>
    <p0826-teimww:bookInternalId knoraType="richtext_value">@000783</p0826-teimww:bookInternalId>
    <p0826-teimww:createdDate knoraType="date_value">GREGORIAN:1587:1587</p0826-teimww:createdDate>
    <p0826-teimww:edition knoraType="richtext_value">English Renaissance Drama: A Norton Anthology. Gen. ed. David Bevington. New York and London: W. W. Norton, 2002. 8-73.  </p0826-teimww:edition>
    <p0826-teimww:hasLanguage knoraType="richtext_value">English</p0826-teimww:hasLanguage>
    <p0826-teimww:isWrittenBy>
      <p0826-teimww:person knoraType="link_value" linkType="ref" target="ww_116917d934be52dd"/>
    </p0826-teimww:isWrittenBy>
    <p0826-teimww:publishDate knoraType="date_value">GREGORIAN:1587:1587</p0826-teimww:publishDate>
    <p0826-teimww:title knoraType="richtext_value">The Spanish Tragedy</p0826-teimww:title>
  </p0826-teimww:book>
  <p0826-teimww:book id="ww_3e70301e1c6b8013">
    <knoraXmlImport:label>book label</knoraXmlImport:label>
    <p0826-teimww:bookInternalId knoraType="richtext_value">@010019</p0826-teimww:bookInternalId>
    <p0826-teimww:edition knoraType="richtext_value">Notes and Queries 59.1 (2012): 76-77.</p0826-teimww:edition>
    <p0826-teimww:isWrittenBy>
      <p0826-teimww:person knoraType="link_value" linkType="ref" target="ww_5afc403ede1322a7"/>
    </p0826-teimww:isWrittenBy>
    <p0826-teimww:title knoraType="richtext_value">Hamlet's Horatio as an Allusion to Horace's Odes</p0826-teimww:title>
  </p0826-teimww:book>
  <p0826-teimww:book id="ww_55406532e3cd0a84">
    <knoraXmlImport:label>book label</knoraXmlImport:label>
    <p0826-teimww:bookInternalId knoraType="richtext_value">@010147</p0826-teimww:bookInternalId>
    <p0826-teimww:edition knoraType="richtext_value">Shakespeare Quarterly 48.1 (Spring 1997): 1-16.</p0826-teimww:edition>
    <p0826-teimww:isWrittenBy>
      <p0826-teimww:person knoraType="link_value" linkType="ref" target="ww_5292e9f9b3764075"/>
    </p0826-teimww:isWrittenBy>
    <p0826-teimww:title knoraType="richtext_value">Dismember Me: Shakespeare, Paranoia, and the Logic of Mass Culture</p0826-teimww:title>
  </p0826-teimww:book>
  <p0826-teimww:book id="ww_6a0b1e5914da6bee">
    <knoraXmlImport:label>book label</knoraXmlImport:label>
    <p0826-teimww:bookInternalId knoraType="richtext_value">@010036</p0826-teimww:bookInternalId>
    <p0826-teimww:edition knoraType="richtext_value">Looking for Hamlet. Basingstoke: Palgrave Macmillan, 2007.</p0826-teimww:edition>
    <p0826-teimww:isWrittenBy>
      <p0826-teimww:person knoraType="link_value" linkType="ref" target="ww_e9cb87724e65b28f"/>
    </p0826-teimww:isWrittenBy>
    <p0826-teimww:title knoraType="richtext_value">Looking for Hamlet</p0826-teimww:title>
  </p0826-teimww:book>
  <p0826-teimww:book id="ww_10ccfff324728f4d">
    <knoraXmlImport:label>book label</knoraXmlImport:label>
    <p0826-teimww:bookInternalId knoraType="richtext_value">@000799</p0826-teimww:bookInternalId>
    <p0826-teimww:createdDate knoraType="date_value">GREGORIAN:1588:1588</p0826-teimww:createdDate>
    <p0826-teimww:edition knoraType="richtext_value">The Tragedie of Solyman and Perseda. Ed. John J. Murray. New York: Garland Publishing, 1991.</p0826-teimww:edition>
    <p0826-teimww:hasLanguage knoraType="richtext_value">English</p0826-teimww:hasLanguage>
    <p0826-teimww:isWrittenBy>
      <p0826-teimww:person knoraType="link_value" linkType="ref" target="ww_116917d934be52dd"/>
    </p0826-teimww:isWrittenBy>
    <p0826-teimww:publishDate knoraType="date_value">GREGORIAN:1588:1588</p0826-teimww:publishDate>
    <p0826-teimww:title knoraType="richtext_value">Suleiman and Perseda</p0826-teimww:title>
  </p0826-teimww:book>
  <p0826-teimww:book id="ww_f052ab291abd7898">
    <knoraXmlImport:label>book label</knoraXmlImport:label>
    <p0826-teimww:bookInternalId knoraType="richtext_value">@000820</p0826-teimww:bookInternalId>
    <p0826-teimww:createdDate knoraType="date_value">GREGORIAN:1588:1588</p0826-teimww:createdDate>
    <p0826-teimww:edition knoraType="richtext_value">The Complete Plays. Ed. J. B. Steane. London: Penguin 1986. 41-99.</p0826-teimww:edition>
    <p0826-teimww:hasLanguage knoraType="richtext_value">English</p0826-teimww:hasLanguage>
    <p0826-teimww:isWrittenBy>
      <p0826-teimww:person knoraType="link_value" linkType="ref" target="ww_9e2e58504b5d3de8"/>
    </p0826-teimww:isWrittenBy>
    <p0826-teimww:isWrittenBy>
      <p0826-teimww:person knoraType="link_value" linkType="ref" target="ww_63d5fe36ffac5d32"/>
    </p0826-teimww:isWrittenBy>
    <p0826-teimww:publishDate knoraType="date_value">GREGORIAN:1588:1588</p0826-teimww:publishDate>
    <p0826-teimww:title knoraType="richtext_value">Dido, Queen of Carthage</p0826-teimww:title>
  </p0826-teimww:book>
  <p0826-teimww:book id="ww_dde817ac993ab4da">
    <knoraXmlImport:label>book label</knoraXmlImport:label>
    <p0826-teimww:bookInternalId knoraType="richtext_value">@000803</p0826-teimww:bookInternalId>
    <p0826-teimww:createdDate knoraType="date_value">GREGORIAN:1588:1588</p0826-teimww:createdDate>
    <p0826-teimww:edition knoraType="richtext_value">The Turkish Muhammad and the Irene [Hiren] The Fair Greek. [passage in lost play deduced from later quotations]</p0826-teimww:edition>
    <p0826-teimww:hasLanguage knoraType="richtext_value">English</p0826-teimww:hasLanguage>
    <p0826-teimww:isWrittenBy>
      <p0826-teimww:person knoraType="link_value" linkType="ref" target="ww_7468c79b15d734b3"/>
    </p0826-teimww:isWrittenBy>
    <p0826-teimww:publishDate knoraType="date_value">GREGORIAN:1588:1588</p0826-teimww:publishDate>
    <p0826-teimww:title knoraType="richtext_value">The Turkish Muhammad and Irene the Fair Greek</p0826-teimww:title>
  </p0826-teimww:book>
  <p0826-teimww:book id="ww_42666ba64eaac864">
    <knoraXmlImport:label>book label</knoraXmlImport:label>
    <p0826-teimww:bookInternalId knoraType="richtext_value">@000813</p0826-teimww:bookInternalId>
    <p0826-teimww:createdDate knoraType="date_value">GREGORIAN:1588:1588</p0826-teimww:createdDate>
    <p0826-teimww:edition knoraType="richtext_value">The warres of Cyrus King of Persia against Antiochus King of Assyria, with the Tragicall ende of Panthæa. London: E. A. for William Blackwal 1594.</p0826-teimww:edition>
    <p0826-teimww:hasLanguage knoraType="richtext_value">English</p0826-teimww:hasLanguage>
    <p0826-teimww:isWrittenBy>
      <p0826-teimww:person knoraType="link_value" linkType="ref" target="ww_212c78497ddc32c5"/>
    </p0826-teimww:isWrittenBy>
    <p0826-teimww:publishDate knoraType="date_value">GREGORIAN:1588:1588</p0826-teimww:publishDate>
    <p0826-teimww:title knoraType="richtext_value">The Wars of Cyrus, King of Persia</p0826-teimww:title>
  </p0826-teimww:book>
  <p0826-teimww:book id="ww_7fdb5d1a8d96cea5">
    <knoraXmlImport:label>book label</knoraXmlImport:label>
    <p0826-teimww:bookInternalId knoraType="richtext_value">@000794</p0826-teimww:bookInternalId>
    <p0826-teimww:createdDate knoraType="date_value">GREGORIAN:1588:1588</p0826-teimww:createdDate>
    <p0826-teimww:edition knoraType="richtext_value">Endimion [in, Sixe Covrt Comedies. Often Presented and Acted before Queene Elizabeth, by the Children of her Maiesties Chappell, and the Children of Paules. Written by the onely Rare Poet of that Time, The Witie, Comicall, Facetiously-Quicke and vnparalelled: Iohn Lilly. London: William Stansby for Edward Blount, 1632.</p0826-teimww:edition>
    <p0826-teimww:hasLanguage knoraType="richtext_value">English</p0826-teimww:hasLanguage>
    <p0826-teimww:isWrittenBy>
      <p0826-teimww:person knoraType="link_value" linkType="ref" target="ww_ba0230e7fbb5fd0d"/>
    </p0826-teimww:isWrittenBy>
    <p0826-teimww:publishDate knoraType="date_value">GREGORIAN:1588:1588</p0826-teimww:publishDate>
    <p0826-teimww:title knoraType="richtext_value">Endimion</p0826-teimww:title>
  </p0826-teimww:book>
  <p0826-teimww:book id="ww_d86c9cc196e7be35">
    <knoraXmlImport:label>book label</knoraXmlImport:label>
    <p0826-teimww:bookInternalId knoraType="richtext_value">@005617</p0826-teimww:bookInternalId>
    <p0826-teimww:createdDate knoraType="date_value">GREGORIAN:1588:1588</p0826-teimww:createdDate>
    <p0826-teimww:edition knoraType="richtext_value">Modern Philology 105.3 (2008): 510-34.</p0826-teimww:edition>
    <p0826-teimww:hasLanguage knoraType="richtext_value">English</p0826-teimww:hasLanguage>
    <p0826-teimww:isWrittenBy>
      <p0826-teimww:person knoraType="link_value" linkType="ref" target="ww_40f087f3ecb3aa75"/>
    </p0826-teimww:isWrittenBy>
    <p0826-teimww:publishDate knoraType="date_value">GREGORIAN:1588:1588</p0826-teimww:publishDate>
    <p0826-teimww:title knoraType="richtext_value">Quoting Hamlet in the Early Seventeenth Century</p0826-teimww:title>
  </p0826-teimww:book>
  <p0826-teimww:book id="ww_100fa85792453de4">
    <knoraXmlImport:label>book label</knoraXmlImport:label>
    <p0826-teimww:bookInternalId knoraType="richtext_value">@005616</p0826-teimww:bookInternalId>
    <p0826-teimww:createdDate knoraType="date_value">GREGORIAN:1589:1589</p0826-teimww:createdDate>
    <p0826-teimww:edition knoraType="richtext_value">Almond for a Parrot. 1589.</p0826-teimww:edition>
    <p0826-teimww:hasLanguage knoraType="richtext_value">English</p0826-teimww:hasLanguage>
    <p0826-teimww:isWrittenBy>
      <p0826-teimww:person knoraType="link_value" linkType="ref" target="ww_9e2e58504b5d3de8"/>
    </p0826-teimww:isWrittenBy>
    <p0826-teimww:publishDate knoraType="date_value">GREGORIAN:1589:1589</p0826-teimww:publishDate>
    <p0826-teimww:title knoraType="richtext_value">Almond for a Parrot</p0826-teimww:title>
  </p0826-teimww:book>
  <p0826-teimww:book id="ww_b7244d8e406a25d5">
    <knoraXmlImport:label>book label</knoraXmlImport:label>
    <p0826-teimww:bookInternalId knoraType="richtext_value">@005615</p0826-teimww:bookInternalId>
    <p0826-teimww:createdDate knoraType="date_value">GREGORIAN:1589:1589</p0826-teimww:createdDate>
    <p0826-teimww:edition knoraType="richtext_value">Menaphon. Camillas alarum to slumbering Euphues, in his melancholie Cell at Silexedra. Wherein are deciphered the variable effects of Fortune, the wonders of Love, the triumphes of inconstant Time [...]. London: T. O. for Sampson Clarke, 1589. 6-18.</p0826-teimww:edition>
    <p0826-teimww:hasLanguage knoraType="richtext_value">HAS SEVERAL LEXIAS!</p0826-teimww:hasLanguage>
    <p0826-teimww:isWrittenBy>
      <p0826-teimww:person knoraType="link_value" linkType="ref" target="ww_9e2e58504b5d3de8"/>
    </p0826-teimww:isWrittenBy>
    <p0826-teimww:publishDate knoraType="date_value">GREGORIAN:1589:1589</p0826-teimww:publishDate>
    <p0826-teimww:title knoraType="richtext_value">Menaphon</p0826-teimww:title>
  </p0826-teimww:book>
  <p0826-teimww:book id="ww_79b4f04c648b74db">
    <knoraXmlImport:label>book label</knoraXmlImport:label>
    <p0826-teimww:bookInternalId knoraType="richtext_value">@005614</p0826-teimww:bookInternalId>
    <p0826-teimww:createdDate knoraType="date_value">GREGORIAN:1589:1589</p0826-teimww:createdDate>
    <p0826-teimww:edition knoraType="richtext_value">The common-vvelth of England and the maner of gouernment thereof. Compiled by the honorable Sir Thomas Smith, Knight, Doctor of both lawes, and one of the principall secretaries vnto two most worthie princes, King Edward, and Queen Elizabeth: with new additions of the cheefe courts in England, the offices thereof, and their seuerall functions, by the sayd author: neuer before published. London: John Windet for Gregory Seton, 1589.</p0826-teimww:edition>
    <p0826-teimww:hasLanguage knoraType="richtext_value">English</p0826-teimww:hasLanguage>
    <p0826-teimww:isWrittenBy>
      <p0826-teimww:person knoraType="link_value" linkType="ref" target="ww_4120af7a4ce22c71"/>
    </p0826-teimww:isWrittenBy>
    <p0826-teimww:publishDate knoraType="date_value">GREGORIAN:1589:1589</p0826-teimww:publishDate>
    <p0826-teimww:title knoraType="richtext_value">The Commonwealth of England</p0826-teimww:title>
  </p0826-teimww:book>
  <p0826-teimww:book id="ww_c373e74239c178a8">
    <knoraXmlImport:label>book label</knoraXmlImport:label>
    <p0826-teimww:bookInternalId knoraType="richtext_value">@005001</p0826-teimww:bookInternalId>
    <p0826-teimww:createdDate knoraType="date_value">GREGORIAN:1590:1590</p0826-teimww:createdDate>
    <p0826-teimww:edition knoraType="richtext_value">A briefe treatise of testaments and last willes very profitable to be vnderstoode of all the subiects of this realme of England [...]. London: Iohn Windet, 1591.</p0826-teimww:edition>
    <p0826-teimww:hasLanguage knoraType="richtext_value">English</p0826-teimww:hasLanguage>
    <p0826-teimww:isWrittenBy>
      <p0826-teimww:person knoraType="link_value" linkType="ref" target="ww_29c676ae27f37864"/>
    </p0826-teimww:isWrittenBy>
    <p0826-teimww:publishDate knoraType="date_value">GREGORIAN:1590:1590</p0826-teimww:publishDate>
    <p0826-teimww:title knoraType="richtext_value">A Brief Treatise of Testaments and Last Wills</p0826-teimww:title>
  </p0826-teimww:book>
  <p0826-teimww:book id="ww_368ebdd946db4900">
    <knoraXmlImport:label>book label</knoraXmlImport:label>
    <p0826-teimww:bookInternalId knoraType="richtext_value">@005608</p0826-teimww:bookInternalId>
    <p0826-teimww:createdDate knoraType="date_value">GREGORIAN:1590:1590</p0826-teimww:createdDate>
    <p0826-teimww:edition knoraType="richtext_value">PMLA 122.5 (2007): 1580-1587.</p0826-teimww:edition>
    <p0826-teimww:hasLanguage knoraType="richtext_value">English</p0826-teimww:hasLanguage>
    <p0826-teimww:isWrittenBy>
      <p0826-teimww:person knoraType="link_value" linkType="ref" target="ww_246e8bda427107c8"/>
    </p0826-teimww:isWrittenBy>
    <p0826-teimww:publishDate knoraType="date_value">GREGORIAN:1590:1590</p0826-teimww:publishDate>
    <p0826-teimww:title knoraType="richtext_value">Against Thinking</p0826-teimww:title>
  </p0826-teimww:book>
  <p0826-teimww:book id="ww_a45f897238d7e5f0">
    <knoraXmlImport:label>book label</knoraXmlImport:label>
    <p0826-teimww:bookInternalId knoraType="richtext_value">@000884</p0826-teimww:bookInternalId>
    <p0826-teimww:createdDate knoraType="date_value">GREGORIAN:1591:1591</p0826-teimww:createdDate>
    <p0826-teimww:edition knoraType="richtext_value">A Most pleasant Comedie of Mucedorus the Kings sonne of Valentia and Amadine the Kings daughter of Arragon, with the merie conceites of Mouse. Newly set foorth, as it hath bin sundrie times plaide in the honorable Cittie of London. Very delectable and full of mirth. London: William Jones, 1598.</p0826-teimww:edition>
    <p0826-teimww:hasLanguage knoraType="richtext_value">English</p0826-teimww:hasLanguage>
    <p0826-teimww:isWrittenBy>
      <p0826-teimww:person knoraType="link_value" linkType="ref" target="ww_212c78497ddc32c5"/>
    </p0826-teimww:isWrittenBy>
    <p0826-teimww:publishDate knoraType="date_value">GREGORIAN:1591:1591</p0826-teimww:publishDate>
    <p0826-teimww:title knoraType="richtext_value">Mucedorus and Amadine</p0826-teimww:title>
  </p0826-teimww:book>
  <p0826-teimww:book id="ww_95fb4400d1818339">
    <knoraXmlImport:label>book label</knoraXmlImport:label>
    <p0826-teimww:bookInternalId knoraType="richtext_value">@005586</p0826-teimww:bookInternalId>
    <p0826-teimww:createdDate knoraType="date_value">GREGORIAN:1591:1591</p0826-teimww:createdDate>
    <p0826-teimww:edition knoraType="richtext_value">Quoted in: Naseeb Shaheen. Biblical References in Shakespeare's Tragedies. Newark: University of Delaware Press, 1987.</p0826-teimww:edition>
    <p0826-teimww:hasLanguage knoraType="richtext_value">English</p0826-teimww:hasLanguage>
    <p0826-teimww:isWrittenBy>
      <p0826-teimww:person knoraType="link_value" linkType="ref" target="ww_0b287f59292b10a7"/>
    </p0826-teimww:isWrittenBy>
    <p0826-teimww:publishDate knoraType="date_value">GREGORIAN:1591:1591</p0826-teimww:publishDate>
    <p0826-teimww:title knoraType="richtext_value">The Pilgrim's Wish</p0826-teimww:title>
  </p0826-teimww:book>
  <p0826-teimww:book id="ww_74c4db8372c7293c">
    <knoraXmlImport:label>book label</knoraXmlImport:label>
    <p0826-teimww:bookInternalId knoraType="richtext_value">@005610</p0826-teimww:bookInternalId>
    <p0826-teimww:createdDate knoraType="date_value">GREGORIAN:1591:1591</p0826-teimww:createdDate>
    <p0826-teimww:edition knoraType="richtext_value">Florios second frutes to be gathered of twelue trees, of diuers but delightsome tastes to the tongues of Italians and Englishmen. To which is annexed his Gardine of recreation yeelding six thousand Italian prouerbs. London: T. Orwin for Thomas Woodcock, 1591.</p0826-teimww:edition>
    <p0826-teimww:hasLanguage knoraType="richtext_value">English</p0826-teimww:hasLanguage>
    <p0826-teimww:isWrittenBy>
      <p0826-teimww:person knoraType="link_value" linkType="ref" target="ww_788d53fded4c5751"/>
    </p0826-teimww:isWrittenBy>
    <p0826-teimww:publishDate knoraType="date_value">GREGORIAN:1591:1591</p0826-teimww:publishDate>
    <p0826-teimww:title knoraType="richtext_value">Florios Second Fruits</p0826-teimww:title>
  </p0826-teimww:book>
  <p0826-teimww:book id="ww_a08995e1e6833cea">
    <knoraXmlImport:label>book label</knoraXmlImport:label>
    <p0826-teimww:bookInternalId knoraType="richtext_value">@005566</p0826-teimww:bookInternalId>
    <p0826-teimww:createdDate knoraType="date_value">GREGORIAN:1592:1592</p0826-teimww:createdDate>
    <p0826-teimww:edition knoraType="richtext_value">A Qvip for an Vpstart Courtier. Or, A quaint dispute betvveen Veluet breeches and Clothbreeches. Wherein is plainely set downe the disorders in all Estates and Trades. London: John Wolfe, 1592.</p0826-teimww:edition>
    <p0826-teimww:hasLanguage knoraType="richtext_value">HAS SEVERAL LEXIAS!</p0826-teimww:hasLanguage>
    <p0826-teimww:isWrittenBy>
      <p0826-teimww:person knoraType="link_value" linkType="ref" target="ww_ce2fb5bd491a4d2e"/>
    </p0826-teimww:isWrittenBy>
    <p0826-teimww:publishDate knoraType="date_value">GREGORIAN:1592:1592</p0826-teimww:publishDate>
    <p0826-teimww:title knoraType="richtext_value">A Quip for an Upstart Courtier</p0826-teimww:title>
  </p0826-teimww:book>
  <p0826-teimww:book id="ww_c8b9905743513fbf">
    <knoraXmlImport:label>book label</knoraXmlImport:label>
    <p0826-teimww:bookInternalId knoraType="richtext_value">@010222</p0826-teimww:bookInternalId>
    <p0826-teimww:edition knoraType="richtext_value">Notes and Queries (September 1953): 272-274.</p0826-teimww:edition>
    <p0826-teimww:isWrittenBy>
      <p0826-teimww:person knoraType="link_value" linkType="ref" target="ww_4aad8076b21701ae"/>
    </p0826-teimww:isWrittenBy>
    <p0826-teimww:title knoraType="richtext_value">Shakespeare and Nashe's 'Pierce Pennilesse' I</p0826-teimww:title>
  </p0826-teimww:book>
  <p0826-teimww:book id="ww_1346944d637cbc76">
    <knoraXmlImport:label>book label</knoraXmlImport:label>
    <p0826-teimww:bookInternalId knoraType="richtext_value">@010088</p0826-teimww:bookInternalId>
    <p0826-teimww:edition knoraType="richtext_value">Notes and Queries 11-6:153, 30 November 1912): 426-427.</p0826-teimww:edition>
    <p0826-teimww:isWrittenBy>
      <p0826-teimww:person knoraType="link_value" linkType="ref" target="ww_4cf2d2f81816aed2"/>
    </p0826-teimww:isWrittenBy>
    <p0826-teimww:title knoraType="richtext_value">Shakespeare Allusions</p0826-teimww:title>
  </p0826-teimww:book>
  <p0826-teimww:book id="ww_c81f995a09baa142">
    <knoraXmlImport:label>book label</knoraXmlImport:label>
    <p0826-teimww:bookInternalId knoraType="richtext_value">@005564</p0826-teimww:bookInternalId>
    <p0826-teimww:createdDate knoraType="date_value">GREGORIAN:1593:1593</p0826-teimww:createdDate>
    <p0826-teimww:edition knoraType="richtext_value">Christs teares over Ierusalem. Wherevnto is annexed, a comparatiue admonition to London. A Iove Musa. London: Andrew Wise, 1594.</p0826-teimww:edition>
    <p0826-teimww:hasLanguage knoraType="richtext_value">English</p0826-teimww:hasLanguage>
    <p0826-teimww:isWrittenBy>
      <p0826-teimww:person knoraType="link_value" linkType="ref" target="ww_9e2e58504b5d3de8"/>
    </p0826-teimww:isWrittenBy>
    <p0826-teimww:publishDate knoraType="date_value">GREGORIAN:1593:1593</p0826-teimww:publishDate>
    <p0826-teimww:title knoraType="richtext_value">Christs Tears Over Jerusalem </p0826-teimww:title>
  </p0826-teimww:book>
  <p0826-teimww:book id="ww_9d0b02a61888dad4">
    <knoraXmlImport:label>book label</knoraXmlImport:label>
    <p0826-teimww:bookInternalId knoraType="richtext_value">@005589</p0826-teimww:bookInternalId>
    <p0826-teimww:createdDate knoraType="date_value">GREGORIAN:1594:1594</p0826-teimww:createdDate>
    <p0826-teimww:edition knoraType="richtext_value">"The Teares of an affectionate Shepheard sicke for Loue. Or The Complaint of Daphnis for the Loue of Ganimede." The Affectionate Shepheard. Containing the Complaint of Daphnis for the loue of Granymede. London: T. G. and E. N. et al., 1594.</p0826-teimww:edition>
    <p0826-teimww:hasLanguage knoraType="richtext_value">English</p0826-teimww:hasLanguage>
    <p0826-teimww:isWrittenBy>
      <p0826-teimww:person knoraType="link_value" linkType="ref" target="ww_dc3833f217f24ffb"/>
    </p0826-teimww:isWrittenBy>
    <p0826-teimww:publishDate knoraType="date_value">GREGORIAN:1594:1594</p0826-teimww:publishDate>
    <p0826-teimww:title knoraType="richtext_value">The Tears of an Affectionate Shepherd Sick for Love</p0826-teimww:title>
  </p0826-teimww:book>
  <p0826-teimww:book id="ww_9f7146452fc1243e">
    <knoraXmlImport:label>book label</knoraXmlImport:label>
    <p0826-teimww:bookInternalId knoraType="richtext_value">@005587</p0826-teimww:bookInternalId>
    <p0826-teimww:createdDate knoraType="date_value">GREGORIAN:1594:1594</p0826-teimww:createdDate>
    <p0826-teimww:edition knoraType="richtext_value">Lectures upon Jonas. Delivered at Yorke In the year of our Lorde 1594. Oxford, 1597.</p0826-teimww:edition>
    <p0826-teimww:hasLanguage knoraType="richtext_value">English</p0826-teimww:hasLanguage>
    <p0826-teimww:isWrittenBy>
      <p0826-teimww:person knoraType="link_value" linkType="ref" target="ww_bb511f296416b258"/>
    </p0826-teimww:isWrittenBy>
    <p0826-teimww:publishDate knoraType="date_value">GREGORIAN:1594:1594</p0826-teimww:publishDate>
    <p0826-teimww:title knoraType="richtext_value">Lectures upon Jonas</p0826-teimww:title>
  </p0826-teimww:book>
  <p0826-teimww:book id="ww_2df21bfefce592b6">
    <knoraXmlImport:label>book label</knoraXmlImport:label>
    <p0826-teimww:bookInternalId knoraType="richtext_value">@005574</p0826-teimww:bookInternalId>
    <p0826-teimww:createdDate knoraType="date_value">GREGORIAN:1594:1594</p0826-teimww:createdDate>
    <p0826-teimww:edition knoraType="richtext_value">The Unfortunate Traveller or, The Life of Iacke Wilton." The Works of Thomas Nashe. Ed. Ronald B. McKerrow. 5 vols. Oxford: Basil Blackwell, 1958. Vol. 2, 205-328.</p0826-teimww:edition>
    <p0826-teimww:hasLanguage knoraType="richtext_value">English</p0826-teimww:hasLanguage>
    <p0826-teimww:isWrittenBy>
      <p0826-teimww:person knoraType="link_value" linkType="ref" target="ww_9e2e58504b5d3de8"/>
    </p0826-teimww:isWrittenBy>
    <p0826-teimww:publishDate knoraType="date_value">GREGORIAN:1594:1594</p0826-teimww:publishDate>
    <p0826-teimww:title knoraType="richtext_value">The UnfortunateTraveller</p0826-teimww:title>
  </p0826-teimww:book>
  <p0826-teimww:book id="ww_576a3b5a9726890a">
    <knoraXmlImport:label>book label</knoraXmlImport:label>
    <p0826-teimww:bookInternalId knoraType="richtext_value">@005563</p0826-teimww:bookInternalId>
    <p0826-teimww:createdDate knoraType="date_value">GREGORIAN:1596:1596</p0826-teimww:createdDate>
    <p0826-teimww:edition knoraType="richtext_value">The Works in Verse and Prose (including hitherto unpublished Mss.) of Sir John Davies. Ed. Alexander B. Grosart. Blackburn: Printed for private circulation, 1869.</p0826-teimww:edition>
    <p0826-teimww:hasLanguage knoraType="richtext_value">English</p0826-teimww:hasLanguage>
    <p0826-teimww:isWrittenBy>
      <p0826-teimww:person knoraType="link_value" linkType="ref" target="ww_2afeb85181d58ed3"/>
    </p0826-teimww:isWrittenBy>
    <p0826-teimww:publishDate knoraType="date_value">GREGORIAN:1596:1596</p0826-teimww:publishDate>
    <p0826-teimww:title knoraType="richtext_value">Orchestra, or a Poeme of Dauncing</p0826-teimww:title>
  </p0826-teimww:book>
  <p0826-teimww:book id="ww_f3b680a00afe6716">
    <knoraXmlImport:label>book label</knoraXmlImport:label>
    <p0826-teimww:bookInternalId knoraType="richtext_value">@005585</p0826-teimww:bookInternalId>
    <p0826-teimww:createdDate knoraType="date_value">GREGORIAN:1596:1596</p0826-teimww:createdDate>
    <p0826-teimww:edition knoraType="richtext_value">Wherein the Soul Must Arm Itself Against Dangers of the Time, in Regard of False Doctrine, Wherewith Else It May Be Miscarried in this Progress." A Progress Of Piety. Cambridge: Cambridge University Press, 1847. 107-119.</p0826-teimww:edition>
    <p0826-teimww:hasLanguage knoraType="richtext_value">English</p0826-teimww:hasLanguage>
    <p0826-teimww:isWrittenBy>
      <p0826-teimww:person knoraType="link_value" linkType="ref" target="ww_14800c7eb75cfa9a"/>
    </p0826-teimww:isWrittenBy>
    <p0826-teimww:publishDate knoraType="date_value">GREGORIAN:1596:1596</p0826-teimww:publishDate>
    <p0826-teimww:title knoraType="richtext_value">The Sixth Jess</p0826-teimww:title>
  </p0826-teimww:book>
  <p0826-teimww:book id="ww_70b35f176c9ceb49">
    <knoraXmlImport:label>book label</knoraXmlImport:label>
    <p0826-teimww:bookInternalId knoraType="richtext_value">@005592</p0826-teimww:bookInternalId>
    <p0826-teimww:createdDate knoraType="date_value">GREGORIAN:1596:1596</p0826-teimww:createdDate>
    <p0826-teimww:edition knoraType="richtext_value">A Fig for Fortune. London: Richard Johnes, 1596.</p0826-teimww:edition>
    <p0826-teimww:hasLanguage knoraType="richtext_value">English</p0826-teimww:hasLanguage>
    <p0826-teimww:isWrittenBy>
      <p0826-teimww:person knoraType="link_value" linkType="ref" target="ww_3bba108f51aa8607"/>
    </p0826-teimww:isWrittenBy>
    <p0826-teimww:publishDate knoraType="date_value">GREGORIAN:1596:1596</p0826-teimww:publishDate>
    <p0826-teimww:title knoraType="richtext_value">A Fig for Fortune</p0826-teimww:title>
  </p0826-teimww:book>
  <p0826-teimww:book id="ww_13d1b8c099bf8583">
    <knoraXmlImport:label>book label</knoraXmlImport:label>
    <p0826-teimww:bookInternalId knoraType="richtext_value">@005611</p0826-teimww:bookInternalId>
    <p0826-teimww:createdDate knoraType="date_value">GREGORIAN:1596:1596</p0826-teimww:createdDate>
    <p0826-teimww:edition knoraType="richtext_value">A discourse of conscience wherein is set downe the nature, properties, and differences thereof: as also the way to get and keepe good conscience. Cambridge: John Legat, 1596.</p0826-teimww:edition>
    <p0826-teimww:hasLanguage knoraType="richtext_value">English</p0826-teimww:hasLanguage>
    <p0826-teimww:isWrittenBy>
      <p0826-teimww:person knoraType="link_value" linkType="ref" target="ww_84ff74beb4a95aa1"/>
    </p0826-teimww:isWrittenBy>
    <p0826-teimww:publishDate knoraType="date_value">GREGORIAN:1596:1596</p0826-teimww:publishDate>
    <p0826-teimww:title knoraType="richtext_value">A Discourse of Conscience </p0826-teimww:title>
  </p0826-teimww:book>
  <p0826-teimww:book id="ww_444e694490140e28">
    <knoraXmlImport:label>book label</knoraXmlImport:label>
    <p0826-teimww:bookInternalId knoraType="richtext_value">@010102</p0826-teimww:bookInternalId>
    <p0826-teimww:edition knoraType="richtext_value">'"Some by Stenography"? Stationers, Shorthand, and the Early Shakespearean Quartos.' Papers of the Bibliographical Society of America 90.4 (1996): 417-449.</p0826-teimww:edition>
    <p0826-teimww:isWrittenBy>
      <p0826-teimww:person knoraType="link_value" linkType="ref" target="ww_352af22fad3f766f"/>
    </p0826-teimww:isWrittenBy>
    <p0826-teimww:title knoraType="richtext_value">Some by Stenography</p0826-teimww:title>
  </p0826-teimww:book>
  <p0826-teimww:book id="ww_adfdbd7c6a7b7a62">
    <knoraXmlImport:label>book label</knoraXmlImport:label>
    <p0826-teimww:bookInternalId knoraType="richtext_value">@010060</p0826-teimww:bookInternalId>
    <p0826-teimww:edition knoraType="richtext_value">PBSA 104 (2010): 141-180.</p0826-teimww:edition>
    <p0826-teimww:isWrittenBy>
      <p0826-teimww:person knoraType="link_value" linkType="ref" target="ww_196318c17e1ae6d2"/>
    </p0826-teimww:isWrittenBy>
    <p0826-teimww:title knoraType="richtext_value">Shakespeare and Shorthand Once Again</p0826-teimww:title>
  </p0826-teimww:book>
  <p0826-teimww:book id="ww_b2ee01ef371c8ee8">
    <knoraXmlImport:label>book label</knoraXmlImport:label>
    <p0826-teimww:bookInternalId knoraType="richtext_value">@001080</p0826-teimww:bookInternalId>
    <p0826-teimww:createdDate knoraType="date_value">GREGORIAN:1597:1597</p0826-teimww:createdDate>
    <p0826-teimww:edition knoraType="richtext_value">A Warning for Faire Women. As it hath beene lately diuerse times acted by the right Honorable, the Lord Chamberlaine his Seruantes. London: Valentine Sims for William Aspley, 1599.</p0826-teimww:edition>
    <p0826-teimww:hasLanguage knoraType="richtext_value">HAS SEVERAL LEXIAS!</p0826-teimww:hasLanguage>
    <p0826-teimww:isWrittenBy>
      <p0826-teimww:person knoraType="link_value" linkType="ref" target="ww_212c78497ddc32c5"/>
    </p0826-teimww:isWrittenBy>
    <p0826-teimww:publishDate knoraType="date_value">GREGORIAN:1597:1597</p0826-teimww:publishDate>
    <p0826-teimww:title knoraType="richtext_value">A Warning for Fair Women</p0826-teimww:title>
  </p0826-teimww:book>
  <p0826-teimww:book id="ww_e28d0c710c7d6851">
    <knoraXmlImport:label>book label</knoraXmlImport:label>
    <p0826-teimww:bookInternalId knoraType="richtext_value">@001143</p0826-teimww:bookInternalId>
    <p0826-teimww:createdDate knoraType="date_value">GREGORIAN:1598:1598</p0826-teimww:createdDate>
    <p0826-teimww:edition knoraType="richtext_value">Every man in his humor. London: Will Stansby 1616.</p0826-teimww:edition>
    <p0826-teimww:hasLanguage knoraType="richtext_value">English</p0826-teimww:hasLanguage>
    <p0826-teimww:isWrittenBy>
      <p0826-teimww:person knoraType="link_value" linkType="ref" target="ww_9b2d545e20d62482"/>
    </p0826-teimww:isWrittenBy>
    <p0826-teimww:publishDate knoraType="date_value">GREGORIAN:1598:1598</p0826-teimww:publishDate>
    <p0826-teimww:title knoraType="richtext_value">Every Man in His Humour</p0826-teimww:title>
  </p0826-teimww:book>
  <p0826-teimww:book id="ww_4300396a5efb95d0">
    <knoraXmlImport:label>book label</knoraXmlImport:label>
    <p0826-teimww:bookInternalId knoraType="richtext_value">@005038</p0826-teimww:bookInternalId>
    <p0826-teimww:createdDate knoraType="date_value">GREGORIAN:1598:1598</p0826-teimww:createdDate>
    <p0826-teimww:edition knoraType="richtext_value">Celestiall Elegies. 1598.</p0826-teimww:edition>
    <p0826-teimww:hasLanguage knoraType="richtext_value">HAS SEVERAL LEXIAS!</p0826-teimww:hasLanguage>
    <p0826-teimww:isWrittenBy>
      <p0826-teimww:person knoraType="link_value" linkType="ref" target="ww_9ffeb7ca95cd18da"/>
    </p0826-teimww:isWrittenBy>
    <p0826-teimww:publishDate knoraType="date_value">GREGORIAN:1598:1598</p0826-teimww:publishDate>
    <p0826-teimww:title knoraType="richtext_value">Quatorzain 12 - Proserpina</p0826-teimww:title>
  </p0826-teimww:book>
  <p0826-teimww:book id="ww_44d1ba9fad9a06b8">
    <knoraXmlImport:label>book label</knoraXmlImport:label>
    <p0826-teimww:bookInternalId knoraType="richtext_value">@005051</p0826-teimww:bookInternalId>
    <p0826-teimww:createdDate knoraType="date_value">GREGORIAN:1598:1600</p0826-teimww:createdDate>
    <p0826-teimww:edition knoraType="richtext_value">Modern Philology 105.3 (2008): 510-534.</p0826-teimww:edition>
    <p0826-teimww:hasLanguage knoraType="richtext_value">English</p0826-teimww:hasLanguage>
    <p0826-teimww:isWrittenBy>
      <p0826-teimww:person knoraType="link_value" linkType="ref" target="ww_866098e504e55c18"/>
    </p0826-teimww:isWrittenBy>
    <p0826-teimww:publishDate knoraType="date_value">GREGORIAN:1598:1600</p0826-teimww:publishDate>
    <p0826-teimww:title knoraType="richtext_value">Quoting Hamlet in the Early Seventeenth Century</p0826-teimww:title>
  </p0826-teimww:book>
  <p0826-teimww:book id="ww_068f59ef3e3a298f">
    <knoraXmlImport:label>book label</knoraXmlImport:label>
    <p0826-teimww:bookInternalId knoraType="richtext_value">@005049</p0826-teimww:bookInternalId>
    <p0826-teimww:createdDate knoraType="date_value">GREGORIAN:1598:1598</p0826-teimww:createdDate>
    <p0826-teimww:edition knoraType="richtext_value">His Divine Weekes and Workes. Trans. Josuah Sylvester. London: Humfray Lownes, 1621.</p0826-teimww:edition>
    <p0826-teimww:hasLanguage knoraType="richtext_value">HAS SEVERAL LEXIAS!</p0826-teimww:hasLanguage>
    <p0826-teimww:isWrittenBy>
      <p0826-teimww:person knoraType="link_value" linkType="ref" target="ww_bba79dead28fbb93"/>
    </p0826-teimww:isWrittenBy>
    <p0826-teimww:publishDate knoraType="date_value">GREGORIAN:1598:1598</p0826-teimww:publishDate>
    <p0826-teimww:title knoraType="richtext_value">Du Bartas Divine Weeks and Works</p0826-teimww:title>
  </p0826-teimww:book>
  <p0826-teimww:book id="ww_f90b16594829b119">
    <knoraXmlImport:label>book label</knoraXmlImport:label>
    <p0826-teimww:bookInternalId knoraType="richtext_value">@001208</p0826-teimww:bookInternalId>
    <p0826-teimww:createdDate knoraType="date_value">GREGORIAN:1599:1599</p0826-teimww:createdDate>
    <p0826-teimww:edition knoraType="richtext_value">The Weakest goeth to the Wall. As it hath bene sundry times plaide by the right honourable Earle of Oxenford, Lord great Chamberlaine of England his seruants. London: Thomas Creede for Richard Olive 1600.</p0826-teimww:edition>
    <p0826-teimww:hasLanguage knoraType="richtext_value">English</p0826-teimww:hasLanguage>
    <p0826-teimww:isWrittenBy>
      <p0826-teimww:person knoraType="link_value" linkType="ref" target="ww_212c78497ddc32c5"/>
    </p0826-teimww:isWrittenBy>
    <p0826-teimww:publishDate knoraType="date_value">GREGORIAN:1599:1599</p0826-teimww:publishDate>
    <p0826-teimww:title knoraType="richtext_value">The Weakest Goeth to the Wall </p0826-teimww:title>
  </p0826-teimww:book>
  <p0826-teimww:book id="ww_2e87bad72d73252f">
    <knoraXmlImport:label>book label</knoraXmlImport:label>
    <p0826-teimww:bookInternalId knoraType="richtext_value">@005175</p0826-teimww:bookInternalId>
    <p0826-teimww:createdDate knoraType="date_value">GREGORIAN:1600:1600</p0826-teimww:createdDate>
    <p0826-teimww:edition knoraType="richtext_value">The second booke of Songs or Ayres, of 2. 4. and 5. parts: VVith Tableture for the Lute or Orpherian, with the Violl de Gamba. Composed by Iohn Dovvland Batcheler of Musick, and lutenist to the King of Denmark: also an excelent lesson for the Lute and Base Viol, called Dowlands adew. Published by George Eastland, and are to be sould at his house neere the greene Dragon and Sword, in Fleetstreete. London: Thomas Este, 1600.</p0826-teimww:edition>
    <p0826-teimww:hasLanguage knoraType="richtext_value">English</p0826-teimww:hasLanguage>
    <p0826-teimww:isWrittenBy>
      <p0826-teimww:person knoraType="link_value" linkType="ref" target="ww_8ff183e9c3dd0d6b"/>
    </p0826-teimww:isWrittenBy>
    <p0826-teimww:publishDate knoraType="date_value">GREGORIAN:1600:1600</p0826-teimww:publishDate>
    <p0826-teimww:title knoraType="richtext_value">Come, Ye Heavy States of Night</p0826-teimww:title>
  </p0826-teimww:book>
  <p0826-teimww:book id="ww_cbd79ec87899a40d">
    <knoraXmlImport:label>book label</knoraXmlImport:label>
    <p0826-teimww:bookInternalId knoraType="richtext_value">@010072</p0826-teimww:bookInternalId>
    <p0826-teimww:edition knoraType="richtext_value">The Classical Element in the Shakespeare Plays. London: Robert Banks, 1909. </p0826-teimww:edition>
    <p0826-teimww:isWrittenBy>
      <p0826-teimww:person knoraType="link_value" linkType="ref" target="ww_330dc7a83f0d7fd6"/>
    </p0826-teimww:isWrittenBy>
    <p0826-teimww:title knoraType="richtext_value">The Classical Element in the Shakespeare Plays</p0826-teimww:title>
  </p0826-teimww:book>
  <p0826-teimww:book id="ww_842318fc1c593591">
    <knoraXmlImport:label>book label</knoraXmlImport:label>
    <p0826-teimww:bookInternalId knoraType="richtext_value">@010136</p0826-teimww:bookInternalId>
    <p0826-teimww:edition knoraType="richtext_value">The Shakespeare Circle: An Alternative Biography. Eds. Paul Edmondson and Stanley Wells. Cambridge: Cambridge University Press, 2015. 289-296.</p0826-teimww:edition>
    <p0826-teimww:isWrittenBy>
      <p0826-teimww:person knoraType="link_value" linkType="ref" target="ww_0ddc123b822a1712"/>
    </p0826-teimww:isWrittenBy>
    <p0826-teimww:title knoraType="richtext_value">His Collaborator George Wilkins</p0826-teimww:title>
  </p0826-teimww:book>
  <p0826-teimww:book id="ww_3dd50e3c55b75ee6">
    <knoraXmlImport:label>book label</knoraXmlImport:label>
    <p0826-teimww:bookInternalId knoraType="richtext_value">@010101</p0826-teimww:bookInternalId>
    <p0826-teimww:edition knoraType="richtext_value">eds. The Collected Works of Abraham Cowley. 3 vols. Newark: University of Delaware Press, 1989.</p0826-teimww:edition>
    <p0826-teimww:isWrittenBy>
      <p0826-teimww:person knoraType="link_value" linkType="ref" target="ww_d5b779fffbf80505"/>
    </p0826-teimww:isWrittenBy>
    <p0826-teimww:title knoraType="richtext_value">The Collected Works of Abraham Cowley</p0826-teimww:title>
  </p0826-teimww:book>
  <p0826-teimww:book id="ww_8b579df902809521">
    <knoraXmlImport:label>book label</knoraXmlImport:label>
    <p0826-teimww:bookInternalId knoraType="richtext_value">@005249</p0826-teimww:bookInternalId>
    <p0826-teimww:edition knoraType="richtext_value">Shakespeare Quarterly 14 (1963): 87–89.</p0826-teimww:edition>
    <p0826-teimww:isWrittenBy>
      <p0826-teimww:person knoraType="link_value" linkType="ref" target="ww_46c46082234d6025"/>
    </p0826-teimww:isWrittenBy>
    <p0826-teimww:title knoraType="richtext_value">An Early Hamlet Echo?</p0826-teimww:title>
  </p0826-teimww:book>
  <p0826-teimww:book id="ww_47c84395b30bd53b">
    <knoraXmlImport:label>book label</knoraXmlImport:label>
    <p0826-teimww:bookInternalId knoraType="richtext_value">@010092</p0826-teimww:bookInternalId>
    <p0826-teimww:edition knoraType="richtext_value">Shakespeare Quarterly 3:3 (July 1952): 280-281. </p0826-teimww:edition>
    <p0826-teimww:isWrittenBy>
      <p0826-teimww:person knoraType="link_value" linkType="ref" target="ww_166f75ce43f038e3"/>
    </p0826-teimww:isWrittenBy>
    <p0826-teimww:title knoraType="richtext_value">The Pictures in Hamlet III-iv - A Possible Contemporary</p0826-teimww:title>
  </p0826-teimww:book>
  <p0826-teimww:book id="ww_0e724284cf7ebd32">
    <knoraXmlImport:label>book label</knoraXmlImport:label>
    <p0826-teimww:bookInternalId knoraType="richtext_value">@005262</p0826-teimww:bookInternalId>
    <p0826-teimww:createdDate knoraType="date_value">GREGORIAN:1600:1600</p0826-teimww:createdDate>
    <p0826-teimww:edition knoraType="richtext_value">Englands Parnassus or the choysest flowers of our moderne poets, with their poeticall comparisons Descriptions of bewties, personages, castles, pallaces, mountaines, groues, seas, springs, riuers, &amp;c. Whereunto are annexed other various discourses, both pleasaunt and profitable. London: For N. Ling, C. Burby and T. Hayes, 1600.</p0826-teimww:edition>
    <p0826-teimww:hasLanguage knoraType="richtext_value">English</p0826-teimww:hasLanguage>
    <p0826-teimww:isWrittenBy>
      <p0826-teimww:person knoraType="link_value" linkType="ref" target="ww_f6a5674247272fe5"/>
    </p0826-teimww:isWrittenBy>
    <p0826-teimww:publishDate knoraType="date_value">GREGORIAN:1600:1600</p0826-teimww:publishDate>
    <p0826-teimww:title knoraType="richtext_value">England's Parnassus</p0826-teimww:title>
  </p0826-teimww:book>
  <p0826-teimww:book id="ww_16c087672a41350c">
    <knoraXmlImport:label>book label</knoraXmlImport:label>
    <p0826-teimww:bookInternalId knoraType="richtext_value">@001314</p0826-teimww:bookInternalId>
    <p0826-teimww:createdDate knoraType="date_value">GREGORIAN:1600:1603</p0826-teimww:createdDate>
    <p0826-teimww:edition knoraType="richtext_value">The Plays of John Marston in Three Volumes. Ed. H. Harvey Wood. 3 vols. Edinburgh and London: Oliver and Boyd, 1939. 3:243-302.</p0826-teimww:edition>
    <p0826-teimww:hasLanguage knoraType="richtext_value">English</p0826-teimww:hasLanguage>
    <p0826-teimww:isWrittenBy>
      <p0826-teimww:person knoraType="link_value" linkType="ref" target="ww_ad03d7c87e5b9c24"/>
    </p0826-teimww:isWrittenBy>
    <p0826-teimww:publishDate knoraType="date_value">GREGORIAN:1600:1603</p0826-teimww:publishDate>
    <p0826-teimww:title knoraType="richtext_value">Histrio-Mastix, or, The Player</p0826-teimww:title>
  </p0826-teimww:book>
  <p0826-teimww:book id="ww_88503e400f411e81">
    <knoraXmlImport:label>book label</knoraXmlImport:label>
    <p0826-teimww:bookInternalId knoraType="richtext_value">@001283</p0826-teimww:bookInternalId>
    <p0826-teimww:createdDate knoraType="date_value">GREGORIAN:1601:1601</p0826-teimww:createdDate>
    <p0826-teimww:edition knoraType="richtext_value">The Plays of John Marston in Three Volumes. Ed. H. Harvey Wood. Edinburgh and London: Oliver and Boyd, 1934-1939. 2:227-295.</p0826-teimww:edition>
    <p0826-teimww:hasLanguage knoraType="richtext_value">English</p0826-teimww:hasLanguage>
    <p0826-teimww:isWrittenBy>
      <p0826-teimww:person knoraType="link_value" linkType="ref" target="ww_ad03d7c87e5b9c24"/>
    </p0826-teimww:isWrittenBy>
    <p0826-teimww:publishDate knoraType="date_value">GREGORIAN:1601:1601</p0826-teimww:publishDate>
    <p0826-teimww:title knoraType="richtext_value">What You Will</p0826-teimww:title>
  </p0826-teimww:book>
  <p0826-teimww:book id="ww_e862771dd315c342">
    <knoraXmlImport:label>book label</knoraXmlImport:label>
    <p0826-teimww:bookInternalId knoraType="richtext_value">@001303</p0826-teimww:bookInternalId>
    <p0826-teimww:createdDate knoraType="date_value">GREGORIAN:1601:1601</p0826-teimww:createdDate>
    <p0826-teimww:edition knoraType="richtext_value">How a Man May Choose a Good Wife from a Bad. by Thomas Heywood nach der Quarto 1608. Ed. A.E.H. Swaen. Louvain: A. Uystpruyst, 1912.</p0826-teimww:edition>
    <p0826-teimww:hasLanguage knoraType="richtext_value">English</p0826-teimww:hasLanguage>
    <p0826-teimww:isWrittenBy>
      <p0826-teimww:person knoraType="link_value" linkType="ref" target="ww_f10aec8cfe5ff90d"/>
    </p0826-teimww:isWrittenBy>
    <p0826-teimww:publishDate knoraType="date_value">GREGORIAN:1601:1601</p0826-teimww:publishDate>
    <p0826-teimww:title knoraType="richtext_value">How a Man May Choose a Good Wife From A Bad</p0826-teimww:title>
  </p0826-teimww:book>
  <p0826-teimww:book id="ww_6adb24d62eec2e3f">
    <knoraXmlImport:label>book label</knoraXmlImport:label>
    <p0826-teimww:bookInternalId knoraType="richtext_value">@005558</p0826-teimww:bookInternalId>
    <p0826-teimww:createdDate knoraType="date_value">GREGORIAN:1601:1601</p0826-teimww:createdDate>
    <p0826-teimww:edition knoraType="richtext_value">A summarie ansvvere to al the material points in any of Master Darel his bookes More especiallie to that one booke of his, intituled, the Doctrine of the possession and dispossession of demoniaks out of the word of God. By Iohn Deacon. Iohn Walker. Preachers. London: George Bishop, 1601.</p0826-teimww:edition>
    <p0826-teimww:hasLanguage knoraType="richtext_value">English</p0826-teimww:hasLanguage>
    <p0826-teimww:isWrittenBy>
      <p0826-teimww:person knoraType="link_value" linkType="ref" target="ww_fba1842c561811bb"/>
    </p0826-teimww:isWrittenBy>
    <p0826-teimww:isWrittenBy>
      <p0826-teimww:person knoraType="link_value" linkType="ref" target="ww_6189bca8bbb55fc5"/>
    </p0826-teimww:isWrittenBy>
    <p0826-teimww:publishDate knoraType="date_value">GREGORIAN:1601:1601</p0826-teimww:publishDate>
    <p0826-teimww:title knoraType="richtext_value">A Summary Answer to All the Material Points</p0826-teimww:title>
  </p0826-teimww:book>
  <p0826-teimww:book id="ww_c376526546624e12">
    <knoraXmlImport:label>book label</knoraXmlImport:label>
    <p0826-teimww:bookInternalId knoraType="richtext_value">@010155</p0826-teimww:bookInternalId>
    <p0826-teimww:edition knoraType="richtext_value">ed. How a Man May Choose a Good Wife from a Bad von Thomas Heywood nach der Quarto 1608 herausgegeben. Louvain: A. Uystpruyst, 1912.</p0826-teimww:edition>
    <p0826-teimww:isWrittenBy>
      <p0826-teimww:person knoraType="link_value" linkType="ref" target="ww_4eb3d59f66c6b3a5"/>
    </p0826-teimww:isWrittenBy>
    <p0826-teimww:title knoraType="richtext_value">How a Man May Choose a Good Wife from a Bad</p0826-teimww:title>
  </p0826-teimww:book>
  <p0826-teimww:book id="ww_9b5ce7eda160cdbb">
    <knoraXmlImport:label>book label</knoraXmlImport:label>
    <p0826-teimww:bookInternalId knoraType="richtext_value">@000270</p0826-teimww:bookInternalId>
    <p0826-teimww:createdDate knoraType="date_value">GREGORIAN:1602:1602</p0826-teimww:createdDate>
    <p0826-teimww:edition knoraType="richtext_value">The art of stenographie teaching by plaine and certaine rules, to the capacitie of the meanest, and for the vse of all professions, the way of compendious writing. Wherevnto is annexed a very easie direction for stegan'ographie, or, secret writing. London: W. White for Cuthbert Burbie, 1602.</p0826-teimww:edition>
    <p0826-teimww:hasLanguage knoraType="richtext_value">English</p0826-teimww:hasLanguage>
    <p0826-teimww:isWrittenBy>
      <p0826-teimww:person knoraType="link_value" linkType="ref" target="ww_5eda50e71c74828b"/>
    </p0826-teimww:isWrittenBy>
    <p0826-teimww:publishDate knoraType="date_value">GREGORIAN:1602:1602</p0826-teimww:publishDate>
    <p0826-teimww:title knoraType="richtext_value">The Art of Stenography</p0826-teimww:title>
  </p0826-teimww:book>
  <p0826-teimww:book id="ww_841e89ba43cd414c">
    <knoraXmlImport:label>book label</knoraXmlImport:label>
    <p0826-teimww:bookInternalId knoraType="richtext_value">@005247</p0826-teimww:bookInternalId>
    <p0826-teimww:edition knoraType="richtext_value">ed. John Ford. The Broken Heart. Manchester: Manchester University Press, 1980.</p0826-teimww:edition>
    <p0826-teimww:isWrittenBy>
      <p0826-teimww:person knoraType="link_value" linkType="ref" target="ww_db0f93eb54e77e5f"/>
    </p0826-teimww:isWrittenBy>
    <p0826-teimww:title knoraType="richtext_value">The Broken Heart (Spencer edition)</p0826-teimww:title>
  </p0826-teimww:book>
  <p0826-teimww:book id="ww_b34835e3d62ac277">
    <knoraXmlImport:label>book label</knoraXmlImport:label>
    <p0826-teimww:bookInternalId knoraType="richtext_value">@001393</p0826-teimww:bookInternalId>
    <p0826-teimww:createdDate knoraType="date_value">GREGORIAN:1603:1603</p0826-teimww:createdDate>
    <p0826-teimww:edition knoraType="richtext_value">A Woman Kilde with Kindnesse. London: William Iaggard 1607.</p0826-teimww:edition>
    <p0826-teimww:hasLanguage knoraType="richtext_value">English</p0826-teimww:hasLanguage>
    <p0826-teimww:isWrittenBy>
      <p0826-teimww:person knoraType="link_value" linkType="ref" target="ww_f10aec8cfe5ff90d"/>
    </p0826-teimww:isWrittenBy>
    <p0826-teimww:publishDate knoraType="date_value">GREGORIAN:1603:1603</p0826-teimww:publishDate>
    <p0826-teimww:title knoraType="richtext_value">A Woman Killed with Kindness</p0826-teimww:title>
  </p0826-teimww:book>
  <p0826-teimww:book id="ww_227cc36a19286ccd">
    <knoraXmlImport:label>book label</knoraXmlImport:label>
    <p0826-teimww:bookInternalId knoraType="richtext_value">@010023</p0826-teimww:bookInternalId>
    <p0826-teimww:edition knoraType="richtext_value">Early Responses to Renaissance Drama. Cambridge: Cambridge University Press, 2006.</p0826-teimww:edition>
    <p0826-teimww:isWrittenBy>
      <p0826-teimww:person knoraType="link_value" linkType="ref" target="ww_4491e2ccf9b5d7e6"/>
    </p0826-teimww:isWrittenBy>
    <p0826-teimww:title knoraType="richtext_value">Early Responses to Renaissance Drama</p0826-teimww:title>
  </p0826-teimww:book>
  <p0826-teimww:book id="ww_c06d85b9feeb268d">
    <knoraXmlImport:label>book label</knoraXmlImport:label>
    <p0826-teimww:bookInternalId knoraType="richtext_value">@001427</p0826-teimww:bookInternalId>
    <p0826-teimww:createdDate knoraType="date_value">GREGORIAN:1604:1604</p0826-teimww:createdDate>
    <p0826-teimww:edition knoraType="richtext_value">The Dramatic Works of Thomas Heywood, now First Collected with Illustrative Notes and a Memoir of the Author. 6 vols. London: John Pearson, 1874. Vol. 1, 189-351.</p0826-teimww:edition>
    <p0826-teimww:hasLanguage knoraType="richtext_value">English</p0826-teimww:hasLanguage>
    <p0826-teimww:isWrittenBy>
      <p0826-teimww:person knoraType="link_value" linkType="ref" target="ww_f10aec8cfe5ff90d"/>
    </p0826-teimww:isWrittenBy>
    <p0826-teimww:publishDate knoraType="date_value">GREGORIAN:1604:1604</p0826-teimww:publishDate>
    <p0826-teimww:title knoraType="richtext_value">If you knovv not me, You know no bodie: Or, The troubles of Queene Elizabeth</p0826-teimww:title>
  </p0826-teimww:book>
  <p0826-teimww:book id="ww_a35a3cb321dd9184">
    <knoraXmlImport:label>book label</knoraXmlImport:label>
    <p0826-teimww:bookInternalId knoraType="richtext_value">@005277</p0826-teimww:bookInternalId>
    <p0826-teimww:createdDate knoraType="date_value">GREGORIAN:1604:1604</p0826-teimww:createdDate>
    <p0826-teimww:edition knoraType="richtext_value">The Plays of John Marston in Three Volumes. Ed. H. Harvey Wood. Edinburgh and London: Oliver and Boyd, 1934-1939. 1:135-218.</p0826-teimww:edition>
    <p0826-teimww:hasLanguage knoraType="richtext_value">English</p0826-teimww:hasLanguage>
    <p0826-teimww:isWrittenBy>
      <p0826-teimww:person knoraType="link_value" linkType="ref" target="ww_9594c85bc48d3759"/>
    </p0826-teimww:isWrittenBy>
    <p0826-teimww:publishDate knoraType="date_value">GREGORIAN:1604:1604</p0826-teimww:publishDate>
    <p0826-teimww:title knoraType="richtext_value">[Induction to] The Malcontent</p0826-teimww:title>
  </p0826-teimww:book>
  <p0826-teimww:book id="ww_e438bc643f05e9c6">
    <knoraXmlImport:label>book label</knoraXmlImport:label>
    <p0826-teimww:bookInternalId knoraType="richtext_value">@001444</p0826-teimww:bookInternalId>
    <p0826-teimww:createdDate knoraType="date_value">GREGORIAN:1604:1604</p0826-teimww:createdDate>
    <p0826-teimww:edition knoraType="richtext_value">The Collected Works. Gen. eds. Gary Taylor and John Lavagnino. Oxford: Clarendon Press, 2007. 334-372.</p0826-teimww:edition>
    <p0826-teimww:hasLanguage knoraType="richtext_value">English</p0826-teimww:hasLanguage>
    <p0826-teimww:isWrittenBy>
      <p0826-teimww:person knoraType="link_value" linkType="ref" target="ww_c298754546b2500e"/>
    </p0826-teimww:isWrittenBy>
    <p0826-teimww:publishDate knoraType="date_value">GREGORIAN:1604:1604</p0826-teimww:publishDate>
    <p0826-teimww:title knoraType="richtext_value">Michaelmas Term</p0826-teimww:title>
  </p0826-teimww:book>
  <p0826-teimww:book id="ww_c8d3132c49ef7e45">
    <knoraXmlImport:label>book label</knoraXmlImport:label>
    <p0826-teimww:bookInternalId knoraType="richtext_value">@001467</p0826-teimww:bookInternalId>
    <p0826-teimww:createdDate knoraType="date_value">GREGORIAN:1605:1605</p0826-teimww:createdDate>
    <p0826-teimww:edition knoraType="richtext_value">The Collected Works. Gen. eds. Gary Taylor and John Lavagnino. Oxford: Clarendon Press, 2007. 377-413.</p0826-teimww:edition>
    <p0826-teimww:hasLanguage knoraType="richtext_value">English</p0826-teimww:hasLanguage>
    <p0826-teimww:isWrittenBy>
      <p0826-teimww:person knoraType="link_value" linkType="ref" target="ww_c298754546b2500e"/>
    </p0826-teimww:isWrittenBy>
    <p0826-teimww:publishDate knoraType="date_value">GREGORIAN:1605:1605</p0826-teimww:publishDate>
    <p0826-teimww:title knoraType="richtext_value">A Trick to Catch the Old One</p0826-teimww:title>
  </p0826-teimww:book>
  <p0826-teimww:book id="ww_d4412fbd862e35de">
    <knoraXmlImport:label>book label</knoraXmlImport:label>
    <p0826-teimww:bookInternalId knoraType="richtext_value">@001481</p0826-teimww:bookInternalId>
    <p0826-teimww:createdDate knoraType="date_value">GREGORIAN:1605:1605</p0826-teimww:createdDate>
    <p0826-teimww:edition knoraType="richtext_value">English Renaissance Drama: A Norton Anthology New York: Norton, 2002. 615-671.</p0826-teimww:edition>
    <p0826-teimww:hasLanguage knoraType="richtext_value">English</p0826-teimww:hasLanguage>
    <p0826-teimww:isWrittenBy>
      <p0826-teimww:person knoraType="link_value" linkType="ref" target="ww_a15d1ad784ef65c3"/>
    </p0826-teimww:isWrittenBy>
    <p0826-teimww:publishDate knoraType="date_value">GREGORIAN:1605:1605</p0826-teimww:publishDate>
    <p0826-teimww:title knoraType="richtext_value">The Tragedy of Mariam</p0826-teimww:title>
  </p0826-teimww:book>
  <p0826-teimww:book id="ww_256a0b26f23e3730">
    <knoraXmlImport:label>book label</knoraXmlImport:label>
    <p0826-teimww:bookInternalId knoraType="richtext_value">@005582</p0826-teimww:bookInternalId>
    <p0826-teimww:createdDate knoraType="date_value">GREGORIAN:1605:1605</p0826-teimww:createdDate>
    <p0826-teimww:edition knoraType="richtext_value">"A Short and necessary Treatise, entituled: Deaths welcome." Two treatises the first, entituled, The foode of the faithfull. The second Deaths welcome. London: John Roberts for Geoffrey Chorltonm, 1605.</p0826-teimww:edition>
    <p0826-teimww:hasLanguage knoraType="richtext_value">HAS SEVERAL LEXIAS!</p0826-teimww:hasLanguage>
    <p0826-teimww:isWrittenBy>
      <p0826-teimww:person knoraType="link_value" linkType="ref" target="ww_77b4cd08eebf6e6c"/>
    </p0826-teimww:isWrittenBy>
    <p0826-teimww:publishDate knoraType="date_value">GREGORIAN:1605:1605</p0826-teimww:publishDate>
    <p0826-teimww:title knoraType="richtext_value">Death's Welcome</p0826-teimww:title>
  </p0826-teimww:book>
  <p0826-teimww:book id="ww_cc822907a2bf276a">
    <knoraXmlImport:label>book label</knoraXmlImport:label>
    <p0826-teimww:bookInternalId knoraType="richtext_value">@001459</p0826-teimww:bookInternalId>
    <p0826-teimww:createdDate knoraType="date_value">GREGORIAN:1605:1605</p0826-teimww:createdDate>
    <p0826-teimww:edition knoraType="richtext_value">The Dramatic Works of Thomas Dekker. Ed. F. Bowers. 4 vols. Cambridge: Cambridge University Press, 1953-1961. Vol. 2, 20-109.</p0826-teimww:edition>
    <p0826-teimww:hasLanguage knoraType="richtext_value">English</p0826-teimww:hasLanguage>
    <p0826-teimww:isWrittenBy>
      <p0826-teimww:person knoraType="link_value" linkType="ref" target="ww_87dbd52f1c5b813b"/>
    </p0826-teimww:isWrittenBy>
    <p0826-teimww:isWrittenBy>
      <p0826-teimww:person knoraType="link_value" linkType="ref" target="ww_c298754546b2500e"/>
    </p0826-teimww:isWrittenBy>
    <p0826-teimww:publishDate knoraType="date_value">GREGORIAN:1605:1605</p0826-teimww:publishDate>
    <p0826-teimww:title knoraType="richtext_value">The Honest Whore Part 2</p0826-teimww:title>
  </p0826-teimww:book>
  <p0826-teimww:book id="ww_81aaaefa494a8184">
    <knoraXmlImport:label>book label</knoraXmlImport:label>
    <p0826-teimww:bookInternalId knoraType="richtext_value">@010098</p0826-teimww:bookInternalId>
    <p0826-teimww:edition knoraType="richtext_value">Marston, Rivalry, Rapprochement and Jonson. Aldershot: Ashgate, 2008.</p0826-teimww:edition>
    <p0826-teimww:isWrittenBy>
      <p0826-teimww:person knoraType="link_value" linkType="ref" target="ww_f5bf6503bd4e3d9b"/>
    </p0826-teimww:isWrittenBy>
    <p0826-teimww:title knoraType="richtext_value">Marston, Rivalry, Rapprochement and Jonson</p0826-teimww:title>
  </p0826-teimww:book>
  <p0826-teimww:book id="ww_c1f1bfbc9b90a99e">
    <knoraXmlImport:label>book label</knoraXmlImport:label>
    <p0826-teimww:bookInternalId knoraType="richtext_value">@001532</p0826-teimww:bookInternalId>
    <p0826-teimww:createdDate knoraType="date_value">GREGORIAN:1607:1607</p0826-teimww:createdDate>
    <p0826-teimww:edition knoraType="richtext_value">Everie Woman in her Humor. London: Printed by E. A. for Thomas Archer 1609.</p0826-teimww:edition>
    <p0826-teimww:hasLanguage knoraType="richtext_value">English</p0826-teimww:hasLanguage>
    <p0826-teimww:isWrittenBy>
      <p0826-teimww:person knoraType="link_value" linkType="ref" target="ww_212c78497ddc32c5"/>
    </p0826-teimww:isWrittenBy>
    <p0826-teimww:publishDate knoraType="date_value">GREGORIAN:1607:1607</p0826-teimww:publishDate>
    <p0826-teimww:title knoraType="richtext_value">Every Woman in Her Humour</p0826-teimww:title>
  </p0826-teimww:book>
  <p0826-teimww:book id="ww_b862d16992c45442">
    <knoraXmlImport:label>book label</knoraXmlImport:label>
    <p0826-teimww:bookInternalId knoraType="richtext_value">@005132</p0826-teimww:bookInternalId>
    <p0826-teimww:createdDate knoraType="date_value">GREGORIAN:1608:1608</p0826-teimww:createdDate>
    <p0826-teimww:edition knoraType="richtext_value">ed. William Perkins. The Whole Treatise of the Cases Of Conscience. Distinguished into Three Books. Taught and delivered by M. W. Perkins in his holiday Lectures, examined by his owne briefs, and published for the common good, by Thomas Pickering. London: John Legatt, 1617.</p0826-teimww:edition>
    <p0826-teimww:hasLanguage knoraType="richtext_value">English</p0826-teimww:hasLanguage>
    <p0826-teimww:isWrittenBy>
      <p0826-teimww:person knoraType="link_value" linkType="ref" target="ww_c62da289e0e58107"/>
    </p0826-teimww:isWrittenBy>
    <p0826-teimww:publishDate knoraType="date_value">GREGORIAN:1608:1608</p0826-teimww:publishDate>
    <p0826-teimww:title knoraType="richtext_value">The Whole Treatise of the Cases Of Conscience</p0826-teimww:title>
  </p0826-teimww:book>
  <p0826-teimww:book id="ww_130444632fa8c6c9">
    <knoraXmlImport:label>book label</knoraXmlImport:label>
    <p0826-teimww:bookInternalId knoraType="richtext_value">@001598</p0826-teimww:bookInternalId>
    <p0826-teimww:createdDate knoraType="date_value">GREGORIAN:1609:1609</p0826-teimww:createdDate>
    <p0826-teimww:edition knoraType="richtext_value">Comedies and Tragedies Written by Francis Beaumont and Iohn Fletcher [...]. Never printed before, And now published by the Authours Originall Copies. London: Humphrey Robinson and Humphrey Moseley, 1647.</p0826-teimww:edition>
    <p0826-teimww:hasLanguage knoraType="richtext_value">English</p0826-teimww:hasLanguage>
    <p0826-teimww:isWrittenBy>
      <p0826-teimww:person knoraType="link_value" linkType="ref" target="ww_ecd33a52caec339f"/>
    </p0826-teimww:isWrittenBy>
    <p0826-teimww:isWrittenBy>
      <p0826-teimww:person knoraType="link_value" linkType="ref" target="ww_3cc0cce5b6bf554a"/>
    </p0826-teimww:isWrittenBy>
    <p0826-teimww:publishDate knoraType="date_value">GREGORIAN:1609:1609</p0826-teimww:publishDate>
    <p0826-teimww:title knoraType="richtext_value">The coxcombe</p0826-teimww:title>
  </p0826-teimww:book>
  <p0826-teimww:book id="ww_1e80f9a92e3a09cc">
    <knoraXmlImport:label>book label</knoraXmlImport:label>
    <p0826-teimww:bookInternalId knoraType="richtext_value">@001603</p0826-teimww:bookInternalId>
    <p0826-teimww:createdDate knoraType="date_value">GREGORIAN:1610:1610</p0826-teimww:createdDate>
    <p0826-teimww:edition knoraType="richtext_value">The Workes of Beniamin Jonson. London: Will Stansby, 1616. 526-599.</p0826-teimww:edition>
    <p0826-teimww:hasLanguage knoraType="richtext_value">English</p0826-teimww:hasLanguage>
    <p0826-teimww:isWrittenBy>
      <p0826-teimww:person knoraType="link_value" linkType="ref" target="ww_9b2d545e20d62482"/>
    </p0826-teimww:isWrittenBy>
    <p0826-teimww:publishDate knoraType="date_value">GREGORIAN:1610:1610</p0826-teimww:publishDate>
    <p0826-teimww:title knoraType="richtext_value">Epicoene</p0826-teimww:title>
  </p0826-teimww:book>
  <p0826-teimww:book id="ww_78616e66e6b9adab">
    <knoraXmlImport:label>book label</knoraXmlImport:label>
    <p0826-teimww:bookInternalId knoraType="richtext_value">@001626</p0826-teimww:bookInternalId>
    <p0826-teimww:createdDate knoraType="date_value">GREGORIAN:1610:1610</p0826-teimww:createdDate>
    <p0826-teimww:edition knoraType="richtext_value">The Dramatic Works in the Beaumont and Fletcher Canon. Ed. F. Bowers. 10 vols. Cambridge: Cambridge University Press, 1970.</p0826-teimww:edition>
    <p0826-teimww:hasLanguage knoraType="richtext_value">English</p0826-teimww:hasLanguage>
    <p0826-teimww:isWrittenBy>
      <p0826-teimww:person knoraType="link_value" linkType="ref" target="ww_ecd33a52caec339f"/>
    </p0826-teimww:isWrittenBy>
    <p0826-teimww:isWrittenBy>
      <p0826-teimww:person knoraType="link_value" linkType="ref" target="ww_3cc0cce5b6bf554a"/>
    </p0826-teimww:isWrittenBy>
    <p0826-teimww:publishDate knoraType="date_value">GREGORIAN:1610:1610</p0826-teimww:publishDate>
    <p0826-teimww:title knoraType="richtext_value">The Scornful Ladie</p0826-teimww:title>
  </p0826-teimww:book>
  <p0826-teimww:book id="ww_c94b6adc809cb229">
    <knoraXmlImport:label>book label</knoraXmlImport:label>
    <p0826-teimww:bookInternalId knoraType="richtext_value">@001642</p0826-teimww:bookInternalId>
    <p0826-teimww:createdDate knoraType="date_value">GREGORIAN:1611:1611</p0826-teimww:createdDate>
    <p0826-teimww:edition knoraType="richtext_value">A Christian turn'd Turke. Or, The tragicall liues and deaths of the two famous pyrates, Ward and Dansiker [...]. London: Nicholas Okes, 1612.</p0826-teimww:edition>
    <p0826-teimww:hasLanguage knoraType="richtext_value">English</p0826-teimww:hasLanguage>
    <p0826-teimww:isWrittenBy>
      <p0826-teimww:person knoraType="link_value" linkType="ref" target="ww_ba2bed49492fef13"/>
    </p0826-teimww:isWrittenBy>
    <p0826-teimww:publishDate knoraType="date_value">GREGORIAN:1611:1611</p0826-teimww:publishDate>
    <p0826-teimww:title knoraType="richtext_value">A Christian Turned Turk</p0826-teimww:title>
  </p0826-teimww:book>
  <p0826-teimww:book id="ww_580eeaca92b9d6d8">
    <knoraXmlImport:label>book label</knoraXmlImport:label>
    <p0826-teimww:bookInternalId knoraType="richtext_value">@005613</p0826-teimww:bookInternalId>
    <p0826-teimww:createdDate knoraType="date_value">GREGORIAN:1611:1611</p0826-teimww:createdDate>
    <p0826-teimww:edition knoraType="richtext_value">Hiren or The Fair Greek.</p0826-teimww:edition>
    <p0826-teimww:hasLanguage knoraType="richtext_value">English</p0826-teimww:hasLanguage>
    <p0826-teimww:isWrittenBy>
      <p0826-teimww:person knoraType="link_value" linkType="ref" target="ww_4165dddf64bc6da3"/>
    </p0826-teimww:isWrittenBy>
    <p0826-teimww:publishDate knoraType="date_value">GREGORIAN:1611:1611</p0826-teimww:publishDate>
    <p0826-teimww:title knoraType="richtext_value">Hiren and the Fair Greek</p0826-teimww:title>
  </p0826-teimww:book>
  <p0826-teimww:book id="ww_853fbe2469df3cb4">
    <knoraXmlImport:label>book label</knoraXmlImport:label>
    <p0826-teimww:bookInternalId knoraType="richtext_value">@001719</p0826-teimww:bookInternalId>
    <p0826-teimww:createdDate knoraType="date_value">GREGORIAN:1613:1613</p0826-teimww:createdDate>
    <p0826-teimww:edition knoraType="richtext_value">The honest man's fortune. London: for Humphrey Robinson 1647.</p0826-teimww:edition>
    <p0826-teimww:hasLanguage knoraType="richtext_value">English</p0826-teimww:hasLanguage>
    <p0826-teimww:isWrittenBy>
      <p0826-teimww:person knoraType="link_value" linkType="ref" target="ww_ba2bed49492fef13"/>
    </p0826-teimww:isWrittenBy>
    <p0826-teimww:isWrittenBy>
      <p0826-teimww:person knoraType="link_value" linkType="ref" target="ww_cbc2c3284144573a"/>
    </p0826-teimww:isWrittenBy>
    <p0826-teimww:isWrittenBy>
      <p0826-teimww:person knoraType="link_value" linkType="ref" target="ww_8926bbeaa7c56023"/>
    </p0826-teimww:isWrittenBy>
    <p0826-teimww:isWrittenBy>
      <p0826-teimww:person knoraType="link_value" linkType="ref" target="ww_3cc0cce5b6bf554a"/>
    </p0826-teimww:isWrittenBy>
    <p0826-teimww:publishDate knoraType="date_value">GREGORIAN:1613:1613</p0826-teimww:publishDate>
    <p0826-teimww:title knoraType="richtext_value">The Honest Mans Fortune</p0826-teimww:title>
  </p0826-teimww:book>
  <p0826-teimww:book id="ww_1a758b01f866d758">
    <knoraXmlImport:label>book label</knoraXmlImport:label>
    <p0826-teimww:bookInternalId knoraType="richtext_value">@005117</p0826-teimww:bookInternalId>
    <p0826-teimww:createdDate knoraType="date_value">GREGORIAN:1615:1615</p0826-teimww:createdDate>
    <p0826-teimww:edition knoraType="richtext_value">A Discourse of Marriage And Wiving and of the greatest Mystery therein contained: How to chuse a good Wife from a bad. London: G. Eld for Leonard Becket, 1620. N.p. [normalized spelling].</p0826-teimww:edition>
    <p0826-teimww:hasLanguage knoraType="richtext_value">English</p0826-teimww:hasLanguage>
    <p0826-teimww:isWrittenBy>
      <p0826-teimww:person knoraType="link_value" linkType="ref" target="ww_e677b0c54662da19"/>
    </p0826-teimww:isWrittenBy>
    <p0826-teimww:publishDate knoraType="date_value">GREGORIAN:1615:1615</p0826-teimww:publishDate>
    <p0826-teimww:title knoraType="richtext_value">A Discourse of Marriage and Wiving</p0826-teimww:title>
  </p0826-teimww:book>
  <p0826-teimww:book id="ww_906c0b694038ccee">
    <knoraXmlImport:label>book label</knoraXmlImport:label>
    <p0826-teimww:bookInternalId knoraType="richtext_value">@001868</p0826-teimww:bookInternalId>
    <p0826-teimww:createdDate knoraType="date_value">GREGORIAN:1618:1618</p0826-teimww:createdDate>
    <p0826-teimww:edition knoraType="richtext_value">A Shoo-maker a Gentleman. A Merrie and Pleasant Comedy. As it hath beene sundry Times Acted at the Red Bull and other Theaters, with a generall and good Applause. London: I. Okes 1638.</p0826-teimww:edition>
    <p0826-teimww:hasLanguage knoraType="richtext_value">English</p0826-teimww:hasLanguage>
    <p0826-teimww:isWrittenBy>
      <p0826-teimww:person knoraType="link_value" linkType="ref" target="ww_5cb3d6fa23800e74"/>
    </p0826-teimww:isWrittenBy>
    <p0826-teimww:publishDate knoraType="date_value">GREGORIAN:1618:1618</p0826-teimww:publishDate>
    <p0826-teimww:title knoraType="richtext_value">A Shoemaker a Gentleman</p0826-teimww:title>
  </p0826-teimww:book>
  <p0826-teimww:book id="ww_c385ab8330981bbe">
    <knoraXmlImport:label>book label</knoraXmlImport:label>
    <p0826-teimww:bookInternalId knoraType="richtext_value">@005007</p0826-teimww:bookInternalId>
    <p0826-teimww:createdDate knoraType="date_value">GREGORIAN:1619:1619</p0826-teimww:createdDate>
    <p0826-teimww:edition knoraType="richtext_value">A helpe to discourse. Or, A miscelany of merriment Consisting of wittie, philosophical and astronomicall questions and answers. As also, of epigrams, epitaphs, riddles, and iests [...]. London: Bernard Alsop for Leonard Becket, 1619. 187-190.</p0826-teimww:edition>
    <p0826-teimww:hasLanguage knoraType="richtext_value">English</p0826-teimww:hasLanguage>
    <p0826-teimww:isWrittenBy>
      <p0826-teimww:person knoraType="link_value" linkType="ref" target="ww_060fb51fdafb3cc5"/>
    </p0826-teimww:isWrittenBy>
    <p0826-teimww:isWrittenBy>
      <p0826-teimww:person knoraType="link_value" linkType="ref" target="ww_39384a524a7bafbe"/>
    </p0826-teimww:isWrittenBy>
    <p0826-teimww:isWrittenBy>
      <p0826-teimww:person knoraType="link_value" linkType="ref" target="ww_02a32352c63afb30"/>
    </p0826-teimww:isWrittenBy>
    <p0826-teimww:publishDate knoraType="date_value">GREGORIAN:1619:1619</p0826-teimww:publishDate>
    <p0826-teimww:title knoraType="richtext_value">Memento to Mortalitie</p0826-teimww:title>
  </p0826-teimww:book>
  <p0826-teimww:book id="ww_592f491781fff319">
    <knoraXmlImport:label>book label</knoraXmlImport:label>
    <p0826-teimww:bookInternalId knoraType="richtext_value">@001929</p0826-teimww:bookInternalId>
    <p0826-teimww:createdDate knoraType="date_value">GREGORIAN:1620:1620</p0826-teimww:createdDate>
    <p0826-teimww:edition knoraType="richtext_value">The Tragedy of Orestes. Written by Thomas Goffe [...] and Acted by the Stvdents of the same Hovse. London: I. B. for Richard Meighen, 1633.</p0826-teimww:edition>
    <p0826-teimww:hasLanguage knoraType="richtext_value">English</p0826-teimww:hasLanguage>
    <p0826-teimww:isWrittenBy>
      <p0826-teimww:person knoraType="link_value" linkType="ref" target="ww_ef3a38fd3962bb10"/>
    </p0826-teimww:isWrittenBy>
    <p0826-teimww:publishDate knoraType="date_value">GREGORIAN:1620:1620</p0826-teimww:publishDate>
    <p0826-teimww:title knoraType="richtext_value">Orestes</p0826-teimww:title>
  </p0826-teimww:book>
  <p0826-teimww:book id="ww_9cef169b0b560107">
    <knoraXmlImport:label>book label</knoraXmlImport:label>
    <p0826-teimww:bookInternalId knoraType="richtext_value">@002023</p0826-teimww:bookInternalId>
    <p0826-teimww:createdDate knoraType="date_value">GREGORIAN:1622:1622</p0826-teimww:createdDate>
    <p0826-teimww:edition knoraType="richtext_value">The Collected Works. Gen. eds. Gary Taylor and John Lavagnino. Oxford: Clarendon Press, 2007. 1683-1713.</p0826-teimww:edition>
    <p0826-teimww:hasLanguage knoraType="richtext_value">English</p0826-teimww:hasLanguage>
    <p0826-teimww:isWrittenBy>
      <p0826-teimww:person knoraType="link_value" linkType="ref" target="ww_c298754546b2500e"/>
    </p0826-teimww:isWrittenBy>
    <p0826-teimww:isWrittenBy>
      <p0826-teimww:person knoraType="link_value" linkType="ref" target="ww_3cc0cce5b6bf554a"/>
    </p0826-teimww:isWrittenBy>
    <p0826-teimww:publishDate knoraType="date_value">GREGORIAN:1622:1622</p0826-teimww:publishDate>
    <p0826-teimww:title knoraType="richtext_value">The Nice Valour, or the Passionate Madman</p0826-teimww:title>
  </p0826-teimww:book>
  <p0826-teimww:book id="ww_ba33ed8c6b004bed">
    <knoraXmlImport:label>book label</knoraXmlImport:label>
    <p0826-teimww:bookInternalId knoraType="richtext_value">@002020</p0826-teimww:bookInternalId>
    <p0826-teimww:createdDate knoraType="date_value">GREGORIAN:1622:1622</p0826-teimww:createdDate>
    <p0826-teimww:edition knoraType="richtext_value">Comedies and Tragedies Written by Francis Beaumont and Iohn Fletcher ... Never printed before, And now published by the Authours Originall Copies. London: H. Robinson and H. Moseley 1647.</p0826-teimww:edition>
    <p0826-teimww:hasLanguage knoraType="richtext_value">English</p0826-teimww:hasLanguage>
    <p0826-teimww:isWrittenBy>
      <p0826-teimww:person knoraType="link_value" linkType="ref" target="ww_cbc2c3284144573a"/>
    </p0826-teimww:isWrittenBy>
    <p0826-teimww:isWrittenBy>
      <p0826-teimww:person knoraType="link_value" linkType="ref" target="ww_3cc0cce5b6bf554a"/>
    </p0826-teimww:isWrittenBy>
    <p0826-teimww:publishDate knoraType="date_value">GREGORIAN:1622:1622</p0826-teimww:publishDate>
    <p0826-teimww:title knoraType="richtext_value">The Sea Voyage</p0826-teimww:title>
  </p0826-teimww:book>
  <p0826-teimww:book id="ww_c34a5f8646a015b0">
    <knoraXmlImport:label>book label</knoraXmlImport:label>
    <p0826-teimww:bookInternalId knoraType="richtext_value">@002259</p0826-teimww:bookInternalId>
    <p0826-teimww:createdDate knoraType="date_value">GREGORIAN:1628:1628</p0826-teimww:createdDate>
    <p0826-teimww:edition knoraType="richtext_value">The Lovers Melancholy. Acted at the private house in Blacke Friers, and publickely at the Globe by the Kings Maiesties Seruants. London: H. Seile 1629.</p0826-teimww:edition>
    <p0826-teimww:hasLanguage knoraType="richtext_value">English</p0826-teimww:hasLanguage>
    <p0826-teimww:isWrittenBy>
      <p0826-teimww:person knoraType="link_value" linkType="ref" target="ww_c1c75e8b202bbbee"/>
    </p0826-teimww:isWrittenBy>
    <p0826-teimww:publishDate knoraType="date_value">GREGORIAN:1628:1628</p0826-teimww:publishDate>
    <p0826-teimww:title knoraType="richtext_value">The Lovers Melancholy</p0826-teimww:title>
  </p0826-teimww:book>
  <p0826-teimww:book id="ww_2fef8cbb19898a1d">
    <knoraXmlImport:label>book label</knoraXmlImport:label>
    <p0826-teimww:bookInternalId knoraType="richtext_value">@002251</p0826-teimww:bookInternalId>
    <p0826-teimww:createdDate knoraType="date_value">GREGORIAN:1628:1628</p0826-teimww:createdDate>
    <p0826-teimww:edition knoraType="richtext_value">The Wittie Faire One. A Comedie. As it was presented at the Private House in Drvry Lane. By her Maiesties Servants. London: B. A. and T. F. for Wil. Cooke 1633.</p0826-teimww:edition>
    <p0826-teimww:hasLanguage knoraType="richtext_value">English</p0826-teimww:hasLanguage>
    <p0826-teimww:isWrittenBy>
      <p0826-teimww:person knoraType="link_value" linkType="ref" target="ww_68dae2dd3ee5eaa3"/>
    </p0826-teimww:isWrittenBy>
    <p0826-teimww:publishDate knoraType="date_value">GREGORIAN:1628:1628</p0826-teimww:publishDate>
    <p0826-teimww:title knoraType="richtext_value">The Witty Fair One</p0826-teimww:title>
  </p0826-teimww:book>
  <p0826-teimww:book id="ww_130e7e0e3430594d">
    <knoraXmlImport:label>book label</knoraXmlImport:label>
    <p0826-teimww:bookInternalId knoraType="richtext_value">@002281</p0826-teimww:bookInternalId>
    <p0826-teimww:createdDate knoraType="date_value">GREGORIAN:1629:1629</p0826-teimww:createdDate>
    <p0826-teimww:edition knoraType="richtext_value">The Broken Heart. Ed. T.J.B. Spencer. Manchester: Manchester University Press, 1980.</p0826-teimww:edition>
    <p0826-teimww:hasLanguage knoraType="richtext_value">English</p0826-teimww:hasLanguage>
    <p0826-teimww:isWrittenBy>
      <p0826-teimww:person knoraType="link_value" linkType="ref" target="ww_c1c75e8b202bbbee"/>
    </p0826-teimww:isWrittenBy>
    <p0826-teimww:publishDate knoraType="date_value">GREGORIAN:1629:1629</p0826-teimww:publishDate>
    <p0826-teimww:title knoraType="richtext_value">The Broken Heart</p0826-teimww:title>
  </p0826-teimww:book>
  <p0826-teimww:book id="ww_9ffbafacac4416c9">
    <knoraXmlImport:label>book label</knoraXmlImport:label>
    <p0826-teimww:bookInternalId knoraType="richtext_value">@002268</p0826-teimww:bookInternalId>
    <p0826-teimww:createdDate knoraType="date_value">GREGORIAN:1629:1629</p0826-teimww:createdDate>
    <p0826-teimww:edition knoraType="richtext_value">The Jewes tragedy. Or, Their fatal and final overthrow by Vespatian and Titus, his son agreeable to the authentick and famous history of Josephus [...]. London: Matthew Inman, 1662.</p0826-teimww:edition>
    <p0826-teimww:hasLanguage knoraType="richtext_value">HAS SEVERAL LEXIAS!</p0826-teimww:hasLanguage>
    <p0826-teimww:isWrittenBy>
      <p0826-teimww:person knoraType="link_value" linkType="ref" target="ww_e97f8919dc99b209"/>
    </p0826-teimww:isWrittenBy>
    <p0826-teimww:publishDate knoraType="date_value">GREGORIAN:1629:1629</p0826-teimww:publishDate>
    <p0826-teimww:title knoraType="richtext_value">The Jews Tragedy</p0826-teimww:title>
  </p0826-teimww:book>
  <p0826-teimww:book id="ww_ada3895646f810c7">
    <knoraXmlImport:label>book label</knoraXmlImport:label>
    <p0826-teimww:bookInternalId knoraType="richtext_value">@002263</p0826-teimww:bookInternalId>
    <p0826-teimww:createdDate knoraType="date_value">GREGORIAN:1629:1629</p0826-teimww:createdDate>
    <p0826-teimww:edition knoraType="richtext_value">The new inne. Or, The light Heart. A comoedy. As it was neuer acted, but most negligently play'd, by some, the Kings Seruants [...]. London: N.p., 1631.</p0826-teimww:edition>
    <p0826-teimww:hasLanguage knoraType="richtext_value">English</p0826-teimww:hasLanguage>
    <p0826-teimww:isWrittenBy>
      <p0826-teimww:person knoraType="link_value" linkType="ref" target="ww_9b2d545e20d62482"/>
    </p0826-teimww:isWrittenBy>
    <p0826-teimww:publishDate knoraType="date_value">GREGORIAN:1629:1629</p0826-teimww:publishDate>
    <p0826-teimww:title knoraType="richtext_value">The New Inn</p0826-teimww:title>
  </p0826-teimww:book>
  <p0826-teimww:book id="ww_0124cc8bb8f88f65">
    <knoraXmlImport:label>book label</knoraXmlImport:label>
    <p0826-teimww:bookInternalId knoraType="richtext_value">@005609</p0826-teimww:bookInternalId>
    <p0826-teimww:createdDate knoraType="date_value">GREGORIAN:1631:1631</p0826-teimww:createdDate>
    <p0826-teimww:edition knoraType="richtext_value">A discovery of D. Jacksons vanitie, Or a perspective glasse, whereby the admirers of D. Jacksons profound discourses, may see the vanitie and weaknesse of them, in sundry passages, and especially so farre as they tende to the undermining of the doctrine hitherto received. Amsterdam: 1631.</p0826-teimww:edition>
    <p0826-teimww:hasLanguage knoraType="richtext_value">English</p0826-teimww:hasLanguage>
    <p0826-teimww:isWrittenBy>
      <p0826-teimww:person knoraType="link_value" linkType="ref" target="ww_3a8aed7d4df9e7de"/>
    </p0826-teimww:isWrittenBy>
    <p0826-teimww:publishDate knoraType="date_value">GREGORIAN:1631:1631</p0826-teimww:publishDate>
    <p0826-teimww:title knoraType="richtext_value">A Discovery of D Jacksons Vanity</p0826-teimww:title>
  </p0826-teimww:book>
  <p0826-teimww:book id="ww_503d95ad1db4cb83">
    <knoraXmlImport:label>book label</knoraXmlImport:label>
    <p0826-teimww:bookInternalId knoraType="richtext_value">@005597</p0826-teimww:bookInternalId>
    <p0826-teimww:createdDate knoraType="date_value">GREGORIAN:1632:1632</p0826-teimww:createdDate>
    <p0826-teimww:edition knoraType="richtext_value">Poems, Divine, Morall, and Satyricall. Quoted in Arthur Rowland Skemp. Nathanael Richards' tragedy of Messallina the Roman emperesse. Louvain: A. Uystpruyst,1910.</p0826-teimww:edition>
    <p0826-teimww:hasLanguage knoraType="richtext_value">English</p0826-teimww:hasLanguage>
    <p0826-teimww:isWrittenBy>
      <p0826-teimww:person knoraType="link_value" linkType="ref" target="ww_7179a7437437988e"/>
    </p0826-teimww:isWrittenBy>
    <p0826-teimww:publishDate knoraType="date_value">GREGORIAN:1632:1632</p0826-teimww:publishDate>
    <p0826-teimww:title knoraType="richtext_value">Prayers Paradice</p0826-teimww:title>
  </p0826-teimww:book>
  <p0826-teimww:book id="ww_6661b9f185ca42c1">
    <knoraXmlImport:label>book label</knoraXmlImport:label>
    <p0826-teimww:bookInternalId knoraType="richtext_value">@002372</p0826-teimww:bookInternalId>
    <p0826-teimww:createdDate knoraType="date_value">GREGORIAN:1632:1632</p0826-teimww:createdDate>
    <p0826-teimww:edition knoraType="richtext_value">The City-Madam, A Comedie. As it was acted at the private House in Black Friers with great applause. London: Andrew Pennywicke 1658.</p0826-teimww:edition>
    <p0826-teimww:hasLanguage knoraType="richtext_value">English</p0826-teimww:hasLanguage>
    <p0826-teimww:isWrittenBy>
      <p0826-teimww:person knoraType="link_value" linkType="ref" target="ww_cbc2c3284144573a"/>
    </p0826-teimww:isWrittenBy>
    <p0826-teimww:publishDate knoraType="date_value">GREGORIAN:1632:1632</p0826-teimww:publishDate>
    <p0826-teimww:title knoraType="richtext_value">The City Madam</p0826-teimww:title>
  </p0826-teimww:book>
  <p0826-teimww:book id="ww_8507a0ad9e67f1a4">
    <knoraXmlImport:label>book label</knoraXmlImport:label>
    <p0826-teimww:bookInternalId knoraType="richtext_value">@002445</p0826-teimww:bookInternalId>
    <p0826-teimww:createdDate knoraType="date_value">GREGORIAN:1634:1634</p0826-teimww:createdDate>
    <p0826-teimww:edition knoraType="richtext_value">The Poetical Works of John Milton. Ed. Helen Darbishire. 2 vols. Oxford: Clarendon Press, 1955. Vol. 2, 171-203.</p0826-teimww:edition>
    <p0826-teimww:hasLanguage knoraType="richtext_value">English</p0826-teimww:hasLanguage>
    <p0826-teimww:isWrittenBy>
      <p0826-teimww:person knoraType="link_value" linkType="ref" target="ww_4972531db9405dfc"/>
    </p0826-teimww:isWrittenBy>
    <p0826-teimww:publishDate knoraType="date_value">GREGORIAN:1634:1634</p0826-teimww:publishDate>
    <p0826-teimww:title knoraType="richtext_value">[Comus:] A Maske Presented at Ludlow Castle</p0826-teimww:title>
  </p0826-teimww:book>
  <p0826-teimww:book id="ww_7a900ec81c04c54a">
    <knoraXmlImport:label>book label</knoraXmlImport:label>
    <p0826-teimww:bookInternalId knoraType="richtext_value">@002516</p0826-teimww:bookInternalId>
    <p0826-teimww:createdDate knoraType="date_value">GREGORIAN:1635:1635</p0826-teimww:createdDate>
    <p0826-teimww:edition knoraType="richtext_value">The Lady Mother. Oxford: Oxford University Press, 1958.</p0826-teimww:edition>
    <p0826-teimww:hasLanguage knoraType="richtext_value">English</p0826-teimww:hasLanguage>
    <p0826-teimww:isWrittenBy>
      <p0826-teimww:person knoraType="link_value" linkType="ref" target="ww_6f4a80592c6c793c"/>
    </p0826-teimww:isWrittenBy>
    <p0826-teimww:publishDate knoraType="date_value">GREGORIAN:1635:1635</p0826-teimww:publishDate>
    <p0826-teimww:title knoraType="richtext_value">The Lady Mother</p0826-teimww:title>
  </p0826-teimww:book>
  <p0826-teimww:book id="ww_0a299f4a7aded36a">
    <knoraXmlImport:label>book label</knoraXmlImport:label>
    <p0826-teimww:bookInternalId knoraType="richtext_value">@010096</p0826-teimww:bookInternalId>
    <p0826-teimww:edition knoraType="richtext_value">Medieval and Early Modern Authorship. Eds. G. Bolens and Lukas Erne. Tübingen: Gunter Narr, 2011. 175-198.</p0826-teimww:edition>
    <p0826-teimww:isWrittenBy>
      <p0826-teimww:person knoraType="link_value" linkType="ref" target="ww_d031de8fd298348b"/>
    </p0826-teimww:isWrittenBy>
    <p0826-teimww:title knoraType="richtext_value">Fictions of Collaboration: Authors and Editors in the Sixteenth Century</p0826-teimww:title>
  </p0826-teimww:book>
  <p0826-teimww:book id="ww_dae5dcd8a7fc9bcd">
    <knoraXmlImport:label>book label</knoraXmlImport:label>
    <p0826-teimww:bookInternalId knoraType="richtext_value">@005595</p0826-teimww:bookInternalId>
    <p0826-teimww:createdDate knoraType="date_value">GREGORIAN:1635:1635</p0826-teimww:createdDate>
    <p0826-teimww:edition knoraType="richtext_value">The hierarchie of the blessed angells Their names, orders and offices the fall of Lucifer with his angells [...]. London: Adam Islip, 1635.</p0826-teimww:edition>
    <p0826-teimww:hasLanguage knoraType="richtext_value">HAS SEVERAL LEXIAS!</p0826-teimww:hasLanguage>
    <p0826-teimww:isWrittenBy>
      <p0826-teimww:person knoraType="link_value" linkType="ref" target="ww_f10aec8cfe5ff90d"/>
    </p0826-teimww:isWrittenBy>
    <p0826-teimww:publishDate knoraType="date_value">GREGORIAN:1635:1635</p0826-teimww:publishDate>
    <p0826-teimww:title knoraType="richtext_value">The Hierarchy of the Blessed Angels</p0826-teimww:title>
  </p0826-teimww:book>
  <p0826-teimww:book id="ww_e0f93a0d9ae8bb84">
    <knoraXmlImport:label>book label</knoraXmlImport:label>
    <p0826-teimww:bookInternalId knoraType="richtext_value">@002528</p0826-teimww:bookInternalId>
    <p0826-teimww:createdDate knoraType="date_value">GREGORIAN:1636:1636</p0826-teimww:createdDate>
    <p0826-teimww:edition knoraType="richtext_value">The Fancies Chast and Noble. Presented By The Queenes Maiesties Servants, At the Phoenix in Drury-lane. London: E. P. for Henry Seile 1638.</p0826-teimww:edition>
    <p0826-teimww:hasLanguage knoraType="richtext_value">English</p0826-teimww:hasLanguage>
    <p0826-teimww:isWrittenBy>
      <p0826-teimww:person knoraType="link_value" linkType="ref" target="ww_c1c75e8b202bbbee"/>
    </p0826-teimww:isWrittenBy>
    <p0826-teimww:publishDate knoraType="date_value">GREGORIAN:1636:1636</p0826-teimww:publishDate>
    <p0826-teimww:title knoraType="richtext_value">The Fancies</p0826-teimww:title>
  </p0826-teimww:book>
  <p0826-teimww:book id="ww_af544de913b0885b">
    <knoraXmlImport:label>book label</knoraXmlImport:label>
    <p0826-teimww:bookInternalId knoraType="richtext_value">@002567</p0826-teimww:bookInternalId>
    <p0826-teimww:createdDate knoraType="date_value">GREGORIAN:1637:1637</p0826-teimww:createdDate>
    <p0826-teimww:edition knoraType="richtext_value">Aglaura. London: John Haviland for Thomas Wackley, 1638.</p0826-teimww:edition>
    <p0826-teimww:hasLanguage knoraType="richtext_value">English</p0826-teimww:hasLanguage>
    <p0826-teimww:isWrittenBy>
      <p0826-teimww:person knoraType="link_value" linkType="ref" target="ww_bae7c2e690c9caaa"/>
    </p0826-teimww:isWrittenBy>
    <p0826-teimww:publishDate knoraType="date_value">GREGORIAN:1637:1637</p0826-teimww:publishDate>
    <p0826-teimww:title knoraType="richtext_value">Aglaura</p0826-teimww:title>
  </p0826-teimww:book>
  <p0826-teimww:book id="ww_36728f124fde1a07">
    <knoraXmlImport:label>book label</knoraXmlImport:label>
    <p0826-teimww:bookInternalId knoraType="richtext_value">@005559</p0826-teimww:bookInternalId>
    <p0826-teimww:createdDate knoraType="date_value">GREGORIAN:1642:1642</p0826-teimww:createdDate>
    <p0826-teimww:edition knoraType="richtext_value">The Works of Sir Thomas Browne. Ed. Geoffrey Keynes. 4 vols. London: Faber and Faber, 1964; Vol. 1, 1-93.</p0826-teimww:edition>
    <p0826-teimww:hasLanguage knoraType="richtext_value">English</p0826-teimww:hasLanguage>
    <p0826-teimww:isWrittenBy>
      <p0826-teimww:person knoraType="link_value" linkType="ref" target="ww_04599c8d5b7e6be6"/>
    </p0826-teimww:isWrittenBy>
    <p0826-teimww:publishDate knoraType="date_value">GREGORIAN:1642:1642</p0826-teimww:publishDate>
    <p0826-teimww:title knoraType="richtext_value">Religio Medici</p0826-teimww:title>
  </p0826-teimww:book>
  <p0826-teimww:book id="ww_19945219a7c5599a">
    <knoraXmlImport:label>book label</knoraXmlImport:label>
    <p0826-teimww:bookInternalId knoraType="richtext_value">@005171</p0826-teimww:bookInternalId>
    <p0826-teimww:createdDate knoraType="date_value">GREGORIAN:1649:1649</p0826-teimww:createdDate>
    <p0826-teimww:edition knoraType="richtext_value">The Famous Tragedie of King Charles I. In which is included, The several Combinations and machinations that brought that incomparable Prince to the Block, the overtures hapning at the famous Seige of Colchester, the Tragicall fals of Sir Charls Lucas and Sir George Lisle, the just reward of the Leveller Rainsborough, Hamilton and Bailies Trecheries, In delivering the late Scottish Army into the hands of Cromwell, and the designe the Rebels have, to destroy the Royal Posterity. London: N.p., 1649.</p0826-teimww:edition>
    <p0826-teimww:hasLanguage knoraType="richtext_value">English</p0826-teimww:hasLanguage>
    <p0826-teimww:isWrittenBy>
      <p0826-teimww:person knoraType="link_value" linkType="ref" target="ww_212c78497ddc32c5"/>
    </p0826-teimww:isWrittenBy>
    <p0826-teimww:publishDate knoraType="date_value">GREGORIAN:1649:1649</p0826-teimww:publishDate>
    <p0826-teimww:title knoraType="richtext_value">The Famous Tragedy of King Charles I</p0826-teimww:title>
  </p0826-teimww:book>
  <p0826-teimww:book id="ww_d97d76c6a1fac50d">
    <knoraXmlImport:label>book label</knoraXmlImport:label>
    <p0826-teimww:bookInternalId knoraType="richtext_value">@005567</p0826-teimww:bookInternalId>
    <p0826-teimww:createdDate knoraType="date_value">GREGORIAN:1650:1650</p0826-teimww:createdDate>
    <p0826-teimww:edition knoraType="richtext_value">"Gondibert: An Heroick Poem written by Sir William D'Avenant." The works of Sir William Davenant. Consisting of Those which were formerly Printed, and Those which he design'd for the Press: Now published Out of the Authors Originall Copies. London: T. N, 1673. 31-77.</p0826-teimww:edition>
    <p0826-teimww:hasLanguage knoraType="richtext_value">English</p0826-teimww:hasLanguage>
    <p0826-teimww:isWrittenBy>
      <p0826-teimww:person knoraType="link_value" linkType="ref" target="ww_d8f1d08e1ca080b7"/>
    </p0826-teimww:isWrittenBy>
    <p0826-teimww:publishDate knoraType="date_value">GREGORIAN:1650:1650</p0826-teimww:publishDate>
    <p0826-teimww:title knoraType="richtext_value">Gondibert</p0826-teimww:title>
  </p0826-teimww:book>
  <p0826-teimww:book id="ww_79fe5ccacfa2bc91">
    <knoraXmlImport:label>book label</knoraXmlImport:label>
    <p0826-teimww:bookInternalId knoraType="richtext_value">@015227</p0826-teimww:bookInternalId>
    <p0826-teimww:createdDate knoraType="date_value">GREGORIAN:1657:1657</p0826-teimww:createdDate>
    <p0826-teimww:edition knoraType="richtext_value">The False Favourit Disgrac'd. And, the Reward of Loyalty. A Tragi-Comedy [...]. London. William Wilson, for Robert Crofts, 1657.</p0826-teimww:edition>
    <p0826-teimww:hasLanguage knoraType="richtext_value">English</p0826-teimww:hasLanguage>
    <p0826-teimww:isWrittenBy>
      <p0826-teimww:person knoraType="link_value" linkType="ref" target="ww_5e2853e3f87f7ec9"/>
    </p0826-teimww:isWrittenBy>
    <p0826-teimww:publishDate knoraType="date_value">GREGORIAN:1657:1657</p0826-teimww:publishDate>
    <p0826-teimww:title knoraType="richtext_value">The False Favourite Disgraced</p0826-teimww:title>
  </p0826-teimww:book>
  <p0826-teimww:book id="ww_0b4c366e4e5bc9b9">
    <knoraXmlImport:label>book label</knoraXmlImport:label>
    <p0826-teimww:bookInternalId knoraType="richtext_value">@005138</p0826-teimww:bookInternalId>
    <p0826-teimww:createdDate knoraType="date_value">GREGORIAN:1688:1688</p0826-teimww:createdDate>
    <p0826-teimww:edition knoraType="richtext_value">A Fool's Preferment. Or, The Three Dukes of Dunstable. A Comedy. As it was Acted at the Queens Theatre in Dorset-Garden, by Their Majesties Servants. London: J. Knight [...], 1688.</p0826-teimww:edition>
    <p0826-teimww:hasLanguage knoraType="richtext_value">English</p0826-teimww:hasLanguage>
    <p0826-teimww:isWrittenBy>
      <p0826-teimww:person knoraType="link_value" linkType="ref" target="ww_b2f00cf3ae93a32b"/>
    </p0826-teimww:isWrittenBy>
    <p0826-teimww:publishDate knoraType="date_value">GREGORIAN:1688:1688</p0826-teimww:publishDate>
    <p0826-teimww:title knoraType="richtext_value">A Fools Preferment</p0826-teimww:title>
  </p0826-teimww:book>
  <p0826-teimww:book id="ww_31331c878f65b6f4">
    <knoraXmlImport:label>book label</knoraXmlImport:label>
    <p0826-teimww:bookInternalId knoraType="richtext_value">@005050</p0826-teimww:bookInternalId>
    <p0826-teimww:createdDate knoraType="date_value">GREGORIAN:1500:1536</p0826-teimww:createdDate>
    <p0826-teimww:edition knoraType="richtext_value">Collected Works of Erasmus. Ed. R. A. B. Mynors. Trans. Margaret Mann Phillips. 86 vols. Toronto et al.: University of Toronto Press, 1982. Vol. 31.</p0826-teimww:edition>
    <p0826-teimww:hasLanguage knoraType="richtext_value">Latin</p0826-teimww:hasLanguage>
    <p0826-teimww:isWrittenBy>
      <p0826-teimww:person knoraType="link_value" linkType="ref" target="ww_9a8e158285763a3c"/>
    </p0826-teimww:isWrittenBy>
    <p0826-teimww:publishDate knoraType="date_value">GREGORIAN:1500:1536</p0826-teimww:publishDate>
    <p0826-teimww:title knoraType="richtext_value">Adagia</p0826-teimww:title>
  </p0826-teimww:book>
  <p0826-teimww:book id="ww_c5e133e72906221d">
    <knoraXmlImport:label>book label</knoraXmlImport:label>
    <p0826-teimww:bookInternalId knoraType="richtext_value">@005654</p0826-teimww:bookInternalId>
    <p0826-teimww:createdDate knoraType="date_value">GREGORIAN:1510:1540</p0826-teimww:createdDate>
    <p0826-teimww:edition knoraType="richtext_value">Brevissima Institutio. 1540. Quoted in: Thomas Whitfield Baldwin. William Shakspere's Small Latine and Lesse Greeke. 2 vols. Urbana: University of Illinois Press, 1944.</p0826-teimww:edition>
    <p0826-teimww:hasLanguage knoraType="richtext_value">Latin</p0826-teimww:hasLanguage>
    <p0826-teimww:isWrittenBy>
      <p0826-teimww:person knoraType="link_value" linkType="ref" target="ww_9a8e158285763a3c"/>
    </p0826-teimww:isWrittenBy>
    <p0826-teimww:isWrittenBy>
      <p0826-teimww:person knoraType="link_value" linkType="ref" target="ww_4f4a27981f1d2a14"/>
    </p0826-teimww:isWrittenBy>
    <p0826-teimww:isWrittenBy>
      <p0826-teimww:person knoraType="link_value" linkType="ref" target="ww_2527046b014ff66d"/>
    </p0826-teimww:isWrittenBy>
    <p0826-teimww:publishDate knoraType="date_value">GREGORIAN:1510:1540</p0826-teimww:publishDate>
    <p0826-teimww:title knoraType="richtext_value">Brevissima Institutio</p0826-teimww:title>
  </p0826-teimww:book>
  <p0826-teimww:book id="ww_d1747dd42d4313ef">
    <knoraXmlImport:label>book label</knoraXmlImport:label>
    <p0826-teimww:bookInternalId knoraType="richtext_value">@005655</p0826-teimww:bookInternalId>
    <p0826-teimww:createdDate knoraType="date_value">GREGORIAN:1543:1543</p0826-teimww:createdDate>
    <p0826-teimww:edition knoraType="richtext_value">Zodiacus Vitae. Ed. Jacques Chomarat. Geneva: Librairie Droz, 1996.</p0826-teimww:edition>
    <p0826-teimww:hasLanguage knoraType="richtext_value">Latin</p0826-teimww:hasLanguage>
    <p0826-teimww:isWrittenBy>
      <p0826-teimww:person knoraType="link_value" linkType="ref" target="ww_25c5c5546d8e1395"/>
    </p0826-teimww:isWrittenBy>
    <p0826-teimww:publishDate knoraType="date_value">GREGORIAN:1543:1543</p0826-teimww:publishDate>
    <p0826-teimww:title knoraType="richtext_value">Zodiacus Vitae</p0826-teimww:title>
  </p0826-teimww:book>
  <p0826-teimww:book id="ww_d6460d7b7e7075d6">
    <knoraXmlImport:label>book label</knoraXmlImport:label>
    <p0826-teimww:bookInternalId knoraType="richtext_value">@005658</p0826-teimww:bookInternalId>
    <p0826-teimww:createdDate knoraType="date_value">GREGORIAN:1561:1561</p0826-teimww:createdDate>
    <p0826-teimww:edition knoraType="richtext_value">Lingvae Latinae Exercitatio. Antwerp, 1561.</p0826-teimww:edition>
    <p0826-teimww:hasLanguage knoraType="richtext_value">Latin</p0826-teimww:hasLanguage>
    <p0826-teimww:isWrittenBy>
      <p0826-teimww:person knoraType="link_value" linkType="ref" target="ww_35d1cd927a05d91f"/>
    </p0826-teimww:isWrittenBy>
    <p0826-teimww:publishDate knoraType="date_value">GREGORIAN:1561:1561</p0826-teimww:publishDate>
    <p0826-teimww:title knoraType="richtext_value">Linguae Latinae Exercitatio</p0826-teimww:title>
  </p0826-teimww:book>
  <p0826-teimww:book id="ww_2fa5a9bb2a67257a">
    <knoraXmlImport:label>book label</knoraXmlImport:label>
    <p0826-teimww:bookInternalId knoraType="richtext_value">@010131</p0826-teimww:bookInternalId>
    <p0826-teimww:edition knoraType="richtext_value">Shakespeare Studies 5 (1966-1967): 72-87.</p0826-teimww:edition>
    <p0826-teimww:isWrittenBy>
      <p0826-teimww:person knoraType="link_value" linkType="ref" target="ww_d445647247f3f748"/>
    </p0826-teimww:isWrittenBy>
    <p0826-teimww:title knoraType="richtext_value">The Homiletic Tradition in Shakespeare's Plays</p0826-teimww:title>
  </p0826-teimww:book>
  <p0826-teimww:book id="ww_75159bf6f5fdb9bc">
    <knoraXmlImport:label>book label</knoraXmlImport:label>
    <p0826-teimww:bookInternalId knoraType="richtext_value">@000700</p0826-teimww:bookInternalId>
    <p0826-teimww:createdDate knoraType="date_value">GREGORIAN:1581:1581</p0826-teimww:createdDate>
    <p0826-teimww:edition knoraType="richtext_value">A right excellent and famous Comoedy called the three Ladies of London. [...] London: Roger Warde 1584.</p0826-teimww:edition>
    <p0826-teimww:hasLanguage knoraType="richtext_value">English</p0826-teimww:hasLanguage>
    <p0826-teimww:isWrittenBy>
      <p0826-teimww:person knoraType="link_value" linkType="ref" target="ww_25e6fd889f1e2401"/>
    </p0826-teimww:isWrittenBy>
    <p0826-teimww:publishDate knoraType="date_value">GREGORIAN:1581:1581</p0826-teimww:publishDate>
    <p0826-teimww:title knoraType="richtext_value">The Three Ladies of London</p0826-teimww:title>
  </p0826-teimww:book>
  <p0826-teimww:book id="ww_16de53f169f7d7d7">
    <knoraXmlImport:label>book label</knoraXmlImport:label>
    <p0826-teimww:bookInternalId knoraType="richtext_value">@005612</p0826-teimww:bookInternalId>
    <p0826-teimww:createdDate knoraType="date_value">GREGORIAN:1584:1584</p0826-teimww:createdDate>
    <p0826-teimww:edition knoraType="richtext_value">"A Nosegaie alvvaies sweet, for Louers to send for Tokens, of loue, at Newyeres tide, or for fairings, as they in their minds shall be disposed to write." A Handefull of pleasant delites. London: Richard Ihones et al., 1584.</p0826-teimww:edition>
    <p0826-teimww:hasLanguage knoraType="richtext_value">English</p0826-teimww:hasLanguage>
    <p0826-teimww:isWrittenBy>
      <p0826-teimww:person knoraType="link_value" linkType="ref" target="ww_1e249fc82c1de780"/>
    </p0826-teimww:isWrittenBy>
    <p0826-teimww:publishDate knoraType="date_value">GREGORIAN:1584:1584</p0826-teimww:publishDate>
    <p0826-teimww:title knoraType="richtext_value">A Nosegay Always Sweet</p0826-teimww:title>
  </p0826-teimww:book>
  <p0826-teimww:book id="ww_cb99cb0b515526a9">
    <knoraXmlImport:label>book label</knoraXmlImport:label>
    <p0826-teimww:bookInternalId knoraType="richtext_value">@000904</p0826-teimww:bookInternalId>
    <p0826-teimww:createdDate knoraType="date_value">GREGORIAN:1591:1591</p0826-teimww:createdDate>
    <p0826-teimww:edition knoraType="richtext_value">The tragedy of Selimus Emperour of the Turkes. Written T. G. London: Thomas Creede, 1638.</p0826-teimww:edition>
    <p0826-teimww:hasLanguage knoraType="richtext_value">English</p0826-teimww:hasLanguage>
    <p0826-teimww:isWrittenBy>
      <p0826-teimww:person knoraType="link_value" linkType="ref" target="ww_ce2fb5bd491a4d2e"/>
    </p0826-teimww:isWrittenBy>
    <p0826-teimww:publishDate knoraType="date_value">GREGORIAN:1591:1591</p0826-teimww:publishDate>
    <p0826-teimww:title knoraType="richtext_value">The Tragical Reign of Selimus</p0826-teimww:title>
  </p0826-teimww:book>
  <p0826-teimww:book id="ww_a779d6e5235e610e">
    <knoraXmlImport:label>book label</knoraXmlImport:label>
    <p0826-teimww:bookInternalId knoraType="richtext_value">@010106</p0826-teimww:bookInternalId>
    <p0826-teimww:edition knoraType="richtext_value">Shakespeare Quarterly 15:4 (Autumn 1964): 446-447.</p0826-teimww:edition>
    <p0826-teimww:isWrittenBy>
      <p0826-teimww:person knoraType="link_value" linkType="ref" target="ww_0892ee27a956341b"/>
    </p0826-teimww:isWrittenBy>
    <p0826-teimww:title knoraType="richtext_value">A Possible 1594 Reference to Hamlet</p0826-teimww:title>
  </p0826-teimww:book>
  <p0826-teimww:book id="ww_d57fe99db4adc1d0">
    <knoraXmlImport:label>book label</knoraXmlImport:label>
    <p0826-teimww:bookInternalId knoraType="richtext_value">@010144</p0826-teimww:bookInternalId>
    <p0826-teimww:edition knoraType="richtext_value">Notes and Queries 40 (17 April 1909): 305.</p0826-teimww:edition>
    <p0826-teimww:isWrittenBy>
      <p0826-teimww:person knoraType="link_value" linkType="ref" target="ww_4cf2d2f81816aed2"/>
    </p0826-teimww:isWrittenBy>
    <p0826-teimww:title knoraType="richtext_value">Shakespeare Allusion</p0826-teimww:title>
  </p0826-teimww:book>
  <p0826-teimww:book id="ww_0e81aac8108a83fe">
    <knoraXmlImport:label>book label</knoraXmlImport:label>
    <p0826-teimww:bookInternalId knoraType="richtext_value">@001049</p0826-teimww:bookInternalId>
    <p0826-teimww:createdDate knoraType="date_value">GREGORIAN:1596:1596</p0826-teimww:createdDate>
    <p0826-teimww:edition knoraType="richtext_value">The Famous Historye of the life and death of Captaine Thomas Stukeley. With his marriage to Alderman Curteis Daughter, and valiant ending of his life at the Battaile of Alcazar. London: Printed for Thomas Pauyer 1605.</p0826-teimww:edition>
    <p0826-teimww:hasLanguage knoraType="richtext_value">English</p0826-teimww:hasLanguage>
    <p0826-teimww:isWrittenBy>
      <p0826-teimww:person knoraType="link_value" linkType="ref" target="ww_212c78497ddc32c5"/>
    </p0826-teimww:isWrittenBy>
    <p0826-teimww:publishDate knoraType="date_value">GREGORIAN:1596:1596</p0826-teimww:publishDate>
    <p0826-teimww:title knoraType="richtext_value">Captain Thomas Stukeley</p0826-teimww:title>
  </p0826-teimww:book>
  <p0826-teimww:book id="ww_be9af191e6dc9863">
    <knoraXmlImport:label>book label</knoraXmlImport:label>
    <p0826-teimww:bookInternalId knoraType="richtext_value">@005579</p0826-teimww:bookInternalId>
    <p0826-teimww:createdDate knoraType="date_value">GREGORIAN:1596:1596</p0826-teimww:createdDate>
    <p0826-teimww:edition knoraType="richtext_value">Wits miserie, and the worlds madnesse, discouering the deuils incarnat of this age. B.L. London: Adam Islip, 1596. Quoted in: J.O. Halliwell-Philipps. Memoranda on the Tragedy of Hamlet. London: James Evan Adlard, 1879.</p0826-teimww:edition>
    <p0826-teimww:hasLanguage knoraType="richtext_value">HAS SEVERAL LEXIAS!</p0826-teimww:hasLanguage>
    <p0826-teimww:isWrittenBy>
      <p0826-teimww:person knoraType="link_value" linkType="ref" target="ww_31ef7df7935b492f"/>
    </p0826-teimww:isWrittenBy>
    <p0826-teimww:publishDate knoraType="date_value">GREGORIAN:1596:1596</p0826-teimww:publishDate>
    <p0826-teimww:title knoraType="richtext_value">Wits Misery and the Worlds Madness </p0826-teimww:title>
  </p0826-teimww:book>
  <p0826-teimww:book id="ww_d9c80276851682da">
    <knoraXmlImport:label>book label</knoraXmlImport:label>
    <p0826-teimww:bookInternalId knoraType="richtext_value">@010037</p0826-teimww:bookInternalId>
    <p0826-teimww:edition knoraType="richtext_value">ed. William Shakespeare. Hamlet. Englisch-deutsche Studienausgabe. Tübingen: Stauffenberg, 2006. </p0826-teimww:edition>
    <p0826-teimww:isWrittenBy>
      <p0826-teimww:person knoraType="link_value" linkType="ref" target="ww_bee6ba91f2c450cd"/>
    </p0826-teimww:isWrittenBy>
    <p0826-teimww:title knoraType="richtext_value">Hamlet (Mueller edition)</p0826-teimww:title>
  </p0826-teimww:book>
  <p0826-teimww:book id="ww_c85d746358e196e6">
    <knoraXmlImport:label>book label</knoraXmlImport:label>
    <p0826-teimww:bookInternalId knoraType="richtext_value">@010089</p0826-teimww:bookInternalId>
    <p0826-teimww:edition knoraType="richtext_value">The Annual Register. Or, A View of the History, Politics, and Literature, for the Year 1767. London: J. Dodsley, 1779.</p0826-teimww:edition>
    <p0826-teimww:isWrittenBy>
      <p0826-teimww:person knoraType="link_value" linkType="ref" target="ww_212c78497ddc32c5"/>
    </p0826-teimww:isWrittenBy>
    <p0826-teimww:title knoraType="richtext_value">The Annual Register</p0826-teimww:title>
  </p0826-teimww:book>
  <p0826-teimww:book id="ww_e14966f62e338b68">
    <knoraXmlImport:label>book label</knoraXmlImport:label>
    <p0826-teimww:bookInternalId knoraType="richtext_value">@010137</p0826-teimww:bookInternalId>
    <p0826-teimww:edition knoraType="richtext_value">The Real Shakespeare: Retrieving the Early Years, 1564-1594. New Haven and London: Yale University Press, 1995.</p0826-teimww:edition>
    <p0826-teimww:isWrittenBy>
      <p0826-teimww:person knoraType="link_value" linkType="ref" target="ww_240bf4a7d8bc0162"/>
    </p0826-teimww:isWrittenBy>
    <p0826-teimww:title knoraType="richtext_value">The Real Shakespeare</p0826-teimww:title>
  </p0826-teimww:book>
  <p0826-teimww:book id="ww_9cfbf2557c0bd6a1">
    <knoraXmlImport:label>book label</knoraXmlImport:label>
    <p0826-teimww:bookInternalId knoraType="richtext_value">@005607</p0826-teimww:bookInternalId>
    <p0826-teimww:createdDate knoraType="date_value">GREGORIAN:1598:1598</p0826-teimww:createdDate>
    <p0826-teimww:edition knoraType="richtext_value">Palladis Tamia. Wits Treasury, being the second part of Wits common wealth. By Francis Meres Maister of Artes of both Vniuersities. London: P. Short for Cuthbert Burbie, 1598.</p0826-teimww:edition>
    <p0826-teimww:hasLanguage knoraType="richtext_value">English</p0826-teimww:hasLanguage>
    <p0826-teimww:isWrittenBy>
      <p0826-teimww:person knoraType="link_value" linkType="ref" target="ww_96e72412ce67888e"/>
    </p0826-teimww:isWrittenBy>
    <p0826-teimww:publishDate knoraType="date_value">GREGORIAN:1598:1598</p0826-teimww:publishDate>
    <p0826-teimww:title knoraType="richtext_value">Palladis Tamia </p0826-teimww:title>
  </p0826-teimww:book>
  <p0826-teimww:book id="ww_30e430b5304e3a2a">
    <knoraXmlImport:label>book label</knoraXmlImport:label>
    <p0826-teimww:bookInternalId knoraType="richtext_value">@001216</p0826-teimww:bookInternalId>
    <p0826-teimww:createdDate knoraType="date_value">GREGORIAN:1599:1599</p0826-teimww:createdDate>
    <p0826-teimww:edition knoraType="richtext_value">Every Man Out of His Humour. London: Will Stansby 1616.</p0826-teimww:edition>
    <p0826-teimww:hasLanguage knoraType="richtext_value">English</p0826-teimww:hasLanguage>
    <p0826-teimww:isWrittenBy>
      <p0826-teimww:person knoraType="link_value" linkType="ref" target="ww_9b2d545e20d62482"/>
    </p0826-teimww:isWrittenBy>
    <p0826-teimww:publishDate knoraType="date_value">GREGORIAN:1599:1599</p0826-teimww:publishDate>
    <p0826-teimww:title knoraType="richtext_value">Every Man Out of His Humour</p0826-teimww:title>
  </p0826-teimww:book>
  <p0826-teimww:book id="ww_940f28e35b0dd6d0">
    <knoraXmlImport:label>book label</knoraXmlImport:label>
    <p0826-teimww:bookInternalId knoraType="richtext_value">@001235</p0826-teimww:bookInternalId>
    <p0826-teimww:createdDate knoraType="date_value">GREGORIAN:1600:1600</p0826-teimww:createdDate>
    <p0826-teimww:edition knoraType="richtext_value">Lusts Dominion or, the Lascivious Queen. A Tragedie. Written by Christofer Marloe. London: F. K., 1657.</p0826-teimww:edition>
    <p0826-teimww:hasLanguage knoraType="richtext_value">English</p0826-teimww:hasLanguage>
    <p0826-teimww:isWrittenBy>
      <p0826-teimww:person knoraType="link_value" linkType="ref" target="ww_87dbd52f1c5b813b"/>
    </p0826-teimww:isWrittenBy>
    <p0826-teimww:isWrittenBy>
      <p0826-teimww:person knoraType="link_value" linkType="ref" target="ww_947a2e721f016a03"/>
    </p0826-teimww:isWrittenBy>
    <p0826-teimww:isWrittenBy>
      <p0826-teimww:person knoraType="link_value" linkType="ref" target="ww_d888f97beb7a5e1c"/>
    </p0826-teimww:isWrittenBy>
    <p0826-teimww:publishDate knoraType="date_value">GREGORIAN:1600:1600</p0826-teimww:publishDate>
    <p0826-teimww:title knoraType="richtext_value">Lusts Dominon, or The Spanish Moors Tragedy</p0826-teimww:title>
  </p0826-teimww:book>
  <p0826-teimww:book id="ww_ff23e2b53094740e">
    <knoraXmlImport:label>book label</knoraXmlImport:label>
    <p0826-teimww:bookInternalId knoraType="richtext_value">@001231</p0826-teimww:bookInternalId>
    <p0826-teimww:createdDate knoraType="date_value">GREGORIAN:1600:1600</p0826-teimww:createdDate>
    <p0826-teimww:edition knoraType="richtext_value">The Maydes Metamorphosis. As it hath bene sundrie times Acted by the Children of Powles. London: Printed by Thomas Creede, for Richard Oliue 1600.</p0826-teimww:edition>
    <p0826-teimww:hasLanguage knoraType="richtext_value">English</p0826-teimww:hasLanguage>
    <p0826-teimww:isWrittenBy>
      <p0826-teimww:person knoraType="link_value" linkType="ref" target="ww_212c78497ddc32c5"/>
    </p0826-teimww:isWrittenBy>
    <p0826-teimww:publishDate knoraType="date_value">GREGORIAN:1600:1600</p0826-teimww:publishDate>
    <p0826-teimww:title knoraType="richtext_value">The Maid&amp;#039;s Metamorphosis</p0826-teimww:title>
  </p0826-teimww:book>
  <p0826-teimww:book id="ww_1119cb42e0133631">
    <knoraXmlImport:label>book label</knoraXmlImport:label>
    <p0826-teimww:bookInternalId knoraType="richtext_value">@005593</p0826-teimww:bookInternalId>
    <p0826-teimww:createdDate knoraType="date_value">GREGORIAN:1602:1602</p0826-teimww:createdDate>
    <p0826-teimww:edition knoraType="richtext_value">The massacre of money. London: Thomas Creede for Thomas Bushell 1602.</p0826-teimww:edition>
    <p0826-teimww:hasLanguage knoraType="richtext_value">English</p0826-teimww:hasLanguage>
    <p0826-teimww:isWrittenBy>
      <p0826-teimww:person knoraType="link_value" linkType="ref" target="ww_22f6e503d59ca03b"/>
    </p0826-teimww:isWrittenBy>
    <p0826-teimww:publishDate knoraType="date_value">GREGORIAN:1602:1602</p0826-teimww:publishDate>
    <p0826-teimww:title knoraType="richtext_value">The Massacre of Money</p0826-teimww:title>
  </p0826-teimww:book>
  <p0826-teimww:book id="ww_cd4449a9f288f0d1">
    <knoraXmlImport:label>book label</knoraXmlImport:label>
    <p0826-teimww:bookInternalId knoraType="richtext_value">@010099</p0826-teimww:bookInternalId>
    <p0826-teimww:edition knoraType="richtext_value">ed. Chapman, George. The Works of George Chapman. Plays. London: Chatto and Windus, 1874.</p0826-teimww:edition>
    <p0826-teimww:isWrittenBy>
      <p0826-teimww:person knoraType="link_value" linkType="ref" target="ww_dad51991851a1bbf"/>
    </p0826-teimww:isWrittenBy>
    <p0826-teimww:title knoraType="richtext_value">The Works of George Chapman (Shepherd edition)</p0826-teimww:title>
  </p0826-teimww:book>
  <p0826-teimww:book id="ww_55082a41763c1d8b">
    <knoraXmlImport:label>book label</knoraXmlImport:label>
    <p0826-teimww:bookInternalId knoraType="richtext_value">@005635</p0826-teimww:bookInternalId>
    <p0826-teimww:createdDate knoraType="date_value">GREGORIAN:1605:1605</p0826-teimww:createdDate>
    <p0826-teimww:edition knoraType="richtext_value">Sir Thomas Smithes voiage and entertainment in Rushia. With the tragicall ends of two emperors, and one empresse, within one moneth during his being there: and the miraculous preseruation of the now raigning emperor, esteemed dead for 18. yeares. London: W. White and W. Jaggard for Nathanyell Butter, 1605.</p0826-teimww:edition>
    <p0826-teimww:hasLanguage knoraType="richtext_value">HAS SEVERAL LEXIAS!</p0826-teimww:hasLanguage>
    <p0826-teimww:isWrittenBy>
      <p0826-teimww:person knoraType="link_value" linkType="ref" target="ww_83e21e7a9246faa2"/>
    </p0826-teimww:isWrittenBy>
    <p0826-teimww:publishDate knoraType="date_value">GREGORIAN:1605:1605</p0826-teimww:publishDate>
    <p0826-teimww:title knoraType="richtext_value">Voyage and Entertainment in Russia</p0826-teimww:title>
  </p0826-teimww:book>
  <p0826-teimww:book id="ww_45707432cc4f2876">
    <knoraXmlImport:label>book label</knoraXmlImport:label>
    <p0826-teimww:bookInternalId knoraType="richtext_value">@010123</p0826-teimww:bookInternalId>
    <p0826-teimww:edition knoraType="richtext_value">Shakespeare Survey 48: Shakespeare and Cultural Exchange. Ed. Stanley Wells. Cambridge: Cambridge University Press, 1995. 113-122.</p0826-teimww:edition>
    <p0826-teimww:isWrittenBy>
      <p0826-teimww:person knoraType="link_value" linkType="ref" target="ww_759d754d3536439c"/>
    </p0826-teimww:isWrittenBy>
    <p0826-teimww:title knoraType="richtext_value">Hamlet's Last Words</p0826-teimww:title>
  </p0826-teimww:book>
  <p0826-teimww:book id="ww_9d64f79445831f4a">
    <knoraXmlImport:label>book label</knoraXmlImport:label>
    <p0826-teimww:bookInternalId knoraType="richtext_value">@005599</p0826-teimww:bookInternalId>
    <p0826-teimww:createdDate knoraType="date_value">GREGORIAN:1606:1606</p0826-teimww:createdDate>
    <p0826-teimww:edition knoraType="richtext_value">Dolarnys Primerose. Or The First Part of the Passionate Hermit. London: G. Eld, 1606.</p0826-teimww:edition>
    <p0826-teimww:hasLanguage knoraType="richtext_value">HAS SEVERAL LEXIAS!</p0826-teimww:hasLanguage>
    <p0826-teimww:isWrittenBy>
      <p0826-teimww:person knoraType="link_value" linkType="ref" target="ww_54e7c8428ba6024c"/>
    </p0826-teimww:isWrittenBy>
    <p0826-teimww:publishDate knoraType="date_value">GREGORIAN:1606:1606</p0826-teimww:publishDate>
    <p0826-teimww:title knoraType="richtext_value">Dolarnys Primrose</p0826-teimww:title>
  </p0826-teimww:book>
  <p0826-teimww:book id="ww_231a164bb5b9d142">
    <knoraXmlImport:label>book label</knoraXmlImport:label>
    <p0826-teimww:bookInternalId knoraType="richtext_value">@001504</p0826-teimww:bookInternalId>
    <p0826-teimww:createdDate knoraType="date_value">GREGORIAN:1606:1606</p0826-teimww:createdDate>
    <p0826-teimww:edition knoraType="richtext_value">The Royall King, and The Loyall Subject, As it hath beene Acted with great Applause by the Queenes Maiesties Servants. London: Nich. and John Okes for James Becket 1637.</p0826-teimww:edition>
    <p0826-teimww:hasLanguage knoraType="richtext_value">English</p0826-teimww:hasLanguage>
    <p0826-teimww:isWrittenBy>
      <p0826-teimww:person knoraType="link_value" linkType="ref" target="ww_f10aec8cfe5ff90d"/>
    </p0826-teimww:isWrittenBy>
    <p0826-teimww:publishDate knoraType="date_value">GREGORIAN:1606:1606</p0826-teimww:publishDate>
    <p0826-teimww:title knoraType="richtext_value">The Royal King and the Loyal Subject</p0826-teimww:title>
  </p0826-teimww:book>
  <p0826-teimww:book id="ww_bb778743185401c7">
    <knoraXmlImport:label>book label</knoraXmlImport:label>
    <p0826-teimww:bookInternalId knoraType="richtext_value">@005600</p0826-teimww:bookInternalId>
    <p0826-teimww:createdDate knoraType="date_value">GREGORIAN:1607:1607</p0826-teimww:createdDate>
    <p0826-teimww:edition knoraType="richtext_value">The Cvckow. Richardvs Niccols. London: F. K. to be sold by W. C. 1607.</p0826-teimww:edition>
    <p0826-teimww:hasLanguage knoraType="richtext_value">HAS SEVERAL LEXIAS!</p0826-teimww:hasLanguage>
    <p0826-teimww:isWrittenBy>
      <p0826-teimww:person knoraType="link_value" linkType="ref" target="ww_f32bede8ddcef974"/>
    </p0826-teimww:isWrittenBy>
    <p0826-teimww:publishDate knoraType="date_value">GREGORIAN:1607:1607</p0826-teimww:publishDate>
    <p0826-teimww:title knoraType="richtext_value">The Cuckoo</p0826-teimww:title>
  </p0826-teimww:book>
  <p0826-teimww:book id="ww_9d62e7b28d3a5fa1">
    <knoraXmlImport:label>book label</knoraXmlImport:label>
    <p0826-teimww:bookInternalId knoraType="richtext_value">@005636</p0826-teimww:bookInternalId>
    <p0826-teimww:createdDate knoraType="date_value">GREGORIAN:1608:1608</p0826-teimww:createdDate>
    <p0826-teimww:edition knoraType="richtext_value">The Hystorie of Hamblet. London: Richard Bradocke for Thomas Pauier, 1608.</p0826-teimww:edition>
    <p0826-teimww:hasLanguage knoraType="richtext_value">English</p0826-teimww:hasLanguage>
    <p0826-teimww:isWrittenBy>
      <p0826-teimww:person knoraType="link_value" linkType="ref" target="ww_212c78497ddc32c5"/>
    </p0826-teimww:isWrittenBy>
    <p0826-teimww:publishDate knoraType="date_value">GREGORIAN:1608:1608</p0826-teimww:publishDate>
    <p0826-teimww:title knoraType="richtext_value">The History of Hamblet</p0826-teimww:title>
  </p0826-teimww:book>
  <p0826-teimww:book id="ww_e5b271060a8d1d96">
    <knoraXmlImport:label>book label</knoraXmlImport:label>
    <p0826-teimww:bookInternalId knoraType="richtext_value">@005121</p0826-teimww:bookInternalId>
    <p0826-teimww:createdDate knoraType="date_value">GREGORIAN:1609:1610</p0826-teimww:createdDate>
    <p0826-teimww:edition knoraType="richtext_value">Poems, By J. D.: With Elegies on the Authors Death. London: M. F. for Iohn Marriot 1633.</p0826-teimww:edition>
    <p0826-teimww:hasLanguage knoraType="richtext_value">English</p0826-teimww:hasLanguage>
    <p0826-teimww:isWrittenBy>
      <p0826-teimww:person knoraType="link_value" linkType="ref" target="ww_16c1195bda020eff"/>
    </p0826-teimww:isWrittenBy>
    <p0826-teimww:publishDate knoraType="date_value">GREGORIAN:1609:1610</p0826-teimww:publishDate>
    <p0826-teimww:title knoraType="richtext_value">7 Ascention</p0826-teimww:title>
  </p0826-teimww:book>
  <p0826-teimww:book id="ww_788e82a14edb5a17">
    <knoraXmlImport:label>book label</knoraXmlImport:label>
    <p0826-teimww:bookInternalId knoraType="richtext_value">@001708</p0826-teimww:bookInternalId>
    <p0826-teimww:createdDate knoraType="date_value">GREGORIAN:1613:1613</p0826-teimww:createdDate>
    <p0826-teimww:edition knoraType="richtext_value">The entertainment given by Lord Knowles at Cawsome House. A Relation Of The Late Royall Entertainment Given By The Right Honorable The Lord Knovvles, At Cawsome-House neere Redding: [...]. London: John Budge et al., 1613.</p0826-teimww:edition>
    <p0826-teimww:hasLanguage knoraType="richtext_value">English</p0826-teimww:hasLanguage>
    <p0826-teimww:isWrittenBy>
      <p0826-teimww:person knoraType="link_value" linkType="ref" target="ww_1ba44aa9c8c5ae62"/>
    </p0826-teimww:isWrittenBy>
    <p0826-teimww:publishDate knoraType="date_value">GREGORIAN:1613:1613</p0826-teimww:publishDate>
    <p0826-teimww:title knoraType="richtext_value">Royal Entertainment at Caversham</p0826-teimww:title>
  </p0826-teimww:book>
  <p0826-teimww:book id="ww_e584e5eb1d9461dd">
    <knoraXmlImport:label>book label</knoraXmlImport:label>
    <p0826-teimww:bookInternalId knoraType="richtext_value">@005024</p0826-teimww:bookInternalId>
    <p0826-teimww:createdDate knoraType="date_value">GREGORIAN:1618:1618</p0826-teimww:createdDate>
    <p0826-teimww:edition knoraType="richtext_value">Quoted in: J. Payne Collier, Esq. Memoirs of the Principal Actors of Shakespeare. London 1818. 52-55.</p0826-teimww:edition>
    <p0826-teimww:hasLanguage knoraType="richtext_value">HAS SEVERAL LEXIAS!</p0826-teimww:hasLanguage>
    <p0826-teimww:isWrittenBy>
      <p0826-teimww:person knoraType="link_value" linkType="ref" target="ww_212c78497ddc32c5"/>
    </p0826-teimww:isWrittenBy>
    <p0826-teimww:publishDate knoraType="date_value">GREGORIAN:1618:1618</p0826-teimww:publishDate>
    <p0826-teimww:title knoraType="richtext_value">A Funeral Elegy on the Death of the Famous Actor, Richard Burbage Who Died on Saturday in Lent, the 13th of March, 1618</p0826-teimww:title>
  </p0826-teimww:book>
  <p0826-teimww:book id="ww_91178a0de7db383a">
    <knoraXmlImport:label>book label</knoraXmlImport:label>
    <p0826-teimww:bookInternalId knoraType="richtext_value">@005598</p0826-teimww:bookInternalId>
    <p0826-teimww:createdDate knoraType="date_value">GREGORIAN:1618:1618</p0826-teimww:createdDate>
    <p0826-teimww:edition knoraType="richtext_value">Night Raven. London: G. Eld for Iohn Deane and Thomas Baily, 1620.</p0826-teimww:edition>
    <p0826-teimww:hasLanguage knoraType="richtext_value">English</p0826-teimww:hasLanguage>
    <p0826-teimww:isWrittenBy>
      <p0826-teimww:person knoraType="link_value" linkType="ref" target="ww_993a2c8b25ef3953"/>
    </p0826-teimww:isWrittenBy>
    <p0826-teimww:publishDate knoraType="date_value">GREGORIAN:1618:1618</p0826-teimww:publishDate>
    <p0826-teimww:title knoraType="richtext_value">Of Two Euills Chuse the Least</p0826-teimww:title>
  </p0826-teimww:book>
  <p0826-teimww:book id="ww_dbc39cf74839a823">
    <knoraXmlImport:label>book label</knoraXmlImport:label>
    <p0826-teimww:bookInternalId knoraType="richtext_value">@001941</p0826-teimww:bookInternalId>
    <p0826-teimww:createdDate knoraType="date_value">GREGORIAN:1620:1620</p0826-teimww:createdDate>
    <p0826-teimww:edition knoraType="richtext_value">Comedies and Tragedies Written by Francis Beaumont and Iohn Fletcher [...]. London: Humphrey Robinson et al., 1647. 51-75.</p0826-teimww:edition>
    <p0826-teimww:hasLanguage knoraType="richtext_value">English</p0826-teimww:hasLanguage>
    <p0826-teimww:isWrittenBy>
      <p0826-teimww:person knoraType="link_value" linkType="ref" target="ww_cbc2c3284144573a"/>
    </p0826-teimww:isWrittenBy>
    <p0826-teimww:isWrittenBy>
      <p0826-teimww:person knoraType="link_value" linkType="ref" target="ww_3cc0cce5b6bf554a"/>
    </p0826-teimww:isWrittenBy>
    <p0826-teimww:publishDate knoraType="date_value">GREGORIAN:1620:1620</p0826-teimww:publishDate>
    <p0826-teimww:title knoraType="richtext_value">The Little French lawyer</p0826-teimww:title>
  </p0826-teimww:book>
  <p0826-teimww:book id="ww_21490f13daef2089">
    <knoraXmlImport:label>book label</knoraXmlImport:label>
    <p0826-teimww:bookInternalId knoraType="richtext_value">@001997</p0826-teimww:bookInternalId>
    <p0826-teimww:createdDate knoraType="date_value">GREGORIAN:1621:1621</p0826-teimww:createdDate>
    <p0826-teimww:edition knoraType="richtext_value">A Tragi-Comedy: Called, Match mee in London. As it hath beene often Presented; First, at the Bull in St. Iohns-street; And lately, at the Priuate-House in Drvry-Lane, called the Phoenix Written by Tho: Dekker. London: B. Alsop and T. Fawcet, for H. Seile, 1631.</p0826-teimww:edition>
    <p0826-teimww:hasLanguage knoraType="richtext_value">English</p0826-teimww:hasLanguage>
    <p0826-teimww:isWrittenBy>
      <p0826-teimww:person knoraType="link_value" linkType="ref" target="ww_87dbd52f1c5b813b"/>
    </p0826-teimww:isWrittenBy>
    <p0826-teimww:publishDate knoraType="date_value">GREGORIAN:1621:1621</p0826-teimww:publishDate>
    <p0826-teimww:title knoraType="richtext_value">Match Me In London</p0826-teimww:title>
  </p0826-teimww:book>
  <p0826-teimww:book id="ww_c1a8ef34e6012321">
    <knoraXmlImport:label>book label</knoraXmlImport:label>
    <p0826-teimww:bookInternalId knoraType="richtext_value">@002191</p0826-teimww:bookInternalId>
    <p0826-teimww:createdDate knoraType="date_value">GREGORIAN:1626:1626</p0826-teimww:createdDate>
    <p0826-teimww:edition knoraType="richtext_value">Dick of Devonshire. Oxford University Press, 1955.</p0826-teimww:edition>
    <p0826-teimww:hasLanguage knoraType="richtext_value">English</p0826-teimww:hasLanguage>
    <p0826-teimww:isWrittenBy>
      <p0826-teimww:person knoraType="link_value" linkType="ref" target="ww_212c78497ddc32c5"/>
    </p0826-teimww:isWrittenBy>
    <p0826-teimww:publishDate knoraType="date_value">GREGORIAN:1626:1626</p0826-teimww:publishDate>
    <p0826-teimww:title knoraType="richtext_value">Dick of Devonshire</p0826-teimww:title>
  </p0826-teimww:book>
  <p0826-teimww:book id="ww_8732be209e0db3a3">
    <knoraXmlImport:label>book label</knoraXmlImport:label>
    <p0826-teimww:bookInternalId knoraType="richtext_value">@002189</p0826-teimww:bookInternalId>
    <p0826-teimww:createdDate knoraType="date_value">GREGORIAN:1626:1626</p0826-teimww:createdDate>
    <p0826-teimww:edition knoraType="richtext_value">The Valiant Scot. London: Thomas Harper for Iohn Waterson 1637.</p0826-teimww:edition>
    <p0826-teimww:hasLanguage knoraType="richtext_value">English</p0826-teimww:hasLanguage>
    <p0826-teimww:isWrittenBy>
      <p0826-teimww:person knoraType="link_value" linkType="ref" target="ww_ee50ed245a0dc04f"/>
    </p0826-teimww:isWrittenBy>
    <p0826-teimww:publishDate knoraType="date_value">GREGORIAN:1626:1626</p0826-teimww:publishDate>
    <p0826-teimww:title knoraType="richtext_value">The Valiant Scot</p0826-teimww:title>
  </p0826-teimww:book>
  <p0826-teimww:book id="ww_c7ed9e19d73910af">
    <knoraXmlImport:label>book label</knoraXmlImport:label>
    <p0826-teimww:bookInternalId knoraType="richtext_value">@002285</p0826-teimww:bookInternalId>
    <p0826-teimww:createdDate knoraType="date_value">GREGORIAN:1629:1629</p0826-teimww:createdDate>
    <p0826-teimww:edition knoraType="richtext_value">The Drinking Academy. A Play by Thomas Randolph. Cambridge: Harvard University Press, 1930.</p0826-teimww:edition>
    <p0826-teimww:hasLanguage knoraType="richtext_value">HAS SEVERAL LEXIAS!</p0826-teimww:hasLanguage>
    <p0826-teimww:isWrittenBy>
      <p0826-teimww:person knoraType="link_value" linkType="ref" target="ww_96f70a96968da33d"/>
    </p0826-teimww:isWrittenBy>
    <p0826-teimww:publishDate knoraType="date_value">GREGORIAN:1629:1629</p0826-teimww:publishDate>
    <p0826-teimww:title knoraType="richtext_value">The Drinking Academy</p0826-teimww:title>
  </p0826-teimww:book>
  <p0826-teimww:book id="ww_73c69f73b623166a">
    <knoraXmlImport:label>book label</knoraXmlImport:label>
    <p0826-teimww:bookInternalId knoraType="richtext_value">@005596</p0826-teimww:bookInternalId>
    <p0826-teimww:createdDate knoraType="date_value">GREGORIAN:1630:1630</p0826-teimww:createdDate>
    <p0826-teimww:edition knoraType="richtext_value">The Celestiall Pvblican. A Sacred Poem: Liuely describing the Birth, Progresse, Bloudy Passion, and glorious Resurrection of our Saviour. The Spiritvall Sea-Fight. The Mischieuous Deceites of The World, The Flesh, The Vicious Courtier. The Iesvite. The Divell. London: Felix Kyngston for Roger Michell 1630.</p0826-teimww:edition>
    <p0826-teimww:hasLanguage knoraType="richtext_value">English</p0826-teimww:hasLanguage>
    <p0826-teimww:isWrittenBy>
      <p0826-teimww:person knoraType="link_value" linkType="ref" target="ww_7179a7437437988e"/>
    </p0826-teimww:isWrittenBy>
    <p0826-teimww:publishDate knoraType="date_value">GREGORIAN:1630:1630</p0826-teimww:publishDate>
    <p0826-teimww:title knoraType="richtext_value">The Divell</p0826-teimww:title>
  </p0826-teimww:book>
  <p0826-teimww:book id="ww_ce95d11ad066ef61">
    <knoraXmlImport:label>book label</knoraXmlImport:label>
    <p0826-teimww:bookInternalId knoraType="richtext_value">@005639</p0826-teimww:bookInternalId>
    <p0826-teimww:createdDate knoraType="date_value">GREGORIAN:1633:1633</p0826-teimww:createdDate>
    <p0826-teimww:edition knoraType="richtext_value">ed. A. J. Smith. Harmondsworth: Penguin, 1980.</p0826-teimww:edition>
    <p0826-teimww:hasLanguage knoraType="richtext_value">English</p0826-teimww:hasLanguage>
    <p0826-teimww:isWrittenBy>
      <p0826-teimww:person knoraType="link_value" linkType="ref" target="ww_16c1195bda020eff"/>
    </p0826-teimww:isWrittenBy>
    <p0826-teimww:publishDate knoraType="date_value">GREGORIAN:1633:1633</p0826-teimww:publishDate>
    <p0826-teimww:title knoraType="richtext_value">Elegy 3 - Jealousy</p0826-teimww:title>
  </p0826-teimww:book>
  <p0826-teimww:book id="ww_a978b0806dc8a39c">
    <knoraXmlImport:label>book label</knoraXmlImport:label>
    <p0826-teimww:bookInternalId knoraType="richtext_value">@005652</p0826-teimww:bookInternalId>
    <p0826-teimww:createdDate knoraType="date_value">GREGORIAN:1638:1638</p0826-teimww:createdDate>
    <p0826-teimww:edition knoraType="richtext_value">Foure sermons whereof two, preached at two assizes, this present yeare, 1638. at Maidestone in Kent, the other two, in his own charge. By Robert Abbot [...]. London: Thomas Paine for P. Stephens and C Meredith, 1639.</p0826-teimww:edition>
    <p0826-teimww:hasLanguage knoraType="richtext_value">English</p0826-teimww:hasLanguage>
    <p0826-teimww:isWrittenBy>
      <p0826-teimww:person knoraType="link_value" linkType="ref" target="ww_20abdf6ad9bd61dc"/>
    </p0826-teimww:isWrittenBy>
    <p0826-teimww:publishDate knoraType="date_value">GREGORIAN:1638:1638</p0826-teimww:publishDate>
    <p0826-teimww:title knoraType="richtext_value">Sermon</p0826-teimww:title>
  </p0826-teimww:book>
  <p0826-teimww:book id="ww_cc36a50722b4f55d">
    <knoraXmlImport:label>book label</knoraXmlImport:label>
    <p0826-teimww:bookInternalId knoraType="richtext_value">@002606</p0826-teimww:bookInternalId>
    <p0826-teimww:createdDate knoraType="date_value">GREGORIAN:1638:1638</p0826-teimww:createdDate>
    <p0826-teimww:edition knoraType="richtext_value">The Vnfortvnate Lovers. A Tragedie. The Author William Davenant. London: R. H., 1643.</p0826-teimww:edition>
    <p0826-teimww:hasLanguage knoraType="richtext_value">English</p0826-teimww:hasLanguage>
    <p0826-teimww:isWrittenBy>
      <p0826-teimww:person knoraType="link_value" linkType="ref" target="ww_d8f1d08e1ca080b7"/>
    </p0826-teimww:isWrittenBy>
    <p0826-teimww:publishDate knoraType="date_value">GREGORIAN:1638:1638</p0826-teimww:publishDate>
    <p0826-teimww:title knoraType="richtext_value">The Unfortunate Lovers</p0826-teimww:title>
  </p0826-teimww:book>
  <p0826-teimww:book id="ww_3bf574aaea5a76e8">
    <knoraXmlImport:label>book label</knoraXmlImport:label>
    <p0826-teimww:bookInternalId knoraType="richtext_value">@005638</p0826-teimww:bookInternalId>
    <p0826-teimww:createdDate knoraType="date_value">GREGORIAN:1639:1639</p0826-teimww:createdDate>
    <p0826-teimww:edition knoraType="richtext_value">Paroemiologia Anglo-Latina. In usum scholarum concinnata. Or proverbs English, and Latine, methodically disposed according to the common-place heads, in Erasmus his adages. Very use-full and delightful for all sorts of men, on all occasions. More especially profitable for scholars for the attaining elegancie, sublimitie, and varietie of the best expressions. London: Felix Kyngston for Robert Mylbourne, 1639.</p0826-teimww:edition>
    <p0826-teimww:hasLanguage knoraType="richtext_value">English</p0826-teimww:hasLanguage>
    <p0826-teimww:isWrittenBy>
      <p0826-teimww:person knoraType="link_value" linkType="ref" target="ww_11b6d4be322d75f4"/>
    </p0826-teimww:isWrittenBy>
    <p0826-teimww:publishDate knoraType="date_value">GREGORIAN:1639:1639</p0826-teimww:publishDate>
    <p0826-teimww:title knoraType="richtext_value">Pareomiologia Anglo-Latina</p0826-teimww:title>
  </p0826-teimww:book>
  <p0826-teimww:book id="ww_9d75b3d3235b2834">
    <knoraXmlImport:label>book label</knoraXmlImport:label>
    <p0826-teimww:bookInternalId knoraType="richtext_value">@010100</p0826-teimww:bookInternalId>
    <p0826-teimww:edition knoraType="richtext_value">Farther Particulars regarding Shakespeare and His Works. In A Letter to The Rev. Joseph Hunter, F.S.A. [...] London: Thomas Rodd, 1839.</p0826-teimww:edition>
    <p0826-teimww:isWrittenBy>
      <p0826-teimww:person knoraType="link_value" linkType="ref" target="ww_8e7c5e1273330b8d"/>
    </p0826-teimww:isWrittenBy>
    <p0826-teimww:title knoraType="richtext_value">Farther Particulars regarding Shakespeare</p0826-teimww:title>
  </p0826-teimww:book>
  <p0826-teimww:book id="ww_b21d0ca00a1e7038">
    <knoraXmlImport:label>book label</knoraXmlImport:label>
    <p0826-teimww:bookInternalId knoraType="richtext_value">@002715</p0826-teimww:bookInternalId>
    <p0826-teimww:createdDate knoraType="date_value">GREGORIAN:1639:1639</p0826-teimww:createdDate>
    <p0826-teimww:edition knoraType="richtext_value">The distresses. London: T. N. for Henry Herringman, 1673.</p0826-teimww:edition>
    <p0826-teimww:hasLanguage knoraType="richtext_value">English</p0826-teimww:hasLanguage>
    <p0826-teimww:isWrittenBy>
      <p0826-teimww:person knoraType="link_value" linkType="ref" target="ww_d8f1d08e1ca080b7"/>
    </p0826-teimww:isWrittenBy>
    <p0826-teimww:publishDate knoraType="date_value">GREGORIAN:1639:1639</p0826-teimww:publishDate>
    <p0826-teimww:title knoraType="richtext_value">The Spanish Lovers, or The Distresses</p0826-teimww:title>
  </p0826-teimww:book>
  <p0826-teimww:book id="ww_4248cd9d97d4040f">
    <knoraXmlImport:label>book label</knoraXmlImport:label>
    <p0826-teimww:bookInternalId knoraType="richtext_value">@005157</p0826-teimww:bookInternalId>
    <p0826-teimww:createdDate knoraType="date_value">GREGORIAN:1648:1648</p0826-teimww:createdDate>
    <p0826-teimww:edition knoraType="richtext_value">Wit's Labyrinth. Or, A briefe and compendious abstract of most witty, ingenious, wise, and learned sentences and phrases together with some hundreds of most pithy, facetious and patheticall complementall expressions [...]. London: M. Simmons, 1648.</p0826-teimww:edition>
    <p0826-teimww:hasLanguage knoraType="richtext_value">English</p0826-teimww:hasLanguage>
    <p0826-teimww:isWrittenBy>
      <p0826-teimww:person knoraType="link_value" linkType="ref" target="ww_212c78497ddc32c5"/>
    </p0826-teimww:isWrittenBy>
    <p0826-teimww:isWrittenBy>
      <p0826-teimww:person knoraType="link_value" linkType="ref" target="ww_68dae2dd3ee5eaa3"/>
    </p0826-teimww:isWrittenBy>
    <p0826-teimww:publishDate knoraType="date_value">GREGORIAN:1648:1648</p0826-teimww:publishDate>
    <p0826-teimww:title knoraType="richtext_value">Wits Labyrinth</p0826-teimww:title>
  </p0826-teimww:book>
  <p0826-teimww:book id="ww_e188876d08db8495">
    <knoraXmlImport:label>book label</knoraXmlImport:label>
    <p0826-teimww:bookInternalId knoraType="richtext_value">@005141</p0826-teimww:bookInternalId>
    <p0826-teimww:createdDate knoraType="date_value">GREGORIAN:1649:1649</p0826-teimww:createdDate>
    <p0826-teimww:edition knoraType="richtext_value">Eikon he Piste or The Faithfull Portraiture of a Loyall Subject, 1649.</p0826-teimww:edition>
    <p0826-teimww:hasLanguage knoraType="richtext_value">English</p0826-teimww:hasLanguage>
    <p0826-teimww:isWrittenBy>
      <p0826-teimww:person knoraType="link_value" linkType="ref" target="ww_212c78497ddc32c5"/>
    </p0826-teimww:isWrittenBy>
    <p0826-teimww:publishDate knoraType="date_value">GREGORIAN:1649:1649</p0826-teimww:publishDate>
    <p0826-teimww:title knoraType="richtext_value">Eikon he Piste</p0826-teimww:title>
  </p0826-teimww:book>
  <p0826-teimww:book id="ww_8a7cd7fcff83336a">
    <knoraXmlImport:label>book label</knoraXmlImport:label>
    <p0826-teimww:bookInternalId knoraType="richtext_value">@005009</p0826-teimww:bookInternalId>
    <p0826-teimww:createdDate knoraType="date_value">GREGORIAN:1650:1650</p0826-teimww:createdDate>
    <p0826-teimww:edition knoraType="richtext_value">Herba Parietis. or, The VVall-Flovver: As it grew out of the stone-chamber belonging to the metropolitan prison of London, called Newgate. Being a history vvhich is partly true, partly romantick, morally divine: whereby a marriage between reality and fancy is solemnized by divinity. VVritten by Thomas Bayly, D. D. whilst he was a prisoner there. London: J. G., 1650.</p0826-teimww:edition>
    <p0826-teimww:hasLanguage knoraType="richtext_value">HAS SEVERAL LEXIAS!</p0826-teimww:hasLanguage>
    <p0826-teimww:isWrittenBy>
      <p0826-teimww:person knoraType="link_value" linkType="ref" target="ww_04be28b306578ec5"/>
    </p0826-teimww:isWrittenBy>
    <p0826-teimww:publishDate knoraType="date_value">GREGORIAN:1650:1650</p0826-teimww:publishDate>
    <p0826-teimww:title knoraType="richtext_value">Herba Parietis or The Wallflower</p0826-teimww:title>
  </p0826-teimww:book>
  <p0826-teimww:book id="ww_7e06ddc361922671">
    <knoraXmlImport:label>book label</knoraXmlImport:label>
    <p0826-teimww:bookInternalId knoraType="richtext_value">@005266</p0826-teimww:bookInternalId>
    <p0826-teimww:createdDate knoraType="date_value">GREGORIAN:1650:1650</p0826-teimww:createdDate>
    <p0826-teimww:edition knoraType="richtext_value">The Loves of Amandus and Sophronia, Historically Narrated. A Piece of rare Contexture, Inriched with many pleasing Odes and Sonnets, occasioned by the Jocular, or Tragicall occurrences, hapning in the Progresse of the Historie [...]. London: G. D. for Iohn Hardestie [...], 1650.</p0826-teimww:edition>
    <p0826-teimww:hasLanguage knoraType="richtext_value">English</p0826-teimww:hasLanguage>
    <p0826-teimww:isWrittenBy>
      <p0826-teimww:person knoraType="link_value" linkType="ref" target="ww_787e0c8864df7063"/>
    </p0826-teimww:isWrittenBy>
    <p0826-teimww:publishDate knoraType="date_value">GREGORIAN:1650:1650</p0826-teimww:publishDate>
    <p0826-teimww:title knoraType="richtext_value">Amandus and Sophronia</p0826-teimww:title>
  </p0826-teimww:book>
  <p0826-teimww:book id="ww_f199cfde13151fb2">
    <knoraXmlImport:label>book label</knoraXmlImport:label>
    <p0826-teimww:bookInternalId knoraType="richtext_value">@006028</p0826-teimww:bookInternalId>
    <p0826-teimww:createdDate knoraType="date_value">GREGORIAN:1650:1650</p0826-teimww:createdDate>
    <p0826-teimww:edition knoraType="richtext_value">Virginia. More especially the south part thereof, richly and truly valued: viz. The fertile Carolana, and no lesse excellent isle of Roanoak, of latitude from 31. to 37. degr. relating the meanes of raysing infinite profits to the adventurers and planters. The 2d ed., with addition of the Discovery of silkworms, with their benefit. And implanting of mulberry trees. Also the dressing of vines, for the rich trade of making wines in Virginia. Together with the making of the saw-mill, very usefull in Virginia, for cutting of timber and clapbord to build withall, and its conversion to many as profitable uses. By E. W. Gent. London: T. H. for John Stephenson, 1650.</p0826-teimww:edition>
    <p0826-teimww:hasLanguage knoraType="richtext_value">English</p0826-teimww:hasLanguage>
    <p0826-teimww:isWrittenBy>
      <p0826-teimww:person knoraType="link_value" linkType="ref" target="ww_0c2a410a5981bc2f"/>
    </p0826-teimww:isWrittenBy>
    <p0826-teimww:publishDate knoraType="date_value">GREGORIAN:1650:1650</p0826-teimww:publishDate>
    <p0826-teimww:title knoraType="richtext_value">Virginia</p0826-teimww:title>
  </p0826-teimww:book>
  <p0826-teimww:book id="ww_431a6ab165ad4f22">
    <knoraXmlImport:label>book label</knoraXmlImport:label>
    <p0826-teimww:bookInternalId knoraType="richtext_value">@006029</p0826-teimww:bookInternalId>
    <p0826-teimww:createdDate knoraType="date_value">GREGORIAN:1650:1650</p0826-teimww:createdDate>
    <p0826-teimww:edition knoraType="richtext_value">The Saints' Everlasting Rest. Or, A Treatise on the Blessed State of the Saints in their Enjoyment of God in Heaven. 1650.</p0826-teimww:edition>
    <p0826-teimww:hasLanguage knoraType="richtext_value">English</p0826-teimww:hasLanguage>
    <p0826-teimww:isWrittenBy>
      <p0826-teimww:person knoraType="link_value" linkType="ref" target="ww_233549b5e20bde77"/>
    </p0826-teimww:isWrittenBy>
    <p0826-teimww:publishDate knoraType="date_value">GREGORIAN:1650:1650</p0826-teimww:publishDate>
    <p0826-teimww:title knoraType="richtext_value">The Saints Everlasting Rest</p0826-teimww:title>
  </p0826-teimww:book>
  <p0826-teimww:book id="ww_48416dc87795b969">
    <knoraXmlImport:label>book label</knoraXmlImport:label>
    <p0826-teimww:bookInternalId knoraType="richtext_value">@006030</p0826-teimww:bookInternalId>
    <p0826-teimww:createdDate knoraType="date_value">GREGORIAN:1650:1650</p0826-teimww:createdDate>
    <p0826-teimww:edition knoraType="richtext_value">The Flower of Fidelitie. Displaying In a Continuate Historie, The various Adventures of Three Foraign Princes. London: George Badger et al., 1650.</p0826-teimww:edition>
    <p0826-teimww:hasLanguage knoraType="richtext_value">English</p0826-teimww:hasLanguage>
    <p0826-teimww:isWrittenBy>
      <p0826-teimww:person knoraType="link_value" linkType="ref" target="ww_54e7c8428ba6024c"/>
    </p0826-teimww:isWrittenBy>
    <p0826-teimww:publishDate knoraType="date_value">GREGORIAN:1650:1650</p0826-teimww:publishDate>
    <p0826-teimww:title knoraType="richtext_value">The Flower of Fidelity</p0826-teimww:title>
  </p0826-teimww:book>
  <p0826-teimww:book id="ww_357f61b2476e862d">
    <knoraXmlImport:label>book label</knoraXmlImport:label>
    <p0826-teimww:bookInternalId knoraType="richtext_value">@006031</p0826-teimww:bookInternalId>
    <p0826-teimww:createdDate knoraType="date_value">GREGORIAN:1651:1651</p0826-teimww:createdDate>
    <p0826-teimww:edition knoraType="richtext_value">The English Works of Thomas Hobbes of Malmesbury. Ed. Sir William Molesworth. 11 vols. London: John Bohn, 1841.</p0826-teimww:edition>
    <p0826-teimww:hasLanguage knoraType="richtext_value">English</p0826-teimww:hasLanguage>
    <p0826-teimww:isWrittenBy>
      <p0826-teimww:person knoraType="link_value" linkType="ref" target="ww_7b09cc53f410fd7f"/>
    </p0826-teimww:isWrittenBy>
    <p0826-teimww:publishDate knoraType="date_value">GREGORIAN:1651:1651</p0826-teimww:publishDate>
    <p0826-teimww:title knoraType="richtext_value">Philosophical Rudiments Concerning Government and Society</p0826-teimww:title>
  </p0826-teimww:book>
  <p0826-teimww:book id="ww_187ba0b1cecebca0">
    <knoraXmlImport:label>book label</knoraXmlImport:label>
    <p0826-teimww:bookInternalId knoraType="richtext_value">@005267</p0826-teimww:bookInternalId>
    <p0826-teimww:createdDate knoraType="date_value">GREGORIAN:1652:1652</p0826-teimww:createdDate>
    <p0826-teimww:edition knoraType="richtext_value">Choice Novels, and Amorous Tales Written By the most Refined Wits of Italy. Newly translated into English. London: T. N. for Humphrey Moseley et al., 1652. 156-171.</p0826-teimww:edition>
    <p0826-teimww:hasLanguage knoraType="richtext_value">English</p0826-teimww:hasLanguage>
    <p0826-teimww:isWrittenBy>
      <p0826-teimww:person knoraType="link_value" linkType="ref" target="ww_212c78497ddc32c5"/>
    </p0826-teimww:isWrittenBy>
    <p0826-teimww:publishDate knoraType="date_value">GREGORIAN:1652:1652</p0826-teimww:publishDate>
    <p0826-teimww:title knoraType="richtext_value">Emilio</p0826-teimww:title>
  </p0826-teimww:book>
  <p0826-teimww:book id="ww_a13a1658b3b4e0f2">
    <knoraXmlImport:label>book label</knoraXmlImport:label>
    <p0826-teimww:bookInternalId knoraType="richtext_value">@006032</p0826-teimww:bookInternalId>
    <p0826-teimww:createdDate knoraType="date_value">GREGORIAN:1652:1652</p0826-teimww:createdDate>
    <p0826-teimww:edition knoraType="richtext_value">Select discourses treating 1. Of the true way or method of attaining to divine knowledge. 2. Of superstition. 3. Of atheism. [...] London: J. Flesher for W. Morden, 1660.</p0826-teimww:edition>
    <p0826-teimww:hasLanguage knoraType="richtext_value">English</p0826-teimww:hasLanguage>
    <p0826-teimww:isWrittenBy>
      <p0826-teimww:person knoraType="link_value" linkType="ref" target="ww_ef61a579c907bbed"/>
    </p0826-teimww:isWrittenBy>
    <p0826-teimww:publishDate knoraType="date_value">GREGORIAN:1652:1652</p0826-teimww:publishDate>
    <p0826-teimww:title knoraType="richtext_value">Select Discourses</p0826-teimww:title>
  </p0826-teimww:book>
  <p0826-teimww:book id="ww_b8a53fa148ff9ccd">
    <knoraXmlImport:label>book label</knoraXmlImport:label>
    <p0826-teimww:bookInternalId knoraType="richtext_value">@005158</p0826-teimww:bookInternalId>
    <p0826-teimww:createdDate knoraType="date_value">GREGORIAN:1652:1652</p0826-teimww:createdDate>
    <p0826-teimww:edition knoraType="richtext_value">Precious remedies against Satan's devices or, salve for believers and unbelievers sores being a companion for those that are in Christ or out of Christ, that slight or neglect Ordinances, under a pretence of living above them; that are growing (in Spirituals) or decaying; that are Tempted, or Deserted; Afflicted or opposed; that have Assurance, or that want Assurance, &amp;c. [...]. London: John Hancock, 1705.</p0826-teimww:edition>
    <p0826-teimww:hasLanguage knoraType="richtext_value">English</p0826-teimww:hasLanguage>
    <p0826-teimww:isWrittenBy>
      <p0826-teimww:person knoraType="link_value" linkType="ref" target="ww_0a505738588da233"/>
    </p0826-teimww:isWrittenBy>
    <p0826-teimww:publishDate knoraType="date_value">GREGORIAN:1652:1652</p0826-teimww:publishDate>
    <p0826-teimww:title knoraType="richtext_value">Precious Remedies against Satans Devices</p0826-teimww:title>
  </p0826-teimww:book>
  <p0826-teimww:book id="ww_50252be95e444aa3">
    <knoraXmlImport:label>book label</knoraXmlImport:label>
    <p0826-teimww:bookInternalId knoraType="richtext_value">@006033</p0826-teimww:bookInternalId>
    <p0826-teimww:createdDate knoraType="date_value">GREGORIAN:1653:1653</p0826-teimww:createdDate>
    <p0826-teimww:edition knoraType="richtext_value">The Common-Wealth of Oceana. London: J. Streater, 1656.</p0826-teimww:edition>
    <p0826-teimww:hasLanguage knoraType="richtext_value">English</p0826-teimww:hasLanguage>
    <p0826-teimww:isWrittenBy>
      <p0826-teimww:person knoraType="link_value" linkType="ref" target="ww_45fdb82cc1c57b49"/>
    </p0826-teimww:isWrittenBy>
    <p0826-teimww:publishDate knoraType="date_value">GREGORIAN:1653:1653</p0826-teimww:publishDate>
    <p0826-teimww:title knoraType="richtext_value">The Commonwealth of Oceana</p0826-teimww:title>
  </p0826-teimww:book>
  <p0826-teimww:book id="ww_c137a625e9418655">
    <knoraXmlImport:label>book label</knoraXmlImport:label>
    <p0826-teimww:bookInternalId knoraType="richtext_value">@005455</p0826-teimww:bookInternalId>
    <p0826-teimww:createdDate knoraType="date_value">GREGORIAN:1655:1655</p0826-teimww:createdDate>
    <p0826-teimww:edition knoraType="richtext_value">The English treasury of wit and language. Collected out of the most, and best of our English drammatick poems; methodically digested into common places for generall use. London: Humphrey Moseley, 1655.</p0826-teimww:edition>
    <p0826-teimww:hasLanguage knoraType="richtext_value">HAS SEVERAL LEXIAS!</p0826-teimww:hasLanguage>
    <p0826-teimww:isWrittenBy>
      <p0826-teimww:person knoraType="link_value" linkType="ref" target="ww_f35c2f8694b10626"/>
    </p0826-teimww:isWrittenBy>
    <p0826-teimww:publishDate knoraType="date_value">GREGORIAN:1655:1655</p0826-teimww:publishDate>
    <p0826-teimww:title knoraType="richtext_value">The English Treasury of Wit and Language</p0826-teimww:title>
  </p0826-teimww:book>
  <p0826-teimww:book id="ww_f72b73130bf5144e">
    <knoraXmlImport:label>book label</knoraXmlImport:label>
    <p0826-teimww:bookInternalId knoraType="richtext_value">@005145</p0826-teimww:bookInternalId>
    <p0826-teimww:createdDate knoraType="date_value">GREGORIAN:1655:1655</p0826-teimww:createdDate>
    <p0826-teimww:edition knoraType="richtext_value">Wits interpreter, the English Pernassus. Or, a sure guide to those admirable accomplishments that compleat our English gentry, in the most acceptable qualifications of discourse, or writing [...]. London: N. Brooke, 1655.</p0826-teimww:edition>
    <p0826-teimww:hasLanguage knoraType="richtext_value">English</p0826-teimww:hasLanguage>
    <p0826-teimww:isWrittenBy>
      <p0826-teimww:person knoraType="link_value" linkType="ref" target="ww_f35c2f8694b10626"/>
    </p0826-teimww:isWrittenBy>
    <p0826-teimww:publishDate knoraType="date_value">GREGORIAN:1655:1655</p0826-teimww:publishDate>
    <p0826-teimww:title knoraType="richtext_value">Wits Interpreter, the English Parnassus</p0826-teimww:title>
  </p0826-teimww:book>
  <p0826-teimww:book id="ww_a4d935e148cb86d4">
    <knoraXmlImport:label>book label</knoraXmlImport:label>
    <p0826-teimww:bookInternalId knoraType="richtext_value">@010034</p0826-teimww:bookInternalId>
    <p0826-teimww:edition knoraType="richtext_value">The Appropriation of Shakespeare. Ed. Jean Marsden. New York: Harvester Wheatsheaf, 1991.</p0826-teimww:edition>
    <p0826-teimww:isWrittenBy>
      <p0826-teimww:person knoraType="link_value" linkType="ref" target="ww_aee1340a336646a7"/>
    </p0826-teimww:isWrittenBy>
    <p0826-teimww:title knoraType="richtext_value">Shakespeare in Quotation Marks</p0826-teimww:title>
  </p0826-teimww:book>
  <p0826-teimww:book id="ww_23fbae69b0a161a0">
    <knoraXmlImport:label>book label</knoraXmlImport:label>
    <p0826-teimww:bookInternalId knoraType="richtext_value">@005146</p0826-teimww:bookInternalId>
    <p0826-teimww:createdDate knoraType="date_value">GREGORIAN:1655:1655</p0826-teimww:createdDate>
    <p0826-teimww:edition knoraType="richtext_value">The Lusiad. or, Portugals Historicall Poem: Written In the Portingall Language By Luis de Camoens; And Now newly put into English by Richard Fanshaw. London: Humphrey Mosely, 1655.</p0826-teimww:edition>
    <p0826-teimww:hasLanguage knoraType="richtext_value">English</p0826-teimww:hasLanguage>
    <p0826-teimww:isWrittenBy>
      <p0826-teimww:person knoraType="link_value" linkType="ref" target="ww_49457e542cea105a"/>
    </p0826-teimww:isWrittenBy>
    <p0826-teimww:publishDate knoraType="date_value">GREGORIAN:1655:1655</p0826-teimww:publishDate>
    <p0826-teimww:title knoraType="richtext_value">The Lusiad</p0826-teimww:title>
  </p0826-teimww:book>
  <p0826-teimww:book id="ww_faa12914631ceeed">
    <knoraXmlImport:label>book label</knoraXmlImport:label>
    <p0826-teimww:bookInternalId knoraType="richtext_value">@005679</p0826-teimww:bookInternalId>
    <p0826-teimww:createdDate knoraType="date_value">GREGORIAN:1656:1656</p0826-teimww:createdDate>
    <p0826-teimww:edition knoraType="richtext_value">The Works of Mr. Abraham Cowley. Consisting of Those which were formerly Printed: And Those which he Design'd for the Press, Now Published out of the Authors Original Copies. Ed. A. R. Waller. 2 Vols. Cambridge: Cambridge University Press, 1905.</p0826-teimww:edition>
    <p0826-teimww:hasLanguage knoraType="richtext_value">English</p0826-teimww:hasLanguage>
    <p0826-teimww:isWrittenBy>
      <p0826-teimww:person knoraType="link_value" linkType="ref" target="ww_e491214ca0e29ca0"/>
    </p0826-teimww:isWrittenBy>
    <p0826-teimww:publishDate knoraType="date_value">GREGORIAN:1656:1656</p0826-teimww:publishDate>
    <p0826-teimww:title knoraType="richtext_value">Life</p0826-teimww:title>
  </p0826-teimww:book>
  <p0826-teimww:book id="ww_7a83ff41ea7ade4f">
    <knoraXmlImport:label>book label</knoraXmlImport:label>
    <p0826-teimww:bookInternalId knoraType="richtext_value">@006034</p0826-teimww:bookInternalId>
    <p0826-teimww:createdDate knoraType="date_value">GREGORIAN:1656:1656</p0826-teimww:createdDate>
    <p0826-teimww:edition knoraType="richtext_value">Davideis. A Sacred Poem of the Troubles of David. London. 1656.</p0826-teimww:edition>
    <p0826-teimww:hasLanguage knoraType="richtext_value">English</p0826-teimww:hasLanguage>
    <p0826-teimww:isWrittenBy>
      <p0826-teimww:person knoraType="link_value" linkType="ref" target="ww_e491214ca0e29ca0"/>
    </p0826-teimww:isWrittenBy>
    <p0826-teimww:publishDate knoraType="date_value">GREGORIAN:1656:1656</p0826-teimww:publishDate>
    <p0826-teimww:title knoraType="richtext_value">Davideis</p0826-teimww:title>
  </p0826-teimww:book>
  <p0826-teimww:book id="ww_322f738c006a31d2">
    <knoraXmlImport:label>book label</knoraXmlImport:label>
    <p0826-teimww:bookInternalId knoraType="richtext_value">@006036</p0826-teimww:bookInternalId>
    <p0826-teimww:createdDate knoraType="date_value">GREGORIAN:1657:1657</p0826-teimww:createdDate>
    <p0826-teimww:edition knoraType="richtext_value">Poems, Elegies, Paradoxes, and Sonnets. London: J.G. for Richard Marriot and Henry Herringman, 1657.</p0826-teimww:edition>
    <p0826-teimww:hasLanguage knoraType="richtext_value">English</p0826-teimww:hasLanguage>
    <p0826-teimww:isWrittenBy>
      <p0826-teimww:person knoraType="link_value" linkType="ref" target="ww_2eb1934555aef857"/>
    </p0826-teimww:isWrittenBy>
    <p0826-teimww:publishDate knoraType="date_value">GREGORIAN:1657:1657</p0826-teimww:publishDate>
    <p0826-teimww:title knoraType="richtext_value">To My Sister Ann King, Who Chid Me in Verse for Being Angry</p0826-teimww:title>
  </p0826-teimww:book>
  <p0826-teimww:book id="ww_a712f959230131ce">
    <knoraXmlImport:label>book label</knoraXmlImport:label>
    <p0826-teimww:bookInternalId knoraType="richtext_value">@010122</p0826-teimww:bookInternalId>
    <p0826-teimww:edition knoraType="richtext_value">Modern Language Notes 33:4 (April 1918): 204-208. </p0826-teimww:edition>
    <p0826-teimww:isWrittenBy>
      <p0826-teimww:person knoraType="link_value" linkType="ref" target="ww_90dfde11c66bf938"/>
    </p0826-teimww:isWrittenBy>
    <p0826-teimww:title knoraType="richtext_value">Some Further Shakspere Allusions or Parallels</p0826-teimww:title>
  </p0826-teimww:book>
  <p0826-teimww:book id="ww_c42b80eb2111c736">
    <knoraXmlImport:label>book label</knoraXmlImport:label>
    <p0826-teimww:bookInternalId knoraType="richtext_value">@005159</p0826-teimww:bookInternalId>
    <p0826-teimww:createdDate knoraType="date_value">GREGORIAN:1657:1657</p0826-teimww:createdDate>
    <p0826-teimww:edition knoraType="richtext_value">Mysterium &amp; medulla bibliorum. The mysterie and marrow of the Bible: viz. God's covenants with man, in the first Adam, before the fall: and in the last Adam Jesus Christ, after the fall; from the beginning to the end of the world; unfolded &amp; illustrated in positive aphorisms &amp; their explanations. London: George Calvert, 1657.</p0826-teimww:edition>
    <p0826-teimww:hasLanguage knoraType="richtext_value">English</p0826-teimww:hasLanguage>
    <p0826-teimww:isWrittenBy>
      <p0826-teimww:person knoraType="link_value" linkType="ref" target="ww_2d0e467265941c0c"/>
    </p0826-teimww:isWrittenBy>
    <p0826-teimww:publishDate knoraType="date_value">GREGORIAN:1657:1657</p0826-teimww:publishDate>
    <p0826-teimww:title knoraType="richtext_value">The Mystery and Marrow of the Bible </p0826-teimww:title>
  </p0826-teimww:book>
  <p0826-teimww:book id="ww_e84d1c1d6154142c">
    <knoraXmlImport:label>book label</knoraXmlImport:label>
    <p0826-teimww:bookInternalId knoraType="richtext_value">@005160</p0826-teimww:bookInternalId>
    <p0826-teimww:createdDate knoraType="date_value">GREGORIAN:1658:1658</p0826-teimww:createdDate>
    <p0826-teimww:edition knoraType="richtext_value">The silent soul. With soveraign [sic] antidotes against the most miserable exigents: or, A Christian with an olive leaf in his mouth, when he is under the greatest afflictions, the sharpest and sorest trials and troubles, the saddest and darkest providences and changes, with answers to divers questions and objections that are of greatest importance; all tending to win and work souls to be still, quiet, calm, and silent under all changes that have, or may pass upon them in this world [...]. Boston: Nicholas Boone, 1728.</p0826-teimww:edition>
    <p0826-teimww:hasLanguage knoraType="richtext_value">English</p0826-teimww:hasLanguage>
    <p0826-teimww:isWrittenBy>
      <p0826-teimww:person knoraType="link_value" linkType="ref" target="ww_0a505738588da233"/>
    </p0826-teimww:isWrittenBy>
    <p0826-teimww:publishDate knoraType="date_value">GREGORIAN:1658:1658</p0826-teimww:publishDate>
    <p0826-teimww:title knoraType="richtext_value">The Silent Soul</p0826-teimww:title>
  </p0826-teimww:book>
  <p0826-teimww:book id="ww_f206840240092837">
    <knoraXmlImport:label>book label</knoraXmlImport:label>
    <p0826-teimww:bookInternalId knoraType="richtext_value">@006037</p0826-teimww:bookInternalId>
    <p0826-teimww:createdDate knoraType="date_value">GREGORIAN:1658:1658</p0826-teimww:createdDate>
    <p0826-teimww:edition knoraType="richtext_value">A Few Sighs from Hell.</p0826-teimww:edition>
    <p0826-teimww:hasLanguage knoraType="richtext_value">English</p0826-teimww:hasLanguage>
    <p0826-teimww:isWrittenBy>
      <p0826-teimww:person knoraType="link_value" linkType="ref" target="ww_89212d9cbea3d1a7"/>
    </p0826-teimww:isWrittenBy>
    <p0826-teimww:publishDate knoraType="date_value">GREGORIAN:1658:1658</p0826-teimww:publishDate>
    <p0826-teimww:title knoraType="richtext_value">A Few Sighs From Hell</p0826-teimww:title>
  </p0826-teimww:book>
  <p0826-teimww:book id="ww_fcbf4ca569f9c213">
    <knoraXmlImport:label>book label</knoraXmlImport:label>
    <p0826-teimww:bookInternalId knoraType="richtext_value">@005148</p0826-teimww:bookInternalId>
    <p0826-teimww:createdDate knoraType="date_value">GREGORIAN:1658:1667</p0826-teimww:createdDate>
    <p0826-teimww:edition knoraType="richtext_value">Paradise Lost. The Poetical Works of John Milton. Ed. Helen Darbishire. 2 vols. Oxford: Clarendon Press, 1952.</p0826-teimww:edition>
    <p0826-teimww:hasLanguage knoraType="richtext_value">English</p0826-teimww:hasLanguage>
    <p0826-teimww:isWrittenBy>
      <p0826-teimww:person knoraType="link_value" linkType="ref" target="ww_4972531db9405dfc"/>
    </p0826-teimww:isWrittenBy>
    <p0826-teimww:publishDate knoraType="date_value">GREGORIAN:1658:1667</p0826-teimww:publishDate>
    <p0826-teimww:title knoraType="richtext_value">Paradise Lost</p0826-teimww:title>
  </p0826-teimww:book>
  <p0826-teimww:book id="ww_97132fccae612c76">
    <knoraXmlImport:label>book label</knoraXmlImport:label>
    <p0826-teimww:bookInternalId knoraType="richtext_value">@005161</p0826-teimww:bookInternalId>
    <p0826-teimww:createdDate knoraType="date_value">GREGORIAN:1658:1658</p0826-teimww:createdDate>
    <p0826-teimww:edition knoraType="richtext_value">Wit Restor'd. In severall Select Poems not formerly publish't. London. 1658.</p0826-teimww:edition>
    <p0826-teimww:hasLanguage knoraType="richtext_value">English</p0826-teimww:hasLanguage>
    <p0826-teimww:isWrittenBy>
      <p0826-teimww:person knoraType="link_value" linkType="ref" target="ww_212c78497ddc32c5"/>
    </p0826-teimww:isWrittenBy>
    <p0826-teimww:publishDate knoraType="date_value">GREGORIAN:1658:1658</p0826-teimww:publishDate>
    <p0826-teimww:title knoraType="richtext_value">Wit Restored in Several Select Poems</p0826-teimww:title>
  </p0826-teimww:book>
  <p0826-teimww:book id="ww_de8b536374e2d437">
    <knoraXmlImport:label>book label</knoraXmlImport:label>
    <p0826-teimww:bookInternalId knoraType="richtext_value">@006038</p0826-teimww:bookInternalId>
    <p0826-teimww:createdDate knoraType="date_value">GREGORIAN:1659:1659</p0826-teimww:createdDate>
    <p0826-teimww:edition knoraType="richtext_value">Pharonnida. A Tragi-comicall Poem. London: Robert Clavell, 1659.</p0826-teimww:edition>
    <p0826-teimww:hasLanguage knoraType="richtext_value">English</p0826-teimww:hasLanguage>
    <p0826-teimww:isWrittenBy>
      <p0826-teimww:person knoraType="link_value" linkType="ref" target="ww_21ac77136c4b7f18"/>
    </p0826-teimww:isWrittenBy>
    <p0826-teimww:publishDate knoraType="date_value">GREGORIAN:1659:1659</p0826-teimww:publishDate>
    <p0826-teimww:title knoraType="richtext_value">Pharonnida</p0826-teimww:title>
  </p0826-teimww:book>
  <p0826-teimww:book id="ww_cf3570b2708cc102">
    <knoraXmlImport:label>book label</knoraXmlImport:label>
    <p0826-teimww:bookInternalId knoraType="richtext_value">@006039</p0826-teimww:bookInternalId>
    <p0826-teimww:createdDate knoraType="date_value">GREGORIAN:1659:1659</p0826-teimww:createdDate>
    <p0826-teimww:edition knoraType="richtext_value">5 [normalised spelling].</p0826-teimww:edition>
    <p0826-teimww:hasLanguage knoraType="richtext_value">English</p0826-teimww:hasLanguage>
    <p0826-teimww:isWrittenBy>
      <p0826-teimww:person knoraType="link_value" linkType="ref" target="ww_ecc7850e1819f101"/>
    </p0826-teimww:isWrittenBy>
    <p0826-teimww:publishDate knoraType="date_value">GREGORIAN:1659:1659</p0826-teimww:publishDate>
    <p0826-teimww:title knoraType="richtext_value">The Lord Henry Cromwells Speech in the House</p0826-teimww:title>
  </p0826-teimww:book>
  <p0826-teimww:book id="ww_9f935384b4d905d4">
    <knoraXmlImport:label>book label</knoraXmlImport:label>
    <p0826-teimww:bookInternalId knoraType="richtext_value">@006042</p0826-teimww:bookInternalId>
    <p0826-teimww:createdDate knoraType="date_value">GREGORIAN:1662:1662</p0826-teimww:createdDate>
    <p0826-teimww:edition knoraType="richtext_value">The wits. Or, sport upon Sport in Select Pieces of Drollery. Digested into Scenes by way of dialogue. Together with Variety of Humors of several Nations, fitted for the pleasure and content of all persons, either in Court, City of Camp. The like never before Published. London: Henry Marsh, 1662.</p0826-teimww:edition>
    <p0826-teimww:hasLanguage knoraType="richtext_value">English</p0826-teimww:hasLanguage>
    <p0826-teimww:isWrittenBy>
      <p0826-teimww:person knoraType="link_value" linkType="ref" target="ww_212c78497ddc32c5"/>
    </p0826-teimww:isWrittenBy>
    <p0826-teimww:publishDate knoraType="date_value">GREGORIAN:1662:1662</p0826-teimww:publishDate>
    <p0826-teimww:title knoraType="richtext_value">The Wits</p0826-teimww:title>
  </p0826-teimww:book>
  <p0826-teimww:book id="ww_8cdaec1672ea3f81">
    <knoraXmlImport:label>book label</knoraXmlImport:label>
    <p0826-teimww:bookInternalId knoraType="richtext_value">@007504</p0826-teimww:bookInternalId>
    <p0826-teimww:edition knoraType="richtext_value">The Making of the National Poet: Shakespeare, Adaptation and Authorship. Oxford: Clarendon Press, 1992.</p0826-teimww:edition>
    <p0826-teimww:isWrittenBy>
      <p0826-teimww:person knoraType="link_value" linkType="ref" target="ww_9cb12dabd79aaa48"/>
    </p0826-teimww:isWrittenBy>
    <p0826-teimww:title knoraType="richtext_value">The Making of the National Poet</p0826-teimww:title>
  </p0826-teimww:book>
  <p0826-teimww:book id="ww_42b80558396b524c">
    <knoraXmlImport:label>book label</knoraXmlImport:label>
    <p0826-teimww:bookInternalId knoraType="richtext_value">@005237</p0826-teimww:bookInternalId>
    <p0826-teimww:createdDate knoraType="date_value">GREGORIAN:1662:1662</p0826-teimww:createdDate>
    <p0826-teimww:edition knoraType="richtext_value">Flamma Sine Fumo. 1662.</p0826-teimww:edition>
    <p0826-teimww:hasLanguage knoraType="richtext_value">English</p0826-teimww:hasLanguage>
    <p0826-teimww:isWrittenBy>
      <p0826-teimww:person knoraType="link_value" linkType="ref" target="ww_cec49ffd7da55dfe"/>
    </p0826-teimww:isWrittenBy>
    <p0826-teimww:publishDate knoraType="date_value">GREGORIAN:1662:1662</p0826-teimww:publishDate>
    <p0826-teimww:title knoraType="richtext_value">Upon the return of our most illustrious King Charles the second from Flanders to England</p0826-teimww:title>
  </p0826-teimww:book>
  <p0826-teimww:book id="ww_0a21b881126b70a2">
    <knoraXmlImport:label>book label</knoraXmlImport:label>
    <p0826-teimww:bookInternalId knoraType="richtext_value">@006043</p0826-teimww:bookInternalId>
    <p0826-teimww:createdDate knoraType="date_value">GREGORIAN:1664:1664</p0826-teimww:createdDate>
    <p0826-teimww:edition knoraType="richtext_value">Poems, Lyrique, Macaronique, Heroique etc. London. 1664.</p0826-teimww:edition>
    <p0826-teimww:hasLanguage knoraType="richtext_value">English</p0826-teimww:hasLanguage>
    <p0826-teimww:isWrittenBy>
      <p0826-teimww:person knoraType="link_value" linkType="ref" target="ww_32dca9fbc0b73e7d"/>
    </p0826-teimww:isWrittenBy>
    <p0826-teimww:publishDate knoraType="date_value">GREGORIAN:1664:1664</p0826-teimww:publishDate>
    <p0826-teimww:title knoraType="richtext_value">Poem</p0826-teimww:title>
  </p0826-teimww:book>
  <p0826-teimww:book id="ww_53feab5ba0c6e832">
    <knoraXmlImport:label>book label</knoraXmlImport:label>
    <p0826-teimww:bookInternalId knoraType="richtext_value">@006044</p0826-teimww:bookInternalId>
    <p0826-teimww:createdDate knoraType="date_value">GREGORIAN:1665:1665</p0826-teimww:createdDate>
    <p0826-teimww:edition knoraType="richtext_value">The Diary of Samuel Pepys. Gen. eds. Robert Latham and William Matthews. 11 vols. London: G. Bell and Sons Ltd, 1972. Vol. 6, 191-192.</p0826-teimww:edition>
    <p0826-teimww:hasLanguage knoraType="richtext_value">English</p0826-teimww:hasLanguage>
    <p0826-teimww:isWrittenBy>
      <p0826-teimww:person knoraType="link_value" linkType="ref" target="ww_b0e8b25ec4a58d96"/>
    </p0826-teimww:isWrittenBy>
    <p0826-teimww:publishDate knoraType="date_value">GREGORIAN:1665:1665</p0826-teimww:publishDate>
    <p0826-teimww:title knoraType="richtext_value">Diary (Pepys)</p0826-teimww:title>
  </p0826-teimww:book>
  <p0826-teimww:book id="ww_ec27b2270cfe4c10">
    <knoraXmlImport:label>book label</knoraXmlImport:label>
    <p0826-teimww:bookInternalId knoraType="richtext_value">@010114</p0826-teimww:bookInternalId>
    <p0826-teimww:edition knoraType="richtext_value">After Shakespeare: An Anthology. Oxford: Oxford University Press, 2002.</p0826-teimww:edition>
    <p0826-teimww:isWrittenBy>
      <p0826-teimww:person knoraType="link_value" linkType="ref" target="ww_074785f50aa8a606"/>
    </p0826-teimww:isWrittenBy>
    <p0826-teimww:title knoraType="richtext_value">After Shakespeare</p0826-teimww:title>
  </p0826-teimww:book>
  <p0826-teimww:book id="ww_e5c5130f309e279d">
    <knoraXmlImport:label>book label</knoraXmlImport:label>
    <p0826-teimww:bookInternalId knoraType="richtext_value">@005264</p0826-teimww:bookInternalId>
    <p0826-teimww:edition knoraType="richtext_value">eds. The Diary of Samuel Pepys. 11 vols. London: G. Bell and Sons, 1970-1983.</p0826-teimww:edition>
    <p0826-teimww:isWrittenBy>
      <p0826-teimww:person knoraType="link_value" linkType="ref" target="ww_993c302bdd89aa39"/>
    </p0826-teimww:isWrittenBy>
    <p0826-teimww:isWrittenBy>
      <p0826-teimww:person knoraType="link_value" linkType="ref" target="ww_7eeba8f5c3297504"/>
    </p0826-teimww:isWrittenBy>
    <p0826-teimww:title knoraType="richtext_value">Diary of Samuel Pepys (Latham edition)</p0826-teimww:title>
  </p0826-teimww:book>
  <p0826-teimww:book id="ww_db2d9b4ec38dee80">
    <knoraXmlImport:label>book label</knoraXmlImport:label>
    <p0826-teimww:bookInternalId knoraType="richtext_value">@005239</p0826-teimww:bookInternalId>
    <p0826-teimww:createdDate knoraType="date_value">GREGORIAN:1665:1665</p0826-teimww:createdDate>
    <p0826-teimww:edition knoraType="richtext_value">The English Rogue. Part 1. 1665.</p0826-teimww:edition>
    <p0826-teimww:hasLanguage knoraType="richtext_value">English</p0826-teimww:hasLanguage>
    <p0826-teimww:isWrittenBy>
      <p0826-teimww:person knoraType="link_value" linkType="ref" target="ww_27b9fb1569806ab3"/>
    </p0826-teimww:isWrittenBy>
    <p0826-teimww:publishDate knoraType="date_value">GREGORIAN:1665:1665</p0826-teimww:publishDate>
    <p0826-teimww:title knoraType="richtext_value">The English Rogue</p0826-teimww:title>
  </p0826-teimww:book>
  <p0826-teimww:book id="ww_c8ba21232e68b85f">
    <knoraXmlImport:label>book label</knoraXmlImport:label>
    <p0826-teimww:bookInternalId knoraType="richtext_value">@010039</p0826-teimww:bookInternalId>
    <p0826-teimww:edition knoraType="richtext_value">ed. Paradise Regained, a Poem by John Milton. With Notes of Various Authors. London: George Stafford, 1800.</p0826-teimww:edition>
    <p0826-teimww:isWrittenBy>
      <p0826-teimww:person knoraType="link_value" linkType="ref" target="ww_8e781f3f3e6e8547"/>
    </p0826-teimww:isWrittenBy>
    <p0826-teimww:title knoraType="richtext_value">Paradise Regained (Dunster edition)</p0826-teimww:title>
  </p0826-teimww:book>
  <p0826-teimww:book id="ww_a5f16976f0185875">
    <knoraXmlImport:label>book label</knoraXmlImport:label>
    <p0826-teimww:bookInternalId knoraType="richtext_value">@010128</p0826-teimww:bookInternalId>
    <p0826-teimww:edition knoraType="richtext_value">ed. Paradise Lost: A Poem in Twelve Books. A New Edition with Notes of Various Authors. 2 vols. London: J. and R. Tonson et al., 1749.</p0826-teimww:edition>
    <p0826-teimww:isWrittenBy>
      <p0826-teimww:person knoraType="link_value" linkType="ref" target="ww_7c90b8120b51d6f1"/>
    </p0826-teimww:isWrittenBy>
    <p0826-teimww:title knoraType="richtext_value">Paradise Lost (Newton edition)</p0826-teimww:title>
  </p0826-teimww:book>
  <p0826-teimww:book id="ww_783438423dcf8af6">
    <knoraXmlImport:label>book label</knoraXmlImport:label>
    <p0826-teimww:bookInternalId knoraType="richtext_value">@005240</p0826-teimww:bookInternalId>
    <p0826-teimww:createdDate knoraType="date_value">GREGORIAN:1671:1671</p0826-teimww:createdDate>
    <p0826-teimww:edition knoraType="richtext_value">The Poetical Works of John Milton. Ed. Helen Darbishire. 2 vols. Oxford: Clarendon Press, 1955. Vol. 2, 1-57.</p0826-teimww:edition>
    <p0826-teimww:hasLanguage knoraType="richtext_value">English</p0826-teimww:hasLanguage>
    <p0826-teimww:isWrittenBy>
      <p0826-teimww:person knoraType="link_value" linkType="ref" target="ww_4972531db9405dfc"/>
    </p0826-teimww:isWrittenBy>
    <p0826-teimww:publishDate knoraType="date_value">GREGORIAN:1671:1671</p0826-teimww:publishDate>
    <p0826-teimww:title knoraType="richtext_value">Paradise Regain'd</p0826-teimww:title>
  </p0826-teimww:book>
  <p0826-teimww:book id="ww_8070f7d819e7ec2c">
    <knoraXmlImport:label>book label</knoraXmlImport:label>
    <p0826-teimww:bookInternalId knoraType="richtext_value">@005241</p0826-teimww:bookInternalId>
    <p0826-teimww:createdDate knoraType="date_value">GREGORIAN:1671:1671</p0826-teimww:createdDate>
    <p0826-teimww:edition knoraType="richtext_value">A Dramatic Poem." The Poetical Works of John Milton. Ed. Helen Darbishire. 2 vols. Oxford: Clarendon Press, 1955. Vol. 2, 59-109.</p0826-teimww:edition>
    <p0826-teimww:hasLanguage knoraType="richtext_value">English</p0826-teimww:hasLanguage>
    <p0826-teimww:isWrittenBy>
      <p0826-teimww:person knoraType="link_value" linkType="ref" target="ww_4972531db9405dfc"/>
    </p0826-teimww:isWrittenBy>
    <p0826-teimww:publishDate knoraType="date_value">GREGORIAN:1671:1671</p0826-teimww:publishDate>
    <p0826-teimww:title knoraType="richtext_value">Samson Agonistes</p0826-teimww:title>
  </p0826-teimww:book>
  <p0826-teimww:book id="ww_afbbb2ab73283de3">
    <knoraXmlImport:label>book label</knoraXmlImport:label>
    <p0826-teimww:bookInternalId knoraType="richtext_value">@005702</p0826-teimww:bookInternalId>
    <p0826-teimww:createdDate knoraType="date_value">GREGORIAN:1671:1671</p0826-teimww:createdDate>
    <p0826-teimww:edition knoraType="richtext_value">The New Academy of Compliments. 1671.</p0826-teimww:edition>
    <p0826-teimww:hasLanguage knoraType="richtext_value">English</p0826-teimww:hasLanguage>
    <p0826-teimww:isWrittenBy>
      <p0826-teimww:person knoraType="link_value" linkType="ref" target="ww_212c78497ddc32c5"/>
    </p0826-teimww:isWrittenBy>
    <p0826-teimww:publishDate knoraType="date_value">GREGORIAN:1671:1671</p0826-teimww:publishDate>
    <p0826-teimww:title knoraType="richtext_value">The New Academy of Compliments</p0826-teimww:title>
  </p0826-teimww:book>
  <p0826-teimww:book id="ww_aac277609a23776a">
    <knoraXmlImport:label>book label</knoraXmlImport:label>
    <p0826-teimww:bookInternalId knoraType="richtext_value">@006060</p0826-teimww:bookInternalId>
    <p0826-teimww:createdDate knoraType="date_value">GREGORIAN:1683:1683</p0826-teimww:createdDate>
    <p0826-teimww:edition knoraType="richtext_value">An Idea of Happiness. In a Letter to a Friend: Enquiring Wherein the Greatest Happiness attainable by Man in this Life does consists. London: N.p., 1683.</p0826-teimww:edition>
    <p0826-teimww:hasLanguage knoraType="richtext_value">English</p0826-teimww:hasLanguage>
    <p0826-teimww:isWrittenBy>
      <p0826-teimww:person knoraType="link_value" linkType="ref" target="ww_9cebe1a656ceaee9"/>
    </p0826-teimww:isWrittenBy>
    <p0826-teimww:publishDate knoraType="date_value">GREGORIAN:1683:1683</p0826-teimww:publishDate>
    <p0826-teimww:title knoraType="richtext_value">An Idea of Happiness</p0826-teimww:title>
  </p0826-teimww:book>
  <p0826-teimww:book id="ww_a748dfac62273e2a">
    <knoraXmlImport:label>book label</knoraXmlImport:label>
    <p0826-teimww:bookInternalId knoraType="richtext_value">@006067</p0826-teimww:bookInternalId>
    <p0826-teimww:createdDate knoraType="date_value">GREGORIAN:1688:1688</p0826-teimww:createdDate>
    <p0826-teimww:edition knoraType="richtext_value">ODE by Mrs. B." Lycidus: or the Lover in Fashion. Being an Account from Lycidus to Lysander, Of his Voyage from the island of love. From the French. By the same author Of the Voyage to the Isle of love. Together with a miscellany of New Poems. By Several Hands. London: Joseph Knight, and Francis Saunders Publication 1688.</p0826-teimww:edition>
    <p0826-teimww:hasLanguage knoraType="richtext_value">English</p0826-teimww:hasLanguage>
    <p0826-teimww:isWrittenBy>
      <p0826-teimww:person knoraType="link_value" linkType="ref" target="ww_1013ee760af86e0f"/>
    </p0826-teimww:isWrittenBy>
    <p0826-teimww:publishDate knoraType="date_value">GREGORIAN:1688:1688</p0826-teimww:publishDate>
    <p0826-teimww:title knoraType="richtext_value">To Alexis in Answer to his Poem against Fruition</p0826-teimww:title>
  </p0826-teimww:book>
  <p0826-teimww:book id="ww_e9a54aab3c4c1154">
    <knoraXmlImport:label>book label</knoraXmlImport:label>
    <p0826-teimww:bookInternalId knoraType="richtext_value">@010169</p0826-teimww:bookInternalId>
    <p0826-teimww:edition knoraType="richtext_value">Notes and Queries (2007): 320-321.</p0826-teimww:edition>
    <p0826-teimww:isWrittenBy>
      <p0826-teimww:person knoraType="link_value" linkType="ref" target="ww_20caee65dfff9798"/>
    </p0826-teimww:isWrittenBy>
    <p0826-teimww:title knoraType="richtext_value">Francis Beaumont's Allusions to Shakespeare in The Woman Hater</p0826-teimww:title>
  </p0826-teimww:book>
  <p0826-teimww:passage id="ww_fd5798728d3ecc30">
    <knoraXmlImport:label>passage label</knoraXmlImport:label>
    <p0826-teimww:occursIn>
      <p0826-teimww:book knoraType="link_value" linkType="ref" target="ww_05a629a7b774cea6"/>
    </p0826-teimww:occursIn>
    <p0826-teimww:text knoraType="richtext_value">Have you not heard these many years ago&lt;br&gt;
Jephthah was judge of Israel?&lt;br&gt;
&lt;span class="quote"&gt;He had one only daughter and no more,&lt;br&gt;
The which he loved passing well;&lt;br&gt;
And as by lot,&lt;br&gt;
God wot,&lt;br&gt;
It so came to pass,&lt;br&gt;&lt;/span&gt;
As God’s will was. </p0826-teimww:text>
  </p0826-teimww:passage>
  <p0826-teimww:passage id="ww_da1f5e1906368639">
    <knoraXmlImport:label>passage label</knoraXmlImport:label>
    <p0826-teimww:occursIn>
      <p0826-teimww:book knoraType="link_value" linkType="ref" target="ww_afbf7a5ea45be9ae"/>
    </p0826-teimww:occursIn>
  </p0826-teimww:passage>
  <p0826-teimww:passage id="ww_6ae41adfb10809c1">
    <knoraXmlImport:label>passage label</knoraXmlImport:label>
    <p0826-teimww:occursIn>
      <p0826-teimww:book knoraType="link_value" linkType="ref" target="ww_2b4823c56c35d79a"/>
    </p0826-teimww:occursIn>
    <p0826-teimww:text knoraType="richtext_value">[Cain kills Abel with a] &lt;span class="quote"&gt;cheekbone &lt;/span&gt;[...].</p0826-teimww:text>
  </p0826-teimww:passage>
  <p0826-teimww:passage id="ww_b5bd94daa05f56a0">
    <knoraXmlImport:label>passage label</knoraXmlImport:label>
    <p0826-teimww:occursIn>
      <p0826-teimww:book knoraType="link_value" linkType="ref" target="ww_0b28ed19a0540e1d"/>
    </p0826-teimww:occursIn>
  </p0826-teimww:passage>
  <p0826-teimww:passage id="ww_c4730c33815c2d91">
    <knoraXmlImport:label>passage label</knoraXmlImport:label>
    <p0826-teimww:occursIn>
      <p0826-teimww:book knoraType="link_value" linkType="ref" target="ww_8978dcdc508955b8"/>
    </p0826-teimww:occursIn>
    <p0826-teimww:text knoraType="richtext_value">Also furthermore, who the understanding of prescience properly considereth through the same wise that anything be before wist, is said for to be coming it is pronounced there is nothing to fore wyst, but things coming, forewetinge is but of truth dpubt may not be wist, wherefore when I say the god to forewot anything, thorough necessity is that thing to be coming, al is one if I say if it shall be: but this necessity neither constraineth ne defendeth anything &lt;span class="quote"&gt;to be or not to be &lt;/span&gt;Therefore soothly if love is put to be, it is said of necessity to be, or else for it is put not to be it is affirmed not to be of necessity: not for the necessity coonstraineth or defendeth love to be or not to be [...].&lt;br&gt;

[Chapter 8] Than if witting &amp; before witting of God putteth in necessity to all things which he wot or before wot ne thing after eternity, or else after any time he will or doth of liberty but all of necessity, which thing if thou wene it be against reason not through necessity &lt;span class="quote"&gt;to be or not to be&lt;/span&gt;, all things that God wot or before wot, &lt;span class="quote"&gt;to be or not to be, &lt;/span&gt;&amp; yet nothyng defendeth anything to be wist or to be before wist of him in our wills or our doings to be done, or else coming to be for free arbitrement. </p0826-teimww:text>
  </p0826-teimww:passage>
  <p0826-teimww:passage id="ww_37a48db582221bb2">
    <knoraXmlImport:label>passage label</knoraXmlImport:label>
    <p0826-teimww:occursIn>
      <p0826-teimww:book knoraType="link_value" linkType="ref" target="ww_ca15500e7036f16e"/>
    </p0826-teimww:occursIn>
  </p0826-teimww:passage>
  <p0826-teimww:passage id="ww_ce5111a4ec957506">
    <knoraXmlImport:label>passage label</knoraXmlImport:label>
    <p0826-teimww:occursIn>
      <p0826-teimww:book knoraType="link_value" linkType="ref" target="ww_91e0dc4c671938fa"/>
    </p0826-teimww:occursIn>
  </p0826-teimww:passage>
  <p0826-teimww:passage id="ww_393953b78d382f37">
    <knoraXmlImport:label>passage label</knoraXmlImport:label>
    <p0826-teimww:occursIn>
      <p0826-teimww:book knoraType="link_value" linkType="ref" target="ww_32438a1cef3a2781"/>
    </p0826-teimww:occursIn>
    <p0826-teimww:text knoraType="richtext_value">But yet never Christian Britons so exiled &lt;br&gt;
That there near some that in their privacy &lt;br&gt;
Honoured Christ and heathen folk beguiled&lt;br&gt;
And near the castel such there dwelt three. &lt;br&gt;
That one of hem was blinde and might not see, &lt;br&gt;
But it were &lt;span class="quote"&gt;with the eye of their mind&lt;/span&gt; &lt;br&gt;
With which men see, after that they [have] been blind.</p0826-teimww:text>
  </p0826-teimww:passage>
  <p0826-teimww:passage id="ww_97ecae938d56a542">
    <knoraXmlImport:label>passage label</knoraXmlImport:label>
    <p0826-teimww:occursIn>
      <p0826-teimww:book knoraType="link_value" linkType="ref" target="ww_f0b8d4220bfdd308"/>
    </p0826-teimww:occursIn>
  </p0826-teimww:passage>
  <p0826-teimww:passage id="ww_3577a26bea81ff44">
    <knoraXmlImport:label>passage label</knoraXmlImport:label>
    <p0826-teimww:occursIn>
      <p0826-teimww:book knoraType="link_value" linkType="ref" target="ww_b901ceb315466c3f"/>
    </p0826-teimww:occursIn>
    <p0826-teimww:text knoraType="richtext_value">For it is ordained that man by his speech should show things &lt;span class="quote"&gt;to be or not to be &lt;/span&gt;as he feeleth and thinketh in his heart [...].</p0826-teimww:text>
  </p0826-teimww:passage>
  <p0826-teimww:passage id="ww_eb9bda5dd2daff9d">
    <knoraXmlImport:label>passage label</knoraXmlImport:label>
    <p0826-teimww:occursIn>
      <p0826-teimww:book knoraType="link_value" linkType="ref" target="ww_fb9509be352bd917"/>
    </p0826-teimww:occursIn>
  </p0826-teimww:passage>
  <p0826-teimww:passage id="ww_63c5ba4db92c66f2">
    <knoraXmlImport:label>passage label</knoraXmlImport:label>
    <p0826-teimww:occursIn>
      <p0826-teimww:book knoraType="link_value" linkType="ref" target="ww_873e4d980083d886"/>
    </p0826-teimww:occursIn>
    <p0826-teimww:text knoraType="richtext_value">&lt;span class="quote"&gt;A pickaxe and a spade,&lt;br&gt;
And eke a shrouding sheet;&lt;br&gt;
A house of clay for to be made&lt;br&gt;
For such a guest most meet.&lt;/span&gt;</p0826-teimww:text>
  </p0826-teimww:passage>
  <p0826-teimww:passage id="ww_30446ff90017da31">
    <knoraXmlImport:label>passage label</knoraXmlImport:label>
    <p0826-teimww:occursIn>
      <p0826-teimww:book knoraType="link_value" linkType="ref" target="ww_359edd0d37d00410"/>
    </p0826-teimww:occursIn>
  </p0826-teimww:passage>
  <p0826-teimww:passage id="ww_9058c9ac5ba0677e">
    <knoraXmlImport:label>passage label</knoraXmlImport:label>
    <p0826-teimww:occursIn>
      <p0826-teimww:book knoraType="link_value" linkType="ref" target="ww_b3931845d54b98d5"/>
    </p0826-teimww:occursIn>
  </p0826-teimww:passage>
  <p0826-teimww:passage id="ww_cc5295bb4ec0dcce">
    <knoraXmlImport:label>passage label</knoraXmlImport:label>
    <p0826-teimww:occursIn>
      <p0826-teimww:book knoraType="link_value" linkType="ref" target="ww_0dd5e309103973fb"/>
    </p0826-teimww:occursIn>
  </p0826-teimww:passage>
  <p0826-teimww:passage id="ww_46aa809e8601a225">
    <knoraXmlImport:label>passage label</knoraXmlImport:label>
    <p0826-teimww:occursIn>
      <p0826-teimww:book knoraType="link_value" linkType="ref" target="ww_6f8bba60983f33d9"/>
    </p0826-teimww:occursIn>
  </p0826-teimww:passage>
  <p0826-teimww:passage id="ww_77e7226ab80bad8c">
    <knoraXmlImport:label>passage label</knoraXmlImport:label>
    <p0826-teimww:occursIn>
      <p0826-teimww:book knoraType="link_value" linkType="ref" target="ww_b93e86ee915469ae"/>
    </p0826-teimww:occursIn>
    <p0826-teimww:text knoraType="richtext_value">Be sure madame that you shall shortly see the end of him, which attendeth yet to bear so much as in him doth lie, the vehement love into another world, which maketh me to pray you to have pity on him, who (attending the rest and final sentence of his death or life) doth humbly kiss your white and delicate hands, beseeching god to give to you like joy as his is, who desireth to be," &lt;br&gt;
Wholly yours, &lt;span class="quote"&gt;or not to be at all. &lt;/span&gt;&lt;br&gt;
Philiberto of Uirle.</p0826-teimww:text>
  </p0826-teimww:passage>
  <p0826-teimww:passage id="ww_66dfa12177d599c4">
    <knoraXmlImport:label>passage label</knoraXmlImport:label>
    <p0826-teimww:occursIn>
      <p0826-teimww:book knoraType="link_value" linkType="ref" target="ww_7589cfaa41b21699"/>
    </p0826-teimww:occursIn>
  </p0826-teimww:passage>
  <p0826-teimww:passage id="ww_f51b0f2ee42d45c4">
    <knoraXmlImport:label>passage label</knoraXmlImport:label>
    <p0826-teimww:occursIn>
      <p0826-teimww:book knoraType="link_value" linkType="ref" target="ww_b19b575dfa6c41b9"/>
    </p0826-teimww:occursIn>
    <p0826-teimww:text knoraType="richtext_value">&lt;span class="quote"&gt;Nothing unto a man is miserable, if he so think it: for all Fortune is good to him, that constantly with patience suffereth it.&lt;/span&gt;&lt;br&gt; Plato.</p0826-teimww:text>
  </p0826-teimww:passage>
  <p0826-teimww:passage id="ww_7e372fa125074550">
    <knoraXmlImport:label>passage label</knoraXmlImport:label>
    <p0826-teimww:occursIn>
      <p0826-teimww:book knoraType="link_value" linkType="ref" target="ww_160b060adc5c12bf"/>
    </p0826-teimww:occursIn>
  </p0826-teimww:passage>
  <p0826-teimww:passage id="ww_f87b7a97a97d972a">
    <knoraXmlImport:label>passage label</knoraXmlImport:label>
    <p0826-teimww:occursIn>
      <p0826-teimww:book knoraType="link_value" linkType="ref" target="ww_9256f2880070a870"/>
    </p0826-teimww:occursIn>
    <p0826-teimww:text knoraType="richtext_value">These irrational lines and figures are the chiefest matter and subject, which is entreated of in all this tenth book: the knowledge, of which is deep, and secret, and pertaineth to the highest and most worthy part of Geometries, wherein standeth &lt;span class="quote"&gt;the pith and marrow &lt;/span&gt;of the whole science: the knowledge hereof bringeth light to all the books following, with out which they are hard and cannot be at all understood. </p0826-teimww:text>
  </p0826-teimww:passage>
  <p0826-teimww:passage id="ww_57e44fd2b3f8d8d5">
    <knoraXmlImport:label>passage label</knoraXmlImport:label>
    <p0826-teimww:occursIn>
      <p0826-teimww:book knoraType="link_value" linkType="ref" target="ww_f0b8d4220bfdd308"/>
    </p0826-teimww:occursIn>
  </p0826-teimww:passage>
  <p0826-teimww:passage id="ww_e0c8ab07b74bf562">
    <knoraXmlImport:label>passage label</knoraXmlImport:label>
    <p0826-teimww:occursIn>
      <p0826-teimww:book knoraType="link_value" linkType="ref" target="ww_ce689c96abf273eb"/>
    </p0826-teimww:occursIn>
    <p0826-teimww:text knoraType="richtext_value">Now when Fame had blown abroad the possibility to obtain this Lady, such was the singular report or her surpassing beauty, that many kings and men of great nobility repaired thither. And if haply any through skill, or learning had found out the solution of the king's question, notwithstanding hee was beheaded as though he had &lt;span class="quote"&gt;answered nothing to the purpose: &lt;/span&gt;and his head was set up at the gate to terrify others that should come, who beholding there the present image of death, might advise them from essaying any such danger.</p0826-teimww:text>
  </p0826-teimww:passage>
  <p0826-teimww:passage id="ww_7668dbd5f093263e">
    <knoraXmlImport:label>passage label</knoraXmlImport:label>
    <p0826-teimww:occursIn>
      <p0826-teimww:book knoraType="link_value" linkType="ref" target="ww_3e15ab6c612eadae"/>
    </p0826-teimww:occursIn>
  </p0826-teimww:passage>
  <p0826-teimww:passage id="ww_36c6e41aed5c5e05">
    <knoraXmlImport:label>passage label</knoraXmlImport:label>
    <p0826-teimww:occursIn>
      <p0826-teimww:book knoraType="link_value" linkType="ref" target="ww_9e5c2e9be2d59c76"/>
    </p0826-teimww:occursIn>
    <p0826-teimww:text knoraType="richtext_value">"O woman, doe thou the like [obey your husband], and so
shalt thou be most excellently &lt;span class="quote"&gt;beautified &lt;/span&gt;before GOD."</p0826-teimww:text>
  </p0826-teimww:passage>
  <p0826-teimww:passage id="ww_be5c21b05088dd4d">
    <knoraXmlImport:label>passage label</knoraXmlImport:label>
    <p0826-teimww:occursIn>
      <p0826-teimww:book knoraType="link_value" linkType="ref" target="ww_450c8e303d46eae2"/>
    </p0826-teimww:occursIn>
  </p0826-teimww:passage>
  <p0826-teimww:passage id="ww_37481dbb98763e33">
    <knoraXmlImport:label>passage label</knoraXmlImport:label>
    <p0826-teimww:occursIn>
      <p0826-teimww:book knoraType="link_value" linkType="ref" target="ww_bc8ea264d57ced70"/>
    </p0826-teimww:occursIn>
    <p0826-teimww:text knoraType="richtext_value">[...] you should rather have proved, that women may not in time of necessity administer baptism, for &lt;span class="quote"&gt;that is the question &lt;/span&gt;and not the other.</p0826-teimww:text>
  </p0826-teimww:passage>
  <p0826-teimww:passage id="ww_183e59e137774e31">
    <knoraXmlImport:label>passage label</knoraXmlImport:label>
    <p0826-teimww:occursIn>
      <p0826-teimww:book knoraType="link_value" linkType="ref" target="ww_91e0dc4c671938fa"/>
    </p0826-teimww:occursIn>
  </p0826-teimww:passage>
  <p0826-teimww:passage id="ww_2d79f8a8d0525301">
    <knoraXmlImport:label>passage label</knoraXmlImport:label>
    <p0826-teimww:occursIn>
      <p0826-teimww:book knoraType="link_value" linkType="ref" target="ww_b908dc610f9089ff"/>
    </p0826-teimww:occursIn>
    <p0826-teimww:text knoraType="richtext_value">[...] &lt;span class="quote"&gt;to be or not to be&lt;/span&gt; [...].</p0826-teimww:text>
  </p0826-teimww:passage>
  <p0826-teimww:passage id="ww_25d7f5bc08e54d68">
    <knoraXmlImport:label>passage label</knoraXmlImport:label>
    <p0826-teimww:occursIn>
      <p0826-teimww:book knoraType="link_value" linkType="ref" target="ww_0de19bd63a1c9142"/>
    </p0826-teimww:occursIn>
  </p0826-teimww:passage>
  <p0826-teimww:passage id="ww_c06fbace8b2d6508">
    <knoraXmlImport:label>passage label</knoraXmlImport:label>
    <p0826-teimww:occursIn>
      <p0826-teimww:book knoraType="link_value" linkType="ref" target="ww_cf2c475414853bfd"/>
    </p0826-teimww:occursIn>
    <p0826-teimww:text knoraType="richtext_value">[...] &lt;span class="quote"&gt;with a quiet mind to suffer&lt;/span&gt; [...].</p0826-teimww:text>
  </p0826-teimww:passage>
  <p0826-teimww:passage id="ww_08a8e8aeea642984">
    <knoraXmlImport:label>passage label</knoraXmlImport:label>
    <p0826-teimww:occursIn>
      <p0826-teimww:book knoraType="link_value" linkType="ref" target="ww_0de19bd63a1c9142"/>
    </p0826-teimww:occursIn>
  </p0826-teimww:passage>
  <p0826-teimww:passage id="ww_e979e23b910758d0">
    <knoraXmlImport:label>passage label</knoraXmlImport:label>
    <p0826-teimww:occursIn>
      <p0826-teimww:book knoraType="link_value" linkType="ref" target="ww_7e5197c760c02e13"/>
    </p0826-teimww:occursIn>
    <p0826-teimww:text knoraType="richtext_value">Respice finem.&lt;br&gt;
Lo here the state of every mortal wight,&lt;br&gt;
See here, the fine, of all their gallant joys:&lt;br&gt;
[...] Your world is vain, no trust in earth you find,&lt;br&gt;
Your valyaunst prime, is but a brittle glass:&lt;br&gt;
Your pleasures fade, your thoughts a puff of wind,&lt;br&gt;
Your ancient years, are but a withered grass.&lt;br&gt;
&lt;span class="quote"&gt;Mors omnibus communis.&lt;/span&gt;</p0826-teimww:text>
  </p0826-teimww:passage>
  <p0826-teimww:passage id="ww_8012cd689f392832">
    <knoraXmlImport:label>passage label</knoraXmlImport:label>
    <p0826-teimww:occursIn>
      <p0826-teimww:book knoraType="link_value" linkType="ref" target="ww_fb9509be352bd917"/>
    </p0826-teimww:occursIn>
  </p0826-teimww:passage>
  <p0826-teimww:passage id="ww_3530cbf03b00af82">
    <knoraXmlImport:label>passage label</knoraXmlImport:label>
    <p0826-teimww:occursIn>
      <p0826-teimww:book knoraType="link_value" linkType="ref" target="ww_92a01c485433bee0"/>
    </p0826-teimww:occursIn>
    <p0826-teimww:text knoraType="richtext_value">[...] &lt;span class="quote"&gt;sleep of death&lt;/span&gt; [...].</p0826-teimww:text>
  </p0826-teimww:passage>
  <p0826-teimww:passage id="ww_ef63c8a7d41d2dae">
    <knoraXmlImport:label>passage label</knoraXmlImport:label>
    <p0826-teimww:occursIn>
      <p0826-teimww:book knoraType="link_value" linkType="ref" target="ww_0de19bd63a1c9142"/>
    </p0826-teimww:occursIn>
  </p0826-teimww:passage>
  <p0826-teimww:passage id="ww_77cf312b54064099">
    <knoraXmlImport:label>passage label</knoraXmlImport:label>
    <p0826-teimww:occursIn>
      <p0826-teimww:book knoraType="link_value" linkType="ref" target="ww_215bf6a3075a440e"/>
    </p0826-teimww:occursIn>
    <p0826-teimww:text knoraType="richtext_value">[Knight:] [...] &lt;span class="quote"&gt;Bred in the concave of some monstrous rock &lt;/span&gt;[...].</p0826-teimww:text>
  </p0826-teimww:passage>
  <p0826-teimww:passage id="ww_40fdab0686f7e2e6">
    <knoraXmlImport:label>passage label</knoraXmlImport:label>
    <p0826-teimww:occursIn>
      <p0826-teimww:book knoraType="link_value" linkType="ref" target="ww_97955539c83b9cc3"/>
    </p0826-teimww:occursIn>
  </p0826-teimww:passage>
  <p0826-teimww:passage id="ww_d2922fdf8552e49f">
    <knoraXmlImport:label>passage label</knoraXmlImport:label>
    <p0826-teimww:occursIn>
      <p0826-teimww:book knoraType="link_value" linkType="ref" target="ww_0062af28cf1872e1"/>
    </p0826-teimww:occursIn>
    <p0826-teimww:text knoraType="richtext_value">[Muly Mahamet:] &lt;span class="quote"&gt;Feed then and faint not fair Calipolis. &lt;/span&gt;</p0826-teimww:text>
  </p0826-teimww:passage>
  <p0826-teimww:passage id="ww_35c969fd97d130c7">
    <knoraXmlImport:label>passage label</knoraXmlImport:label>
    <p0826-teimww:occursIn>
      <p0826-teimww:book knoraType="link_value" linkType="ref" target="ww_1b231152ba6c63ce"/>
    </p0826-teimww:occursIn>
  </p0826-teimww:passage>
  <p0826-teimww:passage id="ww_3917d5b879c6b350">
    <knoraXmlImport:label>passage label</knoraXmlImport:label>
    <p0826-teimww:occursIn>
      <p0826-teimww:book knoraType="link_value" linkType="ref" target="ww_0351e98cd25a1522"/>
    </p0826-teimww:occursIn>
    <p0826-teimww:text knoraType="richtext_value">[Philip:] [...] I swear, &lt;br&gt;
As cursed &lt;span class="quote"&gt;Nero&lt;/span&gt; with his &lt;span class="quote"&gt;mother &lt;/span&gt;did, &lt;br&gt; 
So I with you, if you resolve me not. </p0826-teimww:text>
  </p0826-teimww:passage>
  <p0826-teimww:passage id="ww_740fb1104fbbcb13">
    <knoraXmlImport:label>passage label</knoraXmlImport:label>
    <p0826-teimww:occursIn>
      <p0826-teimww:book knoraType="link_value" linkType="ref" target="ww_de6299bae9b985ee"/>
    </p0826-teimww:occursIn>
  </p0826-teimww:passage>
  <p0826-teimww:passage id="ww_7865ea1b43938238">
    <knoraXmlImport:label>passage label</knoraXmlImport:label>
    <p0826-teimww:occursIn>
      <p0826-teimww:book knoraType="link_value" linkType="ref" target="ww_e9169de357d0ad33"/>
    </p0826-teimww:occursIn>
    <p0826-teimww:text knoraType="richtext_value">[Cordella:] [...] &lt;span class="quote"&gt;If so the stock be dried with disdain, &lt;br&gt; 
Withered and sere the branch must needs remain. &lt;/span&gt;</p0826-teimww:text>
  </p0826-teimww:passage>
  <p0826-teimww:passage id="ww_23ff4e84bb951db0">
    <knoraXmlImport:label>passage label</knoraXmlImport:label>
    <p0826-teimww:occursIn>
      <p0826-teimww:book knoraType="link_value" linkType="ref" target="ww_de6299bae9b985ee"/>
    </p0826-teimww:occursIn>
  </p0826-teimww:passage>
  <p0826-teimww:passage id="ww_8f7fe9280fec4633">
    <knoraXmlImport:label>passage label</knoraXmlImport:label>
    <p0826-teimww:occursIn>
      <p0826-teimww:book knoraType="link_value" linkType="ref" target="ww_8dce43c17b4fa85b"/>
    </p0826-teimww:occursIn>
    <p0826-teimww:text knoraType="richtext_value">[King:] [...] &lt;span class="quote"&gt;down is thy sun Richard, never to shine again &lt;/span&gt;[...].</p0826-teimww:text>
  </p0826-teimww:passage>
  <p0826-teimww:passage id="ww_3a70307bf6daa4dd">
    <knoraXmlImport:label>passage label</knoraXmlImport:label>
    <p0826-teimww:occursIn>
      <p0826-teimww:book knoraType="link_value" linkType="ref" target="ww_de6299bae9b985ee"/>
    </p0826-teimww:occursIn>
  </p0826-teimww:passage>
  <p0826-teimww:passage id="ww_d907ef3165e4e200">
    <knoraXmlImport:label>passage label</knoraXmlImport:label>
    <p0826-teimww:occursIn>
      <p0826-teimww:book knoraType="link_value" linkType="ref" target="ww_8dce43c17b4fa85b"/>
    </p0826-teimww:occursIn>
    <p0826-teimww:text knoraType="richtext_value">[George Stanley:] [...] And like a&lt;span class="quote"&gt; lamb kept by a greedy Wolf &lt;/span&gt;within the enclosed sentire of the earth, expecting death without delivery, even from this danger is George Stanley come, to be a guest to Richmond &amp; the rest: for when the bloody butcher heard your honour did refuse to come to him, he like a&lt;span class="quote"&gt; savage tiger then enraged&lt;/span&gt;, commanded straight I should be murdered [...].</p0826-teimww:text>
  </p0826-teimww:passage>
  <p0826-teimww:passage id="ww_9347473eb895c218">
    <knoraXmlImport:label>passage label</knoraXmlImport:label>
    <p0826-teimww:occursIn>
      <p0826-teimww:book knoraType="link_value" linkType="ref" target="ww_4e5c1c1959818562"/>
    </p0826-teimww:occursIn>
    <p0826-teimww:text knoraType="richtext_value">[Ferneze:] Out, wretched Barabas! &lt;br&gt;
&lt;span class="quote"&gt;Sham'st thou not thus to justify thyself, &lt;br&gt;
As if we knew not thy profession?&lt;/span&gt;</p0826-teimww:text>
  </p0826-teimww:passage>
  <p0826-teimww:passage id="ww_b31587295acc516f">
    <knoraXmlImport:label>passage label</knoraXmlImport:label>
    <p0826-teimww:occursIn>
      <p0826-teimww:book knoraType="link_value" linkType="ref" target="ww_5eeeb3e78e8b0bc3"/>
    </p0826-teimww:occursIn>
  </p0826-teimww:passage>
  <p0826-teimww:passage id="ww_dd676959a662d4f3">
    <knoraXmlImport:label>passage label</knoraXmlImport:label>
    <p0826-teimww:occursIn>
      <p0826-teimww:book knoraType="link_value" linkType="ref" target="ww_fe42526a34d40cd9"/>
    </p0826-teimww:occursIn>
    <p0826-teimww:text knoraType="richtext_value">[Alice:] [...]  &lt;span class="quote"&gt;I have my wish in that I joy thy sight.&lt;/span&gt;</p0826-teimww:text>
  </p0826-teimww:passage>
  <p0826-teimww:passage id="ww_7bfb4589049fca6e">
    <knoraXmlImport:label>passage label</knoraXmlImport:label>
    <p0826-teimww:occursIn>
      <p0826-teimww:book knoraType="link_value" linkType="ref" target="ww_a3cda7e114a57aa4"/>
    </p0826-teimww:occursIn>
  </p0826-teimww:passage>
  <p0826-teimww:passage id="ww_6d585961cd1b33b3">
    <knoraXmlImport:label>passage label</knoraXmlImport:label>
    <p0826-teimww:occursIn>
      <p0826-teimww:book knoraType="link_value" linkType="ref" target="ww_fe42526a34d40cd9"/>
    </p0826-teimww:occursIn>
    <p0826-teimww:text knoraType="richtext_value">[Alice:] Is this the end of all thy solemn oaths? &lt;br&gt;
Is this &lt;span class="quote"&gt;the fruit thy reconcilement buds?&lt;/span&gt;</p0826-teimww:text>
  </p0826-teimww:passage>
  <p0826-teimww:passage id="ww_49349d8c78d95271">
    <knoraXmlImport:label>passage label</knoraXmlImport:label>
    <p0826-teimww:occursIn>
      <p0826-teimww:book knoraType="link_value" linkType="ref" target="ww_fe42526a34d40cd9"/>
    </p0826-teimww:occursIn>
    <p0826-teimww:text knoraType="richtext_value">[Will:] [...] &lt;span class="quote"&gt;This drowsiness in me bodes little good.&lt;/span&gt;</p0826-teimww:text>
  </p0826-teimww:passage>
  <p0826-teimww:passage id="ww_9e155c28762a57c4">
    <knoraXmlImport:label>passage label</knoraXmlImport:label>
    <p0826-teimww:occursIn>
      <p0826-teimww:book knoraType="link_value" linkType="ref" target="ww_a3cda7e114a57aa4"/>
    </p0826-teimww:occursIn>
  </p0826-teimww:passage>
  <p0826-teimww:passage id="ww_3536da6485da781a">
    <knoraXmlImport:label>passage label</knoraXmlImport:label>
    <p0826-teimww:occursIn>
      <p0826-teimww:book knoraType="link_value" linkType="ref" target="ww_fe42526a34d40cd9"/>
    </p0826-teimww:occursIn>
    <p0826-teimww:text knoraType="richtext_value">[Alice:] [...] I shall no more be closed in Arden's arms,&lt;br&gt;
That like &lt;span class="quote"&gt;the snakes of black Tisiphone&lt;br&gt;&lt;/span&gt;
Sting me with their embracings [...].</p0826-teimww:text>
  </p0826-teimww:passage>
  <p0826-teimww:passage id="ww_de09f94b3f273c7a">
    <knoraXmlImport:label>passage label</knoraXmlImport:label>
    <p0826-teimww:occursIn>
      <p0826-teimww:book knoraType="link_value" linkType="ref" target="ww_a3cda7e114a57aa4"/>
    </p0826-teimww:occursIn>
  </p0826-teimww:passage>
  <p0826-teimww:passage id="ww_de0cdf4b9a453c5e">
    <knoraXmlImport:label>passage label</knoraXmlImport:label>
    <p0826-teimww:occursIn>
      <p0826-teimww:book knoraType="link_value" linkType="ref" target="ww_83f1a0a692d63180"/>
    </p0826-teimww:occursIn>
    <p0826-teimww:text knoraType="richtext_value"> [...] &lt;span class="quote"&gt;round about him threw forth sparkling fire, &lt;br&gt;
That seemed him to inflame on every side.&lt;/span&gt;</p0826-teimww:text>
  </p0826-teimww:passage>
  <p0826-teimww:passage id="ww_b482feaaeaff8227">
    <knoraXmlImport:label>passage label</knoraXmlImport:label>
    <p0826-teimww:occursIn>
      <p0826-teimww:book knoraType="link_value" linkType="ref" target="ww_3f86f30540de15b8"/>
    </p0826-teimww:occursIn>
  </p0826-teimww:passage>
  <p0826-teimww:passage id="ww_28fa865cc37abc11">
    <knoraXmlImport:label>passage label</knoraXmlImport:label>
    <p0826-teimww:occursIn>
      <p0826-teimww:book knoraType="link_value" linkType="ref" target="ww_e44bf30c33d6ff4d"/>
    </p0826-teimww:occursIn>
    <p0826-teimww:text knoraType="richtext_value">[Warwick:] […] Thus yields the &lt;span class="quote"&gt;cedar to the axe's edge, &lt;br&gt;
Whose arms gave shelter to the princely eagle &lt;/span&gt;[…].</p0826-teimww:text>
  </p0826-teimww:passage>
  <p0826-teimww:passage id="ww_84c33c66dc4aaf4a">
    <knoraXmlImport:label>passage label</knoraXmlImport:label>
    <p0826-teimww:occursIn>
      <p0826-teimww:book knoraType="link_value" linkType="ref" target="ww_a3cda7e114a57aa4"/>
    </p0826-teimww:occursIn>
  </p0826-teimww:passage>
  <p0826-teimww:passage id="ww_7c59aa2d48f1b308">
    <knoraXmlImport:label>passage label</knoraXmlImport:label>
    <p0826-teimww:occursIn>
      <p0826-teimww:book knoraType="link_value" linkType="ref" target="ww_6c90648fdecc54d2"/>
    </p0826-teimww:occursIn>
    <p0826-teimww:text knoraType="richtext_value">[Eleanor:] […] But ere it be long, &lt;span class="quote"&gt;I'll go before them all, &lt;br&gt;&lt;/span&gt;
Despite of all that seek to cross me thus […].</p0826-teimww:text>
  </p0826-teimww:passage>
  <p0826-teimww:passage id="ww_0b05eecba341a437">
    <knoraXmlImport:label>passage label</knoraXmlImport:label>
    <p0826-teimww:occursIn>
      <p0826-teimww:book knoraType="link_value" linkType="ref" target="ww_e44bf30c33d6ff4d"/>
    </p0826-teimww:occursIn>
    <p0826-teimww:text knoraType="richtext_value">[George:] […] &lt;span class="quote"&gt;Forslow no longer; &lt;/span&gt;make we hence amain.</p0826-teimww:text>
  </p0826-teimww:passage>
  <p0826-teimww:passage id="ww_a309b65b71679869">
    <knoraXmlImport:label>passage label</knoraXmlImport:label>
    <p0826-teimww:occursIn>
      <p0826-teimww:book knoraType="link_value" linkType="ref" target="ww_1b231152ba6c63ce"/>
    </p0826-teimww:occursIn>
  </p0826-teimww:passage>
  <p0826-teimww:passage id="ww_3a4d12417f869cbe">
    <knoraXmlImport:label>passage label</knoraXmlImport:label>
    <p0826-teimww:occursIn>
      <p0826-teimww:book knoraType="link_value" linkType="ref" target="ww_a3cda7e114a57aa4"/>
    </p0826-teimww:occursIn>
  </p0826-teimww:passage>
  <p0826-teimww:passage id="ww_340e5859a947df70">
    <knoraXmlImport:label>passage label</knoraXmlImport:label>
    <p0826-teimww:occursIn>
      <p0826-teimww:book knoraType="link_value" linkType="ref" target="ww_6c90648fdecc54d2"/>
    </p0826-teimww:occursIn>
    <p0826-teimww:text knoraType="richtext_value">[Queen Margaret:] […] And nere regards the honour of his name, &lt;br&gt;
But still &lt;span class="quote"&gt;must be protected like a child, &lt;br&gt;
And governed by that ambitious Duke &lt;/span&gt;[…]</p0826-teimww:text>
  </p0826-teimww:passage>
  <p0826-teimww:passage id="ww_c2cbe4d9cd18639b">
    <knoraXmlImport:label>passage label</knoraXmlImport:label>
    <p0826-teimww:occursIn>
      <p0826-teimww:book knoraType="link_value" linkType="ref" target="ww_e44bf30c33d6ff4d"/>
    </p0826-teimww:occursIn>
    <p0826-teimww:text knoraType="richtext_value">[Edward:] Now my soul's palace is become a prison; &lt;br&gt;
Ah, would she break from hence, that this my body &lt;br&gt;
Might in the ground be closèd up in rest, &lt;br&gt;
For never henceforth shall I joy again. &lt;br&gt; 
&lt;span class="quote"&gt;Never, O never, shall I see more joy!&lt;/span&gt;</p0826-teimww:text>
  </p0826-teimww:passage>
  <p0826-teimww:passage id="ww_0f9560965fbc9987">
    <knoraXmlImport:label>passage label</knoraXmlImport:label>
    <p0826-teimww:occursIn>
      <p0826-teimww:book knoraType="link_value" linkType="ref" target="ww_a3cda7e114a57aa4"/>
    </p0826-teimww:occursIn>
  </p0826-teimww:passage>
  <p0826-teimww:passage id="ww_25977bd4cff26748">
    <knoraXmlImport:label>passage label</knoraXmlImport:label>
    <p0826-teimww:occursIn>
      <p0826-teimww:book knoraType="link_value" linkType="ref" target="ww_e44bf30c33d6ff4d"/>
    </p0826-teimww:occursIn>
    <p0826-teimww:text knoraType="richtext_value">[Richard:] What, will the aspiring blood of Lancaster &lt;br&gt;
Sink in the ground? I thought it would have mounted.</p0826-teimww:text>
  </p0826-teimww:passage>
  <p0826-teimww:passage id="ww_e51d1a9210c81ddb">
    <knoraXmlImport:label>passage label</knoraXmlImport:label>
    <p0826-teimww:occursIn>
      <p0826-teimww:book knoraType="link_value" linkType="ref" target="ww_e44bf30c33d6ff4d"/>
    </p0826-teimww:occursIn>
    <p0826-teimww:text knoraType="richtext_value">[Richard:] &lt;span class="quote"&gt;What, at your book so hard?&lt;/span&gt;</p0826-teimww:text>
  </p0826-teimww:passage>
  <p0826-teimww:passage id="ww_96d9d632a169473e">
    <knoraXmlImport:label>passage label</knoraXmlImport:label>
    <p0826-teimww:occursIn>
      <p0826-teimww:book knoraType="link_value" linkType="ref" target="ww_1140c36ab545b6d8"/>
    </p0826-teimww:occursIn>
  </p0826-teimww:passage>
  <p0826-teimww:passage id="ww_2c66fe55ebc4952d">
    <knoraXmlImport:label>passage label</knoraXmlImport:label>
    <p0826-teimww:occursIn>
      <p0826-teimww:book knoraType="link_value" linkType="ref" target="ww_e44bf30c33d6ff4d"/>
    </p0826-teimww:occursIn>
    <p0826-teimww:text knoraType="richtext_value">[Richard (aside):] But &lt;span class="quote"&gt;when the fox hath once got in his nose, &lt;br&gt;
He’ll soon find means to make the body follow.&lt;/span&gt;</p0826-teimww:text>
  </p0826-teimww:passage>
  <p0826-teimww:passage id="ww_51153549f8c1672b">
    <knoraXmlImport:label>passage label</knoraXmlImport:label>
    <p0826-teimww:occursIn>
      <p0826-teimww:book knoraType="link_value" linkType="ref" target="ww_1140c36ab545b6d8"/>
    </p0826-teimww:occursIn>
  </p0826-teimww:passage>
  <p0826-teimww:passage id="ww_5bc721f865d82b8a">
    <knoraXmlImport:label>passage label</knoraXmlImport:label>
    <p0826-teimww:occursIn>
      <p0826-teimww:book knoraType="link_value" linkType="ref" target="ww_898b0b7ff390f5fb"/>
    </p0826-teimww:occursIn>
    <p0826-teimww:text knoraType="richtext_value">[King Henry:] &lt;span class="quote"&gt;What stronger breastplate than a heart untainted? &lt;br/&gt;&lt;/span&gt;
Thrice is he armed that hath his &lt;span class="quote"&gt;quarrel just &lt;/span&gt;[...].</p0826-teimww:text>
  </p0826-teimww:passage>
  <p0826-teimww:passage id="ww_586ddb09900129ce">
    <knoraXmlImport:label>passage label</knoraXmlImport:label>
    <p0826-teimww:occursIn>
      <p0826-teimww:book knoraType="link_value" linkType="ref" target="ww_1140c36ab545b6d8"/>
    </p0826-teimww:occursIn>
  </p0826-teimww:passage>
  <p0826-teimww:passage id="ww_04eec2ca4a471585">
    <knoraXmlImport:label>passage label</knoraXmlImport:label>
    <p0826-teimww:occursIn>
      <p0826-teimww:book knoraType="link_value" linkType="ref" target="ww_28e2635e5ac1776c"/>
    </p0826-teimww:occursIn>
    <p0826-teimww:text knoraType="richtext_value">[Longshanks:] Not &lt;span class="quote"&gt;Cæsar leading through the streets of Rome, &lt;br&gt;
The captive kings of conquered nations, &lt;br&gt;&lt;/span&gt;
Was in his princely triumphs honoured more, &lt;br&gt;
Than English Edward in this martial sight.</p0826-teimww:text>
  </p0826-teimww:passage>
  <p0826-teimww:passage id="ww_8777f83215d41020">
    <knoraXmlImport:label>passage label</knoraXmlImport:label>
    <p0826-teimww:occursIn>
      <p0826-teimww:book knoraType="link_value" linkType="ref" target="ww_a3cda7e114a57aa4"/>
    </p0826-teimww:occursIn>
  </p0826-teimww:passage>
  <p0826-teimww:passage id="ww_4d5da5805cb03400">
    <knoraXmlImport:label>passage label</knoraXmlImport:label>
    <p0826-teimww:occursIn>
      <p0826-teimww:book knoraType="link_value" linkType="ref" target="ww_28e2635e5ac1776c"/>
    </p0826-teimww:occursIn>
    <p0826-teimww:text knoraType="richtext_value">[David:] Seaze on me bloody butchers with your paws, &lt;br&gt;
&lt;span class="quote"&gt;It is but temporal that you can inflict.&lt;/span&gt;</p0826-teimww:text>
  </p0826-teimww:passage>
  <p0826-teimww:passage id="ww_c36f1e041db5addf">
    <knoraXmlImport:label>passage label</knoraXmlImport:label>
    <p0826-teimww:occursIn>
      <p0826-teimww:book knoraType="link_value" linkType="ref" target="ww_a3cda7e114a57aa4"/>
    </p0826-teimww:occursIn>
  </p0826-teimww:passage>
  <p0826-teimww:passage id="ww_11e04129608573b9">
    <knoraXmlImport:label>passage label</knoraXmlImport:label>
    <p0826-teimww:occursIn>
      <p0826-teimww:book knoraType="link_value" linkType="ref" target="ww_28e2635e5ac1776c"/>
    </p0826-teimww:occursIn>
    <p0826-teimww:text knoraType="richtext_value">[Gloster:] &lt;span class="quote"&gt;This comfort Madam that your grace doth give &lt;br&gt;
Binds me in double duty &lt;/span&gt;whilst I live […].</p0826-teimww:text>
  </p0826-teimww:passage>
  <p0826-teimww:passage id="ww_b2d5d0f4463e75c9">
    <knoraXmlImport:label>passage label</knoraXmlImport:label>
    <p0826-teimww:occursIn>
      <p0826-teimww:book knoraType="link_value" linkType="ref" target="ww_28e2635e5ac1776c"/>
    </p0826-teimww:occursIn>
    <p0826-teimww:text knoraType="richtext_value">[King Edward:] [...] &lt;span class="quote"&gt;Hence feigned weeds, unfeigned is my grief.&lt;/span&gt;</p0826-teimww:text>
  </p0826-teimww:passage>
  <p0826-teimww:passage id="ww_96d12c17f64f88ad">
    <knoraXmlImport:label>passage label</knoraXmlImport:label>
    <p0826-teimww:occursIn>
      <p0826-teimww:book knoraType="link_value" linkType="ref" target="ww_a3cda7e114a57aa4"/>
    </p0826-teimww:occursIn>
  </p0826-teimww:passage>
  <p0826-teimww:passage id="ww_590461777c1984e2">
    <knoraXmlImport:label>passage label</knoraXmlImport:label>
    <p0826-teimww:occursIn>
      <p0826-teimww:book knoraType="link_value" linkType="ref" target="ww_0d4732e83985c063"/>
    </p0826-teimww:occursIn>
    <p0826-teimww:text knoraType="richtext_value">[Queen Isabella:] […] &lt;span class="quote"&gt;Forbear to levy arms against the king. &lt;br&gt;&lt;/span&gt;
[Younger Mortimer:] &lt;span class="quote"&gt;Ay, if words will serve; if not, I must.&lt;/span&gt;</p0826-teimww:text>
  </p0826-teimww:passage>
  <p0826-teimww:passage id="ww_e5e85dbf6b2a5042">
    <knoraXmlImport:label>passage label</knoraXmlImport:label>
    <p0826-teimww:occursIn>
      <p0826-teimww:book knoraType="link_value" linkType="ref" target="ww_a3cda7e114a57aa4"/>
    </p0826-teimww:occursIn>
  </p0826-teimww:passage>
  <p0826-teimww:passage id="ww_7f72808dedebf252">
    <knoraXmlImport:label>passage label</knoraXmlImport:label>
    <p0826-teimww:occursIn>
      <p0826-teimww:book knoraType="link_value" linkType="ref" target="ww_0d4732e83985c063"/>
    </p0826-teimww:occursIn>
    <p0826-teimww:text knoraType="richtext_value">[King Edward:] […] And  &lt;span class="quote"&gt;long thou shalt not stay, &lt;/span&gt;or, if thou dost, &lt;br&gt;
I’ll come to thee; my love shall ne'er decline.</p0826-teimww:text>
  </p0826-teimww:passage>
  <p0826-teimww:passage id="ww_516db5950539c377">
    <knoraXmlImport:label>passage label</knoraXmlImport:label>
    <p0826-teimww:occursIn>
      <p0826-teimww:book knoraType="link_value" linkType="ref" target="ww_a3cda7e114a57aa4"/>
    </p0826-teimww:occursIn>
  </p0826-teimww:passage>
  <p0826-teimww:passage id="ww_6088b28ba6b072c2">
    <knoraXmlImport:label>passage label</knoraXmlImport:label>
    <p0826-teimww:occursIn>
      <p0826-teimww:book knoraType="link_value" linkType="ref" target="ww_0d4732e83985c063"/>
    </p0826-teimww:occursIn>
    <p0826-teimww:text knoraType="richtext_value">[Younger Mortimer:] […] And Midas-like,  &lt;span class="quote"&gt;he jets it in the court, &lt;br&gt;
With base outlandish cullions at his heels &lt;/span&gt;[…].</p0826-teimww:text>
  </p0826-teimww:passage>
  <p0826-teimww:passage id="ww_5a5777d7ea88d0bd">
    <knoraXmlImport:label>passage label</knoraXmlImport:label>
    <p0826-teimww:occursIn>
      <p0826-teimww:book knoraType="link_value" linkType="ref" target="ww_0d4732e83985c063"/>
    </p0826-teimww:occursIn>
    <p0826-teimww:text knoraType="richtext_value">[Younger Mortimer:] […] A lofty  &lt;span class="quote"&gt;cedar tree, fair flourishing, &lt;br&gt;
On whose top branches kingly eagles perch&lt;/span&gt; […].</p0826-teimww:text>
  </p0826-teimww:passage>
  <p0826-teimww:passage id="ww_09ec4295c0b959d7">
    <knoraXmlImport:label>passage label</knoraXmlImport:label>
    <p0826-teimww:occursIn>
      <p0826-teimww:book knoraType="link_value" linkType="ref" target="ww_a3cda7e114a57aa4"/>
    </p0826-teimww:occursIn>
  </p0826-teimww:passage>
  <p0826-teimww:passage id="ww_2be1f061f41b06bd">
    <knoraXmlImport:label>passage label</knoraXmlImport:label>
    <p0826-teimww:occursIn>
      <p0826-teimww:book knoraType="link_value" linkType="ref" target="ww_0d4732e83985c063"/>
    </p0826-teimww:occursIn>
    <p0826-teimww:text knoraType="richtext_value">[King Edward:] […] Nay, all of them conspire to cross me thus; &lt;br&gt;
But if I live;  &lt;span class="quote"&gt;I'll tread upon their heads &lt;br&gt;&lt;/span&gt;
That I think with high looks thus to tread me down.</p0826-teimww:text>
  </p0826-teimww:passage>
  <p0826-teimww:passage id="ww_274a34c051e2c875">
    <knoraXmlImport:label>passage label</knoraXmlImport:label>
    <p0826-teimww:occursIn>
      <p0826-teimww:book knoraType="link_value" linkType="ref" target="ww_0d4732e83985c063"/>
    </p0826-teimww:occursIn>
    <p0826-teimww:text knoraType="richtext_value">[Younger Mortimer:] The haughty Dane  &lt;span class="quote"&gt;commands the narrow seas &lt;/span&gt;[…].</p0826-teimww:text>
  </p0826-teimww:passage>
  <p0826-teimww:passage id="ww_21dcce12e8ba6060">
    <knoraXmlImport:label>passage label</knoraXmlImport:label>
    <p0826-teimww:occursIn>
      <p0826-teimww:book knoraType="link_value" linkType="ref" target="ww_0d4732e83985c063"/>
    </p0826-teimww:occursIn>
    <p0826-teimww:text knoraType="richtext_value">[Warwick:] &lt;span class="quote"&gt;Forslow&lt;/span&gt; no time, sweet Lancaster; let’s march.</p0826-teimww:text>
  </p0826-teimww:passage>
  <p0826-teimww:passage id="ww_3395390c97b4f3d9">
    <knoraXmlImport:label>passage label</knoraXmlImport:label>
    <p0826-teimww:occursIn>
      <p0826-teimww:book knoraType="link_value" linkType="ref" target="ww_0d4732e83985c063"/>
    </p0826-teimww:occursIn>
    <p0826-teimww:text knoraType="richtext_value">[Baldock:] [...] &lt;span class="quote"&gt;As though your highness were a school-boy still. &lt;br&gt;
And must be aw’d and govern'd like a child.&lt;/span&gt;</p0826-teimww:text>
  </p0826-teimww:passage>
  <p0826-teimww:passage id="ww_640f7b13a0b3f692">
    <knoraXmlImport:label>passage label</knoraXmlImport:label>
    <p0826-teimww:occursIn>
      <p0826-teimww:book knoraType="link_value" linkType="ref" target="ww_0d4732e83985c063"/>
    </p0826-teimww:occursIn>
    <p0826-teimww:text knoraType="richtext_value">[King Edward:] O,  &lt;span class="quote"&gt;might I never ope these eyes again, &lt;br&gt;
Never again lift up this drooping head, &lt;br&gt;
O, never more lift up this dying heart!&lt;/span&gt;</p0826-teimww:text>
  </p0826-teimww:passage>
  <p0826-teimww:passage id="ww_195be135079da72a">
    <knoraXmlImport:label>passage label</knoraXmlImport:label>
    <p0826-teimww:occursIn>
      <p0826-teimww:book knoraType="link_value" linkType="ref" target="ww_a3cda7e114a57aa4"/>
    </p0826-teimww:occursIn>
  </p0826-teimww:passage>
  <p0826-teimww:passage id="ww_5341e9be3744b546">
    <knoraXmlImport:label>passage label</knoraXmlImport:label>
    <p0826-teimww:occursIn>
      <p0826-teimww:book knoraType="link_value" linkType="ref" target="ww_0d4732e83985c063"/>
    </p0826-teimww:occursIn>
    <p0826-teimww:text knoraType="richtext_value">[King Edward:] […] Frownst thou thereat,  &lt;span class="quote"&gt;aspiring Lancaster? &lt;/span&gt;&lt;br&gt;&lt;br&gt;

[King Edward:] [And] highly scorning that lowly earth &lt;br&gt;
Should drink his blood, mounts up into the air.</p0826-teimww:text>
  </p0826-teimww:passage>
  <p0826-teimww:passage id="ww_c738fe54278130c7">
    <knoraXmlImport:label>passage label</knoraXmlImport:label>
    <p0826-teimww:occursIn>
      <p0826-teimww:book knoraType="link_value" linkType="ref" target="ww_0d4732e83985c063"/>
    </p0826-teimww:occursIn>
    <p0826-teimww:text knoraType="richtext_value">[King Edward:] […] I have my wish, in that &lt;span class="quote"&gt; I joy thy sight &lt;/span&gt;[…].</p0826-teimww:text>
  </p0826-teimww:passage>
  <p0826-teimww:passage id="ww_e38f62bf50437f37">
    <knoraXmlImport:label>passage label</knoraXmlImport:label>
    <p0826-teimww:occursIn>
      <p0826-teimww:book knoraType="link_value" linkType="ref" target="ww_7f5e9141d1116e89"/>
    </p0826-teimww:occursIn>
    <p0826-teimww:text knoraType="richtext_value">[Demetrius (drawing his dagger):] This is a witness that I am thy son.&lt;br&gt;
[Chiron (drawing his dagger):] And this for me, struck home to show my strength (They stab Bassianus).&lt;br&gt;
[Lavinia:] Ay, come, Semiramis, nay, barbarous Tamora,&lt;br&gt;
For no name fits thy nature but thy own!&lt;br&gt;
[Tamora:] Give me the poniard! You shall know, my boys,&lt;br&gt;
Your mother's hand shall right your mother’s wrong.&lt;br&gt;
[Demetrius:] Stay, madam, here is more belongs to her.&lt;br&gt;
First thrash the corn, then after burn the straw.&lt;br&gt;
This minion stood upon her chastity,&lt;br&gt;
Upon &lt;span class="quote"&gt;her nuptial vow, &lt;/span&gt;her loyalty,&lt;br&gt;
And with that painted hope braves your mightiness;&lt;br&gt;
And shall she carry this unto her grave?&lt;br&gt;
[Chiron:] And if she do, I would I were an eunuch!&lt;br&gt;
Drag hence her husband to some secret hole,&lt;br&gt;
And &lt;span class="quote"&gt;make his dead trunk pillow to our lust&lt;br&gt;&lt;/span&gt;
[Tamora:] But when you have the honey you desire,&lt;br&gt;
Let not this wasp outlive, us both to sting.&lt;br&gt;
[Chiron:] I warrant you, madam, we will make that sure. -&lt;br&gt;
Come, mistress, now perforce we will enjoy&lt;br&gt;
That nice-preservèd honesty of yours.</p0826-teimww:text>
  </p0826-teimww:passage>
  <p0826-teimww:passage id="ww_ca946bebed2f2e80">
    <knoraXmlImport:label>passage label</knoraXmlImport:label>
    <p0826-teimww:occursIn>
      <p0826-teimww:book knoraType="link_value" linkType="ref" target="ww_c0bb45384c6abc1f"/>
    </p0826-teimww:occursIn>
  </p0826-teimww:passage>
  <p0826-teimww:passage id="ww_95d0c0425305be19">
    <knoraXmlImport:label>passage label</knoraXmlImport:label>
    <p0826-teimww:occursIn>
      <p0826-teimww:book knoraType="link_value" linkType="ref" target="ww_4dfc3a32aa54efd5"/>
    </p0826-teimww:occursIn>
  </p0826-teimww:passage>
  <p0826-teimww:passage id="ww_fe537be29042d42d">
    <knoraXmlImport:label>passage label</knoraXmlImport:label>
    <p0826-teimww:occursIn>
      <p0826-teimww:book knoraType="link_value" linkType="ref" target="ww_0d4732e83985c063"/>
    </p0826-teimww:occursIn>
    <p0826-teimww:text knoraType="richtext_value">[Kent:] Is this the love you bear your sovereign? &lt;br&gt;
Is this the  &lt;span class="quote"&gt;fruit your reconcilement bears?&lt;/span&gt;</p0826-teimww:text>
  </p0826-teimww:passage>
  <p0826-teimww:passage id="ww_52ab16f47165a750">
    <knoraXmlImport:label>passage label</knoraXmlImport:label>
    <p0826-teimww:occursIn>
      <p0826-teimww:book knoraType="link_value" linkType="ref" target="ww_0d4732e83985c063"/>
    </p0826-teimww:occursIn>
    <p0826-teimww:text knoraType="richtext_value">[Younger Spenser:] Look up, my lord. Baldock, &lt;span class="quote"&gt; this drowsiness &lt;br&gt;
Betides no good.&lt;/span&gt; Here even we are betray'd!</p0826-teimww:text>
  </p0826-teimww:passage>
  <p0826-teimww:passage id="ww_69c57cec6f45c05e">
    <knoraXmlImport:label>passage label</knoraXmlImport:label>
    <p0826-teimww:occursIn>
      <p0826-teimww:book knoraType="link_value" linkType="ref" target="ww_0d4732e83985c063"/>
    </p0826-teimww:occursIn>
    <p0826-teimww:text knoraType="richtext_value">[King Edward:] […] Or, like the snaky wreath of  &lt;span class="quote"&gt;Tisiphon, &lt;/span&gt;&lt;br&gt;
Engirt the temples of his hateful head!</p0826-teimww:text>
  </p0826-teimww:passage>
  <p0826-teimww:passage id="ww_61c4ff83c52fa77b">
    <knoraXmlImport:label>passage label</knoraXmlImport:label>
    <p0826-teimww:occursIn>
      <p0826-teimww:book knoraType="link_value" linkType="ref" target="ww_7f5e9141d1116e89"/>
    </p0826-teimww:occursIn>
    <p0826-teimww:text knoraType="richtext_value">[Marcus:]  &lt;span class="quote"&gt;Why dost thou laugh? It fits not with this hour.&lt;/span&gt;</p0826-teimww:text>
  </p0826-teimww:passage>
  <p0826-teimww:passage id="ww_4463411b59a16dfa">
    <knoraXmlImport:label>passage label</knoraXmlImport:label>
    <p0826-teimww:occursIn>
      <p0826-teimww:book knoraType="link_value" linkType="ref" target="ww_e9dd31d2f114bcc9"/>
    </p0826-teimww:occursIn>
  </p0826-teimww:passage>
  <p0826-teimww:passage id="ww_ef244a7034422815">
    <knoraXmlImport:label>passage label</knoraXmlImport:label>
    <p0826-teimww:occursIn>
      <p0826-teimww:book knoraType="link_value" linkType="ref" target="ww_0d4732e83985c063"/>
    </p0826-teimww:occursIn>
    <p0826-teimww:text knoraType="richtext_value">[King Edward:] […] Thy worth, sweet friend, is far above my gifts: &lt;br&gt;
Therefore,  &lt;span class="quote"&gt;to equal it, receive my heart.&lt;/span&gt;</p0826-teimww:text>
  </p0826-teimww:passage>
  <p0826-teimww:passage id="ww_afe156d29d9689e7">
    <knoraXmlImport:label>passage label</knoraXmlImport:label>
    <p0826-teimww:occursIn>
      <p0826-teimww:book knoraType="link_value" linkType="ref" target="ww_26138dfe777ca825"/>
    </p0826-teimww:occursIn>
    <p0826-teimww:text knoraType="richtext_value">[First Servingman:] Say thou wilt course. &lt;span class="quote"&gt;Thy greyhounds are as swift &lt;br&gt;
As breathèd stags, ay, fleeter than the roe&lt;/span&gt;.</p0826-teimww:text>
  </p0826-teimww:passage>
  <p0826-teimww:passage id="ww_e34e3981a5e8bbf7">
    <knoraXmlImport:label>passage label</knoraXmlImport:label>
    <p0826-teimww:occursIn>
      <p0826-teimww:book knoraType="link_value" linkType="ref" target="ww_de6299bae9b985ee"/>
    </p0826-teimww:occursIn>
  </p0826-teimww:passage>
  <p0826-teimww:passage id="ww_0ad6bc2d1c78a6ec">
    <knoraXmlImport:label>passage label</knoraXmlImport:label>
    <p0826-teimww:occursIn>
      <p0826-teimww:book knoraType="link_value" linkType="ref" target="ww_26138dfe777ca825"/>
    </p0826-teimww:occursIn>
    <p0826-teimww:text knoraType="richtext_value">[Petruchio:] [...] &lt;span class="quote"&gt;What stars do spangle heaven with such beauty &lt;br&gt;
As those two eyes become that heavenly face?&lt;/span&gt;</p0826-teimww:text>
  </p0826-teimww:passage>
  <p0826-teimww:passage id="ww_0dc347dfc104c6bd">
    <knoraXmlImport:label>passage label</knoraXmlImport:label>
    <p0826-teimww:occursIn>
      <p0826-teimww:book knoraType="link_value" linkType="ref" target="ww_26138dfe777ca825"/>
    </p0826-teimww:occursIn>
    <p0826-teimww:text knoraType="richtext_value">[Petruchio:] [...] &lt;span class="quote"&gt;My falcon now is sharp and passing empty, &lt;br&gt;
And, till she stoop, she must not be full-gorged, &lt;br&gt;
For then she never looks upon her lure.&lt;/span&gt;</p0826-teimww:text>
  </p0826-teimww:passage>
  <p0826-teimww:passage id="ww_d350fb355b09769e">
    <knoraXmlImport:label>passage label</knoraXmlImport:label>
    <p0826-teimww:occursIn>
      <p0826-teimww:book knoraType="link_value" linkType="ref" target="ww_de6299bae9b985ee"/>
    </p0826-teimww:occursIn>
  </p0826-teimww:passage>
  <p0826-teimww:passage id="ww_c0635e485a16503d">
    <knoraXmlImport:label>passage label</knoraXmlImport:label>
    <p0826-teimww:occursIn>
      <p0826-teimww:book knoraType="link_value" linkType="ref" target="ww_26138dfe777ca825"/>
    </p0826-teimww:occursIn>
    <p0826-teimww:text knoraType="richtext_value">[Petruchio:] [...] Say that she frown, I’ll say she looks as clear &lt;br&gt;
As &lt;span class="quote"&gt;morning roses newly washed with dew.&lt;/span&gt;</p0826-teimww:text>
  </p0826-teimww:passage>
  <p0826-teimww:passage id="ww_3f9379a1f7d86a88">
    <knoraXmlImport:label>passage label</knoraXmlImport:label>
    <p0826-teimww:occursIn>
      <p0826-teimww:book knoraType="link_value" linkType="ref" target="ww_0d4732e83985c063"/>
    </p0826-teimww:occursIn>
    <p0826-teimww:text knoraType="richtext_value">[Queen Isabella:] &lt;span class="quote"&gt;And when this favour Isabel forgets, &lt;br&gt;
Then let her live abandon'd and forlorn.&lt;/span&gt;</p0826-teimww:text>
  </p0826-teimww:passage>
  <p0826-teimww:passage id="ww_56e4e59804263621">
    <knoraXmlImport:label>passage label</knoraXmlImport:label>
    <p0826-teimww:occursIn>
      <p0826-teimww:book knoraType="link_value" linkType="ref" target="ww_a3cda7e114a57aa4"/>
    </p0826-teimww:occursIn>
  </p0826-teimww:passage>
  <p0826-teimww:passage id="ww_42b333312259dea5">
    <knoraXmlImport:label>passage label</knoraXmlImport:label>
    <p0826-teimww:occursIn>
      <p0826-teimww:book knoraType="link_value" linkType="ref" target="ww_0d4732e83985c063"/>
    </p0826-teimww:occursIn>
    <p0826-teimww:text knoraType="richtext_value">[King Edward:] Father, &lt;span class="quote"&gt;thy face should harbour no deceit.&lt;/span&gt;</p0826-teimww:text>
  </p0826-teimww:passage>
  <p0826-teimww:passage id="ww_eec732cb156cb398">
    <knoraXmlImport:label>passage label</knoraXmlImport:label>
    <p0826-teimww:occursIn>
      <p0826-teimww:book knoraType="link_value" linkType="ref" target="ww_0d4732e83985c063"/>
    </p0826-teimww:occursIn>
    <p0826-teimww:text knoraType="richtext_value">[Younger Mortimer:] I tell thee, &lt;span class="quote"&gt;'tis not meet that one so false&lt;br&gt;
Should come about the person of a prince.&lt;/span&gt;</p0826-teimww:text>
  </p0826-teimww:passage>
  <p0826-teimww:passage id="ww_c4cd7977cbefaa1d">
    <knoraXmlImport:label>passage label</knoraXmlImport:label>
    <p0826-teimww:occursIn>
      <p0826-teimww:book knoraType="link_value" linkType="ref" target="ww_d7a24ba647d4819e"/>
    </p0826-teimww:occursIn>
    <p0826-teimww:text knoraType="richtext_value">[Venus:] &lt;span class="quote"&gt;Fair flowers that are not gathered in their prime&lt;br&gt;
Rot and consume themselves in little time.&lt;/span&gt;</p0826-teimww:text>
  </p0826-teimww:passage>
  <p0826-teimww:passage id="ww_5948358512eb149a">
    <knoraXmlImport:label>passage label</knoraXmlImport:label>
    <p0826-teimww:occursIn>
      <p0826-teimww:book knoraType="link_value" linkType="ref" target="ww_1140c36ab545b6d8"/>
    </p0826-teimww:occursIn>
  </p0826-teimww:passage>
  <p0826-teimww:passage id="ww_321b9e7741046edf">
    <knoraXmlImport:label>passage label</knoraXmlImport:label>
    <p0826-teimww:occursIn>
      <p0826-teimww:book knoraType="link_value" linkType="ref" target="ww_d7a24ba647d4819e"/>
    </p0826-teimww:occursIn>
    <p0826-teimww:text knoraType="richtext_value">&lt;span class="quote"&gt;Love is a spirit all compact of fire&lt;/span&gt;, &lt;br&gt;
Not gross to sink, but light, and will aspire.</p0826-teimww:text>
  </p0826-teimww:passage>
  <p0826-teimww:passage id="ww_ed7bdb3ebaaea7a6">
    <knoraXmlImport:label>passage label</knoraXmlImport:label>
    <p0826-teimww:occursIn>
      <p0826-teimww:book knoraType="link_value" linkType="ref" target="ww_0d4732e83985c063"/>
    </p0826-teimww:occursIn>
    <p0826-teimww:text knoraType="richtext_value">[Gaveston:] It shall suffice me to enjoy your love, &lt;br&gt;
Which whiles I have, I think myself as great &lt;br&gt;
As &lt;span class="quote"&gt;Caesar riding in the Roman street, &lt;br&gt;&lt;/span&gt;
With captive kings at his triumphant car.</p0826-teimww:text>
  </p0826-teimww:passage>
  <p0826-teimww:passage id="ww_305820b2e0029f6c">
    <knoraXmlImport:label>passage label</knoraXmlImport:label>
    <p0826-teimww:occursIn>
      <p0826-teimww:book knoraType="link_value" linkType="ref" target="ww_a3cda7e114a57aa4"/>
    </p0826-teimww:occursIn>
  </p0826-teimww:passage>
  <p0826-teimww:passage id="ww_474aa0a1320f43b3">
    <knoraXmlImport:label>passage label</knoraXmlImport:label>
    <p0826-teimww:occursIn>
      <p0826-teimww:book knoraType="link_value" linkType="ref" target="ww_97955539c83b9cc3"/>
    </p0826-teimww:occursIn>
  </p0826-teimww:passage>
  <p0826-teimww:passage id="ww_e61533286c1ee9fa">
    <knoraXmlImport:label>passage label</knoraXmlImport:label>
    <p0826-teimww:occursIn>
      <p0826-teimww:book knoraType="link_value" linkType="ref" target="ww_d7a24ba647d4819e"/>
    </p0826-teimww:occursIn>
    <p0826-teimww:text knoraType="richtext_value">With this she seizeth on &lt;span class="quote"&gt;his sweating palm&lt;/span&gt;,&lt;br&gt;
The precedent of pith and livelihood,&lt;br&gt;
And, trembling in her passion, calls it balm [...].</p0826-teimww:text>
  </p0826-teimww:passage>
  <p0826-teimww:passage id="ww_2483a8c5499ed395">
    <knoraXmlImport:label>passage label</knoraXmlImport:label>
    <p0826-teimww:occursIn>
      <p0826-teimww:book knoraType="link_value" linkType="ref" target="ww_55bc1a3b04bf8a8d"/>
    </p0826-teimww:occursIn>
  </p0826-teimww:passage>
  <p0826-teimww:passage id="ww_37a3913268b1e934">
    <knoraXmlImport:label>passage label</knoraXmlImport:label>
    <p0826-teimww:occursIn>
      <p0826-teimww:book knoraType="link_value" linkType="ref" target="ww_0d4732e83985c063"/>
    </p0826-teimww:occursIn>
    <p0826-teimww:text knoraType="richtext_value">[Warwick:] Tyrant, I scorn thy threats and menaces; &lt;br&gt;
&lt;span class="quote"&gt;'Tis but temporal that thou canst inflict.&lt;/span&gt;</p0826-teimww:text>
  </p0826-teimww:passage>
  <p0826-teimww:passage id="ww_8d8ea0caf2709652">
    <knoraXmlImport:label>passage label</knoraXmlImport:label>
    <p0826-teimww:occursIn>
      <p0826-teimww:book knoraType="link_value" linkType="ref" target="ww_0d4732e83985c063"/>
    </p0826-teimww:occursIn>
    <p0826-teimww:text knoraType="richtext_value">[Kent:] &lt;span class="quote"&gt;These comforts that you give our woeful queen &lt;br&gt;
Bind us in kindness all at your command.&lt;/span&gt;</p0826-teimww:text>
  </p0826-teimww:passage>
  <p0826-teimww:passage id="ww_19980cdc6a7f13bb">
    <knoraXmlImport:label>passage label</knoraXmlImport:label>
    <p0826-teimww:occursIn>
      <p0826-teimww:book knoraType="link_value" linkType="ref" target="ww_0d4732e83985c063"/>
    </p0826-teimww:occursIn>
    <p0826-teimww:text knoraType="richtext_value">[King Edward:] &lt;span class="quote"&gt;Hence, feigned weeds! Unfeigned are my woes.&lt;/span&gt;</p0826-teimww:text>
  </p0826-teimww:passage>
  <p0826-teimww:passage id="ww_ee11bcf98c5e7c58">
    <knoraXmlImport:label>passage label</knoraXmlImport:label>
    <p0826-teimww:occursIn>
      <p0826-teimww:book knoraType="link_value" linkType="ref" target="ww_a70c78f7c2563c1d"/>
    </p0826-teimww:occursIn>
    <p0826-teimww:text knoraType="richtext_value">[Richard:] &lt;span class="quote"&gt;Ratcliffe, come hither. Post to Salisbury. &lt;br/&gt;
When thou com’st thither (to Catesby) Dull,
unmindful villain, &lt;br/&gt;
Why stay'st thou here and go'st not to the Duke? &lt;br/&gt;&lt;/span&gt;
[Catesby:] &lt;span class="quote"&gt;First, mighty liege, tell me your Highness’ pleasure, &lt;br/&gt;
What from your Grace I shall deliver to him. &lt;br/&gt;&lt;/span&gt; 
[Richard:] &lt;span class="quote"&gt;O true, good Catesby. Bid him levy straight &lt;/span&gt;[...].</p0826-teimww:text>
  </p0826-teimww:passage>
  <p0826-teimww:passage id="ww_4eb0d81603402cf0">
    <knoraXmlImport:label>passage label</knoraXmlImport:label>
    <p0826-teimww:occursIn>
      <p0826-teimww:book knoraType="link_value" linkType="ref" target="ww_d96cf3715d049fff"/>
    </p0826-teimww:occursIn>
  </p0826-teimww:passage>
  <p0826-teimww:passage id="ww_f519531937a3a74b">
    <knoraXmlImport:label>passage label</knoraXmlImport:label>
    <p0826-teimww:occursIn>
      <p0826-teimww:book knoraType="link_value" linkType="ref" target="ww_1140c36ab545b6d8"/>
    </p0826-teimww:occursIn>
  </p0826-teimww:passage>
  <p0826-teimww:passage id="ww_59099aca3e891198">
    <knoraXmlImport:label>passage label</knoraXmlImport:label>
    <p0826-teimww:occursIn>
      <p0826-teimww:book knoraType="link_value" linkType="ref" target="ww_a70c78f7c2563c1d"/>
    </p0826-teimww:occursIn>
    <p0826-teimww:text knoraType="richtext_value">[Richard:] [...] &lt;span class="quote"&gt;Plots have I laid, inductions dangerous, &lt;br&gt;&lt;/span&gt;
By drunken prophecies, libels, and dreams, &lt;br&gt;
To set my brother Clarence and the King &lt;br&gt;
In deadly hate, the one against the other [...]. </p0826-teimww:text>
  </p0826-teimww:passage>
  <p0826-teimww:passage id="ww_412427c70add8d7e">
    <knoraXmlImport:label>passage label</knoraXmlImport:label>
    <p0826-teimww:occursIn>
      <p0826-teimww:book knoraType="link_value" linkType="ref" target="ww_1140c36ab545b6d8"/>
    </p0826-teimww:occursIn>
  </p0826-teimww:passage>
  <p0826-teimww:passage id="ww_b46a270fbf1f8218">
    <knoraXmlImport:label>passage label</knoraXmlImport:label>
    <p0826-teimww:occursIn>
      <p0826-teimww:book knoraType="link_value" linkType="ref" target="ww_4699bce2e8308213"/>
    </p0826-teimww:occursIn>
    <p0826-teimww:text knoraType="richtext_value">&lt;span class="quote"&gt;(The admiral discovered in bed).&lt;/span&gt;</p0826-teimww:text>
  </p0826-teimww:passage>
  <p0826-teimww:passage id="ww_588146b203d46c17">
    <knoraXmlImport:label>passage label</knoraXmlImport:label>
    <p0826-teimww:occursIn>
      <p0826-teimww:book knoraType="link_value" linkType="ref" target="ww_5eeeb3e78e8b0bc3"/>
    </p0826-teimww:occursIn>
  </p0826-teimww:passage>
  <p0826-teimww:passage id="ww_48d388c17880b92e">
    <knoraXmlImport:label>passage label</knoraXmlImport:label>
    <p0826-teimww:occursIn>
      <p0826-teimww:book knoraType="link_value" linkType="ref" target="ww_a70c78f7c2563c1d"/>
    </p0826-teimww:occursIn>
    <p0826-teimww:text knoraType="richtext_value">[Richard (to Queen Elizabeth):] Poor Clarence did forsake his father Warwick, &lt;br/&gt;
Ay, and forswore himself - which Jesu pardon! - &lt;br/&gt;
[Queen Margaret (aside):] &lt;span class="quote"&gt;Which God revenge!&lt;/span&gt;</p0826-teimww:text>
  </p0826-teimww:passage>
  <p0826-teimww:passage id="ww_74aa9584bba6ae0c">
    <knoraXmlImport:label>passage label</knoraXmlImport:label>
    <p0826-teimww:occursIn>
      <p0826-teimww:book knoraType="link_value" linkType="ref" target="ww_1140c36ab545b6d8"/>
    </p0826-teimww:occursIn>
  </p0826-teimww:passage>
  <p0826-teimww:passage id="ww_88caad2ae376a3eb">
    <knoraXmlImport:label>passage label</knoraXmlImport:label>
    <p0826-teimww:occursIn>
      <p0826-teimww:book knoraType="link_value" linkType="ref" target="ww_d7a24ba647d4819e"/>
    </p0826-teimww:occursIn>
    <p0826-teimww:text knoraType="richtext_value">[Venus:] &lt;span class="quote"&gt;Art thou obdurate, flinty, hard as steel?&lt;br&gt;&lt;/span&gt;
Nay, more than flint, for stone at rain relenteth.</p0826-teimww:text>
  </p0826-teimww:passage>
  <p0826-teimww:passage id="ww_c698437a701f0321">
    <knoraXmlImport:label>passage label</knoraXmlImport:label>
    <p0826-teimww:occursIn>
      <p0826-teimww:book knoraType="link_value" linkType="ref" target="ww_1140c36ab545b6d8"/>
    </p0826-teimww:occursIn>
  </p0826-teimww:passage>
  <p0826-teimww:passage id="ww_b995ee9308a76bc2">
    <knoraXmlImport:label>passage label</knoraXmlImport:label>
    <p0826-teimww:occursIn>
      <p0826-teimww:book knoraType="link_value" linkType="ref" target="ww_d7a24ba647d4819e"/>
    </p0826-teimww:occursIn>
    <p0826-teimww:text knoraType="richtext_value">Fondling, she saith, since I have hemmed thee here &lt;br&gt;
Within the circuit of this ivory pale, &lt;br&gt;
&lt;span class="quote"&gt;I'll be a park, and thou shalt be my deer.&lt;br&gt;
Feed where thou wilt, on mountain or in dale;&lt;br&gt;
Graze on my lips, and if those hills be dry, &lt;br&gt;
Stray lower, where the pleasant fountains lie.&lt;/span&gt;</p0826-teimww:text>
  </p0826-teimww:passage>
  <p0826-teimww:passage id="ww_51792139395077e0">
    <knoraXmlImport:label>passage label</knoraXmlImport:label>
    <p0826-teimww:occursIn>
      <p0826-teimww:book knoraType="link_value" linkType="ref" target="ww_e256bd14313d2841"/>
    </p0826-teimww:occursIn>
  </p0826-teimww:passage>
  <p0826-teimww:passage id="ww_3d5568d1180671e4">
    <knoraXmlImport:label>passage label</knoraXmlImport:label>
    <p0826-teimww:occursIn>
      <p0826-teimww:book knoraType="link_value" linkType="ref" target="ww_a70c78f7c2563c1d"/>
    </p0826-teimww:occursIn>
    <p0826-teimww:text knoraType="richtext_value">[Catesby:] Rescue, my lord of Norfolk, rescue, rescue!&lt;br&gt;
The King enacts more wonders than a man,&lt;br&gt;
&lt;span class="quote"&gt;Daring an opposite to every danger. &lt;/span&gt;</p0826-teimww:text>
  </p0826-teimww:passage>
  <p0826-teimww:passage id="ww_082290bfd29c90c6">
    <knoraXmlImport:label>passage label</knoraXmlImport:label>
    <p0826-teimww:occursIn>
      <p0826-teimww:book knoraType="link_value" linkType="ref" target="ww_5af91280461707f1"/>
    </p0826-teimww:occursIn>
  </p0826-teimww:passage>
  <p0826-teimww:passage id="ww_fcfd477caf3dda40">
    <knoraXmlImport:label>passage label</knoraXmlImport:label>
    <p0826-teimww:occursIn>
      <p0826-teimww:book knoraType="link_value" linkType="ref" target="ww_a70c78f7c2563c1d"/>
    </p0826-teimww:occursIn>
    <p0826-teimww:text knoraType="richtext_value">[Richard:] Grim-visaged war hath smoothed his wrinkled front;&lt;br&gt;
And now, &lt;span class="quote"&gt;instead of mounting barbèd steeds&lt;br&gt;
To fright the souls of fearful adversaries,&lt;br&gt;
He capers nimbly in a lady's chamber&lt;br&gt;
To the lascivious pleasing of a lute.&lt;/span&gt;</p0826-teimww:text>
  </p0826-teimww:passage>
  <p0826-teimww:passage id="ww_f63a744ad74cf95b">
    <knoraXmlImport:label>passage label</knoraXmlImport:label>
    <p0826-teimww:occursIn>
      <p0826-teimww:book knoraType="link_value" linkType="ref" target="ww_12b8cda82738e9e2"/>
    </p0826-teimww:occursIn>
  </p0826-teimww:passage>
  <p0826-teimww:passage id="ww_6cc326149b8b3198">
    <knoraXmlImport:label>passage label</knoraXmlImport:label>
    <p0826-teimww:occursIn>
      <p0826-teimww:book knoraType="link_value" linkType="ref" target="ww_a70c78f7c2563c1d"/>
    </p0826-teimww:occursIn>
    <p0826-teimww:text knoraType="richtext_value">[Richard:] [...] Our ancient word of courage, fair Saint George, &lt;br&gt;
Inspire us with &lt;span class="quote"&gt;the spleen of fiery dragons.&lt;/span&gt;</p0826-teimww:text>
  </p0826-teimww:passage>
  <p0826-teimww:passage id="ww_d17be7be474ee71c">
    <knoraXmlImport:label>passage label</knoraXmlImport:label>
    <p0826-teimww:occursIn>
      <p0826-teimww:book knoraType="link_value" linkType="ref" target="ww_1140c36ab545b6d8"/>
    </p0826-teimww:occursIn>
  </p0826-teimww:passage>
  <p0826-teimww:passage id="ww_62b5a2d158d3d027">
    <knoraXmlImport:label>passage label</knoraXmlImport:label>
    <p0826-teimww:occursIn>
      <p0826-teimww:book knoraType="link_value" linkType="ref" target="ww_a70c78f7c2563c1d"/>
    </p0826-teimww:occursIn>
    <p0826-teimww:text knoraType="richtext_value">[Richard:] Slave, &lt;span class="quote"&gt;I have set my life upon a cast, &lt;br&gt;
And I will stand the hazard of the die.&lt;/span&gt;</p0826-teimww:text>
  </p0826-teimww:passage>
  <p0826-teimww:passage id="ww_69b615b85f2a02c7">
    <knoraXmlImport:label>passage label</knoraXmlImport:label>
    <p0826-teimww:occursIn>
      <p0826-teimww:book knoraType="link_value" linkType="ref" target="ww_1140c36ab545b6d8"/>
    </p0826-teimww:occursIn>
  </p0826-teimww:passage>
  <p0826-teimww:passage id="ww_ef02a499e8ccf6b0">
    <knoraXmlImport:label>passage label</knoraXmlImport:label>
    <p0826-teimww:occursIn>
      <p0826-teimww:book knoraType="link_value" linkType="ref" target="ww_a70c78f7c2563c1d"/>
    </p0826-teimww:occursIn>
    <p0826-teimww:text knoraType="richtext_value">[Richard:] My other self, &lt;span class="quote"&gt;my council's consistory &lt;/span&gt;[...].</p0826-teimww:text>
  </p0826-teimww:passage>
  <p0826-teimww:passage id="ww_887621c0bbb91497">
    <knoraXmlImport:label>passage label</knoraXmlImport:label>
    <p0826-teimww:occursIn>
      <p0826-teimww:book knoraType="link_value" linkType="ref" target="ww_1140c36ab545b6d8"/>
    </p0826-teimww:occursIn>
  </p0826-teimww:passage>
  <p0826-teimww:passage id="ww_5ea78e65c1c5747d">
    <knoraXmlImport:label>passage label</knoraXmlImport:label>
    <p0826-teimww:occursIn>
      <p0826-teimww:book knoraType="link_value" linkType="ref" target="ww_a70c78f7c2563c1d"/>
    </p0826-teimww:occursIn>
    <p0826-teimww:text knoraType="richtext_value">[Queen Elizabeth:] Wilt thou, O God, &lt;span class="quote"&gt;fly from such gentle lambs &lt;br&gt;
And throw them in the entrails of the wolf?&lt;/span&gt;</p0826-teimww:text>
  </p0826-teimww:passage>
  <p0826-teimww:passage id="ww_17528ae33ceeceb8">
    <knoraXmlImport:label>passage label</knoraXmlImport:label>
    <p0826-teimww:occursIn>
      <p0826-teimww:book knoraType="link_value" linkType="ref" target="ww_740f720d37d984d2"/>
    </p0826-teimww:occursIn>
    <p0826-teimww:text knoraType="richtext_value">[Hagges:] [...] &lt;span class="quote"&gt;Kill'd the black Cat, and here's the brain.&lt;/span&gt;</p0826-teimww:text>
  </p0826-teimww:passage>
  <p0826-teimww:passage id="ww_c761bc368f49daf4">
    <knoraXmlImport:label>passage label</knoraXmlImport:label>
    <p0826-teimww:occursIn>
      <p0826-teimww:book knoraType="link_value" linkType="ref" target="ww_d0062b214b9d3402"/>
    </p0826-teimww:occursIn>
  </p0826-teimww:passage>
  <p0826-teimww:passage id="ww_e207798a3b3e37d5">
    <knoraXmlImport:label>passage label</knoraXmlImport:label>
    <p0826-teimww:occursIn>
      <p0826-teimww:book knoraType="link_value" linkType="ref" target="ww_7b4aa85a9a3a75f4"/>
    </p0826-teimww:occursIn>
  </p0826-teimww:passage>
  <p0826-teimww:passage id="ww_9aef42974e80bf3f">
    <knoraXmlImport:label>passage label</knoraXmlImport:label>
    <p0826-teimww:occursIn>
      <p0826-teimww:book knoraType="link_value" linkType="ref" target="ww_a70c78f7c2563c1d"/>
    </p0826-teimww:occursIn>
    <p0826-teimww:text knoraType="richtext_value">[Queen Margaret:] &lt;span class="quote"&gt;Earth gapes, hell burns, fiends roar, saints pray&lt;/span&gt; […].</p0826-teimww:text>
  </p0826-teimww:passage>
  <p0826-teimww:passage id="ww_6f7c8d6e966db3a1">
    <knoraXmlImport:label>passage label</knoraXmlImport:label>
    <p0826-teimww:occursIn>
      <p0826-teimww:book knoraType="link_value" linkType="ref" target="ww_55bc1a3b04bf8a8d"/>
    </p0826-teimww:occursIn>
  </p0826-teimww:passage>
  <p0826-teimww:passage id="ww_2f23a140b7fc4330">
    <knoraXmlImport:label>passage label</knoraXmlImport:label>
    <p0826-teimww:occursIn>
      <p0826-teimww:book knoraType="link_value" linkType="ref" target="ww_a70c78f7c2563c1d"/>
    </p0826-teimww:occursIn>
    <p0826-teimww:text knoraType="richtext_value">[Anne] […] &lt;span class="quote"&gt; Or Earth gape open wide and eat him quick, &lt;br&gt;&lt;/span&gt;
As thou dost swallow up this good king's blood, &lt;br&gt;
Which his hell-governed arm hath butcherèd.</p0826-teimww:text>
  </p0826-teimww:passage>
  <p0826-teimww:passage id="ww_8134986f6f146b68">
    <knoraXmlImport:label>passage label</knoraXmlImport:label>
    <p0826-teimww:occursIn>
      <p0826-teimww:book knoraType="link_value" linkType="ref" target="ww_97955539c83b9cc3"/>
    </p0826-teimww:occursIn>
  </p0826-teimww:passage>
  <p0826-teimww:passage id="ww_ad4b66d09d051805">
    <knoraXmlImport:label>passage label</knoraXmlImport:label>
    <p0826-teimww:occursIn>
      <p0826-teimww:book knoraType="link_value" linkType="ref" target="ww_a70c78f7c2563c1d"/>
    </p0826-teimww:occursIn>
    <p0826-teimww:text knoraType="richtext_value">[Richard:] Up, cousin, up. &lt;span class="quote"&gt;Your heart is up, I know, &lt;br&gt;
Thus high at least (indicating his crown), although &lt;br&gt;
your knee be low.&lt;/span&gt;</p0826-teimww:text>
  </p0826-teimww:passage>
  <p0826-teimww:passage id="ww_1100b4ce66251fb0">
    <knoraXmlImport:label>passage label</knoraXmlImport:label>
    <p0826-teimww:occursIn>
      <p0826-teimww:book knoraType="link_value" linkType="ref" target="ww_1140c36ab545b6d8"/>
    </p0826-teimww:occursIn>
  </p0826-teimww:passage>
  <p0826-teimww:passage id="ww_d1db457d08c746ce">
    <knoraXmlImport:label>passage label</knoraXmlImport:label>
    <p0826-teimww:occursIn>
      <p0826-teimww:book knoraType="link_value" linkType="ref" target="ww_a70c78f7c2563c1d"/>
    </p0826-teimww:occursIn>
    <p0826-teimww:text knoraType="richtext_value">[Queen Elizabeth:] &lt;span class="quote"&gt;My words are dull&lt;/span&gt;. O, quicken them with thine! [...] &lt;br&gt;
[Duchess:] Why should calamity be full of words? &lt;br&gt;
[Queen Elizabeth:] Windy attorneys to their clients’ woes, &lt;br&gt;
Airy succeeders of intestate joys, &lt;br&gt;
Poor breathing orators of miseries, &lt;br&gt;
Let them have scope; though what they will impart &lt;br&gt;
Help nothing else, yet do they ease the heart.</p0826-teimww:text>
  </p0826-teimww:passage>
  <p0826-teimww:passage id="ww_3620fcafb61dcb51">
    <knoraXmlImport:label>passage label</knoraXmlImport:label>
    <p0826-teimww:occursIn>
      <p0826-teimww:book knoraType="link_value" linkType="ref" target="ww_1140c36ab545b6d8"/>
    </p0826-teimww:occursIn>
  </p0826-teimww:passage>
  <p0826-teimww:passage id="ww_6980be27ffb35dd2">
    <knoraXmlImport:label>passage label</knoraXmlImport:label>
    <p0826-teimww:occursIn>
      <p0826-teimww:book knoraType="link_value" linkType="ref" target="ww_a97f692ed045759b"/>
    </p0826-teimww:occursIn>
    <p0826-teimww:text knoraType="richtext_value">[Philip:] [...] Some twenty naked starvelings with small flints, &lt;br&gt;
Hath driven back a puissant host of men, &lt;br&gt;
Arrayed and fenced &lt;span class="quote"&gt;in all accomplements.&lt;/span&gt;</p0826-teimww:text>
  </p0826-teimww:passage>
  <p0826-teimww:passage id="ww_fe055fd877adfa43">
    <knoraXmlImport:label>passage label</knoraXmlImport:label>
    <p0826-teimww:occursIn>
      <p0826-teimww:book knoraType="link_value" linkType="ref" target="ww_5eeeb3e78e8b0bc3"/>
    </p0826-teimww:occursIn>
  </p0826-teimww:passage>
  <p0826-teimww:passage id="ww_a24857e161cd0411">
    <knoraXmlImport:label>passage label</knoraXmlImport:label>
    <p0826-teimww:occursIn>
      <p0826-teimww:book knoraType="link_value" linkType="ref" target="ww_7c6dc2f52fef22bc"/>
    </p0826-teimww:occursIn>
    <p0826-teimww:text knoraType="richtext_value">[Valentine:] &lt;span class="quote"&gt;For that which now torments me to rehearse;&lt;br&gt;
I killed a man, whose death I much repent, &lt;br&gt;
But yet I slew him manfully in fight &lt;br&gt;
Without false vantage or base treachery&lt;/span&gt;.</p0826-teimww:text>
  </p0826-teimww:passage>
  <p0826-teimww:passage id="ww_e7fc6b735ead376b">
    <knoraXmlImport:label>passage label</knoraXmlImport:label>
    <p0826-teimww:occursIn>
      <p0826-teimww:book knoraType="link_value" linkType="ref" target="ww_1140c36ab545b6d8"/>
    </p0826-teimww:occursIn>
  </p0826-teimww:passage>
  <p0826-teimww:passage id="ww_fe470e221d96df6f">
    <knoraXmlImport:label>passage label</knoraXmlImport:label>
    <p0826-teimww:occursIn>
      <p0826-teimww:book knoraType="link_value" linkType="ref" target="ww_5c5127969f9832c1"/>
    </p0826-teimww:occursIn>
    <p0826-teimww:text knoraType="richtext_value">[Tom:] And if your honour please to hunt the deer, &lt;br&gt;
&lt;span class="quote"&gt;Your hounds stands ready coupled at the door, &lt;br&gt; 
Who in running will o'ertake the Row, &lt;br&gt;
And make the long breathed Tyger broken winded. &lt;/span&gt;</p0826-teimww:text>
  </p0826-teimww:passage>
  <p0826-teimww:passage id="ww_5db59c5a9c48a538">
    <knoraXmlImport:label>passage label</knoraXmlImport:label>
    <p0826-teimww:occursIn>
      <p0826-teimww:book knoraType="link_value" linkType="ref" target="ww_5c5127969f9832c1"/>
    </p0826-teimww:occursIn>
    <p0826-teimww:text knoraType="richtext_value">[Aurelius:] [...] But stay; what dames are these so bright of hue &lt;br&gt;
Whose &lt;span class="quote"&gt;eyes are brighter than the lamps of heaven &lt;/span&gt;[...].</p0826-teimww:text>
  </p0826-teimww:passage>
  <p0826-teimww:passage id="ww_b6b91c70109a5a6b">
    <knoraXmlImport:label>passage label</knoraXmlImport:label>
    <p0826-teimww:occursIn>
      <p0826-teimww:book knoraType="link_value" linkType="ref" target="ww_5c5127969f9832c1"/>
    </p0826-teimww:occursIn>
    <p0826-teimww:text knoraType="richtext_value">[Ferando:] [...] Yet would I &lt;span class="quote"&gt;pull her down and make her come &lt;br&gt; 
As hungry hawks do fly unto their lure.&lt;/span&gt;</p0826-teimww:text>
  </p0826-teimww:passage>
  <p0826-teimww:passage id="ww_7cfa6bb7eff455f2">
    <knoraXmlImport:label>passage label</knoraXmlImport:label>
    <p0826-teimww:occursIn>
      <p0826-teimww:book knoraType="link_value" linkType="ref" target="ww_5c5127969f9832c1"/>
    </p0826-teimww:occursIn>
    <p0826-teimww:text knoraType="richtext_value">[Kate:] Fair lovely lady, bright and Crystalline, &lt;br&gt;
Beauteous and stately as the eye-trained bird, &lt;br&gt;
As glorious as &lt;span class="quote"&gt;the morning washed with dew &lt;/span&gt;[...].</p0826-teimww:text>
  </p0826-teimww:passage>
  <p0826-teimww:passage id="ww_fb9e75b37034f400">
    <knoraXmlImport:label>passage label</knoraXmlImport:label>
    <p0826-teimww:occursIn>
      <p0826-teimww:book knoraType="link_value" linkType="ref" target="ww_7c6dc2f52fef22bc"/>
    </p0826-teimww:occursIn>
    <p0826-teimww:text knoraType="richtext_value">[Speed:] Why then, how stands the matter with them?&lt;br&gt;
[Lance:] Marry, thus: when it stands well with him, it stands well with her.&lt;br&gt;
[Speed:] What an ass art thou! I understand thee not.&lt;br&gt;
[Lance:] What a block art thou that thou canst not! My staff understands me.&lt;br&gt;
[Speed:] What thou sayst?&lt;br&gt;
[Lance:] &lt;span class="quote"&gt;Ay, and what I do too. Look thee, I'll but lean, and my staff understands me.&lt;/span&gt;&lt;br&gt;
[Speed:] &lt;span class="quote"&gt;It stands under thee indeed.&lt;/span&gt;&lt;br&gt;
[Lance:] &lt;span class="quote"&gt;Why, "stand under" and "understand" is all one.&lt;/span&gt;</p0826-teimww:text>
  </p0826-teimww:passage>
  <p0826-teimww:passage id="ww_21f77dbb4a0912a3">
    <knoraXmlImport:label>passage label</knoraXmlImport:label>
    <p0826-teimww:occursIn>
      <p0826-teimww:book knoraType="link_value" linkType="ref" target="ww_df2b8c2f18df151a"/>
    </p0826-teimww:occursIn>
  </p0826-teimww:passage>
  <p0826-teimww:passage id="ww_40d40403f3e2b2ad">
    <knoraXmlImport:label>passage label</knoraXmlImport:label>
    <p0826-teimww:occursIn>
      <p0826-teimww:book knoraType="link_value" linkType="ref" target="ww_b5ea9b35c899d367"/>
    </p0826-teimww:occursIn>
  </p0826-teimww:passage>
  <p0826-teimww:passage id="ww_2e420556d312f20a">
    <knoraXmlImport:label>passage label</knoraXmlImport:label>
    <p0826-teimww:occursIn>
      <p0826-teimww:book knoraType="link_value" linkType="ref" target="ww_7c6dc2f52fef22bc"/>
    </p0826-teimww:occursIn>
    <p0826-teimww:text knoraType="richtext_value">[Proteus:] [...] for you know &lt;span class="quote"&gt;that love &lt;br&gt;
Will creep in service where it cannot go.&lt;/span&gt;</p0826-teimww:text>
  </p0826-teimww:passage>
  <p0826-teimww:passage id="ww_116731c143995708">
    <knoraXmlImport:label>passage label</knoraXmlImport:label>
    <p0826-teimww:occursIn>
      <p0826-teimww:book knoraType="link_value" linkType="ref" target="ww_1140c36ab545b6d8"/>
    </p0826-teimww:occursIn>
  </p0826-teimww:passage>
  <p0826-teimww:passage id="ww_f47083deb9528876">
    <knoraXmlImport:label>passage label</knoraXmlImport:label>
    <p0826-teimww:occursIn>
      <p0826-teimww:book knoraType="link_value" linkType="ref" target="ww_0d665e488e8f55e8"/>
    </p0826-teimww:occursIn>
    <p0826-teimww:text knoraType="richtext_value">Her lily hand her rosy cheek lies under,&lt;br&gt;
Coz’ning the pillow of a lawful kiss,&lt;br&gt;
Who, therefore angry, seems to part in sunder,&lt;br&gt;
Swelling on either side to want his bliss;&lt;br&gt;
Between whose hills her head entombèd is,&lt;br&gt;
Where like a virtuous monument she lies,&lt;br&gt;
To be admired of lewd unhallowed eyes.&lt;br&gt;
&lt;br&gt;
Without the bed her other fair hand was,&lt;br&gt;
On the green coverlet, whose perfect white&lt;br&gt;
Showed like an April daisy on the grass,&lt;br&gt;
&lt;span class="quote"&gt;With pearly sweat resembling dew of night.&lt;br&gt;
Her eyes, like marigolds, had sheathed their light&lt;br&gt;
And, canopied in darkness, sweetly lay&lt;br&gt;
Till they might open to adorn the day.&lt;/span&gt;</p0826-teimww:text>
  </p0826-teimww:passage>
  <p0826-teimww:passage id="ww_b7ccde01408b064d">
    <knoraXmlImport:label>passage label</knoraXmlImport:label>
    <p0826-teimww:occursIn>
      <p0826-teimww:book knoraType="link_value" linkType="ref" target="ww_1140c36ab545b6d8"/>
    </p0826-teimww:occursIn>
  </p0826-teimww:passage>
  <p0826-teimww:passage id="ww_756389fad238d1e7">
    <knoraXmlImport:label>passage label</knoraXmlImport:label>
    <p0826-teimww:occursIn>
      <p0826-teimww:book knoraType="link_value" linkType="ref" target="ww_1e4f95f951f2169f"/>
    </p0826-teimww:occursIn>
    <p0826-teimww:text knoraType="richtext_value">[Bottom:] Let me play the lion too. I will roar that I will do any man’s heart good to hear me. I will roar that I will make the Duke say "&lt;span class="quote"&gt;Let him roar again. Let him roar again!&lt;/span&gt;"</p0826-teimww:text>
  </p0826-teimww:passage>
  <p0826-teimww:passage id="ww_7a651d2e2bd1609e">
    <knoraXmlImport:label>passage label</knoraXmlImport:label>
    <p0826-teimww:occursIn>
      <p0826-teimww:book knoraType="link_value" linkType="ref" target="ww_1140c36ab545b6d8"/>
    </p0826-teimww:occursIn>
  </p0826-teimww:passage>
  <p0826-teimww:passage id="ww_73cd565b69095e9c">
    <knoraXmlImport:label>passage label</knoraXmlImport:label>
    <p0826-teimww:occursIn>
      <p0826-teimww:book knoraType="link_value" linkType="ref" target="ww_dfd8d9b13312aac6"/>
    </p0826-teimww:occursIn>
    <p0826-teimww:text knoraType="richtext_value">[Nurse:]  [...] "Yea," quoth he, "Dost thou fall upon thy face?&lt;br&gt;
Thou wilt &lt;span class="quote"&gt;fall backward &lt;/span&gt;when thou hast more wit, &lt;br&gt;
Wilt thou not, Jule?"</p0826-teimww:text>
  </p0826-teimww:passage>
  <p0826-teimww:passage id="ww_14df7eba1294d7a9">
    <knoraXmlImport:label>passage label</knoraXmlImport:label>
    <p0826-teimww:occursIn>
      <p0826-teimww:book knoraType="link_value" linkType="ref" target="ww_5eeeb3e78e8b0bc3"/>
    </p0826-teimww:occursIn>
  </p0826-teimww:passage>
  <p0826-teimww:passage id="ww_679027afab6c252a">
    <knoraXmlImport:label>passage label</knoraXmlImport:label>
    <p0826-teimww:occursIn>
      <p0826-teimww:book knoraType="link_value" linkType="ref" target="ww_1e4f95f951f2169f"/>
    </p0826-teimww:occursIn>
    <p0826-teimww:text knoraType="richtext_value">[Helena:] Your virtue is my privilege. For that &lt;br&gt;
It is not night when I do see your face,&lt;br&gt;
Therefore I think I am not in the night.&lt;br&gt;
&lt;span class="quote"&gt;Nor doth this wood lack worlds of company,&lt;br&gt;
For you, in my respect, are all the world.&lt;/span&gt;</p0826-teimww:text>
  </p0826-teimww:passage>
  <p0826-teimww:passage id="ww_a90b8ecb1e05fad6">
    <knoraXmlImport:label>passage label</knoraXmlImport:label>
    <p0826-teimww:occursIn>
      <p0826-teimww:book knoraType="link_value" linkType="ref" target="ww_5af91280461707f1"/>
    </p0826-teimww:occursIn>
  </p0826-teimww:passage>
  <p0826-teimww:passage id="ww_9d5b5d5f6c5a0666">
    <knoraXmlImport:label>passage label</knoraXmlImport:label>
    <p0826-teimww:occursIn>
      <p0826-teimww:book knoraType="link_value" linkType="ref" target="ww_dfd8d9b13312aac6"/>
    </p0826-teimww:occursIn>
    <p0826-teimww:text knoraType="richtext_value">[Romeo:] A thousand times the worse to want thy light. &lt;br&gt;
&lt;span class="quote"&gt;Love goes toward love as schoolboys from their books,&lt;br&gt;
But love from love, toward school with heavy looks.&lt;/span&gt;</p0826-teimww:text>
  </p0826-teimww:passage>
  <p0826-teimww:passage id="ww_0e12f6efd8ab4bfa">
    <knoraXmlImport:label>passage label</knoraXmlImport:label>
    <p0826-teimww:occursIn>
      <p0826-teimww:book knoraType="link_value" linkType="ref" target="ww_1140c36ab545b6d8"/>
    </p0826-teimww:occursIn>
  </p0826-teimww:passage>
  <p0826-teimww:passage id="ww_3d04dbd99f873b8c">
    <knoraXmlImport:label>passage label</knoraXmlImport:label>
    <p0826-teimww:occursIn>
      <p0826-teimww:book knoraType="link_value" linkType="ref" target="ww_1e4f95f951f2169f"/>
    </p0826-teimww:occursIn>
    <p0826-teimww:text knoraType="richtext_value">[Theseus:] But earthlier happy is&lt;span class="quote"&gt; the rose distilled&lt;/span&gt;&lt;br&gt;
Than that which, withering on the virgin thorn,&lt;br&gt;
Grows, lives, and dies in single blessedness.</p0826-teimww:text>
  </p0826-teimww:passage>
  <p0826-teimww:passage id="ww_18a63d6a1bbfe94c">
    <knoraXmlImport:label>passage label</knoraXmlImport:label>
    <p0826-teimww:occursIn>
      <p0826-teimww:book knoraType="link_value" linkType="ref" target="ww_12b8cda82738e9e2"/>
    </p0826-teimww:occursIn>
  </p0826-teimww:passage>
  <p0826-teimww:passage id="ww_833ddd247b9cb18e">
    <knoraXmlImport:label>passage label</knoraXmlImport:label>
    <p0826-teimww:occursIn>
      <p0826-teimww:book knoraType="link_value" linkType="ref" target="ww_dfd8d9b13312aac6"/>
    </p0826-teimww:occursIn>
    <p0826-teimww:text knoraType="richtext_value">[Capulet:] [...] &lt;span class="quote"&gt;A hall! a hall! give room and foot it, girls.&lt;/span&gt;</p0826-teimww:text>
  </p0826-teimww:passage>
  <p0826-teimww:passage id="ww_4b6dfb2a89436c2c">
    <knoraXmlImport:label>passage label</knoraXmlImport:label>
    <p0826-teimww:occursIn>
      <p0826-teimww:book knoraType="link_value" linkType="ref" target="ww_1140c36ab545b6d8"/>
    </p0826-teimww:occursIn>
  </p0826-teimww:passage>
  <p0826-teimww:passage id="ww_e2355be509a90089">
    <knoraXmlImport:label>passage label</knoraXmlImport:label>
    <p0826-teimww:occursIn>
      <p0826-teimww:book knoraType="link_value" linkType="ref" target="ww_1e4f95f951f2169f"/>
    </p0826-teimww:occursIn>
    <p0826-teimww:text knoraType="richtext_value">[Hermia:] Take comfort: he no more shall see my face.&lt;br&gt;
Lysander and myself will fly this place.&lt;br&gt;
Before the time I did Lysander see&lt;br&gt;
Seemed Athens as a paradise to me.	&lt;br&gt;
O, then, &lt;span class="quote"&gt;what graces in my love do dwell&lt;br&gt;
That he hath turned a heaven unto a hell!&lt;/span&gt;</p0826-teimww:text>
  </p0826-teimww:passage>
  <p0826-teimww:passage id="ww_202bb6f4908068b4">
    <knoraXmlImport:label>passage label</knoraXmlImport:label>
    <p0826-teimww:occursIn>
      <p0826-teimww:book knoraType="link_value" linkType="ref" target="ww_1140c36ab545b6d8"/>
    </p0826-teimww:occursIn>
  </p0826-teimww:passage>
  <p0826-teimww:passage id="ww_b264c97e20404dc5">
    <knoraXmlImport:label>passage label</knoraXmlImport:label>
    <p0826-teimww:occursIn>
      <p0826-teimww:book knoraType="link_value" linkType="ref" target="ww_dfd8d9b13312aac6"/>
    </p0826-teimww:occursIn>
    <p0826-teimww:text knoraType="richtext_value">[Mercutio:] [...] &lt;span class="quote"&gt;He heareth not, he stirreth not, he moveth not.&lt;/span&gt;</p0826-teimww:text>
  </p0826-teimww:passage>
  <p0826-teimww:passage id="ww_1dabf20690973d3e">
    <knoraXmlImport:label>passage label</knoraXmlImport:label>
    <p0826-teimww:occursIn>
      <p0826-teimww:book knoraType="link_value" linkType="ref" target="ww_1140c36ab545b6d8"/>
    </p0826-teimww:occursIn>
  </p0826-teimww:passage>
  <p0826-teimww:passage id="ww_25e987b4f8e324d0">
    <knoraXmlImport:label>passage label</knoraXmlImport:label>
    <p0826-teimww:occursIn>
      <p0826-teimww:book knoraType="link_value" linkType="ref" target="ww_c8e25bef891b5536"/>
    </p0826-teimww:occursIn>
    <p0826-teimww:text knoraType="richtext_value">[Mowbray:] Setting aside his high blood’s royalty,&lt;br&gt;
And let him be no kinsman to my liege,&lt;br&gt;
I do defy him, and I spit at him,&lt;br&gt;
Call him a slanderous coward and a villain,&lt;br&gt;
Which to maintain &lt;span class="quote"&gt;I would allow him odds&lt;br&gt;
And meet him, were I tied to run afoot&lt;br&gt;
Even to the frozen ridges of the Alps&lt;/span&gt;&lt;br&gt;
Or any other ground inhabitable&lt;br&gt;
Wherever Englishman durst set his foot. </p0826-teimww:text>
  </p0826-teimww:passage>
  <p0826-teimww:passage id="ww_c28d589833b0ac66">
    <knoraXmlImport:label>passage label</knoraXmlImport:label>
    <p0826-teimww:occursIn>
      <p0826-teimww:book knoraType="link_value" linkType="ref" target="ww_5af91280461707f1"/>
    </p0826-teimww:occursIn>
  </p0826-teimww:passage>
  <p0826-teimww:passage id="ww_2dc9b7d305e7b5f6">
    <knoraXmlImport:label>passage label</knoraXmlImport:label>
    <p0826-teimww:occursIn>
      <p0826-teimww:book knoraType="link_value" linkType="ref" target="ww_c8e25bef891b5536"/>
    </p0826-teimww:occursIn>
    <p0826-teimww:text knoraType="richtext_value">[Gaunt:] [...] That &lt;span class="quote"&gt;blood already, like the pelican, &lt;br&gt;
Hast thou tapped out &lt;/span&gt;and drunkenly caroused.</p0826-teimww:text>
  </p0826-teimww:passage>
  <p0826-teimww:passage id="ww_f6902573e717e0e1">
    <knoraXmlImport:label>passage label</knoraXmlImport:label>
    <p0826-teimww:occursIn>
      <p0826-teimww:book knoraType="link_value" linkType="ref" target="ww_dfd8d9b13312aac6"/>
    </p0826-teimww:occursIn>
    <p0826-teimww:text knoraType="richtext_value">[Juliet:] &lt;span class="quote"&gt;Ancient damnation, O most wicked fiend!&lt;/span&gt;</p0826-teimww:text>
  </p0826-teimww:passage>
  <p0826-teimww:passage id="ww_ab8f82708b6ffa48">
    <knoraXmlImport:label>passage label</knoraXmlImport:label>
    <p0826-teimww:occursIn>
      <p0826-teimww:book knoraType="link_value" linkType="ref" target="ww_1140c36ab545b6d8"/>
    </p0826-teimww:occursIn>
  </p0826-teimww:passage>
  <p0826-teimww:passage id="ww_036270c82c3dcceb">
    <knoraXmlImport:label>passage label</knoraXmlImport:label>
    <p0826-teimww:occursIn>
      <p0826-teimww:book knoraType="link_value" linkType="ref" target="ww_dfd8d9b13312aac6"/>
    </p0826-teimww:occursIn>
    <p0826-teimww:text knoraType="richtext_value">[Juliet:] Spread &lt;span class="quote"&gt;thy close curtain, love-performing night,&lt;br&gt;&lt;/span&gt;
That runaways' eyes may wink, and Romeo&lt;br&gt;
Leap to these arms, untalked of and unseen.</p0826-teimww:text>
  </p0826-teimww:passage>
  <p0826-teimww:passage id="ww_a216c746734f57b6">
    <knoraXmlImport:label>passage label</knoraXmlImport:label>
    <p0826-teimww:occursIn>
      <p0826-teimww:book knoraType="link_value" linkType="ref" target="ww_1140c36ab545b6d8"/>
    </p0826-teimww:occursIn>
  </p0826-teimww:passage>
  <p0826-teimww:passage id="ww_62108dd0dd4975a9">
    <knoraXmlImport:label>passage label</knoraXmlImport:label>
    <p0826-teimww:occursIn>
      <p0826-teimww:book knoraType="link_value" linkType="ref" target="ww_dfd8d9b13312aac6"/>
    </p0826-teimww:occursIn>
    <p0826-teimww:text knoraType="richtext_value">[Capulet:] [...] At my poor house look to behold this night &lt;br&gt;
&lt;span class="quote"&gt;Earth-treading stars that make dark heaven light.&lt;/span&gt;</p0826-teimww:text>
  </p0826-teimww:passage>
  <p0826-teimww:passage id="ww_90c13e9cbd4f331e">
    <knoraXmlImport:label>passage label</knoraXmlImport:label>
    <p0826-teimww:occursIn>
      <p0826-teimww:book knoraType="link_value" linkType="ref" target="ww_1140c36ab545b6d8"/>
    </p0826-teimww:occursIn>
  </p0826-teimww:passage>
  <p0826-teimww:passage id="ww_b278948cb1a6fc6d">
    <knoraXmlImport:label>passage label</knoraXmlImport:label>
    <p0826-teimww:occursIn>
      <p0826-teimww:book knoraType="link_value" linkType="ref" target="ww_dfd8d9b13312aac6"/>
    </p0826-teimww:occursIn>
    <p0826-teimww:text knoraType="richtext_value">[Nurse:] Scurvy knave, &lt;span class="quote"&gt;I am none of his flirt-gills; &lt;/span&gt;I am none of his skains-mates.</p0826-teimww:text>
  </p0826-teimww:passage>
  <p0826-teimww:passage id="ww_094b145ebc578287">
    <knoraXmlImport:label>passage label</knoraXmlImport:label>
    <p0826-teimww:occursIn>
      <p0826-teimww:book knoraType="link_value" linkType="ref" target="ww_1e4f95f951f2169f"/>
    </p0826-teimww:occursIn>
    <p0826-teimww:text knoraType="richtext_value">[Flute:] [...] Come, blade, my breast imbrue! &lt;br&gt;
(Thisbe stabs herself) &lt;br&gt;
And farewell, friends. &lt;br&gt;
Thus &lt;span class="quote"&gt;Thisbe ends. &lt;br&gt;
Adieu, adieu, adieu&lt;/span&gt;.</p0826-teimww:text>
  </p0826-teimww:passage>
  <p0826-teimww:passage id="ww_616ede016f6e16f0">
    <knoraXmlImport:label>passage label</knoraXmlImport:label>
    <p0826-teimww:occursIn>
      <p0826-teimww:book knoraType="link_value" linkType="ref" target="ww_1140c36ab545b6d8"/>
    </p0826-teimww:occursIn>
  </p0826-teimww:passage>
  <p0826-teimww:passage id="ww_2a9b5e1cea74ff40">
    <knoraXmlImport:label>passage label</knoraXmlImport:label>
    <p0826-teimww:occursIn>
      <p0826-teimww:book knoraType="link_value" linkType="ref" target="ww_c8e25bef891b5536"/>
    </p0826-teimww:occursIn>
    <p0826-teimww:text knoraType="richtext_value">[Carlisle:] &lt;span class="quote"&gt;The blood of English shall manure the ground &lt;/span&gt;[…].</p0826-teimww:text>
  </p0826-teimww:passage>
  <p0826-teimww:passage id="ww_0c7562b072b7907e">
    <knoraXmlImport:label>passage label</knoraXmlImport:label>
    <p0826-teimww:occursIn>
      <p0826-teimww:book knoraType="link_value" linkType="ref" target="ww_97955539c83b9cc3"/>
    </p0826-teimww:occursIn>
  </p0826-teimww:passage>
  <p0826-teimww:passage id="ww_20bbabb8f92f954e">
    <knoraXmlImport:label>passage label</knoraXmlImport:label>
    <p0826-teimww:occursIn>
      <p0826-teimww:book knoraType="link_value" linkType="ref" target="ww_c8e25bef891b5536"/>
    </p0826-teimww:occursIn>
    <p0826-teimww:text knoraType="richtext_value">[Bagot:] Farewell. If heart's presages be not vain, &lt;br&gt;
&lt;span class="quote"&gt;We three here part that ne’er shall meet again&lt;/span&gt;.</p0826-teimww:text>
  </p0826-teimww:passage>
  <p0826-teimww:passage id="ww_16f2df5cfa6b0c0b">
    <knoraXmlImport:label>passage label</knoraXmlImport:label>
    <p0826-teimww:occursIn>
      <p0826-teimww:book knoraType="link_value" linkType="ref" target="ww_dfd8d9b13312aac6"/>
    </p0826-teimww:occursIn>
    <p0826-teimww:text knoraType="richtext_value">[Lady Capulet:] I would the fool were &lt;span class="quote"&gt;married to her grave.&lt;/span&gt;</p0826-teimww:text>
  </p0826-teimww:passage>
  <p0826-teimww:passage id="ww_c827d909d8143db6">
    <knoraXmlImport:label>passage label</knoraXmlImport:label>
    <p0826-teimww:occursIn>
      <p0826-teimww:book knoraType="link_value" linkType="ref" target="ww_1140c36ab545b6d8"/>
    </p0826-teimww:occursIn>
  </p0826-teimww:passage>
  <p0826-teimww:passage id="ww_f2a9cc6499b1b6df">
    <knoraXmlImport:label>passage label</knoraXmlImport:label>
    <p0826-teimww:occursIn>
      <p0826-teimww:book knoraType="link_value" linkType="ref" target="ww_1e4f95f951f2169f"/>
    </p0826-teimww:occursIn>
    <p0826-teimww:text knoraType="richtext_value">[Titania:] Come, sit thee down upon this&lt;span class="quote"&gt; flow'ry bed&lt;/span&gt;, &lt;br/&gt;
While I thy amiable cheeks do coy, &lt;br/&gt;
And stick muskroses in thy sleek smooth head [...].</p0826-teimww:text>
  </p0826-teimww:passage>
  <p0826-teimww:passage id="ww_3d69853f1031d006">
    <knoraXmlImport:label>passage label</knoraXmlImport:label>
    <p0826-teimww:occursIn>
      <p0826-teimww:book knoraType="link_value" linkType="ref" target="ww_1140c36ab545b6d8"/>
    </p0826-teimww:occursIn>
  </p0826-teimww:passage>
  <p0826-teimww:passage id="ww_c8e8777b4c144295">
    <knoraXmlImport:label>passage label</knoraXmlImport:label>
    <p0826-teimww:occursIn>
      <p0826-teimww:book knoraType="link_value" linkType="ref" target="ww_dfd8d9b13312aac6"/>
    </p0826-teimww:occursIn>
    <p0826-teimww:text knoraType="richtext_value">&lt;span class="annotation"&gt;Romeo, in the garden of the Capulet family, talks with Juliet, who is standing at the window of her bedroom.&lt;/span&gt; </p0826-teimww:text>
  </p0826-teimww:passage>
  <p0826-teimww:passage id="ww_457d50c8212ee336">
    <knoraXmlImport:label>passage label</knoraXmlImport:label>
    <p0826-teimww:occursIn>
      <p0826-teimww:book knoraType="link_value" linkType="ref" target="ww_dfd8d9b13312aac6"/>
    </p0826-teimww:occursIn>
    <p0826-teimww:text knoraType="richtext_value">[Mercutio:] [...] Even now &lt;span class="quote"&gt;the frozen bosom of the north &lt;/span&gt;[...].</p0826-teimww:text>
  </p0826-teimww:passage>
  <p0826-teimww:passage id="ww_6d7435d7a43effa5">
    <knoraXmlImport:label>passage label</knoraXmlImport:label>
    <p0826-teimww:occursIn>
      <p0826-teimww:book knoraType="link_value" linkType="ref" target="ww_1140c36ab545b6d8"/>
    </p0826-teimww:occursIn>
  </p0826-teimww:passage>
  <p0826-teimww:passage id="ww_f10d1c559411029b">
    <knoraXmlImport:label>passage label</knoraXmlImport:label>
    <p0826-teimww:occursIn>
      <p0826-teimww:book knoraType="link_value" linkType="ref" target="ww_c8e25bef891b5536"/>
    </p0826-teimww:occursIn>
    <p0826-teimww:text knoraType="richtext_value">[Bolingbroke:] &lt;span class="quote"&gt;My heart will sigh when I miscall it so &lt;/span&gt;[…].</p0826-teimww:text>
  </p0826-teimww:passage>
  <p0826-teimww:passage id="ww_db64373817e71a18">
    <knoraXmlImport:label>passage label</knoraXmlImport:label>
    <p0826-teimww:occursIn>
      <p0826-teimww:book knoraType="link_value" linkType="ref" target="ww_dfd8d9b13312aac6"/>
    </p0826-teimww:occursIn>
    <p0826-teimww:text knoraType="richtext_value">[Juliet:] &lt;span class="quote"&gt;O, bid me leap, rather than marry Paris,&lt;br&gt;&lt;/span&gt;
From off the battlements of any tower,&lt;br&gt;
Or walk in thievish ways, or bid me lurk&lt;br&gt;
Where serpents are. Chain me with roaring bears,&lt;br&gt;
Or hide me nightly in a charnel house,&lt;br&gt;
O’ercovered quite with dead men’s rattling bones,&lt;br&gt;
With reeky shanks and yellow skulls.&lt;br&gt;
Or bid me go into a new-made grave&lt;br&gt;
And hide me with a dead man in his shroud.</p0826-teimww:text>
  </p0826-teimww:passage>
  <p0826-teimww:passage id="ww_df8005940d70ba0a">
    <knoraXmlImport:label>passage label</knoraXmlImport:label>
    <p0826-teimww:occursIn>
      <p0826-teimww:book knoraType="link_value" linkType="ref" target="ww_12b8cda82738e9e2"/>
    </p0826-teimww:occursIn>
  </p0826-teimww:passage>
  <p0826-teimww:passage id="ww_ec29839f85a95bd5">
    <knoraXmlImport:label>passage label</knoraXmlImport:label>
    <p0826-teimww:occursIn>
      <p0826-teimww:book knoraType="link_value" linkType="ref" target="ww_dfd8d9b13312aac6"/>
    </p0826-teimww:occursIn>
    <p0826-teimww:text knoraType="richtext_value">[Juliet:] &lt;span class="quote"&gt;At lovers' perjuries, &lt;br&gt;
They say, Jove laughs.&lt;/span&gt;</p0826-teimww:text>
  </p0826-teimww:passage>
  <p0826-teimww:passage id="ww_391099d7c6b676c8">
    <knoraXmlImport:label>passage label</knoraXmlImport:label>
    <p0826-teimww:occursIn>
      <p0826-teimww:book knoraType="link_value" linkType="ref" target="ww_1140c36ab545b6d8"/>
    </p0826-teimww:occursIn>
  </p0826-teimww:passage>
  <p0826-teimww:passage id="ww_a618823495e35be1">
    <knoraXmlImport:label>passage label</knoraXmlImport:label>
    <p0826-teimww:occursIn>
      <p0826-teimww:book knoraType="link_value" linkType="ref" target="ww_dfd8d9b13312aac6"/>
    </p0826-teimww:occursIn>
    <p0826-teimww:text knoraType="richtext_value">[Romeo:] Look, love, what envious streaks&lt;br&gt;
Do lace the severing clouds in yonder east.&lt;br&gt;
&lt;span class="quote"&gt;Night's candles are burnt out, &lt;/span&gt;and jocund day&lt;br&gt;
Stands tiptoe on the misty mountain-tops.&lt;br&gt;
&lt;span class="quote"&gt;I must be gone and live, or stay and die.&lt;br&gt;
[Juliet:] Yond light is not daylight, I know it, I.[...]&lt;br&gt;
Therefore stay yet. Thou need'st not to be gone.&lt;br&gt;
[Romeo:] [...] I'll say yon gray is not the morning's eye&lt;/span&gt;;&lt;br&gt;
'Tis but the pale reflex of Cynthia’s brow.&lt;br&gt;
Nor that is not the lark whose notes do beat&lt;br&gt;
The vaulty heaven so high above our heads.&lt;br&gt;
I have more care to stay than will to go.&lt;br&gt;
Come death and welcome. Juliet wills it so.&lt;br&gt;
How is 't, my soul? Let's talk. It is not day.&lt;br&gt;
[Juliet:] It is, it is. Hie hence, begone, away!</p0826-teimww:text>
  </p0826-teimww:passage>
  <p0826-teimww:passage id="ww_499712b9d9397746">
    <knoraXmlImport:label>passage label</knoraXmlImport:label>
    <p0826-teimww:occursIn>
      <p0826-teimww:book knoraType="link_value" linkType="ref" target="ww_1140c36ab545b6d8"/>
    </p0826-teimww:occursIn>
  </p0826-teimww:passage>
  <p0826-teimww:passage id="ww_746f81830cb06031">
    <knoraXmlImport:label>passage label</knoraXmlImport:label>
    <p0826-teimww:occursIn>
      <p0826-teimww:book knoraType="link_value" linkType="ref" target="ww_dfd8d9b13312aac6"/>
    </p0826-teimww:occursIn>
    <p0826-teimww:text knoraType="richtext_value">[Romeo:] [...] Let wantons light of heart &lt;br/&gt;
&lt;span class="quote"&gt;Tickle the senseless rushes &lt;/span&gt;with their heels [...].</p0826-teimww:text>
  </p0826-teimww:passage>
  <p0826-teimww:passage id="ww_e0b4a6d97a90fdc0">
    <knoraXmlImport:label>passage label</knoraXmlImport:label>
    <p0826-teimww:occursIn>
      <p0826-teimww:book knoraType="link_value" linkType="ref" target="ww_1140c36ab545b6d8"/>
    </p0826-teimww:occursIn>
  </p0826-teimww:passage>
  <p0826-teimww:passage id="ww_98885ebbc8851b82">
    <knoraXmlImport:label>passage label</knoraXmlImport:label>
    <p0826-teimww:occursIn>
      <p0826-teimww:book knoraType="link_value" linkType="ref" target="ww_1e4f95f951f2169f"/>
    </p0826-teimww:occursIn>
    <p0826-teimww:text knoraType="richtext_value">[Egeus:] [...] Thou hast by moonlight at her window sung &lt;br&gt;
With feigning voice verses of feigning love &lt;br&gt;
And stol'n the impression of her fantasy &lt;br&gt;
With &lt;span class="quote"&gt;bracelets of thy hair, &lt;/span&gt;rings, gauds, conceits, &lt;br&gt;
Knacks, trifles, nosegays, sweetmeats [...].</p0826-teimww:text>
  </p0826-teimww:passage>
  <p0826-teimww:passage id="ww_50d8306eeec98d38">
    <knoraXmlImport:label>passage label</knoraXmlImport:label>
    <p0826-teimww:occursIn>
      <p0826-teimww:book knoraType="link_value" linkType="ref" target="ww_5eeeb3e78e8b0bc3"/>
    </p0826-teimww:occursIn>
  </p0826-teimww:passage>
  <p0826-teimww:passage id="ww_b37743044752bbf1">
    <knoraXmlImport:label>passage label</knoraXmlImport:label>
    <p0826-teimww:occursIn>
      <p0826-teimww:book knoraType="link_value" linkType="ref" target="ww_dfd8d9b13312aac6"/>
    </p0826-teimww:occursIn>
    <p0826-teimww:text knoraType="richtext_value">[Mercutio:] [...] (singing) &lt;i&gt; &lt;span class="quote"&gt;An old hare hoar, &lt;br&gt;
And an old hare hoar, &lt;br&gt;
Is very good meat in Lent. &lt;br&gt;
But a hare that is hoar &lt;br&gt;
Is too much for a score &lt;br&gt;
When it hoars ere it be spent. &lt;/i&gt; &lt;/span&gt;</p0826-teimww:text>
  </p0826-teimww:passage>
  <p0826-teimww:passage id="ww_ca3066015e2d726f">
    <knoraXmlImport:label>passage label</knoraXmlImport:label>
    <p0826-teimww:occursIn>
      <p0826-teimww:book knoraType="link_value" linkType="ref" target="ww_5eeeb3e78e8b0bc3"/>
    </p0826-teimww:occursIn>
  </p0826-teimww:passage>
  <p0826-teimww:passage id="ww_c467460dc3ed9fe1">
    <knoraXmlImport:label>passage label</knoraXmlImport:label>
    <p0826-teimww:occursIn>
      <p0826-teimww:book knoraType="link_value" linkType="ref" target="ww_dfd8d9b13312aac6"/>
    </p0826-teimww:occursIn>
    <p0826-teimww:text knoraType="richtext_value">[Capulet:] Nay, gentlemen, prepare not to be gone. &lt;br&gt;
&lt;span class="quote"&gt;We have a trifling foolish banquet &lt;/span&gt;towards.</p0826-teimww:text>
  </p0826-teimww:passage>
  <p0826-teimww:passage id="ww_6ddafc53229959ef">
    <knoraXmlImport:label>passage label</knoraXmlImport:label>
    <p0826-teimww:occursIn>
      <p0826-teimww:book knoraType="link_value" linkType="ref" target="ww_5af91280461707f1"/>
    </p0826-teimww:occursIn>
  </p0826-teimww:passage>
  <p0826-teimww:passage id="ww_17d0fd85e7bd7299">
    <knoraXmlImport:label>passage label</knoraXmlImport:label>
    <p0826-teimww:occursIn>
      <p0826-teimww:book knoraType="link_value" linkType="ref" target="ww_aa90313aec1ff25e"/>
    </p0826-teimww:occursIn>
    <p0826-teimww:text knoraType="richtext_value">[Solanio:] I never heard a passion so confused,&lt;br&gt;
So strange, outrageous, and so variable &lt;br&gt;
As the dog Jew did utter in the streets.&lt;br&gt;
&lt;span class="quote"&gt;"My daughter, O my ducats, O my daughter! &lt;/span&gt;[...]". </p0826-teimww:text>
  </p0826-teimww:passage>
  <p0826-teimww:passage id="ww_73da69bbf7de7c17">
    <knoraXmlImport:label>passage label</knoraXmlImport:label>
    <p0826-teimww:occursIn>
      <p0826-teimww:book knoraType="link_value" linkType="ref" target="ww_1140c36ab545b6d8"/>
    </p0826-teimww:occursIn>
  </p0826-teimww:passage>
  <p0826-teimww:passage id="ww_74823c01f6f9807b">
    <knoraXmlImport:label>passage label</knoraXmlImport:label>
    <p0826-teimww:occursIn>
      <p0826-teimww:book knoraType="link_value" linkType="ref" target="ww_dbb95fa0c476e400"/>
    </p0826-teimww:occursIn>
    <p0826-teimww:text knoraType="richtext_value">[Salisbury:] Therefore, to be possessed with double pomp, &lt;br&gt;
To guard a title that was rich before, &lt;br&gt;
To &lt;span class="quote"&gt;gild refinèd gold, to paint the lily&lt;/span&gt;, &lt;br&gt;
To throw a perfume on the violet, &lt;br&gt;
To smooth the ice or add another hue &lt;br&gt;
Unto the rainbow, or with taper-light &lt;br&gt;
To seek the beauteous eye of heaven to garnish, &lt;br&gt;
Is wasteful and ridiculous excess.</p0826-teimww:text>
  </p0826-teimww:passage>
  <p0826-teimww:passage id="ww_93e5ffd029fab7f1">
    <knoraXmlImport:label>passage label</knoraXmlImport:label>
    <p0826-teimww:occursIn>
      <p0826-teimww:book knoraType="link_value" linkType="ref" target="ww_1140c36ab545b6d8"/>
    </p0826-teimww:occursIn>
  </p0826-teimww:passage>
  <p0826-teimww:passage id="ww_6c5970a9a45659ed">
    <knoraXmlImport:label>passage label</knoraXmlImport:label>
    <p0826-teimww:occursIn>
      <p0826-teimww:book knoraType="link_value" linkType="ref" target="ww_dbb95fa0c476e400"/>
    </p0826-teimww:occursIn>
    <p0826-teimww:text knoraType="richtext_value">[King John:] &lt;span class="quote"&gt;Out of my sight&lt;/span&gt;, and never see me more.</p0826-teimww:text>
  </p0826-teimww:passage>
  <p0826-teimww:passage id="ww_976112185f0aef52">
    <knoraXmlImport:label>passage label</knoraXmlImport:label>
    <p0826-teimww:occursIn>
      <p0826-teimww:book knoraType="link_value" linkType="ref" target="ww_1140c36ab545b6d8"/>
    </p0826-teimww:occursIn>
  </p0826-teimww:passage>
  <p0826-teimww:passage id="ww_318facf0ed0c1509">
    <knoraXmlImport:label>passage label</knoraXmlImport:label>
    <p0826-teimww:occursIn>
      <p0826-teimww:book knoraType="link_value" linkType="ref" target="ww_a8c8f9a292e6c950"/>
    </p0826-teimww:occursIn>
    <p0826-teimww:text knoraType="richtext_value">[Costard:] O, they have lived long on the almsbasket of words. I marvel thy master hath not eaten thee for a word, for thou art not so long by the head as&lt;span class="quote"&gt; honorificabilitudinitatibus.&lt;/span&gt;</p0826-teimww:text>
  </p0826-teimww:passage>
  <p0826-teimww:passage id="ww_94e3db460f80c8fd">
    <knoraXmlImport:label>passage label</knoraXmlImport:label>
    <p0826-teimww:occursIn>
      <p0826-teimww:book knoraType="link_value" linkType="ref" target="ww_5af91280461707f1"/>
    </p0826-teimww:occursIn>
  </p0826-teimww:passage>
  <p0826-teimww:passage id="ww_d7ef141d9d46d9e0">
    <knoraXmlImport:label>passage label</knoraXmlImport:label>
    <p0826-teimww:occursIn>
      <p0826-teimww:book knoraType="link_value" linkType="ref" target="ww_a8c8f9a292e6c950"/>
    </p0826-teimww:occursIn>
    <p0826-teimww:text knoraType="richtext_value">[Princess:] &lt;span class="quote"&gt;He speaks not like a man of God his making.&lt;/span&gt;</p0826-teimww:text>
  </p0826-teimww:passage>
  <p0826-teimww:passage id="ww_d2bc63aeadb1c301">
    <knoraXmlImport:label>passage label</knoraXmlImport:label>
    <p0826-teimww:occursIn>
      <p0826-teimww:book knoraType="link_value" linkType="ref" target="ww_1140c36ab545b6d8"/>
    </p0826-teimww:occursIn>
  </p0826-teimww:passage>
  <p0826-teimww:passage id="ww_49b58c54e86d1500">
    <knoraXmlImport:label>passage label</knoraXmlImport:label>
    <p0826-teimww:occursIn>
      <p0826-teimww:book knoraType="link_value" linkType="ref" target="ww_aa90313aec1ff25e"/>
    </p0826-teimww:occursIn>
    <p0826-teimww:text knoraType="richtext_value">[Salarino:] My wind cooling my broth &lt;br&gt;
Would blow me to an ague when I thought &lt;br&gt;
 &lt;span class="quote"&gt;What harm a wind too great might do at sea&lt;/span&gt;. </p0826-teimww:text>
  </p0826-teimww:passage>
  <p0826-teimww:passage id="ww_57e0b382739ef379">
    <knoraXmlImport:label>passage label</knoraXmlImport:label>
    <p0826-teimww:occursIn>
      <p0826-teimww:book knoraType="link_value" linkType="ref" target="ww_a8c8f9a292e6c950"/>
    </p0826-teimww:occursIn>
    <p0826-teimww:text knoraType="richtext_value">[Boy:] &lt;span class="quote"&gt;Samson, master; he was a man of good carriage, great carriage, for he carried the town gates on his back like a porter&lt;/span&gt;, and he was in love.</p0826-teimww:text>
  </p0826-teimww:passage>
  <p0826-teimww:passage id="ww_d8508b27d0c42dc2">
    <knoraXmlImport:label>passage label</knoraXmlImport:label>
    <p0826-teimww:occursIn>
      <p0826-teimww:book knoraType="link_value" linkType="ref" target="ww_1140c36ab545b6d8"/>
    </p0826-teimww:occursIn>
  </p0826-teimww:passage>
  <p0826-teimww:passage id="ww_9d6e094640bb68d1">
    <knoraXmlImport:label>passage label</knoraXmlImport:label>
    <p0826-teimww:occursIn>
      <p0826-teimww:book knoraType="link_value" linkType="ref" target="ww_dbb95fa0c476e400"/>
    </p0826-teimww:occursIn>
    <p0826-teimww:text knoraType="richtext_value">[Bastard:] [...] And you degenerate, you ingrate revolts, &lt;br&gt;
You &lt;span class="quote"&gt;bloody Neroes, ripping up the womb &lt;br&gt;
Of your dear mother &lt;/span&gt;England, blush for shame!</p0826-teimww:text>
  </p0826-teimww:passage>
  <p0826-teimww:passage id="ww_af0664d8dd319416">
    <knoraXmlImport:label>passage label</knoraXmlImport:label>
    <p0826-teimww:occursIn>
      <p0826-teimww:book knoraType="link_value" linkType="ref" target="ww_aa90313aec1ff25e"/>
    </p0826-teimww:occursIn>
    <p0826-teimww:text knoraType="richtext_value">[Shylock:] Three thousand ducats, well. &lt;br&gt;
[Bassanio:] &lt;span class="quote"&gt;Ay, sir, for three months&lt;/span&gt;. &lt;br&gt;
[Shylock:]&lt;span class="quote"&gt; For three months, well&lt;/span&gt;. &lt;br&gt;
[Bassanio:] For the which, as I told you, Antonio shall be bound. &lt;br&gt;
[Shylock:] Antonio shall become bound, well. &lt;br&gt;
[Bassanio:] May you stead me? Will you pleasure me?
Shall I know your answer? &lt;br&gt;
[Shylock:] Three thousand ducats for three months, and Antonio bound.</p0826-teimww:text>
  </p0826-teimww:passage>
  <p0826-teimww:passage id="ww_8d23c30959297c4d">
    <knoraXmlImport:label>passage label</knoraXmlImport:label>
    <p0826-teimww:occursIn>
      <p0826-teimww:book knoraType="link_value" linkType="ref" target="ww_1140c36ab545b6d8"/>
    </p0826-teimww:occursIn>
  </p0826-teimww:passage>
  <p0826-teimww:passage id="ww_9f46277d5aac1943">
    <knoraXmlImport:label>passage label</knoraXmlImport:label>
    <p0826-teimww:occursIn>
      <p0826-teimww:book knoraType="link_value" linkType="ref" target="ww_a8c8f9a292e6c950"/>
    </p0826-teimww:occursIn>
    <p0826-teimww:text knoraType="richtext_value">[Berowne:] And I forsooth in love! I that have been love’s whip, &lt;br&gt;
A very beadle to a humorous sigh, &lt;br&gt;
A critic, nay, a nightwatch constable, &lt;br&gt;
A domineering pedant o’er the boy, &lt;br&gt;
Than whom no mortal so magnificent. &lt;br&gt;
This wimpled, whining, purblind, wayward boy, &lt;br&gt;
This Signior Junior, giant dwarf, Dan Cupid, &lt;br&gt;
Regent of love rhymes, lord of folded arms, &lt;br&gt;
Th’ anointed sovereign of sighs and groans, &lt;br&gt;
Liege of all loiterers and malcontents, &lt;br&gt;
Dread prince of plackets, king of codpieces, &lt;br&gt;
Sole imperator and great general &lt;br&gt;
Of trotting paritors -&lt;span class="quote"&gt; O my little heart! &lt;br&gt;
And I to be a corporal of his field &lt;br&gt;
And wear his colors like a tumbler’s hoop! &lt;br&gt;
What? I love, I sue, I seek a wife? &lt;br&gt;
A woman, that is like a German clock &lt;br&gt;
Still a-repairing, ever out of frame, &lt;br&gt;
And never going aright, being a watch, &lt;br&gt;
But being watched that it may still go right. &lt;br&gt;
Nay, to be perjured, which is worst of all. &lt;br&gt;
And, among three, to love the worst of all, &lt;br&gt;
A whitely wanton with a velvet brow, &lt;br&gt;
With two pitch-balls stuck in her face for eyes. &lt;br&gt;
Ay, and by heaven, one that will do the deed &lt;br&gt;
Though Argus were her eunuch and her guard. &lt;br&gt;
And I to sigh for her, to watch for her, &lt;br&gt;
To pray for her! Go to. It is a plague &lt;br&gt;
That Cupid will impose for my neglect &lt;br&gt;
Of his almighty dreadful little might. &lt;br&gt;
Well, I will love, write, sigh, pray, sue, groan. &lt;br&gt;
Some men must love my lady, and some Joan.&lt;/span&gt;</p0826-teimww:text>
  </p0826-teimww:passage>
  <p0826-teimww:passage id="ww_66b16a7943f832fd">
    <knoraXmlImport:label>passage label</knoraXmlImport:label>
    <p0826-teimww:occursIn>
      <p0826-teimww:book knoraType="link_value" linkType="ref" target="ww_aa90313aec1ff25e"/>
    </p0826-teimww:occursIn>
    <p0826-teimww:text knoraType="richtext_value">[Gratiano:] O, be thou damned, inexecrable dog,&lt;br&gt;
And for thy life let justice be accused;&lt;br&gt;
Thou almost mak'st me waver in my faith, &lt;br&gt;
To hold opinion with Pythagoras &lt;br&gt;
That souls of animals infuse themselves &lt;br&gt;
Into the trunks of men. Thy currish spirit &lt;br&gt;
&lt;span class="quote"&gt;Governed a wolf who, hanged for human slaughter, &lt;br&gt;
Even from the gallows did his fell soul fleet,&lt;br&gt;
And whilst thou layest in thy unhallowed dam, &lt;br&gt;
Infused itself in thee, for thy desires &lt;br&gt;
Are wolfish, bloody, starved, and ravenous&lt;/span&gt;.</p0826-teimww:text>
  </p0826-teimww:passage>
  <p0826-teimww:passage id="ww_52288be5f2a7a9da">
    <knoraXmlImport:label>passage label</knoraXmlImport:label>
    <p0826-teimww:occursIn>
      <p0826-teimww:book knoraType="link_value" linkType="ref" target="ww_1140c36ab545b6d8"/>
    </p0826-teimww:occursIn>
  </p0826-teimww:passage>
  <p0826-teimww:passage id="ww_83754c310c3c2d1a">
    <knoraXmlImport:label>passage label</knoraXmlImport:label>
    <p0826-teimww:occursIn>
      <p0826-teimww:book knoraType="link_value" linkType="ref" target="ww_dbb95fa0c476e400"/>
    </p0826-teimww:occursIn>
    <p0826-teimww:text knoraType="richtext_value">[Constance:]&lt;span class="quote"&gt; A wicked day, and not a holy day! &lt;/span&gt;&lt;br/&gt;
What hath this day deserved? What hath it done &lt;br/&gt;
That it in golden letters should be set &lt;br/&gt;
Among the high tides in the calendar? &lt;br/&gt;
Nay, rather turn this day out of the week, &lt;br/&gt;
This day of shame, oppression, perjury. &lt;br/&gt;
Or if it must stand still, let wives with child &lt;br/&gt;
Pray that their burdens may not fall this day, &lt;br/&gt;
Lest that their hopes prodigiously be crossed. &lt;br/&gt;
But on this day let seamen fear no wrack; &lt;br/&gt;
No bargains break that are not this day made; &lt;br/&gt;
This day, all things begun come to ill end, &lt;br/&gt;
Yea, faith itself to hollow falsehood change!</p0826-teimww:text>
  </p0826-teimww:passage>
  <p0826-teimww:passage id="ww_d9defb7b5869cfe5">
    <knoraXmlImport:label>passage label</knoraXmlImport:label>
    <p0826-teimww:occursIn>
      <p0826-teimww:book knoraType="link_value" linkType="ref" target="ww_1140c36ab545b6d8"/>
    </p0826-teimww:occursIn>
  </p0826-teimww:passage>
  <p0826-teimww:passage id="ww_33318491690e020c">
    <knoraXmlImport:label>passage label</knoraXmlImport:label>
    <p0826-teimww:occursIn>
      <p0826-teimww:book knoraType="link_value" linkType="ref" target="ww_dbb95fa0c476e400"/>
    </p0826-teimww:occursIn>
    <p0826-teimww:text knoraType="richtext_value">[Chatillion:] The interruption of their churlish drums &lt;br&gt;
&lt;span class="quote"&gt;Cuts off more circumstance.&lt;/span&gt;</p0826-teimww:text>
  </p0826-teimww:passage>
  <p0826-teimww:passage id="ww_3f1f62f44c6f6047">
    <knoraXmlImport:label>passage label</knoraXmlImport:label>
    <p0826-teimww:occursIn>
      <p0826-teimww:book knoraType="link_value" linkType="ref" target="ww_5eeeb3e78e8b0bc3"/>
    </p0826-teimww:occursIn>
  </p0826-teimww:passage>
  <p0826-teimww:passage id="ww_bf886927abd960ab">
    <knoraXmlImport:label>passage label</knoraXmlImport:label>
    <p0826-teimww:occursIn>
      <p0826-teimww:book knoraType="link_value" linkType="ref" target="ww_aa90313aec1ff25e"/>
    </p0826-teimww:occursIn>
    <p0826-teimww:text knoraType="richtext_value">[Portia:] How all the other passions fleet to air, &lt;br&gt;
As doubtful thoughts and rash embraced despair,&lt;br&gt;
And shudd'ring fear, and green-eyed jealousy!&lt;br&gt;
&lt;span class="quote"&gt;"O love, be moderate, allay thy ecstasy,&lt;br&gt;
In measure rain thy joy, scant this excess!&lt;/span&gt;</p0826-teimww:text>
  </p0826-teimww:passage>
  <p0826-teimww:passage id="ww_b0a07b094b74a19e">
    <knoraXmlImport:label>passage label</knoraXmlImport:label>
    <p0826-teimww:occursIn>
      <p0826-teimww:book knoraType="link_value" linkType="ref" target="ww_1140c36ab545b6d8"/>
    </p0826-teimww:occursIn>
  </p0826-teimww:passage>
  <p0826-teimww:passage id="ww_1fd41ec9297ef256">
    <knoraXmlImport:label>passage label</knoraXmlImport:label>
    <p0826-teimww:occursIn>
      <p0826-teimww:book knoraType="link_value" linkType="ref" target="ww_aa90313aec1ff25e"/>
    </p0826-teimww:occursIn>
    <p0826-teimww:text knoraType="richtext_value">[Portia:] &lt;span class="quote"&gt;If to do were as easy as to know what were good to do, chapels had been churches, and poor men's cottages princes' palaces. It is a good divine that follows his own instructions. I can easier teach twenty what were good to be done than to be one of the twenty to follow mine own teaching. The brain may devise laws for the blood, but a hot temper leaps o'er a cold decree &lt;/span&gt;[...].</p0826-teimww:text>
  </p0826-teimww:passage>
  <p0826-teimww:passage id="ww_cfddbe08be989a5f">
    <knoraXmlImport:label>passage label</knoraXmlImport:label>
    <p0826-teimww:occursIn>
      <p0826-teimww:book knoraType="link_value" linkType="ref" target="ww_1140c36ab545b6d8"/>
    </p0826-teimww:occursIn>
  </p0826-teimww:passage>
  <p0826-teimww:passage id="ww_4509dc7dc35f6cd7">
    <knoraXmlImport:label>passage label</knoraXmlImport:label>
    <p0826-teimww:occursIn>
      <p0826-teimww:book knoraType="link_value" linkType="ref" target="ww_56f51ee20f36f654"/>
    </p0826-teimww:occursIn>
    <p0826-teimww:text knoraType="richtext_value">[Prince:] [...] &lt;span class="quote"&gt;Thy ignominy sleep with thee in the grave, &lt;br/&gt;
But not remembered in thy epitaph&lt;/span&gt;.</p0826-teimww:text>
  </p0826-teimww:passage>
  <p0826-teimww:passage id="ww_0a3cf2754dfca98f">
    <knoraXmlImport:label>passage label</knoraXmlImport:label>
    <p0826-teimww:occursIn>
      <p0826-teimww:book knoraType="link_value" linkType="ref" target="ww_1140c36ab545b6d8"/>
    </p0826-teimww:occursIn>
  </p0826-teimww:passage>
  <p0826-teimww:passage id="ww_b98dd509c884e60b">
    <knoraXmlImport:label>passage label</knoraXmlImport:label>
    <p0826-teimww:occursIn>
      <p0826-teimww:book knoraType="link_value" linkType="ref" target="ww_56f51ee20f36f654"/>
    </p0826-teimww:occursIn>
    <p0826-teimww:text knoraType="richtext_value">Prince &lt;span class="quote"&gt;Hal&lt;/span&gt;</p0826-teimww:text>
  </p0826-teimww:passage>
  <p0826-teimww:passage id="ww_9ee6a0ba2f77728e">
    <knoraXmlImport:label>passage label</knoraXmlImport:label>
    <p0826-teimww:occursIn>
      <p0826-teimww:book knoraType="link_value" linkType="ref" target="ww_56f51ee20f36f654"/>
    </p0826-teimww:occursIn>
    <p0826-teimww:text knoraType="richtext_value">[Falstaff:] [...] Let us be &lt;span class="quote"&gt;Diana's foresters,&lt;/span&gt; gentlemen of the shade, minions of the moon [...].</p0826-teimww:text>
  </p0826-teimww:passage>
  <p0826-teimww:passage id="ww_41b9e662296fcd1d">
    <knoraXmlImport:label>passage label</knoraXmlImport:label>
    <p0826-teimww:occursIn>
      <p0826-teimww:book knoraType="link_value" linkType="ref" target="ww_1140c36ab545b6d8"/>
    </p0826-teimww:occursIn>
  </p0826-teimww:passage>
  <p0826-teimww:passage id="ww_482348d50b9b8e2f">
    <knoraXmlImport:label>passage label</knoraXmlImport:label>
    <p0826-teimww:occursIn>
      <p0826-teimww:book knoraType="link_value" linkType="ref" target="ww_56f51ee20f36f654"/>
    </p0826-teimww:occursIn>
    <p0826-teimww:text knoraType="richtext_value">[Falstaff:] Why, Hal, 'tis my vocation, Hal. &lt;span class="quote"&gt;'Tis no sin for a man to labor in his vocation.&lt;/span&gt;</p0826-teimww:text>
  </p0826-teimww:passage>
  <p0826-teimww:passage id="ww_30eb5180fef74af3">
    <knoraXmlImport:label>passage label</knoraXmlImport:label>
    <p0826-teimww:occursIn>
      <p0826-teimww:book knoraType="link_value" linkType="ref" target="ww_67e1fbe9bd0f1b9d"/>
    </p0826-teimww:occursIn>
  </p0826-teimww:passage>
  <p0826-teimww:passage id="ww_935fa51d8b6c0fa7">
    <knoraXmlImport:label>passage label</knoraXmlImport:label>
    <p0826-teimww:occursIn>
      <p0826-teimww:book knoraType="link_value" linkType="ref" target="ww_56f51ee20f36f654"/>
    </p0826-teimww:occursIn>
    <p0826-teimww:text knoraType="richtext_value">[Falstaff:] You rogue, here's lime in this sack too. - There is &lt;span class="quote"&gt;nothing but roguery&lt;/span&gt; to be found in villainous man, yet a coward is worse than a cup of sack with lime in it.</p0826-teimww:text>
  </p0826-teimww:passage>
  <p0826-teimww:passage id="ww_7a75d6dda68a8ebd">
    <knoraXmlImport:label>passage label</knoraXmlImport:label>
    <p0826-teimww:occursIn>
      <p0826-teimww:book knoraType="link_value" linkType="ref" target="ww_1140c36ab545b6d8"/>
    </p0826-teimww:occursIn>
  </p0826-teimww:passage>
  <p0826-teimww:passage id="ww_898794222f9e7716">
    <knoraXmlImport:label>passage label</knoraXmlImport:label>
    <p0826-teimww:occursIn>
      <p0826-teimww:book knoraType="link_value" linkType="ref" target="ww_56f51ee20f36f654"/>
    </p0826-teimww:occursIn>
    <p0826-teimww:text knoraType="richtext_value">[Prince:] [..] Thou art violently carried away from grace. &lt;span class="quote"&gt;There is a devil haunts thee in the likeness of an old fat man. &lt;/span&gt;</p0826-teimww:text>
  </p0826-teimww:passage>
  <p0826-teimww:passage id="ww_2be953c946c5fb99">
    <knoraXmlImport:label>passage label</knoraXmlImport:label>
    <p0826-teimww:occursIn>
      <p0826-teimww:book knoraType="link_value" linkType="ref" target="ww_1140c36ab545b6d8"/>
    </p0826-teimww:occursIn>
  </p0826-teimww:passage>
  <p0826-teimww:passage id="ww_36b67296aa274177">
    <knoraXmlImport:label>passage label</knoraXmlImport:label>
    <p0826-teimww:occursIn>
      <p0826-teimww:book knoraType="link_value" linkType="ref" target="ww_56f51ee20f36f654"/>
    </p0826-teimww:occursIn>
    <p0826-teimww:text knoraType="richtext_value">[King:] And then I stole&lt;span class="quote"&gt; all courtesy from heaven&lt;/span&gt;,&lt;br&gt;
And dressed myself in such humility&lt;br&gt;
That I did pluck allegiance from men's hearts,&lt;br&gt;
Loud shouts and salutations from their mouths,&lt;br&gt;
Even in the presence of the crownèd king.</p0826-teimww:text>
  </p0826-teimww:passage>
  <p0826-teimww:passage id="ww_f07af4a1fd017e4a">
    <knoraXmlImport:label>passage label</knoraXmlImport:label>
    <p0826-teimww:occursIn>
      <p0826-teimww:book knoraType="link_value" linkType="ref" target="ww_1140c36ab545b6d8"/>
    </p0826-teimww:occursIn>
  </p0826-teimww:passage>
  <p0826-teimww:passage id="ww_9f36f9161ffca30d">
    <knoraXmlImport:label>passage label</knoraXmlImport:label>
    <p0826-teimww:occursIn>
      <p0826-teimww:book knoraType="link_value" linkType="ref" target="ww_56f51ee20f36f654"/>
    </p0826-teimww:occursIn>
    <p0826-teimww:text knoraType="richtext_value">[Falstaff:] Hang thyself in thine own heir-apparent garters! If I be ta'en, I'll peach for this. An I have not ballads made on you all and&lt;span class="quote"&gt; sung to filthy tunes&lt;/span&gt;, let a cup of sack be my poison [...].</p0826-teimww:text>
  </p0826-teimww:passage>
  <p0826-teimww:passage id="ww_33a3cf0bca681119">
    <knoraXmlImport:label>passage label</knoraXmlImport:label>
    <p0826-teimww:occursIn>
      <p0826-teimww:book knoraType="link_value" linkType="ref" target="ww_1140c36ab545b6d8"/>
    </p0826-teimww:occursIn>
  </p0826-teimww:passage>
  <p0826-teimww:passage id="ww_402b89cf83dab247">
    <knoraXmlImport:label>passage label</knoraXmlImport:label>
    <p0826-teimww:occursIn>
      <p0826-teimww:book knoraType="link_value" linkType="ref" target="ww_663bc260dc952b96"/>
    </p0826-teimww:occursIn>
    <p0826-teimww:text knoraType="richtext_value">[Falstaff:] [...] &lt;span class="quote"&gt;A pox of this gout! Or a gout of this pox, &lt;/span&gt;for the one or the other plays the rogue with my great toe.</p0826-teimww:text>
  </p0826-teimww:passage>
  <p0826-teimww:passage id="ww_34163ec1bc1780fa">
    <knoraXmlImport:label>passage label</knoraXmlImport:label>
    <p0826-teimww:occursIn>
      <p0826-teimww:book knoraType="link_value" linkType="ref" target="ww_b5ea9b35c899d367"/>
    </p0826-teimww:occursIn>
  </p0826-teimww:passage>
  <p0826-teimww:passage id="ww_7cc91edde4dd7f10">
    <knoraXmlImport:label>passage label</knoraXmlImport:label>
    <p0826-teimww:occursIn>
      <p0826-teimww:book knoraType="link_value" linkType="ref" target="ww_56f51ee20f36f654"/>
    </p0826-teimww:occursIn>
    <p0826-teimww:text knoraType="richtext_value">[Falstaff as King:] [...] Harry, I do not only marvel where thou spendest thy time, but also how thou art accompanied. For though &lt;span class="quote"&gt;the camomile, the more it is trodden on, the faster it grows, &lt;/span&gt;so youth, the more it is wasted, the sooner it wears.</p0826-teimww:text>
  </p0826-teimww:passage>
  <p0826-teimww:passage id="ww_4d738ad79c30d0d1">
    <knoraXmlImport:label>passage label</knoraXmlImport:label>
    <p0826-teimww:occursIn>
      <p0826-teimww:book knoraType="link_value" linkType="ref" target="ww_67e1fbe9bd0f1b9d"/>
    </p0826-teimww:occursIn>
  </p0826-teimww:passage>
  <p0826-teimww:passage id="ww_f9eede846011abe8">
    <knoraXmlImport:label>passage label</knoraXmlImport:label>
    <p0826-teimww:occursIn>
      <p0826-teimww:book knoraType="link_value" linkType="ref" target="ww_56f51ee20f36f654"/>
    </p0826-teimww:occursIn>
    <p0826-teimww:text knoraType="richtext_value">[Hotspur:] [...] he made me mad&lt;br&gt;
To see him shine so brisk and smell so sweet	&lt;br&gt;
And talk so like a waiting-gentlewoman&lt;br&gt;
Of guns, and drums, and wounds - God save the
mark! -&lt;br&gt;
And telling me the sovereignest thing on Earth&lt;br&gt;
Was parmacety for an inward bruise,	&lt;br&gt;
And that it was great pity, so it was,&lt;br&gt;
This villainous saltpeter should be digged&lt;br&gt;
Out of &lt;span class="quote"&gt;the bowels of the harmless Earth,&lt;br&gt;&lt;/span&gt;
Which many a good tall fellow had destroyed&lt;br&gt;
So cowardly, and but for these vile guns&lt;br&gt;
He would himself have been a soldier.</p0826-teimww:text>
  </p0826-teimww:passage>
  <p0826-teimww:passage id="ww_6faa176aa2e83384">
    <knoraXmlImport:label>passage label</knoraXmlImport:label>
    <p0826-teimww:occursIn>
      <p0826-teimww:book knoraType="link_value" linkType="ref" target="ww_bcc975a9199bde49"/>
    </p0826-teimww:occursIn>
  </p0826-teimww:passage>
  <p0826-teimww:passage id="ww_a57cd2f420b1a9a9">
    <knoraXmlImport:label>passage label</knoraXmlImport:label>
    <p0826-teimww:occursIn>
      <p0826-teimww:book knoraType="link_value" linkType="ref" target="ww_56f51ee20f36f654"/>
    </p0826-teimww:occursIn>
    <p0826-teimww:text knoraType="richtext_value">[Hotspur:] [...] &lt;span class="quote"&gt;and for secrecy &lt;br&gt;
No lady closer, for I well believe &lt;br&gt;
Thou wilt not utter what thou dost not know&lt;/span&gt; [...].</p0826-teimww:text>
  </p0826-teimww:passage>
  <p0826-teimww:passage id="ww_dc046a6569c1baeb">
    <knoraXmlImport:label>passage label</knoraXmlImport:label>
    <p0826-teimww:occursIn>
      <p0826-teimww:book knoraType="link_value" linkType="ref" target="ww_1140c36ab545b6d8"/>
    </p0826-teimww:occursIn>
  </p0826-teimww:passage>
  <p0826-teimww:passage id="ww_59eff80d86bc04bf">
    <knoraXmlImport:label>passage label</knoraXmlImport:label>
    <p0826-teimww:occursIn>
      <p0826-teimww:book knoraType="link_value" linkType="ref" target="ww_5196ea0769532431"/>
    </p0826-teimww:occursIn>
    <p0826-teimww:text knoraType="richtext_value">[Shallow:] [...] &lt;span class="quote"&gt;Would I were young&lt;/span&gt; for your sake, Mistress Anne.</p0826-teimww:text>
  </p0826-teimww:passage>
  <p0826-teimww:passage id="ww_02170417650b1b8c">
    <knoraXmlImport:label>passage label</knoraXmlImport:label>
    <p0826-teimww:occursIn>
      <p0826-teimww:book knoraType="link_value" linkType="ref" target="ww_1140c36ab545b6d8"/>
    </p0826-teimww:occursIn>
  </p0826-teimww:passage>
  <p0826-teimww:passage id="ww_4bc6d16f2af4c678">
    <knoraXmlImport:label>passage label</knoraXmlImport:label>
    <p0826-teimww:occursIn>
      <p0826-teimww:book knoraType="link_value" linkType="ref" target="ww_56f51ee20f36f654"/>
    </p0826-teimww:occursIn>
    <p0826-teimww:text knoraType="richtext_value">[Falstaff:] [...] &lt;span class="quote"&gt;I knew you as well as he that made you.&lt;/span&gt;</p0826-teimww:text>
  </p0826-teimww:passage>
  <p0826-teimww:passage id="ww_7b1dc1a6e25d08d7">
    <knoraXmlImport:label>passage label</knoraXmlImport:label>
    <p0826-teimww:occursIn>
      <p0826-teimww:book knoraType="link_value" linkType="ref" target="ww_1140c36ab545b6d8"/>
    </p0826-teimww:occursIn>
  </p0826-teimww:passage>
  <p0826-teimww:passage id="ww_bd08182f8409052c">
    <knoraXmlImport:label>passage label</knoraXmlImport:label>
    <p0826-teimww:occursIn>
      <p0826-teimww:book knoraType="link_value" linkType="ref" target="ww_56f51ee20f36f654"/>
    </p0826-teimww:occursIn>
    <p0826-teimww:text knoraType="richtext_value">[Falstaff:] [...] &lt;span class="quote"&gt;I was as virtuously given as a gentleman need to be, virtuous enough: swore little; diced not above seven times - a week; went to a bawdy house not above once in a quarter - of an hour; paid money that I borrowed - three or four times; lived well and in good compass; and now I live out of all order, out of all compass.&lt;/span&gt;</p0826-teimww:text>
  </p0826-teimww:passage>
  <p0826-teimww:passage id="ww_b00a9cb39c30bf65">
    <knoraXmlImport:label>passage label</knoraXmlImport:label>
    <p0826-teimww:occursIn>
      <p0826-teimww:book knoraType="link_value" linkType="ref" target="ww_1140c36ab545b6d8"/>
    </p0826-teimww:occursIn>
  </p0826-teimww:passage>
  <p0826-teimww:passage id="ww_9323dca72376a7bf">
    <knoraXmlImport:label>passage label</knoraXmlImport:label>
    <p0826-teimww:occursIn>
      <p0826-teimww:book knoraType="link_value" linkType="ref" target="ww_56f51ee20f36f654"/>
    </p0826-teimww:occursIn>
    <p0826-teimww:text knoraType="richtext_value">[Hotspur:] [...] &lt;span class="quote"&gt;We must have bloody noses and cracked crowns,&lt;/span&gt; &lt;br&gt;
And pass them current too.</p0826-teimww:text>
  </p0826-teimww:passage>
  <p0826-teimww:passage id="ww_5beabfe7632d921f">
    <knoraXmlImport:label>passage label</knoraXmlImport:label>
    <p0826-teimww:occursIn>
      <p0826-teimww:book knoraType="link_value" linkType="ref" target="ww_1140c36ab545b6d8"/>
    </p0826-teimww:occursIn>
  </p0826-teimww:passage>
  <p0826-teimww:passage id="ww_0397425b69f2edd6">
    <knoraXmlImport:label>passage label</knoraXmlImport:label>
    <p0826-teimww:occursIn>
      <p0826-teimww:book knoraType="link_value" linkType="ref" target="ww_5196ea0769532431"/>
    </p0826-teimww:occursIn>
    <p0826-teimww:text knoraType="richtext_value">[Falstaff:] Now, the report goes, she has all the rule of her husband's purse. &lt;span class="quote"&gt;He hath a legion of angels.&lt;/span&gt;</p0826-teimww:text>
  </p0826-teimww:passage>
  <p0826-teimww:passage id="ww_09aa9895aaf6435b">
    <knoraXmlImport:label>passage label</knoraXmlImport:label>
    <p0826-teimww:occursIn>
      <p0826-teimww:book knoraType="link_value" linkType="ref" target="ww_0f0f2ccb24fa3b96"/>
    </p0826-teimww:occursIn>
  </p0826-teimww:passage>
  <p0826-teimww:passage id="ww_a2865a20b58faf5e">
    <knoraXmlImport:label>passage label</knoraXmlImport:label>
    <p0826-teimww:occursIn>
      <p0826-teimww:book knoraType="link_value" linkType="ref" target="ww_ac906654199b4d49"/>
    </p0826-teimww:occursIn>
    <p0826-teimww:text knoraType="richtext_value">[Lemot:] &lt;span class="quote"&gt;You must put on rich apparel, fair daintily, hear music, read Sonnets be continually courted, kiss, dance, feast, revel all night amongst gallants, &lt;/span&gt;then if you come to bed to your husband with a clear mind [...]</p0826-teimww:text>
  </p0826-teimww:passage>
  <p0826-teimww:passage id="ww_9935e2a6074dc253">
    <knoraXmlImport:label>passage label</knoraXmlImport:label>
    <p0826-teimww:occursIn>
      <p0826-teimww:book knoraType="link_value" linkType="ref" target="ww_e81f44945dfa651c"/>
    </p0826-teimww:occursIn>
  </p0826-teimww:passage>
  <p0826-teimww:passage id="ww_3db58f95582e30b5">
    <knoraXmlImport:label>passage label</knoraXmlImport:label>
    <p0826-teimww:occursIn>
      <p0826-teimww:book knoraType="link_value" linkType="ref" target="ww_663bc260dc952b96"/>
    </p0826-teimww:occursIn>
    <p0826-teimww:text knoraType="richtext_value">[Falstaff:] &lt;span class="quote"&gt;O base Assyrian knight&lt;/span&gt; [...].</p0826-teimww:text>
  </p0826-teimww:passage>
  <p0826-teimww:passage id="ww_0540abbd50a79d68">
    <knoraXmlImport:label>passage label</knoraXmlImport:label>
    <p0826-teimww:occursIn>
      <p0826-teimww:book knoraType="link_value" linkType="ref" target="ww_e256bd14313d2841"/>
    </p0826-teimww:occursIn>
  </p0826-teimww:passage>
  <p0826-teimww:passage id="ww_3bda17defe73eee1">
    <knoraXmlImport:label>passage label</knoraXmlImport:label>
    <p0826-teimww:occursIn>
      <p0826-teimww:book knoraType="link_value" linkType="ref" target="ww_663bc260dc952b96"/>
    </p0826-teimww:occursIn>
    <p0826-teimww:text knoraType="richtext_value">[Chorus:] […] &lt;span class="quote"&gt;Suppose within the girdle of these walls &lt;br/&gt;
Are now confined two mighty monarchies, &lt;/span&gt;&lt;br/&gt;
Whose high uprearèd and abutting fronts [...].</p0826-teimww:text>
  </p0826-teimww:passage>
  <p0826-teimww:passage id="ww_44cdd6015983a842">
    <knoraXmlImport:label>passage label</knoraXmlImport:label>
    <p0826-teimww:occursIn>
      <p0826-teimww:book knoraType="link_value" linkType="ref" target="ww_56f51ee20f36f654"/>
    </p0826-teimww:occursIn>
    <p0826-teimww:text knoraType="richtext_value">[Falstaff:] [...] God keep lead out of me; I need no more weight than mine own bowels. I have led my ragamuffins where they are peppered. &lt;span class="quote"&gt;There's not three of my hundred and fifty left alive, and they are for the town's end, to beg during life.&lt;/span&gt; But who comes here?</p0826-teimww:text>
  </p0826-teimww:passage>
  <p0826-teimww:passage id="ww_b71f9ab8c7a0bd7b">
    <knoraXmlImport:label>passage label</knoraXmlImport:label>
    <p0826-teimww:occursIn>
      <p0826-teimww:book knoraType="link_value" linkType="ref" target="ww_1140c36ab545b6d8"/>
    </p0826-teimww:occursIn>
  </p0826-teimww:passage>
  <p0826-teimww:passage id="ww_d463327587df5e62">
    <knoraXmlImport:label>passage label</knoraXmlImport:label>
    <p0826-teimww:occursIn>
      <p0826-teimww:book knoraType="link_value" linkType="ref" target="ww_56f51ee20f36f654"/>
    </p0826-teimww:occursIn>
    <p0826-teimww:text knoraType="richtext_value">[Falstaff:] Go thy ways, old Jack. Die when thou wilt. If &lt;span class="quote"&gt;manhood, good manhood,&lt;/span&gt; be not forgot upon the face of the Earth, then am I a shotten herring.</p0826-teimww:text>
  </p0826-teimww:passage>
  <p0826-teimww:passage id="ww_8fe050e9575cdf5f">
    <knoraXmlImport:label>passage label</knoraXmlImport:label>
    <p0826-teimww:occursIn>
      <p0826-teimww:book knoraType="link_value" linkType="ref" target="ww_56f51ee20f36f654"/>
    </p0826-teimww:occursIn>
    <p0826-teimww:text knoraType="richtext_value">[Falstaff:] 'Sblood, you starveling, you elfskin, &lt;span class="quote"&gt;you dried neat's tongue,&lt;/span&gt; you bull's pizzle, you stockfish! </p0826-teimww:text>
  </p0826-teimww:passage>
  <p0826-teimww:passage id="ww_42f85217e45824db">
    <knoraXmlImport:label>passage label</knoraXmlImport:label>
    <p0826-teimww:occursIn>
      <p0826-teimww:book knoraType="link_value" linkType="ref" target="ww_b5ea9b35c899d367"/>
    </p0826-teimww:occursIn>
  </p0826-teimww:passage>
  <p0826-teimww:passage id="ww_92e626014abae9e9">
    <knoraXmlImport:label>passage label</knoraXmlImport:label>
    <p0826-teimww:occursIn>
      <p0826-teimww:book knoraType="link_value" linkType="ref" target="ww_56f51ee20f36f654"/>
    </p0826-teimww:occursIn>
    <p0826-teimww:text knoraType="richtext_value">[Falstaff:] By the Lord, I knew you as well as he that made you. Why, hear you, my masters, was it for me to kill the heir apparent? Should I turn upon the true prince? Why, thou knowest I am as valiant as Hercules, but beware instinct.&lt;span class="quote"&gt; The lion will not touch the true prince. The lion will not touch the true prince.&lt;/span&gt; Instinct is a great matter. I was now a coward on instinct. I shall think the better of myself, and thee, during my life - I for a valiant lion, and thou for a true prince. </p0826-teimww:text>
  </p0826-teimww:passage>
  <p0826-teimww:passage id="ww_ab524c29b29e2cd9">
    <knoraXmlImport:label>passage label</knoraXmlImport:label>
    <p0826-teimww:occursIn>
      <p0826-teimww:book knoraType="link_value" linkType="ref" target="ww_1140c36ab545b6d8"/>
    </p0826-teimww:occursIn>
  </p0826-teimww:passage>
  <p0826-teimww:passage id="ww_123fe5af583a95c9">
    <knoraXmlImport:label>passage label</knoraXmlImport:label>
    <p0826-teimww:occursIn>
      <p0826-teimww:book knoraType="link_value" linkType="ref" target="ww_56f51ee20f36f654"/>
    </p0826-teimww:occursIn>
    <p0826-teimww:text knoraType="richtext_value">[Hotspur:] [...] See how &lt;span class="quote"&gt;this river comes me cranking in &lt;br&gt;&lt;/span&gt;
And cuts me from the best of all my land &lt;br&gt;
A huge half-moon, a monstrous cantle out. </p0826-teimww:text>
  </p0826-teimww:passage>
  <p0826-teimww:passage id="ww_60a20c2c6219b612">
    <knoraXmlImport:label>passage label</knoraXmlImport:label>
    <p0826-teimww:occursIn>
      <p0826-teimww:book knoraType="link_value" linkType="ref" target="ww_1140c36ab545b6d8"/>
    </p0826-teimww:occursIn>
  </p0826-teimww:passage>
  <p0826-teimww:passage id="ww_61af1c109fa42e8a">
    <knoraXmlImport:label>passage label</knoraXmlImport:label>
    <p0826-teimww:occursIn>
      <p0826-teimww:book knoraType="link_value" linkType="ref" target="ww_a8549c12c9507c4b"/>
    </p0826-teimww:occursIn>
    <p0826-teimww:text knoraType="richtext_value">[Leonato:] [...] For, brother, men &lt;br&gt;
Can counsel and speak comfort to that grief&lt;br&gt;
Which they themselves not feel, but tasting it,&lt;br&gt;
Their counsel turns to passion, which before&lt;br&gt;
Would give preceptial med'cine to rage,&lt;br&gt;
Fetter strong madness in a silken thread,&lt;br&gt;
Charm ache with air and agony with words. </p0826-teimww:text>
  </p0826-teimww:passage>
  <p0826-teimww:passage id="ww_3f3d5afc98bbf920">
    <knoraXmlImport:label>passage label</knoraXmlImport:label>
    <p0826-teimww:occursIn>
      <p0826-teimww:book knoraType="link_value" linkType="ref" target="ww_1140c36ab545b6d8"/>
    </p0826-teimww:occursIn>
  </p0826-teimww:passage>
  <p0826-teimww:passage id="ww_b96bce01b6165ecb">
    <knoraXmlImport:label>passage label</knoraXmlImport:label>
    <p0826-teimww:occursIn>
      <p0826-teimww:book knoraType="link_value" linkType="ref" target="ww_131d2042080b33a4"/>
    </p0826-teimww:occursIn>
    <p0826-teimww:text knoraType="richtext_value">&lt;i&gt;Juggling Opinion, thou enchanting witch,&lt;br&gt;
&lt;span class="quote"&gt;paint not a rotten post with colours rich.&lt;/span&gt;&lt;/i&gt;</p0826-teimww:text>
  </p0826-teimww:passage>
  <p0826-teimww:passage id="ww_0dcfc31df4777d5c">
    <knoraXmlImport:label>passage label</knoraXmlImport:label>
    <p0826-teimww:occursIn>
      <p0826-teimww:book knoraType="link_value" linkType="ref" target="ww_5eeeb3e78e8b0bc3"/>
    </p0826-teimww:occursIn>
  </p0826-teimww:passage>
  <p0826-teimww:passage id="ww_deb4a860f61ddeae">
    <knoraXmlImport:label>passage label</knoraXmlImport:label>
    <p0826-teimww:occursIn>
      <p0826-teimww:book knoraType="link_value" linkType="ref" target="ww_f1c17de7eaa78bcc"/>
    </p0826-teimww:occursIn>
    <p0826-teimww:text knoraType="richtext_value">[Mathea:] &lt;span class="quote"&gt;Who's there below? &lt;br&gt;&lt;/span&gt;
[Walgrave:]  &lt;span class="quote"&gt;Thy Ned, kind Ned , thine honest trusty Ned. &lt;br&gt;&lt;/span&gt;
[...] &lt;br&gt;
&lt;I&gt; Enter above Marina &lt;/I&gt; &lt;br&gt;
[Marina:] &lt;span class="quote"&gt;Who speak you to? Mathea who's below? &lt;/span&gt;&lt;br&gt;
&lt;I&gt; Enter Laurentia &lt;/I&gt; &lt;br&gt; [Laurentia:] 
&lt;span class="quote"&gt;Speak sister Matt, is not my true love there? &lt;/span&gt;</p0826-teimww:text>
  </p0826-teimww:passage>
  <p0826-teimww:passage id="ww_ef8ee4ec6cb960a3">
    <knoraXmlImport:label>passage label</knoraXmlImport:label>
    <p0826-teimww:occursIn>
      <p0826-teimww:book knoraType="link_value" linkType="ref" target="ww_a8549c12c9507c4b"/>
    </p0826-teimww:occursIn>
    <p0826-teimww:text knoraType="richtext_value">[Dogberry:] [...] &lt;span class="quote"&gt;O, that I had been writ down an ass!&lt;/span&gt;</p0826-teimww:text>
  </p0826-teimww:passage>
  <p0826-teimww:passage id="ww_695ec80f8c5b51d8">
    <knoraXmlImport:label>passage label</knoraXmlImport:label>
    <p0826-teimww:occursIn>
      <p0826-teimww:book knoraType="link_value" linkType="ref" target="ww_1140c36ab545b6d8"/>
    </p0826-teimww:occursIn>
  </p0826-teimww:passage>
  <p0826-teimww:passage id="ww_798b0f75a3f6d7fd">
    <knoraXmlImport:label>passage label</knoraXmlImport:label>
    <p0826-teimww:occursIn>
      <p0826-teimww:book knoraType="link_value" linkType="ref" target="ww_a8549c12c9507c4b"/>
    </p0826-teimww:occursIn>
    <p0826-teimww:text knoraType="richtext_value">[Prince:] &lt;span class="quote"&gt;By my troth, a good song.&lt;br&gt;&lt;/span&gt;
[Balthasar:] And an ill singer, my lord.&lt;br&gt;
[Prince:] Ha, no, no, faith, thou sing'st well enough for a
shift.</p0826-teimww:text>
  </p0826-teimww:passage>
  <p0826-teimww:passage id="ww_712ee6502793b408">
    <knoraXmlImport:label>passage label</knoraXmlImport:label>
    <p0826-teimww:occursIn>
      <p0826-teimww:book knoraType="link_value" linkType="ref" target="ww_f1c17de7eaa78bcc"/>
    </p0826-teimww:occursIn>
    <p0826-teimww:text knoraType="richtext_value">[Pisaro:] I can no longer hold my patience. &lt;br&gt;
Impudent villany, &lt;span class="quote"&gt;and lascivious Girls, &lt;br&gt;
I have o'erheard your wild conversions: &lt;br&gt;
You scorn Philosophy: You'll be no Nun, &lt;br&gt;
You must needs kiss the Purse, because he sent it. &lt;/span&gt;</p0826-teimww:text>
  </p0826-teimww:passage>
  <p0826-teimww:passage id="ww_fe1ab50b0e0682bf">
    <knoraXmlImport:label>passage label</knoraXmlImport:label>
    <p0826-teimww:occursIn>
      <p0826-teimww:book knoraType="link_value" linkType="ref" target="ww_1140c36ab545b6d8"/>
    </p0826-teimww:occursIn>
  </p0826-teimww:passage>
  <p0826-teimww:passage id="ww_25783f8c48695cdd">
    <knoraXmlImport:label>passage label</knoraXmlImport:label>
    <p0826-teimww:occursIn>
      <p0826-teimww:book knoraType="link_value" linkType="ref" target="ww_3a4eba573ee422c4"/>
    </p0826-teimww:occursIn>
    <p0826-teimww:text knoraType="richtext_value">[Mistress Barnes:] How sir your wife? wouldst thou my daughter have &lt;br/&gt;
&lt;span class="quote"&gt;I'll rather have her married to her grave &lt;/span&gt;[...].</p0826-teimww:text>
  </p0826-teimww:passage>
  <p0826-teimww:passage id="ww_f775980eba34be04">
    <knoraXmlImport:label>passage label</knoraXmlImport:label>
    <p0826-teimww:occursIn>
      <p0826-teimww:book knoraType="link_value" linkType="ref" target="ww_3a4eba573ee422c4"/>
    </p0826-teimww:occursIn>
    <p0826-teimww:text knoraType="richtext_value">[Coomes:] [...] I am sorry for it, I shall never see&lt;span class="quote"&gt; good manhood &lt;/span&gt;again, if it be once gone, this poking fight of rapier and dagger will come up then [...].</p0826-teimww:text>
  </p0826-teimww:passage>
  <p0826-teimww:passage id="ww_5fbc7e9f3ca3f8d6">
    <knoraXmlImport:label>passage label</knoraXmlImport:label>
    <p0826-teimww:occursIn>
      <p0826-teimww:book knoraType="link_value" linkType="ref" target="ww_a8549c12c9507c4b"/>
    </p0826-teimww:occursIn>
    <p0826-teimww:text knoraType="richtext_value">[Benedick:] [...] May I be so converted and see with these eyes? I cannot tell; I think not. I will not be sworn but love may transform me to an oyster, but I’ll take my oath on it, till he have made an oyster of me, he shall never make me such a fool. &lt;span class="quote"&gt;One woman is fair, yet I am well; another is wise, yet I am well; another virtuous, yet I am well; but till all graces be in one woman, one woman shall not come in my grace. Rich she shall be, that’s certain; wise, or I’ll none; virtuous, or I’ll never cheapen her; fair, or I’ll never look on her; mild, or come not near me; noble, or not I for an angel; of good discourse, an excellent musician, and her hair shall be of what color it please God. &lt;/span&gt;
</p0826-teimww:text>
  </p0826-teimww:passage>
  <p0826-teimww:passage id="ww_b2f142a61a21e303">
    <knoraXmlImport:label>passage label</knoraXmlImport:label>
    <p0826-teimww:occursIn>
      <p0826-teimww:book knoraType="link_value" linkType="ref" target="ww_a8549c12c9507c4b"/>
    </p0826-teimww:occursIn>
    <p0826-teimww:text knoraType="richtext_value">[Dogberry:] [...]&lt;span class="quote"&gt; is most tolerable and not to be endured.</p0826-teimww:text>
  </p0826-teimww:passage>
  <p0826-teimww:passage id="ww_88d929d0dc9f8ad5">
    <knoraXmlImport:label>passage label</knoraXmlImport:label>
    <p0826-teimww:occursIn>
      <p0826-teimww:book knoraType="link_value" linkType="ref" target="ww_a8549c12c9507c4b"/>
    </p0826-teimww:occursIn>
    <p0826-teimww:text knoraType="richtext_value">[Benedick:] [...] I will go on the slightest errand now to the Antipodes [...] rather than hold three words' conference with this harpy. &lt;br&gt;
[...] I cannot endure my Lady Tongue. &lt;br&gt;
&lt;br&gt;
&lt;br&gt;
&lt;span class="quote"&gt;I will be horribly in love with her!&lt;/span&gt;</p0826-teimww:text>
  </p0826-teimww:passage>
  <p0826-teimww:passage id="ww_2ae307ae717836a8">
    <knoraXmlImport:label>passage label</knoraXmlImport:label>
    <p0826-teimww:occursIn>
      <p0826-teimww:book knoraType="link_value" linkType="ref" target="ww_1140c36ab545b6d8"/>
    </p0826-teimww:occursIn>
  </p0826-teimww:passage>
  <p0826-teimww:passage id="ww_3b595507ec5ad517">
    <knoraXmlImport:label>passage label</knoraXmlImport:label>
    <p0826-teimww:occursIn>
      <p0826-teimww:book knoraType="link_value" linkType="ref" target="ww_f1c17de7eaa78bcc"/>
    </p0826-teimww:occursIn>
    <p0826-teimww:text knoraType="richtext_value">[Pisaro:] [...] To grace the mirthful complot that is laid, &lt;br&gt;
&lt;span class="quote"&gt;Night's Candles burn obscure &lt;/span&gt;and the pale Moon &lt;br&gt;
Favouring our drift, lies buried in a Cloud: &lt;br&gt;
I can but smile to see the simple Girls, &lt;br&gt;
Hoping to have their sweet-hearts here tonight [...] &lt;br&gt;</p0826-teimww:text>
  </p0826-teimww:passage>
  <p0826-teimww:passage id="ww_84e09fc729e1ec00">
    <knoraXmlImport:label>passage label</knoraXmlImport:label>
    <p0826-teimww:occursIn>
      <p0826-teimww:book knoraType="link_value" linkType="ref" target="ww_1140c36ab545b6d8"/>
    </p0826-teimww:occursIn>
  </p0826-teimww:passage>
  <p0826-teimww:passage id="ww_ebf00e2cef834a66">
    <knoraXmlImport:label>passage label</knoraXmlImport:label>
    <p0826-teimww:occursIn>
      <p0826-teimww:book knoraType="link_value" linkType="ref" target="ww_c068d7733749f819"/>
    </p0826-teimww:occursIn>
    <p0826-teimww:text knoraType="richtext_value">[Hammon:] &lt;span class="quote"&gt;I chas'd the deer, but this deer chased me.&lt;br&gt;&lt;/span&gt;
[Rose:] The strangest hunting that ever I see,&lt;br&gt;	
&lt;span class="quote"&gt;But where's your park? (She offers to go away).&lt;br&gt;	
[Hammon:] 'Tis here: O stay.&lt;br&gt;	&lt;/span&gt;
[Rose:] &lt;span class="quote"&gt;Impale me, and then I will not stray.&lt;/span&gt;</p0826-teimww:text>
  </p0826-teimww:passage>
  <p0826-teimww:passage id="ww_5e56b13af2dca4c3">
    <knoraXmlImport:label>passage label</knoraXmlImport:label>
    <p0826-teimww:occursIn>
      <p0826-teimww:book knoraType="link_value" linkType="ref" target="ww_e256bd14313d2841"/>
    </p0826-teimww:occursIn>
  </p0826-teimww:passage>
  <p0826-teimww:passage id="ww_08a74b510a4148d5">
    <knoraXmlImport:label>passage label</knoraXmlImport:label>
    <p0826-teimww:occursIn>
      <p0826-teimww:book knoraType="link_value" linkType="ref" target="ww_3c135d434850a738"/>
    </p0826-teimww:occursIn>
    <p0826-teimww:text knoraType="richtext_value">[Cassius:] "Brutus" and "Caesar" - what should be in that "Caesar"?&lt;br&gt;
&lt;span class="quote"&gt;Why should that name be sounded more than yours? &lt;br&gt;
Write them together, yours is as fair a name; &lt;br&gt;
Sound them, it doth become the mouth as well &lt;/span&gt;[...].</p0826-teimww:text>
  </p0826-teimww:passage>
  <p0826-teimww:passage id="ww_5f9248436cc35d13">
    <knoraXmlImport:label>passage label</knoraXmlImport:label>
    <p0826-teimww:occursIn>
      <p0826-teimww:book knoraType="link_value" linkType="ref" target="ww_1140c36ab545b6d8"/>
    </p0826-teimww:occursIn>
  </p0826-teimww:passage>
  <p0826-teimww:passage id="ww_a8d3555d6924d111">
    <knoraXmlImport:label>passage label</knoraXmlImport:label>
    <p0826-teimww:occursIn>
      <p0826-teimww:book knoraType="link_value" linkType="ref" target="ww_3c135d434850a738"/>
    </p0826-teimww:occursIn>
    <p0826-teimww:text knoraType="richtext_value">[Casca:] Nay, an I tell you that, I'll ne'er look you i' th' face again. But those that understood him smiled at one another and shook their heads. But for mine own part, &lt;span class="quote"&gt;it was Greek to me.&lt;/span&gt;</p0826-teimww:text>
  </p0826-teimww:passage>
  <p0826-teimww:passage id="ww_ca0d5e821149309b">
    <knoraXmlImport:label>passage label</knoraXmlImport:label>
    <p0826-teimww:occursIn>
      <p0826-teimww:book knoraType="link_value" linkType="ref" target="ww_3c135d434850a738"/>
    </p0826-teimww:occursIn>
    <p0826-teimww:text knoraType="richtext_value">[Caesar:]&lt;span class="quote"&gt; Cowards die many times before their deaths;&lt;br&gt;
The valiant never taste of death but once.&lt;/span&gt;</p0826-teimww:text>
  </p0826-teimww:passage>
  <p0826-teimww:passage id="ww_3b804656da49ee82">
    <knoraXmlImport:label>passage label</knoraXmlImport:label>
    <p0826-teimww:occursIn>
      <p0826-teimww:book knoraType="link_value" linkType="ref" target="ww_5af91280461707f1"/>
    </p0826-teimww:occursIn>
  </p0826-teimww:passage>
  <p0826-teimww:passage id="ww_2904818fb3c7975d">
    <knoraXmlImport:label>passage label</knoraXmlImport:label>
    <p0826-teimww:occursIn>
      <p0826-teimww:book knoraType="link_value" linkType="ref" target="ww_bcc975a9199bde49"/>
    </p0826-teimww:occursIn>
  </p0826-teimww:passage>
  <p0826-teimww:passage id="ww_3fee323564a3fb7b">
    <knoraXmlImport:label>passage label</knoraXmlImport:label>
    <p0826-teimww:occursIn>
      <p0826-teimww:book knoraType="link_value" linkType="ref" target="ww_0c928f9e751dabbf"/>
    </p0826-teimww:occursIn>
    <p0826-teimww:text knoraType="richtext_value">[Hostess:] [...] He made a finer end, and &lt;span class="quote"&gt;went away an it had been any christom child.&lt;/span&gt;</p0826-teimww:text>
  </p0826-teimww:passage>
  <p0826-teimww:passage id="ww_93b15530859689b6">
    <knoraXmlImport:label>passage label</knoraXmlImport:label>
    <p0826-teimww:occursIn>
      <p0826-teimww:book knoraType="link_value" linkType="ref" target="ww_1140c36ab545b6d8"/>
    </p0826-teimww:occursIn>
  </p0826-teimww:passage>
  <p0826-teimww:passage id="ww_5c32c175a8882716">
    <knoraXmlImport:label>passage label</knoraXmlImport:label>
    <p0826-teimww:occursIn>
      <p0826-teimww:book knoraType="link_value" linkType="ref" target="ww_c068d7733749f819"/>
    </p0826-teimww:occursIn>
    <p0826-teimww:text knoraType="richtext_value">[Eyre:] […] &lt;span class="quote"&gt;my fine dapper Assyrian lads&lt;/span&gt; [...].</p0826-teimww:text>
  </p0826-teimww:passage>
  <p0826-teimww:passage id="ww_84f57ed49cf780e6">
    <knoraXmlImport:label>passage label</knoraXmlImport:label>
    <p0826-teimww:occursIn>
      <p0826-teimww:book knoraType="link_value" linkType="ref" target="ww_4a0afee9ece50ddb"/>
    </p0826-teimww:occursIn>
    <p0826-teimww:text knoraType="richtext_value">[Prologue:] […] &lt;span class="quote"&gt;And for this small Circumference must stand, &lt;br/&gt;
For the imagind Surface of much land, &lt;br/&gt;
Of many kingdoms&lt;/span&gt;, and since many a mile, &lt;br/&gt;
Should here be measured out: our muse intreats, &lt;br/&gt;
Your thoughts to help poor Art [...].
</p0826-teimww:text>
  </p0826-teimww:passage>
  <p0826-teimww:passage id="ww_93cf65847b1e832e">
    <knoraXmlImport:label>passage label</knoraXmlImport:label>
    <p0826-teimww:occursIn>
      <p0826-teimww:book knoraType="link_value" linkType="ref" target="ww_2e08ba1bdf49c8dc"/>
    </p0826-teimww:occursIn>
  </p0826-teimww:passage>
  <p0826-teimww:passage id="ww_73b0086a40f565d7">
    <knoraXmlImport:label>passage label</knoraXmlImport:label>
    <p0826-teimww:occursIn>
      <p0826-teimww:book knoraType="link_value" linkType="ref" target="ww_0c928f9e751dabbf"/>
    </p0826-teimww:occursIn>
    <p0826-teimww:text knoraType="richtext_value">[Exeter:] For government, though high and low and lower, &lt;br&gt;
Put into parts, doth keep in one consent, &lt;br&gt;
&lt;span class="quote"&gt;Congreeing in a full and natural close, &lt;br&gt;
Like music.&lt;/span&gt;</p0826-teimww:text>
  </p0826-teimww:passage>
  <p0826-teimww:passage id="ww_15dcf898b6849140">
    <knoraXmlImport:label>passage label</knoraXmlImport:label>
    <p0826-teimww:occursIn>
      <p0826-teimww:book knoraType="link_value" linkType="ref" target="ww_de6299bae9b985ee"/>
    </p0826-teimww:occursIn>
  </p0826-teimww:passage>
  <p0826-teimww:passage id="ww_94a79b849e507cb1">
    <knoraXmlImport:label>passage label</knoraXmlImport:label>
    <p0826-teimww:occursIn>
      <p0826-teimww:book knoraType="link_value" linkType="ref" target="ww_c068d7733749f819"/>
    </p0826-teimww:occursIn>
    <p0826-teimww:text knoraType="richtext_value">[Rose:] Here sit thou down upon &lt;span class="quote"&gt;this flowery bank, &lt;br/&gt;
And make a garland for thy Lacy's head, &lt;br/&gt;
These pinks, these roses, and these violets, &lt;br/&gt;
These blushing gilliflowers, these marigolds, &lt;br/&gt;&lt;/span&gt;
The fair embroidery of his coronet, &lt;br/&gt;
Carry not half such beauty in their cheeks, &lt;br/&gt;
As the sweet countenance of my Lacy doth. </p0826-teimww:text>
  </p0826-teimww:passage>
  <p0826-teimww:passage id="ww_807b5c7545e47c55">
    <knoraXmlImport:label>passage label</knoraXmlImport:label>
    <p0826-teimww:occursIn>
      <p0826-teimww:book knoraType="link_value" linkType="ref" target="ww_1140c36ab545b6d8"/>
    </p0826-teimww:occursIn>
  </p0826-teimww:passage>
  <p0826-teimww:passage id="ww_170ec367907da74a">
    <knoraXmlImport:label>passage label</knoraXmlImport:label>
    <p0826-teimww:occursIn>
      <p0826-teimww:book knoraType="link_value" linkType="ref" target="ww_0c928f9e751dabbf"/>
    </p0826-teimww:occursIn>
    <p0826-teimww:text knoraType="richtext_value">[Pistol:] […] O braggart vile and damnèd furious wight, &lt;br/&gt;
The grave doth gape, and doting death is near. &lt;br/&gt;
Therefore &lt;span class="quote"&gt;exhale.&lt;/span&gt;</p0826-teimww:text>
  </p0826-teimww:passage>
  <p0826-teimww:passage id="ww_880e2637db1587cb">
    <knoraXmlImport:label>passage label</knoraXmlImport:label>
    <p0826-teimww:occursIn>
      <p0826-teimww:book knoraType="link_value" linkType="ref" target="ww_1140c36ab545b6d8"/>
    </p0826-teimww:occursIn>
  </p0826-teimww:passage>
  <p0826-teimww:passage id="ww_9787a9f36a5ec522">
    <knoraXmlImport:label>passage label</knoraXmlImport:label>
    <p0826-teimww:occursIn>
      <p0826-teimww:book knoraType="link_value" linkType="ref" target="ww_3c135d434850a738"/>
    </p0826-teimww:occursIn>
    <p0826-teimww:text knoraType="richtext_value">[Brutus:] [...] &lt;span class="quote"&gt;There is a tide in the affairs of men &lt;/span&gt;[...].</p0826-teimww:text>
  </p0826-teimww:passage>
  <p0826-teimww:passage id="ww_2d220c91df09af6a">
    <knoraXmlImport:label>passage label</knoraXmlImport:label>
    <p0826-teimww:occursIn>
      <p0826-teimww:book knoraType="link_value" linkType="ref" target="ww_1140c36ab545b6d8"/>
    </p0826-teimww:occursIn>
  </p0826-teimww:passage>
  <p0826-teimww:passage id="ww_5f20ec282e1e5172">
    <knoraXmlImport:label>passage label</knoraXmlImport:label>
    <p0826-teimww:occursIn>
      <p0826-teimww:book knoraType="link_value" linkType="ref" target="ww_3c135d434850a738"/>
    </p0826-teimww:occursIn>
    <p0826-teimww:text knoraType="richtext_value">[Portia:] &lt;span class="quote"&gt;I prithee, boy, run to the Senate House. &lt;br/&gt;
Stay not to answer me, but get thee gone. &lt;br/&gt;
Why dost thou stay? &lt;br/&gt;
[Lucius:] To know my errand, madam. &lt;br/&gt;
[Portia:] I would have had thee there and here again &lt;br/&gt;
Ere I can tell thee what thou shouldst do there. &lt;br/&gt;
(Aside) O constancy, be strong upon my side; &lt;br/&gt;
Set a huge mountain ’tween my heart and tongue. &lt;br/&gt;
I have a man’s mind but a woman’s might. &lt;br/&gt;
How hard it is for women to keep counsel! - &lt;br/&gt;
Art thou here yet? &lt;br/&gt;
[Lucius:] Madam, what should I do? &lt;br/&gt;
Run to the Capitol, and nothing else? &lt;br/&gt;
And so return to you, and nothing else? &lt;br/&gt;
[Portia:] Yes, bring me word, boy, if thy lord look well, &lt;br/&gt;
For he went sickly forth. And take good note &lt;br/&gt;
What Caesar doth, what suitors press to him. &lt;br/&gt;
Hark, boy, what noise is that? &lt;br/&gt;
[Lucius:] I hear none, madam. &lt;br/&gt;
[Portia:] Prithee, listen well. &lt;br/&gt;
I heard a bustling rumor like a fray, &lt;br/&gt;
And the wind brings it from the Capitol. &lt;br&gt;
[Lucius:] Sooth, madam, I hear nothing.&lt;/span&gt;</p0826-teimww:text>
  </p0826-teimww:passage>
  <p0826-teimww:passage id="ww_607d1847d10ef07d">
    <knoraXmlImport:label>passage label</knoraXmlImport:label>
    <p0826-teimww:occursIn>
      <p0826-teimww:book knoraType="link_value" linkType="ref" target="ww_1140c36ab545b6d8"/>
    </p0826-teimww:occursIn>
  </p0826-teimww:passage>
  <p0826-teimww:passage id="ww_dfc6fec20e214272">
    <knoraXmlImport:label>passage label</knoraXmlImport:label>
    <p0826-teimww:occursIn>
      <p0826-teimww:book knoraType="link_value" linkType="ref" target="ww_5cb4c35da9f3b9dd"/>
    </p0826-teimww:occursIn>
    <p0826-teimww:text knoraType="richtext_value">[Horatio:]&lt;span class="quote"&gt; But, look, the morn, in russet mantle clad, &lt;br&gt;
Walks o'er the dew of yon high eastward hill &lt;/span&gt;[...].</p0826-teimww:text>
  </p0826-teimww:passage>
  <p0826-teimww:passage id="ww_9da624ada50dcbf7">
    <knoraXmlImport:label>passage label</knoraXmlImport:label>
    <p0826-teimww:occursIn>
      <p0826-teimww:book knoraType="link_value" linkType="ref" target="ww_5cb4c35da9f3b9dd"/>
    </p0826-teimww:occursIn>
    <p0826-teimww:text knoraType="richtext_value">[Hamlet:] [...] &lt;span class="quote"&gt;Oft breaking down the pales and forts of reason &lt;/span&gt;[...].</p0826-teimww:text>
  </p0826-teimww:passage>
  <p0826-teimww:passage id="ww_c2ab8018d4165d52">
    <knoraXmlImport:label>passage label</knoraXmlImport:label>
    <p0826-teimww:occursIn>
      <p0826-teimww:book knoraType="link_value" linkType="ref" target="ww_3f86f30540de15b8"/>
    </p0826-teimww:occursIn>
  </p0826-teimww:passage>
  <p0826-teimww:passage id="ww_48b1566c33fab699">
    <knoraXmlImport:label>passage label</knoraXmlImport:label>
    <p0826-teimww:occursIn>
      <p0826-teimww:book knoraType="link_value" linkType="ref" target="ww_5cb4c35da9f3b9dd"/>
    </p0826-teimww:occursIn>
    <p0826-teimww:text knoraType="richtext_value">[Hamlet:] [...] Or by some habit that &lt;span class="quote"&gt;too much o'erleavens &lt;br&gt;&lt;/span&gt;
The form of plausive manners [...].</p0826-teimww:text>
  </p0826-teimww:passage>
  <p0826-teimww:passage id="ww_849da0f6b707abdd">
    <knoraXmlImport:label>passage label</knoraXmlImport:label>
    <p0826-teimww:occursIn>
      <p0826-teimww:book knoraType="link_value" linkType="ref" target="ww_5c3ae833a8aaf03d"/>
    </p0826-teimww:occursIn>
    <p0826-teimww:text knoraType="richtext_value">&lt;span class="quote"&gt;Rosalind&lt;/span&gt;</p0826-teimww:text>
  </p0826-teimww:passage>
  <p0826-teimww:passage id="ww_bb5dc7c4f125dbdd">
    <knoraXmlImport:label>passage label</knoraXmlImport:label>
    <p0826-teimww:occursIn>
      <p0826-teimww:book knoraType="link_value" linkType="ref" target="ww_5cb4c35da9f3b9dd"/>
    </p0826-teimww:occursIn>
    <p0826-teimww:text knoraType="richtext_value">[Hamlet:] That skull had a tongue in it and could sing once. How the knave jowls it to the ground as if 'twere &lt;span class="quote"&gt;Cain's jawbone, that did the first murder!&lt;/span&gt;</p0826-teimww:text>
  </p0826-teimww:passage>
  <p0826-teimww:passage id="ww_a867c0cdd78abdf0">
    <knoraXmlImport:label>passage label</knoraXmlImport:label>
    <p0826-teimww:occursIn>
      <p0826-teimww:book knoraType="link_value" linkType="ref" target="ww_0b28ed19a0540e1d"/>
    </p0826-teimww:occursIn>
  </p0826-teimww:passage>
  <p0826-teimww:passage id="ww_7153118b72186a86">
    <knoraXmlImport:label>passage label</knoraXmlImport:label>
    <p0826-teimww:occursIn>
      <p0826-teimww:book knoraType="link_value" linkType="ref" target="ww_5cb4c35da9f3b9dd"/>
    </p0826-teimww:occursIn>
    <p0826-teimww:text knoraType="richtext_value">[Hamlet:] [...] And, indeed, it takes &lt;br&gt;
From our achievements, though performed at height, &lt;br&gt;
&lt;span class="quote"&gt;The pith and marrow &lt;/span&gt;of our attribute. </p0826-teimww:text>
  </p0826-teimww:passage>
  <p0826-teimww:passage id="ww_40ec4276e251f348">
    <knoraXmlImport:label>passage label</knoraXmlImport:label>
    <p0826-teimww:occursIn>
      <p0826-teimww:book knoraType="link_value" linkType="ref" target="ww_55bc1a3b04bf8a8d"/>
    </p0826-teimww:occursIn>
  </p0826-teimww:passage>
  <p0826-teimww:passage id="ww_dd9a35c8788e93ff">
    <knoraXmlImport:label>passage label</knoraXmlImport:label>
    <p0826-teimww:occursIn>
      <p0826-teimww:book knoraType="link_value" linkType="ref" target="ww_5cb4c35da9f3b9dd"/>
    </p0826-teimww:occursIn>
    <p0826-teimww:text knoraType="richtext_value">[Hamlet:] &lt;span class="quote"&gt;When he needs what you have gleaned, it is but squeezing you, and, sponge, you shall be dry again.&lt;/span&gt;</p0826-teimww:text>
  </p0826-teimww:passage>
  <p0826-teimww:passage id="ww_6f318bb862dffaf1">
    <knoraXmlImport:label>passage label</knoraXmlImport:label>
    <p0826-teimww:occursIn>
      <p0826-teimww:book knoraType="link_value" linkType="ref" target="ww_b3931845d54b98d5"/>
    </p0826-teimww:occursIn>
  </p0826-teimww:passage>
  <p0826-teimww:passage id="ww_4ff15fa3e3364b95">
    <knoraXmlImport:label>passage label</knoraXmlImport:label>
    <p0826-teimww:occursIn>
      <p0826-teimww:book knoraType="link_value" linkType="ref" target="ww_5cb4c35da9f3b9dd"/>
    </p0826-teimww:occursIn>
    <p0826-teimww:text knoraType="richtext_value">[Player Queen:] &lt;span class="quote"&gt;In second husband let me be accurst!&lt;/span&gt;</p0826-teimww:text>
  </p0826-teimww:passage>
  <p0826-teimww:passage id="ww_f3c82c65fe94c59f">
    <knoraXmlImport:label>passage label</knoraXmlImport:label>
    <p0826-teimww:occursIn>
      <p0826-teimww:book knoraType="link_value" linkType="ref" target="ww_1140c36ab545b6d8"/>
    </p0826-teimww:occursIn>
  </p0826-teimww:passage>
  <p0826-teimww:passage id="ww_2521e09b862acf83">
    <knoraXmlImport:label>passage label</knoraXmlImport:label>
    <p0826-teimww:occursIn>
      <p0826-teimww:book knoraType="link_value" linkType="ref" target="ww_e45c23b640bedb8f"/>
    </p0826-teimww:occursIn>
  </p0826-teimww:passage>
  <p0826-teimww:passage id="ww_494bf77b0495bf80">
    <knoraXmlImport:label>passage label</knoraXmlImport:label>
    <p0826-teimww:occursIn>
      <p0826-teimww:book knoraType="link_value" linkType="ref" target="ww_ba8a8fc764e851b4"/>
    </p0826-teimww:occursIn>
  </p0826-teimww:passage>
  <p0826-teimww:passage id="ww_756a98f0988721a7">
    <knoraXmlImport:label>passage label</knoraXmlImport:label>
    <p0826-teimww:occursIn>
      <p0826-teimww:book knoraType="link_value" linkType="ref" target="ww_5cb4c35da9f3b9dd"/>
    </p0826-teimww:occursIn>
    <p0826-teimww:text knoraType="richtext_value">[Player Queen:] &lt;span class="quote"&gt;A second time I kill my husband dead &lt;/span&gt;[...].</p0826-teimww:text>
  </p0826-teimww:passage>
  <p0826-teimww:passage id="ww_b561454f297eaaf5">
    <knoraXmlImport:label>passage label</knoraXmlImport:label>
    <p0826-teimww:occursIn>
      <p0826-teimww:book knoraType="link_value" linkType="ref" target="ww_e45c23b640bedb8f"/>
    </p0826-teimww:occursIn>
  </p0826-teimww:passage>
  <p0826-teimww:passage id="ww_34712d2343505b25">
    <knoraXmlImport:label>passage label</knoraXmlImport:label>
    <p0826-teimww:occursIn>
      <p0826-teimww:book knoraType="link_value" linkType="ref" target="ww_5af91280461707f1"/>
    </p0826-teimww:occursIn>
  </p0826-teimww:passage>
  <p0826-teimww:passage id="ww_3d1785187c5b22aa">
    <knoraXmlImport:label>passage label</knoraXmlImport:label>
    <p0826-teimww:occursIn>
      <p0826-teimww:book knoraType="link_value" linkType="ref" target="ww_5cb4c35da9f3b9dd"/>
    </p0826-teimww:occursIn>
    <p0826-teimww:text knoraType="richtext_value">[Fortinbras:] Let four captains&lt;br&gt;
&lt;span class="quote"&gt;bear Hamlet like a soldier to the stage,&lt;br&gt;&lt;/span&gt;
For he was likely, had he been put on,&lt;br&gt;
To have proved most royal [...].</p0826-teimww:text>
  </p0826-teimww:passage>
  <p0826-teimww:passage id="ww_5e6a7e77ec2dceea">
    <knoraXmlImport:label>passage label</knoraXmlImport:label>
    <p0826-teimww:occursIn>
      <p0826-teimww:book knoraType="link_value" linkType="ref" target="ww_5cb4c35da9f3b9dd"/>
    </p0826-teimww:occursIn>
    <p0826-teimww:text knoraType="richtext_value">[Queen:] &lt;span class="quote"&gt;The lady doth protest too much, methinks.&lt;/span&gt;</p0826-teimww:text>
  </p0826-teimww:passage>
  <p0826-teimww:passage id="ww_adfde7da0d9d4398">
    <knoraXmlImport:label>passage label</knoraXmlImport:label>
    <p0826-teimww:occursIn>
      <p0826-teimww:book knoraType="link_value" linkType="ref" target="ww_3e15ab6c612eadae"/>
    </p0826-teimww:occursIn>
  </p0826-teimww:passage>
  <p0826-teimww:passage id="ww_a8badf44403f687f">
    <knoraXmlImport:label>passage label</knoraXmlImport:label>
    <p0826-teimww:occursIn>
      <p0826-teimww:book knoraType="link_value" linkType="ref" target="ww_5cb4c35da9f3b9dd"/>
    </p0826-teimww:occursIn>
    <p0826-teimww:text knoraType="richtext_value">[Hamlet:] Excellent, i' faith, &lt;span class="quote"&gt;of the chameleon's dish. I eat the air, &lt;/span&gt;promise-crammed. You cannot feed capons so.</p0826-teimww:text>
  </p0826-teimww:passage>
  <p0826-teimww:passage id="ww_594afb470c275fb0">
    <knoraXmlImport:label>passage label</knoraXmlImport:label>
    <p0826-teimww:occursIn>
      <p0826-teimww:book knoraType="link_value" linkType="ref" target="ww_4899784ecc7f3845"/>
    </p0826-teimww:occursIn>
  </p0826-teimww:passage>
  <p0826-teimww:passage id="ww_91755c323b5c518a">
    <knoraXmlImport:label>passage label</knoraXmlImport:label>
    <p0826-teimww:occursIn>
      <p0826-teimww:book knoraType="link_value" linkType="ref" target="ww_5cb4c35da9f3b9dd"/>
    </p0826-teimww:occursIn>
    <p0826-teimww:text knoraType="richtext_value">[Hamlet:]  [...] &lt;span class="quote"&gt;Yet I,&lt;br&gt;
A dull and muddy-mettled rascal, &lt;/span&gt;peak &lt;br&gt;
Like &lt;span class="quote"&gt;John-a-dreams, unpregnant of my cause, &lt;br&gt;
And can say nothing &lt;/span&gt;[...].</p0826-teimww:text>
  </p0826-teimww:passage>
  <p0826-teimww:passage id="ww_33afe98f8b4b27c4">
    <knoraXmlImport:label>passage label</knoraXmlImport:label>
    <p0826-teimww:occursIn>
      <p0826-teimww:book knoraType="link_value" linkType="ref" target="ww_ca15500e7036f16e"/>
    </p0826-teimww:occursIn>
  </p0826-teimww:passage>
  <p0826-teimww:passage id="ww_531a1d524dc1faad">
    <knoraXmlImport:label>passage label</knoraXmlImport:label>
    <p0826-teimww:occursIn>
      <p0826-teimww:book knoraType="link_value" linkType="ref" target="ww_b3931845d54b98d5"/>
    </p0826-teimww:occursIn>
  </p0826-teimww:passage>
  <p0826-teimww:passage id="ww_e8f1fc773294ce53">
    <knoraXmlImport:label>passage label</knoraXmlImport:label>
    <p0826-teimww:occursIn>
      <p0826-teimww:book knoraType="link_value" linkType="ref" target="ww_5c3ae833a8aaf03d"/>
    </p0826-teimww:occursIn>
    <p0826-teimww:text knoraType="richtext_value">[Rosalind:] &lt;span class="quote"&gt;From the east to western Ind &lt;br&gt;
No jewel is like Rosalind.&lt;/span&gt;</p0826-teimww:text>
  </p0826-teimww:passage>
  <p0826-teimww:passage id="ww_8e106ff15cd74795">
    <knoraXmlImport:label>passage label</knoraXmlImport:label>
    <p0826-teimww:occursIn>
      <p0826-teimww:book knoraType="link_value" linkType="ref" target="ww_5af91280461707f1"/>
    </p0826-teimww:occursIn>
  </p0826-teimww:passage>
  <p0826-teimww:passage id="ww_b0f0ab2811ec89cd">
    <knoraXmlImport:label>passage label</knoraXmlImport:label>
    <p0826-teimww:occursIn>
      <p0826-teimww:book knoraType="link_value" linkType="ref" target="ww_5cb4c35da9f3b9dd"/>
    </p0826-teimww:occursIn>
    <p0826-teimww:text knoraType="richtext_value">[Hamlet:] So, uncle, there you are. Now to my word. It is "adieu, adieu,&lt;span class="quote"&gt;Remember me".&lt;/span&gt;</p0826-teimww:text>
  </p0826-teimww:passage>
  <p0826-teimww:passage id="ww_6570a5c267f6bb03">
    <knoraXmlImport:label>passage label</knoraXmlImport:label>
    <p0826-teimww:occursIn>
      <p0826-teimww:book knoraType="link_value" linkType="ref" target="ww_c1ca40b688cca87f"/>
    </p0826-teimww:occursIn>
  </p0826-teimww:passage>
  <p0826-teimww:passage id="ww_ce89a95e1a2530ce">
    <knoraXmlImport:label>passage label</knoraXmlImport:label>
    <p0826-teimww:occursIn>
      <p0826-teimww:book knoraType="link_value" linkType="ref" target="ww_5cb4c35da9f3b9dd"/>
    </p0826-teimww:occursIn>
    <p0826-teimww:text knoraType="richtext_value">[Guildenstern:] &lt;span class="quote"&gt;Good my lord, put your discourse into some frame and start not so wildly from my affair.&lt;/span&gt;</p0826-teimww:text>
  </p0826-teimww:passage>
  <p0826-teimww:passage id="ww_4803429b2e9ae6c4">
    <knoraXmlImport:label>passage label</knoraXmlImport:label>
    <p0826-teimww:occursIn>
      <p0826-teimww:book knoraType="link_value" linkType="ref" target="ww_160b060adc5c12bf"/>
    </p0826-teimww:occursIn>
  </p0826-teimww:passage>
  <p0826-teimww:passage id="ww_5086a755e9b2a2d6">
    <knoraXmlImport:label>passage label</knoraXmlImport:label>
    <p0826-teimww:occursIn>
      <p0826-teimww:book knoraType="link_value" linkType="ref" target="ww_5cb4c35da9f3b9dd"/>
    </p0826-teimww:occursIn>
    <p0826-teimww:text knoraType="richtext_value">[Hamlet:] [...] &lt;span class="quote"&gt;How like an angel [...].&lt;/span&gt;</p0826-teimww:text>
  </p0826-teimww:passage>
  <p0826-teimww:passage id="ww_3dc650d3e7b1ad3f">
    <knoraXmlImport:label>passage label</knoraXmlImport:label>
    <p0826-teimww:occursIn>
      <p0826-teimww:book knoraType="link_value" linkType="ref" target="ww_3e15ab6c612eadae"/>
    </p0826-teimww:occursIn>
  </p0826-teimww:passage>
  <p0826-teimww:passage id="ww_6027d71ff9ef0fa7">
    <knoraXmlImport:label>passage label</knoraXmlImport:label>
    <p0826-teimww:occursIn>
      <p0826-teimww:book knoraType="link_value" linkType="ref" target="ww_5cb4c35da9f3b9dd"/>
    </p0826-teimww:occursIn>
    <p0826-teimww:text knoraType="richtext_value">[Polonius:] [...] &lt;span class="quote"&gt;To thine own self be true&lt;/span&gt; [...].</p0826-teimww:text>
  </p0826-teimww:passage>
  <p0826-teimww:passage id="ww_088e42a30f4e6ad1">
    <knoraXmlImport:label>passage label</knoraXmlImport:label>
    <p0826-teimww:occursIn>
      <p0826-teimww:book knoraType="link_value" linkType="ref" target="ww_4899784ecc7f3845"/>
    </p0826-teimww:occursIn>
  </p0826-teimww:passage>
  <p0826-teimww:passage id="ww_d985d1f5d3fbce1a">
    <knoraXmlImport:label>passage label</knoraXmlImport:label>
    <p0826-teimww:occursIn>
      <p0826-teimww:book knoraType="link_value" linkType="ref" target="ww_5cb4c35da9f3b9dd"/>
    </p0826-teimww:occursIn>
    <p0826-teimww:text knoraType="richtext_value">[Hamlet:] &lt;span class="quote"&gt;And do still, by these pickers and stealers.&lt;/span&gt;</p0826-teimww:text>
  </p0826-teimww:passage>
  <p0826-teimww:passage id="ww_f4cfd101e9dc24b4">
    <knoraXmlImport:label>passage label</knoraXmlImport:label>
    <p0826-teimww:occursIn>
      <p0826-teimww:book knoraType="link_value" linkType="ref" target="ww_0b28ed19a0540e1d"/>
    </p0826-teimww:occursIn>
  </p0826-teimww:passage>
  <p0826-teimww:passage id="ww_a718b1298cf29c0b">
    <knoraXmlImport:label>passage label</knoraXmlImport:label>
    <p0826-teimww:occursIn>
      <p0826-teimww:book knoraType="link_value" linkType="ref" target="ww_5cb4c35da9f3b9dd"/>
    </p0826-teimww:occursIn>
    <p0826-teimww:text knoraType="richtext_value">[Hamlet:] Ay, marry, &lt;span class="quote"&gt;why was he sent into England? &lt;br&gt;&lt;/span&gt;
[Gravedigger:] Why, &lt;span class="quote"&gt;because he was mad: he shall recover his wits there; &lt;/span&gt;or, if he do not, it's no great matter there. &lt;br&gt;
[Hamlet:] Why? &lt;br&gt;
[Gravedigger:] 'Twill, a not be seen in him there; there the men are as mad as he. </p0826-teimww:text>
  </p0826-teimww:passage>
  <p0826-teimww:passage id="ww_c76082513d0ff9d3">
    <knoraXmlImport:label>passage label</knoraXmlImport:label>
    <p0826-teimww:occursIn>
      <p0826-teimww:book knoraType="link_value" linkType="ref" target="ww_3e15ab6c612eadae"/>
    </p0826-teimww:occursIn>
  </p0826-teimww:passage>
  <p0826-teimww:passage id="ww_0585f44a3b4c51ac">
    <knoraXmlImport:label>passage label</knoraXmlImport:label>
    <p0826-teimww:occursIn>
      <p0826-teimww:book knoraType="link_value" linkType="ref" target="ww_5cb4c35da9f3b9dd"/>
    </p0826-teimww:occursIn>
    <p0826-teimww:text knoraType="richtext_value">[Hamlet:] [...] &lt;span class="quote"&gt;I will speak daggers to her, but use none &lt;/span&gt;[...]. </p0826-teimww:text>
  </p0826-teimww:passage>
  <p0826-teimww:passage id="ww_582e670826303c81">
    <knoraXmlImport:label>passage label</knoraXmlImport:label>
    <p0826-teimww:occursIn>
      <p0826-teimww:book knoraType="link_value" linkType="ref" target="ww_b3931845d54b98d5"/>
    </p0826-teimww:occursIn>
  </p0826-teimww:passage>
  <p0826-teimww:passage id="ww_d0705fb4d27bdda3">
    <knoraXmlImport:label>passage label</knoraXmlImport:label>
    <p0826-teimww:occursIn>
      <p0826-teimww:book knoraType="link_value" linkType="ref" target="ww_1c8a25fac02f85a7"/>
    </p0826-teimww:occursIn>
  </p0826-teimww:passage>
  <p0826-teimww:passage id="ww_661fe290ccafec3c">
    <knoraXmlImport:label>passage label</knoraXmlImport:label>
    <p0826-teimww:occursIn>
      <p0826-teimww:book knoraType="link_value" linkType="ref" target="ww_df2b8c2f18df151a"/>
    </p0826-teimww:occursIn>
  </p0826-teimww:passage>
  <p0826-teimww:passage id="ww_602fa15ab651c8a3">
    <knoraXmlImport:label>passage label</knoraXmlImport:label>
    <p0826-teimww:occursIn>
      <p0826-teimww:book knoraType="link_value" linkType="ref" target="ww_5cb4c35da9f3b9dd"/>
    </p0826-teimww:occursIn>
    <p0826-teimww:text knoraType="richtext_value">[First Player:] &lt;span class="quote"&gt;Pyrrhus at Priam drives, in rage strikes wide;&lt;br&gt;
But with the whiff and wind of his fell sword &lt;/span&gt;[...].</p0826-teimww:text>
  </p0826-teimww:passage>
  <p0826-teimww:passage id="ww_281f200af91cf122">
    <knoraXmlImport:label>passage label</knoraXmlImport:label>
    <p0826-teimww:occursIn>
      <p0826-teimww:book knoraType="link_value" linkType="ref" target="ww_3f86f30540de15b8"/>
    </p0826-teimww:occursIn>
  </p0826-teimww:passage>
  <p0826-teimww:passage id="ww_539bb68ff978b1de">
    <knoraXmlImport:label>passage label</knoraXmlImport:label>
    <p0826-teimww:occursIn>
      <p0826-teimww:book knoraType="link_value" linkType="ref" target="ww_5cb4c35da9f3b9dd"/>
    </p0826-teimww:occursIn>
    <p0826-teimww:text knoraType="richtext_value">[Polonius:] [...]&lt;span class="quote"&gt; By indirections find directions out.&lt;/span&gt;</p0826-teimww:text>
  </p0826-teimww:passage>
  <p0826-teimww:passage id="ww_262a0c1504afa050">
    <knoraXmlImport:label>passage label</knoraXmlImport:label>
    <p0826-teimww:occursIn>
      <p0826-teimww:book knoraType="link_value" linkType="ref" target="ww_b3931845d54b98d5"/>
    </p0826-teimww:occursIn>
  </p0826-teimww:passage>
  <p0826-teimww:passage id="ww_ac463396430e01ae">
    <knoraXmlImport:label>passage label</knoraXmlImport:label>
    <p0826-teimww:occursIn>
      <p0826-teimww:book knoraType="link_value" linkType="ref" target="ww_5cb4c35da9f3b9dd"/>
    </p0826-teimww:occursIn>
    <p0826-teimww:text knoraType="richtext_value">[Hamlet:] &lt;span class="quote"&gt;Very well. Follow that lord - and look you mock him not.&lt;/span&gt;</p0826-teimww:text>
  </p0826-teimww:passage>
  <p0826-teimww:passage id="ww_3cb627e58d71567e">
    <knoraXmlImport:label>passage label</knoraXmlImport:label>
    <p0826-teimww:occursIn>
      <p0826-teimww:book knoraType="link_value" linkType="ref" target="ww_cd1e70f8e2cd8c82"/>
    </p0826-teimww:occursIn>
  </p0826-teimww:passage>
  <p0826-teimww:passage id="ww_a2b1e57786978f7d">
    <knoraXmlImport:label>passage label</knoraXmlImport:label>
    <p0826-teimww:occursIn>
      <p0826-teimww:book knoraType="link_value" linkType="ref" target="ww_5cb4c35da9f3b9dd"/>
    </p0826-teimww:occursIn>
    <p0826-teimww:text knoraType="richtext_value">[Polonius:] &lt;span class="quote"&gt;Thine evermore, most dear lady, whilst this machine is to him, Hamlet.&lt;/span&gt;</p0826-teimww:text>
  </p0826-teimww:passage>
  <p0826-teimww:passage id="ww_d94817214597b98d">
    <knoraXmlImport:label>passage label</knoraXmlImport:label>
    <p0826-teimww:occursIn>
      <p0826-teimww:book knoraType="link_value" linkType="ref" target="ww_160b060adc5c12bf"/>
    </p0826-teimww:occursIn>
  </p0826-teimww:passage>
  <p0826-teimww:passage id="ww_d893ccc35b2ac563">
    <knoraXmlImport:label>passage label</knoraXmlImport:label>
    <p0826-teimww:occursIn>
      <p0826-teimww:book knoraType="link_value" linkType="ref" target="ww_5cb4c35da9f3b9dd"/>
    </p0826-teimww:occursIn>
    <p0826-teimww:text knoraType="richtext_value">[Hamlet:] &lt;span class="quote"&gt;For if the sun breed maggots in a dead dog, being a good kissing carrion - Have you a
daughter?&lt;/span&gt;</p0826-teimww:text>
  </p0826-teimww:passage>
  <p0826-teimww:passage id="ww_5e493bc1229829c7">
    <knoraXmlImport:label>passage label</knoraXmlImport:label>
    <p0826-teimww:occursIn>
      <p0826-teimww:book knoraType="link_value" linkType="ref" target="ww_b3931845d54b98d5"/>
    </p0826-teimww:occursIn>
  </p0826-teimww:passage>
  <p0826-teimww:passage id="ww_847272dfd3e3624c">
    <knoraXmlImport:label>passage label</knoraXmlImport:label>
    <p0826-teimww:occursIn>
      <p0826-teimww:book knoraType="link_value" linkType="ref" target="ww_5cb4c35da9f3b9dd"/>
    </p0826-teimww:occursIn>
    <p0826-teimww:text knoraType="richtext_value">[Hamlet:] Absent thee from&lt;span class="quote"&gt; felicity&lt;/span&gt; awhile
</p0826-teimww:text>
  </p0826-teimww:passage>
  <p0826-teimww:passage id="ww_7d1606a8395055c0">
    <knoraXmlImport:label>passage label</knoraXmlImport:label>
    <p0826-teimww:occursIn>
      <p0826-teimww:book knoraType="link_value" linkType="ref" target="ww_0b28ed19a0540e1d"/>
    </p0826-teimww:occursIn>
  </p0826-teimww:passage>
  <p0826-teimww:passage id="ww_43cb4d0d299dd880">
    <knoraXmlImport:label>passage label</knoraXmlImport:label>
    <p0826-teimww:occursIn>
      <p0826-teimww:book knoraType="link_value" linkType="ref" target="ww_5cb4c35da9f3b9dd"/>
    </p0826-teimww:occursIn>
    <p0826-teimww:text knoraType="richtext_value">[Gravedigger:]&lt;span class="quote"&gt; In youth when I did love, did love, &lt;br&gt;
Methought it was very sweet&lt;br&gt;
To contract - O - the time for - a - my behove,&lt;br&gt;
O, methought there - a - was nothing - a - meet&lt;br&gt;&lt;/span&gt;[...].</p0826-teimww:text>
  </p0826-teimww:passage>
  <p0826-teimww:passage id="ww_15247b530bbf709d">
    <knoraXmlImport:label>passage label</knoraXmlImport:label>
    <p0826-teimww:occursIn>
      <p0826-teimww:book knoraType="link_value" linkType="ref" target="ww_359edd0d37d00410"/>
    </p0826-teimww:occursIn>
  </p0826-teimww:passage>
  <p0826-teimww:passage id="ww_3beca7d9a2e89534">
    <knoraXmlImport:label>passage label</knoraXmlImport:label>
    <p0826-teimww:occursIn>
      <p0826-teimww:book knoraType="link_value" linkType="ref" target="ww_b3931845d54b98d5"/>
    </p0826-teimww:occursIn>
  </p0826-teimww:passage>
  <p0826-teimww:passage id="ww_3ef9e1e067bc492a">
    <knoraXmlImport:label>passage label</knoraXmlImport:label>
    <p0826-teimww:occursIn>
      <p0826-teimww:book knoraType="link_value" linkType="ref" target="ww_0dd5e309103973fb"/>
    </p0826-teimww:occursIn>
  </p0826-teimww:passage>
  <p0826-teimww:passage id="ww_ac9f74362ac18798">
    <knoraXmlImport:label>passage label</knoraXmlImport:label>
    <p0826-teimww:occursIn>
      <p0826-teimww:book knoraType="link_value" linkType="ref" target="ww_6f8bba60983f33d9"/>
    </p0826-teimww:occursIn>
  </p0826-teimww:passage>
  <p0826-teimww:passage id="ww_e3979363fd630da5">
    <knoraXmlImport:label>passage label</knoraXmlImport:label>
    <p0826-teimww:occursIn>
      <p0826-teimww:book knoraType="link_value" linkType="ref" target="ww_5cb4c35da9f3b9dd"/>
    </p0826-teimww:occursIn>
    <p0826-teimww:text knoraType="richtext_value">[Gravedigger:] &lt;span class="quote"&gt;But age with his stealing steps &lt;br&gt;
Hath clawed me in his clutch,&lt;br&gt;
And hath shipped me into the land,&lt;br&gt;
As if I had never been such.&lt;/span&gt;</p0826-teimww:text>
  </p0826-teimww:passage>
  <p0826-teimww:passage id="ww_53aa4268afae386d">
    <knoraXmlImport:label>passage label</knoraXmlImport:label>
    <p0826-teimww:occursIn>
      <p0826-teimww:book knoraType="link_value" linkType="ref" target="ww_359edd0d37d00410"/>
    </p0826-teimww:occursIn>
  </p0826-teimww:passage>
  <p0826-teimww:passage id="ww_f652e48d2cf61513">
    <knoraXmlImport:label>passage label</knoraXmlImport:label>
    <p0826-teimww:occursIn>
      <p0826-teimww:book knoraType="link_value" linkType="ref" target="ww_b3931845d54b98d5"/>
    </p0826-teimww:occursIn>
  </p0826-teimww:passage>
  <p0826-teimww:passage id="ww_4eeb6470d5581a8f">
    <knoraXmlImport:label>passage label</knoraXmlImport:label>
    <p0826-teimww:occursIn>
      <p0826-teimww:book knoraType="link_value" linkType="ref" target="ww_f3b3659c26b68006"/>
    </p0826-teimww:occursIn>
  </p0826-teimww:passage>
  <p0826-teimww:passage id="ww_005f95c25040f0bc">
    <knoraXmlImport:label>passage label</knoraXmlImport:label>
    <p0826-teimww:occursIn>
      <p0826-teimww:book knoraType="link_value" linkType="ref" target="ww_6f8bba60983f33d9"/>
    </p0826-teimww:occursIn>
  </p0826-teimww:passage>
  <p0826-teimww:passage id="ww_3e5654b7da2ccbcd">
    <knoraXmlImport:label>passage label</knoraXmlImport:label>
    <p0826-teimww:occursIn>
      <p0826-teimww:book knoraType="link_value" linkType="ref" target="ww_5cb4c35da9f3b9dd"/>
    </p0826-teimww:occursIn>
    <p0826-teimww:text knoraType="richtext_value">[Ophelia:] [...] &lt;span class="quote"&gt;Tomorrow is St. Valentine's day /span&gt;[...].</p0826-teimww:text>
  </p0826-teimww:passage>
  <p0826-teimww:passage id="ww_9903aa3be13766e9">
    <knoraXmlImport:label>passage label</knoraXmlImport:label>
    <p0826-teimww:occursIn>
      <p0826-teimww:book knoraType="link_value" linkType="ref" target="ww_8580b38f9dc94f0b"/>
    </p0826-teimww:occursIn>
  </p0826-teimww:passage>
  <p0826-teimww:passage id="ww_83fb0cfa4e64eb53">
    <knoraXmlImport:label>passage label</knoraXmlImport:label>
    <p0826-teimww:occursIn>
      <p0826-teimww:book knoraType="link_value" linkType="ref" target="ww_5cb4c35da9f3b9dd"/>
    </p0826-teimww:occursIn>
    <p0826-teimww:text knoraType="richtext_value">[Ophelia:] [...] &lt;span class="quote"&gt;Young men will do't, if they come to't &lt;/span&gt;[...].</p0826-teimww:text>
  </p0826-teimww:passage>
  <p0826-teimww:passage id="ww_16c2b4157aadc689">
    <knoraXmlImport:label>passage label</knoraXmlImport:label>
    <p0826-teimww:occursIn>
      <p0826-teimww:book knoraType="link_value" linkType="ref" target="ww_8580b38f9dc94f0b"/>
    </p0826-teimww:occursIn>
  </p0826-teimww:passage>
  <p0826-teimww:passage id="ww_c4f248cd1eadba2d">
    <knoraXmlImport:label>passage label</knoraXmlImport:label>
    <p0826-teimww:occursIn>
      <p0826-teimww:book knoraType="link_value" linkType="ref" target="ww_1140c36ab545b6d8"/>
    </p0826-teimww:occursIn>
  </p0826-teimww:passage>
  <p0826-teimww:passage id="ww_71a5d80fd5073b4b">
    <knoraXmlImport:label>passage label</knoraXmlImport:label>
    <p0826-teimww:occursIn>
      <p0826-teimww:book knoraType="link_value" linkType="ref" target="ww_5cb4c35da9f3b9dd"/>
    </p0826-teimww:occursIn>
    <p0826-teimww:text knoraType="richtext_value">[Ophelia:] [...]&lt;span class="quote"&gt; I cannot choose but weep &lt;/span&gt;[...].</p0826-teimww:text>
  </p0826-teimww:passage>
  <p0826-teimww:passage id="ww_6433542044fe8466">
    <knoraXmlImport:label>passage label</knoraXmlImport:label>
    <p0826-teimww:occursIn>
      <p0826-teimww:book knoraType="link_value" linkType="ref" target="ww_d1faedb423154f39"/>
    </p0826-teimww:occursIn>
  </p0826-teimww:passage>
  <p0826-teimww:passage id="ww_b4543765e0507887">
    <knoraXmlImport:label>passage label</knoraXmlImport:label>
    <p0826-teimww:occursIn>
      <p0826-teimww:book knoraType="link_value" linkType="ref" target="ww_5cb4c35da9f3b9dd"/>
    </p0826-teimww:occursIn>
    <p0826-teimww:text knoraType="richtext_value">[Hamlet:] I am but &lt;span class="quote"&gt;mad north-north-west &lt;/span&gt;[...]</p0826-teimww:text>
  </p0826-teimww:passage>
  <p0826-teimww:passage id="ww_a179c678eb8cba0f">
    <knoraXmlImport:label>passage label</knoraXmlImport:label>
    <p0826-teimww:occursIn>
      <p0826-teimww:book knoraType="link_value" linkType="ref" target="ww_15dba62495527dd5"/>
    </p0826-teimww:occursIn>
  </p0826-teimww:passage>
  <p0826-teimww:passage id="ww_ae8450ad917aa56b">
    <knoraXmlImport:label>passage label</knoraXmlImport:label>
    <p0826-teimww:occursIn>
      <p0826-teimww:book knoraType="link_value" linkType="ref" target="ww_7589cfaa41b21699"/>
    </p0826-teimww:occursIn>
  </p0826-teimww:passage>
  <p0826-teimww:passage id="ww_86fbb526cf4abe36">
    <knoraXmlImport:label>passage label</knoraXmlImport:label>
    <p0826-teimww:occursIn>
      <p0826-teimww:book knoraType="link_value" linkType="ref" target="ww_897067f9ec23fa0d"/>
    </p0826-teimww:occursIn>
    <p0826-teimww:text knoraType="richtext_value">&lt;span class="quote"&gt;Love goes toward love like school-boys from their books: &lt;br&gt;
But love from love, to school with heavy looks.&lt;/span&gt;</p0826-teimww:text>
  </p0826-teimww:passage>
  <p0826-teimww:passage id="ww_2145299f767ea3b7">
    <knoraXmlImport:label>passage label</knoraXmlImport:label>
    <p0826-teimww:occursIn>
      <p0826-teimww:book knoraType="link_value" linkType="ref" target="ww_1140c36ab545b6d8"/>
    </p0826-teimww:occursIn>
  </p0826-teimww:passage>
  <p0826-teimww:passage id="ww_2acc9aff584f4087">
    <knoraXmlImport:label>passage label</knoraXmlImport:label>
    <p0826-teimww:occursIn>
      <p0826-teimww:book knoraType="link_value" linkType="ref" target="ww_e48f8eb2eda19a17"/>
    </p0826-teimww:occursIn>
    <p0826-teimww:text knoraType="richtext_value">We of all people once that were the pelf &lt;br&gt;
Thrust in &lt;span class="quote"&gt;a frozen corner of the North.&lt;/span&gt;</p0826-teimww:text>
  </p0826-teimww:passage>
  <p0826-teimww:passage id="ww_544c5b48488599f3">
    <knoraXmlImport:label>passage label</knoraXmlImport:label>
    <p0826-teimww:occursIn>
      <p0826-teimww:book knoraType="link_value" linkType="ref" target="ww_1140c36ab545b6d8"/>
    </p0826-teimww:occursIn>
  </p0826-teimww:passage>
  <p0826-teimww:passage id="ww_af76475ba9c29669">
    <knoraXmlImport:label>passage label</knoraXmlImport:label>
    <p0826-teimww:occursIn>
      <p0826-teimww:book knoraType="link_value" linkType="ref" target="ww_5cb4c35da9f3b9dd"/>
    </p0826-teimww:occursIn>
    <p0826-teimww:text knoraType="richtext_value">[Horatio:] &lt;span class="quote"&gt;A piece of him.&lt;/span&gt;</p0826-teimww:text>
  </p0826-teimww:passage>
  <p0826-teimww:passage id="ww_12abc7e941f00f7a">
    <knoraXmlImport:label>passage label</knoraXmlImport:label>
    <p0826-teimww:occursIn>
      <p0826-teimww:book knoraType="link_value" linkType="ref" target="ww_bc577a06e5bb54c7"/>
    </p0826-teimww:occursIn>
  </p0826-teimww:passage>
  <p0826-teimww:passage id="ww_ff18040346cd0eb5">
    <knoraXmlImport:label>passage label</knoraXmlImport:label>
    <p0826-teimww:occursIn>
      <p0826-teimww:book knoraType="link_value" linkType="ref" target="ww_5c3ae833a8aaf03d"/>
    </p0826-teimww:occursIn>
    <p0826-teimww:text knoraType="richtext_value">[Jaques:] &lt;span class="quote"&gt;All the world's a stage&lt;/span&gt;, &lt;br&gt;
And all the men and women merely players. </p0826-teimww:text>
  </p0826-teimww:passage>
  <p0826-teimww:passage id="ww_80c5648273ac89a4">
    <knoraXmlImport:label>passage label</knoraXmlImport:label>
    <p0826-teimww:occursIn>
      <p0826-teimww:book knoraType="link_value" linkType="ref" target="ww_4899784ecc7f3845"/>
    </p0826-teimww:occursIn>
  </p0826-teimww:passage>
  <p0826-teimww:passage id="ww_2bef5b900065ec15">
    <knoraXmlImport:label>passage label</knoraXmlImport:label>
    <p0826-teimww:occursIn>
      <p0826-teimww:book knoraType="link_value" linkType="ref" target="ww_0f0f2ccb24fa3b96"/>
    </p0826-teimww:occursIn>
  </p0826-teimww:passage>
  <p0826-teimww:passage id="ww_e1d7cefc5183be38">
    <knoraXmlImport:label>passage label</knoraXmlImport:label>
    <p0826-teimww:occursIn>
      <p0826-teimww:book knoraType="link_value" linkType="ref" target="ww_5c3ae833a8aaf03d"/>
    </p0826-teimww:occursIn>
    <p0826-teimww:text knoraType="richtext_value">[Jaques:]&lt;span class="quote"&gt; To him will I. Out of these convertites &lt;br&gt;
There is much matter to be heard and learned. &lt;br&gt;
(To Duke) You to your former honor I bequeath; &lt;br&gt;
Your patience and your virtue well deserves it. &lt;br&gt;
(To Orlando) You to a love that your true faith doth
merit. &lt;br&gt;
(To Oliver) You to your land, and love, and great
allies. &lt;br&gt;
(To Silvius) You to a long and well-deservèd bed. &lt;br&gt;
(To Touchstone) And you to wrangling, for thy
loving voyage &lt;br&gt;
Is but for two months victualled. - So to your
pleasures.&lt;br&gt;
I am for other than for dancing measures. &lt;br&gt;
[Duke Senior:] Stay, Jaques, stay. &lt;br&gt;
[Jaques:] To see no pastime, I. What you would have &lt;br&gt;
I'll stay to know at your abandoned cave. &lt;br&gt;
(He exits)&lt;/span&gt;</p0826-teimww:text>
  </p0826-teimww:passage>
  <p0826-teimww:passage id="ww_4f4e1029c92c1b99">
    <knoraXmlImport:label>passage label</knoraXmlImport:label>
    <p0826-teimww:occursIn>
      <p0826-teimww:book knoraType="link_value" linkType="ref" target="ww_5cb4c35da9f3b9dd"/>
    </p0826-teimww:occursIn>
    <p0826-teimww:text knoraType="richtext_value">[Francisco:] For this relief much thanks. &lt;span class="quote"&gt;'Tis bitter cold,&lt;br&gt;&lt;/span&gt;
And I am sick at heart.</p0826-teimww:text>
  </p0826-teimww:passage>
  <p0826-teimww:passage id="ww_ef3368db07958d31">
    <knoraXmlImport:label>passage label</knoraXmlImport:label>
    <p0826-teimww:occursIn>
      <p0826-teimww:book knoraType="link_value" linkType="ref" target="ww_3e15ab6c612eadae"/>
    </p0826-teimww:occursIn>
  </p0826-teimww:passage>
  <p0826-teimww:passage id="ww_496808d9de677beb">
    <knoraXmlImport:label>passage label</knoraXmlImport:label>
    <p0826-teimww:occursIn>
      <p0826-teimww:book knoraType="link_value" linkType="ref" target="ww_5cb4c35da9f3b9dd"/>
    </p0826-teimww:occursIn>
    <p0826-teimww:text knoraType="richtext_value">[Francisco:] [...] &lt;span class="quote"&gt;And I am sick at heart.&lt;/span&gt;</p0826-teimww:text>
  </p0826-teimww:passage>
  <p0826-teimww:passage id="ww_440d08b07a774251">
    <knoraXmlImport:label>passage label</knoraXmlImport:label>
    <p0826-teimww:occursIn>
      <p0826-teimww:book knoraType="link_value" linkType="ref" target="ww_b3931845d54b98d5"/>
    </p0826-teimww:occursIn>
  </p0826-teimww:passage>
  <p0826-teimww:passage id="ww_91993c2d8874bac7">
    <knoraXmlImport:label>passage label</knoraXmlImport:label>
    <p0826-teimww:occursIn>
      <p0826-teimww:book knoraType="link_value" linkType="ref" target="ww_5cb4c35da9f3b9dd"/>
    </p0826-teimww:occursIn>
    <p0826-teimww:text knoraType="richtext_value">[Queen:] O, speak to me no more! &lt;br&gt;
&lt;span class="quote"&gt; These words like daggers enter in my ears&lt;/span&gt; [...].&lt;br&gt;&lt;br&gt;

[Queen:] O Hamlet, thou hast&lt;span class="quote"&gt; cleft my heart in twain.&lt;/span&gt;&lt;/span&gt;</p0826-teimww:text>
  </p0826-teimww:passage>
  <p0826-teimww:passage id="ww_a1d02315f0a0480e">
    <knoraXmlImport:label>passage label</knoraXmlImport:label>
    <p0826-teimww:occursIn>
      <p0826-teimww:book knoraType="link_value" linkType="ref" target="ww_b3931845d54b98d5"/>
    </p0826-teimww:occursIn>
  </p0826-teimww:passage>
  <p0826-teimww:passage id="ww_07aff97bab67c0fc">
    <knoraXmlImport:label>passage label</knoraXmlImport:label>
    <p0826-teimww:occursIn>
      <p0826-teimww:book knoraType="link_value" linkType="ref" target="ww_1c8a25fac02f85a7"/>
    </p0826-teimww:occursIn>
  </p0826-teimww:passage>
  <p0826-teimww:passage id="ww_c59bbecebcfa4d8b">
    <knoraXmlImport:label>passage label</knoraXmlImport:label>
    <p0826-teimww:occursIn>
      <p0826-teimww:book knoraType="link_value" linkType="ref" target="ww_df2b8c2f18df151a"/>
    </p0826-teimww:occursIn>
  </p0826-teimww:passage>
  <p0826-teimww:passage id="ww_c383b2d0a335f4c6">
    <knoraXmlImport:label>passage label</knoraXmlImport:label>
    <p0826-teimww:occursIn>
      <p0826-teimww:book knoraType="link_value" linkType="ref" target="ww_df2b8c2f18df151a"/>
    </p0826-teimww:occursIn>
  </p0826-teimww:passage>
  <p0826-teimww:passage id="ww_5114fd7844697f3a">
    <knoraXmlImport:label>passage label</knoraXmlImport:label>
    <p0826-teimww:occursIn>
      <p0826-teimww:book knoraType="link_value" linkType="ref" target="ww_88f07d1ccce14bdc"/>
    </p0826-teimww:occursIn>
    <p0826-teimww:text knoraType="richtext_value">[Drum:] [...] &lt;span class="quote"&gt;he is a quicksand, a Goodwin, a Gulf, as hungry as the Jaws of a Jail, he will waste more substance than &lt;i&gt;Ireland&lt;/i&gt; soldiers: A Die, a Drab, and a punch-swollen Usurer, devour whole Monarchies &lt;/span&gt;[...]. </p0826-teimww:text>
  </p0826-teimww:passage>
  <p0826-teimww:passage id="ww_6783466f458ab261">
    <knoraXmlImport:label>passage label</knoraXmlImport:label>
    <p0826-teimww:occursIn>
      <p0826-teimww:book knoraType="link_value" linkType="ref" target="ww_5cb4c35da9f3b9dd"/>
    </p0826-teimww:occursIn>
    <p0826-teimww:text knoraType="richtext_value">[Polonius:] [...] &lt;span class="quote"&gt;Read on this book&lt;/span&gt; [...].</p0826-teimww:text>
  </p0826-teimww:passage>
  <p0826-teimww:passage id="ww_7701abcac35463f5">
    <knoraXmlImport:label>passage label</knoraXmlImport:label>
    <p0826-teimww:occursIn>
      <p0826-teimww:book knoraType="link_value" linkType="ref" target="ww_38319ddb82fae050"/>
    </p0826-teimww:occursIn>
  </p0826-teimww:passage>
  <p0826-teimww:passage id="ww_01643c2a6c19e475">
    <knoraXmlImport:label>passage label</knoraXmlImport:label>
    <p0826-teimww:occursIn>
      <p0826-teimww:book knoraType="link_value" linkType="ref" target="ww_5cb4c35da9f3b9dd"/>
    </p0826-teimww:occursIn>
    <p0826-teimww:text knoraType="richtext_value">[Hamlet:] [...] O God, Horatio, what a wounded name,&lt;br&gt;
Things standing thus unknown, shall I leave behind
me!&lt;br&gt;
&lt;span class="quote"&gt;If thou didst ever hold me in thy heart,&lt;br&gt;
Absent thee from felicity awhile&lt;br&gt;
And in this harsh world draw thy breath in pain&lt;br&gt;
To tell my story.&lt;/span&gt;</p0826-teimww:text>
  </p0826-teimww:passage>
  <p0826-teimww:passage id="ww_ca191a34a54632d3">
    <knoraXmlImport:label>passage label</knoraXmlImport:label>
    <p0826-teimww:occursIn>
      <p0826-teimww:book knoraType="link_value" linkType="ref" target="ww_12b8cda82738e9e2"/>
    </p0826-teimww:occursIn>
  </p0826-teimww:passage>
  <p0826-teimww:passage id="ww_03e31f93a8b6664d">
    <knoraXmlImport:label>passage label</knoraXmlImport:label>
    <p0826-teimww:occursIn>
      <p0826-teimww:book knoraType="link_value" linkType="ref" target="ww_50b5fed06f012747"/>
    </p0826-teimww:occursIn>
    <p0826-teimww:text knoraType="richtext_value">[Maria:] A good Lenten answer. I can tell thee where that saying was born, of &lt;span class="quote"&gt;"I fear no colours".&lt;/span&gt;</p0826-teimww:text>
  </p0826-teimww:passage>
  <p0826-teimww:passage id="ww_1d8ebb78c861245a">
    <knoraXmlImport:label>passage label</knoraXmlImport:label>
    <p0826-teimww:occursIn>
      <p0826-teimww:book knoraType="link_value" linkType="ref" target="ww_5af91280461707f1"/>
    </p0826-teimww:occursIn>
  </p0826-teimww:passage>
  <p0826-teimww:passage id="ww_4f9d409ae999a6e5">
    <knoraXmlImport:label>passage label</knoraXmlImport:label>
    <p0826-teimww:occursIn>
      <p0826-teimww:book knoraType="link_value" linkType="ref" target="ww_7e27a16308bd00fc"/>
    </p0826-teimww:occursIn>
    <p0826-teimww:text knoraType="richtext_value">[Asinius Bubo:] Would I were hang'd if I can call you any names but Captain and Tucca.&lt;br&gt;
[Tucca:] No Fye'st, my name's &lt;span class="quote"&gt;Hamlet revenge&lt;/span&gt;: thou hast been at Paris garden hast not?</p0826-teimww:text>
  </p0826-teimww:passage>
  <p0826-teimww:passage id="ww_1ecf5c1f6bac2c7a">
    <knoraXmlImport:label>passage label</knoraXmlImport:label>
    <p0826-teimww:occursIn>
      <p0826-teimww:book knoraType="link_value" linkType="ref" target="ww_ce8da2e3a260a394"/>
    </p0826-teimww:occursIn>
  </p0826-teimww:passage>
  <p0826-teimww:passage id="ww_8416204898d2f915">
    <knoraXmlImport:label>passage label</knoraXmlImport:label>
    <p0826-teimww:occursIn>
      <p0826-teimww:book knoraType="link_value" linkType="ref" target="ww_2f65899f08b5bb71"/>
    </p0826-teimww:occursIn>
  </p0826-teimww:passage>
  <p0826-teimww:passage id="ww_b3c576b070ef088d">
    <knoraXmlImport:label>passage label</knoraXmlImport:label>
    <p0826-teimww:occursIn>
      <p0826-teimww:book knoraType="link_value" linkType="ref" target="ww_ce6d233a20f2b70f"/>
    </p0826-teimww:occursIn>
  </p0826-teimww:passage>
  <p0826-teimww:passage id="ww_be46844d78d454fa">
    <knoraXmlImport:label>passage label</knoraXmlImport:label>
    <p0826-teimww:occursIn>
      <p0826-teimww:book knoraType="link_value" linkType="ref" target="ww_5c3ae833a8aaf03d"/>
    </p0826-teimww:occursIn>
    <p0826-teimww:text knoraType="richtext_value">[Jaques:] [...] And then he drew a dial from his poke&lt;br&gt;
And, looking on it with lack-luster eye,&lt;br&gt;
Says very wisely "It is ten o’clock.&lt;br&gt;
Thus we may see," quoth he, "how the world wags.&lt;br&gt;
'Tis but an hour ago since it was nine,&lt;br&gt;
And after one hour more 'twill be eleven.&lt;br&gt;
And so from hour to hour we ripe and ripe,&lt;br&gt;
And then from hour to hour we rot and rot,&lt;br&gt;
&lt;span class="quote"&gt;And thereby hangs a tale."&lt;/span&gt;</p0826-teimww:text>
  </p0826-teimww:passage>
  <p0826-teimww:passage id="ww_94ed9462931ed75f">
    <knoraXmlImport:label>passage label</knoraXmlImport:label>
    <p0826-teimww:occursIn>
      <p0826-teimww:book knoraType="link_value" linkType="ref" target="ww_3e15ab6c612eadae"/>
    </p0826-teimww:occursIn>
  </p0826-teimww:passage>
  <p0826-teimww:passage id="ww_bc3f9a3aa0fc9c1e">
    <knoraXmlImport:label>passage label</knoraXmlImport:label>
    <p0826-teimww:occursIn>
      <p0826-teimww:book knoraType="link_value" linkType="ref" target="ww_d87c5e9530010d35"/>
    </p0826-teimww:occursIn>
  </p0826-teimww:passage>
  <p0826-teimww:passage id="ww_e18fda4a6f0a0266">
    <knoraXmlImport:label>passage label</knoraXmlImport:label>
    <p0826-teimww:occursIn>
      <p0826-teimww:book knoraType="link_value" linkType="ref" target="ww_e94b33ac99cc5615"/>
    </p0826-teimww:occursIn>
    <p0826-teimww:text knoraType="richtext_value">[Minos:] Sir, your oaths cannot serve you, you know I have forborn you long. &lt;br&gt;
[Crispinus:] I am conscious of it, sir. Nay, I beseech you, gentlemen, &lt;span class="quote"&gt;do not exhale me thus &lt;/span&gt;[...].</p0826-teimww:text>
  </p0826-teimww:passage>
  <p0826-teimww:passage id="ww_3bd68d8a9f50fbdf">
    <knoraXmlImport:label>passage label</knoraXmlImport:label>
    <p0826-teimww:occursIn>
      <p0826-teimww:book knoraType="link_value" linkType="ref" target="ww_f6b0a0a6caabc2ad"/>
    </p0826-teimww:occursIn>
    <p0826-teimww:text knoraType="richtext_value">[Fontinelle:] Lady, bid him whose heart no sorrow feels, &lt;br&gt;
&lt;span class="quote"&gt;Tickle the rushes with his wanton heels, &lt;br&gt;&lt;/span&gt;
I have too much lead at mine.</p0826-teimww:text>
  </p0826-teimww:passage>
  <p0826-teimww:passage id="ww_f2931e1c9423b314">
    <knoraXmlImport:label>passage label</knoraXmlImport:label>
    <p0826-teimww:occursIn>
      <p0826-teimww:book knoraType="link_value" linkType="ref" target="ww_f6b0a0a6caabc2ad"/>
    </p0826-teimww:occursIn>
    <p0826-teimww:text knoraType="richtext_value">[Camillo:] [...] And when the Lamb bleating, doth bid Goodnight &lt;br/&gt; 
Unto the closing day; then tears begin &lt;br/&gt;
To keep quick time, unto &lt;span class="quote"&gt;the Owl, whose voice &lt;br/&gt;
Shrieks, like the Bell-man &lt;/span&gt;in the Lovers' ears [...].</p0826-teimww:text>
  </p0826-teimww:passage>
  <p0826-teimww:passage id="ww_888297dcc93fa35d">
    <knoraXmlImport:label>passage label</knoraXmlImport:label>
    <p0826-teimww:occursIn>
      <p0826-teimww:book knoraType="link_value" linkType="ref" target="ww_573381af1170e2c9"/>
    </p0826-teimww:occursIn>
    <p0826-teimww:text knoraType="richtext_value">[Pandarus:] He? No, she'll none of him. They two are twain.&lt;br&gt;
[Helen:]&lt;span class="quote"&gt;Falling in after falling out may make them three.&lt;/spnan&gt;</p0826-teimww:text>
  </p0826-teimww:passage>
  <p0826-teimww:passage id="ww_5fdc992dd8d2b980">
    <knoraXmlImport:label>passage label</knoraXmlImport:label>
    <p0826-teimww:occursIn>
      <p0826-teimww:book knoraType="link_value" linkType="ref" target="ww_1140c36ab545b6d8"/>
    </p0826-teimww:occursIn>
  </p0826-teimww:passage>
  <p0826-teimww:passage id="ww_1fd4f618fb398a55">
    <knoraXmlImport:label>passage label</knoraXmlImport:label>
    <p0826-teimww:occursIn>
      <p0826-teimww:book knoraType="link_value" linkType="ref" target="ww_3b149092050ca583"/>
    </p0826-teimww:occursIn>
    <p0826-teimww:text knoraType="richtext_value">[Gripe:] I am undone: I am robbed: &lt;span class="quote"&gt;my daughter, my money! &lt;br&gt;
Which way are they gone?&lt;/span&gt;</p0826-teimww:text>
  </p0826-teimww:passage>
  <p0826-teimww:passage id="ww_18a2497ae5ca03a8">
    <knoraXmlImport:label>passage label</knoraXmlImport:label>
    <p0826-teimww:occursIn>
      <p0826-teimww:book knoraType="link_value" linkType="ref" target="ww_1140c36ab545b6d8"/>
    </p0826-teimww:occursIn>
  </p0826-teimww:passage>
  <p0826-teimww:passage id="ww_01cfe0947d80a842">
    <knoraXmlImport:label>passage label</knoraXmlImport:label>
    <p0826-teimww:occursIn>
      <p0826-teimww:book knoraType="link_value" linkType="ref" target="ww_573381af1170e2c9"/>
    </p0826-teimww:occursIn>
    <p0826-teimww:text knoraType="richtext_value">[Ulysses:] &lt;span class="quote"&gt;Time hath, my lord, a wallet at his back &lt;br&gt;
Wherein he puts alms for oblivion&lt;/span&gt; [...].</p0826-teimww:text>
  </p0826-teimww:passage>
  <p0826-teimww:passage id="ww_671e14e12dcd3674">
    <knoraXmlImport:label>passage label</knoraXmlImport:label>
    <p0826-teimww:occursIn>
      <p0826-teimww:book knoraType="link_value" linkType="ref" target="ww_e81f44945dfa651c"/>
    </p0826-teimww:occursIn>
  </p0826-teimww:passage>
  <p0826-teimww:passage id="ww_9837f4eb462c45f8">
    <knoraXmlImport:label>passage label</knoraXmlImport:label>
    <p0826-teimww:occursIn>
      <p0826-teimww:book knoraType="link_value" linkType="ref" target="ww_573381af1170e2c9"/>
    </p0826-teimww:occursIn>
    <p0826-teimww:text knoraType="richtext_value">[Thersites:] That same Diomed's a false-hearted rogue, a most unjust knave. &lt;span class="quote"&gt;I will no more trust him when he leers than I will a serpent when he hisses. &lt;/span&gt;</p0826-teimww:text>
  </p0826-teimww:passage>
  <p0826-teimww:passage id="ww_947e08d42f8f803b">
    <knoraXmlImport:label>passage label</knoraXmlImport:label>
    <p0826-teimww:occursIn>
      <p0826-teimww:book knoraType="link_value" linkType="ref" target="ww_05caae816d47ff11"/>
    </p0826-teimww:occursIn>
    <p0826-teimww:text knoraType="richtext_value">[Flower:] O 'tis good, it is a good conceit: well sir, ten pound, &lt;span class="quote"&gt;&lt;br&gt;
You are content if at three months' end, &lt;br&gt;
You bring me not ten pound in English coin, &lt;br&gt;
This diamond shall be my proper own. &lt;/span&gt;</p0826-teimww:text>
  </p0826-teimww:passage>
  <p0826-teimww:passage id="ww_ca6dc00a3db0d108">
    <knoraXmlImport:label>passage label</knoraXmlImport:label>
    <p0826-teimww:occursIn>
      <p0826-teimww:book knoraType="link_value" linkType="ref" target="ww_05caae816d47ff11"/>
    </p0826-teimww:occursIn>
    <p0826-teimww:text knoraType="richtext_value">[Franke:] I am not well, and yet I am not ill, &lt;br&gt;
I am, what am I?&lt;span class="quote"&gt; not in love I hope? &lt;br&gt;
In love! let me examine myself, who should I love? who did I last converse with, with Phillis: why should I love Phillis? is she fair? faith so so: her forehead is pretty, somewhat resembling the forehead of the sign of the Maidenhead Inn, et cetera. What's her hair? faith to Bandora wires, there's not the like simile: is it likely yet that I am in love? Whats next? her cheeks, they have a reasonable scarlet, never a Dyer's daughter in the town goes beyond her. Well, yet I am not in love. Nay, she hath a mole in her cheek too: Venus' mole was not more natural; but what of that, I am Adonis, and will not love. Good Venus pardon me. Let us descend: her chin, O Helen, Helen , where's your dimple Helen? it was your dimple that bewitched Paris, and without your dimple I will not love you Helen, No, yet I am safe. Her hand, lets handle that, I saw her hand, and it was lilly white, I touched her palm, and it was soft and smooth: and then what then? her hand did then bewitch me, I shall be in love now out of hand. In love! shall I that ever yet have prophaned love, now fall to worship him?&lt;/span&gt; Shall I that have jested at lovers' sighs now raise whirlwinds? shall I that have flouted ay-mes once a quarter, now practise ay-mes every minute? shall I defie hat-bands, and tread garters and shoestrings under my feet? shall I fall to falling bands and be a ruffing no longer? I must; I am now liege man to Cupid, and have read all these informations in his book of statutes, the first chapter, page millesimal nono, therefore, hat-band avaunt, ruffe regard yourself, garters adieu, shoe-strings so and so; I am a poor enamorat, and enforced with the Poet to say, Love o'ercomes all, and I that love obey.</p0826-teimww:text>
  </p0826-teimww:passage>
  <p0826-teimww:passage id="ww_e04224bed43b422f">
    <knoraXmlImport:label>passage label</knoraXmlImport:label>
    <p0826-teimww:occursIn>
      <p0826-teimww:book knoraType="link_value" linkType="ref" target="ww_bb90da7c699e38e8"/>
    </p0826-teimww:occursIn>
    <p0826-teimww:text knoraType="richtext_value">[Clown:] Captain, a prize! we two were assailed by two hundred, and of them two hundred, we kill'd all but these two. &lt;span class="quote"&gt;These are the remainder of them that are left alive. &lt;/span&gt;</p0826-teimww:text>
  </p0826-teimww:passage>
  <p0826-teimww:passage id="ww_bf51a38e6380dff9">
    <knoraXmlImport:label>passage label</knoraXmlImport:label>
    <p0826-teimww:occursIn>
      <p0826-teimww:book knoraType="link_value" linkType="ref" target="ww_1140c36ab545b6d8"/>
    </p0826-teimww:occursIn>
  </p0826-teimww:passage>
  <p0826-teimww:passage id="ww_24c56be167aa955e">
    <knoraXmlImport:label>passage label</knoraXmlImport:label>
    <p0826-teimww:occursIn>
      <p0826-teimww:book knoraType="link_value" linkType="ref" target="ww_05caae816d47ff11"/>
    </p0826-teimww:occursIn>
    <p0826-teimww:text knoraType="richtext_value">[Fiddle:] [...] &lt;span class="quote"&gt;tis most tolerable, and not to be endured &lt;/span&gt;[...].</p0826-teimww:text>
  </p0826-teimww:passage>
  <p0826-teimww:passage id="ww_21ef55b6813f8f2c">
    <knoraXmlImport:label>passage label</knoraXmlImport:label>
    <p0826-teimww:occursIn>
      <p0826-teimww:book knoraType="link_value" linkType="ref" target="ww_05caae816d47ff11"/>
    </p0826-teimww:occursIn>
    <p0826-teimww:text knoraType="richtext_value">[Fiddle:] After the most humble manner I will; &lt;span class="quote"&gt;and so gentlemen I commit you all: you Cripple to your shop; you sir, to a turn-up and dish of capers; and lastly, you M. Barnard , to the tuition of the Counter-keeper: there's an Item for you, and so fare-well.&lt;/span&gt;</p0826-teimww:text>
  </p0826-teimww:passage>
  <p0826-teimww:passage id="ww_1e0eb0c03f23f559">
    <knoraXmlImport:label>passage label</knoraXmlImport:label>
    <p0826-teimww:occursIn>
      <p0826-teimww:book knoraType="link_value" linkType="ref" target="ww_05caae816d47ff11"/>
    </p0826-teimww:occursIn>
    <p0826-teimww:text knoraType="richtext_value">[Bowlder:]  &lt;span class="quote"&gt;I could not endure the carrier of her wit,&lt;/span&gt; for a million, she is the only she &lt;i&gt; Mercury &lt;/i&gt; under the heavens; her wit is all spirit; that spirit fire, that fire flies from her tongue, able to burn the radix of the best invention; in this Element she is the abstract and brief of all the eloquence since the incarnation of &lt;i&gt; Tullies &lt;/i&gt; I tell thee Cripple, I had rather encounter &lt;i&gt; Hercules &lt;/i&gt; with blows, than &lt;i&gt; Mall Berry &lt;/i&gt; with words: And yet by this light &lt;span class="quote"&gt;I am horribly in love with her.&lt;/span&gt;</p0826-teimww:text>
  </p0826-teimww:passage>
  <p0826-teimww:passage id="ww_893c5ad38e5a410b">
    <knoraXmlImport:label>passage label</knoraXmlImport:label>
    <p0826-teimww:occursIn>
      <p0826-teimww:book knoraType="link_value" linkType="ref" target="ww_ae241404822b51fa"/>
    </p0826-teimww:occursIn>
    <p0826-teimww:text knoraType="richtext_value">[Wyatt:] &lt;span class="quote"&gt;The Fox is subtle, and his head once in &lt;br&gt; 
The slender body easily will follow.&lt;/span&gt;</p0826-teimww:text>
  </p0826-teimww:passage>
  <p0826-teimww:passage id="ww_efe432ecf369b8b3">
    <knoraXmlImport:label>passage label</knoraXmlImport:label>
    <p0826-teimww:occursIn>
      <p0826-teimww:book knoraType="link_value" linkType="ref" target="ww_1140c36ab545b6d8"/>
    </p0826-teimww:occursIn>
  </p0826-teimww:passage>
  <p0826-teimww:passage id="ww_66c4a747bd340e70">
    <knoraXmlImport:label>passage label</knoraXmlImport:label>
    <p0826-teimww:occursIn>
      <p0826-teimww:book knoraType="link_value" linkType="ref" target="ww_ae241404822b51fa"/>
    </p0826-teimww:occursIn>
    <p0826-teimww:text knoraType="richtext_value">[Jane:] &lt;span class="quote"&gt;Is grief so short? 'twas wont to be full of words &lt;/span&gt;[...].</p0826-teimww:text>
  </p0826-teimww:passage>
  <p0826-teimww:passage id="ww_09bd88057df763b7">
    <knoraXmlImport:label>passage label</knoraXmlImport:label>
    <p0826-teimww:occursIn>
      <p0826-teimww:book knoraType="link_value" linkType="ref" target="ww_aff3e1e0ec71023e"/>
    </p0826-teimww:occursIn>
    <p0826-teimww:text knoraType="richtext_value">[Claudio:] [...] &lt;span class="quote"&gt;the delighted spirit&lt;br&gt;
To bathe in fiery floods, or to reside&lt;br&gt;
In thrilling region of thick-ribbèd ice,&lt;br&gt;
To be imprisoned in the viewless winds&lt;/span&gt; [...].</p0826-teimww:text>
  </p0826-teimww:passage>
  <p0826-teimww:passage id="ww_716deaf9e225c0b8">
    <knoraXmlImport:label>passage label</knoraXmlImport:label>
    <p0826-teimww:occursIn>
      <p0826-teimww:book knoraType="link_value" linkType="ref" target="ww_12b8cda82738e9e2"/>
    </p0826-teimww:occursIn>
  </p0826-teimww:passage>
  <p0826-teimww:passage id="ww_d0f683ba44f9fc9d">
    <knoraXmlImport:label>passage label</knoraXmlImport:label>
    <p0826-teimww:occursIn>
      <p0826-teimww:book knoraType="link_value" linkType="ref" target="ww_aff3e1e0ec71023e"/>
    </p0826-teimww:occursIn>
    <p0826-teimww:text knoraType="richtext_value">[Isabella:] &lt;span class="quote"&gt;I have a brother is condemned to die.&lt;br&gt;
I do beseech you let it be his fault&lt;br&gt;
And not my brother.&lt;/span&gt;</p0826-teimww:text>
  </p0826-teimww:passage>
  <p0826-teimww:passage id="ww_02587c7470739125">
    <knoraXmlImport:label>passage label</knoraXmlImport:label>
    <p0826-teimww:occursIn>
      <p0826-teimww:book knoraType="link_value" linkType="ref" target="ww_12b8cda82738e9e2"/>
    </p0826-teimww:occursIn>
  </p0826-teimww:passage>
  <p0826-teimww:passage id="ww_ac268b906270f761">
    <knoraXmlImport:label>passage label</knoraXmlImport:label>
    <p0826-teimww:occursIn>
      <p0826-teimww:book knoraType="link_value" linkType="ref" target="ww_b39e765e82b19cd8"/>
    </p0826-teimww:occursIn>
    <p0826-teimww:text knoraType="richtext_value">&lt;span class="quote"&gt;Till Nature as she wrought thee fall a-doting &lt;/span&gt;[...].</p0826-teimww:text>
  </p0826-teimww:passage>
  <p0826-teimww:passage id="ww_258af16bdf666c9c">
    <knoraXmlImport:label>passage label</knoraXmlImport:label>
    <p0826-teimww:occursIn>
      <p0826-teimww:book knoraType="link_value" linkType="ref" target="ww_df2b8c2f18df151a"/>
    </p0826-teimww:occursIn>
  </p0826-teimww:passage>
  <p0826-teimww:passage id="ww_584d65cc8ec7ea01">
    <knoraXmlImport:label>passage label</knoraXmlImport:label>
    <p0826-teimww:occursIn>
      <p0826-teimww:book knoraType="link_value" linkType="ref" target="ww_b5ea9b35c899d367"/>
    </p0826-teimww:occursIn>
  </p0826-teimww:passage>
  <p0826-teimww:passage id="ww_32c6cd260e745674">
    <knoraXmlImport:label>passage label</knoraXmlImport:label>
    <p0826-teimww:occursIn>
      <p0826-teimww:book knoraType="link_value" linkType="ref" target="ww_9b67ca7f120fc425"/>
    </p0826-teimww:occursIn>
    <p0826-teimww:text knoraType="richtext_value">[Desdemona:] &lt;span class="quote"&gt;O banish me, my lord, but kill me not! &lt;br&gt;&lt;/span&gt;
[Othello:] &lt;span class="quote"&gt;Down, strumpet!&lt;br&gt;&lt;/span&gt;
[Desdemona:] &lt;span class="quote"&gt;Kill me tomorrow, let me live tonight.&lt;br&gt;&lt;/span&gt;
[Othello:] &lt;span class="quote"&gt;Nay, if you strive -&lt;br&gt;&lt;/span&gt;
[Desdemona:] &lt;span class="quote"&gt;But half an hour!&lt;br&gt;&lt;/span&gt;
[Othello:] &lt;span class="quote"&gt;Being done, there is no pause.&lt;br&gt;&lt;/span&gt;
[Desdemona:] &lt;span class="quote"&gt;But while I say one prayer!&lt;br&gt;&lt;/span&gt;
[Othello:] &lt;span class="quote"&gt;It is too late (smothers her).</p0826-teimww:text>
  </p0826-teimww:passage>
  <p0826-teimww:passage id="ww_a784c2159ca24d04">
    <knoraXmlImport:label>passage label</knoraXmlImport:label>
    <p0826-teimww:occursIn>
      <p0826-teimww:book knoraType="link_value" linkType="ref" target="ww_12b8cda82738e9e2"/>
    </p0826-teimww:occursIn>
  </p0826-teimww:passage>
  <p0826-teimww:passage id="ww_3a376130f1d71ed5">
    <knoraXmlImport:label>passage label</knoraXmlImport:label>
    <p0826-teimww:occursIn>
      <p0826-teimww:book knoraType="link_value" linkType="ref" target="ww_9b67ca7f120fc425"/>
    </p0826-teimww:occursIn>
    <p0826-teimww:text knoraType="richtext_value">&lt;span class="quote"&gt;Iago&lt;/span&gt;</p0826-teimww:text>
  </p0826-teimww:passage>
  <p0826-teimww:passage id="ww_4bc381b7454c30aa">
    <knoraXmlImport:label>passage label</knoraXmlImport:label>
    <p0826-teimww:occursIn>
      <p0826-teimww:book knoraType="link_value" linkType="ref" target="ww_9b67ca7f120fc425"/>
    </p0826-teimww:occursIn>
    <p0826-teimww:text knoraType="richtext_value">[Iago:] [...] O monstrous world! Take note, take note, O world:&lt;br&gt;
&lt;span class="quote"&gt;To be direct and honest is not safe.&lt;/span&gt;&lt;br&gt;
I thank you for this profit, and from hence &lt;br&gt;
I'll love no friend, sith love breeds such offense.</p0826-teimww:text>
  </p0826-teimww:passage>
  <p0826-teimww:passage id="ww_458c5eaadef0b26f">
    <knoraXmlImport:label>passage label</knoraXmlImport:label>
    <p0826-teimww:occursIn>
      <p0826-teimww:book knoraType="link_value" linkType="ref" target="ww_1140c36ab545b6d8"/>
    </p0826-teimww:occursIn>
  </p0826-teimww:passage>
  <p0826-teimww:passage id="ww_c5e31e32ff074a98">
    <knoraXmlImport:label>passage label</knoraXmlImport:label>
    <p0826-teimww:occursIn>
      <p0826-teimww:book knoraType="link_value" linkType="ref" target="ww_ad7af8eb91622840"/>
    </p0826-teimww:occursIn>
    <p0826-teimww:text knoraType="richtext_value">[Tenterhook:] Ay, but when light wives make heavy husbands, let these husbands play &lt;span class="quote"&gt;mad &lt;/span&gt;&lt;i&gt;Hamlet&lt;/i&gt;, and cry &lt;span class="quote"&gt;&lt;i&gt;Revenge&lt;/i&gt;; &lt;/span&gt;come, and we'll do so.</p0826-teimww:text>
  </p0826-teimww:passage>
  <p0826-teimww:passage id="ww_4d979c42bb371c39">
    <knoraXmlImport:label>passage label</knoraXmlImport:label>
    <p0826-teimww:occursIn>
      <p0826-teimww:book knoraType="link_value" linkType="ref" target="ww_2f65899f08b5bb71"/>
    </p0826-teimww:occursIn>
  </p0826-teimww:passage>
  <p0826-teimww:passage id="ww_4af542481d555222">
    <knoraXmlImport:label>passage label</knoraXmlImport:label>
    <p0826-teimww:occursIn>
      <p0826-teimww:book knoraType="link_value" linkType="ref" target="ww_1140c36ab545b6d8"/>
    </p0826-teimww:occursIn>
  </p0826-teimww:passage>
  <p0826-teimww:passage id="ww_e36aea184a05fdbb">
    <knoraXmlImport:label>passage label</knoraXmlImport:label>
    <p0826-teimww:occursIn>
      <p0826-teimww:book knoraType="link_value" linkType="ref" target="ww_9b67ca7f120fc425"/>
    </p0826-teimww:occursIn>
    <p0826-teimww:text knoraType="richtext_value">[Desdemona:] &lt;span class="quote"&gt;I'll watch him tame &lt;/span&gt;[...].</p0826-teimww:text>
  </p0826-teimww:passage>
  <p0826-teimww:passage id="ww_d9d1f53a34ca9ec1">
    <knoraXmlImport:label>passage label</knoraXmlImport:label>
    <p0826-teimww:occursIn>
      <p0826-teimww:book knoraType="link_value" linkType="ref" target="ww_9b67ca7f120fc425"/>
    </p0826-teimww:occursIn>
    <p0826-teimww:text knoraType="richtext_value">[Othello:] O, it comes o'er my memory&lt;br&gt;
As doth &lt;span class="quote"&gt;the raven o'er the infectious house,&lt;br&gt;
Boding to all &lt;/span&gt;[...].</p0826-teimww:text>
  </p0826-teimww:passage>
  <p0826-teimww:passage id="ww_fd09ea0c33ad81b5">
    <knoraXmlImport:label>passage label</knoraXmlImport:label>
    <p0826-teimww:occursIn>
      <p0826-teimww:book knoraType="link_value" linkType="ref" target="ww_9b67ca7f120fc425"/>
    </p0826-teimww:occursIn>
    <p0826-teimww:text knoraType="richtext_value">[Othello:] [...] &lt;span class="quote"&gt;Pride, pomp, and circumstance of glorious war!&lt;/span&gt;</p0826-teimww:text>
  </p0826-teimww:passage>
  <p0826-teimww:passage id="ww_1402ca6d7ba10985">
    <knoraXmlImport:label>passage label</knoraXmlImport:label>
    <p0826-teimww:occursIn>
      <p0826-teimww:book knoraType="link_value" linkType="ref" target="ww_1140c36ab545b6d8"/>
    </p0826-teimww:occursIn>
  </p0826-teimww:passage>
  <p0826-teimww:passage id="ww_908a6d5a449da05c">
    <knoraXmlImport:label>passage label</knoraXmlImport:label>
    <p0826-teimww:occursIn>
      <p0826-teimww:book knoraType="link_value" linkType="ref" target="ww_9b67ca7f120fc425"/>
    </p0826-teimww:occursIn>
    <p0826-teimww:text knoraType="richtext_value">[Iago:] &lt;span class="quote"&gt;Though other things grow fair against the sun,&lt;br&gt;
Yet fruits that blossom first will first be ripe.&lt;/span&gt;</p0826-teimww:text>
  </p0826-teimww:passage>
  <p0826-teimww:passage id="ww_915331fa0b17bcf3">
    <knoraXmlImport:label>passage label</knoraXmlImport:label>
    <p0826-teimww:occursIn>
      <p0826-teimww:book knoraType="link_value" linkType="ref" target="ww_9b67ca7f120fc425"/>
    </p0826-teimww:occursIn>
    <p0826-teimww:text knoraType="richtext_value">[Iago:] &lt;span class="quote"&gt;Demand me nothing. What you know, you know. &lt;br&gt;
From this time forth I never will speak word.&lt;/span&gt;</p0826-teimww:text>
  </p0826-teimww:passage>
  <p0826-teimww:passage id="ww_6bb2745358c16b36">
    <knoraXmlImport:label>passage label</knoraXmlImport:label>
    <p0826-teimww:occursIn>
      <p0826-teimww:book knoraType="link_value" linkType="ref" target="ww_9b67ca7f120fc425"/>
    </p0826-teimww:occursIn>
    <p0826-teimww:text knoraType="richtext_value">[Iago (aside):] I have rubbed &lt;span class="quote"&gt;this young quat &lt;/span&gt;almost to the sense [...].</p0826-teimww:text>
  </p0826-teimww:passage>
  <p0826-teimww:passage id="ww_ea933de51df08154">
    <knoraXmlImport:label>passage label</knoraXmlImport:label>
    <p0826-teimww:occursIn>
      <p0826-teimww:book knoraType="link_value" linkType="ref" target="ww_1140c36ab545b6d8"/>
    </p0826-teimww:occursIn>
  </p0826-teimww:passage>
  <p0826-teimww:passage id="ww_4fc9ed9061b80eeb">
    <knoraXmlImport:label>passage label</knoraXmlImport:label>
    <p0826-teimww:occursIn>
      <p0826-teimww:book knoraType="link_value" linkType="ref" target="ww_9b67ca7f120fc425"/>
    </p0826-teimww:occursIn>
    <p0826-teimww:text knoraType="richtext_value">[Othello:] [...] Then must you speak &lt;br&gt;
Of one that loved not wisely, but too well;&lt;br&gt;
Of one not easily jealous, but being wrought,&lt;br&gt;
Perplexed in the extreme; of one whose hand,&lt;br&gt;
&lt;span class="quote"&gt;Like the base Judean, threw a pearl away &lt;br&gt;
Richer than all his tribe &lt;/span&gt;[...].</p0826-teimww:text>
  </p0826-teimww:passage>
  <p0826-teimww:passage id="ww_4421f0ec4a298475">
    <knoraXmlImport:label>passage label</knoraXmlImport:label>
    <p0826-teimww:occursIn>
      <p0826-teimww:book knoraType="link_value" linkType="ref" target="ww_5af91280461707f1"/>
    </p0826-teimww:occursIn>
  </p0826-teimww:passage>
  <p0826-teimww:passage id="ww_c6605b87040ab987">
    <knoraXmlImport:label>passage label</knoraXmlImport:label>
    <p0826-teimww:occursIn>
      <p0826-teimww:book knoraType="link_value" linkType="ref" target="ww_f38099d24a8f82da"/>
    </p0826-teimww:occursIn>
    <p0826-teimww:text knoraType="richtext_value">[Bussy:] &lt;span class="quote"&gt;There is a deep nick in time's restless wheel &lt;br&gt;
For each man's good, when which nick comes it strikes&lt;/span&gt; [...].</p0826-teimww:text>
  </p0826-teimww:passage>
  <p0826-teimww:passage id="ww_45b00934b5db2d81">
    <knoraXmlImport:label>passage label</knoraXmlImport:label>
    <p0826-teimww:occursIn>
      <p0826-teimww:book knoraType="link_value" linkType="ref" target="ww_e81f44945dfa651c"/>
    </p0826-teimww:occursIn>
  </p0826-teimww:passage>
  <p0826-teimww:passage id="ww_059136cabc21bdbd">
    <knoraXmlImport:label>passage label</knoraXmlImport:label>
    <p0826-teimww:occursIn>
      <p0826-teimww:book knoraType="link_value" linkType="ref" target="ww_7ce8c060adcb001c"/>
    </p0826-teimww:occursIn>
    <p0826-teimww:text knoraType="richtext_value">[Lurdo:] I&lt;span class="quote"&gt;'ll carry coals and you will, &lt;/span&gt;no horns, I know the law.</p0826-teimww:text>
  </p0826-teimww:passage>
  <p0826-teimww:passage id="ww_def1aa1baa59d3db">
    <knoraXmlImport:label>passage label</knoraXmlImport:label>
    <p0826-teimww:occursIn>
      <p0826-teimww:book knoraType="link_value" linkType="ref" target="ww_3e15ab6c612eadae"/>
    </p0826-teimww:occursIn>
  </p0826-teimww:passage>
  <p0826-teimww:passage id="ww_ae2ff8f5223db6cc">
    <knoraXmlImport:label>passage label</knoraXmlImport:label>
    <p0826-teimww:occursIn>
      <p0826-teimww:book knoraType="link_value" linkType="ref" target="ww_9878ac4728900ba4"/>
    </p0826-teimww:occursIn>
    <p0826-teimww:text knoraType="richtext_value">[Quintiliano:] Why sir, because I entertained this Gentleman for my Antient, (being my dear friend and an excellent scholar) he takes pepper ith' nose and sneezes it out upon my Antient; now sir &lt;span class="quote"&gt;(he being of an uncoal-carrying spirit)&lt;/span&gt; falls foul on him, calls him gull openly [...].</p0826-teimww:text>
  </p0826-teimww:passage>
  <p0826-teimww:passage id="ww_7798772456b881cd">
    <knoraXmlImport:label>passage label</knoraXmlImport:label>
    <p0826-teimww:occursIn>
      <p0826-teimww:book knoraType="link_value" linkType="ref" target="ww_2904e9f7b34ab517"/>
    </p0826-teimww:occursIn>
    <p0826-teimww:text knoraType="richtext_value">[Leicester:] But (madam) ere that day come, &lt;br&gt;
&lt;span class="quote"&gt;There will be many a bloody nose, I, and and crack'd crown; &lt;br&gt;&lt;/span&gt;
We shall make work for surgeons.</p0826-teimww:text>
  </p0826-teimww:passage>
  <p0826-teimww:passage id="ww_5523cf3ef002828a">
    <knoraXmlImport:label>passage label</knoraXmlImport:label>
    <p0826-teimww:occursIn>
      <p0826-teimww:book knoraType="link_value" linkType="ref" target="ww_7ce8c060adcb001c"/>
    </p0826-teimww:occursIn>
    <p0826-teimww:text knoraType="richtext_value">[Joculo:] But madam, do you remember what a multitude of fishes we saw at sea? and I do wonder how they can all live by one another.&lt;br&gt;
[Emilia:] Why soul, as men do on the land,&lt;span class="quote"&gt; the great ones eat up the little ones. &lt;/span&gt;</p0826-teimww:text>
  </p0826-teimww:passage>
  <p0826-teimww:passage id="ww_f700fc0394dc8753">
    <knoraXmlImport:label>passage label</knoraXmlImport:label>
    <p0826-teimww:occursIn>
      <p0826-teimww:book knoraType="link_value" linkType="ref" target="ww_1140c36ab545b6d8"/>
    </p0826-teimww:occursIn>
  </p0826-teimww:passage>
  <p0826-teimww:passage id="ww_0a040889893f15d2">
    <knoraXmlImport:label>passage label</knoraXmlImport:label>
    <p0826-teimww:occursIn>
      <p0826-teimww:book knoraType="link_value" linkType="ref" target="ww_c7017a2fd4b1ff37"/>
    </p0826-teimww:occursIn>
    <p0826-teimww:text knoraType="richtext_value">[Marc-Antonio:] &lt;span class="quote"&gt;What eagles we are still, &lt;br&gt;
In matters that belong to other men? &lt;br&gt;
What beetles in our own?&lt;/span&gt;</p0826-teimww:text>
  </p0826-teimww:passage>
  <p0826-teimww:passage id="ww_9f7835e863b052de">
    <knoraXmlImport:label>passage label</knoraXmlImport:label>
    <p0826-teimww:occursIn>
      <p0826-teimww:book knoraType="link_value" linkType="ref" target="ww_e81f44945dfa651c"/>
    </p0826-teimww:occursIn>
  </p0826-teimww:passage>
  <p0826-teimww:passage id="ww_ffd90afc7867c12c">
    <knoraXmlImport:label>passage label</knoraXmlImport:label>
    <p0826-teimww:occursIn>
      <p0826-teimww:book knoraType="link_value" linkType="ref" target="ww_9b67ca7f120fc425"/>
    </p0826-teimww:occursIn>
    <p0826-teimww:text knoraType="richtext_value">[Othello:] &lt;span class="quote"&gt;Was not that Cassio parted from my wife? &lt;br&gt;&lt;/span&gt;
[Iago:] &lt;span class="quote"&gt;Cassio, my lord? No, sure, I cannot think it &lt;/span&gt;[...].</p0826-teimww:text>
  </p0826-teimww:passage>
  <p0826-teimww:passage id="ww_89373b76994e8b45">
    <knoraXmlImport:label>passage label</knoraXmlImport:label>
    <p0826-teimww:occursIn>
      <p0826-teimww:book knoraType="link_value" linkType="ref" target="ww_12b8cda82738e9e2"/>
    </p0826-teimww:occursIn>
  </p0826-teimww:passage>
  <p0826-teimww:passage id="ww_0e1f521e42216cef">
    <knoraXmlImport:label>passage label</knoraXmlImport:label>
    <p0826-teimww:occursIn>
      <p0826-teimww:book knoraType="link_value" linkType="ref" target="ww_9b67ca7f120fc425"/>
    </p0826-teimww:occursIn>
    <p0826-teimww:text knoraType="richtext_value">[Othello:] Indeed? Ay, indeed! &lt;span class="quote"&gt;Discern'st thou aught in that? Is he not honest?&lt;br&gt;&lt;/span&gt;
[Iago:]&lt;span class="quote"&gt; Honest, my lord?&lt;/span&gt;&lt;br&gt;
[Othello:] &lt;span class="quote"&gt;Honest - ay, honest.&lt;/span&gt;&lt;br&gt;
[Iago:] &lt;span class="quote"&gt;My lord, for aught I know.&lt;/span&gt;&lt;br&gt;
[Othello:] &lt;span class="quote"&gt;What dost thou think?&lt;/span&gt;&lt;br&gt;
[Iago:] &lt;span class="quote"&gt;Think, my lord? &lt;/span&gt;[…] For &lt;span class="quote"&gt;Michael Cassio, I dare be sworn&lt;br&gt; 
I think that he is honest.&lt;br&gt;&lt;/span&gt;
[…] &lt;span class="quote"&gt;Men should be what they seem;&lt;br&gt;
Or those that be not, would they might seem none!&lt;br&gt;&lt;/span&gt;
[Othello:] &lt;span class="quote"&gt;Certain, men should be what they seem.&lt;br&gt;&lt;/span&gt;
[Iago:] &lt;span class="quote"&gt;Why then, I think Cassio's an honest man.&lt;/span&gt;</p0826-teimww:text>
  </p0826-teimww:passage>
  <p0826-teimww:passage id="ww_f88eb5753307295e">
    <knoraXmlImport:label>passage label</knoraXmlImport:label>
    <p0826-teimww:occursIn>
      <p0826-teimww:book knoraType="link_value" linkType="ref" target="ww_12b8cda82738e9e2"/>
    </p0826-teimww:occursIn>
  </p0826-teimww:passage>
  <p0826-teimww:passage id="ww_b0db876d781ec00c">
    <knoraXmlImport:label>passage label</knoraXmlImport:label>
    <p0826-teimww:occursIn>
      <p0826-teimww:book knoraType="link_value" linkType="ref" target="ww_9b67ca7f120fc425"/>
    </p0826-teimww:occursIn>
    <p0826-teimww:text knoraType="richtext_value">[Iago:] &lt;span class="quote"&gt;Didst thou not see her paddle with the palm of his hand?&lt;/span&gt;Didst not mark that?&lt;br&gt;
[Roderigo:] Yes, that I did. But that was but courtesy.&lt;br&gt;
[Iago:]&lt;span class="quote"&gt; Lechery, by this hand! An index and obscure prologue to the history of lust and foul thoughts. &lt;/span&gt;They met so near with their lips that their breaths embraced together.</p0826-teimww:text>
  </p0826-teimww:passage>
  <p0826-teimww:passage id="ww_cd03a58e477966db">
    <knoraXmlImport:label>passage label</knoraXmlImport:label>
    <p0826-teimww:occursIn>
      <p0826-teimww:book knoraType="link_value" linkType="ref" target="ww_9b67ca7f120fc425"/>
    </p0826-teimww:occursIn>
    <p0826-teimww:text knoraType="richtext_value">[Othello:] [...] &lt;span class="quote"&gt;Honest Iago &lt;/span&gt;[...].(act 1, scene 2)&lt;br&gt; &lt;br&gt;
[Cassio:] Good night, &lt;span class="quote"&gt;honest Iago.&lt;/span&gt;(act 2, scene 3)&lt;br&gt;&lt;br&gt;
[Othello:] [...] &lt;span class="quote"&gt;Honest Iago &lt;/span&gt; My Desdemona must I leave to thee. (Act 1, scene 3)&lt;br&gt;&lt;br&gt;
[Othello:] [...] &lt;span class="quote"&gt;Honest Iago, &lt;/span&gt;that looks dead with grieving, / Speak. Who began this? On thy love, I charge thee. (act 2, scene 3)&lt;br&gt;&lt;br&gt;
[Othello:] No. His mouth is stopped. &lt;span class="quote"&gt;Honest Iago &lt;/span&gt;hath ta’en order for ’t. (act 5, scene 2)&lt;br&gt;&lt;br&gt;
(5.2.187) [Othello:] My friend, thy husband; honest, &lt;span class="quote"&gt;honest Iago&lt;/span&gt;. (act 5, scene 2)
</p0826-teimww:text>
  </p0826-teimww:passage>
  <p0826-teimww:passage id="ww_75886d68146443a0">
    <knoraXmlImport:label>passage label</knoraXmlImport:label>
    <p0826-teimww:occursIn>
      <p0826-teimww:book knoraType="link_value" linkType="ref" target="ww_12b8cda82738e9e2"/>
    </p0826-teimww:occursIn>
  </p0826-teimww:passage>
  <p0826-teimww:passage id="ww_3863f149d2a999ef">
    <knoraXmlImport:label>passage label</knoraXmlImport:label>
    <p0826-teimww:occursIn>
      <p0826-teimww:book knoraType="link_value" linkType="ref" target="ww_9b67ca7f120fc425"/>
    </p0826-teimww:occursIn>
    <p0826-teimww:text knoraType="richtext_value">[Othello:] I had been happy if the general camp,&lt;br&gt;
Pioners and all, had tasted her sweet body,&lt;br&gt;
So I had nothing known. O, now, forever&lt;br&gt;
Farewell the tranquil mind! Farewell content!&lt;br&gt;
&lt;span class="quote"&gt;Farewell the plumèd troops and the big wars&lt;br&gt;&lt;/span&gt;
That makes ambition virtue! O, farewell!</p0826-teimww:text>
  </p0826-teimww:passage>
  <p0826-teimww:passage id="ww_4af04f9924d1550d">
    <knoraXmlImport:label>passage label</knoraXmlImport:label>
    <p0826-teimww:occursIn>
      <p0826-teimww:book knoraType="link_value" linkType="ref" target="ww_1140c36ab545b6d8"/>
    </p0826-teimww:occursIn>
  </p0826-teimww:passage>
  <p0826-teimww:passage id="ww_cfda8892039d48d9">
    <knoraXmlImport:label>passage label</knoraXmlImport:label>
    <p0826-teimww:occursIn>
      <p0826-teimww:book knoraType="link_value" linkType="ref" target="ww_9b67ca7f120fc425"/>
    </p0826-teimww:occursIn>
    <p0826-teimww:text knoraType="richtext_value">[Othello:] Give me your hand. &lt;span class="quote"&gt;This hand is moist, my lady.&lt;/span&gt;</p0826-teimww:text>
  </p0826-teimww:passage>
  <p0826-teimww:passage id="ww_ff36f54224f0b707">
    <knoraXmlImport:label>passage label</knoraXmlImport:label>
    <p0826-teimww:occursIn>
      <p0826-teimww:book knoraType="link_value" linkType="ref" target="ww_9b67ca7f120fc425"/>
    </p0826-teimww:occursIn>
    <p0826-teimww:text knoraType="richtext_value">[Iago:] &lt;span class="quote"&gt;Were they as prime as goats, as hot as monkeys&lt;/span&gt; [...].</p0826-teimww:text>
  </p0826-teimww:passage>
  <p0826-teimww:passage id="ww_b8e5db184afe6877">
    <knoraXmlImport:label>passage label</knoraXmlImport:label>
    <p0826-teimww:occursIn>
      <p0826-teimww:book knoraType="link_value" linkType="ref" target="ww_ad87a567c9aa933d"/>
    </p0826-teimww:occursIn>
    <p0826-teimww:text knoraType="richtext_value">[Hipolito:] &lt;span class="quote"&gt;Cursed be that day for ever that robbed her&lt;/span&gt; &lt;br/&gt;
Of breath, and me of bliss, henceforth let it stand &lt;br/&gt;
Within the Wizard's book -the calendar- &lt;br/&gt;
Marked with a marginal finger, to be chosen &lt;br/&gt;
By thieves, by villains, and black murderers, &lt;br/&gt;
As the best day for them to labour in. &lt;br/&gt;
If henceforth this adulterous bawdy world &lt;br/&gt;
Be got with child with treason, sacrilege, &lt;br/&gt;
Atheism, rapes, treacherous friendship, perjury, &lt;br/&gt;
Slander, (the beggar's sin) lies, (sin of fools) &lt;br/&gt;
Or any other damed impieties, &lt;br/&gt;
On Monday let em be delivered [...].</p0826-teimww:text>
  </p0826-teimww:passage>
  <p0826-teimww:passage id="ww_130ef1e910424fd1">
    <knoraXmlImport:label>passage label</knoraXmlImport:label>
    <p0826-teimww:occursIn>
      <p0826-teimww:book knoraType="link_value" linkType="ref" target="ww_a9ac3afc4eca7d49"/>
    </p0826-teimww:occursIn>
    <p0826-teimww:text knoraType="richtext_value">[Lear:] &lt;span class="quote"&gt;Lend me a looking glass. &lt;br/&gt;
If that her breath will mist or stain the stone, &lt;br/&gt;
Why, then she lives. &lt;br/&gt;&lt;/span&gt;
[...]&lt;span class="quote"&gt; This feather stirs. She lives.&lt;/span&gt;</p0826-teimww:text>
  </p0826-teimww:passage>
  <p0826-teimww:passage id="ww_2fc027d4d9b8c4cb">
    <knoraXmlImport:label>passage label</knoraXmlImport:label>
    <p0826-teimww:occursIn>
      <p0826-teimww:book knoraType="link_value" linkType="ref" target="ww_1140c36ab545b6d8"/>
    </p0826-teimww:occursIn>
  </p0826-teimww:passage>
  <p0826-teimww:passage id="ww_a392cb789ac902be">
    <knoraXmlImport:label>passage label</knoraXmlImport:label>
    <p0826-teimww:occursIn>
      <p0826-teimww:book knoraType="link_value" linkType="ref" target="ww_a9ac3afc4eca7d49"/>
    </p0826-teimww:occursIn>
    <p0826-teimww:text knoraType="richtext_value">[Fool:] For you know, nuncle, &lt;br&gt;
&lt;span class="quote"&gt;The hedge-sparrow fed the cuckoo so long, &lt;br&gt;&lt;/span&gt;
That it's had it head bit off by it young. &lt;br&gt;
So out went the candle, and we were left darkling.</p0826-teimww:text>
  </p0826-teimww:passage>
  <p0826-teimww:passage id="ww_6c41fe19f0e1d179">
    <knoraXmlImport:label>passage label</knoraXmlImport:label>
    <p0826-teimww:occursIn>
      <p0826-teimww:book knoraType="link_value" linkType="ref" target="ww_1140c36ab545b6d8"/>
    </p0826-teimww:occursIn>
  </p0826-teimww:passage>
  <p0826-teimww:passage id="ww_abdf7c5f3df3fa0b">
    <knoraXmlImport:label>passage label</knoraXmlImport:label>
    <p0826-teimww:occursIn>
      <p0826-teimww:book knoraType="link_value" linkType="ref" target="ww_98330de6bfd83dd4"/>
    </p0826-teimww:occursIn>
    <p0826-teimww:text knoraType="richtext_value"> I but true velour never danger sought, &lt;br&gt;
Rashness, it self doth into peril thrust: &lt;br&gt;
&lt;span class="quote"&gt;Thats only velour where the quarrel's just. &lt;br&gt;&lt;/span&gt;
A &lt;span class="quote"&gt;shadow of a shadow &lt;/span&gt;thus you see, &lt;br&gt;
Alas what substance can it be?</p0826-teimww:text>
  </p0826-teimww:passage>
  <p0826-teimww:passage id="ww_b5c637f092bfd46e">
    <knoraXmlImport:label>passage label</knoraXmlImport:label>
    <p0826-teimww:occursIn>
      <p0826-teimww:book knoraType="link_value" linkType="ref" target="ww_1140c36ab545b6d8"/>
    </p0826-teimww:occursIn>
  </p0826-teimww:passage>
  <p0826-teimww:passage id="ww_bd70b4c0f2c258d1">
    <knoraXmlImport:label>passage label</knoraXmlImport:label>
    <p0826-teimww:occursIn>
      <p0826-teimww:book knoraType="link_value" linkType="ref" target="ww_c021f9c6c9cb807d"/>
    </p0826-teimww:occursIn>
    <p0826-teimww:text knoraType="richtext_value">[Hamlet:] What Coachman? My Lady's coach, for shame; her ladyship's ready to come down. (Exit Coachman. Enter Potkinn, a tankard-bearer)&lt;br&gt;
[Potkinn:] &lt;span class="quote"&gt;'Sfoot, Hamlet, are you mad? &lt;/span&gt;Whether run you now? [...]&lt;br&gt;
[&lt;span class="quote"&gt;Gertrude&lt;/span&gt;:] &lt;span class="quote"&gt;Thank you good people. My coach for the love of Heaven, my coach?&lt;/span&gt; In good truth I shall swoon else.</p0826-teimww:text>
  </p0826-teimww:passage>
  <p0826-teimww:passage id="ww_21eee6bc1952b22c">
    <knoraXmlImport:label>passage label</knoraXmlImport:label>
    <p0826-teimww:occursIn>
      <p0826-teimww:book knoraType="link_value" linkType="ref" target="ww_2f65899f08b5bb71"/>
    </p0826-teimww:occursIn>
  </p0826-teimww:passage>
  <p0826-teimww:passage id="ww_bec3e31af822b9a4">
    <knoraXmlImport:label>passage label</knoraXmlImport:label>
    <p0826-teimww:occursIn>
      <p0826-teimww:book knoraType="link_value" linkType="ref" target="ww_1140c36ab545b6d8"/>
    </p0826-teimww:occursIn>
  </p0826-teimww:passage>
  <p0826-teimww:passage id="ww_1920a2fea715de4c">
    <knoraXmlImport:label>passage label</knoraXmlImport:label>
    <p0826-teimww:occursIn>
      <p0826-teimww:book knoraType="link_value" linkType="ref" target="ww_68caf0be92d6d9a9"/>
    </p0826-teimww:occursIn>
  </p0826-teimww:passage>
  <p0826-teimww:passage id="ww_ddb2070fe6dc53d9">
    <knoraXmlImport:label>passage label</knoraXmlImport:label>
    <p0826-teimww:occursIn>
      <p0826-teimww:book knoraType="link_value" linkType="ref" target="ww_91e0dc4c671938fa"/>
    </p0826-teimww:occursIn>
  </p0826-teimww:passage>
  <p0826-teimww:passage id="ww_f9447f690aa72058">
    <knoraXmlImport:label>passage label</knoraXmlImport:label>
    <p0826-teimww:occursIn>
      <p0826-teimww:book knoraType="link_value" linkType="ref" target="ww_a9ac3afc4eca7d49"/>
    </p0826-teimww:occursIn>
    <p0826-teimww:text knoraType="richtext_value">[Albany:] [...] &lt;span class="quote"&gt;She that herself will sliver and disbranch &lt;br&gt;
From her material sap perforce must wither &lt;br&gt;
And come to deadly use.&lt;/span&gt;</p0826-teimww:text>
  </p0826-teimww:passage>
  <p0826-teimww:passage id="ww_55b0a33c98d594e2">
    <knoraXmlImport:label>passage label</knoraXmlImport:label>
    <p0826-teimww:occursIn>
      <p0826-teimww:book knoraType="link_value" linkType="ref" target="ww_2f9b1b0a9d86ff6d"/>
    </p0826-teimww:occursIn>
    <p0826-teimww:text knoraType="richtext_value">[Servant:] Here's a swaggering fellow sir, that &lt;span class="quote"&gt;speaks not like a man of gods making&lt;/span&gt; [...].</p0826-teimww:text>
  </p0826-teimww:passage>
  <p0826-teimww:passage id="ww_027ece6bbb975cee">
    <knoraXmlImport:label>passage label</knoraXmlImport:label>
    <p0826-teimww:occursIn>
      <p0826-teimww:book knoraType="link_value" linkType="ref" target="ww_2f9b1b0a9d86ff6d"/>
    </p0826-teimww:occursIn>
    <p0826-teimww:text knoraType="richtext_value">[Bellamont:] [...] &lt;span class="quote"&gt;would I were a young man for thy sake.&lt;/span&gt;</p0826-teimww:text>
  </p0826-teimww:passage>
  <p0826-teimww:passage id="ww_721cbceaa1c31c66">
    <knoraXmlImport:label>passage label</knoraXmlImport:label>
    <p0826-teimww:occursIn>
      <p0826-teimww:book knoraType="link_value" linkType="ref" target="ww_a9ac3afc4eca7d49"/>
    </p0826-teimww:occursIn>
    <p0826-teimww:text knoraType="richtext_value">[Edgar:] The Prince of Darkness is a gentleman. Modo he's called, and Mahu.</p0826-teimww:text>
  </p0826-teimww:passage>
  <p0826-teimww:passage id="ww_2a19a00fc1619b1c">
    <knoraXmlImport:label>passage label</knoraXmlImport:label>
    <p0826-teimww:occursIn>
      <p0826-teimww:book knoraType="link_value" linkType="ref" target="ww_1140c36ab545b6d8"/>
    </p0826-teimww:occursIn>
  </p0826-teimww:passage>
  <p0826-teimww:passage id="ww_a24b7e202c58ab1a">
    <knoraXmlImport:label>passage label</knoraXmlImport:label>
    <p0826-teimww:occursIn>
      <p0826-teimww:book knoraType="link_value" linkType="ref" target="ww_c021f9c6c9cb807d"/>
    </p0826-teimww:occursIn>
    <p0826-teimww:text knoraType="richtext_value">[Golding:] [...] &lt;span class="quote"&gt;the superfluity and cold meat left at their Nuptials, will with bounty furnish ours.&lt;/span&gt;</p0826-teimww:text>
  </p0826-teimww:passage>
  <p0826-teimww:passage id="ww_55cfa32ffd537c46">
    <knoraXmlImport:label>passage label</knoraXmlImport:label>
    <p0826-teimww:occursIn>
      <p0826-teimww:book knoraType="link_value" linkType="ref" target="ww_38319ddb82fae050"/>
    </p0826-teimww:occursIn>
  </p0826-teimww:passage>
  <p0826-teimww:passage id="ww_b25ef5e9fbd73f24">
    <knoraXmlImport:label>passage label</knoraXmlImport:label>
    <p0826-teimww:occursIn>
      <p0826-teimww:book knoraType="link_value" linkType="ref" target="ww_c021f9c6c9cb807d"/>
    </p0826-teimww:occursIn>
    <p0826-teimww:text knoraType="richtext_value">[Quicksilver:] &lt;span class="quote"&gt;Thereby lies a tale &lt;/span&gt;sir. The old usurer will be here instantly, with my Punk &lt;i&gt;Sindefy&lt;/i&gt;, whom you know your Lady has promised me to entertain for her Gentlewoman: and he, &lt;span class="quote"&gt;(with a purpose to feed on you)&lt;/span&gt;, invites you most solemnly by me &lt;span class="quote"&gt;to supper&lt;/span&gt;.</p0826-teimww:text>
  </p0826-teimww:passage>
  <p0826-teimww:passage id="ww_f3847bede0f8ae77">
    <knoraXmlImport:label>passage label</knoraXmlImport:label>
    <p0826-teimww:occursIn>
      <p0826-teimww:book knoraType="link_value" linkType="ref" target="ww_d87c5e9530010d35"/>
    </p0826-teimww:occursIn>
  </p0826-teimww:passage>
  <p0826-teimww:passage id="ww_33680c604b389b89">
    <knoraXmlImport:label>passage label</knoraXmlImport:label>
    <p0826-teimww:occursIn>
      <p0826-teimww:book knoraType="link_value" linkType="ref" target="ww_c021f9c6c9cb807d"/>
    </p0826-teimww:occursIn>
    <p0826-teimww:text knoraType="richtext_value">[Touchstone:] Do we not know &lt;span class="quote"&gt;North-north-east? North- east and by East? East and by North? &lt;/span&gt;nor plain Eastward?	</p0826-teimww:text>
  </p0826-teimww:passage>
  <p0826-teimww:passage id="ww_dab7aa20af2af96c">
    <knoraXmlImport:label>passage label</knoraXmlImport:label>
    <p0826-teimww:occursIn>
      <p0826-teimww:book knoraType="link_value" linkType="ref" target="ww_3e15ab6c612eadae"/>
    </p0826-teimww:occursIn>
  </p0826-teimww:passage>
  <p0826-teimww:passage id="ww_4aee9d4a73b5023e">
    <knoraXmlImport:label>passage label</knoraXmlImport:label>
    <p0826-teimww:occursIn>
      <p0826-teimww:book knoraType="link_value" linkType="ref" target="ww_9ccfd1aca399310c"/>
    </p0826-teimww:occursIn>
    <p0826-teimww:text knoraType="richtext_value">[Follywit:] Hang you, you have bewitched me among you. I was as well given till I fell to be wicked, my grandsire had hope of me. &lt;span class="quote"&gt;I went all in black; swore but o' Sundays, never came home drunk but upon fasting nights to cleanse my stomach. 'Slid, now I'm quite altered, blown into light colors, let out oaths by th' minute, sit up late till it be early, drink drunk till I am sober, sink down dead in a tavern, and rise in a tobacco shop. &lt;/span&gt;Here's a transformation [...].</p0826-teimww:text>
  </p0826-teimww:passage>
  <p0826-teimww:passage id="ww_eae6ae475de8552e">
    <knoraXmlImport:label>passage label</knoraXmlImport:label>
    <p0826-teimww:occursIn>
      <p0826-teimww:book knoraType="link_value" linkType="ref" target="ww_17675e9418dc9f39"/>
    </p0826-teimww:occursIn>
    <p0826-teimww:text knoraType="richtext_value">[Titinius:] [...] With which &lt;span class="quote"&gt;the wanton wind &lt;/span&gt;was wont to play, &lt;br&gt;
To drown with &lt;span class="quote"&gt;billows &lt;/span&gt;of overwhelming woes.</p0826-teimww:text>
  </p0826-teimww:passage>
  <p0826-teimww:passage id="ww_b923a6ed3e64d6c1">
    <knoraXmlImport:label>passage label</knoraXmlImport:label>
    <p0826-teimww:occursIn>
      <p0826-teimww:book knoraType="link_value" linkType="ref" target="ww_97955539c83b9cc3"/>
    </p0826-teimww:occursIn>
  </p0826-teimww:passage>
  <p0826-teimww:passage id="ww_5f6675d9ed7fe612">
    <knoraXmlImport:label>passage label</knoraXmlImport:label>
    <p0826-teimww:occursIn>
      <p0826-teimww:book knoraType="link_value" linkType="ref" target="ww_17675e9418dc9f39"/>
    </p0826-teimww:occursIn>
    <p0826-teimww:text knoraType="richtext_value">[Brutus:] […] &lt;span class="quote"&gt;Ingraven in the eyes and hearts of men.&lt;/span&gt;&lt;br&gt; 
Although the oppression of distressed Rome […].</p0826-teimww:text>
  </p0826-teimww:passage>
  <p0826-teimww:passage id="ww_3ede2879cc3e23f7">
    <knoraXmlImport:label>passage label</knoraXmlImport:label>
    <p0826-teimww:occursIn>
      <p0826-teimww:book knoraType="link_value" linkType="ref" target="ww_17675e9418dc9f39"/>
    </p0826-teimww:occursIn>
    <p0826-teimww:text knoraType="richtext_value">[Brutus:] […] And cole black Libyans, shall &lt;span class="quote"&gt;manure the ground &lt;br&gt;
In thy defence with bleeding hearts of men.&lt;/span&gt;</p0826-teimww:text>
  </p0826-teimww:passage>
  <p0826-teimww:passage id="ww_1727bdf4112827ea">
    <knoraXmlImport:label>passage label</knoraXmlImport:label>
    <p0826-teimww:occursIn>
      <p0826-teimww:book knoraType="link_value" linkType="ref" target="ww_17675e9418dc9f39"/>
    </p0826-teimww:occursIn>
    <p0826-teimww:text knoraType="richtext_value">[Pompey:] Take we our last farewell, then though with pain, &lt;br&gt;
&lt;span class="quote"&gt;Here three do part that ne're shall meet again.&lt;/span&gt;</p0826-teimww:text>
  </p0826-teimww:passage>
  <p0826-teimww:passage id="ww_178dcd1f0f9c4e91">
    <knoraXmlImport:label>passage label</knoraXmlImport:label>
    <p0826-teimww:occursIn>
      <p0826-teimww:book knoraType="link_value" linkType="ref" target="ww_17675e9418dc9f39"/>
    </p0826-teimww:occursIn>
    <p0826-teimww:text knoraType="richtext_value">[Caesar:] Here lies &lt;span class="quote"&gt;one that's butcher'd by his Sire &lt;br&gt;&lt;/span&gt;
And here the son was his old Father's death […].</p0826-teimww:text>
  </p0826-teimww:passage>
  <p0826-teimww:passage id="ww_4736ca01da9ec36e">
    <knoraXmlImport:label>passage label</knoraXmlImport:label>
    <p0826-teimww:occursIn>
      <p0826-teimww:book knoraType="link_value" linkType="ref" target="ww_17675e9418dc9f39"/>
    </p0826-teimww:occursIn>
    <p0826-teimww:text knoraType="richtext_value">[Caesar:] When Phoebus left fair &lt;span class="quote"&gt;Thetis' watery couch, &lt;br&gt;&lt;/span&gt;
And peeping forth from out the golden gate &lt;br&gt;
Of his bright palace saw our battle rank'd: &lt;br&gt;
Off did he seek to turn his fiery steeds […].</p0826-teimww:text>
  </p0826-teimww:passage>
  <p0826-teimww:passage id="ww_56a1c886b7f26222">
    <knoraXmlImport:label>passage label</knoraXmlImport:label>
    <p0826-teimww:occursIn>
      <p0826-teimww:book knoraType="link_value" linkType="ref" target="ww_17675e9418dc9f39"/>
    </p0826-teimww:occursIn>
    <p0826-teimww:text knoraType="richtext_value">[Pompey:] [...] 'Tis but thy fear that doth it &lt;span class="quote"&gt;so miscall.&lt;/span&gt;</p0826-teimww:text>
  </p0826-teimww:passage>
  <p0826-teimww:passage id="ww_34646e92be95faf0">
    <knoraXmlImport:label>passage label</knoraXmlImport:label>
    <p0826-teimww:occursIn>
      <p0826-teimww:book knoraType="link_value" linkType="ref" target="ww_17675e9418dc9f39"/>
    </p0826-teimww:occursIn>
    <p0826-teimww:text knoraType="richtext_value">[Pompey:] &lt;span class="quote"&gt;Earth gape and swallow him&lt;/span&gt; that heavens hate, &lt;br&gt;
Consume me fire with thy devouring flames […].</p0826-teimww:text>
  </p0826-teimww:passage>
  <p0826-teimww:passage id="ww_ae1613a818c9290d">
    <knoraXmlImport:label>passage label</knoraXmlImport:label>
    <p0826-teimww:occursIn>
      <p0826-teimww:book knoraType="link_value" linkType="ref" target="ww_17675e9418dc9f39"/>
    </p0826-teimww:occursIn>
    <p0826-teimww:text knoraType="richtext_value">[Caesar:] […] Unto those sands where &lt;span class="quote"&gt;high erected posts&lt;br&gt;
Of great Alcides, &lt;/span&gt;do uphold his name […].</p0826-teimww:text>
  </p0826-teimww:passage>
  <p0826-teimww:passage id="ww_b116c0a7962b267f">
    <knoraXmlImport:label>passage label</knoraXmlImport:label>
    <p0826-teimww:occursIn>
      <p0826-teimww:book knoraType="link_value" linkType="ref" target="ww_17675e9418dc9f39"/>
    </p0826-teimww:occursIn>
    <p0826-teimww:text knoraType="richtext_value">[Caesar:] […] He on his golden trapped Palfreys rides, &lt;br&gt;
That &lt;span class="quote"&gt;from their nostrils do the morning blow&lt;/span&gt; […].</p0826-teimww:text>
  </p0826-teimww:passage>
  <p0826-teimww:passage id="ww_6c3b6a13514af232">
    <knoraXmlImport:label>passage label</knoraXmlImport:label>
    <p0826-teimww:occursIn>
      <p0826-teimww:book knoraType="link_value" linkType="ref" target="ww_d0babbfaa4407bfc"/>
    </p0826-teimww:occursIn>
    <p0826-teimww:text knoraType="richtext_value">[Paroles:] My meaning in 't, I protest, was very honest in the behalf of the maid, for I knew the young count to be &lt;span class="quote"&gt;a dangerous and lascivious boy, who is a whale to virginity and devours up all the fry it finds.&lt;/span&gt;</p0826-teimww:text>
  </p0826-teimww:passage>
  <p0826-teimww:passage id="ww_7af08d1a4209b3f4">
    <knoraXmlImport:label>passage label</knoraXmlImport:label>
    <p0826-teimww:occursIn>
      <p0826-teimww:book knoraType="link_value" linkType="ref" target="ww_17675e9418dc9f39"/>
    </p0826-teimww:occursIn>
    <p0826-teimww:text knoraType="richtext_value">[Anthony:] Though &lt;span class="quote"&gt;Caesar &lt;/span&gt;be as great as great may be, &lt;br&gt;
Yet Pompey once was even as great as he, &lt;br&gt;
And &lt;span class="quote"&gt;how he rode clad in stories' spoils &lt;/span&gt;[…].</p0826-teimww:text>
  </p0826-teimww:passage>
  <p0826-teimww:passage id="ww_61710710d81775b2">
    <knoraXmlImport:label>passage label</knoraXmlImport:label>
    <p0826-teimww:occursIn>
      <p0826-teimww:book knoraType="link_value" linkType="ref" target="ww_c021f9c6c9cb807d"/>
    </p0826-teimww:occursIn>
    <p0826-teimww:text knoraType="richtext_value">[Gertrude:] And draw all my servants in my bow, and keep my counsel, and tell me tales, and put me riddles, and &lt;span class="quote"&gt;read on a book&lt;/span&gt; sometimes when I am busy, and laugh at country gentlewomen, and command anything in the house for my retainers; and care not what you spend, for it is all mine; and, in any case, be still a maid, whatsoever you do, or whatsoever any man can do unto you.</p0826-teimww:text>
  </p0826-teimww:passage>
  <p0826-teimww:passage id="ww_e1febe19a8286721">
    <knoraXmlImport:label>passage label</knoraXmlImport:label>
    <p0826-teimww:occursIn>
      <p0826-teimww:book knoraType="link_value" linkType="ref" target="ww_38319ddb82fae050"/>
    </p0826-teimww:occursIn>
  </p0826-teimww:passage>
  <p0826-teimww:passage id="ww_e73c6be0e820ab30">
    <knoraXmlImport:label>passage label</knoraXmlImport:label>
    <p0826-teimww:occursIn>
      <p0826-teimww:book knoraType="link_value" linkType="ref" target="ww_a9ac3afc4eca7d49"/>
    </p0826-teimww:occursIn>
    <p0826-teimww:text knoraType="richtext_value">[Edmund:] [...] &lt;span class="quote"&gt;When my dimensions are as well compact, &lt;br&gt;
My mind as generous and my shape as true &lt;/span&gt;[...].</p0826-teimww:text>
  </p0826-teimww:passage>
  <p0826-teimww:passage id="ww_7229d156fd9ad937">
    <knoraXmlImport:label>passage label</knoraXmlImport:label>
    <p0826-teimww:occursIn>
      <p0826-teimww:book knoraType="link_value" linkType="ref" target="ww_5eeeb3e78e8b0bc3"/>
    </p0826-teimww:occursIn>
  </p0826-teimww:passage>
  <p0826-teimww:passage id="ww_ddca1ce247a2aca6">
    <knoraXmlImport:label>passage label</knoraXmlImport:label>
    <p0826-teimww:occursIn>
      <p0826-teimww:book knoraType="link_value" linkType="ref" target="ww_7c3febaec4e5aacf"/>
    </p0826-teimww:occursIn>
    <p0826-teimww:text knoraType="richtext_value">[Count:] Lazarello, bestir thy self nimbly and soddenly, and hear me with patience.&lt;br&gt;
[Lazarello:] Let me not fall from myself; &lt;span class="quote"&gt;speak I am bound to hear.&lt;/span&gt;&lt;br&gt;
[Count:] &lt;span class="quote"&gt;So art thou to revenge, when thou shalt hear.&lt;/span&gt; &lt;br&gt;
The fish head is gone, and we know not whither.</p0826-teimww:text>
  </p0826-teimww:passage>
  <p0826-teimww:passage id="ww_9c2dbdad252f5273">
    <knoraXmlImport:label>passage label</knoraXmlImport:label>
    <p0826-teimww:occursIn>
      <p0826-teimww:book knoraType="link_value" linkType="ref" target="ww_91e0dc4c671938fa"/>
    </p0826-teimww:occursIn>
  </p0826-teimww:passage>
  <p0826-teimww:passage id="ww_9b93fe6f9d155607">
    <knoraXmlImport:label>passage label</knoraXmlImport:label>
    <p0826-teimww:occursIn>
      <p0826-teimww:book knoraType="link_value" linkType="ref" target="ww_1140c36ab545b6d8"/>
    </p0826-teimww:occursIn>
  </p0826-teimww:passage>
  <p0826-teimww:passage id="ww_863ae764c397f551">
    <knoraXmlImport:label>passage label</knoraXmlImport:label>
    <p0826-teimww:occursIn>
      <p0826-teimww:book knoraType="link_value" linkType="ref" target="ww_66c4283b87c123dd"/>
    </p0826-teimww:occursIn>
  </p0826-teimww:passage>
  <p0826-teimww:passage id="ww_5b5d4b2ccf13cce3">
    <knoraXmlImport:label>passage label</knoraXmlImport:label>
    <p0826-teimww:occursIn>
      <p0826-teimww:book knoraType="link_value" linkType="ref" target="ww_7114631e1c7c2d84"/>
    </p0826-teimww:occursIn>
    <p0826-teimww:text knoraType="richtext_value">[Captain:] &lt;span class="quote"&gt;Doubtful it stood,&lt;br&gt;&lt;/span&gt;
As two spent swimmers that do cling together &lt;br&gt;
And choke their art. </p0826-teimww:text>
  </p0826-teimww:passage>
  <p0826-teimww:passage id="ww_2369d596a6fcc30c">
    <knoraXmlImport:label>passage label</knoraXmlImport:label>
    <p0826-teimww:occursIn>
      <p0826-teimww:book knoraType="link_value" linkType="ref" target="ww_7114631e1c7c2d84"/>
    </p0826-teimww:occursIn>
    <p0826-teimww:text knoraType="richtext_value">[Ross:] From Fife, great king,&lt;br&gt;
Where &lt;span class="quote"&gt;the Norweyan banners flout the sky&lt;br&gt;
And fan our people cold &lt;/span&gt;[...].</p0826-teimww:text>
  </p0826-teimww:passage>
  <p0826-teimww:passage id="ww_c62f296c7effab1f">
    <knoraXmlImport:label>passage label</knoraXmlImport:label>
    <p0826-teimww:occursIn>
      <p0826-teimww:book knoraType="link_value" linkType="ref" target="ww_5af91280461707f1"/>
    </p0826-teimww:occursIn>
  </p0826-teimww:passage>
  <p0826-teimww:passage id="ww_cf95c4b7974c2ea0">
    <knoraXmlImport:label>passage label</knoraXmlImport:label>
    <p0826-teimww:occursIn>
      <p0826-teimww:book knoraType="link_value" linkType="ref" target="ww_7114631e1c7c2d84"/>
    </p0826-teimww:occursIn>
    <p0826-teimww:text knoraType="richtext_value">[Captain:] &lt;span class="quote"&gt;Yes, as sparrows eagles, or the hare the lion&lt;/span&gt;. </p0826-teimww:text>
  </p0826-teimww:passage>
  <p0826-teimww:passage id="ww_804387442c386d6b">
    <knoraXmlImport:label>passage label</knoraXmlImport:label>
    <p0826-teimww:occursIn>
      <p0826-teimww:book knoraType="link_value" linkType="ref" target="ww_1140c36ab545b6d8"/>
    </p0826-teimww:occursIn>
  </p0826-teimww:passage>
  <p0826-teimww:passage id="ww_73896f5d04725383">
    <knoraXmlImport:label>passage label</knoraXmlImport:label>
    <p0826-teimww:occursIn>
      <p0826-teimww:book knoraType="link_value" linkType="ref" target="ww_7114631e1c7c2d84"/>
    </p0826-teimww:occursIn>
    <p0826-teimww:text knoraType="richtext_value">[First Witch:] &lt;span class="quote"&gt;He knows thy thought.&lt;br&gt;&lt;/span&gt;
Hear his speech but say thou naught.</p0826-teimww:text>
  </p0826-teimww:passage>
  <p0826-teimww:passage id="ww_3a0018d679fdb5c8">
    <knoraXmlImport:label>passage label</knoraXmlImport:label>
    <p0826-teimww:occursIn>
      <p0826-teimww:book knoraType="link_value" linkType="ref" target="ww_e47749f03b5fb074"/>
    </p0826-teimww:occursIn>
    <p0826-teimww:text knoraType="richtext_value">[Ventidius:] O, Silius, Silius, &lt;br&gt;
I have done enough. A lower place, note well,&lt;br&gt;
May make too great an act. For learn this, Silius:&lt;br&gt;
&lt;span class="quote"&gt;Better to leave undone than by our deed &lt;br&gt;
Acquire too high a fame when him we serve 's away.&lt;/span&gt; [...]
The soldier's virtue, rather makes choice of loss &lt;br&gt;
Than gain which darkens him. &lt;br&gt;
I could do more to do Antonius good, &lt;br&gt;
But 'twould offend him. And in his offense &lt;br&gt;
Should my performance perish.</p0826-teimww:text>
  </p0826-teimww:passage>
  <p0826-teimww:passage id="ww_4ff9d39faa9d1912">
    <knoraXmlImport:label>passage label</knoraXmlImport:label>
    <p0826-teimww:occursIn>
      <p0826-teimww:book knoraType="link_value" linkType="ref" target="ww_1140c36ab545b6d8"/>
    </p0826-teimww:occursIn>
  </p0826-teimww:passage>
  <p0826-teimww:passage id="ww_dc8e5e7eac6cbf65">
    <knoraXmlImport:label>passage label</knoraXmlImport:label>
    <p0826-teimww:occursIn>
      <p0826-teimww:book knoraType="link_value" linkType="ref" target="ww_7114631e1c7c2d84"/>
    </p0826-teimww:occursIn>
    <p0826-teimww:text knoraType="richtext_value">[Ross:] And &lt;span class="quote"&gt;Duncan's horses &lt;/span&gt;(a thing most strange and
certain), &lt;br&gt;
Beauteous and swift, the minions of their race, &lt;br&gt;
Turned wild in nature, broke their stalls, flung out, &lt;br&gt;
Contending 'gainst obedience, as they would &lt;br&gt;
Make war with mankind.</p0826-teimww:text>
  </p0826-teimww:passage>
  <p0826-teimww:passage id="ww_76c993cc32febb2f">
    <knoraXmlImport:label>passage label</knoraXmlImport:label>
    <p0826-teimww:occursIn>
      <p0826-teimww:book knoraType="link_value" linkType="ref" target="ww_1140c36ab545b6d8"/>
    </p0826-teimww:occursIn>
  </p0826-teimww:passage>
  <p0826-teimww:passage id="ww_ccfbd91833ef9fff">
    <knoraXmlImport:label>passage label</knoraXmlImport:label>
    <p0826-teimww:occursIn>
      <p0826-teimww:book knoraType="link_value" linkType="ref" target="ww_e47749f03b5fb074"/>
    </p0826-teimww:occursIn>
    <p0826-teimww:text knoraType="richtext_value">[Charmian:] Nay, if &lt;span class="quote"&gt;an oily palm &lt;/span&gt;be not a fruitful prognostication, I cannot scratch mine ear.</p0826-teimww:text>
  </p0826-teimww:passage>
  <p0826-teimww:passage id="ww_6a3ed22e33111700">
    <knoraXmlImport:label>passage label</knoraXmlImport:label>
    <p0826-teimww:occursIn>
      <p0826-teimww:book knoraType="link_value" linkType="ref" target="ww_55bc1a3b04bf8a8d"/>
    </p0826-teimww:occursIn>
  </p0826-teimww:passage>
  <p0826-teimww:passage id="ww_5e5bf8862809e109">
    <knoraXmlImport:label>passage label</knoraXmlImport:label>
    <p0826-teimww:occursIn>
      <p0826-teimww:book knoraType="link_value" linkType="ref" target="ww_7114631e1c7c2d84"/>
    </p0826-teimww:occursIn>
    <p0826-teimww:text knoraType="richtext_value">[First Witch:]&lt;span class="quote"&gt; But in a sieve I'll thither sail &lt;/span&gt;[...].</p0826-teimww:text>
  </p0826-teimww:passage>
  <p0826-teimww:passage id="ww_58a67e667dc2c582">
    <knoraXmlImport:label>passage label</knoraXmlImport:label>
    <p0826-teimww:occursIn>
      <p0826-teimww:book knoraType="link_value" linkType="ref" target="ww_12b8cda82738e9e2"/>
    </p0826-teimww:occursIn>
  </p0826-teimww:passage>
  <p0826-teimww:passage id="ww_061a224973c18c1d">
    <knoraXmlImport:label>passage label</knoraXmlImport:label>
    <p0826-teimww:occursIn>
      <p0826-teimww:book knoraType="link_value" linkType="ref" target="ww_7114631e1c7c2d84"/>
    </p0826-teimww:occursIn>
    <p0826-teimww:text knoraType="richtext_value">[Lady Macbeth:] &lt;span class="quote"&gt;It was the owl that shrieked, the fatal bellman, &lt;br/&gt;
Which gives the stern'st good-night.&lt;/span&gt;</p0826-teimww:text>
  </p0826-teimww:passage>
  <p0826-teimww:passage id="ww_5bc4bf9cf5de20f8">
    <knoraXmlImport:label>passage label</knoraXmlImport:label>
    <p0826-teimww:occursIn>
      <p0826-teimww:book knoraType="link_value" linkType="ref" target="ww_bdee35cd9360b47f"/>
    </p0826-teimww:occursIn>
    <p0826-teimww:text knoraType="richtext_value">[Lingua:] Witness this lie, Mendacio's with me now, &lt;br&gt;
But sirrah out of jesting will they come? &lt;br&gt;
[Mendacio:] &lt;span class="quote"&gt;Yes and it like your Ladyship presently: &lt;br&gt;
Here may you have me prest to flatter them. &lt;br&gt;&lt;/span&gt;
[Lingua:]&lt;span class="quote"&gt; I'll flatter no such proud Companions, &lt;br&gt;
'Twill do no good, therefore I am determined &lt;br&gt;
To leave such baseness. &lt;br&gt;&lt;/span&gt;
[Mendacio:] &lt;span class="quote"&gt;Then shall I turn and bid them stay at home. &lt;br&gt; &lt;/span&gt;
[Lingua:]&lt;span class="quote"&gt; No, for their coming hither to this grove, &lt;br&gt;
Shall be a means to further my devise, &lt;br&gt;
Therefore I pray thee Mendacio go presently, &lt;br&gt;
Run you vile Ape. &lt;br&gt;&lt;/span&gt;
[Mendacio:]&lt;span class="quote"&gt; Whether? &lt;br&gt;&lt;/span&gt;
[Lingua:] &lt;span class="quote"&gt;What dost thou stand? &lt;br&gt;&lt;/span&gt;
[Mendacio:] &lt;span class="quote"&gt;Till I know what to do. &lt;/span&gt;&lt;br&gt;
[Lingua:] &lt;span class="quote"&gt;S'precious 'tis true, &lt;br&gt;
So might thou finely o'er-run thine errand. &lt;br&gt;
Hast to my Chest.&lt;/span&gt; &lt;br&gt;
[Mendacio:] Ay, ay, &lt;br&gt; 
[Lingua:] There shalt thou find, &lt;br&gt;
A gorgeous Robe, and golden Coronet, &lt;br&gt; 
Convey them hither nimbly, let none see them.</p0826-teimww:text>
  </p0826-teimww:passage>
  <p0826-teimww:passage id="ww_dfb7ce0741013790">
    <knoraXmlImport:label>passage label</knoraXmlImport:label>
    <p0826-teimww:occursIn>
      <p0826-teimww:book knoraType="link_value" linkType="ref" target="ww_1140c36ab545b6d8"/>
    </p0826-teimww:occursIn>
  </p0826-teimww:passage>
  <p0826-teimww:passage id="ww_faa7d5d327ede0fd">
    <knoraXmlImport:label>passage label</knoraXmlImport:label>
    <p0826-teimww:occursIn>
      <p0826-teimww:book knoraType="link_value" linkType="ref" target="ww_b8eaca27cf9698df"/>
    </p0826-teimww:occursIn>
    <p0826-teimww:text knoraType="richtext_value">[Pericles:] O, Helicanus! Strike me, honored sir. &lt;br&gt;
&lt;span class="quote"&gt;Give me a gash, put me to present pain, &lt;br&gt;
Lest this great sea of joys rushing upon me &lt;br&gt;
O'erbear the shores of my mortality &lt;br&gt;
And drown me with their sweetness.&lt;/span&gt;</p0826-teimww:text>
  </p0826-teimww:passage>
  <p0826-teimww:passage id="ww_095bac120b177aed">
    <knoraXmlImport:label>passage label</knoraXmlImport:label>
    <p0826-teimww:occursIn>
      <p0826-teimww:book knoraType="link_value" linkType="ref" target="ww_1140c36ab545b6d8"/>
    </p0826-teimww:occursIn>
  </p0826-teimww:passage>
  <p0826-teimww:passage id="ww_c256175a10b729a0">
    <knoraXmlImport:label>passage label</knoraXmlImport:label>
    <p0826-teimww:occursIn>
      <p0826-teimww:book knoraType="link_value" linkType="ref" target="ww_6129dfa4528ff009"/>
    </p0826-teimww:occursIn>
    <p0826-teimww:text knoraType="richtext_value">[Goldstone:]&lt;span class="quote"&gt; Ye, at your book so hard.&lt;/span&gt;</p0826-teimww:text>
  </p0826-teimww:passage>
  <p0826-teimww:passage id="ww_20e6399b4e2b0797">
    <knoraXmlImport:label>passage label</knoraXmlImport:label>
    <p0826-teimww:occursIn>
      <p0826-teimww:book knoraType="link_value" linkType="ref" target="ww_6129dfa4528ff009"/>
    </p0826-teimww:occursIn>
    <p0826-teimww:text knoraType="richtext_value">[Pursenet:] [...]&lt;span class="quote"&gt; heed away like a Chrism.&lt;/span&gt;</p0826-teimww:text>
  </p0826-teimww:passage>
  <p0826-teimww:passage id="ww_6267258033e00d89">
    <knoraXmlImport:label>passage label</knoraXmlImport:label>
    <p0826-teimww:occursIn>
      <p0826-teimww:book knoraType="link_value" linkType="ref" target="ww_abbc162fcc9b8163"/>
    </p0826-teimww:occursIn>
    <p0826-teimww:text knoraType="richtext_value">[Old Lord:] And he is welcome, what sudden gust (my Son) in haste hath blown thee hither, and made thee leave the Court, where so many &lt;span class="quote"&gt;earth-treading stars &lt;/span&gt;adorns the sky of state?</p0826-teimww:text>
  </p0826-teimww:passage>
  <p0826-teimww:passage id="ww_de5108e383651853">
    <knoraXmlImport:label>passage label</knoraXmlImport:label>
    <p0826-teimww:occursIn>
      <p0826-teimww:book knoraType="link_value" linkType="ref" target="ww_8129680c1895eb54"/>
    </p0826-teimww:occursIn>
    <p0826-teimww:text knoraType="richtext_value">[Valerius:] Let her body be long, and her back be strong, &lt;br&gt;
With a soft lip that entangles, &lt;br&gt;
With &lt;span class="quote"&gt;an ivory breast, &lt;/span&gt;and her hair well dressed, &lt;br&gt;
Without gold lace or spangles. </p0826-teimww:text>
  </p0826-teimww:passage>
  <p0826-teimww:passage id="ww_f89055cb4d8772c1">
    <knoraXmlImport:label>passage label</knoraXmlImport:label>
    <p0826-teimww:occursIn>
      <p0826-teimww:book knoraType="link_value" linkType="ref" target="ww_1140c36ab545b6d8"/>
    </p0826-teimww:occursIn>
  </p0826-teimww:passage>
  <p0826-teimww:passage id="ww_57915cc27f4a82c1">
    <knoraXmlImport:label>passage label</knoraXmlImport:label>
    <p0826-teimww:occursIn>
      <p0826-teimww:book knoraType="link_value" linkType="ref" target="ww_ad347c17c733512d"/>
    </p0826-teimww:occursIn>
    <p0826-teimww:text knoraType="richtext_value">[Octavio:] Tut, &lt;span class="quote"&gt;lovers' oaths, like toys writ down in sands &lt;br&gt;
Are soon blown o'er, contracts are common wiles, &lt;br&gt;
T'entangle fools, Jove himself sits and smiles &lt;br&gt;
At lovers' perjuries &lt;/span&gt;[...].</p0826-teimww:text>
  </p0826-teimww:passage>
  <p0826-teimww:passage id="ww_1ccf3aa8d38b278b">
    <knoraXmlImport:label>passage label</knoraXmlImport:label>
    <p0826-teimww:occursIn>
      <p0826-teimww:book knoraType="link_value" linkType="ref" target="ww_b8eaca27cf9698df"/>
    </p0826-teimww:occursIn>
    <p0826-teimww:text knoraType="richtext_value">[3rd Fisherman:] Master, I marvel how the fishes live in the sea. &lt;br&gt;
[1st Fisherman:] &lt;span class="quote"&gt;Why, as men do a-land: the great ones eat up the little ones.&lt;/span&gt;</p0826-teimww:text>
  </p0826-teimww:passage>
  <p0826-teimww:passage id="ww_f0e4827cfa25e60d">
    <knoraXmlImport:label>passage label</knoraXmlImport:label>
    <p0826-teimww:occursIn>
      <p0826-teimww:book knoraType="link_value" linkType="ref" target="ww_1140c36ab545b6d8"/>
    </p0826-teimww:occursIn>
  </p0826-teimww:passage>
  <p0826-teimww:passage id="ww_33b27ca38de2abc6">
    <knoraXmlImport:label>passage label</knoraXmlImport:label>
    <p0826-teimww:occursIn>
      <p0826-teimww:book knoraType="link_value" linkType="ref" target="ww_1bfa3812390e9c05"/>
    </p0826-teimww:occursIn>
    <p0826-teimww:text knoraType="richtext_value">[Coriolanus:] [...] O, a kiss&lt;br&gt;
Long as my exile, sweet as my revenge! &lt;br&gt;
Now, by the jealous queen of heaven, &lt;span class="quote"&gt;that kiss &lt;br&gt;
I carried from thee, dear, and my true lip &lt;br&gt;
Hath virgined it e'er since. &lt;/span&gt;</p0826-teimww:text>
  </p0826-teimww:passage>
  <p0826-teimww:passage id="ww_a97629962d036ba6">
    <knoraXmlImport:label>passage label</knoraXmlImport:label>
    <p0826-teimww:occursIn>
      <p0826-teimww:book knoraType="link_value" linkType="ref" target="ww_1140c36ab545b6d8"/>
    </p0826-teimww:occursIn>
  </p0826-teimww:passage>
  <p0826-teimww:passage id="ww_8f812824b0e9251a">
    <knoraXmlImport:label>passage label</knoraXmlImport:label>
    <p0826-teimww:occursIn>
      <p0826-teimww:book knoraType="link_value" linkType="ref" target="ww_1bfa3812390e9c05"/>
    </p0826-teimww:occursIn>
    <p0826-teimww:text knoraType="richtext_value">[Cominius:] [...] &lt;span class="quote"&gt;He was a thing of blood &lt;/span&gt;[...].</p0826-teimww:text>
  </p0826-teimww:passage>
  <p0826-teimww:passage id="ww_5272aec6907291f8">
    <knoraXmlImport:label>passage label</knoraXmlImport:label>
    <p0826-teimww:occursIn>
      <p0826-teimww:book knoraType="link_value" linkType="ref" target="ww_606a583dffc5ec3a"/>
    </p0826-teimww:occursIn>
    <p0826-teimww:text knoraType="richtext_value">[Henry:] His hands are ominous, &lt;span class="quote"&gt;not the throats of Ravens, &lt;br&gt;
Spent on infected house &lt;/span&gt;[...].</p0826-teimww:text>
  </p0826-teimww:passage>
  <p0826-teimww:passage id="ww_541b77de7b605006">
    <knoraXmlImport:label>passage label</knoraXmlImport:label>
    <p0826-teimww:occursIn>
      <p0826-teimww:book knoraType="link_value" linkType="ref" target="ww_606a583dffc5ec3a"/>
    </p0826-teimww:occursIn>
    <p0826-teimww:text knoraType="richtext_value">[D’Auvergne:] &lt;span class="quote"&gt;No more viewed than the wallet of their faults.&lt;/span&gt;</p0826-teimww:text>
  </p0826-teimww:passage>
  <p0826-teimww:passage id="ww_55131ad18e9734d6">
    <knoraXmlImport:label>passage label</knoraXmlImport:label>
    <p0826-teimww:occursIn>
      <p0826-teimww:book knoraType="link_value" linkType="ref" target="ww_a95fc6769d25de8a"/>
    </p0826-teimww:occursIn>
    <p0826-teimww:text knoraType="richtext_value">[Captain:] And to make this no less than an Ostent; &lt;br&gt;
Another that hath fortun'd since, confirms it:  &lt;br&gt;
Your &lt;span class="quote"&gt;goodly horse &lt;i&gt; Pastrana&lt;/i&gt;&lt;/span&gt; , which the Archduke, &lt;br&gt;
Gave you at Brussels; in the very hour,  &lt;br&gt;
You left your strength, fell mad, and killed himself; &lt;br&gt; 
The like chanc'd to the horse the great duke sent you: &lt;br&gt;
And, with both these, the horse the duke of Lorraine, &lt;br&gt;
Sent you at, &lt;i&gt; Vimie &lt;/i&gt; made a third presage, [...] &lt;br&gt;
Who like the other pin'd away and died. &lt;br&gt;
[Byron:] [...]The matchless Earl of &lt;i&gt; Essex &lt;/i&gt; who some make, &lt;br&gt;
(In their most sure divinings of my death) &lt;br&gt;
A parallel with me in life and fortune, &lt;br&gt;
Had one horse likewise that the very hour, &lt;br&gt; 
He sufferd death, (being well the night before) &lt;br&gt;
Died in his pasture.</p0826-teimww:text>
  </p0826-teimww:passage>
  <p0826-teimww:passage id="ww_149747e5a4fee840">
    <knoraXmlImport:label>passage label</knoraXmlImport:label>
    <p0826-teimww:occursIn>
      <p0826-teimww:book knoraType="link_value" linkType="ref" target="ww_d07c9febda3841a4"/>
    </p0826-teimww:occursIn>
    <p0826-teimww:text knoraType="richtext_value">[William Smallshank:] [...] Hark, &lt;span class="quote"&gt;he stirreth not, he moveth not, he waggeth not&lt;/span&gt; [...].</p0826-teimww:text>
  </p0826-teimww:passage>
  <p0826-teimww:passage id="ww_15fb09ba2e891c3f">
    <knoraXmlImport:label>passage label</knoraXmlImport:label>
    <p0826-teimww:occursIn>
      <p0826-teimww:book knoraType="link_value" linkType="ref" target="ww_1140c36ab545b6d8"/>
    </p0826-teimww:occursIn>
  </p0826-teimww:passage>
  <p0826-teimww:passage id="ww_5117f9d49cebe179">
    <knoraXmlImport:label>passage label</knoraXmlImport:label>
    <p0826-teimww:occursIn>
      <p0826-teimww:book knoraType="link_value" linkType="ref" target="ww_1bfa3812390e9c05"/>
    </p0826-teimww:occursIn>
    <p0826-teimww:text knoraType="richtext_value">[Coriolanus:] [...]&lt;span class="quote"&gt; The beast &lt;br/&gt;
With many heads &lt;/span&gt;butts me away.</p0826-teimww:text>
  </p0826-teimww:passage>
  <p0826-teimww:passage id="ww_4efd8b6f8e9994fe">
    <knoraXmlImport:label>passage label</knoraXmlImport:label>
    <p0826-teimww:occursIn>
      <p0826-teimww:book knoraType="link_value" linkType="ref" target="ww_6e666f6effc63da3"/>
    </p0826-teimww:occursIn>
    <p0826-teimww:text knoraType="richtext_value">[Captain Pout:] Oh, now &lt;span class="quote"&gt;I understand you, and you stand over me, &lt;br&gt;&lt;/span&gt;
My hurts are not mortal, but you have the better [...].</p0826-teimww:text>
  </p0826-teimww:passage>
  <p0826-teimww:passage id="ww_a0755e91d4b611a6">
    <knoraXmlImport:label>passage label</knoraXmlImport:label>
    <p0826-teimww:occursIn>
      <p0826-teimww:book knoraType="link_value" linkType="ref" target="ww_b5ea9b35c899d367"/>
    </p0826-teimww:occursIn>
  </p0826-teimww:passage>
  <p0826-teimww:passage id="ww_3520dc49cd6ec6b7">
    <knoraXmlImport:label>passage label</knoraXmlImport:label>
    <p0826-teimww:occursIn>
      <p0826-teimww:book knoraType="link_value" linkType="ref" target="ww_6e666f6effc63da3"/>
    </p0826-teimww:occursIn>
    <p0826-teimww:text knoraType="richtext_value">[Captain Pout:] But did &lt;span class="quote"&gt;that little, old dried Neat's tongue, that Eel-skin &lt;/span&gt;get him?</p0826-teimww:text>
  </p0826-teimww:passage>
  <p0826-teimww:passage id="ww_0879372f3232468a">
    <knoraXmlImport:label>passage label</knoraXmlImport:label>
    <p0826-teimww:occursIn>
      <p0826-teimww:book knoraType="link_value" linkType="ref" target="ww_b5ea9b35c899d367"/>
    </p0826-teimww:occursIn>
  </p0826-teimww:passage>
  <p0826-teimww:passage id="ww_d4b1fde1f4983c59">
    <knoraXmlImport:label>passage label</knoraXmlImport:label>
    <p0826-teimww:occursIn>
      <p0826-teimww:book knoraType="link_value" linkType="ref" target="ww_6e666f6effc63da3"/>
    </p0826-teimww:occursIn>
    <p0826-teimww:text knoraType="richtext_value">[Pendant:] &lt;span class="quote"&gt;Nature herself having made you, fell sick&lt;br&gt;
In love with her own work, &lt;/span&gt;and can no more &lt;br&gt;
Make man so lovely, being diseased with love. </p0826-teimww:text>
  </p0826-teimww:passage>
  <p0826-teimww:passage id="ww_0a6bdce660280081">
    <knoraXmlImport:label>passage label</knoraXmlImport:label>
    <p0826-teimww:occursIn>
      <p0826-teimww:book knoraType="link_value" linkType="ref" target="ww_b5ea9b35c899d367"/>
    </p0826-teimww:occursIn>
  </p0826-teimww:passage>
  <p0826-teimww:passage id="ww_a301aa3e63d4667b">
    <knoraXmlImport:label>passage label</knoraXmlImport:label>
    <p0826-teimww:occursIn>
      <p0826-teimww:book knoraType="link_value" linkType="ref" target="ww_df2b8c2f18df151a"/>
    </p0826-teimww:occursIn>
  </p0826-teimww:passage>
  <p0826-teimww:passage id="ww_e22040576cc23978">
    <knoraXmlImport:label>passage label</knoraXmlImport:label>
    <p0826-teimww:occursIn>
      <p0826-teimww:book knoraType="link_value" linkType="ref" target="ww_6e666f6effc63da3"/>
    </p0826-teimww:occursIn>
    <p0826-teimww:text knoraType="richtext_value">For I tell thee Reader, if thou be'st ignorant, a Play is not so idle a thing as thou art, but  perfect or imperfect, true or false, &lt;span class="quote"&gt;a Mirror of men's lives&lt;/span&gt; and actions: now, be it perfect or imperfect, true or false, is the Vice or Virtue of the Maker.</p0826-teimww:text>
  </p0826-teimww:passage>
  <p0826-teimww:passage id="ww_a92f8fc45324e34e">
    <knoraXmlImport:label>passage label</knoraXmlImport:label>
    <p0826-teimww:occursIn>
      <p0826-teimww:book knoraType="link_value" linkType="ref" target="ww_b5ea9b35c899d367"/>
    </p0826-teimww:occursIn>
  </p0826-teimww:passage>
  <p0826-teimww:passage id="ww_3cb51ae0bb91f89b">
    <knoraXmlImport:label>passage label</knoraXmlImport:label>
    <p0826-teimww:occursIn>
      <p0826-teimww:book knoraType="link_value" linkType="ref" target="ww_845605cc93b1ec3d"/>
    </p0826-teimww:occursIn>
    <p0826-teimww:text knoraType="richtext_value">Likewise most affable Lady, kind and debonair, the second of the first which I saucely salute, pardon I pray you the boldness of a Beggar, who&lt;span class="quote"&gt; hath been writ down for an Ass &lt;/span&gt;in his time, &amp; pleads under &lt;i&gt;forma pauperis&lt;/i&gt; in it still, notwithstanding his Constableship and Office. </p0826-teimww:text>
  </p0826-teimww:passage>
  <p0826-teimww:passage id="ww_d41392c82e4c19c8">
    <knoraXmlImport:label>passage label</knoraXmlImport:label>
    <p0826-teimww:occursIn>
      <p0826-teimww:book knoraType="link_value" linkType="ref" target="ww_1140c36ab545b6d8"/>
    </p0826-teimww:occursIn>
  </p0826-teimww:passage>
  <p0826-teimww:passage id="ww_fe41f422e3d024f1">
    <knoraXmlImport:label>passage label</knoraXmlImport:label>
    <p0826-teimww:occursIn>
      <p0826-teimww:book knoraType="link_value" linkType="ref" target="ww_6e666f6effc63da3"/>
    </p0826-teimww:occursIn>
    <p0826-teimww:text knoraType="richtext_value">[Scudamore:] I am come to speak, &lt;br&gt;
and speak I will freely, and to bring back&lt;br&gt;
Your Letters, and such things you sent; and then, &lt;br&gt;
I'll never see those deceiving eyes again. &lt;br&gt;
[Bellafront:] &lt;span class="quote"&gt;I am sick of my corruption&lt;/span&gt;, &lt;br&gt;
For Godsake do not speak a word more to me. &lt;br&gt;
[Scudamore:] Not speak, yes woman, I will roar aloud, &lt;br&gt;
Call thee the falsest fair that ever breath'd, &lt;br&gt;
Tell thee, that in this marriage, thou hast drown'd &lt;br&gt;
All virtue, left to credit thy weak sex, &lt;br&gt;
which being (as t'were) committed to thy trust, &lt;br&gt;
Thou traitorously hast betrayed it thus. [...] &lt;br&gt;
[Bellafront:] &lt;span class="quote"&gt;Oh peace, for you speak sharpness to my soul &lt;br&gt;&lt;/span&gt;
More tortuous, than hell's plagues to the damn'd […]. &lt;br&gt;
[...] &lt;span class="quote"&gt;Oh thy dear words have knocked at my heart's gates, &lt;br&gt;
and entered: They have plucked the Devil's Vizor [...]. &lt;/span&gt;</p0826-teimww:text>
  </p0826-teimww:passage>
  <p0826-teimww:passage id="ww_2f0728d7639675eb">
    <knoraXmlImport:label>passage label</knoraXmlImport:label>
    <p0826-teimww:occursIn>
      <p0826-teimww:book knoraType="link_value" linkType="ref" target="ww_b5ea9b35c899d367"/>
    </p0826-teimww:occursIn>
  </p0826-teimww:passage>
  <p0826-teimww:passage id="ww_21e104c1f47f901f">
    <knoraXmlImport:label>passage label</knoraXmlImport:label>
    <p0826-teimww:occursIn>
      <p0826-teimww:book knoraType="link_value" linkType="ref" target="ww_e256bd14313d2841"/>
    </p0826-teimww:occursIn>
  </p0826-teimww:passage>
  <p0826-teimww:passage id="ww_a160e80e730e8411">
    <knoraXmlImport:label>passage label</knoraXmlImport:label>
    <p0826-teimww:occursIn>
      <p0826-teimww:book knoraType="link_value" linkType="ref" target="ww_df2b8c2f18df151a"/>
    </p0826-teimww:occursIn>
  </p0826-teimww:passage>
  <p0826-teimww:passage id="ww_6d8b7297e9f60417">
    <knoraXmlImport:label>passage label</knoraXmlImport:label>
    <p0826-teimww:occursIn>
      <p0826-teimww:book knoraType="link_value" linkType="ref" target="ww_6e666f6effc63da3"/>
    </p0826-teimww:occursIn>
    <p0826-teimww:text knoraType="richtext_value">[Captain:] I see now how I am cheated. Love him well; &lt;br&gt;
He has redeem'd your honour with his sword, &lt;br&gt;
[Sir John Worldly:] But where is &lt;i&gt;Strange&lt;/i&gt;, my son, oh were he here,&lt;br&gt;
He should be married new to make all sure.&lt;br&gt;
[Katherine:] &lt;span class="quote"&gt;Oh, my Divining Spirit&lt;/span&gt;, he's gone to Sea!</p0826-teimww:text>
  </p0826-teimww:passage>
  <p0826-teimww:passage id="ww_83310160dd67679c">
    <knoraXmlImport:label>passage label</knoraXmlImport:label>
    <p0826-teimww:occursIn>
      <p0826-teimww:book knoraType="link_value" linkType="ref" target="ww_b5ea9b35c899d367"/>
    </p0826-teimww:occursIn>
  </p0826-teimww:passage>
  <p0826-teimww:passage id="ww_34e29a7ae0642315">
    <knoraXmlImport:label>passage label</knoraXmlImport:label>
    <p0826-teimww:occursIn>
      <p0826-teimww:book knoraType="link_value" linkType="ref" target="ww_6e666f6effc63da3"/>
    </p0826-teimww:occursIn>
    <p0826-teimww:text knoraType="richtext_value">[Bellafront:] Oh Basilisk, remove thee from my sight, &lt;br&gt;
Or thy heart's blood shall pay thy rash attempt. &lt;br&gt;
&lt;span class="quote"&gt;Ho, Who attends us there? &lt;/span&gt;&lt;br&gt;
[Scudmore:] Stir not a foot, &lt;br&gt;
And stop your clamorous acclamations, &lt;br&gt;
Or by the bitterness of my fresh wrongs, &lt;br&gt;
I'll send your Ladyship to the Devil quick [...].</p0826-teimww:text>
  </p0826-teimww:passage>
  <p0826-teimww:passage id="ww_008609b7bf5aa05c">
    <knoraXmlImport:label>passage label</knoraXmlImport:label>
    <p0826-teimww:occursIn>
      <p0826-teimww:book knoraType="link_value" linkType="ref" target="ww_b5ea9b35c899d367"/>
    </p0826-teimww:occursIn>
  </p0826-teimww:passage>
  <p0826-teimww:passage id="ww_6cd0e827dbdd03f0">
    <knoraXmlImport:label>passage label</knoraXmlImport:label>
    <p0826-teimww:occursIn>
      <p0826-teimww:book knoraType="link_value" linkType="ref" target="ww_6e666f6effc63da3"/>
    </p0826-teimww:occursIn>
    <p0826-teimww:text knoraType="richtext_value">[Wagtail:] Why, what amends will you make me, can you give me &lt;span class="quote"&gt;some sum of money to marry me to some Tradesman, &lt;/span&gt;as the play says?</p0826-teimww:text>
  </p0826-teimww:passage>
  <p0826-teimww:passage id="ww_cd00b1650af5f9f0">
    <knoraXmlImport:label>passage label</knoraXmlImport:label>
    <p0826-teimww:occursIn>
      <p0826-teimww:book knoraType="link_value" linkType="ref" target="ww_df2b8c2f18df151a"/>
    </p0826-teimww:occursIn>
  </p0826-teimww:passage>
  <p0826-teimww:passage id="ww_34090a8a24eb1ef3">
    <knoraXmlImport:label>passage label</knoraXmlImport:label>
    <p0826-teimww:occursIn>
      <p0826-teimww:book knoraType="link_value" linkType="ref" target="ww_6e666f6effc63da3"/>
    </p0826-teimww:occursIn>
    <p0826-teimww:text knoraType="richtext_value">[Captain Pout:] God-a-mercy, zounds, &lt;span class="quote"&gt;methinks I see myself in &lt;i&gt;Moorfields&lt;/i&gt;, upon a wooden leg, begging threepence&lt;/span&gt;.</p0826-teimww:text>
  </p0826-teimww:passage>
  <p0826-teimww:passage id="ww_eccaf37502623616">
    <knoraXmlImport:label>passage label</knoraXmlImport:label>
    <p0826-teimww:occursIn>
      <p0826-teimww:book knoraType="link_value" linkType="ref" target="ww_df2b8c2f18df151a"/>
    </p0826-teimww:occursIn>
  </p0826-teimww:passage>
  <p0826-teimww:passage id="ww_1a1ad0336669f166">
    <knoraXmlImport:label>passage label</knoraXmlImport:label>
    <p0826-teimww:occursIn>
      <p0826-teimww:book knoraType="link_value" linkType="ref" target="ww_601ea37650b7df8c"/>
    </p0826-teimww:occursIn>
  </p0826-teimww:passage>
  <p0826-teimww:passage id="ww_dac7069d52e1a40d">
    <knoraXmlImport:label>passage label</knoraXmlImport:label>
    <p0826-teimww:occursIn>
      <p0826-teimww:book knoraType="link_value" linkType="ref" target="ww_6e666f6effc63da3"/>
    </p0826-teimww:occursIn>
    <p0826-teimww:text knoraType="richtext_value">[Pendant:] They say every woman has &lt;span class="quote"&gt;a Spring to catch a Woodcock, &lt;/span&gt;remember my instructions, and let me see &lt;span class="quote"&gt;what a Paradise thou canst bring this fool into.&lt;/span&gt;</p0826-teimww:text>
  </p0826-teimww:passage>
  <p0826-teimww:passage id="ww_8bb549710708cfdc">
    <knoraXmlImport:label>passage label</knoraXmlImport:label>
    <p0826-teimww:occursIn>
      <p0826-teimww:book knoraType="link_value" linkType="ref" target="ww_df2b8c2f18df151a"/>
    </p0826-teimww:occursIn>
  </p0826-teimww:passage>
  <p0826-teimww:passage id="ww_4c282bee2e5f6e72">
    <knoraXmlImport:label>passage label</knoraXmlImport:label>
    <p0826-teimww:occursIn>
      <p0826-teimww:book knoraType="link_value" linkType="ref" target="ww_6e666f6effc63da3"/>
    </p0826-teimww:occursIn>
    <p0826-teimww:text knoraType="richtext_value">[Mistress Wagtail:] &lt;span class="quote"&gt;Oh, thy very name,&lt;br&gt;
Like to a Hatchet cleaves my heart in twain,&lt;/span&gt;&lt;br&gt;
When first I saw thee in those little Breeches,&lt;br&gt;
I laugh'd for joy, but when I heard thy speeches,&lt;br&gt;
I smiled downright [...].</p0826-teimww:text>
  </p0826-teimww:passage>
  <p0826-teimww:passage id="ww_67ecca303d9f5404">
    <knoraXmlImport:label>passage label</knoraXmlImport:label>
    <p0826-teimww:occursIn>
      <p0826-teimww:book knoraType="link_value" linkType="ref" target="ww_2d0eea6c7b8afc36"/>
    </p0826-teimww:occursIn>
    <p0826-teimww:text knoraType="richtext_value">&lt;span class="quote"&gt;(A bed drawn forth with Rousard).&lt;/span&gt;</p0826-teimww:text>
  </p0826-teimww:passage>
  <p0826-teimww:passage id="ww_ef68002ece256bad">
    <knoraXmlImport:label>passage label</knoraXmlImport:label>
    <p0826-teimww:occursIn>
      <p0826-teimww:book knoraType="link_value" linkType="ref" target="ww_2d0eea6c7b8afc36"/>
    </p0826-teimww:occursIn>
    <p0826-teimww:text knoraType="richtext_value">[Fresco:] Good my lord, her rent is great.&lt;br&gt;
The good gentlewoman has no other thing&lt;br&lt;
To live by her lodgings; so she's forc'd&lt;br&gt;
To let her fore-rooms out to others, and&lt;br&gt;
Herself contented &lt;span class="quote"&gt;to lie backwards.&lt;/span&gt;</p0826-teimww:text>
  </p0826-teimww:passage>
  <p0826-teimww:passage id="ww_201ffde06bfd28bd">
    <knoraXmlImport:label>passage label</knoraXmlImport:label>
    <p0826-teimww:occursIn>
      <p0826-teimww:book knoraType="link_value" linkType="ref" target="ww_2d0eea6c7b8afc36"/>
    </p0826-teimww:occursIn>
    <p0826-teimww:text knoraType="richtext_value">[First Judge:] His lordship did but &lt;span class="quote"&gt;paint a rotten post,&lt;br&gt;&lt;/span&gt;
Or cover foulness fairly.</p0826-teimww:text>
  </p0826-teimww:passage>
  <p0826-teimww:passage id="ww_ac4f12b209d8ac62">
    <knoraXmlImport:label>passage label</knoraXmlImport:label>
    <p0826-teimww:occursIn>
      <p0826-teimww:book knoraType="link_value" linkType="ref" target="ww_2d0eea6c7b8afc36"/>
    </p0826-teimww:occursIn>
    <p0826-teimww:text knoraType="richtext_value">[D'Amville:] Judgment, judgment!&lt;br&gt;
[Second Judge:] Judgment, my lord, in what?&lt;br&gt;
[D'Amville:] &lt;span class="quote"&gt;Your judgments must resolve me in a case.&lt;/span&gt;</p0826-teimww:text>
  </p0826-teimww:passage>
  <p0826-teimww:passage id="ww_5a22984900c5141b">
    <knoraXmlImport:label>passage label</knoraXmlImport:label>
    <p0826-teimww:occursIn>
      <p0826-teimww:book knoraType="link_value" linkType="ref" target="ww_5eeeb3e78e8b0bc3"/>
    </p0826-teimww:occursIn>
  </p0826-teimww:passage>
  <p0826-teimww:passage id="ww_ea7ca14a0547d4ea">
    <knoraXmlImport:label>passage label</knoraXmlImport:label>
    <p0826-teimww:occursIn>
      <p0826-teimww:book knoraType="link_value" linkType="ref" target="ww_0103dc75cd6d8928"/>
    </p0826-teimww:occursIn>
    <p0826-teimww:text knoraType="richtext_value">[Arviragus:] [...] The ruddock would &lt;br&gt;
With charitable bill - O bill, sore shaming &lt;br&gt;
Those rich-left heirs that let their fathers lie &lt;br&gt;
&lt;span class="quote"&gt;Without a monument - bring thee all this, &lt;br&gt;
Yea, and furred moss besides, when flowers are none &lt;br&gt;
To winter-ground thy corse.&lt;/span&gt;</p0826-teimww:text>
  </p0826-teimww:passage>
  <p0826-teimww:passage id="ww_0527b0b3f8c6d6fa">
    <knoraXmlImport:label>passage label</knoraXmlImport:label>
    <p0826-teimww:occursIn>
      <p0826-teimww:book knoraType="link_value" linkType="ref" target="ww_1140c36ab545b6d8"/>
    </p0826-teimww:occursIn>
  </p0826-teimww:passage>
  <p0826-teimww:passage id="ww_24b7c604180c4981">
    <knoraXmlImport:label>passage label</knoraXmlImport:label>
    <p0826-teimww:occursIn>
      <p0826-teimww:book knoraType="link_value" linkType="ref" target="ww_90bb6791f9507246"/>
    </p0826-teimww:occursIn>
    <p0826-teimww:text knoraType="richtext_value">[Count Feesimple:] &lt;span class="quote"&gt;Oh, oh, oh, a pox o' this cold!&lt;br&gt;&lt;/span&gt;
[Welltried:] &lt;span class="quote"&gt;A cold o' this pox you might say, &lt;/span&gt;I am afeared.</p0826-teimww:text>
  </p0826-teimww:passage>
  <p0826-teimww:passage id="ww_1b690de95722b7ca">
    <knoraXmlImport:label>passage label</knoraXmlImport:label>
    <p0826-teimww:occursIn>
      <p0826-teimww:book knoraType="link_value" linkType="ref" target="ww_b5ea9b35c899d367"/>
    </p0826-teimww:occursIn>
  </p0826-teimww:passage>
  <p0826-teimww:passage id="ww_d2b35cac54c85989">
    <knoraXmlImport:label>passage label</knoraXmlImport:label>
    <p0826-teimww:occursIn>
      <p0826-teimww:book knoraType="link_value" linkType="ref" target="ww_0103dc75cd6d8928"/>
    </p0826-teimww:occursIn>
    <p0826-teimww:text knoraType="richtext_value">[Belarius:] [...] Stoop, boys. This gate &lt;br&gt;
Instructs you how t'adore the heavens and bows you &lt;br&gt;
To a morning's holy office. &lt;span class="quote"&gt;The gates of monarchs &lt;br&gt;
Are arched so high that giants may jet through &lt;br&gt;
And keep their impious turbans on, without &lt;br&gt;
Good morrow to the sun.&lt;/span&gt;</p0826-teimww:text>
  </p0826-teimww:passage>
  <p0826-teimww:passage id="ww_e11b1c394bc38375">
    <knoraXmlImport:label>passage label</knoraXmlImport:label>
    <p0826-teimww:occursIn>
      <p0826-teimww:book knoraType="link_value" linkType="ref" target="ww_1140c36ab545b6d8"/>
    </p0826-teimww:occursIn>
  </p0826-teimww:passage>
  <p0826-teimww:passage id="ww_bf28eebcdda14855">
    <knoraXmlImport:label>passage label</knoraXmlImport:label>
    <p0826-teimww:occursIn>
      <p0826-teimww:book knoraType="link_value" linkType="ref" target="ww_2d0eea6c7b8afc36"/>
    </p0826-teimww:occursIn>
    <p0826-teimww:text knoraType="richtext_value">[Sebastian:] [...] Let the chambers be matted, &lt;span class="quote"&gt;the hinges oiled, &lt;/span&gt;the curtain rings silenced, and the chamber-maid hold her peace at his own request, that he may sleep the quietlier [...].</p0826-teimww:text>
  </p0826-teimww:passage>
  <p0826-teimww:passage id="ww_d5af96e31e22c342">
    <knoraXmlImport:label>passage label</knoraXmlImport:label>
    <p0826-teimww:occursIn>
      <p0826-teimww:book knoraType="link_value" linkType="ref" target="ww_5eeeb3e78e8b0bc3"/>
    </p0826-teimww:occursIn>
  </p0826-teimww:passage>
  <p0826-teimww:passage id="ww_fb8bd70948d2fa9d">
    <knoraXmlImport:label>passage label</knoraXmlImport:label>
    <p0826-teimww:occursIn>
      <p0826-teimww:book knoraType="link_value" linkType="ref" target="ww_80345b61ea7ec44a"/>
    </p0826-teimww:occursIn>
    <p0826-teimww:text knoraType="richtext_value">[Rowland:] Let's remove our places. &lt;br&gt;
&lt;span class="quote"&gt;Swear it again.&lt;/span&gt;</p0826-teimww:text>
  </p0826-teimww:passage>
  <p0826-teimww:passage id="ww_22d4280acf786304">
    <knoraXmlImport:label>passage label</knoraXmlImport:label>
    <p0826-teimww:occursIn>
      <p0826-teimww:book knoraType="link_value" linkType="ref" target="ww_1140c36ab545b6d8"/>
    </p0826-teimww:occursIn>
  </p0826-teimww:passage>
  <p0826-teimww:passage id="ww_5c5ada0509bc7cf2">
    <knoraXmlImport:label>passage label</knoraXmlImport:label>
    <p0826-teimww:occursIn>
      <p0826-teimww:book knoraType="link_value" linkType="ref" target="ww_2d0eea6c7b8afc36"/>
    </p0826-teimww:occursIn>
    <p0826-teimww:text knoraType="richtext_value">&lt;span class="quote"&gt;the close Curtains of the Night &lt;/span&gt;</p0826-teimww:text>
  </p0826-teimww:passage>
  <p0826-teimww:passage id="ww_1543105365bb8b24">
    <knoraXmlImport:label>passage label</knoraXmlImport:label>
    <p0826-teimww:occursIn>
      <p0826-teimww:book knoraType="link_value" linkType="ref" target="ww_1140c36ab545b6d8"/>
    </p0826-teimww:occursIn>
  </p0826-teimww:passage>
  <p0826-teimww:passage id="ww_61d56a431d12a73c">
    <knoraXmlImport:label>passage label</knoraXmlImport:label>
    <p0826-teimww:occursIn>
      <p0826-teimww:book knoraType="link_value" linkType="ref" target="ww_d96c27106919cc24"/>
    </p0826-teimww:occursIn>
    <p0826-teimww:text knoraType="richtext_value">[Face:] […] He has made a table, &lt;br&gt;
With &lt;span class="quote"&gt;Mathematical demonstrations, &lt;br&gt;
Touching the Art of quarrells.&lt;/span&gt;</p0826-teimww:text>
  </p0826-teimww:passage>
  <p0826-teimww:passage id="ww_6b601632a639190a">
    <knoraXmlImport:label>passage label</knoraXmlImport:label>
    <p0826-teimww:occursIn>
      <p0826-teimww:book knoraType="link_value" linkType="ref" target="ww_d0062b214b9d3402"/>
    </p0826-teimww:occursIn>
  </p0826-teimww:passage>
  <p0826-teimww:passage id="ww_83ff37174ffea0f1">
    <knoraXmlImport:label>passage label</knoraXmlImport:label>
    <p0826-teimww:occursIn>
      <p0826-teimww:book knoraType="link_value" linkType="ref" target="ww_90bb6791f9507246"/>
    </p0826-teimww:occursIn>
    <p0826-teimww:text knoraType="richtext_value">[Feesimple:] &lt;span class="quote"&gt;One and thirty good-morrows&lt;/span&gt; to the fairest, wisest, richest Widow, &lt;span class="quote"&gt;that ever conversation coped withal&lt;/span&gt;. &lt;br&gt;
[Widow:] Three score and two unto the wisest Lord, &lt;br&gt;
That ever was train'd in university.</p0826-teimww:text>
  </p0826-teimww:passage>
  <p0826-teimww:passage id="ww_e589ecd6357b669f">
    <knoraXmlImport:label>passage label</knoraXmlImport:label>
    <p0826-teimww:occursIn>
      <p0826-teimww:book knoraType="link_value" linkType="ref" target="ww_b5ea9b35c899d367"/>
    </p0826-teimww:occursIn>
  </p0826-teimww:passage>
  <p0826-teimww:passage id="ww_f4de19a37e2802e2">
    <knoraXmlImport:label>passage label</knoraXmlImport:label>
    <p0826-teimww:occursIn>
      <p0826-teimww:book knoraType="link_value" linkType="ref" target="ww_df2b8c2f18df151a"/>
    </p0826-teimww:occursIn>
  </p0826-teimww:passage>
  <p0826-teimww:passage id="ww_a3ee2d72c7c254d0">
    <knoraXmlImport:label>passage label</knoraXmlImport:label>
    <p0826-teimww:occursIn>
      <p0826-teimww:book knoraType="link_value" linkType="ref" target="ww_2d0eea6c7b8afc36"/>
    </p0826-teimww:occursIn>
    <p0826-teimww:text knoraType="richtext_value">[D'Amville:] [...] Observ'st thou not the very self same course &lt;br&gt;
Of revolution both in man and beast? [...] &lt;br&gt;
[Borachio:] &lt;span class="quote"&gt;That revolution is too short methinks.&lt;/span&gt;</p0826-teimww:text>
  </p0826-teimww:passage>
  <p0826-teimww:passage id="ww_e3240da70b9570e9">
    <knoraXmlImport:label>passage label</knoraXmlImport:label>
    <p0826-teimww:occursIn>
      <p0826-teimww:book knoraType="link_value" linkType="ref" target="ww_5eeeb3e78e8b0bc3"/>
    </p0826-teimww:occursIn>
  </p0826-teimww:passage>
  <p0826-teimww:passage id="ww_7c63cd5cdf7c7a11">
    <knoraXmlImport:label>passage label</knoraXmlImport:label>
    <p0826-teimww:occursIn>
      <p0826-teimww:book knoraType="link_value" linkType="ref" target="ww_663bc260dc952b96"/>
    </p0826-teimww:occursIn>
    <p0826-teimww:text knoraType="richtext_value">[King:] O God, that one might read the book of fate &lt;br&gt;
And see &lt;span class="quote"&gt;the revolution of the times &lt;br&gt;
Make mountains level &lt;/span&gt;[...].</p0826-teimww:text>
  </p0826-teimww:passage>
  <p0826-teimww:passage id="ww_55fa12937138d44f">
    <knoraXmlImport:label>passage label</knoraXmlImport:label>
    <p0826-teimww:occursIn>
      <p0826-teimww:book knoraType="link_value" linkType="ref" target="ww_5eeeb3e78e8b0bc3"/>
    </p0826-teimww:occursIn>
  </p0826-teimww:passage>
  <p0826-teimww:passage id="ww_9f754e8c7159cd79">
    <knoraXmlImport:label>passage label</knoraXmlImport:label>
    <p0826-teimww:occursIn>
      <p0826-teimww:book knoraType="link_value" linkType="ref" target="ww_2d0eea6c7b8afc36"/>
    </p0826-teimww:occursIn>
    <p0826-teimww:text knoraType="richtext_value">[D'Amville:] [...] perhaps I should &lt;br&gt;
Desire no more increase of substance than &lt;br&gt;
Would hold proportion with &lt;span class="quote"&gt;mine own dimensions.&lt;/span&gt;</p0826-teimww:text>
  </p0826-teimww:passage>
  <p0826-teimww:passage id="ww_0fe27c30c773f907">
    <knoraXmlImport:label>passage label</knoraXmlImport:label>
    <p0826-teimww:occursIn>
      <p0826-teimww:book knoraType="link_value" linkType="ref" target="ww_90bb6791f9507246"/>
    </p0826-teimww:occursIn>
    <p0826-teimww:text knoraType="richtext_value">[Brother:] [...] he, and his noble friends&lt;br&gt;
Have such a golden snaffle for the jaws&lt;br&gt;
Of man-devouring Pythagorean &lt;span class="quote"&gt;Law,&lt;br&gt;
They'll rein her stubborn chaps, e'en to her tail:&lt;br&gt;
And (though she have iron teeth to meaner men)&lt;br&gt;
So master her, that who displeased her most,&lt;br&gt;
She shall lie under like a tired jade &lt;/span&gt;[...].</p0826-teimww:text>
  </p0826-teimww:passage>
  <p0826-teimww:passage id="ww_da2a8259549263a2">
    <knoraXmlImport:label>passage label</knoraXmlImport:label>
    <p0826-teimww:occursIn>
      <p0826-teimww:book knoraType="link_value" linkType="ref" target="ww_df2b8c2f18df151a"/>
    </p0826-teimww:occursIn>
  </p0826-teimww:passage>
  <p0826-teimww:passage id="ww_d4b3387304c1798c">
    <knoraXmlImport:label>passage label</knoraXmlImport:label>
    <p0826-teimww:occursIn>
      <p0826-teimww:book knoraType="link_value" linkType="ref" target="ww_2d0eea6c7b8afc36"/>
    </p0826-teimww:occursIn>
    <p0826-teimww:text knoraType="richtext_value">[Belforest:] &lt;span class="quote"&gt;Accompli[sh]ments are more for ornament &lt;br&gt;
Than use.&lt;/span&gt;</p0826-teimww:text>
  </p0826-teimww:passage>
  <p0826-teimww:passage id="ww_0bf825c99d9f6999">
    <knoraXmlImport:label>passage label</knoraXmlImport:label>
    <p0826-teimww:occursIn>
      <p0826-teimww:book knoraType="link_value" linkType="ref" target="ww_2d0eea6c7b8afc36"/>
    </p0826-teimww:occursIn>
    <p0826-teimww:text knoraType="richtext_value">[D'Amville:] Borachio, didst precisely note this man? &lt;br&gt;
[Borachio:] &lt;span class="quote"&gt;His own profession would report him pure.&lt;/span&gt;</p0826-teimww:text>
  </p0826-teimww:passage>
  <p0826-teimww:passage id="ww_ace6ed61ff9cfcce">
    <knoraXmlImport:label>passage label</knoraXmlImport:label>
    <p0826-teimww:occursIn>
      <p0826-teimww:book knoraType="link_value" linkType="ref" target="ww_2d0eea6c7b8afc36"/>
    </p0826-teimww:occursIn>
    <p0826-teimww:text knoraType="richtext_value">[Rousard:] Wilt give me &lt;span class="quote"&gt;a bracelet o' thy hair &lt;/span&gt;then?</p0826-teimww:text>
  </p0826-teimww:passage>
  <p0826-teimww:passage id="ww_259ec1ce443166c8">
    <knoraXmlImport:label>passage label</knoraXmlImport:label>
    <p0826-teimww:occursIn>
      <p0826-teimww:book knoraType="link_value" linkType="ref" target="ww_2d0eea6c7b8afc36"/>
    </p0826-teimww:occursIn>
    <p0826-teimww:text knoraType="richtext_value">[Castabella:] Do you want hair, sir? &lt;br&gt;
[Rousard:] No, faith, &lt;span class="quote"&gt;I'll want no hair so lang as I can have it for money. &lt;br&gt;&lt;/span&gt;
[Castabella:] What would you do with my hair then?&lt;br&gt;
[Rousard:] Wear it for thy sake, sweetheart.</p0826-teimww:text>
  </p0826-teimww:passage>
  <p0826-teimww:passage id="ww_cde0cd35ca3cde5a">
    <knoraXmlImport:label>passage label</knoraXmlImport:label>
    <p0826-teimww:occursIn>
      <p0826-teimww:book knoraType="link_value" linkType="ref" target="ww_2d0eea6c7b8afc36"/>
    </p0826-teimww:occursIn>
    <p0826-teimww:text knoraType="richtext_value">[Bellforest:] [...] But when I &lt;br&gt;
Reply'd with more familiar arguments, &lt;br&gt;
Thinking &lt;span class="quote"&gt;to make her apprehension bold, &lt;br&gt;&lt;/span&gt;
Her modest blush fell to a pale dislike [...].</p0826-teimww:text>
  </p0826-teimww:passage>
  <p0826-teimww:passage id="ww_2f2364a269b0a18f">
    <knoraXmlImport:label>passage label</knoraXmlImport:label>
    <p0826-teimww:occursIn>
      <p0826-teimww:book knoraType="link_value" linkType="ref" target="ww_5eeeb3e78e8b0bc3"/>
    </p0826-teimww:occursIn>
  </p0826-teimww:passage>
  <p0826-teimww:passage id="ww_b99d67d0489cf281">
    <knoraXmlImport:label>passage label</knoraXmlImport:label>
    <p0826-teimww:occursIn>
      <p0826-teimww:book knoraType="link_value" linkType="ref" target="ww_0103dc75cd6d8928"/>
    </p0826-teimww:occursIn>
    <p0826-teimww:text knoraType="richtext_value">[Posthumus:] [...] I would I were so sure &lt;br&gt;
&lt;span class="quote"&gt;To win the King as I am bold her honor &lt;br&gt;
Will remain hers.&lt;/span&gt;</p0826-teimww:text>
  </p0826-teimww:passage>
  <p0826-teimww:passage id="ww_42f651b9d29cbc92">
    <knoraXmlImport:label>passage label</knoraXmlImport:label>
    <p0826-teimww:occursIn>
      <p0826-teimww:book knoraType="link_value" linkType="ref" target="ww_2d0eea6c7b8afc36"/>
    </p0826-teimww:occursIn>
    <p0826-teimww:text knoraType="richtext_value">[Castabella:] [...] &lt;span class="quote"&gt;Time cuts off circumstance; &lt;/span&gt;I must be brief.</p0826-teimww:text>
  </p0826-teimww:passage>
  <p0826-teimww:passage id="ww_e0f235266ff44e4a">
    <knoraXmlImport:label>passage label</knoraXmlImport:label>
    <p0826-teimww:occursIn>
      <p0826-teimww:book knoraType="link_value" linkType="ref" target="ww_2d0eea6c7b8afc36"/>
    </p0826-teimww:occursIn>
    <p0826-teimww:text knoraType="richtext_value">[Languebeau Snuffe:] [...] Love still desires the presence of his love. &lt;br&gt;
Verily, he is not of &lt;span class="quote"&gt;the Family of Love. &lt;/span&gt;</p0826-teimww:text>
  </p0826-teimww:passage>
  <p0826-teimww:passage id="ww_f41db9622da19658">
    <knoraXmlImport:label>passage label</knoraXmlImport:label>
    <p0826-teimww:occursIn>
      <p0826-teimww:book knoraType="link_value" linkType="ref" target="ww_5eeeb3e78e8b0bc3"/>
    </p0826-teimww:occursIn>
  </p0826-teimww:passage>
  <p0826-teimww:passage id="ww_69e342b2b395a1a2">
    <knoraXmlImport:label>passage label</knoraXmlImport:label>
    <p0826-teimww:occursIn>
      <p0826-teimww:book knoraType="link_value" linkType="ref" target="ww_b076e5b94e4771b8"/>
    </p0826-teimww:occursIn>
    <p0826-teimww:text knoraType="richtext_value">&lt;span class="quote"&gt;A hall, my masters, give Rotundus room.&lt;/span&gt;</p0826-teimww:text>
  </p0826-teimww:passage>
  <p0826-teimww:passage id="ww_ad8b166aa331e4e0">
    <knoraXmlImport:label>passage label</knoraXmlImport:label>
    <p0826-teimww:occursIn>
      <p0826-teimww:book knoraType="link_value" linkType="ref" target="ww_3e15ab6c612eadae"/>
    </p0826-teimww:occursIn>
  </p0826-teimww:passage>
  <p0826-teimww:passage id="ww_d6bc93d96f86f8b7">
    <knoraXmlImport:label>passage label</knoraXmlImport:label>
    <p0826-teimww:occursIn>
      <p0826-teimww:book knoraType="link_value" linkType="ref" target="ww_0466ed69bf4a50be"/>
    </p0826-teimww:occursIn>
    <p0826-teimww:text knoraType="richtext_value">[Alonso:] [...] &lt;span class="quote"&gt;Methought the billows spoke &lt;/span&gt;and told me of it; &lt;br&gt;
The winds did sing it to me, and the thunder,&lt;br&gt;
&lt;span class="quote"&gt;That deep and dreadful organ pipe, &lt;/span&gt;pronounced &lt;br&gt;
The name of Prosper. </p0826-teimww:text>
  </p0826-teimww:passage>
  <p0826-teimww:passage id="ww_8d6ccfec515a2da0">
    <knoraXmlImport:label>passage label</knoraXmlImport:label>
    <p0826-teimww:occursIn>
      <p0826-teimww:book knoraType="link_value" linkType="ref" target="ww_1140c36ab545b6d8"/>
    </p0826-teimww:occursIn>
  </p0826-teimww:passage>
  <p0826-teimww:passage id="ww_f4b1b7fdd3ff3396">
    <knoraXmlImport:label>passage label</knoraXmlImport:label>
    <p0826-teimww:occursIn>
      <p0826-teimww:book knoraType="link_value" linkType="ref" target="ww_10467667a0394967"/>
    </p0826-teimww:occursIn>
    <p0826-teimww:text knoraType="richtext_value">[Autolycus:] The King is not at the palace. He is gone &lt;span class="quote"&gt;aboard a new ship to purge melancholy &lt;/span&gt;and air himself, for, if thou beest capable of things serious, thou must know the King is full of grief.</p0826-teimww:text>
  </p0826-teimww:passage>
  <p0826-teimww:passage id="ww_28b4871e3e81e40f">
    <knoraXmlImport:label>passage label</knoraXmlImport:label>
    <p0826-teimww:occursIn>
      <p0826-teimww:book knoraType="link_value" linkType="ref" target="ww_3e15ab6c612eadae"/>
    </p0826-teimww:occursIn>
  </p0826-teimww:passage>
  <p0826-teimww:passage id="ww_920f02ef5e266e20">
    <knoraXmlImport:label>passage label</knoraXmlImport:label>
    <p0826-teimww:occursIn>
      <p0826-teimww:book knoraType="link_value" linkType="ref" target="ww_5350aa8f1cdc7d01"/>
    </p0826-teimww:occursIn>
    <p0826-teimww:text knoraType="richtext_value">[Clown:] [...] As I can bear a pack, so &lt;span class="quote"&gt;I can bear a brain &lt;/span&gt;[...].</p0826-teimww:text>
  </p0826-teimww:passage>
  <p0826-teimww:passage id="ww_000ab068db3b9886">
    <knoraXmlImport:label>passage label</knoraXmlImport:label>
    <p0826-teimww:occursIn>
      <p0826-teimww:book knoraType="link_value" linkType="ref" target="ww_3e15ab6c612eadae"/>
    </p0826-teimww:occursIn>
  </p0826-teimww:passage>
  <p0826-teimww:passage id="ww_4b48bbd7199e664c">
    <knoraXmlImport:label>passage label</knoraXmlImport:label>
    <p0826-teimww:occursIn>
      <p0826-teimww:book knoraType="link_value" linkType="ref" target="ww_04bc086989bd8c81"/>
    </p0826-teimww:occursIn>
    <p0826-teimww:text knoraType="richtext_value">[Staines:] &lt;span class="quote"&gt;There is a devil has haunted me these three years, in likeness of an usurer, &lt;/span&gt;a fellow that in all his life never eat three groat loaves out of his owne purse [...].</p0826-teimww:text>
  </p0826-teimww:passage>
  <p0826-teimww:passage id="ww_5c233e6a53fd19fd">
    <knoraXmlImport:label>passage label</knoraXmlImport:label>
    <p0826-teimww:occursIn>
      <p0826-teimww:book knoraType="link_value" linkType="ref" target="ww_1140c36ab545b6d8"/>
    </p0826-teimww:occursIn>
  </p0826-teimww:passage>
  <p0826-teimww:passage id="ww_0b7cb22b770995c6">
    <knoraXmlImport:label>passage label</knoraXmlImport:label>
    <p0826-teimww:occursIn>
      <p0826-teimww:book knoraType="link_value" linkType="ref" target="ww_10467667a0394967"/>
    </p0826-teimww:occursIn>
    <p0826-teimww:text knoraType="richtext_value">[Florizell:] I take thy hand, this hand, &lt;br&gt;
As soft as dove's down, and as white as it, &lt;br&gt;
Or Ethiopian's tooth, or the fann'd snow that's bolted &lt;br&gt;
By&lt;span class="quote"&gt; the northern blast &lt;/span&gt;twice o'er.</p0826-teimww:text>
  </p0826-teimww:passage>
  <p0826-teimww:passage id="ww_b31e90b7c212b7bb">
    <knoraXmlImport:label>passage label</knoraXmlImport:label>
    <p0826-teimww:occursIn>
      <p0826-teimww:book knoraType="link_value" linkType="ref" target="ww_1140c36ab545b6d8"/>
    </p0826-teimww:occursIn>
  </p0826-teimww:passage>
  <p0826-teimww:passage id="ww_5e5d4a7be7075f00">
    <knoraXmlImport:label>passage label</knoraXmlImport:label>
    <p0826-teimww:occursIn>
      <p0826-teimww:book knoraType="link_value" linkType="ref" target="ww_51a308c9b1ba699d"/>
    </p0826-teimww:occursIn>
    <p0826-teimww:text knoraType="richtext_value">[Vittoria:] [...] You did name your Duchess. &lt;br/&gt;
[Bracciano:] Whose death God pardon. &lt;br/&gt;
[Vittoria:] &lt;span class="quote"&gt;Whose death God revenge &lt;/span&gt;[...].</p0826-teimww:text>
  </p0826-teimww:passage>
  <p0826-teimww:passage id="ww_58dd0bed93979832">
    <knoraXmlImport:label>passage label</knoraXmlImport:label>
    <p0826-teimww:occursIn>
      <p0826-teimww:book knoraType="link_value" linkType="ref" target="ww_1140c36ab545b6d8"/>
    </p0826-teimww:occursIn>
  </p0826-teimww:passage>
  <p0826-teimww:passage id="ww_1c74341ce0767e15">
    <knoraXmlImport:label>passage label</knoraXmlImport:label>
    <p0826-teimww:occursIn>
      <p0826-teimww:book knoraType="link_value" linkType="ref" target="ww_51a308c9b1ba699d"/>
    </p0826-teimww:occursIn>
    <p0826-teimww:text knoraType="richtext_value">[Cornelia:] [...] &lt;span class="quote"&gt;fetch a looking glass, see if his breath will not stain it; &lt;/span&gt;or pull out some feathers from my pillow, and lay them to his lips, will you lose him for a little painstaking?</p0826-teimww:text>
  </p0826-teimww:passage>
  <p0826-teimww:passage id="ww_31579c21b639bbc8">
    <knoraXmlImport:label>passage label</knoraXmlImport:label>
    <p0826-teimww:occursIn>
      <p0826-teimww:book knoraType="link_value" linkType="ref" target="ww_dbd5db889d39fd5c"/>
    </p0826-teimww:occursIn>
    <p0826-teimww:text knoraType="richtext_value">[Queen Katherine:] [...] Take good heed &lt;br&gt;
You &lt;span class="quote"&gt;charge not in your spleen a noble person &lt;br&gt;&lt;/span&gt;
And spoil your nobler soul. I say, take heed - &lt;br&gt;
Yes, heartily beseech you.</p0826-teimww:text>
  </p0826-teimww:passage>
  <p0826-teimww:passage id="ww_1528746061c3d4a4">
    <knoraXmlImport:label>passage label</knoraXmlImport:label>
    <p0826-teimww:occursIn>
      <p0826-teimww:book knoraType="link_value" linkType="ref" target="ww_1140c36ab545b6d8"/>
    </p0826-teimww:occursIn>
  </p0826-teimww:passage>
  <p0826-teimww:passage id="ww_893b02700f1a4964">
    <knoraXmlImport:label>passage label</knoraXmlImport:label>
    <p0826-teimww:occursIn>
      <p0826-teimww:book knoraType="link_value" linkType="ref" target="ww_dbd5db889d39fd5c"/>
    </p0826-teimww:occursIn>
    <p0826-teimww:text knoraType="richtext_value">[Norfolk:] Stay, my lord, &lt;br&gt;
And let your reason with your choler question &lt;br&gt;
What 'tis you go about. To climb steep hills &lt;br&gt;
Requires slow pace at first. &lt;span class="quote"&gt;Anger is like &lt;br&gt;
A full hot horse who, being allowed his way, &lt;br&gt;
Self-mettle tires him. &lt;/span&gt;</p0826-teimww:text>
  </p0826-teimww:passage>
  <p0826-teimww:passage id="ww_44a271691128650f">
    <knoraXmlImport:label>passage label</knoraXmlImport:label>
    <p0826-teimww:occursIn>
      <p0826-teimww:book knoraType="link_value" linkType="ref" target="ww_1140c36ab545b6d8"/>
    </p0826-teimww:occursIn>
  </p0826-teimww:passage>
  <p0826-teimww:passage id="ww_e50c6f5aec6744d1">
    <knoraXmlImport:label>passage label</knoraXmlImport:label>
    <p0826-teimww:occursIn>
      <p0826-teimww:book knoraType="link_value" linkType="ref" target="ww_dbd5db889d39fd5c"/>
    </p0826-teimww:occursIn>
    <p0826-teimww:text knoraType="richtext_value">[Wolsey:] Nay then, farewell! &lt;br&gt;
&lt;span class="quote"&gt;I have touched the highest point of all my greatness, &lt;br&gt;
And from that full meridian of my glory &lt;/span&gt;&lt;br&gt;
I haste now to my setting. I shall fall &lt;br&gt;
Like a bright exhalation in the evening &lt;br&gt;
And no man see me more.</p0826-teimww:text>
  </p0826-teimww:passage>
  <p0826-teimww:passage id="ww_13f7ace13af5e90c">
    <knoraXmlImport:label>passage label</knoraXmlImport:label>
    <p0826-teimww:occursIn>
      <p0826-teimww:book knoraType="link_value" linkType="ref" target="ww_1140c36ab545b6d8"/>
    </p0826-teimww:occursIn>
  </p0826-teimww:passage>
  <p0826-teimww:passage id="ww_e80a6737fc66062b">
    <knoraXmlImport:label>passage label</knoraXmlImport:label>
    <p0826-teimww:occursIn>
      <p0826-teimww:book knoraType="link_value" linkType="ref" target="ww_daecaee38c79925b"/>
    </p0826-teimww:occursIn>
    <p0826-teimww:text knoraType="richtext_value">[Ferdinand:] [...] &lt;span class="quote"&gt;What I have done, I have done: I'll confess nothing.&lt;/span&gt;</p0826-teimww:text>
  </p0826-teimww:passage>
  <p0826-teimww:passage id="ww_efde7d3c79c6abf0">
    <knoraXmlImport:label>passage label</knoraXmlImport:label>
    <p0826-teimww:occursIn>
      <p0826-teimww:book knoraType="link_value" linkType="ref" target="ww_daecaee38c79925b"/>
    </p0826-teimww:occursIn>
    <p0826-teimww:text knoraType="richtext_value">[Cardinal:] Satisfy thy longing, &lt;br&gt;
&lt;span class="quote"&gt;The only way to make thee keep my counsel, &lt;br&gt;
Is not to tell thee. &lt;/span&gt;</p0826-teimww:text>
  </p0826-teimww:passage>
  <p0826-teimww:passage id="ww_c35dae200548b231">
    <knoraXmlImport:label>passage label</knoraXmlImport:label>
    <p0826-teimww:occursIn>
      <p0826-teimww:book knoraType="link_value" linkType="ref" target="ww_1140c36ab545b6d8"/>
    </p0826-teimww:occursIn>
  </p0826-teimww:passage>
  <p0826-teimww:passage id="ww_405d5c17bc1473cd">
    <knoraXmlImport:label>passage label</knoraXmlImport:label>
    <p0826-teimww:occursIn>
      <p0826-teimww:book knoraType="link_value" linkType="ref" target="ww_daecaee38c79925b"/>
    </p0826-teimww:occursIn>
    <p0826-teimww:text knoraType="richtext_value">[Malateste:] Thou wretched&lt;span class="quote"&gt; thing of blood &lt;/span&gt;[...].</p0826-teimww:text>
  </p0826-teimww:passage>
  <p0826-teimww:passage id="ww_88889f33e24d6049">
    <knoraXmlImport:label>passage label</knoraXmlImport:label>
    <p0826-teimww:occursIn>
      <p0826-teimww:book knoraType="link_value" linkType="ref" target="ww_b67be63a94c57f53"/>
    </p0826-teimww:occursIn>
    <p0826-teimww:text knoraType="richtext_value">Excellent Queen! what do my words, but wrong thy worth? &lt;span class="quote"&gt;what do I but guild gold? &lt;/span&gt;what, but she the Sun with a candle in attempting to praise thee, whose honor doth fly over the whole world upon the two wings of magnanimity, and justice, whose perfection shall much gimme the Lustre of all other, that shall be of thy Sex. </p0826-teimww:text>
  </p0826-teimww:passage>
  <p0826-teimww:passage id="ww_d4b204818ba279fd">
    <knoraXmlImport:label>passage label</knoraXmlImport:label>
    <p0826-teimww:occursIn>
      <p0826-teimww:book knoraType="link_value" linkType="ref" target="ww_1140c36ab545b6d8"/>
    </p0826-teimww:occursIn>
  </p0826-teimww:passage>
  <p0826-teimww:passage id="ww_87d2e4eaedc58dba">
    <knoraXmlImport:label>passage label</knoraXmlImport:label>
    <p0826-teimww:occursIn>
      <p0826-teimww:book knoraType="link_value" linkType="ref" target="ww_daecaee38c79925b"/>
    </p0826-teimww:occursIn>
    <p0826-teimww:text knoraType="richtext_value">[Duchess:] [...] Yet stay, &lt;span class="quote"&gt;heaven gates are not so highly arch'd &lt;br&gt;
As Princes palaces, they that enter there &lt;br&gt;
Must go upon their knees &lt;/span&gt;[...].</p0826-teimww:text>
  </p0826-teimww:passage>
  <p0826-teimww:passage id="ww_296cf5497405a93a">
    <knoraXmlImport:label>passage label</knoraXmlImport:label>
    <p0826-teimww:occursIn>
      <p0826-teimww:book knoraType="link_value" linkType="ref" target="ww_daecaee38c79925b"/>
    </p0826-teimww:occursIn>
    <p0826-teimww:text knoraType="richtext_value">[Ferdinand:] &lt;span class="quote"&gt;Get thee into some unknown part o'th' world &lt;br&gt;
That I may never see thee. &lt;/span&gt;</p0826-teimww:text>
  </p0826-teimww:passage>
  <p0826-teimww:passage id="ww_fdcaeea54f5d2928">
    <knoraXmlImport:label>passage label</knoraXmlImport:label>
    <p0826-teimww:occursIn>
      <p0826-teimww:book knoraType="link_value" linkType="ref" target="ww_1140c36ab545b6d8"/>
    </p0826-teimww:occursIn>
  </p0826-teimww:passage>
  <p0826-teimww:passage id="ww_5230b2287c6dada6">
    <knoraXmlImport:label>passage label</knoraXmlImport:label>
    <p0826-teimww:occursIn>
      <p0826-teimww:book knoraType="link_value" linkType="ref" target="ww_384598056518c080"/>
    </p0826-teimww:occursIn>
    <p0826-teimww:text knoraType="richtext_value">[Prologue:] We pray our play may be so, for I am sure &lt;br&gt;
It has a noble breeder and a pure, &lt;br&gt;
A learnèd, and a poet never went &lt;br&gt;
More famous yet 'twixt Po and silver Trent. &lt;br&gt;
&lt;span class="quote"&gt;Chaucer, of all admired, the story gives;&lt;br&gt;&lt;/span&gt;
There, constant to eternity, it lives.</p0826-teimww:text>
  </p0826-teimww:passage>
  <p0826-teimww:passage id="ww_d387fe3369482d3a">
    <knoraXmlImport:label>passage label</knoraXmlImport:label>
    <p0826-teimww:occursIn>
      <p0826-teimww:book knoraType="link_value" linkType="ref" target="ww_3e15ab6c612eadae"/>
    </p0826-teimww:occursIn>
  </p0826-teimww:passage>
  <p0826-teimww:passage id="ww_8b207258f9035916">
    <knoraXmlImport:label>passage label</knoraXmlImport:label>
    <p0826-teimww:occursIn>
      <p0826-teimww:book knoraType="link_value" linkType="ref" target="ww_1cf38ae034d82923"/>
    </p0826-teimww:occursIn>
    <p0826-teimww:text knoraType="richtext_value">My tongue in &lt;span class="quote"&gt;fire dragons' spleen &lt;/span&gt;I steepe, &lt;br&gt;
That acts, with accents, cruelty may found [...] </p0826-teimww:text>
  </p0826-teimww:passage>
  <p0826-teimww:passage id="ww_84d25817626030e6">
    <knoraXmlImport:label>passage label</knoraXmlImport:label>
    <p0826-teimww:occursIn>
      <p0826-teimww:book knoraType="link_value" linkType="ref" target="ww_1140c36ab545b6d8"/>
    </p0826-teimww:occursIn>
  </p0826-teimww:passage>
  <p0826-teimww:passage id="ww_95e7aafc05da02c6">
    <knoraXmlImport:label>passage label</knoraXmlImport:label>
    <p0826-teimww:occursIn>
      <p0826-teimww:book knoraType="link_value" linkType="ref" target="ww_1cf38ae034d82923"/>
    </p0826-teimww:occursIn>
    <p0826-teimww:text knoraType="richtext_value">My working head &lt;span class="quote"&gt;(my counsel's consistory) &lt;br&gt;&lt;/span&gt;
Debates how I might range, the princess living.</p0826-teimww:text>
  </p0826-teimww:passage>
  <p0826-teimww:passage id="ww_0769935d4d3d93aa">
    <knoraXmlImport:label>passage label</knoraXmlImport:label>
    <p0826-teimww:occursIn>
      <p0826-teimww:book knoraType="link_value" linkType="ref" target="ww_1140c36ab545b6d8"/>
    </p0826-teimww:occursIn>
  </p0826-teimww:passage>
  <p0826-teimww:passage id="ww_80ee910e072a66b9">
    <knoraXmlImport:label>passage label</knoraXmlImport:label>
    <p0826-teimww:occursIn>
      <p0826-teimww:book knoraType="link_value" linkType="ref" target="ww_1cf38ae034d82923"/>
    </p0826-teimww:occursIn>
    <p0826-teimww:text knoraType="richtext_value">The devilish fury in my breast intends, &lt;br&gt;
&lt;span class="quote"&gt;In spite of danger and all opposite bars; &lt;br&gt;
To cut this knot the mystic fates contain, &lt;br&gt;
And set my life and kingdom on this main.&lt;/span&gt;</p0826-teimww:text>
  </p0826-teimww:passage>
  <p0826-teimww:passage id="ww_aaedf7886ffcc4f8">
    <knoraXmlImport:label>passage label</knoraXmlImport:label>
    <p0826-teimww:occursIn>
      <p0826-teimww:book knoraType="link_value" linkType="ref" target="ww_1140c36ab545b6d8"/>
    </p0826-teimww:occursIn>
  </p0826-teimww:passage>
  <p0826-teimww:passage id="ww_0af3189ea0a5007e">
    <knoraXmlImport:label>passage label</knoraXmlImport:label>
    <p0826-teimww:occursIn>
      <p0826-teimww:book knoraType="link_value" linkType="ref" target="ww_bd4833a9064eaee2"/>
    </p0826-teimww:occursIn>
    <p0826-teimww:text knoraType="richtext_value">[Almachildes:] […] The whoreson old hellcat would have given me &lt;span class="quote"&gt;the brain of a cat &lt;/span&gt;once, in my handkerchief [...].</p0826-teimww:text>
  </p0826-teimww:passage>
  <p0826-teimww:passage id="ww_a7f6229e5e036c3d">
    <knoraXmlImport:label>passage label</knoraXmlImport:label>
    <p0826-teimww:occursIn>
      <p0826-teimww:book knoraType="link_value" linkType="ref" target="ww_d0062b214b9d3402"/>
    </p0826-teimww:occursIn>
  </p0826-teimww:passage>
  <p0826-teimww:passage id="ww_9a189b4e58de4a45">
    <knoraXmlImport:label>passage label</knoraXmlImport:label>
    <p0826-teimww:occursIn>
      <p0826-teimww:book knoraType="link_value" linkType="ref" target="ww_7da5186d0ba71c05"/>
    </p0826-teimww:occursIn>
    <p0826-teimww:text knoraType="richtext_value">[Second:] [...] tell me in what language I shall roar a lecture to you, or I'll read to you &lt;span class="quote"&gt;the mathematical science of roaring.&lt;/span&gt;</p0826-teimww:text>
  </p0826-teimww:passage>
  <p0826-teimww:passage id="ww_9a8802e1905d3ef6">
    <knoraXmlImport:label>passage label</knoraXmlImport:label>
    <p0826-teimww:occursIn>
      <p0826-teimww:book knoraType="link_value" linkType="ref" target="ww_1e8eac0ecb7f6a95"/>
    </p0826-teimww:occursIn>
    <p0826-teimww:text knoraType="richtext_value">[Ariosto:] &lt;span class="quote"&gt;O yong quat &lt;/span&gt;[...].</p0826-teimww:text>
  </p0826-teimww:passage>
  <p0826-teimww:passage id="ww_c9cea4739d297b14">
    <knoraXmlImport:label>passage label</knoraXmlImport:label>
    <p0826-teimww:occursIn>
      <p0826-teimww:book knoraType="link_value" linkType="ref" target="ww_6318ed97b9193504"/>
    </p0826-teimww:occursIn>
    <p0826-teimww:text knoraType="richtext_value">[Charlois:] And look that you that have been &lt;span class="quote"&gt;eagle-eyed &lt;/span&gt;&lt;br&gt; 
In other men's affairs, prove not a mole &lt;br&gt;
In what concerns yourself. </p0826-teimww:text>
  </p0826-teimww:passage>
  <p0826-teimww:passage id="ww_048555f2dc8b011e">
    <knoraXmlImport:label>passage label</knoraXmlImport:label>
    <p0826-teimww:occursIn>
      <p0826-teimww:book knoraType="link_value" linkType="ref" target="ww_21998f3517e8979a"/>
    </p0826-teimww:occursIn>
    <p0826-teimww:text knoraType="richtext_value">[Rutilio:] &lt;span class="quote"&gt;There is an hour in each man's life appointed &lt;br/&gt; 
To make his happiness if then he seize it &lt;/span&gt;[...].</p0826-teimww:text>
  </p0826-teimww:passage>
  <p0826-teimww:passage id="ww_5c88e7ec94fbbc89">
    <knoraXmlImport:label>passage label</knoraXmlImport:label>
    <p0826-teimww:occursIn>
      <p0826-teimww:book knoraType="link_value" linkType="ref" target="ww_e7c84f709b583d5f"/>
    </p0826-teimww:occursIn>
    <p0826-teimww:text knoraType="richtext_value">[Diocletian:] I believe &lt;br&gt;
Your tongues are the true Trumpets of your hearts,&lt;br&gt;
And in it I most happy Queen of fate,&lt;br&gt;
&lt;span class="quote"&gt;Imperious Fortune mix some light disaster&lt;br&gt;
With my so many joys to season 'em,&lt;br&gt;
And give them sweeter relish &lt;/span&gt;[...].</p0826-teimww:text>
  </p0826-teimww:passage>
  <p0826-teimww:passage id="ww_c71eb07b90edc1a8">
    <knoraXmlImport:label>passage label</knoraXmlImport:label>
    <p0826-teimww:occursIn>
      <p0826-teimww:book knoraType="link_value" linkType="ref" target="ww_1140c36ab545b6d8"/>
    </p0826-teimww:occursIn>
  </p0826-teimww:passage>
  <p0826-teimww:passage id="ww_c08d294bf16ad0dc">
    <knoraXmlImport:label>passage label</knoraXmlImport:label>
    <p0826-teimww:occursIn>
      <p0826-teimww:book knoraType="link_value" linkType="ref" target="ww_518300e10a2ce48a"/>
    </p0826-teimww:occursIn>
    <p0826-teimww:text knoraType="richtext_value">[Vortiger:] [...] &lt;span class="quote"&gt;Methinks the murder of &lt;i&gt;Constantius&lt;/i&gt; &lt;br&gt;
Speaks to me in the voice of't, and the wrongs &lt;br&gt;
Of our late queen, slipp'd both into one organ&lt;span class="quote"&gt; [...].</p0826-teimww:text>
  </p0826-teimww:passage>
  <p0826-teimww:passage id="ww_5efde0aa9a105be3">
    <knoraXmlImport:label>passage label</knoraXmlImport:label>
    <p0826-teimww:occursIn>
      <p0826-teimww:book knoraType="link_value" linkType="ref" target="ww_1140c36ab545b6d8"/>
    </p0826-teimww:occursIn>
  </p0826-teimww:passage>
  <p0826-teimww:passage id="ww_144ff64e9aea8ae0">
    <knoraXmlImport:label>passage label</knoraXmlImport:label>
    <p0826-teimww:occursIn>
      <p0826-teimww:book knoraType="link_value" linkType="ref" target="ww_a30bbb1b8d836e24"/>
    </p0826-teimww:occursIn>
    <p0826-teimww:text knoraType="richtext_value">&lt;span class="quote"&gt;Like an ass, he wears out his time for provender &lt;/span&gt;[...].</p0826-teimww:text>
  </p0826-teimww:passage>
  <p0826-teimww:passage id="ww_7882a65c0d5c92ae">
    <knoraXmlImport:label>passage label</knoraXmlImport:label>
    <p0826-teimww:occursIn>
      <p0826-teimww:book knoraType="link_value" linkType="ref" target="ww_1140c36ab545b6d8"/>
    </p0826-teimww:occursIn>
  </p0826-teimww:passage>
  <p0826-teimww:passage id="ww_c1321e89ed368946">
    <knoraXmlImport:label>passage label</knoraXmlImport:label>
    <p0826-teimww:occursIn>
      <p0826-teimww:book knoraType="link_value" linkType="ref" target="ww_ba414031d5e5f20b"/>
    </p0826-teimww:occursIn>
    <p0826-teimww:text knoraType="richtext_value">[Diocles:] [...] I dedicate to Virtue; and to keep &lt;br&gt;
my faith untainted, &lt;span class="quote"&gt;farewell Pride and Pomp, &lt;br&gt; 
and circumstance of glorious Majesty, &lt;br&gt;&lt;/span&gt;
farewell for ever.</p0826-teimww:text>
  </p0826-teimww:passage>
  <p0826-teimww:passage id="ww_0112d5ffc67607c2">
    <knoraXmlImport:label>passage label</knoraXmlImport:label>
    <p0826-teimww:occursIn>
      <p0826-teimww:book knoraType="link_value" linkType="ref" target="ww_1140c36ab545b6d8"/>
    </p0826-teimww:occursIn>
  </p0826-teimww:passage>
  <p0826-teimww:passage id="ww_4413dc320607af33">
    <knoraXmlImport:label>passage label</knoraXmlImport:label>
    <p0826-teimww:occursIn>
      <p0826-teimww:book knoraType="link_value" linkType="ref" target="ww_ba414031d5e5f20b"/>
    </p0826-teimww:occursIn>
    <p0826-teimww:text knoraType="richtext_value">[Diocles:] No, I will not be pluck'd out by the ears &lt;br&gt;
out of this glorious castle; uncompell'd &lt;br&gt;
I will surrender rather: Let it suffice, &lt;br&gt;
&lt;span class="quote"&gt;I have touch'd the height of human happinesse,&lt;br&gt; 
and here I fix Nil ultra.&lt;/span&gt;</p0826-teimww:text>
  </p0826-teimww:passage>
  <p0826-teimww:passage id="ww_426dc5b3debef331">
    <knoraXmlImport:label>passage label</knoraXmlImport:label>
    <p0826-teimww:occursIn>
      <p0826-teimww:book knoraType="link_value" linkType="ref" target="ww_1140c36ab545b6d8"/>
    </p0826-teimww:occursIn>
  </p0826-teimww:passage>
  <p0826-teimww:passage id="ww_d62cb0b0761c8c89">
    <knoraXmlImport:label>passage label</knoraXmlImport:label>
    <p0826-teimww:occursIn>
      <p0826-teimww:book knoraType="link_value" linkType="ref" target="ww_791d02b9b4f75414"/>
    </p0826-teimww:occursIn>
    <p0826-teimww:text knoraType="richtext_value">[Florence:] Your own eyes shall be witness how: nay, nay, pray rise, &lt;br/&gt;
&lt;span class="quote"&gt;I know your heart is up, tho your knees down.&lt;/span&gt;</p0826-teimww:text>
  </p0826-teimww:passage>
  <p0826-teimww:passage id="ww_4cfcf3f7ecc74d0b">
    <knoraXmlImport:label>passage label</knoraXmlImport:label>
    <p0826-teimww:occursIn>
      <p0826-teimww:book knoraType="link_value" linkType="ref" target="ww_1140c36ab545b6d8"/>
    </p0826-teimww:occursIn>
  </p0826-teimww:passage>
  <p0826-teimww:passage id="ww_52a9db9a073098b0">
    <knoraXmlImport:label>passage label</knoraXmlImport:label>
    <p0826-teimww:occursIn>
      <p0826-teimww:book knoraType="link_value" linkType="ref" target="ww_da6c4be720d849ae"/>
    </p0826-teimww:occursIn>
    <p0826-teimww:text knoraType="richtext_value">[Cleora:] &lt;span class="quote"&gt;I restore &lt;br&gt;
This kiss, so help me goodness! &lt;br&gt;
which I borrow'd &lt;br&gt;
When I last saw you. &lt;/span&gt;</p0826-teimww:text>
  </p0826-teimww:passage>
  <p0826-teimww:passage id="ww_0cec0bcedfc1f5bf">
    <knoraXmlImport:label>passage label</knoraXmlImport:label>
    <p0826-teimww:occursIn>
      <p0826-teimww:book knoraType="link_value" linkType="ref" target="ww_1140c36ab545b6d8"/>
    </p0826-teimww:occursIn>
  </p0826-teimww:passage>
  <p0826-teimww:passage id="ww_2d815be36cdc9217">
    <knoraXmlImport:label>passage label</knoraXmlImport:label>
    <p0826-teimww:occursIn>
      <p0826-teimww:book knoraType="link_value" linkType="ref" target="ww_ead2e8abb60ac530"/>
    </p0826-teimww:occursIn>
    <p0826-teimww:text knoraType="richtext_value">[Bellisant:] I will &lt;span class="quote"&gt;expose myself to all assaults see masks &amp; hear bewitching sonnets, change discourse with one that for experience could teach Ovid to write a better way his art of love feed high; and take &amp; give free entertainment &lt;/span&gt;[...].</p0826-teimww:text>
  </p0826-teimww:passage>
  <p0826-teimww:passage id="ww_18bd99ee0833fe68">
    <knoraXmlImport:label>passage label</knoraXmlImport:label>
    <p0826-teimww:occursIn>
      <p0826-teimww:book knoraType="link_value" linkType="ref" target="ww_e81f44945dfa651c"/>
    </p0826-teimww:occursIn>
  </p0826-teimww:passage>
  <p0826-teimww:passage id="ww_5ffb4d12af1bec9e">
    <knoraXmlImport:label>passage label</knoraXmlImport:label>
    <p0826-teimww:occursIn>
      <p0826-teimww:book knoraType="link_value" linkType="ref" target="ww_ead2e8abb60ac530"/>
    </p0826-teimww:occursIn>
    <p0826-teimww:text knoraType="richtext_value">[Clarinda:] [...] (since 'tis said &lt;br&gt; 
&amp; truly &lt;span class="quote"&gt;Jupiter &amp; Venus smile &lt;br&gt;
at Lovers' perjuries)&lt;/span&gt; [...].</p0826-teimww:text>
  </p0826-teimww:passage>
  <p0826-teimww:passage id="ww_62eb98faef9b939f">
    <knoraXmlImport:label>passage label</knoraXmlImport:label>
    <p0826-teimww:occursIn>
      <p0826-teimww:book knoraType="link_value" linkType="ref" target="ww_ead2e8abb60ac530"/>
    </p0826-teimww:occursIn>
    <p0826-teimww:text knoraType="richtext_value">[Chamont:] No, that were too much mercy, live to be wretched, live to be the talk of the conduit and the bakehouse, I will have thee pictured as thou art now, &amp; &lt;span class="quote"&gt;thy whole story sung to some villanous tune in a lewd ballad &lt;/span&gt;and make thee so notorious to the world that boys in the streets shall hoot at thee [...].</p0826-teimww:text>
  </p0826-teimww:passage>
  <p0826-teimww:passage id="ww_98c0a70980578d2e">
    <knoraXmlImport:label>passage label</knoraXmlImport:label>
    <p0826-teimww:occursIn>
      <p0826-teimww:book knoraType="link_value" linkType="ref" target="ww_1140c36ab545b6d8"/>
    </p0826-teimww:occursIn>
  </p0826-teimww:passage>
  <p0826-teimww:passage id="ww_1d91fb9a0409efbb">
    <knoraXmlImport:label>passage label</knoraXmlImport:label>
    <p0826-teimww:occursIn>
      <p0826-teimww:book knoraType="link_value" linkType="ref" target="ww_a3664b59bd3c46ae"/>
    </p0826-teimww:occursIn>
    <p0826-teimww:text knoraType="richtext_value">[Philippo:] To throw the pawn &lt;br&gt;
Of my afflicted honour, and on that &lt;br&gt;
I openly affirm your absent Lady &lt;br&gt;
Chastity's well-knit abstract, snow in the fall, &lt;br&gt;
Purely rein'd by&lt;span class="quote"&gt; the bleak Northern blast, &lt;br&gt;&lt;/span&gt;
Not freer from a soil, the thoughts of Infants; &lt;br&gt;
But little nearer heaven. </p0826-teimww:text>
  </p0826-teimww:passage>
  <p0826-teimww:passage id="ww_85c00f20dc8ba239">
    <knoraXmlImport:label>passage label</knoraXmlImport:label>
    <p0826-teimww:occursIn>
      <p0826-teimww:book knoraType="link_value" linkType="ref" target="ww_1140c36ab545b6d8"/>
    </p0826-teimww:occursIn>
  </p0826-teimww:passage>
  <p0826-teimww:passage id="ww_65a416060e1927b3">
    <knoraXmlImport:label>passage label</knoraXmlImport:label>
    <p0826-teimww:occursIn>
      <p0826-teimww:book knoraType="link_value" linkType="ref" target="ww_f619b6b1cf5ba6c8"/>
    </p0826-teimww:occursIn>
    <p0826-teimww:text knoraType="richtext_value">[Orator:] [...] &lt;span class="quote"&gt;the Apparel and the Jewels that she wore, &lt;br&gt;
more worth than all her Tribe &lt;/span&gt;[...].</p0826-teimww:text>
  </p0826-teimww:passage>
  <p0826-teimww:passage id="ww_eab4edc2de6a05bb">
    <knoraXmlImport:label>passage label</knoraXmlImport:label>
    <p0826-teimww:occursIn>
      <p0826-teimww:book knoraType="link_value" linkType="ref" target="ww_23f1e9365cf10239"/>
    </p0826-teimww:occursIn>
    <p0826-teimww:text knoraType="richtext_value">[Conrade:] No Masks! No Epithalamion now! &lt;br&gt;
Call for a bonesetter, for &lt;span class="quote"&gt;Time hath sprain'd &lt;br&gt;
His feet, and goes awry.&lt;/span&gt;</p0826-teimww:text>
  </p0826-teimww:passage>
  <p0826-teimww:passage id="ww_a076a5d170c6033a">
    <knoraXmlImport:label>passage label</knoraXmlImport:label>
    <p0826-teimww:occursIn>
      <p0826-teimww:book knoraType="link_value" linkType="ref" target="ww_c0565d6dc5476bc1"/>
    </p0826-teimww:occursIn>
    <p0826-teimww:text knoraType="richtext_value">[Chamont:] Nay be not mov'd sir, &lt;br&gt;
Let his passion work, and &lt;span class="quote"&gt;like a hot rein'd horse &lt;br&gt;
'Twill quickly tire itself. &lt;/span&gt;</p0826-teimww:text>
  </p0826-teimww:passage>
  <p0826-teimww:passage id="ww_5997ca6aa73dc83f">
    <knoraXmlImport:label>passage label</knoraXmlImport:label>
    <p0826-teimww:occursIn>
      <p0826-teimww:book knoraType="link_value" linkType="ref" target="ww_1140c36ab545b6d8"/>
    </p0826-teimww:occursIn>
  </p0826-teimww:passage>
  <p0826-teimww:passage id="ww_83b03fd6ac19fab7">
    <knoraXmlImport:label>passage label</knoraXmlImport:label>
    <p0826-teimww:occursIn>
      <p0826-teimww:book knoraType="link_value" linkType="ref" target="ww_23f1e9365cf10239"/>
    </p0826-teimww:occursIn>
    <p0826-teimww:text knoraType="richtext_value">[Rhodolinda:] The King! How sportful he is grown? how full&lt;br&gt;
Of amorous game and dalliance? &lt;br&gt;
[Hermegild:] &lt;span class="quote"&gt;I spy Valdaura there: but is that the King?&lt;/span&gt;</p0826-teimww:text>
  </p0826-teimww:passage>
  <p0826-teimww:passage id="ww_0cfa6305114ce80d">
    <knoraXmlImport:label>passage label</knoraXmlImport:label>
    <p0826-teimww:occursIn>
      <p0826-teimww:book knoraType="link_value" linkType="ref" target="ww_12b8cda82738e9e2"/>
    </p0826-teimww:occursIn>
  </p0826-teimww:passage>
  <p0826-teimww:passage id="ww_28e4e1a85fad60f3">
    <knoraXmlImport:label>passage label</knoraXmlImport:label>
    <p0826-teimww:occursIn>
      <p0826-teimww:book knoraType="link_value" linkType="ref" target="ww_82dc5dad51a3f21d"/>
    </p0826-teimww:occursIn>
    <p0826-teimww:text knoraType="richtext_value">[Aretinus:] Are you on &lt;span class="quote"&gt;the stage,&lt;/span&gt; &lt;br&gt;
You talk so boldly? &lt;br&gt;
[Paris:] &lt;span class="quote"&gt;The whole world being one &lt;/span&gt;&lt;br&gt;
This place is not exempted. </p0826-teimww:text>
  </p0826-teimww:passage>
  <p0826-teimww:passage id="ww_8156af44ff907ee6">
    <knoraXmlImport:label>passage label</knoraXmlImport:label>
    <p0826-teimww:occursIn>
      <p0826-teimww:book knoraType="link_value" linkType="ref" target="ww_1140c36ab545b6d8"/>
    </p0826-teimww:occursIn>
  </p0826-teimww:passage>
  <p0826-teimww:passage id="ww_36506e021585fe78">
    <knoraXmlImport:label>passage label</knoraXmlImport:label>
    <p0826-teimww:occursIn>
      <p0826-teimww:book knoraType="link_value" linkType="ref" target="ww_23f1e9365cf10239"/>
    </p0826-teimww:occursIn>
    <p0826-teimww:text knoraType="richtext_value">[Hermegild:] It shows but silly art in industry, &lt;br&gt;
To seek what you would not find. &lt;br&gt;
[Rhodolinda:] I prithee grow particular! Dost think &lt;br&gt;
They purpose ought ith' dark? […]&lt;br&gt;
[Hermegild:] The King was never given to compliment, &lt;br&gt;
You know. As for Valdaura -&lt;br&gt;
[Rhodolinda:] What of her? &lt;br&gt;
[Hermegild:] &lt;span class="quote"&gt;I think that she is chaste, but - &lt;/span&gt;[…]&lt;br&gt;
I wish the King had not deserved to be &lt;br&gt;
Deprived of your soft embraces [...].</p0826-teimww:text>
  </p0826-teimww:passage>
  <p0826-teimww:passage id="ww_4eac470a88d48de2">
    <knoraXmlImport:label>passage label</knoraXmlImport:label>
    <p0826-teimww:occursIn>
      <p0826-teimww:book knoraType="link_value" linkType="ref" target="ww_23f1e9365cf10239"/>
    </p0826-teimww:occursIn>
    <p0826-teimww:text knoraType="richtext_value">[Hermegild:] &lt;span class="quote"&gt;Mark how close they meet: what variety &lt;br&gt;
They use in lust: now she hath melted quite his lips &lt;br&gt;
With her hot breath, she hangs upon his ear.&lt;/span&gt;</p0826-teimww:text>
  </p0826-teimww:passage>
  <p0826-teimww:passage id="ww_f139d028157407e7">
    <knoraXmlImport:label>passage label</knoraXmlImport:label>
    <p0826-teimww:occursIn>
      <p0826-teimww:book knoraType="link_value" linkType="ref" target="ww_23f1e9365cf10239"/>
    </p0826-teimww:occursIn>
    <p0826-teimww:text knoraType="richtext_value">[Albovine:] &lt;span class="quote"&gt;Honest Hermegild?&lt;/span&gt;</p0826-teimww:text>
  </p0826-teimww:passage>
  <p0826-teimww:passage id="ww_0a66c1449b36a2cd">
    <knoraXmlImport:label>passage label</knoraXmlImport:label>
    <p0826-teimww:occursIn>
      <p0826-teimww:book knoraType="link_value" linkType="ref" target="ww_23f1e9365cf10239"/>
    </p0826-teimww:occursIn>
    <p0826-teimww:text knoraType="richtext_value">[Paradine:] Let me enjoy &lt;span class="quote"&gt;thy hand! that moist Diamond &lt;/span&gt;&lt;br&gt;
That so attracts my soul!</p0826-teimww:text>
  </p0826-teimww:passage>
  <p0826-teimww:passage id="ww_2fd6667c31283abe">
    <knoraXmlImport:label>passage label</knoraXmlImport:label>
    <p0826-teimww:occursIn>
      <p0826-teimww:book knoraType="link_value" linkType="ref" target="ww_90e51c7d8dde43b0"/>
    </p0826-teimww:occursIn>
    <p0826-teimww:text knoraType="richtext_value">[Gentleman:] [...] the fair dames, &lt;br&gt;
&lt;span class="quote"&gt;Beauties, that lights the court, and makes it thew &lt;br&gt;
Like a fair heaven in a frosty night: &lt;/span&gt;&lt;br&gt;
And 'mongst these mine, not poorest [...].</p0826-teimww:text>
  </p0826-teimww:passage>
  <p0826-teimww:passage id="ww_aad3174a304f8ae2">
    <knoraXmlImport:label>passage label</knoraXmlImport:label>
    <p0826-teimww:occursIn>
      <p0826-teimww:book knoraType="link_value" linkType="ref" target="ww_1140c36ab545b6d8"/>
    </p0826-teimww:occursIn>
  </p0826-teimww:passage>
  <p0826-teimww:passage id="ww_4bb280a983fdfd66">
    <knoraXmlImport:label>passage label</knoraXmlImport:label>
    <p0826-teimww:occursIn>
      <p0826-teimww:book knoraType="link_value" linkType="ref" target="ww_23f1e9365cf10239"/>
    </p0826-teimww:occursIn>
    <p0826-teimww:text knoraType="richtext_value">[Paradine:]&lt;span class="quote"&gt; Then glorious war, and all proud circumstance, &lt;br&gt;
That gives a soldier noise, for evermore farewell&lt;/span&gt; - [...].</p0826-teimww:text>
  </p0826-teimww:passage>
  <p0826-teimww:passage id="ww_a162d198fb34066e">
    <knoraXmlImport:label>passage label</knoraXmlImport:label>
    <p0826-teimww:occursIn>
      <p0826-teimww:book knoraType="link_value" linkType="ref" target="ww_23f1e9365cf10239"/>
    </p0826-teimww:occursIn>
    <p0826-teimww:text knoraType="richtext_value">[Paradine:] Let's to't like &lt;span class="quote"&gt;Monkeys, or the reeking Goat.&lt;/span&gt;</p0826-teimww:text>
  </p0826-teimww:passage>
  <p0826-teimww:passage id="ww_b5ecd45a5760c296">
    <knoraXmlImport:label>passage label</knoraXmlImport:label>
    <p0826-teimww:occursIn>
      <p0826-teimww:book knoraType="link_value" linkType="ref" target="ww_23f1e9365cf10239"/>
    </p0826-teimww:occursIn>
    <p0826-teimww:text knoraType="richtext_value">[Rhodolinda:] My cross fate &lt;br&gt;
&lt;span class="quote"&gt;Like the Raven, croaks a funeral note &lt;/span&gt;[...].</p0826-teimww:text>
  </p0826-teimww:passage>
  <p0826-teimww:passage id="ww_2a09caedbdd8877e">
    <knoraXmlImport:label>passage label</knoraXmlImport:label>
    <p0826-teimww:occursIn>
      <p0826-teimww:book knoraType="link_value" linkType="ref" target="ww_12b8cda82738e9e2"/>
    </p0826-teimww:occursIn>
  </p0826-teimww:passage>
  <p0826-teimww:passage id="ww_a71cef0647735267">
    <knoraXmlImport:label>passage label</knoraXmlImport:label>
    <p0826-teimww:occursIn>
      <p0826-teimww:book knoraType="link_value" linkType="ref" target="ww_23f1e9365cf10239"/>
    </p0826-teimww:occursIn>
    <p0826-teimww:text knoraType="richtext_value">[Grimold:] I'll bribe your Lordship with a Ginny &lt;span class="quote"&gt;Toothpick!&lt;/span&gt;</p0826-teimww:text>
  </p0826-teimww:passage>
  <p0826-teimww:passage id="ww_7d9ce7ba9d460fcb">
    <knoraXmlImport:label>passage label</knoraXmlImport:label>
    <p0826-teimww:occursIn>
      <p0826-teimww:book knoraType="link_value" linkType="ref" target="ww_12b8cda82738e9e2"/>
    </p0826-teimww:occursIn>
  </p0826-teimww:passage>
  <p0826-teimww:passage id="ww_104a7ab2ccd818a6">
    <knoraXmlImport:label>passage label</knoraXmlImport:label>
    <p0826-teimww:occursIn>
      <p0826-teimww:book knoraType="link_value" linkType="ref" target="ww_23f1e9365cf10239"/>
    </p0826-teimww:occursIn>
    <p0826-teimww:text knoraType="richtext_value">[Cunymond:] And whilst you are in physic (Captain)&lt;br&gt;
You fare like &lt;span class="quote"&gt;Oberon &lt;/span&gt;[...].</p0826-teimww:text>
  </p0826-teimww:passage>
  <p0826-teimww:passage id="ww_06ce35c84941a538">
    <knoraXmlImport:label>passage label</knoraXmlImport:label>
    <p0826-teimww:occursIn>
      <p0826-teimww:book knoraType="link_value" linkType="ref" target="ww_23f1e9365cf10239"/>
    </p0826-teimww:occursIn>
    <p0826-teimww:text knoraType="richtext_value">[Cunymond:] I &lt;span class="quote"&gt;wear it as a Jewel in my ear.&lt;/span&gt;</p0826-teimww:text>
  </p0826-teimww:passage>
  <p0826-teimww:passage id="ww_f0932e315d765937">
    <knoraXmlImport:label>passage label</knoraXmlImport:label>
    <p0826-teimww:occursIn>
      <p0826-teimww:book knoraType="link_value" linkType="ref" target="ww_23f1e9365cf10239"/>
    </p0826-teimww:occursIn>
    <p0826-teimww:text knoraType="richtext_value">[Rhodolinda:] &lt;span class="quote"&gt;How! lie with him? I'll sooner choose a Mansion &lt;br&gt;
In a sepulcher&lt;/span&gt;: There commit incest &lt;br&gt;
With the raw remnant of my father's bones:&lt;br&gt; 
Sooner embrace an aerie Incubus: &lt;br&gt;
Mingle Limbs with some ulcerous Cripple,&lt;br&gt; 
Able to infect a Hospital.</p0826-teimww:text>
  </p0826-teimww:passage>
  <p0826-teimww:passage id="ww_ce9042043fb0b670">
    <knoraXmlImport:label>passage label</knoraXmlImport:label>
    <p0826-teimww:occursIn>
      <p0826-teimww:book knoraType="link_value" linkType="ref" target="ww_23f1e9365cf10239"/>
    </p0826-teimww:occursIn>
    <p0826-teimww:text knoraType="richtext_value">[Frollo:] He sits like a witch, &lt;span class="quote"&gt;sailing in a sieve.&lt;/span&gt;</p0826-teimww:text>
  </p0826-teimww:passage>
  <p0826-teimww:passage id="ww_7b4b7bd72533b2ab">
    <knoraXmlImport:label>passage label</knoraXmlImport:label>
    <p0826-teimww:occursIn>
      <p0826-teimww:book knoraType="link_value" linkType="ref" target="ww_23f1e9365cf10239"/>
    </p0826-teimww:occursIn>
    <p0826-teimww:text knoraType="richtext_value">[Paradine:] Brutus, noble Brutus! &lt;span class="quote"&gt;the pride &lt;br&gt;
Of arts and war: so temperate, his soul &lt;br&gt;
was more harmonious than the spheres.&lt;/span&gt;</p0826-teimww:text>
  </p0826-teimww:passage>
  <p0826-teimww:passage id="ww_88ce1c70a002bcbc">
    <knoraXmlImport:label>passage label</knoraXmlImport:label>
    <p0826-teimww:occursIn>
      <p0826-teimww:book knoraType="link_value" linkType="ref" target="ww_23f1e9365cf10239"/>
    </p0826-teimww:occursIn>
    <p0826-teimww:text knoraType="richtext_value">[Paradine:] &lt;span class="quote"&gt;There died the noblest Trophy of our war!/span&gt;</p0826-teimww:text>
  </p0826-teimww:passage>
  <p0826-teimww:passage id="ww_5b7a9d8a19d5a3e7">
    <knoraXmlImport:label>passage label</knoraXmlImport:label>
    <p0826-teimww:occursIn>
      <p0826-teimww:book knoraType="link_value" linkType="ref" target="ww_0a181b40f9edb85e"/>
    </p0826-teimww:occursIn>
    <p0826-teimww:text knoraType="richtext_value">[Foreste:] Her soul is gone! &lt;br&gt;
Hah? &lt;span class="quote"&gt;whether is it gone? O vast suspense! &lt;/span&gt;&lt;br&gt;
Madness succeeds inquiry. &lt;span class="quote"&gt;Fools of Nature!&lt;/span&gt; &lt;br&gt;
&lt;span class="quote"&gt;What Ancestor (that died long since) hath brought &lt;br&gt;
Us news of his abode! or told us how &lt;br&gt;
They use him in the other world? &lt;/span&gt;O this &lt;br&gt;
Wild mystery so much concerneth Man: &lt;br&gt;
That we would willingly dismiss suspense &lt;br&gt;
With eyesight not with consequence. </p0826-teimww:text>
  </p0826-teimww:passage>
  <p0826-teimww:passage id="ww_4b45029fc9cbe140">
    <knoraXmlImport:label>passage label</knoraXmlImport:label>
    <p0826-teimww:occursIn>
      <p0826-teimww:book knoraType="link_value" linkType="ref" target="ww_0a181b40f9edb85e"/>
    </p0826-teimww:occursIn>
    <p0826-teimww:text knoraType="richtext_value">[Duke:] &lt;span class="quote"&gt;Did not high-providence, &lt;br&gt;
Treble the assurance of my safety: &lt;br&gt;
By Guards invisible, &lt;/span&gt;when I was first &lt;br&gt;
Predestinate to this supreme function? &lt;br&gt;
And dare thou tempt the strength of heaven? </p0826-teimww:text>
  </p0826-teimww:passage>
  <p0826-teimww:passage id="ww_fbd1b7d5fb28c729">
    <knoraXmlImport:label>passage label</knoraXmlImport:label>
    <p0826-teimww:occursIn>
      <p0826-teimww:book knoraType="link_value" linkType="ref" target="ww_12b8cda82738e9e2"/>
    </p0826-teimww:occursIn>
  </p0826-teimww:passage>
  <p0826-teimww:passage id="ww_ad36992e1795126a">
    <knoraXmlImport:label>passage label</knoraXmlImport:label>
    <p0826-teimww:occursIn>
      <p0826-teimww:book knoraType="link_value" linkType="ref" target="ww_0a181b40f9edb85e"/>
    </p0826-teimww:occursIn>
    <p0826-teimww:text knoraType="richtext_value">[Cosimo:] And is himself secure; &lt;span class="quote"&gt;happily drunk, &lt;br&gt;
Or riding in the stews; you may take some &lt;br&gt;
Advantage on his soul too.&lt;/span&gt; Lose no time. &lt;br&gt;
[Lothario:] That's my intent. &lt;br&gt;
For it were dull humanity to aim &lt;br&gt;
No farther then his life. I'll pursue him &lt;br&gt;
Even to Hell. </p0826-teimww:text>
  </p0826-teimww:passage>
  <p0826-teimww:passage id="ww_989e05b21959e001">
    <knoraXmlImport:label>passage label</knoraXmlImport:label>
    <p0826-teimww:occursIn>
      <p0826-teimww:book knoraType="link_value" linkType="ref" target="ww_0a181b40f9edb85e"/>
    </p0826-teimww:occursIn>
    <p0826-teimww:text knoraType="richtext_value">[Foreste:] You are the Duke's creature! who dotes by art,&lt;br&gt; 
&lt;span class="quote"&gt;Who in his love, and kindness, method keeps.&lt;/span&gt;</p0826-teimww:text>
  </p0826-teimww:passage>
  <p0826-teimww:passage id="ww_cf6381216e8ee608">
    <knoraXmlImport:label>passage label</knoraXmlImport:label>
    <p0826-teimww:occursIn>
      <p0826-teimww:book knoraType="link_value" linkType="ref" target="ww_0a181b40f9edb85e"/>
    </p0826-teimww:occursIn>
    <p0826-teimww:text knoraType="richtext_value">[Castruchio:] &lt;span class="quote"&gt;unless I imitate the crab, &lt;br&gt;
And find my way (as he does his) backwards.&lt;/span&gt;</p0826-teimww:text>
  </p0826-teimww:passage>
  <p0826-teimww:passage id="ww_d6c9a567da83e907">
    <knoraXmlImport:label>passage label</knoraXmlImport:label>
    <p0826-teimww:occursIn>
      <p0826-teimww:book knoraType="link_value" linkType="ref" target="ww_4f3a6c946a2fcd1e"/>
    </p0826-teimww:occursIn>
    <p0826-teimww:text knoraType="richtext_value">[Lidia:] O the difference of natures! Giovanni, &lt;br&gt;
A prince in expectation, when he lived here, &lt;br&gt;
&lt;span class="quote"&gt;Stole courtesy from heaven, &lt;/span&gt;and would not, to &lt;br&gt;
The meanest servant in my father's house, &lt;br&gt;
Have kept such distance. </p0826-teimww:text>
  </p0826-teimww:passage>
  <p0826-teimww:passage id="ww_73b3329dc834be27">
    <knoraXmlImport:label>passage label</knoraXmlImport:label>
    <p0826-teimww:occursIn>
      <p0826-teimww:book knoraType="link_value" linkType="ref" target="ww_1140c36ab545b6d8"/>
    </p0826-teimww:occursIn>
  </p0826-teimww:passage>
  <p0826-teimww:passage id="ww_fc4681b98c39196d">
    <knoraXmlImport:label>passage label</knoraXmlImport:label>
    <p0826-teimww:occursIn>
      <p0826-teimww:book knoraType="link_value" linkType="ref" target="ww_0a181b40f9edb85e"/>
    </p0826-teimww:occursIn>
    <p0826-teimww:text knoraType="richtext_value">[Corsa:] O my Brother! &lt;span class="quote"&gt;whilst I am yet human, &lt;br&gt;
Let me feel some interest in your blood.&lt;/span&gt; &lt;br&gt;
What fault of mine deserves impediments &lt;br&gt;
In my last journey? If my Lord were here &lt;br&gt;
He would have seen me vs'd (?) with mercy. &lt;br&gt;
[Foreste:] Sweet Soule! these, are but mistakes of weakness. &lt;br&gt;
[Corsa:] Will not my Lord be merciful; to me, &lt;br&gt;
And to my memory (riseth up).&lt;br&gt;
[Foreste:] Sit still. I bring no negative reply. &lt;br&gt;
Thy worth shall shine in such a character: &lt;br&gt;
That being dead; he needs must woe thy Ghost. </p0826-teimww:text>
  </p0826-teimww:passage>
  <p0826-teimww:passage id="ww_173ddd1ce872fad3">
    <knoraXmlImport:label>passage label</knoraXmlImport:label>
    <p0826-teimww:occursIn>
      <p0826-teimww:book knoraType="link_value" linkType="ref" target="ww_0a181b40f9edb85e"/>
    </p0826-teimww:occursIn>
    <p0826-teimww:text knoraType="richtext_value">[Borachio:] &lt;span class="quote"&gt;I'll not be his ass, &lt;br&gt;
That served for blows, and provender.&lt;/span&gt;</p0826-teimww:text>
  </p0826-teimww:passage>
  <p0826-teimww:passage id="ww_fcd3ab9b3356d28b">
    <knoraXmlImport:label>passage label</knoraXmlImport:label>
    <p0826-teimww:occursIn>
      <p0826-teimww:book knoraType="link_value" linkType="ref" target="ww_ac3676ebd4fd4919"/>
    </p0826-teimww:occursIn>
    <p0826-teimww:text knoraType="richtext_value">[Anne:] &lt;span class="quote"&gt;If you be Bateman; &lt;br&gt;
T'were best you travelled d from my father's ground &lt;br&gt;
Lest he indite you? &lt;/span&gt;</p0826-teimww:text>
  </p0826-teimww:passage>
  <p0826-teimww:passage id="ww_b2e8af333f5f0a1f">
    <knoraXmlImport:label>passage label</knoraXmlImport:label>
    <p0826-teimww:occursIn>
      <p0826-teimww:book knoraType="link_value" linkType="ref" target="ww_84a8155c55c3c1e2"/>
    </p0826-teimww:occursIn>
  </p0826-teimww:passage>
  <p0826-teimww:passage id="ww_3c068ca905d4ca72">
    <knoraXmlImport:label>passage label</knoraXmlImport:label>
    <p0826-teimww:occursIn>
      <p0826-teimww:book knoraType="link_value" linkType="ref" target="ww_fde3a71f41183980"/>
    </p0826-teimww:occursIn>
    <p0826-teimww:text knoraType="richtext_value">[Sciolto:] They've &lt;span class="quote"&gt;watched &lt;br&gt;
My hardy violence so tame&lt;/span&gt; [...].</p0826-teimww:text>
  </p0826-teimww:passage>
  <p0826-teimww:passage id="ww_e5cb4364b74c306c">
    <knoraXmlImport:label>passage label</knoraXmlImport:label>
    <p0826-teimww:occursIn>
      <p0826-teimww:book knoraType="link_value" linkType="ref" target="ww_12b8cda82738e9e2"/>
    </p0826-teimww:occursIn>
  </p0826-teimww:passage>
  <p0826-teimww:passage id="ww_401c225de0764fd2">
    <knoraXmlImport:label>passage label</knoraXmlImport:label>
    <p0826-teimww:occursIn>
      <p0826-teimww:book knoraType="link_value" linkType="ref" target="ww_929a719a55a63af2"/>
    </p0826-teimww:occursIn>
    <p0826-teimww:text knoraType="richtext_value">[Camiola:] [...] Will it ever be &lt;br&gt;
That to deserve too much is dangerous, &lt;br&gt;
And &lt;span class="quote"&gt;virtue, when too eminent, a crime? &lt;/span&gt;</p0826-teimww:text>
  </p0826-teimww:passage>
  <p0826-teimww:passage id="ww_32b1c3edd6e44a32">
    <knoraXmlImport:label>passage label</knoraXmlImport:label>
    <p0826-teimww:occursIn>
      <p0826-teimww:book knoraType="link_value" linkType="ref" target="ww_1140c36ab545b6d8"/>
    </p0826-teimww:occursIn>
  </p0826-teimww:passage>
  <p0826-teimww:passage id="ww_60cf8c7115891e92">
    <knoraXmlImport:label>passage label</knoraXmlImport:label>
    <p0826-teimww:occursIn>
      <p0826-teimww:book knoraType="link_value" linkType="ref" target="ww_800919bc37e2d114"/>
    </p0826-teimww:occursIn>
    <p0826-teimww:text knoraType="richtext_value">[Goodlack:] You are not mad, sir? You say you love her.&lt;br&gt;
[Spencer:] Never question that.&lt;br&gt;
[Goodlack:] Then put her to't, &lt;span class="quote"&gt;win opportunity, she['s] the best bawd. &lt;/span&gt;If (as you say) she loves you, she can deny you nothing.</p0826-teimww:text>
  </p0826-teimww:passage>
  <p0826-teimww:passage id="ww_17c6d1035ae86488">
    <knoraXmlImport:label>passage label</knoraXmlImport:label>
    <p0826-teimww:occursIn>
      <p0826-teimww:book knoraType="link_value" linkType="ref" target="ww_1140c36ab545b6d8"/>
    </p0826-teimww:occursIn>
  </p0826-teimww:passage>
  <p0826-teimww:passage id="ww_3969009383bfa54e">
    <knoraXmlImport:label>passage label</knoraXmlImport:label>
    <p0826-teimww:occursIn>
      <p0826-teimww:book knoraType="link_value" linkType="ref" target="ww_f25717752145938c"/>
    </p0826-teimww:occursIn>
    <p0826-teimww:text knoraType="richtext_value">[Berecinthius:] [...] mother of the gods what is he [...]&lt;br&gt;
at his best but a Patrician of Rome,&lt;br&gt;
&lt;span class="quote"&gt;His name's Titus flaminius, and speak mine&lt;br&gt;
Berecinthius Archflamen to Cybele it makes as great a sound.&lt;/span&gt;</p0826-teimww:text>
  </p0826-teimww:passage>
  <p0826-teimww:passage id="ww_516f8253c260fdf0">
    <knoraXmlImport:label>passage label</knoraXmlImport:label>
    <p0826-teimww:occursIn>
      <p0826-teimww:book knoraType="link_value" linkType="ref" target="ww_1140c36ab545b6d8"/>
    </p0826-teimww:occursIn>
  </p0826-teimww:passage>
  <p0826-teimww:passage id="ww_1937b66745dbbdc4">
    <knoraXmlImport:label>passage label</knoraXmlImport:label>
    <p0826-teimww:occursIn>
      <p0826-teimww:book knoraType="link_value" linkType="ref" target="ww_f25717752145938c"/>
    </p0826-teimww:occursIn>
    <p0826-teimww:text knoraType="richtext_value">[Antiochus:] [...] to assure it with all &lt;span class="quote"&gt;pomp &lt;br&gt;
and circumstance of glory&lt;/span&gt; [...].</p0826-teimww:text>
  </p0826-teimww:passage>
  <p0826-teimww:passage id="ww_02ee387cad003b59">
    <knoraXmlImport:label>passage label</knoraXmlImport:label>
    <p0826-teimww:occursIn>
      <p0826-teimww:book knoraType="link_value" linkType="ref" target="ww_1140c36ab545b6d8"/>
    </p0826-teimww:occursIn>
  </p0826-teimww:passage>
  <p0826-teimww:passage id="ww_a7d2be92263b9b55">
    <knoraXmlImport:label>passage label</knoraXmlImport:label>
    <p0826-teimww:occursIn>
      <p0826-teimww:book knoraType="link_value" linkType="ref" target="ww_485a54b3b41dff9b"/>
    </p0826-teimww:occursIn>
    <p0826-teimww:text knoraType="richtext_value">[Paulinus:] Yet take heed,&lt;br&gt;
Take heed Lord Philanax , that &lt;span class="quote"&gt;for private spleen&lt;br&gt;&lt;/span&gt;
Or any false conceived grudge against me,&lt;br&gt;
[...] you do not that&lt;br&gt;
My royal Master must in justice punish [...].</p0826-teimww:text>
  </p0826-teimww:passage>
  <p0826-teimww:passage id="ww_2177830d1e14ec6b">
    <knoraXmlImport:label>passage label</knoraXmlImport:label>
    <p0826-teimww:occursIn>
      <p0826-teimww:book knoraType="link_value" linkType="ref" target="ww_1140c36ab545b6d8"/>
    </p0826-teimww:occursIn>
  </p0826-teimww:passage>
  <p0826-teimww:passage id="ww_acfc8be01bda1743">
    <knoraXmlImport:label>passage label</knoraXmlImport:label>
    <p0826-teimww:occursIn>
      <p0826-teimww:book knoraType="link_value" linkType="ref" target="ww_485a54b3b41dff9b"/>
    </p0826-teimww:occursIn>
    <p0826-teimww:text knoraType="richtext_value">[Theodosius:] [...] Me thinks &lt;span class="quote"&gt;I find &lt;i&gt; Paulinus &lt;/i&gt; on her lips&lt;/span&gt; [...].</p0826-teimww:text>
  </p0826-teimww:passage>
  <p0826-teimww:passage id="ww_ee7176957261ed98">
    <knoraXmlImport:label>passage label</knoraXmlImport:label>
    <p0826-teimww:occursIn>
      <p0826-teimww:book knoraType="link_value" linkType="ref" target="ww_cf1407d337262e2b"/>
    </p0826-teimww:occursIn>
    <p0826-teimww:text knoraType="richtext_value">[Simo:] That I should have so ravishing a face,&lt;br&gt;
And never know it! - Miser that I was!&lt;br&gt;
I will go home and &lt;span class="quote"&gt;buy a looking glass,&lt;br&gt;
To be acquainted with my parts &lt;/span&gt;hereafter.</p0826-teimww:text>
  </p0826-teimww:passage>
  <p0826-teimww:passage id="ww_5bb3e08b7680623a">
    <knoraXmlImport:label>passage label</knoraXmlImport:label>
    <p0826-teimww:occursIn>
      <p0826-teimww:book knoraType="link_value" linkType="ref" target="ww_1140c36ab545b6d8"/>
    </p0826-teimww:occursIn>
  </p0826-teimww:passage>
  <p0826-teimww:passage id="ww_7bd0c46cbe0aa3f3">
    <knoraXmlImport:label>passage label</knoraXmlImport:label>
    <p0826-teimww:occursIn>
      <p0826-teimww:book knoraType="link_value" linkType="ref" target="ww_2a002aad2fdee000"/>
    </p0826-teimww:occursIn>
    <p0826-teimww:text knoraType="richtext_value">And if but an ordinary artist should with a watchful eye diligently and narrowly observe the ordinary proceeding of such an &lt;i&gt;Aesculapius&lt;/i&gt;, he should observe him often, [...] to soothe up his patient [...] when not withstanding &lt;span class="quote"&gt;this grim Sergeant seizes on the prisoner without bail or main price&lt;/span&gt;.</p0826-teimww:text>
  </p0826-teimww:passage>
  <p0826-teimww:passage id="ww_fe0aeeb4482cb05d">
    <knoraXmlImport:label>passage label</knoraXmlImport:label>
    <p0826-teimww:occursIn>
      <p0826-teimww:book knoraType="link_value" linkType="ref" target="ww_1c8a25fac02f85a7"/>
    </p0826-teimww:occursIn>
  </p0826-teimww:passage>
  <p0826-teimww:passage id="ww_fa2c092898ef46f2">
    <knoraXmlImport:label>passage label</knoraXmlImport:label>
    <p0826-teimww:occursIn>
      <p0826-teimww:book knoraType="link_value" linkType="ref" target="ww_c8ca0bdc1413defb"/>
    </p0826-teimww:occursIn>
    <p0826-teimww:text knoraType="richtext_value">[Aphelia:] [...] But what I saw was real; heard'st thou nothing?&lt;br&gt;
[Isabel:] I heard discourse of people in your Chamber&lt;br&gt;
Some half an hour since, but they went forth,&lt;br&gt;
And to my seeming full of discontent,&lt;br&gt;
But know not who they were.&lt;br&gt;
[Aphelia:] Oh it is too true;&lt;br&gt;
I'll to my Father's, &lt;span class="quote"&gt;
my Prophetic soul&lt;/span&gt;&lt;br&gt;
Sits like a Mine of lead within me; come&lt;br&gt;
Help me to mourn my Girl, for this sad sight&lt;br&gt;
Besits a funeral, not a Bridal night.</p0826-teimww:text>
  </p0826-teimww:passage>
  <p0826-teimww:passage id="ww_d1842b6f395a67c9">
    <knoraXmlImport:label>passage label</knoraXmlImport:label>
    <p0826-teimww:occursIn>
      <p0826-teimww:book knoraType="link_value" linkType="ref" target="ww_91e0dc4c671938fa"/>
    </p0826-teimww:occursIn>
  </p0826-teimww:passage>
  <p0826-teimww:passage id="ww_5e06493bd0834a4c">
    <knoraXmlImport:label>passage label</knoraXmlImport:label>
    <p0826-teimww:occursIn>
      <p0826-teimww:book knoraType="link_value" linkType="ref" target="ww_5868d5560bdfc062"/>
    </p0826-teimww:occursIn>
  </p0826-teimww:passage>
  <p0826-teimww:passage id="ww_d743d2f1ed21b17d">
    <knoraXmlImport:label>passage label</knoraXmlImport:label>
    <p0826-teimww:occursIn>
      <p0826-teimww:book knoraType="link_value" linkType="ref" target="ww_e04a109f879d52d9"/>
    </p0826-teimww:occursIn>
    <p0826-teimww:text knoraType="richtext_value">[Cassandra:] [...] &lt;span class="quote"&gt;my prophetic soul&lt;/span&gt;&lt;br&gt;
Knew this before.</p0826-teimww:text>
  </p0826-teimww:passage>
  <p0826-teimww:passage id="ww_bd89fcb2121d3fdf">
    <knoraXmlImport:label>passage label</knoraXmlImport:label>
    <p0826-teimww:occursIn>
      <p0826-teimww:book knoraType="link_value" linkType="ref" target="ww_91e0dc4c671938fa"/>
    </p0826-teimww:occursIn>
  </p0826-teimww:passage>
  <p0826-teimww:passage id="ww_4c4454da00b0563b">
    <knoraXmlImport:label>passage label</knoraXmlImport:label>
    <p0826-teimww:occursIn>
      <p0826-teimww:book knoraType="link_value" linkType="ref" target="ww_3099d6a308853605"/>
    </p0826-teimww:occursIn>
    <p0826-teimww:text knoraType="richtext_value">In Election God bestowes on us his love, in Calling he grants the blessing of his word, in Justifying he communicates to us the sweetness of his spirit; in Glorifying he doth wholly give us himself. We see far with our body's eye, sense: further with &lt;span class="quote"&gt;the mind's eye&lt;/span&gt;, Reason; furthest with &lt;span class="quote"&gt;the soul's eye&lt;/span&gt;, Faith. The Rational eye doth not so far exceed the sensual, as the spiritual exceeds the rational. &lt;i&gt;Calling&lt;/i&gt; illuminates the mind with knowledge; Sanctifying seals up the heart with spiritual comfort: salvation crowns all, even the soul with immortal bliss.</p0826-teimww:text>
  </p0826-teimww:passage>
  <p0826-teimww:passage id="ww_71642dab30ff9bf0">
    <knoraXmlImport:label>passage label</knoraXmlImport:label>
    <p0826-teimww:occursIn>
      <p0826-teimww:book knoraType="link_value" linkType="ref" target="ww_c8f5dee9c32a4636"/>
    </p0826-teimww:occursIn>
  </p0826-teimww:passage>
  <p0826-teimww:passage id="ww_477e4e6e9e7bb004">
    <knoraXmlImport:label>passage label</knoraXmlImport:label>
    <p0826-teimww:occursIn>
      <p0826-teimww:book knoraType="link_value" linkType="ref" target="ww_f1d46e7ae80368bd"/>
    </p0826-teimww:occursIn>
    <p0826-teimww:text knoraType="richtext_value">[Adorio:] Heaven be pleas'd to qualify this excess of happiness &lt;br&gt;
With some disaster, or &lt;span class="quote"&gt;I shall expire &lt;br&gt;
With a surfeit of Felicity &lt;/span&gt;[...].</p0826-teimww:text>
  </p0826-teimww:passage>
  <p0826-teimww:passage id="ww_3c425b4676ed29b0">
    <knoraXmlImport:label>passage label</knoraXmlImport:label>
    <p0826-teimww:occursIn>
      <p0826-teimww:book knoraType="link_value" linkType="ref" target="ww_1140c36ab545b6d8"/>
    </p0826-teimww:occursIn>
  </p0826-teimww:passage>
  <p0826-teimww:passage id="ww_045c010f4380102f">
    <knoraXmlImport:label>passage label</knoraXmlImport:label>
    <p0826-teimww:occursIn>
      <p0826-teimww:book knoraType="link_value" linkType="ref" target="ww_d35dc820f15d3e44"/>
    </p0826-teimww:occursIn>
    <p0826-teimww:text knoraType="richtext_value">&lt;span class="quote"&gt;This goodly frame of the world &lt;/span&gt;[...].</p0826-teimww:text>
  </p0826-teimww:passage>
  <p0826-teimww:passage id="ww_6e951a19c821af23">
    <knoraXmlImport:label>passage label</knoraXmlImport:label>
    <p0826-teimww:occursIn>
      <p0826-teimww:book knoraType="link_value" linkType="ref" target="ww_ba8a8fc764e851b4"/>
    </p0826-teimww:occursIn>
  </p0826-teimww:passage>
  <p0826-teimww:passage id="ww_74431c216556ab3f">
    <knoraXmlImport:label>passage label</knoraXmlImport:label>
    <p0826-teimww:occursIn>
      <p0826-teimww:book knoraType="link_value" linkType="ref" target="ww_d5382e88160d5533"/>
    </p0826-teimww:occursIn>
    <p0826-teimww:text knoraType="richtext_value">[Alvaro:] Could change my corslet, and my iron vests &lt;br&gt;
Of rugged &lt;span class="quote"&gt;war, to move in gentle pace, &lt;br&gt;
Unto the tuneful whispers of thy lute &lt;/span&gt;[...].</p0826-teimww:text>
  </p0826-teimww:passage>
  <p0826-teimww:passage id="ww_a05077537e0713bd">
    <knoraXmlImport:label>passage label</knoraXmlImport:label>
    <p0826-teimww:occursIn>
      <p0826-teimww:book knoraType="link_value" linkType="ref" target="ww_12b8cda82738e9e2"/>
    </p0826-teimww:occursIn>
  </p0826-teimww:passage>
  <p0826-teimww:passage id="ww_4ea87fd00be3b4a2">
    <knoraXmlImport:label>passage label</knoraXmlImport:label>
    <p0826-teimww:occursIn>
      <p0826-teimww:book knoraType="link_value" linkType="ref" target="ww_523948c4964405e9"/>
    </p0826-teimww:occursIn>
    <p0826-teimww:text knoraType="richtext_value">[Jacintha:] Falstaff I will believe thee,&lt;br&gt;
&lt;span class="quote"&gt;There is no faith in villanous man. &lt;/span&gt;</p0826-teimww:text>
  </p0826-teimww:passage>
  <p0826-teimww:passage id="ww_39cee984ebb9b305">
    <knoraXmlImport:label>passage label</knoraXmlImport:label>
    <p0826-teimww:occursIn>
      <p0826-teimww:book knoraType="link_value" linkType="ref" target="ww_1140c36ab545b6d8"/>
    </p0826-teimww:occursIn>
  </p0826-teimww:passage>
  <p0826-teimww:passage id="ww_433754d2880dabda">
    <knoraXmlImport:label>passage label</knoraXmlImport:label>
    <p0826-teimww:occursIn>
      <p0826-teimww:book knoraType="link_value" linkType="ref" target="ww_e798efc53c0d661b"/>
    </p0826-teimww:occursIn>
    <p0826-teimww:text knoraType="richtext_value">[Theander:] Like &lt;span class="quote"&gt;sullen roses that would wither on &lt;br&gt;&lt;/span&gt;
The bough, e're throughly blown, e're gather'd for &lt;br&gt;
&lt;span class="quote"&gt;The Still; &lt;/span&gt;so lose all memory that they were ever sweet. </p0826-teimww:text>
  </p0826-teimww:passage>
  <p0826-teimww:passage id="ww_aa1de87b830b7b4c">
    <knoraXmlImport:label>passage label</knoraXmlImport:label>
    <p0826-teimww:occursIn>
      <p0826-teimww:book knoraType="link_value" linkType="ref" target="ww_f820be86ce1c69cf"/>
    </p0826-teimww:occursIn>
    <p0826-teimww:text knoraType="richtext_value">[Bornewell:] [...] And Ladies thither bound by a Subpoena &lt;br&gt;
Of &lt;i&gt; Venus&lt;/i&gt;, and small &lt;i&gt; Cupid's &lt;/i&gt; high displeasure, &lt;br&gt;
Tis but &lt;span class="quote"&gt;the family of love &lt;/span&gt;translated &lt;br&gt;
Into more costly sin [...].</p0826-teimww:text>
  </p0826-teimww:passage>
  <p0826-teimww:passage id="ww_f0f9bc1eff7630f0">
    <knoraXmlImport:label>passage label</knoraXmlImport:label>
    <p0826-teimww:occursIn>
      <p0826-teimww:book knoraType="link_value" linkType="ref" target="ww_f600369619d836c6"/>
    </p0826-teimww:occursIn>
    <p0826-teimww:text knoraType="richtext_value">Inhabited so long, nor any impure thought aim at the mudding of this purest Fountain. Whether &lt;span class="quote"&gt;her prophetic Soul &lt;/span&gt;foresaw the snares of the ungodly, and so shunn'd them, they say not [...].</p0826-teimww:text>
  </p0826-teimww:passage>
  <p0826-teimww:passage id="ww_876f993a63944864">
    <knoraXmlImport:label>passage label</knoraXmlImport:label>
    <p0826-teimww:occursIn>
      <p0826-teimww:book knoraType="link_value" linkType="ref" target="ww_91e0dc4c671938fa"/>
    </p0826-teimww:occursIn>
  </p0826-teimww:passage>
  <p0826-teimww:passage id="ww_559abdfea9a8a60b">
    <knoraXmlImport:label>passage label</knoraXmlImport:label>
    <p0826-teimww:occursIn>
      <p0826-teimww:book knoraType="link_value" linkType="ref" target="ww_cd047776ecc0f21c"/>
    </p0826-teimww:occursIn>
    <p0826-teimww:text knoraType="richtext_value">[Messalina:] Swallow me &lt;span class="quote"&gt;earth, gape &lt;/span&gt;gape and swallow […].</p0826-teimww:text>
  </p0826-teimww:passage>
  <p0826-teimww:passage id="ww_79cebca89809a6ab">
    <knoraXmlImport:label>passage label</knoraXmlImport:label>
    <p0826-teimww:occursIn>
      <p0826-teimww:book knoraType="link_value" linkType="ref" target="ww_5603853ee308e6b5"/>
    </p0826-teimww:occursIn>
  </p0826-teimww:passage>
  <p0826-teimww:passage id="ww_e679ef8164b2da43">
    <knoraXmlImport:label>passage label</knoraXmlImport:label>
    <p0826-teimww:occursIn>
      <p0826-teimww:book knoraType="link_value" linkType="ref" target="ww_d67aa0d57e6ca1d5"/>
    </p0826-teimww:occursIn>
    <p0826-teimww:text knoraType="richtext_value">They would &lt;span class="quote"&gt;speak Dagger points&lt;/span&gt;, as &lt;i&gt;Joab&lt;/i&gt; discoursed with &lt;i&gt;Amasa&lt;/i&gt; in the fifth rib.</p0826-teimww:text>
  </p0826-teimww:passage>
  <p0826-teimww:passage id="ww_b16cd2db671395a9">
    <knoraXmlImport:label>passage label</knoraXmlImport:label>
    <p0826-teimww:occursIn>
      <p0826-teimww:book knoraType="link_value" linkType="ref" target="ww_1c8a25fac02f85a7"/>
    </p0826-teimww:occursIn>
  </p0826-teimww:passage>
  <p0826-teimww:passage id="ww_399bca065aa9ac45">
    <knoraXmlImport:label>passage label</knoraXmlImport:label>
    <p0826-teimww:occursIn>
      <p0826-teimww:book knoraType="link_value" linkType="ref" target="ww_fca85ff87c98f237"/>
    </p0826-teimww:occursIn>
    <p0826-teimww:text knoraType="richtext_value">[Orsini:] [...] This night the French, and Genovese intend&lt;br&gt;
To seize our empty fleet, that rides i'th harbour;&lt;br&gt;
Those men I have endeared, - &lt;br&gt;
   &lt;span class="quote"&gt;Mount, mount my soul, &lt;/span&gt;let no fear weigh thee down,&lt;br&gt;
   He stakes his life that thus casts at a Crown.</p0826-teimww:text>
  </p0826-teimww:passage>
  <p0826-teimww:passage id="ww_16b8e276ee3bc0fe">
    <knoraXmlImport:label>passage label</knoraXmlImport:label>
    <p0826-teimww:occursIn>
      <p0826-teimww:book knoraType="link_value" linkType="ref" target="ww_08a130e81db8a98f"/>
    </p0826-teimww:occursIn>
  </p0826-teimww:passage>
  <p0826-teimww:passage id="ww_fccdaa4ef6ef4635">
    <knoraXmlImport:label>passage label</knoraXmlImport:label>
    <p0826-teimww:occursIn>
      <p0826-teimww:book knoraType="link_value" linkType="ref" target="ww_642b2e2b3af470fd"/>
    </p0826-teimww:occursIn>
    <p0826-teimww:text knoraType="richtext_value">[Oramont:] &lt;span class="quote"&gt;What strange divinity is that, which guards &lt;br&gt;
These Kings (the lawful terrors of mankind) &lt;br&gt;
Keeps them as safe from punishment, when they &lt;br&gt;
Oppress the tame and good, as it secures &lt;br&gt;
Them from the treachery of the fierce, and bad. </p0826-teimww:text>
  </p0826-teimww:passage>
  <p0826-teimww:passage id="ww_71ffd79dc7884ae1">
    <knoraXmlImport:label>passage label</knoraXmlImport:label>
    <p0826-teimww:occursIn>
      <p0826-teimww:book knoraType="link_value" linkType="ref" target="ww_12b8cda82738e9e2"/>
    </p0826-teimww:occursIn>
  </p0826-teimww:passage>
  <p0826-teimww:passage id="ww_de197f739a0bc601">
    <knoraXmlImport:label>passage label</knoraXmlImport:label>
    <p0826-teimww:occursIn>
      <p0826-teimww:book knoraType="link_value" linkType="ref" target="ww_642b2e2b3af470fd"/>
    </p0826-teimww:occursIn>
    <p0826-teimww:text knoraType="richtext_value">[Amadore:] Are there no terrors near &lt;br&gt;
The Grave? &lt;span class="quote"&gt;No angry Spirits, whose &lt;br&gt;
Imployment is to hurry, and transmit the Soul &lt;br&gt;
From flame to flame, from wind to wind &lt;/span&gt;(Poor &lt;br&gt;
Vex'd and weary stranger?)</p0826-teimww:text>
  </p0826-teimww:passage>
  <p0826-teimww:passage id="ww_8726a326d0634f50">
    <knoraXmlImport:label>passage label</knoraXmlImport:label>
    <p0826-teimww:occursIn>
      <p0826-teimww:book knoraType="link_value" linkType="ref" target="ww_12b8cda82738e9e2"/>
    </p0826-teimww:occursIn>
  </p0826-teimww:passage>
  <p0826-teimww:passage id="ww_1ce2753819f11a82">
    <knoraXmlImport:label>passage label</knoraXmlImport:label>
    <p0826-teimww:occursIn>
      <p0826-teimww:book knoraType="link_value" linkType="ref" target="ww_642b2e2b3af470fd"/>
    </p0826-teimww:occursIn>
    <p0826-teimww:text knoraType="richtext_value">[Eumena (kneels):] &lt;span class="quote"&gt;For 'tis the last request I ere shall make. &lt;/span&gt;</p0826-teimww:text>
  </p0826-teimww:passage>
  <p0826-teimww:passage id="ww_7266a241dead155c">
    <knoraXmlImport:label>passage label</knoraXmlImport:label>
    <p0826-teimww:occursIn>
      <p0826-teimww:book knoraType="link_value" linkType="ref" target="ww_c354c8aa7bc6d63e"/>
    </p0826-teimww:occursIn>
    <p0826-teimww:text knoraType="richtext_value">[Samorat:] &lt;span class="quote"&gt;The Prince of Darkness is a gentleman, &lt;br&gt;
Mahu, Mohu &lt;/span&gt;is his name.</p0826-teimww:text>
  </p0826-teimww:passage>
  <p0826-teimww:passage id="ww_addbc84983e1f3c5">
    <knoraXmlImport:label>passage label</knoraXmlImport:label>
    <p0826-teimww:occursIn>
      <p0826-teimww:book knoraType="link_value" linkType="ref" target="ww_c354c8aa7bc6d63e"/>
    </p0826-teimww:occursIn>
    <p0826-teimww:text knoraType="richtext_value">[Pellegrin:]&lt;/i&gt; Is't ev'n so? Why then, &lt;br&gt; 
&lt;span class="quote"&gt;Farewell the plumed troops, &lt;/span&gt;and the big wars, &lt;br&gt;
Which made ambition virtue.</p0826-teimww:text>
  </p0826-teimww:passage>
  <p0826-teimww:passage id="ww_d8be920d61fe55b9">
    <knoraXmlImport:label>passage label</knoraXmlImport:label>
    <p0826-teimww:occursIn>
      <p0826-teimww:book knoraType="link_value" linkType="ref" target="ww_1140c36ab545b6d8"/>
    </p0826-teimww:occursIn>
  </p0826-teimww:passage>
  <p0826-teimww:passage id="ww_2ea9cb1f4b1433a1">
    <knoraXmlImport:label>passage label</knoraXmlImport:label>
    <p0826-teimww:occursIn>
      <p0826-teimww:book knoraType="link_value" linkType="ref" target="ww_c354c8aa7bc6d63e"/>
    </p0826-teimww:occursIn>
    <p0826-teimww:text knoraType="richtext_value">[Peridor:] I've found it out, &lt;br&gt;
He does intend to fetch this stranger back, &lt;br&gt;
And give him Reginella, &lt;br&gt;
Or else - No, no, it must be that &lt;br&gt; 
His anger, and the search declare it;&lt;br&gt;
&lt;span class="quote"&gt;The secret of the prison-house&lt;/span&gt; shall out I swear.</p0826-teimww:text>
  </p0826-teimww:passage>
  <p0826-teimww:passage id="ww_6e0b2136a8c6b887">
    <knoraXmlImport:label>passage label</knoraXmlImport:label>
    <p0826-teimww:occursIn>
      <p0826-teimww:book knoraType="link_value" linkType="ref" target="ww_1140c36ab545b6d8"/>
    </p0826-teimww:occursIn>
  </p0826-teimww:passage>
  <p0826-teimww:passage id="ww_07c5f416234320e0">
    <knoraXmlImport:label>passage label</knoraXmlImport:label>
    <p0826-teimww:occursIn>
      <p0826-teimww:book knoraType="link_value" linkType="ref" target="ww_3f5747bce6d798fe"/>
    </p0826-teimww:occursIn>
    <p0826-teimww:text knoraType="richtext_value">[Simanthes:] With the pardon&lt;br&gt;
Of your most sacred Majesty, 'tis fit then&lt;br&gt;
Your great commands forbid the Prince's voyage:&lt;br&gt;
Boldness enforces youth to hard achievements&lt;br&gt;
Before their time, makes them &lt;span class="quote"&gt;run forth like lapwings&lt;br&gt;
From their nest, part of the shell yet sticking&lt;br&gt;
Unto their downy heads&lt;/span&gt;.</p0826-teimww:text>
  </p0826-teimww:passage>
  <p0826-teimww:passage id="ww_5c44beee77d273ec">
    <knoraXmlImport:label>passage label</knoraXmlImport:label>
    <p0826-teimww:occursIn>
      <p0826-teimww:book knoraType="link_value" linkType="ref" target="ww_1140c36ab545b6d8"/>
    </p0826-teimww:occursIn>
  </p0826-teimww:passage>
  <p0826-teimww:passage id="ww_94f727c42f8fefe9">
    <knoraXmlImport:label>passage label</knoraXmlImport:label>
    <p0826-teimww:occursIn>
      <p0826-teimww:book knoraType="link_value" linkType="ref" target="ww_e81f44945dfa651c"/>
    </p0826-teimww:occursIn>
  </p0826-teimww:passage>
  <p0826-teimww:passage id="ww_e98878c31d6e5d49">
    <knoraXmlImport:label>passage label</knoraXmlImport:label>
    <p0826-teimww:occursIn>
      <p0826-teimww:book knoraType="link_value" linkType="ref" target="ww_faab680e79f823c3"/>
    </p0826-teimww:occursIn>
    <p0826-teimww:text knoraType="richtext_value">[Leopoldo:] I must find this Maid though thousand Difficulties oppose; 'tis the very Figure in my Sister's Dream. - O Bellamira,&lt;span class="quote"&gt; thy prophetic soul &lt;/span&gt;has foreseen all our Troubles both of mind and body.</p0826-teimww:text>
  </p0826-teimww:passage>
  <p0826-teimww:passage id="ww_81b056f5541af2be">
    <knoraXmlImport:label>passage label</knoraXmlImport:label>
    <p0826-teimww:occursIn>
      <p0826-teimww:book knoraType="link_value" linkType="ref" target="ww_b3931845d54b98d5"/>
    </p0826-teimww:occursIn>
  </p0826-teimww:passage>
  <p0826-teimww:passage id="ww_02d0e7b91b9cf1c8">
    <knoraXmlImport:label>passage label</knoraXmlImport:label>
    <p0826-teimww:occursIn>
      <p0826-teimww:book knoraType="link_value" linkType="ref" target="ww_4ec990bf4885faf0"/>
    </p0826-teimww:occursIn>
    <p0826-teimww:text knoraType="richtext_value">[Amadeo:] Sir, by Manlius we sent a message to great Otho; Clorinda 's &lt;span class="quote"&gt;Prophetick soul &lt;/span&gt;proposed it, our desires were few and short, being the sence of those minds which never yet were false; we only ask to be used like friends to the Romans; that we once dared to be enemies ought not to prejudice us, but rather shew us worthy the honour of a peace, which, with honour, is all we ask, and then command us. </p0826-teimww:text>
  </p0826-teimww:passage>
  <p0826-teimww:passage id="ww_e77bb1c255513612">
    <knoraXmlImport:label>passage label</knoraXmlImport:label>
    <p0826-teimww:occursIn>
      <p0826-teimww:book knoraType="link_value" linkType="ref" target="ww_91e0dc4c671938fa"/>
    </p0826-teimww:occursIn>
  </p0826-teimww:passage>
  <p0826-teimww:passage id="ww_f6d062dbb67b0fd8">
    <knoraXmlImport:label>passage label</knoraXmlImport:label>
    <p0826-teimww:occursIn>
      <p0826-teimww:book knoraType="link_value" linkType="ref" target="ww_302fb9237874258f"/>
    </p0826-teimww:occursIn>
    <p0826-teimww:text knoraType="richtext_value">[Delirus:] [...] We &lt;br&gt;
Are married to another world &lt;i&gt;Artesia&lt;/i&gt;, let them &lt;br&gt;
Injoy the happiness in this (if there be any in't) &lt;br&gt;
That are wedded to it, whom we with pity, not &lt;br&gt;
With envy must behold. And 'tis no little joy, amid'st &lt;br&gt;
Our &lt;span class="quote"&gt;sea of troubles&lt;/span&gt;, to see thee thus prepar'd for &lt;br&gt;
Death; which we'l imbrace as greedily, as &lt;br&gt;
Shipwrackt travellers do the long'd for shoare: [...].</p0826-teimww:text>
  </p0826-teimww:passage>
  <p0826-teimww:passage id="ww_2513c022db964ccf">
    <knoraXmlImport:label>passage label</knoraXmlImport:label>
    <p0826-teimww:occursIn>
      <p0826-teimww:book knoraType="link_value" linkType="ref" target="ww_3e15ab6c612eadae"/>
    </p0826-teimww:occursIn>
  </p0826-teimww:passage>
  <p0826-teimww:passage id="ww_8a4d7693d8cf722a">
    <knoraXmlImport:label>passage label</knoraXmlImport:label>
    <p0826-teimww:occursIn>
      <p0826-teimww:book knoraType="link_value" linkType="ref" target="ww_2774c07140c40620"/>
    </p0826-teimww:occursIn>
    <p0826-teimww:text knoraType="richtext_value">&lt;span class="quote"&gt;A Brother's Murder&lt;/span&gt;</p0826-teimww:text>
  </p0826-teimww:passage>
  <p0826-teimww:passage id="ww_9b07ac531601bfa6">
    <knoraXmlImport:label>passage label</knoraXmlImport:label>
    <p0826-teimww:occursIn>
      <p0826-teimww:book knoraType="link_value" linkType="ref" target="ww_73cdd390f6e92cbe"/>
    </p0826-teimww:occursIn>
  </p0826-teimww:passage>
  <p0826-teimww:passage id="ww_c45c344b27eac392">
    <knoraXmlImport:label>passage label</knoraXmlImport:label>
    <p0826-teimww:occursIn>
      <p0826-teimww:book knoraType="link_value" linkType="ref" target="ww_1d1e4a88851e1bfc"/>
    </p0826-teimww:occursIn>
    <p0826-teimww:text knoraType="richtext_value">&lt;span class="quote"&gt;New Broom sweeps clean: Frosty age and youth suit not well together.&lt;/span&gt;</p0826-teimww:text>
  </p0826-teimww:passage>
  <p0826-teimww:passage id="ww_008482a43d9a11cc">
    <knoraXmlImport:label>passage label</knoraXmlImport:label>
    <p0826-teimww:occursIn>
      <p0826-teimww:book knoraType="link_value" linkType="ref" target="ww_1140c36ab545b6d8"/>
    </p0826-teimww:occursIn>
  </p0826-teimww:passage>
  <p0826-teimww:passage id="ww_79ee5463ac01e11b">
    <knoraXmlImport:label>passage label</knoraXmlImport:label>
    <p0826-teimww:occursIn>
      <p0826-teimww:book knoraType="link_value" linkType="ref" target="ww_bd4dff842f8bc0f9"/>
    </p0826-teimww:occursIn>
    <p0826-teimww:text knoraType="richtext_value">[Somebody has said of [Shakespeare's] writing] that 'twas &lt;span class="quote"&gt;a fine Garden, but it wanted weeding.&lt;/span&gt;</p0826-teimww:text>
  </p0826-teimww:passage>
  <p0826-teimww:passage id="ww_ba1f7e196bc5e527">
    <knoraXmlImport:label>passage label</knoraXmlImport:label>
    <p0826-teimww:occursIn>
      <p0826-teimww:book knoraType="link_value" linkType="ref" target="ww_1140c36ab545b6d8"/>
    </p0826-teimww:occursIn>
  </p0826-teimww:passage>
  <p0826-teimww:passage id="ww_3d735a6c1fd0b16f">
    <knoraXmlImport:label>passage label</knoraXmlImport:label>
    <p0826-teimww:occursIn>
      <p0826-teimww:book knoraType="link_value" linkType="ref" target="ww_d35968508e400c34"/>
    </p0826-teimww:occursIn>
    <p0826-teimww:text knoraType="richtext_value">And though a truce may &lt;span class="quote"&gt;give a comma or colon to the war, &lt;/span&gt;nothing under a peace can put a perfect period thereunto.</p0826-teimww:text>
  </p0826-teimww:passage>
  <p0826-teimww:passage id="ww_a2987fd59f94d719">
    <knoraXmlImport:label>passage label</knoraXmlImport:label>
    <p0826-teimww:occursIn>
      <p0826-teimww:book knoraType="link_value" linkType="ref" target="ww_b3931845d54b98d5"/>
    </p0826-teimww:occursIn>
  </p0826-teimww:passage>
  <p0826-teimww:passage id="ww_18ebc98c1b84077e">
    <knoraXmlImport:label>passage label</knoraXmlImport:label>
    <p0826-teimww:occursIn>
      <p0826-teimww:book knoraType="link_value" linkType="ref" target="ww_342226daaf5794f5"/>
    </p0826-teimww:occursIn>
    <p0826-teimww:text knoraType="richtext_value">[Cleopatra:] And if to see a Brother &lt;span class="quote"&gt;justly kill'd&lt;br&gt;&lt;/span&gt;
To Nature I as well as Reason yield.</p0826-teimww:text>
  </p0826-teimww:passage>
  <p0826-teimww:passage id="ww_ccdc90f07f46d4d3">
    <knoraXmlImport:label>passage label</knoraXmlImport:label>
    <p0826-teimww:occursIn>
      <p0826-teimww:book knoraType="link_value" linkType="ref" target="ww_3e15ab6c612eadae"/>
    </p0826-teimww:occursIn>
  </p0826-teimww:passage>
  <p0826-teimww:passage id="ww_4e22b3a5df92d646">
    <knoraXmlImport:label>passage label</knoraXmlImport:label>
    <p0826-teimww:occursIn>
      <p0826-teimww:book knoraType="link_value" linkType="ref" target="ww_11d14cc3d47896d6"/>
    </p0826-teimww:occursIn>
    <p0826-teimww:text knoraType="richtext_value">[Bibber:] Well, in short, I was drunk; damnably drunk with Ale; great Hogen Mogen bloody Ale: I was porterly drunk; and that I hate of all things in Nature.&lt;br&gt;
[Burr (rising):] And of all things in Nature I love it best.&lt;br&gt;
[Bibber:] &lt;span class="quote"&gt;Art thou there I'faith; and why, old Boy?&lt;/span&gt;&lt;br&gt;
[Burr:] Because when I am porterly drunk, I can carry my self.</p0826-teimww:text>
  </p0826-teimww:passage>
  <p0826-teimww:passage id="ww_6d2b27e190fd2821">
    <knoraXmlImport:label>passage label</knoraXmlImport:label>
    <p0826-teimww:occursIn>
      <p0826-teimww:book knoraType="link_value" linkType="ref" target="ww_c1ca40b688cca87f"/>
    </p0826-teimww:occursIn>
  </p0826-teimww:passage>
  <p0826-teimww:passage id="ww_c09deb8c7bcabc34">
    <knoraXmlImport:label>passage label</knoraXmlImport:label>
    <p0826-teimww:occursIn>
      <p0826-teimww:book knoraType="link_value" linkType="ref" target="ww_11177545426df2c4"/>
    </p0826-teimww:occursIn>
    <p0826-teimww:text knoraType="richtext_value">[Maid:] Yes, I have heard stories, how some men &lt;br&gt;
Have in such lonely places been affrighted &lt;br&gt;
With dreadful shapes and noises. (Macduff hollows.)&lt;br&gt;
[Lady Macduff:] But hark, my Lord sure hollows; &lt;br&gt;
'Tis he; answer him quickly. &lt;br&gt;
[Servant:] &lt;span class="quote"&gt;Illo, ho, ho, ho. &lt;/span&gt;(Enter Macduff.)&lt;br&gt;
[Lady Macduff:] Now I begin to see him: are you a foot, My Lord? </p0826-teimww:text>
  </p0826-teimww:passage>
  <p0826-teimww:passage id="ww_a5ff8900061cf5ab">
    <knoraXmlImport:label>passage label</knoraXmlImport:label>
    <p0826-teimww:occursIn>
      <p0826-teimww:book knoraType="link_value" linkType="ref" target="ww_3e15ab6c612eadae"/>
    </p0826-teimww:occursIn>
  </p0826-teimww:passage>
  <p0826-teimww:passage id="ww_72e93a8b981a0764">
    <knoraXmlImport:label>passage label</knoraXmlImport:label>
    <p0826-teimww:occursIn>
      <p0826-teimww:book knoraType="link_value" linkType="ref" target="ww_5f491318bcd9d326"/>
    </p0826-teimww:occursIn>
    <p0826-teimww:text knoraType="richtext_value">[King Richard:] You say too much: I see, you'l rather prove &lt;br&gt;
The Subject of my Justice, then my Love. &lt;br&gt;
Th'Invader Richmond is your lov'd Gallant, &lt;br&gt;
Whose Treason does not your allowance want. &lt;br&gt;
Prepare for marriage, or a Funeral; &lt;br&gt;
&lt;span class="quote"&gt;To be my Wife, or not to be at all. &lt;/span&gt;&lt;br&gt;
Madam, you shall be crown'd; Chuse and be wise; &lt;br&gt;
Either for Empire, or for Sacrifice.</p0826-teimww:text>
  </p0826-teimww:passage>
  <p0826-teimww:passage id="ww_e25cf62c1bfd5db4">
    <knoraXmlImport:label>passage label</knoraXmlImport:label>
    <p0826-teimww:occursIn>
      <p0826-teimww:book knoraType="link_value" linkType="ref" target="ww_3e15ab6c612eadae"/>
    </p0826-teimww:occursIn>
  </p0826-teimww:passage>
  <p0826-teimww:passage id="ww_fdc0d3fc51293da6">
    <knoraXmlImport:label>passage label</knoraXmlImport:label>
    <p0826-teimww:occursIn>
      <p0826-teimww:book knoraType="link_value" linkType="ref" target="ww_ec6a0a5d5423cc4d"/>
    </p0826-teimww:occursIn>
    <p0826-teimww:text knoraType="richtext_value">[Theodese:] &lt;span class="quote"&gt;Fruits ripen soonest that are near the Sun. &lt;/span&gt;</p0826-teimww:text>
  </p0826-teimww:passage>
  <p0826-teimww:passage id="ww_c9d5f208006acbda">
    <knoraXmlImport:label>passage label</knoraXmlImport:label>
    <p0826-teimww:occursIn>
      <p0826-teimww:book knoraType="link_value" linkType="ref" target="ww_f63838fac7b9bec6"/>
    </p0826-teimww:occursIn>
    <p0826-teimww:text knoraType="richtext_value">[Doctor:] Sir, he must feel if he can discover of what side her heart lies: I'l keep him in discourse the mean while. &lt;br&gt;
[Gernette:] Must he feel her heart, Doctor? still it runs in my mind, this Apothecary will do me a mischief: nay, be not angry. &lt;br&gt;
[Doctor:] Nay, I forgive you, I see &lt;span class="quote"&gt;an old man's twice a child&lt;/span&gt;, pray you walk into the next room, I must talk in private with you. &lt;br&gt;
[Gernette:] I should sound, if I should leave my child with the Apothecary.</p0826-teimww:text>
  </p0826-teimww:passage>
  <p0826-teimww:passage id="ww_dcf94c76276e1a0c">
    <knoraXmlImport:label>passage label</knoraXmlImport:label>
    <p0826-teimww:occursIn>
      <p0826-teimww:book knoraType="link_value" linkType="ref" target="ww_3e15ab6c612eadae"/>
    </p0826-teimww:occursIn>
  </p0826-teimww:passage>
  <p0826-teimww:passage id="ww_973d29d77f9913b4">
    <knoraXmlImport:label>passage label</knoraXmlImport:label>
    <p0826-teimww:occursIn>
      <p0826-teimww:book knoraType="link_value" linkType="ref" target="ww_a74a445d23ff1ff2"/>
    </p0826-teimww:occursIn>
    <p0826-teimww:text knoraType="richtext_value">[Cloris:] How now &lt;i&gt;Lucia&lt;/i&gt;; is my Father up?&lt;br&gt;
[Lucia:] No, &lt;span class="quote"&gt;not a Mouse stirs&lt;/span&gt; yet; I have kept a true&lt;br&gt;
Watch all this night, for I was cruelly afraid&lt;br&gt;
Lest we should have been surpriz'd -&lt;br&gt;
Is the Prince gone? but why do I ask,&lt;br&gt;
That may read it in your sad looks?</p0826-teimww:text>
  </p0826-teimww:passage>
  <p0826-teimww:passage id="ww_49cc4ebb2f3ff1a7">
    <knoraXmlImport:label>passage label</knoraXmlImport:label>
    <p0826-teimww:occursIn>
      <p0826-teimww:book knoraType="link_value" linkType="ref" target="ww_3e15ab6c612eadae"/>
    </p0826-teimww:occursIn>
  </p0826-teimww:passage>
  <p0826-teimww:passage id="ww_cadd1976f92633f1">
    <knoraXmlImport:label>passage label</knoraXmlImport:label>
    <p0826-teimww:occursIn>
      <p0826-teimww:book knoraType="link_value" linkType="ref" target="ww_ab9b03580f4140d8"/>
    </p0826-teimww:occursIn>
    <p0826-teimww:text knoraType="richtext_value">[Alcippus:] You merit death for this base injury. &lt;br&gt;
But you're my Prince, and that I own you so, &lt;br&gt;
Is all remains in me of sence or justice;&lt;br&gt; 
&lt;span class="quote"&gt;The rest is rage, &lt;/span&gt;which if thou get'st not hence&lt;br&gt;
Will eat up that small morsell too of reason,&lt;br&gt;
And leave me nothing to preserve thy life with.</p0826-teimww:text>
  </p0826-teimww:passage>
  <p0826-teimww:passage id="ww_b3c76ad42c7effe9">
    <knoraXmlImport:label>passage label</knoraXmlImport:label>
    <p0826-teimww:occursIn>
      <p0826-teimww:book knoraType="link_value" linkType="ref" target="ww_3e15ab6c612eadae"/>
    </p0826-teimww:occursIn>
  </p0826-teimww:passage>
  <p0826-teimww:passage id="ww_0ff22a4d265cbc4d">
    <knoraXmlImport:label>passage label</knoraXmlImport:label>
    <p0826-teimww:occursIn>
      <p0826-teimww:book knoraType="link_value" linkType="ref" target="ww_2302e398030e9ddf"/>
    </p0826-teimww:occursIn>
    <p0826-teimww:text knoraType="richtext_value">[Don Gerardo:] [...] Death, like your Children's Bug-bears,&lt;br&gt;
Is fear'd by all, yet has no other Being&lt;br&gt;
Than what weak fancy gives it; 'tis a Line,&lt;br&gt;
But yet imaginary, drawn betwixt&lt;br&gt;
Time and that dreadful thing Eternity;&lt;br&gt;
I, that's the thing, 'tis fear'd; for now I find it:&lt;br&gt;
Eternity which puzzles all the World,&lt;br&gt;
To name the Inhabitants that People it:&lt;br&gt;
Eternity, whose &lt;span class="quote"&gt;undiscover'd Country&lt;/span&gt;&lt;br&gt;
We Fools divide, before we come to see it;&lt;br&gt;
Making one part contain all happiness,&lt;br&gt;
The other misery, then unseen fight for't.</p0826-teimww:text>
  </p0826-teimww:passage>
  <p0826-teimww:passage id="ww_91c923b497d8148e">
    <knoraXmlImport:label>passage label</knoraXmlImport:label>
    <p0826-teimww:occursIn>
      <p0826-teimww:book knoraType="link_value" linkType="ref" target="ww_3e15ab6c612eadae"/>
    </p0826-teimww:occursIn>
  </p0826-teimww:passage>
  <p0826-teimww:passage id="ww_78d4a149b4f0704a">
    <knoraXmlImport:label>passage label</knoraXmlImport:label>
    <p0826-teimww:occursIn>
      <p0826-teimww:book knoraType="link_value" linkType="ref" target="ww_1ea0156cf9be958c"/>
    </p0826-teimww:occursIn>
    <p0826-teimww:text knoraType="richtext_value">[Young Jorden:] By that means we shall get quit of him. &lt;br&gt;
[Trickmore:] The posture our affairs are in at present, do not much seem to require his absence, therefore I have contriv'd a defeat, and will keep him yet in play. I have set another &lt;span class="quote"&gt;Spring, which if it catch the Woodcock&lt;/span&gt;, 'twill hold him fast. Look here comes forth our Knight in Petty-coats: muffle your self up in your Cloak, and be gon. &lt;br&gt;
[Young Jorden:] A stately dame on my word.</p0826-teimww:text>
  </p0826-teimww:passage>
  <p0826-teimww:passage id="ww_3b4ab76ca438a33a">
    <knoraXmlImport:label>passage label</knoraXmlImport:label>
    <p0826-teimww:occursIn>
      <p0826-teimww:book knoraType="link_value" linkType="ref" target="ww_3e15ab6c612eadae"/>
    </p0826-teimww:occursIn>
  </p0826-teimww:passage>
  <p0826-teimww:passage id="ww_fb296e7e36e15945">
    <knoraXmlImport:label>passage label</knoraXmlImport:label>
    <p0826-teimww:occursIn>
      <p0826-teimww:book knoraType="link_value" linkType="ref" target="ww_fa206996550e1252"/>
    </p0826-teimww:occursIn>
    <p0826-teimww:text knoraType="richtext_value">[Isabella:] You had best marry him, Nan, and let some Gentleman have good luck to Horse-flesh by you. &lt;br&gt;
[Nan:] But, Madam, a rich Citizen is a brave thing. &lt;br&gt;
[Lady Haughty:] I hate to see a Husband walk the length of his Shop as a Fox, or a Civet-Cat does the length of his Chain, backward and forward, backward and forward. &lt;br&gt;
[Isabella:] And then his House is so dark, &lt;span class="quote"&gt;as if he were mad, and put there to recover his Wits.&lt;/span&gt; &lt;br&gt;
[Lady Haughty:] And a Garden scarce big enough to lye at length, and be buried in.</p0826-teimww:text>
  </p0826-teimww:passage>
  <p0826-teimww:passage id="ww_efc63a761653d40c">
    <knoraXmlImport:label>passage label</knoraXmlImport:label>
    <p0826-teimww:occursIn>
      <p0826-teimww:book knoraType="link_value" linkType="ref" target="ww_fa206996550e1252"/>
    </p0826-teimww:occursIn>
    <p0826-teimww:text knoraType="richtext_value">[Gervas the Grange-man:] Love, why thou art a lusty Wench, and that will provoke thee, Love is nothing but being lusty, &lt;span class="quote"&gt;the rest is twittle twattle&lt;/span&gt;: they say Love is a Boy, by the Mass I think Love is a Girl by that: it may be you young Wenches think Love is a Boy, you love Boys too well to the disgrace of Beards. Ah consider, you know not what a man is, I would fain have you know me, there is pith, there is pith in a man, and that thou shalt find to thy cost, if thou'lt but marry me, by the Mass.</p0826-teimww:text>
  </p0826-teimww:passage>
  <p0826-teimww:passage id="ww_aba6989296d14969">
    <knoraXmlImport:label>passage label</knoraXmlImport:label>
    <p0826-teimww:occursIn>
      <p0826-teimww:book knoraType="link_value" linkType="ref" target="ww_3e15ab6c612eadae"/>
    </p0826-teimww:occursIn>
  </p0826-teimww:passage>
  <p0826-teimww:passage id="ww_d0dbf91b4c3f7afd">
    <knoraXmlImport:label>passage label</knoraXmlImport:label>
    <p0826-teimww:occursIn>
      <p0826-teimww:book knoraType="link_value" linkType="ref" target="ww_34f6680a5ed3328f"/>
    </p0826-teimww:occursIn>
    <p0826-teimww:text knoraType="richtext_value">lex. 
Read these; for from Antipater they came, &lt;br&gt;
That dares protest Olympia is to blame. &lt;br&gt;
He much against her government complains, &lt;br&gt;
Sayes he is wrong'd, whilest she wou'd take the paines &lt;br&gt;
There is the like from Aristotle too, &lt;br&gt;
That writes what false Antipater has said, is true; &lt;br&gt;
But I'le let Aristotle know one tear &lt;br&gt;
From my dear Mothers Eyes can wash her clear, &lt;br&gt;
[175]  And drown a thousand thoughts that are severe. &lt;br&gt;
What ail the Preists ! They &lt;span class="quote"&gt;tremble, and look pale&lt;/span&gt;, &lt;br&gt;
And all in fears forsake the sacred Rail. -&lt;br&gt;
Give me the Bowl, and the Gods drink prepare.&lt;br&gt;</p0826-teimww:text>
  </p0826-teimww:passage>
  <p0826-teimww:passage id="ww_7921356cccfa80f2">
    <knoraXmlImport:label>passage label</knoraXmlImport:label>
    <p0826-teimww:occursIn>
      <p0826-teimww:book knoraType="link_value" linkType="ref" target="ww_3e15ab6c612eadae"/>
    </p0826-teimww:occursIn>
  </p0826-teimww:passage>
  <p0826-teimww:passage id="ww_f9595960fd03a2f1">
    <knoraXmlImport:label>passage label</knoraXmlImport:label>
    <p0826-teimww:occursIn>
      <p0826-teimww:book knoraType="link_value" linkType="ref" target="ww_0b80290e20216583"/>
    </p0826-teimww:occursIn>
    <p0826-teimww:text knoraType="richtext_value">The Wolves have prey'd, and look the gentle Day, &lt;br&gt;
Before &lt;span class="quote"&gt;the Wheels of Phoebus, &lt;/span&gt;all about &lt;br&gt;
Dapples the drowsy East with spots of gray. </p0826-teimww:text>
  </p0826-teimww:passage>
  <p0826-teimww:passage id="ww_8269de00b89927e8">
    <knoraXmlImport:label>passage label</knoraXmlImport:label>
    <p0826-teimww:occursIn>
      <p0826-teimww:book knoraType="link_value" linkType="ref" target="ww_1140c36ab545b6d8"/>
    </p0826-teimww:occursIn>
  </p0826-teimww:passage>
  <p0826-teimww:passage id="ww_8fb4b31cdcd9e9ee">
    <knoraXmlImport:label>passage label</knoraXmlImport:label>
    <p0826-teimww:occursIn>
      <p0826-teimww:book knoraType="link_value" linkType="ref" target="ww_5acd80c1e58166ea"/>
    </p0826-teimww:occursIn>
    <p0826-teimww:text knoraType="richtext_value">[Lady Fancy:] Maundy, have you commanded all the Servants to Bed?&lt;br&gt;
[Maundy:] Yes Madam, &lt;span class="quote"&gt;not a Mouse shall stir&lt;/span&gt;, and I have made ready the Chamber next the Garden for your Ladyship.</p0826-teimww:text>
  </p0826-teimww:passage>
  <p0826-teimww:passage id="ww_3381d8a8cfa75dd0">
    <knoraXmlImport:label>passage label</knoraXmlImport:label>
    <p0826-teimww:occursIn>
      <p0826-teimww:book knoraType="link_value" linkType="ref" target="ww_3e15ab6c612eadae"/>
    </p0826-teimww:occursIn>
  </p0826-teimww:passage>
  <p0826-teimww:passage id="ww_6fc561c14e2adcc2">
    <knoraXmlImport:label>passage label</knoraXmlImport:label>
    <p0826-teimww:occursIn>
      <p0826-teimww:book knoraType="link_value" linkType="ref" target="ww_da24e779a482efd0"/>
    </p0826-teimww:occursIn>
    <p0826-teimww:text knoraType="richtext_value">Phor:] Who, my Lord, this man? &lt;br&gt;
[Oedipus:] This Man, this old, this venerable Man: &lt;br&gt;
Speak, did'st thou ever meet him there? &lt;br&gt;
[Phor:] Where, sacred Sir. &lt;br&gt;
[Oedipus:] Near Mount Cithæron; &lt;span class="quote"&gt;answer to the purpose: &lt;/span&gt;&lt;br&gt;
'Tis a King speaks; and Royal minutes are &lt;br&gt;
Of much more worth than thousand Vulgar years [...].</p0826-teimww:text>
  </p0826-teimww:passage>
  <p0826-teimww:passage id="ww_349408ebaaf5f25e">
    <knoraXmlImport:label>passage label</knoraXmlImport:label>
    <p0826-teimww:occursIn>
      <p0826-teimww:book knoraType="link_value" linkType="ref" target="ww_3e15ab6c612eadae"/>
    </p0826-teimww:occursIn>
  </p0826-teimww:passage>
  <p0826-teimww:passage id="ww_8b2181fe7b83009a">
    <knoraXmlImport:label>passage label</knoraXmlImport:label>
    <p0826-teimww:occursIn>
      <p0826-teimww:book knoraType="link_value" linkType="ref" target="ww_6dbd696fbcd9005d"/>
    </p0826-teimww:occursIn>
    <p0826-teimww:text knoraType="richtext_value">[Marc Antony:] O ye Gods!&lt;br&gt;
Have I then liv'd to be excus'd to &lt;i&gt;Caesar?&lt;/i&gt;&lt;br&gt;
[Dollabella:] As to your equal.&lt;br&gt;
[Marc Antony:] Well, he's but my equal:&lt;br&gt;
&lt;span class="quote"&gt;While I wear this&lt;/span&gt;, he never shall be more.&lt;br&gt;
[Dollabella:] I bring conditions from him.</p0826-teimww:text>
  </p0826-teimww:passage>
  <p0826-teimww:passage id="ww_2b7fd85fbb8acdd6">
    <knoraXmlImport:label>passage label</knoraXmlImport:label>
    <p0826-teimww:occursIn>
      <p0826-teimww:book knoraType="link_value" linkType="ref" target="ww_c1ca40b688cca87f"/>
    </p0826-teimww:occursIn>
  </p0826-teimww:passage>
  <p0826-teimww:passage id="ww_73a7a99f5d6a1e5a">
    <knoraXmlImport:label>passage label</knoraXmlImport:label>
    <p0826-teimww:occursIn>
      <p0826-teimww:book knoraType="link_value" linkType="ref" target="ww_da24e779a482efd0"/>
    </p0826-teimww:occursIn>
    <p0826-teimww:text knoraType="richtext_value">[Tiresias:] So short a time as I have yet to live&lt;br&gt;
Exceeds thy pointed hour; Remember &lt;i&gt;Lajus:&lt;/i&gt;&lt;br&gt;
No more; if e're we meet again, 'twill be&lt;br&gt;
In Mutual darkness; we shall feel before us&lt;br&gt;
To reach each others hand; &lt;span class="quote"&gt;Remember &lt;i&gt;Lajus&lt;/i&gt;. &lt;/span&gt;(Exit Tiresias: Priests follow.)&lt;br&gt;
[Oedipus (alone):] &lt;span class="quote"&gt;Remember &lt;i&gt;Lajus!&lt;/span&gt;&lt;/i&gt; that's the burden still:&lt;br&gt;
Murther, and Incest! but to hear 'em nam'd&lt;br&gt;
My Soul starts in me: the good Sentinel&lt;br&gt;
Stands to her Weapons; takes the first Alarm&lt;br&gt;
To Guard me from such Crimes. </p0826-teimww:text>
  </p0826-teimww:passage>
  <p0826-teimww:passage id="ww_875acc2fce686c77">
    <knoraXmlImport:label>passage label</knoraXmlImport:label>
    <p0826-teimww:occursIn>
      <p0826-teimww:book knoraType="link_value" linkType="ref" target="ww_c1ca40b688cca87f"/>
    </p0826-teimww:occursIn>
  </p0826-teimww:passage>
  <p0826-teimww:passage id="ww_cf9ba3081b2e79eb">
    <knoraXmlImport:label>passage label</knoraXmlImport:label>
    <p0826-teimww:occursIn>
      <p0826-teimww:book knoraType="link_value" linkType="ref" target="ww_e95e10472e122744"/>
    </p0826-teimww:occursIn>
    <p0826-teimww:text knoraType="richtext_value">[Sunamire:] O! we are poorly caught in our own snare. &lt;br&gt;
&lt;span class="quote"&gt;The poison, we prepar'd for them, the slave &lt;br&gt;
Has given to us.&lt;/span&gt;&lt;br&gt;
[Arbanes:] Ha! poison'd! - yes 'tis here: &lt;br&gt;
I feel the Traitor working to my heart. &lt;br&gt;
&lt;span class="quote"&gt;But I have yet a sword, that shall prevent &lt;br&gt;
The turns of fate, and we will fall reveng'd.&lt;/span&gt;</p0826-teimww:text>
  </p0826-teimww:passage>
  <p0826-teimww:passage id="ww_1573e95f9a5123c5">
    <knoraXmlImport:label>passage label</knoraXmlImport:label>
    <p0826-teimww:occursIn>
      <p0826-teimww:book knoraType="link_value" linkType="ref" target="ww_bc577a06e5bb54c7"/>
    </p0826-teimww:occursIn>
  </p0826-teimww:passage>
  <p0826-teimww:passage id="ww_3a1c73e712659a06">
    <knoraXmlImport:label>passage label</knoraXmlImport:label>
    <p0826-teimww:occursIn>
      <p0826-teimww:book knoraType="link_value" linkType="ref" target="ww_fafacaceace47d73"/>
    </p0826-teimww:occursIn>
    <p0826-teimww:text knoraType="richtext_value">[King:] Secure in that, I'le trust thee; Shall I trust thee?&lt;br&gt;
For Conquerors have Charms, and &lt;span class="quote"&gt;Women Frailty&lt;/span&gt;:&lt;br&gt;
Farewel, Thou may'st behold me King agen,&lt;br&gt;
My Soul's not yet depos'd, why then farewel,&lt;br&gt;
I'le say't as comfortably as I can:&lt;br&gt;
&lt;span class="quote"&gt;But O curs'd &lt;i&gt;Guise&lt;/i&gt;, for pressing on my time,&lt;br&gt;&lt;/span&gt;
And cutting off Ten thousand more Adieus.</p0826-teimww:text>
  </p0826-teimww:passage>
  <p0826-teimww:passage id="ww_97183abb8cd55c42">
    <knoraXmlImport:label>passage label</knoraXmlImport:label>
    <p0826-teimww:occursIn>
      <p0826-teimww:book knoraType="link_value" linkType="ref" target="ww_c1ca40b688cca87f"/>
    </p0826-teimww:occursIn>
  </p0826-teimww:passage>
  <p0826-teimww:passage id="ww_9521f8cd84752b81">
    <knoraXmlImport:label>passage label</knoraXmlImport:label>
    <p0826-teimww:occursIn>
      <p0826-teimww:book knoraType="link_value" linkType="ref" target="ww_d3d306a3e22d0da0"/>
    </p0826-teimww:occursIn>
    <p0826-teimww:text knoraType="richtext_value">[Madman:] I'll &lt;span class="quote"&gt;pull down Honor from the pale-fac'd Moon,&lt;br&gt;&lt;/span&gt;
And break the Wheels of the all-circling Sun.</p0826-teimww:text>
  </p0826-teimww:passage>
  <p0826-teimww:passage id="ww_580fa46419baae6b">
    <knoraXmlImport:label>passage label</knoraXmlImport:label>
    <p0826-teimww:occursIn>
      <p0826-teimww:book knoraType="link_value" linkType="ref" target="ww_aee75c33920a3b79"/>
    </p0826-teimww:occursIn>
  </p0826-teimww:passage>
  <p0826-teimww:passage id="ww_027a0597bb60f00c">
    <knoraXmlImport:label>passage label</knoraXmlImport:label>
    <p0826-teimww:occursIn>
      <p0826-teimww:book knoraType="link_value" linkType="ref" target="ww_d3d306a3e22d0da0"/>
    </p0826-teimww:occursIn>
    <p0826-teimww:text knoraType="richtext_value">[Bays.:] Must. Mr. Eugenius? What do you give the &lt;i&gt;must&lt;/i&gt; to a man of my Character and Gravity? Were &lt;span class="quote"&gt;Reasons as cheap as Blackberries, &lt;/span&gt;I'de not give you one I gad upon compulsion.</p0826-teimww:text>
  </p0826-teimww:passage>
  <p0826-teimww:passage id="ww_fde96b1c1e258f54">
    <knoraXmlImport:label>passage label</knoraXmlImport:label>
    <p0826-teimww:occursIn>
      <p0826-teimww:book knoraType="link_value" linkType="ref" target="ww_aee75c33920a3b79"/>
    </p0826-teimww:occursIn>
  </p0826-teimww:passage>
  <p0826-teimww:passage id="ww_66af294686e29e7a">
    <knoraXmlImport:label>passage label</knoraXmlImport:label>
    <p0826-teimww:occursIn>
      <p0826-teimww:book knoraType="link_value" linkType="ref" target="ww_fafacaceace47d73"/>
    </p0826-teimww:occursIn>
    <p0826-teimww:text knoraType="richtext_value">[King:] To morrow Guise is made Lieutenant-General,&lt;br&gt;
Why then to morrow I no more am King;&lt;br&gt;
'Tis time to push my slack'nd vengeance home,&lt;br&gt;
&lt;span class="quote"&gt;To be a King, or not to be at all;&lt;/span&gt;&lt;br&gt;
The Vow that manacled my Rage is loos'd,&lt;br&gt;
Even Heaven is wearied with repeated Crimes,&lt;br&gt;
Till lightning flashes round to guard the Throne,&lt;br&gt;
And the curb'd Thunder grumbles to be gone.</p0826-teimww:text>
  </p0826-teimww:passage>
  <p0826-teimww:passage id="ww_373168b297a05d0e">
    <knoraXmlImport:label>passage label</knoraXmlImport:label>
    <p0826-teimww:occursIn>
      <p0826-teimww:book knoraType="link_value" linkType="ref" target="ww_3e15ab6c612eadae"/>
    </p0826-teimww:occursIn>
  </p0826-teimww:passage>
  <p0826-teimww:passage id="ww_f4ba9fee1d9fe544">
    <knoraXmlImport:label>passage label</knoraXmlImport:label>
    <p0826-teimww:occursIn>
      <p0826-teimww:book knoraType="link_value" linkType="ref" target="ww_9e4880a3607bfe49"/>
    </p0826-teimww:occursIn>
    <p0826-teimww:text knoraType="richtext_value">[Dresswell:] Pox on 'em all: prithee turn out those petty Tyrants of thy Heart, and fit it for a Monarch, Love, dear &lt;i&gt;Widling&lt;/i&gt;, of which thou never knewst the pleasure yet, or not above a day. &lt;br&gt;
[Wilding:] Not knew the pleasure! Death, the very Essence, the first draughts of Love: Ah, how pleasant is to drink when a man's adry! &lt;span class="quote"&gt;The rest is all but dully sipping on.&lt;/span&gt;
[Dresswell:] And yet this &lt;i&gt;Diana&lt;/i&gt;, for thither thou art going, thou hast been constant to this three or four years.</p0826-teimww:text>
  </p0826-teimww:passage>
  <p0826-teimww:passage id="ww_c521cb3c27d377b0">
    <knoraXmlImport:label>passage label</knoraXmlImport:label>
    <p0826-teimww:occursIn>
      <p0826-teimww:book knoraType="link_value" linkType="ref" target="ww_fafacaceace47d73"/>
    </p0826-teimww:occursIn>
    <p0826-teimww:text knoraType="richtext_value">[Queen M.:] (stopping the King) What mean you, Sir, &lt;br&gt;
&lt;span class="quote"&gt;You tremble and look pale, &lt;/span&gt;for Heavens sake think, &lt;br&gt;
'Tis your own Life you venture, if you kill him. &lt;br&gt;
[King:] Had I ten thousand Lives, I'le venture all. &lt;br&gt;
Give me way, Madam.</p0826-teimww:text>
  </p0826-teimww:passage>
  <p0826-teimww:passage id="ww_353836a97164f2b7">
    <knoraXmlImport:label>passage label</knoraXmlImport:label>
    <p0826-teimww:occursIn>
      <p0826-teimww:book knoraType="link_value" linkType="ref" target="ww_3e15ab6c612eadae"/>
    </p0826-teimww:occursIn>
  </p0826-teimww:passage>
  <p0826-teimww:passage id="ww_970d9266fb4d263b">
    <knoraXmlImport:label>passage label</knoraXmlImport:label>
    <p0826-teimww:occursIn>
      <p0826-teimww:book knoraType="link_value" linkType="ref" target="ww_822f6044491b63e7"/>
    </p0826-teimww:occursIn>
    <p0826-teimww:text knoraType="richtext_value">[Alphonso:] 'Tis enough you know him.&lt;br&gt;
[Rogero:] Know him! ah God help thee, and the quantity of thy Brains, by thy impertinent Catechism.&lt;br&gt;
[Alphonso:] Why then old &lt;span class="quote"&gt;Truepenny&lt;/span&gt; the Duke is now most violently in labour.&lt;br&gt;
[Rogero:] In labour! Alas, I am in pain for thee.</p0826-teimww:text>
  </p0826-teimww:passage>
  <p0826-teimww:passage id="ww_58f9fa292b19f867">
    <knoraXmlImport:label>passage label</knoraXmlImport:label>
    <p0826-teimww:occursIn>
      <p0826-teimww:book knoraType="link_value" linkType="ref" target="ww_1140c36ab545b6d8"/>
    </p0826-teimww:occursIn>
  </p0826-teimww:passage>
  <p0826-teimww:passage id="ww_edd091203fac8e36">
    <knoraXmlImport:label>passage label</knoraXmlImport:label>
    <p0826-teimww:occursIn>
      <p0826-teimww:book knoraType="link_value" linkType="ref" target="ww_bc577a06e5bb54c7"/>
    </p0826-teimww:occursIn>
  </p0826-teimww:passage>
  <p0826-teimww:passage id="ww_d0124a28b5675fde">
    <knoraXmlImport:label>passage label</knoraXmlImport:label>
    <p0826-teimww:occursIn>
      <p0826-teimww:book knoraType="link_value" linkType="ref" target="ww_c7a44da93c43593a"/>
    </p0826-teimww:occursIn>
    <p0826-teimww:text knoraType="richtext_value">Was not that lofty, now? &lt;span class="quote"&gt;Then there's the Lion, Wall, and Moonshine, &lt;/span&gt;three Heroic Parts; I play'd 'em all at School. &lt;span class="quote"&gt;I roar'd out the Lion so terribly, that the Company call'd out to me to roar again. &lt;/span&gt;</p0826-teimww:text>
  </p0826-teimww:passage>
  <p0826-teimww:passage id="ww_c773ef44c1edea42">
    <knoraXmlImport:label>passage label</knoraXmlImport:label>
    <p0826-teimww:occursIn>
      <p0826-teimww:book knoraType="link_value" linkType="ref" target="ww_1140c36ab545b6d8"/>
    </p0826-teimww:occursIn>
  </p0826-teimww:passage>
  <p0826-teimww:passage id="ww_4efc0cd3efc69d2a">
    <knoraXmlImport:label>passage label</knoraXmlImport:label>
    <p0826-teimww:occursIn>
      <p0826-teimww:book knoraType="link_value" linkType="ref" target="ww_522f59ae73a17dc8"/>
    </p0826-teimww:occursIn>
    <p0826-teimww:text knoraType="richtext_value">[Philander:] Oh my Heart! &lt;br&gt;
This is a Salve worse than the main Disease. &lt;br&gt;
Tell me thy Thoughts, for I will know the least &lt;br&gt;
That dwells within thee, or will rip thy Heart &lt;br&gt;
To know it: I will see thy Thoughts as plain &lt;br&gt;
As I do now thy Face. &lt;br&gt;
[Endymion:] Why, so you do. &lt;br&gt;
She is (for ought I know) by all the Gods, &lt;br&gt;
&lt;span class="quote"&gt;As chaste as Ice&lt;/span&gt;; but were she foul as Hell, &lt;br&gt;
And I did know it thus; the Breath of Kings, &lt;br&gt;
The Points of Swords, Tortures, nor Bulls of Brass, &lt;br&gt;
Should draw it from me. </p0826-teimww:text>
  </p0826-teimww:passage>
  <p0826-teimww:passage id="ww_ebd7427cdbff565f">
    <knoraXmlImport:label>passage label</knoraXmlImport:label>
    <p0826-teimww:occursIn>
      <p0826-teimww:book knoraType="link_value" linkType="ref" target="ww_3e15ab6c612eadae"/>
    </p0826-teimww:occursIn>
  </p0826-teimww:passage>
  <p0826-teimww:passage id="ww_58faf6a3572fd33a">
    <knoraXmlImport:label>passage label</knoraXmlImport:label>
    <p0826-teimww:occursIn>
      <p0826-teimww:book knoraType="link_value" linkType="ref" target="ww_f4067d3fc89b0b63"/>
    </p0826-teimww:occursIn>
    <p0826-teimww:text knoraType="richtext_value">[Sir Cautious:] Ha, ha, ha - why this is the strangest thing - to see an old Fellow, a Magistrate of the City, the first Night he's marryed forsake his Bride and Bed, and come &lt;span class="quote"&gt;arm'd Cap-a-pee, &lt;/span&gt;like Gargantua, to disturb another old Fellow and banter him with a Tale of a Tub; and all to be-cuckold him here - in plain English what's your Business? </p0826-teimww:text>
  </p0826-teimww:passage>
  <p0826-teimww:passage id="ww_d7b1d07e17c1b5a1">
    <knoraXmlImport:label>passage label</knoraXmlImport:label>
    <p0826-teimww:occursIn>
      <p0826-teimww:book knoraType="link_value" linkType="ref" target="ww_3e15ab6c612eadae"/>
    </p0826-teimww:occursIn>
  </p0826-teimww:passage>
  <p0826-teimww:passage id="ww_cd55e072d1f76506">
    <knoraXmlImport:label>passage label</knoraXmlImport:label>
    <p0826-teimww:occursIn>
      <p0826-teimww:book knoraType="link_value" linkType="ref" target="ww_f3d7312515e5ff87"/>
    </p0826-teimww:occursIn>
    <p0826-teimww:text knoraType="richtext_value">[Ferrex:] Mine know I none, but grief for your distress: &lt;br&gt;
[Viden:] Yes: mine for thine my son: A father? no: &lt;br&gt;
&lt;span class="quote"&gt;In kind a Father, but not in kindliness.&lt;/span&gt; &lt;br&gt;
[Ferrex:] My Father: why? I know nothing at all, &lt;br&gt;
Wherein I have misdone unto his Grace.</p0826-teimww:text>
  </p0826-teimww:passage>
  <p0826-teimww:passage id="ww_e30070c261da87f7">
    <knoraXmlImport:label>passage label</knoraXmlImport:label>
    <p0826-teimww:occursIn>
      <p0826-teimww:book knoraType="link_value" linkType="ref" target="ww_3e15ab6c612eadae"/>
    </p0826-teimww:occursIn>
  </p0826-teimww:passage>
  <p0826-teimww:passage id="ww_0709ceb513573de3">
    <knoraXmlImport:label>passage label</knoraXmlImport:label>
    <p0826-teimww:occursIn>
      <p0826-teimww:book knoraType="link_value" linkType="ref" target="ww_284d2177eb64e32c"/>
    </p0826-teimww:occursIn>
    <p0826-teimww:text knoraType="richtext_value">Yet nevertheless, my father did me not mislike: &lt;br&gt;
But age so simple is, and easy to subdue: &lt;br&gt;
As childhood weak, thats void of wit and reason quite: &lt;br&gt;
They think there's nought, you flatter fainde, but all is true: &lt;br&gt;
&lt;span class="quote"&gt;Once olde and twice a child,&lt;/span&gt; tis said with you, &lt;br&gt;
Which I affirm by proof, that was defined: &lt;br&gt;
In age my father had a childish mind.</p0826-teimww:text>
  </p0826-teimww:passage>
  <p0826-teimww:passage id="ww_7dbb5d33002621e6">
    <knoraXmlImport:label>passage label</knoraXmlImport:label>
    <p0826-teimww:occursIn>
      <p0826-teimww:book knoraType="link_value" linkType="ref" target="ww_4e659f2729d3f407"/>
    </p0826-teimww:occursIn>
    <p0826-teimww:text knoraType="richtext_value">Father and mother was welcome then, &lt;br&gt;
And so were they all in good faith: &lt;br&gt;
The husband sat there like a man, &lt;br&gt;
The wife did serve them all that day. &lt;br&gt;
The good man commanded what he would have, &lt;br&gt;
The wife was quick at hand, &lt;br&gt;
What now thought the mother, &lt;span class="quote"&gt;this arrant knave,&lt;/span&gt; &lt;br&gt;
Is master as I understand. </p0826-teimww:text>
  </p0826-teimww:passage>
  <p0826-teimww:passage id="ww_6f8923fb21f65f09">
    <knoraXmlImport:label>passage label</knoraXmlImport:label>
    <p0826-teimww:occursIn>
      <p0826-teimww:book knoraType="link_value" linkType="ref" target="ww_3e15ab6c612eadae"/>
    </p0826-teimww:occursIn>
  </p0826-teimww:passage>
  <p0826-teimww:passage id="ww_9d3baa89b50ec5a2">
    <knoraXmlImport:label>passage label</knoraXmlImport:label>
    <p0826-teimww:occursIn>
      <p0826-teimww:book knoraType="link_value" linkType="ref" target="ww_c5484deb94302464"/>
    </p0826-teimww:occursIn>
    <p0826-teimww:text knoraType="richtext_value">[...] There are things called &lt;span class="quote"&gt;whips in store.&lt;/span&gt;</p0826-teimww:text>
  </p0826-teimww:passage>
  <p0826-teimww:passage id="ww_7489c7bf10cafccb">
    <knoraXmlImport:label>passage label</knoraXmlImport:label>
    <p0826-teimww:occursIn>
      <p0826-teimww:book knoraType="link_value" linkType="ref" target="ww_15dba62495527dd5"/>
    </p0826-teimww:occursIn>
  </p0826-teimww:passage>
  <p0826-teimww:passage id="ww_6c6fe3c0ce5a6724">
    <knoraXmlImport:label>passage label</knoraXmlImport:label>
    <p0826-teimww:occursIn>
      <p0826-teimww:book knoraType="link_value" linkType="ref" target="ww_8dce43c17b4fa85b"/>
    </p0826-teimww:occursIn>
    <p0826-teimww:text knoraType="richtext_value">[King:] The hell of life that hangs upon the Crown, &lt;br&gt;
The daily cares, the nightly dreams, &lt;br&gt;
The wretched crewe, the treason of the foe, &lt;br&gt;
And horror of my bloody practise past, &lt;br&gt;
Strikes such a terror to my wounded conscience, &lt;br&gt;
That sleep I, wake I, or whatsoever I do, &lt;br&gt;
Methinks their ghosts comes gaping for revenge, &lt;br&gt;
Whom I have slain in reaching for a Crown. &lt;br&gt;
Clarence complains, and crieth for revenge. &lt;br&gt;
&lt;span class="quote"&gt;My Nephew's bloods, Revenge, revenge, doth cry. &lt;br&gt;
The headless Peers comes preasing for revenge. &lt;br&gt;
And every one cries, let the tyrant die&lt;/span&gt;. &lt;br&gt;
The Sun by day shines hotly for revenge. &lt;br&gt;
The Moon by night eclipseth for revenge. &lt;br&gt;
The stars are turnd to Comets for revenge. &lt;br&gt;
The Planets change their courses for revenge. &lt;br&gt;
The birds sing not, but sorrow for revenge. &lt;br&gt;
The silly lambs sits bleating for revenge. &lt;br&gt;
&lt;span class="quote"&gt;The screeking Raven sits croaking for revenge&lt;/span&gt;. &lt;br&gt;
Whole heads of beasts comes bellowing for revenge. &lt;br&gt;
And all, yea all the world I think, &lt;br&gt;
Cries for revenge, and nothing but revenge. &lt;br&gt;
But to conclude, I have deserved revenge.</p0826-teimww:text>
  </p0826-teimww:passage>
  <p0826-teimww:passage id="ww_adc1dfa10f3d097c">
    <knoraXmlImport:label>passage label</knoraXmlImport:label>
    <p0826-teimww:occursIn>
      <p0826-teimww:book knoraType="link_value" linkType="ref" target="ww_f4b1a8fa8f784028"/>
    </p0826-teimww:occursIn>
  </p0826-teimww:passage>
  <p0826-teimww:passage id="ww_273113f85f65bec8">
    <knoraXmlImport:label>passage label</knoraXmlImport:label>
    <p0826-teimww:occursIn>
      <p0826-teimww:book knoraType="link_value" linkType="ref" target="ww_83f1a0a692d63180"/>
    </p0826-teimww:occursIn>
    <p0826-teimww:text knoraType="richtext_value">Now with&lt;span class="quote"&gt; fair speeches&lt;/span&gt;, now with threatenings stern</p0826-teimww:text>
  </p0826-teimww:passage>
  <p0826-teimww:passage id="ww_f1e4689dc2ef8c6c">
    <knoraXmlImport:label>passage label</knoraXmlImport:label>
    <p0826-teimww:occursIn>
      <p0826-teimww:book knoraType="link_value" linkType="ref" target="ww_e7b10e483d5cee49"/>
    </p0826-teimww:occursIn>
  </p0826-teimww:passage>
  <p0826-teimww:passage id="ww_4e17b1fb482a24c2">
    <knoraXmlImport:label>passage label</knoraXmlImport:label>
    <p0826-teimww:occursIn>
      <p0826-teimww:book knoraType="link_value" linkType="ref" target="ww_e44bf30c33d6ff4d"/>
    </p0826-teimww:occursIn>
    <p0826-teimww:text knoraType="richtext_value">[Queen Margaret:] Stern Falconbridge commands &lt;span class="quote"&gt;the Narrow Seas &lt;/span&gt;[…].</p0826-teimww:text>
  </p0826-teimww:passage>
  <p0826-teimww:passage id="ww_c60a4f7f53c97c48">
    <knoraXmlImport:label>passage label</knoraXmlImport:label>
    <p0826-teimww:occursIn>
      <p0826-teimww:book knoraType="link_value" linkType="ref" target="ww_e44bf30c33d6ff4d"/>
    </p0826-teimww:occursIn>
    <p0826-teimww:text knoraType="richtext_value">[Lady Grey:] Right gracious lord, I cannot brook delay. &lt;br&gt;
May it please your Highness &lt;span class="quote"&gt;to resolve me now,&lt;br&gt;&lt;/span&gt;
And what your pleasure is shall satisfy me.</p0826-teimww:text>
  </p0826-teimww:passage>
  <p0826-teimww:passage id="ww_f65c449d46100d3c">
    <knoraXmlImport:label>passage label</knoraXmlImport:label>
    <p0826-teimww:occursIn>
      <p0826-teimww:book knoraType="link_value" linkType="ref" target="ww_e44bf30c33d6ff4d"/>
    </p0826-teimww:occursIn>
    <p0826-teimww:text knoraType="richtext_value">[York:] [...] O, &lt;span class="quote"&gt;tiger's heart wrapped in a woman's hide &lt;/span&gt;[...].</p0826-teimww:text>
  </p0826-teimww:passage>
  <p0826-teimww:passage id="ww_45171fc7c0275f67">
    <knoraXmlImport:label>passage label</knoraXmlImport:label>
    <p0826-teimww:occursIn>
      <p0826-teimww:book knoraType="link_value" linkType="ref" target="ww_1140c36ab545b6d8"/>
    </p0826-teimww:occursIn>
  </p0826-teimww:passage>
  <p0826-teimww:passage id="ww_6f92fb7a1328eefe">
    <knoraXmlImport:label>passage label</knoraXmlImport:label>
    <p0826-teimww:occursIn>
      <p0826-teimww:book knoraType="link_value" linkType="ref" target="ww_7dd1c602e9ccfe3b"/>
    </p0826-teimww:occursIn>
    <p0826-teimww:text knoraType="richtext_value">[Adriana:] Ay, ay, Antipholus, &lt;span class="quote"&gt;look strange and frown.&lt;br&gt;
Some other mistress hath thy sweet aspects.&lt;/span&gt;&lt;br&gt;
I am not Adriana, nor thy wife.</p0826-teimww:text>
  </p0826-teimww:passage>
  <p0826-teimww:passage id="ww_fa154b84be700251">
    <knoraXmlImport:label>passage label</knoraXmlImport:label>
    <p0826-teimww:occursIn>
      <p0826-teimww:book knoraType="link_value" linkType="ref" target="ww_f3582e478658b162"/>
    </p0826-teimww:occursIn>
  </p0826-teimww:passage>
  <p0826-teimww:passage id="ww_e2ab4ae8d71de205">
    <knoraXmlImport:label>passage label</knoraXmlImport:label>
    <p0826-teimww:occursIn>
      <p0826-teimww:book knoraType="link_value" linkType="ref" target="ww_3970bc7a75eddc11"/>
    </p0826-teimww:occursIn>
    <p0826-teimww:text knoraType="richtext_value">[Bacchus:] &lt;span class="quote"&gt;Crouch, crouch on your knees, fool, when you pledge god Bacchus. &lt;br&gt;&lt;/span&gt;
(Here Will Sumer drinks, &amp; they sing about him.) [...] &lt;br&gt;
[All:] God Bacchus do him right, and dub him knight. &lt;br&gt; 
[Bacchus:] Rise up Sir Robert Tospot. &lt;br&gt;
(Here he dubs Will Summer with the black Jack.)</p0826-teimww:text>
  </p0826-teimww:passage>
  <p0826-teimww:passage id="ww_a4f92d68d4b3a3f4">
    <knoraXmlImport:label>passage label</knoraXmlImport:label>
    <p0826-teimww:occursIn>
      <p0826-teimww:book knoraType="link_value" linkType="ref" target="ww_5eeeb3e78e8b0bc3"/>
    </p0826-teimww:occursIn>
  </p0826-teimww:passage>
  <p0826-teimww:passage id="ww_dfc3c32e4a10cb6b">
    <knoraXmlImport:label>passage label</knoraXmlImport:label>
    <p0826-teimww:occursIn>
      <p0826-teimww:book knoraType="link_value" linkType="ref" target="ww_0c07954b270e348c"/>
    </p0826-teimww:occursIn>
    <p0826-teimww:text knoraType="richtext_value">&lt;span class="quote"&gt;Care-charmer Sleep, son of the sable Night, &lt;br&gt;
Brother to Death, &lt;/span&gt;in silent darkness born, &lt;br&gt;
Relieve my languish, and restore the light; &lt;br&gt;
With dark forgetting of my care return. </p0826-teimww:text>
  </p0826-teimww:passage>
  <p0826-teimww:passage id="ww_766b56390fcf6c23">
    <knoraXmlImport:label>passage label</knoraXmlImport:label>
    <p0826-teimww:occursIn>
      <p0826-teimww:book knoraType="link_value" linkType="ref" target="ww_fc0ed4bc4ee837dd"/>
    </p0826-teimww:occursIn>
  </p0826-teimww:passage>
  <p0826-teimww:passage id="ww_91252c5651610b25">
    <knoraXmlImport:label>passage label</knoraXmlImport:label>
    <p0826-teimww:occursIn>
      <p0826-teimww:book knoraType="link_value" linkType="ref" target="ww_d7a24ba647d4819e"/>
    </p0826-teimww:occursIn>
    <p0826-teimww:text knoraType="richtext_value">[Venus:] […] Or &lt;span class="quote"&gt;butcher sire that reaves his son of life.&lt;/span&gt;</p0826-teimww:text>
  </p0826-teimww:passage>
  <p0826-teimww:passage id="ww_6379b750bce63132">
    <knoraXmlImport:label>passage label</knoraXmlImport:label>
    <p0826-teimww:occursIn>
      <p0826-teimww:book knoraType="link_value" linkType="ref" target="ww_5caf2a980352ed3f"/>
    </p0826-teimww:occursIn>
    <p0826-teimww:text knoraType="richtext_value">How would it have joyed &lt;span class="quote"&gt;brave Talbot (the terror of the French) &lt;/span&gt;to think that...</p0826-teimww:text>
  </p0826-teimww:passage>
  <p0826-teimww:passage id="ww_85b3e5e94d4db97f">
    <knoraXmlImport:label>passage label</knoraXmlImport:label>
    <p0826-teimww:occursIn>
      <p0826-teimww:book knoraType="link_value" linkType="ref" target="ww_1140c36ab545b6d8"/>
    </p0826-teimww:occursIn>
  </p0826-teimww:passage>
  <p0826-teimww:passage id="ww_db0410d990f3f8a6">
    <knoraXmlImport:label>passage label</knoraXmlImport:label>
    <p0826-teimww:occursIn>
      <p0826-teimww:book knoraType="link_value" linkType="ref" target="ww_f535cbebb5943d78"/>
    </p0826-teimww:occursIn>
    <p0826-teimww:text knoraType="richtext_value">[Talbot:] With scoffs and scorns and contumelious taunts.&lt;br&gt;
In open marketplace produced they me&lt;br&gt;
To be a public spectacle to all.&lt;br&gt;
"Here," said they, &lt;span class="quote"&gt;"is the terror of the French,&lt;br&gt; &lt;/span&gt;
The scarecrow that affrights our children so."</p0826-teimww:text>
  </p0826-teimww:passage>
  <p0826-teimww:passage id="ww_97e1e492a889db2e">
    <knoraXmlImport:label>passage label</knoraXmlImport:label>
    <p0826-teimww:occursIn>
      <p0826-teimww:book knoraType="link_value" linkType="ref" target="ww_1140c36ab545b6d8"/>
    </p0826-teimww:occursIn>
  </p0826-teimww:passage>
  <p0826-teimww:passage id="ww_20a4e9b1bfce65a6">
    <knoraXmlImport:label>passage label</knoraXmlImport:label>
    <p0826-teimww:occursIn>
      <p0826-teimww:book knoraType="link_value" linkType="ref" target="ww_d7a24ba647d4819e"/>
    </p0826-teimww:occursIn>
    <p0826-teimww:text knoraType="richtext_value">O, learn to love; &lt;span class="quote"&gt;the lesson is but plain &lt;br&gt;&lt;/span&gt;
And, once made perfect, never lost again.</p0826-teimww:text>
  </p0826-teimww:passage>
  <p0826-teimww:passage id="ww_942bb01f046a700c">
    <knoraXmlImport:label>passage label</knoraXmlImport:label>
    <p0826-teimww:occursIn>
      <p0826-teimww:book knoraType="link_value" linkType="ref" target="ww_0266d9e8398c6ca3"/>
    </p0826-teimww:occursIn>
    <p0826-teimww:text knoraType="richtext_value">Yes, trust them not, for there is an upstart crow, &lt;span class="quote"&gt;beautified&lt;/span&gt; with our feathers, that with his &lt;span class="quote"&gt;tiger's heart wrapped in a player's hide&lt;/span&gt; supposes he is as well able to bombast out a blank verse as the best of you, and, &lt;span class="quote"&gt;being an absolute Johannes factotum, &lt;/span&gt;is in his own conceit the only Shake-scene in a country.</p0826-teimww:text>
  </p0826-teimww:passage>
  <p0826-teimww:passage id="ww_9ec3b20f1cdaf46b">
    <knoraXmlImport:label>passage label</knoraXmlImport:label>
    <p0826-teimww:occursIn>
      <p0826-teimww:book knoraType="link_value" linkType="ref" target="ww_f3b3659c26b68006"/>
    </p0826-teimww:occursIn>
  </p0826-teimww:passage>
  <p0826-teimww:passage id="ww_77860cc0cdcec6a8">
    <knoraXmlImport:label>passage label</knoraXmlImport:label>
    <p0826-teimww:occursIn>
      <p0826-teimww:book knoraType="link_value" linkType="ref" target="ww_1140c36ab545b6d8"/>
    </p0826-teimww:occursIn>
  </p0826-teimww:passage>
  <p0826-teimww:passage id="ww_0de926e26f33e3ce">
    <knoraXmlImport:label>passage label</knoraXmlImport:label>
    <p0826-teimww:occursIn>
      <p0826-teimww:book knoraType="link_value" linkType="ref" target="ww_8a65b181cea50159"/>
    </p0826-teimww:occursIn>
    <p0826-teimww:text knoraType="richtext_value">And would not pluck the rains of bridle back:&lt;br&gt;
 I could tell why, but &lt;span class="quote"&gt;thereby hangs a tale&lt;/span&gt;, &lt;br&gt;
Would make me blush and show of grace great lack.&lt;br&gt;</p0826-teimww:text>
  </p0826-teimww:passage>
  <p0826-teimww:passage id="ww_cdd8da6646b54890">
    <knoraXmlImport:label>passage label</knoraXmlImport:label>
    <p0826-teimww:occursIn>
      <p0826-teimww:book knoraType="link_value" linkType="ref" target="ww_fb9509be352bd917"/>
    </p0826-teimww:occursIn>
  </p0826-teimww:passage>
  <p0826-teimww:passage id="ww_66fb37e69313d449">
    <knoraXmlImport:label>passage label</knoraXmlImport:label>
    <p0826-teimww:occursIn>
      <p0826-teimww:book knoraType="link_value" linkType="ref" target="ww_a70c78f7c2563c1d"/>
    </p0826-teimww:occursIn>
    <p0826-teimww:text knoraType="richtext_value">[Queen Elizabeth:] [...] &lt;span class="quote"&gt;The tiger now hath seized the gentle hind.&lt;/span&gt;</p0826-teimww:text>
  </p0826-teimww:passage>
  <p0826-teimww:passage id="ww_df1256079eb21ee6">
    <knoraXmlImport:label>passage label</knoraXmlImport:label>
    <p0826-teimww:occursIn>
      <p0826-teimww:book knoraType="link_value" linkType="ref" target="ww_1140c36ab545b6d8"/>
    </p0826-teimww:occursIn>
  </p0826-teimww:passage>
  <p0826-teimww:passage id="ww_093f5bd030854cb7">
    <knoraXmlImport:label>passage label</knoraXmlImport:label>
    <p0826-teimww:occursIn>
      <p0826-teimww:book knoraType="link_value" linkType="ref" target="ww_c8e25bef891b5536"/>
    </p0826-teimww:occursIn>
    <p0826-teimww:text knoraType="richtext_value">[King Richard:] Down, down I come like &lt;span class="quote"&gt;glistering Phaeton,&lt;/span&gt;&lt;br&gt;
Wanting the manage of unruly jades.</p0826-teimww:text>
  </p0826-teimww:passage>
  <p0826-teimww:passage id="ww_7b5619c98469036b">
    <knoraXmlImport:label>passage label</knoraXmlImport:label>
    <p0826-teimww:occursIn>
      <p0826-teimww:book knoraType="link_value" linkType="ref" target="ww_e1e81a86f35b59e9"/>
    </p0826-teimww:occursIn>
  </p0826-teimww:passage>
  <p0826-teimww:passage id="ww_4879a0dfeeef4c32">
    <knoraXmlImport:label>passage label</knoraXmlImport:label>
    <p0826-teimww:occursIn>
      <p0826-teimww:book knoraType="link_value" linkType="ref" target="ww_4699bce2e8308213"/>
    </p0826-teimww:occursIn>
    <p0826-teimww:text knoraType="richtext_value">[King:]&lt;span class="quote"&gt; I cannot brook thy haughty insolence &lt;/span&gt;[...].</p0826-teimww:text>
  </p0826-teimww:passage>
  <p0826-teimww:passage id="ww_abbd059cb90d7110">
    <knoraXmlImport:label>passage label</knoraXmlImport:label>
    <p0826-teimww:occursIn>
      <p0826-teimww:book knoraType="link_value" linkType="ref" target="ww_6f0ade1dfe5ee541"/>
    </p0826-teimww:occursIn>
    <p0826-teimww:text knoraType="richtext_value">[...] &lt;span class="quote"&gt;As when against pine bearing Ossa's rocks &lt;/span&gt;[...].</p0826-teimww:text>
  </p0826-teimww:passage>
  <p0826-teimww:passage id="ww_e433cbce1d00884f">
    <knoraXmlImport:label>passage label</knoraXmlImport:label>
    <p0826-teimww:occursIn>
      <p0826-teimww:book knoraType="link_value" linkType="ref" target="ww_6f0ade1dfe5ee541"/>
    </p0826-teimww:occursIn>
    <p0826-teimww:text knoraType="richtext_value">[...] To &lt;span class="quote"&gt;the pine bearing hills, &lt;/span&gt;hence to the mounts [...]</p0826-teimww:text>
  </p0826-teimww:passage>
  <p0826-teimww:passage id="ww_b6971b03436247c7">
    <knoraXmlImport:label>passage label</knoraXmlImport:label>
    <p0826-teimww:occursIn>
      <p0826-teimww:book knoraType="link_value" linkType="ref" target="ww_3e15ab6c612eadae"/>
    </p0826-teimww:occursIn>
  </p0826-teimww:passage>
  <p0826-teimww:passage id="ww_1b0ebf8d5b7f5212">
    <knoraXmlImport:label>passage label</knoraXmlImport:label>
    <p0826-teimww:occursIn>
      <p0826-teimww:book knoraType="link_value" linkType="ref" target="ww_2eb8f65559e88209"/>
    </p0826-teimww:occursIn>
    <p0826-teimww:text knoraType="richtext_value">[...]&lt;span class="quote"&gt; From steep Pine-bearing mountains to the plain&lt;/span&gt; [...].</p0826-teimww:text>
  </p0826-teimww:passage>
  <p0826-teimww:passage id="ww_208c4f9727c1df62">
    <knoraXmlImport:label>passage label</knoraXmlImport:label>
    <p0826-teimww:occursIn>
      <p0826-teimww:book knoraType="link_value" linkType="ref" target="ww_a70c78f7c2563c1d"/>
    </p0826-teimww:occursIn>
    <p0826-teimww:text knoraType="richtext_value">[Richard:] I do mistake my person all this while! &lt;br&gt;
Upon my life, she finds, although I cannot,&lt;br&gt;
Myself to be a marv'lous proper man. &lt;br&gt;
I'll be at charges for a looking glass &lt;br&gt;
And entertain a score or two of tailors &lt;br&gt;
To study fashions to adorn my body.&lt;br&gt;
Since I am crept in favor with myself, &lt;br&gt;
I will maintain it with some little cost. &lt;br&gt;
But first I'll turn yon fellow in his grave &lt;br&gt;
And then return lamenting to my love.&lt;br&gt;
&lt;span class="quote"&gt;Shine out, fair sun, till I have bought a glass, &lt;br&gt;
That I may see my shadow as I pass.&lt;/span&gt;</p0826-teimww:text>
  </p0826-teimww:passage>
  <p0826-teimww:passage id="ww_7fcdd9547de7075f">
    <knoraXmlImport:label>passage label</knoraXmlImport:label>
    <p0826-teimww:occursIn>
      <p0826-teimww:book knoraType="link_value" linkType="ref" target="ww_1140c36ab545b6d8"/>
    </p0826-teimww:occursIn>
  </p0826-teimww:passage>
  <p0826-teimww:passage id="ww_fd231e6f7b60e498">
    <knoraXmlImport:label>passage label</knoraXmlImport:label>
    <p0826-teimww:occursIn>
      <p0826-teimww:book knoraType="link_value" linkType="ref" target="ww_a70c78f7c2563c1d"/>
    </p0826-teimww:occursIn>
    <p0826-teimww:text knoraType="richtext_value">[Richmond:] &lt;span class="quote"&gt;God, and our good cause, fight upon our side. &lt;br&gt;&lt;/span&gt;
The prayers of holy saints and wrongèd souls [...].</p0826-teimww:text>
  </p0826-teimww:passage>
  <p0826-teimww:passage id="ww_8a729b6cf5ae0a65">
    <knoraXmlImport:label>passage label</knoraXmlImport:label>
    <p0826-teimww:occursIn>
      <p0826-teimww:book knoraType="link_value" linkType="ref" target="ww_a70c78f7c2563c1d"/>
    </p0826-teimww:occursIn>
    <p0826-teimww:text knoraType="richtext_value">[Anne:] &lt;span class="quote"&gt;Set down, set down your honorable load &lt;/span&gt;[...].</p0826-teimww:text>
  </p0826-teimww:passage>
  <p0826-teimww:passage id="ww_ae5d4b8eed0db4c9">
    <knoraXmlImport:label>passage label</knoraXmlImport:label>
    <p0826-teimww:occursIn>
      <p0826-teimww:book knoraType="link_value" linkType="ref" target="ww_5868d5560bdfc062"/>
    </p0826-teimww:occursIn>
  </p0826-teimww:passage>
  <p0826-teimww:passage id="ww_499a3dc928029360">
    <knoraXmlImport:label>passage label</knoraXmlImport:label>
    <p0826-teimww:occursIn>
      <p0826-teimww:book knoraType="link_value" linkType="ref" target="ww_a70c78f7c2563c1d"/>
    </p0826-teimww:occursIn>
    <p0826-teimww:text knoraType="richtext_value">[Anne:] Lo, in these windows that let forth thy life &lt;br&gt;
&lt;span class="quote"&gt;I pour the helpless balm of my poor eyes.&lt;/span&gt;</p0826-teimww:text>
  </p0826-teimww:passage>
  <p0826-teimww:passage id="ww_5caab26f4e610648">
    <knoraXmlImport:label>passage label</knoraXmlImport:label>
    <p0826-teimww:occursIn>
      <p0826-teimww:book knoraType="link_value" linkType="ref" target="ww_5868d5560bdfc062"/>
    </p0826-teimww:occursIn>
  </p0826-teimww:passage>
  <p0826-teimww:passage id="ww_2022e3ceb41ce35e">
    <knoraXmlImport:label>passage label</knoraXmlImport:label>
    <p0826-teimww:occursIn>
      <p0826-teimww:book knoraType="link_value" linkType="ref" target="ww_c8e25bef891b5536"/>
    </p0826-teimww:occursIn>
    <p0826-teimww:text knoraType="richtext_value">[Bolingbroke:] &lt;I&gt;standing&lt;/I&gt; My gracious uncle -&lt;br&gt;
[York:] Tut, tut! &lt;br&gt;
&lt;span class="quote"&gt;Grace me no grace, nor uncle me no uncle&lt;/span&gt;.</p0826-teimww:text>
  </p0826-teimww:passage>
  <p0826-teimww:passage id="ww_ea106b41a8d7b333">
    <knoraXmlImport:label>passage label</knoraXmlImport:label>
    <p0826-teimww:occursIn>
      <p0826-teimww:book knoraType="link_value" linkType="ref" target="ww_5868d5560bdfc062"/>
    </p0826-teimww:occursIn>
  </p0826-teimww:passage>
  <p0826-teimww:passage id="ww_ae1604b6fb6ea28f">
    <knoraXmlImport:label>passage label</knoraXmlImport:label>
    <p0826-teimww:occursIn>
      <p0826-teimww:book knoraType="link_value" linkType="ref" target="ww_c8e25bef891b5536"/>
    </p0826-teimww:occursIn>
    <p0826-teimww:text knoraType="richtext_value">[King Richard:] Now is this golden crown &lt;span class="quote"&gt;ike a deep well &lt;br&gt;
That owes two buckets, filling one another,&lt;br&gt;
The emptier ever dancing in the air,&lt;br&gt;
The other down, unseen, and full of water.&lt;/span&gt;&lt;br&gt;
That bucket down and full of tears am I,&lt;br&gt;
Drinking my griefs, whilst you mount up on high.</p0826-teimww:text>
  </p0826-teimww:passage>
  <p0826-teimww:passage id="ww_b063f752c91ae7b3">
    <knoraXmlImport:label>passage label</knoraXmlImport:label>
    <p0826-teimww:occursIn>
      <p0826-teimww:book knoraType="link_value" linkType="ref" target="ww_c8e25bef891b5536"/>
    </p0826-teimww:occursIn>
    <p0826-teimww:text knoraType="richtext_value">[Richard:] [...] &lt;span class="quote"&gt;Mount, mount, my soul. &lt;/span&gt;Thy seat is up on high,&lt;br&gt;
Whilst my gross flesh sinks downward, here to die.</p0826-teimww:text>
  </p0826-teimww:passage>
  <p0826-teimww:passage id="ww_cafd4878c440f507">
    <knoraXmlImport:label>passage label</knoraXmlImport:label>
    <p0826-teimww:occursIn>
      <p0826-teimww:book knoraType="link_value" linkType="ref" target="ww_08a130e81db8a98f"/>
    </p0826-teimww:occursIn>
  </p0826-teimww:passage>
  <p0826-teimww:passage id="ww_1ad5305b0a6cbdf1">
    <knoraXmlImport:label>passage label</knoraXmlImport:label>
    <p0826-teimww:occursIn>
      <p0826-teimww:book knoraType="link_value" linkType="ref" target="ww_7c6dc2f52fef22bc"/>
    </p0826-teimww:occursIn>
    <p0826-teimww:text knoraType="richtext_value">[Proteus:] Say that &lt;span class="quote"&gt;upon the altar of her beauty &lt;br&gt;
You sacrifice your tears, &lt;/span&gt;your sighs, your heart.</p0826-teimww:text>
  </p0826-teimww:passage>
  <p0826-teimww:passage id="ww_336eb5a874f84734">
    <knoraXmlImport:label>passage label</knoraXmlImport:label>
    <p0826-teimww:occursIn>
      <p0826-teimww:book knoraType="link_value" linkType="ref" target="ww_5eeeb3e78e8b0bc3"/>
    </p0826-teimww:occursIn>
  </p0826-teimww:passage>
  <p0826-teimww:passage id="ww_48ff795f31bb6e23">
    <knoraXmlImport:label>passage label</knoraXmlImport:label>
    <p0826-teimww:occursIn>
      <p0826-teimww:book knoraType="link_value" linkType="ref" target="ww_0d665e488e8f55e8"/>
    </p0826-teimww:occursIn>
    <p0826-teimww:text knoraType="richtext_value">O Opportunity […] &lt;span class="quote"&gt;thou notorious bawd&lt;/span&gt;!</p0826-teimww:text>
  </p0826-teimww:passage>
  <p0826-teimww:passage id="ww_01e21a58ea87a304">
    <knoraXmlImport:label>passage label</knoraXmlImport:label>
    <p0826-teimww:occursIn>
      <p0826-teimww:book knoraType="link_value" linkType="ref" target="ww_1140c36ab545b6d8"/>
    </p0826-teimww:occursIn>
  </p0826-teimww:passage>
  <p0826-teimww:passage id="ww_d04402ef521de0d7">
    <knoraXmlImport:label>passage label</knoraXmlImport:label>
    <p0826-teimww:occursIn>
      <p0826-teimww:book knoraType="link_value" linkType="ref" target="ww_5868d5560bdfc062"/>
    </p0826-teimww:occursIn>
  </p0826-teimww:passage>
  <p0826-teimww:passage id="ww_df654391a2eb6a81">
    <knoraXmlImport:label>passage label</knoraXmlImport:label>
    <p0826-teimww:occursIn>
      <p0826-teimww:book knoraType="link_value" linkType="ref" target="ww_7c6dc2f52fef22bc"/>
    </p0826-teimww:occursIn>
    <p0826-teimww:text knoraType="richtext_value">[Valentine:] Madam and mistress, &lt;span class="quote"&gt;a thousand good-morrows.&lt;br&gt;&lt;/span&gt;
[Speed:] O, give ye good ev'n! Here's a million of manners. &lt;br&gt;[Sylvia:] Sir Valentine, and servant, to you two thousand.</p0826-teimww:text>
  </p0826-teimww:passage>
  <p0826-teimww:passage id="ww_7fab497f92691b1d">
    <knoraXmlImport:label>passage label</knoraXmlImport:label>
    <p0826-teimww:occursIn>
      <p0826-teimww:book knoraType="link_value" linkType="ref" target="ww_b5ea9b35c899d367"/>
    </p0826-teimww:occursIn>
  </p0826-teimww:passage>
  <p0826-teimww:passage id="ww_35d23cefe8345823">
    <knoraXmlImport:label>passage label</knoraXmlImport:label>
    <p0826-teimww:occursIn>
      <p0826-teimww:book knoraType="link_value" linkType="ref" target="ww_0d665e488e8f55e8"/>
    </p0826-teimww:occursIn>
    <p0826-teimww:text knoraType="richtext_value">&lt;span class="quote"&gt;Lucrece&lt;/span&gt;</p0826-teimww:text>
  </p0826-teimww:passage>
  <p0826-teimww:passage id="ww_1e6a306a10f12352">
    <knoraXmlImport:label>passage label</knoraXmlImport:label>
    <p0826-teimww:occursIn>
      <p0826-teimww:book knoraType="link_value" linkType="ref" target="ww_fe0b28179c821ce7"/>
    </p0826-teimww:occursIn>
    <p0826-teimww:text knoraType="richtext_value">[...] Though Collatine have dearly bought,&lt;br&gt;
To high renown, a lasting life,&lt;br&gt;
To have a Fair and Constant wife,&lt;br&gt;
Yet Tarquin plucked his glistering grape,&lt;br&gt;
And &lt;span class="quote"&gt;&lt;i&gt;Shakespeare&lt;/i&gt;&lt;/span&gt;, paints poor &lt;span class="quote"&gt;&lt;I&gt;Lucrece's &lt;/i&gt;rape&lt;/span&gt;.</p0826-teimww:text>
  </p0826-teimww:passage>
  <p0826-teimww:passage id="ww_00c7ea0ba0ce0dc0">
    <knoraXmlImport:label>passage label</knoraXmlImport:label>
    <p0826-teimww:occursIn>
      <p0826-teimww:book knoraType="link_value" linkType="ref" target="ww_1140c36ab545b6d8"/>
    </p0826-teimww:occursIn>
  </p0826-teimww:passage>
  <p0826-teimww:passage id="ww_57418b7f549b24fd">
    <knoraXmlImport:label>passage label</knoraXmlImport:label>
    <p0826-teimww:occursIn>
      <p0826-teimww:book knoraType="link_value" linkType="ref" target="ww_bafc06a3c141cb25"/>
    </p0826-teimww:occursIn>
    <p0826-teimww:text knoraType="richtext_value">&lt;span class="quote"&gt;O sacred eyes! The springs of loving light,&lt;br&gt;&lt;/span&gt;
The earthly heavens where angels joy to dwell.</p0826-teimww:text>
  </p0826-teimww:passage>
  <p0826-teimww:passage id="ww_5a80ba9ab194141c">
    <knoraXmlImport:label>passage label</knoraXmlImport:label>
    <p0826-teimww:occursIn>
      <p0826-teimww:book knoraType="link_value" linkType="ref" target="ww_1140c36ab545b6d8"/>
    </p0826-teimww:occursIn>
  </p0826-teimww:passage>
  <p0826-teimww:passage id="ww_6803881fad61f488">
    <knoraXmlImport:label>passage label</knoraXmlImport:label>
    <p0826-teimww:occursIn>
      <p0826-teimww:book knoraType="link_value" linkType="ref" target="ww_1e4f95f951f2169f"/>
    </p0826-teimww:occursIn>
    <p0826-teimww:text knoraType="richtext_value">[Lysander:] [...] Swift as a shadow, short as any dream, &lt;br&gt;
&lt;span class="quote"&gt;Brief as the lightning in the collied night,&lt;br&gt;
That, in a spleen, unfolds both heaven and Earth,&lt;/span&gt;&lt;br&gt;
And, ere a man hath power to say "Behold!"&lt;br&gt;
The jaws of darkness do devour it up.&lt;br&gt;
So quick bright things come to confusion.</p0826-teimww:text>
  </p0826-teimww:passage>
  <p0826-teimww:passage id="ww_bc3c3435ec0acf07">
    <knoraXmlImport:label>passage label</knoraXmlImport:label>
    <p0826-teimww:occursIn>
      <p0826-teimww:book knoraType="link_value" linkType="ref" target="ww_c8e25bef891b5536"/>
    </p0826-teimww:occursIn>
    <p0826-teimww:text knoraType="richtext_value">[King Richard:] [...] And &lt;span class="quote"&gt;that small model of the barren earth &lt;br&gt;&lt;/span&gt;
Which serves as paste and cover to our bones.</p0826-teimww:text>
  </p0826-teimww:passage>
  <p0826-teimww:passage id="ww_6c0f44e10c4158ea">
    <knoraXmlImport:label>passage label</knoraXmlImport:label>
    <p0826-teimww:occursIn>
      <p0826-teimww:book knoraType="link_value" linkType="ref" target="ww_5eeeb3e78e8b0bc3"/>
    </p0826-teimww:occursIn>
  </p0826-teimww:passage>
  <p0826-teimww:passage id="ww_6ac0a6f2c692051b">
    <knoraXmlImport:label>passage label</knoraXmlImport:label>
    <p0826-teimww:occursIn>
      <p0826-teimww:book knoraType="link_value" linkType="ref" target="ww_c8e25bef891b5536"/>
    </p0826-teimww:occursIn>
    <p0826-teimww:text knoraType="richtext_value">[King Richard:] [...] &lt;span class="quote"&gt;God for His Richard hath in heavenly pay&lt;br&gt;
A glorious angel. Then, if angels fight, &lt;br&gt;&lt;/span&gt;
Weak men must fall, for heaven still guards the right. </p0826-teimww:text>
  </p0826-teimww:passage>
  <p0826-teimww:passage id="ww_bda90b1ca905d36b">
    <knoraXmlImport:label>passage label</knoraXmlImport:label>
    <p0826-teimww:occursIn>
      <p0826-teimww:book knoraType="link_value" linkType="ref" target="ww_1e4f95f951f2169f"/>
    </p0826-teimww:occursIn>
    <p0826-teimww:text knoraType="richtext_value">&lt;span class="quote"&gt;Oberon &lt;/span&gt;[King of the Fairies]</p0826-teimww:text>
  </p0826-teimww:passage>
  <p0826-teimww:passage id="ww_4516ae547cbfe3a7">
    <knoraXmlImport:label>passage label</knoraXmlImport:label>
    <p0826-teimww:occursIn>
      <p0826-teimww:book knoraType="link_value" linkType="ref" target="ww_a8c8f9a292e6c950"/>
    </p0826-teimww:occursIn>
    <p0826-teimww:text knoraType="richtext_value">[Longaville:]&lt;span class="quote"&gt; Fat paunches &lt;/span&gt;have lean pates, and dainty bits&lt;br&gt; 
Make rich the ribs but bankrout quite the wits.</p0826-teimww:text>
  </p0826-teimww:passage>
  <p0826-teimww:passage id="ww_d8f06a3179f16432">
    <knoraXmlImport:label>passage label</knoraXmlImport:label>
    <p0826-teimww:occursIn>
      <p0826-teimww:book knoraType="link_value" linkType="ref" target="ww_1140c36ab545b6d8"/>
    </p0826-teimww:occursIn>
  </p0826-teimww:passage>
  <p0826-teimww:passage id="ww_180165f860a4f167">
    <knoraXmlImport:label>passage label</knoraXmlImport:label>
    <p0826-teimww:occursIn>
      <p0826-teimww:book knoraType="link_value" linkType="ref" target="ww_a8c8f9a292e6c950"/>
    </p0826-teimww:occursIn>
    <p0826-teimww:text knoraType="richtext_value">[Princess:] &lt;span class="quote"&gt;A lady walled about with diamonds!&lt;/span&gt;</p0826-teimww:text>
  </p0826-teimww:passage>
  <p0826-teimww:passage id="ww_e9352ece91ef56e9">
    <knoraXmlImport:label>passage label</knoraXmlImport:label>
    <p0826-teimww:occursIn>
      <p0826-teimww:book knoraType="link_value" linkType="ref" target="ww_4e091746c9370e38"/>
    </p0826-teimww:occursIn>
  </p0826-teimww:passage>
  <p0826-teimww:passage id="ww_a9e8a6057e7ecd38">
    <knoraXmlImport:label>passage label</knoraXmlImport:label>
    <p0826-teimww:occursIn>
      <p0826-teimww:book knoraType="link_value" linkType="ref" target="ww_a8c8f9a292e6c950"/>
    </p0826-teimww:occursIn>
    <p0826-teimww:text knoraType="richtext_value">[Berowne:] Greater than "Great"! &lt;span class="quote"&gt;Great, great, great Pompey. Pompey the Huge!&lt;/span&gt;</p0826-teimww:text>
  </p0826-teimww:passage>
  <p0826-teimww:passage id="ww_eaf2afa779aa3d90">
    <knoraXmlImport:label>passage label</knoraXmlImport:label>
    <p0826-teimww:occursIn>
      <p0826-teimww:book knoraType="link_value" linkType="ref" target="ww_1140c36ab545b6d8"/>
    </p0826-teimww:occursIn>
  </p0826-teimww:passage>
  <p0826-teimww:passage id="ww_90c4ec9109627a79">
    <knoraXmlImport:label>passage label</knoraXmlImport:label>
    <p0826-teimww:occursIn>
      <p0826-teimww:book knoraType="link_value" linkType="ref" target="ww_aa90313aec1ff25e"/>
    </p0826-teimww:occursIn>
    <p0826-teimww:text knoraType="richtext_value">[Portia:] [...] &lt;span class="quote"&gt;Though justice be thy plea, consider this: &lt;br&gt;
That in the course of justice none of us &lt;br&gt;
Should see salvation. We do pray for mercy, &lt;br&gt;
And that same prayer doth teach us all to render &lt;br&gt;
The deeds of mercy.&lt;/span&gt;</p0826-teimww:text>
  </p0826-teimww:passage>
  <p0826-teimww:passage id="ww_ff7881ef1ad6679f">
    <knoraXmlImport:label>passage label</knoraXmlImport:label>
    <p0826-teimww:occursIn>
      <p0826-teimww:book knoraType="link_value" linkType="ref" target="ww_5eeeb3e78e8b0bc3"/>
    </p0826-teimww:occursIn>
  </p0826-teimww:passage>
  <p0826-teimww:passage id="ww_625462645e6a3221">
    <knoraXmlImport:label>passage label</knoraXmlImport:label>
    <p0826-teimww:occursIn>
      <p0826-teimww:book knoraType="link_value" linkType="ref" target="ww_36210f298b9bbc6f"/>
    </p0826-teimww:occursIn>
    <p0826-teimww:text knoraType="richtext_value">Yea, Madam Gabriela, are you such an old jerker? then Hey ding a ding, up with your petticoat, &lt;span class="quote"&gt;have at your plum-tree.&lt;/span&gt;</p0826-teimww:text>
  </p0826-teimww:passage>
  <p0826-teimww:passage id="ww_aff86f1641b59624">
    <knoraXmlImport:label>passage label</knoraXmlImport:label>
    <p0826-teimww:occursIn>
      <p0826-teimww:book knoraType="link_value" linkType="ref" target="ww_5eeeb3e78e8b0bc3"/>
    </p0826-teimww:occursIn>
  </p0826-teimww:passage>
  <p0826-teimww:passage id="ww_4bc1729e33323c0f">
    <knoraXmlImport:label>passage label</knoraXmlImport:label>
    <p0826-teimww:occursIn>
      <p0826-teimww:book knoraType="link_value" linkType="ref" target="ww_8cd00151071e8080"/>
    </p0826-teimww:occursIn>
    <p0826-teimww:text knoraType="richtext_value">&lt;span class="quote"&gt;About the walls of the chamber in curious imagery were the seven sages of Greece, set forth with their several virtues, eloquently discovered in Arabic verses&lt;/span&gt;: The bed appointed for the prince to rest himself, was of black Ebony enchased which Rubies, Diamonds and Carbuncles, made inform of an arch, on which by degrees mans state from infancy to his old age was plainly depictured, and on the testere of the bed the whole contents of the same most sagely desciphered in these verses. &lt;br&gt;&lt;br&gt;
Humanae Miseriae discursus.&lt;br&gt;
O whereof boasteth man, or by what reason&lt;br&gt;
Is filthy clay so much ambitious?&lt;br&gt;
Whose thoughts are vain, and alter every season&lt;br&gt;
Whose deeds are damned, base, and vitious,&lt;br&gt;
Who in his cradle by his childish crying&lt;br&gt;
Presages his mishaps and sorrows denying.&lt;br&gt;
An infant first from nurses tit he sucketh&lt;br&gt;
With nutriment corruption of his nature:&lt;br&gt;
And from the root of endless error plucketh&lt;br&gt;
That taste of sin that waits on every creature,&lt;br&gt;
And as his sinews firm his sin increaseth,&lt;br&gt;
And but till death his sorrow never ceaseth.&lt;br&gt;
In riper years when youthly courage raineth,&lt;br&gt;
A winters blast of fortunes lowring changes,&lt;br&gt;
A flattering hope wherein no trust remaineth,&lt;br&gt;
A fleeting love his forward joy estranges:&lt;br&gt;
Achieve he wealth, with wasteful wo he bought it,&lt;br&gt;
Let substance fail, he grieves, and yet he sought it.&lt;br&gt;
In staled years when as he seeks the gleaning&lt;br&gt;
Of those his times in studious Arts bestowed,&lt;br&gt;
In sum, he oft misconstrueth wise-mens meanings,&lt;br&gt;
Soiling the spring from whence his science flowed,&lt;br&gt;
In all he gains by perfect judgement gained,&lt;br&gt;
A hate of life that hath so long remained.&lt;br&gt;
From height of throne to abject wretchedness,&lt;br&gt;
From wondrous skill to servile ignorance:&lt;br&gt;
From court to cart, from rich to recklessness,&lt;br&gt;
The joys of life have no continuance:&lt;br&gt;
The king, the caitiff wretch, the lay, the learned.&lt;br&gt;
Their crowns, woes, wants, &amp; wits with grief have earned.&lt;br&gt;
The Judgement seat hath brawls, honour is hated,&lt;br&gt;
The soldiers life is daily thrall to danger,&lt;br&gt;
The merchants bag by tempests is abated,&lt;br&gt;
His stock still serves for prey to every stranger,&lt;br&gt;
The scholar with his knowledge learns repent,&lt;br&gt;
Thus each estate in life hath discontent.&lt;br&gt;
And in these trades and choice estates of living,&lt;br&gt;
Youth steals on manly state, and it on age,&lt;br&gt;
And age with weakned limbs, and mind misgiving,&lt;br&gt;
With trembling tongue repenteth youthly rage,&lt;br&gt;
And ere he full hath learned his life to govern,&lt;br&gt;
He dies, and dying doth to dust return.&lt;br&gt;
His greatest good is, to report the trouble&lt;br&gt;
Which he in prime of youth hath overpassed.&lt;br&gt;
How for his grains of good he reapt but stubble,&lt;br&gt;
How lost by love, by follies hew disgraced,&lt;br&gt;
Which whilst he counts, his son perhaps attendeth,&lt;br&gt;
And yet his days in self like follies endeth.&lt;br&gt;
Thus mortal life on sodaine vanisheth.&lt;br&gt;
All like a dream, or as the shadow fleeteth,&lt;br&gt;
When sun his beam from substance banisheth,&lt;br&gt;
Or like the snow at once that dries and sleeteth.&lt;br&gt;
Or as the rainebow which by her condition&lt;br&gt;
Lives by the Sun's reflect and opposition.&lt;br&gt;
Thus life in name is but a death in being,&lt;br&gt;
A burden to the soul by earth entangled:&lt;br&gt;
Then put thou off that vail that lets thy seeing,&lt;br&gt;
O wretched man with many torments mangled,&lt;br&gt;
Since neither child, nor youth, nor staid, nor aged,&lt;br&gt;
The storms of wretched life may be asswaged.&lt;br&gt;
And with the Egyptian midst thy delicates&lt;br&gt;
Present the shape of death in every member,&lt;br&gt;
To make thee know the name of all estates:&lt;br&gt;
And midst thy pomp thy nying grave remember,&lt;br&gt;
Which if thou dost, thy pride shall be repressed&lt;br&gt;
Since none before he dies is perfect blessed.</p0826-teimww:text>
  </p0826-teimww:passage>
  <p0826-teimww:passage id="ww_d5817e4c25a595af">
    <knoraXmlImport:label>passage label</knoraXmlImport:label>
    <p0826-teimww:occursIn>
      <p0826-teimww:book knoraType="link_value" linkType="ref" target="ww_dad475a43f1ff2eb"/>
    </p0826-teimww:occursIn>
  </p0826-teimww:passage>
  <p0826-teimww:passage id="ww_183113b64fcaa623">
    <knoraXmlImport:label>passage label</knoraXmlImport:label>
    <p0826-teimww:occursIn>
      <p0826-teimww:book knoraType="link_value" linkType="ref" target="ww_aa90313aec1ff25e"/>
    </p0826-teimww:occursIn>
    <p0826-teimww:text knoraType="richtext_value">[Shylock:] &lt;span class="quote"&gt;The pound of flesh which I demand of him&lt;br&gt;
Is dearly bought;&lt;br&gt;&lt;br&gt;
(Enter Portia for Balthazar, as a doctor of laws, with Attendants).</p0826-teimww:text>
  </p0826-teimww:passage>
  <p0826-teimww:passage id="ww_dc54f98cf391de7f">
    <knoraXmlImport:label>passage label</knoraXmlImport:label>
    <p0826-teimww:occursIn>
      <p0826-teimww:book knoraType="link_value" linkType="ref" target="ww_9ec767d44e3a36f8"/>
    </p0826-teimww:occursIn>
  </p0826-teimww:passage>
  <p0826-teimww:passage id="ww_e18a59e7b7a79f87">
    <knoraXmlImport:label>passage label</knoraXmlImport:label>
    <p0826-teimww:occursIn>
      <p0826-teimww:book knoraType="link_value" linkType="ref" target="ww_a8c8f9a292e6c950"/>
    </p0826-teimww:occursIn>
    <p0826-teimww:text knoraType="richtext_value">[Berowne:] Never durst poet touch a pen to write &lt;br&gt;
Until his ink were tempered with love’s sighs. &lt;br&gt;
O, then his lines would ravish savage ears&lt;br&gt;
And plant in tyrants mild humility. &lt;br&gt;
From &lt;span class="quote"&gt;women’s eyes this doctrine I derive&lt;/span&gt;. &lt;br&gt;
They sparkle still the right Promethean fire. &lt;br&gt;
They are the books, the arts, the academes &lt;br&gt;
That show, contain, and nourish all the world. </p0826-teimww:text>
  </p0826-teimww:passage>
  <p0826-teimww:passage id="ww_4b37152aeb59f738">
    <knoraXmlImport:label>passage label</knoraXmlImport:label>
    <p0826-teimww:occursIn>
      <p0826-teimww:book knoraType="link_value" linkType="ref" target="ww_1140c36ab545b6d8"/>
    </p0826-teimww:occursIn>
  </p0826-teimww:passage>
  <p0826-teimww:passage id="ww_9f21b308c922ccff">
    <knoraXmlImport:label>passage label</knoraXmlImport:label>
    <p0826-teimww:occursIn>
      <p0826-teimww:book knoraType="link_value" linkType="ref" target="ww_a8c8f9a292e6c950"/>
    </p0826-teimww:occursIn>
    <p0826-teimww:text knoraType="richtext_value">[Holofernes:] You find not the apostrophus, and so miss the accent. Let me supervise the canzonet. [He takes the paper.] Here are only numbers ratified, but, for the elegancy, facility, and golden cadence of poesy - caret. &lt;span class="quote"&gt;Ovidius Naso was the man. And why indeed "Naso," but for smelling out the odoriferous flowers of fancy, the jerks of invention? &lt;/span&gt;Imitari is nothing: so doth the hound his master, the ape his keeper, the tired horse his rider. - But damosella virgin, was this directed to you?</p0826-teimww:text>
  </p0826-teimww:passage>
  <p0826-teimww:passage id="ww_a6bd01f44a20d743">
    <knoraXmlImport:label>passage label</knoraXmlImport:label>
    <p0826-teimww:occursIn>
      <p0826-teimww:book knoraType="link_value" linkType="ref" target="ww_663bc260dc952b96"/>
    </p0826-teimww:occursIn>
    <p0826-teimww:text knoraType="richtext_value">[Silence:] &lt;span class="quote"&gt;&lt;i&gt; sings &lt;/i&gt; &lt;br&gt;
Do me right, &lt;br&gt;
And dub me knight, &lt;br&gt;
Samingo.&lt;/span&gt;</p0826-teimww:text>
  </p0826-teimww:passage>
  <p0826-teimww:passage id="ww_f08e3bdd1bef25ba">
    <knoraXmlImport:label>passage label</knoraXmlImport:label>
    <p0826-teimww:occursIn>
      <p0826-teimww:book knoraType="link_value" linkType="ref" target="ww_0f0f2ccb24fa3b96"/>
    </p0826-teimww:occursIn>
  </p0826-teimww:passage>
  <p0826-teimww:passage id="ww_5a1acb78f90e1108">
    <knoraXmlImport:label>passage label</knoraXmlImport:label>
    <p0826-teimww:occursIn>
      <p0826-teimww:book knoraType="link_value" linkType="ref" target="ww_56f51ee20f36f654"/>
    </p0826-teimww:occursIn>
    <p0826-teimww:text knoraType="richtext_value">[Falstaff:] Nay, that's past praying for. I have peppered two of them. Two I am sure I have paid, two rogues in buckram suits. I tell thee what, Hal, if I tell thee a lie, spit in my face, call me horse. Thou knowest my old ward. Here I lay, and thus I bore my point. &lt;span class="quote"&gt;Four rogues in buckram let drive at me.&lt;/span&lt;</p0826-teimww:text>
  </p0826-teimww:passage>
  <p0826-teimww:passage id="ww_80fdcec8ee11bc84">
    <knoraXmlImport:label>passage label</knoraXmlImport:label>
    <p0826-teimww:occursIn>
      <p0826-teimww:book knoraType="link_value" linkType="ref" target="ww_1140c36ab545b6d8"/>
    </p0826-teimww:occursIn>
  </p0826-teimww:passage>
  <p0826-teimww:passage id="ww_469095331714596a">
    <knoraXmlImport:label>passage label</knoraXmlImport:label>
    <p0826-teimww:occursIn>
      <p0826-teimww:book knoraType="link_value" linkType="ref" target="ww_aee75c33920a3b79"/>
    </p0826-teimww:occursIn>
  </p0826-teimww:passage>
  <p0826-teimww:passage id="ww_aaa832d4b3940389">
    <knoraXmlImport:label>passage label</knoraXmlImport:label>
    <p0826-teimww:occursIn>
      <p0826-teimww:book knoraType="link_value" linkType="ref" target="ww_663bc260dc952b96"/>
    </p0826-teimww:occursIn>
    <p0826-teimww:text knoraType="richtext_value">[Pistol:] [...] Shall pack-horses and &lt;span class="quote"&gt;hollow pampered jades of Asia &lt;/span&gt;[...] compare with Caesars and with cannibals and Troyan Greeks? Nay, rather damn them with King Cerberus, and &lt;span class="quote"&gt;let the welkin roar. &lt;/span&gt;Shall we fall foul for toys?</p0826-teimww:text>
  </p0826-teimww:passage>
  <p0826-teimww:passage id="ww_cfb3267a877e74ae">
    <knoraXmlImport:label>passage label</knoraXmlImport:label>
    <p0826-teimww:occursIn>
      <p0826-teimww:book knoraType="link_value" linkType="ref" target="ww_1140c36ab545b6d8"/>
    </p0826-teimww:occursIn>
  </p0826-teimww:passage>
  <p0826-teimww:passage id="ww_f03a24da4f51ac79">
    <knoraXmlImport:label>passage label</knoraXmlImport:label>
    <p0826-teimww:occursIn>
      <p0826-teimww:book knoraType="link_value" linkType="ref" target="ww_56f51ee20f36f654"/>
    </p0826-teimww:occursIn>
    <p0826-teimww:text knoraType="richtext_value">[Hotspur:] When on the gentle Severn's sedgy bank &lt;br&gt;
&lt;span class="quote"&gt;In single opposition hand to hand&lt;/span&gt;&lt;br&gt;
He did confound the best part of an hour&lt;br&gt;
In changing hardiment with great Glendower. </p0826-teimww:text>
  </p0826-teimww:passage>
  <p0826-teimww:passage id="ww_78c20ebaf7b66329">
    <knoraXmlImport:label>passage label</knoraXmlImport:label>
    <p0826-teimww:occursIn>
      <p0826-teimww:book knoraType="link_value" linkType="ref" target="ww_1140c36ab545b6d8"/>
    </p0826-teimww:occursIn>
  </p0826-teimww:passage>
  <p0826-teimww:passage id="ww_15aa54d48e9e5ca0">
    <knoraXmlImport:label>passage label</knoraXmlImport:label>
    <p0826-teimww:occursIn>
      <p0826-teimww:book knoraType="link_value" linkType="ref" target="ww_5196ea0769532431"/>
    </p0826-teimww:occursIn>
    <p0826-teimww:text knoraType="richtext_value">[Fenton:] Yes, marry, have I. What of that? &lt;br&gt;
[Mistress Quickly:] &lt;span class="quote"&gt;Well, thereby hangs a tale. &lt;/span&gt;Good faith, it is such another Nan! But, I detest, an honest maid as ever broke bread.</p0826-teimww:text>
  </p0826-teimww:passage>
  <p0826-teimww:passage id="ww_73566091a48af35b">
    <knoraXmlImport:label>passage label</knoraXmlImport:label>
    <p0826-teimww:occursIn>
      <p0826-teimww:book knoraType="link_value" linkType="ref" target="ww_fb9509be352bd917"/>
    </p0826-teimww:occursIn>
  </p0826-teimww:passage>
  <p0826-teimww:passage id="ww_0d63a92a257d17de">
    <knoraXmlImport:label>passage label</knoraXmlImport:label>
    <p0826-teimww:occursIn>
      <p0826-teimww:book knoraType="link_value" linkType="ref" target="ww_663bc260dc952b96"/>
    </p0826-teimww:occursIn>
    <p0826-teimww:text knoraType="richtext_value">[King:] [...] How many thousand of my poorest subjects &lt;br&gt;
Are at this hour asleep! &lt;span class="quote"&gt;O sleep, O gentle sleep, &lt;br&gt;
Nature's soft nurse, how have I frighted thee, &lt;br&gt;
That thou no more wilt weigh my eyelids down&lt;/span&gt; &lt;br&gt;
And &lt;span class="quote"&gt;steep my senses in forgetfulness&lt;/span&gt;? </p0826-teimww:text>
  </p0826-teimww:passage>
  <p0826-teimww:passage id="ww_4414ba7275ccf328">
    <knoraXmlImport:label>passage label</knoraXmlImport:label>
    <p0826-teimww:occursIn>
      <p0826-teimww:book knoraType="link_value" linkType="ref" target="ww_1c8a25fac02f85a7"/>
    </p0826-teimww:occursIn>
  </p0826-teimww:passage>
  <p0826-teimww:passage id="ww_78aee47cbd23b7af">
    <knoraXmlImport:label>passage label</knoraXmlImport:label>
    <p0826-teimww:occursIn>
      <p0826-teimww:book knoraType="link_value" linkType="ref" target="ww_5af91280461707f1"/>
    </p0826-teimww:occursIn>
  </p0826-teimww:passage>
  <p0826-teimww:passage id="ww_5f6c8eb9839ed7e2">
    <knoraXmlImport:label>passage label</knoraXmlImport:label>
    <p0826-teimww:occursIn>
      <p0826-teimww:book knoraType="link_value" linkType="ref" target="ww_663bc260dc952b96"/>
    </p0826-teimww:occursIn>
    <p0826-teimww:text knoraType="richtext_value">[Pistol:] I'll see see her damned first to &lt;span class="quote"&gt;Pluto's &lt;/span&gt;damnèd lake, by this hand, to th' infernal deep with &lt;span class="quote"&gt;Erebus and tortures vile also. Hold hook and line, say I. Down, down, dogs! Down, Fates! &lt;span class="quote"&gt;Have we not Hiren here?&lt;br&gt;&lt;br&gt;&lt;/span&gt;

[Pistol:] Die men like dogs! Give crowns like pins! &lt;span class="quote"&gt;Have we not Hiren here?&lt;/span&gt;</p0826-teimww:text>
  </p0826-teimww:passage>
  <p0826-teimww:passage id="ww_6ae6189175fdfbc2">
    <knoraXmlImport:label>passage label</knoraXmlImport:label>
    <p0826-teimww:occursIn>
      <p0826-teimww:book knoraType="link_value" linkType="ref" target="ww_1140c36ab545b6d8"/>
    </p0826-teimww:occursIn>
  </p0826-teimww:passage>
  <p0826-teimww:passage id="ww_c6a122bd9416c2af">
    <knoraXmlImport:label>passage label</knoraXmlImport:label>
    <p0826-teimww:occursIn>
      <p0826-teimww:book knoraType="link_value" linkType="ref" target="ww_56f51ee20f36f654"/>
    </p0826-teimww:occursIn>
    <p0826-teimww:text knoraType="richtext_value">[Prince:] &lt;span class="quote"&gt;With three or four loggerheads amongst three or fourscore hogsheads.&lt;/span&gt;</p0826-teimww:text>
  </p0826-teimww:passage>
  <p0826-teimww:passage id="ww_a1e3775f76c036f2">
    <knoraXmlImport:label>passage label</knoraXmlImport:label>
    <p0826-teimww:occursIn>
      <p0826-teimww:book knoraType="link_value" linkType="ref" target="ww_5eeeb3e78e8b0bc3"/>
    </p0826-teimww:occursIn>
  </p0826-teimww:passage>
  <p0826-teimww:passage id="ww_cb9456bc94735d4b">
    <knoraXmlImport:label>passage label</knoraXmlImport:label>
    <p0826-teimww:occursIn>
      <p0826-teimww:book knoraType="link_value" linkType="ref" target="ww_56f51ee20f36f654"/>
    </p0826-teimww:occursIn>
    <p0826-teimww:text knoraType="richtext_value">[Falstaff:] Ah, &lt;span class="quote"&gt;no more of that, Hal, an thou lovest me.</p0826-teimww:text>
  </p0826-teimww:passage>
  <p0826-teimww:passage id="ww_d71992e1b4dd2e0e">
    <knoraXmlImport:label>passage label</knoraXmlImport:label>
    <p0826-teimww:occursIn>
      <p0826-teimww:book knoraType="link_value" linkType="ref" target="ww_1140c36ab545b6d8"/>
    </p0826-teimww:occursIn>
  </p0826-teimww:passage>
  <p0826-teimww:passage id="ww_87d6c8bc6f5abadd">
    <knoraXmlImport:label>passage label</knoraXmlImport:label>
    <p0826-teimww:occursIn>
      <p0826-teimww:book knoraType="link_value" linkType="ref" target="ww_56f51ee20f36f654"/>
    </p0826-teimww:occursIn>
    <p0826-teimww:text knoraType="richtext_value">[Falstaff:] &lt;span class="quote"&gt;Lay out, lay out. [...] Bid my lieutenant Peto &lt;/span&gt;meet me at town’s end.</p0826-teimww:text>
  </p0826-teimww:passage>
  <p0826-teimww:passage id="ww_f1ee9664ca6ca145">
    <knoraXmlImport:label>passage label</knoraXmlImport:label>
    <p0826-teimww:occursIn>
      <p0826-teimww:book knoraType="link_value" linkType="ref" target="ww_56f51ee20f36f654"/>
    </p0826-teimww:occursIn>
    <p0826-teimww:text knoraType="richtext_value">[Hotspur:] [...] Who therewith angry, when it next came there, &lt;br&gt;
&lt;span class="quote"&gt;Took it in snuff; &lt;/span&gt;and still he smiled and talked.</p0826-teimww:text>
  </p0826-teimww:passage>
  <p0826-teimww:passage id="ww_cb745f21fbdc9e51">
    <knoraXmlImport:label>passage label</knoraXmlImport:label>
    <p0826-teimww:occursIn>
      <p0826-teimww:book knoraType="link_value" linkType="ref" target="ww_5eeeb3e78e8b0bc3"/>
    </p0826-teimww:occursIn>
  </p0826-teimww:passage>
  <p0826-teimww:passage id="ww_f054a9138f536c2c">
    <knoraXmlImport:label>passage label</knoraXmlImport:label>
    <p0826-teimww:occursIn>
      <p0826-teimww:book knoraType="link_value" linkType="ref" target="ww_56f51ee20f36f654"/>
    </p0826-teimww:occursIn>
    <p0826-teimww:text knoraType="richtext_value">[Hotspur:] [...] I remember, when the fight was done,&lt;br&gt;
When I was dry with rage and extreme toil, &lt;br&gt;
Breathless and faint, leaning upon my sword,&lt;br&gt;
Came there a certain lord, neat and trimly dressed, &lt;br&gt;
Fresh as a bridegroom, and &lt;span class="quote"&gt;his chin new reaped &lt;br&gt;
Showed like a stubble land at harvest home.&lt;/span&gt;</p0826-teimww:text>
  </p0826-teimww:passage>
  <p0826-teimww:passage id="ww_8ef57ac578c47a5d">
    <knoraXmlImport:label>passage label</knoraXmlImport:label>
    <p0826-teimww:occursIn>
      <p0826-teimww:book knoraType="link_value" linkType="ref" target="ww_9ec767d44e3a36f8"/>
    </p0826-teimww:occursIn>
  </p0826-teimww:passage>
  <p0826-teimww:passage id="ww_297b24b6e36ffa83">
    <knoraXmlImport:label>passage label</knoraXmlImport:label>
    <p0826-teimww:occursIn>
      <p0826-teimww:book knoraType="link_value" linkType="ref" target="ww_56f51ee20f36f654"/>
    </p0826-teimww:occursIn>
    <p0826-teimww:text knoraType="richtext_value">[Poins:] Good morrow, sweet Hal. - What says Monsieur Remorse? What says Sir John Sack-and-Sugar? Jack, how agrees the devil and thee about thy soul that thou soldest him on Good Friday last for a cup of Madeira and a cold capon’s leg?&lt;br&gt;
[Prince:] &lt;span class="quote"&gt;Sir John stands to his word. The devil shall have his bargain, for he was never yet a breaker of proverbs. He will give the devil his due.&lt;br&gt;&lt;/span&gt;
[Poins:] Then art thou damned for keeping thy word with the devil.</p0826-teimww:text>
  </p0826-teimww:passage>
  <p0826-teimww:passage id="ww_2e398eca5af95798">
    <knoraXmlImport:label>passage label</knoraXmlImport:label>
    <p0826-teimww:occursIn>
      <p0826-teimww:book knoraType="link_value" linkType="ref" target="ww_9ec767d44e3a36f8"/>
    </p0826-teimww:occursIn>
  </p0826-teimww:passage>
  <p0826-teimww:passage id="ww_7c2223155eb5d291">
    <knoraXmlImport:label>passage label</knoraXmlImport:label>
    <p0826-teimww:occursIn>
      <p0826-teimww:book knoraType="link_value" linkType="ref" target="ww_663bc260dc952b96"/>
    </p0826-teimww:occursIn>
    <p0826-teimww:text knoraType="richtext_value">[Davy:] [...] an I cannot once or twice in a quarter &lt;span class="quote"&gt;bear out a knave against an honest man,&lt;/span&gt; I have but a very little credit with your Worship.</p0826-teimww:text>
  </p0826-teimww:passage>
  <p0826-teimww:passage id="ww_a7999a93513cff17">
    <knoraXmlImport:label>passage label</knoraXmlImport:label>
    <p0826-teimww:occursIn>
      <p0826-teimww:book knoraType="link_value" linkType="ref" target="ww_5eeeb3e78e8b0bc3"/>
    </p0826-teimww:occursIn>
  </p0826-teimww:passage>
  <p0826-teimww:passage id="ww_731d0242dfeed90f">
    <knoraXmlImport:label>passage label</knoraXmlImport:label>
    <p0826-teimww:occursIn>
      <p0826-teimww:book knoraType="link_value" linkType="ref" target="ww_7fe0f76f34784ff5"/>
    </p0826-teimww:occursIn>
    <p0826-teimww:text knoraType="richtext_value">Disguise is the only element lacking in a blot-cluster appearing in Edmund Ironside. The linenumbers which follow are those of the Malone Society edition: blot (749), heaven(s) (785, 789), night (793), moon (786), eye (783), frost (744) for winter, sun (786), forsaken (755) and fickle (770) for (in)constancy, monarchs (777) for sovereign. It will be noted that the main body of this cluster is somewhat separated from -the keyword; </p0826-teimww:text>
  </p0826-teimww:passage>
  <p0826-teimww:passage id="ww_d96bf609bdc3d020">
    <knoraXmlImport:label>passage label</knoraXmlImport:label>
    <p0826-teimww:occursIn>
      <p0826-teimww:book knoraType="link_value" linkType="ref" target="ww_295f83922412b588"/>
    </p0826-teimww:occursIn>
  </p0826-teimww:passage>
  <p0826-teimww:passage id="ww_1719d59f7d3a3a3e">
    <knoraXmlImport:label>passage label</knoraXmlImport:label>
    <p0826-teimww:occursIn>
      <p0826-teimww:book knoraType="link_value" linkType="ref" target="ww_56f51ee20f36f654"/>
    </p0826-teimww:occursIn>
    <p0826-teimww:text knoraType="richtext_value">[Falstaff:] &lt;span class="quote"&gt;Hang thyself in thine own heir-apparent garters!&lt;/span&gt;</p0826-teimww:text>
  </p0826-teimww:passage>
  <p0826-teimww:passage id="ww_68d514d05ba8f06a">
    <knoraXmlImport:label>passage label</knoraXmlImport:label>
    <p0826-teimww:occursIn>
      <p0826-teimww:book knoraType="link_value" linkType="ref" target="ww_5eeeb3e78e8b0bc3"/>
    </p0826-teimww:occursIn>
  </p0826-teimww:passage>
  <p0826-teimww:passage id="ww_b323dfdc1b08e334">
    <knoraXmlImport:label>passage label</knoraXmlImport:label>
    <p0826-teimww:occursIn>
      <p0826-teimww:book knoraType="link_value" linkType="ref" target="ww_56f51ee20f36f654"/>
    </p0826-teimww:occursIn>
    <p0826-teimww:text knoraType="richtext_value">[Hotspur:] By heaven, methinks it were an easy leap &lt;br&gt;
&lt;span class="quote"&gt;To pluck bright honor from the pale-faced moon&lt;/span&gt; [...].</p0826-teimww:text>
  </p0826-teimww:passage>
  <p0826-teimww:passage id="ww_53c7298a7cb22078">
    <knoraXmlImport:label>passage label</knoraXmlImport:label>
    <p0826-teimww:occursIn>
      <p0826-teimww:book knoraType="link_value" linkType="ref" target="ww_1140c36ab545b6d8"/>
    </p0826-teimww:occursIn>
  </p0826-teimww:passage>
  <p0826-teimww:passage id="ww_7dc516c37b6d2a8f">
    <knoraXmlImport:label>passage label</knoraXmlImport:label>
    <p0826-teimww:occursIn>
      <p0826-teimww:book knoraType="link_value" linkType="ref" target="ww_aee75c33920a3b79"/>
    </p0826-teimww:occursIn>
  </p0826-teimww:passage>
  <p0826-teimww:passage id="ww_8dcbf7f31493abc9">
    <knoraXmlImport:label>passage label</knoraXmlImport:label>
    <p0826-teimww:occursIn>
      <p0826-teimww:book knoraType="link_value" linkType="ref" target="ww_8bc9ee57cff30396"/>
    </p0826-teimww:occursIn>
    <p0826-teimww:text knoraType="richtext_value">But oh! the &lt;span class="quote"&gt;absolute &lt;/span&gt;&lt;i&gt;Castilio &lt;/i&gt;[...]&lt;br&gt;
Tut, &lt;span class="quote"&gt;he is famous for his revelling&lt;/span&gt;,&lt;br&gt;
For fine set speeches, and for sonetting;&lt;br&gt;
He scorns the viol and the scraping stick,&lt;br&gt;
And yet's &lt;span class="quote"&gt;but Broker of another's wit.&lt;/span&gt;&lt;br&gt;
Certes if all things were well known and view'd&lt;br&gt;
He doth but champ that which another chew'd.&lt;br&gt;
Come come Castilion, skim thy &lt;span class="quote"&gt;posset curd,&lt;br&gt;&lt;/span&gt;
Show thy queer substance, worthless, most absurd.</p0826-teimww:text>
  </p0826-teimww:passage>
  <p0826-teimww:passage id="ww_59efca6a12207193">
    <knoraXmlImport:label>passage label</knoraXmlImport:label>
    <p0826-teimww:occursIn>
      <p0826-teimww:book knoraType="link_value" linkType="ref" target="ww_1140c36ab545b6d8"/>
    </p0826-teimww:occursIn>
  </p0826-teimww:passage>
  <p0826-teimww:passage id="ww_ea762336846456e6">
    <knoraXmlImport:label>passage label</knoraXmlImport:label>
    <p0826-teimww:occursIn>
      <p0826-teimww:book knoraType="link_value" linkType="ref" target="ww_a8549c12c9507c4b"/>
    </p0826-teimww:occursIn>
    <p0826-teimww:text knoraType="richtext_value">[Beatrice:] [...] and then comes repentance, and with his bad legs &lt;span class="quote"&gt;falls into the cinquepace faster and faster till he sink into his grave.&lt;/span&gt;</p0826-teimww:text>
  </p0826-teimww:passage>
  <p0826-teimww:passage id="ww_a1eeb16a143e8f42">
    <knoraXmlImport:label>passage label</knoraXmlImport:label>
    <p0826-teimww:occursIn>
      <p0826-teimww:book knoraType="link_value" linkType="ref" target="ww_5af91280461707f1"/>
    </p0826-teimww:occursIn>
  </p0826-teimww:passage>
  <p0826-teimww:passage id="ww_365dec37e5c90901">
    <knoraXmlImport:label>passage label</knoraXmlImport:label>
    <p0826-teimww:occursIn>
      <p0826-teimww:book knoraType="link_value" linkType="ref" target="ww_32fdd8378826e2d8"/>
    </p0826-teimww:occursIn>
    <p0826-teimww:text knoraType="richtext_value">Shall broking pandars suck Nobility?&lt;br&gt;
Soiling fair stems with foul impurity?&lt;br&gt;
Nay, shall a trencher slave extenuate,&lt;br&gt;
Some &lt;span class="quote"&gt;Lucrece's rape? &lt;/span&gt;and straight magnificate&lt;br&gt;
Lewd Jovian lust? Whilst my satiric vein&lt;br&gt;
Shall muzzled be, not daring out to strain&lt;br&gt;
His tearing paw? No gloomy &lt;span class="quote"&gt;Juvenal,&lt;br&gt;&lt;/span&gt;
Though to thy fortunes I disastrous fall.</p0826-teimww:text>
  </p0826-teimww:passage>
  <p0826-teimww:passage id="ww_446dc39c2a4e65d7">
    <knoraXmlImport:label>passage label</knoraXmlImport:label>
    <p0826-teimww:occursIn>
      <p0826-teimww:book knoraType="link_value" linkType="ref" target="ww_1140c36ab545b6d8"/>
    </p0826-teimww:occursIn>
  </p0826-teimww:passage>
  <p0826-teimww:passage id="ww_38b790db39d91938">
    <knoraXmlImport:label>passage label</knoraXmlImport:label>
    <p0826-teimww:occursIn>
      <p0826-teimww:book knoraType="link_value" linkType="ref" target="ww_32fdd8378826e2d8"/>
    </p0826-teimww:occursIn>
    <p0826-teimww:text knoraType="richtext_value">Luscus, what's played to day? faith now I know&lt;br&gt;
I set thy lips abroach, from whence doth flow&lt;br&gt;
Naught but pure &lt;span class="quote"&gt;&lt;i&gt;Juliet &lt;/i&gt;and &lt;i&gt;Romeo&lt;/i&gt;&lt;/span&gt;.&lt;br&gt;
Say, who acts best? Drusus or Roscio,&lt;br&gt;
&lt;span class="quote"&gt;Now I have him, that ne'er of ought did speak&lt;br&gt;
But when of plays or Players he did treat.&lt;br&gt;
H'ath made a common-place book out of plays,&lt;br&gt;
And speaks in print: […] speaks he not movingly,&lt;br&gt;
From out some new pathetic Tragedy?&lt;br&gt;
He writes, he rails, he jests, he courts what not,&lt;br&gt;
And all from out his huge long scraped stock&lt;br&gt;
Of well-penn'd plays.&lt;/span&gt;</p0826-teimww:text>
  </p0826-teimww:passage>
  <p0826-teimww:passage id="ww_eff8fcd19e02ca38">
    <knoraXmlImport:label>passage label</knoraXmlImport:label>
    <p0826-teimww:occursIn>
      <p0826-teimww:book knoraType="link_value" linkType="ref" target="ww_0c5550692d30fd91"/>
    </p0826-teimww:occursIn>
  </p0826-teimww:passage>
  <p0826-teimww:passage id="ww_a2e4719e1289035d">
    <knoraXmlImport:label>passage label</knoraXmlImport:label>
    <p0826-teimww:occursIn>
      <p0826-teimww:book knoraType="link_value" linkType="ref" target="ww_1140c36ab545b6d8"/>
    </p0826-teimww:occursIn>
  </p0826-teimww:passage>
  <p0826-teimww:passage id="ww_6e8086cc24dd7149">
    <knoraXmlImport:label>passage label</knoraXmlImport:label>
    <p0826-teimww:occursIn>
      <p0826-teimww:book knoraType="link_value" linkType="ref" target="ww_2d0eea6c7b8afc36"/>
    </p0826-teimww:occursIn>
    <p0826-teimww:occursIn>
      <p0826-teimww:book knoraType="link_value" linkType="ref" target="ww_a8549c12c9507c4b"/>
    </p0826-teimww:occursIn>
    <p0826-teimww:text knoraType="richtext_value">&lt;span class="quote"&gt;Borachio&lt;/span&gt;</p0826-teimww:text>
  </p0826-teimww:passage>
  <p0826-teimww:passage id="ww_0bd5de223a077a2b">
    <knoraXmlImport:label>passage label</knoraXmlImport:label>
    <p0826-teimww:occursIn>
      <p0826-teimww:book knoraType="link_value" linkType="ref" target="ww_a8549c12c9507c4b"/>
    </p0826-teimww:occursIn>
    <p0826-teimww:text knoraType="richtext_value">[Beatrice:] [...]  Therefore I will [...] &lt;span class="quote"&gt;lead his apes into hell.&lt;/span&gt;</p0826-teimww:text>
  </p0826-teimww:passage>
  <p0826-teimww:passage id="ww_59af352bd91cd8a1">
    <knoraXmlImport:label>passage label</knoraXmlImport:label>
    <p0826-teimww:occursIn>
      <p0826-teimww:book knoraType="link_value" linkType="ref" target="ww_c0bb45384c6abc1f"/>
    </p0826-teimww:occursIn>
  </p0826-teimww:passage>
  <p0826-teimww:passage id="ww_9bc994bdd88184ec">
    <knoraXmlImport:label>passage label</knoraXmlImport:label>
    <p0826-teimww:occursIn>
      <p0826-teimww:book knoraType="link_value" linkType="ref" target="ww_32fdd8378826e2d8"/>
    </p0826-teimww:occursIn>
    <p0826-teimww:text knoraType="richtext_value">&lt;span class="quote"&gt;A hall, a hall, &lt;br&gt;
Room for the Spheres, &lt;/span&gt;the Orbs celestial &lt;br&gt;
Will dance &lt;i&gt; &lt;span class="quote"&gt;Kemp's Jig&lt;/i&gt;. &lt;/span&gt;They'll revel with neat jumps &lt;br&gt;
A worthy Poet hath put on their Pumps.</p0826-teimww:text>
  </p0826-teimww:passage>
  <p0826-teimww:passage id="ww_658598055059bf56">
    <knoraXmlImport:label>passage label</knoraXmlImport:label>
    <p0826-teimww:occursIn>
      <p0826-teimww:book knoraType="link_value" linkType="ref" target="ww_8bc9ee57cff30396"/>
    </p0826-teimww:occursIn>
    <p0826-teimww:text knoraType="richtext_value">So &lt;span class="quote"&gt;Labeo &lt;/span&gt;did complain his love was stone,&lt;br&gt;
&lt;span class="quote"&gt;Obdurate, flinty, so relentless none:&lt;br&gt;&lt;/span&gt;
Yet &lt;i&gt;Lynceus &lt;/i&gt;knows, that in the end of this,&lt;br&gt;
He wrought as strange a &lt;span class="quote"&gt;metamorphosis.&lt;/span&gt;</p0826-teimww:text>
  </p0826-teimww:passage>
  <p0826-teimww:passage id="ww_483843a5bc31dac2">
    <knoraXmlImport:label>passage label</knoraXmlImport:label>
    <p0826-teimww:occursIn>
      <p0826-teimww:book knoraType="link_value" linkType="ref" target="ww_c0bb45384c6abc1f"/>
    </p0826-teimww:occursIn>
  </p0826-teimww:passage>
  <p0826-teimww:passage id="ww_6ad52ad314a311d3">
    <knoraXmlImport:label>passage label</knoraXmlImport:label>
    <p0826-teimww:occursIn>
      <p0826-teimww:book knoraType="link_value" linkType="ref" target="ww_a466e78302462627"/>
    </p0826-teimww:occursIn>
    <p0826-teimww:text knoraType="richtext_value">[Balurdo (sings):] &lt;span class="quote"&gt;Do me right, &lt;br&gt;
And dub me knight, &lt;br&gt;&lt;/span&gt;
Balurdo.</p0826-teimww:text>
  </p0826-teimww:passage>
  <p0826-teimww:passage id="ww_df0829925b7d17b1">
    <knoraXmlImport:label>passage label</knoraXmlImport:label>
    <p0826-teimww:occursIn>
      <p0826-teimww:book knoraType="link_value" linkType="ref" target="ww_a466e78302462627"/>
    </p0826-teimww:occursIn>
    <p0826-teimww:text knoraType="richtext_value">[Galeatzo:] Good faith, &lt;span class="quote"&gt;I'll accept of the coxcomb, so you will not refuse the bauble. &lt;br&gt;&lt;/span&gt;
[Mellida:] Nay, good sweet, keep them both; I am enamoured of neither.</p0826-teimww:text>
  </p0826-teimww:passage>
  <p0826-teimww:passage id="ww_f1a8cd3f601885c2">
    <knoraXmlImport:label>passage label</knoraXmlImport:label>
    <p0826-teimww:occursIn>
      <p0826-teimww:book knoraType="link_value" linkType="ref" target="ww_0f0f2ccb24fa3b96"/>
    </p0826-teimww:occursIn>
  </p0826-teimww:passage>
  <p0826-teimww:passage id="ww_e7dd3dac3f53c1fa">
    <knoraXmlImport:label>passage label</knoraXmlImport:label>
    <p0826-teimww:occursIn>
      <p0826-teimww:book knoraType="link_value" linkType="ref" target="ww_3c135d434850a738"/>
    </p0826-teimww:occursIn>
    <p0826-teimww:text knoraType="richtext_value">[Calphurnia:] &lt;span class="quote"&gt;When beggars die there are no comets seen;&lt;br&gt;&lt;/span&gt;
The heavens themselves blaze forth the death of princes.</p0826-teimww:text>
  </p0826-teimww:passage>
  <p0826-teimww:passage id="ww_a908b0edb936f7a9">
    <knoraXmlImport:label>passage label</knoraXmlImport:label>
    <p0826-teimww:occursIn>
      <p0826-teimww:book knoraType="link_value" linkType="ref" target="ww_55bc1a3b04bf8a8d"/>
    </p0826-teimww:occursIn>
  </p0826-teimww:passage>
  <p0826-teimww:passage id="ww_085c3fc00e680970">
    <knoraXmlImport:label>passage label</knoraXmlImport:label>
    <p0826-teimww:occursIn>
      <p0826-teimww:book knoraType="link_value" linkType="ref" target="ww_3c135d434850a738"/>
    </p0826-teimww:occursIn>
    <p0826-teimww:text knoraType="richtext_value">[Antony:] Over &lt;span class="quote"&gt;thy wounds now do I prophesy&lt;br&gt;
(Which like dumb mouths do ope their ruby lips&lt;/span&gt;&lt;br&gt;
To beg the voice and utterance of my tongue) [...].</p0826-teimww:text>
  </p0826-teimww:passage>
  <p0826-teimww:passage id="ww_9adb8dabf65f73ef">
    <knoraXmlImport:label>passage label</knoraXmlImport:label>
    <p0826-teimww:occursIn>
      <p0826-teimww:book knoraType="link_value" linkType="ref" target="ww_0f0f2ccb24fa3b96"/>
    </p0826-teimww:occursIn>
  </p0826-teimww:passage>
  <p0826-teimww:passage id="ww_0058261529cd495e">
    <knoraXmlImport:label>passage label</knoraXmlImport:label>
    <p0826-teimww:occursIn>
      <p0826-teimww:book knoraType="link_value" linkType="ref" target="ww_0c928f9e751dabbf"/>
    </p0826-teimww:occursIn>
    <p0826-teimww:text knoraType="richtext_value">[Pistol:] Trail'st thou &lt;span class="quote"&gt;the puissant pike?&lt;/span&gt;</p0826-teimww:text>
  </p0826-teimww:passage>
  <p0826-teimww:passage id="ww_05835dae260f2bee">
    <knoraXmlImport:label>passage label</knoraXmlImport:label>
    <p0826-teimww:occursIn>
      <p0826-teimww:book knoraType="link_value" linkType="ref" target="ww_e256bd14313d2841"/>
    </p0826-teimww:occursIn>
  </p0826-teimww:passage>
  <p0826-teimww:passage id="ww_e6d7b0c3a581ad87">
    <knoraXmlImport:label>passage label</knoraXmlImport:label>
    <p0826-teimww:occursIn>
      <p0826-teimww:book knoraType="link_value" linkType="ref" target="ww_12b8cda82738e9e2"/>
    </p0826-teimww:occursIn>
  </p0826-teimww:passage>
  <p0826-teimww:passage id="ww_94eab3fbd4daf25a">
    <knoraXmlImport:label>passage label</knoraXmlImport:label>
    <p0826-teimww:occursIn>
      <p0826-teimww:book knoraType="link_value" linkType="ref" target="ww_a466e78302462627"/>
    </p0826-teimww:occursIn>
    <p0826-teimww:text knoraType="richtext_value">[Mellida:]&lt;span class="quote"&gt; Nothing sweet Rossaline, but the air's sharp.&lt;/span&gt;</p0826-teimww:text>
  </p0826-teimww:passage>
  <p0826-teimww:passage id="ww_20d9e0137d2fb689">
    <knoraXmlImport:label>passage label</knoraXmlImport:label>
    <p0826-teimww:occursIn>
      <p0826-teimww:book knoraType="link_value" linkType="ref" target="ww_a466e78302462627"/>
    </p0826-teimww:occursIn>
    <p0826-teimww:text knoraType="richtext_value">[Andrugio:] &lt;span class="quote"&gt;Myself, myself will dare all opposites &lt;/span&gt;[...].</p0826-teimww:text>
  </p0826-teimww:passage>
  <p0826-teimww:passage id="ww_125ad591ed6ca62b">
    <knoraXmlImport:label>passage label</knoraXmlImport:label>
    <p0826-teimww:occursIn>
      <p0826-teimww:book knoraType="link_value" linkType="ref" target="ww_5af91280461707f1"/>
    </p0826-teimww:occursIn>
  </p0826-teimww:passage>
  <p0826-teimww:passage id="ww_945e6c172c3b648e">
    <knoraXmlImport:label>passage label</knoraXmlImport:label>
    <p0826-teimww:occursIn>
      <p0826-teimww:book knoraType="link_value" linkType="ref" target="ww_a466e78302462627"/>
    </p0826-teimww:occursIn>
    <p0826-teimww:text knoraType="richtext_value">[Lucio:] &lt;span class="quote"&gt;I saw no sun today.&lt;/span&gt;</p0826-teimww:text>
  </p0826-teimww:passage>
  <p0826-teimww:passage id="ww_76e5ffad3f65bf6f">
    <knoraXmlImport:label>passage label</knoraXmlImport:label>
    <p0826-teimww:occursIn>
      <p0826-teimww:book knoraType="link_value" linkType="ref" target="ww_5af91280461707f1"/>
    </p0826-teimww:occursIn>
  </p0826-teimww:passage>
  <p0826-teimww:passage id="ww_a83977f2b205e33c">
    <knoraXmlImport:label>passage label</knoraXmlImport:label>
    <p0826-teimww:occursIn>
      <p0826-teimww:book knoraType="link_value" linkType="ref" target="ww_a466e78302462627"/>
    </p0826-teimww:occursIn>
    <p0826-teimww:text knoraType="richtext_value">[Andrugio:] &lt;span class="quote"&gt;'Tis a good boy, &amp; by my truth, well sung. &lt;/span&gt;</p0826-teimww:text>
  </p0826-teimww:passage>
  <p0826-teimww:passage id="ww_705e1f1ab0cdb479">
    <knoraXmlImport:label>passage label</knoraXmlImport:label>
    <p0826-teimww:occursIn>
      <p0826-teimww:book knoraType="link_value" linkType="ref" target="ww_a466e78302462627"/>
    </p0826-teimww:occursIn>
    <p0826-teimww:text knoraType="richtext_value">[Alberto:]&lt;span class="quote"&gt; For woods, trees, sea, or rocky Apennine, &lt;br&gt;
Is not so ruthless as my Rossaline.&lt;/span&gt;</p0826-teimww:text>
  </p0826-teimww:passage>
  <p0826-teimww:passage id="ww_889c1f39a5965734">
    <knoraXmlImport:label>passage label</knoraXmlImport:label>
    <p0826-teimww:occursIn>
      <p0826-teimww:book knoraType="link_value" linkType="ref" target="ww_5af91280461707f1"/>
    </p0826-teimww:occursIn>
  </p0826-teimww:passage>
  <p0826-teimww:passage id="ww_1e90bc11ef3ca2fc">
    <knoraXmlImport:label>passage label</knoraXmlImport:label>
    <p0826-teimww:occursIn>
      <p0826-teimww:book knoraType="link_value" linkType="ref" target="ww_4a0afee9ece50ddb"/>
    </p0826-teimww:occursIn>
    <p0826-teimww:text knoraType="richtext_value">[Agripyna:] [...] My mouth is like a Furnace, and &lt;span class="quote"&gt;dry heat &lt;br&gt;
Drinks up my blood.&lt;/span&gt;</p0826-teimww:text>
  </p0826-teimww:passage>
  <p0826-teimww:passage id="ww_b832774f6eda42cd">
    <knoraXmlImport:label>passage label</knoraXmlImport:label>
    <p0826-teimww:occursIn>
      <p0826-teimww:book knoraType="link_value" linkType="ref" target="ww_a466e78302462627"/>
    </p0826-teimww:occursIn>
    <p0826-teimww:text knoraType="richtext_value">[Alberto:] [...] idiot, &lt;span class="quote"&gt;go by, go by; &lt;/span&gt;off &lt;span class="quote"&gt;this world's stage&lt;/span&gt;!</p0826-teimww:text>
  </p0826-teimww:passage>
  <p0826-teimww:passage id="ww_c10d4cb2127c4739">
    <knoraXmlImport:label>passage label</knoraXmlImport:label>
    <p0826-teimww:occursIn>
      <p0826-teimww:book knoraType="link_value" linkType="ref" target="ww_0f0f2ccb24fa3b96"/>
    </p0826-teimww:occursIn>
  </p0826-teimww:passage>
  <p0826-teimww:passage id="ww_aba7388ffe49fa0c">
    <knoraXmlImport:label>passage label</knoraXmlImport:label>
    <p0826-teimww:occursIn>
      <p0826-teimww:book knoraType="link_value" linkType="ref" target="ww_a466e78302462627"/>
    </p0826-teimww:occursIn>
    <p0826-teimww:text knoraType="richtext_value">[Cazzo:] [...] to view our masters &lt;span class="quote"&gt;pluck their plumes&lt;/span&gt; and drop their feathers, for fear of being men of mark.</p0826-teimww:text>
  </p0826-teimww:passage>
  <p0826-teimww:passage id="ww_a13d680ed1ea7f97">
    <knoraXmlImport:label>passage label</knoraXmlImport:label>
    <p0826-teimww:occursIn>
      <p0826-teimww:book knoraType="link_value" linkType="ref" target="ww_0f0f2ccb24fa3b96"/>
    </p0826-teimww:occursIn>
  </p0826-teimww:passage>
  <p0826-teimww:passage id="ww_faf20cc73d5b703a">
    <knoraXmlImport:label>passage label</knoraXmlImport:label>
    <p0826-teimww:occursIn>
      <p0826-teimww:book knoraType="link_value" linkType="ref" target="ww_0d47d04341ff3e0d"/>
    </p0826-teimww:occursIn>
    <p0826-teimww:text knoraType="richtext_value">[Bellamira:] &lt;span class="quote"&gt;Poison my face! oh most inhumane wretch! Revenge more vile, then to abridge my life.</p0826-teimww:text>
  </p0826-teimww:passage>
  <p0826-teimww:passage id="ww_ab2f49edf2ab199a">
    <knoraXmlImport:label>passage label</knoraXmlImport:label>
    <p0826-teimww:occursIn>
      <p0826-teimww:book knoraType="link_value" linkType="ref" target="ww_ce9e48c1ecd24728"/>
    </p0826-teimww:occursIn>
  </p0826-teimww:passage>
  <p0826-teimww:passage id="ww_9312ac0b507db0d1">
    <knoraXmlImport:label>passage label</knoraXmlImport:label>
    <p0826-teimww:occursIn>
      <p0826-teimww:book knoraType="link_value" linkType="ref" target="ww_a466e78302462627"/>
    </p0826-teimww:occursIn>
    <p0826-teimww:text knoraType="richtext_value">[Andrugio:] O, a fair cause stands firm and will abide; &lt;br&gt;
&lt;span class="quote"&gt;Legions of Angels fight upon her side.&lt;/span&gt;</p0826-teimww:text>
  </p0826-teimww:passage>
  <p0826-teimww:passage id="ww_56a57c4078fd93e6">
    <knoraXmlImport:label>passage label</knoraXmlImport:label>
    <p0826-teimww:occursIn>
      <p0826-teimww:book knoraType="link_value" linkType="ref" target="ww_5af91280461707f1"/>
    </p0826-teimww:occursIn>
  </p0826-teimww:passage>
  <p0826-teimww:passage id="ww_606fca79f608706a">
    <knoraXmlImport:label>passage label</knoraXmlImport:label>
    <p0826-teimww:occursIn>
      <p0826-teimww:book knoraType="link_value" linkType="ref" target="ww_a466e78302462627"/>
    </p0826-teimww:occursIn>
    <p0826-teimww:text knoraType="richtext_value">[Antonio:] [...] Rolled up in gloomy clouds as black as air&lt;br&gt;
Through which &lt;span class="quote"&gt;the rusty coach of Night is drawn.&lt;/span&gt;</p0826-teimww:text>
  </p0826-teimww:passage>
  <p0826-teimww:passage id="ww_2cfaa2cdc0a22bd3">
    <knoraXmlImport:label>passage label</knoraXmlImport:label>
    <p0826-teimww:occursIn>
      <p0826-teimww:book knoraType="link_value" linkType="ref" target="ww_0f0f2ccb24fa3b96"/>
    </p0826-teimww:occursIn>
  </p0826-teimww:passage>
  <p0826-teimww:passage id="ww_877be0ef452bdd8d">
    <knoraXmlImport:label>passage label</knoraXmlImport:label>
    <p0826-teimww:occursIn>
      <p0826-teimww:book knoraType="link_value" linkType="ref" target="ww_a466e78302462627"/>
    </p0826-teimww:occursIn>
    <p0826-teimww:text knoraType="richtext_value">[Andrugio:] [...] Who is not blown up with the flattering puffs&lt;br&gt;
Of &lt;span class="quote"&gt;spongy &lt;/span&gt;sycophants [...].</p0826-teimww:text>
  </p0826-teimww:passage>
  <p0826-teimww:passage id="ww_82bed7831d05d2fa">
    <knoraXmlImport:label>passage label</knoraXmlImport:label>
    <p0826-teimww:occursIn>
      <p0826-teimww:book knoraType="link_value" linkType="ref" target="ww_0f0f2ccb24fa3b96"/>
    </p0826-teimww:occursIn>
  </p0826-teimww:passage>
  <p0826-teimww:passage id="ww_2cb35cabca826e50">
    <knoraXmlImport:label>passage label</knoraXmlImport:label>
    <p0826-teimww:occursIn>
      <p0826-teimww:book knoraType="link_value" linkType="ref" target="ww_a466e78302462627"/>
    </p0826-teimww:occursIn>
    <p0826-teimww:text knoraType="richtext_value">[Balurdo:] [...] &lt;span class="quote"&gt;stewed broth of plums &lt;/span&gt;(boy keel your mouth, it runs over - and the word shall be: &lt;i&gt; Hold my dish, whilst I spill my pottage. &lt;/i&gt;</p0826-teimww:text>
  </p0826-teimww:passage>
  <p0826-teimww:passage id="ww_baef23b72ae18348">
    <knoraXmlImport:label>passage label</knoraXmlImport:label>
    <p0826-teimww:occursIn>
      <p0826-teimww:book knoraType="link_value" linkType="ref" target="ww_0f0f2ccb24fa3b96"/>
    </p0826-teimww:occursIn>
  </p0826-teimww:passage>
  <p0826-teimww:passage id="ww_06fc89208a0d263c">
    <knoraXmlImport:label>passage label</knoraXmlImport:label>
    <p0826-teimww:occursIn>
      <p0826-teimww:book knoraType="link_value" linkType="ref" target="ww_a466e78302462627"/>
    </p0826-teimww:occursIn>
    <p0826-teimww:text knoraType="richtext_value">[Andrugio:] Andrugio lives, and &lt;span class="quote"&gt;a fair cause of arms, &lt;br/&gt;
Why that's an army all invincible. &lt;br/&gt;&lt;/span&gt;
He who hath that, hath a battalion &lt;br/&gt;
Royal, armour of proof, huge troops of barbed steeds, &lt;br/&gt;
Main squares of pikes, millions of arquebus.</p0826-teimww:text>
  </p0826-teimww:passage>
  <p0826-teimww:passage id="ww_4d9dc1ac346162df">
    <knoraXmlImport:label>passage label</knoraXmlImport:label>
    <p0826-teimww:occursIn>
      <p0826-teimww:book knoraType="link_value" linkType="ref" target="ww_5cb4c35da9f3b9dd"/>
    </p0826-teimww:occursIn>
    <p0826-teimww:text knoraType="richtext_value">[Hamlet:] [...]&lt;span class="quote"&gt; The dram of evil &lt;br&gt;&lt;/span&gt;
Doth all the noble substance of a doubt &lt;br&gt;
To his own scandal.</p0826-teimww:text>
  </p0826-teimww:passage>
  <p0826-teimww:passage id="ww_4b081e99e598e6bb">
    <knoraXmlImport:label>passage label</knoraXmlImport:label>
    <p0826-teimww:occursIn>
      <p0826-teimww:book knoraType="link_value" linkType="ref" target="ww_3f86f30540de15b8"/>
    </p0826-teimww:occursIn>
  </p0826-teimww:passage>
  <p0826-teimww:passage id="ww_396832d0e3d47e55">
    <knoraXmlImport:label>passage label</knoraXmlImport:label>
    <p0826-teimww:occursIn>
      <p0826-teimww:book knoraType="link_value" linkType="ref" target="ww_5cb4c35da9f3b9dd"/>
    </p0826-teimww:occursIn>
    <p0826-teimww:text knoraType="richtext_value">[Hamlet:] [...] But, in the verity of &lt;span class="quote"&gt;extolment &lt;/span&gt;[...].</p0826-teimww:text>
  </p0826-teimww:passage>
  <p0826-teimww:passage id="ww_c566cfc082543f27">
    <knoraXmlImport:label>passage label</knoraXmlImport:label>
    <p0826-teimww:occursIn>
      <p0826-teimww:book knoraType="link_value" linkType="ref" target="ww_b908ae26c4f3afcf"/>
    </p0826-teimww:occursIn>
  </p0826-teimww:passage>
  <p0826-teimww:passage id="ww_7ac50d0845717b58">
    <knoraXmlImport:label>passage label</knoraXmlImport:label>
    <p0826-teimww:occursIn>
      <p0826-teimww:book knoraType="link_value" linkType="ref" target="ww_5cb4c35da9f3b9dd"/>
    </p0826-teimww:occursIn>
    <p0826-teimww:text knoraType="richtext_value">[Horatio:] &lt;span class="quote"&gt;Look, my lord, it comes.&lt;/span&gt;</p0826-teimww:text>
  </p0826-teimww:passage>
  <p0826-teimww:passage id="ww_a8c0449df247730f">
    <knoraXmlImport:label>passage label</knoraXmlImport:label>
    <p0826-teimww:occursIn>
      <p0826-teimww:book knoraType="link_value" linkType="ref" target="ww_5868d5560bdfc062"/>
    </p0826-teimww:occursIn>
  </p0826-teimww:passage>
  <p0826-teimww:passage id="ww_cadf7b236504a2b6">
    <knoraXmlImport:label>passage label</knoraXmlImport:label>
    <p0826-teimww:occursIn>
      <p0826-teimww:book knoraType="link_value" linkType="ref" target="ww_5cb4c35da9f3b9dd"/>
    </p0826-teimww:occursIn>
    <p0826-teimww:text knoraType="richtext_value">[Hamlet:]&lt;span class="quote"&gt; If it assume my noble father's person &lt;/span&gt;[...].</p0826-teimww:text>
  </p0826-teimww:passage>
  <p0826-teimww:passage id="ww_391a46f97ecd5c21">
    <knoraXmlImport:label>passage label</knoraXmlImport:label>
    <p0826-teimww:occursIn>
      <p0826-teimww:book knoraType="link_value" linkType="ref" target="ww_0f0f2ccb24fa3b96"/>
    </p0826-teimww:occursIn>
  </p0826-teimww:passage>
  <p0826-teimww:passage id="ww_88c2bdf3f3d3cd64">
    <knoraXmlImport:label>passage label</knoraXmlImport:label>
    <p0826-teimww:occursIn>
      <p0826-teimww:book knoraType="link_value" linkType="ref" target="ww_5cb4c35da9f3b9dd"/>
    </p0826-teimww:occursIn>
    <p0826-teimww:text knoraType="richtext_value">[Hamlet:] [...] as I pronounced
it to you, &lt;span class="quote"&gt;trippingly&lt;/span&gt; on the tongue; but if you mouth it, &lt;span class="quote"&gt;as many of our players do, I had as lief the town-crier spoke my lines.&lt;/span&gt;</p0826-teimww:text>
  </p0826-teimww:passage>
  <p0826-teimww:passage id="ww_e465914c86c1409c">
    <knoraXmlImport:label>passage label</knoraXmlImport:label>
    <p0826-teimww:occursIn>
      <p0826-teimww:book knoraType="link_value" linkType="ref" target="ww_5af91280461707f1"/>
    </p0826-teimww:occursIn>
  </p0826-teimww:passage>
  <p0826-teimww:passage id="ww_de2063325a53d375">
    <knoraXmlImport:label>passage label</knoraXmlImport:label>
    <p0826-teimww:occursIn>
      <p0826-teimww:book knoraType="link_value" linkType="ref" target="ww_3e15ab6c612eadae"/>
    </p0826-teimww:occursIn>
  </p0826-teimww:passage>
  <p0826-teimww:passage id="ww_d9fbd6afe670c08f">
    <knoraXmlImport:label>passage label</knoraXmlImport:label>
    <p0826-teimww:occursIn>
      <p0826-teimww:book knoraType="link_value" linkType="ref" target="ww_5cb4c35da9f3b9dd"/>
    </p0826-teimww:occursIn>
    <p0826-teimww:text knoraType="richtext_value">[Hamlet:] [...] &lt;span class="quote"&gt;Be thou a spirit of health or goblin damned, &lt;br&gt;&lt;/span&gt;
Bring with thee airs from heaven or blasts from hell, &lt;br&gt;
Be thy intents wicked or charitable, &lt;br&gt;&lt;span class="quote"&gt;
Thou com'st in such a questionable shape &lt;/span&gt;[...].</p0826-teimww:text>
  </p0826-teimww:passage>
  <p0826-teimww:passage id="ww_8d633325e46b59d0">
    <knoraXmlImport:label>passage label</knoraXmlImport:label>
    <p0826-teimww:occursIn>
      <p0826-teimww:book knoraType="link_value" linkType="ref" target="ww_5868d5560bdfc062"/>
    </p0826-teimww:occursIn>
  </p0826-teimww:passage>
  <p0826-teimww:passage id="ww_cf1645bac6679ba4">
    <knoraXmlImport:label>passage label</knoraXmlImport:label>
    <p0826-teimww:occursIn>
      <p0826-teimww:book knoraType="link_value" linkType="ref" target="ww_2f65899f08b5bb71"/>
    </p0826-teimww:occursIn>
  </p0826-teimww:passage>
  <p0826-teimww:passage id="ww_5c870ac7f69e641f">
    <knoraXmlImport:label>passage label</knoraXmlImport:label>
    <p0826-teimww:occursIn>
      <p0826-teimww:book knoraType="link_value" linkType="ref" target="ww_5cb4c35da9f3b9dd"/>
    </p0826-teimww:occursIn>
    <p0826-teimww:text knoraType="richtext_value">[Hamlet:] [...] That thou, dead corse, again &lt;span class="quote"&gt;in complete steel &lt;/span&gt;[...].</p0826-teimww:text>
  </p0826-teimww:passage>
  <p0826-teimww:passage id="ww_f8587d45651b753f">
    <knoraXmlImport:label>passage label</knoraXmlImport:label>
    <p0826-teimww:occursIn>
      <p0826-teimww:book knoraType="link_value" linkType="ref" target="ww_4899784ecc7f3845"/>
    </p0826-teimww:occursIn>
  </p0826-teimww:passage>
  <p0826-teimww:passage id="ww_9043daff0c561fdf">
    <knoraXmlImport:label>passage label</knoraXmlImport:label>
    <p0826-teimww:occursIn>
      <p0826-teimww:book knoraType="link_value" linkType="ref" target="ww_5cb4c35da9f3b9dd"/>
    </p0826-teimww:occursIn>
    <p0826-teimww:text knoraType="richtext_value">[King:] [...] This grave shall have &lt;span class="quote"&gt;a living monument.&lt;/span&gt;</p0826-teimww:text>
  </p0826-teimww:passage>
  <p0826-teimww:passage id="ww_95a2fb1972c247bc">
    <knoraXmlImport:label>passage label</knoraXmlImport:label>
    <p0826-teimww:occursIn>
      <p0826-teimww:book knoraType="link_value" linkType="ref" target="ww_5eeeb3e78e8b0bc3"/>
    </p0826-teimww:occursIn>
  </p0826-teimww:passage>
  <p0826-teimww:passage id="ww_81b25b087d989f08">
    <knoraXmlImport:label>passage label</knoraXmlImport:label>
    <p0826-teimww:occursIn>
      <p0826-teimww:book knoraType="link_value" linkType="ref" target="ww_5cb4c35da9f3b9dd"/>
    </p0826-teimww:occursIn>
    <p0826-teimww:text knoraType="richtext_value">[Ophelia:] [...] &lt;span class="quote"&gt;Like sweet bells jangled, out of tune and harsh &lt;/span&gt;[...].</p0826-teimww:text>
  </p0826-teimww:passage>
  <p0826-teimww:passage id="ww_cfe7295a029dcba5">
    <knoraXmlImport:label>passage label</knoraXmlImport:label>
    <p0826-teimww:occursIn>
      <p0826-teimww:book knoraType="link_value" linkType="ref" target="ww_5868d5560bdfc062"/>
    </p0826-teimww:occursIn>
  </p0826-teimww:passage>
  <p0826-teimww:passage id="ww_524b304ea4a0e9e4">
    <knoraXmlImport:label>passage label</knoraXmlImport:label>
    <p0826-teimww:occursIn>
      <p0826-teimww:book knoraType="link_value" linkType="ref" target="ww_5cb4c35da9f3b9dd"/>
    </p0826-teimww:occursIn>
    <p0826-teimww:text knoraType="richtext_value">[Polonius:] [...] &lt;span class="quote"&gt;the desk or table-book &lt;/span&gt;[...].</p0826-teimww:text>
  </p0826-teimww:passage>
  <p0826-teimww:passage id="ww_3c47e92b7dc2551b">
    <knoraXmlImport:label>passage label</knoraXmlImport:label>
    <p0826-teimww:occursIn>
      <p0826-teimww:book knoraType="link_value" linkType="ref" target="ww_2f65899f08b5bb71"/>
    </p0826-teimww:occursIn>
  </p0826-teimww:passage>
  <p0826-teimww:passage id="ww_e74e331cc839f150">
    <knoraXmlImport:label>passage label</knoraXmlImport:label>
    <p0826-teimww:occursIn>
      <p0826-teimww:book knoraType="link_value" linkType="ref" target="ww_5cb4c35da9f3b9dd"/>
    </p0826-teimww:occursIn>
    <p0826-teimww:text knoraType="richtext_value">[Hamlet:] [...] Still am I called. &lt;span class="quote"&gt;Unhand me, gentlemen. &lt;/span&gt;&lt;br&gt;
By heaven, I'll make a ghost of him that lets me!</p0826-teimww:text>
  </p0826-teimww:passage>
  <p0826-teimww:passage id="ww_4a63d1a4a8c7d897">
    <knoraXmlImport:label>passage label</knoraXmlImport:label>
    <p0826-teimww:occursIn>
      <p0826-teimww:book knoraType="link_value" linkType="ref" target="ww_5868d5560bdfc062"/>
    </p0826-teimww:occursIn>
  </p0826-teimww:passage>
  <p0826-teimww:passage id="ww_19e3b00d0f6afeeb">
    <knoraXmlImport:label>passage label</knoraXmlImport:label>
    <p0826-teimww:occursIn>
      <p0826-teimww:book knoraType="link_value" linkType="ref" target="ww_5cb4c35da9f3b9dd"/>
    </p0826-teimww:occursIn>
    <p0826-teimww:text knoraType="richtext_value">[Gertrude:] But, look, where &lt;span class="quote"&gt;sadly the poor wretch comes reading. &lt;/span&gt;</p0826-teimww:text>
  </p0826-teimww:passage>
  <p0826-teimww:passage id="ww_47edec24b1b78b72">
    <knoraXmlImport:label>passage label</knoraXmlImport:label>
    <p0826-teimww:occursIn>
      <p0826-teimww:book knoraType="link_value" linkType="ref" target="ww_5cb4c35da9f3b9dd"/>
    </p0826-teimww:occursIn>
    <p0826-teimww:text knoraType="richtext_value">[Hamlet:] [...] &lt;span class="quote"&gt;Suit the action to the word, the word to the action &lt;/span&gt;[...].</p0826-teimww:text>
  </p0826-teimww:passage>
  <p0826-teimww:passage id="ww_8759891356b61feb">
    <knoraXmlImport:label>passage label</knoraXmlImport:label>
    <p0826-teimww:occursIn>
      <p0826-teimww:book knoraType="link_value" linkType="ref" target="ww_1140c36ab545b6d8"/>
    </p0826-teimww:occursIn>
  </p0826-teimww:passage>
  <p0826-teimww:passage id="ww_61c81a1a65a81d79">
    <knoraXmlImport:label>passage label</knoraXmlImport:label>
    <p0826-teimww:occursIn>
      <p0826-teimww:book knoraType="link_value" linkType="ref" target="ww_4899784ecc7f3845"/>
    </p0826-teimww:occursIn>
  </p0826-teimww:passage>
  <p0826-teimww:passage id="ww_3238f57b548089f4">
    <knoraXmlImport:label>passage label</knoraXmlImport:label>
    <p0826-teimww:occursIn>
      <p0826-teimww:book knoraType="link_value" linkType="ref" target="ww_436db7d05fb0f0f6"/>
    </p0826-teimww:occursIn>
    <p0826-teimww:text knoraType="richtext_value">[Antonio:] [...] &lt;span class="quote"&gt;A blazing comet shot his threat'ning train &lt;/span&gt;[...].</p0826-teimww:text>
  </p0826-teimww:passage>
  <p0826-teimww:passage id="ww_0eb4634932ea2916">
    <knoraXmlImport:label>passage label</knoraXmlImport:label>
    <p0826-teimww:occursIn>
      <p0826-teimww:book knoraType="link_value" linkType="ref" target="ww_0f0f2ccb24fa3b96"/>
    </p0826-teimww:occursIn>
  </p0826-teimww:passage>
  <p0826-teimww:passage id="ww_4f1e87160973231b">
    <knoraXmlImport:label>passage label</knoraXmlImport:label>
    <p0826-teimww:occursIn>
      <p0826-teimww:book knoraType="link_value" linkType="ref" target="ww_5cb4c35da9f3b9dd"/>
    </p0826-teimww:occursIn>
    <p0826-teimww:text knoraType="richtext_value">[Hamlet:] [...] &lt;span class="quote"&gt;you are a fishmonger.&lt;/span&gt;</p0826-teimww:text>
  </p0826-teimww:passage>
  <p0826-teimww:passage id="ww_17a0f7977b14d9e4">
    <knoraXmlImport:label>passage label</knoraXmlImport:label>
    <p0826-teimww:occursIn>
      <p0826-teimww:book knoraType="link_value" linkType="ref" target="ww_01a2557ffc81f6ca"/>
    </p0826-teimww:occursIn>
  </p0826-teimww:passage>
  <p0826-teimww:passage id="ww_9cebdf5a3a8c5ce2">
    <knoraXmlImport:label>passage label</knoraXmlImport:label>
    <p0826-teimww:occursIn>
      <p0826-teimww:book knoraType="link_value" linkType="ref" target="ww_71f9553b2f54e1b1"/>
    </p0826-teimww:occursIn>
  </p0826-teimww:passage>
  <p0826-teimww:passage id="ww_1ea34bb467a5a4bc">
    <knoraXmlImport:label>passage label</knoraXmlImport:label>
    <p0826-teimww:occursIn>
      <p0826-teimww:book knoraType="link_value" linkType="ref" target="ww_5cb4c35da9f3b9dd"/>
    </p0826-teimww:occursIn>
    <p0826-teimww:text knoraType="richtext_value">[Polonius:] Ay, &lt;span class="quote"&gt;springes to catch woodcocks. &lt;/span&gt;</p0826-teimww:text>
  </p0826-teimww:passage>
  <p0826-teimww:passage id="ww_d2d06dd69803bf71">
    <knoraXmlImport:label>passage label</knoraXmlImport:label>
    <p0826-teimww:occursIn>
      <p0826-teimww:book knoraType="link_value" linkType="ref" target="ww_5cb4c35da9f3b9dd"/>
    </p0826-teimww:occursIn>
    <p0826-teimww:text knoraType="richtext_value">[Hamlet:] Speak.&lt;span class="quote"&gt; I am bound to hear. &lt;br&gt;&lt;/span&gt;
[Ghost:] &lt;span class="quote"&gt;So art thou to revenge, when thou shalt hear.&lt;br&gt;&lt;/span&gt;</p0826-teimww:text>
  </p0826-teimww:passage>
  <p0826-teimww:passage id="ww_e0840fdff1362bca">
    <knoraXmlImport:label>passage label</knoraXmlImport:label>
    <p0826-teimww:occursIn>
      <p0826-teimww:book knoraType="link_value" linkType="ref" target="ww_91e0dc4c671938fa"/>
    </p0826-teimww:occursIn>
  </p0826-teimww:passage>
  <p0826-teimww:passage id="ww_f697d78790844488">
    <knoraXmlImport:label>passage label</knoraXmlImport:label>
    <p0826-teimww:occursIn>
      <p0826-teimww:book knoraType="link_value" linkType="ref" target="ww_703eb3f3a9bf6d41"/>
    </p0826-teimww:occursIn>
  </p0826-teimww:passage>
  <p0826-teimww:passage id="ww_8ae8be6297192156">
    <knoraXmlImport:label>passage label</knoraXmlImport:label>
    <p0826-teimww:occursIn>
      <p0826-teimww:book knoraType="link_value" linkType="ref" target="ww_66c4283b87c123dd"/>
    </p0826-teimww:occursIn>
  </p0826-teimww:passage>
  <p0826-teimww:passage id="ww_52f184a63a414ad4">
    <knoraXmlImport:label>passage label</knoraXmlImport:label>
    <p0826-teimww:occursIn>
      <p0826-teimww:book knoraType="link_value" linkType="ref" target="ww_1140c36ab545b6d8"/>
    </p0826-teimww:occursIn>
  </p0826-teimww:passage>
  <p0826-teimww:passage id="ww_0e505de8fb43aecd">
    <knoraXmlImport:label>passage label</knoraXmlImport:label>
    <p0826-teimww:occursIn>
      <p0826-teimww:book knoraType="link_value" linkType="ref" target="ww_5cb4c35da9f3b9dd"/>
    </p0826-teimww:occursIn>
    <p0826-teimww:text knoraType="richtext_value">[Claudius:] [...]&lt;span class="quote"&gt; In equal scale weighing delight and dole&lt;/span&gt; [...].</p0826-teimww:text>
  </p0826-teimww:passage>
  <p0826-teimww:passage id="ww_f8079825a6e69caa">
    <knoraXmlImport:label>passage label</knoraXmlImport:label>
    <p0826-teimww:occursIn>
      <p0826-teimww:book knoraType="link_value" linkType="ref" target="ww_b3931845d54b98d5"/>
    </p0826-teimww:occursIn>
  </p0826-teimww:passage>
  <p0826-teimww:passage id="ww_e370e9157051931c">
    <knoraXmlImport:label>passage label</knoraXmlImport:label>
    <p0826-teimww:occursIn>
      <p0826-teimww:book knoraType="link_value" linkType="ref" target="ww_5cb4c35da9f3b9dd"/>
    </p0826-teimww:occursIn>
    <p0826-teimww:text knoraType="richtext_value">[Hamlet:] [...] whose end, both at the first and now, was and is to &lt;span class="quote"&gt;hold, as 'twere, the mirror up to nature, &lt;/span&gt;to show virtue her own feature, scorn her own image [...].</p0826-teimww:text>
  </p0826-teimww:passage>
  <p0826-teimww:passage id="ww_87fd5fad65b32410">
    <knoraXmlImport:label>passage label</knoraXmlImport:label>
    <p0826-teimww:occursIn>
      <p0826-teimww:book knoraType="link_value" linkType="ref" target="ww_b5ea9b35c899d367"/>
    </p0826-teimww:occursIn>
  </p0826-teimww:passage>
  <p0826-teimww:passage id="ww_2046915cd7587b36">
    <knoraXmlImport:label>passage label</knoraXmlImport:label>
    <p0826-teimww:occursIn>
      <p0826-teimww:book knoraType="link_value" linkType="ref" target="ww_5cb4c35da9f3b9dd"/>
    </p0826-teimww:occursIn>
    <p0826-teimww:text knoraType="richtext_value">[Hamlet:] [...] &lt;span class="quote"&gt;As e'er my conversation coped withal.&lt;/span&gt;</p0826-teimww:text>
  </p0826-teimww:passage>
  <p0826-teimww:passage id="ww_e3027c4fc5eaf926">
    <knoraXmlImport:label>passage label</knoraXmlImport:label>
    <p0826-teimww:occursIn>
      <p0826-teimww:book knoraType="link_value" linkType="ref" target="ww_df2b8c2f18df151a"/>
    </p0826-teimww:occursIn>
  </p0826-teimww:passage>
  <p0826-teimww:passage id="ww_c7974c5aff04af6d">
    <knoraXmlImport:label>passage label</knoraXmlImport:label>
    <p0826-teimww:occursIn>
      <p0826-teimww:book knoraType="link_value" linkType="ref" target="ww_5cb4c35da9f3b9dd"/>
    </p0826-teimww:occursIn>
    <p0826-teimww:text knoraType="richtext_value">[Hamlet:] [...] Who calls me "villain"? breaks my pate across?
&lt;span class="quote"&gt;Plucks off my beard &lt;/span&gt;and blows it in my face?</p0826-teimww:text>
  </p0826-teimww:passage>
  <p0826-teimww:passage id="ww_dd1694ba6572dd6a">
    <knoraXmlImport:label>passage label</knoraXmlImport:label>
    <p0826-teimww:occursIn>
      <p0826-teimww:book knoraType="link_value" linkType="ref" target="ww_0b28ed19a0540e1d"/>
    </p0826-teimww:occursIn>
  </p0826-teimww:passage>
  <p0826-teimww:passage id="ww_9591d9f031c93d20">
    <knoraXmlImport:label>passage label</knoraXmlImport:label>
    <p0826-teimww:occursIn>
      <p0826-teimww:book knoraType="link_value" linkType="ref" target="ww_ca15500e7036f16e"/>
    </p0826-teimww:occursIn>
  </p0826-teimww:passage>
  <p0826-teimww:passage id="ww_e907e0733cac0555">
    <knoraXmlImport:label>passage label</knoraXmlImport:label>
    <p0826-teimww:occursIn>
      <p0826-teimww:book knoraType="link_value" linkType="ref" target="ww_15dba62495527dd5"/>
    </p0826-teimww:occursIn>
  </p0826-teimww:passage>
  <p0826-teimww:passage id="ww_30909d477948652f">
    <knoraXmlImport:label>passage label</knoraXmlImport:label>
    <p0826-teimww:occursIn>
      <p0826-teimww:book knoraType="link_value" linkType="ref" target="ww_5cb4c35da9f3b9dd"/>
    </p0826-teimww:occursIn>
    <p0826-teimww:text knoraType="richtext_value">[Hamlet:] A little &lt;span class="quote"&gt;more than kin, and less than kind.&lt;/span&gt;</p0826-teimww:text>
  </p0826-teimww:passage>
  <p0826-teimww:passage id="ww_3cdb32c431ef4e53">
    <knoraXmlImport:label>passage label</knoraXmlImport:label>
    <p0826-teimww:occursIn>
      <p0826-teimww:book knoraType="link_value" linkType="ref" target="ww_55bc1a3b04bf8a8d"/>
    </p0826-teimww:occursIn>
  </p0826-teimww:passage>
  <p0826-teimww:passage id="ww_af7ac3d9ebc43d13">
    <knoraXmlImport:label>passage label</knoraXmlImport:label>
    <p0826-teimww:occursIn>
      <p0826-teimww:book knoraType="link_value" linkType="ref" target="ww_5cb4c35da9f3b9dd"/>
    </p0826-teimww:occursIn>
    <p0826-teimww:text knoraType="richtext_value">[Ghost:]&lt;span class="quote"&gt; I am thy father's spirit &lt;/span&gt; [...].</p0826-teimww:text>
  </p0826-teimww:passage>
  <p0826-teimww:passage id="ww_e75ffc57c25fcc4d">
    <knoraXmlImport:label>passage label</knoraXmlImport:label>
    <p0826-teimww:occursIn>
      <p0826-teimww:book knoraType="link_value" linkType="ref" target="ww_f034fa6f545e0122"/>
    </p0826-teimww:occursIn>
  </p0826-teimww:passage>
  <p0826-teimww:passage id="ww_5b2fd9b6757fd8b8">
    <knoraXmlImport:label>passage label</knoraXmlImport:label>
    <p0826-teimww:occursIn>
      <p0826-teimww:book knoraType="link_value" linkType="ref" target="ww_5cb4c35da9f3b9dd"/>
    </p0826-teimww:occursIn>
    <p0826-teimww:text knoraType="richtext_value">[Gertrude:] [...] &lt;span class="quote"&gt;Thou know'st 'tis common; all that lives must die, &lt;br&gt;&lt;/span&gt;
Passing through nature to eternity.</p0826-teimww:text>
  </p0826-teimww:passage>
  <p0826-teimww:passage id="ww_ce821008eeca3b77">
    <knoraXmlImport:label>passage label</knoraXmlImport:label>
    <p0826-teimww:occursIn>
      <p0826-teimww:book knoraType="link_value" linkType="ref" target="ww_f3b3659c26b68006"/>
    </p0826-teimww:occursIn>
  </p0826-teimww:passage>
  <p0826-teimww:passage id="ww_c05258cf1ccd564e">
    <knoraXmlImport:label>passage label</knoraXmlImport:label>
    <p0826-teimww:occursIn>
      <p0826-teimww:book knoraType="link_value" linkType="ref" target="ww_cd1e70f8e2cd8c82"/>
    </p0826-teimww:occursIn>
  </p0826-teimww:passage>
  <p0826-teimww:passage id="ww_b4fca2d444f27eda">
    <knoraXmlImport:label>passage label</knoraXmlImport:label>
    <p0826-teimww:occursIn>
      <p0826-teimww:book knoraType="link_value" linkType="ref" target="ww_5cb4c35da9f3b9dd"/>
    </p0826-teimww:occursIn>
    <p0826-teimww:text knoraType="richtext_value">[Hamlet:] [...] &lt;span class="quote"&gt;and I will wear him&lt;br&gt;
In my heart's core, ay, in my heart of heart, &lt;br&gt;&lt;/span&gt;
As I do thee.</p0826-teimww:text>
  </p0826-teimww:passage>
  <p0826-teimww:passage id="ww_fae2017168f92f3c">
    <knoraXmlImport:label>passage label</knoraXmlImport:label>
    <p0826-teimww:occursIn>
      <p0826-teimww:book knoraType="link_value" linkType="ref" target="ww_27efae6f396668e8"/>
    </p0826-teimww:occursIn>
  </p0826-teimww:passage>
  <p0826-teimww:passage id="ww_dd3673ce1ba0ec8b">
    <knoraXmlImport:label>passage label</knoraXmlImport:label>
    <p0826-teimww:occursIn>
      <p0826-teimww:book knoraType="link_value" linkType="ref" target="ww_1140c36ab545b6d8"/>
    </p0826-teimww:occursIn>
  </p0826-teimww:passage>
  <p0826-teimww:passage id="ww_4313828a971cf9f5">
    <knoraXmlImport:label>passage label</knoraXmlImport:label>
    <p0826-teimww:occursIn>
      <p0826-teimww:book knoraType="link_value" linkType="ref" target="ww_5cb4c35da9f3b9dd"/>
    </p0826-teimww:occursIn>
    <p0826-teimww:text knoraType="richtext_value">[Claudius:] [...] in obstinate&lt;span class="quote"&gt; condolement &lt;/span&gt;[...].</p0826-teimww:text>
  </p0826-teimww:passage>
  <p0826-teimww:passage id="ww_f059d089e869eec2">
    <knoraXmlImport:label>passage label</knoraXmlImport:label>
    <p0826-teimww:occursIn>
      <p0826-teimww:book knoraType="link_value" linkType="ref" target="ww_3e15ab6c612eadae"/>
    </p0826-teimww:occursIn>
  </p0826-teimww:passage>
  <p0826-teimww:passage id="ww_3b754564050068af">
    <knoraXmlImport:label>passage label</knoraXmlImport:label>
    <p0826-teimww:occursIn>
      <p0826-teimww:book knoraType="link_value" linkType="ref" target="ww_5cb4c35da9f3b9dd"/>
    </p0826-teimww:occursIn>
    <p0826-teimww:text knoraType="richtext_value">[Hamlet:] [...] &lt;span class="quote"&gt;Do not itself unkennel in one speech &lt;/span&gt;[...]</p0826-teimww:text>
  </p0826-teimww:passage>
  <p0826-teimww:passage id="ww_b49160415e270ae1">
    <knoraXmlImport:label>passage label</knoraXmlImport:label>
    <p0826-teimww:occursIn>
      <p0826-teimww:book knoraType="link_value" linkType="ref" target="ww_b3931845d54b98d5"/>
    </p0826-teimww:occursIn>
  </p0826-teimww:passage>
  <p0826-teimww:passage id="ww_897bc52548c5633f">
    <knoraXmlImport:label>passage label</knoraXmlImport:label>
    <p0826-teimww:occursIn>
      <p0826-teimww:book knoraType="link_value" linkType="ref" target="ww_5cb4c35da9f3b9dd"/>
    </p0826-teimww:occursIn>
    <p0826-teimww:text knoraType="richtext_value">[Claudius:] [...] Fie, &lt;span class="quote"&gt;'tis a fault to heaven,&lt;br&gt;
A fault against the dead, a fault to nature &lt;/span&gt;[...].</p0826-teimww:text>
  </p0826-teimww:passage>
  <p0826-teimww:passage id="ww_da3f2c1bef3f2cbc">
    <knoraXmlImport:label>passage label</knoraXmlImport:label>
    <p0826-teimww:occursIn>
      <p0826-teimww:book knoraType="link_value" linkType="ref" target="ww_5af91280461707f1"/>
    </p0826-teimww:occursIn>
  </p0826-teimww:passage>
  <p0826-teimww:passage id="ww_30aa176e7486e15a">
    <knoraXmlImport:label>passage label</knoraXmlImport:label>
    <p0826-teimww:occursIn>
      <p0826-teimww:book knoraType="link_value" linkType="ref" target="ww_5cb4c35da9f3b9dd"/>
    </p0826-teimww:occursIn>
    <p0826-teimww:text knoraType="richtext_value">[Ghost:] [...] To tell &lt;span class="quote"&gt;the secrets of my prison house&lt;/span&gt; [...].</p0826-teimww:text>
  </p0826-teimww:passage>
  <p0826-teimww:passage id="ww_b22a297dfadd946b">
    <knoraXmlImport:label>passage label</knoraXmlImport:label>
    <p0826-teimww:occursIn>
      <p0826-teimww:book knoraType="link_value" linkType="ref" target="ww_1140c36ab545b6d8"/>
    </p0826-teimww:occursIn>
  </p0826-teimww:passage>
  <p0826-teimww:passage id="ww_c33dda639f43be88">
    <knoraXmlImport:label>passage label</knoraXmlImport:label>
    <p0826-teimww:occursIn>
      <p0826-teimww:book knoraType="link_value" linkType="ref" target="ww_5cb4c35da9f3b9dd"/>
    </p0826-teimww:occursIn>
    <p0826-teimww:text knoraType="richtext_value">[Horatio:] [...] &lt;span class="quote"&gt;And flights of angels sing thee to thy rest!&lt;/span&gt;</p0826-teimww:text>
  </p0826-teimww:passage>
  <p0826-teimww:passage id="ww_1214c14c019b57d6">
    <knoraXmlImport:label>passage label</knoraXmlImport:label>
    <p0826-teimww:occursIn>
      <p0826-teimww:book knoraType="link_value" linkType="ref" target="ww_1140c36ab545b6d8"/>
    </p0826-teimww:occursIn>
  </p0826-teimww:passage>
  <p0826-teimww:passage id="ww_ada99b4e8426edcb">
    <knoraXmlImport:label>passage label</knoraXmlImport:label>
    <p0826-teimww:occursIn>
      <p0826-teimww:book knoraType="link_value" linkType="ref" target="ww_5cb4c35da9f3b9dd"/>
    </p0826-teimww:occursIn>
    <p0826-teimww:text knoraType="richtext_value">[Hamlet:] [...] &lt;span class="quote"&gt;It is a damnèd ghost that we have seen&lt;/span&gt; [...] </p0826-teimww:text>
  </p0826-teimww:passage>
  <p0826-teimww:passage id="ww_fe2cb01fbba888cf">
    <knoraXmlImport:label>passage label</knoraXmlImport:label>
    <p0826-teimww:occursIn>
      <p0826-teimww:book knoraType="link_value" linkType="ref" target="ww_1140c36ab545b6d8"/>
    </p0826-teimww:occursIn>
  </p0826-teimww:passage>
  <p0826-teimww:passage id="ww_cda24b35547a3d5f">
    <knoraXmlImport:label>passage label</knoraXmlImport:label>
    <p0826-teimww:occursIn>
      <p0826-teimww:book knoraType="link_value" linkType="ref" target="ww_5cb4c35da9f3b9dd"/>
    </p0826-teimww:occursIn>
    <p0826-teimww:text knoraType="richtext_value">[Ghost:] [...] &lt;span class="quote"&gt;Make thy two eyes, like stars, start from their spheres&lt;/span&gt; [...].</p0826-teimww:text>
  </p0826-teimww:passage>
  <p0826-teimww:passage id="ww_12ed120773b3b3b0">
    <knoraXmlImport:label>passage label</knoraXmlImport:label>
    <p0826-teimww:occursIn>
      <p0826-teimww:book knoraType="link_value" linkType="ref" target="ww_1140c36ab545b6d8"/>
    </p0826-teimww:occursIn>
  </p0826-teimww:passage>
  <p0826-teimww:passage id="ww_f8219ad78a31eb38">
    <knoraXmlImport:label>passage label</knoraXmlImport:label>
    <p0826-teimww:occursIn>
      <p0826-teimww:book knoraType="link_value" linkType="ref" target="ww_5cb4c35da9f3b9dd"/>
    </p0826-teimww:occursIn>
    <p0826-teimww:text knoraType="richtext_value">[Hamlet:] [...] &lt;span class="quote"&gt;That's a fair thought to lie between maids' legs.&lt;/span&gt;</p0826-teimww:text>
  </p0826-teimww:passage>
  <p0826-teimww:passage id="ww_d6e5f836528c02d0">
    <knoraXmlImport:label>passage label</knoraXmlImport:label>
    <p0826-teimww:occursIn>
      <p0826-teimww:book knoraType="link_value" linkType="ref" target="ww_2f65899f08b5bb71"/>
    </p0826-teimww:occursIn>
  </p0826-teimww:passage>
  <p0826-teimww:passage id="ww_4916784594ea4e58">
    <knoraXmlImport:label>passage label</knoraXmlImport:label>
    <p0826-teimww:occursIn>
      <p0826-teimww:book knoraType="link_value" linkType="ref" target="ww_1140c36ab545b6d8"/>
    </p0826-teimww:occursIn>
  </p0826-teimww:passage>
  <p0826-teimww:passage id="ww_2932e5fe564838fd">
    <knoraXmlImport:label>passage label</knoraXmlImport:label>
    <p0826-teimww:occursIn>
      <p0826-teimww:book knoraType="link_value" linkType="ref" target="ww_5cb4c35da9f3b9dd"/>
    </p0826-teimww:occursIn>
    <p0826-teimww:text knoraType="richtext_value">[Hamlet:] [...] &lt;span class="quote"&gt;hobby-horse, whose epitaph is “For oh, for oh, the hobby-horse is forgot.&lt;/span&gt;</p0826-teimww:text>
  </p0826-teimww:passage>
  <p0826-teimww:passage id="ww_c049cebf57f5d571">
    <knoraXmlImport:label>passage label</knoraXmlImport:label>
    <p0826-teimww:occursIn>
      <p0826-teimww:book knoraType="link_value" linkType="ref" target="ww_b3931845d54b98d5"/>
    </p0826-teimww:occursIn>
  </p0826-teimww:passage>
  <p0826-teimww:passage id="ww_ea9fc9d17f434b5e">
    <knoraXmlImport:label>passage label</knoraXmlImport:label>
    <p0826-teimww:occursIn>
      <p0826-teimww:book knoraType="link_value" linkType="ref" target="ww_5cb4c35da9f3b9dd"/>
    </p0826-teimww:occursIn>
    <p0826-teimww:text knoraType="richtext_value">[Ghost:] [...] Like&lt;span class="quote"&gt; quills upon the fearful porpentine.&lt;/span&gt;</p0826-teimww:text>
  </p0826-teimww:passage>
  <p0826-teimww:passage id="ww_d35d280c8bc59121">
    <knoraXmlImport:label>passage label</knoraXmlImport:label>
    <p0826-teimww:occursIn>
      <p0826-teimww:book knoraType="link_value" linkType="ref" target="ww_1140c36ab545b6d8"/>
    </p0826-teimww:occursIn>
  </p0826-teimww:passage>
  <p0826-teimww:passage id="ww_fe1a59e72e144a7d">
    <knoraXmlImport:label>passage label</knoraXmlImport:label>
    <p0826-teimww:occursIn>
      <p0826-teimww:book knoraType="link_value" linkType="ref" target="ww_5cb4c35da9f3b9dd"/>
    </p0826-teimww:occursIn>
    <p0826-teimww:text knoraType="richtext_value">[Horatio:] [...] Armed at point exactly, &lt;span class="quote"&gt;cap-à-pie &lt;/span&gt;[...].</p0826-teimww:text>
  </p0826-teimww:passage>
  <p0826-teimww:passage id="ww_dddb3a5485cff3b3">
    <knoraXmlImport:label>passage label</knoraXmlImport:label>
    <p0826-teimww:occursIn>
      <p0826-teimww:book knoraType="link_value" linkType="ref" target="ww_91e0dc4c671938fa"/>
    </p0826-teimww:occursIn>
  </p0826-teimww:passage>
  <p0826-teimww:passage id="ww_b1b86e939562d35a">
    <knoraXmlImport:label>passage label</knoraXmlImport:label>
    <p0826-teimww:occursIn>
      <p0826-teimww:book knoraType="link_value" linkType="ref" target="ww_b3931845d54b98d5"/>
    </p0826-teimww:occursIn>
  </p0826-teimww:passage>
  <p0826-teimww:passage id="ww_5c7e7d1d03157845">
    <knoraXmlImport:label>passage label</knoraXmlImport:label>
    <p0826-teimww:occursIn>
      <p0826-teimww:book knoraType="link_value" linkType="ref" target="ww_5cb4c35da9f3b9dd"/>
    </p0826-teimww:occursIn>
    <p0826-teimww:text knoraType="richtext_value">[Ophelia:] &lt;span class="quote"&gt;What means this, my lord?&lt;/span&gt;</p0826-teimww:text>
  </p0826-teimww:passage>
  <p0826-teimww:passage id="ww_2eac538a1d55495d">
    <knoraXmlImport:label>passage label</knoraXmlImport:label>
    <p0826-teimww:occursIn>
      <p0826-teimww:book knoraType="link_value" linkType="ref" target="ww_e38a56a7efbf9723"/>
    </p0826-teimww:occursIn>
  </p0826-teimww:passage>
  <p0826-teimww:passage id="ww_d88bd230e66697f1">
    <knoraXmlImport:label>passage label</knoraXmlImport:label>
    <p0826-teimww:occursIn>
      <p0826-teimww:book knoraType="link_value" linkType="ref" target="ww_5cb4c35da9f3b9dd"/>
    </p0826-teimww:occursIn>
    <p0826-teimww:text knoraType="richtext_value">[Hamlet:] Marry, this is &lt;span class="quote"&gt;miching mallecho; &lt;/span&gt;it means mischief.</p0826-teimww:text>
  </p0826-teimww:passage>
  <p0826-teimww:passage id="ww_42afb71b014da0fa">
    <knoraXmlImport:label>passage label</knoraXmlImport:label>
    <p0826-teimww:occursIn>
      <p0826-teimww:book knoraType="link_value" linkType="ref" target="ww_3e15ab6c612eadae"/>
    </p0826-teimww:occursIn>
  </p0826-teimww:passage>
  <p0826-teimww:passage id="ww_8c592a717c3a88cf">
    <knoraXmlImport:label>passage label</knoraXmlImport:label>
    <p0826-teimww:occursIn>
      <p0826-teimww:book knoraType="link_value" linkType="ref" target="ww_5cb4c35da9f3b9dd"/>
    </p0826-teimww:occursIn>
    <p0826-teimww:text knoraType="richtext_value">[Hamlet:] Haste me to know 't, that I, &lt;span class="quote"&gt;with wings as swift &lt;br&gt;
As meditation or the thoughts of love, &lt;/span&gt;&lt;br&gt;
May sweep to my revenge.</p0826-teimww:text>
  </p0826-teimww:passage>
  <p0826-teimww:passage id="ww_7299f9f46daccd9b">
    <knoraXmlImport:label>passage label</knoraXmlImport:label>
    <p0826-teimww:occursIn>
      <p0826-teimww:book knoraType="link_value" linkType="ref" target="ww_5868d5560bdfc062"/>
    </p0826-teimww:occursIn>
  </p0826-teimww:passage>
  <p0826-teimww:passage id="ww_f21f0c157db4be31">
    <knoraXmlImport:label>passage label</knoraXmlImport:label>
    <p0826-teimww:occursIn>
      <p0826-teimww:book knoraType="link_value" linkType="ref" target="ww_160b060adc5c12bf"/>
    </p0826-teimww:occursIn>
  </p0826-teimww:passage>
  <p0826-teimww:passage id="ww_9690279d9bbe1c0d">
    <knoraXmlImport:label>passage label</knoraXmlImport:label>
    <p0826-teimww:occursIn>
      <p0826-teimww:book knoraType="link_value" linkType="ref" target="ww_1140c36ab545b6d8"/>
    </p0826-teimww:occursIn>
  </p0826-teimww:passage>
  <p0826-teimww:passage id="ww_3c3a1492c1e3902d">
    <knoraXmlImport:label>passage label</knoraXmlImport:label>
    <p0826-teimww:occursIn>
      <p0826-teimww:book knoraType="link_value" linkType="ref" target="ww_436db7d05fb0f0f6"/>
    </p0826-teimww:occursIn>
    <p0826-teimww:text knoraType="richtext_value">[Pandulpho:] Methinks I hear &lt;span class="quote"&gt;a humming murmur creep from out his jellied wounds. &lt;/span&gt;Look on those lips [...].</p0826-teimww:text>
  </p0826-teimww:passage>
  <p0826-teimww:passage id="ww_7171dd14f9114e0d">
    <knoraXmlImport:label>passage label</knoraXmlImport:label>
    <p0826-teimww:occursIn>
      <p0826-teimww:book knoraType="link_value" linkType="ref" target="ww_0f0f2ccb24fa3b96"/>
    </p0826-teimww:occursIn>
  </p0826-teimww:passage>
  <p0826-teimww:passage id="ww_772338ce16f44677">
    <knoraXmlImport:label>passage label</knoraXmlImport:label>
    <p0826-teimww:occursIn>
      <p0826-teimww:book knoraType="link_value" linkType="ref" target="ww_5cb4c35da9f3b9dd"/>
    </p0826-teimww:occursIn>
    <p0826-teimww:text knoraType="richtext_value">[Player King:] My&lt;span class="quote"&gt; operant powers &lt;/span&gt;their functions leave to do.</p0826-teimww:text>
  </p0826-teimww:passage>
  <p0826-teimww:passage id="ww_f01050145b1c76e6">
    <knoraXmlImport:label>passage label</knoraXmlImport:label>
    <p0826-teimww:occursIn>
      <p0826-teimww:book knoraType="link_value" linkType="ref" target="ww_ae88354a1d70cefb"/>
    </p0826-teimww:occursIn>
  </p0826-teimww:passage>
  <p0826-teimww:passage id="ww_f90230f5150b2592">
    <knoraXmlImport:label>passage label</knoraXmlImport:label>
    <p0826-teimww:occursIn>
      <p0826-teimww:book knoraType="link_value" linkType="ref" target="ww_5cb4c35da9f3b9dd"/>
    </p0826-teimww:occursIn>
    <p0826-teimww:text knoraType="richtext_value">[Hamlet:] &lt;span class="quote"&gt;Not where he eats, but where he is eaten. A certain convocation of politic worms are e’en at him. Your worm is your only emperor for diet. We fat all creatures else to fat us, and we fat ourselves for maggots.&lt;/span&gt;</p0826-teimww:text>
  </p0826-teimww:passage>
  <p0826-teimww:passage id="ww_080ebe41e075be4f">
    <knoraXmlImport:label>passage label</knoraXmlImport:label>
    <p0826-teimww:occursIn>
      <p0826-teimww:book knoraType="link_value" linkType="ref" target="ww_d87c5e9530010d35"/>
    </p0826-teimww:occursIn>
  </p0826-teimww:passage>
  <p0826-teimww:passage id="ww_644beccc3742afdb">
    <knoraXmlImport:label>passage label</knoraXmlImport:label>
    <p0826-teimww:occursIn>
      <p0826-teimww:book knoraType="link_value" linkType="ref" target="ww_5cb4c35da9f3b9dd"/>
    </p0826-teimww:occursIn>
    <p0826-teimww:text knoraType="richtext_value">[Hamlet:] &lt;span class="quote"&gt;When honor's at the stake.&lt;/span&gt;</p0826-teimww:text>
  </p0826-teimww:passage>
  <p0826-teimww:passage id="ww_b7bf379a2be28453">
    <knoraXmlImport:label>passage label</knoraXmlImport:label>
    <p0826-teimww:occursIn>
      <p0826-teimww:book knoraType="link_value" linkType="ref" target="ww_b3931845d54b98d5"/>
    </p0826-teimww:occursIn>
  </p0826-teimww:passage>
  <p0826-teimww:passage id="ww_d89672ac841d3016">
    <knoraXmlImport:label>passage label</knoraXmlImport:label>
    <p0826-teimww:occursIn>
      <p0826-teimww:book knoraType="link_value" linkType="ref" target="ww_5cb4c35da9f3b9dd"/>
    </p0826-teimww:occursIn>
    <p0826-teimww:text knoraType="richtext_value">[Hamlet:]&lt;span class="quote"&gt; O, my prophetic soul!&lt;/span&gt;</p0826-teimww:text>
  </p0826-teimww:passage>
  <p0826-teimww:passage id="ww_2505f430d46b90d8">
    <knoraXmlImport:label>passage label</knoraXmlImport:label>
    <p0826-teimww:occursIn>
      <p0826-teimww:book knoraType="link_value" linkType="ref" target="ww_91e0dc4c671938fa"/>
    </p0826-teimww:occursIn>
  </p0826-teimww:passage>
  <p0826-teimww:passage id="ww_3ca9990ffcea435e">
    <knoraXmlImport:label>passage label</knoraXmlImport:label>
    <p0826-teimww:occursIn>
      <p0826-teimww:book knoraType="link_value" linkType="ref" target="ww_5cb4c35da9f3b9dd"/>
    </p0826-teimww:occursIn>
    <p0826-teimww:text knoraType="richtext_value">[First Clown (sings):]&lt;span class="quote"&gt; A pick-axe, and a spade, a spade, &lt;br&gt;
For and a shrouding sheet:&lt;br&gt;
O, a pit of clay for to be made&lt;br&gt;
For such a guest is meet.&lt;/span&gt;</p0826-teimww:text>
  </p0826-teimww:passage>
  <p0826-teimww:passage id="ww_9fe280fd0d32ba21">
    <knoraXmlImport:label>passage label</knoraXmlImport:label>
    <p0826-teimww:occursIn>
      <p0826-teimww:book knoraType="link_value" linkType="ref" target="ww_b3931845d54b98d5"/>
    </p0826-teimww:occursIn>
  </p0826-teimww:passage>
  <p0826-teimww:passage id="ww_db01ef729b023a0e">
    <knoraXmlImport:label>passage label</knoraXmlImport:label>
    <p0826-teimww:occursIn>
      <p0826-teimww:book knoraType="link_value" linkType="ref" target="ww_359edd0d37d00410"/>
    </p0826-teimww:occursIn>
  </p0826-teimww:passage>
  <p0826-teimww:passage id="ww_c2da05adb7b30253">
    <knoraXmlImport:label>passage label</knoraXmlImport:label>
    <p0826-teimww:occursIn>
      <p0826-teimww:book knoraType="link_value" linkType="ref" target="ww_0dd5e309103973fb"/>
    </p0826-teimww:occursIn>
  </p0826-teimww:passage>
  <p0826-teimww:passage id="ww_6bbeea24470175c9">
    <knoraXmlImport:label>passage label</knoraXmlImport:label>
    <p0826-teimww:occursIn>
      <p0826-teimww:book knoraType="link_value" linkType="ref" target="ww_6f8bba60983f33d9"/>
    </p0826-teimww:occursIn>
  </p0826-teimww:passage>
  <p0826-teimww:passage id="ww_946c69962800ec4d">
    <knoraXmlImport:label>passage label</knoraXmlImport:label>
    <p0826-teimww:occursIn>
      <p0826-teimww:book knoraType="link_value" linkType="ref" target="ww_5cb4c35da9f3b9dd"/>
    </p0826-teimww:occursIn>
    <p0826-teimww:text knoraType="richtext_value">[Hamlet:] [...] &lt;span class="quote"&gt;gives me the lie i' th' throat &lt;/span&gt;[...].</p0826-teimww:text>
  </p0826-teimww:passage>
  <p0826-teimww:passage id="ww_1e60b95f9ec4e990">
    <knoraXmlImport:label>passage label</knoraXmlImport:label>
    <p0826-teimww:occursIn>
      <p0826-teimww:book knoraType="link_value" linkType="ref" target="ww_5cb4c35da9f3b9dd"/>
    </p0826-teimww:occursIn>
    <p0826-teimww:text knoraType="richtext_value">[Ghost:] Ay, &lt;span class="quote"&gt;that incestuous, that adulterate beast &lt;/span&gt;[...].</p0826-teimww:text>
  </p0826-teimww:passage>
  <p0826-teimww:passage id="ww_10a460d115ab1c2c">
    <knoraXmlImport:label>passage label</knoraXmlImport:label>
    <p0826-teimww:occursIn>
      <p0826-teimww:book knoraType="link_value" linkType="ref" target="ww_55bc1a3b04bf8a8d"/>
    </p0826-teimww:occursIn>
  </p0826-teimww:passage>
  <p0826-teimww:passage id="ww_6dfbfb097672c178">
    <knoraXmlImport:label>passage label</knoraXmlImport:label>
    <p0826-teimww:occursIn>
      <p0826-teimww:book knoraType="link_value" linkType="ref" target="ww_5cb4c35da9f3b9dd"/>
    </p0826-teimww:occursIn>
    <p0826-teimww:text knoraType="richtext_value">[King:] [...] O, my offense is rank, it smells to heaven;&lt;br&gt;
It hath the primal eldest curse upon 't, &lt;br&gt;
&lt;span class="quote"&gt;A brother's murder. &lt;/span&gt;</p0826-teimww:text>
  </p0826-teimww:passage>
  <p0826-teimww:passage id="ww_c099820b953c06d7">
    <knoraXmlImport:label>passage label</knoraXmlImport:label>
    <p0826-teimww:occursIn>
      <p0826-teimww:book knoraType="link_value" linkType="ref" target="ww_73cdd390f6e92cbe"/>
    </p0826-teimww:occursIn>
  </p0826-teimww:passage>
  <p0826-teimww:passage id="ww_cbaf487fcd5d3305">
    <knoraXmlImport:label>passage label</knoraXmlImport:label>
    <p0826-teimww:occursIn>
      <p0826-teimww:book knoraType="link_value" linkType="ref" target="ww_5cb4c35da9f3b9dd"/>
    </p0826-teimww:occursIn>
    <p0826-teimww:text knoraType="richtext_value">[Hamlet:] Let it work,&lt;br&gt;
For 'tis the sport &lt;span class="quote"&gt;to have the enginer &lt;br&gt;
Hoist with his own petard; &lt;/span&gt;and 't shall go hard &lt;br&gt;
But I will delve one yard below their mines &lt;br&gt;
And blow them at the moon.</p0826-teimww:text>
  </p0826-teimww:passage>
  <p0826-teimww:passage id="ww_5bedee4b96d5fc30">
    <knoraXmlImport:label>passage label</knoraXmlImport:label>
    <p0826-teimww:occursIn>
      <p0826-teimww:book knoraType="link_value" linkType="ref" target="ww_bc577a06e5bb54c7"/>
    </p0826-teimww:occursIn>
  </p0826-teimww:passage>
  <p0826-teimww:passage id="ww_71a309801a33ffce">
    <knoraXmlImport:label>passage label</knoraXmlImport:label>
    <p0826-teimww:occursIn>
      <p0826-teimww:book knoraType="link_value" linkType="ref" target="ww_5cb4c35da9f3b9dd"/>
    </p0826-teimww:occursIn>
    <p0826-teimww:text knoraType="richtext_value">[Ghost:] [...] &lt;span class="quote"&gt;But virtue, as it never will be moved, &lt;br&gt;
Though lewdness court it in a shape of heaven, &lt;br&gt;
So, lust, though to a radiant angel linked, &lt;br&gt;
Will sate itself in a celestial bed &lt;br&gt;
And prey on garbage.&lt;/span&gt;</p0826-teimww:text>
  </p0826-teimww:passage>
  <p0826-teimww:passage id="ww_26caca5c2bf175aa">
    <knoraXmlImport:label>passage label</knoraXmlImport:label>
    <p0826-teimww:occursIn>
      <p0826-teimww:book knoraType="link_value" linkType="ref" target="ww_f1fa280c821d334c"/>
    </p0826-teimww:occursIn>
  </p0826-teimww:passage>
  <p0826-teimww:passage id="ww_b9ee4f48dda1b9ee">
    <knoraXmlImport:label>passage label</knoraXmlImport:label>
    <p0826-teimww:occursIn>
      <p0826-teimww:book knoraType="link_value" linkType="ref" target="ww_5cb4c35da9f3b9dd"/>
    </p0826-teimww:occursIn>
    <p0826-teimww:text knoraType="richtext_value">[Hamlet:] [...]&lt;span class="quote"&gt; I'll take the ghost's word for a thousand pound.&lt;/span&gt;</p0826-teimww:text>
  </p0826-teimww:passage>
  <p0826-teimww:passage id="ww_ae1ea7915b63f0e9">
    <knoraXmlImport:label>passage label</knoraXmlImport:label>
    <p0826-teimww:occursIn>
      <p0826-teimww:book knoraType="link_value" linkType="ref" target="ww_5868d5560bdfc062"/>
    </p0826-teimww:occursIn>
  </p0826-teimww:passage>
  <p0826-teimww:passage id="ww_62cd331e6d102d58">
    <knoraXmlImport:label>passage label</knoraXmlImport:label>
    <p0826-teimww:occursIn>
      <p0826-teimww:book knoraType="link_value" linkType="ref" target="ww_5cb4c35da9f3b9dd"/>
    </p0826-teimww:occursIn>
    <p0826-teimww:text knoraType="richtext_value">[Ghost:] [...] &lt;span class="quote"&gt;Most lazar-like, with vile and loathsome crust &lt;/span&gt;[...].</p0826-teimww:text>
  </p0826-teimww:passage>
  <p0826-teimww:passage id="ww_5e0afa5535549a00">
    <knoraXmlImport:label>passage label</knoraXmlImport:label>
    <p0826-teimww:occursIn>
      <p0826-teimww:book knoraType="link_value" linkType="ref" target="ww_7589cfaa41b21699"/>
    </p0826-teimww:occursIn>
  </p0826-teimww:passage>
  <p0826-teimww:passage id="ww_890c84c49ea4ea2c">
    <knoraXmlImport:label>passage label</knoraXmlImport:label>
    <p0826-teimww:occursIn>
      <p0826-teimww:book knoraType="link_value" linkType="ref" target="ww_5cb4c35da9f3b9dd"/>
    </p0826-teimww:occursIn>
    <p0826-teimww:text knoraType="richtext_value">[Ghost:]&lt;span class="quote"&gt; My hour is almost come&lt;br&gt;
When I to sulf'rous and tormenting flames&lt;br&gt;
Must render up myself.&lt;/span&gt;</p0826-teimww:text>
  </p0826-teimww:passage>
  <p0826-teimww:passage id="ww_2a7d053cc82aed52">
    <knoraXmlImport:label>passage label</knoraXmlImport:label>
    <p0826-teimww:occursIn>
      <p0826-teimww:book knoraType="link_value" linkType="ref" target="ww_d96cf3715d049fff"/>
    </p0826-teimww:occursIn>
  </p0826-teimww:passage>
  <p0826-teimww:passage id="ww_d022f9e3211c1251">
    <knoraXmlImport:label>passage label</knoraXmlImport:label>
    <p0826-teimww:occursIn>
      <p0826-teimww:book knoraType="link_value" linkType="ref" target="ww_5cb4c35da9f3b9dd"/>
    </p0826-teimww:occursIn>
    <p0826-teimww:text knoraType="richtext_value">[Ghost:] &lt;span class="quote"&gt;Taint not thy mind, nor let thy soul contrive &lt;br&gt;
Against thy mother aught. Leave her to heaven &lt;/span&gt;[...].</p0826-teimww:text>
  </p0826-teimww:passage>
  <p0826-teimww:passage id="ww_32948daa71bd2d7b">
    <knoraXmlImport:label>passage label</knoraXmlImport:label>
    <p0826-teimww:occursIn>
      <p0826-teimww:book knoraType="link_value" linkType="ref" target="ww_5868d5560bdfc062"/>
    </p0826-teimww:occursIn>
  </p0826-teimww:passage>
  <p0826-teimww:passage id="ww_c3679434be45951b">
    <knoraXmlImport:label>passage label</knoraXmlImport:label>
    <p0826-teimww:occursIn>
      <p0826-teimww:book knoraType="link_value" linkType="ref" target="ww_5cb4c35da9f3b9dd"/>
    </p0826-teimww:occursIn>
    <p0826-teimww:text knoraType="richtext_value">[Bernardo:] &lt;span class="quote"&gt;See, it stalks away! &lt;/span&gt;</p0826-teimww:text>
  </p0826-teimww:passage>
  <p0826-teimww:passage id="ww_e94081c403ec79cd">
    <knoraXmlImport:label>passage label</knoraXmlImport:label>
    <p0826-teimww:occursIn>
      <p0826-teimww:book knoraType="link_value" linkType="ref" target="ww_d96cf3715d049fff"/>
    </p0826-teimww:occursIn>
  </p0826-teimww:passage>
  <p0826-teimww:passage id="ww_00ba48b22df0a157">
    <knoraXmlImport:label>passage label</knoraXmlImport:label>
    <p0826-teimww:occursIn>
      <p0826-teimww:book knoraType="link_value" linkType="ref" target="ww_5cb4c35da9f3b9dd"/>
    </p0826-teimww:occursIn>
    <p0826-teimww:text knoraType="richtext_value">[Hamlet:] [...] &lt;span class="quote"&gt;let not ever&lt;br&gt;
The soul of Nero enter this firm bosom.&lt;/span&gt;</p0826-teimww:text>
  </p0826-teimww:passage>
  <p0826-teimww:passage id="ww_fa99450200c97897">
    <knoraXmlImport:label>passage label</knoraXmlImport:label>
    <p0826-teimww:occursIn>
      <p0826-teimww:book knoraType="link_value" linkType="ref" target="ww_5868d5560bdfc062"/>
    </p0826-teimww:occursIn>
  </p0826-teimww:passage>
  <p0826-teimww:passage id="ww_135babe521b075bd">
    <knoraXmlImport:label>passage label</knoraXmlImport:label>
    <p0826-teimww:occursIn>
      <p0826-teimww:book knoraType="link_value" linkType="ref" target="ww_5cb4c35da9f3b9dd"/>
    </p0826-teimww:occursIn>
    <p0826-teimww:text knoraType="richtext_value">[Ghost:] [...] &lt;span class="quote"&gt;The glowworm shows the matin to be near&lt;/span&gt; [...].</p0826-teimww:text>
  </p0826-teimww:passage>
  <p0826-teimww:passage id="ww_79caa09c1d48cd87">
    <knoraXmlImport:label>passage label</knoraXmlImport:label>
    <p0826-teimww:occursIn>
      <p0826-teimww:book knoraType="link_value" linkType="ref" target="ww_91e0dc4c671938fa"/>
    </p0826-teimww:occursIn>
  </p0826-teimww:passage>
  <p0826-teimww:passage id="ww_27be7bf716239467">
    <knoraXmlImport:label>passage label</knoraXmlImport:label>
    <p0826-teimww:occursIn>
      <p0826-teimww:book knoraType="link_value" linkType="ref" target="ww_1140c36ab545b6d8"/>
    </p0826-teimww:occursIn>
  </p0826-teimww:passage>
  <p0826-teimww:passage id="ww_c03f9894ae67c2ff">
    <knoraXmlImport:label>passage label</knoraXmlImport:label>
    <p0826-teimww:occursIn>
      <p0826-teimww:book knoraType="link_value" linkType="ref" target="ww_5cb4c35da9f3b9dd"/>
    </p0826-teimww:occursIn>
    <p0826-teimww:text knoraType="richtext_value">[Hamlet:] [...] &lt;span class="quote"&gt;Within the book and volume of my brain &lt;/span&gt;[...].</p0826-teimww:text>
  </p0826-teimww:passage>
  <p0826-teimww:passage id="ww_5a679bb52d5e4c07">
    <knoraXmlImport:label>passage label</knoraXmlImport:label>
    <p0826-teimww:occursIn>
      <p0826-teimww:book knoraType="link_value" linkType="ref" target="ww_fb9509be352bd917"/>
    </p0826-teimww:occursIn>
  </p0826-teimww:passage>
  <p0826-teimww:passage id="ww_5942ef62b92ab5f1">
    <knoraXmlImport:label>passage label</knoraXmlImport:label>
    <p0826-teimww:occursIn>
      <p0826-teimww:book knoraType="link_value" linkType="ref" target="ww_5cb4c35da9f3b9dd"/>
    </p0826-teimww:occursIn>
    <p0826-teimww:text knoraType="richtext_value">[Hamlet:] [...] &lt;span class="quote"&gt;That one may smile and smile and be a villain &lt;/span&gt;[...].</p0826-teimww:text>
  </p0826-teimww:passage>
  <p0826-teimww:passage id="ww_6bc5794cd62dc6b6">
    <knoraXmlImport:label>passage label</knoraXmlImport:label>
    <p0826-teimww:occursIn>
      <p0826-teimww:book knoraType="link_value" linkType="ref" target="ww_1c8a25fac02f85a7"/>
    </p0826-teimww:occursIn>
  </p0826-teimww:passage>
  <p0826-teimww:passage id="ww_3a506c4018779fe7">
    <knoraXmlImport:label>passage label</knoraXmlImport:label>
    <p0826-teimww:occursIn>
      <p0826-teimww:book knoraType="link_value" linkType="ref" target="ww_91e0dc4c671938fa"/>
    </p0826-teimww:occursIn>
  </p0826-teimww:passage>
  <p0826-teimww:passage id="ww_816fb056017296ba">
    <knoraXmlImport:label>passage label</knoraXmlImport:label>
    <p0826-teimww:occursIn>
      <p0826-teimww:book knoraType="link_value" linkType="ref" target="ww_5cb4c35da9f3b9dd"/>
    </p0826-teimww:occursIn>
    <p0826-teimww:text knoraType="richtext_value">[Marcellus:] &lt;span class="quote"&gt;Illo, ho, ho, my lord! &lt;/span&gt;&lt;br&gt;
[Hamlet:]&lt;span class="quote"&gt; Hillo, ho, ho, boy!&lt;/span&gt;
</p0826-teimww:text>
  </p0826-teimww:passage>
  <p0826-teimww:passage id="ww_0be169aea22b31c4">
    <knoraXmlImport:label>passage label</knoraXmlImport:label>
    <p0826-teimww:occursIn>
      <p0826-teimww:book knoraType="link_value" linkType="ref" target="ww_91e0dc4c671938fa"/>
    </p0826-teimww:occursIn>
  </p0826-teimww:passage>
  <p0826-teimww:passage id="ww_3598f8fc6ab9f22a">
    <knoraXmlImport:label>passage label</knoraXmlImport:label>
    <p0826-teimww:occursIn>
      <p0826-teimww:book knoraType="link_value" linkType="ref" target="ww_1140c36ab545b6d8"/>
    </p0826-teimww:occursIn>
  </p0826-teimww:passage>
  <p0826-teimww:passage id="ww_735300f46f267b86">
    <knoraXmlImport:label>passage label</knoraXmlImport:label>
    <p0826-teimww:occursIn>
      <p0826-teimww:book knoraType="link_value" linkType="ref" target="ww_5af91280461707f1"/>
    </p0826-teimww:occursIn>
  </p0826-teimww:passage>
  <p0826-teimww:passage id="ww_7dca9377f8a8e657">
    <knoraXmlImport:label>passage label</knoraXmlImport:label>
    <p0826-teimww:occursIn>
      <p0826-teimww:book knoraType="link_value" linkType="ref" target="ww_5cb4c35da9f3b9dd"/>
    </p0826-teimww:occursIn>
    <p0826-teimww:text knoraType="richtext_value">[Hamlet:] [...]&lt;span class="quote"&gt; For every man hath business and desire&lt;/span&gt; [...].</p0826-teimww:text>
  </p0826-teimww:passage>
  <p0826-teimww:passage id="ww_ea74891f514799d4">
    <knoraXmlImport:label>passage label</knoraXmlImport:label>
    <p0826-teimww:occursIn>
      <p0826-teimww:book knoraType="link_value" linkType="ref" target="ww_b3931845d54b98d5"/>
    </p0826-teimww:occursIn>
  </p0826-teimww:passage>
  <p0826-teimww:passage id="ww_8972aff5734e9b0d">
    <knoraXmlImport:label>passage label</knoraXmlImport:label>
    <p0826-teimww:occursIn>
      <p0826-teimww:book knoraType="link_value" linkType="ref" target="ww_cd1e70f8e2cd8c82"/>
    </p0826-teimww:occursIn>
  </p0826-teimww:passage>
  <p0826-teimww:passage id="ww_e7325d9b0d4f2e76">
    <knoraXmlImport:label>passage label</knoraXmlImport:label>
    <p0826-teimww:occursIn>
      <p0826-teimww:book knoraType="link_value" linkType="ref" target="ww_5cb4c35da9f3b9dd"/>
    </p0826-teimww:occursIn>
    <p0826-teimww:text knoraType="richtext_value">[Hamlet:] [...] &lt;span class="quote"&gt;I will go pray.&lt;/span&gt;</p0826-teimww:text>
  </p0826-teimww:passage>
  <p0826-teimww:passage id="ww_f46fcb7706b0b64b">
    <knoraXmlImport:label>passage label</knoraXmlImport:label>
    <p0826-teimww:occursIn>
      <p0826-teimww:book knoraType="link_value" linkType="ref" target="ww_5cb4c35da9f3b9dd"/>
    </p0826-teimww:occursIn>
    <p0826-teimww:text knoraType="richtext_value">[Hamlet:] [...] &lt;span class="quote"&gt;Art thou there&lt;/span&gt;, &lt;span class="quote"&gt;truepenny?&lt;/span&gt;</p0826-teimww:text>
  </p0826-teimww:passage>
  <p0826-teimww:passage id="ww_95bbf2106b472686">
    <knoraXmlImport:label>passage label</knoraXmlImport:label>
    <p0826-teimww:occursIn>
      <p0826-teimww:book knoraType="link_value" linkType="ref" target="ww_91e0dc4c671938fa"/>
    </p0826-teimww:occursIn>
  </p0826-teimww:passage>
  <p0826-teimww:passage id="ww_0312f15ca6600d0c">
    <knoraXmlImport:label>passage label</knoraXmlImport:label>
    <p0826-teimww:occursIn>
      <p0826-teimww:book knoraType="link_value" linkType="ref" target="ww_1140c36ab545b6d8"/>
    </p0826-teimww:occursIn>
  </p0826-teimww:passage>
  <p0826-teimww:passage id="ww_18e7fc74c475324e">
    <knoraXmlImport:label>passage label</knoraXmlImport:label>
    <p0826-teimww:occursIn>
      <p0826-teimww:book knoraType="link_value" linkType="ref" target="ww_c1ca40b688cca87f"/>
    </p0826-teimww:occursIn>
  </p0826-teimww:passage>
  <p0826-teimww:passage id="ww_940b83bc427d73d1">
    <knoraXmlImport:label>passage label</knoraXmlImport:label>
    <p0826-teimww:occursIn>
      <p0826-teimww:book knoraType="link_value" linkType="ref" target="ww_5cb4c35da9f3b9dd"/>
    </p0826-teimww:occursIn>
    <p0826-teimww:text knoraType="richtext_value">[Ghost (beneath):] &lt;span class="quote"&gt;Swear.&lt;/span&gt;</p0826-teimww:text>
  </p0826-teimww:passage>
  <p0826-teimww:passage id="ww_0a34ba12792687e2">
    <knoraXmlImport:label>passage label</knoraXmlImport:label>
    <p0826-teimww:occursIn>
      <p0826-teimww:book knoraType="link_value" linkType="ref" target="ww_1140c36ab545b6d8"/>
    </p0826-teimww:occursIn>
  </p0826-teimww:passage>
  <p0826-teimww:passage id="ww_12df71a3c7d79806">
    <knoraXmlImport:label>passage label</knoraXmlImport:label>
    <p0826-teimww:occursIn>
      <p0826-teimww:book knoraType="link_value" linkType="ref" target="ww_5cb4c35da9f3b9dd"/>
    </p0826-teimww:occursIn>
    <p0826-teimww:text knoraType="richtext_value">[Hamlet:] &lt;span class="quote"&gt;&lt;i&gt; Hic et ubique? &lt;/i&gt; &lt;/span&gt;Then we'll shift our ground.</p0826-teimww:text>
  </p0826-teimww:passage>
  <p0826-teimww:passage id="ww_661d6dd191afb9fb">
    <knoraXmlImport:label>passage label</knoraXmlImport:label>
    <p0826-teimww:occursIn>
      <p0826-teimww:book knoraType="link_value" linkType="ref" target="ww_1140c36ab545b6d8"/>
    </p0826-teimww:occursIn>
  </p0826-teimww:passage>
  <p0826-teimww:passage id="ww_14f58f33af9eca1a">
    <knoraXmlImport:label>passage label</knoraXmlImport:label>
    <p0826-teimww:occursIn>
      <p0826-teimww:book knoraType="link_value" linkType="ref" target="ww_91e0dc4c671938fa"/>
    </p0826-teimww:occursIn>
  </p0826-teimww:passage>
  <p0826-teimww:passage id="ww_1b364a5e2441b866">
    <knoraXmlImport:label>passage label</knoraXmlImport:label>
    <p0826-teimww:occursIn>
      <p0826-teimww:book knoraType="link_value" linkType="ref" target="ww_2f65899f08b5bb71"/>
    </p0826-teimww:occursIn>
  </p0826-teimww:passage>
  <p0826-teimww:passage id="ww_f026ede7f14751c7">
    <knoraXmlImport:label>passage label</knoraXmlImport:label>
    <p0826-teimww:occursIn>
      <p0826-teimww:book knoraType="link_value" linkType="ref" target="ww_5cb4c35da9f3b9dd"/>
    </p0826-teimww:occursIn>
    <p0826-teimww:text knoraType="richtext_value">[Horatio:] &lt;span class="quote"&gt;O day and night, but this is wondrous strange.&lt;/span&gt;</p0826-teimww:text>
  </p0826-teimww:passage>
  <p0826-teimww:passage id="ww_37a6ff7c3952460a">
    <knoraXmlImport:label>passage label</knoraXmlImport:label>
    <p0826-teimww:occursIn>
      <p0826-teimww:book knoraType="link_value" linkType="ref" target="ww_1140c36ab545b6d8"/>
    </p0826-teimww:occursIn>
  </p0826-teimww:passage>
  <p0826-teimww:passage id="ww_b5f6256eb7f17e09">
    <knoraXmlImport:label>passage label</knoraXmlImport:label>
    <p0826-teimww:occursIn>
      <p0826-teimww:book knoraType="link_value" linkType="ref" target="ww_1140c36ab545b6d8"/>
    </p0826-teimww:occursIn>
  </p0826-teimww:passage>
  <p0826-teimww:passage id="ww_b8c635ee2007c32a">
    <knoraXmlImport:label>passage label</knoraXmlImport:label>
    <p0826-teimww:occursIn>
      <p0826-teimww:book knoraType="link_value" linkType="ref" target="ww_5cb4c35da9f3b9dd"/>
    </p0826-teimww:occursIn>
    <p0826-teimww:text knoraType="richtext_value">[Hamlet:] [...] &lt;span class="quote"&gt;There are more things in heaven and earth, Horatio, &lt;br&gt;
Than are dreamt of in your philosophy.&lt;/span&gt;</p0826-teimww:text>
  </p0826-teimww:passage>
  <p0826-teimww:passage id="ww_69856b26fbd740f1">
    <knoraXmlImport:label>passage label</knoraXmlImport:label>
    <p0826-teimww:occursIn>
      <p0826-teimww:book knoraType="link_value" linkType="ref" target="ww_4899784ecc7f3845"/>
    </p0826-teimww:occursIn>
  </p0826-teimww:passage>
  <p0826-teimww:passage id="ww_f1549fc8217c7903">
    <knoraXmlImport:label>passage label</knoraXmlImport:label>
    <p0826-teimww:occursIn>
      <p0826-teimww:book knoraType="link_value" linkType="ref" target="ww_5cb4c35da9f3b9dd"/>
    </p0826-teimww:occursIn>
    <p0826-teimww:text knoraType="richtext_value">[Hamlet:] [...] &lt;span class="quote"&gt;Tis not alone my inky cloak, good mother, &lt;br&gt;
Nor customary suits of solemn black &lt;span class="quote"&gt;[...].</p0826-teimww:text>
  </p0826-teimww:passage>
  <p0826-teimww:passage id="ww_10ea654db4837c9a">
    <knoraXmlImport:label>passage label</knoraXmlImport:label>
    <p0826-teimww:occursIn>
      <p0826-teimww:book knoraType="link_value" linkType="ref" target="ww_c4dd28c52431d7a3"/>
    </p0826-teimww:occursIn>
  </p0826-teimww:passage>
  <p0826-teimww:passage id="ww_e4b8eda5e6ddcb53">
    <knoraXmlImport:label>passage label</knoraXmlImport:label>
    <p0826-teimww:occursIn>
      <p0826-teimww:book knoraType="link_value" linkType="ref" target="ww_5cb4c35da9f3b9dd"/>
    </p0826-teimww:occursIn>
    <p0826-teimww:text knoraType="richtext_value">[Hamlet:] [...] Or that the &lt;span class="quote"&gt;Everlasting&lt;/span&gt; had not fixed &lt;br&gt;
His&lt;span class="quote"&gt; canon 'gainst self-slaughter!&lt;/span&gt;</p0826-teimww:text>
  </p0826-teimww:passage>
  <p0826-teimww:passage id="ww_d58b3afeae73db96">
    <knoraXmlImport:label>passage label</knoraXmlImport:label>
    <p0826-teimww:occursIn>
      <p0826-teimww:book knoraType="link_value" linkType="ref" target="ww_b3931845d54b98d5"/>
    </p0826-teimww:occursIn>
  </p0826-teimww:passage>
  <p0826-teimww:passage id="ww_4773d2908ebbc145">
    <knoraXmlImport:label>passage label</knoraXmlImport:label>
    <p0826-teimww:occursIn>
      <p0826-teimww:book knoraType="link_value" linkType="ref" target="ww_3f86f30540de15b8"/>
    </p0826-teimww:occursIn>
  </p0826-teimww:passage>
  <p0826-teimww:passage id="ww_1d7c2a8caf82726d">
    <knoraXmlImport:label>passage label</knoraXmlImport:label>
    <p0826-teimww:occursIn>
      <p0826-teimww:book knoraType="link_value" linkType="ref" target="ww_5cb4c35da9f3b9dd"/>
    </p0826-teimww:occursIn>
    <p0826-teimww:text knoraType="richtext_value">[Horatio:] [...] &lt;span class="quote"&gt;In the dead waste and middle of the night &lt;/span&gt;[...].</p0826-teimww:text>
  </p0826-teimww:passage>
  <p0826-teimww:passage id="ww_6526f47deeaea530">
    <knoraXmlImport:label>passage label</knoraXmlImport:label>
    <p0826-teimww:occursIn>
      <p0826-teimww:book knoraType="link_value" linkType="ref" target="ww_c4dd28c52431d7a3"/>
    </p0826-teimww:occursIn>
  </p0826-teimww:passage>
  <p0826-teimww:passage id="ww_8d01dc7bb748ce22">
    <knoraXmlImport:label>passage label</knoraXmlImport:label>
    <p0826-teimww:occursIn>
      <p0826-teimww:book knoraType="link_value" linkType="ref" target="ww_5cb4c35da9f3b9dd"/>
    </p0826-teimww:occursIn>
    <p0826-teimww:text knoraType="richtext_value">[Hamlet:] &lt;span class="quote"&gt;Aeneas' tale to Dido&lt;/span&gt;</p0826-teimww:text>
  </p0826-teimww:passage>
  <p0826-teimww:passage id="ww_304ba22b0fc45cb2">
    <knoraXmlImport:label>passage label</knoraXmlImport:label>
    <p0826-teimww:occursIn>
      <p0826-teimww:book knoraType="link_value" linkType="ref" target="ww_fcbf6cb53d663d95"/>
    </p0826-teimww:occursIn>
  </p0826-teimww:passage>
  <p0826-teimww:passage id="ww_b598fb169e440610">
    <knoraXmlImport:label>passage label</knoraXmlImport:label>
    <p0826-teimww:occursIn>
      <p0826-teimww:book knoraType="link_value" linkType="ref" target="ww_5cb4c35da9f3b9dd"/>
    </p0826-teimww:occursIn>
    <p0826-teimww:text knoraType="richtext_value">[Laertes:] [...] And,&lt;span class="quote"&gt; like the kind life-rend'ring pelican, &lt;br&gt;
Repast them with my blood.&lt;/span&lt;</p0826-teimww:text>
  </p0826-teimww:passage>
  <p0826-teimww:passage id="ww_df1517d4d7d5b0c0">
    <knoraXmlImport:label>passage label</knoraXmlImport:label>
    <p0826-teimww:occursIn>
      <p0826-teimww:book knoraType="link_value" linkType="ref" target="ww_436db7d05fb0f0f6"/>
    </p0826-teimww:occursIn>
    <p0826-teimww:text knoraType="richtext_value">[Antonio:] Now croaks the toad, &amp; night-crows screech aloud, &lt;br&gt;
Fluttering 'bout casements of departed souls. &lt;br&gt;
&lt;span class="quote"&gt;Now gapes the graves, and through their yawns let loose &lt;br&gt;
Imprison'd spirits to revisit earth &lt;/span&gt;[...].</p0826-teimww:text>
  </p0826-teimww:passage>
  <p0826-teimww:passage id="ww_b6c900151c237d6a">
    <knoraXmlImport:label>passage label</knoraXmlImport:label>
    <p0826-teimww:occursIn>
      <p0826-teimww:book knoraType="link_value" linkType="ref" target="ww_5af91280461707f1"/>
    </p0826-teimww:occursIn>
  </p0826-teimww:passage>
  <p0826-teimww:passage id="ww_f31f3e273133a40d">
    <knoraXmlImport:label>passage label</knoraXmlImport:label>
    <p0826-teimww:occursIn>
      <p0826-teimww:book knoraType="link_value" linkType="ref" target="ww_5cb4c35da9f3b9dd"/>
    </p0826-teimww:occursIn>
    <p0826-teimww:text knoraType="richtext_value">[Hamlet:] &lt;span class="quote"&gt;I must be cruel only to be kind.&lt;/span&gt;</p0826-teimww:text>
  </p0826-teimww:passage>
  <p0826-teimww:passage id="ww_15d0ff015532503e">
    <knoraXmlImport:label>passage label</knoraXmlImport:label>
    <p0826-teimww:occursIn>
      <p0826-teimww:book knoraType="link_value" linkType="ref" target="ww_55bc1a3b04bf8a8d"/>
    </p0826-teimww:occursIn>
  </p0826-teimww:passage>
  <p0826-teimww:passage id="ww_ea8d82e2890cd2e3">
    <knoraXmlImport:label>passage label</knoraXmlImport:label>
    <p0826-teimww:occursIn>
      <p0826-teimww:book knoraType="link_value" linkType="ref" target="ww_5cb4c35da9f3b9dd"/>
    </p0826-teimww:occursIn>
    <p0826-teimww:text knoraType="richtext_value">[Hamlet:] &lt;span class="quote"&gt;Why, then, 'tis none to you, for there is nothing either good or bad but thinking makes it so. To me, it is a prison.&lt;/span&gt;</p0826-teimww:text>
  </p0826-teimww:passage>
  <p0826-teimww:passage id="ww_5ac923a4fa6cd4bd">
    <knoraXmlImport:label>passage label</knoraXmlImport:label>
    <p0826-teimww:occursIn>
      <p0826-teimww:book knoraType="link_value" linkType="ref" target="ww_160b060adc5c12bf"/>
    </p0826-teimww:occursIn>
  </p0826-teimww:passage>
  <p0826-teimww:passage id="ww_0112ba0d05f49972">
    <knoraXmlImport:label>passage label</knoraXmlImport:label>
    <p0826-teimww:occursIn>
      <p0826-teimww:book knoraType="link_value" linkType="ref" target="ww_5cb4c35da9f3b9dd"/>
    </p0826-teimww:occursIn>
    <p0826-teimww:text knoraType="richtext_value">[Ophelia:] [...] &lt;span class="quote"&gt;Come, my coach! Good night ladies, good night sweet ladies &lt;/span&gt;[...].</p0826-teimww:text>
  </p0826-teimww:passage>
  <p0826-teimww:passage id="ww_e9c32e4e74a23b69">
    <knoraXmlImport:label>passage label</knoraXmlImport:label>
    <p0826-teimww:occursIn>
      <p0826-teimww:book knoraType="link_value" linkType="ref" target="ww_b3931845d54b98d5"/>
    </p0826-teimww:occursIn>
  </p0826-teimww:passage>
  <p0826-teimww:passage id="ww_bef3ef1f97489e87">
    <knoraXmlImport:label>passage label</knoraXmlImport:label>
    <p0826-teimww:occursIn>
      <p0826-teimww:book knoraType="link_value" linkType="ref" target="ww_3f86f30540de15b8"/>
    </p0826-teimww:occursIn>
  </p0826-teimww:passage>
  <p0826-teimww:passage id="ww_56141519a22c5b19">
    <knoraXmlImport:label>passage label</knoraXmlImport:label>
    <p0826-teimww:occursIn>
      <p0826-teimww:book knoraType="link_value" linkType="ref" target="ww_1140c36ab545b6d8"/>
    </p0826-teimww:occursIn>
  </p0826-teimww:passage>
  <p0826-teimww:passage id="ww_9a4f523a0ddf3bae">
    <knoraXmlImport:label>passage label</knoraXmlImport:label>
    <p0826-teimww:occursIn>
      <p0826-teimww:book knoraType="link_value" linkType="ref" target="ww_5cb4c35da9f3b9dd"/>
    </p0826-teimww:occursIn>
    <p0826-teimww:text knoraType="richtext_value">[Claudius:] [...] &lt;span class="quote"&gt;And wants not buzzers to infect his ear &lt;/span&gt;[...].</p0826-teimww:text>
  </p0826-teimww:passage>
  <p0826-teimww:passage id="ww_fd501d7cbef93da0">
    <knoraXmlImport:label>passage label</knoraXmlImport:label>
    <p0826-teimww:occursIn>
      <p0826-teimww:book knoraType="link_value" linkType="ref" target="ww_b3931845d54b98d5"/>
    </p0826-teimww:occursIn>
  </p0826-teimww:passage>
  <p0826-teimww:passage id="ww_9f16ba0492995764">
    <knoraXmlImport:label>passage label</knoraXmlImport:label>
    <p0826-teimww:occursIn>
      <p0826-teimww:book knoraType="link_value" linkType="ref" target="ww_5cb4c35da9f3b9dd"/>
    </p0826-teimww:occursIn>
    <p0826-teimww:text knoraType="richtext_value">[Laertes:] [...] &lt;span class="quote"&gt;both the worlds I give to negligence&lt;/span&gt; [...].</p0826-teimww:text>
  </p0826-teimww:passage>
  <p0826-teimww:passage id="ww_e3d347b9ef7eb855">
    <knoraXmlImport:label>passage label</knoraXmlImport:label>
    <p0826-teimww:occursIn>
      <p0826-teimww:book knoraType="link_value" linkType="ref" target="ww_b3931845d54b98d5"/>
    </p0826-teimww:occursIn>
  </p0826-teimww:passage>
  <p0826-teimww:passage id="ww_546e4cb55c3555bb">
    <knoraXmlImport:label>passage label</knoraXmlImport:label>
    <p0826-teimww:occursIn>
      <p0826-teimww:book knoraType="link_value" linkType="ref" target="ww_5cb4c35da9f3b9dd"/>
    </p0826-teimww:occursIn>
    <p0826-teimww:text knoraType="richtext_value">[Hamlet:] &lt;span class="quote"&gt;Now might I do it pat, now he is a-praying, &lt;br&gt;
And now I'll do 't. (He draws his sword)&lt;br&gt;
And so he goes to heaven, &lt;br&gt;
And so am I revenged.&lt;/span&gt;</p0826-teimww:text>
  </p0826-teimww:passage>
  <p0826-teimww:passage id="ww_0e9bcf3973eb5a9b">
    <knoraXmlImport:label>passage label</knoraXmlImport:label>
    <p0826-teimww:occursIn>
      <p0826-teimww:book knoraType="link_value" linkType="ref" target="ww_5eeeb3e78e8b0bc3"/>
    </p0826-teimww:occursIn>
  </p0826-teimww:passage>
  <p0826-teimww:passage id="ww_2509aec54bf316f7">
    <knoraXmlImport:label>passage label</knoraXmlImport:label>
    <p0826-teimww:occursIn>
      <p0826-teimww:book knoraType="link_value" linkType="ref" target="ww_5cb4c35da9f3b9dd"/>
    </p0826-teimww:occursIn>
    <p0826-teimww:text knoraType="richtext_value">[Hamlet:] &lt;span class="quote"&gt;Angels and ministers of grace defend us!&lt;/span&gt;
&lt;br&gt;
&lt;br&gt;
[Hamlet]: [...] &lt;span class="quote"&gt;Save me, and hover o'er me with your wings, &lt;br&gt;
You heavenly guard! &lt;/span&gt;What would your gracious figure?</p0826-teimww:text>
  </p0826-teimww:passage>
  <p0826-teimww:passage id="ww_5f78c9a0980b47f4">
    <knoraXmlImport:label>passage label</knoraXmlImport:label>
    <p0826-teimww:occursIn>
      <p0826-teimww:book knoraType="link_value" linkType="ref" target="ww_d0062b214b9d3402"/>
    </p0826-teimww:occursIn>
  </p0826-teimww:passage>
  <p0826-teimww:passage id="ww_a6c86f8218f0c2ee">
    <knoraXmlImport:label>passage label</knoraXmlImport:label>
    <p0826-teimww:occursIn>
      <p0826-teimww:book knoraType="link_value" linkType="ref" target="ww_e38a56a7efbf9723"/>
    </p0826-teimww:occursIn>
  </p0826-teimww:passage>
  <p0826-teimww:passage id="ww_2bb1cc3be22992bc">
    <knoraXmlImport:label>passage label</knoraXmlImport:label>
    <p0826-teimww:occursIn>
      <p0826-teimww:book knoraType="link_value" linkType="ref" target="ww_b3931845d54b98d5"/>
    </p0826-teimww:occursIn>
  </p0826-teimww:passage>
  <p0826-teimww:passage id="ww_dd0f961298b23672">
    <knoraXmlImport:label>passage label</knoraXmlImport:label>
    <p0826-teimww:occursIn>
      <p0826-teimww:book knoraType="link_value" linkType="ref" target="ww_91e0dc4c671938fa"/>
    </p0826-teimww:occursIn>
  </p0826-teimww:passage>
  <p0826-teimww:passage id="ww_3bfcfb13cd1b2dba">
    <knoraXmlImport:label>passage label</knoraXmlImport:label>
    <p0826-teimww:occursIn>
      <p0826-teimww:book knoraType="link_value" linkType="ref" target="ww_5cb4c35da9f3b9dd"/>
    </p0826-teimww:occursIn>
    <p0826-teimww:text knoraType="richtext_value">[Hamlet:] [...] &lt;span class="quote"&gt;'Sblood, do you think I am easier to be played on than a pipe? Call me what instrument you will, though you can fret me, yet you cannot play upon me.&lt;/span&gt;</p0826-teimww:text>
  </p0826-teimww:passage>
  <p0826-teimww:passage id="ww_2a53d3b94cc8c386">
    <knoraXmlImport:label>passage label</knoraXmlImport:label>
    <p0826-teimww:occursIn>
      <p0826-teimww:book knoraType="link_value" linkType="ref" target="ww_d0062b214b9d3402"/>
    </p0826-teimww:occursIn>
  </p0826-teimww:passage>
  <p0826-teimww:passage id="ww_05b5af00832a0525">
    <knoraXmlImport:label>passage label</knoraXmlImport:label>
    <p0826-teimww:occursIn>
      <p0826-teimww:book knoraType="link_value" linkType="ref" target="ww_5cb4c35da9f3b9dd"/>
    </p0826-teimww:occursIn>
    <p0826-teimww:text knoraType="richtext_value">[Hamlet:] &lt;span class="quote"&gt;The rugged Pyrrhus, like th' Hyrcanian beast &lt;/span&gt;[...].</p0826-teimww:text>
  </p0826-teimww:passage>
  <p0826-teimww:passage id="ww_fe7a63ec31d2177f">
    <knoraXmlImport:label>passage label</knoraXmlImport:label>
    <p0826-teimww:occursIn>
      <p0826-teimww:book knoraType="link_value" linkType="ref" target="ww_b3931845d54b98d5"/>
    </p0826-teimww:occursIn>
  </p0826-teimww:passage>
  <p0826-teimww:passage id="ww_a7f99b92947d8b4c">
    <knoraXmlImport:label>passage label</knoraXmlImport:label>
    <p0826-teimww:occursIn>
      <p0826-teimww:book knoraType="link_value" linkType="ref" target="ww_db0e9fa009aad7b3"/>
    </p0826-teimww:occursIn>
  </p0826-teimww:passage>
  <p0826-teimww:passage id="ww_f332826386e62bc8">
    <knoraXmlImport:label>passage label</knoraXmlImport:label>
    <p0826-teimww:occursIn>
      <p0826-teimww:book knoraType="link_value" linkType="ref" target="ww_5c3ae833a8aaf03d"/>
    </p0826-teimww:occursIn>
    <p0826-teimww:text knoraType="richtext_value">[Jaques:] &lt;span class="quote"&gt;And one man in his time plays many parts, &lt;br&gt;
his acts being seven ages&lt;/span&gt;.At first the infant, &lt;br&gt;
Mewling and puking in the nurse’s arms.&lt;br&gt;
Then the whining schoolboy with his satchel&lt;br&gt;
And shining morning face, creeping like snail&lt;br&gt;
Unwillingly to school. And then the lover,&lt;br&gt;
Sighing like furnace, with a woeful ballad&lt;br&gt;
Made to his mistress’ eyebrow. Then a soldier,&lt;br&gt;
Full of strange oaths and bearded like the pard,&lt;br&gt;
Jealous in honor, sudden and quick in quarrel,&lt;br&gt;
Seeking the bubble reputation&lt;br&gt;
Even in the cannon’s mouth. And then the justice,&lt;br&gt;
In fair round belly with good capon lined,&lt;br&gt;
With eyes severe and beard of formal cut,&lt;br&gt;
Full of wise saws and modern instances;&lt;br&gt;
And so he plays his part. The sixth age shifts&lt;br&gt;
Into the lean and slippered pantaloon&lt;br&gt;
With spectacles on nose and pouch on side,&lt;br&gt;
His youthful hose, well saved, a world too wide&lt;br&gt;
For his shrunk shank, and his big manly voice,&lt;br&gt;
Turning again toward childish treble, pipes&lt;br&gt;
And whistles in his sound. Last scene of all,&lt;br&gt;
That ends this strange eventful history,&lt;br&gt;
Is second childishness and mere oblivion,&lt;br&gt;
Sans teeth, sans eyes, sans taste, sans everything.</p0826-teimww:text>
  </p0826-teimww:passage>
  <p0826-teimww:passage id="ww_d9afad628231e06c">
    <knoraXmlImport:label>passage label</knoraXmlImport:label>
    <p0826-teimww:occursIn>
      <p0826-teimww:book knoraType="link_value" linkType="ref" target="ww_dad475a43f1ff2eb"/>
    </p0826-teimww:occursIn>
  </p0826-teimww:passage>
  <p0826-teimww:passage id="ww_d437d6eae0d8f4e0">
    <knoraXmlImport:label>passage label</knoraXmlImport:label>
    <p0826-teimww:occursIn>
      <p0826-teimww:book knoraType="link_value" linkType="ref" target="ww_5daf3834744322ae"/>
    </p0826-teimww:occursIn>
    <p0826-teimww:text knoraType="richtext_value">[Epilogue:] &lt;span class="quote"&gt;I'll only speak, what I have heard him say; &lt;br&gt;
By (-) 'tis good, and if you lik't, you may. &lt;/span&gt;</p0826-teimww:text>
  </p0826-teimww:passage>
  <p0826-teimww:passage id="ww_f6e6d7afd06a1ace">
    <knoraXmlImport:label>passage label</knoraXmlImport:label>
    <p0826-teimww:occursIn>
      <p0826-teimww:book knoraType="link_value" linkType="ref" target="ww_fc0ed4bc4ee837dd"/>
    </p0826-teimww:occursIn>
  </p0826-teimww:passage>
  <p0826-teimww:passage id="ww_ab12417a999e2be9">
    <knoraXmlImport:label>passage label</knoraXmlImport:label>
    <p0826-teimww:occursIn>
      <p0826-teimww:book knoraType="link_value" linkType="ref" target="ww_5cb4c35da9f3b9dd"/>
    </p0826-teimww:occursIn>
    <p0826-teimww:text knoraType="richtext_value">[Hamlet:] &lt;span class="quote"&gt;O all you host of heaven!&lt;/span&gt;</p0826-teimww:text>
  </p0826-teimww:passage>
  <p0826-teimww:passage id="ww_c15f73c16cca8796">
    <knoraXmlImport:label>passage label</knoraXmlImport:label>
    <p0826-teimww:occursIn>
      <p0826-teimww:book knoraType="link_value" linkType="ref" target="ww_5eeeb3e78e8b0bc3"/>
    </p0826-teimww:occursIn>
  </p0826-teimww:passage>
  <p0826-teimww:passage id="ww_ab12b4fd65ee5f63">
    <knoraXmlImport:label>passage label</knoraXmlImport:label>
    <p0826-teimww:occursIn>
      <p0826-teimww:book knoraType="link_value" linkType="ref" target="ww_436db7d05fb0f0f6"/>
    </p0826-teimww:occursIn>
    <p0826-teimww:text knoraType="richtext_value">[Pandulpho:] [...] thou and I&lt;br&gt;
Will &lt;span class="quote"&gt;talk as &lt;i&gt;Chorus &lt;/i&gt;to this tragedy.&lt;/span&gt;</p0826-teimww:text>
  </p0826-teimww:passage>
  <p0826-teimww:passage id="ww_3673ba3d15a5aa2d">
    <knoraXmlImport:label>passage label</knoraXmlImport:label>
    <p0826-teimww:occursIn>
      <p0826-teimww:book knoraType="link_value" linkType="ref" target="ww_fc0ed4bc4ee837dd"/>
    </p0826-teimww:occursIn>
  </p0826-teimww:passage>
  <p0826-teimww:passage id="ww_44344bf346cc20c0">
    <knoraXmlImport:label>passage label</knoraXmlImport:label>
    <p0826-teimww:occursIn>
      <p0826-teimww:book knoraType="link_value" linkType="ref" target="ww_5cb4c35da9f3b9dd"/>
    </p0826-teimww:occursIn>
    <p0826-teimww:text knoraType="richtext_value">[Horatio:] [...]&lt;span class="quote"&gt; It harrows me with fear and wonder.&lt;/span&gt;</p0826-teimww:text>
  </p0826-teimww:passage>
  <p0826-teimww:passage id="ww_b19ff7f53e59ace7">
    <knoraXmlImport:label>passage label</knoraXmlImport:label>
    <p0826-teimww:occursIn>
      <p0826-teimww:book knoraType="link_value" linkType="ref" target="ww_4899784ecc7f3845"/>
    </p0826-teimww:occursIn>
  </p0826-teimww:passage>
  <p0826-teimww:passage id="ww_5d47da6bb6845d04">
    <knoraXmlImport:label>passage label</knoraXmlImport:label>
    <p0826-teimww:occursIn>
      <p0826-teimww:book knoraType="link_value" linkType="ref" target="ww_5cb4c35da9f3b9dd"/>
    </p0826-teimww:occursIn>
    <p0826-teimww:text knoraType="richtext_value">&lt;span class="quote"&gt;And, like a man to double business bound, 	&lt;br&gt;
I stand in pause where I shall first begin, 	&lt;br&gt;
And both neglect.&lt;/span&gt;</p0826-teimww:text>
  </p0826-teimww:passage>
  <p0826-teimww:passage id="ww_c6ef13c612babec9">
    <knoraXmlImport:label>passage label</knoraXmlImport:label>
    <p0826-teimww:occursIn>
      <p0826-teimww:book knoraType="link_value" linkType="ref" target="ww_cd1e70f8e2cd8c82"/>
    </p0826-teimww:occursIn>
  </p0826-teimww:passage>
  <p0826-teimww:passage id="ww_d05119415c87b713">
    <knoraXmlImport:label>passage label</knoraXmlImport:label>
    <p0826-teimww:occursIn>
      <p0826-teimww:book knoraType="link_value" linkType="ref" target="ww_5cb4c35da9f3b9dd"/>
    </p0826-teimww:occursIn>
    <p0826-teimww:text knoraType="richtext_value">[Horatio:] [...] &lt;span class="quote"&gt;Together with that fair and warlike form &lt;/span&gt;[...].</p0826-teimww:text>
  </p0826-teimww:passage>
  <p0826-teimww:passage id="ww_b11f538608f09cb1">
    <knoraXmlImport:label>passage label</knoraXmlImport:label>
    <p0826-teimww:occursIn>
      <p0826-teimww:book knoraType="link_value" linkType="ref" target="ww_5868d5560bdfc062"/>
    </p0826-teimww:occursIn>
  </p0826-teimww:passage>
  <p0826-teimww:passage id="ww_356cfe2d067af5fd">
    <knoraXmlImport:label>passage label</knoraXmlImport:label>
    <p0826-teimww:occursIn>
      <p0826-teimww:book knoraType="link_value" linkType="ref" target="ww_5c3ae833a8aaf03d"/>
    </p0826-teimww:occursIn>
    <p0826-teimww:text knoraType="richtext_value">[Rosalind:] […] Wilt thou love such a woman? What, &lt;span class="quote"&gt;to make thee an instrument and play false strains upon thee?&lt;/span&gt;</p0826-teimww:text>
  </p0826-teimww:passage>
  <p0826-teimww:passage id="ww_e06662e685d2f537">
    <knoraXmlImport:label>passage label</knoraXmlImport:label>
    <p0826-teimww:occursIn>
      <p0826-teimww:book knoraType="link_value" linkType="ref" target="ww_d0062b214b9d3402"/>
    </p0826-teimww:occursIn>
  </p0826-teimww:passage>
  <p0826-teimww:passage id="ww_cb3eee1f964a5ba4">
    <knoraXmlImport:label>passage label</knoraXmlImport:label>
    <p0826-teimww:occursIn>
      <p0826-teimww:book knoraType="link_value" linkType="ref" target="ww_5cb4c35da9f3b9dd"/>
    </p0826-teimww:occursIn>
    <p0826-teimww:text knoraType="richtext_value">[Horatio:] [...] &lt;span class="quote"&gt;Such was the very armor he had on &lt;br&gt;
When he the ambitious Norway combated.&lt;/span&gt;</p0826-teimww:text>
  </p0826-teimww:passage>
  <p0826-teimww:passage id="ww_1b803817b1c09462">
    <knoraXmlImport:label>passage label</knoraXmlImport:label>
    <p0826-teimww:occursIn>
      <p0826-teimww:book knoraType="link_value" linkType="ref" target="ww_5868d5560bdfc062"/>
    </p0826-teimww:occursIn>
  </p0826-teimww:passage>
  <p0826-teimww:passage id="ww_106b72dfebe8f368">
    <knoraXmlImport:label>passage label</knoraXmlImport:label>
    <p0826-teimww:occursIn>
      <p0826-teimww:book knoraType="link_value" linkType="ref" target="ww_5cb4c35da9f3b9dd"/>
    </p0826-teimww:occursIn>
    <p0826-teimww:text knoraType="richtext_value">[Horatio:] [...] &lt;span class="quote"&gt;Which he stood seized of, to the conqueror.&lt;/span&gt;</p0826-teimww:text>
  </p0826-teimww:passage>
  <p0826-teimww:passage id="ww_ed49ce6495b0d723">
    <knoraXmlImport:label>passage label</knoraXmlImport:label>
    <p0826-teimww:occursIn>
      <p0826-teimww:book knoraType="link_value" linkType="ref" target="ww_f6685305b5e15919"/>
    </p0826-teimww:occursIn>
  </p0826-teimww:passage>
  <p0826-teimww:passage id="ww_28b9029f526155e8">
    <knoraXmlImport:label>passage label</knoraXmlImport:label>
    <p0826-teimww:occursIn>
      <p0826-teimww:book knoraType="link_value" linkType="ref" target="ww_599e3b499932059f"/>
    </p0826-teimww:occursIn>
  </p0826-teimww:passage>
  <p0826-teimww:passage id="ww_91f41aefae7eef7f">
    <knoraXmlImport:label>passage label</knoraXmlImport:label>
    <p0826-teimww:occursIn>
      <p0826-teimww:book knoraType="link_value" linkType="ref" target="ww_5cb4c35da9f3b9dd"/>
    </p0826-teimww:occursIn>
    <p0826-teimww:text knoraType="richtext_value">[Horatio:] A mote it is to trouble &lt;span class="quote"&gt;the mind's eye.&lt;/span&gt;&lt;br&gt;
&lt;br&gt;
&lt;br&gt;
[Hamlet:] &lt;span class="quote"&gt;In my mind's eye, &lt;/span&gt;Horatio.</p0826-teimww:text>
  </p0826-teimww:passage>
  <p0826-teimww:passage id="ww_c752cd3c08e6afbb">
    <knoraXmlImport:label>passage label</knoraXmlImport:label>
    <p0826-teimww:occursIn>
      <p0826-teimww:book knoraType="link_value" linkType="ref" target="ww_b3931845d54b98d5"/>
    </p0826-teimww:occursIn>
  </p0826-teimww:passage>
  <p0826-teimww:passage id="ww_2c2c8492eab8501d">
    <knoraXmlImport:label>passage label</knoraXmlImport:label>
    <p0826-teimww:occursIn>
      <p0826-teimww:book knoraType="link_value" linkType="ref" target="ww_5cb4c35da9f3b9dd"/>
    </p0826-teimww:occursIn>
    <p0826-teimww:text knoraType="richtext_value">[Horatio:] [...] &lt;span class="quote"&gt;And even the like precurse of feared events &lt;/span&gt;[...].</p0826-teimww:text>
  </p0826-teimww:passage>
  <p0826-teimww:passage id="ww_2d6d5cbfaa4ea6f1">
    <knoraXmlImport:label>passage label</knoraXmlImport:label>
    <p0826-teimww:occursIn>
      <p0826-teimww:book knoraType="link_value" linkType="ref" target="ww_f0b8d4220bfdd308"/>
    </p0826-teimww:occursIn>
  </p0826-teimww:passage>
  <p0826-teimww:passage id="ww_ef90dab798a53f2e">
    <knoraXmlImport:label>passage label</knoraXmlImport:label>
    <p0826-teimww:occursIn>
      <p0826-teimww:book knoraType="link_value" linkType="ref" target="ww_5cb4c35da9f3b9dd"/>
    </p0826-teimww:occursIn>
    <p0826-teimww:text knoraType="richtext_value">[Marcellus:] [...] Some say that ever 'gainst that season comes &lt;br&gt;
Wherein our Savior’s birth is celebrated, &lt;br&gt;
This&lt;span class="quote"&gt; bird of dawning singeth&lt;/span&gt; all night long; &lt;br&gt;
And then, they say, no spirit dare stir abroad, &lt;br&gt;
The nights are wholesome; then no &lt;span class="quote"&gt;planets strike&lt;/span&gt;, &lt;br&gt;
No fairy tales, nor witch hath power to charm, &lt;br&gt;
&lt;span class="quote"&gt;So hallowed and so gracious is that time.&lt;/span&gt;</p0826-teimww:text>
  </p0826-teimww:passage>
  <p0826-teimww:passage id="ww_075276bbe9c2cf46">
    <knoraXmlImport:label>passage label</knoraXmlImport:label>
    <p0826-teimww:occursIn>
      <p0826-teimww:book knoraType="link_value" linkType="ref" target="ww_1140c36ab545b6d8"/>
    </p0826-teimww:occursIn>
  </p0826-teimww:passage>
  <p0826-teimww:passage id="ww_12c449cea62f0468">
    <knoraXmlImport:label>passage label</knoraXmlImport:label>
    <p0826-teimww:occursIn>
      <p0826-teimww:book knoraType="link_value" linkType="ref" target="ww_0b652d0c80d7227e"/>
    </p0826-teimww:occursIn>
  </p0826-teimww:passage>
  <p0826-teimww:passage id="ww_e24cd64dc2ab8b73">
    <knoraXmlImport:label>passage label</knoraXmlImport:label>
    <p0826-teimww:occursIn>
      <p0826-teimww:book knoraType="link_value" linkType="ref" target="ww_49d40eeadeef05fb"/>
    </p0826-teimww:occursIn>
  </p0826-teimww:passage>
  <p0826-teimww:passage id="ww_b9ecb3dcb4928fb9">
    <knoraXmlImport:label>passage label</knoraXmlImport:label>
    <p0826-teimww:occursIn>
      <p0826-teimww:book knoraType="link_value" linkType="ref" target="ww_4899784ecc7f3845"/>
    </p0826-teimww:occursIn>
  </p0826-teimww:passage>
  <p0826-teimww:passage id="ww_07ddd527184a26cf">
    <knoraXmlImport:label>passage label</knoraXmlImport:label>
    <p0826-teimww:occursIn>
      <p0826-teimww:book knoraType="link_value" linkType="ref" target="ww_b3931845d54b98d5"/>
    </p0826-teimww:occursIn>
  </p0826-teimww:passage>
  <p0826-teimww:passage id="ww_9e83c012c89c0abe">
    <knoraXmlImport:label>passage label</knoraXmlImport:label>
    <p0826-teimww:occursIn>
      <p0826-teimww:book knoraType="link_value" linkType="ref" target="ww_5cb4c35da9f3b9dd"/>
    </p0826-teimww:occursIn>
    <p0826-teimww:text knoraType="richtext_value">[King:] [...] W&lt;span class="quote"&gt;ith mirth in funeral and with dirge in marriage&lt;/span&gt; [...].</p0826-teimww:text>
  </p0826-teimww:passage>
  <p0826-teimww:passage id="ww_646f21acc33b970a">
    <knoraXmlImport:label>passage label</knoraXmlImport:label>
    <p0826-teimww:occursIn>
      <p0826-teimww:book knoraType="link_value" linkType="ref" target="ww_5868d5560bdfc062"/>
    </p0826-teimww:occursIn>
  </p0826-teimww:passage>
  <p0826-teimww:passage id="ww_7f04d5d4d096a554">
    <knoraXmlImport:label>passage label</knoraXmlImport:label>
    <p0826-teimww:occursIn>
      <p0826-teimww:book knoraType="link_value" linkType="ref" target="ww_5cb4c35da9f3b9dd"/>
    </p0826-teimww:occursIn>
    <p0826-teimww:text knoraType="richtext_value">[Queen:] [...] Do not forever with thy vailèd lids &lt;br&gt;
Seek for thy noble father in the dust. &lt;br&gt;
&lt;span class="quote"&gt;Thou knows't 'tis common; all that lives must die, &lt;br&gt;
Passing through nature to eternity.&lt;/span&gt;</p0826-teimww:text>
  </p0826-teimww:passage>
  <p0826-teimww:passage id="ww_ecc82fb358dd2bd8">
    <knoraXmlImport:label>passage label</knoraXmlImport:label>
    <p0826-teimww:occursIn>
      <p0826-teimww:book knoraType="link_value" linkType="ref" target="ww_5eeeb3e78e8b0bc3"/>
    </p0826-teimww:occursIn>
  </p0826-teimww:passage>
  <p0826-teimww:passage id="ww_aa4f64d5705a875d">
    <knoraXmlImport:label>passage label</knoraXmlImport:label>
    <p0826-teimww:occursIn>
      <p0826-teimww:book knoraType="link_value" linkType="ref" target="ww_5cb4c35da9f3b9dd"/>
    </p0826-teimww:occursIn>
    <p0826-teimww:text knoraType="richtext_value">[King:] [...] &lt;span class="quote"&gt;That father lost, lost his, and the survivor bound &lt;/span&gt;[...].</p0826-teimww:text>
  </p0826-teimww:passage>
  <p0826-teimww:passage id="ww_33895361b8e441d2">
    <knoraXmlImport:label>passage label</knoraXmlImport:label>
    <p0826-teimww:occursIn>
      <p0826-teimww:book knoraType="link_value" linkType="ref" target="ww_91e0dc4c671938fa"/>
    </p0826-teimww:occursIn>
  </p0826-teimww:passage>
  <p0826-teimww:passage id="ww_db3a5eedad33a504">
    <knoraXmlImport:label>passage label</knoraXmlImport:label>
    <p0826-teimww:occursIn>
      <p0826-teimww:book knoraType="link_value" linkType="ref" target="ww_5cb4c35da9f3b9dd"/>
    </p0826-teimww:occursIn>
    <p0826-teimww:text knoraType="richtext_value">[King:]&lt;span class="quote"&gt; Break not your sleeps&lt;/span&gt; for that.</p0826-teimww:text>
  </p0826-teimww:passage>
  <p0826-teimww:passage id="ww_b91c16a565765db5">
    <knoraXmlImport:label>passage label</knoraXmlImport:label>
    <p0826-teimww:occursIn>
      <p0826-teimww:book knoraType="link_value" linkType="ref" target="ww_d1faedb423154f39"/>
    </p0826-teimww:occursIn>
  </p0826-teimww:passage>
  <p0826-teimww:passage id="ww_af8962e2a3c39d3d">
    <knoraXmlImport:label>passage label</knoraXmlImport:label>
    <p0826-teimww:occursIn>
      <p0826-teimww:book knoraType="link_value" linkType="ref" target="ww_5cb4c35da9f3b9dd"/>
    </p0826-teimww:occursIn>
    <p0826-teimww:text knoraType="richtext_value">[King:] [...] &lt;span class="quote"&gt;But the great cannon to the clouds shall tell &lt;/span&gt;[...].</p0826-teimww:text>
  </p0826-teimww:passage>
  <p0826-teimww:passage id="ww_4628d642bfecb031">
    <knoraXmlImport:label>passage label</knoraXmlImport:label>
    <p0826-teimww:occursIn>
      <p0826-teimww:book knoraType="link_value" linkType="ref" target="ww_5868d5560bdfc062"/>
    </p0826-teimww:occursIn>
  </p0826-teimww:passage>
  <p0826-teimww:passage id="ww_af832c9c14a9ef13">
    <knoraXmlImport:label>passage label</knoraXmlImport:label>
    <p0826-teimww:occursIn>
      <p0826-teimww:book knoraType="link_value" linkType="ref" target="ww_5cb4c35da9f3b9dd"/>
    </p0826-teimww:occursIn>
    <p0826-teimww:text knoraType="richtext_value">[Hamlet:] [...] Now could I drink hot
blood &lt;br&gt;
And do &lt;span class="quote"&gt;such bitter business as the day &lt;br&gt;
Would quake to look on. &lt;/span&gt;Soft, now to my mother.</p0826-teimww:text>
  </p0826-teimww:passage>
  <p0826-teimww:passage id="ww_b066452ab11735a0">
    <knoraXmlImport:label>passage label</knoraXmlImport:label>
    <p0826-teimww:occursIn>
      <p0826-teimww:book knoraType="link_value" linkType="ref" target="ww_5868d5560bdfc062"/>
    </p0826-teimww:occursIn>
  </p0826-teimww:passage>
  <p0826-teimww:passage id="ww_c06ce82dbea9abe4">
    <knoraXmlImport:label>passage label</knoraXmlImport:label>
    <p0826-teimww:occursIn>
      <p0826-teimww:book knoraType="link_value" linkType="ref" target="ww_5cb4c35da9f3b9dd"/>
    </p0826-teimww:occursIn>
    <p0826-teimww:text knoraType="richtext_value">[Hamlet:] &lt;span class="quote"&gt;O, that this too, too sullied flesh would melt, &lt;br&gt;
Thaw, and resolve itself into a dew &lt;/span&gt;[...].</p0826-teimww:text>
  </p0826-teimww:passage>
  <p0826-teimww:passage id="ww_fb53ba6a1bec5557">
    <knoraXmlImport:label>passage label</knoraXmlImport:label>
    <p0826-teimww:occursIn>
      <p0826-teimww:book knoraType="link_value" linkType="ref" target="ww_3f86f30540de15b8"/>
    </p0826-teimww:occursIn>
  </p0826-teimww:passage>
  <p0826-teimww:passage id="ww_15dc7fe64d1549cd">
    <knoraXmlImport:label>passage label</knoraXmlImport:label>
    <p0826-teimww:occursIn>
      <p0826-teimww:book knoraType="link_value" linkType="ref" target="ww_5868d5560bdfc062"/>
    </p0826-teimww:occursIn>
  </p0826-teimww:passage>
  <p0826-teimww:passage id="ww_9b73d6568f387fe3">
    <knoraXmlImport:label>passage label</knoraXmlImport:label>
    <p0826-teimww:occursIn>
      <p0826-teimww:book knoraType="link_value" linkType="ref" target="ww_5cb4c35da9f3b9dd"/>
    </p0826-teimww:occursIn>
    <p0826-teimww:text knoraType="richtext_value">[Hamlet:] [...] Fie on 't, ah fie! 'Tis &lt;span class="quote"&gt;an unweeded garden &lt;br&gt;
That grows to seed.&lt;/span&gt; Things rank and gross in nature &lt;br&gt;
Possess it merely.</p0826-teimww:text>
  </p0826-teimww:passage>
  <p0826-teimww:passage id="ww_571f3a6562e68cdf">
    <knoraXmlImport:label>passage label</knoraXmlImport:label>
    <p0826-teimww:occursIn>
      <p0826-teimww:book knoraType="link_value" linkType="ref" target="ww_08a130e81db8a98f"/>
    </p0826-teimww:occursIn>
  </p0826-teimww:passage>
  <p0826-teimww:passage id="ww_43df6d36fba58330">
    <knoraXmlImport:label>passage label</knoraXmlImport:label>
    <p0826-teimww:occursIn>
      <p0826-teimww:book knoraType="link_value" linkType="ref" target="ww_1140c36ab545b6d8"/>
    </p0826-teimww:occursIn>
  </p0826-teimww:passage>
  <p0826-teimww:passage id="ww_a42b11781cca6236">
    <knoraXmlImport:label>passage label</knoraXmlImport:label>
    <p0826-teimww:occursIn>
      <p0826-teimww:book knoraType="link_value" linkType="ref" target="ww_3f86f30540de15b8"/>
    </p0826-teimww:occursIn>
  </p0826-teimww:passage>
  <p0826-teimww:passage id="ww_8191e09731627e13">
    <knoraXmlImport:label>passage label</knoraXmlImport:label>
    <p0826-teimww:occursIn>
      <p0826-teimww:book knoraType="link_value" linkType="ref" target="ww_5cb4c35da9f3b9dd"/>
    </p0826-teimww:occursIn>
    <p0826-teimww:text knoraType="richtext_value">[Hamlet:] [...] &lt;span class="quote"&gt;Hyperion to a satyr; so loving to my mother &lt;br&gt;
That he might not beteem the winds of heaven &lt;br&gt;
Visit her face too roughly.&lt;/span&gt;</p0826-teimww:text>
  </p0826-teimww:passage>
  <p0826-teimww:passage id="ww_1bf6ff28b717f47b">
    <knoraXmlImport:label>passage label</knoraXmlImport:label>
    <p0826-teimww:occursIn>
      <p0826-teimww:book knoraType="link_value" linkType="ref" target="ww_1c8a25fac02f85a7"/>
    </p0826-teimww:occursIn>
  </p0826-teimww:passage>
  <p0826-teimww:passage id="ww_7cc0ae30722ae943">
    <knoraXmlImport:label>passage label</knoraXmlImport:label>
    <p0826-teimww:occursIn>
      <p0826-teimww:book knoraType="link_value" linkType="ref" target="ww_e38a56a7efbf9723"/>
    </p0826-teimww:occursIn>
  </p0826-teimww:passage>
  <p0826-teimww:passage id="ww_eed4bbf769ed456d">
    <knoraXmlImport:label>passage label</knoraXmlImport:label>
    <p0826-teimww:occursIn>
      <p0826-teimww:book knoraType="link_value" linkType="ref" target="ww_7589cfaa41b21699"/>
    </p0826-teimww:occursIn>
  </p0826-teimww:passage>
  <p0826-teimww:passage id="ww_90deb6a5acf245cc">
    <knoraXmlImport:label>passage label</knoraXmlImport:label>
    <p0826-teimww:occursIn>
      <p0826-teimww:book knoraType="link_value" linkType="ref" target="ww_5cb4c35da9f3b9dd"/>
    </p0826-teimww:occursIn>
    <p0826-teimww:text knoraType="richtext_value">[Hamlet:] [...] Like &lt;span class="quote"&gt;Niobe, all tears &lt;/span&gt;- why she, even she [...].</p0826-teimww:text>
  </p0826-teimww:passage>
  <p0826-teimww:passage id="ww_d5b4affe0bedd294">
    <knoraXmlImport:label>passage label</knoraXmlImport:label>
    <p0826-teimww:occursIn>
      <p0826-teimww:book knoraType="link_value" linkType="ref" target="ww_5868d5560bdfc062"/>
    </p0826-teimww:occursIn>
  </p0826-teimww:passage>
  <p0826-teimww:passage id="ww_475a28d77530debb">
    <knoraXmlImport:label>passage label</knoraXmlImport:label>
    <p0826-teimww:occursIn>
      <p0826-teimww:book knoraType="link_value" linkType="ref" target="ww_5cb4c35da9f3b9dd"/>
    </p0826-teimww:occursIn>
    <p0826-teimww:text knoraType="richtext_value">[Hamlet:] [...] (O God, &lt;span class="quote"&gt;a beast &lt;/span&gt;that wants&lt;span class="quote"&gt; discourse of reason &lt;br&gt;&lt;/span&gt;
Would have mourned longer!)</p0826-teimww:text>
  </p0826-teimww:passage>
  <p0826-teimww:passage id="ww_d11a6c4aed96ecba">
    <knoraXmlImport:label>passage label</knoraXmlImport:label>
    <p0826-teimww:occursIn>
      <p0826-teimww:book knoraType="link_value" linkType="ref" target="ww_b3931845d54b98d5"/>
    </p0826-teimww:occursIn>
  </p0826-teimww:passage>
  <p0826-teimww:passage id="ww_cd5bda5db1b5a18d">
    <knoraXmlImport:label>passage label</knoraXmlImport:label>
    <p0826-teimww:occursIn>
      <p0826-teimww:book knoraType="link_value" linkType="ref" target="ww_bd61ff243a1c12bf"/>
    </p0826-teimww:occursIn>
  </p0826-teimww:passage>
  <p0826-teimww:passage id="ww_4b47d8603129acc6">
    <knoraXmlImport:label>passage label</knoraXmlImport:label>
    <p0826-teimww:occursIn>
      <p0826-teimww:book knoraType="link_value" linkType="ref" target="ww_5cb4c35da9f3b9dd"/>
    </p0826-teimww:occursIn>
    <p0826-teimww:text knoraType="richtext_value">[Hamlet:] [...] &lt;span class="quote"&gt;With such dexterity to incestuous sheets!&lt;/span&gt;</p0826-teimww:text>
  </p0826-teimww:passage>
  <p0826-teimww:passage id="ww_8ad9ad9842b0f930">
    <knoraXmlImport:label>passage label</knoraXmlImport:label>
    <p0826-teimww:occursIn>
      <p0826-teimww:book knoraType="link_value" linkType="ref" target="ww_17854cef6ca6f944"/>
    </p0826-teimww:occursIn>
  </p0826-teimww:passage>
  <p0826-teimww:passage id="ww_4641ea4a649acba3">
    <knoraXmlImport:label>passage label</knoraXmlImport:label>
    <p0826-teimww:occursIn>
      <p0826-teimww:book knoraType="link_value" linkType="ref" target="ww_5cb4c35da9f3b9dd"/>
    </p0826-teimww:occursIn>
    <p0826-teimww:text knoraType="richtext_value">[Hamlet:] [...] &lt;span class="quote"&gt;But break, my heart, for I must hold my tongue.&lt;/span&gt;</p0826-teimww:text>
  </p0826-teimww:passage>
  <p0826-teimww:passage id="ww_0824743addf85c16">
    <knoraXmlImport:label>passage label</knoraXmlImport:label>
    <p0826-teimww:occursIn>
      <p0826-teimww:book knoraType="link_value" linkType="ref" target="ww_b3931845d54b98d5"/>
    </p0826-teimww:occursIn>
  </p0826-teimww:passage>
  <p0826-teimww:passage id="ww_b47f2a5f3a2d0a70">
    <knoraXmlImport:label>passage label</knoraXmlImport:label>
    <p0826-teimww:occursIn>
      <p0826-teimww:book knoraType="link_value" linkType="ref" target="ww_88f07d1ccce14bdc"/>
    </p0826-teimww:occursIn>
    <p0826-teimww:text knoraType="richtext_value">&lt;span class="quote"&gt;(There is a love triangle in which the rejected suitor rubs poison in a girl's face; she is restored and able to marry the right man).&lt;/span&gt;</p0826-teimww:text>
  </p0826-teimww:passage>
  <p0826-teimww:passage id="ww_e238bdeb12a18e4d">
    <knoraXmlImport:label>passage label</knoraXmlImport:label>
    <p0826-teimww:occursIn>
      <p0826-teimww:book knoraType="link_value" linkType="ref" target="ww_5cb4c35da9f3b9dd"/>
    </p0826-teimww:occursIn>
    <p0826-teimww:text knoraType="richtext_value">[Hamlet:] Thrift, thrift, Horatio. &lt;span class="quote"&gt;The funeral baked meats &lt;br&gt;
Did coldly furnish forth the marriage tables.&lt;/span&gt;</p0826-teimww:text>
  </p0826-teimww:passage>
  <p0826-teimww:passage id="ww_d115c7762eaeff3a">
    <knoraXmlImport:label>passage label</knoraXmlImport:label>
    <p0826-teimww:occursIn>
      <p0826-teimww:book knoraType="link_value" linkType="ref" target="ww_38319ddb82fae050"/>
    </p0826-teimww:occursIn>
  </p0826-teimww:passage>
  <p0826-teimww:passage id="ww_cd82266e01b477f5">
    <knoraXmlImport:label>passage label</knoraXmlImport:label>
    <p0826-teimww:occursIn>
      <p0826-teimww:book knoraType="link_value" linkType="ref" target="ww_5af91280461707f1"/>
    </p0826-teimww:occursIn>
  </p0826-teimww:passage>
  <p0826-teimww:passage id="ww_c6b317ad04f15c20">
    <knoraXmlImport:label>passage label</knoraXmlImport:label>
    <p0826-teimww:occursIn>
      <p0826-teimww:book knoraType="link_value" linkType="ref" target="ww_1140c36ab545b6d8"/>
    </p0826-teimww:occursIn>
  </p0826-teimww:passage>
  <p0826-teimww:passage id="ww_df2304131a022936">
    <knoraXmlImport:label>passage label</knoraXmlImport:label>
    <p0826-teimww:occursIn>
      <p0826-teimww:book knoraType="link_value" linkType="ref" target="ww_5cb4c35da9f3b9dd"/>
    </p0826-teimww:occursIn>
    <p0826-teimww:text knoraType="richtext_value">[Barnardo:] Tis now struck twelve. &lt;span class="quote"&gt;Get thee to bed, Francisco.&lt;/span&gt;</p0826-teimww:text>
  </p0826-teimww:passage>
  <p0826-teimww:passage id="ww_2f0f2d5476dc827d">
    <knoraXmlImport:label>passage label</knoraXmlImport:label>
    <p0826-teimww:occursIn>
      <p0826-teimww:book knoraType="link_value" linkType="ref" target="ww_d1faedb423154f39"/>
    </p0826-teimww:occursIn>
  </p0826-teimww:passage>
  <p0826-teimww:passage id="ww_2c239676a0989c93">
    <knoraXmlImport:label>passage label</knoraXmlImport:label>
    <p0826-teimww:occursIn>
      <p0826-teimww:book knoraType="link_value" linkType="ref" target="ww_5c3ae833a8aaf03d"/>
    </p0826-teimww:occursIn>
    <p0826-teimww:text knoraType="richtext_value">[Rosalind as Ganymede:] Break an hour's promise in love? He that &lt;span class="quote"&gt;will divide a minute into a thousand parts and break but a part of the thousand part of a minute in the affairs of love,&lt;/span&gt; it may be said of him that Cupid hath clapped him o' th' shoulder, but I'll warrant him heart-whole.</p0826-teimww:text>
  </p0826-teimww:passage>
  <p0826-teimww:passage id="ww_27df7f58c21bf044">
    <knoraXmlImport:label>passage label</knoraXmlImport:label>
    <p0826-teimww:occursIn>
      <p0826-teimww:book knoraType="link_value" linkType="ref" target="ww_1140c36ab545b6d8"/>
    </p0826-teimww:occursIn>
  </p0826-teimww:passage>
  <p0826-teimww:passage id="ww_f759e9a7816ad6f3">
    <knoraXmlImport:label>passage label</knoraXmlImport:label>
    <p0826-teimww:occursIn>
      <p0826-teimww:book knoraType="link_value" linkType="ref" target="ww_5cb4c35da9f3b9dd"/>
    </p0826-teimww:occursIn>
    <p0826-teimww:text knoraType="richtext_value">[Hamlet:] &lt;span class="quote"&gt;He was a man&lt;/span&gt;. Take him for &lt;span class="quote"&gt;all in all&lt;/span&gt;, &lt;br&gt;
I shall not look upon his like again.</p0826-teimww:text>
  </p0826-teimww:passage>
  <p0826-teimww:passage id="ww_d2023b1bf36020c4">
    <knoraXmlImport:label>passage label</knoraXmlImport:label>
    <p0826-teimww:occursIn>
      <p0826-teimww:book knoraType="link_value" linkType="ref" target="ww_1397c4b67db5b86a"/>
    </p0826-teimww:occursIn>
  </p0826-teimww:passage>
  <p0826-teimww:passage id="ww_07887ae5c3c8ebaa">
    <knoraXmlImport:label>passage label</knoraXmlImport:label>
    <p0826-teimww:occursIn>
      <p0826-teimww:book knoraType="link_value" linkType="ref" target="ww_b3931845d54b98d5"/>
    </p0826-teimww:occursIn>
  </p0826-teimww:passage>
  <p0826-teimww:passage id="ww_0d83948b4f4cce14">
    <knoraXmlImport:label>passage label</knoraXmlImport:label>
    <p0826-teimww:occursIn>
      <p0826-teimww:book knoraType="link_value" linkType="ref" target="ww_5cb4c35da9f3b9dd"/>
    </p0826-teimww:occursIn>
    <p0826-teimww:text knoraType="richtext_value">[Horatio:] [...]&lt;span class="quote"&gt; Thrice he walked &lt;/span&gt;&lt;br&gt;
By their oppressed and fear-surprisèd eyes [...].</p0826-teimww:text>
  </p0826-teimww:passage>
  <p0826-teimww:passage id="ww_e861b90f243b8228">
    <knoraXmlImport:label>passage label</knoraXmlImport:label>
    <p0826-teimww:occursIn>
      <p0826-teimww:book knoraType="link_value" linkType="ref" target="ww_5868d5560bdfc062"/>
    </p0826-teimww:occursIn>
  </p0826-teimww:passage>
  <p0826-teimww:passage id="ww_23b0cf92148177f5">
    <knoraXmlImport:label>passage label</knoraXmlImport:label>
    <p0826-teimww:occursIn>
      <p0826-teimww:book knoraType="link_value" linkType="ref" target="ww_5cb4c35da9f3b9dd"/>
    </p0826-teimww:occursIn>
    <p0826-teimww:text knoraType="richtext_value">[Horatio:] [...] whilst they, &lt;span class="quote"&gt;distilled &lt;br&gt;
Almost to jelly with the act of fear, &lt;br&gt;
Stand dumb and speak not to him.&lt;/span&gt;</p0826-teimww:text>
  </p0826-teimww:passage>
  <p0826-teimww:passage id="ww_4219f59db009bc5d">
    <knoraXmlImport:label>passage label</knoraXmlImport:label>
    <p0826-teimww:occursIn>
      <p0826-teimww:book knoraType="link_value" linkType="ref" target="ww_1140c36ab545b6d8"/>
    </p0826-teimww:occursIn>
  </p0826-teimww:passage>
  <p0826-teimww:passage id="ww_34503383004b44c7">
    <knoraXmlImport:label>passage label</knoraXmlImport:label>
    <p0826-teimww:occursIn>
      <p0826-teimww:book knoraType="link_value" linkType="ref" target="ww_5cb4c35da9f3b9dd"/>
    </p0826-teimww:occursIn>
    <p0826-teimww:text knoraType="richtext_value">[Hamlet:] &lt;span class="quote"&gt;Armed, say you?&lt;/span&gt;</p0826-teimww:text>
  </p0826-teimww:passage>
  <p0826-teimww:passage id="ww_b63ca1b7773aee76">
    <knoraXmlImport:label>passage label</knoraXmlImport:label>
    <p0826-teimww:occursIn>
      <p0826-teimww:book knoraType="link_value" linkType="ref" target="ww_5868d5560bdfc062"/>
    </p0826-teimww:occursIn>
  </p0826-teimww:passage>
  <p0826-teimww:passage id="ww_1494970c454979c9">
    <knoraXmlImport:label>passage label</knoraXmlImport:label>
    <p0826-teimww:occursIn>
      <p0826-teimww:book knoraType="link_value" linkType="ref" target="ww_5c3ae833a8aaf03d"/>
    </p0826-teimww:occursIn>
    <p0826-teimww:text knoraType="richtext_value">[Celia:] &lt;span class="quote"&gt;He hath bought a pair of cast lips of Diana. /span&gt;A nun of winter's sisterhood kisses not more religiously. The very ice of chastity is in them.</p0826-teimww:text>
  </p0826-teimww:passage>
  <p0826-teimww:passage id="ww_8b40f592b8953d05">
    <knoraXmlImport:label>passage label</knoraXmlImport:label>
    <p0826-teimww:occursIn>
      <p0826-teimww:book knoraType="link_value" linkType="ref" target="ww_5868d5560bdfc062"/>
    </p0826-teimww:occursIn>
  </p0826-teimww:passage>
  <p0826-teimww:passage id="ww_fb11fc4fe3cd0dec">
    <knoraXmlImport:label>passage label</knoraXmlImport:label>
    <p0826-teimww:occursIn>
      <p0826-teimww:book knoraType="link_value" linkType="ref" target="ww_5cb4c35da9f3b9dd"/>
    </p0826-teimww:occursIn>
    <p0826-teimww:text knoraType="richtext_value">[Hamlet:] [...] &lt;span class="quote"&gt;My &lt;span class="quote"&gt;father’s spirit&lt;/span&gt;  in &lt;span class="quote"&gt;arms&lt;/span&gt;! &lt;/span&gt;All is not well.</p0826-teimww:text>
  </p0826-teimww:passage>
  <p0826-teimww:passage id="ww_dc103d2171b174f1">
    <knoraXmlImport:label>passage label</knoraXmlImport:label>
    <p0826-teimww:occursIn>
      <p0826-teimww:book knoraType="link_value" linkType="ref" target="ww_5868d5560bdfc062"/>
    </p0826-teimww:occursIn>
  </p0826-teimww:passage>
  <p0826-teimww:passage id="ww_06380d919adbf31d">
    <knoraXmlImport:label>passage label</knoraXmlImport:label>
    <p0826-teimww:occursIn>
      <p0826-teimww:book knoraType="link_value" linkType="ref" target="ww_5cb4c35da9f3b9dd"/>
    </p0826-teimww:occursIn>
    <p0826-teimww:text knoraType="richtext_value">[Ophelia:] &lt;span class="quote"&gt;No more but so?&lt;/span&gt;</p0826-teimww:text>
  </p0826-teimww:passage>
  <p0826-teimww:passage id="ww_a60e2bf4e7869448">
    <knoraXmlImport:label>passage label</knoraXmlImport:label>
    <p0826-teimww:occursIn>
      <p0826-teimww:book knoraType="link_value" linkType="ref" target="ww_b3931845d54b98d5"/>
    </p0826-teimww:occursIn>
  </p0826-teimww:passage>
  <p0826-teimww:passage id="ww_845ae3246044df7e">
    <knoraXmlImport:label>passage label</knoraXmlImport:label>
    <p0826-teimww:occursIn>
      <p0826-teimww:book knoraType="link_value" linkType="ref" target="ww_5cb4c35da9f3b9dd"/>
    </p0826-teimww:occursIn>
    <p0826-teimww:text knoraType="richtext_value">[Horatio:] [...] &lt;span class="quote"&gt;by heaven I charge thee, speak! &lt;br&gt;&lt;/span&gt;
[...] &lt;span class="quote"&gt;Stay! speak! speak! I charge thee, speak! &lt;br&gt;&lt;/span&gt;
[...] &lt;span class="quote"&gt;Speak to me.&lt;/span&gt; &lt;br&gt;
[...] &lt;span class="quote"&gt;Speak to me. &lt;/span&gt;&lt;br&gt;
[...] &lt;span class="quote"&gt;O, speak!&lt;/span&gt;</p0826-teimww:text>
  </p0826-teimww:passage>
  <p0826-teimww:passage id="ww_091723fcf95c7c3a">
    <knoraXmlImport:label>passage label</knoraXmlImport:label>
    <p0826-teimww:occursIn>
      <p0826-teimww:book knoraType="link_value" linkType="ref" target="ww_5cb4c35da9f3b9dd"/>
    </p0826-teimww:occursIn>
    <p0826-teimww:text knoraType="richtext_value">[Hamlet:] &lt;span class="quote"&gt;O, vengeance!&lt;/span&gt;</p0826-teimww:text>
  </p0826-teimww:passage>
  <p0826-teimww:passage id="ww_987e56798a25db4e">
    <knoraXmlImport:label>passage label</knoraXmlImport:label>
    <p0826-teimww:occursIn>
      <p0826-teimww:book knoraType="link_value" linkType="ref" target="ww_b3931845d54b98d5"/>
    </p0826-teimww:occursIn>
  </p0826-teimww:passage>
  <p0826-teimww:passage id="ww_1f37b3e679db816c">
    <knoraXmlImport:label>passage label</knoraXmlImport:label>
    <p0826-teimww:occursIn>
      <p0826-teimww:book knoraType="link_value" linkType="ref" target="ww_5cb4c35da9f3b9dd"/>
    </p0826-teimww:occursIn>
    <p0826-teimww:text knoraType="richtext_value">[Laertes:] [...] &lt;span class="quote"&gt;In thews and bulk but, as this temple waxes &lt;/span&gt;[...].</p0826-teimww:text>
  </p0826-teimww:passage>
  <p0826-teimww:passage id="ww_82ff3354ec5eef2b">
    <knoraXmlImport:label>passage label</knoraXmlImport:label>
    <p0826-teimww:occursIn>
      <p0826-teimww:book knoraType="link_value" linkType="ref" target="ww_b3931845d54b98d5"/>
    </p0826-teimww:occursIn>
  </p0826-teimww:passage>
  <p0826-teimww:passage id="ww_9f5f28f47f89d1d0">
    <knoraXmlImport:label>passage label</knoraXmlImport:label>
    <p0826-teimww:occursIn>
      <p0826-teimww:book knoraType="link_value" linkType="ref" target="ww_5cb4c35da9f3b9dd"/>
    </p0826-teimww:occursIn>
    <p0826-teimww:text knoraType="richtext_value">[Queen:] [...] The Queen &lt;span class="quote"&gt;carouses to thy fortune, Hamlet.&lt;/span&gt;</p0826-teimww:text>
  </p0826-teimww:passage>
  <p0826-teimww:passage id="ww_8525320e57a53703">
    <knoraXmlImport:label>passage label</knoraXmlImport:label>
    <p0826-teimww:occursIn>
      <p0826-teimww:book knoraType="link_value" linkType="ref" target="ww_ca15500e7036f16e"/>
    </p0826-teimww:occursIn>
  </p0826-teimww:passage>
  <p0826-teimww:passage id="ww_15ff6573b566ab97">
    <knoraXmlImport:label>passage label</knoraXmlImport:label>
    <p0826-teimww:occursIn>
      <p0826-teimww:book knoraType="link_value" linkType="ref" target="ww_0b28ed19a0540e1d"/>
    </p0826-teimww:occursIn>
  </p0826-teimww:passage>
  <p0826-teimww:passage id="ww_5dee0d2bac060a29">
    <knoraXmlImport:label>passage label</knoraXmlImport:label>
    <p0826-teimww:occursIn>
      <p0826-teimww:book knoraType="link_value" linkType="ref" target="ww_5cb4c35da9f3b9dd"/>
    </p0826-teimww:occursIn>
    <p0826-teimww:text knoraType="richtext_value">[Hamlet:] [...] &lt;span class="quote"&gt;The spirit that I have seen &lt;br&gt;
May be the devil, and the devil hath power &lt;br&gt;
T’ assume a pleasing shape; yea, and perhaps,&lt;br&gt;
Out of my weakness and my melancholy,&lt;br&gt;
As he is very potent with such spirits,&lt;br&gt;
Abuses me to damn me.&lt;/span&gt;</p0826-teimww:text>
  </p0826-teimww:passage>
  <p0826-teimww:passage id="ww_889b6de1b44e16a1">
    <knoraXmlImport:label>passage label</knoraXmlImport:label>
    <p0826-teimww:occursIn>
      <p0826-teimww:book knoraType="link_value" linkType="ref" target="ww_5868d5560bdfc062"/>
    </p0826-teimww:occursIn>
  </p0826-teimww:passage>
  <p0826-teimww:passage id="ww_fd45b596856fe494">
    <knoraXmlImport:label>passage label</knoraXmlImport:label>
    <p0826-teimww:occursIn>
      <p0826-teimww:book knoraType="link_value" linkType="ref" target="ww_5cb4c35da9f3b9dd"/>
    </p0826-teimww:occursIn>
    <p0826-teimww:text knoraType="richtext_value">[Laertes:] [...] And now no soil nor &lt;span class="quote"&gt;cautel&lt;/span&gt; doth &lt;span class="quote"&gt;besmirch &lt;br&gt;&lt;/span&gt;
The virtue of his will [...].</p0826-teimww:text>
  </p0826-teimww:passage>
  <p0826-teimww:passage id="ww_822301a09b86cb1b">
    <knoraXmlImport:label>passage label</knoraXmlImport:label>
    <p0826-teimww:occursIn>
      <p0826-teimww:book knoraType="link_value" linkType="ref" target="ww_b3931845d54b98d5"/>
    </p0826-teimww:occursIn>
  </p0826-teimww:passage>
  <p0826-teimww:passage id="ww_c7f968db65181cc3">
    <knoraXmlImport:label>passage label</knoraXmlImport:label>
    <p0826-teimww:occursIn>
      <p0826-teimww:book knoraType="link_value" linkType="ref" target="ww_15dba62495527dd5"/>
    </p0826-teimww:occursIn>
  </p0826-teimww:passage>
  <p0826-teimww:passage id="ww_b7002ac2e66ba67a">
    <knoraXmlImport:label>passage label</knoraXmlImport:label>
    <p0826-teimww:occursIn>
      <p0826-teimww:book knoraType="link_value" linkType="ref" target="ww_f6685305b5e15919"/>
    </p0826-teimww:occursIn>
  </p0826-teimww:passage>
  <p0826-teimww:passage id="ww_200156c01c65453c">
    <knoraXmlImport:label>passage label</knoraXmlImport:label>
    <p0826-teimww:occursIn>
      <p0826-teimww:book knoraType="link_value" linkType="ref" target="ww_5cb4c35da9f3b9dd"/>
    </p0826-teimww:occursIn>
    <p0826-teimww:text knoraType="richtext_value">[Laertes:] [...] He may not, as unvalued persons do, &lt;br&gt;
&lt;span class="quote"&gt;Carve for himself, &lt;/span&gt;for on his choice depends &lt;br&gt;
The safety and the health of this whole state.</p0826-teimww:text>
  </p0826-teimww:passage>
  <p0826-teimww:passage id="ww_0785d46d5973f705">
    <knoraXmlImport:label>passage label</knoraXmlImport:label>
    <p0826-teimww:occursIn>
      <p0826-teimww:book knoraType="link_value" linkType="ref" target="ww_b3931845d54b98d5"/>
    </p0826-teimww:occursIn>
  </p0826-teimww:passage>
  <p0826-teimww:passage id="ww_2a902e9bce071b33">
    <knoraXmlImport:label>passage label</knoraXmlImport:label>
    <p0826-teimww:occursIn>
      <p0826-teimww:book knoraType="link_value" linkType="ref" target="ww_15dba62495527dd5"/>
    </p0826-teimww:occursIn>
  </p0826-teimww:passage>
  <p0826-teimww:passage id="ww_9ff389f81256a422">
    <knoraXmlImport:label>passage label</knoraXmlImport:label>
    <p0826-teimww:occursIn>
      <p0826-teimww:book knoraType="link_value" linkType="ref" target="ww_5cb4c35da9f3b9dd"/>
    </p0826-teimww:occursIn>
    <p0826-teimww:text knoraType="richtext_value">[Laertes:] [...] &lt;span class="quote"&gt;Unto the voice and yielding of that body &lt;/span&gt;[...].</p0826-teimww:text>
  </p0826-teimww:passage>
  <p0826-teimww:passage id="ww_dc85bd0538a1e808">
    <knoraXmlImport:label>passage label</knoraXmlImport:label>
    <p0826-teimww:occursIn>
      <p0826-teimww:book knoraType="link_value" linkType="ref" target="ww_a3bdfb5ec0f62f6f"/>
    </p0826-teimww:occursIn>
  </p0826-teimww:passage>
  <p0826-teimww:passage id="ww_80c8cae3c78df766">
    <knoraXmlImport:label>passage label</knoraXmlImport:label>
    <p0826-teimww:occursIn>
      <p0826-teimww:book knoraType="link_value" linkType="ref" target="ww_b3931845d54b98d5"/>
    </p0826-teimww:occursIn>
  </p0826-teimww:passage>
  <p0826-teimww:passage id="ww_33d4b02de3f7773b">
    <knoraXmlImport:label>passage label</knoraXmlImport:label>
    <p0826-teimww:occursIn>
      <p0826-teimww:book knoraType="link_value" linkType="ref" target="ww_5cb4c35da9f3b9dd"/>
    </p0826-teimww:occursIn>
    <p0826-teimww:text knoraType="richtext_value">[Laertes:] [...] As he in his particular act and place &lt;br&gt;
&lt;span class="quote"&gt;May give his saying deed &lt;/span&gt;[...].</p0826-teimww:text>
  </p0826-teimww:passage>
  <p0826-teimww:passage id="ww_01ec5768137deae0">
    <knoraXmlImport:label>passage label</knoraXmlImport:label>
    <p0826-teimww:occursIn>
      <p0826-teimww:book knoraType="link_value" linkType="ref" target="ww_b3931845d54b98d5"/>
    </p0826-teimww:occursIn>
  </p0826-teimww:passage>
  <p0826-teimww:passage id="ww_fc1b7ad7c6b9f394">
    <knoraXmlImport:label>passage label</knoraXmlImport:label>
    <p0826-teimww:occursIn>
      <p0826-teimww:book knoraType="link_value" linkType="ref" target="ww_436db7d05fb0f0f6"/>
    </p0826-teimww:occursIn>
    <p0826-teimww:text knoraType="richtext_value">[Balurdo:] Courage, courage sweet Lady, 'tis sir &lt;i&gt;Gefferey Balurdo &lt;/i&gt;bids you courage. Truly I am as nimble as an Elephant about a Lady.&lt;br&gt;
[Panulpho Felice:] Dead?&lt;br&gt;
[Antonio:] Dead.&lt;br&gt;
[Alberto:] Dead?&lt;br&gt;
[Antonio:] Why now the womb of mischief is deliver'd,&lt;br&gt;
Of the prodigious issue of the night.&lt;br&gt;
[Panulpho Felice:] &lt;span class="quote"&gt;Ha, ha, ha.&lt;/span&gt;&lt;br&gt;
[Antonio:] My father dead, my love attained of lust:&lt;br&gt;
Thats a large lye, as vast as spacious hell:&lt;br&gt;
Poor guiltless Lady.</p0826-teimww:text>
  </p0826-teimww:passage>
  <p0826-teimww:passage id="ww_3f25338de1b299ff">
    <knoraXmlImport:label>passage label</knoraXmlImport:label>
    <p0826-teimww:occursIn>
      <p0826-teimww:book knoraType="link_value" linkType="ref" target="ww_e9dd31d2f114bcc9"/>
    </p0826-teimww:occursIn>
  </p0826-teimww:passage>
  <p0826-teimww:passage id="ww_80a9aba994cf1672">
    <knoraXmlImport:label>passage label</knoraXmlImport:label>
    <p0826-teimww:occursIn>
      <p0826-teimww:book knoraType="link_value" linkType="ref" target="ww_5cb4c35da9f3b9dd"/>
    </p0826-teimww:occursIn>
    <p0826-teimww:text knoraType="richtext_value">[Laertes:] [...] &lt;span class="quote"&gt;And keep you in the rear of your affection, &lt;br&gt;
Out of the shot and danger of desire&lt;/span&gt;. &lt;br&gt;
The chariest maid is prodigal enough &lt;br&gt;
If she unmask her beauty to the moon. &lt;br&gt;
Virtue itself 'scapes not calumnious strokes. &lt;br&gt;
The &lt;span class="quote"&gt;canker&lt;/span&gt; galls the&lt;span class="quote"&gt; infants of the spring &lt;br&gt;&lt;/span&gt;
Too oft before their buttons be disclosed, &lt;br&gt;&lt;/span&gt;
And, in the morn and liquid dew of youth, &lt;br&gt;
Contagious blastments are most imminent. &lt;br&gt;
Be wary, then; best safety lies in fear.</p0826-teimww:text>
  </p0826-teimww:passage>
  <p0826-teimww:passage id="ww_6b73b30778c2223b">
    <knoraXmlImport:label>passage label</knoraXmlImport:label>
    <p0826-teimww:occursIn>
      <p0826-teimww:book knoraType="link_value" linkType="ref" target="ww_1140c36ab545b6d8"/>
    </p0826-teimww:occursIn>
  </p0826-teimww:passage>
  <p0826-teimww:passage id="ww_fde72eb561dfc4ac">
    <knoraXmlImport:label>passage label</knoraXmlImport:label>
    <p0826-teimww:occursIn>
      <p0826-teimww:book knoraType="link_value" linkType="ref" target="ww_5cb4c35da9f3b9dd"/>
    </p0826-teimww:occursIn>
    <p0826-teimww:text knoraType="richtext_value">[Ophelia:] [...] Do not, as some ungracious pastors do,&lt;br&gt;
&lt;span class="quote"&gt;Show me the steep and thorny way to heaven&lt;/span&gt; &lt;br&gt;
Whiles, like a puffed and reckless libertine &lt;br&gt;
Himself the &lt;span class="quote"&gt;primrose path of dalliance treads&lt;/span&gt;&lt;br&gt;
And recks not his own rede.</p0826-teimww:text>
  </p0826-teimww:passage>
  <p0826-teimww:passage id="ww_3d45956cccb77df4">
    <knoraXmlImport:label>passage label</knoraXmlImport:label>
    <p0826-teimww:occursIn>
      <p0826-teimww:book knoraType="link_value" linkType="ref" target="ww_b3931845d54b98d5"/>
    </p0826-teimww:occursIn>
  </p0826-teimww:passage>
  <p0826-teimww:passage id="ww_37b0f0aafecdac15">
    <knoraXmlImport:label>passage label</knoraXmlImport:label>
    <p0826-teimww:occursIn>
      <p0826-teimww:book knoraType="link_value" linkType="ref" target="ww_5cb4c35da9f3b9dd"/>
    </p0826-teimww:occursIn>
    <p0826-teimww:text knoraType="richtext_value">[Polonius:] [...]&lt;span class="quote"&gt; Give thy thoughts no tongue &lt;/span&gt;[...]. </p0826-teimww:text>
  </p0826-teimww:passage>
  <p0826-teimww:passage id="ww_035950e67b179b87">
    <knoraXmlImport:label>passage label</knoraXmlImport:label>
    <p0826-teimww:occursIn>
      <p0826-teimww:book knoraType="link_value" linkType="ref" target="ww_3e15ab6c612eadae"/>
    </p0826-teimww:occursIn>
  </p0826-teimww:passage>
  <p0826-teimww:passage id="ww_3833d16ce5212286">
    <knoraXmlImport:label>passage label</knoraXmlImport:label>
    <p0826-teimww:occursIn>
      <p0826-teimww:book knoraType="link_value" linkType="ref" target="ww_5cb4c35da9f3b9dd"/>
    </p0826-teimww:occursIn>
    <p0826-teimww:text knoraType="richtext_value">[Polonius:] [...] &lt;span class="quote"&gt;Those friends thou hast, and their adoption tried, &lt;br&gt;
Grapple them unto thy soul with hoops of steel &lt;/span&gt;[...].</p0826-teimww:text>
  </p0826-teimww:passage>
  <p0826-teimww:passage id="ww_c0ea081eb14cf220">
    <knoraXmlImport:label>passage label</knoraXmlImport:label>
    <p0826-teimww:occursIn>
      <p0826-teimww:book knoraType="link_value" linkType="ref" target="ww_42a6c34f5f492571"/>
    </p0826-teimww:occursIn>
  </p0826-teimww:passage>
  <p0826-teimww:passage id="ww_405f50ef99b13623">
    <knoraXmlImport:label>passage label</knoraXmlImport:label>
    <p0826-teimww:occursIn>
      <p0826-teimww:book knoraType="link_value" linkType="ref" target="ww_ede42cb1c3c1d408"/>
    </p0826-teimww:occursIn>
  </p0826-teimww:passage>
  <p0826-teimww:passage id="ww_880fe55a6d82e907">
    <knoraXmlImport:label>passage label</knoraXmlImport:label>
    <p0826-teimww:occursIn>
      <p0826-teimww:book knoraType="link_value" linkType="ref" target="ww_5cb4c35da9f3b9dd"/>
    </p0826-teimww:occursIn>
    <p0826-teimww:text knoraType="richtext_value">[Polonius:] [...] Take each man's censure, but reserve thy judgment. &lt;br&gt;
&lt;span class="quote"&gt;Costly thy habit as thy purse can buy, &lt;br&gt;
But not expressed in fancy (rich, not gaudy) &lt;/span&gt;[...].</p0826-teimww:text>
  </p0826-teimww:passage>
  <p0826-teimww:passage id="ww_601cf9ef2ba70b24">
    <knoraXmlImport:label>passage label</knoraXmlImport:label>
    <p0826-teimww:occursIn>
      <p0826-teimww:book knoraType="link_value" linkType="ref" target="ww_ede42cb1c3c1d408"/>
    </p0826-teimww:occursIn>
  </p0826-teimww:passage>
  <p0826-teimww:passage id="ww_9c24a7ff248894a8">
    <knoraXmlImport:label>passage label</knoraXmlImport:label>
    <p0826-teimww:occursIn>
      <p0826-teimww:book knoraType="link_value" linkType="ref" target="ww_42a6c34f5f492571"/>
    </p0826-teimww:occursIn>
  </p0826-teimww:passage>
  <p0826-teimww:passage id="ww_58f84e4fdd11d814">
    <knoraXmlImport:label>passage label</knoraXmlImport:label>
    <p0826-teimww:occursIn>
      <p0826-teimww:book knoraType="link_value" linkType="ref" target="ww_5c3ae833a8aaf03d"/>
    </p0826-teimww:occursIn>
    <p0826-teimww:text knoraType="richtext_value">[Touchstone:] I am here with thee and thy goats, as the most capricious poet, &lt;span class="quote"&gt;honest Ovid, was among the Goths.&lt;/span&gt;</p0826-teimww:text>
  </p0826-teimww:passage>
  <p0826-teimww:passage id="ww_47a6ea6d72c2c6d3">
    <knoraXmlImport:label>passage label</knoraXmlImport:label>
    <p0826-teimww:occursIn>
      <p0826-teimww:book knoraType="link_value" linkType="ref" target="ww_eba183d996a233a5"/>
    </p0826-teimww:occursIn>
  </p0826-teimww:passage>
  <p0826-teimww:passage id="ww_a1ab591aed5e394e">
    <knoraXmlImport:label>passage label</knoraXmlImport:label>
    <p0826-teimww:occursIn>
      <p0826-teimww:book knoraType="link_value" linkType="ref" target="ww_5cb4c35da9f3b9dd"/>
    </p0826-teimww:occursIn>
    <p0826-teimww:text knoraType="richtext_value">[Hamlet:] [...] &lt;span class="quote"&gt;Whether 'tis nobler in the mind to suffer &lt;/span&gt;[...].</p0826-teimww:text>
  </p0826-teimww:passage>
  <p0826-teimww:passage id="ww_e9b9f46d4e682fbc">
    <knoraXmlImport:label>passage label</knoraXmlImport:label>
    <p0826-teimww:occursIn>
      <p0826-teimww:book knoraType="link_value" linkType="ref" target="ww_0de19bd63a1c9142"/>
    </p0826-teimww:occursIn>
  </p0826-teimww:passage>
  <p0826-teimww:passage id="ww_ba34b8c347f211bd">
    <knoraXmlImport:label>passage label</knoraXmlImport:label>
    <p0826-teimww:occursIn>
      <p0826-teimww:book knoraType="link_value" linkType="ref" target="ww_bc577a06e5bb54c7"/>
    </p0826-teimww:occursIn>
  </p0826-teimww:passage>
  <p0826-teimww:passage id="ww_99303b1740aea3a2">
    <knoraXmlImport:label>passage label</knoraXmlImport:label>
    <p0826-teimww:occursIn>
      <p0826-teimww:book knoraType="link_value" linkType="ref" target="ww_5cb4c35da9f3b9dd"/>
    </p0826-teimww:occursIn>
    <p0826-teimww:text knoraType="richtext_value">[Ophelia:] &lt;span class="quote"&gt;'Tis in my memory locked, &lt;br&gt;
And you yourself shall keep the key of it.&lt;/span&gt;</p0826-teimww:text>
  </p0826-teimww:passage>
  <p0826-teimww:passage id="ww_82d349ed541e79c3">
    <knoraXmlImport:label>passage label</knoraXmlImport:label>
    <p0826-teimww:occursIn>
      <p0826-teimww:book knoraType="link_value" linkType="ref" target="ww_1140c36ab545b6d8"/>
    </p0826-teimww:occursIn>
  </p0826-teimww:passage>
  <p0826-teimww:passage id="ww_ed86a2686d32f8a1">
    <knoraXmlImport:label>passage label</knoraXmlImport:label>
    <p0826-teimww:occursIn>
      <p0826-teimww:book knoraType="link_value" linkType="ref" target="ww_2f65899f08b5bb71"/>
    </p0826-teimww:occursIn>
  </p0826-teimww:passage>
  <p0826-teimww:passage id="ww_11ccbb075f8f933c">
    <knoraXmlImport:label>passage label</knoraXmlImport:label>
    <p0826-teimww:occursIn>
      <p0826-teimww:book knoraType="link_value" linkType="ref" target="ww_5cb4c35da9f3b9dd"/>
    </p0826-teimww:occursIn>
    <p0826-teimww:text knoraType="richtext_value">[Polonius:] [...] &lt;span class="quote"&gt;Do not believe his vows&lt;/span&gt;, for they are&lt;span class="quote"&gt; brokers&lt;/span&gt; [...].</p0826-teimww:text>
  </p0826-teimww:passage>
  <p0826-teimww:passage id="ww_dd2fb337bce00969">
    <knoraXmlImport:label>passage label</knoraXmlImport:label>
    <p0826-teimww:occursIn>
      <p0826-teimww:book knoraType="link_value" linkType="ref" target="ww_5cb4c35da9f3b9dd"/>
    </p0826-teimww:occursIn>
    <p0826-teimww:text knoraType="richtext_value">[Hamlet:] [...] Or to take arms against &lt;span class="quote"&gt;a sea of troubles &lt;/span&gt;[...]. </p0826-teimww:text>
  </p0826-teimww:passage>
  <p0826-teimww:passage id="ww_c013f9d8d92f9a79">
    <knoraXmlImport:label>passage label</knoraXmlImport:label>
    <p0826-teimww:occursIn>
      <p0826-teimww:book knoraType="link_value" linkType="ref" target="ww_0dd5e309103973fb"/>
    </p0826-teimww:occursIn>
  </p0826-teimww:passage>
  <p0826-teimww:passage id="ww_634140a134088c70">
    <knoraXmlImport:label>passage label</knoraXmlImport:label>
    <p0826-teimww:occursIn>
      <p0826-teimww:book knoraType="link_value" linkType="ref" target="ww_5c89e8fa112ee4e8"/>
    </p0826-teimww:occursIn>
  </p0826-teimww:passage>
  <p0826-teimww:passage id="ww_8bda48a6b17ef740">
    <knoraXmlImport:label>passage label</knoraXmlImport:label>
    <p0826-teimww:occursIn>
      <p0826-teimww:book knoraType="link_value" linkType="ref" target="ww_b3931845d54b98d5"/>
    </p0826-teimww:occursIn>
  </p0826-teimww:passage>
  <p0826-teimww:passage id="ww_4ff596190ebb7cc8">
    <knoraXmlImport:label>passage label</knoraXmlImport:label>
    <p0826-teimww:occursIn>
      <p0826-teimww:book knoraType="link_value" linkType="ref" target="ww_3f86f30540de15b8"/>
    </p0826-teimww:occursIn>
  </p0826-teimww:passage>
  <p0826-teimww:passage id="ww_7d4f342cdfc092c1">
    <knoraXmlImport:label>passage label</knoraXmlImport:label>
    <p0826-teimww:occursIn>
      <p0826-teimww:book knoraType="link_value" linkType="ref" target="ww_1140c36ab545b6d8"/>
    </p0826-teimww:occursIn>
  </p0826-teimww:passage>
  <p0826-teimww:passage id="ww_c2cc6624b1efed00">
    <knoraXmlImport:label>passage label</knoraXmlImport:label>
    <p0826-teimww:occursIn>
      <p0826-teimww:book knoraType="link_value" linkType="ref" target="ww_4899784ecc7f3845"/>
    </p0826-teimww:occursIn>
  </p0826-teimww:passage>
  <p0826-teimww:passage id="ww_05911fd4ca0a39cb">
    <knoraXmlImport:label>passage label</knoraXmlImport:label>
    <p0826-teimww:occursIn>
      <p0826-teimww:book knoraType="link_value" linkType="ref" target="ww_5cb4c35da9f3b9dd"/>
    </p0826-teimww:occursIn>
    <p0826-teimww:text knoraType="richtext_value">[Hamlet:] [...] &lt;span class="quote"&gt;And, as he drains his draughts of Rhenish down &lt;/span&gt;[...].</p0826-teimww:text>
  </p0826-teimww:passage>
  <p0826-teimww:passage id="ww_a5ea4293118adee3">
    <knoraXmlImport:label>passage label</knoraXmlImport:label>
    <p0826-teimww:occursIn>
      <p0826-teimww:book knoraType="link_value" linkType="ref" target="ww_15dba62495527dd5"/>
    </p0826-teimww:occursIn>
  </p0826-teimww:passage>
  <p0826-teimww:passage id="ww_ec695cfdd0df43ec">
    <knoraXmlImport:label>passage label</knoraXmlImport:label>
    <p0826-teimww:occursIn>
      <p0826-teimww:book knoraType="link_value" linkType="ref" target="ww_ca15500e7036f16e"/>
    </p0826-teimww:occursIn>
  </p0826-teimww:passage>
  <p0826-teimww:passage id="ww_795307904f133679">
    <knoraXmlImport:label>passage label</knoraXmlImport:label>
    <p0826-teimww:occursIn>
      <p0826-teimww:book knoraType="link_value" linkType="ref" target="ww_7589cfaa41b21699"/>
    </p0826-teimww:occursIn>
  </p0826-teimww:passage>
  <p0826-teimww:passage id="ww_1643e5da66f56275">
    <knoraXmlImport:label>passage label</knoraXmlImport:label>
    <p0826-teimww:occursIn>
      <p0826-teimww:book knoraType="link_value" linkType="ref" target="ww_5cb4c35da9f3b9dd"/>
    </p0826-teimww:occursIn>
    <p0826-teimww:text knoraType="richtext_value">[Hamlet:] [...] And, by opposing, end them. &lt;span class="quote"&gt;To die, to sleep - &lt;br&gt;
No more - and by a sleep to say we end &lt;/span&gt;[...].</p0826-teimww:text>
  </p0826-teimww:passage>
  <p0826-teimww:passage id="ww_98e1274b6328bb07">
    <knoraXmlImport:label>passage label</knoraXmlImport:label>
    <p0826-teimww:occursIn>
      <p0826-teimww:book knoraType="link_value" linkType="ref" target="ww_91e0dc4c671938fa"/>
    </p0826-teimww:occursIn>
  </p0826-teimww:passage>
  <p0826-teimww:passage id="ww_acb84efe1b19b48d">
    <knoraXmlImport:label>passage label</knoraXmlImport:label>
    <p0826-teimww:occursIn>
      <p0826-teimww:book knoraType="link_value" linkType="ref" target="ww_1140c36ab545b6d8"/>
    </p0826-teimww:occursIn>
  </p0826-teimww:passage>
  <p0826-teimww:passage id="ww_fef210d9ba473b77">
    <knoraXmlImport:label>passage label</knoraXmlImport:label>
    <p0826-teimww:occursIn>
      <p0826-teimww:book knoraType="link_value" linkType="ref" target="ww_3f86f30540de15b8"/>
    </p0826-teimww:occursIn>
  </p0826-teimww:passage>
  <p0826-teimww:passage id="ww_4a0b78bdc29aaa0b">
    <knoraXmlImport:label>passage label</knoraXmlImport:label>
    <p0826-teimww:occursIn>
      <p0826-teimww:book knoraType="link_value" linkType="ref" target="ww_4899784ecc7f3845"/>
    </p0826-teimww:occursIn>
  </p0826-teimww:passage>
  <p0826-teimww:passage id="ww_66ca2b315f31e712">
    <knoraXmlImport:label>passage label</knoraXmlImport:label>
    <p0826-teimww:occursIn>
      <p0826-teimww:book knoraType="link_value" linkType="ref" target="ww_b3931845d54b98d5"/>
    </p0826-teimww:occursIn>
  </p0826-teimww:passage>
  <p0826-teimww:passage id="ww_6f2c9022ef6071af">
    <knoraXmlImport:label>passage label</knoraXmlImport:label>
    <p0826-teimww:occursIn>
      <p0826-teimww:book knoraType="link_value" linkType="ref" target="ww_5cb4c35da9f3b9dd"/>
    </p0826-teimww:occursIn>
    <p0826-teimww:text knoraType="richtext_value">[Hamlet:] [...] &lt;span class="quote"&gt;The kettledrum and trumpet thus bray out &lt;br&gt;
The triumph of his pledge. &lt;/span&gt;&lt;br&gt;
[Horatio:] Is it a custom? &lt;br&gt;
[Hamlet:] Ay, marry, is 't &lt;/span&gt;[...].</p0826-teimww:text>
  </p0826-teimww:passage>
  <p0826-teimww:passage id="ww_3d008fd438612a57">
    <knoraXmlImport:label>passage label</knoraXmlImport:label>
    <p0826-teimww:occursIn>
      <p0826-teimww:book knoraType="link_value" linkType="ref" target="ww_5868d5560bdfc062"/>
    </p0826-teimww:occursIn>
  </p0826-teimww:passage>
  <p0826-teimww:passage id="ww_3b93d7786112ca60">
    <knoraXmlImport:label>passage label</knoraXmlImport:label>
    <p0826-teimww:occursIn>
      <p0826-teimww:book knoraType="link_value" linkType="ref" target="ww_5cb4c35da9f3b9dd"/>
    </p0826-teimww:occursIn>
    <p0826-teimww:text knoraType="richtext_value">[Hamlet:] [...]&lt;span class="quote"&gt; This heavy-headed revel east and west &lt;/span&gt;[...].</p0826-teimww:text>
  </p0826-teimww:passage>
  <p0826-teimww:passage id="ww_bca7561ebee555de">
    <knoraXmlImport:label>passage label</knoraXmlImport:label>
    <p0826-teimww:occursIn>
      <p0826-teimww:book knoraType="link_value" linkType="ref" target="ww_15dba62495527dd5"/>
    </p0826-teimww:occursIn>
  </p0826-teimww:passage>
  <p0826-teimww:passage id="ww_6843c0c4489a71ce">
    <knoraXmlImport:label>passage label</knoraXmlImport:label>
    <p0826-teimww:occursIn>
      <p0826-teimww:book knoraType="link_value" linkType="ref" target="ww_ca15500e7036f16e"/>
    </p0826-teimww:occursIn>
  </p0826-teimww:passage>
  <p0826-teimww:passage id="ww_fd931e78293cfad3">
    <knoraXmlImport:label>passage label</knoraXmlImport:label>
    <p0826-teimww:occursIn>
      <p0826-teimww:book knoraType="link_value" linkType="ref" target="ww_0b28ed19a0540e1d"/>
    </p0826-teimww:occursIn>
  </p0826-teimww:passage>
  <p0826-teimww:passage id="ww_627852045a7150b9">
    <knoraXmlImport:label>passage label</knoraXmlImport:label>
    <p0826-teimww:occursIn>
      <p0826-teimww:book knoraType="link_value" linkType="ref" target="ww_5cb4c35da9f3b9dd"/>
    </p0826-teimww:occursIn>
    <p0826-teimww:text knoraType="richtext_value">[Hamlet:] &lt;span class="quote"&gt;How absolute the knave is! We must speak by the card, or equivocation will undo us.&lt;/span&gt;</p0826-teimww:text>
  </p0826-teimww:passage>
  <p0826-teimww:passage id="ww_68902c0ce895e195">
    <knoraXmlImport:label>passage label</knoraXmlImport:label>
    <p0826-teimww:occursIn>
      <p0826-teimww:book knoraType="link_value" linkType="ref" target="ww_1140c36ab545b6d8"/>
    </p0826-teimww:occursIn>
  </p0826-teimww:passage>
  <p0826-teimww:passage id="ww_3077420ce61bde13">
    <knoraXmlImport:label>passage label</knoraXmlImport:label>
    <p0826-teimww:occursIn>
      <p0826-teimww:book knoraType="link_value" linkType="ref" target="ww_5cb4c35da9f3b9dd"/>
    </p0826-teimww:occursIn>
    <p0826-teimww:text knoraType="richtext_value">[Hamlet:] [...]&lt;span class="quote"&gt; For in that sleep of death &lt;/span&gt;what dreams may come &lt;br&gt;
When we have shuffled off this mortal coil,&lt;br&gt;
Must give us pause [...].</p0826-teimww:text>
  </p0826-teimww:passage>
  <p0826-teimww:passage id="ww_16acc221ecc89aa6">
    <knoraXmlImport:label>passage label</knoraXmlImport:label>
    <p0826-teimww:occursIn>
      <p0826-teimww:book knoraType="link_value" linkType="ref" target="ww_3f86f30540de15b8"/>
    </p0826-teimww:occursIn>
  </p0826-teimww:passage>
  <p0826-teimww:passage id="ww_caee59f1e8d73be2">
    <knoraXmlImport:label>passage label</knoraXmlImport:label>
    <p0826-teimww:occursIn>
      <p0826-teimww:book knoraType="link_value" linkType="ref" target="ww_5cb4c35da9f3b9dd"/>
    </p0826-teimww:occursIn>
    <p0826-teimww:text knoraType="richtext_value">&lt;span class="quote"&gt;Polonius&lt;/span&gt;</p0826-teimww:text>
  </p0826-teimww:passage>
  <p0826-teimww:passage id="ww_f6262c27c53a6179">
    <knoraXmlImport:label>passage label</knoraXmlImport:label>
    <p0826-teimww:occursIn>
      <p0826-teimww:book knoraType="link_value" linkType="ref" target="ww_eba183d996a233a5"/>
    </p0826-teimww:occursIn>
  </p0826-teimww:passage>
  <p0826-teimww:passage id="ww_77781dee3ca5891c">
    <knoraXmlImport:label>passage label</knoraXmlImport:label>
    <p0826-teimww:occursIn>
      <p0826-teimww:book knoraType="link_value" linkType="ref" target="ww_e45c23b640bedb8f"/>
    </p0826-teimww:occursIn>
  </p0826-teimww:passage>
  <p0826-teimww:passage id="ww_862880cd70d105ce">
    <knoraXmlImport:label>passage label</knoraXmlImport:label>
    <p0826-teimww:occursIn>
      <p0826-teimww:book knoraType="link_value" linkType="ref" target="ww_15dba62495527dd5"/>
    </p0826-teimww:occursIn>
  </p0826-teimww:passage>
  <p0826-teimww:passage id="ww_f3a1116a80ce49cb">
    <knoraXmlImport:label>passage label</knoraXmlImport:label>
    <p0826-teimww:occursIn>
      <p0826-teimww:book knoraType="link_value" linkType="ref" target="ww_5cb4c35da9f3b9dd"/>
    </p0826-teimww:occursIn>
    <p0826-teimww:text knoraType="richtext_value">[Hamlet:] [...]&lt;span class="quote"&gt; They clepe us drunkards and with swinish phrase &lt;br&gt;
Soil our addition.&lt;/span&gt;</p0826-teimww:text>
  </p0826-teimww:passage>
  <p0826-teimww:passage id="ww_6285dda8a3beafb4">
    <knoraXmlImport:label>passage label</knoraXmlImport:label>
    <p0826-teimww:occursIn>
      <p0826-teimww:book knoraType="link_value" linkType="ref" target="ww_15dba62495527dd5"/>
    </p0826-teimww:occursIn>
  </p0826-teimww:passage>
  <p0826-teimww:passage id="ww_966588256b5c41c2">
    <knoraXmlImport:label>passage label</knoraXmlImport:label>
    <p0826-teimww:occursIn>
      <p0826-teimww:book knoraType="link_value" linkType="ref" target="ww_ca15500e7036f16e"/>
    </p0826-teimww:occursIn>
  </p0826-teimww:passage>
  <p0826-teimww:passage id="ww_a731dabfb2bbda5f">
    <knoraXmlImport:label>passage label</knoraXmlImport:label>
    <p0826-teimww:occursIn>
      <p0826-teimww:book knoraType="link_value" linkType="ref" target="ww_0b28ed19a0540e1d"/>
    </p0826-teimww:occursIn>
  </p0826-teimww:passage>
  <p0826-teimww:passage id="ww_923ec37b49b67e82">
    <knoraXmlImport:label>passage label</knoraXmlImport:label>
    <p0826-teimww:occursIn>
      <p0826-teimww:book knoraType="link_value" linkType="ref" target="ww_5cb4c35da9f3b9dd"/>
    </p0826-teimww:occursIn>
    <p0826-teimww:text knoraType="richtext_value">[Hamlet:] [...] &lt;span class="quote"&gt;The pith and marrow of our attribute.&lt;/span&gt;</p0826-teimww:text>
  </p0826-teimww:passage>
  <p0826-teimww:passage id="ww_18b5a4139e180a79">
    <knoraXmlImport:label>passage label</knoraXmlImport:label>
    <p0826-teimww:occursIn>
      <p0826-teimww:book knoraType="link_value" linkType="ref" target="ww_55bc1a3b04bf8a8d"/>
    </p0826-teimww:occursIn>
  </p0826-teimww:passage>
  <p0826-teimww:passage id="ww_3ab0ca9ed6cc060a">
    <knoraXmlImport:label>passage label</knoraXmlImport:label>
    <p0826-teimww:occursIn>
      <p0826-teimww:book knoraType="link_value" linkType="ref" target="ww_5cb4c35da9f3b9dd"/>
    </p0826-teimww:occursIn>
    <p0826-teimww:text knoraType="richtext_value">[Hamlet:] [...] &lt;span class="quote"&gt;But he's an arrant knave.&lt;br&gt;&lt;br&gt;&lt;/span&gt;

[Hamlet:] [...] &lt;span class="quote"&gt;We are arrant knaves &lt;/span&gt;[...].</p0826-teimww:text>
  </p0826-teimww:passage>
  <p0826-teimww:passage id="ww_cb7d36ba9a44a37b">
    <knoraXmlImport:label>passage label</knoraXmlImport:label>
    <p0826-teimww:occursIn>
      <p0826-teimww:book knoraType="link_value" linkType="ref" target="ww_91e0dc4c671938fa"/>
    </p0826-teimww:occursIn>
  </p0826-teimww:passage>
  <p0826-teimww:passage id="ww_835d77232fa10080">
    <knoraXmlImport:label>passage label</knoraXmlImport:label>
    <p0826-teimww:occursIn>
      <p0826-teimww:book knoraType="link_value" linkType="ref" target="ww_5cb4c35da9f3b9dd"/>
    </p0826-teimww:occursIn>
    <p0826-teimww:text knoraType="richtext_value">[Hamlet:] [...] &lt;span class="quote"&gt;So oft it chances in particular men &lt;br&gt;
That for some vicious mole of nature in them, &lt;br&gt;
As in their birth (wherein they are not guilty, &lt;br&gt;
Since nature cannot choose his origin) &lt;br&gt;
[...] Carrying, I say, the stamp of one defect, &lt;br&gt;
Being nature's livery or fortune's star, &lt;br&gt;
His virtues else, be they as pure as grace, &lt;br&gt;
As infinite as man may undergo, &lt;br&gt; 
Shall in the general censure take corruption [...].</p0826-teimww:text>
  </p0826-teimww:passage>
  <p0826-teimww:passage id="ww_94bfca6cd5400df6">
    <knoraXmlImport:label>passage label</knoraXmlImport:label>
    <p0826-teimww:occursIn>
      <p0826-teimww:book knoraType="link_value" linkType="ref" target="ww_ca15500e7036f16e"/>
    </p0826-teimww:occursIn>
  </p0826-teimww:passage>
  <p0826-teimww:passage id="ww_08208f58a6cca90a">
    <knoraXmlImport:label>passage label</knoraXmlImport:label>
    <p0826-teimww:occursIn>
      <p0826-teimww:book knoraType="link_value" linkType="ref" target="ww_0b28ed19a0540e1d"/>
    </p0826-teimww:occursIn>
  </p0826-teimww:passage>
  <p0826-teimww:passage id="ww_abb9209f32e558f6">
    <knoraXmlImport:label>passage label</knoraXmlImport:label>
    <p0826-teimww:occursIn>
      <p0826-teimww:book knoraType="link_value" linkType="ref" target="ww_b3931845d54b98d5"/>
    </p0826-teimww:occursIn>
  </p0826-teimww:passage>
  <p0826-teimww:passage id="ww_9c306dad94fc0726">
    <knoraXmlImport:label>passage label</knoraXmlImport:label>
    <p0826-teimww:occursIn>
      <p0826-teimww:book knoraType="link_value" linkType="ref" target="ww_cd1e70f8e2cd8c82"/>
    </p0826-teimww:occursIn>
  </p0826-teimww:passage>
  <p0826-teimww:passage id="ww_27903080bfade80f">
    <knoraXmlImport:label>passage label</knoraXmlImport:label>
    <p0826-teimww:occursIn>
      <p0826-teimww:book knoraType="link_value" linkType="ref" target="ww_50b5fed06f012747"/>
    </p0826-teimww:occursIn>
    <p0826-teimww:text knoraType="richtext_value">[Toby:] [...] My very walk should be a jig. I would not so much as make water but in &lt;span class="quote"&gt;a sink-a-pace. &lt;/span&gt;</p0826-teimww:text>
  </p0826-teimww:passage>
  <p0826-teimww:passage id="ww_cdc62ed5f1851984">
    <knoraXmlImport:label>passage label</knoraXmlImport:label>
    <p0826-teimww:occursIn>
      <p0826-teimww:book knoraType="link_value" linkType="ref" target="ww_5af91280461707f1"/>
    </p0826-teimww:occursIn>
  </p0826-teimww:passage>
  <p0826-teimww:passage id="ww_8109842eeb3d83fa">
    <knoraXmlImport:label>passage label</knoraXmlImport:label>
    <p0826-teimww:occursIn>
      <p0826-teimww:book knoraType="link_value" linkType="ref" target="ww_e94b33ac99cc5615"/>
    </p0826-teimww:occursIn>
    <p0826-teimww:text knoraType="richtext_value">Here now, put case &lt;span class="quote"&gt;our Author should, once more,&lt;br&gt;
Swear that his play were good: &lt;/span&gt;he doth implore&lt;br&gt;
You would not argue him of arrogance [...].</p0826-teimww:text>
  </p0826-teimww:passage>
  <p0826-teimww:passage id="ww_b4365bb445b1c8e5">
    <knoraXmlImport:label>passage label</knoraXmlImport:label>
    <p0826-teimww:occursIn>
      <p0826-teimww:book knoraType="link_value" linkType="ref" target="ww_fc0ed4bc4ee837dd"/>
    </p0826-teimww:occursIn>
  </p0826-teimww:passage>
  <p0826-teimww:passage id="ww_43972de38aece576">
    <knoraXmlImport:label>passage label</knoraXmlImport:label>
    <p0826-teimww:occursIn>
      <p0826-teimww:book knoraType="link_value" linkType="ref" target="ww_bb90da7c699e38e8"/>
    </p0826-teimww:occursIn>
    <p0826-teimww:text knoraType="richtext_value">[Gvy:] &lt;span class="quote"&gt;Or like a blazing comet, that foretells &lt;br&gt;
The fall of princes.&lt;/süan&gt;</p0826-teimww:text>
  </p0826-teimww:passage>
  <p0826-teimww:passage id="ww_671c8b5cc06fd975">
    <knoraXmlImport:label>passage label</knoraXmlImport:label>
    <p0826-teimww:occursIn>
      <p0826-teimww:book knoraType="link_value" linkType="ref" target="ww_3e15ab6c612eadae"/>
    </p0826-teimww:occursIn>
  </p0826-teimww:passage>
  <p0826-teimww:passage id="ww_be49c1bf4bf69520">
    <knoraXmlImport:label>passage label</knoraXmlImport:label>
    <p0826-teimww:occursIn>
      <p0826-teimww:book knoraType="link_value" linkType="ref" target="ww_7a7f311401615b8e"/>
    </p0826-teimww:occursIn>
    <p0826-teimww:text knoraType="richtext_value">[Hieronimo:] [...] And yonder pale faced He-cat there, the Moon, &lt;br&gt;
Doth give consent to that is done in darkness, &lt;br&gt;
And &lt;span class="quote"&gt;all those Stars that gaze upon her face, &lt;br&gt;
Are agates on her sleeve pins on her train, &lt;br&gt;
And those that should be powerful and divine, &lt;br&gt;
Do sleep in darkness when they most should shine.&lt;/span&gt;</p0826-teimww:text>
  </p0826-teimww:passage>
  <p0826-teimww:passage id="ww_b2a59c91f89aeab0">
    <knoraXmlImport:label>passage label</knoraXmlImport:label>
    <p0826-teimww:occursIn>
      <p0826-teimww:book knoraType="link_value" linkType="ref" target="ww_3b149092050ca583"/>
    </p0826-teimww:occursIn>
    <p0826-teimww:text knoraType="richtext_value">[Fortunatus:] He can convey her forth her father's gate,&lt;br&gt;
Unto a secret friend of hers;&lt;br&gt;
The way to whom lies by &lt;span class="quote"&gt;his forest side,&lt;br&gt;
That none but he shall have her to his bride.&lt;/span&gt;
&lt;br&gt;&lt;br&gt;
[...]
&lt;span class="quote"&gt;I have a secret friend, that dwells from hence &lt;/span&gt;[...].</p0826-teimww:text>
  </p0826-teimww:passage>
  <p0826-teimww:passage id="ww_7727f5a62242dc22">
    <knoraXmlImport:label>passage label</knoraXmlImport:label>
    <p0826-teimww:occursIn>
      <p0826-teimww:book knoraType="link_value" linkType="ref" target="ww_1140c36ab545b6d8"/>
    </p0826-teimww:occursIn>
  </p0826-teimww:passage>
  <p0826-teimww:passage id="ww_f618684dbcba63bf">
    <knoraXmlImport:label>passage label</knoraXmlImport:label>
    <p0826-teimww:occursIn>
      <p0826-teimww:book knoraType="link_value" linkType="ref" target="ww_bb90da7c699e38e8"/>
    </p0826-teimww:occursIn>
    <p0826-teimww:text knoraType="richtext_value">[Guy:]  Brother, if I knew where to go to war, &lt;br&gt;
I would not stay in &lt;i&gt;London&lt;/i&gt; one hour longer. &lt;br&gt;
[Charles:] An hour! By heaven I would not stay a minute. &lt;br&gt;
[Eustache:] A minute, not a moment. &lt;span class="quote"&gt;Would you put a moment &lt;br&gt;
Into a thousand parts, the thousandth part,&lt;/span&gt; &lt;br&gt;
Would not I linger, might I go to war. </p0826-teimww:text>
  </p0826-teimww:passage>
  <p0826-teimww:passage id="ww_c3b4edb03566e09d">
    <knoraXmlImport:label>passage label</knoraXmlImport:label>
    <p0826-teimww:occursIn>
      <p0826-teimww:book knoraType="link_value" linkType="ref" target="ww_1140c36ab545b6d8"/>
    </p0826-teimww:occursIn>
  </p0826-teimww:passage>
  <p0826-teimww:passage id="ww_e3558fe48df56d6b">
    <knoraXmlImport:label>passage label</knoraXmlImport:label>
    <p0826-teimww:occursIn>
      <p0826-teimww:book knoraType="link_value" linkType="ref" target="ww_573381af1170e2c9"/>
    </p0826-teimww:occursIn>
    <p0826-teimww:text knoraType="richtext_value">[Troilus:] [...] Why keep we her? The Grecians keep our Aunt:&lt;br&gt;
Is she worth keeping? Why she is a Pearl, &lt;br&gt;
Whose price &lt;span class="quote"&gt;hath launch'd above a thousand Ships&lt;/span&gt; [...]. </p0826-teimww:text>
  </p0826-teimww:passage>
  <p0826-teimww:passage id="ww_f7c4ee526db8dfb2">
    <knoraXmlImport:label>passage label</knoraXmlImport:label>
    <p0826-teimww:occursIn>
      <p0826-teimww:book knoraType="link_value" linkType="ref" target="ww_3e15ab6c612eadae"/>
    </p0826-teimww:occursIn>
  </p0826-teimww:passage>
  <p0826-teimww:passage id="ww_5995786db76c41e8">
    <knoraXmlImport:label>passage label</knoraXmlImport:label>
    <p0826-teimww:occursIn>
      <p0826-teimww:book knoraType="link_value" linkType="ref" target="ww_7f949bbd8df542c3"/>
    </p0826-teimww:occursIn>
    <p0826-teimww:text knoraType="richtext_value">[Malevole:] [...] Do the sword dance [...] and run the wild-goose chase even with &lt;span class="quote"&gt;&lt;i&gt; Pompey &lt;/i&gt; the huge.&lt;/span&gt;</p0826-teimww:text>
  </p0826-teimww:passage>
  <p0826-teimww:passage id="ww_d205316392c5b731">
    <knoraXmlImport:label>passage label</knoraXmlImport:label>
    <p0826-teimww:occursIn>
      <p0826-teimww:book knoraType="link_value" linkType="ref" target="ww_7f949bbd8df542c3"/>
    </p0826-teimww:occursIn>
    <p0826-teimww:text knoraType="richtext_value">&lt;span class="quote"&gt;Altofronto&lt;/span&gt;</p0826-teimww:text>
  </p0826-teimww:passage>
  <p0826-teimww:passage id="ww_bb0c477273bf8ddd">
    <knoraXmlImport:label>passage label</knoraXmlImport:label>
    <p0826-teimww:occursIn>
      <p0826-teimww:book knoraType="link_value" linkType="ref" target="ww_9ec767d44e3a36f8"/>
    </p0826-teimww:occursIn>
  </p0826-teimww:passage>
  <p0826-teimww:passage id="ww_d951fc9ceef588b6">
    <knoraXmlImport:label>passage label</knoraXmlImport:label>
    <p0826-teimww:occursIn>
      <p0826-teimww:book knoraType="link_value" linkType="ref" target="ww_b39e765e82b19cd8"/>
    </p0826-teimww:occursIn>
    <p0826-teimww:text knoraType="richtext_value">Not mine own fears, nor &lt;span class="quote"&gt;the prophetic soul &lt;br&gt;
&lt;/span&gt;Of the wide world dreaming on things to come, &lt;br&gt;
Can yet the lease of my true love control, &lt;br&gt;
Supposed as forfeit to a confined doom.&lt;/span&gt;</p0826-teimww:text>
  </p0826-teimww:passage>
  <p0826-teimww:passage id="ww_d288e15ade39666a">
    <knoraXmlImport:label>passage label</knoraXmlImport:label>
    <p0826-teimww:occursIn>
      <p0826-teimww:book knoraType="link_value" linkType="ref" target="ww_91e0dc4c671938fa"/>
    </p0826-teimww:occursIn>
  </p0826-teimww:passage>
  <p0826-teimww:passage id="ww_92b07fd9f90e45e7">
    <knoraXmlImport:label>passage label</knoraXmlImport:label>
    <p0826-teimww:occursIn>
      <p0826-teimww:book knoraType="link_value" linkType="ref" target="ww_aff3e1e0ec71023e"/>
    </p0826-teimww:occursIn>
    <p0826-teimww:text knoraType="richtext_value">[Isabella:] [...] Why all the souls that were were forfeit once, &lt;br&gt;
And He that might the vantage best have took &lt;br&gt;
Found out the remedy. &lt;span class="quote"&gt;How would you be &lt;br&gt;
If He which is the top of judgment should &lt;br&gt;
But judge you as you are? O, think on that, &lt;br&gt;
And mercy then will breathe within your lips &lt;br&gt;
Like man new-made.&lt;/span&gt;</p0826-teimww:text>
  </p0826-teimww:passage>
  <p0826-teimww:passage id="ww_0ed5d001211c543a">
    <knoraXmlImport:label>passage label</knoraXmlImport:label>
    <p0826-teimww:occursIn>
      <p0826-teimww:book knoraType="link_value" linkType="ref" target="ww_7f949bbd8df542c3"/>
    </p0826-teimww:occursIn>
    <p0826-teimww:text knoraType="richtext_value">[Ferneze:] &lt;span class="quote"&gt;Your smiles have been my heaven your frowns my hell,&lt;br&gt;
O pity then; Grace should with beauty dwell. &lt;br&gt;&lt;/span&gt;
[Maquerelle:] Reasonable perfect bir-lady.</p0826-teimww:text>
  </p0826-teimww:passage>
  <p0826-teimww:passage id="ww_a5b068f2e2050cb2">
    <knoraXmlImport:label>passage label</knoraXmlImport:label>
    <p0826-teimww:occursIn>
      <p0826-teimww:book knoraType="link_value" linkType="ref" target="ww_aff3e1e0ec71023e"/>
    </p0826-teimww:occursIn>
    <p0826-teimww:text knoraType="richtext_value">[Pompey:] [...] &lt;span class="quote"&gt;Then is there here one Master Caper, at the suit of Master Three-pile the mercer, for some four suits of peach-colored satin, which now peaches him a beggar. Then have we here young Dizzy and young Master Deep-vow, and Master Copper-spur and Master Starve-lackey the rapier-and-dagger man, and young Drop-heir that killed lusty Pudding, and Master Forth-light the tilter, and brave Master Shoe-tie the great traveler, and wild Half-can that stabbed Pots, and I think forty more, all great doers in our trade, &lt;/span&gt;and are now "for the Lord’s sake."</p0826-teimww:text>
  </p0826-teimww:passage>
  <p0826-teimww:passage id="ww_05270e2f02bbe33f">
    <knoraXmlImport:label>passage label</knoraXmlImport:label>
    <p0826-teimww:occursIn>
      <p0826-teimww:book knoraType="link_value" linkType="ref" target="ww_7f949bbd8df542c3"/>
    </p0826-teimww:occursIn>
    <p0826-teimww:text knoraType="richtext_value">[Malevole:] [sings] &lt;I&gt; When Arthur first in Court began,&lt;/I&gt; - &lt;span class="quote"&gt;Agamemnon Menelaus - was every any Duke a Cornuto?	&lt;/span&gt;</p0826-teimww:text>
  </p0826-teimww:passage>
  <p0826-teimww:passage id="ww_284df2472f24aee7">
    <knoraXmlImport:label>passage label</knoraXmlImport:label>
    <p0826-teimww:occursIn>
      <p0826-teimww:book knoraType="link_value" linkType="ref" target="ww_7f949bbd8df542c3"/>
    </p0826-teimww:occursIn>
    <p0826-teimww:text knoraType="richtext_value">[Malevole:]&lt;span class="quote"&gt; Ay, I will come, friendly Damnation, I will come &lt;/span&gt;[...].</p0826-teimww:text>
  </p0826-teimww:passage>
  <p0826-teimww:passage id="ww_4a5f0c571a249a58">
    <knoraXmlImport:label>passage label</knoraXmlImport:label>
    <p0826-teimww:occursIn>
      <p0826-teimww:book knoraType="link_value" linkType="ref" target="ww_7f949bbd8df542c3"/>
    </p0826-teimww:occursIn>
    <p0826-teimww:text knoraType="richtext_value">[Malevole:] Soft rest, sweet Music, amorous Masqueraders, lascivious banquets, sin itself gilt ore [...] impudent custom incited by&lt;span class="quote"&gt; that great bawd opportunity, &lt;/span&gt;thus being prepar'd, clap to her easy ear [...]. 	</p0826-teimww:text>
  </p0826-teimww:passage>
  <p0826-teimww:passage id="ww_217b782e60cdc04c">
    <knoraXmlImport:label>passage label</knoraXmlImport:label>
    <p0826-teimww:occursIn>
      <p0826-teimww:book knoraType="link_value" linkType="ref" target="ww_7f949bbd8df542c3"/>
    </p0826-teimww:occursIn>
    <p0826-teimww:text knoraType="richtext_value">[Maquerelle:] &lt;span class="quote"&gt;promise of matrimony by a young gallant, to bring a virgin Lady into a fool's paradise&lt;/span&gt; [...].</p0826-teimww:text>
  </p0826-teimww:passage>
  <p0826-teimww:passage id="ww_d853803a038bb049">
    <knoraXmlImport:label>passage label</knoraXmlImport:label>
    <p0826-teimww:occursIn>
      <p0826-teimww:book knoraType="link_value" linkType="ref" target="ww_7f949bbd8df542c3"/>
    </p0826-teimww:occursIn>
    <p0826-teimww:text knoraType="richtext_value">[Malevole:] &lt;span class="quote"&gt;I cannot sleep, my eyes ill neighbouring lids&lt;br&gt;
Will hold no fellowship&lt;/span&gt; [...].</p0826-teimww:text>
  </p0826-teimww:passage>
  <p0826-teimww:passage id="ww_394f6933c4a7056b">
    <knoraXmlImport:label>passage label</knoraXmlImport:label>
    <p0826-teimww:occursIn>
      <p0826-teimww:book knoraType="link_value" linkType="ref" target="ww_5af91280461707f1"/>
    </p0826-teimww:occursIn>
  </p0826-teimww:passage>
  <p0826-teimww:passage id="ww_a0b3debdab253e9b">
    <knoraXmlImport:label>passage label</knoraXmlImport:label>
    <p0826-teimww:occursIn>
      <p0826-teimww:book knoraType="link_value" linkType="ref" target="ww_aff3e1e0ec71023e"/>
    </p0826-teimww:occursIn>
    <p0826-teimww:text knoraType="richtext_value">[Pompey:] Sir, she came in great with child, and longing,
saving your Honor’s reverence, for &lt;span class="quote"&gt;stewed prunes&lt;/span&gt;.
</p0826-teimww:text>
  </p0826-teimww:passage>
  <p0826-teimww:passage id="ww_427ae1c236d8f36d">
    <knoraXmlImport:label>passage label</knoraXmlImport:label>
    <p0826-teimww:occursIn>
      <p0826-teimww:book knoraType="link_value" linkType="ref" target="ww_7f949bbd8df542c3"/>
    </p0826-teimww:occursIn>
    <p0826-teimww:text knoraType="richtext_value">[Celso:] I faith my Lord, that &lt;span class="quote"&gt;beast with many heads &lt;/span&gt;&lt;br/&gt;
The staggering multitude recoils apace, &lt;br/&gt;
Though thorow great mens envy, most men's malice, &lt;br/&gt;
Their much intemperate heat hath banished you. &lt;br/&gt;
Yet now they find envy and malice near, &lt;br/&gt;
Produce faint reformation. </p0826-teimww:text>
  </p0826-teimww:passage>
  <p0826-teimww:passage id="ww_e762369c1a590f14">
    <knoraXmlImport:label>passage label</knoraXmlImport:label>
    <p0826-teimww:occursIn>
      <p0826-teimww:book knoraType="link_value" linkType="ref" target="ww_1140c36ab545b6d8"/>
    </p0826-teimww:occursIn>
  </p0826-teimww:passage>
  <p0826-teimww:passage id="ww_d0f56f015fcc6b2d">
    <knoraXmlImport:label>passage label</knoraXmlImport:label>
    <p0826-teimww:occursIn>
      <p0826-teimww:book knoraType="link_value" linkType="ref" target="ww_7f949bbd8df542c3"/>
    </p0826-teimww:occursIn>
    <p0826-teimww:text knoraType="richtext_value">[Malevole:] [...] I'll give you a simile; &lt;span class="quote"&gt;Did you e'er see a well with two buckets, whilst one comes up full to be emptied, another goes down empty to be filled? Such is the state of all humanity &lt;/span&gt;[...]. why look you, I may be the son of some Duke; for, believe me, &lt;span class="quote"&gt;ïntemperate lascivious bastardy makes Nobility doubtful: I have a lusty, daring heart, &lt;/span&gt;Mendoza.</p0826-teimww:text>
  </p0826-teimww:passage>
  <p0826-teimww:passage id="ww_a8ce3003b49f610b">
    <knoraXmlImport:label>passage label</knoraXmlImport:label>
    <p0826-teimww:occursIn>
      <p0826-teimww:book knoraType="link_value" linkType="ref" target="ww_9b67ca7f120fc425"/>
    </p0826-teimww:occursIn>
    <p0826-teimww:text knoraType="richtext_value">[Iago:] &lt;span class="quote"&gt;Wears out his time, much like his master’s ass,&lt;br&gt;
For naught but provender &lt;/span&gt;[...].</p0826-teimww:text>
  </p0826-teimww:passage>
  <p0826-teimww:passage id="ww_41bc719bd9ae815b">
    <knoraXmlImport:label>passage label</knoraXmlImport:label>
    <p0826-teimww:occursIn>
      <p0826-teimww:book knoraType="link_value" linkType="ref" target="ww_1140c36ab545b6d8"/>
    </p0826-teimww:occursIn>
  </p0826-teimww:passage>
  <p0826-teimww:passage id="ww_9f509cf72552550b">
    <knoraXmlImport:label>passage label</knoraXmlImport:label>
    <p0826-teimww:occursIn>
      <p0826-teimww:book knoraType="link_value" linkType="ref" target="ww_9b67ca7f120fc425"/>
    </p0826-teimww:occursIn>
    <p0826-teimww:text knoraType="richtext_value">[Iago:] [...] &lt;span class="quote"&gt;Put money in thy purse.&lt;/span&gt;
Follow thou the wars; defeat thy favor with an
usurped beard. I say, &lt;/span&gt;put money in thy purse.&lt;/span&gt;</p0826-teimww:text>
  </p0826-teimww:passage>
  <p0826-teimww:passage id="ww_f3ea660c332091cd">
    <knoraXmlImport:label>passage label</knoraXmlImport:label>
    <p0826-teimww:occursIn>
      <p0826-teimww:book knoraType="link_value" linkType="ref" target="ww_5eeeb3e78e8b0bc3"/>
    </p0826-teimww:occursIn>
  </p0826-teimww:passage>
  <p0826-teimww:passage id="ww_6706b15a14b86407">
    <knoraXmlImport:label>passage label</knoraXmlImport:label>
    <p0826-teimww:occursIn>
      <p0826-teimww:book knoraType="link_value" linkType="ref" target="ww_75ea66b2f428cc3e"/>
    </p0826-teimww:occursIn>
    <p0826-teimww:text knoraType="richtext_value">[Freewill:] [...] &lt;span class="quote"&gt;So could I live in desert most unknown, &lt;br&gt;
Yourself to me enough were Populous &lt;/span&gt;[...].</p0826-teimww:text>
  </p0826-teimww:passage>
  <p0826-teimww:passage id="ww_e1266fc565370a23">
    <knoraXmlImport:label>passage label</knoraXmlImport:label>
    <p0826-teimww:occursIn>
      <p0826-teimww:book knoraType="link_value" linkType="ref" target="ww_bc78559657a822d9"/>
    </p0826-teimww:occursIn>
    <p0826-teimww:text knoraType="richtext_value">As a black veil upon the wings of morn,&lt;br&gt;
Brings forth a day as clear as &lt;span class="quote"&gt;Venus' &lt;/span&gt;face,&lt;br&gt;
Or, &lt;span class="quote"&gt;a fair Jewel by an Ethiop worn,&lt;/span&gt;&lt;br&gt;
Enricheth much the eye, which it doth grace,&lt;br&gt;
Such is her beauty, if it well be told,&lt;br&gt;
Plac'st in a Jetty Chariot set with gold.</p0826-teimww:text>
  </p0826-teimww:passage>
  <p0826-teimww:passage id="ww_8587cc728d058806">
    <knoraXmlImport:label>passage label</knoraXmlImport:label>
    <p0826-teimww:occursIn>
      <p0826-teimww:book knoraType="link_value" linkType="ref" target="ww_1140c36ab545b6d8"/>
    </p0826-teimww:occursIn>
  </p0826-teimww:passage>
  <p0826-teimww:passage id="ww_a5b2f34070616ebb">
    <knoraXmlImport:label>passage label</knoraXmlImport:label>
    <p0826-teimww:occursIn>
      <p0826-teimww:book knoraType="link_value" linkType="ref" target="ww_9b67ca7f120fc425"/>
    </p0826-teimww:occursIn>
    <p0826-teimww:text knoraType="richtext_value">[Iago:] &lt;span class="quote"&gt;O, beware, my lord, of jealousy!&lt;/span&gt;</p0826-teimww:text>
  </p0826-teimww:passage>
  <p0826-teimww:passage id="ww_47741d5167e069df">
    <knoraXmlImport:label>passage label</knoraXmlImport:label>
    <p0826-teimww:occursIn>
      <p0826-teimww:book knoraType="link_value" linkType="ref" target="ww_5868d5560bdfc062"/>
    </p0826-teimww:occursIn>
  </p0826-teimww:passage>
  <p0826-teimww:passage id="ww_bff5176e0ab9b067">
    <knoraXmlImport:label>passage label</knoraXmlImport:label>
    <p0826-teimww:occursIn>
      <p0826-teimww:book knoraType="link_value" linkType="ref" target="ww_9b67ca7f120fc425"/>
    </p0826-teimww:occursIn>
    <p0826-teimww:text knoraType="richtext_value">[Brabantio:] Look to her, Moor, if thou hast eyes to see. &lt;br&gt;
&lt;span class="quote"&gt;She has deceived her father, and may thee. &lt;br&gt;&lt;/span&gt;
&lt;br&gt;
&lt;br&gt;
[Iago:] &lt;span class="quote"&gt;She did deceive her father, marrying you &lt;/span&gt;[...].</p0826-teimww:text>
  </p0826-teimww:passage>
  <p0826-teimww:passage id="ww_95f1a058d7759498">
    <knoraXmlImport:label>passage label</knoraXmlImport:label>
    <p0826-teimww:occursIn>
      <p0826-teimww:book knoraType="link_value" linkType="ref" target="ww_ad87a567c9aa933d"/>
    </p0826-teimww:occursIn>
    <p0826-teimww:text knoraType="richtext_value">[Hipolito:] What's here? &lt;br&gt;
&lt;span class="quote"&gt;Perhaps this shrewd pate was mine enemy's&lt;/span&gt;: &lt;br&gt;
Las! say it were: I need not fear him now: &lt;br&gt;
For all his braves, his contumelious breath, &lt;br&gt;
His frowns (tho dagger-pointed) all his plot, &lt;br&gt;
(Tho 'nere so mischievous) his Italian pills, &lt;br&gt;
His quarrels, and (that common fence) his law, [...] &lt;br&gt;
And must all come to this; fools; wise, all hether, &lt;br&gt;
Must all heads thus at last be laid together: [...] &lt;br&gt;
But here's a fellow; &lt;span class="quote"&gt;that which he lays on, &lt;br&gt;
Till dooms day, alters not complexion.&lt;/span&gt;</p0826-teimww:text>
  </p0826-teimww:passage>
  <p0826-teimww:passage id="ww_ef80bcea6b63c45b">
    <knoraXmlImport:label>passage label</knoraXmlImport:label>
    <p0826-teimww:occursIn>
      <p0826-teimww:book knoraType="link_value" linkType="ref" target="ww_91e0dc4c671938fa"/>
    </p0826-teimww:occursIn>
  </p0826-teimww:passage>
  <p0826-teimww:passage id="ww_f3f0d0920f1e5b7e">
    <knoraXmlImport:label>passage label</knoraXmlImport:label>
    <p0826-teimww:occursIn>
      <p0826-teimww:book knoraType="link_value" linkType="ref" target="ww_1140c36ab545b6d8"/>
    </p0826-teimww:occursIn>
  </p0826-teimww:passage>
  <p0826-teimww:passage id="ww_852006416d5bf730">
    <knoraXmlImport:label>passage label</knoraXmlImport:label>
    <p0826-teimww:occursIn>
      <p0826-teimww:book knoraType="link_value" linkType="ref" target="ww_9b67ca7f120fc425"/>
    </p0826-teimww:occursIn>
    <p0826-teimww:text knoraType="richtext_value">[Iago:] [...] &lt;span class="quote"&gt;Not poppy nor mandragora &lt;br&gt;
Nor all the drowsy syrups of the world &lt;/span&gt;[...].</p0826-teimww:text>
  </p0826-teimww:passage>
  <p0826-teimww:passage id="ww_d344fa2abcfa11ad">
    <knoraXmlImport:label>passage label</knoraXmlImport:label>
    <p0826-teimww:occursIn>
      <p0826-teimww:book knoraType="link_value" linkType="ref" target="ww_9b67ca7f120fc425"/>
    </p0826-teimww:occursIn>
    <p0826-teimww:text knoraType="richtext_value">[Othello:] &lt;span class="quote"&gt;I'll tear her all to pieces.&lt;/span&gt;</p0826-teimww:text>
  </p0826-teimww:passage>
  <p0826-teimww:passage id="ww_2a2ea5b8ca3972f7">
    <knoraXmlImport:label>passage label</knoraXmlImport:label>
    <p0826-teimww:occursIn>
      <p0826-teimww:book knoraType="link_value" linkType="ref" target="ww_9b67ca7f120fc425"/>
    </p0826-teimww:occursIn>
    <p0826-teimww:text knoraType="richtext_value">[Othello:] [...] And mak'st me call what I intend to do &lt;br&gt;
&lt;span class="quote"&gt;A murder, which I thought a sacrifice!&lt;/span&gt;</p0826-teimww:text>
  </p0826-teimww:passage>
  <p0826-teimww:passage id="ww_28c3e9d1b421a375">
    <knoraXmlImport:label>passage label</knoraXmlImport:label>
    <p0826-teimww:occursIn>
      <p0826-teimww:book knoraType="link_value" linkType="ref" target="ww_75ea66b2f428cc3e"/>
    </p0826-teimww:occursIn>
    <p0826-teimww:text knoraType="richtext_value">[Mrs. Mulligrub:] [...] I ha' wit, and can see my good as soon as another, for I have all the thanks, my silly husband, alas, he knows nothing of it, tis I that bear, &lt;span class="quote"&gt;tis I that must bear a brain for all.&lt;/span&gt;</p0826-teimww:text>
  </p0826-teimww:passage>
  <p0826-teimww:passage id="ww_7c824d0c33adfb1f">
    <knoraXmlImport:label>passage label</knoraXmlImport:label>
    <p0826-teimww:occursIn>
      <p0826-teimww:book knoraType="link_value" linkType="ref" target="ww_5af91280461707f1"/>
    </p0826-teimww:occursIn>
  </p0826-teimww:passage>
  <p0826-teimww:passage id="ww_1db8ddb4234040c8">
    <knoraXmlImport:label>passage label</knoraXmlImport:label>
    <p0826-teimww:occursIn>
      <p0826-teimww:book knoraType="link_value" linkType="ref" target="ww_ad87a567c9aa933d"/>
    </p0826-teimww:occursIn>
    <p0826-teimww:text knoraType="richtext_value">[Candido:] No matter, let 'em: &lt;span class="quote"&gt;when I touch her lip, &lt;br&gt;
I shall not feel his kisses, &lt;/span&gt;no, nor miss &lt;br&gt;
Any of her lip; no harm in kissing is.</p0826-teimww:text>
  </p0826-teimww:passage>
  <p0826-teimww:passage id="ww_b3f61590612b0d72">
    <knoraXmlImport:label>passage label</knoraXmlImport:label>
    <p0826-teimww:occursIn>
      <p0826-teimww:book knoraType="link_value" linkType="ref" target="ww_75ea66b2f428cc3e"/>
    </p0826-teimww:occursIn>
    <p0826-teimww:text knoraType="richtext_value">[Mrs. Mulligrub:] [...] &lt;span class="quote"&gt;nay and I bear not a brain &lt;/span&gt;[...].</p0826-teimww:text>
  </p0826-teimww:passage>
  <p0826-teimww:passage id="ww_6042044738b46012">
    <knoraXmlImport:label>passage label</knoraXmlImport:label>
    <p0826-teimww:occursIn>
      <p0826-teimww:book knoraType="link_value" linkType="ref" target="ww_5af91280461707f1"/>
    </p0826-teimww:occursIn>
  </p0826-teimww:passage>
  <p0826-teimww:passage id="ww_3bfb300bb718a9af">
    <knoraXmlImport:label>passage label</knoraXmlImport:label>
    <p0826-teimww:occursIn>
      <p0826-teimww:book knoraType="link_value" linkType="ref" target="ww_75ea66b2f428cc3e"/>
    </p0826-teimww:occursIn>
    <p0826-teimww:text knoraType="richtext_value">[Tissefeu:] Then thus, and thus, so Hymen should begin - &lt;br&gt; &lt;span class="quote"&gt;Sometimes a falling out proves falling in.&lt;/span&gt;</p0826-teimww:text>
  </p0826-teimww:passage>
  <p0826-teimww:passage id="ww_c34d02c0d92a610e">
    <knoraXmlImport:label>passage label</knoraXmlImport:label>
    <p0826-teimww:occursIn>
      <p0826-teimww:book knoraType="link_value" linkType="ref" target="ww_1140c36ab545b6d8"/>
    </p0826-teimww:occursIn>
  </p0826-teimww:passage>
  <p0826-teimww:passage id="ww_49263516b4127f52">
    <knoraXmlImport:label>passage label</knoraXmlImport:label>
    <p0826-teimww:occursIn>
      <p0826-teimww:book knoraType="link_value" linkType="ref" target="ww_75ea66b2f428cc3e"/>
    </p0826-teimww:occursIn>
    <p0826-teimww:text knoraType="richtext_value">[Crispinella:] [...] his discourse is like the long word, &lt;span class="quote"&gt;&lt;i&gt;Honorificabilitudinitatibus:&lt;/i&gt;&lt;/span&gt; a great deal Of sound and no sense.</p0826-teimww:text>
  </p0826-teimww:passage>
  <p0826-teimww:passage id="ww_e2bc34055e0265f6">
    <knoraXmlImport:label>passage label</knoraXmlImport:label>
    <p0826-teimww:occursIn>
      <p0826-teimww:book knoraType="link_value" linkType="ref" target="ww_f38099d24a8f82da"/>
    </p0826-teimww:occursIn>
    <p0826-teimww:text knoraType="richtext_value">[Comolet:] [...]&lt;span class="quote"&gt; You know besides, that our affections storm, &lt;br&gt;
Rais'd in our blood, no Reason can reform.&lt;/span&gt;</p0826-teimww:text>
  </p0826-teimww:passage>
  <p0826-teimww:passage id="ww_f1bff727df4461f1">
    <knoraXmlImport:label>passage label</knoraXmlImport:label>
    <p0826-teimww:occursIn>
      <p0826-teimww:book knoraType="link_value" linkType="ref" target="ww_5eeeb3e78e8b0bc3"/>
    </p0826-teimww:occursIn>
  </p0826-teimww:passage>
  <p0826-teimww:passage id="ww_c54d09001319a77d">
    <knoraXmlImport:label>passage label</knoraXmlImport:label>
    <p0826-teimww:occursIn>
      <p0826-teimww:book knoraType="link_value" linkType="ref" target="ww_f38099d24a8f82da"/>
    </p0826-teimww:occursIn>
    <p0826-teimww:text knoraType="richtext_value">[Tamyra:] It is not I, but urgent destiny, &lt;br&gt;
That (as great states men for their general end &lt;br&gt; 
In politique justice, make poor men offend) &lt;br&gt;
Enforceth my offence to make it just: &lt;br&gt;
&lt;span class="quote"&gt;What shall weak Dames do, when t'whole work of Nature &lt;br&gt;
Hath a strong finger in each one of us? &lt;br&gt;&lt;/span&gt;</p0826-teimww:text>
  </p0826-teimww:passage>
  <p0826-teimww:passage id="ww_79491be7261f6ece">
    <knoraXmlImport:label>passage label</knoraXmlImport:label>
    <p0826-teimww:occursIn>
      <p0826-teimww:book knoraType="link_value" linkType="ref" target="ww_9b67ca7f120fc425"/>
    </p0826-teimww:occursIn>
    <p0826-teimww:text knoraType="richtext_value">&lt;span class="quote"&gt;Othello&lt;/span&gt;</p0826-teimww:text>
  </p0826-teimww:passage>
  <p0826-teimww:passage id="ww_b8a6239684c082bc">
    <knoraXmlImport:label>passage label</knoraXmlImport:label>
    <p0826-teimww:occursIn>
      <p0826-teimww:book knoraType="link_value" linkType="ref" target="ww_1140c36ab545b6d8"/>
    </p0826-teimww:occursIn>
  </p0826-teimww:passage>
  <p0826-teimww:passage id="ww_c36edd54275987a8">
    <knoraXmlImport:label>passage label</knoraXmlImport:label>
    <p0826-teimww:occursIn>
      <p0826-teimww:book knoraType="link_value" linkType="ref" target="ww_9b67ca7f120fc425"/>
    </p0826-teimww:occursIn>
    <p0826-teimww:text knoraType="richtext_value">[Iago:] &lt;span class="quote"&gt;Ha! I like not that. &lt;br&gt;&lt;/span&gt;
[Othello:] &lt;span class="quote"&gt;What dost thou say? &lt;br&gt;&lt;/span&gt;
[Iago:] &lt;span class="quote"&gt;Nothing, my lord: or if - I know not what. &lt;/span&gt;</p0826-teimww:text>
  </p0826-teimww:passage>
  <p0826-teimww:passage id="ww_95e782ccb40c1c64">
    <knoraXmlImport:label>passage label</knoraXmlImport:label>
    <p0826-teimww:occursIn>
      <p0826-teimww:book knoraType="link_value" linkType="ref" target="ww_1140c36ab545b6d8"/>
    </p0826-teimww:occursIn>
  </p0826-teimww:passage>
  <p0826-teimww:passage id="ww_d5714897a51f56d4">
    <knoraXmlImport:label>passage label</knoraXmlImport:label>
    <p0826-teimww:occursIn>
      <p0826-teimww:book knoraType="link_value" linkType="ref" target="ww_9b67ca7f120fc425"/>
    </p0826-teimww:occursIn>
    <p0826-teimww:text knoraType="richtext_value">[Iago:] Come on, come on!&lt;span class="quote"&gt; You are pictures out of door, bells in your parlors, wildcats in your kitchens, saints in your injuries, devils being offended, players in your huswifery, and huswives in your beds.&lt;/span&gt;</p0826-teimww:text>
  </p0826-teimww:passage>
  <p0826-teimww:passage id="ww_7042e845d75e8d70">
    <knoraXmlImport:label>passage label</knoraXmlImport:label>
    <p0826-teimww:occursIn>
      <p0826-teimww:book knoraType="link_value" linkType="ref" target="ww_1140c36ab545b6d8"/>
    </p0826-teimww:occursIn>
  </p0826-teimww:passage>
  <p0826-teimww:passage id="ww_ad00542d9745ae80">
    <knoraXmlImport:label>passage label</knoraXmlImport:label>
    <p0826-teimww:occursIn>
      <p0826-teimww:book knoraType="link_value" linkType="ref" target="ww_9b67ca7f120fc425"/>
    </p0826-teimww:occursIn>
    <p0826-teimww:text knoraType="richtext_value">[Othello:] I slept the next night well, fed well, was free and merry. &lt;br&gt;
&lt;span class="quote"&gt;I found not Cassio's kisses on her lips.&lt;/span&gt;</p0826-teimww:text>
  </p0826-teimww:passage>
  <p0826-teimww:passage id="ww_8ce4279a27aa0de8">
    <knoraXmlImport:label>passage label</knoraXmlImport:label>
    <p0826-teimww:occursIn>
      <p0826-teimww:book knoraType="link_value" linkType="ref" target="ww_5868d5560bdfc062"/>
    </p0826-teimww:occursIn>
  </p0826-teimww:passage>
  <p0826-teimww:passage id="ww_ac29ba1ef65a7430">
    <knoraXmlImport:label>passage label</knoraXmlImport:label>
    <p0826-teimww:occursIn>
      <p0826-teimww:book knoraType="link_value" linkType="ref" target="ww_850c6f2b24767d61"/>
    </p0826-teimww:occursIn>
    <p0826-teimww:text knoraType="richtext_value">&lt;span class="annotation"&gt;Title: The Case is Altered&lt;/span&gt;</p0826-teimww:text>
  </p0826-teimww:passage>
  <p0826-teimww:passage id="ww_f90e3aa1a17a98ff">
    <knoraXmlImport:label>passage label</knoraXmlImport:label>
    <p0826-teimww:occursIn>
      <p0826-teimww:book knoraType="link_value" linkType="ref" target="ww_df2b8c2f18df151a"/>
    </p0826-teimww:occursIn>
  </p0826-teimww:passage>
  <p0826-teimww:passage id="ww_63c520c82e270ed5">
    <knoraXmlImport:label>passage label</knoraXmlImport:label>
    <p0826-teimww:occursIn>
      <p0826-teimww:book knoraType="link_value" linkType="ref" target="ww_9b67ca7f120fc425"/>
    </p0826-teimww:occursIn>
    <p0826-teimww:text knoraType="richtext_value">[Desdemona:] Nobody. I myself. Farewell.&lt;br&gt;
&lt;span class="quote"&gt;Commend me to my kind lord.&lt;/span&gt; O, farewell.</p0826-teimww:text>
  </p0826-teimww:passage>
  <p0826-teimww:passage id="ww_83d9e1a483eb6704">
    <knoraXmlImport:label>passage label</knoraXmlImport:label>
    <p0826-teimww:occursIn>
      <p0826-teimww:book knoraType="link_value" linkType="ref" target="ww_5868d5560bdfc062"/>
    </p0826-teimww:occursIn>
  </p0826-teimww:passage>
  <p0826-teimww:passage id="ww_f77f117622f666ac">
    <knoraXmlImport:label>passage label</knoraXmlImport:label>
    <p0826-teimww:occursIn>
      <p0826-teimww:book knoraType="link_value" linkType="ref" target="ww_a9ac3afc4eca7d49"/>
    </p0826-teimww:occursIn>
    <p0826-teimww:text knoraType="richtext_value">[Lear:] [...] &lt;span class="quote"&gt;But yet thou art my flesh, my blood, my daughter, &lt;br&gt;
Or, rather, a disease that's in my flesh, &lt;br&gt;
Which I must needs call mine.&lt;/span&gt;</p0826-teimww:text>
  </p0826-teimww:passage>
  <p0826-teimww:passage id="ww_643a481dedf9689d">
    <knoraXmlImport:label>passage label</knoraXmlImport:label>
    <p0826-teimww:occursIn>
      <p0826-teimww:book knoraType="link_value" linkType="ref" target="ww_d77664dc4673002e"/>
    </p0826-teimww:occursIn>
    <p0826-teimww:text knoraType="richtext_value">[Herod:] [...] Now the Jail deliver me, an intelligencer,&lt;span class="quote"&gt; be good to me ye Cloisters of bondage, of whence art thou?&lt;/span&gt;&lt;br&gt;
[Hercules:] Of Ferrara.&lt;br&gt;
[Herod:] A Ferarees what to me, camest thou in with the Prince Tiberio?&lt;br&gt;
[Hercules:] With the Prince Tiberio , what a that, you will not rayle at me, will you?&lt;br&gt;
[Herod:] Who I? I rail at one of Ferrara, a Ferazees , noe? didst thou ride?&lt;br&gt;
[Hercules:] No.&lt;br&gt;
[Herod:] Hast thou worn socks?&lt;br&gt;
[Hercules:] No.&lt;br&gt;
[Herod:] Then blessed be the most happy gravel betwixt thy toes I do prophesy thy tyrannising itch shall be honourable, and thy right worshipful soul shall appear in full presence; art thou an officer to the Princes.&lt;br&gt;
[Hercules:] I am, what a that?&lt;br&gt;
[Herod:] My cap, what officer?&lt;br&gt;
[Hercules:] Yeoman of his bottles, what to that?&lt;br&gt;
[Herod:] My lip, thy name good yeoman of the bottles?&lt;br&gt;
[Hercules:] Faunus.&lt;br&gt;
[Nymphadoro:] Faunus an old Courtier, I wonder thou art in no better clothes and place Faunus?&lt;br&gt;
[Hercules:] I may be in better place sir, and with them of more regard if this match of our Dukes intermarriage with the heir of Urbin proceed, the Duke of Urbin dying, and our Lord coming in his Lady's right title to your dukedom.</p0826-teimww:text>
  </p0826-teimww:passage>
  <p0826-teimww:passage id="ww_5debd0a7bd44620b">
    <knoraXmlImport:label>passage label</knoraXmlImport:label>
    <p0826-teimww:occursIn>
      <p0826-teimww:book knoraType="link_value" linkType="ref" target="ww_9ec767d44e3a36f8"/>
    </p0826-teimww:occursIn>
  </p0826-teimww:passage>
  <p0826-teimww:passage id="ww_28374a289910c71f">
    <knoraXmlImport:label>passage label</knoraXmlImport:label>
    <p0826-teimww:occursIn>
      <p0826-teimww:book knoraType="link_value" linkType="ref" target="ww_d77664dc4673002e"/>
    </p0826-teimww:occursIn>
    <p0826-teimww:text knoraType="richtext_value">[Nymphadoro:] How? the Prince? would he only stood cross to my wishes, he should find me &lt;span class="quote"&gt;an Italian.&lt;br&gt;&lt;/span&gt;
[Hercules:] How, an Italian &lt;br&gt;
[Herod:] &lt;span class="quote"&gt;By thy aid an Italian, &lt;/span&gt;dear Faunus , thou art now wriggled into the Prince's bosom, and thy sweet hand should Minister that Nectar to him, should make him immortal; Nymphadoro in direct phrase, &lt;span class="quote"&gt;thou should'st murder the Prince, &lt;/span&gt;so revenge thine own wrongs, and be rewarded for that revenge.</p0826-teimww:text>
  </p0826-teimww:passage>
  <p0826-teimww:passage id="ww_b07c60b19d751bad">
    <knoraXmlImport:label>passage label</knoraXmlImport:label>
    <p0826-teimww:occursIn>
      <p0826-teimww:book knoraType="link_value" linkType="ref" target="ww_9ec767d44e3a36f8"/>
    </p0826-teimww:occursIn>
  </p0826-teimww:passage>
  <p0826-teimww:passage id="ww_8235bc689d6d0aff">
    <knoraXmlImport:label>passage label</knoraXmlImport:label>
    <p0826-teimww:occursIn>
      <p0826-teimww:book knoraType="link_value" linkType="ref" target="ww_d77664dc4673002e"/>
    </p0826-teimww:occursIn>
    <p0826-teimww:text knoraType="richtext_value">[Hercules:] As for that most precious light of heaven Truth, if time be the father of her, I am sure drunkenness is oftentimes the mother of her, and brings her forth, &lt;span class="quote"&gt;drunkenness brings all out, for it brings all the drink out of the pot, all the wit out of the pate, and all the money out of the purse.&lt;/span&gt;</p0826-teimww:text>
  </p0826-teimww:passage>
  <p0826-teimww:passage id="ww_db9c979496d54976">
    <knoraXmlImport:label>passage label</knoraXmlImport:label>
    <p0826-teimww:occursIn>
      <p0826-teimww:book knoraType="link_value" linkType="ref" target="ww_9ec767d44e3a36f8"/>
    </p0826-teimww:occursIn>
  </p0826-teimww:passage>
  <p0826-teimww:passage id="ww_f937ecdfba418e07">
    <knoraXmlImport:label>passage label</knoraXmlImport:label>
    <p0826-teimww:occursIn>
      <p0826-teimww:book knoraType="link_value" linkType="ref" target="ww_d77664dc4673002e"/>
    </p0826-teimww:occursIn>
    <p0826-teimww:text knoraType="richtext_value">[Herod:] Come Sir, a stool boy, these Court Feasts are to us Servitors Court Fasts, &lt;span class="quote"&gt;such scrambling, such shift for to eat, and where to eat, here a Squire of low degree hath got the carcass of a Plover, there Pages of the Chamber divide the spoils of a tattered Pheasant, here the Sewer has friended a Country Gentleman with a sweet green goose, and there a young fellow that late has bought his office, has caught a Woodcock by the nose, &lt;i&gt;with cups full ever flowing.&lt;/i&gt;&lt;/span&gt;</p0826-teimww:text>
  </p0826-teimww:passage>
  <p0826-teimww:passage id="ww_48ef0edaddcdd837">
    <knoraXmlImport:label>passage label</knoraXmlImport:label>
    <p0826-teimww:occursIn>
      <p0826-teimww:book knoraType="link_value" linkType="ref" target="ww_d77664dc4673002e"/>
    </p0826-teimww:occursIn>
    <p0826-teimww:text knoraType="richtext_value">[Dondolo:] An other that there is no present time, and that one man to day, and tomorrow is not the same man, so that &lt;span class="quote"&gt;he that yesterday owed money today owes none, because he is not the same man.&lt;/span&gt;</p0826-teimww:text>
  </p0826-teimww:passage>
  <p0826-teimww:passage id="ww_8f7c3e709a78e4e5">
    <knoraXmlImport:label>passage label</knoraXmlImport:label>
    <p0826-teimww:occursIn>
      <p0826-teimww:book knoraType="link_value" linkType="ref" target="ww_d77664dc4673002e"/>
    </p0826-teimww:occursIn>
    <p0826-teimww:text knoraType="richtext_value">[Zuccone:] What years Fawn?&lt;br&gt;
[Hercules:] Some fewer score wanting one.&lt;br&gt;
[Zuccone:] A good sober age, is she wealthy?&lt;br&gt;
[Hercules:] Very wealthy.&lt;br&gt;
[Zuccone:] Excellent.&lt;br&gt;
[Hercules:] &lt;span class="quote"&gt;She has three hairs on her scalp and four teeth in her head, a brow wrinkled and puckered like old parchment half burnt, she has had eyes, no woman's Jawbones are more apparent, her sometimes envious lips, now shrink in, and give her nose and her chin leave to kiss each other, very moistly as for her revered it seldom opens, but the very breath that flies out of it infects the fowls of the air, &amp; makes them drop down dead, her breasts hang like cobwebs, her flesh will never make you cuckold, her bones may.&lt;br&gt;&lt;/span&gt;
[Zuccone:] &lt;span class="quote"&gt;But is she wealthy?&lt;br&gt;&lt;/span&gt;
[Hercules:] &lt;span class="quote"&gt;Very wealthy.&lt;/span&gt;</p0826-teimww:text>
  </p0826-teimww:passage>
  <p0826-teimww:passage id="ww_e37a791cce3d9e8e">
    <knoraXmlImport:label>passage label</knoraXmlImport:label>
    <p0826-teimww:occursIn>
      <p0826-teimww:book knoraType="link_value" linkType="ref" target="ww_9ec767d44e3a36f8"/>
    </p0826-teimww:occursIn>
  </p0826-teimww:passage>
  <p0826-teimww:passage id="ww_3f160b1169828802">
    <knoraXmlImport:label>passage label</knoraXmlImport:label>
    <p0826-teimww:occursIn>
      <p0826-teimww:book knoraType="link_value" linkType="ref" target="ww_c021f9c6c9cb807d"/>
    </p0826-teimww:occursIn>
    <p0826-teimww:text knoraType="richtext_value">[Quicksilver:] [...] turn good fellow, turn swaggering gallant, and &lt;span class="quote"&gt;&lt;i&gt;let the Welkin roar, and Erebus also: &lt;/i&gt;Look not Westward to the fall of Don Phoebus, but to the East; &lt;i&gt;Eastward Ho &lt;/i&gt;&lt;/span&gt;[...].</p0826-teimww:text>
  </p0826-teimww:passage>
  <p0826-teimww:passage id="ww_1f9494a710cd1a7a">
    <knoraXmlImport:label>passage label</knoraXmlImport:label>
    <p0826-teimww:occursIn>
      <p0826-teimww:book knoraType="link_value" linkType="ref" target="ww_1140c36ab545b6d8"/>
    </p0826-teimww:occursIn>
  </p0826-teimww:passage>
  <p0826-teimww:passage id="ww_17cf1a2c74594deb">
    <knoraXmlImport:label>passage label</knoraXmlImport:label>
    <p0826-teimww:occursIn>
      <p0826-teimww:book knoraType="link_value" linkType="ref" target="ww_c021f9c6c9cb807d"/>
    </p0826-teimww:occursIn>
    <p0826-teimww:text knoraType="richtext_value">&lt;span class="quote"&gt;(Enter Beatrice leading a Monkey after her).&lt;/span&gt;</p0826-teimww:text>
  </p0826-teimww:passage>
  <p0826-teimww:passage id="ww_ff483645996683a8">
    <knoraXmlImport:label>passage label</knoraXmlImport:label>
    <p0826-teimww:occursIn>
      <p0826-teimww:book knoraType="link_value" linkType="ref" target="ww_c021f9c6c9cb807d"/>
    </p0826-teimww:occursIn>
    <p0826-teimww:text knoraType="richtext_value">[Quicksilver:] &lt;span class="quote"&gt;Eastward Ho; Holla ye pampered Jades of Asia. &lt;/span&gt;</p0826-teimww:text>
  </p0826-teimww:passage>
  <p0826-teimww:passage id="ww_5344e546f567b697">
    <knoraXmlImport:label>passage label</knoraXmlImport:label>
    <p0826-teimww:occursIn>
      <p0826-teimww:book knoraType="link_value" linkType="ref" target="ww_1140c36ab545b6d8"/>
    </p0826-teimww:occursIn>
  </p0826-teimww:passage>
  <p0826-teimww:passage id="ww_a1b32f23639ca208">
    <knoraXmlImport:label>passage label</knoraXmlImport:label>
    <p0826-teimww:occursIn>
      <p0826-teimww:book knoraType="link_value" linkType="ref" target="ww_c021f9c6c9cb807d"/>
    </p0826-teimww:occursIn>
    <p0826-teimww:text knoraType="richtext_value">[Quicksilver:] Sfoot lend me some money, &lt;span class="quote"&gt;&lt;i&gt;hast thou not Hyren here? &lt;/i&gt;&lt;/span&gt;&lt;/span&gt;</p0826-teimww:text>
  </p0826-teimww:passage>
  <p0826-teimww:passage id="ww_5cc21c154f4f9c99">
    <knoraXmlImport:label>passage label</knoraXmlImport:label>
    <p0826-teimww:occursIn>
      <p0826-teimww:book knoraType="link_value" linkType="ref" target="ww_1140c36ab545b6d8"/>
    </p0826-teimww:occursIn>
  </p0826-teimww:passage>
  <p0826-teimww:passage id="ww_64044b7e238db8cd">
    <knoraXmlImport:label>passage label</knoraXmlImport:label>
    <p0826-teimww:occursIn>
      <p0826-teimww:book knoraType="link_value" linkType="ref" target="ww_c021f9c6c9cb807d"/>
    </p0826-teimww:occursIn>
    <p0826-teimww:text knoraType="richtext_value">[Securitie:] [...] &lt;span class="quote"&gt;at every shaking of a leaf, he falls into an agony, to think what danger his Ship is in on such a Coast, &lt;/span&gt;and so forth.</p0826-teimww:text>
  </p0826-teimww:passage>
  <p0826-teimww:passage id="ww_30b835673aca2973">
    <knoraXmlImport:label>passage label</knoraXmlImport:label>
    <p0826-teimww:occursIn>
      <p0826-teimww:book knoraType="link_value" linkType="ref" target="ww_b3682ff76e9d5773"/>
    </p0826-teimww:occursIn>
    <p0826-teimww:text knoraType="richtext_value">[Sam:] [...] they call it "knighting" in London when &lt;span class="quote"&gt;they drink upon their knees.&lt;/span&gt;</p0826-teimww:text>
  </p0826-teimww:passage>
  <p0826-teimww:passage id="ww_6ea239c430783d65">
    <knoraXmlImport:label>passage label</knoraXmlImport:label>
    <p0826-teimww:occursIn>
      <p0826-teimww:book knoraType="link_value" linkType="ref" target="ww_a9ac3afc4eca7d49"/>
    </p0826-teimww:occursIn>
    <p0826-teimww:text knoraType="richtext_value">&lt;span class="quote"&gt;Lear&lt;/span&gt;</p0826-teimww:text>
  </p0826-teimww:passage>
  <p0826-teimww:passage id="ww_a25e89ef5ba7add6">
    <knoraXmlImport:label>passage label</knoraXmlImport:label>
    <p0826-teimww:occursIn>
      <p0826-teimww:book knoraType="link_value" linkType="ref" target="ww_a9ac3afc4eca7d49"/>
    </p0826-teimww:occursIn>
    <p0826-teimww:text knoraType="richtext_value">[Edmund:] [...] Why brand they us &lt;br&gt;
&lt;span class="quote"&gt;With "base," with "baseness," "bastardy," "base," "base," &lt;br&gt;
Who, in the lusty stealth of nature, take &lt;br&gt;
More composition and fierce quality &lt;br&gt;
Than doth within a dull, stale, tired bed &lt;br&gt;
Go to th’ creating a whole tribe of fops &lt;br&gt;
Got ’tween asleep and wake?&lt;/span&gt;</p0826-teimww:text>
  </p0826-teimww:passage>
  <p0826-teimww:passage id="ww_4438e6e3664a48c1">
    <knoraXmlImport:label>passage label</knoraXmlImport:label>
    <p0826-teimww:occursIn>
      <p0826-teimww:book knoraType="link_value" linkType="ref" target="ww_5eeeb3e78e8b0bc3"/>
    </p0826-teimww:occursIn>
  </p0826-teimww:passage>
  <p0826-teimww:passage id="ww_eb6f2f6739b9f077">
    <knoraXmlImport:label>passage label</knoraXmlImport:label>
    <p0826-teimww:occursIn>
      <p0826-teimww:book knoraType="link_value" linkType="ref" target="ww_d77664dc4673002e"/>
    </p0826-teimww:occursIn>
    <p0826-teimww:text knoraType="richtext_value">[Hercules:] For indeed, sir, &lt;span class="quote"&gt;a repressed fame mounts like a camomile, the more trod down, the more it grows &lt;/span&gt;[...].	</p0826-teimww:text>
  </p0826-teimww:passage>
  <p0826-teimww:passage id="ww_4942e86c69e34260">
    <knoraXmlImport:label>passage label</knoraXmlImport:label>
    <p0826-teimww:occursIn>
      <p0826-teimww:book knoraType="link_value" linkType="ref" target="ww_67e1fbe9bd0f1b9d"/>
    </p0826-teimww:occursIn>
  </p0826-teimww:passage>
  <p0826-teimww:passage id="ww_de8253970ac761dd">
    <knoraXmlImport:label>passage label</knoraXmlImport:label>
    <p0826-teimww:occursIn>
      <p0826-teimww:book knoraType="link_value" linkType="ref" target="ww_d77664dc4673002e"/>
    </p0826-teimww:occursIn>
    <p0826-teimww:text knoraType="richtext_value">[Gonzago:] [...] anxoué e ampexou, &lt;span class="quote"&gt;(that's Greek to you now.)&lt;/span&gt;</p0826-teimww:text>
  </p0826-teimww:passage>
  <p0826-teimww:passage id="ww_f185dd038d2cedce">
    <knoraXmlImport:label>passage label</knoraXmlImport:label>
    <p0826-teimww:occursIn>
      <p0826-teimww:book knoraType="link_value" linkType="ref" target="ww_d77664dc4673002e"/>
    </p0826-teimww:occursIn>
    <p0826-teimww:text knoraType="richtext_value">[Don Zuccone:] [...] &lt;span class="quote"&gt;dost thou leer on me?	&lt;/span&gt;</p0826-teimww:text>
  </p0826-teimww:passage>
  <p0826-teimww:passage id="ww_28b4dfe5ac64b2c1">
    <knoraXmlImport:label>passage label</knoraXmlImport:label>
    <p0826-teimww:occursIn>
      <p0826-teimww:book knoraType="link_value" linkType="ref" target="ww_d77664dc4673002e"/>
    </p0826-teimww:occursIn>
    <p0826-teimww:text knoraType="richtext_value">[Donetta:] [...] my fools that were appointed to wait on Don Cupid &lt;span class="quote"&gt;have launched out their ship to purge their stomachs on the water&lt;/span&gt; [...].	</p0826-teimww:text>
  </p0826-teimww:passage>
  <p0826-teimww:passage id="ww_89199ac814087542">
    <knoraXmlImport:label>passage label</knoraXmlImport:label>
    <p0826-teimww:occursIn>
      <p0826-teimww:book knoraType="link_value" linkType="ref" target="ww_3e15ab6c612eadae"/>
    </p0826-teimww:occursIn>
  </p0826-teimww:passage>
  <p0826-teimww:passage id="ww_b86f2921a044c926">
    <knoraXmlImport:label>passage label</knoraXmlImport:label>
    <p0826-teimww:occursIn>
      <p0826-teimww:book knoraType="link_value" linkType="ref" target="ww_d77664dc4673002e"/>
    </p0826-teimww:occursIn>
    <p0826-teimww:text knoraType="richtext_value">[Hercules:] &lt;span class="quote"&gt;Sole lov'de of him &lt;/span&gt;[has been emended to "sole lord of Hymen" ]	</p0826-teimww:text>
  </p0826-teimww:passage>
  <p0826-teimww:passage id="ww_24fd59fdc48dd13f">
    <knoraXmlImport:label>passage label</knoraXmlImport:label>
    <p0826-teimww:occursIn>
      <p0826-teimww:book knoraType="link_value" linkType="ref" target="ww_5af91280461707f1"/>
    </p0826-teimww:occursIn>
  </p0826-teimww:passage>
  <p0826-teimww:passage id="ww_c4877279c5280c12">
    <knoraXmlImport:label>passage label</knoraXmlImport:label>
    <p0826-teimww:occursIn>
      <p0826-teimww:book knoraType="link_value" linkType="ref" target="ww_aba8d90916ae3714"/>
    </p0826-teimww:occursIn>
    <p0826-teimww:text knoraType="richtext_value">[Carthalon:] Upon whose tops the Roman eagles stretch'd&lt;br&gt;
&lt;span class="quote"&gt;Their large spread wings, which fann'd the evening air&lt;br&gt;
To us cold breath &lt;/span&gt;[...].</p0826-teimww:text>
  </p0826-teimww:passage>
  <p0826-teimww:passage id="ww_d614487604462134">
    <knoraXmlImport:label>passage label</knoraXmlImport:label>
    <p0826-teimww:occursIn>
      <p0826-teimww:book knoraType="link_value" linkType="ref" target="ww_5af91280461707f1"/>
    </p0826-teimww:occursIn>
  </p0826-teimww:passage>
  <p0826-teimww:passage id="ww_e3790d253a930912">
    <knoraXmlImport:label>passage label</knoraXmlImport:label>
    <p0826-teimww:occursIn>
      <p0826-teimww:book knoraType="link_value" linkType="ref" target="ww_aba8d90916ae3714"/>
    </p0826-teimww:occursIn>
    <p0826-teimww:text knoraType="richtext_value">[Syphax:] [...] Haste Negro, that &lt;span class="quote"&gt;this heap may &lt;/span&gt;know&lt;br&gt;
Me and their wrong [...].</p0826-teimww:text>
  </p0826-teimww:passage>
  <p0826-teimww:passage id="ww_165df8ce8776121d">
    <knoraXmlImport:label>passage label</knoraXmlImport:label>
    <p0826-teimww:occursIn>
      <p0826-teimww:book knoraType="link_value" linkType="ref" target="ww_5af91280461707f1"/>
    </p0826-teimww:occursIn>
  </p0826-teimww:passage>
  <p0826-teimww:passage id="ww_70a99c78f744a203">
    <knoraXmlImport:label>passage label</knoraXmlImport:label>
    <p0826-teimww:occursIn>
      <p0826-teimww:book knoraType="link_value" linkType="ref" target="ww_aba8d90916ae3714"/>
    </p0826-teimww:occursIn>
    <p0826-teimww:text knoraType="richtext_value">[Carthalon:] [...] &lt;span class="quote"&gt;yet doubtful stood the fight&lt;/span&gt; [...]</p0826-teimww:text>
  </p0826-teimww:passage>
  <p0826-teimww:passage id="ww_c60c345a34ccd871">
    <knoraXmlImport:label>passage label</knoraXmlImport:label>
    <p0826-teimww:occursIn>
      <p0826-teimww:book knoraType="link_value" linkType="ref" target="ww_aba8d90916ae3714"/>
    </p0826-teimww:occursIn>
    <p0826-teimww:text knoraType="richtext_value">[Carthalon:] &lt;span class="quote"&gt;Then look as when a Falcon towers aloft&lt;br&gt;
Whole shoals of fowl and flocks of lesser birds,&lt;br&gt;
Crouch fearfully&lt;/span&gt; and dive some among sedge,&lt;br&gt;
Some creep in brakes: so Massinissa's sword&lt;br&gt;
Brandished aloft, tossd 'bout his shining cask,&lt;br&gt;
Made stoop whole squadrons [...].	</p0826-teimww:text>
  </p0826-teimww:passage>
  <p0826-teimww:passage id="ww_25bef5612cab7b6e">
    <knoraXmlImport:label>passage label</knoraXmlImport:label>
    <p0826-teimww:occursIn>
      <p0826-teimww:book knoraType="link_value" linkType="ref" target="ww_1140c36ab545b6d8"/>
    </p0826-teimww:occursIn>
  </p0826-teimww:passage>
  <p0826-teimww:passage id="ww_897c36302058bacf">
    <knoraXmlImport:label>passage label</knoraXmlImport:label>
    <p0826-teimww:occursIn>
      <p0826-teimww:book knoraType="link_value" linkType="ref" target="ww_aba8d90916ae3714"/>
    </p0826-teimww:occursIn>
    <p0826-teimww:text knoraType="richtext_value">[Erictho:] Here Syphax here, quake not, for know&lt;br&gt;
&lt;span class="quote"&gt;I know thy thoughts, &lt;/span&gt;thou wouldst entreat our power [...].</p0826-teimww:text>
  </p0826-teimww:passage>
  <p0826-teimww:passage id="ww_99f72615806f93e4">
    <knoraXmlImport:label>passage label</knoraXmlImport:label>
    <p0826-teimww:occursIn>
      <p0826-teimww:book knoraType="link_value" linkType="ref" target="ww_17675e9418dc9f39"/>
    </p0826-teimww:occursIn>
    <p0826-teimww:text knoraType="richtext_value">[Pompey:] […]  Which bears a burden heavier than the heavens, &lt;br&gt;
Under which&lt;span class="quote"&gt; steel-shouldered Atlas groans.&lt;/span&gt;</p0826-teimww:text>
  </p0826-teimww:passage>
  <p0826-teimww:passage id="ww_a22e17ee87dcf027">
    <knoraXmlImport:label>passage label</knoraXmlImport:label>
    <p0826-teimww:occursIn>
      <p0826-teimww:book knoraType="link_value" linkType="ref" target="ww_a9ac3afc4eca7d49"/>
    </p0826-teimww:occursIn>
    <p0826-teimww:text knoraType="richtext_value">[Lear:]&lt;span class="quote"&gt; O, that way madness lies, let me shun that;&lt;br&gt;
No more of that.</p0826-teimww:text>
  </p0826-teimww:passage>
  <p0826-teimww:passage id="ww_b817c6ca2d200c2a">
    <knoraXmlImport:label>passage label</knoraXmlImport:label>
    <p0826-teimww:occursIn>
      <p0826-teimww:book knoraType="link_value" linkType="ref" target="ww_a9ac3afc4eca7d49"/>
    </p0826-teimww:occursIn>
    <p0826-teimww:text knoraType="richtext_value">[Lear:] &lt;span class="quote"&gt;Poor naked wretches, &lt;/span&gt;wheresoe'er you are,&lt;br&gt;
That bide the pelting of this pitiless storm,&lt;br&lt;
How shall your houseless heads and unfed sides,&lt;br&gt;
Your looped and windowed raggedness defend you&lt;br&gt;
From seasons such as these? O, I have ta'en
Too little care of this.</p0826-teimww:text>
  </p0826-teimww:passage>
  <p0826-teimww:passage id="ww_aaec9a3543ac2767">
    <knoraXmlImport:label>passage label</knoraXmlImport:label>
    <p0826-teimww:occursIn>
      <p0826-teimww:book knoraType="link_value" linkType="ref" target="ww_a9ac3afc4eca7d49"/>
    </p0826-teimww:occursIn>
    <p0826-teimww:text knoraType="richtext_value">[Edmund:] This is the excellent foppery of the world, that when we are sick in fortune (often the surfeits of our own behavior) we make guilty of our disasters the sun, the moon, and stars, as if we were villains on necessity;&lt;span class="quote"&gt; fools by heavenly compulsion; knaves, thieves, and treachers by spherical predominance; drunkards, liars, and adulterers by an enforced obedience of planetary influence&lt;/span&gt;; and all that we are evil in, by a divine thrusting on. An admirable evasion of whoremaster man, to lay his goatish disposition on the charge of a star! My father compounded with my mother under the Dragon’s tail, and my nativity was under Ursa Major, so that it follows I am rough and lecherous. Fut, I should have been that I am, had the maidenliest star in the firmament twinkled on my bastardizing.
</p0826-teimww:text>
  </p0826-teimww:passage>
  <p0826-teimww:passage id="ww_8e5d9b1e2842d5ea">
    <knoraXmlImport:label>passage label</knoraXmlImport:label>
    <p0826-teimww:occursIn>
      <p0826-teimww:book knoraType="link_value" linkType="ref" target="ww_5eeeb3e78e8b0bc3"/>
    </p0826-teimww:occursIn>
  </p0826-teimww:passage>
  <p0826-teimww:passage id="ww_6e2ad48ab61ab767">
    <knoraXmlImport:label>passage label</knoraXmlImport:label>
    <p0826-teimww:occursIn>
      <p0826-teimww:book knoraType="link_value" linkType="ref" target="ww_a9ac3afc4eca7d49"/>
    </p0826-teimww:occursIn>
    <p0826-teimww:text knoraType="richtext_value">[Kent:] [...] My lord, if you will give me leave, &lt;span class="quote"&gt;I will tread this unbolted villain into mortar &lt;/span&gt;and daub the wall of a jakes with him.</p0826-teimww:text>
  </p0826-teimww:passage>
  <p0826-teimww:passage id="ww_98fd07e014a6a9a2">
    <knoraXmlImport:label>passage label</knoraXmlImport:label>
    <p0826-teimww:occursIn>
      <p0826-teimww:book knoraType="link_value" linkType="ref" target="ww_1140c36ab545b6d8"/>
    </p0826-teimww:occursIn>
  </p0826-teimww:passage>
  <p0826-teimww:passage id="ww_6ff88e94932bf4d1">
    <knoraXmlImport:label>passage label</knoraXmlImport:label>
    <p0826-teimww:occursIn>
      <p0826-teimww:book knoraType="link_value" linkType="ref" target="ww_c021f9c6c9cb807d"/>
    </p0826-teimww:occursIn>
    <p0826-teimww:text knoraType="richtext_value">[Golding:] No, thou wilt undo thyself. Alas I behold thee with pity, not with anger; thou common shot-clog, gull of all companies: me thinks I see thee already &lt;span class="quote"&gt;walking in Moor fields&lt;/span&gt; without a Cloak, with half a Hat, without a band, a Doublet with three Buttons, without a girdle, a hose with one point and no Garter, with a cudgel under thine arm borrowing and begging three pence. </p0826-teimww:text>
  </p0826-teimww:passage>
  <p0826-teimww:passage id="ww_ff6bbb1bfada97bd">
    <knoraXmlImport:label>passage label</knoraXmlImport:label>
    <p0826-teimww:occursIn>
      <p0826-teimww:book knoraType="link_value" linkType="ref" target="ww_601ea37650b7df8c"/>
    </p0826-teimww:occursIn>
  </p0826-teimww:passage>
  <p0826-teimww:passage id="ww_285071813fa85086">
    <knoraXmlImport:label>passage label</knoraXmlImport:label>
    <p0826-teimww:occursIn>
      <p0826-teimww:book knoraType="link_value" linkType="ref" target="ww_a9ac3afc4eca7d49"/>
    </p0826-teimww:occursIn>
    <p0826-teimww:text knoraType="richtext_value">[Lear:] &lt;span class="quote"&gt;No, I will be the pattern of all patience; &lt;br&gt;&lt;/span&gt;
I will say nothing.</p0826-teimww:text>
  </p0826-teimww:passage>
  <p0826-teimww:passage id="ww_7b8df9c4cc4d5a3b">
    <knoraXmlImport:label>passage label</knoraXmlImport:label>
    <p0826-teimww:occursIn>
      <p0826-teimww:book knoraType="link_value" linkType="ref" target="ww_c63e16da2763dd6d"/>
    </p0826-teimww:occursIn>
    <p0826-teimww:text knoraType="richtext_value">[Ambitioso:] Over what roof hangs &lt;span class="quote"&gt;this prodigious comet&lt;br&gt;
In deadly fire?</p0826-teimww:text>
  </p0826-teimww:passage>
  <p0826-teimww:passage id="ww_75d1cc99fa178442">
    <knoraXmlImport:label>passage label</knoraXmlImport:label>
    <p0826-teimww:occursIn>
      <p0826-teimww:book knoraType="link_value" linkType="ref" target="ww_0f0f2ccb24fa3b96"/>
    </p0826-teimww:occursIn>
  </p0826-teimww:passage>
  <p0826-teimww:passage id="ww_2d14456076d01f3b">
    <knoraXmlImport:label>passage label</knoraXmlImport:label>
    <p0826-teimww:occursIn>
      <p0826-teimww:book knoraType="link_value" linkType="ref" target="ww_7114631e1c7c2d84"/>
    </p0826-teimww:occursIn>
    <p0826-teimww:text knoraType="richtext_value">[Macbeth:] [...] &lt;span class="quote"&gt;my single state of man &lt;/span&gt;[...].</p0826-teimww:text>
  </p0826-teimww:passage>
  <p0826-teimww:passage id="ww_cb7afe1092dcf5f9">
    <knoraXmlImport:label>passage label</knoraXmlImport:label>
    <p0826-teimww:occursIn>
      <p0826-teimww:book knoraType="link_value" linkType="ref" target="ww_4c03575c94189fa0"/>
    </p0826-teimww:occursIn>
    <p0826-teimww:text knoraType="richtext_value">[Lord:] [...] hear my love if not my counsel. &lt;br&gt;
&lt;span class="quote"&gt;[Antifront explains his reasons for going away. The other character now wishes him all best] &lt;/span&gt;
[Lord:] Unto your celsitude I wish, till their effects your hope may never fail. &lt;br&gt;
[Antifront:] [Antifront now decides to disguise himself and concludes:] [...] cuor forte rompe cattiva sorte.</p0826-teimww:text>
  </p0826-teimww:passage>
  <p0826-teimww:passage id="ww_b8231dae511c6d61">
    <knoraXmlImport:label>passage label</knoraXmlImport:label>
    <p0826-teimww:occursIn>
      <p0826-teimww:book knoraType="link_value" linkType="ref" target="ww_9ec767d44e3a36f8"/>
    </p0826-teimww:occursIn>
  </p0826-teimww:passage>
  <p0826-teimww:passage id="ww_b2e67e63be49bf0a">
    <knoraXmlImport:label>passage label</knoraXmlImport:label>
    <p0826-teimww:occursIn>
      <p0826-teimww:book knoraType="link_value" linkType="ref" target="ww_4c03575c94189fa0"/>
    </p0826-teimww:occursIn>
    <p0826-teimww:text knoraType="richtext_value">[Spark:]
Sure Ladies I must needs say th' instinct of this herb hath wrought in this Gentleman such a divine influence of good words, excellent discourse, admirable invention, incoparable wit: why I tell ye, when he talks, wisdom stands a mile off and dares not come near him, for fear a should shame her: but before a did use this Tobacco, a was the arrantest Woodcock that ever I saw. &lt;br&gt;

[Petoune:] &lt;span class="quote"&gt;Indeed I was a very silly fellow&lt;/span&gt;.&lt;br&gt;

[Ruffell:] Nay you were an arrant ass.&lt;br&gt;

[Petoune:]&lt;span class="quote"&gt; Sure I was a fool&lt;/span&gt;.&lt;br&gt;

[Knight:] Nay, you were a most monstrous puppy.&lt;br&gt;

[Petoune:]&lt;span class="quote"&gt; Indeed I was an Idiot, a very Idiot&lt;/span&gt;.&lt;br&gt;

[Piso:] By this light thou wert a most egregious coxcomb.&lt;br&gt;

[Petoune:] &lt;span class="quote"&gt;Indeed I was, indeed I was&lt;/span&gt;.</p0826-teimww:text>
  </p0826-teimww:passage>
  <p0826-teimww:passage id="ww_b9b9176051ba809b">
    <knoraXmlImport:label>passage label</knoraXmlImport:label>
    <p0826-teimww:occursIn>
      <p0826-teimww:book knoraType="link_value" linkType="ref" target="ww_9ec767d44e3a36f8"/>
    </p0826-teimww:occursIn>
  </p0826-teimww:passage>
  <p0826-teimww:passage id="ww_b0f29d01fdeb9847">
    <knoraXmlImport:label>passage label</knoraXmlImport:label>
    <p0826-teimww:occursIn>
      <p0826-teimww:book knoraType="link_value" linkType="ref" target="ww_4c03575c94189fa0"/>
    </p0826-teimww:occursIn>
    <p0826-teimww:text knoraType="richtext_value">[Ruffell:] Come signeur, put your hand to the pipe. &lt;br&gt;
[Susan:] First you shall never while you live offer Lady or Gentlewoman an empty pipe.&lt;br&gt;
[Petoune:] &lt;span class="quote"&gt;Never&lt;/span&gt;.&lt;br&gt;
[Susan:] Secondly, you shall never make Tobacco your Idol, taking it in a morning before you say your prayers.&lt;br&gt;
[Petoune:] &lt;span class="quote"&gt;Never&lt;/span&gt;.&lt;br&gt;
[Susan:] Thirdly, you shall never in the praise of Tobacco disclose or dispraise by the way of making comparisons, the secrets of Ladies, or Gentlewomen, as repeating their distilled waters, their censing oils, or their smoothing unguents.&lt;br&gt;
[Spark:] To this you swear.&lt;br&gt;
[Petoune:] Most willingly.&lt;br&gt;
[Susan:] Fourthly, you shall never come with your squibs &amp; smoke-squirts amongst Ladies and Gentlewomen, flinging out fume at your Nostrils, as a whale doth salt-water, unless you be entreated by them.&lt;br&gt;
[Petoune:] &lt;span class="quote"&gt;Never&lt;/span&gt;.&lt;br&gt;
[Susan:] Fiftly, you shall presently convey yourself out of our company, never to come more near us, unless you be sent for.&lt;br&gt;
[Petoune:] &lt;span class="quote"&gt;Never?&lt;/span&gt;&lt;br&gt;
[Susan:] No never: so, let him kiss the pipe.</p0826-teimww:text>
  </p0826-teimww:passage>
  <p0826-teimww:passage id="ww_e06a91f5588bc615">
    <knoraXmlImport:label>passage label</knoraXmlImport:label>
    <p0826-teimww:occursIn>
      <p0826-teimww:book knoraType="link_value" linkType="ref" target="ww_4c03575c94189fa0"/>
    </p0826-teimww:occursIn>
    <p0826-teimww:text knoraType="richtext_value">[Spark:]&lt;span class="quote"&gt; What art?&lt;/span&gt;&lt;br&gt;
[Fleer:] Poor.&lt;br&gt;
[Ruffell:] Dost mean to live in this town?&lt;br&gt;
[Fleer:] I'd be loth to die in't.&lt;br&gt;
[Knight:] In what country wert born?&lt;br&gt;
[Fleer:] In none.&lt;br&gt;
[Knight:] Where then?&lt;br&gt;
[Fleer:] In a Town.&lt;br&gt;
[Knight:] What nation art?&lt;br&gt;
[Fleer:] An Italian:&lt;br&gt;
[Knight:] O then thou canst make glasses.&lt;br&gt;
[Fleer:] Ay, and as wisemen as you Asses too, O are you there Piso? your father is my good Lord, but no more of that yet.&lt;br&gt;
[Spark:] Why Signior, I hope you wonnot swagger?&lt;br&gt;
[Fleer:] No, nor I care not greatly for them that do, for your swaggerer is but like your walking spur, a gingles much but he'll nev'r prick.&lt;br&gt;
[Knight:] Why art so melancholy?&lt;br&gt;
[Susan:] I'll hold my life he is in love with some waiting Gentlewoman.&lt;br&gt;
[Fleer:] He's a mad fellow will love any of you all, longer then a pissing while.&lt;br&gt;
[Piso:] Why camst thou out of Italy into England?&lt;br&gt;
[Fleer:] Because England would not come into Italy to me? &lt;br&gt;
[Piso:] Why art sad?&lt;br&gt;
[Fleer:] Because I have cause.&lt;br&gt;
[Piso:] Who dost follow?&lt;br&gt;
[Fleer:] My nose.&lt;br&gt;
[Spark:] Who dost serve?&lt;br&gt;
[Fleer:] God.&lt;br&gt;
[Ruff:! Who art towards?&lt;br&gt;
[Fleer:] He that's before me.&lt;br&gt;
[Spark:] What dost want?&lt;br&gt;
[Fleer:] Money.&lt;br&gt;
[Spark:] Nothing else?&lt;br&gt;
[Fleer:] Yes.&lt;br&gt;
[Spark:] What?&lt;br&gt;
[Fleer:] A good service.&lt;br&gt;
[Spark:] Shall I prefer thee?&lt;br&gt;
[Fleer:] I cannot tell, tis as I like the man.&lt;br&gt;
[Spark:] Nai't shall be to a couple of Gentlewomen of thine own Country.&lt;br&gt;
[...]&lt;br&gt;
[Spark:] What's thy name?&lt;br&gt;
[Fleer:] Fleer.&lt;br&gt;
[Spark:] What's thy profession?&lt;br&gt;
[Fleer:] I have ever been a Courtier.&lt;br&gt;
[Spark:] A Courtier! come Gentlemen, I like this fellow so well that I'll prefer him straight.</p0826-teimww:text>
  </p0826-teimww:passage>
  <p0826-teimww:passage id="ww_01d461f0bd230f15">
    <knoraXmlImport:label>passage label</knoraXmlImport:label>
    <p0826-teimww:occursIn>
      <p0826-teimww:book knoraType="link_value" linkType="ref" target="ww_4c03575c94189fa0"/>
    </p0826-teimww:occursIn>
    <p0826-teimww:text knoraType="richtext_value">[Fleer:] So I thought indeed, &lt;span class="quote"&gt;you cannot poison so well as we Italians, &lt;/span&gt;but you'll find a means to bring a man out of his life as soon.</p0826-teimww:text>
  </p0826-teimww:passage>
  <p0826-teimww:passage id="ww_3f701b24fd7cb382">
    <knoraXmlImport:label>passage label</knoraXmlImport:label>
    <p0826-teimww:occursIn>
      <p0826-teimww:book knoraType="link_value" linkType="ref" target="ww_4c03575c94189fa0"/>
    </p0826-teimww:occursIn>
    <p0826-teimww:text knoraType="richtext_value">[Florida:] Faith well Madam, were not your Citizens, such heavy head fellows:&lt;br&gt;

[Felecia:]
Thats a sign they are no drunkards.&lt;br&gt;

[Fleer:]
Indeed Madam, &lt;span class="quote"&gt;drink lightens the head, the heart, the heels, the pot, the purse, but it makes heavy chamberpots, full bowels, and foul rooms enough.&lt;/span&gt;</p0826-teimww:text>
  </p0826-teimww:passage>
  <p0826-teimww:passage id="ww_a3522661d416b9bc">
    <knoraXmlImport:label>passage label</knoraXmlImport:label>
    <p0826-teimww:occursIn>
      <p0826-teimww:book knoraType="link_value" linkType="ref" target="ww_4c03575c94189fa0"/>
    </p0826-teimww:occursIn>
    <p0826-teimww:text knoraType="richtext_value">[Florida:] But how dost like the Court Fleer?&lt;br&gt;
[Fleer:] Well enough, &lt;span class="quote"&gt;if they did not catch their meat so; it comes no sooner from Table, but t'one fellow has a fat Duck by the rump, t'other a slippery Eel by the tail, and an old Courtier that best knew the tricks on't, was mumbling of a Cunny in a corner alone by himself&lt;/span&gt;.</p0826-teimww:text>
  </p0826-teimww:passage>
  <p0826-teimww:passage id="ww_526c668bf1ae02c0">
    <knoraXmlImport:label>passage label</knoraXmlImport:label>
    <p0826-teimww:occursIn>
      <p0826-teimww:book knoraType="link_value" linkType="ref" target="ww_4c03575c94189fa0"/>
    </p0826-teimww:occursIn>
    <p0826-teimww:text knoraType="richtext_value">[Ruffell:] I did pray oftener when I was an Englishman, but I have not prayed often, I must confess since I was a Britain: but doost hear Fleer?&lt;span class="quote"&gt; canst tell me if an Englishman were in debt, whether a Britain must pay it or no?&lt;/span&gt; &lt;br&gt;
[Fleer:] No, question-less no.&lt;br&gt;
[Ruffell:] I'm glad of that, I hope some honest statute will come shortly, and wipe out all my scores.</p0826-teimww:text>
  </p0826-teimww:passage>
  <p0826-teimww:passage id="ww_18c75be3ff535f61">
    <knoraXmlImport:label>passage label</knoraXmlImport:label>
    <p0826-teimww:occursIn>
      <p0826-teimww:book knoraType="link_value" linkType="ref" target="ww_4c03575c94189fa0"/>
    </p0826-teimww:occursIn>
    <p0826-teimww:text knoraType="richtext_value">[Fleer:] His love to her? what Signor, in love with my Ladies Antient?&lt;br&gt;
[Sparke:] Why her Ancient?&lt;br&gt;
[Fleer:] Because she carries her colours for her, but tis in a box: but signor you shall have a good match on't, though she be not rich, yet&lt;span class="quote"&gt; she's an ancient woman&lt;/span&gt; and is able to get her living, by midwifery, and I can tell ye tis not the worst trade going, considering how young and old, and all do their good wills to set them a work, and tis a good hearing, better they get then the Lawyers, for your midwives live by the agreement between party and party, &amp; the falling in of lovers, but the Lawyers live by the falling out of friends.&lt;br&gt;
[Petoune:] I pray sir what may she be worth?&lt;br&gt;
[Fleer:] Worth? let me see, she hath three yellow periwigs of her own: she hath a Pan with a short silver handle about the length of a Barbers syringe: she has a Looking-glass too, but that has plaid the prodigal Citizen with lier, tis broken, and much other goods of the same nature.&lt;br&gt;
[Sparke:] But come Signor, how will you woo her?&lt;br&gt;
[Petoune:] I will tell her she is so wise, that neither age nor time could cousen her of beauty.&lt;br&gt;
[Fleer:] And by my faith that will doe well.&lt;br&gt;
[Petoune:] I will tell her that I love her most for the whiteness of her skin.&lt;br&gt;
[Fleer:] But you may not say the sweetness of her breath, for that stinks.&lt;br&gt;
[Petoune:] I will praise the smallness of her fingers.&lt;br&gt;
[Fleer:] But I assure you, you may better praise the length of her nails.&lt;br&gt;
[Petoune:] &lt;span class="quote"&gt;I am afraid that being old she has a dry hand.&lt;/span&gt;&lt;br&gt;
[Fleer:] &lt;span class="quote"&gt;That's certain, but she has a very moist nose&lt;/span&gt;, you may praise her for that [...]</p0826-teimww:text>
  </p0826-teimww:passage>
  <p0826-teimww:passage id="ww_f94ab2af50afc266">
    <knoraXmlImport:label>passage label</knoraXmlImport:label>
    <p0826-teimww:occursIn>
      <p0826-teimww:book knoraType="link_value" linkType="ref" target="ww_4c03575c94189fa0"/>
    </p0826-teimww:occursIn>
    <p0826-teimww:text knoraType="richtext_value">&lt;span class="quote"&gt;Antifront&lt;/span&gt;</p0826-teimww:text>
  </p0826-teimww:passage>
  <p0826-teimww:passage id="ww_9b289b587d857361">
    <knoraXmlImport:label>passage label</knoraXmlImport:label>
    <p0826-teimww:occursIn>
      <p0826-teimww:book knoraType="link_value" linkType="ref" target="ww_9ec767d44e3a36f8"/>
    </p0826-teimww:occursIn>
  </p0826-teimww:passage>
  <p0826-teimww:passage id="ww_98292b1d03f863fe">
    <knoraXmlImport:label>passage label</knoraXmlImport:label>
    <p0826-teimww:occursIn>
      <p0826-teimww:book knoraType="link_value" linkType="ref" target="ww_7114631e1c7c2d84"/>
    </p0826-teimww:occursIn>
    <p0826-teimww:text knoraType="richtext_value">[Macbeth:] &lt;span class="quote"&gt;[to the Ghost] Thou canst not say I did it. Never shake &lt;br&gt;
Thy gory locks at me. &lt;/span&gt;</p0826-teimww:text>
  </p0826-teimww:passage>
  <p0826-teimww:passage id="ww_667ef60ed8d06fa7">
    <knoraXmlImport:label>passage label</knoraXmlImport:label>
    <p0826-teimww:occursIn>
      <p0826-teimww:book knoraType="link_value" linkType="ref" target="ww_5eeeb3e78e8b0bc3"/>
    </p0826-teimww:occursIn>
  </p0826-teimww:passage>
  <p0826-teimww:passage id="ww_c584fe7994b12431">
    <knoraXmlImport:label>passage label</knoraXmlImport:label>
    <p0826-teimww:occursIn>
      <p0826-teimww:book knoraType="link_value" linkType="ref" target="ww_4c03575c94189fa0"/>
    </p0826-teimww:occursIn>
    <p0826-teimww:text knoraType="richtext_value">[Nan:] [...] and i'faith he was a neat lad too, for &lt;span class="quote"&gt;his beard was newly cut bare; marry it showed something like a Meadow newly mowed: stubble, stubble.&lt;/span&gt;</p0826-teimww:text>
  </p0826-teimww:passage>
  <p0826-teimww:passage id="ww_e60c13d24272cd18">
    <knoraXmlImport:label>passage label</knoraXmlImport:label>
    <p0826-teimww:occursIn>
      <p0826-teimww:book knoraType="link_value" linkType="ref" target="ww_4c03575c94189fa0"/>
    </p0826-teimww:occursIn>
    <p0826-teimww:text knoraType="richtext_value">[Fleer:] l, By my troth I took him for a Conjurer, when I first saw him, he talked so much of his soul and the Devil.&lt;br&gt;
[Spark:] Why &lt;span class="quote"&gt;he sold his soul to the Devil man, for the velvet that lines his cloak.&lt;/span&gt;</p0826-teimww:text>
  </p0826-teimww:passage>
  <p0826-teimww:passage id="ww_8d8a611e2497e3d4">
    <knoraXmlImport:label>passage label</knoraXmlImport:label>
    <p0826-teimww:occursIn>
      <p0826-teimww:book knoraType="link_value" linkType="ref" target="ww_4c03575c94189fa0"/>
    </p0826-teimww:occursIn>
    <p0826-teimww:text knoraType="richtext_value">&lt;span class="quote"&gt;(When Piso and Havelittle face a trial for murder, Fleer disguises himself as the incapacitated judge Ferrio to provide an appropriate conclusion)&lt;/span&gt;</p0826-teimww:text>
  </p0826-teimww:passage>
  <p0826-teimww:passage id="ww_570f029077b76fbd">
    <knoraXmlImport:label>passage label</knoraXmlImport:label>
    <p0826-teimww:occursIn>
      <p0826-teimww:book knoraType="link_value" linkType="ref" target="ww_4c03575c94189fa0"/>
    </p0826-teimww:occursIn>
    <p0826-teimww:text knoraType="richtext_value">[Knight:] And how lives he with him. &lt;br&gt;
[Fleer:] Faith &lt;span class="quote"&gt;like Thisbe in the play, &lt;/span&gt;a has almost kill'd himself with the scabbard [...].</p0826-teimww:text>
  </p0826-teimww:passage>
  <p0826-teimww:passage id="ww_5312ef9296e4a29c">
    <knoraXmlImport:label>passage label</knoraXmlImport:label>
    <p0826-teimww:occursIn>
      <p0826-teimww:book knoraType="link_value" linkType="ref" target="ww_9ec767d44e3a36f8"/>
    </p0826-teimww:occursIn>
  </p0826-teimww:passage>
  <p0826-teimww:passage id="ww_7fe71c9126c28faf">
    <knoraXmlImport:label>passage label</knoraXmlImport:label>
    <p0826-teimww:occursIn>
      <p0826-teimww:book knoraType="link_value" linkType="ref" target="ww_4c03575c94189fa0"/>
    </p0826-teimww:occursIn>
    <p0826-teimww:text knoraType="richtext_value">&lt;span class="quote"&gt;(Antifront disguises himself to preserve his daughters from degradation)&lt;/span&gt;</p0826-teimww:text>
  </p0826-teimww:passage>
  <p0826-teimww:passage id="ww_ce2cd24cf9795365">
    <knoraXmlImport:label>passage label</knoraXmlImport:label>
    <p0826-teimww:occursIn>
      <p0826-teimww:book knoraType="link_value" linkType="ref" target="ww_4c03575c94189fa0"/>
    </p0826-teimww:occursIn>
    <p0826-teimww:text knoraType="richtext_value">[Ruffle:] What Gallants use to come to your house?&lt;br&gt;
[Fleer:] All sorts, all nations, and all trades:&lt;span class="quote"&gt; there is first Master Gallant your Britaine, Master Metheglins your Welshman, Mousieur Mushroome the Frenchman: Signior Fumada the Spaniard, Master Oscabath the Irishman: and Master Shamrock his Lackey, O and Master Slopdragon the Dutchman. Then for your Tradesmen, there comes first Master Saluberrimum the Physican, Master Smooth the Silkman, Master Thimble the Tailor, Master Blade the Cutler, and Master Rowell the Spurrier: but Master Match the Gunner of Tower-hill comes often &lt;/span&gt;[...].</p0826-teimww:text>
  </p0826-teimww:passage>
  <p0826-teimww:passage id="ww_bbb3b406f9313227">
    <knoraXmlImport:label>passage label</knoraXmlImport:label>
    <p0826-teimww:occursIn>
      <p0826-teimww:book knoraType="link_value" linkType="ref" target="ww_4c03575c94189fa0"/>
    </p0826-teimww:occursIn>
    <p0826-teimww:text knoraType="richtext_value">[Fleer:] But believe me my little Gallants, ye play the Boys well.&lt;br&gt;
[Nan:] Well? why I'll tell thee, &lt;span class="quote"&gt;I have played the boy so long as I am chang'd into the nature of a boy, I'll go to span counter with any page in Europe, for his best garters I can tell bawdy tales, drink drunk, brag, swear, and lie with any Lackey in the town&lt;/span&gt;.&lt;br&gt;
[Susan:] &lt;span class="quote"&gt;I can man a punk to a play, or slander any Gentlewoman as well as any Inns of Court puny, I can as well as he, swear such a Lady is in love with me, and such a Citizen's Daughter would have come to bed to me&lt;/span&gt;, when all shall be as true as thy Ladies are honest. </p0826-teimww:text>
  </p0826-teimww:passage>
  <p0826-teimww:passage id="ww_50a5073fd47fdca3">
    <knoraXmlImport:label>passage label</knoraXmlImport:label>
    <p0826-teimww:occursIn>
      <p0826-teimww:book knoraType="link_value" linkType="ref" target="ww_7114631e1c7c2d84"/>
    </p0826-teimww:occursIn>
    <p0826-teimww:text knoraType="richtext_value">[Macbeth:] &lt;span class="quote"&gt;Who can be wise, amazed, temp’rate, and furious, &lt;br&gt;
Loyal, and neutral, in a moment? No man. &lt;br&gt;
Th' expedition of my violent love &lt;br&gt;
Outrun the pauser, reason. Here lay Duncan, &lt;br&gt;
His silver skin laced with his golden blood, &lt;br&gt;
And his gashed stabs looked like a breach in nature &lt;br&gt;
For ruin's wasteful entrance; there the murderers, &lt;br&gt;
Steeped in the colors of their trade, their daggers &lt;br&gt;
Unmannerly breeched with gore. Who could refrain &lt;br&gt;
That had a heart to love, and in that heart &lt;br&gt;
Courage to make 's love known?&lt;/span&gt;</p0826-teimww:text>
  </p0826-teimww:passage>
  <p0826-teimww:passage id="ww_55f801acf1ba57ad">
    <knoraXmlImport:label>passage label</knoraXmlImport:label>
    <p0826-teimww:occursIn>
      <p0826-teimww:book knoraType="link_value" linkType="ref" target="ww_5eeeb3e78e8b0bc3"/>
    </p0826-teimww:occursIn>
  </p0826-teimww:passage>
  <p0826-teimww:passage id="ww_4a7ca81a38701645">
    <knoraXmlImport:label>passage label</knoraXmlImport:label>
    <p0826-teimww:occursIn>
      <p0826-teimww:book knoraType="link_value" linkType="ref" target="ww_c63e16da2763dd6d"/>
    </p0826-teimww:occursIn>
    <p0826-teimww:text knoraType="richtext_value">&lt;span class="quote"&gt;The Revenger's Tragedy&lt;/span&gt;</p0826-teimww:text>
  </p0826-teimww:passage>
  <p0826-teimww:passage id="ww_2ac8adbf8e6a2514">
    <knoraXmlImport:label>passage label</knoraXmlImport:label>
    <p0826-teimww:occursIn>
      <p0826-teimww:book knoraType="link_value" linkType="ref" target="ww_4ecd91ff283420a1"/>
    </p0826-teimww:occursIn>
  </p0826-teimww:passage>
  <p0826-teimww:passage id="ww_a4ec43b00c1e5369">
    <knoraXmlImport:label>passage label</knoraXmlImport:label>
    <p0826-teimww:occursIn>
      <p0826-teimww:book knoraType="link_value" linkType="ref" target="ww_0dd45e53b3b0b09c"/>
    </p0826-teimww:occursIn>
  </p0826-teimww:passage>
  <p0826-teimww:passage id="ww_8a6fba1e28f9017b">
    <knoraXmlImport:label>passage label</knoraXmlImport:label>
    <p0826-teimww:occursIn>
      <p0826-teimww:book knoraType="link_value" linkType="ref" target="ww_7c3febaec4e5aacf"/>
    </p0826-teimww:occursIn>
    <p0826-teimww:text knoraType="richtext_value">&lt;span class="annotation"&gt;A prostitute marries a mercer.&lt;/span&gt;</p0826-teimww:text>
  </p0826-teimww:passage>
  <p0826-teimww:passage id="ww_427ef4768476e3a0">
    <knoraXmlImport:label>passage label</knoraXmlImport:label>
    <p0826-teimww:occursIn>
      <p0826-teimww:book knoraType="link_value" linkType="ref" target="ww_65a8b466f961261c"/>
    </p0826-teimww:occursIn>
    <p0826-teimww:text knoraType="richtext_value">&lt;span class="quote"&gt;The Family of Love&lt;/span&gt;</p0826-teimww:text>
  </p0826-teimww:passage>
  <p0826-teimww:passage id="ww_17a2e041f97118ed">
    <knoraXmlImport:label>passage label</knoraXmlImport:label>
    <p0826-teimww:occursIn>
      <p0826-teimww:book knoraType="link_value" linkType="ref" target="ww_65a8b466f961261c"/>
    </p0826-teimww:occursIn>
    <p0826-teimww:text knoraType="richtext_value">[Doctor Glister:] And from what good exercise come you three. &lt;br&gt;
[Gerardine:] From a play, where &lt;span class="quote"&gt;we saw most excellent &lt;i&gt; Sampson &lt;/i&gt; excell the whole world in gate carrying. &lt;br&gt;&lt;/span&gt;
[Dryfat:] Was it performed by the youths. &lt;br&gt;
[Lypsalve:] By youths: why I tell thee we saw &lt;i&gt; Sampson &lt;/i&gt;, and J hope 'tis not for youths to play &lt;i&gt; Sampson &lt;/i&gt;: &lt;span class="quote"&gt;Believe it we saw &lt;i&gt; Sampson &lt;/i&gt; bear the Town gates on his neck, from the lower to the upper stage, &lt;/span&gt;with that life and admirable accord, that it shall never be equalled (unless the whole new livery of Porters set their shoulders) [...].</p0826-teimww:text>
  </p0826-teimww:passage>
  <p0826-teimww:passage id="ww_89fd084a060495d9">
    <knoraXmlImport:label>passage label</knoraXmlImport:label>
    <p0826-teimww:occursIn>
      <p0826-teimww:book knoraType="link_value" linkType="ref" target="ww_65a8b466f961261c"/>
    </p0826-teimww:occursIn>
    <p0826-teimww:text knoraType="richtext_value">[Mistress Purge:] Husband, &lt;i&gt; I &lt;/i&gt; see you are hoodwink'd in the right use of feeling and knowledge, &lt;span class="quote"&gt;as if I knew you not then, as well as the Child knows his own father &lt;/span&gt;[...].</p0826-teimww:text>
  </p0826-teimww:passage>
  <p0826-teimww:passage id="ww_86dacdabfdd45f22">
    <knoraXmlImport:label>passage label</knoraXmlImport:label>
    <p0826-teimww:occursIn>
      <p0826-teimww:book knoraType="link_value" linkType="ref" target="ww_65a8b466f961261c"/>
    </p0826-teimww:occursIn>
    <p0826-teimww:text knoraType="richtext_value">[Mistress Glister:] &lt;span class="quote"&gt;If he brings thee to a fool's paradise, he will forsake thee.	&lt;/span&gt;</p0826-teimww:text>
  </p0826-teimww:passage>
  <p0826-teimww:passage id="ww_72db108fcac7d14b">
    <knoraXmlImport:label>passage label</knoraXmlImport:label>
    <p0826-teimww:occursIn>
      <p0826-teimww:book knoraType="link_value" linkType="ref" target="ww_67e1fbe9bd0f1b9d"/>
    </p0826-teimww:occursIn>
  </p0826-teimww:passage>
  <p0826-teimww:passage id="ww_bc7ade1cde88d7e5">
    <knoraXmlImport:label>passage label</knoraXmlImport:label>
    <p0826-teimww:occursIn>
      <p0826-teimww:book knoraType="link_value" linkType="ref" target="ww_15ed05beffe3ef00"/>
    </p0826-teimww:occursIn>
    <p0826-teimww:text knoraType="richtext_value">&lt;span class="quote"&gt;&lt;i&gt;Fat paunches make leave pates, &amp; grosser bits &lt;br&gt;
Enrich the ribs but bankrupt quite the wits.&lt;/i&gt;&lt;/span&gt;</p0826-teimww:text>
  </p0826-teimww:passage>
  <p0826-teimww:passage id="ww_91f9dbcc658cc4a3">
    <knoraXmlImport:label>passage label</knoraXmlImport:label>
    <p0826-teimww:occursIn>
      <p0826-teimww:book knoraType="link_value" linkType="ref" target="ww_1140c36ab545b6d8"/>
    </p0826-teimww:occursIn>
  </p0826-teimww:passage>
  <p0826-teimww:passage id="ww_f71abfda3a79f428">
    <knoraXmlImport:label>passage label</knoraXmlImport:label>
    <p0826-teimww:occursIn>
      <p0826-teimww:book knoraType="link_value" linkType="ref" target="ww_65a8b466f961261c"/>
    </p0826-teimww:occursIn>
    <p0826-teimww:text knoraType="richtext_value">[Lipsalve:] &lt;span class="quote"&gt;'Tis my vocation, boy, &lt;/span&gt;we must never be weary of well-doing: love's as proper to a Courtier, as preciseness to a Puritane.</p0826-teimww:text>
  </p0826-teimww:passage>
  <p0826-teimww:passage id="ww_d7c1a22fa7d91a66">
    <knoraXmlImport:label>passage label</knoraXmlImport:label>
    <p0826-teimww:occursIn>
      <p0826-teimww:book knoraType="link_value" linkType="ref" target="ww_67e1fbe9bd0f1b9d"/>
    </p0826-teimww:occursIn>
  </p0826-teimww:passage>
  <p0826-teimww:passage id="ww_cb7305a00d8c5d80">
    <knoraXmlImport:label>passage label</knoraXmlImport:label>
    <p0826-teimww:occursIn>
      <p0826-teimww:book knoraType="link_value" linkType="ref" target="ww_4664b15bdb9400ec"/>
    </p0826-teimww:occursIn>
    <p0826-teimww:text knoraType="richtext_value">[Prologue:] Speak natures language and not be withstood,&lt;br&gt;
&lt;span class="quote"&gt;When with our Muse he saith that This is good&lt;/span&gt; [...].</p0826-teimww:text>
  </p0826-teimww:passage>
  <p0826-teimww:passage id="ww_ff664fac0905d663">
    <knoraXmlImport:label>passage label</knoraXmlImport:label>
    <p0826-teimww:occursIn>
      <p0826-teimww:book knoraType="link_value" linkType="ref" target="ww_4664b15bdb9400ec"/>
    </p0826-teimww:occursIn>
    <p0826-teimww:text knoraType="richtext_value">[Amada:] [...] &lt;span class="quote"&gt;I'll  in to &lt;i&gt;Julia&lt;/i&gt;, 'tis she and I&lt;br&gt;
That must be Chorus in this Tragedy.&lt;/span&gt;</p0826-teimww:text>
  </p0826-teimww:passage>
  <p0826-teimww:passage id="ww_78ae3e90d62dc55c">
    <knoraXmlImport:label>passage label</knoraXmlImport:label>
    <p0826-teimww:occursIn>
      <p0826-teimww:book knoraType="link_value" linkType="ref" target="ww_4664b15bdb9400ec"/>
    </p0826-teimww:occursIn>
    <p0826-teimww:text knoraType="richtext_value">[Bordello:] [...] &lt;span class="quote"&gt;&lt;i&gt;Mercury&lt;/i&gt; had no good aspect in the horoscope of my nativity: women and lotus are recipiocall, their sauour is noysome.&lt;/span&gt;</p0826-teimww:text>
  </p0826-teimww:passage>
  <p0826-teimww:passage id="ww_d088a1d1ebb5ec01">
    <knoraXmlImport:label>passage label</knoraXmlImport:label>
    <p0826-teimww:occursIn>
      <p0826-teimww:book knoraType="link_value" linkType="ref" target="ww_fc0ed4bc4ee837dd"/>
    </p0826-teimww:occursIn>
  </p0826-teimww:passage>
  <p0826-teimww:passage id="ww_9e49471f0f1fa195">
    <knoraXmlImport:label>passage label</knoraXmlImport:label>
    <p0826-teimww:occursIn>
      <p0826-teimww:book knoraType="link_value" linkType="ref" target="ww_8129680c1895eb54"/>
    </p0826-teimww:occursIn>
    <p0826-teimww:text knoraType="richtext_value">&lt;span class="quote"&gt;The water that God Mercury makes is in request with your lady.&lt;/span&gt;</p0826-teimww:text>
  </p0826-teimww:passage>
  <p0826-teimww:passage id="ww_8b45767b8ab51ee8">
    <knoraXmlImport:label>passage label</knoraXmlImport:label>
    <p0826-teimww:occursIn>
      <p0826-teimww:book knoraType="link_value" linkType="ref" target="ww_4664b15bdb9400ec"/>
    </p0826-teimww:occursIn>
    <p0826-teimww:text knoraType="richtext_value">[Mulleasses:] [...] &lt;span class="quote"&gt;Image of death and daughter of the night,&lt;br&gt;
Sister to Lethe, all oppressing sleep.&lt;/span&gt;</p0826-teimww:text>
  </p0826-teimww:passage>
  <p0826-teimww:passage id="ww_4496bf271b25dd71">
    <knoraXmlImport:label>passage label</knoraXmlImport:label>
    <p0826-teimww:occursIn>
      <p0826-teimww:book knoraType="link_value" linkType="ref" target="ww_4664b15bdb9400ec"/>
    </p0826-teimww:occursIn>
    <p0826-teimww:text knoraType="richtext_value">[Eunuchus:] Why her's &lt;span class="quote"&gt;a slave in folio &lt;/span&gt;will seem to slight the love of a Princess, when he would willingly spend his talent on an oyster wife.</p0826-teimww:text>
  </p0826-teimww:passage>
  <p0826-teimww:passage id="ww_c9c9b338289d29f7">
    <knoraXmlImport:label>passage label</knoraXmlImport:label>
    <p0826-teimww:occursIn>
      <p0826-teimww:book knoraType="link_value" linkType="ref" target="ww_fc0ed4bc4ee837dd"/>
    </p0826-teimww:occursIn>
  </p0826-teimww:passage>
  <p0826-teimww:passage id="ww_ab8d007961bcdd25">
    <knoraXmlImport:label>passage label</knoraXmlImport:label>
    <p0826-teimww:occursIn>
      <p0826-teimww:book knoraType="link_value" linkType="ref" target="ww_abbc162fcc9b8163"/>
    </p0826-teimww:occursIn>
    <p0826-teimww:text knoraType="richtext_value">[Wages:]&lt;span class="quote"&gt; Why they say the worlde is like a Bias bowl, and it runs all on the rich men's sides: others say, tis like a Tennis-ball, and fortune keeps such a Racket with it, as it tosses it in to time's hazard&lt;/span&gt; [...].</p0826-teimww:text>
  </p0826-teimww:passage>
  <p0826-teimww:passage id="ww_6803b5681fa20730">
    <knoraXmlImport:label>passage label</knoraXmlImport:label>
    <p0826-teimww:occursIn>
      <p0826-teimww:book knoraType="link_value" linkType="ref" target="ww_abbc162fcc9b8163"/>
    </p0826-teimww:occursIn>
    <p0826-teimww:text knoraType="richtext_value">[Young Lord:] &lt;span class="quote"&gt;O Wages! what Tennis-ball has fortune taken thee for: to toss thee thus into my way?&lt;/span&gt;</p0826-teimww:text>
  </p0826-teimww:passage>
  <p0826-teimww:passage id="ww_0f231f42696ea657">
    <knoraXmlImport:label>passage label</knoraXmlImport:label>
    <p0826-teimww:occursIn>
      <p0826-teimww:book knoraType="link_value" linkType="ref" target="ww_3e15ab6c612eadae"/>
    </p0826-teimww:occursIn>
  </p0826-teimww:passage>
  <p0826-teimww:passage id="ww_62156dd581dbb9d0">
    <knoraXmlImport:label>passage label</knoraXmlImport:label>
    <p0826-teimww:occursIn>
      <p0826-teimww:book knoraType="link_value" linkType="ref" target="ww_b8eaca27cf9698df"/>
    </p0826-teimww:occursIn>
    <p0826-teimww:text knoraType="richtext_value">[Marina:] [...] &lt;span class="quote"&gt;I trod upon a worm against my will, &lt;br&gt;
But I wept for 't.&lt;/span&gt;&lt;/span&gt;</p0826-teimww:text>
  </p0826-teimww:passage>
  <p0826-teimww:passage id="ww_488015b53167d883">
    <knoraXmlImport:label>passage label</knoraXmlImport:label>
    <p0826-teimww:occursIn>
      <p0826-teimww:book knoraType="link_value" linkType="ref" target="ww_5eeeb3e78e8b0bc3"/>
    </p0826-teimww:occursIn>
  </p0826-teimww:passage>
  <p0826-teimww:passage id="ww_aaba1a32fdae94c0">
    <knoraXmlImport:label>passage label</knoraXmlImport:label>
    <p0826-teimww:occursIn>
      <p0826-teimww:book knoraType="link_value" linkType="ref" target="ww_b8eaca27cf9698df"/>
    </p0826-teimww:occursIn>
    <p0826-teimww:text knoraType="richtext_value">[Antiochus:] [...] Her face, like heaven, enticeth thee to view &lt;br&gt;
Her countless glory, which desert must gain;&lt;br&gt;
And which without desert, because thine eye &lt;br&gt;
Presumes to reach, &lt;span class="quote"&gt;all the whole heap must die.&lt;/span&gt;</p0826-teimww:text>
  </p0826-teimww:passage>
  <p0826-teimww:passage id="ww_49402f24fac2ebba">
    <knoraXmlImport:label>passage label</knoraXmlImport:label>
    <p0826-teimww:occursIn>
      <p0826-teimww:book knoraType="link_value" linkType="ref" target="ww_5af91280461707f1"/>
    </p0826-teimww:occursIn>
  </p0826-teimww:passage>
  <p0826-teimww:passage id="ww_024f167561c6e1f1">
    <knoraXmlImport:label>passage label</knoraXmlImport:label>
    <p0826-teimww:occursIn>
      <p0826-teimww:book knoraType="link_value" linkType="ref" target="ww_d07c9febda3841a4"/>
    </p0826-teimww:occursIn>
    <p0826-teimww:text knoraType="richtext_value">[Sir Oliver Smallshank:] We old men have our crotchets, our conundrums,&lt;br&gt;
Our fegares, quirks and quibibles,&lt;br&gt;
As well as youth, Justice Tutchim I go&lt;br&gt;
To hunt no Buck, but prick a lusty Doe,&lt;br&gt;
I go in truth a wooing.&lt;br&gt;
[Justice Tutchin:] Then ride with me,&lt;br&gt;
I'll bring you to my sister Somerfield.&lt;br&gt;
[Sir Oliver Smallshank:] Justice not so: &lt;span class="quote"&gt;by her there hangs a Tale. &lt;/span&gt;</p0826-teimww:text>
  </p0826-teimww:passage>
  <p0826-teimww:passage id="ww_0ec34b266c96d501">
    <knoraXmlImport:label>passage label</knoraXmlImport:label>
    <p0826-teimww:occursIn>
      <p0826-teimww:book knoraType="link_value" linkType="ref" target="ww_3e15ab6c612eadae"/>
    </p0826-teimww:occursIn>
  </p0826-teimww:passage>
  <p0826-teimww:passage id="ww_d332f9f98f6a6dc5">
    <knoraXmlImport:label>passage label</knoraXmlImport:label>
    <p0826-teimww:occursIn>
      <p0826-teimww:book knoraType="link_value" linkType="ref" target="ww_d07c9febda3841a4"/>
    </p0826-teimww:occursIn>
    <p0826-teimww:text knoraType="richtext_value">[Throat:] [...] &lt;i&gt;Dash&lt;/i&gt;, &lt;span class="quote"&gt;we must bear some brain &lt;/span&gt;to &lt;i&gt;St. John's &lt;/i&gt;street, go, run, fly: and afar off enquire [...].</p0826-teimww:text>
  </p0826-teimww:passage>
  <p0826-teimww:passage id="ww_31173742f50a9355">
    <knoraXmlImport:label>passage label</knoraXmlImport:label>
    <p0826-teimww:occursIn>
      <p0826-teimww:book knoraType="link_value" linkType="ref" target="ww_1140c36ab545b6d8"/>
    </p0826-teimww:occursIn>
  </p0826-teimww:passage>
  <p0826-teimww:passage id="ww_4b9b5f28529af9eb">
    <knoraXmlImport:label>passage label</knoraXmlImport:label>
    <p0826-teimww:occursIn>
      <p0826-teimww:book knoraType="link_value" linkType="ref" target="ww_d07c9febda3841a4"/>
    </p0826-teimww:occursIn>
    <p0826-teimww:text knoraType="richtext_value">[Frances:]&lt;span class="quote"&gt; Is there no trust, &lt;br&gt; 
No honesty in men. &lt;/span&gt;</p0826-teimww:text>
  </p0826-teimww:passage>
  <p0826-teimww:passage id="ww_602a3c753bec5702">
    <knoraXmlImport:label>passage label</knoraXmlImport:label>
    <p0826-teimww:occursIn>
      <p0826-teimww:book knoraType="link_value" linkType="ref" target="ww_1140c36ab545b6d8"/>
    </p0826-teimww:occursIn>
  </p0826-teimww:passage>
  <p0826-teimww:passage id="ww_75ebe0ccef5eb2da">
    <knoraXmlImport:label>passage label</knoraXmlImport:label>
    <p0826-teimww:occursIn>
      <p0826-teimww:book knoraType="link_value" linkType="ref" target="ww_6e666f6effc63da3"/>
    </p0826-teimww:occursIn>
    <p0826-teimww:text knoraType="richtext_value">[Scudmore:] Whereas you write, my fortunes and my birth &lt;br&gt; 
Made above yours, may be a real cause &lt;br&gt;
That I must leave you, know thou worthiest man, &lt;br&gt; 
Thou hast a soul, whose plenteous wealth supplies &lt;br&gt;
All the lean wants blind Chance hath dealt to thee. &lt;br&gt;
Yet could I think, the Goddess from all their store, &lt;br&gt; 
Who ne'er knew indigence unto their will, &lt;br&gt;
Would (out of all their stock of Virtue left, &lt;br&gt;
Or out of all new graces they can make) &lt;br&gt;
Make such another piece as Scudmore is, &lt;br&gt;
Then might he justly fear; but otherwise, &lt;br&gt;
&lt;span class="quote"&gt;Sooner the Masculine Element of Fire, &lt;br&gt;
Shall flame his Pyramids down to the Earth; &lt;br&gt; 
Sooner her Mountains shall swell up to Heaven, &lt;br&gt;
Or softest April showers quench fires in Hell; &lt;br&gt;
Sooner shall Stars from this Circumference, &lt;br&gt;
Drop like false fairy exhalation, &lt;br&gt;
Then I be false to vows made unto thee; &lt;/span&gt;&lt;br&gt; 
In whom, ought ne'er a fault: I ne'er could see, &lt;br&gt; 
But that you doubted once my constancy.</p0826-teimww:text>
  </p0826-teimww:passage>
  <p0826-teimww:passage id="ww_2517e3b47792e218">
    <knoraXmlImport:label>passage label</knoraXmlImport:label>
    <p0826-teimww:occursIn>
      <p0826-teimww:book knoraType="link_value" linkType="ref" target="ww_df2b8c2f18df151a"/>
    </p0826-teimww:occursIn>
  </p0826-teimww:passage>
  <p0826-teimww:passage id="ww_754c2adf8b76688f">
    <knoraXmlImport:label>passage label</knoraXmlImport:label>
    <p0826-teimww:occursIn>
      <p0826-teimww:book knoraType="link_value" linkType="ref" target="ww_6e666f6effc63da3"/>
    </p0826-teimww:occursIn>
    <p0826-teimww:text knoraType="richtext_value">[Scudamore:] &lt;span class="quote"&gt;How sweetly does your friendship play with mine&lt;/span&gt;&lt;br&gt;
And with a simple subtlety, steals my heart &lt;br&gt;
Out of my bosom.</p0826-teimww:text>
  </p0826-teimww:passage>
  <p0826-teimww:passage id="ww_ec02f828e4756321">
    <knoraXmlImport:label>passage label</knoraXmlImport:label>
    <p0826-teimww:occursIn>
      <p0826-teimww:book knoraType="link_value" linkType="ref" target="ww_df2b8c2f18df151a"/>
    </p0826-teimww:occursIn>
  </p0826-teimww:passage>
  <p0826-teimww:passage id="ww_ae049e5bc5728ddd">
    <knoraXmlImport:label>passage label</knoraXmlImport:label>
    <p0826-teimww:occursIn>
      <p0826-teimww:book knoraType="link_value" linkType="ref" target="ww_6e666f6effc63da3"/>
    </p0826-teimww:occursIn>
    <p0826-teimww:text knoraType="richtext_value">[Nevill:] [...] farewell worthy friend.&lt;br&gt;
[Scudamore:] &lt;span class="quote"&gt;Nay look you, this same fashion does not please me,&lt;br&gt;
You were not wont to make your visitation &lt;br&gt;
So short and careless.&lt;/span&gt;&lt;br&gt;
[Neville:]&lt;span class="quote"&gt; Tis your Jealousy&lt;br&gt;
That makes you think it so [...] and so Good-morrow.&lt;/span&gt;</p0826-teimww:text>
  </p0826-teimww:passage>
  <p0826-teimww:passage id="ww_a1d99a2e302999c6">
    <knoraXmlImport:label>passage label</knoraXmlImport:label>
    <p0826-teimww:occursIn>
      <p0826-teimww:book knoraType="link_value" linkType="ref" target="ww_6e666f6effc63da3"/>
    </p0826-teimww:occursIn>
    <p0826-teimww:text knoraType="richtext_value">[Neville:] [...] Yet think on't, &lt;span class="quote"&gt;keep thy secret, and thy friend&lt;br&gt;
Sure and entire &lt;/span&gt;[...].</p0826-teimww:text>
  </p0826-teimww:passage>
  <p0826-teimww:passage id="ww_0c8fb7f90aa902f3">
    <knoraXmlImport:label>passage label</knoraXmlImport:label>
    <p0826-teimww:occursIn>
      <p0826-teimww:book knoraType="link_value" linkType="ref" target="ww_6e666f6effc63da3"/>
    </p0826-teimww:occursIn>
    <p0826-teimww:text knoraType="richtext_value">&lt;span class="annotation"&gt;Nevill disguises himself as a parson to perform the double wedding ceremonies of the sisters Bellafront and Kate. This means that the marriages will be invalid and Nevill's friend Scudmore has a chance to win Bellafront, whom he loves.&lt;/span&gt;</p0826-teimww:text>
  </p0826-teimww:passage>
  <p0826-teimww:passage id="ww_93beedbaf466fc4c">
    <knoraXmlImport:label>passage label</knoraXmlImport:label>
    <p0826-teimww:occursIn>
      <p0826-teimww:book knoraType="link_value" linkType="ref" target="ww_df2b8c2f18df151a"/>
    </p0826-teimww:occursIn>
  </p0826-teimww:passage>
  <p0826-teimww:passage id="ww_e0cc11b8e146026b">
    <knoraXmlImport:label>passage label</knoraXmlImport:label>
    <p0826-teimww:occursIn>
      <p0826-teimww:book knoraType="link_value" linkType="ref" target="ww_6e666f6effc63da3"/>
    </p0826-teimww:occursIn>
    <p0826-teimww:text knoraType="richtext_value">[Count Frederick:] &lt;i&gt;Pendant&lt;/i&gt; thou'lt make me dote upon my self.&lt;br&gt;
[Pendant:]&lt;span class="quote"&gt; &lt;i&gt;Narcissus&lt;/i&gt; by this hand, had far less cause.&lt;/span&gt;</p0826-teimww:text>
  </p0826-teimww:passage>
  <p0826-teimww:passage id="ww_a2c8c5a7421000b6">
    <knoraXmlImport:label>passage label</knoraXmlImport:label>
    <p0826-teimww:occursIn>
      <p0826-teimww:book knoraType="link_value" linkType="ref" target="ww_6e666f6effc63da3"/>
    </p0826-teimww:occursIn>
    <p0826-teimww:text knoraType="richtext_value">[Strange:]: &lt;span class="quote"&gt;For some say some men on the back of Law,&lt;br&gt;
May ride and rule it like a patient Ass&lt;/span&gt;,&lt;br&gt;
And with a Golden Bridle in the mouth,&lt;br&gt;
Direct it unto any thing they please.&lt;br&gt;
Others report, it is a Spider's web,&lt;br&gt;
Made to entangle the poor helpless Flies,&lt;br&gt;
While the great Spiders that did make it first,&lt;br&gt;
And rule it, sit i'th midst secure and laugh [...].</p0826-teimww:text>
  </p0826-teimww:passage>
  <p0826-teimww:passage id="ww_28bcd2e0c72c44b5">
    <knoraXmlImport:label>passage label</knoraXmlImport:label>
    <p0826-teimww:occursIn>
      <p0826-teimww:book knoraType="link_value" linkType="ref" target="ww_6e666f6effc63da3"/>
    </p0826-teimww:occursIn>
    <p0826-teimww:text knoraType="richtext_value">[Sir Abraham:] Oh Sir, I was in love today, and could not eat, but here's one knows the &lt;span class="quote"&gt;case is alter'd&lt;/span&gt;, lend me but a Handkerchief to wipe my mouth, and I have done.</p0826-teimww:text>
  </p0826-teimww:passage>
  <p0826-teimww:passage id="ww_4a2d850b5e358e45">
    <knoraXmlImport:label>passage label</knoraXmlImport:label>
    <p0826-teimww:occursIn>
      <p0826-teimww:book knoraType="link_value" linkType="ref" target="ww_7153ee1643dbad3b"/>
    </p0826-teimww:occursIn>
  </p0826-teimww:passage>
  <p0826-teimww:passage id="ww_6e305b78a62b964d">
    <knoraXmlImport:label>passage label</knoraXmlImport:label>
    <p0826-teimww:occursIn>
      <p0826-teimww:book knoraType="link_value" linkType="ref" target="ww_2d0eea6c7b8afc36"/>
    </p0826-teimww:occursIn>
    <p0826-teimww:text knoraType="richtext_value">[Castabella:] [...] be not displeas'd if &lt;span class="quote"&gt;on &lt;br&gt;
The altar of his tomb I sacrifice &lt;br&gt;
My tears.&lt;/span&gt;</p0826-teimww:text>
  </p0826-teimww:passage>
  <p0826-teimww:passage id="ww_3ee86519fef80fbf">
    <knoraXmlImport:label>passage label</knoraXmlImport:label>
    <p0826-teimww:occursIn>
      <p0826-teimww:book knoraType="link_value" linkType="ref" target="ww_2d0eea6c7b8afc36"/>
    </p0826-teimww:occursIn>
    <p0826-teimww:text knoraType="richtext_value">[D'Amville:] Go, &lt;span class="quote"&gt;th' art the base corruption of my blood, &lt;br&gt;
And like a tetter grow'st unto my flesh.&lt;/span&gt;</p0826-teimww:text>
  </p0826-teimww:passage>
  <p0826-teimww:passage id="ww_bf2e8c30ab1c42aa">
    <knoraXmlImport:label>passage label</knoraXmlImport:label>
    <p0826-teimww:occursIn>
      <p0826-teimww:book knoraType="link_value" linkType="ref" target="ww_56e2bc4eb5abe25b"/>
    </p0826-teimww:occursIn>
    <p0826-teimww:text knoraType="richtext_value">Pray frown, my lord; let me see how many wives you will have.</p0826-teimww:text>
  </p0826-teimww:passage>
  <p0826-teimww:passage id="ww_d6f67b782909f387">
    <knoraXmlImport:label>passage label</knoraXmlImport:label>
    <p0826-teimww:occursIn>
      <p0826-teimww:book knoraType="link_value" linkType="ref" target="ww_2d0eea6c7b8afc36"/>
    </p0826-teimww:occursIn>
    <p0826-teimww:text knoraType="richtext_value">[Sebastian:] [...] so you'll but &lt;span class="quote"&gt;put money i' my purse.&lt;/span&gt;</p0826-teimww:text>
  </p0826-teimww:passage>
  <p0826-teimww:passage id="ww_b0b21f113fc7988b">
    <knoraXmlImport:label>passage label</knoraXmlImport:label>
    <p0826-teimww:occursIn>
      <p0826-teimww:book knoraType="link_value" linkType="ref" target="ww_2d0eea6c7b8afc36"/>
    </p0826-teimww:occursIn>
    <p0826-teimww:text knoraType="richtext_value">[Sebastian:] [...] &lt;span class="quote"&gt;Th' hast trebles and basses enough, treble injury and base usage. But trebles and basses make poor music without means. &lt;/span&gt;Thou want'st means, dost?</p0826-teimww:text>
  </p0826-teimww:passage>
  <p0826-teimww:passage id="ww_e3ca2dc095c6d113">
    <knoraXmlImport:label>passage label</knoraXmlImport:label>
    <p0826-teimww:occursIn>
      <p0826-teimww:book knoraType="link_value" linkType="ref" target="ww_2d0eea6c7b8afc36"/>
    </p0826-teimww:occursIn>
    <p0826-teimww:text knoraType="richtext_value">[Charlemont:] [...] &lt;span class="quote"&gt;This little world of man.&lt;/span&gt;</p0826-teimww:text>
  </p0826-teimww:passage>
  <p0826-teimww:passage id="ww_40a1dfdae82b58c4">
    <knoraXmlImport:label>passage label</knoraXmlImport:label>
    <p0826-teimww:occursIn>
      <p0826-teimww:book knoraType="link_value" linkType="ref" target="ww_56e2bc4eb5abe25b"/>
    </p0826-teimww:occursIn>
    <p0826-teimww:text knoraType="richtext_value">[Guido Count of Arsena:] &lt;i&gt;Sancta Maria! &lt;/i&gt;What thinkst thou of this change?&lt;br&gt;
&lt;span class="quote"&gt;A Player's passion I'll believe hereafter,&lt;br&gt;
And in a Tragic Scene weep for olde Priam,&lt;br&gt;&lt;/span&gt;
When fell revenging Pyrrhus with supposed&lt;br&gt;
And artificial wounds mangles his breast,&lt;br&gt;
And think it a more worthy act to me,&lt;br&gt;
Than trust a female mourning ore her love:&lt;br&gt;
Naught that is done of woman shall me please,&lt;br&gt;
Natures step-children rather her desire.	</p0826-teimww:text>
  </p0826-teimww:passage>
  <p0826-teimww:passage id="ww_0c94ff9c3e1bdf5b">
    <knoraXmlImport:label>passage label</knoraXmlImport:label>
    <p0826-teimww:occursIn>
      <p0826-teimww:book knoraType="link_value" linkType="ref" target="ww_1140c36ab545b6d8"/>
    </p0826-teimww:occursIn>
  </p0826-teimww:passage>
  <p0826-teimww:passage id="ww_65c5fceaf2998c98">
    <knoraXmlImport:label>passage label</knoraXmlImport:label>
    <p0826-teimww:occursIn>
      <p0826-teimww:book knoraType="link_value" linkType="ref" target="ww_2d0eea6c7b8afc36"/>
    </p0826-teimww:occursIn>
    <p0826-teimww:text knoraType="richtext_value">[Castabella:] O father, &lt;span class="quote"&gt;mercy is an attribute &lt;br&gt;
As high as justice, an essential part &lt;br&gt;
Of his unbound goodness, whose divine &lt;br&gt;
Impression, form, and image man should bear.&lt;/span&gt; &lt;br&gt;
And methinks man should love to imitate &lt;br&gt;
His mercy, since the only countenance &lt;br&gt;
Of justice were destruction, if the sweet &lt;br&gt;
And loving favour of his mercy did &lt;br&gt;
Not meditate between it and our weakness.</p0826-teimww:text>
  </p0826-teimww:passage>
  <p0826-teimww:passage id="ww_ea99c4404667c0ab">
    <knoraXmlImport:label>passage label</knoraXmlImport:label>
    <p0826-teimww:occursIn>
      <p0826-teimww:book knoraType="link_value" linkType="ref" target="ww_2d0eea6c7b8afc36"/>
    </p0826-teimww:occursIn>
    <p0826-teimww:text knoraType="richtext_value">[Cataplasma:] [...] What's here? &lt;span class="quote"&gt;A medlar with a plum tree gowing hard by it &lt;/span&gt;[...].</p0826-teimww:text>
  </p0826-teimww:passage>
  <p0826-teimww:passage id="ww_abe4c347bce04d18">
    <knoraXmlImport:label>passage label</knoraXmlImport:label>
    <p0826-teimww:occursIn>
      <p0826-teimww:book knoraType="link_value" linkType="ref" target="ww_2d0eea6c7b8afc36"/>
    </p0826-teimww:occursIn>
    <p0826-teimww:text knoraType="richtext_value">[Sebastian:] [...] But here's a moral. &lt;span class="quote"&gt;A pop'ring pear tree growing upon the bank of a river &lt;/span&gt;[...].</p0826-teimww:text>
  </p0826-teimww:passage>
  <p0826-teimww:passage id="ww_963a30e6ef9ae888">
    <knoraXmlImport:label>passage label</knoraXmlImport:label>
    <p0826-teimww:occursIn>
      <p0826-teimww:book knoraType="link_value" linkType="ref" target="ww_5eeeb3e78e8b0bc3"/>
    </p0826-teimww:occursIn>
  </p0826-teimww:passage>
  <p0826-teimww:passage id="ww_9dcbc7f06b5591b7">
    <knoraXmlImport:label>passage label</knoraXmlImport:label>
    <p0826-teimww:occursIn>
      <p0826-teimww:book knoraType="link_value" linkType="ref" target="ww_2d0eea6c7b8afc36"/>
    </p0826-teimww:occursIn>
    <p0826-teimww:text knoraType="richtext_value">[D'Amville:] &lt;span class="quote"&gt;Why doest thou stare upon me?&lt;/span&gt;</p0826-teimww:text>
  </p0826-teimww:passage>
  <p0826-teimww:passage id="ww_f1b4d1a75f664762">
    <knoraXmlImport:label>passage label</knoraXmlImport:label>
    <p0826-teimww:occursIn>
      <p0826-teimww:book knoraType="link_value" linkType="ref" target="ww_5eeeb3e78e8b0bc3"/>
    </p0826-teimww:occursIn>
  </p0826-teimww:passage>
  <p0826-teimww:passage id="ww_14f97d5ed28307f6">
    <knoraXmlImport:label>passage label</knoraXmlImport:label>
    <p0826-teimww:occursIn>
      <p0826-teimww:book knoraType="link_value" linkType="ref" target="ww_7114631e1c7c2d84"/>
    </p0826-teimww:occursIn>
    <p0826-teimww:text knoraType="richtext_value">[Angus:] Now does he feel &lt;br&gt;
&lt;span class="quote"&gt;His secret murders sticking on his hands.&lt;/span&gt;</p0826-teimww:text>
  </p0826-teimww:passage>
  <p0826-teimww:passage id="ww_d66787f2559c4c2f">
    <knoraXmlImport:label>passage label</knoraXmlImport:label>
    <p0826-teimww:occursIn>
      <p0826-teimww:book knoraType="link_value" linkType="ref" target="ww_5eeeb3e78e8b0bc3"/>
    </p0826-teimww:occursIn>
  </p0826-teimww:passage>
  <p0826-teimww:passage id="ww_5dcab4d533187072">
    <knoraXmlImport:label>passage label</knoraXmlImport:label>
    <p0826-teimww:occursIn>
      <p0826-teimww:book knoraType="link_value" linkType="ref" target="ww_2d0eea6c7b8afc36"/>
    </p0826-teimww:occursIn>
    <p0826-teimww:text knoraType="richtext_value">[D'Amville:] [...] but &lt;span class="quote"&gt;now that I begin to feel &lt;br&gt;
The loathsome horror of my sin &lt;/span&gt;[...].</p0826-teimww:text>
  </p0826-teimww:passage>
  <p0826-teimww:passage id="ww_67cc0a7a575632d6">
    <knoraXmlImport:label>passage label</knoraXmlImport:label>
    <p0826-teimww:occursIn>
      <p0826-teimww:book knoraType="link_value" linkType="ref" target="ww_5eeeb3e78e8b0bc3"/>
    </p0826-teimww:occursIn>
  </p0826-teimww:passage>
  <p0826-teimww:passage id="ww_1befe004ccbe2e77">
    <knoraXmlImport:label>passage label</knoraXmlImport:label>
    <p0826-teimww:occursIn>
      <p0826-teimww:book knoraType="link_value" linkType="ref" target="ww_2d0eea6c7b8afc36"/>
    </p0826-teimww:occursIn>
    <p0826-teimww:text knoraType="richtext_value">[D'Amville:] &lt;span class="quote"&gt;Mountains o'erwhelm me &lt;/span&gt;[...].</p0826-teimww:text>
  </p0826-teimww:passage>
  <p0826-teimww:passage id="ww_5525cb7b5d639101">
    <knoraXmlImport:label>passage label</knoraXmlImport:label>
    <p0826-teimww:occursIn>
      <p0826-teimww:book knoraType="link_value" linkType="ref" target="ww_2d0eea6c7b8afc36"/>
    </p0826-teimww:occursIn>
    <p0826-teimww:text knoraType="richtext_value">[D'Amville:] O were my body circumvolv'd &lt;br&gt;
Within that cloud, that &lt;span class="quote"&gt;when the thunder tears &lt;br&gt;
His passage open, it might scatter me &lt;br&gt;
To nothing in the air!&lt;/span&gt;</p0826-teimww:text>
  </p0826-teimww:passage>
  <p0826-teimww:passage id="ww_d9ccb6a61dc47c15">
    <knoraXmlImport:label>passage label</knoraXmlImport:label>
    <p0826-teimww:occursIn>
      <p0826-teimww:book knoraType="link_value" linkType="ref" target="ww_5eeeb3e78e8b0bc3"/>
    </p0826-teimww:occursIn>
  </p0826-teimww:passage>
  <p0826-teimww:passage id="ww_1a185149b887ddbb">
    <knoraXmlImport:label>passage label</knoraXmlImport:label>
    <p0826-teimww:occursIn>
      <p0826-teimww:book knoraType="link_value" linkType="ref" target="ww_2d0eea6c7b8afc36"/>
    </p0826-teimww:occursIn>
    <p0826-teimww:text knoraType="richtext_value">[Levidulcia:] [...] My strange affection to this man! &lt;span class="quote"&gt;'Tis like &lt;br&gt;
That natural sympathy which e'en among &lt;br&gt;
The senseless creatures of the earth commands &lt;br&gt;
A mutual inclination and consent. &lt;br&gt;
For though it seems to be the free effect &lt;br&gt;
Of mine own voluntary love, yet I &lt;br&gt;
Can neither restrain it, nor give reason for 't.&lt;/span&gt;</p0826-teimww:text>
  </p0826-teimww:passage>
  <p0826-teimww:passage id="ww_188967b6ae3bd42f">
    <knoraXmlImport:label>passage label</knoraXmlImport:label>
    <p0826-teimww:occursIn>
      <p0826-teimww:book knoraType="link_value" linkType="ref" target="ww_2d0eea6c7b8afc36"/>
    </p0826-teimww:occursIn>
    <p0826-teimww:text knoraType="richtext_value">[Levidulcia:] [...] if they bid thee not welcome, &lt;span class="quote"&gt;they are very loggerheads.&lt;/span&gt;</p0826-teimww:text>
  </p0826-teimww:passage>
  <p0826-teimww:passage id="ww_0bfefd4b1307c5b6">
    <knoraXmlImport:label>passage label</knoraXmlImport:label>
    <p0826-teimww:occursIn>
      <p0826-teimww:book knoraType="link_value" linkType="ref" target="ww_2d0eea6c7b8afc36"/>
    </p0826-teimww:occursIn>
    <p0826-teimww:text knoraType="richtext_value">[Third Servant:] Why then &lt;span class="quote"&gt;take thy liquor. a health, Fresco! (kneels)&lt;/span&gt;</p0826-teimww:text>
  </p0826-teimww:passage>
  <p0826-teimww:passage id="ww_7cc07a625ded3ae8">
    <knoraXmlImport:label>passage label</knoraXmlImport:label>
    <p0826-teimww:occursIn>
      <p0826-teimww:book knoraType="link_value" linkType="ref" target="ww_2d0eea6c7b8afc36"/>
    </p0826-teimww:occursIn>
    <p0826-teimww:text knoraType="richtext_value">[D'Amville:] [...] for &lt;span class="quote"&gt;the appetite &lt;br&gt;
That steals her pleasures, draws the forces of &lt;br&gt;
The body to an united strength and puts &lt;br&gt;
'Em altogether into action, &lt;br&gt;
Never fails of procreation.&lt;/span&gt;</p0826-teimww:text>
  </p0826-teimww:passage>
  <p0826-teimww:passage id="ww_79e73b0711d9420f">
    <knoraXmlImport:label>passage label</knoraXmlImport:label>
    <p0826-teimww:occursIn>
      <p0826-teimww:book knoraType="link_value" linkType="ref" target="ww_2d0eea6c7b8afc36"/>
    </p0826-teimww:occursIn>
    <p0826-teimww:text knoraType="richtext_value">[Second Servant:] &lt;span class="quote"&gt;Do you take that in snuff, &lt;/span&gt;sir?</p0826-teimww:text>
  </p0826-teimww:passage>
  <p0826-teimww:passage id="ww_14fb035cea48fb63">
    <knoraXmlImport:label>passage label</knoraXmlImport:label>
    <p0826-teimww:occursIn>
      <p0826-teimww:book knoraType="link_value" linkType="ref" target="ww_2d0eea6c7b8afc36"/>
    </p0826-teimww:occursIn>
    <p0826-teimww:text knoraType="richtext_value">[D'Amville:] I'll tell thee what sha't do: knock him over the pate with thy torch; &lt;span class="quote"&gt;I'll bear thee out in't. &lt;/span&gt;</p0826-teimww:text>
  </p0826-teimww:passage>
  <p0826-teimww:passage id="ww_d718b134c90e1973">
    <knoraXmlImport:label>passage label</knoraXmlImport:label>
    <p0826-teimww:occursIn>
      <p0826-teimww:book knoraType="link_value" linkType="ref" target="ww_2d0eea6c7b8afc36"/>
    </p0826-teimww:occursIn>
    <p0826-teimww:text knoraType="richtext_value">[Levidulcia:] [...] Why sure &lt;span class="quote"&gt;their generation was asleep &lt;br&gt;
When she begot those dormice, that she made &lt;br&gt;
Them up so weakly and imperfectly.&lt;/span&gt;</p0826-teimww:text>
  </p0826-teimww:passage>
  <p0826-teimww:passage id="ww_0bd623eca7781c96">
    <knoraXmlImport:label>passage label</knoraXmlImport:label>
    <p0826-teimww:occursIn>
      <p0826-teimww:book knoraType="link_value" linkType="ref" target="ww_5eeeb3e78e8b0bc3"/>
    </p0826-teimww:occursIn>
  </p0826-teimww:passage>
  <p0826-teimww:passage id="ww_44f38b3c22da647f">
    <knoraXmlImport:label>passage label</knoraXmlImport:label>
    <p0826-teimww:occursIn>
      <p0826-teimww:book knoraType="link_value" linkType="ref" target="ww_56e2bc4eb5abe25b"/>
    </p0826-teimww:occursIn>
    <p0826-teimww:text knoraType="richtext_value">[Claridiana:] Slave, I will fight with thee at any odds,&lt;br&gt;
Or name an instrument fit for destruction,&lt;br&gt;
That e'er was made to make away a man,&lt;br&gt;
&lt;span class="quote"&gt;I'll meet thee on the ridges of the Alps,&lt;br&gt;
Or some inhospitable wilderness &lt;/span&gt;[...].	</p0826-teimww:text>
  </p0826-teimww:passage>
  <p0826-teimww:passage id="ww_df316d98150d7c33">
    <knoraXmlImport:label>passage label</knoraXmlImport:label>
    <p0826-teimww:occursIn>
      <p0826-teimww:book knoraType="link_value" linkType="ref" target="ww_5af91280461707f1"/>
    </p0826-teimww:occursIn>
  </p0826-teimww:passage>
  <p0826-teimww:passage id="ww_7589fd1e5d190b51">
    <knoraXmlImport:label>passage label</knoraXmlImport:label>
    <p0826-teimww:occursIn>
      <p0826-teimww:book knoraType="link_value" linkType="ref" target="ww_2d0eea6c7b8afc36"/>
    </p0826-teimww:occursIn>
    <p0826-teimww:text knoraType="richtext_value">[Levidulcia:] [...] I could &lt;span class="quote"&gt;unbrace and entertain &lt;br&gt;
The air to cool it.&lt;/span&gt;</p0826-teimww:text>
  </p0826-teimww:passage>
  <p0826-teimww:passage id="ww_72147da23ba4751a">
    <knoraXmlImport:label>passage label</knoraXmlImport:label>
    <p0826-teimww:occursIn>
      <p0826-teimww:book knoraType="link_value" linkType="ref" target="ww_56e2bc4eb5abe25b"/>
    </p0826-teimww:occursIn>
    <p0826-teimww:text knoraType="richtext_value">[Abigal:] [...] one that (it seem'd) &lt;span class="quote"&gt;fear'd no colours [...].	</p0826-teimww:text>
  </p0826-teimww:passage>
  <p0826-teimww:passage id="ww_8642046d174f9d69">
    <knoraXmlImport:label>passage label</knoraXmlImport:label>
    <p0826-teimww:occursIn>
      <p0826-teimww:book knoraType="link_value" linkType="ref" target="ww_5af91280461707f1"/>
    </p0826-teimww:occursIn>
  </p0826-teimww:passage>
  <p0826-teimww:passage id="ww_7ebc5eaf163efbc2">
    <knoraXmlImport:label>passage label</knoraXmlImport:label>
    <p0826-teimww:occursIn>
      <p0826-teimww:book knoraType="link_value" linkType="ref" target="ww_56e2bc4eb5abe25b"/>
    </p0826-teimww:occursIn>
    <p0826-teimww:text knoraType="richtext_value">[Lentulus:] Yet &lt;span class="quote"&gt;you sink apace &lt;/span&gt;sir.</p0826-teimww:text>
  </p0826-teimww:passage>
  <p0826-teimww:passage id="ww_c43e6f8e2930dad6">
    <knoraXmlImport:label>passage label</knoraXmlImport:label>
    <p0826-teimww:occursIn>
      <p0826-teimww:book knoraType="link_value" linkType="ref" target="ww_5af91280461707f1"/>
    </p0826-teimww:occursIn>
  </p0826-teimww:passage>
  <p0826-teimww:passage id="ww_d0a00337de99eed8">
    <knoraXmlImport:label>passage label</knoraXmlImport:label>
    <p0826-teimww:occursIn>
      <p0826-teimww:book knoraType="link_value" linkType="ref" target="ww_56e2bc4eb5abe25b"/>
    </p0826-teimww:occursIn>
    <p0826-teimww:text knoraType="richtext_value">[Roberto:] [...] And &lt;span class="quote"&gt;taste a homely banquet we entreate.&lt;/span&gt;	</p0826-teimww:text>
  </p0826-teimww:passage>
  <p0826-teimww:passage id="ww_d0f185012561694f">
    <knoraXmlImport:label>passage label</knoraXmlImport:label>
    <p0826-teimww:occursIn>
      <p0826-teimww:book knoraType="link_value" linkType="ref" target="ww_5af91280461707f1"/>
    </p0826-teimww:occursIn>
  </p0826-teimww:passage>
  <p0826-teimww:passage id="ww_f2817ce930cb87ce">
    <knoraXmlImport:label>passage label</knoraXmlImport:label>
    <p0826-teimww:occursIn>
      <p0826-teimww:book knoraType="link_value" linkType="ref" target="ww_56e2bc4eb5abe25b"/>
    </p0826-teimww:occursIn>
    <p0826-teimww:text knoraType="richtext_value">[Anna:] [...]&lt;span class="quote"&gt; I was the Indian, yet you had the treasure.&lt;/span&gt;</p0826-teimww:text>
  </p0826-teimww:passage>
  <p0826-teimww:passage id="ww_ed56f9e9514ebc60">
    <knoraXmlImport:label>passage label</knoraXmlImport:label>
    <p0826-teimww:occursIn>
      <p0826-teimww:book knoraType="link_value" linkType="ref" target="ww_5af91280461707f1"/>
    </p0826-teimww:occursIn>
  </p0826-teimww:passage>
  <p0826-teimww:passage id="ww_047fb70dc6809c79">
    <knoraXmlImport:label>passage label</knoraXmlImport:label>
    <p0826-teimww:occursIn>
      <p0826-teimww:book knoraType="link_value" linkType="ref" target="ww_2d0eea6c7b8afc36"/>
    </p0826-teimww:occursIn>
    <p0826-teimww:text knoraType="richtext_value">[D'Amville:] Dead be your tongues! Drop out &lt;br&gt;
Mine eye-balls, and &lt;span class="quote"&gt;let envious Fortune play &lt;br&gt;
At tennis with 'em&lt;/span&gt;. Have I liv'd to this? &lt;br&gt;
Malicious Nature! Hadst thou born me blind, &lt;br&gt;
Th'hadst yet been something favourable to me. &lt;br&gt;
No breat? No motion? Prithee tell me, Heaven, &lt;br&gt;
&lt;span class="quote"&gt;Hast shut thine eye to wink at murder&lt;/span&gt;, or &lt;br&gt;
Hast put the sable garment on to mourn &lt;br&gt;
At's death? &lt;br&gt;
&lt;span class="quote"&gt;Not one poor spark in the whole spacious sky &lt;br&gt;
Of all that endless number would vouchsafe &lt;br&gt;
To shine&lt;/span&gt;? You viceroys to the king of Nature! &lt;br&gt;
Whose constellations govern mortal births, &lt;br&gt;
&lt;span class="quote"&gt;Where is that fatal planet rul'd at his &lt;br&gt;
Nativity?&lt;/span&gt; That might ha' pleas'd to light &lt;br&gt;
Him out, as well into th' world, unless &lt;br&gt;
It be asham'd t' have been the instrument &lt;br&gt;
Of such a good man's cursed destiny.</p0826-teimww:text>
  </p0826-teimww:passage>
  <p0826-teimww:passage id="ww_465765a1f930b3de">
    <knoraXmlImport:label>passage label</knoraXmlImport:label>
    <p0826-teimww:occursIn>
      <p0826-teimww:book knoraType="link_value" linkType="ref" target="ww_5eeeb3e78e8b0bc3"/>
    </p0826-teimww:occursIn>
  </p0826-teimww:passage>
  <p0826-teimww:passage id="ww_c75a4dd3312799cb">
    <knoraXmlImport:label>passage label</knoraXmlImport:label>
    <p0826-teimww:occursIn>
      <p0826-teimww:book knoraType="link_value" linkType="ref" target="ww_56e2bc4eb5abe25b"/>
    </p0826-teimww:occursIn>
    <p0826-teimww:text knoraType="richtext_value">[Don Sago:] [...] &lt;span class="quote"&gt;A hundred times in life a coward dies.&lt;/span&gt;</p0826-teimww:text>
  </p0826-teimww:passage>
  <p0826-teimww:passage id="ww_06f0da1d6a678c8d">
    <knoraXmlImport:label>passage label</knoraXmlImport:label>
    <p0826-teimww:occursIn>
      <p0826-teimww:book knoraType="link_value" linkType="ref" target="ww_bcc975a9199bde49"/>
    </p0826-teimww:occursIn>
  </p0826-teimww:passage>
  <p0826-teimww:passage id="ww_13d35c6c450dc867">
    <knoraXmlImport:label>passage label</knoraXmlImport:label>
    <p0826-teimww:occursIn>
      <p0826-teimww:book knoraType="link_value" linkType="ref" target="ww_56e2bc4eb5abe25b"/>
    </p0826-teimww:occursIn>
    <p0826-teimww:text knoraType="richtext_value">[Don Sago:] [...] misers, that imprison'd gold&lt;br&gt;
Within &lt;span class="quote"&gt;the harmless bowels of the earth.&lt;/span&gt;</p0826-teimww:text>
  </p0826-teimww:passage>
  <p0826-teimww:passage id="ww_acf997f2a1f5bf9f">
    <knoraXmlImport:label>passage label</knoraXmlImport:label>
    <p0826-teimww:occursIn>
      <p0826-teimww:book knoraType="link_value" linkType="ref" target="ww_bcc975a9199bde49"/>
    </p0826-teimww:occursIn>
  </p0826-teimww:passage>
  <p0826-teimww:passage id="ww_5bc4087fc1196013">
    <knoraXmlImport:label>passage label</knoraXmlImport:label>
    <p0826-teimww:occursIn>
      <p0826-teimww:book knoraType="link_value" linkType="ref" target="ww_2d0eea6c7b8afc36"/>
    </p0826-teimww:occursIn>
    <p0826-teimww:text knoraType="richtext_value">[D'Amville:] [...] &lt;spoan class="quote"&gt;That rather than &lt;span class="quote"&gt;ha' trod upon a worm &lt;br&gt;
He would ha'shunn'd the way &lt;/span&gt;[...].</p0826-teimww:text>
  </p0826-teimww:passage>
  <p0826-teimww:passage id="ww_65b15ddc160aa895">
    <knoraXmlImport:label>passage label</knoraXmlImport:label>
    <p0826-teimww:occursIn>
      <p0826-teimww:book knoraType="link_value" linkType="ref" target="ww_2d0eea6c7b8afc36"/>
    </p0826-teimww:occursIn>
    <p0826-teimww:text knoraType="richtext_value">[D'Amville:] &lt;span class="quote"&gt;That power of rule philosophers ascribe &lt;br&gt;
To him they call the supreme of the stars, &lt;br&gt;
Making their influences governors &lt;br&gt;
Of sublunary creatures, when their selves &lt;br&gt;
Are senseless of their operations &lt;/span&gt;[...].</p0826-teimww:text>
  </p0826-teimww:passage>
  <p0826-teimww:passage id="ww_f795e2d015148a46">
    <knoraXmlImport:label>passage label</knoraXmlImport:label>
    <p0826-teimww:occursIn>
      <p0826-teimww:book knoraType="link_value" linkType="ref" target="ww_2d0eea6c7b8afc36"/>
    </p0826-teimww:occursIn>
    <p0826-teimww:text knoraType="richtext_value">[Fresco:] [...] I bid him &lt;span class="quote"&gt;hang himself in his own garters.&lt;/span&gt;</p0826-teimww:text>
  </p0826-teimww:passage>
  <p0826-teimww:passage id="ww_580285cd84b4b262">
    <knoraXmlImport:label>passage label</knoraXmlImport:label>
    <p0826-teimww:occursIn>
      <p0826-teimww:book knoraType="link_value" linkType="ref" target="ww_2d0eea6c7b8afc36"/>
    </p0826-teimww:occursIn>
    <p0826-teimww:text knoraType="richtext_value">[Charlemont:] [...] &lt;span class="quote"&gt;Dreams are but the rais'd &lt;br&gt;
Impressions of premeditated things, &lt;br&gt;
By serious apprehension left upon &lt;br&gt;
Our minds, or else th' imaginary shapes &lt;br&gt;
Of objects proper to th' complexion or &lt;br&gt;
The disposition of our bodies.&lt;/span&gt;</p0826-teimww:text>
  </p0826-teimww:passage>
  <p0826-teimww:passage id="ww_5ada7e66445c9dec">
    <knoraXmlImport:label>passage label</knoraXmlImport:label>
    <p0826-teimww:occursIn>
      <p0826-teimww:book knoraType="link_value" linkType="ref" target="ww_5eeeb3e78e8b0bc3"/>
    </p0826-teimww:occursIn>
  </p0826-teimww:passage>
  <p0826-teimww:passage id="ww_e10ef9b5f5754bd1">
    <knoraXmlImport:label>passage label</knoraXmlImport:label>
    <p0826-teimww:occursIn>
      <p0826-teimww:book knoraType="link_value" linkType="ref" target="ww_dcc738a50b5db68f"/>
    </p0826-teimww:occursIn>
    <p0826-teimww:text knoraType="richtext_value">[Clermont:] &lt;span class="quote"&gt;Twas but your fancie then awaking dreame: &lt;br&gt;
For as in sleepe, which bindes both th' outward senses, &lt;br&gt;
And the sense common to; th' imagining power &lt;br&gt;
(Stird vp by formes hid in the memories store, &lt;br&gt;
Or by the vapours of o'er-flowing humours &lt;br&gt;
In bodies full and foule; and mixt vvith spirits,) &lt;br&gt; 
Faines many strange, miraculous images, &lt;br&gt;
In which act, it so painfully applyes &lt;br&gt; 
It selfe to those formes, that the common sense &lt;br&gt; 
It actuates with his motion; and thereby &lt;br&gt;
Those fictions true seeme, and haue reall act: &lt;br&gt;
So, in the strength of our conceits, awake, &lt;br&gt;
The cause alike, doth of like fictions make.&lt;/span&gt;</p0826-teimww:text>
  </p0826-teimww:passage>
  <p0826-teimww:passage id="ww_5c04c6b005653902">
    <knoraXmlImport:label>passage label</knoraXmlImport:label>
    <p0826-teimww:occursIn>
      <p0826-teimww:book knoraType="link_value" linkType="ref" target="ww_aae46d6606af08c5"/>
    </p0826-teimww:occursIn>
    <p0826-teimww:text knoraType="richtext_value">[Hercules:] Behold, &lt;span class="quote"&gt;this monstrous rock &lt;/span&gt;thy death shall crown […].</p0826-teimww:text>
  </p0826-teimww:passage>
  <p0826-teimww:passage id="ww_7cc85550e9777fd7">
    <knoraXmlImport:label>passage label</knoraXmlImport:label>
    <p0826-teimww:occursIn>
      <p0826-teimww:book knoraType="link_value" linkType="ref" target="ww_3e15ab6c612eadae"/>
    </p0826-teimww:occursIn>
  </p0826-teimww:passage>
  <p0826-teimww:passage id="ww_d27cbd2362897b13">
    <knoraXmlImport:label>passage label</knoraXmlImport:label>
    <p0826-teimww:occursIn>
      <p0826-teimww:book knoraType="link_value" linkType="ref" target="ww_9ad87c450d3c00aa"/>
    </p0826-teimww:occursIn>
    <p0826-teimww:text knoraType="richtext_value">[Melantius:] Why? wilt thou dote thyself out of thy life? Hence &lt;span class="quote"&gt;get thee to bed, &lt;/span&gt; have a careful looking to, and eat warm things and trouble not me: my head is full of thoughts more weighty than thy like of Death can be. </p0826-teimww:text>
  </p0826-teimww:passage>
  <p0826-teimww:passage id="ww_a83b708e7b2130fa">
    <knoraXmlImport:label>passage label</knoraXmlImport:label>
    <p0826-teimww:occursIn>
      <p0826-teimww:book knoraType="link_value" linkType="ref" target="ww_d1faedb423154f39"/>
    </p0826-teimww:occursIn>
  </p0826-teimww:passage>
  <p0826-teimww:passage id="ww_af41ed7bae2a2ab5">
    <knoraXmlImport:label>passage label</knoraXmlImport:label>
    <p0826-teimww:occursIn>
      <p0826-teimww:book knoraType="link_value" linkType="ref" target="ww_daecaee38c79925b"/>
    </p0826-teimww:occursIn>
    <p0826-teimww:text knoraType="richtext_value">[Bosola:] [...] &lt;span class="quote"&gt;We are merely the Stars' tennis balls (struck, and bandied &lt;br&gt;
Which way please them)&lt;/span&gt; [...].</p0826-teimww:text>
  </p0826-teimww:passage>
  <p0826-teimww:passage id="ww_af30d16b702d0925">
    <knoraXmlImport:label>passage label</knoraXmlImport:label>
    <p0826-teimww:occursIn>
      <p0826-teimww:book knoraType="link_value" linkType="ref" target="ww_ff044156426e708d"/>
    </p0826-teimww:occursIn>
    <p0826-teimww:text knoraType="richtext_value">[Atlas:] [...] whom it hath pleased &lt;span class="quote"&gt;fortune to make her tennis ball of, &lt;/span&gt;and therefore subject to be struck by every fool into hasard.</p0826-teimww:text>
  </p0826-teimww:passage>
  <p0826-teimww:passage id="ww_48fbb5020b70b361">
    <knoraXmlImport:label>passage label</knoraXmlImport:label>
    <p0826-teimww:occursIn>
      <p0826-teimww:book knoraType="link_value" linkType="ref" target="ww_1140c36ab545b6d8"/>
    </p0826-teimww:occursIn>
  </p0826-teimww:passage>
  <p0826-teimww:passage id="ww_0e3988bb73241d4a">
    <knoraXmlImport:label>passage label</knoraXmlImport:label>
    <p0826-teimww:occursIn>
      <p0826-teimww:book knoraType="link_value" linkType="ref" target="ww_83f40524c281e8de"/>
    </p0826-teimww:occursIn>
    <p0826-teimww:text knoraType="richtext_value">[Ferdinand:] [...] or &lt;span class="quote"&gt;doth thy friendship play &lt;br&gt;
In this antipathous extreme with mine &lt;/span&gt;[...].</p0826-teimww:text>
  </p0826-teimww:passage>
  <p0826-teimww:passage id="ww_ad786034ad856745">
    <knoraXmlImport:label>passage label</knoraXmlImport:label>
    <p0826-teimww:occursIn>
      <p0826-teimww:book knoraType="link_value" linkType="ref" target="ww_df2b8c2f18df151a"/>
    </p0826-teimww:occursIn>
  </p0826-teimww:passage>
  <p0826-teimww:passage id="ww_8876729c47ddeca4">
    <knoraXmlImport:label>passage label</knoraXmlImport:label>
    <p0826-teimww:occursIn>
      <p0826-teimww:book knoraType="link_value" linkType="ref" target="ww_83f40524c281e8de"/>
    </p0826-teimww:occursIn>
    <p0826-teimww:text knoraType="richtext_value">[Ferdinand:] [...] &lt;span class="quote"&gt;thy bosom binds some secret&lt;br&gt;
Which do not trust me with &lt;/span&gt;[...].</p0826-teimww:text>
  </p0826-teimww:passage>
  <p0826-teimww:passage id="ww_112ea362ee6737f6">
    <knoraXmlImport:label>passage label</knoraXmlImport:label>
    <p0826-teimww:occursIn>
      <p0826-teimww:book knoraType="link_value" linkType="ref" target="ww_83f40524c281e8de"/>
    </p0826-teimww:occursIn>
    <p0826-teimww:text knoraType="richtext_value">Four Plays in One [Beaumont and Fletcher 1905 Glover edition volume 10, p. 38]" (William Peery. The Plays of Nathan Field: Edited from the Original Quartos with Introduction and Notes. Austin: The University of Texas Press, 1950. 244).</p0826-teimww:text>
  </p0826-teimww:passage>
  <p0826-teimww:passage id="ww_7c6be9e3abb82dcc">
    <knoraXmlImport:label>passage label</knoraXmlImport:label>
    <p0826-teimww:occursIn>
      <p0826-teimww:book knoraType="link_value" linkType="ref" target="ww_83f40524c281e8de"/>
    </p0826-teimww:occursIn>
    <p0826-teimww:text knoraType="richtext_value">[Gerrard:] &lt;span class="quote"&gt;My Lords, the Law is but the great mans mule; he rides on it&lt;/span&gt; [...]</p0826-teimww:text>
  </p0826-teimww:passage>
  <p0826-teimww:passage id="ww_4062983cf42091eb">
    <knoraXmlImport:label>passage label</knoraXmlImport:label>
    <p0826-teimww:occursIn>
      <p0826-teimww:book knoraType="link_value" linkType="ref" target="ww_83f40524c281e8de"/>
    </p0826-teimww:occursIn>
    <p0826-teimww:text knoraType="richtext_value">&lt;span class="quote"&gt;What averse Star rul'd my nativity?&lt;/span&gt;</p0826-teimww:text>
  </p0826-teimww:passage>
  <p0826-teimww:passage id="ww_cbbeb2260e7c3d64">
    <knoraXmlImport:label>passage label</knoraXmlImport:label>
    <p0826-teimww:occursIn>
      <p0826-teimww:book knoraType="link_value" linkType="ref" target="ww_b70c78ad34ac9ba9"/>
    </p0826-teimww:occursIn>
    <p0826-teimww:text knoraType="richtext_value">[Helena:] [...] Was this wrinkled forehead&lt;br&gt;
When 'twas at best, worth half so many lives?&lt;br&gt;
Where is that beauty? lives it in this face&lt;br&gt;
Which hath set two parts of the World at war,&lt;br&gt;
Been ruin of the Asian Monarchy,&lt;br&gt;
And almost this of Europe ? this &lt;span class="quote"&gt;the beauty&lt;br&gt;
That launch'd a thousand ships from Aulis' gulf? &lt;/span&gt;</p0826-teimww:text>
  </p0826-teimww:passage>
  <p0826-teimww:passage id="ww_ca55c49ed5e39ef9">
    <knoraXmlImport:label>passage label</knoraXmlImport:label>
    <p0826-teimww:occursIn>
      <p0826-teimww:book knoraType="link_value" linkType="ref" target="ww_3e15ab6c612eadae"/>
    </p0826-teimww:occursIn>
  </p0826-teimww:passage>
  <p0826-teimww:passage id="ww_5ce4db78e4150094">
    <knoraXmlImport:label>passage label</knoraXmlImport:label>
    <p0826-teimww:occursIn>
      <p0826-teimww:book knoraType="link_value" linkType="ref" target="ww_b7cc3dc17b06bc1d"/>
    </p0826-teimww:occursIn>
    <p0826-teimww:text knoraType="richtext_value">[Chersogles:] Spreading his &lt;span class="quote"&gt;fearful ensigns in the air, &lt;br&gt;
Like some prodigious comet, we may fear &lt;/span&gt;speedy revenge [...]</p0826-teimww:text>
  </p0826-teimww:passage>
  <p0826-teimww:passage id="ww_92c8d94e6a9c8f33">
    <knoraXmlImport:label>passage label</knoraXmlImport:label>
    <p0826-teimww:occursIn>
      <p0826-teimww:book knoraType="link_value" linkType="ref" target="ww_3e15ab6c612eadae"/>
    </p0826-teimww:occursIn>
  </p0826-teimww:passage>
  <p0826-teimww:passage id="ww_8636b722a74ca4ed">
    <knoraXmlImport:label>passage label</knoraXmlImport:label>
    <p0826-teimww:occursIn>
      <p0826-teimww:book knoraType="link_value" linkType="ref" target="ww_6318ed97b9193504"/>
    </p0826-teimww:occursIn>
    <p0826-teimww:text knoraType="richtext_value">&lt;span class="annotation"&gt;This scene is very similar to Act 1, scene 2 in Nathan Field's &lt;i&gt;A Woman is a Weather-Cock&lt;/i&gt;.&lt;/span&gt;</p0826-teimww:text>
  </p0826-teimww:passage>
  <p0826-teimww:passage id="ww_9b8902da9f3a362d">
    <knoraXmlImport:label>passage label</knoraXmlImport:label>
    <p0826-teimww:occursIn>
      <p0826-teimww:book knoraType="link_value" linkType="ref" target="ww_7153ee1643dbad3b"/>
    </p0826-teimww:occursIn>
  </p0826-teimww:passage>
  <p0826-teimww:passage id="ww_af78259e84dc7aee">
    <knoraXmlImport:label>passage label</knoraXmlImport:label>
    <p0826-teimww:occursIn>
      <p0826-teimww:book knoraType="link_value" linkType="ref" target="ww_e6393757bde56f88"/>
    </p0826-teimww:occursIn>
    <p0826-teimww:text knoraType="richtext_value">Alas, poore Booke, hunt not thou after prayse, &lt;br&gt;
Nor dare to stretch thy hand vnto the Bayes &lt;br&gt;
Vpon a Poets head: let it suffice &lt;br&gt;
To thee and me, the world doth vs despise. &lt;br&gt;
For 'tis a mad World, and it turnes on hinges, &lt;br&gt;
Whilst some a birding goe, and &lt;span class="quote"&gt;set their springes &lt;br&gt;
For to catch Woodcocks.&lt;/span&gt; Others sting and bite &lt;br&gt;
Like Wasps and Mastiffs, and doe take delight &lt;br&gt;
To quarrell with their shaddowes, nay, themselues, &lt;br&gt;
And their owne broode.</p0826-teimww:text>
  </p0826-teimww:passage>
  <p0826-teimww:passage id="ww_7daccc4dc709b890">
    <knoraXmlImport:label>passage label</knoraXmlImport:label>
    <p0826-teimww:occursIn>
      <p0826-teimww:book knoraType="link_value" linkType="ref" target="ww_6318ed97b9193504"/>
    </p0826-teimww:occursIn>
    <p0826-teimww:text knoraType="richtext_value">[Aymour:] Flatters, detracts, impaires, yet put it by,&lt;br&gt;
&lt;span class="quote"&gt;Lest thou dear Lord (Narcissus-like) should dote&lt;br&gt;
Upon thyself, and die; &lt;/span&gt;and rob the world&lt;br&gt;
Of nature's copy, that she works form by. </p0826-teimww:text>
  </p0826-teimww:passage>
  <p0826-teimww:passage id="ww_2fe7b27125c9a884">
    <knoraXmlImport:label>passage label</knoraXmlImport:label>
    <p0826-teimww:occursIn>
      <p0826-teimww:book knoraType="link_value" linkType="ref" target="ww_c3a47e920e07f537"/>
    </p0826-teimww:occursIn>
    <p0826-teimww:text knoraType="richtext_value">[Oriana:] Are all my hopes come to this? &lt;span class="quote"&gt;Is there no faith? &lt;br&gt;
No troth? nor modesty in men?&lt;/span&gt;</p0826-teimww:text>
  </p0826-teimww:passage>
  <p0826-teimww:passage id="ww_8da1806e84fa764e">
    <knoraXmlImport:label>passage label</knoraXmlImport:label>
    <p0826-teimww:occursIn>
      <p0826-teimww:book knoraType="link_value" linkType="ref" target="ww_1140c36ab545b6d8"/>
    </p0826-teimww:occursIn>
  </p0826-teimww:passage>
  <p0826-teimww:passage id="ww_3a4d8d17f688ec42">
    <knoraXmlImport:label>passage label</knoraXmlImport:label>
    <p0826-teimww:occursIn>
      <p0826-teimww:book knoraType="link_value" linkType="ref" target="ww_6b9bc6143aac54e5"/>
    </p0826-teimww:occursIn>
    <p0826-teimww:text knoraType="richtext_value">[Alexander:] No, no, no; I will not go down (makes himself unready) now I think on't. &lt;br&gt;
[Widow:] Why, what do you mean, &lt;span class="quote"&gt;you will not be so uncivil to unbrace you here? &lt;/span&gt;&lt;br&gt;
[Alexander:] By these Buckles I will, and what they will think on't [...].</p0826-teimww:text>
  </p0826-teimww:passage>
  <p0826-teimww:passage id="ww_c560736e78106ee7">
    <knoraXmlImport:label>passage label</knoraXmlImport:label>
    <p0826-teimww:occursIn>
      <p0826-teimww:book knoraType="link_value" linkType="ref" target="ww_ae445c827885ad63"/>
    </p0826-teimww:occursIn>
    <p0826-teimww:text knoraType="richtext_value">[Young Forester:] I have kild a man, but fairly as I am a Gentleman, without all base advantage in even tryal of both our desperate fortunes. &lt;br&gt;
[Anne:] And hand to hand? &lt;br&gt;
[Young Forester:]&lt;span class="quote"&gt; In single opposition.&lt;/span&gt;</p0826-teimww:text>
  </p0826-teimww:passage>
  <p0826-teimww:passage id="ww_0c079fc5d8f304e3">
    <knoraXmlImport:label>passage label</knoraXmlImport:label>
    <p0826-teimww:occursIn>
      <p0826-teimww:book knoraType="link_value" linkType="ref" target="ww_1140c36ab545b6d8"/>
    </p0826-teimww:occursIn>
  </p0826-teimww:passage>
  <p0826-teimww:passage id="ww_b30b2a8d282ff0f5">
    <knoraXmlImport:label>passage label</knoraXmlImport:label>
    <p0826-teimww:occursIn>
      <p0826-teimww:book knoraType="link_value" linkType="ref" target="ww_5da40143cf2a7516"/>
    </p0826-teimww:occursIn>
    <p0826-teimww:text knoraType="richtext_value">[...] there, and rose again in Burgoigne. But the greater miracle is behind &lt;span class="quote"&gt;(for thereby hangs a tale.)&lt;/span&gt; This man sued a divorce, and was separated from his wife [...].</p0826-teimww:text>
  </p0826-teimww:passage>
  <p0826-teimww:passage id="ww_9165adc21ee3121f">
    <knoraXmlImport:label>passage label</knoraXmlImport:label>
    <p0826-teimww:occursIn>
      <p0826-teimww:book knoraType="link_value" linkType="ref" target="ww_fb9509be352bd917"/>
    </p0826-teimww:occursIn>
  </p0826-teimww:passage>
  <p0826-teimww:passage id="ww_994ef297b3a834d0">
    <knoraXmlImport:label>passage label</knoraXmlImport:label>
    <p0826-teimww:occursIn>
      <p0826-teimww:book knoraType="link_value" linkType="ref" target="ww_7970b85d2ad84965"/>
    </p0826-teimww:occursIn>
    <p0826-teimww:text knoraType="richtext_value">[Bubulcus:] &lt;span class="quote"&gt;O that I were a flea upon his lip, &lt;br&gt;&lt;/span&gt;
There would I suck for ever, and not skip. </p0826-teimww:text>
  </p0826-teimww:passage>
  <p0826-teimww:passage id="ww_274a42851167e868">
    <knoraXmlImport:label>passage label</knoraXmlImport:label>
    <p0826-teimww:occursIn>
      <p0826-teimww:book knoraType="link_value" linkType="ref" target="ww_1140c36ab545b6d8"/>
    </p0826-teimww:occursIn>
  </p0826-teimww:passage>
  <p0826-teimww:passage id="ww_dc5efc791d437593">
    <knoraXmlImport:label>passage label</knoraXmlImport:label>
    <p0826-teimww:occursIn>
      <p0826-teimww:book knoraType="link_value" linkType="ref" target="ww_7d392b46fd787fce"/>
    </p0826-teimww:occursIn>
    <p0826-teimww:text knoraType="richtext_value">[Welborne:] They are well rewarded &lt;br&gt;
That beggar themselves to make such cuckolds rich. &lt;br&gt;
Thou viper, thankless viper; impudent bawd! &lt;br&gt; 
But since you are grow'n forgetful, I will help &lt;br&gt;
Your memory, and &lt;span class="quote"&gt;tread thee into mortar:&lt;br&gt; &lt;/span&gt;
Not leave one bone unbroken. </p0826-teimww:text>
  </p0826-teimww:passage>
  <p0826-teimww:passage id="ww_adce74db37412737">
    <knoraXmlImport:label>passage label</knoraXmlImport:label>
    <p0826-teimww:occursIn>
      <p0826-teimww:book knoraType="link_value" linkType="ref" target="ww_1140c36ab545b6d8"/>
    </p0826-teimww:occursIn>
  </p0826-teimww:passage>
  <p0826-teimww:passage id="ww_aa643a296777cf63">
    <knoraXmlImport:label>passage label</knoraXmlImport:label>
    <p0826-teimww:occursIn>
      <p0826-teimww:book knoraType="link_value" linkType="ref" target="ww_53ea056cdc03928d"/>
    </p0826-teimww:occursIn>
    <p0826-teimww:text knoraType="richtext_value">[Pynto:] Avant, I saw twelve dozen of Cuckolds in the middle region of the air, galloping on a black Jack, Eastward ho. [...] Now, now, now, my brains burn in Sulphur, and thus will I stalk about, and swim through a whole Element of dainty, neat, brisk, rich claret, canary, or maligo. Am not I Pynto, &lt;span class="quote"&gt;have not I hiren here? &lt;/span&gt;What art thou, a full moon, or a moon calf?</p0826-teimww:text>
  </p0826-teimww:passage>
  <p0826-teimww:passage id="ww_84c303891c91cf97">
    <knoraXmlImport:label>passage label</knoraXmlImport:label>
    <p0826-teimww:occursIn>
      <p0826-teimww:book knoraType="link_value" linkType="ref" target="ww_3e15ab6c612eadae"/>
    </p0826-teimww:occursIn>
  </p0826-teimww:passage>
  <p0826-teimww:passage id="ww_4a8ce7b4d92dd5b3">
    <knoraXmlImport:label>passage label</knoraXmlImport:label>
    <p0826-teimww:occursIn>
      <p0826-teimww:book knoraType="link_value" linkType="ref" target="ww_0a181b40f9edb85e"/>
    </p0826-teimww:occursIn>
    <p0826-teimww:text knoraType="richtext_value">[Duke:] &lt;span class="quote"&gt;Excellent wretch!&lt;/span&gt;</p0826-teimww:text>
  </p0826-teimww:passage>
  <p0826-teimww:passage id="ww_8121bf4190a06f31">
    <knoraXmlImport:label>passage label</knoraXmlImport:label>
    <p0826-teimww:occursIn>
      <p0826-teimww:book knoraType="link_value" linkType="ref" target="ww_ae5a361b7f786e79"/>
    </p0826-teimww:occursIn>
    <p0826-teimww:text knoraType="richtext_value">[Clown:] I confess it; but whether you haue serv'd him well, or no, &lt;span class="quote"&gt;there hangs a Tale. 
&lt;/span&gt;
Stro. How doth thy noble Lady, faire Lauret [...].</p0826-teimww:text>
  </p0826-teimww:passage>
  <p0826-teimww:passage id="ww_c14b734ea1eca57e">
    <knoraXmlImport:label>passage label</knoraXmlImport:label>
    <p0826-teimww:occursIn>
      <p0826-teimww:book knoraType="link_value" linkType="ref" target="ww_3e15ab6c612eadae"/>
    </p0826-teimww:occursIn>
  </p0826-teimww:passage>
  <p0826-teimww:passage id="ww_34c8aa16812bb7a4">
    <knoraXmlImport:label>passage label</knoraXmlImport:label>
    <p0826-teimww:occursIn>
      <p0826-teimww:book knoraType="link_value" linkType="ref" target="ww_485a54b3b41dff9b"/>
    </p0826-teimww:occursIn>
    <p0826-teimww:text knoraType="richtext_value">[Athenais:] If I could leave my understanding to you,&lt;br&gt;
It were superfluous to make division&lt;br&gt;
Of whatsoever else I can bequeath you,&lt;br&gt;
But to avoid contention, I allot&lt;br&gt;
An equal portion of my possessions&lt;br&gt;
To you my sons: but unto thee my daughter,&lt;br&gt;
My joy, my darling (pardon me though I&lt;br&gt;
Repeat his words) if &lt;span class="quote"&gt;my prophetic soul&lt;/span&gt;&lt;br&gt;
Ready to take her flight, can truely guess at&lt;br&gt;
Thy future fate, I leave the strange assurance&lt;br&gt;
Of the greatness thou art born to, unto which&lt;br&gt;
Thy brothers shall be proud to pay their service.&lt;br&gt;</p0826-teimww:text>
  </p0826-teimww:passage>
  <p0826-teimww:passage id="ww_78c1a018059f3b40">
    <knoraXmlImport:label>passage label</knoraXmlImport:label>
    <p0826-teimww:occursIn>
      <p0826-teimww:book knoraType="link_value" linkType="ref" target="ww_91e0dc4c671938fa"/>
    </p0826-teimww:occursIn>
  </p0826-teimww:passage>
  <p0826-teimww:passage id="ww_fac3e3b98eda4be1">
    <knoraXmlImport:label>passage label</knoraXmlImport:label>
    <p0826-teimww:occursIn>
      <p0826-teimww:book knoraType="link_value" linkType="ref" target="ww_485a54b3b41dff9b"/>
    </p0826-teimww:occursIn>
    <p0826-teimww:text knoraType="richtext_value">[Athenais:] [...] shall I,&lt;br&gt;
His vassal from obscurity rais'd by him&lt;br&gt;
To this so eminent light, presume to appoint him&lt;br&gt;
&lt;span class="quote"&gt;To do, or not to do &lt;/span&gt;this, or that: when wives&lt;br&gt;
Are well aocommodated by their husbands&lt;br&gt;
With all things both for use, and ornament,&lt;br&gt;
Let them fix there, and never dare to question&lt;br&gt;
Their wills or actions.</p0826-teimww:text>
  </p0826-teimww:passage>
  <p0826-teimww:passage id="ww_a7a13926d4769301">
    <knoraXmlImport:label>passage label</knoraXmlImport:label>
    <p0826-teimww:occursIn>
      <p0826-teimww:book knoraType="link_value" linkType="ref" target="ww_1140c36ab545b6d8"/>
    </p0826-teimww:occursIn>
  </p0826-teimww:passage>
  <p0826-teimww:passage id="ww_0a9c047f70f05ac7">
    <knoraXmlImport:label>passage label</knoraXmlImport:label>
    <p0826-teimww:occursIn>
      <p0826-teimww:book knoraType="link_value" linkType="ref" target="ww_80d15f244b120eda"/>
    </p0826-teimww:occursIn>
    <p0826-teimww:text knoraType="richtext_value">[Annabella:] [...] Would thou hadst been lesse subject to those &lt;span class="quote"&gt;Stars &lt;br&gt;
That luckless reign'd at my Nativity &lt;/span&gt;[...].</p0826-teimww:text>
  </p0826-teimww:passage>
  <p0826-teimww:passage id="ww_369f81218a80cc3c">
    <knoraXmlImport:label>passage label</knoraXmlImport:label>
    <p0826-teimww:occursIn>
      <p0826-teimww:book knoraType="link_value" linkType="ref" target="ww_e16edd49585b8434"/>
    </p0826-teimww:occursIn>
    <p0826-teimww:text knoraType="richtext_value">[D'Avolos:]&lt;/i&gt; A shrewd ominous token; &lt;br&gt;
&lt;span class="quote"&gt;I like not that neither.&lt;/span&gt; &lt;br&gt;
[Duke:] Again! What is't you like not?</p0826-teimww:text>
  </p0826-teimww:passage>
  <p0826-teimww:passage id="ww_ace69aa5905449f6">
    <knoraXmlImport:label>passage label</knoraXmlImport:label>
    <p0826-teimww:occursIn>
      <p0826-teimww:book knoraType="link_value" linkType="ref" target="ww_1140c36ab545b6d8"/>
    </p0826-teimww:occursIn>
  </p0826-teimww:passage>
  <p0826-teimww:passage id="ww_f07ac9df61678d5c">
    <knoraXmlImport:label>passage label</knoraXmlImport:label>
    <p0826-teimww:occursIn>
      <p0826-teimww:book knoraType="link_value" linkType="ref" target="ww_c8ca0bdc1413defb"/>
    </p0826-teimww:occursIn>
    <p0826-teimww:text knoraType="richtext_value">[Landrey:] Most true, you wept.&lt;br&gt;
[Queen:] &lt;span class="quote"&gt;As a good Actor in a play would do,&lt;br&gt;
Whose fancy works (as if he waking dreamt)&lt;br&gt;
Too strongly on the Object that it copes with,&lt;br&gt;
Shaping realities from mockeries;&lt;br&gt;
And so the queen did weep.&lt;/span&gt; [...]&lt;br&gt;
&lt;span class="quote"&gt;By this good night&lt;br&gt;
I think I could become the Stage as well&lt;br&gt;
As any she that sels her breath in publique.&lt;/span&gt;</p0826-teimww:text>
  </p0826-teimww:passage>
  <p0826-teimww:passage id="ww_a493a24cb5b7a3d3">
    <knoraXmlImport:label>passage label</knoraXmlImport:label>
    <p0826-teimww:occursIn>
      <p0826-teimww:book knoraType="link_value" linkType="ref" target="ww_5868d5560bdfc062"/>
    </p0826-teimww:occursIn>
  </p0826-teimww:passage>
  <p0826-teimww:passage id="ww_c6cf4e2e7927f350">
    <knoraXmlImport:label>passage label</knoraXmlImport:label>
    <p0826-teimww:occursIn>
      <p0826-teimww:book knoraType="link_value" linkType="ref" target="ww_c8ca0bdc1413defb"/>
    </p0826-teimww:occursIn>
    <p0826-teimww:text knoraType="richtext_value">[Crotilda as the eunuch Castrato:] Is't even so, work and &lt;span class="quote"&gt;about my brain,&lt;/span&gt;&lt;br&gt;
I'm lost for ever if not close again.&lt;/span&gt;</p0826-teimww:text>
  </p0826-teimww:passage>
  <p0826-teimww:passage id="ww_b058325464fc3050">
    <knoraXmlImport:label>passage label</knoraXmlImport:label>
    <p0826-teimww:occursIn>
      <p0826-teimww:book knoraType="link_value" linkType="ref" target="ww_5868d5560bdfc062"/>
    </p0826-teimww:occursIn>
  </p0826-teimww:passage>
  <p0826-teimww:passage id="ww_f9330e328f5bcfea">
    <knoraXmlImport:label>passage label</knoraXmlImport:label>
    <p0826-teimww:occursIn>
      <p0826-teimww:book knoraType="link_value" linkType="ref" target="ww_c8ca0bdc1413defb"/>
    </p0826-teimww:occursIn>
    <p0826-teimww:text knoraType="richtext_value">[Clotair:] &lt;span class="quote"&gt;I'll take thy word, &lt;i&gt;Eunuch, &lt;/i&gt;for the Kingdom's wealth.&lt;/span&gt;</p0826-teimww:text>
  </p0826-teimww:passage>
  <p0826-teimww:passage id="ww_67035e9b8a5788c1">
    <knoraXmlImport:label>passage label</knoraXmlImport:label>
    <p0826-teimww:occursIn>
      <p0826-teimww:book knoraType="link_value" linkType="ref" target="ww_5868d5560bdfc062"/>
    </p0826-teimww:occursIn>
  </p0826-teimww:passage>
  <p0826-teimww:passage id="ww_88f2bbfdc34e987a">
    <knoraXmlImport:label>passage label</knoraXmlImport:label>
    <p0826-teimww:occursIn>
      <p0826-teimww:book knoraType="link_value" linkType="ref" target="ww_c8ca0bdc1413defb"/>
    </p0826-teimww:occursIn>
    <p0826-teimww:text knoraType="richtext_value">[Old Brissac:] Pray let me see the Ring; yes it was hers,&lt;br&gt;
And she would say she'd never part with it&lt;br&gt;
But when she meant to wed; if y'have married her,&lt;br&gt;
Or have her promise riveted to yours,&lt;br&gt;
Tell me but where she is, I'll  be content,&lt;br&gt;
For I in losing her have lost my joy.&lt;br&gt;
[Charles Brissac:] Is she not then within?&lt;br&gt;
[Old Brissac:] Yes too much; oh no&lt;br&gt;
The house contains her not, she is not here,&lt;br&gt;
Nor is for ought I know at all.&lt;br&gt;
[Clovis the Prince:] &lt;span class="quote"&gt;O my prophetic soul, &lt;/span&gt;then 'tis no idle fear.</p0826-teimww:text>
  </p0826-teimww:passage>
  <p0826-teimww:passage id="ww_b16769a2f7d85c25">
    <knoraXmlImport:label>passage label</knoraXmlImport:label>
    <p0826-teimww:occursIn>
      <p0826-teimww:book knoraType="link_value" linkType="ref" target="ww_91e0dc4c671938fa"/>
    </p0826-teimww:occursIn>
  </p0826-teimww:passage>
  <p0826-teimww:passage id="ww_df76456f4ebe6cf6">
    <knoraXmlImport:label>passage label</knoraXmlImport:label>
    <p0826-teimww:occursIn>
      <p0826-teimww:book knoraType="link_value" linkType="ref" target="ww_5868d5560bdfc062"/>
    </p0826-teimww:occursIn>
  </p0826-teimww:passage>
  <p0826-teimww:passage id="ww_58f781e2d257b94c">
    <knoraXmlImport:label>passage label</knoraXmlImport:label>
    <p0826-teimww:occursIn>
      <p0826-teimww:book knoraType="link_value" linkType="ref" target="ww_c8ca0bdc1413defb"/>
    </p0826-teimww:occursIn>
    <p0826-teimww:text knoraType="richtext_value">[Clotair:] &lt;span class = "quote"&gt;Whom d'ye hold discourse with, the air?&lt;/span&gt;&lt;br&gt;
Bethink yourself, this is no time to dally. </p0826-teimww:text>
  </p0826-teimww:passage>
  <p0826-teimww:passage id="ww_cc22b740cce3c1d9">
    <knoraXmlImport:label>passage label</knoraXmlImport:label>
    <p0826-teimww:occursIn>
      <p0826-teimww:book knoraType="link_value" linkType="ref" target="ww_5868d5560bdfc062"/>
    </p0826-teimww:occursIn>
  </p0826-teimww:passage>
  <p0826-teimww:passage id="ww_83110dc1fd25afd7">
    <knoraXmlImport:label>passage label</knoraXmlImport:label>
    <p0826-teimww:occursIn>
      <p0826-teimww:book knoraType="link_value" linkType="ref" target="ww_c8ca0bdc1413defb"/>
    </p0826-teimww:occursIn>
    <p0826-teimww:text knoraType="richtext_value">[Eunuch:] [...] If (in her proud desire) I do prevent&lt;br&gt;
Her lust this second time, before the third&lt;br&gt;
&lt;span class="quote"&gt;She may repent and save her loathed soul,&lt;br&gt;
Which my revenge would damn; &lt;/span&gt;yet were she crossed,&lt;br&gt;
Her lust being now at full flood in her,&lt;br&gt;
And no way left to quench her burning flame,&lt;br&gt;
Her drier bones would make a bonfire,&lt;br&gt;
Fit for the Devill to warm his hands by [...].</p0826-teimww:text>
  </p0826-teimww:passage>
  <p0826-teimww:passage id="ww_3ef157950bb184cd">
    <knoraXmlImport:label>passage label</knoraXmlImport:label>
    <p0826-teimww:occursIn>
      <p0826-teimww:book knoraType="link_value" linkType="ref" target="ww_c8ca0bdc1413defb"/>
    </p0826-teimww:occursIn>
    <p0826-teimww:text knoraType="richtext_value">[Clovis:] I am no spirit; tast &lt;span class="quote"&gt;my active pulse,&lt;br&gt;
And you shall find it makes such harmony&lt;br&gt;
As youth and health enjoy.&lt;/span&gt;</p0826-teimww:text>
  </p0826-teimww:passage>
  <p0826-teimww:passage id="ww_40099e00ba2d0e53">
    <knoraXmlImport:label>passage label</knoraXmlImport:label>
    <p0826-teimww:occursIn>
      <p0826-teimww:book knoraType="link_value" linkType="ref" target="ww_5868d5560bdfc062"/>
    </p0826-teimww:occursIn>
  </p0826-teimww:passage>
  <p0826-teimww:passage id="ww_84ac44b73b0bbac5">
    <knoraXmlImport:label>passage label</knoraXmlImport:label>
    <p0826-teimww:occursIn>
      <p0826-teimww:book knoraType="link_value" linkType="ref" target="ww_38c906962ba7629a"/>
    </p0826-teimww:occursIn>
    <p0826-teimww:text knoraType="richtext_value">We desire forbidden things, and that is the perversenesse of your flesh, that will not be brideled with no lawful bounds, and wee see by experience that many men that have beautiful wives neglect their own better, and pray upon others more deformed. &lt;span class="quote"&gt;For Virtue as it never will be moved, though lewdness court it in the shape of heaven; So Lust, though to a radiant Angel linked, will sort itself in a terrestrial bed, and prey on garbage.&lt;/span&gt;</p0826-teimww:text>
  </p0826-teimww:passage>
  <p0826-teimww:passage id="ww_1434b77883cebd6a">
    <knoraXmlImport:label>passage label</knoraXmlImport:label>
    <p0826-teimww:occursIn>
      <p0826-teimww:book knoraType="link_value" linkType="ref" target="ww_f1fa280c821d334c"/>
    </p0826-teimww:occursIn>
  </p0826-teimww:passage>
  <p0826-teimww:passage id="ww_1a3466a7a469a574">
    <knoraXmlImport:label>passage label</knoraXmlImport:label>
    <p0826-teimww:occursIn>
      <p0826-teimww:book knoraType="link_value" linkType="ref" target="ww_c8ca0bdc1413defb"/>
    </p0826-teimww:occursIn>
    <p0826-teimww:text knoraType="richtext_value">[...] Nay, I have done; &lt;span class="quote"&gt;beware of jealousy;&lt;br&gt;&lt;/span&gt;
I would not have you nourish jealous thoughts [...].</p0826-teimww:text>
  </p0826-teimww:passage>
  <p0826-teimww:passage id="ww_ef33f770d455546b">
    <knoraXmlImport:label>passage label</knoraXmlImport:label>
    <p0826-teimww:occursIn>
      <p0826-teimww:book knoraType="link_value" linkType="ref" target="ww_c8ca0bdc1413defb"/>
    </p0826-teimww:occursIn>
    <p0826-teimww:text knoraType="richtext_value">[Crotilda as the eunuch Castrato:] King, thou hadst better far have strook thy Father,&lt;br&gt;
&lt;span class="quote"&gt;Dig'd up his bones and plaid at logats with them.&lt;/span&gt;</p0826-teimww:text>
  </p0826-teimww:passage>
  <p0826-teimww:passage id="ww_96dd046ec0cada74">
    <knoraXmlImport:label>passage label</knoraXmlImport:label>
    <p0826-teimww:occursIn>
      <p0826-teimww:book knoraType="link_value" linkType="ref" target="ww_5868d5560bdfc062"/>
    </p0826-teimww:occursIn>
  </p0826-teimww:passage>
  <p0826-teimww:passage id="ww_b76fa82ae6db4f8a">
    <knoraXmlImport:label>passage label</knoraXmlImport:label>
    <p0826-teimww:occursIn>
      <p0826-teimww:book knoraType="link_value" linkType="ref" target="ww_c8ca0bdc1413defb"/>
    </p0826-teimww:occursIn>
    <p0826-teimww:text knoraType="richtext_value">[Clovis:] [...] &lt;span class="quote"&gt;Though she has broke her faith to me, to you &lt;br&gt;
Against her reputation she'll be true &lt;/span&gt;[...].</p0826-teimww:text>
  </p0826-teimww:passage>
  <p0826-teimww:passage id="ww_2c7593c39d035309">
    <knoraXmlImport:label>passage label</knoraXmlImport:label>
    <p0826-teimww:occursIn>
      <p0826-teimww:book knoraType="link_value" linkType="ref" target="ww_c8ca0bdc1413defb"/>
    </p0826-teimww:occursIn>
    <p0826-teimww:text knoraType="richtext_value">[Crotilda as the eunuch Castrato:] 'Tis true, I tell your Oracle;&lt;br&gt;
&lt;span class="quote"&gt;There's not an hour's life between ye both;&lt;br&gt;&lt;/span&gt;
The poison's sure, I did prepare it for ye,&lt;br&gt;
And have my self taken an Antidote [...].</p0826-teimww:text>
  </p0826-teimww:passage>
  <p0826-teimww:passage id="ww_3e93b2eb7633c0d2">
    <knoraXmlImport:label>passage label</knoraXmlImport:label>
    <p0826-teimww:occursIn>
      <p0826-teimww:book knoraType="link_value" linkType="ref" target="ww_5868d5560bdfc062"/>
    </p0826-teimww:occursIn>
  </p0826-teimww:passage>
  <p0826-teimww:passage id="ww_31a5d8733533b712">
    <knoraXmlImport:label>passage label</knoraXmlImport:label>
    <p0826-teimww:occursIn>
      <p0826-teimww:book knoraType="link_value" linkType="ref" target="ww_c8ca0bdc1413defb"/>
    </p0826-teimww:occursIn>
    <p0826-teimww:text knoraType="richtext_value">[Clovis:] [...] The drowsy Poppy, cold &lt;span class="quote"&gt;Mandragora, &lt;/span&gt;&lt;br&gt;
Or all the &lt;span class="quote"&gt;sleepy syrups &lt;/span&gt;of the world [...].</p0826-teimww:text>
  </p0826-teimww:passage>
  <p0826-teimww:passage id="ww_d3384d1801d92ace">
    <knoraXmlImport:label>passage label</knoraXmlImport:label>
    <p0826-teimww:occursIn>
      <p0826-teimww:book knoraType="link_value" linkType="ref" target="ww_c8ca0bdc1413defb"/>
    </p0826-teimww:occursIn>
    <p0826-teimww:text knoraType="richtext_value">[Clotair:] The motions of the Sphæres move in that tongue.&lt;br&gt;
Turn all your sables to the Tyrian dye,&lt;br&gt;
&lt;span class="quote"&gt;Your dirges into sprightful wedding airs. &lt;/span&gt;</p0826-teimww:text>
  </p0826-teimww:passage>
  <p0826-teimww:passage id="ww_1de3c8a4ed0205c2">
    <knoraXmlImport:label>passage label</knoraXmlImport:label>
    <p0826-teimww:occursIn>
      <p0826-teimww:book knoraType="link_value" linkType="ref" target="ww_5868d5560bdfc062"/>
    </p0826-teimww:occursIn>
  </p0826-teimww:passage>
  <p0826-teimww:passage id="ww_2f374130bacf29a1">
    <knoraXmlImport:label>passage label</knoraXmlImport:label>
    <p0826-teimww:occursIn>
      <p0826-teimww:book knoraType="link_value" linkType="ref" target="ww_c8ca0bdc1413defb"/>
    </p0826-teimww:occursIn>
    <p0826-teimww:text knoraType="richtext_value">[Second Soldier:] [...] The Monsieur, like the God of war, bestrides&lt;br&gt;
A bounding Courser, who is therefore proud&lt;br&gt;
To be so back'd, as knowing whom he bears:&lt;br&gt;
&lt;span class="quote"&gt;So Centaur-like he's anchor'd to his seat,&lt;br&gt;
As he had twind with the proud steed he rides on;&lt;br&gt;
He grows unto his saddle all one piece,&lt;br&gt;
And that unto his Horse; &lt;/span&lt;who thus unmov'd,&lt;br&gt;
Sits like a Perseus on his Pegasus, &lt;br&gt;
Stable and fleet.</p0826-teimww:text>
  </p0826-teimww:passage>
  <p0826-teimww:passage id="ww_6b6bea70b9ca9e08">
    <knoraXmlImport:label>passage label</knoraXmlImport:label>
    <p0826-teimww:occursIn>
      <p0826-teimww:book knoraType="link_value" linkType="ref" target="ww_5868d5560bdfc062"/>
    </p0826-teimww:occursIn>
  </p0826-teimww:passage>
  <p0826-teimww:passage id="ww_91ad182437d2217a">
    <knoraXmlImport:label>passage label</knoraXmlImport:label>
    <p0826-teimww:occursIn>
      <p0826-teimww:book knoraType="link_value" linkType="ref" target="ww_c8ca0bdc1413defb"/>
    </p0826-teimww:occursIn>
    <p0826-teimww:text knoraType="richtext_value">[Queen:] &lt;span class="quote"&gt;What French Neronian spirit have we here?&lt;/span&gt;&lt;br&gt;
Insolent boy, wilt thou turn Parricide? </p0826-teimww:text>
  </p0826-teimww:passage>
  <p0826-teimww:passage id="ww_93f6fdbe22a907e6">
    <knoraXmlImport:label>passage label</knoraXmlImport:label>
    <p0826-teimww:occursIn>
      <p0826-teimww:book knoraType="link_value" linkType="ref" target="ww_5868d5560bdfc062"/>
    </p0826-teimww:occursIn>
  </p0826-teimww:passage>
  <p0826-teimww:passage id="ww_6e03506358e0e8c9">
    <knoraXmlImport:label>passage label</knoraXmlImport:label>
    <p0826-teimww:occursIn>
      <p0826-teimww:book knoraType="link_value" linkType="ref" target="ww_c8ca0bdc1413defb"/>
    </p0826-teimww:occursIn>
    <p0826-teimww:text knoraType="richtext_value">[Clovis:] &lt;span class="quote"&gt;I'll tear him all to pieces &lt;/span&gt;then [...].</p0826-teimww:text>
  </p0826-teimww:passage>
  <p0826-teimww:passage id="ww_784345580b7f2614">
    <knoraXmlImport:label>passage label</knoraXmlImport:label>
    <p0826-teimww:occursIn>
      <p0826-teimww:book knoraType="link_value" linkType="ref" target="ww_c8ca0bdc1413defb"/>
    </p0826-teimww:occursIn>
    <p0826-teimww:text knoraType="richtext_value">[Clotair:] [...] lock up in me&lt;br&gt;
The Organs of remorse, all faculties&lt;br&gt;
That write me man, or mankind; create&lt;br&gt;
&lt;span class="quote"&gt;A spirit of horror in me, apt me to look&lt;br&gt;
Upon such deeds nature would tremble at,&lt;/span&gt;&lt;br&gt;
And the discreet&lt;span class="quote"&gt; composure of the world&lt;br&gt;
Melt and dissolve to nothing&lt;/span&gt;, whilst I unmov'd&lt;br&gt;
Smile at the alteration [...]</p0826-teimww:text>
  </p0826-teimww:passage>
  <p0826-teimww:passage id="ww_0bd6272405abae9c">
    <knoraXmlImport:label>passage label</knoraXmlImport:label>
    <p0826-teimww:occursIn>
      <p0826-teimww:book knoraType="link_value" linkType="ref" target="ww_5868d5560bdfc062"/>
    </p0826-teimww:occursIn>
  </p0826-teimww:passage>
  <p0826-teimww:passage id="ww_1c5c60306848e4d1">
    <knoraXmlImport:label>passage label</knoraXmlImport:label>
    <p0826-teimww:occursIn>
      <p0826-teimww:book knoraType="link_value" linkType="ref" target="ww_c8ca0bdc1413defb"/>
    </p0826-teimww:occursIn>
    <p0826-teimww:text knoraType="richtext_value">[Clothair:] [...] &lt;span class"quote"&gt;kiss me sweet, &lt;/span&gt;&lt;br&gt;
[Kisses her.] &lt;br&gt; 
&lt;span class="quote"&gt;There's no deceit lies here &lt;/span&gt;[...].</p0826-teimww:text>
  </p0826-teimww:passage>
  <p0826-teimww:passage id="ww_23683638cd20a020">
    <knoraXmlImport:label>passage label</knoraXmlImport:label>
    <p0826-teimww:occursIn>
      <p0826-teimww:book knoraType="link_value" linkType="ref" target="ww_5868d5560bdfc062"/>
    </p0826-teimww:occursIn>
  </p0826-teimww:passage>
  <p0826-teimww:passage id="ww_7202a693105de657">
    <knoraXmlImport:label>passage label</knoraXmlImport:label>
    <p0826-teimww:occursIn>
      <p0826-teimww:book knoraType="link_value" linkType="ref" target="ww_c8ca0bdc1413defb"/>
    </p0826-teimww:occursIn>
    <p0826-teimww:text knoraType="richtext_value">[Queen:] [...] But tell me &lt;i&gt;Landrey,&lt;/i&gt; how did I play the mother;&lt;br&gt;
Did not I seem &lt;span class="quote"&gt;a &lt;i&gt;Niobe &lt;/i&gt;in passion,&lt;br&gt;
A deluge of salt tears?&lt;/span&gt;</p0826-teimww:text>
  </p0826-teimww:passage>
  <p0826-teimww:passage id="ww_4bb1236006d15eb6">
    <knoraXmlImport:label>passage label</knoraXmlImport:label>
    <p0826-teimww:occursIn>
      <p0826-teimww:book knoraType="link_value" linkType="ref" target="ww_5868d5560bdfc062"/>
    </p0826-teimww:occursIn>
  </p0826-teimww:passage>
  <p0826-teimww:passage id="ww_f01dd821f9c6fe34">
    <knoraXmlImport:label>passage label</knoraXmlImport:label>
    <p0826-teimww:occursIn>
      <p0826-teimww:book knoraType="link_value" linkType="ref" target="ww_c8ca0bdc1413defb"/>
    </p0826-teimww:occursIn>
    <p0826-teimww:text knoraType="richtext_value">[Clovis:] [...] Oh King,&lt;br&gt;
For I am &lt;span class="quote"&gt;swift as thought that executes.</p0826-teimww:text>
  </p0826-teimww:passage>
  <p0826-teimww:passage id="ww_c0cdb7f76a8b0f4f">
    <knoraXmlImport:label>passage label</knoraXmlImport:label>
    <p0826-teimww:occursIn>
      <p0826-teimww:book knoraType="link_value" linkType="ref" target="ww_5868d5560bdfc062"/>
    </p0826-teimww:occursIn>
  </p0826-teimww:passage>
  <p0826-teimww:passage id="ww_9ff0e88db317fcb5">
    <knoraXmlImport:label>passage label</knoraXmlImport:label>
    <p0826-teimww:occursIn>
      <p0826-teimww:book knoraType="link_value" linkType="ref" target="ww_c8ca0bdc1413defb"/>
    </p0826-teimww:occursIn>
    <p0826-teimww:text knoraType="richtext_value">[Clothair:] [...] It is &lt;span class="quote"&gt;not murder, &lt;/span&gt;tender-hearted fool &lt;br&gt;
Which thou commitst, &lt;span class="quote"&gt;rather a sacrifice &lt;/span&gt;[...].</p0826-teimww:text>
  </p0826-teimww:passage>
  <p0826-teimww:passage id="ww_8b83f6fcc923e0d6">
    <knoraXmlImport:label>passage label</knoraXmlImport:label>
    <p0826-teimww:occursIn>
      <p0826-teimww:book knoraType="link_value" linkType="ref" target="ww_c8ca0bdc1413defb"/>
    </p0826-teimww:occursIn>
    <p0826-teimww:text knoraType="richtext_value">[Queen:] I grant th'as great a Basilisk as he,&lt;br&gt;
As thou art merely man; but &lt;span class="quote"&gt;as thy King&lt;br&gt;
Divinity doth prop him, &lt;/span&gt;he stands firm&lt;br&gt;
That builds on that foundation</p0826-teimww:text>
  </p0826-teimww:passage>
  <p0826-teimww:passage id="ww_90976d7d08a655dc">
    <knoraXmlImport:label>passage label</knoraXmlImport:label>
    <p0826-teimww:occursIn>
      <p0826-teimww:book knoraType="link_value" linkType="ref" target="ww_5868d5560bdfc062"/>
    </p0826-teimww:occursIn>
  </p0826-teimww:passage>
  <p0826-teimww:passage id="ww_dd1513adb5374d55">
    <knoraXmlImport:label>passage label</knoraXmlImport:label>
    <p0826-teimww:occursIn>
      <p0826-teimww:book knoraType="link_value" linkType="ref" target="ww_c8ca0bdc1413defb"/>
    </p0826-teimww:occursIn>
    <p0826-teimww:text knoraType="richtext_value">[Queen:] [...] &lt;span class="quote"&gt;sure thou hast bought &lt;br&gt;
A pair of cast lips of the chaste &lt;i&gt;Diana's&lt;/i&gt;&lt;/span&gt; [...].</p0826-teimww:text>
  </p0826-teimww:passage>
  <p0826-teimww:passage id="ww_8ea0e1782e72b510">
    <knoraXmlImport:label>passage label</knoraXmlImport:label>
    <p0826-teimww:occursIn>
      <p0826-teimww:book knoraType="link_value" linkType="ref" target="ww_c8ca0bdc1413defb"/>
    </p0826-teimww:occursIn>
    <p0826-teimww:text knoraType="richtext_value">[Clotair:] [...]&lt;span class="quote"&gt; my passions but like lightning &lt;br&gt;
Flash and away, dead e'er we say it is. &lt;/span&gt;</p0826-teimww:text>
  </p0826-teimww:passage>
  <p0826-teimww:passage id="ww_5b2a49851e9717b9">
    <knoraXmlImport:label>passage label</knoraXmlImport:label>
    <p0826-teimww:occursIn>
      <p0826-teimww:book knoraType="link_value" linkType="ref" target="ww_c8ca0bdc1413defb"/>
    </p0826-teimww:occursIn>
    <p0826-teimww:text knoraType="richtext_value">[Aphelia:] I'll force a gentler nature in the steel, &lt;br&gt;
And with my rainy eyes weep out their heat; &lt;br&gt;
Which as it dies should &lt;span class="quote"&gt;hiss it self to scorn &lt;/span&gt;[...].</p0826-teimww:text>
  </p0826-teimww:passage>
  <p0826-teimww:passage id="ww_72ccdeccae445d5a">
    <knoraXmlImport:label>passage label</knoraXmlImport:label>
    <p0826-teimww:occursIn>
      <p0826-teimww:book knoraType="link_value" linkType="ref" target="ww_c8ca0bdc1413defb"/>
    </p0826-teimww:occursIn>
    <p0826-teimww:text knoraType="richtext_value">[Clotair:] &lt;span class="quote"&gt;No more of that, it tends to madness &lt;/span&gt;[...].</p0826-teimww:text>
  </p0826-teimww:passage>
  <p0826-teimww:passage id="ww_49344abb6e143df2">
    <knoraXmlImport:label>passage label</knoraXmlImport:label>
    <p0826-teimww:occursIn>
      <p0826-teimww:book knoraType="link_value" linkType="ref" target="ww_c8ca0bdc1413defb"/>
    </p0826-teimww:occursIn>
    <p0826-teimww:text knoraType="richtext_value">[Landrey:] &lt;span class="quote"&gt;Poor unfed sides &lt;/span&gt;that pass along the street, &lt;br&gt;
I now am sensible of what ye want [...].</p0826-teimww:text>
  </p0826-teimww:passage>
  <p0826-teimww:passage id="ww_5742934297a1f4dd">
    <knoraXmlImport:label>passage label</knoraXmlImport:label>
    <p0826-teimww:occursIn>
      <p0826-teimww:book knoraType="link_value" linkType="ref" target="ww_c8ca0bdc1413defb"/>
    </p0826-teimww:occursIn>
    <p0826-teimww:text knoraType="richtext_value">[Queen:] &lt;span class="quote"&gt;Within the clothed circle of mine eyes,&lt;br&gt;
Anchor thy fingers; alas, thy nails are par'd.&lt;/span&gt;</p0826-teimww:text>
  </p0826-teimww:passage>
  <p0826-teimww:passage id="ww_250b41128c772506">
    <knoraXmlImport:label>passage label</knoraXmlImport:label>
    <p0826-teimww:occursIn>
      <p0826-teimww:book knoraType="link_value" linkType="ref" target="ww_5868d5560bdfc062"/>
    </p0826-teimww:occursIn>
  </p0826-teimww:passage>
  <p0826-teimww:passage id="ww_7ff8ee624afeb233">
    <knoraXmlImport:label>passage label</knoraXmlImport:label>
    <p0826-teimww:occursIn>
      <p0826-teimww:book knoraType="link_value" linkType="ref" target="ww_c8ca0bdc1413defb"/>
    </p0826-teimww:occursIn>
    <p0826-teimww:text knoraType="richtext_value">[Queen:] Let thy hand &lt;span class="quote"&gt;sacrifice not butcher him.&lt;/span&gt;</p0826-teimww:text>
  </p0826-teimww:passage>
  <p0826-teimww:passage id="ww_7d0ceb1ce6556825">
    <knoraXmlImport:label>passage label</knoraXmlImport:label>
    <p0826-teimww:occursIn>
      <p0826-teimww:book knoraType="link_value" linkType="ref" target="ww_5868d5560bdfc062"/>
    </p0826-teimww:occursIn>
  </p0826-teimww:passage>
  <p0826-teimww:passage id="ww_dcd4681515288ad0">
    <knoraXmlImport:label>passage label</knoraXmlImport:label>
    <p0826-teimww:occursIn>
      <p0826-teimww:book knoraType="link_value" linkType="ref" target="ww_c8ca0bdc1413defb"/>
    </p0826-teimww:occursIn>
    <p0826-teimww:text knoraType="richtext_value">[Charles Brissac:] My noble Father -&lt;br&gt;
[Old Brissac:] Tut, tut, tut! &lt;span class="quote"&gt;Noble me [no] nobles, nor Father me No Fathers.&lt;/span&gt; &lt;br&gt;</p0826-teimww:text>
  </p0826-teimww:passage>
  <p0826-teimww:passage id="ww_a020c91fc10552af">
    <knoraXmlImport:label>passage label</knoraXmlImport:label>
    <p0826-teimww:occursIn>
      <p0826-teimww:book knoraType="link_value" linkType="ref" target="ww_5868d5560bdfc062"/>
    </p0826-teimww:occursIn>
  </p0826-teimww:passage>
  <p0826-teimww:passage id="ww_556ea9828336394b">
    <knoraXmlImport:label>passage label</knoraXmlImport:label>
    <p0826-teimww:occursIn>
      <p0826-teimww:book knoraType="link_value" linkType="ref" target="ww_c8ca0bdc1413defb"/>
    </p0826-teimww:occursIn>
    <p0826-teimww:text knoraType="richtext_value">[Aphalia:] &lt;span class="quote"&gt;Commend me to my Lord. &lt;/span&gt;</p0826-teimww:text>
  </p0826-teimww:passage>
  <p0826-teimww:passage id="ww_6ce86b429bec66ca">
    <knoraXmlImport:label>passage label</knoraXmlImport:label>
    <p0826-teimww:occursIn>
      <p0826-teimww:book knoraType="link_value" linkType="ref" target="ww_5868d5560bdfc062"/>
    </p0826-teimww:occursIn>
  </p0826-teimww:passage>
  <p0826-teimww:passage id="ww_d163917e509be1a8">
    <knoraXmlImport:label>passage label</knoraXmlImport:label>
    <p0826-teimww:occursIn>
      <p0826-teimww:book knoraType="link_value" linkType="ref" target="ww_c8ca0bdc1413defb"/>
    </p0826-teimww:occursIn>
    <p0826-teimww:text knoraType="richtext_value">[Queen:] [...] Thy brother's ghost, &lt;span class="quote"&gt;young &lt;i&gt;Clovis&lt;/i&gt; Ghost in arms&lt;/span&gt;&lt;br&gt;
Has &lt;span class="quote"&gt;thrice appear'd to me this dismal night.&lt;/span&gt;</p0826-teimww:text>
  </p0826-teimww:passage>
  <p0826-teimww:passage id="ww_bd71ccffe79a65d3">
    <knoraXmlImport:label>passage label</knoraXmlImport:label>
    <p0826-teimww:occursIn>
      <p0826-teimww:book knoraType="link_value" linkType="ref" target="ww_5868d5560bdfc062"/>
    </p0826-teimww:occursIn>
  </p0826-teimww:passage>
  <p0826-teimww:passage id="ww_2ff5cdc06325f7d4">
    <knoraXmlImport:label>passage label</knoraXmlImport:label>
    <p0826-teimww:occursIn>
      <p0826-teimww:book knoraType="link_value" linkType="ref" target="ww_c8ca0bdc1413defb"/>
    </p0826-teimww:occursIn>
    <p0826-teimww:text knoraType="richtext_value">[Clotair:] &lt;span class="quote"&gt;My brother's spirit in arms, &lt;/span&gt;I swear it came forth here&lt;br&gt;
Out of my Mothers Chamber as I knockt.</p0826-teimww:text>
  </p0826-teimww:passage>
  <p0826-teimww:passage id="ww_b099b6df9d4e5022">
    <knoraXmlImport:label>passage label</knoraXmlImport:label>
    <p0826-teimww:occursIn>
      <p0826-teimww:book knoraType="link_value" linkType="ref" target="ww_5868d5560bdfc062"/>
    </p0826-teimww:occursIn>
  </p0826-teimww:passage>
  <p0826-teimww:passage id="ww_a80087091ee95a85">
    <knoraXmlImport:label>passage label</knoraXmlImport:label>
    <p0826-teimww:occursIn>
      <p0826-teimww:book knoraType="link_value" linkType="ref" target="ww_c8ca0bdc1413defb"/>
    </p0826-teimww:occursIn>
    <p0826-teimww:text knoraType="richtext_value">[Crotilda as the eunuch Castrato:] &lt;span class="quote"&gt;Was it in Armour, said you?&lt;/span&gt;&lt;br&gt;
[Clotair:]
&lt;span class="quote"&gt;Yes in that Armor he was us'd to wear&lt;br&gt;
When we have run at tilt.&lt;/span&gt;</p0826-teimww:text>
  </p0826-teimww:passage>
  <p0826-teimww:passage id="ww_7077a3bd02eb39fd">
    <knoraXmlImport:label>passage label</knoraXmlImport:label>
    <p0826-teimww:occursIn>
      <p0826-teimww:book knoraType="link_value" linkType="ref" target="ww_5868d5560bdfc062"/>
    </p0826-teimww:occursIn>
  </p0826-teimww:passage>
  <p0826-teimww:passage id="ww_2eff896b8bb6a3bf">
    <knoraXmlImport:label>passage label</knoraXmlImport:label>
    <p0826-teimww:occursIn>
      <p0826-teimww:book knoraType="link_value" linkType="ref" target="ww_c8ca0bdc1413defb"/>
    </p0826-teimww:occursIn>
    <p0826-teimww:text knoraType="richtext_value">[Queen:] [...] &lt;span class="quote"&gt;Appearing in his Brother's warlike form&lt;/span&gt; [...].</p0826-teimww:text>
  </p0826-teimww:passage>
  <p0826-teimww:passage id="ww_c2b83b5899cf4e97">
    <knoraXmlImport:label>passage label</knoraXmlImport:label>
    <p0826-teimww:occursIn>
      <p0826-teimww:book knoraType="link_value" linkType="ref" target="ww_5868d5560bdfc062"/>
    </p0826-teimww:occursIn>
  </p0826-teimww:passage>
  <p0826-teimww:passage id="ww_abc6fb1cc681fb66">
    <knoraXmlImport:label>passage label</knoraXmlImport:label>
    <p0826-teimww:occursIn>
      <p0826-teimww:book knoraType="link_value" linkType="ref" target="ww_c8ca0bdc1413defb"/>
    </p0826-teimww:occursIn>
    <p0826-teimww:text knoraType="richtext_value">[Dumaine:] We are not safe Lamot; this bawdie peace&lt;br&gt;
Begets a war within me; our swords worn&lt;br&gt;
For Ornament, not use; the Drum &amp; Trumpet&lt;br&gt;
Sing drunken Carrols, and &lt;span class="quote"&gt;the Canon speaks&lt;br&gt;
Health, not confusion&lt;/span&gt; [...].</p0826-teimww:text>
  </p0826-teimww:passage>
  <p0826-teimww:passage id="ww_40ee3bcb3c7b35c8">
    <knoraXmlImport:label>passage label</knoraXmlImport:label>
    <p0826-teimww:occursIn>
      <p0826-teimww:book knoraType="link_value" linkType="ref" target="ww_5868d5560bdfc062"/>
    </p0826-teimww:occursIn>
  </p0826-teimww:passage>
  <p0826-teimww:passage id="ww_c1cf9d6bc33eea80">
    <knoraXmlImport:label>passage label</knoraXmlImport:label>
    <p0826-teimww:occursIn>
      <p0826-teimww:book knoraType="link_value" linkType="ref" target="ww_c8ca0bdc1413defb"/>
    </p0826-teimww:occursIn>
    <p0826-teimww:text knoraType="richtext_value">[Dumaine:] &lt;span class="quote"&gt;Hark, the thunder of the world, how out of tune&lt;/span&gt;.&lt;br&gt;
This peace corrupting all things makes them speak.&lt;br&gt;
What means &lt;span class="quote"&gt;this most adulterate noise?&lt;/span&gt;&lt;br&gt;
[Lamot:] Why, are you ignorant?&lt;br&gt;
This is a night of jubilee, and the King&lt;br&gt;
Solemnly feasts for his war's happy success.</p0826-teimww:text>
  </p0826-teimww:passage>
  <p0826-teimww:passage id="ww_eecb0c9bd1766aa5">
    <knoraXmlImport:label>passage label</knoraXmlImport:label>
    <p0826-teimww:occursIn>
      <p0826-teimww:book knoraType="link_value" linkType="ref" target="ww_5868d5560bdfc062"/>
    </p0826-teimww:occursIn>
  </p0826-teimww:passage>
  <p0826-teimww:passage id="ww_d7563aabb44aa5f4">
    <knoraXmlImport:label>passage label</knoraXmlImport:label>
    <p0826-teimww:occursIn>
      <p0826-teimww:book knoraType="link_value" linkType="ref" target="ww_c8ca0bdc1413defb"/>
    </p0826-teimww:occursIn>
    <p0826-teimww:text knoraType="richtext_value">[Clotair:] &lt;span class="quote"&gt;Oh see, it comes!&lt;/span&gt;</p0826-teimww:text>
  </p0826-teimww:passage>
  <p0826-teimww:passage id="ww_b36562edd5bfcccc">
    <knoraXmlImport:label>passage label</knoraXmlImport:label>
    <p0826-teimww:occursIn>
      <p0826-teimww:book knoraType="link_value" linkType="ref" target="ww_5868d5560bdfc062"/>
    </p0826-teimww:occursIn>
  </p0826-teimww:passage>
  <p0826-teimww:passage id="ww_f6940b06098f7cd0">
    <knoraXmlImport:label>passage label</knoraXmlImport:label>
    <p0826-teimww:occursIn>
      <p0826-teimww:book knoraType="link_value" linkType="ref" target="ww_c8ca0bdc1413defb"/>
    </p0826-teimww:occursIn>
    <p0826-teimww:text knoraType="richtext_value">[Clovis:] What is it, Eunuch? [...] &lt;span class="quote"&gt;Though death stood gaping wide to swallow me, &lt;br&gt;
I wold not shrink nor fear.&lt;/span&gt;</p0826-teimww:text>
  </p0826-teimww:passage>
  <p0826-teimww:passage id="ww_57ad95c952d0fd31">
    <knoraXmlImport:label>passage label</knoraXmlImport:label>
    <p0826-teimww:occursIn>
      <p0826-teimww:book knoraType="link_value" linkType="ref" target="ww_5868d5560bdfc062"/>
    </p0826-teimww:occursIn>
  </p0826-teimww:passage>
  <p0826-teimww:passage id="ww_1dd27972253ebc97">
    <knoraXmlImport:label>passage label</knoraXmlImport:label>
    <p0826-teimww:occursIn>
      <p0826-teimww:book knoraType="link_value" linkType="ref" target="ww_c8ca0bdc1413defb"/>
    </p0826-teimww:occursIn>
    <p0826-teimww:text knoraType="richtext_value">[Clotair:] &lt;span class="quote"&gt;What art thou that usurp'st this dead of night,&lt;br&gt;&lt;/span&gt;
In metal like the age? why art thou sent&lt;br&gt;
To cast a horror on me?</p0826-teimww:text>
  </p0826-teimww:passage>
  <p0826-teimww:passage id="ww_3798fe03b6325806">
    <knoraXmlImport:label>passage label</knoraXmlImport:label>
    <p0826-teimww:occursIn>
      <p0826-teimww:book knoraType="link_value" linkType="ref" target="ww_5868d5560bdfc062"/>
    </p0826-teimww:occursIn>
  </p0826-teimww:passage>
  <p0826-teimww:passage id="ww_845de84107df1153">
    <knoraXmlImport:label>passage label</knoraXmlImport:label>
    <p0826-teimww:occursIn>
      <p0826-teimww:book knoraType="link_value" linkType="ref" target="ww_c8ca0bdc1413defb"/>
    </p0826-teimww:occursIn>
    <p0826-teimww:text knoraType="richtext_value">[Clovis:] Hold, hold my heart - can I endure this -&lt;span class="quote"&gt;&lt;br&gt;
Unhand me, &lt;i&gt;Charles&lt;/i&gt;, and render me myself,&lt;br&gt;
Lest I forget myself on thee.&lt;/span&gt;</p0826-teimww:text>
  </p0826-teimww:passage>
  <p0826-teimww:passage id="ww_1f0f258126746a39">
    <knoraXmlImport:label>passage label</knoraXmlImport:label>
    <p0826-teimww:occursIn>
      <p0826-teimww:book knoraType="link_value" linkType="ref" target="ww_5868d5560bdfc062"/>
    </p0826-teimww:occursIn>
  </p0826-teimww:passage>
  <p0826-teimww:passage id="ww_b8f647514479fad2">
    <knoraXmlImport:label>passage label</knoraXmlImport:label>
    <p0826-teimww:occursIn>
      <p0826-teimww:book knoraType="link_value" linkType="ref" target="ww_c8ca0bdc1413defb"/>
    </p0826-teimww:occursIn>
    <p0826-teimww:text knoraType="richtext_value">[Clotair:] [...] &lt;span class="quote"&gt;let her sin&lt;br&gt;
Be punish'd from above; I'll wait heaven's leisure.&lt;/span&gt;</p0826-teimww:text>
  </p0826-teimww:passage>
  <p0826-teimww:passage id="ww_76628812c87b2046">
    <knoraXmlImport:label>passage label</knoraXmlImport:label>
    <p0826-teimww:occursIn>
      <p0826-teimww:book knoraType="link_value" linkType="ref" target="ww_5868d5560bdfc062"/>
    </p0826-teimww:occursIn>
  </p0826-teimww:passage>
  <p0826-teimww:passage id="ww_4ac1b9e168eb72cd">
    <knoraXmlImport:label>passage label</knoraXmlImport:label>
    <p0826-teimww:occursIn>
      <p0826-teimww:book knoraType="link_value" linkType="ref" target="ww_e0b03ee292ddfc15"/>
    </p0826-teimww:occursIn>
    <p0826-teimww:text knoraType="richtext_value">[Younger Pallatine:] Men o' &lt;span class="quote"&gt;the puissant Pike, &lt;/span&gt;follow the lights.</p0826-teimww:text>
  </p0826-teimww:passage>
  <p0826-teimww:passage id="ww_6ecd6e98957a9e44">
    <knoraXmlImport:label>passage label</knoraXmlImport:label>
    <p0826-teimww:occursIn>
      <p0826-teimww:book knoraType="link_value" linkType="ref" target="ww_f46dacc14c087bc2"/>
    </p0826-teimww:occursIn>
    <p0826-teimww:text knoraType="richtext_value">[Hannibal:] Like a perpetual &lt;span class="quote"&gt;comet to fright Rome &lt;/span&gt;&lt;br&gt;
With his prodigious light.</p0826-teimww:text>
  </p0826-teimww:passage>
  <p0826-teimww:passage id="ww_34b17758f2af0005">
    <knoraXmlImport:label>passage label</knoraXmlImport:label>
    <p0826-teimww:occursIn>
      <p0826-teimww:book knoraType="link_value" linkType="ref" target="ww_3e15ab6c612eadae"/>
    </p0826-teimww:occursIn>
  </p0826-teimww:passage>
  <p0826-teimww:passage id="ww_e9015346c8c0ea29">
    <knoraXmlImport:label>passage label</knoraXmlImport:label>
    <p0826-teimww:occursIn>
      <p0826-teimww:book knoraType="link_value" linkType="ref" target="ww_55ab4059c87d0c3d"/>
    </p0826-teimww:occursIn>
    <p0826-teimww:text knoraType="richtext_value">[Aurelio:] [...] &lt;span class="quote"&gt;Oh that I were a vail upon that face, &lt;br&gt;&lt;/span&gt;
To hide it from the world; methinks I could &lt;br&gt;
Envie the very Sun, for gazing on you!</p0826-teimww:text>
  </p0826-teimww:passage>
  <p0826-teimww:passage id="ww_f6dfc0565f9c6ab4">
    <knoraXmlImport:label>passage label</knoraXmlImport:label>
    <p0826-teimww:occursIn>
      <p0826-teimww:book knoraType="link_value" linkType="ref" target="ww_1140c36ab545b6d8"/>
    </p0826-teimww:occursIn>
  </p0826-teimww:passage>
  <p0826-teimww:passage id="ww_5a285fb67d61c0ec">
    <knoraXmlImport:label>passage label</knoraXmlImport:label>
    <p0826-teimww:occursIn>
      <p0826-teimww:book knoraType="link_value" linkType="ref" target="ww_cd047776ecc0f21c"/>
    </p0826-teimww:occursIn>
    <p0826-teimww:text knoraType="richtext_value">Like &lt;span class="quote"&gt;Jove and Juno &lt;/span&gt;in a nuptial knot,&lt;br&gt;
We'll knit the bands of Hymen, and outshine&lt;br&gt;
The glorious Tapers of the golden Sun,&lt;br&gt;
Whirl through the stately streets of spacious Rome&lt;br&gt;
Like &lt;span class="quote"&gt;glistring Phaeton in an Orient chair.&lt;/span&gt;</p0826-teimww:text>
  </p0826-teimww:passage>
  <p0826-teimww:passage id="ww_1df5e4fae880744b">
    <knoraXmlImport:label>passage label</knoraXmlImport:label>
    <p0826-teimww:occursIn>
      <p0826-teimww:book knoraType="link_value" linkType="ref" target="ww_5603853ee308e6b5"/>
    </p0826-teimww:occursIn>
  </p0826-teimww:passage>
  <p0826-teimww:passage id="ww_057d2f0c29e5faff">
    <knoraXmlImport:label>passage label</knoraXmlImport:label>
    <p0826-teimww:occursIn>
      <p0826-teimww:book knoraType="link_value" linkType="ref" target="ww_e1e81a86f35b59e9"/>
    </p0826-teimww:occursIn>
  </p0826-teimww:passage>
  <p0826-teimww:passage id="ww_8c22b084ec9df6f2">
    <knoraXmlImport:label>passage label</knoraXmlImport:label>
    <p0826-teimww:occursIn>
      <p0826-teimww:book knoraType="link_value" linkType="ref" target="ww_96ea9a9110850b53"/>
    </p0826-teimww:occursIn>
    <p0826-teimww:text knoraType="richtext_value">And nought so &lt;span class="quote"&gt;rich on either rock or shelf, &lt;br&gt;&lt;/span&gt;
But, if unknown, lies useless to it self. &lt;br&gt;
Therefore who thus doth make their secrets known, &lt;br&gt;
Doth profit others, and not hurt his own.</p0826-teimww:text>
  </p0826-teimww:passage>
  <p0826-teimww:passage id="ww_065861730fc8754a">
    <knoraXmlImport:label>passage label</knoraXmlImport:label>
    <p0826-teimww:occursIn>
      <p0826-teimww:book knoraType="link_value" linkType="ref" target="ww_1140c36ab545b6d8"/>
    </p0826-teimww:occursIn>
  </p0826-teimww:passage>
  <p0826-teimww:passage id="ww_88b0da8573bfcf23">
    <knoraXmlImport:label>passage label</knoraXmlImport:label>
    <p0826-teimww:occursIn>
      <p0826-teimww:book knoraType="link_value" linkType="ref" target="ww_103921d4089e2ff4"/>
    </p0826-teimww:occursIn>
    <p0826-teimww:text knoraType="richtext_value">[Octavio:] 
&lt;span class="quote"&gt;My only child: &lt;/span&gt;I murmur'd against heaven&lt;br&gt;
Because I had no more; but now I find&lt;br&gt;
&lt;span class="quote"&gt;This one too many.&lt;/span&gt;</p0826-teimww:text>
  </p0826-teimww:passage>
  <p0826-teimww:passage id="ww_99e9fab38ba4e78e">
    <knoraXmlImport:label>passage label</knoraXmlImport:label>
    <p0826-teimww:occursIn>
      <p0826-teimww:book knoraType="link_value" linkType="ref" target="ww_1140c36ab545b6d8"/>
    </p0826-teimww:occursIn>
  </p0826-teimww:passage>
  <p0826-teimww:passage id="ww_935f51df94080f65">
    <knoraXmlImport:label>passage label</knoraXmlImport:label>
    <p0826-teimww:occursIn>
      <p0826-teimww:book knoraType="link_value" linkType="ref" target="ww_c354c8aa7bc6d63e"/>
    </p0826-teimww:occursIn>
    <p0826-teimww:text knoraType="richtext_value">[Nassuras:] &lt;span class="quote"&gt;Rare Rogue in Buckram, &lt;/span&gt;let me bite thee.</p0826-teimww:text>
  </p0826-teimww:passage>
  <p0826-teimww:passage id="ww_a7021fcd2a7e6e10">
    <knoraXmlImport:label>passage label</knoraXmlImport:label>
    <p0826-teimww:occursIn>
      <p0826-teimww:book knoraType="link_value" linkType="ref" target="ww_1140c36ab545b6d8"/>
    </p0826-teimww:occursIn>
  </p0826-teimww:passage>
  <p0826-teimww:passage id="ww_0855d22192e195ae">
    <knoraXmlImport:label>passage label</knoraXmlImport:label>
    <p0826-teimww:occursIn>
      <p0826-teimww:book knoraType="link_value" linkType="ref" target="ww_60a60dc6ecad70c0"/>
    </p0826-teimww:occursIn>
    <p0826-teimww:text knoraType="richtext_value">[Cater:] Sure they are asleep, perhaps &lt;br&gt;
The Slave being &lt;span class="quote"&gt;overleaven'd&lt;/span&gt; with his favour &lt;br&gt;
Hath made himself stark drunk; we shall disturb &lt;br&gt;
Our Lady and her Daughter, I much wonder &lt;br&gt;
Mistris Nugella comes not to the door. </p0826-teimww:text>
  </p0826-teimww:passage>
  <p0826-teimww:passage id="ww_49e489eb3474ed81">
    <knoraXmlImport:label>passage label</knoraXmlImport:label>
    <p0826-teimww:occursIn>
      <p0826-teimww:book knoraType="link_value" linkType="ref" target="ww_3e15ab6c612eadae"/>
    </p0826-teimww:occursIn>
  </p0826-teimww:passage>
  <p0826-teimww:passage id="ww_4fd4d1baf9ae5108">
    <knoraXmlImport:label>passage label</knoraXmlImport:label>
    <p0826-teimww:occursIn>
      <p0826-teimww:book knoraType="link_value" linkType="ref" target="ww_af6b24b9904dbf6b"/>
    </p0826-teimww:occursIn>
    <p0826-teimww:text knoraType="richtext_value">&lt;span class="quote"&gt;Some women are in Churches Saints or more, &lt;br&gt;
Angels abroad, at home too like the Devil, &lt;/span&gt;&lt;br&gt;
At windows Syrens, Parrots at the door; &lt;br&gt;
And in their gardens Goats, or more uncivil: &lt;br&gt;
And Tradesmen that were match till they have much, &lt;br&gt;
In deadly danger are to meet with such.</p0826-teimww:text>
  </p0826-teimww:passage>
  <p0826-teimww:passage id="ww_b4bfa925241ab2d3">
    <knoraXmlImport:label>passage label</knoraXmlImport:label>
    <p0826-teimww:occursIn>
      <p0826-teimww:book knoraType="link_value" linkType="ref" target="ww_1140c36ab545b6d8"/>
    </p0826-teimww:occursIn>
  </p0826-teimww:passage>
  <p0826-teimww:passage id="ww_54d4ed8880623baa">
    <knoraXmlImport:label>passage label</knoraXmlImport:label>
    <p0826-teimww:occursIn>
      <p0826-teimww:book knoraType="link_value" linkType="ref" target="ww_d69e66070a4d6a19"/>
    </p0826-teimww:occursIn>
    <p0826-teimww:text knoraType="richtext_value">the mad boys that trail &lt;span class="quote"&gt;the puissant pike&lt;/span&gt;</p0826-teimww:text>
  </p0826-teimww:passage>
  <p0826-teimww:passage id="ww_2e91c20e5f56ecf3">
    <knoraXmlImport:label>passage label</knoraXmlImport:label>
    <p0826-teimww:occursIn>
      <p0826-teimww:book knoraType="link_value" linkType="ref" target="ww_3f5747bce6d798fe"/>
    </p0826-teimww:occursIn>
    <p0826-teimww:text knoraType="richtext_value">[Gaselles:] [...] his buxom wife; who though she be not clad
in Persian Silks, or costly Tyrian Purples,&lt;br&gt;
has a clean skin, soft thighs, and wholesome corps,&lt;br&gt;
fit for the trailer of &lt;span class="quote"&gt;the puissant Pike,&lt;/span&gt;&lt;br&gt;
to solace in delight with.</p0826-teimww:text>
  </p0826-teimww:passage>
  <p0826-teimww:passage id="ww_5668bf28c0a4abfa">
    <knoraXmlImport:label>passage label</knoraXmlImport:label>
    <p0826-teimww:occursIn>
      <p0826-teimww:book knoraType="link_value" linkType="ref" target="ww_3e15ab6c612eadae"/>
    </p0826-teimww:occursIn>
  </p0826-teimww:passage>
  <p0826-teimww:passage id="ww_f57075216fd4f1b6">
    <knoraXmlImport:label>passage label</knoraXmlImport:label>
    <p0826-teimww:occursIn>
      <p0826-teimww:book knoraType="link_value" linkType="ref" target="ww_cb694f4439c4e72d"/>
    </p0826-teimww:occursIn>
    <p0826-teimww:text knoraType="richtext_value">Stand off, gentlemen, - let me see - which? Hum! this? - no; th'other! Hum! &lt;span class="quote"&gt;send for a lion and turn him loose; he won't hurt the true prince.&lt;/span&gt;</p0826-teimww:text>
  </p0826-teimww:passage>
  <p0826-teimww:passage id="ww_fb65ad93264a0ff0">
    <knoraXmlImport:label>passage label</knoraXmlImport:label>
    <p0826-teimww:occursIn>
      <p0826-teimww:book knoraType="link_value" linkType="ref" target="ww_f99a72278aa6b17a"/>
    </p0826-teimww:occursIn>
    <p0826-teimww:text knoraType="richtext_value">[Common-curse:]&lt;span class="quote"&gt; &lt;/i&gt;Rare rogue in Buckram &lt;/span&gt;- thou shalt got out a wit, and vie with &lt;i&gt;Martin Parker&lt;/i&gt;, or &lt;i&gt;John Tailor.&lt;/i&gt;</p0826-teimww:text>
  </p0826-teimww:passage>
  <p0826-teimww:passage id="ww_66f2149d2071d128">
    <knoraXmlImport:label>passage label</knoraXmlImport:label>
    <p0826-teimww:occursIn>
      <p0826-teimww:book knoraType="link_value" linkType="ref" target="ww_1140c36ab545b6d8"/>
    </p0826-teimww:occursIn>
  </p0826-teimww:passage>
  <p0826-teimww:passage id="ww_c7f6e24c9df42311">
    <knoraXmlImport:label>passage label</knoraXmlImport:label>
    <p0826-teimww:occursIn>
      <p0826-teimww:book knoraType="link_value" linkType="ref" target="ww_faab680e79f823c3"/>
    </p0826-teimww:occursIn>
    <p0826-teimww:text knoraType="richtext_value">[Almanzor:] Why then we shall do all our work at once; I hate delays, let Fortune give me my Answer quickly, whether a Monarch or a Slave; - If my Stars have in this Fate this Crown, This day 'tis (aside) mine; if not, there's a hope lost.&lt;br&gt;
[Clytus:] If you could produce the person of our King, &lt;span class="quote"&gt;my prophetick soul &lt;/span&gt;tells me the day were ours; such a signal Victory would make all their hearts turn Coward; the justice and vengeance they must expect from his injuries would wound farther and deeper than either Sword or Spear.</p0826-teimww:text>
  </p0826-teimww:passage>
  <p0826-teimww:passage id="ww_26cdca70cd043bea">
    <knoraXmlImport:label>passage label</knoraXmlImport:label>
    <p0826-teimww:occursIn>
      <p0826-teimww:book knoraType="link_value" linkType="ref" target="ww_3e15ab6c612eadae"/>
    </p0826-teimww:occursIn>
  </p0826-teimww:passage>
  <p0826-teimww:passage id="ww_2562c1f9957c919b">
    <knoraXmlImport:label>passage label</knoraXmlImport:label>
    <p0826-teimww:occursIn>
      <p0826-teimww:book knoraType="link_value" linkType="ref" target="ww_5695d495f555ab63"/>
    </p0826-teimww:occursIn>
    <p0826-teimww:text knoraType="richtext_value">[Rifaloro:] The scurvy Poet, giving each a Sonnet , &lt;br&gt;
Leaves only me without - But, by the faith &lt;br&gt;
Of a Mahumetan, since thus he hath &lt;br&gt;
Provok'd me to't, upon his skirts I'll sit: &lt;br&gt;
Damn all his Matter, 'cause in Verse 'tis writ: &lt;br&gt;
And, in defiance of the Triple Three, &lt;br&gt;
Promote a Law, importing, that, &lt;span class="quote"&gt;to be, &lt;br&gt;
Or not to be, a Poet; &lt;/span&gt;shall suffice &lt;br&gt;
To prove, past doubt, one is not, or is, wise.</p0826-teimww:text>
  </p0826-teimww:passage>
  <p0826-teimww:passage id="ww_4d9cb7431ad8326c">
    <knoraXmlImport:label>passage label</knoraXmlImport:label>
    <p0826-teimww:occursIn>
      <p0826-teimww:book knoraType="link_value" linkType="ref" target="ww_3e15ab6c612eadae"/>
    </p0826-teimww:occursIn>
  </p0826-teimww:passage>
  <p0826-teimww:passage id="ww_853ec93ef1ded5b6">
    <knoraXmlImport:label>passage label</knoraXmlImport:label>
    <p0826-teimww:occursIn>
      <p0826-teimww:book knoraType="link_value" linkType="ref" target="ww_29b0883a7c47410f"/>
    </p0826-teimww:occursIn>
    <p0826-teimww:text knoraType="richtext_value">&lt;span class="quote"&gt;This is a Spectacle of like Woe &lt;br&gt;
To that of &lt;i&gt;Juliet,&lt;/i&gt; and her &lt;i&gt;Romeo.&lt;/i&gt;&lt;/span&gt;</p0826-teimww:text>
  </p0826-teimww:passage>
  <p0826-teimww:passage id="ww_18ace967d1411cba">
    <knoraXmlImport:label>passage label</knoraXmlImport:label>
    <p0826-teimww:occursIn>
      <p0826-teimww:book knoraType="link_value" linkType="ref" target="ww_1140c36ab545b6d8"/>
    </p0826-teimww:occursIn>
  </p0826-teimww:passage>
  <p0826-teimww:passage id="ww_252952ce6b658e14">
    <knoraXmlImport:label>passage label</knoraXmlImport:label>
    <p0826-teimww:occursIn>
      <p0826-teimww:book knoraType="link_value" linkType="ref" target="ww_fd50221676a625a8"/>
    </p0826-teimww:occursIn>
    <p0826-teimww:text knoraType="richtext_value">[Palamede:] That is onely, if the Servant were not found a man of this world; but if, upon trial, we had not lik'd each other, we had certainly left loving; and faith, that's the greater happiness of the two. &lt;br&gt;
[Doralice:] 'Tis better as 'tis; we have drawn off already as much of our Love as would run clear; after possessing, &lt;span class="quote"&gt;the rest is but jealousies, and disquiets, and quarrelling, and piecing. &lt;/span&gt;</p0826-teimww:text>
  </p0826-teimww:passage>
  <p0826-teimww:passage id="ww_a2ce41f3a1ea6202">
    <knoraXmlImport:label>passage label</knoraXmlImport:label>
    <p0826-teimww:occursIn>
      <p0826-teimww:book knoraType="link_value" linkType="ref" target="ww_3e15ab6c612eadae"/>
    </p0826-teimww:occursIn>
  </p0826-teimww:passage>
  <p0826-teimww:passage id="ww_cdb8c5ac9e54fe9e">
    <knoraXmlImport:label>passage label</knoraXmlImport:label>
    <p0826-teimww:occursIn>
      <p0826-teimww:book knoraType="link_value" linkType="ref" target="ww_2e2f43dcbe1bf6ef"/>
    </p0826-teimww:occursIn>
    <p0826-teimww:text knoraType="richtext_value">[Ulysses:] Thus we see ended all these fatal Broils,&lt;br&gt; 
The Plague of War, and Ten Years constant Toils - &lt;br&gt;
First lend each noble Arm to lift in State,&lt;br&gt;
This gallant Corps, and mourn &lt;i&gt;Achilles Fate;&lt;/i&gt; &lt;br&gt;
&lt;span class="quote"&gt;Then, like a Soldier, bear him to the Fleet, &lt;/span&gt;&lt;br&gt;
Losing no time to court inconstant Gales, &lt;br&gt;
But with glad Shouts fill all our empty Sails, &lt;br&gt;
Turning our Joyful Eyes upon the Plain, &lt;br&gt;
Where the sad Troy in Ashes does remain.</p0826-teimww:text>
  </p0826-teimww:passage>
  <p0826-teimww:passage id="ww_1dc8f8d07d3af505">
    <knoraXmlImport:label>passage label</knoraXmlImport:label>
    <p0826-teimww:occursIn>
      <p0826-teimww:book knoraType="link_value" linkType="ref" target="ww_3e15ab6c612eadae"/>
    </p0826-teimww:occursIn>
  </p0826-teimww:passage>
  <p0826-teimww:passage id="ww_bcc835a51219d969">
    <knoraXmlImport:label>passage label</knoraXmlImport:label>
    <p0826-teimww:occursIn>
      <p0826-teimww:book knoraType="link_value" linkType="ref" target="ww_817d6b82af7fc826"/>
    </p0826-teimww:occursIn>
    <p0826-teimww:text knoraType="richtext_value">[Torrismond:] Ten thousand Plagues consume him, Furies drag him,&lt;br&gt;
Fiends tear him; Blasted be the Arm that strook,&lt;br&gt;
The Tongue that order'd; - Onely She be spar'd&lt;br&gt;
That hindred not the Deed. O, where was then&lt;br&gt;
&lt;span class="quote"&gt;The Power that guards the Sacred Lives of Kings&lt;/span&gt;?&lt;br&gt;
Why slept the Lightning and the Thunder-bolts,&lt;br&gt;
Or bent their idle rage on Fields and Trees,&lt;br&gt;
When Vengeance call'd 'em here?</p0826-teimww:text>
  </p0826-teimww:passage>
  <p0826-teimww:passage id="ww_04c4d82e7cb01c5a">
    <knoraXmlImport:label>passage label</knoraXmlImport:label>
    <p0826-teimww:occursIn>
      <p0826-teimww:book knoraType="link_value" linkType="ref" target="ww_c1ca40b688cca87f"/>
    </p0826-teimww:occursIn>
  </p0826-teimww:passage>
  <p0826-teimww:passage id="ww_e9baffbb3d7aad0e">
    <knoraXmlImport:label>passage label</knoraXmlImport:label>
    <p0826-teimww:occursIn>
      <p0826-teimww:book knoraType="link_value" linkType="ref" target="ww_d3d306a3e22d0da0"/>
    </p0826-teimww:occursIn>
    <p0826-teimww:text knoraType="richtext_value">[Eugen:] The first missionaries of your Religion, bequeath'd but twelve Articles to be belliev'd by us and she has lately improved them into the jolly number of Falstaff's &lt;span class="quote"&gt;Buckram-men &lt;/span&gt;[...].</p0826-teimww:text>
  </p0826-teimww:passage>
  <p0826-teimww:passage id="ww_2a6ceec36cd26c0e">
    <knoraXmlImport:label>passage label</knoraXmlImport:label>
    <p0826-teimww:occursIn>
      <p0826-teimww:book knoraType="link_value" linkType="ref" target="ww_aee75c33920a3b79"/>
    </p0826-teimww:occursIn>
  </p0826-teimww:passage>
  <p0826-teimww:passage id="ww_21fcbfcb83952d6b">
    <knoraXmlImport:label>passage label</knoraXmlImport:label>
    <p0826-teimww:occursIn>
      <p0826-teimww:book knoraType="link_value" linkType="ref" target="ww_fafacaceace47d73"/>
    </p0826-teimww:occursIn>
    <p0826-teimww:text knoraType="richtext_value">[Melanax:] I told thee true: &lt;br&gt;
But &lt;i&gt;Lucifer&lt;/i&gt;, as he who foremost fell, &lt;br&gt;
So now lies lowest in th'Abyss of Hell. &lt;br&gt;
Chain'd till the dreadful Doom, in place of whom &lt;br&gt;
Sits &lt;i&gt;Beelzebub&lt;/i&gt;, Vicegerent of the damn'd, &lt;br&gt;
Who listning downward hears his roaring Lord, &lt;br&gt;
And executes his purpose, but no more &lt;br&gt;
&lt;span class="quote"&gt;The morning creeps behind yon Eastern hill,&lt;/span&gt; &lt;br&gt;
And now the Guard is mine, to drive the Elves &lt;br&gt;
And foolish Fairies from their Moon-light Play, &lt;br&gt;
And lash the Laggers from the sight of day. &lt;br&gt;
(Descends.)</p0826-teimww:text>
  </p0826-teimww:passage>
  <p0826-teimww:passage id="ww_2c2b17f8fb35636c">
    <knoraXmlImport:label>passage label</knoraXmlImport:label>
    <p0826-teimww:occursIn>
      <p0826-teimww:book knoraType="link_value" linkType="ref" target="ww_3e15ab6c612eadae"/>
    </p0826-teimww:occursIn>
  </p0826-teimww:passage>
  <p0826-teimww:passage id="ww_274a066887b364f4">
    <knoraXmlImport:label>passage label</knoraXmlImport:label>
    <p0826-teimww:occursIn>
      <p0826-teimww:book knoraType="link_value" linkType="ref" target="ww_a36c017b75063fe1"/>
    </p0826-teimww:occursIn>
    <p0826-teimww:text knoraType="richtext_value">[Norfolk:] My Queen! my lovely Alban Queen! sure I'me &lt;br&gt;
Already dead, and this the happy Place &lt;br&gt;
Where Souls like hers receive their blest Rewards. &lt;br&gt;
[Queen Mary:] Turn wretched Duke, or e're Death seals thy Eyes, &lt;br&gt;
This moment tear 'em out, as I wou'd mine. &lt;br&gt;
Shun me, as, if thou coud'st, thy horrid Fate, &lt;br&gt;
&lt;span class="quote"&gt;Or a Goblin damn'd.&lt;/span&gt; &lt;br&gt;
[Norfolk:] What says my Goddess Queen? &lt;br&gt;
[Queen Mary:] Is not your wrong'd and mighty Spirit shockt? &lt;br&gt;
And Death a much more welcome Guest than I? &lt;br&gt;
And worse to see me than to feel the Blow? &lt;br&gt;
[Norfolk:] By all your Wrongs and mine -</p0826-teimww:text>
  </p0826-teimww:passage>
  <p0826-teimww:passage id="ww_83e158faf7389c63">
    <knoraXmlImport:label>passage label</knoraXmlImport:label>
    <p0826-teimww:occursIn>
      <p0826-teimww:book knoraType="link_value" linkType="ref" target="ww_3e15ab6c612eadae"/>
    </p0826-teimww:occursIn>
  </p0826-teimww:passage>
  <p0826-teimww:passage id="ww_31f97bd45fab0de1">
    <knoraXmlImport:label>passage label</knoraXmlImport:label>
    <p0826-teimww:occursIn>
      <p0826-teimww:book knoraType="link_value" linkType="ref" target="ww_650a201212eb349b"/>
    </p0826-teimww:occursIn>
    <p0826-teimww:text knoraType="richtext_value">[Woman:] Here comes the Hell-bred Villain! &lt;br&gt;
The father of this black and dismall Issue. &lt;br&gt;
Moor do'st thou know this brat? &lt;br&gt;
[Aron:] Yes, Princes &lt;span class="quote"&gt;be kind to't, 'tis of kin to you&lt;/span&gt;. &lt;br&gt;
[Chiron:] Accursed Off-spring! &lt;br&gt;
[Demetrius:] It shall not Live. &lt;br&gt;
[Aron:] It shall not; Princes, for the love I bear to you and to the Empress, it shall not. &lt;br&gt;
[Demetrius:] Give it me, my sword shall dispatch it, &lt;br&gt;
[Aron.:] Let no hand but mine do Execution. (Aron takes the Child from the Woman).</p0826-teimww:text>
  </p0826-teimww:passage>
  <p0826-teimww:passage id="ww_a00765b5f8bb27f1">
    <knoraXmlImport:label>passage label</knoraXmlImport:label>
    <p0826-teimww:occursIn>
      <p0826-teimww:book knoraType="link_value" linkType="ref" target="ww_05a629a7b774cea6"/>
    </p0826-teimww:occursIn>
    <p0826-teimww:text knoraType="richtext_value">I. "As you came from that holy land&lt;br&gt;
Of Walsingham,&lt;br&gt;
Met you not with my true love&lt;br&gt;
By the way as you came?"&lt;br&gt;
II. &lt;span class="quote"&gt;"How should I, Sir, your true love know,&lt;br&gt;&lt;/span&gt;
That have met many a one&lt;br&gt;
As I came from that holy land,&lt;br&gt;
That have come, that have gone?"</p0826-teimww:text>
  </p0826-teimww:passage>
  <p0826-teimww:passage id="ww_b4a251e8283307f2">
    <knoraXmlImport:label>passage label</knoraXmlImport:label>
    <p0826-teimww:occursIn>
      <p0826-teimww:book knoraType="link_value" linkType="ref" target="ww_94da1c067c3069f6"/>
    </p0826-teimww:occursIn>
  </p0826-teimww:passage>
  <p0826-teimww:passage id="ww_1ad797f13f9f700a">
    <knoraXmlImport:label>passage label</knoraXmlImport:label>
    <p0826-teimww:occursIn>
      <p0826-teimww:book knoraType="link_value" linkType="ref" target="ww_b3931845d54b98d5"/>
    </p0826-teimww:occursIn>
  </p0826-teimww:passage>
  <p0826-teimww:passage id="ww_824ea88035ad1e9e">
    <knoraXmlImport:label>passage label</knoraXmlImport:label>
    <p0826-teimww:occursIn>
      <p0826-teimww:book knoraType="link_value" linkType="ref" target="ww_0dd5e309103973fb"/>
    </p0826-teimww:occursIn>
  </p0826-teimww:passage>
  <p0826-teimww:passage id="ww_d8045b07c6512e6b">
    <knoraXmlImport:label>passage label</knoraXmlImport:label>
    <p0826-teimww:occursIn>
      <p0826-teimww:book knoraType="link_value" linkType="ref" target="ww_8370dfd26f56e74d"/>
    </p0826-teimww:occursIn>
    <p0826-teimww:text knoraType="richtext_value">[...] &lt;span class="quote"&gt;pith and marrow&lt;/span&gt; [...].</p0826-teimww:text>
  </p0826-teimww:passage>
  <p0826-teimww:passage id="ww_f9678e1b6be93d46">
    <knoraXmlImport:label>passage label</knoraXmlImport:label>
    <p0826-teimww:occursIn>
      <p0826-teimww:book knoraType="link_value" linkType="ref" target="ww_fb9509be352bd917"/>
    </p0826-teimww:occursIn>
  </p0826-teimww:passage>
  <p0826-teimww:passage id="ww_083fd691b893f357">
    <knoraXmlImport:label>passage label</knoraXmlImport:label>
    <p0826-teimww:occursIn>
      <p0826-teimww:book knoraType="link_value" linkType="ref" target="ww_662026e87e8e4f6d"/>
    </p0826-teimww:occursIn>
    <p0826-teimww:text knoraType="richtext_value">&lt;span class="quote"&gt;Truepenny&lt;/span&gt;</p0826-teimww:text>
  </p0826-teimww:passage>
  <p0826-teimww:passage id="ww_5e24a08784e524ec">
    <knoraXmlImport:label>passage label</knoraXmlImport:label>
    <p0826-teimww:occursIn>
      <p0826-teimww:book knoraType="link_value" linkType="ref" target="ww_91e0dc4c671938fa"/>
    </p0826-teimww:occursIn>
  </p0826-teimww:passage>
  <p0826-teimww:passage id="ww_136a9e275b7f1edc">
    <knoraXmlImport:label>passage label</knoraXmlImport:label>
    <p0826-teimww:occursIn>
      <p0826-teimww:book knoraType="link_value" linkType="ref" target="ww_23b1c6dd41bb53d0"/>
    </p0826-teimww:occursIn>
    <p0826-teimww:text knoraType="richtext_value">Then his sentences must be &lt;span class="quote"&gt;well framed &lt;/span&gt;and his words aptly used &lt;span class="quote"&gt;through the whole discourse of his Oracion.&lt;/span&gt;</p0826-teimww:text>
  </p0826-teimww:passage>
  <p0826-teimww:passage id="ww_0f5fb344643747b0">
    <knoraXmlImport:label>passage label</knoraXmlImport:label>
    <p0826-teimww:occursIn>
      <p0826-teimww:book knoraType="link_value" linkType="ref" target="ww_160b060adc5c12bf"/>
    </p0826-teimww:occursIn>
  </p0826-teimww:passage>
  <p0826-teimww:passage id="ww_66b6614569557cd9">
    <knoraXmlImport:label>passage label</knoraXmlImport:label>
    <p0826-teimww:occursIn>
      <p0826-teimww:book knoraType="link_value" linkType="ref" target="ww_40bf667f37d87577"/>
    </p0826-teimww:occursIn>
    <p0826-teimww:text knoraType="richtext_value">Vickers nonpubl CiceroDolman "if my sense shall be extinct, and my death resemble sleep, which often without any trouble of dreams, doth bring a man most quiet rest, (O Lorde) what pleasure shall death be to me!" (1.41.97; Sig. G6r). If it be true, Socrates continues, "that death is a departure into these regions, which all they inhabite, that are departed out of this life", then "this ought to seem a sweet pilgrimage" (1.41.98; Sig. G6r-v). Cicero reiterated these sentiments, wishing “that either men would hereafter desire death, ot at the least wise, cease to fear it. For if at the last day of our life, our souls die not, but only change their place, what ought we more to wish? But if death do utterly destroy us, what can be better, than in the rage of great storms, sweetly to slumber? and after that a man hath nodded out of this life, to sleep everlastingly.(1.49.117; Sig. H8r) The parallels [...] link up with Hamlet's later metaphor of death as "The undiscover'd country, from whose bourn / No traveller returns".</p0826-teimww:text>
  </p0826-teimww:passage>
  <p0826-teimww:passage id="ww_6c0de12d48cc3160">
    <knoraXmlImport:label>passage label</knoraXmlImport:label>
    <p0826-teimww:occursIn>
      <p0826-teimww:book knoraType="link_value" linkType="ref" target="ww_e9b2a04d2a7fd579"/>
    </p0826-teimww:occursIn>
  </p0826-teimww:passage>
  <p0826-teimww:passage id="ww_f5f7797d11e75f84">
    <knoraXmlImport:label>passage label</knoraXmlImport:label>
    <p0826-teimww:occursIn>
      <p0826-teimww:book knoraType="link_value" linkType="ref" target="ww_40bf667f37d87577"/>
    </p0826-teimww:occursIn>
    <p0826-teimww:text knoraType="richtext_value">Perchance I have not told you all that I think; for &lt;span class="quote"&gt;not to be when you have been, &lt;/span&gt;I think is the greatest misery that may be. </p0826-teimww:text>
  </p0826-teimww:passage>
  <p0826-teimww:passage id="ww_8e7c0c441f039cb5">
    <knoraXmlImport:label>passage label</knoraXmlImport:label>
    <p0826-teimww:occursIn>
      <p0826-teimww:book knoraType="link_value" linkType="ref" target="ww_e9b2a04d2a7fd579"/>
    </p0826-teimww:occursIn>
  </p0826-teimww:passage>
  <p0826-teimww:passage id="ww_9c23e03112495b18">
    <knoraXmlImport:label>passage label</knoraXmlImport:label>
    <p0826-teimww:occursIn>
      <p0826-teimww:book knoraType="link_value" linkType="ref" target="ww_57b895420c0ddd3e"/>
    </p0826-teimww:occursIn>
  </p0826-teimww:passage>
  <p0826-teimww:passage id="ww_11c85575c382cefd">
    <knoraXmlImport:label>passage label</knoraXmlImport:label>
    <p0826-teimww:occursIn>
      <p0826-teimww:book knoraType="link_value" linkType="ref" target="ww_40bf667f37d87577"/>
    </p0826-teimww:occursIn>
    <p0826-teimww:text knoraType="richtext_value">[...] &lt;span class="quote"&gt;they be not as they have been&lt;/span&gt; [...].</p0826-teimww:text>
  </p0826-teimww:passage>
  <p0826-teimww:passage id="ww_5a0a5e72af0e1884">
    <knoraXmlImport:label>passage label</knoraXmlImport:label>
    <p0826-teimww:occursIn>
      <p0826-teimww:book knoraType="link_value" linkType="ref" target="ww_57b895420c0ddd3e"/>
    </p0826-teimww:occursIn>
  </p0826-teimww:passage>
  <p0826-teimww:passage id="ww_f690cc9b31baca64">
    <knoraXmlImport:label>passage label</knoraXmlImport:label>
    <p0826-teimww:occursIn>
      <p0826-teimww:book knoraType="link_value" linkType="ref" target="ww_e9b2a04d2a7fd579"/>
    </p0826-teimww:occursIn>
  </p0826-teimww:passage>
  <p0826-teimww:passage id="ww_ef106ed79fba6e36">
    <knoraXmlImport:label>passage label</knoraXmlImport:label>
    <p0826-teimww:occursIn>
      <p0826-teimww:book knoraType="link_value" linkType="ref" target="ww_40bf667f37d87577"/>
    </p0826-teimww:occursIn>
    <p0826-teimww:text knoraType="richtext_value">[...] whatsoever you do so pronounce must not &lt;span class="quote"&gt;either be or not be.&lt;/span&gt;</p0826-teimww:text>
  </p0826-teimww:passage>
  <p0826-teimww:passage id="ww_b3d375a02ee9f881">
    <knoraXmlImport:label>passage label</knoraXmlImport:label>
    <p0826-teimww:occursIn>
      <p0826-teimww:book knoraType="link_value" linkType="ref" target="ww_e9b2a04d2a7fd579"/>
    </p0826-teimww:occursIn>
  </p0826-teimww:passage>
  <p0826-teimww:passage id="ww_2b384f72da82f989">
    <knoraXmlImport:label>passage label</knoraXmlImport:label>
    <p0826-teimww:occursIn>
      <p0826-teimww:book knoraType="link_value" linkType="ref" target="ww_57b895420c0ddd3e"/>
    </p0826-teimww:occursIn>
  </p0826-teimww:passage>
  <p0826-teimww:passage id="ww_06e9ac55c1e11fdf">
    <knoraXmlImport:label>passage label</knoraXmlImport:label>
    <p0826-teimww:occursIn>
      <p0826-teimww:book knoraType="link_value" linkType="ref" target="ww_dc7d1d212ce7e04d"/>
    </p0826-teimww:occursIn>
    <p0826-teimww:text knoraType="richtext_value">Keep my hands from &lt;span class="quote"&gt;picking and stealing, &lt;/span&gt;and my tongue from evil speaking, lying and slandering.</p0826-teimww:text>
  </p0826-teimww:passage>
  <p0826-teimww:passage id="ww_8e51cacc5c68f609">
    <knoraXmlImport:label>passage label</knoraXmlImport:label>
    <p0826-teimww:occursIn>
      <p0826-teimww:book knoraType="link_value" linkType="ref" target="ww_0b28ed19a0540e1d"/>
    </p0826-teimww:occursIn>
  </p0826-teimww:passage>
  <p0826-teimww:passage id="ww_f5e0bc809a357b84">
    <knoraXmlImport:label>passage label</knoraXmlImport:label>
    <p0826-teimww:occursIn>
      <p0826-teimww:book knoraType="link_value" linkType="ref" target="ww_dc7d1d212ce7e04d"/>
    </p0826-teimww:occursIn>
    <p0826-teimww:text knoraType="richtext_value">[...] &lt;span class="quote"&gt;ashes to ashes&lt;/span&gt; [...].</p0826-teimww:text>
  </p0826-teimww:passage>
  <p0826-teimww:passage id="ww_05b4d3c50909bb9e">
    <knoraXmlImport:label>passage label</knoraXmlImport:label>
    <p0826-teimww:occursIn>
      <p0826-teimww:book knoraType="link_value" linkType="ref" target="ww_0dd5e309103973fb"/>
    </p0826-teimww:occursIn>
  </p0826-teimww:passage>
  <p0826-teimww:passage id="ww_ea275e1578b0d332">
    <knoraXmlImport:label>passage label</knoraXmlImport:label>
    <p0826-teimww:occursIn>
      <p0826-teimww:book knoraType="link_value" linkType="ref" target="ww_dc7d1d212ce7e04d"/>
    </p0826-teimww:occursIn>
    <p0826-teimww:text knoraType="richtext_value">[...] &lt;span class="quote"&gt;delivered from the burden of the flesh &lt;/span&gt;[...] &lt;/span class="quote"&gt;in joy and felicity.&lt;/span&gt;</p0826-teimww:text>
  </p0826-teimww:passage>
  <p0826-teimww:passage id="ww_746675e20be9d607">
    <knoraXmlImport:label>passage label</knoraXmlImport:label>
    <p0826-teimww:occursIn>
      <p0826-teimww:book knoraType="link_value" linkType="ref" target="ww_0b28ed19a0540e1d"/>
    </p0826-teimww:occursIn>
  </p0826-teimww:passage>
  <p0826-teimww:passage id="ww_297165c70aa405de">
    <knoraXmlImport:label>passage label</knoraXmlImport:label>
    <p0826-teimww:occursIn>
      <p0826-teimww:book knoraType="link_value" linkType="ref" target="ww_dc7d1d212ce7e04d"/>
    </p0826-teimww:occursIn>
    <p0826-teimww:text knoraType="richtext_value">[...] May so pass &lt;span class="quote"&gt;the waves of this troublesome world&lt;/span&gt; [...].</p0826-teimww:text>
  </p0826-teimww:passage>
  <p0826-teimww:passage id="ww_7dbda3105ac707dd">
    <knoraXmlImport:label>passage label</knoraXmlImport:label>
    <p0826-teimww:occursIn>
      <p0826-teimww:book knoraType="link_value" linkType="ref" target="ww_b3931845d54b98d5"/>
    </p0826-teimww:occursIn>
  </p0826-teimww:passage>
  <p0826-teimww:passage id="ww_df8322f25ee34549">
    <knoraXmlImport:label>passage label</knoraXmlImport:label>
    <p0826-teimww:occursIn>
      <p0826-teimww:book knoraType="link_value" linkType="ref" target="ww_bb9f2d8a42b833c0"/>
    </p0826-teimww:occursIn>
    <p0826-teimww:text knoraType="richtext_value">&lt;span class="annotation"&gt;Discusses the story of &lt;span&gt;&lt;span class="quote"&gt;Niobe &lt;/span&gt;&lt;span class="annotation"&gt;by way of showing how to devise a lament from Niobe's perspective.&lt;/span&gt;</p0826-teimww:text>
  </p0826-teimww:passage>
  <p0826-teimww:passage id="ww_f3e02abaeb8f424c">
    <knoraXmlImport:label>passage label</knoraXmlImport:label>
    <p0826-teimww:occursIn>
      <p0826-teimww:book knoraType="link_value" linkType="ref" target="ww_804d2b9aec6637b2"/>
    </p0826-teimww:occursIn>
  </p0826-teimww:passage>
  <p0826-teimww:passage id="ww_fbc512e575a0e602">
    <knoraXmlImport:label>passage label</knoraXmlImport:label>
    <p0826-teimww:occursIn>
      <p0826-teimww:book knoraType="link_value" linkType="ref" target="ww_1498e206f1d8071e"/>
    </p0826-teimww:occursIn>
    <p0826-teimww:text knoraType="richtext_value">[...] you must go through &lt;span class="quote"&gt;a sea of troubles, &lt;/span&gt;and then that you shall come to a heaven of rest [...]</p0826-teimww:text>
  </p0826-teimww:passage>
  <p0826-teimww:passage id="ww_3250941b86f6e1d7">
    <knoraXmlImport:label>passage label</knoraXmlImport:label>
    <p0826-teimww:occursIn>
      <p0826-teimww:book knoraType="link_value" linkType="ref" target="ww_b3931845d54b98d5"/>
    </p0826-teimww:occursIn>
  </p0826-teimww:passage>
  <p0826-teimww:passage id="ww_8e917e968888fd22">
    <knoraXmlImport:label>passage label</knoraXmlImport:label>
    <p0826-teimww:occursIn>
      <p0826-teimww:book knoraType="link_value" linkType="ref" target="ww_a1d5cd59c36d2503"/>
    </p0826-teimww:occursIn>
    <p0826-teimww:text knoraType="richtext_value">[Naiades:] Haec damus tibi, nec tamen pusilla,&lt;br&gt;
&lt;span class="quote"&gt;Si non munere pectus aestimentur,&lt;br&gt; 
Verum e pectore munus aestimetur.&lt;br&gt;&lt;/span&gt;&lt;br&gt;

English translation in the quoted edition: "And yet these gifts are not trifles, if the heart's love is not measured by the value of the gift, but the gift's value by the love in the heart." </p0826-teimww:text>
  </p0826-teimww:passage>
  <p0826-teimww:passage id="ww_0aa93e575e7aba7e">
    <knoraXmlImport:label>passage label</knoraXmlImport:label>
    <p0826-teimww:occursIn>
      <p0826-teimww:book knoraType="link_value" linkType="ref" target="ww_0dd5e309103973fb"/>
    </p0826-teimww:occursIn>
  </p0826-teimww:passage>
  <p0826-teimww:passage id="ww_d650fab341f65ce2">
    <knoraXmlImport:label>passage label</knoraXmlImport:label>
    <p0826-teimww:occursIn>
      <p0826-teimww:book knoraType="link_value" linkType="ref" target="ww_26d7297a6051272d"/>
    </p0826-teimww:occursIn>
    <p0826-teimww:text knoraType="richtext_value">[Oeneus:] [...] If any tyrant feed his boars with gobs of strangers' flesh &lt;br&gt;
Now let &lt;span class="quote"&gt;his pampered jades &lt;/span&gt;unto my Carcass fall afresh.	</p0826-teimww:text>
  </p0826-teimww:passage>
  <p0826-teimww:passage id="ww_0123f9107eef583c">
    <knoraXmlImport:label>passage label</knoraXmlImport:label>
    <p0826-teimww:occursIn>
      <p0826-teimww:book knoraType="link_value" linkType="ref" target="ww_3e15ab6c612eadae"/>
    </p0826-teimww:occursIn>
  </p0826-teimww:passage>
  <p0826-teimww:passage id="ww_cbaca1347cd05f12">
    <knoraXmlImport:label>passage label</knoraXmlImport:label>
    <p0826-teimww:occursIn>
      <p0826-teimww:book knoraType="link_value" linkType="ref" target="ww_4d19db8fc336ca4f"/>
    </p0826-teimww:occursIn>
    <p0826-teimww:text knoraType="richtext_value">The Palace of Pleasure: &lt;span class="quote"&gt;Beautified, &lt;/span&gt;adorned and well furnished, with Pleasant Histories and excellent Novels, selected out of diverse good and commendable Authors. </p0826-teimww:text>
  </p0826-teimww:passage>
  <p0826-teimww:passage id="ww_e7af42ea8602cbb3">
    <knoraXmlImport:label>passage label</knoraXmlImport:label>
    <p0826-teimww:occursIn>
      <p0826-teimww:book knoraType="link_value" linkType="ref" target="ww_3e15ab6c612eadae"/>
    </p0826-teimww:occursIn>
  </p0826-teimww:passage>
  <p0826-teimww:passage id="ww_6afbfe534649e997">
    <knoraXmlImport:label>passage label</knoraXmlImport:label>
    <p0826-teimww:occursIn>
      <p0826-teimww:book knoraType="link_value" linkType="ref" target="ww_4d19db8fc336ca4f"/>
    </p0826-teimww:occursIn>
    <p0826-teimww:text knoraType="richtext_value">I feel (alas) a diversity of anguishes, &amp; &lt;span class="quote"&gt;a Sea of troubles&lt;/span&gt;, which torment my mind &amp; yet, I dare not discover the occasion [...].</p0826-teimww:text>
  </p0826-teimww:passage>
  <p0826-teimww:passage id="ww_eb9ea86d4fbefc8e">
    <knoraXmlImport:label>passage label</knoraXmlImport:label>
    <p0826-teimww:occursIn>
      <p0826-teimww:book knoraType="link_value" linkType="ref" target="ww_0de19bd63a1c9142"/>
    </p0826-teimww:occursIn>
  </p0826-teimww:passage>
  <p0826-teimww:passage id="ww_9e679facbd253c9d">
    <knoraXmlImport:label>passage label</knoraXmlImport:label>
    <p0826-teimww:occursIn>
      <p0826-teimww:book knoraType="link_value" linkType="ref" target="ww_26d7297a6051272d"/>
    </p0826-teimww:occursIn>
    <p0826-teimww:text knoraType="richtext_value">[Philoctetes:] [...] O coward, &lt;span class="quote"&gt;peasant slave&lt;/span&gt;&lt;br&gt;
Thou art too weak to bend my bow, unmeet my shafts to have&lt;br&gt;
What ailest thou to look so pale [...]?</p0826-teimww:text>
  </p0826-teimww:passage>
  <p0826-teimww:passage id="ww_d812f21422a7beb2">
    <knoraXmlImport:label>passage label</knoraXmlImport:label>
    <p0826-teimww:occursIn>
      <p0826-teimww:book knoraType="link_value" linkType="ref" target="ww_7c79793591d10a0c"/>
    </p0826-teimww:occursIn>
  </p0826-teimww:passage>
  <p0826-teimww:passage id="ww_83a4a2e58372ec36">
    <knoraXmlImport:label>passage label</knoraXmlImport:label>
    <p0826-teimww:occursIn>
      <p0826-teimww:book knoraType="link_value" linkType="ref" target="ww_e74854bf03734dac"/>
    </p0826-teimww:occursIn>
    <p0826-teimww:text knoraType="richtext_value">For which he might both justly &lt;span class="quote"&gt;kind and cruel called be. &lt;/span&gt;</p0826-teimww:text>
  </p0826-teimww:passage>
  <p0826-teimww:passage id="ww_e1533810e1828cd7">
    <knoraXmlImport:label>passage label</knoraXmlImport:label>
    <p0826-teimww:occursIn>
      <p0826-teimww:book knoraType="link_value" linkType="ref" target="ww_3e15ab6c612eadae"/>
    </p0826-teimww:occursIn>
  </p0826-teimww:passage>
  <p0826-teimww:passage id="ww_22c9d40943b64e9a">
    <knoraXmlImport:label>passage label</knoraXmlImport:label>
    <p0826-teimww:occursIn>
      <p0826-teimww:book knoraType="link_value" linkType="ref" target="ww_e74854bf03734dac"/>
    </p0826-teimww:occursIn>
    <p0826-teimww:text knoraType="richtext_value">In stead of legs, to both her sides stick fingers long and fine:&lt;br&gt; &lt;span class="quote"&gt;The rest is belly.&lt;/span&gt;</p0826-teimww:text>
  </p0826-teimww:passage>
  <p0826-teimww:passage id="ww_35e0fed9877b594b">
    <knoraXmlImport:label>passage label</knoraXmlImport:label>
    <p0826-teimww:occursIn>
      <p0826-teimww:book knoraType="link_value" linkType="ref" target="ww_1140c36ab545b6d8"/>
    </p0826-teimww:occursIn>
  </p0826-teimww:passage>
  <p0826-teimww:passage id="ww_f8a57d3d968f649f">
    <knoraXmlImport:label>passage label</knoraXmlImport:label>
    <p0826-teimww:occursIn>
      <p0826-teimww:book knoraType="link_value" linkType="ref" target="ww_91c38edf48f9276e"/>
    </p0826-teimww:occursIn>
    <p0826-teimww:text knoraType="richtext_value">What? is it I that did behold &lt;span class="quote"&gt;the pampered Jades of Thrace&lt;br&gt;&lt;/span&gt;
With Mangers full of flesh of men on which they fed apace?&lt;br&gt;
Ist I that down at sight thereof their greasy Mangers threw,&lt;br&gt;
And both the fatted Jades themselves and eke their master slew? </p0826-teimww:text>
  </p0826-teimww:passage>
  <p0826-teimww:passage id="ww_5665f59f69600904">
    <knoraXmlImport:label>passage label</knoraXmlImport:label>
    <p0826-teimww:occursIn>
      <p0826-teimww:book knoraType="link_value" linkType="ref" target="ww_3e15ab6c612eadae"/>
    </p0826-teimww:occursIn>
  </p0826-teimww:passage>
  <p0826-teimww:passage id="ww_d2b21b0b80c84ab7">
    <knoraXmlImport:label>passage label</knoraXmlImport:label>
    <p0826-teimww:occursIn>
      <p0826-teimww:book knoraType="link_value" linkType="ref" target="ww_f0311f6cc16cd154"/>
    </p0826-teimww:occursIn>
    <p0826-teimww:text knoraType="richtext_value">Yet, though I say it, &lt;span class="quote"&gt;thereby lyeth a tale&lt;/span&gt; [...].</p0826-teimww:text>
  </p0826-teimww:passage>
  <p0826-teimww:passage id="ww_1a11499f73f365b7">
    <knoraXmlImport:label>passage label</knoraXmlImport:label>
    <p0826-teimww:occursIn>
      <p0826-teimww:book knoraType="link_value" linkType="ref" target="ww_3e15ab6c612eadae"/>
    </p0826-teimww:occursIn>
  </p0826-teimww:passage>
  <p0826-teimww:passage id="ww_42d079f03e96a5e1">
    <knoraXmlImport:label>passage label</knoraXmlImport:label>
    <p0826-teimww:occursIn>
      <p0826-teimww:book knoraType="link_value" linkType="ref" target="ww_bea266e3cdec2d97"/>
    </p0826-teimww:occursIn>
    <p0826-teimww:text knoraType="richtext_value">Some gentler passion slide into my mind,&lt;br&gt;
For I am soft and made of melting snow;&lt;br&gt;
Or be more &lt;span class="quote"&gt;cruel, love, and so be kind&lt;/span&gt;.&lt;br&gt;
Let me or float or sink, be high or low. </p0826-teimww:text>
  </p0826-teimww:passage>
  <p0826-teimww:passage id="ww_fe16a16e9038b3d2">
    <knoraXmlImport:label>passage label</knoraXmlImport:label>
    <p0826-teimww:occursIn>
      <p0826-teimww:book knoraType="link_value" linkType="ref" target="ww_3e15ab6c612eadae"/>
    </p0826-teimww:occursIn>
  </p0826-teimww:passage>
  <p0826-teimww:passage id="ww_4c7122b56b0a5c0d">
    <knoraXmlImport:label>passage label</knoraXmlImport:label>
    <p0826-teimww:occursIn>
      <p0826-teimww:book knoraType="link_value" linkType="ref" target="ww_168c3a63f50c4e37"/>
    </p0826-teimww:occursIn>
    <p0826-teimww:text knoraType="richtext_value">[...] I say again, of Statutes, some be Penal, some are Beneficial, or Gracious; And again, some Statutes are constitutive of new Laws, some declaratory of old; some go to the abridgement of the Common Law, some to the enlargement. I will not stand upon defining the Members of these divisions, nor shew examples; for they bear their Names and Natures in their forehead, so far forth as doth in this &lt;span class="quote"&gt; precurse &lt;/span&gt;and preparation to the rest of this work; only I will say [...] that all Statutes, in a manner, are Penal to Some.</p0826-teimww:text>
  </p0826-teimww:passage>
  <p0826-teimww:passage id="ww_a92fd6f393c67b7c">
    <knoraXmlImport:label>passage label</knoraXmlImport:label>
    <p0826-teimww:occursIn>
      <p0826-teimww:book knoraType="link_value" linkType="ref" target="ww_f0b8d4220bfdd308"/>
    </p0826-teimww:occursIn>
  </p0826-teimww:passage>
  <p0826-teimww:passage id="ww_bcfa1cea6a292bbf">
    <knoraXmlImport:label>passage label</knoraXmlImport:label>
    <p0826-teimww:occursIn>
      <p0826-teimww:book knoraType="link_value" linkType="ref" target="ww_9e5c2e9be2d59c76"/>
    </p0826-teimww:occursIn>
    <p0826-teimww:text knoraType="richtext_value">So shall we passe through the dangers of &lt;span class="quote"&gt;the troublous sea &lt;/span&gt;of this world</p0826-teimww:text>
  </p0826-teimww:passage>
  <p0826-teimww:passage id="ww_b0a0b03a45a1d7a4">
    <knoraXmlImport:label>passage label</knoraXmlImport:label>
    <p0826-teimww:occursIn>
      <p0826-teimww:book knoraType="link_value" linkType="ref" target="ww_b3931845d54b98d5"/>
    </p0826-teimww:occursIn>
  </p0826-teimww:passage>
  <p0826-teimww:passage id="ww_8421db4bedfc3ed1">
    <knoraXmlImport:label>passage label</knoraXmlImport:label>
    <p0826-teimww:occursIn>
      <p0826-teimww:book knoraType="link_value" linkType="ref" target="ww_3eec017f9226dac5"/>
    </p0826-teimww:occursIn>
    <p0826-teimww:text knoraType="richtext_value">[...] what should we account of &lt;span class="quote"&gt;death to be resembled to anything better than sleep &lt;/span&gt;[...] most assured it is that such sleeps he most sweet as be most sound, for those are best where in like unto dead men we dream nothing. The broken sleeps, the slumber, the dreams full of visions, are commonly in them that have weak and sickly bodies  [...]. But if thou compare death to long travel  [...] there is nothing that doth better or more truly prophecy the end of life, than when a man dreameth that he doth travel and wander into &lt;span class="quote"&gt;far countries [...] and that he traveleth in countries unknown without hope of  return &lt;/span&gt;[...].</p0826-teimww:text>
  </p0826-teimww:passage>
  <p0826-teimww:passage id="ww_c2360d796220dcbc">
    <knoraXmlImport:label>passage label</knoraXmlImport:label>
    <p0826-teimww:occursIn>
      <p0826-teimww:book knoraType="link_value" linkType="ref" target="ww_15dba62495527dd5"/>
    </p0826-teimww:occursIn>
  </p0826-teimww:passage>
  <p0826-teimww:passage id="ww_390fb5432bef4610">
    <knoraXmlImport:label>passage label</knoraXmlImport:label>
    <p0826-teimww:occursIn>
      <p0826-teimww:book knoraType="link_value" linkType="ref" target="ww_9bd2a51773668ca5"/>
    </p0826-teimww:occursIn>
  </p0826-teimww:passage>
  <p0826-teimww:passage id="ww_126ca36dd5ee1ade">
    <knoraXmlImport:label>passage label</knoraXmlImport:label>
    <p0826-teimww:occursIn>
      <p0826-teimww:book knoraType="link_value" linkType="ref" target="ww_e95d4765a7973201"/>
    </p0826-teimww:occursIn>
  </p0826-teimww:passage>
  <p0826-teimww:passage id="ww_48fd9f59ad1e79f2">
    <knoraXmlImport:label>passage label</knoraXmlImport:label>
    <p0826-teimww:occursIn>
      <p0826-teimww:book knoraType="link_value" linkType="ref" target="ww_f422144843f37f21"/>
    </p0826-teimww:occursIn>
    <p0826-teimww:text knoraType="richtext_value">[...] &lt;span class="quote"&gt;be constant to them that trust thee, and trust them that thou hast tried &lt;/span&gt;[...].</p0826-teimww:text>
  </p0826-teimww:passage>
  <p0826-teimww:passage id="ww_d5493ed06fa810c2">
    <knoraXmlImport:label>passage label</knoraXmlImport:label>
    <p0826-teimww:occursIn>
      <p0826-teimww:book knoraType="link_value" linkType="ref" target="ww_ede42cb1c3c1d408"/>
    </p0826-teimww:occursIn>
  </p0826-teimww:passage>
  <p0826-teimww:passage id="ww_e3b6fb53d59bc808">
    <knoraXmlImport:label>passage label</knoraXmlImport:label>
    <p0826-teimww:occursIn>
      <p0826-teimww:book knoraType="link_value" linkType="ref" target="ww_42a6c34f5f492571"/>
    </p0826-teimww:occursIn>
  </p0826-teimww:passage>
  <p0826-teimww:passage id="ww_64dd1188454d1a30">
    <knoraXmlImport:label>passage label</knoraXmlImport:label>
    <p0826-teimww:occursIn>
      <p0826-teimww:book knoraType="link_value" linkType="ref" target="ww_f422144843f37f21"/>
    </p0826-teimww:occursIn>
    <p0826-teimww:text knoraType="richtext_value">&lt;span class="quote"&gt;Let thy attire bee comely but not too costly &lt;/span&gt; [...].</p0826-teimww:text>
  </p0826-teimww:passage>
  <p0826-teimww:passage id="ww_cf1ebce231d08826">
    <knoraXmlImport:label>passage label</knoraXmlImport:label>
    <p0826-teimww:occursIn>
      <p0826-teimww:book knoraType="link_value" linkType="ref" target="ww_ede42cb1c3c1d408"/>
    </p0826-teimww:occursIn>
  </p0826-teimww:passage>
  <p0826-teimww:passage id="ww_305e161ea07bf4e4">
    <knoraXmlImport:label>passage label</knoraXmlImport:label>
    <p0826-teimww:occursIn>
      <p0826-teimww:book knoraType="link_value" linkType="ref" target="ww_42a6c34f5f492571"/>
    </p0826-teimww:occursIn>
  </p0826-teimww:passage>
  <p0826-teimww:passage id="ww_29848f94288dbd10">
    <knoraXmlImport:label>passage label</knoraXmlImport:label>
    <p0826-teimww:occursIn>
      <p0826-teimww:book knoraType="link_value" linkType="ref" target="ww_27db8ddb5b2cba19"/>
    </p0826-teimww:occursIn>
    <p0826-teimww:text knoraType="richtext_value">And  therefore if there be in me that may content you, or if your fancy can frame to like of me as I am, let me find it by your friendly answer, which I will expect with assured hope to find it in all things agreeable to my good desires, that greatly covet to be accounted. Wholy yours, &lt;span class="quote"&gt;or not to be at all&lt;/span&gt;. Finis.</p0826-teimww:text>
  </p0826-teimww:passage>
  <p0826-teimww:passage id="ww_d1b9a0ccec03d244">
    <knoraXmlImport:label>passage label</knoraXmlImport:label>
    <p0826-teimww:occursIn>
      <p0826-teimww:book knoraType="link_value" linkType="ref" target="ww_c0bb45384c6abc1f"/>
    </p0826-teimww:occursIn>
  </p0826-teimww:passage>
  <p0826-teimww:passage id="ww_07f209ee763b5bfc">
    <knoraXmlImport:label>passage label</knoraXmlImport:label>
    <p0826-teimww:occursIn>
      <p0826-teimww:book knoraType="link_value" linkType="ref" target="ww_dd68990f2d6f32ef"/>
    </p0826-teimww:occursIn>
    <p0826-teimww:text knoraType="richtext_value">[Philautes to Euphues his son]: At thy comming into England, be not too inquisitive of news, neither curious in matters of State, in assemblies ask no questions, either concerning manners or me. &lt;span class="quote"&gt;Be not lavish of thy tongue, &lt;/span&gt;either in causes of weight, least thou shew thy self an espy-all, or in wanton talk, least thou prove thy self a fool. It is the Nature of that country to sift strangers, every one that shaketh thee by the hand is not joined to thee in heart. They think Italians Wanton, &amp; Grecians subtile, they will trust neither, they are so incredulous, but undermine both, they are so wise. &lt;span class="quote"&gt;Be not querulous for every light occasion, &lt;/span&gt;they are impatient in their anger of any equal, &lt;span class="quote"&gt;ready to revenge an iniury, but never want to proffer any: &lt;/span&gt;they never fight without provoking, and once provoked, they never cease. Beware thou fal not into the snares of love, the women there are wise, the men crafty: they will gather love by thy looks, and pick thy mind out of thy hands. &lt;span class="quote"&gt;It shall be there better to hear what they say, then to speak what thou thinkest: &lt;/span&gt;They have long ears and short tongues, quick to hear, and slow to utter: broad eyes and light fingers, ready to espy and apt to strike.</p0826-teimww:text>
  </p0826-teimww:passage>
  <p0826-teimww:passage id="ww_e1f17be10d8fccfe">
    <knoraXmlImport:label>passage label</knoraXmlImport:label>
    <p0826-teimww:occursIn>
      <p0826-teimww:book knoraType="link_value" linkType="ref" target="ww_f3b3659c26b68006"/>
    </p0826-teimww:occursIn>
  </p0826-teimww:passage>
  <p0826-teimww:passage id="ww_d59e7b336843bb8f">
    <knoraXmlImport:label>passage label</knoraXmlImport:label>
    <p0826-teimww:occursIn>
      <p0826-teimww:book knoraType="link_value" linkType="ref" target="ww_42a6c34f5f492571"/>
    </p0826-teimww:occursIn>
  </p0826-teimww:passage>
  <p0826-teimww:passage id="ww_47a45b35a17c0d3c">
    <knoraXmlImport:label>passage label</knoraXmlImport:label>
    <p0826-teimww:occursIn>
      <p0826-teimww:book knoraType="link_value" linkType="ref" target="ww_15dba62495527dd5"/>
    </p0826-teimww:occursIn>
  </p0826-teimww:passage>
  <p0826-teimww:passage id="ww_e4fd60d017a5f0d9">
    <knoraXmlImport:label>passage label</knoraXmlImport:label>
    <p0826-teimww:occursIn>
      <p0826-teimww:book knoraType="link_value" linkType="ref" target="ww_d750e1e440e536e5"/>
    </p0826-teimww:occursIn>
  </p0826-teimww:passage>
  <p0826-teimww:passage id="ww_0c456e30436b910f">
    <knoraXmlImport:label>passage label</knoraXmlImport:label>
    <p0826-teimww:occursIn>
      <p0826-teimww:book knoraType="link_value" linkType="ref" target="ww_2ee4d5a8fd63e825"/>
    </p0826-teimww:occursIn>
    <p0826-teimww:text knoraType="richtext_value">Friend let us both give justly place, &lt;br&gt;
To wedded man to judge this cace, &lt;br&gt;
Which best way is to thrive: &lt;br&gt;
For both our talk as seemeth plain, &lt;br&gt;
Is but as hapneth in our brain, &lt;br&gt;&lt;span class="quote"&gt;
To will or not to wife.&lt;/span&gt;</p0826-teimww:text>
  </p0826-teimww:passage>
  <p0826-teimww:passage id="ww_2a59d136fa10f2cf">
    <knoraXmlImport:label>passage label</knoraXmlImport:label>
    <p0826-teimww:occursIn>
      <p0826-teimww:book knoraType="link_value" linkType="ref" target="ww_3e15ab6c612eadae"/>
    </p0826-teimww:occursIn>
  </p0826-teimww:passage>
  <p0826-teimww:passage id="ww_f3cb4c9d600b4dd7">
    <knoraXmlImport:label>passage label</knoraXmlImport:label>
    <p0826-teimww:occursIn>
      <p0826-teimww:book knoraType="link_value" linkType="ref" target="ww_dc03dedd8d618997"/>
    </p0826-teimww:occursIn>
    <p0826-teimww:text knoraType="richtext_value">[...]&lt;span class="quote"&gt; the sleep of death&lt;/span&gt; [...].</p0826-teimww:text>
  </p0826-teimww:passage>
  <p0826-teimww:passage id="ww_bcda2fa42bb25c09">
    <knoraXmlImport:label>passage label</knoraXmlImport:label>
    <p0826-teimww:occursIn>
      <p0826-teimww:book knoraType="link_value" linkType="ref" target="ww_0de19bd63a1c9142"/>
    </p0826-teimww:occursIn>
  </p0826-teimww:passage>
  <p0826-teimww:passage id="ww_471270811473d2f8">
    <knoraXmlImport:label>passage label</knoraXmlImport:label>
    <p0826-teimww:occursIn>
      <p0826-teimww:book knoraType="link_value" linkType="ref" target="ww_834f273f6d971ca7"/>
    </p0826-teimww:occursIn>
    <p0826-teimww:text knoraType="richtext_value">[...] it is a matter almost impossible, and seldom seen, that those two great enemies, beauty and honesty agree together. [...] &lt;span class="quote"&gt;And though it fall out often that beauty and honesty are joined together, yet is falleth out seldom, but that exquisite beauty is had in suspicion.&lt;/span&gt;</p0826-teimww:text>
  </p0826-teimww:passage>
  <p0826-teimww:passage id="ww_bfcee39cd369a46f">
    <knoraXmlImport:label>passage label</knoraXmlImport:label>
    <p0826-teimww:occursIn>
      <p0826-teimww:book knoraType="link_value" linkType="ref" target="ww_15dba62495527dd5"/>
    </p0826-teimww:occursIn>
  </p0826-teimww:passage>
  <p0826-teimww:passage id="ww_cf5fb3a6ca587fca">
    <knoraXmlImport:label>passage label</knoraXmlImport:label>
    <p0826-teimww:occursIn>
      <p0826-teimww:book knoraType="link_value" linkType="ref" target="ww_834f273f6d971ca7"/>
    </p0826-teimww:occursIn>
    <p0826-teimww:text knoraType="richtext_value">[...] you must not judge those things hard to be done, which consist only in our will &lt;span class="quote"&gt;to do, or not to do. &lt;/span&gt;</p0826-teimww:text>
  </p0826-teimww:passage>
  <p0826-teimww:passage id="ww_73d03b693e9fa33e">
    <knoraXmlImport:label>passage label</knoraXmlImport:label>
    <p0826-teimww:occursIn>
      <p0826-teimww:book knoraType="link_value" linkType="ref" target="ww_fb9509be352bd917"/>
    </p0826-teimww:occursIn>
  </p0826-teimww:passage>
  <p0826-teimww:passage id="ww_2742492f8f5c8fa3">
    <knoraXmlImport:label>passage label</knoraXmlImport:label>
    <p0826-teimww:occursIn>
      <p0826-teimww:book knoraType="link_value" linkType="ref" target="ww_026505509118e73d"/>
    </p0826-teimww:occursIn>
    <p0826-teimww:text knoraType="richtext_value">This shortness or length of time in the derivatives is a great leader, where &lt;span class="quote"&gt;to write or not to write &lt;/span&gt;the qualifying e in the end of simple words. For who will write, natur, perfit, measur, treasur, with an, e, in the end knowing their derivatiues to be short, natural, perfithe measured, treasurer?</p0826-teimww:text>
  </p0826-teimww:passage>
  <p0826-teimww:passage id="ww_8b4d6b2b58c8f492">
    <knoraXmlImport:label>passage label</knoraXmlImport:label>
    <p0826-teimww:occursIn>
      <p0826-teimww:book knoraType="link_value" linkType="ref" target="ww_3e15ab6c612eadae"/>
    </p0826-teimww:occursIn>
  </p0826-teimww:passage>
  <p0826-teimww:passage id="ww_8b17beb81fa40748">
    <knoraXmlImport:label>passage label</knoraXmlImport:label>
    <p0826-teimww:occursIn>
      <p0826-teimww:book knoraType="link_value" linkType="ref" target="ww_09d36da18882d57e"/>
    </p0826-teimww:occursIn>
    <p0826-teimww:text knoraType="richtext_value">Ere these were seen, I burnt: what will these do?, &lt;br&gt;
&lt;span class="quote"&gt;Flames into flame, floods thou pourest seas into. &lt;/span&gt;</p0826-teimww:text>
  </p0826-teimww:passage>
  <p0826-teimww:passage id="ww_17c616b8f9961f81">
    <knoraXmlImport:label>passage label</knoraXmlImport:label>
    <p0826-teimww:occursIn>
      <p0826-teimww:book knoraType="link_value" linkType="ref" target="ww_e38a56a7efbf9723"/>
    </p0826-teimww:occursIn>
  </p0826-teimww:passage>
  <p0826-teimww:passage id="ww_922e009351dd368c">
    <knoraXmlImport:label>passage label</knoraXmlImport:label>
    <p0826-teimww:occursIn>
      <p0826-teimww:book knoraType="link_value" linkType="ref" target="ww_57b3b0aeb319dbf6"/>
    </p0826-teimww:occursIn>
    <p0826-teimww:text knoraType="richtext_value">the body, which was before so delicately entertained [...] whereupon &lt;span class="quote"&gt;the wind might not be suffered to blow, nor the sun to shine &lt;/span&gt;[...].</p0826-teimww:text>
  </p0826-teimww:passage>
  <p0826-teimww:passage id="ww_6b73a7f2cbbf5d21">
    <knoraXmlImport:label>passage label</knoraXmlImport:label>
    <p0826-teimww:occursIn>
      <p0826-teimww:book knoraType="link_value" linkType="ref" target="ww_7589cfaa41b21699"/>
    </p0826-teimww:occursIn>
  </p0826-teimww:passage>
  <p0826-teimww:passage id="ww_38ed81295bc7ad8e">
    <knoraXmlImport:label>passage label</knoraXmlImport:label>
    <p0826-teimww:occursIn>
      <p0826-teimww:book knoraType="link_value" linkType="ref" target="ww_09d36da18882d57e"/>
    </p0826-teimww:occursIn>
    <p0826-teimww:text knoraType="richtext_value">&lt;span class="quote"&gt;Even as a head-strong courser bears away, &lt;br&gt;
His rider vainly striving him to stay. &lt;br&gt;
Or as a sudden gale thrusts into sea, &lt;br&gt;
The heaven-touching bark now near the lea. &lt;br&gt;
So wavering Cupid brings me back amain, &lt;br&gt;
And purple love resumes his darts again. &lt;br&gt;
Here of themselves thy shafts come, as if shot;  &lt;br&gt;
Better than I their quiver knows them not. &lt;/span&gt;</p0826-teimww:text>
  </p0826-teimww:passage>
  <p0826-teimww:passage id="ww_e70cb202a0ffe0d0">
    <knoraXmlImport:label>passage label</knoraXmlImport:label>
    <p0826-teimww:occursIn>
      <p0826-teimww:book knoraType="link_value" linkType="ref" target="ww_e38a56a7efbf9723"/>
    </p0826-teimww:occursIn>
  </p0826-teimww:passage>
  <p0826-teimww:passage id="ww_c676b69bb9fb6f9f">
    <knoraXmlImport:label>passage label</knoraXmlImport:label>
    <p0826-teimww:occursIn>
      <p0826-teimww:book knoraType="link_value" linkType="ref" target="ww_d00e0f4b3541b720"/>
    </p0826-teimww:occursIn>
    <p0826-teimww:text knoraType="richtext_value">Nay, nay, thy &lt;span class="quote"&gt;self slaughter: &lt;/span&gt;thy bad life unhappy death asketh [...]. </p0826-teimww:text>
  </p0826-teimww:passage>
  <p0826-teimww:passage id="ww_3c27e5dac33b9d59">
    <knoraXmlImport:label>passage label</knoraXmlImport:label>
    <p0826-teimww:occursIn>
      <p0826-teimww:book knoraType="link_value" linkType="ref" target="ww_d1faedb423154f39"/>
    </p0826-teimww:occursIn>
  </p0826-teimww:passage>
  <p0826-teimww:passage id="ww_6151b704a8642e83">
    <knoraXmlImport:label>passage label</knoraXmlImport:label>
    <p0826-teimww:occursIn>
      <p0826-teimww:book knoraType="link_value" linkType="ref" target="ww_899bf0923492e1d6"/>
    </p0826-teimww:occursIn>
    <p0826-teimww:text knoraType="richtext_value">[...] &lt;span class="quote"&gt;a patient mind to suffer" &lt;/span&gt;[...].</p0826-teimww:text>
  </p0826-teimww:passage>
  <p0826-teimww:passage id="ww_4fefd608eb8dedb2">
    <knoraXmlImport:label>passage label</knoraXmlImport:label>
    <p0826-teimww:occursIn>
      <p0826-teimww:book knoraType="link_value" linkType="ref" target="ww_0de19bd63a1c9142"/>
    </p0826-teimww:occursIn>
  </p0826-teimww:passage>
  <p0826-teimww:passage id="ww_0b57e1c0008034c0">
    <knoraXmlImport:label>passage label</knoraXmlImport:label>
    <p0826-teimww:occursIn>
      <p0826-teimww:book knoraType="link_value" linkType="ref" target="ww_026505509118e73d"/>
    </p0826-teimww:occursIn>
    <p0826-teimww:text knoraType="richtext_value">[There are spelling rules which exist] as yet in the bare unrecorded, and unwritten use, wherein &lt;span class="quote"&gt;every man's brain was every man's book.&lt;/span&gt; </p0826-teimww:text>
  </p0826-teimww:passage>
  <p0826-teimww:passage id="ww_0ecc77cb20abb87b">
    <knoraXmlImport:label>passage label</knoraXmlImport:label>
    <p0826-teimww:occursIn>
      <p0826-teimww:book knoraType="link_value" linkType="ref" target="ww_fb9509be352bd917"/>
    </p0826-teimww:occursIn>
  </p0826-teimww:passage>
  <p0826-teimww:passage id="ww_b1c47528a992c31b">
    <knoraXmlImport:label>passage label</knoraXmlImport:label>
    <p0826-teimww:occursIn>
      <p0826-teimww:book knoraType="link_value" linkType="ref" target="ww_488005370a580904"/>
    </p0826-teimww:occursIn>
    <p0826-teimww:text knoraType="richtext_value">[Aurelia:] Hath not she action that kills, and he passion that is kild? How can it then be, that when as he that loves doth work, and she that is loved suffers, she should kill him?&lt;br&gt;
[Philotimus:] Nay, rather he that loves suffers, and she works.&lt;br&gt;
[Aurelia:] But hath not he free choice, &lt;span class="quote"&gt;to love or not to love?&lt;/span&gt;&lt;br&gt;
[Philotimus:] He hath.&lt;br&gt;
[Aurelia:] Then he kills himself that loves.&lt;br&gt;
[Philotimus:] The woman kills not because she is loved, but because she loves not again. For whosoever may save, and will not, killeth.</p0826-teimww:text>
  </p0826-teimww:passage>
  <p0826-teimww:passage id="ww_0f8d5c67ca9f6631">
    <knoraXmlImport:label>passage label</knoraXmlImport:label>
    <p0826-teimww:occursIn>
      <p0826-teimww:book knoraType="link_value" linkType="ref" target="ww_3e15ab6c612eadae"/>
    </p0826-teimww:occursIn>
  </p0826-teimww:passage>
  <p0826-teimww:passage id="ww_7c325a7f8e32145c">
    <knoraXmlImport:label>passage label</knoraXmlImport:label>
    <p0826-teimww:occursIn>
      <p0826-teimww:book knoraType="link_value" linkType="ref" target="ww_bd8cd5712d6c7094"/>
    </p0826-teimww:occursIn>
    <p0826-teimww:text knoraType="richtext_value">[...] so that as he detested ye one for her folly, he embraced the other for her virtue: insomuch that having himself escaped the &lt;span class="quote"&gt;seas of trouble &lt;/span&gt;and care, yet he thought his mind not fully quiet, until he might cause his friend Mamillia, to cast her anker in the port of Tranquilitie.</p0826-teimww:text>
  </p0826-teimww:passage>
  <p0826-teimww:passage id="ww_9e47d912ceb2cfa4">
    <knoraXmlImport:label>passage label</knoraXmlImport:label>
    <p0826-teimww:occursIn>
      <p0826-teimww:book knoraType="link_value" linkType="ref" target="ww_0b28ed19a0540e1d"/>
    </p0826-teimww:occursIn>
  </p0826-teimww:passage>
  <p0826-teimww:passage id="ww_0e8aa47d8867f325">
    <knoraXmlImport:label>passage label</knoraXmlImport:label>
    <p0826-teimww:occursIn>
      <p0826-teimww:book knoraType="link_value" linkType="ref" target="ww_bba03041f3be17f3"/>
    </p0826-teimww:occursIn>
    <p0826-teimww:text knoraType="richtext_value">[Venus:] Can you sing? &lt;br&gt;
[Rafe:] &lt;span class="quote"&gt;Basely.&lt;/span&gt; &lt;br&gt;
[Uenus:] And you? &lt;br&gt;
[Dicke:] Meanly. &lt;br&gt;
[Uenus:] And what can you do? &lt;br&gt;
[Robin:] &lt;span class="quote"&gt;If they double it, I will treble it.&lt;/span&gt;</p0826-teimww:text>
  </p0826-teimww:passage>
  <p0826-teimww:passage id="ww_8c6cd9c529890dc4">
    <knoraXmlImport:label>passage label</knoraXmlImport:label>
    <p0826-teimww:occursIn>
      <p0826-teimww:book knoraType="link_value" linkType="ref" target="ww_5eeeb3e78e8b0bc3"/>
    </p0826-teimww:occursIn>
  </p0826-teimww:passage>
  <p0826-teimww:passage id="ww_c070393008619bc9">
    <knoraXmlImport:label>passage label</knoraXmlImport:label>
    <p0826-teimww:occursIn>
      <p0826-teimww:book knoraType="link_value" linkType="ref" target="ww_1c5e84bba083d2c9"/>
    </p0826-teimww:occursIn>
    <p0826-teimww:text knoraType="richtext_value">&lt;span class="quote"&gt;(a silly old diplomat)&lt;/span&gt;</p0826-teimww:text>
  </p0826-teimww:passage>
  <p0826-teimww:passage id="ww_9a14d694880a460b">
    <knoraXmlImport:label>passage label</knoraXmlImport:label>
    <p0826-teimww:occursIn>
      <p0826-teimww:book knoraType="link_value" linkType="ref" target="ww_15dba62495527dd5"/>
    </p0826-teimww:occursIn>
  </p0826-teimww:passage>
  <p0826-teimww:passage id="ww_578078bea57290d1">
    <knoraXmlImport:label>passage label</knoraXmlImport:label>
    <p0826-teimww:occursIn>
      <p0826-teimww:book knoraType="link_value" linkType="ref" target="ww_f44b01cba1dbbd53"/>
    </p0826-teimww:occursIn>
    <p0826-teimww:text knoraType="richtext_value">It is either of One sentence, called an Axiom, and that part is called Axiomatical. More sentences. An Axiom or sentence is that ordering of one reason with another, whereby a thing is said &lt;span class="quote"&gt;to be or not to be. &lt;/span&gt;</p0826-teimww:text>
  </p0826-teimww:passage>
  <p0826-teimww:passage id="ww_baa51210778b0ae2">
    <knoraXmlImport:label>passage label</knoraXmlImport:label>
    <p0826-teimww:occursIn>
      <p0826-teimww:book knoraType="link_value" linkType="ref" target="ww_0de19bd63a1c9142"/>
    </p0826-teimww:occursIn>
  </p0826-teimww:passage>
  <p0826-teimww:passage id="ww_aad614ec0e6d706a">
    <knoraXmlImport:label>passage label</knoraXmlImport:label>
    <p0826-teimww:occursIn>
      <p0826-teimww:book knoraType="link_value" linkType="ref" target="ww_e4ae7f89b0f55caf"/>
    </p0826-teimww:occursIn>
    <p0826-teimww:text knoraType="richtext_value">[…] &lt;span class="quote"&gt;the brain of a Cat &lt;/span&gt;[...].</p0826-teimww:text>
  </p0826-teimww:passage>
  <p0826-teimww:passage id="ww_a9e005ca3907d7e7">
    <knoraXmlImport:label>passage label</knoraXmlImport:label>
    <p0826-teimww:occursIn>
      <p0826-teimww:book knoraType="link_value" linkType="ref" target="ww_45236b051a657058"/>
    </p0826-teimww:occursIn>
    <p0826-teimww:text knoraType="richtext_value">Here lies Ben Johnson &lt;span class="quote"&gt;Who once was one &lt;/span&gt;– his own Epitaph. Here lies Benjamin – with little hair upon his chin who while he lived was a slow thing - &amp; now he is buried &lt;span class="quote"&gt;is Nothing. &lt;/span&gt;Shakespear. &lt;br&gt;&lt;br&gt;

Here lies Ben Jonson - who was once one - this he made of himself - Shakspear took the pen from him &amp; made this Here lies Benjamin - with short hair upon his chin  - Who while he lived was a slow ting - &amp; now he's buried &lt;span class="quote"&gt; is no thing. &lt;/span&gt; </p0826-teimww:text>
  </p0826-teimww:passage>
  <p0826-teimww:passage id="ww_22c43e3854c3afa5">
    <knoraXmlImport:label>passage label</knoraXmlImport:label>
    <p0826-teimww:occursIn>
      <p0826-teimww:book knoraType="link_value" linkType="ref" target="ww_7ae298843ecbdbed"/>
    </p0826-teimww:occursIn>
  </p0826-teimww:passage>
  <p0826-teimww:passage id="ww_52fca8e1ac0bc4b3">
    <knoraXmlImport:label>passage label</knoraXmlImport:label>
    <p0826-teimww:occursIn>
      <p0826-teimww:book knoraType="link_value" linkType="ref" target="ww_99c58762296b12b6"/>
    </p0826-teimww:occursIn>
    <p0826-teimww:text knoraType="richtext_value">[...] &lt;span class="quote"&gt;a raging sea of troubles&lt;/span&gt; [...].</p0826-teimww:text>
  </p0826-teimww:passage>
  <p0826-teimww:passage id="ww_48c3184cccc45ccb">
    <knoraXmlImport:label>passage label</knoraXmlImport:label>
    <p0826-teimww:occursIn>
      <p0826-teimww:book knoraType="link_value" linkType="ref" target="ww_0de19bd63a1c9142"/>
    </p0826-teimww:occursIn>
  </p0826-teimww:passage>
  <p0826-teimww:passage id="ww_77a2819044b68927">
    <knoraXmlImport:label>passage label</knoraXmlImport:label>
    <p0826-teimww:occursIn>
      <p0826-teimww:book knoraType="link_value" linkType="ref" target="ww_62691e6b381caa28"/>
    </p0826-teimww:occursIn>
    <p0826-teimww:text knoraType="richtext_value">&lt;span class="quote"&gt;That is the question &lt;/span&gt;</p0826-teimww:text>
  </p0826-teimww:passage>
  <p0826-teimww:passage id="ww_74e9550245f309f3">
    <knoraXmlImport:label>passage label</knoraXmlImport:label>
    <p0826-teimww:occursIn>
      <p0826-teimww:book knoraType="link_value" linkType="ref" target="ww_0de19bd63a1c9142"/>
    </p0826-teimww:occursIn>
  </p0826-teimww:passage>
  <p0826-teimww:passage id="ww_355d8d7bdb586e6a">
    <knoraXmlImport:label>passage label</knoraXmlImport:label>
    <p0826-teimww:occursIn>
      <p0826-teimww:book knoraType="link_value" linkType="ref" target="ww_99c58762296b12b6"/>
    </p0826-teimww:occursIn>
    <p0826-teimww:text knoraType="richtext_value">For, Lord, I see that thou art prest,&lt;br&gt;
to ease my sinful sore:&lt;br&gt;
Refuse me not, &lt;span class="quote"&gt;vouchsafe me rest&lt;/span&gt;,&lt;br&gt;
in heart, that call therefore.</p0826-teimww:text>
  </p0826-teimww:passage>
  <p0826-teimww:passage id="ww_9ab6b56c1516c477">
    <knoraXmlImport:label>passage label</knoraXmlImport:label>
    <p0826-teimww:occursIn>
      <p0826-teimww:book knoraType="link_value" linkType="ref" target="ww_3e15ab6c612eadae"/>
    </p0826-teimww:occursIn>
  </p0826-teimww:passage>
  <p0826-teimww:passage id="ww_db922b8bb5546e68">
    <knoraXmlImport:label>passage label</knoraXmlImport:label>
    <p0826-teimww:occursIn>
      <p0826-teimww:book knoraType="link_value" linkType="ref" target="ww_a05e9fa3e5abb86c"/>
    </p0826-teimww:occursIn>
    <p0826-teimww:text knoraType="richtext_value">[Oldcastle:] Gogs wounds how like you this? &lt;br&gt;
&lt;span class="quote"&gt;Sounds this not so sweet as Music.&lt;/span&gt;</p0826-teimww:text>
  </p0826-teimww:passage>
  <p0826-teimww:passage id="ww_add109df8319756c">
    <knoraXmlImport:label>passage label</knoraXmlImport:label>
    <p0826-teimww:occursIn>
      <p0826-teimww:book knoraType="link_value" linkType="ref" target="ww_4367686b70b93963"/>
    </p0826-teimww:occursIn>
    <p0826-teimww:text knoraType="richtext_value">[...] that the inward feeling of Mopsa's perfections had greatly &lt;span class="quote"&gt;beautified &lt;/span&gt;my mind [...].&lt;br&gt;
Then looking to the stars, which had perfectly as then &lt;span class="quote"&gt;beautified &lt;/span&gt; the clear sky [...].&lt;br&gt;
[...] a perfect woman's shape (still &lt;span class="quote"&gt;beautified &lt;/span&gt; with the former perfections) [...].&lt;br&gt;
The action Zelmane used, being &lt;span class="quote"&gt;beautified &lt;/span&gt; by nature and apparelled with skill [...].&lt;br&gt; 
[...] not burdened with trees, but with a board covered, &amp; &lt;span class="quote"&gt;beautified &lt;/span&gt; with the pleasantest fruits [...]. &lt;br&gt;
[...] that ill-agreeing music, which was &lt;span class="quote"&gt;beautified &lt;/span&gt; with the grisliness of wounds [...].&lt;br&gt;
His shield was &lt;span class="quote"&gt;beautified &lt;/span&gt; with this device [...].&lt;br&gt;
[...] of a young man, of great beauty, &lt;span class="quote"&gt;beautified &lt;/span&gt; with great honour [...].</p0826-teimww:text>
  </p0826-teimww:passage>
  <p0826-teimww:passage id="ww_79e9edd9de522163">
    <knoraXmlImport:label>passage label</knoraXmlImport:label>
    <p0826-teimww:occursIn>
      <p0826-teimww:book knoraType="link_value" linkType="ref" target="ww_3e15ab6c612eadae"/>
    </p0826-teimww:occursIn>
  </p0826-teimww:passage>
  <p0826-teimww:passage id="ww_354e053beaf5bea9">
    <knoraXmlImport:label>passage label</knoraXmlImport:label>
    <p0826-teimww:occursIn>
      <p0826-teimww:book knoraType="link_value" linkType="ref" target="ww_04a69cb6dbc88db4"/>
    </p0826-teimww:occursIn>
    <p0826-teimww:text knoraType="richtext_value">[...] the air meet for melancholic folk, ought to be thin, pure and subtle, open, and patent to all winds: in respect of their temper, especially to the &lt;span class="quote"&gt;South, and Southeast.&lt;/span&gt;</p0826-teimww:text>
  </p0826-teimww:passage>
  <p0826-teimww:passage id="ww_5d1831126bf27856">
    <knoraXmlImport:label>passage label</knoraXmlImport:label>
    <p0826-teimww:occursIn>
      <p0826-teimww:book knoraType="link_value" linkType="ref" target="ww_15dba62495527dd5"/>
    </p0826-teimww:occursIn>
  </p0826-teimww:passage>
  <p0826-teimww:passage id="ww_5a82f899129a37b3">
    <knoraXmlImport:label>passage label</knoraXmlImport:label>
    <p0826-teimww:occursIn>
      <p0826-teimww:book knoraType="link_value" linkType="ref" target="ww_7589cfaa41b21699"/>
    </p0826-teimww:occursIn>
  </p0826-teimww:passage>
  <p0826-teimww:passage id="ww_309b3b05f50e28e8">
    <knoraXmlImport:label>passage label</knoraXmlImport:label>
    <p0826-teimww:occursIn>
      <p0826-teimww:book knoraType="link_value" linkType="ref" target="ww_04a69cb6dbc88db4"/>
    </p0826-teimww:occursIn>
    <p0826-teimww:text knoraType="richtext_value">Sometimes it falleth out, that melancholy men are found very witty; [… this can be explained, among other things by] exercise of their wits in which they be indefatigable; which maketh them seem to have that of a natural readiness, which &lt;span class="quote"&gt;custom of exercise &lt;/span&gt;and use hath found in them.</p0826-teimww:text>
  </p0826-teimww:passage>
  <p0826-teimww:passage id="ww_803c23b2a0d0ee65">
    <knoraXmlImport:label>passage label</knoraXmlImport:label>
    <p0826-teimww:occursIn>
      <p0826-teimww:book knoraType="link_value" linkType="ref" target="ww_15dba62495527dd5"/>
    </p0826-teimww:occursIn>
  </p0826-teimww:passage>
  <p0826-teimww:passage id="ww_3f47ce7a03e6b0ae">
    <knoraXmlImport:label>passage label</knoraXmlImport:label>
    <p0826-teimww:occursIn>
      <p0826-teimww:book knoraType="link_value" linkType="ref" target="ww_0b28ed19a0540e1d"/>
    </p0826-teimww:occursIn>
  </p0826-teimww:passage>
  <p0826-teimww:passage id="ww_eefbc22ee0fe220f">
    <knoraXmlImport:label>passage label</knoraXmlImport:label>
    <p0826-teimww:occursIn>
      <p0826-teimww:book knoraType="link_value" linkType="ref" target="ww_c0bb45384c6abc1f"/>
    </p0826-teimww:occursIn>
  </p0826-teimww:passage>
  <p0826-teimww:passage id="ww_ddbdfe902fc4650c">
    <knoraXmlImport:label>passage label</knoraXmlImport:label>
    <p0826-teimww:occursIn>
      <p0826-teimww:book knoraType="link_value" linkType="ref" target="ww_04a69cb6dbc88db4"/>
    </p0826-teimww:occursIn>
    <p0826-teimww:text knoraType="richtext_value">[...] &lt;span class="quote"&gt;disposition of action &lt;/span&gt;[...].</p0826-teimww:text>
  </p0826-teimww:passage>
  <p0826-teimww:passage id="ww_2a51979c305d1f45">
    <knoraXmlImport:label>passage label</knoraXmlImport:label>
    <p0826-teimww:occursIn>
      <p0826-teimww:book knoraType="link_value" linkType="ref" target="ww_0b28ed19a0540e1d"/>
    </p0826-teimww:occursIn>
  </p0826-teimww:passage>
  <p0826-teimww:passage id="ww_7039298f73040794">
    <knoraXmlImport:label>passage label</knoraXmlImport:label>
    <p0826-teimww:occursIn>
      <p0826-teimww:book knoraType="link_value" linkType="ref" target="ww_15dba62495527dd5"/>
    </p0826-teimww:occursIn>
  </p0826-teimww:passage>
  <p0826-teimww:passage id="ww_ec2d1933d6948959">
    <knoraXmlImport:label>passage label</knoraXmlImport:label>
    <p0826-teimww:occursIn>
      <p0826-teimww:book knoraType="link_value" linkType="ref" target="ww_c0bb45384c6abc1f"/>
    </p0826-teimww:occursIn>
  </p0826-teimww:passage>
  <p0826-teimww:passage id="ww_dd14573b7cf1d8e9">
    <knoraXmlImport:label>passage label</knoraXmlImport:label>
    <p0826-teimww:occursIn>
      <p0826-teimww:book knoraType="link_value" linkType="ref" target="ww_04a69cb6dbc88db4"/>
    </p0826-teimww:occursIn>
    <p0826-teimww:text knoraType="richtext_value">[...] &lt;span class="quote"&gt;discourse of reason &lt;/span&gt;[...].</p0826-teimww:text>
  </p0826-teimww:passage>
  <p0826-teimww:passage id="ww_2ef81c1a8d2231d0">
    <knoraXmlImport:label>passage label</knoraXmlImport:label>
    <p0826-teimww:occursIn>
      <p0826-teimww:book knoraType="link_value" linkType="ref" target="ww_bd61ff243a1c12bf"/>
    </p0826-teimww:occursIn>
  </p0826-teimww:passage>
  <p0826-teimww:passage id="ww_47d9ebf8d780fac9">
    <knoraXmlImport:label>passage label</knoraXmlImport:label>
    <p0826-teimww:occursIn>
      <p0826-teimww:book knoraType="link_value" linkType="ref" target="ww_207b1333656832c3"/>
    </p0826-teimww:occursIn>
    <p0826-teimww:text knoraType="richtext_value">[Tamburlaine:] Holla, ye &lt;span class="quote"&gt;pampered jades&lt;/span&gt; of Asia! What! can ye draw but twenty miles a day...? </p0826-teimww:text>
  </p0826-teimww:passage>
  <p0826-teimww:passage id="ww_a537427ca0c715e0">
    <knoraXmlImport:label>passage label</knoraXmlImport:label>
    <p0826-teimww:occursIn>
      <p0826-teimww:book knoraType="link_value" linkType="ref" target="ww_1140c36ab545b6d8"/>
    </p0826-teimww:occursIn>
  </p0826-teimww:passage>
  <p0826-teimww:passage id="ww_352a0bdd02b70287">
    <knoraXmlImport:label>passage label</knoraXmlImport:label>
    <p0826-teimww:occursIn>
      <p0826-teimww:book knoraType="link_value" linkType="ref" target="ww_207b1333656832c3"/>
    </p0826-teimww:occursIn>
    <p0826-teimww:text knoraType="richtext_value">[Calepinus:] If I had wept &lt;span class="quote"&gt;a sea of tears&lt;/span&gt; for her, &lt;br&gt;
It would not ease the sorrow I sustain. </p0826-teimww:text>
  </p0826-teimww:passage>
  <p0826-teimww:passage id="ww_b643f93e52b996f0">
    <knoraXmlImport:label>passage label</knoraXmlImport:label>
    <p0826-teimww:occursIn>
      <p0826-teimww:book knoraType="link_value" linkType="ref" target="ww_16aa75011d029064"/>
    </p0826-teimww:occursIn>
    <p0826-teimww:text knoraType="richtext_value">[Zabina:] [...] The Sun was down. Streamers white, Red, Black, here, here, here. Fling the meat in his face. &lt;i&gt;Tambur­laine, Tamburlaine.&lt;/i&gt; Let the soldiers be buried. Hell, death, &lt;i&gt;Tamburlaine&lt;/i&gt;, Hell! &lt;span class="quote"&gt;Make ready my Coach, my chair, my jewels, I come, I come, I come!&lt;/span&gt;</p0826-teimww:text>
  </p0826-teimww:passage>
  <p0826-teimww:passage id="ww_e9aaa0a33affceee">
    <knoraXmlImport:label>passage label</knoraXmlImport:label>
    <p0826-teimww:occursIn>
      <p0826-teimww:book knoraType="link_value" linkType="ref" target="ww_b3931845d54b98d5"/>
    </p0826-teimww:occursIn>
  </p0826-teimww:passage>
  <p0826-teimww:passage id="ww_5b3686c4c7e6a70d">
    <knoraXmlImport:label>passage label</knoraXmlImport:label>
    <p0826-teimww:occursIn>
      <p0826-teimww:book knoraType="link_value" linkType="ref" target="ww_207b1333656832c3"/>
    </p0826-teimww:occursIn>
    <p0826-teimww:text knoraType="richtext_value">[Tamburlaine:] [...] &lt;span class="quote"&gt;And clothe it in a crystal livery &lt;/span&gt;[...].</p0826-teimww:text>
  </p0826-teimww:passage>
  <p0826-teimww:passage id="ww_354a51db39964e02">
    <knoraXmlImport:label>passage label</knoraXmlImport:label>
    <p0826-teimww:occursIn>
      <p0826-teimww:book knoraType="link_value" linkType="ref" target="ww_96f58f18ba880f24"/>
    </p0826-teimww:occursIn>
    <p0826-teimww:text knoraType="richtext_value">&lt;span class="quote"&gt;Hieronimo&lt;/span&gt;</p0826-teimww:text>
  </p0826-teimww:passage>
  <p0826-teimww:passage id="ww_e5855edd4463034d">
    <knoraXmlImport:label>passage label</knoraXmlImport:label>
    <p0826-teimww:occursIn>
      <p0826-teimww:book knoraType="link_value" linkType="ref" target="ww_96f58f18ba880f24"/>
    </p0826-teimww:occursIn>
    <p0826-teimww:text knoraType="richtext_value">&lt;span class="quote"&gt;Don Andrea's Ghost&lt;/span&gt;</p0826-teimww:text>
  </p0826-teimww:passage>
  <p0826-teimww:passage id="ww_db26d1ca206105c2">
    <knoraXmlImport:label>passage label</knoraXmlImport:label>
    <p0826-teimww:occursIn>
      <p0826-teimww:book knoraType="link_value" linkType="ref" target="ww_1140c36ab545b6d8"/>
    </p0826-teimww:occursIn>
  </p0826-teimww:passage>
  <p0826-teimww:passage id="ww_cd200cb9a2565cd5">
    <knoraXmlImport:label>passage label</knoraXmlImport:label>
    <p0826-teimww:occursIn>
      <p0826-teimww:book knoraType="link_value" linkType="ref" target="ww_91e0dc4c671938fa"/>
    </p0826-teimww:occursIn>
  </p0826-teimww:passage>
  <p0826-teimww:passage id="ww_d02bf78acabba95d">
    <knoraXmlImport:label>passage label</knoraXmlImport:label>
    <p0826-teimww:occursIn>
      <p0826-teimww:book knoraType="link_value" linkType="ref" target="ww_207b1333656832c3"/>
    </p0826-teimww:occursIn>
    <p0826-teimww:text knoraType="richtext_value">[Tamburlaine:] &lt;span class="quote"&gt;Fenc'd with the concave of a monstrous rock&lt;/span&gt; […]</p0826-teimww:text>
  </p0826-teimww:passage>
  <p0826-teimww:passage id="ww_23540d5266195d85">
    <knoraXmlImport:label>passage label</knoraXmlImport:label>
    <p0826-teimww:occursIn>
      <p0826-teimww:book knoraType="link_value" linkType="ref" target="ww_96f58f18ba880f24"/>
    </p0826-teimww:occursIn>
    <p0826-teimww:text knoraType="richtext_value">&lt;span class="quote"&gt;Horatio&lt;/span&gt;</p0826-teimww:text>
  </p0826-teimww:passage>
  <p0826-teimww:passage id="ww_7da879631f45b381">
    <knoraXmlImport:label>passage label</knoraXmlImport:label>
    <p0826-teimww:occursIn>
      <p0826-teimww:book knoraType="link_value" linkType="ref" target="ww_0b28ed19a0540e1d"/>
    </p0826-teimww:occursIn>
  </p0826-teimww:passage>
  <p0826-teimww:passage id="ww_86aad482344ebf2e">
    <knoraXmlImport:label>passage label</knoraXmlImport:label>
    <p0826-teimww:occursIn>
      <p0826-teimww:book knoraType="link_value" linkType="ref" target="ww_3e70301e1c6b8013"/>
    </p0826-teimww:occursIn>
  </p0826-teimww:passage>
  <p0826-teimww:passage id="ww_8d0d4a66446604a4">
    <knoraXmlImport:label>passage label</knoraXmlImport:label>
    <p0826-teimww:occursIn>
      <p0826-teimww:book knoraType="link_value" linkType="ref" target="ww_96f58f18ba880f24"/>
    </p0826-teimww:occursIn>
    <p0826-teimww:text knoraType="richtext_value">[Revenge:] &lt;span class="quote"&gt;Here sit we down to see the mystery, &lt;br&gt;
And serve for Chorus in this tragedy. &lt;/span&gt;</p0826-teimww:text>
  </p0826-teimww:passage>
  <p0826-teimww:passage id="ww_20e5d330b26de363">
    <knoraXmlImport:label>passage label</knoraXmlImport:label>
    <p0826-teimww:occursIn>
      <p0826-teimww:book knoraType="link_value" linkType="ref" target="ww_96f58f18ba880f24"/>
    </p0826-teimww:occursIn>
    <p0826-teimww:text knoraType="richtext_value">&lt;span class="quote"&gt;(Enter Hieronimo with a poniard in one hand and a rope in the other)&lt;/span&gt;</p0826-teimww:text>
  </p0826-teimww:passage>
  <p0826-teimww:passage id="ww_2f6a8a1d144c829e">
    <knoraXmlImport:label>passage label</knoraXmlImport:label>
    <p0826-teimww:occursIn>
      <p0826-teimww:book knoraType="link_value" linkType="ref" target="ww_e9dd31d2f114bcc9"/>
    </p0826-teimww:occursIn>
  </p0826-teimww:passage>
  <p0826-teimww:passage id="ww_7ba729bd18e2b507">
    <knoraXmlImport:label>passage label</knoraXmlImport:label>
    <p0826-teimww:occursIn>
      <p0826-teimww:book knoraType="link_value" linkType="ref" target="ww_16aa75011d029064"/>
    </p0826-teimww:occursIn>
    <p0826-teimww:text knoraType="richtext_value">[Tamburlaine:] [...] &lt;span class="quote"&gt;Smile, stars that reign'd at my nativity &lt;/span&gt;[...].</p0826-teimww:text>
  </p0826-teimww:passage>
  <p0826-teimww:passage id="ww_42403b494e381ca7">
    <knoraXmlImport:label>passage label</knoraXmlImport:label>
    <p0826-teimww:occursIn>
      <p0826-teimww:book knoraType="link_value" linkType="ref" target="ww_207b1333656832c3"/>
    </p0826-teimww:occursIn>
    <p0826-teimww:text knoraType="richtext_value">[Tamburlaine:] The Sun unable to sustain the sight, &lt;br&gt;
Shall hide his head in &lt;span class="quote"&gt;Thetis' watery lap,&lt;/span&gt; &lt;br&gt;
And leave his steeds to faire Boötes' charge.</p0826-teimww:text>
  </p0826-teimww:passage>
  <p0826-teimww:passage id="ww_3766d77b81682add">
    <knoraXmlImport:label>passage label</knoraXmlImport:label>
    <p0826-teimww:occursIn>
      <p0826-teimww:book knoraType="link_value" linkType="ref" target="ww_96f58f18ba880f24"/>
    </p0826-teimww:occursIn>
    <p0826-teimww:text knoraType="richtext_value">[Hieronimo:] Not I, Hieronimo beware, &lt;span class="quote"&gt;go by, go by.&lt;/span&gt;</p0826-teimww:text>
  </p0826-teimww:passage>
  <p0826-teimww:passage id="ww_3bea4d7838284014">
    <knoraXmlImport:label>passage label</knoraXmlImport:label>
    <p0826-teimww:occursIn>
      <p0826-teimww:book knoraType="link_value" linkType="ref" target="ww_16aa75011d029064"/>
    </p0826-teimww:occursIn>
    <p0826-teimww:text knoraType="richtext_value">[Zabina:] […] &lt;span class="quote"&gt;Gape earth, &lt;/span&gt;and let the fiends infernal view,
&lt;br&gt;
As hell, as hopeless and as full of fear&lt;br&gt;
As are the blasted banks of Erebus […].</p0826-teimww:text>
  </p0826-teimww:passage>
  <p0826-teimww:passage id="ww_a4fa714ed82ccc08">
    <knoraXmlImport:label>passage label</knoraXmlImport:label>
    <p0826-teimww:occursIn>
      <p0826-teimww:book knoraType="link_value" linkType="ref" target="ww_16aa75011d029064"/>
    </p0826-teimww:occursIn>
    <p0826-teimww:text knoraType="richtext_value">[Tamburlaine:] [...] &lt;span class="quote"&gt;Hang up your weapons to Alcides' post &lt;/span&gt;[…].</p0826-teimww:text>
  </p0826-teimww:passage>
  <p0826-teimww:passage id="ww_cc708c23fd917dde">
    <knoraXmlImport:label>passage label</knoraXmlImport:label>
    <p0826-teimww:occursIn>
      <p0826-teimww:book knoraType="link_value" linkType="ref" target="ww_16aa75011d029064"/>
    </p0826-teimww:occursIn>
    <p0826-teimww:text knoraType="richtext_value">[Bajazeth:] Let ugly &lt;span class="quote"&gt;Darkness with her rusty coach, &lt;/span&gt;&lt;br&gt;
Engirt with tempests, wrapt in pitchy clouds [...].</p0826-teimww:text>
  </p0826-teimww:passage>
  <p0826-teimww:passage id="ww_c667191db818aad0">
    <knoraXmlImport:label>passage label</knoraXmlImport:label>
    <p0826-teimww:occursIn>
      <p0826-teimww:book knoraType="link_value" linkType="ref" target="ww_207b1333656832c3"/>
    </p0826-teimww:occursIn>
    <p0826-teimww:text knoraType="richtext_value">[Tamburlaine:] […] The horse [sic] that guide the golden eye of heaven, &lt;br&gt;
And &lt;span class="quote"&gt;blow the morning from their nostrils&lt;/span&gt; […].</p0826-teimww:text>
  </p0826-teimww:passage>
  <p0826-teimww:passage id="ww_349012d0104622b2">
    <knoraXmlImport:label>passage label</knoraXmlImport:label>
    <p0826-teimww:occursIn>
      <p0826-teimww:book knoraType="link_value" linkType="ref" target="ww_96f58f18ba880f24"/>
    </p0826-teimww:occursIn>
    <p0826-teimww:text knoraType="richtext_value">&lt;span class="quote"&gt;The Spanish Tragedy&lt;/span&gt; (an early example of the &lt;span class="quote"&gt;revenge tragedy &lt;/span&gt;genre)</p0826-teimww:text>
  </p0826-teimww:passage>
  <p0826-teimww:passage id="ww_e48dc9f1b00b274c">
    <knoraXmlImport:label>passage label</knoraXmlImport:label>
    <p0826-teimww:occursIn>
      <p0826-teimww:book knoraType="link_value" linkType="ref" target="ww_55406532e3cd0a84"/>
    </p0826-teimww:occursIn>
  </p0826-teimww:passage>
  <p0826-teimww:passage id="ww_0c3448abcdb7bdd3">
    <knoraXmlImport:label>passage label</knoraXmlImport:label>
    <p0826-teimww:occursIn>
      <p0826-teimww:book knoraType="link_value" linkType="ref" target="ww_6a0b1e5914da6bee"/>
    </p0826-teimww:occursIn>
  </p0826-teimww:passage>
  <p0826-teimww:passage id="ww_4829b475c68a2877">
    <knoraXmlImport:label>passage label</knoraXmlImport:label>
    <p0826-teimww:occursIn>
      <p0826-teimww:book knoraType="link_value" linkType="ref" target="ww_91e0dc4c671938fa"/>
    </p0826-teimww:occursIn>
  </p0826-teimww:passage>
  <p0826-teimww:passage id="ww_6ec4ae0d9f4b10bc">
    <knoraXmlImport:label>passage label</knoraXmlImport:label>
    <p0826-teimww:occursIn>
      <p0826-teimww:book knoraType="link_value" linkType="ref" target="ww_207b1333656832c3"/>
    </p0826-teimww:occursIn>
    <p0826-teimww:text knoraType="richtext_value">[Tamburlaine:] [...] Her sacred beauty hath enchanted heaven, &lt;br&gt;
And, had she liv'd before the siege of Troy, &lt;br&gt;
&lt;span class="quote"&gt;Helen, whose beauty summon'd Greece to arms, &lt;br&gt;
And drew a thousand ships to Tenedos, &lt;/span&gt;&lt;br&gt;
Had not been nam'd in Homer's Illiads: &lt;br&gt;
Her name had been in every line he wrote.</p0826-teimww:text>
  </p0826-teimww:passage>
  <p0826-teimww:passage id="ww_644d74f6181b94aa">
    <knoraXmlImport:label>passage label</knoraXmlImport:label>
    <p0826-teimww:occursIn>
      <p0826-teimww:book knoraType="link_value" linkType="ref" target="ww_10ccfff324728f4d"/>
    </p0826-teimww:occursIn>
    <p0826-teimww:text knoraType="richtext_value">[Erastus:] And sweet Perseda accept this ring, &lt;br&gt;
&lt;span class="quote"&gt;To equal it, receive my heart to boot &lt;/span&gt;[…].</p0826-teimww:text>
  </p0826-teimww:passage>
  <p0826-teimww:passage id="ww_8f6ad4b5f2698087">
    <knoraXmlImport:label>passage label</knoraXmlImport:label>
    <p0826-teimww:occursIn>
      <p0826-teimww:book knoraType="link_value" linkType="ref" target="ww_f052ab291abd7898"/>
    </p0826-teimww:occursIn>
    <p0826-teimww:text knoraType="richtext_value">[Ganymede:] Sweet Jupiter […] &lt;span class="quote"&gt;wall'd-in with eagle's wings &lt;/span&gt;[...].</p0826-teimww:text>
  </p0826-teimww:passage>
  <p0826-teimww:passage id="ww_110f42360a938eaf">
    <knoraXmlImport:label>passage label</knoraXmlImport:label>
    <p0826-teimww:occursIn>
      <p0826-teimww:book knoraType="link_value" linkType="ref" target="ww_f052ab291abd7898"/>
    </p0826-teimww:occursIn>
    <p0826-teimww:text knoraType="richtext_value">&lt;span class="annotation"&gt;The Queen of Carthage, &lt;/span&gt;&lt;span class="quote"&gt;Dido, &lt;/span&gt;&lt;span class="annotation"&gt; is loved and left by the Trojan Aneas.&lt;/span&gt;</p0826-teimww:text>
  </p0826-teimww:passage>
  <p0826-teimww:passage id="ww_305fa8da02632abd">
    <knoraXmlImport:label>passage label</knoraXmlImport:label>
    <p0826-teimww:occursIn>
      <p0826-teimww:book knoraType="link_value" linkType="ref" target="ww_fcbf6cb53d663d95"/>
    </p0826-teimww:occursIn>
  </p0826-teimww:passage>
  <p0826-teimww:passage id="ww_3492351a4daa1cb7">
    <knoraXmlImport:label>passage label</knoraXmlImport:label>
    <p0826-teimww:occursIn>
      <p0826-teimww:book knoraType="link_value" linkType="ref" target="ww_10ccfff324728f4d"/>
    </p0826-teimww:occursIn>
    <p0826-teimww:text knoraType="richtext_value">[Erastus:] My gracious Lord, &lt;span class="quote"&gt;when Erastus doth forget this favour,&lt;br&gt; 
Then let him live abandoned and forlorn.&lt;/span&gt;</p0826-teimww:text>
  </p0826-teimww:passage>
  <p0826-teimww:passage id="ww_595dfa987c5615ac">
    <knoraXmlImport:label>passage label</knoraXmlImport:label>
    <p0826-teimww:occursIn>
      <p0826-teimww:book knoraType="link_value" linkType="ref" target="ww_10ccfff324728f4d"/>
    </p0826-teimww:occursIn>
    <p0826-teimww:text knoraType="richtext_value">[Suleiman:] &lt;span class="quote"&gt;This face of thine should harbour no deceit.&lt;/span&gt;</p0826-teimww:text>
  </p0826-teimww:passage>
  <p0826-teimww:passage id="ww_e20f74f619d7feca">
    <knoraXmlImport:label>passage label</knoraXmlImport:label>
    <p0826-teimww:occursIn>
      <p0826-teimww:book knoraType="link_value" linkType="ref" target="ww_10ccfff324728f4d"/>
    </p0826-teimww:occursIn>
    <p0826-teimww:text knoraType="richtext_value">[Haleb:] [...] It is not meet, &lt;span class="quote"&gt;that one so base as thou, &lt;br&gt;
Shouldst come about the person of a King.&lt;/span&gt;</p0826-teimww:text>
  </p0826-teimww:passage>
  <p0826-teimww:passage id="ww_31a5508ad6091ffd">
    <knoraXmlImport:label>passage label</knoraXmlImport:label>
    <p0826-teimww:occursIn>
      <p0826-teimww:book knoraType="link_value" linkType="ref" target="ww_215bf6a3075a440e"/>
    </p0826-teimww:occursIn>
    <p0826-teimww:text knoraType="richtext_value">[Faustus:] [...] &lt;span class="quote"&gt;Mountains and hills, come, come, and fall on me &lt;/span&gt;[...].</p0826-teimww:text>
  </p0826-teimww:passage>
  <p0826-teimww:passage id="ww_5af2663d50b6908a">
    <knoraXmlImport:label>passage label</knoraXmlImport:label>
    <p0826-teimww:occursIn>
      <p0826-teimww:book knoraType="link_value" linkType="ref" target="ww_dde817ac993ab4da"/>
    </p0826-teimww:occursIn>
    <p0826-teimww:text knoraType="richtext_value">&lt;span class="quote"&gt;Have we not Hiren here?&lt;/span&gt; </p0826-teimww:text>
  </p0826-teimww:passage>
  <p0826-teimww:passage id="ww_52ac0c7dc8426c6e">
    <knoraXmlImport:label>passage label</knoraXmlImport:label>
    <p0826-teimww:occursIn>
      <p0826-teimww:book knoraType="link_value" linkType="ref" target="ww_1140c36ab545b6d8"/>
    </p0826-teimww:occursIn>
  </p0826-teimww:passage>
  <p0826-teimww:passage id="ww_e83e2e4e78617f20">
    <knoraXmlImport:label>passage label</knoraXmlImport:label>
    <p0826-teimww:occursIn>
      <p0826-teimww:book knoraType="link_value" linkType="ref" target="ww_f052ab291abd7898"/>
    </p0826-teimww:occursIn>
    <p0826-teimww:text knoraType="richtext_value">[Æneas:] [...] And clad her in a &lt;span class="quote"&gt;crystal livery &lt;/span&gt;[...].</p0826-teimww:text>
  </p0826-teimww:passage>
  <p0826-teimww:passage id="ww_509843e053e55ba9">
    <knoraXmlImport:label>passage label</knoraXmlImport:label>
    <p0826-teimww:occursIn>
      <p0826-teimww:book knoraType="link_value" linkType="ref" target="ww_10ccfff324728f4d"/>
    </p0826-teimww:occursIn>
    <p0826-teimww:text knoraType="richtext_value">[Love:] &lt;span class="quote"&gt;And therefore come I now as fittest person, &lt;br&gt;
To serve for chorus to this Tragedy. &lt;/span&gt;</p0826-teimww:text>
  </p0826-teimww:passage>
  <p0826-teimww:passage id="ww_cd6499e121d34fb6">
    <knoraXmlImport:label>passage label</knoraXmlImport:label>
    <p0826-teimww:occursIn>
      <p0826-teimww:book knoraType="link_value" linkType="ref" target="ww_42666ba64eaac864"/>
    </p0826-teimww:occursIn>
    <p0826-teimww:text knoraType="richtext_value">[Ctesiphon:] I murder Cyrus? Far be such a thought, &lt;br&gt;
Much more the execution of the deed, &lt;br&gt;
Like as the Sunbeams to the gazer's eye, &lt;br&gt;
So is his view to daunted Ctesiphon, &lt;br&gt;
During the rancour of my wicked mind, &lt;br&gt;
And melting all in thoughts of sweet remorse, &lt;br&gt;
How wise and gracious is this Persian king, &lt;br&gt;
Who by his wisdom wins his followers' hearts, &lt;br&gt;
Letting them march in armour wrought with gold, &lt;br&gt;
And he girt in a coat of &lt;span class="quote"&gt;complete steel. &lt;/span&gt;&lt;br&gt;
O Cyrus politic and liberal, &lt;br&gt;
How honourable and magnanimious?</p0826-teimww:text>
  </p0826-teimww:passage>
  <p0826-teimww:passage id="ww_7060d0e1770df464">
    <knoraXmlImport:label>passage label</knoraXmlImport:label>
    <p0826-teimww:occursIn>
      <p0826-teimww:book knoraType="link_value" linkType="ref" target="ww_3e15ab6c612eadae"/>
    </p0826-teimww:occursIn>
  </p0826-teimww:passage>
  <p0826-teimww:passage id="ww_292e955be3f8cc60">
    <knoraXmlImport:label>passage label</knoraXmlImport:label>
    <p0826-teimww:occursIn>
      <p0826-teimww:book knoraType="link_value" linkType="ref" target="ww_7fdb5d1a8d96cea5"/>
    </p0826-teimww:occursIn>
    <p0826-teimww:text knoraType="richtext_value">[Tellus:] Tush, Floscula, in obtaining of love, what impossibilities will I not try? and for the winning of Endymion, what impieties will I not practise? Dipsas, whom as many honour for age, as wonder at for cunning, listen in few words to my tale, and &lt;span class="quote"&gt;answer &lt;/span&gt;in one word &lt;span class="quote"&gt;to the purpose, &lt;/span&gt;for that neither my burning desire can afford long speech, nor the short time I have to stay many delays. </p0826-teimww:text>
  </p0826-teimww:passage>
  <p0826-teimww:passage id="ww_919f5251ccbe6e6b">
    <knoraXmlImport:label>passage label</knoraXmlImport:label>
    <p0826-teimww:occursIn>
      <p0826-teimww:book knoraType="link_value" linkType="ref" target="ww_3e15ab6c612eadae"/>
    </p0826-teimww:occursIn>
  </p0826-teimww:passage>
  <p0826-teimww:passage id="ww_043c5bc769ba3aae">
    <knoraXmlImport:label>passage label</knoraXmlImport:label>
    <p0826-teimww:occursIn>
      <p0826-teimww:book knoraType="link_value" linkType="ref" target="ww_215bf6a3075a440e"/>
    </p0826-teimww:occursIn>
    <p0826-teimww:text knoraType="richtext_value">[Faustus:] [...] You &lt;span class="quote"&gt;stars that reigned at my nativity, &lt;br&gt;&lt;/span&gt;
Whose influence hath allotted death and hell, &lt;br&gt;
Now &lt;span class="quote"&gt;draw up Faustus like a foggy mist &lt;br&gt;
Into the entrails of yon labouring cloud, &lt;/span&gt;&lt;br&gt;
That when you vomit forth into the air &lt;br&gt;
My limbs may issue from your smoky mouths &lt;br&gt;
So that my soul may but ascend to heaven.</p0826-teimww:text>
  </p0826-teimww:passage>
  <p0826-teimww:passage id="ww_22cc3ec67c33ac54">
    <knoraXmlImport:label>passage label</knoraXmlImport:label>
    <p0826-teimww:occursIn>
      <p0826-teimww:book knoraType="link_value" linkType="ref" target="ww_f052ab291abd7898"/>
    </p0826-teimww:occursIn>
    <p0826-teimww:text knoraType="richtext_value">[Jupiter:] That &lt;span class="quote"&gt;earth-born Atlas, groaning, &lt;/span&gt;underprops: &lt;br&gt;
No bounds but heaven shall advance her head […].</p0826-teimww:text>
  </p0826-teimww:passage>
  <p0826-teimww:passage id="ww_ff2312e81ef8cc27">
    <knoraXmlImport:label>passage label</knoraXmlImport:label>
    <p0826-teimww:occursIn>
      <p0826-teimww:book knoraType="link_value" linkType="ref" target="ww_d86c9cc196e7be35"/>
    </p0826-teimww:occursIn>
    <p0826-teimww:text knoraType="richtext_value">An Axiom or proposition is a disposition of one argument with another, whereby we judge judge a thing &lt;span class="quote"&gt;to be, or not to be &lt;/span&gt;[...].</p0826-teimww:text>
  </p0826-teimww:passage>
  <p0826-teimww:passage id="ww_b792de4b756ac983">
    <knoraXmlImport:label>passage label</knoraXmlImport:label>
    <p0826-teimww:occursIn>
      <p0826-teimww:book knoraType="link_value" linkType="ref" target="ww_0de19bd63a1c9142"/>
    </p0826-teimww:occursIn>
  </p0826-teimww:passage>
  <p0826-teimww:passage id="ww_2d2b7b31a0c65929">
    <knoraXmlImport:label>passage label</knoraXmlImport:label>
    <p0826-teimww:occursIn>
      <p0826-teimww:book knoraType="link_value" linkType="ref" target="ww_91e0dc4c671938fa"/>
    </p0826-teimww:occursIn>
  </p0826-teimww:passage>
  <p0826-teimww:passage id="ww_c08c8d71c997f46f">
    <knoraXmlImport:label>passage label</knoraXmlImport:label>
    <p0826-teimww:occursIn>
      <p0826-teimww:book knoraType="link_value" linkType="ref" target="ww_215bf6a3075a440e"/>
    </p0826-teimww:occursIn>
    <p0826-teimww:text knoraType="richtext_value">[Faustus:] [...] My God, my God, look not so fierce on me. &lt;br&gt;
Adders and serpents, let me breathe awhile. &lt;br&gt;
&lt;span class="quote"&gt;Ugly hell, gape not&lt;/span&gt;, come not, Lucifer!&lt;br&gt;
I'll burn my books. Ah, Mephistophilis!</p0826-teimww:text>
  </p0826-teimww:passage>
  <p0826-teimww:passage id="ww_3cbc43e06a8a3c12">
    <knoraXmlImport:label>passage label</knoraXmlImport:label>
    <p0826-teimww:occursIn>
      <p0826-teimww:book knoraType="link_value" linkType="ref" target="ww_b3931845d54b98d5"/>
    </p0826-teimww:occursIn>
  </p0826-teimww:passage>
  <p0826-teimww:passage id="ww_c170181d117e7be7">
    <knoraXmlImport:label>passage label</knoraXmlImport:label>
    <p0826-teimww:occursIn>
      <p0826-teimww:book knoraType="link_value" linkType="ref" target="ww_215bf6a3075a440e"/>
    </p0826-teimww:occursIn>
    <p0826-teimww:text knoraType="richtext_value">[Faustus:] Was this &lt;span class="quote"&gt;the face that launched a thousand ships &lt;/span&gt;[...]?</p0826-teimww:text>
  </p0826-teimww:passage>
  <p0826-teimww:passage id="ww_b8eb8d2d2965559b">
    <knoraXmlImport:label>passage label</knoraXmlImport:label>
    <p0826-teimww:occursIn>
      <p0826-teimww:book knoraType="link_value" linkType="ref" target="ww_f052ab291abd7898"/>
    </p0826-teimww:occursIn>
    <p0826-teimww:text knoraType="richtext_value">[Dido:] Call him not wicked, sister speak him fair,&lt;br&gt;
And look upon him with a mermaid's eye,&lt;br&gt;
Tell him, &lt;span class="quote"&gt;I never vow'd at Aulis' gulf&lt;br&gt;
The desolation of his native Troy,&lt;br&gt;
Nor sent a thousand ships unto the walls,&lt;/span&gt;&lt;br&gt;
Nor ever violated faith to him.</p0826-teimww:text>
  </p0826-teimww:passage>
  <p0826-teimww:passage id="ww_582ae5f8597211ed">
    <knoraXmlImport:label>passage label</knoraXmlImport:label>
    <p0826-teimww:occursIn>
      <p0826-teimww:book knoraType="link_value" linkType="ref" target="ww_3e15ab6c612eadae"/>
    </p0826-teimww:occursIn>
  </p0826-teimww:passage>
  <p0826-teimww:passage id="ww_ea36f2e267cae515">
    <knoraXmlImport:label>passage label</knoraXmlImport:label>
    <p0826-teimww:occursIn>
      <p0826-teimww:book knoraType="link_value" linkType="ref" target="ww_e9169de357d0ad33"/>
    </p0826-teimww:occursIn>
    <p0826-teimww:text knoraType="richtext_value">[Leir:] [...] &lt;span class="quote"&gt;I am as kind as is the Pelican, &lt;br&gt;
That kills itself, to save her young ones' lives&lt;/span&gt; [...].</p0826-teimww:text>
  </p0826-teimww:passage>
  <p0826-teimww:passage id="ww_a742ac858f140747">
    <knoraXmlImport:label>passage label</knoraXmlImport:label>
    <p0826-teimww:occursIn>
      <p0826-teimww:book knoraType="link_value" linkType="ref" target="ww_de6299bae9b985ee"/>
    </p0826-teimww:occursIn>
  </p0826-teimww:passage>
  <p0826-teimww:passage id="ww_bffab9ec63a28fd0">
    <knoraXmlImport:label>passage label</knoraXmlImport:label>
    <p0826-teimww:occursIn>
      <p0826-teimww:book knoraType="link_value" linkType="ref" target="ww_100fa85792453de4"/>
    </p0826-teimww:occursIn>
    <p0826-teimww:text knoraType="richtext_value">Aye, aye, my masters, you may mock on as you see cause, but I warrant you the good old &lt;span class="quote"&gt;truepenny&lt;/span&gt; Marprelate is not so merry; he sits ruminating under an oak, or in the bottom of a haystack, whose blood shall be first spilt in the reformation of the church. </p0826-teimww:text>
  </p0826-teimww:passage>
  <p0826-teimww:passage id="ww_17300507461d71ed">
    <knoraXmlImport:label>passage label</knoraXmlImport:label>
    <p0826-teimww:occursIn>
      <p0826-teimww:book knoraType="link_value" linkType="ref" target="ww_1140c36ab545b6d8"/>
    </p0826-teimww:occursIn>
  </p0826-teimww:passage>
  <p0826-teimww:passage id="ww_fcb0bcde50ac3d87">
    <knoraXmlImport:label>passage label</knoraXmlImport:label>
    <p0826-teimww:occursIn>
      <p0826-teimww:book knoraType="link_value" linkType="ref" target="ww_b7244d8e406a25d5"/>
    </p0826-teimww:occursIn>
    <p0826-teimww:text knoraType="richtext_value">But least I might seem with these night crows, Nimis curious in aliena republica. I'll turn back to my first text, of studies of delight; and talk a little in friendship with a few of our trivial translators. It is a common practise now a days amongst a sort of shifting companions, that run through every art and thrive by none, to leave the trade of Noverint whereto they were born, and busy themselves with the endeavors of Art, that could scarcely latinise their neck-verse if they should have need; yet &lt;span class="quote"&gt;English Seneca read by candlelight&lt;/span&gt; yields many good sentences, as Blood is a beggar, and so forth: and if you intreat him fair in a frosty morning, he will afford you &lt;span class="quote"&gt; whole Hamlets&lt;/span&gt;, I should say handfuls of tragical speeches.</p0826-teimww:text>
  </p0826-teimww:passage>
  <p0826-teimww:passage id="ww_c4af1c23bc87b416">
    <knoraXmlImport:label>passage label</knoraXmlImport:label>
    <p0826-teimww:occursIn>
      <p0826-teimww:book knoraType="link_value" linkType="ref" target="ww_2f65899f08b5bb71"/>
    </p0826-teimww:occursIn>
  </p0826-teimww:passage>
  <p0826-teimww:passage id="ww_9300f53c9a129d7a">
    <knoraXmlImport:label>passage label</knoraXmlImport:label>
    <p0826-teimww:occursIn>
      <p0826-teimww:book knoraType="link_value" linkType="ref" target="ww_1140c36ab545b6d8"/>
    </p0826-teimww:occursIn>
  </p0826-teimww:passage>
  <p0826-teimww:passage id="ww_18c450e66b4de690">
    <knoraXmlImport:label>passage label</knoraXmlImport:label>
    <p0826-teimww:occursIn>
      <p0826-teimww:book knoraType="link_value" linkType="ref" target="ww_68caf0be92d6d9a9"/>
    </p0826-teimww:occursIn>
  </p0826-teimww:passage>
  <p0826-teimww:passage id="ww_1ec69ea556c6b4a1">
    <knoraXmlImport:label>passage label</knoraXmlImport:label>
    <p0826-teimww:occursIn>
      <p0826-teimww:book knoraType="link_value" linkType="ref" target="ww_f3b3659c26b68006"/>
    </p0826-teimww:occursIn>
  </p0826-teimww:passage>
  <p0826-teimww:passage id="ww_9817d75b585401a5">
    <knoraXmlImport:label>passage label</knoraXmlImport:label>
    <p0826-teimww:occursIn>
      <p0826-teimww:book knoraType="link_value" linkType="ref" target="ww_79b4f04c648b74db"/>
    </p0826-teimww:occursIn>
    <p0826-teimww:text knoraType="richtext_value">The order of proceeding to judgment is by assent of &lt;span class="quote"&gt;voices, and open yielding &lt;/span&gt;their mind in court, the major part being preferred for sentence.</p0826-teimww:text>
  </p0826-teimww:passage>
  <p0826-teimww:passage id="ww_f9213472f03f9da8">
    <knoraXmlImport:label>passage label</knoraXmlImport:label>
    <p0826-teimww:occursIn>
      <p0826-teimww:book knoraType="link_value" linkType="ref" target="ww_91e0dc4c671938fa"/>
    </p0826-teimww:occursIn>
  </p0826-teimww:passage>
  <p0826-teimww:passage id="ww_28ffc129a56ff66f">
    <knoraXmlImport:label>passage label</knoraXmlImport:label>
    <p0826-teimww:occursIn>
      <p0826-teimww:book knoraType="link_value" linkType="ref" target="ww_b3931845d54b98d5"/>
    </p0826-teimww:occursIn>
  </p0826-teimww:passage>
  <p0826-teimww:passage id="ww_bb6904ae22d5914c">
    <knoraXmlImport:label>passage label</knoraXmlImport:label>
    <p0826-teimww:occursIn>
      <p0826-teimww:book knoraType="link_value" linkType="ref" target="ww_e9169de357d0ad33"/>
    </p0826-teimww:occursIn>
    <p0826-teimww:text knoraType="richtext_value">[Perillus:] [...] &lt;span class="quote"&gt;But he, the mirror of mild patience, &lt;br&gt;
Puts up all wrongs, and never gives reply &lt;/span&gt;[...].</p0826-teimww:text>
  </p0826-teimww:passage>
  <p0826-teimww:passage id="ww_1c0226db34697804">
    <knoraXmlImport:label>passage label</knoraXmlImport:label>
    <p0826-teimww:occursIn>
      <p0826-teimww:book knoraType="link_value" linkType="ref" target="ww_c373e74239c178a8"/>
    </p0826-teimww:occursIn>
    <p0826-teimww:text knoraType="richtext_value">[...] &lt;span class="quote"&gt;that were of hereafter shall be seized of any lands&lt;/span&gt; [...].</p0826-teimww:text>
  </p0826-teimww:passage>
  <p0826-teimww:passage id="ww_54ce4005d4278b2e">
    <knoraXmlImport:label>passage label</knoraXmlImport:label>
    <p0826-teimww:occursIn>
      <p0826-teimww:book knoraType="link_value" linkType="ref" target="ww_f6685305b5e15919"/>
    </p0826-teimww:occursIn>
  </p0826-teimww:passage>
  <p0826-teimww:passage id="ww_1e0f94cecff6d1bb">
    <knoraXmlImport:label>passage label</knoraXmlImport:label>
    <p0826-teimww:occursIn>
      <p0826-teimww:book knoraType="link_value" linkType="ref" target="ww_599e3b499932059f"/>
    </p0826-teimww:occursIn>
  </p0826-teimww:passage>
  <p0826-teimww:passage id="ww_94d29849e83bc5cc">
    <knoraXmlImport:label>passage label</knoraXmlImport:label>
    <p0826-teimww:occursIn>
      <p0826-teimww:book knoraType="link_value" linkType="ref" target="ww_83f1a0a692d63180"/>
    </p0826-teimww:occursIn>
    <p0826-teimww:text knoraType="richtext_value">&lt;span class="quote"&gt;Sleep after toil, &lt;/span&gt;port after stormy seas, &lt;br&gt;
Ease after war, &lt;span class="quote"&gt;death after life &lt;/span&gt;does greatly please.</p0826-teimww:text>
  </p0826-teimww:passage>
  <p0826-teimww:passage id="ww_1f4abfea38f7879a">
    <knoraXmlImport:label>passage label</knoraXmlImport:label>
    <p0826-teimww:occursIn>
      <p0826-teimww:book knoraType="link_value" linkType="ref" target="ww_3f86f30540de15b8"/>
    </p0826-teimww:occursIn>
  </p0826-teimww:passage>
  <p0826-teimww:passage id="ww_2d4e127c9cfbda99">
    <knoraXmlImport:label>passage label</knoraXmlImport:label>
    <p0826-teimww:occursIn>
      <p0826-teimww:book knoraType="link_value" linkType="ref" target="ww_c373e74239c178a8"/>
    </p0826-teimww:occursIn>
    <p0826-teimww:text knoraType="richtext_value">&lt;span class="quote"&gt;it is not lawful for ligatures to carve for themselves, &lt;/span&gt;taking their legacies at their own pleasures. [...] For &lt;span class="quote"&gt;he may not be his own carver &lt;/span&gt;in this case.</p0826-teimww:text>
  </p0826-teimww:passage>
  <p0826-teimww:passage id="ww_055069295bae6c0f">
    <knoraXmlImport:label>passage label</knoraXmlImport:label>
    <p0826-teimww:occursIn>
      <p0826-teimww:book knoraType="link_value" linkType="ref" target="ww_f6685305b5e15919"/>
    </p0826-teimww:occursIn>
  </p0826-teimww:passage>
  <p0826-teimww:passage id="ww_98e4ec0d027d57ec">
    <knoraXmlImport:label>passage label</knoraXmlImport:label>
    <p0826-teimww:occursIn>
      <p0826-teimww:book knoraType="link_value" linkType="ref" target="ww_83f1a0a692d63180"/>
    </p0826-teimww:occursIn>
    <p0826-teimww:text knoraType="richtext_value">Long work it were,&lt;br&gt;
Here to account &lt;span class="quote"&gt;the endless progeny &lt;br&gt;
Of all the weeds, &lt;/span&gt;that bud and blossom there [...].</p0826-teimww:text>
  </p0826-teimww:passage>
  <p0826-teimww:passage id="ww_d6ea5317a58e55ad">
    <knoraXmlImport:label>passage label</knoraXmlImport:label>
    <p0826-teimww:occursIn>
      <p0826-teimww:book knoraType="link_value" linkType="ref" target="ww_3f86f30540de15b8"/>
    </p0826-teimww:occursIn>
  </p0826-teimww:passage>
  <p0826-teimww:passage id="ww_1e19465a479f1391">
    <knoraXmlImport:label>passage label</knoraXmlImport:label>
    <p0826-teimww:occursIn>
      <p0826-teimww:book knoraType="link_value" linkType="ref" target="ww_83f1a0a692d63180"/>
    </p0826-teimww:occursIn>
    <p0826-teimww:text knoraType="richtext_value">&lt;span class="annotation"&gt;In Adonis' garden is word "&lt;span class="quote"&gt;everlasting&lt;/span&gt;", the impossibility of complete dissolution, the changing form and fashion in all natural life, the hostility of Time to the flowering herbs and goodly things, and the distinction between reasonable souls and beasts.&lt;/span&gt;</p0826-teimww:text>
  </p0826-teimww:passage>
  <p0826-teimww:passage id="ww_b708ce091ef63b7e">
    <knoraXmlImport:label>passage label</knoraXmlImport:label>
    <p0826-teimww:occursIn>
      <p0826-teimww:book knoraType="link_value" linkType="ref" target="ww_3f86f30540de15b8"/>
    </p0826-teimww:occursIn>
  </p0826-teimww:passage>
  <p0826-teimww:passage id="ww_d00f4934c239eb80">
    <knoraXmlImport:label>passage label</knoraXmlImport:label>
    <p0826-teimww:occursIn>
      <p0826-teimww:book knoraType="link_value" linkType="ref" target="ww_83f1a0a692d63180"/>
    </p0826-teimww:occursIn>
    <p0826-teimww:text knoraType="richtext_value">For thy she gave him warning every day,&lt;br&gt;
The love of women not to entertain;&lt;br&gt;
&lt;span class="quote"&gt;A lesson too too hard for living clay,&lt;br&gt;&lt;/span&gt;
Form love in course of nature to refrain [...].</p0826-teimww:text>
  </p0826-teimww:passage>
  <p0826-teimww:passage id="ww_a5025a1edeb3bc21">
    <knoraXmlImport:label>passage label</knoraXmlImport:label>
    <p0826-teimww:occursIn>
      <p0826-teimww:book knoraType="link_value" linkType="ref" target="ww_3f86f30540de15b8"/>
    </p0826-teimww:occursIn>
  </p0826-teimww:passage>
  <p0826-teimww:passage id="ww_3f5cb8d2d285bfcc">
    <knoraXmlImport:label>passage label</knoraXmlImport:label>
    <p0826-teimww:occursIn>
      <p0826-teimww:book knoraType="link_value" linkType="ref" target="ww_83f1a0a692d63180"/>
    </p0826-teimww:occursIn>
    <p0826-teimww:text knoraType="richtext_value">[Lucifera] Sudden upriseth from her stately place &lt;br&gt;
The royal Dame, and &lt;span class="quote"&gt;for her coach doth call &lt;/span&gt;[...].</p0826-teimww:text>
  </p0826-teimww:passage>
  <p0826-teimww:passage id="ww_7c571660fdd6f378">
    <knoraXmlImport:label>passage label</knoraXmlImport:label>
    <p0826-teimww:occursIn>
      <p0826-teimww:book knoraType="link_value" linkType="ref" target="ww_3f86f30540de15b8"/>
    </p0826-teimww:occursIn>
  </p0826-teimww:passage>
  <p0826-teimww:passage id="ww_33ebeff48d3ef040">
    <knoraXmlImport:label>passage label</knoraXmlImport:label>
    <p0826-teimww:occursIn>
      <p0826-teimww:book knoraType="link_value" linkType="ref" target="ww_83f1a0a692d63180"/>
    </p0826-teimww:occursIn>
    <p0826-teimww:text knoraType="richtext_value"> &lt;span class="quote"&gt;flower-garlanded, dew-trickling Medway at her bridal&lt;/span&gt;</p0826-teimww:text>
  </p0826-teimww:passage>
  <p0826-teimww:passage id="ww_84e091560bf53c18">
    <knoraXmlImport:label>passage label</knoraXmlImport:label>
    <p0826-teimww:occursIn>
      <p0826-teimww:book knoraType="link_value" linkType="ref" target="ww_3f86f30540de15b8"/>
    </p0826-teimww:occursIn>
  </p0826-teimww:passage>
  <p0826-teimww:passage id="ww_179dd791aff3a436">
    <knoraXmlImport:label>passage label</knoraXmlImport:label>
    <p0826-teimww:occursIn>
      <p0826-teimww:book knoraType="link_value" linkType="ref" target="ww_83f1a0a692d63180"/>
    </p0826-teimww:occursIn>
    <p0826-teimww:text knoraType="richtext_value">"snowy Florimell", whose body "&lt;span class="quote"&gt;was purest snow in massie mould congeal'd&lt;/span&gt;" and whose face was mingled "with perfect vermily, That like a lively sanguine it seemed to the eye"</p0826-teimww:text>
  </p0826-teimww:passage>
  <p0826-teimww:passage id="ww_6cfe1c981b64c7ea">
    <knoraXmlImport:label>passage label</knoraXmlImport:label>
    <p0826-teimww:occursIn>
      <p0826-teimww:book knoraType="link_value" linkType="ref" target="ww_3f86f30540de15b8"/>
    </p0826-teimww:occursIn>
  </p0826-teimww:passage>
  <p0826-teimww:passage id="ww_4c36aeff0b895830">
    <knoraXmlImport:label>passage label</knoraXmlImport:label>
    <p0826-teimww:occursIn>
      <p0826-teimww:book knoraType="link_value" linkType="ref" target="ww_83f1a0a692d63180"/>
    </p0826-teimww:occursIn>
    <p0826-teimww:text knoraType="richtext_value">[Florimell can] &lt;span class="quote"&gt;hold a fool in vain delight
&lt;br&gt;
[...]&lt;br&gt;

&lt;span class="quote"&gt;the Monster &lt;/span&gt;</p0826-teimww:text>
  </p0826-teimww:passage>
  <p0826-teimww:passage id="ww_fa7a067fd2b14e8e">
    <knoraXmlImport:label>passage label</knoraXmlImport:label>
    <p0826-teimww:occursIn>
      <p0826-teimww:book knoraType="link_value" linkType="ref" target="ww_3f86f30540de15b8"/>
    </p0826-teimww:occursIn>
  </p0826-teimww:passage>
  <p0826-teimww:passage id="ww_4c533ffcda6fdbdd">
    <knoraXmlImport:label>passage label</knoraXmlImport:label>
    <p0826-teimww:occursIn>
      <p0826-teimww:book knoraType="link_value" linkType="ref" target="ww_83f1a0a692d63180"/>
    </p0826-teimww:occursIn>
    <p0826-teimww:text knoraType="richtext_value">And there a noble crew of lords and ladies stood on every side,&lt;br&gt;
which with their presence fair, the place much&lt;span class="quote"&gt; beautified&lt;/span&gt;.</p0826-teimww:text>
  </p0826-teimww:passage>
  <p0826-teimww:passage id="ww_322f557fe46603a4">
    <knoraXmlImport:label>passage label</knoraXmlImport:label>
    <p0826-teimww:occursIn>
      <p0826-teimww:book knoraType="link_value" linkType="ref" target="ww_3f86f30540de15b8"/>
    </p0826-teimww:occursIn>
  </p0826-teimww:passage>
  <p0826-teimww:passage id="ww_60beb44e271152ce">
    <knoraXmlImport:label>passage label</knoraXmlImport:label>
    <p0826-teimww:occursIn>
      <p0826-teimww:book knoraType="link_value" linkType="ref" target="ww_83f1a0a692d63180"/>
    </p0826-teimww:occursIn>
    <p0826-teimww:text knoraType="richtext_value">Scudamour's "dram of hony" in a similarly fluid metaphor (IV.x.I.I-5): True he it said, what euer man it sayd, That loue with gall and hony doth abound, But if the one be with the other wayd, For euery dram of hony therein found, A pound of gall doth ouer it redound. 
In suggesting "o'er-redound" as an emendation for [of a doubt] in Q2 I recall Milton's use of the word with a similar connotation (P.L. VII.56-59): But the evil soon Driv'n back redounded as a flood on those From whom it sprung, impossible to mix With Blessedness </p0826-teimww:text>
  </p0826-teimww:passage>
  <p0826-teimww:passage id="ww_29972d9551a0800c">
    <knoraXmlImport:label>passage label</knoraXmlImport:label>
    <p0826-teimww:occursIn>
      <p0826-teimww:book knoraType="link_value" linkType="ref" target="ww_3f86f30540de15b8"/>
    </p0826-teimww:occursIn>
  </p0826-teimww:passage>
  <p0826-teimww:passage id="ww_b4968b3937386261">
    <knoraXmlImport:label>passage label</knoraXmlImport:label>
    <p0826-teimww:occursIn>
      <p0826-teimww:book knoraType="link_value" linkType="ref" target="ww_368ebdd946db4900"/>
    </p0826-teimww:occursIn>
    <p0826-teimww:text knoraType="richtext_value">[...] &lt;span class="quote"&gt;a sea of troubles&lt;/span&gt; [...].</p0826-teimww:text>
  </p0826-teimww:passage>
  <p0826-teimww:passage id="ww_b1936934417de43b">
    <knoraXmlImport:label>passage label</knoraXmlImport:label>
    <p0826-teimww:occursIn>
      <p0826-teimww:book knoraType="link_value" linkType="ref" target="ww_0de19bd63a1c9142"/>
    </p0826-teimww:occursIn>
  </p0826-teimww:passage>
  <p0826-teimww:passage id="ww_eaf0a82b4b3a2dbb">
    <knoraXmlImport:label>passage label</knoraXmlImport:label>
    <p0826-teimww:occursIn>
      <p0826-teimww:book knoraType="link_value" linkType="ref" target="ww_83f1a0a692d63180"/>
    </p0826-teimww:occursIn>
    <p0826-teimww:text knoraType="richtext_value">[Una:] What worlds delight, or joy of living speech &lt;br&gt;
Can heart, so plung'd &lt;span class="quote"&gt;in sea of sorrows deep &lt;/span&gt;[...].</p0826-teimww:text>
  </p0826-teimww:passage>
  <p0826-teimww:passage id="ww_589333954edf1693">
    <knoraXmlImport:label>passage label</knoraXmlImport:label>
    <p0826-teimww:occursIn>
      <p0826-teimww:book knoraType="link_value" linkType="ref" target="ww_3f86f30540de15b8"/>
    </p0826-teimww:occursIn>
  </p0826-teimww:passage>
  <p0826-teimww:passage id="ww_2858cf2330a9e07c">
    <knoraXmlImport:label>passage label</knoraXmlImport:label>
    <p0826-teimww:occursIn>
      <p0826-teimww:book knoraType="link_value" linkType="ref" target="ww_83f1a0a692d63180"/>
    </p0826-teimww:occursIn>
    <p0826-teimww:text knoraType="richtext_value">Great troops of people travelled thitherward&lt;br&gt;
Both day and night, of each degree and place, &lt;br&gt;
But few returned, having scraped hard,&lt;br&gt;
With baleful beggary, or foul disgrace,&lt;br&gt;
Which ever after in most wretched case,&lt;br&gt;
Like &lt;span class="quote"&gt;loathsome lazars, &lt;/span&gt;by the hedges lay.</p0826-teimww:text>
  </p0826-teimww:passage>
  <p0826-teimww:passage id="ww_29ab1896a851c19b">
    <knoraXmlImport:label>passage label</knoraXmlImport:label>
    <p0826-teimww:occursIn>
      <p0826-teimww:book knoraType="link_value" linkType="ref" target="ww_7589cfaa41b21699"/>
    </p0826-teimww:occursIn>
  </p0826-teimww:passage>
  <p0826-teimww:passage id="ww_10222795284012bb">
    <knoraXmlImport:label>passage label</knoraXmlImport:label>
    <p0826-teimww:occursIn>
      <p0826-teimww:book knoraType="link_value" linkType="ref" target="ww_c373e74239c178a8"/>
    </p0826-teimww:occursIn>
    <p0826-teimww:text knoraType="richtext_value">[There is] &lt;span class="quote"&gt;no cautel under heaven, &lt;/span&gt;whereby the liberty of making or revoking his testament can be utterly taken away [...] &lt;br&gt;
a man may as oft as he will make a new testament, even until the last breath, &lt;span class="quote"&gt;nether is there any cautel &lt;/span&gt;under the sun to prevent this liberty&lt;/span&gt; [...] &lt;span class="quote"&gt;neither is there any cautel under heaven to prevent this liberty, &lt;/span&gt;which also inureth whiles any life endureth.</p0826-teimww:text>
  </p0826-teimww:passage>
  <p0826-teimww:passage id="ww_6ab741c9f9174085">
    <knoraXmlImport:label>passage label</knoraXmlImport:label>
    <p0826-teimww:occursIn>
      <p0826-teimww:book knoraType="link_value" linkType="ref" target="ww_15dba62495527dd5"/>
    </p0826-teimww:occursIn>
  </p0826-teimww:passage>
  <p0826-teimww:passage id="ww_3c3cf2e6044a407f">
    <knoraXmlImport:label>passage label</knoraXmlImport:label>
    <p0826-teimww:occursIn>
      <p0826-teimww:book knoraType="link_value" linkType="ref" target="ww_f6685305b5e15919"/>
    </p0826-teimww:occursIn>
  </p0826-teimww:passage>
  <p0826-teimww:passage id="ww_e37156c11ff7b828">
    <knoraXmlImport:label>passage label</knoraXmlImport:label>
    <p0826-teimww:occursIn>
      <p0826-teimww:book knoraType="link_value" linkType="ref" target="ww_83f1a0a692d63180"/>
    </p0826-teimww:occursIn>
    <p0826-teimww:text knoraType="richtext_value">&lt;i&gt;Pyrochles&lt;/i&gt; [...] ne car'd for his saufgard,&lt;br&gt;&lt;span class="quote"&gt;But rudely rag'd and like a cruel Tigre far'd.&lt;/span&gt;</p0826-teimww:text>
  </p0826-teimww:passage>
  <p0826-teimww:passage id="ww_4d08cd9c290f0b9f">
    <knoraXmlImport:label>passage label</knoraXmlImport:label>
    <p0826-teimww:occursIn>
      <p0826-teimww:book knoraType="link_value" linkType="ref" target="ww_3f86f30540de15b8"/>
    </p0826-teimww:occursIn>
  </p0826-teimww:passage>
  <p0826-teimww:passage id="ww_09d60e8bcede9724">
    <knoraXmlImport:label>passage label</knoraXmlImport:label>
    <p0826-teimww:occursIn>
      <p0826-teimww:book knoraType="link_value" linkType="ref" target="ww_db0e9fa009aad7b3"/>
    </p0826-teimww:occursIn>
  </p0826-teimww:passage>
  <p0826-teimww:passage id="ww_d7edfad9e11c90c6">
    <knoraXmlImport:label>passage label</knoraXmlImport:label>
    <p0826-teimww:occursIn>
      <p0826-teimww:book knoraType="link_value" linkType="ref" target="ww_83f1a0a692d63180"/>
    </p0826-teimww:occursIn>
    <p0826-teimww:text knoraType="richtext_value">[When Pyrochles is unhorsed, he is compelled]  &lt;span class="quote"&gt;to matchen equal fight&lt;/span&gt; </p0826-teimww:text>
  </p0826-teimww:passage>
  <p0826-teimww:passage id="ww_66602b6a91b1ab18">
    <knoraXmlImport:label>passage label</knoraXmlImport:label>
    <p0826-teimww:occursIn>
      <p0826-teimww:book knoraType="link_value" linkType="ref" target="ww_3f86f30540de15b8"/>
    </p0826-teimww:occursIn>
  </p0826-teimww:passage>
  <p0826-teimww:passage id="ww_5a84412756d4689e">
    <knoraXmlImport:label>passage label</knoraXmlImport:label>
    <p0826-teimww:occursIn>
      <p0826-teimww:book knoraType="link_value" linkType="ref" target="ww_83f1a0a692d63180"/>
    </p0826-teimww:occursIn>
    <p0826-teimww:text knoraType="richtext_value">Uplifting high, he weened with &lt;i&gt;Morddure&lt;/i&gt;, &lt;br&gt; 
His own good sword &lt;i&gt;Morddure&lt;/i&gt;, to cleave his head.&lt;br&gt;
The faithful steel such treason no'uld endure, &lt;br&gt;
But swerving from the mark, his Lord's life did assure.</p0826-teimww:text>
  </p0826-teimww:passage>
  <p0826-teimww:passage id="ww_1708d307859bdc39">
    <knoraXmlImport:label>passage label</knoraXmlImport:label>
    <p0826-teimww:occursIn>
      <p0826-teimww:book knoraType="link_value" linkType="ref" target="ww_3f86f30540de15b8"/>
    </p0826-teimww:occursIn>
  </p0826-teimww:passage>
  <p0826-teimww:passage id="ww_e455df7e5583ba89">
    <knoraXmlImport:label>passage label</knoraXmlImport:label>
    <p0826-teimww:occursIn>
      <p0826-teimww:book knoraType="link_value" linkType="ref" target="ww_83f1a0a692d63180"/>
    </p0826-teimww:occursIn>
    <p0826-teimww:text knoraType="richtext_value">[Prince Arthur and his horse reel at the] &lt;span class="quote"&gt;fell &lt;/span&gt;[blow of Pyrochles]</p0826-teimww:text>
  </p0826-teimww:passage>
  <p0826-teimww:passage id="ww_d2899cc0185928a9">
    <knoraXmlImport:label>passage label</knoraXmlImport:label>
    <p0826-teimww:occursIn>
      <p0826-teimww:book knoraType="link_value" linkType="ref" target="ww_3f86f30540de15b8"/>
    </p0826-teimww:occursIn>
  </p0826-teimww:passage>
  <p0826-teimww:passage id="ww_37249d52c383108f">
    <knoraXmlImport:label>passage label</knoraXmlImport:label>
    <p0826-teimww:occursIn>
      <p0826-teimww:book knoraType="link_value" linkType="ref" target="ww_83f1a0a692d63180"/>
    </p0826-teimww:occursIn>
    <p0826-teimww:text knoraType="richtext_value">In their beginning they are weak and wan, &lt;br&gt;
But soon through suff'rance grew to fearful end; &lt;br&gt;
Whiles they are weak betimes with them contend: &lt;br&gt;
For when they once to perfect strength do grow, &lt;br&gt;
Strong wars they make, and cruel battry bend &lt;br&gt;
Gainst &lt;span class="quote"&gt;fort of Reason, &lt;/span&gt;it to overthrow. </p0826-teimww:text>
  </p0826-teimww:passage>
  <p0826-teimww:passage id="ww_3c68f1f1fb9f7dc2">
    <knoraXmlImport:label>passage label</knoraXmlImport:label>
    <p0826-teimww:occursIn>
      <p0826-teimww:book knoraType="link_value" linkType="ref" target="ww_3f86f30540de15b8"/>
    </p0826-teimww:occursIn>
  </p0826-teimww:passage>
  <p0826-teimww:passage id="ww_7f6e0f6d43fcd277">
    <knoraXmlImport:label>passage label</knoraXmlImport:label>
    <p0826-teimww:occursIn>
      <p0826-teimww:book knoraType="link_value" linkType="ref" target="ww_a45f897238d7e5f0"/>
    </p0826-teimww:occursIn>
    <p0826-teimww:text knoraType="richtext_value">[Anselmo:] [...] Or &lt;i&gt;Amadine&lt;/i&gt; deserved her high &lt;span class="quote"&gt;extolment.&lt;/span&gt;</p0826-teimww:text>
  </p0826-teimww:passage>
  <p0826-teimww:passage id="ww_36c9aff7aa5bb1db">
    <knoraXmlImport:label>passage label</knoraXmlImport:label>
    <p0826-teimww:occursIn>
      <p0826-teimww:book knoraType="link_value" linkType="ref" target="ww_b908ae26c4f3afcf"/>
    </p0826-teimww:occursIn>
  </p0826-teimww:passage>
  <p0826-teimww:passage id="ww_a517c08e711d74a2">
    <knoraXmlImport:label>passage label</knoraXmlImport:label>
    <p0826-teimww:occursIn>
      <p0826-teimww:book knoraType="link_value" linkType="ref" target="ww_e44bf30c33d6ff4d"/>
    </p0826-teimww:occursIn>
    <p0826-teimww:text knoraType="richtext_value">[Richard:] Alas, that Warwick had no more forecast, &lt;br&gt;
But whiles he thought to steal the single ten, &lt;br&gt;
The King was slyly &lt;span class="quote"&gt;fingered &lt;/span&gt;from the deck. </p0826-teimww:text>
  </p0826-teimww:passage>
  <p0826-teimww:passage id="ww_32be7cbe2cc5290e">
    <knoraXmlImport:label>passage label</knoraXmlImport:label>
    <p0826-teimww:occursIn>
      <p0826-teimww:book knoraType="link_value" linkType="ref" target="ww_b3931845d54b98d5"/>
    </p0826-teimww:occursIn>
  </p0826-teimww:passage>
  <p0826-teimww:passage id="ww_87888a954cfda24f">
    <knoraXmlImport:label>passage label</knoraXmlImport:label>
    <p0826-teimww:occursIn>
      <p0826-teimww:book knoraType="link_value" linkType="ref" target="ww_898b0b7ff390f5fb"/>
    </p0826-teimww:occursIn>
    <p0826-teimww:text knoraType="richtext_value">[King Henry:] Well, for this night we will repose us here.&lt;br&gt;
Tomorrow toward London back again,&lt;br&gt;
To look into this business thoroughly,&lt;br&gt;
And call these foul offenders to their answers,&lt;br&gt;
And poise the cause in Justice' &lt;span class="quote"&gt;equal scales,&lt;/span&gt;&lt;br&gt;
Whose beam stands sure, whose rightful cause&lt;br&gt;
prevails.</p0826-teimww:text>
  </p0826-teimww:passage>
  <p0826-teimww:passage id="ww_92197b764683352e">
    <knoraXmlImport:label>passage label</knoraXmlImport:label>
    <p0826-teimww:occursIn>
      <p0826-teimww:book knoraType="link_value" linkType="ref" target="ww_b3931845d54b98d5"/>
    </p0826-teimww:occursIn>
  </p0826-teimww:passage>
  <p0826-teimww:passage id="ww_b7671b939d5b0fbb">
    <knoraXmlImport:label>passage label</knoraXmlImport:label>
    <p0826-teimww:occursIn>
      <p0826-teimww:book knoraType="link_value" linkType="ref" target="ww_898b0b7ff390f5fb"/>
    </p0826-teimww:occursIn>
    <p0826-teimww:text knoraType="richtext_value">[Herner:] Masters, I am come hither, as it were, upon my man’s instigation, to prove him a knave and myself an honest man; and touching the Duke of York, I will take my death I never meant him any ill, nor the King, nor the Queen. - And therefore, Peter, &lt;span class="quote"&gt;have at thee with a downright blow!&lt;/span&gt;</p0826-teimww:text>
  </p0826-teimww:passage>
  <p0826-teimww:passage id="ww_869cb2f3fa29f7ce">
    <knoraXmlImport:label>passage label</knoraXmlImport:label>
    <p0826-teimww:occursIn>
      <p0826-teimww:book knoraType="link_value" linkType="ref" target="ww_b3931845d54b98d5"/>
    </p0826-teimww:occursIn>
  </p0826-teimww:passage>
  <p0826-teimww:passage id="ww_4715eb05fc789445">
    <knoraXmlImport:label>passage label</knoraXmlImport:label>
    <p0826-teimww:occursIn>
      <p0826-teimww:book knoraType="link_value" linkType="ref" target="ww_e44bf30c33d6ff4d"/>
    </p0826-teimww:occursIn>
    <p0826-teimww:text knoraType="richtext_value">[Clifford:] Now, Richard, I am with thee here alone. &lt;br&gt;
This is the hand that stabbed thy father York, &lt;br&gt;
And this the hand that slew thy brother Rutland, &lt;br&gt;
And here's the heart that triumphs in their death &lt;br&gt;
And cheers these hands that slew thy sire and brother &lt;br&gt;
To execute the like upon thyself. &lt;br&gt;
&lt;span class="quote"&gt;And so, have at thee!&lt;/span&gt;</p0826-teimww:text>
  </p0826-teimww:passage>
  <p0826-teimww:passage id="ww_6341926419eefd39">
    <knoraXmlImport:label>passage label</knoraXmlImport:label>
    <p0826-teimww:occursIn>
      <p0826-teimww:book knoraType="link_value" linkType="ref" target="ww_b3931845d54b98d5"/>
    </p0826-teimww:occursIn>
  </p0826-teimww:passage>
  <p0826-teimww:passage id="ww_2edab3526365daad">
    <knoraXmlImport:label>passage label</knoraXmlImport:label>
    <p0826-teimww:occursIn>
      <p0826-teimww:book knoraType="link_value" linkType="ref" target="ww_898b0b7ff390f5fb"/>
    </p0826-teimww:occursIn>
    <p0826-teimww:text knoraType="richtext_value">[Lucy:] Is &lt;span class="quote"&gt;Talbot &lt;/span&gt;slain, the Frenchmen's only &lt;span class="quote"&gt;scourge,&lt;br&gt;
Your kingdom's terror and black Nemesis?&lt;/span&gt;</p0826-teimww:text>
  </p0826-teimww:passage>
  <p0826-teimww:passage id="ww_efb923287b87cb9b">
    <knoraXmlImport:label>passage label</knoraXmlImport:label>
    <p0826-teimww:occursIn>
      <p0826-teimww:book knoraType="link_value" linkType="ref" target="ww_15dba62495527dd5"/>
    </p0826-teimww:occursIn>
  </p0826-teimww:passage>
  <p0826-teimww:passage id="ww_39f67adef619a39f">
    <knoraXmlImport:label>passage label</knoraXmlImport:label>
    <p0826-teimww:occursIn>
      <p0826-teimww:book knoraType="link_value" linkType="ref" target="ww_e44bf30c33d6ff4d"/>
    </p0826-teimww:occursIn>
    <p0826-teimww:text knoraType="richtext_value">[Clarence:] To keep that oath were more impiety&lt;br&gt;
Than &lt;span class="quote"&gt;Jephthah when he sacrificed his daughter.&lt;/span&gt;</p0826-teimww:text>
  </p0826-teimww:passage>
  <p0826-teimww:passage id="ww_6d6175f299c4010b">
    <knoraXmlImport:label>passage label</knoraXmlImport:label>
    <p0826-teimww:occursIn>
      <p0826-teimww:book knoraType="link_value" linkType="ref" target="ww_b3931845d54b98d5"/>
    </p0826-teimww:occursIn>
  </p0826-teimww:passage>
  <p0826-teimww:passage id="ww_a87dd238d00d444f">
    <knoraXmlImport:label>passage label</knoraXmlImport:label>
    <p0826-teimww:occursIn>
      <p0826-teimww:book knoraType="link_value" linkType="ref" target="ww_a45f897238d7e5f0"/>
    </p0826-teimww:occursIn>
    <p0826-teimww:text knoraType="richtext_value">[Enter Segasto running and Amadine after him, &lt;span class="quote"&gt;being pursued with a bear.]&lt;span&gt;</p0826-teimww:text>
  </p0826-teimww:passage>
  <p0826-teimww:passage id="ww_92c5ed2c8044772b">
    <knoraXmlImport:label>passage label</knoraXmlImport:label>
    <p0826-teimww:occursIn>
      <p0826-teimww:book knoraType="link_value" linkType="ref" target="ww_b908ae26c4f3afcf"/>
    </p0826-teimww:occursIn>
  </p0826-teimww:passage>
  <p0826-teimww:passage id="ww_eabeb7297fd02072">
    <knoraXmlImport:label>passage label</knoraXmlImport:label>
    <p0826-teimww:occursIn>
      <p0826-teimww:book knoraType="link_value" linkType="ref" target="ww_898b0b7ff390f5fb"/>
    </p0826-teimww:occursIn>
    <p0826-teimww:text knoraType="richtext_value">[Bolingbroke:] [...] Deep night, dark night, the silent of the night,&lt;br&gt;
The time of night when Troy was set on fire,&lt;br&gt;
The time when screech owls cry and bandogs howl,&lt;br&gt;
&lt;span class="quote"&gt;And spirits walk, and ghosts break up their graves - &lt;br&gt;&lt;/span&gt;
That time best fits the work we have in hand. </p0826-teimww:text>
  </p0826-teimww:passage>
  <p0826-teimww:passage id="ww_68c867b9cd970801">
    <knoraXmlImport:label>passage label</knoraXmlImport:label>
    <p0826-teimww:occursIn>
      <p0826-teimww:book knoraType="link_value" linkType="ref" target="ww_55bc1a3b04bf8a8d"/>
    </p0826-teimww:occursIn>
  </p0826-teimww:passage>
  <p0826-teimww:passage id="ww_2329877f08132751">
    <knoraXmlImport:label>passage label</knoraXmlImport:label>
    <p0826-teimww:occursIn>
      <p0826-teimww:book knoraType="link_value" linkType="ref" target="ww_95fb4400d1818339"/>
    </p0826-teimww:occursIn>
    <p0826-teimww:text knoraType="richtext_value">[...] walking spirits which have been so much talked of in time of popery, and were taken for the souls of them which were dead [...] whether &lt;span class="quote"&gt;the souls of men departed &lt;i&gt;walk&lt;/i&gt; after &lt;i&gt;death&lt;/i&gt; and appear unto men, exhorting them unto this or that.&lt;/span&gt;</p0826-teimww:text>
  </p0826-teimww:passage>
  <p0826-teimww:passage id="ww_b685dd96457a5986">
    <knoraXmlImport:label>passage label</knoraXmlImport:label>
    <p0826-teimww:occursIn>
      <p0826-teimww:book knoraType="link_value" linkType="ref" target="ww_0b28ed19a0540e1d"/>
    </p0826-teimww:occursIn>
  </p0826-teimww:passage>
  <p0826-teimww:passage id="ww_cc19d0da24059d8e">
    <knoraXmlImport:label>passage label</knoraXmlImport:label>
    <p0826-teimww:occursIn>
      <p0826-teimww:book knoraType="link_value" linkType="ref" target="ww_898b0b7ff390f5fb"/>
    </p0826-teimww:occursIn>
    <p0826-teimww:text knoraType="richtext_value">[Richard:] Fie! Charity, for shame! Speak not in spite,&lt;br&gt;
&lt;span class="quote"&gt;For you shall sup with Jesu Christ tonight&lt;/span&gt;</p0826-teimww:text>
  </p0826-teimww:passage>
  <p0826-teimww:passage id="ww_b2945a881b098f95">
    <knoraXmlImport:label>passage label</knoraXmlImport:label>
    <p0826-teimww:occursIn>
      <p0826-teimww:book knoraType="link_value" linkType="ref" target="ww_0b28ed19a0540e1d"/>
    </p0826-teimww:occursIn>
  </p0826-teimww:passage>
  <p0826-teimww:passage id="ww_16ddaecd30de95ac">
    <knoraXmlImport:label>passage label</knoraXmlImport:label>
    <p0826-teimww:occursIn>
      <p0826-teimww:book knoraType="link_value" linkType="ref" target="ww_6c90648fdecc54d2"/>
    </p0826-teimww:occursIn>
    <p0826-teimww:text knoraType="richtext_value">[King Henry VI:] First for thy heinous crimes, thou shalt two days in London do&lt;span class="quote"&gt; penance barefoot in the streets, with a white sheet about thy body,&lt;/span&gt; and a wax Taper burning in thy hand.</p0826-teimww:text>
  </p0826-teimww:passage>
  <p0826-teimww:passage id="ww_c8a857ef5d173229">
    <knoraXmlImport:label>passage label</knoraXmlImport:label>
    <p0826-teimww:occursIn>
      <p0826-teimww:book knoraType="link_value" linkType="ref" target="ww_3e15ab6c612eadae"/>
    </p0826-teimww:occursIn>
  </p0826-teimww:passage>
  <p0826-teimww:passage id="ww_2dc9368a10a0e492">
    <knoraXmlImport:label>passage label</knoraXmlImport:label>
    <p0826-teimww:occursIn>
      <p0826-teimww:book knoraType="link_value" linkType="ref" target="ww_74c4db8372c7293c"/>
    </p0826-teimww:occursIn>
    <p0826-teimww:text knoraType="richtext_value">[Giordano:] &lt;span class="quote"&gt;Why do you stand bare-headed? You do yourself wrong.&lt;/span&gt;&lt;br&gt;
[Edward:] Pardon me, good sir, &lt;span class="quote"&gt;I do it for my ease.&lt;/span&gt;&lt;br&gt;
[Giordano:] &lt;span class="quote"&gt;I pray you be covered, you are too ceremonious.&lt;/span&gt;&lt;br&gt;
[Edward:] I am so well, that me thinks I am in heaven.&lt;br&gt;
[Giordano:] If you love me, put on your hat.&lt;br&gt;
[Edward:] &lt;span class="quote"&gt;I will do it to obey you, not for any leisure that I take in.&lt;/span&gt;</p0826-teimww:text>
  </p0826-teimww:passage>
  <p0826-teimww:passage id="ww_0496c6480752114f">
    <knoraXmlImport:label>passage label</knoraXmlImport:label>
    <p0826-teimww:occursIn>
      <p0826-teimww:book knoraType="link_value" linkType="ref" target="ww_0b28ed19a0540e1d"/>
    </p0826-teimww:occursIn>
  </p0826-teimww:passage>
  <p0826-teimww:passage id="ww_e33485e120773800">
    <knoraXmlImport:label>passage label</knoraXmlImport:label>
    <p0826-teimww:occursIn>
      <p0826-teimww:book knoraType="link_value" linkType="ref" target="ww_15dba62495527dd5"/>
    </p0826-teimww:occursIn>
  </p0826-teimww:passage>
  <p0826-teimww:passage id="ww_e62d55a48e5615b4">
    <knoraXmlImport:label>passage label</knoraXmlImport:label>
    <p0826-teimww:occursIn>
      <p0826-teimww:book knoraType="link_value" linkType="ref" target="ww_c0bb45384c6abc1f"/>
    </p0826-teimww:occursIn>
  </p0826-teimww:passage>
  <p0826-teimww:passage id="ww_132c702aace695ca">
    <knoraXmlImport:label>passage label</knoraXmlImport:label>
    <p0826-teimww:occursIn>
      <p0826-teimww:book knoraType="link_value" linkType="ref" target="ww_a45f897238d7e5f0"/>
    </p0826-teimww:occursIn>
    <p0826-teimww:text knoraType="richtext_value">[Anselmo:] [...] Whether report gilded &lt;span class="quote"&gt;a worthless Trunk &lt;/span&gt;[...].</p0826-teimww:text>
  </p0826-teimww:passage>
  <p0826-teimww:passage id="ww_715bf9f24f79b34a">
    <knoraXmlImport:label>passage label</knoraXmlImport:label>
    <p0826-teimww:occursIn>
      <p0826-teimww:book knoraType="link_value" linkType="ref" target="ww_b908ae26c4f3afcf"/>
    </p0826-teimww:occursIn>
  </p0826-teimww:passage>
  <p0826-teimww:passage id="ww_361984a87f87dabc">
    <knoraXmlImport:label>passage label</knoraXmlImport:label>
    <p0826-teimww:occursIn>
      <p0826-teimww:book knoraType="link_value" linkType="ref" target="ww_5caf2a980352ed3f"/>
    </p0826-teimww:occursIn>
    <p0826-teimww:text knoraType="richtext_value">Then, if we had seen a man go wallowing in the streets, or line sleeping under the board, we would have spat at him as a toad, and &lt;span class="quote"&gt;called him [a] foul drunken swine &lt;/span&gt;[...].</p0826-teimww:text>
  </p0826-teimww:passage>
  <p0826-teimww:passage id="ww_7b47c1f6316bc44b">
    <knoraXmlImport:label>passage label</knoraXmlImport:label>
    <p0826-teimww:occursIn>
      <p0826-teimww:book knoraType="link_value" linkType="ref" target="ww_15dba62495527dd5"/>
    </p0826-teimww:occursIn>
  </p0826-teimww:passage>
  <p0826-teimww:passage id="ww_303c1fc3811f0fe0">
    <knoraXmlImport:label>passage label</knoraXmlImport:label>
    <p0826-teimww:occursIn>
      <p0826-teimww:book knoraType="link_value" linkType="ref" target="ww_d96cf3715d049fff"/>
    </p0826-teimww:occursIn>
  </p0826-teimww:passage>
  <p0826-teimww:passage id="ww_c7e7a3eedb3914a5">
    <knoraXmlImport:label>passage label</knoraXmlImport:label>
    <p0826-teimww:occursIn>
      <p0826-teimww:book knoraType="link_value" linkType="ref" target="ww_0b28ed19a0540e1d"/>
    </p0826-teimww:occursIn>
  </p0826-teimww:passage>
  <p0826-teimww:passage id="ww_50d17a1fdc4fa606">
    <knoraXmlImport:label>passage label</knoraXmlImport:label>
    <p0826-teimww:occursIn>
      <p0826-teimww:book knoraType="link_value" linkType="ref" target="ww_7f5e9141d1116e89"/>
    </p0826-teimww:occursIn>
    <p0826-teimww:text knoraType="richtext_value">[Demetrius:] [...] Though Bassianus be the Emperor’s brother,&lt;br&gt;
Better than he have worn &lt;span class="quote"&gt;Vulcan's badge.&lt;/span&gt;</p0826-teimww:text>
  </p0826-teimww:passage>
  <p0826-teimww:passage id="ww_c68c2362e3b54474">
    <knoraXmlImport:label>passage label</knoraXmlImport:label>
    <p0826-teimww:occursIn>
      <p0826-teimww:book knoraType="link_value" linkType="ref" target="ww_1140c36ab545b6d8"/>
    </p0826-teimww:occursIn>
  </p0826-teimww:passage>
  <p0826-teimww:passage id="ww_d881604f654196c6">
    <knoraXmlImport:label>passage label</knoraXmlImport:label>
    <p0826-teimww:occursIn>
      <p0826-teimww:book knoraType="link_value" linkType="ref" target="ww_26138dfe777ca825"/>
    </p0826-teimww:occursIn>
    <p0826-teimww:text knoraType="richtext_value">[Bianca:] What, master, read you? First &lt;span class="quote"&gt;resolve me that.&lt;/span&gt;</p0826-teimww:text>
  </p0826-teimww:passage>
  <p0826-teimww:passage id="ww_3726b7079c152110">
    <knoraXmlImport:label>passage label</knoraXmlImport:label>
    <p0826-teimww:occursIn>
      <p0826-teimww:book knoraType="link_value" linkType="ref" target="ww_55bc1a3b04bf8a8d"/>
    </p0826-teimww:occursIn>
  </p0826-teimww:passage>
  <p0826-teimww:passage id="ww_27042e402aa3b5c4">
    <knoraXmlImport:label>passage label</knoraXmlImport:label>
    <p0826-teimww:occursIn>
      <p0826-teimww:book knoraType="link_value" linkType="ref" target="ww_5caf2a980352ed3f"/>
    </p0826-teimww:occursIn>
    <p0826-teimww:text knoraType="richtext_value">&lt;span class="quote"&gt;Thus walks he up and down in his Majesty, &lt;/span&gt;taking a yard of ground at every step, and stamps on he earth so terribly, as if he meant to knock up spirits, when (foul drunken bezzle) if an Englishman set his little finger to him, he falls like a hogs-trough that is set on one end.</p0826-teimww:text>
  </p0826-teimww:passage>
  <p0826-teimww:passage id="ww_e4619c5dc7741808">
    <knoraXmlImport:label>passage label</knoraXmlImport:label>
    <p0826-teimww:occursIn>
      <p0826-teimww:book knoraType="link_value" linkType="ref" target="ww_ca15500e7036f16e"/>
    </p0826-teimww:occursIn>
  </p0826-teimww:passage>
  <p0826-teimww:passage id="ww_80c53ef755113cac">
    <knoraXmlImport:label>passage label</knoraXmlImport:label>
    <p0826-teimww:occursIn>
      <p0826-teimww:book knoraType="link_value" linkType="ref" target="ww_26138dfe777ca825"/>
    </p0826-teimww:occursIn>
    <p0826-teimww:text knoraType="richtext_value">[Grumio:] Out of their saddles into the dirt, &lt;span class="quote"&gt;and thereby hangs a tale.</p0826-teimww:text>
  </p0826-teimww:passage>
  <p0826-teimww:passage id="ww_769d5f6d2dbd6227">
    <knoraXmlImport:label>passage label</knoraXmlImport:label>
    <p0826-teimww:occursIn>
      <p0826-teimww:book knoraType="link_value" linkType="ref" target="ww_3e15ab6c612eadae"/>
    </p0826-teimww:occursIn>
  </p0826-teimww:passage>
  <p0826-teimww:passage id="ww_29d101ca9b9a0b61">
    <knoraXmlImport:label>passage label</knoraXmlImport:label>
    <p0826-teimww:occursIn>
      <p0826-teimww:book knoraType="link_value" linkType="ref" target="ww_5caf2a980352ed3f"/>
    </p0826-teimww:occursIn>
    <p0826-teimww:text knoraType="richtext_value">Clim of the Clough [the devil] thou that usest to drink nothing but scalding lead and sulphur in hell, thou art not so greedy of thy night gear. O, but thou hast a foul swallow, if it come once &lt;span class="quote"&gt;to carousing of human blood; &lt;/span&gt;but that's but seldom [...] otherwise thou art tide at rack and manger, and drinkest nothing but the &lt;i&gt;Aqua vitae&lt;/i&gt; of &lt;span class="quote"&gt;vengeance &lt;/span&gt;all thy life time [...].</p0826-teimww:text>
  </p0826-teimww:passage>
  <p0826-teimww:passage id="ww_a56bf51853987219">
    <knoraXmlImport:label>passage label</knoraXmlImport:label>
    <p0826-teimww:occursIn>
      <p0826-teimww:book knoraType="link_value" linkType="ref" target="ww_5caf2a980352ed3f"/>
    </p0826-teimww:occursIn>
    <p0826-teimww:text knoraType="richtext_value">[...] &lt;span class="quote"&gt;the heavy headed gluttonous house-dove &lt;/span&gt;[...].</p0826-teimww:text>
  </p0826-teimww:passage>
  <p0826-teimww:passage id="ww_ccb1ebb9480bc208">
    <knoraXmlImport:label>passage label</knoraXmlImport:label>
    <p0826-teimww:occursIn>
      <p0826-teimww:book knoraType="link_value" linkType="ref" target="ww_d96cf3715d049fff"/>
    </p0826-teimww:occursIn>
  </p0826-teimww:passage>
  <p0826-teimww:passage id="ww_ed0731546c16f09e">
    <knoraXmlImport:label>passage label</knoraXmlImport:label>
    <p0826-teimww:occursIn>
      <p0826-teimww:book knoraType="link_value" linkType="ref" target="ww_5caf2a980352ed3f"/>
    </p0826-teimww:occursIn>
    <p0826-teimww:text knoraType="richtext_value">&lt;span class="quote"&gt;Sloth and sluggish security &lt;/span&gt;[...]. &lt;br&gt; &lt;br&gt;
[...]&lt;span class="quote"&gt; neglect &lt;/span&gt;[...] &lt;span class="quote"&gt;dallying &lt;/span&gt;[...] &lt;span class="quote"&gt;indignities &lt;/span&gt;[...] &lt;span class="quote"&gt;love-dream &lt;/span&gt;[...].</p0826-teimww:text>
  </p0826-teimww:passage>
  <p0826-teimww:passage id="ww_76ec0c214f49b363">
    <knoraXmlImport:label>passage label</knoraXmlImport:label>
    <p0826-teimww:occursIn>
      <p0826-teimww:book knoraType="link_value" linkType="ref" target="ww_ca15500e7036f16e"/>
    </p0826-teimww:occursIn>
  </p0826-teimww:passage>
  <p0826-teimww:passage id="ww_bcc4b76a020e8511">
    <knoraXmlImport:label>passage label</knoraXmlImport:label>
    <p0826-teimww:occursIn>
      <p0826-teimww:book knoraType="link_value" linkType="ref" target="ww_a08995e1e6833cea"/>
    </p0826-teimww:occursIn>
    <p0826-teimww:text knoraType="richtext_value">I will not forget the old wives logick,&lt;span class="quote"&gt; when Adam delved and Eve spanne, who was then a Gentleman?&lt;/span&gt;</p0826-teimww:text>
  </p0826-teimww:passage>
  <p0826-teimww:passage id="ww_5f89c16b70bcdc72">
    <knoraXmlImport:label>passage label</knoraXmlImport:label>
    <p0826-teimww:occursIn>
      <p0826-teimww:book knoraType="link_value" linkType="ref" target="ww_f3b3659c26b68006"/>
    </p0826-teimww:occursIn>
  </p0826-teimww:passage>
  <p0826-teimww:passage id="ww_0a0243bf95a1743f">
    <knoraXmlImport:label>passage label</knoraXmlImport:label>
    <p0826-teimww:occursIn>
      <p0826-teimww:book knoraType="link_value" linkType="ref" target="ww_7dd1c602e9ccfe3b"/>
    </p0826-teimww:occursIn>
    <p0826-teimww:text knoraType="richtext_value">[Duke:] [...] &lt;span class="quote"&gt;Go, some of you, &lt;/span&gt;knock at the abbey gate [...].</p0826-teimww:text>
  </p0826-teimww:passage>
  <p0826-teimww:passage id="ww_de8b56cd33d89de7">
    <knoraXmlImport:label>passage label</knoraXmlImport:label>
    <p0826-teimww:occursIn>
      <p0826-teimww:book knoraType="link_value" linkType="ref" target="ww_55bc1a3b04bf8a8d"/>
    </p0826-teimww:occursIn>
  </p0826-teimww:passage>
  <p0826-teimww:passage id="ww_df217d2caab3c319">
    <knoraXmlImport:label>passage label</knoraXmlImport:label>
    <p0826-teimww:occursIn>
      <p0826-teimww:book knoraType="link_value" linkType="ref" target="ww_0d4732e83985c063"/>
    </p0826-teimww:occursIn>
    <p0826-teimww:text knoraType="richtext_value">[Edward:] &lt;span class="quote"&gt;I cannot brook these haughty menaces &lt;/span&gt;[…]&lt;br&gt;&lt;br&gt;

[Edward:] Cease brother, for &lt;span class="quote"&gt;I cannot brook these words &lt;/span&gt;[…]&lt;br&gt;&lt;br&gt;

[Gaveston:] My Lord &lt;span class="quote"&gt;I cannot brook these iniuries.&lt;/span&gt;</p0826-teimww:text>
  </p0826-teimww:passage>
  <p0826-teimww:passage id="ww_2132d10675497d48">
    <knoraXmlImport:label>passage label</knoraXmlImport:label>
    <p0826-teimww:occursIn>
      <p0826-teimww:book knoraType="link_value" linkType="ref" target="ww_5caf2a980352ed3f"/>
    </p0826-teimww:occursIn>
    <p0826-teimww:text knoraType="richtext_value">A mighty deformer of &lt;I&gt;men's manners&lt;/i&gt; and &lt;i&gt;features,&lt;/i&gt; is this &lt;i&gt;unnecessary vice&lt;/i&gt; of all other. Let him be indued with never so many &lt;i&gt;virtues&lt;/i&gt;, and have as &lt;i&gt;much goodly proportion and favour as nature can bestow upon a man;&lt;/i&gt; yet if he be thirsty after his own destruction, and hath no joy nor comfort, but when he is drowning his soul in a gallon pot, &lt;span class="quote"&gt;&lt;i&gt;that one &lt;/i&gt;beastly &lt;i&gt;imperfection&lt;/i&gt; will utterly obscure all that is commendable in him; &lt;/span&gt;and all his good qualities sink like lead down to the bottom of his&lt;span class="quote"&gt; &lt;i&gt;carousing&lt;/i&gt; &lt;/span&gt;cups, where they will lie, like lees and dregs, dead and &lt;i&gt;unregarded of any man.&lt;/i&gt;</p0826-teimww:text>
  </p0826-teimww:passage>
  <p0826-teimww:passage id="ww_9b4fad94340d1e15">
    <knoraXmlImport:label>passage label</knoraXmlImport:label>
    <p0826-teimww:occursIn>
      <p0826-teimww:book knoraType="link_value" linkType="ref" target="ww_ca15500e7036f16e"/>
    </p0826-teimww:occursIn>
  </p0826-teimww:passage>
  <p0826-teimww:passage id="ww_5b67ff724de1711f">
    <knoraXmlImport:label>passage label</knoraXmlImport:label>
    <p0826-teimww:occursIn>
      <p0826-teimww:book knoraType="link_value" linkType="ref" target="ww_0b28ed19a0540e1d"/>
    </p0826-teimww:occursIn>
  </p0826-teimww:passage>
  <p0826-teimww:passage id="ww_e1e972859949a549">
    <knoraXmlImport:label>passage label</knoraXmlImport:label>
    <p0826-teimww:occursIn>
      <p0826-teimww:book knoraType="link_value" linkType="ref" target="ww_5caf2a980352ed3f"/>
    </p0826-teimww:occursIn>
    <p0826-teimww:text knoraType="richtext_value">For besides, nature hath left him a flaberkin face, like one of the four winds, and cheeks that sag like a woman's dugs over his chin-bone, his apparel is so put up with bladders of Taffeta, and his back like beef stuffed with Parsley, so drawn out with Ribands and deuces, and blistered with light sarcenet bastings, that you would think him [a Dane] nothing but&lt;span class="quote"&gt; a swarm of Butterflies,&lt;/span&gt; if you saw him a far off. </p0826-teimww:text>
  </p0826-teimww:passage>
  <p0826-teimww:passage id="ww_1274b7f48d627004">
    <knoraXmlImport:label>passage label</knoraXmlImport:label>
    <p0826-teimww:occursIn>
      <p0826-teimww:book knoraType="link_value" linkType="ref" target="ww_15dba62495527dd5"/>
    </p0826-teimww:occursIn>
  </p0826-teimww:passage>
  <p0826-teimww:passage id="ww_263e4fb2e4a83f93">
    <knoraXmlImport:label>passage label</knoraXmlImport:label>
    <p0826-teimww:occursIn>
      <p0826-teimww:book knoraType="link_value" linkType="ref" target="ww_ca15500e7036f16e"/>
    </p0826-teimww:occursIn>
  </p0826-teimww:passage>
  <p0826-teimww:passage id="ww_2bb6c1b9fe707251">
    <knoraXmlImport:label>passage label</knoraXmlImport:label>
    <p0826-teimww:occursIn>
      <p0826-teimww:book knoraType="link_value" linkType="ref" target="ww_0b28ed19a0540e1d"/>
    </p0826-teimww:occursIn>
  </p0826-teimww:passage>
  <p0826-teimww:passage id="ww_f698815b34a31d14">
    <knoraXmlImport:label>passage label</knoraXmlImport:label>
    <p0826-teimww:occursIn>
      <p0826-teimww:book knoraType="link_value" linkType="ref" target="ww_5caf2a980352ed3f"/>
    </p0826-teimww:occursIn>
    <p0826-teimww:text knoraType="richtext_value">The Danes are bursten-bellied sots, that are to be confuted with nothing but Tankards or quart-pots, and &lt;span class="quote"&gt;&lt;i&gt;Ovid&lt;/i&gt; might as well have read his verses to the &lt;i&gt;Geese&lt;/i&gt; that understood him not, &lt;/span&gt;as a man talk reason to them that have no ears but their mouths nor sense but of that which they swallow down their throats. God so love me, as I love the quick-witted Italians, and therefore love them more, because they mortally detest this surley &lt;span class="quote"&gt;swinish&lt;/span&gt; Generation.</p0826-teimww:text>
  </p0826-teimww:passage>
  <p0826-teimww:passage id="ww_b43998ae0df94669">
    <knoraXmlImport:label>passage label</knoraXmlImport:label>
    <p0826-teimww:occursIn>
      <p0826-teimww:book knoraType="link_value" linkType="ref" target="ww_15dba62495527dd5"/>
    </p0826-teimww:occursIn>
  </p0826-teimww:passage>
  <p0826-teimww:passage id="ww_db57edffa0e3c175">
    <knoraXmlImport:label>passage label</knoraXmlImport:label>
    <p0826-teimww:occursIn>
      <p0826-teimww:book knoraType="link_value" linkType="ref" target="ww_ca15500e7036f16e"/>
    </p0826-teimww:occursIn>
  </p0826-teimww:passage>
  <p0826-teimww:passage id="ww_09901b24a4887833">
    <knoraXmlImport:label>passage label</knoraXmlImport:label>
    <p0826-teimww:occursIn>
      <p0826-teimww:book knoraType="link_value" linkType="ref" target="ww_0b28ed19a0540e1d"/>
    </p0826-teimww:occursIn>
  </p0826-teimww:passage>
  <p0826-teimww:passage id="ww_f750f294ab2da720">
    <knoraXmlImport:label>passage label</knoraXmlImport:label>
    <p0826-teimww:occursIn>
      <p0826-teimww:book knoraType="link_value" linkType="ref" target="ww_5caf2a980352ed3f"/>
    </p0826-teimww:occursIn>
    <p0826-teimww:text knoraType="richtext_value">Men when they are idle, and know not what to do, saith one let us go to the Steelyard and &lt;span class="quote"&gt;drink Rhenish wine&lt;/span&gt;. Nay, if a man knew where a good whorehouse were saith another, it were somwhat like. Nay saith the third, let us go to a dicing-house or a bowling alley, and there we shall have some sport for our money.</p0826-teimww:text>
  </p0826-teimww:passage>
  <p0826-teimww:passage id="ww_759322742396e3d2">
    <knoraXmlImport:label>passage label</knoraXmlImport:label>
    <p0826-teimww:occursIn>
      <p0826-teimww:book knoraType="link_value" linkType="ref" target="ww_0b28ed19a0540e1d"/>
    </p0826-teimww:occursIn>
  </p0826-teimww:passage>
  <p0826-teimww:passage id="ww_fa81e7e7eabc01d7">
    <knoraXmlImport:label>passage label</knoraXmlImport:label>
    <p0826-teimww:occursIn>
      <p0826-teimww:book knoraType="link_value" linkType="ref" target="ww_15dba62495527dd5"/>
    </p0826-teimww:occursIn>
  </p0826-teimww:passage>
  <p0826-teimww:passage id="ww_2d292ff3bc8f7c77">
    <knoraXmlImport:label>passage label</knoraXmlImport:label>
    <p0826-teimww:occursIn>
      <p0826-teimww:book knoraType="link_value" linkType="ref" target="ww_ca15500e7036f16e"/>
    </p0826-teimww:occursIn>
  </p0826-teimww:passage>
  <p0826-teimww:passage id="ww_b25daebf8629c967">
    <knoraXmlImport:label>passage label</knoraXmlImport:label>
    <p0826-teimww:occursIn>
      <p0826-teimww:book knoraType="link_value" linkType="ref" target="ww_5caf2a980352ed3f"/>
    </p0826-teimww:occursIn>
    <p0826-teimww:text knoraType="richtext_value">Besides, my vagrant Reveller haunts Plays, &amp; sharpens his wits with frequenting the company of Poets; he emboldens his blushing face by courting fair women on the sudden, and look into all Estates, by conversing with them in public places. Now tell me whether of these two, the &lt;span class="quote"&gt;heavy-headed&lt;/span&gt; gluttonous house dove, or this lively wanton young Gallant, is likely to prove the wiser man, and better member in the Common-wealth.</p0826-teimww:text>
  </p0826-teimww:passage>
  <p0826-teimww:passage id="ww_665e2ab9bcb09e29">
    <knoraXmlImport:label>passage label</knoraXmlImport:label>
    <p0826-teimww:occursIn>
      <p0826-teimww:book knoraType="link_value" linkType="ref" target="ww_15dba62495527dd5"/>
    </p0826-teimww:occursIn>
  </p0826-teimww:passage>
  <p0826-teimww:passage id="ww_43e9aa550d0542ac">
    <knoraXmlImport:label>passage label</knoraXmlImport:label>
    <p0826-teimww:occursIn>
      <p0826-teimww:book knoraType="link_value" linkType="ref" target="ww_ca15500e7036f16e"/>
    </p0826-teimww:occursIn>
  </p0826-teimww:passage>
  <p0826-teimww:passage id="ww_4ff9a7a131bcf872">
    <knoraXmlImport:label>passage label</knoraXmlImport:label>
    <p0826-teimww:occursIn>
      <p0826-teimww:book knoraType="link_value" linkType="ref" target="ww_0b28ed19a0540e1d"/>
    </p0826-teimww:occursIn>
  </p0826-teimww:passage>
  <p0826-teimww:passage id="ww_87803ecab661976f">
    <knoraXmlImport:label>passage label</knoraXmlImport:label>
    <p0826-teimww:occursIn>
      <p0826-teimww:book knoraType="link_value" linkType="ref" target="ww_5caf2a980352ed3f"/>
    </p0826-teimww:occursIn>
    <p0826-teimww:text knoraType="richtext_value">Sloth in&lt;span class="quote"&gt; Nobility, Courtiers, Scholars, or any men&lt;/span&gt; is the chiefest cause that brings them in contempt. For as industry and unfatigable toil raiseth mean persons from obscure houses to high thrones of authority: so Sloth and sluggish security causeth proud Lords to tumble from the towers of their starry descents, and be trodden underfoot of every inferior Bosnian. […] The only enemy to Sloth is contention and emulation; as propose one man to myself, that is the only &lt;span class="quote"&gt;mirror of our Age,&lt;/span&gt; and strive to out-go him in virtue.</p0826-teimww:text>
  </p0826-teimww:passage>
  <p0826-teimww:passage id="ww_33b38efdd6603646">
    <knoraXmlImport:label>passage label</knoraXmlImport:label>
    <p0826-teimww:occursIn>
      <p0826-teimww:book knoraType="link_value" linkType="ref" target="ww_0b28ed19a0540e1d"/>
    </p0826-teimww:occursIn>
  </p0826-teimww:passage>
  <p0826-teimww:passage id="ww_c64d1aed4e0ccc03">
    <knoraXmlImport:label>passage label</knoraXmlImport:label>
    <p0826-teimww:occursIn>
      <p0826-teimww:book knoraType="link_value" linkType="ref" target="ww_15dba62495527dd5"/>
    </p0826-teimww:occursIn>
  </p0826-teimww:passage>
  <p0826-teimww:passage id="ww_e886e0bb26d6acb8">
    <knoraXmlImport:label>passage label</knoraXmlImport:label>
    <p0826-teimww:occursIn>
      <p0826-teimww:book knoraType="link_value" linkType="ref" target="ww_c8b9905743513fbf"/>
    </p0826-teimww:occursIn>
  </p0826-teimww:passage>
  <p0826-teimww:passage id="ww_52a8f0cf52e21b23">
    <knoraXmlImport:label>passage label</knoraXmlImport:label>
    <p0826-teimww:occursIn>
      <p0826-teimww:book knoraType="link_value" linkType="ref" target="ww_5caf2a980352ed3f"/>
    </p0826-teimww:occursIn>
    <p0826-teimww:text knoraType="richtext_value">That is the course he that will be popular must take, which if he neglect, and sit dallying at home, nor will be awaked by any indignities out of his love-dream, but suffer &lt;span class="quote"&gt;every upstart groom to defy him, set him at naught, and shake him by the beard unrevenged,&lt;/span&gt; let him straight take orders and be a Churchman, and then his patience may pass for a virtue, but &lt;span class="quote"&gt;otherwise he shall be suspected of cowardice, and not car'd for of any.&lt;/span&gt;</p0826-teimww:text>
  </p0826-teimww:passage>
  <p0826-teimww:passage id="ww_0a2958c28590013f">
    <knoraXmlImport:label>passage label</knoraXmlImport:label>
    <p0826-teimww:occursIn>
      <p0826-teimww:book knoraType="link_value" linkType="ref" target="ww_0b28ed19a0540e1d"/>
    </p0826-teimww:occursIn>
  </p0826-teimww:passage>
  <p0826-teimww:passage id="ww_794eb0fb07ca4efc">
    <knoraXmlImport:label>passage label</knoraXmlImport:label>
    <p0826-teimww:occursIn>
      <p0826-teimww:book knoraType="link_value" linkType="ref" target="ww_ca15500e7036f16e"/>
    </p0826-teimww:occursIn>
  </p0826-teimww:passage>
  <p0826-teimww:passage id="ww_6746a13b0135eb26">
    <knoraXmlImport:label>passage label</knoraXmlImport:label>
    <p0826-teimww:occursIn>
      <p0826-teimww:book knoraType="link_value" linkType="ref" target="ww_15dba62495527dd5"/>
    </p0826-teimww:occursIn>
  </p0826-teimww:passage>
  <p0826-teimww:passage id="ww_dea47f1bdf73667b">
    <knoraXmlImport:label>passage label</knoraXmlImport:label>
    <p0826-teimww:occursIn>
      <p0826-teimww:book knoraType="link_value" linkType="ref" target="ww_0d4732e83985c063"/>
    </p0826-teimww:occursIn>
    <p0826-teimww:text knoraType="richtext_value">[Edward:] [...] Gallop apace, bright Phoebus, through the sky, &lt;br&gt;
And, &lt;span class="quote"&gt;dusky Night, in rusty iron car &lt;/span&gt;[...].</p0826-teimww:text>
  </p0826-teimww:passage>
  <p0826-teimww:passage id="ww_52ddee34625bb8a9">
    <knoraXmlImport:label>passage label</knoraXmlImport:label>
    <p0826-teimww:occursIn>
      <p0826-teimww:book knoraType="link_value" linkType="ref" target="ww_7f5e9141d1116e89"/>
    </p0826-teimww:occursIn>
    <p0826-teimww:text knoraType="richtext_value">[Saturninus:] [...] My lords, you know, as know the mightful gods, 
&lt;br&gt;However &lt;span class="quote"&gt;these disturbers of our peace &lt;br&gt;
Buzz in the people's ears,&lt;/span&gt; there naught hath passed &lt;br&gt;
But even with law against the willful sons &lt;br&gt;
Of old Andronicus.</p0826-teimww:text>
  </p0826-teimww:passage>
  <p0826-teimww:passage id="ww_ad478a9c521be255">
    <knoraXmlImport:label>passage label</knoraXmlImport:label>
    <p0826-teimww:occursIn>
      <p0826-teimww:book knoraType="link_value" linkType="ref" target="ww_b3931845d54b98d5"/>
    </p0826-teimww:occursIn>
  </p0826-teimww:passage>
  <p0826-teimww:passage id="ww_6a8dfb000c0563f3">
    <knoraXmlImport:label>passage label</knoraXmlImport:label>
    <p0826-teimww:occursIn>
      <p0826-teimww:book knoraType="link_value" linkType="ref" target="ww_0d4732e83985c063"/>
    </p0826-teimww:occursIn>
    <p0826-teimww:text knoraType="richtext_value">[Younger Mortimer:] [...] Farewell, fair queen. Weep not for Mortimer, &lt;br&gt;
That scorns the world, and, as a traveller, &lt;br&gt;
Goes to &lt;span class="quote"&gt;discover countries yet unknown&lt;/span&gt;.</p0826-teimww:text>
  </p0826-teimww:passage>
  <p0826-teimww:passage id="ww_fba3a1753b20d1e3">
    <knoraXmlImport:label>passage label</knoraXmlImport:label>
    <p0826-teimww:occursIn>
      <p0826-teimww:book knoraType="link_value" linkType="ref" target="ww_b3931845d54b98d5"/>
    </p0826-teimww:occursIn>
  </p0826-teimww:passage>
  <p0826-teimww:passage id="ww_a0693828f45a0318">
    <knoraXmlImport:label>passage label</knoraXmlImport:label>
    <p0826-teimww:occursIn>
      <p0826-teimww:book knoraType="link_value" linkType="ref" target="ww_7f5e9141d1116e89"/>
    </p0826-teimww:occursIn>
    <p0826-teimww:text knoraType="richtext_value">[Young Lucius:] Grandsire, 'tis &lt;span class="quote"&gt;Ovid's Metamorphosis.&lt;br&gt;&lt;/span&gt;
My mother gave it me.</p0826-teimww:text>
  </p0826-teimww:passage>
  <p0826-teimww:passage id="ww_0081e9094684242f">
    <knoraXmlImport:label>passage label</knoraXmlImport:label>
    <p0826-teimww:occursIn>
      <p0826-teimww:book knoraType="link_value" linkType="ref" target="ww_f3b3659c26b68006"/>
    </p0826-teimww:occursIn>
  </p0826-teimww:passage>
  <p0826-teimww:passage id="ww_77737335e6bdbdc8">
    <knoraXmlImport:label>passage label</knoraXmlImport:label>
    <p0826-teimww:occursIn>
      <p0826-teimww:book knoraType="link_value" linkType="ref" target="ww_1140c36ab545b6d8"/>
    </p0826-teimww:occursIn>
  </p0826-teimww:passage>
  <p0826-teimww:passage id="ww_ac413c960b3f46ba">
    <knoraXmlImport:label>passage label</knoraXmlImport:label>
    <p0826-teimww:occursIn>
      <p0826-teimww:book knoraType="link_value" linkType="ref" target="ww_c8e25bef891b5536"/>
    </p0826-teimww:occursIn>
    <p0826-teimww:text knoraType="richtext_value">[King Richard:] For God's sake, &lt;span class="quote"&gt;let us sit upon the ground &lt;br&gt;
And tell sad stories &lt;/span&gt;of the death of kings - &lt;br&gt;
How some have been deposed, some slain in war […].</p0826-teimww:text>
  </p0826-teimww:passage>
  <p0826-teimww:passage id="ww_5d2312625ffe3b1a">
    <knoraXmlImport:label>passage label</knoraXmlImport:label>
    <p0826-teimww:occursIn>
      <p0826-teimww:book knoraType="link_value" linkType="ref" target="ww_5868d5560bdfc062"/>
    </p0826-teimww:occursIn>
  </p0826-teimww:passage>
  <p0826-teimww:passage id="ww_8207568848475533">
    <knoraXmlImport:label>passage label</knoraXmlImport:label>
    <p0826-teimww:occursIn>
      <p0826-teimww:book knoraType="link_value" linkType="ref" target="ww_c8e25bef891b5536"/>
    </p0826-teimww:occursIn>
    <p0826-teimww:text knoraType="richtext_value">[King Richard:] &lt;span class="quote"&gt;Let me unkiss the oath twixt thee and me; &lt;br&gt;&lt;/span&gt;
And yet not so, for with a kiss 'twas made. - &lt;br&gt;
Part us, Northumberland […].</p0826-teimww:text>
  </p0826-teimww:passage>
  <p0826-teimww:passage id="ww_dba7eca465e8143a">
    <knoraXmlImport:label>passage label</knoraXmlImport:label>
    <p0826-teimww:occursIn>
      <p0826-teimww:book knoraType="link_value" linkType="ref" target="ww_c8e25bef891b5536"/>
    </p0826-teimww:occursIn>
    <p0826-teimww:text knoraType="richtext_value">[York:] […] &lt;span class="quote"&gt;Mounted upon a hot and fiery steed, &lt;br&gt;
Which his aspiring rider seemed to know &lt;/span&gt;[…].</p0826-teimww:text>
  </p0826-teimww:passage>
  <p0826-teimww:passage id="ww_f101e6ad7939110d">
    <knoraXmlImport:label>passage label</knoraXmlImport:label>
    <p0826-teimww:occursIn>
      <p0826-teimww:book knoraType="link_value" linkType="ref" target="ww_a70c78f7c2563c1d"/>
    </p0826-teimww:occursIn>
    <p0826-teimww:text knoraType="richtext_value">[Ghosts of Princes:] Sleep, Richmond, sleep in peace and wake in joy. &lt;br&gt;
&lt;span class="quote"&gt;Good angels guard thee &lt;/span&gt;from the boar's annoy.</p0826-teimww:text>
  </p0826-teimww:passage>
  <p0826-teimww:passage id="ww_c3ba197aaf784154">
    <knoraXmlImport:label>passage label</knoraXmlImport:label>
    <p0826-teimww:occursIn>
      <p0826-teimww:book knoraType="link_value" linkType="ref" target="ww_1140c36ab545b6d8"/>
    </p0826-teimww:occursIn>
  </p0826-teimww:passage>
  <p0826-teimww:passage id="ww_f50ba3ce342f7b70">
    <knoraXmlImport:label>passage label</knoraXmlImport:label>
    <p0826-teimww:occursIn>
      <p0826-teimww:book knoraType="link_value" linkType="ref" target="ww_a70c78f7c2563c1d"/>
    </p0826-teimww:occursIn>
    <p0826-teimww:text knoraType="richtext_value">[Richard:] Go, gentlemen, every man unto his charge. &lt;br&gt;
Let not our babbling dreams affright our souls.&lt;br&gt;
&lt;span class="quote"&gt;Conscience is but a word that cowards use,&lt;/span&gt;&lt;br&gt;
Devised at first to keep the strong in awe. &lt;br&gt;</p0826-teimww:text>
  </p0826-teimww:passage>
  <p0826-teimww:passage id="ww_01e03bd4c960772a">
    <knoraXmlImport:label>passage label</knoraXmlImport:label>
    <p0826-teimww:occursIn>
      <p0826-teimww:book knoraType="link_value" linkType="ref" target="ww_55bc1a3b04bf8a8d"/>
    </p0826-teimww:occursIn>
  </p0826-teimww:passage>
  <p0826-teimww:passage id="ww_99f59b7622b7f2e0">
    <knoraXmlImport:label>passage label</knoraXmlImport:label>
    <p0826-teimww:occursIn>
      <p0826-teimww:book knoraType="link_value" linkType="ref" target="ww_c8e25bef891b5536"/>
    </p0826-teimww:occursIn>
    <p0826-teimww:text knoraType="richtext_value">[Gaunt:] &lt;span class="quote"&gt;Things sweet to taste prove in digestion sour.&lt;/span&gt;</p0826-teimww:text>
  </p0826-teimww:passage>
  <p0826-teimww:passage id="ww_6bb9fec00848aac9">
    <knoraXmlImport:label>passage label</knoraXmlImport:label>
    <p0826-teimww:occursIn>
      <p0826-teimww:book knoraType="link_value" linkType="ref" target="ww_1346944d637cbc76"/>
    </p0826-teimww:occursIn>
  </p0826-teimww:passage>
  <p0826-teimww:passage id="ww_c4f47388a55f154b">
    <knoraXmlImport:label>passage label</knoraXmlImport:label>
    <p0826-teimww:occursIn>
      <p0826-teimww:book knoraType="link_value" linkType="ref" target="ww_a70c78f7c2563c1d"/>
    </p0826-teimww:occursIn>
    <p0826-teimww:text knoraType="richtext_value">[Richard:] Thou sing’st sweet music. Hark, come hither, Tyrrel.&lt;br&gt;
Go, by this token. Rise, and lend thine ear.&lt;br&gt;
&lt;span class="quote"&gt;There is no more but so. &lt;/span&gt;Say it is done, &lt;br&gt;
And I will love thee and prefer thee for it.</p0826-teimww:text>
  </p0826-teimww:passage>
  <p0826-teimww:passage id="ww_0e989d7735f414e6">
    <knoraXmlImport:label>passage label</knoraXmlImport:label>
    <p0826-teimww:occursIn>
      <p0826-teimww:book knoraType="link_value" linkType="ref" target="ww_b3931845d54b98d5"/>
    </p0826-teimww:occursIn>
  </p0826-teimww:passage>
  <p0826-teimww:passage id="ww_3c24c61bfe578994">
    <knoraXmlImport:label>passage label</knoraXmlImport:label>
    <p0826-teimww:occursIn>
      <p0826-teimww:book knoraType="link_value" linkType="ref" target="ww_a70c78f7c2563c1d"/>
    </p0826-teimww:occursIn>
    <p0826-teimww:text knoraType="richtext_value">[Buckingham:] &lt;span class="quote"&gt;My hair doth stand an end &lt;/span&gt;to hear her curses.</p0826-teimww:text>
  </p0826-teimww:passage>
  <p0826-teimww:passage id="ww_2128f4cac77e4350">
    <knoraXmlImport:label>passage label</knoraXmlImport:label>
    <p0826-teimww:occursIn>
      <p0826-teimww:book knoraType="link_value" linkType="ref" target="ww_3e15ab6c612eadae"/>
    </p0826-teimww:occursIn>
  </p0826-teimww:passage>
  <p0826-teimww:passage id="ww_99f2e8ee0e886305">
    <knoraXmlImport:label>passage label</knoraXmlImport:label>
    <p0826-teimww:occursIn>
      <p0826-teimww:book knoraType="link_value" linkType="ref" target="ww_c81f995a09baa142"/>
    </p0826-teimww:occursIn>
    <p0826-teimww:text knoraType="richtext_value">To the most honoured and virtuous, &lt;span class="quote"&gt;beautified&lt;/span&gt; lady, the lady Elizabeth Carey</p0826-teimww:text>
  </p0826-teimww:passage>
  <p0826-teimww:passage id="ww_8e98af0cd78be358">
    <knoraXmlImport:label>passage label</knoraXmlImport:label>
    <p0826-teimww:occursIn>
      <p0826-teimww:book knoraType="link_value" linkType="ref" target="ww_b3931845d54b98d5"/>
    </p0826-teimww:occursIn>
  </p0826-teimww:passage>
  <p0826-teimww:passage id="ww_aa99fe97b00483e9">
    <knoraXmlImport:label>passage label</knoraXmlImport:label>
    <p0826-teimww:occursIn>
      <p0826-teimww:book knoraType="link_value" linkType="ref" target="ww_a70c78f7c2563c1d"/>
    </p0826-teimww:occursIn>
    <p0826-teimww:text knoraType="richtext_value">[Richard:] He was the right, and so indeed it is.&lt;br&gt;
Tell the clock there. Give me a calendar. &lt;br&gt;
Who saw &lt;span class="quote"&gt;the sun today?&lt;br&gt;&lt;/span&gt;
[Ratcliffe:] &lt;span class="quote"&gt;Not I, &lt;/span&gt;my lord.</p0826-teimww:text>
  </p0826-teimww:passage>
  <p0826-teimww:passage id="ww_34847d28b3397e25">
    <knoraXmlImport:label>passage label</knoraXmlImport:label>
    <p0826-teimww:occursIn>
      <p0826-teimww:book knoraType="link_value" linkType="ref" target="ww_5af91280461707f1"/>
    </p0826-teimww:occursIn>
  </p0826-teimww:passage>
  <p0826-teimww:passage id="ww_e183d4f00814614b">
    <knoraXmlImport:label>passage label</knoraXmlImport:label>
    <p0826-teimww:occursIn>
      <p0826-teimww:book knoraType="link_value" linkType="ref" target="ww_a70c78f7c2563c1d"/>
    </p0826-teimww:occursIn>
    <p0826-teimww:text knoraType="richtext_value">[Richmond:] &lt;span class="quote"&gt;The father rashly slaughtered his own son; &lt;br&gt;
The son, compelled, been butcher to the sire.&lt;/span&gt;</p0826-teimww:text>
  </p0826-teimww:passage>
  <p0826-teimww:passage id="ww_8a7f68cac7685251">
    <knoraXmlImport:label>passage label</knoraXmlImport:label>
    <p0826-teimww:occursIn>
      <p0826-teimww:book knoraType="link_value" linkType="ref" target="ww_a70c78f7c2563c1d"/>
    </p0826-teimww:occursIn>
    <p0826-teimww:text knoraType="richtext_value">[Richard:] Give me another horse! Bind up my wounds! &lt;br&gt;
Have mercy, Jesu! - Soft, I did but dream.&lt;br&gt;
&lt;span class="quote"&gt;O coward conscience, &lt;/span&gt;how dost thou afflict me! </p0826-teimww:text>
  </p0826-teimww:passage>
  <p0826-teimww:passage id="ww_f03664c557616b51">
    <knoraXmlImport:label>passage label</knoraXmlImport:label>
    <p0826-teimww:occursIn>
      <p0826-teimww:book knoraType="link_value" linkType="ref" target="ww_55bc1a3b04bf8a8d"/>
    </p0826-teimww:occursIn>
  </p0826-teimww:passage>
  <p0826-teimww:passage id="ww_424253a2963de103">
    <knoraXmlImport:label>passage label</knoraXmlImport:label>
    <p0826-teimww:occursIn>
      <p0826-teimww:book knoraType="link_value" linkType="ref" target="ww_a70c78f7c2563c1d"/>
    </p0826-teimww:occursIn>
    <p0826-teimww:text knoraType="richtext_value">[Duchess:] Dead life, blind sight, poor mortal living ghost,&lt;br&gt;
Woe’s scene, world’s shame, grave’s due by life
usurped,&lt;br&gt;
&lt;span class="quote"&gt;Brief abstract and record of tedious days,&lt;br&gt;&lt;/span&gt;
Rest thy unrest on England’s lawful earth,&lt;br&gt;
Unlawfully made drunk with innocent blood.</p0826-teimww:text>
  </p0826-teimww:passage>
  <p0826-teimww:passage id="ww_ad587f96356ea492">
    <knoraXmlImport:label>passage label</knoraXmlImport:label>
    <p0826-teimww:occursIn>
      <p0826-teimww:book knoraType="link_value" linkType="ref" target="ww_b3931845d54b98d5"/>
    </p0826-teimww:occursIn>
  </p0826-teimww:passage>
  <p0826-teimww:passage id="ww_51c5ddb7baff7fe2">
    <knoraXmlImport:label>passage label</knoraXmlImport:label>
    <p0826-teimww:occursIn>
      <p0826-teimww:book knoraType="link_value" linkType="ref" target="ww_9d0b02a61888dad4"/>
    </p0826-teimww:occursIn>
    <p0826-teimww:text knoraType="richtext_value">I have a fine bow, and an ivory arrow: &lt;br&gt;
And if thou miss, yet meat thou shalt lack, &lt;br&gt;
I'll hang a bag and bottle at thy back. &lt;br&gt; &lt;br&gt;

&lt;span class="quote"&gt;Wilt thou set springs in a frosty Night, &lt;br&gt;
To catch the long-billed Woodcock&lt;/span&gt; and the Snipe? &lt;br&gt;
(By the bright glimmering of the Starry light) &lt;br&gt;
The Partridge, Phaesant, or the greedy Crype?</p0826-teimww:text>
  </p0826-teimww:passage>
  <p0826-teimww:passage id="ww_408682c9d5a7663e">
    <knoraXmlImport:label>passage label</knoraXmlImport:label>
    <p0826-teimww:occursIn>
      <p0826-teimww:book knoraType="link_value" linkType="ref" target="ww_05a629a7b774cea6"/>
    </p0826-teimww:occursIn>
    <p0826-teimww:text knoraType="richtext_value">&lt;span class="quote"&gt;Bonny Sweet Robin&lt;/span&gt;</p0826-teimww:text>
  </p0826-teimww:passage>
  <p0826-teimww:passage id="ww_dd085c2669b41135">
    <knoraXmlImport:label>passage label</knoraXmlImport:label>
    <p0826-teimww:occursIn>
      <p0826-teimww:book knoraType="link_value" linkType="ref" target="ww_0dd5e309103973fb"/>
    </p0826-teimww:occursIn>
  </p0826-teimww:passage>
  <p0826-teimww:passage id="ww_c379c9a74a9898d2">
    <knoraXmlImport:label>passage label</knoraXmlImport:label>
    <p0826-teimww:occursIn>
      <p0826-teimww:book knoraType="link_value" linkType="ref" target="ww_9f7146452fc1243e"/>
    </p0826-teimww:occursIn>
    <p0826-teimww:text knoraType="richtext_value">[...] because they fear not death, they shold fear &lt;span class="quote"&gt;something after death&lt;/span&gt; [...].</p0826-teimww:text>
  </p0826-teimww:passage>
  <p0826-teimww:passage id="ww_2049002369719a41">
    <knoraXmlImport:label>passage label</knoraXmlImport:label>
    <p0826-teimww:occursIn>
      <p0826-teimww:book knoraType="link_value" linkType="ref" target="ww_91e0dc4c671938fa"/>
    </p0826-teimww:occursIn>
  </p0826-teimww:passage>
  <p0826-teimww:passage id="ww_3abc480d4071fad6">
    <knoraXmlImport:label>passage label</knoraXmlImport:label>
    <p0826-teimww:occursIn>
      <p0826-teimww:book knoraType="link_value" linkType="ref" target="ww_0d665e488e8f55e8"/>
    </p0826-teimww:occursIn>
    <p0826-teimww:text knoraType="richtext_value">For &lt;span class="quote"&gt;princes are the glass, the school, the book,  &lt;br&gt;&lt;/span&gt;
Where subjects' eyes do learn, do read, do look.</p0826-teimww:text>
  </p0826-teimww:passage>
  <p0826-teimww:passage id="ww_df8a884db9f005f4">
    <knoraXmlImport:label>passage label</knoraXmlImport:label>
    <p0826-teimww:occursIn>
      <p0826-teimww:book knoraType="link_value" linkType="ref" target="ww_1140c36ab545b6d8"/>
    </p0826-teimww:occursIn>
  </p0826-teimww:passage>
  <p0826-teimww:passage id="ww_4ef828cd02b80327">
    <knoraXmlImport:label>passage label</knoraXmlImport:label>
    <p0826-teimww:occursIn>
      <p0826-teimww:book knoraType="link_value" linkType="ref" target="ww_15dba62495527dd5"/>
    </p0826-teimww:occursIn>
  </p0826-teimww:passage>
  <p0826-teimww:passage id="ww_cf904c000bc2e695">
    <knoraXmlImport:label>passage label</knoraXmlImport:label>
    <p0826-teimww:occursIn>
      <p0826-teimww:book knoraType="link_value" linkType="ref" target="ww_2df21bfefce592b6"/>
    </p0826-teimww:occursIn>
    <p0826-teimww:text knoraType="richtext_value">If of a number of shreds of his sentences he can shape an oration, from all the world he &lt;span class="quote"&gt;carries it away&lt;/span&gt;, although in truth it be no more than a fool's coat of many colours.</p0826-teimww:text>
  </p0826-teimww:passage>
  <p0826-teimww:passage id="ww_e35e1f13469410b0">
    <knoraXmlImport:label>passage label</knoraXmlImport:label>
    <p0826-teimww:occursIn>
      <p0826-teimww:book knoraType="link_value" linkType="ref" target="ww_b3931845d54b98d5"/>
    </p0826-teimww:occursIn>
  </p0826-teimww:passage>
  <p0826-teimww:passage id="ww_06b1a59be68c2615">
    <knoraXmlImport:label>passage label</knoraXmlImport:label>
    <p0826-teimww:occursIn>
      <p0826-teimww:book knoraType="link_value" linkType="ref" target="ww_dfd8d9b13312aac6"/>
    </p0826-teimww:occursIn>
    <p0826-teimww:text knoraType="richtext_value">[Mercutio:] For this driveling love is like a great natural that runs lolling up and down &lt;span class="quote"&gt;to hide his bauble in a hole.&lt;/span&gt;</p0826-teimww:text>
  </p0826-teimww:passage>
  <p0826-teimww:passage id="ww_bf86d73b48571810">
    <knoraXmlImport:label>passage label</knoraXmlImport:label>
    <p0826-teimww:occursIn>
      <p0826-teimww:book knoraType="link_value" linkType="ref" target="ww_0f0f2ccb24fa3b96"/>
    </p0826-teimww:occursIn>
  </p0826-teimww:passage>
  <p0826-teimww:passage id="ww_60259cd3a1ff2259">
    <knoraXmlImport:label>passage label</knoraXmlImport:label>
    <p0826-teimww:occursIn>
      <p0826-teimww:book knoraType="link_value" linkType="ref" target="ww_dfd8d9b13312aac6"/>
    </p0826-teimww:occursIn>
    <p0826-teimww:text knoraType="richtext_value">[Juliet:] How camest thou hither, tell me, and wherefore?&lt;br&gt;
The orchard walls are high and hard to climb,&lt;br&gt;
And &lt;span class="quote"&gt;the place death, considering who thou art, &lt;br&gt;
If any of my kinsmen find thee here.&lt;/span&gt;</p0826-teimww:text>
  </p0826-teimww:passage>
  <p0826-teimww:passage id="ww_cd801832b2f51499">
    <knoraXmlImport:label>passage label</knoraXmlImport:label>
    <p0826-teimww:occursIn>
      <p0826-teimww:book knoraType="link_value" linkType="ref" target="ww_dfd8d9b13312aac6"/>
    </p0826-teimww:occursIn>
    <p0826-teimww:text knoraType="richtext_value">[Nurse:] There's &lt;span class="quote"&gt;no trust &lt;br&gt;
No faith, no honesty in men.&lt;/span&gt;</p0826-teimww:text>
  </p0826-teimww:passage>
  <p0826-teimww:passage id="ww_fb5d131e0c418129">
    <knoraXmlImport:label>passage label</knoraXmlImport:label>
    <p0826-teimww:occursIn>
      <p0826-teimww:book knoraType="link_value" linkType="ref" target="ww_1140c36ab545b6d8"/>
    </p0826-teimww:occursIn>
  </p0826-teimww:passage>
  <p0826-teimww:passage id="ww_69f138786882781e">
    <knoraXmlImport:label>passage label</knoraXmlImport:label>
    <p0826-teimww:occursIn>
      <p0826-teimww:book knoraType="link_value" linkType="ref" target="ww_c8e25bef891b5536"/>
    </p0826-teimww:occursIn>
    <p0826-teimww:text knoraType="richtext_value">[Mowbray:] [...] &lt;span class="quote"&gt;And now my tongue's use is to me no more&lt;br&gt;
Than an unstringèd viol or a harp, up &lt;br&gt;
Or, being open, put into his hands &lt;br&gt;
That knows no touch to tune the harmony.&lt;/span&gt;</p0826-teimww:text>
  </p0826-teimww:passage>
  <p0826-teimww:passage id="ww_5ef72002569f3aef">
    <knoraXmlImport:label>passage label</knoraXmlImport:label>
    <p0826-teimww:occursIn>
      <p0826-teimww:book knoraType="link_value" linkType="ref" target="ww_b3931845d54b98d5"/>
    </p0826-teimww:occursIn>
  </p0826-teimww:passage>
  <p0826-teimww:passage id="ww_77e194482ee6f799">
    <knoraXmlImport:label>passage label</knoraXmlImport:label>
    <p0826-teimww:occursIn>
      <p0826-teimww:book knoraType="link_value" linkType="ref" target="ww_c8e25bef891b5536"/>
    </p0826-teimww:occursIn>
    <p0826-teimww:text knoraType="richtext_value">[Richard:] Must I do so? And &lt;span class="quote"&gt;must I ravel out &lt;br&gt;
My weaved-up follies?&lt;/span&gt;</p0826-teimww:text>
  </p0826-teimww:passage>
  <p0826-teimww:passage id="ww_324376d1010d4eac">
    <knoraXmlImport:label>passage label</knoraXmlImport:label>
    <p0826-teimww:occursIn>
      <p0826-teimww:book knoraType="link_value" linkType="ref" target="ww_b3931845d54b98d5"/>
    </p0826-teimww:occursIn>
  </p0826-teimww:passage>
  <p0826-teimww:passage id="ww_c50a1a69817880e1">
    <knoraXmlImport:label>passage label</knoraXmlImport:label>
    <p0826-teimww:occursIn>
      <p0826-teimww:book knoraType="link_value" linkType="ref" target="ww_c8e25bef891b5536"/>
    </p0826-teimww:occursIn>
    <p0826-teimww:text knoraType="richtext_value">[Bolingbroke:] &lt;span class="quote"&gt;Go, some of you, and fetch a looking-glass.&lt;/span&gt;</p0826-teimww:text>
  </p0826-teimww:passage>
  <p0826-teimww:passage id="ww_9d589d9a5aa6bb31">
    <knoraXmlImport:label>passage label</knoraXmlImport:label>
    <p0826-teimww:occursIn>
      <p0826-teimww:book knoraType="link_value" linkType="ref" target="ww_b3931845d54b98d5"/>
    </p0826-teimww:occursIn>
  </p0826-teimww:passage>
  <p0826-teimww:passage id="ww_a17192d6d4852db1">
    <knoraXmlImport:label>passage label</knoraXmlImport:label>
    <p0826-teimww:occursIn>
      <p0826-teimww:book knoraType="link_value" linkType="ref" target="ww_dfd8d9b13312aac6"/>
    </p0826-teimww:occursIn>
    <p0826-teimww:text knoraType="richtext_value">[Tybalt:] What, drawn and talk of peace? I hate the word &lt;br&gt;
As I hate hell, all Montagues, and thee. &lt;br&gt;
&lt;span class="quote"&gt;Have at thee, coward!&lt;/span&gt;&lt;br&gt;
&lt;br&gt;
[Romeo:] Wilt thou provoke me? &lt;span class="quote"&gt;Then have at thee, boy!&lt;/span&gt;</p0826-teimww:text>
  </p0826-teimww:passage>
  <p0826-teimww:passage id="ww_1fe1af9bd625f375">
    <knoraXmlImport:label>passage label</knoraXmlImport:label>
    <p0826-teimww:occursIn>
      <p0826-teimww:book knoraType="link_value" linkType="ref" target="ww_b3931845d54b98d5"/>
    </p0826-teimww:occursIn>
  </p0826-teimww:passage>
  <p0826-teimww:passage id="ww_628380e30f4c3698">
    <knoraXmlImport:label>passage label</knoraXmlImport:label>
    <p0826-teimww:occursIn>
      <p0826-teimww:book knoraType="link_value" linkType="ref" target="ww_dfd8d9b13312aac6"/>
    </p0826-teimww:occursIn>
    <p0826-teimww:text knoraType="richtext_value">[Nurse:] [...] &lt;span class="quote"&gt;I do bear a brain.&lt;/span&gt;</p0826-teimww:text>
  </p0826-teimww:passage>
  <p0826-teimww:passage id="ww_54ed53e1bcd948b3">
    <knoraXmlImport:label>passage label</knoraXmlImport:label>
    <p0826-teimww:occursIn>
      <p0826-teimww:book knoraType="link_value" linkType="ref" target="ww_55bc1a3b04bf8a8d"/>
    </p0826-teimww:occursIn>
  </p0826-teimww:passage>
  <p0826-teimww:passage id="ww_4cd60c9d958685b4">
    <knoraXmlImport:label>passage label</knoraXmlImport:label>
    <p0826-teimww:occursIn>
      <p0826-teimww:book knoraType="link_value" linkType="ref" target="ww_dfd8d9b13312aac6"/>
    </p0826-teimww:occursIn>
    <p0826-teimww:text knoraType="richtext_value">[Nurse:] [...] if you should&lt;span class="quote"&gt; lead her into a fool's paradise, &lt;/span&gt;as they say, it were a very gross kind of behavior, as they say.</p0826-teimww:text>
  </p0826-teimww:passage>
  <p0826-teimww:passage id="ww_e89ae395463de88e">
    <knoraXmlImport:label>passage label</knoraXmlImport:label>
    <p0826-teimww:occursIn>
      <p0826-teimww:book knoraType="link_value" linkType="ref" target="ww_67e1fbe9bd0f1b9d"/>
    </p0826-teimww:occursIn>
  </p0826-teimww:passage>
  <p0826-teimww:passage id="ww_f5a7054c0011149b">
    <knoraXmlImport:label>passage label</knoraXmlImport:label>
    <p0826-teimww:occursIn>
      <p0826-teimww:book knoraType="link_value" linkType="ref" target="ww_dfd8d9b13312aac6"/>
    </p0826-teimww:occursIn>
    <p0826-teimww:text knoraType="richtext_value">[Romeo:] See how she leans her cheek upon her hand.&lt;br&gt;
&lt;span class="quote"&gt;O, that I were a glove upon that hand,&lt;br&gt;&lt;/span&gt;
That I might touch that cheek!</p0826-teimww:text>
  </p0826-teimww:passage>
  <p0826-teimww:passage id="ww_08991bec1aa5511a">
    <knoraXmlImport:label>passage label</knoraXmlImport:label>
    <p0826-teimww:occursIn>
      <p0826-teimww:book knoraType="link_value" linkType="ref" target="ww_1140c36ab545b6d8"/>
    </p0826-teimww:occursIn>
  </p0826-teimww:passage>
  <p0826-teimww:passage id="ww_2f8ef1847c5631ab">
    <knoraXmlImport:label>passage label</knoraXmlImport:label>
    <p0826-teimww:occursIn>
      <p0826-teimww:book knoraType="link_value" linkType="ref" target="ww_dfd8d9b13312aac6"/>
    </p0826-teimww:occursIn>
    <p0826-teimww:text knoraType="richtext_value">[Nurse:] Even or odd, &lt;span class="quote"&gt;of all days in the year&lt;br&gt;&lt;/span&gt;
Come Lammas Eve at night shall she be fourteen. [...]&lt;br&gt;
And she was weaned (I never shall forget it) &lt;br&gt;
&lt;span class="quote"&gt;Of all the days of the year, upon that day. &lt;/span&gt;</p0826-teimww:text>
  </p0826-teimww:passage>
  <p0826-teimww:passage id="ww_887817bb932412a6">
    <knoraXmlImport:label>passage label</knoraXmlImport:label>
    <p0826-teimww:occursIn>
      <p0826-teimww:book knoraType="link_value" linkType="ref" target="ww_b3931845d54b98d5"/>
    </p0826-teimww:occursIn>
  </p0826-teimww:passage>
  <p0826-teimww:passage id="ww_3224a831a8c5362a">
    <knoraXmlImport:label>passage label</knoraXmlImport:label>
    <p0826-teimww:occursIn>
      <p0826-teimww:book knoraType="link_value" linkType="ref" target="ww_c8e25bef891b5536"/>
    </p0826-teimww:occursIn>
    <p0826-teimww:text knoraType="richtext_value">[Gardener:] Poor queen, so that thy state might be no worse, &lt;br&gt;
I would my skill were subject to thy curse.&lt;br&gt;
Here did she fall a tear. Here in this place &lt;br&gt;
I'll set a bank of &lt;span class="quote"&gt;rue, sour herb of grace.&lt;/span&gt; </p0826-teimww:text>
  </p0826-teimww:passage>
  <p0826-teimww:passage id="ww_214ee6e14a21086f">
    <knoraXmlImport:label>passage label</knoraXmlImport:label>
    <p0826-teimww:occursIn>
      <p0826-teimww:book knoraType="link_value" linkType="ref" target="ww_b3931845d54b98d5"/>
    </p0826-teimww:occursIn>
  </p0826-teimww:passage>
  <p0826-teimww:passage id="ww_f8461dc2b3b1cf1c">
    <knoraXmlImport:label>passage label</knoraXmlImport:label>
    <p0826-teimww:occursIn>
      <p0826-teimww:book knoraType="link_value" linkType="ref" target="ww_dfd8d9b13312aac6"/>
    </p0826-teimww:occursIn>
    <p0826-teimww:text knoraType="richtext_value">[First Watch:] &lt;span class="quote"&gt;Go, some of you; &lt;/span&gt;whoe'er you find, attach.</p0826-teimww:text>
  </p0826-teimww:passage>
  <p0826-teimww:passage id="ww_704f35e865acc4fd">
    <knoraXmlImport:label>passage label</knoraXmlImport:label>
    <p0826-teimww:occursIn>
      <p0826-teimww:book knoraType="link_value" linkType="ref" target="ww_55bc1a3b04bf8a8d"/>
    </p0826-teimww:occursIn>
  </p0826-teimww:passage>
  <p0826-teimww:passage id="ww_05c97b1e129c7589">
    <knoraXmlImport:label>passage label</knoraXmlImport:label>
    <p0826-teimww:occursIn>
      <p0826-teimww:book knoraType="link_value" linkType="ref" target="ww_c8e25bef891b5536"/>
    </p0826-teimww:occursIn>
    <p0826-teimww:text knoraType="richtext_value">[Bolingbroke:] &lt;span class="quote"&gt;Go, some of you, &lt;/span&gt;convey him to the Tower.</p0826-teimww:text>
  </p0826-teimww:passage>
  <p0826-teimww:passage id="ww_cfa62773a8d78386">
    <knoraXmlImport:label>passage label</knoraXmlImport:label>
    <p0826-teimww:occursIn>
      <p0826-teimww:book knoraType="link_value" linkType="ref" target="ww_55bc1a3b04bf8a8d"/>
    </p0826-teimww:occursIn>
  </p0826-teimww:passage>
  <p0826-teimww:passage id="ww_67e00092d3b66d63">
    <knoraXmlImport:label>passage label</knoraXmlImport:label>
    <p0826-teimww:occursIn>
      <p0826-teimww:book knoraType="link_value" linkType="ref" target="ww_dfd8d9b13312aac6"/>
    </p0826-teimww:occursIn>
    <p0826-teimww:text knoraType="richtext_value">[Mercutio:] [...] &lt;span class="quote"&gt;Now will he sit under a medlar tree &lt;br&gt;
And wish his mistress were that kind of fruit &lt;br&gt;
As maids call medlars when they laugh alone.&lt;/span&gt;</p0826-teimww:text>
  </p0826-teimww:passage>
  <p0826-teimww:passage id="ww_ca8a11047cce0eab">
    <knoraXmlImport:label>passage label</knoraXmlImport:label>
    <p0826-teimww:occursIn>
      <p0826-teimww:book knoraType="link_value" linkType="ref" target="ww_dfd8d9b13312aac6"/>
    </p0826-teimww:occursIn>
    <p0826-teimww:text knoraType="richtext_value">[Mercutio:] [...] O Romeo, that she were, O, that she were &lt;br&gt;
&lt;span class="quote"&gt;An open-arse, thou a pop'rin pear.&lt;/span&gt;</p0826-teimww:text>
  </p0826-teimww:passage>
  <p0826-teimww:passage id="ww_c18a99ec668d444c">
    <knoraXmlImport:label>passage label</knoraXmlImport:label>
    <p0826-teimww:occursIn>
      <p0826-teimww:book knoraType="link_value" linkType="ref" target="ww_1e4f95f951f2169f"/>
    </p0826-teimww:occursIn>
    <p0826-teimww:text knoraType="richtext_value">[Oberon:] [...] So shall all the couples three&lt;br&gt;
Ever true in loving be,&lt;br&gt;
And &lt;span class="quote"&gt;the blots of Nature's hand &lt;br&gt;&lt;/span&gt;
Shall not in their issue stand.</p0826-teimww:text>
  </p0826-teimww:passage>
  <p0826-teimww:passage id="ww_69e015f4d711bc53">
    <knoraXmlImport:label>passage label</knoraXmlImport:label>
    <p0826-teimww:occursIn>
      <p0826-teimww:book knoraType="link_value" linkType="ref" target="ww_b3931845d54b98d5"/>
    </p0826-teimww:occursIn>
  </p0826-teimww:passage>
  <p0826-teimww:passage id="ww_2b375709638b8e46">
    <knoraXmlImport:label>passage label</knoraXmlImport:label>
    <p0826-teimww:occursIn>
      <p0826-teimww:book knoraType="link_value" linkType="ref" target="ww_dfd8d9b13312aac6"/>
    </p0826-teimww:occursIn>
    <p0826-teimww:text knoraType="richtext_value">[Romeo:] […] &lt;span class="quote"&gt;Dry sorrow drinks our blood.&lt;/span&gt;</p0826-teimww:text>
  </p0826-teimww:passage>
  <p0826-teimww:passage id="ww_09abcacdcaba6d61">
    <knoraXmlImport:label>passage label</knoraXmlImport:label>
    <p0826-teimww:occursIn>
      <p0826-teimww:book knoraType="link_value" linkType="ref" target="ww_dfd8d9b13312aac6"/>
    </p0826-teimww:occursIn>
    <p0826-teimww:text knoraType="richtext_value">[Lady Capulet:]  Ay, sir, but &lt;span class="quote"&gt;she will none, she gives you thanks.&lt;/span&gt;</p0826-teimww:text>
  </p0826-teimww:passage>
  <p0826-teimww:passage id="ww_1750921f3eb1ab1a">
    <knoraXmlImport:label>passage label</knoraXmlImport:label>
    <p0826-teimww:occursIn>
      <p0826-teimww:book knoraType="link_value" linkType="ref" target="ww_1140c36ab545b6d8"/>
    </p0826-teimww:occursIn>
  </p0826-teimww:passage>
  <p0826-teimww:passage id="ww_322c35e8aee9aaf6">
    <knoraXmlImport:label>passage label</knoraXmlImport:label>
    <p0826-teimww:occursIn>
      <p0826-teimww:book knoraType="link_value" linkType="ref" target="ww_1e4f95f951f2169f"/>
    </p0826-teimww:occursIn>
    <p0826-teimww:text knoraType="richtext_value">[Lysander:] [...] I have a widow aunt, a dowager &lt;br&gt;
Of great revenue, and she hath no child. &lt;br&gt;
From Athens is her house remote seven leagues, &lt;br&gt;
And she respects me as her only son. &lt;br&gt;
&lt;span class="quote"&gt;There, gentle Hermia, may I marry thee; &lt;br&gt;
And to that place the sharp Athenian law &lt;br&gt;
Cannot pursue us.&lt;/span&gt;</p0826-teimww:text>
  </p0826-teimww:passage>
  <p0826-teimww:passage id="ww_5ae310b29824659c">
    <knoraXmlImport:label>passage label</knoraXmlImport:label>
    <p0826-teimww:occursIn>
      <p0826-teimww:book knoraType="link_value" linkType="ref" target="ww_1140c36ab545b6d8"/>
    </p0826-teimww:occursIn>
  </p0826-teimww:passage>
  <p0826-teimww:passage id="ww_f92d168e5da3d9b5">
    <knoraXmlImport:label>passage label</knoraXmlImport:label>
    <p0826-teimww:occursIn>
      <p0826-teimww:book knoraType="link_value" linkType="ref" target="ww_dfd8d9b13312aac6"/>
    </p0826-teimww:occursIn>
    <p0826-teimww:text knoraType="richtext_value">[Juliet:] &lt;span class="quote"&gt;Too like the lightning, which doth cease to be &lt;br&gt;
Ere one can say "It lightens."&lt;span class="quote"&gt;</p0826-teimww:text>
  </p0826-teimww:passage>
  <p0826-teimww:passage id="ww_a9a69f25c6693882">
    <knoraXmlImport:label>passage label</knoraXmlImport:label>
    <p0826-teimww:occursIn>
      <p0826-teimww:book knoraType="link_value" linkType="ref" target="ww_dfd8d9b13312aac6"/>
    </p0826-teimww:occursIn>
    <p0826-teimww:text knoraType="richtext_value">[Benvolio:] He swung about his head, and cut the winds,&lt;br&gt;
Who, nothing hurt withal, &lt;span class="quote"&gt;hiss'd him in scorn.&lt;/span&gt;</p0826-teimww:text>
  </p0826-teimww:passage>
  <p0826-teimww:passage id="ww_a46c66fb439682d1">
    <knoraXmlImport:label>passage label</knoraXmlImport:label>
    <p0826-teimww:occursIn>
      <p0826-teimww:book knoraType="link_value" linkType="ref" target="ww_dfd8d9b13312aac6"/>
    </p0826-teimww:occursIn>
    <p0826-teimww:text knoraType="richtext_value">[Capulet:] Wife, we scarce thought us blessed &lt;br&gt;
That &lt;span class="quote"&gt;God had lent us but this only child, &lt;br&gt;
But now I see this one is one too much, &lt;br&gt;
And that we have a curse in having her. &lt;/span&gt;</p0826-teimww:text>
  </p0826-teimww:passage>
  <p0826-teimww:passage id="ww_a2d7abfb47529966">
    <knoraXmlImport:label>passage label</knoraXmlImport:label>
    <p0826-teimww:occursIn>
      <p0826-teimww:book knoraType="link_value" linkType="ref" target="ww_1140c36ab545b6d8"/>
    </p0826-teimww:occursIn>
  </p0826-teimww:passage>
  <p0826-teimww:passage id="ww_1d3ab7563eee2e3d">
    <knoraXmlImport:label>passage label</knoraXmlImport:label>
    <p0826-teimww:occursIn>
      <p0826-teimww:book knoraType="link_value" linkType="ref" target="ww_1e4f95f951f2169f"/>
    </p0826-teimww:occursIn>
    <p0826-teimww:text knoraType="richtext_value">[Oberon:] [...] And this ditty, after me &lt;br&gt;
Sing and dance it &lt;span class="quote"&gt;trippingly.&lt;/span&gt;</p0826-teimww:text>
  </p0826-teimww:passage>
  <p0826-teimww:passage id="ww_6f38b702dda3d2fd">
    <knoraXmlImport:label>passage label</knoraXmlImport:label>
    <p0826-teimww:occursIn>
      <p0826-teimww:book knoraType="link_value" linkType="ref" target="ww_3e15ab6c612eadae"/>
    </p0826-teimww:occursIn>
  </p0826-teimww:passage>
  <p0826-teimww:passage id="ww_4e0cc0707f239213">
    <knoraXmlImport:label>passage label</knoraXmlImport:label>
    <p0826-teimww:occursIn>
      <p0826-teimww:book knoraType="link_value" linkType="ref" target="ww_dfd8d9b13312aac6"/>
    </p0826-teimww:occursIn>
    <p0826-teimww:text knoraType="richtext_value">&lt;span class="quote"&gt;Romeo and Juliet&lt;/span&gt;</p0826-teimww:text>
  </p0826-teimww:passage>
  <p0826-teimww:passage id="ww_0830f5aee4457982">
    <knoraXmlImport:label>passage label</knoraXmlImport:label>
    <p0826-teimww:occursIn>
      <p0826-teimww:book knoraType="link_value" linkType="ref" target="ww_0f0f2ccb24fa3b96"/>
    </p0826-teimww:occursIn>
  </p0826-teimww:passage>
  <p0826-teimww:passage id="ww_57914e222a6db479">
    <knoraXmlImport:label>passage label</knoraXmlImport:label>
    <p0826-teimww:occursIn>
      <p0826-teimww:book knoraType="link_value" linkType="ref" target="ww_1140c36ab545b6d8"/>
    </p0826-teimww:occursIn>
  </p0826-teimww:passage>
  <p0826-teimww:passage id="ww_c8d4464eb5cf9a20">
    <knoraXmlImport:label>passage label</knoraXmlImport:label>
    <p0826-teimww:occursIn>
      <p0826-teimww:book knoraType="link_value" linkType="ref" target="ww_dfd8d9b13312aac6"/>
    </p0826-teimww:occursIn>
    <p0826-teimww:text knoraType="richtext_value">[Friar:] &lt;span class="quote"&gt;And nought so rich on either rock or shelf, &lt;br&gt;
But, if unknown, lies uselesse to it self. &lt;br&gt;
Therefore who thus doth make their secrets known, &lt;br&gt;
Doth profit others, and not hurt his own.&lt;/span&gt;</p0826-teimww:text>
  </p0826-teimww:passage>
  <p0826-teimww:passage id="ww_5cf1ffb8b978a3b9">
    <knoraXmlImport:label>passage label</knoraXmlImport:label>
    <p0826-teimww:occursIn>
      <p0826-teimww:book knoraType="link_value" linkType="ref" target="ww_1140c36ab545b6d8"/>
    </p0826-teimww:occursIn>
  </p0826-teimww:passage>
  <p0826-teimww:passage id="ww_421503bb9686fe52">
    <knoraXmlImport:label>passage label</knoraXmlImport:label>
    <p0826-teimww:occursIn>
      <p0826-teimww:book knoraType="link_value" linkType="ref" target="ww_dfd8d9b13312aac6"/>
    </p0826-teimww:occursIn>
    <p0826-teimww:text knoraType="richtext_value">[Prince:] &lt;span class="quote"&gt;For never was a story of more woe &lt;br&gt;
Than this of Juliet and her Romeo.&lt;/span&gt;</p0826-teimww:text>
  </p0826-teimww:passage>
  <p0826-teimww:passage id="ww_4dabfcb5bb891ebe">
    <knoraXmlImport:label>passage label</knoraXmlImport:label>
    <p0826-teimww:occursIn>
      <p0826-teimww:book knoraType="link_value" linkType="ref" target="ww_1140c36ab545b6d8"/>
    </p0826-teimww:occursIn>
  </p0826-teimww:passage>
  <p0826-teimww:passage id="ww_547f8d4be4dee5bc">
    <knoraXmlImport:label>passage label</knoraXmlImport:label>
    <p0826-teimww:occursIn>
      <p0826-teimww:book knoraType="link_value" linkType="ref" target="ww_84a8155c55c3c1e2"/>
    </p0826-teimww:occursIn>
  </p0826-teimww:passage>
  <p0826-teimww:passage id="ww_0252fba9d4255764">
    <knoraXmlImport:label>passage label</knoraXmlImport:label>
    <p0826-teimww:occursIn>
      <p0826-teimww:book knoraType="link_value" linkType="ref" target="ww_c8e25bef891b5536"/>
    </p0826-teimww:occursIn>
    <p0826-teimww:text knoraType="richtext_value">[York:] I have had feeling of my cousin's wrongs &lt;br&gt;
And labored all I could to do him right.&lt;br&gt;
But in this kind to come, in braving arms, &lt;br&gt;
&lt;span class="quote"&gt;Be his own carver and cut out his way&lt;/span&gt;&lt;br&gt;
To find out right with wrong, it may not be.</p0826-teimww:text>
  </p0826-teimww:passage>
  <p0826-teimww:passage id="ww_d28ac183e57f3474">
    <knoraXmlImport:label>passage label</knoraXmlImport:label>
    <p0826-teimww:occursIn>
      <p0826-teimww:book knoraType="link_value" linkType="ref" target="ww_b3931845d54b98d5"/>
    </p0826-teimww:occursIn>
  </p0826-teimww:passage>
  <p0826-teimww:passage id="ww_c9253afee2f20544">
    <knoraXmlImport:label>passage label</knoraXmlImport:label>
    <p0826-teimww:occursIn>
      <p0826-teimww:book knoraType="link_value" linkType="ref" target="ww_dfd8d9b13312aac6"/>
    </p0826-teimww:occursIn>
    <p0826-teimww:text knoraType="richtext_value">[Juliet:] O, bid me leap, rather than marry Paris, &lt;br&gt;
 From off the battlements of any tower,&lt;br&gt;
Or walk in thievish ways, or bid me lurk &lt;br&gt;
Where serpents are. Chain me with roaring bears, &lt;br&gt;
Or hide me nightly in a charnel house,&lt;br&gt;
/ O’ercovered quite with dead men’s rattling bones, &lt;br&gt;
With reeky shanks and yellow &lt;span class="quote"&gt;chapless &lt;/span&gt; skulls.</p0826-teimww:text>
  </p0826-teimww:passage>
  <p0826-teimww:passage id="ww_4a88cf4935d26e66">
    <knoraXmlImport:label>passage label</knoraXmlImport:label>
    <p0826-teimww:occursIn>
      <p0826-teimww:book knoraType="link_value" linkType="ref" target="ww_b3931845d54b98d5"/>
    </p0826-teimww:occursIn>
  </p0826-teimww:passage>
  <p0826-teimww:passage id="ww_12ad2ff19d7cc554">
    <knoraXmlImport:label>passage label</knoraXmlImport:label>
    <p0826-teimww:occursIn>
      <p0826-teimww:book knoraType="link_value" linkType="ref" target="ww_dfd8d9b13312aac6"/>
    </p0826-teimww:occursIn>
    <p0826-teimww:text knoraType="richtext_value">[Prologue:] [...] &lt;span class="quote"&gt;From forth the fatal loins of these two foes &lt;br&gt;
A pair of star-crossed lovers take their life; &lt;br&gt;
Whose misadventured piteous overthrows &lt;br&gt;
Doth with their death bury their parents' strife. &lt;/span&gt;</p0826-teimww:text>
  </p0826-teimww:passage>
  <p0826-teimww:passage id="ww_46a5800be3e693d7">
    <knoraXmlImport:label>passage label</knoraXmlImport:label>
    <p0826-teimww:occursIn>
      <p0826-teimww:book knoraType="link_value" linkType="ref" target="ww_84a8155c55c3c1e2"/>
    </p0826-teimww:occursIn>
  </p0826-teimww:passage>
  <p0826-teimww:passage id="ww_0a524ce8d92f2012">
    <knoraXmlImport:label>passage label</knoraXmlImport:label>
    <p0826-teimww:occursIn>
      <p0826-teimww:book knoraType="link_value" linkType="ref" target="ww_576a3b5a9726890a"/>
    </p0826-teimww:occursIn>
    <p0826-teimww:text knoraType="richtext_value">But if these eyes of yours, (load-stars of Love,&lt;br&gt;
Showing the World's great dance &lt;span class="quote"&gt;to your mind's eye!)&lt;/span&gt;&lt;br&gt;
Cannot with all their demonstrations move&lt;br&gt;
Kind apprehension in your fantasy,&lt;br&gt;
Of dancing's virtue, and nobility:&lt;br&gt;
How can my barbarous tongue win you there to&lt;br&gt;
Which Heau'n and Earth's fair speech could never do?</p0826-teimww:text>
  </p0826-teimww:passage>
  <p0826-teimww:passage id="ww_0b53615308daeb65">
    <knoraXmlImport:label>passage label</knoraXmlImport:label>
    <p0826-teimww:occursIn>
      <p0826-teimww:book knoraType="link_value" linkType="ref" target="ww_3e15ab6c612eadae"/>
    </p0826-teimww:occursIn>
  </p0826-teimww:passage>
  <p0826-teimww:passage id="ww_1ad44a54f22762c5">
    <knoraXmlImport:label>passage label</knoraXmlImport:label>
    <p0826-teimww:occursIn>
      <p0826-teimww:book knoraType="link_value" linkType="ref" target="ww_a8c8f9a292e6c950"/>
    </p0826-teimww:occursIn>
    <p0826-teimww:text knoraType="richtext_value">[King:] Berowne is like an envious sneaping frost &lt;br&gt;
That bites the firstborn &lt;span class="quote"&gt;infants of the spring.&lt;/span&gt;</p0826-teimww:text>
  </p0826-teimww:passage>
  <p0826-teimww:passage id="ww_03b80fd71df6e508">
    <knoraXmlImport:label>passage label</knoraXmlImport:label>
    <p0826-teimww:occursIn>
      <p0826-teimww:book knoraType="link_value" linkType="ref" target="ww_1140c36ab545b6d8"/>
    </p0826-teimww:occursIn>
  </p0826-teimww:passage>
  <p0826-teimww:passage id="ww_a803ddc7a8ab3547">
    <knoraXmlImport:label>passage label</knoraXmlImport:label>
    <p0826-teimww:occursIn>
      <p0826-teimww:book knoraType="link_value" linkType="ref" target="ww_f3b680a00afe6716"/>
    </p0826-teimww:occursIn>
    <p0826-teimww:text knoraType="richtext_value">Let us therefore pray that we be not miscarried by the deceits of the wicked pilot Satan, whose &lt;span class="quote"&gt;directions are merely indirect&lt;/span&gt;, and whose sails are deceitful, being glorious to the eye; and the bark wherein he carrieth his unhappy passengers seemeth to be a most secure cradle, gliding on without tempest or wave, until it come to the end of their race, where, alas! they fall into the gulf of perpetual perdition. Such a master is he, and such mariners are his false prophets, that they delight flesh and blood, and all their course seemeth sweet, but short: and sour merchandise shall they have, that pass in the pinnace of his poisoned errors.</p0826-teimww:text>
  </p0826-teimww:passage>
  <p0826-teimww:passage id="ww_fa7276c3549e3d17">
    <knoraXmlImport:label>passage label</knoraXmlImport:label>
    <p0826-teimww:occursIn>
      <p0826-teimww:book knoraType="link_value" linkType="ref" target="ww_a8c8f9a292e6c950"/>
    </p0826-teimww:occursIn>
    <p0826-teimww:text knoraType="richtext_value">[Armado:] Call’st thou my love &lt;span class="quote"&gt;"hobby-horse"?&lt;/span&gt;&lt;br&gt;
[Boy:] No, master. The hobby-horse is but a colt, and your love perhaps a hackney.</p0826-teimww:text>
  </p0826-teimww:passage>
  <p0826-teimww:passage id="ww_ca0d3bc4408e9d1f">
    <knoraXmlImport:label>passage label</knoraXmlImport:label>
    <p0826-teimww:occursIn>
      <p0826-teimww:book knoraType="link_value" linkType="ref" target="ww_b3931845d54b98d5"/>
    </p0826-teimww:occursIn>
  </p0826-teimww:passage>
  <p0826-teimww:passage id="ww_915a189dcca54cf4">
    <knoraXmlImport:label>passage label</knoraXmlImport:label>
    <p0826-teimww:occursIn>
      <p0826-teimww:book knoraType="link_value" linkType="ref" target="ww_dbb95fa0c476e400"/>
    </p0826-teimww:occursIn>
    <p0826-teimww:text knoraType="richtext_value">[Pandulph:] The better act of purposes mistook&lt;br&gt;
Is to mistake again; though indirect,&lt;br&gt;
Yet &lt;span class="quote"&gt;indirection thereby grows direct,&lt;/span&gt;&lt;br&gt;
And falsehood falsehood cures, as fire cools fire&lt;br&gt;
Within the scorchèd veins of one new-burned.</p0826-teimww:text>
  </p0826-teimww:passage>
  <p0826-teimww:passage id="ww_982cc8a04db59db8">
    <knoraXmlImport:label>passage label</knoraXmlImport:label>
    <p0826-teimww:occursIn>
      <p0826-teimww:book knoraType="link_value" linkType="ref" target="ww_b3931845d54b98d5"/>
    </p0826-teimww:occursIn>
  </p0826-teimww:passage>
  <p0826-teimww:passage id="ww_4f38faa502bdc949">
    <knoraXmlImport:label>passage label</knoraXmlImport:label>
    <p0826-teimww:occursIn>
      <p0826-teimww:book knoraType="link_value" linkType="ref" target="ww_dbb95fa0c476e400"/>
    </p0826-teimww:occursIn>
    <p0826-teimww:text knoraType="richtext_value">[King Philip:] &lt;span class="quote"&gt;It likes us well.&lt;/span&gt;</p0826-teimww:text>
  </p0826-teimww:passage>
  <p0826-teimww:passage id="ww_7a864638553757d2">
    <knoraXmlImport:label>passage label</knoraXmlImport:label>
    <p0826-teimww:occursIn>
      <p0826-teimww:book knoraType="link_value" linkType="ref" target="ww_55bc1a3b04bf8a8d"/>
    </p0826-teimww:occursIn>
  </p0826-teimww:passage>
  <p0826-teimww:passage id="ww_3cf6af4261079896">
    <knoraXmlImport:label>passage label</knoraXmlImport:label>
    <p0826-teimww:occursIn>
      <p0826-teimww:book knoraType="link_value" linkType="ref" target="ww_70b35f176c9ceb49"/>
    </p0826-teimww:occursIn>
    <p0826-teimww:text knoraType="richtext_value">[Catechysius the Hermit:] Now all is but the action of the Mind,&lt;br&gt;
That rectifi'd, &lt;span class="quote"&gt;the rest is all but wind.&lt;/span&gt;</p0826-teimww:text>
  </p0826-teimww:passage>
  <p0826-teimww:passage id="ww_8b2c57f28da8d24f">
    <knoraXmlImport:label>passage label</knoraXmlImport:label>
    <p0826-teimww:occursIn>
      <p0826-teimww:book knoraType="link_value" linkType="ref" target="ww_dbb95fa0c476e400"/>
    </p0826-teimww:occursIn>
    <p0826-teimww:text knoraType="richtext_value">[Bastard:] By heaven, these scroyles of Angiers flout you, kings, &lt;br&gt;
And stand securely on their battlements &lt;br&gt;
As in a theater, whence they gape and point &lt;br&gt;
At your industrious scenes and acts of death.&lt;br&gt;
Your royal presences, be ruled by me:&lt;br&gt;
Do like &lt;span class="quote"&gt;the mutines &lt;/span&gt;of Jerusalem,&lt;br&gt;
Be friends awhile, and both conjointly bend &lt;br&gt;
Your sharpest deeds of malice on this town.</p0826-teimww:text>
  </p0826-teimww:passage>
  <p0826-teimww:passage id="ww_38d0de4269cf0732">
    <knoraXmlImport:label>passage label</knoraXmlImport:label>
    <p0826-teimww:occursIn>
      <p0826-teimww:book knoraType="link_value" linkType="ref" target="ww_b3931845d54b98d5"/>
    </p0826-teimww:occursIn>
  </p0826-teimww:passage>
  <p0826-teimww:passage id="ww_ad08d1db588775f5">
    <knoraXmlImport:label>passage label</knoraXmlImport:label>
    <p0826-teimww:occursIn>
      <p0826-teimww:book knoraType="link_value" linkType="ref" target="ww_aa90313aec1ff25e"/>
    </p0826-teimww:occursIn>
    <p0826-teimww:text knoraType="richtext_value">[Portia:] [...] &lt;span class="quote"&gt;[I'll] prove the prettier fellow of the two, &lt;br&gt;
And wear my dagger with the braver grace,&lt;br&gt;
And speak between the change of man and boy &lt;br&gt;
With a reed voice&lt;/span&gt;, and turn two mincing steps&lt;br&gt;
Into a manly stride, and speak of frays&lt;br&gt;
Like a fine bragging youth, and tell quaint lies&lt;br&gt;
How honorable ladies sought my love,&lt;br&gt;
Which I denying, they fell sick and died - &lt;br&gt;
I could not do withal! - then I'll repent, &lt;br&gt;
And wish, for all that, that I had not killed them.&lt;br&gt;
And twenty of these puny lies I'll tell,&lt;br&gt; 
That men shall swear I have discontinued school &lt;br&gt;
Above a twelvemonth. </p0826-teimww:text>
  </p0826-teimww:passage>
  <p0826-teimww:passage id="ww_595960272731daaf">
    <knoraXmlImport:label>passage label</knoraXmlImport:label>
    <p0826-teimww:occursIn>
      <p0826-teimww:book knoraType="link_value" linkType="ref" target="ww_a8c8f9a292e6c950"/>
    </p0826-teimww:occursIn>
    <p0826-teimww:text knoraType="richtext_value">[Berowne:] [...] Well, I do nothing in the world but &lt;span class="quote"&gt;lie, and lie in my throat. &lt;/span&gt;</p0826-teimww:text>
  </p0826-teimww:passage>
  <p0826-teimww:passage id="ww_313fd08e882fd567">
    <knoraXmlImport:label>passage label</knoraXmlImport:label>
    <p0826-teimww:occursIn>
      <p0826-teimww:book knoraType="link_value" linkType="ref" target="ww_a8c8f9a292e6c950"/>
    </p0826-teimww:occursIn>
    <p0826-teimww:text knoraType="richtext_value">[King:] [...] But to the place where. It standeth &lt;span class="quote"&gt;north-north-east and by east from the west corner &lt;/span&gt;of thy curious-knotted garden. There did I see that low-spirited swain, that base minnow of thy mirth [...].</p0826-teimww:text>
  </p0826-teimww:passage>
  <p0826-teimww:passage id="ww_2f3dd9dfefd4a8cd">
    <knoraXmlImport:label>passage label</knoraXmlImport:label>
    <p0826-teimww:occursIn>
      <p0826-teimww:book knoraType="link_value" linkType="ref" target="ww_55bc1a3b04bf8a8d"/>
    </p0826-teimww:occursIn>
  </p0826-teimww:passage>
  <p0826-teimww:passage id="ww_4b50a70f0ef69f49">
    <knoraXmlImport:label>passage label</knoraXmlImport:label>
    <p0826-teimww:occursIn>
      <p0826-teimww:book knoraType="link_value" linkType="ref" target="ww_dbb95fa0c476e400"/>
    </p0826-teimww:occursIn>
    <p0826-teimww:text knoraType="richtext_value">[King Philip:] [...] &lt;span class="quote"&gt;Our cannons' malice vainly shall be spent &lt;br&gt;
Against th'invulnerable clouds of heaven.&lt;/span&gt;</p0826-teimww:text>
  </p0826-teimww:passage>
  <p0826-teimww:passage id="ww_e9383035d17c2390">
    <knoraXmlImport:label>passage label</knoraXmlImport:label>
    <p0826-teimww:occursIn>
      <p0826-teimww:book knoraType="link_value" linkType="ref" target="ww_b3931845d54b98d5"/>
    </p0826-teimww:occursIn>
  </p0826-teimww:passage>
  <p0826-teimww:passage id="ww_b7875021b58fa2b0">
    <knoraXmlImport:label>passage label</knoraXmlImport:label>
    <p0826-teimww:occursIn>
      <p0826-teimww:book knoraType="link_value" linkType="ref" target="ww_a8c8f9a292e6c950"/>
    </p0826-teimww:occursIn>
    <p0826-teimww:text knoraType="richtext_value">[Berowne:] But love, first learnèd in a lady’s eyes,&lt;br&gt;
Lives not alone immurèd in the brain,&lt;br&gt;
But with the motion of all elements&lt;br&gt;
Courses &lt;span class="quote"&gt;as swift as thought &lt;/span&gt;in every power,&lt;br&gt;
And gives to every power a double power,&lt;br&gt;
Above their functions and their offices.</p0826-teimww:text>
  </p0826-teimww:passage>
  <p0826-teimww:passage id="ww_8139e94cddda4e2e">
    <knoraXmlImport:label>passage label</knoraXmlImport:label>
    <p0826-teimww:occursIn>
      <p0826-teimww:book knoraType="link_value" linkType="ref" target="ww_160b060adc5c12bf"/>
    </p0826-teimww:occursIn>
  </p0826-teimww:passage>
  <p0826-teimww:passage id="ww_70cb970cc220a86b">
    <knoraXmlImport:label>passage label</knoraXmlImport:label>
    <p0826-teimww:occursIn>
      <p0826-teimww:book knoraType="link_value" linkType="ref" target="ww_dbb95fa0c476e400"/>
    </p0826-teimww:occursIn>
    <p0826-teimww:text knoraType="richtext_value">[Pembroke:] Indeed, we heard how near his death he was &lt;br&gt;
Before the child himself felt he was sick. &lt;br&gt;
This must be answered &lt;span class="quote"&gt;either here or hence.&lt;/span&gt;</p0826-teimww:text>
  </p0826-teimww:passage>
  <p0826-teimww:passage id="ww_593889696743e1ff">
    <knoraXmlImport:label>passage label</knoraXmlImport:label>
    <p0826-teimww:occursIn>
      <p0826-teimww:book knoraType="link_value" linkType="ref" target="ww_b3931845d54b98d5"/>
    </p0826-teimww:occursIn>
  </p0826-teimww:passage>
  <p0826-teimww:passage id="ww_08066d10869afe39">
    <knoraXmlImport:label>passage label</knoraXmlImport:label>
    <p0826-teimww:occursIn>
      <p0826-teimww:book knoraType="link_value" linkType="ref" target="ww_13d1b8c099bf8583"/>
    </p0826-teimww:occursIn>
    <p0826-teimww:text knoraType="richtext_value">The proper end of conscience is, to determin of things done. And by this one thing, conscience is distinguished from all other gifts of the mind as intelligence opinion, science faith, prudence. Intelligence simply conceives a thing &lt;span class="quote"&gt;to be or not to be: &lt;/span&gt;science judgeth it to be certain and sure: faith is a persuasion, whereby we believe things that are not [...].</p0826-teimww:text>
  </p0826-teimww:passage>
  <p0826-teimww:passage id="ww_019b691db955fdfe">
    <knoraXmlImport:label>passage label</knoraXmlImport:label>
    <p0826-teimww:occursIn>
      <p0826-teimww:book knoraType="link_value" linkType="ref" target="ww_444e694490140e28"/>
    </p0826-teimww:occursIn>
  </p0826-teimww:passage>
  <p0826-teimww:passage id="ww_aacde20a9bbc4bf8">
    <knoraXmlImport:label>passage label</knoraXmlImport:label>
    <p0826-teimww:occursIn>
      <p0826-teimww:book knoraType="link_value" linkType="ref" target="ww_adfdbd7c6a7b7a62"/>
    </p0826-teimww:occursIn>
  </p0826-teimww:passage>
  <p0826-teimww:passage id="ww_c7e56cdcc77e265e">
    <knoraXmlImport:label>passage label</knoraXmlImport:label>
    <p0826-teimww:occursIn>
      <p0826-teimww:book knoraType="link_value" linkType="ref" target="ww_91e0dc4c671938fa"/>
    </p0826-teimww:occursIn>
  </p0826-teimww:passage>
  <p0826-teimww:passage id="ww_a65c584888ef582d">
    <knoraXmlImport:label>passage label</knoraXmlImport:label>
    <p0826-teimww:occursIn>
      <p0826-teimww:book knoraType="link_value" linkType="ref" target="ww_0de19bd63a1c9142"/>
    </p0826-teimww:occursIn>
  </p0826-teimww:passage>
  <p0826-teimww:passage id="ww_f7e4070bbc9f2c05">
    <knoraXmlImport:label>passage label</knoraXmlImport:label>
    <p0826-teimww:occursIn>
      <p0826-teimww:book knoraType="link_value" linkType="ref" target="ww_ca15500e7036f16e"/>
    </p0826-teimww:occursIn>
  </p0826-teimww:passage>
  <p0826-teimww:passage id="ww_4a8c14879536f30d">
    <knoraXmlImport:label>passage label</knoraXmlImport:label>
    <p0826-teimww:occursIn>
      <p0826-teimww:book knoraType="link_value" linkType="ref" target="ww_56f51ee20f36f654"/>
    </p0826-teimww:occursIn>
    <p0826-teimww:text knoraType="richtext_value">[Falstaff:] Now, my masters, happy man be his dole, say I. &lt;span class="quote"&gt; Every man to his business.&lt;/span&gt;</p0826-teimww:text>
  </p0826-teimww:passage>
  <p0826-teimww:passage id="ww_0b2feeb51f649f53">
    <knoraXmlImport:label>passage label</knoraXmlImport:label>
    <p0826-teimww:occursIn>
      <p0826-teimww:book knoraType="link_value" linkType="ref" target="ww_b3931845d54b98d5"/>
    </p0826-teimww:occursIn>
  </p0826-teimww:passage>
  <p0826-teimww:passage id="ww_df51b050848e8f3e">
    <knoraXmlImport:label>passage label</knoraXmlImport:label>
    <p0826-teimww:occursIn>
      <p0826-teimww:book knoraType="link_value" linkType="ref" target="ww_5196ea0769532431"/>
    </p0826-teimww:occursIn>
    <p0826-teimww:text knoraType="richtext_value">[Shallow:] &lt;span class="quote"&gt;Bodykins, &lt;/span&gt;Master Page, though I now be old and of the peace, if I see a sword out, my finger itches to make one. </p0826-teimww:text>
  </p0826-teimww:passage>
  <p0826-teimww:passage id="ww_4ccf406ca41e4fd2">
    <knoraXmlImport:label>passage label</knoraXmlImport:label>
    <p0826-teimww:occursIn>
      <p0826-teimww:book knoraType="link_value" linkType="ref" target="ww_b3931845d54b98d5"/>
    </p0826-teimww:occursIn>
  </p0826-teimww:passage>
  <p0826-teimww:passage id="ww_330a8ce9127ffddf">
    <knoraXmlImport:label>passage label</knoraXmlImport:label>
    <p0826-teimww:occursIn>
      <p0826-teimww:book knoraType="link_value" linkType="ref" target="ww_663bc260dc952b96"/>
    </p0826-teimww:occursIn>
    <p0826-teimww:text knoraType="richtext_value">[Hostess Quickly:]  No, &lt;span class="quote"&gt;thou arrant knave. &lt;/span&gt;I would to God that I might die, that I might have thee hanged. Thou hast drawn my shoulder out of joint.</p0826-teimww:text>
  </p0826-teimww:passage>
  <p0826-teimww:passage id="ww_356923602c911351">
    <knoraXmlImport:label>passage label</knoraXmlImport:label>
    <p0826-teimww:occursIn>
      <p0826-teimww:book knoraType="link_value" linkType="ref" target="ww_3e15ab6c612eadae"/>
    </p0826-teimww:occursIn>
  </p0826-teimww:passage>
  <p0826-teimww:passage id="ww_6dac0d9b4ca94d1f">
    <knoraXmlImport:label>passage label</knoraXmlImport:label>
    <p0826-teimww:occursIn>
      <p0826-teimww:book knoraType="link_value" linkType="ref" target="ww_56f51ee20f36f654"/>
    </p0826-teimww:occursIn>
    <p0826-teimww:text knoraType="richtext_value">[Falstaff:] What, upon compulsion? Zounds, an I were at the strappado or all the racks in the world, I would not tell you on compulsion. Give you a reason on compulsion? &lt;span class="quote"&gt;If reasons were as plentiful as blackberries, &lt;/span&gt;I would give no man a reason upon compulsion, I.</p0826-teimww:text>
  </p0826-teimww:passage>
  <p0826-teimww:passage id="ww_1ccb51fc8ccf8649">
    <knoraXmlImport:label>passage label</knoraXmlImport:label>
    <p0826-teimww:occursIn>
      <p0826-teimww:book knoraType="link_value" linkType="ref" target="ww_aee75c33920a3b79"/>
    </p0826-teimww:occursIn>
  </p0826-teimww:passage>
  <p0826-teimww:passage id="ww_4262277efbdca529">
    <knoraXmlImport:label>passage label</knoraXmlImport:label>
    <p0826-teimww:occursIn>
      <p0826-teimww:book knoraType="link_value" linkType="ref" target="ww_663bc260dc952b96"/>
    </p0826-teimww:occursIn>
    <p0826-teimww:text knoraType="richtext_value">[Falstaff:] Will you tell me, Master Shallow, how to choose a man? Care I for the limb, &lt;span class="quote"&gt;the thews, the stature, bulk, &lt;/span&gt;and big assemblance of a man! Give me the spirit, Master Shallow.</p0826-teimww:text>
  </p0826-teimww:passage>
  <p0826-teimww:passage id="ww_6e74ed284d92a5cd">
    <knoraXmlImport:label>passage label</knoraXmlImport:label>
    <p0826-teimww:occursIn>
      <p0826-teimww:book knoraType="link_value" linkType="ref" target="ww_b3931845d54b98d5"/>
    </p0826-teimww:occursIn>
  </p0826-teimww:passage>
  <p0826-teimww:passage id="ww_e3d8143425fe102a">
    <knoraXmlImport:label>passage label</knoraXmlImport:label>
    <p0826-teimww:occursIn>
      <p0826-teimww:book knoraType="link_value" linkType="ref" target="ww_663bc260dc952b96"/>
    </p0826-teimww:occursIn>
    <p0826-teimww:text knoraType="richtext_value">[Fallstaff:] [sings]&lt;span class="quote"&gt; &lt;I&gt; When Arthur first in court -&lt;/I&gt; &lt;/span&gt;&lt;br&gt;
[To Will] Empty the Jordans [Will exits] &lt;br&gt;
&lt;I&gt;And was a worthy king -&lt;/I&gt;</p0826-teimww:text>
  </p0826-teimww:passage>
  <p0826-teimww:passage id="ww_cc1b67d0ccd33cae">
    <knoraXmlImport:label>passage label</knoraXmlImport:label>
    <p0826-teimww:occursIn>
      <p0826-teimww:book knoraType="link_value" linkType="ref" target="ww_0f0f2ccb24fa3b96"/>
    </p0826-teimww:occursIn>
  </p0826-teimww:passage>
  <p0826-teimww:passage id="ww_917c9ef04e00f975">
    <knoraXmlImport:label>passage label</knoraXmlImport:label>
    <p0826-teimww:occursIn>
      <p0826-teimww:book knoraType="link_value" linkType="ref" target="ww_663bc260dc952b96"/>
    </p0826-teimww:occursIn>
    <p0826-teimww:text knoraType="richtext_value">[Shallow:] Yea, Davy, I will use him well. A friend i' th' court is better than a penny in purse. Use his men well, Davy, for they are &lt;span class="quote"&gt;arrant knaves &lt;/span&gt;and will backbite.&lt;br&gt;
[Davy:] No worse than they are back-bitten, sir, for they
have marvelous foul linen.&lt;br&gt;
[Shallow:] Well-conceited, Davy. About thy business,
Davy.&lt;br&gt;
[Davy:] I beseech you, sir, to countenance William Visor
of Woncot against Clement Perkes o’ th’ hill.&lt;br&gt;
[Shallow:] There is many complaints, Davy, against that	
Visor. That Visor is &lt;span class="quote"&gt;an arrant knave, &lt;/span&gt;on my knowledge.</p0826-teimww:text>
  </p0826-teimww:passage>
  <p0826-teimww:passage id="ww_8922736c69dc0eed">
    <knoraXmlImport:label>passage label</knoraXmlImport:label>
    <p0826-teimww:occursIn>
      <p0826-teimww:book knoraType="link_value" linkType="ref" target="ww_3e15ab6c612eadae"/>
    </p0826-teimww:occursIn>
  </p0826-teimww:passage>
  <p0826-teimww:passage id="ww_cfc24cf86ead5a0a">
    <knoraXmlImport:label>passage label</knoraXmlImport:label>
    <p0826-teimww:occursIn>
      <p0826-teimww:book knoraType="link_value" linkType="ref" target="ww_b2ee01ef371c8ee8"/>
    </p0826-teimww:occursIn>
    <p0826-teimww:text knoraType="richtext_value">[Comedy:] How some damned tyrant to obtain a crown, &lt;br&gt;
Stabs, hangs, poisons, smothers, cuts throats, &lt;br&gt;
And then a Chorus too comes howling in, &lt;br&gt;
And tells us of the worrying of a cat, &lt;br&gt;
Then of &lt;span class="quote"&gt;a filthy whining ghost, &lt;br&gt;
Lapt in some foul sheet, or a leather pelt, &lt;br&gt;
Comes screaming like a pig half sticked, &lt;br&gt;
And &lt;span class="quote"&gt;cries Vindicta, revenge, revenge: &lt;/span&gt;&lt;br&gt;&lt;/span&gt;
With that a little rose flashes forth, &lt;br&gt;
Like smoke out of a Tobacco pipe, or a boys squib: &lt;br&gt;
Then comes in two or three like to drovers, &lt;br&gt;
With tailors bodkins, stabbing one another, &lt;br&gt;
Is not this trim? is not here goodly things? &lt;br&gt;
That you should be so much accounted of, &lt;br&gt;
I would not else.</p0826-teimww:text>
  </p0826-teimww:passage>
  <p0826-teimww:passage id="ww_01b0d076e1a70024">
    <knoraXmlImport:label>passage label</knoraXmlImport:label>
    <p0826-teimww:occursIn>
      <p0826-teimww:book knoraType="link_value" linkType="ref" target="ww_3e15ab6c612eadae"/>
    </p0826-teimww:occursIn>
  </p0826-teimww:passage>
  <p0826-teimww:passage id="ww_8cb31050f64f481d">
    <knoraXmlImport:label>passage label</knoraXmlImport:label>
    <p0826-teimww:occursIn>
      <p0826-teimww:book knoraType="link_value" linkType="ref" target="ww_663bc260dc952b96"/>
    </p0826-teimww:occursIn>
    <p0826-teimww:text knoraType="richtext_value">[King:] [...] Let all the tears that should bedew my hearse&lt;br&gt;
Be drops of balm to sanctify thy head;&lt;br&gt;
Only &lt;span class="quote"&gt;compound me with forgotten dust.&lt;/span&gt;&lt;br&gt;</p0826-teimww:text>
  </p0826-teimww:passage>
  <p0826-teimww:passage id="ww_52ddf46303674525">
    <knoraXmlImport:label>passage label</knoraXmlImport:label>
    <p0826-teimww:occursIn>
      <p0826-teimww:book knoraType="link_value" linkType="ref" target="ww_b3931845d54b98d5"/>
    </p0826-teimww:occursIn>
  </p0826-teimww:passage>
  <p0826-teimww:passage id="ww_66089fa4f4c3fafa">
    <knoraXmlImport:label>passage label</knoraXmlImport:label>
    <p0826-teimww:occursIn>
      <p0826-teimww:book knoraType="link_value" linkType="ref" target="ww_56f51ee20f36f654"/>
    </p0826-teimww:occursIn>
    <p0826-teimww:text knoraType="richtext_value">[Glendower:] I cannot blame him. At my nativity&lt;br&gt;
The front of heaven was full of fiery shapes,&lt;br&gt;
Of burning cressets, and at my birth&lt;br&gt;
The &lt;span class="quote"&gt;frame and huge foundation of the Earth&lt;br&gt;&lt;/span&gt;
Shaked like a coward.</p0826-teimww:text>
  </p0826-teimww:passage>
  <p0826-teimww:passage id="ww_500e6c51447873c0">
    <knoraXmlImport:label>passage label</knoraXmlImport:label>
    <p0826-teimww:occursIn>
      <p0826-teimww:book knoraType="link_value" linkType="ref" target="ww_b3931845d54b98d5"/>
    </p0826-teimww:occursIn>
  </p0826-teimww:passage>
  <p0826-teimww:passage id="ww_f6f1d4e65b036af0">
    <knoraXmlImport:label>passage label</knoraXmlImport:label>
    <p0826-teimww:occursIn>
      <p0826-teimww:book knoraType="link_value" linkType="ref" target="ww_56f51ee20f36f654"/>
    </p0826-teimww:occursIn>
    <p0826-teimww:text knoraType="richtext_value">[Hotspur:] And I can teach thee, coz, to shame the devil&lt;br&gt;
By telling truth. &lt;span class="quote"&gt;Tell truth and shame the devil.&lt;/span&gt;</p0826-teimww:text>
  </p0826-teimww:passage>
  <p0826-teimww:passage id="ww_3faf6945337749e8">
    <knoraXmlImport:label>passage label</knoraXmlImport:label>
    <p0826-teimww:occursIn>
      <p0826-teimww:book knoraType="link_value" linkType="ref" target="ww_b3931845d54b98d5"/>
    </p0826-teimww:occursIn>
  </p0826-teimww:passage>
  <p0826-teimww:passage id="ww_bc2b1df7aae01109">
    <knoraXmlImport:label>passage label</knoraXmlImport:label>
    <p0826-teimww:occursIn>
      <p0826-teimww:book knoraType="link_value" linkType="ref" target="ww_a8549c12c9507c4b"/>
    </p0826-teimww:occursIn>
    <p0826-teimww:text knoraType="richtext_value">[Dogberry:] I leave &lt;span class="quote"&gt;an arrant knave &lt;/span&gt;with your Worship, which I beseech your Worship to correct yourself, for the example of others.</p0826-teimww:text>
  </p0826-teimww:passage>
  <p0826-teimww:passage id="ww_0eea1d58c7129430">
    <knoraXmlImport:label>passage label</knoraXmlImport:label>
    <p0826-teimww:occursIn>
      <p0826-teimww:book knoraType="link_value" linkType="ref" target="ww_3e15ab6c612eadae"/>
    </p0826-teimww:occursIn>
  </p0826-teimww:passage>
  <p0826-teimww:passage id="ww_f3a93252ae76a809">
    <knoraXmlImport:label>passage label</knoraXmlImport:label>
    <p0826-teimww:occursIn>
      <p0826-teimww:book knoraType="link_value" linkType="ref" target="ww_e28d0c710c7d6851"/>
    </p0826-teimww:occursIn>
    <p0826-teimww:text knoraType="richtext_value">[Bobadill:] […] sure &lt;span class="quote"&gt;I was struck with a planet &lt;/span&gt;thence, for I had no power to touch my weapon. &lt;br&gt;
[Ed. Knowell:]
I, like enough, I have heard of many that have been beaten under a planet: go, get you to a surgeon.</p0826-teimww:text>
  </p0826-teimww:passage>
  <p0826-teimww:passage id="ww_cd6e065766a4cd97">
    <knoraXmlImport:label>passage label</knoraXmlImport:label>
    <p0826-teimww:occursIn>
      <p0826-teimww:book knoraType="link_value" linkType="ref" target="ww_5eeeb3e78e8b0bc3"/>
    </p0826-teimww:occursIn>
  </p0826-teimww:passage>
  <p0826-teimww:passage id="ww_4f0115f3e3ca1758">
    <knoraXmlImport:label>passage label</knoraXmlImport:label>
    <p0826-teimww:occursIn>
      <p0826-teimww:book knoraType="link_value" linkType="ref" target="ww_a8549c12c9507c4b"/>
    </p0826-teimww:occursIn>
    <p0826-teimww:text knoraType="richtext_value">[Benedick:] And do it with all thy heart.&lt;br&gt;
[Beatrice:] I love you with so much of my heart that
none is left to protest.&lt;br&gt;
[Benedick:] Come, bid me do anything for thee.&lt;br&gt;
[Beatrice:] &lt;span class="quote"&gt;Kill Claudio.&lt;/span&gt;&lt;br&gt;
[Benedick:] Ha! Not for the wide world.</p0826-teimww:text>
  </p0826-teimww:passage>
  <p0826-teimww:passage id="ww_9c27af33bbb81f35">
    <knoraXmlImport:label>passage label</knoraXmlImport:label>
    <p0826-teimww:occursIn>
      <p0826-teimww:book knoraType="link_value" linkType="ref" target="ww_0f0f2ccb24fa3b96"/>
    </p0826-teimww:occursIn>
  </p0826-teimww:passage>
  <p0826-teimww:passage id="ww_298f3887c202e8ec">
    <knoraXmlImport:label>passage label</knoraXmlImport:label>
    <p0826-teimww:occursIn>
      <p0826-teimww:book knoraType="link_value" linkType="ref" target="ww_a8549c12c9507c4b"/>
    </p0826-teimww:occursIn>
    <p0826-teimww:text knoraType="richtext_value">[Margaret:] Well, an you be not &lt;span class="quote"&gt;turned Turk, &lt;/span&gt;there's no more sailing by the star.</p0826-teimww:text>
  </p0826-teimww:passage>
  <p0826-teimww:passage id="ww_672054cc2dea7586">
    <knoraXmlImport:label>passage label</knoraXmlImport:label>
    <p0826-teimww:occursIn>
      <p0826-teimww:book knoraType="link_value" linkType="ref" target="ww_b3931845d54b98d5"/>
    </p0826-teimww:occursIn>
  </p0826-teimww:passage>
  <p0826-teimww:passage id="ww_6659b23525dbe464">
    <knoraXmlImport:label>passage label</knoraXmlImport:label>
    <p0826-teimww:occursIn>
      <p0826-teimww:book knoraType="link_value" linkType="ref" target="ww_a8549c12c9507c4b"/>
    </p0826-teimww:occursIn>
    <p0826-teimww:text knoraType="richtext_value">[Verges:] Marry, sir, our watch tonight, excepting your Worship's presence, ha' ta'en a couple of as &lt;span class="quote"&gt;arrant knaves &lt;/span&gt; as any in Messina.</p0826-teimww:text>
  </p0826-teimww:passage>
  <p0826-teimww:passage id="ww_3dd02b37e259d544">
    <knoraXmlImport:label>passage label</knoraXmlImport:label>
    <p0826-teimww:occursIn>
      <p0826-teimww:book knoraType="link_value" linkType="ref" target="ww_3e15ab6c612eadae"/>
    </p0826-teimww:occursIn>
  </p0826-teimww:passage>
  <p0826-teimww:passage id="ww_f0ff691ae64d0ebc">
    <knoraXmlImport:label>passage label</knoraXmlImport:label>
    <p0826-teimww:occursIn>
      <p0826-teimww:book knoraType="link_value" linkType="ref" target="ww_4300396a5efb95d0"/>
    </p0826-teimww:occursIn>
    <p0826-teimww:text knoraType="richtext_value">From the black kingdom of infernal Dis  [...]&lt;br&gt;
And from the dungeon of the dark abyss,&lt;br&gt;
Wherein the &lt;span class="quote"&gt;Ocean Seas of troubles slow,&lt;/span&gt;&lt;br&gt;
I do ascend upon &lt;span class="quote"&gt;this worldly stage &lt;/span&gt;[...].</p0826-teimww:text>
  </p0826-teimww:passage>
  <p0826-teimww:passage id="ww_5cf646fe86fe8720">
    <knoraXmlImport:label>passage label</knoraXmlImport:label>
    <p0826-teimww:occursIn>
      <p0826-teimww:book knoraType="link_value" linkType="ref" target="ww_3e15ab6c612eadae"/>
    </p0826-teimww:occursIn>
  </p0826-teimww:passage>
  <p0826-teimww:passage id="ww_ee80829c980848f2">
    <knoraXmlImport:label>passage label</knoraXmlImport:label>
    <p0826-teimww:occursIn>
      <p0826-teimww:book knoraType="link_value" linkType="ref" target="ww_a8549c12c9507c4b"/>
    </p0826-teimww:occursIn>
    <p0826-teimww:text knoraType="richtext_value">[Benedick:] O God, sir, here's a dish I love not! &lt;span class="quote"&gt;I cannot endure my Lady Tongue.&lt;/span&gt;</p0826-teimww:text>
  </p0826-teimww:passage>
  <p0826-teimww:passage id="ww_2889ab5f85490354">
    <knoraXmlImport:label>passage label</knoraXmlImport:label>
    <p0826-teimww:occursIn>
      <p0826-teimww:book knoraType="link_value" linkType="ref" target="ww_44d1ba9fad9a06b8"/>
    </p0826-teimww:occursIn>
    <p0826-teimww:text knoraType="richtext_value">And &lt;span class="quote"&gt;my prophetic soul &lt;/span&gt;doth truly say [...].</p0826-teimww:text>
  </p0826-teimww:passage>
  <p0826-teimww:passage id="ww_c0c534f0e686c961">
    <knoraXmlImport:label>passage label</knoraXmlImport:label>
    <p0826-teimww:occursIn>
      <p0826-teimww:book knoraType="link_value" linkType="ref" target="ww_91e0dc4c671938fa"/>
    </p0826-teimww:occursIn>
  </p0826-teimww:passage>
  <p0826-teimww:passage id="ww_401114afff7d3561">
    <knoraXmlImport:label>passage label</knoraXmlImport:label>
    <p0826-teimww:occursIn>
      <p0826-teimww:book knoraType="link_value" linkType="ref" target="ww_32fdd8378826e2d8"/>
    </p0826-teimww:occursIn>
    <p0826-teimww:text knoraType="richtext_value">He's but a &lt;span class="quote"&gt;&lt;i&gt;sponge,&lt;/i&gt; and shortly needs must lease &lt;br&gt;
His wrong got juice, when &lt;i&gt;greatness' fist shall squeeze &lt;br&gt;
His liquor out.&lt;/i&gt;&lt;/span class&gt;</p0826-teimww:text>
  </p0826-teimww:passage>
  <p0826-teimww:passage id="ww_3a2a01d66a43327c">
    <knoraXmlImport:label>passage label</knoraXmlImport:label>
    <p0826-teimww:occursIn>
      <p0826-teimww:book knoraType="link_value" linkType="ref" target="ww_b3931845d54b98d5"/>
    </p0826-teimww:occursIn>
  </p0826-teimww:passage>
  <p0826-teimww:passage id="ww_1efdff27768ca97a">
    <knoraXmlImport:label>passage label</knoraXmlImport:label>
    <p0826-teimww:occursIn>
      <p0826-teimww:book knoraType="link_value" linkType="ref" target="ww_068f59ef3e3a298f"/>
    </p0826-teimww:occursIn>
    <p0826-teimww:text knoraType="richtext_value">Then, boyling Wrath, stern, cruell, swift, and rash,&lt;br&gt;
That like a Boar her teeth doth grinde and gnash:&lt;br&gt;
Whose &lt;span class="quote"&gt;hair doth stare&lt;/span&gt;, like &lt;span class="quote"&gt;bristled Porcupine&lt;/span&gt;;&lt;br&gt;
Who som-times rowles her ghastly-glowing eyn,&lt;br&gt;
And som-time fixtly on the ground doth glaunce,&lt;br&gt;
Now bleak, then bloody in her Countenance [...].</p0826-teimww:text>
  </p0826-teimww:passage>
  <p0826-teimww:passage id="ww_640d710e2a9adf18">
    <knoraXmlImport:label>passage label</knoraXmlImport:label>
    <p0826-teimww:occursIn>
      <p0826-teimww:book knoraType="link_value" linkType="ref" target="ww_3e15ab6c612eadae"/>
    </p0826-teimww:occursIn>
  </p0826-teimww:passage>
  <p0826-teimww:passage id="ww_c511383dd2b6c1ac">
    <knoraXmlImport:label>passage label</knoraXmlImport:label>
    <p0826-teimww:occursIn>
      <p0826-teimww:book knoraType="link_value" linkType="ref" target="ww_436db7d05fb0f0f6"/>
    </p0826-teimww:occursIn>
    <p0826-teimww:text knoraType="richtext_value">[Andrugio:] [...] Sing &lt;i&gt;Mellida &lt;/i&gt;is dead, all hearts will relent &lt;br&gt;
[...] in sad &lt;span class="quote"&gt;condolement&lt;/span&gt; at that heavy sound [...].</p0826-teimww:text>
  </p0826-teimww:passage>
  <p0826-teimww:passage id="ww_967d1d53b1664818">
    <knoraXmlImport:label>passage label</knoraXmlImport:label>
    <p0826-teimww:occursIn>
      <p0826-teimww:book knoraType="link_value" linkType="ref" target="ww_3e15ab6c612eadae"/>
    </p0826-teimww:occursIn>
  </p0826-teimww:passage>
  <p0826-teimww:passage id="ww_375719d4bb0d18ca">
    <knoraXmlImport:label>passage label</knoraXmlImport:label>
    <p0826-teimww:occursIn>
      <p0826-teimww:book knoraType="link_value" linkType="ref" target="ww_3c135d434850a738"/>
    </p0826-teimww:occursIn>
    <p0826-teimww:text knoraType="richtext_value">[Brutus:] […] Let's be &lt;span class="quote"&gt;sacrificers, but not butchers &lt;/span&gt;[…].</p0826-teimww:text>
  </p0826-teimww:passage>
  <p0826-teimww:passage id="ww_0e41e81fe9b82341">
    <knoraXmlImport:label>passage label</knoraXmlImport:label>
    <p0826-teimww:occursIn>
      <p0826-teimww:book knoraType="link_value" linkType="ref" target="ww_5868d5560bdfc062"/>
    </p0826-teimww:occursIn>
  </p0826-teimww:passage>
  <p0826-teimww:passage id="ww_caf6789cf7c00a0f">
    <knoraXmlImport:label>passage label</knoraXmlImport:label>
    <p0826-teimww:occursIn>
      <p0826-teimww:book knoraType="link_value" linkType="ref" target="ww_0c928f9e751dabbf"/>
    </p0826-teimww:occursIn>
    <p0826-teimww:text knoraType="richtext_value">[Pistol:] O, Seigneur Dew should be a gentleman. &lt;br&gt;
&lt;span class="quote"&gt;Perpend my words, &lt;/span&gt;O Seigneur Dew, and mark: &lt;br&gt;
O Seigneur Dew, thou diest on point of fox, except, O&lt;br&gt;
Seigneur, thou do give to me egregious ransom.</p0826-teimww:text>
  </p0826-teimww:passage>
  <p0826-teimww:passage id="ww_8e1f71543d82d963">
    <knoraXmlImport:label>passage label</knoraXmlImport:label>
    <p0826-teimww:occursIn>
      <p0826-teimww:book knoraType="link_value" linkType="ref" target="ww_3e15ab6c612eadae"/>
    </p0826-teimww:occursIn>
  </p0826-teimww:passage>
  <p0826-teimww:passage id="ww_88dcaf88c79cc2e8">
    <knoraXmlImport:label>passage label</knoraXmlImport:label>
    <p0826-teimww:occursIn>
      <p0826-teimww:book knoraType="link_value" linkType="ref" target="ww_3c135d434850a738"/>
    </p0826-teimww:occursIn>
    <p0826-teimww:text knoraType="richtext_value">[Antony:] This was the &lt;span class="quote"&gt;noblest Roman of them all&lt;/span&gt;.&lt;br&gt;
All the conspirators save only he&lt;br&gt;
Did that they did in envy of great Caesar.&lt;br&gt;
He only in a general honest thought&lt;br&gt;
And common good to all made one of them.&lt;br&gt;
His life was gentle and the elements &lt;br&gt;
So mix'd in him that Nature might stand up&lt;br&gt;
And say to all the world &lt;span class="quote"&gt;"This was a man!".&lt;/span&gt;</p0826-teimww:text>
  </p0826-teimww:passage>
  <p0826-teimww:passage id="ww_a727d029e4cb154f">
    <knoraXmlImport:label>passage label</knoraXmlImport:label>
    <p0826-teimww:occursIn>
      <p0826-teimww:book knoraType="link_value" linkType="ref" target="ww_b3931845d54b98d5"/>
    </p0826-teimww:occursIn>
  </p0826-teimww:passage>
  <p0826-teimww:passage id="ww_0ca61780f5cc48f6">
    <knoraXmlImport:label>passage label</knoraXmlImport:label>
    <p0826-teimww:occursIn>
      <p0826-teimww:book knoraType="link_value" linkType="ref" target="ww_12b8cda82738e9e2"/>
    </p0826-teimww:occursIn>
  </p0826-teimww:passage>
  <p0826-teimww:passage id="ww_e5aa0dc0f8725de9">
    <knoraXmlImport:label>passage label</knoraXmlImport:label>
    <p0826-teimww:occursIn>
      <p0826-teimww:book knoraType="link_value" linkType="ref" target="ww_a466e78302462627"/>
    </p0826-teimww:occursIn>
    <p0826-teimww:text knoraType="richtext_value">[Mellida:] [...] well point our speech&lt;br&gt;
With amorous kissing, &lt;span class="quote"&gt;kissing commas &lt;/span&gt;[...].</p0826-teimww:text>
  </p0826-teimww:passage>
  <p0826-teimww:passage id="ww_cbe0d0b4e5beaaf4">
    <knoraXmlImport:label>passage label</knoraXmlImport:label>
    <p0826-teimww:occursIn>
      <p0826-teimww:book knoraType="link_value" linkType="ref" target="ww_5af91280461707f1"/>
    </p0826-teimww:occursIn>
  </p0826-teimww:passage>
  <p0826-teimww:passage id="ww_1d595dac22e80edd">
    <knoraXmlImport:label>passage label</knoraXmlImport:label>
    <p0826-teimww:occursIn>
      <p0826-teimww:book knoraType="link_value" linkType="ref" target="ww_3c135d434850a738"/>
    </p0826-teimww:occursIn>
    <p0826-teimww:text knoraType="richtext_value">[Titinius:] [...] By your leave, gods, &lt;span class="quote"&gt;this is a Roman's part. &lt;br&gt;&lt;/span&gt;
Come, Cassius sword, and find Titinius' heart!</p0826-teimww:text>
  </p0826-teimww:passage>
  <p0826-teimww:passage id="ww_5d8fe52b38a2696c">
    <knoraXmlImport:label>passage label</knoraXmlImport:label>
    <p0826-teimww:occursIn>
      <p0826-teimww:book knoraType="link_value" linkType="ref" target="ww_1140c36ab545b6d8"/>
    </p0826-teimww:occursIn>
  </p0826-teimww:passage>
  <p0826-teimww:passage id="ww_888fc1e9057a019d">
    <knoraXmlImport:label>passage label</knoraXmlImport:label>
    <p0826-teimww:occursIn>
      <p0826-teimww:book knoraType="link_value" linkType="ref" target="ww_f90b16594829b119"/>
    </p0826-teimww:occursIn>
    <p0826-teimww:text knoraType="richtext_value">[Soldier:] My Lord, &lt;br&gt;
The battle of the Spaniards is dispersed: &lt;br&gt;
Beside, I bring to you this happy news, &lt;br&gt;
The worthy Duke of Boulogne long desired, &lt;br&gt;
And much bewailéd for his injury, &lt;br&gt;
Lives and returned about an hour since.&lt;br&gt; 
At his first coming, &lt;span class="quote"&gt;armed in complete steel,&lt;br&gt; &lt;/span&gt;
Challeng'd the Duke Medyna at his Tent, &lt;br&gt;
And there in single combat like himself, &lt;br&gt;
And like a father of his country's weal, &lt;br&gt;
Hath slain that proud disturber of our peace [...].</p0826-teimww:text>
  </p0826-teimww:passage>
  <p0826-teimww:passage id="ww_65b691f1e9caab4c">
    <knoraXmlImport:label>passage label</knoraXmlImport:label>
    <p0826-teimww:occursIn>
      <p0826-teimww:book knoraType="link_value" linkType="ref" target="ww_c068d7733749f819"/>
    </p0826-teimww:occursIn>
    <p0826-teimww:text knoraType="richtext_value">[Firke:] I speak it in secret, mistress Rose, and he are by this time: no not so, but shortly are to come over one another with, &lt;span class="quote"&gt;Can you dance the shaking of the sheets&lt;/span&gt;?
&lt;br&gt;
&lt;br&gt;
[Eyre:] [...] mark this old wench, my king, &lt;span class="quote"&gt;I danced the shaking of the sheets with her &lt;/span&gt;six and thirty years ago.</p0826-teimww:text>
  </p0826-teimww:passage>
  <p0826-teimww:passage id="ww_6e025ef0f1484cbb">
    <knoraXmlImport:label>passage label</knoraXmlImport:label>
    <p0826-teimww:occursIn>
      <p0826-teimww:book knoraType="link_value" linkType="ref" target="ww_0c928f9e751dabbf"/>
    </p0826-teimww:occursIn>
    <p0826-teimww:text knoraType="richtext_value">[King Henry:] [...] We are but warriors for the working day;&lt;br&gt;
Our gayness and our gilt are all&lt;span class="quote"&gt; besmirched&lt;/span&gt;&lt;br&gt;
With rainy marching in the painful field.</p0826-teimww:text>
  </p0826-teimww:passage>
  <p0826-teimww:passage id="ww_bd23db64942bddf4">
    <knoraXmlImport:label>passage label</knoraXmlImport:label>
    <p0826-teimww:occursIn>
      <p0826-teimww:book knoraType="link_value" linkType="ref" target="ww_b3931845d54b98d5"/>
    </p0826-teimww:occursIn>
  </p0826-teimww:passage>
  <p0826-teimww:passage id="ww_ad680539b8ce8921">
    <knoraXmlImport:label>passage label</knoraXmlImport:label>
    <p0826-teimww:occursIn>
      <p0826-teimww:book knoraType="link_value" linkType="ref" target="ww_0c928f9e751dabbf"/>
    </p0826-teimww:occursIn>
    <p0826-teimww:text knoraType="richtext_value">[Westmoreland:] &lt;span class="quote"&gt;How smooth and even they do bear themselves,&lt;br&gt;&lt;/span&gt;
As if allegiance in their bosoms sat&lt;br&gt;
Crownèd with faith and constant loyalty.</p0826-teimww:text>
  </p0826-teimww:passage>
  <p0826-teimww:passage id="ww_8265fb48375cd07c">
    <knoraXmlImport:label>passage label</knoraXmlImport:label>
    <p0826-teimww:occursIn>
      <p0826-teimww:book knoraType="link_value" linkType="ref" target="ww_b3931845d54b98d5"/>
    </p0826-teimww:occursIn>
  </p0826-teimww:passage>
  <p0826-teimww:passage id="ww_4d56d2b86ae28bba">
    <knoraXmlImport:label>passage label</knoraXmlImport:label>
    <p0826-teimww:occursIn>
      <p0826-teimww:book knoraType="link_value" linkType="ref" target="ww_3c135d434850a738"/>
    </p0826-teimww:occursIn>
    <p0826-teimww:text knoraType="richtext_value">[Brutus:] [...] Ha, who comes here?&lt;br&gt;
I think it is the weakness of mine eyes&lt;br&gt;
That shapes this monstrous apparition.&lt;br&gt;
It comes upon me. - &lt;span class="quote"&gt;Art thou any thing&lt;/span&gt;?&lt;br&gt;
Art thou some god, some angel, or some devil,&lt;br&gt;
That mak’st my blood cold and my&lt;span class="quote"&gt; hair to stare&lt;/span&gt;?&lt;br&gt;
&lt;span class="quote"&gt;Speak to me what thou art.&lt;/span&gt;</p0826-teimww:text>
  </p0826-teimww:passage>
  <p0826-teimww:passage id="ww_ba84b0759e3e8f1f">
    <knoraXmlImport:label>passage label</knoraXmlImport:label>
    <p0826-teimww:occursIn>
      <p0826-teimww:book knoraType="link_value" linkType="ref" target="ww_55bc1a3b04bf8a8d"/>
    </p0826-teimww:occursIn>
  </p0826-teimww:passage>
  <p0826-teimww:passage id="ww_fed16b9a8847306d">
    <knoraXmlImport:label>passage label</knoraXmlImport:label>
    <p0826-teimww:occursIn>
      <p0826-teimww:book knoraType="link_value" linkType="ref" target="ww_3c135d434850a738"/>
    </p0826-teimww:occursIn>
    <p0826-teimww:text knoraType="richtext_value">[Calphurnia:] [...] And&lt;span class="quote"&gt; ghosts&lt;/span&gt; did &lt;span class="quote"&gt;shriek and squeal&lt;/span&gt; about the streets.</p0826-teimww:text>
  </p0826-teimww:passage>
  <p0826-teimww:passage id="ww_68419cb6dfd85023">
    <knoraXmlImport:label>passage label</knoraXmlImport:label>
    <p0826-teimww:occursIn>
      <p0826-teimww:book knoraType="link_value" linkType="ref" target="ww_b3931845d54b98d5"/>
    </p0826-teimww:occursIn>
  </p0826-teimww:passage>
  <p0826-teimww:passage id="ww_e6d88b124467b95d">
    <knoraXmlImport:label>passage label</knoraXmlImport:label>
    <p0826-teimww:occursIn>
      <p0826-teimww:book knoraType="link_value" linkType="ref" target="ww_0b28ed19a0540e1d"/>
    </p0826-teimww:occursIn>
  </p0826-teimww:passage>
  <p0826-teimww:passage id="ww_7d7b05c2ace49fce">
    <knoraXmlImport:label>passage label</knoraXmlImport:label>
    <p0826-teimww:occursIn>
      <p0826-teimww:book knoraType="link_value" linkType="ref" target="ww_0c928f9e751dabbf"/>
    </p0826-teimww:occursIn>
    <p0826-teimww:text knoraType="richtext_value">[King Henry:] [...] My ransom is &lt;span class="quote"&gt;this frail and worthless trunk&lt;/sapn&gt; [...].</p0826-teimww:text>
  </p0826-teimww:passage>
  <p0826-teimww:passage id="ww_91f65586c0b8d34d">
    <knoraXmlImport:label>passage label</knoraXmlImport:label>
    <p0826-teimww:occursIn>
      <p0826-teimww:book knoraType="link_value" linkType="ref" target="ww_b908ae26c4f3afcf"/>
    </p0826-teimww:occursIn>
  </p0826-teimww:passage>
  <p0826-teimww:passage id="ww_c4295ef54b724c88">
    <knoraXmlImport:label>passage label</knoraXmlImport:label>
    <p0826-teimww:occursIn>
      <p0826-teimww:book knoraType="link_value" linkType="ref" target="ww_5cb4c35da9f3b9dd"/>
    </p0826-teimww:occursIn>
    <p0826-teimww:text knoraType="richtext_value">[Polonius:] &lt;span class="quote"&gt;Perpend&lt;/span&gt;.</p0826-teimww:text>
  </p0826-teimww:passage>
  <p0826-teimww:passage id="ww_0b70318951dae06c">
    <knoraXmlImport:label>passage label</knoraXmlImport:label>
    <p0826-teimww:occursIn>
      <p0826-teimww:book knoraType="link_value" linkType="ref" target="ww_b3931845d54b98d5"/>
    </p0826-teimww:occursIn>
  </p0826-teimww:passage>
  <p0826-teimww:passage id="ww_8e9d7bc440f7d94b">
    <knoraXmlImport:label>passage label</knoraXmlImport:label>
    <p0826-teimww:occursIn>
      <p0826-teimww:book knoraType="link_value" linkType="ref" target="ww_2e87bad72d73252f"/>
    </p0826-teimww:occursIn>
    <p0826-teimww:text knoraType="richtext_value">Come, ye heavy states of night,&lt;br&gt;
Doe &lt;span class="quote"&gt;my father's spirit &lt;/span&gt;right,&lt;br&gt;
Soundings baleful let mee borrow,&lt;br&gt;
Burthening my song with sorrow,&lt;br&gt;
Come sorrow come her eyes that sings,&lt;br&gt;
By thee turned into springs.</p0826-teimww:text>
  </p0826-teimww:passage>
  <p0826-teimww:passage id="ww_a88fdc4b1eb72684">
    <knoraXmlImport:label>passage label</knoraXmlImport:label>
    <p0826-teimww:occursIn>
      <p0826-teimww:book knoraType="link_value" linkType="ref" target="ww_f034fa6f545e0122"/>
    </p0826-teimww:occursIn>
  </p0826-teimww:passage>
  <p0826-teimww:passage id="ww_0f86514b4c1412e0">
    <knoraXmlImport:label>passage label</knoraXmlImport:label>
    <p0826-teimww:occursIn>
      <p0826-teimww:book knoraType="link_value" linkType="ref" target="ww_5cb4c35da9f3b9dd"/>
    </p0826-teimww:occursIn>
    <p0826-teimww:text knoraType="richtext_value">[Claudius:] But now, my cousin Hamlet, and my &lt;span class="quote"&gt;son&lt;/span&gt; - [...]&lt;br&gt;
[Hamlet:] Not so, my lord; I am too much i' the &lt;span class="quote"&gt;sun&lt;/span&gt;. </p0826-teimww:text>
  </p0826-teimww:passage>
  <p0826-teimww:passage id="ww_af17ed97004e7a84">
    <knoraXmlImport:label>passage label</knoraXmlImport:label>
    <p0826-teimww:occursIn>
      <p0826-teimww:book knoraType="link_value" linkType="ref" target="ww_b3931845d54b98d5"/>
    </p0826-teimww:occursIn>
  </p0826-teimww:passage>
  <p0826-teimww:passage id="ww_b1d60e5d90c5fba1">
    <knoraXmlImport:label>passage label</knoraXmlImport:label>
    <p0826-teimww:occursIn>
      <p0826-teimww:book knoraType="link_value" linkType="ref" target="ww_5cb4c35da9f3b9dd"/>
    </p0826-teimww:occursIn>
    <p0826-teimww:text knoraType="richtext_value">[Player King:] Full thirty times hath &lt;span class="quote"&gt;Phoebus' cart&lt;/span&gt; gone round [...]</p0826-teimww:text>
  </p0826-teimww:passage>
  <p0826-teimww:passage id="ww_3d6d95a2508f27f6">
    <knoraXmlImport:label>passage label</knoraXmlImport:label>
    <p0826-teimww:occursIn>
      <p0826-teimww:book knoraType="link_value" linkType="ref" target="ww_91e0dc4c671938fa"/>
    </p0826-teimww:occursIn>
  </p0826-teimww:passage>
  <p0826-teimww:passage id="ww_8b317e13c7d24366">
    <knoraXmlImport:label>passage label</knoraXmlImport:label>
    <p0826-teimww:occursIn>
      <p0826-teimww:book knoraType="link_value" linkType="ref" target="ww_1140c36ab545b6d8"/>
    </p0826-teimww:occursIn>
  </p0826-teimww:passage>
  <p0826-teimww:passage id="ww_8bae7fd5371bc593">
    <knoraXmlImport:label>passage label</knoraXmlImport:label>
    <p0826-teimww:occursIn>
      <p0826-teimww:book knoraType="link_value" linkType="ref" target="ww_5cb4c35da9f3b9dd"/>
    </p0826-teimww:occursIn>
    <p0826-teimww:text knoraType="richtext_value">[Ghost:] [...] And duller shouldst thou be than the &lt;span class="quote"&gt;fat weed&lt;/span&gt; &lt;br&gt;
That roots itself in ease on &lt;span class="quote"&gt;Lethe wharf [...].</p0826-teimww:text>
  </p0826-teimww:passage>
  <p0826-teimww:passage id="ww_484b8bea51b8ad79">
    <knoraXmlImport:label>passage label</knoraXmlImport:label>
    <p0826-teimww:occursIn>
      <p0826-teimww:book knoraType="link_value" linkType="ref" target="ww_b3931845d54b98d5"/>
    </p0826-teimww:occursIn>
  </p0826-teimww:passage>
  <p0826-teimww:passage id="ww_3c2bea9f1f7136eb">
    <knoraXmlImport:label>passage label</knoraXmlImport:label>
    <p0826-teimww:occursIn>
      <p0826-teimww:book knoraType="link_value" linkType="ref" target="ww_5cb4c35da9f3b9dd"/>
    </p0826-teimww:occursIn>
    <p0826-teimww:text knoraType="richtext_value">[Ophelia:] &lt;span class="quote"&gt;There's rosemary, that's for remembrance.&lt;/span&gt;</p0826-teimww:text>
  </p0826-teimww:passage>
  <p0826-teimww:passage id="ww_f34797e081aa9183">
    <knoraXmlImport:label>passage label</knoraXmlImport:label>
    <p0826-teimww:occursIn>
      <p0826-teimww:book knoraType="link_value" linkType="ref" target="ww_b3931845d54b98d5"/>
    </p0826-teimww:occursIn>
  </p0826-teimww:passage>
  <p0826-teimww:passage id="ww_a85f5ed0eb4195f7">
    <knoraXmlImport:label>passage label</knoraXmlImport:label>
    <p0826-teimww:occursIn>
      <p0826-teimww:book knoraType="link_value" linkType="ref" target="ww_91e0dc4c671938fa"/>
    </p0826-teimww:occursIn>
  </p0826-teimww:passage>
  <p0826-teimww:passage id="ww_28d1558e8e3cc89d">
    <knoraXmlImport:label>passage label</knoraXmlImport:label>
    <p0826-teimww:occursIn>
      <p0826-teimww:book knoraType="link_value" linkType="ref" target="ww_5cb4c35da9f3b9dd"/>
    </p0826-teimww:occursIn>
    <p0826-teimww:text knoraType="richtext_value">[Ghost:] [...] O Hamlet, &lt;span class="quote"&gt;what a falling off was there!&lt;/span&gt;</p0826-teimww:text>
  </p0826-teimww:passage>
  <p0826-teimww:passage id="ww_3a7991c7366e35aa">
    <knoraXmlImport:label>passage label</knoraXmlImport:label>
    <p0826-teimww:occursIn>
      <p0826-teimww:book knoraType="link_value" linkType="ref" target="ww_b3931845d54b98d5"/>
    </p0826-teimww:occursIn>
  </p0826-teimww:passage>
  <p0826-teimww:passage id="ww_f56f9b86cee56ee4">
    <knoraXmlImport:label>passage label</knoraXmlImport:label>
    <p0826-teimww:occursIn>
      <p0826-teimww:book knoraType="link_value" linkType="ref" target="ww_5cb4c35da9f3b9dd"/>
    </p0826-teimww:occursIn>
    <p0826-teimww:text knoraType="richtext_value">[Ghost:] [...] &lt;span class="quote"&gt;And in the porches of my ears did pour &lt;br&gt;
The leprous distilment&lt;/span&gt; [...].</p0826-teimww:text>
  </p0826-teimww:passage>
  <p0826-teimww:passage id="ww_4f16c0a47313993f">
    <knoraXmlImport:label>passage label</knoraXmlImport:label>
    <p0826-teimww:occursIn>
      <p0826-teimww:book knoraType="link_value" linkType="ref" target="ww_4899784ecc7f3845"/>
    </p0826-teimww:occursIn>
  </p0826-teimww:passage>
  <p0826-teimww:passage id="ww_be5687c786a094b4">
    <knoraXmlImport:label>passage label</knoraXmlImport:label>
    <p0826-teimww:occursIn>
      <p0826-teimww:book knoraType="link_value" linkType="ref" target="ww_b3931845d54b98d5"/>
    </p0826-teimww:occursIn>
  </p0826-teimww:passage>
  <p0826-teimww:passage id="ww_250e0e3890cc2afe">
    <knoraXmlImport:label>passage label</knoraXmlImport:label>
    <p0826-teimww:occursIn>
      <p0826-teimww:book knoraType="link_value" linkType="ref" target="ww_436db7d05fb0f0f6"/>
    </p0826-teimww:occursIn>
    <p0826-teimww:text knoraType="richtext_value">[Antonio:] Resolved hearts, time curtails night, &lt;br&gt;
opportunity shakes us his foretop. &lt;br&gt;
Steel your thoughts, sharp your resolve, &lt;br&gt;
imbolden your spirit, grasp your swords; alarum mischief, &lt;br&gt;
&amp; with an undated brow, out scout the grim opposition&lt;br&gt;
Of most menacing peril. &lt;br&gt;
Hark here, proud pomp shoots mounting triumph up, &lt;br&gt;
Born in loud accents to &lt;span class="quote"&gt;the front of &lt;i&gt;Jove.&lt;/i&gt;&lt;/span&gt; </p0826-teimww:text>
  </p0826-teimww:passage>
  <p0826-teimww:passage id="ww_9c2cb173475285b9">
    <knoraXmlImport:label>passage label</knoraXmlImport:label>
    <p0826-teimww:occursIn>
      <p0826-teimww:book knoraType="link_value" linkType="ref" target="ww_91e0dc4c671938fa"/>
    </p0826-teimww:occursIn>
  </p0826-teimww:passage>
  <p0826-teimww:passage id="ww_8b9dc872d28e1554">
    <knoraXmlImport:label>passage label</knoraXmlImport:label>
    <p0826-teimww:occursIn>
      <p0826-teimww:book knoraType="link_value" linkType="ref" target="ww_5cb4c35da9f3b9dd"/>
    </p0826-teimww:occursIn>
    <p0826-teimww:text knoraType="richtext_value">[Ghost:] [...] And with a sudden vigor it doth &lt;span class="quote"&gt;posset &lt;br&gt;
And curd&lt;/span&gt; [...].</p0826-teimww:text>
  </p0826-teimww:passage>
  <p0826-teimww:passage id="ww_61f87abdf5033f1d">
    <knoraXmlImport:label>passage label</knoraXmlImport:label>
    <p0826-teimww:occursIn>
      <p0826-teimww:book knoraType="link_value" linkType="ref" target="ww_15dba62495527dd5"/>
    </p0826-teimww:occursIn>
  </p0826-teimww:passage>
  <p0826-teimww:passage id="ww_5677033d70a8ff8f">
    <knoraXmlImport:label>passage label</knoraXmlImport:label>
    <p0826-teimww:occursIn>
      <p0826-teimww:book knoraType="link_value" linkType="ref" target="ww_0b28ed19a0540e1d"/>
    </p0826-teimww:occursIn>
  </p0826-teimww:passage>
  <p0826-teimww:passage id="ww_78e9a988b4fe4ce6">
    <knoraXmlImport:label>passage label</knoraXmlImport:label>
    <p0826-teimww:occursIn>
      <p0826-teimww:book knoraType="link_value" linkType="ref" target="ww_bd61ff243a1c12bf"/>
    </p0826-teimww:occursIn>
  </p0826-teimww:passage>
  <p0826-teimww:passage id="ww_1cc8768dd658572b">
    <knoraXmlImport:label>passage label</knoraXmlImport:label>
    <p0826-teimww:occursIn>
      <p0826-teimww:book knoraType="link_value" linkType="ref" target="ww_c0bb45384c6abc1f"/>
    </p0826-teimww:occursIn>
  </p0826-teimww:passage>
  <p0826-teimww:passage id="ww_cca252711cdd9beb">
    <knoraXmlImport:label>passage label</knoraXmlImport:label>
    <p0826-teimww:occursIn>
      <p0826-teimww:book knoraType="link_value" linkType="ref" target="ww_1140c36ab545b6d8"/>
    </p0826-teimww:occursIn>
  </p0826-teimww:passage>
  <p0826-teimww:passage id="ww_368ef6bc8c8105c2">
    <knoraXmlImport:label>passage label</knoraXmlImport:label>
    <p0826-teimww:occursIn>
      <p0826-teimww:book knoraType="link_value" linkType="ref" target="ww_5cb4c35da9f3b9dd"/>
    </p0826-teimww:occursIn>
    <p0826-teimww:text knoraType="richtext_value">[Ghost:] [...] And a &lt;span class="quote"&gt;most instant tetter barked&lt;/span&gt; about [...].</p0826-teimww:text>
  </p0826-teimww:passage>
  <p0826-teimww:passage id="ww_a59a7cb93b05bfe5">
    <knoraXmlImport:label>passage label</knoraXmlImport:label>
    <p0826-teimww:occursIn>
      <p0826-teimww:book knoraType="link_value" linkType="ref" target="ww_436db7d05fb0f0f6"/>
    </p0826-teimww:occursIn>
    <p0826-teimww:text knoraType="richtext_value">(Enter Antonio &lt;span class="quote"&gt;with a book&lt;/span&gt;, Lucio, Alberto; &lt;span class="quote"&gt;Antonio in black)&lt;/span&gt;</p0826-teimww:text>
  </p0826-teimww:passage>
  <p0826-teimww:passage id="ww_bf1d07022f4ec0bb">
    <knoraXmlImport:label>passage label</knoraXmlImport:label>
    <p0826-teimww:occursIn>
      <p0826-teimww:book knoraType="link_value" linkType="ref" target="ww_0f0f2ccb24fa3b96"/>
    </p0826-teimww:occursIn>
  </p0826-teimww:passage>
  <p0826-teimww:passage id="ww_6f800d565e914e02">
    <knoraXmlImport:label>passage label</knoraXmlImport:label>
    <p0826-teimww:occursIn>
      <p0826-teimww:book knoraType="link_value" linkType="ref" target="ww_5cb4c35da9f3b9dd"/>
    </p0826-teimww:occursIn>
    <p0826-teimww:text knoraType="richtext_value">&lt;span class="quote"&gt;(Enter Hamlet in black, reading a book)&lt;/span&gt;</p0826-teimww:text>
  </p0826-teimww:passage>
  <p0826-teimww:passage id="ww_993f24a8bcaf97a5">
    <knoraXmlImport:label>passage label</knoraXmlImport:label>
    <p0826-teimww:occursIn>
      <p0826-teimww:book knoraType="link_value" linkType="ref" target="ww_5cb4c35da9f3b9dd"/>
    </p0826-teimww:occursIn>
    <p0826-teimww:text knoraType="richtext_value">[Queen:] No more! &lt;br&gt;
[Hamlet:] A king of shreds and patches - &lt;br&gt;
(Enter Ghost)&lt;br&gt;
Save me and hover o'er me with your wings,
You heavenly guards! - What would your gracious
figure?&lt;br&gt;
[Queen:] &lt;span class="quote"&gt;Alas, he's mad.&lt;/span&gt;&lt;br&gt;</p0826-teimww:text>
  </p0826-teimww:passage>
  <p0826-teimww:passage id="ww_a9bb8dd2e13ba9d4">
    <knoraXmlImport:label>passage label</knoraXmlImport:label>
    <p0826-teimww:occursIn>
      <p0826-teimww:book knoraType="link_value" linkType="ref" target="ww_0f0f2ccb24fa3b96"/>
    </p0826-teimww:occursIn>
  </p0826-teimww:passage>
  <p0826-teimww:passage id="ww_85b8b69692436002">
    <knoraXmlImport:label>passage label</knoraXmlImport:label>
    <p0826-teimww:occursIn>
      <p0826-teimww:book knoraType="link_value" linkType="ref" target="ww_436db7d05fb0f0f6"/>
    </p0826-teimww:occursIn>
    <p0826-teimww:text knoraType="richtext_value">[Maria:]&lt;span class="quote"&gt; What, my good boy, stark mad?&lt;/span&gt; &lt;br&gt;
[Antonio:] I am not. &lt;br&gt;
[Maria:] &lt;span class="quote"&gt;Alas, &lt;/span&gt;is that strange news? [...]&lt;br&gt;
[Maria:] &lt;span class="quote"&gt;Alas my son's distraught. Sweet boy appease&lt;br&gt;
Thy mutining affections.&lt;br&gt;&lt;/span&gt;
[Antonio:] By the astoning terror of swart night,&lt;br&gt;
By the infectious damps of clammy graves,&lt;br&gt;
And by the mould that presseth down&lt;br&gt;
My dead father's skull: I'll be reveng'd. </p0826-teimww:text>
  </p0826-teimww:passage>
  <p0826-teimww:passage id="ww_9166bd087f950474">
    <knoraXmlImport:label>passage label</knoraXmlImport:label>
    <p0826-teimww:occursIn>
      <p0826-teimww:book knoraType="link_value" linkType="ref" target="ww_436db7d05fb0f0f6"/>
    </p0826-teimww:occursIn>
    <p0826-teimww:text knoraType="richtext_value">[Antonio:] [...] &lt;span class="quote"&gt;Blood cries for blood&lt;/span&gt;, and murder murder craves.</p0826-teimww:text>
  </p0826-teimww:passage>
  <p0826-teimww:passage id="ww_390a8314d0e9a746">
    <knoraXmlImport:label>passage label</knoraXmlImport:label>
    <p0826-teimww:occursIn>
      <p0826-teimww:book knoraType="link_value" linkType="ref" target="ww_0f0f2ccb24fa3b96"/>
    </p0826-teimww:occursIn>
  </p0826-teimww:passage>
  <p0826-teimww:passage id="ww_53a18a0e43352542">
    <knoraXmlImport:label>passage label</knoraXmlImport:label>
    <p0826-teimww:occursIn>
      <p0826-teimww:book knoraType="link_value" linkType="ref" target="ww_5cb4c35da9f3b9dd"/>
    </p0826-teimww:occursIn>
    <p0826-teimww:text knoraType="richtext_value">[Hamlet:] &lt;span class="quote"&gt;What is he whose grief
Bears such an emphasis,&lt;/span&gt; whose phrase of sorrow
Conjures the wand’ring stars and makes them stand
Like wonder-wounded hearers? &lt;span class="quote"&gt;This is I,
Hamlet the Dane.&lt;/span&gt;</p0826-teimww:text>
  </p0826-teimww:passage>
  <p0826-teimww:passage id="ww_1ee6fc62b4894307">
    <knoraXmlImport:label>passage label</knoraXmlImport:label>
    <p0826-teimww:occursIn>
      <p0826-teimww:book knoraType="link_value" linkType="ref" target="ww_0f0f2ccb24fa3b96"/>
    </p0826-teimww:occursIn>
  </p0826-teimww:passage>
  <p0826-teimww:passage id="ww_8dbc67b2c2b12c09">
    <knoraXmlImport:label>passage label</knoraXmlImport:label>
    <p0826-teimww:occursIn>
      <p0826-teimww:book knoraType="link_value" linkType="ref" target="ww_5cb4c35da9f3b9dd"/>
    </p0826-teimww:occursIn>
    <p0826-teimww:text knoraType="richtext_value">[Hamlet:] [...] &lt;span class="quote"&gt;Roasted in wrath and fire,&lt;br&gt;
And thus o'ersizèd with coagulate gore &lt;/span&gt;[...].</p0826-teimww:text>
  </p0826-teimww:passage>
  <p0826-teimww:passage id="ww_234eb609be70c236">
    <knoraXmlImport:label>passage label</knoraXmlImport:label>
    <p0826-teimww:occursIn>
      <p0826-teimww:book knoraType="link_value" linkType="ref" target="ww_3f86f30540de15b8"/>
    </p0826-teimww:occursIn>
  </p0826-teimww:passage>
  <p0826-teimww:passage id="ww_9827a30ac3d0bdff">
    <knoraXmlImport:label>passage label</knoraXmlImport:label>
    <p0826-teimww:occursIn>
      <p0826-teimww:book knoraType="link_value" linkType="ref" target="ww_436db7d05fb0f0f6"/>
    </p0826-teimww:occursIn>
    <p0826-teimww:text knoraType="richtext_value">[Pandulpho:] [...] Yet I am less than a man. I am the miserables soul that breathes. &lt;br&gt;
[Antonio:] 'Slid, sir, ye lie! by h'heart of grief, thou lies!
I scorn't that any wretched should survive 
Outmounting me in that superlative:
&lt;span class="quote"&gt;Most miserable, most unmatched woe.
Who dare assume that, but Antonio?&lt;/span&gt;</p0826-teimww:text>
  </p0826-teimww:passage>
  <p0826-teimww:passage id="ww_111ef41d82566f40">
    <knoraXmlImport:label>passage label</knoraXmlImport:label>
    <p0826-teimww:occursIn>
      <p0826-teimww:book knoraType="link_value" linkType="ref" target="ww_5cb4c35da9f3b9dd"/>
    </p0826-teimww:occursIn>
    <p0826-teimww:text knoraType="richtext_value">[First Player:] [...] &lt;span class="quote"&gt;Repugnant to command. Unequal matched &lt;/span&gt;[...].</p0826-teimww:text>
  </p0826-teimww:passage>
  <p0826-teimww:passage id="ww_4a08325d68fb8123">
    <knoraXmlImport:label>passage label</knoraXmlImport:label>
    <p0826-teimww:occursIn>
      <p0826-teimww:book knoraType="link_value" linkType="ref" target="ww_3f86f30540de15b8"/>
    </p0826-teimww:occursIn>
  </p0826-teimww:passage>
  <p0826-teimww:passage id="ww_6ecaf2375c2a6377">
    <knoraXmlImport:label>passage label</knoraXmlImport:label>
    <p0826-teimww:occursIn>
      <p0826-teimww:book knoraType="link_value" linkType="ref" target="ww_5cb4c35da9f3b9dd"/>
    </p0826-teimww:occursIn>
    <p0826-teimww:text knoraType="richtext_value">[First player:] &lt;span class="quote"&gt;For lo, his sword,&lt;br&gt;
Which was declining on the milky head&lt;br&gt;
Of reverend Priam, seemed i' th' air to stick.&lt;/span&gt;</p0826-teimww:text>
  </p0826-teimww:passage>
  <p0826-teimww:passage id="ww_4d957c9294144aec">
    <knoraXmlImport:label>passage label</knoraXmlImport:label>
    <p0826-teimww:occursIn>
      <p0826-teimww:book knoraType="link_value" linkType="ref" target="ww_3f86f30540de15b8"/>
    </p0826-teimww:occursIn>
  </p0826-teimww:passage>
  <p0826-teimww:passage id="ww_4cb28f2e183cc569">
    <knoraXmlImport:label>passage label</knoraXmlImport:label>
    <p0826-teimww:occursIn>
      <p0826-teimww:book knoraType="link_value" linkType="ref" target="ww_436db7d05fb0f0f6"/>
    </p0826-teimww:occursIn>
    <p0826-teimww:text knoraType="richtext_value">[Andrugio:]&lt;span class="quote"&gt; The fist of strenuous vengeance is clutched&lt;/span&gt; [...].</p0826-teimww:text>
  </p0826-teimww:passage>
  <p0826-teimww:passage id="ww_24a8d5f72ecc72c5">
    <knoraXmlImport:label>passage label</knoraXmlImport:label>
    <p0826-teimww:occursIn>
      <p0826-teimww:book knoraType="link_value" linkType="ref" target="ww_0f0f2ccb24fa3b96"/>
    </p0826-teimww:occursIn>
  </p0826-teimww:passage>
  <p0826-teimww:passage id="ww_d7bb9042bcf6b93b">
    <knoraXmlImport:label>passage label</knoraXmlImport:label>
    <p0826-teimww:occursIn>
      <p0826-teimww:book knoraType="link_value" linkType="ref" target="ww_436db7d05fb0f0f6"/>
    </p0826-teimww:occursIn>
    <p0826-teimww:text knoraType="richtext_value">[Andrugio:] [...] now is his fate grown &lt;span class="quote"&gt;mellow, &lt;br&gt;
Instant to fall into the rotten jaws &lt;br&gt;
Of chap-fall'n death. &lt;/span&gt;</p0826-teimww:text>
  </p0826-teimww:passage>
  <p0826-teimww:passage id="ww_7d9fecbbe0fb47bc">
    <knoraXmlImport:label>passage label</knoraXmlImport:label>
    <p0826-teimww:occursIn>
      <p0826-teimww:book knoraType="link_value" linkType="ref" target="ww_0f0f2ccb24fa3b96"/>
    </p0826-teimww:occursIn>
  </p0826-teimww:passage>
  <p0826-teimww:passage id="ww_fdce60d097d1d326">
    <knoraXmlImport:label>passage label</knoraXmlImport:label>
    <p0826-teimww:occursIn>
      <p0826-teimww:book knoraType="link_value" linkType="ref" target="ww_5cb4c35da9f3b9dd"/>
    </p0826-teimww:occursIn>
    <p0826-teimww:text knoraType="richtext_value">[Hamlet:] If thou dost marry, I'll give thee this plague for thy dowry: be thou as chaste as ice, as pure as snow, thou shalt not escape calumny. Get thee to a nunnery, farewell. Or if thou wilt needs marry, marry a fool, for &lt;span class="quote"&gt;wise men know well enough what monsters you make of them. &lt;/span&gt;</p0826-teimww:text>
  </p0826-teimww:passage>
  <p0826-teimww:passage id="ww_a0b327b3278b3779">
    <knoraXmlImport:label>passage label</knoraXmlImport:label>
    <p0826-teimww:occursIn>
      <p0826-teimww:book knoraType="link_value" linkType="ref" target="ww_3f86f30540de15b8"/>
    </p0826-teimww:occursIn>
  </p0826-teimww:passage>
  <p0826-teimww:passage id="ww_31497f6b713abc3c">
    <knoraXmlImport:label>passage label</knoraXmlImport:label>
    <p0826-teimww:occursIn>
      <p0826-teimww:book knoraType="link_value" linkType="ref" target="ww_5cb4c35da9f3b9dd"/>
    </p0826-teimww:occursIn>
    <p0826-teimww:text knoraType="richtext_value"> [Hamlet:] &lt;span class="quote"&gt;Compounded it with dust, whereto 'tis kin.&lt;/span&gt;</p0826-teimww:text>
  </p0826-teimww:passage>
  <p0826-teimww:passage id="ww_f7c2aa7c7e069ad4">
    <knoraXmlImport:label>passage label</knoraXmlImport:label>
    <p0826-teimww:occursIn>
      <p0826-teimww:book knoraType="link_value" linkType="ref" target="ww_b3931845d54b98d5"/>
    </p0826-teimww:occursIn>
  </p0826-teimww:passage>
  <p0826-teimww:passage id="ww_75f170d1566a53f0">
    <knoraXmlImport:label>passage label</knoraXmlImport:label>
    <p0826-teimww:occursIn>
      <p0826-teimww:book knoraType="link_value" linkType="ref" target="ww_5cb4c35da9f3b9dd"/>
    </p0826-teimww:occursIn>
    <p0826-teimww:text knoraType="richtext_value">[Hamlet:]&lt;span class="quote"&gt; Ay, truly, for the power of beauty will sooner
transform honesty from what it is to a bawd than
the force of honesty can translate beauty into his
likeness. This was sometime a paradox, but now
the time gives it proof. I did love you once.</p0826-teimww:text>
  </p0826-teimww:passage>
  <p0826-teimww:passage id="ww_02d1c26687d38b97">
    <knoraXmlImport:label>passage label</knoraXmlImport:label>
    <p0826-teimww:occursIn>
      <p0826-teimww:book knoraType="link_value" linkType="ref" target="ww_15dba62495527dd5"/>
    </p0826-teimww:occursIn>
  </p0826-teimww:passage>
  <p0826-teimww:passage id="ww_c366cb9192980786">
    <knoraXmlImport:label>passage label</knoraXmlImport:label>
    <p0826-teimww:occursIn>
      <p0826-teimww:book knoraType="link_value" linkType="ref" target="ww_5cb4c35da9f3b9dd"/>
    </p0826-teimww:occursIn>
    <p0826-teimww:text knoraType="richtext_value">[Ophelia:] Lord Hamlet, with his &lt;span class="quote"&gt;doublet all unbraced, &lt;br&gt;
No hat upon his head, his stockings fouled, &lt;br&gt;
Ungartered, and down-gyvèd to his ankle,&lt;/span&gt; &lt;br&gt;
Pale as his shirt, his knees knocking each other […]</p0826-teimww:text>
  </p0826-teimww:passage>
  <p0826-teimww:passage id="ww_9df9ce41973e30d2">
    <knoraXmlImport:label>passage label</knoraXmlImport:label>
    <p0826-teimww:occursIn>
      <p0826-teimww:book knoraType="link_value" linkType="ref" target="ww_b3931845d54b98d5"/>
    </p0826-teimww:occursIn>
  </p0826-teimww:passage>
  <p0826-teimww:passage id="ww_83b64a7879ee281a">
    <knoraXmlImport:label>passage label</knoraXmlImport:label>
    <p0826-teimww:occursIn>
      <p0826-teimww:book knoraType="link_value" linkType="ref" target="ww_1140c36ab545b6d8"/>
    </p0826-teimww:occursIn>
  </p0826-teimww:passage>
  <p0826-teimww:passage id="ww_62172f35b4e9b705">
    <knoraXmlImport:label>passage label</knoraXmlImport:label>
    <p0826-teimww:occursIn>
      <p0826-teimww:book knoraType="link_value" linkType="ref" target="ww_5cb4c35da9f3b9dd"/>
    </p0826-teimww:occursIn>
    <p0826-teimww:text knoraType="richtext_value">[Rosencrantz:] &lt;span class="quote"&gt;Take you me for a sponge, my lord? &lt;br&gt;&lt;/span&gt;
[Hamlet:] &lt;span class="quote"&gt;Ay, sir, that soaks up the king's countenance [...]&lt;br&gt;
when he needs what you have gleaned, it is but squeezing you, and sponge, you shall be dry again.&lt;/span&gt;</p0826-teimww:text>
  </p0826-teimww:passage>
  <p0826-teimww:passage id="ww_6cb1ccf2085a9012">
    <knoraXmlImport:label>passage label</knoraXmlImport:label>
    <p0826-teimww:occursIn>
      <p0826-teimww:book knoraType="link_value" linkType="ref" target="ww_b3931845d54b98d5"/>
    </p0826-teimww:occursIn>
  </p0826-teimww:passage>
  <p0826-teimww:passage id="ww_fcbc63ab965b3517">
    <knoraXmlImport:label>passage label</knoraXmlImport:label>
    <p0826-teimww:occursIn>
      <p0826-teimww:book knoraType="link_value" linkType="ref" target="ww_cbd79ec87899a40d"/>
    </p0826-teimww:occursIn>
  </p0826-teimww:passage>
  <p0826-teimww:passage id="ww_3f6e0244dce2cd2e">
    <knoraXmlImport:label>passage label</knoraXmlImport:label>
    <p0826-teimww:occursIn>
      <p0826-teimww:book knoraType="link_value" linkType="ref" target="ww_5cb4c35da9f3b9dd"/>
    </p0826-teimww:occursIn>
    <p0826-teimww:text knoraType="richtext_value">[Polonius:] […] &lt;span class="quote"&gt;That he's mad, 'tis true; 'tis true 'tis pity, &lt;br&gt;
And pity 'tis 'tis true - a foolish figure &lt;/span&gt;[…].</p0826-teimww:text>
  </p0826-teimww:passage>
  <p0826-teimww:passage id="ww_c69d6a022b5e8298">
    <knoraXmlImport:label>passage label</knoraXmlImport:label>
    <p0826-teimww:occursIn>
      <p0826-teimww:book knoraType="link_value" linkType="ref" target="ww_55bc1a3b04bf8a8d"/>
    </p0826-teimww:occursIn>
  </p0826-teimww:passage>
  <p0826-teimww:passage id="ww_00ebaaa6896721ff">
    <knoraXmlImport:label>passage label</knoraXmlImport:label>
    <p0826-teimww:occursIn>
      <p0826-teimww:book knoraType="link_value" linkType="ref" target="ww_5cb4c35da9f3b9dd"/>
    </p0826-teimww:occursIn>
    <p0826-teimww:text knoraType="richtext_value">[Claudius:] [...]&lt;span class="quote"&gt; the distracted multitude &lt;/span&gt;[...].</p0826-teimww:text>
  </p0826-teimww:passage>
  <p0826-teimww:passage id="ww_e50e412d14ab0e3e">
    <knoraXmlImport:label>passage label</knoraXmlImport:label>
    <p0826-teimww:occursIn>
      <p0826-teimww:book knoraType="link_value" linkType="ref" target="ww_4899784ecc7f3845"/>
    </p0826-teimww:occursIn>
  </p0826-teimww:passage>
  <p0826-teimww:passage id="ww_d51e88a281669ec2">
    <knoraXmlImport:label>passage label</knoraXmlImport:label>
    <p0826-teimww:occursIn>
      <p0826-teimww:book knoraType="link_value" linkType="ref" target="ww_cd1e70f8e2cd8c82"/>
    </p0826-teimww:occursIn>
  </p0826-teimww:passage>
  <p0826-teimww:passage id="ww_0392527d772be324">
    <knoraXmlImport:label>passage label</knoraXmlImport:label>
    <p0826-teimww:occursIn>
      <p0826-teimww:book knoraType="link_value" linkType="ref" target="ww_5cb4c35da9f3b9dd"/>
    </p0826-teimww:occursIn>
    <p0826-teimww:text knoraType="richtext_value">[Claudius:] &lt;span class="quote"&gt;To bear all smooth and even [...]. </p0826-teimww:text>
  </p0826-teimww:passage>
  <p0826-teimww:passage id="ww_649750f10edce55b">
    <knoraXmlImport:label>passage label</knoraXmlImport:label>
    <p0826-teimww:occursIn>
      <p0826-teimww:book knoraType="link_value" linkType="ref" target="ww_b3931845d54b98d5"/>
    </p0826-teimww:occursIn>
  </p0826-teimww:passage>
  <p0826-teimww:passage id="ww_bb9e9a894bf7ad14">
    <knoraXmlImport:label>passage label</knoraXmlImport:label>
    <p0826-teimww:occursIn>
      <p0826-teimww:book knoraType="link_value" linkType="ref" target="ww_5cb4c35da9f3b9dd"/>
    </p0826-teimww:occursIn>
    <p0826-teimww:text knoraType="richtext_value">[Polonius:] [...] &lt;span class="quote"&gt;the most beautified Ophelia -&lt;br&gt;
That's an ill phrase, a vile phrase; "beautified" &lt;/span&gt;[...].</p0826-teimww:text>
  </p0826-teimww:passage>
  <p0826-teimww:passage id="ww_be9784aca4e6888b">
    <knoraXmlImport:label>passage label</knoraXmlImport:label>
    <p0826-teimww:occursIn>
      <p0826-teimww:book knoraType="link_value" linkType="ref" target="ww_450c8e303d46eae2"/>
    </p0826-teimww:occursIn>
  </p0826-teimww:passage>
  <p0826-teimww:passage id="ww_09227e889879f2b2">
    <knoraXmlImport:label>passage label</knoraXmlImport:label>
    <p0826-teimww:occursIn>
      <p0826-teimww:book knoraType="link_value" linkType="ref" target="ww_3f86f30540de15b8"/>
    </p0826-teimww:occursIn>
  </p0826-teimww:passage>
  <p0826-teimww:passage id="ww_148ec6c2d5f66f5f">
    <knoraXmlImport:label>passage label</knoraXmlImport:label>
    <p0826-teimww:occursIn>
      <p0826-teimww:book knoraType="link_value" linkType="ref" target="ww_b3931845d54b98d5"/>
    </p0826-teimww:occursIn>
  </p0826-teimww:passage>
  <p0826-teimww:passage id="ww_89043124dcfa8839">
    <knoraXmlImport:label>passage label</knoraXmlImport:label>
    <p0826-teimww:occursIn>
      <p0826-teimww:book knoraType="link_value" linkType="ref" target="ww_f3b3659c26b68006"/>
    </p0826-teimww:occursIn>
  </p0826-teimww:passage>
  <p0826-teimww:passage id="ww_22d18df4570d3e66">
    <knoraXmlImport:label>passage label</knoraXmlImport:label>
    <p0826-teimww:occursIn>
      <p0826-teimww:book knoraType="link_value" linkType="ref" target="ww_842318fc1c593591"/>
    </p0826-teimww:occursIn>
  </p0826-teimww:passage>
  <p0826-teimww:passage id="ww_b795c3eb19f2aa50">
    <knoraXmlImport:label>passage label</knoraXmlImport:label>
    <p0826-teimww:occursIn>
      <p0826-teimww:book knoraType="link_value" linkType="ref" target="ww_897067f9ec23fa0d"/>
    </p0826-teimww:occursIn>
    <p0826-teimww:text knoraType="richtext_value">So &lt;span class="quote"&gt;sleep of death &lt;/span&gt;ends all our wretchedness.</p0826-teimww:text>
  </p0826-teimww:passage>
  <p0826-teimww:passage id="ww_c7e990ccdc911f97">
    <knoraXmlImport:label>passage label</knoraXmlImport:label>
    <p0826-teimww:occursIn>
      <p0826-teimww:book knoraType="link_value" linkType="ref" target="ww_0de19bd63a1c9142"/>
    </p0826-teimww:occursIn>
  </p0826-teimww:passage>
  <p0826-teimww:passage id="ww_4de94eb8b4cae9a2">
    <knoraXmlImport:label>passage label</knoraXmlImport:label>
    <p0826-teimww:occursIn>
      <p0826-teimww:book knoraType="link_value" linkType="ref" target="ww_5cb4c35da9f3b9dd"/>
    </p0826-teimww:occursIn>
    <p0826-teimww:text knoraType="richtext_value">[King Claudius:]&lt;span class="quote"&gt; For like the hectic in my blood rages &lt;/span&gt;[...].</p0826-teimww:text>
  </p0826-teimww:passage>
  <p0826-teimww:passage id="ww_1550791f89f2b494">
    <knoraXmlImport:label>passage label</knoraXmlImport:label>
    <p0826-teimww:occursIn>
      <p0826-teimww:book knoraType="link_value" linkType="ref" target="ww_d1faedb423154f39"/>
    </p0826-teimww:occursIn>
  </p0826-teimww:passage>
  <p0826-teimww:passage id="ww_3c88773662be0529">
    <knoraXmlImport:label>passage label</knoraXmlImport:label>
    <p0826-teimww:occursIn>
      <p0826-teimww:book knoraType="link_value" linkType="ref" target="ww_5cb4c35da9f3b9dd"/>
    </p0826-teimww:occursIn>
    <p0826-teimww:text knoraType="richtext_value">[Queen:] &lt;span class="quote"&gt;Sweets to the sweet, farewell!&lt;/span&gt;</p0826-teimww:text>
  </p0826-teimww:passage>
  <p0826-teimww:passage id="ww_630700532615ebd6">
    <knoraXmlImport:label>passage label</knoraXmlImport:label>
    <p0826-teimww:occursIn>
      <p0826-teimww:book knoraType="link_value" linkType="ref" target="ww_0dd5e309103973fb"/>
    </p0826-teimww:occursIn>
  </p0826-teimww:passage>
  <p0826-teimww:passage id="ww_cab05e63324790a0">
    <knoraXmlImport:label>passage label</knoraXmlImport:label>
    <p0826-teimww:occursIn>
      <p0826-teimww:book knoraType="link_value" linkType="ref" target="ww_5cb4c35da9f3b9dd"/>
    </p0826-teimww:occursIn>
    <p0826-teimww:text knoraType="richtext_value">[Ophelia:] &lt;span class="quote"&gt;Rich gifts wax poor when givers prove unkind.&lt;/span&gt;</p0826-teimww:text>
  </p0826-teimww:passage>
  <p0826-teimww:passage id="ww_3d1838c00fbed00c">
    <knoraXmlImport:label>passage label</knoraXmlImport:label>
    <p0826-teimww:occursIn>
      <p0826-teimww:book knoraType="link_value" linkType="ref" target="ww_0dd5e309103973fb"/>
    </p0826-teimww:occursIn>
  </p0826-teimww:passage>
  <p0826-teimww:passage id="ww_ce93f321ef5b5945">
    <knoraXmlImport:label>passage label</knoraXmlImport:label>
    <p0826-teimww:occursIn>
      <p0826-teimww:book knoraType="link_value" linkType="ref" target="ww_cd1e70f8e2cd8c82"/>
    </p0826-teimww:occursIn>
  </p0826-teimww:passage>
  <p0826-teimww:passage id="ww_e1be1bae26dd38b7">
    <knoraXmlImport:label>passage label</knoraXmlImport:label>
    <p0826-teimww:occursIn>
      <p0826-teimww:book knoraType="link_value" linkType="ref" target="ww_5cb4c35da9f3b9dd"/>
    </p0826-teimww:occursIn>
    <p0826-teimww:text knoraType="richtext_value">[Ophelia:] &lt;span class="quote"&gt;How should I your true love know &lt;br&gt; 
From another one? &lt;/span&gt;</p0826-teimww:text>
  </p0826-teimww:passage>
  <p0826-teimww:passage id="ww_858e16c0882260c6">
    <knoraXmlImport:label>passage label</knoraXmlImport:label>
    <p0826-teimww:occursIn>
      <p0826-teimww:book knoraType="link_value" linkType="ref" target="ww_b3931845d54b98d5"/>
    </p0826-teimww:occursIn>
  </p0826-teimww:passage>
  <p0826-teimww:passage id="ww_94054ad4f2e0bf1a">
    <knoraXmlImport:label>passage label</knoraXmlImport:label>
    <p0826-teimww:occursIn>
      <p0826-teimww:book knoraType="link_value" linkType="ref" target="ww_94da1c067c3069f6"/>
    </p0826-teimww:occursIn>
  </p0826-teimww:passage>
  <p0826-teimww:passage id="ww_edbab691f4c50775">
    <knoraXmlImport:label>passage label</knoraXmlImport:label>
    <p0826-teimww:occursIn>
      <p0826-teimww:book knoraType="link_value" linkType="ref" target="ww_436db7d05fb0f0f6"/>
    </p0826-teimww:occursIn>
    <p0826-teimww:text knoraType="richtext_value">[Alberto:] [...] There is a thing called &lt;span class="quote"&gt;scourging Nemesis.&lt;/span&gt;</p0826-teimww:text>
  </p0826-teimww:passage>
  <p0826-teimww:passage id="ww_9992c4781ae4f39d">
    <knoraXmlImport:label>passage label</knoraXmlImport:label>
    <p0826-teimww:occursIn>
      <p0826-teimww:book knoraType="link_value" linkType="ref" target="ww_1b231152ba6c63ce"/>
    </p0826-teimww:occursIn>
  </p0826-teimww:passage>
  <p0826-teimww:passage id="ww_84d5c9bf1507124d">
    <knoraXmlImport:label>passage label</knoraXmlImport:label>
    <p0826-teimww:occursIn>
      <p0826-teimww:book knoraType="link_value" linkType="ref" target="ww_5af91280461707f1"/>
    </p0826-teimww:occursIn>
  </p0826-teimww:passage>
  <p0826-teimww:passage id="ww_02c530e2be62083a">
    <knoraXmlImport:label>passage label</knoraXmlImport:label>
    <p0826-teimww:occursIn>
      <p0826-teimww:book knoraType="link_value" linkType="ref" target="ww_5cb4c35da9f3b9dd"/>
    </p0826-teimww:occursIn>
    <p0826-teimww:text knoraType="richtext_value">[Ophelia:] [...] &lt;span class="quote"&gt;He is dead and gone, lady, &lt;br&gt;
He is dead and gone.&lt;/span&gt;</p0826-teimww:text>
  </p0826-teimww:passage>
  <p0826-teimww:passage id="ww_6d24a624f55eb7a3">
    <knoraXmlImport:label>passage label</knoraXmlImport:label>
    <p0826-teimww:occursIn>
      <p0826-teimww:book knoraType="link_value" linkType="ref" target="ww_3e15ab6c612eadae"/>
    </p0826-teimww:occursIn>
  </p0826-teimww:passage>
  <p0826-teimww:passage id="ww_8aa03591fe12a3be">
    <knoraXmlImport:label>passage label</knoraXmlImport:label>
    <p0826-teimww:occursIn>
      <p0826-teimww:book knoraType="link_value" linkType="ref" target="ww_436db7d05fb0f0f6"/>
    </p0826-teimww:occursIn>
    <p0826-teimww:text knoraType="richtext_value">[Antonio:] [...] Me thinks I pass upon &lt;span class="quote"&gt;the front of Jove,&lt;/span&gt;&lt;br&gt;
And kick corruption with a scornful heel,&lt;br&gt;
Griping this flesh, disdain mortality. </p0826-teimww:text>
  </p0826-teimww:passage>
  <p0826-teimww:passage id="ww_1c248bd1dae59a6c">
    <knoraXmlImport:label>passage label</knoraXmlImport:label>
    <p0826-teimww:occursIn>
      <p0826-teimww:book knoraType="link_value" linkType="ref" target="ww_91e0dc4c671938fa"/>
    </p0826-teimww:occursIn>
  </p0826-teimww:passage>
  <p0826-teimww:passage id="ww_1bc12fb0443c31ce">
    <knoraXmlImport:label>passage label</knoraXmlImport:label>
    <p0826-teimww:occursIn>
      <p0826-teimww:book knoraType="link_value" linkType="ref" target="ww_5cb4c35da9f3b9dd"/>
    </p0826-teimww:occursIn>
    <p0826-teimww:text knoraType="richtext_value">[Hamlet:] [...] &lt;span class="quote"&gt;A broken voice, and his whole function suiting&lt;br&gt;
With forms to his conceit? and all for nothing! &lt;/span&gt;</p0826-teimww:text>
  </p0826-teimww:passage>
  <p0826-teimww:passage id="ww_ff2dea42b8df7051">
    <knoraXmlImport:label>passage label</knoraXmlImport:label>
    <p0826-teimww:occursIn>
      <p0826-teimww:book knoraType="link_value" linkType="ref" target="ww_1140c36ab545b6d8"/>
    </p0826-teimww:occursIn>
  </p0826-teimww:passage>
  <p0826-teimww:passage id="ww_d6f0c275997de2b2">
    <knoraXmlImport:label>passage label</knoraXmlImport:label>
    <p0826-teimww:occursIn>
      <p0826-teimww:book knoraType="link_value" linkType="ref" target="ww_5cb4c35da9f3b9dd"/>
    </p0826-teimww:occursIn>
    <p0826-teimww:text knoraType="richtext_value">[Hamlet:] Nay, but to live &lt;br&gt;
&lt;span class="quote"&gt;In the rank sweat of an enseamèd bed,&lt;br&gt; 
Stewed in corruption, honeying and making love &lt;br&gt;
Over the nasty sty!&lt;/span&gt;</p0826-teimww:text>
  </p0826-teimww:passage>
  <p0826-teimww:passage id="ww_62063e8f7646e940">
    <knoraXmlImport:label>passage label</knoraXmlImport:label>
    <p0826-teimww:occursIn>
      <p0826-teimww:book knoraType="link_value" linkType="ref" target="ww_b3931845d54b98d5"/>
    </p0826-teimww:occursIn>
  </p0826-teimww:passage>
  <p0826-teimww:passage id="ww_9613a60604add1ca">
    <knoraXmlImport:label>passage label</knoraXmlImport:label>
    <p0826-teimww:occursIn>
      <p0826-teimww:book knoraType="link_value" linkType="ref" target="ww_5cb4c35da9f3b9dd"/>
    </p0826-teimww:occursIn>
    <p0826-teimww:text knoraType="richtext_value">[Hamlet:] &lt;span class="quote"&gt;Man delights not no, nor woman neither, though by your smiling&lt;/span&gt; [...].</p0826-teimww:text>
  </p0826-teimww:passage>
  <p0826-teimww:passage id="ww_ece6ec01cda29ad0">
    <knoraXmlImport:label>passage label</knoraXmlImport:label>
    <p0826-teimww:occursIn>
      <p0826-teimww:book knoraType="link_value" linkType="ref" target="ww_b3931845d54b98d5"/>
    </p0826-teimww:occursIn>
  </p0826-teimww:passage>
  <p0826-teimww:passage id="ww_112da98b622e8fdc">
    <knoraXmlImport:label>passage label</knoraXmlImport:label>
    <p0826-teimww:occursIn>
      <p0826-teimww:book knoraType="link_value" linkType="ref" target="ww_5cb4c35da9f3b9dd"/>
    </p0826-teimww:occursIn>
    <p0826-teimww:text knoraType="richtext_value">[Ophelia:] [...] &lt;span class="quote"&gt;there's rue for you; and here's some for me: we may call it herb-grace o' Sundays &lt;/span&gt;[...].</p0826-teimww:text>
  </p0826-teimww:passage>
  <p0826-teimww:passage id="ww_a42cbb301081e141">
    <knoraXmlImport:label>passage label</knoraXmlImport:label>
    <p0826-teimww:occursIn>
      <p0826-teimww:book knoraType="link_value" linkType="ref" target="ww_b3931845d54b98d5"/>
    </p0826-teimww:occursIn>
  </p0826-teimww:passage>
  <p0826-teimww:passage id="ww_c423a3fc5085663e">
    <knoraXmlImport:label>passage label</knoraXmlImport:label>
    <p0826-teimww:occursIn>
      <p0826-teimww:book knoraType="link_value" linkType="ref" target="ww_5cb4c35da9f3b9dd"/>
    </p0826-teimww:occursIn>
    <p0826-teimww:text knoraType="richtext_value">[Barnado:] Last night of all, &lt;br&gt;
When &lt;span class="quote"&gt;yond same star that's westward from the pole&lt;br&gt;
Had made his course t' illume that part of heaven&lt;/span&gt;&lt;br&gt;
Where now it burns [...].</p0826-teimww:text>
  </p0826-teimww:passage>
  <p0826-teimww:passage id="ww_5d03171c33b54099">
    <knoraXmlImport:label>passage label</knoraXmlImport:label>
    <p0826-teimww:occursIn>
      <p0826-teimww:book knoraType="link_value" linkType="ref" target="ww_e38a56a7efbf9723"/>
    </p0826-teimww:occursIn>
  </p0826-teimww:passage>
  <p0826-teimww:passage id="ww_70ea0cf6bd446ba7">
    <knoraXmlImport:label>passage label</knoraXmlImport:label>
    <p0826-teimww:occursIn>
      <p0826-teimww:book knoraType="link_value" linkType="ref" target="ww_5cb4c35da9f3b9dd"/>
    </p0826-teimww:occursIn>
    <p0826-teimww:text knoraType="richtext_value">[Hamlet:] [...]  &lt;span class="quote"&gt;And still your fingers on your lips, I pray. &lt;/span&gt;</p0826-teimww:text>
  </p0826-teimww:passage>
  <p0826-teimww:passage id="ww_f9c944eded972319">
    <knoraXmlImport:label>passage label</knoraXmlImport:label>
    <p0826-teimww:occursIn>
      <p0826-teimww:book knoraType="link_value" linkType="ref" target="ww_f3b3659c26b68006"/>
    </p0826-teimww:occursIn>
  </p0826-teimww:passage>
  <p0826-teimww:passage id="ww_4f111b9a42a639fb">
    <knoraXmlImport:label>passage label</knoraXmlImport:label>
    <p0826-teimww:occursIn>
      <p0826-teimww:book knoraType="link_value" linkType="ref" target="ww_b3931845d54b98d5"/>
    </p0826-teimww:occursIn>
  </p0826-teimww:passage>
  <p0826-teimww:passage id="ww_8c48c0a5bc7e8543">
    <knoraXmlImport:label>passage label</knoraXmlImport:label>
    <p0826-teimww:occursIn>
      <p0826-teimww:book knoraType="link_value" linkType="ref" target="ww_cd1e70f8e2cd8c82"/>
    </p0826-teimww:occursIn>
  </p0826-teimww:passage>
  <p0826-teimww:passage id="ww_62b75ca978deb0af">
    <knoraXmlImport:label>passage label</knoraXmlImport:label>
    <p0826-teimww:occursIn>
      <p0826-teimww:book knoraType="link_value" linkType="ref" target="ww_5cb4c35da9f3b9dd"/>
    </p0826-teimww:occursIn>
    <p0826-teimww:text knoraType="richtext_value">[Hamlet:] [...] I have of late, but wherefore I know not, lost all my mirth,&lt;span class="quote"&gt; forgone all custom of exercises &lt;/span&gt;[...].</p0826-teimww:text>
  </p0826-teimww:passage>
  <p0826-teimww:passage id="ww_38cc11763659c6f4">
    <knoraXmlImport:label>passage label</knoraXmlImport:label>
    <p0826-teimww:occursIn>
      <p0826-teimww:book knoraType="link_value" linkType="ref" target="ww_15dba62495527dd5"/>
    </p0826-teimww:occursIn>
  </p0826-teimww:passage>
  <p0826-teimww:passage id="ww_2174f9fae015fec3">
    <knoraXmlImport:label>passage label</knoraXmlImport:label>
    <p0826-teimww:occursIn>
      <p0826-teimww:book knoraType="link_value" linkType="ref" target="ww_0b28ed19a0540e1d"/>
    </p0826-teimww:occursIn>
  </p0826-teimww:passage>
  <p0826-teimww:passage id="ww_12e175f28f370647">
    <knoraXmlImport:label>passage label</knoraXmlImport:label>
    <p0826-teimww:occursIn>
      <p0826-teimww:book knoraType="link_value" linkType="ref" target="ww_c0bb45384c6abc1f"/>
    </p0826-teimww:occursIn>
  </p0826-teimww:passage>
  <p0826-teimww:passage id="ww_34c1b86299fb8d7b">
    <knoraXmlImport:label>passage label</knoraXmlImport:label>
    <p0826-teimww:occursIn>
      <p0826-teimww:book knoraType="link_value" linkType="ref" target="ww_5cb4c35da9f3b9dd"/>
    </p0826-teimww:occursIn>
    <p0826-teimww:text knoraType="richtext_value">[Hamlet:] Making night hideous; and &lt;span class="quote"&gt;we fools of nature &lt;/span&gt;&lt;br&gt;
So horridly to shake our disposition&lt;br&gt;
With thoughts beyond the reaches of our souls?&lt;br&gt;
[...]&lt;br&gt;
&lt;span class="quote"&gt;But that the dread of something after death&lt;/span&gt;,&lt;br&gt;
The &lt;span class="quote"&gt;undiscover'd country&lt;/span&gt; from whose bourn&lt;br&gt;
No traveller returns, puzzles the will.</p0826-teimww:text>
  </p0826-teimww:passage>
  <p0826-teimww:passage id="ww_1091aa5949f501bf">
    <knoraXmlImport:label>passage label</knoraXmlImport:label>
    <p0826-teimww:occursIn>
      <p0826-teimww:book knoraType="link_value" linkType="ref" target="ww_12b8cda82738e9e2"/>
    </p0826-teimww:occursIn>
  </p0826-teimww:passage>
  <p0826-teimww:passage id="ww_5f54a893911ddc95">
    <knoraXmlImport:label>passage label</knoraXmlImport:label>
    <p0826-teimww:occursIn>
      <p0826-teimww:book knoraType="link_value" linkType="ref" target="ww_91e0dc4c671938fa"/>
    </p0826-teimww:occursIn>
  </p0826-teimww:passage>
  <p0826-teimww:passage id="ww_83913fba662b7c95">
    <knoraXmlImport:label>passage label</knoraXmlImport:label>
    <p0826-teimww:occursIn>
      <p0826-teimww:book knoraType="link_value" linkType="ref" target="ww_cd1e70f8e2cd8c82"/>
    </p0826-teimww:occursIn>
  </p0826-teimww:passage>
  <p0826-teimww:passage id="ww_420f0845bd9b808a">
    <knoraXmlImport:label>passage label</knoraXmlImport:label>
    <p0826-teimww:occursIn>
      <p0826-teimww:book knoraType="link_value" linkType="ref" target="ww_b3931845d54b98d5"/>
    </p0826-teimww:occursIn>
  </p0826-teimww:passage>
  <p0826-teimww:passage id="ww_a51127d467aac1e8">
    <knoraXmlImport:label>passage label</knoraXmlImport:label>
    <p0826-teimww:occursIn>
      <p0826-teimww:book knoraType="link_value" linkType="ref" target="ww_5af91280461707f1"/>
    </p0826-teimww:occursIn>
  </p0826-teimww:passage>
  <p0826-teimww:passage id="ww_b9bddec646ee04e1">
    <knoraXmlImport:label>passage label</knoraXmlImport:label>
    <p0826-teimww:occursIn>
      <p0826-teimww:book knoraType="link_value" linkType="ref" target="ww_3dd50e3c55b75ee6"/>
    </p0826-teimww:occursIn>
  </p0826-teimww:passage>
  <p0826-teimww:passage id="ww_797e4b42f39f697d">
    <knoraXmlImport:label>passage label</knoraXmlImport:label>
    <p0826-teimww:occursIn>
      <p0826-teimww:book knoraType="link_value" linkType="ref" target="ww_8b579df902809521"/>
    </p0826-teimww:occursIn>
  </p0826-teimww:passage>
  <p0826-teimww:passage id="ww_4527823b0ba9b4f2">
    <knoraXmlImport:label>passage label</knoraXmlImport:label>
    <p0826-teimww:occursIn>
      <p0826-teimww:book knoraType="link_value" linkType="ref" target="ww_e9b2a04d2a7fd579"/>
    </p0826-teimww:occursIn>
  </p0826-teimww:passage>
  <p0826-teimww:passage id="ww_ebc5ee6fd1f6e5d6">
    <knoraXmlImport:label>passage label</knoraXmlImport:label>
    <p0826-teimww:occursIn>
      <p0826-teimww:book knoraType="link_value" linkType="ref" target="ww_5cb4c35da9f3b9dd"/>
    </p0826-teimww:occursIn>
    <p0826-teimww:text knoraType="richtext_value">[Claudius:] &lt;span class="quote"&gt;There's such divinity doth hedge a king,&lt;br&gt;
That treason can but peep to what it would,	&lt;br&gt;
Acts little of his will &lt;/span&gt;[...].</p0826-teimww:text>
  </p0826-teimww:passage>
  <p0826-teimww:passage id="ww_b745dc441d6cd72c">
    <knoraXmlImport:label>passage label</knoraXmlImport:label>
    <p0826-teimww:occursIn>
      <p0826-teimww:book knoraType="link_value" linkType="ref" target="ww_5868d5560bdfc062"/>
    </p0826-teimww:occursIn>
  </p0826-teimww:passage>
  <p0826-teimww:passage id="ww_9013027af447c8b9">
    <knoraXmlImport:label>passage label</knoraXmlImport:label>
    <p0826-teimww:occursIn>
      <p0826-teimww:book knoraType="link_value" linkType="ref" target="ww_c1ca40b688cca87f"/>
    </p0826-teimww:occursIn>
  </p0826-teimww:passage>
  <p0826-teimww:passage id="ww_bfacfae780fc45d9">
    <knoraXmlImport:label>passage label</knoraXmlImport:label>
    <p0826-teimww:occursIn>
      <p0826-teimww:book knoraType="link_value" linkType="ref" target="ww_5cb4c35da9f3b9dd"/>
    </p0826-teimww:occursIn>
    <p0826-teimww:text knoraType="richtext_value">[Hamlet:]&lt;span class="quote"&gt; Look here, upon this picture, and on this&lt;/span&gt; [...].</p0826-teimww:text>
  </p0826-teimww:passage>
  <p0826-teimww:passage id="ww_6764909c7f42d158">
    <knoraXmlImport:label>passage label</knoraXmlImport:label>
    <p0826-teimww:occursIn>
      <p0826-teimww:book knoraType="link_value" linkType="ref" target="ww_47c84395b30bd53b"/>
    </p0826-teimww:occursIn>
  </p0826-teimww:passage>
  <p0826-teimww:passage id="ww_5576694fc88dc3f7">
    <knoraXmlImport:label>passage label</knoraXmlImport:label>
    <p0826-teimww:occursIn>
      <p0826-teimww:book knoraType="link_value" linkType="ref" target="ww_2f65899f08b5bb71"/>
    </p0826-teimww:occursIn>
  </p0826-teimww:passage>
  <p0826-teimww:passage id="ww_304805f92db07327">
    <knoraXmlImport:label>passage label</knoraXmlImport:label>
    <p0826-teimww:occursIn>
      <p0826-teimww:book knoraType="link_value" linkType="ref" target="ww_5cb4c35da9f3b9dd"/>
    </p0826-teimww:occursIn>
    <p0826-teimww:text knoraType="richtext_value">[Hamlet:] [...] Is it not monstrous that this player here, &lt;br&gt;
But in a fiction, in a dream of passion,&lt;br&gt;
Could force his soul so to his own conceit&lt;br&gt;
That from her working all his visage wanned,&lt;br&gt;
&lt;span class="quote"&gt;Tears in his eyes&lt;/span&gt;, distraction in his aspect, [...]&lt;br&gt;&lt;br&gt;
[Hamlet:] [...] Would not this, sir, and a forest of feathers (if the
rest of my fortunes &lt;span class="quote"&gt;turn Turk&lt;/span&gt; with me) with two
Provincial roses on my razed shoes, get me a
fellowship in a cry of players?&lt;br&gt;
[Horatio:] Half a share.&lt;br&gt;
[Hamlet:] A whole one, I.</p0826-teimww:text>
  </p0826-teimww:passage>
  <p0826-teimww:passage id="ww_548036123034c91e">
    <knoraXmlImport:label>passage label</knoraXmlImport:label>
    <p0826-teimww:occursIn>
      <p0826-teimww:book knoraType="link_value" linkType="ref" target="ww_5868d5560bdfc062"/>
    </p0826-teimww:occursIn>
  </p0826-teimww:passage>
  <p0826-teimww:passage id="ww_fe0700409febd754">
    <knoraXmlImport:label>passage label</knoraXmlImport:label>
    <p0826-teimww:occursIn>
      <p0826-teimww:book knoraType="link_value" linkType="ref" target="ww_b3931845d54b98d5"/>
    </p0826-teimww:occursIn>
  </p0826-teimww:passage>
  <p0826-teimww:passage id="ww_d2dba73bcfc5fdde">
    <knoraXmlImport:label>passage label</knoraXmlImport:label>
    <p0826-teimww:occursIn>
      <p0826-teimww:book knoraType="link_value" linkType="ref" target="ww_5cb4c35da9f3b9dd"/>
    </p0826-teimww:occursIn>
    <p0826-teimww:text knoraType="richtext_value">[Francisco:] &lt;span class="quote"&gt;Not a mouse stirring.&lt;/span&gt;</p0826-teimww:text>
  </p0826-teimww:passage>
  <p0826-teimww:passage id="ww_703d5d4261da1fab">
    <knoraXmlImport:label>passage label</knoraXmlImport:label>
    <p0826-teimww:occursIn>
      <p0826-teimww:book knoraType="link_value" linkType="ref" target="ww_3e15ab6c612eadae"/>
    </p0826-teimww:occursIn>
  </p0826-teimww:passage>
  <p0826-teimww:passage id="ww_1184af64eac8002f">
    <knoraXmlImport:label>passage label</knoraXmlImport:label>
    <p0826-teimww:occursIn>
      <p0826-teimww:book knoraType="link_value" linkType="ref" target="ww_5cb4c35da9f3b9dd"/>
    </p0826-teimww:occursIn>
    <p0826-teimww:text knoraType="richtext_value">[Hamlet:]  &lt;span class="quote"&gt;For use almost can change the stamp of nature &lt;br&gt;
And either [...] the devil or throw him out &lt;br&gt;
With wondrous potency. &lt;/span&gt;&lt;/span&gt;</p0826-teimww:text>
  </p0826-teimww:passage>
  <p0826-teimww:passage id="ww_c88729d0b785f422">
    <knoraXmlImport:label>passage label</knoraXmlImport:label>
    <p0826-teimww:occursIn>
      <p0826-teimww:book knoraType="link_value" linkType="ref" target="ww_cd1e70f8e2cd8c82"/>
    </p0826-teimww:occursIn>
  </p0826-teimww:passage>
  <p0826-teimww:passage id="ww_ae8b1c8b4e2c7e7d">
    <knoraXmlImport:label>passage label</knoraXmlImport:label>
    <p0826-teimww:occursIn>
      <p0826-teimww:book knoraType="link_value" linkType="ref" target="ww_f3b3659c26b68006"/>
    </p0826-teimww:occursIn>
  </p0826-teimww:passage>
  <p0826-teimww:passage id="ww_e37bfed11506c5e1">
    <knoraXmlImport:label>passage label</knoraXmlImport:label>
    <p0826-teimww:occursIn>
      <p0826-teimww:book knoraType="link_value" linkType="ref" target="ww_b3931845d54b98d5"/>
    </p0826-teimww:occursIn>
  </p0826-teimww:passage>
  <p0826-teimww:passage id="ww_e63268c3a5b84221">
    <knoraXmlImport:label>passage label</knoraXmlImport:label>
    <p0826-teimww:occursIn>
      <p0826-teimww:book knoraType="link_value" linkType="ref" target="ww_0e724284cf7ebd32"/>
    </p0826-teimww:occursIn>
    <p0826-teimww:text knoraType="richtext_value">&lt;span class="quote"&gt;O brawling love, O loving hate,&lt;br&gt;
O anything of nothing first created, &lt;br&gt;
O heavy lightness, serious vanity, &lt;br&gt;
Misshapen Chaos of well seeing forms &lt;br&gt;
Feather of lead, bright smoke, cold fire, sickness, health, &lt;br&gt;
Still waking sleep &lt;/span&gt;[...].</p0826-teimww:text>
  </p0826-teimww:passage>
  <p0826-teimww:passage id="ww_4a35d938603428bb">
    <knoraXmlImport:label>passage label</knoraXmlImport:label>
    <p0826-teimww:occursIn>
      <p0826-teimww:book knoraType="link_value" linkType="ref" target="ww_5cb4c35da9f3b9dd"/>
    </p0826-teimww:occursIn>
    <p0826-teimww:text knoraType="richtext_value">[Ghost:] [...] &lt;span class="quote"&gt;And each particular hair to stand an end &lt;/span&gt;&lt;/span&gt;[...].</p0826-teimww:text>
  </p0826-teimww:passage>
  <p0826-teimww:passage id="ww_9e33b112cb3ea35b">
    <knoraXmlImport:label>passage label</knoraXmlImport:label>
    <p0826-teimww:occursIn>
      <p0826-teimww:book knoraType="link_value" linkType="ref" target="ww_16c087672a41350c"/>
    </p0826-teimww:occursIn>
    <p0826-teimww:text knoraType="richtext_value">[Peace:] [...] &lt;span class="quote"&gt;What is a man superior to a beast&lt;/span&gt; &lt;br&gt;
But for his mind? nor that ennobles him, &lt;br&gt;
While he dejects his reason; making it &lt;br&gt;
The slave unto his brutish appetite.</p0826-teimww:text>
  </p0826-teimww:passage>
  <p0826-teimww:passage id="ww_310b70008330179f">
    <knoraXmlImport:label>passage label</knoraXmlImport:label>
    <p0826-teimww:occursIn>
      <p0826-teimww:book knoraType="link_value" linkType="ref" target="ww_b3931845d54b98d5"/>
    </p0826-teimww:occursIn>
  </p0826-teimww:passage>
  <p0826-teimww:passage id="ww_8ec6a158ef0a4bce">
    <knoraXmlImport:label>passage label</knoraXmlImport:label>
    <p0826-teimww:occursIn>
      <p0826-teimww:book knoraType="link_value" linkType="ref" target="ww_5cb4c35da9f3b9dd"/>
    </p0826-teimww:occursIn>
    <p0826-teimww:text knoraType="richtext_value">[Horatio:] [...] In the most high and palmy state of Rome,&lt;br&gt;
A little ere the mightiest&lt;span class="quote"&gt; Julius &lt;/span&gt;fell,&lt;br&gt;
&lt;span class="quote"&gt;The graves stood tenantless, and the sheeted dead&lt;/span&gt;&lt;br&gt;
Did &lt;span class="quote"&gt;squeak and gibber&lt;/span&gt; in the Roman streets [...].</p0826-teimww:text>
  </p0826-teimww:passage>
  <p0826-teimww:passage id="ww_defaf7d2b399440e">
    <knoraXmlImport:label>passage label</knoraXmlImport:label>
    <p0826-teimww:occursIn>
      <p0826-teimww:book knoraType="link_value" linkType="ref" target="ww_b3931845d54b98d5"/>
    </p0826-teimww:occursIn>
  </p0826-teimww:passage>
  <p0826-teimww:passage id="ww_6f8ad29fc741e535">
    <knoraXmlImport:label>passage label</knoraXmlImport:label>
    <p0826-teimww:occursIn>
      <p0826-teimww:book knoraType="link_value" linkType="ref" target="ww_0b28ed19a0540e1d"/>
    </p0826-teimww:occursIn>
  </p0826-teimww:passage>
  <p0826-teimww:passage id="ww_953f7464cb3f7f21">
    <knoraXmlImport:label>passage label</knoraXmlImport:label>
    <p0826-teimww:occursIn>
      <p0826-teimww:book knoraType="link_value" linkType="ref" target="ww_1140c36ab545b6d8"/>
    </p0826-teimww:occursIn>
  </p0826-teimww:passage>
  <p0826-teimww:passage id="ww_7216a0d18aa9c053">
    <knoraXmlImport:label>passage label</knoraXmlImport:label>
    <p0826-teimww:occursIn>
      <p0826-teimww:book knoraType="link_value" linkType="ref" target="ww_5c3ae833a8aaf03d"/>
    </p0826-teimww:occursIn>
    <p0826-teimww:text knoraType="richtext_value">[Rosalind:] &lt;span class="quote"&gt;A lean cheek [...] a blue eye and sunken [...] a beard neglected [...] Then your hose should be ungartered, your bonnet unbanded, your sleeve unbuttoned, your shoe untied, and every thing about you demonstrating a careless desolation.&lt;/span&gt;</p0826-teimww:text>
  </p0826-teimww:passage>
  <p0826-teimww:passage id="ww_4d621463635388a0">
    <knoraXmlImport:label>passage label</knoraXmlImport:label>
    <p0826-teimww:occursIn>
      <p0826-teimww:book knoraType="link_value" linkType="ref" target="ww_b3931845d54b98d5"/>
    </p0826-teimww:occursIn>
  </p0826-teimww:passage>
  <p0826-teimww:passage id="ww_aad127e9617eb2d6">
    <knoraXmlImport:label>passage label</knoraXmlImport:label>
    <p0826-teimww:occursIn>
      <p0826-teimww:book knoraType="link_value" linkType="ref" target="ww_5cb4c35da9f3b9dd"/>
    </p0826-teimww:occursIn>
    <p0826-teimww:text knoraType="richtext_value">[Horatio:] [...] &lt;span class="quote"&gt;they say, you spirits oft walk in death &lt;/span&gt;[...].</p0826-teimww:text>
  </p0826-teimww:passage>
  <p0826-teimww:passage id="ww_1edd87297bd7485b">
    <knoraXmlImport:label>passage label</knoraXmlImport:label>
    <p0826-teimww:occursIn>
      <p0826-teimww:book knoraType="link_value" linkType="ref" target="ww_0b28ed19a0540e1d"/>
    </p0826-teimww:occursIn>
  </p0826-teimww:passage>
  <p0826-teimww:passage id="ww_3c27ff35134615fb">
    <knoraXmlImport:label>passage label</knoraXmlImport:label>
    <p0826-teimww:occursIn>
      <p0826-teimww:book knoraType="link_value" linkType="ref" target="ww_5cb4c35da9f3b9dd"/>
    </p0826-teimww:occursIn>
    <p0826-teimww:text knoraType="richtext_value">[Hamlet:] [...] for thy dowry: &lt;span class="quote"&gt;be thou as chaste as ice, as pure as snow, thou shalt not escape calumny.&lt;/span&gt;</p0826-teimww:text>
  </p0826-teimww:passage>
  <p0826-teimww:passage id="ww_50fc1fc8b73317d0">
    <knoraXmlImport:label>passage label</knoraXmlImport:label>
    <p0826-teimww:occursIn>
      <p0826-teimww:book knoraType="link_value" linkType="ref" target="ww_cd1e70f8e2cd8c82"/>
    </p0826-teimww:occursIn>
  </p0826-teimww:passage>
  <p0826-teimww:passage id="ww_aa2c4aa98a80b684">
    <knoraXmlImport:label>passage label</knoraXmlImport:label>
    <p0826-teimww:occursIn>
      <p0826-teimww:book knoraType="link_value" linkType="ref" target="ww_3f86f30540de15b8"/>
    </p0826-teimww:occursIn>
  </p0826-teimww:passage>
  <p0826-teimww:passage id="ww_ac8695797ca3271f">
    <knoraXmlImport:label>passage label</knoraXmlImport:label>
    <p0826-teimww:occursIn>
      <p0826-teimww:book knoraType="link_value" linkType="ref" target="ww_5cb4c35da9f3b9dd"/>
    </p0826-teimww:occursIn>
    <p0826-teimww:text knoraType="richtext_value">[Marcellus:] Tis gone. &lt;br&gt;
We do it wrong, being so majestical,&lt;br&gt;
To offer it the show of violence,&lt;br&gt;
&lt;span class="quote"&gt;For it is as the air, invulnerable,&lt;br&gt;
And our vain blows malicious mockery.&lt;/span&gt;</p0826-teimww:text>
  </p0826-teimww:passage>
  <p0826-teimww:passage id="ww_73489db3699dae05">
    <knoraXmlImport:label>passage label</knoraXmlImport:label>
    <p0826-teimww:occursIn>
      <p0826-teimww:book knoraType="link_value" linkType="ref" target="ww_b3931845d54b98d5"/>
    </p0826-teimww:occursIn>
  </p0826-teimww:passage>
  <p0826-teimww:passage id="ww_5b803881797af009">
    <knoraXmlImport:label>passage label</knoraXmlImport:label>
    <p0826-teimww:occursIn>
      <p0826-teimww:book knoraType="link_value" linkType="ref" target="ww_88503e400f411e81"/>
    </p0826-teimww:occursIn>
    <p0826-teimww:text knoraType="richtext_value">(Enter Iacomo &lt;span class="quote"&gt;unbraced and careless dressed&lt;/span&gt;).</p0826-teimww:text>
  </p0826-teimww:passage>
  <p0826-teimww:passage id="ww_34f0ea40cac63bfe">
    <knoraXmlImport:label>passage label</knoraXmlImport:label>
    <p0826-teimww:occursIn>
      <p0826-teimww:book knoraType="link_value" linkType="ref" target="ww_e9dd31d2f114bcc9"/>
    </p0826-teimww:occursIn>
  </p0826-teimww:passage>
  <p0826-teimww:passage id="ww_5c060f01904bfa9a">
    <knoraXmlImport:label>passage label</knoraXmlImport:label>
    <p0826-teimww:occursIn>
      <p0826-teimww:book knoraType="link_value" linkType="ref" target="ww_88503e400f411e81"/>
    </p0826-teimww:occursIn>
    <p0826-teimww:text knoraType="richtext_value">[Lampatho Doria:] Now by &lt;span class="quote"&gt;the front of Jove &lt;/span&gt;methinks her eye&lt;br&gt;
Shoots more spirit in me, O beauty feminine!</p0826-teimww:text>
  </p0826-teimww:passage>
  <p0826-teimww:passage id="ww_8572862eb8b335b6">
    <knoraXmlImport:label>passage label</knoraXmlImport:label>
    <p0826-teimww:occursIn>
      <p0826-teimww:book knoraType="link_value" linkType="ref" target="ww_91e0dc4c671938fa"/>
    </p0826-teimww:occursIn>
  </p0826-teimww:passage>
  <p0826-teimww:passage id="ww_a19196058b096bc3">
    <knoraXmlImport:label>passage label</knoraXmlImport:label>
    <p0826-teimww:occursIn>
      <p0826-teimww:book knoraType="link_value" linkType="ref" target="ww_e94b33ac99cc5615"/>
    </p0826-teimww:occursIn>
    <p0826-teimww:text knoraType="richtext_value">[Lupus:] &lt;span class="quote"&gt;Of strenuous vengeance to clutch the fist. &lt;/span&gt;</p0826-teimww:text>
  </p0826-teimww:passage>
  <p0826-teimww:passage id="ww_384a885de5f7eb18">
    <knoraXmlImport:label>passage label</knoraXmlImport:label>
    <p0826-teimww:occursIn>
      <p0826-teimww:book knoraType="link_value" linkType="ref" target="ww_f6b0a0a6caabc2ad"/>
    </p0826-teimww:occursIn>
    <p0826-teimww:text knoraType="richtext_value">&lt;span class="quote"&gt;True-Penny&lt;/span&gt;</p0826-teimww:text>
  </p0826-teimww:passage>
  <p0826-teimww:passage id="ww_e86996b89176dd0f">
    <knoraXmlImport:label>passage label</knoraXmlImport:label>
    <p0826-teimww:occursIn>
      <p0826-teimww:book knoraType="link_value" linkType="ref" target="ww_3e15ab6c612eadae"/>
    </p0826-teimww:occursIn>
  </p0826-teimww:passage>
  <p0826-teimww:passage id="ww_06f96a108f63bc02">
    <knoraXmlImport:label>passage label</knoraXmlImport:label>
    <p0826-teimww:occursIn>
      <p0826-teimww:book knoraType="link_value" linkType="ref" target="ww_f6b0a0a6caabc2ad"/>
    </p0826-teimww:occursIn>
    <p0826-teimww:text knoraType="richtext_value">&lt;span class="annotation"&gt;Camillo and Hippolito are young Venetian noblemen, just returned from the wars; Camillo brings with him a captured French gentleman named Fontinelle. Camillo turns his prisoner over to Hippolito's sister Violetta for safekeeping. Violetta is the object of Camillo's affections; but Fontinelle and Violetta fall in love. Learning of this unwelcome development, Camillo and Hippolito try to tempt Fontinelle to infidelity by sending his portrait to the courtesan Imperia, hoping to interest her in the Frenchman. The ploy fails (at first), and Camillio has Fontinelle thrown into prison. But Fontinelle and Violetta are secretly married. In the last act, however, the Venetians' plotting bears fruit: Fontinelle falls for Imperia, and Violetta has to resort to the standard Elizabethan bed trick&lt;/span&gt;</p0826-teimww:text>
  </p0826-teimww:passage>
  <p0826-teimww:passage id="ww_76783864431c3a00">
    <knoraXmlImport:label>passage label</knoraXmlImport:label>
    <p0826-teimww:occursIn>
      <p0826-teimww:book knoraType="link_value" linkType="ref" target="ww_0f0f2ccb24fa3b96"/>
    </p0826-teimww:occursIn>
  </p0826-teimww:passage>
  <p0826-teimww:passage id="ww_f72a65ed1fc6f2db">
    <knoraXmlImport:label>passage label</knoraXmlImport:label>
    <p0826-teimww:occursIn>
      <p0826-teimww:book knoraType="link_value" linkType="ref" target="ww_50b5fed06f012747"/>
    </p0826-teimww:occursIn>
    <p0826-teimww:text knoraType="richtext_value">[Fool:] So I do, madonna. But to read his right wits is to read thus. Therefore, &lt;span class="quote"&gt;perpend, my princess, &lt;/span&gt;and give ear.</p0826-teimww:text>
  </p0826-teimww:passage>
  <p0826-teimww:passage id="ww_3ca0004a2a82b117">
    <knoraXmlImport:label>passage label</knoraXmlImport:label>
    <p0826-teimww:occursIn>
      <p0826-teimww:book knoraType="link_value" linkType="ref" target="ww_b3931845d54b98d5"/>
    </p0826-teimww:occursIn>
  </p0826-teimww:passage>
  <p0826-teimww:passage id="ww_09ea93e97410f807">
    <knoraXmlImport:label>passage label</knoraXmlImport:label>
    <p0826-teimww:occursIn>
      <p0826-teimww:book knoraType="link_value" linkType="ref" target="ww_50b5fed06f012747"/>
    </p0826-teimww:occursIn>
    <p0826-teimww:text knoraType="richtext_value">[Olivia:] Have you not set mine &lt;span class="quote"&gt;honor at the stake&lt;/span&gt; [...]?</p0826-teimww:text>
  </p0826-teimww:passage>
  <p0826-teimww:passage id="ww_4300cacdf7541473">
    <knoraXmlImport:label>passage label</knoraXmlImport:label>
    <p0826-teimww:occursIn>
      <p0826-teimww:book knoraType="link_value" linkType="ref" target="ww_b3931845d54b98d5"/>
    </p0826-teimww:occursIn>
  </p0826-teimww:passage>
  <p0826-teimww:passage id="ww_e0f76517c3ac7b87">
    <knoraXmlImport:label>passage label</knoraXmlImport:label>
    <p0826-teimww:occursIn>
      <p0826-teimww:book knoraType="link_value" linkType="ref" target="ww_7e27a16308bd00fc"/>
    </p0826-teimww:occursIn>
    <p0826-teimww:text knoraType="richtext_value">(Enter Tucca, his boy after him &lt;span class="quote"&gt;with two pictures&lt;/span&gt; under his cloak, and a wreath of nettles: &lt;span class="quote"&gt;Horace &lt;/span&gt;and Bubo pulled in by th'horns bound both like Satyrs, Sir Adam following, Mistress Miniver with him, wearing Tucca's chain).</p0826-teimww:text>
  </p0826-teimww:passage>
  <p0826-teimww:passage id="ww_fe2c9825581afbf0">
    <knoraXmlImport:label>passage label</knoraXmlImport:label>
    <p0826-teimww:occursIn>
      <p0826-teimww:book knoraType="link_value" linkType="ref" target="ww_47c84395b30bd53b"/>
    </p0826-teimww:occursIn>
  </p0826-teimww:passage>
  <p0826-teimww:passage id="ww_593b491528d8dc66">
    <knoraXmlImport:label>passage label</knoraXmlImport:label>
    <p0826-teimww:occursIn>
      <p0826-teimww:book knoraType="link_value" linkType="ref" target="ww_2f65899f08b5bb71"/>
    </p0826-teimww:occursIn>
  </p0826-teimww:passage>
  <p0826-teimww:passage id="ww_f0c3293e0e16206f">
    <knoraXmlImport:label>passage label</knoraXmlImport:label>
    <p0826-teimww:occursIn>
      <p0826-teimww:book knoraType="link_value" linkType="ref" target="ww_e862771dd315c342"/>
    </p0826-teimww:occursIn>
    <p0826-teimww:text knoraType="richtext_value">[Old Arthur:] [...] And doest thou use me thus? thou art a knave. &lt;br&gt;
[Old Luke:] A knave, I marry, and  &lt;span class="quote"&gt;an arrant knave: &lt;/span&gt;&lt;br&gt;
And sirrah, by old M. Arthur's leave, &lt;br&gt;
Though I be weak and old, I'll prove thee one. </p0826-teimww:text>
  </p0826-teimww:passage>
  <p0826-teimww:passage id="ww_e520eee64a29ef7b">
    <knoraXmlImport:label>passage label</knoraXmlImport:label>
    <p0826-teimww:occursIn>
      <p0826-teimww:book knoraType="link_value" linkType="ref" target="ww_e862771dd315c342"/>
    </p0826-teimww:occursIn>
    <p0826-teimww:text knoraType="richtext_value">[Brabo:] When he comes next turne him into the streets, &lt;br&gt;
Now come &lt;span class="quote"&gt;lets dance the shaking of the sheets&lt;/span&gt;. </p0826-teimww:text>
  </p0826-teimww:passage>
  <p0826-teimww:passage id="ww_901a972a70c54a1f">
    <knoraXmlImport:label>passage label</knoraXmlImport:label>
    <p0826-teimww:occursIn>
      <p0826-teimww:book knoraType="link_value" linkType="ref" target="ww_e862771dd315c342"/>
    </p0826-teimww:occursIn>
    <p0826-teimww:text knoraType="richtext_value">[Anselme:] Mistress God save you. &lt;br&gt;
[Fulller:] What a block is that &lt;br&gt;
To say God save you, is the fellow mad, &lt;br&gt;
Once to name God in his ungodly suit? &lt;br&gt;
[Mistress Arthur:] You are welcome sir. Come you to speak with me, &lt;br&gt;
Or with my husband, pray you what's your will? &lt;br&gt;
[Fuller:] She  &lt;span class="quote"&gt;answers to the purpose, &lt;/span&gt;what's your will?&lt;br&gt; 
O zounds that I were there to answer her. </p0826-teimww:text>
  </p0826-teimww:passage>
  <p0826-teimww:passage id="ww_196bcbbc1ed8d2d5">
    <knoraXmlImport:label>passage label</knoraXmlImport:label>
    <p0826-teimww:occursIn>
      <p0826-teimww:book knoraType="link_value" linkType="ref" target="ww_3e15ab6c612eadae"/>
    </p0826-teimww:occursIn>
  </p0826-teimww:passage>
  <p0826-teimww:passage id="ww_44cb311cc3546cf6">
    <knoraXmlImport:label>passage label</knoraXmlImport:label>
    <p0826-teimww:occursIn>
      <p0826-teimww:book knoraType="link_value" linkType="ref" target="ww_50b5fed06f012747"/>
    </p0826-teimww:occursIn>
    <p0826-teimww:text knoraType="richtext_value">[Andrew:] Nay, let him alone. I'll go another way to work with him. I'll have &lt;span class="quote"&gt;an action of battery &lt;/span&gt;against him, if there be any law in Illyria. Though I struck him first, yet it's no matter for that.</p0826-teimww:text>
  </p0826-teimww:passage>
  <p0826-teimww:passage id="ww_187d83635bf98d29">
    <knoraXmlImport:label>passage label</knoraXmlImport:label>
    <p0826-teimww:occursIn>
      <p0826-teimww:book knoraType="link_value" linkType="ref" target="ww_b3931845d54b98d5"/>
    </p0826-teimww:occursIn>
  </p0826-teimww:passage>
  <p0826-teimww:passage id="ww_357e028f2ca387ac">
    <knoraXmlImport:label>passage label</knoraXmlImport:label>
    <p0826-teimww:occursIn>
      <p0826-teimww:book knoraType="link_value" linkType="ref" target="ww_6adb24d62eec2e3f"/>
    </p0826-teimww:occursIn>
    <p0826-teimww:text knoraType="richtext_value">For, would you not (in good sooth) imagine us all to be out of our &lt;i&gt;wits&lt;/i&gt;: if you could make us believe, that the &lt;i&gt;master devil&lt;/i&gt; himself with all his &lt;i&gt;adherents&lt;/i&gt; were able to make a thing essentially existing in nature&lt;/i&gt;, either&lt;span class="quote"&gt; &lt;i&gt;to be&lt;/i&gt; or &lt;i&gt;not to be&lt;/i&gt;, &lt;/span&gt;when it pleases himself?</p0826-teimww:text>
  </p0826-teimww:passage>
  <p0826-teimww:passage id="ww_36a831d93aecbe49">
    <knoraXmlImport:label>passage label</knoraXmlImport:label>
    <p0826-teimww:occursIn>
      <p0826-teimww:book knoraType="link_value" linkType="ref" target="ww_0de19bd63a1c9142"/>
    </p0826-teimww:occursIn>
  </p0826-teimww:passage>
  <p0826-teimww:passage id="ww_a2a1ab847448ef74">
    <knoraXmlImport:label>passage label</knoraXmlImport:label>
    <p0826-teimww:occursIn>
      <p0826-teimww:book knoraType="link_value" linkType="ref" target="ww_91e0dc4c671938fa"/>
    </p0826-teimww:occursIn>
  </p0826-teimww:passage>
  <p0826-teimww:passage id="ww_5ced02e14eada21e">
    <knoraXmlImport:label>passage label</knoraXmlImport:label>
    <p0826-teimww:occursIn>
      <p0826-teimww:book knoraType="link_value" linkType="ref" target="ww_573381af1170e2c9"/>
    </p0826-teimww:occursIn>
    <p0826-teimww:text knoraType="richtext_value">[Prologue:] And hither am I come,&lt;br&gt;
A prologue armed, but not in confidence&lt;br&gt;
Of author's pen or actor’s voice, but suited&lt;br&gt;
In like conditions as our argument,	&lt;br&gt;
To tell you, fair beholders, that our play&lt;br&gt;
Leaps o'er the vaunt and firstlings of those broils,&lt;br&gt;
Beginning in the middle, starting thence away&lt;br&gt;
To what may be &lt;span class="quote"&gt;digested in a play.&lt;/span&gt;</p0826-teimww:text>
  </p0826-teimww:passage>
  <p0826-teimww:passage id="ww_dcccf83b97c1ca74">
    <knoraXmlImport:label>passage label</knoraXmlImport:label>
    <p0826-teimww:occursIn>
      <p0826-teimww:book knoraType="link_value" linkType="ref" target="ww_b3931845d54b98d5"/>
    </p0826-teimww:occursIn>
  </p0826-teimww:passage>
  <p0826-teimww:passage id="ww_d38e8b7c3adbea6e">
    <knoraXmlImport:label>passage label</knoraXmlImport:label>
    <p0826-teimww:occursIn>
      <p0826-teimww:book knoraType="link_value" linkType="ref" target="ww_ae241404822b51fa"/>
    </p0826-teimww:occursIn>
    <p0826-teimww:text knoraType="richtext_value">[Guildford:] &lt;span class="quote"&gt;Peace rest his soul, his sins be buried in his grave, &lt;br/&gt;
And not remembered in his Epitaph &lt;/span&gt;[...].</p0826-teimww:text>
  </p0826-teimww:passage>
  <p0826-teimww:passage id="ww_a743553036c8ad1b">
    <knoraXmlImport:label>passage label</knoraXmlImport:label>
    <p0826-teimww:occursIn>
      <p0826-teimww:book knoraType="link_value" linkType="ref" target="ww_573381af1170e2c9"/>
    </p0826-teimww:occursIn>
    <p0826-teimww:text knoraType="richtext_value">[Achilles:]  [...] see my &lt;span class="quote"&gt;reputation is at stake;&lt;/span&gt;&lt;br&gt;
My fame is shrewdly gored.</p0826-teimww:text>
  </p0826-teimww:passage>
  <p0826-teimww:passage id="ww_b07463a0e632a798">
    <knoraXmlImport:label>passage label</knoraXmlImport:label>
    <p0826-teimww:occursIn>
      <p0826-teimww:book knoraType="link_value" linkType="ref" target="ww_55bc1a3b04bf8a8d"/>
    </p0826-teimww:occursIn>
  </p0826-teimww:passage>
  <p0826-teimww:passage id="ww_731cc00e92782e83">
    <knoraXmlImport:label>passage label</knoraXmlImport:label>
    <p0826-teimww:occursIn>
      <p0826-teimww:book knoraType="link_value" linkType="ref" target="ww_573381af1170e2c9"/>
    </p0826-teimww:occursIn>
    <p0826-teimww:text knoraType="richtext_value">[Diomedes:] She's bitter to her country. Hear me, Paris: &lt;br&gt;
For every false drop in her bawdy veins&lt;br&gt;
A Grecian’s life hath sunk; for every scruple&lt;br&gt;
Of &lt;span class="quote"&gt;her contaminated carrion weight&lt;/span&gt;&lt;br&gt;
A Trojan hath been slain. Since she could speak,&lt;br&gt;
She hath not given so many good words breath&lt;br&gt;
As for her Greeks and Trojans suffered death.</p0826-teimww:text>
  </p0826-teimww:passage>
  <p0826-teimww:passage id="ww_933a664897ad2252">
    <knoraXmlImport:label>passage label</knoraXmlImport:label>
    <p0826-teimww:occursIn>
      <p0826-teimww:book knoraType="link_value" linkType="ref" target="ww_b3931845d54b98d5"/>
    </p0826-teimww:occursIn>
  </p0826-teimww:passage>
  <p0826-teimww:passage id="ww_2d7206a80cb95797">
    <knoraXmlImport:label>passage label</knoraXmlImport:label>
    <p0826-teimww:occursIn>
      <p0826-teimww:book knoraType="link_value" linkType="ref" target="ww_573381af1170e2c9"/>
    </p0826-teimww:occursIn>
    <p0826-teimww:text knoraType="richtext_value">[Diomedes:] Thou dost miscall retire.&lt;br&gt;
I do not fly, but advantageous care &lt;br&gt;
Withdrew me from the odds of multitude. &lt;br&gt;
&lt;span class="quote"&gt;Have at thee!&lt;br&gt;
Have at thee, Hector.&lt;/span&gt;&lt;br&gt;&lt;br&gt;

[Achilles:] Now do I see thee. Ha! Have at thee, Hector!</p0826-teimww:text>
  </p0826-teimww:passage>
  <p0826-teimww:passage id="ww_81462383ab2a1c4b">
    <knoraXmlImport:label>passage label</knoraXmlImport:label>
    <p0826-teimww:occursIn>
      <p0826-teimww:book knoraType="link_value" linkType="ref" target="ww_b3931845d54b98d5"/>
    </p0826-teimww:occursIn>
  </p0826-teimww:passage>
  <p0826-teimww:passage id="ww_b1168ff1872d2a11">
    <knoraXmlImport:label>passage label</knoraXmlImport:label>
    <p0826-teimww:occursIn>
      <p0826-teimww:book knoraType="link_value" linkType="ref" target="ww_3b149092050ca583"/>
    </p0826-teimww:occursIn>
    <p0826-teimww:text knoraType="richtext_value">[Juggler:] [...] I'll show you a trick of the twelves, and turn him over the thumbs with a trice. &lt;br&gt;
I'll make him &lt;span class="quote"&gt;fly swifter than meditation&lt;/span&gt;.&lt;br&gt;
I'll show you as many toys as there be minutes in a month, and as many tricks as there be motes in the sun.</p0826-teimww:text>
  </p0826-teimww:passage>
  <p0826-teimww:passage id="ww_e62be24628fdaa03">
    <knoraXmlImport:label>passage label</knoraXmlImport:label>
    <p0826-teimww:occursIn>
      <p0826-teimww:book knoraType="link_value" linkType="ref" target="ww_e862771dd315c342"/>
    </p0826-teimww:occursIn>
    <p0826-teimww:text knoraType="richtext_value">&lt;span class="quote"&gt;How a man may chuse a good wife from a bad. &lt;/span&gt;A pleasant conceited Comedie, Wherein is shewed &lt;span class="quote"&gt;how a man may chuse a good Wife from a bad.&lt;/span&gt;</p0826-teimww:text>
  </p0826-teimww:passage>
  <p0826-teimww:passage id="ww_5b15ad97d597f2c4">
    <knoraXmlImport:label>passage label</knoraXmlImport:label>
    <p0826-teimww:occursIn>
      <p0826-teimww:book knoraType="link_value" linkType="ref" target="ww_c376526546624e12"/>
    </p0826-teimww:occursIn>
  </p0826-teimww:passage>
  <p0826-teimww:passage id="ww_230cfbd81c67057a">
    <knoraXmlImport:label>passage label</knoraXmlImport:label>
    <p0826-teimww:occursIn>
      <p0826-teimww:book knoraType="link_value" linkType="ref" target="ww_ae241404822b51fa"/>
    </p0826-teimww:occursIn>
    <p0826-teimww:text knoraType="richtext_value">[Northumberland:] Set forward then. (A dead march, and pass round the stage, and Guilford speaks).&lt;br&gt;
The Tower will be a place of ample state,&lt;br&gt;
Some lodgings in it, will like dead men's souls,&lt;br&gt;
Remember us of frailty.&lt;br&gt;
[Guilford:] We are led with pomp to prison,&lt;br&gt;
&lt;span class="quote"&gt;O prophetic soul.&lt;/span&gt;&lt;br&gt;
Lo we ascend into our chairs of State,&lt;br&gt;
Like funeral Coffins, in some funeral&lt;br&gt;
Pomp descending to their graves. But we must on.&lt;br&gt;
How can we fare well, to keep our Court:&lt;br&gt;
Where Prisoners keep their cave? </p0826-teimww:text>
  </p0826-teimww:passage>
  <p0826-teimww:passage id="ww_9d7c36dfa125ee84">
    <knoraXmlImport:label>passage label</knoraXmlImport:label>
    <p0826-teimww:occursIn>
      <p0826-teimww:book knoraType="link_value" linkType="ref" target="ww_91e0dc4c671938fa"/>
    </p0826-teimww:occursIn>
  </p0826-teimww:passage>
  <p0826-teimww:passage id="ww_fffcfd2dcf4eb775">
    <knoraXmlImport:label>passage label</knoraXmlImport:label>
    <p0826-teimww:occursIn>
      <p0826-teimww:book knoraType="link_value" linkType="ref" target="ww_573381af1170e2c9"/>
    </p0826-teimww:occursIn>
    <p0826-teimww:text knoraType="richtext_value">[Troilus:] &lt;span class="quote"&gt;O beauty, where is thy faith?&lt;/span&gt;</p0826-teimww:text>
  </p0826-teimww:passage>
  <p0826-teimww:passage id="ww_c5e7b3539f6c3d65">
    <knoraXmlImport:label>passage label</knoraXmlImport:label>
    <p0826-teimww:occursIn>
      <p0826-teimww:book knoraType="link_value" linkType="ref" target="ww_0b28ed19a0540e1d"/>
    </p0826-teimww:occursIn>
  </p0826-teimww:passage>
  <p0826-teimww:passage id="ww_c302b1bc6558d0e5">
    <knoraXmlImport:label>passage label</knoraXmlImport:label>
    <p0826-teimww:occursIn>
      <p0826-teimww:book knoraType="link_value" linkType="ref" target="ww_9b5ce7eda160cdbb"/>
    </p0826-teimww:occursIn>
    <p0826-teimww:text knoraType="richtext_value">[An axiom is a] Sentence, pronouncing a thing &lt;span class="quote"&gt;to be, or not to be.&lt;/span&gt;</p0826-teimww:text>
  </p0826-teimww:passage>
  <p0826-teimww:passage id="ww_063af652b0d19dbe">
    <knoraXmlImport:label>passage label</knoraXmlImport:label>
    <p0826-teimww:occursIn>
      <p0826-teimww:book knoraType="link_value" linkType="ref" target="ww_adfdbd7c6a7b7a62"/>
    </p0826-teimww:occursIn>
  </p0826-teimww:passage>
  <p0826-teimww:passage id="ww_146599b2649c6956">
    <knoraXmlImport:label>passage label</knoraXmlImport:label>
    <p0826-teimww:occursIn>
      <p0826-teimww:book knoraType="link_value" linkType="ref" target="ww_3b149092050ca583"/>
    </p0826-teimww:occursIn>
    <p0826-teimww:text knoraType="richtext_value">[Lelia:] Father did you send for me? &lt;br&gt;
[Gripe:] I wench I did, come hither Lelia, give me thy hand. &lt;br&gt;
Mr. Churms , I pray you bear witness, &lt;br&gt;
I here give Lelia to P. Ploddall. &lt;br&gt;
(She plucks away her hand.) &lt;br&gt;
How now? &lt;br&gt;
[Nurse:] &lt;span class="quote"&gt;She'll none she thanks you Sir.&lt;/span&gt; </p0826-teimww:text>
  </p0826-teimww:passage>
  <p0826-teimww:passage id="ww_3aef25a2634c4913">
    <knoraXmlImport:label>passage label</knoraXmlImport:label>
    <p0826-teimww:occursIn>
      <p0826-teimww:book knoraType="link_value" linkType="ref" target="ww_573381af1170e2c9"/>
    </p0826-teimww:occursIn>
    <p0826-teimww:text knoraType="richtext_value">[Hector:] Now, youthful Troilus, do not these high strains&lt;br&gt;
Of divination in our sister work&lt;br&gt;
Some touches of remorse? Or is your blood&lt;br&gt;
So madly hot that no &lt;span class="quote"&gt;discourse of reason&lt;br&gt;&lt;/span&gt;
Nor fear of bad success in a bad cause&lt;br&gt;
Can qualify the same?</p0826-teimww:text>
  </p0826-teimww:passage>
  <p0826-teimww:passage id="ww_15e80e5b13335bc0">
    <knoraXmlImport:label>passage label</knoraXmlImport:label>
    <p0826-teimww:occursIn>
      <p0826-teimww:book knoraType="link_value" linkType="ref" target="ww_b3931845d54b98d5"/>
    </p0826-teimww:occursIn>
  </p0826-teimww:passage>
  <p0826-teimww:passage id="ww_39f691962af4871b">
    <knoraXmlImport:label>passage label</knoraXmlImport:label>
    <p0826-teimww:occursIn>
      <p0826-teimww:book knoraType="link_value" linkType="ref" target="ww_b39e765e82b19cd8"/>
    </p0826-teimww:occursIn>
    <p0826-teimww:text knoraType="richtext_value">[...] when that &lt;span class="quote"&gt;fell arrest &lt;/span&gt;&lt;br&gt;
Without all bail shall carry me away [...].</p0826-teimww:text>
  </p0826-teimww:passage>
  <p0826-teimww:passage id="ww_556870d0a531d7e8">
    <knoraXmlImport:label>passage label</knoraXmlImport:label>
    <p0826-teimww:occursIn>
      <p0826-teimww:book knoraType="link_value" linkType="ref" target="ww_b3931845d54b98d5"/>
    </p0826-teimww:occursIn>
  </p0826-teimww:passage>
  <p0826-teimww:passage id="ww_42e4fbcb1db279d4">
    <knoraXmlImport:label>passage label</knoraXmlImport:label>
    <p0826-teimww:occursIn>
      <p0826-teimww:book knoraType="link_value" linkType="ref" target="ww_7f949bbd8df542c3"/>
    </p0826-teimww:occursIn>
    <p0826-teimww:text knoraType="richtext_value">[Aurelia:] Dri'd biscuit! &lt;span class="quote"&gt;look where the base wretch comes&lt;/span&gt;.</p0826-teimww:text>
  </p0826-teimww:passage>
  <p0826-teimww:passage id="ww_fd86b80de1745b02">
    <knoraXmlImport:label>passage label</knoraXmlImport:label>
    <p0826-teimww:occursIn>
      <p0826-teimww:book knoraType="link_value" linkType="ref" target="ww_aff3e1e0ec71023e"/>
    </p0826-teimww:occursIn>
    <p0826-teimww:text knoraType="richtext_value">[Duke as Friar:] [...] Thy best of rest is &lt;span class="quote"&gt;sleep,&lt;br&gt;&lt;/span&gt;
And that thou oft provok'st, yet grossly fear'st&lt;br&gt;
Thy &lt;span class="quote"&gt;death, which is no more.&lt;/span&gt; </p0826-teimww:text>
  </p0826-teimww:passage>
  <p0826-teimww:passage id="ww_e482aadce8842db8">
    <knoraXmlImport:label>passage label</knoraXmlImport:label>
    <p0826-teimww:occursIn>
      <p0826-teimww:book knoraType="link_value" linkType="ref" target="ww_0dd5e309103973fb"/>
    </p0826-teimww:occursIn>
  </p0826-teimww:passage>
  <p0826-teimww:passage id="ww_76939257f351fc78">
    <knoraXmlImport:label>passage label</knoraXmlImport:label>
    <p0826-teimww:occursIn>
      <p0826-teimww:book knoraType="link_value" linkType="ref" target="ww_7f949bbd8df542c3"/>
    </p0826-teimww:occursIn>
    <p0826-teimww:text knoraType="richtext_value">[Pietro:] &lt;span class="quote"&gt;Sad souls may well change place, but not change grief.</p0826-teimww:text>
  </p0826-teimww:passage>
  <p0826-teimww:passage id="ww_294048c0782964af">
    <knoraXmlImport:label>passage label</knoraXmlImport:label>
    <p0826-teimww:occursIn>
      <p0826-teimww:book knoraType="link_value" linkType="ref" target="ww_841e89ba43cd414c"/>
    </p0826-teimww:occursIn>
  </p0826-teimww:passage>
  <p0826-teimww:passage id="ww_24e2d5857598d97a">
    <knoraXmlImport:label>passage label</knoraXmlImport:label>
    <p0826-teimww:occursIn>
      <p0826-teimww:book knoraType="link_value" linkType="ref" target="ww_b39e765e82b19cd8"/>
    </p0826-teimww:occursIn>
    <p0826-teimww:text knoraType="richtext_value">If this be error, and upon me proved &lt;br&gt;
I never writ, &lt;span class="quote"&gt;nor no man &lt;/span&gt;ever loved.</p0826-teimww:text>
  </p0826-teimww:passage>
  <p0826-teimww:passage id="ww_70b0001a133984f9">
    <knoraXmlImport:label>passage label</knoraXmlImport:label>
    <p0826-teimww:occursIn>
      <p0826-teimww:book knoraType="link_value" linkType="ref" target="ww_b3931845d54b98d5"/>
    </p0826-teimww:occursIn>
  </p0826-teimww:passage>
  <p0826-teimww:passage id="ww_88c8c831d3fbfb49">
    <knoraXmlImport:label>passage label</knoraXmlImport:label>
    <p0826-teimww:occursIn>
      <p0826-teimww:book knoraType="link_value" linkType="ref" target="ww_aff3e1e0ec71023e"/>
    </p0826-teimww:occursIn>
    <p0826-teimww:text knoraType="richtext_value">[Lucio:] [...] &lt;span class="quote"&gt;a man whose blood &lt;br&gt;
Is very snow-broth &lt;/span&gt;[...]
</p0826-teimww:text>
  </p0826-teimww:passage>
  <p0826-teimww:passage id="ww_51911abddc52a81c">
    <knoraXmlImport:label>passage label</knoraXmlImport:label>
    <p0826-teimww:occursIn>
      <p0826-teimww:book knoraType="link_value" linkType="ref" target="ww_0f0f2ccb24fa3b96"/>
    </p0826-teimww:occursIn>
  </p0826-teimww:passage>
  <p0826-teimww:passage id="ww_2ff548f4bba6694c">
    <knoraXmlImport:label>passage label</knoraXmlImport:label>
    <p0826-teimww:occursIn>
      <p0826-teimww:book knoraType="link_value" linkType="ref" target="ww_7f949bbd8df542c3"/>
    </p0826-teimww:occursIn>
    <p0826-teimww:text knoraType="richtext_value">[Mendoza:] [...] &lt;span class="quote"&gt;oiled hinges, &lt;/span&gt;and all the tongue-tied lascivious witness of great creatures' wantonness [...].</p0826-teimww:text>
  </p0826-teimww:passage>
  <p0826-teimww:passage id="ww_67a70bd066ce49ee">
    <knoraXmlImport:label>passage label</knoraXmlImport:label>
    <p0826-teimww:occursIn>
      <p0826-teimww:book knoraType="link_value" linkType="ref" target="ww_7f949bbd8df542c3"/>
    </p0826-teimww:occursIn>
    <p0826-teimww:text knoraType="richtext_value">[Malevole:] Give place.
&lt;span class="quote"&gt;Illo, ho, ho, ho&lt;/span&gt;, &lt;span class="quote"&gt;art there&lt;/span&gt; old &lt;span class="quote"&gt;truepenny?&lt;/span&gt; (Exit Celso) Where hast thou spent thy self this morning? I see flattery in thine eyes, and damnation in thy soul. Ha thou huge rascal!&lt;br&gt;
[Mendoza:] Thou art very merry.&lt;br&gt;
[Malevole:] As a scholar futuens gratis: How doth the devil go with thee now? &lt;br&gt;
[Mendoza:] Malevole, &lt;span class="quote"&gt;thou art an arrant knave.&lt;/span&gt;&lt;br&gt;
[Malevole:] Who I, I have been a Sergeant man.</p0826-teimww:text>
  </p0826-teimww:passage>
  <p0826-teimww:passage id="ww_ee4613d76643d52e">
    <knoraXmlImport:label>passage label</knoraXmlImport:label>
    <p0826-teimww:occursIn>
      <p0826-teimww:book knoraType="link_value" linkType="ref" target="ww_91e0dc4c671938fa"/>
    </p0826-teimww:occursIn>
  </p0826-teimww:passage>
  <p0826-teimww:passage id="ww_b0380911f962cdb5">
    <knoraXmlImport:label>passage label</knoraXmlImport:label>
    <p0826-teimww:occursIn>
      <p0826-teimww:book knoraType="link_value" linkType="ref" target="ww_5af91280461707f1"/>
    </p0826-teimww:occursIn>
  </p0826-teimww:passage>
  <p0826-teimww:passage id="ww_af8d2443948e56e0">
    <knoraXmlImport:label>passage label</knoraXmlImport:label>
    <p0826-teimww:occursIn>
      <p0826-teimww:book knoraType="link_value" linkType="ref" target="ww_7f949bbd8df542c3"/>
    </p0826-teimww:occursIn>
    <p0826-teimww:text knoraType="richtext_value">[Mendoza:] O! how full of ravishing attraction is your pretty, petulant, languishing, lasciviously-composed countenance these amorous smiles, those soul-warming sparkling glances, ardent as those flames that sing'd the world by heedless Phaeton; &lt;span class="quote"&gt;in body how delicate, in soul how witty, in discourse how pregnant, in life how wary, in favours how iuditious, in day how sociable, and in night how?&lt;/span&gt;</p0826-teimww:text>
  </p0826-teimww:passage>
  <p0826-teimww:passage id="ww_c28e73995a0b98a5">
    <knoraXmlImport:label>passage label</knoraXmlImport:label>
    <p0826-teimww:occursIn>
      <p0826-teimww:book knoraType="link_value" linkType="ref" target="ww_b34835e3d62ac277"/>
    </p0826-teimww:occursIn>
    <p0826-teimww:text knoraType="richtext_value">[Francis:] Some music there, none lead the Bride a dance? &lt;br&gt;

[Charles:] Yes, &lt;span class="quote"&gt;would she dance the shaking of the sheets&lt;/span&gt;? 
But that's the dance her Husband means to lead her? &lt;br&gt;

[Wendoll:] That's not the dance that every man must dance 
According to the Ballad.</p0826-teimww:text>
  </p0826-teimww:passage>
  <p0826-teimww:passage id="ww_5163d9f2dc237020">
    <knoraXmlImport:label>passage label</knoraXmlImport:label>
    <p0826-teimww:occursIn>
      <p0826-teimww:book knoraType="link_value" linkType="ref" target="ww_3e15ab6c612eadae"/>
    </p0826-teimww:occursIn>
  </p0826-teimww:passage>
  <p0826-teimww:passage id="ww_a76e128fc84be19e">
    <knoraXmlImport:label>passage label</knoraXmlImport:label>
    <p0826-teimww:occursIn>
      <p0826-teimww:book knoraType="link_value" linkType="ref" target="ww_bc78559657a822d9"/>
    </p0826-teimww:occursIn>
    <p0826-teimww:text knoraType="richtext_value">To quench his thirst:  &lt;br&gt;
Runs to his Ink-pot, drinks, then stops the hole, &lt;br&gt; 
And thus grows madder, then he was at first. &lt;br&gt;
Tasso, he finds, by that of &lt;span class="quote"&gt;Hamlet, thinks &lt;br&gt;
Terms him a mad-man &lt;/span&gt;that of his Inkhorn drinks. &lt;br&gt; 
Calls players fools, the fool he judgeth wisest, &lt;br&gt;
Will learn them Action out of &lt;i&gt;Chaucer's&lt;/i&gt; Pander. &lt;br&gt;</p0826-teimww:text>
  </p0826-teimww:passage>
  <p0826-teimww:passage id="ww_39bba0d116ab12c6">
    <knoraXmlImport:label>passage label</knoraXmlImport:label>
    <p0826-teimww:occursIn>
      <p0826-teimww:book knoraType="link_value" linkType="ref" target="ww_2f65899f08b5bb71"/>
    </p0826-teimww:occursIn>
  </p0826-teimww:passage>
  <p0826-teimww:passage id="ww_de6172c6910c12a2">
    <knoraXmlImport:label>passage label</knoraXmlImport:label>
    <p0826-teimww:occursIn>
      <p0826-teimww:book knoraType="link_value" linkType="ref" target="ww_227cc36a19286ccd"/>
    </p0826-teimww:occursIn>
  </p0826-teimww:passage>
  <p0826-teimww:passage id="ww_8f8c642d5feb9bdd">
    <knoraXmlImport:label>passage label</knoraXmlImport:label>
    <p0826-teimww:occursIn>
      <p0826-teimww:book knoraType="link_value" linkType="ref" target="ww_1140c36ab545b6d8"/>
    </p0826-teimww:occursIn>
  </p0826-teimww:passage>
  <p0826-teimww:passage id="ww_6642ade2adc4ccf5">
    <knoraXmlImport:label>passage label</knoraXmlImport:label>
    <p0826-teimww:occursIn>
      <p0826-teimww:book knoraType="link_value" linkType="ref" target="ww_9878ac4728900ba4"/>
    </p0826-teimww:occursIn>
    <p0826-teimww:text knoraType="richtext_value">[Lorenzo:] &lt;span class="quote"&gt;Such a size of humanity now, and brain enough in it, it is not in the strength of a woman to withstand; well she may hold out a parley or two, for 'tis a weak fort that obeys at the first or second summons, if she resist the third she is discharg'd, though she yield in future: for then it appears it was no fault of hers: but the man that would take no denial. What rests now? means for access: True. O an honest Bawd were worth gold now.&lt;/spanA</p0826-teimww:text>
  </p0826-teimww:passage>
  <p0826-teimww:passage id="ww_0495a26e11a9902e">
    <knoraXmlImport:label>passage label</knoraXmlImport:label>
    <p0826-teimww:occursIn>
      <p0826-teimww:book knoraType="link_value" linkType="ref" target="ww_df2b8c2f18df151a"/>
    </p0826-teimww:occursIn>
  </p0826-teimww:passage>
  <p0826-teimww:passage id="ww_b9d5de55ee9f6c04">
    <knoraXmlImport:label>passage label</knoraXmlImport:label>
    <p0826-teimww:occursIn>
      <p0826-teimww:book knoraType="link_value" linkType="ref" target="ww_ad87a567c9aa933d"/>
    </p0826-teimww:occursIn>
    <p0826-teimww:text knoraType="richtext_value">&lt;span class="quote"&gt;The Honest Whore&lt;/span&gt;</p0826-teimww:text>
  </p0826-teimww:passage>
  <p0826-teimww:passage id="ww_fed5245b59d11815">
    <knoraXmlImport:label>passage label</knoraXmlImport:label>
    <p0826-teimww:occursIn>
      <p0826-teimww:book knoraType="link_value" linkType="ref" target="ww_9b67ca7f120fc425"/>
    </p0826-teimww:occursIn>
    <p0826-teimww:text knoraType="richtext_value">[Musician:] &lt;span class="quote"&gt;Whereby hangs a tale, sir?&lt;/span&gt;</p0826-teimww:text>
  </p0826-teimww:passage>
  <p0826-teimww:passage id="ww_98e9d1dcb1e04b0f">
    <knoraXmlImport:label>passage label</knoraXmlImport:label>
    <p0826-teimww:occursIn>
      <p0826-teimww:book knoraType="link_value" linkType="ref" target="ww_55bc1a3b04bf8a8d"/>
    </p0826-teimww:occursIn>
  </p0826-teimww:passage>
  <p0826-teimww:passage id="ww_50d25c9a937869be">
    <knoraXmlImport:label>passage label</knoraXmlImport:label>
    <p0826-teimww:occursIn>
      <p0826-teimww:book knoraType="link_value" linkType="ref" target="ww_c06d85b9feeb268d"/>
    </p0826-teimww:occursIn>
    <p0826-teimww:text knoraType="richtext_value">[King Philip:] &lt;span class="quote"&gt;It likes us well&lt;/span&gt;, but royal Queen we want&lt;br&gt; 
One Lady at this high solemnity:&lt;br&gt; 
We have a Sister call'd Elixabeth,&lt;br&gt; 
Whose virtues and endowments of the mind&lt;br&gt; 
Hath fil'd the ears of Spain.</p0826-teimww:text>
  </p0826-teimww:passage>
  <p0826-teimww:passage id="ww_24b7bed30f1ee2e1">
    <knoraXmlImport:label>passage label</knoraXmlImport:label>
    <p0826-teimww:occursIn>
      <p0826-teimww:book knoraType="link_value" linkType="ref" target="ww_3e15ab6c612eadae"/>
    </p0826-teimww:occursIn>
  </p0826-teimww:passage>
  <p0826-teimww:passage id="ww_4be517debbf89aec">
    <knoraXmlImport:label>passage label</knoraXmlImport:label>
    <p0826-teimww:occursIn>
      <p0826-teimww:book knoraType="link_value" linkType="ref" target="ww_bc78559657a822d9"/>
    </p0826-teimww:occursIn>
    <p0826-teimww:text knoraType="richtext_value">He fell in love with another, A wedded Lady: Then with a fourth [...]. And so far was he imparadized in her beauty (she not recomforting him) that &lt;span class="quote"&gt;he fell from Love to passion, so to distraction, then to admiration, &amp; contemplation: lately, to madness&lt;/span&gt; [...].</p0826-teimww:text>
  </p0826-teimww:passage>
  <p0826-teimww:passage id="ww_e6aed7a541073d3d">
    <knoraXmlImport:label>passage label</knoraXmlImport:label>
    <p0826-teimww:occursIn>
      <p0826-teimww:book knoraType="link_value" linkType="ref" target="ww_227cc36a19286ccd"/>
    </p0826-teimww:occursIn>
  </p0826-teimww:passage>
  <p0826-teimww:passage id="ww_dfa8f1bd90844253">
    <knoraXmlImport:label>passage label</knoraXmlImport:label>
    <p0826-teimww:occursIn>
      <p0826-teimww:book knoraType="link_value" linkType="ref" target="ww_9b67ca7f120fc425"/>
    </p0826-teimww:occursIn>
    <p0826-teimww:text knoraType="richtext_value">[Brabantio:]  I had rather to adopt a child than get it.&lt;br&gt;
Come hither, Moor. &lt;br&gt;
I here do give thee that with all my heart &lt;br&gt;
Which, but thou hast already, with all my heart &lt;br&gt;
I would keep from thee. - For your sake, jewel,&lt;br&gt;
&lt;span class="quote"&gt;I am glad at soul I have no other child, &lt;br&gt;&lt;/span&gt;
For thy escape would teach me tyranny, &lt;br&gt;
To hang clogs on them.</p0826-teimww:text>
  </p0826-teimww:passage>
  <p0826-teimww:passage id="ww_97a352c55ce15c88">
    <knoraXmlImport:label>passage label</knoraXmlImport:label>
    <p0826-teimww:occursIn>
      <p0826-teimww:book knoraType="link_value" linkType="ref" target="ww_a35a3cb321dd9184"/>
    </p0826-teimww:occursIn>
    <p0826-teimww:text knoraType="richtext_value">[Henry Condell:] &lt;span class="quote"&gt;I beseech you sir be covered.&lt;br&gt;&lt;/span&gt;
[Sly:] &lt;span class="quote"&gt;No in good faith for mine ease, &lt;/span&gt;look you my hat's the handle to this fan [...].</p0826-teimww:text>
  </p0826-teimww:passage>
  <p0826-teimww:passage id="ww_87e4e25ba1c275f9">
    <knoraXmlImport:label>passage label</knoraXmlImport:label>
    <p0826-teimww:occursIn>
      <p0826-teimww:book knoraType="link_value" linkType="ref" target="ww_75ea66b2f428cc3e"/>
    </p0826-teimww:occursIn>
    <p0826-teimww:text knoraType="richtext_value">[Malheureux:]&lt;span class="quote"&gt; I, a man of snow&lt;/span&gt; &lt;br&gt;
Now shame forsake me whether am I fallen!</p0826-teimww:text>
  </p0826-teimww:passage>
  <p0826-teimww:passage id="ww_125a79c63160f239">
    <knoraXmlImport:label>passage label</knoraXmlImport:label>
    <p0826-teimww:occursIn>
      <p0826-teimww:book knoraType="link_value" linkType="ref" target="ww_75ea66b2f428cc3e"/>
    </p0826-teimww:occursIn>
    <p0826-teimww:text knoraType="richtext_value">[Franceschina:] I do not love Freevill. &lt;br&gt;
[Malheureux:] But what vow, what vow?&lt;br&gt;
[Franceschina:] So long as Freevill lives, I must not love.&lt;br&gt;
[Malheureux:] &lt;span class="quote"&gt;Then he –&lt;/span&gt;&lt;br&gt;
[Franceschina:] &lt;span class="quote"&gt;Must -&lt;/span&gt;&lt;br&gt;
[Malheureux:] &lt;span class="quote"&gt;Die! &lt;/span&gt;&lt;br&gt;
[Franceschina:] Ay. - No, there is no such vehemence in your affects.</p0826-teimww:text>
  </p0826-teimww:passage>
  <p0826-teimww:passage id="ww_2bd2cb5a3df32563">
    <knoraXmlImport:label>passage label</knoraXmlImport:label>
    <p0826-teimww:occursIn>
      <p0826-teimww:book knoraType="link_value" linkType="ref" target="ww_9878ac4728900ba4"/>
    </p0826-teimww:occursIn>
    <p0826-teimww:text knoraType="richtext_value">[Æmilia:] O Sir, you men have not devices with&lt;span class="quote"&gt; ladders of ropes&lt;/span&gt; to scale such walls at your pleasure, and abuse us poor wenches.</p0826-teimww:text>
  </p0826-teimww:passage>
  <p0826-teimww:passage id="ww_cbc07f40664ea9c3">
    <knoraXmlImport:label>passage label</knoraXmlImport:label>
    <p0826-teimww:occursIn>
      <p0826-teimww:book knoraType="link_value" linkType="ref" target="ww_e38a56a7efbf9723"/>
    </p0826-teimww:occursIn>
  </p0826-teimww:passage>
  <p0826-teimww:passage id="ww_765656dcf0fff870">
    <knoraXmlImport:label>passage label</knoraXmlImport:label>
    <p0826-teimww:occursIn>
      <p0826-teimww:book knoraType="link_value" linkType="ref" target="ww_e438bc643f05e9c6"/>
    </p0826-teimww:occursIn>
    <p0826-teimww:text knoraType="richtext_value">[Rerrage:] Andrew Lethe is well whipped in't, his name stands in &lt;span class="quote"&gt;a white sheet here, and does penance for him&lt;/span&gt;.</p0826-teimww:text>
  </p0826-teimww:passage>
  <p0826-teimww:passage id="ww_9a49c5371310bc56">
    <knoraXmlImport:label>passage label</knoraXmlImport:label>
    <p0826-teimww:occursIn>
      <p0826-teimww:book knoraType="link_value" linkType="ref" target="ww_ad7af8eb91622840"/>
    </p0826-teimww:occursIn>
    <p0826-teimww:text knoraType="richtext_value">[Gozlin:] Consort with a pox? Cannot the &lt;span class="quote"&gt;shaking of the sheets be danc'd &lt;/span&gt;without your Town piping? </p0826-teimww:text>
  </p0826-teimww:passage>
  <p0826-teimww:passage id="ww_9a8b9e9b0f28a928">
    <knoraXmlImport:label>passage label</knoraXmlImport:label>
    <p0826-teimww:occursIn>
      <p0826-teimww:book knoraType="link_value" linkType="ref" target="ww_9b67ca7f120fc425"/>
    </p0826-teimww:occursIn>
    <p0826-teimww:text knoraType="richtext_value">[Lodovico:] O thou Othello, that wert once so good, &lt;br&gt;
Fall’n in the practice of a damnèd slave, &lt;br&gt;
What shall be said to thee? &lt;br&gt;
[Othello:] Why, anything.
&lt;span class="quote"&gt;An honorable murderer, &lt;/span&gt;if you will […].</p0826-teimww:text>
  </p0826-teimww:passage>
  <p0826-teimww:passage id="ww_ce23c76c0531885b">
    <knoraXmlImport:label>passage label</knoraXmlImport:label>
    <p0826-teimww:occursIn>
      <p0826-teimww:book knoraType="link_value" linkType="ref" target="ww_5868d5560bdfc062"/>
    </p0826-teimww:occursIn>
  </p0826-teimww:passage>
  <p0826-teimww:passage id="ww_75b37cc363564b9a">
    <knoraXmlImport:label>passage label</knoraXmlImport:label>
    <p0826-teimww:occursIn>
      <p0826-teimww:book knoraType="link_value" linkType="ref" target="ww_9b67ca7f120fc425"/>
    </p0826-teimww:occursIn>
    <p0826-teimww:text knoraType="richtext_value">[Iago:] &lt;span class="quote"&gt;Now, whether he kill Cassio,&lt;br&gt;
Or Cassio him, or each do kill the other,&lt;br&gt;
Every way makes my gain.&lt;/span&gt;</p0826-teimww:text>
  </p0826-teimww:passage>
  <p0826-teimww:passage id="ww_43245f8a62f3baab">
    <knoraXmlImport:label>passage label</knoraXmlImport:label>
    <p0826-teimww:occursIn>
      <p0826-teimww:book knoraType="link_value" linkType="ref" target="ww_9b67ca7f120fc425"/>
    </p0826-teimww:occursIn>
    <p0826-teimww:text knoraType="richtext_value">[Othello:] And O you mortal engines, &lt;span class="quote"&gt;whose rude throats&lt;br&gt;
Th' immortal Jove’s dread clamors counterfeit,&lt;/span&gt;&lt;br&gt;
Farewell!</p0826-teimww:text>
  </p0826-teimww:passage>
  <p0826-teimww:passage id="ww_222d39787bda2116">
    <knoraXmlImport:label>passage label</knoraXmlImport:label>
    <p0826-teimww:occursIn>
      <p0826-teimww:book knoraType="link_value" linkType="ref" target="ww_9b67ca7f120fc425"/>
    </p0826-teimww:occursIn>
    <p0826-teimww:text knoraType="richtext_value">[Iago:] [...] &lt;span class="quote"&gt;Or else the devil will make a grandsire of you.&lt;/span&gt;</p0826-teimww:text>
  </p0826-teimww:passage>
  <p0826-teimww:passage id="ww_3e56fbbce54ab522">
    <knoraXmlImport:label>passage label</knoraXmlImport:label>
    <p0826-teimww:occursIn>
      <p0826-teimww:book knoraType="link_value" linkType="ref" target="ww_9b67ca7f120fc425"/>
    </p0826-teimww:occursIn>
    <p0826-teimww:text knoraType="richtext_value">[Iago:] Help, masters! - Here's a goodly watch indeed!&lt;span class="quote"&gt; (A bell is rung)&lt;br&gt;
Who's that which rings the bell&lt;/span&gt;?  Diablo, ho! &lt;br&gt;
The town will rise. God's will, lieutenant, hold! &lt;br&gt;
You will be shamed forever.</p0826-teimww:text>
  </p0826-teimww:passage>
  <p0826-teimww:passage id="ww_e5ec0599fda10406">
    <knoraXmlImport:label>passage label</knoraXmlImport:label>
    <p0826-teimww:occursIn>
      <p0826-teimww:book knoraType="link_value" linkType="ref" target="ww_c8d3132c49ef7e45"/>
    </p0826-teimww:occursIn>
    <p0826-teimww:text knoraType="richtext_value">[Lucre:] [...] &lt;span class="quote"&gt;here's none but friends &lt;/span&gt;[...].</p0826-teimww:text>
  </p0826-teimww:passage>
  <p0826-teimww:passage id="ww_8cf5c6b8194f9ac8">
    <knoraXmlImport:label>passage label</knoraXmlImport:label>
    <p0826-teimww:occursIn>
      <p0826-teimww:book knoraType="link_value" linkType="ref" target="ww_df2b8c2f18df151a"/>
    </p0826-teimww:occursIn>
  </p0826-teimww:passage>
  <p0826-teimww:passage id="ww_9578c7f5fec1ba03">
    <knoraXmlImport:label>passage label</knoraXmlImport:label>
    <p0826-teimww:occursIn>
      <p0826-teimww:book knoraType="link_value" linkType="ref" target="ww_d4412fbd862e35de"/>
    </p0826-teimww:occursIn>
    <p0826-teimww:text knoraType="richtext_value">[Nuntio:] She told her that her death was too too good,&lt;br&gt;
And that already &lt;span class="quote"&gt;she had lived too long.&lt;br&gt;&lt;/span&gt;
She said she shamed to have a part in blood&lt;br&gt;
Of her that did the princely Herod wrong. </p0826-teimww:text>
  </p0826-teimww:passage>
  <p0826-teimww:passage id="ww_88617a778b3d28ef">
    <knoraXmlImport:label>passage label</knoraXmlImport:label>
    <p0826-teimww:occursIn>
      <p0826-teimww:book knoraType="link_value" linkType="ref" target="ww_aba8d90916ae3714"/>
    </p0826-teimww:occursIn>
    <p0826-teimww:text knoraType="richtext_value">[Asdrubal:] Through rotten'st dung best plants both sprout and live &lt;span class="quote"&gt;by blood vines grow.&lt;/span&gt;</p0826-teimww:text>
  </p0826-teimww:passage>
  <p0826-teimww:passage id="ww_6fa60ba69ddaaf25">
    <knoraXmlImport:label>passage label</knoraXmlImport:label>
    <p0826-teimww:occursIn>
      <p0826-teimww:book knoraType="link_value" linkType="ref" target="ww_0f0f2ccb24fa3b96"/>
    </p0826-teimww:occursIn>
  </p0826-teimww:passage>
  <p0826-teimww:passage id="ww_03624a7ebb407da9">
    <knoraXmlImport:label>passage label</knoraXmlImport:label>
    <p0826-teimww:occursIn>
      <p0826-teimww:book knoraType="link_value" linkType="ref" target="ww_d77664dc4673002e"/>
    </p0826-teimww:occursIn>
    <p0826-teimww:text knoraType="richtext_value">[Renaldo:] [...] &lt;span class="quote"&gt;My Prince and brother, let my blood and love&lt;br&gt;
challenge the freedom of one question&lt;/span&gt; [...]. &lt;br&gt;
[Ferrara explains why he wants to leave] &lt;br&gt;
[Renaldo:] &lt;span class="quote"&gt;I commend all to your wisdom, and yours to the wisest. &lt;br&gt;&lt;/span&gt;
[...] (exit).&lt;br&gt;
[Hercules, disguised Duke Ferrara:] &lt;span class="quote"&gt;And now thou Ceremonious sovereignty &lt;br&gt;
Ye proud severer statefull Complements &lt;br&gt;
The secret arts of &lt;i&gt;Rule&lt;/i&gt;, I put you off &lt;/span&gt;[...].</p0826-teimww:text>
  </p0826-teimww:passage>
  <p0826-teimww:passage id="ww_e41a69b2978ea56a">
    <knoraXmlImport:label>passage label</knoraXmlImport:label>
    <p0826-teimww:occursIn>
      <p0826-teimww:book knoraType="link_value" linkType="ref" target="ww_d77664dc4673002e"/>
    </p0826-teimww:occursIn>
    <p0826-teimww:text knoraType="richtext_value">[Zuccone:] Nay, I will embrace, nay I will embrace a Jakes-farmer after eleven o' clock at night, I will stand bare, and give wall to a Bellows-mender, pawn my Lordship, sell my foot-cloth, but I will be revenged, &lt;span class="quote"&gt;does she think she has married an Ass? &lt;br&gt;&lt;/span&gt;
[Hercules:] &lt;span class="quote"&gt;A Fool? &lt;br&gt;&lt;/span&gt;
[Zuccone:] &lt;span class="quote"&gt;A Coxcomb? &lt;br&gt;&lt;/span&gt;
[Hercules:] &lt;span class="quote"&gt;A Ninnyhammer? &lt;br&gt;&lt;/span&gt;
[Zuccone:]&lt;span class="quote"&gt; A Woodcock? &lt;br&gt;&lt;/span&gt;
[Hercules:] &lt;span class="quote"&gt;A Calf? &lt;br&gt;&lt;/span&gt;
[Zuccone:]&lt;span class="quote"&gt; No, she shall find that I ha' eyes. &lt;br&gt;&lt;/span&gt;
[Hercules:] &lt;span class="quote"&gt;And brain. &lt;br&gt;&lt;/span&gt;
[Zuccone:] &lt;span class="quote"&gt;And nose. &lt;br&gt;&lt;/span&gt;
[Hercules:] &lt;span class="quote"&gt;And Forehead.&lt;/span&gt;</p0826-teimww:text>
  </p0826-teimww:passage>
  <p0826-teimww:passage id="ww_1a7caaa77e32bc24">
    <knoraXmlImport:label>passage label</knoraXmlImport:label>
    <p0826-teimww:occursIn>
      <p0826-teimww:book knoraType="link_value" linkType="ref" target="ww_aba8d90916ae3714"/>
    </p0826-teimww:occursIn>
    <p0826-teimww:text knoraType="richtext_value">[Sophonisba:] It is but sleepy Opium he hath drunk [...] &lt;br&gt;
[&lt;I&gt;They lay Vangue in Syphax bed and draw the curtains&lt;/I&gt;] &lt;br&gt;
&lt;span class="quote"&gt;There lie Syphax bride, a naked man is soon undressed; &lt;br&gt;
There bide dishonoured passion.&lt;/span&gt;</p0826-teimww:text>
  </p0826-teimww:passage>
  <p0826-teimww:passage id="ww_3cd1ab77f5b33431">
    <knoraXmlImport:label>passage label</knoraXmlImport:label>
    <p0826-teimww:occursIn>
      <p0826-teimww:book knoraType="link_value" linkType="ref" target="ww_0f0f2ccb24fa3b96"/>
    </p0826-teimww:occursIn>
  </p0826-teimww:passage>
  <p0826-teimww:passage id="ww_74c5e04712579166">
    <knoraXmlImport:label>passage label</knoraXmlImport:label>
    <p0826-teimww:occursIn>
      <p0826-teimww:book knoraType="link_value" linkType="ref" target="ww_d77664dc4673002e"/>
    </p0826-teimww:occursIn>
    <p0826-teimww:text knoraType="richtext_value">[Zoya:] Well, upon your apparent repentance, that all modest spectators may witness, I have for a short time only thus feignedly hated you, that you might ever after truely love me, upon these cautions I reaccept you: first you shall vow. &lt;br&gt;
[Zuccone:] I do vow, as heaven bless me, I will do. &lt;br&gt;
[Zoya:] What? &lt;br&gt;
[Zuccone:] Whate'er it be, say on I beseech you. &lt;br&gt;
[Zoya:] You shall vow. &lt;br&gt;
[Zuccone:] Yes. &lt;br&gt;
[Zoya:] That you shall never. &lt;br&gt;
[Zuccone:] &lt;span class="quote"&gt;Never&lt;/span&gt;. &lt;br&gt;
[Zoya:] Feign love to my waiting woman or chamber maid. &lt;br&gt;
[Zuccone:] No. &lt;br&gt;
[Zoya:] Never promise them such a farm to their marriage. &lt;br&gt;
[Zuccone:] No. &lt;br&gt;
[Zoya:] If she'll discover but whom I affect. &lt;br&gt;
[Zuccone:] &lt;span class="quote"&gt;Never&lt;/span&gt;.
[Zoya:] Or if they know none that they'll but take a false oath; I do, only to be rid of me. &lt;br&gt;
[Zuccone:] I swear I will not, I will not only not counterfeit love your women, but I will truely hate them an't be possible, so far from maintaining them that I will beggar them, I will never pick their trunks for letters, search their pockets, ruffle their bosoms, or tear their foul smocks never, never. &lt;br&gt;
[Zoya:] That if I chance to have a humour to be in a mask, you shall not grow Jealous. &lt;br&gt;
[Zuccone:] &lt;span class="quote"&gt;Never&lt;/span&gt;. &lt;br&gt;
[Zoya:] Or grudge at the expense. &lt;br&gt;
[Zuccone:] Never, I will eat mine own arms first. &lt;br&gt;
[Zoya:] That you shall not, search if my chamber &lt;span class="quote"&gt;door hinges be oiled to avoid creaking&lt;/span&gt;. &lt;br&gt;
[Zuccone:] As I am a sensible creature- &lt;br&gt;
[Zoya:] Nor ever suspect the reason why my bed-chamber floor is double matted. &lt;br&gt;
[Zuccone:] Not as I have blood in me.</p0826-teimww:text>
  </p0826-teimww:passage>
  <p0826-teimww:passage id="ww_fecfdb5aeae54681">
    <knoraXmlImport:label>passage label</knoraXmlImport:label>
    <p0826-teimww:occursIn>
      <p0826-teimww:book knoraType="link_value" linkType="ref" target="ww_256a0b26f23e3730"/>
    </p0826-teimww:occursIn>
    <p0826-teimww:text knoraType="richtext_value">&lt;span class="quote"&gt;Who would endure the mocks and scorns of the world &lt;/span&gt;[...] unless they hoped, that after the vessel of their bodies were seasoned in the womb of the earth, they should arrive at &lt;span class="quote"&gt;that blessed undiscovered country, &lt;/span&gt;where is no mediocrity of joy, no end of pleasure.</p0826-teimww:text>
  </p0826-teimww:passage>
  <p0826-teimww:passage id="ww_03f89e33d9b338a1">
    <knoraXmlImport:label>passage label</knoraXmlImport:label>
    <p0826-teimww:occursIn>
      <p0826-teimww:book knoraType="link_value" linkType="ref" target="ww_91e0dc4c671938fa"/>
    </p0826-teimww:occursIn>
  </p0826-teimww:passage>
  <p0826-teimww:passage id="ww_e063fc1cf2b97e99">
    <knoraXmlImport:label>passage label</knoraXmlImport:label>
    <p0826-teimww:occursIn>
      <p0826-teimww:book knoraType="link_value" linkType="ref" target="ww_d77664dc4673002e"/>
    </p0826-teimww:occursIn>
    <p0826-teimww:text knoraType="richtext_value">[Hercules, Duke of Ferrara:] &lt;span class="quote"&gt;Plots ha you laid? Inductions, dangerous.&lt;/span&gt;</p0826-teimww:text>
  </p0826-teimww:passage>
  <p0826-teimww:passage id="ww_b279bf6716eb08dd">
    <knoraXmlImport:label>passage label</knoraXmlImport:label>
    <p0826-teimww:occursIn>
      <p0826-teimww:book knoraType="link_value" linkType="ref" target="ww_1140c36ab545b6d8"/>
    </p0826-teimww:occursIn>
  </p0826-teimww:passage>
  <p0826-teimww:passage id="ww_34160cf32cfdbf0a">
    <knoraXmlImport:label>passage label</knoraXmlImport:label>
    <p0826-teimww:occursIn>
      <p0826-teimww:book knoraType="link_value" linkType="ref" target="ww_cc822907a2bf276a"/>
    </p0826-teimww:occursIn>
    <p0826-teimww:text knoraType="richtext_value">&lt;span class="quote"&gt;(Orlando in disguise enters the service of his daughters in order to preserve them from shame and scandal)&lt;/span&gt;</p0826-teimww:text>
  </p0826-teimww:passage>
  <p0826-teimww:passage id="ww_d5399555ada2510a">
    <knoraXmlImport:label>passage label</knoraXmlImport:label>
    <p0826-teimww:occursIn>
      <p0826-teimww:book knoraType="link_value" linkType="ref" target="ww_2f9b1b0a9d86ff6d"/>
    </p0826-teimww:occursIn>
    <p0826-teimww:text knoraType="richtext_value">[Maybery:] Of what rank was she I beseech you.&lt;br&gt;
[Featherstone:] Upon your promise of secrecy.&lt;br&gt;
[Bellamont:] You shall close it up like treasure of your own, and &lt;span class="quote"&gt;yourself shall keep the key of it&lt;/span&gt;.</p0826-teimww:text>
  </p0826-teimww:passage>
  <p0826-teimww:passage id="ww_e6606f8843cdde84">
    <knoraXmlImport:label>passage label</knoraXmlImport:label>
    <p0826-teimww:occursIn>
      <p0826-teimww:book knoraType="link_value" linkType="ref" target="ww_1140c36ab545b6d8"/>
    </p0826-teimww:occursIn>
  </p0826-teimww:passage>
  <p0826-teimww:passage id="ww_1b1645f356c01ab3">
    <knoraXmlImport:label>passage label</knoraXmlImport:label>
    <p0826-teimww:occursIn>
      <p0826-teimww:book knoraType="link_value" linkType="ref" target="ww_2f65899f08b5bb71"/>
    </p0826-teimww:occursIn>
  </p0826-teimww:passage>
  <p0826-teimww:passage id="ww_835d0fbda9aa3718">
    <knoraXmlImport:label>passage label</knoraXmlImport:label>
    <p0826-teimww:occursIn>
      <p0826-teimww:book knoraType="link_value" linkType="ref" target="ww_a9ac3afc4eca7d49"/>
    </p0826-teimww:occursIn>
    <p0826-teimww:text knoraType="richtext_value">[Cordelia:] Alack, 'tis he! Why, he was met even now&lt;br&gt;
As mad as the vexed sea, singing aloud,&lt;br&gt;
Crowned with rank fumiter and furrow-weeds,&lt;br&gt;
With hardocks, hemlock, nettles, cuckooflowers,&lt;br&gt;
Darnel, and &lt;span class="quote"&gt;all the idle weeds &lt;/span&gt;that grow	&lt;br&gt;
In our sustaining corn. </p0826-teimww:text>
  </p0826-teimww:passage>
  <p0826-teimww:passage id="ww_f8ed6f9eda9db410">
    <knoraXmlImport:label>passage label</knoraXmlImport:label>
    <p0826-teimww:occursIn>
      <p0826-teimww:book knoraType="link_value" linkType="ref" target="ww_b3931845d54b98d5"/>
    </p0826-teimww:occursIn>
  </p0826-teimww:passage>
  <p0826-teimww:passage id="ww_176abc649cdcff52">
    <knoraXmlImport:label>passage label</knoraXmlImport:label>
    <p0826-teimww:occursIn>
      <p0826-teimww:book knoraType="link_value" linkType="ref" target="ww_7c3febaec4e5aacf"/>
    </p0826-teimww:occursIn>
    <p0826-teimww:text knoraType="richtext_value">&lt;span class="quote"&gt;Dialogue between Hamlet and the ghost&lt;/span&gt;</p0826-teimww:text>
  </p0826-teimww:passage>
  <p0826-teimww:passage id="ww_36c0939a2fd49b3c">
    <knoraXmlImport:label>passage label</knoraXmlImport:label>
    <p0826-teimww:occursIn>
      <p0826-teimww:book knoraType="link_value" linkType="ref" target="ww_1140c36ab545b6d8"/>
    </p0826-teimww:occursIn>
  </p0826-teimww:passage>
  <p0826-teimww:passage id="ww_06db4f7526e0c64a">
    <knoraXmlImport:label>passage label</knoraXmlImport:label>
    <p0826-teimww:occursIn>
      <p0826-teimww:book knoraType="link_value" linkType="ref" target="ww_c63e16da2763dd6d"/>
    </p0826-teimww:occursIn>
    <p0826-teimww:text knoraType="richtext_value">[Duchess:] Was't ever known stepduchess was so mild&lt;br&gt;
And calm as I? Some now would plot his death, &lt;br&gt;
With easy doctors, those loose-living men, &lt;br&gt;
And make His withered Grace fall to his grave&lt;br&gt;
And keep church better.&lt;br&gt;
Some second wife would do this, and dispatch &lt;br&gt;
Her double loathèd lord at meat and sleep.&lt;br&gt;
&lt;span class="quote"&gt;Indeed, 'tis true an old man's twice a childe,&lt;/span&gt; &lt;br&gt;
Mine cannot speak; one of his single words, &lt;br&gt;
Would quite have freed my youngest dearest son&lt;br&gt;
From death or durance, and have made him walk&lt;br&gt;
With a bold foote vpon the thorny law,&lt;br&gt;
Whose prickles should bow under him, but 'tis not, &lt;br&gt;
And therefore wedlock faith shall be forgot, &lt;br&gt;
I'll kill him in his forehead, hate there feed, &lt;br&gt;
That wound is deepest though it neuer bleed.</p0826-teimww:text>
  </p0826-teimww:passage>
  <p0826-teimww:passage id="ww_a954d9fabd57f581">
    <knoraXmlImport:label>passage label</knoraXmlImport:label>
    <p0826-teimww:occursIn>
      <p0826-teimww:book knoraType="link_value" linkType="ref" target="ww_3e15ab6c612eadae"/>
    </p0826-teimww:occursIn>
  </p0826-teimww:passage>
  <p0826-teimww:passage id="ww_be7e4f882b1afbc5">
    <knoraXmlImport:label>passage label</knoraXmlImport:label>
    <p0826-teimww:occursIn>
      <p0826-teimww:book knoraType="link_value" linkType="ref" target="ww_7c3febaec4e5aacf"/>
    </p0826-teimww:occursIn>
    <p0826-teimww:text knoraType="richtext_value">[Duke of Millain]: How old are you? &lt;br&gt;
[Lazarello]: &lt;span class="quote"&gt;Full eight and twenty &lt;/span&gt;several Almanacks&lt;br&gt; 
Hath been compiled, all for several years &lt;br&gt;
Since first I drew this breath; four apprenticeships &lt;br&gt;
Have I most truly served in this world: &lt;br&gt;
&lt;span class="quote"&gt;And eight and twenty times hath &lt;i&gt;Phoebus &lt;/i&gt;Cart&lt;br&gt; 
Run out his yearly course since - &lt;br&gt;&lt;/span&gt;
[Duke]: I understand you Sir. &lt;br&gt;
[Lucio]: How like an ignorant Poet he talks.</p0826-teimww:text>
  </p0826-teimww:passage>
  <p0826-teimww:passage id="ww_bcf889820a35ed19">
    <knoraXmlImport:label>passage label</knoraXmlImport:label>
    <p0826-teimww:occursIn>
      <p0826-teimww:book knoraType="link_value" linkType="ref" target="ww_91e0dc4c671938fa"/>
    </p0826-teimww:occursIn>
  </p0826-teimww:passage>
  <p0826-teimww:passage id="ww_8e1c2845aa3c3418">
    <knoraXmlImport:label>passage label</knoraXmlImport:label>
    <p0826-teimww:occursIn>
      <p0826-teimww:book knoraType="link_value" linkType="ref" target="ww_7c3febaec4e5aacf"/>
    </p0826-teimww:occursIn>
    <p0826-teimww:text knoraType="richtext_value">[Count]: I am glad to meet you here Sister.&lt;br&gt;
[Oriana]: I thank you good Brother: and if you doubt of the cause of my coming I can Satisfy you.&lt;br&gt;
[Count]:&lt;span class="quote"&gt; No faith, I dare trust thee, I do suspect thou art honest; for it is so rare a thing to be honest amongst you, that some one man in an age, may perhaps suspect some two women to be honest, but never believe it verily.&lt;/span&gt;</p0826-teimww:text>
  </p0826-teimww:passage>
  <p0826-teimww:passage id="ww_7efd16360e4b5851">
    <knoraXmlImport:label>passage label</knoraXmlImport:label>
    <p0826-teimww:occursIn>
      <p0826-teimww:book knoraType="link_value" linkType="ref" target="ww_91e0dc4c671938fa"/>
    </p0826-teimww:occursIn>
  </p0826-teimww:passage>
  <p0826-teimww:passage id="ww_af2f37f46fe68803">
    <knoraXmlImport:label>passage label</knoraXmlImport:label>
    <p0826-teimww:occursIn>
      <p0826-teimww:book knoraType="link_value" linkType="ref" target="ww_7114631e1c7c2d84"/>
    </p0826-teimww:occursIn>
    <p0826-teimww:text knoraType="richtext_value">[Lady Macbeth:] &lt;span class="quote"&gt;Here's the smell of the blood still. All the perfumes of Arabia will not sweeten this little hand. &lt;/span&gt;O, O, O!</p0826-teimww:text>
  </p0826-teimww:passage>
  <p0826-teimww:passage id="ww_a06203dbecbbe482">
    <knoraXmlImport:label>passage label</knoraXmlImport:label>
    <p0826-teimww:occursIn>
      <p0826-teimww:book knoraType="link_value" linkType="ref" target="ww_55bc1a3b04bf8a8d"/>
    </p0826-teimww:occursIn>
  </p0826-teimww:passage>
  <p0826-teimww:passage id="ww_5a0ce43e7046e6c7">
    <knoraXmlImport:label>passage label</knoraXmlImport:label>
    <p0826-teimww:occursIn>
      <p0826-teimww:book knoraType="link_value" linkType="ref" target="ww_bdee35cd9360b47f"/>
    </p0826-teimww:occursIn>
    <p0826-teimww:text knoraType="richtext_value">(Tactus, in a dark coloured Satin mantle over a pair of silk Baset, a Garland of Bays mixed with red and white Roses [...] etc.)&lt;br&gt;
[Mendacio:] Now chaste &lt;i&gt;Diana &lt;/i&gt;grant my nets to hold.&lt;br&gt;
[Tactus:] The blasting Child-hood of the cheerful &lt;span class="quote"&gt;morn&lt;/span&gt; &lt;br&gt;
Is almost grown a youth and &lt;span class="quote"&gt;over-climbs &lt;br&gt;
Yonder gilt Eastern hills&lt;/span&gt; [...].</p0826-teimww:text>
  </p0826-teimww:passage>
  <p0826-teimww:passage id="ww_a49ed840e16d8392">
    <knoraXmlImport:label>passage label</knoraXmlImport:label>
    <p0826-teimww:occursIn>
      <p0826-teimww:book knoraType="link_value" linkType="ref" target="ww_7114631e1c7c2d84"/>
    </p0826-teimww:occursIn>
    <p0826-teimww:text knoraType="richtext_value">[Macbeth:] &lt;span class="quote"&gt;The rest is labor &lt;/span&gt;which is not used for you. &lt;br&gt;
I'll be myself the harbinger and make joyful&lt;br&gt;
The hearing of my wife with your approach.</p0826-teimww:text>
  </p0826-teimww:passage>
  <p0826-teimww:passage id="ww_3d7d972230ea4512">
    <knoraXmlImport:label>passage label</knoraXmlImport:label>
    <p0826-teimww:occursIn>
      <p0826-teimww:book knoraType="link_value" linkType="ref" target="ww_b3931845d54b98d5"/>
    </p0826-teimww:occursIn>
  </p0826-teimww:passage>
  <p0826-teimww:passage id="ww_20f08b714a7531d0">
    <knoraXmlImport:label>passage label</knoraXmlImport:label>
    <p0826-teimww:occursIn>
      <p0826-teimww:book knoraType="link_value" linkType="ref" target="ww_7114631e1c7c2d84"/>
    </p0826-teimww:occursIn>
    <p0826-teimww:text knoraType="richtext_value">[Macbeth:] [...] &lt;span class="quote"&gt;Will all great Neptune's ocean wash this blood&lt;br&gt;
Clean from my hand? No, this my hand will rather&lt;br&gt;
The multitudinous seas incarnadine,&lt;br&gt;
Making the green one red.&lt;/span&gt;</p0826-teimww:text>
  </p0826-teimww:passage>
  <p0826-teimww:passage id="ww_98aa7861918d3bfe">
    <knoraXmlImport:label>passage label</knoraXmlImport:label>
    <p0826-teimww:occursIn>
      <p0826-teimww:book knoraType="link_value" linkType="ref" target="ww_b3931845d54b98d5"/>
    </p0826-teimww:occursIn>
  </p0826-teimww:passage>
  <p0826-teimww:passage id="ww_32aaf5cb209843ad">
    <knoraXmlImport:label>passage label</knoraXmlImport:label>
    <p0826-teimww:occursIn>
      <p0826-teimww:book knoraType="link_value" linkType="ref" target="ww_5eeeb3e78e8b0bc3"/>
    </p0826-teimww:occursIn>
  </p0826-teimww:passage>
  <p0826-teimww:passage id="ww_4a412a2b05b43167">
    <knoraXmlImport:label>passage label</knoraXmlImport:label>
    <p0826-teimww:occursIn>
      <p0826-teimww:book knoraType="link_value" linkType="ref" target="ww_5af91280461707f1"/>
    </p0826-teimww:occursIn>
  </p0826-teimww:passage>
  <p0826-teimww:passage id="ww_3e255311a160fc25">
    <knoraXmlImport:label>passage label</knoraXmlImport:label>
    <p0826-teimww:occursIn>
      <p0826-teimww:book knoraType="link_value" linkType="ref" target="ww_7c3febaec4e5aacf"/>
    </p0826-teimww:occursIn>
    <p0826-teimww:text knoraType="richtext_value">[Duke:] Weightier far:&lt;br&gt;
You are my friends and you shall have the cause: &lt;br&gt;
I&lt;span class="quote"&gt; break my sleeps &lt;/span&gt; thus soon to see a wench.</p0826-teimww:text>
  </p0826-teimww:passage>
  <p0826-teimww:passage id="ww_d62c4b38b1e3d2bc">
    <knoraXmlImport:label>passage label</knoraXmlImport:label>
    <p0826-teimww:occursIn>
      <p0826-teimww:book knoraType="link_value" linkType="ref" target="ww_d1faedb423154f39"/>
    </p0826-teimww:occursIn>
  </p0826-teimww:passage>
  <p0826-teimww:passage id="ww_0211055db3ef3ede">
    <knoraXmlImport:label>passage label</knoraXmlImport:label>
    <p0826-teimww:occursIn>
      <p0826-teimww:book knoraType="link_value" linkType="ref" target="ww_6129dfa4528ff009"/>
    </p0826-teimww:occursIn>
    <p0826-teimww:text knoraType="richtext_value">[Frip:] [...] &lt;span class="quote"&gt;here's none but friends &lt;/span&gt;[...].</p0826-teimww:text>
  </p0826-teimww:passage>
  <p0826-teimww:passage id="ww_f7a0ee3702c658de">
    <knoraXmlImport:label>passage label</knoraXmlImport:label>
    <p0826-teimww:occursIn>
      <p0826-teimww:book knoraType="link_value" linkType="ref" target="ww_65a8b466f961261c"/>
    </p0826-teimww:occursIn>
    <p0826-teimww:text knoraType="richtext_value">[Maria:] &lt;span class="quote"&gt;O that this flesh could&lt;/span&gt; like swift-moving thoughts &lt;span class="quote"&gt;transfer itself, &lt;br&gt;
From place to place, unseen and undissolved.&lt;/span&gt; 	</p0826-teimww:text>
  </p0826-teimww:passage>
  <p0826-teimww:passage id="ww_ab625d766c6cb8c7">
    <knoraXmlImport:label>passage label</knoraXmlImport:label>
    <p0826-teimww:occursIn>
      <p0826-teimww:book knoraType="link_value" linkType="ref" target="ww_81aaaefa494a8184"/>
    </p0826-teimww:occursIn>
  </p0826-teimww:passage>
  <p0826-teimww:passage id="ww_dbc11570090694b1">
    <knoraXmlImport:label>passage label</knoraXmlImport:label>
    <p0826-teimww:occursIn>
      <p0826-teimww:book knoraType="link_value" linkType="ref" target="ww_65a8b466f961261c"/>
    </p0826-teimww:occursIn>
    <p0826-teimww:text knoraType="richtext_value">[Glister:] What else, sir? I have &lt;span class="quote"&gt;reason.&lt;br&gt;&lt;/span&gt;
[Dryfat:] I know it well, &lt;span class="quote"&gt;I take you for no beast.&lt;/span&gt;</p0826-teimww:text>
  </p0826-teimww:passage>
  <p0826-teimww:passage id="ww_79dee1772ab11f88">
    <knoraXmlImport:label>passage label</knoraXmlImport:label>
    <p0826-teimww:occursIn>
      <p0826-teimww:book knoraType="link_value" linkType="ref" target="ww_67e1fbe9bd0f1b9d"/>
    </p0826-teimww:occursIn>
  </p0826-teimww:passage>
  <p0826-teimww:passage id="ww_08bbd15b64543eec">
    <knoraXmlImport:label>passage label</knoraXmlImport:label>
    <p0826-teimww:occursIn>
      <p0826-teimww:book knoraType="link_value" linkType="ref" target="ww_65a8b466f961261c"/>
    </p0826-teimww:occursIn>
    <p0826-teimww:text knoraType="richtext_value">[Gerardine:] This is &lt;span class="quote"&gt;the abstract of the spacious world.	&lt;/span&gt;</p0826-teimww:text>
  </p0826-teimww:passage>
  <p0826-teimww:passage id="ww_2c823fbb8429de75">
    <knoraXmlImport:label>passage label</knoraXmlImport:label>
    <p0826-teimww:occursIn>
      <p0826-teimww:book knoraType="link_value" linkType="ref" target="ww_b3931845d54b98d5"/>
    </p0826-teimww:occursIn>
  </p0826-teimww:passage>
  <p0826-teimww:passage id="ww_7263c644ac370f3a">
    <knoraXmlImport:label>passage label</knoraXmlImport:label>
    <p0826-teimww:occursIn>
      <p0826-teimww:book knoraType="link_value" linkType="ref" target="ww_65a8b466f961261c"/>
    </p0826-teimww:occursIn>
    <p0826-teimww:text knoraType="richtext_value">[Maria:] Go fetch my&lt;span class="quote"&gt; ladder of Ropes, &lt;/span&gt;Leander's come.</p0826-teimww:text>
  </p0826-teimww:passage>
  <p0826-teimww:passage id="ww_02f3d5cca53df04d">
    <knoraXmlImport:label>passage label</knoraXmlImport:label>
    <p0826-teimww:occursIn>
      <p0826-teimww:book knoraType="link_value" linkType="ref" target="ww_c1f1bfbc9b90a99e"/>
    </p0826-teimww:occursIn>
    <p0826-teimww:text knoraType="richtext_value">[Graccus:] Excellent, for now must he needs fall into the Constable's hands: and if he have any grace, t'will appear in his face, when he shall be carried through the street in a &lt;span class="quote"&gt;white sheet t'will be a good penance&lt;/span&gt; for his fault.</p0826-teimww:text>
  </p0826-teimww:passage>
  <p0826-teimww:passage id="ww_51f426f16e8885ca">
    <knoraXmlImport:label>passage label</knoraXmlImport:label>
    <p0826-teimww:occursIn>
      <p0826-teimww:book knoraType="link_value" linkType="ref" target="ww_e38a56a7efbf9723"/>
    </p0826-teimww:occursIn>
  </p0826-teimww:passage>
  <p0826-teimww:passage id="ww_c50ed5328e57d43a">
    <knoraXmlImport:label>passage label</knoraXmlImport:label>
    <p0826-teimww:occursIn>
      <p0826-teimww:book knoraType="link_value" linkType="ref" target="ww_65a8b466f961261c"/>
    </p0826-teimww:occursIn>
    <p0826-teimww:text knoraType="richtext_value">[Gudgin:] Ere long he will take up his station at a Stationers, where we shall see him&lt;span class="quote"&gt; do penance in a Sheet&lt;/span&gt; at least.</p0826-teimww:text>
  </p0826-teimww:passage>
  <p0826-teimww:passage id="ww_195b62b4248d46e3">
    <knoraXmlImport:label>passage label</knoraXmlImport:label>
    <p0826-teimww:occursIn>
      <p0826-teimww:book knoraType="link_value" linkType="ref" target="ww_4664b15bdb9400ec"/>
    </p0826-teimww:occursIn>
    <p0826-teimww:text knoraType="richtext_value">[Flamineo:] Let me see, it is more than time that I commit this divine pill to his hopeful working:&lt;span class="quote"&gt; least my staff be out of the rest when my adversary is in the carrier.&lt;/span&gt;</p0826-teimww:text>
  </p0826-teimww:passage>
  <p0826-teimww:passage id="ww_1a3e1e19b88e5421">
    <knoraXmlImport:label>passage label</knoraXmlImport:label>
    <p0826-teimww:occursIn>
      <p0826-teimww:book knoraType="link_value" linkType="ref" target="ww_e38a56a7efbf9723"/>
    </p0826-teimww:occursIn>
  </p0826-teimww:passage>
  <p0826-teimww:passage id="ww_be388b985af80f80">
    <knoraXmlImport:label>passage label</knoraXmlImport:label>
    <p0826-teimww:occursIn>
      <p0826-teimww:book knoraType="link_value" linkType="ref" target="ww_1bfa3812390e9c05"/>
    </p0826-teimww:occursIn>
    <p0826-teimww:text knoraType="richtext_value">[First Servingman:] […] &lt;span class="quote"&gt;Peace is […] a getter of more bastard children than war is a destroyer of men.&lt;/span&gt;</p0826-teimww:text>
  </p0826-teimww:passage>
  <p0826-teimww:passage id="ww_2b334134684ae8e9">
    <knoraXmlImport:label>passage label</knoraXmlImport:label>
    <p0826-teimww:occursIn>
      <p0826-teimww:book knoraType="link_value" linkType="ref" target="ww_1bfa3812390e9c05"/>
    </p0826-teimww:occursIn>
    <p0826-teimww:text knoraType="richtext_value">[Martius:] &lt;span class="quote"&gt;When drums and trumpets shall
I' th' field prove flatterers&lt;/span&gt; […].</p0826-teimww:text>
  </p0826-teimww:passage>
  <p0826-teimww:passage id="ww_1740095b035eb123">
    <knoraXmlImport:label>passage label</knoraXmlImport:label>
    <p0826-teimww:occursIn>
      <p0826-teimww:book knoraType="link_value" linkType="ref" target="ww_b862d16992c45442"/>
    </p0826-teimww:occursIn>
    <p0826-teimww:text knoraType="richtext_value">By these instances, and many more that might be alleged to this purpose, it is apparant, upon how weake and unstable grounds the &lt;i&gt;Case-divinity&lt;/i&gt; of the Popish Church standeth, and how &lt;span class="quote"&gt;indirect a course they take&lt;/span&gt;, for the resolution and &lt;span class="quote"&gt;direction of the troubled Conscience&lt;/span&gt;.</p0826-teimww:text>
  </p0826-teimww:passage>
  <p0826-teimww:passage id="ww_a37553eb89927756">
    <knoraXmlImport:label>passage label</knoraXmlImport:label>
    <p0826-teimww:occursIn>
      <p0826-teimww:book knoraType="link_value" linkType="ref" target="ww_c8f5dee9c32a4636"/>
    </p0826-teimww:occursIn>
  </p0826-teimww:passage>
  <p0826-teimww:passage id="ww_6c9d9194f9edefd0">
    <knoraXmlImport:label>passage label</knoraXmlImport:label>
    <p0826-teimww:occursIn>
      <p0826-teimww:book knoraType="link_value" linkType="ref" target="ww_d07c9febda3841a4"/>
    </p0826-teimww:occursIn>
    <p0826-teimww:text knoraType="richtext_value">[Sir Oliver:] God morrow &lt;span class="quote"&gt;Bride, fresh, fresh, as the month of May&lt;/span&gt; [...].</p0826-teimww:text>
  </p0826-teimww:passage>
  <p0826-teimww:passage id="ww_b97fe8cee2026ab5">
    <knoraXmlImport:label>passage label</knoraXmlImport:label>
    <p0826-teimww:occursIn>
      <p0826-teimww:book knoraType="link_value" linkType="ref" target="ww_e38a56a7efbf9723"/>
    </p0826-teimww:occursIn>
  </p0826-teimww:passage>
  <p0826-teimww:passage id="ww_abd1bdb1e9a3d3ad">
    <knoraXmlImport:label>passage label</knoraXmlImport:label>
    <p0826-teimww:occursIn>
      <p0826-teimww:book knoraType="link_value" linkType="ref" target="ww_d07c9febda3841a4"/>
    </p0826-teimww:occursIn>
    <p0826-teimww:text knoraType="richtext_value">[Adriana:] A pretty knave, in faith come home to night, &lt;br&gt;
Shalt have a posset and &lt;span class="quote"&gt;candied Eringoes&lt;/span&gt;, &lt;br&gt;
A bed if need be to, I love a life, </p0826-teimww:text>
  </p0826-teimww:passage>
  <p0826-teimww:passage id="ww_d5c21d4d43da6ed1">
    <knoraXmlImport:label>passage label</knoraXmlImport:label>
    <p0826-teimww:occursIn>
      <p0826-teimww:book knoraType="link_value" linkType="ref" target="ww_e38a56a7efbf9723"/>
    </p0826-teimww:occursIn>
  </p0826-teimww:passage>
  <p0826-teimww:passage id="ww_096a5d72d5fb0ab4">
    <knoraXmlImport:label>passage label</knoraXmlImport:label>
    <p0826-teimww:occursIn>
      <p0826-teimww:book knoraType="link_value" linkType="ref" target="ww_5603853ee308e6b5"/>
    </p0826-teimww:occursIn>
  </p0826-teimww:passage>
  <p0826-teimww:passage id="ww_d0c0474633b4b73e">
    <knoraXmlImport:label>passage label</knoraXmlImport:label>
    <p0826-teimww:occursIn>
      <p0826-teimww:book knoraType="link_value" linkType="ref" target="ww_d07c9febda3841a4"/>
    </p0826-teimww:occursIn>
    <p0826-teimww:text knoraType="richtext_value">[Frances:] You know sir,  &lt;br&gt;
I did enjoy a quiet country life, &lt;br&gt;
Spotless and free, till you corrupted me, &lt;br&gt; 
And brought me to the Court, I never knew, &lt;br&gt;
What sleeking, glazing, or what pressing meant, &lt;br&gt;
Till you preferred me to your Aunt the Lady, &lt;br&gt;
&lt;span class="quote"&gt;I knew no Ivory teeth, no caps of hair, &lt;br&gt;
No &lt;i&gt;Mercury&lt;/i&gt; water,&lt;/span&gt; &lt;i&gt;fucas&lt;/i&gt;, or perfumes, &lt;br&gt;
To helpe a Lady's breath, untill your Aunt, &lt;br&gt; 
Learnt me the common trick. </p0826-teimww:text>
  </p0826-teimww:passage>
  <p0826-teimww:passage id="ww_6a36b25b0b943e6f">
    <knoraXmlImport:label>passage label</knoraXmlImport:label>
    <p0826-teimww:occursIn>
      <p0826-teimww:book knoraType="link_value" linkType="ref" target="ww_d07c9febda3841a4"/>
    </p0826-teimww:occursIn>
    <p0826-teimww:text knoraType="richtext_value">[William Small-shanks:] [...] the widow and myself, &lt;br&gt;
Will &lt;span class="quote"&gt;scamble out the shaking of the sheets&lt;/span&gt;, &lt;br&gt;
Without your music, we have no need of fiddlers, &lt;br&gt;
To our dancing, foot have you no manners, &lt;br&gt;
Cannot a man take his natural rest.</p0826-teimww:text>
  </p0826-teimww:passage>
  <p0826-teimww:passage id="ww_038fddac784ac480">
    <knoraXmlImport:label>passage label</knoraXmlImport:label>
    <p0826-teimww:occursIn>
      <p0826-teimww:book knoraType="link_value" linkType="ref" target="ww_130444632fa8c6c9"/>
    </p0826-teimww:occursIn>
    <p0826-teimww:text knoraType="richtext_value">[A Tinker (with a cord):] &lt;span class="quote"&gt;'Tis bitter cold; &lt;/span&gt;a plague upon these Rogues, how wary they are grown? not a door open now, but double bard, not a window, but up with a case of wood like a spice box, and their locks unpickable, the very smiths that were half venturers, drink penitent single Ale, this is the Iron age, the Ballad sings of; well I shall meet with some of our loose Linen yet, good fellows must not starve; here's he shall show you God a mighty's dog bolts, if this hold. </p0826-teimww:text>
  </p0826-teimww:passage>
  <p0826-teimww:passage id="ww_278a956a1228ee69">
    <knoraXmlImport:label>passage label</knoraXmlImport:label>
    <p0826-teimww:occursIn>
      <p0826-teimww:book knoraType="link_value" linkType="ref" target="ww_130444632fa8c6c9"/>
    </p0826-teimww:occursIn>
    <p0826-teimww:text knoraType="richtext_value">[Justice:] &lt;span class="quote"&gt;There hangs a tale.&lt;/span&gt;</p0826-teimww:text>
  </p0826-teimww:passage>
  <p0826-teimww:passage id="ww_e1997c00b4ebcca6">
    <knoraXmlImport:label>passage label</knoraXmlImport:label>
    <p0826-teimww:occursIn>
      <p0826-teimww:book knoraType="link_value" linkType="ref" target="ww_3e15ab6c612eadae"/>
    </p0826-teimww:occursIn>
  </p0826-teimww:passage>
  <p0826-teimww:passage id="ww_add85a7a0205c7fb">
    <knoraXmlImport:label>passage label</knoraXmlImport:label>
    <p0826-teimww:occursIn>
      <p0826-teimww:book knoraType="link_value" linkType="ref" target="ww_90bb6791f9507246"/>
    </p0826-teimww:occursIn>
    <p0826-teimww:text knoraType="richtext_value">[Widow:] Nay prithee tell the cause, come &lt;span class="quote"&gt;here's none but friends.&lt;/span&gt;</p0826-teimww:text>
  </p0826-teimww:passage>
  <p0826-teimww:passage id="ww_b892375a5626e5c3">
    <knoraXmlImport:label>passage label</knoraXmlImport:label>
    <p0826-teimww:occursIn>
      <p0826-teimww:book knoraType="link_value" linkType="ref" target="ww_56e2bc4eb5abe25b"/>
    </p0826-teimww:occursIn>
    <p0826-teimww:text knoraType="richtext_value">He's gone! That lightning that a while doth strike&lt;br&gt;
Our eyes with amaz'd greatness, and on a sudden&lt;br&gt;
Leaves us in prison'd darkness.</p0826-teimww:text>
  </p0826-teimww:passage>
  <p0826-teimww:passage id="ww_427376e408610af7">
    <knoraXmlImport:label>passage label</knoraXmlImport:label>
    <p0826-teimww:occursIn>
      <p0826-teimww:book knoraType="link_value" linkType="ref" target="ww_90bb6791f9507246"/>
    </p0826-teimww:occursIn>
    <p0826-teimww:text knoraType="richtext_value">[Subtle:] She's a rare wife believe it, Sir, were all such,&lt;br&gt;
We never should have false inheritors.&lt;br&gt;
[Husband:] Pish friend, &lt;span class="quote"&gt;there is not woman in the world&lt;br&gt;
Can hold out in the end, &lt;/span&gt;if youth, shape, wit,&lt;br&gt;
Met in one subject, do assault her aptly [...].</p0826-teimww:text>
  </p0826-teimww:passage>
  <p0826-teimww:passage id="ww_4218c911260d6cb5">
    <knoraXmlImport:label>passage label</knoraXmlImport:label>
    <p0826-teimww:occursIn>
      <p0826-teimww:book knoraType="link_value" linkType="ref" target="ww_90bb6791f9507246"/>
    </p0826-teimww:occursIn>
    <p0826-teimww:text knoraType="richtext_value">[Husband:] [...] &lt;span class="quote"&gt;you must woo discretely; first observe&lt;br&gt;
The disposition of her you attempt,&lt;br&gt;
If she be sprightly and heroical,&lt;br&gt;
Possess her that you are valiant, and have spirit,&lt;br&gt;
Talk nothing but of beating every man&lt;br&gt;
That is your hindrance, though you do not do it,&lt;br&gt;
Or dare not, 'tis no matter.&lt;/span&gt;</p0826-teimww:text>
  </p0826-teimww:passage>
  <p0826-teimww:passage id="ww_6eef953d0d8177aa">
    <knoraXmlImport:label>passage label</knoraXmlImport:label>
    <p0826-teimww:occursIn>
      <p0826-teimww:book knoraType="link_value" linkType="ref" target="ww_1e80f9a92e3a09cc"/>
    </p0826-teimww:occursIn>
    <p0826-teimww:text knoraType="richtext_value">[Truewit:] 'Tis true. No more then all birds, or all fishes. If you appear learned to an ignorant wench, or jocund to a sad, or witty to a foolish, why she presently begins to mistrust herself. &lt;span class="quote"&gt;You must approach them i'their own height, their own line: for the contrary makes many that fear to commit themselves to noble and worthy fellows, run into the embraces of a rascal. If she love wit, give verses, though you borrow 'em of a friend, or buy 'em, to have good. If valour, talk of your sword, and be frequent in the mention of quarrels, though you be staunch in fighting. If activity, be seen o' your barbary often, or leaping over stools, for the credit of your back. If she love good clothes or dressing, have your learned counsel about you every morning, your French taylor, barber, linnener et cetera. Let your powder, your glass, and your comb be your dearest acquaintance.&lt;/span&gt; Take more care for the ornament of your head than the safety: and wish the common-wealth rather troubled, than a hair about you. That will take her. Then if she be covetous and craving, do you promise anything, and perform sparingly: so shall you keep her in appetite still. Seem as you would give, but be like a barren field that yields little, or unlucky dice to foolish and hoping gamesters. Let your gifts be slight and dainty, rather then precious. Let cunning be above cost. Give cherries at time of yeare, or apricots; and say they were sent you out o' the country, though you bought 'em in Cheapside . Admire her tears; like her in all fashions; compare her in every habit to some deity; invent excellent dreams to flatter her, and riddles, or, if she bee a great one, performe always the second parts to her: like what she likes, praise whom she praises, and fail not to make the household and servants yours, yea the whole family, and salute 'em by their names: ('tis but light cost if you can purchase 'em so) and make her physician your pensioner, and her chief woman. Nor will it be out of your gain to make love to her too, so she follow, not usher, her ladies' pleasure. All blabbing is taken away, when she comes to be a part of the crime.</p0826-teimww:text>
  </p0826-teimww:passage>
  <p0826-teimww:passage id="ww_e4b4b93c89540433">
    <knoraXmlImport:label>passage label</knoraXmlImport:label>
    <p0826-teimww:occursIn>
      <p0826-teimww:book knoraType="link_value" linkType="ref" target="ww_78616e66e6b9adab"/>
    </p0826-teimww:occursIn>
    <p0826-teimww:text knoraType="richtext_value">[Roger:] Have patience Sir, untill our fellow Nicholas be deceased, that is, asleep: for so the word is taken; &lt;span class="quote"&gt;to sleep to die, to die to sleep&lt;/span&gt;: a very Figure Sir.&lt;br&gt;
[Welford:] Cannot you cast another for the Gentlewoman?&lt;br&gt;
[Roger:] Not till the man be in his bed, his grave; his grave his bed; the very same again Sir.</p0826-teimww:text>
  </p0826-teimww:passage>
  <p0826-teimww:passage id="ww_81218f64e0b27b67">
    <knoraXmlImport:label>passage label</knoraXmlImport:label>
    <p0826-teimww:occursIn>
      <p0826-teimww:book knoraType="link_value" linkType="ref" target="ww_91e0dc4c671938fa"/>
    </p0826-teimww:occursIn>
  </p0826-teimww:passage>
  <p0826-teimww:passage id="ww_8f15274fb9a2e6fc">
    <knoraXmlImport:label>passage label</knoraXmlImport:label>
    <p0826-teimww:occursIn>
      <p0826-teimww:book knoraType="link_value" linkType="ref" target="ww_1140c36ab545b6d8"/>
    </p0826-teimww:occursIn>
  </p0826-teimww:passage>
  <p0826-teimww:passage id="ww_6467c8e2e312d90f">
    <knoraXmlImport:label>passage label</knoraXmlImport:label>
    <p0826-teimww:occursIn>
      <p0826-teimww:book knoraType="link_value" linkType="ref" target="ww_90bb6791f9507246"/>
    </p0826-teimww:occursIn>
    <p0826-teimww:text knoraType="richtext_value">[Drawer:] [...] I have been at &lt;i&gt;Bess Turnup's&lt;/i&gt; and she swears all the Gentlewomen went to see a Play &lt;span class="quote"&gt;at the Fortune, &lt;/span&gt;and are not come in yet, and she believes they sup with Players.&lt;br&gt;
[Tear-Chops:] Damn me, we must kill all those rogues, we shall never &lt;span class="quote"&gt;keep a whore honest &lt;/span&gt;for them.</p0826-teimww:text>
  </p0826-teimww:passage>
  <p0826-teimww:passage id="ww_76d4a4ac022f6484">
    <knoraXmlImport:label>passage label</knoraXmlImport:label>
    <p0826-teimww:occursIn>
      <p0826-teimww:book knoraType="link_value" linkType="ref" target="ww_df2b8c2f18df151a"/>
    </p0826-teimww:occursIn>
  </p0826-teimww:passage>
  <p0826-teimww:passage id="ww_8bf4236db1e731db">
    <knoraXmlImport:label>passage label</knoraXmlImport:label>
    <p0826-teimww:occursIn>
      <p0826-teimww:book knoraType="link_value" linkType="ref" target="ww_2d0eea6c7b8afc36"/>
    </p0826-teimww:occursIn>
    <p0826-teimww:text knoraType="richtext_value">[D'Amville:] With an amazement behold thine error and &lt;span class="quote"&gt;be planet struck.&lt;/span&gt;</p0826-teimww:text>
  </p0826-teimww:passage>
  <p0826-teimww:passage id="ww_f871ca174e4355a3">
    <knoraXmlImport:label>passage label</knoraXmlImport:label>
    <p0826-teimww:occursIn>
      <p0826-teimww:book knoraType="link_value" linkType="ref" target="ww_56e2bc4eb5abe25b"/>
    </p0826-teimww:occursIn>
    <p0826-teimww:text knoraType="richtext_value">[Isabella:] Here is a man of a most mild aspect,&lt;br&gt;
Temperate, effeminate, and worthy love,&lt;br&gt;
One that with burning ardor hath pursued me:&lt;br&gt;
A donative he hath of every God;&lt;br&gt;
&lt;i&gt;Apollo &lt;/i&gt;gave him locks, &lt;span class="quote"&gt;&lt;i&gt;Jove &lt;/i&gt;his high front,&lt;br&gt;&lt;/span&gt;
The God of Eloquence his flowing speech,&lt;br&gt;
The feminine Deities strewed all their bounties&lt;br&gt;
And beauty on his face: that eye was &lt;i&gt;Juno's&lt;/i&gt;,&lt;br&gt;
Those lips were his that won the golden Ball,&lt;br&gt;
That virgin-blush &lt;i&gt;Diana's: &lt;/i&gt;here they meet,&lt;br&gt;
As in a sacred Synod.</p0826-teimww:text>
  </p0826-teimww:passage>
  <p0826-teimww:passage id="ww_aed36fb6f3ce6e39">
    <knoraXmlImport:label>passage label</knoraXmlImport:label>
    <p0826-teimww:occursIn>
      <p0826-teimww:book knoraType="link_value" linkType="ref" target="ww_91e0dc4c671938fa"/>
    </p0826-teimww:occursIn>
  </p0826-teimww:passage>
  <p0826-teimww:passage id="ww_18d32bfa5ca3c34c">
    <knoraXmlImport:label>passage label</knoraXmlImport:label>
    <p0826-teimww:occursIn>
      <p0826-teimww:book knoraType="link_value" linkType="ref" target="ww_1140c36ab545b6d8"/>
    </p0826-teimww:occursIn>
  </p0826-teimww:passage>
  <p0826-teimww:passage id="ww_6f392d7b9ecacfb3">
    <knoraXmlImport:label>passage label</knoraXmlImport:label>
    <p0826-teimww:occursIn>
      <p0826-teimww:book knoraType="link_value" linkType="ref" target="ww_0103dc75cd6d8928"/>
    </p0826-teimww:occursIn>
    <p0826-teimww:text knoraType="richtext_value">[Jailer:] &lt;span class="quote"&gt;A heavy reckoning &lt;/span&gt;for you, sir. But the comfort is, you shall be called to no more payments, fear no more tavern bills, which are often the sadness of parting as the procuring of mirth. You come in faint for want of meat, depart reeling with too much drink; sorry that you have paid too much, and sorry that you are paid too much; &lt;span class="quote"&gt;purse and brain both empty; the brain the heavier for being too light; the purse too light, being drawn of heaviness.&lt;/span&gt;</p0826-teimww:text>
  </p0826-teimww:passage>
  <p0826-teimww:passage id="ww_1aba6097cd43033e">
    <knoraXmlImport:label>passage label</knoraXmlImport:label>
    <p0826-teimww:occursIn>
      <p0826-teimww:book knoraType="link_value" linkType="ref" target="ww_78616e66e6b9adab"/>
    </p0826-teimww:occursIn>
    <p0826-teimww:text knoraType="richtext_value">[Savill, the Steward:] Now must I hang myself, my friends will look for't.&lt;br&gt;
Eating and sleeping, I do despise you both now:&lt;br&gt;
I will run mad first, and if that get not pity,&lt;br&gt;
&lt;span class="quote"&gt;I'll drown myself, to a most dismal ditty.&lt;/span&gt;</p0826-teimww:text>
  </p0826-teimww:passage>
  <p0826-teimww:passage id="ww_c8fba7f21d5f9e98">
    <knoraXmlImport:label>passage label</knoraXmlImport:label>
    <p0826-teimww:occursIn>
      <p0826-teimww:book knoraType="link_value" linkType="ref" target="ww_2f65899f08b5bb71"/>
    </p0826-teimww:occursIn>
  </p0826-teimww:passage>
  <p0826-teimww:passage id="ww_d0a620bbe7044b59">
    <knoraXmlImport:label>passage label</knoraXmlImport:label>
    <p0826-teimww:occursIn>
      <p0826-teimww:book knoraType="link_value" linkType="ref" target="ww_56e2bc4eb5abe25b"/>
    </p0826-teimww:occursIn>
    <p0826-teimww:text knoraType="richtext_value">[Isabella:] &lt;span class ="quote"&gt;Good my Lord, be my expositer &lt;/span&gt;[...]. </p0826-teimww:text>
  </p0826-teimww:passage>
  <p0826-teimww:passage id="ww_855a9f87b2285c23">
    <knoraXmlImport:label>passage label</knoraXmlImport:label>
    <p0826-teimww:occursIn>
      <p0826-teimww:book knoraType="link_value" linkType="ref" target="ww_e38a56a7efbf9723"/>
    </p0826-teimww:occursIn>
  </p0826-teimww:passage>
  <p0826-teimww:passage id="ww_9418cade1f55f660">
    <knoraXmlImport:label>passage label</knoraXmlImport:label>
    <p0826-teimww:occursIn>
      <p0826-teimww:book knoraType="link_value" linkType="ref" target="ww_56e2bc4eb5abe25b"/>
    </p0826-teimww:occursIn>
    <p0826-teimww:text knoraType="richtext_value">[Roberto:] See how &lt;span class="quote"&gt;yond Star like beauty in a cloud, &lt;br&gt;
Illumines darkness&lt;/span&gt;, and beguiles the Moon &lt;br&gt;
Of all her glory in the firmament.</p0826-teimww:text>
  </p0826-teimww:passage>
  <p0826-teimww:passage id="ww_ce3a7f7631dce03a">
    <knoraXmlImport:label>passage label</knoraXmlImport:label>
    <p0826-teimww:occursIn>
      <p0826-teimww:book knoraType="link_value" linkType="ref" target="ww_56e2bc4eb5abe25b"/>
    </p0826-teimww:occursIn>
    <p0826-teimww:text knoraType="richtext_value">Roberto: I ne'er was so kissed, leave thus to please, &lt;br&gt;
&lt;span class="quote"&gt;Flames into flames, seas thou pour'st into seas.&lt;/span&gt;</p0826-teimww:text>
  </p0826-teimww:passage>
  <p0826-teimww:passage id="ww_402483e3fdb86403">
    <knoraXmlImport:label>passage label</knoraXmlImport:label>
    <p0826-teimww:occursIn>
      <p0826-teimww:book knoraType="link_value" linkType="ref" target="ww_56e2bc4eb5abe25b"/>
    </p0826-teimww:occursIn>
    <p0826-teimww:text knoraType="richtext_value">[Mendosa:] Or what say you to a fine scaling &lt;span class="quote"&gt;Ladder of ropes?&lt;/span&gt;</p0826-teimww:text>
  </p0826-teimww:passage>
  <p0826-teimww:passage id="ww_5511f96f7759d26b">
    <knoraXmlImport:label>passage label</knoraXmlImport:label>
    <p0826-teimww:occursIn>
      <p0826-teimww:book knoraType="link_value" linkType="ref" target="ww_56e2bc4eb5abe25b"/>
    </p0826-teimww:occursIn>
    <p0826-teimww:text knoraType="richtext_value">[Mendosa:] Yet she a &lt;span class="quote"&gt;fresh Bride as the month of May.&lt;/span&gt;</p0826-teimww:text>
  </p0826-teimww:passage>
  <p0826-teimww:passage id="ww_45025836c3f71d88">
    <knoraXmlImport:label>passage label</knoraXmlImport:label>
    <p0826-teimww:occursIn>
      <p0826-teimww:book knoraType="link_value" linkType="ref" target="ww_56e2bc4eb5abe25b"/>
    </p0826-teimww:occursIn>
    <p0826-teimww:text knoraType="richtext_value">[Roberto:] &lt;span class="quote"&gt;Angels of grace, &lt;/span&gt;Amen, Amen, say to't.</p0826-teimww:text>
  </p0826-teimww:passage>
  <p0826-teimww:passage id="ww_63d4056cdc5a4155">
    <knoraXmlImport:label>passage label</knoraXmlImport:label>
    <p0826-teimww:occursIn>
      <p0826-teimww:book knoraType="link_value" linkType="ref" target="ww_2d0eea6c7b8afc36"/>
    </p0826-teimww:occursIn>
    <p0826-teimww:text knoraType="richtext_value">[Levidulcia:] [...] &lt;span class="quote"&gt;The sea wants water enough to wash away &lt;/span&gt;[...] &lt;br&gt;
The foulness of my name.</p0826-teimww:text>
  </p0826-teimww:passage>
  <p0826-teimww:passage id="ww_09ff688afef39dc2">
    <knoraXmlImport:label>passage label</knoraXmlImport:label>
    <p0826-teimww:occursIn>
      <p0826-teimww:book knoraType="link_value" linkType="ref" target="ww_56e2bc4eb5abe25b"/>
    </p0826-teimww:occursIn>
    <p0826-teimww:text knoraType="richtext_value">[Claridiana:] &lt;span class="quote"&gt;Candied Eringoes&lt;/span&gt;, I beseech thee.</p0826-teimww:text>
  </p0826-teimww:passage>
  <p0826-teimww:passage id="ww_f717c50ebaf59e08">
    <knoraXmlImport:label>passage label</knoraXmlImport:label>
    <p0826-teimww:occursIn>
      <p0826-teimww:book knoraType="link_value" linkType="ref" target="ww_56e2bc4eb5abe25b"/>
    </p0826-teimww:occursIn>
    <p0826-teimww:text knoraType="richtext_value">[Abigail:] Thais; you're an early riser. I have that to show will make &lt;span class="quote"&gt;your hair stand an-end&lt;/span&gt;.</p0826-teimww:text>
  </p0826-teimww:passage>
  <p0826-teimww:passage id="ww_e3c2f1799c28f7e5">
    <knoraXmlImport:label>passage label</knoraXmlImport:label>
    <p0826-teimww:occursIn>
      <p0826-teimww:book knoraType="link_value" linkType="ref" target="ww_e38a56a7efbf9723"/>
    </p0826-teimww:occursIn>
  </p0826-teimww:passage>
  <p0826-teimww:passage id="ww_d17aeaacd6e6143c">
    <knoraXmlImport:label>passage label</knoraXmlImport:label>
    <p0826-teimww:occursIn>
      <p0826-teimww:book knoraType="link_value" linkType="ref" target="ww_56e2bc4eb5abe25b"/>
    </p0826-teimww:occursIn>
    <p0826-teimww:text knoraType="richtext_value">[Don Sago:] &lt;span class="quote"&gt;Although Neptolis cold, the waves of all the northern sea,&lt;br&gt;
Should flow forever, through these guilty hands,&lt;br&gt;
Yet the sanguinolent stain would extant be.&lt;/span&gt;</p0826-teimww:text>
  </p0826-teimww:passage>
  <p0826-teimww:passage id="ww_74e52ccf971432d7">
    <knoraXmlImport:label>passage label</knoraXmlImport:label>
    <p0826-teimww:occursIn>
      <p0826-teimww:book knoraType="link_value" linkType="ref" target="ww_5af91280461707f1"/>
    </p0826-teimww:occursIn>
  </p0826-teimww:passage>
  <p0826-teimww:passage id="ww_49af057984dd24e4">
    <knoraXmlImport:label>passage label</knoraXmlImport:label>
    <p0826-teimww:occursIn>
      <p0826-teimww:book knoraType="link_value" linkType="ref" target="ww_56e2bc4eb5abe25b"/>
    </p0826-teimww:occursIn>
    <p0826-teimww:text knoraType="richtext_value">[Abigail:] [...] here's a &lt;span class="quote"&gt;white sheet, that your husband has promised me to do penance&lt;/span&gt; in: you must not think to &lt;span class="quote"&gt;dance the shaking of the sheets&lt;/span&gt; alone [...]</p0826-teimww:text>
  </p0826-teimww:passage>
  <p0826-teimww:passage id="ww_dcbfe3b7eed700db">
    <knoraXmlImport:label>passage label</knoraXmlImport:label>
    <p0826-teimww:occursIn>
      <p0826-teimww:book knoraType="link_value" linkType="ref" target="ww_56e2bc4eb5abe25b"/>
    </p0826-teimww:occursIn>
    <p0826-teimww:text knoraType="richtext_value">&lt;span class="quote"&gt;Even as a head-strong courser bears away, &lt;br&gt;
His rider vainly striving him to stay. &lt;br&gt;
Or as a sudden gale thrusts into sea, &lt;br&gt;
The heaven-touching bark now near the lea. &lt;br&gt;
So wavering Cupid brings me back amain, &lt;br&gt;
And purple love resumes his darts again.&lt;br&gt;
Here of themselves thy shafts come, as if shot;  &lt;br&gt;
Better then I their quiver knows them not. &lt;/span&gt;</p0826-teimww:text>
  </p0826-teimww:passage>
  <p0826-teimww:passage id="ww_91b93a3b5e188dd3">
    <knoraXmlImport:label>passage label</knoraXmlImport:label>
    <p0826-teimww:occursIn>
      <p0826-teimww:book knoraType="link_value" linkType="ref" target="ww_56e2bc4eb5abe25b"/>
    </p0826-teimww:occursIn>
    <p0826-teimww:text knoraType="richtext_value">[Claridiana:] &lt;span class="quote"&gt;The staff is now advancing for the rest, &lt;br&gt;
and when I tilt; Rogero aware thy crest.&lt;/span&gt;</p0826-teimww:text>
  </p0826-teimww:passage>
  <p0826-teimww:passage id="ww_3006ceaa5459041a">
    <knoraXmlImport:label>passage label</knoraXmlImport:label>
    <p0826-teimww:occursIn>
      <p0826-teimww:book knoraType="link_value" linkType="ref" target="ww_c94b6adc809cb229"/>
    </p0826-teimww:occursIn>
    <p0826-teimww:text knoraType="richtext_value">&lt;span class="quote"&gt;A Christian turn'd Turke&lt;/span&gt;</p0826-teimww:text>
  </p0826-teimww:passage>
  <p0826-teimww:passage id="ww_b8efb8a067d50756">
    <knoraXmlImport:label>passage label</knoraXmlImport:label>
    <p0826-teimww:occursIn>
      <p0826-teimww:book knoraType="link_value" linkType="ref" target="ww_3e15ab6c612eadae"/>
    </p0826-teimww:occursIn>
  </p0826-teimww:passage>
  <p0826-teimww:passage id="ww_a06aacc2f0f96095">
    <knoraXmlImport:label>passage label</knoraXmlImport:label>
    <p0826-teimww:occursIn>
      <p0826-teimww:book knoraType="link_value" linkType="ref" target="ww_580eeaca92b9d6d8"/>
    </p0826-teimww:occursIn>
    <p0826-teimww:text knoraType="richtext_value">&lt;span class="quote"&gt;O love too sweet, in the digestion sour.&lt;/span&gt;</p0826-teimww:text>
  </p0826-teimww:passage>
  <p0826-teimww:passage id="ww_4ddab933d6fa9e5f">
    <knoraXmlImport:label>passage label</knoraXmlImport:label>
    <p0826-teimww:occursIn>
      <p0826-teimww:book knoraType="link_value" linkType="ref" target="ww_1346944d637cbc76"/>
    </p0826-teimww:occursIn>
  </p0826-teimww:passage>
  <p0826-teimww:passage id="ww_e7bac74a16811d67">
    <knoraXmlImport:label>passage label</knoraXmlImport:label>
    <p0826-teimww:occursIn>
      <p0826-teimww:book knoraType="link_value" linkType="ref" target="ww_10467667a0394967"/>
    </p0826-teimww:occursIn>
    <p0826-teimww:text knoraType="richtext_value">&lt;span class="quote"&gt;(He exits, pursued by a bear.)&lt;/span&gt;</p0826-teimww:text>
  </p0826-teimww:passage>
  <p0826-teimww:passage id="ww_2766d66e0f48fee5">
    <knoraXmlImport:label>passage label</knoraXmlImport:label>
    <p0826-teimww:occursIn>
      <p0826-teimww:book knoraType="link_value" linkType="ref" target="ww_b908ae26c4f3afcf"/>
    </p0826-teimww:occursIn>
  </p0826-teimww:passage>
  <p0826-teimww:passage id="ww_13968e7dbc546138">
    <knoraXmlImport:label>passage label</knoraXmlImport:label>
    <p0826-teimww:occursIn>
      <p0826-teimww:book knoraType="link_value" linkType="ref" target="ww_51a308c9b1ba699d"/>
    </p0826-teimww:occursIn>
    <p0826-teimww:text knoraType="richtext_value">[Francisco:] As in cold countries husbandmen plant&lt;span class="quote"&gt; vines, &lt;br&gt;
And with warm blood manure them, even so &lt;br&gt;
One summer she will bear unsavoury fruit&lt;/span&gt;</p0826-teimww:text>
  </p0826-teimww:passage>
  <p0826-teimww:passage id="ww_5e0aaa2f6d1e4ede">
    <knoraXmlImport:label>passage label</knoraXmlImport:label>
    <p0826-teimww:occursIn>
      <p0826-teimww:book knoraType="link_value" linkType="ref" target="ww_51a308c9b1ba699d"/>
    </p0826-teimww:occursIn>
    <p0826-teimww:text knoraType="richtext_value">[The Moore:] Look you; who are yonder. &lt;br&gt;
[Cornelia:] &lt;span class="quote"&gt;O reach me the flowers&lt;/span&gt;. &lt;br&gt;
[The Moore:] &lt;span class="quote"&gt;Her Ladyships foolish&lt;/span&gt;. &lt;br&gt;
[Woman:] Alas! her grief &lt;br&gt;
Hath turn'd her child again. &lt;br&gt;
[Cornelia:] You're very welcome. &lt;br&gt;
&lt;span class="quote"&gt;There's Rosemary for you, and Rue for you&lt;/span&gt;, (to Flamineo). &lt;br&gt;
Hearts-ease for you. I pray make much of it. &lt;br&gt;
I have left more for myself. [...] &lt;br&gt;
Call for the Robin-Red-brest and the wren, &lt;br&gt;
Since o'er shady groves they hover, (Cornelia doth this in several forms of distraction)&lt;br&gt;
And with leaves and flowers do cover &lt;br&gt;
&lt;span class="quote"&gt;The friendless bodies of unburied men. &lt;br&gt;
Call unto his funeral Dole &lt;br&gt;&lt;/span&gt;
The Ant, the field-mouse, and the mole &lt;br&gt;
To rear him hillocks, that shall keep him warm, &lt;br&gt;
And (when gay tombs are rob'd) sustain no harm, &lt;br&gt;
But keep the wolf far thence: that's foe to men, &lt;br&gt;
For with his nails he'll dig them up again. &lt;br&gt;
They would not bury him 'cause he died in a quarrel &lt;br&gt;
But I have an answer for them. &lt;br&gt;
Let holy Church receive him duly &lt;br&gt;
Since he payed the Church tithes truly. &lt;br&gt;
His wealth is sum'd, and this is all his store: &lt;br&gt;
This poor men get; and great men get no more. &lt;br&gt;
Now the wares are gone, we may shut up shop. &lt;br&gt;
&lt;span class="quote"&gt;Bless you all good people.&lt;/span&gt;</p0826-teimww:text>
  </p0826-teimww:passage>
  <p0826-teimww:passage id="ww_0219d9d01429de9e">
    <knoraXmlImport:label>passage label</knoraXmlImport:label>
    <p0826-teimww:occursIn>
      <p0826-teimww:book knoraType="link_value" linkType="ref" target="ww_91e0dc4c671938fa"/>
    </p0826-teimww:occursIn>
  </p0826-teimww:passage>
  <p0826-teimww:passage id="ww_290632db81014135">
    <knoraXmlImport:label>passage label</knoraXmlImport:label>
    <p0826-teimww:occursIn>
      <p0826-teimww:book knoraType="link_value" linkType="ref" target="ww_51a308c9b1ba699d"/>
    </p0826-teimww:occursIn>
    <p0826-teimww:text knoraType="richtext_value">[Flamineo:] Or cuckolds, for your cuckold is your most terrible tickler of lechery. &lt;span class="quote"&gt;Whore-masters would serve, for none are judges at tilting, but those that have been old Tilters&lt;/span&gt;.
&lt;br&gt;
&lt;br&gt;
[Lawer:] Oh, my sprightly Frenchman. do you know him? He's an admirable Tilter.&lt;br&gt;

[Flamineo:] &lt;span class="quote"&gt;I saw him at last Tilting, he showed like a pewter candlestick fashioned like a man in armour, holding a Tilting staff in his hand, little bigger than a candle of twelve i'th pound&lt;/span&gt;.</p0826-teimww:text>
  </p0826-teimww:passage>
  <p0826-teimww:passage id="ww_4b11f6077709f58d">
    <knoraXmlImport:label>passage label</knoraXmlImport:label>
    <p0826-teimww:occursIn>
      <p0826-teimww:book knoraType="link_value" linkType="ref" target="ww_83f40524c281e8de"/>
    </p0826-teimww:occursIn>
    <p0826-teimww:text knoraType="richtext_value">[Dorothea:] [...] she had more &lt;br&gt;
need of Mace-ale, and &lt;span class="quote"&gt;Rhenish-wine &lt;/span&gt;Candles, heaven knows, &lt;br&gt;
than your aged discipline. </p0826-teimww:text>
  </p0826-teimww:passage>
  <p0826-teimww:passage id="ww_2ea92e94cd0eacfc">
    <knoraXmlImport:label>passage label</knoraXmlImport:label>
    <p0826-teimww:occursIn>
      <p0826-teimww:book knoraType="link_value" linkType="ref" target="ww_3e15ab6c612eadae"/>
    </p0826-teimww:occursIn>
  </p0826-teimww:passage>
  <p0826-teimww:passage id="ww_6272897065d80fcd">
    <knoraXmlImport:label>passage label</knoraXmlImport:label>
    <p0826-teimww:occursIn>
      <p0826-teimww:book knoraType="link_value" linkType="ref" target="ww_83f40524c281e8de"/>
    </p0826-teimww:occursIn>
    <p0826-teimww:text knoraType="richtext_value">[Dorigen:] Perish, &lt;i&gt;Martius&lt;/i&gt;, then; &lt;br&gt;
for &lt;span class="quote"&gt;I here vow unto the gods, These rocks, &lt;br&gt; 
these rocks we see so fix'd, shall be removed, &lt;br&gt;
made champion field, ere I so impious prove, &lt;br&gt;
to stain my Lord's bed with adulterous love.&lt;/span&gt; &lt;br&gt;
[...] &lt;br&gt;
[Martius:] These peasants mock me sure, Valerius, &lt;br&gt;
forgive my dotage, see my ashes urn'd, and tell fair Dorigen&lt;br&gt;
(she that but now left me with &lt;span class="quote"&gt;this harsh vow, &lt;br&gt;
Sooner these rocks should be remov'd, than she would yield) that I&lt;br&gt; 
was yet so loving, on her gift to die. </p0826-teimww:text>
  </p0826-teimww:passage>
  <p0826-teimww:passage id="ww_2e505c4a27a5d83e">
    <knoraXmlImport:label>passage label</knoraXmlImport:label>
    <p0826-teimww:occursIn>
      <p0826-teimww:book knoraType="link_value" linkType="ref" target="ww_384598056518c080"/>
    </p0826-teimww:occursIn>
    <p0826-teimww:text knoraType="richtext_value">[Arcite:] [...] And a broad beech - &lt;span class="quote"&gt;and thereby hangs a tale.&lt;/span&gt; Heigh ho!</p0826-teimww:text>
  </p0826-teimww:passage>
  <p0826-teimww:passage id="ww_34cfb0b77f80ae09">
    <knoraXmlImport:label>passage label</knoraXmlImport:label>
    <p0826-teimww:occursIn>
      <p0826-teimww:book knoraType="link_value" linkType="ref" target="ww_55bc1a3b04bf8a8d"/>
    </p0826-teimww:occursIn>
  </p0826-teimww:passage>
  <p0826-teimww:passage id="ww_2ff5d94edf67d5de">
    <knoraXmlImport:label>passage label</knoraXmlImport:label>
    <p0826-teimww:occursIn>
      <p0826-teimww:book knoraType="link_value" linkType="ref" target="ww_853fbe2469df3cb4"/>
    </p0826-teimww:occursIn>
    <p0826-teimww:text knoraType="richtext_value">[Officer one:] &lt;span class="quote"&gt;The strenuous fist of vengeance now is clutched; therefore fear nothing.&lt;/span&gt;</p0826-teimww:text>
  </p0826-teimww:passage>
  <p0826-teimww:passage id="ww_7b67308710e5bec6">
    <knoraXmlImport:label>passage label</knoraXmlImport:label>
    <p0826-teimww:occursIn>
      <p0826-teimww:book knoraType="link_value" linkType="ref" target="ww_1a758b01f866d758"/>
    </p0826-teimww:occursIn>
    <p0826-teimww:text knoraType="richtext_value">There are of opinion, that there is, in marriage, an inevitable destiny, an inevitable destiny, not to be avoided, which is either &lt;span class="quote"&gt;to be actaeoned, or not to be&lt;/span&gt;; if it be not, as is the opinion of some damned in the error of predestination, then let him take a house in Fleet-street, divide it like an inn, into as many several lodgings as rooms; [...].</p0826-teimww:text>
  </p0826-teimww:passage>
  <p0826-teimww:passage id="ww_db52e440e69bb317">
    <knoraXmlImport:label>passage label</knoraXmlImport:label>
    <p0826-teimww:occursIn>
      <p0826-teimww:book knoraType="link_value" linkType="ref" target="ww_c1ca40b688cca87f"/>
    </p0826-teimww:occursIn>
  </p0826-teimww:passage>
  <p0826-teimww:passage id="ww_b7b6bf37c1cfcc5c">
    <knoraXmlImport:label>passage label</knoraXmlImport:label>
    <p0826-teimww:occursIn>
      <p0826-teimww:book knoraType="link_value" linkType="ref" target="ww_7da5186d0ba71c05"/>
    </p0826-teimww:occursIn>
    <p0826-teimww:text knoraType="richtext_value">[Russell:] Come, tell truth 'twixt ourselves, &lt;span class="quote"&gt;here's none but friends.&lt;/span&gt;</p0826-teimww:text>
  </p0826-teimww:passage>
  <p0826-teimww:passage id="ww_b8f1bb65a88e0004">
    <knoraXmlImport:label>passage label</knoraXmlImport:label>
    <p0826-teimww:occursIn>
      <p0826-teimww:book knoraType="link_value" linkType="ref" target="ww_906c0b694038ccee"/>
    </p0826-teimww:occursIn>
    <p0826-teimww:text knoraType="richtext_value">[Wife:] Nay, 'tis no matter, as he likes this, let him &lt;span class="quote"&gt;dance the shaking of the sheets &lt;/span&gt;another time. &lt;br&gt;
[...]
[Shoemaker:] Hoyda, and is this&lt;span class="quote"&gt; the shaking of the sheets&lt;/span&gt; you talk of, good wife Snipper Snapper [...]</p0826-teimww:text>
  </p0826-teimww:passage>
  <p0826-teimww:passage id="ww_7a384e1fdbe2639b">
    <knoraXmlImport:label>passage label</knoraXmlImport:label>
    <p0826-teimww:occursIn>
      <p0826-teimww:book knoraType="link_value" linkType="ref" target="ww_c385ab8330981bbe"/>
    </p0826-teimww:occursIn>
    <p0826-teimww:text knoraType="richtext_value">Then bid the wanton Lady tread,&lt;br&gt;
Amid these mazes of the dead.&lt;br&gt;
And these truly understood,&lt;br&gt;
More shall cool and quench the blood&lt;br&gt;
Then her many sports aday,&lt;br&gt;
And her nighty wanton play,&lt;br&gt;
&lt;span class="quote"&gt;Bid her paint till day of doom&lt;/span&gt;,&lt;br&gt;
To this&lt;span class="quote"&gt; favour she must come &lt;/span&gt;[...].</p0826-teimww:text>
  </p0826-teimww:passage>
  <p0826-teimww:passage id="ww_76cb787bb7ec8c4e">
    <knoraXmlImport:label>passage label</knoraXmlImport:label>
    <p0826-teimww:occursIn>
      <p0826-teimww:book knoraType="link_value" linkType="ref" target="ww_91e0dc4c671938fa"/>
    </p0826-teimww:occursIn>
  </p0826-teimww:passage>
  <p0826-teimww:passage id="ww_1d713c94f037f59c">
    <knoraXmlImport:label>passage label</knoraXmlImport:label>
    <p0826-teimww:occursIn>
      <p0826-teimww:book knoraType="link_value" linkType="ref" target="ww_2f65899f08b5bb71"/>
    </p0826-teimww:occursIn>
  </p0826-teimww:passage>
  <p0826-teimww:passage id="ww_0608d67283870d05">
    <knoraXmlImport:label>passage label</knoraXmlImport:label>
    <p0826-teimww:occursIn>
      <p0826-teimww:book knoraType="link_value" linkType="ref" target="ww_1140c36ab545b6d8"/>
    </p0826-teimww:occursIn>
  </p0826-teimww:passage>
  <p0826-teimww:passage id="ww_843d5110e5b7f336">
    <knoraXmlImport:label>passage label</knoraXmlImport:label>
    <p0826-teimww:occursIn>
      <p0826-teimww:book knoraType="link_value" linkType="ref" target="ww_592f491781fff319"/>
    </p0826-teimww:occursIn>
    <p0826-teimww:text knoraType="richtext_value">[Strophius:]: What temper's grown on the distracted Queen!&lt;br&gt;
Hath grief conceiv'd for her late husband's death,&lt;br&gt;
Brought her so far, she hath forgot herself?&lt;br&gt;
[Orestes:] No Uncle, no, by heaven, I do suspect,&lt;br&gt;
O, my &lt;span class="quote"&gt;prophetic soul &lt;/span&gt;divines much ill:&lt;br&gt;
Well, I will fly, but hear this stratagem,&lt;br&gt;
It shall be rumor'd i'th ear o'th Court&lt;br&gt;
I was found dead, I'll put a new shape on,&lt;br&gt;
And live alone, to hear how things go here.</p0826-teimww:text>
  </p0826-teimww:passage>
  <p0826-teimww:passage id="ww_a2a073631776165e">
    <knoraXmlImport:label>passage label</knoraXmlImport:label>
    <p0826-teimww:occursIn>
      <p0826-teimww:book knoraType="link_value" linkType="ref" target="ww_91e0dc4c671938fa"/>
    </p0826-teimww:occursIn>
  </p0826-teimww:passage>
  <p0826-teimww:passage id="ww_603db094e9dd595c">
    <knoraXmlImport:label>passage label</knoraXmlImport:label>
    <p0826-teimww:occursIn>
      <p0826-teimww:book knoraType="link_value" linkType="ref" target="ww_518300e10a2ce48a"/>
    </p0826-teimww:occursIn>
    <p0826-teimww:text knoraType="richtext_value">[Simon:] Now sirs, are you comedians?&lt;br&gt;
[Second Cheater:] We are anything sir: &lt;span class="quote"&gt;comedians, tragedians, tragicomedians, comi-tragedians, pastoralists, humorists, clownists and satirists.&lt;/span&gt; We have'em, sir, from the smile to the laugh, from the laugh to the handkerchief.</p0826-teimww:text>
  </p0826-teimww:passage>
  <p0826-teimww:passage id="ww_70da3a1a62a5d0bc">
    <knoraXmlImport:label>passage label</knoraXmlImport:label>
    <p0826-teimww:occursIn>
      <p0826-teimww:book knoraType="link_value" linkType="ref" target="ww_1140c36ab545b6d8"/>
    </p0826-teimww:occursIn>
  </p0826-teimww:passage>
  <p0826-teimww:passage id="ww_53cb83bb1c8004ff">
    <knoraXmlImport:label>passage label</knoraXmlImport:label>
    <p0826-teimww:occursIn>
      <p0826-teimww:book knoraType="link_value" linkType="ref" target="ww_e7c84f709b583d5f"/>
    </p0826-teimww:occursIn>
    <p0826-teimww:text knoraType="richtext_value">[Sapritius:] Wouldst thou recouer? 
&lt;br&gt;[Antoninus:] Would I liue in blisse? &lt;br&gt;
[Sapritius:] And doe thine eyes &lt;span class="quote"&gt;shoote daggers&lt;/span&gt; at that man &lt;br&gt; 
That brings thee health? [Antoninus:] It is not in the world? &lt;br&gt;
[Sapritius:] Ist heere? [Antoninus:] Oh Treasure, by enchantment lock'd &lt;br&gt; 
In Caues as deepe as hell, am I as neere?</p0826-teimww:text>
  </p0826-teimww:passage>
  <p0826-teimww:passage id="ww_d82e75f8bf7dcccb">
    <knoraXmlImport:label>passage label</knoraXmlImport:label>
    <p0826-teimww:occursIn>
      <p0826-teimww:book knoraType="link_value" linkType="ref" target="ww_3e15ab6c612eadae"/>
    </p0826-teimww:occursIn>
  </p0826-teimww:passage>
  <p0826-teimww:passage id="ww_2fec8b69938d9ac1">
    <knoraXmlImport:label>passage label</knoraXmlImport:label>
    <p0826-teimww:occursIn>
      <p0826-teimww:book knoraType="link_value" linkType="ref" target="ww_a30bbb1b8d836e24"/>
    </p0826-teimww:occursIn>
    <p0826-teimww:text knoraType="richtext_value">&lt;span class="quote"&gt;For Princes are the glass, the school, the brook, &lt;br&gt;&lt;i&gt;
Where subjects' eyes do learn, do read, do look. &lt;/i&gt;&lt;/span&gt;</p0826-teimww:text>
  </p0826-teimww:passage>
  <p0826-teimww:passage id="ww_1d67603aef02dae1">
    <knoraXmlImport:label>passage label</knoraXmlImport:label>
    <p0826-teimww:occursIn>
      <p0826-teimww:book knoraType="link_value" linkType="ref" target="ww_1140c36ab545b6d8"/>
    </p0826-teimww:occursIn>
  </p0826-teimww:passage>
  <p0826-teimww:passage id="ww_f14ebaba176e755f">
    <knoraXmlImport:label>passage label</knoraXmlImport:label>
    <p0826-teimww:occursIn>
      <p0826-teimww:book knoraType="link_value" linkType="ref" target="ww_9cef169b0b560107"/>
    </p0826-teimww:occursIn>
    <p0826-teimww:text knoraType="richtext_value">[Epilogue:] He'll stand no shock of censure; the Play's good, &lt;br&gt;
&lt;span class="quote"&gt;He says he knows it (if well understood.) &lt;/span&gt;</p0826-teimww:text>
  </p0826-teimww:passage>
  <p0826-teimww:passage id="ww_b75e5b0df74b8ae3">
    <knoraXmlImport:label>passage label</knoraXmlImport:label>
    <p0826-teimww:occursIn>
      <p0826-teimww:book knoraType="link_value" linkType="ref" target="ww_ba33ed8c6b004bed"/>
    </p0826-teimww:occursIn>
    <p0826-teimww:text knoraType="richtext_value">[Master:] See, provoking dishes, &lt;span class="quote"&gt;candied Eringoes&lt;/span&gt;, 
And Potatoes. </p0826-teimww:text>
  </p0826-teimww:passage>
  <p0826-teimww:passage id="ww_498a4c7e5d95bc66">
    <knoraXmlImport:label>passage label</knoraXmlImport:label>
    <p0826-teimww:occursIn>
      <p0826-teimww:book knoraType="link_value" linkType="ref" target="ww_6b9bc6143aac54e5"/>
    </p0826-teimww:occursIn>
    <p0826-teimww:text knoraType="richtext_value">[Moll:] [...] my mind gives me, thee and&lt;span class="quote"&gt; I shall dance the shaking of the sheets together&lt;/span&gt;.</p0826-teimww:text>
  </p0826-teimww:passage>
  <p0826-teimww:passage id="ww_e3452abf8f97d438">
    <knoraXmlImport:label>passage label</knoraXmlImport:label>
    <p0826-teimww:occursIn>
      <p0826-teimww:book knoraType="link_value" linkType="ref" target="ww_ead2e8abb60ac530"/>
    </p0826-teimww:occursIn>
    <p0826-teimww:text knoraType="richtext_value">[Cleremond:] [...] Look not on me &lt;br&gt;
As I am Cleremond: I have parted with &lt;br&gt;
The essence that was his, and &lt;span class="quote"&gt;entertained &lt;br&gt;
The soul of some fierce tigress, or a wolf &lt;br&gt;&lt;/span&gt;
New-hanged for human slaughter. </p0826-teimww:text>
  </p0826-teimww:passage>
  <p0826-teimww:passage id="ww_8b1c8167d51ac17c">
    <knoraXmlImport:label>passage label</knoraXmlImport:label>
    <p0826-teimww:occursIn>
      <p0826-teimww:book knoraType="link_value" linkType="ref" target="ww_1140c36ab545b6d8"/>
    </p0826-teimww:occursIn>
  </p0826-teimww:passage>
  <p0826-teimww:passage id="ww_32f6c612aa9a1541">
    <knoraXmlImport:label>passage label</knoraXmlImport:label>
    <p0826-teimww:occursIn>
      <p0826-teimww:book knoraType="link_value" linkType="ref" target="ww_7970b85d2ad84965"/>
    </p0826-teimww:occursIn>
    <p0826-teimww:text knoraType="richtext_value">[Rufaldo:] I am sure, love kept me waking, and the expectation of this my wedding day did so caper in my brains, I thought of nothing but &lt;span class="quote"&gt;dancing the shaking of the sheets&lt;/span&gt; with my sweet-heart.</p0826-teimww:text>
  </p0826-teimww:passage>
  <p0826-teimww:passage id="ww_b5b0cbbc7e94e470">
    <knoraXmlImport:label>passage label</knoraXmlImport:label>
    <p0826-teimww:occursIn>
      <p0826-teimww:book knoraType="link_value" linkType="ref" target="ww_c0565d6dc5476bc1"/>
    </p0826-teimww:occursIn>
    <p0826-teimww:text knoraType="richtext_value">[Malefort:] &lt;span class="quote"&gt;The pleurisy of goodness&lt;/span&gt; is thy ill, &lt;br&gt; 
Thy virtues vices, and thy humble lowness &lt;br&gt; 
Far worse than stubborn sullenness, and pride, &lt;br&gt;  
Thy looks that ravish all beholders else &lt;br&gt; 
As killing as the Basilisks, their tears &lt;br&gt; 
Expressed in sorrow for thee much I suffer, &lt;br&gt; 
A glorious insultation, and no sign &lt;br&gt; 
Of pity in thee, and to hear thee speak&lt;br&gt;  
In thy defence, though but in silent action,&lt;br&gt; 
Would make the hurt already deeply festered &lt;br&gt; 
Incurable [...].</p0826-teimww:text>
  </p0826-teimww:passage>
  <p0826-teimww:passage id="ww_39aed6eacf99c7b8">
    <knoraXmlImport:label>passage label</knoraXmlImport:label>
    <p0826-teimww:occursIn>
      <p0826-teimww:book knoraType="link_value" linkType="ref" target="ww_3e15ab6c612eadae"/>
    </p0826-teimww:occursIn>
  </p0826-teimww:passage>
  <p0826-teimww:passage id="ww_3c438f6598ccf0c7">
    <knoraXmlImport:label>passage label</knoraXmlImport:label>
    <p0826-teimww:occursIn>
      <p0826-teimww:book knoraType="link_value" linkType="ref" target="ww_ac3676ebd4fd4919"/>
    </p0826-teimww:occursIn>
    <p0826-teimww:text knoraType="richtext_value">[Old Bateman:] [...] we will sit, and write the tragedy&lt;br&gt;
Of our poor Children; I'll ha't so set down&lt;br&gt;
As not one eye that views it, but shall weep,&lt;br&gt;
Not any ear but sadly shall relent:&lt;br&gt;
&lt;span class="quote"&gt;For never was a story of more ruth&lt;br&gt;
Then this of him, and her, yet nought but truth.&lt;/span&gt;</p0826-teimww:text>
  </p0826-teimww:passage>
  <p0826-teimww:passage id="ww_edb74d8bac98e02d">
    <knoraXmlImport:label>passage label</knoraXmlImport:label>
    <p0826-teimww:occursIn>
      <p0826-teimww:book knoraType="link_value" linkType="ref" target="ww_c34a5f8646a015b0"/>
    </p0826-teimww:occursIn>
    <p0826-teimww:text knoraType="richtext_value">[Menaphon:] Such cure as sick men find in changing beds, &lt;br&gt;
I found in change of airs; the fancy flatter'd &lt;br&gt;
My hopes with ease, as theirs do, but &lt;span class="quote"&gt;the grief &lt;br&gt;
Is still the same.&lt;/span&gt;</p0826-teimww:text>
  </p0826-teimww:passage>
  <p0826-teimww:passage id="ww_3d10d3b4259aebb2">
    <knoraXmlImport:label>passage label</knoraXmlImport:label>
    <p0826-teimww:occursIn>
      <p0826-teimww:book knoraType="link_value" linkType="ref" target="ww_2fef8cbb19898a1d"/>
    </p0826-teimww:occursIn>
    <p0826-teimww:text knoraType="richtext_value">[Breines:] [...] now I do long to know what pitiful lover for it can be no other,&lt;span class="quote"&gt; is doing penance in that white sheet&lt;/span&gt; already, Mistris Sensible hark yee; whence came that letter?</p0826-teimww:text>
  </p0826-teimww:passage>
  <p0826-teimww:passage id="ww_7b47f995f82e3a48">
    <knoraXmlImport:label>passage label</knoraXmlImport:label>
    <p0826-teimww:occursIn>
      <p0826-teimww:book knoraType="link_value" linkType="ref" target="ww_3e15ab6c612eadae"/>
    </p0826-teimww:occursIn>
  </p0826-teimww:passage>
  <p0826-teimww:passage id="ww_2801f6cd58a3e088">
    <knoraXmlImport:label>passage label</knoraXmlImport:label>
    <p0826-teimww:occursIn>
      <p0826-teimww:book knoraType="link_value" linkType="ref" target="ww_ac3676ebd4fd4919"/>
    </p0826-teimww:occursIn>
    <p0826-teimww:text knoraType="richtext_value">&lt;span class="quote"&gt;Their Parents jarr'd, and never could agree,&lt;br&gt;
Till both of them were drowned in misery.&lt;/span&gt;</p0826-teimww:text>
  </p0826-teimww:passage>
  <p0826-teimww:passage id="ww_32744ccaade24cd3">
    <knoraXmlImport:label>passage label</knoraXmlImport:label>
    <p0826-teimww:occursIn>
      <p0826-teimww:book knoraType="link_value" linkType="ref" target="ww_130e7e0e3430594d"/>
    </p0826-teimww:occursIn>
    <p0826-teimww:text knoraType="richtext_value">[Orgilus:] &lt;span class="quote"&gt;So much out of self-unworthiness
His fears transport him; not that he finds cause in her obedience, but his own distrust.&lt;/span&gt;</p0826-teimww:text>
  </p0826-teimww:passage>
  <p0826-teimww:passage id="ww_88f2fa65df43c96d">
    <knoraXmlImport:label>passage label</knoraXmlImport:label>
    <p0826-teimww:occursIn>
      <p0826-teimww:book knoraType="link_value" linkType="ref" target="ww_841e89ba43cd414c"/>
    </p0826-teimww:occursIn>
  </p0826-teimww:passage>
  <p0826-teimww:passage id="ww_4edb76c8296c1ef3">
    <knoraXmlImport:label>passage label</knoraXmlImport:label>
    <p0826-teimww:occursIn>
      <p0826-teimww:book knoraType="link_value" linkType="ref" target="ww_130e7e0e3430594d"/>
    </p0826-teimww:occursIn>
    <p0826-teimww:text knoraType="richtext_value">[Orgilus:] &lt;span class="quote"&gt;Souls sunk in sorrows never are without'em; &lt;br&gt;&lt;/span&gt;
They change fresh airs, but bear their griefs about'em.</p0826-teimww:text>
  </p0826-teimww:passage>
  <p0826-teimww:passage id="ww_d92e6b3c9a37cbe1">
    <knoraXmlImport:label>passage label</knoraXmlImport:label>
    <p0826-teimww:occursIn>
      <p0826-teimww:book knoraType="link_value" linkType="ref" target="ww_9ffbafacac4416c9"/>
    </p0826-teimww:occursIn>
    <p0826-teimww:text knoraType="richtext_value">[Eleazer:] &lt;span class="quote"&gt; To be, or not to be,&lt;/span&gt; ay there's the doubt,&lt;br&gt;
For to be Sovereign by unlawful means, &lt;br&gt;
Is but to be a slave to base desire, &lt;br&gt;
And where's my honour then?
What a strange buzzing of ambition &lt;br&gt;
Pursues my thirsty soul? &lt;br&gt;
O &lt;i&gt;Eleazer&lt;/i&gt;! can thy traitor breast &lt;br&gt;
Give harbour to a thought of Parricide? &lt;br&gt;
It is thy father, O the sacred tie &lt;br&gt;
Of filial duty, how that awful name &lt;br&gt;
Affrighteth all my faculties with fear -&lt;br&gt;
With fear? - of what? - with foolery by heaven; &lt;br&gt;
If there be ought within this awful name &lt;br&gt;
That can extort obedience from a son. &lt;br&gt;
'Tis but the rotten Carcass, there's the thing &lt;br&gt;
That for to please itself begets another, &lt;br&gt;
So does a beast, and yet 'twixt them we see &lt;br&gt;
An equal freedom of society: &lt;br&gt;
As for the nobler part of man we know &lt;br&gt;
That's of a higher birth, if it be so, &lt;br&gt;
Thus low my knee shall bend, but thou my heart (Bends his knee)&lt;br&gt;
Scorn to obey, remember where thou art: &lt;br&gt;
I am resolv'd, the times are bloody, and the people's hearts &lt;br&gt;
I hear, are bent on me: Jehochanan the man &lt;br&gt;
that I must fairly close with all, this done, &lt;br&gt;
We shall be strong for opposition. &lt;br&gt;
Soft, here he comes (Enter Jehochanan).</p0826-teimww:text>
  </p0826-teimww:passage>
  <p0826-teimww:passage id="ww_5b433c36af8d542d">
    <knoraXmlImport:label>passage label</knoraXmlImport:label>
    <p0826-teimww:occursIn>
      <p0826-teimww:book knoraType="link_value" linkType="ref" target="ww_91e0dc4c671938fa"/>
    </p0826-teimww:occursIn>
  </p0826-teimww:passage>
  <p0826-teimww:passage id="ww_ee4d1fdb9bdf8569">
    <knoraXmlImport:label>passage label</knoraXmlImport:label>
    <p0826-teimww:occursIn>
      <p0826-teimww:book knoraType="link_value" linkType="ref" target="ww_1140c36ab545b6d8"/>
    </p0826-teimww:occursIn>
  </p0826-teimww:passage>
  <p0826-teimww:passage id="ww_f2c027f44a2a699f">
    <knoraXmlImport:label>passage label</knoraXmlImport:label>
    <p0826-teimww:occursIn>
      <p0826-teimww:book knoraType="link_value" linkType="ref" target="ww_5868d5560bdfc062"/>
    </p0826-teimww:occursIn>
  </p0826-teimww:passage>
  <p0826-teimww:passage id="ww_8a8bf54b5252c651">
    <knoraXmlImport:label>passage label</knoraXmlImport:label>
    <p0826-teimww:occursIn>
      <p0826-teimww:book knoraType="link_value" linkType="ref" target="ww_ada3895646f810c7"/>
    </p0826-teimww:occursIn>
    <p0826-teimww:text knoraType="richtext_value">[Tip:] I'll set him up, then. Art thou the Dominus? &lt;br&gt;
Host:] Fac-totum here, Sir. &lt;br&gt;
[Tip:] Host real o'the house? and Cap of Maintenance? &lt;br&gt;
[Host:] The Lord o'the light Heart, Sir, &lt;span class="quote"&gt;Cap a pie; &lt;/span&gt;&lt;br&gt;
VVhere of the Feather is the Emblem, Colonel, &lt;br&gt;
Put up, with the Ace of Hearts!</p0826-teimww:text>
  </p0826-teimww:passage>
  <p0826-teimww:passage id="ww_1fbc72344b8c12e3">
    <knoraXmlImport:label>passage label</knoraXmlImport:label>
    <p0826-teimww:occursIn>
      <p0826-teimww:book knoraType="link_value" linkType="ref" target="ww_0124cc8bb8f88f65"/>
    </p0826-teimww:occursIn>
    <p0826-teimww:text knoraType="richtext_value">[...] in as much as they are said to be possible &lt;span class="quote"&gt;to be or not to be, &lt;/span&gt;this is not from the decree of God but rather from the nature of God, as all necessary truths are derived therefrom. Neither is it in the power of God to make that the works of men and Angels should not be possible &lt;span class="quote"&gt;to be or not to be. &lt;/span&gt;But if the possibility were the object of Gods decree, it might be otherwise. For Gods decree passeth forely upon every thing whereupon it passeth, so that if he decree them to be possible, he might have decreed them not to be possible. [...] Things cannot be known to be future until they are future; (for to apprehend or conceive things to be future, when they are not future, is not to know, but to err,) but contingent things, and only possible &lt;span class="quote"&gt;to be or not to be, &lt;/span&gt;do not become future till the determination of Gods will hath made them future. [...] For to be contingent is to be indifferent &lt;span class="quote"&gt;to be or not to be.&lt;/span&gt; But that which is, neither is nor possibly can be indifferent &lt;font color"=darkorange"&gt;to be or not to be. &lt;/span&gt;Yet herehence it followeth not, that it came to pass necessarily there is no colour for any such inference. For what? doth nothing come to pass but necessarily? but whether it comes to pass necessarily or contingently, being once come to pass the contingency of it is at an end, and past irrecoverably. For it is no longer indifferent &lt;span class="quote"&gt;to be or not to be. &lt;/span&gt;[...] For to be contingent is to be indifferent &lt;span class="quote"&gt;to be or not to be.&lt;/span&gt; But that which is, neither is nor possibly can be indifferent &lt;span class="quote"&gt;to be or not to be. &lt;/span&gt;</p0826-teimww:text>
  </p0826-teimww:passage>
  <p0826-teimww:passage id="ww_5b4863be3d0965ce">
    <knoraXmlImport:label>passage label</knoraXmlImport:label>
    <p0826-teimww:occursIn>
      <p0826-teimww:book knoraType="link_value" linkType="ref" target="ww_fb9509be352bd917"/>
    </p0826-teimww:occursIn>
  </p0826-teimww:passage>
  <p0826-teimww:passage id="ww_bd84a988c3bfb5d4">
    <knoraXmlImport:label>passage label</knoraXmlImport:label>
    <p0826-teimww:occursIn>
      <p0826-teimww:book knoraType="link_value" linkType="ref" target="ww_cf1407d337262e2b"/>
    </p0826-teimww:occursIn>
    <p0826-teimww:text knoraType="richtext_value">[Sexton]:This was the prime Madam in Thebes, the general Mistress, the only adored beauty. Little would you think there were a couple of stars in these two augur-holes: or that this pit had been arch'd over with a handsome nose, that had been at the charges to maintain half a dozen of several silver arches to uphold the bridge. It had been a mighty favour once, &lt;span class="quote"&gt;to have kiss'd these lips that grin so. &lt;/span&gt;This mouth out of all the Madams boxes cannot now be furnished with a set of teeth. She was the coyest overcurious dame in all the city: her chambermaids misplacing of a hair, was as much as her place came to.- Oh! if that Lady now could but behold this physiognomy of hers in a looking-glass, what a monster would she imagine her self! Will all her perukes, tyres and dresses, with her chargeable teeth, with her cerise and pomatum, and the benefit of her painter and doctor, make this idol up again?&lt;br&gt;
&lt;span class="quote"&gt;Paint Ladies while you live, and plaister fair, &lt;br&gt;
But when the house is fallne 'tis past repair.&lt;/span&gt;</p0826-teimww:text>
  </p0826-teimww:passage>
  <p0826-teimww:passage id="ww_d132287045596ed5">
    <knoraXmlImport:label>passage label</knoraXmlImport:label>
    <p0826-teimww:occursIn>
      <p0826-teimww:book knoraType="link_value" linkType="ref" target="ww_91e0dc4c671938fa"/>
    </p0826-teimww:occursIn>
  </p0826-teimww:passage>
  <p0826-teimww:passage id="ww_66dea51a78d5edbe">
    <knoraXmlImport:label>passage label</knoraXmlImport:label>
    <p0826-teimww:occursIn>
      <p0826-teimww:book knoraType="link_value" linkType="ref" target="ww_503d95ad1db4cb83"/>
    </p0826-teimww:occursIn>
    <p0826-teimww:text knoraType="richtext_value">Souls that will mount, gain a Celestial Crown,&lt;br&gt;
Must pray with ardency, &lt;span class="quote"&gt;look up, not down&lt;/span&gt; [...].</p0826-teimww:text>
  </p0826-teimww:passage>
  <p0826-teimww:passage id="ww_88487865fcb90da4">
    <knoraXmlImport:label>passage label</knoraXmlImport:label>
    <p0826-teimww:occursIn>
      <p0826-teimww:book knoraType="link_value" linkType="ref" target="ww_5603853ee308e6b5"/>
    </p0826-teimww:occursIn>
  </p0826-teimww:passage>
  <p0826-teimww:passage id="ww_7cd0cfd4d110c5d1">
    <knoraXmlImport:label>passage label</knoraXmlImport:label>
    <p0826-teimww:occursIn>
      <p0826-teimww:book knoraType="link_value" linkType="ref" target="ww_6661b9f185ca42c1"/>
    </p0826-teimww:occursIn>
    <p0826-teimww:text knoraType="richtext_value">[Goldwire:] The curtains drawn, my Fidlers playing all night 
&lt;span class="quote"&gt;The shaking of the sheets, which I have danc'd 
Again, and again with my Cockatrice&lt;/span&gt;.</p0826-teimww:text>
  </p0826-teimww:passage>
  <p0826-teimww:passage id="ww_4388ab23658353e5">
    <knoraXmlImport:label>passage label</knoraXmlImport:label>
    <p0826-teimww:occursIn>
      <p0826-teimww:book knoraType="link_value" linkType="ref" target="ww_3e15ab6c612eadae"/>
    </p0826-teimww:occursIn>
  </p0826-teimww:passage>
  <p0826-teimww:passage id="ww_438c30e5d4fce346">
    <knoraXmlImport:label>passage label</knoraXmlImport:label>
    <p0826-teimww:occursIn>
      <p0826-teimww:book knoraType="link_value" linkType="ref" target="ww_c8ca0bdc1413defb"/>
    </p0826-teimww:occursIn>
    <p0826-teimww:text knoraType="richtext_value">[Clotair:] […] &lt;span class="quote"&gt;yet we may sit &lt;br&gt;
And gaze upon each other, tell sad tales &lt;br&gt;
Of ruin'd princes, wrong'd virginity &lt;/span&gt;[…].</p0826-teimww:text>
  </p0826-teimww:passage>
  <p0826-teimww:passage id="ww_5c580d1741587732">
    <knoraXmlImport:label>passage label</knoraXmlImport:label>
    <p0826-teimww:occursIn>
      <p0826-teimww:book knoraType="link_value" linkType="ref" target="ww_c8ca0bdc1413defb"/>
    </p0826-teimww:occursIn>
    <p0826-teimww:text knoraType="richtext_value">[Clotair:] &lt;span class="quote"&gt;Your broken pledge of faith; and with this kiss, &lt;br&gt;
The last that ever Clovis must print here: &lt;br&gt;
Unkiss the kiss that seal'd it on thy lips. &lt;/span&gt;</p0826-teimww:text>
  </p0826-teimww:passage>
  <p0826-teimww:passage id="ww_043ead3f9c882714">
    <knoraXmlImport:label>passage label</knoraXmlImport:label>
    <p0826-teimww:occursIn>
      <p0826-teimww:book knoraType="link_value" linkType="ref" target="ww_c8ca0bdc1413defb"/>
    </p0826-teimww:occursIn>
    <p0826-teimww:text knoraType="richtext_value">[2nd Soldier:] [...] &lt;span class="quote"&gt;A bounding Courser, who is therefore proud &lt;br&gt;
To be so back'd, as knowing whom he bears&lt;/span&gt; [...].</p0826-teimww:text>
  </p0826-teimww:passage>
  <p0826-teimww:passage id="ww_613adce844450733">
    <knoraXmlImport:label>passage label</knoraXmlImport:label>
    <p0826-teimww:occursIn>
      <p0826-teimww:book knoraType="link_value" linkType="ref" target="ww_c8ca0bdc1413defb"/>
    </p0826-teimww:occursIn>
    <p0826-teimww:text knoraType="richtext_value">[Dumaine:] &lt;span class="quote"&gt;This bastard-getting peace unspirits me&lt;/span&gt; [...] </p0826-teimww:text>
  </p0826-teimww:passage>
  <p0826-teimww:passage id="ww_5be05e98d8638ce2">
    <knoraXmlImport:label>passage label</knoraXmlImport:label>
    <p0826-teimww:occursIn>
      <p0826-teimww:book knoraType="link_value" linkType="ref" target="ww_c8ca0bdc1413defb"/>
    </p0826-teimww:occursIn>
    <p0826-teimww:text knoraType="richtext_value">[Dumaine:] &lt;span class="quote"&gt;The Drums and Trumpets are turn'd flatterers &lt;/span&gt;[…].</p0826-teimww:text>
  </p0826-teimww:passage>
  <p0826-teimww:passage id="ww_7578ce845bd9cd8c">
    <knoraXmlImport:label>passage label</knoraXmlImport:label>
    <p0826-teimww:occursIn>
      <p0826-teimww:book knoraType="link_value" linkType="ref" target="ww_c8ca0bdc1413defb"/>
    </p0826-teimww:occursIn>
    <p0826-teimww:text knoraType="richtext_value">[Clothair:] [...] Let me bedew thy Herse with &lt;span class="quote"&gt;pious tears, &lt;br&gt;
Balm to wounds,&lt;/span&gt; repenting ones [...].</p0826-teimww:text>
  </p0826-teimww:passage>
  <p0826-teimww:passage id="ww_5433e9a460aa1f04">
    <knoraXmlImport:label>passage label</knoraXmlImport:label>
    <p0826-teimww:occursIn>
      <p0826-teimww:book knoraType="link_value" linkType="ref" target="ww_c8ca0bdc1413defb"/>
    </p0826-teimww:occursIn>
    <p0826-teimww:text knoraType="richtext_value">[Clothair:] &lt;span class="quote"&gt;Call me an honourable murderer.&lt;/span&gt;</p0826-teimww:text>
  </p0826-teimww:passage>
  <p0826-teimww:passage id="ww_1015d2463ecdde08">
    <knoraXmlImport:label>passage label</knoraXmlImport:label>
    <p0826-teimww:occursIn>
      <p0826-teimww:book knoraType="link_value" linkType="ref" target="ww_c8ca0bdc1413defb"/>
    </p0826-teimww:occursIn>
    <p0826-teimww:text knoraType="richtext_value">[Eunuch:] &lt;span class="quote"&gt;Clovis enraged perhaps will kill the king &lt;br&gt;
or by the king will perish; if both fall, &lt;br&gt;
Or either, both ways make for me.&lt;/span&gt;</p0826-teimww:text>
  </p0826-teimww:passage>
  <p0826-teimww:passage id="ww_cd98d1504995c953">
    <knoraXmlImport:label>passage label</knoraXmlImport:label>
    <p0826-teimww:occursIn>
      <p0826-teimww:book knoraType="link_value" linkType="ref" target="ww_c8ca0bdc1413defb"/>
    </p0826-teimww:occursIn>
    <p0826-teimww:text knoraType="richtext_value">[Eunuch:] &lt;span class="quote"&gt;They had the Devil to their Grand-father. &lt;/span&gt;</p0826-teimww:text>
  </p0826-teimww:passage>
  <p0826-teimww:passage id="ww_9b0c870bd5418ec4">
    <knoraXmlImport:label>passage label</knoraXmlImport:label>
    <p0826-teimww:occursIn>
      <p0826-teimww:book knoraType="link_value" linkType="ref" target="ww_c8ca0bdc1413defb"/>
    </p0826-teimww:occursIn>
    <p0826-teimww:text knoraType="richtext_value">[Eunuch:] &lt;span class="quote"&gt;Ring out the alarm Bell. (Rings the bell) The Princes here will murder one another.  For shame for shame forbear. &lt;/span&gt;</p0826-teimww:text>
  </p0826-teimww:passage>
  <p0826-teimww:passage id="ww_3d303631cbc7c856">
    <knoraXmlImport:label>passage label</knoraXmlImport:label>
    <p0826-teimww:occursIn>
      <p0826-teimww:book knoraType="link_value" linkType="ref" target="ww_8507a0ad9e67f1a4"/>
    </p0826-teimww:occursIn>
    <p0826-teimww:text knoraType="richtext_value">[Spirit:] [...] Amaz'd I stood, &lt;span class="quote"&gt;harrow'd with grief and fear&lt;/span&gt;, &lt;br&gt;
And O poor hapless Nightingale thought I, &lt;br&gt;
How sweet thou sing'st, how near the deadly snare!</p0826-teimww:text>
  </p0826-teimww:passage>
  <p0826-teimww:passage id="ww_f02030f64d29afb7">
    <knoraXmlImport:label>passage label</knoraXmlImport:label>
    <p0826-teimww:occursIn>
      <p0826-teimww:book knoraType="link_value" linkType="ref" target="ww_4899784ecc7f3845"/>
    </p0826-teimww:occursIn>
  </p0826-teimww:passage>
  <p0826-teimww:passage id="ww_7ae3d9213e01b8a1">
    <knoraXmlImport:label>passage label</knoraXmlImport:label>
    <p0826-teimww:occursIn>
      <p0826-teimww:book knoraType="link_value" linkType="ref" target="ww_7a900ec81c04c54a"/>
    </p0826-teimww:occursIn>
    <p0826-teimww:text knoraType="richtext_value">[Lady:] Enough, good friend no more.&lt;br&gt;
had a rude Scythian ignorant of tears&lt;br&gt; 
unless the wind enforce them from his eyes,&lt;br&gt; 
heard this relation sure he would have wept,&lt;br&gt; 
and yet I cannot I have lost all sense&lt;br&gt;
of pity, with my womanhood, and now&lt;br&gt;
that once essential Mistress of my soul&lt;br&gt;
warm charity, no more inflames my breast &lt;br&gt;
then does &lt;span class="quote"&gt;the glowworm's uneffectual fire&lt;/span&gt;&lt;br&gt;
the haed that touches it good sir desist &lt;br&gt;
the aggravation of your sad report &lt;br&gt;
I've too much grief already.</p0826-teimww:text>
  </p0826-teimww:passage>
  <p0826-teimww:passage id="ww_6f2229f489dcdc5a">
    <knoraXmlImport:label>passage label</knoraXmlImport:label>
    <p0826-teimww:occursIn>
      <p0826-teimww:book knoraType="link_value" linkType="ref" target="ww_91e0dc4c671938fa"/>
    </p0826-teimww:occursIn>
  </p0826-teimww:passage>
  <p0826-teimww:passage id="ww_f0195824aebad885">
    <knoraXmlImport:label>passage label</knoraXmlImport:label>
    <p0826-teimww:occursIn>
      <p0826-teimww:book knoraType="link_value" linkType="ref" target="ww_1140c36ab545b6d8"/>
    </p0826-teimww:occursIn>
  </p0826-teimww:passage>
  <p0826-teimww:passage id="ww_882be2a1ff2c6b08">
    <knoraXmlImport:label>passage label</knoraXmlImport:label>
    <p0826-teimww:occursIn>
      <p0826-teimww:book knoraType="link_value" linkType="ref" target="ww_0a299f4a7aded36a"/>
    </p0826-teimww:occursIn>
  </p0826-teimww:passage>
  <p0826-teimww:passage id="ww_913d1d0c15498827">
    <knoraXmlImport:label>passage label</knoraXmlImport:label>
    <p0826-teimww:occursIn>
      <p0826-teimww:book knoraType="link_value" linkType="ref" target="ww_55ab4059c87d0c3d"/>
    </p0826-teimww:occursIn>
    <p0826-teimww:text knoraType="richtext_value">[Bravo:] I am, sweet creature, a kinde of lawless Justicer, or usurping Martialist of authority, that will kill any man with my safety.&lt;br&gt;
[Lucretia:] And you purpose the death of this Gentleman?&lt;br&gt;
[Bravo:] I will do any thing for hire.&lt;br&gt;
[Lucretia:] Have you no conscience?&lt;br&gt;
[Bravo:] Conscience! I know what it is: why should any man live, and I want money?&lt;br&gt;
[Lucretia:] Have you no regard then of innocence?&lt;br&gt;
[Bravo:] 'Tis crime enough, he has a life.&lt;br&gt;
[Lucretia:] &lt;span class="quote"&gt;How long have you been vers'd in this trade?&lt;br&gt;&lt;/span&gt;
[Bravo:] &lt;span class="quote"&gt;'Tis my vocation.&lt;/span&gt; </p0826-teimww:text>
  </p0826-teimww:passage>
  <p0826-teimww:passage id="ww_d5808e840ed723be">
    <knoraXmlImport:label>passage label</knoraXmlImport:label>
    <p0826-teimww:occursIn>
      <p0826-teimww:book knoraType="link_value" linkType="ref" target="ww_67e1fbe9bd0f1b9d"/>
    </p0826-teimww:occursIn>
  </p0826-teimww:passage>
  <p0826-teimww:passage id="ww_adceb1801258220b">
    <knoraXmlImport:label>passage label</knoraXmlImport:label>
    <p0826-teimww:occursIn>
      <p0826-teimww:book knoraType="link_value" linkType="ref" target="ww_dae5dcd8a7fc9bcd"/>
    </p0826-teimww:occursIn>
    <p0826-teimww:text knoraType="richtext_value">Tell me, (oh thou of Mankind most accursed) &lt;br&gt;
Whether &lt;span class="quote"&gt;to be, or not to be, &lt;/span&gt;was first? &lt;br&gt;
Whether to understand, or not to know? &lt;br&gt;
&lt;span class="quote"&gt;To reason, or not reason? &lt;/span&gt;(well bee't so, &lt;br&gt;
I make that proposition: all agree, &lt;br&gt;
That our &lt;span class="quote"&gt;Not being, &lt;/span&gt;was before &lt;span class="quote"&gt;To be. &lt;/span&gt;&lt;br&gt;
For we that are now, were not in Times past: &lt;br&gt; 
Our parents too, ev'n when our moulds were cast, &lt;br&gt;
&lt;span class="quote"&gt;Had their progenitors: their fathers, theirs: &lt;br&gt;&lt;/span&gt;
So to the first. By which it plain appears, &lt;br&gt;
And by this demonstration 't is most clear, &lt;br&gt;
That all of us were not, before we were. &lt;br&gt;</p0826-teimww:text>
  </p0826-teimww:passage>
  <p0826-teimww:passage id="ww_50c3a8082f00f1d9">
    <knoraXmlImport:label>passage label</knoraXmlImport:label>
    <p0826-teimww:occursIn>
      <p0826-teimww:book knoraType="link_value" linkType="ref" target="ww_91e0dc4c671938fa"/>
    </p0826-teimww:occursIn>
  </p0826-teimww:passage>
  <p0826-teimww:passage id="ww_c3c105842f0b68d1">
    <knoraXmlImport:label>passage label</knoraXmlImport:label>
    <p0826-teimww:occursIn>
      <p0826-teimww:book knoraType="link_value" linkType="ref" target="ww_e0f93a0d9ae8bb84"/>
    </p0826-teimww:occursIn>
    <p0826-teimww:text knoraType="richtext_value">[Flavio:] Distrust of what they call their own, or &lt;span class="quote"&gt;jealousy &lt;br&gt;&lt;/span&gt;
[…] without control, &lt;span class="quote"&gt;begets a self unworthiness; &lt;br&gt;&lt;/span&gt;
For which fear, or what is worst desire […].</p0826-teimww:text>
  </p0826-teimww:passage>
  <p0826-teimww:passage id="ww_0907e1186317e137">
    <knoraXmlImport:label>passage label</knoraXmlImport:label>
    <p0826-teimww:occursIn>
      <p0826-teimww:book knoraType="link_value" linkType="ref" target="ww_af544de913b0885b"/>
    </p0826-teimww:occursIn>
    <p0826-teimww:text knoraType="richtext_value">[King:] Enough of that, thou dost but gently chide me for a fault, that I will mend; for I have been too poor, and low in my rewards unto thy virtue: but to our business; the question is, whether we shall rely upon our Guards again? &lt;br&gt;
[Ziriff:] By no means Sir: hope on his future fortunes, or their Love unto his person, has so &lt;span class="quote"&gt;sicklied o'er their resolutions&lt;/span&gt;, that we must not trust them. </p0826-teimww:text>
  </p0826-teimww:passage>
  <p0826-teimww:passage id="ww_d55ff094554ead75">
    <knoraXmlImport:label>passage label</knoraXmlImport:label>
    <p0826-teimww:occursIn>
      <p0826-teimww:book knoraType="link_value" linkType="ref" target="ww_1140c36ab545b6d8"/>
    </p0826-teimww:occursIn>
  </p0826-teimww:passage>
  <p0826-teimww:passage id="ww_1bd4e8b643f4376a">
    <knoraXmlImport:label>passage label</knoraXmlImport:label>
    <p0826-teimww:occursIn>
      <p0826-teimww:book knoraType="link_value" linkType="ref" target="ww_af544de913b0885b"/>
    </p0826-teimww:occursIn>
    <p0826-teimww:text knoraType="richtext_value">[Epilogue:] Plays are like Feasts, and every Act should bee &lt;br&gt; 
Another Course, and still variety: &lt;br&gt; 
But in good faith provision of wit &lt;br&gt; 
Is grown of late so difficult to get, &lt;br&gt; 
That do we what we can, we are not able, &lt;br&gt; 
Without &lt;span class="quote"&gt;cold meats to furnish out the Table&lt;/span&gt;. &lt;br&gt; 
Who knows but it was needless too? may be&lt;br&gt; 
'Twas here, as in the Coach-man's trade, and he&lt;br&gt; 
That turns in the least compass, shows most Art: &lt;br&gt; 
How ere, the Poet hopes (Sir) for his part, &lt;br&gt; 
You'll like not those so much, who show their skill &lt;br&gt;  
In entertainment, as who show their will.</p0826-teimww:text>
  </p0826-teimww:passage>
  <p0826-teimww:passage id="ww_424866c5368784ee">
    <knoraXmlImport:label>passage label</knoraXmlImport:label>
    <p0826-teimww:occursIn>
      <p0826-teimww:book knoraType="link_value" linkType="ref" target="ww_1140c36ab545b6d8"/>
    </p0826-teimww:occursIn>
  </p0826-teimww:passage>
  <p0826-teimww:passage id="ww_aeceeb7f68569feb">
    <knoraXmlImport:label>passage label</knoraXmlImport:label>
    <p0826-teimww:occursIn>
      <p0826-teimww:book knoraType="link_value" linkType="ref" target="ww_af544de913b0885b"/>
    </p0826-teimww:occursIn>
    <p0826-teimww:text knoraType="richtext_value">[Aglaura:] Antiques and strange mishaps,&lt;br&gt;
such as the Porter to my Soul, mine Eye,&lt;br&gt;
was ne'er acquainted with, Fancy lets in,&lt;br&gt;
like &lt;span class="quote"&gt;a distracted multitude, &lt;/span&gt;by some strange accident&lt;br&gt;
piec'd together, fear now afresh comes on,&lt;br&gt;
and charges Love to home. </p0826-teimww:text>
  </p0826-teimww:passage>
  <p0826-teimww:passage id="ww_1268d33605de93cb">
    <knoraXmlImport:label>passage label</knoraXmlImport:label>
    <p0826-teimww:occursIn>
      <p0826-teimww:book knoraType="link_value" linkType="ref" target="ww_3e15ab6c612eadae"/>
    </p0826-teimww:occursIn>
  </p0826-teimww:passage>
  <p0826-teimww:passage id="ww_6f6befff455de761">
    <knoraXmlImport:label>passage label</knoraXmlImport:label>
    <p0826-teimww:occursIn>
      <p0826-teimww:book knoraType="link_value" linkType="ref" target="ww_cb694f4439c4e72d"/>
    </p0826-teimww:occursIn>
    <p0826-teimww:text knoraType="richtext_value">[Lucio:] It is not wisdom to proclaim our charge, &lt;br&gt;
Though I could be content to be a Lord, &lt;br&gt;
I am not over hearty, thieves are thieves, &lt;br&gt;
And life is precious, prithee let's make haste. &lt;br&gt;
[Piperollo:] &lt;span class="quote"&gt;Illo ho ho,&lt;/span&gt; &lt;br&gt;
Think upon your honour, are there no Gentlemen?&lt;br&gt; 
No wanting Gentlemen that know how to spend &lt;br&gt;
A quantity of Gold? &lt;br&gt;
There is no thief in Nature. </p0826-teimww:text>
  </p0826-teimww:passage>
  <p0826-teimww:passage id="ww_aaef60d983292272">
    <knoraXmlImport:label>passage label</knoraXmlImport:label>
    <p0826-teimww:occursIn>
      <p0826-teimww:book knoraType="link_value" linkType="ref" target="ww_3e15ab6c612eadae"/>
    </p0826-teimww:occursIn>
  </p0826-teimww:passage>
  <p0826-teimww:passage id="ww_f3794a0c07bb7009">
    <knoraXmlImport:label>passage label</knoraXmlImport:label>
    <p0826-teimww:occursIn>
      <p0826-teimww:book knoraType="link_value" linkType="ref" target="ww_36728f124fde1a07"/>
    </p0826-teimww:occursIn>
    <p0826-teimww:text knoraType="richtext_value">I had rather stand the shock of a Basilisk than in the fury of a merciless pen. It is not mere zeal to Learning, or Devotion to the Muses, that wiser Princes Patron the Arts, and &lt;span class="quote"&gt;carry an indulgent aspect &lt;/span&gt; unto Scholars; but &lt;span class="quote"&gt;a desire to have their names eternized&lt;/span&gt; by the memory of their writings, and a fear of the revengeful pen of succeeding ages: for these are the men that, when they have played their parts, and had their &lt;i&gt;exits&lt;/i&gt;, must step out and give the moral of their Scenes, and &lt;span class="quote"&gt;deliver unto Posterity an Inventory of their virtues and vices.&lt;/span&gt;</p0826-teimww:text>
  </p0826-teimww:passage>
  <p0826-teimww:passage id="ww_5c6a294ddec6aa2f">
    <knoraXmlImport:label>passage label</knoraXmlImport:label>
    <p0826-teimww:occursIn>
      <p0826-teimww:book knoraType="link_value" linkType="ref" target="ww_4899784ecc7f3845"/>
    </p0826-teimww:occursIn>
  </p0826-teimww:passage>
  <p0826-teimww:passage id="ww_e234651f72945911">
    <knoraXmlImport:label>passage label</knoraXmlImport:label>
    <p0826-teimww:occursIn>
      <p0826-teimww:book knoraType="link_value" linkType="ref" target="ww_36728f124fde1a07"/>
    </p0826-teimww:occursIn>
    <p0826-teimww:text knoraType="richtext_value">The smattering I have of the Philosopher's stone (which is something more than the perfect exaltation of gold) hath taught me a great deal of Divinity, and instructed my belief, how that immortal spirit and incorruptible substance of my soul may lie obscure, and &lt;span class="quote"&gt;sleep a while within this house of flesh.&lt;/span&gt;</p0826-teimww:text>
  </p0826-teimww:passage>
  <p0826-teimww:passage id="ww_4e69394a5143100c">
    <knoraXmlImport:label>passage label</knoraXmlImport:label>
    <p0826-teimww:occursIn>
      <p0826-teimww:book knoraType="link_value" linkType="ref" target="ww_4899784ecc7f3845"/>
    </p0826-teimww:occursIn>
  </p0826-teimww:passage>
  <p0826-teimww:passage id="ww_75e3fffcd13c6a69">
    <knoraXmlImport:label>passage label</knoraXmlImport:label>
    <p0826-teimww:occursIn>
      <p0826-teimww:book knoraType="link_value" linkType="ref" target="ww_36728f124fde1a07"/>
    </p0826-teimww:occursIn>
    <p0826-teimww:text knoraType="richtext_value">Those strange and mystical transmigrations that I have observed in Silkworms, turn'd my Philosophy into Divinity. &lt;span class="quote"&gt;There is in these works of nature, which seem to puzzle reason, something Divine; and hath more in it than&lt;/span&gt; [sic] &lt;span class="quote"&gt;the eye of a common spectator doth discover.&lt;/span&gt;</p0826-teimww:text>
  </p0826-teimww:passage>
  <p0826-teimww:passage id="ww_352971b082f33c7e">
    <knoraXmlImport:label>passage label</knoraXmlImport:label>
    <p0826-teimww:occursIn>
      <p0826-teimww:book knoraType="link_value" linkType="ref" target="ww_4899784ecc7f3845"/>
    </p0826-teimww:occursIn>
  </p0826-teimww:passage>
  <p0826-teimww:passage id="ww_91309ecac066d09a">
    <knoraXmlImport:label>passage label</knoraXmlImport:label>
    <p0826-teimww:occursIn>
      <p0826-teimww:book knoraType="link_value" linkType="ref" target="ww_36728f124fde1a07"/>
    </p0826-teimww:occursIn>
    <p0826-teimww:text knoraType="richtext_value">If there be any among those common objects of hatred I do contemn and laugh at, it is that great enemy of reason, virtue, and religion, &lt;span class="quote"&gt;the multitude; that numerous piece of monstrosity&lt;/span&gt;, which, taken asunder seem men, and the reasonable creatures of God; but confused together, make but one great beast, &amp; a monstrosity more prodigious than Hydra [...].</p0826-teimww:text>
  </p0826-teimww:passage>
  <p0826-teimww:passage id="ww_65fee9a05a5d02d3">
    <knoraXmlImport:label>passage label</knoraXmlImport:label>
    <p0826-teimww:occursIn>
      <p0826-teimww:book knoraType="link_value" linkType="ref" target="ww_4899784ecc7f3845"/>
    </p0826-teimww:occursIn>
  </p0826-teimww:passage>
  <p0826-teimww:passage id="ww_2f431a2f70baf8fb">
    <knoraXmlImport:label>passage label</knoraXmlImport:label>
    <p0826-teimww:occursIn>
      <p0826-teimww:book knoraType="link_value" linkType="ref" target="ww_36728f124fde1a07"/>
    </p0826-teimww:occursIn>
    <p0826-teimww:text knoraType="richtext_value">I find my growing Judgement daily instructs me how to be better, but my untamed affections and confirmed vitiosity makes me daily do worse; I find in my confirmed age the same sins I discovered in my youth, I committed many then because I was a child, and because I commit them still I am yet an Infant. Therefore I perceive &lt;span class="quote"&gt;a man may be twice a child&lt;/span&gt; before the days of dotage, and stand in need of &lt;i&gt;Aeson's&lt;/i&gt; bath before threescore.</p0826-teimww:text>
  </p0826-teimww:passage>
  <p0826-teimww:passage id="ww_72528ee497bd0513">
    <knoraXmlImport:label>passage label</knoraXmlImport:label>
    <p0826-teimww:occursIn>
      <p0826-teimww:book knoraType="link_value" linkType="ref" target="ww_36728f124fde1a07"/>
    </p0826-teimww:occursIn>
    <p0826-teimww:text knoraType="richtext_value">I cannot believe the story of the Italian; our bad wishes and malevolous desires proceed no further than this life; it is the Devil and the uncharitable votes of Hell, that &lt;span class="quote"&gt;desire our misery in the world to come.&lt;/span&gt;</p0826-teimww:text>
  </p0826-teimww:passage>
  <p0826-teimww:passage id="ww_40d7471c3f9a4d2d">
    <knoraXmlImport:label>passage label</knoraXmlImport:label>
    <p0826-teimww:occursIn>
      <p0826-teimww:book knoraType="link_value" linkType="ref" target="ww_4899784ecc7f3845"/>
    </p0826-teimww:occursIn>
  </p0826-teimww:passage>
  <p0826-teimww:passage id="ww_f19e8de2d986ad24">
    <knoraXmlImport:label>passage label</knoraXmlImport:label>
    <p0826-teimww:occursIn>
      <p0826-teimww:book knoraType="link_value" linkType="ref" target="ww_19945219a7c5599a"/>
    </p0826-teimww:occursIn>
    <p0826-teimww:text knoraType="richtext_value">[Soldier:] From the Commanders, Col. Rainsborow, and Comissary Ireton, I have in trust to let you know, some minutes hence you are to die. (Exit).&lt;br&gt;
[Sir Charles:] Oh perjur'd Miscreants! is this your mercy ? this &lt;span class="quote"&gt;my prophetic Soul &lt;/span&gt;still whisper'd to me; I knew they in our bloods would bathe their guilt, and sacrifice our lives to their God Treason, these Victims befit Molech , not Messiah , whom these professed Saints, but real Devils, seem to make the umpire of their deeds.&lt;br&gt;&lt;br&gt;

Angry Rhamnusia , though we fall to dust,&lt;br&gt;
Punish these Traytors, for their acts unjust.</p0826-teimww:text>
  </p0826-teimww:passage>
  <p0826-teimww:passage id="ww_7b9ba1bee1b367a3">
    <knoraXmlImport:label>passage label</knoraXmlImport:label>
    <p0826-teimww:occursIn>
      <p0826-teimww:book knoraType="link_value" linkType="ref" target="ww_91e0dc4c671938fa"/>
    </p0826-teimww:occursIn>
  </p0826-teimww:passage>
  <p0826-teimww:passage id="ww_4836a4a6163fc353">
    <knoraXmlImport:label>passage label</knoraXmlImport:label>
    <p0826-teimww:occursIn>
      <p0826-teimww:book knoraType="link_value" linkType="ref" target="ww_d97d76c6a1fac50d"/>
    </p0826-teimww:occursIn>
    <p0826-teimww:text knoraType="richtext_value">[Duke Gondibert:] Nor would I by a total silence yield&lt;br&gt;
My honour ta'ne, though I were Pris'ner made;&lt;br&gt;
Least you should think we may be &lt;span class="quote"&gt;justly kill'd,&lt;/span&gt;&lt;br&gt;
And sacred justice by mistake invade.</p0826-teimww:text>
  </p0826-teimww:passage>
  <p0826-teimww:passage id="ww_ead629fb4b79cd2a">
    <knoraXmlImport:label>passage label</knoraXmlImport:label>
    <p0826-teimww:occursIn>
      <p0826-teimww:book knoraType="link_value" linkType="ref" target="ww_3e15ab6c612eadae"/>
    </p0826-teimww:occursIn>
  </p0826-teimww:passage>
  <p0826-teimww:passage id="ww_3a506ac73da6d718">
    <knoraXmlImport:label>passage label</knoraXmlImport:label>
    <p0826-teimww:occursIn>
      <p0826-teimww:book knoraType="link_value" linkType="ref" target="ww_79fe5ccacfa2bc91"/>
    </p0826-teimww:occursIn>
    <p0826-teimww:text knoraType="richtext_value">[Duke:] [...] Cease his destroying dart! and in its room&lt;br&gt;
Place thine of Gold, then wound him with his own, &lt;br&gt;
Ev'n to destruction! so shalt thou prove &lt;br&gt;
A glorious victor, I, she, live and love. &lt;br&gt;
[Honorio:] It is, as &lt;span class="quote"&gt;
my prophetic soul inform'd me, &lt;br&gt;&lt;/span&gt;
And now for my discovery (to him Hono)  &lt;br&gt;
[Duke:] How dar'st thou interrupt our privacy? &lt;br&gt;
Have we no power? &lt;br&gt;
[Honorio:] But calm that stormy brow! your grace forthwith &lt;br&gt;
Shall feel the ease I bring you.</p0826-teimww:text>
  </p0826-teimww:passage>
  <p0826-teimww:passage id="ww_3f36269f8a8c61d1">
    <knoraXmlImport:label>passage label</knoraXmlImport:label>
    <p0826-teimww:occursIn>
      <p0826-teimww:book knoraType="link_value" linkType="ref" target="ww_91e0dc4c671938fa"/>
    </p0826-teimww:occursIn>
  </p0826-teimww:passage>
  <p0826-teimww:passage id="ww_6d26e0b08b6a33b2">
    <knoraXmlImport:label>passage label</knoraXmlImport:label>
    <p0826-teimww:occursIn>
      <p0826-teimww:book knoraType="link_value" linkType="ref" target="ww_2302e398030e9ddf"/>
    </p0826-teimww:occursIn>
    <p0826-teimww:text knoraType="richtext_value">[Don Gerardo:] These Actions sure did seem a perfect madness.&lt;br&gt;
[Servant:] It seem'd indeed &lt;span class="quote"&gt;a madness methodiz'd&lt;/span&gt;, &lt;br&gt;
Like theirs who are Transported far with Passion. </p0826-teimww:text>
  </p0826-teimww:passage>
  <p0826-teimww:passage id="ww_bf7378ed1312b553">
    <knoraXmlImport:label>passage label</knoraXmlImport:label>
    <p0826-teimww:occursIn>
      <p0826-teimww:book knoraType="link_value" linkType="ref" target="ww_3e15ab6c612eadae"/>
    </p0826-teimww:occursIn>
  </p0826-teimww:passage>
  <p0826-teimww:passage id="ww_67c3a45b3aec1899">
    <knoraXmlImport:label>passage label</knoraXmlImport:label>
    <p0826-teimww:occursIn>
      <p0826-teimww:book knoraType="link_value" linkType="ref" target="ww_34f6680a5ed3328f"/>
    </p0826-teimww:occursIn>
    <p0826-teimww:text knoraType="richtext_value">[Lysimachus:] A voice! To whom should this address belong!&lt;br&gt;
O Gods! There's &lt;i&gt;Parisatis&lt;/i&gt; list'ning to the Song!&lt;br&gt;
&lt;i&gt;Ephestion&lt;/i&gt; too! &lt;span class="quote"&gt;O my prophetique Soul!&lt;/span&gt;&lt;br&gt;
What shall I do to keep my senses whole! </p0826-teimww:text>
  </p0826-teimww:passage>
  <p0826-teimww:passage id="ww_ce75597a20d4c554">
    <knoraXmlImport:label>passage label</knoraXmlImport:label>
    <p0826-teimww:occursIn>
      <p0826-teimww:book knoraType="link_value" linkType="ref" target="ww_aee75c33920a3b79"/>
    </p0826-teimww:occursIn>
  </p0826-teimww:passage>
  <p0826-teimww:passage id="ww_84b0cdff7632e452">
    <knoraXmlImport:label>passage label</knoraXmlImport:label>
    <p0826-teimww:occursIn>
      <p0826-teimww:book knoraType="link_value" linkType="ref" target="ww_0b80290e20216583"/>
    </p0826-teimww:occursIn>
    <p0826-teimww:text knoraType="richtext_value">[Sir Noble Clumsy:] Why, you sweet perfum'd Jessamine knaves! &lt;span class="quote"&gt;you Rogues in Buckram! &lt;/span&gt;were there a Dozen of ouy, I'd beat you out of your artificial Sweetness into your own natural Rankness.</p0826-teimww:text>
  </p0826-teimww:passage>
  <p0826-teimww:passage id="ww_e12f3bc32541a7b6">
    <knoraXmlImport:label>passage label</knoraXmlImport:label>
    <p0826-teimww:occursIn>
      <p0826-teimww:book knoraType="link_value" linkType="ref" target="ww_1140c36ab545b6d8"/>
    </p0826-teimww:occursIn>
  </p0826-teimww:passage>
  <p0826-teimww:passage id="ww_e88ebd8466e6c87a">
    <knoraXmlImport:label>passage label</knoraXmlImport:label>
    <p0826-teimww:occursIn>
      <p0826-teimww:book knoraType="link_value" linkType="ref" target="ww_0b4c366e4e5bc9b9"/>
    </p0826-teimww:occursIn>
    <p0826-teimww:text knoraType="richtext_value">[Lyonel:] [...] (Sings) There's nothing so fatal as Woman, &lt;br&gt; 
To hurry a Man to his Grave, &lt;br&gt; 
You must think, you may plot, &lt;br&gt; 
You may sigh like a Sot: &lt;br&gt; 
She uses you more like a Slave. &lt;br&gt;  
But a Bottle, altho' it be common, &lt;br&gt; 
The Cheats of the Fair will undo, &lt;br&gt; 
It will drive from your Head &lt;br&gt; 
The Delights of the Bed; &lt;br&gt; 
He that's drunk is not able to wooe. &lt;br&gt;  
(Exit Lyonel)&lt;br&gt; 
[Celia:] &lt;span class="quote"&gt;Method in Madness&lt;/span&gt;, Grace even in Distraction: 
I'll never leave him, 'till, by Art or Prayer, 
I have restor'd his Senses to their Office. </p0826-teimww:text>
  </p0826-teimww:passage>
  <p0826-teimww:passage id="ww_8746a28ce80d1a60">
    <knoraXmlImport:label>passage label</knoraXmlImport:label>
    <p0826-teimww:occursIn>
      <p0826-teimww:book knoraType="link_value" linkType="ref" target="ww_0b4c366e4e5bc9b9"/>
    </p0826-teimww:occursIn>
    <p0826-teimww:text knoraType="richtext_value">[Lyonel:]&lt;span class="quote"&gt; A Horse; a Horse; my Kingdom for a Horse: &lt;/span&gt;What's here, a Woman, charging at their Army's Head? then we are betray'd.</p0826-teimww:text>
  </p0826-teimww:passage>
  <p0826-teimww:passage id="ww_23acf4765b75862f">
    <knoraXmlImport:label>passage label</knoraXmlImport:label>
    <p0826-teimww:occursIn>
      <p0826-teimww:book knoraType="link_value" linkType="ref" target="ww_3e15ab6c612eadae"/>
    </p0826-teimww:occursIn>
  </p0826-teimww:passage>
  <p0826-teimww:passage id="ww_69bc0ae6ab767b5a">
    <knoraXmlImport:label>passage label</knoraXmlImport:label>
    <p0826-teimww:occursIn>
      <p0826-teimww:book knoraType="link_value" linkType="ref" target="ww_05a629a7b774cea6"/>
    </p0826-teimww:occursIn>
    <p0826-teimww:text knoraType="richtext_value">O dastard Coward, Stutly cries,&lt;br&gt;
Faint-hearted, &lt;span class="quote"&gt;Peasant Slave!&lt;/span&gt;</p0826-teimww:text>
  </p0826-teimww:passage>
  <p0826-teimww:passage id="ww_c16390ac077f7170">
    <knoraXmlImport:label>passage label</knoraXmlImport:label>
    <p0826-teimww:occursIn>
      <p0826-teimww:book knoraType="link_value" linkType="ref" target="ww_d1faedb423154f39"/>
    </p0826-teimww:occursIn>
  </p0826-teimww:passage>
  <p0826-teimww:passage id="ww_1a28e837333c98f9">
    <knoraXmlImport:label>passage label</knoraXmlImport:label>
    <p0826-teimww:occursIn>
      <p0826-teimww:book knoraType="link_value" linkType="ref" target="ww_31331c878f65b6f4"/>
    </p0826-teimww:occursIn>
    <p0826-teimww:text knoraType="richtext_value">&lt;span class="quote"&gt;Mors omnibus communis&lt;/span&gt;</p0826-teimww:text>
  </p0826-teimww:passage>
  <p0826-teimww:passage id="ww_a47a0c53fde08dc1">
    <knoraXmlImport:label>passage label</knoraXmlImport:label>
    <p0826-teimww:occursIn>
      <p0826-teimww:book knoraType="link_value" linkType="ref" target="ww_cd1e70f8e2cd8c82"/>
    </p0826-teimww:occursIn>
  </p0826-teimww:passage>
  <p0826-teimww:passage id="ww_cdf3e6966c8d166e">
    <knoraXmlImport:label>passage label</knoraXmlImport:label>
    <p0826-teimww:occursIn>
      <p0826-teimww:book knoraType="link_value" linkType="ref" target="ww_31331c878f65b6f4"/>
    </p0826-teimww:occursIn>
    <p0826-teimww:text knoraType="richtext_value">Mare malorum &lt;br&gt;
&lt;span class="quote"&gt;A sea of troubles&lt;/span&gt; &lt;br&gt;
Kakôn thálassa, &lt;span class="quote"&gt;A sea of troubles&lt;/span&gt;. This is usually said of catastrophes which are boundless and manifold, because the sea is an infinite thing, or else because those who occupy themselves in it are subject to infinite hardships. </p0826-teimww:text>
  </p0826-teimww:passage>
  <p0826-teimww:passage id="ww_f39d4381df7fd4dc">
    <knoraXmlImport:label>passage label</knoraXmlImport:label>
    <p0826-teimww:occursIn>
      <p0826-teimww:book knoraType="link_value" linkType="ref" target="ww_5c89e8fa112ee4e8"/>
    </p0826-teimww:occursIn>
  </p0826-teimww:passage>
  <p0826-teimww:passage id="ww_3bed878cf8eb3487">
    <knoraXmlImport:label>passage label</knoraXmlImport:label>
    <p0826-teimww:occursIn>
      <p0826-teimww:book knoraType="link_value" linkType="ref" target="ww_0de19bd63a1c9142"/>
    </p0826-teimww:occursIn>
  </p0826-teimww:passage>
  <p0826-teimww:passage id="ww_46ebbf09549cd524">
    <knoraXmlImport:label>passage label</knoraXmlImport:label>
    <p0826-teimww:occursIn>
      <p0826-teimww:book knoraType="link_value" linkType="ref" target="ww_31331c878f65b6f4"/>
    </p0826-teimww:occursIn>
    <p0826-teimww:text knoraType="richtext_value">&lt;span class="quote"&gt;machina mundi&lt;/span&gt;</p0826-teimww:text>
  </p0826-teimww:passage>
  <p0826-teimww:passage id="ww_4add95d7f2b28e39">
    <knoraXmlImport:label>passage label</knoraXmlImport:label>
    <p0826-teimww:occursIn>
      <p0826-teimww:book knoraType="link_value" linkType="ref" target="ww_160b060adc5c12bf"/>
    </p0826-teimww:occursIn>
  </p0826-teimww:passage>
  <p0826-teimww:passage id="ww_aadca19b8102d992">
    <knoraXmlImport:label>passage label</knoraXmlImport:label>
    <p0826-teimww:occursIn>
      <p0826-teimww:book knoraType="link_value" linkType="ref" target="ww_31331c878f65b6f4"/>
    </p0826-teimww:occursIn>
    <p0826-teimww:text knoraType="richtext_value">&lt;span class="quote"&gt;Gaudium Dolori junctum &lt;/span&gt;</p0826-teimww:text>
  </p0826-teimww:passage>
  <p0826-teimww:passage id="ww_935915ddcdbc0974">
    <knoraXmlImport:label>passage label</knoraXmlImport:label>
    <p0826-teimww:occursIn>
      <p0826-teimww:book knoraType="link_value" linkType="ref" target="ww_f3b3659c26b68006"/>
    </p0826-teimww:occursIn>
  </p0826-teimww:passage>
  <p0826-teimww:passage id="ww_8a873cdf62c434c3">
    <knoraXmlImport:label>passage label</knoraXmlImport:label>
    <p0826-teimww:occursIn>
      <p0826-teimww:book knoraType="link_value" linkType="ref" target="ww_cd1e70f8e2cd8c82"/>
    </p0826-teimww:occursIn>
  </p0826-teimww:passage>
  <p0826-teimww:passage id="ww_272c50b07fc3dc72">
    <knoraXmlImport:label>passage label</knoraXmlImport:label>
    <p0826-teimww:occursIn>
      <p0826-teimww:book knoraType="link_value" linkType="ref" target="ww_31331c878f65b6f4"/>
    </p0826-teimww:occursIn>
    <p0826-teimww:text knoraType="richtext_value">&lt;span class="quote"&gt;Felicitas multas habet amicos &lt;/span&gt;
</p0826-teimww:text>
  </p0826-teimww:passage>
  <p0826-teimww:passage id="ww_ed5f99631ba499a1">
    <knoraXmlImport:label>passage label</knoraXmlImport:label>
    <p0826-teimww:occursIn>
      <p0826-teimww:book knoraType="link_value" linkType="ref" target="ww_f3b3659c26b68006"/>
    </p0826-teimww:occursIn>
  </p0826-teimww:passage>
  <p0826-teimww:passage id="ww_949af8b56a078376">
    <knoraXmlImport:label>passage label</knoraXmlImport:label>
    <p0826-teimww:occursIn>
      <p0826-teimww:book knoraType="link_value" linkType="ref" target="ww_31331c878f65b6f4"/>
    </p0826-teimww:occursIn>
    <p0826-teimww:text knoraType="richtext_value">&lt;span class="quote"&gt;Summum jus, summa injuria.&lt;/span&gt;</p0826-teimww:text>
  </p0826-teimww:passage>
  <p0826-teimww:passage id="ww_0e08f96743dcf5c7">
    <knoraXmlImport:label>passage label</knoraXmlImport:label>
    <p0826-teimww:occursIn>
      <p0826-teimww:book knoraType="link_value" linkType="ref" target="ww_cd1e70f8e2cd8c82"/>
    </p0826-teimww:occursIn>
  </p0826-teimww:passage>
  <p0826-teimww:passage id="ww_ab208d708d7155f8">
    <knoraXmlImport:label>passage label</knoraXmlImport:label>
    <p0826-teimww:occursIn>
      <p0826-teimww:book knoraType="link_value" linkType="ref" target="ww_f3b3659c26b68006"/>
    </p0826-teimww:occursIn>
  </p0826-teimww:passage>
  <p0826-teimww:passage id="ww_0db9d9d353205a33">
    <knoraXmlImport:label>passage label</knoraXmlImport:label>
    <p0826-teimww:occursIn>
      <p0826-teimww:book knoraType="link_value" linkType="ref" target="ww_31331c878f65b6f4"/>
    </p0826-teimww:occursIn>
    <p0826-teimww:text knoraType="richtext_value">&lt;span class="quote"&gt;Mnerum animus optimus &lt;/span&gt;</p0826-teimww:text>
  </p0826-teimww:passage>
  <p0826-teimww:passage id="ww_ba92c15f974baeb1">
    <knoraXmlImport:label>passage label</knoraXmlImport:label>
    <p0826-teimww:occursIn>
      <p0826-teimww:book knoraType="link_value" linkType="ref" target="ww_cd1e70f8e2cd8c82"/>
    </p0826-teimww:occursIn>
  </p0826-teimww:passage>
  <p0826-teimww:passage id="ww_d7fe8bfbfce63e04">
    <knoraXmlImport:label>passage label</knoraXmlImport:label>
    <p0826-teimww:occursIn>
      <p0826-teimww:book knoraType="link_value" linkType="ref" target="ww_31331c878f65b6f4"/>
    </p0826-teimww:occursIn>
    <p0826-teimww:text knoraType="richtext_value">&lt;span class="quote"&gt;mala malis eveniunt &lt;/span&gt;</p0826-teimww:text>
  </p0826-teimww:passage>
  <p0826-teimww:passage id="ww_99d1032375914e42">
    <knoraXmlImport:label>passage label</knoraXmlImport:label>
    <p0826-teimww:occursIn>
      <p0826-teimww:book knoraType="link_value" linkType="ref" target="ww_cd1e70f8e2cd8c82"/>
    </p0826-teimww:occursIn>
  </p0826-teimww:passage>
  <p0826-teimww:passage id="ww_62776caa9b491421">
    <knoraXmlImport:label>passage label</knoraXmlImport:label>
    <p0826-teimww:occursIn>
      <p0826-teimww:book knoraType="link_value" linkType="ref" target="ww_31331c878f65b6f4"/>
    </p0826-teimww:occursIn>
    <p0826-teimww:text knoraType="richtext_value">&lt;span class="quote"&gt;Duos insequens lepores neutrum capit &lt;/span&gt;</p0826-teimww:text>
  </p0826-teimww:passage>
  <p0826-teimww:passage id="ww_d8247ef0f46d8cb9">
    <knoraXmlImport:label>passage label</knoraXmlImport:label>
    <p0826-teimww:occursIn>
      <p0826-teimww:book knoraType="link_value" linkType="ref" target="ww_cd1e70f8e2cd8c82"/>
    </p0826-teimww:occursIn>
  </p0826-teimww:passage>
  <p0826-teimww:passage id="ww_3ca2643fbac09ebc">
    <knoraXmlImport:label>passage label</knoraXmlImport:label>
    <p0826-teimww:occursIn>
      <p0826-teimww:book knoraType="link_value" linkType="ref" target="ww_c5e133e72906221d"/>
    </p0826-teimww:occursIn>
    <p0826-teimww:text knoraType="richtext_value">&lt;span class="quote"&gt;A subdistinction or &lt;i&gt;Comma&lt;/i&gt;, is a note of silence, or rather a place of breathing; as whereby the term of pronunciation, the sentence still remaining, is so suspended: as that that which followeth ought presently to succed.&lt;/span&gt;</p0826-teimww:text>
  </p0826-teimww:passage>
  <p0826-teimww:passage id="ww_c17ba6988f3ada04">
    <knoraXmlImport:label>passage label</knoraXmlImport:label>
    <p0826-teimww:occursIn>
      <p0826-teimww:book knoraType="link_value" linkType="ref" target="ww_160b060adc5c12bf"/>
    </p0826-teimww:occursIn>
  </p0826-teimww:passage>
  <p0826-teimww:passage id="ww_b8be8757f5d40e99">
    <knoraXmlImport:label>passage label</knoraXmlImport:label>
    <p0826-teimww:occursIn>
      <p0826-teimww:book knoraType="link_value" linkType="ref" target="ww_d1747dd42d4313ef"/>
    </p0826-teimww:occursIn>
    <p0826-teimww:text knoraType="richtext_value">[...] demum totius &lt;span class="quote"&gt;machina mundi&lt;br&gt;&lt;/span&gt;
Hoc stat, &amp; hoc durat tot iam per saecula nexu.</p0826-teimww:text>
  </p0826-teimww:passage>
  <p0826-teimww:passage id="ww_53ab3a20481a3cb7">
    <knoraXmlImport:label>passage label</knoraXmlImport:label>
    <p0826-teimww:occursIn>
      <p0826-teimww:book knoraType="link_value" linkType="ref" target="ww_160b060adc5c12bf"/>
    </p0826-teimww:occursIn>
  </p0826-teimww:passage>
  <p0826-teimww:passage id="ww_890aefaf06d8b85f">
    <knoraXmlImport:label>passage label</knoraXmlImport:label>
    <p0826-teimww:occursIn>
      <p0826-teimww:book knoraType="link_value" linkType="ref" target="ww_d6460d7b7e7075d6"/>
    </p0826-teimww:occursIn>
    <p0826-teimww:text knoraType="richtext_value">But the crowd of our nobility do not follow the precept (as to the value of writing), for &lt;span class="quote"&gt;they think it is a fine and becoming thing not to know how to form their letters. &lt;/span&gt;You would say their writing was the scratching of hens, and unless you were warned beforehand whose hand it was, you would never guess.</p0826-teimww:text>
  </p0826-teimww:passage>
  <p0826-teimww:passage id="ww_9ca6cb826f089c4e">
    <knoraXmlImport:label>passage label</knoraXmlImport:label>
    <p0826-teimww:occursIn>
      <p0826-teimww:book knoraType="link_value" linkType="ref" target="ww_160b060adc5c12bf"/>
    </p0826-teimww:occursIn>
  </p0826-teimww:passage>
  <p0826-teimww:passage id="ww_fdeec4bf45892546">
    <knoraXmlImport:label>passage label</knoraXmlImport:label>
    <p0826-teimww:occursIn>
      <p0826-teimww:book knoraType="link_value" linkType="ref" target="ww_9e5c2e9be2d59c76"/>
    </p0826-teimww:occursIn>
    <p0826-teimww:text knoraType="richtext_value">&lt;span class="quote"&gt;The woman is a weak creature &lt;/span&gt;[...] &lt;span class="quote"&gt;She is the weaker vessel, of a frail heat, inconstant &lt;/span&gt;[...]. &lt;span class="quote"&gt;The woman is the more frail part &lt;/span&gt;[...]. &lt;span class="quote"&gt;The woman is a frail vessel.&lt;/span&gt;</p0826-teimww:text>
  </p0826-teimww:passage>
  <p0826-teimww:passage id="ww_108ee3f5d0562cf8">
    <knoraXmlImport:label>passage label</knoraXmlImport:label>
    <p0826-teimww:occursIn>
      <p0826-teimww:book knoraType="link_value" linkType="ref" target="ww_0b28ed19a0540e1d"/>
    </p0826-teimww:occursIn>
  </p0826-teimww:passage>
  <p0826-teimww:passage id="ww_a81ab09a82933a15">
    <knoraXmlImport:label>passage label</knoraXmlImport:label>
    <p0826-teimww:occursIn>
      <p0826-teimww:book knoraType="link_value" linkType="ref" target="ww_7589cfaa41b21699"/>
    </p0826-teimww:occursIn>
  </p0826-teimww:passage>
  <p0826-teimww:passage id="ww_d74a0086d7b17eba">
    <knoraXmlImport:label>passage label</knoraXmlImport:label>
    <p0826-teimww:occursIn>
      <p0826-teimww:book knoraType="link_value" linkType="ref" target="ww_2fa5a9bb2a67257a"/>
    </p0826-teimww:occursIn>
  </p0826-teimww:passage>
  <p0826-teimww:passage id="ww_c43634f03d8e7332">
    <knoraXmlImport:label>passage label</knoraXmlImport:label>
    <p0826-teimww:occursIn>
      <p0826-teimww:book knoraType="link_value" linkType="ref" target="ww_450c8e303d46eae2"/>
    </p0826-teimww:occursIn>
  </p0826-teimww:passage>
  <p0826-teimww:passage id="ww_209beed5c3dd36ff">
    <knoraXmlImport:label>passage label</knoraXmlImport:label>
    <p0826-teimww:occursIn>
      <p0826-teimww:book knoraType="link_value" linkType="ref" target="ww_75159bf6f5fdb9bc"/>
    </p0826-teimww:occursIn>
    <p0826-teimww:text knoraType="richtext_value">[Prologue] We search not&lt;span class="quote"&gt; Plutos pensive &lt;/span&gt;pit, nor taste of Limbo lake.</p0826-teimww:text>
  </p0826-teimww:passage>
  <p0826-teimww:passage id="ww_be544fd019f4c5bc">
    <knoraXmlImport:label>passage label</knoraXmlImport:label>
    <p0826-teimww:occursIn>
      <p0826-teimww:book knoraType="link_value" linkType="ref" target="ww_1b231152ba6c63ce"/>
    </p0826-teimww:occursIn>
  </p0826-teimww:passage>
  <p0826-teimww:passage id="ww_c37e4c7ef67e956f">
    <knoraXmlImport:label>passage label</knoraXmlImport:label>
    <p0826-teimww:occursIn>
      <p0826-teimww:book knoraType="link_value" linkType="ref" target="ww_16de53f169f7d7d7"/>
    </p0826-teimww:occursIn>
    <p0826-teimww:text knoraType="richtext_value">&lt;span class="quote"&gt;Rosemary is for remembrance&lt;/span&gt;, &lt;br&gt;
between us day and night: &lt;br&gt;
Wishing that I might always have, &lt;br&gt;
you present in my sight.</p0826-teimww:text>
  </p0826-teimww:passage>
  <p0826-teimww:passage id="ww_41800e28a00bad83">
    <knoraXmlImport:label>passage label</knoraXmlImport:label>
    <p0826-teimww:occursIn>
      <p0826-teimww:book knoraType="link_value" linkType="ref" target="ww_b3931845d54b98d5"/>
    </p0826-teimww:occursIn>
  </p0826-teimww:passage>
  <p0826-teimww:passage id="ww_7cb65ca29fb1a72e">
    <knoraXmlImport:label>passage label</knoraXmlImport:label>
    <p0826-teimww:occursIn>
      <p0826-teimww:book knoraType="link_value" linkType="ref" target="ww_04a69cb6dbc88db4"/>
    </p0826-teimww:occursIn>
    <p0826-teimww:text knoraType="richtext_value">[...] &lt;span class="quote"&gt;the brain as tender as a posset curd&lt;/span&gt; [...].</p0826-teimww:text>
  </p0826-teimww:passage>
  <p0826-teimww:passage id="ww_8168e698d5691f45">
    <knoraXmlImport:label>passage label</knoraXmlImport:label>
    <p0826-teimww:occursIn>
      <p0826-teimww:book knoraType="link_value" linkType="ref" target="ww_0b28ed19a0540e1d"/>
    </p0826-teimww:occursIn>
  </p0826-teimww:passage>
  <p0826-teimww:passage id="ww_d38ff09d9c8e9d1a">
    <knoraXmlImport:label>passage label</knoraXmlImport:label>
    <p0826-teimww:occursIn>
      <p0826-teimww:book knoraType="link_value" linkType="ref" target="ww_bd61ff243a1c12bf"/>
    </p0826-teimww:occursIn>
  </p0826-teimww:passage>
  <p0826-teimww:passage id="ww_301af72fec3f84f3">
    <knoraXmlImport:label>passage label</knoraXmlImport:label>
    <p0826-teimww:occursIn>
      <p0826-teimww:book knoraType="link_value" linkType="ref" target="ww_0b28ed19a0540e1d"/>
    </p0826-teimww:occursIn>
  </p0826-teimww:passage>
  <p0826-teimww:passage id="ww_10fe234affbb9da9">
    <knoraXmlImport:label>passage label</knoraXmlImport:label>
    <p0826-teimww:occursIn>
      <p0826-teimww:book knoraType="link_value" linkType="ref" target="ww_c0bb45384c6abc1f"/>
    </p0826-teimww:occursIn>
  </p0826-teimww:passage>
  <p0826-teimww:passage id="ww_63c2a78cbc5e75a3">
    <knoraXmlImport:label>passage label</knoraXmlImport:label>
    <p0826-teimww:occursIn>
      <p0826-teimww:book knoraType="link_value" linkType="ref" target="ww_207b1333656832c3"/>
    </p0826-teimww:occursIn>
    <p0826-teimww:text knoraType="richtext_value">[Tamburlaine:] &lt;span class="quote"&gt;For Tamburlaine, the scourge of God, must die.&lt;/span&gt;</p0826-teimww:text>
  </p0826-teimww:passage>
  <p0826-teimww:passage id="ww_c341b14c10492bf1">
    <knoraXmlImport:label>passage label</knoraXmlImport:label>
    <p0826-teimww:occursIn>
      <p0826-teimww:book knoraType="link_value" linkType="ref" target="ww_1b231152ba6c63ce"/>
    </p0826-teimww:occursIn>
  </p0826-teimww:passage>
  <p0826-teimww:passage id="ww_9ddb45454a3f3f7d">
    <knoraXmlImport:label>passage label</knoraXmlImport:label>
    <p0826-teimww:occursIn>
      <p0826-teimww:book knoraType="link_value" linkType="ref" target="ww_0062af28cf1872e1"/>
    </p0826-teimww:occursIn>
    <p0826-teimww:text knoraType="richtext_value">[Muly Mahamet:] And honor of undoubted victory, &lt;br&gt;
Makes me exclaim upon this dastard flight.  &lt;br&gt;
Why, King Sebastian, wilt thou now&lt;span class="quote"&gt; forslow&lt;/span&gt;,  &lt;br&gt;
And let so great a glory slip thy hands?  </p0826-teimww:text>
  </p0826-teimww:passage>
  <p0826-teimww:passage id="ww_52d5edd4ffdff380">
    <knoraXmlImport:label>passage label</knoraXmlImport:label>
    <p0826-teimww:occursIn>
      <p0826-teimww:book knoraType="link_value" linkType="ref" target="ww_0062af28cf1872e1"/>
    </p0826-teimww:occursIn>
    <p0826-teimww:text knoraType="richtext_value">[Muly Mahamet:] &lt;span class="quote"&gt;A horse, a horse, villain, a horse &lt;br&gt;
That I may take the river straight and fly&lt;/span&gt;.</p0826-teimww:text>
  </p0826-teimww:passage>
  <p0826-teimww:passage id="ww_2dcfd9b7c6f22204">
    <knoraXmlImport:label>passage label</knoraXmlImport:label>
    <p0826-teimww:occursIn>
      <p0826-teimww:book knoraType="link_value" linkType="ref" target="ww_1b231152ba6c63ce"/>
    </p0826-teimww:occursIn>
  </p0826-teimww:passage>
  <p0826-teimww:passage id="ww_1e7a4f785581d1ec">
    <knoraXmlImport:label>passage label</knoraXmlImport:label>
    <p0826-teimww:occursIn>
      <p0826-teimww:book knoraType="link_value" linkType="ref" target="ww_f052ab291abd7898"/>
    </p0826-teimww:occursIn>
    <p0826-teimww:text knoraType="richtext_value">[Dido:] [...] Thy &lt;span class="quote"&gt;mother &lt;/span&gt;was no goddess, perjured
man,&lt;br&gt;
Nor Dardanus the author of thy stock;&lt;br&gt;
But thou art sprung from &lt;span class="quote"&gt;Scythian Caucasus,&lt;/span&gt;&lt;br&gt;
And &lt;span class="quote"&gt;tigers of Hercynia gave thee suck.&lt;/span&gt;</p0826-teimww:text>
  </p0826-teimww:passage>
  <p0826-teimww:passage id="ww_26dd9d67761968ab">
    <knoraXmlImport:label>passage label</knoraXmlImport:label>
    <p0826-teimww:occursIn>
      <p0826-teimww:book knoraType="link_value" linkType="ref" target="ww_db0e9fa009aad7b3"/>
    </p0826-teimww:occursIn>
  </p0826-teimww:passage>
  <p0826-teimww:passage id="ww_49d245586d1e630a">
    <knoraXmlImport:label>passage label</knoraXmlImport:label>
    <p0826-teimww:occursIn>
      <p0826-teimww:book knoraType="link_value" linkType="ref" target="ww_10ccfff324728f4d"/>
    </p0826-teimww:occursIn>
    <p0826-teimww:text knoraType="richtext_value">[Suleiman:] &lt;span class="quote"&gt;Ah heavens that hitherto have smiled on me, &lt;br&gt;
Why do you unkindly lower on Soliman?&lt;/span&gt;</p0826-teimww:text>
  </p0826-teimww:passage>
  <p0826-teimww:passage id="ww_696b2ee8ce24007a">
    <knoraXmlImport:label>passage label</knoraXmlImport:label>
    <p0826-teimww:occursIn>
      <p0826-teimww:book knoraType="link_value" linkType="ref" target="ww_df2b8c2f18df151a"/>
    </p0826-teimww:occursIn>
  </p0826-teimww:passage>
  <p0826-teimww:passage id="ww_5b8ae7e0e14380c9">
    <knoraXmlImport:label>passage label</knoraXmlImport:label>
    <p0826-teimww:occursIn>
      <p0826-teimww:book knoraType="link_value" linkType="ref" target="ww_10ccfff324728f4d"/>
    </p0826-teimww:occursIn>
    <p0826-teimww:text knoraType="richtext_value">[Brusor:] [...] What say these prisoners? will they &lt;span class="quote"&gt;turn Turk&lt;/span&gt;, or not?&lt;br&gt;
[Iuilo:] First &lt;i&gt;Julio&lt;/i&gt; will die ten thousand deaths.&lt;br&gt;
[Guelpio:] And &lt;i&gt;Guelpio&lt;/i&gt;, rather than deny his Christ.&lt;br&gt;
[Bruso:] Then stab the slaves, and send their souls to hell.&lt;br&gt;
([Soldiers] stab Julio and Guelpio)&lt;br&gt;
[Basilisco:] I turn, I turn; oh, save my life, I turn.&lt;br&gt;
[Bruso:] Forbear to hurt him; when we land in Turkey,&lt;br&gt;
He shall be circumcised and have his rites.&lt;br&gt;
[Basilisco:] Think you I &lt;span class="quote"&gt;turn Turk &lt;/span&gt;for fear of servile death that's but a sport? I' faith, sir, no;&lt;br&gt;
Tis for &lt;i&gt;Perseda&lt;/i&gt;, whom I love so well&lt;br&gt;
That I would follow her though she went to hell.</p0826-teimww:text>
  </p0826-teimww:passage>
  <p0826-teimww:passage id="ww_43f2d3dd3c362499">
    <knoraXmlImport:label>passage label</knoraXmlImport:label>
    <p0826-teimww:occursIn>
      <p0826-teimww:book knoraType="link_value" linkType="ref" target="ww_0062af28cf1872e1"/>
    </p0826-teimww:occursIn>
    <p0826-teimww:text knoraType="richtext_value">[Presenter:] &lt;span class="quote"&gt;Sit down and see&lt;/span&gt; what heinous stratagems 
These damned wits contrive.</p0826-teimww:text>
  </p0826-teimww:passage>
  <p0826-teimww:passage id="ww_dae0f70ab4515b3c">
    <knoraXmlImport:label>passage label</knoraXmlImport:label>
    <p0826-teimww:occursIn>
      <p0826-teimww:book knoraType="link_value" linkType="ref" target="ww_1b231152ba6c63ce"/>
    </p0826-teimww:occursIn>
  </p0826-teimww:passage>
  <p0826-teimww:passage id="ww_31b7f2d02d981c53">
    <knoraXmlImport:label>passage label</knoraXmlImport:label>
    <p0826-teimww:occursIn>
      <p0826-teimww:book knoraType="link_value" linkType="ref" target="ww_0062af28cf1872e1"/>
    </p0826-teimww:occursIn>
    <p0826-teimww:text knoraType="richtext_value">[Presenter:] Till &lt;span class="quote"&gt;Nemesis high mistress of revenge, 
That with her scourge keeps all the world in awe&lt;/span&gt;, 
With thundering drums awakes the God of war 
&lt;br&gt;&lt;br&gt;
[Presenter:]&lt;span class="quote"&gt; And Nemesis with bloody whip in hand&lt;/span&gt; &lt;br&gt;
thunders for vengeance on this negro Moor.</p0826-teimww:text>
  </p0826-teimww:passage>
  <p0826-teimww:passage id="ww_8ab7686deffa85a4">
    <knoraXmlImport:label>passage label</knoraXmlImport:label>
    <p0826-teimww:occursIn>
      <p0826-teimww:book knoraType="link_value" linkType="ref" target="ww_0062af28cf1872e1"/>
    </p0826-teimww:occursIn>
    <p0826-teimww:text knoraType="richtext_value">[Muly Mahamet:] Be Pluto then in hell and bar the fiends, &lt;br&gt;
Take Neptune's force to thee and calm the seas, &lt;br&gt;
And execute &lt;span class="quote"&gt;Jove's justice&lt;/span&gt; on the world, &lt;br&gt;
Convey Tamburlaine into our Africa here, &lt;br&gt;
To chastise and to menace lawful kings, &lt;br&gt;
&lt;span class="quote"&gt;Tamburlaine triumph not, for thou must die&lt;/span&gt; &lt;br&gt;
As Philip did,&lt;span class="quote"&gt; Cæsar, and Cæsar's peers&lt;/span&gt;. </p0826-teimww:text>
  </p0826-teimww:passage>
  <p0826-teimww:passage id="ww_d017f21ac4331aee">
    <knoraXmlImport:label>passage label</knoraXmlImport:label>
    <p0826-teimww:occursIn>
      <p0826-teimww:book knoraType="link_value" linkType="ref" target="ww_0062af28cf1872e1"/>
    </p0826-teimww:occursIn>
    <p0826-teimww:text knoraType="richtext_value">[Muly Mahamet:] Restless, till I be safely &lt;span class="quote"&gt;set in shade &lt;br&gt;
Of some unhaunted place, some blasted grove&lt;/span&gt;.</p0826-teimww:text>
  </p0826-teimww:passage>
  <p0826-teimww:passage id="ww_ae47cd2cc3ed4eb5">
    <knoraXmlImport:label>passage label</knoraXmlImport:label>
    <p0826-teimww:occursIn>
      <p0826-teimww:book knoraType="link_value" linkType="ref" target="ww_1b231152ba6c63ce"/>
    </p0826-teimww:occursIn>
  </p0826-teimww:passage>
  <p0826-teimww:passage id="ww_5c4e9265f616cd9b">
    <knoraXmlImport:label>passage label</knoraXmlImport:label>
    <p0826-teimww:occursIn>
      <p0826-teimww:book knoraType="link_value" linkType="ref" target="ww_0062af28cf1872e1"/>
    </p0826-teimww:occursIn>
    <p0826-teimww:text knoraType="richtext_value">[Bashaw:] As glorious as&lt;span class="quote"&gt; great Pompey&lt;/span&gt; in his pride. </p0826-teimww:text>
  </p0826-teimww:passage>
  <p0826-teimww:passage id="ww_a436e92dbb261850">
    <knoraXmlImport:label>passage label</knoraXmlImport:label>
    <p0826-teimww:occursIn>
      <p0826-teimww:book knoraType="link_value" linkType="ref" target="ww_1b231152ba6c63ce"/>
    </p0826-teimww:occursIn>
  </p0826-teimww:passage>
  <p0826-teimww:passage id="ww_1e6674861a95e0e8">
    <knoraXmlImport:label>passage label</knoraXmlImport:label>
    <p0826-teimww:occursIn>
      <p0826-teimww:book knoraType="link_value" linkType="ref" target="ww_0062af28cf1872e1"/>
    </p0826-teimww:occursIn>
    <p0826-teimww:text knoraType="richtext_value">[Muly Mahamet:] &lt;span class="quote"&gt;Where art thou boy, where is Calipolis&lt;/span&gt;? </p0826-teimww:text>
  </p0826-teimww:passage>
  <p0826-teimww:passage id="ww_cd402a03ad5b25fe">
    <knoraXmlImport:label>passage label</knoraXmlImport:label>
    <p0826-teimww:occursIn>
      <p0826-teimww:book knoraType="link_value" linkType="ref" target="ww_1b231152ba6c63ce"/>
    </p0826-teimww:occursIn>
  </p0826-teimww:passage>
  <p0826-teimww:passage id="ww_da83d62dbf19e2a0">
    <knoraXmlImport:label>passage label</knoraXmlImport:label>
    <p0826-teimww:occursIn>
      <p0826-teimww:book knoraType="link_value" linkType="ref" target="ww_0062af28cf1872e1"/>
    </p0826-teimww:occursIn>
    <p0826-teimww:text knoraType="richtext_value">[Muly Mahamet:] He on whose glory all thy joy should stay, &lt;br&gt;
Is soulless, glory less, and desperate, &lt;br&gt;
Crying for battle,&lt;span class="quote"&gt; famine, sword and fire&lt;/span&gt;, &lt;br&gt;
Rather then calling for relief or life. </p0826-teimww:text>
  </p0826-teimww:passage>
  <p0826-teimww:passage id="ww_f6f12fdc46aa6c92">
    <knoraXmlImport:label>passage label</knoraXmlImport:label>
    <p0826-teimww:occursIn>
      <p0826-teimww:book knoraType="link_value" linkType="ref" target="ww_1b231152ba6c63ce"/>
    </p0826-teimww:occursIn>
  </p0826-teimww:passage>
  <p0826-teimww:passage id="ww_9f3d2b75e4ce1b6d">
    <knoraXmlImport:label>passage label</knoraXmlImport:label>
    <p0826-teimww:occursIn>
      <p0826-teimww:book knoraType="link_value" linkType="ref" target="ww_0062af28cf1872e1"/>
    </p0826-teimww:occursIn>
    <p0826-teimww:text knoraType="richtext_value">[Abdelmunen:] Rubin these rites to Abdelmunen's ghost, &lt;br&gt;
Have pierced by this to &lt;span class="quote"&gt;Pluto's grave&lt;/span&gt; below, &lt;br&gt;
&lt;span class="quote"&gt;The bells of Pluto ring revenge amain&lt;/span&gt; […].</p0826-teimww:text>
  </p0826-teimww:passage>
  <p0826-teimww:passage id="ww_319a9607a38ac874">
    <knoraXmlImport:label>passage label</knoraXmlImport:label>
    <p0826-teimww:occursIn>
      <p0826-teimww:book knoraType="link_value" linkType="ref" target="ww_fe42526a34d40cd9"/>
    </p0826-teimww:occursIn>
    <p0826-teimww:text knoraType="richtext_value">[Mosbye:] Fie upon women! - This shall be my song.&lt;br&gt;
But bear me hence, for &lt;span class="quote"&gt;I have lived too long.&lt;/span&gt;</p0826-teimww:text>
  </p0826-teimww:passage>
  <p0826-teimww:passage id="ww_fdef8f929ddb4d74">
    <knoraXmlImport:label>passage label</knoraXmlImport:label>
    <p0826-teimww:occursIn>
      <p0826-teimww:book knoraType="link_value" linkType="ref" target="ww_83f1a0a692d63180"/>
    </p0826-teimww:occursIn>
    <p0826-teimww:text knoraType="richtext_value">Me sees &lt;span class="quote"&gt;the world is run quite out of square&lt;/span&gt; [...].</p0826-teimww:text>
  </p0826-teimww:passage>
  <p0826-teimww:passage id="ww_bc2a8ee8d8959848">
    <knoraXmlImport:label>passage label</knoraXmlImport:label>
    <p0826-teimww:occursIn>
      <p0826-teimww:book knoraType="link_value" linkType="ref" target="ww_3f86f30540de15b8"/>
    </p0826-teimww:occursIn>
  </p0826-teimww:passage>
  <p0826-teimww:passage id="ww_9fe10882abe7c829">
    <knoraXmlImport:label>passage label</knoraXmlImport:label>
    <p0826-teimww:occursIn>
      <p0826-teimww:book knoraType="link_value" linkType="ref" target="ww_898b0b7ff390f5fb"/>
    </p0826-teimww:occursIn>
    <p0826-teimww:text knoraType="richtext_value">[Queen Margaret:] […] &lt;span class="quote"&gt;She bears a duke's revenues on her back&lt;/span&gt; […].</p0826-teimww:text>
  </p0826-teimww:passage>
  <p0826-teimww:passage id="ww_fe4b5d6afd6f1fcd">
    <knoraXmlImport:label>passage label</knoraXmlImport:label>
    <p0826-teimww:occursIn>
      <p0826-teimww:book knoraType="link_value" linkType="ref" target="ww_6c90648fdecc54d2"/>
    </p0826-teimww:occursIn>
    <p0826-teimww:text knoraType="richtext_value">[Messenger:] The &lt;span class="quote"&gt;wild O'Neill&lt;/span&gt; my Lords, is up in arms, &lt;br&gt;
With troops of Irish Kernes that uncontroll'd, &lt;br&gt;
Doth plant themselves within the English pale.</p0826-teimww:text>
  </p0826-teimww:passage>
  <p0826-teimww:passage id="ww_482e9dec8ff0a570">
    <knoraXmlImport:label>passage label</knoraXmlImport:label>
    <p0826-teimww:occursIn>
      <p0826-teimww:book knoraType="link_value" linkType="ref" target="ww_1b231152ba6c63ce"/>
    </p0826-teimww:occursIn>
  </p0826-teimww:passage>
  <p0826-teimww:passage id="ww_da48ddca2080744f">
    <knoraXmlImport:label>passage label</knoraXmlImport:label>
    <p0826-teimww:occursIn>
      <p0826-teimww:book knoraType="link_value" linkType="ref" target="ww_6c90648fdecc54d2"/>
    </p0826-teimww:occursIn>
    <p0826-teimww:text knoraType="richtext_value">[Winchester:] But have you &lt;span class="quote"&gt;no greater proofs than these?&lt;/span&gt;</p0826-teimww:text>
  </p0826-teimww:passage>
  <p0826-teimww:passage id="ww_d9c61d84c2c6c9b2">
    <knoraXmlImport:label>passage label</knoraXmlImport:label>
    <p0826-teimww:occursIn>
      <p0826-teimww:book knoraType="link_value" linkType="ref" target="ww_a3cda7e114a57aa4"/>
    </p0826-teimww:occursIn>
  </p0826-teimww:passage>
  <p0826-teimww:passage id="ww_4b1c005469e7ba2d">
    <knoraXmlImport:label>passage label</knoraXmlImport:label>
    <p0826-teimww:occursIn>
      <p0826-teimww:book knoraType="link_value" linkType="ref" target="ww_e44bf30c33d6ff4d"/>
    </p0826-teimww:occursIn>
    <p0826-teimww:text knoraType="richtext_value">[King Henry:] [...] Her tears will pierce into a &lt;span class="quote"&gt;marble heart;&lt;br&gt;
The tiger &lt;/span&gt;will be mild whiles she doth mourn;&lt;br&gt;
And &lt;span class="quote"&gt;Nero will be tainted with remorse,&lt;br&gt;
To hear and see her plaints, &lt;/span&gt;her brinish tears [...].</p0826-teimww:text>
  </p0826-teimww:passage>
  <p0826-teimww:passage id="ww_dd4561f8681dffb9">
    <knoraXmlImport:label>passage label</knoraXmlImport:label>
    <p0826-teimww:occursIn>
      <p0826-teimww:book knoraType="link_value" linkType="ref" target="ww_db0e9fa009aad7b3"/>
    </p0826-teimww:occursIn>
  </p0826-teimww:passage>
  <p0826-teimww:passage id="ww_69dad50c0c571fa3">
    <knoraXmlImport:label>passage label</knoraXmlImport:label>
    <p0826-teimww:occursIn>
      <p0826-teimww:book knoraType="link_value" linkType="ref" target="ww_cb99cb0b515526a9"/>
    </p0826-teimww:occursIn>
    <p0826-teimww:text knoraType="richtext_value">Thou art not false groom son to Baiazet,&lt;br&gt;
He would relent to hear &lt;span class="quote"&gt;a woman weep,&lt;/span&gt;&lt;br&gt;
But &lt;span class="quote"&gt;thou wast born in desert Caucasus,&lt;/span&gt;&lt;br&gt;
And the &lt;span class="quote"&gt;Hyrcanian tigers gave thee suck.&lt;/span&gt;</p0826-teimww:text>
  </p0826-teimww:passage>
  <p0826-teimww:passage id="ww_f95aa6910dfd63e0">
    <knoraXmlImport:label>passage label</knoraXmlImport:label>
    <p0826-teimww:occursIn>
      <p0826-teimww:book knoraType="link_value" linkType="ref" target="ww_c0bb45384c6abc1f"/>
    </p0826-teimww:occursIn>
  </p0826-teimww:passage>
  <p0826-teimww:passage id="ww_bf2ddb5e19f3637a">
    <knoraXmlImport:label>passage label</knoraXmlImport:label>
    <p0826-teimww:occursIn>
      <p0826-teimww:book knoraType="link_value" linkType="ref" target="ww_db0e9fa009aad7b3"/>
    </p0826-teimww:occursIn>
  </p0826-teimww:passage>
  <p0826-teimww:passage id="ww_df8fb538834ca21d">
    <knoraXmlImport:label>passage label</knoraXmlImport:label>
    <p0826-teimww:occursIn>
      <p0826-teimww:book knoraType="link_value" linkType="ref" target="ww_898b0b7ff390f5fb"/>
    </p0826-teimww:occursIn>
    <p0826-teimww:text knoraType="richtext_value">[Duchess:] Welcome is banishment. &lt;span class="quote"&gt;Welcome were my death.&lt;/span&gt;</p0826-teimww:text>
  </p0826-teimww:passage>
  <p0826-teimww:passage id="ww_3c1dff0ea0714837">
    <knoraXmlImport:label>passage label</knoraXmlImport:label>
    <p0826-teimww:occursIn>
      <p0826-teimww:book knoraType="link_value" linkType="ref" target="ww_6c90648fdecc54d2"/>
    </p0826-teimww:occursIn>
    <p0826-teimww:text knoraType="richtext_value">[Eleanor:] Even to my death, for &lt;span class="quote"&gt;I have lived too long.&lt;/span&gt;</p0826-teimww:text>
  </p0826-teimww:passage>
  <p0826-teimww:passage id="ww_3c0751704afc5ba1">
    <knoraXmlImport:label>passage label</knoraXmlImport:label>
    <p0826-teimww:occursIn>
      <p0826-teimww:book knoraType="link_value" linkType="ref" target="ww_898b0b7ff390f5fb"/>
    </p0826-teimww:occursIn>
    <p0826-teimww:text knoraType="richtext_value">[Suffolk:] &lt;span class="quote"&gt;The fox barks not when he would steal the lamb.&lt;/span&gt;</p0826-teimww:text>
  </p0826-teimww:passage>
  <p0826-teimww:passage id="ww_d761e8cce1b02c88">
    <knoraXmlImport:label>passage label</knoraXmlImport:label>
    <p0826-teimww:occursIn>
      <p0826-teimww:book knoraType="link_value" linkType="ref" target="ww_1140c36ab545b6d8"/>
    </p0826-teimww:occursIn>
  </p0826-teimww:passage>
  <p0826-teimww:passage id="ww_e3741b3de4cd58d3">
    <knoraXmlImport:label>passage label</knoraXmlImport:label>
    <p0826-teimww:occursIn>
      <p0826-teimww:book knoraType="link_value" linkType="ref" target="ww_898b0b7ff390f5fb"/>
    </p0826-teimww:occursIn>
    <p0826-teimww:text knoraType="richtext_value">[Suffolk]: Could curses kill, as doth the &lt;span class="quote"&gt;mandrake’s groan&lt;/span&gt; [...].</p0826-teimww:text>
  </p0826-teimww:passage>
  <p0826-teimww:passage id="ww_9c39a9898995f538">
    <knoraXmlImport:label>passage label</knoraXmlImport:label>
    <p0826-teimww:occursIn>
      <p0826-teimww:book knoraType="link_value" linkType="ref" target="ww_0d4732e83985c063"/>
    </p0826-teimww:occursIn>
    <p0826-teimww:text knoraType="richtext_value">[Younger Mortimer:] […] &lt;span class="quote"&gt;He wears a lord’s revenue on his back&lt;/span&gt; […].</p0826-teimww:text>
  </p0826-teimww:passage>
  <p0826-teimww:passage id="ww_8d699e6091ce20e8">
    <knoraXmlImport:label>passage label</knoraXmlImport:label>
    <p0826-teimww:occursIn>
      <p0826-teimww:book knoraType="link_value" linkType="ref" target="ww_0d4732e83985c063"/>
    </p0826-teimww:occursIn>
    <p0826-teimww:text knoraType="richtext_value">[Lancaster:] The &lt;span class="quote"&gt;wild O'Neill&lt;/span&gt;, with swarms of Irish kerns, &lt;br&gt;
Lives uncontroll'd within the English pale.</p0826-teimww:text>
  </p0826-teimww:passage>
  <p0826-teimww:passage id="ww_ec2acc68b51dd802">
    <knoraXmlImport:label>passage label</knoraXmlImport:label>
    <p0826-teimww:occursIn>
      <p0826-teimww:book knoraType="link_value" linkType="ref" target="ww_d7a24ba647d4819e"/>
    </p0826-teimww:occursIn>
    <p0826-teimww:text knoraType="richtext_value">"Fondling," she saith, "since I have hemmed thee here&lt;br&gt;
Within the circuit of this ivory pale,&lt;br&gt;
I’ll be a park, and thou shalt be my deer.&lt;br&gt;
Feed where thou wilt, on mountain or in dale;&lt;br&gt;
Graze on my lips, and if those hills be dry,&lt;br&gt;
Stray lower, where the pleasant fountains lie. [...]"</p0826-teimww:text>
  </p0826-teimww:passage>
  <p0826-teimww:passage id="ww_28781d2c0eafb4fc">
    <knoraXmlImport:label>passage label</knoraXmlImport:label>
    <p0826-teimww:occursIn>
      <p0826-teimww:book knoraType="link_value" linkType="ref" target="ww_0d4732e83985c063"/>
    </p0826-teimww:occursIn>
    <p0826-teimww:text knoraType="richtext_value">[Younger Mortimer:] But hath your grace &lt;span class="quote"&gt;no other proof than this?&lt;/span&gt;</p0826-teimww:text>
  </p0826-teimww:passage>
  <p0826-teimww:passage id="ww_f6eca73e8b21f6de">
    <knoraXmlImport:label>passage label</knoraXmlImport:label>
    <p0826-teimww:occursIn>
      <p0826-teimww:book knoraType="link_value" linkType="ref" target="ww_7f5e9141d1116e89"/>
    </p0826-teimww:occursIn>
    <p0826-teimww:text knoraType="richtext_value">[Lavinia:] [...] When did the &lt;span class="quote"&gt;tiger's &lt;/span&gt;young ones teach &lt;span class="quote"&gt;the dam?&lt;/span&gt;&lt;br&gt;
O, do not learn her wrath; she taught it thee;&lt;br&gt;
&lt;span class="quote"&gt;The milk thou suck'dst from her did turn to marble.&lt;/span&gt;</p0826-teimww:text>
  </p0826-teimww:passage>
  <p0826-teimww:passage id="ww_903247bfcad639fd">
    <knoraXmlImport:label>passage label</knoraXmlImport:label>
    <p0826-teimww:occursIn>
      <p0826-teimww:book knoraType="link_value" linkType="ref" target="ww_c0bb45384c6abc1f"/>
    </p0826-teimww:occursIn>
  </p0826-teimww:passage>
  <p0826-teimww:passage id="ww_13b14927ccfa9d1e">
    <knoraXmlImport:label>passage label</knoraXmlImport:label>
    <p0826-teimww:occursIn>
      <p0826-teimww:book knoraType="link_value" linkType="ref" target="ww_db0e9fa009aad7b3"/>
    </p0826-teimww:occursIn>
  </p0826-teimww:passage>
  <p0826-teimww:passage id="ww_a397d618e4d97332">
    <knoraXmlImport:label>passage label</knoraXmlImport:label>
    <p0826-teimww:occursIn>
      <p0826-teimww:book knoraType="link_value" linkType="ref" target="ww_0d4732e83985c063"/>
    </p0826-teimww:occursIn>
    <p0826-teimww:text knoraType="richtext_value">[Queen Isabella:] Nay, to my death; for &lt;span class="quote"&gt;too long have I liv'd&lt;/span&gt; […] </p0826-teimww:text>
  </p0826-teimww:passage>
  <p0826-teimww:passage id="ww_5011ecb7f690acd3">
    <knoraXmlImport:label>passage label</knoraXmlImport:label>
    <p0826-teimww:occursIn>
      <p0826-teimww:book knoraType="link_value" linkType="ref" target="ww_f535cbebb5943d78"/>
    </p0826-teimww:occursIn>
    <p0826-teimww:text knoraType="richtext_value">[York:] Take her away, for &lt;span class="quote"&gt;she hath lived too long&lt;/span&gt; [...].</p0826-teimww:text>
  </p0826-teimww:passage>
  <p0826-teimww:passage id="ww_73e9945c20176230">
    <knoraXmlImport:label>passage label</knoraXmlImport:label>
    <p0826-teimww:occursIn>
      <p0826-teimww:book knoraType="link_value" linkType="ref" target="ww_55bc1a3b04bf8a8d"/>
    </p0826-teimww:occursIn>
  </p0826-teimww:passage>
  <p0826-teimww:passage id="ww_ccd26091e02d5678">
    <knoraXmlImport:label>passage label</knoraXmlImport:label>
    <p0826-teimww:occursIn>
      <p0826-teimww:book knoraType="link_value" linkType="ref" target="ww_0d4732e83985c063"/>
    </p0826-teimww:occursIn>
    <p0826-teimww:text knoraType="richtext_value">[King Edward:] &lt;span class="quote"&gt;O my stars! &lt;br&gt;
Why do you lour unkindly on a king!&lt;/span&gt;</p0826-teimww:text>
  </p0826-teimww:passage>
  <p0826-teimww:passage id="ww_49e3b71e3159285d">
    <knoraXmlImport:label>passage label</knoraXmlImport:label>
    <p0826-teimww:occursIn>
      <p0826-teimww:book knoraType="link_value" linkType="ref" target="ww_5caf2a980352ed3f"/>
    </p0826-teimww:occursIn>
    <p0826-teimww:text knoraType="richtext_value">I warrant we have old hacksters in this great Grandmother of Corporations, Madame &lt;i&gt;Troynovant&lt;/i&gt;, that have not backbitten any of their neighbours with the tooth of envy in this twenty  year, in the wrinkles of whose face, ye may hide false dice, and play at cherry-pit in the dint of their cheeks, yet these aged &lt;span class="quote"&gt;mothers of iniquity will have their deformities new plastered over,&lt;/span&gt; and wear nosegays of &lt;span class="quote"&gt;yellow hair on their furies foreheads, when age hath written Hoe God be here,&lt;/span&gt; on their bald burnt parchment pates.</p0826-teimww:text>
  </p0826-teimww:passage>
  <p0826-teimww:passage id="ww_34d576c76bb0d0ac">
    <knoraXmlImport:label>passage label</knoraXmlImport:label>
    <p0826-teimww:occursIn>
      <p0826-teimww:book knoraType="link_value" linkType="ref" target="ww_15dba62495527dd5"/>
    </p0826-teimww:occursIn>
  </p0826-teimww:passage>
  <p0826-teimww:passage id="ww_6b5ccb20f25d7afe">
    <knoraXmlImport:label>passage label</knoraXmlImport:label>
    <p0826-teimww:occursIn>
      <p0826-teimww:book knoraType="link_value" linkType="ref" target="ww_ca15500e7036f16e"/>
    </p0826-teimww:occursIn>
  </p0826-teimww:passage>
  <p0826-teimww:passage id="ww_a046fbe2ee9c1ce8">
    <knoraXmlImport:label>passage label</knoraXmlImport:label>
    <p0826-teimww:occursIn>
      <p0826-teimww:book knoraType="link_value" linkType="ref" target="ww_7589cfaa41b21699"/>
    </p0826-teimww:occursIn>
  </p0826-teimww:passage>
  <p0826-teimww:passage id="ww_878b18b07c53bf71">
    <knoraXmlImport:label>passage label</knoraXmlImport:label>
    <p0826-teimww:occursIn>
      <p0826-teimww:book knoraType="link_value" linkType="ref" target="ww_7f5e9141d1116e89"/>
    </p0826-teimww:occursIn>
    <p0826-teimww:text knoraType="richtext_value">[Bassianus:] Accompanied but with a &lt;span class="quote"&gt;barbarous Moor&lt;/span&gt; [...].</p0826-teimww:text>
  </p0826-teimww:passage>
  <p0826-teimww:passage id="ww_888296c3c2e90ecc">
    <knoraXmlImport:label>passage label</knoraXmlImport:label>
    <p0826-teimww:occursIn>
      <p0826-teimww:book knoraType="link_value" linkType="ref" target="ww_1140c36ab545b6d8"/>
    </p0826-teimww:occursIn>
  </p0826-teimww:passage>
  <p0826-teimww:passage id="ww_7abc52aedd586afe">
    <knoraXmlImport:label>passage label</knoraXmlImport:label>
    <p0826-teimww:occursIn>
      <p0826-teimww:book knoraType="link_value" linkType="ref" target="ww_7f5e9141d1116e89"/>
    </p0826-teimww:occursIn>
    <p0826-teimww:text knoraType="richtext_value">[Lucius:] Good uncle, take you in this &lt;span class="quote"&gt;barbarous Moor&lt;/span&gt; [...].</p0826-teimww:text>
  </p0826-teimww:passage>
  <p0826-teimww:passage id="ww_5434fb648b5c89d0">
    <knoraXmlImport:label>passage label</knoraXmlImport:label>
    <p0826-teimww:occursIn>
      <p0826-teimww:book knoraType="link_value" linkType="ref" target="ww_0d4732e83985c063"/>
    </p0826-teimww:occursIn>
    <p0826-teimww:text knoraType="richtext_value">[Lightborn:] You shall not need to give instructions;&lt;br&gt;
'Tis not the first time I have kill'd a man.&lt;br&gt;
I learn'd in Naples how to poison flowers, &lt;br&gt;
To strangle with a lawn thrust down the throat, &lt;br&gt;
To pierce the wind pipe with a needle's point, &lt;br&gt;
Or, whilst one is asleep, to take a quill,&lt;br&gt; 
&lt;span class="quote"&gt;And blow a little powder in his ears,&lt;/span&gt; &lt;br&gt;
Or open his mouth, and pour quick-silver downe.&lt;br&gt;
But yet I have a braver way then these.</p0826-teimww:text>
  </p0826-teimww:passage>
  <p0826-teimww:passage id="ww_e4b5341f0a39224e">
    <knoraXmlImport:label>passage label</knoraXmlImport:label>
    <p0826-teimww:occursIn>
      <p0826-teimww:book knoraType="link_value" linkType="ref" target="ww_0d4732e83985c063"/>
    </p0826-teimww:occursIn>
    <p0826-teimww:text knoraType="richtext_value">[King Edward:]&lt;span class="quote"&gt; Let Pluto’s bells ring out my fatal knell&lt;/span&gt; […].</p0826-teimww:text>
  </p0826-teimww:passage>
  <p0826-teimww:passage id="ww_80f42a79d9a5f679">
    <knoraXmlImport:label>passage label</knoraXmlImport:label>
    <p0826-teimww:occursIn>
      <p0826-teimww:book knoraType="link_value" linkType="ref" target="ww_c8e25bef891b5536"/>
    </p0826-teimww:occursIn>
    <p0826-teimww:text knoraType="richtext_value">[King Richard:] Can no man tell me of &lt;span class="quote"&gt;my unthrifty son?&lt;/span&gt;</p0826-teimww:text>
  </p0826-teimww:passage>
  <p0826-teimww:passage id="ww_7ceef39fe52481ed">
    <knoraXmlImport:label>passage label</knoraXmlImport:label>
    <p0826-teimww:occursIn>
      <p0826-teimww:book knoraType="link_value" linkType="ref" target="ww_1b231152ba6c63ce"/>
    </p0826-teimww:occursIn>
  </p0826-teimww:passage>
  <p0826-teimww:passage id="ww_6371504dccdb9c15">
    <knoraXmlImport:label>passage label</knoraXmlImport:label>
    <p0826-teimww:occursIn>
      <p0826-teimww:book knoraType="link_value" linkType="ref" target="ww_a70c78f7c2563c1d"/>
    </p0826-teimww:occursIn>
    <p0826-teimww:text knoraType="richtext_value">[Richard:] &lt;span class="quote"&gt;A horse, a horse, my kingdom for a horse!&lt;/span&gt;</p0826-teimww:text>
  </p0826-teimww:passage>
  <p0826-teimww:passage id="ww_1fef967e0ef13353">
    <knoraXmlImport:label>passage label</knoraXmlImport:label>
    <p0826-teimww:occursIn>
      <p0826-teimww:book knoraType="link_value" linkType="ref" target="ww_1140c36ab545b6d8"/>
    </p0826-teimww:occursIn>
  </p0826-teimww:passage>
  <p0826-teimww:passage id="ww_b8235ab38d677cdc">
    <knoraXmlImport:label>passage label</knoraXmlImport:label>
    <p0826-teimww:occursIn>
      <p0826-teimww:book knoraType="link_value" linkType="ref" target="ww_a70c78f7c2563c1d"/>
    </p0826-teimww:occursIn>
    <p0826-teimww:text knoraType="richtext_value">[Richard:] Now is the &lt;span class="quote"&gt;winter of our discontent&lt;/span&gt; &lt;br&gt;
Made glorious summer by &lt;span class="quote"&gt;this sun &lt;/span&gt;of York.</p0826-teimww:text>
  </p0826-teimww:passage>
  <p0826-teimww:passage id="ww_0bd72b9fbf447b5f">
    <knoraXmlImport:label>passage label</knoraXmlImport:label>
    <p0826-teimww:occursIn>
      <p0826-teimww:book knoraType="link_value" linkType="ref" target="ww_b3931845d54b98d5"/>
    </p0826-teimww:occursIn>
  </p0826-teimww:passage>
  <p0826-teimww:passage id="ww_81d022c0725c4cc9">
    <knoraXmlImport:label>passage label</knoraXmlImport:label>
    <p0826-teimww:occursIn>
      <p0826-teimww:book knoraType="link_value" linkType="ref" target="ww_c4dd28c52431d7a3"/>
    </p0826-teimww:occursIn>
  </p0826-teimww:passage>
  <p0826-teimww:passage id="ww_c26832542090a7e4">
    <knoraXmlImport:label>passage label</knoraXmlImport:label>
    <p0826-teimww:occursIn>
      <p0826-teimww:book knoraType="link_value" linkType="ref" target="ww_a70c78f7c2563c1d"/>
    </p0826-teimww:occursIn>
    <p0826-teimww:text knoraType="richtext_value">[Queen Margaret:] So now prosperity &lt;span class="quote"&gt;begins to mellow &lt;br&gt;
And drop into the rotten mouth of death.&lt;/span&gt;</p0826-teimww:text>
  </p0826-teimww:passage>
  <p0826-teimww:passage id="ww_8433c03e131c6e91">
    <knoraXmlImport:label>passage label</knoraXmlImport:label>
    <p0826-teimww:occursIn>
      <p0826-teimww:book knoraType="link_value" linkType="ref" target="ww_c8e25bef891b5536"/>
    </p0826-teimww:occursIn>
    <p0826-teimww:text knoraType="richtext_value">[King Henry:] That &lt;span class="quote"&gt;blood should sprinkle me to make me grow.&lt;/span&gt;
</p0826-teimww:text>
  </p0826-teimww:passage>
  <p0826-teimww:passage id="ww_5757dead4edf0505">
    <knoraXmlImport:label>passage label</knoraXmlImport:label>
    <p0826-teimww:occursIn>
      <p0826-teimww:book knoraType="link_value" linkType="ref" target="ww_c81f995a09baa142"/>
    </p0826-teimww:occursIn>
    <p0826-teimww:text knoraType="richtext_value">Was never whore of Babylon so &lt;span class="quote"&gt;betrap with abominations, as his style&lt;/span&gt; (like the dog-house in the fields) is pestered with stinking filth. His vainglory (which some take to be his gentlewoman) he hath new &lt;span class="quote"&gt;painted an inch thick.&lt;/span&gt;</p0826-teimww:text>
  </p0826-teimww:passage>
  <p0826-teimww:passage id="ww_48586bf70a930c42">
    <knoraXmlImport:label>passage label</knoraXmlImport:label>
    <p0826-teimww:occursIn>
      <p0826-teimww:book knoraType="link_value" linkType="ref" target="ww_a779d6e5235e610e"/>
    </p0826-teimww:occursIn>
  </p0826-teimww:passage>
  <p0826-teimww:passage id="ww_142487fe71c805ac">
    <knoraXmlImport:label>passage label</knoraXmlImport:label>
    <p0826-teimww:occursIn>
      <p0826-teimww:book knoraType="link_value" linkType="ref" target="ww_4699bce2e8308213"/>
    </p0826-teimww:occursIn>
    <p0826-teimww:text knoraType="richtext_value">[King:] &lt;span class="quote"&gt;(he makes horns at the Guise) &lt;/span&gt;.</p0826-teimww:text>
  </p0826-teimww:passage>
  <p0826-teimww:passage id="ww_243bd4187601a37d">
    <knoraXmlImport:label>passage label</knoraXmlImport:label>
    <p0826-teimww:occursIn>
      <p0826-teimww:book knoraType="link_value" linkType="ref" target="ww_e81f44945dfa651c"/>
    </p0826-teimww:occursIn>
  </p0826-teimww:passage>
  <p0826-teimww:passage id="ww_24aef3d473a088d4">
    <knoraXmlImport:label>passage label</knoraXmlImport:label>
    <p0826-teimww:occursIn>
      <p0826-teimww:book knoraType="link_value" linkType="ref" target="ww_a70c78f7c2563c1d"/>
    </p0826-teimww:occursIn>
    <p0826-teimww:text knoraType="richtext_value">[Richard:] [...] I say again, &lt;span class="quote"&gt;give out &lt;br&gt;
That Anne my queen is sick and like to die.&lt;/span&gt;</p0826-teimww:text>
  </p0826-teimww:passage>
  <p0826-teimww:passage id="ww_984d25500f6ab682">
    <knoraXmlImport:label>passage label</knoraXmlImport:label>
    <p0826-teimww:occursIn>
      <p0826-teimww:book knoraType="link_value" linkType="ref" target="ww_1140c36ab545b6d8"/>
    </p0826-teimww:occursIn>
  </p0826-teimww:passage>
  <p0826-teimww:passage id="ww_cebea5a86948b667">
    <knoraXmlImport:label>passage label</knoraXmlImport:label>
    <p0826-teimww:occursIn>
      <p0826-teimww:book knoraType="link_value" linkType="ref" target="ww_2eb8f65559e88209"/>
    </p0826-teimww:occursIn>
    <p0826-teimww:text knoraType="richtext_value">[...] And pray'd the narrow &lt;span class="quote"&gt;toiling Hellespont&lt;/span&gt;, &lt;br&gt;
To part in twain, that he [Leander] might come and go […].</p0826-teimww:text>
  </p0826-teimww:passage>
  <p0826-teimww:passage id="ww_251698393867789d">
    <knoraXmlImport:label>passage label</knoraXmlImport:label>
    <p0826-teimww:occursIn>
      <p0826-teimww:book knoraType="link_value" linkType="ref" target="ww_0d665e488e8f55e8"/>
    </p0826-teimww:occursIn>
    <p0826-teimww:text knoraType="richtext_value">Stone him with &lt;span class="quote"&gt;hard'ned hearts harder than stones,&lt;/span&gt;&lt;br&gt;
An let &lt;span calss="quote"&gt;mild women &lt;/span&gt;to him lose their mildness,&lt;br&gt;
Wilder to him than &lt;span class="quote"&gt;tigers in their wildness.&lt;br&gt;
Let him have time to tear his curléd hair.</p0826-teimww:text>
  </p0826-teimww:passage>
  <p0826-teimww:passage id="ww_4b7bdcc3d6dd656b">
    <knoraXmlImport:label>passage label</knoraXmlImport:label>
    <p0826-teimww:occursIn>
      <p0826-teimww:book knoraType="link_value" linkType="ref" target="ww_c0bb45384c6abc1f"/>
    </p0826-teimww:occursIn>
  </p0826-teimww:passage>
  <p0826-teimww:passage id="ww_ec4b06525b301255">
    <knoraXmlImport:label>passage label</knoraXmlImport:label>
    <p0826-teimww:occursIn>
      <p0826-teimww:book knoraType="link_value" linkType="ref" target="ww_c8e25bef891b5536"/>
    </p0826-teimww:occursIn>
    <p0826-teimww:text knoraType="richtext_value">[Aumerle:] Faith, none for me, except &lt;span class="quote"&gt;the northeast wind, &lt;br&gt;
Which then blew bitterly against our faces,&lt;br&gt;
Awaked the sleeping rheum and so by chance &lt;br&gt;
Did grace our hollow parting with a tear.&lt;/span&gt;</p0826-teimww:text>
  </p0826-teimww:passage>
  <p0826-teimww:passage id="ww_5fb74c636aae12e6">
    <knoraXmlImport:label>passage label</knoraXmlImport:label>
    <p0826-teimww:occursIn>
      <p0826-teimww:book knoraType="link_value" linkType="ref" target="ww_1e4f95f951f2169f"/>
    </p0826-teimww:occursIn>
    <p0826-teimww:text knoraType="richtext_value">[Puck:] I'll &lt;span class="quote"&gt;put a girdle round about the Earth&lt;/span&gt; &lt;br&gt;
In forty minutes.</p0826-teimww:text>
  </p0826-teimww:passage>
  <p0826-teimww:passage id="ww_690f13747bb07f7e">
    <knoraXmlImport:label>passage label</knoraXmlImport:label>
    <p0826-teimww:occursIn>
      <p0826-teimww:book knoraType="link_value" linkType="ref" target="ww_1140c36ab545b6d8"/>
    </p0826-teimww:occursIn>
  </p0826-teimww:passage>
  <p0826-teimww:passage id="ww_ff38277008eb037d">
    <knoraXmlImport:label>passage label</knoraXmlImport:label>
    <p0826-teimww:occursIn>
      <p0826-teimww:book knoraType="link_value" linkType="ref" target="ww_dfd8d9b13312aac6"/>
    </p0826-teimww:occursIn>
    <p0826-teimww:text knoraType="richtext_value">[Sampson:] [...] &lt;span class="quote"&gt;we will not carry coals.&lt;/span&gt;</p0826-teimww:text>
  </p0826-teimww:passage>
  <p0826-teimww:passage id="ww_c617ad3116def2b7">
    <knoraXmlImport:label>passage label</knoraXmlImport:label>
    <p0826-teimww:occursIn>
      <p0826-teimww:book knoraType="link_value" linkType="ref" target="ww_dfd8d9b13312aac6"/>
    </p0826-teimww:occursIn>
    <p0826-teimww:text knoraType="richtext_value">[Juliet:] Gallop apace, you fiery-footed steeds,&lt;br&gt;
Towards &lt;span class="quote"&gt;Phoebus’ lodging. Such a wagoner&lt;/span&gt;&lt;br&gt;
As Phaëton would whip you to the west&lt;br&gt;
And bring in cloudy night immediately.</p0826-teimww:text>
  </p0826-teimww:passage>
  <p0826-teimww:passage id="ww_a485692bb0a00024">
    <knoraXmlImport:label>passage label</knoraXmlImport:label>
    <p0826-teimww:occursIn>
      <p0826-teimww:book knoraType="link_value" linkType="ref" target="ww_55bc1a3b04bf8a8d"/>
    </p0826-teimww:occursIn>
  </p0826-teimww:passage>
  <p0826-teimww:passage id="ww_942795fb910449c2">
    <knoraXmlImport:label>passage label</knoraXmlImport:label>
    <p0826-teimww:occursIn>
      <p0826-teimww:book knoraType="link_value" linkType="ref" target="ww_dfd8d9b13312aac6"/>
    </p0826-teimww:occursIn>
    <p0826-teimww:text knoraType="richtext_value">[Mercutio:] [Tybalt is] More than &lt;span class="quote"&gt;prince of cats&lt;/span&gt;. </p0826-teimww:text>
  </p0826-teimww:passage>
  <p0826-teimww:passage id="ww_36c521d075960d3e">
    <knoraXmlImport:label>passage label</knoraXmlImport:label>
    <p0826-teimww:occursIn>
      <p0826-teimww:book knoraType="link_value" linkType="ref" target="ww_84a8155c55c3c1e2"/>
    </p0826-teimww:occursIn>
  </p0826-teimww:passage>
  <p0826-teimww:passage id="ww_ecf5a1a47b9b9a33">
    <knoraXmlImport:label>passage label</knoraXmlImport:label>
    <p0826-teimww:occursIn>
      <p0826-teimww:book knoraType="link_value" linkType="ref" target="ww_dfd8d9b13312aac6"/>
    </p0826-teimww:occursIn>
    <p0826-teimww:text knoraType="richtext_value">[Chorus:] […] &lt;span class="quote"&gt;A pair of star-crossed lovers&lt;/span&gt; [...].</p0826-teimww:text>
  </p0826-teimww:passage>
  <p0826-teimww:passage id="ww_7a4b2110b7c6ef34">
    <knoraXmlImport:label>passage label</knoraXmlImport:label>
    <p0826-teimww:occursIn>
      <p0826-teimww:book knoraType="link_value" linkType="ref" target="ww_dfd8d9b13312aac6"/>
    </p0826-teimww:occursIn>
    <p0826-teimww:text knoraType="richtext_value">[Romeo:] O, I am &lt;span class="quote"&gt;fortune's fool.&lt;/span&gt;</p0826-teimww:text>
  </p0826-teimww:passage>
  <p0826-teimww:passage id="ww_10c1fe9f86dd2c3c">
    <knoraXmlImport:label>passage label</knoraXmlImport:label>
    <p0826-teimww:occursIn>
      <p0826-teimww:book knoraType="link_value" linkType="ref" target="ww_1140c36ab545b6d8"/>
    </p0826-teimww:occursIn>
  </p0826-teimww:passage>
  <p0826-teimww:passage id="ww_8eb83c00a3e36665">
    <knoraXmlImport:label>passage label</knoraXmlImport:label>
    <p0826-teimww:occursIn>
      <p0826-teimww:book knoraType="link_value" linkType="ref" target="ww_c8e25bef891b5536"/>
    </p0826-teimww:occursIn>
    <p0826-teimww:text knoraType="richtext_value">[York:] [...] From &lt;span class="quote"&gt;plume-plucked &lt;/span&gt;Richard [...].</p0826-teimww:text>
  </p0826-teimww:passage>
  <p0826-teimww:passage id="ww_4b292f0b7e34ef8e">
    <knoraXmlImport:label>passage label</knoraXmlImport:label>
    <p0826-teimww:occursIn>
      <p0826-teimww:book knoraType="link_value" linkType="ref" target="ww_dfd8d9b13312aac6"/>
    </p0826-teimww:occursIn>
    <p0826-teimww:text knoraType="richtext_value">[Romeo:] It seems &lt;span class="quote"&gt;she hangs upon the cheek of night&lt;br&gt;
As a rich jewel in an Ethiop's ear&lt;/span&gt; [...].</p0826-teimww:text>
  </p0826-teimww:passage>
  <p0826-teimww:passage id="ww_cd59ce7c26d38364">
    <knoraXmlImport:label>passage label</knoraXmlImport:label>
    <p0826-teimww:occursIn>
      <p0826-teimww:book knoraType="link_value" linkType="ref" target="ww_1e4f95f951f2169f"/>
    </p0826-teimww:occursIn>
    <p0826-teimww:text knoraType="richtext_value">&lt;span class="annotation"&gt;A group pf simple mechanics stage a Greek play for the wedding of Duke Theseus of Athens.&lt;/span&gt;</p0826-teimww:text>
  </p0826-teimww:passage>
  <p0826-teimww:passage id="ww_b7bd09d6082cfeee">
    <knoraXmlImport:label>passage label</knoraXmlImport:label>
    <p0826-teimww:occursIn>
      <p0826-teimww:book knoraType="link_value" linkType="ref" target="ww_d57fe99db4adc1d0"/>
    </p0826-teimww:occursIn>
  </p0826-teimww:passage>
  <p0826-teimww:passage id="ww_42510c92755cf9c9">
    <knoraXmlImport:label>passage label</knoraXmlImport:label>
    <p0826-teimww:occursIn>
      <p0826-teimww:book knoraType="link_value" linkType="ref" target="ww_1140c36ab545b6d8"/>
    </p0826-teimww:occursIn>
  </p0826-teimww:passage>
  <p0826-teimww:passage id="ww_bf04c1b2cec1958b">
    <knoraXmlImport:label>passage label</knoraXmlImport:label>
    <p0826-teimww:occursIn>
      <p0826-teimww:book knoraType="link_value" linkType="ref" target="ww_dfd8d9b13312aac6"/>
    </p0826-teimww:occursIn>
    <p0826-teimww:text knoraType="richtext_value">[Juliet:] And &lt;span class="quote"&gt;shrieks like mandrakes&lt;/span&gt; torn out of the earth [...].</p0826-teimww:text>
  </p0826-teimww:passage>
  <p0826-teimww:passage id="ww_44ae473e2bcd757a">
    <knoraXmlImport:label>passage label</knoraXmlImport:label>
    <p0826-teimww:occursIn>
      <p0826-teimww:book knoraType="link_value" linkType="ref" target="ww_0e81aac8108a83fe"/>
    </p0826-teimww:occursIn>
    <p0826-teimww:text knoraType="richtext_value">[Old Stukeley:] When saw you that &lt;span class="quote"&gt;unthrifty Boy&lt;/span&gt;, Tom Stukeley?</p0826-teimww:text>
  </p0826-teimww:passage>
  <p0826-teimww:passage id="ww_8acd9e2f905287b2">
    <knoraXmlImport:label>passage label</knoraXmlImport:label>
    <p0826-teimww:occursIn>
      <p0826-teimww:book knoraType="link_value" linkType="ref" target="ww_0e81aac8108a83fe"/>
    </p0826-teimww:occursIn>
    <p0826-teimww:text knoraType="richtext_value">&lt;span class="quote"&gt;O'Neill &lt;/span&gt;</p0826-teimww:text>
  </p0826-teimww:passage>
  <p0826-teimww:passage id="ww_3e532c55a45752d6">
    <knoraXmlImport:label>passage label</knoraXmlImport:label>
    <p0826-teimww:occursIn>
      <p0826-teimww:book knoraType="link_value" linkType="ref" target="ww_aa90313aec1ff25e"/>
    </p0826-teimww:occursIn>
    <p0826-teimww:text knoraType="richtext_value">[Shylock:] [...] &lt;span class="quote"&gt;Why he cannot abide a gaping pig &lt;/span&gt;[...].</p0826-teimww:text>
  </p0826-teimww:passage>
  <p0826-teimww:passage id="ww_4c05bcff7a079b2f">
    <knoraXmlImport:label>passage label</knoraXmlImport:label>
    <p0826-teimww:occursIn>
      <p0826-teimww:book knoraType="link_value" linkType="ref" target="ww_1140c36ab545b6d8"/>
    </p0826-teimww:occursIn>
  </p0826-teimww:passage>
  <p0826-teimww:passage id="ww_055a1101c56319fe">
    <knoraXmlImport:label>passage label</knoraXmlImport:label>
    <p0826-teimww:occursIn>
      <p0826-teimww:book knoraType="link_value" linkType="ref" target="ww_55bc1a3b04bf8a8d"/>
    </p0826-teimww:occursIn>
  </p0826-teimww:passage>
  <p0826-teimww:passage id="ww_bf9f2eedc22eba46">
    <knoraXmlImport:label>passage label</knoraXmlImport:label>
    <p0826-teimww:occursIn>
      <p0826-teimww:book knoraType="link_value" linkType="ref" target="ww_be9af191e6dc9863"/>
    </p0826-teimww:occursIn>
    <p0826-teimww:text knoraType="richtext_value">[...] and though this fiend be begotten of his father's own blood, yet is he different from his nature, and were he not sure that jealousy could not make him a cuckold, he had long since published him for a bastard; - you shall know him by this, his heart steeled against charity; he walks for the most part in black under colour of gravity and looks as pale as the visard of the ghost which cried so miserably at the Theatre like an oyster wife, &lt;span class="quote"&gt;&lt;i&gt;Hamlet, revenge&lt;/i&gt;.&lt;/span&gt;</p0826-teimww:text>
  </p0826-teimww:passage>
  <p0826-teimww:passage id="ww_b90c76ae1e157b6a">
    <knoraXmlImport:label>passage label</knoraXmlImport:label>
    <p0826-teimww:occursIn>
      <p0826-teimww:book knoraType="link_value" linkType="ref" target="ww_66c4283b87c123dd"/>
    </p0826-teimww:occursIn>
  </p0826-teimww:passage>
  <p0826-teimww:passage id="ww_3aab5100bc454593">
    <knoraXmlImport:label>passage label</knoraXmlImport:label>
    <p0826-teimww:occursIn>
      <p0826-teimww:book knoraType="link_value" linkType="ref" target="ww_d9c80276851682da"/>
    </p0826-teimww:occursIn>
  </p0826-teimww:passage>
  <p0826-teimww:passage id="ww_d56d4db4566dc596">
    <knoraXmlImport:label>passage label</knoraXmlImport:label>
    <p0826-teimww:occursIn>
      <p0826-teimww:book knoraType="link_value" linkType="ref" target="ww_2f65899f08b5bb71"/>
    </p0826-teimww:occursIn>
  </p0826-teimww:passage>
  <p0826-teimww:passage id="ww_379bb7689b7668cc">
    <knoraXmlImport:label>passage label</knoraXmlImport:label>
    <p0826-teimww:occursIn>
      <p0826-teimww:book knoraType="link_value" linkType="ref" target="ww_c85d746358e196e6"/>
    </p0826-teimww:occursIn>
  </p0826-teimww:passage>
  <p0826-teimww:passage id="ww_3abf894433467b4f">
    <knoraXmlImport:label>passage label</knoraXmlImport:label>
    <p0826-teimww:occursIn>
      <p0826-teimww:book knoraType="link_value" linkType="ref" target="ww_e14966f62e338b68"/>
    </p0826-teimww:occursIn>
  </p0826-teimww:passage>
  <p0826-teimww:passage id="ww_430cf746c6ba7158">
    <knoraXmlImport:label>passage label</knoraXmlImport:label>
    <p0826-teimww:occursIn>
      <p0826-teimww:book knoraType="link_value" linkType="ref" target="ww_f3b3659c26b68006"/>
    </p0826-teimww:occursIn>
  </p0826-teimww:passage>
  <p0826-teimww:passage id="ww_0e94cc1de2664acd">
    <knoraXmlImport:label>passage label</knoraXmlImport:label>
    <p0826-teimww:occursIn>
      <p0826-teimww:book knoraType="link_value" linkType="ref" target="ww_1140c36ab545b6d8"/>
    </p0826-teimww:occursIn>
  </p0826-teimww:passage>
  <p0826-teimww:passage id="ww_4a206ae6ed63e488">
    <knoraXmlImport:label>passage label</knoraXmlImport:label>
    <p0826-teimww:occursIn>
      <p0826-teimww:book knoraType="link_value" linkType="ref" target="ww_a8c8f9a292e6c950"/>
    </p0826-teimww:occursIn>
    <p0826-teimww:text knoraType="richtext_value">[Holofernes:] The deer was, as you know, sanguis, in blood, ripe as the pomewater, who now &lt;span class="quote"&gt;hangeth like a jewel in the ear of caelo, the sky &lt;/span&gt;[...].</p0826-teimww:text>
  </p0826-teimww:passage>
  <p0826-teimww:passage id="ww_468691bce3ef24de">
    <knoraXmlImport:label>passage label</knoraXmlImport:label>
    <p0826-teimww:occursIn>
      <p0826-teimww:book knoraType="link_value" linkType="ref" target="ww_dbb95fa0c476e400"/>
    </p0826-teimww:occursIn>
    <p0826-teimww:text knoraType="richtext_value">[Prince Henry:] I am the cygnet to this &lt;span class="quote"&gt;pale faint swan&lt;/span&gt;,&lt;br&gt;
Who chants a doleful hymn to his own death [...].</p0826-teimww:text>
  </p0826-teimww:passage>
  <p0826-teimww:passage id="ww_17c53266fe7860e3">
    <knoraXmlImport:label>passage label</knoraXmlImport:label>
    <p0826-teimww:occursIn>
      <p0826-teimww:book knoraType="link_value" linkType="ref" target="ww_5196ea0769532431"/>
    </p0826-teimww:occursIn>
    <p0826-teimww:text knoraType="richtext_value">[Pistol:] He woos both high and low, both rich and poor, &lt;br&gt;
Both young and old, one with another, Ford.&lt;br&gt;
He loves the &lt;span class="quote"&gt;gallimaufry&lt;/span&gt;. Ford, &lt;span class="quote"&gt;perpend&lt;/span&gt;.</p0826-teimww:text>
  </p0826-teimww:passage>
  <p0826-teimww:passage id="ww_15ebe9848f96fc10">
    <knoraXmlImport:label>passage label</knoraXmlImport:label>
    <p0826-teimww:occursIn>
      <p0826-teimww:book knoraType="link_value" linkType="ref" target="ww_3e15ab6c612eadae"/>
    </p0826-teimww:occursIn>
  </p0826-teimww:passage>
  <p0826-teimww:passage id="ww_71f7857f7a1add60">
    <knoraXmlImport:label>passage label</knoraXmlImport:label>
    <p0826-teimww:occursIn>
      <p0826-teimww:book knoraType="link_value" linkType="ref" target="ww_56f51ee20f36f654"/>
    </p0826-teimww:occursIn>
    <p0826-teimww:text knoraType="richtext_value">[Prince:] Come, brother John. Full bravely hast thou fleshed &lt;br&gt;
Thy &lt;span class="quote"&gt;maiden sword.&lt;/span&gt;</p0826-teimww:text>
  </p0826-teimww:passage>
  <p0826-teimww:passage id="ww_0b17b4e05c4548ac">
    <knoraXmlImport:label>passage label</knoraXmlImport:label>
    <p0826-teimww:occursIn>
      <p0826-teimww:book knoraType="link_value" linkType="ref" target="ww_1140c36ab545b6d8"/>
    </p0826-teimww:occursIn>
  </p0826-teimww:passage>
  <p0826-teimww:passage id="ww_bc3e10ed89350f6f">
    <knoraXmlImport:label>passage label</knoraXmlImport:label>
    <p0826-teimww:occursIn>
      <p0826-teimww:book knoraType="link_value" linkType="ref" target="ww_56f51ee20f36f654"/>
    </p0826-teimww:occursIn>
    <p0826-teimww:text knoraType="richtext_value">[Hotspur:] Revolted Mortimer!	&lt;br&gt;
&lt;span class="quote"&gt;He never did fall off, &lt;/span&gt;my sovereign liege,&lt;br&gt;
But by the chance of war. </p0826-teimww:text>
  </p0826-teimww:passage>
  <p0826-teimww:passage id="ww_75282d65a5345d6f">
    <knoraXmlImport:label>passage label</knoraXmlImport:label>
    <p0826-teimww:occursIn>
      <p0826-teimww:book knoraType="link_value" linkType="ref" target="ww_b3931845d54b98d5"/>
    </p0826-teimww:occursIn>
  </p0826-teimww:passage>
  <p0826-teimww:passage id="ww_20c8a27452c9da62">
    <knoraXmlImport:label>passage label</knoraXmlImport:label>
    <p0826-teimww:occursIn>
      <p0826-teimww:book knoraType="link_value" linkType="ref" target="ww_56f51ee20f36f654"/>
    </p0826-teimww:occursIn>
    <p0826-teimww:text knoraType="richtext_value">[Falstaff:] [...] Well, 'tis no matter. &lt;span class="quote"&gt;Honor pricks me on&lt;/span&gt;. Yea, but how if &lt;span class="quote"&gt;honor prick me off &lt;/span&gt;when I come on? How then? Can honor set to a leg? No. Or an arm? No. Or take away the grief of a wound? No. Honor hath no skill in surgery, then? No. What is honor? A word. What is in that word "honor"? What is that "honor"? Air. A trim reckoning. Who hath it? He that died o' Wednesday. Doth he feel it? No. Doth he hear it? No. 'Tis insensible, then? Yea, to the dead. But will it not live with the living? No. Why? Detraction will not suffer it. Therefore,
I'll none of it. Honor is a mere scutcheon. And so ends my catechism.</p0826-teimww:text>
  </p0826-teimww:passage>
  <p0826-teimww:passage id="ww_273e8014432c943e">
    <knoraXmlImport:label>passage label</knoraXmlImport:label>
    <p0826-teimww:occursIn>
      <p0826-teimww:book knoraType="link_value" linkType="ref" target="ww_b5ea9b35c899d367"/>
    </p0826-teimww:occursIn>
  </p0826-teimww:passage>
  <p0826-teimww:passage id="ww_ef5e701f72e794b4">
    <knoraXmlImport:label>passage label</knoraXmlImport:label>
    <p0826-teimww:occursIn>
      <p0826-teimww:book knoraType="link_value" linkType="ref" target="ww_08a130e81db8a98f"/>
    </p0826-teimww:occursIn>
  </p0826-teimww:passage>
  <p0826-teimww:passage id="ww_a79a85fce6ea5d5a">
    <knoraXmlImport:label>passage label</knoraXmlImport:label>
    <p0826-teimww:occursIn>
      <p0826-teimww:book knoraType="link_value" linkType="ref" target="ww_663bc260dc952b96"/>
    </p0826-teimww:occursIn>
    <p0826-teimww:text knoraType="richtext_value">[Pistol:]&lt;span class="quote"&gt; Then feed and be fat, my fair Calipolis.&lt;/span&gt;</p0826-teimww:text>
  </p0826-teimww:passage>
  <p0826-teimww:passage id="ww_762c60d9ee2511e6">
    <knoraXmlImport:label>passage label</knoraXmlImport:label>
    <p0826-teimww:occursIn>
      <p0826-teimww:book knoraType="link_value" linkType="ref" target="ww_1b231152ba6c63ce"/>
    </p0826-teimww:occursIn>
  </p0826-teimww:passage>
  <p0826-teimww:passage id="ww_18ce2881a12e774f">
    <knoraXmlImport:label>passage label</knoraXmlImport:label>
    <p0826-teimww:occursIn>
      <p0826-teimww:book knoraType="link_value" linkType="ref" target="ww_9cfbf2557c0bd6a1"/>
    </p0826-teimww:occursIn>
    <p0826-teimww:text knoraType="richtext_value">&lt;i&gt;Michael Drayton (quem toties honoris &amp; amoris causa nomino)&lt;/i&gt; among scholars, soldiers, Poets, and all sorts of people, is held for a man of virtuous disposition, honest conversation, and well governed carriage, which is almost miraculous among good wits in these declining and corrupt times, when there is &lt;span class="quote"&gt;nothing but roguery&lt;/span&gt; in villainous man, &amp; when cheating and craftiness is counted the clearest wit, and fondest wisdom.</p0826-teimww:text>
  </p0826-teimww:passage>
  <p0826-teimww:passage id="ww_0ab8df6265ef534b">
    <knoraXmlImport:label>passage label</knoraXmlImport:label>
    <p0826-teimww:occursIn>
      <p0826-teimww:book knoraType="link_value" linkType="ref" target="ww_1140c36ab545b6d8"/>
    </p0826-teimww:occursIn>
  </p0826-teimww:passage>
  <p0826-teimww:passage id="ww_355e5bee2b26a3a1">
    <knoraXmlImport:label>passage label</knoraXmlImport:label>
    <p0826-teimww:occursIn>
      <p0826-teimww:book knoraType="link_value" linkType="ref" target="ww_32fdd8378826e2d8"/>
    </p0826-teimww:occursIn>
    <p0826-teimww:text knoraType="richtext_value">&lt;span class="quote"&gt;&lt;i&gt;A man, a man, a kingdom for a man! &lt;/i&gt;&lt;br&gt;&lt;/span&gt;
Why, how now, currish, mad &lt;i&gt; Athenian? &lt;/i&gt; &lt;br&gt;
Thou cynic dog, see'st not streets do swarm &lt;br&gt;
With troops of men?</p0826-teimww:text>
  </p0826-teimww:passage>
  <p0826-teimww:passage id="ww_1917bbb9bfb58752">
    <knoraXmlImport:label>passage label</knoraXmlImport:label>
    <p0826-teimww:occursIn>
      <p0826-teimww:book knoraType="link_value" linkType="ref" target="ww_1140c36ab545b6d8"/>
    </p0826-teimww:occursIn>
  </p0826-teimww:passage>
  <p0826-teimww:passage id="ww_4e06b6081f1e36cc">
    <knoraXmlImport:label>passage label</knoraXmlImport:label>
    <p0826-teimww:occursIn>
      <p0826-teimww:book knoraType="link_value" linkType="ref" target="ww_b3931845d54b98d5"/>
    </p0826-teimww:occursIn>
  </p0826-teimww:passage>
  <p0826-teimww:passage id="ww_d9b797bc5c8b5429">
    <knoraXmlImport:label>passage label</knoraXmlImport:label>
    <p0826-teimww:occursIn>
      <p0826-teimww:book knoraType="link_value" linkType="ref" target="ww_a8549c12c9507c4b"/>
    </p0826-teimww:occursIn>
    <p0826-teimww:text knoraType="richtext_value">[Benedick:] I will fetch you a &lt;span class="quote"&gt;toothpicker&lt;/span&gt; now from the
furthest inch of Asia [...].</p0826-teimww:text>
  </p0826-teimww:passage>
  <p0826-teimww:passage id="ww_24335e4f961f086e">
    <knoraXmlImport:label>passage label</knoraXmlImport:label>
    <p0826-teimww:occursIn>
      <p0826-teimww:book knoraType="link_value" linkType="ref" target="ww_a8549c12c9507c4b"/>
    </p0826-teimww:occursIn>
    <p0826-teimww:text knoraType="richtext_value">[Prince:] Good morrow, masters. Put your torches out. &lt;br&gt;
The wolves have preyed, and look, the gentle day &lt;br&gt;
Before the &lt;span class="quote"&gt;wheels of Phoebus&lt;/span&gt;, round about &lt;br&gt;
Dapples the drowsy east with spots of gray.&lt;br&gt;
Thanks to you all, and leave us. Fare you well.</p0826-teimww:text>
  </p0826-teimww:passage>
  <p0826-teimww:passage id="ww_3c4ad88c859eaa86">
    <knoraXmlImport:label>passage label</knoraXmlImport:label>
    <p0826-teimww:occursIn>
      <p0826-teimww:book knoraType="link_value" linkType="ref" target="ww_1140c36ab545b6d8"/>
    </p0826-teimww:occursIn>
  </p0826-teimww:passage>
  <p0826-teimww:passage id="ww_9d59ea30751a8b9e">
    <knoraXmlImport:label>passage label</knoraXmlImport:label>
    <p0826-teimww:occursIn>
      <p0826-teimww:book knoraType="link_value" linkType="ref" target="ww_3e15ab6c612eadae"/>
    </p0826-teimww:occursIn>
  </p0826-teimww:passage>
  <p0826-teimww:passage id="ww_7d47c349249bcc73">
    <knoraXmlImport:label>passage label</knoraXmlImport:label>
    <p0826-teimww:occursIn>
      <p0826-teimww:book knoraType="link_value" linkType="ref" target="ww_30e430b5304e3a2a"/>
    </p0826-teimww:occursIn>
    <p0826-teimww:text knoraType="richtext_value">[Puntarvolo:] [...] Here comes one that will &lt;span class="quote"&gt;carry coals&lt;/span&gt;; ergo, will hold my dog [...].</p0826-teimww:text>
  </p0826-teimww:passage>
  <p0826-teimww:passage id="ww_baa3a1e4f7a4cedd">
    <knoraXmlImport:label>passage label</knoraXmlImport:label>
    <p0826-teimww:occursIn>
      <p0826-teimww:book knoraType="link_value" linkType="ref" target="ww_3e15ab6c612eadae"/>
    </p0826-teimww:occursIn>
  </p0826-teimww:passage>
  <p0826-teimww:passage id="ww_6d0fc8de268a073c">
    <knoraXmlImport:label>passage label</knoraXmlImport:label>
    <p0826-teimww:occursIn>
      <p0826-teimww:book knoraType="link_value" linkType="ref" target="ww_0c928f9e751dabbf"/>
    </p0826-teimww:occursIn>
    <p0826-teimww:text knoraType="richtext_value">[Boy:] [...] Nym and Bardolph are sworn brothers in filching,
and in Calais they stole a fire shovel. I knew by that
piece of service the men would &lt;span class="quote"&gt;carry coals.&lt;/span&gt;</p0826-teimww:text>
  </p0826-teimww:passage>
  <p0826-teimww:passage id="ww_e3c7e685b65e54b1">
    <knoraXmlImport:label>passage label</knoraXmlImport:label>
    <p0826-teimww:occursIn>
      <p0826-teimww:book knoraType="link_value" linkType="ref" target="ww_3e15ab6c612eadae"/>
    </p0826-teimww:occursIn>
  </p0826-teimww:passage>
  <p0826-teimww:passage id="ww_51917b1631bfdcf6">
    <knoraXmlImport:label>passage label</knoraXmlImport:label>
    <p0826-teimww:occursIn>
      <p0826-teimww:book knoraType="link_value" linkType="ref" target="ww_4a0afee9ece50ddb"/>
    </p0826-teimww:occursIn>
    <p0826-teimww:text knoraType="richtext_value">[Chorus:] Gentles, if ere you have beheld the passions, &lt;br/&gt;
The combats of his soul who being a king, &lt;br/&gt;
By some usurping hand hath been deposed &lt;br/&gt;
From all his royalties: even such a soul, &lt;br/&gt;
Such eyes, such heart swollen big with sighs and tears, &lt;br/&gt; 
&lt;span class="quote"&gt;The star-crossed sun of Fortunatus wears&lt;/span&gt;.</p0826-teimww:text>
  </p0826-teimww:passage>
  <p0826-teimww:passage id="ww_eedaef49d09d28fb">
    <knoraXmlImport:label>passage label</knoraXmlImport:label>
    <p0826-teimww:occursIn>
      <p0826-teimww:book knoraType="link_value" linkType="ref" target="ww_0c928f9e751dabbf"/>
    </p0826-teimww:occursIn>
    <p0826-teimww:text knoraType="richtext_value">[Chorus:][...] &lt;span class="quote"&gt;Yet sit and see&lt;/span&gt;,&lt;br&gt;
Minding true things by what their mock'ries be.</p0826-teimww:text>
  </p0826-teimww:passage>
  <p0826-teimww:passage id="ww_e50a87aaacdc1b02">
    <knoraXmlImport:label>passage label</knoraXmlImport:label>
    <p0826-teimww:occursIn>
      <p0826-teimww:book knoraType="link_value" linkType="ref" target="ww_0c928f9e751dabbf"/>
    </p0826-teimww:occursIn>
    <p0826-teimww:text knoraType="richtext_value">[Chorus:] Leashed in like hounds, should&lt;span class="quote"&gt; famine, sword, and
fire&lt;/span&gt; &lt;br&gt;
Crouch for employment.</p0826-teimww:text>
  </p0826-teimww:passage>
  <p0826-teimww:passage id="ww_0ca1d67621775019">
    <knoraXmlImport:label>passage label</knoraXmlImport:label>
    <p0826-teimww:occursIn>
      <p0826-teimww:book knoraType="link_value" linkType="ref" target="ww_5c3ae833a8aaf03d"/>
    </p0826-teimww:occursIn>
    <p0826-teimww:text knoraType="richtext_value">[Touchstone:] Most shallow man. Thou worms' meat in respect of a good piece of flesh, indeed. Learn of the wise and &lt;span class="quote"&gt;perpend: &lt;/span&gt;civet is of a baser birth than tar, the very uncleanly flux of a cat. Mend the instance, shepherd.</p0826-teimww:text>
  </p0826-teimww:passage>
  <p0826-teimww:passage id="ww_8b13392da574417f">
    <knoraXmlImport:label>passage label</knoraXmlImport:label>
    <p0826-teimww:occursIn>
      <p0826-teimww:book knoraType="link_value" linkType="ref" target="ww_3e15ab6c612eadae"/>
    </p0826-teimww:occursIn>
  </p0826-teimww:passage>
  <p0826-teimww:passage id="ww_2b9bc93ca415969b">
    <knoraXmlImport:label>passage label</knoraXmlImport:label>
    <p0826-teimww:occursIn>
      <p0826-teimww:book knoraType="link_value" linkType="ref" target="ww_5cb4c35da9f3b9dd"/>
    </p0826-teimww:occursIn>
    <p0826-teimww:text knoraType="richtext_value">[Ghost:] [...] Thus was I, sleeping, by a brother's hand&lt;br&gt;
Of life, of crown, of queen at once dispatched,&lt;br&gt;
Cut off, even in the blossoms of my sin,&lt;br&gt;
&lt;span class="quote"&gt;Unhouseled, disappointed, unaneled,&lt;/span&gt;&lt;br&gt;
No reck'ning made, but sent to my account&lt;br&gt;
With all my imperfections on my head. </p0826-teimww:text>
  </p0826-teimww:passage>
  <p0826-teimww:passage id="ww_942847d07a2b042b">
    <knoraXmlImport:label>passage label</knoraXmlImport:label>
    <p0826-teimww:occursIn>
      <p0826-teimww:book knoraType="link_value" linkType="ref" target="ww_5cb4c35da9f3b9dd"/>
    </p0826-teimww:occursIn>
    <p0826-teimww:text knoraType="richtext_value">[King:] [...] O, my offense is rank, it smells to heaven; &lt;br&gt;
It hath the primal eldest curse upon 't, &lt;br&gt;
&lt;span class="quote"&gt;A brother’s murder. &lt;/span&gt;</p0826-teimww:text>
  </p0826-teimww:passage>
  <p0826-teimww:passage id="ww_7a0a42a909cec2d5">
    <knoraXmlImport:label>passage label</knoraXmlImport:label>
    <p0826-teimww:occursIn>
      <p0826-teimww:book knoraType="link_value" linkType="ref" target="ww_2f65899f08b5bb71"/>
    </p0826-teimww:occursIn>
  </p0826-teimww:passage>
  <p0826-teimww:passage id="ww_6ea39c3d367b12a4">
    <knoraXmlImport:label>passage label</knoraXmlImport:label>
    <p0826-teimww:occursIn>
      <p0826-teimww:book knoraType="link_value" linkType="ref" target="ww_15dba62495527dd5"/>
    </p0826-teimww:occursIn>
  </p0826-teimww:passage>
  <p0826-teimww:passage id="ww_9e216420a13ef033">
    <knoraXmlImport:label>passage label</knoraXmlImport:label>
    <p0826-teimww:occursIn>
      <p0826-teimww:book knoraType="link_value" linkType="ref" target="ww_6a0b1e5914da6bee"/>
    </p0826-teimww:occursIn>
  </p0826-teimww:passage>
  <p0826-teimww:passage id="ww_7b4df852f5042e46">
    <knoraXmlImport:label>passage label</knoraXmlImport:label>
    <p0826-teimww:occursIn>
      <p0826-teimww:book knoraType="link_value" linkType="ref" target="ww_436db7d05fb0f0f6"/>
    </p0826-teimww:occursIn>
    <p0826-teimww:text knoraType="richtext_value">[Balurdo:] [...] I were as he,&lt;span class="quote"&gt; I would bear no coals&lt;/span&gt;, law I, I begin to swell, puff.</p0826-teimww:text>
  </p0826-teimww:passage>
  <p0826-teimww:passage id="ww_76e4ed60c4b56e9a">
    <knoraXmlImport:label>passage label</knoraXmlImport:label>
    <p0826-teimww:occursIn>
      <p0826-teimww:book knoraType="link_value" linkType="ref" target="ww_5cb4c35da9f3b9dd"/>
    </p0826-teimww:occursIn>
    <p0826-teimww:text knoraType="richtext_value">&lt;span class="quote"&gt;Ophelia&lt;/span&gt;</p0826-teimww:text>
  </p0826-teimww:passage>
  <p0826-teimww:passage id="ww_c5cee3fe5b6fd88e">
    <knoraXmlImport:label>passage label</knoraXmlImport:label>
    <p0826-teimww:occursIn>
      <p0826-teimww:book knoraType="link_value" linkType="ref" target="ww_55bc1a3b04bf8a8d"/>
    </p0826-teimww:occursIn>
  </p0826-teimww:passage>
  <p0826-teimww:passage id="ww_dafb7c4d15e179a8">
    <knoraXmlImport:label>passage label</knoraXmlImport:label>
    <p0826-teimww:occursIn>
      <p0826-teimww:book knoraType="link_value" linkType="ref" target="ww_5cb4c35da9f3b9dd"/>
    </p0826-teimww:occursIn>
    <p0826-teimww:text knoraType="richtext_value">[King:] &lt;span class="quote"&gt;My words fly up, &lt;/span&gt;my thoughts remain below;&lt;br&gt;
&lt;span class="quote"&gt;Words without thoughts never to heaven go.&lt;/span&gt;</p0826-teimww:text>
  </p0826-teimww:passage>
  <p0826-teimww:passage id="ww_6b8b887fb724c49d">
    <knoraXmlImport:label>passage label</knoraXmlImport:label>
    <p0826-teimww:occursIn>
      <p0826-teimww:book knoraType="link_value" linkType="ref" target="ww_5603853ee308e6b5"/>
    </p0826-teimww:occursIn>
  </p0826-teimww:passage>
  <p0826-teimww:passage id="ww_34b4c5d2470cf3c0">
    <knoraXmlImport:label>passage label</knoraXmlImport:label>
    <p0826-teimww:occursIn>
      <p0826-teimww:book knoraType="link_value" linkType="ref" target="ww_5cb4c35da9f3b9dd"/>
    </p0826-teimww:occursIn>
    <p0826-teimww:text knoraType="richtext_value">[Polonius:] The best actors in the world, either for &lt;span class="quote"&gt;tragedy, comedy, history, pastoral, pastoral-comical, historical-pastoral &lt;/span&gt;[...].</p0826-teimww:text>
  </p0826-teimww:passage>
  <p0826-teimww:passage id="ww_0ba79d9086d1ae5a">
    <knoraXmlImport:label>passage label</knoraXmlImport:label>
    <p0826-teimww:occursIn>
      <p0826-teimww:book knoraType="link_value" linkType="ref" target="ww_91e0dc4c671938fa"/>
    </p0826-teimww:occursIn>
  </p0826-teimww:passage>
  <p0826-teimww:passage id="ww_98afc58a3ce3d2f8">
    <knoraXmlImport:label>passage label</knoraXmlImport:label>
    <p0826-teimww:occursIn>
      <p0826-teimww:book knoraType="link_value" linkType="ref" target="ww_5cb4c35da9f3b9dd"/>
    </p0826-teimww:occursIn>
    <p0826-teimww:text knoraType="richtext_value">[Hamlet:] [...] Now get you to my lady's chamber, and tell her, let her &lt;span class="quote"&gt;paint an inch thick&lt;/span&gt;, to &lt;span class="quote"&gt;this favor she must come&lt;/span&gt;. </p0826-teimww:text>
  </p0826-teimww:passage>
  <p0826-teimww:passage id="ww_d59f63f9f64023bb">
    <knoraXmlImport:label>passage label</knoraXmlImport:label>
    <p0826-teimww:occursIn>
      <p0826-teimww:book knoraType="link_value" linkType="ref" target="ww_436db7d05fb0f0f6"/>
    </p0826-teimww:occursIn>
    <p0826-teimww:text knoraType="richtext_value">(Enter Piero, &lt;span class="quote"&gt;unbraced, &lt;/span&gt;his arms bare, smeared in &lt;span class="quote"&gt;blood, a poniard in one hand bloody, and a torch in the other, Strotzo following him with a cord&lt;/span&gt;</p0826-teimww:text>
  </p0826-teimww:passage>
  <p0826-teimww:passage id="ww_46690b10353c523e">
    <knoraXmlImport:label>passage label</knoraXmlImport:label>
    <p0826-teimww:occursIn>
      <p0826-teimww:book knoraType="link_value" linkType="ref" target="ww_5cb4c35da9f3b9dd"/>
    </p0826-teimww:occursIn>
    <p0826-teimww:text knoraType="richtext_value">[Hamlet:] &lt;span class="quote"&gt;The time is out of joint.&lt;/span&gt;</p0826-teimww:text>
  </p0826-teimww:passage>
  <p0826-teimww:passage id="ww_d15a5a22df202292">
    <knoraXmlImport:label>passage label</knoraXmlImport:label>
    <p0826-teimww:occursIn>
      <p0826-teimww:book knoraType="link_value" linkType="ref" target="ww_3f86f30540de15b8"/>
    </p0826-teimww:occursIn>
  </p0826-teimww:passage>
  <p0826-teimww:passage id="ww_068039c7cac7a946">
    <knoraXmlImport:label>passage label</knoraXmlImport:label>
    <p0826-teimww:occursIn>
      <p0826-teimww:book knoraType="link_value" linkType="ref" target="ww_c1ca40b688cca87f"/>
    </p0826-teimww:occursIn>
  </p0826-teimww:passage>
  <p0826-teimww:passage id="ww_91f86468127485de">
    <knoraXmlImport:label>passage label</knoraXmlImport:label>
    <p0826-teimww:occursIn>
      <p0826-teimww:book knoraType="link_value" linkType="ref" target="ww_5cb4c35da9f3b9dd"/>
    </p0826-teimww:occursIn>
    <p0826-teimww:text knoraType="richtext_value">[Polonius (aside):] &lt;span class="quote"&gt;Though this be madness, yet there is method in it. &lt;/span&gt;</p0826-teimww:text>
  </p0826-teimww:passage>
  <p0826-teimww:passage id="ww_407ef68d844bca79">
    <knoraXmlImport:label>passage label</knoraXmlImport:label>
    <p0826-teimww:occursIn>
      <p0826-teimww:book knoraType="link_value" linkType="ref" target="ww_5cb4c35da9f3b9dd"/>
    </p0826-teimww:occursIn>
    <p0826-teimww:text knoraType="richtext_value">[Hamlet:] I hold it not honesty to have it thus set down, for
yourself, sir, should be old as I am, if&lt;span class="quote"&gt; like a crab you could go backward&lt;/span&gt;.</p0826-teimww:text>
  </p0826-teimww:passage>
  <p0826-teimww:passage id="ww_5046917c7bc84b50">
    <knoraXmlImport:label>passage label</knoraXmlImport:label>
    <p0826-teimww:occursIn>
      <p0826-teimww:book knoraType="link_value" linkType="ref" target="ww_5cb4c35da9f3b9dd"/>
    </p0826-teimww:occursIn>
    <p0826-teimww:text knoraType="richtext_value">[Hamlet:] [...]&lt;span class="quote"&gt; frailty, thy name is woman&lt;span class="quote"&gt;!</p0826-teimww:text>
  </p0826-teimww:passage>
  <p0826-teimww:passage id="ww_05753eb22bccbc3b">
    <knoraXmlImport:label>passage label</knoraXmlImport:label>
    <p0826-teimww:occursIn>
      <p0826-teimww:book knoraType="link_value" linkType="ref" target="ww_b3931845d54b98d5"/>
    </p0826-teimww:occursIn>
  </p0826-teimww:passage>
  <p0826-teimww:passage id="ww_ae4879ed82bdd00f">
    <knoraXmlImport:label>passage label</knoraXmlImport:label>
    <p0826-teimww:occursIn>
      <p0826-teimww:book knoraType="link_value" linkType="ref" target="ww_4899784ecc7f3845"/>
    </p0826-teimww:occursIn>
  </p0826-teimww:passage>
  <p0826-teimww:passage id="ww_381565a003b71da4">
    <knoraXmlImport:label>passage label</knoraXmlImport:label>
    <p0826-teimww:occursIn>
      <p0826-teimww:book knoraType="link_value" linkType="ref" target="ww_940f28e35b0dd6d0"/>
    </p0826-teimww:occursIn>
    <p0826-teimww:text knoraType="richtext_value">[Philip:] And for this &lt;span class="quote"&gt;Barbarous Moor&lt;/span&gt;, and his black train, &lt;br/&gt;
Let all the Moors be banished from Spain. </p0826-teimww:text>
  </p0826-teimww:passage>
  <p0826-teimww:passage id="ww_c3a6a4585e50dad0">
    <knoraXmlImport:label>passage label</knoraXmlImport:label>
    <p0826-teimww:occursIn>
      <p0826-teimww:book knoraType="link_value" linkType="ref" target="ww_3e15ab6c612eadae"/>
    </p0826-teimww:occursIn>
  </p0826-teimww:passage>
  <p0826-teimww:passage id="ww_bda9a317ec5e8f11">
    <knoraXmlImport:label>passage label</knoraXmlImport:label>
    <p0826-teimww:occursIn>
      <p0826-teimww:book knoraType="link_value" linkType="ref" target="ww_5cb4c35da9f3b9dd"/>
    </p0826-teimww:occursIn>
    <p0826-teimww:text knoraType="richtext_value">[Polonius:] &lt;span class="quote"&gt;Take this from this, if this be otherwise.&lt;/span&gt;</p0826-teimww:text>
  </p0826-teimww:passage>
  <p0826-teimww:passage id="ww_2385747dc4166cd8">
    <knoraXmlImport:label>passage label</knoraXmlImport:label>
    <p0826-teimww:occursIn>
      <p0826-teimww:book knoraType="link_value" linkType="ref" target="ww_c1ca40b688cca87f"/>
    </p0826-teimww:occursIn>
  </p0826-teimww:passage>
  <p0826-teimww:passage id="ww_02baa03065e7934a">
    <knoraXmlImport:label>passage label</knoraXmlImport:label>
    <p0826-teimww:occursIn>
      <p0826-teimww:book knoraType="link_value" linkType="ref" target="ww_5cb4c35da9f3b9dd"/>
    </p0826-teimww:occursIn>
    <p0826-teimww:text knoraType="richtext_value">[King:] What if this cursèd hand &lt;br&gt;
Were thicker than itself with brother’s blood? &lt;br&gt;
&lt;span class="quote"&gt;Is there not rain enough in the sweet heavens &lt;br&gt;
To wash it white as snow?&lt;/span&gt;</p0826-teimww:text>
  </p0826-teimww:passage>
  <p0826-teimww:passage id="ww_631f496e07ba2dbf">
    <knoraXmlImport:label>passage label</knoraXmlImport:label>
    <p0826-teimww:occursIn>
      <p0826-teimww:book knoraType="link_value" linkType="ref" target="ww_b3931845d54b98d5"/>
    </p0826-teimww:occursIn>
  </p0826-teimww:passage>
  <p0826-teimww:passage id="ww_3e1481fc81171686">
    <knoraXmlImport:label>passage label</knoraXmlImport:label>
    <p0826-teimww:occursIn>
      <p0826-teimww:book knoraType="link_value" linkType="ref" target="ww_5cb4c35da9f3b9dd"/>
    </p0826-teimww:occursIn>
    <p0826-teimww:text knoraType="richtext_value">[Hamlet:] &lt;span class="quote"&gt;See what a grace was seated on this brow, &lt;br&gt;
Hyperion’s curls, the front of Jove himself,&lt;br&gt;
An eye like Mars’ to threaten and command,&lt;br&gt;
A station like the herald Mercury&lt;br&gt;
New-lighted on a heaven-kissing hill&lt;br&gt;
A combination and a form indeed&lt;br&gt;
Where every god did seem to set his seal&lt;br&gt;
To give the world assurance of a man.&lt;/span&gt;</p0826-teimww:text>
  </p0826-teimww:passage>
  <p0826-teimww:passage id="ww_be8682766568821e">
    <knoraXmlImport:label>passage label</knoraXmlImport:label>
    <p0826-teimww:occursIn>
      <p0826-teimww:book knoraType="link_value" linkType="ref" target="ww_1140c36ab545b6d8"/>
    </p0826-teimww:occursIn>
  </p0826-teimww:passage>
  <p0826-teimww:passage id="ww_7c1f4a67457ed93c">
    <knoraXmlImport:label>passage label</knoraXmlImport:label>
    <p0826-teimww:occursIn>
      <p0826-teimww:book knoraType="link_value" linkType="ref" target="ww_5cb4c35da9f3b9dd"/>
    </p0826-teimww:occursIn>
    <p0826-teimww:text knoraType="richtext_value">&lt;span class="quote"&gt;For murder, though it have no tongue, will speak&lt;br&gt;
With most miraculous organ.&lt;/span&gt;</p0826-teimww:text>
  </p0826-teimww:passage>
  <p0826-teimww:passage id="ww_8b9d6f5c5f854cf6">
    <knoraXmlImport:label>passage label</knoraXmlImport:label>
    <p0826-teimww:occursIn>
      <p0826-teimww:book knoraType="link_value" linkType="ref" target="ww_1140c36ab545b6d8"/>
    </p0826-teimww:occursIn>
  </p0826-teimww:passage>
  <p0826-teimww:passage id="ww_961afeaeca424a65">
    <knoraXmlImport:label>passage label</knoraXmlImport:label>
    <p0826-teimww:occursIn>
      <p0826-teimww:book knoraType="link_value" linkType="ref" target="ww_5cb4c35da9f3b9dd"/>
    </p0826-teimww:occursIn>
    <p0826-teimww:text knoraType="richtext_value">[Hamlet:] (&lt;span class="quote"&gt;taking the skull&lt;/span&gt;) Alas, poor
Yorick! I knew him, Horatio—a fellow of infinite
jest, of most excellent fancy.
</p0826-teimww:text>
  </p0826-teimww:passage>
  <p0826-teimww:passage id="ww_4cc956fc225a8b5a">
    <knoraXmlImport:label>passage label</knoraXmlImport:label>
    <p0826-teimww:occursIn>
      <p0826-teimww:book knoraType="link_value" linkType="ref" target="ww_1140c36ab545b6d8"/>
    </p0826-teimww:occursIn>
  </p0826-teimww:passage>
  <p0826-teimww:passage id="ww_b1302e111692d14a">
    <knoraXmlImport:label>passage label</knoraXmlImport:label>
    <p0826-teimww:occursIn>
      <p0826-teimww:book knoraType="link_value" linkType="ref" target="ww_5cb4c35da9f3b9dd"/>
    </p0826-teimww:occursIn>
    <p0826-teimww:text knoraType="richtext_value">&lt;span class="annotation"&gt;Gravedigger Scene&lt;/span&gt;</p0826-teimww:text>
  </p0826-teimww:passage>
  <p0826-teimww:passage id="ww_a0989b475cd940b5">
    <knoraXmlImport:label>passage label</knoraXmlImport:label>
    <p0826-teimww:occursIn>
      <p0826-teimww:book knoraType="link_value" linkType="ref" target="ww_1140c36ab545b6d8"/>
    </p0826-teimww:occursIn>
  </p0826-teimww:passage>
  <p0826-teimww:passage id="ww_b72948efd6a77d47">
    <knoraXmlImport:label>passage label</knoraXmlImport:label>
    <p0826-teimww:occursIn>
      <p0826-teimww:book knoraType="link_value" linkType="ref" target="ww_91e0dc4c671938fa"/>
    </p0826-teimww:occursIn>
  </p0826-teimww:passage>
  <p0826-teimww:passage id="ww_fbb6ca1980e19692">
    <knoraXmlImport:label>passage label</knoraXmlImport:label>
    <p0826-teimww:occursIn>
      <p0826-teimww:book knoraType="link_value" linkType="ref" target="ww_5cb4c35da9f3b9dd"/>
    </p0826-teimww:occursIn>
    <p0826-teimww:text knoraType="richtext_value">[Hamlet:] I’ll speak to it, though&lt;span class="quote"&gt; hell itself should gape&lt;/span&gt;
And bid me hold my peace.
</p0826-teimww:text>
  </p0826-teimww:passage>
  <p0826-teimww:passage id="ww_4a3be9b40dbc1926">
    <knoraXmlImport:label>passage label</knoraXmlImport:label>
    <p0826-teimww:occursIn>
      <p0826-teimww:book knoraType="link_value" linkType="ref" target="ww_5868d5560bdfc062"/>
    </p0826-teimww:occursIn>
  </p0826-teimww:passage>
  <p0826-teimww:passage id="ww_db02dd1710cca845">
    <knoraXmlImport:label>passage label</knoraXmlImport:label>
    <p0826-teimww:occursIn>
      <p0826-teimww:book knoraType="link_value" linkType="ref" target="ww_b3931845d54b98d5"/>
    </p0826-teimww:occursIn>
  </p0826-teimww:passage>
  <p0826-teimww:passage id="ww_81551e6ed2ddef72">
    <knoraXmlImport:label>passage label</knoraXmlImport:label>
    <p0826-teimww:occursIn>
      <p0826-teimww:book knoraType="link_value" linkType="ref" target="ww_5cb4c35da9f3b9dd"/>
    </p0826-teimww:occursIn>
    <p0826-teimww:text knoraType="richtext_value">[King:] [...] The harlot's cheek beautied with &lt;span class="quote"&gt;plast'ring art &lt;/span&gt;&lt;br&gt;
Is not more ugly to the thing that helps it [...]&lt;br&gt;&lt;br&gt;

[Hamlet:] I have heard of &lt;span class="quote"&gt;your paintings &lt;/span&gt;&lt;too, well enough. God hath given you one face, and you make yourselves another.
</p0826-teimww:text>
  </p0826-teimww:passage>
  <p0826-teimww:passage id="ww_22afd2ad0ed5812b">
    <knoraXmlImport:label>passage label</knoraXmlImport:label>
    <p0826-teimww:occursIn>
      <p0826-teimww:book knoraType="link_value" linkType="ref" target="ww_15dba62495527dd5"/>
    </p0826-teimww:occursIn>
  </p0826-teimww:passage>
  <p0826-teimww:passage id="ww_842dd16d292025d2">
    <knoraXmlImport:label>passage label</knoraXmlImport:label>
    <p0826-teimww:occursIn>
      <p0826-teimww:book knoraType="link_value" linkType="ref" target="ww_ca15500e7036f16e"/>
    </p0826-teimww:occursIn>
  </p0826-teimww:passage>
  <p0826-teimww:passage id="ww_86c768619715f3a1">
    <knoraXmlImport:label>passage label</knoraXmlImport:label>
    <p0826-teimww:occursIn>
      <p0826-teimww:book knoraType="link_value" linkType="ref" target="ww_0b28ed19a0540e1d"/>
    </p0826-teimww:occursIn>
  </p0826-teimww:passage>
  <p0826-teimww:passage id="ww_a4c7076395267686">
    <knoraXmlImport:label>passage label</knoraXmlImport:label>
    <p0826-teimww:occursIn>
      <p0826-teimww:book knoraType="link_value" linkType="ref" target="ww_ff23e2b53094740e"/>
    </p0826-teimww:occursIn>
    <p0826-teimww:text knoraType="richtext_value">[Apollo:] But pray ye Maid, it will be very good, &lt;br&gt;
&lt;span class="quote"&gt;To take the shade, in this unhaunted wood: &lt;/span&gt;&lt;br&gt;
This flowering bay with branches large and great, &lt;br&gt;
Will shroud ye safely, from the parching heat. </p0826-teimww:text>
  </p0826-teimww:passage>
  <p0826-teimww:passage id="ww_bbf1d529d1c9d9cf">
    <knoraXmlImport:label>passage label</knoraXmlImport:label>
    <p0826-teimww:occursIn>
      <p0826-teimww:book knoraType="link_value" linkType="ref" target="ww_b3931845d54b98d5"/>
    </p0826-teimww:occursIn>
  </p0826-teimww:passage>
  <p0826-teimww:passage id="ww_d10ff3b6d69cf463">
    <knoraXmlImport:label>passage label</knoraXmlImport:label>
    <p0826-teimww:occursIn>
      <p0826-teimww:book knoraType="link_value" linkType="ref" target="ww_e9dd31d2f114bcc9"/>
    </p0826-teimww:occursIn>
  </p0826-teimww:passage>
  <p0826-teimww:passage id="ww_cc469ab380d3dd72">
    <knoraXmlImport:label>passage label</knoraXmlImport:label>
    <p0826-teimww:occursIn>
      <p0826-teimww:book knoraType="link_value" linkType="ref" target="ww_50b5fed06f012747"/>
    </p0826-teimww:occursIn>
    <p0826-teimww:text knoraType="richtext_value">[Viola:] [...] Alas, &lt;span class="quote"&gt;our frailty is the cause, not we,&lt;br&gt;
For such as we are made of, such we be.</p0826-teimww:text>
  </p0826-teimww:passage>
  <p0826-teimww:passage id="ww_3beaa1faef6dd3ac">
    <knoraXmlImport:label>passage label</knoraXmlImport:label>
    <p0826-teimww:occursIn>
      <p0826-teimww:book knoraType="link_value" linkType="ref" target="ww_b3931845d54b98d5"/>
    </p0826-teimww:occursIn>
  </p0826-teimww:passage>
  <p0826-teimww:passage id="ww_d5340982f10b76cc">
    <knoraXmlImport:label>passage label</knoraXmlImport:label>
    <p0826-teimww:occursIn>
      <p0826-teimww:book knoraType="link_value" linkType="ref" target="ww_f6b0a0a6caabc2ad"/>
    </p0826-teimww:occursIn>
    <p0826-teimww:text knoraType="richtext_value">[Camillo:] And of Beauty what tongue would not speak the best: since it is &lt;span class="quote"&gt;Jewel that hangs upon the brow of heaven, &lt;/span&gt;the best collar that can be laid upon the cheek of earth: beauty makes men Gods immortal, by making mortal men to live even in love.</p0826-teimww:text>
  </p0826-teimww:passage>
  <p0826-teimww:passage id="ww_7bb42427eaaf6792">
    <knoraXmlImport:label>passage label</knoraXmlImport:label>
    <p0826-teimww:occursIn>
      <p0826-teimww:book knoraType="link_value" linkType="ref" target="ww_1140c36ab545b6d8"/>
    </p0826-teimww:occursIn>
  </p0826-teimww:passage>
  <p0826-teimww:passage id="ww_da9334f1c14cfc32">
    <knoraXmlImport:label>passage label</knoraXmlImport:label>
    <p0826-teimww:occursIn>
      <p0826-teimww:book knoraType="link_value" linkType="ref" target="ww_b3931845d54b98d5"/>
    </p0826-teimww:occursIn>
  </p0826-teimww:passage>
  <p0826-teimww:passage id="ww_9074185779bd2e40">
    <knoraXmlImport:label>passage label</knoraXmlImport:label>
    <p0826-teimww:occursIn>
      <p0826-teimww:book knoraType="link_value" linkType="ref" target="ww_88503e400f411e81"/>
    </p0826-teimww:occursIn>
    <p0826-teimww:text knoraType="richtext_value">[Quadratus:] Ha he mounts &lt;i&gt;Chirall &lt;/i&gt;on the wings of fame.&lt;br&gt;
&lt;span class="quote"&gt;A horse, a horse, my kingdom for a horse,&lt;br&gt;&lt;/span&gt;
Look thee, I speak play scraps.</p0826-teimww:text>
  </p0826-teimww:passage>
  <p0826-teimww:passage id="ww_f88346a2dc25a6c9">
    <knoraXmlImport:label>passage label</knoraXmlImport:label>
    <p0826-teimww:occursIn>
      <p0826-teimww:book knoraType="link_value" linkType="ref" target="ww_1140c36ab545b6d8"/>
    </p0826-teimww:occursIn>
  </p0826-teimww:passage>
  <p0826-teimww:passage id="ww_bfeac2132fd4df8e">
    <knoraXmlImport:label>passage label</knoraXmlImport:label>
    <p0826-teimww:occursIn>
      <p0826-teimww:book knoraType="link_value" linkType="ref" target="ww_e94b33ac99cc5615"/>
    </p0826-teimww:occursIn>
    <p0826-teimww:text knoraType="richtext_value">[2nd theatre boy:] &lt;span class="quote"&gt;Where art thou, boy? where is Calipolis? &lt;/span&gt;</p0826-teimww:text>
  </p0826-teimww:passage>
  <p0826-teimww:passage id="ww_2846b1e612e29a1f">
    <knoraXmlImport:label>passage label</knoraXmlImport:label>
    <p0826-teimww:occursIn>
      <p0826-teimww:book knoraType="link_value" linkType="ref" target="ww_88503e400f411e81"/>
    </p0826-teimww:occursIn>
    <p0826-teimww:text knoraType="richtext_value">[Quadratus:] &lt;span class="quote"&gt;Feed and be fat my fair Calipolis!&lt;/span&gt;</p0826-teimww:text>
  </p0826-teimww:passage>
  <p0826-teimww:passage id="ww_0317812324600cd6">
    <knoraXmlImport:label>passage label</knoraXmlImport:label>
    <p0826-teimww:occursIn>
      <p0826-teimww:book knoraType="link_value" linkType="ref" target="ww_7e27a16308bd00fc"/>
    </p0826-teimww:occursIn>
    <p0826-teimww:text knoraType="richtext_value">[Tucca:] &lt;span class="quote"&gt;Feed and be fat my fair Calipolis&lt;/span&gt;, stir not my beauteous wriggle-tails.</p0826-teimww:text>
  </p0826-teimww:passage>
  <p0826-teimww:passage id="ww_f34cd31230e49aca">
    <knoraXmlImport:label>passage label</knoraXmlImport:label>
    <p0826-teimww:occursIn>
      <p0826-teimww:book knoraType="link_value" linkType="ref" target="ww_1119cb42e0133631"/>
    </p0826-teimww:occursIn>
    <p0826-teimww:text knoraType="richtext_value">Whilst that my glory midst the clouds was hid, &lt;br&gt;
Like to &lt;span class="quote"&gt;a Jewel in an Ethiop's ear. &lt;/span&gt;</p0826-teimww:text>
  </p0826-teimww:passage>
  <p0826-teimww:passage id="ww_7568d4516bc0cb62">
    <knoraXmlImport:label>passage label</knoraXmlImport:label>
    <p0826-teimww:occursIn>
      <p0826-teimww:book knoraType="link_value" linkType="ref" target="ww_1140c36ab545b6d8"/>
    </p0826-teimww:occursIn>
  </p0826-teimww:passage>
  <p0826-teimww:passage id="ww_5c775ca7b874933f">
    <knoraXmlImport:label>passage label</knoraXmlImport:label>
    <p0826-teimww:occursIn>
      <p0826-teimww:book knoraType="link_value" linkType="ref" target="ww_7f949bbd8df542c3"/>
    </p0826-teimww:occursIn>
    <p0826-teimww:text knoraType="richtext_value">[Malevole:] &lt;span class="quote"&gt;I'll go to pray&lt;/span&gt; and come to you.</p0826-teimww:text>
  </p0826-teimww:passage>
  <p0826-teimww:passage id="ww_855db33cf48dd4d9">
    <knoraXmlImport:label>passage label</knoraXmlImport:label>
    <p0826-teimww:occursIn>
      <p0826-teimww:book knoraType="link_value" linkType="ref" target="ww_7f949bbd8df542c3"/>
    </p0826-teimww:occursIn>
    <p0826-teimww:text knoraType="richtext_value">[Malevole:] Great slaves fear better than love, born naturally for &lt;span class="quote"&gt;a coal-basket&lt;/span&gt; [...].</p0826-teimww:text>
  </p0826-teimww:passage>
  <p0826-teimww:passage id="ww_6a86597dc7e028c2">
    <knoraXmlImport:label>passage label</knoraXmlImport:label>
    <p0826-teimww:occursIn>
      <p0826-teimww:book knoraType="link_value" linkType="ref" target="ww_aff3e1e0ec71023e"/>
    </p0826-teimww:occursIn>
    <p0826-teimww:text knoraType="richtext_value">[Claudio:]&lt;span class="quote"&gt; Thus can the demigod Authority &lt;br&gt;
Make us pay down for our offense, by weight,&lt;br&gt;
The words of heaven: on whom it will, it will;&lt;br&gt;
On whom it will not, so; yet still ’tis just.&lt;/span&gt;</p0826-teimww:text>
  </p0826-teimww:passage>
  <p0826-teimww:passage id="ww_6b6b3ac8c25099e5">
    <knoraXmlImport:label>passage label</knoraXmlImport:label>
    <p0826-teimww:occursIn>
      <p0826-teimww:book knoraType="link_value" linkType="ref" target="ww_1140c36ab545b6d8"/>
    </p0826-teimww:occursIn>
  </p0826-teimww:passage>
  <p0826-teimww:passage id="ww_b69b15a5015e94c7">
    <knoraXmlImport:label>passage label</knoraXmlImport:label>
    <p0826-teimww:occursIn>
      <p0826-teimww:book knoraType="link_value" linkType="ref" target="ww_9b67ca7f120fc425"/>
    </p0826-teimww:occursIn>
    <p0826-teimww:text knoraType="richtext_value">[Othello:] &lt;span class="quote"&gt;Excellent wretch! &lt;/span&gt;Perdition catch my soul&lt;br&gt;
But I do love thee!</p0826-teimww:text>
  </p0826-teimww:passage>
  <p0826-teimww:passage id="ww_5e0cfdbd2bf9854c">
    <knoraXmlImport:label>passage label</knoraXmlImport:label>
    <p0826-teimww:occursIn>
      <p0826-teimww:book knoraType="link_value" linkType="ref" target="ww_bc78559657a822d9"/>
    </p0826-teimww:occursIn>
    <p0826-teimww:text knoraType="richtext_value">&lt;span class="quote"&gt;Puts off his clothes; his shirt he only wears&lt;/span&gt;, &lt;br&gt;
Much like &lt;span class="quote"&gt;mad-Hamlet&lt;/span&gt;; thus as passion tears.</p0826-teimww:text>
  </p0826-teimww:passage>
  <p0826-teimww:passage id="ww_640d7e2b938c94af">
    <knoraXmlImport:label>passage label</knoraXmlImport:label>
    <p0826-teimww:occursIn>
      <p0826-teimww:book knoraType="link_value" linkType="ref" target="ww_227cc36a19286ccd"/>
    </p0826-teimww:occursIn>
  </p0826-teimww:passage>
  <p0826-teimww:passage id="ww_7775fff8af3bf153">
    <knoraXmlImport:label>passage label</knoraXmlImport:label>
    <p0826-teimww:occursIn>
      <p0826-teimww:book knoraType="link_value" linkType="ref" target="ww_2f65899f08b5bb71"/>
    </p0826-teimww:occursIn>
  </p0826-teimww:passage>
  <p0826-teimww:passage id="ww_e9e7c1eea638aaf9">
    <knoraXmlImport:label>passage label</knoraXmlImport:label>
    <p0826-teimww:occursIn>
      <p0826-teimww:book knoraType="link_value" linkType="ref" target="ww_91e0dc4c671938fa"/>
    </p0826-teimww:occursIn>
  </p0826-teimww:passage>
  <p0826-teimww:passage id="ww_6c60347d29f1dd27">
    <knoraXmlImport:label>passage label</knoraXmlImport:label>
    <p0826-teimww:occursIn>
      <p0826-teimww:book knoraType="link_value" linkType="ref" target="ww_1140c36ab545b6d8"/>
    </p0826-teimww:occursIn>
  </p0826-teimww:passage>
  <p0826-teimww:passage id="ww_38daf9b384a4e939">
    <knoraXmlImport:label>passage label</knoraXmlImport:label>
    <p0826-teimww:occursIn>
      <p0826-teimww:book knoraType="link_value" linkType="ref" target="ww_ad87a567c9aa933d"/>
    </p0826-teimww:occursIn>
    <p0826-teimww:text knoraType="richtext_value">[Hipolito]: My Infelices face: her brow, her eye, &lt;br&gt;
The dimple on her cheek: and such sweet skill, &lt;br&gt;
Hath from the cunning workman's pencil flown, &lt;br&gt;
These lips look fresh and lively as her own, &lt;br&gt;
Seeming to move and speak. Las! now I see, &lt;br&gt;
The reason why &lt;span class="quote"&gt;fond women love to buy &lt;br&gt;
Adulterate complexion: here 'tis read, &lt;br&gt;
False colours last after the true be dead. &lt;/span&gt;&lt;br&gt;
Of all the Roses grafted on her cheeks, &lt;br&gt;
Of all the graces dancing in her eyes, &lt;br&gt;
Of all the Music set upon her tongue, &lt;br&gt;
Of all that was past womans excellence, &lt;br&gt;
In her white bosom, look! a painted board, &lt;br&gt;
Circumscribes all: Earth can no bliss afford.</p0826-teimww:text>
  </p0826-teimww:passage>
  <p0826-teimww:passage id="ww_1236ac51d2735aff">
    <knoraXmlImport:label>passage label</knoraXmlImport:label>
    <p0826-teimww:occursIn>
      <p0826-teimww:book knoraType="link_value" linkType="ref" target="ww_91e0dc4c671938fa"/>
    </p0826-teimww:occursIn>
  </p0826-teimww:passage>
  <p0826-teimww:passage id="ww_aa55a7b368645f43">
    <knoraXmlImport:label>passage label</knoraXmlImport:label>
    <p0826-teimww:occursIn>
      <p0826-teimww:book knoraType="link_value" linkType="ref" target="ww_f38099d24a8f82da"/>
    </p0826-teimww:occursIn>
    <p0826-teimww:text knoraType="richtext_value">[Bussy:] [...] great sea-men, using all their wealth &lt;br&gt;
And skills in &lt;i&gt;Neptunes&lt;/i&gt; deep invisible paths, &lt;br&gt;
In tall ships richly built and ribbed with brass, &lt;br&gt;
&lt;span class="quote"&gt;To put a Girdle round about the world.&lt;/span&gt;</p0826-teimww:text>
  </p0826-teimww:passage>
  <p0826-teimww:passage id="ww_c8536c44934c5b27">
    <knoraXmlImport:label>passage label</knoraXmlImport:label>
    <p0826-teimww:occursIn>
      <p0826-teimww:book knoraType="link_value" linkType="ref" target="ww_cd4449a9f288f0d1"/>
    </p0826-teimww:occursIn>
  </p0826-teimww:passage>
  <p0826-teimww:passage id="ww_a4205ea3a6e18c06">
    <knoraXmlImport:label>passage label</knoraXmlImport:label>
    <p0826-teimww:occursIn>
      <p0826-teimww:book knoraType="link_value" linkType="ref" target="ww_f38099d24a8f82da"/>
    </p0826-teimww:occursIn>
    <p0826-teimww:text knoraType="richtext_value">[Barrisor:] I have heard of a fellow, that by a fixed imagination looking upon a Bulbaiting, had a &lt;span class="quote"&gt;visible pair of horns&lt;/span&gt; grow out of his forehead.</p0826-teimww:text>
  </p0826-teimww:passage>
  <p0826-teimww:passage id="ww_093a551eba01df3d">
    <knoraXmlImport:label>passage label</knoraXmlImport:label>
    <p0826-teimww:occursIn>
      <p0826-teimww:book knoraType="link_value" linkType="ref" target="ww_9878ac4728900ba4"/>
    </p0826-teimww:occursIn>
    <p0826-teimww:text knoraType="richtext_value">[Quintiliano:] And yet take heed you swear by no man's bread but your own, for that may breed a quarrel: above all things &lt;span class="quote"&gt;you must carry no coals.&lt;/span&gt;</p0826-teimww:text>
  </p0826-teimww:passage>
  <p0826-teimww:passage id="ww_86461abe1a64f814">
    <knoraXmlImport:label>passage label</knoraXmlImport:label>
    <p0826-teimww:occursIn>
      <p0826-teimww:book knoraType="link_value" linkType="ref" target="ww_3e15ab6c612eadae"/>
    </p0826-teimww:occursIn>
  </p0826-teimww:passage>
  <p0826-teimww:passage id="ww_7d49236ed6eebd73">
    <knoraXmlImport:label>passage label</knoraXmlImport:label>
    <p0826-teimww:occursIn>
      <p0826-teimww:book knoraType="link_value" linkType="ref" target="ww_ad87a567c9aa933d"/>
    </p0826-teimww:occursIn>
    <p0826-teimww:text knoraType="richtext_value">[Duke:] Admit I had, thou killst her now again; &lt;br/&gt;
And art more savage than a &lt;span class="quote"&gt;barbarous Moor&lt;/span&gt;.</p0826-teimww:text>
  </p0826-teimww:passage>
  <p0826-teimww:passage id="ww_b062fd1c813dbc86">
    <knoraXmlImport:label>passage label</knoraXmlImport:label>
    <p0826-teimww:occursIn>
      <p0826-teimww:book knoraType="link_value" linkType="ref" target="ww_55082a41763c1d8b"/>
    </p0826-teimww:occursIn>
    <p0826-teimww:text knoraType="richtext_value">This falling away of them, [...] hastied the last of the once hoped-for Prince, as from him that must notoriously know [...] that his father's Empire and Government, was but as the &lt;i&gt;Poetical Furry in a Stage-action&lt;/i&gt;, complete yet with horrid and Woful Tragedies: a first, but no second to any &lt;span class="quote"&gt;&lt;i&gt;Hamlet&lt;/i&gt;&lt;/span&gt;; and that now &lt;span class="quote"&gt;&lt;i&gt;Revenge&lt;/i&gt;, just &lt;i&gt;Revenge&lt;/i&gt;&lt;/span&gt; was coming with his Sword drawn against him, his royal Mother, and dearest Sister, to fill up those Murdering Scenes.</p0826-teimww:text>
  </p0826-teimww:passage>
  <p0826-teimww:passage id="ww_140330f2ca0d7ab9">
    <knoraXmlImport:label>passage label</knoraXmlImport:label>
    <p0826-teimww:occursIn>
      <p0826-teimww:book knoraType="link_value" linkType="ref" target="ww_45707432cc4f2876"/>
    </p0826-teimww:occursIn>
  </p0826-teimww:passage>
  <p0826-teimww:passage id="ww_8d56efff1e7148cb">
    <knoraXmlImport:label>passage label</knoraXmlImport:label>
    <p0826-teimww:occursIn>
      <p0826-teimww:book knoraType="link_value" linkType="ref" target="ww_2f65899f08b5bb71"/>
    </p0826-teimww:occursIn>
  </p0826-teimww:passage>
  <p0826-teimww:passage id="ww_a79c9d0985aed7e9">
    <knoraXmlImport:label>passage label</knoraXmlImport:label>
    <p0826-teimww:occursIn>
      <p0826-teimww:book knoraType="link_value" linkType="ref" target="ww_1140c36ab545b6d8"/>
    </p0826-teimww:occursIn>
  </p0826-teimww:passage>
  <p0826-teimww:passage id="ww_97fb096ae7ce9c3b">
    <knoraXmlImport:label>passage label</knoraXmlImport:label>
    <p0826-teimww:occursIn>
      <p0826-teimww:book knoraType="link_value" linkType="ref" target="ww_c021f9c6c9cb807d"/>
    </p0826-teimww:occursIn>
    <p0826-teimww:text knoraType="richtext_value">[Security:] [...] &lt;span class="quote"&gt;A boat, a boat, a boat, a full hundred Marks for a boat.&lt;/span&gt;</p0826-teimww:text>
  </p0826-teimww:passage>
  <p0826-teimww:passage id="ww_1c908f4d52b87ff6">
    <knoraXmlImport:label>passage label</knoraXmlImport:label>
    <p0826-teimww:occursIn>
      <p0826-teimww:book knoraType="link_value" linkType="ref" target="ww_c0bb45384c6abc1f"/>
    </p0826-teimww:occursIn>
  </p0826-teimww:passage>
  <p0826-teimww:passage id="ww_08447c3a77408e2c">
    <knoraXmlImport:label>passage label</knoraXmlImport:label>
    <p0826-teimww:occursIn>
      <p0826-teimww:book knoraType="link_value" linkType="ref" target="ww_3e15ab6c612eadae"/>
    </p0826-teimww:occursIn>
  </p0826-teimww:passage>
  <p0826-teimww:passage id="ww_9b834e41cd350942">
    <knoraXmlImport:label>passage label</knoraXmlImport:label>
    <p0826-teimww:occursIn>
      <p0826-teimww:book knoraType="link_value" linkType="ref" target="ww_d77664dc4673002e"/>
    </p0826-teimww:occursIn>
    <p0826-teimww:text knoraType="richtext_value">[Don Zuccone:] [...] &lt;span class="quote"&gt;A fool, a fool, a fool! my Coxcombe for a fool!&lt;/span&gt;</p0826-teimww:text>
  </p0826-teimww:passage>
  <p0826-teimww:passage id="ww_8e83b8944ed30f28">
    <knoraXmlImport:label>passage label</knoraXmlImport:label>
    <p0826-teimww:occursIn>
      <p0826-teimww:book knoraType="link_value" linkType="ref" target="ww_c0bb45384c6abc1f"/>
    </p0826-teimww:occursIn>
  </p0826-teimww:passage>
  <p0826-teimww:passage id="ww_a82070c5e5a15f24">
    <knoraXmlImport:label>passage label</knoraXmlImport:label>
    <p0826-teimww:occursIn>
      <p0826-teimww:book knoraType="link_value" linkType="ref" target="ww_c021f9c6c9cb807d"/>
    </p0826-teimww:occursIn>
    <p0826-teimww:text knoraType="richtext_value">[Touchstone:] Master me no more &lt;span class="quote"&gt;Son &lt;/span&gt;if though think's me worthy to by thy father.&lt;br&gt;
[Gertrude:] &lt;span class="quote"&gt;Sun? &lt;/span&gt;Now good Lord how he shines and you mark him! he's a gentleman.</p0826-teimww:text>
  </p0826-teimww:passage>
  <p0826-teimww:passage id="ww_fab5a15a5a83c965">
    <knoraXmlImport:label>passage label</knoraXmlImport:label>
    <p0826-teimww:occursIn>
      <p0826-teimww:book knoraType="link_value" linkType="ref" target="ww_17675e9418dc9f39"/>
    </p0826-teimww:occursIn>
    <p0826-teimww:text knoraType="richtext_value">[Caesar:] […] And fearlessly past the &lt;span class="quote"&gt;toiling Hellespont&lt;/span&gt;, &lt;br&gt;
Famous for amorous Leander's death […].</p0826-teimww:text>
  </p0826-teimww:passage>
  <p0826-teimww:passage id="ww_20a7188878fb8a10">
    <knoraXmlImport:label>passage label</knoraXmlImport:label>
    <p0826-teimww:occursIn>
      <p0826-teimww:book knoraType="link_value" linkType="ref" target="ww_b3931845d54b98d5"/>
    </p0826-teimww:occursIn>
  </p0826-teimww:passage>
  <p0826-teimww:passage id="ww_cb06135a5f166790">
    <knoraXmlImport:label>passage label</knoraXmlImport:label>
    <p0826-teimww:occursIn>
      <p0826-teimww:book knoraType="link_value" linkType="ref" target="ww_7c3febaec4e5aacf"/>
    </p0826-teimww:occursIn>
    <p0826-teimww:text knoraType="richtext_value">[Gond.:] My Lord, I speak not this to gain new grace, &lt;br&gt;
But howsoever you esteem my words, &lt;br&gt;
My love and duty will not suffer me &lt;br&gt;
To see you favour such a prostitute, &lt;br&gt;
And I stand by dumb; without Rack, Torture, &lt;br&gt;
Or Strappado, I'll unrip myself, &lt;br&gt;
I do confess I was in company with &lt;span class="quote"&gt;that pleasing peace of frailty, that we call woman&lt;/span&gt;; &lt;br&gt;
I do confess after along and tedious seige, I yielded.</p0826-teimww:text>
  </p0826-teimww:passage>
  <p0826-teimww:passage id="ww_79a2a8e15ff5582a">
    <knoraXmlImport:label>passage label</knoraXmlImport:label>
    <p0826-teimww:occursIn>
      <p0826-teimww:book knoraType="link_value" linkType="ref" target="ww_9d64f79445831f4a"/>
    </p0826-teimww:occursIn>
    <p0826-teimww:text knoraType="richtext_value">And might it not, as Lady sometimes joy,&lt;br&gt;
&lt;span class="quote"&gt;T'have decked, and trim'd this now rainbeaten face,&lt;br&gt;
With many a trick&lt;/span&gt;, and new-found pleasing toy?&lt;br&gt;
Which if that now,&lt;span class="quote"&gt; she did behold her case,&lt;br&gt;&lt;/span&gt;
Although on earth, she were for to remain,&lt;br&gt;
She would not paint, nor trim it up again.</p0826-teimww:text>
  </p0826-teimww:passage>
  <p0826-teimww:passage id="ww_e2e25f6158cdd3a7">
    <knoraXmlImport:label>passage label</knoraXmlImport:label>
    <p0826-teimww:occursIn>
      <p0826-teimww:book knoraType="link_value" linkType="ref" target="ww_91e0dc4c671938fa"/>
    </p0826-teimww:occursIn>
  </p0826-teimww:passage>
  <p0826-teimww:passage id="ww_01e5a24251d52d55">
    <knoraXmlImport:label>passage label</knoraXmlImport:label>
    <p0826-teimww:occursIn>
      <p0826-teimww:book knoraType="link_value" linkType="ref" target="ww_1140c36ab545b6d8"/>
    </p0826-teimww:occursIn>
  </p0826-teimww:passage>
  <p0826-teimww:passage id="ww_b5805bf633a9656f">
    <knoraXmlImport:label>passage label</knoraXmlImport:label>
    <p0826-teimww:occursIn>
      <p0826-teimww:book knoraType="link_value" linkType="ref" target="ww_91e0dc4c671938fa"/>
    </p0826-teimww:occursIn>
  </p0826-teimww:passage>
  <p0826-teimww:passage id="ww_98feeeb363433262">
    <knoraXmlImport:label>passage label</knoraXmlImport:label>
    <p0826-teimww:occursIn>
      <p0826-teimww:book knoraType="link_value" linkType="ref" target="ww_55bc1a3b04bf8a8d"/>
    </p0826-teimww:occursIn>
  </p0826-teimww:passage>
  <p0826-teimww:passage id="ww_ff07bf268ad64afc">
    <knoraXmlImport:label>passage label</knoraXmlImport:label>
    <p0826-teimww:occursIn>
      <p0826-teimww:book knoraType="link_value" linkType="ref" target="ww_b3931845d54b98d5"/>
    </p0826-teimww:occursIn>
  </p0826-teimww:passage>
  <p0826-teimww:passage id="ww_a99d237061107cf0">
    <knoraXmlImport:label>passage label</knoraXmlImport:label>
    <p0826-teimww:occursIn>
      <p0826-teimww:book knoraType="link_value" linkType="ref" target="ww_7114631e1c7c2d84"/>
    </p0826-teimww:occursIn>
    <p0826-teimww:text knoraType="richtext_value">[Lady Macbeth:] The &lt;span class="quote"&gt;raven himself is hoarse &lt;br&gt;
That croaks &lt;/span&gt;the fatal entrance of Duncan &lt;br&gt;
Under my battlements.</p0826-teimww:text>
  </p0826-teimww:passage>
  <p0826-teimww:passage id="ww_8840f92a9ae7c490">
    <knoraXmlImport:label>passage label</knoraXmlImport:label>
    <p0826-teimww:occursIn>
      <p0826-teimww:book knoraType="link_value" linkType="ref" target="ww_231a164bb5b9d142"/>
    </p0826-teimww:occursIn>
    <p0826-teimww:text knoraType="richtext_value">[Captain:] Here do I mean to crunch, to munch, to eat, &lt;br&gt;
&lt;span class="quote"&gt;To feed, and be fat my fine Calipolis. &lt;/span&gt;</p0826-teimww:text>
  </p0826-teimww:passage>
  <p0826-teimww:passage id="ww_cfa0001c1bfba48d">
    <knoraXmlImport:label>passage label</knoraXmlImport:label>
    <p0826-teimww:occursIn>
      <p0826-teimww:book knoraType="link_value" linkType="ref" target="ww_3e15ab6c612eadae"/>
    </p0826-teimww:occursIn>
  </p0826-teimww:passage>
  <p0826-teimww:passage id="ww_eff059d5f869a3ad">
    <knoraXmlImport:label>passage label</knoraXmlImport:label>
    <p0826-teimww:occursIn>
      <p0826-teimww:book knoraType="link_value" linkType="ref" target="ww_bb778743185401c7"/>
    </p0826-teimww:occursIn>
    <p0826-teimww:text knoraType="richtext_value">Some on their heads did bear the fatal sign,&lt;br&gt;
Which of fools future fortune did divine,&lt;br&gt;
Others again Morisko caps did wear&lt;br&gt;
Maid-marrian-like with brooches in each ear&lt;br&gt;
And Indian-like did &lt;span class="quote"&gt;paint inch thick &lt;/span&gt;in view;&lt;br&gt;
Though nature‘s red and white were Angel‘s hue. </p0826-teimww:text>
  </p0826-teimww:passage>
  <p0826-teimww:passage id="ww_bad1d0b02b5d1ac8">
    <knoraXmlImport:label>passage label</knoraXmlImport:label>
    <p0826-teimww:occursIn>
      <p0826-teimww:book knoraType="link_value" linkType="ref" target="ww_3e15ab6c612eadae"/>
    </p0826-teimww:occursIn>
  </p0826-teimww:passage>
  <p0826-teimww:passage id="ww_6177d43a7a39565e">
    <knoraXmlImport:label>passage label</knoraXmlImport:label>
    <p0826-teimww:occursIn>
      <p0826-teimww:book knoraType="link_value" linkType="ref" target="ww_1bfa3812390e9c05"/>
    </p0826-teimww:occursIn>
    <p0826-teimww:text knoraType="richtext_value">[Sicinius:] He loved &lt;span class="quote"&gt;his mother dearly.&lt;br&gt;
[Menenius:] [...] There is no more mercy in him than there is &lt;span class="quote"&gt;milk in a male tiger.</p0826-teimww:text>
  </p0826-teimww:passage>
  <p0826-teimww:passage id="ww_9fba5d4966fefdf6">
    <knoraXmlImport:label>passage label</knoraXmlImport:label>
    <p0826-teimww:occursIn>
      <p0826-teimww:book knoraType="link_value" linkType="ref" target="ww_db0e9fa009aad7b3"/>
    </p0826-teimww:occursIn>
  </p0826-teimww:passage>
  <p0826-teimww:passage id="ww_6f4d6e9c5d8b24f4">
    <knoraXmlImport:label>passage label</knoraXmlImport:label>
    <p0826-teimww:occursIn>
      <p0826-teimww:book knoraType="link_value" linkType="ref" target="ww_9d62e7b28d3a5fa1"/>
    </p0826-teimww:occursIn>
    <p0826-teimww:text knoraType="richtext_value">&lt;span class="quote"&gt;The Historie of Hamblet&lt;/span&gt;</p0826-teimww:text>
  </p0826-teimww:passage>
  <p0826-teimww:passage id="ww_9a6ddf614ae26d7e">
    <knoraXmlImport:label>passage label</knoraXmlImport:label>
    <p0826-teimww:occursIn>
      <p0826-teimww:book knoraType="link_value" linkType="ref" target="ww_f3b3659c26b68006"/>
    </p0826-teimww:occursIn>
  </p0826-teimww:passage>
  <p0826-teimww:passage id="ww_6219e3c5bc87dd83">
    <knoraXmlImport:label>passage label</knoraXmlImport:label>
    <p0826-teimww:occursIn>
      <p0826-teimww:book knoraType="link_value" linkType="ref" target="ww_6e666f6effc63da3"/>
    </p0826-teimww:occursIn>
    <p0826-teimww:text knoraType="richtext_value">[Count:] Long mayst thou wear thy Knightshood and thy Spurs&lt;br&gt;
&lt;span class="quote"&gt;Prick thee to Honour on, and prick off Curs&lt;/span&gt; [...].</p0826-teimww:text>
  </p0826-teimww:passage>
  <p0826-teimww:passage id="ww_f670775b92772e64">
    <knoraXmlImport:label>passage label</knoraXmlImport:label>
    <p0826-teimww:occursIn>
      <p0826-teimww:book knoraType="link_value" linkType="ref" target="ww_b5ea9b35c899d367"/>
    </p0826-teimww:occursIn>
  </p0826-teimww:passage>
  <p0826-teimww:passage id="ww_a633855346ca9449">
    <knoraXmlImport:label>passage label</knoraXmlImport:label>
    <p0826-teimww:occursIn>
      <p0826-teimww:book knoraType="link_value" linkType="ref" target="ww_e5b271060a8d1d96"/>
    </p0826-teimww:occursIn>
    <p0826-teimww:text knoraType="richtext_value">Joy at the uprising of this &lt;span class="quote"&gt;Sun, and Son&lt;/span&gt; [...].</p0826-teimww:text>
  </p0826-teimww:passage>
  <p0826-teimww:passage id="ww_08602a6d338c8d7b">
    <knoraXmlImport:label>passage label</knoraXmlImport:label>
    <p0826-teimww:occursIn>
      <p0826-teimww:book knoraType="link_value" linkType="ref" target="ww_6e666f6effc63da3"/>
    </p0826-teimww:occursIn>
    <p0826-teimww:text knoraType="richtext_value">[Worldly:] &lt;span class="quote"&gt;What louring Star rul'd my Nativity &lt;/span&gt;[...].</p0826-teimww:text>
  </p0826-teimww:passage>
  <p0826-teimww:passage id="ww_334654055bb17104">
    <knoraXmlImport:label>passage label</knoraXmlImport:label>
    <p0826-teimww:occursIn>
      <p0826-teimww:book knoraType="link_value" linkType="ref" target="ww_2d0eea6c7b8afc36"/>
    </p0826-teimww:occursIn>
    <p0826-teimww:text knoraType="richtext_value">[D’Amville:] What &lt;span class="quote"&gt;groan&lt;/span&gt; is that? &lt;br&gt;
[…] The &lt;span class="quote"&gt;cries of mandrakes&lt;/span&gt; never touch'd the ear with more sad horror than that voice does mine.</p0826-teimww:text>
  </p0826-teimww:passage>
  <p0826-teimww:passage id="ww_7a0909b5d6727be4">
    <knoraXmlImport:label>passage label</knoraXmlImport:label>
    <p0826-teimww:occursIn>
      <p0826-teimww:book knoraType="link_value" linkType="ref" target="ww_5eeeb3e78e8b0bc3"/>
    </p0826-teimww:occursIn>
  </p0826-teimww:passage>
  <p0826-teimww:passage id="ww_c1be74f285504d1b">
    <knoraXmlImport:label>passage label</knoraXmlImport:label>
    <p0826-teimww:occursIn>
      <p0826-teimww:book knoraType="link_value" linkType="ref" target="ww_2d0eea6c7b8afc36"/>
    </p0826-teimww:occursIn>
    <p0826-teimww:text knoraType="richtext_value">[Languebeau:] [...] Verily my Lord, my praise came short of her worth. &lt;span class="quote"&gt;She excedes a jewel. This is but only for ornament, &lt;/span&gt;she both for ornament and use.</p0826-teimww:text>
  </p0826-teimww:passage>
  <p0826-teimww:passage id="ww_96f77ab89ac825e2">
    <knoraXmlImport:label>passage label</knoraXmlImport:label>
    <p0826-teimww:occursIn>
      <p0826-teimww:book knoraType="link_value" linkType="ref" target="ww_1140c36ab545b6d8"/>
    </p0826-teimww:occursIn>
  </p0826-teimww:passage>
  <p0826-teimww:passage id="ww_86b335b227e13bd5">
    <knoraXmlImport:label>passage label</knoraXmlImport:label>
    <p0826-teimww:occursIn>
      <p0826-teimww:book knoraType="link_value" linkType="ref" target="ww_90bb6791f9507246"/>
    </p0826-teimww:occursIn>
    <p0826-teimww:text knoraType="richtext_value">[Seldom:] [...] Did you never see &lt;br&gt;
The Play, where the &lt;span class="quote"&gt;fat Knight&lt;/span&gt; hight &lt;i&gt;Old-castle&lt;/i&gt;, &lt;br&gt;
Did tell you truly what this&lt;span class="quote"&gt; honor&lt;/span&gt; was? </p0826-teimww:text>
  </p0826-teimww:passage>
  <p0826-teimww:passage id="ww_4ce28f6efe5f9739">
    <knoraXmlImport:label>passage label</knoraXmlImport:label>
    <p0826-teimww:occursIn>
      <p0826-teimww:book knoraType="link_value" linkType="ref" target="ww_b5ea9b35c899d367"/>
    </p0826-teimww:occursIn>
  </p0826-teimww:passage>
  <p0826-teimww:passage id="ww_491e6ad06466acb5">
    <knoraXmlImport:label>passage label</knoraXmlImport:label>
    <p0826-teimww:occursIn>
      <p0826-teimww:book knoraType="link_value" linkType="ref" target="ww_56e2bc4eb5abe25b"/>
    </p0826-teimww:occursIn>
    <p0826-teimww:text knoraType="richtext_value">[Rogero:] [...] No, but I'll show him better metal than ere the &lt;span class="quote"&gt;Gallimaufry&lt;/span&gt; his father used. </p0826-teimww:text>
  </p0826-teimww:passage>
  <p0826-teimww:passage id="ww_94f4bba3a7a283e2">
    <knoraXmlImport:label>passage label</knoraXmlImport:label>
    <p0826-teimww:occursIn>
      <p0826-teimww:book knoraType="link_value" linkType="ref" target="ww_3e15ab6c612eadae"/>
    </p0826-teimww:occursIn>
  </p0826-teimww:passage>
  <p0826-teimww:passage id="ww_34f767469c93805b">
    <knoraXmlImport:label>passage label</knoraXmlImport:label>
    <p0826-teimww:occursIn>
      <p0826-teimww:book knoraType="link_value" linkType="ref" target="ww_3e15ab6c612eadae"/>
    </p0826-teimww:occursIn>
  </p0826-teimww:passage>
  <p0826-teimww:passage id="ww_0d28baaf4b818c0d">
    <knoraXmlImport:label>passage label</knoraXmlImport:label>
    <p0826-teimww:occursIn>
      <p0826-teimww:book knoraType="link_value" linkType="ref" target="ww_10467667a0394967"/>
    </p0826-teimww:occursIn>
    <p0826-teimww:text knoraType="richtext_value">[Florizell:] [...] But as th' unthought-on accident is guilty &lt;br&gt;
To what we wildly do, so we profess &lt;br&gt;
Ourselves to be &lt;span class="quote"&gt;the slaves of chance, &lt;/span&gt;and flies &lt;br&gt;
Of every wind that blows.</p0826-teimww:text>
  </p0826-teimww:passage>
  <p0826-teimww:passage id="ww_1f069f1a9ffae589">
    <knoraXmlImport:label>passage label</knoraXmlImport:label>
    <p0826-teimww:occursIn>
      <p0826-teimww:book knoraType="link_value" linkType="ref" target="ww_1140c36ab545b6d8"/>
    </p0826-teimww:occursIn>
  </p0826-teimww:passage>
  <p0826-teimww:passage id="ww_3390a6345a7d953f">
    <knoraXmlImport:label>passage label</knoraXmlImport:label>
    <p0826-teimww:occursIn>
      <p0826-teimww:book knoraType="link_value" linkType="ref" target="ww_aae46d6606af08c5"/>
    </p0826-teimww:occursIn>
    <p0826-teimww:text knoraType="richtext_value">[Hercules:] That the luxurious slave were sensible&lt;br&gt;
Of torture; not th'infernals with more pangs&lt;br&gt;
Could plague the villain than Alcides should.&lt;br&gt;
Ixions bones racked on the torturing wheel&lt;br&gt;
Should be a pastime: the three snake-hair'd sisters,&lt;br&gt;
That lash offenders with their &lt;span class="quote"&gt;whips of steel&lt;/span&gt;,&lt;br&gt;
Should seem to dally, when with every string&lt;br&gt;
They cut the flesh like razors [...].</p0826-teimww:text>
  </p0826-teimww:passage>
  <p0826-teimww:passage id="ww_cc5c5eb312bb3443">
    <knoraXmlImport:label>passage label</knoraXmlImport:label>
    <p0826-teimww:occursIn>
      <p0826-teimww:book knoraType="link_value" linkType="ref" target="ww_3e15ab6c612eadae"/>
    </p0826-teimww:occursIn>
  </p0826-teimww:passage>
  <p0826-teimww:passage id="ww_14d56f545b25832d">
    <knoraXmlImport:label>passage label</knoraXmlImport:label>
    <p0826-teimww:occursIn>
      <p0826-teimww:book knoraType="link_value" linkType="ref" target="ww_0466ed69bf4a50be"/>
    </p0826-teimww:occursIn>
    <p0826-teimww:text knoraType="richtext_value">[Alonso:] I'll seek him &lt;span class="quote"&gt;deeper than e’er plummet&lt;/span&gt; sounded [...]. &lt;br&gt;
&lt;br&gt;
[Prospero:] And &lt;span class="quote"&gt;deeper than did ever plummet&lt;/span&gt; sound &lt;br&gt;
I'll drown my book.</p0826-teimww:text>
  </p0826-teimww:passage>
  <p0826-teimww:passage id="ww_10398de6c62874bf">
    <knoraXmlImport:label>passage label</knoraXmlImport:label>
    <p0826-teimww:occursIn>
      <p0826-teimww:book knoraType="link_value" linkType="ref" target="ww_daecaee38c79925b"/>
    </p0826-teimww:occursIn>
    <p0826-teimww:text knoraType="richtext_value">[2nd Officer:] He could &lt;span class="quote"&gt;not abide to see a Pig's head gaping&lt;/span&gt; [...].</p0826-teimww:text>
  </p0826-teimww:passage>
  <p0826-teimww:passage id="ww_86dac8300039e682">
    <knoraXmlImport:label>passage label</knoraXmlImport:label>
    <p0826-teimww:occursIn>
      <p0826-teimww:book knoraType="link_value" linkType="ref" target="ww_dbd5db889d39fd5c"/>
    </p0826-teimww:occursIn>
    <p0826-teimww:text knoraType="richtext_value">[Wolsey:] He parted frowning from me, as if ruin &lt;br&gt;
Leaped from his eyes. So looks the chafèd lion&lt;br&gt;
Upon the &lt;span class="quote"&gt;daring huntsman&lt;/span&gt; that has galled him,&lt;br&gt;
Then makes him nothing.</p0826-teimww:text>
  </p0826-teimww:passage>
  <p0826-teimww:passage id="ww_22de6ff8338c2c0a">
    <knoraXmlImport:label>passage label</knoraXmlImport:label>
    <p0826-teimww:occursIn>
      <p0826-teimww:book knoraType="link_value" linkType="ref" target="ww_1140c36ab545b6d8"/>
    </p0826-teimww:occursIn>
  </p0826-teimww:passage>
  <p0826-teimww:passage id="ww_6e7696d98fa16851">
    <knoraXmlImport:label>passage label</knoraXmlImport:label>
    <p0826-teimww:occursIn>
      <p0826-teimww:book knoraType="link_value" linkType="ref" target="ww_daecaee38c79925b"/>
    </p0826-teimww:occursIn>
    <p0826-teimww:text knoraType="richtext_value">[Ferdinand] [...] He that can compass me, and know my drifts, &lt;br/&gt;
May say he hath&lt;span class="quote"&gt; put a girdle 'bout the world&lt;/span&gt;, &lt;br/&gt;
And sounded all her quicksands. </p0826-teimww:text>
  </p0826-teimww:passage>
  <p0826-teimww:passage id="ww_8abd2c351b8d0e76">
    <knoraXmlImport:label>passage label</knoraXmlImport:label>
    <p0826-teimww:occursIn>
      <p0826-teimww:book knoraType="link_value" linkType="ref" target="ww_788e82a14edb5a17"/>
    </p0826-teimww:occursIn>
    <p0826-teimww:text knoraType="richtext_value">[Gardener:] Most magnificent and peerless Deity, lo, I, the surveyor of Lady Flora's works, welcome your grace with fragrant phrases into her Bowers, beseeching your greatness to bear with the late wooden entertainment of the Wood-men, for Woods are more full of weeds than wits, but gardens are weeded, and Gardeners witty, as may appear by me. I have flowers for all fancies, thyme for truth, &lt;span class="quote"&gt;rosemary for remembrance&lt;/span&gt;, roses for love, Heart's Ease for joy, and thousands more, which all harmoniously rejoice at your presence [...].</p0826-teimww:text>
  </p0826-teimww:passage>
  <p0826-teimww:passage id="ww_6c48292ab7b7d81b">
    <knoraXmlImport:label>passage label</knoraXmlImport:label>
    <p0826-teimww:occursIn>
      <p0826-teimww:book knoraType="link_value" linkType="ref" target="ww_3e15ab6c612eadae"/>
    </p0826-teimww:occursIn>
  </p0826-teimww:passage>
  <p0826-teimww:passage id="ww_6ce25976504ce7ff">
    <knoraXmlImport:label>passage label</knoraXmlImport:label>
    <p0826-teimww:occursIn>
      <p0826-teimww:book knoraType="link_value" linkType="ref" target="ww_b70c78ad34ac9ba9"/>
    </p0826-teimww:occursIn>
    <p0826-teimww:text knoraType="richtext_value">[Ajax:] [...] Love, see this;&lt;br&gt;
And laugh old Grand-sir: Ha, ha, ha, by hell&lt;br&gt;
I'll shake thy Kingdom for't: not look on Ajax?&lt;br&gt;
The triple headed-dog, the &lt;span class="quote"&gt;whips of Steel&lt;/span&gt;,&lt;br&gt;
The ravenous Vulture, and the restless stone&lt;br&gt;
Are all mere fables [...].</p0826-teimww:text>
  </p0826-teimww:passage>
  <p0826-teimww:passage id="ww_42a01c43401e5c54">
    <knoraXmlImport:label>passage label</knoraXmlImport:label>
    <p0826-teimww:occursIn>
      <p0826-teimww:book knoraType="link_value" linkType="ref" target="ww_3e15ab6c612eadae"/>
    </p0826-teimww:occursIn>
  </p0826-teimww:passage>
  <p0826-teimww:passage id="ww_27dee60387249688">
    <knoraXmlImport:label>passage label</knoraXmlImport:label>
    <p0826-teimww:occursIn>
      <p0826-teimww:book knoraType="link_value" linkType="ref" target="ww_e584e5eb1d9461dd"/>
    </p0826-teimww:occursIn>
    <p0826-teimww:text knoraType="richtext_value">[...] he's gone &amp; with him what A world are dead.&lt;br&gt;
which he revive'd, to be revived so,&lt;br&gt;
no more &lt;span class="quote"&gt; young Hamlet&lt;/span&gt;, old &lt;span class="quote"&gt;Hieronimo,&lt;/span&gt; &lt;br&gt;
kind &lt;span class="quote"&gt;Lear&lt;/span&gt;, the Greyed Moore, and more beside,&lt;br&gt;
that lied in him; have now for ever died,&lt;br&gt;
oft have I seen him, leap into the Grave&lt;br&gt;
smiting the person which he seem'd to have&lt;br&gt;
of A sad Lover with so true an Eye&lt;br&gt;
that there I would have sworn, he meant to die [...].</p0826-teimww:text>
  </p0826-teimww:passage>
  <p0826-teimww:passage id="ww_e230d461da1c4ecb">
    <knoraXmlImport:label>passage label</knoraXmlImport:label>
    <p0826-teimww:occursIn>
      <p0826-teimww:book knoraType="link_value" linkType="ref" target="ww_91178a0de7db383a"/>
    </p0826-teimww:occursIn>
    <p0826-teimww:text knoraType="richtext_value">A Scrivener (about nine a clocke at night)&lt;br&gt;
Sat close in's shop, and earnestly did write,&lt;br&gt;
The villany abroad suspecting not,&lt;br&gt;
While two observing him, thus laid a plot,&lt;br&gt;
Quoth one to t'other, snatch thou off his hat:&lt;br&gt;
The which he did, and ran away with that:&lt;br&gt;
The Scrivener in haste his shop forsakes,&lt;br&gt;
And for to overtake him undertakes,&lt;br&gt;
So while he follows him that runs away&lt;br&gt;
The other rascal watching for his pray,&lt;br&gt;
Enters the shop as bold as bold might be,&lt;br&gt;
And takes his cloak and so away goes he.&lt;br&gt;
Scrivener comes back, bare headed as he went,&lt;br&gt;
Missing his cloak was far worse discontent,&lt;br&gt;
Quoth he what case am I brought in to night,&lt;br&gt;
Of hat and cloak being uncased quite?&lt;br&gt;
I will not cry &lt;span class="quote"&gt; &lt;i&gt;Hamlet Revenge&lt;/i&gt; &lt;/span&gt;my grieves,&lt;br&gt;
But I will call &lt;i&gt;Hang-man Revenge&lt;/i&gt; on thieves.</p0826-teimww:text>
  </p0826-teimww:passage>
  <p0826-teimww:passage id="ww_27129a15fed0efdc">
    <knoraXmlImport:label>passage label</knoraXmlImport:label>
    <p0826-teimww:occursIn>
      <p0826-teimww:book knoraType="link_value" linkType="ref" target="ww_d9c80276851682da"/>
    </p0826-teimww:occursIn>
  </p0826-teimww:passage>
  <p0826-teimww:passage id="ww_d92584ef3c15e3e1">
    <knoraXmlImport:label>passage label</knoraXmlImport:label>
    <p0826-teimww:occursIn>
      <p0826-teimww:book knoraType="link_value" linkType="ref" target="ww_1140c36ab545b6d8"/>
    </p0826-teimww:occursIn>
  </p0826-teimww:passage>
  <p0826-teimww:passage id="ww_7e884ec46287ff33">
    <knoraXmlImport:label>passage label</knoraXmlImport:label>
    <p0826-teimww:occursIn>
      <p0826-teimww:book knoraType="link_value" linkType="ref" target="ww_6318ed97b9193504"/>
    </p0826-teimww:occursIn>
    <p0826-teimww:text knoraType="richtext_value">&lt;span class="annotation"&gt;Somebody disguises himself as a parson to perform a double wedding ceremony so that the resulting marriages will be invalid.&lt;/span&gt;</p0826-teimww:text>
  </p0826-teimww:passage>
  <p0826-teimww:passage id="ww_c902bc17cddf2cac">
    <knoraXmlImport:label>passage label</knoraXmlImport:label>
    <p0826-teimww:occursIn>
      <p0826-teimww:book knoraType="link_value" linkType="ref" target="ww_dbc39cf74839a823"/>
    </p0826-teimww:occursIn>
    <p0826-teimww:text knoraType="richtext_value">[Sampson:] [...] Look up brave friend, I have no means to rescue thee, &lt;span class="quote"&gt;my Kingdom for a sword.&lt;/span&gt;&lt;br&gt;
[Champernell:] I'll sword you presently. I'll claw your skin-coat too.</p0826-teimww:text>
  </p0826-teimww:passage>
  <p0826-teimww:passage id="ww_6ed01f02fc00d6d9">
    <knoraXmlImport:label>passage label</knoraXmlImport:label>
    <p0826-teimww:occursIn>
      <p0826-teimww:book knoraType="link_value" linkType="ref" target="ww_1140c36ab545b6d8"/>
    </p0826-teimww:occursIn>
  </p0826-teimww:passage>
  <p0826-teimww:passage id="ww_875421eaf2cd3b7d">
    <knoraXmlImport:label>passage label</knoraXmlImport:label>
    <p0826-teimww:occursIn>
      <p0826-teimww:book knoraType="link_value" linkType="ref" target="ww_e7c84f709b583d5f"/>
    </p0826-teimww:occursIn>
    <p0826-teimww:text knoraType="richtext_value">[Harpax:] [...] your son, &lt;br&gt;
The ne'er-enough commended Antoninus,&lt;br&gt; 
So well hath fleshed his &lt;span class="quote"&gt;maiden sword&lt;/span&gt;, and died&lt;br&gt; 
His snowy plumes so deep in enemies' blood, &lt;br&gt;
That besides public grace, beyond his hopes &lt;br&gt;
There are rewards propounded. </p0826-teimww:text>
  </p0826-teimww:passage>
  <p0826-teimww:passage id="ww_a46a163f1fac870d">
    <knoraXmlImport:label>passage label</knoraXmlImport:label>
    <p0826-teimww:occursIn>
      <p0826-teimww:book knoraType="link_value" linkType="ref" target="ww_1140c36ab545b6d8"/>
    </p0826-teimww:occursIn>
  </p0826-teimww:passage>
  <p0826-teimww:passage id="ww_7678c71a71099aec">
    <knoraXmlImport:label>passage label</knoraXmlImport:label>
    <p0826-teimww:occursIn>
      <p0826-teimww:book knoraType="link_value" linkType="ref" target="ww_dbc39cf74839a823"/>
    </p0826-teimww:occursIn>
    <p0826-teimww:text knoraType="richtext_value">[Anabell:] No, loathsome Goat, more, more I am that Goddess,&lt;br&gt;
That here with &lt;span class="quote"&gt;whips of steel&lt;/span&gt; in hell hereafter&lt;br&gt;
Scourge rape and theft [...].</p0826-teimww:text>
  </p0826-teimww:passage>
  <p0826-teimww:passage id="ww_bb3b9a708b832a95">
    <knoraXmlImport:label>passage label</knoraXmlImport:label>
    <p0826-teimww:occursIn>
      <p0826-teimww:book knoraType="link_value" linkType="ref" target="ww_3e15ab6c612eadae"/>
    </p0826-teimww:occursIn>
  </p0826-teimww:passage>
  <p0826-teimww:passage id="ww_b6490ba71cff6941">
    <knoraXmlImport:label>passage label</knoraXmlImport:label>
    <p0826-teimww:occursIn>
      <p0826-teimww:book knoraType="link_value" linkType="ref" target="ww_21490f13daef2089"/>
    </p0826-teimww:occursIn>
    <p0826-teimww:text knoraType="richtext_value">[Cordolente:] &lt;span class="quote"&gt;O star-crossed Love! &lt;/span&gt;</p0826-teimww:text>
  </p0826-teimww:passage>
  <p0826-teimww:passage id="ww_0663e56477ae0523">
    <knoraXmlImport:label>passage label</knoraXmlImport:label>
    <p0826-teimww:occursIn>
      <p0826-teimww:book knoraType="link_value" linkType="ref" target="ww_a3664b59bd3c46ae"/>
    </p0826-teimww:occursIn>
    <p0826-teimww:text knoraType="richtext_value">[1st Slave:] Both you and I are seen in the base act, &lt;br/&gt;
Slandering spotless honour; an act so base, &lt;br/&gt;
The &lt;span class="quote"&gt;barbarous Moor&lt;/span&gt; would blush at. </p0826-teimww:text>
  </p0826-teimww:passage>
  <p0826-teimww:passage id="ww_279c3181d077b3d5">
    <knoraXmlImport:label>passage label</knoraXmlImport:label>
    <p0826-teimww:occursIn>
      <p0826-teimww:book knoraType="link_value" linkType="ref" target="ww_3e15ab6c612eadae"/>
    </p0826-teimww:occursIn>
  </p0826-teimww:passage>
  <p0826-teimww:passage id="ww_9787ace8f0e42a48">
    <knoraXmlImport:label>passage label</knoraXmlImport:label>
    <p0826-teimww:occursIn>
      <p0826-teimww:book knoraType="link_value" linkType="ref" target="ww_c1a8ef34e6012321"/>
    </p0826-teimww:occursIn>
    <p0826-teimww:text knoraType="richtext_value">[Don John:] […] their countryman &lt;br&gt;
that&lt;span class="quote"&gt; put a girdle round about the world &lt;/span&gt;[…].</p0826-teimww:text>
  </p0826-teimww:passage>
  <p0826-teimww:passage id="ww_6565e7354ffd97a7">
    <knoraXmlImport:label>passage label</knoraXmlImport:label>
    <p0826-teimww:occursIn>
      <p0826-teimww:book knoraType="link_value" linkType="ref" target="ww_23f1e9365cf10239"/>
    </p0826-teimww:occursIn>
    <p0826-teimww:text knoraType="richtext_value">[Albovine:] Hold, Paradine.&lt;br&gt;
&lt;span class="quote"&gt;Tis my last suit, that thou survive&lt;/span&gt; &lt;br&gt;
To minister a just &lt;span class="quote"&gt;revenge&lt;/span&gt; on those &lt;br&gt;
Whom I proscribe, help my quivering limbs, &lt;br&gt;
And seat me in the chair - [...].</p0826-teimww:text>
  </p0826-teimww:passage>
  <p0826-teimww:passage id="ww_d5b78e0def35a5e0">
    <knoraXmlImport:label>passage label</knoraXmlImport:label>
    <p0826-teimww:occursIn>
      <p0826-teimww:book knoraType="link_value" linkType="ref" target="ww_8732be209e0db3a3"/>
    </p0826-teimww:occursIn>
    <p0826-teimww:text knoraType="richtext_value">[King:] Throw defiance back down their throats, and of our Heralds&lt;br&gt;
Northumberland the honor shall be thine, tell 'um&lt;br&gt;
We come to scourge their pride with &lt;span class="quote"&gt;whips of steel&lt;/span&gt;,&lt;br&gt;
Their City hath from Justice snatch'd her sword&lt;br&gt;
To strike their Sovereign, who has turned the point&lt;br&gt;
Upon their own breasts, tell 'em this.</p0826-teimww:text>
  </p0826-teimww:passage>
  <p0826-teimww:passage id="ww_18120cdde469ad48">
    <knoraXmlImport:label>passage label</knoraXmlImport:label>
    <p0826-teimww:occursIn>
      <p0826-teimww:book knoraType="link_value" linkType="ref" target="ww_3e15ab6c612eadae"/>
    </p0826-teimww:occursIn>
  </p0826-teimww:passage>
  <p0826-teimww:passage id="ww_d84fccbb991da03f">
    <knoraXmlImport:label>passage label</knoraXmlImport:label>
    <p0826-teimww:occursIn>
      <p0826-teimww:book knoraType="link_value" linkType="ref" target="ww_23f1e9365cf10239"/>
    </p0826-teimww:occursIn>
    <p0826-teimww:text knoraType="richtext_value">[Hermegild:] &lt;span class="quote"&gt;You are the King's Jewel, and hang richly in his ear.&lt;/span&gt;</p0826-teimww:text>
  </p0826-teimww:passage>
  <p0826-teimww:passage id="ww_b605c624f0fd4031">
    <knoraXmlImport:label>passage label</knoraXmlImport:label>
    <p0826-teimww:occursIn>
      <p0826-teimww:book knoraType="link_value" linkType="ref" target="ww_23f1e9365cf10239"/>
    </p0826-teimww:occursIn>
    <p0826-teimww:text knoraType="richtext_value">[Hermegild:] I vow to […] sink myself &lt;span class="quote"&gt;lower than a Plummet&lt;/span&gt;[...].</p0826-teimww:text>
  </p0826-teimww:passage>
  <p0826-teimww:passage id="ww_334367f5bc1fd625">
    <knoraXmlImport:label>passage label</knoraXmlImport:label>
    <p0826-teimww:occursIn>
      <p0826-teimww:book knoraType="link_value" linkType="ref" target="ww_23f1e9365cf10239"/>
    </p0826-teimww:occursIn>
    <p0826-teimww:text knoraType="richtext_value">[Paradine:] &lt;span class="quote"&gt;A pale swan&lt;/span&gt; hath sung my Dirge! O fatal music!</p0826-teimww:text>
  </p0826-teimww:passage>
  <p0826-teimww:passage id="ww_b3056ce99ebeeecd">
    <knoraXmlImport:label>passage label</knoraXmlImport:label>
    <p0826-teimww:occursIn>
      <p0826-teimww:book knoraType="link_value" linkType="ref" target="ww_23f1e9365cf10239"/>
    </p0826-teimww:occursIn>
    <p0826-teimww:text knoraType="richtext_value">[Paradine:] Oh, oh! these are the &lt;span class="quote"&gt;Mandrake's groans&lt;/span&gt; (fatal!)
</p0826-teimww:text>
  </p0826-teimww:passage>
  <p0826-teimww:passage id="ww_52e45be13efb9e33">
    <knoraXmlImport:label>passage label</knoraXmlImport:label>
    <p0826-teimww:occursIn>
      <p0826-teimww:book knoraType="link_value" linkType="ref" target="ww_23f1e9365cf10239"/>
    </p0826-teimww:occursIn>
    <p0826-teimww:text knoraType="richtext_value">[Albovine:] So pale and timorous! I'll sooner couple &lt;br&gt;
With a &lt;span class="quote"&gt;Mandrake&lt;/span&gt;, and beget &lt;span class="quote"&gt;groans&lt;/span&gt;.</p0826-teimww:text>
  </p0826-teimww:passage>
  <p0826-teimww:passage id="ww_226d116f1383a5e4">
    <knoraXmlImport:label>passage label</knoraXmlImport:label>
    <p0826-teimww:occursIn>
      <p0826-teimww:book knoraType="link_value" linkType="ref" target="ww_53ea056cdc03928d"/>
    </p0826-teimww:occursIn>
    <p0826-teimww:text knoraType="richtext_value">[Alphonso:] Now I am great,&lt;br&gt;
You are my Queen, and I have wrong'd a merit,&lt;br&gt;
More than my service in the humblest lowness&lt;br&gt;
Can ever recompense. I'll rather wish&lt;br&gt;
To meet whole hosts of dangers, and encounter&lt;br&gt;
The stabled &lt;span class="quote"&gt;whips of steel&lt;/span&gt;, then ever part&lt;br&gt;
From those sweet eyes: not time shall sue divorce&lt;br&gt;
'Twixt me and this great miracle of Nature. </p0826-teimww:text>
  </p0826-teimww:passage>
  <p0826-teimww:passage id="ww_f7a4436277927a93">
    <knoraXmlImport:label>passage label</knoraXmlImport:label>
    <p0826-teimww:occursIn>
      <p0826-teimww:book knoraType="link_value" linkType="ref" target="ww_5603853ee308e6b5"/>
    </p0826-teimww:occursIn>
  </p0826-teimww:passage>
  <p0826-teimww:passage id="ww_f2173b37d7f22853">
    <knoraXmlImport:label>passage label</knoraXmlImport:label>
    <p0826-teimww:occursIn>
      <p0826-teimww:book knoraType="link_value" linkType="ref" target="ww_0a181b40f9edb85e"/>
    </p0826-teimww:occursIn>
    <p0826-teimww:text knoraType="richtext_value">[Lucio:] &lt;span class="quote"&gt;Excellent wretch! &lt;/span&gt;I am undone with joy [...].</p0826-teimww:text>
  </p0826-teimww:passage>
  <p0826-teimww:passage id="ww_e2aaf4e91d9f7208">
    <knoraXmlImport:label>passage label</knoraXmlImport:label>
    <p0826-teimww:occursIn>
      <p0826-teimww:book knoraType="link_value" linkType="ref" target="ww_ac3676ebd4fd4919"/>
    </p0826-teimww:occursIn>
    <p0826-teimww:text knoraType="richtext_value">[Joshua:] [...] &lt;span class="quote"&gt;Tybert the Cat&lt;/span&gt;; as it is in the painted cloth of the Bull, and Cock [...].</p0826-teimww:text>
  </p0826-teimww:passage>
  <p0826-teimww:passage id="ww_196735106a104cef">
    <knoraXmlImport:label>passage label</knoraXmlImport:label>
    <p0826-teimww:occursIn>
      <p0826-teimww:book knoraType="link_value" linkType="ref" target="ww_84a8155c55c3c1e2"/>
    </p0826-teimww:occursIn>
  </p0826-teimww:passage>
  <p0826-teimww:passage id="ww_f7cf83f767d65bde">
    <knoraXmlImport:label>passage label</knoraXmlImport:label>
    <p0826-teimww:occursIn>
      <p0826-teimww:book knoraType="link_value" linkType="ref" target="ww_9ffbafacac4416c9"/>
    </p0826-teimww:occursIn>
    <p0826-teimww:text knoraType="richtext_value">[Peter:] &lt;span class="quote"&gt;Call ye this Honour? a pox of honour&lt;/span&gt; [...].</p0826-teimww:text>
  </p0826-teimww:passage>
  <p0826-teimww:passage id="ww_861152302d603088">
    <knoraXmlImport:label>passage label</knoraXmlImport:label>
    <p0826-teimww:occursIn>
      <p0826-teimww:book knoraType="link_value" linkType="ref" target="ww_c7ed9e19d73910af"/>
    </p0826-teimww:occursIn>
    <p0826-teimww:text knoraType="richtext_value">[Bidstand:] Come come ye furies with your &lt;span class="quote"&gt;whips of steel&lt;/span&gt;&lt;br&gt;
And all hell's torments let the monster feel&lt;br&gt;
Guilty of this black crime our angry Power&lt;br&gt;
Lets one his guilty head just vengeance shower&lt;br&gt;
Untie Ixion from the torturing wheel&lt;br&gt;
No longer let tir'd Tythius bosom feel&lt;br&gt;
The greedy vulture's beak, set free from pain&lt;br&gt;
&lt;span class="quote"&gt;All guilty souls that we may turn the same&lt;br&gt;
Upon this dire offender, who hath killed&lt;br&gt;
My daughter&lt;/span&gt; and with grief my bosom filled. </p0826-teimww:text>
  </p0826-teimww:passage>
  <p0826-teimww:passage id="ww_fe72959779600f4f">
    <knoraXmlImport:label>passage label</knoraXmlImport:label>
    <p0826-teimww:occursIn>
      <p0826-teimww:book knoraType="link_value" linkType="ref" target="ww_3e15ab6c612eadae"/>
    </p0826-teimww:occursIn>
  </p0826-teimww:passage>
  <p0826-teimww:passage id="ww_50ae8ab8b3035ab9">
    <knoraXmlImport:label>passage label</knoraXmlImport:label>
    <p0826-teimww:occursIn>
      <p0826-teimww:book knoraType="link_value" linkType="ref" target="ww_73c69f73b623166a"/>
    </p0826-teimww:occursIn>
    <p0826-teimww:text knoraType="richtext_value">There, painted Pride lives crowned in flaming fire&lt;br&gt;
The Glorious Strumpet, &lt;span class="quote"&gt;whipped with burning wire&lt;/span&gt; [...].</p0826-teimww:text>
  </p0826-teimww:passage>
  <p0826-teimww:passage id="ww_7afa6db32cebf0ab">
    <knoraXmlImport:label>passage label</knoraXmlImport:label>
    <p0826-teimww:occursIn>
      <p0826-teimww:book knoraType="link_value" linkType="ref" target="ww_5603853ee308e6b5"/>
    </p0826-teimww:occursIn>
  </p0826-teimww:passage>
  <p0826-teimww:passage id="ww_9c7846e146640742">
    <knoraXmlImport:label>passage label</knoraXmlImport:label>
    <p0826-teimww:occursIn>
      <p0826-teimww:book knoraType="link_value" linkType="ref" target="ww_929a719a55a63af2"/>
    </p0826-teimww:occursIn>
    <p0826-teimww:text knoraType="richtext_value">[Bertoldo:] [...] look on &lt;i&gt;England&lt;/i&gt;,&lt;br&gt;
The empress of the European isles,&lt;br&gt;
And unto whom alone ours yields precedence,&lt;br&gt;
When did she flourish so, as when she was&lt;br&gt;
The mistress of the ocean. Her navies &lt;br&gt;
&lt;span class="quote"&gt;Putting a girdle round about the world&lt;/span&gt; [...].</p0826-teimww:text>
  </p0826-teimww:passage>
  <p0826-teimww:passage id="ww_167facb54f90b7d7">
    <knoraXmlImport:label>passage label</knoraXmlImport:label>
    <p0826-teimww:occursIn>
      <p0826-teimww:book knoraType="link_value" linkType="ref" target="ww_1140c36ab545b6d8"/>
    </p0826-teimww:occursIn>
  </p0826-teimww:passage>
  <p0826-teimww:passage id="ww_9b80fca13698ecf8">
    <knoraXmlImport:label>passage label</knoraXmlImport:label>
    <p0826-teimww:occursIn>
      <p0826-teimww:book knoraType="link_value" linkType="ref" target="ww_800919bc37e2d114"/>
    </p0826-teimww:occursIn>
    <p0826-teimww:text knoraType="richtext_value">[Besse:] Could my Spencer &lt;br&gt;
Think that a &lt;span class="quote"&gt;barbarous Moor&lt;/span&gt; could be so train'd &lt;br&gt;
In humain virtues?&lt;br&gt;
&lt;br&gt;
[Besse:] Prize you my love no better, than to rate it &lt;br&gt;
Beneath the friendship of a &lt;span class="quote"&gt;barbarous Moor?&lt;/span&gt;&lt;br&gt;
&lt;br&gt;
[Spencer:] I prize my honour, and a Christian's faith, &lt;br&gt;
Above what earth can yield: shall Fesse report, &lt;br&gt;
Unto our country's shame, and to the scandal&lt;br&gt;
Of our religion, that a &lt;span class="quote"&gt;barbarous Moor&lt;/span&gt; &lt;br&gt;
Can exceed us in nobleness?</p0826-teimww:text>
  </p0826-teimww:passage>
  <p0826-teimww:passage id="ww_9f17732cef7fc0ad">
    <knoraXmlImport:label>passage label</knoraXmlImport:label>
    <p0826-teimww:occursIn>
      <p0826-teimww:book knoraType="link_value" linkType="ref" target="ww_3e15ab6c612eadae"/>
    </p0826-teimww:occursIn>
  </p0826-teimww:passage>
  <p0826-teimww:passage id="ww_8870c0b66bd35080">
    <knoraXmlImport:label>passage label</knoraXmlImport:label>
    <p0826-teimww:occursIn>
      <p0826-teimww:book knoraType="link_value" linkType="ref" target="ww_5603853ee308e6b5"/>
    </p0826-teimww:occursIn>
  </p0826-teimww:passage>
  <p0826-teimww:passage id="ww_8f8294e72acb1da8">
    <knoraXmlImport:label>passage label</knoraXmlImport:label>
    <p0826-teimww:occursIn>
      <p0826-teimww:book knoraType="link_value" linkType="ref" target="ww_cf1407d337262e2b"/>
    </p0826-teimww:occursIn>
    <p0826-teimww:text knoraType="richtext_value">[Asotus:] &lt;span class="quote"&gt;Phoebus, whip &lt;br&gt;
Thy lazy team&lt;/span&gt;, run headlong to the west, &lt;br&gt;
I long to taste the banquet of the night.</p0826-teimww:text>
  </p0826-teimww:passage>
  <p0826-teimww:passage id="ww_a03ea701776c76db">
    <knoraXmlImport:label>passage label</knoraXmlImport:label>
    <p0826-teimww:occursIn>
      <p0826-teimww:book knoraType="link_value" linkType="ref" target="ww_1140c36ab545b6d8"/>
    </p0826-teimww:occursIn>
  </p0826-teimww:passage>
  <p0826-teimww:passage id="ww_5ed238ac6f818e5d">
    <knoraXmlImport:label>passage label</knoraXmlImport:label>
    <p0826-teimww:occursIn>
      <p0826-teimww:book knoraType="link_value" linkType="ref" target="ww_ce95d11ad066ef61"/>
    </p0826-teimww:occursIn>
    <p0826-teimww:text knoraType="richtext_value">If swoll'n with poison, he lay in his last bed &lt;br&gt;
&lt;span class="quote"&gt;His body with a sere-bark covered&lt;/span&gt;, &lt;br&gt;
Drawing his breath, as thick and short, as can &lt;br&gt;
The nimblest crocheting musician [...].</p0826-teimww:text>
  </p0826-teimww:passage>
  <p0826-teimww:passage id="ww_1d971f53134445a4">
    <knoraXmlImport:label>passage label</knoraXmlImport:label>
    <p0826-teimww:occursIn>
      <p0826-teimww:book knoraType="link_value" linkType="ref" target="ww_c8ca0bdc1413defb"/>
    </p0826-teimww:occursIn>
    <p0826-teimww:text knoraType="richtext_value">&lt;span class="quote"&gt;Aphelia&lt;/span&gt;</p0826-teimww:text>
  </p0826-teimww:passage>
  <p0826-teimww:passage id="ww_61b9a12dd0248082">
    <knoraXmlImport:label>passage label</knoraXmlImport:label>
    <p0826-teimww:occursIn>
      <p0826-teimww:book knoraType="link_value" linkType="ref" target="ww_5868d5560bdfc062"/>
    </p0826-teimww:occursIn>
  </p0826-teimww:passage>
  <p0826-teimww:passage id="ww_29b896c6a23dc6d0">
    <knoraXmlImport:label>passage label</knoraXmlImport:label>
    <p0826-teimww:occursIn>
      <p0826-teimww:book knoraType="link_value" linkType="ref" target="ww_c8ca0bdc1413defb"/>
    </p0826-teimww:occursIn>
    <p0826-teimww:text knoraType="richtext_value">[Clotair:] &lt;span class="quote"&gt;Set down, set down your honourable load.&lt;/span&gt;</p0826-teimww:text>
  </p0826-teimww:passage>
  <p0826-teimww:passage id="ww_aebf4f7d650f9d0f">
    <knoraXmlImport:label>passage label</knoraXmlImport:label>
    <p0826-teimww:occursIn>
      <p0826-teimww:book knoraType="link_value" linkType="ref" target="ww_d5382e88160d5533"/>
    </p0826-teimww:occursIn>
    <p0826-teimww:text knoraType="richtext_value">[Prospero:] [...] so &lt;span class="quote"&gt;Ravens croak &lt;/span&gt;&lt;br&gt;
When they fly over the mansions of the sick &lt;br&gt;
And &lt;span class="quote"&gt;bode their deaths.&lt;/span&gt;</p0826-teimww:text>
  </p0826-teimww:passage>
  <p0826-teimww:passage id="ww_5b19914abe24af60">
    <knoraXmlImport:label>passage label</knoraXmlImport:label>
    <p0826-teimww:occursIn>
      <p0826-teimww:book knoraType="link_value" linkType="ref" target="ww_d5382e88160d5533"/>
    </p0826-teimww:occursIn>
    <p0826-teimww:text knoraType="richtext_value">[Evandra:] Who is it that assumes the office of &lt;br&gt;
The &lt;span class="quote"&gt;dying Swan&lt;/span&gt;? </p0826-teimww:text>
  </p0826-teimww:passage>
  <p0826-teimww:passage id="ww_af8826ca4be49d4d">
    <knoraXmlImport:label>passage label</knoraXmlImport:label>
    <p0826-teimww:occursIn>
      <p0826-teimww:book knoraType="link_value" linkType="ref" target="ww_8507a0ad9e67f1a4"/>
    </p0826-teimww:occursIn>
    <p0826-teimww:text knoraType="richtext_value">[Spirit:] "[...] The water Nymphs that in the bottom plaid, &lt;br&gt;
Held up their pearled wrists and took her in, &lt;br&gt;
Bearing her straight to aged Nereus Hall, &lt;br&gt;
Who piteous of her woes, rear'd her lank head, &lt;br&gt;
And gave her to his daughters to imbathe &lt;br&gt;
In nectar'd lavers strew'd with Asphodil, &lt;br&gt;
And &lt;span class="quote"&gt;through the porch and inlet of each sense &lt;br&gt;
Dropt in Ambrosial Oils&lt;/span&gt; till she reviv'd, &lt;br&gt;
And underwent a quick immortal change &lt;br&gt;
Made Goddess of the River [...]."</p0826-teimww:text>
  </p0826-teimww:passage>
  <p0826-teimww:passage id="ww_a1d3c9b0a2e44f98">
    <knoraXmlImport:label>passage label</knoraXmlImport:label>
    <p0826-teimww:occursIn>
      <p0826-teimww:book knoraType="link_value" linkType="ref" target="ww_4899784ecc7f3845"/>
    </p0826-teimww:occursIn>
  </p0826-teimww:passage>
  <p0826-teimww:passage id="ww_3dbacb354ce3ae0d">
    <knoraXmlImport:label>passage label</knoraXmlImport:label>
    <p0826-teimww:occursIn>
      <p0826-teimww:book knoraType="link_value" linkType="ref" target="ww_cd047776ecc0f21c"/>
    </p0826-teimww:occursIn>
    <p0826-teimww:text knoraType="richtext_value">[Lepida:] [...] Why then employ your burning &lt;span class="quote"&gt;whips of steel&lt;/span&gt;,&lt;br&gt;
Lash with eternal lashes, there, there, there,&lt;br&gt;
Excellent Furies how you do excel,&lt;br&gt;
So, so, so, so, tis holy day &lt;span class="quote"&gt;in hell. </p0826-teimww:text>
  </p0826-teimww:passage>
  <p0826-teimww:passage id="ww_7a35c3bbdf5cf3f8">
    <knoraXmlImport:label>passage label</knoraXmlImport:label>
    <p0826-teimww:occursIn>
      <p0826-teimww:book knoraType="link_value" linkType="ref" target="ww_5603853ee308e6b5"/>
    </p0826-teimww:occursIn>
  </p0826-teimww:passage>
  <p0826-teimww:passage id="ww_672a4100a5715bb3">
    <knoraXmlImport:label>passage label</knoraXmlImport:label>
    <p0826-teimww:occursIn>
      <p0826-teimww:book knoraType="link_value" linkType="ref" target="ww_a978b0806dc8a39c"/>
    </p0826-teimww:occursIn>
    <p0826-teimww:text knoraType="richtext_value">We must do to others, &lt;span class="quote"&gt;&lt;i&gt;not as honor pricks us on.&lt;/i&gt;&lt;/span&gt;</p0826-teimww:text>
  </p0826-teimww:passage>
  <p0826-teimww:passage id="ww_d848d2071e650207">
    <knoraXmlImport:label>passage label</knoraXmlImport:label>
    <p0826-teimww:occursIn>
      <p0826-teimww:book knoraType="link_value" linkType="ref" target="ww_08a130e81db8a98f"/>
    </p0826-teimww:occursIn>
  </p0826-teimww:passage>
  <p0826-teimww:passage id="ww_e2c3bff494aa68c5">
    <knoraXmlImport:label>passage label</knoraXmlImport:label>
    <p0826-teimww:occursIn>
      <p0826-teimww:book knoraType="link_value" linkType="ref" target="ww_c354c8aa7bc6d63e"/>
    </p0826-teimww:occursIn>
    <p0826-teimww:text knoraType="richtext_value">[Orsa:] The slave of chance &lt;br&gt;
One of &lt;span class="quote"&gt;Fortune's fools; &lt;/span&gt;&lt;br&gt;
A thing she kept alive on earth &lt;br&gt;
To make her sport.</p0826-teimww:text>
  </p0826-teimww:passage>
  <p0826-teimww:passage id="ww_5b25f1c446e29c2e">
    <knoraXmlImport:label>passage label</knoraXmlImport:label>
    <p0826-teimww:occursIn>
      <p0826-teimww:book knoraType="link_value" linkType="ref" target="ww_1140c36ab545b6d8"/>
    </p0826-teimww:occursIn>
  </p0826-teimww:passage>
  <p0826-teimww:passage id="ww_a831918f682503a8">
    <knoraXmlImport:label>passage label</knoraXmlImport:label>
    <p0826-teimww:occursIn>
      <p0826-teimww:book knoraType="link_value" linkType="ref" target="ww_c354c8aa7bc6d63e"/>
    </p0826-teimww:occursIn>
    <p0826-teimww:text knoraType="richtext_value">[Pellegrin:] We're in excellent humour, &lt;br&gt;
Let's have another bottle, &lt;br&gt;
And &lt;span class="quote"&gt;give out the Anne my wife is dead, &lt;br&gt;&lt;/span&gt;
Shall I Gentlemen? </p0826-teimww:text>
  </p0826-teimww:passage>
  <p0826-teimww:passage id="ww_4a36facf8774cd39">
    <knoraXmlImport:label>passage label</knoraXmlImport:label>
    <p0826-teimww:occursIn>
      <p0826-teimww:book knoraType="link_value" linkType="ref" target="ww_1140c36ab545b6d8"/>
    </p0826-teimww:occursIn>
  </p0826-teimww:passage>
  <p0826-teimww:passage id="ww_a3356aa5eeceee5a">
    <knoraXmlImport:label>passage label</knoraXmlImport:label>
    <p0826-teimww:occursIn>
      <p0826-teimww:book knoraType="link_value" linkType="ref" target="ww_cc36a50722b4f55d"/>
    </p0826-teimww:occursIn>
    <p0826-teimww:text knoraType="richtext_value">[Rampino:] [...] they're &lt;span class="quote"&gt;Mandrakes' groans&lt;/span&gt; and still &lt;br&gt;
Bode death [...].</p0826-teimww:text>
  </p0826-teimww:passage>
  <p0826-teimww:passage id="ww_c03a7f1b8fa7d8a9">
    <knoraXmlImport:label>passage label</knoraXmlImport:label>
    <p0826-teimww:occursIn>
      <p0826-teimww:book knoraType="link_value" linkType="ref" target="ww_3bf574aaea5a76e8"/>
    </p0826-teimww:occursIn>
    <p0826-teimww:text knoraType="richtext_value">&lt;i&gt;A trout &lt;span class="quote"&gt;hamlet &lt;/span&gt;with four legs&lt;/i&gt;. Soterichi lecti.</p0826-teimww:text>
  </p0826-teimww:passage>
  <p0826-teimww:passage id="ww_9a8dd341ab709b29">
    <knoraXmlImport:label>passage label</knoraXmlImport:label>
    <p0826-teimww:occursIn>
      <p0826-teimww:book knoraType="link_value" linkType="ref" target="ww_1140c36ab545b6d8"/>
    </p0826-teimww:occursIn>
  </p0826-teimww:passage>
  <p0826-teimww:passage id="ww_0e19591d24617f1f">
    <knoraXmlImport:label>passage label</knoraXmlImport:label>
    <p0826-teimww:occursIn>
      <p0826-teimww:book knoraType="link_value" linkType="ref" target="ww_2f65899f08b5bb71"/>
    </p0826-teimww:occursIn>
  </p0826-teimww:passage>
  <p0826-teimww:passage id="ww_3cd0498d99574eb0">
    <knoraXmlImport:label>passage label</knoraXmlImport:label>
    <p0826-teimww:occursIn>
      <p0826-teimww:book knoraType="link_value" linkType="ref" target="ww_9d75b3d3235b2834"/>
    </p0826-teimww:occursIn>
  </p0826-teimww:passage>
  <p0826-teimww:passage id="ww_85daa7b103e4e222">
    <knoraXmlImport:label>passage label</knoraXmlImport:label>
    <p0826-teimww:occursIn>
      <p0826-teimww:book knoraType="link_value" linkType="ref" target="ww_160b060adc5c12bf"/>
    </p0826-teimww:occursIn>
  </p0826-teimww:passage>
  <p0826-teimww:passage id="ww_6e1e34b79552d93d">
    <knoraXmlImport:label>passage label</knoraXmlImport:label>
    <p0826-teimww:occursIn>
      <p0826-teimww:book knoraType="link_value" linkType="ref" target="ww_b21d0ca00a1e7038"/>
    </p0826-teimww:occursIn>
    <p0826-teimww:text knoraType="richtext_value">[Orco:] [...] till thou fall'd &lt;span class="quote"&gt;lower &lt;br&gt;
Than a plummet&lt;/span&gt;, that is threescore years a-sinking.</p0826-teimww:text>
  </p0826-teimww:passage>
  <p0826-teimww:passage id="ww_194b06c24f86c346">
    <knoraXmlImport:label>passage label</knoraXmlImport:label>
    <p0826-teimww:occursIn>
      <p0826-teimww:book knoraType="link_value" linkType="ref" target="ww_4248cd9d97d4040f"/>
    </p0826-teimww:occursIn>
    <p0826-teimww:text knoraType="richtext_value">&lt;span class="quote"&gt;As swift as thought.&lt;/span&gt;</p0826-teimww:text>
  </p0826-teimww:passage>
  <p0826-teimww:passage id="ww_043e65d8d145a6cd">
    <knoraXmlImport:label>passage label</knoraXmlImport:label>
    <p0826-teimww:occursIn>
      <p0826-teimww:book knoraType="link_value" linkType="ref" target="ww_d1faedb423154f39"/>
    </p0826-teimww:occursIn>
  </p0826-teimww:passage>
  <p0826-teimww:passage id="ww_ca30a8cedd411b68">
    <knoraXmlImport:label>passage label</knoraXmlImport:label>
    <p0826-teimww:occursIn>
      <p0826-teimww:book knoraType="link_value" linkType="ref" target="ww_4248cd9d97d4040f"/>
    </p0826-teimww:occursIn>
    <p0826-teimww:text knoraType="richtext_value">&lt;span class="quote"&gt;Desperate torments must have desperate cures.&lt;/span&gt;</p0826-teimww:text>
  </p0826-teimww:passage>
  <p0826-teimww:passage id="ww_d226708beae7130e">
    <knoraXmlImport:label>passage label</knoraXmlImport:label>
    <p0826-teimww:occursIn>
      <p0826-teimww:book knoraType="link_value" linkType="ref" target="ww_1140c36ab545b6d8"/>
    </p0826-teimww:occursIn>
  </p0826-teimww:passage>
  <p0826-teimww:passage id="ww_3ecf2aeea0670547">
    <knoraXmlImport:label>passage label</knoraXmlImport:label>
    <p0826-teimww:occursIn>
      <p0826-teimww:book knoraType="link_value" linkType="ref" target="ww_4248cd9d97d4040f"/>
    </p0826-teimww:occursIn>
    <p0826-teimww:text knoraType="richtext_value">&lt;span class="quote"&gt;Suspicion always haunts the guilty mind.&lt;/span&gt;</p0826-teimww:text>
  </p0826-teimww:passage>
  <p0826-teimww:passage id="ww_e2492f3776bd7208">
    <knoraXmlImport:label>passage label</knoraXmlImport:label>
    <p0826-teimww:occursIn>
      <p0826-teimww:book knoraType="link_value" linkType="ref" target="ww_1140c36ab545b6d8"/>
    </p0826-teimww:occursIn>
  </p0826-teimww:passage>
  <p0826-teimww:passage id="ww_c11419eb754fe220">
    <knoraXmlImport:label>passage label</knoraXmlImport:label>
    <p0826-teimww:occursIn>
      <p0826-teimww:book knoraType="link_value" linkType="ref" target="ww_4248cd9d97d4040f"/>
    </p0826-teimww:occursIn>
    <p0826-teimww:text knoraType="richtext_value">&lt;span class="quote"&gt;Discretion is the better part of valour. &lt;/span&gt;</p0826-teimww:text>
  </p0826-teimww:passage>
  <p0826-teimww:passage id="ww_62672a8da396c45f">
    <knoraXmlImport:label>passage label</knoraXmlImport:label>
    <p0826-teimww:occursIn>
      <p0826-teimww:book knoraType="link_value" linkType="ref" target="ww_1140c36ab545b6d8"/>
    </p0826-teimww:occursIn>
  </p0826-teimww:passage>
  <p0826-teimww:passage id="ww_171769c3d8c9f000">
    <knoraXmlImport:label>passage label</knoraXmlImport:label>
    <p0826-teimww:occursIn>
      <p0826-teimww:book knoraType="link_value" linkType="ref" target="ww_4248cd9d97d4040f"/>
    </p0826-teimww:occursIn>
    <p0826-teimww:text knoraType="richtext_value">&lt;span class="quote"&gt;Uneasy lies the head, that wears a Crown.&lt;/span&gt;</p0826-teimww:text>
  </p0826-teimww:passage>
  <p0826-teimww:passage id="ww_488f8dfd5d63dc58">
    <knoraXmlImport:label>passage label</knoraXmlImport:label>
    <p0826-teimww:occursIn>
      <p0826-teimww:book knoraType="link_value" linkType="ref" target="ww_1140c36ab545b6d8"/>
    </p0826-teimww:occursIn>
  </p0826-teimww:passage>
  <p0826-teimww:passage id="ww_50afc9fe76af1bda">
    <knoraXmlImport:label>passage label</knoraXmlImport:label>
    <p0826-teimww:occursIn>
      <p0826-teimww:book knoraType="link_value" linkType="ref" target="ww_4248cd9d97d4040f"/>
    </p0826-teimww:occursIn>
    <p0826-teimww:text knoraType="richtext_value">&lt;span class="quote"&gt;Thieves are Diana's Foresters &lt;/span&gt;or Gentlemen of the Shade.</p0826-teimww:text>
  </p0826-teimww:passage>
  <p0826-teimww:passage id="ww_a8dfd5b81d3e644a">
    <knoraXmlImport:label>passage label</knoraXmlImport:label>
    <p0826-teimww:occursIn>
      <p0826-teimww:book knoraType="link_value" linkType="ref" target="ww_1140c36ab545b6d8"/>
    </p0826-teimww:occursIn>
  </p0826-teimww:passage>
  <p0826-teimww:passage id="ww_b763c068b22217a9">
    <knoraXmlImport:label>passage label</knoraXmlImport:label>
    <p0826-teimww:occursIn>
      <p0826-teimww:book knoraType="link_value" linkType="ref" target="ww_4248cd9d97d4040f"/>
    </p0826-teimww:occursIn>
    <p0826-teimww:text knoraType="richtext_value">&lt;span class="quote"&gt;No beast so fierce but knows some touch of pity.&lt;/span&gt;</p0826-teimww:text>
  </p0826-teimww:passage>
  <p0826-teimww:passage id="ww_dff2a8d550734148">
    <knoraXmlImport:label>passage label</knoraXmlImport:label>
    <p0826-teimww:occursIn>
      <p0826-teimww:book knoraType="link_value" linkType="ref" target="ww_1140c36ab545b6d8"/>
    </p0826-teimww:occursIn>
  </p0826-teimww:passage>
  <p0826-teimww:passage id="ww_35b7e0abcbe26b39">
    <knoraXmlImport:label>passage label</knoraXmlImport:label>
    <p0826-teimww:occursIn>
      <p0826-teimww:book knoraType="link_value" linkType="ref" target="ww_4248cd9d97d4040f"/>
    </p0826-teimww:occursIn>
    <p0826-teimww:text knoraType="richtext_value">&lt;span class="quote"&gt;That wrens may prey where eagles dare not perch.&lt;/span&gt;</p0826-teimww:text>
  </p0826-teimww:passage>
  <p0826-teimww:passage id="ww_cddc6e9b232c3c93">
    <knoraXmlImport:label>passage label</knoraXmlImport:label>
    <p0826-teimww:occursIn>
      <p0826-teimww:book knoraType="link_value" linkType="ref" target="ww_1140c36ab545b6d8"/>
    </p0826-teimww:occursIn>
  </p0826-teimww:passage>
  <p0826-teimww:passage id="ww_d8b6efabb4b34b73">
    <knoraXmlImport:label>passage label</knoraXmlImport:label>
    <p0826-teimww:occursIn>
      <p0826-teimww:book knoraType="link_value" linkType="ref" target="ww_4248cd9d97d4040f"/>
    </p0826-teimww:occursIn>
    <p0826-teimww:text knoraType="richtext_value">&lt;span class="quote"&gt;O Tiger's heart wrapped in a woman's hide.&lt;/span&gt;</p0826-teimww:text>
  </p0826-teimww:passage>
  <p0826-teimww:passage id="ww_41ee13e9b8a1e6a2">
    <knoraXmlImport:label>passage label</knoraXmlImport:label>
    <p0826-teimww:occursIn>
      <p0826-teimww:book knoraType="link_value" linkType="ref" target="ww_1140c36ab545b6d8"/>
    </p0826-teimww:occursIn>
  </p0826-teimww:passage>
  <p0826-teimww:passage id="ww_e2722717a48504b0">
    <knoraXmlImport:label>passage label</knoraXmlImport:label>
    <p0826-teimww:occursIn>
      <p0826-teimww:book knoraType="link_value" linkType="ref" target="ww_4248cd9d97d4040f"/>
    </p0826-teimww:occursIn>
    <p0826-teimww:text knoraType="richtext_value">Better than he have yet worn &lt;span class="quote"&gt;Vulcan's badge.&lt;/span&gt;</p0826-teimww:text>
  </p0826-teimww:passage>
  <p0826-teimww:passage id="ww_b4f5df21d4c7f085">
    <knoraXmlImport:label>passage label</knoraXmlImport:label>
    <p0826-teimww:occursIn>
      <p0826-teimww:book knoraType="link_value" linkType="ref" target="ww_1140c36ab545b6d8"/>
    </p0826-teimww:occursIn>
  </p0826-teimww:passage>
  <p0826-teimww:passage id="ww_4a1ad8fb3ccda131">
    <knoraXmlImport:label>passage label</knoraXmlImport:label>
    <p0826-teimww:occursIn>
      <p0826-teimww:book knoraType="link_value" linkType="ref" target="ww_4248cd9d97d4040f"/>
    </p0826-teimww:occursIn>
    <p0826-teimww:text knoraType="richtext_value">&lt;span class="quote"&gt;Even such kin as the parish heiress are to the town-bull.&lt;/span&gt;</p0826-teimww:text>
  </p0826-teimww:passage>
  <p0826-teimww:passage id="ww_3efaddce4fd414dd">
    <knoraXmlImport:label>passage label</knoraXmlImport:label>
    <p0826-teimww:occursIn>
      <p0826-teimww:book knoraType="link_value" linkType="ref" target="ww_1140c36ab545b6d8"/>
    </p0826-teimww:occursIn>
  </p0826-teimww:passage>
  <p0826-teimww:passage id="ww_7267972ad4b0da89">
    <knoraXmlImport:label>passage label</knoraXmlImport:label>
    <p0826-teimww:occursIn>
      <p0826-teimww:book knoraType="link_value" linkType="ref" target="ww_4248cd9d97d4040f"/>
    </p0826-teimww:occursIn>
    <p0826-teimww:text knoraType="richtext_value">&lt;span class="quote"&gt;Did ever Raven sing so like a Lark?&lt;/span&gt;</p0826-teimww:text>
  </p0826-teimww:passage>
  <p0826-teimww:passage id="ww_fa4485a9dbb7bfea">
    <knoraXmlImport:label>passage label</knoraXmlImport:label>
    <p0826-teimww:occursIn>
      <p0826-teimww:book knoraType="link_value" linkType="ref" target="ww_1140c36ab545b6d8"/>
    </p0826-teimww:occursIn>
  </p0826-teimww:passage>
  <p0826-teimww:passage id="ww_86471b90b8b2273c">
    <knoraXmlImport:label>passage label</knoraXmlImport:label>
    <p0826-teimww:occursIn>
      <p0826-teimww:book knoraType="link_value" linkType="ref" target="ww_4248cd9d97d4040f"/>
    </p0826-teimww:occursIn>
    <p0826-teimww:text knoraType="richtext_value">&lt;span class="quote"&gt;The Raven doth not hatch a Lark.&lt;/span&gt;</p0826-teimww:text>
  </p0826-teimww:passage>
  <p0826-teimww:passage id="ww_daf39819aab091ec">
    <knoraXmlImport:label>passage label</knoraXmlImport:label>
    <p0826-teimww:occursIn>
      <p0826-teimww:book knoraType="link_value" linkType="ref" target="ww_1140c36ab545b6d8"/>
    </p0826-teimww:occursIn>
  </p0826-teimww:passage>
  <p0826-teimww:passage id="ww_4bdb37564f7dfc33">
    <knoraXmlImport:label>passage label</knoraXmlImport:label>
    <p0826-teimww:occursIn>
      <p0826-teimww:book knoraType="link_value" linkType="ref" target="ww_4248cd9d97d4040f"/>
    </p0826-teimww:occursIn>
    <p0826-teimww:text knoraType="richtext_value">&lt;span class="quote"&gt;Thanks, the exchequer of the Poor.&lt;/span&gt;</p0826-teimww:text>
  </p0826-teimww:passage>
  <p0826-teimww:passage id="ww_896ede46e8ad41b6">
    <knoraXmlImport:label>passage label</knoraXmlImport:label>
    <p0826-teimww:occursIn>
      <p0826-teimww:book knoraType="link_value" linkType="ref" target="ww_1140c36ab545b6d8"/>
    </p0826-teimww:occursIn>
  </p0826-teimww:passage>
  <p0826-teimww:passage id="ww_30bd5b16829e9e3b">
    <knoraXmlImport:label>passage label</knoraXmlImport:label>
    <p0826-teimww:occursIn>
      <p0826-teimww:book knoraType="link_value" linkType="ref" target="ww_e188876d08db8495"/>
    </p0826-teimww:occursIn>
    <p0826-teimww:text knoraType="richtext_value">What do'st thou mean to stand behind the noon &lt;br&gt;
&lt;span class="quote"&gt;And pluck bright honor from the pale fac'd moon?&lt;/span&gt;</p0826-teimww:text>
  </p0826-teimww:passage>
  <p0826-teimww:passage id="ww_cd9ba8168f96a32d">
    <knoraXmlImport:label>passage label</knoraXmlImport:label>
    <p0826-teimww:occursIn>
      <p0826-teimww:book knoraType="link_value" linkType="ref" target="ww_1140c36ab545b6d8"/>
    </p0826-teimww:occursIn>
  </p0826-teimww:passage>
  <p0826-teimww:passage id="ww_640904e76ca8594a">
    <knoraXmlImport:label>passage label</knoraXmlImport:label>
    <p0826-teimww:occursIn>
      <p0826-teimww:book knoraType="link_value" linkType="ref" target="ww_8a7cd7fcff83336a"/>
    </p0826-teimww:occursIn>
    <p0826-teimww:text knoraType="richtext_value">[...] the frighted judgment of his brain (that then was ray'd with his own &lt;span class="quote"&gt;hair, standing stiffe an end, like ported feathers of some Porcupine&lt;/span&gt;).</p0826-teimww:text>
  </p0826-teimww:passage>
  <p0826-teimww:passage id="ww_08ba9ccfc2ee1c0a">
    <knoraXmlImport:label>passage label</knoraXmlImport:label>
    <p0826-teimww:occursIn>
      <p0826-teimww:book knoraType="link_value" linkType="ref" target="ww_1140c36ab545b6d8"/>
    </p0826-teimww:occursIn>
  </p0826-teimww:passage>
  <p0826-teimww:passage id="ww_ef85f241e72c00a5">
    <knoraXmlImport:label>passage label</knoraXmlImport:label>
    <p0826-teimww:occursIn>
      <p0826-teimww:book knoraType="link_value" linkType="ref" target="ww_ba8a8fc764e851b4"/>
    </p0826-teimww:occursIn>
  </p0826-teimww:passage>
  <p0826-teimww:passage id="ww_c3c1eefb120378b7">
    <knoraXmlImport:label>passage label</knoraXmlImport:label>
    <p0826-teimww:occursIn>
      <p0826-teimww:book knoraType="link_value" linkType="ref" target="ww_7e06ddc361922671"/>
    </p0826-teimww:occursIn>
    <p0826-teimww:text knoraType="richtext_value">You would have thought Amandus had been trans-elemented (had you beheld him at that instant) but at length, recollecting himself a little, he answered in a distracted tone. But dares Clodomer report this, and not feare a Thunder-bolt (with sawcy Salmoneus ) should pound him (as Anacharsis once in a morter) to peices? You are my King (Sir) I know &lt;span class="quote"&gt;you beare Divinitie about you, which is your protection, &lt;/span&gt;else by the wronged innocence of that abused Lady, were you ingirt with circular flames, and managed oakes, with as much facility as children wield bulrushes, the hilts of this sword should kiss your heart.</p0826-teimww:text>
  </p0826-teimww:passage>
  <p0826-teimww:passage id="ww_7bfab13bd9a046a2">
    <knoraXmlImport:label>passage label</knoraXmlImport:label>
    <p0826-teimww:occursIn>
      <p0826-teimww:book knoraType="link_value" linkType="ref" target="ww_f199cfde13151fb2"/>
    </p0826-teimww:occursIn>
    <p0826-teimww:text knoraType="richtext_value">The excellent VIRGINIA will pardon me, if for dilucidation of an argument, I make her pure and unexhausted brows descend to wear a Garland of fertility equal to that laborious and &lt;span class="quote"&gt;overteeming&lt;/span&gt; Mother, the French Kingdom [...].</p0826-teimww:text>
  </p0826-teimww:passage>
  <p0826-teimww:passage id="ww_7593f430bdaaa54a">
    <knoraXmlImport:label>passage label</knoraXmlImport:label>
    <p0826-teimww:occursIn>
      <p0826-teimww:book knoraType="link_value" linkType="ref" target="ww_f0b8d4220bfdd308"/>
    </p0826-teimww:occursIn>
  </p0826-teimww:passage>
  <p0826-teimww:passage id="ww_5cc51afb70b1a001">
    <knoraXmlImport:label>passage label</knoraXmlImport:label>
    <p0826-teimww:occursIn>
      <p0826-teimww:book knoraType="link_value" linkType="ref" target="ww_431a6ab165ad4f22"/>
    </p0826-teimww:occursIn>
    <p0826-teimww:text knoraType="richtext_value">5. The Reproaches of their Enemies do fully testify this, who cast it still in their Teeth, that they were ignorant and unlearned Men. And indeed &lt;span class="quote"&gt;that was the great rub &lt;/span&gt;that their Doctrine found in the World; it was to the Jews a stumbling Block, and to the Greeks Foolishness; and therefore it appeared to be the Power of God, and not of Man [...].</p0826-teimww:text>
  </p0826-teimww:passage>
  <p0826-teimww:passage id="ww_0b2658906680c26e">
    <knoraXmlImport:label>passage label</knoraXmlImport:label>
    <p0826-teimww:occursIn>
      <p0826-teimww:book knoraType="link_value" linkType="ref" target="ww_c8f5dee9c32a4636"/>
    </p0826-teimww:occursIn>
  </p0826-teimww:passage>
  <p0826-teimww:passage id="ww_4f7b628788771c4b">
    <knoraXmlImport:label>passage label</knoraXmlImport:label>
    <p0826-teimww:occursIn>
      <p0826-teimww:book knoraType="link_value" linkType="ref" target="ww_48416dc87795b969"/>
    </p0826-teimww:occursIn>
    <p0826-teimww:text knoraType="richtext_value">The which the Captain espying, began most debonairly to comfort her dispairful courage, adding moreover with the industrious art of his fluent tongue, that no disgrace or &lt;span class="quote"&gt;malefaction&lt;/span&gt; should be administered her, but such chaste kindness and modest courtesy as should every way correspond with the title of honour.</p0826-teimww:text>
  </p0826-teimww:passage>
  <p0826-teimww:passage id="ww_01b3df2840d5f6cd">
    <knoraXmlImport:label>passage label</knoraXmlImport:label>
    <p0826-teimww:occursIn>
      <p0826-teimww:book knoraType="link_value" linkType="ref" target="ww_3e15ab6c612eadae"/>
    </p0826-teimww:occursIn>
  </p0826-teimww:passage>
  <p0826-teimww:passage id="ww_e5884a0caa0a61a0">
    <knoraXmlImport:label>passage label</knoraXmlImport:label>
    <p0826-teimww:occursIn>
      <p0826-teimww:book knoraType="link_value" linkType="ref" target="ww_8a7cd7fcff83336a"/>
    </p0826-teimww:occursIn>
    <p0826-teimww:text knoraType="richtext_value">I thought (when I saw him first (active as lightning) get up upon his flying Horse) he had been able to have &lt;span class="quote"&gt;plucked bright Honour from the pale-fac'd Moon &lt;/span&gt;[...].</p0826-teimww:text>
  </p0826-teimww:passage>
  <p0826-teimww:passage id="ww_a1735baeca289d5f">
    <knoraXmlImport:label>passage label</knoraXmlImport:label>
    <p0826-teimww:occursIn>
      <p0826-teimww:book knoraType="link_value" linkType="ref" target="ww_1140c36ab545b6d8"/>
    </p0826-teimww:occursIn>
  </p0826-teimww:passage>
  <p0826-teimww:passage id="ww_2dc5632adf66c25b">
    <knoraXmlImport:label>passage label</knoraXmlImport:label>
    <p0826-teimww:occursIn>
      <p0826-teimww:book knoraType="link_value" linkType="ref" target="ww_357f61b2476e862d"/>
    </p0826-teimww:occursIn>
    <p0826-teimww:text knoraType="richtext_value">Now the gathering together of many men, who deliberate of what is &lt;span class="quote"&gt;to be done or not to be done&lt;/span&gt; for the common good of all men, is that which I call a &lt;i&gt;council&lt;/i&gt;.</p0826-teimww:text>
  </p0826-teimww:passage>
  <p0826-teimww:passage id="ww_e03dfaf876a400a6">
    <knoraXmlImport:label>passage label</knoraXmlImport:label>
    <p0826-teimww:occursIn>
      <p0826-teimww:book knoraType="link_value" linkType="ref" target="ww_f0b8d4220bfdd308"/>
    </p0826-teimww:occursIn>
  </p0826-teimww:passage>
  <p0826-teimww:passage id="ww_da08abdd7d3c875e">
    <knoraXmlImport:label>passage label</knoraXmlImport:label>
    <p0826-teimww:occursIn>
      <p0826-teimww:book knoraType="link_value" linkType="ref" target="ww_187ba0b1cecebca0"/>
    </p0826-teimww:occursIn>
    <p0826-teimww:text knoraType="richtext_value">He was afflicted so that he gave all up to dispair, and thought on nothing, but to finde out a way to undeceive the people, and recover the Lady her honor, and restore his own reputation. Being thus agitated in a &lt;span class="quote"&gt;Sea of trouble, &lt;/span&gt;he continued his accustomed walk through Cleria's street, to shew that he had not yeilded to Diego.</p0826-teimww:text>
  </p0826-teimww:passage>
  <p0826-teimww:passage id="ww_b1a91151533b26c2">
    <knoraXmlImport:label>passage label</knoraXmlImport:label>
    <p0826-teimww:occursIn>
      <p0826-teimww:book knoraType="link_value" linkType="ref" target="ww_3e15ab6c612eadae"/>
    </p0826-teimww:occursIn>
  </p0826-teimww:passage>
  <p0826-teimww:passage id="ww_30cfb7a35ca321f4">
    <knoraXmlImport:label>passage label</knoraXmlImport:label>
    <p0826-teimww:occursIn>
      <p0826-teimww:book knoraType="link_value" linkType="ref" target="ww_a13a1658b3b4e0f2"/>
    </p0826-teimww:occursIn>
    <p0826-teimww:text knoraType="richtext_value">The Holy Spirit is too pure and gentle a thing to dwell in a mind &lt;span class="quote"&gt;muddied&lt;/span&gt; and disturbed by those impure dregs.</p0826-teimww:text>
  </p0826-teimww:passage>
  <p0826-teimww:passage id="ww_80834c680eaa57ec">
    <knoraXmlImport:label>passage label</knoraXmlImport:label>
    <p0826-teimww:occursIn>
      <p0826-teimww:book knoraType="link_value" linkType="ref" target="ww_f0b8d4220bfdd308"/>
    </p0826-teimww:occursIn>
  </p0826-teimww:passage>
  <p0826-teimww:passage id="ww_4bb90db6d6f1a739">
    <knoraXmlImport:label>passage label</knoraXmlImport:label>
    <p0826-teimww:occursIn>
      <p0826-teimww:book knoraType="link_value" linkType="ref" target="ww_b8a53fa148ff9ccd"/>
    </p0826-teimww:occursIn>
    <p0826-teimww:text knoraType="richtext_value">That ye may, like the Bee, suck Honey out of every Flower; that ye may shine in &lt;span class="quote"&gt;a Sea of Troubles, &lt;/span&gt;as the Pearl shines in the Skie, though it grows in the Sea [...].</p0826-teimww:text>
  </p0826-teimww:passage>
  <p0826-teimww:passage id="ww_39014aecd82637ad">
    <knoraXmlImport:label>passage label</knoraXmlImport:label>
    <p0826-teimww:occursIn>
      <p0826-teimww:book knoraType="link_value" linkType="ref" target="ww_d1faedb423154f39"/>
    </p0826-teimww:occursIn>
  </p0826-teimww:passage>
  <p0826-teimww:passage id="ww_91b7739702614463">
    <knoraXmlImport:label>passage label</knoraXmlImport:label>
    <p0826-teimww:occursIn>
      <p0826-teimww:book knoraType="link_value" linkType="ref" target="ww_50252be95e444aa3"/>
    </p0826-teimww:occursIn>
    <p0826-teimww:text knoraType="richtext_value">This perpetual peevishnesse and jealousie, under the alternate Empire of the Prince and of the People, is obnoxious unto every Spark. Nor shall any man shew a reason that will be holding in prudence, why the people of Oceana have blown up their King, but that their Kings did not first blow up them: &lt;span class="quote"&gt;The rest is discourse for Ladies.&lt;/span&gt; Wherefore your Parliaments are not henceforth to come, out of the bag of Æolus , but by the Gallaxy's , to be the perpetual food of the fire of Vesta .</p0826-teimww:text>
  </p0826-teimww:passage>
  <p0826-teimww:passage id="ww_462e37ed6947a3c4">
    <knoraXmlImport:label>passage label</knoraXmlImport:label>
    <p0826-teimww:occursIn>
      <p0826-teimww:book knoraType="link_value" linkType="ref" target="ww_3e15ab6c612eadae"/>
    </p0826-teimww:occursIn>
  </p0826-teimww:passage>
  <p0826-teimww:passage id="ww_ae91517e164cd0e6">
    <knoraXmlImport:label>passage label</knoraXmlImport:label>
    <p0826-teimww:occursIn>
      <p0826-teimww:book knoraType="link_value" linkType="ref" target="ww_c137a625e9418655"/>
    </p0826-teimww:occursIn>
    <p0826-teimww:text knoraType="richtext_value">Of Chastity, Continence&lt;br&gt;
&lt;span class="quote"&gt;Sister, keep in the rear of your affection,&lt;br&gt;
Out of the shot and danger of desire.&lt;br&gt;
The chariest Maid is prodigall enough,&lt;br&gt;
If she unmask her beauty to the Moon:&lt;br&gt;
Virtue it selfe scapes not calumnious strokes,&lt;br&gt;
The Canker galls the Infants of the Spring&lt;br&gt;
Too oft before their Buttons be disclos’d,&lt;br&gt;
And in the morn and liquid dew of youth,&lt;br&gt;
Contagious blastments are most imminent.&lt;br&gt;
Be wary then; best safety lies in feare:&lt;br&gt;
Youth to it selfe rebels, though none else neer.&lt;/span&gt;</p0826-teimww:text>
  </p0826-teimww:passage>
  <p0826-teimww:passage id="ww_f204e93f851bb12a">
    <knoraXmlImport:label>passage label</knoraXmlImport:label>
    <p0826-teimww:occursIn>
      <p0826-teimww:book knoraType="link_value" linkType="ref" target="ww_1140c36ab545b6d8"/>
    </p0826-teimww:occursIn>
  </p0826-teimww:passage>
  <p0826-teimww:passage id="ww_dfc1f53ac32f6889">
    <knoraXmlImport:label>passage label</knoraXmlImport:label>
    <p0826-teimww:occursIn>
      <p0826-teimww:book knoraType="link_value" linkType="ref" target="ww_c137a625e9418655"/>
    </p0826-teimww:occursIn>
    <p0826-teimww:text knoraType="richtext_value">&lt;span class="quote"&gt;How absolute the knave is! we must speak by the card, &lt;br&gt;
Or else Aequivocation will undo us. &lt;br&gt;
These three years I have taken a note of it; &lt;br&gt;
The age is grown so picked that the Toe &lt;br&gt;
Of the Peasant comes so neer the heel of the Courtier, &lt;br&gt;
He galls his kibe. &lt;/span&gt;</p0826-teimww:text>
  </p0826-teimww:passage>
  <p0826-teimww:passage id="ww_73e663ab72551bfe">
    <knoraXmlImport:label>passage label</knoraXmlImport:label>
    <p0826-teimww:occursIn>
      <p0826-teimww:book knoraType="link_value" linkType="ref" target="ww_1140c36ab545b6d8"/>
    </p0826-teimww:occursIn>
  </p0826-teimww:passage>
  <p0826-teimww:passage id="ww_0ce64ead31275052">
    <knoraXmlImport:label>passage label</knoraXmlImport:label>
    <p0826-teimww:occursIn>
      <p0826-teimww:book knoraType="link_value" linkType="ref" target="ww_c137a625e9418655"/>
    </p0826-teimww:occursIn>
    <p0826-teimww:text knoraType="richtext_value">&lt;span class="quote"&gt;That monster Custom, that all sence doth eat,&lt;br&gt;
Of habits Devil, is Angel yet in this,&lt;br&gt;
That to the use of Actions fair and good&lt;br&gt;
He likewise gives a Frock or Livery,&lt;br&gt;
That aptly is put on.&lt;/span&gt;</p0826-teimww:text>
  </p0826-teimww:passage>
  <p0826-teimww:passage id="ww_47e203f4c63243ba">
    <knoraXmlImport:label>passage label</knoraXmlImport:label>
    <p0826-teimww:occursIn>
      <p0826-teimww:book knoraType="link_value" linkType="ref" target="ww_1140c36ab545b6d8"/>
    </p0826-teimww:occursIn>
  </p0826-teimww:passage>
  <p0826-teimww:passage id="ww_5f4089596f4259cb">
    <knoraXmlImport:label>passage label</knoraXmlImport:label>
    <p0826-teimww:occursIn>
      <p0826-teimww:book knoraType="link_value" linkType="ref" target="ww_c137a625e9418655"/>
    </p0826-teimww:occursIn>
    <p0826-teimww:text knoraType="richtext_value">&lt;span class="quote"&gt;Our indiscretion sometimes serves us well,&lt;br&gt;
When our deep plots do paul, and that should teach us&lt;br&gt;
There's a divinity that shapes our ends,&lt;br&gt;
Rough hew them how we will.&lt;/span&gt;</p0826-teimww:text>
  </p0826-teimww:passage>
  <p0826-teimww:passage id="ww_fb091d4d205d84b1">
    <knoraXmlImport:label>passage label</knoraXmlImport:label>
    <p0826-teimww:occursIn>
      <p0826-teimww:book knoraType="link_value" linkType="ref" target="ww_1140c36ab545b6d8"/>
    </p0826-teimww:occursIn>
  </p0826-teimww:passage>
  <p0826-teimww:passage id="ww_7e3e8fe100f550d7">
    <knoraXmlImport:label>passage label</knoraXmlImport:label>
    <p0826-teimww:occursIn>
      <p0826-teimww:book knoraType="link_value" linkType="ref" target="ww_c137a625e9418655"/>
    </p0826-teimww:occursIn>
    <p0826-teimww:text knoraType="richtext_value">&lt;span class="quote"&gt;We are oft to blame in this,&lt;br&gt;
'Tis too much prov'd, that with devotions visage,&lt;br&gt;
And pious action we doe sugar ore&lt;br&gt;
The Devil himself.&lt;/span&gt;</p0826-teimww:text>
  </p0826-teimww:passage>
  <p0826-teimww:passage id="ww_1dcd3b5cf160998d">
    <knoraXmlImport:label>passage label</knoraXmlImport:label>
    <p0826-teimww:occursIn>
      <p0826-teimww:book knoraType="link_value" linkType="ref" target="ww_1140c36ab545b6d8"/>
    </p0826-teimww:occursIn>
  </p0826-teimww:passage>
  <p0826-teimww:passage id="ww_79ca50ddbf25a1bf">
    <knoraXmlImport:label>passage label</knoraXmlImport:label>
    <p0826-teimww:occursIn>
      <p0826-teimww:book knoraType="link_value" linkType="ref" target="ww_f72b73130bf5144e"/>
    </p0826-teimww:occursIn>
    <p0826-teimww:text knoraType="richtext_value">[Margaretta:] Thou art still old &lt;span class="quote"&gt;Truepenny&lt;/span&gt;. &lt;br&gt;
[Rinaldo:] Still still, and ever shall be, if I shall, let me strike the stroak, I shall not do thee much harme [...].</p0826-teimww:text>
  </p0826-teimww:passage>
  <p0826-teimww:passage id="ww_a56fc40f910dcb95">
    <knoraXmlImport:label>passage label</knoraXmlImport:label>
    <p0826-teimww:occursIn>
      <p0826-teimww:book knoraType="link_value" linkType="ref" target="ww_1140c36ab545b6d8"/>
    </p0826-teimww:occursIn>
  </p0826-teimww:passage>
  <p0826-teimww:passage id="ww_ffa55dc746123aec">
    <knoraXmlImport:label>passage label</knoraXmlImport:label>
    <p0826-teimww:occursIn>
      <p0826-teimww:book knoraType="link_value" linkType="ref" target="ww_a4d935e148cb86d4"/>
    </p0826-teimww:occursIn>
  </p0826-teimww:passage>
  <p0826-teimww:passage id="ww_389cf625c380679b">
    <knoraXmlImport:label>passage label</knoraXmlImport:label>
    <p0826-teimww:occursIn>
      <p0826-teimww:book knoraType="link_value" linkType="ref" target="ww_23fbae69b0a161a0"/>
    </p0826-teimww:occursIn>
    <p0826-teimww:text knoraType="richtext_value">To whom the valiant Captaine made reply &lt;br&gt;
By one well versed in that Bastard-Tongue : &lt;br&gt;
Illustrious Lord, I shall to thee descry &lt;br&gt;
My Self, my Faith, and th' Armes I bring along.&lt;br&gt; 
Neither of Turkish-blood nor breed, am I; &lt;br&gt;
Nor of a Countrey that delights in wrong. &lt;br&gt;
In &lt;span class="quote"&gt;fair and warlike&lt;/span&gt; Europe was I born, &lt;br&gt;
I seek the famous Kingdoms of the Morn. </p0826-teimww:text>
  </p0826-teimww:passage>
  <p0826-teimww:passage id="ww_c213f464ecd7e093">
    <knoraXmlImport:label>passage label</knoraXmlImport:label>
    <p0826-teimww:occursIn>
      <p0826-teimww:book knoraType="link_value" linkType="ref" target="ww_3e15ab6c612eadae"/>
    </p0826-teimww:occursIn>
  </p0826-teimww:passage>
  <p0826-teimww:passage id="ww_cc1c95112ac22f30">
    <knoraXmlImport:label>passage label</knoraXmlImport:label>
    <p0826-teimww:occursIn>
      <p0826-teimww:book knoraType="link_value" linkType="ref" target="ww_f72b73130bf5144e"/>
    </p0826-teimww:occursIn>
    <p0826-teimww:text knoraType="richtext_value">Embrace.&lt;br&gt;
The female Ivy so&lt;br&gt;
Enrings the barky fingers of the Elm;&lt;br&gt;
And locks her so in his embraces,&lt;br&gt;
As if he meant to pin her to his heart: &lt;br&gt;
&lt;span class="quote"&gt;Hangs on him&lt;br&gt;
As if increase of appetite did grow&lt;br&gt; 
From what it grew on&lt;/span&gt;.
Cleaving like burrs.</p0826-teimww:text>
  </p0826-teimww:passage>
  <p0826-teimww:passage id="ww_2f80e711b2cd6bf7">
    <knoraXmlImport:label>passage label</knoraXmlImport:label>
    <p0826-teimww:occursIn>
      <p0826-teimww:book knoraType="link_value" linkType="ref" target="ww_1140c36ab545b6d8"/>
    </p0826-teimww:occursIn>
  </p0826-teimww:passage>
  <p0826-teimww:passage id="ww_abe97719ce95db4d">
    <knoraXmlImport:label>passage label</knoraXmlImport:label>
    <p0826-teimww:occursIn>
      <p0826-teimww:book knoraType="link_value" linkType="ref" target="ww_a4d935e148cb86d4"/>
    </p0826-teimww:occursIn>
  </p0826-teimww:passage>
  <p0826-teimww:passage id="ww_3e71942a72005f41">
    <knoraXmlImport:label>passage label</knoraXmlImport:label>
    <p0826-teimww:occursIn>
      <p0826-teimww:book knoraType="link_value" linkType="ref" target="ww_f72b73130bf5144e"/>
    </p0826-teimww:occursIn>
    <p0826-teimww:text knoraType="richtext_value">Fear, Fearful.&lt;br&gt;
&lt;span class="quote"&gt;The bedded hair, like life in excrements,&lt;br&gt;
Start up, and stand on [sic] end.&lt;/span&gt;</p0826-teimww:text>
  </p0826-teimww:passage>
  <p0826-teimww:passage id="ww_14faaefd5a529a5a">
    <knoraXmlImport:label>passage label</knoraXmlImport:label>
    <p0826-teimww:occursIn>
      <p0826-teimww:book knoraType="link_value" linkType="ref" target="ww_1140c36ab545b6d8"/>
    </p0826-teimww:occursIn>
  </p0826-teimww:passage>
  <p0826-teimww:passage id="ww_ddefa4fed04e66ca">
    <knoraXmlImport:label>passage label</knoraXmlImport:label>
    <p0826-teimww:occursIn>
      <p0826-teimww:book knoraType="link_value" linkType="ref" target="ww_f72b73130bf5144e"/>
    </p0826-teimww:occursIn>
    <p0826-teimww:text knoraType="richtext_value">Fear, Fearful&lt;br&gt;
&lt;span class="quote"&gt;Distill'd almost to jelly,&lt;br&gt;
harrows the soul, and makes the eyes start from their spheres.&lt;br&gt;
The hair stands &lt;/span&gt;an [sic] &lt;span class="quote"&gt;end&lt;br&gt;
Like quilles upon the fretful porcupine.&lt;/span&gt;</p0826-teimww:text>
  </p0826-teimww:passage>
  <p0826-teimww:passage id="ww_37cd748507f60742">
    <knoraXmlImport:label>passage label</knoraXmlImport:label>
    <p0826-teimww:occursIn>
      <p0826-teimww:book knoraType="link_value" linkType="ref" target="ww_1140c36ab545b6d8"/>
    </p0826-teimww:occursIn>
  </p0826-teimww:passage>
  <p0826-teimww:passage id="ww_0d353b9b0304457e">
    <knoraXmlImport:label>passage label</knoraXmlImport:label>
    <p0826-teimww:occursIn>
      <p0826-teimww:book knoraType="link_value" linkType="ref" target="ww_c137a625e9418655"/>
    </p0826-teimww:occursIn>
    <p0826-teimww:text knoraType="richtext_value">&lt;span class="quote"&gt;Rightly to be great &lt;br&gt;
Is not to stir without great argument, &lt;br&gt;
But greatly to find quarrel in a straw &lt;br&gt;
When honour's at the stake. &lt;/span&gt;</p0826-teimww:text>
  </p0826-teimww:passage>
  <p0826-teimww:passage id="ww_41ea00386e7838ca">
    <knoraXmlImport:label>passage label</knoraXmlImport:label>
    <p0826-teimww:occursIn>
      <p0826-teimww:book knoraType="link_value" linkType="ref" target="ww_1140c36ab545b6d8"/>
    </p0826-teimww:occursIn>
  </p0826-teimww:passage>
  <p0826-teimww:passage id="ww_2e21fd9455c649a0">
    <knoraXmlImport:label>passage label</knoraXmlImport:label>
    <p0826-teimww:occursIn>
      <p0826-teimww:book knoraType="link_value" linkType="ref" target="ww_c137a625e9418655"/>
    </p0826-teimww:occursIn>
    <p0826-teimww:text knoraType="richtext_value">&lt;span class="quote"&gt;In the most high and palmy state of &lt;i&gt;Rome&lt;/i&gt;,&lt;br&gt;
A little ere the mightiest &lt;i&gt;Julius&lt;/i&gt; fell,&lt;br&gt;
The Graves stood Tenantless and the sheeted dead&lt;br&gt;
Did squeak and gibber in the Roman streetes:&lt;br&gt;
As Stars with traines of fire and dewes of blood,&lt;br&gt;
Disasters in the Sun, and the moist star&lt;br&gt;
Upon whose influence &lt;i&gt;Neptune's &lt;/i&gt;empire stands&lt;br&gt;
Was sick almost to Doomesday with eclipse. &lt;/span&gt;</p0826-teimww:text>
  </p0826-teimww:passage>
  <p0826-teimww:passage id="ww_f0a0d4a126dc85f7">
    <knoraXmlImport:label>passage label</knoraXmlImport:label>
    <p0826-teimww:occursIn>
      <p0826-teimww:book knoraType="link_value" linkType="ref" target="ww_1140c36ab545b6d8"/>
    </p0826-teimww:occursIn>
  </p0826-teimww:passage>
  <p0826-teimww:passage id="ww_12554aa9df561a73">
    <knoraXmlImport:label>passage label</knoraXmlImport:label>
    <p0826-teimww:occursIn>
      <p0826-teimww:book knoraType="link_value" linkType="ref" target="ww_c137a625e9418655"/>
    </p0826-teimww:occursIn>
    <p0826-teimww:text knoraType="richtext_value"> What to ourselves in passion we propose,
– 3, 2, 199: The passion ending, doth the purpose lose.
– 3, 2, 200: The violence of either grief or joy
– 3, 2, 201: Their own enactures with themselves destroy:
– 3, 2, 202: Where joy most revels, grief doth most lament;
– 3, 2, 203: Grief joys, joy grieves, on slender accident.
– 3, 2, 204: This world is not for aye, nor 'tis not strange
– 3, 2, 205: That even our loves should with our fortunes change;
– 3, 2, 206: For 'tis a question left us yet to prove,
– 3, 2, 207: Whether love lead fortune, or else fortune love. </p0826-teimww:text>
  </p0826-teimww:passage>
  <p0826-teimww:passage id="ww_1d85a7a9c7ab2e66">
    <knoraXmlImport:label>passage label</knoraXmlImport:label>
    <p0826-teimww:occursIn>
      <p0826-teimww:book knoraType="link_value" linkType="ref" target="ww_1140c36ab545b6d8"/>
    </p0826-teimww:occursIn>
  </p0826-teimww:passage>
  <p0826-teimww:passage id="ww_208595d9658b996b">
    <knoraXmlImport:label>passage label</knoraXmlImport:label>
    <p0826-teimww:occursIn>
      <p0826-teimww:book knoraType="link_value" linkType="ref" target="ww_c137a625e9418655"/>
    </p0826-teimww:occursIn>
    <p0826-teimww:text knoraType="richtext_value">To climb steep hills, &lt;br&gt;
Requires slow pace at first, &lt;span class="quote"&gt;anger is like &lt;br&gt;
A full hot horse, who being allow'd his way &lt;br&gt;
Self-Mettal tyres him. &lt;/span&gt;</p0826-teimww:text>
  </p0826-teimww:passage>
  <p0826-teimww:passage id="ww_0e517bd8713b2d8e">
    <knoraXmlImport:label>passage label</knoraXmlImport:label>
    <p0826-teimww:occursIn>
      <p0826-teimww:book knoraType="link_value" linkType="ref" target="ww_c137a625e9418655"/>
    </p0826-teimww:occursIn>
    <p0826-teimww:text knoraType="richtext_value"> In the corrupted currents of this world
– 3, 3, 61: Offence's gilded hand may shove by justice,
– 3, 3, 62: And oft 'tis seen the wicked prize itself
– 3, 3, 63: Buys out the law: but 'tis not so above;
– 3, 3, 64: There is no shuffling, there the action lies
– 3, 3, 66: Even to the teeth and forehead of our faults,
– 3, 3, 67: To give in evidence. What then? what rests? </p0826-teimww:text>
  </p0826-teimww:passage>
  <p0826-teimww:passage id="ww_654f0cd7d2686bd9">
    <knoraXmlImport:label>passage label</knoraXmlImport:label>
    <p0826-teimww:occursIn>
      <p0826-teimww:book knoraType="link_value" linkType="ref" target="ww_1140c36ab545b6d8"/>
    </p0826-teimww:occursIn>
  </p0826-teimww:passage>
  <p0826-teimww:passage id="ww_251abd3a756bb1e0">
    <knoraXmlImport:label>passage label</knoraXmlImport:label>
    <p0826-teimww:occursIn>
      <p0826-teimww:book knoraType="link_value" linkType="ref" target="ww_c137a625e9418655"/>
    </p0826-teimww:occursIn>
    <p0826-teimww:text knoraType="richtext_value"> And meant to wreck thee; but, beshrew my jealousy!
– 2, 1, 125: By heaven, it is as proper to our age
– 2, 1, 126: To cast beyond ourselves in our opinions
– 2, 1, 127: As it is common for the younger sort
– 2, 1, 128: To lack discretion. Come, go we to the king: </p0826-teimww:text>
  </p0826-teimww:passage>
  <p0826-teimww:passage id="ww_758b8d466e5287b9">
    <knoraXmlImport:label>passage label</knoraXmlImport:label>
    <p0826-teimww:occursIn>
      <p0826-teimww:book knoraType="link_value" linkType="ref" target="ww_1140c36ab545b6d8"/>
    </p0826-teimww:occursIn>
  </p0826-teimww:passage>
  <p0826-teimww:passage id="ww_c4aa7fb62e245ce8">
    <knoraXmlImport:label>passage label</knoraXmlImport:label>
    <p0826-teimww:occursIn>
      <p0826-teimww:book knoraType="link_value" linkType="ref" target="ww_c137a625e9418655"/>
    </p0826-teimww:occursIn>
    <p0826-teimww:text knoraType="richtext_value">&lt;span class="quote"&gt;The great man down, his Favorite flyes,&lt;br&gt;
The poor advanc'd, makes friends of enemies;&lt;br&gt;
And hitherto doth love on fortune tend,&lt;br&gt;
And who not needs shall never want a friend;&lt;br&gt;
And who in want a hollow friend doth try,&lt;br&gt;
Directly seasons him his enemy.&lt;/span&gt;</p0826-teimww:text>
  </p0826-teimww:passage>
  <p0826-teimww:passage id="ww_17cc5a0a92d1c22e">
    <knoraXmlImport:label>passage label</knoraXmlImport:label>
    <p0826-teimww:occursIn>
      <p0826-teimww:book knoraType="link_value" linkType="ref" target="ww_1140c36ab545b6d8"/>
    </p0826-teimww:occursIn>
  </p0826-teimww:passage>
  <p0826-teimww:passage id="ww_3c026a0265e88ecb">
    <knoraXmlImport:label>passage label</knoraXmlImport:label>
    <p0826-teimww:occursIn>
      <p0826-teimww:book knoraType="link_value" linkType="ref" target="ww_c137a625e9418655"/>
    </p0826-teimww:occursIn>
    <p0826-teimww:text knoraType="richtext_value">Men counsaile, and speak comfort to that griefe / Which they themselves not feel; but tasting it, / Their counsaile turns to passion, which before / Would give preceptiall medicine to rage, / Fetter strong madnesse in a silken thread, / Charm Ache with Air, and Agony with words. -</p0826-teimww:text>
  </p0826-teimww:passage>
  <p0826-teimww:passage id="ww_e0b6d4c19efe7053">
    <knoraXmlImport:label>passage label</knoraXmlImport:label>
    <p0826-teimww:occursIn>
      <p0826-teimww:book knoraType="link_value" linkType="ref" target="ww_1140c36ab545b6d8"/>
    </p0826-teimww:occursIn>
  </p0826-teimww:passage>
  <p0826-teimww:passage id="ww_b43fde000578cde2">
    <knoraXmlImport:label>passage label</knoraXmlImport:label>
    <p0826-teimww:occursIn>
      <p0826-teimww:book knoraType="link_value" linkType="ref" target="ww_faa12914631ceeed"/>
    </p0826-teimww:occursIn>
    <p0826-teimww:text knoraType="richtext_value">We're ill by these Grammarians us'd;&lt;br&gt;
We are abus'd by Words, grosly abus'd;&lt;br&gt;
From the Maternal Tomb,&lt;br&gt;
To the Graves fruitful Womb,&lt;br&gt;
We call here Life; but Life's a name&lt;br&gt;
That nothing here can truly claim:&lt;br&gt;
This wretched Inn, where we scarce stay to bait:&lt;br&gt;
We call our Dwelling-place;&lt;br&gt;
We call one Step a Race:&lt;br&gt;
But Angels in their full enlightned state,&lt;br&gt;
Angels who Live, and know &lt;span class="quote"&gt;what 'tis to Be,&lt;/span&gt;&lt;br&gt;
Who all the nonsense of our Language see,&lt;br&gt;
Who speak Things, and our Words, their ill-drawn Pictures scorn,&lt;br&gt;
When we by &lt;span class="quote"&gt;a foolish Figure&lt;/span&gt; say,&lt;br&gt;
Behold an old man Dead! then they&lt;br&gt;
Speak properly, and cry, Behold a man-child born.</p0826-teimww:text>
  </p0826-teimww:passage>
  <p0826-teimww:passage id="ww_4cda7a98229c288b">
    <knoraXmlImport:label>passage label</knoraXmlImport:label>
    <p0826-teimww:occursIn>
      <p0826-teimww:book knoraType="link_value" linkType="ref" target="ww_3e15ab6c612eadae"/>
    </p0826-teimww:occursIn>
  </p0826-teimww:passage>
  <p0826-teimww:passage id="ww_7f60d843bd58c5db">
    <knoraXmlImport:label>passage label</knoraXmlImport:label>
    <p0826-teimww:occursIn>
      <p0826-teimww:book knoraType="link_value" linkType="ref" target="ww_faa12914631ceeed"/>
    </p0826-teimww:occursIn>
    <p0826-teimww:text knoraType="richtext_value">Oh Life, thou Nothings younger Brother!&lt;br&gt;
So like, that one might take One for the other!&lt;br&gt;
What's Some Body, or No Body?&lt;br&gt;
In all the Cobwebs of the Schoolmens trade,&lt;br&gt;
We no such nice Distinction woven see,&lt;br&gt;
As 'tis &lt;span class="quote"&gt;To be, or Not to Be.&lt;br&gt;
Dream of &lt;span class="quote"&gt;a Shadow! &lt;/span&gt;a Reflection made&lt;br&gt;
From the false glories of the gay reflected Bow &lt;/span&gt;[...].</p0826-teimww:text>
  </p0826-teimww:passage>
  <p0826-teimww:passage id="ww_7f84cf67ce4e0ac9">
    <knoraXmlImport:label>passage label</knoraXmlImport:label>
    <p0826-teimww:occursIn>
      <p0826-teimww:book knoraType="link_value" linkType="ref" target="ww_3e15ab6c612eadae"/>
    </p0826-teimww:occursIn>
  </p0826-teimww:passage>
  <p0826-teimww:passage id="ww_82c04e5305d30c11">
    <knoraXmlImport:label>passage label</knoraXmlImport:label>
    <p0826-teimww:occursIn>
      <p0826-teimww:book knoraType="link_value" linkType="ref" target="ww_7a83ff41ea7ade4f"/>
    </p0826-teimww:occursIn>
    <p0826-teimww:text knoraType="richtext_value">The Silver &lt;i&gt;Moon&lt;/i&gt; with terrour paler grew,&lt;br&gt;
And neighbring &lt;i&gt;Hermon&lt;/i&gt; sweated slowly dew; &lt;br&gt;
&lt;span class="quote"&gt;Swift &lt;i&gt;Jordan&lt;/i&gt; started, and straight backward fled,&lt;br&gt;
Hiding among thick reeds his aged head &lt;/span&gt;[...].</p0826-teimww:text>
  </p0826-teimww:passage>
  <p0826-teimww:passage id="ww_f63c3da6d9ce3324">
    <knoraXmlImport:label>passage label</knoraXmlImport:label>
    <p0826-teimww:occursIn>
      <p0826-teimww:book knoraType="link_value" linkType="ref" target="ww_322f738c006a31d2"/>
    </p0826-teimww:occursIn>
    <p0826-teimww:text knoraType="richtext_value">I would sin oft, and &lt;span class="quote"&gt;on my guilty brow&lt;br&gt;
Wear every misperfection&lt;/span&gt; that I ow&lt;br&gt;
Open and visible [...].</p0826-teimww:text>
  </p0826-teimww:passage>
  <p0826-teimww:passage id="ww_f90474bbfe4676dc">
    <knoraXmlImport:label>passage label</knoraXmlImport:label>
    <p0826-teimww:occursIn>
      <p0826-teimww:book knoraType="link_value" linkType="ref" target="ww_a712f959230131ce"/>
    </p0826-teimww:occursIn>
  </p0826-teimww:passage>
  <p0826-teimww:passage id="ww_45d37dc83852b9a5">
    <knoraXmlImport:label>passage label</knoraXmlImport:label>
    <p0826-teimww:occursIn>
      <p0826-teimww:book knoraType="link_value" linkType="ref" target="ww_c42b80eb2111c736"/>
    </p0826-teimww:occursIn>
    <p0826-teimww:text knoraType="richtext_value">Think of those (b) Worthies that sayled through such &lt;span class="quote"&gt;a Sea of troubles &lt;/span&gt;for Christ, not accepting deliverance. Think of those blessed Martyrs, that Sung in prison, embraced the fagots, kissed the stake, and triumphantly clapt their hands in the midst of devouring flames.</p0826-teimww:text>
  </p0826-teimww:passage>
  <p0826-teimww:passage id="ww_3000be43b7744de3">
    <knoraXmlImport:label>passage label</knoraXmlImport:label>
    <p0826-teimww:occursIn>
      <p0826-teimww:book knoraType="link_value" linkType="ref" target="ww_c8f5dee9c32a4636"/>
    </p0826-teimww:occursIn>
  </p0826-teimww:passage>
  <p0826-teimww:passage id="ww_91f2ad9d6147848b">
    <knoraXmlImport:label>passage label</knoraXmlImport:label>
    <p0826-teimww:occursIn>
      <p0826-teimww:book knoraType="link_value" linkType="ref" target="ww_e84d1c1d6154142c"/>
    </p0826-teimww:occursIn>
    <p0826-teimww:text knoraType="richtext_value">A holy Silence will give a man such a quiet possession of his own soul, that all the storms of afflictions shall not move him, it will make him stand like a Rock in &lt;span class="quote"&gt;a Sea of Troubles &lt;/span&gt;[...].</p0826-teimww:text>
  </p0826-teimww:passage>
  <p0826-teimww:passage id="ww_257bd010de4d8515">
    <knoraXmlImport:label>passage label</knoraXmlImport:label>
    <p0826-teimww:occursIn>
      <p0826-teimww:book knoraType="link_value" linkType="ref" target="ww_d1faedb423154f39"/>
    </p0826-teimww:occursIn>
  </p0826-teimww:passage>
  <p0826-teimww:passage id="ww_54f6509c6cc10ff5">
    <knoraXmlImport:label>passage label</knoraXmlImport:label>
    <p0826-teimww:occursIn>
      <p0826-teimww:book knoraType="link_value" linkType="ref" target="ww_f206840240092837"/>
    </p0826-teimww:occursIn>
    <p0826-teimww:text knoraType="richtext_value">3. Let death come when it will, it can do you no harm; for it will be but only a passage out of a prison - into a palace; out of &lt;span class="quote"&gt;a sea of troubles &lt;/span&gt;- into a haven of rest; out of a crowd of enemies - into an innumerable company of true, loving, and faithful friends; out of shame, reproach, and contempt - into exceeding great and eternal glory!</p0826-teimww:text>
  </p0826-teimww:passage>
  <p0826-teimww:passage id="ww_c7bb700521cf1200">
    <knoraXmlImport:label>passage label</knoraXmlImport:label>
    <p0826-teimww:occursIn>
      <p0826-teimww:book knoraType="link_value" linkType="ref" target="ww_d1faedb423154f39"/>
    </p0826-teimww:occursIn>
  </p0826-teimww:passage>
  <p0826-teimww:passage id="ww_f1c08d6b6c8b42ec">
    <knoraXmlImport:label>passage label</knoraXmlImport:label>
    <p0826-teimww:occursIn>
      <p0826-teimww:book knoraType="link_value" linkType="ref" target="ww_fcbf4ca569f9c213"/>
    </p0826-teimww:occursIn>
    <p0826-teimww:text knoraType="richtext_value">&lt;span class="quote"&gt;Why am I mockt with death, and length'nd out &lt;br&gt;
To deathless pain? how gladly would I meet &lt;br&gt;
Mortalitie my sentence&lt;/span&gt;, and be Earth &lt;br&gt;
Insensible, how glad would lay me down &lt;br&gt;
As in my Mothers lap! there I should rest &lt;br&gt;
And sleep secure; his dreadful voice no more &lt;br&gt;
Would Thunder in my ears, no fear of worse &lt;br&gt;
To mee and to my ofspring would torment me &lt;br&gt;
With cruel expectation. Yet one doubt &lt;br&gt;
Pursues me still, least all I cannot die, &lt;br&gt;
Least that pure breath of Life, the Spirit of Man &lt;br&gt;
Which God inspir'd, cannot together perish &lt;br&gt;
With this corporeal Clod; then in the Grave, &lt;br&gt;
Or in some other dismal place, who knows &lt;br&gt;
&lt;span class="quote"&gt;But I shall die a living Death?&lt;/span&gt;</p0826-teimww:text>
  </p0826-teimww:passage>
  <p0826-teimww:passage id="ww_dd1d7994395d57d0">
    <knoraXmlImport:label>passage label</knoraXmlImport:label>
    <p0826-teimww:occursIn>
      <p0826-teimww:book knoraType="link_value" linkType="ref" target="ww_4899784ecc7f3845"/>
    </p0826-teimww:occursIn>
  </p0826-teimww:passage>
  <p0826-teimww:passage id="ww_029111a4d36d416d">
    <knoraXmlImport:label>passage label</knoraXmlImport:label>
    <p0826-teimww:occursIn>
      <p0826-teimww:book knoraType="link_value" linkType="ref" target="ww_97132fccae612c76"/>
    </p0826-teimww:occursIn>
    <p0826-teimww:text knoraType="richtext_value">These are to let you understand and know, &lt;br&gt;
&lt;span class="quote"&gt;That love will creepe there where it cannot go.&lt;/span&gt;</p0826-teimww:text>
  </p0826-teimww:passage>
  <p0826-teimww:passage id="ww_bb41d756f34fdba5">
    <knoraXmlImport:label>passage label</knoraXmlImport:label>
    <p0826-teimww:occursIn>
      <p0826-teimww:book knoraType="link_value" linkType="ref" target="ww_de8b536374e2d437"/>
    </p0826-teimww:occursIn>
    <p0826-teimww:text knoraType="richtext_value">Now she steeps&lt;br&gt;
Her down in tears, a floud of sorrow weeps&lt;br&gt;
Of power (if penitent) to expiate&lt;br&gt;
Youths vigorous sins, but all her mourning sate&lt;br&gt;
Beneath a darker Vayle then that which shades&lt;br&gt;
Repentant grief, since sinne but wisht invades&lt;br&gt;
The soul with that which leads to horror, when&lt;br&gt;
Grief for sins past bring into light agen&lt;br&gt;
One through &lt;span class="quote"&gt;a sea of trouble &lt;/span&gt;leads the way&lt;br&gt;
To a safe Harbour, th'other casts away&lt;br&gt;
Poor ship-wrackt Mortals, when by deaths swift stroak&lt;br&gt;
Lifes feeble hold is from hopes anchor broke.</p0826-teimww:text>
  </p0826-teimww:passage>
  <p0826-teimww:passage id="ww_f05995d29d5ce93a">
    <knoraXmlImport:label>passage label</knoraXmlImport:label>
    <p0826-teimww:occursIn>
      <p0826-teimww:book knoraType="link_value" linkType="ref" target="ww_3e15ab6c612eadae"/>
    </p0826-teimww:occursIn>
  </p0826-teimww:passage>
  <p0826-teimww:passage id="ww_1abe3df6d07e97bd">
    <knoraXmlImport:label>passage label</knoraXmlImport:label>
    <p0826-teimww:occursIn>
      <p0826-teimww:book knoraType="link_value" linkType="ref" target="ww_cf3570b2708cc102"/>
    </p0826-teimww:occursIn>
    <p0826-teimww:text knoraType="richtext_value">The Players have &lt;span class="quote"&gt;a Play, where they bring in a Tinker, and make him believe himself a Lord, and when they have satisfied their humour, they made him a plain Tinker again; &lt;/span&gt;Gentlemen, but that this was a great while ago, I should have thought this Play had been made of me; for if ever two cases were alike, 'tis the Tinker's and mine.</p0826-teimww:text>
  </p0826-teimww:passage>
  <p0826-teimww:passage id="ww_b5348d48fc5b52ad">
    <knoraXmlImport:label>passage label</knoraXmlImport:label>
    <p0826-teimww:occursIn>
      <p0826-teimww:book knoraType="link_value" linkType="ref" target="ww_d57fe99db4adc1d0"/>
    </p0826-teimww:occursIn>
  </p0826-teimww:passage>
  <p0826-teimww:passage id="ww_df0435ecd75c099a">
    <knoraXmlImport:label>passage label</knoraXmlImport:label>
    <p0826-teimww:occursIn>
      <p0826-teimww:book knoraType="link_value" linkType="ref" target="ww_9f935384b4d905d4"/>
    </p0826-teimww:occursIn>
    <p0826-teimww:text knoraType="richtext_value">&lt;span class="quote"&gt;The Grave-Makers. &lt;br&gt;
ARGUMENT. &lt;i&gt;While, he is making the Grave, for a Lady that drown'd her selfe,&lt;/i&gt; Hamlet &lt;i&gt;and his friend interrupt him with several Questions.&lt;/i&gt;
ACTORS NAMES. &lt;i&gt;Grave-maker, and his Man, Hamlet, and his Friend.&lt;/i&gt;&lt;/span&gt;</p0826-teimww:text>
  </p0826-teimww:passage>
  <p0826-teimww:passage id="ww_4bef61d95d99ead5">
    <knoraXmlImport:label>passage label</knoraXmlImport:label>
    <p0826-teimww:occursIn>
      <p0826-teimww:book knoraType="link_value" linkType="ref" target="ww_8cdaec1672ea3f81"/>
    </p0826-teimww:occursIn>
  </p0826-teimww:passage>
  <p0826-teimww:passage id="ww_72c10c374b0f2f61">
    <knoraXmlImport:label>passage label</knoraXmlImport:label>
    <p0826-teimww:occursIn>
      <p0826-teimww:book knoraType="link_value" linkType="ref" target="ww_42b80558396b524c"/>
    </p0826-teimww:occursIn>
    <p0826-teimww:text knoraType="richtext_value">Welcome bright Starre, the prodrome of the day,&lt;br&gt;
With whom the Sun of glory shall display&lt;br&gt;
His golden banners, and restore the Light&lt;br&gt;
Of truth eclipst by an erroneous night:&lt;br&gt;
He liv'd in exile long, and Flanders then&lt;br&gt;
Was th' Eagles neast, or the true Lions den:&lt;br&gt;
He past &lt;span class="quote"&gt;a Sea of troubles; &lt;/span&gt;and each wave&lt;br&gt;
Of grief he flatted with a soul more brave.</p0826-teimww:text>
  </p0826-teimww:passage>
  <p0826-teimww:passage id="ww_3eb4c70f0887b0c5">
    <knoraXmlImport:label>passage label</knoraXmlImport:label>
    <p0826-teimww:occursIn>
      <p0826-teimww:book knoraType="link_value" linkType="ref" target="ww_3e15ab6c612eadae"/>
    </p0826-teimww:occursIn>
  </p0826-teimww:passage>
  <p0826-teimww:passage id="ww_e9366e76652a16fb">
    <knoraXmlImport:label>passage label</knoraXmlImport:label>
    <p0826-teimww:occursIn>
      <p0826-teimww:book knoraType="link_value" linkType="ref" target="ww_0a21b881126b70a2"/>
    </p0826-teimww:occursIn>
    <p0826-teimww:text knoraType="richtext_value">But thou must put me to the &lt;i&gt;purchase&lt;/i&gt;&lt;br&gt;
Of such a &lt;i&gt;pipe,&lt;/i&gt; which used in &lt;i&gt;Churches,&lt;/i&gt;&lt;br&gt;
Hath brought to &lt;i&gt;pulpit, Roger Korum&lt;/i&gt;,&lt;br&gt;
(As Bumpkin swears) who long before um &lt;br&gt;
Knew not &lt;i&gt;&lt;span class="quote"&gt;(Jack Falstaff-wise)&lt;/span&gt;&lt;/i&gt; since ever born &lt;br&gt;
Church inside more, than does a &lt;span class="quote"&gt;&lt;i&gt;peppercorn&lt;/i&gt;.</p0826-teimww:text>
  </p0826-teimww:passage>
  <p0826-teimww:passage id="ww_9c25e2d0dea7459d">
    <knoraXmlImport:label>passage label</knoraXmlImport:label>
    <p0826-teimww:occursIn>
      <p0826-teimww:book knoraType="link_value" linkType="ref" target="ww_53feab5ba0c6e832"/>
    </p0826-teimww:occursIn>
    <p0826-teimww:text knoraType="richtext_value">But that since it was a dream and that I took so much real pleasure in it, what a happy thing it would be, &lt;span class="quote"&gt;if when we are in our graves &lt;/span&gt;(as Shakespeere resembles it), &lt;span class="quote"&gt;we could dream, and dream but such dreams as this &lt;/span&gt; - that then we should not need to be so fearful of death as we are this plaguetime.</p0826-teimww:text>
  </p0826-teimww:passage>
  <p0826-teimww:passage id="ww_afc23b387b8244a4">
    <knoraXmlImport:label>passage label</knoraXmlImport:label>
    <p0826-teimww:occursIn>
      <p0826-teimww:book knoraType="link_value" linkType="ref" target="ww_8cdaec1672ea3f81"/>
    </p0826-teimww:occursIn>
  </p0826-teimww:passage>
  <p0826-teimww:passage id="ww_2f77bed58b1eb0ee">
    <knoraXmlImport:label>passage label</knoraXmlImport:label>
    <p0826-teimww:occursIn>
      <p0826-teimww:book knoraType="link_value" linkType="ref" target="ww_ec27b2270cfe4c10"/>
    </p0826-teimww:occursIn>
  </p0826-teimww:passage>
  <p0826-teimww:passage id="ww_6d513aa5c9d0f211">
    <knoraXmlImport:label>passage label</knoraXmlImport:label>
    <p0826-teimww:occursIn>
      <p0826-teimww:book knoraType="link_value" linkType="ref" target="ww_e5c5130f309e279d"/>
    </p0826-teimww:occursIn>
  </p0826-teimww:passage>
  <p0826-teimww:passage id="ww_2c31bd23f3c61479">
    <knoraXmlImport:label>passage label</knoraXmlImport:label>
    <p0826-teimww:occursIn>
      <p0826-teimww:book knoraType="link_value" linkType="ref" target="ww_db2d9b4ec38dee80"/>
    </p0826-teimww:occursIn>
    <p0826-teimww:text knoraType="richtext_value">I withdrew as soon as I had delivered my Paper, giving her leave to read in private, what my Love had dictated. About a quarter of an hour after she called me to her, assuring me in a day or two, I should receive &lt;span class="quote"&gt;an answer to the purpose; &lt;/span&gt;and so absconding her displeasure, she sent me with all expedition home again. </p0826-teimww:text>
  </p0826-teimww:passage>
  <p0826-teimww:passage id="ww_af24574002f0ca05">
    <knoraXmlImport:label>passage label</knoraXmlImport:label>
    <p0826-teimww:occursIn>
      <p0826-teimww:book knoraType="link_value" linkType="ref" target="ww_fcbf4ca569f9c213"/>
    </p0826-teimww:occursIn>
    <p0826-teimww:text knoraType="richtext_value">As when &lt;span class="quote"&gt;the Sun new ris'n &lt;br&gt;
Looks through the Horizontal misty Air&lt;/span&gt;, &lt;br&gt;
Shorn of his Beams; or from behind the Moon &lt;br&gt;
In dim Eclips disastrous twilight sheds &lt;br&gt;
On half the Nations, and with fear of change &lt;br&gt;
Perplexes Monarchs.</p0826-teimww:text>
  </p0826-teimww:passage>
  <p0826-teimww:passage id="ww_613a11059abda514">
    <knoraXmlImport:label>passage label</knoraXmlImport:label>
    <p0826-teimww:occursIn>
      <p0826-teimww:book knoraType="link_value" linkType="ref" target="ww_4899784ecc7f3845"/>
    </p0826-teimww:occursIn>
  </p0826-teimww:passage>
  <p0826-teimww:passage id="ww_3eeba69e112a494c">
    <knoraXmlImport:label>passage label</knoraXmlImport:label>
    <p0826-teimww:occursIn>
      <p0826-teimww:book knoraType="link_value" linkType="ref" target="ww_fcbf4ca569f9c213"/>
    </p0826-teimww:occursIn>
    <p0826-teimww:text knoraType="richtext_value">So saying, her rash hand in evil hour &lt;br&gt;
Forth reaching to the Fruit, she pluckd, she eat: &lt;br&gt;
&lt;span class="quote"&gt;Earth felt the wound, and Nature from her seat &lt;br&gt;
Sighing through all her Works gave signs of woe&lt;/span&gt;, &lt;br&gt;
That all was lost.</p0826-teimww:text>
  </p0826-teimww:passage>
  <p0826-teimww:passage id="ww_d52382f1a8cd9a06">
    <knoraXmlImport:label>passage label</knoraXmlImport:label>
    <p0826-teimww:occursIn>
      <p0826-teimww:book knoraType="link_value" linkType="ref" target="ww_4899784ecc7f3845"/>
    </p0826-teimww:occursIn>
  </p0826-teimww:passage>
  <p0826-teimww:passage id="ww_cae4063a5b5f20c4">
    <knoraXmlImport:label>passage label</knoraXmlImport:label>
    <p0826-teimww:occursIn>
      <p0826-teimww:book knoraType="link_value" linkType="ref" target="ww_fcbf4ca569f9c213"/>
    </p0826-teimww:occursIn>
    <p0826-teimww:text knoraType="richtext_value">[Satan:] "[...] Thou wouldst thy self, no doubt, &lt;br&gt;
And boldly venture to whatever place &lt;br&gt;
Fardest from pain, where thou mightst hope to change &lt;br&gt;
Torment with ease, and soonest recompence &lt;br&gt;
&lt;span class="quote"&gt;Dole with delight&lt;/span&gt;, which in this place I sought; &lt;br&gt;
To thee no reason; who knowst onely good, &lt;br&gt;
But evil hast not tri'd: [...]"</p0826-teimww:text>
  </p0826-teimww:passage>
  <p0826-teimww:passage id="ww_64db3ffe46678f98">
    <knoraXmlImport:label>passage label</knoraXmlImport:label>
    <p0826-teimww:occursIn>
      <p0826-teimww:book knoraType="link_value" linkType="ref" target="ww_4899784ecc7f3845"/>
    </p0826-teimww:occursIn>
  </p0826-teimww:passage>
  <p0826-teimww:passage id="ww_ccba3181c4907e13">
    <knoraXmlImport:label>passage label</knoraXmlImport:label>
    <p0826-teimww:occursIn>
      <p0826-teimww:book knoraType="link_value" linkType="ref" target="ww_fcbf4ca569f9c213"/>
    </p0826-teimww:occursIn>
    <p0826-teimww:text knoraType="richtext_value">So spake the Enemie of Mankind, enclos'd &lt;br&gt;
In Serpent, Inmate bad, and toward &lt;i&gt;Eve&lt;/i&gt; &lt;br&gt;
Addressd his way, not with indented wave, &lt;br&gt;
Prone on the ground, as since, but on his reare, &lt;br&gt;
Circular base of rising foulds, that tour'd &lt;br&gt;
Fould above fould a surging Maze, his Head &lt;br&gt;
Crested aloft, and &lt;span class="quote"&gt;Carbuncle his Eyes&lt;/span&gt;; &lt;br&gt;
With burnisht Neck of verdant Gold, erect &lt;br&gt;
Amidst his circling Spires, that on the grass &lt;br&gt;
Floted redundant: [...].</p0826-teimww:text>
  </p0826-teimww:passage>
  <p0826-teimww:passage id="ww_4424ca08769a3939">
    <knoraXmlImport:label>passage label</knoraXmlImport:label>
    <p0826-teimww:occursIn>
      <p0826-teimww:book knoraType="link_value" linkType="ref" target="ww_4899784ecc7f3845"/>
    </p0826-teimww:occursIn>
  </p0826-teimww:passage>
  <p0826-teimww:passage id="ww_d403cf9ad02475d3">
    <knoraXmlImport:label>passage label</knoraXmlImport:label>
    <p0826-teimww:occursIn>
      <p0826-teimww:book knoraType="link_value" linkType="ref" target="ww_fcbf4ca569f9c213"/>
    </p0826-teimww:occursIn>
    <p0826-teimww:text knoraType="richtext_value">[Michael:] "[...] His Cattel must of Rot and Murren die, &lt;br&gt;
Botches and blaines must all his flesh imboss, &lt;br&gt;
And all his people; &lt;span class="quote"&gt;Thunder&lt;/span&gt; mixt with Haile, &lt;br&gt;
Haile mixt with fire &lt;span class="quote"&gt;must rend th' &lt;i&gt;Egyptian&lt;/i&gt; Skie&lt;/span&gt; &lt;br&gt;
And wheel on th' Earth, devouring where it rouls; &lt;br&gt;
What it devours not, Herb, or Fruit, or Graine, &lt;br&gt;
A darksom Cloud of Locusts swarming down &lt;br&gt;
Must eat, and on the ground leave nothing green: [...]."</p0826-teimww:text>
  </p0826-teimww:passage>
  <p0826-teimww:passage id="ww_c8dfbe1b05121c55">
    <knoraXmlImport:label>passage label</knoraXmlImport:label>
    <p0826-teimww:occursIn>
      <p0826-teimww:book knoraType="link_value" linkType="ref" target="ww_fcbf4ca569f9c213"/>
    </p0826-teimww:occursIn>
    <p0826-teimww:text knoraType="richtext_value">To Heav'n &lt;span class="quote"&gt;their prayers &lt;br&gt;
Flew up&lt;/span&gt;, nor missed the way, by envious windes &lt;br&gt;
Blow'n vagabond or frustrate: in they passd &lt;br&gt;
Dimentionless through Heav'nly dores [...]. </p0826-teimww:text>
  </p0826-teimww:passage>
  <p0826-teimww:passage id="ww_6689c3490ecad0e3">
    <knoraXmlImport:label>passage label</knoraXmlImport:label>
    <p0826-teimww:occursIn>
      <p0826-teimww:book knoraType="link_value" linkType="ref" target="ww_fcbf4ca569f9c213"/>
    </p0826-teimww:occursIn>
    <p0826-teimww:text knoraType="richtext_value">[Moloch:] "[...] [W]hat can be worse &lt;br&gt;
Then to dwell here, driv'n out from bliss, condemn'd &lt;br&gt;
In this abhorred Deep to utter woe; &lt;br&gt;
Where pain of unextinguishable fire &lt;br&gt;
Must exercise us without hope of end &lt;br&gt;
The Vassals of his anger, when the Scourge &lt;br&gt;
Inexorably, and the &lt;span class="quote"&gt;torturing hour&lt;br&gt;
Calls us to Penance? &lt;/span&gt; [...]"</p0826-teimww:text>
  </p0826-teimww:passage>
  <p0826-teimww:passage id="ww_36964dbbe9cc5ad3">
    <knoraXmlImport:label>passage label</knoraXmlImport:label>
    <p0826-teimww:occursIn>
      <p0826-teimww:book knoraType="link_value" linkType="ref" target="ww_4899784ecc7f3845"/>
    </p0826-teimww:occursIn>
  </p0826-teimww:passage>
  <p0826-teimww:passage id="ww_ded3599e6d832982">
    <knoraXmlImport:label>passage label</knoraXmlImport:label>
    <p0826-teimww:occursIn>
      <p0826-teimww:book knoraType="link_value" linkType="ref" target="ww_fcbf4ca569f9c213"/>
    </p0826-teimww:occursIn>
    <p0826-teimww:text knoraType="richtext_value">Yet soon he heald; &lt;span class="quote"&gt;Spirits&lt;/span&gt; that live throughout &lt;br&gt;
Vital in every part, not as frail Man &lt;br&gt;
In Entrailes, Heart or Head, Liver or Reines, &lt;br&gt;
Cannot but by annihilating die; &lt;br&gt;
&lt;span class="quote"&gt;Nor in thir liquid texture mortal wound &lt;br&gt;
Receive&lt;/span&gt;, no more then can the fluid Aire: [...].</p0826-teimww:text>
  </p0826-teimww:passage>
  <p0826-teimww:passage id="ww_4c7fe5cf58124349">
    <knoraXmlImport:label>passage label</knoraXmlImport:label>
    <p0826-teimww:occursIn>
      <p0826-teimww:book knoraType="link_value" linkType="ref" target="ww_4899784ecc7f3845"/>
    </p0826-teimww:occursIn>
  </p0826-teimww:passage>
  <p0826-teimww:passage id="ww_a78a6c96f6df6b60">
    <knoraXmlImport:label>passage label</knoraXmlImport:label>
    <p0826-teimww:occursIn>
      <p0826-teimww:book knoraType="link_value" linkType="ref" target="ww_fcbf4ca569f9c213"/>
    </p0826-teimww:occursIn>
    <p0826-teimww:text knoraType="richtext_value">Which when &lt;i&gt;Bëëlzebub&lt;/i&gt; perceiv'd, then whom, &lt;br&gt;
&lt;i&gt;Satan&lt;/i&gt; except, none higher sat, with grave &lt;br&gt;
Aspect he rose, and in his rising seemd &lt;br&gt;
A Pillar of State; &lt;span class="quote"&gt;deep on his Front engraven &lt;br&gt;
Deliberation sat&lt;/span&gt; and publick care; &lt;br&gt;
And Princely counsel in his face yet shon, &lt;br&gt;
Majestick though in ruin: [...].</p0826-teimww:text>
  </p0826-teimww:passage>
  <p0826-teimww:passage id="ww_4d0d0fd7ee88a983">
    <knoraXmlImport:label>passage label</knoraXmlImport:label>
    <p0826-teimww:occursIn>
      <p0826-teimww:book knoraType="link_value" linkType="ref" target="ww_4899784ecc7f3845"/>
    </p0826-teimww:occursIn>
  </p0826-teimww:passage>
  <p0826-teimww:passage id="ww_e06d609a962b4f3c">
    <knoraXmlImport:label>passage label</knoraXmlImport:label>
    <p0826-teimww:occursIn>
      <p0826-teimww:book knoraType="link_value" linkType="ref" target="ww_fcbf4ca569f9c213"/>
    </p0826-teimww:occursIn>
    <p0826-teimww:text knoraType="richtext_value">[T]hese were from without &lt;br&gt;
The growing miseries, which &lt;i&gt;Adam&lt;/i&gt; saw &lt;br&gt;
Alreadie in part, though hid in gloomiest shade, &lt;br&gt;
To sorrow abandond, but worse felt within, &lt;br&gt;
And in &lt;span class="quote"&gt;a troubl'd Sea of passion&lt;/span&gt; tost, &lt;br&gt;
Thus to disburden sought with sad complaint.</p0826-teimww:text>
  </p0826-teimww:passage>
  <p0826-teimww:passage id="ww_6f4ebd4790cced38">
    <knoraXmlImport:label>passage label</knoraXmlImport:label>
    <p0826-teimww:occursIn>
      <p0826-teimww:book knoraType="link_value" linkType="ref" target="ww_4899784ecc7f3845"/>
    </p0826-teimww:occursIn>
  </p0826-teimww:passage>
  <p0826-teimww:passage id="ww_5c256c76ccd6dfc3">
    <knoraXmlImport:label>passage label</knoraXmlImport:label>
    <p0826-teimww:occursIn>
      <p0826-teimww:book knoraType="link_value" linkType="ref" target="ww_fcbf4ca569f9c213"/>
    </p0826-teimww:occursIn>
    <p0826-teimww:text knoraType="richtext_value">[Belial:] "[...] [W]hile wee perhaps &lt;br&gt;
Designing or exhorting glorious Warr, &lt;br&gt;
Caught in a fierie Tempest, shall be hurld &lt;br&gt;
Each on his rock transfixt, the sport and prey &lt;br&gt;
Or racking whirlwinds, or for ever sunk &lt;br&gt;
Under yon boiling Ocean, wrapt in Chains; &lt;br&gt;
There to converse with everlasting groans, &lt;br&gt;
&lt;span class="quote"&gt;Unrespited, unpitied, unrepreevd&lt;/span&gt;, &lt;br&gt;
Ages of hopeless end; this would be worse. [...]"</p0826-teimww:text>
  </p0826-teimww:passage>
  <p0826-teimww:passage id="ww_06893788dfdbf5b0">
    <knoraXmlImport:label>passage label</knoraXmlImport:label>
    <p0826-teimww:occursIn>
      <p0826-teimww:book knoraType="link_value" linkType="ref" target="ww_c8ba21232e68b85f"/>
    </p0826-teimww:occursIn>
  </p0826-teimww:passage>
  <p0826-teimww:passage id="ww_8d243190fdba00d9">
    <knoraXmlImport:label>passage label</knoraXmlImport:label>
    <p0826-teimww:occursIn>
      <p0826-teimww:book knoraType="link_value" linkType="ref" target="ww_fcbf4ca569f9c213"/>
    </p0826-teimww:occursIn>
    <p0826-teimww:text knoraType="richtext_value">[Adam:] "[...] But say &lt;br&gt;
That Death be not one stroke, as I suppos'd, &lt;br&gt;
Bereaving sense, but endless misery &lt;br&gt;
From this day onward, which I feel begun &lt;br&gt;
Both in me, and without me, and so last &lt;br&gt;
To perpetuitie; &lt;span class="quote"&gt;Ay me, that fear &lt;br&gt;
Comes thundring back with dreadful revolution &lt;br&gt;
On my defensless head&lt;/span&gt;; both Death and I  &lt;br&gt;
Am found Eternal, and incorporate both, &lt;br&gt;
Nor I on my part single, in me all  &lt;br&gt;
Posteritie stands curst[.] [...]"</p0826-teimww:text>
  </p0826-teimww:passage>
  <p0826-teimww:passage id="ww_98cdbbf163081327">
    <knoraXmlImport:label>passage label</knoraXmlImport:label>
    <p0826-teimww:occursIn>
      <p0826-teimww:book knoraType="link_value" linkType="ref" target="ww_4899784ecc7f3845"/>
    </p0826-teimww:occursIn>
  </p0826-teimww:passage>
  <p0826-teimww:passage id="ww_2b719dc1be4c417d">
    <knoraXmlImport:label>passage label</knoraXmlImport:label>
    <p0826-teimww:occursIn>
      <p0826-teimww:book knoraType="link_value" linkType="ref" target="ww_a5f16976f0185875"/>
    </p0826-teimww:occursIn>
  </p0826-teimww:passage>
  <p0826-teimww:passage id="ww_30cb590d07075458">
    <knoraXmlImport:label>passage label</knoraXmlImport:label>
    <p0826-teimww:occursIn>
      <p0826-teimww:book knoraType="link_value" linkType="ref" target="ww_fcbf4ca569f9c213"/>
    </p0826-teimww:occursIn>
    <p0826-teimww:text knoraType="richtext_value">As varnish on &lt;span class="quote"&gt;a harlot's cheek&lt;/span&gt; [...].</p0826-teimww:text>
  </p0826-teimww:passage>
  <p0826-teimww:passage id="ww_b4633b07c5882f48">
    <knoraXmlImport:label>passage label</knoraXmlImport:label>
    <p0826-teimww:occursIn>
      <p0826-teimww:book knoraType="link_value" linkType="ref" target="ww_c8ba21232e68b85f"/>
    </p0826-teimww:occursIn>
  </p0826-teimww:passage>
  <p0826-teimww:passage id="ww_370fa5e7386e32de">
    <knoraXmlImport:label>passage label</knoraXmlImport:label>
    <p0826-teimww:occursIn>
      <p0826-teimww:book knoraType="link_value" linkType="ref" target="ww_783438423dcf8af6"/>
    </p0826-teimww:occursIn>
    <p0826-teimww:text knoraType="richtext_value">[...] &lt;span class="quote"&gt;with curious eye perus'd him&lt;/span&gt; [...].</p0826-teimww:text>
  </p0826-teimww:passage>
  <p0826-teimww:passage id="ww_15316a429a49f8a9">
    <knoraXmlImport:label>passage label</knoraXmlImport:label>
    <p0826-teimww:occursIn>
      <p0826-teimww:book knoraType="link_value" linkType="ref" target="ww_c8ba21232e68b85f"/>
    </p0826-teimww:occursIn>
  </p0826-teimww:passage>
  <p0826-teimww:passage id="ww_15720f92d0b3b402">
    <knoraXmlImport:label>passage label</knoraXmlImport:label>
    <p0826-teimww:occursIn>
      <p0826-teimww:book knoraType="link_value" linkType="ref" target="ww_783438423dcf8af6"/>
    </p0826-teimww:occursIn>
    <p0826-teimww:text knoraType="richtext_value">[Son of God:] "[...] Should I of these the liberty regard, &lt;br&gt;
Who freed, as to thir ancient Patrimony, &lt;br&gt;
&lt;span class="quote"&gt;Unhumbl'd, unrepentant, unreformd&lt;/span&gt;, &lt;br&gt;
Headlong would follow; and to thir Gods perhaps &lt;br&gt;
Of &lt;i&gt;Bethel&lt;/i&gt; and of &lt;i&gt;Dan&lt;/i&gt;? no, let them serve &lt;br&gt;
Thir enemies, who serve Idols with God. [...]"</p0826-teimww:text>
  </p0826-teimww:passage>
  <p0826-teimww:passage id="ww_254e433a34f02665">
    <knoraXmlImport:label>passage label</knoraXmlImport:label>
    <p0826-teimww:occursIn>
      <p0826-teimww:book knoraType="link_value" linkType="ref" target="ww_c8ba21232e68b85f"/>
    </p0826-teimww:occursIn>
  </p0826-teimww:passage>
  <p0826-teimww:passage id="ww_7a937755f2025fba">
    <knoraXmlImport:label>passage label</knoraXmlImport:label>
    <p0826-teimww:occursIn>
      <p0826-teimww:book knoraType="link_value" linkType="ref" target="ww_783438423dcf8af6"/>
    </p0826-teimww:occursIn>
    <p0826-teimww:text knoraType="richtext_value">[Son of God:] "[...] I can at will, doubt not, as soon as thou,&lt;br&gt;
Command a Table in this Wilderness,&lt;br&gt;
And call &lt;span class="quote"&gt;swift flights of Angels&lt;/span&gt; ministrant&lt;br&gt;
Arrayd in Glory on my cup to attend:&lt;br&gt;
Why shouldst thou then obtrude this diligence,&lt;br&gt;
In vain, where no acceptance it can find? [...]"</p0826-teimww:text>
  </p0826-teimww:passage>
  <p0826-teimww:passage id="ww_63d48ffe88aef10a">
    <knoraXmlImport:label>passage label</knoraXmlImport:label>
    <p0826-teimww:occursIn>
      <p0826-teimww:book knoraType="link_value" linkType="ref" target="ww_c8ba21232e68b85f"/>
    </p0826-teimww:occursIn>
  </p0826-teimww:passage>
  <p0826-teimww:passage id="ww_384ad6a62a93c0c6">
    <knoraXmlImport:label>passage label</knoraXmlImport:label>
    <p0826-teimww:occursIn>
      <p0826-teimww:book knoraType="link_value" linkType="ref" target="ww_8070f7d819e7ec2c"/>
    </p0826-teimww:occursIn>
    <p0826-teimww:text knoraType="richtext_value">[Harapha:] "Thou durst not thus disparage glorious arms &lt;br&gt;
Which greatest Heroes have in battel worn, &lt;br&gt;
Thir ornament and safety, had not spells &lt;br&gt;
And black enchantments, some Magicians Art &lt;br&gt;
Armd thee or charmed thee strong, which thou from Heaven &lt;br&gt;
Feigndst at thy birth was giv'n thee in thy hair, &lt;br&gt;
Where strength can least abide, though all thy &lt;span class="quote"&gt;hairs&lt;/span&gt; &lt;br&gt;
Were bristles rang'd like those that ridge the back &lt;br&gt;
Of chaf'd wild Boars, or &lt;span class="quote"&gt;ruffl'd Porcupines&lt;/span&gt;."</p0826-teimww:text>
  </p0826-teimww:passage>
  <p0826-teimww:passage id="ww_404101f86281f527">
    <knoraXmlImport:label>passage label</knoraXmlImport:label>
    <p0826-teimww:occursIn>
      <p0826-teimww:book knoraType="link_value" linkType="ref" target="ww_4899784ecc7f3845"/>
    </p0826-teimww:occursIn>
  </p0826-teimww:passage>
  <p0826-teimww:passage id="ww_d1c44a264c462b82">
    <knoraXmlImport:label>passage label</knoraXmlImport:label>
    <p0826-teimww:occursIn>
      <p0826-teimww:book knoraType="link_value" linkType="ref" target="ww_8070f7d819e7ec2c"/>
    </p0826-teimww:occursIn>
    <p0826-teimww:text knoraType="richtext_value">[Dalila:] "[...] To what I did thou shewdst me first the way. &lt;br&gt;
But I to enemies revealed, and should not. &lt;br&gt;
Nor shouldst thou have trusted that to &lt;span class="quote"&gt;womans frailty&lt;/span&gt;: &lt;br&gt;
Ere I to thee, thou to thyself wast cruel. [...]"</p0826-teimww:text>
  </p0826-teimww:passage>
  <p0826-teimww:passage id="ww_f0d3f57c90207d3b">
    <knoraXmlImport:label>passage label</knoraXmlImport:label>
    <p0826-teimww:occursIn>
      <p0826-teimww:book knoraType="link_value" linkType="ref" target="ww_4899784ecc7f3845"/>
    </p0826-teimww:occursIn>
  </p0826-teimww:passage>
  <p0826-teimww:passage id="ww_152dfe639be59fb9">
    <knoraXmlImport:label>passage label</knoraXmlImport:label>
    <p0826-teimww:occursIn>
      <p0826-teimww:book knoraType="link_value" linkType="ref" target="ww_4248cd9d97d4040f"/>
    </p0826-teimww:occursIn>
    <p0826-teimww:text knoraType="richtext_value">&lt;span class="quote"&gt;The Master, the Swabber, the Boatswain, and I, &lt;br&gt;
The Gunner and his Mate &lt;/span&gt;</p0826-teimww:text>
  </p0826-teimww:passage>
  <p0826-teimww:passage id="ww_20c148faf3180c9e">
    <knoraXmlImport:label>passage label</knoraXmlImport:label>
    <p0826-teimww:occursIn>
      <p0826-teimww:book knoraType="link_value" linkType="ref" target="ww_1140c36ab545b6d8"/>
    </p0826-teimww:occursIn>
  </p0826-teimww:passage>
  <p0826-teimww:passage id="ww_ae56b3c43d25238d">
    <knoraXmlImport:label>passage label</knoraXmlImport:label>
    <p0826-teimww:occursIn>
      <p0826-teimww:book knoraType="link_value" linkType="ref" target="ww_4248cd9d97d4040f"/>
    </p0826-teimww:occursIn>
    <p0826-teimww:text knoraType="richtext_value">&lt;span class="quote"&gt;Where the Bee sucks, there suck I, &lt;br&gt;
In a Cowslips Bell I lie&lt;/span&gt;</p0826-teimww:text>
  </p0826-teimww:passage>
  <p0826-teimww:passage id="ww_7638d49ef83bb781">
    <knoraXmlImport:label>passage label</knoraXmlImport:label>
    <p0826-teimww:occursIn>
      <p0826-teimww:book knoraType="link_value" linkType="ref" target="ww_4248cd9d97d4040f"/>
    </p0826-teimww:occursIn>
    <p0826-teimww:text knoraType="richtext_value">&lt;span class="quote"&gt;Who is &lt;i&gt;Silvia?&lt;/i&gt; What is she? &lt;br&gt;
That all our Swains commend her &lt;/span&gt;etc. </p0826-teimww:text>
  </p0826-teimww:passage>
  <p0826-teimww:passage id="ww_1a6b23de6d40b075">
    <knoraXmlImport:label>passage label</knoraXmlImport:label>
    <p0826-teimww:occursIn>
      <p0826-teimww:book knoraType="link_value" linkType="ref" target="ww_4248cd9d97d4040f"/>
    </p0826-teimww:occursIn>
    <p0826-teimww:text knoraType="richtext_value">&lt;span class="quote"&gt;You spotted Snakes with double tongue, &lt;br&gt;
Thorny Hedge-hogs be not seen &lt;/span&gt;etc. </p0826-teimww:text>
  </p0826-teimww:passage>
  <p0826-teimww:passage id="ww_81c6ef2d1e9238f4">
    <knoraXmlImport:label>passage label</knoraXmlImport:label>
    <p0826-teimww:occursIn>
      <p0826-teimww:book knoraType="link_value" linkType="ref" target="ww_1140c36ab545b6d8"/>
    </p0826-teimww:occursIn>
  </p0826-teimww:passage>
  <p0826-teimww:passage id="ww_520f7e1f77d072cb">
    <knoraXmlImport:label>passage label</knoraXmlImport:label>
    <p0826-teimww:occursIn>
      <p0826-teimww:book knoraType="link_value" linkType="ref" target="ww_4248cd9d97d4040f"/>
    </p0826-teimww:occursIn>
    <p0826-teimww:text knoraType="richtext_value">&lt;span class="quote"&gt;Tell me, where is Fancy bred, &lt;br&gt;
Or in the &lt;i&gt;heart,&lt;/i&gt; or in the dead? &lt;/span&gt;etc.</p0826-teimww:text>
  </p0826-teimww:passage>
  <p0826-teimww:passage id="ww_b3d09bdc784bd637">
    <knoraXmlImport:label>passage label</knoraXmlImport:label>
    <p0826-teimww:occursIn>
      <p0826-teimww:book knoraType="link_value" linkType="ref" target="ww_4248cd9d97d4040f"/>
    </p0826-teimww:occursIn>
    <p0826-teimww:text knoraType="richtext_value">&lt;span class="quote"&gt;You that chuse not by the view, &lt;br&gt;
Chance as fair, and chuse as true; &lt;/span&gt;etc. </p0826-teimww:text>
  </p0826-teimww:passage>
  <p0826-teimww:passage id="ww_07e2e34397b2280f">
    <knoraXmlImport:label>passage label</knoraXmlImport:label>
    <p0826-teimww:occursIn>
      <p0826-teimww:book knoraType="link_value" linkType="ref" target="ww_4248cd9d97d4040f"/>
    </p0826-teimww:occursIn>
    <p0826-teimww:text knoraType="richtext_value">&lt;span class="quote"&gt;Under the Green-wood tree, &lt;br&gt;
Who loves to lie with me, &lt;/span&gt;etc. </p0826-teimww:text>
  </p0826-teimww:passage>
  <p0826-teimww:passage id="ww_c29445c1c190522b">
    <knoraXmlImport:label>passage label</knoraXmlImport:label>
    <p0826-teimww:occursIn>
      <p0826-teimww:book knoraType="link_value" linkType="ref" target="ww_1140c36ab545b6d8"/>
    </p0826-teimww:occursIn>
  </p0826-teimww:passage>
  <p0826-teimww:passage id="ww_d241c8e7f3cd48aa">
    <knoraXmlImport:label>passage label</knoraXmlImport:label>
    <p0826-teimww:occursIn>
      <p0826-teimww:book knoraType="link_value" linkType="ref" target="ww_4248cd9d97d4040f"/>
    </p0826-teimww:occursIn>
    <p0826-teimww:text knoraType="richtext_value">&lt;span class="quote"&gt;What shall he have that kill'd the Deer &lt;br&gt;
His Leathern skin and Horns to wear; &lt;/span&gt;etc. </p0826-teimww:text>
  </p0826-teimww:passage>
  <p0826-teimww:passage id="ww_b5c81f63bc0551af">
    <knoraXmlImport:label>passage label</knoraXmlImport:label>
    <p0826-teimww:occursIn>
      <p0826-teimww:book knoraType="link_value" linkType="ref" target="ww_4248cd9d97d4040f"/>
    </p0826-teimww:occursIn>
    <p0826-teimww:text knoraType="richtext_value">&lt;span class="quote"&gt;Wedding is great &lt;i&gt;Juno's Crown&lt;/i&gt;, &lt;br&gt;
O blessed Bond of Board and Bed; &lt;/span&gt;etc. </p0826-teimww:text>
  </p0826-teimww:passage>
  <p0826-teimww:passage id="ww_00ca9b093e77bb5d">
    <knoraXmlImport:label>passage label</knoraXmlImport:label>
    <p0826-teimww:occursIn>
      <p0826-teimww:book knoraType="link_value" linkType="ref" target="ww_1140c36ab545b6d8"/>
    </p0826-teimww:occursIn>
  </p0826-teimww:passage>
  <p0826-teimww:passage id="ww_a1c3705f6b7de9a5">
    <knoraXmlImport:label>passage label</knoraXmlImport:label>
    <p0826-teimww:occursIn>
      <p0826-teimww:book knoraType="link_value" linkType="ref" target="ww_afbbb2ab73283de3"/>
    </p0826-teimww:occursIn>
    <p0826-teimww:text knoraType="richtext_value">&lt;span class="quote"&gt;When Daisies pied, and Violets blue, &lt;br&gt;
And Cuckoo-buds of yellow hue, &lt;/span&gt;etc.</p0826-teimww:text>
  </p0826-teimww:passage>
  <p0826-teimww:passage id="ww_386e2d27848f2c76">
    <knoraXmlImport:label>passage label</knoraXmlImport:label>
    <p0826-teimww:occursIn>
      <p0826-teimww:book knoraType="link_value" linkType="ref" target="ww_1140c36ab545b6d8"/>
    </p0826-teimww:occursIn>
  </p0826-teimww:passage>
  <p0826-teimww:passage id="ww_6d90eb18f79efc5f">
    <knoraXmlImport:label>passage label</knoraXmlImport:label>
    <p0826-teimww:occursIn>
      <p0826-teimww:book knoraType="link_value" linkType="ref" target="ww_afbbb2ab73283de3"/>
    </p0826-teimww:occursIn>
    <p0826-teimww:text knoraType="richtext_value">&lt;span class="quote"&gt;When Icicles hang by the wall,&lt;br&gt;
And &lt;i&gt;Dick&lt;/i&gt; the shepherd blows his nail, &lt;/span&gt;etc.</p0826-teimww:text>
  </p0826-teimww:passage>
  <p0826-teimww:passage id="ww_7fd6839cef8359ea">
    <knoraXmlImport:label>passage label</knoraXmlImport:label>
    <p0826-teimww:occursIn>
      <p0826-teimww:book knoraType="link_value" linkType="ref" target="ww_afbbb2ab73283de3"/>
    </p0826-teimww:occursIn>
    <p0826-teimww:text knoraType="richtext_value">&lt;span class="quote"&gt;Take, oh take those Lips away, &lt;br&gt;
That so sweetly were forsworn &lt;/span&gt;etc. </p0826-teimww:text>
  </p0826-teimww:passage>
  <p0826-teimww:passage id="ww_9c5ba93f041d01ba">
    <knoraXmlImport:label>passage label</knoraXmlImport:label>
    <p0826-teimww:occursIn>
      <p0826-teimww:book knoraType="link_value" linkType="ref" target="ww_afbbb2ab73283de3"/>
    </p0826-teimww:occursIn>
    <p0826-teimww:text knoraType="richtext_value">&lt;span class="quote"&gt;Sigh no more Ladies, sigh no more, &lt;br&gt;
Men were deceivers ever, &lt;/span&gt;etc.</p0826-teimww:text>
  </p0826-teimww:passage>
  <p0826-teimww:passage id="ww_2ebb35b7365d9c5d">
    <knoraXmlImport:label>passage label</knoraXmlImport:label>
    <p0826-teimww:occursIn>
      <p0826-teimww:book knoraType="link_value" linkType="ref" target="ww_1140c36ab545b6d8"/>
    </p0826-teimww:occursIn>
  </p0826-teimww:passage>
  <p0826-teimww:passage id="ww_c0e4f8a1821fdf2f">
    <knoraXmlImport:label>passage label</knoraXmlImport:label>
    <p0826-teimww:occursIn>
      <p0826-teimww:book knoraType="link_value" linkType="ref" target="ww_afbbb2ab73283de3"/>
    </p0826-teimww:occursIn>
    <p0826-teimww:text knoraType="richtext_value">&lt;span class="quote"&gt;Lawn as white as driven Snow, &lt;br&gt;
Cypress as black as e're was Crow &lt;/span&gt;etc.</p0826-teimww:text>
  </p0826-teimww:passage>
  <p0826-teimww:passage id="ww_e0f637ad0031f8d3">
    <knoraXmlImport:label>passage label</knoraXmlImport:label>
    <p0826-teimww:occursIn>
      <p0826-teimww:book knoraType="link_value" linkType="ref" target="ww_1140c36ab545b6d8"/>
    </p0826-teimww:occursIn>
  </p0826-teimww:passage>
  <p0826-teimww:passage id="ww_15b97297018ab1f9">
    <knoraXmlImport:label>passage label</knoraXmlImport:label>
    <p0826-teimww:occursIn>
      <p0826-teimww:book knoraType="link_value" linkType="ref" target="ww_afbbb2ab73283de3"/>
    </p0826-teimww:occursIn>
    <p0826-teimww:text knoraType="richtext_value">&lt;span class="quote"&gt;Fear no more the heat o'th' Sun, &lt;br&gt;
Nor the furious Winter's rages, &lt;/span&gt;etc. </p0826-teimww:text>
  </p0826-teimww:passage>
  <p0826-teimww:passage id="ww_fb537c2e7d5d0eee">
    <knoraXmlImport:label>passage label</knoraXmlImport:label>
    <p0826-teimww:occursIn>
      <p0826-teimww:book knoraType="link_value" linkType="ref" target="ww_1140c36ab545b6d8"/>
    </p0826-teimww:occursIn>
  </p0826-teimww:passage>
  <p0826-teimww:passage id="ww_80677b59863ace01">
    <knoraXmlImport:label>passage label</knoraXmlImport:label>
    <p0826-teimww:occursIn>
      <p0826-teimww:book knoraType="link_value" linkType="ref" target="ww_aac277609a23776a"/>
    </p0826-teimww:occursIn>
    <p0826-teimww:text knoraType="richtext_value">For if the Good and the Evil be equal-balanced, it must needs be indifferent to that man &lt;span class="quote"&gt;either to be or not to be&lt;/span&gt;, there being not the least &lt;i&gt;Grain&lt;/i&gt; of good to determine his Choice: So that he can no more be said to be happy in that Condition, than he could before he was born. And much less, if the Evil exceeds the Good [...]. And when 'tis once come to this (whatever some Mens &lt;i&gt;Metaphysics&lt;/i&gt; may perswade them) I am very well satisfied, that 'tis better &lt;span class="quote"&gt;not to be than to be.&lt;/span&gt;</p0826-teimww:text>
  </p0826-teimww:passage>
  <p0826-teimww:passage id="ww_b4d344a699de1143">
    <knoraXmlImport:label>passage label</knoraXmlImport:label>
    <p0826-teimww:occursIn>
      <p0826-teimww:book knoraType="link_value" linkType="ref" target="ww_91e0dc4c671938fa"/>
    </p0826-teimww:occursIn>
  </p0826-teimww:passage>
  <p0826-teimww:passage id="ww_6c7a5dc1756f1fd2">
    <knoraXmlImport:label>passage label</knoraXmlImport:label>
    <p0826-teimww:occursIn>
      <p0826-teimww:book knoraType="link_value" linkType="ref" target="ww_a748dfac62273e2a"/>
    </p0826-teimww:occursIn>
    <p0826-teimww:text knoraType="richtext_value">Man! our great business and our aim, &lt;br&gt;
For whom we spread our fruitless snares,&lt;br&gt; 
No sooner kindles the designing flame, &lt;br&gt;
But to the next bright object bears &lt;br&gt;
The Trophies of his conquest and our shame:&lt;br&gt; 
Inconstancy's the good supream &lt;br&gt;
&lt;span class="quote"&gt;The rest is airy Notion, &lt;/span&gt;empty Dream! </p0826-teimww:text>
  </p0826-teimww:passage>
  <p0826-teimww:passage id="ww_fc55ac4e34e8166e">
    <knoraXmlImport:label>passage label</knoraXmlImport:label>
    <p0826-teimww:occursIn>
      <p0826-teimww:book knoraType="link_value" linkType="ref" target="ww_aff3e1e0ec71023e"/>
    </p0826-teimww:occursIn>
    <p0826-teimww:text knoraType="richtext_value">&lt;span class="annotation"&gt;Vincantio, the Duke of Vienna, announces that he will go away for a diplomatic mission but instead spies on the people disguised as a friar.&lt;/span&gt;</p0826-teimww:text>
  </p0826-teimww:passage>
  <p0826-teimww:passage id="ww_2bdbd993ce708869">
    <knoraXmlImport:label>passage label</knoraXmlImport:label>
    <p0826-teimww:occursIn>
      <p0826-teimww:book knoraType="link_value" linkType="ref" target="ww_e9a54aab3c4c1154"/>
    </p0826-teimww:occursIn>
  </p0826-teimww:passage>
</knoraXmlImport:resources>
