<?xml version='1.0' encoding='utf-8'?>
<knoraXmlImport:resources xmlns:knoraXmlImport="http://api.knora.org/ontology/knoraXmlImport/v1#" xmlns:p0826-teimww="http://api.knora.org/ontology/0826/teimww/xml-import/v1#" xmlns:xsi="http://www.w3.org/2001/XMLSchema-instance" xmlns="http://api.knora.org/ontology/0826/teimww/xml-import/v1#">
  <p0826-teimww:person id="P01_2">
    <knoraXmlImport:label>person label</knoraXmlImport:label>
    <p0826-teimww:firstName knoraType="richtext_value">(male)</p0826-teimww:firstName>
    <p0826-teimww:lastName knoraType="richtext_value">0_Anon</p0826-teimww:lastName>
  </p0826-teimww:person>
  <p0826-teimww:person id="P01_3">
    <knoraXmlImport:label>person label</knoraXmlImport:label>
    <p0826-teimww:deathDate knoraType="date_value">GREGORIAN:1388</p0826-teimww:deathDate>
    <p0826-teimww:description knoraType="richtext_value">English writer</p0826-teimww:description>
    <p0826-teimww:firstName knoraType="richtext_value">Thomas</p0826-teimww:firstName>
    <p0826-teimww:lastName knoraType="richtext_value">Usk</p0826-teimww:lastName>
  </p0826-teimww:person>
  <p0826-teimww:person id="P01_4">
    <knoraXmlImport:label>person label</knoraXmlImport:label>
    <p0826-teimww:birthDate knoraType="date_value">GREGORIAN:1343</p0826-teimww:birthDate>
    <p0826-teimww:deathDate knoraType="date_value">GREGORIAN:1400</p0826-teimww:deathDate>
    <p0826-teimww:description knoraType="richtext_value">English poet  &amp;005134</p0826-teimww:description>
    <p0826-teimww:firstName knoraType="richtext_value">Geoffrey</p0826-teimww:firstName>
    <p0826-teimww:lastName knoraType="richtext_value">Chaucer</p0826-teimww:lastName>
  </p0826-teimww:person>
  <p0826-teimww:person id="P01_5">
    <knoraXmlImport:label>person label</knoraXmlImport:label>
    <p0826-teimww:deathDate knoraType="date_value">GREGORIAN:1470</p0826-teimww:deathDate>
    <p0826-teimww:description knoraType="richtext_value">English divine</p0826-teimww:description>
    <p0826-teimww:firstName knoraType="richtext_value">Henry</p0826-teimww:firstName>
    <p0826-teimww:lastName knoraType="richtext_value">Parker</p0826-teimww:lastName>
  </p0826-teimww:person>
  <p0826-teimww:person id="P01_6">
    <knoraXmlImport:label>person label</knoraXmlImport:label>
    <p0826-teimww:birthDate knoraType="date_value">GREGORIAN:1510</p0826-teimww:birthDate>
    <p0826-teimww:deathDate knoraType="date_value">GREGORIAN:1556</p0826-teimww:deathDate>
    <p0826-teimww:description knoraType="richtext_value">English poet</p0826-teimww:description>
    <p0826-teimww:firstName knoraType="richtext_value">Thomas, Lord</p0826-teimww:firstName>
    <p0826-teimww:lastName knoraType="richtext_value">Vaux</p0826-teimww:lastName>
  </p0826-teimww:person>
  <p0826-teimww:person id="P01_7">
    <knoraXmlImport:label>person label</knoraXmlImport:label>
    <p0826-teimww:birthDate knoraType="date_value">GREGORIAN:1538:1542</p0826-teimww:birthDate>
    <p0826-teimww:deathDate knoraType="date_value">GREGORIAN:1594</p0826-teimww:deathDate>
    <p0826-teimww:description knoraType="richtext_value">English writer</p0826-teimww:description>
    <p0826-teimww:firstName knoraType="richtext_value">William</p0826-teimww:firstName>
    <p0826-teimww:lastName knoraType="richtext_value">Painter</p0826-teimww:lastName>
  </p0826-teimww:person>
  <p0826-teimww:person id="P01_8">
    <knoraXmlImport:label>person label</knoraXmlImport:label>
    <p0826-teimww:birthDate knoraType="date_value">GREGORIAN:1518</p0826-teimww:birthDate>
    <p0826-teimww:deathDate knoraType="date_value">GREGORIAN:1562:1564</p0826-teimww:deathDate>
    <p0826-teimww:description knoraType="richtext_value">English anthologist</p0826-teimww:description>
    <p0826-teimww:firstName knoraType="richtext_value">William</p0826-teimww:firstName>
    <p0826-teimww:lastName knoraType="richtext_value">Baldwin</p0826-teimww:lastName>
  </p0826-teimww:person>
  <p0826-teimww:person id="P01_9">
    <knoraXmlImport:label>person label</knoraXmlImport:label>
    <p0826-teimww:birthDate knoraType="date_value">GREGORIAN:1540</p0826-teimww:birthDate>
    <p0826-teimww:deathDate knoraType="date_value">GREGORIAN:1607</p0826-teimww:deathDate>
    <p0826-teimww:description knoraType="richtext_value">Polish bishop and philosopher 1530 to , Latin version of Wawrzyniec Grzymała Goślicki</p0826-teimww:description>
    <p0826-teimww:firstName knoraType="richtext_value">Laurentius Grimaldius</p0826-teimww:firstName>
    <p0826-teimww:lastName knoraType="richtext_value">Goslicius</p0826-teimww:lastName>
  </p0826-teimww:person>
  <p0826-teimww:person id="P01_10">
    <knoraXmlImport:label>person label</knoraXmlImport:label>
    <p0826-teimww:deathDate knoraType="date_value">GREGORIAN:1606</p0826-teimww:deathDate>
    <p0826-teimww:description knoraType="richtext_value">English merchant and translator</p0826-teimww:description>
    <p0826-teimww:firstName knoraType="richtext_value">Sir Henry</p0826-teimww:firstName>
    <p0826-teimww:lastName knoraType="richtext_value">Billingsley</p0826-teimww:lastName>
  </p0826-teimww:person>
  <p0826-teimww:person id="P01_11">
    <knoraXmlImport:label>person label</knoraXmlImport:label>
    <p0826-teimww:activeDate knoraType="date_value">GREGORIAN:1594</p0826-teimww:activeDate>
    <p0826-teimww:description knoraType="richtext_value">English translator</p0826-teimww:description>
    <p0826-teimww:firstName knoraType="richtext_value">Laurence</p0826-teimww:firstName>
    <p0826-teimww:lastName knoraType="richtext_value">Twyne</p0826-teimww:lastName>
  </p0826-teimww:person>
  <p0826-teimww:person id="P01_12">
    <knoraXmlImport:label>person label</knoraXmlImport:label>
    <p0826-teimww:birthDate knoraType="date_value">GREGORIAN:1543</p0826-teimww:birthDate>
    <p0826-teimww:deathDate knoraType="date_value">GREGORIAN:1613</p0826-teimww:deathDate>
    <p0826-teimww:description knoraType="richtext_value">English translator</p0826-teimww:description>
    <p0826-teimww:firstName knoraType="richtext_value">Thomas</p0826-teimww:firstName>
    <p0826-teimww:lastName knoraType="richtext_value">Twyne</p0826-teimww:lastName>
  </p0826-teimww:person>
  <p0826-teimww:person id="P01_13">
    <knoraXmlImport:label>person label</knoraXmlImport:label>
    <p0826-teimww:birthDate knoraType="date_value">GREGORIAN:1522</p0826-teimww:birthDate>
    <p0826-teimww:deathDate knoraType="date_value">GREGORIAN:1571</p0826-teimww:deathDate>
    <p0826-teimww:description knoraType="richtext_value">English divine</p0826-teimww:description>
    <p0826-teimww:firstName knoraType="richtext_value">John</p0826-teimww:firstName>
    <p0826-teimww:lastName knoraType="richtext_value">Jewel</p0826-teimww:lastName>
  </p0826-teimww:person>
  <p0826-teimww:person id="P01_14">
    <knoraXmlImport:label>person label</knoraXmlImport:label>
    <p0826-teimww:birthDate knoraType="date_value">GREGORIAN:1530:1533</p0826-teimww:birthDate>
    <p0826-teimww:deathDate knoraType="date_value">GREGORIAN:1604</p0826-teimww:deathDate>
    <p0826-teimww:description knoraType="richtext_value">Archbishop of Canterbury</p0826-teimww:description>
    <p0826-teimww:firstName knoraType="richtext_value">John</p0826-teimww:firstName>
    <p0826-teimww:lastName knoraType="richtext_value">Whitgift</p0826-teimww:lastName>
  </p0826-teimww:person>
  <p0826-teimww:person id="P01_15">
    <knoraXmlImport:label>person label</knoraXmlImport:label>
    <p0826-teimww:deathDate knoraType="date_value">GREGORIAN:1584</p0826-teimww:deathDate>
    <p0826-teimww:description knoraType="richtext_value">English rhetorician</p0826-teimww:description>
    <p0826-teimww:firstName knoraType="richtext_value">Ralph</p0826-teimww:firstName>
    <p0826-teimww:lastName knoraType="richtext_value">Lever</p0826-teimww:lastName>
  </p0826-teimww:person>
  <p0826-teimww:person id="P01_16">
    <knoraXmlImport:label>person label</knoraXmlImport:label>
    <p0826-teimww:deathDate knoraType="date_value">GREGORIAN:1616</p0826-teimww:deathDate>
    <p0826-teimww:description knoraType="richtext_value">English  theologian and translator</p0826-teimww:description>
    <p0826-teimww:firstName knoraType="richtext_value">Thomas</p0826-teimww:firstName>
    <p0826-teimww:lastName knoraType="richtext_value">Rogers</p0826-teimww:lastName>
  </p0826-teimww:person>
  <p0826-teimww:person id="P01_17">
    <knoraXmlImport:label>person label</knoraXmlImport:label>
    <p0826-teimww:activeDate knoraType="date_value">GREGORIAN:1578</p0826-teimww:activeDate>
    <p0826-teimww:description knoraType="richtext_value">English poet</p0826-teimww:description>
    <p0826-teimww:firstName knoraType="richtext_value">Thomas</p0826-teimww:firstName>
    <p0826-teimww:lastName knoraType="richtext_value">Proctor</p0826-teimww:lastName>
  </p0826-teimww:person>
  <p0826-teimww:person id="P01_18">
    <knoraXmlImport:label>person label</knoraXmlImport:label>
    <p0826-teimww:deathDate knoraType="date_value">GREGORIAN:1577</p0826-teimww:deathDate>
    <p0826-teimww:description knoraType="richtext_value">English theological writer</p0826-teimww:description>
    <p0826-teimww:firstName knoraType="richtext_value">Henry</p0826-teimww:firstName>
    <p0826-teimww:lastName knoraType="richtext_value">Bull</p0826-teimww:lastName>
  </p0826-teimww:person>
  <p0826-teimww:person id="P01_19">
    <knoraXmlImport:label>person label</knoraXmlImport:label>
    <p0826-teimww:birthDate knoraType="date_value">GREGORIAN:1564</p0826-teimww:birthDate>
    <p0826-teimww:deathDate knoraType="date_value">GREGORIAN:1593</p0826-teimww:deathDate>
    <p0826-teimww:description knoraType="richtext_value">English poet, dramatist and translator</p0826-teimww:description>
    <p0826-teimww:firstName knoraType="richtext_value">Christopher</p0826-teimww:firstName>
    <p0826-teimww:lastName knoraType="richtext_value">Marlowe</p0826-teimww:lastName>
  </p0826-teimww:person>
  <p0826-teimww:person id="P01_20">
    <knoraXmlImport:label>person label</knoraXmlImport:label>
    <p0826-teimww:birthDate knoraType="date_value">GREGORIAN:1556</p0826-teimww:birthDate>
    <p0826-teimww:deathDate knoraType="date_value">GREGORIAN:1596</p0826-teimww:deathDate>
    <p0826-teimww:description knoraType="richtext_value">English translator, poet and dramatist</p0826-teimww:description>
    <p0826-teimww:firstName knoraType="richtext_value">George</p0826-teimww:firstName>
    <p0826-teimww:lastName knoraType="richtext_value">Peele</p0826-teimww:lastName>
  </p0826-teimww:person>
  <p0826-teimww:person id="P01_21">
    <knoraXmlImport:label>person label</knoraXmlImport:label>
    <p0826-teimww:birthDate knoraType="date_value">GREGORIAN:1552</p0826-teimww:birthDate>
    <p0826-teimww:deathDate knoraType="date_value">GREGORIAN:1599</p0826-teimww:deathDate>
    <p0826-teimww:description knoraType="richtext_value">English poet</p0826-teimww:description>
    <p0826-teimww:firstName knoraType="richtext_value">Edmund</p0826-teimww:firstName>
    <p0826-teimww:lastName knoraType="richtext_value">Spenser</p0826-teimww:lastName>
  </p0826-teimww:person>
  <p0826-teimww:person id="P01_22">
    <knoraXmlImport:label>person label</knoraXmlImport:label>
    <p0826-teimww:birthDate knoraType="date_value">GREGORIAN:1564</p0826-teimww:birthDate>
    <p0826-teimww:deathDate knoraType="date_value">GREGORIAN:1616</p0826-teimww:deathDate>
    <p0826-teimww:description knoraType="richtext_value">English dramatist and poet  &amp;005085</p0826-teimww:description>
    <p0826-teimww:firstName knoraType="richtext_value">William</p0826-teimww:firstName>
    <p0826-teimww:lastName knoraType="richtext_value">Shakespeare</p0826-teimww:lastName>
  </p0826-teimww:person>
  <p0826-teimww:person id="P01_23">
    <knoraXmlImport:label>person label</knoraXmlImport:label>
    <p0826-teimww:birthDate knoraType="date_value">GREGORIAN:1573</p0826-teimww:birthDate>
    <p0826-teimww:deathDate knoraType="date_value">GREGORIAN:1637</p0826-teimww:deathDate>
    <p0826-teimww:description knoraType="richtext_value">English dramatist and poet</p0826-teimww:description>
    <p0826-teimww:firstName knoraType="richtext_value">Ben</p0826-teimww:firstName>
    <p0826-teimww:lastName knoraType="richtext_value">Jonson</p0826-teimww:lastName>
  </p0826-teimww:person>
  <p0826-teimww:person id="P01_24">
    <knoraXmlImport:label>person label</knoraXmlImport:label>
    <p0826-teimww:birthDate knoraType="date_value">GREGORIAN:1558:1560</p0826-teimww:birthDate>
    <p0826-teimww:deathDate knoraType="date_value">GREGORIAN:1634</p0826-teimww:deathDate>
    <p0826-teimww:description knoraType="richtext_value">English poet, dramatist and translator</p0826-teimww:description>
    <p0826-teimww:firstName knoraType="richtext_value">George</p0826-teimww:firstName>
    <p0826-teimww:lastName knoraType="richtext_value">Chapman</p0826-teimww:lastName>
  </p0826-teimww:person>
  <p0826-teimww:person id="P01_25">
    <knoraXmlImport:label>person label</knoraXmlImport:label>
    <p0826-teimww:birthDate knoraType="date_value">GREGORIAN:1576</p0826-teimww:birthDate>
    <p0826-teimww:deathDate knoraType="date_value">GREGORIAN:1634</p0826-teimww:deathDate>
    <p0826-teimww:description knoraType="richtext_value">English dramatist and poet</p0826-teimww:description>
    <p0826-teimww:firstName knoraType="richtext_value">John</p0826-teimww:firstName>
    <p0826-teimww:lastName knoraType="richtext_value">Marston</p0826-teimww:lastName>
  </p0826-teimww:person>
  <p0826-teimww:person id="P01_26">
    <knoraXmlImport:label>person label</knoraXmlImport:label>
    <p0826-teimww:deathDate knoraType="date_value">GREGORIAN:1605</p0826-teimww:deathDate>
    <p0826-teimww:description knoraType="richtext_value">English dramatist</p0826-teimww:description>
    <p0826-teimww:firstName knoraType="richtext_value">William</p0826-teimww:firstName>
    <p0826-teimww:lastName knoraType="richtext_value">Haughton</p0826-teimww:lastName>
  </p0826-teimww:person>
  <p0826-teimww:person id="P01_27">
    <knoraXmlImport:label>person label</knoraXmlImport:label>
    <p0826-teimww:deathDate knoraType="date_value">GREGORIAN:1599</p0826-teimww:deathDate>
    <p0826-teimww:description knoraType="richtext_value">English dramatist</p0826-teimww:description>
    <p0826-teimww:firstName knoraType="richtext_value">Henry</p0826-teimww:firstName>
    <p0826-teimww:lastName knoraType="richtext_value">Porter</p0826-teimww:lastName>
  </p0826-teimww:person>
  <p0826-teimww:person id="P01_28">
    <knoraXmlImport:label>person label</knoraXmlImport:label>
    <p0826-teimww:birthDate knoraType="date_value">GREGORIAN:1572</p0826-teimww:birthDate>
    <p0826-teimww:deathDate knoraType="date_value">GREGORIAN:1632</p0826-teimww:deathDate>
    <p0826-teimww:description knoraType="richtext_value">English dramatist ca.</p0826-teimww:description>
    <p0826-teimww:firstName knoraType="richtext_value">Thomas</p0826-teimww:firstName>
    <p0826-teimww:lastName knoraType="richtext_value">Dekker</p0826-teimww:lastName>
  </p0826-teimww:person>
  <p0826-teimww:person id="P01_29">
    <knoraXmlImport:label>person label</knoraXmlImport:label>
    <p0826-teimww:birthDate knoraType="date_value">GREGORIAN:1559</p0826-teimww:birthDate>
    <p0826-teimww:deathDate knoraType="date_value">GREGORIAN:1610</p0826-teimww:deathDate>
    <p0826-teimww:description knoraType="richtext_value">English anthologist</p0826-teimww:description>
    <p0826-teimww:firstName knoraType="richtext_value">John</p0826-teimww:firstName>
    <p0826-teimww:lastName knoraType="richtext_value">Bodenham</p0826-teimww:lastName>
  </p0826-teimww:person>
  <p0826-teimww:person id="P01_30">
    <knoraXmlImport:label>person label</knoraXmlImport:label>
    <p0826-teimww:activeDate knoraType="date_value">GREGORIAN:1600</p0826-teimww:activeDate>
    <p0826-teimww:description knoraType="richtext_value">English (?) poet</p0826-teimww:description>
    <p0826-teimww:firstName knoraType="richtext_value">Sam</p0826-teimww:firstName>
    <p0826-teimww:lastName knoraType="richtext_value">Nicholson</p0826-teimww:lastName>
  </p0826-teimww:person>
  <p0826-teimww:person id="P01_31">
    <knoraXmlImport:label>person label</knoraXmlImport:label>
    <p0826-teimww:birthDate knoraType="date_value">GREGORIAN:1584:1586</p0826-teimww:birthDate>
    <p0826-teimww:deathDate knoraType="date_value">GREGORIAN:1626</p0826-teimww:deathDate>
    <p0826-teimww:description knoraType="richtext_value">English dramatist</p0826-teimww:description>
    <p0826-teimww:firstName knoraType="richtext_value">William</p0826-teimww:firstName>
    <p0826-teimww:lastName knoraType="richtext_value">Rowley</p0826-teimww:lastName>
  </p0826-teimww:person>
  <p0826-teimww:person id="P01_32">
    <knoraXmlImport:label>person label</knoraXmlImport:label>
    <p0826-teimww:birthDate knoraType="date_value">GREGORIAN:1570:1574</p0826-teimww:birthDate>
    <p0826-teimww:deathDate knoraType="date_value">GREGORIAN:1641</p0826-teimww:deathDate>
    <p0826-teimww:description knoraType="richtext_value">English dramatist</p0826-teimww:description>
    <p0826-teimww:firstName knoraType="richtext_value">Thomas</p0826-teimww:firstName>
    <p0826-teimww:lastName knoraType="richtext_value">Heywood</p0826-teimww:lastName>
  </p0826-teimww:person>
  <p0826-teimww:person id="P01_33">
    <knoraXmlImport:label>person label</knoraXmlImport:label>
    <p0826-teimww:birthDate knoraType="date_value">GREGORIAN:1564</p0826-teimww:birthDate>
    <p0826-teimww:deathDate knoraType="date_value">GREGORIAN:1603:1606</p0826-teimww:deathDate>
    <p0826-teimww:description knoraType="richtext_value">English dramatist</p0826-teimww:description>
    <p0826-teimww:firstName knoraType="richtext_value">Henry</p0826-teimww:firstName>
    <p0826-teimww:lastName knoraType="richtext_value">Chettle</p0826-teimww:lastName>
  </p0826-teimww:person>
  <p0826-teimww:person id="P01_34">
    <knoraXmlImport:label>person label</knoraXmlImport:label>
    <p0826-teimww:birthDate knoraType="date_value">GREGORIAN:1584</p0826-teimww:birthDate>
    <p0826-teimww:deathDate knoraType="date_value">GREGORIAN:1616</p0826-teimww:deathDate>
    <p0826-teimww:description knoraType="richtext_value">English dramatist</p0826-teimww:description>
    <p0826-teimww:firstName knoraType="richtext_value">John</p0826-teimww:firstName>
    <p0826-teimww:lastName knoraType="richtext_value">Webster</p0826-teimww:lastName>
  </p0826-teimww:person>
  <p0826-teimww:person id="P01_35">
    <knoraXmlImport:label>person label</knoraXmlImport:label>
    <p0826-teimww:birthDate knoraType="date_value">GREGORIAN:1574</p0826-teimww:birthDate>
    <p0826-teimww:deathDate knoraType="date_value">GREGORIAN:1637:1639</p0826-teimww:deathDate>
    <p0826-teimww:description knoraType="richtext_value">English dramatist</p0826-teimww:description>
    <p0826-teimww:firstName knoraType="richtext_value">John</p0826-teimww:firstName>
    <p0826-teimww:lastName knoraType="richtext_value">Day</p0826-teimww:lastName>
  </p0826-teimww:person>
  <p0826-teimww:person id="P01_36">
    <knoraXmlImport:label>person label</knoraXmlImport:label>
    <p0826-teimww:birthDate knoraType="date_value">GREGORIAN:1580</p0826-teimww:birthDate>
    <p0826-teimww:deathDate knoraType="date_value">GREGORIAN:1627</p0826-teimww:deathDate>
    <p0826-teimww:description knoraType="richtext_value">English dramatist</p0826-teimww:description>
    <p0826-teimww:firstName knoraType="richtext_value">Thomas</p0826-teimww:firstName>
    <p0826-teimww:lastName knoraType="richtext_value">Middleton</p0826-teimww:lastName>
  </p0826-teimww:person>
  <p0826-teimww:person id="P01_37">
    <knoraXmlImport:label>person label</knoraXmlImport:label>
    <p0826-teimww:activeDate knoraType="date_value">GREGORIAN:1605</p0826-teimww:activeDate>
    <p0826-teimww:description knoraType="richtext_value">English poet</p0826-teimww:description>
    <p0826-teimww:firstName knoraType="richtext_value">Peter</p0826-teimww:firstName>
    <p0826-teimww:lastName knoraType="richtext_value">Woodhouse</p0826-teimww:lastName>
  </p0826-teimww:person>
  <p0826-teimww:person id="P01_38">
    <knoraXmlImport:label>person label</knoraXmlImport:label>
    <p0826-teimww:birthDate knoraType="date_value">GREGORIAN:1584</p0826-teimww:birthDate>
    <p0826-teimww:deathDate knoraType="date_value">GREGORIAN:1616</p0826-teimww:deathDate>
    <p0826-teimww:description knoraType="richtext_value">English dramatist</p0826-teimww:description>
    <p0826-teimww:firstName knoraType="richtext_value">Francis</p0826-teimww:firstName>
    <p0826-teimww:lastName knoraType="richtext_value">Beaumont</p0826-teimww:lastName>
  </p0826-teimww:person>
  <p0826-teimww:person id="P01_39">
    <knoraXmlImport:label>person label</knoraXmlImport:label>
    <p0826-teimww:birthDate knoraType="date_value">GREGORIAN:1579</p0826-teimww:birthDate>
    <p0826-teimww:deathDate knoraType="date_value">GREGORIAN:1625</p0826-teimww:deathDate>
    <p0826-teimww:description knoraType="richtext_value">English dramatist</p0826-teimww:description>
    <p0826-teimww:firstName knoraType="richtext_value">John</p0826-teimww:firstName>
    <p0826-teimww:lastName knoraType="richtext_value">Fletcher</p0826-teimww:lastName>
  </p0826-teimww:person>
  <p0826-teimww:person id="P01_40">
    <knoraXmlImport:label>person label</knoraXmlImport:label>
    <p0826-teimww:activeDate knoraType="date_value">GREGORIAN:1604:1615</p0826-teimww:activeDate>
    <p0826-teimww:description knoraType="richtext_value">English dramatist</p0826-teimww:description>
    <p0826-teimww:firstName knoraType="richtext_value">Thomas</p0826-teimww:firstName>
    <p0826-teimww:lastName knoraType="richtext_value">Tomkis</p0826-teimww:lastName>
  </p0826-teimww:person>
  <p0826-teimww:person id="P01_41">
    <knoraXmlImport:label>person label</knoraXmlImport:label>
    <p0826-teimww:deathDate knoraType="date_value">GREGORIAN:1618</p0826-teimww:deathDate>
    <p0826-teimww:description knoraType="richtext_value">English dramatist and pamphleteer</p0826-teimww:description>
    <p0826-teimww:firstName knoraType="richtext_value">George</p0826-teimww:firstName>
    <p0826-teimww:lastName knoraType="richtext_value">Wilkins</p0826-teimww:lastName>
  </p0826-teimww:person>
  <p0826-teimww:person id="P01_42">
    <knoraXmlImport:label>person label</knoraXmlImport:label>
    <p0826-teimww:birthDate knoraType="date_value">GREGORIAN:1576</p0826-teimww:birthDate>
    <p0826-teimww:deathDate knoraType="date_value">GREGORIAN:1608</p0826-teimww:deathDate>
    <p0826-teimww:description knoraType="richtext_value">English dramatist</p0826-teimww:description>
    <p0826-teimww:firstName knoraType="richtext_value">Edward</p0826-teimww:firstName>
    <p0826-teimww:lastName knoraType="richtext_value">Sharpham</p0826-teimww:lastName>
  </p0826-teimww:person>
  <p0826-teimww:person id="P01_43">
    <knoraXmlImport:label>person label</knoraXmlImport:label>
    <p0826-teimww:birthDate knoraType="date_value">GREGORIAN:1580</p0826-teimww:birthDate>
    <p0826-teimww:deathDate knoraType="date_value">GREGORIAN:1629</p0826-teimww:deathDate>
    <p0826-teimww:description knoraType="richtext_value">English dramatist</p0826-teimww:description>
    <p0826-teimww:firstName knoraType="richtext_value">Lording or Lodovic</p0826-teimww:firstName>
    <p0826-teimww:lastName knoraType="richtext_value">Barry</p0826-teimww:lastName>
  </p0826-teimww:person>
  <p0826-teimww:person id="P01_44">
    <knoraXmlImport:label>person label</knoraXmlImport:label>
    <p0826-teimww:birthDate knoraType="date_value">GREGORIAN:1587</p0826-teimww:birthDate>
    <p0826-teimww:deathDate knoraType="date_value">GREGORIAN:1620</p0826-teimww:deathDate>
    <p0826-teimww:description knoraType="richtext_value">English dramatist</p0826-teimww:description>
    <p0826-teimww:firstName knoraType="richtext_value">Nathan</p0826-teimww:firstName>
    <p0826-teimww:lastName knoraType="richtext_value">Field</p0826-teimww:lastName>
  </p0826-teimww:person>
  <p0826-teimww:person id="P01_45">
    <knoraXmlImport:label>person label</knoraXmlImport:label>
    <p0826-teimww:birthDate knoraType="date_value">GREGORIAN:1562:1564</p0826-teimww:birthDate>
    <p0826-teimww:deathDate knoraType="date_value">GREGORIAN:1615</p0826-teimww:deathDate>
    <p0826-teimww:description knoraType="richtext_value">English actor and dramatist</p0826-teimww:description>
    <p0826-teimww:firstName knoraType="richtext_value">Robert</p0826-teimww:firstName>
    <p0826-teimww:lastName knoraType="richtext_value">Armin</p0826-teimww:lastName>
  </p0826-teimww:person>
  <p0826-teimww:person id="P01_46">
    <knoraXmlImport:label>person label</knoraXmlImport:label>
    <p0826-teimww:deathDate knoraType="date_value">GREGORIAN:1626</p0826-teimww:deathDate>
    <p0826-teimww:description knoraType="richtext_value">English poet and dramatist</p0826-teimww:description>
    <p0826-teimww:firstName knoraType="richtext_value">Cyril</p0826-teimww:firstName>
    <p0826-teimww:lastName knoraType="richtext_value">Tourneur</p0826-teimww:lastName>
  </p0826-teimww:person>
  <p0826-teimww:person id="P01_47">
    <knoraXmlImport:label>person label</knoraXmlImport:label>
    <p0826-teimww:birthDate knoraType="date_value">GREGORIAN:1563:1567</p0826-teimww:birthDate>
    <p0826-teimww:deathDate knoraType="date_value">GREGORIAN:1618</p0826-teimww:deathDate>
    <p0826-teimww:description knoraType="richtext_value">Anglo-Welsh poet</p0826-teimww:description>
    <p0826-teimww:firstName knoraType="richtext_value">Sir John</p0826-teimww:firstName>
    <p0826-teimww:lastName knoraType="richtext_value">Davies of Hereford</p0826-teimww:lastName>
  </p0826-teimww:person>
  <p0826-teimww:person id="P01_48">
    <knoraXmlImport:label>person label</knoraXmlImport:label>
    <p0826-teimww:activeDate knoraType="date_value">GREGORIAN:1612:1614</p0826-teimww:activeDate>
    <p0826-teimww:description knoraType="richtext_value">English dramatist</p0826-teimww:description>
    <p0826-teimww:firstName knoraType="richtext_value">John</p0826-teimww:firstName>
    <p0826-teimww:lastName knoraType="richtext_value">Cooke</p0826-teimww:lastName>
  </p0826-teimww:person>
  <p0826-teimww:person id="P01_49">
    <knoraXmlImport:label>person label</knoraXmlImport:label>
    <p0826-teimww:birthDate knoraType="date_value">GREGORIAN:1563:1565</p0826-teimww:birthDate>
    <p0826-teimww:deathDate knoraType="date_value">GREGORIAN:1627</p0826-teimww:deathDate>
    <p0826-teimww:description knoraType="richtext_value">English historian</p0826-teimww:description>
    <p0826-teimww:firstName knoraType="richtext_value">Sir John</p0826-teimww:firstName>
    <p0826-teimww:lastName knoraType="richtext_value">Hayward</p0826-teimww:lastName>
  </p0826-teimww:person>
  <p0826-teimww:person id="P01_50">
    <knoraXmlImport:label>person label</knoraXmlImport:label>
    <p0826-teimww:deathDate knoraType="date_value">GREGORIAN:1628</p0826-teimww:deathDate>
    <p0826-teimww:description knoraType="richtext_value">English poet Christopher Brooke</p0826-teimww:description>
    <p0826-teimww:firstName knoraType="richtext_value">Christopher</p0826-teimww:firstName>
    <p0826-teimww:lastName knoraType="richtext_value">Brooke</p0826-teimww:lastName>
  </p0826-teimww:person>
  <p0826-teimww:person id="P01_51">
    <knoraXmlImport:label>person label</knoraXmlImport:label>
    <p0826-teimww:birthDate knoraType="date_value">GREGORIAN:1583</p0826-teimww:birthDate>
    <p0826-teimww:deathDate knoraType="date_value">GREGORIAN:1640</p0826-teimww:deathDate>
    <p0826-teimww:description knoraType="richtext_value">English dramatist</p0826-teimww:description>
    <p0826-teimww:firstName knoraType="richtext_value">Philip</p0826-teimww:firstName>
    <p0826-teimww:lastName knoraType="richtext_value">Massinger</p0826-teimww:lastName>
  </p0826-teimww:person>
  <p0826-teimww:person id="P01_52">
    <knoraXmlImport:label>person label</knoraXmlImport:label>
    <p0826-teimww:birthDate knoraType="date_value">GREGORIAN:1577</p0826-teimww:birthDate>
    <p0826-teimww:deathDate knoraType="date_value">GREGORIAN:1640</p0826-teimww:deathDate>
    <p0826-teimww:description knoraType="richtext_value">English essayist</p0826-teimww:description>
    <p0826-teimww:firstName knoraType="richtext_value">Robert</p0826-teimww:firstName>
    <p0826-teimww:lastName knoraType="richtext_value">Burton</p0826-teimww:lastName>
  </p0826-teimww:person>
  <p0826-teimww:person id="P01_53">
    <knoraXmlImport:label>person label</knoraXmlImport:label>
    <p0826-teimww:activeDate knoraType="date_value">GREGORIAN:1623:1639</p0826-teimww:activeDate>
    <p0826-teimww:description knoraType="richtext_value">English dramatist</p0826-teimww:description>
    <p0826-teimww:firstName knoraType="richtext_value">Robert</p0826-teimww:firstName>
    <p0826-teimww:lastName knoraType="richtext_value">Davenport</p0826-teimww:lastName>
  </p0826-teimww:person>
  <p0826-teimww:person id="P01_54">
    <knoraXmlImport:label>person label</knoraXmlImport:label>
    <p0826-teimww:birthDate knoraType="date_value">GREGORIAN:1606</p0826-teimww:birthDate>
    <p0826-teimww:deathDate knoraType="date_value">GREGORIAN:1668</p0826-teimww:deathDate>
    <p0826-teimww:description knoraType="richtext_value">English dramatist</p0826-teimww:description>
    <p0826-teimww:firstName knoraType="richtext_value">Sir William</p0826-teimww:firstName>
    <p0826-teimww:lastName knoraType="richtext_value">D'Avenant</p0826-teimww:lastName>
  </p0826-teimww:person>
  <p0826-teimww:person id="P01_55">
    <knoraXmlImport:label>person label</knoraXmlImport:label>
    <p0826-teimww:birthDate knoraType="date_value">GREGORIAN:1589:1591</p0826-teimww:birthDate>
    <p0826-teimww:deathDate knoraType="date_value">GREGORIAN:1636:1637</p0826-teimww:deathDate>
    <p0826-teimww:description knoraType="richtext_value">English dramatist</p0826-teimww:description>
    <p0826-teimww:firstName knoraType="richtext_value">William</p0826-teimww:firstName>
    <p0826-teimww:lastName knoraType="richtext_value">Sampson</p0826-teimww:lastName>
  </p0826-teimww:person>
  <p0826-teimww:person id="P01_56">
    <knoraXmlImport:label>person label</knoraXmlImport:label>
    <p0826-teimww:birthDate knoraType="date_value">GREGORIAN:1605</p0826-teimww:birthDate>
    <p0826-teimww:deathDate knoraType="date_value">GREGORIAN:1635</p0826-teimww:deathDate>
    <p0826-teimww:description knoraType="richtext_value">English poet and dramatist</p0826-teimww:description>
    <p0826-teimww:firstName knoraType="richtext_value">Thomas</p0826-teimww:firstName>
    <p0826-teimww:lastName knoraType="richtext_value">Randolph</p0826-teimww:lastName>
  </p0826-teimww:person>
  <p0826-teimww:person id="P01_57">
    <knoraXmlImport:label>person label</knoraXmlImport:label>
    <p0826-teimww:activeDate knoraType="date_value">GREGORIAN:1633</p0826-teimww:activeDate>
    <p0826-teimww:description knoraType="richtext_value">English physician</p0826-teimww:description>
    <p0826-teimww:firstName knoraType="richtext_value">James</p0826-teimww:firstName>
    <p0826-teimww:lastName knoraType="richtext_value">Hart</p0826-teimww:lastName>
  </p0826-teimww:person>
  <p0826-teimww:person id="P01_58">
    <knoraXmlImport:label>person label</knoraXmlImport:label>
    <p0826-teimww:birthDate knoraType="date_value">GREGORIAN:1602</p0826-teimww:birthDate>
    <p0826-teimww:description knoraType="richtext_value">English dramatist</p0826-teimww:description>
    <p0826-teimww:firstName knoraType="richtext_value">William</p0826-teimww:firstName>
    <p0826-teimww:lastName knoraType="richtext_value">Hemings</p0826-teimww:lastName>
  </p0826-teimww:person>
  <p0826-teimww:person id="P01_59">
    <knoraXmlImport:label>person label</knoraXmlImport:label>
    <p0826-teimww:birthDate knoraType="date_value">GREGORIAN:1596</p0826-teimww:birthDate>
    <p0826-teimww:deathDate knoraType="date_value">GREGORIAN:1666</p0826-teimww:deathDate>
    <p0826-teimww:description knoraType="richtext_value">English dramatist</p0826-teimww:description>
    <p0826-teimww:firstName knoraType="richtext_value">James</p0826-teimww:firstName>
    <p0826-teimww:lastName knoraType="richtext_value">Shirley</p0826-teimww:lastName>
  </p0826-teimww:person>
  <p0826-teimww:person id="P01_60">
    <knoraXmlImport:label>person label</knoraXmlImport:label>
    <p0826-teimww:activeDate knoraType="date_value">GREGORIAN:1612:1653</p0826-teimww:activeDate>
    <p0826-teimww:description knoraType="richtext_value">English writer</p0826-teimww:description>
    <p0826-teimww:firstName knoraType="richtext_value">Thomas</p0826-teimww:firstName>
    <p0826-teimww:lastName knoraType="richtext_value">Adams</p0826-teimww:lastName>
  </p0826-teimww:person>
  <p0826-teimww:person id="P01_61">
    <knoraXmlImport:label>person label</knoraXmlImport:label>
    <p0826-teimww:activeDate knoraType="date_value">GREGORIAN:1614</p0826-teimww:activeDate>
    <p0826-teimww:description knoraType="richtext_value">English translator</p0826-teimww:description>
    <p0826-teimww:firstName knoraType="richtext_value">W.</p0826-teimww:firstName>
    <p0826-teimww:lastName knoraType="richtext_value">B.</p0826-teimww:lastName>
  </p0826-teimww:person>
  <p0826-teimww:person id="P01_62">
    <knoraXmlImport:label>person label</knoraXmlImport:label>
    <p0826-teimww:birthDate knoraType="date_value">GREGORIAN:1175</p0826-teimww:birthDate>
    <p0826-teimww:deathDate knoraType="date_value">GREGORIAN:1232:1234</p0826-teimww:deathDate>
    <p0826-teimww:description knoraType="richtext_value">Scottish (?) philosopher</p0826-teimww:description>
    <p0826-teimww:firstName knoraType="richtext_value">Michael</p0826-teimww:firstName>
    <p0826-teimww:lastName knoraType="richtext_value">Scot</p0826-teimww:lastName>
  </p0826-teimww:person>
  <p0826-teimww:person id="P01_63">
    <knoraXmlImport:label>person label</knoraXmlImport:label>
    <p0826-teimww:birthDate knoraType="date_value">GREGORIAN:1645</p0826-teimww:birthDate>
    <p0826-teimww:deathDate knoraType="date_value">GREGORIAN:1660</p0826-teimww:deathDate>
    <p0826-teimww:description knoraType="richtext_value">English devotional writer 1587–[]</p0826-teimww:description>
    <p0826-teimww:firstName knoraType="richtext_value">Anthony</p0826-teimww:firstName>
    <p0826-teimww:lastName knoraType="richtext_value">Stafford</p0826-teimww:lastName>
  </p0826-teimww:person>
  <p0826-teimww:person id="P01_64">
    <knoraXmlImport:label>person label</knoraXmlImport:label>
    <p0826-teimww:birthDate knoraType="date_value">GREGORIAN:1611</p0826-teimww:birthDate>
    <p0826-teimww:deathDate knoraType="date_value">GREGORIAN:1660</p0826-teimww:deathDate>
    <p0826-teimww:description knoraType="richtext_value">English poet</p0826-teimww:description>
    <p0826-teimww:firstName knoraType="richtext_value">Nathaniel</p0826-teimww:firstName>
    <p0826-teimww:lastName knoraType="richtext_value">Richards</p0826-teimww:lastName>
  </p0826-teimww:person>
  <p0826-teimww:person id="P01_65">
    <knoraXmlImport:label>person label</knoraXmlImport:label>
    <p0826-teimww:activeDate knoraType="date_value">GREGORIAN:1638</p0826-teimww:activeDate>
    <p0826-teimww:description knoraType="richtext_value">English writer ,  real name Richard E. Younge</p0826-teimww:description>
    <p0826-teimww:firstName knoraType="richtext_value">R.</p0826-teimww:firstName>
    <p0826-teimww:lastName knoraType="richtext_value">Junius</p0826-teimww:lastName>
  </p0826-teimww:person>
  <p0826-teimww:person id="P01_66">
    <knoraXmlImport:label>person label</knoraXmlImport:label>
    <p0826-teimww:activeDate knoraType="date_value">GREGORIAN:1640</p0826-teimww:activeDate>
    <p0826-teimww:description knoraType="richtext_value">English dramatist</p0826-teimww:description>
    <p0826-teimww:firstName knoraType="richtext_value">Samuel</p0826-teimww:firstName>
    <p0826-teimww:lastName knoraType="richtext_value">Harding</p0826-teimww:lastName>
  </p0826-teimww:person>
  <p0826-teimww:person id="P01_67">
    <knoraXmlImport:label>person label</knoraXmlImport:label>
    <p0826-teimww:birthDate knoraType="date_value">GREGORIAN:1609</p0826-teimww:birthDate>
    <p0826-teimww:deathDate knoraType="date_value">GREGORIAN:1642</p0826-teimww:deathDate>
    <p0826-teimww:description knoraType="richtext_value">English poet and dramatist</p0826-teimww:description>
    <p0826-teimww:firstName knoraType="richtext_value">John</p0826-teimww:firstName>
    <p0826-teimww:lastName knoraType="richtext_value">Suckling</p0826-teimww:lastName>
  </p0826-teimww:person>
  <p0826-teimww:person id="P01_68">
    <knoraXmlImport:label>person label</knoraXmlImport:label>
    <p0826-teimww:activeDate knoraType="date_value">GREGORIAN:1639</p0826-teimww:activeDate>
    <p0826-teimww:description knoraType="richtext_value">British poet and dramatist</p0826-teimww:description>
    <p0826-teimww:firstName knoraType="richtext_value">Henry</p0826-teimww:firstName>
    <p0826-teimww:lastName knoraType="richtext_value">Glapthorne</p0826-teimww:lastName>
  </p0826-teimww:person>
  <p0826-teimww:person id="P01_69">
    <knoraXmlImport:label>person label</knoraXmlImport:label>
    <p0826-teimww:firstName knoraType="richtext_value">Thomas</p0826-teimww:firstName>
    <p0826-teimww:lastName knoraType="richtext_value">Killigrew</p0826-teimww:lastName>
  </p0826-teimww:person>
  <p0826-teimww:person id="P01_70">
    <knoraXmlImport:label>person label</knoraXmlImport:label>
    <p0826-teimww:activeDate knoraType="date_value">GREGORIAN:1650:1652</p0826-teimww:activeDate>
    <p0826-teimww:description knoraType="richtext_value">Anglo-Italian dramatist</p0826-teimww:description>
    <p0826-teimww:firstName knoraType="richtext_value">Cosmo</p0826-teimww:firstName>
    <p0826-teimww:lastName knoraType="richtext_value">Manuche</p0826-teimww:lastName>
  </p0826-teimww:person>
  <p0826-teimww:person id="P01_71">
    <knoraXmlImport:label>person label</knoraXmlImport:label>
    <p0826-teimww:activeDate knoraType="date_value">GREGORIAN:1655</p0826-teimww:activeDate>
    <p0826-teimww:description knoraType="richtext_value">English (?) dramatist</p0826-teimww:description>
    <p0826-teimww:firstName knoraType="richtext_value">Richard</p0826-teimww:firstName>
    <p0826-teimww:lastName knoraType="richtext_value">Faber</p0826-teimww:lastName>
  </p0826-teimww:person>
  <p0826-teimww:person id="P01_72">
    <knoraXmlImport:label>person label</knoraXmlImport:label>
    <p0826-teimww:birthDate knoraType="date_value">GREGORIAN:1631</p0826-teimww:birthDate>
    <p0826-teimww:deathDate knoraType="date_value">GREGORIAN:1664</p0826-teimww:deathDate>
    <p0826-teimww:description knoraType="richtext_value">Welsh poet.</p0826-teimww:description>
    <p0826-teimww:firstName knoraType="richtext_value">Katherine</p0826-teimww:firstName>
    <p0826-teimww:lastName knoraType="richtext_value">Philips</p0826-teimww:lastName>
  </p0826-teimww:person>
  <p0826-teimww:person id="P01_73">
    <knoraXmlImport:label>person label</knoraXmlImport:label>
    <p0826-teimww:birthDate knoraType="date_value">GREGORIAN:1631</p0826-teimww:birthDate>
    <p0826-teimww:deathDate knoraType="date_value">GREGORIAN:1700</p0826-teimww:deathDate>
    <p0826-teimww:description knoraType="richtext_value">English poet</p0826-teimww:description>
    <p0826-teimww:firstName knoraType="richtext_value">John</p0826-teimww:firstName>
    <p0826-teimww:lastName knoraType="richtext_value">Dryden</p0826-teimww:lastName>
  </p0826-teimww:person>
  <p0826-teimww:person id="P01_74">
    <knoraXmlImport:label>person label</knoraXmlImport:label>
    <p0826-teimww:birthDate knoraType="date_value">GREGORIAN:1625</p0826-teimww:birthDate>
    <p0826-teimww:deathDate knoraType="date_value">GREGORIAN:1711</p0826-teimww:deathDate>
    <p0826-teimww:description knoraType="richtext_value">English dramatist</p0826-teimww:description>
    <p0826-teimww:firstName knoraType="richtext_value">John</p0826-teimww:firstName>
    <p0826-teimww:lastName knoraType="richtext_value">Caryll</p0826-teimww:lastName>
  </p0826-teimww:person>
  <p0826-teimww:person id="P01_75">
    <knoraXmlImport:label>person label</knoraXmlImport:label>
    <p0826-teimww:birthDate knoraType="date_value">GREGORIAN:1613:1618</p0826-teimww:birthDate>
    <p0826-teimww:deathDate knoraType="date_value">GREGORIAN:1681</p0826-teimww:deathDate>
    <p0826-teimww:description knoraType="richtext_value">English dramatist</p0826-teimww:description>
    <p0826-teimww:firstName knoraType="richtext_value">John</p0826-teimww:firstName>
    <p0826-teimww:lastName knoraType="richtext_value">Lacy</p0826-teimww:lastName>
  </p0826-teimww:person>
  <p0826-teimww:person id="P01_76">
    <knoraXmlImport:label>person label</knoraXmlImport:label>
    <p0826-teimww:birthDate knoraType="date_value">GREGORIAN:1640</p0826-teimww:birthDate>
    <p0826-teimww:deathDate knoraType="date_value">GREGORIAN:1689</p0826-teimww:deathDate>
    <p0826-teimww:description knoraType="richtext_value">English dramatist and novelist</p0826-teimww:description>
    <p0826-teimww:firstName knoraType="richtext_value">Aphra</p0826-teimww:firstName>
    <p0826-teimww:lastName knoraType="richtext_value">Behn</p0826-teimww:lastName>
  </p0826-teimww:person>
  <p0826-teimww:person id="P01_77">
    <knoraXmlImport:label>person label</knoraXmlImport:label>
    <p0826-teimww:birthDate knoraType="date_value">GREGORIAN:1672</p0826-teimww:birthDate>
    <p0826-teimww:deathDate knoraType="date_value">GREGORIAN:1710</p0826-teimww:deathDate>
    <p0826-teimww:description knoraType="richtext_value">English dramatist</p0826-teimww:description>
    <p0826-teimww:firstName knoraType="richtext_value">Henry Neville</p0826-teimww:firstName>
    <p0826-teimww:lastName knoraType="richtext_value">Payne</p0826-teimww:lastName>
  </p0826-teimww:person>
  <p0826-teimww:person id="P01_78">
    <knoraXmlImport:label>person label</knoraXmlImport:label>
    <p0826-teimww:birthDate knoraType="date_value">GREGORIAN:1652:1654</p0826-teimww:birthDate>
    <p0826-teimww:deathDate knoraType="date_value">GREGORIAN:1707</p0826-teimww:deathDate>
    <p0826-teimww:description knoraType="richtext_value">British dramatist</p0826-teimww:description>
    <p0826-teimww:firstName knoraType="richtext_value">Edward</p0826-teimww:firstName>
    <p0826-teimww:lastName knoraType="richtext_value">Ravenscroft</p0826-teimww:lastName>
  </p0826-teimww:person>
  <p0826-teimww:person id="P01_79">
    <knoraXmlImport:label>person label</knoraXmlImport:label>
    <p0826-teimww:firstName knoraType="richtext_value">William Cavendish, Duke of</p0826-teimww:firstName>
    <p0826-teimww:lastName knoraType="richtext_value">Newcastle</p0826-teimww:lastName>
  </p0826-teimww:person>
  <p0826-teimww:person id="P01_80">
    <knoraXmlImport:label>person label</knoraXmlImport:label>
    <p0826-teimww:deathDate knoraType="date_value">GREGORIAN:1702</p0826-teimww:deathDate>
    <p0826-teimww:description knoraType="richtext_value">English (?) dramatist</p0826-teimww:description>
    <p0826-teimww:firstName knoraType="richtext_value">John</p0826-teimww:firstName>
    <p0826-teimww:lastName knoraType="richtext_value">Banks</p0826-teimww:lastName>
  </p0826-teimww:person>
  <p0826-teimww:person id="P01_81">
    <knoraXmlImport:label>person label</knoraXmlImport:label>
    <p0826-teimww:birthDate knoraType="date_value">GREGORIAN:1652</p0826-teimww:birthDate>
    <p0826-teimww:deathDate knoraType="date_value">GREGORIAN:1685</p0826-teimww:deathDate>
    <p0826-teimww:description knoraType="richtext_value">English dramatist</p0826-teimww:description>
    <p0826-teimww:firstName knoraType="richtext_value">Thomas</p0826-teimww:firstName>
    <p0826-teimww:lastName knoraType="richtext_value">Otway</p0826-teimww:lastName>
  </p0826-teimww:person>
  <p0826-teimww:person id="P01_82">
    <knoraXmlImport:label>person label</knoraXmlImport:label>
    <p0826-teimww:birthDate knoraType="date_value">GREGORIAN:1652:1654</p0826-teimww:birthDate>
    <p0826-teimww:deathDate knoraType="date_value">GREGORIAN:1692</p0826-teimww:deathDate>
    <p0826-teimww:description knoraType="richtext_value">English dramatist</p0826-teimww:description>
    <p0826-teimww:firstName knoraType="richtext_value">Nathaniel</p0826-teimww:firstName>
    <p0826-teimww:lastName knoraType="richtext_value">Lee</p0826-teimww:lastName>
  </p0826-teimww:person>
  <p0826-teimww:person id="P01_83">
    <knoraXmlImport:label>person label</knoraXmlImport:label>
    <p0826-teimww:birthDate knoraType="date_value">GREGORIAN:1660</p0826-teimww:birthDate>
    <p0826-teimww:deathDate knoraType="date_value">GREGORIAN:1746</p0826-teimww:deathDate>
    <p0826-teimww:description knoraType="richtext_value">Irish dramatist</p0826-teimww:description>
    <p0826-teimww:firstName knoraType="richtext_value">Thomas</p0826-teimww:firstName>
    <p0826-teimww:lastName knoraType="richtext_value">Southerne</p0826-teimww:lastName>
  </p0826-teimww:person>
  <p0826-teimww:person id="P01_84">
    <knoraXmlImport:label>person label</knoraXmlImport:label>
    <p0826-teimww:birthDate knoraType="date_value">GREGORIAN:1652</p0826-teimww:birthDate>
    <p0826-teimww:deathDate knoraType="date_value">GREGORIAN:1715</p0826-teimww:deathDate>
    <p0826-teimww:description knoraType="richtext_value">Irish poet and dramatist</p0826-teimww:description>
    <p0826-teimww:firstName knoraType="richtext_value">Nahum</p0826-teimww:firstName>
    <p0826-teimww:lastName knoraType="richtext_value">Tate</p0826-teimww:lastName>
  </p0826-teimww:person>
  <p0826-teimww:person id="P01_85">
    <knoraXmlImport:label>person label</knoraXmlImport:label>
    <p0826-teimww:birthDate knoraType="date_value">GREGORIAN:1628</p0826-teimww:birthDate>
    <p0826-teimww:deathDate knoraType="date_value">GREGORIAN:1687</p0826-teimww:deathDate>
    <p0826-teimww:description knoraType="richtext_value">English dramatist</p0826-teimww:description>
    <p0826-teimww:firstName knoraType="richtext_value">George Villiers, Duke of</p0826-teimww:firstName>
    <p0826-teimww:lastName knoraType="richtext_value">Buckingham</p0826-teimww:lastName>
  </p0826-teimww:person>
</knoraXmlImport:resources>
